<?xml version="1.0" encoding="UTF-8"?>
<testsuite xmlns:xsi="http://www.w3.org/2001/XMLSchema-instance" xsi:noNamespaceSchemaLocation="https://maven.apache.org/surefire/maven-surefire-plugin/xsd/surefire-test-report-3.0.xsd" version="3.0" name="org.apache.hadoop.hdds.scm.pipeline.TestRatisPipelineCreateAndDestroy" time="237.112" tests="3" errors="1" skipped="0" failures="0">
  <properties>
    <property name="awt.toolkit" value="sun.awt.X11.XToolkit"/>
    <property name="file.encoding.pkg" value="sun.io"/>
    <property name="java.specification.version" value="1.8"/>
    <property name="sun.cpu.isalist" value=""/>
    <property name="sun.jnu.encoding" value="UTF-8"/>
    <property name="gradle.enterprise.listener.surefire.forkId" value="1"/>
    <property name="java.class.path" value="/home/runner/work/ozone/ozone/hadoop-ozone/integration-test/target/test-classes:/home/runner/work/ozone/ozone/hadoop-ozone/integration-test/target/classes:/home/runner/.m2/repository/org/apache/ozone/ozone-common/1.4.0-SNAPSHOT/ozone-common-1.4.0-SNAPSHOT.jar:/home/runner/.m2/repository/io/grpc/grpc-netty/1.58.0/grpc-netty-1.58.0.jar:/home/runner/.m2/repository/io/grpc/grpc-core/1.58.0/grpc-core-1.58.0.jar:/home/runner/.m2/repository/com/google/android/annotations/4.1.1.4/annotations-4.1.1.4.jar:/home/runner/.m2/repository/org/codehaus/mojo/animal-sniffer-annotations/1.23/animal-sniffer-annotations-1.23.jar:/home/runner/.m2/repository/io/grpc/grpc-context/1.58.0/grpc-context-1.58.0.jar:/home/runner/.m2/repository/io/grpc/grpc-util/1.58.0/grpc-util-1.58.0.jar:/home/runner/.m2/repository/com/google/errorprone/error_prone_annotations/2.2.0/error_prone_annotations-2.2.0.jar:/home/runner/.m2/repository/io/perfmark/perfmark-api/0.26.0/perfmark-api-0.26.0.jar:/home/runner/.m2/repository/io/netty/netty-codec-http2/4.1.100.Final/netty-codec-http2-4.1.100.Final.jar:/home/runner/.m2/repository/io/netty/netty-common/4.1.100.Final/netty-common-4.1.100.Final.jar:/home/runner/.m2/repository/io/netty/netty-buffer/4.1.100.Final/netty-buffer-4.1.100.Final.jar:/home/runner/.m2/repository/io/netty/netty-codec-http/4.1.100.Final/netty-codec-http-4.1.100.Final.jar:/home/runner/.m2/repository/io/netty/netty-handler-proxy/4.1.100.Final/netty-handler-proxy-4.1.100.Final.jar:/home/runner/.m2/repository/io/netty/netty-codec-socks/4.1.100.Final/netty-codec-socks-4.1.100.Final.jar:/home/runner/.m2/repository/io/netty/netty-tcnative-boringssl-static/2.0.61.Final/netty-tcnative-boringssl-static-2.0.61.Final.jar:/home/runner/.m2/repository/io/netty/netty-tcnative-classes/2.0.61.Final/netty-tcnative-classes-2.0.61.Final.jar:/home/runner/.m2/repository/io/netty/netty-tcnative-boringssl-static/2.0.61.Final/netty-tcnative-boringssl-static-2.0.61.Final-linux-x86_64.jar:/home/runner/.m2/repository/io/netty/netty-tcnative-boringssl-static/2.0.61.Final/netty-tcnative-boringssl-static-2.0.61.Final-linux-aarch_64.jar:/home/runner/.m2/repository/io/netty/netty-tcnative-boringssl-static/2.0.61.Final/netty-tcnative-boringssl-static-2.0.61.Final-osx-x86_64.jar:/home/runner/.m2/repository/io/netty/netty-tcnative-boringssl-static/2.0.61.Final/netty-tcnative-boringssl-static-2.0.61.Final-osx-aarch_64.jar:/home/runner/.m2/repository/io/netty/netty-tcnative-boringssl-static/2.0.61.Final/netty-tcnative-boringssl-static-2.0.61.Final-windows-x86_64.jar:/home/runner/.m2/repository/org/apache/commons/commons-compress/1.21/commons-compress-1.21.jar:/home/runner/.m2/repository/org/apache/ozone/hdds-common/1.4.0-SNAPSHOT/hdds-common-1.4.0-SNAPSHOT.jar:/home/runner/.m2/repository/org/apache/ozone/hdds-client/1.4.0-SNAPSHOT/hdds-client-1.4.0-SNAPSHOT.jar:/home/runner/.m2/repository/org/apache/ozone/ozone-interface-client/1.4.0-SNAPSHOT/ozone-interface-client-1.4.0-SNAPSHOT.jar:/home/runner/.m2/repository/org/apache/hadoop/hadoop-hdfs-client/3.3.6/hadoop-hdfs-client-3.3.6.jar:/home/runner/.m2/repository/com/squareup/okhttp3/okhttp/4.9.3/okhttp-4.9.3.jar:/home/runner/.m2/repository/com/squareup/okio/okio/3.4.0/okio-3.4.0.jar:/home/runner/.m2/repository/com/squareup/okio/okio-jvm/3.4.0/okio-jvm-3.4.0.jar:/home/runner/.m2/repository/org/jetbrains/kotlin/kotlin-stdlib-jdk8/1.8.0/kotlin-stdlib-jdk8-1.8.0.jar:/home/runner/.m2/repository/org/jetbrains/kotlin/kotlin-stdlib-jdk7/1.8.0/kotlin-stdlib-jdk7-1.8.0.jar:/home/runner/.m2/repository/org/jetbrains/kotlin/kotlin-stdlib-common/1.6.21/kotlin-stdlib-common-1.6.21.jar:/home/runner/.m2/repository/org/apache/ozone/hdds-test-utils/1.4.0-SNAPSHOT/hdds-test-utils-1.4.0-SNAPSHOT.jar:/home/runner/.m2/repository/com/google/guava/guava/32.0.0-jre/guava-32.0.0-jre.jar:/home/runner/.m2/repository/com/google/guava/failureaccess/1.0.1/failureaccess-1.0.1.jar:/home/runner/.m2/repository/com/google/guava/listenablefuture/9999.0-empty-to-avoid-conflict-with-guava/listenablefuture-9999.0-empty-to-avoid-conflict-with-guava.jar:/home/runner/.m2/repository/com/google/code/findbugs/jsr305/3.0.0/jsr305-3.0.0.jar:/home/runner/.m2/repository/org/checkerframework/checker-qual/3.33.0/checker-qual-3.33.0.jar:/home/runner/.m2/repository/com/google/j2objc/j2objc-annotations/2.8/j2objc-annotations-2.8.jar:/home/runner/.m2/repository/commons-io/commons-io/2.11.0/commons-io-2.11.0.jar:/home/runner/.m2/repository/commons-logging/commons-logging/1.2/commons-logging-1.2.jar:/home/runner/.m2/repository/ch/qos/reload4j/reload4j/1.2.22/reload4j-1.2.22.jar:/home/runner/.m2/repository/org/slf4j/slf4j-api/1.7.36/slf4j-api-1.7.36.jar:/home/runner/.m2/repository/org/apache/logging/log4j/log4j-api/2.17.1/log4j-api-2.17.1.jar:/home/runner/.m2/repository/org/apache/ozone/hdds-server-scm/1.4.0-SNAPSHOT/hdds-server-scm-1.4.0-SNAPSHOT.jar:/home/runner/.m2/repository/org/apache/ozone/hdds-container-service/1.4.0-SNAPSHOT/hdds-container-service-1.4.0-SNAPSHOT.jar:/home/runner/.m2/repository/org/apache/ozone/hdds-hadoop-dependency-server/1.4.0-SNAPSHOT/hdds-hadoop-dependency-server-1.4.0-SNAPSHOT.jar:/home/runner/.m2/repository/org/apache/hadoop/hadoop-hdfs/3.3.6/hadoop-hdfs-3.3.6.jar:/home/runner/.m2/repository/commons-daemon/commons-daemon/1.0.13/commons-daemon-1.0.13.jar:/home/runner/.m2/repository/org/apache/ozone/hdds-server-framework/1.4.0-SNAPSHOT/hdds-server-framework-1.4.0-SNAPSHOT.jar:/home/runner/.m2/repository/io/dropwizard/metrics/metrics-core/3.2.4/metrics-core-3.2.4.jar:/home/runner/.m2/repository/org/apache/commons/commons-text/1.10.0/commons-text-1.10.0.jar:/home/runner/.m2/repository/org/bouncycastle/bcprov-jdk15on/1.67/bcprov-jdk15on-1.67.jar:/home/runner/.m2/repository/com/google/protobuf/protobuf-java/2.5.0/protobuf-java-2.5.0.jar:/home/runner/.m2/repository/org/apache/ozone/hdds-server-framework/1.4.0-SNAPSHOT/hdds-server-framework-1.4.0-SNAPSHOT-tests.jar:/home/runner/.m2/repository/org/apache/ozone/hdds-interface-server/1.4.0-SNAPSHOT/hdds-interface-server-1.4.0-SNAPSHOT.jar:/home/runner/.m2/repository/org/apache/ozone/hdds-interface-admin/1.4.0-SNAPSHOT/hdds-interface-admin-1.4.0-SNAPSHOT.jar:/home/runner/.m2/repository/org/apache/ozone/hdds-managed-rocksdb/1.4.0-SNAPSHOT/hdds-managed-rocksdb-1.4.0-SNAPSHOT.jar:/home/runner/.m2/repository/org/rocksdb/rocksdbjni/7.7.3/rocksdbjni-7.7.3.jar:/home/runner/.m2/repository/org/slf4j/slf4j-reload4j/1.7.36/slf4j-reload4j-1.7.36.jar:/home/runner/.m2/repository/org/apache/commons/commons-configuration2/2.1.1/commons-configuration2-2.1.1.jar:/home/runner/.m2/repository/commons-fileupload/commons-fileupload/1.5/commons-fileupload-1.5.jar:/home/runner/.m2/repository/org/apache/logging/log4j/log4j-core/2.17.1/log4j-core-2.17.1.jar:/home/runner/.m2/repository/com/lmax/disruptor/3.4.2/disruptor-3.4.2.jar:/home/runner/.m2/repository/org/eclipse/jetty/jetty-util/9.4.53.v20231009/jetty-util-9.4.53.v20231009.jar:/home/runner/.m2/repository/org/eclipse/jetty/jetty-server/9.4.53.v20231009/jetty-server-9.4.53.v20231009.jar:/home/runner/.m2/repository/org/eclipse/jetty/jetty-http/9.4.53.v20231009/jetty-http-9.4.53.v20231009.jar:/home/runner/.m2/repository/org/eclipse/jetty/jetty-io/9.4.53.v20231009/jetty-io-9.4.53.v20231009.jar:/home/runner/.m2/repository/org/eclipse/jetty/jetty-servlet/9.4.53.v20231009/jetty-servlet-9.4.53.v20231009.jar:/home/runner/.m2/repository/org/eclipse/jetty/jetty-security/9.4.53.v20231009/jetty-security-9.4.53.v20231009.jar:/home/runner/.m2/repository/org/eclipse/jetty/jetty-util-ajax/9.4.53.v20231009/jetty-util-ajax-9.4.53.v20231009.jar:/home/runner/.m2/repository/org/eclipse/jetty/jetty-webapp/9.4.53.v20231009/jetty-webapp-9.4.53.v20231009.jar:/home/runner/.m2/repository/org/eclipse/jetty/jetty-xml/9.4.53.v20231009/jetty-xml-9.4.53.v20231009.jar:/home/runner/.m2/repository/org/apache/ratis/ratis-server/3.0.0/ratis-server-3.0.0.jar:/home/runner/.m2/repository/org/apache/ratis/ratis-thirdparty-misc/1.0.5/ratis-thirdparty-misc-1.0.5.jar:/home/runner/.m2/repository/org/apache/ratis/ratis-proto/3.0.0/ratis-proto-3.0.0.jar:/home/runner/.m2/repository/org/apache/ratis/ratis-common/3.0.0/ratis-common-3.0.0.jar:/home/runner/.m2/repository/org/apache/ratis/ratis-client/3.0.0/ratis-client-3.0.0.jar:/home/runner/.m2/repository/org/apache/ratis/ratis-server-api/3.0.0/ratis-server-api-3.0.0.jar:/home/runner/.m2/repository/org/apache/ratis/ratis-metrics-api/3.0.0/ratis-metrics-api-3.0.0.jar:/home/runner/.m2/repository/org/apache/ratis/ratis-metrics-dropwizard3/3.0.0/ratis-metrics-dropwizard3-3.0.0.jar:/home/runner/.m2/repository/io/prometheus/simpleclient_dropwizard/0.7.0/simpleclient_dropwizard-0.7.0.jar:/home/runner/.m2/repository/io/prometheus/simpleclient/0.7.0/simpleclient-0.7.0.jar:/home/runner/.m2/repository/io/prometheus/simpleclient_common/0.7.0/simpleclient_common-0.7.0.jar:/home/runner/.m2/repository/com/fasterxml/jackson/datatype/jackson-datatype-jsr310/2.13.4/jackson-datatype-jsr310-2.13.4.jar:/home/runner/.m2/repository/com/fasterxml/jackson/core/jackson-core/2.13.4/jackson-core-2.13.4.jar:/home/runner/.m2/repository/org/apache/ozone/rocksdb-checkpoint-differ/1.4.0-SNAPSHOT/rocksdb-checkpoint-differ-1.4.0-SNAPSHOT.jar:/home/runner/.m2/repository/org/jgrapht/jgrapht-core/1.0.1/jgrapht-core-1.0.1.jar:/home/runner/.m2/repository/org/jgrapht/jgrapht-ext/1.0.1/jgrapht-ext-1.0.1.jar:/home/runner/.m2/repository/org/tinyjee/jgraphx/jgraphx/2.0.0.1/jgraphx-2.0.0.1.jar:/home/runner/.m2/repository/jgraph/jgraph/5.13.0.0/jgraph-5.13.0.0.jar:/home/runner/.m2/repository/org/antlr/antlr4-runtime/4.5.3/antlr4-runtime-4.5.3.jar:/home/runner/.m2/repository/org/awaitility/awaitility/4.2.0/awaitility-4.2.0.jar:/home/runner/.m2/repository/org/hamcrest/hamcrest/2.1/hamcrest-2.1.jar:/home/runner/.m2/repository/org/apache/ozone/ozone-manager/1.4.0-SNAPSHOT/ozone-manager-1.4.0-SNAPSHOT.jar:/home/runner/.m2/repository/org/aspectj/aspectjrt/1.9.7/aspectjrt-1.9.7.jar:/home/runner/.m2/repository/org/aspectj/aspectjweaver/1.9.7/aspectjweaver-1.9.7.jar:/home/runner/.m2/repository/org/apache/ozone/hdds-interface-client/1.4.0-SNAPSHOT/hdds-interface-client-1.4.0-SNAPSHOT.jar:/home/runner/.m2/repository/org/apache/hadoop/thirdparty/hadoop-shaded-protobuf_3_7/1.1.1/hadoop-shaded-protobuf_3_7-1.1.1.jar:/home/runner/.m2/repository/org/apache/ozone/ozone-interface-storage/1.4.0-SNAPSHOT/ozone-interface-storage-1.4.0-SNAPSHOT.jar:/home/runner/.m2/repository/org/reflections/reflections/0.9.11/reflections-0.9.11.jar:/home/runner/.m2/repository/com/sun/jersey/jersey-client/1.19.4/jersey-client-1.19.4.jar:/home/runner/.m2/repository/org/codehaus/jackson/jackson-core-asl/1.9.13/jackson-core-asl-1.9.13.jar:/home/runner/.m2/repository/org/codehaus/jackson/jackson-mapper-asl/1.9.13/jackson-mapper-asl-1.9.13.jar:/home/runner/.m2/repository/org/codehaus/jackson/jackson-jaxrs/1.9.13/jackson-jaxrs-1.9.13.jar:/home/runner/.m2/repository/org/apache/ranger/ranger-intg/2.3.0/ranger-intg-2.3.0.jar:/home/runner/.m2/repository/org/apache/ranger/ranger-plugins-common/2.3.0/ranger-plugins-common-2.3.0.jar:/home/runner/.m2/repository/commons-lang/commons-lang/2.6/commons-lang-2.6.jar:/home/runner/.m2/repository/org/apache/ranger/ranger-plugins-cred/2.3.0/ranger-plugins-cred-2.3.0.jar:/home/runner/.m2/repository/org/apache/ranger/ranger-plugins-audit/2.3.0/ranger-plugins-audit-2.3.0.jar:/home/runner/.m2/repository/org/eclipse/jetty/jetty-client/9.4.53.v20231009/jetty-client-9.4.53.v20231009.jar:/home/runner/.m2/repository/org/apache/httpcomponents/httpmime/4.5.6/httpmime-4.5.6.jar:/home/runner/.m2/repository/org/apache/httpcomponents/httpcore-nio/4.4.16/httpcore-nio-4.4.16.jar:/home/runner/.m2/repository/org/apache/httpcomponents/httpasyncclient/4.1.3/httpasyncclient-4.1.3.jar:/home/runner/.m2/repository/com/carrotsearch/hppc/0.8.0/hppc-0.8.0.jar:/home/runner/.m2/repository/org/apache/orc/orc-core/1.5.8/orc-core-1.5.8.jar:/home/runner/.m2/repository/net/java/dev/jna/jna/5.2.0/jna-5.2.0.jar:/home/runner/.m2/repository/net/java/dev/jna/jna-platform/5.2.0/jna-platform-5.2.0.jar:/home/runner/.m2/repository/com/kstruct/gethostname4j/0.0.2/gethostname4j-0.0.2.jar:/home/runner/.m2/repository/org/apache/ranger/ranger-plugin-classloader/2.3.0/ranger-plugin-classloader-2.3.0.jar:/home/runner/.m2/repository/org/apache/ozone/hdds-rocks-native/1.4.0-SNAPSHOT/hdds-rocks-native-1.4.0-SNAPSHOT.jar:/home/runner/.m2/repository/org/apache/hadoop/hadoop-minikdc/3.3.6/hadoop-minikdc-3.3.6.jar:/home/runner/.m2/repository/org/apache/kerby/kerb-simplekdc/1.0.1/kerb-simplekdc-1.0.1.jar:/home/runner/.m2/repository/org/apache/kerby/kerb-client/1.0.1/kerb-client-1.0.1.jar:/home/runner/.m2/repository/org/apache/kerby/kerby-config/1.0.1/kerby-config-1.0.1.jar:/home/runner/.m2/repository/org/apache/kerby/kerb-common/1.0.1/kerb-common-1.0.1.jar:/home/runner/.m2/repository/org/apache/kerby/kerb-crypto/1.0.1/kerb-crypto-1.0.1.jar:/home/runner/.m2/repository/org/apache/kerby/kerb-util/1.0.1/kerb-util-1.0.1.jar:/home/runner/.m2/repository/org/apache/kerby/token-provider/1.0.1/token-provider-1.0.1.jar:/home/runner/.m2/repository/org/apache/kerby/kerb-admin/1.0.1/kerb-admin-1.0.1.jar:/home/runner/.m2/repository/org/apache/kerby/kerb-server/1.0.1/kerb-server-1.0.1.jar:/home/runner/.m2/repository/org/apache/kerby/kerb-identity/1.0.1/kerb-identity-1.0.1.jar:/home/runner/.m2/repository/org/apache/kerby/kerby-xdr/1.0.1/kerby-xdr-1.0.1.jar:/home/runner/.m2/repository/org/apache/ozone/ozone-s3gateway/1.4.0-SNAPSHOT/ozone-s3gateway-1.4.0-SNAPSHOT.jar:/home/runner/.m2/repository/org/javassist/javassist/3.21.0-GA/javassist-3.21.0-GA.jar:/home/runner/.m2/repository/org/jboss/weld/servlet/weld-servlet-shaded/3.1.9.Final/weld-servlet-shaded-3.1.9.Final.jar:/home/runner/.m2/repository/org/glassfish/jersey/containers/jersey-container-servlet-core/2.41/jersey-container-servlet-core-2.41.jar:/home/runner/.m2/repository/org/glassfish/hk2/external/jakarta.inject/2.6.1/jakarta.inject-2.6.1.jar:/home/runner/.m2/repository/org/glassfish/jersey/core/jersey-common/2.41/jersey-common-2.41.jar:/home/runner/.m2/repository/jakarta/ws/rs/jakarta.ws.rs-api/2.1.6/jakarta.ws.rs-api-2.1.6.jar:/home/runner/.m2/repository/org/glassfish/jersey/ext/cdi/jersey-cdi1x/2.41/jersey-cdi1x-2.41.jar:/home/runner/.m2/repository/org/glassfish/jersey/inject/jersey-hk2/2.41/jersey-hk2-2.41.jar:/home/runner/.m2/repository/org/glassfish/hk2/hk2-locator/2.6.1/hk2-locator-2.6.1.jar:/home/runner/.m2/repository/org/glassfish/jersey/media/jersey-media-jaxb/2.41/jersey-media-jaxb-2.41.jar:/home/runner/.m2/repository/org/glassfish/hk2/osgi-resource-locator/1.0.3/osgi-resource-locator-1.0.3.jar:/home/runner/.m2/repository/org/glassfish/hk2/hk2-api/2.5.0/hk2-api-2.5.0.jar:/home/runner/.m2/repository/org/glassfish/hk2/hk2-utils/2.5.0/hk2-utils-2.5.0.jar:/home/runner/.m2/repository/org/glassfish/hk2/external/aopalliance-repackaged/2.5.0/aopalliance-repackaged-2.5.0.jar:/home/runner/.m2/repository/com/fasterxml/jackson/dataformat/jackson-dataformat-xml/2.13.4/jackson-dataformat-xml-2.13.4.jar:/home/runner/.m2/repository/org/codehaus/woodstox/stax2-api/4.2.1/stax2-api-4.2.1.jar:/home/runner/.m2/repository/com/fasterxml/woodstox/woodstox-core/5.4.0/woodstox-core-5.4.0.jar:/home/runner/.m2/repository/com/fasterxml/jackson/module/jackson-module-jaxb-annotations/2.13.4/jackson-module-jaxb-annotations-2.13.4.jar:/home/runner/.m2/repository/jakarta/xml/bind/jakarta.xml.bind-api/2.3.3/jakarta.xml.bind-api-2.3.3.jar:/home/runner/.m2/repository/jakarta/activation/jakarta.activation-api/1.2.2/jakarta.activation-api-1.2.2.jar:/home/runner/.m2/repository/javax/enterprise/cdi-api/2.0/cdi-api-2.0.jar:/home/runner/.m2/repository/javax/el/javax.el-api/3.0.0/javax.el-api-3.0.0.jar:/home/runner/.m2/repository/javax/interceptor/javax.interceptor-api/1.2/javax.interceptor-api-1.2.jar:/home/runner/.m2/repository/javax/inject/javax.inject/1/javax.inject-1.jar:/home/runner/.m2/repository/javax/xml/bind/jaxb-api/2.3.0/jaxb-api-2.3.0.jar:/home/runner/.m2/repository/org/glassfish/jaxb/jaxb-runtime/2.3.0.1/jaxb-runtime-2.3.0.1.jar:/home/runner/.m2/repository/org/glassfish/jaxb/jaxb-core/2.3.0.1/jaxb-core-2.3.0.1.jar:/home/runner/.m2/repository/org/glassfish/jaxb/txw2/2.3.0.1/txw2-2.3.0.1.jar:/home/runner/.m2/repository/com/sun/istack/istack-commons-runtime/3.0.5/istack-commons-runtime-3.0.5.jar:/home/runner/.m2/repository/org/jvnet/staxex/stax-ex/1.7.8/stax-ex-1.7.8.jar:/home/runner/.m2/repository/com/sun/xml/fastinfoset/FastInfoset/1.2.13/FastInfoset-1.2.13.jar:/home/runner/.m2/repository/javax/activation/activation/1.1.1/activation-1.1.1.jar:/home/runner/.m2/repository/io/grpc/grpc-protobuf/1.58.0/grpc-protobuf-1.58.0.jar:/home/runner/.m2/repository/com/google/api/grpc/proto-google-common-protos/2.22.0/proto-google-common-protos-2.22.0.jar:/home/runner/.m2/repository/io/grpc/grpc-protobuf-lite/1.58.0/grpc-protobuf-lite-1.58.0.jar:/home/runner/.m2/repository/io/grpc/grpc-stub/1.58.0/grpc-stub-1.58.0.jar:/home/runner/.m2/repository/io/netty/netty-transport/4.1.100.Final/netty-transport-4.1.100.Final.jar:/home/runner/.m2/repository/io/netty/netty-resolver/4.1.100.Final/netty-resolver-4.1.100.Final.jar:/home/runner/.m2/repository/org/apache/ozone/ozone-csi/1.4.0-SNAPSHOT/ozone-csi-1.4.0-SNAPSHOT.jar:/home/runner/.m2/repository/com/google/protobuf/protobuf-java-util/3.19.6/protobuf-java-util-3.19.6.jar:/home/runner/.m2/repository/com/google/code/gson/gson/2.9.0/gson-2.9.0.jar:/home/runner/.m2/repository/org/apache/ozone/hdds-config/1.4.0-SNAPSHOT/hdds-config-1.4.0-SNAPSHOT.jar:/home/runner/.m2/repository/io/netty/netty-transport-native-epoll/4.1.100.Final/netty-transport-native-epoll-4.1.100.Final-linux-x86_64.jar:/home/runner/.m2/repository/io/netty/netty-transport-classes-epoll/4.1.100.Final/netty-transport-classes-epoll-4.1.100.Final.jar:/home/runner/.m2/repository/io/netty/netty-transport-native-unix-common/4.1.100.Final/netty-transport-native-unix-common-4.1.100.Final.jar:/home/runner/.m2/repository/org/apache/ozone/ozone-recon/1.4.0-SNAPSHOT/ozone-recon-1.4.0-SNAPSHOT.jar:/home/runner/.m2/repository/org/apache/ozone/ozone-reconcodegen/1.4.0-SNAPSHOT/ozone-reconcodegen-1.4.0-SNAPSHOT.jar:/home/runner/.m2/repository/com/google/inject/guice/5.1.0/guice-5.1.0.jar:/home/runner/.m2/repository/aopalliance/aopalliance/1.0/aopalliance-1.0.jar:/home/runner/.m2/repository/com/google/inject/extensions/guice-assistedinject/5.1.0/guice-assistedinject-5.1.0.jar:/home/runner/.m2/repository/com/google/inject/extensions/guice-servlet/5.1.0/guice-servlet-5.1.0.jar:/home/runner/.m2/repository/org/glassfish/jersey/containers/jersey-container-servlet/2.41/jersey-container-servlet-2.41.jar:/home/runner/.m2/repository/org/glassfish/hk2/guice-bridge/2.5.0/guice-bridge-2.5.0.jar:/home/runner/.m2/repository/org/glassfish/jersey/core/jersey-server/2.41/jersey-server-2.41.jar:/home/runner/.m2/repository/org/glassfish/jersey/core/jersey-client/2.41/jersey-client-2.41.jar:/home/runner/.m2/repository/jakarta/annotation/jakarta.annotation-api/1.3.5/jakarta.annotation-api-1.3.5.jar:/home/runner/.m2/repository/jakarta/validation/jakarta.validation-api/2.0.2/jakarta.validation-api-2.0.2.jar:/home/runner/.m2/repository/org/glassfish/jersey/media/jersey-media-json-jackson/2.41/jersey-media-json-jackson-2.41.jar:/home/runner/.m2/repository/org/glassfish/jersey/ext/jersey-entity-filtering/2.41/jersey-entity-filtering-2.41.jar:/home/runner/.m2/repository/org/jooq/jooq/3.11.10/jooq-3.11.10.jar:/home/runner/.m2/repository/org/jooq/jooq-meta/3.11.10/jooq-meta-3.11.10.jar:/home/runner/.m2/repository/org/jooq/jooq-codegen/3.11.10/jooq-codegen-3.11.10.jar:/home/runner/.m2/repository/com/jolbox/bonecp/0.8.0.RELEASE/bonecp-0.8.0.RELEASE.jar:/home/runner/.m2/repository/org/apache/derby/derby/10.14.2.0/derby-10.14.2.0.jar:/home/runner/.m2/repository/org/xerial/sqlite-jdbc/3.41.2.2/sqlite-jdbc-3.41.2.2.jar:/home/runner/.m2/repository/org/springframework/spring-jdbc/5.3.27/spring-jdbc-5.3.27.jar:/home/runner/.m2/repository/org/springframework/spring-beans/5.3.27/spring-beans-5.3.27.jar:/home/runner/.m2/repository/org/springframework/spring-core/5.3.27/spring-core-5.3.27.jar:/home/runner/.m2/repository/org/springframework/spring-tx/5.3.27/spring-tx-5.3.27.jar:/home/runner/.m2/repository/org/apache/ozone/ozone-client/1.4.0-SNAPSHOT/ozone-client-1.4.0-SNAPSHOT.jar:/home/runner/.m2/repository/org/apache/ozone/hdds-erasurecode/1.4.0-SNAPSHOT/hdds-erasurecode-1.4.0-SNAPSHOT.jar:/home/runner/.m2/repository/org/apache/ozone/ozone-filesystem/1.4.0-SNAPSHOT/ozone-filesystem-1.4.0-SNAPSHOT.jar:/home/runner/.m2/repository/org/apache/ozone/ozone-filesystem-common/1.4.0-SNAPSHOT/ozone-filesystem-common-1.4.0-SNAPSHOT.jar:/home/runner/.m2/repository/org/apache/ozone/ozone-tools/1.4.0-SNAPSHOT/ozone-tools-1.4.0-SNAPSHOT.jar:/home/runner/.m2/repository/com/amazonaws/aws-java-sdk-core/1.12.261/aws-java-sdk-core-1.12.261.jar:/home/runner/.m2/repository/org/apache/httpcomponents/httpclient/4.5.13/httpclient-4.5.13.jar:/home/runner/.m2/repository/org/apache/httpcomponents/httpcore/4.4.16/httpcore-4.4.16.jar:/home/runner/.m2/repository/software/amazon/ion/ion-java/1.0.2/ion-java-1.0.2.jar:/home/runner/.m2/repository/com/fasterxml/jackson/dataformat/jackson-dataformat-cbor/2.13.4/jackson-dataformat-cbor-2.13.4.jar:/home/runner/.m2/repository/joda-time/joda-time/2.12.5/joda-time-2.12.5.jar:/home/runner/.m2/repository/com/amazonaws/aws-java-sdk-s3/1.12.261/aws-java-sdk-s3-1.12.261.jar:/home/runner/.m2/repository/com/amazonaws/aws-java-sdk-kms/1.12.261/aws-java-sdk-kms-1.12.261.jar:/home/runner/.m2/repository/com/amazonaws/jmespath-java/1.12.261/jmespath-java-1.12.261.jar:/home/runner/.m2/repository/org/kohsuke/metainf-services/metainf-services/1.8/metainf-services-1.8.jar:/home/runner/.m2/repository/org/apache/ozone/hdds-tools/1.4.0-SNAPSHOT/hdds-tools-1.4.0-SNAPSHOT.jar:/home/runner/.m2/repository/org/apache/ratis/ratis-tools/3.0.0/ratis-tools-3.0.0.jar:/home/runner/.m2/repository/commons-cli/commons-cli/1.6.0/commons-cli-1.6.0.jar:/home/runner/.m2/repository/org/apache/commons/commons-lang3/3.7/commons-lang3-3.7.jar:/home/runner/.m2/repository/org/apache/ozone/ozone-manager/1.4.0-SNAPSHOT/ozone-manager-1.4.0-SNAPSHOT-tests.jar:/home/runner/.m2/repository/org/apache/ozone/hdds-common/1.4.0-SNAPSHOT/hdds-common-1.4.0-SNAPSHOT-tests.jar:/home/runner/.m2/repository/org/apache/ozone/hdds-hadoop-dependency-client/1.4.0-SNAPSHOT/hdds-hadoop-dependency-client-1.4.0-SNAPSHOT.jar:/home/runner/.m2/repository/info/picocli/picocli/4.7.5/picocli-4.7.5.jar:/home/runner/.m2/repository/com/fasterxml/jackson/core/jackson-annotations/2.13.4/jackson-annotations-2.13.4.jar:/home/runner/.m2/repository/org/apache/ozone/hdds-annotation-processing/1.4.0-SNAPSHOT/hdds-annotation-processing-1.4.0-SNAPSHOT.jar:/home/runner/.m2/repository/javax/annotation/javax.annotation-api/1.2/javax.annotation-api-1.2.jar:/home/runner/.m2/repository/org/apache/ratis/ratis-netty/3.0.0/ratis-netty-3.0.0.jar:/home/runner/.m2/repository/org/apache/ratis/ratis-grpc/3.0.0/ratis-grpc-3.0.0.jar:/home/runner/.m2/repository/org/apache/commons/commons-pool2/2.6.0/commons-pool2-2.6.0.jar:/home/runner/.m2/repository/org/bouncycastle/bcpkix-jdk15on/1.67/bcpkix-jdk15on-1.67.jar:/home/runner/.m2/repository/commons-validator/commons-validator/1.6/commons-validator-1.6.jar:/home/runner/.m2/repository/commons-beanutils/commons-beanutils/1.9.4/commons-beanutils-1.9.4.jar:/home/runner/.m2/repository/commons-digester/commons-digester/1.8.1/commons-digester-1.8.1.jar:/home/runner/.m2/repository/commons-collections/commons-collections/3.2.2/commons-collections-3.2.2.jar:/home/runner/.m2/repository/io/jaegertracing/jaeger-client/1.6.0/jaeger-client-1.6.0.jar:/home/runner/.m2/repository/io/jaegertracing/jaeger-thrift/1.6.0/jaeger-thrift-1.6.0.jar:/home/runner/.m2/repository/org/apache/thrift/libthrift/0.14.1/libthrift-0.14.1.jar:/home/runner/.m2/repository/io/jaegertracing/jaeger-core/1.6.0/jaeger-core-1.6.0.jar:/home/runner/.m2/repository/io/jaegertracing/jaeger-tracerresolver/1.6.0/jaeger-tracerresolver-1.6.0.jar:/home/runner/.m2/repository/io/opentracing/contrib/opentracing-tracerresolver/0.1.8/opentracing-tracerresolver-0.1.8.jar:/home/runner/.m2/repository/org/jetbrains/kotlin/kotlin-stdlib/1.6.21/kotlin-stdlib-1.6.21.jar:/home/runner/.m2/repository/org/jetbrains/annotations/13.0/annotations-13.0.jar:/home/runner/.m2/repository/io/opentracing/opentracing-util/0.33.0/opentracing-util-0.33.0.jar:/home/runner/.m2/repository/io/opentracing/opentracing-api/0.33.0/opentracing-api-0.33.0.jar:/home/runner/.m2/repository/io/opentracing/opentracing-noop/0.33.0/opentracing-noop-0.33.0.jar:/home/runner/.m2/repository/org/yaml/snakeyaml/2.0/snakeyaml-2.0.jar:/home/runner/.m2/repository/io/grpc/grpc-api/1.58.0/grpc-api-1.58.0.jar:/home/runner/.m2/repository/com/fasterxml/uuid/java-uuid-generator/4.3.0/java-uuid-generator-4.3.0.jar:/home/runner/.m2/repository/junit/junit/4.13.1/junit-4.13.1.jar:/home/runner/.m2/repository/org/hamcrest/hamcrest-core/1.3/hamcrest-core-1.3.jar:/home/runner/.m2/repository/org/junit/jupiter/junit-jupiter-api/5.8.2/junit-jupiter-api-5.8.2.jar:/home/runner/.m2/repository/org/opentest4j/opentest4j/1.2.0/opentest4j-1.2.0.jar:/home/runner/.m2/repository/org/junit/platform/junit-platform-commons/1.8.2/junit-platform-commons-1.8.2.jar:/home/runner/.m2/repository/org/apiguardian/apiguardian-api/1.1.2/apiguardian-api-1.1.2.jar:/home/runner/.m2/repository/org/junit/jupiter/junit-jupiter-params/5.8.2/junit-jupiter-params-5.8.2.jar:/home/runner/.m2/repository/org/junit/jupiter/junit-jupiter-migrationsupport/5.8.2/junit-jupiter-migrationsupport-5.8.2.jar:/home/runner/.m2/repository/org/junit/jupiter/junit-jupiter-engine/5.8.2/junit-jupiter-engine-5.8.2.jar:/home/runner/.m2/repository/org/junit/platform/junit-platform-engine/1.8.2/junit-platform-engine-1.8.2.jar:/home/runner/.m2/repository/org/junit/vintage/junit-vintage-engine/5.8.2/junit-vintage-engine-5.8.2.jar:/home/runner/.m2/repository/org/junit/platform/junit-platform-launcher/1.8.2/junit-platform-launcher-1.8.2.jar:/home/runner/.m2/repository/org/mockito/mockito-core/3.5.9/mockito-core-3.5.9.jar:/home/runner/.m2/repository/net/bytebuddy/byte-buddy/1.10.13/byte-buddy-1.10.13.jar:/home/runner/.m2/repository/net/bytebuddy/byte-buddy-agent/1.10.13/byte-buddy-agent-1.10.13.jar:/home/runner/.m2/repository/org/objenesis/objenesis/1.0/objenesis-1.0.jar:/home/runner/.m2/repository/org/apache/hadoop/hadoop-kms/3.3.6/hadoop-kms-3.3.6.jar:/home/runner/.m2/repository/org/apache/hadoop/hadoop-auth/3.3.6/hadoop-auth-3.3.6.jar:/home/runner/.m2/repository/com/nimbusds/nimbus-jose-jwt/9.8.1/nimbus-jose-jwt-9.8.1.jar:/home/runner/.m2/repository/com/github/stephenc/jcip/jcip-annotations/1.0-1/jcip-annotations-1.0-1.jar:/home/runner/.m2/repository/org/apache/zookeeper/zookeeper/3.7.2/zookeeper-3.7.2.jar:/home/runner/.m2/repository/org/apache/zookeeper/zookeeper-jute/3.7.2/zookeeper-jute-3.7.2.jar:/home/runner/.m2/repository/org/apache/yetus/audience-annotations/0.12.0/audience-annotations-0.12.0.jar:/home/runner/.m2/repository/org/apache/curator/curator-framework/4.2.0/curator-framework-4.2.0.jar:/home/runner/.m2/repository/org/apache/hadoop/thirdparty/hadoop-shaded-guava/1.1.1/hadoop-shaded-guava-1.1.1.jar:/home/runner/.m2/repository/com/sun/jersey/jersey-core/1.19.4/jersey-core-1.19.4.jar:/home/runner/.m2/repository/javax/ws/rs/jsr311-api/1.1.1/jsr311-api-1.1.1.jar:/home/runner/.m2/repository/com/sun/jersey/jersey-server/1.19.4/jersey-server-1.19.4.jar:/home/runner/.m2/repository/javax/servlet/javax.servlet-api/3.1.0/javax.servlet-api-3.1.0.jar:/home/runner/.m2/repository/org/apache/hadoop/hadoop-common/3.3.6/hadoop-common-3.3.6.jar:/home/runner/.m2/repository/org/apache/commons/commons-math3/3.1.1/commons-math3-3.1.1.jar:/home/runner/.m2/repository/commons-net/commons-net/3.9.0/commons-net-3.9.0.jar:/home/runner/.m2/repository/com/sun/jersey/jersey-servlet/1.19.4/jersey-servlet-1.19.4.jar:/home/runner/.m2/repository/com/github/pjfanning/jersey-json/1.20/jersey-json-1.20.jar:/home/runner/.m2/repository/org/codehaus/jettison/jettison/1.1/jettison-1.1.jar:/home/runner/.m2/repository/com/sun/xml/bind/jaxb-impl/2.2.3-1/jaxb-impl-2.2.3-1.jar:/home/runner/.m2/repository/com/google/re2j/re2j/1.1/re2j-1.1.jar:/home/runner/.m2/repository/com/jcraft/jsch/0.1.54/jsch-0.1.54.jar:/home/runner/.m2/repository/org/apache/curator/curator-client/4.2.0/curator-client-4.2.0.jar:/home/runner/.m2/repository/org/apache/curator/curator-recipes/5.2.0/curator-recipes-5.2.0.jar:/home/runner/.m2/repository/org/apache/kerby/kerb-core/1.0.1/kerb-core-1.0.1.jar:/home/runner/.m2/repository/org/apache/kerby/kerby-pkix/1.0.1/kerby-pkix-1.0.1.jar:/home/runner/.m2/repository/org/apache/kerby/kerby-asn1/1.0.1/kerby-asn1-1.0.1.jar:/home/runner/.m2/repository/org/apache/kerby/kerby-util/1.0.1/kerby-util-1.0.1.jar:/home/runner/.m2/repository/dnsjava/dnsjava/2.1.7/dnsjava-2.1.7.jar:/home/runner/.m2/repository/org/xerial/snappy/snappy-java/1.1.8.2/snappy-java-1.1.8.2.jar:/home/runner/.m2/repository/com/fasterxml/jackson/core/jackson-databind/2.13.4.2/jackson-databind-2.13.4.2.jar:/home/runner/.m2/repository/org/apache/hadoop/hadoop-kms/3.3.6/hadoop-kms-3.3.6-tests.jar:/home/runner/.m2/repository/org/apache/ozone/hdds-server-scm/1.4.0-SNAPSHOT/hdds-server-scm-1.4.0-SNAPSHOT-tests.jar:/home/runner/.m2/repository/org/apache/ozone/hdds-container-service/1.4.0-SNAPSHOT/hdds-container-service-1.4.0-SNAPSHOT-tests.jar:/home/runner/.m2/repository/com/github/luben/zstd-jni/1.5.2-5/zstd-jni-1.5.2-5.jar:/home/runner/.m2/repository/commons-codec/commons-codec/1.15/commons-codec-1.15.jar:/home/runner/.m2/repository/io/netty/netty-codec/4.1.100.Final/netty-codec-4.1.100.Final.jar:/home/runner/.m2/repository/io/netty/netty-handler/4.1.100.Final/netty-handler-4.1.100.Final.jar:/home/runner/.m2/repository/org/apache/ozone/hdds-hadoop-dependency-test/1.4.0-SNAPSHOT/hdds-hadoop-dependency-test-1.4.0-SNAPSHOT.jar:/home/runner/.m2/repository/org/apache/hadoop/hadoop-common/3.3.6/hadoop-common-3.3.6-tests.jar:/home/runner/.m2/repository/org/apache/hadoop/hadoop-hdfs/3.3.6/hadoop-hdfs-3.3.6-tests.jar:/home/runner/.m2/repository/org/assertj/assertj-core/3.12.2/assertj-core-3.12.2.jar:/home/runner/.m2/repository/org/apache/hadoop/hadoop-distcp/3.3.6/hadoop-distcp-3.3.6.jar:/home/runner/.m2/repository/org/apache/hadoop/hadoop-mapreduce-client-jobclient/3.3.6/hadoop-mapreduce-client-jobclient-3.3.6.jar:/home/runner/.m2/repository/org/apache/hadoop/hadoop-mapreduce-client-common/3.3.6/hadoop-mapreduce-client-common-3.3.6.jar:/home/runner/.m2/repository/org/apache/hadoop/hadoop-yarn-common/3.3.6/hadoop-yarn-common-3.3.6.jar:/home/runner/.m2/repository/org/apache/hadoop/hadoop-yarn-api/3.3.6/hadoop-yarn-api-3.3.6.jar:/home/runner/.m2/repository/com/sun/jersey/contribs/jersey-guice/1.19.4/jersey-guice-1.19.4.jar:/home/runner/.m2/repository/com/fasterxml/jackson/jaxrs/jackson-jaxrs-json-provider/2.13.4/jackson-jaxrs-json-provider-2.13.4.jar:/home/runner/.m2/repository/com/fasterxml/jackson/jaxrs/jackson-jaxrs-base/2.13.4/jackson-jaxrs-base-2.13.4.jar:/home/runner/.m2/repository/org/apache/hadoop/hadoop-yarn-client/3.3.6/hadoop-yarn-client-3.3.6.jar:/home/runner/.m2/repository/org/eclipse/jetty/websocket/websocket-client/9.4.51.v20230217/websocket-client-9.4.51.v20230217.jar:/home/runner/.m2/repository/org/eclipse/jetty/websocket/websocket-common/9.4.51.v20230217/websocket-common-9.4.51.v20230217.jar:/home/runner/.m2/repository/org/eclipse/jetty/websocket/websocket-api/9.4.51.v20230217/websocket-api-9.4.51.v20230217.jar:/home/runner/.m2/repository/org/jline/jline/3.9.0/jline-3.9.0.jar:/home/runner/.m2/repository/org/apache/hadoop/hadoop-mapreduce-client-core/3.3.6/hadoop-mapreduce-client-core-3.3.6.jar:/home/runner/.m2/repository/org/apache/avro/avro/1.7.7/avro-1.7.7.jar:/home/runner/.m2/repository/com/thoughtworks/paranamer/paranamer/2.3/paranamer-2.3.jar:/home/runner/.m2/repository/org/apache/hadoop/hadoop-annotations/3.3.6/hadoop-annotations-3.3.6.jar:/usr/lib/jvm/temurin-8-jdk-amd64/jre/../lib/tools.jar:/home/runner/.m2/repository/io/netty/netty/3.10.6.Final/netty-3.10.6.Final.jar:/home/runner/.m2/repository/org/apache/hadoop/hadoop-distcp/3.3.6/hadoop-distcp-3.3.6-tests.jar:/home/runner/.m2/repository/org/slf4j/jul-to-slf4j/1.7.36/jul-to-slf4j-1.7.36.jar:/home/runner/work/ozone/ozone/hadoop-ozone/integration-test/target/gradle-enterprise/test-listeners.jar:"/>
    <property name="java.vm.vendor" value="Temurin"/>
    <property name="sun.arch.data.model" value="64"/>
    <property name="test.build.dir" value="/home/runner/work/ozone/ozone/hadoop-ozone/integration-test/target/test-dir"/>
    <property name="test.cache.data" value=""/>
    <property name="java.vendor.url" value="https://adoptium.net/"/>
    <property name="user.timezone" value="Etc/UTC"/>
    <property name="os.name" value="Linux"/>
    <property name="java.vm.specification.version" value="1.8"/>
    <property name="test.build.data" value="/home/runner/work/ozone/ozone/hadoop-ozone/integration-test/target/test-dir"/>
    <property name="sun.java.launcher" value="SUN_STANDARD"/>
    <property name="sun.boot.library.path" value="/usr/lib/jvm/temurin-8-jdk-amd64/jre/lib/amd64"/>
    <property name="sun.java.command" value="/home/runner/work/ozone/ozone/hadoop-ozone/integration-test/target/surefire/surefirebooter-20231201115731457_43.jar /home/runner/work/ozone/ozone/hadoop-ozone/integration-test/target/surefire 2023-12-01T11-57-31_009-jvmRun1 surefire-20231201115731457_41tmp surefire_7-20231201115731457_42tmp"/>
    <property name="native.lib.tmp.dir" value="/tmp"/>
    <property name="surefire.test.class.path" value="/home/runner/work/ozone/ozone/hadoop-ozone/integration-test/target/test-classes:/home/runner/work/ozone/ozone/hadoop-ozone/integration-test/target/classes:/home/runner/.m2/repository/org/apache/ozone/ozone-common/1.4.0-SNAPSHOT/ozone-common-1.4.0-SNAPSHOT.jar:/home/runner/.m2/repository/io/grpc/grpc-netty/1.58.0/grpc-netty-1.58.0.jar:/home/runner/.m2/repository/io/grpc/grpc-core/1.58.0/grpc-core-1.58.0.jar:/home/runner/.m2/repository/com/google/android/annotations/4.1.1.4/annotations-4.1.1.4.jar:/home/runner/.m2/repository/org/codehaus/mojo/animal-sniffer-annotations/1.23/animal-sniffer-annotations-1.23.jar:/home/runner/.m2/repository/io/grpc/grpc-context/1.58.0/grpc-context-1.58.0.jar:/home/runner/.m2/repository/io/grpc/grpc-util/1.58.0/grpc-util-1.58.0.jar:/home/runner/.m2/repository/com/google/errorprone/error_prone_annotations/2.2.0/error_prone_annotations-2.2.0.jar:/home/runner/.m2/repository/io/perfmark/perfmark-api/0.26.0/perfmark-api-0.26.0.jar:/home/runner/.m2/repository/io/netty/netty-codec-http2/4.1.100.Final/netty-codec-http2-4.1.100.Final.jar:/home/runner/.m2/repository/io/netty/netty-common/4.1.100.Final/netty-common-4.1.100.Final.jar:/home/runner/.m2/repository/io/netty/netty-buffer/4.1.100.Final/netty-buffer-4.1.100.Final.jar:/home/runner/.m2/repository/io/netty/netty-codec-http/4.1.100.Final/netty-codec-http-4.1.100.Final.jar:/home/runner/.m2/repository/io/netty/netty-handler-proxy/4.1.100.Final/netty-handler-proxy-4.1.100.Final.jar:/home/runner/.m2/repository/io/netty/netty-codec-socks/4.1.100.Final/netty-codec-socks-4.1.100.Final.jar:/home/runner/.m2/repository/io/netty/netty-tcnative-boringssl-static/2.0.61.Final/netty-tcnative-boringssl-static-2.0.61.Final.jar:/home/runner/.m2/repository/io/netty/netty-tcnative-classes/2.0.61.Final/netty-tcnative-classes-2.0.61.Final.jar:/home/runner/.m2/repository/io/netty/netty-tcnative-boringssl-static/2.0.61.Final/netty-tcnative-boringssl-static-2.0.61.Final-linux-x86_64.jar:/home/runner/.m2/repository/io/netty/netty-tcnative-boringssl-static/2.0.61.Final/netty-tcnative-boringssl-static-2.0.61.Final-linux-aarch_64.jar:/home/runner/.m2/repository/io/netty/netty-tcnative-boringssl-static/2.0.61.Final/netty-tcnative-boringssl-static-2.0.61.Final-osx-x86_64.jar:/home/runner/.m2/repository/io/netty/netty-tcnative-boringssl-static/2.0.61.Final/netty-tcnative-boringssl-static-2.0.61.Final-osx-aarch_64.jar:/home/runner/.m2/repository/io/netty/netty-tcnative-boringssl-static/2.0.61.Final/netty-tcnative-boringssl-static-2.0.61.Final-windows-x86_64.jar:/home/runner/.m2/repository/org/apache/commons/commons-compress/1.21/commons-compress-1.21.jar:/home/runner/.m2/repository/org/apache/ozone/hdds-common/1.4.0-SNAPSHOT/hdds-common-1.4.0-SNAPSHOT.jar:/home/runner/.m2/repository/org/apache/ozone/hdds-client/1.4.0-SNAPSHOT/hdds-client-1.4.0-SNAPSHOT.jar:/home/runner/.m2/repository/org/apache/ozone/ozone-interface-client/1.4.0-SNAPSHOT/ozone-interface-client-1.4.0-SNAPSHOT.jar:/home/runner/.m2/repository/org/apache/hadoop/hadoop-hdfs-client/3.3.6/hadoop-hdfs-client-3.3.6.jar:/home/runner/.m2/repository/com/squareup/okhttp3/okhttp/4.9.3/okhttp-4.9.3.jar:/home/runner/.m2/repository/com/squareup/okio/okio/3.4.0/okio-3.4.0.jar:/home/runner/.m2/repository/com/squareup/okio/okio-jvm/3.4.0/okio-jvm-3.4.0.jar:/home/runner/.m2/repository/org/jetbrains/kotlin/kotlin-stdlib-jdk8/1.8.0/kotlin-stdlib-jdk8-1.8.0.jar:/home/runner/.m2/repository/org/jetbrains/kotlin/kotlin-stdlib-jdk7/1.8.0/kotlin-stdlib-jdk7-1.8.0.jar:/home/runner/.m2/repository/org/jetbrains/kotlin/kotlin-stdlib-common/1.6.21/kotlin-stdlib-common-1.6.21.jar:/home/runner/.m2/repository/org/apache/ozone/hdds-test-utils/1.4.0-SNAPSHOT/hdds-test-utils-1.4.0-SNAPSHOT.jar:/home/runner/.m2/repository/com/google/guava/guava/32.0.0-jre/guava-32.0.0-jre.jar:/home/runner/.m2/repository/com/google/guava/failureaccess/1.0.1/failureaccess-1.0.1.jar:/home/runner/.m2/repository/com/google/guava/listenablefuture/9999.0-empty-to-avoid-conflict-with-guava/listenablefuture-9999.0-empty-to-avoid-conflict-with-guava.jar:/home/runner/.m2/repository/com/google/code/findbugs/jsr305/3.0.0/jsr305-3.0.0.jar:/home/runner/.m2/repository/org/checkerframework/checker-qual/3.33.0/checker-qual-3.33.0.jar:/home/runner/.m2/repository/com/google/j2objc/j2objc-annotations/2.8/j2objc-annotations-2.8.jar:/home/runner/.m2/repository/commons-io/commons-io/2.11.0/commons-io-2.11.0.jar:/home/runner/.m2/repository/commons-logging/commons-logging/1.2/commons-logging-1.2.jar:/home/runner/.m2/repository/ch/qos/reload4j/reload4j/1.2.22/reload4j-1.2.22.jar:/home/runner/.m2/repository/org/slf4j/slf4j-api/1.7.36/slf4j-api-1.7.36.jar:/home/runner/.m2/repository/org/apache/logging/log4j/log4j-api/2.17.1/log4j-api-2.17.1.jar:/home/runner/.m2/repository/org/apache/ozone/hdds-server-scm/1.4.0-SNAPSHOT/hdds-server-scm-1.4.0-SNAPSHOT.jar:/home/runner/.m2/repository/org/apache/ozone/hdds-container-service/1.4.0-SNAPSHOT/hdds-container-service-1.4.0-SNAPSHOT.jar:/home/runner/.m2/repository/org/apache/ozone/hdds-hadoop-dependency-server/1.4.0-SNAPSHOT/hdds-hadoop-dependency-server-1.4.0-SNAPSHOT.jar:/home/runner/.m2/repository/org/apache/hadoop/hadoop-hdfs/3.3.6/hadoop-hdfs-3.3.6.jar:/home/runner/.m2/repository/commons-daemon/commons-daemon/1.0.13/commons-daemon-1.0.13.jar:/home/runner/.m2/repository/org/apache/ozone/hdds-server-framework/1.4.0-SNAPSHOT/hdds-server-framework-1.4.0-SNAPSHOT.jar:/home/runner/.m2/repository/io/dropwizard/metrics/metrics-core/3.2.4/metrics-core-3.2.4.jar:/home/runner/.m2/repository/org/apache/commons/commons-text/1.10.0/commons-text-1.10.0.jar:/home/runner/.m2/repository/org/bouncycastle/bcprov-jdk15on/1.67/bcprov-jdk15on-1.67.jar:/home/runner/.m2/repository/com/google/protobuf/protobuf-java/2.5.0/protobuf-java-2.5.0.jar:/home/runner/.m2/repository/org/apache/ozone/hdds-server-framework/1.4.0-SNAPSHOT/hdds-server-framework-1.4.0-SNAPSHOT-tests.jar:/home/runner/.m2/repository/org/apache/ozone/hdds-interface-server/1.4.0-SNAPSHOT/hdds-interface-server-1.4.0-SNAPSHOT.jar:/home/runner/.m2/repository/org/apache/ozone/hdds-interface-admin/1.4.0-SNAPSHOT/hdds-interface-admin-1.4.0-SNAPSHOT.jar:/home/runner/.m2/repository/org/apache/ozone/hdds-managed-rocksdb/1.4.0-SNAPSHOT/hdds-managed-rocksdb-1.4.0-SNAPSHOT.jar:/home/runner/.m2/repository/org/rocksdb/rocksdbjni/7.7.3/rocksdbjni-7.7.3.jar:/home/runner/.m2/repository/org/slf4j/slf4j-reload4j/1.7.36/slf4j-reload4j-1.7.36.jar:/home/runner/.m2/repository/org/apache/commons/commons-configuration2/2.1.1/commons-configuration2-2.1.1.jar:/home/runner/.m2/repository/commons-fileupload/commons-fileupload/1.5/commons-fileupload-1.5.jar:/home/runner/.m2/repository/org/apache/logging/log4j/log4j-core/2.17.1/log4j-core-2.17.1.jar:/home/runner/.m2/repository/com/lmax/disruptor/3.4.2/disruptor-3.4.2.jar:/home/runner/.m2/repository/org/eclipse/jetty/jetty-util/9.4.53.v20231009/jetty-util-9.4.53.v20231009.jar:/home/runner/.m2/repository/org/eclipse/jetty/jetty-server/9.4.53.v20231009/jetty-server-9.4.53.v20231009.jar:/home/runner/.m2/repository/org/eclipse/jetty/jetty-http/9.4.53.v20231009/jetty-http-9.4.53.v20231009.jar:/home/runner/.m2/repository/org/eclipse/jetty/jetty-io/9.4.53.v20231009/jetty-io-9.4.53.v20231009.jar:/home/runner/.m2/repository/org/eclipse/jetty/jetty-servlet/9.4.53.v20231009/jetty-servlet-9.4.53.v20231009.jar:/home/runner/.m2/repository/org/eclipse/jetty/jetty-security/9.4.53.v20231009/jetty-security-9.4.53.v20231009.jar:/home/runner/.m2/repository/org/eclipse/jetty/jetty-util-ajax/9.4.53.v20231009/jetty-util-ajax-9.4.53.v20231009.jar:/home/runner/.m2/repository/org/eclipse/jetty/jetty-webapp/9.4.53.v20231009/jetty-webapp-9.4.53.v20231009.jar:/home/runner/.m2/repository/org/eclipse/jetty/jetty-xml/9.4.53.v20231009/jetty-xml-9.4.53.v20231009.jar:/home/runner/.m2/repository/org/apache/ratis/ratis-server/3.0.0/ratis-server-3.0.0.jar:/home/runner/.m2/repository/org/apache/ratis/ratis-thirdparty-misc/1.0.5/ratis-thirdparty-misc-1.0.5.jar:/home/runner/.m2/repository/org/apache/ratis/ratis-proto/3.0.0/ratis-proto-3.0.0.jar:/home/runner/.m2/repository/org/apache/ratis/ratis-common/3.0.0/ratis-common-3.0.0.jar:/home/runner/.m2/repository/org/apache/ratis/ratis-client/3.0.0/ratis-client-3.0.0.jar:/home/runner/.m2/repository/org/apache/ratis/ratis-server-api/3.0.0/ratis-server-api-3.0.0.jar:/home/runner/.m2/repository/org/apache/ratis/ratis-metrics-api/3.0.0/ratis-metrics-api-3.0.0.jar:/home/runner/.m2/repository/org/apache/ratis/ratis-metrics-dropwizard3/3.0.0/ratis-metrics-dropwizard3-3.0.0.jar:/home/runner/.m2/repository/io/prometheus/simpleclient_dropwizard/0.7.0/simpleclient_dropwizard-0.7.0.jar:/home/runner/.m2/repository/io/prometheus/simpleclient/0.7.0/simpleclient-0.7.0.jar:/home/runner/.m2/repository/io/prometheus/simpleclient_common/0.7.0/simpleclient_common-0.7.0.jar:/home/runner/.m2/repository/com/fasterxml/jackson/datatype/jackson-datatype-jsr310/2.13.4/jackson-datatype-jsr310-2.13.4.jar:/home/runner/.m2/repository/com/fasterxml/jackson/core/jackson-core/2.13.4/jackson-core-2.13.4.jar:/home/runner/.m2/repository/org/apache/ozone/rocksdb-checkpoint-differ/1.4.0-SNAPSHOT/rocksdb-checkpoint-differ-1.4.0-SNAPSHOT.jar:/home/runner/.m2/repository/org/jgrapht/jgrapht-core/1.0.1/jgrapht-core-1.0.1.jar:/home/runner/.m2/repository/org/jgrapht/jgrapht-ext/1.0.1/jgrapht-ext-1.0.1.jar:/home/runner/.m2/repository/org/tinyjee/jgraphx/jgraphx/2.0.0.1/jgraphx-2.0.0.1.jar:/home/runner/.m2/repository/jgraph/jgraph/5.13.0.0/jgraph-5.13.0.0.jar:/home/runner/.m2/repository/org/antlr/antlr4-runtime/4.5.3/antlr4-runtime-4.5.3.jar:/home/runner/.m2/repository/org/awaitility/awaitility/4.2.0/awaitility-4.2.0.jar:/home/runner/.m2/repository/org/hamcrest/hamcrest/2.1/hamcrest-2.1.jar:/home/runner/.m2/repository/org/apache/ozone/ozone-manager/1.4.0-SNAPSHOT/ozone-manager-1.4.0-SNAPSHOT.jar:/home/runner/.m2/repository/org/aspectj/aspectjrt/1.9.7/aspectjrt-1.9.7.jar:/home/runner/.m2/repository/org/aspectj/aspectjweaver/1.9.7/aspectjweaver-1.9.7.jar:/home/runner/.m2/repository/org/apache/ozone/hdds-interface-client/1.4.0-SNAPSHOT/hdds-interface-client-1.4.0-SNAPSHOT.jar:/home/runner/.m2/repository/org/apache/hadoop/thirdparty/hadoop-shaded-protobuf_3_7/1.1.1/hadoop-shaded-protobuf_3_7-1.1.1.jar:/home/runner/.m2/repository/org/apache/ozone/ozone-interface-storage/1.4.0-SNAPSHOT/ozone-interface-storage-1.4.0-SNAPSHOT.jar:/home/runner/.m2/repository/org/reflections/reflections/0.9.11/reflections-0.9.11.jar:/home/runner/.m2/repository/com/sun/jersey/jersey-client/1.19.4/jersey-client-1.19.4.jar:/home/runner/.m2/repository/org/codehaus/jackson/jackson-core-asl/1.9.13/jackson-core-asl-1.9.13.jar:/home/runner/.m2/repository/org/codehaus/jackson/jackson-mapper-asl/1.9.13/jackson-mapper-asl-1.9.13.jar:/home/runner/.m2/repository/org/codehaus/jackson/jackson-jaxrs/1.9.13/jackson-jaxrs-1.9.13.jar:/home/runner/.m2/repository/org/apache/ranger/ranger-intg/2.3.0/ranger-intg-2.3.0.jar:/home/runner/.m2/repository/org/apache/ranger/ranger-plugins-common/2.3.0/ranger-plugins-common-2.3.0.jar:/home/runner/.m2/repository/commons-lang/commons-lang/2.6/commons-lang-2.6.jar:/home/runner/.m2/repository/org/apache/ranger/ranger-plugins-cred/2.3.0/ranger-plugins-cred-2.3.0.jar:/home/runner/.m2/repository/org/apache/ranger/ranger-plugins-audit/2.3.0/ranger-plugins-audit-2.3.0.jar:/home/runner/.m2/repository/org/eclipse/jetty/jetty-client/9.4.53.v20231009/jetty-client-9.4.53.v20231009.jar:/home/runner/.m2/repository/org/apache/httpcomponents/httpmime/4.5.6/httpmime-4.5.6.jar:/home/runner/.m2/repository/org/apache/httpcomponents/httpcore-nio/4.4.16/httpcore-nio-4.4.16.jar:/home/runner/.m2/repository/org/apache/httpcomponents/httpasyncclient/4.1.3/httpasyncclient-4.1.3.jar:/home/runner/.m2/repository/com/carrotsearch/hppc/0.8.0/hppc-0.8.0.jar:/home/runner/.m2/repository/org/apache/orc/orc-core/1.5.8/orc-core-1.5.8.jar:/home/runner/.m2/repository/net/java/dev/jna/jna/5.2.0/jna-5.2.0.jar:/home/runner/.m2/repository/net/java/dev/jna/jna-platform/5.2.0/jna-platform-5.2.0.jar:/home/runner/.m2/repository/com/kstruct/gethostname4j/0.0.2/gethostname4j-0.0.2.jar:/home/runner/.m2/repository/org/apache/ranger/ranger-plugin-classloader/2.3.0/ranger-plugin-classloader-2.3.0.jar:/home/runner/.m2/repository/org/apache/ozone/hdds-rocks-native/1.4.0-SNAPSHOT/hdds-rocks-native-1.4.0-SNAPSHOT.jar:/home/runner/.m2/repository/org/apache/hadoop/hadoop-minikdc/3.3.6/hadoop-minikdc-3.3.6.jar:/home/runner/.m2/repository/org/apache/kerby/kerb-simplekdc/1.0.1/kerb-simplekdc-1.0.1.jar:/home/runner/.m2/repository/org/apache/kerby/kerb-client/1.0.1/kerb-client-1.0.1.jar:/home/runner/.m2/repository/org/apache/kerby/kerby-config/1.0.1/kerby-config-1.0.1.jar:/home/runner/.m2/repository/org/apache/kerby/kerb-common/1.0.1/kerb-common-1.0.1.jar:/home/runner/.m2/repository/org/apache/kerby/kerb-crypto/1.0.1/kerb-crypto-1.0.1.jar:/home/runner/.m2/repository/org/apache/kerby/kerb-util/1.0.1/kerb-util-1.0.1.jar:/home/runner/.m2/repository/org/apache/kerby/token-provider/1.0.1/token-provider-1.0.1.jar:/home/runner/.m2/repository/org/apache/kerby/kerb-admin/1.0.1/kerb-admin-1.0.1.jar:/home/runner/.m2/repository/org/apache/kerby/kerb-server/1.0.1/kerb-server-1.0.1.jar:/home/runner/.m2/repository/org/apache/kerby/kerb-identity/1.0.1/kerb-identity-1.0.1.jar:/home/runner/.m2/repository/org/apache/kerby/kerby-xdr/1.0.1/kerby-xdr-1.0.1.jar:/home/runner/.m2/repository/org/apache/ozone/ozone-s3gateway/1.4.0-SNAPSHOT/ozone-s3gateway-1.4.0-SNAPSHOT.jar:/home/runner/.m2/repository/org/javassist/javassist/3.21.0-GA/javassist-3.21.0-GA.jar:/home/runner/.m2/repository/org/jboss/weld/servlet/weld-servlet-shaded/3.1.9.Final/weld-servlet-shaded-3.1.9.Final.jar:/home/runner/.m2/repository/org/glassfish/jersey/containers/jersey-container-servlet-core/2.41/jersey-container-servlet-core-2.41.jar:/home/runner/.m2/repository/org/glassfish/hk2/external/jakarta.inject/2.6.1/jakarta.inject-2.6.1.jar:/home/runner/.m2/repository/org/glassfish/jersey/core/jersey-common/2.41/jersey-common-2.41.jar:/home/runner/.m2/repository/jakarta/ws/rs/jakarta.ws.rs-api/2.1.6/jakarta.ws.rs-api-2.1.6.jar:/home/runner/.m2/repository/org/glassfish/jersey/ext/cdi/jersey-cdi1x/2.41/jersey-cdi1x-2.41.jar:/home/runner/.m2/repository/org/glassfish/jersey/inject/jersey-hk2/2.41/jersey-hk2-2.41.jar:/home/runner/.m2/repository/org/glassfish/hk2/hk2-locator/2.6.1/hk2-locator-2.6.1.jar:/home/runner/.m2/repository/org/glassfish/jersey/media/jersey-media-jaxb/2.41/jersey-media-jaxb-2.41.jar:/home/runner/.m2/repository/org/glassfish/hk2/osgi-resource-locator/1.0.3/osgi-resource-locator-1.0.3.jar:/home/runner/.m2/repository/org/glassfish/hk2/hk2-api/2.5.0/hk2-api-2.5.0.jar:/home/runner/.m2/repository/org/glassfish/hk2/hk2-utils/2.5.0/hk2-utils-2.5.0.jar:/home/runner/.m2/repository/org/glassfish/hk2/external/aopalliance-repackaged/2.5.0/aopalliance-repackaged-2.5.0.jar:/home/runner/.m2/repository/com/fasterxml/jackson/dataformat/jackson-dataformat-xml/2.13.4/jackson-dataformat-xml-2.13.4.jar:/home/runner/.m2/repository/org/codehaus/woodstox/stax2-api/4.2.1/stax2-api-4.2.1.jar:/home/runner/.m2/repository/com/fasterxml/woodstox/woodstox-core/5.4.0/woodstox-core-5.4.0.jar:/home/runner/.m2/repository/com/fasterxml/jackson/module/jackson-module-jaxb-annotations/2.13.4/jackson-module-jaxb-annotations-2.13.4.jar:/home/runner/.m2/repository/jakarta/xml/bind/jakarta.xml.bind-api/2.3.3/jakarta.xml.bind-api-2.3.3.jar:/home/runner/.m2/repository/jakarta/activation/jakarta.activation-api/1.2.2/jakarta.activation-api-1.2.2.jar:/home/runner/.m2/repository/javax/enterprise/cdi-api/2.0/cdi-api-2.0.jar:/home/runner/.m2/repository/javax/el/javax.el-api/3.0.0/javax.el-api-3.0.0.jar:/home/runner/.m2/repository/javax/interceptor/javax.interceptor-api/1.2/javax.interceptor-api-1.2.jar:/home/runner/.m2/repository/javax/inject/javax.inject/1/javax.inject-1.jar:/home/runner/.m2/repository/javax/xml/bind/jaxb-api/2.3.0/jaxb-api-2.3.0.jar:/home/runner/.m2/repository/org/glassfish/jaxb/jaxb-runtime/2.3.0.1/jaxb-runtime-2.3.0.1.jar:/home/runner/.m2/repository/org/glassfish/jaxb/jaxb-core/2.3.0.1/jaxb-core-2.3.0.1.jar:/home/runner/.m2/repository/org/glassfish/jaxb/txw2/2.3.0.1/txw2-2.3.0.1.jar:/home/runner/.m2/repository/com/sun/istack/istack-commons-runtime/3.0.5/istack-commons-runtime-3.0.5.jar:/home/runner/.m2/repository/org/jvnet/staxex/stax-ex/1.7.8/stax-ex-1.7.8.jar:/home/runner/.m2/repository/com/sun/xml/fastinfoset/FastInfoset/1.2.13/FastInfoset-1.2.13.jar:/home/runner/.m2/repository/javax/activation/activation/1.1.1/activation-1.1.1.jar:/home/runner/.m2/repository/io/grpc/grpc-protobuf/1.58.0/grpc-protobuf-1.58.0.jar:/home/runner/.m2/repository/com/google/api/grpc/proto-google-common-protos/2.22.0/proto-google-common-protos-2.22.0.jar:/home/runner/.m2/repository/io/grpc/grpc-protobuf-lite/1.58.0/grpc-protobuf-lite-1.58.0.jar:/home/runner/.m2/repository/io/grpc/grpc-stub/1.58.0/grpc-stub-1.58.0.jar:/home/runner/.m2/repository/io/netty/netty-transport/4.1.100.Final/netty-transport-4.1.100.Final.jar:/home/runner/.m2/repository/io/netty/netty-resolver/4.1.100.Final/netty-resolver-4.1.100.Final.jar:/home/runner/.m2/repository/org/apache/ozone/ozone-csi/1.4.0-SNAPSHOT/ozone-csi-1.4.0-SNAPSHOT.jar:/home/runner/.m2/repository/com/google/protobuf/protobuf-java-util/3.19.6/protobuf-java-util-3.19.6.jar:/home/runner/.m2/repository/com/google/code/gson/gson/2.9.0/gson-2.9.0.jar:/home/runner/.m2/repository/org/apache/ozone/hdds-config/1.4.0-SNAPSHOT/hdds-config-1.4.0-SNAPSHOT.jar:/home/runner/.m2/repository/io/netty/netty-transport-native-epoll/4.1.100.Final/netty-transport-native-epoll-4.1.100.Final-linux-x86_64.jar:/home/runner/.m2/repository/io/netty/netty-transport-classes-epoll/4.1.100.Final/netty-transport-classes-epoll-4.1.100.Final.jar:/home/runner/.m2/repository/io/netty/netty-transport-native-unix-common/4.1.100.Final/netty-transport-native-unix-common-4.1.100.Final.jar:/home/runner/.m2/repository/org/apache/ozone/ozone-recon/1.4.0-SNAPSHOT/ozone-recon-1.4.0-SNAPSHOT.jar:/home/runner/.m2/repository/org/apache/ozone/ozone-reconcodegen/1.4.0-SNAPSHOT/ozone-reconcodegen-1.4.0-SNAPSHOT.jar:/home/runner/.m2/repository/com/google/inject/guice/5.1.0/guice-5.1.0.jar:/home/runner/.m2/repository/aopalliance/aopalliance/1.0/aopalliance-1.0.jar:/home/runner/.m2/repository/com/google/inject/extensions/guice-assistedinject/5.1.0/guice-assistedinject-5.1.0.jar:/home/runner/.m2/repository/com/google/inject/extensions/guice-servlet/5.1.0/guice-servlet-5.1.0.jar:/home/runner/.m2/repository/org/glassfish/jersey/containers/jersey-container-servlet/2.41/jersey-container-servlet-2.41.jar:/home/runner/.m2/repository/org/glassfish/hk2/guice-bridge/2.5.0/guice-bridge-2.5.0.jar:/home/runner/.m2/repository/org/glassfish/jersey/core/jersey-server/2.41/jersey-server-2.41.jar:/home/runner/.m2/repository/org/glassfish/jersey/core/jersey-client/2.41/jersey-client-2.41.jar:/home/runner/.m2/repository/jakarta/annotation/jakarta.annotation-api/1.3.5/jakarta.annotation-api-1.3.5.jar:/home/runner/.m2/repository/jakarta/validation/jakarta.validation-api/2.0.2/jakarta.validation-api-2.0.2.jar:/home/runner/.m2/repository/org/glassfish/jersey/media/jersey-media-json-jackson/2.41/jersey-media-json-jackson-2.41.jar:/home/runner/.m2/repository/org/glassfish/jersey/ext/jersey-entity-filtering/2.41/jersey-entity-filtering-2.41.jar:/home/runner/.m2/repository/org/jooq/jooq/3.11.10/jooq-3.11.10.jar:/home/runner/.m2/repository/org/jooq/jooq-meta/3.11.10/jooq-meta-3.11.10.jar:/home/runner/.m2/repository/org/jooq/jooq-codegen/3.11.10/jooq-codegen-3.11.10.jar:/home/runner/.m2/repository/com/jolbox/bonecp/0.8.0.RELEASE/bonecp-0.8.0.RELEASE.jar:/home/runner/.m2/repository/org/apache/derby/derby/10.14.2.0/derby-10.14.2.0.jar:/home/runner/.m2/repository/org/xerial/sqlite-jdbc/3.41.2.2/sqlite-jdbc-3.41.2.2.jar:/home/runner/.m2/repository/org/springframework/spring-jdbc/5.3.27/spring-jdbc-5.3.27.jar:/home/runner/.m2/repository/org/springframework/spring-beans/5.3.27/spring-beans-5.3.27.jar:/home/runner/.m2/repository/org/springframework/spring-core/5.3.27/spring-core-5.3.27.jar:/home/runner/.m2/repository/org/springframework/spring-tx/5.3.27/spring-tx-5.3.27.jar:/home/runner/.m2/repository/org/apache/ozone/ozone-client/1.4.0-SNAPSHOT/ozone-client-1.4.0-SNAPSHOT.jar:/home/runner/.m2/repository/org/apache/ozone/hdds-erasurecode/1.4.0-SNAPSHOT/hdds-erasurecode-1.4.0-SNAPSHOT.jar:/home/runner/.m2/repository/org/apache/ozone/ozone-filesystem/1.4.0-SNAPSHOT/ozone-filesystem-1.4.0-SNAPSHOT.jar:/home/runner/.m2/repository/org/apache/ozone/ozone-filesystem-common/1.4.0-SNAPSHOT/ozone-filesystem-common-1.4.0-SNAPSHOT.jar:/home/runner/.m2/repository/org/apache/ozone/ozone-tools/1.4.0-SNAPSHOT/ozone-tools-1.4.0-SNAPSHOT.jar:/home/runner/.m2/repository/com/amazonaws/aws-java-sdk-core/1.12.261/aws-java-sdk-core-1.12.261.jar:/home/runner/.m2/repository/org/apache/httpcomponents/httpclient/4.5.13/httpclient-4.5.13.jar:/home/runner/.m2/repository/org/apache/httpcomponents/httpcore/4.4.16/httpcore-4.4.16.jar:/home/runner/.m2/repository/software/amazon/ion/ion-java/1.0.2/ion-java-1.0.2.jar:/home/runner/.m2/repository/com/fasterxml/jackson/dataformat/jackson-dataformat-cbor/2.13.4/jackson-dataformat-cbor-2.13.4.jar:/home/runner/.m2/repository/joda-time/joda-time/2.12.5/joda-time-2.12.5.jar:/home/runner/.m2/repository/com/amazonaws/aws-java-sdk-s3/1.12.261/aws-java-sdk-s3-1.12.261.jar:/home/runner/.m2/repository/com/amazonaws/aws-java-sdk-kms/1.12.261/aws-java-sdk-kms-1.12.261.jar:/home/runner/.m2/repository/com/amazonaws/jmespath-java/1.12.261/jmespath-java-1.12.261.jar:/home/runner/.m2/repository/org/kohsuke/metainf-services/metainf-services/1.8/metainf-services-1.8.jar:/home/runner/.m2/repository/org/apache/ozone/hdds-tools/1.4.0-SNAPSHOT/hdds-tools-1.4.0-SNAPSHOT.jar:/home/runner/.m2/repository/org/apache/ratis/ratis-tools/3.0.0/ratis-tools-3.0.0.jar:/home/runner/.m2/repository/commons-cli/commons-cli/1.6.0/commons-cli-1.6.0.jar:/home/runner/.m2/repository/org/apache/commons/commons-lang3/3.7/commons-lang3-3.7.jar:/home/runner/.m2/repository/org/apache/ozone/ozone-manager/1.4.0-SNAPSHOT/ozone-manager-1.4.0-SNAPSHOT-tests.jar:/home/runner/.m2/repository/org/apache/ozone/hdds-common/1.4.0-SNAPSHOT/hdds-common-1.4.0-SNAPSHOT-tests.jar:/home/runner/.m2/repository/org/apache/ozone/hdds-hadoop-dependency-client/1.4.0-SNAPSHOT/hdds-hadoop-dependency-client-1.4.0-SNAPSHOT.jar:/home/runner/.m2/repository/info/picocli/picocli/4.7.5/picocli-4.7.5.jar:/home/runner/.m2/repository/com/fasterxml/jackson/core/jackson-annotations/2.13.4/jackson-annotations-2.13.4.jar:/home/runner/.m2/repository/org/apache/ozone/hdds-annotation-processing/1.4.0-SNAPSHOT/hdds-annotation-processing-1.4.0-SNAPSHOT.jar:/home/runner/.m2/repository/javax/annotation/javax.annotation-api/1.2/javax.annotation-api-1.2.jar:/home/runner/.m2/repository/org/apache/ratis/ratis-netty/3.0.0/ratis-netty-3.0.0.jar:/home/runner/.m2/repository/org/apache/ratis/ratis-grpc/3.0.0/ratis-grpc-3.0.0.jar:/home/runner/.m2/repository/org/apache/commons/commons-pool2/2.6.0/commons-pool2-2.6.0.jar:/home/runner/.m2/repository/org/bouncycastle/bcpkix-jdk15on/1.67/bcpkix-jdk15on-1.67.jar:/home/runner/.m2/repository/commons-validator/commons-validator/1.6/commons-validator-1.6.jar:/home/runner/.m2/repository/commons-beanutils/commons-beanutils/1.9.4/commons-beanutils-1.9.4.jar:/home/runner/.m2/repository/commons-digester/commons-digester/1.8.1/commons-digester-1.8.1.jar:/home/runner/.m2/repository/commons-collections/commons-collections/3.2.2/commons-collections-3.2.2.jar:/home/runner/.m2/repository/io/jaegertracing/jaeger-client/1.6.0/jaeger-client-1.6.0.jar:/home/runner/.m2/repository/io/jaegertracing/jaeger-thrift/1.6.0/jaeger-thrift-1.6.0.jar:/home/runner/.m2/repository/org/apache/thrift/libthrift/0.14.1/libthrift-0.14.1.jar:/home/runner/.m2/repository/io/jaegertracing/jaeger-core/1.6.0/jaeger-core-1.6.0.jar:/home/runner/.m2/repository/io/jaegertracing/jaeger-tracerresolver/1.6.0/jaeger-tracerresolver-1.6.0.jar:/home/runner/.m2/repository/io/opentracing/contrib/opentracing-tracerresolver/0.1.8/opentracing-tracerresolver-0.1.8.jar:/home/runner/.m2/repository/org/jetbrains/kotlin/kotlin-stdlib/1.6.21/kotlin-stdlib-1.6.21.jar:/home/runner/.m2/repository/org/jetbrains/annotations/13.0/annotations-13.0.jar:/home/runner/.m2/repository/io/opentracing/opentracing-util/0.33.0/opentracing-util-0.33.0.jar:/home/runner/.m2/repository/io/opentracing/opentracing-api/0.33.0/opentracing-api-0.33.0.jar:/home/runner/.m2/repository/io/opentracing/opentracing-noop/0.33.0/opentracing-noop-0.33.0.jar:/home/runner/.m2/repository/org/yaml/snakeyaml/2.0/snakeyaml-2.0.jar:/home/runner/.m2/repository/io/grpc/grpc-api/1.58.0/grpc-api-1.58.0.jar:/home/runner/.m2/repository/com/fasterxml/uuid/java-uuid-generator/4.3.0/java-uuid-generator-4.3.0.jar:/home/runner/.m2/repository/junit/junit/4.13.1/junit-4.13.1.jar:/home/runner/.m2/repository/org/hamcrest/hamcrest-core/1.3/hamcrest-core-1.3.jar:/home/runner/.m2/repository/org/junit/jupiter/junit-jupiter-api/5.8.2/junit-jupiter-api-5.8.2.jar:/home/runner/.m2/repository/org/opentest4j/opentest4j/1.2.0/opentest4j-1.2.0.jar:/home/runner/.m2/repository/org/junit/platform/junit-platform-commons/1.8.2/junit-platform-commons-1.8.2.jar:/home/runner/.m2/repository/org/apiguardian/apiguardian-api/1.1.2/apiguardian-api-1.1.2.jar:/home/runner/.m2/repository/org/junit/jupiter/junit-jupiter-params/5.8.2/junit-jupiter-params-5.8.2.jar:/home/runner/.m2/repository/org/junit/jupiter/junit-jupiter-migrationsupport/5.8.2/junit-jupiter-migrationsupport-5.8.2.jar:/home/runner/.m2/repository/org/junit/jupiter/junit-jupiter-engine/5.8.2/junit-jupiter-engine-5.8.2.jar:/home/runner/.m2/repository/org/junit/platform/junit-platform-engine/1.8.2/junit-platform-engine-1.8.2.jar:/home/runner/.m2/repository/org/junit/vintage/junit-vintage-engine/5.8.2/junit-vintage-engine-5.8.2.jar:/home/runner/.m2/repository/org/junit/platform/junit-platform-launcher/1.8.2/junit-platform-launcher-1.8.2.jar:/home/runner/.m2/repository/org/mockito/mockito-core/3.5.9/mockito-core-3.5.9.jar:/home/runner/.m2/repository/net/bytebuddy/byte-buddy/1.10.13/byte-buddy-1.10.13.jar:/home/runner/.m2/repository/net/bytebuddy/byte-buddy-agent/1.10.13/byte-buddy-agent-1.10.13.jar:/home/runner/.m2/repository/org/objenesis/objenesis/1.0/objenesis-1.0.jar:/home/runner/.m2/repository/org/apache/hadoop/hadoop-kms/3.3.6/hadoop-kms-3.3.6.jar:/home/runner/.m2/repository/org/apache/hadoop/hadoop-auth/3.3.6/hadoop-auth-3.3.6.jar:/home/runner/.m2/repository/com/nimbusds/nimbus-jose-jwt/9.8.1/nimbus-jose-jwt-9.8.1.jar:/home/runner/.m2/repository/com/github/stephenc/jcip/jcip-annotations/1.0-1/jcip-annotations-1.0-1.jar:/home/runner/.m2/repository/org/apache/zookeeper/zookeeper/3.7.2/zookeeper-3.7.2.jar:/home/runner/.m2/repository/org/apache/zookeeper/zookeeper-jute/3.7.2/zookeeper-jute-3.7.2.jar:/home/runner/.m2/repository/org/apache/yetus/audience-annotations/0.12.0/audience-annotations-0.12.0.jar:/home/runner/.m2/repository/org/apache/curator/curator-framework/4.2.0/curator-framework-4.2.0.jar:/home/runner/.m2/repository/org/apache/hadoop/thirdparty/hadoop-shaded-guava/1.1.1/hadoop-shaded-guava-1.1.1.jar:/home/runner/.m2/repository/com/sun/jersey/jersey-core/1.19.4/jersey-core-1.19.4.jar:/home/runner/.m2/repository/javax/ws/rs/jsr311-api/1.1.1/jsr311-api-1.1.1.jar:/home/runner/.m2/repository/com/sun/jersey/jersey-server/1.19.4/jersey-server-1.19.4.jar:/home/runner/.m2/repository/javax/servlet/javax.servlet-api/3.1.0/javax.servlet-api-3.1.0.jar:/home/runner/.m2/repository/org/apache/hadoop/hadoop-common/3.3.6/hadoop-common-3.3.6.jar:/home/runner/.m2/repository/org/apache/commons/commons-math3/3.1.1/commons-math3-3.1.1.jar:/home/runner/.m2/repository/commons-net/commons-net/3.9.0/commons-net-3.9.0.jar:/home/runner/.m2/repository/com/sun/jersey/jersey-servlet/1.19.4/jersey-servlet-1.19.4.jar:/home/runner/.m2/repository/com/github/pjfanning/jersey-json/1.20/jersey-json-1.20.jar:/home/runner/.m2/repository/org/codehaus/jettison/jettison/1.1/jettison-1.1.jar:/home/runner/.m2/repository/com/sun/xml/bind/jaxb-impl/2.2.3-1/jaxb-impl-2.2.3-1.jar:/home/runner/.m2/repository/com/google/re2j/re2j/1.1/re2j-1.1.jar:/home/runner/.m2/repository/com/jcraft/jsch/0.1.54/jsch-0.1.54.jar:/home/runner/.m2/repository/org/apache/curator/curator-client/4.2.0/curator-client-4.2.0.jar:/home/runner/.m2/repository/org/apache/curator/curator-recipes/5.2.0/curator-recipes-5.2.0.jar:/home/runner/.m2/repository/org/apache/kerby/kerb-core/1.0.1/kerb-core-1.0.1.jar:/home/runner/.m2/repository/org/apache/kerby/kerby-pkix/1.0.1/kerby-pkix-1.0.1.jar:/home/runner/.m2/repository/org/apache/kerby/kerby-asn1/1.0.1/kerby-asn1-1.0.1.jar:/home/runner/.m2/repository/org/apache/kerby/kerby-util/1.0.1/kerby-util-1.0.1.jar:/home/runner/.m2/repository/dnsjava/dnsjava/2.1.7/dnsjava-2.1.7.jar:/home/runner/.m2/repository/org/xerial/snappy/snappy-java/1.1.8.2/snappy-java-1.1.8.2.jar:/home/runner/.m2/repository/com/fasterxml/jackson/core/jackson-databind/2.13.4.2/jackson-databind-2.13.4.2.jar:/home/runner/.m2/repository/org/apache/hadoop/hadoop-kms/3.3.6/hadoop-kms-3.3.6-tests.jar:/home/runner/.m2/repository/org/apache/ozone/hdds-server-scm/1.4.0-SNAPSHOT/hdds-server-scm-1.4.0-SNAPSHOT-tests.jar:/home/runner/.m2/repository/org/apache/ozone/hdds-container-service/1.4.0-SNAPSHOT/hdds-container-service-1.4.0-SNAPSHOT-tests.jar:/home/runner/.m2/repository/com/github/luben/zstd-jni/1.5.2-5/zstd-jni-1.5.2-5.jar:/home/runner/.m2/repository/commons-codec/commons-codec/1.15/commons-codec-1.15.jar:/home/runner/.m2/repository/io/netty/netty-codec/4.1.100.Final/netty-codec-4.1.100.Final.jar:/home/runner/.m2/repository/io/netty/netty-handler/4.1.100.Final/netty-handler-4.1.100.Final.jar:/home/runner/.m2/repository/org/apache/ozone/hdds-hadoop-dependency-test/1.4.0-SNAPSHOT/hdds-hadoop-dependency-test-1.4.0-SNAPSHOT.jar:/home/runner/.m2/repository/org/apache/hadoop/hadoop-common/3.3.6/hadoop-common-3.3.6-tests.jar:/home/runner/.m2/repository/org/apache/hadoop/hadoop-hdfs/3.3.6/hadoop-hdfs-3.3.6-tests.jar:/home/runner/.m2/repository/org/assertj/assertj-core/3.12.2/assertj-core-3.12.2.jar:/home/runner/.m2/repository/org/apache/hadoop/hadoop-distcp/3.3.6/hadoop-distcp-3.3.6.jar:/home/runner/.m2/repository/org/apache/hadoop/hadoop-mapreduce-client-jobclient/3.3.6/hadoop-mapreduce-client-jobclient-3.3.6.jar:/home/runner/.m2/repository/org/apache/hadoop/hadoop-mapreduce-client-common/3.3.6/hadoop-mapreduce-client-common-3.3.6.jar:/home/runner/.m2/repository/org/apache/hadoop/hadoop-yarn-common/3.3.6/hadoop-yarn-common-3.3.6.jar:/home/runner/.m2/repository/org/apache/hadoop/hadoop-yarn-api/3.3.6/hadoop-yarn-api-3.3.6.jar:/home/runner/.m2/repository/com/sun/jersey/contribs/jersey-guice/1.19.4/jersey-guice-1.19.4.jar:/home/runner/.m2/repository/com/fasterxml/jackson/jaxrs/jackson-jaxrs-json-provider/2.13.4/jackson-jaxrs-json-provider-2.13.4.jar:/home/runner/.m2/repository/com/fasterxml/jackson/jaxrs/jackson-jaxrs-base/2.13.4/jackson-jaxrs-base-2.13.4.jar:/home/runner/.m2/repository/org/apache/hadoop/hadoop-yarn-client/3.3.6/hadoop-yarn-client-3.3.6.jar:/home/runner/.m2/repository/org/eclipse/jetty/websocket/websocket-client/9.4.51.v20230217/websocket-client-9.4.51.v20230217.jar:/home/runner/.m2/repository/org/eclipse/jetty/websocket/websocket-common/9.4.51.v20230217/websocket-common-9.4.51.v20230217.jar:/home/runner/.m2/repository/org/eclipse/jetty/websocket/websocket-api/9.4.51.v20230217/websocket-api-9.4.51.v20230217.jar:/home/runner/.m2/repository/org/jline/jline/3.9.0/jline-3.9.0.jar:/home/runner/.m2/repository/org/apache/hadoop/hadoop-mapreduce-client-core/3.3.6/hadoop-mapreduce-client-core-3.3.6.jar:/home/runner/.m2/repository/org/apache/avro/avro/1.7.7/avro-1.7.7.jar:/home/runner/.m2/repository/com/thoughtworks/paranamer/paranamer/2.3/paranamer-2.3.jar:/home/runner/.m2/repository/org/apache/hadoop/hadoop-annotations/3.3.6/hadoop-annotations-3.3.6.jar:/usr/lib/jvm/temurin-8-jdk-amd64/jre/../lib/tools.jar:/home/runner/.m2/repository/io/netty/netty/3.10.6.Final/netty-3.10.6.Final.jar:/home/runner/.m2/repository/org/apache/hadoop/hadoop-distcp/3.3.6/hadoop-distcp-3.3.6-tests.jar:/home/runner/.m2/repository/org/slf4j/jul-to-slf4j/1.7.36/jul-to-slf4j-1.7.36.jar:/home/runner/work/ozone/ozone/hadoop-ozone/integration-test/target/gradle-enterprise/test-listeners.jar:"/>
    <property name="sun.cpu.endian" value="little"/>
    <property name="user.home" value="/home/runner"/>
    <property name="user.language" value="en"/>
    <property name="java.specification.vendor" value="Oracle Corporation"/>
    <property name="java.home" value="/usr/lib/jvm/temurin-8-jdk-amd64/jre"/>
    <property name="java.security.krb5.conf" value="/home/runner/work/ozone/ozone/hadoop-ozone/integration-test/target/test-classes/krb5.conf"/>
    <property name="file.separator" value="/"/>
    <property name="basedir" value="/home/runner/work/ozone/ozone/hadoop-ozone/integration-test"/>
    <property name="line.separator" value="&#10;"/>
    <property name="java.vm.specification.vendor" value="Oracle Corporation"/>
    <property name="java.specification.name" value="Java Platform API Specification"/>
    <property name="skip.installnpx" value="true"/>
    <property name="java.awt.graphicsenv" value="sun.awt.X11GraphicsEnvironment"/>
    <property name="surefire.real.class.path" value="/home/runner/work/ozone/ozone/hadoop-ozone/integration-test/target/surefire/surefirebooter-20231201115731457_43.jar:/home/runner/.m2/repository/org/jacoco/org.jacoco.agent/0.8.5/org.jacoco.agent-0.8.5-runtime.jar"/>
    <property name="sun.boot.class.path" value="/usr/lib/jvm/temurin-8-jdk-amd64/jre/lib/resources.jar:/usr/lib/jvm/temurin-8-jdk-amd64/jre/lib/rt.jar:/usr/lib/jvm/temurin-8-jdk-amd64/jre/lib/sunrsasign.jar:/usr/lib/jvm/temurin-8-jdk-amd64/jre/lib/jsse.jar:/usr/lib/jvm/temurin-8-jdk-amd64/jre/lib/jce.jar:/usr/lib/jvm/temurin-8-jdk-amd64/jre/lib/charsets.jar:/usr/lib/jvm/temurin-8-jdk-amd64/jre/lib/jfr.jar:/usr/lib/jvm/temurin-8-jdk-amd64/jre/classes"/>
    <property name="hadoop.log.dir" value="/home/runner/work/ozone/ozone/hadoop-ozone/integration-test/target/log"/>
    <property name="sun.management.compiler" value="HotSpot 64-Bit Tiered Compilers"/>
    <property name="java.runtime.version" value="1.8.0_392-b08"/>
    <property name="skip.npx" value="true"/>
    <property name="user.name" value="runner"/>
    <property name="java.net.preferIPv4Stack" value="true"/>
    <property name="path.separator" value=":"/>
    <property name="java.security.egd" value="file:///dev/urandom"/>
    <property name="os.version" value="5.15.0-1051-azure"/>
    <property name="java.endorsed.dirs" value="/usr/lib/jvm/temurin-8-jdk-amd64/jre/lib/endorsed"/>
    <property name="java.runtime.name" value="OpenJDK Runtime Environment"/>
    <property name="com.gradle.maven.scan.extension.test.listener.junitplatform.NestedExecutionSafeDelegatingTestExecutionListener" value="51399530"/>
    <property name="file.encoding" value="UTF-8"/>
    <property name="java.vm.name" value="OpenJDK 64-Bit Server VM"/>
    <property name="test.build.webapps" value=""/>
    <property name="localRepository" value="/home/runner/.m2/repository"/>
    <property name="gradle.enterprise.listener.port" value="43193"/>
    <property name="jetty.git.hash" value="27bde00a0b95a1d5bbee0eae7984f891d2d0f8c9"/>
    <property name="java.vendor.url.bug" value="https://github.com/adoptium/adoptium-support/issues"/>
    <property name="require.test.libhadoop" value=""/>
    <property name="java.io.tmpdir" value="/tmp"/>
    <property name="java.version" value="1.8.0_392"/>
    <property name="user.dir" value="/home/runner/work/ozone/ozone/hadoop-ozone/integration-test"/>
    <property name="os.arch" value="amd64"/>
    <property name="test.build.classes" value="/home/runner/work/ozone/ozone/hadoop-ozone/integration-test/target/test-classes"/>
    <property name="java.vm.specification.name" value="Java Virtual Machine Specification"/>
    <property name="java.awt.printerjob" value="sun.print.PSPrinterJob"/>
    <property name="sun.os.patch.level" value="unknown"/>
    <property name="org.apache.ratis.thirdparty.io.netty.allocator.useCacheForAllThreads" value="false"/>
    <property name="hadoop.tmp.dir" value="/home/runner/work/ozone/ozone/hadoop-ozone/integration-test/target/tmp"/>
    <property name="java.library.path" value="/usr/java/packages/lib/amd64:/usr/lib64:/lib64:/lib:/usr/lib"/>
    <property name="java.vendor" value="Temurin"/>
    <property name="java.vm.info" value="mixed mode"/>
    <property name="java.vm.version" value="25.392-b08"/>
    <property name="java.specification.maintenance.version" value="5"/>
    <property name="sun.io.unicode.encoding" value="UnicodeLittle"/>
    <property name="java.ext.dirs" value="/usr/lib/jvm/temurin-8-jdk-amd64/jre/lib/ext:/usr/java/packages/lib/ext"/>
    <property name="java.class.version" value="52.0"/>
  </properties>
  <testcase name="testAutomaticPipelineCreationOnPipelineDestroy" classname="org.apache.hadoop.hdds.scm.pipeline.TestRatisPipelineCreateAndDestroy" time="23.001">
    <system-out><![CDATA[2023-12-01 12:04:00,811 [main] WARN  server.ServerUtils (ServerUtils.java:getScmDbDir(155)) - ozone.scm.db.dirs is not configured. We recommend adding this setting. Falling back to ozone.metadata.dirs instead.
2023-12-01 12:04:00,977 [main] INFO  reflections.Reflections (Reflections.java:scan(232)) - Reflections took 113 ms to scan 7 urls, producing 163 keys and 389 values 
2023-12-01 12:04:01,097 [main] WARN  server.ServerUtils (ServerUtils.java:getScmDbDir(155)) - ozone.scm.db.dirs is not configured. We recommend adding this setting. Falling back to ozone.metadata.dirs instead.
2023-12-01 12:04:01,100 [main] INFO  ha.SCMHANodeDetails (SCMHANodeDetails.java:loadSCMHAConfig(210)) - ServiceID for StorageContainerManager is null
2023-12-01 12:04:01,106 [main] WARN  ha.SCMHANodeDetails (SCMHANodeDetails.java:validateSCMHAConfig(183)) - Invalid config ozone.scm.ratis.enable. The config was not specified, but the default value true conflicts with the expected config value false. Falling back to the expected value. Current State of SCM: SCM is running in Non-HA without Ratis Ratis SCM -> Non Ratis SCM or Non HA SCM -> HA SCM is not supported
2023-12-01 12:04:01,107 [main] INFO  ha.SCMHANodeDetails (SCMHANodeDetails.java:loadSCMHAConfig(215)) - ozone.scm.default.service.id is not defined, falling back to ozone.scm.service.ids to find serviceID for StorageContainerManager if it is HA enabled cluster
2023-12-01 12:04:01,702 [main] WARN  utils.HAUtils (HAUtils.java:getMetaDir(339)) - ozone.scm.db.dirs is not configured. We recommend adding this setting. Falling back to ozone.metadata.dirs instead.
2023-12-01 12:04:01,823 [main] WARN  db.DBStoreBuilder (DBStoreBuilder.java:applyDBDefinition(167)) - ozone.scm.db.dirs is not configured. We recommend adding this setting. Falling back to ozone.metadata.dirs instead.
2023-12-01 12:04:02,005 [main] INFO  net.NodeSchemaLoader (NodeSchemaLoader.java:loadSchemaFromFile(129)) - Loading schema from [jar:file:/home/runner/.m2/repository/org/apache/ozone/hdds-common/1.4.0-SNAPSHOT/hdds-common-1.4.0-SNAPSHOT.jar!/network-topology-default.xml]
2023-12-01 12:04:02,007 [main] INFO  net.NodeSchemaLoader (NodeSchemaLoader.java:loadSchema(176)) - Loading network topology layer schema file
2023-12-01 12:04:02,041 [main] INFO  metrics.MetricRegistries (MetricRegistriesLoader.java:load(64)) - Loaded MetricRegistries class org.apache.ratis.metrics.dropwizard3.Dm3MetricRegistriesImpl
2023-12-01 12:04:02,052 [main] INFO  upgrade.AbstractLayoutVersionManager (AbstractLayoutVersionManager.java:init(83)) - Initializing Layout version manager with metadata layout = HADOOP_PRC_PORTS_IN_DATANODEDETAILS (version = 7), software layout = HADOOP_PRC_PORTS_IN_DATANODEDETAILS (version = 7)
2023-12-01 12:04:02,201 [main] INFO  ha.SequenceIdGenerator (SequenceIdGenerator.java:upgradeToSequenceId(370)) - upgrade localId to 111677748019200000
2023-12-01 12:04:02,205 [main] INFO  ha.SequenceIdGenerator (SequenceIdGenerator.java:upgradeToSequenceId(380)) - upgrade delTxnId to 0
2023-12-01 12:04:02,211 [main] INFO  ha.SequenceIdGenerator (SequenceIdGenerator.java:upgradeToSequenceId(397)) - upgrade containerId to 0
2023-12-01 12:04:02,213 [main] INFO  ha.SequenceIdGenerator (SequenceIdGenerator.java:upgradeToCertificateSequenceId(444)) - upgrade CertificateId to 2
2023-12-01 12:04:02,216 [main] INFO  ha.SequenceIdGenerator (SequenceIdGenerator.java:<init>(241)) - Init the HA SequenceIdGenerator.
2023-12-01 12:04:02,258 [main] INFO  node.SCMNodeManager (SCMNodeManager.java:<init>(168)) - Entering startup safe mode.
2023-12-01 12:04:02,273 [main] INFO  algorithms.ContainerPlacementPolicyFactory (ContainerPlacementPolicyFactory.java:getPolicyInternal(86)) - Create container placement policy of type org.apache.hadoop.hdds.scm.container.placement.algorithms.SCMContainerPlacementRackAware
2023-12-01 12:04:02,276 [main] INFO  algorithms.ContainerPlacementPolicyFactory (ContainerPlacementPolicyFactory.java:getPolicyInternal(86)) - Create container placement policy of type org.apache.hadoop.hdds.scm.container.placement.algorithms.SCMContainerPlacementRackScatter
2023-12-01 12:04:02,283 [main] INFO  pipeline.PipelineStateManagerImpl (PipelineStateManagerImpl.java:initialize(78)) - No pipeline exists in current db
2023-12-01 12:04:02,294 [main] INFO  algorithms.LeaderChoosePolicyFactory (LeaderChoosePolicyFactory.java:getPolicy(57)) - Create leader choose policy of type org.apache.hadoop.hdds.scm.pipeline.leader.choose.algorithms.MinLeaderCountChoosePolicy
2023-12-01 12:04:02,294 [main] INFO  algorithms.ContainerPlacementPolicyFactory (ContainerPlacementPolicyFactory.java:getPolicyInternal(86)) - Create container placement policy of type org.apache.hadoop.hdds.scm.container.placement.algorithms.SCMContainerPlacementRackScatter
2023-12-01 12:04:02,300 [main] INFO  ha.SCMServiceManager (SCMServiceManager.java:register(42)) - Registering service BackgroundPipelineCreator.
2023-12-01 12:04:02,300 [main] INFO  pipeline.BackgroundPipelineCreator (BackgroundPipelineCreator.java:start(127)) - Starting RatisPipelineUtilsThread.
2023-12-01 12:04:02,303 [main] INFO  BackgroundPipelineScrubber (BackgroundSCMService.java:start(68)) - Starting BackgroundPipelineScrubber Service.
2023-12-01 12:04:02,304 [main] INFO  ha.SCMServiceManager (SCMServiceManager.java:register(42)) - Registering service BackgroundPipelineScrubber.
2023-12-01 12:04:02,309 [main] INFO  ExpiredContainerReplicaOpScrubber (BackgroundSCMService.java:start(68)) - Starting ExpiredContainerReplicaOpScrubber Service.
2023-12-01 12:04:02,311 [main] INFO  ha.SCMServiceManager (SCMServiceManager.java:register(42)) - Registering service ExpiredContainerReplicaOpScrubber.
2023-12-01 12:04:02,332 [main] INFO  algorithms.PipelineChoosePolicyFactory (PipelineChoosePolicyFactory.java:createPipelineChoosePolicyFromClass(78)) - Create pipeline choose policy of type org.apache.hadoop.hdds.scm.pipeline.choose.algorithms.RandomPipelineChoosePolicy
2023-12-01 12:04:02,334 [main] INFO  algorithms.PipelineChoosePolicyFactory (PipelineChoosePolicyFactory.java:createPipelineChoosePolicyFromClass(78)) - Create pipeline choose policy of type org.apache.hadoop.hdds.scm.pipeline.choose.algorithms.RandomPipelineChoosePolicy
2023-12-01 12:04:02,350 [main] INFO  ha.SCMServiceManager (SCMServiceManager.java:register(42)) - Registering service SCMBlockDeletingService.
2023-12-01 12:04:02,401 [main] INFO  replication.ReplicationManager (ReplicationManager.java:start(290)) - Starting Replication Monitor Thread.
2023-12-01 12:04:02,404 [main] INFO  ha.SCMServiceManager (SCMServiceManager.java:register(42)) - Registering service ReplicationManager.
2023-12-01 12:04:02,407 [ReplicationMonitor] INFO  replication.ReplicationManager (ReplicationManager.java:processAll(365)) - Replication Manager is not ready to run until 3000ms after safemode exit
2023-12-01 12:04:02,414 [main] INFO  safemode.ContainerSafeModeRule (ContainerSafeModeRule.java:<init>(90)) - containers with one replica threshold count 0
2023-12-01 12:04:02,418 [main] INFO  safemode.HealthyPipelineSafeModeRule (HealthyPipelineSafeModeRule.java:initializeRule(169)) - Total pipeline count is 0, healthy pipeline threshold count is 1
2023-12-01 12:04:02,421 [main] INFO  safemode.OneReplicaPipelineSafeModeRule (OneReplicaPipelineSafeModeRule.java:initializeRule(180)) - Total pipeline count is 0, pipeline's with at least one datanode reported threshold count is 0
2023-12-01 12:04:02,470 [main] INFO  server.StorageContainerManager (StorageContainerManager.java:<init>(434)) - SCM start with adminUsers: [runner]
2023-12-01 12:04:02,783 [main] INFO  audit.AuditLogger (AuditLogger.java:refreshDebugCmdSet(127)) - Refresh DebugCmdSet for SCMAudit to [].
2023-12-01 12:04:02,814 [main] INFO  ipc.CallQueueManager (CallQueueManager.java:<init>(90)) - Using callQueue: class java.util.concurrent.LinkedBlockingQueue, queueCapacity: 2000, scheduler: class org.apache.hadoop.ipc.DefaultRpcScheduler, ipcBackoff: false.
2023-12-01 12:04:02,848 [main] INFO  ipc.Server (Server.java:<init>(1287)) - Listener at 0.0.0.0:15002
2023-12-01 12:04:02,851 [Socket Reader #1 for port 15002] INFO  ipc.Server (Server.java:run(1323)) - Starting Socket Reader #1 for port 15002
2023-12-01 12:04:02,907 [main] INFO  audit.AuditLogger (AuditLogger.java:refreshDebugCmdSet(127)) - Refresh DebugCmdSet for SCMAudit to [].
2023-12-01 12:04:02,913 [main] INFO  ipc.CallQueueManager (CallQueueManager.java:<init>(90)) - Using callQueue: class java.util.concurrent.LinkedBlockingQueue, queueCapacity: 2000, scheduler: class org.apache.hadoop.ipc.DefaultRpcScheduler, ipcBackoff: false.
2023-12-01 12:04:02,914 [main] INFO  ipc.Server (Server.java:<init>(1287)) - Listener at 0.0.0.0:15001
2023-12-01 12:04:02,915 [Socket Reader #1 for port 15001] INFO  ipc.Server (Server.java:run(1323)) - Starting Socket Reader #1 for port 15001
2023-12-01 12:04:02,948 [main] INFO  audit.AuditLogger (AuditLogger.java:refreshDebugCmdSet(127)) - Refresh DebugCmdSet for SCMAudit to [].
2023-12-01 12:04:02,957 [main] INFO  ipc.CallQueueManager (CallQueueManager.java:<init>(90)) - Using callQueue: class java.util.concurrent.LinkedBlockingQueue, queueCapacity: 2000, scheduler: class org.apache.hadoop.ipc.DefaultRpcScheduler, ipcBackoff: false.
2023-12-01 12:04:02,958 [main] INFO  ipc.Server (Server.java:<init>(1287)) - Listener at 0.0.0.0:15000
2023-12-01 12:04:02,959 [Socket Reader #1 for port 15000] INFO  ipc.Server (Server.java:run(1323)) - Starting Socket Reader #1 for port 15000
2023-12-01 12:04:03,009 [main] INFO  ha.SCMServiceManager (SCMServiceManager.java:register(42)) - Registering service ContainerBalancer.
2023-12-01 12:04:03,011 [main] INFO  server.StorageContainerManager (StorageContainerManager.java:<init>(447)) - 
Container Balancer status:
Key                            Value
Running                        false
Container Balancer Configuration values:
Key                                                Value
Threshold                                          10
Max Datanodes to Involve per Iteration(percent)    20
Max Size to Move per Iteration                     500GB
Max Size Entering Target per Iteration             26GB
Max Size Leaving Source per Iteration              26GB
Number of Iterations                               10
Time Limit for Single Container's Movement         65min
Time Limit for Single Container's Replication      50min
Interval between each Iteration                    70min
Whether to Enable Network Topology                 false
Whether to Trigger Refresh Datanode Usage Info     false
Container IDs to Exclude from Balancing            None
Datanodes Specified to be Balanced                 None
Datanodes Excluded from Balancing                  None

2023-12-01 12:04:03,013 [main] INFO  ha.SCMContext (SCMContext.java:updateSafeModeStatus(230)) - Update SafeModeStatus from SafeModeStatus{safeModeStatus=true, preCheckPassed=false} to SafeModeStatus{safeModeStatus=true, preCheckPassed=false}.
2023-12-01 12:04:03,019 [main] INFO  server.StorageContainerManager (StorageContainerManager.java:start(1512)) - StorageContainerLocationProtocol RPC server is listening at /0.0.0.0:15000
2023-12-01 12:04:03,074 [main] WARN  impl.MetricsConfig (MetricsConfig.java:loadFirst(136)) - Cannot locate configuration: tried hadoop-metrics2-storagecontainermanager.properties,hadoop-metrics2.properties
2023-12-01 12:04:03,084 [main] INFO  impl.MetricsSystemImpl (MetricsSystemImpl.java:startTimer(378)) - Scheduled Metric snapshot period at 10 second(s).
2023-12-01 12:04:03,084 [main] INFO  impl.MetricsSystemImpl (MetricsSystemImpl.java:start(191)) - StorageContainerManager metrics system started
2023-12-01 12:04:03,280 [main] INFO  server.SCMClientProtocolServer (SCMClientProtocolServer.java:start(201)) - RPC server for Client  is listening at /0.0.0.0:15000
2023-12-01 12:04:03,281 [IPC Server Responder] INFO  ipc.Server (Server.java:run(1562)) - IPC Server Responder: starting
2023-12-01 12:04:03,282 [IPC Server listener on 15000] INFO  ipc.Server (Server.java:run(1402)) - IPC Server listener on 15000: starting
2023-12-01 12:04:03,296 [main] INFO  server.StorageContainerManager (StorageContainerManager.java:start(1525)) - ScmBlockLocationProtocol RPC server is listening at /0.0.0.0:15001
2023-12-01 12:04:03,297 [main] INFO  server.SCMBlockProtocolServer (SCMBlockProtocolServer.java:start(158)) - RPC server for Block Protocol is listening at /0.0.0.0:15001
2023-12-01 12:04:03,298 [IPC Server Responder] INFO  ipc.Server (Server.java:run(1562)) - IPC Server Responder: starting
2023-12-01 12:04:03,298 [IPC Server listener on 15001] INFO  ipc.Server (Server.java:run(1402)) - IPC Server listener on 15001: starting
2023-12-01 12:04:03,313 [main] INFO  server.SCMDatanodeProtocolServer (SCMDatanodeProtocolServer.java:start(193)) - ScmDatanodeProtocol RPC server for DataNodes is listening at /0.0.0.0:15002
2023-12-01 12:04:03,314 [IPC Server Responder] INFO  ipc.Server (Server.java:run(1562)) - IPC Server Responder: starting
2023-12-01 12:04:03,315 [IPC Server listener on 15002] INFO  ipc.Server (Server.java:run(1402)) - IPC Server listener on 15002: starting
2023-12-01 12:04:03,320 [JvmPauseMonitor0] INFO  util.JvmPauseMonitor (JvmPauseMonitor.java:run(146)) - JvmPauseMonitor-5733cf2e-d325-44a6-91eb-3d40d214c2f0: Started
2023-12-01 12:04:03,329 [main] INFO  http.BaseHttpServer (BaseHttpServer.java:newHttpServer2BuilderForOzone(223)) - Starting Web-server for scm at: http://0.0.0.0:15003
2023-12-01 12:04:03,329 [main] INFO  http.BaseHttpServer (BaseHttpServer.java:<init>(110)) - Hadoop Security Enabled: false Ozone Security Enabled: false Ozone HTTP Security Enabled: false 
2023-12-01 12:04:03,347 [main] INFO  util.log (Log.java:initialized(170)) - Logging initialized @3786ms to org.eclipse.jetty.util.log.Slf4jLog
2023-12-01 12:04:03,415 [main] WARN  server.AuthenticationFilter (AuthenticationFilter.java:constructSecretProvider(240)) - Unable to initialize FileSignerSecretProvider, falling back to use random secrets. Reason: Could not read signature secret file: /home/runner/hadoop-http-auth-signature-secret
2023-12-01 12:04:03,420 [main] INFO  http.HttpRequestLog (HttpRequestLog.java:getRequestLog(86)) - Http request log for http.requests.scm is not defined
2023-12-01 12:04:03,425 [main] INFO  http.HttpServer2 (HttpServer2.java:addGlobalFilter(1031)) - Added global filter 'safety' (class=org.apache.hadoop.hdds.server.http.HttpServer2$QuotingInputFilter)
2023-12-01 12:04:03,427 [main] INFO  http.HttpServer2 (HttpServer2.java:addFilter(1007)) - Added filter static_user_filter (class=org.apache.hadoop.http.lib.StaticUserWebFilter$StaticUserFilter) to context scm
2023-12-01 12:04:03,427 [main] INFO  http.HttpServer2 (HttpServer2.java:addFilter(1015)) - Added filter static_user_filter (class=org.apache.hadoop.http.lib.StaticUserWebFilter$StaticUserFilter) to context static
2023-12-01 12:04:03,428 [main] INFO  http.HttpServer2 (HttpServer2.java:addFilter(1015)) - Added filter static_user_filter (class=org.apache.hadoop.http.lib.StaticUserWebFilter$StaticUserFilter) to context logs
2023-12-01 12:04:03,453 [main] INFO  http.BaseHttpServer (BaseHttpServer.java:<init>(189)) - HTTP server of scm uses base directory /home/runner/work/ozone/ozone/hadoop-ozone/integration-test/target/test-dir/MiniOzoneClusterImpl-d99da5cf-54e3-4304-baea-1cefc2b4c4dc/ozone-meta/webserver
2023-12-01 12:04:03,454 [main] INFO  http.HttpServer2 (HttpServer2.java:bindListener(1231)) - Jetty bound to port 15003
2023-12-01 12:04:03,455 [main] INFO  server.Server (Server.java:doStart(375)) - jetty-9.4.53.v20231009; built: 2023-10-09T12:29:09.265Z; git: 27bde00a0b95a1d5bbee0eae7984f891d2d0f8c9; jvm 1.8.0_392-b08
2023-12-01 12:04:03,476 [main] INFO  server.session (DefaultSessionIdManager.java:doStart(334)) - DefaultSessionIdManager workerName=node0
2023-12-01 12:04:03,476 [main] INFO  server.session (DefaultSessionIdManager.java:doStart(339)) - No SessionScavenger set, using defaults
2023-12-01 12:04:03,478 [main] INFO  server.session (HouseKeeper.java:startScavenging(132)) - node0 Scavenging every 600000ms
2023-12-01 12:04:03,486 [main] INFO  handler.ContextHandler (ContextHandler.java:doStart(921)) - Started o.e.j.s.ServletContextHandler@15f3f9cf{logs,/logs,file:///home/runner/work/ozone/ozone/hadoop-ozone/integration-test/target/log,AVAILABLE}
2023-12-01 12:04:03,487 [main] INFO  handler.ContextHandler (ContextHandler.java:doStart(921)) - Started o.e.j.s.ServletContextHandler@64404db6{static,/static,file:///home/runner/work/ozone/ozone/hadoop-ozone/integration-test/target/test-classes/webapps/static,AVAILABLE}
2023-12-01 12:04:03,519 [main] INFO  handler.ContextHandler (ContextHandler.java:doStart(921)) - Started o.e.j.w.WebAppContext@418f0f27{scm,/,file:///home/runner/work/ozone/ozone/hadoop-ozone/integration-test/target/test-classes/webapps/scm/,AVAILABLE}{file:/home/runner/work/ozone/ozone/hadoop-ozone/integration-test/target/test-classes/webapps/scm}
2023-12-01 12:04:03,524 [main] INFO  server.AbstractConnector (AbstractConnector.java:doStart(333)) - Started ServerConnector@5c883b3f{HTTP/1.1, (http/1.1)}{0.0.0.0:15003}
2023-12-01 12:04:03,525 [main] INFO  server.Server (Server.java:doStart(415)) - Started @3964ms
2023-12-01 12:04:03,527 [main] INFO  impl.MetricsSinkAdapter (MetricsSinkAdapter.java:start(204)) - Sink prometheus started
2023-12-01 12:04:03,527 [main] INFO  impl.MetricsSystemImpl (MetricsSystemImpl.java:registerSink(305)) - Registered sink prometheus
2023-12-01 12:04:03,529 [main] INFO  http.BaseHttpServer (BaseHttpServer.java:updateConnectorAddress(354)) - HTTP server of scm listening at http://0.0.0.0:15003
2023-12-01 12:04:03,532 [main] WARN  server.ServerUtils (ServerUtils.java:getDBPath(311)) - ozone.om.db.dirs is not configured. We recommend adding this setting. Falling back to ozone.metadata.dirs instead.
2023-12-01 12:04:03,594 [main] INFO  audit.AuditLogger (AuditLogger.java:refreshDebugCmdSet(127)) - Refresh DebugCmdSet for OMAudit to [].
2023-12-01 12:04:03,668 [main] INFO  ha.OMHANodeDetails (OMHANodeDetails.java:loadOMHAConfig(115)) - ozone.om.internal.service.id is not defined, falling back to ozone.om.service.ids to find serviceID for OzoneManager if it is HA enabled cluster
2023-12-01 12:04:03,672 [main] INFO  ha.OMHANodeDetails (OMHANodeDetails.java:loadOMHAConfig(226)) - Configuration does not have ozone.om.address set. Falling back to the default OM address /127.0.0.1:15004
2023-12-01 12:04:03,672 [main] INFO  ha.OMHANodeDetails (OMHANodeDetails.java:getOMNodeDetailsForNonHA(254)) - OM Service ID is not set. Setting it to the default ID: omServiceIdDefault
2023-12-01 12:04:03,672 [main] INFO  ha.OMHANodeDetails (OMHANodeDetails.java:getOMNodeDetailsForNonHA(261)) - OM Node ID is not set. Setting it to the default ID: om1
2023-12-01 12:04:03,676 [main] WARN  server.ServerUtils (ServerUtils.java:getDBPath(311)) - ozone.om.db.dirs is not configured. We recommend adding this setting. Falling back to ozone.metadata.dirs instead.
2023-12-01 12:04:03,680 [main] INFO  upgrade.AbstractLayoutVersionManager (AbstractLayoutVersionManager.java:init(83)) - Initializing Layout version manager with metadata layout = QUOTA (version = 6), software layout = QUOTA (version = 6)
2023-12-01 12:04:03,732 [main] INFO  reflections.Reflections (Reflections.java:scan(232)) - Reflections took 48 ms to scan 2 urls, producing 190 keys and 527 values [using 4 cores]
2023-12-01 12:04:03,736 [main] INFO  upgrade.OMLayoutVersionManager (OMLayoutVersionManager.java:lambda$0(115)) - Skipping Upgrade Action MockOmUpgradeAction since it has been finalized.
2023-12-01 12:04:03,736 [main] INFO  upgrade.OMLayoutVersionManager (OMLayoutVersionManager.java:lambda$0(115)) - Skipping Upgrade Action QuotaRepairUpgradeAction since it has been finalized.
2023-12-01 12:04:03,738 [main] WARN  server.ServerUtils (ServerUtils.java:getDBPath(311)) - ozone.om.db.dirs is not configured. We recommend adding this setting. Falling back to ozone.metadata.dirs instead.
2023-12-01 12:04:03,848 [main] INFO  proxy.SCMBlockLocationFailoverProxyProvider (SCMBlockLocationFailoverProxyProvider.java:<init>(115)) - Created block location fail-over proxy with 1 nodes: [nodeId=scmNodeId,nodeAddress=/0.0.0.0:15001]
2023-12-01 12:04:03,873 [main] INFO  proxy.SCMBlockLocationFailoverProxyProvider (SCMBlockLocationFailoverProxyProvider.java:<init>(115)) - Created block location fail-over proxy with 1 nodes: [nodeId=scmNodeId,nodeAddress=/0.0.0.0:15001]
2023-12-01 12:04:04,049 [main] INFO  om.OzoneManager (OzoneManager.java:<init>(674)) - OM start with adminUsers: [runner]
2023-12-01 12:04:04,064 [main] WARN  server.ServerUtils (ServerUtils.java:getDBPath(311)) - ozone.om.db.dirs is not configured. We recommend adding this setting. Falling back to ozone.metadata.dirs instead.
2023-12-01 12:04:04,086 [main] INFO  helpers.OmKeyInfo (OmKeyInfo.java:getCodec(71)) - OmKeyInfo.getCodec ignorePipeline = true
2023-12-01 12:04:04,319 [main] INFO  om.OzoneManager (OzoneManager.java:instantiateServices(808)) - S3 Multi-Tenancy is disabled
2023-12-01 12:04:04,349 [main] INFO  om.OmSnapshotManager (OmSnapshotManager.java:<init>(176)) - Ozone filesystem snapshot feature is enabled.
2023-12-01 12:04:04,357 [main] WARN  server.ServerUtils (ServerUtils.java:getDBPath(311)) - ozone.om.snapshot.diff.db.dir is not configured. We recommend adding this setting. Falling back to ozone.metadata.dirs instead.
2023-12-01 12:04:04,386 [main] INFO  utils.NativeLibraryLoader (NativeLibraryLoader.java:loadLibrary(108)) - Loading Library: ozone_rocksdb_tools
2023-12-01 12:04:04,388 [main] INFO  snapshot.SnapshotDiffManager (SnapshotDiffManager.java:closeExecutorService(1716)) - Shutting down executorService: 'SstDumpToolExecutor'
2023-12-01 12:04:04,432 [main] INFO  om.OzoneManager (OzoneManager.java:addS3GVolumeToDB(4440)) - Created Volume s3v With Owner runner required for S3Gateway operations.
2023-12-01 12:04:04,487 [main] WARN  server.ServerUtils (ServerUtils.java:getDefaultRatisDirectory(323)) - Storage directory for Ratis is not configured. It is a good idea to map this to an SSD disk. Falling back to ozone.metadata.dirs
2023-12-01 12:04:04,488 [main] WARN  utils.OzoneManagerRatisUtils (OzoneManagerRatisUtils.java:getOMRatisSnapshotDirectory(473)) - ozone.om.ratis.snapshot.dir is not configured. Falling back to ozone.metadata.dirs config
2023-12-01 12:04:04,500 [main] WARN  server.ServerUtils (ServerUtils.java:getDefaultRatisDirectory(323)) - Storage directory for Ratis is not configured. It is a good idea to map this to an SSD disk. Falling back to ozone.metadata.dirs
2023-12-01 12:04:04,520 [main] INFO  ratis.OzoneManagerRatisServer (OzoneManagerRatisServer.java:<init>(168)) - Instantiating OM Ratis server with groupID: omServiceIdDefault and peers: localhost:15007
2023-12-01 12:04:04,529 [main] INFO  ratis.OzoneManagerStateMachine (OzoneManagerStateMachine.java:loadSnapshotInfoFromDB(708)) - LastAppliedIndex is set from TransactionInfo from OM DB as (t:0, i:~)
2023-12-01 12:04:04,582 [main] INFO  server.RaftServer (ConfUtils.java:logGet(46)) - raft.rpc.type = GRPC (default)
2023-12-01 12:04:04,589 [main] INFO  grpc.GrpcConfigKeys (ConfUtils.java:logFallback(53)) - raft.grpc.admin.host = null (fallback to raft.grpc.server.host)
2023-12-01 12:04:04,590 [main] INFO  grpc.GrpcConfigKeys (ConfUtils.java:logFallback(53)) - raft.grpc.admin.port = 15007 (fallback to raft.grpc.server.port)
2023-12-01 12:04:04,591 [main] INFO  grpc.GrpcConfigKeys (ConfUtils.java:logFallback(53)) - raft.grpc.client.host = null (fallback to raft.grpc.server.host)
2023-12-01 12:04:04,592 [main] INFO  grpc.GrpcConfigKeys (ConfUtils.java:logFallback(53)) - raft.grpc.client.port = 15007 (fallback to raft.grpc.server.port)
2023-12-01 12:04:04,592 [main] INFO  grpc.GrpcConfigKeys (ConfUtils.java:logGet(46)) - raft.grpc.server.host = null (default)
2023-12-01 12:04:04,592 [main] INFO  grpc.GrpcConfigKeys (ConfUtils.java:logGet(46)) - raft.grpc.server.port = 15007 (custom)
2023-12-01 12:04:04,593 [main] INFO  server.GrpcService (ConfUtils.java:logGet(46)) - raft.grpc.message.size.max = 33554432 (custom)
2023-12-01 12:04:04,594 [main] INFO  server.RaftServerConfigKeys (ConfUtils.java:logGet(46)) - raft.server.log.appender.buffer.byte-limit = 33554432 (custom)
2023-12-01 12:04:04,595 [main] INFO  server.GrpcService (ConfUtils.java:logGet(46)) - raft.grpc.flow.control.window = 1MB (=1048576) (default)
2023-12-01 12:04:04,595 [main] INFO  server.RaftServerConfigKeys (ConfUtils.java:logGet(46)) - raft.server.rpc.request.timeout = 3000ms (default)
2023-12-01 12:04:04,602 [main] INFO  grpc.GrpcConfigKeys (ConfUtils.java:logGet(46)) - raft.grpc.server.heartbeat.channel = true (default)
2023-12-01 12:04:04,605 [main] INFO  grpc.GrpcConfigKeys (ConfUtils.java:logGet(46)) - raft.grpc.server.async.request.thread.pool.cached = true (default)
2023-12-01 12:04:04,606 [main] INFO  grpc.GrpcConfigKeys (ConfUtils.java:logGet(46)) - raft.grpc.server.async.request.thread.pool.size = 32 (default)
2023-12-01 12:04:04,889 [main] INFO  impl.DataStreamServerImpl (ConfUtils.java:logGet(46)) - raft.datastream.type = DISABLED (default)
2023-12-01 12:04:04,891 [main] INFO  server.RaftServerConfigKeys (ConfUtils.java:logGet(46)) - raft.server.sleep.deviation.threshold = 300ms (default)
2023-12-01 12:04:04,891 [main] INFO  server.RaftServerConfigKeys (ConfUtils.java:logGet(46)) - raft.server.close.threshold = 60s (default)
2023-12-01 12:04:04,891 [main] INFO  server.RaftServerConfigKeys (ConfUtils.java:logGet(46)) - raft.server.leaderelection.leader.step-down.wait-time = 10s (default)
2023-12-01 12:04:04,893 [main] INFO  server.RaftServerConfigKeys (ConfUtils.java:logGet(46)) - raft.server.storage.dir = [/home/runner/work/ozone/ozone/hadoop-ozone/integration-test/target/test-dir/MiniOzoneClusterImpl-d99da5cf-54e3-4304-baea-1cefc2b4c4dc/ozone-meta/ratis] (custom)
2023-12-01 12:04:04,894 [main] INFO  server.RaftServerConfigKeys (ConfUtils.java:logGet(46)) - raft.server.threadpool.proxy.cached = true (default)
2023-12-01 12:04:04,894 [main] INFO  server.RaftServerConfigKeys (ConfUtils.java:logGet(46)) - raft.server.threadpool.proxy.size = 0 (default)
2023-12-01 12:04:04,901 [main] INFO  server.RaftServer (RaftServerProxy.java:addNew(100)) - om1: addNew group-C5BA1605619E:[om1|localhost:15007] returns group-C5BA1605619E:java.util.concurrent.CompletableFuture@44fcf2b2[Not completed]
2023-12-01 12:04:04,901 [main] INFO  om.OzoneManager (OzoneManager.java:initializeRatisServer(2144)) - OzoneManager Ratis server initialized at port 15007
2023-12-01 12:04:04,906 [main] INFO  om.OzoneManager (OzoneManager.java:getRpcServer(1210)) - Creating RPC Server
2023-12-01 12:04:04,922 [om1-groupManagement] INFO  server.RaftServer$Division (RaftServerImpl.java:<init>(256)) - om1: new RaftServerImpl for group-C5BA1605619E:[om1|localhost:15007] with OzoneManagerStateMachine:uninitialized
2023-12-01 12:04:04,925 [om1-groupManagement] INFO  server.RaftServerConfigKeys (ConfUtils.java:logGet(46)) - raft.server.rpc.timeout.min = 1s (custom)
2023-12-01 12:04:04,925 [om1-groupManagement] INFO  server.RaftServerConfigKeys (ConfUtils.java:logGet(46)) - raft.server.rpc.timeout.max = 1200ms (custom)
2023-12-01 12:04:04,925 [om1-groupManagement] INFO  server.RaftServerConfigKeys (ConfUtils.java:logGet(46)) - raft.server.rpc.sleep.time = 25ms (default)
2023-12-01 12:04:04,926 [om1-groupManagement] INFO  server.RaftServerConfigKeys (ConfUtils.java:logGet(46)) - raft.server.rpc.slowness.timeout = 120s (custom)
2023-12-01 12:04:04,926 [om1-groupManagement] INFO  server.RaftServerConfigKeys (ConfUtils.java:logGet(46)) - raft.server.leaderelection.leader.step-down.wait-time = 10s (default)
2023-12-01 12:04:04,926 [om1-groupManagement] INFO  server.RaftServerConfigKeys (ConfUtils.java:logGet(46)) - raft.server.leaderelection.member.majority-add = false (default)
2023-12-01 12:04:04,926 [om1-groupManagement] INFO  server.RaftServerConfigKeys (ConfUtils.java:logGet(46)) - raft.server.sleep.deviation.threshold = 300ms (default)
2023-12-01 12:04:04,933 [om1-groupManagement] INFO  server.RaftServer$Division (ServerState.java:<init>(113)) - om1@group-C5BA1605619E: ConfigurationManager, init=-1: peers:[om1|localhost:15007]|listeners:[], old=null, confs=<EMPTY_MAP>
2023-12-01 12:04:04,938 [om1-groupManagement] INFO  server.RaftServerConfigKeys (ConfUtils.java:logGet(46)) - raft.server.notification.no-leader.timeout = 120s (custom)
2023-12-01 12:04:04,942 [om1-groupManagement] INFO  server.RaftServerConfigKeys (ConfUtils.java:logGet(46)) - raft.server.read.timeout = 10s (default)
2023-12-01 12:04:04,948 [om1-groupManagement] INFO  server.RaftServerConfigKeys (ConfUtils.java:logGet(46)) - raft.server.retrycache.expirytime = 300s (custom)
2023-12-01 12:04:04,948 [om1-groupManagement] INFO  server.RaftServerConfigKeys (ConfUtils.java:logGet(46)) - raft.server.retrycache.statistics.expirytime = 100ms (default)
2023-12-01 12:04:04,952 [om1-groupManagement] INFO  server.RaftServerConfigKeys (ConfUtils.java:logGet(46)) - raft.server.read.option = DEFAULT (default)
2023-12-01 12:04:04,956 [om1-groupManagement] INFO  server.RaftServerConfigKeys (ConfUtils.java:logGet(46)) - raft.server.read.read-after-write-consistent.write-index-cache.expiry-time = 60s (default)
2023-12-01 12:04:05,048 [om1-groupManagement] INFO  server.RaftServerConfigKeys (ConfUtils.java:logGet(46)) - raft.server.rpc.request.timeout = 3000ms (default)
2023-12-01 12:04:05,053 [om1-groupManagement] INFO  server.RaftServerConfigKeys (ConfUtils.java:logGet(46)) - raft.server.log.appender.install.snapshot.enabled = false (custom)
2023-12-01 12:04:05,054 [om1-groupManagement] INFO  server.RaftServerConfigKeys (ConfUtils.java:logGet(46)) - raft.server.threadpool.server.cached = true (default)
2023-12-01 12:04:05,054 [om1-groupManagement] INFO  server.RaftServerConfigKeys (ConfUtils.java:logGet(46)) - raft.server.threadpool.server.size = 0 (default)
2023-12-01 12:04:05,055 [om1-groupManagement] INFO  server.RaftServerConfigKeys (ConfUtils.java:logGet(46)) - raft.server.threadpool.client.cached = true (default)
2023-12-01 12:04:05,055 [om1-groupManagement] INFO  server.RaftServerConfigKeys (ConfUtils.java:logGet(46)) - raft.server.threadpool.client.size = 0 (default)
2023-12-01 12:04:05,444 [main] INFO  reflections.Reflections (Reflections.java:scan(232)) - Reflections took 494 ms to scan 20 urls, producing 71 keys and 6125 values [using 4 cores]
2023-12-01 12:04:05,590 [main] INFO  ipc.CallQueueManager (CallQueueManager.java:<init>(90)) - Using callQueue: class java.util.concurrent.LinkedBlockingQueue, queueCapacity: 2000, scheduler: class org.apache.hadoop.ipc.DefaultRpcScheduler, ipcBackoff: false.
2023-12-01 12:04:05,591 [main] INFO  ipc.Server (Server.java:<init>(1287)) - Listener at 127.0.0.1:15004
2023-12-01 12:04:05,591 [Socket Reader #1 for port 15004] INFO  ipc.Server (Server.java:run(1323)) - Starting Socket Reader #1 for port 15004
2023-12-01 12:04:05,621 [main] INFO  impl.MetricsSystemImpl (MetricsSystemImpl.java:init(158)) - OzoneManager metrics system started (again)
2023-12-01 12:04:05,635 [main] INFO  om.OzoneManager (OzoneManager.java:start(1632)) - OzoneManager RPC server is listening at localhost/127.0.0.1:15004
2023-12-01 12:04:05,636 [main] INFO  ratis.OzoneManagerRatisServer (OzoneManagerRatisServer.java:start(585)) - Starting OzoneManagerRatisServer om1 at port 15007
2023-12-01 12:04:05,640 [om1-impl-thread1] INFO  server.RaftServerConfigKeys (ConfUtils.java:logGet(46)) - raft.server.storage.free-space.min = 0MB (=0) (default)
2023-12-01 12:04:05,640 [om1-impl-thread1] INFO  server.RaftServerConfigKeys (ConfUtils.java:logGet(46)) - raft.server.log.corruption.policy = EXCEPTION (default)
2023-12-01 12:04:05,640 [om1-impl-thread1] INFO  server.RaftServerConfigKeys (ConfUtils.java:logGet(46)) - raft.server.storage.dir = [/home/runner/work/ozone/ozone/hadoop-ozone/integration-test/target/test-dir/MiniOzoneClusterImpl-d99da5cf-54e3-4304-baea-1cefc2b4c4dc/ozone-meta/ratis] (custom)
2023-12-01 12:04:05,645 [om1-impl-thread1] INFO  storage.RaftStorageDirectory (RaftStorageDirectoryImpl.java:analyzeStorage(138)) - The storage directory /home/runner/work/ozone/ozone/hadoop-ozone/integration-test/target/test-dir/MiniOzoneClusterImpl-d99da5cf-54e3-4304-baea-1cefc2b4c4dc/ozone-meta/ratis/bf265839-605b-3f16-9796-c5ba1605619e does not exist. Creating ...
2023-12-01 12:04:05,648 [om1-impl-thread1] INFO  storage.RaftStorageDirectory (RaftStorageDirectoryImpl.java:tryLock(232)) - Lock on /home/runner/work/ozone/ozone/hadoop-ozone/integration-test/target/test-dir/MiniOzoneClusterImpl-d99da5cf-54e3-4304-baea-1cefc2b4c4dc/ozone-meta/ratis/bf265839-605b-3f16-9796-c5ba1605619e/in_use.lock acquired by nodename 15370@fv-az1423-675
2023-12-01 12:04:05,653 [om1-impl-thread1] INFO  storage.RaftStorage (RaftStorageImpl.java:format(97)) - Storage directory /home/runner/work/ozone/ozone/hadoop-ozone/integration-test/target/test-dir/MiniOzoneClusterImpl-d99da5cf-54e3-4304-baea-1cefc2b4c4dc/ozone-meta/ratis/bf265839-605b-3f16-9796-c5ba1605619e has been successfully formatted.
2023-12-01 12:04:05,656 [om1-impl-thread1] INFO  server.RaftServerConfigKeys (ConfUtils.java:logGet(46)) - raft.server.log.use.memory = false (default)
2023-12-01 12:04:05,663 [om1-impl-thread1] INFO  server.RaftServerConfigKeys (ConfUtils.java:logGet(46)) - raft.server.log.purge.gap = 1000000 (custom)
2023-12-01 12:04:05,663 [om1-impl-thread1] INFO  server.RaftServerConfigKeys (ConfUtils.java:logGet(46)) - raft.server.log.appender.buffer.byte-limit = 33554432 (custom)
2023-12-01 12:04:05,665 [om1-impl-thread1] INFO  server.RaftServerConfigKeys (ConfUtils.java:logGet(46)) - raft.server.log.statemachine.data.read.timeout = 1000ms (default)
2023-12-01 12:04:05,665 [om1-impl-thread1] INFO  server.RaftServerConfigKeys (ConfUtils.java:logGet(46)) - raft.server.log.purge.preservation.log.num = 0 (default)
2023-12-01 12:04:05,669 [om1-impl-thread1] INFO  server.RaftServerConfigKeys (ConfUtils.java:logGet(46)) - raft.server.log.segment.size.max = 4194304 (custom)
2023-12-01 12:04:05,674 [om1-impl-thread1] INFO  server.RaftServerConfigKeys (ConfUtils.java:logGet(46)) - raft.server.log.segment.cache.num.max = 2 (custom)
2023-12-01 12:04:05,674 [om1-impl-thread1] INFO  server.RaftServerConfigKeys (ConfUtils.java:logGet(46)) - raft.server.log.segment.cache.size.max = 200MB (=209715200) (default)
2023-12-01 12:04:05,674 [om1-impl-thread1] INFO  server.RaftServerConfigKeys (ConfUtils.java:logGet(46)) - raft.server.log.appender.buffer.byte-limit = 33554432 (custom)
2023-12-01 12:04:05,675 [om1-impl-thread1] INFO  util.AwaitToRun (AwaitToRun.java:start(81)) - Thread[om1@group-C5BA1605619E-cacheEviction-AwaitToRun,5,main] started
2023-12-01 12:04:05,679 [om1-impl-thread1] INFO  segmented.SegmentedRaftLogWorker (SegmentedRaftLogWorker.java:<init>(184)) - new om1@group-C5BA1605619E-SegmentedRaftLogWorker for RaftStorageImpl:Storage Directory /home/runner/work/ozone/ozone/hadoop-ozone/integration-test/target/test-dir/MiniOzoneClusterImpl-d99da5cf-54e3-4304-baea-1cefc2b4c4dc/ozone-meta/ratis/bf265839-605b-3f16-9796-c5ba1605619e
2023-12-01 12:04:05,680 [om1-impl-thread1] INFO  server.RaftServerConfigKeys (ConfUtils.java:logGet(46)) - raft.server.log.queue.byte-limit = 64MB (=67108864) (default)
2023-12-01 12:04:05,680 [om1-impl-thread1] INFO  server.RaftServerConfigKeys (ConfUtils.java:logGet(46)) - raft.server.log.queue.element-limit = 4096 (default)
2023-12-01 12:04:05,682 [om1-impl-thread1] INFO  server.RaftServerConfigKeys (ConfUtils.java:logGet(46)) - raft.server.log.segment.size.max = 4194304 (custom)
2023-12-01 12:04:05,682 [om1-impl-thread1] INFO  server.RaftServerConfigKeys (ConfUtils.java:logGet(46)) - raft.server.log.preallocated.size = 4194304 (custom)
2023-12-01 12:04:05,683 [om1-impl-thread1] INFO  server.RaftServerConfigKeys (ConfUtils.java:logGet(46)) - raft.server.log.force.sync.num = 128 (default)
2023-12-01 12:04:05,684 [om1-impl-thread1] INFO  server.RaftServerConfigKeys (ConfUtils.java:logGet(46)) - raft.server.log.statemachine.data.sync = true (default)
2023-12-01 12:04:05,684 [om1-impl-thread1] INFO  server.RaftServerConfigKeys (ConfUtils.java:logGet(46)) - raft.server.log.statemachine.data.sync.timeout = 10s (default)
2023-12-01 12:04:05,685 [om1-impl-thread1] INFO  server.RaftServerConfigKeys (ConfUtils.java:logGet(46)) - raft.server.log.statemachine.data.sync.timeout.retry = -1 (default)
2023-12-01 12:04:05,687 [om1-impl-thread1] INFO  server.RaftServerConfigKeys (ConfUtils.java:logGet(46)) - raft.server.log.write.buffer.size = 64KB (=65536) (default)
2023-12-01 12:04:05,687 [om1-impl-thread1] INFO  server.RaftServerConfigKeys (ConfUtils.java:logGet(46)) - raft.server.log.appender.buffer.byte-limit = 33554432 (custom)
2023-12-01 12:04:05,688 [om1-impl-thread1] INFO  server.RaftServerConfigKeys (ConfUtils.java:logGet(46)) - raft.server.log.unsafe-flush.enabled = false (default)
2023-12-01 12:04:05,689 [om1-impl-thread1] INFO  server.RaftServerConfigKeys (ConfUtils.java:logGet(46)) - raft.server.log.async-flush.enabled = false (default)
2023-12-01 12:04:05,689 [om1-impl-thread1] INFO  server.RaftServerConfigKeys (ConfUtils.java:logGet(46)) - raft.server.log.statemachine.data.caching.enabled = false (default)
2023-12-01 12:04:05,693 [om1-impl-thread1] INFO  segmented.SegmentedRaftLogWorker (SegmentedRaftLogWorker.java:lambda$new$0(135)) - om1@group-C5BA1605619E-SegmentedRaftLogWorker: flushIndex: setUnconditionally 0 -> -1
2023-12-01 12:04:05,694 [om1-impl-thread1] INFO  segmented.SegmentedRaftLogWorker (SegmentedRaftLogWorker.java:lambda$new$0(135)) - om1@group-C5BA1605619E-SegmentedRaftLogWorker: safeCacheEvictIndex: setUnconditionally 0 -> -1
2023-12-01 12:04:05,695 [om1-impl-thread1] INFO  server.RaftServer$Division (RaftServerImpl.java:start(392)) - om1@group-C5BA1605619E: start as a follower, conf=-1: peers:[om1|localhost:15007]|listeners:[], old=null
2023-12-01 12:04:05,695 [om1-impl-thread1] INFO  server.RaftServer$Division (RaftServerImpl.java:setRole(379)) - om1@group-C5BA1605619E: changes role from      null to FOLLOWER at term 0 for startAsFollower
2023-12-01 12:04:05,697 [om1-impl-thread1] INFO  impl.RoleInfo (RoleInfo.java:updateAndGet(139)) - om1: start om1@group-C5BA1605619E-FollowerState
2023-12-01 12:04:05,697 [om1@group-C5BA1605619E-FollowerState] INFO  server.RaftServerConfigKeys (ConfUtils.java:logFallback(53)) - raft.server.rpc.first-election.timeout.min = 1s (fallback to raft.server.rpc.timeout.min)
2023-12-01 12:04:05,697 [om1@group-C5BA1605619E-FollowerState] INFO  server.RaftServerConfigKeys (ConfUtils.java:logFallback(53)) - raft.server.rpc.first-election.timeout.max = 1200ms (fallback to raft.server.rpc.timeout.max)
2023-12-01 12:04:05,698 [om1-impl-thread1] INFO  util.JmxRegister (JmxRegister.java:tryRegister(44)) - Successfully registered JMX Bean with object name Ratis:service=RaftServer,group=group-C5BA1605619E,id=om1
2023-12-01 12:04:05,700 [om1-impl-thread1] INFO  server.RaftServerConfigKeys (ConfUtils.java:logGet(46)) - raft.server.snapshot.trigger-when-stop.enabled = true (default)
2023-12-01 12:04:05,700 [om1-impl-thread1] INFO  server.RaftServerConfigKeys (ConfUtils.java:logGet(46)) - raft.server.snapshot.auto.trigger.enabled = true (custom)
2023-12-01 12:04:05,700 [om1-impl-thread1] INFO  server.RaftServerConfigKeys (ConfUtils.java:logGet(46)) - raft.server.snapshot.auto.trigger.threshold = 400000 (default)
2023-12-01 12:04:05,701 [om1-impl-thread1] INFO  server.RaftServerConfigKeys (ConfUtils.java:logGet(46)) - raft.server.snapshot.retention.file.num = -1 (default)
2023-12-01 12:04:05,701 [om1-impl-thread1] INFO  server.RaftServerConfigKeys (ConfUtils.java:logGet(46)) - raft.server.log.purge.upto.snapshot.index = true (custom)
2023-12-01 12:04:05,705 [main] INFO  server.RaftServer (RaftServerProxy.java:startImpl(406)) - om1: start RPC server
2023-12-01 12:04:05,742 [main] INFO  server.GrpcService (GrpcService.java:startImpl(302)) - om1: GrpcService started, listening on 15007
2023-12-01 12:04:05,743 [JvmPauseMonitor1] INFO  util.JvmPauseMonitor (JvmPauseMonitor.java:run(146)) - JvmPauseMonitor-om1: Started
2023-12-01 12:04:05,744 [main] INFO  om.OzoneManager (OzoneManager.java:start(1648)) - Version File has different layout version (6) than OM DB (null). That is expected if this OM has never been finalized to a newer layout version.
2023-12-01 12:04:05,763 [main] INFO  http.BaseHttpServer (BaseHttpServer.java:newHttpServer2BuilderForOzone(223)) - Starting Web-server for ozoneManager at: http://0.0.0.0:15005
2023-12-01 12:04:05,763 [main] INFO  http.BaseHttpServer (BaseHttpServer.java:<init>(110)) - Hadoop Security Enabled: false Ozone Security Enabled: false Ozone HTTP Security Enabled: false 
2023-12-01 12:04:05,765 [main] WARN  server.AuthenticationFilter (AuthenticationFilter.java:constructSecretProvider(240)) - Unable to initialize FileSignerSecretProvider, falling back to use random secrets. Reason: Could not read signature secret file: /home/runner/hadoop-http-auth-signature-secret
2023-12-01 12:04:05,765 [main] INFO  http.HttpRequestLog (HttpRequestLog.java:getRequestLog(86)) - Http request log for http.requests.ozoneManager is not defined
2023-12-01 12:04:05,768 [main] INFO  http.HttpServer2 (HttpServer2.java:addGlobalFilter(1031)) - Added global filter 'safety' (class=org.apache.hadoop.hdds.server.http.HttpServer2$QuotingInputFilter)
2023-12-01 12:04:05,769 [main] INFO  http.HttpServer2 (HttpServer2.java:addFilter(1007)) - Added filter static_user_filter (class=org.apache.hadoop.http.lib.StaticUserWebFilter$StaticUserFilter) to context ozoneManager
2023-12-01 12:04:05,769 [main] INFO  http.HttpServer2 (HttpServer2.java:addFilter(1015)) - Added filter static_user_filter (class=org.apache.hadoop.http.lib.StaticUserWebFilter$StaticUserFilter) to context logs
2023-12-01 12:04:05,769 [main] INFO  http.HttpServer2 (HttpServer2.java:addFilter(1015)) - Added filter static_user_filter (class=org.apache.hadoop.http.lib.StaticUserWebFilter$StaticUserFilter) to context static
2023-12-01 12:04:05,771 [main] INFO  http.BaseHttpServer (BaseHttpServer.java:<init>(189)) - HTTP server of ozoneManager uses base directory /home/runner/work/ozone/ozone/hadoop-ozone/integration-test/target/test-dir/MiniOzoneClusterImpl-d99da5cf-54e3-4304-baea-1cefc2b4c4dc/ozone-meta/webserver
2023-12-01 12:04:05,774 [main] INFO  http.HttpServer2 (HttpServer2.java:bindListener(1231)) - Jetty bound to port 15005
2023-12-01 12:04:05,775 [main] INFO  server.Server (Server.java:doStart(375)) - jetty-9.4.53.v20231009; built: 2023-10-09T12:29:09.265Z; git: 27bde00a0b95a1d5bbee0eae7984f891d2d0f8c9; jvm 1.8.0_392-b08
2023-12-01 12:04:05,776 [main] INFO  server.session (DefaultSessionIdManager.java:doStart(334)) - DefaultSessionIdManager workerName=node0
2023-12-01 12:04:05,777 [main] INFO  server.session (DefaultSessionIdManager.java:doStart(339)) - No SessionScavenger set, using defaults
2023-12-01 12:04:05,777 [main] INFO  server.session (HouseKeeper.java:startScavenging(132)) - node0 Scavenging every 600000ms
2023-12-01 12:04:05,778 [main] INFO  handler.ContextHandler (ContextHandler.java:doStart(921)) - Started o.e.j.s.ServletContextHandler@f20f100{logs,/logs,file:///home/runner/work/ozone/ozone/hadoop-ozone/integration-test/target/log,AVAILABLE}
2023-12-01 12:04:05,779 [main] INFO  handler.ContextHandler (ContextHandler.java:doStart(921)) - Started o.e.j.s.ServletContextHandler@659d72ca{static,/static,file:///home/runner/work/ozone/ozone/hadoop-ozone/integration-test/target/test-classes/webapps/static,AVAILABLE}
2023-12-01 12:04:05,784 [main] INFO  handler.ContextHandler (ContextHandler.java:doStart(921)) - Started o.e.j.w.WebAppContext@3cea551d{ozoneManager,/,file:///home/runner/work/ozone/ozone/hadoop-ozone/integration-test/target/test-classes/webapps/ozoneManager/,AVAILABLE}{file:/home/runner/work/ozone/ozone/hadoop-ozone/integration-test/target/test-classes/webapps/ozoneManager}
2023-12-01 12:04:05,786 [main] INFO  server.AbstractConnector (AbstractConnector.java:doStart(333)) - Started ServerConnector@22832f3c{HTTP/1.1, (http/1.1)}{0.0.0.0:15005}
2023-12-01 12:04:05,788 [main] INFO  server.Server (Server.java:doStart(415)) - Started @6227ms
2023-12-01 12:04:05,788 [main] WARN  impl.MetricsSystemImpl (MetricsSystemImpl.java:register(279)) - Sink prometheus already exists!
2023-12-01 12:04:05,789 [main] INFO  http.BaseHttpServer (BaseHttpServer.java:updateConnectorAddress(354)) - HTTP server of ozoneManager listening at http://0.0.0.0:15005
2023-12-01 12:04:05,789 [IPC Server Responder] INFO  ipc.Server (Server.java:run(1562)) - IPC Server Responder: starting
2023-12-01 12:04:05,790 [IPC Server listener on 15004] INFO  ipc.Server (Server.java:run(1402)) - IPC Server listener on 15004: starting
2023-12-01 12:04:05,812 [main] INFO  om.OzoneManager (OzoneManager.java:startTrashEmptier(2097)) - Trash Interval set to 0. Files deleted won't move to trash
2023-12-01 12:04:05,927 [main] INFO  db.CodecBuffer (CodecBuffer.java:set(62)) - Successfully set constructor to org.apache.hadoop.hdds.utils.db.CodecBuffer$$Lambda$935/1786050238@552d2df6
2023-12-01 12:04:05,928 [main] WARN  dropwizard3.Dm3MetricRegistriesImpl (Dm3MetricRegistriesImpl.java:addReporterRegistration(113)) - New reporters are added after registries were created. Some metrics will be missing from the reporter. Please add reporter before adding any new registry.
2023-12-01 12:04:05,928 [main] WARN  dropwizard3.Dm3MetricRegistriesImpl (Dm3MetricRegistriesImpl.java:addReporterRegistration(113)) - New reporters are added after registries were created. Some metrics will be missing from the reporter. Please add reporter before adding any new registry.
2023-12-01 12:04:05,928 [main] INFO  impl.MetricsSystemImpl (MetricsSystemImpl.java:init(158)) - HddsDatanode metrics system started (again)
2023-12-01 12:04:05,944 [main] INFO  ozone.HddsDatanodeService (HddsDatanodeService.java:start(239)) - HddsDatanodeService host:fv-az1423-675.ei5rwdf52qxuxllzxeqjam05jd.ex.internal.cloudapp.net ip:10.1.0.24
2023-12-01 12:04:05,970 [main] INFO  upgrade.AbstractLayoutVersionManager (AbstractLayoutVersionManager.java:init(83)) - Initializing Layout version manager with metadata layout = HADOOP_PRC_PORTS_IN_DATANODEDETAILS (version = 7), software layout = HADOOP_PRC_PORTS_IN_DATANODEDETAILS (version = 7)
2023-12-01 12:04:05,973 [main] INFO  statemachine.DatanodeStateMachine (DatanodeStateMachine.java:getEndPointTaskThreadPoolSize(299)) - Datanode State Machine Task Thread Pool size 2
2023-12-01 12:04:06,020 [main] INFO  volume.HddsVolume (HddsVolume.java:<init>(126)) - Creating HddsVolume: /home/runner/work/ozone/ozone/hadoop-ozone/integration-test/target/test-dir/MiniOzoneClusterImpl-d99da5cf-54e3-4304-baea-1cefc2b4c4dc/datanode-0/data-0/containers/hdds of storage type : DISK capacity : 9223372036854775807
2023-12-01 12:04:06,023 [main] INFO  volume.MutableVolumeSet (MutableVolumeSet.java:initializeVolumeSet(173)) - Added Volume : /home/runner/work/ozone/ozone/hadoop-ozone/integration-test/target/test-dir/MiniOzoneClusterImpl-d99da5cf-54e3-4304-baea-1cefc2b4c4dc/datanode-0/data-0/containers/hdds to VolumeSet
2023-12-01 12:04:06,027 [main] INFO  volume.MutableVolumeSet (MutableVolumeSet.java:initializeVolumeSet(173)) - Added Volume : /home/runner/work/ozone/ozone/hadoop-ozone/integration-test/target/test-dir/MiniOzoneClusterImpl-d99da5cf-54e3-4304-baea-1cefc2b4c4dc/datanode-0/data/ratis to VolumeSet
2023-12-01 12:04:06,031 [main] INFO  ozoneimpl.OzoneContainer (HddsVolumeUtil.java:loadAllHddsVolumeDbStore(103)) - Load 1 volumes DbStore cost: 1ms
2023-12-01 12:04:06,039 [e4101cf6-f8c4-4d95-a998-136b2bec65e8-ContainerReader-0] INFO  ozoneimpl.ContainerReader (ContainerReader.java:readVolume(177)) - Finish verifying containers on volume /home/runner/work/ozone/ozone/hadoop-ozone/integration-test/target/test-dir/MiniOzoneClusterImpl-d99da5cf-54e3-4304-baea-1cefc2b4c4dc/datanode-0/data-0/containers/hdds
2023-12-01 12:04:06,039 [main] INFO  ozoneimpl.OzoneContainer (OzoneContainer.java:buildContainerSet(326)) - Build ContainerSet costs 0s
2023-12-01 12:04:06,084 [main] INFO  audit.AuditLogger (AuditLogger.java:refreshDebugCmdSet(127)) - Refresh DebugCmdSet for DNAudit to [].
2023-12-01 12:04:06,109 [main] INFO  server.RaftServer (ConfUtils.java:logGet(46)) - raft.rpc.type = GRPC (default)
2023-12-01 12:04:06,110 [main] INFO  grpc.GrpcConfigKeys (ConfUtils.java:logFallback(53)) - raft.grpc.admin.host = null (fallback to raft.grpc.server.host)
2023-12-01 12:04:06,110 [main] INFO  grpc.GrpcConfigKeys (ConfUtils.java:logGet(46)) - raft.grpc.admin.port = 15013 (custom)
2023-12-01 12:04:06,110 [main] INFO  grpc.GrpcConfigKeys (ConfUtils.java:logFallback(53)) - raft.grpc.client.host = null (fallback to raft.grpc.server.host)
2023-12-01 12:04:06,111 [main] INFO  grpc.GrpcConfigKeys (ConfUtils.java:logGet(46)) - raft.grpc.client.port = 15012 (custom)
2023-12-01 12:04:06,111 [main] INFO  grpc.GrpcConfigKeys (ConfUtils.java:logGet(46)) - raft.grpc.server.host = null (default)
2023-12-01 12:04:06,111 [main] INFO  grpc.GrpcConfigKeys (ConfUtils.java:logGet(46)) - raft.grpc.server.port = 15014 (custom)
2023-12-01 12:04:06,111 [main] INFO  server.GrpcService (ConfUtils.java:logGet(46)) - raft.grpc.message.size.max = 32MB (=33554432) (custom)
2023-12-01 12:04:06,112 [main] INFO  server.RaftServerConfigKeys (ConfUtils.java:logGet(46)) - raft.server.log.appender.buffer.byte-limit = 33554432 (custom)
2023-12-01 12:04:06,112 [main] INFO  server.GrpcService (ConfUtils.java:logGet(46)) - raft.grpc.flow.control.window = 5MB (=5242880) (custom)
2023-12-01 12:04:06,112 [main] INFO  server.RaftServerConfigKeys (ConfUtils.java:logGet(46)) - raft.server.rpc.request.timeout = 60s (custom)
2023-12-01 12:04:06,113 [main] INFO  grpc.GrpcConfigKeys (ConfUtils.java:logGet(46)) - raft.grpc.server.heartbeat.channel = true (default)
2023-12-01 12:04:06,113 [main] INFO  grpc.GrpcConfigKeys (ConfUtils.java:logGet(46)) - raft.grpc.server.async.request.thread.pool.cached = true (default)
2023-12-01 12:04:06,113 [main] INFO  grpc.GrpcConfigKeys (ConfUtils.java:logGet(46)) - raft.grpc.server.async.request.thread.pool.size = 32 (default)
2023-12-01 12:04:06,116 [main] INFO  impl.DataStreamServerImpl (ConfUtils.java:logGet(46)) - raft.datastream.type = NETTY (custom)
2023-12-01 12:04:06,128 [main] INFO  server.RaftServerConfigKeys (ConfUtils.java:logGet(46)) - raft.server.data-stream.async.request.thread.pool.cached = false (default)
2023-12-01 12:04:06,128 [main] INFO  server.RaftServerConfigKeys (ConfUtils.java:logGet(46)) - raft.server.data-stream.async.request.thread.pool.size = 20 (custom)
2023-12-01 12:04:06,129 [main] INFO  server.RaftServerConfigKeys (ConfUtils.java:logGet(46)) - raft.server.data-stream.async.write.thread.pool.size = 16 (default)
2023-12-01 12:04:06,130 [main] INFO  netty.NettyConfigKeys$DataStream (ConfUtils.java:logGet(46)) - raft.netty.dataStream.server.channel.inactive.grace-period = 10min (default)
2023-12-01 12:04:06,131 [main] INFO  server.RaftServerConfigKeys (ConfUtils.java:logGet(46)) - raft.server.data-stream.client.pool.size = 10 (default)
2023-12-01 12:04:06,132 [main] INFO  netty.NettyConfigKeys$DataStream (ConfUtils.java:logGet(46)) - raft.netty.dataStream.server.use-epoll = true (default)
2023-12-01 12:04:06,133 [main] INFO  netty.NettyConfigKeys$DataStream (ConfUtils.java:logGet(46)) - raft.netty.dataStream.server.boss-group.size = 0 (default)
2023-12-01 12:04:06,134 [main] INFO  netty.NettyUtils (NettyUtils.java:newEventLoopGroup(69)) - Create EpollEventLoopGroup for e4101cf6-f8c4-4d95-a998-136b2bec65e8-NettyServerStreamRpc-bossGroup; Thread size is 0.
2023-12-01 12:04:06,148 [main] INFO  netty.NettyConfigKeys$DataStream (ConfUtils.java:logGet(46)) - raft.netty.dataStream.server.worker-group.size = 0 (default)
2023-12-01 12:04:06,148 [main] INFO  netty.NettyUtils (NettyUtils.java:newEventLoopGroup(69)) - Create EpollEventLoopGroup for e4101cf6-f8c4-4d95-a998-136b2bec65e8-NettyServerStreamRpc-workerGroup; Thread size is 0.
2023-12-01 12:04:06,149 [main] INFO  netty.NettyConfigKeys$DataStream (ConfUtils.java:logGet(46)) - raft.netty.dataStream.server.tls.conf = null (default)
2023-12-01 12:04:06,151 [main] INFO  netty.NettyConfigKeys$DataStream (ConfUtils.java:logGet(46)) - raft.netty.dataStream.host = null (default)
2023-12-01 12:04:06,151 [main] INFO  netty.NettyConfigKeys$DataStream (ConfUtils.java:logGet(46)) - raft.netty.dataStream.port = 15015 (custom)
2023-12-01 12:04:06,155 [main] INFO  server.RaftServerConfigKeys (ConfUtils.java:logGet(46)) - raft.server.sleep.deviation.threshold = 300ms (default)
2023-12-01 12:04:06,156 [main] INFO  server.RaftServerConfigKeys (ConfUtils.java:logGet(46)) - raft.server.close.threshold = 60s (default)
2023-12-01 12:04:06,156 [main] INFO  server.RaftServerConfigKeys (ConfUtils.java:logGet(46)) - raft.server.leaderelection.leader.step-down.wait-time = 10s (default)
2023-12-01 12:04:06,156 [main] INFO  server.RaftServerConfigKeys (ConfUtils.java:logGet(46)) - raft.server.storage.dir = [/home/runner/work/ozone/ozone/hadoop-ozone/integration-test/target/test-dir/MiniOzoneClusterImpl-d99da5cf-54e3-4304-baea-1cefc2b4c4dc/datanode-0/data/ratis] (custom)
2023-12-01 12:04:06,157 [main] INFO  server.RaftServerConfigKeys (ConfUtils.java:logGet(46)) - raft.server.threadpool.proxy.cached = true (default)
2023-12-01 12:04:06,157 [main] INFO  server.RaftServerConfigKeys (ConfUtils.java:logGet(46)) - raft.server.threadpool.proxy.size = 0 (default)
2023-12-01 12:04:06,157 [e4101cf6-f8c4-4d95-a998-136b2bec65e8-impl-thread1] INFO  server.RaftServer (RaftServerProxy.java:initGroupDir(264)) - e4101cf6-f8c4-4d95-a998-136b2bec65e8: found a subdirectory /home/runner/work/ozone/ozone/hadoop-ozone/integration-test/target/test-dir/MiniOzoneClusterImpl-d99da5cf-54e3-4304-baea-1cefc2b4c4dc/datanode-0/data/ratis/tmp
2023-12-01 12:04:06,158 [e4101cf6-f8c4-4d95-a998-136b2bec65e8-impl-thread1] INFO  server.RaftServer (RaftServerProxy.java:initGroupDir(269)) - e4101cf6-f8c4-4d95-a998-136b2bec65e8: The directory /home/runner/work/ozone/ozone/hadoop-ozone/integration-test/target/test-dir/MiniOzoneClusterImpl-d99da5cf-54e3-4304-baea-1cefc2b4c4dc/datanode-0/data/ratis/tmp is not a group directory; ignoring it. 
2023-12-01 12:04:06,161 [main] INFO  replication.ReplicationServer (ReplicationServer.java:<init>(85)) - Initializing replication server with thread count = 10 queue length = 4096
2023-12-01 12:04:06,167 [e4101cf6-f8c4-4d95-a998-136b2bec65e8-NettyServerStreamRpc-bossGroup--thread1] INFO  logging.LoggingHandler (AbstractInternalLogger.java:log(148)) - [id: 0xde621b9a] REGISTERED
2023-12-01 12:04:06,168 [e4101cf6-f8c4-4d95-a998-136b2bec65e8-NettyServerStreamRpc-bossGroup--thread1] INFO  logging.LoggingHandler (AbstractInternalLogger.java:log(148)) - [id: 0xde621b9a] BIND: 0.0.0.0/0.0.0.0:15015
2023-12-01 12:04:06,169 [e4101cf6-f8c4-4d95-a998-136b2bec65e8-NettyServerStreamRpc-bossGroup--thread1] INFO  logging.LoggingHandler (AbstractInternalLogger.java:log(148)) - [id: 0xde621b9a, L:/0.0.0.0:15015] ACTIVE
2023-12-01 12:04:06,178 [main] INFO  server.XceiverServerGrpc (XceiverServerGrpc.java:<init>(135)) - GrpcServer channel type EpollServerSocketChannel
2023-12-01 12:04:06,210 [main] INFO  replication.ReplicationSupervisor (ReplicationSupervisor.java:build(163)) - Initializing replication supervisor with thread count = 10
2023-12-01 12:04:06,211 [main] INFO  replication.ReplicationSupervisor (ReplicationSupervisor.java:nodeStateUpdated(317)) - Node state updated to IN_SERVICE, scaling executor pool size to 10
2023-12-01 12:04:06,253 [main] INFO  http.BaseHttpServer (BaseHttpServer.java:newHttpServer2BuilderForOzone(223)) - Starting Web-server for hddsDatanode at: http://0.0.0.0:15009
2023-12-01 12:04:06,253 [main] INFO  http.BaseHttpServer (BaseHttpServer.java:<init>(110)) - Hadoop Security Enabled: false Ozone Security Enabled: false Ozone HTTP Security Enabled: false 
2023-12-01 12:04:06,254 [main] WARN  server.AuthenticationFilter (AuthenticationFilter.java:constructSecretProvider(240)) - Unable to initialize FileSignerSecretProvider, falling back to use random secrets. Reason: Could not read signature secret file: /home/runner/hadoop-http-auth-signature-secret
2023-12-01 12:04:06,255 [main] INFO  http.HttpRequestLog (HttpRequestLog.java:getRequestLog(86)) - Http request log for http.requests.hddsDatanode is not defined
2023-12-01 12:04:06,257 [main] INFO  http.HttpServer2 (HttpServer2.java:addGlobalFilter(1031)) - Added global filter 'safety' (class=org.apache.hadoop.hdds.server.http.HttpServer2$QuotingInputFilter)
2023-12-01 12:04:06,259 [main] INFO  http.HttpServer2 (HttpServer2.java:addFilter(1007)) - Added filter static_user_filter (class=org.apache.hadoop.http.lib.StaticUserWebFilter$StaticUserFilter) to context hddsDatanode
2023-12-01 12:04:06,259 [main] INFO  http.HttpServer2 (HttpServer2.java:addFilter(1015)) - Added filter static_user_filter (class=org.apache.hadoop.http.lib.StaticUserWebFilter$StaticUserFilter) to context static
2023-12-01 12:04:06,259 [main] INFO  http.HttpServer2 (HttpServer2.java:addFilter(1015)) - Added filter static_user_filter (class=org.apache.hadoop.http.lib.StaticUserWebFilter$StaticUserFilter) to context logs
2023-12-01 12:04:06,260 [main] INFO  http.BaseHttpServer (BaseHttpServer.java:<init>(189)) - HTTP server of hddsDatanode uses base directory /home/runner/work/ozone/ozone/hadoop-ozone/integration-test/target/test-dir/MiniOzoneClusterImpl-d99da5cf-54e3-4304-baea-1cefc2b4c4dc/datanode-0/meta/webserver
2023-12-01 12:04:06,261 [main] INFO  http.HttpServer2 (HttpServer2.java:bindListener(1231)) - Jetty bound to port 15009
2023-12-01 12:04:06,261 [main] INFO  server.Server (Server.java:doStart(375)) - jetty-9.4.53.v20231009; built: 2023-10-09T12:29:09.265Z; git: 27bde00a0b95a1d5bbee0eae7984f891d2d0f8c9; jvm 1.8.0_392-b08
2023-12-01 12:04:06,267 [main] INFO  server.session (DefaultSessionIdManager.java:doStart(334)) - DefaultSessionIdManager workerName=node0
2023-12-01 12:04:06,268 [main] INFO  server.session (DefaultSessionIdManager.java:doStart(339)) - No SessionScavenger set, using defaults
2023-12-01 12:04:06,268 [main] INFO  server.session (HouseKeeper.java:startScavenging(132)) - node0 Scavenging every 660000ms
2023-12-01 12:04:06,271 [main] INFO  handler.ContextHandler (ContextHandler.java:doStart(921)) - Started o.e.j.s.ServletContextHandler@4c47e5ec{logs,/logs,file:///home/runner/work/ozone/ozone/hadoop-ozone/integration-test/target/log,AVAILABLE}
2023-12-01 12:04:06,272 [main] INFO  handler.ContextHandler (ContextHandler.java:doStart(921)) - Started o.e.j.s.ServletContextHandler@7547fcc5{static,/static,jar:file:/home/runner/.m2/repository/org/apache/ozone/hdds-container-service/1.4.0-SNAPSHOT/hdds-container-service-1.4.0-SNAPSHOT.jar!/webapps/static,AVAILABLE}
2023-12-01 12:04:06,336 [main] INFO  handler.ContextHandler (ContextHandler.java:doStart(921)) - Started o.e.j.w.WebAppContext@74856353{hddsDatanode,/,file:///home/runner/work/ozone/ozone/hadoop-ozone/integration-test/target/test-dir/MiniOzoneClusterImpl-d99da5cf-54e3-4304-baea-1cefc2b4c4dc/datanode-0/meta/webserver/jetty-0_0_0_0-15009-hdds-container-service-1_4_0-SNAPSHOT_jar-_-any-488415990512644083/webapp/,AVAILABLE}{jar:file:/home/runner/.m2/repository/org/apache/ozone/hdds-container-service/1.4.0-SNAPSHOT/hdds-container-service-1.4.0-SNAPSHOT.jar!/webapps/hddsDatanode}
2023-12-01 12:04:06,337 [main] INFO  server.AbstractConnector (AbstractConnector.java:doStart(333)) - Started ServerConnector@3b451dc9{HTTP/1.1, (http/1.1)}{0.0.0.0:15009}
2023-12-01 12:04:06,338 [main] INFO  server.Server (Server.java:doStart(415)) - Started @6777ms
2023-12-01 12:04:06,338 [main] WARN  impl.MetricsSystemImpl (MetricsSystemImpl.java:register(279)) - Sink prometheus already exists!
2023-12-01 12:04:06,339 [main] INFO  http.BaseHttpServer (BaseHttpServer.java:updateConnectorAddress(354)) - HTTP server of hddsDatanode listening at http://0.0.0.0:15009
2023-12-01 12:04:06,341 [main] INFO  ipc.CallQueueManager (CallQueueManager.java:<init>(90)) - Using callQueue: class java.util.concurrent.LinkedBlockingQueue, queueCapacity: 100, scheduler: class org.apache.hadoop.ipc.DefaultRpcScheduler, ipcBackoff: false.
2023-12-01 12:04:06,342 [main] INFO  ipc.Server (Server.java:<init>(1287)) - Listener at 0.0.0.0:15010
2023-12-01 12:04:06,342 [Socket Reader #1 for port 15010] INFO  ipc.Server (Server.java:run(1323)) - Starting Socket Reader #1 for port 15010
2023-12-01 12:04:06,345 [main] INFO  ozone.HddsDatanodeService (HddsDatanodeService.java:start(324)) - Datanode start with admins: [runner]
2023-12-01 12:04:06,345 [main] INFO  ozone.HddsDatanodeClientProtocolServer (HddsDatanodeClientProtocolServer.java:start(72)) - RPC server for Client /0.0.0.0:15010
2023-12-01 12:04:06,346 [IPC Server Responder] INFO  ipc.Server (Server.java:run(1562)) - IPC Server Responder: starting
2023-12-01 12:04:06,346 [IPC Server listener on 15010] INFO  ipc.Server (Server.java:run(1402)) - IPC Server listener on 15010: starting
2023-12-01 12:04:06,347 [main] WARN  dropwizard3.Dm3MetricRegistriesImpl (Dm3MetricRegistriesImpl.java:addReporterRegistration(113)) - New reporters are added after registries were created. Some metrics will be missing from the reporter. Please add reporter before adding any new registry.
2023-12-01 12:04:06,347 [e4101cf6-f8c4-4d95-a998-136b2bec65e8-DatanodeStateMachineDaemonThread] INFO  statemachine.DatanodeStateMachine (DatanodeStateMachine.java:lambda$startDaemon$1(555)) - Ozone container server started.
2023-12-01 12:04:06,351 [main] WARN  dropwizard3.Dm3MetricRegistriesImpl (Dm3MetricRegistriesImpl.java:addReporterRegistration(113)) - New reporters are added after registries were created. Some metrics will be missing from the reporter. Please add reporter before adding any new registry.
2023-12-01 12:04:06,352 [main] INFO  impl.MetricsSystemImpl (MetricsSystemImpl.java:init(158)) - HddsDatanode metrics system started (again)
2023-12-01 12:04:06,362 [main] INFO  ozone.HddsDatanodeService (HddsDatanodeService.java:start(239)) - HddsDatanodeService host:fv-az1423-675.ei5rwdf52qxuxllzxeqjam05jd.ex.internal.cloudapp.net ip:10.1.0.24
2023-12-01 12:04:06,382 [main] INFO  upgrade.AbstractLayoutVersionManager (AbstractLayoutVersionManager.java:init(83)) - Initializing Layout version manager with metadata layout = HADOOP_PRC_PORTS_IN_DATANODEDETAILS (version = 7), software layout = HADOOP_PRC_PORTS_IN_DATANODEDETAILS (version = 7)
2023-12-01 12:04:06,386 [main] INFO  statemachine.DatanodeStateMachine (DatanodeStateMachine.java:getEndPointTaskThreadPoolSize(299)) - Datanode State Machine Task Thread Pool size 2
2023-12-01 12:04:06,393 [main] INFO  volume.HddsVolume (HddsVolume.java:<init>(126)) - Creating HddsVolume: /home/runner/work/ozone/ozone/hadoop-ozone/integration-test/target/test-dir/MiniOzoneClusterImpl-d99da5cf-54e3-4304-baea-1cefc2b4c4dc/datanode-1/data-0/containers/hdds of storage type : DISK capacity : 9223372036854775807
2023-12-01 12:04:06,393 [main] INFO  volume.MutableVolumeSet (MutableVolumeSet.java:initializeVolumeSet(173)) - Added Volume : /home/runner/work/ozone/ozone/hadoop-ozone/integration-test/target/test-dir/MiniOzoneClusterImpl-d99da5cf-54e3-4304-baea-1cefc2b4c4dc/datanode-1/data-0/containers/hdds to VolumeSet
2023-12-01 12:04:06,396 [main] INFO  volume.MutableVolumeSet (MutableVolumeSet.java:initializeVolumeSet(173)) - Added Volume : /home/runner/work/ozone/ozone/hadoop-ozone/integration-test/target/test-dir/MiniOzoneClusterImpl-d99da5cf-54e3-4304-baea-1cefc2b4c4dc/datanode-1/data/ratis to VolumeSet
2023-12-01 12:04:06,397 [main] INFO  ozoneimpl.OzoneContainer (HddsVolumeUtil.java:loadAllHddsVolumeDbStore(103)) - Load 1 volumes DbStore cost: 0ms
2023-12-01 12:04:06,401 [144aaeee-fb04-48fb-9b63-1a6b7587bad5-ContainerReader-0] INFO  ozoneimpl.ContainerReader (ContainerReader.java:readVolume(177)) - Finish verifying containers on volume /home/runner/work/ozone/ozone/hadoop-ozone/integration-test/target/test-dir/MiniOzoneClusterImpl-d99da5cf-54e3-4304-baea-1cefc2b4c4dc/datanode-1/data-0/containers/hdds
2023-12-01 12:04:06,401 [main] INFO  ozoneimpl.OzoneContainer (OzoneContainer.java:buildContainerSet(326)) - Build ContainerSet costs 0s
2023-12-01 12:04:06,405 [main] INFO  server.RaftServer (ConfUtils.java:logGet(46)) - raft.rpc.type = GRPC (default)
2023-12-01 12:04:06,405 [main] INFO  grpc.GrpcConfigKeys (ConfUtils.java:logFallback(53)) - raft.grpc.admin.host = null (fallback to raft.grpc.server.host)
2023-12-01 12:04:06,406 [main] INFO  grpc.GrpcConfigKeys (ConfUtils.java:logGet(46)) - raft.grpc.admin.port = 15022 (custom)
2023-12-01 12:04:06,406 [main] INFO  grpc.GrpcConfigKeys (ConfUtils.java:logFallback(53)) - raft.grpc.client.host = null (fallback to raft.grpc.server.host)
2023-12-01 12:04:06,406 [main] INFO  grpc.GrpcConfigKeys (ConfUtils.java:logGet(46)) - raft.grpc.client.port = 15021 (custom)
2023-12-01 12:04:06,406 [main] INFO  grpc.GrpcConfigKeys (ConfUtils.java:logGet(46)) - raft.grpc.server.host = null (default)
2023-12-01 12:04:06,407 [main] INFO  grpc.GrpcConfigKeys (ConfUtils.java:logGet(46)) - raft.grpc.server.port = 15023 (custom)
2023-12-01 12:04:06,407 [main] INFO  server.GrpcService (ConfUtils.java:logGet(46)) - raft.grpc.message.size.max = 32MB (=33554432) (custom)
2023-12-01 12:04:06,407 [main] INFO  server.RaftServerConfigKeys (ConfUtils.java:logGet(46)) - raft.server.log.appender.buffer.byte-limit = 33554432 (custom)
2023-12-01 12:04:06,407 [main] INFO  server.GrpcService (ConfUtils.java:logGet(46)) - raft.grpc.flow.control.window = 5MB (=5242880) (custom)
2023-12-01 12:04:06,408 [main] INFO  server.RaftServerConfigKeys (ConfUtils.java:logGet(46)) - raft.server.rpc.request.timeout = 60s (custom)
2023-12-01 12:04:06,409 [main] INFO  grpc.GrpcConfigKeys (ConfUtils.java:logGet(46)) - raft.grpc.server.heartbeat.channel = true (default)
2023-12-01 12:04:06,409 [main] INFO  grpc.GrpcConfigKeys (ConfUtils.java:logGet(46)) - raft.grpc.server.async.request.thread.pool.cached = true (default)
2023-12-01 12:04:06,409 [main] INFO  grpc.GrpcConfigKeys (ConfUtils.java:logGet(46)) - raft.grpc.server.async.request.thread.pool.size = 32 (default)
2023-12-01 12:04:06,411 [main] INFO  impl.DataStreamServerImpl (ConfUtils.java:logGet(46)) - raft.datastream.type = NETTY (custom)
2023-12-01 12:04:06,412 [main] INFO  server.RaftServerConfigKeys (ConfUtils.java:logGet(46)) - raft.server.data-stream.async.request.thread.pool.cached = false (default)
2023-12-01 12:04:06,412 [main] INFO  server.RaftServerConfigKeys (ConfUtils.java:logGet(46)) - raft.server.data-stream.async.request.thread.pool.size = 20 (custom)
2023-12-01 12:04:06,413 [main] INFO  server.RaftServerConfigKeys (ConfUtils.java:logGet(46)) - raft.server.data-stream.async.write.thread.pool.size = 16 (default)
2023-12-01 12:04:06,415 [main] INFO  netty.NettyConfigKeys$DataStream (ConfUtils.java:logGet(46)) - raft.netty.dataStream.server.channel.inactive.grace-period = 10min (default)
2023-12-01 12:04:06,415 [main] INFO  server.RaftServerConfigKeys (ConfUtils.java:logGet(46)) - raft.server.data-stream.client.pool.size = 10 (default)
2023-12-01 12:04:06,415 [main] INFO  netty.NettyConfigKeys$DataStream (ConfUtils.java:logGet(46)) - raft.netty.dataStream.server.use-epoll = true (default)
2023-12-01 12:04:06,416 [main] INFO  netty.NettyConfigKeys$DataStream (ConfUtils.java:logGet(46)) - raft.netty.dataStream.server.boss-group.size = 0 (default)
2023-12-01 12:04:06,416 [main] INFO  netty.NettyUtils (NettyUtils.java:newEventLoopGroup(69)) - Create EpollEventLoopGroup for 144aaeee-fb04-48fb-9b63-1a6b7587bad5-NettyServerStreamRpc-bossGroup; Thread size is 0.
2023-12-01 12:04:06,417 [main] INFO  netty.NettyConfigKeys$DataStream (ConfUtils.java:logGet(46)) - raft.netty.dataStream.server.worker-group.size = 0 (default)
2023-12-01 12:04:06,417 [main] INFO  netty.NettyUtils (NettyUtils.java:newEventLoopGroup(69)) - Create EpollEventLoopGroup for 144aaeee-fb04-48fb-9b63-1a6b7587bad5-NettyServerStreamRpc-workerGroup; Thread size is 0.
2023-12-01 12:04:06,418 [main] INFO  netty.NettyConfigKeys$DataStream (ConfUtils.java:logGet(46)) - raft.netty.dataStream.server.tls.conf = null (default)
2023-12-01 12:04:06,418 [main] INFO  netty.NettyConfigKeys$DataStream (ConfUtils.java:logGet(46)) - raft.netty.dataStream.host = null (default)
2023-12-01 12:04:06,418 [main] INFO  netty.NettyConfigKeys$DataStream (ConfUtils.java:logGet(46)) - raft.netty.dataStream.port = 15024 (custom)
2023-12-01 12:04:06,419 [main] INFO  server.RaftServerConfigKeys (ConfUtils.java:logGet(46)) - raft.server.sleep.deviation.threshold = 300ms (default)
2023-12-01 12:04:06,419 [main] INFO  server.RaftServerConfigKeys (ConfUtils.java:logGet(46)) - raft.server.close.threshold = 60s (default)
2023-12-01 12:04:06,419 [main] INFO  server.RaftServerConfigKeys (ConfUtils.java:logGet(46)) - raft.server.leaderelection.leader.step-down.wait-time = 10s (default)
2023-12-01 12:04:06,420 [main] INFO  server.RaftServerConfigKeys (ConfUtils.java:logGet(46)) - raft.server.storage.dir = [/home/runner/work/ozone/ozone/hadoop-ozone/integration-test/target/test-dir/MiniOzoneClusterImpl-d99da5cf-54e3-4304-baea-1cefc2b4c4dc/datanode-1/data/ratis] (custom)
2023-12-01 12:04:06,420 [main] INFO  server.RaftServerConfigKeys (ConfUtils.java:logGet(46)) - raft.server.threadpool.proxy.cached = true (default)
2023-12-01 12:04:06,420 [main] INFO  server.RaftServerConfigKeys (ConfUtils.java:logGet(46)) - raft.server.threadpool.proxy.size = 0 (default)
2023-12-01 12:04:06,421 [144aaeee-fb04-48fb-9b63-1a6b7587bad5-NettyServerStreamRpc-bossGroup--thread1] INFO  logging.LoggingHandler (AbstractInternalLogger.java:log(148)) - [id: 0x893bfcb6] REGISTERED
2023-12-01 12:04:06,421 [144aaeee-fb04-48fb-9b63-1a6b7587bad5-impl-thread1] INFO  server.RaftServer (RaftServerProxy.java:initGroupDir(264)) - 144aaeee-fb04-48fb-9b63-1a6b7587bad5: found a subdirectory /home/runner/work/ozone/ozone/hadoop-ozone/integration-test/target/test-dir/MiniOzoneClusterImpl-d99da5cf-54e3-4304-baea-1cefc2b4c4dc/datanode-1/data/ratis/tmp
2023-12-01 12:04:06,422 [144aaeee-fb04-48fb-9b63-1a6b7587bad5-impl-thread1] INFO  server.RaftServer (RaftServerProxy.java:initGroupDir(269)) - 144aaeee-fb04-48fb-9b63-1a6b7587bad5: The directory /home/runner/work/ozone/ozone/hadoop-ozone/integration-test/target/test-dir/MiniOzoneClusterImpl-d99da5cf-54e3-4304-baea-1cefc2b4c4dc/datanode-1/data/ratis/tmp is not a group directory; ignoring it. 
2023-12-01 12:04:06,422 [main] INFO  replication.ReplicationServer (ReplicationServer.java:<init>(85)) - Initializing replication server with thread count = 10 queue length = 4096
2023-12-01 12:04:06,422 [144aaeee-fb04-48fb-9b63-1a6b7587bad5-NettyServerStreamRpc-bossGroup--thread1] INFO  logging.LoggingHandler (AbstractInternalLogger.java:log(148)) - [id: 0x893bfcb6] BIND: 0.0.0.0/0.0.0.0:15024
2023-12-01 12:04:06,423 [144aaeee-fb04-48fb-9b63-1a6b7587bad5-NettyServerStreamRpc-bossGroup--thread1] INFO  logging.LoggingHandler (AbstractInternalLogger.java:log(148)) - [id: 0x893bfcb6, L:/0.0.0.0:15024] ACTIVE
2023-12-01 12:04:06,424 [main] INFO  server.XceiverServerGrpc (XceiverServerGrpc.java:<init>(135)) - GrpcServer channel type EpollServerSocketChannel
2023-12-01 12:04:06,427 [main] INFO  replication.ReplicationSupervisor (ReplicationSupervisor.java:build(163)) - Initializing replication supervisor with thread count = 10
2023-12-01 12:04:06,427 [main] INFO  replication.ReplicationSupervisor (ReplicationSupervisor.java:nodeStateUpdated(317)) - Node state updated to IN_SERVICE, scaling executor pool size to 10
2023-12-01 12:04:06,430 [main] INFO  http.BaseHttpServer (BaseHttpServer.java:newHttpServer2BuilderForOzone(223)) - Starting Web-server for hddsDatanode at: http://0.0.0.0:15018
2023-12-01 12:04:06,430 [main] INFO  http.BaseHttpServer (BaseHttpServer.java:<init>(110)) - Hadoop Security Enabled: false Ozone Security Enabled: false Ozone HTTP Security Enabled: false 
2023-12-01 12:04:06,432 [main] WARN  server.AuthenticationFilter (AuthenticationFilter.java:constructSecretProvider(240)) - Unable to initialize FileSignerSecretProvider, falling back to use random secrets. Reason: Could not read signature secret file: /home/runner/hadoop-http-auth-signature-secret
2023-12-01 12:04:06,433 [main] INFO  http.HttpRequestLog (HttpRequestLog.java:getRequestLog(86)) - Http request log for http.requests.hddsDatanode is not defined
2023-12-01 12:04:06,434 [main] INFO  http.HttpServer2 (HttpServer2.java:addGlobalFilter(1031)) - Added global filter 'safety' (class=org.apache.hadoop.hdds.server.http.HttpServer2$QuotingInputFilter)
2023-12-01 12:04:06,436 [main] INFO  http.HttpServer2 (HttpServer2.java:addFilter(1007)) - Added filter static_user_filter (class=org.apache.hadoop.http.lib.StaticUserWebFilter$StaticUserFilter) to context hddsDatanode
2023-12-01 12:04:06,436 [main] INFO  http.HttpServer2 (HttpServer2.java:addFilter(1015)) - Added filter static_user_filter (class=org.apache.hadoop.http.lib.StaticUserWebFilter$StaticUserFilter) to context logs
2023-12-01 12:04:06,436 [main] INFO  http.HttpServer2 (HttpServer2.java:addFilter(1015)) - Added filter static_user_filter (class=org.apache.hadoop.http.lib.StaticUserWebFilter$StaticUserFilter) to context static
2023-12-01 12:04:06,437 [main] INFO  http.BaseHttpServer (BaseHttpServer.java:<init>(189)) - HTTP server of hddsDatanode uses base directory /home/runner/work/ozone/ozone/hadoop-ozone/integration-test/target/test-dir/MiniOzoneClusterImpl-d99da5cf-54e3-4304-baea-1cefc2b4c4dc/datanode-1/meta/webserver
2023-12-01 12:04:06,437 [main] INFO  http.HttpServer2 (HttpServer2.java:bindListener(1231)) - Jetty bound to port 15018
2023-12-01 12:04:06,437 [main] INFO  server.Server (Server.java:doStart(375)) - jetty-9.4.53.v20231009; built: 2023-10-09T12:29:09.265Z; git: 27bde00a0b95a1d5bbee0eae7984f891d2d0f8c9; jvm 1.8.0_392-b08
2023-12-01 12:04:06,439 [main] INFO  server.session (DefaultSessionIdManager.java:doStart(334)) - DefaultSessionIdManager workerName=node0
2023-12-01 12:04:06,439 [main] INFO  server.session (DefaultSessionIdManager.java:doStart(339)) - No SessionScavenger set, using defaults
2023-12-01 12:04:06,439 [main] INFO  server.session (HouseKeeper.java:startScavenging(132)) - node0 Scavenging every 600000ms
2023-12-01 12:04:06,440 [main] INFO  handler.ContextHandler (ContextHandler.java:doStart(921)) - Started o.e.j.s.ServletContextHandler@8ba9a69{logs,/logs,file:///home/runner/work/ozone/ozone/hadoop-ozone/integration-test/target/log,AVAILABLE}
2023-12-01 12:04:06,441 [main] INFO  handler.ContextHandler (ContextHandler.java:doStart(921)) - Started o.e.j.s.ServletContextHandler@26528259{static,/static,jar:file:/home/runner/.m2/repository/org/apache/ozone/hdds-container-service/1.4.0-SNAPSHOT/hdds-container-service-1.4.0-SNAPSHOT.jar!/webapps/static,AVAILABLE}
2023-12-01 12:04:06,460 [e4101cf6-f8c4-4d95-a998-136b2bec65e8-DatanodeStateMachineTaskThread-0] INFO  datanode.InitDatanodeState (InitDatanodeState.java:persistContainerDatanodeDetails(139)) - DatanodeDetails is persisted to /home/runner/work/ozone/ozone/hadoop-ozone/integration-test/target/test-dir/MiniOzoneClusterImpl-d99da5cf-54e3-4304-baea-1cefc2b4c4dc/datanode-0/meta/datanode.id
2023-12-01 12:04:06,482 [main] INFO  handler.ContextHandler (ContextHandler.java:doStart(921)) - Started o.e.j.w.WebAppContext@b37956f{hddsDatanode,/,file:///home/runner/work/ozone/ozone/hadoop-ozone/integration-test/target/test-dir/MiniOzoneClusterImpl-d99da5cf-54e3-4304-baea-1cefc2b4c4dc/datanode-1/meta/webserver/jetty-0_0_0_0-15018-hdds-container-service-1_4_0-SNAPSHOT_jar-_-any-6916577989674765040/webapp/,AVAILABLE}{jar:file:/home/runner/.m2/repository/org/apache/ozone/hdds-container-service/1.4.0-SNAPSHOT/hdds-container-service-1.4.0-SNAPSHOT.jar!/webapps/hddsDatanode}
2023-12-01 12:04:06,483 [main] INFO  server.AbstractConnector (AbstractConnector.java:doStart(333)) - Started ServerConnector@6cc4daa4{HTTP/1.1, (http/1.1)}{0.0.0.0:15018}
2023-12-01 12:04:06,484 [main] INFO  server.Server (Server.java:doStart(415)) - Started @6923ms
2023-12-01 12:04:06,484 [main] WARN  impl.MetricsSystemImpl (MetricsSystemImpl.java:register(279)) - Sink prometheus already exists!
2023-12-01 12:04:06,485 [main] INFO  http.BaseHttpServer (BaseHttpServer.java:updateConnectorAddress(354)) - HTTP server of hddsDatanode listening at http://0.0.0.0:15018
2023-12-01 12:04:06,485 [main] INFO  ipc.CallQueueManager (CallQueueManager.java:<init>(90)) - Using callQueue: class java.util.concurrent.LinkedBlockingQueue, queueCapacity: 100, scheduler: class org.apache.hadoop.ipc.DefaultRpcScheduler, ipcBackoff: false.
2023-12-01 12:04:06,485 [main] INFO  ipc.Server (Server.java:<init>(1287)) - Listener at 0.0.0.0:15019
2023-12-01 12:04:06,486 [Socket Reader #1 for port 15019] INFO  ipc.Server (Server.java:run(1323)) - Starting Socket Reader #1 for port 15019
2023-12-01 12:04:06,489 [main] INFO  ozone.HddsDatanodeService (HddsDatanodeService.java:start(324)) - Datanode start with admins: [runner]
2023-12-01 12:04:06,490 [main] INFO  ozone.HddsDatanodeClientProtocolServer (HddsDatanodeClientProtocolServer.java:start(72)) - RPC server for Client /0.0.0.0:15019
2023-12-01 12:04:06,490 [IPC Server Responder] INFO  ipc.Server (Server.java:run(1562)) - IPC Server Responder: starting
2023-12-01 12:04:06,490 [IPC Server listener on 15019] INFO  ipc.Server (Server.java:run(1402)) - IPC Server listener on 15019: starting
2023-12-01 12:04:06,492 [144aaeee-fb04-48fb-9b63-1a6b7587bad5-DatanodeStateMachineDaemonThread] INFO  statemachine.DatanodeStateMachine (DatanodeStateMachine.java:lambda$startDaemon$1(555)) - Ozone container server started.
2023-12-01 12:04:06,493 [main] WARN  dropwizard3.Dm3MetricRegistriesImpl (Dm3MetricRegistriesImpl.java:addReporterRegistration(113)) - New reporters are added after registries were created. Some metrics will be missing from the reporter. Please add reporter before adding any new registry.
2023-12-01 12:04:06,493 [main] WARN  dropwizard3.Dm3MetricRegistriesImpl (Dm3MetricRegistriesImpl.java:addReporterRegistration(113)) - New reporters are added after registries were created. Some metrics will be missing from the reporter. Please add reporter before adding any new registry.
2023-12-01 12:04:06,493 [main] INFO  impl.MetricsSystemImpl (MetricsSystemImpl.java:init(158)) - HddsDatanode metrics system started (again)
2023-12-01 12:04:06,498 [144aaeee-fb04-48fb-9b63-1a6b7587bad5-DatanodeStateMachineTaskThread-0] INFO  datanode.InitDatanodeState (InitDatanodeState.java:persistContainerDatanodeDetails(139)) - DatanodeDetails is persisted to /home/runner/work/ozone/ozone/hadoop-ozone/integration-test/target/test-dir/MiniOzoneClusterImpl-d99da5cf-54e3-4304-baea-1cefc2b4c4dc/datanode-1/meta/datanode.id
2023-12-01 12:04:06,507 [main] INFO  ozone.HddsDatanodeService (HddsDatanodeService.java:start(239)) - HddsDatanodeService host:fv-az1423-675.ei5rwdf52qxuxllzxeqjam05jd.ex.internal.cloudapp.net ip:10.1.0.24
2023-12-01 12:04:06,527 [main] INFO  upgrade.AbstractLayoutVersionManager (AbstractLayoutVersionManager.java:init(83)) - Initializing Layout version manager with metadata layout = HADOOP_PRC_PORTS_IN_DATANODEDETAILS (version = 7), software layout = HADOOP_PRC_PORTS_IN_DATANODEDETAILS (version = 7)
2023-12-01 12:04:06,528 [main] INFO  statemachine.DatanodeStateMachine (DatanodeStateMachine.java:getEndPointTaskThreadPoolSize(299)) - Datanode State Machine Task Thread Pool size 2
2023-12-01 12:04:06,533 [main] INFO  volume.HddsVolume (HddsVolume.java:<init>(126)) - Creating HddsVolume: /home/runner/work/ozone/ozone/hadoop-ozone/integration-test/target/test-dir/MiniOzoneClusterImpl-d99da5cf-54e3-4304-baea-1cefc2b4c4dc/datanode-2/data-0/containers/hdds of storage type : DISK capacity : 9223372036854775807
2023-12-01 12:04:06,533 [main] INFO  volume.MutableVolumeSet (MutableVolumeSet.java:initializeVolumeSet(173)) - Added Volume : /home/runner/work/ozone/ozone/hadoop-ozone/integration-test/target/test-dir/MiniOzoneClusterImpl-d99da5cf-54e3-4304-baea-1cefc2b4c4dc/datanode-2/data-0/containers/hdds to VolumeSet
2023-12-01 12:04:06,535 [main] INFO  volume.MutableVolumeSet (MutableVolumeSet.java:initializeVolumeSet(173)) - Added Volume : /home/runner/work/ozone/ozone/hadoop-ozone/integration-test/target/test-dir/MiniOzoneClusterImpl-d99da5cf-54e3-4304-baea-1cefc2b4c4dc/datanode-2/data/ratis to VolumeSet
2023-12-01 12:04:06,536 [main] INFO  ozoneimpl.OzoneContainer (HddsVolumeUtil.java:loadAllHddsVolumeDbStore(103)) - Load 1 volumes DbStore cost: 0ms
2023-12-01 12:04:06,537 [a2bf02b8-7760-44e6-b399-ad4429aacfa0-ContainerReader-0] INFO  ozoneimpl.ContainerReader (ContainerReader.java:readVolume(177)) - Finish verifying containers on volume /home/runner/work/ozone/ozone/hadoop-ozone/integration-test/target/test-dir/MiniOzoneClusterImpl-d99da5cf-54e3-4304-baea-1cefc2b4c4dc/datanode-2/data-0/containers/hdds
2023-12-01 12:04:06,537 [main] INFO  ozoneimpl.OzoneContainer (OzoneContainer.java:buildContainerSet(326)) - Build ContainerSet costs 0s
2023-12-01 12:04:06,542 [main] INFO  server.RaftServer (ConfUtils.java:logGet(46)) - raft.rpc.type = GRPC (default)
2023-12-01 12:04:06,542 [main] INFO  grpc.GrpcConfigKeys (ConfUtils.java:logFallback(53)) - raft.grpc.admin.host = null (fallback to raft.grpc.server.host)
2023-12-01 12:04:06,543 [main] INFO  grpc.GrpcConfigKeys (ConfUtils.java:logGet(46)) - raft.grpc.admin.port = 15031 (custom)
2023-12-01 12:04:06,543 [main] INFO  grpc.GrpcConfigKeys (ConfUtils.java:logFallback(53)) - raft.grpc.client.host = null (fallback to raft.grpc.server.host)
2023-12-01 12:04:06,543 [main] INFO  grpc.GrpcConfigKeys (ConfUtils.java:logGet(46)) - raft.grpc.client.port = 15030 (custom)
2023-12-01 12:04:06,543 [main] INFO  grpc.GrpcConfigKeys (ConfUtils.java:logGet(46)) - raft.grpc.server.host = null (default)
2023-12-01 12:04:06,544 [main] INFO  grpc.GrpcConfigKeys (ConfUtils.java:logGet(46)) - raft.grpc.server.port = 15032 (custom)
2023-12-01 12:04:06,544 [main] INFO  server.GrpcService (ConfUtils.java:logGet(46)) - raft.grpc.message.size.max = 32MB (=33554432) (custom)
2023-12-01 12:04:06,544 [main] INFO  server.RaftServerConfigKeys (ConfUtils.java:logGet(46)) - raft.server.log.appender.buffer.byte-limit = 33554432 (custom)
2023-12-01 12:04:06,544 [main] INFO  server.GrpcService (ConfUtils.java:logGet(46)) - raft.grpc.flow.control.window = 5MB (=5242880) (custom)
2023-12-01 12:04:06,544 [main] INFO  server.RaftServerConfigKeys (ConfUtils.java:logGet(46)) - raft.server.rpc.request.timeout = 60s (custom)
2023-12-01 12:04:06,544 [main] INFO  grpc.GrpcConfigKeys (ConfUtils.java:logGet(46)) - raft.grpc.server.heartbeat.channel = true (default)
2023-12-01 12:04:06,544 [main] INFO  grpc.GrpcConfigKeys (ConfUtils.java:logGet(46)) - raft.grpc.server.async.request.thread.pool.cached = true (default)
2023-12-01 12:04:06,545 [main] INFO  grpc.GrpcConfigKeys (ConfUtils.java:logGet(46)) - raft.grpc.server.async.request.thread.pool.size = 32 (default)
2023-12-01 12:04:06,547 [main] INFO  impl.DataStreamServerImpl (ConfUtils.java:logGet(46)) - raft.datastream.type = NETTY (custom)
2023-12-01 12:04:06,548 [main] INFO  server.RaftServerConfigKeys (ConfUtils.java:logGet(46)) - raft.server.data-stream.async.request.thread.pool.cached = false (default)
2023-12-01 12:04:06,548 [main] INFO  server.RaftServerConfigKeys (ConfUtils.java:logGet(46)) - raft.server.data-stream.async.request.thread.pool.size = 20 (custom)
2023-12-01 12:04:06,548 [main] INFO  server.RaftServerConfigKeys (ConfUtils.java:logGet(46)) - raft.server.data-stream.async.write.thread.pool.size = 16 (default)
2023-12-01 12:04:06,548 [main] INFO  netty.NettyConfigKeys$DataStream (ConfUtils.java:logGet(46)) - raft.netty.dataStream.server.channel.inactive.grace-period = 10min (default)
2023-12-01 12:04:06,549 [main] INFO  server.RaftServerConfigKeys (ConfUtils.java:logGet(46)) - raft.server.data-stream.client.pool.size = 10 (default)
2023-12-01 12:04:06,549 [main] INFO  netty.NettyConfigKeys$DataStream (ConfUtils.java:logGet(46)) - raft.netty.dataStream.server.use-epoll = true (default)
2023-12-01 12:04:06,549 [main] INFO  netty.NettyConfigKeys$DataStream (ConfUtils.java:logGet(46)) - raft.netty.dataStream.server.boss-group.size = 0 (default)
2023-12-01 12:04:06,549 [main] INFO  netty.NettyUtils (NettyUtils.java:newEventLoopGroup(69)) - Create EpollEventLoopGroup for a2bf02b8-7760-44e6-b399-ad4429aacfa0-NettyServerStreamRpc-bossGroup; Thread size is 0.
2023-12-01 12:04:06,550 [main] INFO  netty.NettyConfigKeys$DataStream (ConfUtils.java:logGet(46)) - raft.netty.dataStream.server.worker-group.size = 0 (default)
2023-12-01 12:04:06,550 [main] INFO  netty.NettyUtils (NettyUtils.java:newEventLoopGroup(69)) - Create EpollEventLoopGroup for a2bf02b8-7760-44e6-b399-ad4429aacfa0-NettyServerStreamRpc-workerGroup; Thread size is 0.
2023-12-01 12:04:06,551 [main] INFO  netty.NettyConfigKeys$DataStream (ConfUtils.java:logGet(46)) - raft.netty.dataStream.server.tls.conf = null (default)
2023-12-01 12:04:06,551 [main] INFO  netty.NettyConfigKeys$DataStream (ConfUtils.java:logGet(46)) - raft.netty.dataStream.host = null (default)
2023-12-01 12:04:06,551 [main] INFO  netty.NettyConfigKeys$DataStream (ConfUtils.java:logGet(46)) - raft.netty.dataStream.port = 15033 (custom)
2023-12-01 12:04:06,552 [main] INFO  server.RaftServerConfigKeys (ConfUtils.java:logGet(46)) - raft.server.sleep.deviation.threshold = 300ms (default)
2023-12-01 12:04:06,553 [main] INFO  server.RaftServerConfigKeys (ConfUtils.java:logGet(46)) - raft.server.close.threshold = 60s (default)
2023-12-01 12:04:06,553 [a2bf02b8-7760-44e6-b399-ad4429aacfa0-NettyServerStreamRpc-bossGroup--thread1] INFO  logging.LoggingHandler (AbstractInternalLogger.java:log(148)) - [id: 0xd73c3b29] REGISTERED
2023-12-01 12:04:06,553 [main] INFO  server.RaftServerConfigKeys (ConfUtils.java:logGet(46)) - raft.server.leaderelection.leader.step-down.wait-time = 10s (default)
2023-12-01 12:04:06,553 [a2bf02b8-7760-44e6-b399-ad4429aacfa0-NettyServerStreamRpc-bossGroup--thread1] INFO  logging.LoggingHandler (AbstractInternalLogger.java:log(148)) - [id: 0xd73c3b29] BIND: 0.0.0.0/0.0.0.0:15033
2023-12-01 12:04:06,553 [main] INFO  server.RaftServerConfigKeys (ConfUtils.java:logGet(46)) - raft.server.storage.dir = [/home/runner/work/ozone/ozone/hadoop-ozone/integration-test/target/test-dir/MiniOzoneClusterImpl-d99da5cf-54e3-4304-baea-1cefc2b4c4dc/datanode-2/data/ratis] (custom)
2023-12-01 12:04:06,553 [a2bf02b8-7760-44e6-b399-ad4429aacfa0-NettyServerStreamRpc-bossGroup--thread1] INFO  logging.LoggingHandler (AbstractInternalLogger.java:log(148)) - [id: 0xd73c3b29, L:/0.0.0.0:15033] ACTIVE
2023-12-01 12:04:06,554 [main] INFO  server.RaftServerConfigKeys (ConfUtils.java:logGet(46)) - raft.server.threadpool.proxy.cached = true (default)
2023-12-01 12:04:06,554 [main] INFO  server.RaftServerConfigKeys (ConfUtils.java:logGet(46)) - raft.server.threadpool.proxy.size = 0 (default)
2023-12-01 12:04:06,554 [a2bf02b8-7760-44e6-b399-ad4429aacfa0-impl-thread1] INFO  server.RaftServer (RaftServerProxy.java:initGroupDir(264)) - a2bf02b8-7760-44e6-b399-ad4429aacfa0: found a subdirectory /home/runner/work/ozone/ozone/hadoop-ozone/integration-test/target/test-dir/MiniOzoneClusterImpl-d99da5cf-54e3-4304-baea-1cefc2b4c4dc/datanode-2/data/ratis/tmp
2023-12-01 12:04:06,555 [a2bf02b8-7760-44e6-b399-ad4429aacfa0-impl-thread1] INFO  server.RaftServer (RaftServerProxy.java:initGroupDir(269)) - a2bf02b8-7760-44e6-b399-ad4429aacfa0: The directory /home/runner/work/ozone/ozone/hadoop-ozone/integration-test/target/test-dir/MiniOzoneClusterImpl-d99da5cf-54e3-4304-baea-1cefc2b4c4dc/datanode-2/data/ratis/tmp is not a group directory; ignoring it. 
2023-12-01 12:04:06,555 [main] INFO  replication.ReplicationServer (ReplicationServer.java:<init>(85)) - Initializing replication server with thread count = 10 queue length = 4096
2023-12-01 12:04:06,556 [main] INFO  server.XceiverServerGrpc (XceiverServerGrpc.java:<init>(135)) - GrpcServer channel type EpollServerSocketChannel
2023-12-01 12:04:06,559 [main] INFO  replication.ReplicationSupervisor (ReplicationSupervisor.java:build(163)) - Initializing replication supervisor with thread count = 10
2023-12-01 12:04:06,559 [main] INFO  replication.ReplicationSupervisor (ReplicationSupervisor.java:nodeStateUpdated(317)) - Node state updated to IN_SERVICE, scaling executor pool size to 10
2023-12-01 12:04:06,561 [main] INFO  http.BaseHttpServer (BaseHttpServer.java:newHttpServer2BuilderForOzone(223)) - Starting Web-server for hddsDatanode at: http://0.0.0.0:15027
2023-12-01 12:04:06,562 [main] INFO  http.BaseHttpServer (BaseHttpServer.java:<init>(110)) - Hadoop Security Enabled: false Ozone Security Enabled: false Ozone HTTP Security Enabled: false 
2023-12-01 12:04:06,563 [main] WARN  server.AuthenticationFilter (AuthenticationFilter.java:constructSecretProvider(240)) - Unable to initialize FileSignerSecretProvider, falling back to use random secrets. Reason: Could not read signature secret file: /home/runner/hadoop-http-auth-signature-secret
2023-12-01 12:04:06,564 [main] INFO  http.HttpRequestLog (HttpRequestLog.java:getRequestLog(86)) - Http request log for http.requests.hddsDatanode is not defined
2023-12-01 12:04:06,565 [main] INFO  http.HttpServer2 (HttpServer2.java:addGlobalFilter(1031)) - Added global filter 'safety' (class=org.apache.hadoop.hdds.server.http.HttpServer2$QuotingInputFilter)
2023-12-01 12:04:06,566 [main] INFO  http.HttpServer2 (HttpServer2.java:addFilter(1007)) - Added filter static_user_filter (class=org.apache.hadoop.http.lib.StaticUserWebFilter$StaticUserFilter) to context hddsDatanode
2023-12-01 12:04:06,566 [main] INFO  http.HttpServer2 (HttpServer2.java:addFilter(1015)) - Added filter static_user_filter (class=org.apache.hadoop.http.lib.StaticUserWebFilter$StaticUserFilter) to context logs
2023-12-01 12:04:06,566 [main] INFO  http.HttpServer2 (HttpServer2.java:addFilter(1015)) - Added filter static_user_filter (class=org.apache.hadoop.http.lib.StaticUserWebFilter$StaticUserFilter) to context static
2023-12-01 12:04:06,567 [main] INFO  http.BaseHttpServer (BaseHttpServer.java:<init>(189)) - HTTP server of hddsDatanode uses base directory /home/runner/work/ozone/ozone/hadoop-ozone/integration-test/target/test-dir/MiniOzoneClusterImpl-d99da5cf-54e3-4304-baea-1cefc2b4c4dc/datanode-2/meta/webserver
2023-12-01 12:04:06,567 [main] INFO  http.HttpServer2 (HttpServer2.java:bindListener(1231)) - Jetty bound to port 15027
2023-12-01 12:04:06,567 [main] INFO  server.Server (Server.java:doStart(375)) - jetty-9.4.53.v20231009; built: 2023-10-09T12:29:09.265Z; git: 27bde00a0b95a1d5bbee0eae7984f891d2d0f8c9; jvm 1.8.0_392-b08
2023-12-01 12:04:06,569 [main] INFO  server.session (DefaultSessionIdManager.java:doStart(334)) - DefaultSessionIdManager workerName=node0
2023-12-01 12:04:06,569 [main] INFO  server.session (DefaultSessionIdManager.java:doStart(339)) - No SessionScavenger set, using defaults
2023-12-01 12:04:06,570 [main] INFO  server.session (HouseKeeper.java:startScavenging(132)) - node0 Scavenging every 660000ms
2023-12-01 12:04:06,570 [main] INFO  handler.ContextHandler (ContextHandler.java:doStart(921)) - Started o.e.j.s.ServletContextHandler@15480ba9{logs,/logs,file:///home/runner/work/ozone/ozone/hadoop-ozone/integration-test/target/log,AVAILABLE}
2023-12-01 12:04:06,571 [main] INFO  handler.ContextHandler (ContextHandler.java:doStart(921)) - Started o.e.j.s.ServletContextHandler@c32def9{static,/static,jar:file:/home/runner/.m2/repository/org/apache/ozone/hdds-container-service/1.4.0-SNAPSHOT/hdds-container-service-1.4.0-SNAPSHOT.jar!/webapps/static,AVAILABLE}
2023-12-01 12:04:06,605 [main] INFO  handler.ContextHandler (ContextHandler.java:doStart(921)) - Started o.e.j.w.WebAppContext@6eea863f{hddsDatanode,/,file:///home/runner/work/ozone/ozone/hadoop-ozone/integration-test/target/test-dir/MiniOzoneClusterImpl-d99da5cf-54e3-4304-baea-1cefc2b4c4dc/datanode-2/meta/webserver/jetty-0_0_0_0-15027-hdds-container-service-1_4_0-SNAPSHOT_jar-_-any-338571740397642235/webapp/,AVAILABLE}{jar:file:/home/runner/.m2/repository/org/apache/ozone/hdds-container-service/1.4.0-SNAPSHOT/hdds-container-service-1.4.0-SNAPSHOT.jar!/webapps/hddsDatanode}
2023-12-01 12:04:06,606 [main] INFO  server.AbstractConnector (AbstractConnector.java:doStart(333)) - Started ServerConnector@1b1d9ff5{HTTP/1.1, (http/1.1)}{0.0.0.0:15027}
2023-12-01 12:04:06,607 [main] INFO  server.Server (Server.java:doStart(415)) - Started @7046ms
2023-12-01 12:04:06,607 [main] WARN  impl.MetricsSystemImpl (MetricsSystemImpl.java:register(279)) - Sink prometheus already exists!
2023-12-01 12:04:06,608 [main] INFO  http.BaseHttpServer (BaseHttpServer.java:updateConnectorAddress(354)) - HTTP server of hddsDatanode listening at http://0.0.0.0:15027
2023-12-01 12:04:06,608 [main] INFO  ipc.CallQueueManager (CallQueueManager.java:<init>(90)) - Using callQueue: class java.util.concurrent.LinkedBlockingQueue, queueCapacity: 100, scheduler: class org.apache.hadoop.ipc.DefaultRpcScheduler, ipcBackoff: false.
2023-12-01 12:04:06,608 [main] INFO  ipc.Server (Server.java:<init>(1287)) - Listener at 0.0.0.0:15028
2023-12-01 12:04:06,609 [Socket Reader #1 for port 15028] INFO  ipc.Server (Server.java:run(1323)) - Starting Socket Reader #1 for port 15028
2023-12-01 12:04:06,611 [main] INFO  ozone.HddsDatanodeService (HddsDatanodeService.java:start(324)) - Datanode start with admins: [runner]
2023-12-01 12:04:06,611 [main] INFO  ozone.HddsDatanodeClientProtocolServer (HddsDatanodeClientProtocolServer.java:start(72)) - RPC server for Client /0.0.0.0:15028
2023-12-01 12:04:06,611 [IPC Server Responder] INFO  ipc.Server (Server.java:run(1562)) - IPC Server Responder: starting
2023-12-01 12:04:06,612 [IPC Server listener on 15028] INFO  ipc.Server (Server.java:run(1402)) - IPC Server listener on 15028: starting
2023-12-01 12:04:06,617 [a2bf02b8-7760-44e6-b399-ad4429aacfa0-DatanodeStateMachineDaemonThread] INFO  statemachine.DatanodeStateMachine (DatanodeStateMachine.java:lambda$startDaemon$1(555)) - Ozone container server started.
2023-12-01 12:04:06,617 [main] WARN  dropwizard3.Dm3MetricRegistriesImpl (Dm3MetricRegistriesImpl.java:addReporterRegistration(113)) - New reporters are added after registries were created. Some metrics will be missing from the reporter. Please add reporter before adding any new registry.
2023-12-01 12:04:06,618 [main] WARN  dropwizard3.Dm3MetricRegistriesImpl (Dm3MetricRegistriesImpl.java:addReporterRegistration(113)) - New reporters are added after registries were created. Some metrics will be missing from the reporter. Please add reporter before adding any new registry.
2023-12-01 12:04:06,618 [main] INFO  impl.MetricsSystemImpl (MetricsSystemImpl.java:init(158)) - HddsDatanode metrics system started (again)
2023-12-01 12:04:06,630 [a2bf02b8-7760-44e6-b399-ad4429aacfa0-DatanodeStateMachineTaskThread-0] INFO  datanode.InitDatanodeState (InitDatanodeState.java:persistContainerDatanodeDetails(139)) - DatanodeDetails is persisted to /home/runner/work/ozone/ozone/hadoop-ozone/integration-test/target/test-dir/MiniOzoneClusterImpl-d99da5cf-54e3-4304-baea-1cefc2b4c4dc/datanode-2/meta/datanode.id
2023-12-01 12:04:06,632 [main] INFO  ozone.HddsDatanodeService (HddsDatanodeService.java:start(239)) - HddsDatanodeService host:fv-az1423-675.ei5rwdf52qxuxllzxeqjam05jd.ex.internal.cloudapp.net ip:10.1.0.24
2023-12-01 12:04:06,649 [main] INFO  upgrade.AbstractLayoutVersionManager (AbstractLayoutVersionManager.java:init(83)) - Initializing Layout version manager with metadata layout = HADOOP_PRC_PORTS_IN_DATANODEDETAILS (version = 7), software layout = HADOOP_PRC_PORTS_IN_DATANODEDETAILS (version = 7)
2023-12-01 12:04:06,650 [main] INFO  statemachine.DatanodeStateMachine (DatanodeStateMachine.java:getEndPointTaskThreadPoolSize(299)) - Datanode State Machine Task Thread Pool size 2
2023-12-01 12:04:06,653 [main] INFO  volume.HddsVolume (HddsVolume.java:<init>(126)) - Creating HddsVolume: /home/runner/work/ozone/ozone/hadoop-ozone/integration-test/target/test-dir/MiniOzoneClusterImpl-d99da5cf-54e3-4304-baea-1cefc2b4c4dc/datanode-3/data-0/containers/hdds of storage type : DISK capacity : 9223372036854775807
2023-12-01 12:04:06,653 [main] INFO  volume.MutableVolumeSet (MutableVolumeSet.java:initializeVolumeSet(173)) - Added Volume : /home/runner/work/ozone/ozone/hadoop-ozone/integration-test/target/test-dir/MiniOzoneClusterImpl-d99da5cf-54e3-4304-baea-1cefc2b4c4dc/datanode-3/data-0/containers/hdds to VolumeSet
2023-12-01 12:04:06,655 [main] INFO  volume.MutableVolumeSet (MutableVolumeSet.java:initializeVolumeSet(173)) - Added Volume : /home/runner/work/ozone/ozone/hadoop-ozone/integration-test/target/test-dir/MiniOzoneClusterImpl-d99da5cf-54e3-4304-baea-1cefc2b4c4dc/datanode-3/data/ratis to VolumeSet
2023-12-01 12:04:06,655 [main] INFO  ozoneimpl.OzoneContainer (HddsVolumeUtil.java:loadAllHddsVolumeDbStore(103)) - Load 1 volumes DbStore cost: 0ms
2023-12-01 12:04:06,660 [a78ad617-b5b5-46fb-9003-310abdef56ad-ContainerReader-0] INFO  ozoneimpl.ContainerReader (ContainerReader.java:readVolume(177)) - Finish verifying containers on volume /home/runner/work/ozone/ozone/hadoop-ozone/integration-test/target/test-dir/MiniOzoneClusterImpl-d99da5cf-54e3-4304-baea-1cefc2b4c4dc/datanode-3/data-0/containers/hdds
2023-12-01 12:04:06,660 [main] INFO  ozoneimpl.OzoneContainer (OzoneContainer.java:buildContainerSet(326)) - Build ContainerSet costs 0s
2023-12-01 12:04:06,665 [main] INFO  server.RaftServer (ConfUtils.java:logGet(46)) - raft.rpc.type = GRPC (default)
2023-12-01 12:04:06,666 [main] INFO  grpc.GrpcConfigKeys (ConfUtils.java:logFallback(53)) - raft.grpc.admin.host = null (fallback to raft.grpc.server.host)
2023-12-01 12:04:06,666 [main] INFO  grpc.GrpcConfigKeys (ConfUtils.java:logGet(46)) - raft.grpc.admin.port = 15040 (custom)
2023-12-01 12:04:06,666 [main] INFO  grpc.GrpcConfigKeys (ConfUtils.java:logFallback(53)) - raft.grpc.client.host = null (fallback to raft.grpc.server.host)
2023-12-01 12:04:06,667 [main] INFO  grpc.GrpcConfigKeys (ConfUtils.java:logGet(46)) - raft.grpc.client.port = 15039 (custom)
2023-12-01 12:04:06,667 [main] INFO  grpc.GrpcConfigKeys (ConfUtils.java:logGet(46)) - raft.grpc.server.host = null (default)
2023-12-01 12:04:06,667 [main] INFO  grpc.GrpcConfigKeys (ConfUtils.java:logGet(46)) - raft.grpc.server.port = 15041 (custom)
2023-12-01 12:04:06,668 [main] INFO  server.GrpcService (ConfUtils.java:logGet(46)) - raft.grpc.message.size.max = 32MB (=33554432) (custom)
2023-12-01 12:04:06,668 [main] INFO  server.RaftServerConfigKeys (ConfUtils.java:logGet(46)) - raft.server.log.appender.buffer.byte-limit = 33554432 (custom)
2023-12-01 12:04:06,668 [main] INFO  server.GrpcService (ConfUtils.java:logGet(46)) - raft.grpc.flow.control.window = 5MB (=5242880) (custom)
2023-12-01 12:04:06,669 [main] INFO  server.RaftServerConfigKeys (ConfUtils.java:logGet(46)) - raft.server.rpc.request.timeout = 60s (custom)
2023-12-01 12:04:06,669 [main] INFO  grpc.GrpcConfigKeys (ConfUtils.java:logGet(46)) - raft.grpc.server.heartbeat.channel = true (default)
2023-12-01 12:04:06,669 [main] INFO  grpc.GrpcConfigKeys (ConfUtils.java:logGet(46)) - raft.grpc.server.async.request.thread.pool.cached = true (default)
2023-12-01 12:04:06,670 [main] INFO  grpc.GrpcConfigKeys (ConfUtils.java:logGet(46)) - raft.grpc.server.async.request.thread.pool.size = 32 (default)
2023-12-01 12:04:06,673 [main] INFO  impl.DataStreamServerImpl (ConfUtils.java:logGet(46)) - raft.datastream.type = NETTY (custom)
2023-12-01 12:04:06,674 [main] INFO  server.RaftServerConfigKeys (ConfUtils.java:logGet(46)) - raft.server.data-stream.async.request.thread.pool.cached = false (default)
2023-12-01 12:04:06,674 [main] INFO  server.RaftServerConfigKeys (ConfUtils.java:logGet(46)) - raft.server.data-stream.async.request.thread.pool.size = 20 (custom)
2023-12-01 12:04:06,674 [main] INFO  server.RaftServerConfigKeys (ConfUtils.java:logGet(46)) - raft.server.data-stream.async.write.thread.pool.size = 16 (default)
2023-12-01 12:04:06,675 [main] INFO  netty.NettyConfigKeys$DataStream (ConfUtils.java:logGet(46)) - raft.netty.dataStream.server.channel.inactive.grace-period = 10min (default)
2023-12-01 12:04:06,675 [main] INFO  server.RaftServerConfigKeys (ConfUtils.java:logGet(46)) - raft.server.data-stream.client.pool.size = 10 (default)
2023-12-01 12:04:06,676 [main] INFO  netty.NettyConfigKeys$DataStream (ConfUtils.java:logGet(46)) - raft.netty.dataStream.server.use-epoll = true (default)
2023-12-01 12:04:06,676 [main] INFO  netty.NettyConfigKeys$DataStream (ConfUtils.java:logGet(46)) - raft.netty.dataStream.server.boss-group.size = 0 (default)
2023-12-01 12:04:06,676 [main] INFO  netty.NettyUtils (NettyUtils.java:newEventLoopGroup(69)) - Create EpollEventLoopGroup for a78ad617-b5b5-46fb-9003-310abdef56ad-NettyServerStreamRpc-bossGroup; Thread size is 0.
2023-12-01 12:04:06,677 [main] INFO  netty.NettyConfigKeys$DataStream (ConfUtils.java:logGet(46)) - raft.netty.dataStream.server.worker-group.size = 0 (default)
2023-12-01 12:04:06,677 [main] INFO  netty.NettyUtils (NettyUtils.java:newEventLoopGroup(69)) - Create EpollEventLoopGroup for a78ad617-b5b5-46fb-9003-310abdef56ad-NettyServerStreamRpc-workerGroup; Thread size is 0.
2023-12-01 12:04:06,678 [main] INFO  netty.NettyConfigKeys$DataStream (ConfUtils.java:logGet(46)) - raft.netty.dataStream.server.tls.conf = null (default)
2023-12-01 12:04:06,678 [main] INFO  netty.NettyConfigKeys$DataStream (ConfUtils.java:logGet(46)) - raft.netty.dataStream.host = null (default)
2023-12-01 12:04:06,679 [main] INFO  netty.NettyConfigKeys$DataStream (ConfUtils.java:logGet(46)) - raft.netty.dataStream.port = 15042 (custom)
2023-12-01 12:04:06,679 [main] INFO  server.RaftServerConfigKeys (ConfUtils.java:logGet(46)) - raft.server.sleep.deviation.threshold = 300ms (default)
2023-12-01 12:04:06,680 [a78ad617-b5b5-46fb-9003-310abdef56ad-NettyServerStreamRpc-bossGroup--thread1] INFO  logging.LoggingHandler (AbstractInternalLogger.java:log(148)) - [id: 0x0efb79fe] REGISTERED
2023-12-01 12:04:06,681 [main] INFO  server.RaftServerConfigKeys (ConfUtils.java:logGet(46)) - raft.server.close.threshold = 60s (default)
2023-12-01 12:04:06,681 [main] INFO  server.RaftServerConfigKeys (ConfUtils.java:logGet(46)) - raft.server.leaderelection.leader.step-down.wait-time = 10s (default)
2023-12-01 12:04:06,681 [main] INFO  server.RaftServerConfigKeys (ConfUtils.java:logGet(46)) - raft.server.storage.dir = [/home/runner/work/ozone/ozone/hadoop-ozone/integration-test/target/test-dir/MiniOzoneClusterImpl-d99da5cf-54e3-4304-baea-1cefc2b4c4dc/datanode-3/data/ratis] (custom)
2023-12-01 12:04:06,681 [a78ad617-b5b5-46fb-9003-310abdef56ad-NettyServerStreamRpc-bossGroup--thread1] INFO  logging.LoggingHandler (AbstractInternalLogger.java:log(148)) - [id: 0x0efb79fe] BIND: 0.0.0.0/0.0.0.0:15042
2023-12-01 12:04:06,681 [main] INFO  server.RaftServerConfigKeys (ConfUtils.java:logGet(46)) - raft.server.threadpool.proxy.cached = true (default)
2023-12-01 12:04:06,682 [main] INFO  server.RaftServerConfigKeys (ConfUtils.java:logGet(46)) - raft.server.threadpool.proxy.size = 0 (default)
2023-12-01 12:04:06,682 [a78ad617-b5b5-46fb-9003-310abdef56ad-NettyServerStreamRpc-bossGroup--thread1] INFO  logging.LoggingHandler (AbstractInternalLogger.java:log(148)) - [id: 0x0efb79fe, L:/0.0.0.0:15042] ACTIVE
2023-12-01 12:04:06,683 [a78ad617-b5b5-46fb-9003-310abdef56ad-impl-thread1] INFO  server.RaftServer (RaftServerProxy.java:initGroupDir(264)) - a78ad617-b5b5-46fb-9003-310abdef56ad: found a subdirectory /home/runner/work/ozone/ozone/hadoop-ozone/integration-test/target/test-dir/MiniOzoneClusterImpl-d99da5cf-54e3-4304-baea-1cefc2b4c4dc/datanode-3/data/ratis/tmp
2023-12-01 12:04:06,683 [a78ad617-b5b5-46fb-9003-310abdef56ad-impl-thread1] INFO  server.RaftServer (RaftServerProxy.java:initGroupDir(269)) - a78ad617-b5b5-46fb-9003-310abdef56ad: The directory /home/runner/work/ozone/ozone/hadoop-ozone/integration-test/target/test-dir/MiniOzoneClusterImpl-d99da5cf-54e3-4304-baea-1cefc2b4c4dc/datanode-3/data/ratis/tmp is not a group directory; ignoring it. 
2023-12-01 12:04:06,683 [main] INFO  replication.ReplicationServer (ReplicationServer.java:<init>(85)) - Initializing replication server with thread count = 10 queue length = 4096
2023-12-01 12:04:06,685 [main] INFO  server.XceiverServerGrpc (XceiverServerGrpc.java:<init>(135)) - GrpcServer channel type EpollServerSocketChannel
2023-12-01 12:04:06,688 [main] INFO  replication.ReplicationSupervisor (ReplicationSupervisor.java:build(163)) - Initializing replication supervisor with thread count = 10
2023-12-01 12:04:06,688 [main] INFO  replication.ReplicationSupervisor (ReplicationSupervisor.java:nodeStateUpdated(317)) - Node state updated to IN_SERVICE, scaling executor pool size to 10
2023-12-01 12:04:06,693 [main] INFO  http.BaseHttpServer (BaseHttpServer.java:newHttpServer2BuilderForOzone(223)) - Starting Web-server for hddsDatanode at: http://0.0.0.0:15036
2023-12-01 12:04:06,694 [main] INFO  http.BaseHttpServer (BaseHttpServer.java:<init>(110)) - Hadoop Security Enabled: false Ozone Security Enabled: false Ozone HTTP Security Enabled: false 
2023-12-01 12:04:06,695 [main] WARN  server.AuthenticationFilter (AuthenticationFilter.java:constructSecretProvider(240)) - Unable to initialize FileSignerSecretProvider, falling back to use random secrets. Reason: Could not read signature secret file: /home/runner/hadoop-http-auth-signature-secret
2023-12-01 12:04:06,696 [main] INFO  http.HttpRequestLog (HttpRequestLog.java:getRequestLog(86)) - Http request log for http.requests.hddsDatanode is not defined
2023-12-01 12:04:06,698 [main] INFO  http.HttpServer2 (HttpServer2.java:addGlobalFilter(1031)) - Added global filter 'safety' (class=org.apache.hadoop.hdds.server.http.HttpServer2$QuotingInputFilter)
2023-12-01 12:04:06,699 [main] INFO  http.HttpServer2 (HttpServer2.java:addFilter(1007)) - Added filter static_user_filter (class=org.apache.hadoop.http.lib.StaticUserWebFilter$StaticUserFilter) to context hddsDatanode
2023-12-01 12:04:06,700 [main] INFO  http.HttpServer2 (HttpServer2.java:addFilter(1015)) - Added filter static_user_filter (class=org.apache.hadoop.http.lib.StaticUserWebFilter$StaticUserFilter) to context logs
2023-12-01 12:04:06,700 [main] INFO  http.HttpServer2 (HttpServer2.java:addFilter(1015)) - Added filter static_user_filter (class=org.apache.hadoop.http.lib.StaticUserWebFilter$StaticUserFilter) to context static
2023-12-01 12:04:06,701 [main] INFO  http.BaseHttpServer (BaseHttpServer.java:<init>(189)) - HTTP server of hddsDatanode uses base directory /home/runner/work/ozone/ozone/hadoop-ozone/integration-test/target/test-dir/MiniOzoneClusterImpl-d99da5cf-54e3-4304-baea-1cefc2b4c4dc/datanode-3/meta/webserver
2023-12-01 12:04:06,701 [main] INFO  http.HttpServer2 (HttpServer2.java:bindListener(1231)) - Jetty bound to port 15036
2023-12-01 12:04:06,701 [main] INFO  server.Server (Server.java:doStart(375)) - jetty-9.4.53.v20231009; built: 2023-10-09T12:29:09.265Z; git: 27bde00a0b95a1d5bbee0eae7984f891d2d0f8c9; jvm 1.8.0_392-b08
2023-12-01 12:04:06,707 [main] INFO  server.session (DefaultSessionIdManager.java:doStart(334)) - DefaultSessionIdManager workerName=node0
2023-12-01 12:04:06,708 [main] INFO  server.session (DefaultSessionIdManager.java:doStart(339)) - No SessionScavenger set, using defaults
2023-12-01 12:04:06,708 [main] INFO  server.session (HouseKeeper.java:startScavenging(132)) - node0 Scavenging every 660000ms
2023-12-01 12:04:06,709 [main] INFO  handler.ContextHandler (ContextHandler.java:doStart(921)) - Started o.e.j.s.ServletContextHandler@73b02395{logs,/logs,file:///home/runner/work/ozone/ozone/hadoop-ozone/integration-test/target/log,AVAILABLE}
2023-12-01 12:04:06,710 [main] INFO  handler.ContextHandler (ContextHandler.java:doStart(921)) - Started o.e.j.s.ServletContextHandler@1b74e55a{static,/static,jar:file:/home/runner/.m2/repository/org/apache/ozone/hdds-container-service/1.4.0-SNAPSHOT/hdds-container-service-1.4.0-SNAPSHOT.jar!/webapps/static,AVAILABLE}
2023-12-01 12:04:06,721 [om1@group-C5BA1605619E-FollowerState] INFO  impl.FollowerState (FollowerState.java:run(143)) - om1@group-C5BA1605619E-FollowerState: change to CANDIDATE, lastRpcElapsedTime:1024309986ns, electionTimeout:1022ms
2023-12-01 12:04:06,721 [om1@group-C5BA1605619E-FollowerState] INFO  impl.RoleInfo (RoleInfo.java:shutdownFollowerState(110)) - om1: shutdown om1@group-C5BA1605619E-FollowerState
2023-12-01 12:04:06,722 [om1@group-C5BA1605619E-FollowerState] INFO  server.RaftServer$Division (RaftServerImpl.java:setRole(379)) - om1@group-C5BA1605619E: changes role from  FOLLOWER to CANDIDATE at term 0 for changeToCandidate
2023-12-01 12:04:06,725 [om1@group-C5BA1605619E-FollowerState] INFO  server.RaftServerConfigKeys (ConfUtils.java:logGet(46)) - raft.server.leaderelection.pre-vote = true (default)
2023-12-01 12:04:06,725 [om1@group-C5BA1605619E-FollowerState] INFO  impl.RoleInfo (RoleInfo.java:updateAndGet(139)) - om1: start om1@group-C5BA1605619E-LeaderElection1
2023-12-01 12:04:06,735 [om1@group-C5BA1605619E-LeaderElection1] INFO  impl.LeaderElection (LeaderElection.java:askForVotes(323)) - om1@group-C5BA1605619E-LeaderElection1 PRE_VOTE round 0: submit vote requests at term 0 for -1: peers:[om1|localhost:15007]|listeners:[], old=null
2023-12-01 12:04:06,736 [om1@group-C5BA1605619E-LeaderElection1] INFO  impl.LeaderElection (LeaderElection.java:askForVotes(325)) - om1@group-C5BA1605619E-LeaderElection1 PRE_VOTE round 0: result PASSED (term=0)
2023-12-01 12:04:06,738 [om1@group-C5BA1605619E-LeaderElection1] INFO  impl.LeaderElection (LeaderElection.java:askForVotes(323)) - om1@group-C5BA1605619E-LeaderElection1 ELECTION round 0: submit vote requests at term 1 for -1: peers:[om1|localhost:15007]|listeners:[], old=null
2023-12-01 12:04:06,739 [om1@group-C5BA1605619E-LeaderElection1] INFO  impl.LeaderElection (LeaderElection.java:askForVotes(325)) - om1@group-C5BA1605619E-LeaderElection1 ELECTION round 0: result PASSED (term=1)
2023-12-01 12:04:06,739 [om1@group-C5BA1605619E-LeaderElection1] INFO  impl.RoleInfo (RoleInfo.java:shutdownLeaderElection(130)) - om1: shutdown om1@group-C5BA1605619E-LeaderElection1
2023-12-01 12:04:06,740 [om1@group-C5BA1605619E-LeaderElection1] INFO  server.RaftServer$Division (RaftServerImpl.java:setRole(379)) - om1@group-C5BA1605619E: changes role from CANDIDATE to LEADER at term 1 for changeToLeader
2023-12-01 12:04:06,746 [om1@group-C5BA1605619E-LeaderElection1] INFO  server.RaftServerConfigKeys (ConfUtils.java:logGet(46)) - raft.server.staging.catchup.gap = 1000 (default)
2023-12-01 12:04:06,750 [om1@group-C5BA1605619E-LeaderElection1] INFO  server.RaftServerConfigKeys (ConfUtils.java:logGet(46)) - raft.server.write.element-limit = 4096 (default)
2023-12-01 12:04:06,751 [om1@group-C5BA1605619E-LeaderElection1] INFO  server.RaftServerConfigKeys (ConfUtils.java:logGet(46)) - raft.server.write.byte-limit = 64MB (=67108864) (default)
2023-12-01 12:04:06,752 [main] INFO  handler.ContextHandler (ContextHandler.java:doStart(921)) - Started o.e.j.w.WebAppContext@61d42e9a{hddsDatanode,/,file:///home/runner/work/ozone/ozone/hadoop-ozone/integration-test/target/test-dir/MiniOzoneClusterImpl-d99da5cf-54e3-4304-baea-1cefc2b4c4dc/datanode-3/meta/webserver/jetty-0_0_0_0-15036-hdds-container-service-1_4_0-SNAPSHOT_jar-_-any-7560444127247707331/webapp/,AVAILABLE}{jar:file:/home/runner/.m2/repository/org/apache/ozone/hdds-container-service/1.4.0-SNAPSHOT/hdds-container-service-1.4.0-SNAPSHOT.jar!/webapps/hddsDatanode}
2023-12-01 12:04:06,756 [main] INFO  server.AbstractConnector (AbstractConnector.java:doStart(333)) - Started ServerConnector@79b67723{HTTP/1.1, (http/1.1)}{0.0.0.0:15036}
2023-12-01 12:04:06,756 [main] INFO  server.Server (Server.java:doStart(415)) - Started @7195ms
2023-12-01 12:04:06,756 [main] WARN  impl.MetricsSystemImpl (MetricsSystemImpl.java:register(279)) - Sink prometheus already exists!
2023-12-01 12:04:06,756 [om1@group-C5BA1605619E-LeaderElection1] INFO  server.RaftServerConfigKeys (ConfUtils.java:logGet(46)) - raft.server.watch.timeout = 10s (default)
2023-12-01 12:04:06,757 [main] INFO  http.BaseHttpServer (BaseHttpServer.java:updateConnectorAddress(354)) - HTTP server of hddsDatanode listening at http://0.0.0.0:15036
2023-12-01 12:04:06,757 [om1@group-C5BA1605619E-LeaderElection1] INFO  server.RaftServerConfigKeys (ConfUtils.java:logGet(46)) - raft.server.watch.timeout.denomination = 1s (default)
2023-12-01 12:04:06,758 [main] INFO  ipc.CallQueueManager (CallQueueManager.java:<init>(90)) - Using callQueue: class java.util.concurrent.LinkedBlockingQueue, queueCapacity: 100, scheduler: class org.apache.hadoop.ipc.DefaultRpcScheduler, ipcBackoff: false.
2023-12-01 12:04:06,758 [main] INFO  ipc.Server (Server.java:<init>(1287)) - Listener at 0.0.0.0:15037
2023-12-01 12:04:06,759 [om1@group-C5BA1605619E-LeaderElection1] INFO  server.RaftServerConfigKeys (ConfUtils.java:logGet(46)) - raft.server.watch.element-limit = 65536 (default)
2023-12-01 12:04:06,765 [om1@group-C5BA1605619E-LeaderElection1] INFO  server.RaftServerConfigKeys (ConfUtils.java:logGet(46)) - raft.server.read.leader.lease.enabled = false (default)
2023-12-01 12:04:06,767 [om1@group-C5BA1605619E-LeaderElection1] INFO  server.RaftServerConfigKeys (ConfUtils.java:logGet(46)) - raft.server.read.leader.lease.timeout.ratio = 0.9 (default)
2023-12-01 12:04:06,767 [Socket Reader #1 for port 15037] INFO  ipc.Server (Server.java:run(1323)) - Starting Socket Reader #1 for port 15037
2023-12-01 12:04:06,768 [om1@group-C5BA1605619E-LeaderElection1] INFO  server.RaftServerConfigKeys (ConfUtils.java:logGet(46)) - raft.server.rpc.timeout.min = 1s (custom)
2023-12-01 12:04:06,768 [om1@group-C5BA1605619E-LeaderElection1] INFO  server.RaftServerConfigKeys (ConfUtils.java:logGet(46)) - raft.server.write.element-limit = 4096 (default)
2023-12-01 12:04:06,769 [om1@group-C5BA1605619E-LeaderElection1] INFO  server.RaftServerConfigKeys (ConfUtils.java:logGet(46)) - raft.server.write.follower.gap.ratio.max = -1.0 (default)
2023-12-01 12:04:06,771 [om1@group-C5BA1605619E-LeaderElection1] INFO  impl.RoleInfo (RoleInfo.java:updateAndGet(139)) - om1: start om1@group-C5BA1605619E-LeaderStateImpl
2023-12-01 12:04:06,771 [main] INFO  ozone.HddsDatanodeService (HddsDatanodeService.java:start(324)) - Datanode start with admins: [runner]
2023-12-01 12:04:06,771 [main] INFO  ozone.HddsDatanodeClientProtocolServer (HddsDatanodeClientProtocolServer.java:start(72)) - RPC server for Client /0.0.0.0:15037
2023-12-01 12:04:06,771 [IPC Server Responder] INFO  ipc.Server (Server.java:run(1562)) - IPC Server Responder: starting
2023-12-01 12:04:06,771 [om1@group-C5BA1605619E-LeaderElection1] INFO  server.RaftServer$Division (RaftServerImpl.java:setFirstElection(564)) - om1@group-C5BA1605619E: set firstElectionSinceStartup to false for becomeLeader
2023-12-01 12:04:06,774 [om1@group-C5BA1605619E-LeaderElection1] INFO  server.RaftServer$Division (ServerState.java:setLeader(265)) - om1@group-C5BA1605619E: change Leader from null to om1 at term 1 for becomeLeader, leader elected after 1832ms
2023-12-01 12:04:06,777 [IPC Server listener on 15037] INFO  ipc.Server (Server.java:run(1402)) - IPC Server listener on 15037: starting
2023-12-01 12:04:06,778 [a78ad617-b5b5-46fb-9003-310abdef56ad-DatanodeStateMachineDaemonThread] INFO  statemachine.DatanodeStateMachine (DatanodeStateMachine.java:lambda$startDaemon$1(555)) - Ozone container server started.
2023-12-01 12:04:06,778 [main] WARN  dropwizard3.Dm3MetricRegistriesImpl (Dm3MetricRegistriesImpl.java:addReporterRegistration(113)) - New reporters are added after registries were created. Some metrics will be missing from the reporter. Please add reporter before adding any new registry.
2023-12-01 12:04:06,778 [main] WARN  dropwizard3.Dm3MetricRegistriesImpl (Dm3MetricRegistriesImpl.java:addReporterRegistration(113)) - New reporters are added after registries were created. Some metrics will be missing from the reporter. Please add reporter before adding any new registry.
2023-12-01 12:04:06,779 [main] INFO  impl.MetricsSystemImpl (MetricsSystemImpl.java:init(158)) - HddsDatanode metrics system started (again)
2023-12-01 12:04:06,799 [a78ad617-b5b5-46fb-9003-310abdef56ad-DatanodeStateMachineTaskThread-0] INFO  datanode.InitDatanodeState (InitDatanodeState.java:persistContainerDatanodeDetails(139)) - DatanodeDetails is persisted to /home/runner/work/ozone/ozone/hadoop-ozone/integration-test/target/test-dir/MiniOzoneClusterImpl-d99da5cf-54e3-4304-baea-1cefc2b4c4dc/datanode-3/meta/datanode.id
2023-12-01 12:04:06,802 [main] INFO  ozone.HddsDatanodeService (HddsDatanodeService.java:start(239)) - HddsDatanodeService host:fv-az1423-675.ei5rwdf52qxuxllzxeqjam05jd.ex.internal.cloudapp.net ip:10.1.0.24
2023-12-01 12:04:06,817 [om1@group-C5BA1605619E-LeaderElection1] INFO  segmented.SegmentedRaftLogWorker (SegmentedRaftLogWorker.java:startLogSegment(428)) - om1@group-C5BA1605619E-SegmentedRaftLogWorker: Starting segment from index:0
2023-12-01 12:04:06,831 [main] INFO  upgrade.AbstractLayoutVersionManager (AbstractLayoutVersionManager.java:init(83)) - Initializing Layout version manager with metadata layout = HADOOP_PRC_PORTS_IN_DATANODEDETAILS (version = 7), software layout = HADOOP_PRC_PORTS_IN_DATANODEDETAILS (version = 7)
2023-12-01 12:04:06,832 [main] INFO  statemachine.DatanodeStateMachine (DatanodeStateMachine.java:getEndPointTaskThreadPoolSize(299)) - Datanode State Machine Task Thread Pool size 2
2023-12-01 12:04:06,835 [main] INFO  volume.HddsVolume (HddsVolume.java:<init>(126)) - Creating HddsVolume: /home/runner/work/ozone/ozone/hadoop-ozone/integration-test/target/test-dir/MiniOzoneClusterImpl-d99da5cf-54e3-4304-baea-1cefc2b4c4dc/datanode-4/data-0/containers/hdds of storage type : DISK capacity : 9223372036854775807
2023-12-01 12:04:06,836 [main] INFO  volume.MutableVolumeSet (MutableVolumeSet.java:initializeVolumeSet(173)) - Added Volume : /home/runner/work/ozone/ozone/hadoop-ozone/integration-test/target/test-dir/MiniOzoneClusterImpl-d99da5cf-54e3-4304-baea-1cefc2b4c4dc/datanode-4/data-0/containers/hdds to VolumeSet
2023-12-01 12:04:06,837 [main] INFO  volume.MutableVolumeSet (MutableVolumeSet.java:initializeVolumeSet(173)) - Added Volume : /home/runner/work/ozone/ozone/hadoop-ozone/integration-test/target/test-dir/MiniOzoneClusterImpl-d99da5cf-54e3-4304-baea-1cefc2b4c4dc/datanode-4/data/ratis to VolumeSet
2023-12-01 12:04:06,838 [main] INFO  ozoneimpl.OzoneContainer (HddsVolumeUtil.java:loadAllHddsVolumeDbStore(103)) - Load 1 volumes DbStore cost: 0ms
2023-12-01 12:04:06,839 [9e3b9079-4dd1-4962-964a-dfdeb60592bf-ContainerReader-0] INFO  ozoneimpl.ContainerReader (ContainerReader.java:readVolume(177)) - Finish verifying containers on volume /home/runner/work/ozone/ozone/hadoop-ozone/integration-test/target/test-dir/MiniOzoneClusterImpl-d99da5cf-54e3-4304-baea-1cefc2b4c4dc/datanode-4/data-0/containers/hdds
2023-12-01 12:04:06,839 [main] INFO  ozoneimpl.OzoneContainer (OzoneContainer.java:buildContainerSet(326)) - Build ContainerSet costs 0s
2023-12-01 12:04:06,843 [main] INFO  server.RaftServer (ConfUtils.java:logGet(46)) - raft.rpc.type = GRPC (default)
2023-12-01 12:04:06,843 [main] INFO  grpc.GrpcConfigKeys (ConfUtils.java:logFallback(53)) - raft.grpc.admin.host = null (fallback to raft.grpc.server.host)
2023-12-01 12:04:06,843 [main] INFO  grpc.GrpcConfigKeys (ConfUtils.java:logGet(46)) - raft.grpc.admin.port = 15049 (custom)
2023-12-01 12:04:06,843 [main] INFO  grpc.GrpcConfigKeys (ConfUtils.java:logFallback(53)) - raft.grpc.client.host = null (fallback to raft.grpc.server.host)
2023-12-01 12:04:06,844 [main] INFO  grpc.GrpcConfigKeys (ConfUtils.java:logGet(46)) - raft.grpc.client.port = 15048 (custom)
2023-12-01 12:04:06,844 [main] INFO  grpc.GrpcConfigKeys (ConfUtils.java:logGet(46)) - raft.grpc.server.host = null (default)
2023-12-01 12:04:06,844 [main] INFO  grpc.GrpcConfigKeys (ConfUtils.java:logGet(46)) - raft.grpc.server.port = 15050 (custom)
2023-12-01 12:04:06,844 [main] INFO  server.GrpcService (ConfUtils.java:logGet(46)) - raft.grpc.message.size.max = 32MB (=33554432) (custom)
2023-12-01 12:04:06,844 [main] INFO  server.RaftServerConfigKeys (ConfUtils.java:logGet(46)) - raft.server.log.appender.buffer.byte-limit = 33554432 (custom)
2023-12-01 12:04:06,845 [main] INFO  server.GrpcService (ConfUtils.java:logGet(46)) - raft.grpc.flow.control.window = 5MB (=5242880) (custom)
2023-12-01 12:04:06,845 [main] INFO  server.RaftServerConfigKeys (ConfUtils.java:logGet(46)) - raft.server.rpc.request.timeout = 60s (custom)
2023-12-01 12:04:06,845 [main] INFO  grpc.GrpcConfigKeys (ConfUtils.java:logGet(46)) - raft.grpc.server.heartbeat.channel = true (default)
2023-12-01 12:04:06,845 [main] INFO  grpc.GrpcConfigKeys (ConfUtils.java:logGet(46)) - raft.grpc.server.async.request.thread.pool.cached = true (default)
2023-12-01 12:04:06,846 [main] INFO  grpc.GrpcConfigKeys (ConfUtils.java:logGet(46)) - raft.grpc.server.async.request.thread.pool.size = 32 (default)
2023-12-01 12:04:06,849 [main] INFO  impl.DataStreamServerImpl (ConfUtils.java:logGet(46)) - raft.datastream.type = NETTY (custom)
2023-12-01 12:04:06,849 [main] INFO  server.RaftServerConfigKeys (ConfUtils.java:logGet(46)) - raft.server.data-stream.async.request.thread.pool.cached = false (default)
2023-12-01 12:04:06,850 [main] INFO  server.RaftServerConfigKeys (ConfUtils.java:logGet(46)) - raft.server.data-stream.async.request.thread.pool.size = 20 (custom)
2023-12-01 12:04:06,850 [main] INFO  server.RaftServerConfigKeys (ConfUtils.java:logGet(46)) - raft.server.data-stream.async.write.thread.pool.size = 16 (default)
2023-12-01 12:04:06,850 [main] INFO  netty.NettyConfigKeys$DataStream (ConfUtils.java:logGet(46)) - raft.netty.dataStream.server.channel.inactive.grace-period = 10min (default)
2023-12-01 12:04:06,851 [main] INFO  server.RaftServerConfigKeys (ConfUtils.java:logGet(46)) - raft.server.data-stream.client.pool.size = 10 (default)
2023-12-01 12:04:06,851 [main] INFO  netty.NettyConfigKeys$DataStream (ConfUtils.java:logGet(46)) - raft.netty.dataStream.server.use-epoll = true (default)
2023-12-01 12:04:06,851 [main] INFO  netty.NettyConfigKeys$DataStream (ConfUtils.java:logGet(46)) - raft.netty.dataStream.server.boss-group.size = 0 (default)
2023-12-01 12:04:06,851 [main] INFO  netty.NettyUtils (NettyUtils.java:newEventLoopGroup(69)) - Create EpollEventLoopGroup for 9e3b9079-4dd1-4962-964a-dfdeb60592bf-NettyServerStreamRpc-bossGroup; Thread size is 0.
2023-12-01 12:04:06,852 [main] INFO  netty.NettyConfigKeys$DataStream (ConfUtils.java:logGet(46)) - raft.netty.dataStream.server.worker-group.size = 0 (default)
2023-12-01 12:04:06,852 [main] INFO  netty.NettyUtils (NettyUtils.java:newEventLoopGroup(69)) - Create EpollEventLoopGroup for 9e3b9079-4dd1-4962-964a-dfdeb60592bf-NettyServerStreamRpc-workerGroup; Thread size is 0.
2023-12-01 12:04:06,853 [main] INFO  netty.NettyConfigKeys$DataStream (ConfUtils.java:logGet(46)) - raft.netty.dataStream.server.tls.conf = null (default)
2023-12-01 12:04:06,853 [main] INFO  netty.NettyConfigKeys$DataStream (ConfUtils.java:logGet(46)) - raft.netty.dataStream.host = null (default)
2023-12-01 12:04:06,853 [main] INFO  netty.NettyConfigKeys$DataStream (ConfUtils.java:logGet(46)) - raft.netty.dataStream.port = 15051 (custom)
2023-12-01 12:04:06,854 [main] INFO  server.RaftServerConfigKeys (ConfUtils.java:logGet(46)) - raft.server.sleep.deviation.threshold = 300ms (default)
2023-12-01 12:04:06,854 [main] INFO  server.RaftServerConfigKeys (ConfUtils.java:logGet(46)) - raft.server.close.threshold = 60s (default)
2023-12-01 12:04:06,854 [main] INFO  server.RaftServerConfigKeys (ConfUtils.java:logGet(46)) - raft.server.leaderelection.leader.step-down.wait-time = 10s (default)
2023-12-01 12:04:06,854 [main] INFO  server.RaftServerConfigKeys (ConfUtils.java:logGet(46)) - raft.server.storage.dir = [/home/runner/work/ozone/ozone/hadoop-ozone/integration-test/target/test-dir/MiniOzoneClusterImpl-d99da5cf-54e3-4304-baea-1cefc2b4c4dc/datanode-4/data/ratis] (custom)
2023-12-01 12:04:06,855 [main] INFO  server.RaftServerConfigKeys (ConfUtils.java:logGet(46)) - raft.server.threadpool.proxy.cached = true (default)
2023-12-01 12:04:06,855 [main] INFO  server.RaftServerConfigKeys (ConfUtils.java:logGet(46)) - raft.server.threadpool.proxy.size = 0 (default)
2023-12-01 12:04:06,861 [9e3b9079-4dd1-4962-964a-dfdeb60592bf-NettyServerStreamRpc-bossGroup--thread1] INFO  logging.LoggingHandler (AbstractInternalLogger.java:log(148)) - [id: 0xb6a72a0d] REGISTERED
2023-12-01 12:04:06,861 [9e3b9079-4dd1-4962-964a-dfdeb60592bf-impl-thread1] INFO  server.RaftServer (RaftServerProxy.java:initGroupDir(264)) - 9e3b9079-4dd1-4962-964a-dfdeb60592bf: found a subdirectory /home/runner/work/ozone/ozone/hadoop-ozone/integration-test/target/test-dir/MiniOzoneClusterImpl-d99da5cf-54e3-4304-baea-1cefc2b4c4dc/datanode-4/data/ratis/tmp
2023-12-01 12:04:06,868 [9e3b9079-4dd1-4962-964a-dfdeb60592bf-impl-thread1] INFO  server.RaftServer (RaftServerProxy.java:initGroupDir(269)) - 9e3b9079-4dd1-4962-964a-dfdeb60592bf: The directory /home/runner/work/ozone/ozone/hadoop-ozone/integration-test/target/test-dir/MiniOzoneClusterImpl-d99da5cf-54e3-4304-baea-1cefc2b4c4dc/datanode-4/data/ratis/tmp is not a group directory; ignoring it. 
2023-12-01 12:04:06,868 [main] INFO  replication.ReplicationServer (ReplicationServer.java:<init>(85)) - Initializing replication server with thread count = 10 queue length = 4096
2023-12-01 12:04:06,870 [main] INFO  server.XceiverServerGrpc (XceiverServerGrpc.java:<init>(135)) - GrpcServer channel type EpollServerSocketChannel
2023-12-01 12:04:06,873 [main] INFO  replication.ReplicationSupervisor (ReplicationSupervisor.java:build(163)) - Initializing replication supervisor with thread count = 10
2023-12-01 12:04:06,873 [main] INFO  replication.ReplicationSupervisor (ReplicationSupervisor.java:nodeStateUpdated(317)) - Node state updated to IN_SERVICE, scaling executor pool size to 10
2023-12-01 12:04:06,875 [9e3b9079-4dd1-4962-964a-dfdeb60592bf-NettyServerStreamRpc-bossGroup--thread1] INFO  logging.LoggingHandler (AbstractInternalLogger.java:log(148)) - [id: 0xb6a72a0d] BIND: 0.0.0.0/0.0.0.0:15051
2023-12-01 12:04:06,875 [9e3b9079-4dd1-4962-964a-dfdeb60592bf-NettyServerStreamRpc-bossGroup--thread1] INFO  logging.LoggingHandler (AbstractInternalLogger.java:log(148)) - [id: 0xb6a72a0d, L:/0.0.0.0:15051] ACTIVE
2023-12-01 12:04:06,881 [main] INFO  http.BaseHttpServer (BaseHttpServer.java:newHttpServer2BuilderForOzone(223)) - Starting Web-server for hddsDatanode at: http://0.0.0.0:15045
2023-12-01 12:04:06,881 [main] INFO  http.BaseHttpServer (BaseHttpServer.java:<init>(110)) - Hadoop Security Enabled: false Ozone Security Enabled: false Ozone HTTP Security Enabled: false 
2023-12-01 12:04:06,883 [om1@group-C5BA1605619E-LeaderElection1] INFO  server.RaftServer$Division (ServerState.java:setRaftConf(382)) - om1@group-C5BA1605619E: set configuration 0: peers:[om1|localhost:15007]|listeners:[], old=null
2023-12-01 12:04:06,883 [main] WARN  server.AuthenticationFilter (AuthenticationFilter.java:constructSecretProvider(240)) - Unable to initialize FileSignerSecretProvider, falling back to use random secrets. Reason: Could not read signature secret file: /home/runner/hadoop-http-auth-signature-secret
2023-12-01 12:04:06,892 [main] INFO  http.HttpRequestLog (HttpRequestLog.java:getRequestLog(86)) - Http request log for http.requests.hddsDatanode is not defined
2023-12-01 12:04:06,894 [main] INFO  http.HttpServer2 (HttpServer2.java:addGlobalFilter(1031)) - Added global filter 'safety' (class=org.apache.hadoop.hdds.server.http.HttpServer2$QuotingInputFilter)
2023-12-01 12:04:06,895 [main] INFO  http.HttpServer2 (HttpServer2.java:addFilter(1007)) - Added filter static_user_filter (class=org.apache.hadoop.http.lib.StaticUserWebFilter$StaticUserFilter) to context hddsDatanode
2023-12-01 12:04:06,896 [main] INFO  http.HttpServer2 (HttpServer2.java:addFilter(1015)) - Added filter static_user_filter (class=org.apache.hadoop.http.lib.StaticUserWebFilter$StaticUserFilter) to context static
2023-12-01 12:04:06,896 [main] INFO  http.HttpServer2 (HttpServer2.java:addFilter(1015)) - Added filter static_user_filter (class=org.apache.hadoop.http.lib.StaticUserWebFilter$StaticUserFilter) to context logs
2023-12-01 12:04:06,897 [main] INFO  http.BaseHttpServer (BaseHttpServer.java:<init>(189)) - HTTP server of hddsDatanode uses base directory /home/runner/work/ozone/ozone/hadoop-ozone/integration-test/target/test-dir/MiniOzoneClusterImpl-d99da5cf-54e3-4304-baea-1cefc2b4c4dc/datanode-4/meta/webserver
2023-12-01 12:04:06,897 [main] INFO  http.HttpServer2 (HttpServer2.java:bindListener(1231)) - Jetty bound to port 15045
2023-12-01 12:04:06,897 [main] INFO  server.Server (Server.java:doStart(375)) - jetty-9.4.53.v20231009; built: 2023-10-09T12:29:09.265Z; git: 27bde00a0b95a1d5bbee0eae7984f891d2d0f8c9; jvm 1.8.0_392-b08
2023-12-01 12:04:06,903 [main] INFO  server.session (DefaultSessionIdManager.java:doStart(334)) - DefaultSessionIdManager workerName=node0
2023-12-01 12:04:06,903 [main] INFO  server.session (DefaultSessionIdManager.java:doStart(339)) - No SessionScavenger set, using defaults
2023-12-01 12:04:06,903 [main] INFO  server.session (HouseKeeper.java:startScavenging(132)) - node0 Scavenging every 600000ms
2023-12-01 12:04:06,905 [main] INFO  handler.ContextHandler (ContextHandler.java:doStart(921)) - Started o.e.j.s.ServletContextHandler@4e187926{logs,/logs,file:///home/runner/work/ozone/ozone/hadoop-ozone/integration-test/target/log,AVAILABLE}
2023-12-01 12:04:06,906 [main] INFO  handler.ContextHandler (ContextHandler.java:doStart(921)) - Started o.e.j.s.ServletContextHandler@3d2a90af{static,/static,jar:file:/home/runner/.m2/repository/org/apache/ozone/hdds-container-service/1.4.0-SNAPSHOT/hdds-container-service-1.4.0-SNAPSHOT.jar!/webapps/static,AVAILABLE}
2023-12-01 12:04:06,935 [om1@group-C5BA1605619E-SegmentedRaftLogWorker] INFO  segmented.SegmentedRaftLogWorker (SegmentedRaftLogWorker.java:execute(632)) - om1@group-C5BA1605619E-SegmentedRaftLogWorker: created new log segment /home/runner/work/ozone/ozone/hadoop-ozone/integration-test/target/test-dir/MiniOzoneClusterImpl-d99da5cf-54e3-4304-baea-1cefc2b4c4dc/ozone-meta/ratis/bf265839-605b-3f16-9796-c5ba1605619e/current/log_inprogress_0
2023-12-01 12:04:06,958 [main] INFO  handler.ContextHandler (ContextHandler.java:doStart(921)) - Started o.e.j.w.WebAppContext@4e3d2d76{hddsDatanode,/,file:///home/runner/work/ozone/ozone/hadoop-ozone/integration-test/target/test-dir/MiniOzoneClusterImpl-d99da5cf-54e3-4304-baea-1cefc2b4c4dc/datanode-4/meta/webserver/jetty-0_0_0_0-15045-hdds-container-service-1_4_0-SNAPSHOT_jar-_-any-6537359587092327807/webapp/,AVAILABLE}{jar:file:/home/runner/.m2/repository/org/apache/ozone/hdds-container-service/1.4.0-SNAPSHOT/hdds-container-service-1.4.0-SNAPSHOT.jar!/webapps/hddsDatanode}
2023-12-01 12:04:06,960 [main] INFO  server.AbstractConnector (AbstractConnector.java:doStart(333)) - Started ServerConnector@5d84a9f8{HTTP/1.1, (http/1.1)}{0.0.0.0:15045}
2023-12-01 12:04:06,961 [main] INFO  server.Server (Server.java:doStart(415)) - Started @7400ms
2023-12-01 12:04:06,962 [main] WARN  impl.MetricsSystemImpl (MetricsSystemImpl.java:register(279)) - Sink prometheus already exists!
2023-12-01 12:04:06,963 [main] INFO  http.BaseHttpServer (BaseHttpServer.java:updateConnectorAddress(354)) - HTTP server of hddsDatanode listening at http://0.0.0.0:15045
2023-12-01 12:04:06,964 [main] INFO  ipc.CallQueueManager (CallQueueManager.java:<init>(90)) - Using callQueue: class java.util.concurrent.LinkedBlockingQueue, queueCapacity: 100, scheduler: class org.apache.hadoop.ipc.DefaultRpcScheduler, ipcBackoff: false.
2023-12-01 12:04:06,964 [main] INFO  ipc.Server (Server.java:<init>(1287)) - Listener at 0.0.0.0:15046
2023-12-01 12:04:06,965 [Socket Reader #1 for port 15046] INFO  ipc.Server (Server.java:run(1323)) - Starting Socket Reader #1 for port 15046
2023-12-01 12:04:06,967 [main] INFO  ozone.HddsDatanodeService (HddsDatanodeService.java:start(324)) - Datanode start with admins: [runner]
2023-12-01 12:04:06,968 [main] INFO  ozone.HddsDatanodeClientProtocolServer (HddsDatanodeClientProtocolServer.java:start(72)) - RPC server for Client /0.0.0.0:15046
2023-12-01 12:04:06,968 [IPC Server Responder] INFO  ipc.Server (Server.java:run(1562)) - IPC Server Responder: starting
2023-12-01 12:04:06,971 [IPC Server listener on 15046] INFO  ipc.Server (Server.java:run(1402)) - IPC Server listener on 15046: starting
2023-12-01 12:04:06,972 [main] WARN  dropwizard3.Dm3MetricRegistriesImpl (Dm3MetricRegistriesImpl.java:addReporterRegistration(113)) - New reporters are added after registries were created. Some metrics will be missing from the reporter. Please add reporter before adding any new registry.
2023-12-01 12:04:06,972 [main] WARN  dropwizard3.Dm3MetricRegistriesImpl (Dm3MetricRegistriesImpl.java:addReporterRegistration(113)) - New reporters are added after registries were created. Some metrics will be missing from the reporter. Please add reporter before adding any new registry.
2023-12-01 12:04:06,972 [main] INFO  impl.MetricsSystemImpl (MetricsSystemImpl.java:init(158)) - HddsDatanode metrics system started (again)
2023-12-01 12:04:06,982 [9e3b9079-4dd1-4962-964a-dfdeb60592bf-DatanodeStateMachineDaemonThread] INFO  statemachine.DatanodeStateMachine (DatanodeStateMachine.java:lambda$startDaemon$1(555)) - Ozone container server started.
2023-12-01 12:04:06,990 [main] INFO  ozone.HddsDatanodeService (HddsDatanodeService.java:start(239)) - HddsDatanodeService host:fv-az1423-675.ei5rwdf52qxuxllzxeqjam05jd.ex.internal.cloudapp.net ip:10.1.0.24
2023-12-01 12:04:07,018 [9e3b9079-4dd1-4962-964a-dfdeb60592bf-DatanodeStateMachineTaskThread-0] INFO  datanode.InitDatanodeState (InitDatanodeState.java:persistContainerDatanodeDetails(139)) - DatanodeDetails is persisted to /home/runner/work/ozone/ozone/hadoop-ozone/integration-test/target/test-dir/MiniOzoneClusterImpl-d99da5cf-54e3-4304-baea-1cefc2b4c4dc/datanode-4/meta/datanode.id
2023-12-01 12:04:07,024 [main] INFO  upgrade.AbstractLayoutVersionManager (AbstractLayoutVersionManager.java:init(83)) - Initializing Layout version manager with metadata layout = HADOOP_PRC_PORTS_IN_DATANODEDETAILS (version = 7), software layout = HADOOP_PRC_PORTS_IN_DATANODEDETAILS (version = 7)
2023-12-01 12:04:07,025 [main] INFO  statemachine.DatanodeStateMachine (DatanodeStateMachine.java:getEndPointTaskThreadPoolSize(299)) - Datanode State Machine Task Thread Pool size 2
2023-12-01 12:04:07,027 [main] INFO  volume.HddsVolume (HddsVolume.java:<init>(126)) - Creating HddsVolume: /home/runner/work/ozone/ozone/hadoop-ozone/integration-test/target/test-dir/MiniOzoneClusterImpl-d99da5cf-54e3-4304-baea-1cefc2b4c4dc/datanode-5/data-0/containers/hdds of storage type : DISK capacity : 9223372036854775807
2023-12-01 12:04:07,028 [main] INFO  volume.MutableVolumeSet (MutableVolumeSet.java:initializeVolumeSet(173)) - Added Volume : /home/runner/work/ozone/ozone/hadoop-ozone/integration-test/target/test-dir/MiniOzoneClusterImpl-d99da5cf-54e3-4304-baea-1cefc2b4c4dc/datanode-5/data-0/containers/hdds to VolumeSet
2023-12-01 12:04:07,029 [main] INFO  volume.MutableVolumeSet (MutableVolumeSet.java:initializeVolumeSet(173)) - Added Volume : /home/runner/work/ozone/ozone/hadoop-ozone/integration-test/target/test-dir/MiniOzoneClusterImpl-d99da5cf-54e3-4304-baea-1cefc2b4c4dc/datanode-5/data/ratis to VolumeSet
2023-12-01 12:04:07,029 [main] INFO  ozoneimpl.OzoneContainer (HddsVolumeUtil.java:loadAllHddsVolumeDbStore(103)) - Load 1 volumes DbStore cost: 0ms
2023-12-01 12:04:07,030 [6dc608fe-50aa-407f-b4f0-db1c149f31c2-ContainerReader-0] INFO  ozoneimpl.ContainerReader (ContainerReader.java:readVolume(177)) - Finish verifying containers on volume /home/runner/work/ozone/ozone/hadoop-ozone/integration-test/target/test-dir/MiniOzoneClusterImpl-d99da5cf-54e3-4304-baea-1cefc2b4c4dc/datanode-5/data-0/containers/hdds
2023-12-01 12:04:07,030 [main] INFO  ozoneimpl.OzoneContainer (OzoneContainer.java:buildContainerSet(326)) - Build ContainerSet costs 0s
2023-12-01 12:04:07,038 [main] INFO  server.RaftServer (ConfUtils.java:logGet(46)) - raft.rpc.type = GRPC (default)
2023-12-01 12:04:07,039 [main] INFO  grpc.GrpcConfigKeys (ConfUtils.java:logFallback(53)) - raft.grpc.admin.host = null (fallback to raft.grpc.server.host)
2023-12-01 12:04:07,039 [main] INFO  grpc.GrpcConfigKeys (ConfUtils.java:logGet(46)) - raft.grpc.admin.port = 15058 (custom)
2023-12-01 12:04:07,039 [main] INFO  grpc.GrpcConfigKeys (ConfUtils.java:logFallback(53)) - raft.grpc.client.host = null (fallback to raft.grpc.server.host)
2023-12-01 12:04:07,040 [main] INFO  grpc.GrpcConfigKeys (ConfUtils.java:logGet(46)) - raft.grpc.client.port = 15057 (custom)
2023-12-01 12:04:07,040 [main] INFO  grpc.GrpcConfigKeys (ConfUtils.java:logGet(46)) - raft.grpc.server.host = null (default)
2023-12-01 12:04:07,040 [main] INFO  grpc.GrpcConfigKeys (ConfUtils.java:logGet(46)) - raft.grpc.server.port = 15059 (custom)
2023-12-01 12:04:07,040 [main] INFO  server.GrpcService (ConfUtils.java:logGet(46)) - raft.grpc.message.size.max = 32MB (=33554432) (custom)
2023-12-01 12:04:07,040 [main] INFO  server.RaftServerConfigKeys (ConfUtils.java:logGet(46)) - raft.server.log.appender.buffer.byte-limit = 33554432 (custom)
2023-12-01 12:04:07,041 [main] INFO  server.GrpcService (ConfUtils.java:logGet(46)) - raft.grpc.flow.control.window = 5MB (=5242880) (custom)
2023-12-01 12:04:07,041 [main] INFO  server.RaftServerConfigKeys (ConfUtils.java:logGet(46)) - raft.server.rpc.request.timeout = 60s (custom)
2023-12-01 12:04:07,041 [main] INFO  grpc.GrpcConfigKeys (ConfUtils.java:logGet(46)) - raft.grpc.server.heartbeat.channel = true (default)
2023-12-01 12:04:07,041 [main] INFO  grpc.GrpcConfigKeys (ConfUtils.java:logGet(46)) - raft.grpc.server.async.request.thread.pool.cached = true (default)
2023-12-01 12:04:07,042 [main] INFO  grpc.GrpcConfigKeys (ConfUtils.java:logGet(46)) - raft.grpc.server.async.request.thread.pool.size = 32 (default)
2023-12-01 12:04:07,044 [om1@group-C5BA1605619E-StateMachineUpdater] INFO  ratis.OzoneManagerStateMachine (OzoneManagerStateMachine.java:notifyConfigurationChanged(210)) - Received Configuration change notification from Ratis. New Peer list:
[id: "om1"
address: "localhost:15007"
startupRole: FOLLOWER
]
2023-12-01 12:04:07,045 [main] INFO  impl.DataStreamServerImpl (ConfUtils.java:logGet(46)) - raft.datastream.type = NETTY (custom)
2023-12-01 12:04:07,045 [main] INFO  server.RaftServerConfigKeys (ConfUtils.java:logGet(46)) - raft.server.data-stream.async.request.thread.pool.cached = false (default)
2023-12-01 12:04:07,045 [om1@group-C5BA1605619E-StateMachineUpdater] INFO  server.RaftServer$Division (LeaderStateImpl.java:isApplied(316)) - leader is ready since appliedIndex == 0 >= startIndex == 0
2023-12-01 12:04:07,045 [main] INFO  server.RaftServerConfigKeys (ConfUtils.java:logGet(46)) - raft.server.data-stream.async.request.thread.pool.size = 20 (custom)
2023-12-01 12:04:07,046 [main] INFO  server.RaftServerConfigKeys (ConfUtils.java:logGet(46)) - raft.server.data-stream.async.write.thread.pool.size = 16 (default)
2023-12-01 12:04:07,046 [main] INFO  netty.NettyConfigKeys$DataStream (ConfUtils.java:logGet(46)) - raft.netty.dataStream.server.channel.inactive.grace-period = 10min (default)
2023-12-01 12:04:07,046 [main] INFO  server.RaftServerConfigKeys (ConfUtils.java:logGet(46)) - raft.server.data-stream.client.pool.size = 10 (default)
2023-12-01 12:04:07,046 [main] INFO  netty.NettyConfigKeys$DataStream (ConfUtils.java:logGet(46)) - raft.netty.dataStream.server.use-epoll = true (default)
2023-12-01 12:04:07,046 [main] INFO  netty.NettyConfigKeys$DataStream (ConfUtils.java:logGet(46)) - raft.netty.dataStream.server.boss-group.size = 0 (default)
2023-12-01 12:04:07,047 [main] INFO  netty.NettyUtils (NettyUtils.java:newEventLoopGroup(69)) - Create EpollEventLoopGroup for 6dc608fe-50aa-407f-b4f0-db1c149f31c2-NettyServerStreamRpc-bossGroup; Thread size is 0.
2023-12-01 12:04:07,047 [main] INFO  netty.NettyConfigKeys$DataStream (ConfUtils.java:logGet(46)) - raft.netty.dataStream.server.worker-group.size = 0 (default)
2023-12-01 12:04:07,047 [main] INFO  netty.NettyUtils (NettyUtils.java:newEventLoopGroup(69)) - Create EpollEventLoopGroup for 6dc608fe-50aa-407f-b4f0-db1c149f31c2-NettyServerStreamRpc-workerGroup; Thread size is 0.
2023-12-01 12:04:07,048 [main] INFO  netty.NettyConfigKeys$DataStream (ConfUtils.java:logGet(46)) - raft.netty.dataStream.server.tls.conf = null (default)
2023-12-01 12:04:07,048 [main] INFO  netty.NettyConfigKeys$DataStream (ConfUtils.java:logGet(46)) - raft.netty.dataStream.host = null (default)
2023-12-01 12:04:07,049 [main] INFO  netty.NettyConfigKeys$DataStream (ConfUtils.java:logGet(46)) - raft.netty.dataStream.port = 15060 (custom)
2023-12-01 12:04:07,049 [main] INFO  server.RaftServerConfigKeys (ConfUtils.java:logGet(46)) - raft.server.sleep.deviation.threshold = 300ms (default)
2023-12-01 12:04:07,050 [main] INFO  server.RaftServerConfigKeys (ConfUtils.java:logGet(46)) - raft.server.close.threshold = 60s (default)
2023-12-01 12:04:07,050 [6dc608fe-50aa-407f-b4f0-db1c149f31c2-NettyServerStreamRpc-bossGroup--thread1] INFO  logging.LoggingHandler (AbstractInternalLogger.java:log(148)) - [id: 0xcb3966ab] REGISTERED
2023-12-01 12:04:07,051 [6dc608fe-50aa-407f-b4f0-db1c149f31c2-NettyServerStreamRpc-bossGroup--thread1] INFO  logging.LoggingHandler (AbstractInternalLogger.java:log(148)) - [id: 0xcb3966ab] BIND: 0.0.0.0/0.0.0.0:15060
2023-12-01 12:04:07,050 [main] INFO  server.RaftServerConfigKeys (ConfUtils.java:logGet(46)) - raft.server.leaderelection.leader.step-down.wait-time = 10s (default)
2023-12-01 12:04:07,051 [main] INFO  server.RaftServerConfigKeys (ConfUtils.java:logGet(46)) - raft.server.storage.dir = [/home/runner/work/ozone/ozone/hadoop-ozone/integration-test/target/test-dir/MiniOzoneClusterImpl-d99da5cf-54e3-4304-baea-1cefc2b4c4dc/datanode-5/data/ratis] (custom)
2023-12-01 12:04:07,051 [main] INFO  server.RaftServerConfigKeys (ConfUtils.java:logGet(46)) - raft.server.threadpool.proxy.cached = true (default)
2023-12-01 12:04:07,051 [main] INFO  server.RaftServerConfigKeys (ConfUtils.java:logGet(46)) - raft.server.threadpool.proxy.size = 0 (default)
2023-12-01 12:04:07,052 [6dc608fe-50aa-407f-b4f0-db1c149f31c2-NettyServerStreamRpc-bossGroup--thread1] INFO  logging.LoggingHandler (AbstractInternalLogger.java:log(148)) - [id: 0xcb3966ab, L:/0.0.0.0:15060] ACTIVE
2023-12-01 12:04:07,052 [6dc608fe-50aa-407f-b4f0-db1c149f31c2-impl-thread1] INFO  server.RaftServer (RaftServerProxy.java:initGroupDir(264)) - 6dc608fe-50aa-407f-b4f0-db1c149f31c2: found a subdirectory /home/runner/work/ozone/ozone/hadoop-ozone/integration-test/target/test-dir/MiniOzoneClusterImpl-d99da5cf-54e3-4304-baea-1cefc2b4c4dc/datanode-5/data/ratis/tmp
2023-12-01 12:04:07,052 [6dc608fe-50aa-407f-b4f0-db1c149f31c2-impl-thread1] INFO  server.RaftServer (RaftServerProxy.java:initGroupDir(269)) - 6dc608fe-50aa-407f-b4f0-db1c149f31c2: The directory /home/runner/work/ozone/ozone/hadoop-ozone/integration-test/target/test-dir/MiniOzoneClusterImpl-d99da5cf-54e3-4304-baea-1cefc2b4c4dc/datanode-5/data/ratis/tmp is not a group directory; ignoring it. 
2023-12-01 12:04:07,052 [main] INFO  replication.ReplicationServer (ReplicationServer.java:<init>(85)) - Initializing replication server with thread count = 10 queue length = 4096
2023-12-01 12:04:07,054 [main] INFO  server.XceiverServerGrpc (XceiverServerGrpc.java:<init>(135)) - GrpcServer channel type EpollServerSocketChannel
2023-12-01 12:04:07,056 [main] INFO  replication.ReplicationSupervisor (ReplicationSupervisor.java:build(163)) - Initializing replication supervisor with thread count = 10
2023-12-01 12:04:07,056 [main] INFO  replication.ReplicationSupervisor (ReplicationSupervisor.java:nodeStateUpdated(317)) - Node state updated to IN_SERVICE, scaling executor pool size to 10
2023-12-01 12:04:07,059 [main] INFO  http.BaseHttpServer (BaseHttpServer.java:newHttpServer2BuilderForOzone(223)) - Starting Web-server for hddsDatanode at: http://0.0.0.0:15054
2023-12-01 12:04:07,059 [main] INFO  http.BaseHttpServer (BaseHttpServer.java:<init>(110)) - Hadoop Security Enabled: false Ozone Security Enabled: false Ozone HTTP Security Enabled: false 
2023-12-01 12:04:07,061 [main] WARN  server.AuthenticationFilter (AuthenticationFilter.java:constructSecretProvider(240)) - Unable to initialize FileSignerSecretProvider, falling back to use random secrets. Reason: Could not read signature secret file: /home/runner/hadoop-http-auth-signature-secret
2023-12-01 12:04:07,061 [main] INFO  http.HttpRequestLog (HttpRequestLog.java:getRequestLog(86)) - Http request log for http.requests.hddsDatanode is not defined
2023-12-01 12:04:07,062 [main] INFO  http.HttpServer2 (HttpServer2.java:addGlobalFilter(1031)) - Added global filter 'safety' (class=org.apache.hadoop.hdds.server.http.HttpServer2$QuotingInputFilter)
2023-12-01 12:04:07,063 [main] INFO  http.HttpServer2 (HttpServer2.java:addFilter(1007)) - Added filter static_user_filter (class=org.apache.hadoop.http.lib.StaticUserWebFilter$StaticUserFilter) to context hddsDatanode
2023-12-01 12:04:07,063 [main] INFO  http.HttpServer2 (HttpServer2.java:addFilter(1015)) - Added filter static_user_filter (class=org.apache.hadoop.http.lib.StaticUserWebFilter$StaticUserFilter) to context logs
2023-12-01 12:04:07,063 [main] INFO  http.HttpServer2 (HttpServer2.java:addFilter(1015)) - Added filter static_user_filter (class=org.apache.hadoop.http.lib.StaticUserWebFilter$StaticUserFilter) to context static
2023-12-01 12:04:07,064 [main] INFO  http.BaseHttpServer (BaseHttpServer.java:<init>(189)) - HTTP server of hddsDatanode uses base directory /home/runner/work/ozone/ozone/hadoop-ozone/integration-test/target/test-dir/MiniOzoneClusterImpl-d99da5cf-54e3-4304-baea-1cefc2b4c4dc/datanode-5/meta/webserver
2023-12-01 12:04:07,064 [main] INFO  http.HttpServer2 (HttpServer2.java:bindListener(1231)) - Jetty bound to port 15054
2023-12-01 12:04:07,065 [main] INFO  server.Server (Server.java:doStart(375)) - jetty-9.4.53.v20231009; built: 2023-10-09T12:29:09.265Z; git: 27bde00a0b95a1d5bbee0eae7984f891d2d0f8c9; jvm 1.8.0_392-b08
2023-12-01 12:04:07,066 [main] INFO  server.session (DefaultSessionIdManager.java:doStart(334)) - DefaultSessionIdManager workerName=node0
2023-12-01 12:04:07,066 [main] INFO  server.session (DefaultSessionIdManager.java:doStart(339)) - No SessionScavenger set, using defaults
2023-12-01 12:04:07,066 [main] INFO  server.session (HouseKeeper.java:startScavenging(132)) - node0 Scavenging every 660000ms
2023-12-01 12:04:07,067 [main] INFO  handler.ContextHandler (ContextHandler.java:doStart(921)) - Started o.e.j.s.ServletContextHandler@60d3644{logs,/logs,file:///home/runner/work/ozone/ozone/hadoop-ozone/integration-test/target/log,AVAILABLE}
2023-12-01 12:04:07,068 [main] INFO  handler.ContextHandler (ContextHandler.java:doStart(921)) - Started o.e.j.s.ServletContextHandler@1ff55ec8{static,/static,jar:file:/home/runner/.m2/repository/org/apache/ozone/hdds-container-service/1.4.0-SNAPSHOT/hdds-container-service-1.4.0-SNAPSHOT.jar!/webapps/static,AVAILABLE}
2023-12-01 12:04:07,115 [main] INFO  handler.ContextHandler (ContextHandler.java:doStart(921)) - Started o.e.j.w.WebAppContext@6e048bc2{hddsDatanode,/,file:///home/runner/work/ozone/ozone/hadoop-ozone/integration-test/target/test-dir/MiniOzoneClusterImpl-d99da5cf-54e3-4304-baea-1cefc2b4c4dc/datanode-5/meta/webserver/jetty-0_0_0_0-15054-hdds-container-service-1_4_0-SNAPSHOT_jar-_-any-4233321028689968975/webapp/,AVAILABLE}{jar:file:/home/runner/.m2/repository/org/apache/ozone/hdds-container-service/1.4.0-SNAPSHOT/hdds-container-service-1.4.0-SNAPSHOT.jar!/webapps/hddsDatanode}
2023-12-01 12:04:07,117 [main] INFO  server.AbstractConnector (AbstractConnector.java:doStart(333)) - Started ServerConnector@23fbe411{HTTP/1.1, (http/1.1)}{0.0.0.0:15054}
2023-12-01 12:04:07,117 [main] INFO  server.Server (Server.java:doStart(415)) - Started @7557ms
2023-12-01 12:04:07,118 [main] WARN  impl.MetricsSystemImpl (MetricsSystemImpl.java:register(279)) - Sink prometheus already exists!
2023-12-01 12:04:07,118 [main] INFO  http.BaseHttpServer (BaseHttpServer.java:updateConnectorAddress(354)) - HTTP server of hddsDatanode listening at http://0.0.0.0:15054
2023-12-01 12:04:07,119 [main] INFO  ipc.CallQueueManager (CallQueueManager.java:<init>(90)) - Using callQueue: class java.util.concurrent.LinkedBlockingQueue, queueCapacity: 100, scheduler: class org.apache.hadoop.ipc.DefaultRpcScheduler, ipcBackoff: false.
2023-12-01 12:04:07,119 [main] INFO  ipc.Server (Server.java:<init>(1287)) - Listener at 0.0.0.0:15055
2023-12-01 12:04:07,119 [Socket Reader #1 for port 15055] INFO  ipc.Server (Server.java:run(1323)) - Starting Socket Reader #1 for port 15055
2023-12-01 12:04:07,125 [main] INFO  ozone.HddsDatanodeService (HddsDatanodeService.java:start(324)) - Datanode start with admins: [runner]
2023-12-01 12:04:07,125 [main] INFO  ozone.HddsDatanodeClientProtocolServer (HddsDatanodeClientProtocolServer.java:start(72)) - RPC server for Client /0.0.0.0:15055
2023-12-01 12:04:07,126 [IPC Server Responder] INFO  ipc.Server (Server.java:run(1562)) - IPC Server Responder: starting
2023-12-01 12:04:07,126 [IPC Server listener on 15055] INFO  ipc.Server (Server.java:run(1402)) - IPC Server listener on 15055: starting
2023-12-01 12:04:07,128 [6dc608fe-50aa-407f-b4f0-db1c149f31c2-DatanodeStateMachineDaemonThread] INFO  statemachine.DatanodeStateMachine (DatanodeStateMachine.java:lambda$startDaemon$1(555)) - Ozone container server started.
2023-12-01 12:04:07,128 [main] INFO  ozone.MiniOzoneClusterImpl (MiniOzoneClusterImpl.java:lambda$waitForClusterToBeReady$0(229)) - Waiting for nodes to be ready. Got 0 of 6 DN Heartbeats.
2023-12-01 12:04:07,129 [main] INFO  ozone.MiniOzoneClusterImpl (MiniOzoneClusterImpl.java:lambda$waitForClusterToBeReady$0(232)) - Waiting for cluster to exit safe mode
2023-12-01 12:04:07,129 [main] INFO  ozone.MiniOzoneClusterImpl (MiniOzoneClusterImpl.java:lambda$waitForClusterToBeReady$0(234)) - SCM became leader
2023-12-01 12:04:07,138 [6dc608fe-50aa-407f-b4f0-db1c149f31c2-DatanodeStateMachineTaskThread-0] INFO  datanode.InitDatanodeState (InitDatanodeState.java:persistContainerDatanodeDetails(139)) - DatanodeDetails is persisted to /home/runner/work/ozone/ozone/hadoop-ozone/integration-test/target/test-dir/MiniOzoneClusterImpl-d99da5cf-54e3-4304-baea-1cefc2b4c4dc/datanode-5/meta/datanode.id
2023-12-01 12:04:08,129 [main] INFO  ozone.MiniOzoneClusterImpl (MiniOzoneClusterImpl.java:lambda$waitForClusterToBeReady$0(229)) - Waiting for nodes to be ready. Got 0 of 6 DN Heartbeats.
2023-12-01 12:04:08,129 [main] INFO  ozone.MiniOzoneClusterImpl (MiniOzoneClusterImpl.java:lambda$waitForClusterToBeReady$0(232)) - Waiting for cluster to exit safe mode
2023-12-01 12:04:08,129 [main] INFO  ozone.MiniOzoneClusterImpl (MiniOzoneClusterImpl.java:lambda$waitForClusterToBeReady$0(234)) - SCM became leader
2023-12-01 12:04:08,473 [e4101cf6-f8c4-4d95-a998-136b2bec65e8-EndpointStateMachineTaskThread-/0.0.0.0:15002-0 ] INFO  utils.DatanodeStoreCache (DatanodeStoreCache.java:addDB(66)) - Added db /home/runner/work/ozone/ozone/hadoop-ozone/integration-test/target/test-dir/MiniOzoneClusterImpl-d99da5cf-54e3-4304-baea-1cefc2b4c4dc/datanode-0/data-0/containers/hdds/d99da5cf-54e3-4304-baea-1cefc2b4c4dc/DS-0a2c1804-1063-4d7a-9a5d-9e747368e47e/container.db to cache
2023-12-01 12:04:08,473 [e4101cf6-f8c4-4d95-a998-136b2bec65e8-EndpointStateMachineTaskThread-/0.0.0.0:15002-0 ] INFO  volume.HddsVolume (HddsVolume.java:createDbStore(422)) - SchemaV3 db is created and loaded at /home/runner/work/ozone/ozone/hadoop-ozone/integration-test/target/test-dir/MiniOzoneClusterImpl-d99da5cf-54e3-4304-baea-1cefc2b4c4dc/datanode-0/data-0/containers/hdds/d99da5cf-54e3-4304-baea-1cefc2b4c4dc/DS-0a2c1804-1063-4d7a-9a5d-9e747368e47e/container.db for volume DS-0a2c1804-1063-4d7a-9a5d-9e747368e47e
2023-12-01 12:04:08,475 [e4101cf6-f8c4-4d95-a998-136b2bec65e8-EndpointStateMachineTaskThread-/0.0.0.0:15002-0 ] INFO  volume.ThrottledAsyncChecker (ThrottledAsyncChecker.java:schedule(141)) - Scheduling a check for /home/runner/work/ozone/ozone/hadoop-ozone/integration-test/target/test-dir/MiniOzoneClusterImpl-d99da5cf-54e3-4304-baea-1cefc2b4c4dc/datanode-0/data-0/containers/hdds
2023-12-01 12:04:08,486 [e4101cf6-f8c4-4d95-a998-136b2bec65e8-EndpointStateMachineTaskThread-/0.0.0.0:15002-0 ] INFO  volume.StorageVolumeChecker (StorageVolumeChecker.java:checkAllVolumes(218)) - Scheduled health check for volume /home/runner/work/ozone/ozone/hadoop-ozone/integration-test/target/test-dir/MiniOzoneClusterImpl-d99da5cf-54e3-4304-baea-1cefc2b4c4dc/datanode-0/data-0/containers/hdds
2023-12-01 12:04:08,488 [e4101cf6-f8c4-4d95-a998-136b2bec65e8-EndpointStateMachineTaskThread-/0.0.0.0:15002-0 ] INFO  volume.ThrottledAsyncChecker (ThrottledAsyncChecker.java:schedule(141)) - Scheduling a check for /home/runner/work/ozone/ozone/hadoop-ozone/integration-test/target/test-dir/MiniOzoneClusterImpl-d99da5cf-54e3-4304-baea-1cefc2b4c4dc/datanode-0/data/ratis
2023-12-01 12:04:08,489 [e4101cf6-f8c4-4d95-a998-136b2bec65e8-EndpointStateMachineTaskThread-/0.0.0.0:15002-0 ] INFO  volume.StorageVolumeChecker (StorageVolumeChecker.java:checkAllVolumes(218)) - Scheduled health check for volume /home/runner/work/ozone/ozone/hadoop-ozone/integration-test/target/test-dir/MiniOzoneClusterImpl-d99da5cf-54e3-4304-baea-1cefc2b4c4dc/datanode-0/data/ratis
2023-12-01 12:04:08,490 [e4101cf6-f8c4-4d95-a998-136b2bec65e8-EndpointStateMachineTaskThread-/0.0.0.0:15002-0 ] INFO  ozoneimpl.OzoneContainer (OzoneContainer.java:start(441)) - Attempting to start container services.
2023-12-01 12:04:08,492 [e4101cf6-f8c4-4d95-a998-136b2bec65e8-EndpointStateMachineTaskThread-/0.0.0.0:15002-0 ] INFO  ozoneimpl.OzoneContainer (OzoneContainer.java:startContainerScrub(337)) - Scheduled background container scanners and the on-demand container scanner have been disabled.
2023-12-01 12:04:08,494 [e4101cf6-f8c4-4d95-a998-136b2bec65e8-EndpointStateMachineTaskThread-/0.0.0.0:15002-0 ] INFO  replication.ReplicationServer (ReplicationServer.java:start(139)) - ReplicationServer is started using port 15016
2023-12-01 12:04:08,496 [e4101cf6-f8c4-4d95-a998-136b2bec65e8-EndpointStateMachineTaskThread-/0.0.0.0:15002-0 ] INFO  ratis.XceiverServerRatis (XceiverServerRatis.java:start(525)) - Starting XceiverServerRatis e4101cf6-f8c4-4d95-a998-136b2bec65e8
2023-12-01 12:04:08,501 [e4101cf6-f8c4-4d95-a998-136b2bec65e8-EndpointStateMachineTaskThread-/0.0.0.0:15002-0 ] INFO  server.RaftServer (RaftServerProxy.java:startImpl(406)) - e4101cf6-f8c4-4d95-a998-136b2bec65e8: start RPC server
2023-12-01 12:04:08,504 [e4101cf6-f8c4-4d95-a998-136b2bec65e8-EndpointStateMachineTaskThread-/0.0.0.0:15002-0 ] INFO  server.GrpcService (GrpcService.java:startImpl(302)) - e4101cf6-f8c4-4d95-a998-136b2bec65e8: GrpcService started, listening on 15012
2023-12-01 12:04:08,506 [e4101cf6-f8c4-4d95-a998-136b2bec65e8-EndpointStateMachineTaskThread-/0.0.0.0:15002-0 ] INFO  server.GrpcService (GrpcService.java:startImpl(302)) - e4101cf6-f8c4-4d95-a998-136b2bec65e8: GrpcService started, listening on 15014
2023-12-01 12:04:08,507 [e4101cf6-f8c4-4d95-a998-136b2bec65e8-EndpointStateMachineTaskThread-/0.0.0.0:15002-0 ] INFO  server.GrpcService (GrpcService.java:startImpl(302)) - e4101cf6-f8c4-4d95-a998-136b2bec65e8: GrpcService started, listening on 15013
2023-12-01 12:04:08,509 [JvmPauseMonitor2] INFO  util.JvmPauseMonitor (JvmPauseMonitor.java:run(146)) - JvmPauseMonitor-e4101cf6-f8c4-4d95-a998-136b2bec65e8: Started
2023-12-01 12:04:08,509 [e4101cf6-f8c4-4d95-a998-136b2bec65e8-EndpointStateMachineTaskThread-/0.0.0.0:15002-0 ] INFO  ratis.XceiverServerRatis (XceiverServerRatis.java:getRealPort(551)) - XceiverServerRatis e4101cf6-f8c4-4d95-a998-136b2bec65e8 is started using port 15012 for RATIS
2023-12-01 12:04:08,510 [e4101cf6-f8c4-4d95-a998-136b2bec65e8-EndpointStateMachineTaskThread-/0.0.0.0:15002-0 ] INFO  ratis.XceiverServerRatis (XceiverServerRatis.java:getRealPort(551)) - XceiverServerRatis e4101cf6-f8c4-4d95-a998-136b2bec65e8 is started using port 15013 for RATIS_ADMIN
2023-12-01 12:04:08,510 [e4101cf6-f8c4-4d95-a998-136b2bec65e8-EndpointStateMachineTaskThread-/0.0.0.0:15002-0 ] INFO  ratis.XceiverServerRatis (XceiverServerRatis.java:getRealPort(551)) - XceiverServerRatis e4101cf6-f8c4-4d95-a998-136b2bec65e8 is started using port 15014 for RATIS_SERVER
2023-12-01 12:04:08,510 [e4101cf6-f8c4-4d95-a998-136b2bec65e8-EndpointStateMachineTaskThread-/0.0.0.0:15002-0 ] INFO  ratis.XceiverServerRatis (XceiverServerRatis.java:getRealPort(551)) - XceiverServerRatis e4101cf6-f8c4-4d95-a998-136b2bec65e8 is started using port 15015 for RATIS_DATASTREAM
2023-12-01 12:04:08,518 [e4101cf6-f8c4-4d95-a998-136b2bec65e8-BlockDeletingService#0] INFO  interfaces.ContainerDeletionChoosingPolicyTemplate (ContainerDeletionChoosingPolicyTemplate.java:chooseContainerForBlockDeletion(85)) - Chosen 0/5000 blocks from 0 candidate containers.
2023-12-01 12:04:08,531 [144aaeee-fb04-48fb-9b63-1a6b7587bad5-EndpointStateMachineTaskThread-/0.0.0.0:15002-0 ] INFO  utils.DatanodeStoreCache (DatanodeStoreCache.java:addDB(66)) - Added db /home/runner/work/ozone/ozone/hadoop-ozone/integration-test/target/test-dir/MiniOzoneClusterImpl-d99da5cf-54e3-4304-baea-1cefc2b4c4dc/datanode-1/data-0/containers/hdds/d99da5cf-54e3-4304-baea-1cefc2b4c4dc/DS-e99d798e-681b-4ead-be3d-7674b1872341/container.db to cache
2023-12-01 12:04:08,531 [144aaeee-fb04-48fb-9b63-1a6b7587bad5-EndpointStateMachineTaskThread-/0.0.0.0:15002-0 ] INFO  volume.HddsVolume (HddsVolume.java:createDbStore(422)) - SchemaV3 db is created and loaded at /home/runner/work/ozone/ozone/hadoop-ozone/integration-test/target/test-dir/MiniOzoneClusterImpl-d99da5cf-54e3-4304-baea-1cefc2b4c4dc/datanode-1/data-0/containers/hdds/d99da5cf-54e3-4304-baea-1cefc2b4c4dc/DS-e99d798e-681b-4ead-be3d-7674b1872341/container.db for volume DS-e99d798e-681b-4ead-be3d-7674b1872341
2023-12-01 12:04:08,532 [144aaeee-fb04-48fb-9b63-1a6b7587bad5-EndpointStateMachineTaskThread-/0.0.0.0:15002-0 ] INFO  volume.ThrottledAsyncChecker (ThrottledAsyncChecker.java:schedule(141)) - Scheduling a check for /home/runner/work/ozone/ozone/hadoop-ozone/integration-test/target/test-dir/MiniOzoneClusterImpl-d99da5cf-54e3-4304-baea-1cefc2b4c4dc/datanode-1/data-0/containers/hdds
2023-12-01 12:04:08,533 [144aaeee-fb04-48fb-9b63-1a6b7587bad5-EndpointStateMachineTaskThread-/0.0.0.0:15002-0 ] INFO  volume.StorageVolumeChecker (StorageVolumeChecker.java:checkAllVolumes(218)) - Scheduled health check for volume /home/runner/work/ozone/ozone/hadoop-ozone/integration-test/target/test-dir/MiniOzoneClusterImpl-d99da5cf-54e3-4304-baea-1cefc2b4c4dc/datanode-1/data-0/containers/hdds
2023-12-01 12:04:08,535 [144aaeee-fb04-48fb-9b63-1a6b7587bad5-EndpointStateMachineTaskThread-/0.0.0.0:15002-0 ] INFO  volume.ThrottledAsyncChecker (ThrottledAsyncChecker.java:schedule(141)) - Scheduling a check for /home/runner/work/ozone/ozone/hadoop-ozone/integration-test/target/test-dir/MiniOzoneClusterImpl-d99da5cf-54e3-4304-baea-1cefc2b4c4dc/datanode-1/data/ratis
2023-12-01 12:04:08,535 [144aaeee-fb04-48fb-9b63-1a6b7587bad5-EndpointStateMachineTaskThread-/0.0.0.0:15002-0 ] INFO  volume.StorageVolumeChecker (StorageVolumeChecker.java:checkAllVolumes(218)) - Scheduled health check for volume /home/runner/work/ozone/ozone/hadoop-ozone/integration-test/target/test-dir/MiniOzoneClusterImpl-d99da5cf-54e3-4304-baea-1cefc2b4c4dc/datanode-1/data/ratis
2023-12-01 12:04:08,536 [144aaeee-fb04-48fb-9b63-1a6b7587bad5-EndpointStateMachineTaskThread-/0.0.0.0:15002-0 ] INFO  ozoneimpl.OzoneContainer (OzoneContainer.java:start(441)) - Attempting to start container services.
2023-12-01 12:04:08,536 [144aaeee-fb04-48fb-9b63-1a6b7587bad5-EndpointStateMachineTaskThread-/0.0.0.0:15002-0 ] INFO  ozoneimpl.OzoneContainer (OzoneContainer.java:startContainerScrub(337)) - Scheduled background container scanners and the on-demand container scanner have been disabled.
2023-12-01 12:04:08,538 [144aaeee-fb04-48fb-9b63-1a6b7587bad5-EndpointStateMachineTaskThread-/0.0.0.0:15002-0 ] INFO  replication.ReplicationServer (ReplicationServer.java:start(139)) - ReplicationServer is started using port 15025
2023-12-01 12:04:08,538 [144aaeee-fb04-48fb-9b63-1a6b7587bad5-EndpointStateMachineTaskThread-/0.0.0.0:15002-0 ] INFO  ratis.XceiverServerRatis (XceiverServerRatis.java:start(525)) - Starting XceiverServerRatis 144aaeee-fb04-48fb-9b63-1a6b7587bad5
2023-12-01 12:04:08,539 [144aaeee-fb04-48fb-9b63-1a6b7587bad5-EndpointStateMachineTaskThread-/0.0.0.0:15002-0 ] INFO  server.RaftServer (RaftServerProxy.java:startImpl(406)) - 144aaeee-fb04-48fb-9b63-1a6b7587bad5: start RPC server
2023-12-01 12:04:08,540 [144aaeee-fb04-48fb-9b63-1a6b7587bad5-EndpointStateMachineTaskThread-/0.0.0.0:15002-0 ] INFO  server.GrpcService (GrpcService.java:startImpl(302)) - 144aaeee-fb04-48fb-9b63-1a6b7587bad5: GrpcService started, listening on 15021
2023-12-01 12:04:08,542 [144aaeee-fb04-48fb-9b63-1a6b7587bad5-EndpointStateMachineTaskThread-/0.0.0.0:15002-0 ] INFO  server.GrpcService (GrpcService.java:startImpl(302)) - 144aaeee-fb04-48fb-9b63-1a6b7587bad5: GrpcService started, listening on 15023
2023-12-01 12:04:08,544 [144aaeee-fb04-48fb-9b63-1a6b7587bad5-EndpointStateMachineTaskThread-/0.0.0.0:15002-0 ] INFO  server.GrpcService (GrpcService.java:startImpl(302)) - 144aaeee-fb04-48fb-9b63-1a6b7587bad5: GrpcService started, listening on 15022
2023-12-01 12:04:08,544 [144aaeee-fb04-48fb-9b63-1a6b7587bad5-EndpointStateMachineTaskThread-/0.0.0.0:15002-0 ] INFO  ratis.XceiverServerRatis (XceiverServerRatis.java:getRealPort(551)) - XceiverServerRatis 144aaeee-fb04-48fb-9b63-1a6b7587bad5 is started using port 15021 for RATIS
2023-12-01 12:04:08,544 [JvmPauseMonitor3] INFO  util.JvmPauseMonitor (JvmPauseMonitor.java:run(146)) - JvmPauseMonitor-144aaeee-fb04-48fb-9b63-1a6b7587bad5: Started
2023-12-01 12:04:08,545 [144aaeee-fb04-48fb-9b63-1a6b7587bad5-EndpointStateMachineTaskThread-/0.0.0.0:15002-0 ] INFO  ratis.XceiverServerRatis (XceiverServerRatis.java:getRealPort(551)) - XceiverServerRatis 144aaeee-fb04-48fb-9b63-1a6b7587bad5 is started using port 15022 for RATIS_ADMIN
2023-12-01 12:04:08,546 [144aaeee-fb04-48fb-9b63-1a6b7587bad5-EndpointStateMachineTaskThread-/0.0.0.0:15002-0 ] INFO  ratis.XceiverServerRatis (XceiverServerRatis.java:getRealPort(551)) - XceiverServerRatis 144aaeee-fb04-48fb-9b63-1a6b7587bad5 is started using port 15023 for RATIS_SERVER
2023-12-01 12:04:08,546 [144aaeee-fb04-48fb-9b63-1a6b7587bad5-EndpointStateMachineTaskThread-/0.0.0.0:15002-0 ] INFO  ratis.XceiverServerRatis (XceiverServerRatis.java:getRealPort(551)) - XceiverServerRatis 144aaeee-fb04-48fb-9b63-1a6b7587bad5 is started using port 15024 for RATIS_DATASTREAM
2023-12-01 12:04:08,549 [144aaeee-fb04-48fb-9b63-1a6b7587bad5-BlockDeletingService#0] INFO  interfaces.ContainerDeletionChoosingPolicyTemplate (ContainerDeletionChoosingPolicyTemplate.java:chooseContainerForBlockDeletion(85)) - Chosen 0/5000 blocks from 0 candidate containers.
2023-12-01 12:04:08,643 [a2bf02b8-7760-44e6-b399-ad4429aacfa0-EndpointStateMachineTaskThread-/0.0.0.0:15002-0 ] INFO  utils.DatanodeStoreCache (DatanodeStoreCache.java:addDB(66)) - Added db /home/runner/work/ozone/ozone/hadoop-ozone/integration-test/target/test-dir/MiniOzoneClusterImpl-d99da5cf-54e3-4304-baea-1cefc2b4c4dc/datanode-2/data-0/containers/hdds/d99da5cf-54e3-4304-baea-1cefc2b4c4dc/DS-2d7a7ef7-17d5-4e0e-b1d7-c95c7f9ca7b8/container.db to cache
2023-12-01 12:04:08,643 [a2bf02b8-7760-44e6-b399-ad4429aacfa0-EndpointStateMachineTaskThread-/0.0.0.0:15002-0 ] INFO  volume.HddsVolume (HddsVolume.java:createDbStore(422)) - SchemaV3 db is created and loaded at /home/runner/work/ozone/ozone/hadoop-ozone/integration-test/target/test-dir/MiniOzoneClusterImpl-d99da5cf-54e3-4304-baea-1cefc2b4c4dc/datanode-2/data-0/containers/hdds/d99da5cf-54e3-4304-baea-1cefc2b4c4dc/DS-2d7a7ef7-17d5-4e0e-b1d7-c95c7f9ca7b8/container.db for volume DS-2d7a7ef7-17d5-4e0e-b1d7-c95c7f9ca7b8
2023-12-01 12:04:08,644 [a2bf02b8-7760-44e6-b399-ad4429aacfa0-EndpointStateMachineTaskThread-/0.0.0.0:15002-0 ] INFO  volume.ThrottledAsyncChecker (ThrottledAsyncChecker.java:schedule(141)) - Scheduling a check for /home/runner/work/ozone/ozone/hadoop-ozone/integration-test/target/test-dir/MiniOzoneClusterImpl-d99da5cf-54e3-4304-baea-1cefc2b4c4dc/datanode-2/data-0/containers/hdds
2023-12-01 12:04:08,645 [a2bf02b8-7760-44e6-b399-ad4429aacfa0-EndpointStateMachineTaskThread-/0.0.0.0:15002-0 ] INFO  volume.StorageVolumeChecker (StorageVolumeChecker.java:checkAllVolumes(218)) - Scheduled health check for volume /home/runner/work/ozone/ozone/hadoop-ozone/integration-test/target/test-dir/MiniOzoneClusterImpl-d99da5cf-54e3-4304-baea-1cefc2b4c4dc/datanode-2/data-0/containers/hdds
2023-12-01 12:04:08,646 [a2bf02b8-7760-44e6-b399-ad4429aacfa0-EndpointStateMachineTaskThread-/0.0.0.0:15002-0 ] INFO  volume.ThrottledAsyncChecker (ThrottledAsyncChecker.java:schedule(141)) - Scheduling a check for /home/runner/work/ozone/ozone/hadoop-ozone/integration-test/target/test-dir/MiniOzoneClusterImpl-d99da5cf-54e3-4304-baea-1cefc2b4c4dc/datanode-2/data/ratis
2023-12-01 12:04:08,646 [a2bf02b8-7760-44e6-b399-ad4429aacfa0-EndpointStateMachineTaskThread-/0.0.0.0:15002-0 ] INFO  volume.StorageVolumeChecker (StorageVolumeChecker.java:checkAllVolumes(218)) - Scheduled health check for volume /home/runner/work/ozone/ozone/hadoop-ozone/integration-test/target/test-dir/MiniOzoneClusterImpl-d99da5cf-54e3-4304-baea-1cefc2b4c4dc/datanode-2/data/ratis
2023-12-01 12:04:08,647 [a2bf02b8-7760-44e6-b399-ad4429aacfa0-EndpointStateMachineTaskThread-/0.0.0.0:15002-0 ] INFO  ozoneimpl.OzoneContainer (OzoneContainer.java:start(441)) - Attempting to start container services.
2023-12-01 12:04:08,647 [a2bf02b8-7760-44e6-b399-ad4429aacfa0-EndpointStateMachineTaskThread-/0.0.0.0:15002-0 ] INFO  ozoneimpl.OzoneContainer (OzoneContainer.java:startContainerScrub(337)) - Scheduled background container scanners and the on-demand container scanner have been disabled.
2023-12-01 12:04:08,649 [a2bf02b8-7760-44e6-b399-ad4429aacfa0-EndpointStateMachineTaskThread-/0.0.0.0:15002-0 ] INFO  replication.ReplicationServer (ReplicationServer.java:start(139)) - ReplicationServer is started using port 15034
2023-12-01 12:04:08,649 [a2bf02b8-7760-44e6-b399-ad4429aacfa0-EndpointStateMachineTaskThread-/0.0.0.0:15002-0 ] INFO  ratis.XceiverServerRatis (XceiverServerRatis.java:start(525)) - Starting XceiverServerRatis a2bf02b8-7760-44e6-b399-ad4429aacfa0
2023-12-01 12:04:08,651 [a2bf02b8-7760-44e6-b399-ad4429aacfa0-EndpointStateMachineTaskThread-/0.0.0.0:15002-0 ] INFO  server.RaftServer (RaftServerProxy.java:startImpl(406)) - a2bf02b8-7760-44e6-b399-ad4429aacfa0: start RPC server
2023-12-01 12:04:08,652 [a2bf02b8-7760-44e6-b399-ad4429aacfa0-EndpointStateMachineTaskThread-/0.0.0.0:15002-0 ] INFO  server.GrpcService (GrpcService.java:startImpl(302)) - a2bf02b8-7760-44e6-b399-ad4429aacfa0: GrpcService started, listening on 15030
2023-12-01 12:04:08,653 [a2bf02b8-7760-44e6-b399-ad4429aacfa0-EndpointStateMachineTaskThread-/0.0.0.0:15002-0 ] INFO  server.GrpcService (GrpcService.java:startImpl(302)) - a2bf02b8-7760-44e6-b399-ad4429aacfa0: GrpcService started, listening on 15032
2023-12-01 12:04:08,654 [a2bf02b8-7760-44e6-b399-ad4429aacfa0-EndpointStateMachineTaskThread-/0.0.0.0:15002-0 ] INFO  server.GrpcService (GrpcService.java:startImpl(302)) - a2bf02b8-7760-44e6-b399-ad4429aacfa0: GrpcService started, listening on 15031
2023-12-01 12:04:08,654 [a2bf02b8-7760-44e6-b399-ad4429aacfa0-EndpointStateMachineTaskThread-/0.0.0.0:15002-0 ] INFO  ratis.XceiverServerRatis (XceiverServerRatis.java:getRealPort(551)) - XceiverServerRatis a2bf02b8-7760-44e6-b399-ad4429aacfa0 is started using port 15030 for RATIS
2023-12-01 12:04:08,654 [JvmPauseMonitor4] INFO  util.JvmPauseMonitor (JvmPauseMonitor.java:run(146)) - JvmPauseMonitor-a2bf02b8-7760-44e6-b399-ad4429aacfa0: Started
2023-12-01 12:04:08,654 [a2bf02b8-7760-44e6-b399-ad4429aacfa0-EndpointStateMachineTaskThread-/0.0.0.0:15002-0 ] INFO  ratis.XceiverServerRatis (XceiverServerRatis.java:getRealPort(551)) - XceiverServerRatis a2bf02b8-7760-44e6-b399-ad4429aacfa0 is started using port 15031 for RATIS_ADMIN
2023-12-01 12:04:08,655 [a2bf02b8-7760-44e6-b399-ad4429aacfa0-EndpointStateMachineTaskThread-/0.0.0.0:15002-0 ] INFO  ratis.XceiverServerRatis (XceiverServerRatis.java:getRealPort(551)) - XceiverServerRatis a2bf02b8-7760-44e6-b399-ad4429aacfa0 is started using port 15032 for RATIS_SERVER
2023-12-01 12:04:08,655 [a2bf02b8-7760-44e6-b399-ad4429aacfa0-EndpointStateMachineTaskThread-/0.0.0.0:15002-0 ] INFO  ratis.XceiverServerRatis (XceiverServerRatis.java:getRealPort(551)) - XceiverServerRatis a2bf02b8-7760-44e6-b399-ad4429aacfa0 is started using port 15033 for RATIS_DATASTREAM
2023-12-01 12:04:08,657 [a2bf02b8-7760-44e6-b399-ad4429aacfa0-BlockDeletingService#0] INFO  interfaces.ContainerDeletionChoosingPolicyTemplate (ContainerDeletionChoosingPolicyTemplate.java:chooseContainerForBlockDeletion(85)) - Chosen 0/5000 blocks from 0 candidate containers.
2023-12-01 12:04:08,838 [a78ad617-b5b5-46fb-9003-310abdef56ad-EndpointStateMachineTaskThread-/0.0.0.0:15002-0 ] INFO  utils.DatanodeStoreCache (DatanodeStoreCache.java:addDB(66)) - Added db /home/runner/work/ozone/ozone/hadoop-ozone/integration-test/target/test-dir/MiniOzoneClusterImpl-d99da5cf-54e3-4304-baea-1cefc2b4c4dc/datanode-3/data-0/containers/hdds/d99da5cf-54e3-4304-baea-1cefc2b4c4dc/DS-7a60b74a-9431-44d0-b61c-80a1134a1610/container.db to cache
2023-12-01 12:04:08,838 [a78ad617-b5b5-46fb-9003-310abdef56ad-EndpointStateMachineTaskThread-/0.0.0.0:15002-0 ] INFO  volume.HddsVolume (HddsVolume.java:createDbStore(422)) - SchemaV3 db is created and loaded at /home/runner/work/ozone/ozone/hadoop-ozone/integration-test/target/test-dir/MiniOzoneClusterImpl-d99da5cf-54e3-4304-baea-1cefc2b4c4dc/datanode-3/data-0/containers/hdds/d99da5cf-54e3-4304-baea-1cefc2b4c4dc/DS-7a60b74a-9431-44d0-b61c-80a1134a1610/container.db for volume DS-7a60b74a-9431-44d0-b61c-80a1134a1610
2023-12-01 12:04:08,839 [a78ad617-b5b5-46fb-9003-310abdef56ad-EndpointStateMachineTaskThread-/0.0.0.0:15002-0 ] INFO  volume.ThrottledAsyncChecker (ThrottledAsyncChecker.java:schedule(141)) - Scheduling a check for /home/runner/work/ozone/ozone/hadoop-ozone/integration-test/target/test-dir/MiniOzoneClusterImpl-d99da5cf-54e3-4304-baea-1cefc2b4c4dc/datanode-3/data-0/containers/hdds
2023-12-01 12:04:08,839 [a78ad617-b5b5-46fb-9003-310abdef56ad-EndpointStateMachineTaskThread-/0.0.0.0:15002-0 ] INFO  volume.StorageVolumeChecker (StorageVolumeChecker.java:checkAllVolumes(218)) - Scheduled health check for volume /home/runner/work/ozone/ozone/hadoop-ozone/integration-test/target/test-dir/MiniOzoneClusterImpl-d99da5cf-54e3-4304-baea-1cefc2b4c4dc/datanode-3/data-0/containers/hdds
2023-12-01 12:04:08,841 [a78ad617-b5b5-46fb-9003-310abdef56ad-EndpointStateMachineTaskThread-/0.0.0.0:15002-0 ] INFO  volume.ThrottledAsyncChecker (ThrottledAsyncChecker.java:schedule(141)) - Scheduling a check for /home/runner/work/ozone/ozone/hadoop-ozone/integration-test/target/test-dir/MiniOzoneClusterImpl-d99da5cf-54e3-4304-baea-1cefc2b4c4dc/datanode-3/data/ratis
2023-12-01 12:04:08,841 [a78ad617-b5b5-46fb-9003-310abdef56ad-EndpointStateMachineTaskThread-/0.0.0.0:15002-0 ] INFO  volume.StorageVolumeChecker (StorageVolumeChecker.java:checkAllVolumes(218)) - Scheduled health check for volume /home/runner/work/ozone/ozone/hadoop-ozone/integration-test/target/test-dir/MiniOzoneClusterImpl-d99da5cf-54e3-4304-baea-1cefc2b4c4dc/datanode-3/data/ratis
2023-12-01 12:04:08,842 [a78ad617-b5b5-46fb-9003-310abdef56ad-EndpointStateMachineTaskThread-/0.0.0.0:15002-0 ] INFO  ozoneimpl.OzoneContainer (OzoneContainer.java:start(441)) - Attempting to start container services.
2023-12-01 12:04:08,842 [a78ad617-b5b5-46fb-9003-310abdef56ad-EndpointStateMachineTaskThread-/0.0.0.0:15002-0 ] INFO  ozoneimpl.OzoneContainer (OzoneContainer.java:startContainerScrub(337)) - Scheduled background container scanners and the on-demand container scanner have been disabled.
2023-12-01 12:04:08,843 [a78ad617-b5b5-46fb-9003-310abdef56ad-EndpointStateMachineTaskThread-/0.0.0.0:15002-0 ] INFO  replication.ReplicationServer (ReplicationServer.java:start(139)) - ReplicationServer is started using port 15043
2023-12-01 12:04:08,843 [a78ad617-b5b5-46fb-9003-310abdef56ad-EndpointStateMachineTaskThread-/0.0.0.0:15002-0 ] INFO  ratis.XceiverServerRatis (XceiverServerRatis.java:start(525)) - Starting XceiverServerRatis a78ad617-b5b5-46fb-9003-310abdef56ad
2023-12-01 12:04:08,844 [a78ad617-b5b5-46fb-9003-310abdef56ad-EndpointStateMachineTaskThread-/0.0.0.0:15002-0 ] INFO  server.RaftServer (RaftServerProxy.java:startImpl(406)) - a78ad617-b5b5-46fb-9003-310abdef56ad: start RPC server
2023-12-01 12:04:08,845 [a78ad617-b5b5-46fb-9003-310abdef56ad-EndpointStateMachineTaskThread-/0.0.0.0:15002-0 ] INFO  server.GrpcService (GrpcService.java:startImpl(302)) - a78ad617-b5b5-46fb-9003-310abdef56ad: GrpcService started, listening on 15039
2023-12-01 12:04:08,846 [a78ad617-b5b5-46fb-9003-310abdef56ad-EndpointStateMachineTaskThread-/0.0.0.0:15002-0 ] INFO  server.GrpcService (GrpcService.java:startImpl(302)) - a78ad617-b5b5-46fb-9003-310abdef56ad: GrpcService started, listening on 15041
2023-12-01 12:04:08,850 [a78ad617-b5b5-46fb-9003-310abdef56ad-EndpointStateMachineTaskThread-/0.0.0.0:15002-0 ] INFO  server.GrpcService (GrpcService.java:startImpl(302)) - a78ad617-b5b5-46fb-9003-310abdef56ad: GrpcService started, listening on 15040
2023-12-01 12:04:08,850 [a78ad617-b5b5-46fb-9003-310abdef56ad-EndpointStateMachineTaskThread-/0.0.0.0:15002-0 ] INFO  ratis.XceiverServerRatis (XceiverServerRatis.java:getRealPort(551)) - XceiverServerRatis a78ad617-b5b5-46fb-9003-310abdef56ad is started using port 15039 for RATIS
2023-12-01 12:04:08,850 [JvmPauseMonitor5] INFO  util.JvmPauseMonitor (JvmPauseMonitor.java:run(146)) - JvmPauseMonitor-a78ad617-b5b5-46fb-9003-310abdef56ad: Started
2023-12-01 12:04:08,850 [a78ad617-b5b5-46fb-9003-310abdef56ad-EndpointStateMachineTaskThread-/0.0.0.0:15002-0 ] INFO  ratis.XceiverServerRatis (XceiverServerRatis.java:getRealPort(551)) - XceiverServerRatis a78ad617-b5b5-46fb-9003-310abdef56ad is started using port 15040 for RATIS_ADMIN
2023-12-01 12:04:08,851 [a78ad617-b5b5-46fb-9003-310abdef56ad-EndpointStateMachineTaskThread-/0.0.0.0:15002-0 ] INFO  ratis.XceiverServerRatis (XceiverServerRatis.java:getRealPort(551)) - XceiverServerRatis a78ad617-b5b5-46fb-9003-310abdef56ad is started using port 15041 for RATIS_SERVER
2023-12-01 12:04:08,851 [a78ad617-b5b5-46fb-9003-310abdef56ad-EndpointStateMachineTaskThread-/0.0.0.0:15002-0 ] INFO  ratis.XceiverServerRatis (XceiverServerRatis.java:getRealPort(551)) - XceiverServerRatis a78ad617-b5b5-46fb-9003-310abdef56ad is started using port 15042 for RATIS_DATASTREAM
2023-12-01 12:04:08,853 [a78ad617-b5b5-46fb-9003-310abdef56ad-BlockDeletingService#0] INFO  interfaces.ContainerDeletionChoosingPolicyTemplate (ContainerDeletionChoosingPolicyTemplate.java:chooseContainerForBlockDeletion(85)) - Chosen 0/5000 blocks from 0 candidate containers.
2023-12-01 12:04:09,037 [9e3b9079-4dd1-4962-964a-dfdeb60592bf-EndpointStateMachineTaskThread-/0.0.0.0:15002-0 ] INFO  utils.DatanodeStoreCache (DatanodeStoreCache.java:addDB(66)) - Added db /home/runner/work/ozone/ozone/hadoop-ozone/integration-test/target/test-dir/MiniOzoneClusterImpl-d99da5cf-54e3-4304-baea-1cefc2b4c4dc/datanode-4/data-0/containers/hdds/d99da5cf-54e3-4304-baea-1cefc2b4c4dc/DS-f300e1fa-14d0-4076-98da-dfcfffb00a29/container.db to cache
2023-12-01 12:04:09,037 [9e3b9079-4dd1-4962-964a-dfdeb60592bf-EndpointStateMachineTaskThread-/0.0.0.0:15002-0 ] INFO  volume.HddsVolume (HddsVolume.java:createDbStore(422)) - SchemaV3 db is created and loaded at /home/runner/work/ozone/ozone/hadoop-ozone/integration-test/target/test-dir/MiniOzoneClusterImpl-d99da5cf-54e3-4304-baea-1cefc2b4c4dc/datanode-4/data-0/containers/hdds/d99da5cf-54e3-4304-baea-1cefc2b4c4dc/DS-f300e1fa-14d0-4076-98da-dfcfffb00a29/container.db for volume DS-f300e1fa-14d0-4076-98da-dfcfffb00a29
2023-12-01 12:04:09,038 [9e3b9079-4dd1-4962-964a-dfdeb60592bf-EndpointStateMachineTaskThread-/0.0.0.0:15002-0 ] INFO  volume.ThrottledAsyncChecker (ThrottledAsyncChecker.java:schedule(141)) - Scheduling a check for /home/runner/work/ozone/ozone/hadoop-ozone/integration-test/target/test-dir/MiniOzoneClusterImpl-d99da5cf-54e3-4304-baea-1cefc2b4c4dc/datanode-4/data-0/containers/hdds
2023-12-01 12:04:09,038 [9e3b9079-4dd1-4962-964a-dfdeb60592bf-EndpointStateMachineTaskThread-/0.0.0.0:15002-0 ] INFO  volume.StorageVolumeChecker (StorageVolumeChecker.java:checkAllVolumes(218)) - Scheduled health check for volume /home/runner/work/ozone/ozone/hadoop-ozone/integration-test/target/test-dir/MiniOzoneClusterImpl-d99da5cf-54e3-4304-baea-1cefc2b4c4dc/datanode-4/data-0/containers/hdds
2023-12-01 12:04:09,040 [9e3b9079-4dd1-4962-964a-dfdeb60592bf-EndpointStateMachineTaskThread-/0.0.0.0:15002-0 ] INFO  volume.ThrottledAsyncChecker (ThrottledAsyncChecker.java:schedule(141)) - Scheduling a check for /home/runner/work/ozone/ozone/hadoop-ozone/integration-test/target/test-dir/MiniOzoneClusterImpl-d99da5cf-54e3-4304-baea-1cefc2b4c4dc/datanode-4/data/ratis
2023-12-01 12:04:09,040 [9e3b9079-4dd1-4962-964a-dfdeb60592bf-EndpointStateMachineTaskThread-/0.0.0.0:15002-0 ] INFO  volume.StorageVolumeChecker (StorageVolumeChecker.java:checkAllVolumes(218)) - Scheduled health check for volume /home/runner/work/ozone/ozone/hadoop-ozone/integration-test/target/test-dir/MiniOzoneClusterImpl-d99da5cf-54e3-4304-baea-1cefc2b4c4dc/datanode-4/data/ratis
2023-12-01 12:04:09,041 [9e3b9079-4dd1-4962-964a-dfdeb60592bf-EndpointStateMachineTaskThread-/0.0.0.0:15002-0 ] INFO  ozoneimpl.OzoneContainer (OzoneContainer.java:start(441)) - Attempting to start container services.
2023-12-01 12:04:09,041 [9e3b9079-4dd1-4962-964a-dfdeb60592bf-EndpointStateMachineTaskThread-/0.0.0.0:15002-0 ] INFO  ozoneimpl.OzoneContainer (OzoneContainer.java:startContainerScrub(337)) - Scheduled background container scanners and the on-demand container scanner have been disabled.
2023-12-01 12:04:09,042 [9e3b9079-4dd1-4962-964a-dfdeb60592bf-EndpointStateMachineTaskThread-/0.0.0.0:15002-0 ] INFO  replication.ReplicationServer (ReplicationServer.java:start(139)) - ReplicationServer is started using port 15052
2023-12-01 12:04:09,042 [9e3b9079-4dd1-4962-964a-dfdeb60592bf-EndpointStateMachineTaskThread-/0.0.0.0:15002-0 ] INFO  ratis.XceiverServerRatis (XceiverServerRatis.java:start(525)) - Starting XceiverServerRatis 9e3b9079-4dd1-4962-964a-dfdeb60592bf
2023-12-01 12:04:09,042 [9e3b9079-4dd1-4962-964a-dfdeb60592bf-EndpointStateMachineTaskThread-/0.0.0.0:15002-0 ] INFO  server.RaftServer (RaftServerProxy.java:startImpl(406)) - 9e3b9079-4dd1-4962-964a-dfdeb60592bf: start RPC server
2023-12-01 12:04:09,043 [9e3b9079-4dd1-4962-964a-dfdeb60592bf-EndpointStateMachineTaskThread-/0.0.0.0:15002-0 ] INFO  server.GrpcService (GrpcService.java:startImpl(302)) - 9e3b9079-4dd1-4962-964a-dfdeb60592bf: GrpcService started, listening on 15048
2023-12-01 12:04:09,044 [9e3b9079-4dd1-4962-964a-dfdeb60592bf-EndpointStateMachineTaskThread-/0.0.0.0:15002-0 ] INFO  server.GrpcService (GrpcService.java:startImpl(302)) - 9e3b9079-4dd1-4962-964a-dfdeb60592bf: GrpcService started, listening on 15050
2023-12-01 12:04:09,045 [9e3b9079-4dd1-4962-964a-dfdeb60592bf-EndpointStateMachineTaskThread-/0.0.0.0:15002-0 ] INFO  server.GrpcService (GrpcService.java:startImpl(302)) - 9e3b9079-4dd1-4962-964a-dfdeb60592bf: GrpcService started, listening on 15049
2023-12-01 12:04:09,045 [9e3b9079-4dd1-4962-964a-dfdeb60592bf-EndpointStateMachineTaskThread-/0.0.0.0:15002-0 ] INFO  ratis.XceiverServerRatis (XceiverServerRatis.java:getRealPort(551)) - XceiverServerRatis 9e3b9079-4dd1-4962-964a-dfdeb60592bf is started using port 15048 for RATIS
2023-12-01 12:04:09,045 [JvmPauseMonitor6] INFO  util.JvmPauseMonitor (JvmPauseMonitor.java:run(146)) - JvmPauseMonitor-9e3b9079-4dd1-4962-964a-dfdeb60592bf: Started
2023-12-01 12:04:09,045 [9e3b9079-4dd1-4962-964a-dfdeb60592bf-EndpointStateMachineTaskThread-/0.0.0.0:15002-0 ] INFO  ratis.XceiverServerRatis (XceiverServerRatis.java:getRealPort(551)) - XceiverServerRatis 9e3b9079-4dd1-4962-964a-dfdeb60592bf is started using port 15049 for RATIS_ADMIN
2023-12-01 12:04:09,045 [9e3b9079-4dd1-4962-964a-dfdeb60592bf-EndpointStateMachineTaskThread-/0.0.0.0:15002-0 ] INFO  ratis.XceiverServerRatis (XceiverServerRatis.java:getRealPort(551)) - XceiverServerRatis 9e3b9079-4dd1-4962-964a-dfdeb60592bf is started using port 15050 for RATIS_SERVER
2023-12-01 12:04:09,046 [9e3b9079-4dd1-4962-964a-dfdeb60592bf-EndpointStateMachineTaskThread-/0.0.0.0:15002-0 ] INFO  ratis.XceiverServerRatis (XceiverServerRatis.java:getRealPort(551)) - XceiverServerRatis 9e3b9079-4dd1-4962-964a-dfdeb60592bf is started using port 15051 for RATIS_DATASTREAM
2023-12-01 12:04:09,048 [9e3b9079-4dd1-4962-964a-dfdeb60592bf-BlockDeletingService#0] INFO  interfaces.ContainerDeletionChoosingPolicyTemplate (ContainerDeletionChoosingPolicyTemplate.java:chooseContainerForBlockDeletion(85)) - Chosen 0/5000 blocks from 0 candidate containers.
2023-12-01 12:04:09,130 [main] INFO  ozone.MiniOzoneClusterImpl (MiniOzoneClusterImpl.java:lambda$waitForClusterToBeReady$0(229)) - Waiting for nodes to be ready. Got 0 of 6 DN Heartbeats.
2023-12-01 12:04:09,130 [main] INFO  ozone.MiniOzoneClusterImpl (MiniOzoneClusterImpl.java:lambda$waitForClusterToBeReady$0(232)) - Waiting for cluster to exit safe mode
2023-12-01 12:04:09,130 [main] INFO  ozone.MiniOzoneClusterImpl (MiniOzoneClusterImpl.java:lambda$waitForClusterToBeReady$0(234)) - SCM became leader
2023-12-01 12:04:09,159 [6dc608fe-50aa-407f-b4f0-db1c149f31c2-EndpointStateMachineTaskThread-/0.0.0.0:15002-0 ] INFO  utils.DatanodeStoreCache (DatanodeStoreCache.java:addDB(66)) - Added db /home/runner/work/ozone/ozone/hadoop-ozone/integration-test/target/test-dir/MiniOzoneClusterImpl-d99da5cf-54e3-4304-baea-1cefc2b4c4dc/datanode-5/data-0/containers/hdds/d99da5cf-54e3-4304-baea-1cefc2b4c4dc/DS-9e7d45ba-d216-4c4b-9294-ea2daa7a923c/container.db to cache
2023-12-01 12:04:09,159 [6dc608fe-50aa-407f-b4f0-db1c149f31c2-EndpointStateMachineTaskThread-/0.0.0.0:15002-0 ] INFO  volume.HddsVolume (HddsVolume.java:createDbStore(422)) - SchemaV3 db is created and loaded at /home/runner/work/ozone/ozone/hadoop-ozone/integration-test/target/test-dir/MiniOzoneClusterImpl-d99da5cf-54e3-4304-baea-1cefc2b4c4dc/datanode-5/data-0/containers/hdds/d99da5cf-54e3-4304-baea-1cefc2b4c4dc/DS-9e7d45ba-d216-4c4b-9294-ea2daa7a923c/container.db for volume DS-9e7d45ba-d216-4c4b-9294-ea2daa7a923c
2023-12-01 12:04:09,160 [6dc608fe-50aa-407f-b4f0-db1c149f31c2-EndpointStateMachineTaskThread-/0.0.0.0:15002-0 ] INFO  volume.ThrottledAsyncChecker (ThrottledAsyncChecker.java:schedule(141)) - Scheduling a check for /home/runner/work/ozone/ozone/hadoop-ozone/integration-test/target/test-dir/MiniOzoneClusterImpl-d99da5cf-54e3-4304-baea-1cefc2b4c4dc/datanode-5/data-0/containers/hdds
2023-12-01 12:04:09,160 [6dc608fe-50aa-407f-b4f0-db1c149f31c2-EndpointStateMachineTaskThread-/0.0.0.0:15002-0 ] INFO  volume.StorageVolumeChecker (StorageVolumeChecker.java:checkAllVolumes(218)) - Scheduled health check for volume /home/runner/work/ozone/ozone/hadoop-ozone/integration-test/target/test-dir/MiniOzoneClusterImpl-d99da5cf-54e3-4304-baea-1cefc2b4c4dc/datanode-5/data-0/containers/hdds
2023-12-01 12:04:09,162 [6dc608fe-50aa-407f-b4f0-db1c149f31c2-EndpointStateMachineTaskThread-/0.0.0.0:15002-0 ] INFO  volume.ThrottledAsyncChecker (ThrottledAsyncChecker.java:schedule(141)) - Scheduling a check for /home/runner/work/ozone/ozone/hadoop-ozone/integration-test/target/test-dir/MiniOzoneClusterImpl-d99da5cf-54e3-4304-baea-1cefc2b4c4dc/datanode-5/data/ratis
2023-12-01 12:04:09,162 [6dc608fe-50aa-407f-b4f0-db1c149f31c2-EndpointStateMachineTaskThread-/0.0.0.0:15002-0 ] INFO  volume.StorageVolumeChecker (StorageVolumeChecker.java:checkAllVolumes(218)) - Scheduled health check for volume /home/runner/work/ozone/ozone/hadoop-ozone/integration-test/target/test-dir/MiniOzoneClusterImpl-d99da5cf-54e3-4304-baea-1cefc2b4c4dc/datanode-5/data/ratis
2023-12-01 12:04:09,163 [6dc608fe-50aa-407f-b4f0-db1c149f31c2-EndpointStateMachineTaskThread-/0.0.0.0:15002-0 ] INFO  ozoneimpl.OzoneContainer (OzoneContainer.java:start(441)) - Attempting to start container services.
2023-12-01 12:04:09,163 [6dc608fe-50aa-407f-b4f0-db1c149f31c2-EndpointStateMachineTaskThread-/0.0.0.0:15002-0 ] INFO  ozoneimpl.OzoneContainer (OzoneContainer.java:startContainerScrub(337)) - Scheduled background container scanners and the on-demand container scanner have been disabled.
2023-12-01 12:04:09,164 [6dc608fe-50aa-407f-b4f0-db1c149f31c2-EndpointStateMachineTaskThread-/0.0.0.0:15002-0 ] INFO  replication.ReplicationServer (ReplicationServer.java:start(139)) - ReplicationServer is started using port 15061
2023-12-01 12:04:09,164 [6dc608fe-50aa-407f-b4f0-db1c149f31c2-EndpointStateMachineTaskThread-/0.0.0.0:15002-0 ] INFO  ratis.XceiverServerRatis (XceiverServerRatis.java:start(525)) - Starting XceiverServerRatis 6dc608fe-50aa-407f-b4f0-db1c149f31c2
2023-12-01 12:04:09,164 [6dc608fe-50aa-407f-b4f0-db1c149f31c2-EndpointStateMachineTaskThread-/0.0.0.0:15002-0 ] INFO  server.RaftServer (RaftServerProxy.java:startImpl(406)) - 6dc608fe-50aa-407f-b4f0-db1c149f31c2: start RPC server
2023-12-01 12:04:09,165 [6dc608fe-50aa-407f-b4f0-db1c149f31c2-EndpointStateMachineTaskThread-/0.0.0.0:15002-0 ] INFO  server.GrpcService (GrpcService.java:startImpl(302)) - 6dc608fe-50aa-407f-b4f0-db1c149f31c2: GrpcService started, listening on 15057
2023-12-01 12:04:09,166 [6dc608fe-50aa-407f-b4f0-db1c149f31c2-EndpointStateMachineTaskThread-/0.0.0.0:15002-0 ] INFO  server.GrpcService (GrpcService.java:startImpl(302)) - 6dc608fe-50aa-407f-b4f0-db1c149f31c2: GrpcService started, listening on 15059
2023-12-01 12:04:09,167 [6dc608fe-50aa-407f-b4f0-db1c149f31c2-EndpointStateMachineTaskThread-/0.0.0.0:15002-0 ] INFO  server.GrpcService (GrpcService.java:startImpl(302)) - 6dc608fe-50aa-407f-b4f0-db1c149f31c2: GrpcService started, listening on 15058
2023-12-01 12:04:09,167 [6dc608fe-50aa-407f-b4f0-db1c149f31c2-EndpointStateMachineTaskThread-/0.0.0.0:15002-0 ] INFO  ratis.XceiverServerRatis (XceiverServerRatis.java:getRealPort(551)) - XceiverServerRatis 6dc608fe-50aa-407f-b4f0-db1c149f31c2 is started using port 15057 for RATIS
2023-12-01 12:04:09,167 [JvmPauseMonitor7] INFO  util.JvmPauseMonitor (JvmPauseMonitor.java:run(146)) - JvmPauseMonitor-6dc608fe-50aa-407f-b4f0-db1c149f31c2: Started
2023-12-01 12:04:09,167 [6dc608fe-50aa-407f-b4f0-db1c149f31c2-EndpointStateMachineTaskThread-/0.0.0.0:15002-0 ] INFO  ratis.XceiverServerRatis (XceiverServerRatis.java:getRealPort(551)) - XceiverServerRatis 6dc608fe-50aa-407f-b4f0-db1c149f31c2 is started using port 15058 for RATIS_ADMIN
2023-12-01 12:04:09,168 [6dc608fe-50aa-407f-b4f0-db1c149f31c2-EndpointStateMachineTaskThread-/0.0.0.0:15002-0 ] INFO  ratis.XceiverServerRatis (XceiverServerRatis.java:getRealPort(551)) - XceiverServerRatis 6dc608fe-50aa-407f-b4f0-db1c149f31c2 is started using port 15059 for RATIS_SERVER
2023-12-01 12:04:09,168 [6dc608fe-50aa-407f-b4f0-db1c149f31c2-EndpointStateMachineTaskThread-/0.0.0.0:15002-0 ] INFO  ratis.XceiverServerRatis (XceiverServerRatis.java:getRealPort(551)) - XceiverServerRatis 6dc608fe-50aa-407f-b4f0-db1c149f31c2 is started using port 15060 for RATIS_DATASTREAM
2023-12-01 12:04:09,169 [6dc608fe-50aa-407f-b4f0-db1c149f31c2-BlockDeletingService#0] INFO  interfaces.ContainerDeletionChoosingPolicyTemplate (ContainerDeletionChoosingPolicyTemplate.java:chooseContainerForBlockDeletion(85)) - Chosen 0/5000 blocks from 0 candidate containers.
2023-12-01 12:04:10,130 [main] INFO  ozone.MiniOzoneClusterImpl (MiniOzoneClusterImpl.java:lambda$waitForClusterToBeReady$0(229)) - Waiting for nodes to be ready. Got 0 of 6 DN Heartbeats.
2023-12-01 12:04:10,131 [main] INFO  ozone.MiniOzoneClusterImpl (MiniOzoneClusterImpl.java:lambda$waitForClusterToBeReady$0(232)) - Waiting for cluster to exit safe mode
2023-12-01 12:04:10,131 [main] INFO  ozone.MiniOzoneClusterImpl (MiniOzoneClusterImpl.java:lambda$waitForClusterToBeReady$0(234)) - SCM became leader
2023-12-01 12:04:10,384 [IPC Server handler 18 on default port 15002] INFO  net.NetworkTopologyImpl (NetworkTopologyImpl.java:add(124)) - Added a new node: /default-rack/e4101cf6-f8c4-4d95-a998-136b2bec65e8
2023-12-01 12:04:10,388 [IPC Server handler 18 on default port 15002] INFO  node.SCMNodeManager (SCMNodeManager.java:register(405)) - Registered datanode: e4101cf6-f8c4-4d95-a998-136b2bec65e8{ip: 10.1.0.24, host: fv-az1423-675.ei5rwdf52qxuxllzxeqjam05jd.ex.internal.cloudapp.net, ports: [HTTP=15009, CLIENT_RPC=15010, REPLICATION=15016, RATIS=15012, RATIS_ADMIN=15013, RATIS_SERVER=15014, RATIS_DATASTREAM=15015, STANDALONE=15011], networkLocation: /default-rack, certSerialId: null, persistedOpState: null, persistedOpStateExpiryEpochSec: 0}
2023-12-01 12:04:10,391 [EventQueue-NewNodeForNewNodeHandler] INFO  pipeline.BackgroundPipelineCreator (BackgroundPipelineCreator.java:notifyEventTriggered(280)) - trigger a one-shot run on RatisPipelineUtilsThread.
2023-12-01 12:04:10,392 [EventQueue-NodeRegistrationContainerReportForDataNodeSafeModeRule] INFO  safemode.SCMSafeModeManager (DataNodeSafeModeRule.java:process(71)) - SCM in safe mode. 1 DataNodes registered, 3 required.
2023-12-01 12:04:10,393 [EventQueue-NodeRegistrationContainerReportForContainerSafeModeRule] INFO  safemode.SCMSafeModeManager (SCMSafeModeManager.java:validateSafeModeExitRules(200)) - ContainerSafeModeRule rule is successfully validated
2023-12-01 12:04:10,395 [EventQueue-PipelineReportForOneReplicaPipelineSafeModeRule] INFO  safemode.SCMSafeModeManager (SCMSafeModeManager.java:validateSafeModeExitRules(200)) - AtleastOneDatanodeReportedRule rule is successfully validated
2023-12-01 12:04:10,400 [RatisPipelineUtilsThread-0] INFO  pipeline.RatisPipelineProvider (RatisPipelineProvider.java:lambda$create$0(206)) - Sending CreatePipelineCommand for pipeline:PipelineID=0aef8b74-4ee2-4896-9159-ba3fa9f3b49f to datanode:e4101cf6-f8c4-4d95-a998-136b2bec65e8
2023-12-01 12:04:10,409 [RatisPipelineUtilsThread-0] INFO  pipeline.BackgroundPipelineCreator (BackgroundPipelineCreator.java:createPipelines(236)) - Created new pipeline Pipeline[ Id: 0aef8b74-4ee2-4896-9159-ba3fa9f3b49f, Nodes: e4101cf6-f8c4-4d95-a998-136b2bec65e8(fv-az1423-675.ei5rwdf52qxuxllzxeqjam05jd.ex.internal.cloudapp.net/10.1.0.24), ReplicationConfig: RATIS/ONE, State:ALLOCATED, leaderId:, CreationTimestamp2023-12-01T12:04:10.399Z[Etc/UTC]]
2023-12-01 12:04:10,496 [IPC Server handler 19 on default port 15002] INFO  net.NetworkTopologyImpl (NetworkTopologyImpl.java:add(124)) - Added a new node: /default-rack/144aaeee-fb04-48fb-9b63-1a6b7587bad5
2023-12-01 12:04:10,497 [IPC Server handler 19 on default port 15002] INFO  node.SCMNodeManager (SCMNodeManager.java:register(405)) - Registered datanode: 144aaeee-fb04-48fb-9b63-1a6b7587bad5{ip: 10.1.0.24, host: fv-az1423-675.ei5rwdf52qxuxllzxeqjam05jd.ex.internal.cloudapp.net, ports: [HTTP=15018, CLIENT_RPC=15019, REPLICATION=15025, RATIS=15021, RATIS_ADMIN=15022, RATIS_SERVER=15023, RATIS_DATASTREAM=15024, STANDALONE=15020], networkLocation: /default-rack, certSerialId: null, persistedOpState: null, persistedOpStateExpiryEpochSec: 0}
2023-12-01 12:04:10,497 [EventQueue-NodeRegistrationContainerReportForDataNodeSafeModeRule] INFO  safemode.SCMSafeModeManager (DataNodeSafeModeRule.java:process(71)) - SCM in safe mode. 2 DataNodes registered, 3 required.
2023-12-01 12:04:10,497 [EventQueue-NewNodeForNewNodeHandler] INFO  pipeline.BackgroundPipelineCreator (BackgroundPipelineCreator.java:notifyEventTriggered(280)) - trigger a one-shot run on RatisPipelineUtilsThread.
2023-12-01 12:04:10,498 [RatisPipelineUtilsThread-0] INFO  pipeline.RatisPipelineProvider (RatisPipelineProvider.java:lambda$create$0(206)) - Sending CreatePipelineCommand for pipeline:PipelineID=4b25aa6f-6d09-4605-aaaa-57db51f0c6f8 to datanode:144aaeee-fb04-48fb-9b63-1a6b7587bad5
2023-12-01 12:04:10,499 [RatisPipelineUtilsThread-0] INFO  pipeline.BackgroundPipelineCreator (BackgroundPipelineCreator.java:createPipelines(236)) - Created new pipeline Pipeline[ Id: 4b25aa6f-6d09-4605-aaaa-57db51f0c6f8, Nodes: 144aaeee-fb04-48fb-9b63-1a6b7587bad5(fv-az1423-675.ei5rwdf52qxuxllzxeqjam05jd.ex.internal.cloudapp.net/10.1.0.24), ReplicationConfig: RATIS/ONE, State:ALLOCATED, leaderId:, CreationTimestamp2023-12-01T12:04:10.498Z[Etc/UTC]]
2023-12-01 12:04:10,622 [IPC Server handler 17 on default port 15002] INFO  net.NetworkTopologyImpl (NetworkTopologyImpl.java:add(124)) - Added a new node: /default-rack/a2bf02b8-7760-44e6-b399-ad4429aacfa0
2023-12-01 12:04:10,622 [IPC Server handler 17 on default port 15002] INFO  node.SCMNodeManager (SCMNodeManager.java:register(405)) - Registered datanode: a2bf02b8-7760-44e6-b399-ad4429aacfa0{ip: 10.1.0.24, host: fv-az1423-675.ei5rwdf52qxuxllzxeqjam05jd.ex.internal.cloudapp.net, ports: [HTTP=15027, CLIENT_RPC=15028, REPLICATION=15034, RATIS=15030, RATIS_ADMIN=15031, RATIS_SERVER=15032, RATIS_DATASTREAM=15033, STANDALONE=15029], networkLocation: /default-rack, certSerialId: null, persistedOpState: null, persistedOpStateExpiryEpochSec: 0}
2023-12-01 12:04:10,623 [EventQueue-NodeRegistrationContainerReportForDataNodeSafeModeRule] INFO  safemode.SCMSafeModeManager (DataNodeSafeModeRule.java:process(71)) - SCM in safe mode. 3 DataNodes registered, 3 required.
2023-12-01 12:04:10,623 [EventQueue-NewNodeForNewNodeHandler] INFO  pipeline.BackgroundPipelineCreator (BackgroundPipelineCreator.java:notifyEventTriggered(280)) - trigger a one-shot run on RatisPipelineUtilsThread.
2023-12-01 12:04:10,623 [EventQueue-NodeRegistrationContainerReportForDataNodeSafeModeRule] INFO  safemode.SCMSafeModeManager (SCMSafeModeManager.java:validateSafeModeExitRules(200)) - DataNodeSafeModeRule rule is successfully validated
2023-12-01 12:04:10,623 [EventQueue-NodeRegistrationContainerReportForDataNodeSafeModeRule] INFO  safemode.SCMSafeModeManager (SCMSafeModeManager.java:completePreCheck(229)) - All SCM safe mode pre check rules have passed
2023-12-01 12:04:10,623 [EventQueue-NodeRegistrationContainerReportForDataNodeSafeModeRule] INFO  ha.SCMContext (SCMContext.java:updateSafeModeStatus(230)) - Update SafeModeStatus from SafeModeStatus{safeModeStatus=true, preCheckPassed=false} to SafeModeStatus{safeModeStatus=true, preCheckPassed=true}.
2023-12-01 12:04:10,623 [EventQueue-NodeRegistrationContainerReportForDataNodeSafeModeRule] INFO  pipeline.BackgroundPipelineCreator (BackgroundPipelineCreator.java:notifyEventTriggered(280)) - trigger a one-shot run on RatisPipelineUtilsThread.
2023-12-01 12:04:10,625 [RatisPipelineUtilsThread-0] INFO  pipeline.RatisPipelineProvider (RatisPipelineProvider.java:lambda$create$0(206)) - Sending CreatePipelineCommand for pipeline:PipelineID=76ed91d3-0d11-4cfb-a06d-3b1f69638c0d to datanode:a2bf02b8-7760-44e6-b399-ad4429aacfa0
2023-12-01 12:04:10,626 [RatisPipelineUtilsThread-0] INFO  pipeline.BackgroundPipelineCreator (BackgroundPipelineCreator.java:createPipelines(236)) - Created new pipeline Pipeline[ Id: 76ed91d3-0d11-4cfb-a06d-3b1f69638c0d, Nodes: a2bf02b8-7760-44e6-b399-ad4429aacfa0(fv-az1423-675.ei5rwdf52qxuxllzxeqjam05jd.ex.internal.cloudapp.net/10.1.0.24), ReplicationConfig: RATIS/ONE, State:ALLOCATED, leaderId:, CreationTimestamp2023-12-01T12:04:10.625Z[Etc/UTC]]
2023-12-01 12:04:10,629 [RatisPipelineUtilsThread-0] INFO  pipeline.RatisPipelineProvider (RatisPipelineProvider.java:lambda$create$0(206)) - Sending CreatePipelineCommand for pipeline:PipelineID=6b4773d7-470c-4514-b2ab-3ffcffd79986 to datanode:e4101cf6-f8c4-4d95-a998-136b2bec65e8
2023-12-01 12:04:10,629 [RatisPipelineUtilsThread-0] INFO  pipeline.RatisPipelineProvider (RatisPipelineProvider.java:lambda$create$0(206)) - Sending CreatePipelineCommand for pipeline:PipelineID=6b4773d7-470c-4514-b2ab-3ffcffd79986 to datanode:a2bf02b8-7760-44e6-b399-ad4429aacfa0
2023-12-01 12:04:10,629 [RatisPipelineUtilsThread-0] INFO  pipeline.RatisPipelineProvider (RatisPipelineProvider.java:lambda$create$0(206)) - Sending CreatePipelineCommand for pipeline:PipelineID=6b4773d7-470c-4514-b2ab-3ffcffd79986 to datanode:144aaeee-fb04-48fb-9b63-1a6b7587bad5
2023-12-01 12:04:10,631 [RatisPipelineUtilsThread-0] INFO  pipeline.BackgroundPipelineCreator (BackgroundPipelineCreator.java:createPipelines(236)) - Created new pipeline Pipeline[ Id: 6b4773d7-470c-4514-b2ab-3ffcffd79986, Nodes: e4101cf6-f8c4-4d95-a998-136b2bec65e8(fv-az1423-675.ei5rwdf52qxuxllzxeqjam05jd.ex.internal.cloudapp.net/10.1.0.24)a2bf02b8-7760-44e6-b399-ad4429aacfa0(fv-az1423-675.ei5rwdf52qxuxllzxeqjam05jd.ex.internal.cloudapp.net/10.1.0.24)144aaeee-fb04-48fb-9b63-1a6b7587bad5(fv-az1423-675.ei5rwdf52qxuxllzxeqjam05jd.ex.internal.cloudapp.net/10.1.0.24), ReplicationConfig: RATIS/THREE, State:ALLOCATED, leaderId:, CreationTimestamp2023-12-01T12:04:10.629Z[Etc/UTC]]
2023-12-01 12:04:10,631 [RatisPipelineUtilsThread-0] INFO  pipeline.RatisPipelineProvider (RatisPipelineProvider.java:lambda$create$0(206)) - Sending CreatePipelineCommand for pipeline:PipelineID=49a703d6-59fd-410f-b41d-18c264c89aae to datanode:e4101cf6-f8c4-4d95-a998-136b2bec65e8
2023-12-01 12:04:10,632 [RatisPipelineUtilsThread-0] INFO  pipeline.RatisPipelineProvider (RatisPipelineProvider.java:lambda$create$0(206)) - Sending CreatePipelineCommand for pipeline:PipelineID=49a703d6-59fd-410f-b41d-18c264c89aae to datanode:a2bf02b8-7760-44e6-b399-ad4429aacfa0
2023-12-01 12:04:10,632 [RatisPipelineUtilsThread-0] INFO  pipeline.RatisPipelineProvider (RatisPipelineProvider.java:lambda$create$0(206)) - Sending CreatePipelineCommand for pipeline:PipelineID=49a703d6-59fd-410f-b41d-18c264c89aae to datanode:144aaeee-fb04-48fb-9b63-1a6b7587bad5
2023-12-01 12:04:10,633 [RatisPipelineUtilsThread-0] INFO  pipeline.PipelineManagerImpl (PipelineManagerImpl.java:recordMetricsForPipeline(916)) - Pipeline: PipelineID=49a703d6-59fd-410f-b41d-18c264c89aae contains same datanodes as previous pipelines: PipelineID=6b4773d7-470c-4514-b2ab-3ffcffd79986 nodeIds: e4101cf6-f8c4-4d95-a998-136b2bec65e8, a2bf02b8-7760-44e6-b399-ad4429aacfa0, 144aaeee-fb04-48fb-9b63-1a6b7587bad5
2023-12-01 12:04:10,633 [RatisPipelineUtilsThread-0] INFO  pipeline.BackgroundPipelineCreator (BackgroundPipelineCreator.java:createPipelines(236)) - Created new pipeline Pipeline[ Id: 49a703d6-59fd-410f-b41d-18c264c89aae, Nodes: e4101cf6-f8c4-4d95-a998-136b2bec65e8(fv-az1423-675.ei5rwdf52qxuxllzxeqjam05jd.ex.internal.cloudapp.net/10.1.0.24)a2bf02b8-7760-44e6-b399-ad4429aacfa0(fv-az1423-675.ei5rwdf52qxuxllzxeqjam05jd.ex.internal.cloudapp.net/10.1.0.24)144aaeee-fb04-48fb-9b63-1a6b7587bad5(fv-az1423-675.ei5rwdf52qxuxllzxeqjam05jd.ex.internal.cloudapp.net/10.1.0.24), ReplicationConfig: RATIS/THREE, State:ALLOCATED, leaderId:, CreationTimestamp2023-12-01T12:04:10.631Z[Etc/UTC]]
2023-12-01 12:04:10,791 [IPC Server handler 15 on default port 15002] INFO  net.NetworkTopologyImpl (NetworkTopologyImpl.java:add(124)) - Added a new node: /default-rack/a78ad617-b5b5-46fb-9003-310abdef56ad
2023-12-01 12:04:10,791 [IPC Server handler 15 on default port 15002] INFO  node.SCMNodeManager (SCMNodeManager.java:register(405)) - Registered datanode: a78ad617-b5b5-46fb-9003-310abdef56ad{ip: 10.1.0.24, host: fv-az1423-675.ei5rwdf52qxuxllzxeqjam05jd.ex.internal.cloudapp.net, ports: [HTTP=15036, CLIENT_RPC=15037, REPLICATION=15043, RATIS=15039, RATIS_ADMIN=15040, RATIS_SERVER=15041, RATIS_DATASTREAM=15042, STANDALONE=15038], networkLocation: /default-rack, certSerialId: null, persistedOpState: null, persistedOpStateExpiryEpochSec: 0}
2023-12-01 12:04:10,792 [EventQueue-NewNodeForNewNodeHandler] INFO  pipeline.BackgroundPipelineCreator (BackgroundPipelineCreator.java:notifyEventTriggered(280)) - trigger a one-shot run on RatisPipelineUtilsThread.
2023-12-01 12:04:10,793 [RatisPipelineUtilsThread-0] INFO  pipeline.RatisPipelineProvider (RatisPipelineProvider.java:lambda$create$0(206)) - Sending CreatePipelineCommand for pipeline:PipelineID=f357c32d-da3c-4b0e-a1f7-b846def2e57e to datanode:a78ad617-b5b5-46fb-9003-310abdef56ad
2023-12-01 12:04:10,795 [RatisPipelineUtilsThread-0] INFO  pipeline.BackgroundPipelineCreator (BackgroundPipelineCreator.java:createPipelines(236)) - Created new pipeline Pipeline[ Id: f357c32d-da3c-4b0e-a1f7-b846def2e57e, Nodes: a78ad617-b5b5-46fb-9003-310abdef56ad(fv-az1423-675.ei5rwdf52qxuxllzxeqjam05jd.ex.internal.cloudapp.net/10.1.0.24), ReplicationConfig: RATIS/ONE, State:ALLOCATED, leaderId:, CreationTimestamp2023-12-01T12:04:10.793Z[Etc/UTC]]
2023-12-01 12:04:11,013 [IPC Server handler 12 on default port 15002] INFO  net.NetworkTopologyImpl (NetworkTopologyImpl.java:add(124)) - Added a new node: /default-rack/9e3b9079-4dd1-4962-964a-dfdeb60592bf
2023-12-01 12:04:11,014 [IPC Server handler 12 on default port 15002] INFO  node.SCMNodeManager (SCMNodeManager.java:register(405)) - Registered datanode: 9e3b9079-4dd1-4962-964a-dfdeb60592bf{ip: 10.1.0.24, host: fv-az1423-675.ei5rwdf52qxuxllzxeqjam05jd.ex.internal.cloudapp.net, ports: [HTTP=15045, CLIENT_RPC=15046, REPLICATION=15052, RATIS=15048, RATIS_ADMIN=15049, RATIS_SERVER=15050, RATIS_DATASTREAM=15051, STANDALONE=15047], networkLocation: /default-rack, certSerialId: null, persistedOpState: null, persistedOpStateExpiryEpochSec: 0}
2023-12-01 12:04:11,014 [EventQueue-NewNodeForNewNodeHandler] INFO  pipeline.BackgroundPipelineCreator (BackgroundPipelineCreator.java:notifyEventTriggered(280)) - trigger a one-shot run on RatisPipelineUtilsThread.
2023-12-01 12:04:11,015 [RatisPipelineUtilsThread-0] INFO  pipeline.RatisPipelineProvider (RatisPipelineProvider.java:lambda$create$0(206)) - Sending CreatePipelineCommand for pipeline:PipelineID=89277692-41ac-4053-95e7-df74c210c5f0 to datanode:9e3b9079-4dd1-4962-964a-dfdeb60592bf
2023-12-01 12:04:11,016 [RatisPipelineUtilsThread-0] INFO  pipeline.BackgroundPipelineCreator (BackgroundPipelineCreator.java:createPipelines(236)) - Created new pipeline Pipeline[ Id: 89277692-41ac-4053-95e7-df74c210c5f0, Nodes: 9e3b9079-4dd1-4962-964a-dfdeb60592bf(fv-az1423-675.ei5rwdf52qxuxllzxeqjam05jd.ex.internal.cloudapp.net/10.1.0.24), ReplicationConfig: RATIS/ONE, State:ALLOCATED, leaderId:, CreationTimestamp2023-12-01T12:04:11.015Z[Etc/UTC]]
2023-12-01 12:04:11,131 [main] INFO  ozone.MiniOzoneClusterImpl (MiniOzoneClusterImpl.java:lambda$waitForClusterToBeReady$0(229)) - Waiting for nodes to be ready. Got 5 of 6 DN Heartbeats.
2023-12-01 12:04:11,131 [main] INFO  ozone.MiniOzoneClusterImpl (MiniOzoneClusterImpl.java:lambda$waitForClusterToBeReady$0(232)) - Waiting for cluster to exit safe mode
2023-12-01 12:04:11,131 [main] INFO  ozone.MiniOzoneClusterImpl (MiniOzoneClusterImpl.java:lambda$waitForClusterToBeReady$0(234)) - SCM became leader
2023-12-01 12:04:11,136 [IPC Server handler 16 on default port 15002] INFO  net.NetworkTopologyImpl (NetworkTopologyImpl.java:add(124)) - Added a new node: /default-rack/6dc608fe-50aa-407f-b4f0-db1c149f31c2
2023-12-01 12:04:11,136 [IPC Server handler 16 on default port 15002] INFO  node.SCMNodeManager (SCMNodeManager.java:register(405)) - Registered datanode: 6dc608fe-50aa-407f-b4f0-db1c149f31c2{ip: 10.1.0.24, host: fv-az1423-675.ei5rwdf52qxuxllzxeqjam05jd.ex.internal.cloudapp.net, ports: [HTTP=15054, CLIENT_RPC=15055, REPLICATION=15061, RATIS=15057, RATIS_ADMIN=15058, RATIS_SERVER=15059, RATIS_DATASTREAM=15060, STANDALONE=15056], networkLocation: /default-rack, certSerialId: null, persistedOpState: null, persistedOpStateExpiryEpochSec: 0}
2023-12-01 12:04:11,136 [EventQueue-NewNodeForNewNodeHandler] INFO  pipeline.BackgroundPipelineCreator (BackgroundPipelineCreator.java:notifyEventTriggered(280)) - trigger a one-shot run on RatisPipelineUtilsThread.
2023-12-01 12:04:11,137 [RatisPipelineUtilsThread-0] INFO  pipeline.RatisPipelineProvider (RatisPipelineProvider.java:lambda$create$0(206)) - Sending CreatePipelineCommand for pipeline:PipelineID=abee9559-c5ac-4bb3-bb05-7e5bd0ad8a5b to datanode:6dc608fe-50aa-407f-b4f0-db1c149f31c2
2023-12-01 12:04:11,140 [RatisPipelineUtilsThread-0] INFO  pipeline.BackgroundPipelineCreator (BackgroundPipelineCreator.java:createPipelines(236)) - Created new pipeline Pipeline[ Id: abee9559-c5ac-4bb3-bb05-7e5bd0ad8a5b, Nodes: 6dc608fe-50aa-407f-b4f0-db1c149f31c2(fv-az1423-675.ei5rwdf52qxuxllzxeqjam05jd.ex.internal.cloudapp.net/10.1.0.24), ReplicationConfig: RATIS/ONE, State:ALLOCATED, leaderId:, CreationTimestamp2023-12-01T12:04:11.137Z[Etc/UTC]]
2023-12-01 12:04:11,141 [RatisPipelineUtilsThread-0] INFO  pipeline.RatisPipelineProvider (RatisPipelineProvider.java:lambda$create$0(206)) - Sending CreatePipelineCommand for pipeline:PipelineID=2b4dd9e6-4792-4511-8b8f-deffde7c9d9f to datanode:a78ad617-b5b5-46fb-9003-310abdef56ad
2023-12-01 12:04:11,141 [RatisPipelineUtilsThread-0] INFO  pipeline.RatisPipelineProvider (RatisPipelineProvider.java:lambda$create$0(206)) - Sending CreatePipelineCommand for pipeline:PipelineID=2b4dd9e6-4792-4511-8b8f-deffde7c9d9f to datanode:9e3b9079-4dd1-4962-964a-dfdeb60592bf
2023-12-01 12:04:11,141 [RatisPipelineUtilsThread-0] INFO  pipeline.RatisPipelineProvider (RatisPipelineProvider.java:lambda$create$0(206)) - Sending CreatePipelineCommand for pipeline:PipelineID=2b4dd9e6-4792-4511-8b8f-deffde7c9d9f to datanode:6dc608fe-50aa-407f-b4f0-db1c149f31c2
2023-12-01 12:04:11,142 [RatisPipelineUtilsThread-0] INFO  pipeline.BackgroundPipelineCreator (BackgroundPipelineCreator.java:createPipelines(236)) - Created new pipeline Pipeline[ Id: 2b4dd9e6-4792-4511-8b8f-deffde7c9d9f, Nodes: a78ad617-b5b5-46fb-9003-310abdef56ad(fv-az1423-675.ei5rwdf52qxuxllzxeqjam05jd.ex.internal.cloudapp.net/10.1.0.24)9e3b9079-4dd1-4962-964a-dfdeb60592bf(fv-az1423-675.ei5rwdf52qxuxllzxeqjam05jd.ex.internal.cloudapp.net/10.1.0.24)6dc608fe-50aa-407f-b4f0-db1c149f31c2(fv-az1423-675.ei5rwdf52qxuxllzxeqjam05jd.ex.internal.cloudapp.net/10.1.0.24), ReplicationConfig: RATIS/THREE, State:ALLOCATED, leaderId:, CreationTimestamp2023-12-01T12:04:11.141Z[Etc/UTC]]
2023-12-01 12:04:11,143 [RatisPipelineUtilsThread-0] INFO  pipeline.RatisPipelineProvider (RatisPipelineProvider.java:lambda$create$0(206)) - Sending CreatePipelineCommand for pipeline:PipelineID=45f2c43b-d253-4e78-85ad-ceb7bf5298ca to datanode:a78ad617-b5b5-46fb-9003-310abdef56ad
2023-12-01 12:04:11,144 [RatisPipelineUtilsThread-0] INFO  pipeline.RatisPipelineProvider (RatisPipelineProvider.java:lambda$create$0(206)) - Sending CreatePipelineCommand for pipeline:PipelineID=45f2c43b-d253-4e78-85ad-ceb7bf5298ca to datanode:9e3b9079-4dd1-4962-964a-dfdeb60592bf
2023-12-01 12:04:11,144 [RatisPipelineUtilsThread-0] INFO  pipeline.RatisPipelineProvider (RatisPipelineProvider.java:lambda$create$0(206)) - Sending CreatePipelineCommand for pipeline:PipelineID=45f2c43b-d253-4e78-85ad-ceb7bf5298ca to datanode:6dc608fe-50aa-407f-b4f0-db1c149f31c2
2023-12-01 12:04:11,145 [RatisPipelineUtilsThread-0] INFO  pipeline.PipelineManagerImpl (PipelineManagerImpl.java:recordMetricsForPipeline(916)) - Pipeline: PipelineID=45f2c43b-d253-4e78-85ad-ceb7bf5298ca contains same datanodes as previous pipelines: PipelineID=2b4dd9e6-4792-4511-8b8f-deffde7c9d9f nodeIds: a78ad617-b5b5-46fb-9003-310abdef56ad, 9e3b9079-4dd1-4962-964a-dfdeb60592bf, 6dc608fe-50aa-407f-b4f0-db1c149f31c2
2023-12-01 12:04:11,145 [RatisPipelineUtilsThread-0] INFO  pipeline.BackgroundPipelineCreator (BackgroundPipelineCreator.java:createPipelines(236)) - Created new pipeline Pipeline[ Id: 45f2c43b-d253-4e78-85ad-ceb7bf5298ca, Nodes: a78ad617-b5b5-46fb-9003-310abdef56ad(fv-az1423-675.ei5rwdf52qxuxllzxeqjam05jd.ex.internal.cloudapp.net/10.1.0.24)9e3b9079-4dd1-4962-964a-dfdeb60592bf(fv-az1423-675.ei5rwdf52qxuxllzxeqjam05jd.ex.internal.cloudapp.net/10.1.0.24)6dc608fe-50aa-407f-b4f0-db1c149f31c2(fv-az1423-675.ei5rwdf52qxuxllzxeqjam05jd.ex.internal.cloudapp.net/10.1.0.24), ReplicationConfig: RATIS/THREE, State:ALLOCATED, leaderId:, CreationTimestamp2023-12-01T12:04:11.143Z[Etc/UTC]]
2023-12-01 12:04:12,132 [main] INFO  ozone.MiniOzoneClusterImpl (MiniOzoneClusterImpl.java:lambda$waitForClusterToBeReady$0(229)) - Nodes are ready. Got 6 of 6 DN Heartbeats.
2023-12-01 12:04:12,132 [main] INFO  ozone.MiniOzoneClusterImpl (MiniOzoneClusterImpl.java:lambda$waitForClusterToBeReady$0(232)) - Waiting for cluster to exit safe mode
2023-12-01 12:04:12,133 [main] INFO  ozone.MiniOzoneClusterImpl (MiniOzoneClusterImpl.java:lambda$waitForClusterToBeReady$0(234)) - SCM became leader
2023-12-01 12:04:13,133 [main] INFO  ozone.MiniOzoneClusterImpl (MiniOzoneClusterImpl.java:lambda$waitForClusterToBeReady$0(229)) - Nodes are ready. Got 6 of 6 DN Heartbeats.
2023-12-01 12:04:13,133 [main] INFO  ozone.MiniOzoneClusterImpl (MiniOzoneClusterImpl.java:lambda$waitForClusterToBeReady$0(232)) - Waiting for cluster to exit safe mode
2023-12-01 12:04:13,134 [main] INFO  ozone.MiniOzoneClusterImpl (MiniOzoneClusterImpl.java:lambda$waitForClusterToBeReady$0(234)) - SCM became leader
2023-12-01 12:04:13,382 [e4101cf6-f8c4-4d95-a998-136b2bec65e8-PipelineCommandHandlerThread-0] INFO  server.RaftServer (RaftServerProxy.java:addNew(100)) - e4101cf6-f8c4-4d95-a998-136b2bec65e8: addNew group-BA3FA9F3B49F:[e4101cf6-f8c4-4d95-a998-136b2bec65e8|10.1.0.24:15014] returns group-BA3FA9F3B49F:java.util.concurrent.CompletableFuture@168c9bfc[Not completed]
2023-12-01 12:04:13,389 [e4101cf6-f8c4-4d95-a998-136b2bec65e8-groupManagement] INFO  server.RaftServer$Division (RaftServerImpl.java:<init>(256)) - e4101cf6-f8c4-4d95-a998-136b2bec65e8: new RaftServerImpl for group-BA3FA9F3B49F:[e4101cf6-f8c4-4d95-a998-136b2bec65e8|10.1.0.24:15014] with ContainerStateMachine:uninitialized
2023-12-01 12:04:13,390 [e4101cf6-f8c4-4d95-a998-136b2bec65e8-groupManagement] INFO  server.RaftServerConfigKeys (ConfUtils.java:logGet(46)) - raft.server.rpc.timeout.min = 5s (custom)
2023-12-01 12:04:13,390 [e4101cf6-f8c4-4d95-a998-136b2bec65e8-groupManagement] INFO  server.RaftServerConfigKeys (ConfUtils.java:logGet(46)) - raft.server.rpc.timeout.max = 5200ms (custom)
2023-12-01 12:04:13,390 [e4101cf6-f8c4-4d95-a998-136b2bec65e8-groupManagement] INFO  server.RaftServerConfigKeys (ConfUtils.java:logGet(46)) - raft.server.rpc.sleep.time = 25ms (default)
2023-12-01 12:04:13,390 [e4101cf6-f8c4-4d95-a998-136b2bec65e8-groupManagement] INFO  server.RaftServerConfigKeys (ConfUtils.java:logGet(46)) - raft.server.rpc.slowness.timeout = 300s (custom)
2023-12-01 12:04:13,391 [e4101cf6-f8c4-4d95-a998-136b2bec65e8-groupManagement] INFO  server.RaftServerConfigKeys (ConfUtils.java:logGet(46)) - raft.server.leaderelection.leader.step-down.wait-time = 10s (default)
2023-12-01 12:04:13,391 [e4101cf6-f8c4-4d95-a998-136b2bec65e8-groupManagement] INFO  server.RaftServerConfigKeys (ConfUtils.java:logGet(46)) - raft.server.leaderelection.member.majority-add = false (default)
2023-12-01 12:04:13,391 [e4101cf6-f8c4-4d95-a998-136b2bec65e8-groupManagement] INFO  server.RaftServerConfigKeys (ConfUtils.java:logGet(46)) - raft.server.sleep.deviation.threshold = 300ms (default)
2023-12-01 12:04:13,391 [e4101cf6-f8c4-4d95-a998-136b2bec65e8-groupManagement] INFO  server.RaftServer$Division (ServerState.java:<init>(113)) - e4101cf6-f8c4-4d95-a998-136b2bec65e8@group-BA3FA9F3B49F: ConfigurationManager, init=-1: peers:[e4101cf6-f8c4-4d95-a998-136b2bec65e8|10.1.0.24:15014]|listeners:[], old=null, confs=<EMPTY_MAP>
2023-12-01 12:04:13,391 [e4101cf6-f8c4-4d95-a998-136b2bec65e8-groupManagement] INFO  server.RaftServerConfigKeys (ConfUtils.java:logGet(46)) - raft.server.notification.no-leader.timeout = 300s (custom)
2023-12-01 12:04:13,391 [e4101cf6-f8c4-4d95-a998-136b2bec65e8-groupManagement] INFO  server.RaftServerConfigKeys (ConfUtils.java:logGet(46)) - raft.server.read.timeout = 10s (default)
2023-12-01 12:04:13,391 [e4101cf6-f8c4-4d95-a998-136b2bec65e8-groupManagement] INFO  server.RaftServerConfigKeys (ConfUtils.java:logGet(46)) - raft.server.retrycache.expirytime = 600000ms (custom)
2023-12-01 12:04:13,391 [e4101cf6-f8c4-4d95-a998-136b2bec65e8-groupManagement] INFO  server.RaftServerConfigKeys (ConfUtils.java:logGet(46)) - raft.server.retrycache.statistics.expirytime = 100ms (default)
2023-12-01 12:04:13,392 [e4101cf6-f8c4-4d95-a998-136b2bec65e8-groupManagement] INFO  server.RaftServerConfigKeys (ConfUtils.java:logGet(46)) - raft.server.read.option = DEFAULT (default)
2023-12-01 12:04:13,392 [e4101cf6-f8c4-4d95-a998-136b2bec65e8-groupManagement] INFO  server.RaftServerConfigKeys (ConfUtils.java:logGet(46)) - raft.server.read.read-after-write-consistent.write-index-cache.expiry-time = 60s (default)
2023-12-01 12:04:13,401 [e4101cf6-f8c4-4d95-a998-136b2bec65e8-groupManagement] INFO  server.RaftServerConfigKeys (ConfUtils.java:logGet(46)) - raft.server.rpc.request.timeout = 60s (custom)
2023-12-01 12:04:13,401 [e4101cf6-f8c4-4d95-a998-136b2bec65e8-groupManagement] INFO  server.RaftServerConfigKeys (ConfUtils.java:logGet(46)) - raft.server.log.appender.install.snapshot.enabled = false (custom)
2023-12-01 12:04:13,402 [e4101cf6-f8c4-4d95-a998-136b2bec65e8-groupManagement] INFO  server.RaftServerConfigKeys (ConfUtils.java:logGet(46)) - raft.server.threadpool.server.cached = true (default)
2023-12-01 12:04:13,402 [e4101cf6-f8c4-4d95-a998-136b2bec65e8-groupManagement] INFO  server.RaftServerConfigKeys (ConfUtils.java:logGet(46)) - raft.server.threadpool.server.size = 0 (default)
2023-12-01 12:04:13,402 [e4101cf6-f8c4-4d95-a998-136b2bec65e8-groupManagement] INFO  server.RaftServerConfigKeys (ConfUtils.java:logGet(46)) - raft.server.threadpool.client.cached = true (default)
2023-12-01 12:04:13,402 [e4101cf6-f8c4-4d95-a998-136b2bec65e8-groupManagement] INFO  server.RaftServerConfigKeys (ConfUtils.java:logGet(46)) - raft.server.threadpool.client.size = 0 (default)
2023-12-01 12:04:13,402 [e4101cf6-f8c4-4d95-a998-136b2bec65e8-groupManagement] INFO  server.RaftServerConfigKeys (ConfUtils.java:logGet(46)) - raft.server.storage.free-space.min = 0MB (=0) (default)
2023-12-01 12:04:13,402 [e4101cf6-f8c4-4d95-a998-136b2bec65e8-groupManagement] INFO  server.RaftServerConfigKeys (ConfUtils.java:logGet(46)) - raft.server.log.corruption.policy = EXCEPTION (default)
2023-12-01 12:04:13,402 [e4101cf6-f8c4-4d95-a998-136b2bec65e8-groupManagement] INFO  server.RaftServerConfigKeys (ConfUtils.java:logGet(46)) - raft.server.storage.dir = [/home/runner/work/ozone/ozone/hadoop-ozone/integration-test/target/test-dir/MiniOzoneClusterImpl-d99da5cf-54e3-4304-baea-1cefc2b4c4dc/datanode-0/data/ratis] (custom)
2023-12-01 12:04:13,402 [e4101cf6-f8c4-4d95-a998-136b2bec65e8-groupManagement] INFO  storage.RaftStorageDirectory (RaftStorageDirectoryImpl.java:analyzeStorage(138)) - The storage directory /home/runner/work/ozone/ozone/hadoop-ozone/integration-test/target/test-dir/MiniOzoneClusterImpl-d99da5cf-54e3-4304-baea-1cefc2b4c4dc/datanode-0/data/ratis/0aef8b74-4ee2-4896-9159-ba3fa9f3b49f does not exist. Creating ...
2023-12-01 12:04:13,404 [e4101cf6-f8c4-4d95-a998-136b2bec65e8-groupManagement] INFO  storage.RaftStorageDirectory (RaftStorageDirectoryImpl.java:tryLock(232)) - Lock on /home/runner/work/ozone/ozone/hadoop-ozone/integration-test/target/test-dir/MiniOzoneClusterImpl-d99da5cf-54e3-4304-baea-1cefc2b4c4dc/datanode-0/data/ratis/0aef8b74-4ee2-4896-9159-ba3fa9f3b49f/in_use.lock acquired by nodename 15370@fv-az1423-675
2023-12-01 12:04:13,405 [e4101cf6-f8c4-4d95-a998-136b2bec65e8-groupManagement] INFO  storage.RaftStorage (RaftStorageImpl.java:format(97)) - Storage directory /home/runner/work/ozone/ozone/hadoop-ozone/integration-test/target/test-dir/MiniOzoneClusterImpl-d99da5cf-54e3-4304-baea-1cefc2b4c4dc/datanode-0/data/ratis/0aef8b74-4ee2-4896-9159-ba3fa9f3b49f has been successfully formatted.
2023-12-01 12:04:13,410 [e4101cf6-f8c4-4d95-a998-136b2bec65e8-groupManagement] INFO  ratis.ContainerStateMachine (ContainerStateMachine.java:loadSnapshot(269)) - group-BA3FA9F3B49F: The snapshot info is null. Setting the last applied indexto:(t:0, i:~)
2023-12-01 12:04:13,410 [e4101cf6-f8c4-4d95-a998-136b2bec65e8-groupManagement] INFO  server.RaftServerConfigKeys (ConfUtils.java:logGet(46)) - raft.server.log.use.memory = false (default)
2023-12-01 12:04:13,410 [e4101cf6-f8c4-4d95-a998-136b2bec65e8-groupManagement] INFO  server.RaftServerConfigKeys (ConfUtils.java:logGet(46)) - raft.server.log.purge.gap = 1000000 (custom)
2023-12-01 12:04:13,410 [e4101cf6-f8c4-4d95-a998-136b2bec65e8-groupManagement] INFO  server.RaftServerConfigKeys (ConfUtils.java:logGet(46)) - raft.server.log.appender.buffer.byte-limit = 33554432 (custom)
2023-12-01 12:04:13,410 [e4101cf6-f8c4-4d95-a998-136b2bec65e8-groupManagement] INFO  server.RaftServerConfigKeys (ConfUtils.java:logGet(46)) - raft.server.log.statemachine.data.read.timeout = 1000ms (default)
2023-12-01 12:04:13,410 [e4101cf6-f8c4-4d95-a998-136b2bec65e8-groupManagement] INFO  server.RaftServerConfigKeys (ConfUtils.java:logGet(46)) - raft.server.log.purge.preservation.log.num = 0 (default)
2023-12-01 12:04:13,416 [e4101cf6-f8c4-4d95-a998-136b2bec65e8-groupManagement] INFO  server.RaftServerConfigKeys (ConfUtils.java:logGet(46)) - raft.server.log.segment.size.max = 67108864 (custom)
2023-12-01 12:04:13,419 [e4101cf6-f8c4-4d95-a998-136b2bec65e8-groupManagement] INFO  server.RaftServerConfigKeys (ConfUtils.java:logGet(46)) - raft.server.log.segment.cache.num.max = 2 (custom)
2023-12-01 12:04:13,419 [e4101cf6-f8c4-4d95-a998-136b2bec65e8-groupManagement] INFO  server.RaftServerConfigKeys (ConfUtils.java:logGet(46)) - raft.server.log.segment.cache.size.max = 200MB (=209715200) (default)
2023-12-01 12:04:13,420 [e4101cf6-f8c4-4d95-a998-136b2bec65e8-groupManagement] INFO  server.RaftServerConfigKeys (ConfUtils.java:logGet(46)) - raft.server.log.appender.buffer.byte-limit = 33554432 (custom)
2023-12-01 12:04:13,420 [e4101cf6-f8c4-4d95-a998-136b2bec65e8-groupManagement] INFO  util.AwaitToRun (AwaitToRun.java:start(81)) - Thread[e4101cf6-f8c4-4d95-a998-136b2bec65e8@group-BA3FA9F3B49F-cacheEviction-AwaitToRun,5,main] started
2023-12-01 12:04:13,420 [e4101cf6-f8c4-4d95-a998-136b2bec65e8-groupManagement] INFO  segmented.SegmentedRaftLogWorker (SegmentedRaftLogWorker.java:<init>(184)) - new e4101cf6-f8c4-4d95-a998-136b2bec65e8@group-BA3FA9F3B49F-SegmentedRaftLogWorker for RaftStorageImpl:Storage Directory /home/runner/work/ozone/ozone/hadoop-ozone/integration-test/target/test-dir/MiniOzoneClusterImpl-d99da5cf-54e3-4304-baea-1cefc2b4c4dc/datanode-0/data/ratis/0aef8b74-4ee2-4896-9159-ba3fa9f3b49f
2023-12-01 12:04:13,420 [e4101cf6-f8c4-4d95-a998-136b2bec65e8-groupManagement] INFO  server.RaftServerConfigKeys (ConfUtils.java:logGet(46)) - raft.server.log.queue.byte-limit = 4294967296 (custom)
2023-12-01 12:04:13,420 [e4101cf6-f8c4-4d95-a998-136b2bec65e8-groupManagement] INFO  server.RaftServerConfigKeys (ConfUtils.java:logGet(46)) - raft.server.log.queue.element-limit = 1024 (custom)
2023-12-01 12:04:13,420 [e4101cf6-f8c4-4d95-a998-136b2bec65e8-groupManagement] INFO  server.RaftServerConfigKeys (ConfUtils.java:logGet(46)) - raft.server.log.segment.size.max = 67108864 (custom)
2023-12-01 12:04:13,420 [e4101cf6-f8c4-4d95-a998-136b2bec65e8-groupManagement] INFO  server.RaftServerConfigKeys (ConfUtils.java:logGet(46)) - raft.server.log.preallocated.size = 4194304 (custom)
2023-12-01 12:04:13,420 [e4101cf6-f8c4-4d95-a998-136b2bec65e8-groupManagement] INFO  server.RaftServerConfigKeys (ConfUtils.java:logGet(46)) - raft.server.log.force.sync.num = 128 (default)
2023-12-01 12:04:13,420 [e4101cf6-f8c4-4d95-a998-136b2bec65e8-groupManagement] INFO  server.RaftServerConfigKeys (ConfUtils.java:logGet(46)) - raft.server.log.statemachine.data.sync = true (default)
2023-12-01 12:04:13,421 [e4101cf6-f8c4-4d95-a998-136b2bec65e8-groupManagement] INFO  server.RaftServerConfigKeys (ConfUtils.java:logGet(46)) - raft.server.log.statemachine.data.sync.timeout = 10s (default)
2023-12-01 12:04:13,421 [e4101cf6-f8c4-4d95-a998-136b2bec65e8-groupManagement] INFO  server.RaftServerConfigKeys (ConfUtils.java:logGet(46)) - raft.server.log.statemachine.data.sync.timeout.retry = -1 (default)
2023-12-01 12:04:13,422 [e4101cf6-f8c4-4d95-a998-136b2bec65e8-groupManagement] INFO  server.RaftServerConfigKeys (ConfUtils.java:logGet(46)) - raft.server.log.write.buffer.size = 2097152 (custom)
2023-12-01 12:04:13,423 [e4101cf6-f8c4-4d95-a998-136b2bec65e8-groupManagement] INFO  server.RaftServerConfigKeys (ConfUtils.java:logGet(46)) - raft.server.log.appender.buffer.byte-limit = 33554432 (custom)
2023-12-01 12:04:13,424 [e4101cf6-f8c4-4d95-a998-136b2bec65e8-groupManagement] INFO  server.RaftServerConfigKeys (ConfUtils.java:logGet(46)) - raft.server.log.unsafe-flush.enabled = false (default)
2023-12-01 12:04:13,424 [e4101cf6-f8c4-4d95-a998-136b2bec65e8-groupManagement] INFO  server.RaftServerConfigKeys (ConfUtils.java:logGet(46)) - raft.server.log.async-flush.enabled = false (default)
2023-12-01 12:04:13,424 [e4101cf6-f8c4-4d95-a998-136b2bec65e8-groupManagement] INFO  server.RaftServerConfigKeys (ConfUtils.java:logGet(46)) - raft.server.log.statemachine.data.caching.enabled = true (custom)
2023-12-01 12:04:13,424 [e4101cf6-f8c4-4d95-a998-136b2bec65e8-groupManagement] INFO  segmented.SegmentedRaftLogWorker (SegmentedRaftLogWorker.java:lambda$new$0(135)) - e4101cf6-f8c4-4d95-a998-136b2bec65e8@group-BA3FA9F3B49F-SegmentedRaftLogWorker: flushIndex: setUnconditionally 0 -> -1
2023-12-01 12:04:13,424 [e4101cf6-f8c4-4d95-a998-136b2bec65e8-groupManagement] INFO  segmented.SegmentedRaftLogWorker (SegmentedRaftLogWorker.java:lambda$new$0(135)) - e4101cf6-f8c4-4d95-a998-136b2bec65e8@group-BA3FA9F3B49F-SegmentedRaftLogWorker: safeCacheEvictIndex: setUnconditionally 0 -> -1
2023-12-01 12:04:13,426 [EventQueue-PipelineReportForPipelineReportHandler] INFO  pipeline.PipelineReportHandler (PipelineReportHandler.java:processPipelineReport(136)) - Opened pipeline PipelineID=0aef8b74-4ee2-4896-9159-ba3fa9f3b49f
2023-12-01 12:04:13,428 [e4101cf6-f8c4-4d95-a998-136b2bec65e8-groupManagement] INFO  server.RaftServer$Division (RaftServerImpl.java:start(392)) - e4101cf6-f8c4-4d95-a998-136b2bec65e8@group-BA3FA9F3B49F: start as a follower, conf=-1: peers:[e4101cf6-f8c4-4d95-a998-136b2bec65e8|10.1.0.24:15014]|listeners:[], old=null
2023-12-01 12:04:13,428 [EventQueue-OpenPipelineForHealthyPipelineSafeModeRule] INFO  safemode.SCMSafeModeManager (HealthyPipelineSafeModeRule.java:process(137)) - SCM in safe mode. Healthy pipelines reported count is 0, required healthy pipeline reported count is 1
2023-12-01 12:04:13,428 [e4101cf6-f8c4-4d95-a998-136b2bec65e8-groupManagement] INFO  server.RaftServer$Division (RaftServerImpl.java:setRole(379)) - e4101cf6-f8c4-4d95-a998-136b2bec65e8@group-BA3FA9F3B49F: changes role from      null to FOLLOWER at term 0 for startAsFollower
2023-12-01 12:04:13,428 [e4101cf6-f8c4-4d95-a998-136b2bec65e8-groupManagement] INFO  impl.RoleInfo (RoleInfo.java:updateAndGet(139)) - e4101cf6-f8c4-4d95-a998-136b2bec65e8: start e4101cf6-f8c4-4d95-a998-136b2bec65e8@group-BA3FA9F3B49F-FollowerState
2023-12-01 12:04:13,429 [e4101cf6-f8c4-4d95-a998-136b2bec65e8-groupManagement] INFO  util.JmxRegister (JmxRegister.java:tryRegister(44)) - Successfully registered JMX Bean with object name Ratis:service=RaftServer,group=group-BA3FA9F3B49F,id=e4101cf6-f8c4-4d95-a998-136b2bec65e8
2023-12-01 12:04:13,429 [e4101cf6-f8c4-4d95-a998-136b2bec65e8-groupManagement] INFO  server.RaftServerConfigKeys (ConfUtils.java:logGet(46)) - raft.server.snapshot.trigger-when-stop.enabled = true (default)
2023-12-01 12:04:13,429 [e4101cf6-f8c4-4d95-a998-136b2bec65e8-groupManagement] INFO  server.RaftServerConfigKeys (ConfUtils.java:logGet(46)) - raft.server.snapshot.auto.trigger.enabled = true (custom)
2023-12-01 12:04:13,429 [e4101cf6-f8c4-4d95-a998-136b2bec65e8-groupManagement] INFO  server.RaftServerConfigKeys (ConfUtils.java:logGet(46)) - raft.server.snapshot.auto.trigger.threshold = 10000 (custom)
2023-12-01 12:04:13,429 [e4101cf6-f8c4-4d95-a998-136b2bec65e8-groupManagement] INFO  server.RaftServerConfigKeys (ConfUtils.java:logGet(46)) - raft.server.snapshot.retention.file.num = 5 (custom)
2023-12-01 12:04:13,429 [e4101cf6-f8c4-4d95-a998-136b2bec65e8-groupManagement] INFO  server.RaftServerConfigKeys (ConfUtils.java:logGet(46)) - raft.server.log.purge.upto.snapshot.index = false (default)
2023-12-01 12:04:13,429 [e4101cf6-f8c4-4d95-a998-136b2bec65e8@group-BA3FA9F3B49F-FollowerState] INFO  server.RaftServerConfigKeys (ConfUtils.java:logFallback(53)) - raft.server.rpc.first-election.timeout.min = 5s (fallback to raft.server.rpc.timeout.min)
2023-12-01 12:04:13,430 [e4101cf6-f8c4-4d95-a998-136b2bec65e8@group-BA3FA9F3B49F-FollowerState] INFO  server.RaftServerConfigKeys (ConfUtils.java:logFallback(53)) - raft.server.rpc.first-election.timeout.max = 5200ms (fallback to raft.server.rpc.timeout.max)
2023-12-01 12:04:13,436 [e4101cf6-f8c4-4d95-a998-136b2bec65e8-PipelineCommandHandlerThread-0] INFO  ratis.XceiverServerRatis (XceiverServerRatis.java:addGroup(814)) - Created group PipelineID=0aef8b74-4ee2-4896-9159-ba3fa9f3b49f
2023-12-01 12:04:13,437 [e4101cf6-f8c4-4d95-a998-136b2bec65e8-PipelineCommandHandlerThread-0] INFO  commandhandler.CreatePipelineCommandHandler (CreatePipelineCommandHandler.java:lambda$handle$2(124)) - Created Pipeline RATIS ONE PipelineID=0aef8b74-4ee2-4896-9159-ba3fa9f3b49f.
2023-12-01 12:04:13,437 [e4101cf6-f8c4-4d95-a998-136b2bec65e8-PipelineCommandHandlerThread-0] INFO  server.RaftServer (RaftServerProxy.java:addNew(100)) - e4101cf6-f8c4-4d95-a998-136b2bec65e8: addNew group-3FFCFFD79986:[144aaeee-fb04-48fb-9b63-1a6b7587bad5|10.1.0.24:15023, e4101cf6-f8c4-4d95-a998-136b2bec65e8|10.1.0.24:15014, a2bf02b8-7760-44e6-b399-ad4429aacfa0|10.1.0.24:15032] returns group-3FFCFFD79986:java.util.concurrent.CompletableFuture@409ef353[Not completed]
2023-12-01 12:04:13,438 [e4101cf6-f8c4-4d95-a998-136b2bec65e8-groupManagement] INFO  server.RaftServer$Division (RaftServerImpl.java:<init>(256)) - e4101cf6-f8c4-4d95-a998-136b2bec65e8: new RaftServerImpl for group-3FFCFFD79986:[144aaeee-fb04-48fb-9b63-1a6b7587bad5|10.1.0.24:15023, e4101cf6-f8c4-4d95-a998-136b2bec65e8|10.1.0.24:15014, a2bf02b8-7760-44e6-b399-ad4429aacfa0|10.1.0.24:15032] with ContainerStateMachine:uninitialized
2023-12-01 12:04:13,438 [e4101cf6-f8c4-4d95-a998-136b2bec65e8-groupManagement] INFO  server.RaftServerConfigKeys (ConfUtils.java:logGet(46)) - raft.server.rpc.timeout.min = 5s (custom)
2023-12-01 12:04:13,438 [e4101cf6-f8c4-4d95-a998-136b2bec65e8-groupManagement] INFO  server.RaftServerConfigKeys (ConfUtils.java:logGet(46)) - raft.server.rpc.timeout.max = 5200ms (custom)
2023-12-01 12:04:13,439 [e4101cf6-f8c4-4d95-a998-136b2bec65e8-groupManagement] INFO  server.RaftServerConfigKeys (ConfUtils.java:logGet(46)) - raft.server.rpc.sleep.time = 25ms (default)
2023-12-01 12:04:13,439 [e4101cf6-f8c4-4d95-a998-136b2bec65e8-groupManagement] INFO  server.RaftServerConfigKeys (ConfUtils.java:logGet(46)) - raft.server.rpc.slowness.timeout = 300s (custom)
2023-12-01 12:04:13,439 [e4101cf6-f8c4-4d95-a998-136b2bec65e8-groupManagement] INFO  server.RaftServerConfigKeys (ConfUtils.java:logGet(46)) - raft.server.leaderelection.leader.step-down.wait-time = 10s (default)
2023-12-01 12:04:13,439 [e4101cf6-f8c4-4d95-a998-136b2bec65e8-groupManagement] INFO  server.RaftServerConfigKeys (ConfUtils.java:logGet(46)) - raft.server.leaderelection.member.majority-add = false (default)
2023-12-01 12:04:13,439 [e4101cf6-f8c4-4d95-a998-136b2bec65e8-groupManagement] INFO  server.RaftServerConfigKeys (ConfUtils.java:logGet(46)) - raft.server.sleep.deviation.threshold = 300ms (default)
2023-12-01 12:04:13,439 [e4101cf6-f8c4-4d95-a998-136b2bec65e8-groupManagement] INFO  server.RaftServer$Division (ServerState.java:<init>(113)) - e4101cf6-f8c4-4d95-a998-136b2bec65e8@group-3FFCFFD79986: ConfigurationManager, init=-1: peers:[144aaeee-fb04-48fb-9b63-1a6b7587bad5|10.1.0.24:15023, e4101cf6-f8c4-4d95-a998-136b2bec65e8|10.1.0.24:15014, a2bf02b8-7760-44e6-b399-ad4429aacfa0|10.1.0.24:15032]|listeners:[], old=null, confs=<EMPTY_MAP>
2023-12-01 12:04:13,439 [e4101cf6-f8c4-4d95-a998-136b2bec65e8-groupManagement] INFO  server.RaftServerConfigKeys (ConfUtils.java:logGet(46)) - raft.server.notification.no-leader.timeout = 300s (custom)
2023-12-01 12:04:13,439 [e4101cf6-f8c4-4d95-a998-136b2bec65e8-groupManagement] INFO  server.RaftServerConfigKeys (ConfUtils.java:logGet(46)) - raft.server.read.timeout = 10s (default)
2023-12-01 12:04:13,439 [e4101cf6-f8c4-4d95-a998-136b2bec65e8-groupManagement] INFO  server.RaftServerConfigKeys (ConfUtils.java:logGet(46)) - raft.server.retrycache.expirytime = 600000ms (custom)
2023-12-01 12:04:13,439 [e4101cf6-f8c4-4d95-a998-136b2bec65e8-groupManagement] INFO  server.RaftServerConfigKeys (ConfUtils.java:logGet(46)) - raft.server.retrycache.statistics.expirytime = 100ms (default)
2023-12-01 12:04:13,439 [e4101cf6-f8c4-4d95-a998-136b2bec65e8-groupManagement] INFO  server.RaftServerConfigKeys (ConfUtils.java:logGet(46)) - raft.server.read.option = DEFAULT (default)
2023-12-01 12:04:13,439 [e4101cf6-f8c4-4d95-a998-136b2bec65e8-groupManagement] INFO  server.RaftServerConfigKeys (ConfUtils.java:logGet(46)) - raft.server.read.read-after-write-consistent.write-index-cache.expiry-time = 60s (default)
2023-12-01 12:04:13,446 [e4101cf6-f8c4-4d95-a998-136b2bec65e8-groupManagement] INFO  server.RaftServerConfigKeys (ConfUtils.java:logGet(46)) - raft.server.rpc.request.timeout = 60s (custom)
2023-12-01 12:04:13,446 [e4101cf6-f8c4-4d95-a998-136b2bec65e8-groupManagement] INFO  server.RaftServerConfigKeys (ConfUtils.java:logGet(46)) - raft.server.log.appender.install.snapshot.enabled = false (custom)
2023-12-01 12:04:13,446 [e4101cf6-f8c4-4d95-a998-136b2bec65e8-groupManagement] INFO  server.RaftServerConfigKeys (ConfUtils.java:logGet(46)) - raft.server.threadpool.server.cached = true (default)
2023-12-01 12:04:13,446 [e4101cf6-f8c4-4d95-a998-136b2bec65e8-groupManagement] INFO  server.RaftServerConfigKeys (ConfUtils.java:logGet(46)) - raft.server.threadpool.server.size = 0 (default)
2023-12-01 12:04:13,446 [e4101cf6-f8c4-4d95-a998-136b2bec65e8-groupManagement] INFO  server.RaftServerConfigKeys (ConfUtils.java:logGet(46)) - raft.server.threadpool.client.cached = true (default)
2023-12-01 12:04:13,446 [e4101cf6-f8c4-4d95-a998-136b2bec65e8-groupManagement] INFO  server.RaftServerConfigKeys (ConfUtils.java:logGet(46)) - raft.server.threadpool.client.size = 0 (default)
2023-12-01 12:04:13,446 [e4101cf6-f8c4-4d95-a998-136b2bec65e8-groupManagement] INFO  server.RaftServerConfigKeys (ConfUtils.java:logGet(46)) - raft.server.storage.free-space.min = 0MB (=0) (default)
2023-12-01 12:04:13,447 [e4101cf6-f8c4-4d95-a998-136b2bec65e8-groupManagement] INFO  server.RaftServerConfigKeys (ConfUtils.java:logGet(46)) - raft.server.log.corruption.policy = EXCEPTION (default)
2023-12-01 12:04:13,447 [e4101cf6-f8c4-4d95-a998-136b2bec65e8-groupManagement] INFO  server.RaftServerConfigKeys (ConfUtils.java:logGet(46)) - raft.server.storage.dir = [/home/runner/work/ozone/ozone/hadoop-ozone/integration-test/target/test-dir/MiniOzoneClusterImpl-d99da5cf-54e3-4304-baea-1cefc2b4c4dc/datanode-0/data/ratis] (custom)
2023-12-01 12:04:13,447 [e4101cf6-f8c4-4d95-a998-136b2bec65e8-groupManagement] INFO  storage.RaftStorageDirectory (RaftStorageDirectoryImpl.java:analyzeStorage(138)) - The storage directory /home/runner/work/ozone/ozone/hadoop-ozone/integration-test/target/test-dir/MiniOzoneClusterImpl-d99da5cf-54e3-4304-baea-1cefc2b4c4dc/datanode-0/data/ratis/6b4773d7-470c-4514-b2ab-3ffcffd79986 does not exist. Creating ...
2023-12-01 12:04:13,448 [e4101cf6-f8c4-4d95-a998-136b2bec65e8-groupManagement] INFO  storage.RaftStorageDirectory (RaftStorageDirectoryImpl.java:tryLock(232)) - Lock on /home/runner/work/ozone/ozone/hadoop-ozone/integration-test/target/test-dir/MiniOzoneClusterImpl-d99da5cf-54e3-4304-baea-1cefc2b4c4dc/datanode-0/data/ratis/6b4773d7-470c-4514-b2ab-3ffcffd79986/in_use.lock acquired by nodename 15370@fv-az1423-675
2023-12-01 12:04:13,450 [e4101cf6-f8c4-4d95-a998-136b2bec65e8-groupManagement] INFO  storage.RaftStorage (RaftStorageImpl.java:format(97)) - Storage directory /home/runner/work/ozone/ozone/hadoop-ozone/integration-test/target/test-dir/MiniOzoneClusterImpl-d99da5cf-54e3-4304-baea-1cefc2b4c4dc/datanode-0/data/ratis/6b4773d7-470c-4514-b2ab-3ffcffd79986 has been successfully formatted.
2023-12-01 12:04:13,456 [EventQueue-OpenPipelineForHealthyPipelineSafeModeRule] INFO  safemode.SCMSafeModeManager (HealthyPipelineSafeModeRule.java:process(137)) - SCM in safe mode. Healthy pipelines reported count is 0, required healthy pipeline reported count is 1
2023-12-01 12:04:13,456 [e4101cf6-f8c4-4d95-a998-136b2bec65e8-groupManagement] INFO  ratis.ContainerStateMachine (ContainerStateMachine.java:loadSnapshot(269)) - group-3FFCFFD79986: The snapshot info is null. Setting the last applied indexto:(t:0, i:~)
2023-12-01 12:04:13,459 [e4101cf6-f8c4-4d95-a998-136b2bec65e8-groupManagement] INFO  server.RaftServerConfigKeys (ConfUtils.java:logGet(46)) - raft.server.log.use.memory = false (default)
2023-12-01 12:04:13,459 [e4101cf6-f8c4-4d95-a998-136b2bec65e8-groupManagement] INFO  server.RaftServerConfigKeys (ConfUtils.java:logGet(46)) - raft.server.log.purge.gap = 1000000 (custom)
2023-12-01 12:04:13,460 [e4101cf6-f8c4-4d95-a998-136b2bec65e8-groupManagement] INFO  server.RaftServerConfigKeys (ConfUtils.java:logGet(46)) - raft.server.log.appender.buffer.byte-limit = 33554432 (custom)
2023-12-01 12:04:13,460 [e4101cf6-f8c4-4d95-a998-136b2bec65e8-groupManagement] INFO  server.RaftServerConfigKeys (ConfUtils.java:logGet(46)) - raft.server.log.statemachine.data.read.timeout = 1000ms (default)
2023-12-01 12:04:13,460 [e4101cf6-f8c4-4d95-a998-136b2bec65e8-groupManagement] INFO  server.RaftServerConfigKeys (ConfUtils.java:logGet(46)) - raft.server.log.purge.preservation.log.num = 0 (default)
2023-12-01 12:04:13,463 [e4101cf6-f8c4-4d95-a998-136b2bec65e8-groupManagement] INFO  server.RaftServerConfigKeys (ConfUtils.java:logGet(46)) - raft.server.log.segment.size.max = 67108864 (custom)
2023-12-01 12:04:13,464 [e4101cf6-f8c4-4d95-a998-136b2bec65e8-groupManagement] INFO  server.RaftServerConfigKeys (ConfUtils.java:logGet(46)) - raft.server.log.segment.cache.num.max = 2 (custom)
2023-12-01 12:04:13,464 [e4101cf6-f8c4-4d95-a998-136b2bec65e8-groupManagement] INFO  server.RaftServerConfigKeys (ConfUtils.java:logGet(46)) - raft.server.log.segment.cache.size.max = 200MB (=209715200) (default)
2023-12-01 12:04:13,464 [e4101cf6-f8c4-4d95-a998-136b2bec65e8-groupManagement] INFO  server.RaftServerConfigKeys (ConfUtils.java:logGet(46)) - raft.server.log.appender.buffer.byte-limit = 33554432 (custom)
2023-12-01 12:04:13,467 [e4101cf6-f8c4-4d95-a998-136b2bec65e8-groupManagement] INFO  util.AwaitToRun (AwaitToRun.java:start(81)) - Thread[e4101cf6-f8c4-4d95-a998-136b2bec65e8@group-3FFCFFD79986-cacheEviction-AwaitToRun,5,main] started
2023-12-01 12:04:13,467 [e4101cf6-f8c4-4d95-a998-136b2bec65e8-groupManagement] INFO  segmented.SegmentedRaftLogWorker (SegmentedRaftLogWorker.java:<init>(184)) - new e4101cf6-f8c4-4d95-a998-136b2bec65e8@group-3FFCFFD79986-SegmentedRaftLogWorker for RaftStorageImpl:Storage Directory /home/runner/work/ozone/ozone/hadoop-ozone/integration-test/target/test-dir/MiniOzoneClusterImpl-d99da5cf-54e3-4304-baea-1cefc2b4c4dc/datanode-0/data/ratis/6b4773d7-470c-4514-b2ab-3ffcffd79986
2023-12-01 12:04:13,467 [e4101cf6-f8c4-4d95-a998-136b2bec65e8-groupManagement] INFO  server.RaftServerConfigKeys (ConfUtils.java:logGet(46)) - raft.server.log.queue.byte-limit = 4294967296 (custom)
2023-12-01 12:04:13,467 [e4101cf6-f8c4-4d95-a998-136b2bec65e8-groupManagement] INFO  server.RaftServerConfigKeys (ConfUtils.java:logGet(46)) - raft.server.log.queue.element-limit = 1024 (custom)
2023-12-01 12:04:13,468 [e4101cf6-f8c4-4d95-a998-136b2bec65e8-groupManagement] INFO  server.RaftServerConfigKeys (ConfUtils.java:logGet(46)) - raft.server.log.segment.size.max = 67108864 (custom)
2023-12-01 12:04:13,468 [e4101cf6-f8c4-4d95-a998-136b2bec65e8-groupManagement] INFO  server.RaftServerConfigKeys (ConfUtils.java:logGet(46)) - raft.server.log.preallocated.size = 4194304 (custom)
2023-12-01 12:04:13,468 [e4101cf6-f8c4-4d95-a998-136b2bec65e8-groupManagement] INFO  server.RaftServerConfigKeys (ConfUtils.java:logGet(46)) - raft.server.log.force.sync.num = 128 (default)
2023-12-01 12:04:13,468 [e4101cf6-f8c4-4d95-a998-136b2bec65e8-groupManagement] INFO  server.RaftServerConfigKeys (ConfUtils.java:logGet(46)) - raft.server.log.statemachine.data.sync = true (default)
2023-12-01 12:04:13,468 [e4101cf6-f8c4-4d95-a998-136b2bec65e8-groupManagement] INFO  server.RaftServerConfigKeys (ConfUtils.java:logGet(46)) - raft.server.log.statemachine.data.sync.timeout = 10s (default)
2023-12-01 12:04:13,468 [e4101cf6-f8c4-4d95-a998-136b2bec65e8-groupManagement] INFO  server.RaftServerConfigKeys (ConfUtils.java:logGet(46)) - raft.server.log.statemachine.data.sync.timeout.retry = -1 (default)
2023-12-01 12:04:13,469 [e4101cf6-f8c4-4d95-a998-136b2bec65e8-groupManagement] INFO  server.RaftServerConfigKeys (ConfUtils.java:logGet(46)) - raft.server.log.write.buffer.size = 2097152 (custom)
2023-12-01 12:04:13,470 [e4101cf6-f8c4-4d95-a998-136b2bec65e8-groupManagement] INFO  server.RaftServerConfigKeys (ConfUtils.java:logGet(46)) - raft.server.log.appender.buffer.byte-limit = 33554432 (custom)
2023-12-01 12:04:13,471 [e4101cf6-f8c4-4d95-a998-136b2bec65e8-groupManagement] INFO  server.RaftServerConfigKeys (ConfUtils.java:logGet(46)) - raft.server.log.unsafe-flush.enabled = false (default)
2023-12-01 12:04:13,471 [e4101cf6-f8c4-4d95-a998-136b2bec65e8-groupManagement] INFO  server.RaftServerConfigKeys (ConfUtils.java:logGet(46)) - raft.server.log.async-flush.enabled = false (default)
2023-12-01 12:04:13,471 [e4101cf6-f8c4-4d95-a998-136b2bec65e8-groupManagement] INFO  server.RaftServerConfigKeys (ConfUtils.java:logGet(46)) - raft.server.log.statemachine.data.caching.enabled = true (custom)
2023-12-01 12:04:13,472 [e4101cf6-f8c4-4d95-a998-136b2bec65e8-groupManagement] INFO  segmented.SegmentedRaftLogWorker (SegmentedRaftLogWorker.java:lambda$new$0(135)) - e4101cf6-f8c4-4d95-a998-136b2bec65e8@group-3FFCFFD79986-SegmentedRaftLogWorker: flushIndex: setUnconditionally 0 -> -1
2023-12-01 12:04:13,472 [e4101cf6-f8c4-4d95-a998-136b2bec65e8-groupManagement] INFO  segmented.SegmentedRaftLogWorker (SegmentedRaftLogWorker.java:lambda$new$0(135)) - e4101cf6-f8c4-4d95-a998-136b2bec65e8@group-3FFCFFD79986-SegmentedRaftLogWorker: safeCacheEvictIndex: setUnconditionally 0 -> -1
2023-12-01 12:04:13,472 [e4101cf6-f8c4-4d95-a998-136b2bec65e8-groupManagement] INFO  server.RaftServer$Division (RaftServerImpl.java:start(392)) - e4101cf6-f8c4-4d95-a998-136b2bec65e8@group-3FFCFFD79986: start as a follower, conf=-1: peers:[144aaeee-fb04-48fb-9b63-1a6b7587bad5|10.1.0.24:15023, e4101cf6-f8c4-4d95-a998-136b2bec65e8|10.1.0.24:15014, a2bf02b8-7760-44e6-b399-ad4429aacfa0|10.1.0.24:15032]|listeners:[], old=null
2023-12-01 12:04:13,472 [e4101cf6-f8c4-4d95-a998-136b2bec65e8-groupManagement] INFO  server.RaftServer$Division (RaftServerImpl.java:setRole(379)) - e4101cf6-f8c4-4d95-a998-136b2bec65e8@group-3FFCFFD79986: changes role from      null to FOLLOWER at term 0 for startAsFollower
2023-12-01 12:04:13,472 [e4101cf6-f8c4-4d95-a998-136b2bec65e8-groupManagement] INFO  impl.RoleInfo (RoleInfo.java:updateAndGet(139)) - e4101cf6-f8c4-4d95-a998-136b2bec65e8: start e4101cf6-f8c4-4d95-a998-136b2bec65e8@group-3FFCFFD79986-FollowerState
2023-12-01 12:04:13,472 [e4101cf6-f8c4-4d95-a998-136b2bec65e8-groupManagement] INFO  util.JmxRegister (JmxRegister.java:tryRegister(44)) - Successfully registered JMX Bean with object name Ratis:service=RaftServer,group=group-3FFCFFD79986,id=e4101cf6-f8c4-4d95-a998-136b2bec65e8
2023-12-01 12:04:13,472 [e4101cf6-f8c4-4d95-a998-136b2bec65e8-groupManagement] INFO  server.RaftServerConfigKeys (ConfUtils.java:logGet(46)) - raft.server.snapshot.trigger-when-stop.enabled = true (default)
2023-12-01 12:04:13,473 [e4101cf6-f8c4-4d95-a998-136b2bec65e8-groupManagement] INFO  server.RaftServerConfigKeys (ConfUtils.java:logGet(46)) - raft.server.snapshot.auto.trigger.enabled = true (custom)
2023-12-01 12:04:13,473 [e4101cf6-f8c4-4d95-a998-136b2bec65e8-groupManagement] INFO  server.RaftServerConfigKeys (ConfUtils.java:logGet(46)) - raft.server.snapshot.auto.trigger.threshold = 10000 (custom)
2023-12-01 12:04:13,473 [e4101cf6-f8c4-4d95-a998-136b2bec65e8-groupManagement] INFO  server.RaftServerConfigKeys (ConfUtils.java:logGet(46)) - raft.server.snapshot.retention.file.num = 5 (custom)
2023-12-01 12:04:13,473 [e4101cf6-f8c4-4d95-a998-136b2bec65e8-groupManagement] INFO  server.RaftServerConfigKeys (ConfUtils.java:logGet(46)) - raft.server.log.purge.upto.snapshot.index = false (default)
2023-12-01 12:04:13,474 [e4101cf6-f8c4-4d95-a998-136b2bec65e8-PipelineCommandHandlerThread-0] INFO  ratis.XceiverServerRatis (XceiverServerRatis.java:addGroup(814)) - Created group PipelineID=6b4773d7-470c-4514-b2ab-3ffcffd79986
2023-12-01 12:04:13,474 [e4101cf6-f8c4-4d95-a998-136b2bec65e8@group-3FFCFFD79986-FollowerState] INFO  server.RaftServerConfigKeys (ConfUtils.java:logFallback(53)) - raft.server.rpc.first-election.timeout.min = 5s (fallback to raft.server.rpc.timeout.min)
2023-12-01 12:04:13,474 [e4101cf6-f8c4-4d95-a998-136b2bec65e8@group-3FFCFFD79986-FollowerState] INFO  server.RaftServerConfigKeys (ConfUtils.java:logFallback(53)) - raft.server.rpc.first-election.timeout.max = 5200ms (fallback to raft.server.rpc.timeout.max)
2023-12-01 12:04:13,496 [144aaeee-fb04-48fb-9b63-1a6b7587bad5-PipelineCommandHandlerThread-0] INFO  server.RaftServer (RaftServerProxy.java:addNew(100)) - 144aaeee-fb04-48fb-9b63-1a6b7587bad5: addNew group-57DB51F0C6F8:[144aaeee-fb04-48fb-9b63-1a6b7587bad5|10.1.0.24:15023] returns group-57DB51F0C6F8:java.util.concurrent.CompletableFuture@2e5becbe[Not completed]
2023-12-01 12:04:13,501 [144aaeee-fb04-48fb-9b63-1a6b7587bad5-groupManagement] INFO  server.RaftServer$Division (RaftServerImpl.java:<init>(256)) - 144aaeee-fb04-48fb-9b63-1a6b7587bad5: new RaftServerImpl for group-57DB51F0C6F8:[144aaeee-fb04-48fb-9b63-1a6b7587bad5|10.1.0.24:15023] with ContainerStateMachine:uninitialized
2023-12-01 12:04:13,501 [144aaeee-fb04-48fb-9b63-1a6b7587bad5-groupManagement] INFO  server.RaftServerConfigKeys (ConfUtils.java:logGet(46)) - raft.server.rpc.timeout.min = 5s (custom)
2023-12-01 12:04:13,502 [144aaeee-fb04-48fb-9b63-1a6b7587bad5-groupManagement] INFO  server.RaftServerConfigKeys (ConfUtils.java:logGet(46)) - raft.server.rpc.timeout.max = 5200ms (custom)
2023-12-01 12:04:13,502 [144aaeee-fb04-48fb-9b63-1a6b7587bad5-groupManagement] INFO  server.RaftServerConfigKeys (ConfUtils.java:logGet(46)) - raft.server.rpc.sleep.time = 25ms (default)
2023-12-01 12:04:13,502 [144aaeee-fb04-48fb-9b63-1a6b7587bad5-groupManagement] INFO  server.RaftServerConfigKeys (ConfUtils.java:logGet(46)) - raft.server.rpc.slowness.timeout = 300s (custom)
2023-12-01 12:04:13,502 [144aaeee-fb04-48fb-9b63-1a6b7587bad5-groupManagement] INFO  server.RaftServerConfigKeys (ConfUtils.java:logGet(46)) - raft.server.leaderelection.leader.step-down.wait-time = 10s (default)
2023-12-01 12:04:13,503 [144aaeee-fb04-48fb-9b63-1a6b7587bad5-groupManagement] INFO  server.RaftServerConfigKeys (ConfUtils.java:logGet(46)) - raft.server.leaderelection.member.majority-add = false (default)
2023-12-01 12:04:13,503 [144aaeee-fb04-48fb-9b63-1a6b7587bad5-groupManagement] INFO  server.RaftServerConfigKeys (ConfUtils.java:logGet(46)) - raft.server.sleep.deviation.threshold = 300ms (default)
2023-12-01 12:04:13,503 [144aaeee-fb04-48fb-9b63-1a6b7587bad5-groupManagement] INFO  server.RaftServer$Division (ServerState.java:<init>(113)) - 144aaeee-fb04-48fb-9b63-1a6b7587bad5@group-57DB51F0C6F8: ConfigurationManager, init=-1: peers:[144aaeee-fb04-48fb-9b63-1a6b7587bad5|10.1.0.24:15023]|listeners:[], old=null, confs=<EMPTY_MAP>
2023-12-01 12:04:13,503 [144aaeee-fb04-48fb-9b63-1a6b7587bad5-groupManagement] INFO  server.RaftServerConfigKeys (ConfUtils.java:logGet(46)) - raft.server.notification.no-leader.timeout = 300s (custom)
2023-12-01 12:04:13,503 [144aaeee-fb04-48fb-9b63-1a6b7587bad5-groupManagement] INFO  server.RaftServerConfigKeys (ConfUtils.java:logGet(46)) - raft.server.read.timeout = 10s (default)
2023-12-01 12:04:13,504 [144aaeee-fb04-48fb-9b63-1a6b7587bad5-groupManagement] INFO  server.RaftServerConfigKeys (ConfUtils.java:logGet(46)) - raft.server.retrycache.expirytime = 600000ms (custom)
2023-12-01 12:04:13,504 [144aaeee-fb04-48fb-9b63-1a6b7587bad5-groupManagement] INFO  server.RaftServerConfigKeys (ConfUtils.java:logGet(46)) - raft.server.retrycache.statistics.expirytime = 100ms (default)
2023-12-01 12:04:13,504 [144aaeee-fb04-48fb-9b63-1a6b7587bad5-groupManagement] INFO  server.RaftServerConfigKeys (ConfUtils.java:logGet(46)) - raft.server.read.option = DEFAULT (default)
2023-12-01 12:04:13,505 [144aaeee-fb04-48fb-9b63-1a6b7587bad5-groupManagement] INFO  server.RaftServerConfigKeys (ConfUtils.java:logGet(46)) - raft.server.read.read-after-write-consistent.write-index-cache.expiry-time = 60s (default)
2023-12-01 12:04:13,512 [144aaeee-fb04-48fb-9b63-1a6b7587bad5-groupManagement] INFO  server.RaftServerConfigKeys (ConfUtils.java:logGet(46)) - raft.server.rpc.request.timeout = 60s (custom)
2023-12-01 12:04:13,512 [144aaeee-fb04-48fb-9b63-1a6b7587bad5-groupManagement] INFO  server.RaftServerConfigKeys (ConfUtils.java:logGet(46)) - raft.server.log.appender.install.snapshot.enabled = false (custom)
2023-12-01 12:04:13,512 [144aaeee-fb04-48fb-9b63-1a6b7587bad5-groupManagement] INFO  server.RaftServerConfigKeys (ConfUtils.java:logGet(46)) - raft.server.threadpool.server.cached = true (default)
2023-12-01 12:04:13,512 [144aaeee-fb04-48fb-9b63-1a6b7587bad5-groupManagement] INFO  server.RaftServerConfigKeys (ConfUtils.java:logGet(46)) - raft.server.threadpool.server.size = 0 (default)
2023-12-01 12:04:13,512 [144aaeee-fb04-48fb-9b63-1a6b7587bad5-groupManagement] INFO  server.RaftServerConfigKeys (ConfUtils.java:logGet(46)) - raft.server.threadpool.client.cached = true (default)
2023-12-01 12:04:13,512 [144aaeee-fb04-48fb-9b63-1a6b7587bad5-groupManagement] INFO  server.RaftServerConfigKeys (ConfUtils.java:logGet(46)) - raft.server.threadpool.client.size = 0 (default)
2023-12-01 12:04:13,512 [144aaeee-fb04-48fb-9b63-1a6b7587bad5-groupManagement] INFO  server.RaftServerConfigKeys (ConfUtils.java:logGet(46)) - raft.server.storage.free-space.min = 0MB (=0) (default)
2023-12-01 12:04:13,513 [144aaeee-fb04-48fb-9b63-1a6b7587bad5-groupManagement] INFO  server.RaftServerConfigKeys (ConfUtils.java:logGet(46)) - raft.server.log.corruption.policy = EXCEPTION (default)
2023-12-01 12:04:13,513 [144aaeee-fb04-48fb-9b63-1a6b7587bad5-groupManagement] INFO  server.RaftServerConfigKeys (ConfUtils.java:logGet(46)) - raft.server.storage.dir = [/home/runner/work/ozone/ozone/hadoop-ozone/integration-test/target/test-dir/MiniOzoneClusterImpl-d99da5cf-54e3-4304-baea-1cefc2b4c4dc/datanode-1/data/ratis] (custom)
2023-12-01 12:04:13,513 [144aaeee-fb04-48fb-9b63-1a6b7587bad5-groupManagement] INFO  storage.RaftStorageDirectory (RaftStorageDirectoryImpl.java:analyzeStorage(138)) - The storage directory /home/runner/work/ozone/ozone/hadoop-ozone/integration-test/target/test-dir/MiniOzoneClusterImpl-d99da5cf-54e3-4304-baea-1cefc2b4c4dc/datanode-1/data/ratis/4b25aa6f-6d09-4605-aaaa-57db51f0c6f8 does not exist. Creating ...
2023-12-01 12:04:13,514 [144aaeee-fb04-48fb-9b63-1a6b7587bad5-groupManagement] INFO  storage.RaftStorageDirectory (RaftStorageDirectoryImpl.java:tryLock(232)) - Lock on /home/runner/work/ozone/ozone/hadoop-ozone/integration-test/target/test-dir/MiniOzoneClusterImpl-d99da5cf-54e3-4304-baea-1cefc2b4c4dc/datanode-1/data/ratis/4b25aa6f-6d09-4605-aaaa-57db51f0c6f8/in_use.lock acquired by nodename 15370@fv-az1423-675
2023-12-01 12:04:13,515 [144aaeee-fb04-48fb-9b63-1a6b7587bad5-groupManagement] INFO  storage.RaftStorage (RaftStorageImpl.java:format(97)) - Storage directory /home/runner/work/ozone/ozone/hadoop-ozone/integration-test/target/test-dir/MiniOzoneClusterImpl-d99da5cf-54e3-4304-baea-1cefc2b4c4dc/datanode-1/data/ratis/4b25aa6f-6d09-4605-aaaa-57db51f0c6f8 has been successfully formatted.
2023-12-01 12:04:13,518 [144aaeee-fb04-48fb-9b63-1a6b7587bad5-groupManagement] INFO  ratis.ContainerStateMachine (ContainerStateMachine.java:loadSnapshot(269)) - group-57DB51F0C6F8: The snapshot info is null. Setting the last applied indexto:(t:0, i:~)
2023-12-01 12:04:13,519 [144aaeee-fb04-48fb-9b63-1a6b7587bad5-groupManagement] INFO  server.RaftServerConfigKeys (ConfUtils.java:logGet(46)) - raft.server.log.use.memory = false (default)
2023-12-01 12:04:13,519 [144aaeee-fb04-48fb-9b63-1a6b7587bad5-groupManagement] INFO  server.RaftServerConfigKeys (ConfUtils.java:logGet(46)) - raft.server.log.purge.gap = 1000000 (custom)
2023-12-01 12:04:13,520 [144aaeee-fb04-48fb-9b63-1a6b7587bad5-groupManagement] INFO  server.RaftServerConfigKeys (ConfUtils.java:logGet(46)) - raft.server.log.appender.buffer.byte-limit = 33554432 (custom)
2023-12-01 12:04:13,520 [144aaeee-fb04-48fb-9b63-1a6b7587bad5-groupManagement] INFO  server.RaftServerConfigKeys (ConfUtils.java:logGet(46)) - raft.server.log.statemachine.data.read.timeout = 1000ms (default)
2023-12-01 12:04:13,520 [144aaeee-fb04-48fb-9b63-1a6b7587bad5-groupManagement] INFO  server.RaftServerConfigKeys (ConfUtils.java:logGet(46)) - raft.server.log.purge.preservation.log.num = 0 (default)
2023-12-01 12:04:13,521 [EventQueue-PipelineReportForPipelineReportHandler] INFO  pipeline.PipelineReportHandler (PipelineReportHandler.java:processPipelineReport(136)) - Opened pipeline PipelineID=4b25aa6f-6d09-4605-aaaa-57db51f0c6f8
2023-12-01 12:04:13,521 [EventQueue-OpenPipelineForHealthyPipelineSafeModeRule] INFO  safemode.SCMSafeModeManager (HealthyPipelineSafeModeRule.java:process(137)) - SCM in safe mode. Healthy pipelines reported count is 0, required healthy pipeline reported count is 1
2023-12-01 12:04:13,522 [144aaeee-fb04-48fb-9b63-1a6b7587bad5-groupManagement] INFO  server.RaftServerConfigKeys (ConfUtils.java:logGet(46)) - raft.server.log.segment.size.max = 67108864 (custom)
2023-12-01 12:04:13,523 [144aaeee-fb04-48fb-9b63-1a6b7587bad5-groupManagement] INFO  server.RaftServerConfigKeys (ConfUtils.java:logGet(46)) - raft.server.log.segment.cache.num.max = 2 (custom)
2023-12-01 12:04:13,523 [144aaeee-fb04-48fb-9b63-1a6b7587bad5-groupManagement] INFO  server.RaftServerConfigKeys (ConfUtils.java:logGet(46)) - raft.server.log.segment.cache.size.max = 200MB (=209715200) (default)
2023-12-01 12:04:13,523 [144aaeee-fb04-48fb-9b63-1a6b7587bad5-groupManagement] INFO  server.RaftServerConfigKeys (ConfUtils.java:logGet(46)) - raft.server.log.appender.buffer.byte-limit = 33554432 (custom)
2023-12-01 12:04:13,524 [144aaeee-fb04-48fb-9b63-1a6b7587bad5-groupManagement] INFO  util.AwaitToRun (AwaitToRun.java:start(81)) - Thread[144aaeee-fb04-48fb-9b63-1a6b7587bad5@group-57DB51F0C6F8-cacheEviction-AwaitToRun,5,main] started
2023-12-01 12:04:13,525 [144aaeee-fb04-48fb-9b63-1a6b7587bad5-groupManagement] INFO  segmented.SegmentedRaftLogWorker (SegmentedRaftLogWorker.java:<init>(184)) - new 144aaeee-fb04-48fb-9b63-1a6b7587bad5@group-57DB51F0C6F8-SegmentedRaftLogWorker for RaftStorageImpl:Storage Directory /home/runner/work/ozone/ozone/hadoop-ozone/integration-test/target/test-dir/MiniOzoneClusterImpl-d99da5cf-54e3-4304-baea-1cefc2b4c4dc/datanode-1/data/ratis/4b25aa6f-6d09-4605-aaaa-57db51f0c6f8
2023-12-01 12:04:13,525 [144aaeee-fb04-48fb-9b63-1a6b7587bad5-groupManagement] INFO  server.RaftServerConfigKeys (ConfUtils.java:logGet(46)) - raft.server.log.queue.byte-limit = 4294967296 (custom)
2023-12-01 12:04:13,525 [144aaeee-fb04-48fb-9b63-1a6b7587bad5-groupManagement] INFO  server.RaftServerConfigKeys (ConfUtils.java:logGet(46)) - raft.server.log.queue.element-limit = 1024 (custom)
2023-12-01 12:04:13,525 [144aaeee-fb04-48fb-9b63-1a6b7587bad5-groupManagement] INFO  server.RaftServerConfigKeys (ConfUtils.java:logGet(46)) - raft.server.log.segment.size.max = 67108864 (custom)
2023-12-01 12:04:13,525 [144aaeee-fb04-48fb-9b63-1a6b7587bad5-groupManagement] INFO  server.RaftServerConfigKeys (ConfUtils.java:logGet(46)) - raft.server.log.preallocated.size = 4194304 (custom)
2023-12-01 12:04:13,526 [144aaeee-fb04-48fb-9b63-1a6b7587bad5-groupManagement] INFO  server.RaftServerConfigKeys (ConfUtils.java:logGet(46)) - raft.server.log.force.sync.num = 128 (default)
2023-12-01 12:04:13,526 [144aaeee-fb04-48fb-9b63-1a6b7587bad5-groupManagement] INFO  server.RaftServerConfigKeys (ConfUtils.java:logGet(46)) - raft.server.log.statemachine.data.sync = true (default)
2023-12-01 12:04:13,526 [144aaeee-fb04-48fb-9b63-1a6b7587bad5-groupManagement] INFO  server.RaftServerConfigKeys (ConfUtils.java:logGet(46)) - raft.server.log.statemachine.data.sync.timeout = 10s (default)
2023-12-01 12:04:13,526 [144aaeee-fb04-48fb-9b63-1a6b7587bad5-groupManagement] INFO  server.RaftServerConfigKeys (ConfUtils.java:logGet(46)) - raft.server.log.statemachine.data.sync.timeout.retry = -1 (default)
2023-12-01 12:04:13,526 [144aaeee-fb04-48fb-9b63-1a6b7587bad5-groupManagement] INFO  server.RaftServerConfigKeys (ConfUtils.java:logGet(46)) - raft.server.log.write.buffer.size = 2097152 (custom)
2023-12-01 12:04:13,527 [144aaeee-fb04-48fb-9b63-1a6b7587bad5-groupManagement] INFO  server.RaftServerConfigKeys (ConfUtils.java:logGet(46)) - raft.server.log.appender.buffer.byte-limit = 33554432 (custom)
2023-12-01 12:04:13,531 [144aaeee-fb04-48fb-9b63-1a6b7587bad5-groupManagement] INFO  server.RaftServerConfigKeys (ConfUtils.java:logGet(46)) - raft.server.log.unsafe-flush.enabled = false (default)
2023-12-01 12:04:13,531 [144aaeee-fb04-48fb-9b63-1a6b7587bad5-groupManagement] INFO  server.RaftServerConfigKeys (ConfUtils.java:logGet(46)) - raft.server.log.async-flush.enabled = false (default)
2023-12-01 12:04:13,531 [144aaeee-fb04-48fb-9b63-1a6b7587bad5-groupManagement] INFO  server.RaftServerConfigKeys (ConfUtils.java:logGet(46)) - raft.server.log.statemachine.data.caching.enabled = true (custom)
2023-12-01 12:04:13,531 [144aaeee-fb04-48fb-9b63-1a6b7587bad5-groupManagement] INFO  segmented.SegmentedRaftLogWorker (SegmentedRaftLogWorker.java:lambda$new$0(135)) - 144aaeee-fb04-48fb-9b63-1a6b7587bad5@group-57DB51F0C6F8-SegmentedRaftLogWorker: flushIndex: setUnconditionally 0 -> -1
2023-12-01 12:04:13,531 [144aaeee-fb04-48fb-9b63-1a6b7587bad5-groupManagement] INFO  segmented.SegmentedRaftLogWorker (SegmentedRaftLogWorker.java:lambda$new$0(135)) - 144aaeee-fb04-48fb-9b63-1a6b7587bad5@group-57DB51F0C6F8-SegmentedRaftLogWorker: safeCacheEvictIndex: setUnconditionally 0 -> -1
2023-12-01 12:04:13,532 [144aaeee-fb04-48fb-9b63-1a6b7587bad5-groupManagement] INFO  server.RaftServer$Division (RaftServerImpl.java:start(392)) - 144aaeee-fb04-48fb-9b63-1a6b7587bad5@group-57DB51F0C6F8: start as a follower, conf=-1: peers:[144aaeee-fb04-48fb-9b63-1a6b7587bad5|10.1.0.24:15023]|listeners:[], old=null
2023-12-01 12:04:13,532 [144aaeee-fb04-48fb-9b63-1a6b7587bad5-groupManagement] INFO  server.RaftServer$Division (RaftServerImpl.java:setRole(379)) - 144aaeee-fb04-48fb-9b63-1a6b7587bad5@group-57DB51F0C6F8: changes role from      null to FOLLOWER at term 0 for startAsFollower
2023-12-01 12:04:13,532 [144aaeee-fb04-48fb-9b63-1a6b7587bad5-groupManagement] INFO  impl.RoleInfo (RoleInfo.java:updateAndGet(139)) - 144aaeee-fb04-48fb-9b63-1a6b7587bad5: start 144aaeee-fb04-48fb-9b63-1a6b7587bad5@group-57DB51F0C6F8-FollowerState
2023-12-01 12:04:13,534 [144aaeee-fb04-48fb-9b63-1a6b7587bad5@group-57DB51F0C6F8-FollowerState] INFO  server.RaftServerConfigKeys (ConfUtils.java:logFallback(53)) - raft.server.rpc.first-election.timeout.min = 5s (fallback to raft.server.rpc.timeout.min)
2023-12-01 12:04:13,534 [144aaeee-fb04-48fb-9b63-1a6b7587bad5@group-57DB51F0C6F8-FollowerState] INFO  server.RaftServerConfigKeys (ConfUtils.java:logFallback(53)) - raft.server.rpc.first-election.timeout.max = 5200ms (fallback to raft.server.rpc.timeout.max)
2023-12-01 12:04:13,534 [144aaeee-fb04-48fb-9b63-1a6b7587bad5-groupManagement] INFO  util.JmxRegister (JmxRegister.java:tryRegister(44)) - Successfully registered JMX Bean with object name Ratis:service=RaftServer,group=group-57DB51F0C6F8,id=144aaeee-fb04-48fb-9b63-1a6b7587bad5
2023-12-01 12:04:13,536 [144aaeee-fb04-48fb-9b63-1a6b7587bad5-groupManagement] INFO  server.RaftServerConfigKeys (ConfUtils.java:logGet(46)) - raft.server.snapshot.trigger-when-stop.enabled = true (default)
2023-12-01 12:04:13,536 [144aaeee-fb04-48fb-9b63-1a6b7587bad5-groupManagement] INFO  server.RaftServerConfigKeys (ConfUtils.java:logGet(46)) - raft.server.snapshot.auto.trigger.enabled = true (custom)
2023-12-01 12:04:13,536 [144aaeee-fb04-48fb-9b63-1a6b7587bad5-groupManagement] INFO  server.RaftServerConfigKeys (ConfUtils.java:logGet(46)) - raft.server.snapshot.auto.trigger.threshold = 10000 (custom)
2023-12-01 12:04:13,536 [144aaeee-fb04-48fb-9b63-1a6b7587bad5-groupManagement] INFO  server.RaftServerConfigKeys (ConfUtils.java:logGet(46)) - raft.server.snapshot.retention.file.num = 5 (custom)
2023-12-01 12:04:13,537 [144aaeee-fb04-48fb-9b63-1a6b7587bad5-groupManagement] INFO  server.RaftServerConfigKeys (ConfUtils.java:logGet(46)) - raft.server.log.purge.upto.snapshot.index = false (default)
2023-12-01 12:04:13,543 [144aaeee-fb04-48fb-9b63-1a6b7587bad5-PipelineCommandHandlerThread-0] INFO  ratis.XceiverServerRatis (XceiverServerRatis.java:addGroup(814)) - Created group PipelineID=4b25aa6f-6d09-4605-aaaa-57db51f0c6f8
2023-12-01 12:04:13,544 [144aaeee-fb04-48fb-9b63-1a6b7587bad5-PipelineCommandHandlerThread-0] INFO  commandhandler.CreatePipelineCommandHandler (CreatePipelineCommandHandler.java:lambda$handle$2(124)) - Created Pipeline RATIS ONE PipelineID=4b25aa6f-6d09-4605-aaaa-57db51f0c6f8.
2023-12-01 12:04:13,545 [144aaeee-fb04-48fb-9b63-1a6b7587bad5-PipelineCommandHandlerThread-0] INFO  server.RaftServer (RaftServerProxy.java:addNew(100)) - 144aaeee-fb04-48fb-9b63-1a6b7587bad5: addNew group-3FFCFFD79986:[144aaeee-fb04-48fb-9b63-1a6b7587bad5|10.1.0.24:15023, e4101cf6-f8c4-4d95-a998-136b2bec65e8|10.1.0.24:15014, a2bf02b8-7760-44e6-b399-ad4429aacfa0|10.1.0.24:15032] returns group-3FFCFFD79986:java.util.concurrent.CompletableFuture@2a646dad[Not completed]
2023-12-01 12:04:13,546 [144aaeee-fb04-48fb-9b63-1a6b7587bad5-groupManagement] INFO  server.RaftServer$Division (RaftServerImpl.java:<init>(256)) - 144aaeee-fb04-48fb-9b63-1a6b7587bad5: new RaftServerImpl for group-3FFCFFD79986:[144aaeee-fb04-48fb-9b63-1a6b7587bad5|10.1.0.24:15023, e4101cf6-f8c4-4d95-a998-136b2bec65e8|10.1.0.24:15014, a2bf02b8-7760-44e6-b399-ad4429aacfa0|10.1.0.24:15032] with ContainerStateMachine:uninitialized
2023-12-01 12:04:13,546 [144aaeee-fb04-48fb-9b63-1a6b7587bad5-groupManagement] INFO  server.RaftServerConfigKeys (ConfUtils.java:logGet(46)) - raft.server.rpc.timeout.min = 5s (custom)
2023-12-01 12:04:13,546 [144aaeee-fb04-48fb-9b63-1a6b7587bad5-groupManagement] INFO  server.RaftServerConfigKeys (ConfUtils.java:logGet(46)) - raft.server.rpc.timeout.max = 5200ms (custom)
2023-12-01 12:04:13,546 [144aaeee-fb04-48fb-9b63-1a6b7587bad5-groupManagement] INFO  server.RaftServerConfigKeys (ConfUtils.java:logGet(46)) - raft.server.rpc.sleep.time = 25ms (default)
2023-12-01 12:04:13,547 [144aaeee-fb04-48fb-9b63-1a6b7587bad5-groupManagement] INFO  server.RaftServerConfigKeys (ConfUtils.java:logGet(46)) - raft.server.rpc.slowness.timeout = 300s (custom)
2023-12-01 12:04:13,547 [144aaeee-fb04-48fb-9b63-1a6b7587bad5-groupManagement] INFO  server.RaftServerConfigKeys (ConfUtils.java:logGet(46)) - raft.server.leaderelection.leader.step-down.wait-time = 10s (default)
2023-12-01 12:04:13,547 [144aaeee-fb04-48fb-9b63-1a6b7587bad5-groupManagement] INFO  server.RaftServerConfigKeys (ConfUtils.java:logGet(46)) - raft.server.leaderelection.member.majority-add = false (default)
2023-12-01 12:04:13,547 [144aaeee-fb04-48fb-9b63-1a6b7587bad5-groupManagement] INFO  server.RaftServerConfigKeys (ConfUtils.java:logGet(46)) - raft.server.sleep.deviation.threshold = 300ms (default)
2023-12-01 12:04:13,547 [144aaeee-fb04-48fb-9b63-1a6b7587bad5-groupManagement] INFO  server.RaftServer$Division (ServerState.java:<init>(113)) - 144aaeee-fb04-48fb-9b63-1a6b7587bad5@group-3FFCFFD79986: ConfigurationManager, init=-1: peers:[144aaeee-fb04-48fb-9b63-1a6b7587bad5|10.1.0.24:15023, e4101cf6-f8c4-4d95-a998-136b2bec65e8|10.1.0.24:15014, a2bf02b8-7760-44e6-b399-ad4429aacfa0|10.1.0.24:15032]|listeners:[], old=null, confs=<EMPTY_MAP>
2023-12-01 12:04:13,547 [144aaeee-fb04-48fb-9b63-1a6b7587bad5-groupManagement] INFO  server.RaftServerConfigKeys (ConfUtils.java:logGet(46)) - raft.server.notification.no-leader.timeout = 300s (custom)
2023-12-01 12:04:13,547 [144aaeee-fb04-48fb-9b63-1a6b7587bad5-groupManagement] INFO  server.RaftServerConfigKeys (ConfUtils.java:logGet(46)) - raft.server.read.timeout = 10s (default)
2023-12-01 12:04:13,547 [144aaeee-fb04-48fb-9b63-1a6b7587bad5-groupManagement] INFO  server.RaftServerConfigKeys (ConfUtils.java:logGet(46)) - raft.server.retrycache.expirytime = 600000ms (custom)
2023-12-01 12:04:13,547 [144aaeee-fb04-48fb-9b63-1a6b7587bad5-groupManagement] INFO  server.RaftServerConfigKeys (ConfUtils.java:logGet(46)) - raft.server.retrycache.statistics.expirytime = 100ms (default)
2023-12-01 12:04:13,547 [144aaeee-fb04-48fb-9b63-1a6b7587bad5-groupManagement] INFO  server.RaftServerConfigKeys (ConfUtils.java:logGet(46)) - raft.server.read.option = DEFAULT (default)
2023-12-01 12:04:13,547 [144aaeee-fb04-48fb-9b63-1a6b7587bad5-groupManagement] INFO  server.RaftServerConfigKeys (ConfUtils.java:logGet(46)) - raft.server.read.read-after-write-consistent.write-index-cache.expiry-time = 60s (default)
2023-12-01 12:04:13,550 [144aaeee-fb04-48fb-9b63-1a6b7587bad5-groupManagement] INFO  server.RaftServerConfigKeys (ConfUtils.java:logGet(46)) - raft.server.rpc.request.timeout = 60s (custom)
2023-12-01 12:04:13,550 [144aaeee-fb04-48fb-9b63-1a6b7587bad5-groupManagement] INFO  server.RaftServerConfigKeys (ConfUtils.java:logGet(46)) - raft.server.log.appender.install.snapshot.enabled = false (custom)
2023-12-01 12:04:13,550 [144aaeee-fb04-48fb-9b63-1a6b7587bad5-groupManagement] INFO  server.RaftServerConfigKeys (ConfUtils.java:logGet(46)) - raft.server.threadpool.server.cached = true (default)
2023-12-01 12:04:13,550 [144aaeee-fb04-48fb-9b63-1a6b7587bad5-groupManagement] INFO  server.RaftServerConfigKeys (ConfUtils.java:logGet(46)) - raft.server.threadpool.server.size = 0 (default)
2023-12-01 12:04:13,551 [144aaeee-fb04-48fb-9b63-1a6b7587bad5-groupManagement] INFO  server.RaftServerConfigKeys (ConfUtils.java:logGet(46)) - raft.server.threadpool.client.cached = true (default)
2023-12-01 12:04:13,551 [144aaeee-fb04-48fb-9b63-1a6b7587bad5-groupManagement] INFO  server.RaftServerConfigKeys (ConfUtils.java:logGet(46)) - raft.server.threadpool.client.size = 0 (default)
2023-12-01 12:04:13,551 [144aaeee-fb04-48fb-9b63-1a6b7587bad5-groupManagement] INFO  server.RaftServerConfigKeys (ConfUtils.java:logGet(46)) - raft.server.storage.free-space.min = 0MB (=0) (default)
2023-12-01 12:04:13,551 [144aaeee-fb04-48fb-9b63-1a6b7587bad5-groupManagement] INFO  server.RaftServerConfigKeys (ConfUtils.java:logGet(46)) - raft.server.log.corruption.policy = EXCEPTION (default)
2023-12-01 12:04:13,551 [144aaeee-fb04-48fb-9b63-1a6b7587bad5-groupManagement] INFO  server.RaftServerConfigKeys (ConfUtils.java:logGet(46)) - raft.server.storage.dir = [/home/runner/work/ozone/ozone/hadoop-ozone/integration-test/target/test-dir/MiniOzoneClusterImpl-d99da5cf-54e3-4304-baea-1cefc2b4c4dc/datanode-1/data/ratis] (custom)
2023-12-01 12:04:13,554 [144aaeee-fb04-48fb-9b63-1a6b7587bad5-groupManagement] INFO  storage.RaftStorageDirectory (RaftStorageDirectoryImpl.java:analyzeStorage(138)) - The storage directory /home/runner/work/ozone/ozone/hadoop-ozone/integration-test/target/test-dir/MiniOzoneClusterImpl-d99da5cf-54e3-4304-baea-1cefc2b4c4dc/datanode-1/data/ratis/6b4773d7-470c-4514-b2ab-3ffcffd79986 does not exist. Creating ...
2023-12-01 12:04:13,559 [144aaeee-fb04-48fb-9b63-1a6b7587bad5-groupManagement] INFO  storage.RaftStorageDirectory (RaftStorageDirectoryImpl.java:tryLock(232)) - Lock on /home/runner/work/ozone/ozone/hadoop-ozone/integration-test/target/test-dir/MiniOzoneClusterImpl-d99da5cf-54e3-4304-baea-1cefc2b4c4dc/datanode-1/data/ratis/6b4773d7-470c-4514-b2ab-3ffcffd79986/in_use.lock acquired by nodename 15370@fv-az1423-675
2023-12-01 12:04:13,560 [144aaeee-fb04-48fb-9b63-1a6b7587bad5-groupManagement] INFO  storage.RaftStorage (RaftStorageImpl.java:format(97)) - Storage directory /home/runner/work/ozone/ozone/hadoop-ozone/integration-test/target/test-dir/MiniOzoneClusterImpl-d99da5cf-54e3-4304-baea-1cefc2b4c4dc/datanode-1/data/ratis/6b4773d7-470c-4514-b2ab-3ffcffd79986 has been successfully formatted.
2023-12-01 12:04:13,561 [144aaeee-fb04-48fb-9b63-1a6b7587bad5-groupManagement] INFO  ratis.ContainerStateMachine (ContainerStateMachine.java:loadSnapshot(269)) - group-3FFCFFD79986: The snapshot info is null. Setting the last applied indexto:(t:0, i:~)
2023-12-01 12:04:13,561 [144aaeee-fb04-48fb-9b63-1a6b7587bad5-groupManagement] INFO  server.RaftServerConfigKeys (ConfUtils.java:logGet(46)) - raft.server.log.use.memory = false (default)
2023-12-01 12:04:13,561 [144aaeee-fb04-48fb-9b63-1a6b7587bad5-groupManagement] INFO  server.RaftServerConfigKeys (ConfUtils.java:logGet(46)) - raft.server.log.purge.gap = 1000000 (custom)
2023-12-01 12:04:13,561 [144aaeee-fb04-48fb-9b63-1a6b7587bad5-groupManagement] INFO  server.RaftServerConfigKeys (ConfUtils.java:logGet(46)) - raft.server.log.appender.buffer.byte-limit = 33554432 (custom)
2023-12-01 12:04:13,561 [144aaeee-fb04-48fb-9b63-1a6b7587bad5-groupManagement] INFO  server.RaftServerConfigKeys (ConfUtils.java:logGet(46)) - raft.server.log.statemachine.data.read.timeout = 1000ms (default)
2023-12-01 12:04:13,561 [144aaeee-fb04-48fb-9b63-1a6b7587bad5-groupManagement] INFO  server.RaftServerConfigKeys (ConfUtils.java:logGet(46)) - raft.server.log.purge.preservation.log.num = 0 (default)
2023-12-01 12:04:13,563 [EventQueue-OpenPipelineForHealthyPipelineSafeModeRule] INFO  safemode.SCMSafeModeManager (HealthyPipelineSafeModeRule.java:process(137)) - SCM in safe mode. Healthy pipelines reported count is 0, required healthy pipeline reported count is 1
2023-12-01 12:04:13,566 [144aaeee-fb04-48fb-9b63-1a6b7587bad5-groupManagement] INFO  server.RaftServerConfigKeys (ConfUtils.java:logGet(46)) - raft.server.log.segment.size.max = 67108864 (custom)
2023-12-01 12:04:13,566 [144aaeee-fb04-48fb-9b63-1a6b7587bad5-groupManagement] INFO  server.RaftServerConfigKeys (ConfUtils.java:logGet(46)) - raft.server.log.segment.cache.num.max = 2 (custom)
2023-12-01 12:04:13,566 [144aaeee-fb04-48fb-9b63-1a6b7587bad5-groupManagement] INFO  server.RaftServerConfigKeys (ConfUtils.java:logGet(46)) - raft.server.log.segment.cache.size.max = 200MB (=209715200) (default)
2023-12-01 12:04:13,566 [144aaeee-fb04-48fb-9b63-1a6b7587bad5-groupManagement] INFO  server.RaftServerConfigKeys (ConfUtils.java:logGet(46)) - raft.server.log.appender.buffer.byte-limit = 33554432 (custom)
2023-12-01 12:04:13,567 [144aaeee-fb04-48fb-9b63-1a6b7587bad5-groupManagement] INFO  util.AwaitToRun (AwaitToRun.java:start(81)) - Thread[144aaeee-fb04-48fb-9b63-1a6b7587bad5@group-3FFCFFD79986-cacheEviction-AwaitToRun,5,main] started
2023-12-01 12:04:13,567 [144aaeee-fb04-48fb-9b63-1a6b7587bad5-groupManagement] INFO  segmented.SegmentedRaftLogWorker (SegmentedRaftLogWorker.java:<init>(184)) - new 144aaeee-fb04-48fb-9b63-1a6b7587bad5@group-3FFCFFD79986-SegmentedRaftLogWorker for RaftStorageImpl:Storage Directory /home/runner/work/ozone/ozone/hadoop-ozone/integration-test/target/test-dir/MiniOzoneClusterImpl-d99da5cf-54e3-4304-baea-1cefc2b4c4dc/datanode-1/data/ratis/6b4773d7-470c-4514-b2ab-3ffcffd79986
2023-12-01 12:04:13,567 [144aaeee-fb04-48fb-9b63-1a6b7587bad5-groupManagement] INFO  server.RaftServerConfigKeys (ConfUtils.java:logGet(46)) - raft.server.log.queue.byte-limit = 4294967296 (custom)
2023-12-01 12:04:13,567 [144aaeee-fb04-48fb-9b63-1a6b7587bad5-groupManagement] INFO  server.RaftServerConfigKeys (ConfUtils.java:logGet(46)) - raft.server.log.queue.element-limit = 1024 (custom)
2023-12-01 12:04:13,568 [144aaeee-fb04-48fb-9b63-1a6b7587bad5-groupManagement] INFO  server.RaftServerConfigKeys (ConfUtils.java:logGet(46)) - raft.server.log.segment.size.max = 67108864 (custom)
2023-12-01 12:04:13,568 [144aaeee-fb04-48fb-9b63-1a6b7587bad5-groupManagement] INFO  server.RaftServerConfigKeys (ConfUtils.java:logGet(46)) - raft.server.log.preallocated.size = 4194304 (custom)
2023-12-01 12:04:13,568 [144aaeee-fb04-48fb-9b63-1a6b7587bad5-groupManagement] INFO  server.RaftServerConfigKeys (ConfUtils.java:logGet(46)) - raft.server.log.force.sync.num = 128 (default)
2023-12-01 12:04:13,568 [144aaeee-fb04-48fb-9b63-1a6b7587bad5-groupManagement] INFO  server.RaftServerConfigKeys (ConfUtils.java:logGet(46)) - raft.server.log.statemachine.data.sync = true (default)
2023-12-01 12:04:13,568 [144aaeee-fb04-48fb-9b63-1a6b7587bad5-groupManagement] INFO  server.RaftServerConfigKeys (ConfUtils.java:logGet(46)) - raft.server.log.statemachine.data.sync.timeout = 10s (default)
2023-12-01 12:04:13,568 [144aaeee-fb04-48fb-9b63-1a6b7587bad5-groupManagement] INFO  server.RaftServerConfigKeys (ConfUtils.java:logGet(46)) - raft.server.log.statemachine.data.sync.timeout.retry = -1 (default)
2023-12-01 12:04:13,568 [144aaeee-fb04-48fb-9b63-1a6b7587bad5-groupManagement] INFO  server.RaftServerConfigKeys (ConfUtils.java:logGet(46)) - raft.server.log.write.buffer.size = 2097152 (custom)
2023-12-01 12:04:13,569 [144aaeee-fb04-48fb-9b63-1a6b7587bad5-groupManagement] INFO  server.RaftServerConfigKeys (ConfUtils.java:logGet(46)) - raft.server.log.appender.buffer.byte-limit = 33554432 (custom)
2023-12-01 12:04:13,574 [144aaeee-fb04-48fb-9b63-1a6b7587bad5-groupManagement] INFO  server.RaftServerConfigKeys (ConfUtils.java:logGet(46)) - raft.server.log.unsafe-flush.enabled = false (default)
2023-12-01 12:04:13,574 [144aaeee-fb04-48fb-9b63-1a6b7587bad5-groupManagement] INFO  server.RaftServerConfigKeys (ConfUtils.java:logGet(46)) - raft.server.log.async-flush.enabled = false (default)
2023-12-01 12:04:13,574 [144aaeee-fb04-48fb-9b63-1a6b7587bad5-groupManagement] INFO  server.RaftServerConfigKeys (ConfUtils.java:logGet(46)) - raft.server.log.statemachine.data.caching.enabled = true (custom)
2023-12-01 12:04:13,574 [144aaeee-fb04-48fb-9b63-1a6b7587bad5-groupManagement] INFO  segmented.SegmentedRaftLogWorker (SegmentedRaftLogWorker.java:lambda$new$0(135)) - 144aaeee-fb04-48fb-9b63-1a6b7587bad5@group-3FFCFFD79986-SegmentedRaftLogWorker: flushIndex: setUnconditionally 0 -> -1
2023-12-01 12:04:13,575 [144aaeee-fb04-48fb-9b63-1a6b7587bad5-groupManagement] INFO  segmented.SegmentedRaftLogWorker (SegmentedRaftLogWorker.java:lambda$new$0(135)) - 144aaeee-fb04-48fb-9b63-1a6b7587bad5@group-3FFCFFD79986-SegmentedRaftLogWorker: safeCacheEvictIndex: setUnconditionally 0 -> -1
2023-12-01 12:04:13,575 [144aaeee-fb04-48fb-9b63-1a6b7587bad5-groupManagement] INFO  server.RaftServer$Division (RaftServerImpl.java:start(392)) - 144aaeee-fb04-48fb-9b63-1a6b7587bad5@group-3FFCFFD79986: start as a follower, conf=-1: peers:[144aaeee-fb04-48fb-9b63-1a6b7587bad5|10.1.0.24:15023, e4101cf6-f8c4-4d95-a998-136b2bec65e8|10.1.0.24:15014, a2bf02b8-7760-44e6-b399-ad4429aacfa0|10.1.0.24:15032]|listeners:[], old=null
2023-12-01 12:04:13,575 [144aaeee-fb04-48fb-9b63-1a6b7587bad5-groupManagement] INFO  server.RaftServer$Division (RaftServerImpl.java:setRole(379)) - 144aaeee-fb04-48fb-9b63-1a6b7587bad5@group-3FFCFFD79986: changes role from      null to FOLLOWER at term 0 for startAsFollower
2023-12-01 12:04:13,575 [144aaeee-fb04-48fb-9b63-1a6b7587bad5-groupManagement] INFO  impl.RoleInfo (RoleInfo.java:updateAndGet(139)) - 144aaeee-fb04-48fb-9b63-1a6b7587bad5: start 144aaeee-fb04-48fb-9b63-1a6b7587bad5@group-3FFCFFD79986-FollowerState
2023-12-01 12:04:13,575 [144aaeee-fb04-48fb-9b63-1a6b7587bad5-groupManagement] INFO  util.JmxRegister (JmxRegister.java:tryRegister(44)) - Successfully registered JMX Bean with object name Ratis:service=RaftServer,group=group-3FFCFFD79986,id=144aaeee-fb04-48fb-9b63-1a6b7587bad5
2023-12-01 12:04:13,575 [144aaeee-fb04-48fb-9b63-1a6b7587bad5-groupManagement] INFO  server.RaftServerConfigKeys (ConfUtils.java:logGet(46)) - raft.server.snapshot.trigger-when-stop.enabled = true (default)
2023-12-01 12:04:13,576 [144aaeee-fb04-48fb-9b63-1a6b7587bad5-groupManagement] INFO  server.RaftServerConfigKeys (ConfUtils.java:logGet(46)) - raft.server.snapshot.auto.trigger.enabled = true (custom)
2023-12-01 12:04:13,576 [144aaeee-fb04-48fb-9b63-1a6b7587bad5-groupManagement] INFO  server.RaftServerConfigKeys (ConfUtils.java:logGet(46)) - raft.server.snapshot.auto.trigger.threshold = 10000 (custom)
2023-12-01 12:04:13,576 [144aaeee-fb04-48fb-9b63-1a6b7587bad5-groupManagement] INFO  server.RaftServerConfigKeys (ConfUtils.java:logGet(46)) - raft.server.snapshot.retention.file.num = 5 (custom)
2023-12-01 12:04:13,576 [144aaeee-fb04-48fb-9b63-1a6b7587bad5-groupManagement] INFO  server.RaftServerConfigKeys (ConfUtils.java:logGet(46)) - raft.server.log.purge.upto.snapshot.index = false (default)
2023-12-01 12:04:13,576 [144aaeee-fb04-48fb-9b63-1a6b7587bad5@group-3FFCFFD79986-FollowerState] INFO  server.RaftServerConfigKeys (ConfUtils.java:logFallback(53)) - raft.server.rpc.first-election.timeout.min = 5s (fallback to raft.server.rpc.timeout.min)
2023-12-01 12:04:13,576 [144aaeee-fb04-48fb-9b63-1a6b7587bad5@group-3FFCFFD79986-FollowerState] INFO  server.RaftServerConfigKeys (ConfUtils.java:logFallback(53)) - raft.server.rpc.first-election.timeout.max = 5200ms (fallback to raft.server.rpc.timeout.max)
2023-12-01 12:04:13,577 [144aaeee-fb04-48fb-9b63-1a6b7587bad5-PipelineCommandHandlerThread-0] INFO  ratis.XceiverServerRatis (XceiverServerRatis.java:addGroup(814)) - Created group PipelineID=6b4773d7-470c-4514-b2ab-3ffcffd79986
2023-12-01 12:04:13,716 [a2bf02b8-7760-44e6-b399-ad4429aacfa0-PipelineCommandHandlerThread-0] INFO  server.RaftServer (RaftServerProxy.java:addNew(100)) - a2bf02b8-7760-44e6-b399-ad4429aacfa0: addNew group-3B1F69638C0D:[a2bf02b8-7760-44e6-b399-ad4429aacfa0|10.1.0.24:15032] returns group-3B1F69638C0D:java.util.concurrent.CompletableFuture@145566[Not completed]
2023-12-01 12:04:13,717 [a2bf02b8-7760-44e6-b399-ad4429aacfa0-groupManagement] INFO  server.RaftServer$Division (RaftServerImpl.java:<init>(256)) - a2bf02b8-7760-44e6-b399-ad4429aacfa0: new RaftServerImpl for group-3B1F69638C0D:[a2bf02b8-7760-44e6-b399-ad4429aacfa0|10.1.0.24:15032] with ContainerStateMachine:uninitialized
2023-12-01 12:04:13,718 [a2bf02b8-7760-44e6-b399-ad4429aacfa0-groupManagement] INFO  server.RaftServerConfigKeys (ConfUtils.java:logGet(46)) - raft.server.rpc.timeout.min = 5s (custom)
2023-12-01 12:04:13,718 [a2bf02b8-7760-44e6-b399-ad4429aacfa0-groupManagement] INFO  server.RaftServerConfigKeys (ConfUtils.java:logGet(46)) - raft.server.rpc.timeout.max = 5200ms (custom)
2023-12-01 12:04:13,718 [a2bf02b8-7760-44e6-b399-ad4429aacfa0-groupManagement] INFO  server.RaftServerConfigKeys (ConfUtils.java:logGet(46)) - raft.server.rpc.sleep.time = 25ms (default)
2023-12-01 12:04:13,718 [a2bf02b8-7760-44e6-b399-ad4429aacfa0-groupManagement] INFO  server.RaftServerConfigKeys (ConfUtils.java:logGet(46)) - raft.server.rpc.slowness.timeout = 300s (custom)
2023-12-01 12:04:13,718 [a2bf02b8-7760-44e6-b399-ad4429aacfa0-groupManagement] INFO  server.RaftServerConfigKeys (ConfUtils.java:logGet(46)) - raft.server.leaderelection.leader.step-down.wait-time = 10s (default)
2023-12-01 12:04:13,718 [a2bf02b8-7760-44e6-b399-ad4429aacfa0-groupManagement] INFO  server.RaftServerConfigKeys (ConfUtils.java:logGet(46)) - raft.server.leaderelection.member.majority-add = false (default)
2023-12-01 12:04:13,722 [a2bf02b8-7760-44e6-b399-ad4429aacfa0-groupManagement] INFO  server.RaftServerConfigKeys (ConfUtils.java:logGet(46)) - raft.server.sleep.deviation.threshold = 300ms (default)
2023-12-01 12:04:13,722 [a2bf02b8-7760-44e6-b399-ad4429aacfa0-groupManagement] INFO  server.RaftServer$Division (ServerState.java:<init>(113)) - a2bf02b8-7760-44e6-b399-ad4429aacfa0@group-3B1F69638C0D: ConfigurationManager, init=-1: peers:[a2bf02b8-7760-44e6-b399-ad4429aacfa0|10.1.0.24:15032]|listeners:[], old=null, confs=<EMPTY_MAP>
2023-12-01 12:04:13,722 [a2bf02b8-7760-44e6-b399-ad4429aacfa0-groupManagement] INFO  server.RaftServerConfigKeys (ConfUtils.java:logGet(46)) - raft.server.notification.no-leader.timeout = 300s (custom)
2023-12-01 12:04:13,722 [a2bf02b8-7760-44e6-b399-ad4429aacfa0-groupManagement] INFO  server.RaftServerConfigKeys (ConfUtils.java:logGet(46)) - raft.server.read.timeout = 10s (default)
2023-12-01 12:04:13,722 [a2bf02b8-7760-44e6-b399-ad4429aacfa0-groupManagement] INFO  server.RaftServerConfigKeys (ConfUtils.java:logGet(46)) - raft.server.retrycache.expirytime = 600000ms (custom)
2023-12-01 12:04:13,722 [a2bf02b8-7760-44e6-b399-ad4429aacfa0-groupManagement] INFO  server.RaftServerConfigKeys (ConfUtils.java:logGet(46)) - raft.server.retrycache.statistics.expirytime = 100ms (default)
2023-12-01 12:04:13,722 [a2bf02b8-7760-44e6-b399-ad4429aacfa0-groupManagement] INFO  server.RaftServerConfigKeys (ConfUtils.java:logGet(46)) - raft.server.read.option = DEFAULT (default)
2023-12-01 12:04:13,723 [a2bf02b8-7760-44e6-b399-ad4429aacfa0-groupManagement] INFO  server.RaftServerConfigKeys (ConfUtils.java:logGet(46)) - raft.server.read.read-after-write-consistent.write-index-cache.expiry-time = 60s (default)
2023-12-01 12:04:13,737 [a2bf02b8-7760-44e6-b399-ad4429aacfa0-groupManagement] INFO  server.RaftServerConfigKeys (ConfUtils.java:logGet(46)) - raft.server.rpc.request.timeout = 60s (custom)
2023-12-01 12:04:13,737 [a2bf02b8-7760-44e6-b399-ad4429aacfa0-groupManagement] INFO  server.RaftServerConfigKeys (ConfUtils.java:logGet(46)) - raft.server.log.appender.install.snapshot.enabled = false (custom)
2023-12-01 12:04:13,737 [a2bf02b8-7760-44e6-b399-ad4429aacfa0-groupManagement] INFO  server.RaftServerConfigKeys (ConfUtils.java:logGet(46)) - raft.server.threadpool.server.cached = true (default)
2023-12-01 12:04:13,737 [a2bf02b8-7760-44e6-b399-ad4429aacfa0-groupManagement] INFO  server.RaftServerConfigKeys (ConfUtils.java:logGet(46)) - raft.server.threadpool.server.size = 0 (default)
2023-12-01 12:04:13,737 [a2bf02b8-7760-44e6-b399-ad4429aacfa0-groupManagement] INFO  server.RaftServerConfigKeys (ConfUtils.java:logGet(46)) - raft.server.threadpool.client.cached = true (default)
2023-12-01 12:04:13,737 [a2bf02b8-7760-44e6-b399-ad4429aacfa0-groupManagement] INFO  server.RaftServerConfigKeys (ConfUtils.java:logGet(46)) - raft.server.threadpool.client.size = 0 (default)
2023-12-01 12:04:13,737 [a2bf02b8-7760-44e6-b399-ad4429aacfa0-groupManagement] INFO  server.RaftServerConfigKeys (ConfUtils.java:logGet(46)) - raft.server.storage.free-space.min = 0MB (=0) (default)
2023-12-01 12:04:13,737 [a2bf02b8-7760-44e6-b399-ad4429aacfa0-groupManagement] INFO  server.RaftServerConfigKeys (ConfUtils.java:logGet(46)) - raft.server.log.corruption.policy = EXCEPTION (default)
2023-12-01 12:04:13,737 [a2bf02b8-7760-44e6-b399-ad4429aacfa0-groupManagement] INFO  server.RaftServerConfigKeys (ConfUtils.java:logGet(46)) - raft.server.storage.dir = [/home/runner/work/ozone/ozone/hadoop-ozone/integration-test/target/test-dir/MiniOzoneClusterImpl-d99da5cf-54e3-4304-baea-1cefc2b4c4dc/datanode-2/data/ratis] (custom)
2023-12-01 12:04:13,738 [a2bf02b8-7760-44e6-b399-ad4429aacfa0-groupManagement] INFO  storage.RaftStorageDirectory (RaftStorageDirectoryImpl.java:analyzeStorage(138)) - The storage directory /home/runner/work/ozone/ozone/hadoop-ozone/integration-test/target/test-dir/MiniOzoneClusterImpl-d99da5cf-54e3-4304-baea-1cefc2b4c4dc/datanode-2/data/ratis/76ed91d3-0d11-4cfb-a06d-3b1f69638c0d does not exist. Creating ...
2023-12-01 12:04:13,739 [a2bf02b8-7760-44e6-b399-ad4429aacfa0-groupManagement] INFO  storage.RaftStorageDirectory (RaftStorageDirectoryImpl.java:tryLock(232)) - Lock on /home/runner/work/ozone/ozone/hadoop-ozone/integration-test/target/test-dir/MiniOzoneClusterImpl-d99da5cf-54e3-4304-baea-1cefc2b4c4dc/datanode-2/data/ratis/76ed91d3-0d11-4cfb-a06d-3b1f69638c0d/in_use.lock acquired by nodename 15370@fv-az1423-675
2023-12-01 12:04:13,740 [a2bf02b8-7760-44e6-b399-ad4429aacfa0-groupManagement] INFO  storage.RaftStorage (RaftStorageImpl.java:format(97)) - Storage directory /home/runner/work/ozone/ozone/hadoop-ozone/integration-test/target/test-dir/MiniOzoneClusterImpl-d99da5cf-54e3-4304-baea-1cefc2b4c4dc/datanode-2/data/ratis/76ed91d3-0d11-4cfb-a06d-3b1f69638c0d has been successfully formatted.
2023-12-01 12:04:13,745 [a2bf02b8-7760-44e6-b399-ad4429aacfa0-groupManagement] INFO  ratis.ContainerStateMachine (ContainerStateMachine.java:loadSnapshot(269)) - group-3B1F69638C0D: The snapshot info is null. Setting the last applied indexto:(t:0, i:~)
2023-12-01 12:04:13,745 [a2bf02b8-7760-44e6-b399-ad4429aacfa0-groupManagement] INFO  server.RaftServerConfigKeys (ConfUtils.java:logGet(46)) - raft.server.log.use.memory = false (default)
2023-12-01 12:04:13,745 [a2bf02b8-7760-44e6-b399-ad4429aacfa0-groupManagement] INFO  server.RaftServerConfigKeys (ConfUtils.java:logGet(46)) - raft.server.log.purge.gap = 1000000 (custom)
2023-12-01 12:04:13,745 [a2bf02b8-7760-44e6-b399-ad4429aacfa0-groupManagement] INFO  server.RaftServerConfigKeys (ConfUtils.java:logGet(46)) - raft.server.log.appender.buffer.byte-limit = 33554432 (custom)
2023-12-01 12:04:13,745 [a2bf02b8-7760-44e6-b399-ad4429aacfa0-groupManagement] INFO  server.RaftServerConfigKeys (ConfUtils.java:logGet(46)) - raft.server.log.statemachine.data.read.timeout = 1000ms (default)
2023-12-01 12:04:13,745 [a2bf02b8-7760-44e6-b399-ad4429aacfa0-groupManagement] INFO  server.RaftServerConfigKeys (ConfUtils.java:logGet(46)) - raft.server.log.purge.preservation.log.num = 0 (default)
2023-12-01 12:04:13,748 [EventQueue-PipelineReportForPipelineReportHandler] INFO  pipeline.PipelineReportHandler (PipelineReportHandler.java:processPipelineReport(136)) - Opened pipeline PipelineID=76ed91d3-0d11-4cfb-a06d-3b1f69638c0d
2023-12-01 12:04:13,748 [EventQueue-OpenPipelineForHealthyPipelineSafeModeRule] INFO  safemode.SCMSafeModeManager (HealthyPipelineSafeModeRule.java:process(137)) - SCM in safe mode. Healthy pipelines reported count is 0, required healthy pipeline reported count is 1
2023-12-01 12:04:13,749 [a2bf02b8-7760-44e6-b399-ad4429aacfa0-groupManagement] INFO  server.RaftServerConfigKeys (ConfUtils.java:logGet(46)) - raft.server.log.segment.size.max = 67108864 (custom)
2023-12-01 12:04:13,749 [a2bf02b8-7760-44e6-b399-ad4429aacfa0-groupManagement] INFO  server.RaftServerConfigKeys (ConfUtils.java:logGet(46)) - raft.server.log.segment.cache.num.max = 2 (custom)
2023-12-01 12:04:13,749 [a2bf02b8-7760-44e6-b399-ad4429aacfa0-groupManagement] INFO  server.RaftServerConfigKeys (ConfUtils.java:logGet(46)) - raft.server.log.segment.cache.size.max = 200MB (=209715200) (default)
2023-12-01 12:04:13,749 [a2bf02b8-7760-44e6-b399-ad4429aacfa0-groupManagement] INFO  server.RaftServerConfigKeys (ConfUtils.java:logGet(46)) - raft.server.log.appender.buffer.byte-limit = 33554432 (custom)
2023-12-01 12:04:13,750 [a2bf02b8-7760-44e6-b399-ad4429aacfa0-groupManagement] INFO  util.AwaitToRun (AwaitToRun.java:start(81)) - Thread[a2bf02b8-7760-44e6-b399-ad4429aacfa0@group-3B1F69638C0D-cacheEviction-AwaitToRun,5,main] started
2023-12-01 12:04:13,750 [a2bf02b8-7760-44e6-b399-ad4429aacfa0-groupManagement] INFO  segmented.SegmentedRaftLogWorker (SegmentedRaftLogWorker.java:<init>(184)) - new a2bf02b8-7760-44e6-b399-ad4429aacfa0@group-3B1F69638C0D-SegmentedRaftLogWorker for RaftStorageImpl:Storage Directory /home/runner/work/ozone/ozone/hadoop-ozone/integration-test/target/test-dir/MiniOzoneClusterImpl-d99da5cf-54e3-4304-baea-1cefc2b4c4dc/datanode-2/data/ratis/76ed91d3-0d11-4cfb-a06d-3b1f69638c0d
2023-12-01 12:04:13,750 [a2bf02b8-7760-44e6-b399-ad4429aacfa0-groupManagement] INFO  server.RaftServerConfigKeys (ConfUtils.java:logGet(46)) - raft.server.log.queue.byte-limit = 4294967296 (custom)
2023-12-01 12:04:13,750 [a2bf02b8-7760-44e6-b399-ad4429aacfa0-groupManagement] INFO  server.RaftServerConfigKeys (ConfUtils.java:logGet(46)) - raft.server.log.queue.element-limit = 1024 (custom)
2023-12-01 12:04:13,750 [a2bf02b8-7760-44e6-b399-ad4429aacfa0-groupManagement] INFO  server.RaftServerConfigKeys (ConfUtils.java:logGet(46)) - raft.server.log.segment.size.max = 67108864 (custom)
2023-12-01 12:04:13,750 [a2bf02b8-7760-44e6-b399-ad4429aacfa0-groupManagement] INFO  server.RaftServerConfigKeys (ConfUtils.java:logGet(46)) - raft.server.log.preallocated.size = 4194304 (custom)
2023-12-01 12:04:13,750 [a2bf02b8-7760-44e6-b399-ad4429aacfa0-groupManagement] INFO  server.RaftServerConfigKeys (ConfUtils.java:logGet(46)) - raft.server.log.force.sync.num = 128 (default)
2023-12-01 12:04:13,750 [a2bf02b8-7760-44e6-b399-ad4429aacfa0-groupManagement] INFO  server.RaftServerConfigKeys (ConfUtils.java:logGet(46)) - raft.server.log.statemachine.data.sync = true (default)
2023-12-01 12:04:13,750 [a2bf02b8-7760-44e6-b399-ad4429aacfa0-groupManagement] INFO  server.RaftServerConfigKeys (ConfUtils.java:logGet(46)) - raft.server.log.statemachine.data.sync.timeout = 10s (default)
2023-12-01 12:04:13,750 [a2bf02b8-7760-44e6-b399-ad4429aacfa0-groupManagement] INFO  server.RaftServerConfigKeys (ConfUtils.java:logGet(46)) - raft.server.log.statemachine.data.sync.timeout.retry = -1 (default)
2023-12-01 12:04:13,751 [a2bf02b8-7760-44e6-b399-ad4429aacfa0-groupManagement] INFO  server.RaftServerConfigKeys (ConfUtils.java:logGet(46)) - raft.server.log.write.buffer.size = 2097152 (custom)
2023-12-01 12:04:13,751 [a2bf02b8-7760-44e6-b399-ad4429aacfa0-groupManagement] INFO  server.RaftServerConfigKeys (ConfUtils.java:logGet(46)) - raft.server.log.appender.buffer.byte-limit = 33554432 (custom)
2023-12-01 12:04:13,753 [a2bf02b8-7760-44e6-b399-ad4429aacfa0-groupManagement] INFO  server.RaftServerConfigKeys (ConfUtils.java:logGet(46)) - raft.server.log.unsafe-flush.enabled = false (default)
2023-12-01 12:04:13,753 [a2bf02b8-7760-44e6-b399-ad4429aacfa0-groupManagement] INFO  server.RaftServerConfigKeys (ConfUtils.java:logGet(46)) - raft.server.log.async-flush.enabled = false (default)
2023-12-01 12:04:13,753 [a2bf02b8-7760-44e6-b399-ad4429aacfa0-groupManagement] INFO  server.RaftServerConfigKeys (ConfUtils.java:logGet(46)) - raft.server.log.statemachine.data.caching.enabled = true (custom)
2023-12-01 12:04:13,753 [a2bf02b8-7760-44e6-b399-ad4429aacfa0-groupManagement] INFO  segmented.SegmentedRaftLogWorker (SegmentedRaftLogWorker.java:lambda$new$0(135)) - a2bf02b8-7760-44e6-b399-ad4429aacfa0@group-3B1F69638C0D-SegmentedRaftLogWorker: flushIndex: setUnconditionally 0 -> -1
2023-12-01 12:04:13,753 [a2bf02b8-7760-44e6-b399-ad4429aacfa0-groupManagement] INFO  segmented.SegmentedRaftLogWorker (SegmentedRaftLogWorker.java:lambda$new$0(135)) - a2bf02b8-7760-44e6-b399-ad4429aacfa0@group-3B1F69638C0D-SegmentedRaftLogWorker: safeCacheEvictIndex: setUnconditionally 0 -> -1
2023-12-01 12:04:13,753 [a2bf02b8-7760-44e6-b399-ad4429aacfa0-groupManagement] INFO  server.RaftServer$Division (RaftServerImpl.java:start(392)) - a2bf02b8-7760-44e6-b399-ad4429aacfa0@group-3B1F69638C0D: start as a follower, conf=-1: peers:[a2bf02b8-7760-44e6-b399-ad4429aacfa0|10.1.0.24:15032]|listeners:[], old=null
2023-12-01 12:04:13,754 [a2bf02b8-7760-44e6-b399-ad4429aacfa0-groupManagement] INFO  server.RaftServer$Division (RaftServerImpl.java:setRole(379)) - a2bf02b8-7760-44e6-b399-ad4429aacfa0@group-3B1F69638C0D: changes role from      null to FOLLOWER at term 0 for startAsFollower
2023-12-01 12:04:13,754 [a2bf02b8-7760-44e6-b399-ad4429aacfa0-groupManagement] INFO  impl.RoleInfo (RoleInfo.java:updateAndGet(139)) - a2bf02b8-7760-44e6-b399-ad4429aacfa0: start a2bf02b8-7760-44e6-b399-ad4429aacfa0@group-3B1F69638C0D-FollowerState
2023-12-01 12:04:13,754 [a2bf02b8-7760-44e6-b399-ad4429aacfa0@group-3B1F69638C0D-FollowerState] INFO  server.RaftServerConfigKeys (ConfUtils.java:logFallback(53)) - raft.server.rpc.first-election.timeout.min = 5s (fallback to raft.server.rpc.timeout.min)
2023-12-01 12:04:13,754 [a2bf02b8-7760-44e6-b399-ad4429aacfa0-groupManagement] INFO  util.JmxRegister (JmxRegister.java:tryRegister(44)) - Successfully registered JMX Bean with object name Ratis:service=RaftServer,group=group-3B1F69638C0D,id=a2bf02b8-7760-44e6-b399-ad4429aacfa0
2023-12-01 12:04:13,754 [a2bf02b8-7760-44e6-b399-ad4429aacfa0-groupManagement] INFO  server.RaftServerConfigKeys (ConfUtils.java:logGet(46)) - raft.server.snapshot.trigger-when-stop.enabled = true (default)
2023-12-01 12:04:13,754 [a2bf02b8-7760-44e6-b399-ad4429aacfa0-groupManagement] INFO  server.RaftServerConfigKeys (ConfUtils.java:logGet(46)) - raft.server.snapshot.auto.trigger.enabled = true (custom)
2023-12-01 12:04:13,755 [a2bf02b8-7760-44e6-b399-ad4429aacfa0-groupManagement] INFO  server.RaftServerConfigKeys (ConfUtils.java:logGet(46)) - raft.server.snapshot.auto.trigger.threshold = 10000 (custom)
2023-12-01 12:04:13,755 [a2bf02b8-7760-44e6-b399-ad4429aacfa0-groupManagement] INFO  server.RaftServerConfigKeys (ConfUtils.java:logGet(46)) - raft.server.snapshot.retention.file.num = 5 (custom)
2023-12-01 12:04:13,755 [a2bf02b8-7760-44e6-b399-ad4429aacfa0-groupManagement] INFO  server.RaftServerConfigKeys (ConfUtils.java:logGet(46)) - raft.server.log.purge.upto.snapshot.index = false (default)
2023-12-01 12:04:13,754 [a2bf02b8-7760-44e6-b399-ad4429aacfa0@group-3B1F69638C0D-FollowerState] INFO  server.RaftServerConfigKeys (ConfUtils.java:logFallback(53)) - raft.server.rpc.first-election.timeout.max = 5200ms (fallback to raft.server.rpc.timeout.max)
2023-12-01 12:04:13,756 [a2bf02b8-7760-44e6-b399-ad4429aacfa0-PipelineCommandHandlerThread-0] INFO  ratis.XceiverServerRatis (XceiverServerRatis.java:addGroup(814)) - Created group PipelineID=76ed91d3-0d11-4cfb-a06d-3b1f69638c0d
2023-12-01 12:04:13,756 [a2bf02b8-7760-44e6-b399-ad4429aacfa0-PipelineCommandHandlerThread-0] INFO  commandhandler.CreatePipelineCommandHandler (CreatePipelineCommandHandler.java:lambda$handle$2(124)) - Created Pipeline RATIS ONE PipelineID=76ed91d3-0d11-4cfb-a06d-3b1f69638c0d.
2023-12-01 12:04:13,757 [a2bf02b8-7760-44e6-b399-ad4429aacfa0-PipelineCommandHandlerThread-0] INFO  server.RaftServer (RaftServerProxy.java:addNew(100)) - a2bf02b8-7760-44e6-b399-ad4429aacfa0: addNew group-3FFCFFD79986:[144aaeee-fb04-48fb-9b63-1a6b7587bad5|10.1.0.24:15023, e4101cf6-f8c4-4d95-a998-136b2bec65e8|10.1.0.24:15014, a2bf02b8-7760-44e6-b399-ad4429aacfa0|10.1.0.24:15032] returns group-3FFCFFD79986:java.util.concurrent.CompletableFuture@42bd1bc[Not completed]
2023-12-01 12:04:13,758 [a2bf02b8-7760-44e6-b399-ad4429aacfa0-groupManagement] INFO  server.RaftServer$Division (RaftServerImpl.java:<init>(256)) - a2bf02b8-7760-44e6-b399-ad4429aacfa0: new RaftServerImpl for group-3FFCFFD79986:[144aaeee-fb04-48fb-9b63-1a6b7587bad5|10.1.0.24:15023, e4101cf6-f8c4-4d95-a998-136b2bec65e8|10.1.0.24:15014, a2bf02b8-7760-44e6-b399-ad4429aacfa0|10.1.0.24:15032] with ContainerStateMachine:uninitialized
2023-12-01 12:04:13,758 [a2bf02b8-7760-44e6-b399-ad4429aacfa0-groupManagement] INFO  server.RaftServerConfigKeys (ConfUtils.java:logGet(46)) - raft.server.rpc.timeout.min = 5s (custom)
2023-12-01 12:04:13,758 [a2bf02b8-7760-44e6-b399-ad4429aacfa0-groupManagement] INFO  server.RaftServerConfigKeys (ConfUtils.java:logGet(46)) - raft.server.rpc.timeout.max = 5200ms (custom)
2023-12-01 12:04:13,758 [a2bf02b8-7760-44e6-b399-ad4429aacfa0-groupManagement] INFO  server.RaftServerConfigKeys (ConfUtils.java:logGet(46)) - raft.server.rpc.sleep.time = 25ms (default)
2023-12-01 12:04:13,759 [a2bf02b8-7760-44e6-b399-ad4429aacfa0-groupManagement] INFO  server.RaftServerConfigKeys (ConfUtils.java:logGet(46)) - raft.server.rpc.slowness.timeout = 300s (custom)
2023-12-01 12:04:13,759 [a2bf02b8-7760-44e6-b399-ad4429aacfa0-groupManagement] INFO  server.RaftServerConfigKeys (ConfUtils.java:logGet(46)) - raft.server.leaderelection.leader.step-down.wait-time = 10s (default)
2023-12-01 12:04:13,759 [a2bf02b8-7760-44e6-b399-ad4429aacfa0-groupManagement] INFO  server.RaftServerConfigKeys (ConfUtils.java:logGet(46)) - raft.server.leaderelection.member.majority-add = false (default)
2023-12-01 12:04:13,759 [a2bf02b8-7760-44e6-b399-ad4429aacfa0-groupManagement] INFO  server.RaftServerConfigKeys (ConfUtils.java:logGet(46)) - raft.server.sleep.deviation.threshold = 300ms (default)
2023-12-01 12:04:13,759 [a2bf02b8-7760-44e6-b399-ad4429aacfa0-groupManagement] INFO  server.RaftServer$Division (ServerState.java:<init>(113)) - a2bf02b8-7760-44e6-b399-ad4429aacfa0@group-3FFCFFD79986: ConfigurationManager, init=-1: peers:[144aaeee-fb04-48fb-9b63-1a6b7587bad5|10.1.0.24:15023, e4101cf6-f8c4-4d95-a998-136b2bec65e8|10.1.0.24:15014, a2bf02b8-7760-44e6-b399-ad4429aacfa0|10.1.0.24:15032]|listeners:[], old=null, confs=<EMPTY_MAP>
2023-12-01 12:04:13,759 [a2bf02b8-7760-44e6-b399-ad4429aacfa0-groupManagement] INFO  server.RaftServerConfigKeys (ConfUtils.java:logGet(46)) - raft.server.notification.no-leader.timeout = 300s (custom)
2023-12-01 12:04:13,759 [a2bf02b8-7760-44e6-b399-ad4429aacfa0-groupManagement] INFO  server.RaftServerConfigKeys (ConfUtils.java:logGet(46)) - raft.server.read.timeout = 10s (default)
2023-12-01 12:04:13,759 [a2bf02b8-7760-44e6-b399-ad4429aacfa0-groupManagement] INFO  server.RaftServerConfigKeys (ConfUtils.java:logGet(46)) - raft.server.retrycache.expirytime = 600000ms (custom)
2023-12-01 12:04:13,759 [a2bf02b8-7760-44e6-b399-ad4429aacfa0-groupManagement] INFO  server.RaftServerConfigKeys (ConfUtils.java:logGet(46)) - raft.server.retrycache.statistics.expirytime = 100ms (default)
2023-12-01 12:04:13,759 [a2bf02b8-7760-44e6-b399-ad4429aacfa0-groupManagement] INFO  server.RaftServerConfigKeys (ConfUtils.java:logGet(46)) - raft.server.read.option = DEFAULT (default)
2023-12-01 12:04:13,759 [a2bf02b8-7760-44e6-b399-ad4429aacfa0-groupManagement] INFO  server.RaftServerConfigKeys (ConfUtils.java:logGet(46)) - raft.server.read.read-after-write-consistent.write-index-cache.expiry-time = 60s (default)
2023-12-01 12:04:13,763 [a2bf02b8-7760-44e6-b399-ad4429aacfa0-groupManagement] INFO  server.RaftServerConfigKeys (ConfUtils.java:logGet(46)) - raft.server.rpc.request.timeout = 60s (custom)
2023-12-01 12:04:13,763 [a2bf02b8-7760-44e6-b399-ad4429aacfa0-groupManagement] INFO  server.RaftServerConfigKeys (ConfUtils.java:logGet(46)) - raft.server.log.appender.install.snapshot.enabled = false (custom)
2023-12-01 12:04:13,763 [a2bf02b8-7760-44e6-b399-ad4429aacfa0-groupManagement] INFO  server.RaftServerConfigKeys (ConfUtils.java:logGet(46)) - raft.server.threadpool.server.cached = true (default)
2023-12-01 12:04:13,763 [a2bf02b8-7760-44e6-b399-ad4429aacfa0-groupManagement] INFO  server.RaftServerConfigKeys (ConfUtils.java:logGet(46)) - raft.server.threadpool.server.size = 0 (default)
2023-12-01 12:04:13,763 [a2bf02b8-7760-44e6-b399-ad4429aacfa0-groupManagement] INFO  server.RaftServerConfigKeys (ConfUtils.java:logGet(46)) - raft.server.threadpool.client.cached = true (default)
2023-12-01 12:04:13,763 [a2bf02b8-7760-44e6-b399-ad4429aacfa0-groupManagement] INFO  server.RaftServerConfigKeys (ConfUtils.java:logGet(46)) - raft.server.threadpool.client.size = 0 (default)
2023-12-01 12:04:13,763 [a2bf02b8-7760-44e6-b399-ad4429aacfa0-groupManagement] INFO  server.RaftServerConfigKeys (ConfUtils.java:logGet(46)) - raft.server.storage.free-space.min = 0MB (=0) (default)
2023-12-01 12:04:13,763 [a2bf02b8-7760-44e6-b399-ad4429aacfa0-groupManagement] INFO  server.RaftServerConfigKeys (ConfUtils.java:logGet(46)) - raft.server.log.corruption.policy = EXCEPTION (default)
2023-12-01 12:04:13,763 [a2bf02b8-7760-44e6-b399-ad4429aacfa0-groupManagement] INFO  server.RaftServerConfigKeys (ConfUtils.java:logGet(46)) - raft.server.storage.dir = [/home/runner/work/ozone/ozone/hadoop-ozone/integration-test/target/test-dir/MiniOzoneClusterImpl-d99da5cf-54e3-4304-baea-1cefc2b4c4dc/datanode-2/data/ratis] (custom)
2023-12-01 12:04:13,764 [a2bf02b8-7760-44e6-b399-ad4429aacfa0-groupManagement] INFO  storage.RaftStorageDirectory (RaftStorageDirectoryImpl.java:analyzeStorage(138)) - The storage directory /home/runner/work/ozone/ozone/hadoop-ozone/integration-test/target/test-dir/MiniOzoneClusterImpl-d99da5cf-54e3-4304-baea-1cefc2b4c4dc/datanode-2/data/ratis/6b4773d7-470c-4514-b2ab-3ffcffd79986 does not exist. Creating ...
2023-12-01 12:04:13,765 [a2bf02b8-7760-44e6-b399-ad4429aacfa0-groupManagement] INFO  storage.RaftStorageDirectory (RaftStorageDirectoryImpl.java:tryLock(232)) - Lock on /home/runner/work/ozone/ozone/hadoop-ozone/integration-test/target/test-dir/MiniOzoneClusterImpl-d99da5cf-54e3-4304-baea-1cefc2b4c4dc/datanode-2/data/ratis/6b4773d7-470c-4514-b2ab-3ffcffd79986/in_use.lock acquired by nodename 15370@fv-az1423-675
2023-12-01 12:04:13,766 [a2bf02b8-7760-44e6-b399-ad4429aacfa0-groupManagement] INFO  storage.RaftStorage (RaftStorageImpl.java:format(97)) - Storage directory /home/runner/work/ozone/ozone/hadoop-ozone/integration-test/target/test-dir/MiniOzoneClusterImpl-d99da5cf-54e3-4304-baea-1cefc2b4c4dc/datanode-2/data/ratis/6b4773d7-470c-4514-b2ab-3ffcffd79986 has been successfully formatted.
2023-12-01 12:04:13,766 [a2bf02b8-7760-44e6-b399-ad4429aacfa0-groupManagement] INFO  ratis.ContainerStateMachine (ContainerStateMachine.java:loadSnapshot(269)) - group-3FFCFFD79986: The snapshot info is null. Setting the last applied indexto:(t:0, i:~)
2023-12-01 12:04:13,766 [a2bf02b8-7760-44e6-b399-ad4429aacfa0-groupManagement] INFO  server.RaftServerConfigKeys (ConfUtils.java:logGet(46)) - raft.server.log.use.memory = false (default)
2023-12-01 12:04:13,766 [a2bf02b8-7760-44e6-b399-ad4429aacfa0-groupManagement] INFO  server.RaftServerConfigKeys (ConfUtils.java:logGet(46)) - raft.server.log.purge.gap = 1000000 (custom)
2023-12-01 12:04:13,767 [a2bf02b8-7760-44e6-b399-ad4429aacfa0-groupManagement] INFO  server.RaftServerConfigKeys (ConfUtils.java:logGet(46)) - raft.server.log.appender.buffer.byte-limit = 33554432 (custom)
2023-12-01 12:04:13,767 [a2bf02b8-7760-44e6-b399-ad4429aacfa0-groupManagement] INFO  server.RaftServerConfigKeys (ConfUtils.java:logGet(46)) - raft.server.log.statemachine.data.read.timeout = 1000ms (default)
2023-12-01 12:04:13,767 [a2bf02b8-7760-44e6-b399-ad4429aacfa0-groupManagement] INFO  server.RaftServerConfigKeys (ConfUtils.java:logGet(46)) - raft.server.log.purge.preservation.log.num = 0 (default)
2023-12-01 12:04:13,769 [EventQueue-OpenPipelineForHealthyPipelineSafeModeRule] INFO  safemode.SCMSafeModeManager (HealthyPipelineSafeModeRule.java:process(137)) - SCM in safe mode. Healthy pipelines reported count is 0, required healthy pipeline reported count is 1
2023-12-01 12:04:13,770 [a2bf02b8-7760-44e6-b399-ad4429aacfa0-groupManagement] INFO  server.RaftServerConfigKeys (ConfUtils.java:logGet(46)) - raft.server.log.segment.size.max = 67108864 (custom)
2023-12-01 12:04:13,770 [a2bf02b8-7760-44e6-b399-ad4429aacfa0-groupManagement] INFO  server.RaftServerConfigKeys (ConfUtils.java:logGet(46)) - raft.server.log.segment.cache.num.max = 2 (custom)
2023-12-01 12:04:13,770 [a2bf02b8-7760-44e6-b399-ad4429aacfa0-groupManagement] INFO  server.RaftServerConfigKeys (ConfUtils.java:logGet(46)) - raft.server.log.segment.cache.size.max = 200MB (=209715200) (default)
2023-12-01 12:04:13,770 [a2bf02b8-7760-44e6-b399-ad4429aacfa0-groupManagement] INFO  server.RaftServerConfigKeys (ConfUtils.java:logGet(46)) - raft.server.log.appender.buffer.byte-limit = 33554432 (custom)
2023-12-01 12:04:13,770 [a2bf02b8-7760-44e6-b399-ad4429aacfa0-groupManagement] INFO  util.AwaitToRun (AwaitToRun.java:start(81)) - Thread[a2bf02b8-7760-44e6-b399-ad4429aacfa0@group-3FFCFFD79986-cacheEviction-AwaitToRun,5,main] started
2023-12-01 12:04:13,770 [a2bf02b8-7760-44e6-b399-ad4429aacfa0-groupManagement] INFO  segmented.SegmentedRaftLogWorker (SegmentedRaftLogWorker.java:<init>(184)) - new a2bf02b8-7760-44e6-b399-ad4429aacfa0@group-3FFCFFD79986-SegmentedRaftLogWorker for RaftStorageImpl:Storage Directory /home/runner/work/ozone/ozone/hadoop-ozone/integration-test/target/test-dir/MiniOzoneClusterImpl-d99da5cf-54e3-4304-baea-1cefc2b4c4dc/datanode-2/data/ratis/6b4773d7-470c-4514-b2ab-3ffcffd79986
2023-12-01 12:04:13,771 [a2bf02b8-7760-44e6-b399-ad4429aacfa0-groupManagement] INFO  server.RaftServerConfigKeys (ConfUtils.java:logGet(46)) - raft.server.log.queue.byte-limit = 4294967296 (custom)
2023-12-01 12:04:13,771 [a2bf02b8-7760-44e6-b399-ad4429aacfa0-groupManagement] INFO  server.RaftServerConfigKeys (ConfUtils.java:logGet(46)) - raft.server.log.queue.element-limit = 1024 (custom)
2023-12-01 12:04:13,771 [a2bf02b8-7760-44e6-b399-ad4429aacfa0-groupManagement] INFO  server.RaftServerConfigKeys (ConfUtils.java:logGet(46)) - raft.server.log.segment.size.max = 67108864 (custom)
2023-12-01 12:04:13,771 [a2bf02b8-7760-44e6-b399-ad4429aacfa0-groupManagement] INFO  server.RaftServerConfigKeys (ConfUtils.java:logGet(46)) - raft.server.log.preallocated.size = 4194304 (custom)
2023-12-01 12:04:13,771 [a2bf02b8-7760-44e6-b399-ad4429aacfa0-groupManagement] INFO  server.RaftServerConfigKeys (ConfUtils.java:logGet(46)) - raft.server.log.force.sync.num = 128 (default)
2023-12-01 12:04:13,771 [a2bf02b8-7760-44e6-b399-ad4429aacfa0-groupManagement] INFO  server.RaftServerConfigKeys (ConfUtils.java:logGet(46)) - raft.server.log.statemachine.data.sync = true (default)
2023-12-01 12:04:13,771 [a2bf02b8-7760-44e6-b399-ad4429aacfa0-groupManagement] INFO  server.RaftServerConfigKeys (ConfUtils.java:logGet(46)) - raft.server.log.statemachine.data.sync.timeout = 10s (default)
2023-12-01 12:04:13,771 [a2bf02b8-7760-44e6-b399-ad4429aacfa0-groupManagement] INFO  server.RaftServerConfigKeys (ConfUtils.java:logGet(46)) - raft.server.log.statemachine.data.sync.timeout.retry = -1 (default)
2023-12-01 12:04:13,772 [a2bf02b8-7760-44e6-b399-ad4429aacfa0-groupManagement] INFO  server.RaftServerConfigKeys (ConfUtils.java:logGet(46)) - raft.server.log.write.buffer.size = 2097152 (custom)
2023-12-01 12:04:13,772 [a2bf02b8-7760-44e6-b399-ad4429aacfa0-groupManagement] INFO  server.RaftServerConfigKeys (ConfUtils.java:logGet(46)) - raft.server.log.appender.buffer.byte-limit = 33554432 (custom)
2023-12-01 12:04:13,773 [a2bf02b8-7760-44e6-b399-ad4429aacfa0-groupManagement] INFO  server.RaftServerConfigKeys (ConfUtils.java:logGet(46)) - raft.server.log.unsafe-flush.enabled = false (default)
2023-12-01 12:04:13,773 [a2bf02b8-7760-44e6-b399-ad4429aacfa0-groupManagement] INFO  server.RaftServerConfigKeys (ConfUtils.java:logGet(46)) - raft.server.log.async-flush.enabled = false (default)
2023-12-01 12:04:13,773 [a2bf02b8-7760-44e6-b399-ad4429aacfa0-groupManagement] INFO  server.RaftServerConfigKeys (ConfUtils.java:logGet(46)) - raft.server.log.statemachine.data.caching.enabled = true (custom)
2023-12-01 12:04:13,774 [a2bf02b8-7760-44e6-b399-ad4429aacfa0-groupManagement] INFO  segmented.SegmentedRaftLogWorker (SegmentedRaftLogWorker.java:lambda$new$0(135)) - a2bf02b8-7760-44e6-b399-ad4429aacfa0@group-3FFCFFD79986-SegmentedRaftLogWorker: flushIndex: setUnconditionally 0 -> -1
2023-12-01 12:04:13,774 [a2bf02b8-7760-44e6-b399-ad4429aacfa0-groupManagement] INFO  segmented.SegmentedRaftLogWorker (SegmentedRaftLogWorker.java:lambda$new$0(135)) - a2bf02b8-7760-44e6-b399-ad4429aacfa0@group-3FFCFFD79986-SegmentedRaftLogWorker: safeCacheEvictIndex: setUnconditionally 0 -> -1
2023-12-01 12:04:13,775 [a2bf02b8-7760-44e6-b399-ad4429aacfa0-groupManagement] INFO  server.RaftServer$Division (RaftServerImpl.java:start(392)) - a2bf02b8-7760-44e6-b399-ad4429aacfa0@group-3FFCFFD79986: start as a follower, conf=-1: peers:[144aaeee-fb04-48fb-9b63-1a6b7587bad5|10.1.0.24:15023, e4101cf6-f8c4-4d95-a998-136b2bec65e8|10.1.0.24:15014, a2bf02b8-7760-44e6-b399-ad4429aacfa0|10.1.0.24:15032]|listeners:[], old=null
2023-12-01 12:04:13,775 [a2bf02b8-7760-44e6-b399-ad4429aacfa0-groupManagement] INFO  server.RaftServer$Division (RaftServerImpl.java:setRole(379)) - a2bf02b8-7760-44e6-b399-ad4429aacfa0@group-3FFCFFD79986: changes role from      null to FOLLOWER at term 0 for startAsFollower
2023-12-01 12:04:13,775 [a2bf02b8-7760-44e6-b399-ad4429aacfa0-groupManagement] INFO  impl.RoleInfo (RoleInfo.java:updateAndGet(139)) - a2bf02b8-7760-44e6-b399-ad4429aacfa0: start a2bf02b8-7760-44e6-b399-ad4429aacfa0@group-3FFCFFD79986-FollowerState
2023-12-01 12:04:13,782 [a2bf02b8-7760-44e6-b399-ad4429aacfa0-groupManagement] INFO  util.JmxRegister (JmxRegister.java:tryRegister(44)) - Successfully registered JMX Bean with object name Ratis:service=RaftServer,group=group-3FFCFFD79986,id=a2bf02b8-7760-44e6-b399-ad4429aacfa0
2023-12-01 12:04:13,782 [a2bf02b8-7760-44e6-b399-ad4429aacfa0-groupManagement] INFO  server.RaftServerConfigKeys (ConfUtils.java:logGet(46)) - raft.server.snapshot.trigger-when-stop.enabled = true (default)
2023-12-01 12:04:13,782 [a2bf02b8-7760-44e6-b399-ad4429aacfa0-groupManagement] INFO  server.RaftServerConfigKeys (ConfUtils.java:logGet(46)) - raft.server.snapshot.auto.trigger.enabled = true (custom)
2023-12-01 12:04:13,782 [a2bf02b8-7760-44e6-b399-ad4429aacfa0-groupManagement] INFO  server.RaftServerConfigKeys (ConfUtils.java:logGet(46)) - raft.server.snapshot.auto.trigger.threshold = 10000 (custom)
2023-12-01 12:04:13,783 [a2bf02b8-7760-44e6-b399-ad4429aacfa0-groupManagement] INFO  server.RaftServerConfigKeys (ConfUtils.java:logGet(46)) - raft.server.snapshot.retention.file.num = 5 (custom)
2023-12-01 12:04:13,783 [a2bf02b8-7760-44e6-b399-ad4429aacfa0-groupManagement] INFO  server.RaftServerConfigKeys (ConfUtils.java:logGet(46)) - raft.server.log.purge.upto.snapshot.index = false (default)
2023-12-01 12:04:13,784 [a2bf02b8-7760-44e6-b399-ad4429aacfa0-PipelineCommandHandlerThread-0] INFO  ratis.XceiverServerRatis (XceiverServerRatis.java:addGroup(814)) - Created group PipelineID=6b4773d7-470c-4514-b2ab-3ffcffd79986
2023-12-01 12:04:13,784 [a2bf02b8-7760-44e6-b399-ad4429aacfa0@group-3FFCFFD79986-FollowerState] INFO  server.RaftServerConfigKeys (ConfUtils.java:logFallback(53)) - raft.server.rpc.first-election.timeout.min = 5s (fallback to raft.server.rpc.timeout.min)
2023-12-01 12:04:13,784 [a2bf02b8-7760-44e6-b399-ad4429aacfa0@group-3FFCFFD79986-FollowerState] INFO  server.RaftServerConfigKeys (ConfUtils.java:logFallback(53)) - raft.server.rpc.first-election.timeout.max = 5200ms (fallback to raft.server.rpc.timeout.max)
2023-12-01 12:04:13,798 [a78ad617-b5b5-46fb-9003-310abdef56ad-PipelineCommandHandlerThread-0] INFO  server.RaftServer (RaftServerProxy.java:addNew(100)) - a78ad617-b5b5-46fb-9003-310abdef56ad: addNew group-B846DEF2E57E:[a78ad617-b5b5-46fb-9003-310abdef56ad|10.1.0.24:15041] returns group-B846DEF2E57E:java.util.concurrent.CompletableFuture@14db1319[Not completed]
2023-12-01 12:04:13,800 [a78ad617-b5b5-46fb-9003-310abdef56ad-groupManagement] INFO  server.RaftServer$Division (RaftServerImpl.java:<init>(256)) - a78ad617-b5b5-46fb-9003-310abdef56ad: new RaftServerImpl for group-B846DEF2E57E:[a78ad617-b5b5-46fb-9003-310abdef56ad|10.1.0.24:15041] with ContainerStateMachine:uninitialized
2023-12-01 12:04:13,800 [a78ad617-b5b5-46fb-9003-310abdef56ad-groupManagement] INFO  server.RaftServerConfigKeys (ConfUtils.java:logGet(46)) - raft.server.rpc.timeout.min = 5s (custom)
2023-12-01 12:04:13,800 [a78ad617-b5b5-46fb-9003-310abdef56ad-groupManagement] INFO  server.RaftServerConfigKeys (ConfUtils.java:logGet(46)) - raft.server.rpc.timeout.max = 5200ms (custom)
2023-12-01 12:04:13,800 [a78ad617-b5b5-46fb-9003-310abdef56ad-groupManagement] INFO  server.RaftServerConfigKeys (ConfUtils.java:logGet(46)) - raft.server.rpc.sleep.time = 25ms (default)
2023-12-01 12:04:13,800 [a78ad617-b5b5-46fb-9003-310abdef56ad-groupManagement] INFO  server.RaftServerConfigKeys (ConfUtils.java:logGet(46)) - raft.server.rpc.slowness.timeout = 300s (custom)
2023-12-01 12:04:13,800 [a78ad617-b5b5-46fb-9003-310abdef56ad-groupManagement] INFO  server.RaftServerConfigKeys (ConfUtils.java:logGet(46)) - raft.server.leaderelection.leader.step-down.wait-time = 10s (default)
2023-12-01 12:04:13,800 [a78ad617-b5b5-46fb-9003-310abdef56ad-groupManagement] INFO  server.RaftServerConfigKeys (ConfUtils.java:logGet(46)) - raft.server.leaderelection.member.majority-add = false (default)
2023-12-01 12:04:13,800 [a78ad617-b5b5-46fb-9003-310abdef56ad-groupManagement] INFO  server.RaftServerConfigKeys (ConfUtils.java:logGet(46)) - raft.server.sleep.deviation.threshold = 300ms (default)
2023-12-01 12:04:13,801 [a78ad617-b5b5-46fb-9003-310abdef56ad-groupManagement] INFO  server.RaftServer$Division (ServerState.java:<init>(113)) - a78ad617-b5b5-46fb-9003-310abdef56ad@group-B846DEF2E57E: ConfigurationManager, init=-1: peers:[a78ad617-b5b5-46fb-9003-310abdef56ad|10.1.0.24:15041]|listeners:[], old=null, confs=<EMPTY_MAP>
2023-12-01 12:04:13,801 [a78ad617-b5b5-46fb-9003-310abdef56ad-groupManagement] INFO  server.RaftServerConfigKeys (ConfUtils.java:logGet(46)) - raft.server.notification.no-leader.timeout = 300s (custom)
2023-12-01 12:04:13,801 [a78ad617-b5b5-46fb-9003-310abdef56ad-groupManagement] INFO  server.RaftServerConfigKeys (ConfUtils.java:logGet(46)) - raft.server.read.timeout = 10s (default)
2023-12-01 12:04:13,801 [a78ad617-b5b5-46fb-9003-310abdef56ad-groupManagement] INFO  server.RaftServerConfigKeys (ConfUtils.java:logGet(46)) - raft.server.retrycache.expirytime = 600000ms (custom)
2023-12-01 12:04:13,801 [a78ad617-b5b5-46fb-9003-310abdef56ad-groupManagement] INFO  server.RaftServerConfigKeys (ConfUtils.java:logGet(46)) - raft.server.retrycache.statistics.expirytime = 100ms (default)
2023-12-01 12:04:13,801 [a78ad617-b5b5-46fb-9003-310abdef56ad-groupManagement] INFO  server.RaftServerConfigKeys (ConfUtils.java:logGet(46)) - raft.server.read.option = DEFAULT (default)
2023-12-01 12:04:13,801 [a78ad617-b5b5-46fb-9003-310abdef56ad-groupManagement] INFO  server.RaftServerConfigKeys (ConfUtils.java:logGet(46)) - raft.server.read.read-after-write-consistent.write-index-cache.expiry-time = 60s (default)
2023-12-01 12:04:13,805 [a78ad617-b5b5-46fb-9003-310abdef56ad-groupManagement] INFO  server.RaftServerConfigKeys (ConfUtils.java:logGet(46)) - raft.server.rpc.request.timeout = 60s (custom)
2023-12-01 12:04:13,805 [a78ad617-b5b5-46fb-9003-310abdef56ad-groupManagement] INFO  server.RaftServerConfigKeys (ConfUtils.java:logGet(46)) - raft.server.log.appender.install.snapshot.enabled = false (custom)
2023-12-01 12:04:13,805 [a78ad617-b5b5-46fb-9003-310abdef56ad-groupManagement] INFO  server.RaftServerConfigKeys (ConfUtils.java:logGet(46)) - raft.server.threadpool.server.cached = true (default)
2023-12-01 12:04:13,805 [a78ad617-b5b5-46fb-9003-310abdef56ad-groupManagement] INFO  server.RaftServerConfigKeys (ConfUtils.java:logGet(46)) - raft.server.threadpool.server.size = 0 (default)
2023-12-01 12:04:13,805 [a78ad617-b5b5-46fb-9003-310abdef56ad-groupManagement] INFO  server.RaftServerConfigKeys (ConfUtils.java:logGet(46)) - raft.server.threadpool.client.cached = true (default)
2023-12-01 12:04:13,805 [a78ad617-b5b5-46fb-9003-310abdef56ad-groupManagement] INFO  server.RaftServerConfigKeys (ConfUtils.java:logGet(46)) - raft.server.threadpool.client.size = 0 (default)
2023-12-01 12:04:13,805 [a78ad617-b5b5-46fb-9003-310abdef56ad-groupManagement] INFO  server.RaftServerConfigKeys (ConfUtils.java:logGet(46)) - raft.server.storage.free-space.min = 0MB (=0) (default)
2023-12-01 12:04:13,805 [a78ad617-b5b5-46fb-9003-310abdef56ad-groupManagement] INFO  server.RaftServerConfigKeys (ConfUtils.java:logGet(46)) - raft.server.log.corruption.policy = EXCEPTION (default)
2023-12-01 12:04:13,805 [a78ad617-b5b5-46fb-9003-310abdef56ad-groupManagement] INFO  server.RaftServerConfigKeys (ConfUtils.java:logGet(46)) - raft.server.storage.dir = [/home/runner/work/ozone/ozone/hadoop-ozone/integration-test/target/test-dir/MiniOzoneClusterImpl-d99da5cf-54e3-4304-baea-1cefc2b4c4dc/datanode-3/data/ratis] (custom)
2023-12-01 12:04:13,806 [a78ad617-b5b5-46fb-9003-310abdef56ad-groupManagement] INFO  storage.RaftStorageDirectory (RaftStorageDirectoryImpl.java:analyzeStorage(138)) - The storage directory /home/runner/work/ozone/ozone/hadoop-ozone/integration-test/target/test-dir/MiniOzoneClusterImpl-d99da5cf-54e3-4304-baea-1cefc2b4c4dc/datanode-3/data/ratis/f357c32d-da3c-4b0e-a1f7-b846def2e57e does not exist. Creating ...
2023-12-01 12:04:13,807 [a78ad617-b5b5-46fb-9003-310abdef56ad-groupManagement] INFO  storage.RaftStorageDirectory (RaftStorageDirectoryImpl.java:tryLock(232)) - Lock on /home/runner/work/ozone/ozone/hadoop-ozone/integration-test/target/test-dir/MiniOzoneClusterImpl-d99da5cf-54e3-4304-baea-1cefc2b4c4dc/datanode-3/data/ratis/f357c32d-da3c-4b0e-a1f7-b846def2e57e/in_use.lock acquired by nodename 15370@fv-az1423-675
2023-12-01 12:04:13,811 [a78ad617-b5b5-46fb-9003-310abdef56ad-groupManagement] INFO  storage.RaftStorage (RaftStorageImpl.java:format(97)) - Storage directory /home/runner/work/ozone/ozone/hadoop-ozone/integration-test/target/test-dir/MiniOzoneClusterImpl-d99da5cf-54e3-4304-baea-1cefc2b4c4dc/datanode-3/data/ratis/f357c32d-da3c-4b0e-a1f7-b846def2e57e has been successfully formatted.
2023-12-01 12:04:13,812 [a78ad617-b5b5-46fb-9003-310abdef56ad-groupManagement] INFO  ratis.ContainerStateMachine (ContainerStateMachine.java:loadSnapshot(269)) - group-B846DEF2E57E: The snapshot info is null. Setting the last applied indexto:(t:0, i:~)
2023-12-01 12:04:13,812 [a78ad617-b5b5-46fb-9003-310abdef56ad-groupManagement] INFO  server.RaftServerConfigKeys (ConfUtils.java:logGet(46)) - raft.server.log.use.memory = false (default)
2023-12-01 12:04:13,812 [a78ad617-b5b5-46fb-9003-310abdef56ad-groupManagement] INFO  server.RaftServerConfigKeys (ConfUtils.java:logGet(46)) - raft.server.log.purge.gap = 1000000 (custom)
2023-12-01 12:04:13,813 [a78ad617-b5b5-46fb-9003-310abdef56ad-groupManagement] INFO  server.RaftServerConfigKeys (ConfUtils.java:logGet(46)) - raft.server.log.appender.buffer.byte-limit = 33554432 (custom)
2023-12-01 12:04:13,813 [a78ad617-b5b5-46fb-9003-310abdef56ad-groupManagement] INFO  server.RaftServerConfigKeys (ConfUtils.java:logGet(46)) - raft.server.log.statemachine.data.read.timeout = 1000ms (default)
2023-12-01 12:04:13,813 [a78ad617-b5b5-46fb-9003-310abdef56ad-groupManagement] INFO  server.RaftServerConfigKeys (ConfUtils.java:logGet(46)) - raft.server.log.purge.preservation.log.num = 0 (default)
2023-12-01 12:04:13,815 [a78ad617-b5b5-46fb-9003-310abdef56ad-groupManagement] INFO  server.RaftServerConfigKeys (ConfUtils.java:logGet(46)) - raft.server.log.segment.size.max = 67108864 (custom)
2023-12-01 12:04:13,815 [EventQueue-PipelineReportForPipelineReportHandler] INFO  pipeline.PipelineReportHandler (PipelineReportHandler.java:processPipelineReport(136)) - Opened pipeline PipelineID=f357c32d-da3c-4b0e-a1f7-b846def2e57e
2023-12-01 12:04:13,816 [EventQueue-OpenPipelineForHealthyPipelineSafeModeRule] INFO  safemode.SCMSafeModeManager (HealthyPipelineSafeModeRule.java:process(137)) - SCM in safe mode. Healthy pipelines reported count is 0, required healthy pipeline reported count is 1
2023-12-01 12:04:13,816 [a78ad617-b5b5-46fb-9003-310abdef56ad-groupManagement] INFO  server.RaftServerConfigKeys (ConfUtils.java:logGet(46)) - raft.server.log.segment.cache.num.max = 2 (custom)
2023-12-01 12:04:13,816 [a78ad617-b5b5-46fb-9003-310abdef56ad-groupManagement] INFO  server.RaftServerConfigKeys (ConfUtils.java:logGet(46)) - raft.server.log.segment.cache.size.max = 200MB (=209715200) (default)
2023-12-01 12:04:13,816 [a78ad617-b5b5-46fb-9003-310abdef56ad-groupManagement] INFO  server.RaftServerConfigKeys (ConfUtils.java:logGet(46)) - raft.server.log.appender.buffer.byte-limit = 33554432 (custom)
2023-12-01 12:04:13,816 [a78ad617-b5b5-46fb-9003-310abdef56ad-groupManagement] INFO  util.AwaitToRun (AwaitToRun.java:start(81)) - Thread[a78ad617-b5b5-46fb-9003-310abdef56ad@group-B846DEF2E57E-cacheEviction-AwaitToRun,5,main] started
2023-12-01 12:04:13,816 [a78ad617-b5b5-46fb-9003-310abdef56ad-groupManagement] INFO  segmented.SegmentedRaftLogWorker (SegmentedRaftLogWorker.java:<init>(184)) - new a78ad617-b5b5-46fb-9003-310abdef56ad@group-B846DEF2E57E-SegmentedRaftLogWorker for RaftStorageImpl:Storage Directory /home/runner/work/ozone/ozone/hadoop-ozone/integration-test/target/test-dir/MiniOzoneClusterImpl-d99da5cf-54e3-4304-baea-1cefc2b4c4dc/datanode-3/data/ratis/f357c32d-da3c-4b0e-a1f7-b846def2e57e
2023-12-01 12:04:13,816 [a78ad617-b5b5-46fb-9003-310abdef56ad-groupManagement] INFO  server.RaftServerConfigKeys (ConfUtils.java:logGet(46)) - raft.server.log.queue.byte-limit = 4294967296 (custom)
2023-12-01 12:04:13,817 [a78ad617-b5b5-46fb-9003-310abdef56ad-groupManagement] INFO  server.RaftServerConfigKeys (ConfUtils.java:logGet(46)) - raft.server.log.queue.element-limit = 1024 (custom)
2023-12-01 12:04:13,817 [a78ad617-b5b5-46fb-9003-310abdef56ad-groupManagement] INFO  server.RaftServerConfigKeys (ConfUtils.java:logGet(46)) - raft.server.log.segment.size.max = 67108864 (custom)
2023-12-01 12:04:13,817 [a78ad617-b5b5-46fb-9003-310abdef56ad-groupManagement] INFO  server.RaftServerConfigKeys (ConfUtils.java:logGet(46)) - raft.server.log.preallocated.size = 4194304 (custom)
2023-12-01 12:04:13,817 [a78ad617-b5b5-46fb-9003-310abdef56ad-groupManagement] INFO  server.RaftServerConfigKeys (ConfUtils.java:logGet(46)) - raft.server.log.force.sync.num = 128 (default)
2023-12-01 12:04:13,817 [a78ad617-b5b5-46fb-9003-310abdef56ad-groupManagement] INFO  server.RaftServerConfigKeys (ConfUtils.java:logGet(46)) - raft.server.log.statemachine.data.sync = true (default)
2023-12-01 12:04:13,817 [a78ad617-b5b5-46fb-9003-310abdef56ad-groupManagement] INFO  server.RaftServerConfigKeys (ConfUtils.java:logGet(46)) - raft.server.log.statemachine.data.sync.timeout = 10s (default)
2023-12-01 12:04:13,817 [a78ad617-b5b5-46fb-9003-310abdef56ad-groupManagement] INFO  server.RaftServerConfigKeys (ConfUtils.java:logGet(46)) - raft.server.log.statemachine.data.sync.timeout.retry = -1 (default)
2023-12-01 12:04:13,817 [a78ad617-b5b5-46fb-9003-310abdef56ad-groupManagement] INFO  server.RaftServerConfigKeys (ConfUtils.java:logGet(46)) - raft.server.log.write.buffer.size = 2097152 (custom)
2023-12-01 12:04:13,818 [a78ad617-b5b5-46fb-9003-310abdef56ad-groupManagement] INFO  server.RaftServerConfigKeys (ConfUtils.java:logGet(46)) - raft.server.log.appender.buffer.byte-limit = 33554432 (custom)
2023-12-01 12:04:13,820 [a78ad617-b5b5-46fb-9003-310abdef56ad-groupManagement] INFO  server.RaftServerConfigKeys (ConfUtils.java:logGet(46)) - raft.server.log.unsafe-flush.enabled = false (default)
2023-12-01 12:04:13,820 [a78ad617-b5b5-46fb-9003-310abdef56ad-groupManagement] INFO  server.RaftServerConfigKeys (ConfUtils.java:logGet(46)) - raft.server.log.async-flush.enabled = false (default)
2023-12-01 12:04:13,820 [a78ad617-b5b5-46fb-9003-310abdef56ad-groupManagement] INFO  server.RaftServerConfigKeys (ConfUtils.java:logGet(46)) - raft.server.log.statemachine.data.caching.enabled = true (custom)
2023-12-01 12:04:13,820 [a78ad617-b5b5-46fb-9003-310abdef56ad-groupManagement] INFO  segmented.SegmentedRaftLogWorker (SegmentedRaftLogWorker.java:lambda$new$0(135)) - a78ad617-b5b5-46fb-9003-310abdef56ad@group-B846DEF2E57E-SegmentedRaftLogWorker: flushIndex: setUnconditionally 0 -> -1
2023-12-01 12:04:13,820 [a78ad617-b5b5-46fb-9003-310abdef56ad-groupManagement] INFO  segmented.SegmentedRaftLogWorker (SegmentedRaftLogWorker.java:lambda$new$0(135)) - a78ad617-b5b5-46fb-9003-310abdef56ad@group-B846DEF2E57E-SegmentedRaftLogWorker: safeCacheEvictIndex: setUnconditionally 0 -> -1
2023-12-01 12:04:13,821 [a78ad617-b5b5-46fb-9003-310abdef56ad-groupManagement] INFO  server.RaftServer$Division (RaftServerImpl.java:start(392)) - a78ad617-b5b5-46fb-9003-310abdef56ad@group-B846DEF2E57E: start as a follower, conf=-1: peers:[a78ad617-b5b5-46fb-9003-310abdef56ad|10.1.0.24:15041]|listeners:[], old=null
2023-12-01 12:04:13,821 [a78ad617-b5b5-46fb-9003-310abdef56ad-groupManagement] INFO  server.RaftServer$Division (RaftServerImpl.java:setRole(379)) - a78ad617-b5b5-46fb-9003-310abdef56ad@group-B846DEF2E57E: changes role from      null to FOLLOWER at term 0 for startAsFollower
2023-12-01 12:04:13,821 [a78ad617-b5b5-46fb-9003-310abdef56ad-groupManagement] INFO  impl.RoleInfo (RoleInfo.java:updateAndGet(139)) - a78ad617-b5b5-46fb-9003-310abdef56ad: start a78ad617-b5b5-46fb-9003-310abdef56ad@group-B846DEF2E57E-FollowerState
2023-12-01 12:04:13,821 [a78ad617-b5b5-46fb-9003-310abdef56ad-groupManagement] INFO  util.JmxRegister (JmxRegister.java:tryRegister(44)) - Successfully registered JMX Bean with object name Ratis:service=RaftServer,group=group-B846DEF2E57E,id=a78ad617-b5b5-46fb-9003-310abdef56ad
2023-12-01 12:04:13,821 [a78ad617-b5b5-46fb-9003-310abdef56ad-groupManagement] INFO  server.RaftServerConfigKeys (ConfUtils.java:logGet(46)) - raft.server.snapshot.trigger-when-stop.enabled = true (default)
2023-12-01 12:04:13,821 [a78ad617-b5b5-46fb-9003-310abdef56ad-groupManagement] INFO  server.RaftServerConfigKeys (ConfUtils.java:logGet(46)) - raft.server.snapshot.auto.trigger.enabled = true (custom)
2023-12-01 12:04:13,821 [a78ad617-b5b5-46fb-9003-310abdef56ad-groupManagement] INFO  server.RaftServerConfigKeys (ConfUtils.java:logGet(46)) - raft.server.snapshot.auto.trigger.threshold = 10000 (custom)
2023-12-01 12:04:13,821 [a78ad617-b5b5-46fb-9003-310abdef56ad-groupManagement] INFO  server.RaftServerConfigKeys (ConfUtils.java:logGet(46)) - raft.server.snapshot.retention.file.num = 5 (custom)
2023-12-01 12:04:13,821 [a78ad617-b5b5-46fb-9003-310abdef56ad-groupManagement] INFO  server.RaftServerConfigKeys (ConfUtils.java:logGet(46)) - raft.server.log.purge.upto.snapshot.index = false (default)
2023-12-01 12:04:13,822 [a78ad617-b5b5-46fb-9003-310abdef56ad@group-B846DEF2E57E-FollowerState] INFO  server.RaftServerConfigKeys (ConfUtils.java:logFallback(53)) - raft.server.rpc.first-election.timeout.min = 5s (fallback to raft.server.rpc.timeout.min)
2023-12-01 12:04:13,823 [a78ad617-b5b5-46fb-9003-310abdef56ad@group-B846DEF2E57E-FollowerState] INFO  server.RaftServerConfigKeys (ConfUtils.java:logFallback(53)) - raft.server.rpc.first-election.timeout.max = 5200ms (fallback to raft.server.rpc.timeout.max)
2023-12-01 12:04:13,823 [a78ad617-b5b5-46fb-9003-310abdef56ad-PipelineCommandHandlerThread-0] INFO  ratis.XceiverServerRatis (XceiverServerRatis.java:addGroup(814)) - Created group PipelineID=f357c32d-da3c-4b0e-a1f7-b846def2e57e
2023-12-01 12:04:13,823 [a78ad617-b5b5-46fb-9003-310abdef56ad-PipelineCommandHandlerThread-0] INFO  commandhandler.CreatePipelineCommandHandler (CreatePipelineCommandHandler.java:lambda$handle$2(124)) - Created Pipeline RATIS ONE PipelineID=f357c32d-da3c-4b0e-a1f7-b846def2e57e.
2023-12-01 12:04:13,823 [a78ad617-b5b5-46fb-9003-310abdef56ad-PipelineCommandHandlerThread-0] INFO  server.RaftServer (RaftServerProxy.java:addNew(100)) - a78ad617-b5b5-46fb-9003-310abdef56ad: addNew group-DEFFDE7C9D9F:[a78ad617-b5b5-46fb-9003-310abdef56ad|10.1.0.24:15041, 6dc608fe-50aa-407f-b4f0-db1c149f31c2|10.1.0.24:15059, 9e3b9079-4dd1-4962-964a-dfdeb60592bf|10.1.0.24:15050] returns group-DEFFDE7C9D9F:java.util.concurrent.CompletableFuture@10e4955a[Not completed]
2023-12-01 12:04:13,825 [a78ad617-b5b5-46fb-9003-310abdef56ad-groupManagement] INFO  server.RaftServer$Division (RaftServerImpl.java:<init>(256)) - a78ad617-b5b5-46fb-9003-310abdef56ad: new RaftServerImpl for group-DEFFDE7C9D9F:[a78ad617-b5b5-46fb-9003-310abdef56ad|10.1.0.24:15041, 6dc608fe-50aa-407f-b4f0-db1c149f31c2|10.1.0.24:15059, 9e3b9079-4dd1-4962-964a-dfdeb60592bf|10.1.0.24:15050] with ContainerStateMachine:uninitialized
2023-12-01 12:04:13,825 [a78ad617-b5b5-46fb-9003-310abdef56ad-groupManagement] INFO  server.RaftServerConfigKeys (ConfUtils.java:logGet(46)) - raft.server.rpc.timeout.min = 5s (custom)
2023-12-01 12:04:13,826 [a78ad617-b5b5-46fb-9003-310abdef56ad-groupManagement] INFO  server.RaftServerConfigKeys (ConfUtils.java:logGet(46)) - raft.server.rpc.timeout.max = 5200ms (custom)
2023-12-01 12:04:13,826 [a78ad617-b5b5-46fb-9003-310abdef56ad-groupManagement] INFO  server.RaftServerConfigKeys (ConfUtils.java:logGet(46)) - raft.server.rpc.sleep.time = 25ms (default)
2023-12-01 12:04:13,826 [a78ad617-b5b5-46fb-9003-310abdef56ad-groupManagement] INFO  server.RaftServerConfigKeys (ConfUtils.java:logGet(46)) - raft.server.rpc.slowness.timeout = 300s (custom)
2023-12-01 12:04:13,826 [a78ad617-b5b5-46fb-9003-310abdef56ad-groupManagement] INFO  server.RaftServerConfigKeys (ConfUtils.java:logGet(46)) - raft.server.leaderelection.leader.step-down.wait-time = 10s (default)
2023-12-01 12:04:13,826 [a78ad617-b5b5-46fb-9003-310abdef56ad-groupManagement] INFO  server.RaftServerConfigKeys (ConfUtils.java:logGet(46)) - raft.server.leaderelection.member.majority-add = false (default)
2023-12-01 12:04:13,826 [a78ad617-b5b5-46fb-9003-310abdef56ad-groupManagement] INFO  server.RaftServerConfigKeys (ConfUtils.java:logGet(46)) - raft.server.sleep.deviation.threshold = 300ms (default)
2023-12-01 12:04:13,826 [a78ad617-b5b5-46fb-9003-310abdef56ad-groupManagement] INFO  server.RaftServer$Division (ServerState.java:<init>(113)) - a78ad617-b5b5-46fb-9003-310abdef56ad@group-DEFFDE7C9D9F: ConfigurationManager, init=-1: peers:[a78ad617-b5b5-46fb-9003-310abdef56ad|10.1.0.24:15041, 6dc608fe-50aa-407f-b4f0-db1c149f31c2|10.1.0.24:15059, 9e3b9079-4dd1-4962-964a-dfdeb60592bf|10.1.0.24:15050]|listeners:[], old=null, confs=<EMPTY_MAP>
2023-12-01 12:04:13,826 [a78ad617-b5b5-46fb-9003-310abdef56ad-groupManagement] INFO  server.RaftServerConfigKeys (ConfUtils.java:logGet(46)) - raft.server.notification.no-leader.timeout = 300s (custom)
2023-12-01 12:04:13,826 [a78ad617-b5b5-46fb-9003-310abdef56ad-groupManagement] INFO  server.RaftServerConfigKeys (ConfUtils.java:logGet(46)) - raft.server.read.timeout = 10s (default)
2023-12-01 12:04:13,826 [a78ad617-b5b5-46fb-9003-310abdef56ad-groupManagement] INFO  server.RaftServerConfigKeys (ConfUtils.java:logGet(46)) - raft.server.retrycache.expirytime = 600000ms (custom)
2023-12-01 12:04:13,826 [a78ad617-b5b5-46fb-9003-310abdef56ad-groupManagement] INFO  server.RaftServerConfigKeys (ConfUtils.java:logGet(46)) - raft.server.retrycache.statistics.expirytime = 100ms (default)
2023-12-01 12:04:13,827 [a78ad617-b5b5-46fb-9003-310abdef56ad-groupManagement] INFO  server.RaftServerConfigKeys (ConfUtils.java:logGet(46)) - raft.server.read.option = DEFAULT (default)
2023-12-01 12:04:13,827 [a78ad617-b5b5-46fb-9003-310abdef56ad-groupManagement] INFO  server.RaftServerConfigKeys (ConfUtils.java:logGet(46)) - raft.server.read.read-after-write-consistent.write-index-cache.expiry-time = 60s (default)
2023-12-01 12:04:13,830 [a78ad617-b5b5-46fb-9003-310abdef56ad-groupManagement] INFO  server.RaftServerConfigKeys (ConfUtils.java:logGet(46)) - raft.server.rpc.request.timeout = 60s (custom)
2023-12-01 12:04:13,830 [a78ad617-b5b5-46fb-9003-310abdef56ad-groupManagement] INFO  server.RaftServerConfigKeys (ConfUtils.java:logGet(46)) - raft.server.log.appender.install.snapshot.enabled = false (custom)
2023-12-01 12:04:13,830 [a78ad617-b5b5-46fb-9003-310abdef56ad-groupManagement] INFO  server.RaftServerConfigKeys (ConfUtils.java:logGet(46)) - raft.server.threadpool.server.cached = true (default)
2023-12-01 12:04:13,830 [a78ad617-b5b5-46fb-9003-310abdef56ad-groupManagement] INFO  server.RaftServerConfigKeys (ConfUtils.java:logGet(46)) - raft.server.threadpool.server.size = 0 (default)
2023-12-01 12:04:13,830 [a78ad617-b5b5-46fb-9003-310abdef56ad-groupManagement] INFO  server.RaftServerConfigKeys (ConfUtils.java:logGet(46)) - raft.server.threadpool.client.cached = true (default)
2023-12-01 12:04:13,830 [a78ad617-b5b5-46fb-9003-310abdef56ad-groupManagement] INFO  server.RaftServerConfigKeys (ConfUtils.java:logGet(46)) - raft.server.threadpool.client.size = 0 (default)
2023-12-01 12:04:13,830 [a78ad617-b5b5-46fb-9003-310abdef56ad-groupManagement] INFO  server.RaftServerConfigKeys (ConfUtils.java:logGet(46)) - raft.server.storage.free-space.min = 0MB (=0) (default)
2023-12-01 12:04:13,831 [a78ad617-b5b5-46fb-9003-310abdef56ad-groupManagement] INFO  server.RaftServerConfigKeys (ConfUtils.java:logGet(46)) - raft.server.log.corruption.policy = EXCEPTION (default)
2023-12-01 12:04:13,831 [a78ad617-b5b5-46fb-9003-310abdef56ad-groupManagement] INFO  server.RaftServerConfigKeys (ConfUtils.java:logGet(46)) - raft.server.storage.dir = [/home/runner/work/ozone/ozone/hadoop-ozone/integration-test/target/test-dir/MiniOzoneClusterImpl-d99da5cf-54e3-4304-baea-1cefc2b4c4dc/datanode-3/data/ratis] (custom)
2023-12-01 12:04:13,831 [a78ad617-b5b5-46fb-9003-310abdef56ad-groupManagement] INFO  storage.RaftStorageDirectory (RaftStorageDirectoryImpl.java:analyzeStorage(138)) - The storage directory /home/runner/work/ozone/ozone/hadoop-ozone/integration-test/target/test-dir/MiniOzoneClusterImpl-d99da5cf-54e3-4304-baea-1cefc2b4c4dc/datanode-3/data/ratis/2b4dd9e6-4792-4511-8b8f-deffde7c9d9f does not exist. Creating ...
2023-12-01 12:04:13,832 [a78ad617-b5b5-46fb-9003-310abdef56ad-groupManagement] INFO  storage.RaftStorageDirectory (RaftStorageDirectoryImpl.java:tryLock(232)) - Lock on /home/runner/work/ozone/ozone/hadoop-ozone/integration-test/target/test-dir/MiniOzoneClusterImpl-d99da5cf-54e3-4304-baea-1cefc2b4c4dc/datanode-3/data/ratis/2b4dd9e6-4792-4511-8b8f-deffde7c9d9f/in_use.lock acquired by nodename 15370@fv-az1423-675
2023-12-01 12:04:13,833 [a78ad617-b5b5-46fb-9003-310abdef56ad-groupManagement] INFO  storage.RaftStorage (RaftStorageImpl.java:format(97)) - Storage directory /home/runner/work/ozone/ozone/hadoop-ozone/integration-test/target/test-dir/MiniOzoneClusterImpl-d99da5cf-54e3-4304-baea-1cefc2b4c4dc/datanode-3/data/ratis/2b4dd9e6-4792-4511-8b8f-deffde7c9d9f has been successfully formatted.
2023-12-01 12:04:13,834 [a78ad617-b5b5-46fb-9003-310abdef56ad-groupManagement] INFO  ratis.ContainerStateMachine (ContainerStateMachine.java:loadSnapshot(269)) - group-DEFFDE7C9D9F: The snapshot info is null. Setting the last applied indexto:(t:0, i:~)
2023-12-01 12:04:13,834 [a78ad617-b5b5-46fb-9003-310abdef56ad-groupManagement] INFO  server.RaftServerConfigKeys (ConfUtils.java:logGet(46)) - raft.server.log.use.memory = false (default)
2023-12-01 12:04:13,834 [a78ad617-b5b5-46fb-9003-310abdef56ad-groupManagement] INFO  server.RaftServerConfigKeys (ConfUtils.java:logGet(46)) - raft.server.log.purge.gap = 1000000 (custom)
2023-12-01 12:04:13,834 [a78ad617-b5b5-46fb-9003-310abdef56ad-groupManagement] INFO  server.RaftServerConfigKeys (ConfUtils.java:logGet(46)) - raft.server.log.appender.buffer.byte-limit = 33554432 (custom)
2023-12-01 12:04:13,834 [a78ad617-b5b5-46fb-9003-310abdef56ad-groupManagement] INFO  server.RaftServerConfigKeys (ConfUtils.java:logGet(46)) - raft.server.log.statemachine.data.read.timeout = 1000ms (default)
2023-12-01 12:04:13,835 [a78ad617-b5b5-46fb-9003-310abdef56ad-groupManagement] INFO  server.RaftServerConfigKeys (ConfUtils.java:logGet(46)) - raft.server.log.purge.preservation.log.num = 0 (default)
2023-12-01 12:04:13,836 [EventQueue-OpenPipelineForHealthyPipelineSafeModeRule] INFO  safemode.SCMSafeModeManager (HealthyPipelineSafeModeRule.java:process(137)) - SCM in safe mode. Healthy pipelines reported count is 0, required healthy pipeline reported count is 1
2023-12-01 12:04:13,837 [a78ad617-b5b5-46fb-9003-310abdef56ad-groupManagement] INFO  server.RaftServerConfigKeys (ConfUtils.java:logGet(46)) - raft.server.log.segment.size.max = 67108864 (custom)
2023-12-01 12:04:13,838 [a78ad617-b5b5-46fb-9003-310abdef56ad-groupManagement] INFO  server.RaftServerConfigKeys (ConfUtils.java:logGet(46)) - raft.server.log.segment.cache.num.max = 2 (custom)
2023-12-01 12:04:13,838 [a78ad617-b5b5-46fb-9003-310abdef56ad-groupManagement] INFO  server.RaftServerConfigKeys (ConfUtils.java:logGet(46)) - raft.server.log.segment.cache.size.max = 200MB (=209715200) (default)
2023-12-01 12:04:13,838 [a78ad617-b5b5-46fb-9003-310abdef56ad-groupManagement] INFO  server.RaftServerConfigKeys (ConfUtils.java:logGet(46)) - raft.server.log.appender.buffer.byte-limit = 33554432 (custom)
2023-12-01 12:04:13,838 [a78ad617-b5b5-46fb-9003-310abdef56ad-groupManagement] INFO  util.AwaitToRun (AwaitToRun.java:start(81)) - Thread[a78ad617-b5b5-46fb-9003-310abdef56ad@group-DEFFDE7C9D9F-cacheEviction-AwaitToRun,5,main] started
2023-12-01 12:04:13,838 [a78ad617-b5b5-46fb-9003-310abdef56ad-groupManagement] INFO  segmented.SegmentedRaftLogWorker (SegmentedRaftLogWorker.java:<init>(184)) - new a78ad617-b5b5-46fb-9003-310abdef56ad@group-DEFFDE7C9D9F-SegmentedRaftLogWorker for RaftStorageImpl:Storage Directory /home/runner/work/ozone/ozone/hadoop-ozone/integration-test/target/test-dir/MiniOzoneClusterImpl-d99da5cf-54e3-4304-baea-1cefc2b4c4dc/datanode-3/data/ratis/2b4dd9e6-4792-4511-8b8f-deffde7c9d9f
2023-12-01 12:04:13,838 [a78ad617-b5b5-46fb-9003-310abdef56ad-groupManagement] INFO  server.RaftServerConfigKeys (ConfUtils.java:logGet(46)) - raft.server.log.queue.byte-limit = 4294967296 (custom)
2023-12-01 12:04:13,839 [a78ad617-b5b5-46fb-9003-310abdef56ad-groupManagement] INFO  server.RaftServerConfigKeys (ConfUtils.java:logGet(46)) - raft.server.log.queue.element-limit = 1024 (custom)
2023-12-01 12:04:13,839 [a78ad617-b5b5-46fb-9003-310abdef56ad-groupManagement] INFO  server.RaftServerConfigKeys (ConfUtils.java:logGet(46)) - raft.server.log.segment.size.max = 67108864 (custom)
2023-12-01 12:04:13,839 [a78ad617-b5b5-46fb-9003-310abdef56ad-groupManagement] INFO  server.RaftServerConfigKeys (ConfUtils.java:logGet(46)) - raft.server.log.preallocated.size = 4194304 (custom)
2023-12-01 12:04:13,839 [a78ad617-b5b5-46fb-9003-310abdef56ad-groupManagement] INFO  server.RaftServerConfigKeys (ConfUtils.java:logGet(46)) - raft.server.log.force.sync.num = 128 (default)
2023-12-01 12:04:13,839 [a78ad617-b5b5-46fb-9003-310abdef56ad-groupManagement] INFO  server.RaftServerConfigKeys (ConfUtils.java:logGet(46)) - raft.server.log.statemachine.data.sync = true (default)
2023-12-01 12:04:13,839 [a78ad617-b5b5-46fb-9003-310abdef56ad-groupManagement] INFO  server.RaftServerConfigKeys (ConfUtils.java:logGet(46)) - raft.server.log.statemachine.data.sync.timeout = 10s (default)
2023-12-01 12:04:13,839 [a78ad617-b5b5-46fb-9003-310abdef56ad-groupManagement] INFO  server.RaftServerConfigKeys (ConfUtils.java:logGet(46)) - raft.server.log.statemachine.data.sync.timeout.retry = -1 (default)
2023-12-01 12:04:13,839 [a78ad617-b5b5-46fb-9003-310abdef56ad-groupManagement] INFO  server.RaftServerConfigKeys (ConfUtils.java:logGet(46)) - raft.server.log.write.buffer.size = 2097152 (custom)
2023-12-01 12:04:13,840 [a78ad617-b5b5-46fb-9003-310abdef56ad-groupManagement] INFO  server.RaftServerConfigKeys (ConfUtils.java:logGet(46)) - raft.server.log.appender.buffer.byte-limit = 33554432 (custom)
2023-12-01 12:04:13,841 [a78ad617-b5b5-46fb-9003-310abdef56ad-groupManagement] INFO  server.RaftServerConfigKeys (ConfUtils.java:logGet(46)) - raft.server.log.unsafe-flush.enabled = false (default)
2023-12-01 12:04:13,841 [a78ad617-b5b5-46fb-9003-310abdef56ad-groupManagement] INFO  server.RaftServerConfigKeys (ConfUtils.java:logGet(46)) - raft.server.log.async-flush.enabled = false (default)
2023-12-01 12:04:13,841 [a78ad617-b5b5-46fb-9003-310abdef56ad-groupManagement] INFO  server.RaftServerConfigKeys (ConfUtils.java:logGet(46)) - raft.server.log.statemachine.data.caching.enabled = true (custom)
2023-12-01 12:04:13,841 [a78ad617-b5b5-46fb-9003-310abdef56ad-groupManagement] INFO  segmented.SegmentedRaftLogWorker (SegmentedRaftLogWorker.java:lambda$new$0(135)) - a78ad617-b5b5-46fb-9003-310abdef56ad@group-DEFFDE7C9D9F-SegmentedRaftLogWorker: flushIndex: setUnconditionally 0 -> -1
2023-12-01 12:04:13,841 [a78ad617-b5b5-46fb-9003-310abdef56ad-groupManagement] INFO  segmented.SegmentedRaftLogWorker (SegmentedRaftLogWorker.java:lambda$new$0(135)) - a78ad617-b5b5-46fb-9003-310abdef56ad@group-DEFFDE7C9D9F-SegmentedRaftLogWorker: safeCacheEvictIndex: setUnconditionally 0 -> -1
2023-12-01 12:04:13,841 [a78ad617-b5b5-46fb-9003-310abdef56ad-groupManagement] INFO  server.RaftServer$Division (RaftServerImpl.java:start(392)) - a78ad617-b5b5-46fb-9003-310abdef56ad@group-DEFFDE7C9D9F: start as a follower, conf=-1: peers:[a78ad617-b5b5-46fb-9003-310abdef56ad|10.1.0.24:15041, 6dc608fe-50aa-407f-b4f0-db1c149f31c2|10.1.0.24:15059, 9e3b9079-4dd1-4962-964a-dfdeb60592bf|10.1.0.24:15050]|listeners:[], old=null
2023-12-01 12:04:13,841 [a78ad617-b5b5-46fb-9003-310abdef56ad-groupManagement] INFO  server.RaftServer$Division (RaftServerImpl.java:setRole(379)) - a78ad617-b5b5-46fb-9003-310abdef56ad@group-DEFFDE7C9D9F: changes role from      null to FOLLOWER at term 0 for startAsFollower
2023-12-01 12:04:13,841 [a78ad617-b5b5-46fb-9003-310abdef56ad-groupManagement] INFO  impl.RoleInfo (RoleInfo.java:updateAndGet(139)) - a78ad617-b5b5-46fb-9003-310abdef56ad: start a78ad617-b5b5-46fb-9003-310abdef56ad@group-DEFFDE7C9D9F-FollowerState
2023-12-01 12:04:13,842 [a78ad617-b5b5-46fb-9003-310abdef56ad-groupManagement] INFO  util.JmxRegister (JmxRegister.java:tryRegister(44)) - Successfully registered JMX Bean with object name Ratis:service=RaftServer,group=group-DEFFDE7C9D9F,id=a78ad617-b5b5-46fb-9003-310abdef56ad
2023-12-01 12:04:13,842 [a78ad617-b5b5-46fb-9003-310abdef56ad@group-DEFFDE7C9D9F-FollowerState] INFO  server.RaftServerConfigKeys (ConfUtils.java:logFallback(53)) - raft.server.rpc.first-election.timeout.min = 5s (fallback to raft.server.rpc.timeout.min)
2023-12-01 12:04:13,842 [a78ad617-b5b5-46fb-9003-310abdef56ad-groupManagement] INFO  server.RaftServerConfigKeys (ConfUtils.java:logGet(46)) - raft.server.snapshot.trigger-when-stop.enabled = true (default)
2023-12-01 12:04:13,842 [a78ad617-b5b5-46fb-9003-310abdef56ad@group-DEFFDE7C9D9F-FollowerState] INFO  server.RaftServerConfigKeys (ConfUtils.java:logFallback(53)) - raft.server.rpc.first-election.timeout.max = 5200ms (fallback to raft.server.rpc.timeout.max)
2023-12-01 12:04:13,842 [a78ad617-b5b5-46fb-9003-310abdef56ad-groupManagement] INFO  server.RaftServerConfigKeys (ConfUtils.java:logGet(46)) - raft.server.snapshot.auto.trigger.enabled = true (custom)
2023-12-01 12:04:13,842 [a78ad617-b5b5-46fb-9003-310abdef56ad-groupManagement] INFO  server.RaftServerConfigKeys (ConfUtils.java:logGet(46)) - raft.server.snapshot.auto.trigger.threshold = 10000 (custom)
2023-12-01 12:04:13,842 [a78ad617-b5b5-46fb-9003-310abdef56ad-groupManagement] INFO  server.RaftServerConfigKeys (ConfUtils.java:logGet(46)) - raft.server.snapshot.retention.file.num = 5 (custom)
2023-12-01 12:04:13,842 [a78ad617-b5b5-46fb-9003-310abdef56ad-groupManagement] INFO  server.RaftServerConfigKeys (ConfUtils.java:logGet(46)) - raft.server.log.purge.upto.snapshot.index = false (default)
2023-12-01 12:04:13,843 [a78ad617-b5b5-46fb-9003-310abdef56ad-PipelineCommandHandlerThread-0] INFO  ratis.XceiverServerRatis (XceiverServerRatis.java:addGroup(814)) - Created group PipelineID=2b4dd9e6-4792-4511-8b8f-deffde7c9d9f
2023-12-01 12:04:14,013 [9e3b9079-4dd1-4962-964a-dfdeb60592bf-PipelineCommandHandlerThread-0] INFO  server.RaftServer (RaftServerProxy.java:addNew(100)) - 9e3b9079-4dd1-4962-964a-dfdeb60592bf: addNew group-DF74C210C5F0:[9e3b9079-4dd1-4962-964a-dfdeb60592bf|10.1.0.24:15050] returns group-DF74C210C5F0:java.util.concurrent.CompletableFuture@24dad599[Not completed]
2023-12-01 12:04:14,016 [grpc-default-executor-1] INFO  server.RaftServer (RaftServerProxy.java:addNew(100)) - 9e3b9079-4dd1-4962-964a-dfdeb60592bf: addNew group-DEFFDE7C9D9F:[a78ad617-b5b5-46fb-9003-310abdef56ad|10.1.0.24:15041, 6dc608fe-50aa-407f-b4f0-db1c149f31c2|10.1.0.24:15059, 9e3b9079-4dd1-4962-964a-dfdeb60592bf|10.1.0.24:15050] returns group-DEFFDE7C9D9F:java.util.concurrent.CompletableFuture@4e4aff41[Not completed]
2023-12-01 12:04:14,024 [9e3b9079-4dd1-4962-964a-dfdeb60592bf-groupManagement] INFO  server.RaftServer$Division (RaftServerImpl.java:<init>(256)) - 9e3b9079-4dd1-4962-964a-dfdeb60592bf: new RaftServerImpl for group-DF74C210C5F0:[9e3b9079-4dd1-4962-964a-dfdeb60592bf|10.1.0.24:15050] with ContainerStateMachine:uninitialized
2023-12-01 12:04:14,025 [9e3b9079-4dd1-4962-964a-dfdeb60592bf-groupManagement] INFO  server.RaftServerConfigKeys (ConfUtils.java:logGet(46)) - raft.server.rpc.timeout.min = 5s (custom)
2023-12-01 12:04:14,025 [9e3b9079-4dd1-4962-964a-dfdeb60592bf-groupManagement] INFO  server.RaftServerConfigKeys (ConfUtils.java:logGet(46)) - raft.server.rpc.timeout.max = 5200ms (custom)
2023-12-01 12:04:14,025 [9e3b9079-4dd1-4962-964a-dfdeb60592bf-groupManagement] INFO  server.RaftServerConfigKeys (ConfUtils.java:logGet(46)) - raft.server.rpc.sleep.time = 25ms (default)
2023-12-01 12:04:14,026 [9e3b9079-4dd1-4962-964a-dfdeb60592bf-groupManagement] INFO  server.RaftServerConfigKeys (ConfUtils.java:logGet(46)) - raft.server.rpc.slowness.timeout = 300s (custom)
2023-12-01 12:04:14,026 [9e3b9079-4dd1-4962-964a-dfdeb60592bf-groupManagement] INFO  server.RaftServerConfigKeys (ConfUtils.java:logGet(46)) - raft.server.leaderelection.leader.step-down.wait-time = 10s (default)
2023-12-01 12:04:14,026 [9e3b9079-4dd1-4962-964a-dfdeb60592bf-groupManagement] INFO  server.RaftServerConfigKeys (ConfUtils.java:logGet(46)) - raft.server.leaderelection.member.majority-add = false (default)
2023-12-01 12:04:14,026 [9e3b9079-4dd1-4962-964a-dfdeb60592bf-groupManagement] INFO  server.RaftServerConfigKeys (ConfUtils.java:logGet(46)) - raft.server.sleep.deviation.threshold = 300ms (default)
2023-12-01 12:04:14,027 [9e3b9079-4dd1-4962-964a-dfdeb60592bf-groupManagement] INFO  server.RaftServer$Division (ServerState.java:<init>(113)) - 9e3b9079-4dd1-4962-964a-dfdeb60592bf@group-DF74C210C5F0: ConfigurationManager, init=-1: peers:[9e3b9079-4dd1-4962-964a-dfdeb60592bf|10.1.0.24:15050]|listeners:[], old=null, confs=<EMPTY_MAP>
2023-12-01 12:04:14,027 [9e3b9079-4dd1-4962-964a-dfdeb60592bf-groupManagement] INFO  server.RaftServerConfigKeys (ConfUtils.java:logGet(46)) - raft.server.notification.no-leader.timeout = 300s (custom)
2023-12-01 12:04:14,027 [9e3b9079-4dd1-4962-964a-dfdeb60592bf-groupManagement] INFO  server.RaftServerConfigKeys (ConfUtils.java:logGet(46)) - raft.server.read.timeout = 10s (default)
2023-12-01 12:04:14,027 [9e3b9079-4dd1-4962-964a-dfdeb60592bf-groupManagement] INFO  server.RaftServerConfigKeys (ConfUtils.java:logGet(46)) - raft.server.retrycache.expirytime = 600000ms (custom)
2023-12-01 12:04:14,027 [9e3b9079-4dd1-4962-964a-dfdeb60592bf-groupManagement] INFO  server.RaftServerConfigKeys (ConfUtils.java:logGet(46)) - raft.server.retrycache.statistics.expirytime = 100ms (default)
2023-12-01 12:04:14,028 [9e3b9079-4dd1-4962-964a-dfdeb60592bf-groupManagement] INFO  server.RaftServerConfigKeys (ConfUtils.java:logGet(46)) - raft.server.read.option = DEFAULT (default)
2023-12-01 12:04:14,028 [9e3b9079-4dd1-4962-964a-dfdeb60592bf-groupManagement] INFO  server.RaftServerConfigKeys (ConfUtils.java:logGet(46)) - raft.server.read.read-after-write-consistent.write-index-cache.expiry-time = 60s (default)
2023-12-01 12:04:14,033 [9e3b9079-4dd1-4962-964a-dfdeb60592bf-groupManagement] INFO  server.RaftServerConfigKeys (ConfUtils.java:logGet(46)) - raft.server.rpc.request.timeout = 60s (custom)
2023-12-01 12:04:14,034 [9e3b9079-4dd1-4962-964a-dfdeb60592bf-groupManagement] INFO  server.RaftServerConfigKeys (ConfUtils.java:logGet(46)) - raft.server.log.appender.install.snapshot.enabled = false (custom)
2023-12-01 12:04:14,035 [9e3b9079-4dd1-4962-964a-dfdeb60592bf-groupManagement] INFO  server.RaftServerConfigKeys (ConfUtils.java:logGet(46)) - raft.server.threadpool.server.cached = true (default)
2023-12-01 12:04:14,035 [9e3b9079-4dd1-4962-964a-dfdeb60592bf-groupManagement] INFO  server.RaftServerConfigKeys (ConfUtils.java:logGet(46)) - raft.server.threadpool.server.size = 0 (default)
2023-12-01 12:04:14,035 [9e3b9079-4dd1-4962-964a-dfdeb60592bf-groupManagement] INFO  server.RaftServerConfigKeys (ConfUtils.java:logGet(46)) - raft.server.threadpool.client.cached = true (default)
2023-12-01 12:04:14,036 [9e3b9079-4dd1-4962-964a-dfdeb60592bf-groupManagement] INFO  server.RaftServerConfigKeys (ConfUtils.java:logGet(46)) - raft.server.threadpool.client.size = 0 (default)
2023-12-01 12:04:14,038 [9e3b9079-4dd1-4962-964a-dfdeb60592bf-groupManagement] INFO  server.RaftServer$Division (RaftServerImpl.java:<init>(256)) - 9e3b9079-4dd1-4962-964a-dfdeb60592bf: new RaftServerImpl for group-DEFFDE7C9D9F:[a78ad617-b5b5-46fb-9003-310abdef56ad|10.1.0.24:15041, 6dc608fe-50aa-407f-b4f0-db1c149f31c2|10.1.0.24:15059, 9e3b9079-4dd1-4962-964a-dfdeb60592bf|10.1.0.24:15050] with ContainerStateMachine:uninitialized
2023-12-01 12:04:14,038 [9e3b9079-4dd1-4962-964a-dfdeb60592bf-groupManagement] INFO  server.RaftServerConfigKeys (ConfUtils.java:logGet(46)) - raft.server.rpc.timeout.min = 5s (custom)
2023-12-01 12:04:14,038 [9e3b9079-4dd1-4962-964a-dfdeb60592bf-groupManagement] INFO  server.RaftServerConfigKeys (ConfUtils.java:logGet(46)) - raft.server.rpc.timeout.max = 5200ms (custom)
2023-12-01 12:04:14,039 [9e3b9079-4dd1-4962-964a-dfdeb60592bf-groupManagement] INFO  server.RaftServerConfigKeys (ConfUtils.java:logGet(46)) - raft.server.rpc.sleep.time = 25ms (default)
2023-12-01 12:04:14,039 [9e3b9079-4dd1-4962-964a-dfdeb60592bf-groupManagement] INFO  server.RaftServerConfigKeys (ConfUtils.java:logGet(46)) - raft.server.rpc.slowness.timeout = 300s (custom)
2023-12-01 12:04:14,040 [9e3b9079-4dd1-4962-964a-dfdeb60592bf-groupManagement] INFO  server.RaftServerConfigKeys (ConfUtils.java:logGet(46)) - raft.server.leaderelection.leader.step-down.wait-time = 10s (default)
2023-12-01 12:04:14,040 [9e3b9079-4dd1-4962-964a-dfdeb60592bf-groupManagement] INFO  server.RaftServerConfigKeys (ConfUtils.java:logGet(46)) - raft.server.leaderelection.member.majority-add = false (default)
2023-12-01 12:04:14,040 [9e3b9079-4dd1-4962-964a-dfdeb60592bf-groupManagement] INFO  server.RaftServerConfigKeys (ConfUtils.java:logGet(46)) - raft.server.sleep.deviation.threshold = 300ms (default)
2023-12-01 12:04:14,041 [9e3b9079-4dd1-4962-964a-dfdeb60592bf-groupManagement] INFO  server.RaftServer$Division (ServerState.java:<init>(113)) - 9e3b9079-4dd1-4962-964a-dfdeb60592bf@group-DEFFDE7C9D9F: ConfigurationManager, init=-1: peers:[a78ad617-b5b5-46fb-9003-310abdef56ad|10.1.0.24:15041, 6dc608fe-50aa-407f-b4f0-db1c149f31c2|10.1.0.24:15059, 9e3b9079-4dd1-4962-964a-dfdeb60592bf|10.1.0.24:15050]|listeners:[], old=null, confs=<EMPTY_MAP>
2023-12-01 12:04:14,041 [9e3b9079-4dd1-4962-964a-dfdeb60592bf-groupManagement] INFO  server.RaftServerConfigKeys (ConfUtils.java:logGet(46)) - raft.server.notification.no-leader.timeout = 300s (custom)
2023-12-01 12:04:14,042 [9e3b9079-4dd1-4962-964a-dfdeb60592bf-groupManagement] INFO  server.RaftServerConfigKeys (ConfUtils.java:logGet(46)) - raft.server.read.timeout = 10s (default)
2023-12-01 12:04:14,042 [9e3b9079-4dd1-4962-964a-dfdeb60592bf-groupManagement] INFO  server.RaftServerConfigKeys (ConfUtils.java:logGet(46)) - raft.server.retrycache.expirytime = 600000ms (custom)
2023-12-01 12:04:14,042 [9e3b9079-4dd1-4962-964a-dfdeb60592bf-groupManagement] INFO  server.RaftServerConfigKeys (ConfUtils.java:logGet(46)) - raft.server.retrycache.statistics.expirytime = 100ms (default)
2023-12-01 12:04:14,043 [9e3b9079-4dd1-4962-964a-dfdeb60592bf-groupManagement] INFO  server.RaftServerConfigKeys (ConfUtils.java:logGet(46)) - raft.server.read.option = DEFAULT (default)
2023-12-01 12:04:14,048 [9e3b9079-4dd1-4962-964a-dfdeb60592bf-groupManagement] INFO  server.RaftServerConfigKeys (ConfUtils.java:logGet(46)) - raft.server.read.read-after-write-consistent.write-index-cache.expiry-time = 60s (default)
2023-12-01 12:04:14,052 [9e3b9079-4dd1-4962-964a-dfdeb60592bf-groupManagement] INFO  server.RaftServerConfigKeys (ConfUtils.java:logGet(46)) - raft.server.rpc.request.timeout = 60s (custom)
2023-12-01 12:04:14,052 [9e3b9079-4dd1-4962-964a-dfdeb60592bf-groupManagement] INFO  server.RaftServerConfigKeys (ConfUtils.java:logGet(46)) - raft.server.log.appender.install.snapshot.enabled = false (custom)
2023-12-01 12:04:14,052 [9e3b9079-4dd1-4962-964a-dfdeb60592bf-groupManagement] INFO  server.RaftServerConfigKeys (ConfUtils.java:logGet(46)) - raft.server.threadpool.server.cached = true (default)
2023-12-01 12:04:14,052 [9e3b9079-4dd1-4962-964a-dfdeb60592bf-groupManagement] INFO  server.RaftServerConfigKeys (ConfUtils.java:logGet(46)) - raft.server.threadpool.server.size = 0 (default)
2023-12-01 12:04:14,052 [9e3b9079-4dd1-4962-964a-dfdeb60592bf-groupManagement] INFO  server.RaftServerConfigKeys (ConfUtils.java:logGet(46)) - raft.server.threadpool.client.cached = true (default)
2023-12-01 12:04:14,052 [9e3b9079-4dd1-4962-964a-dfdeb60592bf-groupManagement] INFO  server.RaftServerConfigKeys (ConfUtils.java:logGet(46)) - raft.server.threadpool.client.size = 0 (default)
2023-12-01 12:04:14,053 [9e3b9079-4dd1-4962-964a-dfdeb60592bf-groupManagement] INFO  server.RaftServerConfigKeys (ConfUtils.java:logGet(46)) - raft.server.storage.free-space.min = 0MB (=0) (default)
2023-12-01 12:04:14,053 [9e3b9079-4dd1-4962-964a-dfdeb60592bf-groupManagement] INFO  server.RaftServerConfigKeys (ConfUtils.java:logGet(46)) - raft.server.log.corruption.policy = EXCEPTION (default)
2023-12-01 12:04:14,053 [9e3b9079-4dd1-4962-964a-dfdeb60592bf-groupManagement] INFO  server.RaftServerConfigKeys (ConfUtils.java:logGet(46)) - raft.server.storage.dir = [/home/runner/work/ozone/ozone/hadoop-ozone/integration-test/target/test-dir/MiniOzoneClusterImpl-d99da5cf-54e3-4304-baea-1cefc2b4c4dc/datanode-4/data/ratis] (custom)
2023-12-01 12:04:14,053 [9e3b9079-4dd1-4962-964a-dfdeb60592bf-groupManagement] INFO  storage.RaftStorageDirectory (RaftStorageDirectoryImpl.java:analyzeStorage(138)) - The storage directory /home/runner/work/ozone/ozone/hadoop-ozone/integration-test/target/test-dir/MiniOzoneClusterImpl-d99da5cf-54e3-4304-baea-1cefc2b4c4dc/datanode-4/data/ratis/89277692-41ac-4053-95e7-df74c210c5f0 does not exist. Creating ...
2023-12-01 12:04:14,054 [9e3b9079-4dd1-4962-964a-dfdeb60592bf-groupManagement] INFO  storage.RaftStorageDirectory (RaftStorageDirectoryImpl.java:tryLock(232)) - Lock on /home/runner/work/ozone/ozone/hadoop-ozone/integration-test/target/test-dir/MiniOzoneClusterImpl-d99da5cf-54e3-4304-baea-1cefc2b4c4dc/datanode-4/data/ratis/89277692-41ac-4053-95e7-df74c210c5f0/in_use.lock acquired by nodename 15370@fv-az1423-675
2023-12-01 12:04:14,055 [9e3b9079-4dd1-4962-964a-dfdeb60592bf-groupManagement] INFO  storage.RaftStorage (RaftStorageImpl.java:format(97)) - Storage directory /home/runner/work/ozone/ozone/hadoop-ozone/integration-test/target/test-dir/MiniOzoneClusterImpl-d99da5cf-54e3-4304-baea-1cefc2b4c4dc/datanode-4/data/ratis/89277692-41ac-4053-95e7-df74c210c5f0 has been successfully formatted.
2023-12-01 12:04:14,060 [9e3b9079-4dd1-4962-964a-dfdeb60592bf-groupManagement] INFO  ratis.ContainerStateMachine (ContainerStateMachine.java:loadSnapshot(269)) - group-DF74C210C5F0: The snapshot info is null. Setting the last applied indexto:(t:0, i:~)
2023-12-01 12:04:14,060 [9e3b9079-4dd1-4962-964a-dfdeb60592bf-groupManagement] INFO  server.RaftServerConfigKeys (ConfUtils.java:logGet(46)) - raft.server.log.use.memory = false (default)
2023-12-01 12:04:14,060 [9e3b9079-4dd1-4962-964a-dfdeb60592bf-groupManagement] INFO  server.RaftServerConfigKeys (ConfUtils.java:logGet(46)) - raft.server.log.purge.gap = 1000000 (custom)
2023-12-01 12:04:14,060 [9e3b9079-4dd1-4962-964a-dfdeb60592bf-groupManagement] INFO  server.RaftServerConfigKeys (ConfUtils.java:logGet(46)) - raft.server.log.appender.buffer.byte-limit = 33554432 (custom)
2023-12-01 12:04:14,060 [9e3b9079-4dd1-4962-964a-dfdeb60592bf-groupManagement] INFO  server.RaftServerConfigKeys (ConfUtils.java:logGet(46)) - raft.server.log.statemachine.data.read.timeout = 1000ms (default)
2023-12-01 12:04:14,060 [9e3b9079-4dd1-4962-964a-dfdeb60592bf-groupManagement] INFO  server.RaftServerConfigKeys (ConfUtils.java:logGet(46)) - raft.server.log.purge.preservation.log.num = 0 (default)
2023-12-01 12:04:14,069 [9e3b9079-4dd1-4962-964a-dfdeb60592bf-groupManagement] INFO  server.RaftServerConfigKeys (ConfUtils.java:logGet(46)) - raft.server.log.segment.size.max = 67108864 (custom)
2023-12-01 12:04:14,069 [9e3b9079-4dd1-4962-964a-dfdeb60592bf-groupManagement] INFO  server.RaftServerConfigKeys (ConfUtils.java:logGet(46)) - raft.server.log.segment.cache.num.max = 2 (custom)
2023-12-01 12:04:14,070 [9e3b9079-4dd1-4962-964a-dfdeb60592bf-groupManagement] INFO  server.RaftServerConfigKeys (ConfUtils.java:logGet(46)) - raft.server.log.segment.cache.size.max = 200MB (=209715200) (default)
2023-12-01 12:04:14,070 [9e3b9079-4dd1-4962-964a-dfdeb60592bf-groupManagement] INFO  server.RaftServerConfigKeys (ConfUtils.java:logGet(46)) - raft.server.log.appender.buffer.byte-limit = 33554432 (custom)
2023-12-01 12:04:14,070 [9e3b9079-4dd1-4962-964a-dfdeb60592bf-groupManagement] INFO  util.AwaitToRun (AwaitToRun.java:start(81)) - Thread[9e3b9079-4dd1-4962-964a-dfdeb60592bf@group-DF74C210C5F0-cacheEviction-AwaitToRun,5,main] started
2023-12-01 12:04:14,070 [9e3b9079-4dd1-4962-964a-dfdeb60592bf-groupManagement] INFO  segmented.SegmentedRaftLogWorker (SegmentedRaftLogWorker.java:<init>(184)) - new 9e3b9079-4dd1-4962-964a-dfdeb60592bf@group-DF74C210C5F0-SegmentedRaftLogWorker for RaftStorageImpl:Storage Directory /home/runner/work/ozone/ozone/hadoop-ozone/integration-test/target/test-dir/MiniOzoneClusterImpl-d99da5cf-54e3-4304-baea-1cefc2b4c4dc/datanode-4/data/ratis/89277692-41ac-4053-95e7-df74c210c5f0
2023-12-01 12:04:14,070 [9e3b9079-4dd1-4962-964a-dfdeb60592bf-groupManagement] INFO  server.RaftServerConfigKeys (ConfUtils.java:logGet(46)) - raft.server.log.queue.byte-limit = 4294967296 (custom)
2023-12-01 12:04:14,070 [9e3b9079-4dd1-4962-964a-dfdeb60592bf-groupManagement] INFO  server.RaftServerConfigKeys (ConfUtils.java:logGet(46)) - raft.server.log.queue.element-limit = 1024 (custom)
2023-12-01 12:04:14,070 [9e3b9079-4dd1-4962-964a-dfdeb60592bf-groupManagement] INFO  server.RaftServerConfigKeys (ConfUtils.java:logGet(46)) - raft.server.log.segment.size.max = 67108864 (custom)
2023-12-01 12:04:14,070 [9e3b9079-4dd1-4962-964a-dfdeb60592bf-groupManagement] INFO  server.RaftServerConfigKeys (ConfUtils.java:logGet(46)) - raft.server.log.preallocated.size = 4194304 (custom)
2023-12-01 12:04:14,070 [9e3b9079-4dd1-4962-964a-dfdeb60592bf-groupManagement] INFO  server.RaftServerConfigKeys (ConfUtils.java:logGet(46)) - raft.server.log.force.sync.num = 128 (default)
2023-12-01 12:04:14,070 [9e3b9079-4dd1-4962-964a-dfdeb60592bf-groupManagement] INFO  server.RaftServerConfigKeys (ConfUtils.java:logGet(46)) - raft.server.log.statemachine.data.sync = true (default)
2023-12-01 12:04:14,071 [9e3b9079-4dd1-4962-964a-dfdeb60592bf-groupManagement] INFO  server.RaftServerConfigKeys (ConfUtils.java:logGet(46)) - raft.server.log.statemachine.data.sync.timeout = 10s (default)
2023-12-01 12:04:14,071 [9e3b9079-4dd1-4962-964a-dfdeb60592bf-groupManagement] INFO  server.RaftServerConfigKeys (ConfUtils.java:logGet(46)) - raft.server.log.statemachine.data.sync.timeout.retry = -1 (default)
2023-12-01 12:04:14,071 [9e3b9079-4dd1-4962-964a-dfdeb60592bf-groupManagement] INFO  server.RaftServerConfigKeys (ConfUtils.java:logGet(46)) - raft.server.log.write.buffer.size = 2097152 (custom)
2023-12-01 12:04:14,072 [9e3b9079-4dd1-4962-964a-dfdeb60592bf-groupManagement] INFO  server.RaftServerConfigKeys (ConfUtils.java:logGet(46)) - raft.server.log.appender.buffer.byte-limit = 33554432 (custom)
2023-12-01 12:04:14,073 [9e3b9079-4dd1-4962-964a-dfdeb60592bf-groupManagement] INFO  server.RaftServerConfigKeys (ConfUtils.java:logGet(46)) - raft.server.log.unsafe-flush.enabled = false (default)
2023-12-01 12:04:14,073 [9e3b9079-4dd1-4962-964a-dfdeb60592bf-groupManagement] INFO  server.RaftServerConfigKeys (ConfUtils.java:logGet(46)) - raft.server.log.async-flush.enabled = false (default)
2023-12-01 12:04:14,073 [9e3b9079-4dd1-4962-964a-dfdeb60592bf-groupManagement] INFO  server.RaftServerConfigKeys (ConfUtils.java:logGet(46)) - raft.server.log.statemachine.data.caching.enabled = true (custom)
2023-12-01 12:04:14,073 [9e3b9079-4dd1-4962-964a-dfdeb60592bf-groupManagement] INFO  segmented.SegmentedRaftLogWorker (SegmentedRaftLogWorker.java:lambda$new$0(135)) - 9e3b9079-4dd1-4962-964a-dfdeb60592bf@group-DF74C210C5F0-SegmentedRaftLogWorker: flushIndex: setUnconditionally 0 -> -1
2023-12-01 12:04:14,073 [9e3b9079-4dd1-4962-964a-dfdeb60592bf-groupManagement] INFO  segmented.SegmentedRaftLogWorker (SegmentedRaftLogWorker.java:lambda$new$0(135)) - 9e3b9079-4dd1-4962-964a-dfdeb60592bf@group-DF74C210C5F0-SegmentedRaftLogWorker: safeCacheEvictIndex: setUnconditionally 0 -> -1
2023-12-01 12:04:14,074 [9e3b9079-4dd1-4962-964a-dfdeb60592bf-groupManagement] INFO  server.RaftServer$Division (RaftServerImpl.java:start(392)) - 9e3b9079-4dd1-4962-964a-dfdeb60592bf@group-DF74C210C5F0: start as a follower, conf=-1: peers:[9e3b9079-4dd1-4962-964a-dfdeb60592bf|10.1.0.24:15050]|listeners:[], old=null
2023-12-01 12:04:14,074 [9e3b9079-4dd1-4962-964a-dfdeb60592bf-groupManagement] INFO  server.RaftServer$Division (RaftServerImpl.java:setRole(379)) - 9e3b9079-4dd1-4962-964a-dfdeb60592bf@group-DF74C210C5F0: changes role from      null to FOLLOWER at term 0 for startAsFollower
2023-12-01 12:04:14,074 [9e3b9079-4dd1-4962-964a-dfdeb60592bf-groupManagement] INFO  impl.RoleInfo (RoleInfo.java:updateAndGet(139)) - 9e3b9079-4dd1-4962-964a-dfdeb60592bf: start 9e3b9079-4dd1-4962-964a-dfdeb60592bf@group-DF74C210C5F0-FollowerState
2023-12-01 12:04:14,074 [9e3b9079-4dd1-4962-964a-dfdeb60592bf-groupManagement] INFO  util.JmxRegister (JmxRegister.java:tryRegister(44)) - Successfully registered JMX Bean with object name Ratis:service=RaftServer,group=group-DF74C210C5F0,id=9e3b9079-4dd1-4962-964a-dfdeb60592bf
2023-12-01 12:04:14,074 [9e3b9079-4dd1-4962-964a-dfdeb60592bf-groupManagement] INFO  server.RaftServerConfigKeys (ConfUtils.java:logGet(46)) - raft.server.snapshot.trigger-when-stop.enabled = true (default)
2023-12-01 12:04:14,074 [9e3b9079-4dd1-4962-964a-dfdeb60592bf-groupManagement] INFO  server.RaftServerConfigKeys (ConfUtils.java:logGet(46)) - raft.server.snapshot.auto.trigger.enabled = true (custom)
2023-12-01 12:04:14,074 [9e3b9079-4dd1-4962-964a-dfdeb60592bf-groupManagement] INFO  server.RaftServerConfigKeys (ConfUtils.java:logGet(46)) - raft.server.snapshot.auto.trigger.threshold = 10000 (custom)
2023-12-01 12:04:14,074 [9e3b9079-4dd1-4962-964a-dfdeb60592bf-groupManagement] INFO  server.RaftServerConfigKeys (ConfUtils.java:logGet(46)) - raft.server.snapshot.retention.file.num = 5 (custom)
2023-12-01 12:04:14,074 [9e3b9079-4dd1-4962-964a-dfdeb60592bf-groupManagement] INFO  server.RaftServerConfigKeys (ConfUtils.java:logGet(46)) - raft.server.log.purge.upto.snapshot.index = false (default)
2023-12-01 12:04:14,075 [9e3b9079-4dd1-4962-964a-dfdeb60592bf@group-DF74C210C5F0-FollowerState] INFO  server.RaftServerConfigKeys (ConfUtils.java:logFallback(53)) - raft.server.rpc.first-election.timeout.min = 5s (fallback to raft.server.rpc.timeout.min)
2023-12-01 12:04:14,075 [9e3b9079-4dd1-4962-964a-dfdeb60592bf-PipelineCommandHandlerThread-0] INFO  ratis.XceiverServerRatis (XceiverServerRatis.java:addGroup(814)) - Created group PipelineID=89277692-41ac-4053-95e7-df74c210c5f0
2023-12-01 12:04:14,075 [9e3b9079-4dd1-4962-964a-dfdeb60592bf@group-DF74C210C5F0-FollowerState] INFO  server.RaftServerConfigKeys (ConfUtils.java:logFallback(53)) - raft.server.rpc.first-election.timeout.max = 5200ms (fallback to raft.server.rpc.timeout.max)
2023-12-01 12:04:14,075 [9e3b9079-4dd1-4962-964a-dfdeb60592bf-PipelineCommandHandlerThread-0] INFO  commandhandler.CreatePipelineCommandHandler (CreatePipelineCommandHandler.java:lambda$handle$2(124)) - Created Pipeline RATIS ONE PipelineID=89277692-41ac-4053-95e7-df74c210c5f0.
2023-12-01 12:04:14,075 [9e3b9079-4dd1-4962-964a-dfdeb60592bf-groupManagement] INFO  server.RaftServerConfigKeys (ConfUtils.java:logGet(46)) - raft.server.storage.free-space.min = 0MB (=0) (default)
2023-12-01 12:04:14,079 [9e3b9079-4dd1-4962-964a-dfdeb60592bf-groupManagement] INFO  server.RaftServerConfigKeys (ConfUtils.java:logGet(46)) - raft.server.log.corruption.policy = EXCEPTION (default)
2023-12-01 12:04:14,079 [9e3b9079-4dd1-4962-964a-dfdeb60592bf-groupManagement] INFO  server.RaftServerConfigKeys (ConfUtils.java:logGet(46)) - raft.server.storage.dir = [/home/runner/work/ozone/ozone/hadoop-ozone/integration-test/target/test-dir/MiniOzoneClusterImpl-d99da5cf-54e3-4304-baea-1cefc2b4c4dc/datanode-4/data/ratis] (custom)
2023-12-01 12:04:14,079 [9e3b9079-4dd1-4962-964a-dfdeb60592bf-PipelineCommandHandlerThread-0] INFO  server.RaftServer (RaftServerProxy.java:addNew(100)) - 9e3b9079-4dd1-4962-964a-dfdeb60592bf: addNew group-CEB7BF5298CA:[a78ad617-b5b5-46fb-9003-310abdef56ad|10.1.0.24:15041, 6dc608fe-50aa-407f-b4f0-db1c149f31c2|10.1.0.24:15059, 9e3b9079-4dd1-4962-964a-dfdeb60592bf|10.1.0.24:15050] returns group-CEB7BF5298CA:java.util.concurrent.CompletableFuture@20e545da[Not completed]
2023-12-01 12:04:14,081 [9e3b9079-4dd1-4962-964a-dfdeb60592bf-groupManagement] INFO  storage.RaftStorageDirectory (RaftStorageDirectoryImpl.java:analyzeStorage(138)) - The storage directory /home/runner/work/ozone/ozone/hadoop-ozone/integration-test/target/test-dir/MiniOzoneClusterImpl-d99da5cf-54e3-4304-baea-1cefc2b4c4dc/datanode-4/data/ratis/2b4dd9e6-4792-4511-8b8f-deffde7c9d9f does not exist. Creating ...
2023-12-01 12:04:14,082 [EventQueue-PipelineReportForPipelineReportHandler] INFO  pipeline.PipelineReportHandler (PipelineReportHandler.java:processPipelineReport(136)) - Opened pipeline PipelineID=89277692-41ac-4053-95e7-df74c210c5f0
2023-12-01 12:04:14,082 [EventQueue-OpenPipelineForHealthyPipelineSafeModeRule] INFO  safemode.SCMSafeModeManager (HealthyPipelineSafeModeRule.java:process(137)) - SCM in safe mode. Healthy pipelines reported count is 0, required healthy pipeline reported count is 1
2023-12-01 12:04:14,084 [9e3b9079-4dd1-4962-964a-dfdeb60592bf-groupManagement] INFO  storage.RaftStorageDirectory (RaftStorageDirectoryImpl.java:tryLock(232)) - Lock on /home/runner/work/ozone/ozone/hadoop-ozone/integration-test/target/test-dir/MiniOzoneClusterImpl-d99da5cf-54e3-4304-baea-1cefc2b4c4dc/datanode-4/data/ratis/2b4dd9e6-4792-4511-8b8f-deffde7c9d9f/in_use.lock acquired by nodename 15370@fv-az1423-675
2023-12-01 12:04:14,086 [9e3b9079-4dd1-4962-964a-dfdeb60592bf-groupManagement] INFO  storage.RaftStorage (RaftStorageImpl.java:format(97)) - Storage directory /home/runner/work/ozone/ozone/hadoop-ozone/integration-test/target/test-dir/MiniOzoneClusterImpl-d99da5cf-54e3-4304-baea-1cefc2b4c4dc/datanode-4/data/ratis/2b4dd9e6-4792-4511-8b8f-deffde7c9d9f has been successfully formatted.
2023-12-01 12:04:14,086 [9e3b9079-4dd1-4962-964a-dfdeb60592bf-groupManagement] INFO  ratis.ContainerStateMachine (ContainerStateMachine.java:loadSnapshot(269)) - group-DEFFDE7C9D9F: The snapshot info is null. Setting the last applied indexto:(t:0, i:~)
2023-12-01 12:04:14,087 [9e3b9079-4dd1-4962-964a-dfdeb60592bf-groupManagement] INFO  server.RaftServerConfigKeys (ConfUtils.java:logGet(46)) - raft.server.log.use.memory = false (default)
2023-12-01 12:04:14,087 [9e3b9079-4dd1-4962-964a-dfdeb60592bf-groupManagement] INFO  server.RaftServerConfigKeys (ConfUtils.java:logGet(46)) - raft.server.log.purge.gap = 1000000 (custom)
2023-12-01 12:04:14,087 [9e3b9079-4dd1-4962-964a-dfdeb60592bf-groupManagement] INFO  server.RaftServerConfigKeys (ConfUtils.java:logGet(46)) - raft.server.log.appender.buffer.byte-limit = 33554432 (custom)
2023-12-01 12:04:14,087 [9e3b9079-4dd1-4962-964a-dfdeb60592bf-groupManagement] INFO  server.RaftServerConfigKeys (ConfUtils.java:logGet(46)) - raft.server.log.statemachine.data.read.timeout = 1000ms (default)
2023-12-01 12:04:14,087 [9e3b9079-4dd1-4962-964a-dfdeb60592bf-groupManagement] INFO  server.RaftServerConfigKeys (ConfUtils.java:logGet(46)) - raft.server.log.purge.preservation.log.num = 0 (default)
2023-12-01 12:04:14,091 [9e3b9079-4dd1-4962-964a-dfdeb60592bf-groupManagement] INFO  server.RaftServerConfigKeys (ConfUtils.java:logGet(46)) - raft.server.log.segment.size.max = 67108864 (custom)
2023-12-01 12:04:14,092 [9e3b9079-4dd1-4962-964a-dfdeb60592bf-groupManagement] INFO  server.RaftServerConfigKeys (ConfUtils.java:logGet(46)) - raft.server.log.segment.cache.num.max = 2 (custom)
2023-12-01 12:04:14,092 [9e3b9079-4dd1-4962-964a-dfdeb60592bf-groupManagement] INFO  server.RaftServerConfigKeys (ConfUtils.java:logGet(46)) - raft.server.log.segment.cache.size.max = 200MB (=209715200) (default)
2023-12-01 12:04:14,092 [9e3b9079-4dd1-4962-964a-dfdeb60592bf-groupManagement] INFO  server.RaftServerConfigKeys (ConfUtils.java:logGet(46)) - raft.server.log.appender.buffer.byte-limit = 33554432 (custom)
2023-12-01 12:04:14,092 [9e3b9079-4dd1-4962-964a-dfdeb60592bf-groupManagement] INFO  util.AwaitToRun (AwaitToRun.java:start(81)) - Thread[9e3b9079-4dd1-4962-964a-dfdeb60592bf@group-DEFFDE7C9D9F-cacheEviction-AwaitToRun,5,main] started
2023-12-01 12:04:14,092 [9e3b9079-4dd1-4962-964a-dfdeb60592bf-groupManagement] INFO  segmented.SegmentedRaftLogWorker (SegmentedRaftLogWorker.java:<init>(184)) - new 9e3b9079-4dd1-4962-964a-dfdeb60592bf@group-DEFFDE7C9D9F-SegmentedRaftLogWorker for RaftStorageImpl:Storage Directory /home/runner/work/ozone/ozone/hadoop-ozone/integration-test/target/test-dir/MiniOzoneClusterImpl-d99da5cf-54e3-4304-baea-1cefc2b4c4dc/datanode-4/data/ratis/2b4dd9e6-4792-4511-8b8f-deffde7c9d9f
2023-12-01 12:04:14,092 [9e3b9079-4dd1-4962-964a-dfdeb60592bf-groupManagement] INFO  server.RaftServerConfigKeys (ConfUtils.java:logGet(46)) - raft.server.log.queue.byte-limit = 4294967296 (custom)
2023-12-01 12:04:14,092 [9e3b9079-4dd1-4962-964a-dfdeb60592bf-groupManagement] INFO  server.RaftServerConfigKeys (ConfUtils.java:logGet(46)) - raft.server.log.queue.element-limit = 1024 (custom)
2023-12-01 12:04:14,093 [9e3b9079-4dd1-4962-964a-dfdeb60592bf-groupManagement] INFO  server.RaftServerConfigKeys (ConfUtils.java:logGet(46)) - raft.server.log.segment.size.max = 67108864 (custom)
2023-12-01 12:04:14,103 [9e3b9079-4dd1-4962-964a-dfdeb60592bf-groupManagement] INFO  server.RaftServerConfigKeys (ConfUtils.java:logGet(46)) - raft.server.log.preallocated.size = 4194304 (custom)
2023-12-01 12:04:14,103 [9e3b9079-4dd1-4962-964a-dfdeb60592bf-groupManagement] INFO  server.RaftServerConfigKeys (ConfUtils.java:logGet(46)) - raft.server.log.force.sync.num = 128 (default)
2023-12-01 12:04:14,104 [9e3b9079-4dd1-4962-964a-dfdeb60592bf-groupManagement] INFO  server.RaftServerConfigKeys (ConfUtils.java:logGet(46)) - raft.server.log.statemachine.data.sync = true (default)
2023-12-01 12:04:14,099 [EventQueue-OpenPipelineForHealthyPipelineSafeModeRule] INFO  safemode.SCMSafeModeManager (HealthyPipelineSafeModeRule.java:process(137)) - SCM in safe mode. Healthy pipelines reported count is 0, required healthy pipeline reported count is 1
2023-12-01 12:04:14,108 [9e3b9079-4dd1-4962-964a-dfdeb60592bf-groupManagement] INFO  server.RaftServerConfigKeys (ConfUtils.java:logGet(46)) - raft.server.log.statemachine.data.sync.timeout = 10s (default)
2023-12-01 12:04:14,108 [9e3b9079-4dd1-4962-964a-dfdeb60592bf-groupManagement] INFO  server.RaftServerConfigKeys (ConfUtils.java:logGet(46)) - raft.server.log.statemachine.data.sync.timeout.retry = -1 (default)
2023-12-01 12:04:14,109 [9e3b9079-4dd1-4962-964a-dfdeb60592bf-groupManagement] INFO  server.RaftServerConfigKeys (ConfUtils.java:logGet(46)) - raft.server.log.write.buffer.size = 2097152 (custom)
2023-12-01 12:04:14,110 [9e3b9079-4dd1-4962-964a-dfdeb60592bf-groupManagement] INFO  server.RaftServerConfigKeys (ConfUtils.java:logGet(46)) - raft.server.log.appender.buffer.byte-limit = 33554432 (custom)
2023-12-01 12:04:14,111 [9e3b9079-4dd1-4962-964a-dfdeb60592bf-groupManagement] INFO  server.RaftServerConfigKeys (ConfUtils.java:logGet(46)) - raft.server.log.unsafe-flush.enabled = false (default)
2023-12-01 12:04:14,111 [9e3b9079-4dd1-4962-964a-dfdeb60592bf-groupManagement] INFO  server.RaftServerConfigKeys (ConfUtils.java:logGet(46)) - raft.server.log.async-flush.enabled = false (default)
2023-12-01 12:04:14,111 [9e3b9079-4dd1-4962-964a-dfdeb60592bf-groupManagement] INFO  server.RaftServerConfigKeys (ConfUtils.java:logGet(46)) - raft.server.log.statemachine.data.caching.enabled = true (custom)
2023-12-01 12:04:14,112 [9e3b9079-4dd1-4962-964a-dfdeb60592bf-groupManagement] INFO  segmented.SegmentedRaftLogWorker (SegmentedRaftLogWorker.java:lambda$new$0(135)) - 9e3b9079-4dd1-4962-964a-dfdeb60592bf@group-DEFFDE7C9D9F-SegmentedRaftLogWorker: flushIndex: setUnconditionally 0 -> -1
2023-12-01 12:04:14,112 [9e3b9079-4dd1-4962-964a-dfdeb60592bf-groupManagement] INFO  segmented.SegmentedRaftLogWorker (SegmentedRaftLogWorker.java:lambda$new$0(135)) - 9e3b9079-4dd1-4962-964a-dfdeb60592bf@group-DEFFDE7C9D9F-SegmentedRaftLogWorker: safeCacheEvictIndex: setUnconditionally 0 -> -1
2023-12-01 12:04:14,119 [9e3b9079-4dd1-4962-964a-dfdeb60592bf-groupManagement] INFO  server.RaftServer$Division (RaftServerImpl.java:start(392)) - 9e3b9079-4dd1-4962-964a-dfdeb60592bf@group-DEFFDE7C9D9F: start as a follower, conf=-1: peers:[a78ad617-b5b5-46fb-9003-310abdef56ad|10.1.0.24:15041, 6dc608fe-50aa-407f-b4f0-db1c149f31c2|10.1.0.24:15059, 9e3b9079-4dd1-4962-964a-dfdeb60592bf|10.1.0.24:15050]|listeners:[], old=null
2023-12-01 12:04:14,119 [9e3b9079-4dd1-4962-964a-dfdeb60592bf-groupManagement] INFO  server.RaftServer$Division (RaftServerImpl.java:setRole(379)) - 9e3b9079-4dd1-4962-964a-dfdeb60592bf@group-DEFFDE7C9D9F: changes role from      null to FOLLOWER at term 0 for startAsFollower
2023-12-01 12:04:14,120 [9e3b9079-4dd1-4962-964a-dfdeb60592bf-groupManagement] INFO  impl.RoleInfo (RoleInfo.java:updateAndGet(139)) - 9e3b9079-4dd1-4962-964a-dfdeb60592bf: start 9e3b9079-4dd1-4962-964a-dfdeb60592bf@group-DEFFDE7C9D9F-FollowerState
2023-12-01 12:04:14,121 [9e3b9079-4dd1-4962-964a-dfdeb60592bf-groupManagement] INFO  util.JmxRegister (JmxRegister.java:tryRegister(44)) - Successfully registered JMX Bean with object name Ratis:service=RaftServer,group=group-DEFFDE7C9D9F,id=9e3b9079-4dd1-4962-964a-dfdeb60592bf
2023-12-01 12:04:14,121 [9e3b9079-4dd1-4962-964a-dfdeb60592bf-groupManagement] INFO  server.RaftServerConfigKeys (ConfUtils.java:logGet(46)) - raft.server.snapshot.trigger-when-stop.enabled = true (default)
2023-12-01 12:04:14,121 [9e3b9079-4dd1-4962-964a-dfdeb60592bf-groupManagement] INFO  server.RaftServerConfigKeys (ConfUtils.java:logGet(46)) - raft.server.snapshot.auto.trigger.enabled = true (custom)
2023-12-01 12:04:14,121 [9e3b9079-4dd1-4962-964a-dfdeb60592bf-groupManagement] INFO  server.RaftServerConfigKeys (ConfUtils.java:logGet(46)) - raft.server.snapshot.auto.trigger.threshold = 10000 (custom)
2023-12-01 12:04:14,121 [9e3b9079-4dd1-4962-964a-dfdeb60592bf-groupManagement] INFO  server.RaftServerConfigKeys (ConfUtils.java:logGet(46)) - raft.server.snapshot.retention.file.num = 5 (custom)
2023-12-01 12:04:14,121 [9e3b9079-4dd1-4962-964a-dfdeb60592bf-groupManagement] INFO  server.RaftServerConfigKeys (ConfUtils.java:logGet(46)) - raft.server.log.purge.upto.snapshot.index = false (default)
2023-12-01 12:04:14,122 [9e3b9079-4dd1-4962-964a-dfdeb60592bf@group-DEFFDE7C9D9F-FollowerState] INFO  server.RaftServerConfigKeys (ConfUtils.java:logFallback(53)) - raft.server.rpc.first-election.timeout.min = 5s (fallback to raft.server.rpc.timeout.min)
2023-12-01 12:04:14,122 [9e3b9079-4dd1-4962-964a-dfdeb60592bf@group-DEFFDE7C9D9F-FollowerState] INFO  server.RaftServerConfigKeys (ConfUtils.java:logFallback(53)) - raft.server.rpc.first-election.timeout.max = 5200ms (fallback to raft.server.rpc.timeout.max)
2023-12-01 12:04:14,134 [main] INFO  ozone.MiniOzoneClusterImpl (MiniOzoneClusterImpl.java:lambda$waitForClusterToBeReady$0(229)) - Nodes are ready. Got 6 of 6 DN Heartbeats.
2023-12-01 12:04:14,134 [main] INFO  ozone.MiniOzoneClusterImpl (MiniOzoneClusterImpl.java:lambda$waitForClusterToBeReady$0(232)) - Waiting for cluster to exit safe mode
2023-12-01 12:04:14,134 [main] INFO  ozone.MiniOzoneClusterImpl (MiniOzoneClusterImpl.java:lambda$waitForClusterToBeReady$0(234)) - SCM became leader
2023-12-01 12:04:14,151 [6dc608fe-50aa-407f-b4f0-db1c149f31c2-PipelineCommandHandlerThread-0] INFO  server.RaftServer (RaftServerProxy.java:addNew(100)) - 6dc608fe-50aa-407f-b4f0-db1c149f31c2: addNew group-7E5BD0AD8A5B:[6dc608fe-50aa-407f-b4f0-db1c149f31c2|10.1.0.24:15059] returns group-7E5BD0AD8A5B:java.util.concurrent.CompletableFuture@5814af9c[Not completed]
2023-12-01 12:04:14,153 [6dc608fe-50aa-407f-b4f0-db1c149f31c2-groupManagement] INFO  server.RaftServer$Division (RaftServerImpl.java:<init>(256)) - 6dc608fe-50aa-407f-b4f0-db1c149f31c2: new RaftServerImpl for group-7E5BD0AD8A5B:[6dc608fe-50aa-407f-b4f0-db1c149f31c2|10.1.0.24:15059] with ContainerStateMachine:uninitialized
2023-12-01 12:04:14,154 [6dc608fe-50aa-407f-b4f0-db1c149f31c2-groupManagement] INFO  server.RaftServerConfigKeys (ConfUtils.java:logGet(46)) - raft.server.rpc.timeout.min = 5s (custom)
2023-12-01 12:04:14,154 [6dc608fe-50aa-407f-b4f0-db1c149f31c2-groupManagement] INFO  server.RaftServerConfigKeys (ConfUtils.java:logGet(46)) - raft.server.rpc.timeout.max = 5200ms (custom)
2023-12-01 12:04:14,154 [6dc608fe-50aa-407f-b4f0-db1c149f31c2-groupManagement] INFO  server.RaftServerConfigKeys (ConfUtils.java:logGet(46)) - raft.server.rpc.sleep.time = 25ms (default)
2023-12-01 12:04:14,155 [6dc608fe-50aa-407f-b4f0-db1c149f31c2-groupManagement] INFO  server.RaftServerConfigKeys (ConfUtils.java:logGet(46)) - raft.server.rpc.slowness.timeout = 300s (custom)
2023-12-01 12:04:14,160 [6dc608fe-50aa-407f-b4f0-db1c149f31c2-groupManagement] INFO  server.RaftServerConfigKeys (ConfUtils.java:logGet(46)) - raft.server.leaderelection.leader.step-down.wait-time = 10s (default)
2023-12-01 12:04:14,161 [6dc608fe-50aa-407f-b4f0-db1c149f31c2-groupManagement] INFO  server.RaftServerConfigKeys (ConfUtils.java:logGet(46)) - raft.server.leaderelection.member.majority-add = false (default)
2023-12-01 12:04:14,162 [6dc608fe-50aa-407f-b4f0-db1c149f31c2-groupManagement] INFO  server.RaftServerConfigKeys (ConfUtils.java:logGet(46)) - raft.server.sleep.deviation.threshold = 300ms (default)
2023-12-01 12:04:14,162 [6dc608fe-50aa-407f-b4f0-db1c149f31c2-groupManagement] INFO  server.RaftServer$Division (ServerState.java:<init>(113)) - 6dc608fe-50aa-407f-b4f0-db1c149f31c2@group-7E5BD0AD8A5B: ConfigurationManager, init=-1: peers:[6dc608fe-50aa-407f-b4f0-db1c149f31c2|10.1.0.24:15059]|listeners:[], old=null, confs=<EMPTY_MAP>
2023-12-01 12:04:14,162 [9e3b9079-4dd1-4962-964a-dfdeb60592bf-groupManagement] INFO  server.RaftServer$Division (RaftServerImpl.java:<init>(256)) - 9e3b9079-4dd1-4962-964a-dfdeb60592bf: new RaftServerImpl for group-CEB7BF5298CA:[a78ad617-b5b5-46fb-9003-310abdef56ad|10.1.0.24:15041, 6dc608fe-50aa-407f-b4f0-db1c149f31c2|10.1.0.24:15059, 9e3b9079-4dd1-4962-964a-dfdeb60592bf|10.1.0.24:15050] with ContainerStateMachine:uninitialized
2023-12-01 12:04:14,163 [9e3b9079-4dd1-4962-964a-dfdeb60592bf-groupManagement] INFO  server.RaftServerConfigKeys (ConfUtils.java:logGet(46)) - raft.server.rpc.timeout.min = 5s (custom)
2023-12-01 12:04:14,163 [9e3b9079-4dd1-4962-964a-dfdeb60592bf-groupManagement] INFO  server.RaftServerConfigKeys (ConfUtils.java:logGet(46)) - raft.server.rpc.timeout.max = 5200ms (custom)
2023-12-01 12:04:14,163 [9e3b9079-4dd1-4962-964a-dfdeb60592bf-groupManagement] INFO  server.RaftServerConfigKeys (ConfUtils.java:logGet(46)) - raft.server.rpc.sleep.time = 25ms (default)
2023-12-01 12:04:14,163 [9e3b9079-4dd1-4962-964a-dfdeb60592bf-groupManagement] INFO  server.RaftServerConfigKeys (ConfUtils.java:logGet(46)) - raft.server.rpc.slowness.timeout = 300s (custom)
2023-12-01 12:04:14,163 [9e3b9079-4dd1-4962-964a-dfdeb60592bf-groupManagement] INFO  server.RaftServerConfigKeys (ConfUtils.java:logGet(46)) - raft.server.leaderelection.leader.step-down.wait-time = 10s (default)
2023-12-01 12:04:14,163 [9e3b9079-4dd1-4962-964a-dfdeb60592bf-groupManagement] INFO  server.RaftServerConfigKeys (ConfUtils.java:logGet(46)) - raft.server.leaderelection.member.majority-add = false (default)
2023-12-01 12:04:14,163 [9e3b9079-4dd1-4962-964a-dfdeb60592bf-groupManagement] INFO  server.RaftServerConfigKeys (ConfUtils.java:logGet(46)) - raft.server.sleep.deviation.threshold = 300ms (default)
2023-12-01 12:04:14,163 [9e3b9079-4dd1-4962-964a-dfdeb60592bf-groupManagement] INFO  server.RaftServer$Division (ServerState.java:<init>(113)) - 9e3b9079-4dd1-4962-964a-dfdeb60592bf@group-CEB7BF5298CA: ConfigurationManager, init=-1: peers:[a78ad617-b5b5-46fb-9003-310abdef56ad|10.1.0.24:15041, 6dc608fe-50aa-407f-b4f0-db1c149f31c2|10.1.0.24:15059, 9e3b9079-4dd1-4962-964a-dfdeb60592bf|10.1.0.24:15050]|listeners:[], old=null, confs=<EMPTY_MAP>
2023-12-01 12:04:14,163 [9e3b9079-4dd1-4962-964a-dfdeb60592bf-groupManagement] INFO  server.RaftServerConfigKeys (ConfUtils.java:logGet(46)) - raft.server.notification.no-leader.timeout = 300s (custom)
2023-12-01 12:04:14,163 [9e3b9079-4dd1-4962-964a-dfdeb60592bf-groupManagement] INFO  server.RaftServerConfigKeys (ConfUtils.java:logGet(46)) - raft.server.read.timeout = 10s (default)
2023-12-01 12:04:14,163 [9e3b9079-4dd1-4962-964a-dfdeb60592bf-groupManagement] INFO  server.RaftServerConfigKeys (ConfUtils.java:logGet(46)) - raft.server.retrycache.expirytime = 600000ms (custom)
2023-12-01 12:04:14,163 [9e3b9079-4dd1-4962-964a-dfdeb60592bf-groupManagement] INFO  server.RaftServerConfigKeys (ConfUtils.java:logGet(46)) - raft.server.retrycache.statistics.expirytime = 100ms (default)
2023-12-01 12:04:14,163 [9e3b9079-4dd1-4962-964a-dfdeb60592bf-groupManagement] INFO  server.RaftServerConfigKeys (ConfUtils.java:logGet(46)) - raft.server.read.option = DEFAULT (default)
2023-12-01 12:04:14,163 [9e3b9079-4dd1-4962-964a-dfdeb60592bf-groupManagement] INFO  server.RaftServerConfigKeys (ConfUtils.java:logGet(46)) - raft.server.read.read-after-write-consistent.write-index-cache.expiry-time = 60s (default)
2023-12-01 12:04:14,162 [6dc608fe-50aa-407f-b4f0-db1c149f31c2-groupManagement] INFO  server.RaftServerConfigKeys (ConfUtils.java:logGet(46)) - raft.server.notification.no-leader.timeout = 300s (custom)
2023-12-01 12:04:14,164 [6dc608fe-50aa-407f-b4f0-db1c149f31c2-groupManagement] INFO  server.RaftServerConfigKeys (ConfUtils.java:logGet(46)) - raft.server.read.timeout = 10s (default)
2023-12-01 12:04:14,165 [6dc608fe-50aa-407f-b4f0-db1c149f31c2-groupManagement] INFO  server.RaftServerConfigKeys (ConfUtils.java:logGet(46)) - raft.server.retrycache.expirytime = 600000ms (custom)
2023-12-01 12:04:14,165 [6dc608fe-50aa-407f-b4f0-db1c149f31c2-groupManagement] INFO  server.RaftServerConfigKeys (ConfUtils.java:logGet(46)) - raft.server.retrycache.statistics.expirytime = 100ms (default)
2023-12-01 12:04:14,165 [6dc608fe-50aa-407f-b4f0-db1c149f31c2-groupManagement] INFO  server.RaftServerConfigKeys (ConfUtils.java:logGet(46)) - raft.server.read.option = DEFAULT (default)
2023-12-01 12:04:14,166 [6dc608fe-50aa-407f-b4f0-db1c149f31c2-groupManagement] INFO  server.RaftServerConfigKeys (ConfUtils.java:logGet(46)) - raft.server.read.read-after-write-consistent.write-index-cache.expiry-time = 60s (default)
2023-12-01 12:04:14,177 [e4101cf6-f8c4-4d95-a998-136b2bec65e8-PipelineCommandHandlerThread-0] INFO  commandhandler.CreatePipelineCommandHandler (CreatePipelineCommandHandler.java:lambda$handle$2(124)) - Created Pipeline RATIS THREE PipelineID=6b4773d7-470c-4514-b2ab-3ffcffd79986.
2023-12-01 12:04:14,178 [e4101cf6-f8c4-4d95-a998-136b2bec65e8-PipelineCommandHandlerThread-0] INFO  server.RaftServer (RaftServerProxy.java:addNew(100)) - e4101cf6-f8c4-4d95-a998-136b2bec65e8: addNew group-18C264C89AAE:[144aaeee-fb04-48fb-9b63-1a6b7587bad5|10.1.0.24:15023, e4101cf6-f8c4-4d95-a998-136b2bec65e8|10.1.0.24:15014, a2bf02b8-7760-44e6-b399-ad4429aacfa0|10.1.0.24:15032] returns group-18C264C89AAE:java.util.concurrent.CompletableFuture@6494ca83[Not completed]
2023-12-01 12:04:14,180 [144aaeee-fb04-48fb-9b63-1a6b7587bad5-PipelineCommandHandlerThread-0] INFO  commandhandler.CreatePipelineCommandHandler (CreatePipelineCommandHandler.java:lambda$handle$2(124)) - Created Pipeline RATIS THREE PipelineID=6b4773d7-470c-4514-b2ab-3ffcffd79986.
2023-12-01 12:04:14,180 [144aaeee-fb04-48fb-9b63-1a6b7587bad5-PipelineCommandHandlerThread-0] INFO  server.RaftServer (RaftServerProxy.java:addNew(100)) - 144aaeee-fb04-48fb-9b63-1a6b7587bad5: addNew group-18C264C89AAE:[144aaeee-fb04-48fb-9b63-1a6b7587bad5|10.1.0.24:15023, e4101cf6-f8c4-4d95-a998-136b2bec65e8|10.1.0.24:15014, a2bf02b8-7760-44e6-b399-ad4429aacfa0|10.1.0.24:15032] returns group-18C264C89AAE:java.util.concurrent.CompletableFuture@1eb7bb36[Not completed]
2023-12-01 12:04:14,182 [e4101cf6-f8c4-4d95-a998-136b2bec65e8-groupManagement] INFO  server.RaftServer$Division (RaftServerImpl.java:<init>(256)) - e4101cf6-f8c4-4d95-a998-136b2bec65e8: new RaftServerImpl for group-18C264C89AAE:[144aaeee-fb04-48fb-9b63-1a6b7587bad5|10.1.0.24:15023, e4101cf6-f8c4-4d95-a998-136b2bec65e8|10.1.0.24:15014, a2bf02b8-7760-44e6-b399-ad4429aacfa0|10.1.0.24:15032] with ContainerStateMachine:uninitialized
2023-12-01 12:04:14,182 [e4101cf6-f8c4-4d95-a998-136b2bec65e8-groupManagement] INFO  server.RaftServerConfigKeys (ConfUtils.java:logGet(46)) - raft.server.rpc.timeout.min = 5s (custom)
2023-12-01 12:04:14,182 [e4101cf6-f8c4-4d95-a998-136b2bec65e8-groupManagement] INFO  server.RaftServerConfigKeys (ConfUtils.java:logGet(46)) - raft.server.rpc.timeout.max = 5200ms (custom)
2023-12-01 12:04:14,182 [e4101cf6-f8c4-4d95-a998-136b2bec65e8-groupManagement] INFO  server.RaftServerConfigKeys (ConfUtils.java:logGet(46)) - raft.server.rpc.sleep.time = 25ms (default)
2023-12-01 12:04:14,182 [e4101cf6-f8c4-4d95-a998-136b2bec65e8-groupManagement] INFO  server.RaftServerConfigKeys (ConfUtils.java:logGet(46)) - raft.server.rpc.slowness.timeout = 300s (custom)
2023-12-01 12:04:14,182 [e4101cf6-f8c4-4d95-a998-136b2bec65e8-groupManagement] INFO  server.RaftServerConfigKeys (ConfUtils.java:logGet(46)) - raft.server.leaderelection.leader.step-down.wait-time = 10s (default)
2023-12-01 12:04:14,182 [e4101cf6-f8c4-4d95-a998-136b2bec65e8-groupManagement] INFO  server.RaftServerConfigKeys (ConfUtils.java:logGet(46)) - raft.server.leaderelection.member.majority-add = false (default)
2023-12-01 12:04:14,182 [e4101cf6-f8c4-4d95-a998-136b2bec65e8-groupManagement] INFO  server.RaftServerConfigKeys (ConfUtils.java:logGet(46)) - raft.server.sleep.deviation.threshold = 300ms (default)
2023-12-01 12:04:14,182 [e4101cf6-f8c4-4d95-a998-136b2bec65e8-groupManagement] INFO  server.RaftServer$Division (ServerState.java:<init>(113)) - e4101cf6-f8c4-4d95-a998-136b2bec65e8@group-18C264C89AAE: ConfigurationManager, init=-1: peers:[144aaeee-fb04-48fb-9b63-1a6b7587bad5|10.1.0.24:15023, e4101cf6-f8c4-4d95-a998-136b2bec65e8|10.1.0.24:15014, a2bf02b8-7760-44e6-b399-ad4429aacfa0|10.1.0.24:15032]|listeners:[], old=null, confs=<EMPTY_MAP>
2023-12-01 12:04:14,183 [e4101cf6-f8c4-4d95-a998-136b2bec65e8-groupManagement] INFO  server.RaftServerConfigKeys (ConfUtils.java:logGet(46)) - raft.server.notification.no-leader.timeout = 300s (custom)
2023-12-01 12:04:14,183 [e4101cf6-f8c4-4d95-a998-136b2bec65e8-groupManagement] INFO  server.RaftServerConfigKeys (ConfUtils.java:logGet(46)) - raft.server.read.timeout = 10s (default)
2023-12-01 12:04:14,183 [e4101cf6-f8c4-4d95-a998-136b2bec65e8-groupManagement] INFO  server.RaftServerConfigKeys (ConfUtils.java:logGet(46)) - raft.server.retrycache.expirytime = 600000ms (custom)
2023-12-01 12:04:14,183 [e4101cf6-f8c4-4d95-a998-136b2bec65e8-groupManagement] INFO  server.RaftServerConfigKeys (ConfUtils.java:logGet(46)) - raft.server.retrycache.statistics.expirytime = 100ms (default)
2023-12-01 12:04:14,183 [e4101cf6-f8c4-4d95-a998-136b2bec65e8-groupManagement] INFO  server.RaftServerConfigKeys (ConfUtils.java:logGet(46)) - raft.server.read.option = DEFAULT (default)
2023-12-01 12:04:14,183 [e4101cf6-f8c4-4d95-a998-136b2bec65e8-groupManagement] INFO  server.RaftServerConfigKeys (ConfUtils.java:logGet(46)) - raft.server.read.read-after-write-consistent.write-index-cache.expiry-time = 60s (default)
2023-12-01 12:04:14,184 [144aaeee-fb04-48fb-9b63-1a6b7587bad5-groupManagement] INFO  server.RaftServer$Division (RaftServerImpl.java:<init>(256)) - 144aaeee-fb04-48fb-9b63-1a6b7587bad5: new RaftServerImpl for group-18C264C89AAE:[144aaeee-fb04-48fb-9b63-1a6b7587bad5|10.1.0.24:15023, e4101cf6-f8c4-4d95-a998-136b2bec65e8|10.1.0.24:15014, a2bf02b8-7760-44e6-b399-ad4429aacfa0|10.1.0.24:15032] with ContainerStateMachine:uninitialized
2023-12-01 12:04:14,184 [144aaeee-fb04-48fb-9b63-1a6b7587bad5-groupManagement] INFO  server.RaftServerConfigKeys (ConfUtils.java:logGet(46)) - raft.server.rpc.timeout.min = 5s (custom)
2023-12-01 12:04:14,184 [144aaeee-fb04-48fb-9b63-1a6b7587bad5-groupManagement] INFO  server.RaftServerConfigKeys (ConfUtils.java:logGet(46)) - raft.server.rpc.timeout.max = 5200ms (custom)
2023-12-01 12:04:14,184 [144aaeee-fb04-48fb-9b63-1a6b7587bad5-groupManagement] INFO  server.RaftServerConfigKeys (ConfUtils.java:logGet(46)) - raft.server.rpc.sleep.time = 25ms (default)
2023-12-01 12:04:14,184 [144aaeee-fb04-48fb-9b63-1a6b7587bad5-groupManagement] INFO  server.RaftServerConfigKeys (ConfUtils.java:logGet(46)) - raft.server.rpc.slowness.timeout = 300s (custom)
2023-12-01 12:04:14,185 [144aaeee-fb04-48fb-9b63-1a6b7587bad5-groupManagement] INFO  server.RaftServerConfigKeys (ConfUtils.java:logGet(46)) - raft.server.leaderelection.leader.step-down.wait-time = 10s (default)
2023-12-01 12:04:14,185 [144aaeee-fb04-48fb-9b63-1a6b7587bad5-groupManagement] INFO  server.RaftServerConfigKeys (ConfUtils.java:logGet(46)) - raft.server.leaderelection.member.majority-add = false (default)
2023-12-01 12:04:14,185 [144aaeee-fb04-48fb-9b63-1a6b7587bad5-groupManagement] INFO  server.RaftServerConfigKeys (ConfUtils.java:logGet(46)) - raft.server.sleep.deviation.threshold = 300ms (default)
2023-12-01 12:04:14,185 [144aaeee-fb04-48fb-9b63-1a6b7587bad5-groupManagement] INFO  server.RaftServer$Division (ServerState.java:<init>(113)) - 144aaeee-fb04-48fb-9b63-1a6b7587bad5@group-18C264C89AAE: ConfigurationManager, init=-1: peers:[144aaeee-fb04-48fb-9b63-1a6b7587bad5|10.1.0.24:15023, e4101cf6-f8c4-4d95-a998-136b2bec65e8|10.1.0.24:15014, a2bf02b8-7760-44e6-b399-ad4429aacfa0|10.1.0.24:15032]|listeners:[], old=null, confs=<EMPTY_MAP>
2023-12-01 12:04:14,185 [144aaeee-fb04-48fb-9b63-1a6b7587bad5-groupManagement] INFO  server.RaftServerConfigKeys (ConfUtils.java:logGet(46)) - raft.server.notification.no-leader.timeout = 300s (custom)
2023-12-01 12:04:14,185 [144aaeee-fb04-48fb-9b63-1a6b7587bad5-groupManagement] INFO  server.RaftServerConfigKeys (ConfUtils.java:logGet(46)) - raft.server.read.timeout = 10s (default)
2023-12-01 12:04:14,185 [144aaeee-fb04-48fb-9b63-1a6b7587bad5-groupManagement] INFO  server.RaftServerConfigKeys (ConfUtils.java:logGet(46)) - raft.server.retrycache.expirytime = 600000ms (custom)
2023-12-01 12:04:14,185 [144aaeee-fb04-48fb-9b63-1a6b7587bad5-groupManagement] INFO  server.RaftServerConfigKeys (ConfUtils.java:logGet(46)) - raft.server.retrycache.statistics.expirytime = 100ms (default)
2023-12-01 12:04:14,185 [144aaeee-fb04-48fb-9b63-1a6b7587bad5-groupManagement] INFO  server.RaftServerConfigKeys (ConfUtils.java:logGet(46)) - raft.server.read.option = DEFAULT (default)
2023-12-01 12:04:14,185 [144aaeee-fb04-48fb-9b63-1a6b7587bad5-groupManagement] INFO  server.RaftServerConfigKeys (ConfUtils.java:logGet(46)) - raft.server.read.read-after-write-consistent.write-index-cache.expiry-time = 60s (default)
2023-12-01 12:04:14,202 [e4101cf6-f8c4-4d95-a998-136b2bec65e8-groupManagement] INFO  server.RaftServerConfigKeys (ConfUtils.java:logGet(46)) - raft.server.rpc.request.timeout = 60s (custom)
2023-12-01 12:04:14,202 [e4101cf6-f8c4-4d95-a998-136b2bec65e8-groupManagement] INFO  server.RaftServerConfigKeys (ConfUtils.java:logGet(46)) - raft.server.log.appender.install.snapshot.enabled = false (custom)
2023-12-01 12:04:14,203 [e4101cf6-f8c4-4d95-a998-136b2bec65e8-groupManagement] INFO  server.RaftServerConfigKeys (ConfUtils.java:logGet(46)) - raft.server.threadpool.server.cached = true (default)
2023-12-01 12:04:14,203 [e4101cf6-f8c4-4d95-a998-136b2bec65e8-groupManagement] INFO  server.RaftServerConfigKeys (ConfUtils.java:logGet(46)) - raft.server.threadpool.server.size = 0 (default)
2023-12-01 12:04:14,203 [e4101cf6-f8c4-4d95-a998-136b2bec65e8-groupManagement] INFO  server.RaftServerConfigKeys (ConfUtils.java:logGet(46)) - raft.server.threadpool.client.cached = true (default)
2023-12-01 12:04:14,203 [e4101cf6-f8c4-4d95-a998-136b2bec65e8-groupManagement] INFO  server.RaftServerConfigKeys (ConfUtils.java:logGet(46)) - raft.server.threadpool.client.size = 0 (default)
2023-12-01 12:04:14,203 [e4101cf6-f8c4-4d95-a998-136b2bec65e8-groupManagement] INFO  server.RaftServerConfigKeys (ConfUtils.java:logGet(46)) - raft.server.storage.free-space.min = 0MB (=0) (default)
2023-12-01 12:04:14,203 [e4101cf6-f8c4-4d95-a998-136b2bec65e8-groupManagement] INFO  server.RaftServerConfigKeys (ConfUtils.java:logGet(46)) - raft.server.log.corruption.policy = EXCEPTION (default)
2023-12-01 12:04:14,203 [e4101cf6-f8c4-4d95-a998-136b2bec65e8-groupManagement] INFO  server.RaftServerConfigKeys (ConfUtils.java:logGet(46)) - raft.server.storage.dir = [/home/runner/work/ozone/ozone/hadoop-ozone/integration-test/target/test-dir/MiniOzoneClusterImpl-d99da5cf-54e3-4304-baea-1cefc2b4c4dc/datanode-0/data/ratis] (custom)
2023-12-01 12:04:14,203 [144aaeee-fb04-48fb-9b63-1a6b7587bad5-groupManagement] INFO  server.RaftServerConfigKeys (ConfUtils.java:logGet(46)) - raft.server.rpc.request.timeout = 60s (custom)
2023-12-01 12:04:14,203 [e4101cf6-f8c4-4d95-a998-136b2bec65e8-groupManagement] INFO  storage.RaftStorageDirectory (RaftStorageDirectoryImpl.java:analyzeStorage(138)) - The storage directory /home/runner/work/ozone/ozone/hadoop-ozone/integration-test/target/test-dir/MiniOzoneClusterImpl-d99da5cf-54e3-4304-baea-1cefc2b4c4dc/datanode-0/data/ratis/49a703d6-59fd-410f-b41d-18c264c89aae does not exist. Creating ...
2023-12-01 12:04:14,203 [144aaeee-fb04-48fb-9b63-1a6b7587bad5-groupManagement] INFO  server.RaftServerConfigKeys (ConfUtils.java:logGet(46)) - raft.server.log.appender.install.snapshot.enabled = false (custom)
2023-12-01 12:04:14,203 [144aaeee-fb04-48fb-9b63-1a6b7587bad5-groupManagement] INFO  server.RaftServerConfigKeys (ConfUtils.java:logGet(46)) - raft.server.threadpool.server.cached = true (default)
2023-12-01 12:04:14,203 [144aaeee-fb04-48fb-9b63-1a6b7587bad5-groupManagement] INFO  server.RaftServerConfigKeys (ConfUtils.java:logGet(46)) - raft.server.threadpool.server.size = 0 (default)
2023-12-01 12:04:14,204 [144aaeee-fb04-48fb-9b63-1a6b7587bad5-groupManagement] INFO  server.RaftServerConfigKeys (ConfUtils.java:logGet(46)) - raft.server.threadpool.client.cached = true (default)
2023-12-01 12:04:14,204 [144aaeee-fb04-48fb-9b63-1a6b7587bad5-groupManagement] INFO  server.RaftServerConfigKeys (ConfUtils.java:logGet(46)) - raft.server.threadpool.client.size = 0 (default)
2023-12-01 12:04:14,204 [144aaeee-fb04-48fb-9b63-1a6b7587bad5-groupManagement] INFO  server.RaftServerConfigKeys (ConfUtils.java:logGet(46)) - raft.server.storage.free-space.min = 0MB (=0) (default)
2023-12-01 12:04:14,204 [144aaeee-fb04-48fb-9b63-1a6b7587bad5-groupManagement] INFO  server.RaftServerConfigKeys (ConfUtils.java:logGet(46)) - raft.server.log.corruption.policy = EXCEPTION (default)
2023-12-01 12:04:14,204 [144aaeee-fb04-48fb-9b63-1a6b7587bad5-groupManagement] INFO  server.RaftServerConfigKeys (ConfUtils.java:logGet(46)) - raft.server.storage.dir = [/home/runner/work/ozone/ozone/hadoop-ozone/integration-test/target/test-dir/MiniOzoneClusterImpl-d99da5cf-54e3-4304-baea-1cefc2b4c4dc/datanode-1/data/ratis] (custom)
2023-12-01 12:04:14,204 [144aaeee-fb04-48fb-9b63-1a6b7587bad5-groupManagement] INFO  storage.RaftStorageDirectory (RaftStorageDirectoryImpl.java:analyzeStorage(138)) - The storage directory /home/runner/work/ozone/ozone/hadoop-ozone/integration-test/target/test-dir/MiniOzoneClusterImpl-d99da5cf-54e3-4304-baea-1cefc2b4c4dc/datanode-1/data/ratis/49a703d6-59fd-410f-b41d-18c264c89aae does not exist. Creating ...
2023-12-01 12:04:14,205 [9e3b9079-4dd1-4962-964a-dfdeb60592bf-groupManagement] INFO  server.RaftServerConfigKeys (ConfUtils.java:logGet(46)) - raft.server.rpc.request.timeout = 60s (custom)
2023-12-01 12:04:14,205 [9e3b9079-4dd1-4962-964a-dfdeb60592bf-groupManagement] INFO  server.RaftServerConfigKeys (ConfUtils.java:logGet(46)) - raft.server.log.appender.install.snapshot.enabled = false (custom)
2023-12-01 12:04:14,205 [9e3b9079-4dd1-4962-964a-dfdeb60592bf-groupManagement] INFO  server.RaftServerConfigKeys (ConfUtils.java:logGet(46)) - raft.server.threadpool.server.cached = true (default)
2023-12-01 12:04:14,205 [9e3b9079-4dd1-4962-964a-dfdeb60592bf-groupManagement] INFO  server.RaftServerConfigKeys (ConfUtils.java:logGet(46)) - raft.server.threadpool.server.size = 0 (default)
2023-12-01 12:04:14,205 [9e3b9079-4dd1-4962-964a-dfdeb60592bf-groupManagement] INFO  server.RaftServerConfigKeys (ConfUtils.java:logGet(46)) - raft.server.threadpool.client.cached = true (default)
2023-12-01 12:04:14,205 [9e3b9079-4dd1-4962-964a-dfdeb60592bf-groupManagement] INFO  server.RaftServerConfigKeys (ConfUtils.java:logGet(46)) - raft.server.threadpool.client.size = 0 (default)
2023-12-01 12:04:14,206 [9e3b9079-4dd1-4962-964a-dfdeb60592bf-groupManagement] INFO  server.RaftServerConfigKeys (ConfUtils.java:logGet(46)) - raft.server.storage.free-space.min = 0MB (=0) (default)
2023-12-01 12:04:14,206 [9e3b9079-4dd1-4962-964a-dfdeb60592bf-groupManagement] INFO  server.RaftServerConfigKeys (ConfUtils.java:logGet(46)) - raft.server.log.corruption.policy = EXCEPTION (default)
2023-12-01 12:04:14,206 [9e3b9079-4dd1-4962-964a-dfdeb60592bf-groupManagement] INFO  server.RaftServerConfigKeys (ConfUtils.java:logGet(46)) - raft.server.storage.dir = [/home/runner/work/ozone/ozone/hadoop-ozone/integration-test/target/test-dir/MiniOzoneClusterImpl-d99da5cf-54e3-4304-baea-1cefc2b4c4dc/datanode-4/data/ratis] (custom)
2023-12-01 12:04:14,206 [9e3b9079-4dd1-4962-964a-dfdeb60592bf-groupManagement] INFO  storage.RaftStorageDirectory (RaftStorageDirectoryImpl.java:analyzeStorage(138)) - The storage directory /home/runner/work/ozone/ozone/hadoop-ozone/integration-test/target/test-dir/MiniOzoneClusterImpl-d99da5cf-54e3-4304-baea-1cefc2b4c4dc/datanode-4/data/ratis/45f2c43b-d253-4e78-85ad-ceb7bf5298ca does not exist. Creating ...
2023-12-01 12:04:14,205 [144aaeee-fb04-48fb-9b63-1a6b7587bad5-groupManagement] INFO  storage.RaftStorageDirectory (RaftStorageDirectoryImpl.java:tryLock(232)) - Lock on /home/runner/work/ozone/ozone/hadoop-ozone/integration-test/target/test-dir/MiniOzoneClusterImpl-d99da5cf-54e3-4304-baea-1cefc2b4c4dc/datanode-1/data/ratis/49a703d6-59fd-410f-b41d-18c264c89aae/in_use.lock acquired by nodename 15370@fv-az1423-675
2023-12-01 12:04:14,208 [6dc608fe-50aa-407f-b4f0-db1c149f31c2-groupManagement] INFO  server.RaftServerConfigKeys (ConfUtils.java:logGet(46)) - raft.server.rpc.request.timeout = 60s (custom)
2023-12-01 12:04:14,209 [6dc608fe-50aa-407f-b4f0-db1c149f31c2-groupManagement] INFO  server.RaftServerConfigKeys (ConfUtils.java:logGet(46)) - raft.server.log.appender.install.snapshot.enabled = false (custom)
2023-12-01 12:04:14,209 [6dc608fe-50aa-407f-b4f0-db1c149f31c2-groupManagement] INFO  server.RaftServerConfigKeys (ConfUtils.java:logGet(46)) - raft.server.threadpool.server.cached = true (default)
2023-12-01 12:04:14,209 [6dc608fe-50aa-407f-b4f0-db1c149f31c2-groupManagement] INFO  server.RaftServerConfigKeys (ConfUtils.java:logGet(46)) - raft.server.threadpool.server.size = 0 (default)
2023-12-01 12:04:14,209 [6dc608fe-50aa-407f-b4f0-db1c149f31c2-groupManagement] INFO  server.RaftServerConfigKeys (ConfUtils.java:logGet(46)) - raft.server.threadpool.client.cached = true (default)
2023-12-01 12:04:14,209 [6dc608fe-50aa-407f-b4f0-db1c149f31c2-groupManagement] INFO  server.RaftServerConfigKeys (ConfUtils.java:logGet(46)) - raft.server.threadpool.client.size = 0 (default)
2023-12-01 12:04:14,209 [6dc608fe-50aa-407f-b4f0-db1c149f31c2-groupManagement] INFO  server.RaftServerConfigKeys (ConfUtils.java:logGet(46)) - raft.server.storage.free-space.min = 0MB (=0) (default)
2023-12-01 12:04:14,209 [6dc608fe-50aa-407f-b4f0-db1c149f31c2-groupManagement] INFO  server.RaftServerConfigKeys (ConfUtils.java:logGet(46)) - raft.server.log.corruption.policy = EXCEPTION (default)
2023-12-01 12:04:14,209 [6dc608fe-50aa-407f-b4f0-db1c149f31c2-groupManagement] INFO  server.RaftServerConfigKeys (ConfUtils.java:logGet(46)) - raft.server.storage.dir = [/home/runner/work/ozone/ozone/hadoop-ozone/integration-test/target/test-dir/MiniOzoneClusterImpl-d99da5cf-54e3-4304-baea-1cefc2b4c4dc/datanode-5/data/ratis] (custom)
2023-12-01 12:04:14,210 [6dc608fe-50aa-407f-b4f0-db1c149f31c2-groupManagement] INFO  storage.RaftStorageDirectory (RaftStorageDirectoryImpl.java:analyzeStorage(138)) - The storage directory /home/runner/work/ozone/ozone/hadoop-ozone/integration-test/target/test-dir/MiniOzoneClusterImpl-d99da5cf-54e3-4304-baea-1cefc2b4c4dc/datanode-5/data/ratis/abee9559-c5ac-4bb3-bb05-7e5bd0ad8a5b does not exist. Creating ...
2023-12-01 12:04:14,210 [144aaeee-fb04-48fb-9b63-1a6b7587bad5-groupManagement] INFO  storage.RaftStorage (RaftStorageImpl.java:format(97)) - Storage directory /home/runner/work/ozone/ozone/hadoop-ozone/integration-test/target/test-dir/MiniOzoneClusterImpl-d99da5cf-54e3-4304-baea-1cefc2b4c4dc/datanode-1/data/ratis/49a703d6-59fd-410f-b41d-18c264c89aae has been successfully formatted.
2023-12-01 12:04:14,205 [e4101cf6-f8c4-4d95-a998-136b2bec65e8-groupManagement] INFO  storage.RaftStorageDirectory (RaftStorageDirectoryImpl.java:tryLock(232)) - Lock on /home/runner/work/ozone/ozone/hadoop-ozone/integration-test/target/test-dir/MiniOzoneClusterImpl-d99da5cf-54e3-4304-baea-1cefc2b4c4dc/datanode-0/data/ratis/49a703d6-59fd-410f-b41d-18c264c89aae/in_use.lock acquired by nodename 15370@fv-az1423-675
2023-12-01 12:04:14,210 [6dc608fe-50aa-407f-b4f0-db1c149f31c2-groupManagement] INFO  storage.RaftStorageDirectory (RaftStorageDirectoryImpl.java:tryLock(232)) - Lock on /home/runner/work/ozone/ozone/hadoop-ozone/integration-test/target/test-dir/MiniOzoneClusterImpl-d99da5cf-54e3-4304-baea-1cefc2b4c4dc/datanode-5/data/ratis/abee9559-c5ac-4bb3-bb05-7e5bd0ad8a5b/in_use.lock acquired by nodename 15370@fv-az1423-675
2023-12-01 12:04:14,210 [144aaeee-fb04-48fb-9b63-1a6b7587bad5-groupManagement] INFO  ratis.ContainerStateMachine (ContainerStateMachine.java:loadSnapshot(269)) - group-18C264C89AAE: The snapshot info is null. Setting the last applied indexto:(t:0, i:~)
2023-12-01 12:04:14,211 [144aaeee-fb04-48fb-9b63-1a6b7587bad5-groupManagement] INFO  server.RaftServerConfigKeys (ConfUtils.java:logGet(46)) - raft.server.log.use.memory = false (default)
2023-12-01 12:04:14,211 [144aaeee-fb04-48fb-9b63-1a6b7587bad5-groupManagement] INFO  server.RaftServerConfigKeys (ConfUtils.java:logGet(46)) - raft.server.log.purge.gap = 1000000 (custom)
2023-12-01 12:04:14,211 [144aaeee-fb04-48fb-9b63-1a6b7587bad5-groupManagement] INFO  server.RaftServerConfigKeys (ConfUtils.java:logGet(46)) - raft.server.log.appender.buffer.byte-limit = 33554432 (custom)
2023-12-01 12:04:14,211 [144aaeee-fb04-48fb-9b63-1a6b7587bad5-groupManagement] INFO  server.RaftServerConfigKeys (ConfUtils.java:logGet(46)) - raft.server.log.statemachine.data.read.timeout = 1000ms (default)
2023-12-01 12:04:14,212 [144aaeee-fb04-48fb-9b63-1a6b7587bad5-groupManagement] INFO  server.RaftServerConfigKeys (ConfUtils.java:logGet(46)) - raft.server.log.purge.preservation.log.num = 0 (default)
2023-12-01 12:04:14,212 [a2bf02b8-7760-44e6-b399-ad4429aacfa0-PipelineCommandHandlerThread-0] INFO  commandhandler.CreatePipelineCommandHandler (CreatePipelineCommandHandler.java:lambda$handle$2(124)) - Created Pipeline RATIS THREE PipelineID=6b4773d7-470c-4514-b2ab-3ffcffd79986.
2023-12-01 12:04:14,212 [a2bf02b8-7760-44e6-b399-ad4429aacfa0-PipelineCommandHandlerThread-0] INFO  server.RaftServer (RaftServerProxy.java:addNew(100)) - a2bf02b8-7760-44e6-b399-ad4429aacfa0: addNew group-18C264C89AAE:[144aaeee-fb04-48fb-9b63-1a6b7587bad5|10.1.0.24:15023, e4101cf6-f8c4-4d95-a998-136b2bec65e8|10.1.0.24:15014, a2bf02b8-7760-44e6-b399-ad4429aacfa0|10.1.0.24:15032] returns group-18C264C89AAE:java.util.concurrent.CompletableFuture@237f4531[Not completed]
2023-12-01 12:04:14,212 [6dc608fe-50aa-407f-b4f0-db1c149f31c2-groupManagement] INFO  storage.RaftStorage (RaftStorageImpl.java:format(97)) - Storage directory /home/runner/work/ozone/ozone/hadoop-ozone/integration-test/target/test-dir/MiniOzoneClusterImpl-d99da5cf-54e3-4304-baea-1cefc2b4c4dc/datanode-5/data/ratis/abee9559-c5ac-4bb3-bb05-7e5bd0ad8a5b has been successfully formatted.
2023-12-01 12:04:14,213 [EventQueue-OpenPipelineForHealthyPipelineSafeModeRule] INFO  safemode.SCMSafeModeManager (HealthyPipelineSafeModeRule.java:process(137)) - SCM in safe mode. Healthy pipelines reported count is 0, required healthy pipeline reported count is 1
2023-12-01 12:04:14,212 [9e3b9079-4dd1-4962-964a-dfdeb60592bf-groupManagement] INFO  storage.RaftStorageDirectory (RaftStorageDirectoryImpl.java:tryLock(232)) - Lock on /home/runner/work/ozone/ozone/hadoop-ozone/integration-test/target/test-dir/MiniOzoneClusterImpl-d99da5cf-54e3-4304-baea-1cefc2b4c4dc/datanode-4/data/ratis/45f2c43b-d253-4e78-85ad-ceb7bf5298ca/in_use.lock acquired by nodename 15370@fv-az1423-675
2023-12-01 12:04:14,220 [e4101cf6-f8c4-4d95-a998-136b2bec65e8-groupManagement] INFO  storage.RaftStorage (RaftStorageImpl.java:format(97)) - Storage directory /home/runner/work/ozone/ozone/hadoop-ozone/integration-test/target/test-dir/MiniOzoneClusterImpl-d99da5cf-54e3-4304-baea-1cefc2b4c4dc/datanode-0/data/ratis/49a703d6-59fd-410f-b41d-18c264c89aae has been successfully formatted.
2023-12-01 12:04:14,221 [e4101cf6-f8c4-4d95-a998-136b2bec65e8-groupManagement] INFO  ratis.ContainerStateMachine (ContainerStateMachine.java:loadSnapshot(269)) - group-18C264C89AAE: The snapshot info is null. Setting the last applied indexto:(t:0, i:~)
2023-12-01 12:04:14,221 [e4101cf6-f8c4-4d95-a998-136b2bec65e8-groupManagement] INFO  server.RaftServerConfigKeys (ConfUtils.java:logGet(46)) - raft.server.log.use.memory = false (default)
2023-12-01 12:04:14,221 [e4101cf6-f8c4-4d95-a998-136b2bec65e8-groupManagement] INFO  server.RaftServerConfigKeys (ConfUtils.java:logGet(46)) - raft.server.log.purge.gap = 1000000 (custom)
2023-12-01 12:04:14,221 [e4101cf6-f8c4-4d95-a998-136b2bec65e8-groupManagement] INFO  server.RaftServerConfigKeys (ConfUtils.java:logGet(46)) - raft.server.log.appender.buffer.byte-limit = 33554432 (custom)
2023-12-01 12:04:14,223 [e4101cf6-f8c4-4d95-a998-136b2bec65e8-groupManagement] INFO  server.RaftServerConfigKeys (ConfUtils.java:logGet(46)) - raft.server.log.statemachine.data.read.timeout = 1000ms (default)
2023-12-01 12:04:14,223 [e4101cf6-f8c4-4d95-a998-136b2bec65e8-groupManagement] INFO  server.RaftServerConfigKeys (ConfUtils.java:logGet(46)) - raft.server.log.purge.preservation.log.num = 0 (default)
2023-12-01 12:04:14,225 [e4101cf6-f8c4-4d95-a998-136b2bec65e8-groupManagement] INFO  server.RaftServerConfigKeys (ConfUtils.java:logGet(46)) - raft.server.log.segment.size.max = 67108864 (custom)
2023-12-01 12:04:14,217 [6dc608fe-50aa-407f-b4f0-db1c149f31c2-groupManagement] INFO  ratis.ContainerStateMachine (ContainerStateMachine.java:loadSnapshot(269)) - group-7E5BD0AD8A5B: The snapshot info is null. Setting the last applied indexto:(t:0, i:~)
2023-12-01 12:04:14,225 [6dc608fe-50aa-407f-b4f0-db1c149f31c2-groupManagement] INFO  server.RaftServerConfigKeys (ConfUtils.java:logGet(46)) - raft.server.log.use.memory = false (default)
2023-12-01 12:04:14,225 [6dc608fe-50aa-407f-b4f0-db1c149f31c2-groupManagement] INFO  server.RaftServerConfigKeys (ConfUtils.java:logGet(46)) - raft.server.log.purge.gap = 1000000 (custom)
2023-12-01 12:04:14,225 [6dc608fe-50aa-407f-b4f0-db1c149f31c2-groupManagement] INFO  server.RaftServerConfigKeys (ConfUtils.java:logGet(46)) - raft.server.log.appender.buffer.byte-limit = 33554432 (custom)
2023-12-01 12:04:14,225 [6dc608fe-50aa-407f-b4f0-db1c149f31c2-groupManagement] INFO  server.RaftServerConfigKeys (ConfUtils.java:logGet(46)) - raft.server.log.statemachine.data.read.timeout = 1000ms (default)
2023-12-01 12:04:14,225 [6dc608fe-50aa-407f-b4f0-db1c149f31c2-groupManagement] INFO  server.RaftServerConfigKeys (ConfUtils.java:logGet(46)) - raft.server.log.purge.preservation.log.num = 0 (default)
2023-12-01 12:04:14,216 [a2bf02b8-7760-44e6-b399-ad4429aacfa0-groupManagement] INFO  server.RaftServer$Division (RaftServerImpl.java:<init>(256)) - a2bf02b8-7760-44e6-b399-ad4429aacfa0: new RaftServerImpl for group-18C264C89AAE:[144aaeee-fb04-48fb-9b63-1a6b7587bad5|10.1.0.24:15023, e4101cf6-f8c4-4d95-a998-136b2bec65e8|10.1.0.24:15014, a2bf02b8-7760-44e6-b399-ad4429aacfa0|10.1.0.24:15032] with ContainerStateMachine:uninitialized
2023-12-01 12:04:14,227 [6dc608fe-50aa-407f-b4f0-db1c149f31c2-groupManagement] INFO  server.RaftServerConfigKeys (ConfUtils.java:logGet(46)) - raft.server.log.segment.size.max = 67108864 (custom)
2023-12-01 12:04:14,217 [144aaeee-fb04-48fb-9b63-1a6b7587bad5-groupManagement] INFO  server.RaftServerConfigKeys (ConfUtils.java:logGet(46)) - raft.server.log.segment.size.max = 67108864 (custom)
2023-12-01 12:04:14,227 [a2bf02b8-7760-44e6-b399-ad4429aacfa0-groupManagement] INFO  server.RaftServerConfigKeys (ConfUtils.java:logGet(46)) - raft.server.rpc.timeout.min = 5s (custom)
2023-12-01 12:04:14,228 [a2bf02b8-7760-44e6-b399-ad4429aacfa0-groupManagement] INFO  server.RaftServerConfigKeys (ConfUtils.java:logGet(46)) - raft.server.rpc.timeout.max = 5200ms (custom)
2023-12-01 12:04:14,228 [a2bf02b8-7760-44e6-b399-ad4429aacfa0-groupManagement] INFO  server.RaftServerConfigKeys (ConfUtils.java:logGet(46)) - raft.server.rpc.sleep.time = 25ms (default)
2023-12-01 12:04:14,228 [a2bf02b8-7760-44e6-b399-ad4429aacfa0-groupManagement] INFO  server.RaftServerConfigKeys (ConfUtils.java:logGet(46)) - raft.server.rpc.slowness.timeout = 300s (custom)
2023-12-01 12:04:14,228 [a2bf02b8-7760-44e6-b399-ad4429aacfa0-groupManagement] INFO  server.RaftServerConfigKeys (ConfUtils.java:logGet(46)) - raft.server.leaderelection.leader.step-down.wait-time = 10s (default)
2023-12-01 12:04:14,228 [a2bf02b8-7760-44e6-b399-ad4429aacfa0-groupManagement] INFO  server.RaftServerConfigKeys (ConfUtils.java:logGet(46)) - raft.server.leaderelection.member.majority-add = false (default)
2023-12-01 12:04:14,228 [a2bf02b8-7760-44e6-b399-ad4429aacfa0-groupManagement] INFO  server.RaftServerConfigKeys (ConfUtils.java:logGet(46)) - raft.server.sleep.deviation.threshold = 300ms (default)
2023-12-01 12:04:14,228 [a2bf02b8-7760-44e6-b399-ad4429aacfa0-groupManagement] INFO  server.RaftServer$Division (ServerState.java:<init>(113)) - a2bf02b8-7760-44e6-b399-ad4429aacfa0@group-18C264C89AAE: ConfigurationManager, init=-1: peers:[144aaeee-fb04-48fb-9b63-1a6b7587bad5|10.1.0.24:15023, e4101cf6-f8c4-4d95-a998-136b2bec65e8|10.1.0.24:15014, a2bf02b8-7760-44e6-b399-ad4429aacfa0|10.1.0.24:15032]|listeners:[], old=null, confs=<EMPTY_MAP>
2023-12-01 12:04:14,228 [a2bf02b8-7760-44e6-b399-ad4429aacfa0-groupManagement] INFO  server.RaftServerConfigKeys (ConfUtils.java:logGet(46)) - raft.server.notification.no-leader.timeout = 300s (custom)
2023-12-01 12:04:14,229 [a2bf02b8-7760-44e6-b399-ad4429aacfa0-groupManagement] INFO  server.RaftServerConfigKeys (ConfUtils.java:logGet(46)) - raft.server.read.timeout = 10s (default)
2023-12-01 12:04:14,229 [a2bf02b8-7760-44e6-b399-ad4429aacfa0-groupManagement] INFO  server.RaftServerConfigKeys (ConfUtils.java:logGet(46)) - raft.server.retrycache.expirytime = 600000ms (custom)
2023-12-01 12:04:14,229 [a2bf02b8-7760-44e6-b399-ad4429aacfa0-groupManagement] INFO  server.RaftServerConfigKeys (ConfUtils.java:logGet(46)) - raft.server.retrycache.statistics.expirytime = 100ms (default)
2023-12-01 12:04:14,229 [a2bf02b8-7760-44e6-b399-ad4429aacfa0-groupManagement] INFO  server.RaftServerConfigKeys (ConfUtils.java:logGet(46)) - raft.server.read.option = DEFAULT (default)
2023-12-01 12:04:14,229 [a2bf02b8-7760-44e6-b399-ad4429aacfa0-groupManagement] INFO  server.RaftServerConfigKeys (ConfUtils.java:logGet(46)) - raft.server.read.read-after-write-consistent.write-index-cache.expiry-time = 60s (default)
2023-12-01 12:04:14,221 [EventQueue-PipelineReportForPipelineReportHandler] INFO  pipeline.PipelineReportHandler (PipelineReportHandler.java:processPipelineReport(136)) - Opened pipeline PipelineID=abee9559-c5ac-4bb3-bb05-7e5bd0ad8a5b
2023-12-01 12:04:14,229 [EventQueue-OpenPipelineForHealthyPipelineSafeModeRule] INFO  safemode.SCMSafeModeManager (HealthyPipelineSafeModeRule.java:process(137)) - SCM in safe mode. Healthy pipelines reported count is 0, required healthy pipeline reported count is 1
2023-12-01 12:04:14,229 [EventQueue-OpenPipelineForHealthyPipelineSafeModeRule] INFO  safemode.SCMSafeModeManager (HealthyPipelineSafeModeRule.java:process(137)) - SCM in safe mode. Healthy pipelines reported count is 0, required healthy pipeline reported count is 1
2023-12-01 12:04:14,231 [6dc608fe-50aa-407f-b4f0-db1c149f31c2-groupManagement] INFO  server.RaftServerConfigKeys (ConfUtils.java:logGet(46)) - raft.server.log.segment.cache.num.max = 2 (custom)
2023-12-01 12:04:14,231 [6dc608fe-50aa-407f-b4f0-db1c149f31c2-groupManagement] INFO  server.RaftServerConfigKeys (ConfUtils.java:logGet(46)) - raft.server.log.segment.cache.size.max = 200MB (=209715200) (default)
2023-12-01 12:04:14,232 [6dc608fe-50aa-407f-b4f0-db1c149f31c2-groupManagement] INFO  server.RaftServerConfigKeys (ConfUtils.java:logGet(46)) - raft.server.log.appender.buffer.byte-limit = 33554432 (custom)
2023-12-01 12:04:14,232 [e4101cf6-f8c4-4d95-a998-136b2bec65e8-groupManagement] INFO  server.RaftServerConfigKeys (ConfUtils.java:logGet(46)) - raft.server.log.segment.cache.num.max = 2 (custom)
2023-12-01 12:04:14,233 [e4101cf6-f8c4-4d95-a998-136b2bec65e8-groupManagement] INFO  server.RaftServerConfigKeys (ConfUtils.java:logGet(46)) - raft.server.log.segment.cache.size.max = 200MB (=209715200) (default)
2023-12-01 12:04:14,233 [e4101cf6-f8c4-4d95-a998-136b2bec65e8-groupManagement] INFO  server.RaftServerConfigKeys (ConfUtils.java:logGet(46)) - raft.server.log.appender.buffer.byte-limit = 33554432 (custom)
2023-12-01 12:04:14,236 [a2bf02b8-7760-44e6-b399-ad4429aacfa0-groupManagement] INFO  server.RaftServerConfigKeys (ConfUtils.java:logGet(46)) - raft.server.rpc.request.timeout = 60s (custom)
2023-12-01 12:04:14,236 [a2bf02b8-7760-44e6-b399-ad4429aacfa0-groupManagement] INFO  server.RaftServerConfigKeys (ConfUtils.java:logGet(46)) - raft.server.log.appender.install.snapshot.enabled = false (custom)
2023-12-01 12:04:14,237 [a2bf02b8-7760-44e6-b399-ad4429aacfa0-groupManagement] INFO  server.RaftServerConfigKeys (ConfUtils.java:logGet(46)) - raft.server.threadpool.server.cached = true (default)
2023-12-01 12:04:14,237 [a2bf02b8-7760-44e6-b399-ad4429aacfa0-groupManagement] INFO  server.RaftServerConfigKeys (ConfUtils.java:logGet(46)) - raft.server.threadpool.server.size = 0 (default)
2023-12-01 12:04:14,237 [a2bf02b8-7760-44e6-b399-ad4429aacfa0-groupManagement] INFO  server.RaftServerConfigKeys (ConfUtils.java:logGet(46)) - raft.server.threadpool.client.cached = true (default)
2023-12-01 12:04:14,238 [a2bf02b8-7760-44e6-b399-ad4429aacfa0-groupManagement] INFO  server.RaftServerConfigKeys (ConfUtils.java:logGet(46)) - raft.server.threadpool.client.size = 0 (default)
2023-12-01 12:04:14,239 [a2bf02b8-7760-44e6-b399-ad4429aacfa0-groupManagement] INFO  server.RaftServerConfigKeys (ConfUtils.java:logGet(46)) - raft.server.storage.free-space.min = 0MB (=0) (default)
2023-12-01 12:04:14,238 [9e3b9079-4dd1-4962-964a-dfdeb60592bf-groupManagement] INFO  storage.RaftStorage (RaftStorageImpl.java:format(97)) - Storage directory /home/runner/work/ozone/ozone/hadoop-ozone/integration-test/target/test-dir/MiniOzoneClusterImpl-d99da5cf-54e3-4304-baea-1cefc2b4c4dc/datanode-4/data/ratis/45f2c43b-d253-4e78-85ad-ceb7bf5298ca has been successfully formatted.
2023-12-01 12:04:14,237 [6dc608fe-50aa-407f-b4f0-db1c149f31c2-groupManagement] INFO  util.AwaitToRun (AwaitToRun.java:start(81)) - Thread[6dc608fe-50aa-407f-b4f0-db1c149f31c2@group-7E5BD0AD8A5B-cacheEviction-AwaitToRun,5,main] started
2023-12-01 12:04:14,247 [grpc-default-executor-2] INFO  server.RaftServer (RaftServerProxy.java:addNew(100)) - 6dc608fe-50aa-407f-b4f0-db1c149f31c2: addNew group-DEFFDE7C9D9F:[a78ad617-b5b5-46fb-9003-310abdef56ad|10.1.0.24:15041, 6dc608fe-50aa-407f-b4f0-db1c149f31c2|10.1.0.24:15059, 9e3b9079-4dd1-4962-964a-dfdeb60592bf|10.1.0.24:15050] returns group-DEFFDE7C9D9F:java.util.concurrent.CompletableFuture@555dabc5[Not completed]
2023-12-01 12:04:14,243 [144aaeee-fb04-48fb-9b63-1a6b7587bad5-groupManagement] INFO  server.RaftServerConfigKeys (ConfUtils.java:logGet(46)) - raft.server.log.segment.cache.num.max = 2 (custom)
2023-12-01 12:04:14,248 [144aaeee-fb04-48fb-9b63-1a6b7587bad5-groupManagement] INFO  server.RaftServerConfigKeys (ConfUtils.java:logGet(46)) - raft.server.log.segment.cache.size.max = 200MB (=209715200) (default)
2023-12-01 12:04:14,248 [144aaeee-fb04-48fb-9b63-1a6b7587bad5-groupManagement] INFO  server.RaftServerConfigKeys (ConfUtils.java:logGet(46)) - raft.server.log.appender.buffer.byte-limit = 33554432 (custom)
2023-12-01 12:04:14,243 [a2bf02b8-7760-44e6-b399-ad4429aacfa0-groupManagement] INFO  server.RaftServerConfigKeys (ConfUtils.java:logGet(46)) - raft.server.log.corruption.policy = EXCEPTION (default)
2023-12-01 12:04:14,248 [a2bf02b8-7760-44e6-b399-ad4429aacfa0-groupManagement] INFO  server.RaftServerConfigKeys (ConfUtils.java:logGet(46)) - raft.server.storage.dir = [/home/runner/work/ozone/ozone/hadoop-ozone/integration-test/target/test-dir/MiniOzoneClusterImpl-d99da5cf-54e3-4304-baea-1cefc2b4c4dc/datanode-2/data/ratis] (custom)
2023-12-01 12:04:14,249 [a2bf02b8-7760-44e6-b399-ad4429aacfa0-groupManagement] INFO  storage.RaftStorageDirectory (RaftStorageDirectoryImpl.java:analyzeStorage(138)) - The storage directory /home/runner/work/ozone/ozone/hadoop-ozone/integration-test/target/test-dir/MiniOzoneClusterImpl-d99da5cf-54e3-4304-baea-1cefc2b4c4dc/datanode-2/data/ratis/49a703d6-59fd-410f-b41d-18c264c89aae does not exist. Creating ...
2023-12-01 12:04:14,241 [e4101cf6-f8c4-4d95-a998-136b2bec65e8-groupManagement] INFO  util.AwaitToRun (AwaitToRun.java:start(81)) - Thread[e4101cf6-f8c4-4d95-a998-136b2bec65e8@group-18C264C89AAE-cacheEviction-AwaitToRun,5,main] started
2023-12-01 12:04:14,249 [e4101cf6-f8c4-4d95-a998-136b2bec65e8-groupManagement] INFO  segmented.SegmentedRaftLogWorker (SegmentedRaftLogWorker.java:<init>(184)) - new e4101cf6-f8c4-4d95-a998-136b2bec65e8@group-18C264C89AAE-SegmentedRaftLogWorker for RaftStorageImpl:Storage Directory /home/runner/work/ozone/ozone/hadoop-ozone/integration-test/target/test-dir/MiniOzoneClusterImpl-d99da5cf-54e3-4304-baea-1cefc2b4c4dc/datanode-0/data/ratis/49a703d6-59fd-410f-b41d-18c264c89aae
2023-12-01 12:04:14,249 [e4101cf6-f8c4-4d95-a998-136b2bec65e8-groupManagement] INFO  server.RaftServerConfigKeys (ConfUtils.java:logGet(46)) - raft.server.log.queue.byte-limit = 4294967296 (custom)
2023-12-01 12:04:14,249 [e4101cf6-f8c4-4d95-a998-136b2bec65e8-groupManagement] INFO  server.RaftServerConfigKeys (ConfUtils.java:logGet(46)) - raft.server.log.queue.element-limit = 1024 (custom)
2023-12-01 12:04:14,249 [e4101cf6-f8c4-4d95-a998-136b2bec65e8-groupManagement] INFO  server.RaftServerConfigKeys (ConfUtils.java:logGet(46)) - raft.server.log.segment.size.max = 67108864 (custom)
2023-12-01 12:04:14,249 [e4101cf6-f8c4-4d95-a998-136b2bec65e8-groupManagement] INFO  server.RaftServerConfigKeys (ConfUtils.java:logGet(46)) - raft.server.log.preallocated.size = 4194304 (custom)
2023-12-01 12:04:14,249 [e4101cf6-f8c4-4d95-a998-136b2bec65e8-groupManagement] INFO  server.RaftServerConfigKeys (ConfUtils.java:logGet(46)) - raft.server.log.force.sync.num = 128 (default)
2023-12-01 12:04:14,249 [a2bf02b8-7760-44e6-b399-ad4429aacfa0-groupManagement] INFO  storage.RaftStorageDirectory (RaftStorageDirectoryImpl.java:tryLock(232)) - Lock on /home/runner/work/ozone/ozone/hadoop-ozone/integration-test/target/test-dir/MiniOzoneClusterImpl-d99da5cf-54e3-4304-baea-1cefc2b4c4dc/datanode-2/data/ratis/49a703d6-59fd-410f-b41d-18c264c89aae/in_use.lock acquired by nodename 15370@fv-az1423-675
2023-12-01 12:04:14,250 [e4101cf6-f8c4-4d95-a998-136b2bec65e8-groupManagement] INFO  server.RaftServerConfigKeys (ConfUtils.java:logGet(46)) - raft.server.log.statemachine.data.sync = true (default)
2023-12-01 12:04:14,250 [e4101cf6-f8c4-4d95-a998-136b2bec65e8-groupManagement] INFO  server.RaftServerConfigKeys (ConfUtils.java:logGet(46)) - raft.server.log.statemachine.data.sync.timeout = 10s (default)
2023-12-01 12:04:14,250 [e4101cf6-f8c4-4d95-a998-136b2bec65e8-groupManagement] INFO  server.RaftServerConfigKeys (ConfUtils.java:logGet(46)) - raft.server.log.statemachine.data.sync.timeout.retry = -1 (default)
2023-12-01 12:04:14,250 [a2bf02b8-7760-44e6-b399-ad4429aacfa0-groupManagement] INFO  storage.RaftStorage (RaftStorageImpl.java:format(97)) - Storage directory /home/runner/work/ozone/ozone/hadoop-ozone/integration-test/target/test-dir/MiniOzoneClusterImpl-d99da5cf-54e3-4304-baea-1cefc2b4c4dc/datanode-2/data/ratis/49a703d6-59fd-410f-b41d-18c264c89aae has been successfully formatted.
2023-12-01 12:04:14,251 [e4101cf6-f8c4-4d95-a998-136b2bec65e8-groupManagement] INFO  server.RaftServerConfigKeys (ConfUtils.java:logGet(46)) - raft.server.log.write.buffer.size = 2097152 (custom)
2023-12-01 12:04:14,251 [6dc608fe-50aa-407f-b4f0-db1c149f31c2-groupManagement] INFO  segmented.SegmentedRaftLogWorker (SegmentedRaftLogWorker.java:<init>(184)) - new 6dc608fe-50aa-407f-b4f0-db1c149f31c2@group-7E5BD0AD8A5B-SegmentedRaftLogWorker for RaftStorageImpl:Storage Directory /home/runner/work/ozone/ozone/hadoop-ozone/integration-test/target/test-dir/MiniOzoneClusterImpl-d99da5cf-54e3-4304-baea-1cefc2b4c4dc/datanode-5/data/ratis/abee9559-c5ac-4bb3-bb05-7e5bd0ad8a5b
2023-12-01 12:04:14,251 [6dc608fe-50aa-407f-b4f0-db1c149f31c2-groupManagement] INFO  server.RaftServerConfigKeys (ConfUtils.java:logGet(46)) - raft.server.log.queue.byte-limit = 4294967296 (custom)
2023-12-01 12:04:14,251 [6dc608fe-50aa-407f-b4f0-db1c149f31c2-groupManagement] INFO  server.RaftServerConfigKeys (ConfUtils.java:logGet(46)) - raft.server.log.queue.element-limit = 1024 (custom)
2023-12-01 12:04:14,251 [6dc608fe-50aa-407f-b4f0-db1c149f31c2-groupManagement] INFO  server.RaftServerConfigKeys (ConfUtils.java:logGet(46)) - raft.server.log.segment.size.max = 67108864 (custom)
2023-12-01 12:04:14,251 [6dc608fe-50aa-407f-b4f0-db1c149f31c2-groupManagement] INFO  server.RaftServerConfigKeys (ConfUtils.java:logGet(46)) - raft.server.log.preallocated.size = 4194304 (custom)
2023-12-01 12:04:14,251 [6dc608fe-50aa-407f-b4f0-db1c149f31c2-groupManagement] INFO  server.RaftServerConfigKeys (ConfUtils.java:logGet(46)) - raft.server.log.force.sync.num = 128 (default)
2023-12-01 12:04:14,252 [6dc608fe-50aa-407f-b4f0-db1c149f31c2-groupManagement] INFO  server.RaftServerConfigKeys (ConfUtils.java:logGet(46)) - raft.server.log.statemachine.data.sync = true (default)
2023-12-01 12:04:14,252 [6dc608fe-50aa-407f-b4f0-db1c149f31c2-groupManagement] INFO  server.RaftServerConfigKeys (ConfUtils.java:logGet(46)) - raft.server.log.statemachine.data.sync.timeout = 10s (default)
2023-12-01 12:04:14,252 [6dc608fe-50aa-407f-b4f0-db1c149f31c2-groupManagement] INFO  server.RaftServerConfigKeys (ConfUtils.java:logGet(46)) - raft.server.log.statemachine.data.sync.timeout.retry = -1 (default)
2023-12-01 12:04:14,252 [e4101cf6-f8c4-4d95-a998-136b2bec65e8-groupManagement] INFO  server.RaftServerConfigKeys (ConfUtils.java:logGet(46)) - raft.server.log.appender.buffer.byte-limit = 33554432 (custom)
2023-12-01 12:04:14,252 [6dc608fe-50aa-407f-b4f0-db1c149f31c2-groupManagement] INFO  server.RaftServerConfigKeys (ConfUtils.java:logGet(46)) - raft.server.log.write.buffer.size = 2097152 (custom)
2023-12-01 12:04:14,253 [e4101cf6-f8c4-4d95-a998-136b2bec65e8-groupManagement] INFO  server.RaftServerConfigKeys (ConfUtils.java:logGet(46)) - raft.server.log.unsafe-flush.enabled = false (default)
2023-12-01 12:04:14,253 [e4101cf6-f8c4-4d95-a998-136b2bec65e8-groupManagement] INFO  server.RaftServerConfigKeys (ConfUtils.java:logGet(46)) - raft.server.log.async-flush.enabled = false (default)
2023-12-01 12:04:14,253 [e4101cf6-f8c4-4d95-a998-136b2bec65e8-groupManagement] INFO  server.RaftServerConfigKeys (ConfUtils.java:logGet(46)) - raft.server.log.statemachine.data.caching.enabled = true (custom)
2023-12-01 12:04:14,253 [6dc608fe-50aa-407f-b4f0-db1c149f31c2-groupManagement] INFO  server.RaftServerConfigKeys (ConfUtils.java:logGet(46)) - raft.server.log.appender.buffer.byte-limit = 33554432 (custom)
2023-12-01 12:04:14,253 [e4101cf6-f8c4-4d95-a998-136b2bec65e8-groupManagement] INFO  segmented.SegmentedRaftLogWorker (SegmentedRaftLogWorker.java:lambda$new$0(135)) - e4101cf6-f8c4-4d95-a998-136b2bec65e8@group-18C264C89AAE-SegmentedRaftLogWorker: flushIndex: setUnconditionally 0 -> -1
2023-12-01 12:04:14,253 [e4101cf6-f8c4-4d95-a998-136b2bec65e8-groupManagement] INFO  segmented.SegmentedRaftLogWorker (SegmentedRaftLogWorker.java:lambda$new$0(135)) - e4101cf6-f8c4-4d95-a998-136b2bec65e8@group-18C264C89AAE-SegmentedRaftLogWorker: safeCacheEvictIndex: setUnconditionally 0 -> -1
2023-12-01 12:04:14,254 [6dc608fe-50aa-407f-b4f0-db1c149f31c2-groupManagement] INFO  server.RaftServerConfigKeys (ConfUtils.java:logGet(46)) - raft.server.log.unsafe-flush.enabled = false (default)
2023-12-01 12:04:14,254 [6dc608fe-50aa-407f-b4f0-db1c149f31c2-groupManagement] INFO  server.RaftServerConfigKeys (ConfUtils.java:logGet(46)) - raft.server.log.async-flush.enabled = false (default)
2023-12-01 12:04:14,255 [6dc608fe-50aa-407f-b4f0-db1c149f31c2-groupManagement] INFO  server.RaftServerConfigKeys (ConfUtils.java:logGet(46)) - raft.server.log.statemachine.data.caching.enabled = true (custom)
2023-12-01 12:04:14,255 [6dc608fe-50aa-407f-b4f0-db1c149f31c2-groupManagement] INFO  segmented.SegmentedRaftLogWorker (SegmentedRaftLogWorker.java:lambda$new$0(135)) - 6dc608fe-50aa-407f-b4f0-db1c149f31c2@group-7E5BD0AD8A5B-SegmentedRaftLogWorker: flushIndex: setUnconditionally 0 -> -1
2023-12-01 12:04:14,255 [6dc608fe-50aa-407f-b4f0-db1c149f31c2-groupManagement] INFO  segmented.SegmentedRaftLogWorker (SegmentedRaftLogWorker.java:lambda$new$0(135)) - 6dc608fe-50aa-407f-b4f0-db1c149f31c2@group-7E5BD0AD8A5B-SegmentedRaftLogWorker: safeCacheEvictIndex: setUnconditionally 0 -> -1
2023-12-01 12:04:14,255 [144aaeee-fb04-48fb-9b63-1a6b7587bad5-groupManagement] INFO  util.AwaitToRun (AwaitToRun.java:start(81)) - Thread[144aaeee-fb04-48fb-9b63-1a6b7587bad5@group-18C264C89AAE-cacheEviction-AwaitToRun,5,main] started
2023-12-01 12:04:14,255 [144aaeee-fb04-48fb-9b63-1a6b7587bad5-groupManagement] INFO  segmented.SegmentedRaftLogWorker (SegmentedRaftLogWorker.java:<init>(184)) - new 144aaeee-fb04-48fb-9b63-1a6b7587bad5@group-18C264C89AAE-SegmentedRaftLogWorker for RaftStorageImpl:Storage Directory /home/runner/work/ozone/ozone/hadoop-ozone/integration-test/target/test-dir/MiniOzoneClusterImpl-d99da5cf-54e3-4304-baea-1cefc2b4c4dc/datanode-1/data/ratis/49a703d6-59fd-410f-b41d-18c264c89aae
2023-12-01 12:04:14,255 [144aaeee-fb04-48fb-9b63-1a6b7587bad5-groupManagement] INFO  server.RaftServerConfigKeys (ConfUtils.java:logGet(46)) - raft.server.log.queue.byte-limit = 4294967296 (custom)
2023-12-01 12:04:14,255 [144aaeee-fb04-48fb-9b63-1a6b7587bad5-groupManagement] INFO  server.RaftServerConfigKeys (ConfUtils.java:logGet(46)) - raft.server.log.queue.element-limit = 1024 (custom)
2023-12-01 12:04:14,255 [144aaeee-fb04-48fb-9b63-1a6b7587bad5-groupManagement] INFO  server.RaftServerConfigKeys (ConfUtils.java:logGet(46)) - raft.server.log.segment.size.max = 67108864 (custom)
2023-12-01 12:04:14,255 [144aaeee-fb04-48fb-9b63-1a6b7587bad5-groupManagement] INFO  server.RaftServerConfigKeys (ConfUtils.java:logGet(46)) - raft.server.log.preallocated.size = 4194304 (custom)
2023-12-01 12:04:14,256 [144aaeee-fb04-48fb-9b63-1a6b7587bad5-groupManagement] INFO  server.RaftServerConfigKeys (ConfUtils.java:logGet(46)) - raft.server.log.force.sync.num = 128 (default)
2023-12-01 12:04:14,256 [144aaeee-fb04-48fb-9b63-1a6b7587bad5-groupManagement] INFO  server.RaftServerConfigKeys (ConfUtils.java:logGet(46)) - raft.server.log.statemachine.data.sync = true (default)
2023-12-01 12:04:14,256 [144aaeee-fb04-48fb-9b63-1a6b7587bad5-groupManagement] INFO  server.RaftServerConfigKeys (ConfUtils.java:logGet(46)) - raft.server.log.statemachine.data.sync.timeout = 10s (default)
2023-12-01 12:04:14,256 [144aaeee-fb04-48fb-9b63-1a6b7587bad5-groupManagement] INFO  server.RaftServerConfigKeys (ConfUtils.java:logGet(46)) - raft.server.log.statemachine.data.sync.timeout.retry = -1 (default)
2023-12-01 12:04:14,256 [144aaeee-fb04-48fb-9b63-1a6b7587bad5-groupManagement] INFO  server.RaftServerConfigKeys (ConfUtils.java:logGet(46)) - raft.server.log.write.buffer.size = 2097152 (custom)
2023-12-01 12:04:14,257 [144aaeee-fb04-48fb-9b63-1a6b7587bad5-groupManagement] INFO  server.RaftServerConfigKeys (ConfUtils.java:logGet(46)) - raft.server.log.appender.buffer.byte-limit = 33554432 (custom)
2023-12-01 12:04:14,258 [144aaeee-fb04-48fb-9b63-1a6b7587bad5-groupManagement] INFO  server.RaftServerConfigKeys (ConfUtils.java:logGet(46)) - raft.server.log.unsafe-flush.enabled = false (default)
2023-12-01 12:04:14,258 [144aaeee-fb04-48fb-9b63-1a6b7587bad5-groupManagement] INFO  server.RaftServerConfigKeys (ConfUtils.java:logGet(46)) - raft.server.log.async-flush.enabled = false (default)
2023-12-01 12:04:14,258 [144aaeee-fb04-48fb-9b63-1a6b7587bad5-groupManagement] INFO  server.RaftServerConfigKeys (ConfUtils.java:logGet(46)) - raft.server.log.statemachine.data.caching.enabled = true (custom)
2023-12-01 12:04:14,258 [144aaeee-fb04-48fb-9b63-1a6b7587bad5-groupManagement] INFO  segmented.SegmentedRaftLogWorker (SegmentedRaftLogWorker.java:lambda$new$0(135)) - 144aaeee-fb04-48fb-9b63-1a6b7587bad5@group-18C264C89AAE-SegmentedRaftLogWorker: flushIndex: setUnconditionally 0 -> -1
2023-12-01 12:04:14,258 [144aaeee-fb04-48fb-9b63-1a6b7587bad5-groupManagement] INFO  segmented.SegmentedRaftLogWorker (SegmentedRaftLogWorker.java:lambda$new$0(135)) - 144aaeee-fb04-48fb-9b63-1a6b7587bad5@group-18C264C89AAE-SegmentedRaftLogWorker: safeCacheEvictIndex: setUnconditionally 0 -> -1
2023-12-01 12:04:14,259 [144aaeee-fb04-48fb-9b63-1a6b7587bad5-groupManagement] INFO  server.RaftServer$Division (RaftServerImpl.java:start(392)) - 144aaeee-fb04-48fb-9b63-1a6b7587bad5@group-18C264C89AAE: start as a follower, conf=-1: peers:[144aaeee-fb04-48fb-9b63-1a6b7587bad5|10.1.0.24:15023, e4101cf6-f8c4-4d95-a998-136b2bec65e8|10.1.0.24:15014, a2bf02b8-7760-44e6-b399-ad4429aacfa0|10.1.0.24:15032]|listeners:[], old=null
2023-12-01 12:04:14,259 [144aaeee-fb04-48fb-9b63-1a6b7587bad5-groupManagement] INFO  server.RaftServer$Division (RaftServerImpl.java:setRole(379)) - 144aaeee-fb04-48fb-9b63-1a6b7587bad5@group-18C264C89AAE: changes role from      null to FOLLOWER at term 0 for startAsFollower
2023-12-01 12:04:14,259 [144aaeee-fb04-48fb-9b63-1a6b7587bad5-groupManagement] INFO  impl.RoleInfo (RoleInfo.java:updateAndGet(139)) - 144aaeee-fb04-48fb-9b63-1a6b7587bad5: start 144aaeee-fb04-48fb-9b63-1a6b7587bad5@group-18C264C89AAE-FollowerState
2023-12-01 12:04:14,259 [144aaeee-fb04-48fb-9b63-1a6b7587bad5@group-18C264C89AAE-FollowerState] INFO  server.RaftServerConfigKeys (ConfUtils.java:logFallback(53)) - raft.server.rpc.first-election.timeout.min = 5s (fallback to raft.server.rpc.timeout.min)
2023-12-01 12:04:14,260 [144aaeee-fb04-48fb-9b63-1a6b7587bad5@group-18C264C89AAE-FollowerState] INFO  server.RaftServerConfigKeys (ConfUtils.java:logFallback(53)) - raft.server.rpc.first-election.timeout.max = 5200ms (fallback to raft.server.rpc.timeout.max)
2023-12-01 12:04:14,259 [144aaeee-fb04-48fb-9b63-1a6b7587bad5-groupManagement] INFO  util.JmxRegister (JmxRegister.java:tryRegister(44)) - Successfully registered JMX Bean with object name Ratis:service=RaftServer,group=group-18C264C89AAE,id=144aaeee-fb04-48fb-9b63-1a6b7587bad5
2023-12-01 12:04:14,260 [144aaeee-fb04-48fb-9b63-1a6b7587bad5-groupManagement] INFO  server.RaftServerConfigKeys (ConfUtils.java:logGet(46)) - raft.server.snapshot.trigger-when-stop.enabled = true (default)
2023-12-01 12:04:14,260 [144aaeee-fb04-48fb-9b63-1a6b7587bad5-groupManagement] INFO  server.RaftServerConfigKeys (ConfUtils.java:logGet(46)) - raft.server.snapshot.auto.trigger.enabled = true (custom)
2023-12-01 12:04:14,260 [144aaeee-fb04-48fb-9b63-1a6b7587bad5-groupManagement] INFO  server.RaftServerConfigKeys (ConfUtils.java:logGet(46)) - raft.server.snapshot.auto.trigger.threshold = 10000 (custom)
2023-12-01 12:04:14,260 [144aaeee-fb04-48fb-9b63-1a6b7587bad5-groupManagement] INFO  server.RaftServerConfigKeys (ConfUtils.java:logGet(46)) - raft.server.snapshot.retention.file.num = 5 (custom)
2023-12-01 12:04:14,260 [144aaeee-fb04-48fb-9b63-1a6b7587bad5-groupManagement] INFO  server.RaftServerConfigKeys (ConfUtils.java:logGet(46)) - raft.server.log.purge.upto.snapshot.index = false (default)
2023-12-01 12:04:14,263 [6dc608fe-50aa-407f-b4f0-db1c149f31c2-groupManagement] INFO  server.RaftServer$Division (RaftServerImpl.java:start(392)) - 6dc608fe-50aa-407f-b4f0-db1c149f31c2@group-7E5BD0AD8A5B: start as a follower, conf=-1: peers:[6dc608fe-50aa-407f-b4f0-db1c149f31c2|10.1.0.24:15059]|listeners:[], old=null
2023-12-01 12:04:14,263 [6dc608fe-50aa-407f-b4f0-db1c149f31c2-groupManagement] INFO  server.RaftServer$Division (RaftServerImpl.java:setRole(379)) - 6dc608fe-50aa-407f-b4f0-db1c149f31c2@group-7E5BD0AD8A5B: changes role from      null to FOLLOWER at term 0 for startAsFollower
2023-12-01 12:04:14,263 [6dc608fe-50aa-407f-b4f0-db1c149f31c2-groupManagement] INFO  impl.RoleInfo (RoleInfo.java:updateAndGet(139)) - 6dc608fe-50aa-407f-b4f0-db1c149f31c2: start 6dc608fe-50aa-407f-b4f0-db1c149f31c2@group-7E5BD0AD8A5B-FollowerState
2023-12-01 12:04:14,263 [a2bf02b8-7760-44e6-b399-ad4429aacfa0-groupManagement] INFO  ratis.ContainerStateMachine (ContainerStateMachine.java:loadSnapshot(269)) - group-18C264C89AAE: The snapshot info is null. Setting the last applied indexto:(t:0, i:~)
2023-12-01 12:04:14,264 [a2bf02b8-7760-44e6-b399-ad4429aacfa0-groupManagement] INFO  server.RaftServerConfigKeys (ConfUtils.java:logGet(46)) - raft.server.log.use.memory = false (default)
2023-12-01 12:04:14,264 [a2bf02b8-7760-44e6-b399-ad4429aacfa0-groupManagement] INFO  server.RaftServerConfigKeys (ConfUtils.java:logGet(46)) - raft.server.log.purge.gap = 1000000 (custom)
2023-12-01 12:04:14,264 [a2bf02b8-7760-44e6-b399-ad4429aacfa0-groupManagement] INFO  server.RaftServerConfigKeys (ConfUtils.java:logGet(46)) - raft.server.log.appender.buffer.byte-limit = 33554432 (custom)
2023-12-01 12:04:14,266 [a2bf02b8-7760-44e6-b399-ad4429aacfa0-groupManagement] INFO  server.RaftServerConfigKeys (ConfUtils.java:logGet(46)) - raft.server.log.statemachine.data.read.timeout = 1000ms (default)
2023-12-01 12:04:14,266 [a2bf02b8-7760-44e6-b399-ad4429aacfa0-groupManagement] INFO  server.RaftServerConfigKeys (ConfUtils.java:logGet(46)) - raft.server.log.purge.preservation.log.num = 0 (default)
2023-12-01 12:04:14,263 [6dc608fe-50aa-407f-b4f0-db1c149f31c2-groupManagement] INFO  util.JmxRegister (JmxRegister.java:tryRegister(44)) - Successfully registered JMX Bean with object name Ratis:service=RaftServer,group=group-7E5BD0AD8A5B,id=6dc608fe-50aa-407f-b4f0-db1c149f31c2
2023-12-01 12:04:14,269 [6dc608fe-50aa-407f-b4f0-db1c149f31c2-groupManagement] INFO  server.RaftServerConfigKeys (ConfUtils.java:logGet(46)) - raft.server.snapshot.trigger-when-stop.enabled = true (default)
2023-12-01 12:04:14,269 [6dc608fe-50aa-407f-b4f0-db1c149f31c2-groupManagement] INFO  server.RaftServerConfigKeys (ConfUtils.java:logGet(46)) - raft.server.snapshot.auto.trigger.enabled = true (custom)
2023-12-01 12:04:14,269 [6dc608fe-50aa-407f-b4f0-db1c149f31c2-groupManagement] INFO  server.RaftServerConfigKeys (ConfUtils.java:logGet(46)) - raft.server.snapshot.auto.trigger.threshold = 10000 (custom)
2023-12-01 12:04:14,269 [6dc608fe-50aa-407f-b4f0-db1c149f31c2-groupManagement] INFO  server.RaftServerConfigKeys (ConfUtils.java:logGet(46)) - raft.server.snapshot.retention.file.num = 5 (custom)
2023-12-01 12:04:14,269 [6dc608fe-50aa-407f-b4f0-db1c149f31c2-groupManagement] INFO  server.RaftServerConfigKeys (ConfUtils.java:logGet(46)) - raft.server.log.purge.upto.snapshot.index = false (default)
2023-12-01 12:04:14,268 [a2bf02b8-7760-44e6-b399-ad4429aacfa0-groupManagement] INFO  server.RaftServerConfigKeys (ConfUtils.java:logGet(46)) - raft.server.log.segment.size.max = 67108864 (custom)
2023-12-01 12:04:14,266 [EventQueue-OpenPipelineForHealthyPipelineSafeModeRule] INFO  safemode.SCMSafeModeManager (HealthyPipelineSafeModeRule.java:process(137)) - SCM in safe mode. Healthy pipelines reported count is 0, required healthy pipeline reported count is 1
2023-12-01 12:04:14,270 [EventQueue-OpenPipelineForHealthyPipelineSafeModeRule] INFO  safemode.SCMSafeModeManager (HealthyPipelineSafeModeRule.java:process(137)) - SCM in safe mode. Healthy pipelines reported count is 0, required healthy pipeline reported count is 1
2023-12-01 12:04:14,270 [a2bf02b8-7760-44e6-b399-ad4429aacfa0-groupManagement] INFO  server.RaftServerConfigKeys (ConfUtils.java:logGet(46)) - raft.server.log.segment.cache.num.max = 2 (custom)
2023-12-01 12:04:14,271 [a2bf02b8-7760-44e6-b399-ad4429aacfa0-groupManagement] INFO  server.RaftServerConfigKeys (ConfUtils.java:logGet(46)) - raft.server.log.segment.cache.size.max = 200MB (=209715200) (default)
2023-12-01 12:04:14,271 [a2bf02b8-7760-44e6-b399-ad4429aacfa0-groupManagement] INFO  server.RaftServerConfigKeys (ConfUtils.java:logGet(46)) - raft.server.log.appender.buffer.byte-limit = 33554432 (custom)
2023-12-01 12:04:14,265 [e4101cf6-f8c4-4d95-a998-136b2bec65e8-groupManagement] INFO  server.RaftServer$Division (RaftServerImpl.java:start(392)) - e4101cf6-f8c4-4d95-a998-136b2bec65e8@group-18C264C89AAE: start as a follower, conf=-1: peers:[144aaeee-fb04-48fb-9b63-1a6b7587bad5|10.1.0.24:15023, e4101cf6-f8c4-4d95-a998-136b2bec65e8|10.1.0.24:15014, a2bf02b8-7760-44e6-b399-ad4429aacfa0|10.1.0.24:15032]|listeners:[], old=null
2023-12-01 12:04:14,271 [e4101cf6-f8c4-4d95-a998-136b2bec65e8-groupManagement] INFO  server.RaftServer$Division (RaftServerImpl.java:setRole(379)) - e4101cf6-f8c4-4d95-a998-136b2bec65e8@group-18C264C89AAE: changes role from      null to FOLLOWER at term 0 for startAsFollower
2023-12-01 12:04:14,265 [144aaeee-fb04-48fb-9b63-1a6b7587bad5-PipelineCommandHandlerThread-0] INFO  ratis.XceiverServerRatis (XceiverServerRatis.java:addGroup(814)) - Created group PipelineID=49a703d6-59fd-410f-b41d-18c264c89aae
2023-12-01 12:04:14,264 [6dc608fe-50aa-407f-b4f0-db1c149f31c2@group-7E5BD0AD8A5B-FollowerState] INFO  server.RaftServerConfigKeys (ConfUtils.java:logFallback(53)) - raft.server.rpc.first-election.timeout.min = 5s (fallback to raft.server.rpc.timeout.min)
2023-12-01 12:04:14,276 [6dc608fe-50aa-407f-b4f0-db1c149f31c2@group-7E5BD0AD8A5B-FollowerState] INFO  server.RaftServerConfigKeys (ConfUtils.java:logFallback(53)) - raft.server.rpc.first-election.timeout.max = 5200ms (fallback to raft.server.rpc.timeout.max)
2023-12-01 12:04:14,264 [9e3b9079-4dd1-4962-964a-dfdeb60592bf-groupManagement] INFO  ratis.ContainerStateMachine (ContainerStateMachine.java:loadSnapshot(269)) - group-CEB7BF5298CA: The snapshot info is null. Setting the last applied indexto:(t:0, i:~)
2023-12-01 12:04:14,276 [9e3b9079-4dd1-4962-964a-dfdeb60592bf-groupManagement] INFO  server.RaftServerConfigKeys (ConfUtils.java:logGet(46)) - raft.server.log.use.memory = false (default)
2023-12-01 12:04:14,276 [9e3b9079-4dd1-4962-964a-dfdeb60592bf-groupManagement] INFO  server.RaftServerConfigKeys (ConfUtils.java:logGet(46)) - raft.server.log.purge.gap = 1000000 (custom)
2023-12-01 12:04:14,276 [9e3b9079-4dd1-4962-964a-dfdeb60592bf-groupManagement] INFO  server.RaftServerConfigKeys (ConfUtils.java:logGet(46)) - raft.server.log.appender.buffer.byte-limit = 33554432 (custom)
2023-12-01 12:04:14,276 [9e3b9079-4dd1-4962-964a-dfdeb60592bf-groupManagement] INFO  server.RaftServerConfigKeys (ConfUtils.java:logGet(46)) - raft.server.log.statemachine.data.read.timeout = 1000ms (default)
2023-12-01 12:04:14,276 [9e3b9079-4dd1-4962-964a-dfdeb60592bf-groupManagement] INFO  server.RaftServerConfigKeys (ConfUtils.java:logGet(46)) - raft.server.log.purge.preservation.log.num = 0 (default)
2023-12-01 12:04:14,277 [6dc608fe-50aa-407f-b4f0-db1c149f31c2-PipelineCommandHandlerThread-0] INFO  ratis.XceiverServerRatis (XceiverServerRatis.java:addGroup(814)) - Created group PipelineID=abee9559-c5ac-4bb3-bb05-7e5bd0ad8a5b
2023-12-01 12:04:14,277 [6dc608fe-50aa-407f-b4f0-db1c149f31c2-PipelineCommandHandlerThread-0] INFO  commandhandler.CreatePipelineCommandHandler (CreatePipelineCommandHandler.java:lambda$handle$2(124)) - Created Pipeline RATIS ONE PipelineID=abee9559-c5ac-4bb3-bb05-7e5bd0ad8a5b.
2023-12-01 12:04:14,277 [6dc608fe-50aa-407f-b4f0-db1c149f31c2-PipelineCommandHandlerThread-0] INFO  server.RaftServer (RaftServerProxy.java:addNew(100)) - 6dc608fe-50aa-407f-b4f0-db1c149f31c2: addNew group-CEB7BF5298CA:[a78ad617-b5b5-46fb-9003-310abdef56ad|10.1.0.24:15041, 6dc608fe-50aa-407f-b4f0-db1c149f31c2|10.1.0.24:15059, 9e3b9079-4dd1-4962-964a-dfdeb60592bf|10.1.0.24:15050] returns group-CEB7BF5298CA:java.util.concurrent.CompletableFuture@5c2b3046[Not completed]
2023-12-01 12:04:14,277 [e4101cf6-f8c4-4d95-a998-136b2bec65e8-groupManagement] INFO  impl.RoleInfo (RoleInfo.java:updateAndGet(139)) - e4101cf6-f8c4-4d95-a998-136b2bec65e8: start e4101cf6-f8c4-4d95-a998-136b2bec65e8@group-18C264C89AAE-FollowerState
2023-12-01 12:04:14,278 [6dc608fe-50aa-407f-b4f0-db1c149f31c2-groupManagement] INFO  server.RaftServer$Division (RaftServerImpl.java:<init>(256)) - 6dc608fe-50aa-407f-b4f0-db1c149f31c2: new RaftServerImpl for group-DEFFDE7C9D9F:[a78ad617-b5b5-46fb-9003-310abdef56ad|10.1.0.24:15041, 6dc608fe-50aa-407f-b4f0-db1c149f31c2|10.1.0.24:15059, 9e3b9079-4dd1-4962-964a-dfdeb60592bf|10.1.0.24:15050] with ContainerStateMachine:uninitialized
2023-12-01 12:04:14,278 [6dc608fe-50aa-407f-b4f0-db1c149f31c2-groupManagement] INFO  server.RaftServerConfigKeys (ConfUtils.java:logGet(46)) - raft.server.rpc.timeout.min = 5s (custom)
2023-12-01 12:04:14,278 [6dc608fe-50aa-407f-b4f0-db1c149f31c2-groupManagement] INFO  server.RaftServerConfigKeys (ConfUtils.java:logGet(46)) - raft.server.rpc.timeout.max = 5200ms (custom)
2023-12-01 12:04:14,278 [6dc608fe-50aa-407f-b4f0-db1c149f31c2-groupManagement] INFO  server.RaftServerConfigKeys (ConfUtils.java:logGet(46)) - raft.server.rpc.sleep.time = 25ms (default)
2023-12-01 12:04:14,278 [6dc608fe-50aa-407f-b4f0-db1c149f31c2-groupManagement] INFO  server.RaftServerConfigKeys (ConfUtils.java:logGet(46)) - raft.server.rpc.slowness.timeout = 300s (custom)
2023-12-01 12:04:14,278 [6dc608fe-50aa-407f-b4f0-db1c149f31c2-groupManagement] INFO  server.RaftServerConfigKeys (ConfUtils.java:logGet(46)) - raft.server.leaderelection.leader.step-down.wait-time = 10s (default)
2023-12-01 12:04:14,278 [6dc608fe-50aa-407f-b4f0-db1c149f31c2-groupManagement] INFO  server.RaftServerConfigKeys (ConfUtils.java:logGet(46)) - raft.server.leaderelection.member.majority-add = false (default)
2023-12-01 12:04:14,278 [6dc608fe-50aa-407f-b4f0-db1c149f31c2-groupManagement] INFO  server.RaftServerConfigKeys (ConfUtils.java:logGet(46)) - raft.server.sleep.deviation.threshold = 300ms (default)
2023-12-01 12:04:14,278 [6dc608fe-50aa-407f-b4f0-db1c149f31c2-groupManagement] INFO  server.RaftServer$Division (ServerState.java:<init>(113)) - 6dc608fe-50aa-407f-b4f0-db1c149f31c2@group-DEFFDE7C9D9F: ConfigurationManager, init=-1: peers:[a78ad617-b5b5-46fb-9003-310abdef56ad|10.1.0.24:15041, 6dc608fe-50aa-407f-b4f0-db1c149f31c2|10.1.0.24:15059, 9e3b9079-4dd1-4962-964a-dfdeb60592bf|10.1.0.24:15050]|listeners:[], old=null, confs=<EMPTY_MAP>
2023-12-01 12:04:14,279 [6dc608fe-50aa-407f-b4f0-db1c149f31c2-groupManagement] INFO  server.RaftServerConfigKeys (ConfUtils.java:logGet(46)) - raft.server.notification.no-leader.timeout = 300s (custom)
2023-12-01 12:04:14,279 [6dc608fe-50aa-407f-b4f0-db1c149f31c2-groupManagement] INFO  server.RaftServerConfigKeys (ConfUtils.java:logGet(46)) - raft.server.read.timeout = 10s (default)
2023-12-01 12:04:14,279 [6dc608fe-50aa-407f-b4f0-db1c149f31c2-groupManagement] INFO  server.RaftServerConfigKeys (ConfUtils.java:logGet(46)) - raft.server.retrycache.expirytime = 600000ms (custom)
2023-12-01 12:04:14,279 [6dc608fe-50aa-407f-b4f0-db1c149f31c2-groupManagement] INFO  server.RaftServerConfigKeys (ConfUtils.java:logGet(46)) - raft.server.retrycache.statistics.expirytime = 100ms (default)
2023-12-01 12:04:14,279 [6dc608fe-50aa-407f-b4f0-db1c149f31c2-groupManagement] INFO  server.RaftServerConfigKeys (ConfUtils.java:logGet(46)) - raft.server.read.option = DEFAULT (default)
2023-12-01 12:04:14,279 [6dc608fe-50aa-407f-b4f0-db1c149f31c2-groupManagement] INFO  server.RaftServerConfigKeys (ConfUtils.java:logGet(46)) - raft.server.read.read-after-write-consistent.write-index-cache.expiry-time = 60s (default)
2023-12-01 12:04:14,280 [9e3b9079-4dd1-4962-964a-dfdeb60592bf-groupManagement] INFO  server.RaftServerConfigKeys (ConfUtils.java:logGet(46)) - raft.server.log.segment.size.max = 67108864 (custom)
2023-12-01 12:04:14,281 [9e3b9079-4dd1-4962-964a-dfdeb60592bf-groupManagement] INFO  server.RaftServerConfigKeys (ConfUtils.java:logGet(46)) - raft.server.log.segment.cache.num.max = 2 (custom)
2023-12-01 12:04:14,281 [9e3b9079-4dd1-4962-964a-dfdeb60592bf-groupManagement] INFO  server.RaftServerConfigKeys (ConfUtils.java:logGet(46)) - raft.server.log.segment.cache.size.max = 200MB (=209715200) (default)
2023-12-01 12:04:14,282 [9e3b9079-4dd1-4962-964a-dfdeb60592bf-groupManagement] INFO  server.RaftServerConfigKeys (ConfUtils.java:logGet(46)) - raft.server.log.appender.buffer.byte-limit = 33554432 (custom)
2023-12-01 12:04:14,284 [e4101cf6-f8c4-4d95-a998-136b2bec65e8-groupManagement] INFO  util.JmxRegister (JmxRegister.java:tryRegister(44)) - Successfully registered JMX Bean with object name Ratis:service=RaftServer,group=group-18C264C89AAE,id=e4101cf6-f8c4-4d95-a998-136b2bec65e8
2023-12-01 12:04:14,284 [e4101cf6-f8c4-4d95-a998-136b2bec65e8-groupManagement] INFO  server.RaftServerConfigKeys (ConfUtils.java:logGet(46)) - raft.server.snapshot.trigger-when-stop.enabled = true (default)
2023-12-01 12:04:14,284 [e4101cf6-f8c4-4d95-a998-136b2bec65e8-groupManagement] INFO  server.RaftServerConfigKeys (ConfUtils.java:logGet(46)) - raft.server.snapshot.auto.trigger.enabled = true (custom)
2023-12-01 12:04:14,284 [e4101cf6-f8c4-4d95-a998-136b2bec65e8-groupManagement] INFO  server.RaftServerConfigKeys (ConfUtils.java:logGet(46)) - raft.server.snapshot.auto.trigger.threshold = 10000 (custom)
2023-12-01 12:04:14,285 [e4101cf6-f8c4-4d95-a998-136b2bec65e8-groupManagement] INFO  server.RaftServerConfigKeys (ConfUtils.java:logGet(46)) - raft.server.snapshot.retention.file.num = 5 (custom)
2023-12-01 12:04:14,284 [e4101cf6-f8c4-4d95-a998-136b2bec65e8@group-18C264C89AAE-FollowerState] INFO  server.RaftServerConfigKeys (ConfUtils.java:logFallback(53)) - raft.server.rpc.first-election.timeout.min = 5s (fallback to raft.server.rpc.timeout.min)
2023-12-01 12:04:14,285 [e4101cf6-f8c4-4d95-a998-136b2bec65e8-groupManagement] INFO  server.RaftServerConfigKeys (ConfUtils.java:logGet(46)) - raft.server.log.purge.upto.snapshot.index = false (default)
2023-12-01 12:04:14,285 [e4101cf6-f8c4-4d95-a998-136b2bec65e8@group-18C264C89AAE-FollowerState] INFO  server.RaftServerConfigKeys (ConfUtils.java:logFallback(53)) - raft.server.rpc.first-election.timeout.max = 5200ms (fallback to raft.server.rpc.timeout.max)
2023-12-01 12:04:14,287 [6dc608fe-50aa-407f-b4f0-db1c149f31c2-groupManagement] INFO  server.RaftServerConfigKeys (ConfUtils.java:logGet(46)) - raft.server.rpc.request.timeout = 60s (custom)
2023-12-01 12:04:14,287 [6dc608fe-50aa-407f-b4f0-db1c149f31c2-groupManagement] INFO  server.RaftServerConfigKeys (ConfUtils.java:logGet(46)) - raft.server.log.appender.install.snapshot.enabled = false (custom)
2023-12-01 12:04:14,288 [6dc608fe-50aa-407f-b4f0-db1c149f31c2-groupManagement] INFO  server.RaftServerConfigKeys (ConfUtils.java:logGet(46)) - raft.server.threadpool.server.cached = true (default)
2023-12-01 12:04:14,288 [6dc608fe-50aa-407f-b4f0-db1c149f31c2-groupManagement] INFO  server.RaftServerConfigKeys (ConfUtils.java:logGet(46)) - raft.server.threadpool.server.size = 0 (default)
2023-12-01 12:04:14,288 [6dc608fe-50aa-407f-b4f0-db1c149f31c2-groupManagement] INFO  server.RaftServerConfigKeys (ConfUtils.java:logGet(46)) - raft.server.threadpool.client.cached = true (default)
2023-12-01 12:04:14,289 [6dc608fe-50aa-407f-b4f0-db1c149f31c2-groupManagement] INFO  server.RaftServerConfigKeys (ConfUtils.java:logGet(46)) - raft.server.threadpool.client.size = 0 (default)
2023-12-01 12:04:14,290 [6dc608fe-50aa-407f-b4f0-db1c149f31c2-groupManagement] INFO  server.RaftServer$Division (RaftServerImpl.java:<init>(256)) - 6dc608fe-50aa-407f-b4f0-db1c149f31c2: new RaftServerImpl for group-CEB7BF5298CA:[a78ad617-b5b5-46fb-9003-310abdef56ad|10.1.0.24:15041, 6dc608fe-50aa-407f-b4f0-db1c149f31c2|10.1.0.24:15059, 9e3b9079-4dd1-4962-964a-dfdeb60592bf|10.1.0.24:15050] with ContainerStateMachine:uninitialized
2023-12-01 12:04:14,291 [6dc608fe-50aa-407f-b4f0-db1c149f31c2-groupManagement] INFO  server.RaftServerConfigKeys (ConfUtils.java:logGet(46)) - raft.server.rpc.timeout.min = 5s (custom)
2023-12-01 12:04:14,291 [6dc608fe-50aa-407f-b4f0-db1c149f31c2-groupManagement] INFO  server.RaftServerConfigKeys (ConfUtils.java:logGet(46)) - raft.server.rpc.timeout.max = 5200ms (custom)
2023-12-01 12:04:14,292 [6dc608fe-50aa-407f-b4f0-db1c149f31c2-groupManagement] INFO  server.RaftServerConfigKeys (ConfUtils.java:logGet(46)) - raft.server.rpc.sleep.time = 25ms (default)
2023-12-01 12:04:14,292 [6dc608fe-50aa-407f-b4f0-db1c149f31c2-groupManagement] INFO  server.RaftServerConfigKeys (ConfUtils.java:logGet(46)) - raft.server.rpc.slowness.timeout = 300s (custom)
2023-12-01 12:04:14,292 [6dc608fe-50aa-407f-b4f0-db1c149f31c2-groupManagement] INFO  server.RaftServerConfigKeys (ConfUtils.java:logGet(46)) - raft.server.leaderelection.leader.step-down.wait-time = 10s (default)
2023-12-01 12:04:14,292 [6dc608fe-50aa-407f-b4f0-db1c149f31c2-groupManagement] INFO  server.RaftServerConfigKeys (ConfUtils.java:logGet(46)) - raft.server.leaderelection.member.majority-add = false (default)
2023-12-01 12:04:14,299 [9e3b9079-4dd1-4962-964a-dfdeb60592bf-groupManagement] INFO  util.AwaitToRun (AwaitToRun.java:start(81)) - Thread[9e3b9079-4dd1-4962-964a-dfdeb60592bf@group-CEB7BF5298CA-cacheEviction-AwaitToRun,5,main] started
2023-12-01 12:04:14,303 [9e3b9079-4dd1-4962-964a-dfdeb60592bf-groupManagement] INFO  segmented.SegmentedRaftLogWorker (SegmentedRaftLogWorker.java:<init>(184)) - new 9e3b9079-4dd1-4962-964a-dfdeb60592bf@group-CEB7BF5298CA-SegmentedRaftLogWorker for RaftStorageImpl:Storage Directory /home/runner/work/ozone/ozone/hadoop-ozone/integration-test/target/test-dir/MiniOzoneClusterImpl-d99da5cf-54e3-4304-baea-1cefc2b4c4dc/datanode-4/data/ratis/45f2c43b-d253-4e78-85ad-ceb7bf5298ca
2023-12-01 12:04:14,303 [9e3b9079-4dd1-4962-964a-dfdeb60592bf-groupManagement] INFO  server.RaftServerConfigKeys (ConfUtils.java:logGet(46)) - raft.server.log.queue.byte-limit = 4294967296 (custom)
2023-12-01 12:04:14,303 [9e3b9079-4dd1-4962-964a-dfdeb60592bf-groupManagement] INFO  server.RaftServerConfigKeys (ConfUtils.java:logGet(46)) - raft.server.log.queue.element-limit = 1024 (custom)
2023-12-01 12:04:14,304 [9e3b9079-4dd1-4962-964a-dfdeb60592bf-groupManagement] INFO  server.RaftServerConfigKeys (ConfUtils.java:logGet(46)) - raft.server.log.segment.size.max = 67108864 (custom)
2023-12-01 12:04:14,304 [9e3b9079-4dd1-4962-964a-dfdeb60592bf-groupManagement] INFO  server.RaftServerConfigKeys (ConfUtils.java:logGet(46)) - raft.server.log.preallocated.size = 4194304 (custom)
2023-12-01 12:04:14,304 [9e3b9079-4dd1-4962-964a-dfdeb60592bf-groupManagement] INFO  server.RaftServerConfigKeys (ConfUtils.java:logGet(46)) - raft.server.log.force.sync.num = 128 (default)
2023-12-01 12:04:14,304 [9e3b9079-4dd1-4962-964a-dfdeb60592bf-groupManagement] INFO  server.RaftServerConfigKeys (ConfUtils.java:logGet(46)) - raft.server.log.statemachine.data.sync = true (default)
2023-12-01 12:04:14,304 [9e3b9079-4dd1-4962-964a-dfdeb60592bf-groupManagement] INFO  server.RaftServerConfigKeys (ConfUtils.java:logGet(46)) - raft.server.log.statemachine.data.sync.timeout = 10s (default)
2023-12-01 12:04:14,304 [9e3b9079-4dd1-4962-964a-dfdeb60592bf-groupManagement] INFO  server.RaftServerConfigKeys (ConfUtils.java:logGet(46)) - raft.server.log.statemachine.data.sync.timeout.retry = -1 (default)
2023-12-01 12:04:14,304 [9e3b9079-4dd1-4962-964a-dfdeb60592bf-groupManagement] INFO  server.RaftServerConfigKeys (ConfUtils.java:logGet(46)) - raft.server.log.write.buffer.size = 2097152 (custom)
2023-12-01 12:04:14,293 [a2bf02b8-7760-44e6-b399-ad4429aacfa0-groupManagement] INFO  util.AwaitToRun (AwaitToRun.java:start(81)) - Thread[a2bf02b8-7760-44e6-b399-ad4429aacfa0@group-18C264C89AAE-cacheEviction-AwaitToRun,5,main] started
2023-12-01 12:04:14,305 [a2bf02b8-7760-44e6-b399-ad4429aacfa0-groupManagement] INFO  segmented.SegmentedRaftLogWorker (SegmentedRaftLogWorker.java:<init>(184)) - new a2bf02b8-7760-44e6-b399-ad4429aacfa0@group-18C264C89AAE-SegmentedRaftLogWorker for RaftStorageImpl:Storage Directory /home/runner/work/ozone/ozone/hadoop-ozone/integration-test/target/test-dir/MiniOzoneClusterImpl-d99da5cf-54e3-4304-baea-1cefc2b4c4dc/datanode-2/data/ratis/49a703d6-59fd-410f-b41d-18c264c89aae
2023-12-01 12:04:14,305 [a2bf02b8-7760-44e6-b399-ad4429aacfa0-groupManagement] INFO  server.RaftServerConfigKeys (ConfUtils.java:logGet(46)) - raft.server.log.queue.byte-limit = 4294967296 (custom)
2023-12-01 12:04:14,305 [a2bf02b8-7760-44e6-b399-ad4429aacfa0-groupManagement] INFO  server.RaftServerConfigKeys (ConfUtils.java:logGet(46)) - raft.server.log.queue.element-limit = 1024 (custom)
2023-12-01 12:04:14,305 [a2bf02b8-7760-44e6-b399-ad4429aacfa0-groupManagement] INFO  server.RaftServerConfigKeys (ConfUtils.java:logGet(46)) - raft.server.log.segment.size.max = 67108864 (custom)
2023-12-01 12:04:14,305 [a2bf02b8-7760-44e6-b399-ad4429aacfa0-groupManagement] INFO  server.RaftServerConfigKeys (ConfUtils.java:logGet(46)) - raft.server.log.preallocated.size = 4194304 (custom)
2023-12-01 12:04:14,305 [a2bf02b8-7760-44e6-b399-ad4429aacfa0-groupManagement] INFO  server.RaftServerConfigKeys (ConfUtils.java:logGet(46)) - raft.server.log.force.sync.num = 128 (default)
2023-12-01 12:04:14,305 [a2bf02b8-7760-44e6-b399-ad4429aacfa0-groupManagement] INFO  server.RaftServerConfigKeys (ConfUtils.java:logGet(46)) - raft.server.log.statemachine.data.sync = true (default)
2023-12-01 12:04:14,306 [a2bf02b8-7760-44e6-b399-ad4429aacfa0-groupManagement] INFO  server.RaftServerConfigKeys (ConfUtils.java:logGet(46)) - raft.server.log.statemachine.data.sync.timeout = 10s (default)
2023-12-01 12:04:14,306 [a2bf02b8-7760-44e6-b399-ad4429aacfa0-groupManagement] INFO  server.RaftServerConfigKeys (ConfUtils.java:logGet(46)) - raft.server.log.statemachine.data.sync.timeout.retry = -1 (default)
2023-12-01 12:04:14,306 [a2bf02b8-7760-44e6-b399-ad4429aacfa0-groupManagement] INFO  server.RaftServerConfigKeys (ConfUtils.java:logGet(46)) - raft.server.log.write.buffer.size = 2097152 (custom)
2023-12-01 12:04:14,293 [e4101cf6-f8c4-4d95-a998-136b2bec65e8-PipelineCommandHandlerThread-0] INFO  ratis.XceiverServerRatis (XceiverServerRatis.java:addGroup(814)) - Created group PipelineID=49a703d6-59fd-410f-b41d-18c264c89aae
2023-12-01 12:04:14,305 [6dc608fe-50aa-407f-b4f0-db1c149f31c2-groupManagement] INFO  server.RaftServerConfigKeys (ConfUtils.java:logGet(46)) - raft.server.sleep.deviation.threshold = 300ms (default)
2023-12-01 12:04:14,308 [6dc608fe-50aa-407f-b4f0-db1c149f31c2-groupManagement] INFO  server.RaftServer$Division (ServerState.java:<init>(113)) - 6dc608fe-50aa-407f-b4f0-db1c149f31c2@group-CEB7BF5298CA: ConfigurationManager, init=-1: peers:[a78ad617-b5b5-46fb-9003-310abdef56ad|10.1.0.24:15041, 6dc608fe-50aa-407f-b4f0-db1c149f31c2|10.1.0.24:15059, 9e3b9079-4dd1-4962-964a-dfdeb60592bf|10.1.0.24:15050]|listeners:[], old=null, confs=<EMPTY_MAP>
2023-12-01 12:04:14,308 [6dc608fe-50aa-407f-b4f0-db1c149f31c2-groupManagement] INFO  server.RaftServerConfigKeys (ConfUtils.java:logGet(46)) - raft.server.notification.no-leader.timeout = 300s (custom)
2023-12-01 12:04:14,308 [6dc608fe-50aa-407f-b4f0-db1c149f31c2-groupManagement] INFO  server.RaftServerConfigKeys (ConfUtils.java:logGet(46)) - raft.server.read.timeout = 10s (default)
2023-12-01 12:04:14,308 [6dc608fe-50aa-407f-b4f0-db1c149f31c2-groupManagement] INFO  server.RaftServerConfigKeys (ConfUtils.java:logGet(46)) - raft.server.retrycache.expirytime = 600000ms (custom)
2023-12-01 12:04:14,308 [6dc608fe-50aa-407f-b4f0-db1c149f31c2-groupManagement] INFO  server.RaftServerConfigKeys (ConfUtils.java:logGet(46)) - raft.server.retrycache.statistics.expirytime = 100ms (default)
2023-12-01 12:04:14,308 [6dc608fe-50aa-407f-b4f0-db1c149f31c2-groupManagement] INFO  server.RaftServerConfigKeys (ConfUtils.java:logGet(46)) - raft.server.read.option = DEFAULT (default)
2023-12-01 12:04:14,308 [6dc608fe-50aa-407f-b4f0-db1c149f31c2-groupManagement] INFO  server.RaftServerConfigKeys (ConfUtils.java:logGet(46)) - raft.server.read.read-after-write-consistent.write-index-cache.expiry-time = 60s (default)
2023-12-01 12:04:14,305 [9e3b9079-4dd1-4962-964a-dfdeb60592bf-groupManagement] INFO  server.RaftServerConfigKeys (ConfUtils.java:logGet(46)) - raft.server.log.appender.buffer.byte-limit = 33554432 (custom)
2023-12-01 12:04:14,462 [9e3b9079-4dd1-4962-964a-dfdeb60592bf-groupManagement] INFO  server.RaftServerConfigKeys (ConfUtils.java:logGet(46)) - raft.server.log.unsafe-flush.enabled = false (default)
2023-12-01 12:04:14,468 [9e3b9079-4dd1-4962-964a-dfdeb60592bf-groupManagement] INFO  server.RaftServerConfigKeys (ConfUtils.java:logGet(46)) - raft.server.log.async-flush.enabled = false (default)
2023-12-01 12:04:14,469 [9e3b9079-4dd1-4962-964a-dfdeb60592bf-groupManagement] INFO  server.RaftServerConfigKeys (ConfUtils.java:logGet(46)) - raft.server.log.statemachine.data.caching.enabled = true (custom)
2023-12-01 12:04:14,469 [9e3b9079-4dd1-4962-964a-dfdeb60592bf-groupManagement] INFO  segmented.SegmentedRaftLogWorker (SegmentedRaftLogWorker.java:lambda$new$0(135)) - 9e3b9079-4dd1-4962-964a-dfdeb60592bf@group-CEB7BF5298CA-SegmentedRaftLogWorker: flushIndex: setUnconditionally 0 -> -1
2023-12-01 12:04:14,469 [9e3b9079-4dd1-4962-964a-dfdeb60592bf-groupManagement] INFO  segmented.SegmentedRaftLogWorker (SegmentedRaftLogWorker.java:lambda$new$0(135)) - 9e3b9079-4dd1-4962-964a-dfdeb60592bf@group-CEB7BF5298CA-SegmentedRaftLogWorker: safeCacheEvictIndex: setUnconditionally 0 -> -1
2023-12-01 12:04:14,463 [a2bf02b8-7760-44e6-b399-ad4429aacfa0-groupManagement] INFO  server.RaftServerConfigKeys (ConfUtils.java:logGet(46)) - raft.server.log.appender.buffer.byte-limit = 33554432 (custom)
2023-12-01 12:04:14,471 [a2bf02b8-7760-44e6-b399-ad4429aacfa0-groupManagement] INFO  server.RaftServerConfigKeys (ConfUtils.java:logGet(46)) - raft.server.log.unsafe-flush.enabled = false (default)
2023-12-01 12:04:14,471 [a2bf02b8-7760-44e6-b399-ad4429aacfa0-groupManagement] INFO  server.RaftServerConfigKeys (ConfUtils.java:logGet(46)) - raft.server.log.async-flush.enabled = false (default)
2023-12-01 12:04:14,471 [a2bf02b8-7760-44e6-b399-ad4429aacfa0-groupManagement] INFO  server.RaftServerConfigKeys (ConfUtils.java:logGet(46)) - raft.server.log.statemachine.data.caching.enabled = true (custom)
2023-12-01 12:04:14,472 [a2bf02b8-7760-44e6-b399-ad4429aacfa0-groupManagement] INFO  segmented.SegmentedRaftLogWorker (SegmentedRaftLogWorker.java:lambda$new$0(135)) - a2bf02b8-7760-44e6-b399-ad4429aacfa0@group-18C264C89AAE-SegmentedRaftLogWorker: flushIndex: setUnconditionally 0 -> -1
2023-12-01 12:04:14,472 [a2bf02b8-7760-44e6-b399-ad4429aacfa0-groupManagement] INFO  segmented.SegmentedRaftLogWorker (SegmentedRaftLogWorker.java:lambda$new$0(135)) - a2bf02b8-7760-44e6-b399-ad4429aacfa0@group-18C264C89AAE-SegmentedRaftLogWorker: safeCacheEvictIndex: setUnconditionally 0 -> -1
2023-12-01 12:04:14,489 [6dc608fe-50aa-407f-b4f0-db1c149f31c2-groupManagement] INFO  server.RaftServerConfigKeys (ConfUtils.java:logGet(46)) - raft.server.rpc.request.timeout = 60s (custom)
2023-12-01 12:04:14,489 [6dc608fe-50aa-407f-b4f0-db1c149f31c2-groupManagement] INFO  server.RaftServerConfigKeys (ConfUtils.java:logGet(46)) - raft.server.log.appender.install.snapshot.enabled = false (custom)
2023-12-01 12:04:14,490 [6dc608fe-50aa-407f-b4f0-db1c149f31c2-groupManagement] INFO  server.RaftServerConfigKeys (ConfUtils.java:logGet(46)) - raft.server.threadpool.server.cached = true (default)
2023-12-01 12:04:14,490 [6dc608fe-50aa-407f-b4f0-db1c149f31c2-groupManagement] INFO  server.RaftServerConfigKeys (ConfUtils.java:logGet(46)) - raft.server.threadpool.server.size = 0 (default)
2023-12-01 12:04:14,490 [6dc608fe-50aa-407f-b4f0-db1c149f31c2-groupManagement] INFO  server.RaftServerConfigKeys (ConfUtils.java:logGet(46)) - raft.server.threadpool.client.cached = true (default)
2023-12-01 12:04:14,490 [6dc608fe-50aa-407f-b4f0-db1c149f31c2-groupManagement] INFO  server.RaftServerConfigKeys (ConfUtils.java:logGet(46)) - raft.server.threadpool.client.size = 0 (default)
2023-12-01 12:04:14,490 [6dc608fe-50aa-407f-b4f0-db1c149f31c2-groupManagement] INFO  server.RaftServerConfigKeys (ConfUtils.java:logGet(46)) - raft.server.storage.free-space.min = 0MB (=0) (default)
2023-12-01 12:04:14,490 [6dc608fe-50aa-407f-b4f0-db1c149f31c2-groupManagement] INFO  server.RaftServerConfigKeys (ConfUtils.java:logGet(46)) - raft.server.log.corruption.policy = EXCEPTION (default)
2023-12-01 12:04:14,490 [6dc608fe-50aa-407f-b4f0-db1c149f31c2-groupManagement] INFO  server.RaftServerConfigKeys (ConfUtils.java:logGet(46)) - raft.server.storage.dir = [/home/runner/work/ozone/ozone/hadoop-ozone/integration-test/target/test-dir/MiniOzoneClusterImpl-d99da5cf-54e3-4304-baea-1cefc2b4c4dc/datanode-5/data/ratis] (custom)
2023-12-01 12:04:14,490 [6dc608fe-50aa-407f-b4f0-db1c149f31c2-groupManagement] INFO  storage.RaftStorageDirectory (RaftStorageDirectoryImpl.java:analyzeStorage(138)) - The storage directory /home/runner/work/ozone/ozone/hadoop-ozone/integration-test/target/test-dir/MiniOzoneClusterImpl-d99da5cf-54e3-4304-baea-1cefc2b4c4dc/datanode-5/data/ratis/2b4dd9e6-4792-4511-8b8f-deffde7c9d9f does not exist. Creating ...
2023-12-01 12:04:14,495 [a2bf02b8-7760-44e6-b399-ad4429aacfa0-groupManagement] INFO  server.RaftServer$Division (RaftServerImpl.java:start(392)) - a2bf02b8-7760-44e6-b399-ad4429aacfa0@group-18C264C89AAE: start as a follower, conf=-1: peers:[144aaeee-fb04-48fb-9b63-1a6b7587bad5|10.1.0.24:15023, e4101cf6-f8c4-4d95-a998-136b2bec65e8|10.1.0.24:15014, a2bf02b8-7760-44e6-b399-ad4429aacfa0|10.1.0.24:15032]|listeners:[], old=null
2023-12-01 12:04:14,495 [a2bf02b8-7760-44e6-b399-ad4429aacfa0-groupManagement] INFO  server.RaftServer$Division (RaftServerImpl.java:setRole(379)) - a2bf02b8-7760-44e6-b399-ad4429aacfa0@group-18C264C89AAE: changes role from      null to FOLLOWER at term 0 for startAsFollower
2023-12-01 12:04:14,495 [a2bf02b8-7760-44e6-b399-ad4429aacfa0-groupManagement] INFO  impl.RoleInfo (RoleInfo.java:updateAndGet(139)) - a2bf02b8-7760-44e6-b399-ad4429aacfa0: start a2bf02b8-7760-44e6-b399-ad4429aacfa0@group-18C264C89AAE-FollowerState
2023-12-01 12:04:14,496 [a2bf02b8-7760-44e6-b399-ad4429aacfa0@group-18C264C89AAE-FollowerState] INFO  server.RaftServerConfigKeys (ConfUtils.java:logFallback(53)) - raft.server.rpc.first-election.timeout.min = 5s (fallback to raft.server.rpc.timeout.min)
2023-12-01 12:04:14,496 [a2bf02b8-7760-44e6-b399-ad4429aacfa0-groupManagement] INFO  util.JmxRegister (JmxRegister.java:tryRegister(44)) - Successfully registered JMX Bean with object name Ratis:service=RaftServer,group=group-18C264C89AAE,id=a2bf02b8-7760-44e6-b399-ad4429aacfa0
2023-12-01 12:04:14,496 [a2bf02b8-7760-44e6-b399-ad4429aacfa0@group-18C264C89AAE-FollowerState] INFO  server.RaftServerConfigKeys (ConfUtils.java:logFallback(53)) - raft.server.rpc.first-election.timeout.max = 5200ms (fallback to raft.server.rpc.timeout.max)
2023-12-01 12:04:14,496 [a2bf02b8-7760-44e6-b399-ad4429aacfa0-groupManagement] INFO  server.RaftServerConfigKeys (ConfUtils.java:logGet(46)) - raft.server.snapshot.trigger-when-stop.enabled = true (default)
2023-12-01 12:04:14,496 [a2bf02b8-7760-44e6-b399-ad4429aacfa0-groupManagement] INFO  server.RaftServerConfigKeys (ConfUtils.java:logGet(46)) - raft.server.snapshot.auto.trigger.enabled = true (custom)
2023-12-01 12:04:14,496 [a2bf02b8-7760-44e6-b399-ad4429aacfa0-groupManagement] INFO  server.RaftServerConfigKeys (ConfUtils.java:logGet(46)) - raft.server.snapshot.auto.trigger.threshold = 10000 (custom)
2023-12-01 12:04:14,496 [a2bf02b8-7760-44e6-b399-ad4429aacfa0-groupManagement] INFO  server.RaftServerConfigKeys (ConfUtils.java:logGet(46)) - raft.server.snapshot.retention.file.num = 5 (custom)
2023-12-01 12:04:14,496 [a2bf02b8-7760-44e6-b399-ad4429aacfa0-groupManagement] INFO  server.RaftServerConfigKeys (ConfUtils.java:logGet(46)) - raft.server.log.purge.upto.snapshot.index = false (default)
2023-12-01 12:04:14,497 [a2bf02b8-7760-44e6-b399-ad4429aacfa0-PipelineCommandHandlerThread-0] INFO  ratis.XceiverServerRatis (XceiverServerRatis.java:addGroup(814)) - Created group PipelineID=49a703d6-59fd-410f-b41d-18c264c89aae
2023-12-01 12:04:14,502 [6dc608fe-50aa-407f-b4f0-db1c149f31c2-groupManagement] INFO  storage.RaftStorageDirectory (RaftStorageDirectoryImpl.java:tryLock(232)) - Lock on /home/runner/work/ozone/ozone/hadoop-ozone/integration-test/target/test-dir/MiniOzoneClusterImpl-d99da5cf-54e3-4304-baea-1cefc2b4c4dc/datanode-5/data/ratis/2b4dd9e6-4792-4511-8b8f-deffde7c9d9f/in_use.lock acquired by nodename 15370@fv-az1423-675
2023-12-01 12:04:14,502 [9e3b9079-4dd1-4962-964a-dfdeb60592bf-groupManagement] INFO  server.RaftServer$Division (RaftServerImpl.java:start(392)) - 9e3b9079-4dd1-4962-964a-dfdeb60592bf@group-CEB7BF5298CA: start as a follower, conf=-1: peers:[a78ad617-b5b5-46fb-9003-310abdef56ad|10.1.0.24:15041, 6dc608fe-50aa-407f-b4f0-db1c149f31c2|10.1.0.24:15059, 9e3b9079-4dd1-4962-964a-dfdeb60592bf|10.1.0.24:15050]|listeners:[], old=null
2023-12-01 12:04:14,502 [9e3b9079-4dd1-4962-964a-dfdeb60592bf-groupManagement] INFO  server.RaftServer$Division (RaftServerImpl.java:setRole(379)) - 9e3b9079-4dd1-4962-964a-dfdeb60592bf@group-CEB7BF5298CA: changes role from      null to FOLLOWER at term 0 for startAsFollower
2023-12-01 12:04:14,502 [9e3b9079-4dd1-4962-964a-dfdeb60592bf-groupManagement] INFO  impl.RoleInfo (RoleInfo.java:updateAndGet(139)) - 9e3b9079-4dd1-4962-964a-dfdeb60592bf: start 9e3b9079-4dd1-4962-964a-dfdeb60592bf@group-CEB7BF5298CA-FollowerState
2023-12-01 12:04:14,503 [6dc608fe-50aa-407f-b4f0-db1c149f31c2-groupManagement] INFO  storage.RaftStorage (RaftStorageImpl.java:format(97)) - Storage directory /home/runner/work/ozone/ozone/hadoop-ozone/integration-test/target/test-dir/MiniOzoneClusterImpl-d99da5cf-54e3-4304-baea-1cefc2b4c4dc/datanode-5/data/ratis/2b4dd9e6-4792-4511-8b8f-deffde7c9d9f has been successfully formatted.
2023-12-01 12:04:14,511 [9e3b9079-4dd1-4962-964a-dfdeb60592bf@group-CEB7BF5298CA-FollowerState] INFO  server.RaftServerConfigKeys (ConfUtils.java:logFallback(53)) - raft.server.rpc.first-election.timeout.min = 5s (fallback to raft.server.rpc.timeout.min)
2023-12-01 12:04:14,511 [9e3b9079-4dd1-4962-964a-dfdeb60592bf-groupManagement] INFO  util.JmxRegister (JmxRegister.java:tryRegister(44)) - Successfully registered JMX Bean with object name Ratis:service=RaftServer,group=group-CEB7BF5298CA,id=9e3b9079-4dd1-4962-964a-dfdeb60592bf
2023-12-01 12:04:14,511 [6dc608fe-50aa-407f-b4f0-db1c149f31c2-groupManagement] INFO  ratis.ContainerStateMachine (ContainerStateMachine.java:loadSnapshot(269)) - group-DEFFDE7C9D9F: The snapshot info is null. Setting the last applied indexto:(t:0, i:~)
2023-12-01 12:04:14,511 [9e3b9079-4dd1-4962-964a-dfdeb60592bf-groupManagement] INFO  server.RaftServerConfigKeys (ConfUtils.java:logGet(46)) - raft.server.snapshot.trigger-when-stop.enabled = true (default)
2023-12-01 12:04:14,514 [9e3b9079-4dd1-4962-964a-dfdeb60592bf-groupManagement] INFO  server.RaftServerConfigKeys (ConfUtils.java:logGet(46)) - raft.server.snapshot.auto.trigger.enabled = true (custom)
2023-12-01 12:04:14,514 [9e3b9079-4dd1-4962-964a-dfdeb60592bf-groupManagement] INFO  server.RaftServerConfigKeys (ConfUtils.java:logGet(46)) - raft.server.snapshot.auto.trigger.threshold = 10000 (custom)
2023-12-01 12:04:14,514 [9e3b9079-4dd1-4962-964a-dfdeb60592bf-groupManagement] INFO  server.RaftServerConfigKeys (ConfUtils.java:logGet(46)) - raft.server.snapshot.retention.file.num = 5 (custom)
2023-12-01 12:04:14,516 [9e3b9079-4dd1-4962-964a-dfdeb60592bf-groupManagement] INFO  server.RaftServerConfigKeys (ConfUtils.java:logGet(46)) - raft.server.log.purge.upto.snapshot.index = false (default)
2023-12-01 12:04:14,512 [9e3b9079-4dd1-4962-964a-dfdeb60592bf@group-CEB7BF5298CA-FollowerState] INFO  server.RaftServerConfigKeys (ConfUtils.java:logFallback(53)) - raft.server.rpc.first-election.timeout.max = 5200ms (fallback to raft.server.rpc.timeout.max)
2023-12-01 12:04:14,512 [6dc608fe-50aa-407f-b4f0-db1c149f31c2-groupManagement] INFO  server.RaftServerConfigKeys (ConfUtils.java:logGet(46)) - raft.server.log.use.memory = false (default)
2023-12-01 12:04:14,518 [6dc608fe-50aa-407f-b4f0-db1c149f31c2-groupManagement] INFO  server.RaftServerConfigKeys (ConfUtils.java:logGet(46)) - raft.server.log.purge.gap = 1000000 (custom)
2023-12-01 12:04:14,518 [6dc608fe-50aa-407f-b4f0-db1c149f31c2-groupManagement] INFO  server.RaftServerConfigKeys (ConfUtils.java:logGet(46)) - raft.server.log.appender.buffer.byte-limit = 33554432 (custom)
2023-12-01 12:04:14,518 [6dc608fe-50aa-407f-b4f0-db1c149f31c2-groupManagement] INFO  server.RaftServerConfigKeys (ConfUtils.java:logGet(46)) - raft.server.log.statemachine.data.read.timeout = 1000ms (default)
2023-12-01 12:04:14,518 [6dc608fe-50aa-407f-b4f0-db1c149f31c2-groupManagement] INFO  server.RaftServerConfigKeys (ConfUtils.java:logGet(46)) - raft.server.log.purge.preservation.log.num = 0 (default)
2023-12-01 12:04:14,520 [6dc608fe-50aa-407f-b4f0-db1c149f31c2-groupManagement] INFO  server.RaftServerConfigKeys (ConfUtils.java:logGet(46)) - raft.server.log.segment.size.max = 67108864 (custom)
2023-12-01 12:04:14,520 [6dc608fe-50aa-407f-b4f0-db1c149f31c2-groupManagement] INFO  server.RaftServerConfigKeys (ConfUtils.java:logGet(46)) - raft.server.log.segment.cache.num.max = 2 (custom)
2023-12-01 12:04:14,520 [6dc608fe-50aa-407f-b4f0-db1c149f31c2-groupManagement] INFO  server.RaftServerConfigKeys (ConfUtils.java:logGet(46)) - raft.server.log.segment.cache.size.max = 200MB (=209715200) (default)
2023-12-01 12:04:14,520 [6dc608fe-50aa-407f-b4f0-db1c149f31c2-groupManagement] INFO  server.RaftServerConfigKeys (ConfUtils.java:logGet(46)) - raft.server.log.appender.buffer.byte-limit = 33554432 (custom)
2023-12-01 12:04:14,523 [9e3b9079-4dd1-4962-964a-dfdeb60592bf-PipelineCommandHandlerThread-0] INFO  ratis.XceiverServerRatis (XceiverServerRatis.java:addGroup(814)) - Created group PipelineID=45f2c43b-d253-4e78-85ad-ceb7bf5298ca
2023-12-01 12:04:14,524 [6dc608fe-50aa-407f-b4f0-db1c149f31c2-groupManagement] INFO  util.AwaitToRun (AwaitToRun.java:start(81)) - Thread[6dc608fe-50aa-407f-b4f0-db1c149f31c2@group-DEFFDE7C9D9F-cacheEviction-AwaitToRun,5,main] started
2023-12-01 12:04:14,528 [6dc608fe-50aa-407f-b4f0-db1c149f31c2-groupManagement] INFO  segmented.SegmentedRaftLogWorker (SegmentedRaftLogWorker.java:<init>(184)) - new 6dc608fe-50aa-407f-b4f0-db1c149f31c2@group-DEFFDE7C9D9F-SegmentedRaftLogWorker for RaftStorageImpl:Storage Directory /home/runner/work/ozone/ozone/hadoop-ozone/integration-test/target/test-dir/MiniOzoneClusterImpl-d99da5cf-54e3-4304-baea-1cefc2b4c4dc/datanode-5/data/ratis/2b4dd9e6-4792-4511-8b8f-deffde7c9d9f
2023-12-01 12:04:14,528 [6dc608fe-50aa-407f-b4f0-db1c149f31c2-groupManagement] INFO  server.RaftServerConfigKeys (ConfUtils.java:logGet(46)) - raft.server.log.queue.byte-limit = 4294967296 (custom)
2023-12-01 12:04:14,528 [6dc608fe-50aa-407f-b4f0-db1c149f31c2-groupManagement] INFO  server.RaftServerConfigKeys (ConfUtils.java:logGet(46)) - raft.server.log.queue.element-limit = 1024 (custom)
2023-12-01 12:04:14,529 [6dc608fe-50aa-407f-b4f0-db1c149f31c2-groupManagement] INFO  server.RaftServerConfigKeys (ConfUtils.java:logGet(46)) - raft.server.log.segment.size.max = 67108864 (custom)
2023-12-01 12:04:14,529 [6dc608fe-50aa-407f-b4f0-db1c149f31c2-groupManagement] INFO  server.RaftServerConfigKeys (ConfUtils.java:logGet(46)) - raft.server.log.preallocated.size = 4194304 (custom)
2023-12-01 12:04:14,529 [6dc608fe-50aa-407f-b4f0-db1c149f31c2-groupManagement] INFO  server.RaftServerConfigKeys (ConfUtils.java:logGet(46)) - raft.server.log.force.sync.num = 128 (default)
2023-12-01 12:04:14,529 [6dc608fe-50aa-407f-b4f0-db1c149f31c2-groupManagement] INFO  server.RaftServerConfigKeys (ConfUtils.java:logGet(46)) - raft.server.log.statemachine.data.sync = true (default)
2023-12-01 12:04:14,529 [6dc608fe-50aa-407f-b4f0-db1c149f31c2-groupManagement] INFO  server.RaftServerConfigKeys (ConfUtils.java:logGet(46)) - raft.server.log.statemachine.data.sync.timeout = 10s (default)
2023-12-01 12:04:14,529 [6dc608fe-50aa-407f-b4f0-db1c149f31c2-groupManagement] INFO  server.RaftServerConfigKeys (ConfUtils.java:logGet(46)) - raft.server.log.statemachine.data.sync.timeout.retry = -1 (default)
2023-12-01 12:04:14,529 [6dc608fe-50aa-407f-b4f0-db1c149f31c2-groupManagement] INFO  server.RaftServerConfigKeys (ConfUtils.java:logGet(46)) - raft.server.log.write.buffer.size = 2097152 (custom)
2023-12-01 12:04:14,530 [6dc608fe-50aa-407f-b4f0-db1c149f31c2-groupManagement] INFO  server.RaftServerConfigKeys (ConfUtils.java:logGet(46)) - raft.server.log.appender.buffer.byte-limit = 33554432 (custom)
2023-12-01 12:04:14,531 [6dc608fe-50aa-407f-b4f0-db1c149f31c2-groupManagement] INFO  server.RaftServerConfigKeys (ConfUtils.java:logGet(46)) - raft.server.log.unsafe-flush.enabled = false (default)
2023-12-01 12:04:14,531 [6dc608fe-50aa-407f-b4f0-db1c149f31c2-groupManagement] INFO  server.RaftServerConfigKeys (ConfUtils.java:logGet(46)) - raft.server.log.async-flush.enabled = false (default)
2023-12-01 12:04:14,531 [6dc608fe-50aa-407f-b4f0-db1c149f31c2-groupManagement] INFO  server.RaftServerConfigKeys (ConfUtils.java:logGet(46)) - raft.server.log.statemachine.data.caching.enabled = true (custom)
2023-12-01 12:04:14,532 [6dc608fe-50aa-407f-b4f0-db1c149f31c2-groupManagement] INFO  segmented.SegmentedRaftLogWorker (SegmentedRaftLogWorker.java:lambda$new$0(135)) - 6dc608fe-50aa-407f-b4f0-db1c149f31c2@group-DEFFDE7C9D9F-SegmentedRaftLogWorker: flushIndex: setUnconditionally 0 -> -1
2023-12-01 12:04:14,532 [6dc608fe-50aa-407f-b4f0-db1c149f31c2-groupManagement] INFO  segmented.SegmentedRaftLogWorker (SegmentedRaftLogWorker.java:lambda$new$0(135)) - 6dc608fe-50aa-407f-b4f0-db1c149f31c2@group-DEFFDE7C9D9F-SegmentedRaftLogWorker: safeCacheEvictIndex: setUnconditionally 0 -> -1
2023-12-01 12:04:14,532 [6dc608fe-50aa-407f-b4f0-db1c149f31c2-groupManagement] INFO  server.RaftServer$Division (RaftServerImpl.java:start(392)) - 6dc608fe-50aa-407f-b4f0-db1c149f31c2@group-DEFFDE7C9D9F: start as a follower, conf=-1: peers:[a78ad617-b5b5-46fb-9003-310abdef56ad|10.1.0.24:15041, 6dc608fe-50aa-407f-b4f0-db1c149f31c2|10.1.0.24:15059, 9e3b9079-4dd1-4962-964a-dfdeb60592bf|10.1.0.24:15050]|listeners:[], old=null
2023-12-01 12:04:14,533 [6dc608fe-50aa-407f-b4f0-db1c149f31c2-groupManagement] INFO  server.RaftServer$Division (RaftServerImpl.java:setRole(379)) - 6dc608fe-50aa-407f-b4f0-db1c149f31c2@group-DEFFDE7C9D9F: changes role from      null to FOLLOWER at term 0 for startAsFollower
2023-12-01 12:04:14,533 [6dc608fe-50aa-407f-b4f0-db1c149f31c2-groupManagement] INFO  impl.RoleInfo (RoleInfo.java:updateAndGet(139)) - 6dc608fe-50aa-407f-b4f0-db1c149f31c2: start 6dc608fe-50aa-407f-b4f0-db1c149f31c2@group-DEFFDE7C9D9F-FollowerState
2023-12-01 12:04:14,533 [6dc608fe-50aa-407f-b4f0-db1c149f31c2-groupManagement] INFO  util.JmxRegister (JmxRegister.java:tryRegister(44)) - Successfully registered JMX Bean with object name Ratis:service=RaftServer,group=group-DEFFDE7C9D9F,id=6dc608fe-50aa-407f-b4f0-db1c149f31c2
2023-12-01 12:04:14,533 [6dc608fe-50aa-407f-b4f0-db1c149f31c2-groupManagement] INFO  server.RaftServerConfigKeys (ConfUtils.java:logGet(46)) - raft.server.snapshot.trigger-when-stop.enabled = true (default)
2023-12-01 12:04:14,535 [6dc608fe-50aa-407f-b4f0-db1c149f31c2-groupManagement] INFO  server.RaftServerConfigKeys (ConfUtils.java:logGet(46)) - raft.server.snapshot.auto.trigger.enabled = true (custom)
2023-12-01 12:04:14,535 [6dc608fe-50aa-407f-b4f0-db1c149f31c2-groupManagement] INFO  server.RaftServerConfigKeys (ConfUtils.java:logGet(46)) - raft.server.snapshot.auto.trigger.threshold = 10000 (custom)
2023-12-01 12:04:14,535 [6dc608fe-50aa-407f-b4f0-db1c149f31c2-groupManagement] INFO  server.RaftServerConfigKeys (ConfUtils.java:logGet(46)) - raft.server.snapshot.retention.file.num = 5 (custom)
2023-12-01 12:04:14,535 [6dc608fe-50aa-407f-b4f0-db1c149f31c2-groupManagement] INFO  server.RaftServerConfigKeys (ConfUtils.java:logGet(46)) - raft.server.log.purge.upto.snapshot.index = false (default)
2023-12-01 12:04:14,535 [EventQueue-OpenPipelineForHealthyPipelineSafeModeRule] INFO  safemode.SCMSafeModeManager (HealthyPipelineSafeModeRule.java:process(137)) - SCM in safe mode. Healthy pipelines reported count is 0, required healthy pipeline reported count is 1
2023-12-01 12:04:14,537 [6dc608fe-50aa-407f-b4f0-db1c149f31c2-groupManagement] INFO  server.RaftServerConfigKeys (ConfUtils.java:logGet(46)) - raft.server.storage.free-space.min = 0MB (=0) (default)
2023-12-01 12:04:14,547 [6dc608fe-50aa-407f-b4f0-db1c149f31c2@group-DEFFDE7C9D9F-FollowerState] INFO  server.RaftServerConfigKeys (ConfUtils.java:logFallback(53)) - raft.server.rpc.first-election.timeout.min = 5s (fallback to raft.server.rpc.timeout.min)
2023-12-01 12:04:14,549 [6dc608fe-50aa-407f-b4f0-db1c149f31c2@group-DEFFDE7C9D9F-FollowerState] INFO  server.RaftServerConfigKeys (ConfUtils.java:logFallback(53)) - raft.server.rpc.first-election.timeout.max = 5200ms (fallback to raft.server.rpc.timeout.max)
2023-12-01 12:04:14,547 [6dc608fe-50aa-407f-b4f0-db1c149f31c2-groupManagement] INFO  server.RaftServerConfigKeys (ConfUtils.java:logGet(46)) - raft.server.log.corruption.policy = EXCEPTION (default)
2023-12-01 12:04:14,549 [6dc608fe-50aa-407f-b4f0-db1c149f31c2-groupManagement] INFO  server.RaftServerConfigKeys (ConfUtils.java:logGet(46)) - raft.server.storage.dir = [/home/runner/work/ozone/ozone/hadoop-ozone/integration-test/target/test-dir/MiniOzoneClusterImpl-d99da5cf-54e3-4304-baea-1cefc2b4c4dc/datanode-5/data/ratis] (custom)
2023-12-01 12:04:14,549 [6dc608fe-50aa-407f-b4f0-db1c149f31c2-groupManagement] INFO  storage.RaftStorageDirectory (RaftStorageDirectoryImpl.java:analyzeStorage(138)) - The storage directory /home/runner/work/ozone/ozone/hadoop-ozone/integration-test/target/test-dir/MiniOzoneClusterImpl-d99da5cf-54e3-4304-baea-1cefc2b4c4dc/datanode-5/data/ratis/45f2c43b-d253-4e78-85ad-ceb7bf5298ca does not exist. Creating ...
2023-12-01 12:04:14,551 [6dc608fe-50aa-407f-b4f0-db1c149f31c2-groupManagement] INFO  storage.RaftStorageDirectory (RaftStorageDirectoryImpl.java:tryLock(232)) - Lock on /home/runner/work/ozone/ozone/hadoop-ozone/integration-test/target/test-dir/MiniOzoneClusterImpl-d99da5cf-54e3-4304-baea-1cefc2b4c4dc/datanode-5/data/ratis/45f2c43b-d253-4e78-85ad-ceb7bf5298ca/in_use.lock acquired by nodename 15370@fv-az1423-675
2023-12-01 12:04:14,553 [6dc608fe-50aa-407f-b4f0-db1c149f31c2-groupManagement] INFO  storage.RaftStorage (RaftStorageImpl.java:format(97)) - Storage directory /home/runner/work/ozone/ozone/hadoop-ozone/integration-test/target/test-dir/MiniOzoneClusterImpl-d99da5cf-54e3-4304-baea-1cefc2b4c4dc/datanode-5/data/ratis/45f2c43b-d253-4e78-85ad-ceb7bf5298ca has been successfully formatted.
2023-12-01 12:04:14,554 [6dc608fe-50aa-407f-b4f0-db1c149f31c2-groupManagement] INFO  ratis.ContainerStateMachine (ContainerStateMachine.java:loadSnapshot(269)) - group-CEB7BF5298CA: The snapshot info is null. Setting the last applied indexto:(t:0, i:~)
2023-12-01 12:04:14,554 [6dc608fe-50aa-407f-b4f0-db1c149f31c2-groupManagement] INFO  server.RaftServerConfigKeys (ConfUtils.java:logGet(46)) - raft.server.log.use.memory = false (default)
2023-12-01 12:04:14,554 [6dc608fe-50aa-407f-b4f0-db1c149f31c2-groupManagement] INFO  server.RaftServerConfigKeys (ConfUtils.java:logGet(46)) - raft.server.log.purge.gap = 1000000 (custom)
2023-12-01 12:04:14,554 [6dc608fe-50aa-407f-b4f0-db1c149f31c2-groupManagement] INFO  server.RaftServerConfigKeys (ConfUtils.java:logGet(46)) - raft.server.log.appender.buffer.byte-limit = 33554432 (custom)
2023-12-01 12:04:14,554 [6dc608fe-50aa-407f-b4f0-db1c149f31c2-groupManagement] INFO  server.RaftServerConfigKeys (ConfUtils.java:logGet(46)) - raft.server.log.statemachine.data.read.timeout = 1000ms (default)
2023-12-01 12:04:14,554 [6dc608fe-50aa-407f-b4f0-db1c149f31c2-groupManagement] INFO  server.RaftServerConfigKeys (ConfUtils.java:logGet(46)) - raft.server.log.purge.preservation.log.num = 0 (default)
2023-12-01 12:04:14,557 [6dc608fe-50aa-407f-b4f0-db1c149f31c2-groupManagement] INFO  server.RaftServerConfigKeys (ConfUtils.java:logGet(46)) - raft.server.log.segment.size.max = 67108864 (custom)
2023-12-01 12:04:14,557 [6dc608fe-50aa-407f-b4f0-db1c149f31c2-groupManagement] INFO  server.RaftServerConfigKeys (ConfUtils.java:logGet(46)) - raft.server.log.segment.cache.num.max = 2 (custom)
2023-12-01 12:04:14,558 [6dc608fe-50aa-407f-b4f0-db1c149f31c2-groupManagement] INFO  server.RaftServerConfigKeys (ConfUtils.java:logGet(46)) - raft.server.log.segment.cache.size.max = 200MB (=209715200) (default)
2023-12-01 12:04:14,558 [6dc608fe-50aa-407f-b4f0-db1c149f31c2-groupManagement] INFO  server.RaftServerConfigKeys (ConfUtils.java:logGet(46)) - raft.server.log.appender.buffer.byte-limit = 33554432 (custom)
2023-12-01 12:04:14,560 [6dc608fe-50aa-407f-b4f0-db1c149f31c2-groupManagement] INFO  util.AwaitToRun (AwaitToRun.java:start(81)) - Thread[6dc608fe-50aa-407f-b4f0-db1c149f31c2@group-CEB7BF5298CA-cacheEviction-AwaitToRun,5,main] started
2023-12-01 12:04:14,560 [6dc608fe-50aa-407f-b4f0-db1c149f31c2-groupManagement] INFO  segmented.SegmentedRaftLogWorker (SegmentedRaftLogWorker.java:<init>(184)) - new 6dc608fe-50aa-407f-b4f0-db1c149f31c2@group-CEB7BF5298CA-SegmentedRaftLogWorker for RaftStorageImpl:Storage Directory /home/runner/work/ozone/ozone/hadoop-ozone/integration-test/target/test-dir/MiniOzoneClusterImpl-d99da5cf-54e3-4304-baea-1cefc2b4c4dc/datanode-5/data/ratis/45f2c43b-d253-4e78-85ad-ceb7bf5298ca
2023-12-01 12:04:14,561 [6dc608fe-50aa-407f-b4f0-db1c149f31c2-groupManagement] INFO  server.RaftServerConfigKeys (ConfUtils.java:logGet(46)) - raft.server.log.queue.byte-limit = 4294967296 (custom)
2023-12-01 12:04:14,561 [6dc608fe-50aa-407f-b4f0-db1c149f31c2-groupManagement] INFO  server.RaftServerConfigKeys (ConfUtils.java:logGet(46)) - raft.server.log.queue.element-limit = 1024 (custom)
2023-12-01 12:04:14,561 [6dc608fe-50aa-407f-b4f0-db1c149f31c2-groupManagement] INFO  server.RaftServerConfigKeys (ConfUtils.java:logGet(46)) - raft.server.log.segment.size.max = 67108864 (custom)
2023-12-01 12:04:14,561 [6dc608fe-50aa-407f-b4f0-db1c149f31c2-groupManagement] INFO  server.RaftServerConfigKeys (ConfUtils.java:logGet(46)) - raft.server.log.preallocated.size = 4194304 (custom)
2023-12-01 12:04:14,561 [6dc608fe-50aa-407f-b4f0-db1c149f31c2-groupManagement] INFO  server.RaftServerConfigKeys (ConfUtils.java:logGet(46)) - raft.server.log.force.sync.num = 128 (default)
2023-12-01 12:04:14,561 [6dc608fe-50aa-407f-b4f0-db1c149f31c2-groupManagement] INFO  server.RaftServerConfigKeys (ConfUtils.java:logGet(46)) - raft.server.log.statemachine.data.sync = true (default)
2023-12-01 12:04:14,561 [6dc608fe-50aa-407f-b4f0-db1c149f31c2-groupManagement] INFO  server.RaftServerConfigKeys (ConfUtils.java:logGet(46)) - raft.server.log.statemachine.data.sync.timeout = 10s (default)
2023-12-01 12:04:14,561 [6dc608fe-50aa-407f-b4f0-db1c149f31c2-groupManagement] INFO  server.RaftServerConfigKeys (ConfUtils.java:logGet(46)) - raft.server.log.statemachine.data.sync.timeout.retry = -1 (default)
2023-12-01 12:04:14,561 [6dc608fe-50aa-407f-b4f0-db1c149f31c2-groupManagement] INFO  server.RaftServerConfigKeys (ConfUtils.java:logGet(46)) - raft.server.log.write.buffer.size = 2097152 (custom)
2023-12-01 12:04:14,562 [6dc608fe-50aa-407f-b4f0-db1c149f31c2-groupManagement] INFO  server.RaftServerConfigKeys (ConfUtils.java:logGet(46)) - raft.server.log.appender.buffer.byte-limit = 33554432 (custom)
2023-12-01 12:04:14,563 [6dc608fe-50aa-407f-b4f0-db1c149f31c2-groupManagement] INFO  server.RaftServerConfigKeys (ConfUtils.java:logGet(46)) - raft.server.log.unsafe-flush.enabled = false (default)
2023-12-01 12:04:14,568 [6dc608fe-50aa-407f-b4f0-db1c149f31c2-groupManagement] INFO  server.RaftServerConfigKeys (ConfUtils.java:logGet(46)) - raft.server.log.async-flush.enabled = false (default)
2023-12-01 12:04:14,568 [6dc608fe-50aa-407f-b4f0-db1c149f31c2-groupManagement] INFO  server.RaftServerConfigKeys (ConfUtils.java:logGet(46)) - raft.server.log.statemachine.data.caching.enabled = true (custom)
2023-12-01 12:04:14,569 [6dc608fe-50aa-407f-b4f0-db1c149f31c2-groupManagement] INFO  segmented.SegmentedRaftLogWorker (SegmentedRaftLogWorker.java:lambda$new$0(135)) - 6dc608fe-50aa-407f-b4f0-db1c149f31c2@group-CEB7BF5298CA-SegmentedRaftLogWorker: flushIndex: setUnconditionally 0 -> -1
2023-12-01 12:04:14,569 [6dc608fe-50aa-407f-b4f0-db1c149f31c2-groupManagement] INFO  segmented.SegmentedRaftLogWorker (SegmentedRaftLogWorker.java:lambda$new$0(135)) - 6dc608fe-50aa-407f-b4f0-db1c149f31c2@group-CEB7BF5298CA-SegmentedRaftLogWorker: safeCacheEvictIndex: setUnconditionally 0 -> -1
2023-12-01 12:04:14,569 [6dc608fe-50aa-407f-b4f0-db1c149f31c2-groupManagement] INFO  server.RaftServer$Division (RaftServerImpl.java:start(392)) - 6dc608fe-50aa-407f-b4f0-db1c149f31c2@group-CEB7BF5298CA: start as a follower, conf=-1: peers:[a78ad617-b5b5-46fb-9003-310abdef56ad|10.1.0.24:15041, 6dc608fe-50aa-407f-b4f0-db1c149f31c2|10.1.0.24:15059, 9e3b9079-4dd1-4962-964a-dfdeb60592bf|10.1.0.24:15050]|listeners:[], old=null
2023-12-01 12:04:14,569 [6dc608fe-50aa-407f-b4f0-db1c149f31c2-groupManagement] INFO  server.RaftServer$Division (RaftServerImpl.java:setRole(379)) - 6dc608fe-50aa-407f-b4f0-db1c149f31c2@group-CEB7BF5298CA: changes role from      null to FOLLOWER at term 0 for startAsFollower
2023-12-01 12:04:14,569 [6dc608fe-50aa-407f-b4f0-db1c149f31c2-groupManagement] INFO  impl.RoleInfo (RoleInfo.java:updateAndGet(139)) - 6dc608fe-50aa-407f-b4f0-db1c149f31c2: start 6dc608fe-50aa-407f-b4f0-db1c149f31c2@group-CEB7BF5298CA-FollowerState
2023-12-01 12:04:14,568 [a78ad617-b5b5-46fb-9003-310abdef56ad-PipelineCommandHandlerThread-0] INFO  commandhandler.CreatePipelineCommandHandler (CreatePipelineCommandHandler.java:lambda$handle$2(124)) - Created Pipeline RATIS THREE PipelineID=2b4dd9e6-4792-4511-8b8f-deffde7c9d9f.
2023-12-01 12:04:14,572 [grpc-default-executor-2] INFO  server.RaftServer (RaftServerProxy.java:addNew(100)) - a78ad617-b5b5-46fb-9003-310abdef56ad: addNew group-CEB7BF5298CA:[a78ad617-b5b5-46fb-9003-310abdef56ad|10.1.0.24:15041, 6dc608fe-50aa-407f-b4f0-db1c149f31c2|10.1.0.24:15059, 9e3b9079-4dd1-4962-964a-dfdeb60592bf|10.1.0.24:15050] returns group-CEB7BF5298CA:java.util.concurrent.CompletableFuture@3270512d[Not completed]
2023-12-01 12:04:14,576 [EventQueue-OpenPipelineForHealthyPipelineSafeModeRule] INFO  safemode.SCMSafeModeManager (HealthyPipelineSafeModeRule.java:process(137)) - SCM in safe mode. Healthy pipelines reported count is 0, required healthy pipeline reported count is 1
2023-12-01 12:04:14,576 [a78ad617-b5b5-46fb-9003-310abdef56ad-groupManagement] INFO  server.RaftServer$Division (RaftServerImpl.java:<init>(256)) - a78ad617-b5b5-46fb-9003-310abdef56ad: new RaftServerImpl for group-CEB7BF5298CA:[a78ad617-b5b5-46fb-9003-310abdef56ad|10.1.0.24:15041, 6dc608fe-50aa-407f-b4f0-db1c149f31c2|10.1.0.24:15059, 9e3b9079-4dd1-4962-964a-dfdeb60592bf|10.1.0.24:15050] with ContainerStateMachine:uninitialized
2023-12-01 12:04:14,576 [a78ad617-b5b5-46fb-9003-310abdef56ad-groupManagement] INFO  server.RaftServerConfigKeys (ConfUtils.java:logGet(46)) - raft.server.rpc.timeout.min = 5s (custom)
2023-12-01 12:04:14,576 [a78ad617-b5b5-46fb-9003-310abdef56ad-groupManagement] INFO  server.RaftServerConfigKeys (ConfUtils.java:logGet(46)) - raft.server.rpc.timeout.max = 5200ms (custom)
2023-12-01 12:04:14,576 [a78ad617-b5b5-46fb-9003-310abdef56ad-groupManagement] INFO  server.RaftServerConfigKeys (ConfUtils.java:logGet(46)) - raft.server.rpc.sleep.time = 25ms (default)
2023-12-01 12:04:14,577 [6dc608fe-50aa-407f-b4f0-db1c149f31c2-groupManagement] INFO  util.JmxRegister (JmxRegister.java:tryRegister(44)) - Successfully registered JMX Bean with object name Ratis:service=RaftServer,group=group-CEB7BF5298CA,id=6dc608fe-50aa-407f-b4f0-db1c149f31c2
2023-12-01 12:04:14,577 [a78ad617-b5b5-46fb-9003-310abdef56ad-groupManagement] INFO  server.RaftServerConfigKeys (ConfUtils.java:logGet(46)) - raft.server.rpc.slowness.timeout = 300s (custom)
2023-12-01 12:04:14,577 [6dc608fe-50aa-407f-b4f0-db1c149f31c2-groupManagement] INFO  server.RaftServerConfigKeys (ConfUtils.java:logGet(46)) - raft.server.snapshot.trigger-when-stop.enabled = true (default)
2023-12-01 12:04:14,577 [a78ad617-b5b5-46fb-9003-310abdef56ad-groupManagement] INFO  server.RaftServerConfigKeys (ConfUtils.java:logGet(46)) - raft.server.leaderelection.leader.step-down.wait-time = 10s (default)
2023-12-01 12:04:14,577 [6dc608fe-50aa-407f-b4f0-db1c149f31c2-groupManagement] INFO  server.RaftServerConfigKeys (ConfUtils.java:logGet(46)) - raft.server.snapshot.auto.trigger.enabled = true (custom)
2023-12-01 12:04:14,577 [a78ad617-b5b5-46fb-9003-310abdef56ad-groupManagement] INFO  server.RaftServerConfigKeys (ConfUtils.java:logGet(46)) - raft.server.leaderelection.member.majority-add = false (default)
2023-12-01 12:04:14,577 [6dc608fe-50aa-407f-b4f0-db1c149f31c2-groupManagement] INFO  server.RaftServerConfigKeys (ConfUtils.java:logGet(46)) - raft.server.snapshot.auto.trigger.threshold = 10000 (custom)
2023-12-01 12:04:14,577 [a78ad617-b5b5-46fb-9003-310abdef56ad-groupManagement] INFO  server.RaftServerConfigKeys (ConfUtils.java:logGet(46)) - raft.server.sleep.deviation.threshold = 300ms (default)
2023-12-01 12:04:14,577 [6dc608fe-50aa-407f-b4f0-db1c149f31c2-groupManagement] INFO  server.RaftServerConfigKeys (ConfUtils.java:logGet(46)) - raft.server.snapshot.retention.file.num = 5 (custom)
2023-12-01 12:04:14,578 [6dc608fe-50aa-407f-b4f0-db1c149f31c2-groupManagement] INFO  server.RaftServerConfigKeys (ConfUtils.java:logGet(46)) - raft.server.log.purge.upto.snapshot.index = false (default)
2023-12-01 12:04:14,578 [a78ad617-b5b5-46fb-9003-310abdef56ad-groupManagement] INFO  server.RaftServer$Division (ServerState.java:<init>(113)) - a78ad617-b5b5-46fb-9003-310abdef56ad@group-CEB7BF5298CA: ConfigurationManager, init=-1: peers:[a78ad617-b5b5-46fb-9003-310abdef56ad|10.1.0.24:15041, 6dc608fe-50aa-407f-b4f0-db1c149f31c2|10.1.0.24:15059, 9e3b9079-4dd1-4962-964a-dfdeb60592bf|10.1.0.24:15050]|listeners:[], old=null, confs=<EMPTY_MAP>
2023-12-01 12:04:14,578 [a78ad617-b5b5-46fb-9003-310abdef56ad-groupManagement] INFO  server.RaftServerConfigKeys (ConfUtils.java:logGet(46)) - raft.server.notification.no-leader.timeout = 300s (custom)
2023-12-01 12:04:14,578 [a78ad617-b5b5-46fb-9003-310abdef56ad-groupManagement] INFO  server.RaftServerConfigKeys (ConfUtils.java:logGet(46)) - raft.server.read.timeout = 10s (default)
2023-12-01 12:04:14,578 [a78ad617-b5b5-46fb-9003-310abdef56ad-groupManagement] INFO  server.RaftServerConfigKeys (ConfUtils.java:logGet(46)) - raft.server.retrycache.expirytime = 600000ms (custom)
2023-12-01 12:04:14,578 [a78ad617-b5b5-46fb-9003-310abdef56ad-groupManagement] INFO  server.RaftServerConfigKeys (ConfUtils.java:logGet(46)) - raft.server.retrycache.statistics.expirytime = 100ms (default)
2023-12-01 12:04:14,578 [a78ad617-b5b5-46fb-9003-310abdef56ad-groupManagement] INFO  server.RaftServerConfigKeys (ConfUtils.java:logGet(46)) - raft.server.read.option = DEFAULT (default)
2023-12-01 12:04:14,578 [a78ad617-b5b5-46fb-9003-310abdef56ad-groupManagement] INFO  server.RaftServerConfigKeys (ConfUtils.java:logGet(46)) - raft.server.read.read-after-write-consistent.write-index-cache.expiry-time = 60s (default)
2023-12-01 12:04:14,587 [6dc608fe-50aa-407f-b4f0-db1c149f31c2@group-CEB7BF5298CA-FollowerState] INFO  server.RaftServerConfigKeys (ConfUtils.java:logFallback(53)) - raft.server.rpc.first-election.timeout.min = 5s (fallback to raft.server.rpc.timeout.min)
2023-12-01 12:04:14,588 [6dc608fe-50aa-407f-b4f0-db1c149f31c2@group-CEB7BF5298CA-FollowerState] INFO  server.RaftServerConfigKeys (ConfUtils.java:logFallback(53)) - raft.server.rpc.first-election.timeout.max = 5200ms (fallback to raft.server.rpc.timeout.max)
2023-12-01 12:04:14,588 [a78ad617-b5b5-46fb-9003-310abdef56ad-groupManagement] INFO  server.RaftServerConfigKeys (ConfUtils.java:logGet(46)) - raft.server.rpc.request.timeout = 60s (custom)
2023-12-01 12:04:14,588 [a78ad617-b5b5-46fb-9003-310abdef56ad-groupManagement] INFO  server.RaftServerConfigKeys (ConfUtils.java:logGet(46)) - raft.server.log.appender.install.snapshot.enabled = false (custom)
2023-12-01 12:04:14,588 [a78ad617-b5b5-46fb-9003-310abdef56ad-groupManagement] INFO  server.RaftServerConfigKeys (ConfUtils.java:logGet(46)) - raft.server.threadpool.server.cached = true (default)
2023-12-01 12:04:14,588 [a78ad617-b5b5-46fb-9003-310abdef56ad-groupManagement] INFO  server.RaftServerConfigKeys (ConfUtils.java:logGet(46)) - raft.server.threadpool.server.size = 0 (default)
2023-12-01 12:04:14,589 [a78ad617-b5b5-46fb-9003-310abdef56ad-groupManagement] INFO  server.RaftServerConfigKeys (ConfUtils.java:logGet(46)) - raft.server.threadpool.client.cached = true (default)
2023-12-01 12:04:14,589 [a78ad617-b5b5-46fb-9003-310abdef56ad-groupManagement] INFO  server.RaftServerConfigKeys (ConfUtils.java:logGet(46)) - raft.server.threadpool.client.size = 0 (default)
2023-12-01 12:04:14,589 [a78ad617-b5b5-46fb-9003-310abdef56ad-groupManagement] INFO  server.RaftServerConfigKeys (ConfUtils.java:logGet(46)) - raft.server.storage.free-space.min = 0MB (=0) (default)
2023-12-01 12:04:14,589 [a78ad617-b5b5-46fb-9003-310abdef56ad-groupManagement] INFO  server.RaftServerConfigKeys (ConfUtils.java:logGet(46)) - raft.server.log.corruption.policy = EXCEPTION (default)
2023-12-01 12:04:14,589 [a78ad617-b5b5-46fb-9003-310abdef56ad-groupManagement] INFO  server.RaftServerConfigKeys (ConfUtils.java:logGet(46)) - raft.server.storage.dir = [/home/runner/work/ozone/ozone/hadoop-ozone/integration-test/target/test-dir/MiniOzoneClusterImpl-d99da5cf-54e3-4304-baea-1cefc2b4c4dc/datanode-3/data/ratis] (custom)
2023-12-01 12:04:14,589 [a78ad617-b5b5-46fb-9003-310abdef56ad-groupManagement] INFO  storage.RaftStorageDirectory (RaftStorageDirectoryImpl.java:analyzeStorage(138)) - The storage directory /home/runner/work/ozone/ozone/hadoop-ozone/integration-test/target/test-dir/MiniOzoneClusterImpl-d99da5cf-54e3-4304-baea-1cefc2b4c4dc/datanode-3/data/ratis/45f2c43b-d253-4e78-85ad-ceb7bf5298ca does not exist. Creating ...
2023-12-01 12:04:14,596 [a78ad617-b5b5-46fb-9003-310abdef56ad-groupManagement] INFO  storage.RaftStorageDirectory (RaftStorageDirectoryImpl.java:tryLock(232)) - Lock on /home/runner/work/ozone/ozone/hadoop-ozone/integration-test/target/test-dir/MiniOzoneClusterImpl-d99da5cf-54e3-4304-baea-1cefc2b4c4dc/datanode-3/data/ratis/45f2c43b-d253-4e78-85ad-ceb7bf5298ca/in_use.lock acquired by nodename 15370@fv-az1423-675
2023-12-01 12:04:14,598 [6dc608fe-50aa-407f-b4f0-db1c149f31c2-PipelineCommandHandlerThread-0] INFO  ratis.XceiverServerRatis (XceiverServerRatis.java:addGroup(814)) - Created group PipelineID=45f2c43b-d253-4e78-85ad-ceb7bf5298ca
2023-12-01 12:04:14,600 [a78ad617-b5b5-46fb-9003-310abdef56ad-groupManagement] INFO  storage.RaftStorage (RaftStorageImpl.java:format(97)) - Storage directory /home/runner/work/ozone/ozone/hadoop-ozone/integration-test/target/test-dir/MiniOzoneClusterImpl-d99da5cf-54e3-4304-baea-1cefc2b4c4dc/datanode-3/data/ratis/45f2c43b-d253-4e78-85ad-ceb7bf5298ca has been successfully formatted.
2023-12-01 12:04:14,601 [a78ad617-b5b5-46fb-9003-310abdef56ad-groupManagement] INFO  ratis.ContainerStateMachine (ContainerStateMachine.java:loadSnapshot(269)) - group-CEB7BF5298CA: The snapshot info is null. Setting the last applied indexto:(t:0, i:~)
2023-12-01 12:04:14,602 [a78ad617-b5b5-46fb-9003-310abdef56ad-groupManagement] INFO  server.RaftServerConfigKeys (ConfUtils.java:logGet(46)) - raft.server.log.use.memory = false (default)
2023-12-01 12:04:14,602 [a78ad617-b5b5-46fb-9003-310abdef56ad-groupManagement] INFO  server.RaftServerConfigKeys (ConfUtils.java:logGet(46)) - raft.server.log.purge.gap = 1000000 (custom)
2023-12-01 12:04:14,603 [a78ad617-b5b5-46fb-9003-310abdef56ad-groupManagement] INFO  server.RaftServerConfigKeys (ConfUtils.java:logGet(46)) - raft.server.log.appender.buffer.byte-limit = 33554432 (custom)
2023-12-01 12:04:14,603 [a78ad617-b5b5-46fb-9003-310abdef56ad-groupManagement] INFO  server.RaftServerConfigKeys (ConfUtils.java:logGet(46)) - raft.server.log.statemachine.data.read.timeout = 1000ms (default)
2023-12-01 12:04:14,603 [a78ad617-b5b5-46fb-9003-310abdef56ad-groupManagement] INFO  server.RaftServerConfigKeys (ConfUtils.java:logGet(46)) - raft.server.log.purge.preservation.log.num = 0 (default)
2023-12-01 12:04:14,606 [a78ad617-b5b5-46fb-9003-310abdef56ad-groupManagement] INFO  server.RaftServerConfigKeys (ConfUtils.java:logGet(46)) - raft.server.log.segment.size.max = 67108864 (custom)
2023-12-01 12:04:14,607 [a78ad617-b5b5-46fb-9003-310abdef56ad-groupManagement] INFO  server.RaftServerConfigKeys (ConfUtils.java:logGet(46)) - raft.server.log.segment.cache.num.max = 2 (custom)
2023-12-01 12:04:14,607 [a78ad617-b5b5-46fb-9003-310abdef56ad-groupManagement] INFO  server.RaftServerConfigKeys (ConfUtils.java:logGet(46)) - raft.server.log.segment.cache.size.max = 200MB (=209715200) (default)
2023-12-01 12:04:14,607 [a78ad617-b5b5-46fb-9003-310abdef56ad-groupManagement] INFO  server.RaftServerConfigKeys (ConfUtils.java:logGet(46)) - raft.server.log.appender.buffer.byte-limit = 33554432 (custom)
2023-12-01 12:04:14,614 [EventQueue-OpenPipelineForHealthyPipelineSafeModeRule] INFO  safemode.SCMSafeModeManager (HealthyPipelineSafeModeRule.java:process(137)) - SCM in safe mode. Healthy pipelines reported count is 0, required healthy pipeline reported count is 1
2023-12-01 12:04:14,614 [144aaeee-fb04-48fb-9b63-1a6b7587bad5-PipelineCommandHandlerThread-0] INFO  commandhandler.CreatePipelineCommandHandler (CreatePipelineCommandHandler.java:lambda$handle$2(124)) - Created Pipeline RATIS THREE PipelineID=49a703d6-59fd-410f-b41d-18c264c89aae.
2023-12-01 12:04:14,619 [a78ad617-b5b5-46fb-9003-310abdef56ad-groupManagement] INFO  util.AwaitToRun (AwaitToRun.java:start(81)) - Thread[a78ad617-b5b5-46fb-9003-310abdef56ad@group-CEB7BF5298CA-cacheEviction-AwaitToRun,5,main] started
2023-12-01 12:04:14,620 [a78ad617-b5b5-46fb-9003-310abdef56ad-groupManagement] INFO  segmented.SegmentedRaftLogWorker (SegmentedRaftLogWorker.java:<init>(184)) - new a78ad617-b5b5-46fb-9003-310abdef56ad@group-CEB7BF5298CA-SegmentedRaftLogWorker for RaftStorageImpl:Storage Directory /home/runner/work/ozone/ozone/hadoop-ozone/integration-test/target/test-dir/MiniOzoneClusterImpl-d99da5cf-54e3-4304-baea-1cefc2b4c4dc/datanode-3/data/ratis/45f2c43b-d253-4e78-85ad-ceb7bf5298ca
2023-12-01 12:04:14,620 [a78ad617-b5b5-46fb-9003-310abdef56ad-groupManagement] INFO  server.RaftServerConfigKeys (ConfUtils.java:logGet(46)) - raft.server.log.queue.byte-limit = 4294967296 (custom)
2023-12-01 12:04:14,620 [a78ad617-b5b5-46fb-9003-310abdef56ad-groupManagement] INFO  server.RaftServerConfigKeys (ConfUtils.java:logGet(46)) - raft.server.log.queue.element-limit = 1024 (custom)
2023-12-01 12:04:14,620 [a78ad617-b5b5-46fb-9003-310abdef56ad-groupManagement] INFO  server.RaftServerConfigKeys (ConfUtils.java:logGet(46)) - raft.server.log.segment.size.max = 67108864 (custom)
2023-12-01 12:04:14,620 [a78ad617-b5b5-46fb-9003-310abdef56ad-groupManagement] INFO  server.RaftServerConfigKeys (ConfUtils.java:logGet(46)) - raft.server.log.preallocated.size = 4194304 (custom)
2023-12-01 12:04:14,620 [a78ad617-b5b5-46fb-9003-310abdef56ad-groupManagement] INFO  server.RaftServerConfigKeys (ConfUtils.java:logGet(46)) - raft.server.log.force.sync.num = 128 (default)
2023-12-01 12:04:14,620 [a78ad617-b5b5-46fb-9003-310abdef56ad-groupManagement] INFO  server.RaftServerConfigKeys (ConfUtils.java:logGet(46)) - raft.server.log.statemachine.data.sync = true (default)
2023-12-01 12:04:14,620 [a78ad617-b5b5-46fb-9003-310abdef56ad-groupManagement] INFO  server.RaftServerConfigKeys (ConfUtils.java:logGet(46)) - raft.server.log.statemachine.data.sync.timeout = 10s (default)
2023-12-01 12:04:14,620 [a78ad617-b5b5-46fb-9003-310abdef56ad-groupManagement] INFO  server.RaftServerConfigKeys (ConfUtils.java:logGet(46)) - raft.server.log.statemachine.data.sync.timeout.retry = -1 (default)
2023-12-01 12:04:14,621 [a78ad617-b5b5-46fb-9003-310abdef56ad-groupManagement] INFO  server.RaftServerConfigKeys (ConfUtils.java:logGet(46)) - raft.server.log.write.buffer.size = 2097152 (custom)
2023-12-01 12:04:14,622 [a78ad617-b5b5-46fb-9003-310abdef56ad-groupManagement] INFO  server.RaftServerConfigKeys (ConfUtils.java:logGet(46)) - raft.server.log.appender.buffer.byte-limit = 33554432 (custom)
2023-12-01 12:04:14,622 [a78ad617-b5b5-46fb-9003-310abdef56ad-groupManagement] INFO  server.RaftServerConfigKeys (ConfUtils.java:logGet(46)) - raft.server.log.unsafe-flush.enabled = false (default)
2023-12-01 12:04:14,622 [a78ad617-b5b5-46fb-9003-310abdef56ad-groupManagement] INFO  server.RaftServerConfigKeys (ConfUtils.java:logGet(46)) - raft.server.log.async-flush.enabled = false (default)
2023-12-01 12:04:14,622 [a78ad617-b5b5-46fb-9003-310abdef56ad-groupManagement] INFO  server.RaftServerConfigKeys (ConfUtils.java:logGet(46)) - raft.server.log.statemachine.data.caching.enabled = true (custom)
2023-12-01 12:04:14,623 [a78ad617-b5b5-46fb-9003-310abdef56ad-groupManagement] INFO  segmented.SegmentedRaftLogWorker (SegmentedRaftLogWorker.java:lambda$new$0(135)) - a78ad617-b5b5-46fb-9003-310abdef56ad@group-CEB7BF5298CA-SegmentedRaftLogWorker: flushIndex: setUnconditionally 0 -> -1
2023-12-01 12:04:14,623 [a78ad617-b5b5-46fb-9003-310abdef56ad-groupManagement] INFO  segmented.SegmentedRaftLogWorker (SegmentedRaftLogWorker.java:lambda$new$0(135)) - a78ad617-b5b5-46fb-9003-310abdef56ad@group-CEB7BF5298CA-SegmentedRaftLogWorker: safeCacheEvictIndex: setUnconditionally 0 -> -1
2023-12-01 12:04:14,623 [a78ad617-b5b5-46fb-9003-310abdef56ad-groupManagement] INFO  server.RaftServer$Division (RaftServerImpl.java:start(392)) - a78ad617-b5b5-46fb-9003-310abdef56ad@group-CEB7BF5298CA: start as a follower, conf=-1: peers:[a78ad617-b5b5-46fb-9003-310abdef56ad|10.1.0.24:15041, 6dc608fe-50aa-407f-b4f0-db1c149f31c2|10.1.0.24:15059, 9e3b9079-4dd1-4962-964a-dfdeb60592bf|10.1.0.24:15050]|listeners:[], old=null
2023-12-01 12:04:14,623 [a78ad617-b5b5-46fb-9003-310abdef56ad-groupManagement] INFO  server.RaftServer$Division (RaftServerImpl.java:setRole(379)) - a78ad617-b5b5-46fb-9003-310abdef56ad@group-CEB7BF5298CA: changes role from      null to FOLLOWER at term 0 for startAsFollower
2023-12-01 12:04:14,623 [a78ad617-b5b5-46fb-9003-310abdef56ad-groupManagement] INFO  impl.RoleInfo (RoleInfo.java:updateAndGet(139)) - a78ad617-b5b5-46fb-9003-310abdef56ad: start a78ad617-b5b5-46fb-9003-310abdef56ad@group-CEB7BF5298CA-FollowerState
2023-12-01 12:04:14,623 [a78ad617-b5b5-46fb-9003-310abdef56ad-groupManagement] INFO  util.JmxRegister (JmxRegister.java:tryRegister(44)) - Successfully registered JMX Bean with object name Ratis:service=RaftServer,group=group-CEB7BF5298CA,id=a78ad617-b5b5-46fb-9003-310abdef56ad
2023-12-01 12:04:14,623 [a78ad617-b5b5-46fb-9003-310abdef56ad-groupManagement] INFO  server.RaftServerConfigKeys (ConfUtils.java:logGet(46)) - raft.server.snapshot.trigger-when-stop.enabled = true (default)
2023-12-01 12:04:14,623 [a78ad617-b5b5-46fb-9003-310abdef56ad-groupManagement] INFO  server.RaftServerConfigKeys (ConfUtils.java:logGet(46)) - raft.server.snapshot.auto.trigger.enabled = true (custom)
2023-12-01 12:04:14,624 [a78ad617-b5b5-46fb-9003-310abdef56ad-groupManagement] INFO  server.RaftServerConfigKeys (ConfUtils.java:logGet(46)) - raft.server.snapshot.auto.trigger.threshold = 10000 (custom)
2023-12-01 12:04:14,624 [a78ad617-b5b5-46fb-9003-310abdef56ad-groupManagement] INFO  server.RaftServerConfigKeys (ConfUtils.java:logGet(46)) - raft.server.snapshot.retention.file.num = 5 (custom)
2023-12-01 12:04:14,624 [a78ad617-b5b5-46fb-9003-310abdef56ad-groupManagement] INFO  server.RaftServerConfigKeys (ConfUtils.java:logGet(46)) - raft.server.log.purge.upto.snapshot.index = false (default)
2023-12-01 12:04:14,624 [a78ad617-b5b5-46fb-9003-310abdef56ad@group-CEB7BF5298CA-FollowerState] INFO  server.RaftServerConfigKeys (ConfUtils.java:logFallback(53)) - raft.server.rpc.first-election.timeout.min = 5s (fallback to raft.server.rpc.timeout.min)
2023-12-01 12:04:14,624 [a78ad617-b5b5-46fb-9003-310abdef56ad@group-CEB7BF5298CA-FollowerState] INFO  server.RaftServerConfigKeys (ConfUtils.java:logFallback(53)) - raft.server.rpc.first-election.timeout.max = 5200ms (fallback to raft.server.rpc.timeout.max)
2023-12-01 12:04:14,630 [e4101cf6-f8c4-4d95-a998-136b2bec65e8-PipelineCommandHandlerThread-0] INFO  commandhandler.CreatePipelineCommandHandler (CreatePipelineCommandHandler.java:lambda$handle$2(124)) - Created Pipeline RATIS THREE PipelineID=49a703d6-59fd-410f-b41d-18c264c89aae.
2023-12-01 12:04:14,655 [a2bf02b8-7760-44e6-b399-ad4429aacfa0-PipelineCommandHandlerThread-0] INFO  commandhandler.CreatePipelineCommandHandler (CreatePipelineCommandHandler.java:lambda$handle$2(124)) - Created Pipeline RATIS THREE PipelineID=49a703d6-59fd-410f-b41d-18c264c89aae.
2023-12-01 12:04:14,676 [9e3b9079-4dd1-4962-964a-dfdeb60592bf-PipelineCommandHandlerThread-0] INFO  commandhandler.CreatePipelineCommandHandler (CreatePipelineCommandHandler.java:lambda$handle$2(124)) - Created Pipeline RATIS THREE PipelineID=45f2c43b-d253-4e78-85ad-ceb7bf5298ca.
2023-12-01 12:04:14,679 [6dc608fe-50aa-407f-b4f0-db1c149f31c2-PipelineCommandHandlerThread-0] INFO  commandhandler.CreatePipelineCommandHandler (CreatePipelineCommandHandler.java:lambda$handle$2(124)) - Created Pipeline RATIS THREE PipelineID=45f2c43b-d253-4e78-85ad-ceb7bf5298ca.
2023-12-01 12:04:15,135 [main] INFO  ozone.MiniOzoneClusterImpl (MiniOzoneClusterImpl.java:lambda$waitForClusterToBeReady$0(229)) - Nodes are ready. Got 6 of 6 DN Heartbeats.
2023-12-01 12:04:15,135 [main] INFO  ozone.MiniOzoneClusterImpl (MiniOzoneClusterImpl.java:lambda$waitForClusterToBeReady$0(232)) - Waiting for cluster to exit safe mode
2023-12-01 12:04:15,135 [main] INFO  ozone.MiniOzoneClusterImpl (MiniOzoneClusterImpl.java:lambda$waitForClusterToBeReady$0(234)) - SCM became leader
2023-12-01 12:04:16,135 [main] INFO  ozone.MiniOzoneClusterImpl (MiniOzoneClusterImpl.java:lambda$waitForClusterToBeReady$0(229)) - Nodes are ready. Got 6 of 6 DN Heartbeats.
2023-12-01 12:04:16,136 [main] INFO  ozone.MiniOzoneClusterImpl (MiniOzoneClusterImpl.java:lambda$waitForClusterToBeReady$0(232)) - Waiting for cluster to exit safe mode
2023-12-01 12:04:16,136 [main] INFO  ozone.MiniOzoneClusterImpl (MiniOzoneClusterImpl.java:lambda$waitForClusterToBeReady$0(234)) - SCM became leader
2023-12-01 12:04:17,136 [main] INFO  ozone.MiniOzoneClusterImpl (MiniOzoneClusterImpl.java:lambda$waitForClusterToBeReady$0(229)) - Nodes are ready. Got 6 of 6 DN Heartbeats.
2023-12-01 12:04:17,136 [main] INFO  ozone.MiniOzoneClusterImpl (MiniOzoneClusterImpl.java:lambda$waitForClusterToBeReady$0(232)) - Waiting for cluster to exit safe mode
2023-12-01 12:04:17,136 [main] INFO  ozone.MiniOzoneClusterImpl (MiniOzoneClusterImpl.java:lambda$waitForClusterToBeReady$0(234)) - SCM became leader
2023-12-01 12:04:18,137 [main] INFO  ozone.MiniOzoneClusterImpl (MiniOzoneClusterImpl.java:lambda$waitForClusterToBeReady$0(229)) - Nodes are ready. Got 6 of 6 DN Heartbeats.
2023-12-01 12:04:18,137 [main] INFO  ozone.MiniOzoneClusterImpl (MiniOzoneClusterImpl.java:lambda$waitForClusterToBeReady$0(232)) - Waiting for cluster to exit safe mode
2023-12-01 12:04:18,137 [main] INFO  ozone.MiniOzoneClusterImpl (MiniOzoneClusterImpl.java:lambda$waitForClusterToBeReady$0(234)) - SCM became leader
2023-12-01 12:04:18,485 [e4101cf6-f8c4-4d95-a998-136b2bec65e8@group-3FFCFFD79986-FollowerState] INFO  impl.FollowerState (FollowerState.java:run(143)) - e4101cf6-f8c4-4d95-a998-136b2bec65e8@group-3FFCFFD79986-FollowerState: change to CANDIDATE, lastRpcElapsedTime:5013393976ns, electionTimeout:5011ms
2023-12-01 12:04:18,486 [e4101cf6-f8c4-4d95-a998-136b2bec65e8@group-3FFCFFD79986-FollowerState] INFO  impl.RoleInfo (RoleInfo.java:shutdownFollowerState(110)) - e4101cf6-f8c4-4d95-a998-136b2bec65e8: shutdown e4101cf6-f8c4-4d95-a998-136b2bec65e8@group-3FFCFFD79986-FollowerState
2023-12-01 12:04:18,486 [e4101cf6-f8c4-4d95-a998-136b2bec65e8@group-3FFCFFD79986-FollowerState] INFO  server.RaftServer$Division (RaftServerImpl.java:setRole(379)) - e4101cf6-f8c4-4d95-a998-136b2bec65e8@group-3FFCFFD79986: changes role from  FOLLOWER to CANDIDATE at term 0 for changeToCandidate
2023-12-01 12:04:18,487 [e4101cf6-f8c4-4d95-a998-136b2bec65e8@group-3FFCFFD79986-FollowerState] INFO  server.RaftServerConfigKeys (ConfUtils.java:logGet(46)) - raft.server.leaderelection.pre-vote = true (default)
2023-12-01 12:04:18,487 [e4101cf6-f8c4-4d95-a998-136b2bec65e8@group-3FFCFFD79986-FollowerState] INFO  impl.RoleInfo (RoleInfo.java:updateAndGet(139)) - e4101cf6-f8c4-4d95-a998-136b2bec65e8: start e4101cf6-f8c4-4d95-a998-136b2bec65e8@group-3FFCFFD79986-LeaderElection2
2023-12-01 12:04:18,488 [e4101cf6-f8c4-4d95-a998-136b2bec65e8@group-3FFCFFD79986-LeaderElection2] INFO  impl.LeaderElection (LeaderElection.java:askForVotes(323)) - e4101cf6-f8c4-4d95-a998-136b2bec65e8@group-3FFCFFD79986-LeaderElection2 PRE_VOTE round 0: submit vote requests at term 0 for -1: peers:[144aaeee-fb04-48fb-9b63-1a6b7587bad5|10.1.0.24:15023, e4101cf6-f8c4-4d95-a998-136b2bec65e8|10.1.0.24:15014, a2bf02b8-7760-44e6-b399-ad4429aacfa0|10.1.0.24:15032]|listeners:[], old=null
2023-12-01 12:04:18,493 [e4101cf6-f8c4-4d95-a998-136b2bec65e8@group-3FFCFFD79986-LeaderElection2-1] INFO  server.GrpcServerProtocolClient (GrpcServerProtocolClient.java:<init>(65)) - Build channel for 144aaeee-fb04-48fb-9b63-1a6b7587bad5
2023-12-01 12:04:18,494 [e4101cf6-f8c4-4d95-a998-136b2bec65e8@group-3FFCFFD79986-LeaderElection2] INFO  server.RaftServerConfigKeys (ConfUtils.java:logFallback(53)) - raft.server.rpc.first-election.timeout.min = 5s (fallback to raft.server.rpc.timeout.min)
2023-12-01 12:04:18,494 [e4101cf6-f8c4-4d95-a998-136b2bec65e8@group-3FFCFFD79986-LeaderElection2] INFO  server.RaftServerConfigKeys (ConfUtils.java:logFallback(53)) - raft.server.rpc.first-election.timeout.max = 5200ms (fallback to raft.server.rpc.timeout.max)
2023-12-01 12:04:18,493 [e4101cf6-f8c4-4d95-a998-136b2bec65e8@group-3FFCFFD79986-LeaderElection2-2] INFO  server.GrpcServerProtocolClient (GrpcServerProtocolClient.java:<init>(65)) - Build channel for a2bf02b8-7760-44e6-b399-ad4429aacfa0
2023-12-01 12:04:18,505 [grpc-default-executor-2] INFO  server.RaftServer$Division (RaftServerImpl.java:requestVote(1377)) - 144aaeee-fb04-48fb-9b63-1a6b7587bad5@group-3FFCFFD79986: receive requestVote(PRE_VOTE, e4101cf6-f8c4-4d95-a998-136b2bec65e8, group-3FFCFFD79986, 0, (t:0, i:0))
2023-12-01 12:04:18,507 [grpc-default-executor-2] INFO  impl.VoteContext (VoteContext.java:log(49)) - 144aaeee-fb04-48fb-9b63-1a6b7587bad5@group-3FFCFFD79986-FOLLOWER: accept PRE_VOTE from e4101cf6-f8c4-4d95-a998-136b2bec65e8: our priority 0 <= candidate's priority 1
2023-12-01 12:04:18,509 [grpc-default-executor-0] INFO  server.RaftServer$Division (RaftServerImpl.java:requestVote(1377)) - a2bf02b8-7760-44e6-b399-ad4429aacfa0@group-3FFCFFD79986: receive requestVote(PRE_VOTE, e4101cf6-f8c4-4d95-a998-136b2bec65e8, group-3FFCFFD79986, 0, (t:0, i:0))
2023-12-01 12:04:18,509 [grpc-default-executor-0] INFO  impl.VoteContext (VoteContext.java:log(49)) - a2bf02b8-7760-44e6-b399-ad4429aacfa0@group-3FFCFFD79986-FOLLOWER: accept PRE_VOTE from e4101cf6-f8c4-4d95-a998-136b2bec65e8: our priority 0 <= candidate's priority 1
2023-12-01 12:04:18,512 [grpc-default-executor-0] INFO  server.RaftServer$Division (RaftServerImpl.java:requestVote(1410)) - a2bf02b8-7760-44e6-b399-ad4429aacfa0@group-3FFCFFD79986 replies to PRE_VOTE vote request: e4101cf6-f8c4-4d95-a998-136b2bec65e8<-a2bf02b8-7760-44e6-b399-ad4429aacfa0#0:OK-t0. Peer's state: a2bf02b8-7760-44e6-b399-ad4429aacfa0@group-3FFCFFD79986:t0, leader=null, voted=, raftlog=Memoized:a2bf02b8-7760-44e6-b399-ad4429aacfa0@group-3FFCFFD79986-SegmentedRaftLog:OPENED:c-1, conf=-1: peers:[144aaeee-fb04-48fb-9b63-1a6b7587bad5|10.1.0.24:15023, e4101cf6-f8c4-4d95-a998-136b2bec65e8|10.1.0.24:15014, a2bf02b8-7760-44e6-b399-ad4429aacfa0|10.1.0.24:15032]|listeners:[], old=null
2023-12-01 12:04:18,512 [grpc-default-executor-2] INFO  server.RaftServer$Division (RaftServerImpl.java:requestVote(1410)) - 144aaeee-fb04-48fb-9b63-1a6b7587bad5@group-3FFCFFD79986 replies to PRE_VOTE vote request: e4101cf6-f8c4-4d95-a998-136b2bec65e8<-144aaeee-fb04-48fb-9b63-1a6b7587bad5#0:OK-t0. Peer's state: 144aaeee-fb04-48fb-9b63-1a6b7587bad5@group-3FFCFFD79986:t0, leader=null, voted=, raftlog=Memoized:144aaeee-fb04-48fb-9b63-1a6b7587bad5@group-3FFCFFD79986-SegmentedRaftLog:OPENED:c-1, conf=-1: peers:[144aaeee-fb04-48fb-9b63-1a6b7587bad5|10.1.0.24:15023, e4101cf6-f8c4-4d95-a998-136b2bec65e8|10.1.0.24:15014, a2bf02b8-7760-44e6-b399-ad4429aacfa0|10.1.0.24:15032]|listeners:[], old=null
2023-12-01 12:04:18,514 [e4101cf6-f8c4-4d95-a998-136b2bec65e8@group-3FFCFFD79986-LeaderElection2] INFO  impl.LeaderElection (LeaderElection.java:logAndReturn(89)) - e4101cf6-f8c4-4d95-a998-136b2bec65e8@group-3FFCFFD79986-LeaderElection2: PRE_VOTE PASSED received 1 response(s) and 0 exception(s):
2023-12-01 12:04:18,515 [e4101cf6-f8c4-4d95-a998-136b2bec65e8@group-3FFCFFD79986-LeaderElection2] INFO  impl.LeaderElection (LeaderElection.java:logAndReturn(93)) -   Response 0: e4101cf6-f8c4-4d95-a998-136b2bec65e8<-a2bf02b8-7760-44e6-b399-ad4429aacfa0#0:OK-t0
2023-12-01 12:04:18,515 [e4101cf6-f8c4-4d95-a998-136b2bec65e8@group-3FFCFFD79986-LeaderElection2] INFO  impl.LeaderElection (LeaderElection.java:askForVotes(325)) - e4101cf6-f8c4-4d95-a998-136b2bec65e8@group-3FFCFFD79986-LeaderElection2 PRE_VOTE round 0: result PASSED
2023-12-01 12:04:18,518 [e4101cf6-f8c4-4d95-a998-136b2bec65e8@group-3FFCFFD79986-LeaderElection2] INFO  impl.LeaderElection (LeaderElection.java:askForVotes(323)) - e4101cf6-f8c4-4d95-a998-136b2bec65e8@group-3FFCFFD79986-LeaderElection2 ELECTION round 0: submit vote requests at term 1 for -1: peers:[144aaeee-fb04-48fb-9b63-1a6b7587bad5|10.1.0.24:15023, e4101cf6-f8c4-4d95-a998-136b2bec65e8|10.1.0.24:15014, a2bf02b8-7760-44e6-b399-ad4429aacfa0|10.1.0.24:15032]|listeners:[], old=null
2023-12-01 12:04:18,520 [e4101cf6-f8c4-4d95-a998-136b2bec65e8@group-3FFCFFD79986-LeaderElection2] INFO  server.RaftServerConfigKeys (ConfUtils.java:logFallback(53)) - raft.server.rpc.first-election.timeout.min = 5s (fallback to raft.server.rpc.timeout.min)
2023-12-01 12:04:18,520 [e4101cf6-f8c4-4d95-a998-136b2bec65e8@group-3FFCFFD79986-LeaderElection2] INFO  server.RaftServerConfigKeys (ConfUtils.java:logFallback(53)) - raft.server.rpc.first-election.timeout.max = 5200ms (fallback to raft.server.rpc.timeout.max)
2023-12-01 12:04:18,522 [grpc-default-executor-2] INFO  server.RaftServer$Division (RaftServerImpl.java:requestVote(1377)) - a2bf02b8-7760-44e6-b399-ad4429aacfa0@group-3FFCFFD79986: receive requestVote(ELECTION, e4101cf6-f8c4-4d95-a998-136b2bec65e8, group-3FFCFFD79986, 1, (t:0, i:0))
2023-12-01 12:04:18,524 [grpc-default-executor-0] INFO  server.RaftServer$Division (RaftServerImpl.java:requestVote(1377)) - 144aaeee-fb04-48fb-9b63-1a6b7587bad5@group-3FFCFFD79986: receive requestVote(ELECTION, e4101cf6-f8c4-4d95-a998-136b2bec65e8, group-3FFCFFD79986, 1, (t:0, i:0))
2023-12-01 12:04:18,524 [grpc-default-executor-2] INFO  impl.VoteContext (VoteContext.java:log(49)) - a2bf02b8-7760-44e6-b399-ad4429aacfa0@group-3FFCFFD79986-FOLLOWER: accept ELECTION from e4101cf6-f8c4-4d95-a998-136b2bec65e8: our priority 0 <= candidate's priority 1
2023-12-01 12:04:18,525 [grpc-default-executor-2] INFO  server.RaftServer$Division (RaftServerImpl.java:setRole(379)) - a2bf02b8-7760-44e6-b399-ad4429aacfa0@group-3FFCFFD79986: changes role from  FOLLOWER to FOLLOWER at term 1 for candidate:e4101cf6-f8c4-4d95-a998-136b2bec65e8
2023-12-01 12:04:18,525 [grpc-default-executor-2] INFO  impl.RoleInfo (RoleInfo.java:shutdownFollowerState(110)) - a2bf02b8-7760-44e6-b399-ad4429aacfa0: shutdown a2bf02b8-7760-44e6-b399-ad4429aacfa0@group-3FFCFFD79986-FollowerState
2023-12-01 12:04:18,525 [grpc-default-executor-0] INFO  impl.VoteContext (VoteContext.java:log(49)) - 144aaeee-fb04-48fb-9b63-1a6b7587bad5@group-3FFCFFD79986-FOLLOWER: accept ELECTION from e4101cf6-f8c4-4d95-a998-136b2bec65e8: our priority 0 <= candidate's priority 1
2023-12-01 12:04:18,525 [grpc-default-executor-0] INFO  server.RaftServer$Division (RaftServerImpl.java:setRole(379)) - 144aaeee-fb04-48fb-9b63-1a6b7587bad5@group-3FFCFFD79986: changes role from  FOLLOWER to FOLLOWER at term 1 for candidate:e4101cf6-f8c4-4d95-a998-136b2bec65e8
2023-12-01 12:04:18,525 [grpc-default-executor-0] INFO  impl.RoleInfo (RoleInfo.java:shutdownFollowerState(110)) - 144aaeee-fb04-48fb-9b63-1a6b7587bad5: shutdown 144aaeee-fb04-48fb-9b63-1a6b7587bad5@group-3FFCFFD79986-FollowerState
2023-12-01 12:04:18,525 [a2bf02b8-7760-44e6-b399-ad4429aacfa0@group-3FFCFFD79986-FollowerState] INFO  impl.FollowerState (FollowerState.java:run(152)) - a2bf02b8-7760-44e6-b399-ad4429aacfa0@group-3FFCFFD79986-FollowerState was interrupted
2023-12-01 12:04:18,526 [grpc-default-executor-2] INFO  impl.RoleInfo (RoleInfo.java:updateAndGet(139)) - a2bf02b8-7760-44e6-b399-ad4429aacfa0: start a2bf02b8-7760-44e6-b399-ad4429aacfa0@group-3FFCFFD79986-FollowerState
2023-12-01 12:04:18,525 [144aaeee-fb04-48fb-9b63-1a6b7587bad5@group-3FFCFFD79986-FollowerState] INFO  impl.FollowerState (FollowerState.java:run(152)) - 144aaeee-fb04-48fb-9b63-1a6b7587bad5@group-3FFCFFD79986-FollowerState was interrupted
2023-12-01 12:04:18,526 [grpc-default-executor-0] INFO  impl.RoleInfo (RoleInfo.java:updateAndGet(139)) - 144aaeee-fb04-48fb-9b63-1a6b7587bad5: start 144aaeee-fb04-48fb-9b63-1a6b7587bad5@group-3FFCFFD79986-FollowerState
2023-12-01 12:04:18,527 [grpc-default-executor-2] INFO  server.RaftServer$Division (RaftServerImpl.java:setFirstElection(564)) - a2bf02b8-7760-44e6-b399-ad4429aacfa0@group-3FFCFFD79986: set firstElectionSinceStartup to false for candidate:e4101cf6-f8c4-4d95-a998-136b2bec65e8
2023-12-01 12:04:18,527 [grpc-default-executor-0] INFO  server.RaftServer$Division (RaftServerImpl.java:setFirstElection(564)) - 144aaeee-fb04-48fb-9b63-1a6b7587bad5@group-3FFCFFD79986: set firstElectionSinceStartup to false for candidate:e4101cf6-f8c4-4d95-a998-136b2bec65e8
2023-12-01 12:04:18,528 [grpc-default-executor-2] INFO  server.RaftServer$Division (RaftServerImpl.java:requestVote(1410)) - a2bf02b8-7760-44e6-b399-ad4429aacfa0@group-3FFCFFD79986 replies to ELECTION vote request: e4101cf6-f8c4-4d95-a998-136b2bec65e8<-a2bf02b8-7760-44e6-b399-ad4429aacfa0#0:OK-t1. Peer's state: a2bf02b8-7760-44e6-b399-ad4429aacfa0@group-3FFCFFD79986:t1, leader=null, voted=e4101cf6-f8c4-4d95-a998-136b2bec65e8, raftlog=Memoized:a2bf02b8-7760-44e6-b399-ad4429aacfa0@group-3FFCFFD79986-SegmentedRaftLog:OPENED:c-1, conf=-1: peers:[144aaeee-fb04-48fb-9b63-1a6b7587bad5|10.1.0.24:15023, e4101cf6-f8c4-4d95-a998-136b2bec65e8|10.1.0.24:15014, a2bf02b8-7760-44e6-b399-ad4429aacfa0|10.1.0.24:15032]|listeners:[], old=null
2023-12-01 12:04:18,528 [grpc-default-executor-0] INFO  server.RaftServer$Division (RaftServerImpl.java:requestVote(1410)) - 144aaeee-fb04-48fb-9b63-1a6b7587bad5@group-3FFCFFD79986 replies to ELECTION vote request: e4101cf6-f8c4-4d95-a998-136b2bec65e8<-144aaeee-fb04-48fb-9b63-1a6b7587bad5#0:OK-t1. Peer's state: 144aaeee-fb04-48fb-9b63-1a6b7587bad5@group-3FFCFFD79986:t1, leader=null, voted=e4101cf6-f8c4-4d95-a998-136b2bec65e8, raftlog=Memoized:144aaeee-fb04-48fb-9b63-1a6b7587bad5@group-3FFCFFD79986-SegmentedRaftLog:OPENED:c-1, conf=-1: peers:[144aaeee-fb04-48fb-9b63-1a6b7587bad5|10.1.0.24:15023, e4101cf6-f8c4-4d95-a998-136b2bec65e8|10.1.0.24:15014, a2bf02b8-7760-44e6-b399-ad4429aacfa0|10.1.0.24:15032]|listeners:[], old=null
2023-12-01 12:04:18,529 [e4101cf6-f8c4-4d95-a998-136b2bec65e8@group-3FFCFFD79986-LeaderElection2] INFO  impl.LeaderElection (LeaderElection.java:logAndReturn(89)) - e4101cf6-f8c4-4d95-a998-136b2bec65e8@group-3FFCFFD79986-LeaderElection2: ELECTION PASSED received 1 response(s) and 0 exception(s):
2023-12-01 12:04:18,530 [e4101cf6-f8c4-4d95-a998-136b2bec65e8@group-3FFCFFD79986-LeaderElection2] INFO  impl.LeaderElection (LeaderElection.java:logAndReturn(93)) -   Response 0: e4101cf6-f8c4-4d95-a998-136b2bec65e8<-144aaeee-fb04-48fb-9b63-1a6b7587bad5#0:OK-t1
2023-12-01 12:04:18,530 [e4101cf6-f8c4-4d95-a998-136b2bec65e8@group-3FFCFFD79986-LeaderElection2] INFO  impl.LeaderElection (LeaderElection.java:askForVotes(325)) - e4101cf6-f8c4-4d95-a998-136b2bec65e8@group-3FFCFFD79986-LeaderElection2 ELECTION round 0: result PASSED
2023-12-01 12:04:18,530 [e4101cf6-f8c4-4d95-a998-136b2bec65e8@group-3FFCFFD79986-LeaderElection2] INFO  impl.RoleInfo (RoleInfo.java:shutdownLeaderElection(130)) - e4101cf6-f8c4-4d95-a998-136b2bec65e8: shutdown e4101cf6-f8c4-4d95-a998-136b2bec65e8@group-3FFCFFD79986-LeaderElection2
2023-12-01 12:04:18,531 [e4101cf6-f8c4-4d95-a998-136b2bec65e8@group-3FFCFFD79986-LeaderElection2] INFO  server.RaftServer$Division (RaftServerImpl.java:setRole(379)) - e4101cf6-f8c4-4d95-a998-136b2bec65e8@group-3FFCFFD79986: changes role from CANDIDATE to LEADER at term 1 for changeToLeader
2023-12-01 12:04:18,531 [e4101cf6-f8c4-4d95-a998-136b2bec65e8@group-3FFCFFD79986-LeaderElection2] INFO  server.RaftServerConfigKeys (ConfUtils.java:logGet(46)) - raft.server.staging.catchup.gap = 1000 (default)
2023-12-01 12:04:18,531 [e4101cf6-f8c4-4d95-a998-136b2bec65e8@group-3FFCFFD79986-LeaderElection2] INFO  server.RaftServerConfigKeys (ConfUtils.java:logGet(46)) - raft.server.write.element-limit = 1024 (custom)
2023-12-01 12:04:18,531 [e4101cf6-f8c4-4d95-a998-136b2bec65e8@group-3FFCFFD79986-LeaderElection2] INFO  server.RaftServerConfigKeys (ConfUtils.java:logGet(46)) - raft.server.write.byte-limit = 1024 M (=1073741824) (custom)
2023-12-01 12:04:18,532 [e4101cf6-f8c4-4d95-a998-136b2bec65e8@group-3FFCFFD79986-LeaderElection2] INFO  server.RaftServerConfigKeys (ConfUtils.java:logGet(46)) - raft.server.watch.timeout = 180s (custom)
2023-12-01 12:04:18,532 [e4101cf6-f8c4-4d95-a998-136b2bec65e8@group-3FFCFFD79986-LeaderElection2] INFO  server.RaftServerConfigKeys (ConfUtils.java:logGet(46)) - raft.server.watch.timeout.denomination = 1s (default)
2023-12-01 12:04:18,532 [e4101cf6-f8c4-4d95-a998-136b2bec65e8@group-3FFCFFD79986-LeaderElection2] INFO  server.RaftServerConfigKeys (ConfUtils.java:logGet(46)) - raft.server.watch.element-limit = 65536 (default)
2023-12-01 12:04:18,532 [e4101cf6-f8c4-4d95-a998-136b2bec65e8@group-3FFCFFD79986-LeaderElection2] INFO  server.RaftServerConfigKeys (ConfUtils.java:logGet(46)) - raft.server.read.leader.lease.enabled = false (default)
2023-12-01 12:04:18,532 [e4101cf6-f8c4-4d95-a998-136b2bec65e8@group-3FFCFFD79986-LeaderElection2] INFO  server.RaftServerConfigKeys (ConfUtils.java:logGet(46)) - raft.server.read.leader.lease.timeout.ratio = 0.9 (default)
2023-12-01 12:04:18,532 [e4101cf6-f8c4-4d95-a998-136b2bec65e8@group-3FFCFFD79986-LeaderElection2] INFO  server.RaftServerConfigKeys (ConfUtils.java:logGet(46)) - raft.server.rpc.timeout.min = 5s (custom)
2023-12-01 12:04:18,532 [e4101cf6-f8c4-4d95-a998-136b2bec65e8@group-3FFCFFD79986-LeaderElection2] INFO  server.RaftServerConfigKeys (ConfUtils.java:logGet(46)) - raft.server.write.element-limit = 1024 (custom)
2023-12-01 12:04:18,532 [e4101cf6-f8c4-4d95-a998-136b2bec65e8@group-3FFCFFD79986-LeaderElection2] INFO  server.RaftServerConfigKeys (ConfUtils.java:logGet(46)) - raft.server.write.follower.gap.ratio.max = -1.0 (default)
2023-12-01 12:04:18,540 [e4101cf6-f8c4-4d95-a998-136b2bec65e8@group-3FFCFFD79986-LeaderElection2] INFO  server.RaftServerConfigKeys (ConfUtils.java:logGet(46)) - raft.server.log.appender.snapshot.chunk.size.max = 16MB (=16777216) (default)
2023-12-01 12:04:18,540 [e4101cf6-f8c4-4d95-a998-136b2bec65e8@group-3FFCFFD79986-LeaderElection2] INFO  server.RaftServerConfigKeys (ConfUtils.java:logGet(46)) - raft.server.log.appender.buffer.byte-limit = 33554432 (custom)
2023-12-01 12:04:18,540 [e4101cf6-f8c4-4d95-a998-136b2bec65e8@group-3FFCFFD79986-LeaderElection2] INFO  server.RaftServerConfigKeys (ConfUtils.java:logGet(46)) - raft.server.log.appender.buffer.element-limit = 1 (custom)
2023-12-01 12:04:18,542 [e4101cf6-f8c4-4d95-a998-136b2bec65e8@group-3FFCFFD79986-LeaderElection2] INFO  server.RaftServerConfigKeys (ConfUtils.java:logGet(46)) - raft.server.log.appender.wait-time.min = 1ms (default)
2023-12-01 12:04:18,543 [e4101cf6-f8c4-4d95-a998-136b2bec65e8@group-3FFCFFD79986-LeaderElection2] INFO  grpc.GrpcConfigKeys (ConfUtils.java:logGet(46)) - raft.grpc.server.leader.outstanding.appends.max = 8 (default)
2023-12-01 12:04:18,543 [e4101cf6-f8c4-4d95-a998-136b2bec65e8@group-3FFCFFD79986-LeaderElection2] INFO  server.RaftServerConfigKeys (ConfUtils.java:logGet(46)) - raft.server.rpc.request.timeout = 60s (custom)
2023-12-01 12:04:18,543 [e4101cf6-f8c4-4d95-a998-136b2bec65e8@group-3FFCFFD79986-LeaderElection2] INFO  grpc.GrpcConfigKeys (ConfUtils.java:logGet(46)) - raft.grpc.server.install_snapshot.request.element-limit = 8 (default)
2023-12-01 12:04:18,543 [144aaeee-fb04-48fb-9b63-1a6b7587bad5@group-57DB51F0C6F8-FollowerState] INFO  impl.FollowerState (FollowerState.java:run(143)) - 144aaeee-fb04-48fb-9b63-1a6b7587bad5@group-57DB51F0C6F8-FollowerState: change to CANDIDATE, lastRpcElapsedTime:5011260786ns, electionTimeout:5009ms
2023-12-01 12:04:18,543 [e4101cf6-f8c4-4d95-a998-136b2bec65e8@group-3FFCFFD79986-LeaderElection2] INFO  grpc.GrpcConfigKeys (ConfUtils.java:logGet(46)) - raft.grpc.server.install_snapshot.request.timeout = 3000ms (default)
2023-12-01 12:04:18,544 [144aaeee-fb04-48fb-9b63-1a6b7587bad5@group-57DB51F0C6F8-FollowerState] INFO  impl.RoleInfo (RoleInfo.java:shutdownFollowerState(110)) - 144aaeee-fb04-48fb-9b63-1a6b7587bad5: shutdown 144aaeee-fb04-48fb-9b63-1a6b7587bad5@group-57DB51F0C6F8-FollowerState
2023-12-01 12:04:18,544 [144aaeee-fb04-48fb-9b63-1a6b7587bad5@group-57DB51F0C6F8-FollowerState] INFO  server.RaftServer$Division (RaftServerImpl.java:setRole(379)) - 144aaeee-fb04-48fb-9b63-1a6b7587bad5@group-57DB51F0C6F8: changes role from  FOLLOWER to CANDIDATE at term 0 for changeToCandidate
2023-12-01 12:04:18,545 [e4101cf6-f8c4-4d95-a998-136b2bec65e8@group-3FFCFFD79986-LeaderElection2] INFO  server.RaftServerConfigKeys (ConfUtils.java:logGet(46)) - raft.server.log.appender.install.snapshot.enabled = false (custom)
2023-12-01 12:04:18,545 [144aaeee-fb04-48fb-9b63-1a6b7587bad5@group-57DB51F0C6F8-FollowerState] INFO  server.RaftServerConfigKeys (ConfUtils.java:logGet(46)) - raft.server.leaderelection.pre-vote = true (default)
2023-12-01 12:04:18,545 [e4101cf6-f8c4-4d95-a998-136b2bec65e8@group-3FFCFFD79986-LeaderElection2] INFO  grpc.GrpcConfigKeys (ConfUtils.java:logGet(46)) - raft.grpc.server.heartbeat.channel = true (default)
2023-12-01 12:04:18,545 [144aaeee-fb04-48fb-9b63-1a6b7587bad5@group-57DB51F0C6F8-FollowerState] INFO  impl.RoleInfo (RoleInfo.java:updateAndGet(139)) - 144aaeee-fb04-48fb-9b63-1a6b7587bad5: start 144aaeee-fb04-48fb-9b63-1a6b7587bad5@group-57DB51F0C6F8-LeaderElection3
2023-12-01 12:04:18,546 [144aaeee-fb04-48fb-9b63-1a6b7587bad5@group-57DB51F0C6F8-LeaderElection3] INFO  impl.LeaderElection (LeaderElection.java:askForVotes(323)) - 144aaeee-fb04-48fb-9b63-1a6b7587bad5@group-57DB51F0C6F8-LeaderElection3 PRE_VOTE round 0: submit vote requests at term 0 for -1: peers:[144aaeee-fb04-48fb-9b63-1a6b7587bad5|10.1.0.24:15023]|listeners:[], old=null
2023-12-01 12:04:18,547 [144aaeee-fb04-48fb-9b63-1a6b7587bad5@group-57DB51F0C6F8-LeaderElection3] INFO  impl.LeaderElection (LeaderElection.java:askForVotes(325)) - 144aaeee-fb04-48fb-9b63-1a6b7587bad5@group-57DB51F0C6F8-LeaderElection3 PRE_VOTE round 0: result PASSED (term=0)
2023-12-01 12:04:18,548 [144aaeee-fb04-48fb-9b63-1a6b7587bad5@group-57DB51F0C6F8-LeaderElection3] INFO  impl.LeaderElection (LeaderElection.java:askForVotes(323)) - 144aaeee-fb04-48fb-9b63-1a6b7587bad5@group-57DB51F0C6F8-LeaderElection3 ELECTION round 0: submit vote requests at term 1 for -1: peers:[144aaeee-fb04-48fb-9b63-1a6b7587bad5|10.1.0.24:15023]|listeners:[], old=null
2023-12-01 12:04:18,549 [144aaeee-fb04-48fb-9b63-1a6b7587bad5@group-57DB51F0C6F8-LeaderElection3] INFO  impl.LeaderElection (LeaderElection.java:askForVotes(325)) - 144aaeee-fb04-48fb-9b63-1a6b7587bad5@group-57DB51F0C6F8-LeaderElection3 ELECTION round 0: result PASSED (term=1)
2023-12-01 12:04:18,549 [144aaeee-fb04-48fb-9b63-1a6b7587bad5@group-57DB51F0C6F8-LeaderElection3] INFO  impl.RoleInfo (RoleInfo.java:shutdownLeaderElection(130)) - 144aaeee-fb04-48fb-9b63-1a6b7587bad5: shutdown 144aaeee-fb04-48fb-9b63-1a6b7587bad5@group-57DB51F0C6F8-LeaderElection3
2023-12-01 12:04:18,549 [144aaeee-fb04-48fb-9b63-1a6b7587bad5@group-57DB51F0C6F8-LeaderElection3] INFO  server.RaftServer$Division (RaftServerImpl.java:setRole(379)) - 144aaeee-fb04-48fb-9b63-1a6b7587bad5@group-57DB51F0C6F8: changes role from CANDIDATE to LEADER at term 1 for changeToLeader
2023-12-01 12:04:18,550 [144aaeee-fb04-48fb-9b63-1a6b7587bad5@group-57DB51F0C6F8-LeaderElection3] INFO  server.RaftServerConfigKeys (ConfUtils.java:logGet(46)) - raft.server.staging.catchup.gap = 1000 (default)
2023-12-01 12:04:18,551 [144aaeee-fb04-48fb-9b63-1a6b7587bad5@group-57DB51F0C6F8-LeaderElection3] INFO  server.RaftServerConfigKeys (ConfUtils.java:logGet(46)) - raft.server.write.element-limit = 1024 (custom)
2023-12-01 12:04:18,552 [144aaeee-fb04-48fb-9b63-1a6b7587bad5@group-57DB51F0C6F8-LeaderElection3] INFO  server.RaftServerConfigKeys (ConfUtils.java:logGet(46)) - raft.server.write.byte-limit = 1024 M (=1073741824) (custom)
2023-12-01 12:04:18,552 [e4101cf6-f8c4-4d95-a998-136b2bec65e8@group-3FFCFFD79986-LeaderElection2] INFO  server.RaftServerConfigKeys (ConfUtils.java:logGet(46)) - raft.server.log.appender.snapshot.chunk.size.max = 16MB (=16777216) (default)
2023-12-01 12:04:18,552 [e4101cf6-f8c4-4d95-a998-136b2bec65e8@group-3FFCFFD79986-LeaderElection2] INFO  server.RaftServerConfigKeys (ConfUtils.java:logGet(46)) - raft.server.log.appender.buffer.byte-limit = 33554432 (custom)
2023-12-01 12:04:18,552 [e4101cf6-f8c4-4d95-a998-136b2bec65e8@group-3FFCFFD79986-LeaderElection2] INFO  server.RaftServerConfigKeys (ConfUtils.java:logGet(46)) - raft.server.log.appender.buffer.element-limit = 1 (custom)
2023-12-01 12:04:18,552 [e4101cf6-f8c4-4d95-a998-136b2bec65e8@group-3FFCFFD79986-LeaderElection2] INFO  server.RaftServerConfigKeys (ConfUtils.java:logGet(46)) - raft.server.log.appender.wait-time.min = 1ms (default)
2023-12-01 12:04:18,553 [e4101cf6-f8c4-4d95-a998-136b2bec65e8@group-3FFCFFD79986-LeaderElection2] INFO  grpc.GrpcConfigKeys (ConfUtils.java:logGet(46)) - raft.grpc.server.leader.outstanding.appends.max = 8 (default)
2023-12-01 12:04:18,553 [e4101cf6-f8c4-4d95-a998-136b2bec65e8@group-3FFCFFD79986-LeaderElection2] INFO  server.RaftServerConfigKeys (ConfUtils.java:logGet(46)) - raft.server.rpc.request.timeout = 60s (custom)
2023-12-01 12:04:18,553 [e4101cf6-f8c4-4d95-a998-136b2bec65e8@group-3FFCFFD79986-LeaderElection2] INFO  grpc.GrpcConfigKeys (ConfUtils.java:logGet(46)) - raft.grpc.server.install_snapshot.request.element-limit = 8 (default)
2023-12-01 12:04:18,553 [e4101cf6-f8c4-4d95-a998-136b2bec65e8@group-3FFCFFD79986-LeaderElection2] INFO  grpc.GrpcConfigKeys (ConfUtils.java:logGet(46)) - raft.grpc.server.install_snapshot.request.timeout = 3000ms (default)
2023-12-01 12:04:18,553 [e4101cf6-f8c4-4d95-a998-136b2bec65e8@group-3FFCFFD79986-LeaderElection2] INFO  server.RaftServerConfigKeys (ConfUtils.java:logGet(46)) - raft.server.log.appender.install.snapshot.enabled = false (custom)
2023-12-01 12:04:18,553 [e4101cf6-f8c4-4d95-a998-136b2bec65e8@group-3FFCFFD79986-LeaderElection2] INFO  grpc.GrpcConfigKeys (ConfUtils.java:logGet(46)) - raft.grpc.server.heartbeat.channel = true (default)
2023-12-01 12:04:18,554 [e4101cf6-f8c4-4d95-a998-136b2bec65e8@group-3FFCFFD79986-LeaderElection2] INFO  impl.RoleInfo (RoleInfo.java:updateAndGet(139)) - e4101cf6-f8c4-4d95-a998-136b2bec65e8: start e4101cf6-f8c4-4d95-a998-136b2bec65e8@group-3FFCFFD79986-LeaderStateImpl
2023-12-01 12:04:18,554 [e4101cf6-f8c4-4d95-a998-136b2bec65e8@group-3FFCFFD79986-LeaderElection2] INFO  server.RaftServer$Division (RaftServerImpl.java:setFirstElection(564)) - e4101cf6-f8c4-4d95-a998-136b2bec65e8@group-3FFCFFD79986: set firstElectionSinceStartup to false for becomeLeader
2023-12-01 12:04:18,554 [e4101cf6-f8c4-4d95-a998-136b2bec65e8@group-3FFCFFD79986-LeaderElection2] INFO  ratis.XceiverServerRatis (XceiverServerRatis.java:handleLeaderChangedNotification(912)) - Leader change notification received for group: group-3FFCFFD79986 with new leaderId: e4101cf6-f8c4-4d95-a998-136b2bec65e8
2023-12-01 12:04:18,554 [e4101cf6-f8c4-4d95-a998-136b2bec65e8@group-3FFCFFD79986-LeaderElection2] INFO  server.RaftServer$Division (ServerState.java:setLeader(265)) - e4101cf6-f8c4-4d95-a998-136b2bec65e8@group-3FFCFFD79986: change Leader from null to e4101cf6-f8c4-4d95-a998-136b2bec65e8 at term 1 for becomeLeader, leader elected after 5115ms
2023-12-01 12:04:18,555 [e4101cf6-f8c4-4d95-a998-136b2bec65e8@group-3FFCFFD79986-LeaderElection2] INFO  segmented.SegmentedRaftLogWorker (SegmentedRaftLogWorker.java:startLogSegment(428)) - e4101cf6-f8c4-4d95-a998-136b2bec65e8@group-3FFCFFD79986-SegmentedRaftLogWorker: Starting segment from index:0
2023-12-01 12:04:18,556 [144aaeee-fb04-48fb-9b63-1a6b7587bad5@group-57DB51F0C6F8-LeaderElection3] INFO  server.RaftServerConfigKeys (ConfUtils.java:logGet(46)) - raft.server.watch.timeout = 180s (custom)
2023-12-01 12:04:18,556 [144aaeee-fb04-48fb-9b63-1a6b7587bad5@group-57DB51F0C6F8-LeaderElection3] INFO  server.RaftServerConfigKeys (ConfUtils.java:logGet(46)) - raft.server.watch.timeout.denomination = 1s (default)
2023-12-01 12:04:18,556 [144aaeee-fb04-48fb-9b63-1a6b7587bad5@group-57DB51F0C6F8-LeaderElection3] INFO  server.RaftServerConfigKeys (ConfUtils.java:logGet(46)) - raft.server.watch.element-limit = 65536 (default)
2023-12-01 12:04:18,558 [EventQueue-PipelineReportForPipelineReportHandler] INFO  pipeline.PipelineReportHandler (PipelineReportHandler.java:processPipelineReport(136)) - Opened pipeline PipelineID=6b4773d7-470c-4514-b2ab-3ffcffd79986
2023-12-01 12:04:18,557 [EventQueue-OpenPipelineForHealthyPipelineSafeModeRule] INFO  safemode.SCMSafeModeManager (HealthyPipelineSafeModeRule.java:process(137)) - SCM in safe mode. Healthy pipelines reported count is 0, required healthy pipeline reported count is 1
2023-12-01 12:04:18,556 [e4101cf6-f8c4-4d95-a998-136b2bec65e8@group-3FFCFFD79986-LeaderElection2] INFO  server.RaftServer$Division (ServerState.java:setRaftConf(382)) - e4101cf6-f8c4-4d95-a998-136b2bec65e8@group-3FFCFFD79986: set configuration 0: peers:[144aaeee-fb04-48fb-9b63-1a6b7587bad5|10.1.0.24:15023, e4101cf6-f8c4-4d95-a998-136b2bec65e8|10.1.0.24:15014, a2bf02b8-7760-44e6-b399-ad4429aacfa0|10.1.0.24:15032]|listeners:[], old=null
2023-12-01 12:04:18,562 [EventQueue-OpenPipelineForHealthyPipelineSafeModeRule] INFO  safemode.SCMSafeModeManager (HealthyPipelineSafeModeRule.java:process(137)) - SCM in safe mode. Healthy pipelines reported count is 1, required healthy pipeline reported count is 1
2023-12-01 12:04:18,562 [144aaeee-fb04-48fb-9b63-1a6b7587bad5@group-57DB51F0C6F8-LeaderElection3] INFO  server.RaftServerConfigKeys (ConfUtils.java:logGet(46)) - raft.server.read.leader.lease.enabled = false (default)
2023-12-01 12:04:18,562 [EventQueue-OpenPipelineForHealthyPipelineSafeModeRule] INFO  safemode.SCMSafeModeManager (SCMSafeModeManager.java:validateSafeModeExitRules(200)) - HealthyPipelineSafeModeRule rule is successfully validated
2023-12-01 12:04:18,562 [144aaeee-fb04-48fb-9b63-1a6b7587bad5@group-57DB51F0C6F8-LeaderElection3] INFO  server.RaftServerConfigKeys (ConfUtils.java:logGet(46)) - raft.server.read.leader.lease.timeout.ratio = 0.9 (default)
2023-12-01 12:04:18,562 [EventQueue-OpenPipelineForHealthyPipelineSafeModeRule] INFO  safemode.SCMSafeModeManager (SCMSafeModeManager.java:validateSafeModeExitRules(215)) - ScmSafeModeManager, all rules are successfully validated
2023-12-01 12:04:18,562 [144aaeee-fb04-48fb-9b63-1a6b7587bad5@group-57DB51F0C6F8-LeaderElection3] INFO  server.RaftServerConfigKeys (ConfUtils.java:logGet(46)) - raft.server.rpc.timeout.min = 5s (custom)
2023-12-01 12:04:18,562 [EventQueue-OpenPipelineForHealthyPipelineSafeModeRule] INFO  safemode.SCMSafeModeManager (SCMSafeModeManager.java:exitSafeMode(244)) - SCM exiting safe mode.
2023-12-01 12:04:18,562 [EventQueue-OpenPipelineForHealthyPipelineSafeModeRule] INFO  ha.SCMContext (SCMContext.java:updateSafeModeStatus(230)) - Update SafeModeStatus from SafeModeStatus{safeModeStatus=true, preCheckPassed=true} to SafeModeStatus{safeModeStatus=false, preCheckPassed=true}.
2023-12-01 12:04:18,562 [EventQueue-OpenPipelineForHealthyPipelineSafeModeRule] INFO  pipeline.BackgroundPipelineCreator (BackgroundPipelineCreator.java:notifyStatusChanged(258)) - Service BackgroundPipelineCreator transitions to RUNNING.
2023-12-01 12:04:18,562 [EventQueue-OpenPipelineForHealthyPipelineSafeModeRule] INFO  BackgroundPipelineScrubber (BackgroundSCMService.java:notifyStatusChanged(82)) - Service BackgroundPipelineScrubber transitions to RUNNING.
2023-12-01 12:04:18,562 [EventQueue-OpenPipelineForHealthyPipelineSafeModeRule] INFO  ExpiredContainerReplicaOpScrubber (BackgroundSCMService.java:notifyStatusChanged(82)) - Service ExpiredContainerReplicaOpScrubber transitions to RUNNING.
2023-12-01 12:04:18,563 [EventQueue-OpenPipelineForHealthyPipelineSafeModeRule] INFO  replication.ReplicationManager (ReplicationManager.java:notifyStatusChanged(1370)) - Service ReplicationManager transitions to RUNNING.
2023-12-01 12:04:18,563 [e4101cf6-f8c4-4d95-a998-136b2bec65e8@group-BA3FA9F3B49F-FollowerState] INFO  impl.FollowerState (FollowerState.java:run(143)) - e4101cf6-f8c4-4d95-a998-136b2bec65e8@group-BA3FA9F3B49F-FollowerState: change to CANDIDATE, lastRpcElapsedTime:5134447445ns, electionTimeout:5132ms
2023-12-01 12:04:18,562 [144aaeee-fb04-48fb-9b63-1a6b7587bad5@group-57DB51F0C6F8-LeaderElection3] INFO  server.RaftServerConfigKeys (ConfUtils.java:logGet(46)) - raft.server.write.element-limit = 1024 (custom)
2023-12-01 12:04:18,563 [e4101cf6-f8c4-4d95-a998-136b2bec65e8@group-BA3FA9F3B49F-FollowerState] INFO  impl.RoleInfo (RoleInfo.java:shutdownFollowerState(110)) - e4101cf6-f8c4-4d95-a998-136b2bec65e8: shutdown e4101cf6-f8c4-4d95-a998-136b2bec65e8@group-BA3FA9F3B49F-FollowerState
2023-12-01 12:04:18,563 [e4101cf6-f8c4-4d95-a998-136b2bec65e8@group-BA3FA9F3B49F-FollowerState] INFO  server.RaftServer$Division (RaftServerImpl.java:setRole(379)) - e4101cf6-f8c4-4d95-a998-136b2bec65e8@group-BA3FA9F3B49F: changes role from  FOLLOWER to CANDIDATE at term 0 for changeToCandidate
2023-12-01 12:04:18,563 [e4101cf6-f8c4-4d95-a998-136b2bec65e8@group-3FFCFFD79986-SegmentedRaftLogWorker] INFO  segmented.SegmentedRaftLogWorker (SegmentedRaftLogWorker.java:execute(632)) - e4101cf6-f8c4-4d95-a998-136b2bec65e8@group-3FFCFFD79986-SegmentedRaftLogWorker: created new log segment /home/runner/work/ozone/ozone/hadoop-ozone/integration-test/target/test-dir/MiniOzoneClusterImpl-d99da5cf-54e3-4304-baea-1cefc2b4c4dc/datanode-0/data/ratis/6b4773d7-470c-4514-b2ab-3ffcffd79986/current/log_inprogress_0
2023-12-01 12:04:18,563 [144aaeee-fb04-48fb-9b63-1a6b7587bad5@group-57DB51F0C6F8-LeaderElection3] INFO  server.RaftServerConfigKeys (ConfUtils.java:logGet(46)) - raft.server.write.follower.gap.ratio.max = -1.0 (default)
2023-12-01 12:04:18,563 [144aaeee-fb04-48fb-9b63-1a6b7587bad5@group-57DB51F0C6F8-LeaderElection3] INFO  impl.RoleInfo (RoleInfo.java:updateAndGet(139)) - 144aaeee-fb04-48fb-9b63-1a6b7587bad5: start 144aaeee-fb04-48fb-9b63-1a6b7587bad5@group-57DB51F0C6F8-LeaderStateImpl
2023-12-01 12:04:18,563 [144aaeee-fb04-48fb-9b63-1a6b7587bad5@group-57DB51F0C6F8-LeaderElection3] INFO  server.RaftServer$Division (RaftServerImpl.java:setFirstElection(564)) - 144aaeee-fb04-48fb-9b63-1a6b7587bad5@group-57DB51F0C6F8: set firstElectionSinceStartup to false for becomeLeader
2023-12-01 12:04:18,563 [144aaeee-fb04-48fb-9b63-1a6b7587bad5@group-57DB51F0C6F8-LeaderElection3] INFO  ratis.XceiverServerRatis (XceiverServerRatis.java:handleLeaderChangedNotification(912)) - Leader change notification received for group: group-57DB51F0C6F8 with new leaderId: 144aaeee-fb04-48fb-9b63-1a6b7587bad5
2023-12-01 12:04:18,567 [EventQueue-OpenPipelineForHealthyPipelineSafeModeRule] WARN  balancer.ContainerBalancer (ContainerBalancer.java:shouldRun(134)) - Could not find persisted configuration for ContainerBalancer when checking if ContainerBalancer should run. ContainerBalancer should not run now.
2023-12-01 12:04:18,571 [144aaeee-fb04-48fb-9b63-1a6b7587bad5@group-57DB51F0C6F8-LeaderElection3] INFO  server.RaftServer$Division (ServerState.java:setLeader(265)) - 144aaeee-fb04-48fb-9b63-1a6b7587bad5@group-57DB51F0C6F8: change Leader from null to 144aaeee-fb04-48fb-9b63-1a6b7587bad5 at term 1 for becomeLeader, leader elected after 5060ms
2023-12-01 12:04:18,571 [144aaeee-fb04-48fb-9b63-1a6b7587bad5@group-57DB51F0C6F8-LeaderElection3] INFO  segmented.SegmentedRaftLogWorker (SegmentedRaftLogWorker.java:startLogSegment(428)) - 144aaeee-fb04-48fb-9b63-1a6b7587bad5@group-57DB51F0C6F8-SegmentedRaftLogWorker: Starting segment from index:0
2023-12-01 12:04:18,577 [e4101cf6-f8c4-4d95-a998-136b2bec65e8@group-BA3FA9F3B49F-FollowerState] INFO  server.RaftServerConfigKeys (ConfUtils.java:logGet(46)) - raft.server.leaderelection.pre-vote = true (default)
2023-12-01 12:04:18,577 [e4101cf6-f8c4-4d95-a998-136b2bec65e8@group-BA3FA9F3B49F-FollowerState] INFO  impl.RoleInfo (RoleInfo.java:updateAndGet(139)) - e4101cf6-f8c4-4d95-a998-136b2bec65e8: start e4101cf6-f8c4-4d95-a998-136b2bec65e8@group-BA3FA9F3B49F-LeaderElection4
2023-12-01 12:04:18,579 [144aaeee-fb04-48fb-9b63-1a6b7587bad5@group-57DB51F0C6F8-LeaderElection3] INFO  server.RaftServer$Division (ServerState.java:setRaftConf(382)) - 144aaeee-fb04-48fb-9b63-1a6b7587bad5@group-57DB51F0C6F8: set configuration 0: peers:[144aaeee-fb04-48fb-9b63-1a6b7587bad5|10.1.0.24:15023]|listeners:[], old=null
2023-12-01 12:04:18,591 [e4101cf6-f8c4-4d95-a998-136b2bec65e8@group-BA3FA9F3B49F-LeaderElection4] INFO  impl.LeaderElection (LeaderElection.java:askForVotes(323)) - e4101cf6-f8c4-4d95-a998-136b2bec65e8@group-BA3FA9F3B49F-LeaderElection4 PRE_VOTE round 0: submit vote requests at term 0 for -1: peers:[e4101cf6-f8c4-4d95-a998-136b2bec65e8|10.1.0.24:15014]|listeners:[], old=null
2023-12-01 12:04:18,592 [e4101cf6-f8c4-4d95-a998-136b2bec65e8@group-BA3FA9F3B49F-LeaderElection4] INFO  impl.LeaderElection (LeaderElection.java:askForVotes(325)) - e4101cf6-f8c4-4d95-a998-136b2bec65e8@group-BA3FA9F3B49F-LeaderElection4 PRE_VOTE round 0: result PASSED (term=0)
2023-12-01 12:04:18,593 [e4101cf6-f8c4-4d95-a998-136b2bec65e8@group-BA3FA9F3B49F-LeaderElection4] INFO  impl.LeaderElection (LeaderElection.java:askForVotes(323)) - e4101cf6-f8c4-4d95-a998-136b2bec65e8@group-BA3FA9F3B49F-LeaderElection4 ELECTION round 0: submit vote requests at term 1 for -1: peers:[e4101cf6-f8c4-4d95-a998-136b2bec65e8|10.1.0.24:15014]|listeners:[], old=null
2023-12-01 12:04:18,594 [e4101cf6-f8c4-4d95-a998-136b2bec65e8@group-BA3FA9F3B49F-LeaderElection4] INFO  impl.LeaderElection (LeaderElection.java:askForVotes(325)) - e4101cf6-f8c4-4d95-a998-136b2bec65e8@group-BA3FA9F3B49F-LeaderElection4 ELECTION round 0: result PASSED (term=1)
2023-12-01 12:04:18,594 [e4101cf6-f8c4-4d95-a998-136b2bec65e8@group-BA3FA9F3B49F-LeaderElection4] INFO  impl.RoleInfo (RoleInfo.java:shutdownLeaderElection(130)) - e4101cf6-f8c4-4d95-a998-136b2bec65e8: shutdown e4101cf6-f8c4-4d95-a998-136b2bec65e8@group-BA3FA9F3B49F-LeaderElection4
2023-12-01 12:04:18,596 [144aaeee-fb04-48fb-9b63-1a6b7587bad5@group-57DB51F0C6F8-SegmentedRaftLogWorker] INFO  segmented.SegmentedRaftLogWorker (SegmentedRaftLogWorker.java:execute(632)) - 144aaeee-fb04-48fb-9b63-1a6b7587bad5@group-57DB51F0C6F8-SegmentedRaftLogWorker: created new log segment /home/runner/work/ozone/ozone/hadoop-ozone/integration-test/target/test-dir/MiniOzoneClusterImpl-d99da5cf-54e3-4304-baea-1cefc2b4c4dc/datanode-1/data/ratis/4b25aa6f-6d09-4605-aaaa-57db51f0c6f8/current/log_inprogress_0
2023-12-01 12:04:18,598 [e4101cf6-f8c4-4d95-a998-136b2bec65e8@group-BA3FA9F3B49F-LeaderElection4] INFO  server.RaftServer$Division (RaftServerImpl.java:setRole(379)) - e4101cf6-f8c4-4d95-a998-136b2bec65e8@group-BA3FA9F3B49F: changes role from CANDIDATE to LEADER at term 1 for changeToLeader
2023-12-01 12:04:18,598 [e4101cf6-f8c4-4d95-a998-136b2bec65e8@group-BA3FA9F3B49F-LeaderElection4] INFO  server.RaftServerConfigKeys (ConfUtils.java:logGet(46)) - raft.server.staging.catchup.gap = 1000 (default)
2023-12-01 12:04:18,598 [e4101cf6-f8c4-4d95-a998-136b2bec65e8@group-BA3FA9F3B49F-LeaderElection4] INFO  server.RaftServerConfigKeys (ConfUtils.java:logGet(46)) - raft.server.write.element-limit = 1024 (custom)
2023-12-01 12:04:18,599 [e4101cf6-f8c4-4d95-a998-136b2bec65e8@group-BA3FA9F3B49F-LeaderElection4] INFO  server.RaftServerConfigKeys (ConfUtils.java:logGet(46)) - raft.server.write.byte-limit = 1024 M (=1073741824) (custom)
2023-12-01 12:04:18,599 [e4101cf6-f8c4-4d95-a998-136b2bec65e8@group-BA3FA9F3B49F-LeaderElection4] INFO  server.RaftServerConfigKeys (ConfUtils.java:logGet(46)) - raft.server.watch.timeout = 180s (custom)
2023-12-01 12:04:18,600 [e4101cf6-f8c4-4d95-a998-136b2bec65e8@group-BA3FA9F3B49F-LeaderElection4] INFO  server.RaftServerConfigKeys (ConfUtils.java:logGet(46)) - raft.server.watch.timeout.denomination = 1s (default)
2023-12-01 12:04:18,600 [e4101cf6-f8c4-4d95-a998-136b2bec65e8@group-BA3FA9F3B49F-LeaderElection4] INFO  server.RaftServerConfigKeys (ConfUtils.java:logGet(46)) - raft.server.watch.element-limit = 65536 (default)
2023-12-01 12:04:18,600 [e4101cf6-f8c4-4d95-a998-136b2bec65e8@group-BA3FA9F3B49F-LeaderElection4] INFO  server.RaftServerConfigKeys (ConfUtils.java:logGet(46)) - raft.server.read.leader.lease.enabled = false (default)
2023-12-01 12:04:18,601 [e4101cf6-f8c4-4d95-a998-136b2bec65e8@group-BA3FA9F3B49F-LeaderElection4] INFO  server.RaftServerConfigKeys (ConfUtils.java:logGet(46)) - raft.server.read.leader.lease.timeout.ratio = 0.9 (default)
2023-12-01 12:04:18,601 [e4101cf6-f8c4-4d95-a998-136b2bec65e8@group-BA3FA9F3B49F-LeaderElection4] INFO  server.RaftServerConfigKeys (ConfUtils.java:logGet(46)) - raft.server.rpc.timeout.min = 5s (custom)
2023-12-01 12:04:18,601 [e4101cf6-f8c4-4d95-a998-136b2bec65e8@group-BA3FA9F3B49F-LeaderElection4] INFO  server.RaftServerConfigKeys (ConfUtils.java:logGet(46)) - raft.server.write.element-limit = 1024 (custom)
2023-12-01 12:04:18,602 [e4101cf6-f8c4-4d95-a998-136b2bec65e8@group-BA3FA9F3B49F-LeaderElection4] INFO  server.RaftServerConfigKeys (ConfUtils.java:logGet(46)) - raft.server.write.follower.gap.ratio.max = -1.0 (default)
2023-12-01 12:04:18,602 [e4101cf6-f8c4-4d95-a998-136b2bec65e8@group-BA3FA9F3B49F-LeaderElection4] INFO  impl.RoleInfo (RoleInfo.java:updateAndGet(139)) - e4101cf6-f8c4-4d95-a998-136b2bec65e8: start e4101cf6-f8c4-4d95-a998-136b2bec65e8@group-BA3FA9F3B49F-LeaderStateImpl
2023-12-01 12:04:18,602 [e4101cf6-f8c4-4d95-a998-136b2bec65e8@group-BA3FA9F3B49F-LeaderElection4] INFO  server.RaftServer$Division (RaftServerImpl.java:setFirstElection(564)) - e4101cf6-f8c4-4d95-a998-136b2bec65e8@group-BA3FA9F3B49F: set firstElectionSinceStartup to false for becomeLeader
2023-12-01 12:04:18,602 [e4101cf6-f8c4-4d95-a998-136b2bec65e8@group-BA3FA9F3B49F-LeaderElection4] INFO  ratis.XceiverServerRatis (XceiverServerRatis.java:handleLeaderChangedNotification(912)) - Leader change notification received for group: group-BA3FA9F3B49F with new leaderId: e4101cf6-f8c4-4d95-a998-136b2bec65e8
2023-12-01 12:04:18,606 [e4101cf6-f8c4-4d95-a998-136b2bec65e8@group-BA3FA9F3B49F-LeaderElection4] INFO  server.RaftServer$Division (ServerState.java:setLeader(265)) - e4101cf6-f8c4-4d95-a998-136b2bec65e8@group-BA3FA9F3B49F: change Leader from null to e4101cf6-f8c4-4d95-a998-136b2bec65e8 at term 1 for becomeLeader, leader elected after 5210ms
2023-12-01 12:04:18,607 [e4101cf6-f8c4-4d95-a998-136b2bec65e8@group-BA3FA9F3B49F-LeaderElection4] INFO  segmented.SegmentedRaftLogWorker (SegmentedRaftLogWorker.java:startLogSegment(428)) - e4101cf6-f8c4-4d95-a998-136b2bec65e8@group-BA3FA9F3B49F-SegmentedRaftLogWorker: Starting segment from index:0
2023-12-01 12:04:18,614 [e4101cf6-f8c4-4d95-a998-136b2bec65e8@group-BA3FA9F3B49F-SegmentedRaftLogWorker] INFO  segmented.SegmentedRaftLogWorker (SegmentedRaftLogWorker.java:execute(632)) - e4101cf6-f8c4-4d95-a998-136b2bec65e8@group-BA3FA9F3B49F-SegmentedRaftLogWorker: created new log segment /home/runner/work/ozone/ozone/hadoop-ozone/integration-test/target/test-dir/MiniOzoneClusterImpl-d99da5cf-54e3-4304-baea-1cefc2b4c4dc/datanode-0/data/ratis/0aef8b74-4ee2-4896-9159-ba3fa9f3b49f/current/log_inprogress_0
2023-12-01 12:04:18,616 [144aaeee-fb04-48fb-9b63-1a6b7587bad5@group-57DB51F0C6F8-StateMachineUpdater] INFO  server.RaftServer$Division (LeaderStateImpl.java:isApplied(316)) - leader is ready since appliedIndex == 0 >= startIndex == 0
2023-12-01 12:04:18,618 [144aaeee-fb04-48fb-9b63-1a6b7587bad5-server-thread1] INFO  ratis.XceiverServerRatis (XceiverServerRatis.java:handleLeaderChangedNotification(912)) - Leader change notification received for group: group-3FFCFFD79986 with new leaderId: e4101cf6-f8c4-4d95-a998-136b2bec65e8
2023-12-01 12:04:18,618 [144aaeee-fb04-48fb-9b63-1a6b7587bad5-server-thread1] INFO  server.RaftServer$Division (ServerState.java:setLeader(265)) - 144aaeee-fb04-48fb-9b63-1a6b7587bad5@group-3FFCFFD79986: change Leader from null to e4101cf6-f8c4-4d95-a998-136b2bec65e8 at term 1 for appendEntries, leader elected after 5070ms
2023-12-01 12:04:18,624 [e4101cf6-f8c4-4d95-a998-136b2bec65e8@group-BA3FA9F3B49F-LeaderElection4] INFO  server.RaftServer$Division (ServerState.java:setRaftConf(382)) - e4101cf6-f8c4-4d95-a998-136b2bec65e8@group-BA3FA9F3B49F: set configuration 0: peers:[e4101cf6-f8c4-4d95-a998-136b2bec65e8|10.1.0.24:15014]|listeners:[], old=null
2023-12-01 12:04:18,632 [e4101cf6-f8c4-4d95-a998-136b2bec65e8@group-BA3FA9F3B49F-StateMachineUpdater] INFO  server.RaftServer$Division (LeaderStateImpl.java:isApplied(316)) - leader is ready since appliedIndex == 0 >= startIndex == 0
2023-12-01 12:04:18,633 [a2bf02b8-7760-44e6-b399-ad4429aacfa0-server-thread1] INFO  ratis.XceiverServerRatis (XceiverServerRatis.java:handleLeaderChangedNotification(912)) - Leader change notification received for group: group-3FFCFFD79986 with new leaderId: e4101cf6-f8c4-4d95-a998-136b2bec65e8
2023-12-01 12:04:18,633 [a2bf02b8-7760-44e6-b399-ad4429aacfa0-server-thread1] INFO  server.RaftServer$Division (ServerState.java:setLeader(265)) - a2bf02b8-7760-44e6-b399-ad4429aacfa0@group-3FFCFFD79986: change Leader from null to e4101cf6-f8c4-4d95-a998-136b2bec65e8 at term 1 for appendEntries, leader elected after 4873ms
2023-12-01 12:04:18,639 [144aaeee-fb04-48fb-9b63-1a6b7587bad5-server-thread2] INFO  server.RaftServer$Division (ServerState.java:setRaftConf(382)) - 144aaeee-fb04-48fb-9b63-1a6b7587bad5@group-3FFCFFD79986: set configuration 0: peers:[144aaeee-fb04-48fb-9b63-1a6b7587bad5|10.1.0.24:15023, e4101cf6-f8c4-4d95-a998-136b2bec65e8|10.1.0.24:15014, a2bf02b8-7760-44e6-b399-ad4429aacfa0|10.1.0.24:15032]|listeners:[], old=null
2023-12-01 12:04:18,640 [144aaeee-fb04-48fb-9b63-1a6b7587bad5-server-thread2] INFO  segmented.SegmentedRaftLogWorker (SegmentedRaftLogWorker.java:startLogSegment(428)) - 144aaeee-fb04-48fb-9b63-1a6b7587bad5@group-3FFCFFD79986-SegmentedRaftLogWorker: Starting segment from index:0
2023-12-01 12:04:18,648 [a2bf02b8-7760-44e6-b399-ad4429aacfa0-server-thread3] INFO  server.RaftServer$Division (ServerState.java:setRaftConf(382)) - a2bf02b8-7760-44e6-b399-ad4429aacfa0@group-3FFCFFD79986: set configuration 0: peers:[144aaeee-fb04-48fb-9b63-1a6b7587bad5|10.1.0.24:15023, e4101cf6-f8c4-4d95-a998-136b2bec65e8|10.1.0.24:15014, a2bf02b8-7760-44e6-b399-ad4429aacfa0|10.1.0.24:15032]|listeners:[], old=null
2023-12-01 12:04:18,649 [a2bf02b8-7760-44e6-b399-ad4429aacfa0-server-thread3] INFO  segmented.SegmentedRaftLogWorker (SegmentedRaftLogWorker.java:startLogSegment(428)) - a2bf02b8-7760-44e6-b399-ad4429aacfa0@group-3FFCFFD79986-SegmentedRaftLogWorker: Starting segment from index:0
2023-12-01 12:04:18,650 [144aaeee-fb04-48fb-9b63-1a6b7587bad5@group-3FFCFFD79986-SegmentedRaftLogWorker] INFO  segmented.SegmentedRaftLogWorker (SegmentedRaftLogWorker.java:execute(632)) - 144aaeee-fb04-48fb-9b63-1a6b7587bad5@group-3FFCFFD79986-SegmentedRaftLogWorker: created new log segment /home/runner/work/ozone/ozone/hadoop-ozone/integration-test/target/test-dir/MiniOzoneClusterImpl-d99da5cf-54e3-4304-baea-1cefc2b4c4dc/datanode-1/data/ratis/6b4773d7-470c-4514-b2ab-3ffcffd79986/current/log_inprogress_0
2023-12-01 12:04:18,657 [e4101cf6-f8c4-4d95-a998-136b2bec65e8@group-3FFCFFD79986-StateMachineUpdater] INFO  server.RaftServer$Division (LeaderStateImpl.java:isApplied(316)) - leader is ready since appliedIndex == 0 >= startIndex == 0
2023-12-01 12:04:18,659 [a2bf02b8-7760-44e6-b399-ad4429aacfa0@group-3FFCFFD79986-SegmentedRaftLogWorker] INFO  segmented.SegmentedRaftLogWorker (SegmentedRaftLogWorker.java:execute(632)) - a2bf02b8-7760-44e6-b399-ad4429aacfa0@group-3FFCFFD79986-SegmentedRaftLogWorker: created new log segment /home/runner/work/ozone/ozone/hadoop-ozone/integration-test/target/test-dir/MiniOzoneClusterImpl-d99da5cf-54e3-4304-baea-1cefc2b4c4dc/datanode-2/data/ratis/6b4773d7-470c-4514-b2ab-3ffcffd79986/current/log_inprogress_0
2023-12-01 12:04:18,893 [a2bf02b8-7760-44e6-b399-ad4429aacfa0@group-3B1F69638C0D-FollowerState] INFO  impl.FollowerState (FollowerState.java:run(143)) - a2bf02b8-7760-44e6-b399-ad4429aacfa0@group-3B1F69638C0D-FollowerState: change to CANDIDATE, lastRpcElapsedTime:5139388156ns, electionTimeout:5138ms
2023-12-01 12:04:18,893 [a2bf02b8-7760-44e6-b399-ad4429aacfa0@group-3B1F69638C0D-FollowerState] INFO  impl.RoleInfo (RoleInfo.java:shutdownFollowerState(110)) - a2bf02b8-7760-44e6-b399-ad4429aacfa0: shutdown a2bf02b8-7760-44e6-b399-ad4429aacfa0@group-3B1F69638C0D-FollowerState
2023-12-01 12:04:18,893 [a2bf02b8-7760-44e6-b399-ad4429aacfa0@group-3B1F69638C0D-FollowerState] INFO  server.RaftServer$Division (RaftServerImpl.java:setRole(379)) - a2bf02b8-7760-44e6-b399-ad4429aacfa0@group-3B1F69638C0D: changes role from  FOLLOWER to CANDIDATE at term 0 for changeToCandidate
2023-12-01 12:04:18,894 [a2bf02b8-7760-44e6-b399-ad4429aacfa0@group-3B1F69638C0D-FollowerState] INFO  server.RaftServerConfigKeys (ConfUtils.java:logGet(46)) - raft.server.leaderelection.pre-vote = true (default)
2023-12-01 12:04:18,894 [a2bf02b8-7760-44e6-b399-ad4429aacfa0@group-3B1F69638C0D-FollowerState] INFO  impl.RoleInfo (RoleInfo.java:updateAndGet(139)) - a2bf02b8-7760-44e6-b399-ad4429aacfa0: start a2bf02b8-7760-44e6-b399-ad4429aacfa0@group-3B1F69638C0D-LeaderElection5
2023-12-01 12:04:18,895 [a2bf02b8-7760-44e6-b399-ad4429aacfa0@group-3B1F69638C0D-LeaderElection5] INFO  impl.LeaderElection (LeaderElection.java:askForVotes(323)) - a2bf02b8-7760-44e6-b399-ad4429aacfa0@group-3B1F69638C0D-LeaderElection5 PRE_VOTE round 0: submit vote requests at term 0 for -1: peers:[a2bf02b8-7760-44e6-b399-ad4429aacfa0|10.1.0.24:15032]|listeners:[], old=null
2023-12-01 12:04:18,896 [a2bf02b8-7760-44e6-b399-ad4429aacfa0@group-3B1F69638C0D-LeaderElection5] INFO  impl.LeaderElection (LeaderElection.java:askForVotes(325)) - a2bf02b8-7760-44e6-b399-ad4429aacfa0@group-3B1F69638C0D-LeaderElection5 PRE_VOTE round 0: result PASSED (term=0)
2023-12-01 12:04:18,897 [a2bf02b8-7760-44e6-b399-ad4429aacfa0@group-3B1F69638C0D-LeaderElection5] INFO  impl.LeaderElection (LeaderElection.java:askForVotes(323)) - a2bf02b8-7760-44e6-b399-ad4429aacfa0@group-3B1F69638C0D-LeaderElection5 ELECTION round 0: submit vote requests at term 1 for -1: peers:[a2bf02b8-7760-44e6-b399-ad4429aacfa0|10.1.0.24:15032]|listeners:[], old=null
2023-12-01 12:04:18,897 [a2bf02b8-7760-44e6-b399-ad4429aacfa0@group-3B1F69638C0D-LeaderElection5] INFO  impl.LeaderElection (LeaderElection.java:askForVotes(325)) - a2bf02b8-7760-44e6-b399-ad4429aacfa0@group-3B1F69638C0D-LeaderElection5 ELECTION round 0: result PASSED (term=1)
2023-12-01 12:04:18,897 [a2bf02b8-7760-44e6-b399-ad4429aacfa0@group-3B1F69638C0D-LeaderElection5] INFO  impl.RoleInfo (RoleInfo.java:shutdownLeaderElection(130)) - a2bf02b8-7760-44e6-b399-ad4429aacfa0: shutdown a2bf02b8-7760-44e6-b399-ad4429aacfa0@group-3B1F69638C0D-LeaderElection5
2023-12-01 12:04:18,897 [a2bf02b8-7760-44e6-b399-ad4429aacfa0@group-3B1F69638C0D-LeaderElection5] INFO  server.RaftServer$Division (RaftServerImpl.java:setRole(379)) - a2bf02b8-7760-44e6-b399-ad4429aacfa0@group-3B1F69638C0D: changes role from CANDIDATE to LEADER at term 1 for changeToLeader
2023-12-01 12:04:18,897 [a2bf02b8-7760-44e6-b399-ad4429aacfa0@group-3B1F69638C0D-LeaderElection5] INFO  server.RaftServerConfigKeys (ConfUtils.java:logGet(46)) - raft.server.staging.catchup.gap = 1000 (default)
2023-12-01 12:04:18,897 [a2bf02b8-7760-44e6-b399-ad4429aacfa0@group-3B1F69638C0D-LeaderElection5] INFO  server.RaftServerConfigKeys (ConfUtils.java:logGet(46)) - raft.server.write.element-limit = 1024 (custom)
2023-12-01 12:04:18,897 [a2bf02b8-7760-44e6-b399-ad4429aacfa0@group-3B1F69638C0D-LeaderElection5] INFO  server.RaftServerConfigKeys (ConfUtils.java:logGet(46)) - raft.server.write.byte-limit = 1024 M (=1073741824) (custom)
2023-12-01 12:04:18,897 [a2bf02b8-7760-44e6-b399-ad4429aacfa0@group-3B1F69638C0D-LeaderElection5] INFO  server.RaftServerConfigKeys (ConfUtils.java:logGet(46)) - raft.server.watch.timeout = 180s (custom)
2023-12-01 12:04:18,898 [a2bf02b8-7760-44e6-b399-ad4429aacfa0@group-3B1F69638C0D-LeaderElection5] INFO  server.RaftServerConfigKeys (ConfUtils.java:logGet(46)) - raft.server.watch.timeout.denomination = 1s (default)
2023-12-01 12:04:18,898 [a2bf02b8-7760-44e6-b399-ad4429aacfa0@group-3B1F69638C0D-LeaderElection5] INFO  server.RaftServerConfigKeys (ConfUtils.java:logGet(46)) - raft.server.watch.element-limit = 65536 (default)
2023-12-01 12:04:18,898 [a2bf02b8-7760-44e6-b399-ad4429aacfa0@group-3B1F69638C0D-LeaderElection5] INFO  server.RaftServerConfigKeys (ConfUtils.java:logGet(46)) - raft.server.read.leader.lease.enabled = false (default)
2023-12-01 12:04:18,898 [a2bf02b8-7760-44e6-b399-ad4429aacfa0@group-3B1F69638C0D-LeaderElection5] INFO  server.RaftServerConfigKeys (ConfUtils.java:logGet(46)) - raft.server.read.leader.lease.timeout.ratio = 0.9 (default)
2023-12-01 12:04:18,898 [a2bf02b8-7760-44e6-b399-ad4429aacfa0@group-3B1F69638C0D-LeaderElection5] INFO  server.RaftServerConfigKeys (ConfUtils.java:logGet(46)) - raft.server.rpc.timeout.min = 5s (custom)
2023-12-01 12:04:18,898 [a2bf02b8-7760-44e6-b399-ad4429aacfa0@group-3B1F69638C0D-LeaderElection5] INFO  server.RaftServerConfigKeys (ConfUtils.java:logGet(46)) - raft.server.write.element-limit = 1024 (custom)
2023-12-01 12:04:18,898 [a2bf02b8-7760-44e6-b399-ad4429aacfa0@group-3B1F69638C0D-LeaderElection5] INFO  server.RaftServerConfigKeys (ConfUtils.java:logGet(46)) - raft.server.write.follower.gap.ratio.max = -1.0 (default)
2023-12-01 12:04:18,898 [a2bf02b8-7760-44e6-b399-ad4429aacfa0@group-3B1F69638C0D-LeaderElection5] INFO  impl.RoleInfo (RoleInfo.java:updateAndGet(139)) - a2bf02b8-7760-44e6-b399-ad4429aacfa0: start a2bf02b8-7760-44e6-b399-ad4429aacfa0@group-3B1F69638C0D-LeaderStateImpl
2023-12-01 12:04:18,898 [a2bf02b8-7760-44e6-b399-ad4429aacfa0@group-3B1F69638C0D-LeaderElection5] INFO  server.RaftServer$Division (RaftServerImpl.java:setFirstElection(564)) - a2bf02b8-7760-44e6-b399-ad4429aacfa0@group-3B1F69638C0D: set firstElectionSinceStartup to false for becomeLeader
2023-12-01 12:04:18,898 [a2bf02b8-7760-44e6-b399-ad4429aacfa0@group-3B1F69638C0D-LeaderElection5] INFO  ratis.XceiverServerRatis (XceiverServerRatis.java:handleLeaderChangedNotification(912)) - Leader change notification received for group: group-3B1F69638C0D with new leaderId: a2bf02b8-7760-44e6-b399-ad4429aacfa0
2023-12-01 12:04:18,898 [a2bf02b8-7760-44e6-b399-ad4429aacfa0@group-3B1F69638C0D-LeaderElection5] INFO  server.RaftServer$Division (ServerState.java:setLeader(265)) - a2bf02b8-7760-44e6-b399-ad4429aacfa0@group-3B1F69638C0D: change Leader from null to a2bf02b8-7760-44e6-b399-ad4429aacfa0 at term 1 for becomeLeader, leader elected after 5176ms
2023-12-01 12:04:18,899 [a2bf02b8-7760-44e6-b399-ad4429aacfa0@group-3B1F69638C0D-LeaderElection5] INFO  segmented.SegmentedRaftLogWorker (SegmentedRaftLogWorker.java:startLogSegment(428)) - a2bf02b8-7760-44e6-b399-ad4429aacfa0@group-3B1F69638C0D-SegmentedRaftLogWorker: Starting segment from index:0
2023-12-01 12:04:18,900 [a2bf02b8-7760-44e6-b399-ad4429aacfa0@group-3B1F69638C0D-LeaderElection5] INFO  server.RaftServer$Division (ServerState.java:setRaftConf(382)) - a2bf02b8-7760-44e6-b399-ad4429aacfa0@group-3B1F69638C0D: set configuration 0: peers:[a2bf02b8-7760-44e6-b399-ad4429aacfa0|10.1.0.24:15032]|listeners:[], old=null
2023-12-01 12:04:18,908 [a2bf02b8-7760-44e6-b399-ad4429aacfa0@group-3B1F69638C0D-SegmentedRaftLogWorker] INFO  segmented.SegmentedRaftLogWorker (SegmentedRaftLogWorker.java:execute(632)) - a2bf02b8-7760-44e6-b399-ad4429aacfa0@group-3B1F69638C0D-SegmentedRaftLogWorker: created new log segment /home/runner/work/ozone/ozone/hadoop-ozone/integration-test/target/test-dir/MiniOzoneClusterImpl-d99da5cf-54e3-4304-baea-1cefc2b4c4dc/datanode-2/data/ratis/76ed91d3-0d11-4cfb-a06d-3b1f69638c0d/current/log_inprogress_0
2023-12-01 12:04:18,910 [a2bf02b8-7760-44e6-b399-ad4429aacfa0@group-3B1F69638C0D-StateMachineUpdater] INFO  server.RaftServer$Division (LeaderStateImpl.java:isApplied(316)) - leader is ready since appliedIndex == 0 >= startIndex == 0
2023-12-01 12:04:18,920 [a78ad617-b5b5-46fb-9003-310abdef56ad@group-DEFFDE7C9D9F-FollowerState] INFO  impl.FollowerState (FollowerState.java:run(143)) - a78ad617-b5b5-46fb-9003-310abdef56ad@group-DEFFDE7C9D9F-FollowerState: change to CANDIDATE, lastRpcElapsedTime:5078775535ns, electionTimeout:5078ms
2023-12-01 12:04:18,920 [a78ad617-b5b5-46fb-9003-310abdef56ad@group-DEFFDE7C9D9F-FollowerState] INFO  impl.RoleInfo (RoleInfo.java:shutdownFollowerState(110)) - a78ad617-b5b5-46fb-9003-310abdef56ad: shutdown a78ad617-b5b5-46fb-9003-310abdef56ad@group-DEFFDE7C9D9F-FollowerState
2023-12-01 12:04:18,920 [a78ad617-b5b5-46fb-9003-310abdef56ad@group-DEFFDE7C9D9F-FollowerState] INFO  server.RaftServer$Division (RaftServerImpl.java:setRole(379)) - a78ad617-b5b5-46fb-9003-310abdef56ad@group-DEFFDE7C9D9F: changes role from  FOLLOWER to CANDIDATE at term 0 for changeToCandidate
2023-12-01 12:04:18,921 [a78ad617-b5b5-46fb-9003-310abdef56ad@group-DEFFDE7C9D9F-FollowerState] INFO  server.RaftServerConfigKeys (ConfUtils.java:logGet(46)) - raft.server.leaderelection.pre-vote = true (default)
2023-12-01 12:04:18,921 [a78ad617-b5b5-46fb-9003-310abdef56ad@group-DEFFDE7C9D9F-FollowerState] INFO  impl.RoleInfo (RoleInfo.java:updateAndGet(139)) - a78ad617-b5b5-46fb-9003-310abdef56ad: start a78ad617-b5b5-46fb-9003-310abdef56ad@group-DEFFDE7C9D9F-LeaderElection6
2023-12-01 12:04:18,922 [a78ad617-b5b5-46fb-9003-310abdef56ad@group-DEFFDE7C9D9F-LeaderElection6] INFO  impl.LeaderElection (LeaderElection.java:askForVotes(323)) - a78ad617-b5b5-46fb-9003-310abdef56ad@group-DEFFDE7C9D9F-LeaderElection6 PRE_VOTE round 0: submit vote requests at term 0 for -1: peers:[a78ad617-b5b5-46fb-9003-310abdef56ad|10.1.0.24:15041, 6dc608fe-50aa-407f-b4f0-db1c149f31c2|10.1.0.24:15059, 9e3b9079-4dd1-4962-964a-dfdeb60592bf|10.1.0.24:15050]|listeners:[], old=null
2023-12-01 12:04:18,922 [a78ad617-b5b5-46fb-9003-310abdef56ad@group-DEFFDE7C9D9F-LeaderElection6-1] INFO  server.GrpcServerProtocolClient (GrpcServerProtocolClient.java:<init>(65)) - Build channel for 6dc608fe-50aa-407f-b4f0-db1c149f31c2
2023-12-01 12:04:18,922 [a78ad617-b5b5-46fb-9003-310abdef56ad@group-DEFFDE7C9D9F-LeaderElection6] INFO  server.RaftServerConfigKeys (ConfUtils.java:logFallback(53)) - raft.server.rpc.first-election.timeout.min = 5s (fallback to raft.server.rpc.timeout.min)
2023-12-01 12:04:18,923 [a78ad617-b5b5-46fb-9003-310abdef56ad@group-DEFFDE7C9D9F-LeaderElection6] INFO  server.RaftServerConfigKeys (ConfUtils.java:logFallback(53)) - raft.server.rpc.first-election.timeout.max = 5200ms (fallback to raft.server.rpc.timeout.max)
2023-12-01 12:04:18,923 [a78ad617-b5b5-46fb-9003-310abdef56ad@group-DEFFDE7C9D9F-LeaderElection6-2] INFO  server.GrpcServerProtocolClient (GrpcServerProtocolClient.java:<init>(65)) - Build channel for 9e3b9079-4dd1-4962-964a-dfdeb60592bf
2023-12-01 12:04:18,931 [grpc-default-executor-0] INFO  server.RaftServer$Division (RaftServerImpl.java:requestVote(1377)) - 9e3b9079-4dd1-4962-964a-dfdeb60592bf@group-DEFFDE7C9D9F: receive requestVote(PRE_VOTE, a78ad617-b5b5-46fb-9003-310abdef56ad, group-DEFFDE7C9D9F, 0, (t:0, i:0))
2023-12-01 12:04:18,932 [grpc-default-executor-0] INFO  impl.VoteContext (VoteContext.java:log(49)) - 9e3b9079-4dd1-4962-964a-dfdeb60592bf@group-DEFFDE7C9D9F-FOLLOWER: accept PRE_VOTE from a78ad617-b5b5-46fb-9003-310abdef56ad: our priority 0 <= candidate's priority 1
2023-12-01 12:04:18,932 [grpc-default-executor-0] INFO  server.RaftServer$Division (RaftServerImpl.java:requestVote(1410)) - 9e3b9079-4dd1-4962-964a-dfdeb60592bf@group-DEFFDE7C9D9F replies to PRE_VOTE vote request: a78ad617-b5b5-46fb-9003-310abdef56ad<-9e3b9079-4dd1-4962-964a-dfdeb60592bf#0:OK-t0. Peer's state: 9e3b9079-4dd1-4962-964a-dfdeb60592bf@group-DEFFDE7C9D9F:t0, leader=null, voted=, raftlog=Memoized:9e3b9079-4dd1-4962-964a-dfdeb60592bf@group-DEFFDE7C9D9F-SegmentedRaftLog:OPENED:c-1, conf=-1: peers:[a78ad617-b5b5-46fb-9003-310abdef56ad|10.1.0.24:15041, 6dc608fe-50aa-407f-b4f0-db1c149f31c2|10.1.0.24:15059, 9e3b9079-4dd1-4962-964a-dfdeb60592bf|10.1.0.24:15050]|listeners:[], old=null
2023-12-01 12:04:18,934 [grpc-default-executor-4] INFO  server.RaftServer$Division (RaftServerImpl.java:requestVote(1377)) - 6dc608fe-50aa-407f-b4f0-db1c149f31c2@group-DEFFDE7C9D9F: receive requestVote(PRE_VOTE, a78ad617-b5b5-46fb-9003-310abdef56ad, group-DEFFDE7C9D9F, 0, (t:0, i:0))
2023-12-01 12:04:18,934 [grpc-default-executor-4] INFO  impl.VoteContext (VoteContext.java:log(49)) - 6dc608fe-50aa-407f-b4f0-db1c149f31c2@group-DEFFDE7C9D9F-FOLLOWER: accept PRE_VOTE from a78ad617-b5b5-46fb-9003-310abdef56ad: our priority 0 <= candidate's priority 1
2023-12-01 12:04:18,934 [grpc-default-executor-4] INFO  server.RaftServer$Division (RaftServerImpl.java:requestVote(1410)) - 6dc608fe-50aa-407f-b4f0-db1c149f31c2@group-DEFFDE7C9D9F replies to PRE_VOTE vote request: a78ad617-b5b5-46fb-9003-310abdef56ad<-6dc608fe-50aa-407f-b4f0-db1c149f31c2#0:OK-t0. Peer's state: 6dc608fe-50aa-407f-b4f0-db1c149f31c2@group-DEFFDE7C9D9F:t0, leader=null, voted=, raftlog=Memoized:6dc608fe-50aa-407f-b4f0-db1c149f31c2@group-DEFFDE7C9D9F-SegmentedRaftLog:OPENED:c-1, conf=-1: peers:[a78ad617-b5b5-46fb-9003-310abdef56ad|10.1.0.24:15041, 6dc608fe-50aa-407f-b4f0-db1c149f31c2|10.1.0.24:15059, 9e3b9079-4dd1-4962-964a-dfdeb60592bf|10.1.0.24:15050]|listeners:[], old=null
2023-12-01 12:04:18,943 [a78ad617-b5b5-46fb-9003-310abdef56ad@group-DEFFDE7C9D9F-LeaderElection6] INFO  impl.LeaderElection (LeaderElection.java:logAndReturn(89)) - a78ad617-b5b5-46fb-9003-310abdef56ad@group-DEFFDE7C9D9F-LeaderElection6: PRE_VOTE PASSED received 1 response(s) and 0 exception(s):
2023-12-01 12:04:18,944 [a78ad617-b5b5-46fb-9003-310abdef56ad@group-DEFFDE7C9D9F-LeaderElection6] INFO  impl.LeaderElection (LeaderElection.java:logAndReturn(93)) -   Response 0: a78ad617-b5b5-46fb-9003-310abdef56ad<-9e3b9079-4dd1-4962-964a-dfdeb60592bf#0:OK-t0
2023-12-01 12:04:18,944 [a78ad617-b5b5-46fb-9003-310abdef56ad@group-DEFFDE7C9D9F-LeaderElection6] INFO  impl.LeaderElection (LeaderElection.java:askForVotes(325)) - a78ad617-b5b5-46fb-9003-310abdef56ad@group-DEFFDE7C9D9F-LeaderElection6 PRE_VOTE round 0: result PASSED
2023-12-01 12:04:18,947 [a78ad617-b5b5-46fb-9003-310abdef56ad@group-DEFFDE7C9D9F-LeaderElection6] INFO  impl.LeaderElection (LeaderElection.java:askForVotes(323)) - a78ad617-b5b5-46fb-9003-310abdef56ad@group-DEFFDE7C9D9F-LeaderElection6 ELECTION round 0: submit vote requests at term 1 for -1: peers:[a78ad617-b5b5-46fb-9003-310abdef56ad|10.1.0.24:15041, 6dc608fe-50aa-407f-b4f0-db1c149f31c2|10.1.0.24:15059, 9e3b9079-4dd1-4962-964a-dfdeb60592bf|10.1.0.24:15050]|listeners:[], old=null
2023-12-01 12:04:18,948 [a78ad617-b5b5-46fb-9003-310abdef56ad@group-DEFFDE7C9D9F-LeaderElection6] INFO  server.RaftServerConfigKeys (ConfUtils.java:logFallback(53)) - raft.server.rpc.first-election.timeout.min = 5s (fallback to raft.server.rpc.timeout.min)
2023-12-01 12:04:18,948 [a78ad617-b5b5-46fb-9003-310abdef56ad@group-DEFFDE7C9D9F-LeaderElection6] INFO  server.RaftServerConfigKeys (ConfUtils.java:logFallback(53)) - raft.server.rpc.first-election.timeout.max = 5200ms (fallback to raft.server.rpc.timeout.max)
2023-12-01 12:04:18,949 [grpc-default-executor-4] INFO  server.RaftServer$Division (RaftServerImpl.java:requestVote(1377)) - 6dc608fe-50aa-407f-b4f0-db1c149f31c2@group-DEFFDE7C9D9F: receive requestVote(ELECTION, a78ad617-b5b5-46fb-9003-310abdef56ad, group-DEFFDE7C9D9F, 1, (t:0, i:0))
2023-12-01 12:04:18,952 [grpc-default-executor-4] INFO  impl.VoteContext (VoteContext.java:log(49)) - 6dc608fe-50aa-407f-b4f0-db1c149f31c2@group-DEFFDE7C9D9F-FOLLOWER: accept ELECTION from a78ad617-b5b5-46fb-9003-310abdef56ad: our priority 0 <= candidate's priority 1
2023-12-01 12:04:18,952 [grpc-default-executor-4] INFO  server.RaftServer$Division (RaftServerImpl.java:setRole(379)) - 6dc608fe-50aa-407f-b4f0-db1c149f31c2@group-DEFFDE7C9D9F: changes role from  FOLLOWER to FOLLOWER at term 1 for candidate:a78ad617-b5b5-46fb-9003-310abdef56ad
2023-12-01 12:04:18,952 [grpc-default-executor-4] INFO  impl.RoleInfo (RoleInfo.java:shutdownFollowerState(110)) - 6dc608fe-50aa-407f-b4f0-db1c149f31c2: shutdown 6dc608fe-50aa-407f-b4f0-db1c149f31c2@group-DEFFDE7C9D9F-FollowerState
2023-12-01 12:04:18,952 [6dc608fe-50aa-407f-b4f0-db1c149f31c2@group-DEFFDE7C9D9F-FollowerState] INFO  impl.FollowerState (FollowerState.java:run(152)) - 6dc608fe-50aa-407f-b4f0-db1c149f31c2@group-DEFFDE7C9D9F-FollowerState was interrupted
2023-12-01 12:04:18,954 [grpc-default-executor-4] INFO  impl.RoleInfo (RoleInfo.java:updateAndGet(139)) - 6dc608fe-50aa-407f-b4f0-db1c149f31c2: start 6dc608fe-50aa-407f-b4f0-db1c149f31c2@group-DEFFDE7C9D9F-FollowerState
2023-12-01 12:04:18,955 [grpc-default-executor-4] INFO  server.RaftServer$Division (RaftServerImpl.java:setFirstElection(564)) - 6dc608fe-50aa-407f-b4f0-db1c149f31c2@group-DEFFDE7C9D9F: set firstElectionSinceStartup to false for candidate:a78ad617-b5b5-46fb-9003-310abdef56ad
2023-12-01 12:04:18,955 [grpc-default-executor-0] INFO  server.RaftServer$Division (RaftServerImpl.java:requestVote(1377)) - 9e3b9079-4dd1-4962-964a-dfdeb60592bf@group-DEFFDE7C9D9F: receive requestVote(ELECTION, a78ad617-b5b5-46fb-9003-310abdef56ad, group-DEFFDE7C9D9F, 1, (t:0, i:0))
2023-12-01 12:04:18,956 [grpc-default-executor-0] INFO  impl.VoteContext (VoteContext.java:log(49)) - 9e3b9079-4dd1-4962-964a-dfdeb60592bf@group-DEFFDE7C9D9F-FOLLOWER: accept ELECTION from a78ad617-b5b5-46fb-9003-310abdef56ad: our priority 0 <= candidate's priority 1
2023-12-01 12:04:18,956 [grpc-default-executor-0] INFO  server.RaftServer$Division (RaftServerImpl.java:setRole(379)) - 9e3b9079-4dd1-4962-964a-dfdeb60592bf@group-DEFFDE7C9D9F: changes role from  FOLLOWER to FOLLOWER at term 1 for candidate:a78ad617-b5b5-46fb-9003-310abdef56ad
2023-12-01 12:04:18,956 [grpc-default-executor-0] INFO  impl.RoleInfo (RoleInfo.java:shutdownFollowerState(110)) - 9e3b9079-4dd1-4962-964a-dfdeb60592bf: shutdown 9e3b9079-4dd1-4962-964a-dfdeb60592bf@group-DEFFDE7C9D9F-FollowerState
2023-12-01 12:04:18,956 [9e3b9079-4dd1-4962-964a-dfdeb60592bf@group-DEFFDE7C9D9F-FollowerState] INFO  impl.FollowerState (FollowerState.java:run(152)) - 9e3b9079-4dd1-4962-964a-dfdeb60592bf@group-DEFFDE7C9D9F-FollowerState was interrupted
2023-12-01 12:04:18,956 [grpc-default-executor-0] INFO  impl.RoleInfo (RoleInfo.java:updateAndGet(139)) - 9e3b9079-4dd1-4962-964a-dfdeb60592bf: start 9e3b9079-4dd1-4962-964a-dfdeb60592bf@group-DEFFDE7C9D9F-FollowerState
2023-12-01 12:04:18,956 [grpc-default-executor-4] INFO  server.RaftServer$Division (RaftServerImpl.java:requestVote(1410)) - 6dc608fe-50aa-407f-b4f0-db1c149f31c2@group-DEFFDE7C9D9F replies to ELECTION vote request: a78ad617-b5b5-46fb-9003-310abdef56ad<-6dc608fe-50aa-407f-b4f0-db1c149f31c2#0:OK-t1. Peer's state: 6dc608fe-50aa-407f-b4f0-db1c149f31c2@group-DEFFDE7C9D9F:t1, leader=null, voted=a78ad617-b5b5-46fb-9003-310abdef56ad, raftlog=Memoized:6dc608fe-50aa-407f-b4f0-db1c149f31c2@group-DEFFDE7C9D9F-SegmentedRaftLog:OPENED:c-1, conf=-1: peers:[a78ad617-b5b5-46fb-9003-310abdef56ad|10.1.0.24:15041, 6dc608fe-50aa-407f-b4f0-db1c149f31c2|10.1.0.24:15059, 9e3b9079-4dd1-4962-964a-dfdeb60592bf|10.1.0.24:15050]|listeners:[], old=null
2023-12-01 12:04:18,957 [grpc-default-executor-0] INFO  server.RaftServer$Division (RaftServerImpl.java:setFirstElection(564)) - 9e3b9079-4dd1-4962-964a-dfdeb60592bf@group-DEFFDE7C9D9F: set firstElectionSinceStartup to false for candidate:a78ad617-b5b5-46fb-9003-310abdef56ad
2023-12-01 12:04:18,958 [a78ad617-b5b5-46fb-9003-310abdef56ad@group-DEFFDE7C9D9F-LeaderElection6] INFO  impl.LeaderElection (LeaderElection.java:logAndReturn(89)) - a78ad617-b5b5-46fb-9003-310abdef56ad@group-DEFFDE7C9D9F-LeaderElection6: ELECTION PASSED received 1 response(s) and 0 exception(s):
2023-12-01 12:04:18,959 [a78ad617-b5b5-46fb-9003-310abdef56ad@group-DEFFDE7C9D9F-LeaderElection6] INFO  impl.LeaderElection (LeaderElection.java:logAndReturn(93)) -   Response 0: a78ad617-b5b5-46fb-9003-310abdef56ad<-6dc608fe-50aa-407f-b4f0-db1c149f31c2#0:OK-t1
2023-12-01 12:04:18,959 [grpc-default-executor-0] INFO  server.RaftServer$Division (RaftServerImpl.java:requestVote(1410)) - 9e3b9079-4dd1-4962-964a-dfdeb60592bf@group-DEFFDE7C9D9F replies to ELECTION vote request: a78ad617-b5b5-46fb-9003-310abdef56ad<-9e3b9079-4dd1-4962-964a-dfdeb60592bf#0:OK-t1. Peer's state: 9e3b9079-4dd1-4962-964a-dfdeb60592bf@group-DEFFDE7C9D9F:t1, leader=null, voted=a78ad617-b5b5-46fb-9003-310abdef56ad, raftlog=Memoized:9e3b9079-4dd1-4962-964a-dfdeb60592bf@group-DEFFDE7C9D9F-SegmentedRaftLog:OPENED:c-1, conf=-1: peers:[a78ad617-b5b5-46fb-9003-310abdef56ad|10.1.0.24:15041, 6dc608fe-50aa-407f-b4f0-db1c149f31c2|10.1.0.24:15059, 9e3b9079-4dd1-4962-964a-dfdeb60592bf|10.1.0.24:15050]|listeners:[], old=null
2023-12-01 12:04:18,959 [a78ad617-b5b5-46fb-9003-310abdef56ad@group-DEFFDE7C9D9F-LeaderElection6] INFO  impl.LeaderElection (LeaderElection.java:askForVotes(325)) - a78ad617-b5b5-46fb-9003-310abdef56ad@group-DEFFDE7C9D9F-LeaderElection6 ELECTION round 0: result PASSED
2023-12-01 12:04:18,960 [a78ad617-b5b5-46fb-9003-310abdef56ad@group-DEFFDE7C9D9F-LeaderElection6] INFO  impl.RoleInfo (RoleInfo.java:shutdownLeaderElection(130)) - a78ad617-b5b5-46fb-9003-310abdef56ad: shutdown a78ad617-b5b5-46fb-9003-310abdef56ad@group-DEFFDE7C9D9F-LeaderElection6
2023-12-01 12:04:18,960 [a78ad617-b5b5-46fb-9003-310abdef56ad@group-DEFFDE7C9D9F-LeaderElection6] INFO  server.RaftServer$Division (RaftServerImpl.java:setRole(379)) - a78ad617-b5b5-46fb-9003-310abdef56ad@group-DEFFDE7C9D9F: changes role from CANDIDATE to LEADER at term 1 for changeToLeader
2023-12-01 12:04:18,960 [a78ad617-b5b5-46fb-9003-310abdef56ad@group-DEFFDE7C9D9F-LeaderElection6] INFO  server.RaftServerConfigKeys (ConfUtils.java:logGet(46)) - raft.server.staging.catchup.gap = 1000 (default)
2023-12-01 12:04:18,961 [a78ad617-b5b5-46fb-9003-310abdef56ad@group-DEFFDE7C9D9F-LeaderElection6] INFO  server.RaftServerConfigKeys (ConfUtils.java:logGet(46)) - raft.server.write.element-limit = 1024 (custom)
2023-12-01 12:04:18,961 [a78ad617-b5b5-46fb-9003-310abdef56ad@group-DEFFDE7C9D9F-LeaderElection6] INFO  server.RaftServerConfigKeys (ConfUtils.java:logGet(46)) - raft.server.write.byte-limit = 1024 M (=1073741824) (custom)
2023-12-01 12:04:18,961 [a78ad617-b5b5-46fb-9003-310abdef56ad@group-DEFFDE7C9D9F-LeaderElection6] INFO  server.RaftServerConfigKeys (ConfUtils.java:logGet(46)) - raft.server.watch.timeout = 180s (custom)
2023-12-01 12:04:18,961 [a78ad617-b5b5-46fb-9003-310abdef56ad@group-DEFFDE7C9D9F-LeaderElection6] INFO  server.RaftServerConfigKeys (ConfUtils.java:logGet(46)) - raft.server.watch.timeout.denomination = 1s (default)
2023-12-01 12:04:18,962 [a78ad617-b5b5-46fb-9003-310abdef56ad@group-DEFFDE7C9D9F-LeaderElection6] INFO  server.RaftServerConfigKeys (ConfUtils.java:logGet(46)) - raft.server.watch.element-limit = 65536 (default)
2023-12-01 12:04:18,962 [a78ad617-b5b5-46fb-9003-310abdef56ad@group-DEFFDE7C9D9F-LeaderElection6] INFO  server.RaftServerConfigKeys (ConfUtils.java:logGet(46)) - raft.server.read.leader.lease.enabled = false (default)
2023-12-01 12:04:18,962 [a78ad617-b5b5-46fb-9003-310abdef56ad@group-DEFFDE7C9D9F-LeaderElection6] INFO  server.RaftServerConfigKeys (ConfUtils.java:logGet(46)) - raft.server.read.leader.lease.timeout.ratio = 0.9 (default)
2023-12-01 12:04:18,962 [a78ad617-b5b5-46fb-9003-310abdef56ad@group-DEFFDE7C9D9F-LeaderElection6] INFO  server.RaftServerConfigKeys (ConfUtils.java:logGet(46)) - raft.server.rpc.timeout.min = 5s (custom)
2023-12-01 12:04:18,962 [a78ad617-b5b5-46fb-9003-310abdef56ad@group-DEFFDE7C9D9F-LeaderElection6] INFO  server.RaftServerConfigKeys (ConfUtils.java:logGet(46)) - raft.server.write.element-limit = 1024 (custom)
2023-12-01 12:04:18,962 [a78ad617-b5b5-46fb-9003-310abdef56ad@group-DEFFDE7C9D9F-LeaderElection6] INFO  server.RaftServerConfigKeys (ConfUtils.java:logGet(46)) - raft.server.write.follower.gap.ratio.max = -1.0 (default)
2023-12-01 12:04:18,963 [a78ad617-b5b5-46fb-9003-310abdef56ad@group-DEFFDE7C9D9F-LeaderElection6] INFO  server.RaftServerConfigKeys (ConfUtils.java:logGet(46)) - raft.server.log.appender.snapshot.chunk.size.max = 16MB (=16777216) (default)
2023-12-01 12:04:18,963 [a78ad617-b5b5-46fb-9003-310abdef56ad@group-DEFFDE7C9D9F-LeaderElection6] INFO  server.RaftServerConfigKeys (ConfUtils.java:logGet(46)) - raft.server.log.appender.buffer.byte-limit = 33554432 (custom)
2023-12-01 12:04:18,963 [a78ad617-b5b5-46fb-9003-310abdef56ad@group-DEFFDE7C9D9F-LeaderElection6] INFO  server.RaftServerConfigKeys (ConfUtils.java:logGet(46)) - raft.server.log.appender.buffer.element-limit = 1 (custom)
2023-12-01 12:04:18,963 [a78ad617-b5b5-46fb-9003-310abdef56ad@group-DEFFDE7C9D9F-LeaderElection6] INFO  server.RaftServerConfigKeys (ConfUtils.java:logGet(46)) - raft.server.log.appender.wait-time.min = 1ms (default)
2023-12-01 12:04:18,963 [a78ad617-b5b5-46fb-9003-310abdef56ad@group-DEFFDE7C9D9F-LeaderElection6] INFO  grpc.GrpcConfigKeys (ConfUtils.java:logGet(46)) - raft.grpc.server.leader.outstanding.appends.max = 8 (default)
2023-12-01 12:04:18,964 [a78ad617-b5b5-46fb-9003-310abdef56ad@group-DEFFDE7C9D9F-LeaderElection6] INFO  server.RaftServerConfigKeys (ConfUtils.java:logGet(46)) - raft.server.rpc.request.timeout = 60s (custom)
2023-12-01 12:04:18,964 [a78ad617-b5b5-46fb-9003-310abdef56ad@group-DEFFDE7C9D9F-LeaderElection6] INFO  grpc.GrpcConfigKeys (ConfUtils.java:logGet(46)) - raft.grpc.server.install_snapshot.request.element-limit = 8 (default)
2023-12-01 12:04:18,964 [a78ad617-b5b5-46fb-9003-310abdef56ad@group-DEFFDE7C9D9F-LeaderElection6] INFO  grpc.GrpcConfigKeys (ConfUtils.java:logGet(46)) - raft.grpc.server.install_snapshot.request.timeout = 3000ms (default)
2023-12-01 12:04:18,964 [a78ad617-b5b5-46fb-9003-310abdef56ad@group-DEFFDE7C9D9F-LeaderElection6] INFO  server.RaftServerConfigKeys (ConfUtils.java:logGet(46)) - raft.server.log.appender.install.snapshot.enabled = false (custom)
2023-12-01 12:04:18,964 [a78ad617-b5b5-46fb-9003-310abdef56ad@group-DEFFDE7C9D9F-LeaderElection6] INFO  grpc.GrpcConfigKeys (ConfUtils.java:logGet(46)) - raft.grpc.server.heartbeat.channel = true (default)
2023-12-01 12:04:18,965 [a78ad617-b5b5-46fb-9003-310abdef56ad@group-DEFFDE7C9D9F-LeaderElection6] INFO  server.RaftServerConfigKeys (ConfUtils.java:logGet(46)) - raft.server.log.appender.snapshot.chunk.size.max = 16MB (=16777216) (default)
2023-12-01 12:04:18,965 [a78ad617-b5b5-46fb-9003-310abdef56ad@group-DEFFDE7C9D9F-LeaderElection6] INFO  server.RaftServerConfigKeys (ConfUtils.java:logGet(46)) - raft.server.log.appender.buffer.byte-limit = 33554432 (custom)
2023-12-01 12:04:18,965 [a78ad617-b5b5-46fb-9003-310abdef56ad@group-DEFFDE7C9D9F-LeaderElection6] INFO  server.RaftServerConfigKeys (ConfUtils.java:logGet(46)) - raft.server.log.appender.buffer.element-limit = 1 (custom)
2023-12-01 12:04:18,965 [a78ad617-b5b5-46fb-9003-310abdef56ad@group-DEFFDE7C9D9F-LeaderElection6] INFO  server.RaftServerConfigKeys (ConfUtils.java:logGet(46)) - raft.server.log.appender.wait-time.min = 1ms (default)
2023-12-01 12:04:18,965 [a78ad617-b5b5-46fb-9003-310abdef56ad@group-DEFFDE7C9D9F-LeaderElection6] INFO  grpc.GrpcConfigKeys (ConfUtils.java:logGet(46)) - raft.grpc.server.leader.outstanding.appends.max = 8 (default)
2023-12-01 12:04:18,966 [a78ad617-b5b5-46fb-9003-310abdef56ad@group-DEFFDE7C9D9F-LeaderElection6] INFO  server.RaftServerConfigKeys (ConfUtils.java:logGet(46)) - raft.server.rpc.request.timeout = 60s (custom)
2023-12-01 12:04:18,966 [a78ad617-b5b5-46fb-9003-310abdef56ad@group-DEFFDE7C9D9F-LeaderElection6] INFO  grpc.GrpcConfigKeys (ConfUtils.java:logGet(46)) - raft.grpc.server.install_snapshot.request.element-limit = 8 (default)
2023-12-01 12:04:18,966 [a78ad617-b5b5-46fb-9003-310abdef56ad@group-DEFFDE7C9D9F-LeaderElection6] INFO  grpc.GrpcConfigKeys (ConfUtils.java:logGet(46)) - raft.grpc.server.install_snapshot.request.timeout = 3000ms (default)
2023-12-01 12:04:18,966 [a78ad617-b5b5-46fb-9003-310abdef56ad@group-DEFFDE7C9D9F-LeaderElection6] INFO  server.RaftServerConfigKeys (ConfUtils.java:logGet(46)) - raft.server.log.appender.install.snapshot.enabled = false (custom)
2023-12-01 12:04:18,966 [a78ad617-b5b5-46fb-9003-310abdef56ad@group-DEFFDE7C9D9F-LeaderElection6] INFO  grpc.GrpcConfigKeys (ConfUtils.java:logGet(46)) - raft.grpc.server.heartbeat.channel = true (default)
2023-12-01 12:04:18,966 [a78ad617-b5b5-46fb-9003-310abdef56ad@group-DEFFDE7C9D9F-LeaderElection6] INFO  impl.RoleInfo (RoleInfo.java:updateAndGet(139)) - a78ad617-b5b5-46fb-9003-310abdef56ad: start a78ad617-b5b5-46fb-9003-310abdef56ad@group-DEFFDE7C9D9F-LeaderStateImpl
2023-12-01 12:04:18,966 [a78ad617-b5b5-46fb-9003-310abdef56ad@group-DEFFDE7C9D9F-LeaderElection6] INFO  server.RaftServer$Division (RaftServerImpl.java:setFirstElection(564)) - a78ad617-b5b5-46fb-9003-310abdef56ad@group-DEFFDE7C9D9F: set firstElectionSinceStartup to false for becomeLeader
2023-12-01 12:04:18,966 [a78ad617-b5b5-46fb-9003-310abdef56ad@group-DEFFDE7C9D9F-LeaderElection6] INFO  ratis.XceiverServerRatis (XceiverServerRatis.java:handleLeaderChangedNotification(912)) - Leader change notification received for group: group-DEFFDE7C9D9F with new leaderId: a78ad617-b5b5-46fb-9003-310abdef56ad
2023-12-01 12:04:18,967 [a78ad617-b5b5-46fb-9003-310abdef56ad@group-DEFFDE7C9D9F-LeaderElection6] INFO  server.RaftServer$Division (ServerState.java:setLeader(265)) - a78ad617-b5b5-46fb-9003-310abdef56ad@group-DEFFDE7C9D9F: change Leader from null to a78ad617-b5b5-46fb-9003-310abdef56ad at term 1 for becomeLeader, leader elected after 5140ms
2023-12-01 12:04:18,968 [a78ad617-b5b5-46fb-9003-310abdef56ad@group-DEFFDE7C9D9F-LeaderElection6] INFO  segmented.SegmentedRaftLogWorker (SegmentedRaftLogWorker.java:startLogSegment(428)) - a78ad617-b5b5-46fb-9003-310abdef56ad@group-DEFFDE7C9D9F-SegmentedRaftLogWorker: Starting segment from index:0
2023-12-01 12:04:18,969 [EventQueue-PipelineReportForPipelineReportHandler] INFO  pipeline.PipelineReportHandler (PipelineReportHandler.java:processPipelineReport(136)) - Opened pipeline PipelineID=2b4dd9e6-4792-4511-8b8f-deffde7c9d9f
2023-12-01 12:04:18,972 [a78ad617-b5b5-46fb-9003-310abdef56ad@group-DEFFDE7C9D9F-LeaderElection6] INFO  server.RaftServer$Division (ServerState.java:setRaftConf(382)) - a78ad617-b5b5-46fb-9003-310abdef56ad@group-DEFFDE7C9D9F: set configuration 0: peers:[a78ad617-b5b5-46fb-9003-310abdef56ad|10.1.0.24:15041, 6dc608fe-50aa-407f-b4f0-db1c149f31c2|10.1.0.24:15059, 9e3b9079-4dd1-4962-964a-dfdeb60592bf|10.1.0.24:15050]|listeners:[], old=null
2023-12-01 12:04:18,976 [a78ad617-b5b5-46fb-9003-310abdef56ad@group-DEFFDE7C9D9F-SegmentedRaftLogWorker] INFO  segmented.SegmentedRaftLogWorker (SegmentedRaftLogWorker.java:execute(632)) - a78ad617-b5b5-46fb-9003-310abdef56ad@group-DEFFDE7C9D9F-SegmentedRaftLogWorker: created new log segment /home/runner/work/ozone/ozone/hadoop-ozone/integration-test/target/test-dir/MiniOzoneClusterImpl-d99da5cf-54e3-4304-baea-1cefc2b4c4dc/datanode-3/data/ratis/2b4dd9e6-4792-4511-8b8f-deffde7c9d9f/current/log_inprogress_0
2023-12-01 12:04:18,988 [6dc608fe-50aa-407f-b4f0-db1c149f31c2-server-thread1] INFO  ratis.XceiverServerRatis (XceiverServerRatis.java:handleLeaderChangedNotification(912)) - Leader change notification received for group: group-DEFFDE7C9D9F with new leaderId: a78ad617-b5b5-46fb-9003-310abdef56ad
2023-12-01 12:04:18,988 [6dc608fe-50aa-407f-b4f0-db1c149f31c2-server-thread1] INFO  server.RaftServer$Division (ServerState.java:setLeader(265)) - 6dc608fe-50aa-407f-b4f0-db1c149f31c2@group-DEFFDE7C9D9F: change Leader from null to a78ad617-b5b5-46fb-9003-310abdef56ad at term 1 for appendEntries, leader elected after 4709ms
2023-12-01 12:04:18,989 [9e3b9079-4dd1-4962-964a-dfdeb60592bf-server-thread1] INFO  ratis.XceiverServerRatis (XceiverServerRatis.java:handleLeaderChangedNotification(912)) - Leader change notification received for group: group-DEFFDE7C9D9F with new leaderId: a78ad617-b5b5-46fb-9003-310abdef56ad
2023-12-01 12:04:18,989 [9e3b9079-4dd1-4962-964a-dfdeb60592bf-server-thread1] INFO  server.RaftServer$Division (ServerState.java:setLeader(265)) - 9e3b9079-4dd1-4962-964a-dfdeb60592bf@group-DEFFDE7C9D9F: change Leader from null to a78ad617-b5b5-46fb-9003-310abdef56ad at term 1 for appendEntries, leader elected after 4947ms
2023-12-01 12:04:18,990 [6dc608fe-50aa-407f-b4f0-db1c149f31c2-server-thread2] INFO  server.RaftServer$Division (ServerState.java:setRaftConf(382)) - 6dc608fe-50aa-407f-b4f0-db1c149f31c2@group-DEFFDE7C9D9F: set configuration 0: peers:[a78ad617-b5b5-46fb-9003-310abdef56ad|10.1.0.24:15041, 6dc608fe-50aa-407f-b4f0-db1c149f31c2|10.1.0.24:15059, 9e3b9079-4dd1-4962-964a-dfdeb60592bf|10.1.0.24:15050]|listeners:[], old=null
2023-12-01 12:04:18,990 [6dc608fe-50aa-407f-b4f0-db1c149f31c2-server-thread2] INFO  segmented.SegmentedRaftLogWorker (SegmentedRaftLogWorker.java:startLogSegment(428)) - 6dc608fe-50aa-407f-b4f0-db1c149f31c2@group-DEFFDE7C9D9F-SegmentedRaftLogWorker: Starting segment from index:0
2023-12-01 12:04:18,995 [9e3b9079-4dd1-4962-964a-dfdeb60592bf-server-thread2] INFO  server.RaftServer$Division (ServerState.java:setRaftConf(382)) - 9e3b9079-4dd1-4962-964a-dfdeb60592bf@group-DEFFDE7C9D9F: set configuration 0: peers:[a78ad617-b5b5-46fb-9003-310abdef56ad|10.1.0.24:15041, 6dc608fe-50aa-407f-b4f0-db1c149f31c2|10.1.0.24:15059, 9e3b9079-4dd1-4962-964a-dfdeb60592bf|10.1.0.24:15050]|listeners:[], old=null
2023-12-01 12:04:18,996 [9e3b9079-4dd1-4962-964a-dfdeb60592bf-server-thread2] INFO  segmented.SegmentedRaftLogWorker (SegmentedRaftLogWorker.java:startLogSegment(428)) - 9e3b9079-4dd1-4962-964a-dfdeb60592bf@group-DEFFDE7C9D9F-SegmentedRaftLogWorker: Starting segment from index:0
2023-12-01 12:04:19,003 [6dc608fe-50aa-407f-b4f0-db1c149f31c2@group-DEFFDE7C9D9F-SegmentedRaftLogWorker] INFO  segmented.SegmentedRaftLogWorker (SegmentedRaftLogWorker.java:execute(632)) - 6dc608fe-50aa-407f-b4f0-db1c149f31c2@group-DEFFDE7C9D9F-SegmentedRaftLogWorker: created new log segment /home/runner/work/ozone/ozone/hadoop-ozone/integration-test/target/test-dir/MiniOzoneClusterImpl-d99da5cf-54e3-4304-baea-1cefc2b4c4dc/datanode-5/data/ratis/2b4dd9e6-4792-4511-8b8f-deffde7c9d9f/current/log_inprogress_0
2023-12-01 12:04:19,003 [9e3b9079-4dd1-4962-964a-dfdeb60592bf@group-DEFFDE7C9D9F-SegmentedRaftLogWorker] INFO  segmented.SegmentedRaftLogWorker (SegmentedRaftLogWorker.java:execute(632)) - 9e3b9079-4dd1-4962-964a-dfdeb60592bf@group-DEFFDE7C9D9F-SegmentedRaftLogWorker: created new log segment /home/runner/work/ozone/ozone/hadoop-ozone/integration-test/target/test-dir/MiniOzoneClusterImpl-d99da5cf-54e3-4304-baea-1cefc2b4c4dc/datanode-4/data/ratis/2b4dd9e6-4792-4511-8b8f-deffde7c9d9f/current/log_inprogress_0
2023-12-01 12:04:19,006 [a78ad617-b5b5-46fb-9003-310abdef56ad@group-DEFFDE7C9D9F-StateMachineUpdater] INFO  server.RaftServer$Division (LeaderStateImpl.java:isApplied(316)) - leader is ready since appliedIndex == 0 >= startIndex == 0
2023-12-01 12:04:19,018 [a78ad617-b5b5-46fb-9003-310abdef56ad@group-B846DEF2E57E-FollowerState] INFO  impl.FollowerState (FollowerState.java:run(143)) - a78ad617-b5b5-46fb-9003-310abdef56ad@group-B846DEF2E57E-FollowerState: change to CANDIDATE, lastRpcElapsedTime:5197104627ns, electionTimeout:5195ms
2023-12-01 12:04:19,018 [a78ad617-b5b5-46fb-9003-310abdef56ad@group-B846DEF2E57E-FollowerState] INFO  impl.RoleInfo (RoleInfo.java:shutdownFollowerState(110)) - a78ad617-b5b5-46fb-9003-310abdef56ad: shutdown a78ad617-b5b5-46fb-9003-310abdef56ad@group-B846DEF2E57E-FollowerState
2023-12-01 12:04:19,018 [a78ad617-b5b5-46fb-9003-310abdef56ad@group-B846DEF2E57E-FollowerState] INFO  server.RaftServer$Division (RaftServerImpl.java:setRole(379)) - a78ad617-b5b5-46fb-9003-310abdef56ad@group-B846DEF2E57E: changes role from  FOLLOWER to CANDIDATE at term 0 for changeToCandidate
2023-12-01 12:04:19,019 [a78ad617-b5b5-46fb-9003-310abdef56ad@group-B846DEF2E57E-FollowerState] INFO  server.RaftServerConfigKeys (ConfUtils.java:logGet(46)) - raft.server.leaderelection.pre-vote = true (default)
2023-12-01 12:04:19,019 [a78ad617-b5b5-46fb-9003-310abdef56ad@group-B846DEF2E57E-FollowerState] INFO  impl.RoleInfo (RoleInfo.java:updateAndGet(139)) - a78ad617-b5b5-46fb-9003-310abdef56ad: start a78ad617-b5b5-46fb-9003-310abdef56ad@group-B846DEF2E57E-LeaderElection7
2023-12-01 12:04:19,020 [a78ad617-b5b5-46fb-9003-310abdef56ad@group-B846DEF2E57E-LeaderElection7] INFO  impl.LeaderElection (LeaderElection.java:askForVotes(323)) - a78ad617-b5b5-46fb-9003-310abdef56ad@group-B846DEF2E57E-LeaderElection7 PRE_VOTE round 0: submit vote requests at term 0 for -1: peers:[a78ad617-b5b5-46fb-9003-310abdef56ad|10.1.0.24:15041]|listeners:[], old=null
2023-12-01 12:04:19,020 [a78ad617-b5b5-46fb-9003-310abdef56ad@group-B846DEF2E57E-LeaderElection7] INFO  impl.LeaderElection (LeaderElection.java:askForVotes(325)) - a78ad617-b5b5-46fb-9003-310abdef56ad@group-B846DEF2E57E-LeaderElection7 PRE_VOTE round 0: result PASSED (term=0)
2023-12-01 12:04:19,023 [a78ad617-b5b5-46fb-9003-310abdef56ad@group-B846DEF2E57E-LeaderElection7] INFO  impl.LeaderElection (LeaderElection.java:askForVotes(323)) - a78ad617-b5b5-46fb-9003-310abdef56ad@group-B846DEF2E57E-LeaderElection7 ELECTION round 0: submit vote requests at term 1 for -1: peers:[a78ad617-b5b5-46fb-9003-310abdef56ad|10.1.0.24:15041]|listeners:[], old=null
2023-12-01 12:04:19,023 [a78ad617-b5b5-46fb-9003-310abdef56ad@group-B846DEF2E57E-LeaderElection7] INFO  impl.LeaderElection (LeaderElection.java:askForVotes(325)) - a78ad617-b5b5-46fb-9003-310abdef56ad@group-B846DEF2E57E-LeaderElection7 ELECTION round 0: result PASSED (term=1)
2023-12-01 12:04:19,023 [a78ad617-b5b5-46fb-9003-310abdef56ad@group-B846DEF2E57E-LeaderElection7] INFO  impl.RoleInfo (RoleInfo.java:shutdownLeaderElection(130)) - a78ad617-b5b5-46fb-9003-310abdef56ad: shutdown a78ad617-b5b5-46fb-9003-310abdef56ad@group-B846DEF2E57E-LeaderElection7
2023-12-01 12:04:19,023 [a78ad617-b5b5-46fb-9003-310abdef56ad@group-B846DEF2E57E-LeaderElection7] INFO  server.RaftServer$Division (RaftServerImpl.java:setRole(379)) - a78ad617-b5b5-46fb-9003-310abdef56ad@group-B846DEF2E57E: changes role from CANDIDATE to LEADER at term 1 for changeToLeader
2023-12-01 12:04:19,023 [a78ad617-b5b5-46fb-9003-310abdef56ad@group-B846DEF2E57E-LeaderElection7] INFO  server.RaftServerConfigKeys (ConfUtils.java:logGet(46)) - raft.server.staging.catchup.gap = 1000 (default)
2023-12-01 12:04:19,023 [a78ad617-b5b5-46fb-9003-310abdef56ad@group-B846DEF2E57E-LeaderElection7] INFO  server.RaftServerConfigKeys (ConfUtils.java:logGet(46)) - raft.server.write.element-limit = 1024 (custom)
2023-12-01 12:04:19,023 [a78ad617-b5b5-46fb-9003-310abdef56ad@group-B846DEF2E57E-LeaderElection7] INFO  server.RaftServerConfigKeys (ConfUtils.java:logGet(46)) - raft.server.write.byte-limit = 1024 M (=1073741824) (custom)
2023-12-01 12:04:19,024 [a78ad617-b5b5-46fb-9003-310abdef56ad@group-B846DEF2E57E-LeaderElection7] INFO  server.RaftServerConfigKeys (ConfUtils.java:logGet(46)) - raft.server.watch.timeout = 180s (custom)
2023-12-01 12:04:19,024 [a78ad617-b5b5-46fb-9003-310abdef56ad@group-B846DEF2E57E-LeaderElection7] INFO  server.RaftServerConfigKeys (ConfUtils.java:logGet(46)) - raft.server.watch.timeout.denomination = 1s (default)
2023-12-01 12:04:19,024 [a78ad617-b5b5-46fb-9003-310abdef56ad@group-B846DEF2E57E-LeaderElection7] INFO  server.RaftServerConfigKeys (ConfUtils.java:logGet(46)) - raft.server.watch.element-limit = 65536 (default)
2023-12-01 12:04:19,024 [a78ad617-b5b5-46fb-9003-310abdef56ad@group-B846DEF2E57E-LeaderElection7] INFO  server.RaftServerConfigKeys (ConfUtils.java:logGet(46)) - raft.server.read.leader.lease.enabled = false (default)
2023-12-01 12:04:19,024 [a78ad617-b5b5-46fb-9003-310abdef56ad@group-B846DEF2E57E-LeaderElection7] INFO  server.RaftServerConfigKeys (ConfUtils.java:logGet(46)) - raft.server.read.leader.lease.timeout.ratio = 0.9 (default)
2023-12-01 12:04:19,024 [a78ad617-b5b5-46fb-9003-310abdef56ad@group-B846DEF2E57E-LeaderElection7] INFO  server.RaftServerConfigKeys (ConfUtils.java:logGet(46)) - raft.server.rpc.timeout.min = 5s (custom)
2023-12-01 12:04:19,025 [a78ad617-b5b5-46fb-9003-310abdef56ad@group-B846DEF2E57E-LeaderElection7] INFO  server.RaftServerConfigKeys (ConfUtils.java:logGet(46)) - raft.server.write.element-limit = 1024 (custom)
2023-12-01 12:04:19,025 [a78ad617-b5b5-46fb-9003-310abdef56ad@group-B846DEF2E57E-LeaderElection7] INFO  server.RaftServerConfigKeys (ConfUtils.java:logGet(46)) - raft.server.write.follower.gap.ratio.max = -1.0 (default)
2023-12-01 12:04:19,025 [a78ad617-b5b5-46fb-9003-310abdef56ad@group-B846DEF2E57E-LeaderElection7] INFO  impl.RoleInfo (RoleInfo.java:updateAndGet(139)) - a78ad617-b5b5-46fb-9003-310abdef56ad: start a78ad617-b5b5-46fb-9003-310abdef56ad@group-B846DEF2E57E-LeaderStateImpl
2023-12-01 12:04:19,025 [a78ad617-b5b5-46fb-9003-310abdef56ad@group-B846DEF2E57E-LeaderElection7] INFO  server.RaftServer$Division (RaftServerImpl.java:setFirstElection(564)) - a78ad617-b5b5-46fb-9003-310abdef56ad@group-B846DEF2E57E: set firstElectionSinceStartup to false for becomeLeader
2023-12-01 12:04:19,025 [a78ad617-b5b5-46fb-9003-310abdef56ad@group-B846DEF2E57E-LeaderElection7] INFO  ratis.XceiverServerRatis (XceiverServerRatis.java:handleLeaderChangedNotification(912)) - Leader change notification received for group: group-B846DEF2E57E with new leaderId: a78ad617-b5b5-46fb-9003-310abdef56ad
2023-12-01 12:04:19,026 [a78ad617-b5b5-46fb-9003-310abdef56ad@group-B846DEF2E57E-LeaderElection7] INFO  server.RaftServer$Division (ServerState.java:setLeader(265)) - a78ad617-b5b5-46fb-9003-310abdef56ad@group-B846DEF2E57E: change Leader from null to a78ad617-b5b5-46fb-9003-310abdef56ad at term 1 for becomeLeader, leader elected after 5224ms
2023-12-01 12:04:19,026 [a78ad617-b5b5-46fb-9003-310abdef56ad@group-B846DEF2E57E-LeaderElection7] INFO  segmented.SegmentedRaftLogWorker (SegmentedRaftLogWorker.java:startLogSegment(428)) - a78ad617-b5b5-46fb-9003-310abdef56ad@group-B846DEF2E57E-SegmentedRaftLogWorker: Starting segment from index:0
2023-12-01 12:04:19,031 [a78ad617-b5b5-46fb-9003-310abdef56ad@group-B846DEF2E57E-LeaderElection7] INFO  server.RaftServer$Division (ServerState.java:setRaftConf(382)) - a78ad617-b5b5-46fb-9003-310abdef56ad@group-B846DEF2E57E: set configuration 0: peers:[a78ad617-b5b5-46fb-9003-310abdef56ad|10.1.0.24:15041]|listeners:[], old=null
2023-12-01 12:04:19,034 [a78ad617-b5b5-46fb-9003-310abdef56ad@group-B846DEF2E57E-SegmentedRaftLogWorker] INFO  segmented.SegmentedRaftLogWorker (SegmentedRaftLogWorker.java:execute(632)) - a78ad617-b5b5-46fb-9003-310abdef56ad@group-B846DEF2E57E-SegmentedRaftLogWorker: created new log segment /home/runner/work/ozone/ozone/hadoop-ozone/integration-test/target/test-dir/MiniOzoneClusterImpl-d99da5cf-54e3-4304-baea-1cefc2b4c4dc/datanode-3/data/ratis/f357c32d-da3c-4b0e-a1f7-b846def2e57e/current/log_inprogress_0
2023-12-01 12:04:19,036 [a78ad617-b5b5-46fb-9003-310abdef56ad@group-B846DEF2E57E-StateMachineUpdater] INFO  server.RaftServer$Division (LeaderStateImpl.java:isApplied(316)) - leader is ready since appliedIndex == 0 >= startIndex == 0
2023-12-01 12:04:19,137 [main] INFO  ozone.MiniOzoneClusterImpl (MiniOzoneClusterImpl.java:lambda$waitForClusterToBeReady$0(229)) - Nodes are ready. Got 6 of 6 DN Heartbeats.
2023-12-01 12:04:19,138 [main] INFO  ozone.MiniOzoneClusterImpl (MiniOzoneClusterImpl.java:lambda$waitForClusterToBeReady$0(232)) - Cluster exits safe mode
2023-12-01 12:04:19,138 [main] INFO  ozone.MiniOzoneClusterImpl (MiniOzoneClusterImpl.java:lambda$waitForClusterToBeReady$0(234)) - SCM became leader
2023-12-01 12:04:19,141 [main] INFO  pipeline.PipelineManagerImpl (PipelineManagerImpl.java:closePipeline(518)) - Pipeline PipelineID=6b4773d7-470c-4514-b2ab-3ffcffd79986 moved to CLOSED state
2023-12-01 12:04:19,142 [main] INFO  pipeline.PipelineManagerImpl (PipelineManagerImpl.java:closePipeline(518)) - Pipeline PipelineID=2b4dd9e6-4792-4511-8b8f-deffde7c9d9f moved to CLOSED state
2023-12-01 12:04:19,201 [RatisPipelineUtilsThread-0] INFO  pipeline.RatisPipelineProvider (RatisPipelineProvider.java:lambda$create$0(206)) - Sending CreatePipelineCommand for pipeline:PipelineID=17b8a4e6-87bf-48c1-b333-49da23575fb0 to datanode:9e3b9079-4dd1-4962-964a-dfdeb60592bf
2023-12-01 12:04:19,201 [RatisPipelineUtilsThread-0] INFO  pipeline.RatisPipelineProvider (RatisPipelineProvider.java:lambda$create$0(206)) - Sending CreatePipelineCommand for pipeline:PipelineID=17b8a4e6-87bf-48c1-b333-49da23575fb0 to datanode:6dc608fe-50aa-407f-b4f0-db1c149f31c2
2023-12-01 12:04:19,201 [RatisPipelineUtilsThread-0] INFO  pipeline.RatisPipelineProvider (RatisPipelineProvider.java:lambda$create$0(206)) - Sending CreatePipelineCommand for pipeline:PipelineID=17b8a4e6-87bf-48c1-b333-49da23575fb0 to datanode:a78ad617-b5b5-46fb-9003-310abdef56ad
2023-12-01 12:04:19,202 [RatisPipelineUtilsThread-0] INFO  pipeline.PipelineManagerImpl (PipelineManagerImpl.java:recordMetricsForPipeline(916)) - Pipeline: PipelineID=17b8a4e6-87bf-48c1-b333-49da23575fb0 contains same datanodes as previous pipelines: PipelineID=45f2c43b-d253-4e78-85ad-ceb7bf5298ca nodeIds: 9e3b9079-4dd1-4962-964a-dfdeb60592bf, 6dc608fe-50aa-407f-b4f0-db1c149f31c2, a78ad617-b5b5-46fb-9003-310abdef56ad
2023-12-01 12:04:19,202 [RatisPipelineUtilsThread-0] INFO  pipeline.BackgroundPipelineCreator (BackgroundPipelineCreator.java:createPipelines(236)) - Created new pipeline Pipeline[ Id: 17b8a4e6-87bf-48c1-b333-49da23575fb0, Nodes: 9e3b9079-4dd1-4962-964a-dfdeb60592bf(fv-az1423-675.ei5rwdf52qxuxllzxeqjam05jd.ex.internal.cloudapp.net/10.1.0.24)6dc608fe-50aa-407f-b4f0-db1c149f31c2(fv-az1423-675.ei5rwdf52qxuxllzxeqjam05jd.ex.internal.cloudapp.net/10.1.0.24)a78ad617-b5b5-46fb-9003-310abdef56ad(fv-az1423-675.ei5rwdf52qxuxllzxeqjam05jd.ex.internal.cloudapp.net/10.1.0.24), ReplicationConfig: RATIS/THREE, State:ALLOCATED, leaderId:, CreationTimestamp2023-12-01T12:04:19.201Z[Etc/UTC]]
2023-12-01 12:04:19,203 [RatisPipelineUtilsThread-0] INFO  pipeline.RatisPipelineProvider (RatisPipelineProvider.java:lambda$create$0(206)) - Sending CreatePipelineCommand for pipeline:PipelineID=88adf114-587d-4963-8db8-154f81a4e0d4 to datanode:a2bf02b8-7760-44e6-b399-ad4429aacfa0
2023-12-01 12:04:19,203 [RatisPipelineUtilsThread-0] INFO  pipeline.RatisPipelineProvider (RatisPipelineProvider.java:lambda$create$0(206)) - Sending CreatePipelineCommand for pipeline:PipelineID=88adf114-587d-4963-8db8-154f81a4e0d4 to datanode:e4101cf6-f8c4-4d95-a998-136b2bec65e8
2023-12-01 12:04:19,203 [RatisPipelineUtilsThread-0] INFO  pipeline.RatisPipelineProvider (RatisPipelineProvider.java:lambda$create$0(206)) - Sending CreatePipelineCommand for pipeline:PipelineID=88adf114-587d-4963-8db8-154f81a4e0d4 to datanode:144aaeee-fb04-48fb-9b63-1a6b7587bad5
2023-12-01 12:04:19,204 [RatisPipelineUtilsThread-0] INFO  pipeline.PipelineManagerImpl (PipelineManagerImpl.java:recordMetricsForPipeline(916)) - Pipeline: PipelineID=88adf114-587d-4963-8db8-154f81a4e0d4 contains same datanodes as previous pipelines: PipelineID=49a703d6-59fd-410f-b41d-18c264c89aae nodeIds: a2bf02b8-7760-44e6-b399-ad4429aacfa0, e4101cf6-f8c4-4d95-a998-136b2bec65e8, 144aaeee-fb04-48fb-9b63-1a6b7587bad5
2023-12-01 12:04:19,204 [RatisPipelineUtilsThread-0] INFO  pipeline.BackgroundPipelineCreator (BackgroundPipelineCreator.java:createPipelines(236)) - Created new pipeline Pipeline[ Id: 88adf114-587d-4963-8db8-154f81a4e0d4, Nodes: a2bf02b8-7760-44e6-b399-ad4429aacfa0(fv-az1423-675.ei5rwdf52qxuxllzxeqjam05jd.ex.internal.cloudapp.net/10.1.0.24)e4101cf6-f8c4-4d95-a998-136b2bec65e8(fv-az1423-675.ei5rwdf52qxuxllzxeqjam05jd.ex.internal.cloudapp.net/10.1.0.24)144aaeee-fb04-48fb-9b63-1a6b7587bad5(fv-az1423-675.ei5rwdf52qxuxllzxeqjam05jd.ex.internal.cloudapp.net/10.1.0.24), ReplicationConfig: RATIS/THREE, State:ALLOCATED, leaderId:, CreationTimestamp2023-12-01T12:04:19.203Z[Etc/UTC]]
2023-12-01 12:04:19,232 [9e3b9079-4dd1-4962-964a-dfdeb60592bf@group-DF74C210C5F0-FollowerState] INFO  impl.FollowerState (FollowerState.java:run(143)) - 9e3b9079-4dd1-4962-964a-dfdeb60592bf@group-DF74C210C5F0-FollowerState: change to CANDIDATE, lastRpcElapsedTime:5157796699ns, electionTimeout:5156ms
2023-12-01 12:04:19,232 [9e3b9079-4dd1-4962-964a-dfdeb60592bf@group-DF74C210C5F0-FollowerState] INFO  impl.RoleInfo (RoleInfo.java:shutdownFollowerState(110)) - 9e3b9079-4dd1-4962-964a-dfdeb60592bf: shutdown 9e3b9079-4dd1-4962-964a-dfdeb60592bf@group-DF74C210C5F0-FollowerState
2023-12-01 12:04:19,232 [9e3b9079-4dd1-4962-964a-dfdeb60592bf@group-DF74C210C5F0-FollowerState] INFO  server.RaftServer$Division (RaftServerImpl.java:setRole(379)) - 9e3b9079-4dd1-4962-964a-dfdeb60592bf@group-DF74C210C5F0: changes role from  FOLLOWER to CANDIDATE at term 0 for changeToCandidate
2023-12-01 12:04:19,233 [9e3b9079-4dd1-4962-964a-dfdeb60592bf@group-DF74C210C5F0-FollowerState] INFO  server.RaftServerConfigKeys (ConfUtils.java:logGet(46)) - raft.server.leaderelection.pre-vote = true (default)
2023-12-01 12:04:19,233 [9e3b9079-4dd1-4962-964a-dfdeb60592bf@group-DF74C210C5F0-FollowerState] INFO  impl.RoleInfo (RoleInfo.java:updateAndGet(139)) - 9e3b9079-4dd1-4962-964a-dfdeb60592bf: start 9e3b9079-4dd1-4962-964a-dfdeb60592bf@group-DF74C210C5F0-LeaderElection8
2023-12-01 12:04:19,234 [9e3b9079-4dd1-4962-964a-dfdeb60592bf@group-DF74C210C5F0-LeaderElection8] INFO  impl.LeaderElection (LeaderElection.java:askForVotes(323)) - 9e3b9079-4dd1-4962-964a-dfdeb60592bf@group-DF74C210C5F0-LeaderElection8 PRE_VOTE round 0: submit vote requests at term 0 for -1: peers:[9e3b9079-4dd1-4962-964a-dfdeb60592bf|10.1.0.24:15050]|listeners:[], old=null
2023-12-01 12:04:19,235 [9e3b9079-4dd1-4962-964a-dfdeb60592bf@group-DF74C210C5F0-LeaderElection8] INFO  impl.LeaderElection (LeaderElection.java:askForVotes(325)) - 9e3b9079-4dd1-4962-964a-dfdeb60592bf@group-DF74C210C5F0-LeaderElection8 PRE_VOTE round 0: result PASSED (term=0)
2023-12-01 12:04:19,236 [9e3b9079-4dd1-4962-964a-dfdeb60592bf@group-DF74C210C5F0-LeaderElection8] INFO  impl.LeaderElection (LeaderElection.java:askForVotes(323)) - 9e3b9079-4dd1-4962-964a-dfdeb60592bf@group-DF74C210C5F0-LeaderElection8 ELECTION round 0: submit vote requests at term 1 for -1: peers:[9e3b9079-4dd1-4962-964a-dfdeb60592bf|10.1.0.24:15050]|listeners:[], old=null
2023-12-01 12:04:19,236 [9e3b9079-4dd1-4962-964a-dfdeb60592bf@group-DF74C210C5F0-LeaderElection8] INFO  impl.LeaderElection (LeaderElection.java:askForVotes(325)) - 9e3b9079-4dd1-4962-964a-dfdeb60592bf@group-DF74C210C5F0-LeaderElection8 ELECTION round 0: result PASSED (term=1)
2023-12-01 12:04:19,236 [9e3b9079-4dd1-4962-964a-dfdeb60592bf@group-DF74C210C5F0-LeaderElection8] INFO  impl.RoleInfo (RoleInfo.java:shutdownLeaderElection(130)) - 9e3b9079-4dd1-4962-964a-dfdeb60592bf: shutdown 9e3b9079-4dd1-4962-964a-dfdeb60592bf@group-DF74C210C5F0-LeaderElection8
2023-12-01 12:04:19,236 [9e3b9079-4dd1-4962-964a-dfdeb60592bf@group-DF74C210C5F0-LeaderElection8] INFO  server.RaftServer$Division (RaftServerImpl.java:setRole(379)) - 9e3b9079-4dd1-4962-964a-dfdeb60592bf@group-DF74C210C5F0: changes role from CANDIDATE to LEADER at term 1 for changeToLeader
2023-12-01 12:04:19,236 [9e3b9079-4dd1-4962-964a-dfdeb60592bf@group-DF74C210C5F0-LeaderElection8] INFO  server.RaftServerConfigKeys (ConfUtils.java:logGet(46)) - raft.server.staging.catchup.gap = 1000 (default)
2023-12-01 12:04:19,236 [9e3b9079-4dd1-4962-964a-dfdeb60592bf@group-DF74C210C5F0-LeaderElection8] INFO  server.RaftServerConfigKeys (ConfUtils.java:logGet(46)) - raft.server.write.element-limit = 1024 (custom)
2023-12-01 12:04:19,236 [9e3b9079-4dd1-4962-964a-dfdeb60592bf@group-DF74C210C5F0-LeaderElection8] INFO  server.RaftServerConfigKeys (ConfUtils.java:logGet(46)) - raft.server.write.byte-limit = 1024 M (=1073741824) (custom)
2023-12-01 12:04:19,237 [9e3b9079-4dd1-4962-964a-dfdeb60592bf@group-DF74C210C5F0-LeaderElection8] INFO  server.RaftServerConfigKeys (ConfUtils.java:logGet(46)) - raft.server.watch.timeout = 180s (custom)
2023-12-01 12:04:19,237 [9e3b9079-4dd1-4962-964a-dfdeb60592bf@group-DF74C210C5F0-LeaderElection8] INFO  server.RaftServerConfigKeys (ConfUtils.java:logGet(46)) - raft.server.watch.timeout.denomination = 1s (default)
2023-12-01 12:04:19,237 [9e3b9079-4dd1-4962-964a-dfdeb60592bf@group-DF74C210C5F0-LeaderElection8] INFO  server.RaftServerConfigKeys (ConfUtils.java:logGet(46)) - raft.server.watch.element-limit = 65536 (default)
2023-12-01 12:04:19,237 [9e3b9079-4dd1-4962-964a-dfdeb60592bf@group-DF74C210C5F0-LeaderElection8] INFO  server.RaftServerConfigKeys (ConfUtils.java:logGet(46)) - raft.server.read.leader.lease.enabled = false (default)
2023-12-01 12:04:19,237 [9e3b9079-4dd1-4962-964a-dfdeb60592bf@group-DF74C210C5F0-LeaderElection8] INFO  server.RaftServerConfigKeys (ConfUtils.java:logGet(46)) - raft.server.read.leader.lease.timeout.ratio = 0.9 (default)
2023-12-01 12:04:19,237 [9e3b9079-4dd1-4962-964a-dfdeb60592bf@group-DF74C210C5F0-LeaderElection8] INFO  server.RaftServerConfigKeys (ConfUtils.java:logGet(46)) - raft.server.rpc.timeout.min = 5s (custom)
2023-12-01 12:04:19,237 [9e3b9079-4dd1-4962-964a-dfdeb60592bf@group-DF74C210C5F0-LeaderElection8] INFO  server.RaftServerConfigKeys (ConfUtils.java:logGet(46)) - raft.server.write.element-limit = 1024 (custom)
2023-12-01 12:04:19,237 [9e3b9079-4dd1-4962-964a-dfdeb60592bf@group-DF74C210C5F0-LeaderElection8] INFO  server.RaftServerConfigKeys (ConfUtils.java:logGet(46)) - raft.server.write.follower.gap.ratio.max = -1.0 (default)
2023-12-01 12:04:19,237 [9e3b9079-4dd1-4962-964a-dfdeb60592bf@group-DF74C210C5F0-LeaderElection8] INFO  impl.RoleInfo (RoleInfo.java:updateAndGet(139)) - 9e3b9079-4dd1-4962-964a-dfdeb60592bf: start 9e3b9079-4dd1-4962-964a-dfdeb60592bf@group-DF74C210C5F0-LeaderStateImpl
2023-12-01 12:04:19,237 [9e3b9079-4dd1-4962-964a-dfdeb60592bf@group-DF74C210C5F0-LeaderElection8] INFO  server.RaftServer$Division (RaftServerImpl.java:setFirstElection(564)) - 9e3b9079-4dd1-4962-964a-dfdeb60592bf@group-DF74C210C5F0: set firstElectionSinceStartup to false for becomeLeader
2023-12-01 12:04:19,237 [9e3b9079-4dd1-4962-964a-dfdeb60592bf@group-DF74C210C5F0-LeaderElection8] INFO  ratis.XceiverServerRatis (XceiverServerRatis.java:handleLeaderChangedNotification(912)) - Leader change notification received for group: group-DF74C210C5F0 with new leaderId: 9e3b9079-4dd1-4962-964a-dfdeb60592bf
2023-12-01 12:04:19,237 [9e3b9079-4dd1-4962-964a-dfdeb60592bf@group-DF74C210C5F0-LeaderElection8] INFO  server.RaftServer$Division (ServerState.java:setLeader(265)) - 9e3b9079-4dd1-4962-964a-dfdeb60592bf@group-DF74C210C5F0: change Leader from null to 9e3b9079-4dd1-4962-964a-dfdeb60592bf at term 1 for becomeLeader, leader elected after 5210ms
2023-12-01 12:04:19,238 [9e3b9079-4dd1-4962-964a-dfdeb60592bf@group-DF74C210C5F0-LeaderElection8] INFO  segmented.SegmentedRaftLogWorker (SegmentedRaftLogWorker.java:startLogSegment(428)) - 9e3b9079-4dd1-4962-964a-dfdeb60592bf@group-DF74C210C5F0-SegmentedRaftLogWorker: Starting segment from index:0
2023-12-01 12:04:19,239 [9e3b9079-4dd1-4962-964a-dfdeb60592bf@group-DF74C210C5F0-LeaderElection8] INFO  server.RaftServer$Division (ServerState.java:setRaftConf(382)) - 9e3b9079-4dd1-4962-964a-dfdeb60592bf@group-DF74C210C5F0: set configuration 0: peers:[9e3b9079-4dd1-4962-964a-dfdeb60592bf|10.1.0.24:15050]|listeners:[], old=null
2023-12-01 12:04:19,248 [9e3b9079-4dd1-4962-964a-dfdeb60592bf@group-DF74C210C5F0-SegmentedRaftLogWorker] INFO  segmented.SegmentedRaftLogWorker (SegmentedRaftLogWorker.java:execute(632)) - 9e3b9079-4dd1-4962-964a-dfdeb60592bf@group-DF74C210C5F0-SegmentedRaftLogWorker: created new log segment /home/runner/work/ozone/ozone/hadoop-ozone/integration-test/target/test-dir/MiniOzoneClusterImpl-d99da5cf-54e3-4304-baea-1cefc2b4c4dc/datanode-4/data/ratis/89277692-41ac-4053-95e7-df74c210c5f0/current/log_inprogress_0
2023-12-01 12:04:19,249 [9e3b9079-4dd1-4962-964a-dfdeb60592bf@group-DF74C210C5F0-StateMachineUpdater] INFO  server.RaftServer$Division (LeaderStateImpl.java:isApplied(316)) - leader is ready since appliedIndex == 0 >= startIndex == 0
2023-12-01 12:04:19,264 [9e3b9079-4dd1-4962-964a-dfdeb60592bf-PipelineCommandHandlerThread-0] INFO  server.RaftServer (RaftServerProxy.java:addNew(100)) - 9e3b9079-4dd1-4962-964a-dfdeb60592bf: addNew group-49DA23575FB0:[a78ad617-b5b5-46fb-9003-310abdef56ad|10.1.0.24:15041, 6dc608fe-50aa-407f-b4f0-db1c149f31c2|10.1.0.24:15059, 9e3b9079-4dd1-4962-964a-dfdeb60592bf|10.1.0.24:15050] returns group-49DA23575FB0:java.util.concurrent.CompletableFuture@3f2ac9e7[Not completed]
2023-12-01 12:04:19,266 [9e3b9079-4dd1-4962-964a-dfdeb60592bf-groupManagement] INFO  server.RaftServer$Division (RaftServerImpl.java:<init>(256)) - 9e3b9079-4dd1-4962-964a-dfdeb60592bf: new RaftServerImpl for group-49DA23575FB0:[a78ad617-b5b5-46fb-9003-310abdef56ad|10.1.0.24:15041, 6dc608fe-50aa-407f-b4f0-db1c149f31c2|10.1.0.24:15059, 9e3b9079-4dd1-4962-964a-dfdeb60592bf|10.1.0.24:15050] with ContainerStateMachine:uninitialized
2023-12-01 12:04:19,266 [9e3b9079-4dd1-4962-964a-dfdeb60592bf-groupManagement] INFO  server.RaftServerConfigKeys (ConfUtils.java:logGet(46)) - raft.server.rpc.timeout.min = 5s (custom)
2023-12-01 12:04:19,266 [9e3b9079-4dd1-4962-964a-dfdeb60592bf-groupManagement] INFO  server.RaftServerConfigKeys (ConfUtils.java:logGet(46)) - raft.server.rpc.timeout.max = 5200ms (custom)
2023-12-01 12:04:19,266 [9e3b9079-4dd1-4962-964a-dfdeb60592bf-groupManagement] INFO  server.RaftServerConfigKeys (ConfUtils.java:logGet(46)) - raft.server.rpc.sleep.time = 25ms (default)
2023-12-01 12:04:19,266 [9e3b9079-4dd1-4962-964a-dfdeb60592bf-groupManagement] INFO  server.RaftServerConfigKeys (ConfUtils.java:logGet(46)) - raft.server.rpc.slowness.timeout = 300s (custom)
2023-12-01 12:04:19,266 [9e3b9079-4dd1-4962-964a-dfdeb60592bf-groupManagement] INFO  server.RaftServerConfigKeys (ConfUtils.java:logGet(46)) - raft.server.leaderelection.leader.step-down.wait-time = 10s (default)
2023-12-01 12:04:19,266 [9e3b9079-4dd1-4962-964a-dfdeb60592bf-groupManagement] INFO  server.RaftServerConfigKeys (ConfUtils.java:logGet(46)) - raft.server.leaderelection.member.majority-add = false (default)
2023-12-01 12:04:19,266 [9e3b9079-4dd1-4962-964a-dfdeb60592bf-groupManagement] INFO  server.RaftServerConfigKeys (ConfUtils.java:logGet(46)) - raft.server.sleep.deviation.threshold = 300ms (default)
2023-12-01 12:04:19,266 [9e3b9079-4dd1-4962-964a-dfdeb60592bf-groupManagement] INFO  server.RaftServer$Division (ServerState.java:<init>(113)) - 9e3b9079-4dd1-4962-964a-dfdeb60592bf@group-49DA23575FB0: ConfigurationManager, init=-1: peers:[a78ad617-b5b5-46fb-9003-310abdef56ad|10.1.0.24:15041, 6dc608fe-50aa-407f-b4f0-db1c149f31c2|10.1.0.24:15059, 9e3b9079-4dd1-4962-964a-dfdeb60592bf|10.1.0.24:15050]|listeners:[], old=null, confs=<EMPTY_MAP>
2023-12-01 12:04:19,266 [9e3b9079-4dd1-4962-964a-dfdeb60592bf-groupManagement] INFO  server.RaftServerConfigKeys (ConfUtils.java:logGet(46)) - raft.server.notification.no-leader.timeout = 300s (custom)
2023-12-01 12:04:19,266 [9e3b9079-4dd1-4962-964a-dfdeb60592bf-groupManagement] INFO  server.RaftServerConfigKeys (ConfUtils.java:logGet(46)) - raft.server.read.timeout = 10s (default)
2023-12-01 12:04:19,266 [9e3b9079-4dd1-4962-964a-dfdeb60592bf-groupManagement] INFO  server.RaftServerConfigKeys (ConfUtils.java:logGet(46)) - raft.server.retrycache.expirytime = 600000ms (custom)
2023-12-01 12:04:19,267 [9e3b9079-4dd1-4962-964a-dfdeb60592bf-groupManagement] INFO  server.RaftServerConfigKeys (ConfUtils.java:logGet(46)) - raft.server.retrycache.statistics.expirytime = 100ms (default)
2023-12-01 12:04:19,267 [9e3b9079-4dd1-4962-964a-dfdeb60592bf-groupManagement] INFO  server.RaftServerConfigKeys (ConfUtils.java:logGet(46)) - raft.server.read.option = DEFAULT (default)
2023-12-01 12:04:19,267 [9e3b9079-4dd1-4962-964a-dfdeb60592bf-groupManagement] INFO  server.RaftServerConfigKeys (ConfUtils.java:logGet(46)) - raft.server.read.read-after-write-consistent.write-index-cache.expiry-time = 60s (default)
2023-12-01 12:04:19,268 [9e3b9079-4dd1-4962-964a-dfdeb60592bf-groupManagement] INFO  server.RaftServerConfigKeys (ConfUtils.java:logGet(46)) - raft.server.rpc.request.timeout = 60s (custom)
2023-12-01 12:04:19,268 [9e3b9079-4dd1-4962-964a-dfdeb60592bf-groupManagement] INFO  server.RaftServerConfigKeys (ConfUtils.java:logGet(46)) - raft.server.log.appender.install.snapshot.enabled = false (custom)
2023-12-01 12:04:19,268 [9e3b9079-4dd1-4962-964a-dfdeb60592bf-groupManagement] INFO  server.RaftServerConfigKeys (ConfUtils.java:logGet(46)) - raft.server.threadpool.server.cached = true (default)
2023-12-01 12:04:19,268 [9e3b9079-4dd1-4962-964a-dfdeb60592bf-groupManagement] INFO  server.RaftServerConfigKeys (ConfUtils.java:logGet(46)) - raft.server.threadpool.server.size = 0 (default)
2023-12-01 12:04:19,269 [9e3b9079-4dd1-4962-964a-dfdeb60592bf-groupManagement] INFO  server.RaftServerConfigKeys (ConfUtils.java:logGet(46)) - raft.server.threadpool.client.cached = true (default)
2023-12-01 12:04:19,269 [9e3b9079-4dd1-4962-964a-dfdeb60592bf-groupManagement] INFO  server.RaftServerConfigKeys (ConfUtils.java:logGet(46)) - raft.server.threadpool.client.size = 0 (default)
2023-12-01 12:04:19,269 [9e3b9079-4dd1-4962-964a-dfdeb60592bf-groupManagement] INFO  server.RaftServerConfigKeys (ConfUtils.java:logGet(46)) - raft.server.storage.free-space.min = 0MB (=0) (default)
2023-12-01 12:04:19,269 [9e3b9079-4dd1-4962-964a-dfdeb60592bf-groupManagement] INFO  server.RaftServerConfigKeys (ConfUtils.java:logGet(46)) - raft.server.log.corruption.policy = EXCEPTION (default)
2023-12-01 12:04:19,269 [9e3b9079-4dd1-4962-964a-dfdeb60592bf-groupManagement] INFO  server.RaftServerConfigKeys (ConfUtils.java:logGet(46)) - raft.server.storage.dir = [/home/runner/work/ozone/ozone/hadoop-ozone/integration-test/target/test-dir/MiniOzoneClusterImpl-d99da5cf-54e3-4304-baea-1cefc2b4c4dc/datanode-4/data/ratis] (custom)
2023-12-01 12:04:19,269 [9e3b9079-4dd1-4962-964a-dfdeb60592bf-groupManagement] INFO  storage.RaftStorageDirectory (RaftStorageDirectoryImpl.java:analyzeStorage(138)) - The storage directory /home/runner/work/ozone/ozone/hadoop-ozone/integration-test/target/test-dir/MiniOzoneClusterImpl-d99da5cf-54e3-4304-baea-1cefc2b4c4dc/datanode-4/data/ratis/17b8a4e6-87bf-48c1-b333-49da23575fb0 does not exist. Creating ...
2023-12-01 12:04:19,270 [9e3b9079-4dd1-4962-964a-dfdeb60592bf-groupManagement] INFO  storage.RaftStorageDirectory (RaftStorageDirectoryImpl.java:tryLock(232)) - Lock on /home/runner/work/ozone/ozone/hadoop-ozone/integration-test/target/test-dir/MiniOzoneClusterImpl-d99da5cf-54e3-4304-baea-1cefc2b4c4dc/datanode-4/data/ratis/17b8a4e6-87bf-48c1-b333-49da23575fb0/in_use.lock acquired by nodename 15370@fv-az1423-675
2023-12-01 12:04:19,271 [9e3b9079-4dd1-4962-964a-dfdeb60592bf-groupManagement] INFO  storage.RaftStorage (RaftStorageImpl.java:format(97)) - Storage directory /home/runner/work/ozone/ozone/hadoop-ozone/integration-test/target/test-dir/MiniOzoneClusterImpl-d99da5cf-54e3-4304-baea-1cefc2b4c4dc/datanode-4/data/ratis/17b8a4e6-87bf-48c1-b333-49da23575fb0 has been successfully formatted.
2023-12-01 12:04:19,271 [9e3b9079-4dd1-4962-964a-dfdeb60592bf-groupManagement] INFO  ratis.ContainerStateMachine (ContainerStateMachine.java:loadSnapshot(269)) - group-49DA23575FB0: The snapshot info is null. Setting the last applied indexto:(t:0, i:~)
2023-12-01 12:04:19,272 [9e3b9079-4dd1-4962-964a-dfdeb60592bf-groupManagement] INFO  server.RaftServerConfigKeys (ConfUtils.java:logGet(46)) - raft.server.log.use.memory = false (default)
2023-12-01 12:04:19,272 [9e3b9079-4dd1-4962-964a-dfdeb60592bf-groupManagement] INFO  server.RaftServerConfigKeys (ConfUtils.java:logGet(46)) - raft.server.log.purge.gap = 1000000 (custom)
2023-12-01 12:04:19,272 [9e3b9079-4dd1-4962-964a-dfdeb60592bf-groupManagement] INFO  server.RaftServerConfigKeys (ConfUtils.java:logGet(46)) - raft.server.log.appender.buffer.byte-limit = 33554432 (custom)
2023-12-01 12:04:19,272 [9e3b9079-4dd1-4962-964a-dfdeb60592bf-groupManagement] INFO  server.RaftServerConfigKeys (ConfUtils.java:logGet(46)) - raft.server.log.statemachine.data.read.timeout = 1000ms (default)
2023-12-01 12:04:19,272 [9e3b9079-4dd1-4962-964a-dfdeb60592bf-groupManagement] INFO  server.RaftServerConfigKeys (ConfUtils.java:logGet(46)) - raft.server.log.purge.preservation.log.num = 0 (default)
2023-12-01 12:04:19,273 [9e3b9079-4dd1-4962-964a-dfdeb60592bf-groupManagement] INFO  server.RaftServerConfigKeys (ConfUtils.java:logGet(46)) - raft.server.log.segment.size.max = 67108864 (custom)
2023-12-01 12:04:19,273 [9e3b9079-4dd1-4962-964a-dfdeb60592bf-groupManagement] INFO  server.RaftServerConfigKeys (ConfUtils.java:logGet(46)) - raft.server.log.segment.cache.num.max = 2 (custom)
2023-12-01 12:04:19,273 [9e3b9079-4dd1-4962-964a-dfdeb60592bf-groupManagement] INFO  server.RaftServerConfigKeys (ConfUtils.java:logGet(46)) - raft.server.log.segment.cache.size.max = 200MB (=209715200) (default)
2023-12-01 12:04:19,273 [9e3b9079-4dd1-4962-964a-dfdeb60592bf-groupManagement] INFO  server.RaftServerConfigKeys (ConfUtils.java:logGet(46)) - raft.server.log.appender.buffer.byte-limit = 33554432 (custom)
2023-12-01 12:04:19,274 [9e3b9079-4dd1-4962-964a-dfdeb60592bf-groupManagement] INFO  util.AwaitToRun (AwaitToRun.java:start(81)) - Thread[9e3b9079-4dd1-4962-964a-dfdeb60592bf@group-49DA23575FB0-cacheEviction-AwaitToRun,5,main] started
2023-12-01 12:04:19,274 [9e3b9079-4dd1-4962-964a-dfdeb60592bf-groupManagement] INFO  segmented.SegmentedRaftLogWorker (SegmentedRaftLogWorker.java:<init>(184)) - new 9e3b9079-4dd1-4962-964a-dfdeb60592bf@group-49DA23575FB0-SegmentedRaftLogWorker for RaftStorageImpl:Storage Directory /home/runner/work/ozone/ozone/hadoop-ozone/integration-test/target/test-dir/MiniOzoneClusterImpl-d99da5cf-54e3-4304-baea-1cefc2b4c4dc/datanode-4/data/ratis/17b8a4e6-87bf-48c1-b333-49da23575fb0
2023-12-01 12:04:19,274 [9e3b9079-4dd1-4962-964a-dfdeb60592bf-groupManagement] INFO  server.RaftServerConfigKeys (ConfUtils.java:logGet(46)) - raft.server.log.queue.byte-limit = 4294967296 (custom)
2023-12-01 12:04:19,274 [9e3b9079-4dd1-4962-964a-dfdeb60592bf-groupManagement] INFO  server.RaftServerConfigKeys (ConfUtils.java:logGet(46)) - raft.server.log.queue.element-limit = 1024 (custom)
2023-12-01 12:04:19,274 [9e3b9079-4dd1-4962-964a-dfdeb60592bf-groupManagement] INFO  server.RaftServerConfigKeys (ConfUtils.java:logGet(46)) - raft.server.log.segment.size.max = 67108864 (custom)
2023-12-01 12:04:19,274 [9e3b9079-4dd1-4962-964a-dfdeb60592bf-groupManagement] INFO  server.RaftServerConfigKeys (ConfUtils.java:logGet(46)) - raft.server.log.preallocated.size = 4194304 (custom)
2023-12-01 12:04:19,274 [9e3b9079-4dd1-4962-964a-dfdeb60592bf-groupManagement] INFO  server.RaftServerConfigKeys (ConfUtils.java:logGet(46)) - raft.server.log.force.sync.num = 128 (default)
2023-12-01 12:04:19,274 [9e3b9079-4dd1-4962-964a-dfdeb60592bf-groupManagement] INFO  server.RaftServerConfigKeys (ConfUtils.java:logGet(46)) - raft.server.log.statemachine.data.sync = true (default)
2023-12-01 12:04:19,274 [9e3b9079-4dd1-4962-964a-dfdeb60592bf-groupManagement] INFO  server.RaftServerConfigKeys (ConfUtils.java:logGet(46)) - raft.server.log.statemachine.data.sync.timeout = 10s (default)
2023-12-01 12:04:19,274 [9e3b9079-4dd1-4962-964a-dfdeb60592bf-groupManagement] INFO  server.RaftServerConfigKeys (ConfUtils.java:logGet(46)) - raft.server.log.statemachine.data.sync.timeout.retry = -1 (default)
2023-12-01 12:04:19,275 [9e3b9079-4dd1-4962-964a-dfdeb60592bf-groupManagement] INFO  server.RaftServerConfigKeys (ConfUtils.java:logGet(46)) - raft.server.log.write.buffer.size = 2097152 (custom)
2023-12-01 12:04:19,275 [9e3b9079-4dd1-4962-964a-dfdeb60592bf-groupManagement] INFO  server.RaftServerConfigKeys (ConfUtils.java:logGet(46)) - raft.server.log.appender.buffer.byte-limit = 33554432 (custom)
2023-12-01 12:04:19,277 [9e3b9079-4dd1-4962-964a-dfdeb60592bf-groupManagement] INFO  server.RaftServerConfigKeys (ConfUtils.java:logGet(46)) - raft.server.log.unsafe-flush.enabled = false (default)
2023-12-01 12:04:19,277 [9e3b9079-4dd1-4962-964a-dfdeb60592bf-groupManagement] INFO  server.RaftServerConfigKeys (ConfUtils.java:logGet(46)) - raft.server.log.async-flush.enabled = false (default)
2023-12-01 12:04:19,277 [9e3b9079-4dd1-4962-964a-dfdeb60592bf-groupManagement] INFO  server.RaftServerConfigKeys (ConfUtils.java:logGet(46)) - raft.server.log.statemachine.data.caching.enabled = true (custom)
2023-12-01 12:04:19,277 [9e3b9079-4dd1-4962-964a-dfdeb60592bf-groupManagement] INFO  segmented.SegmentedRaftLogWorker (SegmentedRaftLogWorker.java:lambda$new$0(135)) - 9e3b9079-4dd1-4962-964a-dfdeb60592bf@group-49DA23575FB0-SegmentedRaftLogWorker: flushIndex: setUnconditionally 0 -> -1
2023-12-01 12:04:19,277 [9e3b9079-4dd1-4962-964a-dfdeb60592bf-groupManagement] INFO  segmented.SegmentedRaftLogWorker (SegmentedRaftLogWorker.java:lambda$new$0(135)) - 9e3b9079-4dd1-4962-964a-dfdeb60592bf@group-49DA23575FB0-SegmentedRaftLogWorker: safeCacheEvictIndex: setUnconditionally 0 -> -1
2023-12-01 12:04:19,277 [9e3b9079-4dd1-4962-964a-dfdeb60592bf-groupManagement] INFO  server.RaftServer$Division (RaftServerImpl.java:start(392)) - 9e3b9079-4dd1-4962-964a-dfdeb60592bf@group-49DA23575FB0: start as a follower, conf=-1: peers:[a78ad617-b5b5-46fb-9003-310abdef56ad|10.1.0.24:15041, 6dc608fe-50aa-407f-b4f0-db1c149f31c2|10.1.0.24:15059, 9e3b9079-4dd1-4962-964a-dfdeb60592bf|10.1.0.24:15050]|listeners:[], old=null
2023-12-01 12:04:19,278 [9e3b9079-4dd1-4962-964a-dfdeb60592bf-groupManagement] INFO  server.RaftServer$Division (RaftServerImpl.java:setRole(379)) - 9e3b9079-4dd1-4962-964a-dfdeb60592bf@group-49DA23575FB0: changes role from      null to FOLLOWER at term 0 for startAsFollower
2023-12-01 12:04:19,278 [9e3b9079-4dd1-4962-964a-dfdeb60592bf-groupManagement] INFO  impl.RoleInfo (RoleInfo.java:updateAndGet(139)) - 9e3b9079-4dd1-4962-964a-dfdeb60592bf: start 9e3b9079-4dd1-4962-964a-dfdeb60592bf@group-49DA23575FB0-FollowerState
2023-12-01 12:04:19,278 [9e3b9079-4dd1-4962-964a-dfdeb60592bf@group-49DA23575FB0-FollowerState] INFO  server.RaftServerConfigKeys (ConfUtils.java:logFallback(53)) - raft.server.rpc.first-election.timeout.min = 5s (fallback to raft.server.rpc.timeout.min)
2023-12-01 12:04:19,280 [9e3b9079-4dd1-4962-964a-dfdeb60592bf-groupManagement] INFO  util.JmxRegister (JmxRegister.java:tryRegister(44)) - Successfully registered JMX Bean with object name Ratis:service=RaftServer,group=group-49DA23575FB0,id=9e3b9079-4dd1-4962-964a-dfdeb60592bf
2023-12-01 12:04:19,280 [9e3b9079-4dd1-4962-964a-dfdeb60592bf@group-49DA23575FB0-FollowerState] INFO  server.RaftServerConfigKeys (ConfUtils.java:logFallback(53)) - raft.server.rpc.first-election.timeout.max = 5200ms (fallback to raft.server.rpc.timeout.max)
2023-12-01 12:04:19,280 [9e3b9079-4dd1-4962-964a-dfdeb60592bf-groupManagement] INFO  server.RaftServerConfigKeys (ConfUtils.java:logGet(46)) - raft.server.snapshot.trigger-when-stop.enabled = true (default)
2023-12-01 12:04:19,280 [9e3b9079-4dd1-4962-964a-dfdeb60592bf-groupManagement] INFO  server.RaftServerConfigKeys (ConfUtils.java:logGet(46)) - raft.server.snapshot.auto.trigger.enabled = true (custom)
2023-12-01 12:04:19,280 [9e3b9079-4dd1-4962-964a-dfdeb60592bf-groupManagement] INFO  server.RaftServerConfigKeys (ConfUtils.java:logGet(46)) - raft.server.snapshot.auto.trigger.threshold = 10000 (custom)
2023-12-01 12:04:19,280 [9e3b9079-4dd1-4962-964a-dfdeb60592bf-groupManagement] INFO  server.RaftServerConfigKeys (ConfUtils.java:logGet(46)) - raft.server.snapshot.retention.file.num = 5 (custom)
2023-12-01 12:04:19,280 [9e3b9079-4dd1-4962-964a-dfdeb60592bf-groupManagement] INFO  server.RaftServerConfigKeys (ConfUtils.java:logGet(46)) - raft.server.log.purge.upto.snapshot.index = false (default)
2023-12-01 12:04:19,281 [9e3b9079-4dd1-4962-964a-dfdeb60592bf-PipelineCommandHandlerThread-0] INFO  ratis.XceiverServerRatis (XceiverServerRatis.java:addGroup(814)) - Created group PipelineID=17b8a4e6-87bf-48c1-b333-49da23575fb0
2023-12-01 12:04:19,290 [grpc-default-executor-4] INFO  server.RaftServer (RaftServerProxy.java:addNew(100)) - 6dc608fe-50aa-407f-b4f0-db1c149f31c2: addNew group-49DA23575FB0:[a78ad617-b5b5-46fb-9003-310abdef56ad|10.1.0.24:15041, 6dc608fe-50aa-407f-b4f0-db1c149f31c2|10.1.0.24:15059, 9e3b9079-4dd1-4962-964a-dfdeb60592bf|10.1.0.24:15050] returns group-49DA23575FB0:java.util.concurrent.CompletableFuture@6d57bf8f[Not completed]
2023-12-01 12:04:19,291 [6dc608fe-50aa-407f-b4f0-db1c149f31c2-groupManagement] INFO  server.RaftServer$Division (RaftServerImpl.java:<init>(256)) - 6dc608fe-50aa-407f-b4f0-db1c149f31c2: new RaftServerImpl for group-49DA23575FB0:[a78ad617-b5b5-46fb-9003-310abdef56ad|10.1.0.24:15041, 6dc608fe-50aa-407f-b4f0-db1c149f31c2|10.1.0.24:15059, 9e3b9079-4dd1-4962-964a-dfdeb60592bf|10.1.0.24:15050] with ContainerStateMachine:uninitialized
2023-12-01 12:04:19,292 [6dc608fe-50aa-407f-b4f0-db1c149f31c2-groupManagement] INFO  server.RaftServerConfigKeys (ConfUtils.java:logGet(46)) - raft.server.rpc.timeout.min = 5s (custom)
2023-12-01 12:04:19,292 [6dc608fe-50aa-407f-b4f0-db1c149f31c2-groupManagement] INFO  server.RaftServerConfigKeys (ConfUtils.java:logGet(46)) - raft.server.rpc.timeout.max = 5200ms (custom)
2023-12-01 12:04:19,292 [6dc608fe-50aa-407f-b4f0-db1c149f31c2-groupManagement] INFO  server.RaftServerConfigKeys (ConfUtils.java:logGet(46)) - raft.server.rpc.sleep.time = 25ms (default)
2023-12-01 12:04:19,292 [6dc608fe-50aa-407f-b4f0-db1c149f31c2-groupManagement] INFO  server.RaftServerConfigKeys (ConfUtils.java:logGet(46)) - raft.server.rpc.slowness.timeout = 300s (custom)
2023-12-01 12:04:19,292 [6dc608fe-50aa-407f-b4f0-db1c149f31c2-groupManagement] INFO  server.RaftServerConfigKeys (ConfUtils.java:logGet(46)) - raft.server.leaderelection.leader.step-down.wait-time = 10s (default)
2023-12-01 12:04:19,292 [6dc608fe-50aa-407f-b4f0-db1c149f31c2-groupManagement] INFO  server.RaftServerConfigKeys (ConfUtils.java:logGet(46)) - raft.server.leaderelection.member.majority-add = false (default)
2023-12-01 12:04:19,292 [6dc608fe-50aa-407f-b4f0-db1c149f31c2-groupManagement] INFO  server.RaftServerConfigKeys (ConfUtils.java:logGet(46)) - raft.server.sleep.deviation.threshold = 300ms (default)
2023-12-01 12:04:19,292 [6dc608fe-50aa-407f-b4f0-db1c149f31c2-groupManagement] INFO  server.RaftServer$Division (ServerState.java:<init>(113)) - 6dc608fe-50aa-407f-b4f0-db1c149f31c2@group-49DA23575FB0: ConfigurationManager, init=-1: peers:[a78ad617-b5b5-46fb-9003-310abdef56ad|10.1.0.24:15041, 6dc608fe-50aa-407f-b4f0-db1c149f31c2|10.1.0.24:15059, 9e3b9079-4dd1-4962-964a-dfdeb60592bf|10.1.0.24:15050]|listeners:[], old=null, confs=<EMPTY_MAP>
2023-12-01 12:04:19,292 [6dc608fe-50aa-407f-b4f0-db1c149f31c2-groupManagement] INFO  server.RaftServerConfigKeys (ConfUtils.java:logGet(46)) - raft.server.notification.no-leader.timeout = 300s (custom)
2023-12-01 12:04:19,292 [6dc608fe-50aa-407f-b4f0-db1c149f31c2-groupManagement] INFO  server.RaftServerConfigKeys (ConfUtils.java:logGet(46)) - raft.server.read.timeout = 10s (default)
2023-12-01 12:04:19,292 [6dc608fe-50aa-407f-b4f0-db1c149f31c2-groupManagement] INFO  server.RaftServerConfigKeys (ConfUtils.java:logGet(46)) - raft.server.retrycache.expirytime = 600000ms (custom)
2023-12-01 12:04:19,292 [6dc608fe-50aa-407f-b4f0-db1c149f31c2-groupManagement] INFO  server.RaftServerConfigKeys (ConfUtils.java:logGet(46)) - raft.server.retrycache.statistics.expirytime = 100ms (default)
2023-12-01 12:04:19,293 [6dc608fe-50aa-407f-b4f0-db1c149f31c2-groupManagement] INFO  server.RaftServerConfigKeys (ConfUtils.java:logGet(46)) - raft.server.read.option = DEFAULT (default)
2023-12-01 12:04:19,293 [6dc608fe-50aa-407f-b4f0-db1c149f31c2-groupManagement] INFO  server.RaftServerConfigKeys (ConfUtils.java:logGet(46)) - raft.server.read.read-after-write-consistent.write-index-cache.expiry-time = 60s (default)
2023-12-01 12:04:19,294 [6dc608fe-50aa-407f-b4f0-db1c149f31c2-groupManagement] INFO  server.RaftServerConfigKeys (ConfUtils.java:logGet(46)) - raft.server.rpc.request.timeout = 60s (custom)
2023-12-01 12:04:19,294 [6dc608fe-50aa-407f-b4f0-db1c149f31c2-groupManagement] INFO  server.RaftServerConfigKeys (ConfUtils.java:logGet(46)) - raft.server.log.appender.install.snapshot.enabled = false (custom)
2023-12-01 12:04:19,294 [6dc608fe-50aa-407f-b4f0-db1c149f31c2-groupManagement] INFO  server.RaftServerConfigKeys (ConfUtils.java:logGet(46)) - raft.server.threadpool.server.cached = true (default)
2023-12-01 12:04:19,294 [6dc608fe-50aa-407f-b4f0-db1c149f31c2-groupManagement] INFO  server.RaftServerConfigKeys (ConfUtils.java:logGet(46)) - raft.server.threadpool.server.size = 0 (default)
2023-12-01 12:04:19,294 [6dc608fe-50aa-407f-b4f0-db1c149f31c2-groupManagement] INFO  server.RaftServerConfigKeys (ConfUtils.java:logGet(46)) - raft.server.threadpool.client.cached = true (default)
2023-12-01 12:04:19,294 [6dc608fe-50aa-407f-b4f0-db1c149f31c2-groupManagement] INFO  server.RaftServerConfigKeys (ConfUtils.java:logGet(46)) - raft.server.threadpool.client.size = 0 (default)
2023-12-01 12:04:19,294 [6dc608fe-50aa-407f-b4f0-db1c149f31c2-groupManagement] INFO  server.RaftServerConfigKeys (ConfUtils.java:logGet(46)) - raft.server.storage.free-space.min = 0MB (=0) (default)
2023-12-01 12:04:19,294 [6dc608fe-50aa-407f-b4f0-db1c149f31c2-groupManagement] INFO  server.RaftServerConfigKeys (ConfUtils.java:logGet(46)) - raft.server.log.corruption.policy = EXCEPTION (default)
2023-12-01 12:04:19,295 [6dc608fe-50aa-407f-b4f0-db1c149f31c2-groupManagement] INFO  server.RaftServerConfigKeys (ConfUtils.java:logGet(46)) - raft.server.storage.dir = [/home/runner/work/ozone/ozone/hadoop-ozone/integration-test/target/test-dir/MiniOzoneClusterImpl-d99da5cf-54e3-4304-baea-1cefc2b4c4dc/datanode-5/data/ratis] (custom)
2023-12-01 12:04:19,295 [6dc608fe-50aa-407f-b4f0-db1c149f31c2-groupManagement] INFO  storage.RaftStorageDirectory (RaftStorageDirectoryImpl.java:analyzeStorage(138)) - The storage directory /home/runner/work/ozone/ozone/hadoop-ozone/integration-test/target/test-dir/MiniOzoneClusterImpl-d99da5cf-54e3-4304-baea-1cefc2b4c4dc/datanode-5/data/ratis/17b8a4e6-87bf-48c1-b333-49da23575fb0 does not exist. Creating ...
2023-12-01 12:04:19,296 [6dc608fe-50aa-407f-b4f0-db1c149f31c2-groupManagement] INFO  storage.RaftStorageDirectory (RaftStorageDirectoryImpl.java:tryLock(232)) - Lock on /home/runner/work/ozone/ozone/hadoop-ozone/integration-test/target/test-dir/MiniOzoneClusterImpl-d99da5cf-54e3-4304-baea-1cefc2b4c4dc/datanode-5/data/ratis/17b8a4e6-87bf-48c1-b333-49da23575fb0/in_use.lock acquired by nodename 15370@fv-az1423-675
2023-12-01 12:04:19,299 [6dc608fe-50aa-407f-b4f0-db1c149f31c2-groupManagement] INFO  storage.RaftStorage (RaftStorageImpl.java:format(97)) - Storage directory /home/runner/work/ozone/ozone/hadoop-ozone/integration-test/target/test-dir/MiniOzoneClusterImpl-d99da5cf-54e3-4304-baea-1cefc2b4c4dc/datanode-5/data/ratis/17b8a4e6-87bf-48c1-b333-49da23575fb0 has been successfully formatted.
2023-12-01 12:04:19,300 [6dc608fe-50aa-407f-b4f0-db1c149f31c2-groupManagement] INFO  ratis.ContainerStateMachine (ContainerStateMachine.java:loadSnapshot(269)) - group-49DA23575FB0: The snapshot info is null. Setting the last applied indexto:(t:0, i:~)
2023-12-01 12:04:19,300 [6dc608fe-50aa-407f-b4f0-db1c149f31c2-groupManagement] INFO  server.RaftServerConfigKeys (ConfUtils.java:logGet(46)) - raft.server.log.use.memory = false (default)
2023-12-01 12:04:19,300 [6dc608fe-50aa-407f-b4f0-db1c149f31c2-groupManagement] INFO  server.RaftServerConfigKeys (ConfUtils.java:logGet(46)) - raft.server.log.purge.gap = 1000000 (custom)
2023-12-01 12:04:19,300 [6dc608fe-50aa-407f-b4f0-db1c149f31c2-groupManagement] INFO  server.RaftServerConfigKeys (ConfUtils.java:logGet(46)) - raft.server.log.appender.buffer.byte-limit = 33554432 (custom)
2023-12-01 12:04:19,300 [6dc608fe-50aa-407f-b4f0-db1c149f31c2-groupManagement] INFO  server.RaftServerConfigKeys (ConfUtils.java:logGet(46)) - raft.server.log.statemachine.data.read.timeout = 1000ms (default)
2023-12-01 12:04:19,300 [6dc608fe-50aa-407f-b4f0-db1c149f31c2-groupManagement] INFO  server.RaftServerConfigKeys (ConfUtils.java:logGet(46)) - raft.server.log.purge.preservation.log.num = 0 (default)
2023-12-01 12:04:19,301 [6dc608fe-50aa-407f-b4f0-db1c149f31c2-groupManagement] INFO  server.RaftServerConfigKeys (ConfUtils.java:logGet(46)) - raft.server.log.segment.size.max = 67108864 (custom)
2023-12-01 12:04:19,302 [6dc608fe-50aa-407f-b4f0-db1c149f31c2-groupManagement] INFO  server.RaftServerConfigKeys (ConfUtils.java:logGet(46)) - raft.server.log.segment.cache.num.max = 2 (custom)
2023-12-01 12:04:19,302 [6dc608fe-50aa-407f-b4f0-db1c149f31c2-groupManagement] INFO  server.RaftServerConfigKeys (ConfUtils.java:logGet(46)) - raft.server.log.segment.cache.size.max = 200MB (=209715200) (default)
2023-12-01 12:04:19,302 [6dc608fe-50aa-407f-b4f0-db1c149f31c2-groupManagement] INFO  server.RaftServerConfigKeys (ConfUtils.java:logGet(46)) - raft.server.log.appender.buffer.byte-limit = 33554432 (custom)
2023-12-01 12:04:19,302 [6dc608fe-50aa-407f-b4f0-db1c149f31c2-groupManagement] INFO  util.AwaitToRun (AwaitToRun.java:start(81)) - Thread[6dc608fe-50aa-407f-b4f0-db1c149f31c2@group-49DA23575FB0-cacheEviction-AwaitToRun,5,main] started
2023-12-01 12:04:19,302 [6dc608fe-50aa-407f-b4f0-db1c149f31c2-groupManagement] INFO  segmented.SegmentedRaftLogWorker (SegmentedRaftLogWorker.java:<init>(184)) - new 6dc608fe-50aa-407f-b4f0-db1c149f31c2@group-49DA23575FB0-SegmentedRaftLogWorker for RaftStorageImpl:Storage Directory /home/runner/work/ozone/ozone/hadoop-ozone/integration-test/target/test-dir/MiniOzoneClusterImpl-d99da5cf-54e3-4304-baea-1cefc2b4c4dc/datanode-5/data/ratis/17b8a4e6-87bf-48c1-b333-49da23575fb0
2023-12-01 12:04:19,302 [6dc608fe-50aa-407f-b4f0-db1c149f31c2-groupManagement] INFO  server.RaftServerConfigKeys (ConfUtils.java:logGet(46)) - raft.server.log.queue.byte-limit = 4294967296 (custom)
2023-12-01 12:04:19,302 [6dc608fe-50aa-407f-b4f0-db1c149f31c2-groupManagement] INFO  server.RaftServerConfigKeys (ConfUtils.java:logGet(46)) - raft.server.log.queue.element-limit = 1024 (custom)
2023-12-01 12:04:19,303 [6dc608fe-50aa-407f-b4f0-db1c149f31c2-groupManagement] INFO  server.RaftServerConfigKeys (ConfUtils.java:logGet(46)) - raft.server.log.segment.size.max = 67108864 (custom)
2023-12-01 12:04:19,303 [6dc608fe-50aa-407f-b4f0-db1c149f31c2-groupManagement] INFO  server.RaftServerConfigKeys (ConfUtils.java:logGet(46)) - raft.server.log.preallocated.size = 4194304 (custom)
2023-12-01 12:04:19,303 [6dc608fe-50aa-407f-b4f0-db1c149f31c2-groupManagement] INFO  server.RaftServerConfigKeys (ConfUtils.java:logGet(46)) - raft.server.log.force.sync.num = 128 (default)
2023-12-01 12:04:19,303 [6dc608fe-50aa-407f-b4f0-db1c149f31c2-groupManagement] INFO  server.RaftServerConfigKeys (ConfUtils.java:logGet(46)) - raft.server.log.statemachine.data.sync = true (default)
2023-12-01 12:04:19,303 [6dc608fe-50aa-407f-b4f0-db1c149f31c2-groupManagement] INFO  server.RaftServerConfigKeys (ConfUtils.java:logGet(46)) - raft.server.log.statemachine.data.sync.timeout = 10s (default)
2023-12-01 12:04:19,303 [6dc608fe-50aa-407f-b4f0-db1c149f31c2-groupManagement] INFO  server.RaftServerConfigKeys (ConfUtils.java:logGet(46)) - raft.server.log.statemachine.data.sync.timeout.retry = -1 (default)
2023-12-01 12:04:19,303 [6dc608fe-50aa-407f-b4f0-db1c149f31c2-groupManagement] INFO  server.RaftServerConfigKeys (ConfUtils.java:logGet(46)) - raft.server.log.write.buffer.size = 2097152 (custom)
2023-12-01 12:04:19,304 [6dc608fe-50aa-407f-b4f0-db1c149f31c2-groupManagement] INFO  server.RaftServerConfigKeys (ConfUtils.java:logGet(46)) - raft.server.log.appender.buffer.byte-limit = 33554432 (custom)
2023-12-01 12:04:19,306 [6dc608fe-50aa-407f-b4f0-db1c149f31c2-groupManagement] INFO  server.RaftServerConfigKeys (ConfUtils.java:logGet(46)) - raft.server.log.unsafe-flush.enabled = false (default)
2023-12-01 12:04:19,306 [6dc608fe-50aa-407f-b4f0-db1c149f31c2-groupManagement] INFO  server.RaftServerConfigKeys (ConfUtils.java:logGet(46)) - raft.server.log.async-flush.enabled = false (default)
2023-12-01 12:04:19,306 [6dc608fe-50aa-407f-b4f0-db1c149f31c2-groupManagement] INFO  server.RaftServerConfigKeys (ConfUtils.java:logGet(46)) - raft.server.log.statemachine.data.caching.enabled = true (custom)
2023-12-01 12:04:19,306 [6dc608fe-50aa-407f-b4f0-db1c149f31c2-groupManagement] INFO  segmented.SegmentedRaftLogWorker (SegmentedRaftLogWorker.java:lambda$new$0(135)) - 6dc608fe-50aa-407f-b4f0-db1c149f31c2@group-49DA23575FB0-SegmentedRaftLogWorker: flushIndex: setUnconditionally 0 -> -1
2023-12-01 12:04:19,306 [6dc608fe-50aa-407f-b4f0-db1c149f31c2-groupManagement] INFO  segmented.SegmentedRaftLogWorker (SegmentedRaftLogWorker.java:lambda$new$0(135)) - 6dc608fe-50aa-407f-b4f0-db1c149f31c2@group-49DA23575FB0-SegmentedRaftLogWorker: safeCacheEvictIndex: setUnconditionally 0 -> -1
2023-12-01 12:04:19,306 [6dc608fe-50aa-407f-b4f0-db1c149f31c2-groupManagement] INFO  server.RaftServer$Division (RaftServerImpl.java:start(392)) - 6dc608fe-50aa-407f-b4f0-db1c149f31c2@group-49DA23575FB0: start as a follower, conf=-1: peers:[a78ad617-b5b5-46fb-9003-310abdef56ad|10.1.0.24:15041, 6dc608fe-50aa-407f-b4f0-db1c149f31c2|10.1.0.24:15059, 9e3b9079-4dd1-4962-964a-dfdeb60592bf|10.1.0.24:15050]|listeners:[], old=null
2023-12-01 12:04:19,306 [6dc608fe-50aa-407f-b4f0-db1c149f31c2-groupManagement] INFO  server.RaftServer$Division (RaftServerImpl.java:setRole(379)) - 6dc608fe-50aa-407f-b4f0-db1c149f31c2@group-49DA23575FB0: changes role from      null to FOLLOWER at term 0 for startAsFollower
2023-12-01 12:04:19,307 [6dc608fe-50aa-407f-b4f0-db1c149f31c2-groupManagement] INFO  impl.RoleInfo (RoleInfo.java:updateAndGet(139)) - 6dc608fe-50aa-407f-b4f0-db1c149f31c2: start 6dc608fe-50aa-407f-b4f0-db1c149f31c2@group-49DA23575FB0-FollowerState
2023-12-01 12:04:19,307 [6dc608fe-50aa-407f-b4f0-db1c149f31c2-groupManagement] INFO  util.JmxRegister (JmxRegister.java:tryRegister(44)) - Successfully registered JMX Bean with object name Ratis:service=RaftServer,group=group-49DA23575FB0,id=6dc608fe-50aa-407f-b4f0-db1c149f31c2
2023-12-01 12:04:19,307 [6dc608fe-50aa-407f-b4f0-db1c149f31c2-groupManagement] INFO  server.RaftServerConfigKeys (ConfUtils.java:logGet(46)) - raft.server.snapshot.trigger-when-stop.enabled = true (default)
2023-12-01 12:04:19,307 [6dc608fe-50aa-407f-b4f0-db1c149f31c2-groupManagement] INFO  server.RaftServerConfigKeys (ConfUtils.java:logGet(46)) - raft.server.snapshot.auto.trigger.enabled = true (custom)
2023-12-01 12:04:19,307 [6dc608fe-50aa-407f-b4f0-db1c149f31c2-groupManagement] INFO  server.RaftServerConfigKeys (ConfUtils.java:logGet(46)) - raft.server.snapshot.auto.trigger.threshold = 10000 (custom)
2023-12-01 12:04:19,308 [6dc608fe-50aa-407f-b4f0-db1c149f31c2-groupManagement] INFO  server.RaftServerConfigKeys (ConfUtils.java:logGet(46)) - raft.server.snapshot.retention.file.num = 5 (custom)
2023-12-01 12:04:19,308 [6dc608fe-50aa-407f-b4f0-db1c149f31c2-groupManagement] INFO  server.RaftServerConfigKeys (ConfUtils.java:logGet(46)) - raft.server.log.purge.upto.snapshot.index = false (default)
2023-12-01 12:04:19,308 [6dc608fe-50aa-407f-b4f0-db1c149f31c2@group-49DA23575FB0-FollowerState] INFO  server.RaftServerConfigKeys (ConfUtils.java:logFallback(53)) - raft.server.rpc.first-election.timeout.min = 5s (fallback to raft.server.rpc.timeout.min)
2023-12-01 12:04:19,308 [6dc608fe-50aa-407f-b4f0-db1c149f31c2@group-49DA23575FB0-FollowerState] INFO  server.RaftServerConfigKeys (ConfUtils.java:logFallback(53)) - raft.server.rpc.first-election.timeout.max = 5200ms (fallback to raft.server.rpc.timeout.max)
2023-12-01 12:04:19,320 [grpc-default-executor-4] INFO  server.RaftServer (RaftServerProxy.java:addNew(100)) - a78ad617-b5b5-46fb-9003-310abdef56ad: addNew group-49DA23575FB0:[a78ad617-b5b5-46fb-9003-310abdef56ad|10.1.0.24:15041, 6dc608fe-50aa-407f-b4f0-db1c149f31c2|10.1.0.24:15059, 9e3b9079-4dd1-4962-964a-dfdeb60592bf|10.1.0.24:15050] returns group-49DA23575FB0:java.util.concurrent.CompletableFuture@69192661[Not completed]
2023-12-01 12:04:19,321 [a78ad617-b5b5-46fb-9003-310abdef56ad-groupManagement] INFO  server.RaftServer$Division (RaftServerImpl.java:<init>(256)) - a78ad617-b5b5-46fb-9003-310abdef56ad: new RaftServerImpl for group-49DA23575FB0:[a78ad617-b5b5-46fb-9003-310abdef56ad|10.1.0.24:15041, 6dc608fe-50aa-407f-b4f0-db1c149f31c2|10.1.0.24:15059, 9e3b9079-4dd1-4962-964a-dfdeb60592bf|10.1.0.24:15050] with ContainerStateMachine:uninitialized
2023-12-01 12:04:19,321 [a78ad617-b5b5-46fb-9003-310abdef56ad-groupManagement] INFO  server.RaftServerConfigKeys (ConfUtils.java:logGet(46)) - raft.server.rpc.timeout.min = 5s (custom)
2023-12-01 12:04:19,321 [a78ad617-b5b5-46fb-9003-310abdef56ad-groupManagement] INFO  server.RaftServerConfigKeys (ConfUtils.java:logGet(46)) - raft.server.rpc.timeout.max = 5200ms (custom)
2023-12-01 12:04:19,321 [a78ad617-b5b5-46fb-9003-310abdef56ad-groupManagement] INFO  server.RaftServerConfigKeys (ConfUtils.java:logGet(46)) - raft.server.rpc.sleep.time = 25ms (default)
2023-12-01 12:04:19,321 [a78ad617-b5b5-46fb-9003-310abdef56ad-groupManagement] INFO  server.RaftServerConfigKeys (ConfUtils.java:logGet(46)) - raft.server.rpc.slowness.timeout = 300s (custom)
2023-12-01 12:04:19,321 [a78ad617-b5b5-46fb-9003-310abdef56ad-groupManagement] INFO  server.RaftServerConfigKeys (ConfUtils.java:logGet(46)) - raft.server.leaderelection.leader.step-down.wait-time = 10s (default)
2023-12-01 12:04:19,321 [a78ad617-b5b5-46fb-9003-310abdef56ad-groupManagement] INFO  server.RaftServerConfigKeys (ConfUtils.java:logGet(46)) - raft.server.leaderelection.member.majority-add = false (default)
2023-12-01 12:04:19,321 [a78ad617-b5b5-46fb-9003-310abdef56ad-groupManagement] INFO  server.RaftServerConfigKeys (ConfUtils.java:logGet(46)) - raft.server.sleep.deviation.threshold = 300ms (default)
2023-12-01 12:04:19,321 [a78ad617-b5b5-46fb-9003-310abdef56ad-groupManagement] INFO  server.RaftServer$Division (ServerState.java:<init>(113)) - a78ad617-b5b5-46fb-9003-310abdef56ad@group-49DA23575FB0: ConfigurationManager, init=-1: peers:[a78ad617-b5b5-46fb-9003-310abdef56ad|10.1.0.24:15041, 6dc608fe-50aa-407f-b4f0-db1c149f31c2|10.1.0.24:15059, 9e3b9079-4dd1-4962-964a-dfdeb60592bf|10.1.0.24:15050]|listeners:[], old=null, confs=<EMPTY_MAP>
2023-12-01 12:04:19,321 [a78ad617-b5b5-46fb-9003-310abdef56ad-groupManagement] INFO  server.RaftServerConfigKeys (ConfUtils.java:logGet(46)) - raft.server.notification.no-leader.timeout = 300s (custom)
2023-12-01 12:04:19,321 [a78ad617-b5b5-46fb-9003-310abdef56ad-groupManagement] INFO  server.RaftServerConfigKeys (ConfUtils.java:logGet(46)) - raft.server.read.timeout = 10s (default)
2023-12-01 12:04:19,321 [a78ad617-b5b5-46fb-9003-310abdef56ad-groupManagement] INFO  server.RaftServerConfigKeys (ConfUtils.java:logGet(46)) - raft.server.retrycache.expirytime = 600000ms (custom)
2023-12-01 12:04:19,321 [a78ad617-b5b5-46fb-9003-310abdef56ad-groupManagement] INFO  server.RaftServerConfigKeys (ConfUtils.java:logGet(46)) - raft.server.retrycache.statistics.expirytime = 100ms (default)
2023-12-01 12:04:19,321 [a78ad617-b5b5-46fb-9003-310abdef56ad-groupManagement] INFO  server.RaftServerConfigKeys (ConfUtils.java:logGet(46)) - raft.server.read.option = DEFAULT (default)
2023-12-01 12:04:19,321 [a78ad617-b5b5-46fb-9003-310abdef56ad-groupManagement] INFO  server.RaftServerConfigKeys (ConfUtils.java:logGet(46)) - raft.server.read.read-after-write-consistent.write-index-cache.expiry-time = 60s (default)
2023-12-01 12:04:19,323 [a78ad617-b5b5-46fb-9003-310abdef56ad-groupManagement] INFO  server.RaftServerConfigKeys (ConfUtils.java:logGet(46)) - raft.server.rpc.request.timeout = 60s (custom)
2023-12-01 12:04:19,323 [a78ad617-b5b5-46fb-9003-310abdef56ad-groupManagement] INFO  server.RaftServerConfigKeys (ConfUtils.java:logGet(46)) - raft.server.log.appender.install.snapshot.enabled = false (custom)
2023-12-01 12:04:19,323 [a78ad617-b5b5-46fb-9003-310abdef56ad-groupManagement] INFO  server.RaftServerConfigKeys (ConfUtils.java:logGet(46)) - raft.server.threadpool.server.cached = true (default)
2023-12-01 12:04:19,323 [a78ad617-b5b5-46fb-9003-310abdef56ad-groupManagement] INFO  server.RaftServerConfigKeys (ConfUtils.java:logGet(46)) - raft.server.threadpool.server.size = 0 (default)
2023-12-01 12:04:19,323 [a78ad617-b5b5-46fb-9003-310abdef56ad-groupManagement] INFO  server.RaftServerConfigKeys (ConfUtils.java:logGet(46)) - raft.server.threadpool.client.cached = true (default)
2023-12-01 12:04:19,323 [a78ad617-b5b5-46fb-9003-310abdef56ad-groupManagement] INFO  server.RaftServerConfigKeys (ConfUtils.java:logGet(46)) - raft.server.threadpool.client.size = 0 (default)
2023-12-01 12:04:19,323 [a78ad617-b5b5-46fb-9003-310abdef56ad-groupManagement] INFO  server.RaftServerConfigKeys (ConfUtils.java:logGet(46)) - raft.server.storage.free-space.min = 0MB (=0) (default)
2023-12-01 12:04:19,323 [a78ad617-b5b5-46fb-9003-310abdef56ad-groupManagement] INFO  server.RaftServerConfigKeys (ConfUtils.java:logGet(46)) - raft.server.log.corruption.policy = EXCEPTION (default)
2023-12-01 12:04:19,323 [a78ad617-b5b5-46fb-9003-310abdef56ad-groupManagement] INFO  server.RaftServerConfigKeys (ConfUtils.java:logGet(46)) - raft.server.storage.dir = [/home/runner/work/ozone/ozone/hadoop-ozone/integration-test/target/test-dir/MiniOzoneClusterImpl-d99da5cf-54e3-4304-baea-1cefc2b4c4dc/datanode-3/data/ratis] (custom)
2023-12-01 12:04:19,323 [a78ad617-b5b5-46fb-9003-310abdef56ad-groupManagement] INFO  storage.RaftStorageDirectory (RaftStorageDirectoryImpl.java:analyzeStorage(138)) - The storage directory /home/runner/work/ozone/ozone/hadoop-ozone/integration-test/target/test-dir/MiniOzoneClusterImpl-d99da5cf-54e3-4304-baea-1cefc2b4c4dc/datanode-3/data/ratis/17b8a4e6-87bf-48c1-b333-49da23575fb0 does not exist. Creating ...
2023-12-01 12:04:19,325 [a78ad617-b5b5-46fb-9003-310abdef56ad-groupManagement] INFO  storage.RaftStorageDirectory (RaftStorageDirectoryImpl.java:tryLock(232)) - Lock on /home/runner/work/ozone/ozone/hadoop-ozone/integration-test/target/test-dir/MiniOzoneClusterImpl-d99da5cf-54e3-4304-baea-1cefc2b4c4dc/datanode-3/data/ratis/17b8a4e6-87bf-48c1-b333-49da23575fb0/in_use.lock acquired by nodename 15370@fv-az1423-675
2023-12-01 12:04:19,326 [a78ad617-b5b5-46fb-9003-310abdef56ad-groupManagement] INFO  storage.RaftStorage (RaftStorageImpl.java:format(97)) - Storage directory /home/runner/work/ozone/ozone/hadoop-ozone/integration-test/target/test-dir/MiniOzoneClusterImpl-d99da5cf-54e3-4304-baea-1cefc2b4c4dc/datanode-3/data/ratis/17b8a4e6-87bf-48c1-b333-49da23575fb0 has been successfully formatted.
2023-12-01 12:04:19,326 [a78ad617-b5b5-46fb-9003-310abdef56ad-groupManagement] INFO  ratis.ContainerStateMachine (ContainerStateMachine.java:loadSnapshot(269)) - group-49DA23575FB0: The snapshot info is null. Setting the last applied indexto:(t:0, i:~)
2023-12-01 12:04:19,326 [a78ad617-b5b5-46fb-9003-310abdef56ad-groupManagement] INFO  server.RaftServerConfigKeys (ConfUtils.java:logGet(46)) - raft.server.log.use.memory = false (default)
2023-12-01 12:04:19,327 [a78ad617-b5b5-46fb-9003-310abdef56ad-groupManagement] INFO  server.RaftServerConfigKeys (ConfUtils.java:logGet(46)) - raft.server.log.purge.gap = 1000000 (custom)
2023-12-01 12:04:19,327 [a78ad617-b5b5-46fb-9003-310abdef56ad-groupManagement] INFO  server.RaftServerConfigKeys (ConfUtils.java:logGet(46)) - raft.server.log.appender.buffer.byte-limit = 33554432 (custom)
2023-12-01 12:04:19,327 [a78ad617-b5b5-46fb-9003-310abdef56ad-groupManagement] INFO  server.RaftServerConfigKeys (ConfUtils.java:logGet(46)) - raft.server.log.statemachine.data.read.timeout = 1000ms (default)
2023-12-01 12:04:19,327 [a78ad617-b5b5-46fb-9003-310abdef56ad-groupManagement] INFO  server.RaftServerConfigKeys (ConfUtils.java:logGet(46)) - raft.server.log.purge.preservation.log.num = 0 (default)
2023-12-01 12:04:19,329 [a78ad617-b5b5-46fb-9003-310abdef56ad-groupManagement] INFO  server.RaftServerConfigKeys (ConfUtils.java:logGet(46)) - raft.server.log.segment.size.max = 67108864 (custom)
2023-12-01 12:04:19,329 [a78ad617-b5b5-46fb-9003-310abdef56ad-groupManagement] INFO  server.RaftServerConfigKeys (ConfUtils.java:logGet(46)) - raft.server.log.segment.cache.num.max = 2 (custom)
2023-12-01 12:04:19,329 [a78ad617-b5b5-46fb-9003-310abdef56ad-groupManagement] INFO  server.RaftServerConfigKeys (ConfUtils.java:logGet(46)) - raft.server.log.segment.cache.size.max = 200MB (=209715200) (default)
2023-12-01 12:04:19,329 [a78ad617-b5b5-46fb-9003-310abdef56ad-groupManagement] INFO  server.RaftServerConfigKeys (ConfUtils.java:logGet(46)) - raft.server.log.appender.buffer.byte-limit = 33554432 (custom)
2023-12-01 12:04:19,331 [a78ad617-b5b5-46fb-9003-310abdef56ad-groupManagement] INFO  util.AwaitToRun (AwaitToRun.java:start(81)) - Thread[a78ad617-b5b5-46fb-9003-310abdef56ad@group-49DA23575FB0-cacheEviction-AwaitToRun,5,main] started
2023-12-01 12:04:19,331 [a78ad617-b5b5-46fb-9003-310abdef56ad-groupManagement] INFO  segmented.SegmentedRaftLogWorker (SegmentedRaftLogWorker.java:<init>(184)) - new a78ad617-b5b5-46fb-9003-310abdef56ad@group-49DA23575FB0-SegmentedRaftLogWorker for RaftStorageImpl:Storage Directory /home/runner/work/ozone/ozone/hadoop-ozone/integration-test/target/test-dir/MiniOzoneClusterImpl-d99da5cf-54e3-4304-baea-1cefc2b4c4dc/datanode-3/data/ratis/17b8a4e6-87bf-48c1-b333-49da23575fb0
2023-12-01 12:04:19,331 [a78ad617-b5b5-46fb-9003-310abdef56ad-groupManagement] INFO  server.RaftServerConfigKeys (ConfUtils.java:logGet(46)) - raft.server.log.queue.byte-limit = 4294967296 (custom)
2023-12-01 12:04:19,331 [a78ad617-b5b5-46fb-9003-310abdef56ad-groupManagement] INFO  server.RaftServerConfigKeys (ConfUtils.java:logGet(46)) - raft.server.log.queue.element-limit = 1024 (custom)
2023-12-01 12:04:19,331 [a78ad617-b5b5-46fb-9003-310abdef56ad-groupManagement] INFO  server.RaftServerConfigKeys (ConfUtils.java:logGet(46)) - raft.server.log.segment.size.max = 67108864 (custom)
2023-12-01 12:04:19,331 [a78ad617-b5b5-46fb-9003-310abdef56ad-groupManagement] INFO  server.RaftServerConfigKeys (ConfUtils.java:logGet(46)) - raft.server.log.preallocated.size = 4194304 (custom)
2023-12-01 12:04:19,331 [a78ad617-b5b5-46fb-9003-310abdef56ad-groupManagement] INFO  server.RaftServerConfigKeys (ConfUtils.java:logGet(46)) - raft.server.log.force.sync.num = 128 (default)
2023-12-01 12:04:19,331 [a78ad617-b5b5-46fb-9003-310abdef56ad-groupManagement] INFO  server.RaftServerConfigKeys (ConfUtils.java:logGet(46)) - raft.server.log.statemachine.data.sync = true (default)
2023-12-01 12:04:19,331 [a78ad617-b5b5-46fb-9003-310abdef56ad-groupManagement] INFO  server.RaftServerConfigKeys (ConfUtils.java:logGet(46)) - raft.server.log.statemachine.data.sync.timeout = 10s (default)
2023-12-01 12:04:19,331 [a78ad617-b5b5-46fb-9003-310abdef56ad-groupManagement] INFO  server.RaftServerConfigKeys (ConfUtils.java:logGet(46)) - raft.server.log.statemachine.data.sync.timeout.retry = -1 (default)
2023-12-01 12:04:19,332 [a78ad617-b5b5-46fb-9003-310abdef56ad-groupManagement] INFO  server.RaftServerConfigKeys (ConfUtils.java:logGet(46)) - raft.server.log.write.buffer.size = 2097152 (custom)
2023-12-01 12:04:19,333 [a78ad617-b5b5-46fb-9003-310abdef56ad-groupManagement] INFO  server.RaftServerConfigKeys (ConfUtils.java:logGet(46)) - raft.server.log.appender.buffer.byte-limit = 33554432 (custom)
2023-12-01 12:04:19,334 [a78ad617-b5b5-46fb-9003-310abdef56ad-groupManagement] INFO  server.RaftServerConfigKeys (ConfUtils.java:logGet(46)) - raft.server.log.unsafe-flush.enabled = false (default)
2023-12-01 12:04:19,334 [a78ad617-b5b5-46fb-9003-310abdef56ad-groupManagement] INFO  server.RaftServerConfigKeys (ConfUtils.java:logGet(46)) - raft.server.log.async-flush.enabled = false (default)
2023-12-01 12:04:19,335 [a78ad617-b5b5-46fb-9003-310abdef56ad-groupManagement] INFO  server.RaftServerConfigKeys (ConfUtils.java:logGet(46)) - raft.server.log.statemachine.data.caching.enabled = true (custom)
2023-12-01 12:04:19,335 [a78ad617-b5b5-46fb-9003-310abdef56ad-groupManagement] INFO  segmented.SegmentedRaftLogWorker (SegmentedRaftLogWorker.java:lambda$new$0(135)) - a78ad617-b5b5-46fb-9003-310abdef56ad@group-49DA23575FB0-SegmentedRaftLogWorker: flushIndex: setUnconditionally 0 -> -1
2023-12-01 12:04:19,335 [a78ad617-b5b5-46fb-9003-310abdef56ad-groupManagement] INFO  segmented.SegmentedRaftLogWorker (SegmentedRaftLogWorker.java:lambda$new$0(135)) - a78ad617-b5b5-46fb-9003-310abdef56ad@group-49DA23575FB0-SegmentedRaftLogWorker: safeCacheEvictIndex: setUnconditionally 0 -> -1
2023-12-01 12:04:19,335 [a78ad617-b5b5-46fb-9003-310abdef56ad-groupManagement] INFO  server.RaftServer$Division (RaftServerImpl.java:start(392)) - a78ad617-b5b5-46fb-9003-310abdef56ad@group-49DA23575FB0: start as a follower, conf=-1: peers:[a78ad617-b5b5-46fb-9003-310abdef56ad|10.1.0.24:15041, 6dc608fe-50aa-407f-b4f0-db1c149f31c2|10.1.0.24:15059, 9e3b9079-4dd1-4962-964a-dfdeb60592bf|10.1.0.24:15050]|listeners:[], old=null
2023-12-01 12:04:19,335 [a78ad617-b5b5-46fb-9003-310abdef56ad-groupManagement] INFO  server.RaftServer$Division (RaftServerImpl.java:setRole(379)) - a78ad617-b5b5-46fb-9003-310abdef56ad@group-49DA23575FB0: changes role from      null to FOLLOWER at term 0 for startAsFollower
2023-12-01 12:04:19,335 [a78ad617-b5b5-46fb-9003-310abdef56ad-groupManagement] INFO  impl.RoleInfo (RoleInfo.java:updateAndGet(139)) - a78ad617-b5b5-46fb-9003-310abdef56ad: start a78ad617-b5b5-46fb-9003-310abdef56ad@group-49DA23575FB0-FollowerState
2023-12-01 12:04:19,336 [a78ad617-b5b5-46fb-9003-310abdef56ad@group-49DA23575FB0-FollowerState] INFO  server.RaftServerConfigKeys (ConfUtils.java:logFallback(53)) - raft.server.rpc.first-election.timeout.min = 5s (fallback to raft.server.rpc.timeout.min)
2023-12-01 12:04:19,336 [a78ad617-b5b5-46fb-9003-310abdef56ad-groupManagement] INFO  util.JmxRegister (JmxRegister.java:tryRegister(44)) - Successfully registered JMX Bean with object name Ratis:service=RaftServer,group=group-49DA23575FB0,id=a78ad617-b5b5-46fb-9003-310abdef56ad
2023-12-01 12:04:19,336 [a78ad617-b5b5-46fb-9003-310abdef56ad@group-49DA23575FB0-FollowerState] INFO  server.RaftServerConfigKeys (ConfUtils.java:logFallback(53)) - raft.server.rpc.first-election.timeout.max = 5200ms (fallback to raft.server.rpc.timeout.max)
2023-12-01 12:04:19,336 [a78ad617-b5b5-46fb-9003-310abdef56ad-groupManagement] INFO  server.RaftServerConfigKeys (ConfUtils.java:logGet(46)) - raft.server.snapshot.trigger-when-stop.enabled = true (default)
2023-12-01 12:04:19,336 [a78ad617-b5b5-46fb-9003-310abdef56ad-groupManagement] INFO  server.RaftServerConfigKeys (ConfUtils.java:logGet(46)) - raft.server.snapshot.auto.trigger.enabled = true (custom)
2023-12-01 12:04:19,336 [a78ad617-b5b5-46fb-9003-310abdef56ad-groupManagement] INFO  server.RaftServerConfigKeys (ConfUtils.java:logGet(46)) - raft.server.snapshot.auto.trigger.threshold = 10000 (custom)
2023-12-01 12:04:19,336 [a78ad617-b5b5-46fb-9003-310abdef56ad-groupManagement] INFO  server.RaftServerConfigKeys (ConfUtils.java:logGet(46)) - raft.server.snapshot.retention.file.num = 5 (custom)
2023-12-01 12:04:19,336 [a78ad617-b5b5-46fb-9003-310abdef56ad-groupManagement] INFO  server.RaftServerConfigKeys (ConfUtils.java:logGet(46)) - raft.server.log.purge.upto.snapshot.index = false (default)
2023-12-01 12:04:19,344 [9e3b9079-4dd1-4962-964a-dfdeb60592bf-PipelineCommandHandlerThread-0] INFO  commandhandler.CreatePipelineCommandHandler (CreatePipelineCommandHandler.java:lambda$handle$2(124)) - Created Pipeline RATIS THREE PipelineID=17b8a4e6-87bf-48c1-b333-49da23575fb0.
2023-12-01 12:04:19,345 [6dc608fe-50aa-407f-b4f0-db1c149f31c2@group-7E5BD0AD8A5B-FollowerState] INFO  impl.FollowerState (FollowerState.java:run(143)) - 6dc608fe-50aa-407f-b4f0-db1c149f31c2@group-7E5BD0AD8A5B-FollowerState: change to CANDIDATE, lastRpcElapsedTime:5081794428ns, electionTimeout:5069ms
2023-12-01 12:04:19,345 [6dc608fe-50aa-407f-b4f0-db1c149f31c2@group-7E5BD0AD8A5B-FollowerState] INFO  impl.RoleInfo (RoleInfo.java:shutdownFollowerState(110)) - 6dc608fe-50aa-407f-b4f0-db1c149f31c2: shutdown 6dc608fe-50aa-407f-b4f0-db1c149f31c2@group-7E5BD0AD8A5B-FollowerState
2023-12-01 12:04:19,345 [6dc608fe-50aa-407f-b4f0-db1c149f31c2@group-7E5BD0AD8A5B-FollowerState] INFO  server.RaftServer$Division (RaftServerImpl.java:setRole(379)) - 6dc608fe-50aa-407f-b4f0-db1c149f31c2@group-7E5BD0AD8A5B: changes role from  FOLLOWER to CANDIDATE at term 0 for changeToCandidate
2023-12-01 12:04:19,345 [6dc608fe-50aa-407f-b4f0-db1c149f31c2@group-7E5BD0AD8A5B-FollowerState] INFO  server.RaftServerConfigKeys (ConfUtils.java:logGet(46)) - raft.server.leaderelection.pre-vote = true (default)
2023-12-01 12:04:19,345 [6dc608fe-50aa-407f-b4f0-db1c149f31c2@group-7E5BD0AD8A5B-FollowerState] INFO  impl.RoleInfo (RoleInfo.java:updateAndGet(139)) - 6dc608fe-50aa-407f-b4f0-db1c149f31c2: start 6dc608fe-50aa-407f-b4f0-db1c149f31c2@group-7E5BD0AD8A5B-LeaderElection9
2023-12-01 12:04:19,351 [6dc608fe-50aa-407f-b4f0-db1c149f31c2@group-7E5BD0AD8A5B-LeaderElection9] INFO  impl.LeaderElection (LeaderElection.java:askForVotes(323)) - 6dc608fe-50aa-407f-b4f0-db1c149f31c2@group-7E5BD0AD8A5B-LeaderElection9 PRE_VOTE round 0: submit vote requests at term 0 for -1: peers:[6dc608fe-50aa-407f-b4f0-db1c149f31c2|10.1.0.24:15059]|listeners:[], old=null
2023-12-01 12:04:19,351 [6dc608fe-50aa-407f-b4f0-db1c149f31c2@group-7E5BD0AD8A5B-LeaderElection9] INFO  impl.LeaderElection (LeaderElection.java:askForVotes(325)) - 6dc608fe-50aa-407f-b4f0-db1c149f31c2@group-7E5BD0AD8A5B-LeaderElection9 PRE_VOTE round 0: result PASSED (term=0)
2023-12-01 12:04:19,352 [6dc608fe-50aa-407f-b4f0-db1c149f31c2@group-7E5BD0AD8A5B-LeaderElection9] INFO  impl.LeaderElection (LeaderElection.java:askForVotes(323)) - 6dc608fe-50aa-407f-b4f0-db1c149f31c2@group-7E5BD0AD8A5B-LeaderElection9 ELECTION round 0: submit vote requests at term 1 for -1: peers:[6dc608fe-50aa-407f-b4f0-db1c149f31c2|10.1.0.24:15059]|listeners:[], old=null
2023-12-01 12:04:19,352 [6dc608fe-50aa-407f-b4f0-db1c149f31c2@group-7E5BD0AD8A5B-LeaderElection9] INFO  impl.LeaderElection (LeaderElection.java:askForVotes(325)) - 6dc608fe-50aa-407f-b4f0-db1c149f31c2@group-7E5BD0AD8A5B-LeaderElection9 ELECTION round 0: result PASSED (term=1)
2023-12-01 12:04:19,352 [6dc608fe-50aa-407f-b4f0-db1c149f31c2@group-7E5BD0AD8A5B-LeaderElection9] INFO  impl.RoleInfo (RoleInfo.java:shutdownLeaderElection(130)) - 6dc608fe-50aa-407f-b4f0-db1c149f31c2: shutdown 6dc608fe-50aa-407f-b4f0-db1c149f31c2@group-7E5BD0AD8A5B-LeaderElection9
2023-12-01 12:04:19,353 [6dc608fe-50aa-407f-b4f0-db1c149f31c2@group-7E5BD0AD8A5B-LeaderElection9] INFO  server.RaftServer$Division (RaftServerImpl.java:setRole(379)) - 6dc608fe-50aa-407f-b4f0-db1c149f31c2@group-7E5BD0AD8A5B: changes role from CANDIDATE to LEADER at term 1 for changeToLeader
2023-12-01 12:04:19,353 [6dc608fe-50aa-407f-b4f0-db1c149f31c2@group-7E5BD0AD8A5B-LeaderElection9] INFO  server.RaftServerConfigKeys (ConfUtils.java:logGet(46)) - raft.server.staging.catchup.gap = 1000 (default)
2023-12-01 12:04:19,353 [6dc608fe-50aa-407f-b4f0-db1c149f31c2@group-7E5BD0AD8A5B-LeaderElection9] INFO  server.RaftServerConfigKeys (ConfUtils.java:logGet(46)) - raft.server.write.element-limit = 1024 (custom)
2023-12-01 12:04:19,353 [6dc608fe-50aa-407f-b4f0-db1c149f31c2@group-7E5BD0AD8A5B-LeaderElection9] INFO  server.RaftServerConfigKeys (ConfUtils.java:logGet(46)) - raft.server.write.byte-limit = 1024 M (=1073741824) (custom)
2023-12-01 12:04:19,353 [6dc608fe-50aa-407f-b4f0-db1c149f31c2@group-7E5BD0AD8A5B-LeaderElection9] INFO  server.RaftServerConfigKeys (ConfUtils.java:logGet(46)) - raft.server.watch.timeout = 180s (custom)
2023-12-01 12:04:19,353 [6dc608fe-50aa-407f-b4f0-db1c149f31c2@group-7E5BD0AD8A5B-LeaderElection9] INFO  server.RaftServerConfigKeys (ConfUtils.java:logGet(46)) - raft.server.watch.timeout.denomination = 1s (default)
2023-12-01 12:04:19,353 [6dc608fe-50aa-407f-b4f0-db1c149f31c2@group-7E5BD0AD8A5B-LeaderElection9] INFO  server.RaftServerConfigKeys (ConfUtils.java:logGet(46)) - raft.server.watch.element-limit = 65536 (default)
2023-12-01 12:04:19,353 [6dc608fe-50aa-407f-b4f0-db1c149f31c2@group-7E5BD0AD8A5B-LeaderElection9] INFO  server.RaftServerConfigKeys (ConfUtils.java:logGet(46)) - raft.server.read.leader.lease.enabled = false (default)
2023-12-01 12:04:19,353 [6dc608fe-50aa-407f-b4f0-db1c149f31c2@group-7E5BD0AD8A5B-LeaderElection9] INFO  server.RaftServerConfigKeys (ConfUtils.java:logGet(46)) - raft.server.read.leader.lease.timeout.ratio = 0.9 (default)
2023-12-01 12:04:19,354 [6dc608fe-50aa-407f-b4f0-db1c149f31c2@group-7E5BD0AD8A5B-LeaderElection9] INFO  server.RaftServerConfigKeys (ConfUtils.java:logGet(46)) - raft.server.rpc.timeout.min = 5s (custom)
2023-12-01 12:04:19,354 [6dc608fe-50aa-407f-b4f0-db1c149f31c2@group-7E5BD0AD8A5B-LeaderElection9] INFO  server.RaftServerConfigKeys (ConfUtils.java:logGet(46)) - raft.server.write.element-limit = 1024 (custom)
2023-12-01 12:04:19,354 [6dc608fe-50aa-407f-b4f0-db1c149f31c2@group-7E5BD0AD8A5B-LeaderElection9] INFO  server.RaftServerConfigKeys (ConfUtils.java:logGet(46)) - raft.server.write.follower.gap.ratio.max = -1.0 (default)
2023-12-01 12:04:19,354 [6dc608fe-50aa-407f-b4f0-db1c149f31c2@group-7E5BD0AD8A5B-LeaderElection9] INFO  impl.RoleInfo (RoleInfo.java:updateAndGet(139)) - 6dc608fe-50aa-407f-b4f0-db1c149f31c2: start 6dc608fe-50aa-407f-b4f0-db1c149f31c2@group-7E5BD0AD8A5B-LeaderStateImpl
2023-12-01 12:04:19,354 [6dc608fe-50aa-407f-b4f0-db1c149f31c2@group-7E5BD0AD8A5B-LeaderElection9] INFO  server.RaftServer$Division (RaftServerImpl.java:setFirstElection(564)) - 6dc608fe-50aa-407f-b4f0-db1c149f31c2@group-7E5BD0AD8A5B: set firstElectionSinceStartup to false for becomeLeader
2023-12-01 12:04:19,354 [6dc608fe-50aa-407f-b4f0-db1c149f31c2@group-7E5BD0AD8A5B-LeaderElection9] INFO  ratis.XceiverServerRatis (XceiverServerRatis.java:handleLeaderChangedNotification(912)) - Leader change notification received for group: group-7E5BD0AD8A5B with new leaderId: 6dc608fe-50aa-407f-b4f0-db1c149f31c2
2023-12-01 12:04:19,356 [6dc608fe-50aa-407f-b4f0-db1c149f31c2@group-7E5BD0AD8A5B-LeaderElection9] INFO  server.RaftServer$Division (ServerState.java:setLeader(265)) - 6dc608fe-50aa-407f-b4f0-db1c149f31c2@group-7E5BD0AD8A5B: change Leader from null to 6dc608fe-50aa-407f-b4f0-db1c149f31c2 at term 1 for becomeLeader, leader elected after 5191ms
2023-12-01 12:04:19,356 [6dc608fe-50aa-407f-b4f0-db1c149f31c2@group-7E5BD0AD8A5B-LeaderElection9] INFO  segmented.SegmentedRaftLogWorker (SegmentedRaftLogWorker.java:startLogSegment(428)) - 6dc608fe-50aa-407f-b4f0-db1c149f31c2@group-7E5BD0AD8A5B-SegmentedRaftLogWorker: Starting segment from index:0
2023-12-01 12:04:19,358 [6dc608fe-50aa-407f-b4f0-db1c149f31c2@group-7E5BD0AD8A5B-LeaderElection9] INFO  server.RaftServer$Division (ServerState.java:setRaftConf(382)) - 6dc608fe-50aa-407f-b4f0-db1c149f31c2@group-7E5BD0AD8A5B: set configuration 0: peers:[6dc608fe-50aa-407f-b4f0-db1c149f31c2|10.1.0.24:15059]|listeners:[], old=null
2023-12-01 12:04:19,365 [6dc608fe-50aa-407f-b4f0-db1c149f31c2@group-7E5BD0AD8A5B-SegmentedRaftLogWorker] INFO  segmented.SegmentedRaftLogWorker (SegmentedRaftLogWorker.java:execute(632)) - 6dc608fe-50aa-407f-b4f0-db1c149f31c2@group-7E5BD0AD8A5B-SegmentedRaftLogWorker: created new log segment /home/runner/work/ozone/ozone/hadoop-ozone/integration-test/target/test-dir/MiniOzoneClusterImpl-d99da5cf-54e3-4304-baea-1cefc2b4c4dc/datanode-5/data/ratis/abee9559-c5ac-4bb3-bb05-7e5bd0ad8a5b/current/log_inprogress_0
2023-12-01 12:04:19,367 [6dc608fe-50aa-407f-b4f0-db1c149f31c2@group-7E5BD0AD8A5B-StateMachineUpdater] INFO  server.RaftServer$Division (LeaderStateImpl.java:isApplied(316)) - leader is ready since appliedIndex == 0 >= startIndex == 0
2023-12-01 12:04:19,427 [144aaeee-fb04-48fb-9b63-1a6b7587bad5@group-18C264C89AAE-FollowerState] INFO  impl.FollowerState (FollowerState.java:run(143)) - 144aaeee-fb04-48fb-9b63-1a6b7587bad5@group-18C264C89AAE-FollowerState: change to CANDIDATE, lastRpcElapsedTime:5167921592ns, electionTimeout:5167ms
2023-12-01 12:04:19,427 [144aaeee-fb04-48fb-9b63-1a6b7587bad5@group-18C264C89AAE-FollowerState] INFO  impl.RoleInfo (RoleInfo.java:shutdownFollowerState(110)) - 144aaeee-fb04-48fb-9b63-1a6b7587bad5: shutdown 144aaeee-fb04-48fb-9b63-1a6b7587bad5@group-18C264C89AAE-FollowerState
2023-12-01 12:04:19,427 [144aaeee-fb04-48fb-9b63-1a6b7587bad5@group-18C264C89AAE-FollowerState] INFO  server.RaftServer$Division (RaftServerImpl.java:setRole(379)) - 144aaeee-fb04-48fb-9b63-1a6b7587bad5@group-18C264C89AAE: changes role from  FOLLOWER to CANDIDATE at term 0 for changeToCandidate
2023-12-01 12:04:19,429 [144aaeee-fb04-48fb-9b63-1a6b7587bad5@group-18C264C89AAE-FollowerState] INFO  server.RaftServerConfigKeys (ConfUtils.java:logGet(46)) - raft.server.leaderelection.pre-vote = true (default)
2023-12-01 12:04:19,429 [144aaeee-fb04-48fb-9b63-1a6b7587bad5@group-18C264C89AAE-FollowerState] INFO  impl.RoleInfo (RoleInfo.java:updateAndGet(139)) - 144aaeee-fb04-48fb-9b63-1a6b7587bad5: start 144aaeee-fb04-48fb-9b63-1a6b7587bad5@group-18C264C89AAE-LeaderElection10
2023-12-01 12:04:19,431 [144aaeee-fb04-48fb-9b63-1a6b7587bad5@group-18C264C89AAE-LeaderElection10] INFO  impl.LeaderElection (LeaderElection.java:askForVotes(323)) - 144aaeee-fb04-48fb-9b63-1a6b7587bad5@group-18C264C89AAE-LeaderElection10 PRE_VOTE round 0: submit vote requests at term 0 for -1: peers:[144aaeee-fb04-48fb-9b63-1a6b7587bad5|10.1.0.24:15023, e4101cf6-f8c4-4d95-a998-136b2bec65e8|10.1.0.24:15014, a2bf02b8-7760-44e6-b399-ad4429aacfa0|10.1.0.24:15032]|listeners:[], old=null
2023-12-01 12:04:19,431 [144aaeee-fb04-48fb-9b63-1a6b7587bad5@group-18C264C89AAE-LeaderElection10-1] INFO  server.GrpcServerProtocolClient (GrpcServerProtocolClient.java:<init>(65)) - Build channel for e4101cf6-f8c4-4d95-a998-136b2bec65e8
2023-12-01 12:04:19,431 [144aaeee-fb04-48fb-9b63-1a6b7587bad5@group-18C264C89AAE-LeaderElection10] INFO  server.RaftServerConfigKeys (ConfUtils.java:logFallback(53)) - raft.server.rpc.first-election.timeout.min = 5s (fallback to raft.server.rpc.timeout.min)
2023-12-01 12:04:19,431 [144aaeee-fb04-48fb-9b63-1a6b7587bad5@group-18C264C89AAE-LeaderElection10] INFO  server.RaftServerConfigKeys (ConfUtils.java:logFallback(53)) - raft.server.rpc.first-election.timeout.max = 5200ms (fallback to raft.server.rpc.timeout.max)
2023-12-01 12:04:19,431 [144aaeee-fb04-48fb-9b63-1a6b7587bad5@group-18C264C89AAE-LeaderElection10-2] INFO  server.GrpcServerProtocolClient (GrpcServerProtocolClient.java:<init>(65)) - Build channel for a2bf02b8-7760-44e6-b399-ad4429aacfa0
2023-12-01 12:04:19,439 [grpc-default-executor-1] INFO  server.RaftServer$Division (RaftServerImpl.java:requestVote(1377)) - e4101cf6-f8c4-4d95-a998-136b2bec65e8@group-18C264C89AAE: receive requestVote(PRE_VOTE, 144aaeee-fb04-48fb-9b63-1a6b7587bad5, group-18C264C89AAE, 0, (t:0, i:0))
2023-12-01 12:04:19,439 [grpc-default-executor-1] INFO  impl.VoteContext (VoteContext.java:log(49)) - e4101cf6-f8c4-4d95-a998-136b2bec65e8@group-18C264C89AAE-FOLLOWER: accept PRE_VOTE from 144aaeee-fb04-48fb-9b63-1a6b7587bad5: our priority 0 <= candidate's priority 1
2023-12-01 12:04:19,439 [grpc-default-executor-4] INFO  server.RaftServer$Division (RaftServerImpl.java:requestVote(1377)) - a2bf02b8-7760-44e6-b399-ad4429aacfa0@group-18C264C89AAE: receive requestVote(PRE_VOTE, 144aaeee-fb04-48fb-9b63-1a6b7587bad5, group-18C264C89AAE, 0, (t:0, i:0))
2023-12-01 12:04:19,440 [grpc-default-executor-1] INFO  server.RaftServer$Division (RaftServerImpl.java:requestVote(1410)) - e4101cf6-f8c4-4d95-a998-136b2bec65e8@group-18C264C89AAE replies to PRE_VOTE vote request: 144aaeee-fb04-48fb-9b63-1a6b7587bad5<-e4101cf6-f8c4-4d95-a998-136b2bec65e8#0:OK-t0. Peer's state: e4101cf6-f8c4-4d95-a998-136b2bec65e8@group-18C264C89AAE:t0, leader=null, voted=, raftlog=Memoized:e4101cf6-f8c4-4d95-a998-136b2bec65e8@group-18C264C89AAE-SegmentedRaftLog:OPENED:c-1, conf=-1: peers:[144aaeee-fb04-48fb-9b63-1a6b7587bad5|10.1.0.24:15023, e4101cf6-f8c4-4d95-a998-136b2bec65e8|10.1.0.24:15014, a2bf02b8-7760-44e6-b399-ad4429aacfa0|10.1.0.24:15032]|listeners:[], old=null
2023-12-01 12:04:19,440 [grpc-default-executor-4] INFO  impl.VoteContext (VoteContext.java:log(49)) - a2bf02b8-7760-44e6-b399-ad4429aacfa0@group-18C264C89AAE-FOLLOWER: accept PRE_VOTE from 144aaeee-fb04-48fb-9b63-1a6b7587bad5: our priority 0 <= candidate's priority 1
2023-12-01 12:04:19,440 [grpc-default-executor-4] INFO  server.RaftServer$Division (RaftServerImpl.java:requestVote(1410)) - a2bf02b8-7760-44e6-b399-ad4429aacfa0@group-18C264C89AAE replies to PRE_VOTE vote request: 144aaeee-fb04-48fb-9b63-1a6b7587bad5<-a2bf02b8-7760-44e6-b399-ad4429aacfa0#0:OK-t0. Peer's state: a2bf02b8-7760-44e6-b399-ad4429aacfa0@group-18C264C89AAE:t0, leader=null, voted=, raftlog=Memoized:a2bf02b8-7760-44e6-b399-ad4429aacfa0@group-18C264C89AAE-SegmentedRaftLog:OPENED:c-1, conf=-1: peers:[144aaeee-fb04-48fb-9b63-1a6b7587bad5|10.1.0.24:15023, e4101cf6-f8c4-4d95-a998-136b2bec65e8|10.1.0.24:15014, a2bf02b8-7760-44e6-b399-ad4429aacfa0|10.1.0.24:15032]|listeners:[], old=null
2023-12-01 12:04:19,442 [144aaeee-fb04-48fb-9b63-1a6b7587bad5@group-18C264C89AAE-LeaderElection10] INFO  impl.LeaderElection (LeaderElection.java:logAndReturn(89)) - 144aaeee-fb04-48fb-9b63-1a6b7587bad5@group-18C264C89AAE-LeaderElection10: PRE_VOTE PASSED received 1 response(s) and 0 exception(s):
2023-12-01 12:04:19,444 [144aaeee-fb04-48fb-9b63-1a6b7587bad5@group-18C264C89AAE-LeaderElection10] INFO  impl.LeaderElection (LeaderElection.java:logAndReturn(93)) -   Response 0: 144aaeee-fb04-48fb-9b63-1a6b7587bad5<-a2bf02b8-7760-44e6-b399-ad4429aacfa0#0:OK-t0
2023-12-01 12:04:19,444 [144aaeee-fb04-48fb-9b63-1a6b7587bad5@group-18C264C89AAE-LeaderElection10] INFO  impl.LeaderElection (LeaderElection.java:askForVotes(325)) - 144aaeee-fb04-48fb-9b63-1a6b7587bad5@group-18C264C89AAE-LeaderElection10 PRE_VOTE round 0: result PASSED
2023-12-01 12:04:19,446 [144aaeee-fb04-48fb-9b63-1a6b7587bad5@group-18C264C89AAE-LeaderElection10] INFO  impl.LeaderElection (LeaderElection.java:askForVotes(323)) - 144aaeee-fb04-48fb-9b63-1a6b7587bad5@group-18C264C89AAE-LeaderElection10 ELECTION round 0: submit vote requests at term 1 for -1: peers:[144aaeee-fb04-48fb-9b63-1a6b7587bad5|10.1.0.24:15023, e4101cf6-f8c4-4d95-a998-136b2bec65e8|10.1.0.24:15014, a2bf02b8-7760-44e6-b399-ad4429aacfa0|10.1.0.24:15032]|listeners:[], old=null
2023-12-01 12:04:19,446 [144aaeee-fb04-48fb-9b63-1a6b7587bad5@group-18C264C89AAE-LeaderElection10] INFO  server.RaftServerConfigKeys (ConfUtils.java:logFallback(53)) - raft.server.rpc.first-election.timeout.min = 5s (fallback to raft.server.rpc.timeout.min)
2023-12-01 12:04:19,447 [144aaeee-fb04-48fb-9b63-1a6b7587bad5@group-18C264C89AAE-LeaderElection10] INFO  server.RaftServerConfigKeys (ConfUtils.java:logFallback(53)) - raft.server.rpc.first-election.timeout.max = 5200ms (fallback to raft.server.rpc.timeout.max)
2023-12-01 12:04:19,448 [grpc-default-executor-4] INFO  server.RaftServer$Division (RaftServerImpl.java:requestVote(1377)) - a2bf02b8-7760-44e6-b399-ad4429aacfa0@group-18C264C89AAE: receive requestVote(ELECTION, 144aaeee-fb04-48fb-9b63-1a6b7587bad5, group-18C264C89AAE, 1, (t:0, i:0))
2023-12-01 12:04:19,449 [grpc-default-executor-1] INFO  server.RaftServer$Division (RaftServerImpl.java:requestVote(1377)) - e4101cf6-f8c4-4d95-a998-136b2bec65e8@group-18C264C89AAE: receive requestVote(ELECTION, 144aaeee-fb04-48fb-9b63-1a6b7587bad5, group-18C264C89AAE, 1, (t:0, i:0))
2023-12-01 12:04:19,449 [grpc-default-executor-1] INFO  impl.VoteContext (VoteContext.java:log(49)) - e4101cf6-f8c4-4d95-a998-136b2bec65e8@group-18C264C89AAE-FOLLOWER: accept ELECTION from 144aaeee-fb04-48fb-9b63-1a6b7587bad5: our priority 0 <= candidate's priority 1
2023-12-01 12:04:19,450 [grpc-default-executor-1] INFO  server.RaftServer$Division (RaftServerImpl.java:setRole(379)) - e4101cf6-f8c4-4d95-a998-136b2bec65e8@group-18C264C89AAE: changes role from  FOLLOWER to FOLLOWER at term 1 for candidate:144aaeee-fb04-48fb-9b63-1a6b7587bad5
2023-12-01 12:04:19,450 [grpc-default-executor-1] INFO  impl.RoleInfo (RoleInfo.java:shutdownFollowerState(110)) - e4101cf6-f8c4-4d95-a998-136b2bec65e8: shutdown e4101cf6-f8c4-4d95-a998-136b2bec65e8@group-18C264C89AAE-FollowerState
2023-12-01 12:04:19,450 [grpc-default-executor-1] INFO  impl.RoleInfo (RoleInfo.java:updateAndGet(139)) - e4101cf6-f8c4-4d95-a998-136b2bec65e8: start e4101cf6-f8c4-4d95-a998-136b2bec65e8@group-18C264C89AAE-FollowerState
2023-12-01 12:04:19,450 [grpc-default-executor-1] INFO  server.RaftServer$Division (RaftServerImpl.java:setFirstElection(564)) - e4101cf6-f8c4-4d95-a998-136b2bec65e8@group-18C264C89AAE: set firstElectionSinceStartup to false for candidate:144aaeee-fb04-48fb-9b63-1a6b7587bad5
2023-12-01 12:04:19,450 [e4101cf6-f8c4-4d95-a998-136b2bec65e8@group-18C264C89AAE-FollowerState] INFO  impl.FollowerState (FollowerState.java:run(152)) - e4101cf6-f8c4-4d95-a998-136b2bec65e8@group-18C264C89AAE-FollowerState was interrupted
2023-12-01 12:04:19,451 [grpc-default-executor-4] INFO  impl.VoteContext (VoteContext.java:log(49)) - a2bf02b8-7760-44e6-b399-ad4429aacfa0@group-18C264C89AAE-FOLLOWER: accept ELECTION from 144aaeee-fb04-48fb-9b63-1a6b7587bad5: our priority 0 <= candidate's priority 1
2023-12-01 12:04:19,451 [grpc-default-executor-4] INFO  server.RaftServer$Division (RaftServerImpl.java:setRole(379)) - a2bf02b8-7760-44e6-b399-ad4429aacfa0@group-18C264C89AAE: changes role from  FOLLOWER to FOLLOWER at term 1 for candidate:144aaeee-fb04-48fb-9b63-1a6b7587bad5
2023-12-01 12:04:19,451 [grpc-default-executor-4] INFO  impl.RoleInfo (RoleInfo.java:shutdownFollowerState(110)) - a2bf02b8-7760-44e6-b399-ad4429aacfa0: shutdown a2bf02b8-7760-44e6-b399-ad4429aacfa0@group-18C264C89AAE-FollowerState
2023-12-01 12:04:19,451 [grpc-default-executor-4] INFO  impl.RoleInfo (RoleInfo.java:updateAndGet(139)) - a2bf02b8-7760-44e6-b399-ad4429aacfa0: start a2bf02b8-7760-44e6-b399-ad4429aacfa0@group-18C264C89AAE-FollowerState
2023-12-01 12:04:19,451 [a2bf02b8-7760-44e6-b399-ad4429aacfa0@group-18C264C89AAE-FollowerState] INFO  impl.FollowerState (FollowerState.java:run(152)) - a2bf02b8-7760-44e6-b399-ad4429aacfa0@group-18C264C89AAE-FollowerState was interrupted
2023-12-01 12:04:19,452 [grpc-default-executor-1] INFO  server.RaftServer$Division (RaftServerImpl.java:requestVote(1410)) - e4101cf6-f8c4-4d95-a998-136b2bec65e8@group-18C264C89AAE replies to ELECTION vote request: 144aaeee-fb04-48fb-9b63-1a6b7587bad5<-e4101cf6-f8c4-4d95-a998-136b2bec65e8#0:OK-t1. Peer's state: e4101cf6-f8c4-4d95-a998-136b2bec65e8@group-18C264C89AAE:t1, leader=null, voted=144aaeee-fb04-48fb-9b63-1a6b7587bad5, raftlog=Memoized:e4101cf6-f8c4-4d95-a998-136b2bec65e8@group-18C264C89AAE-SegmentedRaftLog:OPENED:c-1, conf=-1: peers:[144aaeee-fb04-48fb-9b63-1a6b7587bad5|10.1.0.24:15023, e4101cf6-f8c4-4d95-a998-136b2bec65e8|10.1.0.24:15014, a2bf02b8-7760-44e6-b399-ad4429aacfa0|10.1.0.24:15032]|listeners:[], old=null
2023-12-01 12:04:19,452 [grpc-default-executor-4] INFO  server.RaftServer$Division (RaftServerImpl.java:setFirstElection(564)) - a2bf02b8-7760-44e6-b399-ad4429aacfa0@group-18C264C89AAE: set firstElectionSinceStartup to false for candidate:144aaeee-fb04-48fb-9b63-1a6b7587bad5
2023-12-01 12:04:19,456 [144aaeee-fb04-48fb-9b63-1a6b7587bad5@group-18C264C89AAE-LeaderElection10] INFO  impl.LeaderElection (LeaderElection.java:logAndReturn(89)) - 144aaeee-fb04-48fb-9b63-1a6b7587bad5@group-18C264C89AAE-LeaderElection10: ELECTION PASSED received 1 response(s) and 0 exception(s):
2023-12-01 12:04:19,457 [144aaeee-fb04-48fb-9b63-1a6b7587bad5@group-18C264C89AAE-LeaderElection10] INFO  impl.LeaderElection (LeaderElection.java:logAndReturn(93)) -   Response 0: 144aaeee-fb04-48fb-9b63-1a6b7587bad5<-e4101cf6-f8c4-4d95-a998-136b2bec65e8#0:OK-t1
2023-12-01 12:04:19,457 [144aaeee-fb04-48fb-9b63-1a6b7587bad5@group-18C264C89AAE-LeaderElection10] INFO  impl.LeaderElection (LeaderElection.java:askForVotes(325)) - 144aaeee-fb04-48fb-9b63-1a6b7587bad5@group-18C264C89AAE-LeaderElection10 ELECTION round 0: result PASSED
2023-12-01 12:04:19,459 [144aaeee-fb04-48fb-9b63-1a6b7587bad5@group-18C264C89AAE-LeaderElection10] INFO  impl.RoleInfo (RoleInfo.java:shutdownLeaderElection(130)) - 144aaeee-fb04-48fb-9b63-1a6b7587bad5: shutdown 144aaeee-fb04-48fb-9b63-1a6b7587bad5@group-18C264C89AAE-LeaderElection10
2023-12-01 12:04:19,459 [144aaeee-fb04-48fb-9b63-1a6b7587bad5@group-18C264C89AAE-LeaderElection10] INFO  server.RaftServer$Division (RaftServerImpl.java:setRole(379)) - 144aaeee-fb04-48fb-9b63-1a6b7587bad5@group-18C264C89AAE: changes role from CANDIDATE to LEADER at term 1 for changeToLeader
2023-12-01 12:04:19,459 [144aaeee-fb04-48fb-9b63-1a6b7587bad5@group-18C264C89AAE-LeaderElection10] INFO  server.RaftServerConfigKeys (ConfUtils.java:logGet(46)) - raft.server.staging.catchup.gap = 1000 (default)
2023-12-01 12:04:19,459 [144aaeee-fb04-48fb-9b63-1a6b7587bad5@group-18C264C89AAE-LeaderElection10] INFO  server.RaftServerConfigKeys (ConfUtils.java:logGet(46)) - raft.server.write.element-limit = 1024 (custom)
2023-12-01 12:04:19,459 [144aaeee-fb04-48fb-9b63-1a6b7587bad5@group-18C264C89AAE-LeaderElection10] INFO  server.RaftServerConfigKeys (ConfUtils.java:logGet(46)) - raft.server.write.byte-limit = 1024 M (=1073741824) (custom)
2023-12-01 12:04:19,460 [144aaeee-fb04-48fb-9b63-1a6b7587bad5@group-18C264C89AAE-LeaderElection10] INFO  server.RaftServerConfigKeys (ConfUtils.java:logGet(46)) - raft.server.watch.timeout = 180s (custom)
2023-12-01 12:04:19,460 [144aaeee-fb04-48fb-9b63-1a6b7587bad5@group-18C264C89AAE-LeaderElection10] INFO  server.RaftServerConfigKeys (ConfUtils.java:logGet(46)) - raft.server.watch.timeout.denomination = 1s (default)
2023-12-01 12:04:19,460 [grpc-default-executor-4] INFO  server.RaftServer$Division (RaftServerImpl.java:requestVote(1410)) - a2bf02b8-7760-44e6-b399-ad4429aacfa0@group-18C264C89AAE replies to ELECTION vote request: 144aaeee-fb04-48fb-9b63-1a6b7587bad5<-a2bf02b8-7760-44e6-b399-ad4429aacfa0#0:OK-t1. Peer's state: a2bf02b8-7760-44e6-b399-ad4429aacfa0@group-18C264C89AAE:t1, leader=null, voted=144aaeee-fb04-48fb-9b63-1a6b7587bad5, raftlog=Memoized:a2bf02b8-7760-44e6-b399-ad4429aacfa0@group-18C264C89AAE-SegmentedRaftLog:OPENED:c-1, conf=-1: peers:[144aaeee-fb04-48fb-9b63-1a6b7587bad5|10.1.0.24:15023, e4101cf6-f8c4-4d95-a998-136b2bec65e8|10.1.0.24:15014, a2bf02b8-7760-44e6-b399-ad4429aacfa0|10.1.0.24:15032]|listeners:[], old=null
2023-12-01 12:04:19,460 [144aaeee-fb04-48fb-9b63-1a6b7587bad5@group-18C264C89AAE-LeaderElection10] INFO  server.RaftServerConfigKeys (ConfUtils.java:logGet(46)) - raft.server.watch.element-limit = 65536 (default)
2023-12-01 12:04:19,460 [144aaeee-fb04-48fb-9b63-1a6b7587bad5@group-18C264C89AAE-LeaderElection10] INFO  server.RaftServerConfigKeys (ConfUtils.java:logGet(46)) - raft.server.read.leader.lease.enabled = false (default)
2023-12-01 12:04:19,460 [144aaeee-fb04-48fb-9b63-1a6b7587bad5@group-18C264C89AAE-LeaderElection10] INFO  server.RaftServerConfigKeys (ConfUtils.java:logGet(46)) - raft.server.read.leader.lease.timeout.ratio = 0.9 (default)
2023-12-01 12:04:19,460 [144aaeee-fb04-48fb-9b63-1a6b7587bad5@group-18C264C89AAE-LeaderElection10] INFO  server.RaftServerConfigKeys (ConfUtils.java:logGet(46)) - raft.server.rpc.timeout.min = 5s (custom)
2023-12-01 12:04:19,460 [144aaeee-fb04-48fb-9b63-1a6b7587bad5@group-18C264C89AAE-LeaderElection10] INFO  server.RaftServerConfigKeys (ConfUtils.java:logGet(46)) - raft.server.write.element-limit = 1024 (custom)
2023-12-01 12:04:19,460 [144aaeee-fb04-48fb-9b63-1a6b7587bad5@group-18C264C89AAE-LeaderElection10] INFO  server.RaftServerConfigKeys (ConfUtils.java:logGet(46)) - raft.server.write.follower.gap.ratio.max = -1.0 (default)
2023-12-01 12:04:19,461 [144aaeee-fb04-48fb-9b63-1a6b7587bad5@group-18C264C89AAE-LeaderElection10] INFO  server.RaftServerConfigKeys (ConfUtils.java:logGet(46)) - raft.server.log.appender.snapshot.chunk.size.max = 16MB (=16777216) (default)
2023-12-01 12:04:19,461 [144aaeee-fb04-48fb-9b63-1a6b7587bad5@group-18C264C89AAE-LeaderElection10] INFO  server.RaftServerConfigKeys (ConfUtils.java:logGet(46)) - raft.server.log.appender.buffer.byte-limit = 33554432 (custom)
2023-12-01 12:04:19,461 [144aaeee-fb04-48fb-9b63-1a6b7587bad5@group-18C264C89AAE-LeaderElection10] INFO  server.RaftServerConfigKeys (ConfUtils.java:logGet(46)) - raft.server.log.appender.buffer.element-limit = 1 (custom)
2023-12-01 12:04:19,461 [144aaeee-fb04-48fb-9b63-1a6b7587bad5@group-18C264C89AAE-LeaderElection10] INFO  server.RaftServerConfigKeys (ConfUtils.java:logGet(46)) - raft.server.log.appender.wait-time.min = 1ms (default)
2023-12-01 12:04:19,461 [144aaeee-fb04-48fb-9b63-1a6b7587bad5@group-18C264C89AAE-LeaderElection10] INFO  grpc.GrpcConfigKeys (ConfUtils.java:logGet(46)) - raft.grpc.server.leader.outstanding.appends.max = 8 (default)
2023-12-01 12:04:19,461 [144aaeee-fb04-48fb-9b63-1a6b7587bad5@group-18C264C89AAE-LeaderElection10] INFO  server.RaftServerConfigKeys (ConfUtils.java:logGet(46)) - raft.server.rpc.request.timeout = 60s (custom)
2023-12-01 12:04:19,461 [144aaeee-fb04-48fb-9b63-1a6b7587bad5@group-18C264C89AAE-LeaderElection10] INFO  grpc.GrpcConfigKeys (ConfUtils.java:logGet(46)) - raft.grpc.server.install_snapshot.request.element-limit = 8 (default)
2023-12-01 12:04:19,461 [144aaeee-fb04-48fb-9b63-1a6b7587bad5@group-18C264C89AAE-LeaderElection10] INFO  grpc.GrpcConfigKeys (ConfUtils.java:logGet(46)) - raft.grpc.server.install_snapshot.request.timeout = 3000ms (default)
2023-12-01 12:04:19,461 [144aaeee-fb04-48fb-9b63-1a6b7587bad5@group-18C264C89AAE-LeaderElection10] INFO  server.RaftServerConfigKeys (ConfUtils.java:logGet(46)) - raft.server.log.appender.install.snapshot.enabled = false (custom)
2023-12-01 12:04:19,462 [144aaeee-fb04-48fb-9b63-1a6b7587bad5@group-18C264C89AAE-LeaderElection10] INFO  grpc.GrpcConfigKeys (ConfUtils.java:logGet(46)) - raft.grpc.server.heartbeat.channel = true (default)
2023-12-01 12:04:19,462 [144aaeee-fb04-48fb-9b63-1a6b7587bad5@group-18C264C89AAE-LeaderElection10] INFO  server.RaftServerConfigKeys (ConfUtils.java:logGet(46)) - raft.server.log.appender.snapshot.chunk.size.max = 16MB (=16777216) (default)
2023-12-01 12:04:19,462 [144aaeee-fb04-48fb-9b63-1a6b7587bad5@group-18C264C89AAE-LeaderElection10] INFO  server.RaftServerConfigKeys (ConfUtils.java:logGet(46)) - raft.server.log.appender.buffer.byte-limit = 33554432 (custom)
2023-12-01 12:04:19,462 [144aaeee-fb04-48fb-9b63-1a6b7587bad5@group-18C264C89AAE-LeaderElection10] INFO  server.RaftServerConfigKeys (ConfUtils.java:logGet(46)) - raft.server.log.appender.buffer.element-limit = 1 (custom)
2023-12-01 12:04:19,462 [144aaeee-fb04-48fb-9b63-1a6b7587bad5@group-18C264C89AAE-LeaderElection10] INFO  server.RaftServerConfigKeys (ConfUtils.java:logGet(46)) - raft.server.log.appender.wait-time.min = 1ms (default)
2023-12-01 12:04:19,462 [144aaeee-fb04-48fb-9b63-1a6b7587bad5@group-18C264C89AAE-LeaderElection10] INFO  grpc.GrpcConfigKeys (ConfUtils.java:logGet(46)) - raft.grpc.server.leader.outstanding.appends.max = 8 (default)
2023-12-01 12:04:19,462 [144aaeee-fb04-48fb-9b63-1a6b7587bad5@group-18C264C89AAE-LeaderElection10] INFO  server.RaftServerConfigKeys (ConfUtils.java:logGet(46)) - raft.server.rpc.request.timeout = 60s (custom)
2023-12-01 12:04:19,462 [144aaeee-fb04-48fb-9b63-1a6b7587bad5@group-18C264C89AAE-LeaderElection10] INFO  grpc.GrpcConfigKeys (ConfUtils.java:logGet(46)) - raft.grpc.server.install_snapshot.request.element-limit = 8 (default)
2023-12-01 12:04:19,462 [144aaeee-fb04-48fb-9b63-1a6b7587bad5@group-18C264C89AAE-LeaderElection10] INFO  grpc.GrpcConfigKeys (ConfUtils.java:logGet(46)) - raft.grpc.server.install_snapshot.request.timeout = 3000ms (default)
2023-12-01 12:04:19,462 [144aaeee-fb04-48fb-9b63-1a6b7587bad5@group-18C264C89AAE-LeaderElection10] INFO  server.RaftServerConfigKeys (ConfUtils.java:logGet(46)) - raft.server.log.appender.install.snapshot.enabled = false (custom)
2023-12-01 12:04:19,463 [144aaeee-fb04-48fb-9b63-1a6b7587bad5@group-18C264C89AAE-LeaderElection10] INFO  grpc.GrpcConfigKeys (ConfUtils.java:logGet(46)) - raft.grpc.server.heartbeat.channel = true (default)
2023-12-01 12:04:19,463 [144aaeee-fb04-48fb-9b63-1a6b7587bad5@group-18C264C89AAE-LeaderElection10] INFO  impl.RoleInfo (RoleInfo.java:updateAndGet(139)) - 144aaeee-fb04-48fb-9b63-1a6b7587bad5: start 144aaeee-fb04-48fb-9b63-1a6b7587bad5@group-18C264C89AAE-LeaderStateImpl
2023-12-01 12:04:19,463 [144aaeee-fb04-48fb-9b63-1a6b7587bad5@group-18C264C89AAE-LeaderElection10] INFO  server.RaftServer$Division (RaftServerImpl.java:setFirstElection(564)) - 144aaeee-fb04-48fb-9b63-1a6b7587bad5@group-18C264C89AAE: set firstElectionSinceStartup to false for becomeLeader
2023-12-01 12:04:19,463 [144aaeee-fb04-48fb-9b63-1a6b7587bad5@group-18C264C89AAE-LeaderElection10] INFO  ratis.XceiverServerRatis (XceiverServerRatis.java:handleLeaderChangedNotification(912)) - Leader change notification received for group: group-18C264C89AAE with new leaderId: 144aaeee-fb04-48fb-9b63-1a6b7587bad5
2023-12-01 12:04:19,463 [144aaeee-fb04-48fb-9b63-1a6b7587bad5@group-18C264C89AAE-LeaderElection10] INFO  server.RaftServer$Division (ServerState.java:setLeader(265)) - 144aaeee-fb04-48fb-9b63-1a6b7587bad5@group-18C264C89AAE: change Leader from null to 144aaeee-fb04-48fb-9b63-1a6b7587bad5 at term 1 for becomeLeader, leader elected after 5277ms
2023-12-01 12:04:19,463 [144aaeee-fb04-48fb-9b63-1a6b7587bad5@group-18C264C89AAE-LeaderElection10] INFO  segmented.SegmentedRaftLogWorker (SegmentedRaftLogWorker.java:startLogSegment(428)) - 144aaeee-fb04-48fb-9b63-1a6b7587bad5@group-18C264C89AAE-SegmentedRaftLogWorker: Starting segment from index:0
2023-12-01 12:04:19,467 [EventQueue-PipelineReportForPipelineReportHandler] INFO  pipeline.PipelineReportHandler (PipelineReportHandler.java:processPipelineReport(136)) - Opened pipeline PipelineID=49a703d6-59fd-410f-b41d-18c264c89aae
2023-12-01 12:04:19,470 [144aaeee-fb04-48fb-9b63-1a6b7587bad5@group-18C264C89AAE-LeaderElection10] INFO  server.RaftServer$Division (ServerState.java:setRaftConf(382)) - 144aaeee-fb04-48fb-9b63-1a6b7587bad5@group-18C264C89AAE: set configuration 0: peers:[144aaeee-fb04-48fb-9b63-1a6b7587bad5|10.1.0.24:15023, e4101cf6-f8c4-4d95-a998-136b2bec65e8|10.1.0.24:15014, a2bf02b8-7760-44e6-b399-ad4429aacfa0|10.1.0.24:15032]|listeners:[], old=null
2023-12-01 12:04:19,478 [144aaeee-fb04-48fb-9b63-1a6b7587bad5@group-18C264C89AAE-SegmentedRaftLogWorker] INFO  segmented.SegmentedRaftLogWorker (SegmentedRaftLogWorker.java:execute(632)) - 144aaeee-fb04-48fb-9b63-1a6b7587bad5@group-18C264C89AAE-SegmentedRaftLogWorker: created new log segment /home/runner/work/ozone/ozone/hadoop-ozone/integration-test/target/test-dir/MiniOzoneClusterImpl-d99da5cf-54e3-4304-baea-1cefc2b4c4dc/datanode-1/data/ratis/49a703d6-59fd-410f-b41d-18c264c89aae/current/log_inprogress_0
2023-12-01 12:04:19,483 [e4101cf6-f8c4-4d95-a998-136b2bec65e8-server-thread2] INFO  ratis.XceiverServerRatis (XceiverServerRatis.java:handleLeaderChangedNotification(912)) - Leader change notification received for group: group-18C264C89AAE with new leaderId: 144aaeee-fb04-48fb-9b63-1a6b7587bad5
2023-12-01 12:04:19,483 [e4101cf6-f8c4-4d95-a998-136b2bec65e8-server-thread2] INFO  server.RaftServer$Division (ServerState.java:setLeader(265)) - e4101cf6-f8c4-4d95-a998-136b2bec65e8@group-18C264C89AAE: change Leader from null to 144aaeee-fb04-48fb-9b63-1a6b7587bad5 at term 1 for appendEntries, leader elected after 5300ms
2023-12-01 12:04:19,483 [a2bf02b8-7760-44e6-b399-ad4429aacfa0-server-thread1] INFO  ratis.XceiverServerRatis (XceiverServerRatis.java:handleLeaderChangedNotification(912)) - Leader change notification received for group: group-18C264C89AAE with new leaderId: 144aaeee-fb04-48fb-9b63-1a6b7587bad5
2023-12-01 12:04:19,485 [e4101cf6-f8c4-4d95-a998-136b2bec65e8-server-thread1] INFO  server.RaftServer$Division (ServerState.java:setRaftConf(382)) - e4101cf6-f8c4-4d95-a998-136b2bec65e8@group-18C264C89AAE: set configuration 0: peers:[144aaeee-fb04-48fb-9b63-1a6b7587bad5|10.1.0.24:15023, e4101cf6-f8c4-4d95-a998-136b2bec65e8|10.1.0.24:15014, a2bf02b8-7760-44e6-b399-ad4429aacfa0|10.1.0.24:15032]|listeners:[], old=null
2023-12-01 12:04:19,488 [e4101cf6-f8c4-4d95-a998-136b2bec65e8-server-thread1] INFO  segmented.SegmentedRaftLogWorker (SegmentedRaftLogWorker.java:startLogSegment(428)) - e4101cf6-f8c4-4d95-a998-136b2bec65e8@group-18C264C89AAE-SegmentedRaftLogWorker: Starting segment from index:0
2023-12-01 12:04:19,487 [a2bf02b8-7760-44e6-b399-ad4429aacfa0-server-thread1] INFO  server.RaftServer$Division (ServerState.java:setLeader(265)) - a2bf02b8-7760-44e6-b399-ad4429aacfa0@group-18C264C89AAE: change Leader from null to 144aaeee-fb04-48fb-9b63-1a6b7587bad5 at term 1 for appendEntries, leader elected after 5254ms
2023-12-01 12:04:19,492 [a2bf02b8-7760-44e6-b399-ad4429aacfa0-server-thread2] INFO  server.RaftServer$Division (ServerState.java:setRaftConf(382)) - a2bf02b8-7760-44e6-b399-ad4429aacfa0@group-18C264C89AAE: set configuration 0: peers:[144aaeee-fb04-48fb-9b63-1a6b7587bad5|10.1.0.24:15023, e4101cf6-f8c4-4d95-a998-136b2bec65e8|10.1.0.24:15014, a2bf02b8-7760-44e6-b399-ad4429aacfa0|10.1.0.24:15032]|listeners:[], old=null
2023-12-01 12:04:19,493 [a2bf02b8-7760-44e6-b399-ad4429aacfa0-server-thread2] INFO  segmented.SegmentedRaftLogWorker (SegmentedRaftLogWorker.java:startLogSegment(428)) - a2bf02b8-7760-44e6-b399-ad4429aacfa0@group-18C264C89AAE-SegmentedRaftLogWorker: Starting segment from index:0
2023-12-01 12:04:19,501 [e4101cf6-f8c4-4d95-a998-136b2bec65e8@group-18C264C89AAE-SegmentedRaftLogWorker] INFO  segmented.SegmentedRaftLogWorker (SegmentedRaftLogWorker.java:execute(632)) - e4101cf6-f8c4-4d95-a998-136b2bec65e8@group-18C264C89AAE-SegmentedRaftLogWorker: created new log segment /home/runner/work/ozone/ozone/hadoop-ozone/integration-test/target/test-dir/MiniOzoneClusterImpl-d99da5cf-54e3-4304-baea-1cefc2b4c4dc/datanode-0/data/ratis/49a703d6-59fd-410f-b41d-18c264c89aae/current/log_inprogress_0
2023-12-01 12:04:19,501 [a2bf02b8-7760-44e6-b399-ad4429aacfa0@group-18C264C89AAE-SegmentedRaftLogWorker] INFO  segmented.SegmentedRaftLogWorker (SegmentedRaftLogWorker.java:execute(632)) - a2bf02b8-7760-44e6-b399-ad4429aacfa0@group-18C264C89AAE-SegmentedRaftLogWorker: created new log segment /home/runner/work/ozone/ozone/hadoop-ozone/integration-test/target/test-dir/MiniOzoneClusterImpl-d99da5cf-54e3-4304-baea-1cefc2b4c4dc/datanode-2/data/ratis/49a703d6-59fd-410f-b41d-18c264c89aae/current/log_inprogress_0
2023-12-01 12:04:19,503 [144aaeee-fb04-48fb-9b63-1a6b7587bad5@group-18C264C89AAE-StateMachineUpdater] INFO  server.RaftServer$Division (LeaderStateImpl.java:isApplied(316)) - leader is ready since appliedIndex == 0 >= startIndex == 0
2023-12-01 12:04:19,618 [9e3b9079-4dd1-4962-964a-dfdeb60592bf@group-CEB7BF5298CA-FollowerState] INFO  impl.FollowerState (FollowerState.java:run(143)) - 9e3b9079-4dd1-4962-964a-dfdeb60592bf@group-CEB7BF5298CA-FollowerState: change to CANDIDATE, lastRpcElapsedTime:5115589884ns, electionTimeout:5097ms
2023-12-01 12:04:19,618 [9e3b9079-4dd1-4962-964a-dfdeb60592bf@group-CEB7BF5298CA-FollowerState] INFO  impl.RoleInfo (RoleInfo.java:shutdownFollowerState(110)) - 9e3b9079-4dd1-4962-964a-dfdeb60592bf: shutdown 9e3b9079-4dd1-4962-964a-dfdeb60592bf@group-CEB7BF5298CA-FollowerState
2023-12-01 12:04:19,618 [9e3b9079-4dd1-4962-964a-dfdeb60592bf@group-CEB7BF5298CA-FollowerState] INFO  server.RaftServer$Division (RaftServerImpl.java:setRole(379)) - 9e3b9079-4dd1-4962-964a-dfdeb60592bf@group-CEB7BF5298CA: changes role from  FOLLOWER to CANDIDATE at term 0 for changeToCandidate
2023-12-01 12:04:19,618 [9e3b9079-4dd1-4962-964a-dfdeb60592bf@group-CEB7BF5298CA-FollowerState] INFO  server.RaftServerConfigKeys (ConfUtils.java:logGet(46)) - raft.server.leaderelection.pre-vote = true (default)
2023-12-01 12:04:19,618 [9e3b9079-4dd1-4962-964a-dfdeb60592bf@group-CEB7BF5298CA-FollowerState] INFO  impl.RoleInfo (RoleInfo.java:updateAndGet(139)) - 9e3b9079-4dd1-4962-964a-dfdeb60592bf: start 9e3b9079-4dd1-4962-964a-dfdeb60592bf@group-CEB7BF5298CA-LeaderElection11
2023-12-01 12:04:19,620 [9e3b9079-4dd1-4962-964a-dfdeb60592bf@group-CEB7BF5298CA-LeaderElection11] INFO  impl.LeaderElection (LeaderElection.java:askForVotes(323)) - 9e3b9079-4dd1-4962-964a-dfdeb60592bf@group-CEB7BF5298CA-LeaderElection11 PRE_VOTE round 0: submit vote requests at term 0 for -1: peers:[a78ad617-b5b5-46fb-9003-310abdef56ad|10.1.0.24:15041, 6dc608fe-50aa-407f-b4f0-db1c149f31c2|10.1.0.24:15059, 9e3b9079-4dd1-4962-964a-dfdeb60592bf|10.1.0.24:15050]|listeners:[], old=null
2023-12-01 12:04:19,620 [9e3b9079-4dd1-4962-964a-dfdeb60592bf@group-CEB7BF5298CA-LeaderElection11-1] INFO  server.GrpcServerProtocolClient (GrpcServerProtocolClient.java:<init>(65)) - Build channel for a78ad617-b5b5-46fb-9003-310abdef56ad
2023-12-01 12:04:19,621 [9e3b9079-4dd1-4962-964a-dfdeb60592bf@group-CEB7BF5298CA-LeaderElection11-2] INFO  server.GrpcServerProtocolClient (GrpcServerProtocolClient.java:<init>(65)) - Build channel for 6dc608fe-50aa-407f-b4f0-db1c149f31c2
2023-12-01 12:04:19,621 [9e3b9079-4dd1-4962-964a-dfdeb60592bf@group-CEB7BF5298CA-LeaderElection11] INFO  server.RaftServerConfigKeys (ConfUtils.java:logFallback(53)) - raft.server.rpc.first-election.timeout.min = 5s (fallback to raft.server.rpc.timeout.min)
2023-12-01 12:04:19,621 [9e3b9079-4dd1-4962-964a-dfdeb60592bf@group-CEB7BF5298CA-LeaderElection11] INFO  server.RaftServerConfigKeys (ConfUtils.java:logFallback(53)) - raft.server.rpc.first-election.timeout.max = 5200ms (fallback to raft.server.rpc.timeout.max)
2023-12-01 12:04:19,627 [grpc-default-executor-1] INFO  server.RaftServer$Division (RaftServerImpl.java:requestVote(1377)) - a78ad617-b5b5-46fb-9003-310abdef56ad@group-CEB7BF5298CA: receive requestVote(PRE_VOTE, 9e3b9079-4dd1-4962-964a-dfdeb60592bf, group-CEB7BF5298CA, 0, (t:0, i:0))
2023-12-01 12:04:19,627 [grpc-default-executor-0] INFO  server.RaftServer$Division (RaftServerImpl.java:requestVote(1377)) - 6dc608fe-50aa-407f-b4f0-db1c149f31c2@group-CEB7BF5298CA: receive requestVote(PRE_VOTE, 9e3b9079-4dd1-4962-964a-dfdeb60592bf, group-CEB7BF5298CA, 0, (t:0, i:0))
2023-12-01 12:04:19,628 [grpc-default-executor-1] INFO  impl.VoteContext (VoteContext.java:log(49)) - a78ad617-b5b5-46fb-9003-310abdef56ad@group-CEB7BF5298CA-FOLLOWER: accept PRE_VOTE from 9e3b9079-4dd1-4962-964a-dfdeb60592bf: our priority 0 <= candidate's priority 0
2023-12-01 12:04:19,628 [grpc-default-executor-0] INFO  impl.VoteContext (VoteContext.java:log(49)) - 6dc608fe-50aa-407f-b4f0-db1c149f31c2@group-CEB7BF5298CA-FOLLOWER: reject PRE_VOTE from 9e3b9079-4dd1-4962-964a-dfdeb60592bf: our priority 1 > candidate's priority 0
2023-12-01 12:04:19,628 [grpc-default-executor-1] INFO  server.RaftServer$Division (RaftServerImpl.java:requestVote(1410)) - a78ad617-b5b5-46fb-9003-310abdef56ad@group-CEB7BF5298CA replies to PRE_VOTE vote request: 9e3b9079-4dd1-4962-964a-dfdeb60592bf<-a78ad617-b5b5-46fb-9003-310abdef56ad#0:OK-t0. Peer's state: a78ad617-b5b5-46fb-9003-310abdef56ad@group-CEB7BF5298CA:t0, leader=null, voted=, raftlog=Memoized:a78ad617-b5b5-46fb-9003-310abdef56ad@group-CEB7BF5298CA-SegmentedRaftLog:OPENED:c-1, conf=-1: peers:[a78ad617-b5b5-46fb-9003-310abdef56ad|10.1.0.24:15041, 6dc608fe-50aa-407f-b4f0-db1c149f31c2|10.1.0.24:15059, 9e3b9079-4dd1-4962-964a-dfdeb60592bf|10.1.0.24:15050]|listeners:[], old=null
2023-12-01 12:04:19,628 [grpc-default-executor-0] INFO  server.RaftServer$Division (RaftServerImpl.java:requestVote(1410)) - 6dc608fe-50aa-407f-b4f0-db1c149f31c2@group-CEB7BF5298CA replies to PRE_VOTE vote request: 9e3b9079-4dd1-4962-964a-dfdeb60592bf<-6dc608fe-50aa-407f-b4f0-db1c149f31c2#0:FAIL-t0. Peer's state: 6dc608fe-50aa-407f-b4f0-db1c149f31c2@group-CEB7BF5298CA:t0, leader=null, voted=, raftlog=Memoized:6dc608fe-50aa-407f-b4f0-db1c149f31c2@group-CEB7BF5298CA-SegmentedRaftLog:OPENED:c-1, conf=-1: peers:[a78ad617-b5b5-46fb-9003-310abdef56ad|10.1.0.24:15041, 6dc608fe-50aa-407f-b4f0-db1c149f31c2|10.1.0.24:15059, 9e3b9079-4dd1-4962-964a-dfdeb60592bf|10.1.0.24:15050]|listeners:[], old=null
2023-12-01 12:04:19,630 [9e3b9079-4dd1-4962-964a-dfdeb60592bf@group-CEB7BF5298CA-LeaderElection11] INFO  impl.LeaderElection (LeaderElection.java:logAndReturn(89)) - 9e3b9079-4dd1-4962-964a-dfdeb60592bf@group-CEB7BF5298CA-LeaderElection11: PRE_VOTE REJECTED received 2 response(s) and 0 exception(s):
2023-12-01 12:04:19,630 [9e3b9079-4dd1-4962-964a-dfdeb60592bf@group-CEB7BF5298CA-LeaderElection11] INFO  impl.LeaderElection (LeaderElection.java:logAndReturn(93)) -   Response 0: 9e3b9079-4dd1-4962-964a-dfdeb60592bf<-a78ad617-b5b5-46fb-9003-310abdef56ad#0:OK-t0
2023-12-01 12:04:19,630 [9e3b9079-4dd1-4962-964a-dfdeb60592bf@group-CEB7BF5298CA-LeaderElection11] INFO  impl.LeaderElection (LeaderElection.java:logAndReturn(93)) -   Response 1: 9e3b9079-4dd1-4962-964a-dfdeb60592bf<-6dc608fe-50aa-407f-b4f0-db1c149f31c2#0:FAIL-t0
2023-12-01 12:04:19,631 [9e3b9079-4dd1-4962-964a-dfdeb60592bf@group-CEB7BF5298CA-LeaderElection11] INFO  impl.LeaderElection (LeaderElection.java:askForVotes(325)) - 9e3b9079-4dd1-4962-964a-dfdeb60592bf@group-CEB7BF5298CA-LeaderElection11 PRE_VOTE round 0: result REJECTED
2023-12-01 12:04:19,631 [9e3b9079-4dd1-4962-964a-dfdeb60592bf@group-CEB7BF5298CA-LeaderElection11] INFO  server.RaftServer$Division (RaftServerImpl.java:setRole(379)) - 9e3b9079-4dd1-4962-964a-dfdeb60592bf@group-CEB7BF5298CA: changes role from CANDIDATE to FOLLOWER at term 0 for REJECTED
2023-12-01 12:04:19,632 [9e3b9079-4dd1-4962-964a-dfdeb60592bf@group-CEB7BF5298CA-LeaderElection11] INFO  impl.RoleInfo (RoleInfo.java:shutdownLeaderElection(130)) - 9e3b9079-4dd1-4962-964a-dfdeb60592bf: shutdown 9e3b9079-4dd1-4962-964a-dfdeb60592bf@group-CEB7BF5298CA-LeaderElection11
2023-12-01 12:04:19,632 [9e3b9079-4dd1-4962-964a-dfdeb60592bf@group-CEB7BF5298CA-LeaderElection11] INFO  impl.RoleInfo (RoleInfo.java:updateAndGet(139)) - 9e3b9079-4dd1-4962-964a-dfdeb60592bf: start 9e3b9079-4dd1-4962-964a-dfdeb60592bf@group-CEB7BF5298CA-FollowerState
2023-12-01 12:04:19,632 [9e3b9079-4dd1-4962-964a-dfdeb60592bf@group-CEB7BF5298CA-LeaderElection11] INFO  server.RaftServer$Division (RaftServerImpl.java:setFirstElection(564)) - 9e3b9079-4dd1-4962-964a-dfdeb60592bf@group-CEB7BF5298CA: set firstElectionSinceStartup to false for REJECTED
2023-12-01 12:04:19,767 [6dc608fe-50aa-407f-b4f0-db1c149f31c2@group-CEB7BF5298CA-FollowerState] INFO  impl.FollowerState (FollowerState.java:run(143)) - 6dc608fe-50aa-407f-b4f0-db1c149f31c2@group-CEB7BF5298CA-FollowerState: change to CANDIDATE, lastRpcElapsedTime:5197910468ns, electionTimeout:5178ms
2023-12-01 12:04:19,767 [6dc608fe-50aa-407f-b4f0-db1c149f31c2@group-CEB7BF5298CA-FollowerState] INFO  impl.RoleInfo (RoleInfo.java:shutdownFollowerState(110)) - 6dc608fe-50aa-407f-b4f0-db1c149f31c2: shutdown 6dc608fe-50aa-407f-b4f0-db1c149f31c2@group-CEB7BF5298CA-FollowerState
2023-12-01 12:04:19,768 [6dc608fe-50aa-407f-b4f0-db1c149f31c2@group-CEB7BF5298CA-FollowerState] INFO  server.RaftServer$Division (RaftServerImpl.java:setRole(379)) - 6dc608fe-50aa-407f-b4f0-db1c149f31c2@group-CEB7BF5298CA: changes role from  FOLLOWER to CANDIDATE at term 0 for changeToCandidate
2023-12-01 12:04:19,768 [6dc608fe-50aa-407f-b4f0-db1c149f31c2@group-CEB7BF5298CA-FollowerState] INFO  server.RaftServerConfigKeys (ConfUtils.java:logGet(46)) - raft.server.leaderelection.pre-vote = true (default)
2023-12-01 12:04:19,768 [6dc608fe-50aa-407f-b4f0-db1c149f31c2@group-CEB7BF5298CA-FollowerState] INFO  impl.RoleInfo (RoleInfo.java:updateAndGet(139)) - 6dc608fe-50aa-407f-b4f0-db1c149f31c2: start 6dc608fe-50aa-407f-b4f0-db1c149f31c2@group-CEB7BF5298CA-LeaderElection12
2023-12-01 12:04:19,769 [6dc608fe-50aa-407f-b4f0-db1c149f31c2@group-CEB7BF5298CA-LeaderElection12] INFO  impl.LeaderElection (LeaderElection.java:askForVotes(323)) - 6dc608fe-50aa-407f-b4f0-db1c149f31c2@group-CEB7BF5298CA-LeaderElection12 PRE_VOTE round 0: submit vote requests at term 0 for -1: peers:[a78ad617-b5b5-46fb-9003-310abdef56ad|10.1.0.24:15041, 6dc608fe-50aa-407f-b4f0-db1c149f31c2|10.1.0.24:15059, 9e3b9079-4dd1-4962-964a-dfdeb60592bf|10.1.0.24:15050]|listeners:[], old=null
2023-12-01 12:04:19,769 [6dc608fe-50aa-407f-b4f0-db1c149f31c2@group-CEB7BF5298CA-LeaderElection12-1] INFO  server.GrpcServerProtocolClient (GrpcServerProtocolClient.java:<init>(65)) - Build channel for a78ad617-b5b5-46fb-9003-310abdef56ad
2023-12-01 12:04:19,769 [6dc608fe-50aa-407f-b4f0-db1c149f31c2@group-CEB7BF5298CA-LeaderElection12] INFO  server.RaftServerConfigKeys (ConfUtils.java:logFallback(53)) - raft.server.rpc.first-election.timeout.min = 5s (fallback to raft.server.rpc.timeout.min)
2023-12-01 12:04:19,769 [6dc608fe-50aa-407f-b4f0-db1c149f31c2@group-CEB7BF5298CA-LeaderElection12] INFO  server.RaftServerConfigKeys (ConfUtils.java:logFallback(53)) - raft.server.rpc.first-election.timeout.max = 5200ms (fallback to raft.server.rpc.timeout.max)
2023-12-01 12:04:19,769 [6dc608fe-50aa-407f-b4f0-db1c149f31c2@group-CEB7BF5298CA-LeaderElection12-2] INFO  server.GrpcServerProtocolClient (GrpcServerProtocolClient.java:<init>(65)) - Build channel for 9e3b9079-4dd1-4962-964a-dfdeb60592bf
2023-12-01 12:04:19,776 [grpc-default-executor-0] INFO  server.RaftServer$Division (RaftServerImpl.java:requestVote(1377)) - a78ad617-b5b5-46fb-9003-310abdef56ad@group-CEB7BF5298CA: receive requestVote(PRE_VOTE, 6dc608fe-50aa-407f-b4f0-db1c149f31c2, group-CEB7BF5298CA, 0, (t:0, i:0))
2023-12-01 12:04:19,777 [grpc-default-executor-0] INFO  impl.VoteContext (VoteContext.java:log(49)) - a78ad617-b5b5-46fb-9003-310abdef56ad@group-CEB7BF5298CA-FOLLOWER: accept PRE_VOTE from 6dc608fe-50aa-407f-b4f0-db1c149f31c2: our priority 0 <= candidate's priority 1
2023-12-01 12:04:19,777 [grpc-default-executor-1] INFO  server.RaftServer$Division (RaftServerImpl.java:requestVote(1377)) - 9e3b9079-4dd1-4962-964a-dfdeb60592bf@group-CEB7BF5298CA: receive requestVote(PRE_VOTE, 6dc608fe-50aa-407f-b4f0-db1c149f31c2, group-CEB7BF5298CA, 0, (t:0, i:0))
2023-12-01 12:04:19,777 [grpc-default-executor-0] INFO  server.RaftServer$Division (RaftServerImpl.java:requestVote(1410)) - a78ad617-b5b5-46fb-9003-310abdef56ad@group-CEB7BF5298CA replies to PRE_VOTE vote request: 6dc608fe-50aa-407f-b4f0-db1c149f31c2<-a78ad617-b5b5-46fb-9003-310abdef56ad#0:OK-t0. Peer's state: a78ad617-b5b5-46fb-9003-310abdef56ad@group-CEB7BF5298CA:t0, leader=null, voted=, raftlog=Memoized:a78ad617-b5b5-46fb-9003-310abdef56ad@group-CEB7BF5298CA-SegmentedRaftLog:OPENED:c-1, conf=-1: peers:[a78ad617-b5b5-46fb-9003-310abdef56ad|10.1.0.24:15041, 6dc608fe-50aa-407f-b4f0-db1c149f31c2|10.1.0.24:15059, 9e3b9079-4dd1-4962-964a-dfdeb60592bf|10.1.0.24:15050]|listeners:[], old=null
2023-12-01 12:04:19,777 [grpc-default-executor-1] INFO  impl.VoteContext (VoteContext.java:log(49)) - 9e3b9079-4dd1-4962-964a-dfdeb60592bf@group-CEB7BF5298CA-FOLLOWER: accept PRE_VOTE from 6dc608fe-50aa-407f-b4f0-db1c149f31c2: our priority 0 <= candidate's priority 1
2023-12-01 12:04:19,777 [grpc-default-executor-1] INFO  server.RaftServer$Division (RaftServerImpl.java:requestVote(1410)) - 9e3b9079-4dd1-4962-964a-dfdeb60592bf@group-CEB7BF5298CA replies to PRE_VOTE vote request: 6dc608fe-50aa-407f-b4f0-db1c149f31c2<-9e3b9079-4dd1-4962-964a-dfdeb60592bf#0:OK-t0. Peer's state: 9e3b9079-4dd1-4962-964a-dfdeb60592bf@group-CEB7BF5298CA:t0, leader=null, voted=, raftlog=Memoized:9e3b9079-4dd1-4962-964a-dfdeb60592bf@group-CEB7BF5298CA-SegmentedRaftLog:OPENED:c-1, conf=-1: peers:[a78ad617-b5b5-46fb-9003-310abdef56ad|10.1.0.24:15041, 6dc608fe-50aa-407f-b4f0-db1c149f31c2|10.1.0.24:15059, 9e3b9079-4dd1-4962-964a-dfdeb60592bf|10.1.0.24:15050]|listeners:[], old=null
2023-12-01 12:04:19,779 [6dc608fe-50aa-407f-b4f0-db1c149f31c2@group-CEB7BF5298CA-LeaderElection12] INFO  impl.LeaderElection (LeaderElection.java:logAndReturn(89)) - 6dc608fe-50aa-407f-b4f0-db1c149f31c2@group-CEB7BF5298CA-LeaderElection12: PRE_VOTE PASSED received 1 response(s) and 0 exception(s):
2023-12-01 12:04:19,780 [6dc608fe-50aa-407f-b4f0-db1c149f31c2@group-CEB7BF5298CA-LeaderElection12] INFO  impl.LeaderElection (LeaderElection.java:logAndReturn(93)) -   Response 0: 6dc608fe-50aa-407f-b4f0-db1c149f31c2<-9e3b9079-4dd1-4962-964a-dfdeb60592bf#0:OK-t0
2023-12-01 12:04:19,780 [6dc608fe-50aa-407f-b4f0-db1c149f31c2@group-CEB7BF5298CA-LeaderElection12] INFO  impl.LeaderElection (LeaderElection.java:askForVotes(325)) - 6dc608fe-50aa-407f-b4f0-db1c149f31c2@group-CEB7BF5298CA-LeaderElection12 PRE_VOTE round 0: result PASSED
2023-12-01 12:04:19,782 [6dc608fe-50aa-407f-b4f0-db1c149f31c2@group-CEB7BF5298CA-LeaderElection12] INFO  impl.LeaderElection (LeaderElection.java:askForVotes(323)) - 6dc608fe-50aa-407f-b4f0-db1c149f31c2@group-CEB7BF5298CA-LeaderElection12 ELECTION round 0: submit vote requests at term 1 for -1: peers:[a78ad617-b5b5-46fb-9003-310abdef56ad|10.1.0.24:15041, 6dc608fe-50aa-407f-b4f0-db1c149f31c2|10.1.0.24:15059, 9e3b9079-4dd1-4962-964a-dfdeb60592bf|10.1.0.24:15050]|listeners:[], old=null
2023-12-01 12:04:19,783 [6dc608fe-50aa-407f-b4f0-db1c149f31c2@group-CEB7BF5298CA-LeaderElection12] INFO  server.RaftServerConfigKeys (ConfUtils.java:logFallback(53)) - raft.server.rpc.first-election.timeout.min = 5s (fallback to raft.server.rpc.timeout.min)
2023-12-01 12:04:19,783 [6dc608fe-50aa-407f-b4f0-db1c149f31c2@group-CEB7BF5298CA-LeaderElection12] INFO  server.RaftServerConfigKeys (ConfUtils.java:logFallback(53)) - raft.server.rpc.first-election.timeout.max = 5200ms (fallback to raft.server.rpc.timeout.max)
2023-12-01 12:04:19,786 [grpc-default-executor-0] INFO  server.RaftServer$Division (RaftServerImpl.java:requestVote(1377)) - a78ad617-b5b5-46fb-9003-310abdef56ad@group-CEB7BF5298CA: receive requestVote(ELECTION, 6dc608fe-50aa-407f-b4f0-db1c149f31c2, group-CEB7BF5298CA, 1, (t:0, i:0))
2023-12-01 12:04:19,786 [grpc-default-executor-1] INFO  server.RaftServer$Division (RaftServerImpl.java:requestVote(1377)) - 9e3b9079-4dd1-4962-964a-dfdeb60592bf@group-CEB7BF5298CA: receive requestVote(ELECTION, 6dc608fe-50aa-407f-b4f0-db1c149f31c2, group-CEB7BF5298CA, 1, (t:0, i:0))
2023-12-01 12:04:19,788 [grpc-default-executor-0] INFO  impl.VoteContext (VoteContext.java:log(49)) - a78ad617-b5b5-46fb-9003-310abdef56ad@group-CEB7BF5298CA-FOLLOWER: accept ELECTION from 6dc608fe-50aa-407f-b4f0-db1c149f31c2: our priority 0 <= candidate's priority 1
2023-12-01 12:04:19,788 [grpc-default-executor-0] INFO  server.RaftServer$Division (RaftServerImpl.java:setRole(379)) - a78ad617-b5b5-46fb-9003-310abdef56ad@group-CEB7BF5298CA: changes role from  FOLLOWER to FOLLOWER at term 1 for candidate:6dc608fe-50aa-407f-b4f0-db1c149f31c2
2023-12-01 12:04:19,789 [grpc-default-executor-0] INFO  impl.RoleInfo (RoleInfo.java:shutdownFollowerState(110)) - a78ad617-b5b5-46fb-9003-310abdef56ad: shutdown a78ad617-b5b5-46fb-9003-310abdef56ad@group-CEB7BF5298CA-FollowerState
2023-12-01 12:04:19,789 [grpc-default-executor-0] INFO  impl.RoleInfo (RoleInfo.java:updateAndGet(139)) - a78ad617-b5b5-46fb-9003-310abdef56ad: start a78ad617-b5b5-46fb-9003-310abdef56ad@group-CEB7BF5298CA-FollowerState
2023-12-01 12:04:19,789 [a78ad617-b5b5-46fb-9003-310abdef56ad@group-CEB7BF5298CA-FollowerState] INFO  impl.FollowerState (FollowerState.java:run(152)) - a78ad617-b5b5-46fb-9003-310abdef56ad@group-CEB7BF5298CA-FollowerState was interrupted
2023-12-01 12:04:19,788 [grpc-default-executor-1] INFO  impl.VoteContext (VoteContext.java:log(49)) - 9e3b9079-4dd1-4962-964a-dfdeb60592bf@group-CEB7BF5298CA-FOLLOWER: accept ELECTION from 6dc608fe-50aa-407f-b4f0-db1c149f31c2: our priority 0 <= candidate's priority 1
2023-12-01 12:04:19,789 [grpc-default-executor-1] INFO  server.RaftServer$Division (RaftServerImpl.java:setRole(379)) - 9e3b9079-4dd1-4962-964a-dfdeb60592bf@group-CEB7BF5298CA: changes role from  FOLLOWER to FOLLOWER at term 1 for candidate:6dc608fe-50aa-407f-b4f0-db1c149f31c2
2023-12-01 12:04:19,789 [grpc-default-executor-1] INFO  impl.RoleInfo (RoleInfo.java:shutdownFollowerState(110)) - 9e3b9079-4dd1-4962-964a-dfdeb60592bf: shutdown 9e3b9079-4dd1-4962-964a-dfdeb60592bf@group-CEB7BF5298CA-FollowerState
2023-12-01 12:04:19,789 [grpc-default-executor-0] INFO  server.RaftServer$Division (RaftServerImpl.java:setFirstElection(564)) - a78ad617-b5b5-46fb-9003-310abdef56ad@group-CEB7BF5298CA: set firstElectionSinceStartup to false for candidate:6dc608fe-50aa-407f-b4f0-db1c149f31c2
2023-12-01 12:04:19,789 [grpc-default-executor-1] INFO  impl.RoleInfo (RoleInfo.java:updateAndGet(139)) - 9e3b9079-4dd1-4962-964a-dfdeb60592bf: start 9e3b9079-4dd1-4962-964a-dfdeb60592bf@group-CEB7BF5298CA-FollowerState
2023-12-01 12:04:19,789 [9e3b9079-4dd1-4962-964a-dfdeb60592bf@group-CEB7BF5298CA-FollowerState] INFO  impl.FollowerState (FollowerState.java:run(152)) - 9e3b9079-4dd1-4962-964a-dfdeb60592bf@group-CEB7BF5298CA-FollowerState was interrupted
2023-12-01 12:04:19,793 [grpc-default-executor-0] INFO  server.RaftServer$Division (RaftServerImpl.java:requestVote(1410)) - a78ad617-b5b5-46fb-9003-310abdef56ad@group-CEB7BF5298CA replies to ELECTION vote request: 6dc608fe-50aa-407f-b4f0-db1c149f31c2<-a78ad617-b5b5-46fb-9003-310abdef56ad#0:OK-t1. Peer's state: a78ad617-b5b5-46fb-9003-310abdef56ad@group-CEB7BF5298CA:t1, leader=null, voted=6dc608fe-50aa-407f-b4f0-db1c149f31c2, raftlog=Memoized:a78ad617-b5b5-46fb-9003-310abdef56ad@group-CEB7BF5298CA-SegmentedRaftLog:OPENED:c-1, conf=-1: peers:[a78ad617-b5b5-46fb-9003-310abdef56ad|10.1.0.24:15041, 6dc608fe-50aa-407f-b4f0-db1c149f31c2|10.1.0.24:15059, 9e3b9079-4dd1-4962-964a-dfdeb60592bf|10.1.0.24:15050]|listeners:[], old=null
2023-12-01 12:04:19,793 [grpc-default-executor-1] INFO  server.RaftServer$Division (RaftServerImpl.java:requestVote(1410)) - 9e3b9079-4dd1-4962-964a-dfdeb60592bf@group-CEB7BF5298CA replies to ELECTION vote request: 6dc608fe-50aa-407f-b4f0-db1c149f31c2<-9e3b9079-4dd1-4962-964a-dfdeb60592bf#0:OK-t1. Peer's state: 9e3b9079-4dd1-4962-964a-dfdeb60592bf@group-CEB7BF5298CA:t1, leader=null, voted=6dc608fe-50aa-407f-b4f0-db1c149f31c2, raftlog=Memoized:9e3b9079-4dd1-4962-964a-dfdeb60592bf@group-CEB7BF5298CA-SegmentedRaftLog:OPENED:c-1, conf=-1: peers:[a78ad617-b5b5-46fb-9003-310abdef56ad|10.1.0.24:15041, 6dc608fe-50aa-407f-b4f0-db1c149f31c2|10.1.0.24:15059, 9e3b9079-4dd1-4962-964a-dfdeb60592bf|10.1.0.24:15050]|listeners:[], old=null
2023-12-01 12:04:19,794 [6dc608fe-50aa-407f-b4f0-db1c149f31c2@group-CEB7BF5298CA-LeaderElection12] INFO  impl.LeaderElection (LeaderElection.java:logAndReturn(89)) - 6dc608fe-50aa-407f-b4f0-db1c149f31c2@group-CEB7BF5298CA-LeaderElection12: ELECTION PASSED received 1 response(s) and 0 exception(s):
2023-12-01 12:04:19,794 [6dc608fe-50aa-407f-b4f0-db1c149f31c2@group-CEB7BF5298CA-LeaderElection12] INFO  impl.LeaderElection (LeaderElection.java:logAndReturn(93)) -   Response 0: 6dc608fe-50aa-407f-b4f0-db1c149f31c2<-a78ad617-b5b5-46fb-9003-310abdef56ad#0:OK-t1
2023-12-01 12:04:19,795 [6dc608fe-50aa-407f-b4f0-db1c149f31c2@group-CEB7BF5298CA-LeaderElection12] INFO  impl.LeaderElection (LeaderElection.java:askForVotes(325)) - 6dc608fe-50aa-407f-b4f0-db1c149f31c2@group-CEB7BF5298CA-LeaderElection12 ELECTION round 0: result PASSED
2023-12-01 12:04:19,795 [6dc608fe-50aa-407f-b4f0-db1c149f31c2@group-CEB7BF5298CA-LeaderElection12] INFO  impl.RoleInfo (RoleInfo.java:shutdownLeaderElection(130)) - 6dc608fe-50aa-407f-b4f0-db1c149f31c2: shutdown 6dc608fe-50aa-407f-b4f0-db1c149f31c2@group-CEB7BF5298CA-LeaderElection12
2023-12-01 12:04:19,795 [6dc608fe-50aa-407f-b4f0-db1c149f31c2@group-CEB7BF5298CA-LeaderElection12] INFO  server.RaftServer$Division (RaftServerImpl.java:setRole(379)) - 6dc608fe-50aa-407f-b4f0-db1c149f31c2@group-CEB7BF5298CA: changes role from CANDIDATE to LEADER at term 1 for changeToLeader
2023-12-01 12:04:19,795 [6dc608fe-50aa-407f-b4f0-db1c149f31c2@group-CEB7BF5298CA-LeaderElection12] INFO  server.RaftServerConfigKeys (ConfUtils.java:logGet(46)) - raft.server.staging.catchup.gap = 1000 (default)
2023-12-01 12:04:19,795 [6dc608fe-50aa-407f-b4f0-db1c149f31c2@group-CEB7BF5298CA-LeaderElection12] INFO  server.RaftServerConfigKeys (ConfUtils.java:logGet(46)) - raft.server.write.element-limit = 1024 (custom)
2023-12-01 12:04:19,795 [6dc608fe-50aa-407f-b4f0-db1c149f31c2@group-CEB7BF5298CA-LeaderElection12] INFO  server.RaftServerConfigKeys (ConfUtils.java:logGet(46)) - raft.server.write.byte-limit = 1024 M (=1073741824) (custom)
2023-12-01 12:04:19,797 [6dc608fe-50aa-407f-b4f0-db1c149f31c2@group-CEB7BF5298CA-LeaderElection12] INFO  server.RaftServerConfigKeys (ConfUtils.java:logGet(46)) - raft.server.watch.timeout = 180s (custom)
2023-12-01 12:04:19,797 [6dc608fe-50aa-407f-b4f0-db1c149f31c2@group-CEB7BF5298CA-LeaderElection12] INFO  server.RaftServerConfigKeys (ConfUtils.java:logGet(46)) - raft.server.watch.timeout.denomination = 1s (default)
2023-12-01 12:04:19,797 [6dc608fe-50aa-407f-b4f0-db1c149f31c2@group-CEB7BF5298CA-LeaderElection12] INFO  server.RaftServerConfigKeys (ConfUtils.java:logGet(46)) - raft.server.watch.element-limit = 65536 (default)
2023-12-01 12:04:19,797 [6dc608fe-50aa-407f-b4f0-db1c149f31c2@group-CEB7BF5298CA-LeaderElection12] INFO  server.RaftServerConfigKeys (ConfUtils.java:logGet(46)) - raft.server.read.leader.lease.enabled = false (default)
2023-12-01 12:04:19,797 [6dc608fe-50aa-407f-b4f0-db1c149f31c2@group-CEB7BF5298CA-LeaderElection12] INFO  server.RaftServerConfigKeys (ConfUtils.java:logGet(46)) - raft.server.read.leader.lease.timeout.ratio = 0.9 (default)
2023-12-01 12:04:19,797 [6dc608fe-50aa-407f-b4f0-db1c149f31c2@group-CEB7BF5298CA-LeaderElection12] INFO  server.RaftServerConfigKeys (ConfUtils.java:logGet(46)) - raft.server.rpc.timeout.min = 5s (custom)
2023-12-01 12:04:19,797 [6dc608fe-50aa-407f-b4f0-db1c149f31c2@group-CEB7BF5298CA-LeaderElection12] INFO  server.RaftServerConfigKeys (ConfUtils.java:logGet(46)) - raft.server.write.element-limit = 1024 (custom)
2023-12-01 12:04:19,797 [6dc608fe-50aa-407f-b4f0-db1c149f31c2@group-CEB7BF5298CA-LeaderElection12] INFO  server.RaftServerConfigKeys (ConfUtils.java:logGet(46)) - raft.server.write.follower.gap.ratio.max = -1.0 (default)
2023-12-01 12:04:19,798 [6dc608fe-50aa-407f-b4f0-db1c149f31c2@group-CEB7BF5298CA-LeaderElection12] INFO  server.RaftServerConfigKeys (ConfUtils.java:logGet(46)) - raft.server.log.appender.snapshot.chunk.size.max = 16MB (=16777216) (default)
2023-12-01 12:04:19,798 [6dc608fe-50aa-407f-b4f0-db1c149f31c2@group-CEB7BF5298CA-LeaderElection12] INFO  server.RaftServerConfigKeys (ConfUtils.java:logGet(46)) - raft.server.log.appender.buffer.byte-limit = 33554432 (custom)
2023-12-01 12:04:19,798 [6dc608fe-50aa-407f-b4f0-db1c149f31c2@group-CEB7BF5298CA-LeaderElection12] INFO  server.RaftServerConfigKeys (ConfUtils.java:logGet(46)) - raft.server.log.appender.buffer.element-limit = 1 (custom)
2023-12-01 12:04:19,798 [6dc608fe-50aa-407f-b4f0-db1c149f31c2@group-CEB7BF5298CA-LeaderElection12] INFO  server.RaftServerConfigKeys (ConfUtils.java:logGet(46)) - raft.server.log.appender.wait-time.min = 1ms (default)
2023-12-01 12:04:19,798 [6dc608fe-50aa-407f-b4f0-db1c149f31c2@group-CEB7BF5298CA-LeaderElection12] INFO  grpc.GrpcConfigKeys (ConfUtils.java:logGet(46)) - raft.grpc.server.leader.outstanding.appends.max = 8 (default)
2023-12-01 12:04:19,798 [6dc608fe-50aa-407f-b4f0-db1c149f31c2@group-CEB7BF5298CA-LeaderElection12] INFO  server.RaftServerConfigKeys (ConfUtils.java:logGet(46)) - raft.server.rpc.request.timeout = 60s (custom)
2023-12-01 12:04:19,798 [6dc608fe-50aa-407f-b4f0-db1c149f31c2@group-CEB7BF5298CA-LeaderElection12] INFO  grpc.GrpcConfigKeys (ConfUtils.java:logGet(46)) - raft.grpc.server.install_snapshot.request.element-limit = 8 (default)
2023-12-01 12:04:19,798 [6dc608fe-50aa-407f-b4f0-db1c149f31c2@group-CEB7BF5298CA-LeaderElection12] INFO  grpc.GrpcConfigKeys (ConfUtils.java:logGet(46)) - raft.grpc.server.install_snapshot.request.timeout = 3000ms (default)
2023-12-01 12:04:19,798 [6dc608fe-50aa-407f-b4f0-db1c149f31c2@group-CEB7BF5298CA-LeaderElection12] INFO  server.RaftServerConfigKeys (ConfUtils.java:logGet(46)) - raft.server.log.appender.install.snapshot.enabled = false (custom)
2023-12-01 12:04:19,799 [6dc608fe-50aa-407f-b4f0-db1c149f31c2@group-CEB7BF5298CA-LeaderElection12] INFO  grpc.GrpcConfigKeys (ConfUtils.java:logGet(46)) - raft.grpc.server.heartbeat.channel = true (default)
2023-12-01 12:04:19,799 [6dc608fe-50aa-407f-b4f0-db1c149f31c2@group-CEB7BF5298CA-LeaderElection12] INFO  server.RaftServerConfigKeys (ConfUtils.java:logGet(46)) - raft.server.log.appender.snapshot.chunk.size.max = 16MB (=16777216) (default)
2023-12-01 12:04:19,800 [6dc608fe-50aa-407f-b4f0-db1c149f31c2@group-CEB7BF5298CA-LeaderElection12] INFO  server.RaftServerConfigKeys (ConfUtils.java:logGet(46)) - raft.server.log.appender.buffer.byte-limit = 33554432 (custom)
2023-12-01 12:04:19,800 [6dc608fe-50aa-407f-b4f0-db1c149f31c2@group-CEB7BF5298CA-LeaderElection12] INFO  server.RaftServerConfigKeys (ConfUtils.java:logGet(46)) - raft.server.log.appender.buffer.element-limit = 1 (custom)
2023-12-01 12:04:19,800 [6dc608fe-50aa-407f-b4f0-db1c149f31c2@group-CEB7BF5298CA-LeaderElection12] INFO  server.RaftServerConfigKeys (ConfUtils.java:logGet(46)) - raft.server.log.appender.wait-time.min = 1ms (default)
2023-12-01 12:04:19,800 [6dc608fe-50aa-407f-b4f0-db1c149f31c2@group-CEB7BF5298CA-LeaderElection12] INFO  grpc.GrpcConfigKeys (ConfUtils.java:logGet(46)) - raft.grpc.server.leader.outstanding.appends.max = 8 (default)
2023-12-01 12:04:19,800 [6dc608fe-50aa-407f-b4f0-db1c149f31c2@group-CEB7BF5298CA-LeaderElection12] INFO  server.RaftServerConfigKeys (ConfUtils.java:logGet(46)) - raft.server.rpc.request.timeout = 60s (custom)
2023-12-01 12:04:19,800 [6dc608fe-50aa-407f-b4f0-db1c149f31c2@group-CEB7BF5298CA-LeaderElection12] INFO  grpc.GrpcConfigKeys (ConfUtils.java:logGet(46)) - raft.grpc.server.install_snapshot.request.element-limit = 8 (default)
2023-12-01 12:04:19,800 [6dc608fe-50aa-407f-b4f0-db1c149f31c2@group-CEB7BF5298CA-LeaderElection12] INFO  grpc.GrpcConfigKeys (ConfUtils.java:logGet(46)) - raft.grpc.server.install_snapshot.request.timeout = 3000ms (default)
2023-12-01 12:04:19,800 [6dc608fe-50aa-407f-b4f0-db1c149f31c2@group-CEB7BF5298CA-LeaderElection12] INFO  server.RaftServerConfigKeys (ConfUtils.java:logGet(46)) - raft.server.log.appender.install.snapshot.enabled = false (custom)
2023-12-01 12:04:19,800 [6dc608fe-50aa-407f-b4f0-db1c149f31c2@group-CEB7BF5298CA-LeaderElection12] INFO  grpc.GrpcConfigKeys (ConfUtils.java:logGet(46)) - raft.grpc.server.heartbeat.channel = true (default)
2023-12-01 12:04:19,801 [6dc608fe-50aa-407f-b4f0-db1c149f31c2@group-CEB7BF5298CA-LeaderElection12] INFO  impl.RoleInfo (RoleInfo.java:updateAndGet(139)) - 6dc608fe-50aa-407f-b4f0-db1c149f31c2: start 6dc608fe-50aa-407f-b4f0-db1c149f31c2@group-CEB7BF5298CA-LeaderStateImpl
2023-12-01 12:04:19,801 [6dc608fe-50aa-407f-b4f0-db1c149f31c2@group-CEB7BF5298CA-LeaderElection12] INFO  server.RaftServer$Division (RaftServerImpl.java:setFirstElection(564)) - 6dc608fe-50aa-407f-b4f0-db1c149f31c2@group-CEB7BF5298CA: set firstElectionSinceStartup to false for becomeLeader
2023-12-01 12:04:19,801 [6dc608fe-50aa-407f-b4f0-db1c149f31c2@group-CEB7BF5298CA-LeaderElection12] INFO  ratis.XceiverServerRatis (XceiverServerRatis.java:handleLeaderChangedNotification(912)) - Leader change notification received for group: group-CEB7BF5298CA with new leaderId: 6dc608fe-50aa-407f-b4f0-db1c149f31c2
2023-12-01 12:04:19,801 [6dc608fe-50aa-407f-b4f0-db1c149f31c2@group-CEB7BF5298CA-LeaderElection12] INFO  server.RaftServer$Division (ServerState.java:setLeader(265)) - 6dc608fe-50aa-407f-b4f0-db1c149f31c2@group-CEB7BF5298CA: change Leader from null to 6dc608fe-50aa-407f-b4f0-db1c149f31c2 at term 1 for becomeLeader, leader elected after 5492ms
2023-12-01 12:04:19,801 [6dc608fe-50aa-407f-b4f0-db1c149f31c2@group-CEB7BF5298CA-LeaderElection12] INFO  segmented.SegmentedRaftLogWorker (SegmentedRaftLogWorker.java:startLogSegment(428)) - 6dc608fe-50aa-407f-b4f0-db1c149f31c2@group-CEB7BF5298CA-SegmentedRaftLogWorker: Starting segment from index:0
2023-12-01 12:04:19,802 [6dc608fe-50aa-407f-b4f0-db1c149f31c2@group-CEB7BF5298CA-LeaderElection12] INFO  server.RaftServer$Division (ServerState.java:setRaftConf(382)) - 6dc608fe-50aa-407f-b4f0-db1c149f31c2@group-CEB7BF5298CA: set configuration 0: peers:[a78ad617-b5b5-46fb-9003-310abdef56ad|10.1.0.24:15041, 6dc608fe-50aa-407f-b4f0-db1c149f31c2|10.1.0.24:15059, 9e3b9079-4dd1-4962-964a-dfdeb60592bf|10.1.0.24:15050]|listeners:[], old=null
2023-12-01 12:04:19,804 [EventQueue-PipelineReportForPipelineReportHandler] INFO  pipeline.PipelineReportHandler (PipelineReportHandler.java:processPipelineReport(136)) - Opened pipeline PipelineID=45f2c43b-d253-4e78-85ad-ceb7bf5298ca
2023-12-01 12:04:19,810 [a78ad617-b5b5-46fb-9003-310abdef56ad-server-thread1] INFO  ratis.XceiverServerRatis (XceiverServerRatis.java:handleLeaderChangedNotification(912)) - Leader change notification received for group: group-CEB7BF5298CA with new leaderId: 6dc608fe-50aa-407f-b4f0-db1c149f31c2
2023-12-01 12:04:19,810 [a78ad617-b5b5-46fb-9003-310abdef56ad-server-thread1] INFO  server.RaftServer$Division (ServerState.java:setLeader(265)) - a78ad617-b5b5-46fb-9003-310abdef56ad@group-CEB7BF5298CA: change Leader from null to 6dc608fe-50aa-407f-b4f0-db1c149f31c2 at term 1 for appendEntries, leader elected after 5232ms
2023-12-01 12:04:19,812 [9e3b9079-4dd1-4962-964a-dfdeb60592bf-server-thread1] INFO  ratis.XceiverServerRatis (XceiverServerRatis.java:handleLeaderChangedNotification(912)) - Leader change notification received for group: group-CEB7BF5298CA with new leaderId: 6dc608fe-50aa-407f-b4f0-db1c149f31c2
2023-12-01 12:04:19,813 [9e3b9079-4dd1-4962-964a-dfdeb60592bf-server-thread1] INFO  server.RaftServer$Division (ServerState.java:setLeader(265)) - 9e3b9079-4dd1-4962-964a-dfdeb60592bf@group-CEB7BF5298CA: change Leader from null to 6dc608fe-50aa-407f-b4f0-db1c149f31c2 at term 1 for appendEntries, leader elected after 5649ms
2023-12-01 12:04:19,813 [6dc608fe-50aa-407f-b4f0-db1c149f31c2@group-CEB7BF5298CA-SegmentedRaftLogWorker] INFO  segmented.SegmentedRaftLogWorker (SegmentedRaftLogWorker.java:execute(632)) - 6dc608fe-50aa-407f-b4f0-db1c149f31c2@group-CEB7BF5298CA-SegmentedRaftLogWorker: created new log segment /home/runner/work/ozone/ozone/hadoop-ozone/integration-test/target/test-dir/MiniOzoneClusterImpl-d99da5cf-54e3-4304-baea-1cefc2b4c4dc/datanode-5/data/ratis/45f2c43b-d253-4e78-85ad-ceb7bf5298ca/current/log_inprogress_0
2023-12-01 12:04:19,817 [a78ad617-b5b5-46fb-9003-310abdef56ad-server-thread1] INFO  server.RaftServer$Division (ServerState.java:setRaftConf(382)) - a78ad617-b5b5-46fb-9003-310abdef56ad@group-CEB7BF5298CA: set configuration 0: peers:[a78ad617-b5b5-46fb-9003-310abdef56ad|10.1.0.24:15041, 6dc608fe-50aa-407f-b4f0-db1c149f31c2|10.1.0.24:15059, 9e3b9079-4dd1-4962-964a-dfdeb60592bf|10.1.0.24:15050]|listeners:[], old=null
2023-12-01 12:04:19,817 [9e3b9079-4dd1-4962-964a-dfdeb60592bf-server-thread2] INFO  server.RaftServer$Division (ServerState.java:setRaftConf(382)) - 9e3b9079-4dd1-4962-964a-dfdeb60592bf@group-CEB7BF5298CA: set configuration 0: peers:[a78ad617-b5b5-46fb-9003-310abdef56ad|10.1.0.24:15041, 6dc608fe-50aa-407f-b4f0-db1c149f31c2|10.1.0.24:15059, 9e3b9079-4dd1-4962-964a-dfdeb60592bf|10.1.0.24:15050]|listeners:[], old=null
2023-12-01 12:04:19,817 [a78ad617-b5b5-46fb-9003-310abdef56ad-server-thread1] INFO  segmented.SegmentedRaftLogWorker (SegmentedRaftLogWorker.java:startLogSegment(428)) - a78ad617-b5b5-46fb-9003-310abdef56ad@group-CEB7BF5298CA-SegmentedRaftLogWorker: Starting segment from index:0
2023-12-01 12:04:19,817 [9e3b9079-4dd1-4962-964a-dfdeb60592bf-server-thread2] INFO  segmented.SegmentedRaftLogWorker (SegmentedRaftLogWorker.java:startLogSegment(428)) - 9e3b9079-4dd1-4962-964a-dfdeb60592bf@group-CEB7BF5298CA-SegmentedRaftLogWorker: Starting segment from index:0
2023-12-01 12:04:19,828 [a78ad617-b5b5-46fb-9003-310abdef56ad@group-CEB7BF5298CA-SegmentedRaftLogWorker] INFO  segmented.SegmentedRaftLogWorker (SegmentedRaftLogWorker.java:execute(632)) - a78ad617-b5b5-46fb-9003-310abdef56ad@group-CEB7BF5298CA-SegmentedRaftLogWorker: created new log segment /home/runner/work/ozone/ozone/hadoop-ozone/integration-test/target/test-dir/MiniOzoneClusterImpl-d99da5cf-54e3-4304-baea-1cefc2b4c4dc/datanode-3/data/ratis/45f2c43b-d253-4e78-85ad-ceb7bf5298ca/current/log_inprogress_0
2023-12-01 12:04:19,828 [9e3b9079-4dd1-4962-964a-dfdeb60592bf@group-CEB7BF5298CA-SegmentedRaftLogWorker] INFO  segmented.SegmentedRaftLogWorker (SegmentedRaftLogWorker.java:execute(632)) - 9e3b9079-4dd1-4962-964a-dfdeb60592bf@group-CEB7BF5298CA-SegmentedRaftLogWorker: created new log segment /home/runner/work/ozone/ozone/hadoop-ozone/integration-test/target/test-dir/MiniOzoneClusterImpl-d99da5cf-54e3-4304-baea-1cefc2b4c4dc/datanode-4/data/ratis/45f2c43b-d253-4e78-85ad-ceb7bf5298ca/current/log_inprogress_0
2023-12-01 12:04:19,831 [6dc608fe-50aa-407f-b4f0-db1c149f31c2@group-CEB7BF5298CA-StateMachineUpdater] INFO  server.RaftServer$Division (LeaderStateImpl.java:isApplied(316)) - leader is ready since appliedIndex == 0 >= startIndex == 0
2023-12-01 12:04:19,849 [main] INFO  ozone.MiniOzoneClusterImpl (MiniOzoneClusterImpl.java:shutdown(449)) - Shutting down the Mini Ozone Cluster
2023-12-01 12:04:19,850 [main] INFO  ozone.MiniOzoneClusterImpl (MiniOzoneClusterImpl.java:stop(466)) - Stopping the Mini Ozone Cluster
2023-12-01 12:04:19,850 [main] INFO  om.OzoneManager (OzoneManager.java:stop(2203)) - om1[localhost:15004]: Stopping Ozone Manager
2023-12-01 12:04:19,850 [main] INFO  ipc.Server (Server.java:stop(3523)) - Stopping server on 15004
2023-12-01 12:04:19,855 [IPC Server listener on 15004] INFO  ipc.Server (Server.java:run(1434)) - Stopping IPC Server listener on 15004
2023-12-01 12:04:19,855 [IPC Server Responder] INFO  ipc.Server (Server.java:run(1567)) - Stopping IPC Server Responder
2023-12-01 12:04:19,858 [main] INFO  server.RaftServer (RaftServerProxy.java:lambda$close$9(416)) - om1: close
2023-12-01 12:04:19,859 [om1-impl-thread1] INFO  server.RaftServer$Division (RaftServerImpl.java:lambda$close$3(516)) - om1@group-C5BA1605619E: shutdown
2023-12-01 12:04:19,859 [main] INFO  server.GrpcService (GrpcService.java:closeImpl(311)) - om1: shutdown server GrpcServerProtocolService now
2023-12-01 12:04:19,859 [om1-impl-thread1] INFO  util.JmxRegister (JmxRegister.java:unregister(73)) - Successfully un-registered JMX Bean with object name Ratis:service=RaftServer,group=group-C5BA1605619E,id=om1
2023-12-01 12:04:19,859 [om1-impl-thread1] INFO  impl.RoleInfo (RoleInfo.java:shutdownLeaderState(94)) - om1: shutdown om1@group-C5BA1605619E-LeaderStateImpl
2023-12-01 12:04:19,860 [om1-impl-thread1] INFO  impl.PendingRequests (PendingRequests.java:sendNotLeaderResponses(289)) - om1@group-C5BA1605619E-PendingRequests: sendNotLeaderResponses
2023-12-01 12:04:19,861 [om1-impl-thread1] INFO  impl.StateMachineUpdater (StateMachineUpdater.java:stopAndJoin(157)) - om1@group-C5BA1605619E-StateMachineUpdater: set stopIndex = 0
2023-12-01 12:04:19,861 [om1@group-C5BA1605619E-StateMachineUpdater] INFO  ratis.OzoneManagerStateMachine (OzoneManagerStateMachine.java:takeSnapshot(492)) - Current Snapshot Index (t:1, i:0)
2023-12-01 12:04:19,864 [main] INFO  server.GrpcService (GrpcService.java:closeImpl(320)) - om1: shutdown server GrpcServerProtocolService successfully
2023-12-01 12:04:19,877 [om1@group-C5BA1605619E-StateMachineUpdater] INFO  impl.StateMachineUpdater (StateMachineUpdater.java:takeSnapshot(295)) - om1@group-C5BA1605619E-StateMachineUpdater: Took a snapshot at index 0
2023-12-01 12:04:19,878 [om1@group-C5BA1605619E-StateMachineUpdater] INFO  impl.StateMachineUpdater (StateMachineUpdater.java:lambda$new$0(98)) - om1@group-C5BA1605619E-StateMachineUpdater: snapshotIndex: updateIncreasingly -1 -> 0
2023-12-01 12:04:19,878 [om1@group-C5BA1605619E-StateMachineUpdater] INFO  ratis.OzoneManagerStateMachine (OzoneManagerStateMachine.java:close(546)) - StateMachine has shutdown. Shutdown OzoneManager if not already shutdown.
2023-12-01 12:04:19,878 [om1@group-C5BA1605619E-StateMachineUpdater] INFO  ratis.OzoneManagerDoubleBuffer (OzoneManagerDoubleBuffer.java:stopDaemon(575)) - Stopping OMDoubleBuffer flush thread
2023-12-01 12:04:19,878 [om1-OMDoubleBufferFlushThread] INFO  ratis.OzoneManagerDoubleBuffer (OzoneManagerDoubleBuffer.java:canFlush(662)) - OMDoubleBuffer flush thread om1-OMDoubleBufferFlushThread is interrupted and will exit.
2023-12-01 12:04:19,880 [om1-impl-thread1] INFO  server.RaftServer$Division (ServerState.java:close(423)) - om1@group-C5BA1605619E: applyIndex: 0
2023-12-01 12:04:19,880 [om1@group-C5BA1605619E-cacheEviction-AwaitToRun] INFO  util.AwaitToRun (AwaitToRun.java:run(49)) - om1@group-C5BA1605619E-cacheEviction-AwaitToRun-AwaitForSignal is interrupted
2023-12-01 12:04:19,946 [om1-impl-thread1] INFO  segmented.SegmentedRaftLogWorker (SegmentedRaftLogWorker.java:close(243)) - om1@group-C5BA1605619E-SegmentedRaftLogWorker close()
2023-12-01 12:04:19,947 [JvmPauseMonitor1] INFO  util.JvmPauseMonitor (JvmPauseMonitor.java:run(152)) - JvmPauseMonitor-om1: Stopped
2023-12-01 12:04:19,947 [main] INFO  ratis.OzoneManagerStateMachine (OzoneManagerStateMachine.java:close(546)) - StateMachine has shutdown. Shutdown OzoneManager if not already shutdown.
2023-12-01 12:04:19,947 [main] INFO  ratis.OzoneManagerDoubleBuffer (OzoneManagerDoubleBuffer.java:stopDaemon(584)) - OMDoubleBuffer flush thread is not running.
2023-12-01 12:04:19,948 [main] INFO  utils.BackgroundService (BackgroundService.java:shutdown(160)) - Shutting down service KeyDeletingService
2023-12-01 12:04:19,949 [main] INFO  utils.BackgroundService (BackgroundService.java:shutdown(160)) - Shutting down service DirectoryDeletingService
2023-12-01 12:04:19,949 [main] INFO  utils.BackgroundService (BackgroundService.java:shutdown(160)) - Shutting down service OpenKeyCleanupService
2023-12-01 12:04:19,949 [main] INFO  utils.BackgroundService (BackgroundService.java:shutdown(160)) - Shutting down service SstFilteringService
2023-12-01 12:04:19,949 [main] INFO  utils.BackgroundService (BackgroundService.java:shutdown(160)) - Shutting down service SnapshotDeletingService
2023-12-01 12:04:19,950 [main] INFO  utils.BackgroundService (BackgroundService.java:shutdown(160)) - Shutting down service MultipartUploadCleanupService
2023-12-01 12:04:19,952 [main] INFO  handler.ContextHandler (ContextHandler.java:doStop(1159)) - Stopped o.e.j.w.WebAppContext@3cea551d{ozoneManager,/,null,STOPPED}{file:/home/runner/work/ozone/ozone/hadoop-ozone/integration-test/target/test-classes/webapps/ozoneManager}
2023-12-01 12:04:19,955 [main] INFO  server.AbstractConnector (AbstractConnector.java:doStop(383)) - Stopped ServerConnector@22832f3c{HTTP/1.1, (http/1.1)}{0.0.0.0:15005}
2023-12-01 12:04:19,955 [main] INFO  server.session (HouseKeeper.java:stopScavenging(149)) - node0 Stopped scavenging
2023-12-01 12:04:19,955 [main] INFO  handler.ContextHandler (ContextHandler.java:doStop(1159)) - Stopped o.e.j.s.ServletContextHandler@659d72ca{static,/static,file:///home/runner/work/ozone/ozone/hadoop-ozone/integration-test/target/test-classes/webapps/static,STOPPED}
2023-12-01 12:04:19,955 [main] INFO  handler.ContextHandler (ContextHandler.java:doStop(1159)) - Stopped o.e.j.s.ServletContextHandler@f20f100{logs,/logs,file:///home/runner/work/ozone/ozone/hadoop-ozone/integration-test/target/log,STOPPED}
2023-12-01 12:04:19,957 [main] INFO  rocksdiff.RocksDBCheckpointDiffer (RocksDBCheckpointDiffer.java:close(310)) - Shutting down CompactionDagPruningService.
2023-12-01 12:04:19,961 [main] INFO  snapshot.SnapshotDiffManager (SnapshotDiffManager.java:closeExecutorService(1716)) - Shutting down executorService: 'SnapDiffExecutor'
2023-12-01 12:04:19,961 [main] INFO  snapshot.SnapshotDiffManager (SnapshotDiffManager.java:closeExecutorService(1716)) - Shutting down executorService: 'SstDumpToolExecutor'
2023-12-01 12:04:19,961 [main] INFO  utils.BackgroundService (BackgroundService.java:shutdown(160)) - Shutting down service SnapshotDiffCleanupService
2023-12-01 12:04:19,963 [main] INFO  ozone.MiniOzoneClusterImpl (MiniOzoneClusterImpl.java:stopDatanodes(536)) - Stopping the HddsDatanodes
2023-12-01 12:04:19,969 [ForkJoinPool.commonPool-worker-3] INFO  ozoneimpl.OzoneContainer (OzoneContainer.java:stop(463)) - Attempting to stop container services.
2023-12-01 12:04:19,969 [ForkJoinPool.commonPool-worker-0] INFO  ozoneimpl.OzoneContainer (OzoneContainer.java:stop(463)) - Attempting to stop container services.
2023-12-01 12:04:19,971 [ForkJoinPool.commonPool-worker-3] INFO  server.RaftServer (RaftServerProxy.java:lambda$close$9(416)) - 6dc608fe-50aa-407f-b4f0-db1c149f31c2: close
2023-12-01 12:04:19,971 [ForkJoinPool.commonPool-worker-0] INFO  server.RaftServer (RaftServerProxy.java:lambda$close$9(416)) - e4101cf6-f8c4-4d95-a998-136b2bec65e8: close
2023-12-01 12:04:19,971 [ForkJoinPool.commonPool-worker-1] INFO  ozoneimpl.OzoneContainer (OzoneContainer.java:stop(463)) - Attempting to stop container services.
2023-12-01 12:04:19,971 [main] INFO  ozoneimpl.OzoneContainer (OzoneContainer.java:stop(463)) - Attempting to stop container services.
2023-12-01 12:04:19,972 [e4101cf6-f8c4-4d95-a998-136b2bec65e8-impl-thread2] INFO  server.RaftServer$Division (RaftServerImpl.java:lambda$close$3(516)) - e4101cf6-f8c4-4d95-a998-136b2bec65e8@group-18C264C89AAE: shutdown
2023-12-01 12:04:19,972 [e4101cf6-f8c4-4d95-a998-136b2bec65e8-impl-thread2] INFO  util.JmxRegister (JmxRegister.java:unregister(73)) - Successfully un-registered JMX Bean with object name Ratis:service=RaftServer,group=group-18C264C89AAE,id=e4101cf6-f8c4-4d95-a998-136b2bec65e8
2023-12-01 12:04:19,972 [e4101cf6-f8c4-4d95-a998-136b2bec65e8-impl-thread3] INFO  server.RaftServer$Division (RaftServerImpl.java:lambda$close$3(516)) - e4101cf6-f8c4-4d95-a998-136b2bec65e8@group-3FFCFFD79986: shutdown
2023-12-01 12:04:19,972 [e4101cf6-f8c4-4d95-a998-136b2bec65e8-impl-thread3] INFO  util.JmxRegister (JmxRegister.java:unregister(73)) - Successfully un-registered JMX Bean with object name Ratis:service=RaftServer,group=group-3FFCFFD79986,id=e4101cf6-f8c4-4d95-a998-136b2bec65e8
2023-12-01 12:04:19,972 [e4101cf6-f8c4-4d95-a998-136b2bec65e8-impl-thread3] INFO  impl.RoleInfo (RoleInfo.java:shutdownLeaderState(94)) - e4101cf6-f8c4-4d95-a998-136b2bec65e8: shutdown e4101cf6-f8c4-4d95-a998-136b2bec65e8@group-3FFCFFD79986-LeaderStateImpl
2023-12-01 12:04:19,972 [6dc608fe-50aa-407f-b4f0-db1c149f31c2-impl-thread2] INFO  server.RaftServer$Division (RaftServerImpl.java:lambda$close$3(516)) - 6dc608fe-50aa-407f-b4f0-db1c149f31c2@group-CEB7BF5298CA: shutdown
2023-12-01 12:04:19,973 [6dc608fe-50aa-407f-b4f0-db1c149f31c2-impl-thread2] INFO  util.JmxRegister (JmxRegister.java:unregister(73)) - Successfully un-registered JMX Bean with object name Ratis:service=RaftServer,group=group-CEB7BF5298CA,id=6dc608fe-50aa-407f-b4f0-db1c149f31c2
2023-12-01 12:04:19,973 [6dc608fe-50aa-407f-b4f0-db1c149f31c2-impl-thread3] INFO  server.RaftServer$Division (RaftServerImpl.java:lambda$close$3(516)) - 6dc608fe-50aa-407f-b4f0-db1c149f31c2@group-DEFFDE7C9D9F: shutdown
2023-12-01 12:04:19,972 [e4101cf6-f8c4-4d95-a998-136b2bec65e8-impl-thread1] INFO  server.RaftServer$Division (RaftServerImpl.java:lambda$close$3(516)) - e4101cf6-f8c4-4d95-a998-136b2bec65e8@group-BA3FA9F3B49F: shutdown
2023-12-01 12:04:19,971 [ForkJoinPool.commonPool-worker-1] INFO  server.RaftServer (RaftServerProxy.java:lambda$close$9(416)) - 144aaeee-fb04-48fb-9b63-1a6b7587bad5: close
2023-12-01 12:04:19,971 [6dc608fe-50aa-407f-b4f0-db1c149f31c2-impl-thread1] INFO  server.RaftServer$Division (RaftServerImpl.java:lambda$close$3(516)) - 6dc608fe-50aa-407f-b4f0-db1c149f31c2@group-7E5BD0AD8A5B: shutdown
2023-12-01 12:04:19,973 [144aaeee-fb04-48fb-9b63-1a6b7587bad5-impl-thread1] INFO  server.RaftServer$Division (RaftServerImpl.java:lambda$close$3(516)) - 144aaeee-fb04-48fb-9b63-1a6b7587bad5@group-18C264C89AAE: shutdown
2023-12-01 12:04:19,973 [6dc608fe-50aa-407f-b4f0-db1c149f31c2-impl-thread1] INFO  util.JmxRegister (JmxRegister.java:unregister(73)) - Successfully un-registered JMX Bean with object name Ratis:service=RaftServer,group=group-7E5BD0AD8A5B,id=6dc608fe-50aa-407f-b4f0-db1c149f31c2
2023-12-01 12:04:19,973 [6dc608fe-50aa-407f-b4f0-db1c149f31c2-impl-thread4] INFO  server.RaftServer$Division (RaftServerImpl.java:lambda$close$3(516)) - 6dc608fe-50aa-407f-b4f0-db1c149f31c2@group-49DA23575FB0: shutdown
2023-12-01 12:04:19,973 [e4101cf6-f8c4-4d95-a998-136b2bec65e8-impl-thread1] INFO  util.JmxRegister (JmxRegister.java:unregister(73)) - Successfully un-registered JMX Bean with object name Ratis:service=RaftServer,group=group-BA3FA9F3B49F,id=e4101cf6-f8c4-4d95-a998-136b2bec65e8
2023-12-01 12:04:19,973 [e4101cf6-f8c4-4d95-a998-136b2bec65e8-impl-thread1] INFO  impl.RoleInfo (RoleInfo.java:shutdownLeaderState(94)) - e4101cf6-f8c4-4d95-a998-136b2bec65e8: shutdown e4101cf6-f8c4-4d95-a998-136b2bec65e8@group-BA3FA9F3B49F-LeaderStateImpl
2023-12-01 12:04:19,973 [ForkJoinPool.commonPool-worker-3] INFO  server.GrpcService (GrpcService.java:closeImpl(311)) - 6dc608fe-50aa-407f-b4f0-db1c149f31c2: shutdown server org.apache.ratis.grpc.server.GrpcClientProtocolService now
2023-12-01 12:04:19,973 [144aaeee-fb04-48fb-9b63-1a6b7587bad5-impl-thread2] INFO  server.RaftServer$Division (RaftServerImpl.java:lambda$close$3(516)) - 144aaeee-fb04-48fb-9b63-1a6b7587bad5@group-3FFCFFD79986: shutdown
2023-12-01 12:04:19,973 [144aaeee-fb04-48fb-9b63-1a6b7587bad5-impl-thread2] INFO  util.JmxRegister (JmxRegister.java:unregister(73)) - Successfully un-registered JMX Bean with object name Ratis:service=RaftServer,group=group-3FFCFFD79986,id=144aaeee-fb04-48fb-9b63-1a6b7587bad5
2023-12-01 12:04:19,974 [144aaeee-fb04-48fb-9b63-1a6b7587bad5-impl-thread2] INFO  impl.RoleInfo (RoleInfo.java:shutdownFollowerState(110)) - 144aaeee-fb04-48fb-9b63-1a6b7587bad5: shutdown 144aaeee-fb04-48fb-9b63-1a6b7587bad5@group-3FFCFFD79986-FollowerState
2023-12-01 12:04:19,973 [6dc608fe-50aa-407f-b4f0-db1c149f31c2-impl-thread3] INFO  util.JmxRegister (JmxRegister.java:unregister(73)) - Successfully un-registered JMX Bean with object name Ratis:service=RaftServer,group=group-DEFFDE7C9D9F,id=6dc608fe-50aa-407f-b4f0-db1c149f31c2
2023-12-01 12:04:19,974 [6dc608fe-50aa-407f-b4f0-db1c149f31c2-impl-thread3] INFO  impl.RoleInfo (RoleInfo.java:shutdownFollowerState(110)) - 6dc608fe-50aa-407f-b4f0-db1c149f31c2: shutdown 6dc608fe-50aa-407f-b4f0-db1c149f31c2@group-DEFFDE7C9D9F-FollowerState
2023-12-01 12:04:19,973 [6dc608fe-50aa-407f-b4f0-db1c149f31c2-impl-thread2] INFO  impl.RoleInfo (RoleInfo.java:shutdownLeaderState(94)) - 6dc608fe-50aa-407f-b4f0-db1c149f31c2: shutdown 6dc608fe-50aa-407f-b4f0-db1c149f31c2@group-CEB7BF5298CA-LeaderStateImpl
2023-12-01 12:04:19,972 [e4101cf6-f8c4-4d95-a998-136b2bec65e8-impl-thread2] INFO  impl.RoleInfo (RoleInfo.java:shutdownFollowerState(110)) - e4101cf6-f8c4-4d95-a998-136b2bec65e8: shutdown e4101cf6-f8c4-4d95-a998-136b2bec65e8@group-18C264C89AAE-FollowerState
2023-12-01 12:04:19,974 [e4101cf6-f8c4-4d95-a998-136b2bec65e8@group-3FFCFFD79986->144aaeee-fb04-48fb-9b63-1a6b7587bad5-GrpcLogAppender-LogAppenderDaemon] WARN  server.GrpcLogAppender (GrpcLogAppender.java:mayWait(212)) - e4101cf6-f8c4-4d95-a998-136b2bec65e8@group-3FFCFFD79986->144aaeee-fb04-48fb-9b63-1a6b7587bad5-GrpcLogAppender: Wait interrupted by java.lang.InterruptedException
2023-12-01 12:04:19,972 [ForkJoinPool.commonPool-worker-0] INFO  server.GrpcService (GrpcService.java:closeImpl(311)) - e4101cf6-f8c4-4d95-a998-136b2bec65e8: shutdown server org.apache.ratis.grpc.server.GrpcClientProtocolService now
2023-12-01 12:04:19,974 [e4101cf6-f8c4-4d95-a998-136b2bec65e8-impl-thread2] INFO  impl.StateMachineUpdater (StateMachineUpdater.java:stopAndJoin(157)) - e4101cf6-f8c4-4d95-a998-136b2bec65e8@group-18C264C89AAE-StateMachineUpdater: set stopIndex = -1
2023-12-01 12:04:19,974 [e4101cf6-f8c4-4d95-a998-136b2bec65e8-impl-thread2] INFO  server.RaftServer$Division (ServerState.java:close(423)) - e4101cf6-f8c4-4d95-a998-136b2bec65e8@group-18C264C89AAE: applyIndex: -1
2023-12-01 12:04:19,975 [144aaeee-fb04-48fb-9b63-1a6b7587bad5-impl-thread3] INFO  server.RaftServer$Division (RaftServerImpl.java:lambda$close$3(516)) - 144aaeee-fb04-48fb-9b63-1a6b7587bad5@group-57DB51F0C6F8: shutdown
2023-12-01 12:04:19,974 [144aaeee-fb04-48fb-9b63-1a6b7587bad5@group-3FFCFFD79986-FollowerState] INFO  impl.FollowerState (FollowerState.java:run(152)) - 144aaeee-fb04-48fb-9b63-1a6b7587bad5@group-3FFCFFD79986-FollowerState was interrupted
2023-12-01 12:04:19,975 [grpc-default-executor-2] INFO  server.GrpcServerProtocolService (GrpcServerProtocolService.java:onCompleted(157)) - 144aaeee-fb04-48fb-9b63-1a6b7587bad5: Completed APPEND_ENTRIES, lastRequest: null
2023-12-01 12:04:19,974 [e4101cf6-f8c4-4d95-a998-136b2bec65e8@group-18C264C89AAE-FollowerState] INFO  impl.FollowerState (FollowerState.java:run(152)) - e4101cf6-f8c4-4d95-a998-136b2bec65e8@group-18C264C89AAE-FollowerState was interrupted
2023-12-01 12:04:19,974 [6dc608fe-50aa-407f-b4f0-db1c149f31c2-impl-thread3] INFO  impl.StateMachineUpdater (StateMachineUpdater.java:stopAndJoin(157)) - 6dc608fe-50aa-407f-b4f0-db1c149f31c2@group-DEFFDE7C9D9F-StateMachineUpdater: set stopIndex = -1
2023-12-01 12:04:19,974 [6dc608fe-50aa-407f-b4f0-db1c149f31c2@group-DEFFDE7C9D9F-FollowerState] INFO  impl.FollowerState (FollowerState.java:run(152)) - 6dc608fe-50aa-407f-b4f0-db1c149f31c2@group-DEFFDE7C9D9F-FollowerState was interrupted
2023-12-01 12:04:19,974 [ForkJoinPool.commonPool-worker-1] INFO  server.GrpcService (GrpcService.java:closeImpl(311)) - 144aaeee-fb04-48fb-9b63-1a6b7587bad5: shutdown server org.apache.ratis.grpc.server.GrpcClientProtocolService now
2023-12-01 12:04:19,977 [grpc-default-executor-2] INFO  server.GrpcServerProtocolService (GrpcServerProtocolService.java:lambda$onCompleted$5(159)) - 144aaeee-fb04-48fb-9b63-1a6b7587bad5: Completed APPEND_ENTRIES, lastReply: serverReply {
  requestorId: "e4101cf6-f8c4-4d95-a998-136b2bec65e8"
  replyId: "144aaeee-fb04-48fb-9b63-1a6b7587bad5"
  raftGroupId {
    id: "kGs\327G\fE\024\262\253?\374\377\327\231\206"
  }
  success: true
}
term: 1
followerCommit: 18446744073709551615
matchIndex: 18446744073709551615
isHearbeat: true

2023-12-01 12:04:19,973 [6dc608fe-50aa-407f-b4f0-db1c149f31c2-impl-thread4] INFO  util.JmxRegister (JmxRegister.java:unregister(73)) - Successfully un-registered JMX Bean with object name Ratis:service=RaftServer,group=group-49DA23575FB0,id=6dc608fe-50aa-407f-b4f0-db1c149f31c2
2023-12-01 12:04:19,978 [6dc608fe-50aa-407f-b4f0-db1c149f31c2-impl-thread4] INFO  impl.RoleInfo (RoleInfo.java:shutdownFollowerState(110)) - 6dc608fe-50aa-407f-b4f0-db1c149f31c2: shutdown 6dc608fe-50aa-407f-b4f0-db1c149f31c2@group-49DA23575FB0-FollowerState
2023-12-01 12:04:19,973 [6dc608fe-50aa-407f-b4f0-db1c149f31c2-impl-thread1] INFO  impl.RoleInfo (RoleInfo.java:shutdownLeaderState(94)) - 6dc608fe-50aa-407f-b4f0-db1c149f31c2: shutdown 6dc608fe-50aa-407f-b4f0-db1c149f31c2@group-7E5BD0AD8A5B-LeaderStateImpl
2023-12-01 12:04:19,973 [144aaeee-fb04-48fb-9b63-1a6b7587bad5-impl-thread1] INFO  util.JmxRegister (JmxRegister.java:unregister(73)) - Successfully un-registered JMX Bean with object name Ratis:service=RaftServer,group=group-18C264C89AAE,id=144aaeee-fb04-48fb-9b63-1a6b7587bad5
2023-12-01 12:04:19,978 [144aaeee-fb04-48fb-9b63-1a6b7587bad5-impl-thread1] INFO  impl.RoleInfo (RoleInfo.java:shutdownLeaderState(94)) - 144aaeee-fb04-48fb-9b63-1a6b7587bad5: shutdown 144aaeee-fb04-48fb-9b63-1a6b7587bad5@group-18C264C89AAE-LeaderStateImpl
2023-12-01 12:04:19,976 [6dc608fe-50aa-407f-b4f0-db1c149f31c2-impl-thread3] INFO  server.RaftServer$Division (ServerState.java:close(423)) - 6dc608fe-50aa-407f-b4f0-db1c149f31c2@group-DEFFDE7C9D9F: applyIndex: -1
2023-12-01 12:04:19,979 [6dc608fe-50aa-407f-b4f0-db1c149f31c2@group-DEFFDE7C9D9F-cacheEviction-AwaitToRun] INFO  util.AwaitToRun (AwaitToRun.java:run(49)) - 6dc608fe-50aa-407f-b4f0-db1c149f31c2@group-DEFFDE7C9D9F-cacheEviction-AwaitToRun-AwaitForSignal is interrupted
2023-12-01 12:04:19,978 [6dc608fe-50aa-407f-b4f0-db1c149f31c2-impl-thread1] INFO  impl.PendingRequests (PendingRequests.java:sendNotLeaderResponses(289)) - 6dc608fe-50aa-407f-b4f0-db1c149f31c2@group-7E5BD0AD8A5B-PendingRequests: sendNotLeaderResponses
2023-12-01 12:04:19,975 [144aaeee-fb04-48fb-9b63-1a6b7587bad5-impl-thread3] INFO  util.JmxRegister (JmxRegister.java:unregister(73)) - Successfully un-registered JMX Bean with object name Ratis:service=RaftServer,group=group-57DB51F0C6F8,id=144aaeee-fb04-48fb-9b63-1a6b7587bad5
2023-12-01 12:04:19,981 [144aaeee-fb04-48fb-9b63-1a6b7587bad5-impl-thread3] INFO  impl.RoleInfo (RoleInfo.java:shutdownLeaderState(94)) - 144aaeee-fb04-48fb-9b63-1a6b7587bad5: shutdown 144aaeee-fb04-48fb-9b63-1a6b7587bad5@group-57DB51F0C6F8-LeaderStateImpl
2023-12-01 12:04:19,978 [grpc-default-executor-1] INFO  server.GrpcLogAppender (GrpcLogAppender.java:onCompleted(469)) - e4101cf6-f8c4-4d95-a998-136b2bec65e8@group-3FFCFFD79986->144aaeee-fb04-48fb-9b63-1a6b7587bad5-AppendLogResponseHandler: follower responses appendEntries COMPLETED
2023-12-01 12:04:19,981 [6dc608fe-50aa-407f-b4f0-db1c149f31c2-impl-thread1] INFO  impl.StateMachineUpdater (StateMachineUpdater.java:stopAndJoin(157)) - 6dc608fe-50aa-407f-b4f0-db1c149f31c2@group-7E5BD0AD8A5B-StateMachineUpdater: set stopIndex = 0
2023-12-01 12:04:19,981 [6dc608fe-50aa-407f-b4f0-db1c149f31c2@group-7E5BD0AD8A5B-StateMachineUpdater] INFO  ratis.ContainerStateMachine (ContainerStateMachine.java:takeSnapshot(337)) - group-7E5BD0AD8A5B: Taking a snapshot at:(t:1, i:0) file /home/runner/work/ozone/ozone/hadoop-ozone/integration-test/target/test-dir/MiniOzoneClusterImpl-d99da5cf-54e3-4304-baea-1cefc2b4c4dc/datanode-5/data/ratis/abee9559-c5ac-4bb3-bb05-7e5bd0ad8a5b/sm/snapshot.1_0
2023-12-01 12:04:19,981 [Thread-562] INFO  server.GrpcServerProtocolClient (GrpcServerProtocolClient.java:close(103)) - 9e3b9079-4dd1-4962-964a-dfdeb60592bf Close channels
2023-12-01 12:04:19,981 [Thread-560] INFO  server.GrpcServerProtocolClient (GrpcServerProtocolClient.java:close(103)) - a78ad617-b5b5-46fb-9003-310abdef56ad Close channels
2023-12-01 12:04:19,977 [grpc-default-executor-0] INFO  server.GrpcServerProtocolService (GrpcServerProtocolService.java:onCompleted(157)) - 144aaeee-fb04-48fb-9b63-1a6b7587bad5: Completed APPEND_ENTRIES, lastRequest: e4101cf6-f8c4-4d95-a998-136b2bec65e8->144aaeee-fb04-48fb-9b63-1a6b7587bad5#1-t1,previous=(t:0, i:0),leaderCommit=-1,initializing? true,entries: size=1, first=(t:1, i:0), CONFIGURATIONENTRY(current:id: "144aaeee-fb04-48fb-9b63-1a6b7587bad5"
address: "10.1.0.24:15023"
dataStreamAddress: "10.1.0.24:15024"
clientAddress: "10.1.0.24:15021"
adminAddress: "10.1.0.24:15022"
startupRole: FOLLOWER
,id: "e4101cf6-f8c4-4d95-a998-136b2bec65e8"
address: "10.1.0.24:15014"
priority: 1
dataStreamAddress: "10.1.0.24:15015"
clientAddress: "10.1.0.24:15012"
adminAddress: "10.1.0.24:15013"
startupRole: FOLLOWER
,id: "a2bf02b8-7760-44e6-b399-ad4429aacfa0"
address: "10.1.0.24:15032"
dataStreamAddress: "10.1.0.24:15033"
clientAddress: "10.1.0.24:15030"
adminAddress: "10.1.0.24:15031"
startupRole: FOLLOWER
, old:)
2023-12-01 12:04:19,985 [grpc-default-executor-0] INFO  server.GrpcServerProtocolService (GrpcServerProtocolService.java:lambda$onCompleted$5(159)) - 144aaeee-fb04-48fb-9b63-1a6b7587bad5: Completed APPEND_ENTRIES, lastReply: null
2023-12-01 12:04:19,985 [grpc-default-executor-1] INFO  server.GrpcLogAppender (GrpcLogAppender.java:onCompleted(469)) - e4101cf6-f8c4-4d95-a998-136b2bec65e8@group-3FFCFFD79986->144aaeee-fb04-48fb-9b63-1a6b7587bad5-AppendLogResponseHandler: follower responses appendEntries COMPLETED
2023-12-01 12:04:19,987 [e4101cf6-f8c4-4d95-a998-136b2bec65e8@group-18C264C89AAE-cacheEviction-AwaitToRun] INFO  util.AwaitToRun (AwaitToRun.java:run(49)) - e4101cf6-f8c4-4d95-a998-136b2bec65e8@group-18C264C89AAE-cacheEviction-AwaitToRun-AwaitForSignal is interrupted
2023-12-01 12:04:19,987 [6dc608fe-50aa-407f-b4f0-db1c149f31c2@group-49DA23575FB0-FollowerState] INFO  impl.FollowerState (FollowerState.java:run(152)) - 6dc608fe-50aa-407f-b4f0-db1c149f31c2@group-49DA23575FB0-FollowerState was interrupted
2023-12-01 12:04:19,978 [144aaeee-fb04-48fb-9b63-1a6b7587bad5@group-18C264C89AAE->e4101cf6-f8c4-4d95-a998-136b2bec65e8-GrpcLogAppender-LogAppenderDaemon] WARN  server.GrpcLogAppender (GrpcLogAppender.java:mayWait(212)) - 144aaeee-fb04-48fb-9b63-1a6b7587bad5@group-18C264C89AAE->e4101cf6-f8c4-4d95-a998-136b2bec65e8-GrpcLogAppender: Wait interrupted by java.lang.InterruptedException
2023-12-01 12:04:19,987 [Thread-563] INFO  server.GrpcServerProtocolClient (GrpcServerProtocolClient.java:close(103)) - 144aaeee-fb04-48fb-9b63-1a6b7587bad5 Close channels
2023-12-01 12:04:19,978 [144aaeee-fb04-48fb-9b63-1a6b7587bad5@group-18C264C89AAE->a2bf02b8-7760-44e6-b399-ad4429aacfa0-GrpcLogAppender-LogAppenderDaemon] WARN  server.GrpcLogAppender (GrpcLogAppender.java:mayWait(212)) - 144aaeee-fb04-48fb-9b63-1a6b7587bad5@group-18C264C89AAE->a2bf02b8-7760-44e6-b399-ad4429aacfa0-GrpcLogAppender: Wait interrupted by java.lang.InterruptedException
2023-12-01 12:04:19,979 [144aaeee-fb04-48fb-9b63-1a6b7587bad5-impl-thread1] INFO  impl.PendingRequests (PendingRequests.java:sendNotLeaderResponses(289)) - 144aaeee-fb04-48fb-9b63-1a6b7587bad5@group-18C264C89AAE-PendingRequests: sendNotLeaderResponses
2023-12-01 12:04:19,988 [144aaeee-fb04-48fb-9b63-1a6b7587bad5-impl-thread1] INFO  impl.StateMachineUpdater (StateMachineUpdater.java:stopAndJoin(157)) - 144aaeee-fb04-48fb-9b63-1a6b7587bad5@group-18C264C89AAE-StateMachineUpdater: set stopIndex = 0
2023-12-01 12:04:19,989 [grpc-default-executor-0] INFO  server.GrpcServerProtocolService (GrpcServerProtocolService.java:onCompleted(157)) - a2bf02b8-7760-44e6-b399-ad4429aacfa0: Completed APPEND_ENTRIES, lastRequest: null
2023-12-01 12:04:19,989 [grpc-default-executor-0] INFO  server.GrpcServerProtocolService (GrpcServerProtocolService.java:lambda$onCompleted$5(159)) - a2bf02b8-7760-44e6-b399-ad4429aacfa0: Completed APPEND_ENTRIES, lastReply: serverReply {
  requestorId: "144aaeee-fb04-48fb-9b63-1a6b7587bad5"
  replyId: "a2bf02b8-7760-44e6-b399-ad4429aacfa0"
  raftGroupId {
    id: "I\247\003\326Y\375A\017\264\035\030\302d\310\232\256"
  }
  success: true
}
term: 1
nextIndex: 1
followerCommit: 18446744073709551615
matchIndex: 18446744073709551615
isHearbeat: true

2023-12-01 12:04:19,990 [144aaeee-fb04-48fb-9b63-1a6b7587bad5@group-18C264C89AAE-StateMachineUpdater] INFO  ratis.ContainerStateMachine (ContainerStateMachine.java:takeSnapshot(337)) - group-18C264C89AAE: Taking a snapshot at:(t:1, i:0) file /home/runner/work/ozone/ozone/hadoop-ozone/integration-test/target/test-dir/MiniOzoneClusterImpl-d99da5cf-54e3-4304-baea-1cefc2b4c4dc/datanode-1/data/ratis/49a703d6-59fd-410f-b41d-18c264c89aae/sm/snapshot.1_0
2023-12-01 12:04:19,990 [grpc-default-executor-1] INFO  server.GrpcServerProtocolService (GrpcServerProtocolService.java:onCompleted(157)) - e4101cf6-f8c4-4d95-a998-136b2bec65e8: Completed APPEND_ENTRIES, lastRequest: 144aaeee-fb04-48fb-9b63-1a6b7587bad5->e4101cf6-f8c4-4d95-a998-136b2bec65e8#1-t1,previous=(t:0, i:0),leaderCommit=-1,initializing? true,entries: size=1, first=(t:1, i:0), CONFIGURATIONENTRY(current:id: "144aaeee-fb04-48fb-9b63-1a6b7587bad5"
address: "10.1.0.24:15023"
priority: 1
dataStreamAddress: "10.1.0.24:15024"
clientAddress: "10.1.0.24:15021"
adminAddress: "10.1.0.24:15022"
startupRole: FOLLOWER
,id: "e4101cf6-f8c4-4d95-a998-136b2bec65e8"
address: "10.1.0.24:15014"
dataStreamAddress: "10.1.0.24:15015"
clientAddress: "10.1.0.24:15012"
adminAddress: "10.1.0.24:15013"
startupRole: FOLLOWER
,id: "a2bf02b8-7760-44e6-b399-ad4429aacfa0"
address: "10.1.0.24:15032"
dataStreamAddress: "10.1.0.24:15033"
clientAddress: "10.1.0.24:15030"
adminAddress: "10.1.0.24:15031"
startupRole: FOLLOWER
, old:)
2023-12-01 12:04:19,990 [grpc-default-executor-1] INFO  server.GrpcServerProtocolService (GrpcServerProtocolService.java:lambda$onCompleted$5(159)) - e4101cf6-f8c4-4d95-a998-136b2bec65e8: Completed APPEND_ENTRIES, lastReply: null
2023-12-01 12:04:19,981 [main] INFO  server.RaftServer (RaftServerProxy.java:lambda$close$9(416)) - a78ad617-b5b5-46fb-9003-310abdef56ad: close
2023-12-01 12:04:19,974 [6dc608fe-50aa-407f-b4f0-db1c149f31c2@group-CEB7BF5298CA->9e3b9079-4dd1-4962-964a-dfdeb60592bf-GrpcLogAppender-LogAppenderDaemon] WARN  server.GrpcLogAppender (GrpcLogAppender.java:mayWait(212)) - 6dc608fe-50aa-407f-b4f0-db1c149f31c2@group-CEB7BF5298CA->9e3b9079-4dd1-4962-964a-dfdeb60592bf-GrpcLogAppender: Wait interrupted by java.lang.InterruptedException
2023-12-01 12:04:19,974 [6dc608fe-50aa-407f-b4f0-db1c149f31c2-impl-thread2] INFO  impl.PendingRequests (PendingRequests.java:sendNotLeaderResponses(289)) - 6dc608fe-50aa-407f-b4f0-db1c149f31c2@group-CEB7BF5298CA-PendingRequests: sendNotLeaderResponses
2023-12-01 12:04:19,974 [6dc608fe-50aa-407f-b4f0-db1c149f31c2@group-CEB7BF5298CA->a78ad617-b5b5-46fb-9003-310abdef56ad-GrpcLogAppender-LogAppenderDaemon] WARN  server.GrpcLogAppender (GrpcLogAppender.java:mayWait(212)) - 6dc608fe-50aa-407f-b4f0-db1c149f31c2@group-CEB7BF5298CA->a78ad617-b5b5-46fb-9003-310abdef56ad-GrpcLogAppender: Wait interrupted by java.lang.InterruptedException
2023-12-01 12:04:19,974 [e4101cf6-f8c4-4d95-a998-136b2bec65e8@group-3FFCFFD79986->a2bf02b8-7760-44e6-b399-ad4429aacfa0-GrpcLogAppender-LogAppenderDaemon] WARN  server.GrpcLogAppender (GrpcLogAppender.java:mayWait(212)) - e4101cf6-f8c4-4d95-a998-136b2bec65e8@group-3FFCFFD79986->a2bf02b8-7760-44e6-b399-ad4429aacfa0-GrpcLogAppender: Wait interrupted by java.lang.InterruptedException
2023-12-01 12:04:19,974 [e4101cf6-f8c4-4d95-a998-136b2bec65e8-impl-thread3] INFO  impl.PendingRequests (PendingRequests.java:sendNotLeaderResponses(289)) - e4101cf6-f8c4-4d95-a998-136b2bec65e8@group-3FFCFFD79986-PendingRequests: sendNotLeaderResponses
2023-12-01 12:04:19,992 [6dc608fe-50aa-407f-b4f0-db1c149f31c2-impl-thread2] INFO  impl.StateMachineUpdater (StateMachineUpdater.java:stopAndJoin(157)) - 6dc608fe-50aa-407f-b4f0-db1c149f31c2@group-CEB7BF5298CA-StateMachineUpdater: set stopIndex = 0
2023-12-01 12:04:19,992 [6dc608fe-50aa-407f-b4f0-db1c149f31c2@group-CEB7BF5298CA-StateMachineUpdater] INFO  ratis.ContainerStateMachine (ContainerStateMachine.java:takeSnapshot(337)) - group-CEB7BF5298CA: Taking a snapshot at:(t:1, i:0) file /home/runner/work/ozone/ozone/hadoop-ozone/integration-test/target/test-dir/MiniOzoneClusterImpl-d99da5cf-54e3-4304-baea-1cefc2b4c4dc/datanode-5/data/ratis/45f2c43b-d253-4e78-85ad-ceb7bf5298ca/sm/snapshot.1_0
2023-12-01 12:04:19,992 [e4101cf6-f8c4-4d95-a998-136b2bec65e8-impl-thread3] INFO  impl.StateMachineUpdater (StateMachineUpdater.java:stopAndJoin(157)) - e4101cf6-f8c4-4d95-a998-136b2bec65e8@group-3FFCFFD79986-StateMachineUpdater: set stopIndex = 0
2023-12-01 12:04:19,992 [e4101cf6-f8c4-4d95-a998-136b2bec65e8@group-3FFCFFD79986-StateMachineUpdater] INFO  ratis.ContainerStateMachine (ContainerStateMachine.java:takeSnapshot(337)) - group-3FFCFFD79986: Taking a snapshot at:(t:1, i:0) file /home/runner/work/ozone/ozone/hadoop-ozone/integration-test/target/test-dir/MiniOzoneClusterImpl-d99da5cf-54e3-4304-baea-1cefc2b4c4dc/datanode-0/data/ratis/6b4773d7-470c-4514-b2ab-3ffcffd79986/sm/snapshot.1_0
2023-12-01 12:04:19,973 [e4101cf6-f8c4-4d95-a998-136b2bec65e8-impl-thread1] INFO  impl.PendingRequests (PendingRequests.java:sendNotLeaderResponses(289)) - e4101cf6-f8c4-4d95-a998-136b2bec65e8@group-BA3FA9F3B49F-PendingRequests: sendNotLeaderResponses
2023-12-01 12:04:19,983 [6dc608fe-50aa-407f-b4f0-db1c149f31c2-impl-thread4] INFO  impl.StateMachineUpdater (StateMachineUpdater.java:stopAndJoin(157)) - 6dc608fe-50aa-407f-b4f0-db1c149f31c2@group-49DA23575FB0-StateMachineUpdater: set stopIndex = -1
2023-12-01 12:04:19,992 [6dc608fe-50aa-407f-b4f0-db1c149f31c2-impl-thread4] INFO  server.RaftServer$Division (ServerState.java:close(423)) - 6dc608fe-50aa-407f-b4f0-db1c149f31c2@group-49DA23575FB0: applyIndex: -1
2023-12-01 12:04:19,992 [e4101cf6-f8c4-4d95-a998-136b2bec65e8-impl-thread1] INFO  impl.StateMachineUpdater (StateMachineUpdater.java:stopAndJoin(157)) - e4101cf6-f8c4-4d95-a998-136b2bec65e8@group-BA3FA9F3B49F-StateMachineUpdater: set stopIndex = 0
2023-12-01 12:04:19,992 [e4101cf6-f8c4-4d95-a998-136b2bec65e8@group-BA3FA9F3B49F-StateMachineUpdater] INFO  ratis.ContainerStateMachine (ContainerStateMachine.java:takeSnapshot(337)) - group-BA3FA9F3B49F: Taking a snapshot at:(t:1, i:0) file /home/runner/work/ozone/ozone/hadoop-ozone/integration-test/target/test-dir/MiniOzoneClusterImpl-d99da5cf-54e3-4304-baea-1cefc2b4c4dc/datanode-0/data/ratis/0aef8b74-4ee2-4896-9159-ba3fa9f3b49f/sm/snapshot.1_0
2023-12-01 12:04:19,981 [144aaeee-fb04-48fb-9b63-1a6b7587bad5-impl-thread3] INFO  impl.PendingRequests (PendingRequests.java:sendNotLeaderResponses(289)) - 144aaeee-fb04-48fb-9b63-1a6b7587bad5@group-57DB51F0C6F8-PendingRequests: sendNotLeaderResponses
2023-12-01 12:04:19,993 [144aaeee-fb04-48fb-9b63-1a6b7587bad5-impl-thread3] INFO  impl.StateMachineUpdater (StateMachineUpdater.java:stopAndJoin(157)) - 144aaeee-fb04-48fb-9b63-1a6b7587bad5@group-57DB51F0C6F8-StateMachineUpdater: set stopIndex = 0
2023-12-01 12:04:19,993 [grpc-default-executor-1] INFO  server.GrpcServerProtocolService (GrpcServerProtocolService.java:onCompleted(157)) - 9e3b9079-4dd1-4962-964a-dfdeb60592bf: Completed APPEND_ENTRIES, lastRequest: null
2023-12-01 12:04:19,993 [144aaeee-fb04-48fb-9b63-1a6b7587bad5@group-57DB51F0C6F8-StateMachineUpdater] INFO  ratis.ContainerStateMachine (ContainerStateMachine.java:takeSnapshot(337)) - group-57DB51F0C6F8: Taking a snapshot at:(t:1, i:0) file /home/runner/work/ozone/ozone/hadoop-ozone/integration-test/target/test-dir/MiniOzoneClusterImpl-d99da5cf-54e3-4304-baea-1cefc2b4c4dc/datanode-1/data/ratis/4b25aa6f-6d09-4605-aaaa-57db51f0c6f8/sm/snapshot.1_0
2023-12-01 12:04:19,993 [grpc-default-executor-1] INFO  server.GrpcServerProtocolService (GrpcServerProtocolService.java:lambda$onCompleted$5(159)) - 9e3b9079-4dd1-4962-964a-dfdeb60592bf: Completed APPEND_ENTRIES, lastReply: serverReply {
  requestorId: "6dc608fe-50aa-407f-b4f0-db1c149f31c2"
  replyId: "9e3b9079-4dd1-4962-964a-dfdeb60592bf"
  raftGroupId {
    id: "E\362\304;\322SNx\205\255\316\267\277R\230\312"
  }
  success: true
}
term: 1
nextIndex: 1
followerCommit: 18446744073709551615
matchIndex: 18446744073709551615
isHearbeat: true

2023-12-01 12:04:19,994 [grpc-default-executor-4] INFO  server.GrpcServerProtocolService (GrpcServerProtocolService.java:onCompleted(157)) - a78ad617-b5b5-46fb-9003-310abdef56ad: Completed APPEND_ENTRIES, lastRequest: 6dc608fe-50aa-407f-b4f0-db1c149f31c2->a78ad617-b5b5-46fb-9003-310abdef56ad#1-t1,previous=(t:0, i:0),leaderCommit=-1,initializing? true,entries: size=1, first=(t:1, i:0), CONFIGURATIONENTRY(current:id: "a78ad617-b5b5-46fb-9003-310abdef56ad"
address: "10.1.0.24:15041"
dataStreamAddress: "10.1.0.24:15042"
clientAddress: "10.1.0.24:15039"
adminAddress: "10.1.0.24:15040"
startupRole: FOLLOWER
,id: "6dc608fe-50aa-407f-b4f0-db1c149f31c2"
address: "10.1.0.24:15059"
priority: 1
dataStreamAddress: "10.1.0.24:15060"
clientAddress: "10.1.0.24:15057"
adminAddress: "10.1.0.24:15058"
startupRole: FOLLOWER
,id: "9e3b9079-4dd1-4962-964a-dfdeb60592bf"
address: "10.1.0.24:15050"
dataStreamAddress: "10.1.0.24:15051"
clientAddress: "10.1.0.24:15048"
adminAddress: "10.1.0.24:15049"
startupRole: FOLLOWER
, old:)
2023-12-01 12:04:19,994 [grpc-default-executor-4] INFO  server.GrpcServerProtocolService (GrpcServerProtocolService.java:lambda$onCompleted$5(159)) - a78ad617-b5b5-46fb-9003-310abdef56ad: Completed APPEND_ENTRIES, lastReply: null
2023-12-01 12:04:19,995 [grpc-default-executor-1] INFO  server.GrpcLogAppender (GrpcLogAppender.java:onCompleted(469)) - 6dc608fe-50aa-407f-b4f0-db1c149f31c2@group-CEB7BF5298CA->a78ad617-b5b5-46fb-9003-310abdef56ad-AppendLogResponseHandler: follower responses appendEntries COMPLETED
2023-12-01 12:04:19,995 [grpc-default-executor-3] INFO  server.GrpcLogAppender (GrpcLogAppender.java:onCompleted(469)) - 6dc608fe-50aa-407f-b4f0-db1c149f31c2@group-CEB7BF5298CA->9e3b9079-4dd1-4962-964a-dfdeb60592bf-AppendLogResponseHandler: follower responses appendEntries COMPLETED
2023-12-01 12:04:19,995 [grpc-default-executor-1] WARN  server.GrpcLogAppender (GrpcLogAppender.java:resetClient(149)) - 6dc608fe-50aa-407f-b4f0-db1c149f31c2@group-CEB7BF5298CA->a78ad617-b5b5-46fb-9003-310abdef56ad-GrpcLogAppender: Failed to getClient for a78ad617-b5b5-46fb-9003-310abdef56ad
org.apache.ratis.protocol.exceptions.AlreadyClosedException: 6dc608fe-50aa-407f-b4f0-db1c149f31c2 is already CLOSED
	at org.apache.ratis.util.PeerProxyMap$PeerAndProxy.getProxy(PeerProxyMap.java:61)
	at org.apache.ratis.util.PeerProxyMap.getProxy(PeerProxyMap.java:110)
	at org.apache.ratis.grpc.server.GrpcLogAppender.getClient(GrpcLogAppender.java:121)
	at org.apache.ratis.grpc.server.GrpcLogAppender.resetClient(GrpcLogAppender.java:126)
	at org.apache.ratis.grpc.server.GrpcLogAppender.access$800(GrpcLogAppender.java:61)
	at org.apache.ratis.grpc.server.GrpcLogAppender$AppendLogResponseHandler.onCompleted(GrpcLogAppender.java:471)
	at org.apache.ratis.thirdparty.io.grpc.stub.ClientCalls$StreamObserverToCallListenerAdapter.onClose(ClientCalls.java:479)
	at org.apache.ratis.thirdparty.io.grpc.internal.ClientCallImpl.closeObserver(ClientCallImpl.java:567)
	at org.apache.ratis.thirdparty.io.grpc.internal.ClientCallImpl.access$300(ClientCallImpl.java:71)
	at org.apache.ratis.thirdparty.io.grpc.internal.ClientCallImpl$ClientStreamListenerImpl$1StreamClosed.runInternal(ClientCallImpl.java:735)
	at org.apache.ratis.thirdparty.io.grpc.internal.ClientCallImpl$ClientStreamListenerImpl$1StreamClosed.runInContext(ClientCallImpl.java:716)
	at org.apache.ratis.thirdparty.io.grpc.internal.ContextRunnable.run(ContextRunnable.java:37)
	at org.apache.ratis.thirdparty.io.grpc.internal.SerializingExecutor.run(SerializingExecutor.java:133)
	at java.util.concurrent.ThreadPoolExecutor.runWorker(ThreadPoolExecutor.java:1149)
	at java.util.concurrent.ThreadPoolExecutor$Worker.run(ThreadPoolExecutor.java:624)
	at java.lang.Thread.run(Thread.java:750)
2023-12-01 12:04:19,995 [grpc-default-executor-3] WARN  server.GrpcLogAppender (GrpcLogAppender.java:resetClient(149)) - 6dc608fe-50aa-407f-b4f0-db1c149f31c2@group-CEB7BF5298CA->9e3b9079-4dd1-4962-964a-dfdeb60592bf-GrpcLogAppender: Failed to getClient for 9e3b9079-4dd1-4962-964a-dfdeb60592bf
org.apache.ratis.protocol.exceptions.AlreadyClosedException: 6dc608fe-50aa-407f-b4f0-db1c149f31c2 is already CLOSED
	at org.apache.ratis.util.PeerProxyMap$PeerAndProxy.getProxy(PeerProxyMap.java:61)
	at org.apache.ratis.util.PeerProxyMap.getProxy(PeerProxyMap.java:110)
	at org.apache.ratis.grpc.server.GrpcLogAppender.getClient(GrpcLogAppender.java:121)
	at org.apache.ratis.grpc.server.GrpcLogAppender.resetClient(GrpcLogAppender.java:126)
	at org.apache.ratis.grpc.server.GrpcLogAppender.access$800(GrpcLogAppender.java:61)
	at org.apache.ratis.grpc.server.GrpcLogAppender$AppendLogResponseHandler.onCompleted(GrpcLogAppender.java:471)
	at org.apache.ratis.thirdparty.io.grpc.stub.ClientCalls$StreamObserverToCallListenerAdapter.onClose(ClientCalls.java:479)
	at org.apache.ratis.thirdparty.io.grpc.internal.ClientCallImpl.closeObserver(ClientCallImpl.java:567)
	at org.apache.ratis.thirdparty.io.grpc.internal.ClientCallImpl.access$300(ClientCallImpl.java:71)
	at org.apache.ratis.thirdparty.io.grpc.internal.ClientCallImpl$ClientStreamListenerImpl$1StreamClosed.runInternal(ClientCallImpl.java:735)
	at org.apache.ratis.thirdparty.io.grpc.internal.ClientCallImpl$ClientStreamListenerImpl$1StreamClosed.runInContext(ClientCallImpl.java:716)
	at org.apache.ratis.thirdparty.io.grpc.internal.ContextRunnable.run(ContextRunnable.java:37)
	at org.apache.ratis.thirdparty.io.grpc.internal.SerializingExecutor.run(SerializingExecutor.java:133)
	at java.util.concurrent.ThreadPoolExecutor.runWorker(ThreadPoolExecutor.java:1149)
	at java.util.concurrent.ThreadPoolExecutor$Worker.run(ThreadPoolExecutor.java:624)
	at java.lang.Thread.run(Thread.java:750)
2023-12-01 12:04:20,000 [Thread-568] INFO  server.GrpcServerProtocolClient (GrpcServerProtocolClient.java:close(103)) - a2bf02b8-7760-44e6-b399-ad4429aacfa0 Close channels
2023-12-01 12:04:20,001 [6dc608fe-50aa-407f-b4f0-db1c149f31c2@group-49DA23575FB0-cacheEviction-AwaitToRun] INFO  util.AwaitToRun (AwaitToRun.java:run(49)) - 6dc608fe-50aa-407f-b4f0-db1c149f31c2@group-49DA23575FB0-cacheEviction-AwaitToRun-AwaitForSignal is interrupted
2023-12-01 12:04:20,000 [144aaeee-fb04-48fb-9b63-1a6b7587bad5-impl-thread2] INFO  impl.StateMachineUpdater (StateMachineUpdater.java:stopAndJoin(157)) - 144aaeee-fb04-48fb-9b63-1a6b7587bad5@group-3FFCFFD79986-StateMachineUpdater: set stopIndex = -1
2023-12-01 12:04:20,001 [144aaeee-fb04-48fb-9b63-1a6b7587bad5-impl-thread2] INFO  server.RaftServer$Division (ServerState.java:close(423)) - 144aaeee-fb04-48fb-9b63-1a6b7587bad5@group-3FFCFFD79986: applyIndex: -1
2023-12-01 12:04:20,001 [144aaeee-fb04-48fb-9b63-1a6b7587bad5@group-3FFCFFD79986-cacheEviction-AwaitToRun] INFO  util.AwaitToRun (AwaitToRun.java:run(49)) - 144aaeee-fb04-48fb-9b63-1a6b7587bad5@group-3FFCFFD79986-cacheEviction-AwaitToRun-AwaitForSignal is interrupted
2023-12-01 12:04:20,005 [Thread-565] INFO  server.GrpcServerProtocolClient (GrpcServerProtocolClient.java:close(103)) - e4101cf6-f8c4-4d95-a998-136b2bec65e8 Close channels
2023-12-01 12:04:20,005 [Thread-566] INFO  server.GrpcServerProtocolClient (GrpcServerProtocolClient.java:close(103)) - a2bf02b8-7760-44e6-b399-ad4429aacfa0 Close channels
2023-12-01 12:04:20,006 [grpc-default-executor-2] INFO  server.GrpcLogAppender (GrpcLogAppender.java:onCompleted(469)) - 144aaeee-fb04-48fb-9b63-1a6b7587bad5@group-18C264C89AAE->a2bf02b8-7760-44e6-b399-ad4429aacfa0-AppendLogResponseHandler: follower responses appendEntries COMPLETED
2023-12-01 12:04:20,006 [grpc-default-executor-2] WARN  server.GrpcLogAppender (GrpcLogAppender.java:resetClient(149)) - 144aaeee-fb04-48fb-9b63-1a6b7587bad5@group-18C264C89AAE->a2bf02b8-7760-44e6-b399-ad4429aacfa0-GrpcLogAppender: Failed to getClient for a2bf02b8-7760-44e6-b399-ad4429aacfa0
org.apache.ratis.protocol.exceptions.AlreadyClosedException: 144aaeee-fb04-48fb-9b63-1a6b7587bad5 is already CLOSED
	at org.apache.ratis.util.PeerProxyMap$PeerAndProxy.getProxy(PeerProxyMap.java:61)
	at org.apache.ratis.util.PeerProxyMap.getProxy(PeerProxyMap.java:110)
	at org.apache.ratis.grpc.server.GrpcLogAppender.getClient(GrpcLogAppender.java:121)
	at org.apache.ratis.grpc.server.GrpcLogAppender.resetClient(GrpcLogAppender.java:126)
	at org.apache.ratis.grpc.server.GrpcLogAppender.access$800(GrpcLogAppender.java:61)
	at org.apache.ratis.grpc.server.GrpcLogAppender$AppendLogResponseHandler.onCompleted(GrpcLogAppender.java:471)
	at org.apache.ratis.thirdparty.io.grpc.stub.ClientCalls$StreamObserverToCallListenerAdapter.onClose(ClientCalls.java:479)
	at org.apache.ratis.thirdparty.io.grpc.internal.DelayedClientCall$DelayedListener$3.run(DelayedClientCall.java:489)
	at org.apache.ratis.thirdparty.io.grpc.internal.DelayedClientCall$DelayedListener.delayOrExecute(DelayedClientCall.java:453)
	at org.apache.ratis.thirdparty.io.grpc.internal.DelayedClientCall$DelayedListener.onClose(DelayedClientCall.java:486)
	at org.apache.ratis.thirdparty.io.grpc.internal.ClientCallImpl.closeObserver(ClientCallImpl.java:567)
	at org.apache.ratis.thirdparty.io.grpc.internal.ClientCallImpl.access$300(ClientCallImpl.java:71)
	at org.apache.ratis.thirdparty.io.grpc.internal.ClientCallImpl$ClientStreamListenerImpl$1StreamClosed.runInternal(ClientCallImpl.java:735)
	at org.apache.ratis.thirdparty.io.grpc.internal.ClientCallImpl$ClientStreamListenerImpl$1StreamClosed.runInContext(ClientCallImpl.java:716)
	at org.apache.ratis.thirdparty.io.grpc.internal.ContextRunnable.run(ContextRunnable.java:37)
	at org.apache.ratis.thirdparty.io.grpc.internal.SerializingExecutor.run(SerializingExecutor.java:133)
	at java.util.concurrent.ThreadPoolExecutor.runWorker(ThreadPoolExecutor.java:1149)
	at java.util.concurrent.ThreadPoolExecutor$Worker.run(ThreadPoolExecutor.java:624)
	at java.lang.Thread.run(Thread.java:750)
2023-12-01 12:04:20,007 [grpc-default-executor-1] INFO  server.GrpcServerProtocolService (GrpcServerProtocolService.java:onCompleted(157)) - a2bf02b8-7760-44e6-b399-ad4429aacfa0: Completed APPEND_ENTRIES, lastRequest: 144aaeee-fb04-48fb-9b63-1a6b7587bad5->a2bf02b8-7760-44e6-b399-ad4429aacfa0#1-t1,previous=(t:0, i:0),leaderCommit=-1,initializing? true,entries: size=1, first=(t:1, i:0), CONFIGURATIONENTRY(current:id: "144aaeee-fb04-48fb-9b63-1a6b7587bad5"
address: "10.1.0.24:15023"
priority: 1
dataStreamAddress: "10.1.0.24:15024"
clientAddress: "10.1.0.24:15021"
adminAddress: "10.1.0.24:15022"
startupRole: FOLLOWER
,id: "e4101cf6-f8c4-4d95-a998-136b2bec65e8"
address: "10.1.0.24:15014"
dataStreamAddress: "10.1.0.24:15015"
clientAddress: "10.1.0.24:15012"
adminAddress: "10.1.0.24:15013"
startupRole: FOLLOWER
,id: "a2bf02b8-7760-44e6-b399-ad4429aacfa0"
address: "10.1.0.24:15032"
dataStreamAddress: "10.1.0.24:15033"
clientAddress: "10.1.0.24:15030"
adminAddress: "10.1.0.24:15031"
startupRole: FOLLOWER
, old:)
2023-12-01 12:04:20,007 [grpc-default-executor-1] INFO  server.GrpcServerProtocolService (GrpcServerProtocolService.java:lambda$onCompleted$5(159)) - a2bf02b8-7760-44e6-b399-ad4429aacfa0: Completed APPEND_ENTRIES, lastReply: null
2023-12-01 12:04:20,007 [grpc-default-executor-3] INFO  server.GrpcServerProtocolService (GrpcServerProtocolService.java:onCompleted(157)) - e4101cf6-f8c4-4d95-a998-136b2bec65e8: Completed APPEND_ENTRIES, lastRequest: null
2023-12-01 12:04:20,008 [grpc-default-executor-0] INFO  server.GrpcServerProtocolService (GrpcServerProtocolService.java:onCompleted(157)) - a78ad617-b5b5-46fb-9003-310abdef56ad: Completed APPEND_ENTRIES, lastRequest: null
2023-12-01 12:04:20,008 [grpc-default-executor-0] INFO  server.GrpcServerProtocolService (GrpcServerProtocolService.java:lambda$onCompleted$5(159)) - a78ad617-b5b5-46fb-9003-310abdef56ad: Completed APPEND_ENTRIES, lastReply: serverReply {
  requestorId: "6dc608fe-50aa-407f-b4f0-db1c149f31c2"
  replyId: "a78ad617-b5b5-46fb-9003-310abdef56ad"
  raftGroupId {
    id: "E\362\304;\322SNx\205\255\316\267\277R\230\312"
  }
  success: true
}
term: 1
followerCommit: 18446744073709551615
matchIndex: 18446744073709551615
isHearbeat: true

2023-12-01 12:04:20,008 [grpc-default-executor-4] INFO  server.GrpcServerProtocolService (GrpcServerProtocolService.java:onCompleted(157)) - 9e3b9079-4dd1-4962-964a-dfdeb60592bf: Completed APPEND_ENTRIES, lastRequest: 6dc608fe-50aa-407f-b4f0-db1c149f31c2->9e3b9079-4dd1-4962-964a-dfdeb60592bf#1-t1,previous=(t:0, i:0),leaderCommit=-1,initializing? true,entries: size=1, first=(t:1, i:0), CONFIGURATIONENTRY(current:id: "a78ad617-b5b5-46fb-9003-310abdef56ad"
address: "10.1.0.24:15041"
dataStreamAddress: "10.1.0.24:15042"
clientAddress: "10.1.0.24:15039"
adminAddress: "10.1.0.24:15040"
startupRole: FOLLOWER
,id: "6dc608fe-50aa-407f-b4f0-db1c149f31c2"
address: "10.1.0.24:15059"
priority: 1
dataStreamAddress: "10.1.0.24:15060"
clientAddress: "10.1.0.24:15057"
adminAddress: "10.1.0.24:15058"
startupRole: FOLLOWER
,id: "9e3b9079-4dd1-4962-964a-dfdeb60592bf"
address: "10.1.0.24:15050"
dataStreamAddress: "10.1.0.24:15051"
clientAddress: "10.1.0.24:15048"
adminAddress: "10.1.0.24:15049"
startupRole: FOLLOWER
, old:)
2023-12-01 12:04:20,008 [grpc-default-executor-4] INFO  server.GrpcServerProtocolService (GrpcServerProtocolService.java:lambda$onCompleted$5(159)) - 9e3b9079-4dd1-4962-964a-dfdeb60592bf: Completed APPEND_ENTRIES, lastReply: null
2023-12-01 12:04:20,008 [grpc-default-executor-3] INFO  server.GrpcServerProtocolService (GrpcServerProtocolService.java:lambda$onCompleted$5(159)) - e4101cf6-f8c4-4d95-a998-136b2bec65e8: Completed APPEND_ENTRIES, lastReply: serverReply {
  requestorId: "144aaeee-fb04-48fb-9b63-1a6b7587bad5"
  replyId: "e4101cf6-f8c4-4d95-a998-136b2bec65e8"
  raftGroupId {
    id: "I\247\003\326Y\375A\017\264\035\030\302d\310\232\256"
  }
  success: true
}
term: 1
nextIndex: 1
followerCommit: 18446744073709551615
matchIndex: 18446744073709551615
isHearbeat: true

2023-12-01 12:04:20,008 [a78ad617-b5b5-46fb-9003-310abdef56ad-impl-thread1] INFO  server.RaftServer$Division (RaftServerImpl.java:lambda$close$3(516)) - a78ad617-b5b5-46fb-9003-310abdef56ad@group-CEB7BF5298CA: shutdown
2023-12-01 12:04:20,008 [grpc-default-executor-2] INFO  server.GrpcServerProtocolService (GrpcServerProtocolService.java:onCompleted(157)) - a2bf02b8-7760-44e6-b399-ad4429aacfa0: Completed APPEND_ENTRIES, lastRequest: null
2023-12-01 12:04:20,008 [a78ad617-b5b5-46fb-9003-310abdef56ad-impl-thread1] INFO  util.JmxRegister (JmxRegister.java:unregister(73)) - Successfully un-registered JMX Bean with object name Ratis:service=RaftServer,group=group-CEB7BF5298CA,id=a78ad617-b5b5-46fb-9003-310abdef56ad
2023-12-01 12:04:20,008 [a78ad617-b5b5-46fb-9003-310abdef56ad-impl-thread1] INFO  impl.RoleInfo (RoleInfo.java:shutdownFollowerState(110)) - a78ad617-b5b5-46fb-9003-310abdef56ad: shutdown a78ad617-b5b5-46fb-9003-310abdef56ad@group-CEB7BF5298CA-FollowerState
2023-12-01 12:04:20,008 [grpc-default-executor-2] INFO  server.GrpcServerProtocolService (GrpcServerProtocolService.java:lambda$onCompleted$5(159)) - a2bf02b8-7760-44e6-b399-ad4429aacfa0: Completed APPEND_ENTRIES, lastReply: serverReply {
  requestorId: "e4101cf6-f8c4-4d95-a998-136b2bec65e8"
  replyId: "a2bf02b8-7760-44e6-b399-ad4429aacfa0"
  raftGroupId {
    id: "kGs\327G\fE\024\262\253?\374\377\327\231\206"
  }
  success: true
}
term: 1
followerCommit: 18446744073709551615
matchIndex: 18446744073709551615
isHearbeat: true

2023-12-01 12:04:20,009 [grpc-default-executor-5] INFO  server.GrpcLogAppender (GrpcLogAppender.java:onCompleted(469)) - 144aaeee-fb04-48fb-9b63-1a6b7587bad5@group-18C264C89AAE->e4101cf6-f8c4-4d95-a998-136b2bec65e8-AppendLogResponseHandler: follower responses appendEntries COMPLETED
2023-12-01 12:04:20,009 [grpc-default-executor-5] WARN  server.GrpcLogAppender (GrpcLogAppender.java:resetClient(149)) - 144aaeee-fb04-48fb-9b63-1a6b7587bad5@group-18C264C89AAE->e4101cf6-f8c4-4d95-a998-136b2bec65e8-GrpcLogAppender: Failed to getClient for e4101cf6-f8c4-4d95-a998-136b2bec65e8
org.apache.ratis.protocol.exceptions.AlreadyClosedException: 144aaeee-fb04-48fb-9b63-1a6b7587bad5 is already CLOSED
	at org.apache.ratis.util.PeerProxyMap$PeerAndProxy.getProxy(PeerProxyMap.java:61)
	at org.apache.ratis.util.PeerProxyMap.getProxy(PeerProxyMap.java:110)
	at org.apache.ratis.grpc.server.GrpcLogAppender.getClient(GrpcLogAppender.java:121)
	at org.apache.ratis.grpc.server.GrpcLogAppender.resetClient(GrpcLogAppender.java:126)
	at org.apache.ratis.grpc.server.GrpcLogAppender.access$800(GrpcLogAppender.java:61)
	at org.apache.ratis.grpc.server.GrpcLogAppender$AppendLogResponseHandler.onCompleted(GrpcLogAppender.java:471)
	at org.apache.ratis.thirdparty.io.grpc.stub.ClientCalls$StreamObserverToCallListenerAdapter.onClose(ClientCalls.java:479)
	at org.apache.ratis.thirdparty.io.grpc.internal.ClientCallImpl.closeObserver(ClientCallImpl.java:567)
	at org.apache.ratis.thirdparty.io.grpc.internal.ClientCallImpl.access$300(ClientCallImpl.java:71)
	at org.apache.ratis.thirdparty.io.grpc.internal.ClientCallImpl$ClientStreamListenerImpl$1StreamClosed.runInternal(ClientCallImpl.java:735)
	at org.apache.ratis.thirdparty.io.grpc.internal.ClientCallImpl$ClientStreamListenerImpl$1StreamClosed.runInContext(ClientCallImpl.java:716)
	at org.apache.ratis.thirdparty.io.grpc.internal.ContextRunnable.run(ContextRunnable.java:37)
	at org.apache.ratis.thirdparty.io.grpc.internal.SerializingExecutor.run(SerializingExecutor.java:133)
	at java.util.concurrent.ThreadPoolExecutor.runWorker(ThreadPoolExecutor.java:1149)
	at java.util.concurrent.ThreadPoolExecutor$Worker.run(ThreadPoolExecutor.java:624)
	at java.lang.Thread.run(Thread.java:750)
2023-12-01 12:04:20,009 [grpc-default-executor-4] INFO  server.GrpcLogAppender (GrpcLogAppender.java:onCompleted(469)) - 6dc608fe-50aa-407f-b4f0-db1c149f31c2@group-CEB7BF5298CA->a78ad617-b5b5-46fb-9003-310abdef56ad-AppendLogResponseHandler: follower responses appendEntries COMPLETED
2023-12-01 12:04:20,010 [grpc-default-executor-4] WARN  server.GrpcLogAppender (GrpcLogAppender.java:resetClient(149)) - 6dc608fe-50aa-407f-b4f0-db1c149f31c2@group-CEB7BF5298CA->a78ad617-b5b5-46fb-9003-310abdef56ad-GrpcLogAppender: Failed to getClient for a78ad617-b5b5-46fb-9003-310abdef56ad
org.apache.ratis.protocol.exceptions.AlreadyClosedException: 6dc608fe-50aa-407f-b4f0-db1c149f31c2 is already CLOSED
	at org.apache.ratis.util.PeerProxyMap$PeerAndProxy.getProxy(PeerProxyMap.java:61)
	at org.apache.ratis.util.PeerProxyMap.getProxy(PeerProxyMap.java:110)
	at org.apache.ratis.grpc.server.GrpcLogAppender.getClient(GrpcLogAppender.java:121)
	at org.apache.ratis.grpc.server.GrpcLogAppender.resetClient(GrpcLogAppender.java:126)
	at org.apache.ratis.grpc.server.GrpcLogAppender.access$800(GrpcLogAppender.java:61)
	at org.apache.ratis.grpc.server.GrpcLogAppender$AppendLogResponseHandler.onCompleted(GrpcLogAppender.java:471)
	at org.apache.ratis.thirdparty.io.grpc.stub.ClientCalls$StreamObserverToCallListenerAdapter.onClose(ClientCalls.java:479)
	at org.apache.ratis.thirdparty.io.grpc.internal.DelayedClientCall$DelayedListener$3.run(DelayedClientCall.java:489)
	at org.apache.ratis.thirdparty.io.grpc.internal.DelayedClientCall$DelayedListener.delayOrExecute(DelayedClientCall.java:453)
	at org.apache.ratis.thirdparty.io.grpc.internal.DelayedClientCall$DelayedListener.onClose(DelayedClientCall.java:486)
	at org.apache.ratis.thirdparty.io.grpc.internal.ClientCallImpl.closeObserver(ClientCallImpl.java:567)
	at org.apache.ratis.thirdparty.io.grpc.internal.ClientCallImpl.access$300(ClientCallImpl.java:71)
	at org.apache.ratis.thirdparty.io.grpc.internal.ClientCallImpl$ClientStreamListenerImpl$1StreamClosed.runInternal(ClientCallImpl.java:735)
	at org.apache.ratis.thirdparty.io.grpc.internal.ClientCallImpl$ClientStreamListenerImpl$1StreamClosed.runInContext(ClientCallImpl.java:716)
	at org.apache.ratis.thirdparty.io.grpc.internal.ContextRunnable.run(ContextRunnable.java:37)
	at org.apache.ratis.thirdparty.io.grpc.internal.SerializingExecutor.run(SerializingExecutor.java:133)
	at java.util.concurrent.ThreadPoolExecutor.runWorker(ThreadPoolExecutor.java:1149)
	at java.util.concurrent.ThreadPoolExecutor$Worker.run(ThreadPoolExecutor.java:624)
	at java.lang.Thread.run(Thread.java:750)
2023-12-01 12:04:20,010 [a78ad617-b5b5-46fb-9003-310abdef56ad-impl-thread1] INFO  impl.StateMachineUpdater (StateMachineUpdater.java:stopAndJoin(157)) - a78ad617-b5b5-46fb-9003-310abdef56ad@group-CEB7BF5298CA-StateMachineUpdater: set stopIndex = -1
2023-12-01 12:04:20,010 [a78ad617-b5b5-46fb-9003-310abdef56ad@group-CEB7BF5298CA-FollowerState] INFO  impl.FollowerState (FollowerState.java:run(152)) - a78ad617-b5b5-46fb-9003-310abdef56ad@group-CEB7BF5298CA-FollowerState was interrupted
2023-12-01 12:04:20,011 [grpc-default-executor-6] INFO  server.GrpcServerProtocolService (GrpcServerProtocolService.java:onCompleted(157)) - a2bf02b8-7760-44e6-b399-ad4429aacfa0: Completed APPEND_ENTRIES, lastRequest: e4101cf6-f8c4-4d95-a998-136b2bec65e8->a2bf02b8-7760-44e6-b399-ad4429aacfa0#1-t1,previous=(t:0, i:0),leaderCommit=-1,initializing? true,entries: size=1, first=(t:1, i:0), CONFIGURATIONENTRY(current:id: "144aaeee-fb04-48fb-9b63-1a6b7587bad5"
address: "10.1.0.24:15023"
dataStreamAddress: "10.1.0.24:15024"
clientAddress: "10.1.0.24:15021"
adminAddress: "10.1.0.24:15022"
startupRole: FOLLOWER
,id: "e4101cf6-f8c4-4d95-a998-136b2bec65e8"
address: "10.1.0.24:15014"
priority: 1
dataStreamAddress: "10.1.0.24:15015"
clientAddress: "10.1.0.24:15012"
adminAddress: "10.1.0.24:15013"
startupRole: FOLLOWER
,id: "a2bf02b8-7760-44e6-b399-ad4429aacfa0"
address: "10.1.0.24:15032"
dataStreamAddress: "10.1.0.24:15033"
clientAddress: "10.1.0.24:15030"
adminAddress: "10.1.0.24:15031"
startupRole: FOLLOWER
, old:)
2023-12-01 12:04:20,011 [grpc-default-executor-6] INFO  server.GrpcServerProtocolService (GrpcServerProtocolService.java:lambda$onCompleted$5(159)) - a2bf02b8-7760-44e6-b399-ad4429aacfa0: Completed APPEND_ENTRIES, lastReply: null
2023-12-01 12:04:20,012 [a78ad617-b5b5-46fb-9003-310abdef56ad-impl-thread2] INFO  server.RaftServer$Division (RaftServerImpl.java:lambda$close$3(516)) - a78ad617-b5b5-46fb-9003-310abdef56ad@group-B846DEF2E57E: shutdown
2023-12-01 12:04:20,012 [a78ad617-b5b5-46fb-9003-310abdef56ad-impl-thread2] INFO  util.JmxRegister (JmxRegister.java:unregister(73)) - Successfully un-registered JMX Bean with object name Ratis:service=RaftServer,group=group-B846DEF2E57E,id=a78ad617-b5b5-46fb-9003-310abdef56ad
2023-12-01 12:04:20,013 [a78ad617-b5b5-46fb-9003-310abdef56ad-impl-thread3] INFO  server.RaftServer$Division (RaftServerImpl.java:lambda$close$3(516)) - a78ad617-b5b5-46fb-9003-310abdef56ad@group-DEFFDE7C9D9F: shutdown
2023-12-01 12:04:20,013 [a78ad617-b5b5-46fb-9003-310abdef56ad-impl-thread3] INFO  util.JmxRegister (JmxRegister.java:unregister(73)) - Successfully un-registered JMX Bean with object name Ratis:service=RaftServer,group=group-DEFFDE7C9D9F,id=a78ad617-b5b5-46fb-9003-310abdef56ad
2023-12-01 12:04:20,013 [a78ad617-b5b5-46fb-9003-310abdef56ad-impl-thread3] INFO  impl.RoleInfo (RoleInfo.java:shutdownLeaderState(94)) - a78ad617-b5b5-46fb-9003-310abdef56ad: shutdown a78ad617-b5b5-46fb-9003-310abdef56ad@group-DEFFDE7C9D9F-LeaderStateImpl
2023-12-01 12:04:20,013 [main] INFO  server.GrpcService (GrpcService.java:closeImpl(311)) - a78ad617-b5b5-46fb-9003-310abdef56ad: shutdown server org.apache.ratis.grpc.server.GrpcClientProtocolService now
2023-12-01 12:04:20,013 [a78ad617-b5b5-46fb-9003-310abdef56ad-impl-thread4] INFO  server.RaftServer$Division (RaftServerImpl.java:lambda$close$3(516)) - a78ad617-b5b5-46fb-9003-310abdef56ad@group-49DA23575FB0: shutdown
2023-12-01 12:04:20,013 [a78ad617-b5b5-46fb-9003-310abdef56ad-impl-thread4] INFO  util.JmxRegister (JmxRegister.java:unregister(73)) - Successfully un-registered JMX Bean with object name Ratis:service=RaftServer,group=group-49DA23575FB0,id=a78ad617-b5b5-46fb-9003-310abdef56ad
2023-12-01 12:04:20,013 [a78ad617-b5b5-46fb-9003-310abdef56ad-impl-thread2] INFO  impl.RoleInfo (RoleInfo.java:shutdownLeaderState(94)) - a78ad617-b5b5-46fb-9003-310abdef56ad: shutdown a78ad617-b5b5-46fb-9003-310abdef56ad@group-B846DEF2E57E-LeaderStateImpl
2023-12-01 12:04:20,017 [a78ad617-b5b5-46fb-9003-310abdef56ad-impl-thread2] INFO  impl.PendingRequests (PendingRequests.java:sendNotLeaderResponses(289)) - a78ad617-b5b5-46fb-9003-310abdef56ad@group-B846DEF2E57E-PendingRequests: sendNotLeaderResponses
2023-12-01 12:04:20,017 [grpc-default-executor-2] INFO  server.GrpcLogAppender (GrpcLogAppender.java:onCompleted(469)) - e4101cf6-f8c4-4d95-a998-136b2bec65e8@group-3FFCFFD79986->a2bf02b8-7760-44e6-b399-ad4429aacfa0-AppendLogResponseHandler: follower responses appendEntries COMPLETED
2023-12-01 12:04:20,017 [ForkJoinPool.commonPool-worker-2] INFO  ozoneimpl.OzoneContainer (OzoneContainer.java:stop(463)) - Attempting to stop container services.
2023-12-01 12:04:20,018 [a78ad617-b5b5-46fb-9003-310abdef56ad@group-B846DEF2E57E-StateMachineUpdater] INFO  ratis.ContainerStateMachine (ContainerStateMachine.java:takeSnapshot(337)) - group-B846DEF2E57E: Taking a snapshot at:(t:1, i:0) file /home/runner/work/ozone/ozone/hadoop-ozone/integration-test/target/test-dir/MiniOzoneClusterImpl-d99da5cf-54e3-4304-baea-1cefc2b4c4dc/datanode-3/data/ratis/f357c32d-da3c-4b0e-a1f7-b846def2e57e/sm/snapshot.1_0
2023-12-01 12:04:20,018 [ForkJoinPool.commonPool-worker-6] INFO  ozoneimpl.OzoneContainer (OzoneContainer.java:stop(463)) - Attempting to stop container services.
2023-12-01 12:04:20,018 [a78ad617-b5b5-46fb-9003-310abdef56ad-impl-thread2] INFO  impl.StateMachineUpdater (StateMachineUpdater.java:stopAndJoin(157)) - a78ad617-b5b5-46fb-9003-310abdef56ad@group-B846DEF2E57E-StateMachineUpdater: set stopIndex = 0
2023-12-01 12:04:20,018 [grpc-default-executor-6] INFO  server.GrpcLogAppender (GrpcLogAppender.java:onCompleted(469)) - 6dc608fe-50aa-407f-b4f0-db1c149f31c2@group-CEB7BF5298CA->9e3b9079-4dd1-4962-964a-dfdeb60592bf-AppendLogResponseHandler: follower responses appendEntries COMPLETED
2023-12-01 12:04:20,016 [6dc608fe-50aa-407f-b4f0-db1c149f31c2-impl-thread3] INFO  segmented.SegmentedRaftLogWorker (SegmentedRaftLogWorker.java:close(243)) - 6dc608fe-50aa-407f-b4f0-db1c149f31c2@group-DEFFDE7C9D9F-SegmentedRaftLogWorker close()
2023-12-01 12:04:20,015 [a78ad617-b5b5-46fb-9003-310abdef56ad-impl-thread1] INFO  server.RaftServer$Division (ServerState.java:close(423)) - a78ad617-b5b5-46fb-9003-310abdef56ad@group-CEB7BF5298CA: applyIndex: -1
2023-12-01 12:04:20,013 [a78ad617-b5b5-46fb-9003-310abdef56ad-impl-thread3] INFO  impl.PendingRequests (PendingRequests.java:sendNotLeaderResponses(289)) - a78ad617-b5b5-46fb-9003-310abdef56ad@group-DEFFDE7C9D9F-PendingRequests: sendNotLeaderResponses
2023-12-01 12:04:20,022 [a78ad617-b5b5-46fb-9003-310abdef56ad@group-CEB7BF5298CA-cacheEviction-AwaitToRun] INFO  util.AwaitToRun (AwaitToRun.java:run(49)) - a78ad617-b5b5-46fb-9003-310abdef56ad@group-CEB7BF5298CA-cacheEviction-AwaitToRun-AwaitForSignal is interrupted
2023-12-01 12:04:20,013 [a78ad617-b5b5-46fb-9003-310abdef56ad@group-DEFFDE7C9D9F->6dc608fe-50aa-407f-b4f0-db1c149f31c2-GrpcLogAppender-LogAppenderDaemon] WARN  server.GrpcLogAppender (GrpcLogAppender.java:mayWait(212)) - a78ad617-b5b5-46fb-9003-310abdef56ad@group-DEFFDE7C9D9F->6dc608fe-50aa-407f-b4f0-db1c149f31c2-GrpcLogAppender: Wait interrupted by java.lang.InterruptedException
2023-12-01 12:04:20,013 [a78ad617-b5b5-46fb-9003-310abdef56ad@group-DEFFDE7C9D9F->9e3b9079-4dd1-4962-964a-dfdeb60592bf-GrpcLogAppender-LogAppenderDaemon] WARN  server.GrpcLogAppender (GrpcLogAppender.java:mayWait(212)) - a78ad617-b5b5-46fb-9003-310abdef56ad@group-DEFFDE7C9D9F->9e3b9079-4dd1-4962-964a-dfdeb60592bf-GrpcLogAppender: Wait interrupted by java.lang.InterruptedException
2023-12-01 12:04:20,022 [ForkJoinPool.commonPool-worker-1] INFO  server.GrpcService (GrpcService.java:closeImpl(320)) - 144aaeee-fb04-48fb-9b63-1a6b7587bad5: shutdown server org.apache.ratis.grpc.server.GrpcClientProtocolService successfully
2023-12-01 12:04:20,022 [ForkJoinPool.commonPool-worker-1] INFO  server.GrpcService (GrpcService.java:closeImpl(311)) - 144aaeee-fb04-48fb-9b63-1a6b7587bad5: shutdown server GrpcServerProtocolService now
2023-12-01 12:04:20,023 [ForkJoinPool.commonPool-worker-0] INFO  server.GrpcService (GrpcService.java:closeImpl(320)) - e4101cf6-f8c4-4d95-a998-136b2bec65e8: shutdown server org.apache.ratis.grpc.server.GrpcClientProtocolService successfully
2023-12-01 12:04:20,023 [ForkJoinPool.commonPool-worker-0] INFO  server.GrpcService (GrpcService.java:closeImpl(311)) - e4101cf6-f8c4-4d95-a998-136b2bec65e8: shutdown server GrpcServerProtocolService now
2023-12-01 12:04:20,023 [grpc-default-executor-0] INFO  server.GrpcServerProtocolService (GrpcServerProtocolService.java:onCompleted(157)) - 9e3b9079-4dd1-4962-964a-dfdeb60592bf: Completed APPEND_ENTRIES, lastRequest: a78ad617-b5b5-46fb-9003-310abdef56ad->9e3b9079-4dd1-4962-964a-dfdeb60592bf#1-t1,previous=(t:0, i:0),leaderCommit=-1,initializing? true,entries: size=1, first=(t:1, i:0), CONFIGURATIONENTRY(current:id: "a78ad617-b5b5-46fb-9003-310abdef56ad"
address: "10.1.0.24:15041"
priority: 1
dataStreamAddress: "10.1.0.24:15042"
clientAddress: "10.1.0.24:15039"
adminAddress: "10.1.0.24:15040"
startupRole: FOLLOWER
,id: "6dc608fe-50aa-407f-b4f0-db1c149f31c2"
address: "10.1.0.24:15059"
dataStreamAddress: "10.1.0.24:15060"
clientAddress: "10.1.0.24:15057"
adminAddress: "10.1.0.24:15058"
startupRole: FOLLOWER
,id: "9e3b9079-4dd1-4962-964a-dfdeb60592bf"
address: "10.1.0.24:15050"
dataStreamAddress: "10.1.0.24:15051"
clientAddress: "10.1.0.24:15048"
adminAddress: "10.1.0.24:15049"
startupRole: FOLLOWER
, old:)
2023-12-01 12:04:20,023 [grpc-default-executor-0] INFO  server.GrpcServerProtocolService (GrpcServerProtocolService.java:lambda$onCompleted$5(159)) - 9e3b9079-4dd1-4962-964a-dfdeb60592bf: Completed APPEND_ENTRIES, lastReply: null
2023-12-01 12:04:20,021 [Thread-573] INFO  server.GrpcServerProtocolClient (GrpcServerProtocolClient.java:close(103)) - 6dc608fe-50aa-407f-b4f0-db1c149f31c2 Close channels
2023-12-01 12:04:20,021 [ForkJoinPool.commonPool-worker-6] INFO  server.RaftServer (RaftServerProxy.java:lambda$close$9(416)) - a2bf02b8-7760-44e6-b399-ad4429aacfa0: close
2023-12-01 12:04:20,021 [Thread-574] INFO  server.GrpcServerProtocolClient (GrpcServerProtocolClient.java:close(103)) - 9e3b9079-4dd1-4962-964a-dfdeb60592bf Close channels
2023-12-01 12:04:20,021 [ForkJoinPool.commonPool-worker-2] INFO  server.RaftServer (RaftServerProxy.java:lambda$close$9(416)) - 9e3b9079-4dd1-4962-964a-dfdeb60592bf: close
2023-12-01 12:04:20,020 [ForkJoinPool.commonPool-worker-3] INFO  server.GrpcService (GrpcService.java:closeImpl(320)) - 6dc608fe-50aa-407f-b4f0-db1c149f31c2: shutdown server org.apache.ratis.grpc.server.GrpcClientProtocolService successfully
2023-12-01 12:04:20,024 [ForkJoinPool.commonPool-worker-3] INFO  server.GrpcService (GrpcService.java:closeImpl(311)) - 6dc608fe-50aa-407f-b4f0-db1c149f31c2: shutdown server GrpcServerProtocolService now
2023-12-01 12:04:20,020 [grpc-default-executor-2] WARN  server.GrpcLogAppender (GrpcLogAppender.java:resetClient(149)) - e4101cf6-f8c4-4d95-a998-136b2bec65e8@group-3FFCFFD79986->a2bf02b8-7760-44e6-b399-ad4429aacfa0-GrpcLogAppender: Failed to getClient for a2bf02b8-7760-44e6-b399-ad4429aacfa0
org.apache.ratis.protocol.exceptions.AlreadyClosedException: e4101cf6-f8c4-4d95-a998-136b2bec65e8 is already CLOSED
	at org.apache.ratis.util.PeerProxyMap$PeerAndProxy.getProxy(PeerProxyMap.java:61)
	at org.apache.ratis.util.PeerProxyMap.getProxy(PeerProxyMap.java:110)
	at org.apache.ratis.grpc.server.GrpcLogAppender.getClient(GrpcLogAppender.java:121)
	at org.apache.ratis.grpc.server.GrpcLogAppender.resetClient(GrpcLogAppender.java:126)
	at org.apache.ratis.grpc.server.GrpcLogAppender.access$800(GrpcLogAppender.java:61)
	at org.apache.ratis.grpc.server.GrpcLogAppender$AppendLogResponseHandler.onCompleted(GrpcLogAppender.java:471)
	at org.apache.ratis.thirdparty.io.grpc.stub.ClientCalls$StreamObserverToCallListenerAdapter.onClose(ClientCalls.java:479)
	at org.apache.ratis.thirdparty.io.grpc.internal.DelayedClientCall$DelayedListener$3.run(DelayedClientCall.java:489)
	at org.apache.ratis.thirdparty.io.grpc.internal.DelayedClientCall$DelayedListener.delayOrExecute(DelayedClientCall.java:453)
	at org.apache.ratis.thirdparty.io.grpc.internal.DelayedClientCall$DelayedListener.onClose(DelayedClientCall.java:486)
	at org.apache.ratis.thirdparty.io.grpc.internal.ClientCallImpl.closeObserver(ClientCallImpl.java:567)
	at org.apache.ratis.thirdparty.io.grpc.internal.ClientCallImpl.access$300(ClientCallImpl.java:71)
	at org.apache.ratis.thirdparty.io.grpc.internal.ClientCallImpl$ClientStreamListenerImpl$1StreamClosed.runInternal(ClientCallImpl.java:735)
	at org.apache.ratis.thirdparty.io.grpc.internal.ClientCallImpl$ClientStreamListenerImpl$1StreamClosed.runInContext(ClientCallImpl.java:716)
	at org.apache.ratis.thirdparty.io.grpc.internal.ContextRunnable.run(ContextRunnable.java:37)
	at org.apache.ratis.thirdparty.io.grpc.internal.SerializingExecutor.run(SerializingExecutor.java:133)
	at java.util.concurrent.ThreadPoolExecutor.runWorker(ThreadPoolExecutor.java:1149)
	at java.util.concurrent.ThreadPoolExecutor$Worker.run(ThreadPoolExecutor.java:624)
	at java.lang.Thread.run(Thread.java:750)
2023-12-01 12:04:20,019 [grpc-default-executor-6] WARN  server.GrpcLogAppender (GrpcLogAppender.java:resetClient(149)) - 6dc608fe-50aa-407f-b4f0-db1c149f31c2@group-CEB7BF5298CA->9e3b9079-4dd1-4962-964a-dfdeb60592bf-GrpcLogAppender: Failed to getClient for 9e3b9079-4dd1-4962-964a-dfdeb60592bf
org.apache.ratis.protocol.exceptions.AlreadyClosedException: 6dc608fe-50aa-407f-b4f0-db1c149f31c2 is already CLOSED
	at org.apache.ratis.util.PeerProxyMap$PeerAndProxy.getProxy(PeerProxyMap.java:61)
	at org.apache.ratis.util.PeerProxyMap.getProxy(PeerProxyMap.java:110)
	at org.apache.ratis.grpc.server.GrpcLogAppender.getClient(GrpcLogAppender.java:121)
	at org.apache.ratis.grpc.server.GrpcLogAppender.resetClient(GrpcLogAppender.java:126)
	at org.apache.ratis.grpc.server.GrpcLogAppender.access$800(GrpcLogAppender.java:61)
	at org.apache.ratis.grpc.server.GrpcLogAppender$AppendLogResponseHandler.onCompleted(GrpcLogAppender.java:471)
	at org.apache.ratis.thirdparty.io.grpc.stub.ClientCalls$StreamObserverToCallListenerAdapter.onClose(ClientCalls.java:479)
	at org.apache.ratis.thirdparty.io.grpc.internal.ClientCallImpl.closeObserver(ClientCallImpl.java:567)
	at org.apache.ratis.thirdparty.io.grpc.internal.ClientCallImpl.access$300(ClientCallImpl.java:71)
	at org.apache.ratis.thirdparty.io.grpc.internal.ClientCallImpl$ClientStreamListenerImpl$1StreamClosed.runInternal(ClientCallImpl.java:735)
	at org.apache.ratis.thirdparty.io.grpc.internal.ClientCallImpl$ClientStreamListenerImpl$1StreamClosed.runInContext(ClientCallImpl.java:716)
	at org.apache.ratis.thirdparty.io.grpc.internal.ContextRunnable.run(ContextRunnable.java:37)
	at org.apache.ratis.thirdparty.io.grpc.internal.SerializingExecutor.run(SerializingExecutor.java:133)
	at java.util.concurrent.ThreadPoolExecutor.runWorker(ThreadPoolExecutor.java:1149)
	at java.util.concurrent.ThreadPoolExecutor$Worker.run(ThreadPoolExecutor.java:624)
	at java.lang.Thread.run(Thread.java:750)
2023-12-01 12:04:20,026 [a2bf02b8-7760-44e6-b399-ad4429aacfa0-impl-thread1] INFO  server.RaftServer$Division (RaftServerImpl.java:lambda$close$3(516)) - a2bf02b8-7760-44e6-b399-ad4429aacfa0@group-3B1F69638C0D: shutdown
2023-12-01 12:04:20,026 [a2bf02b8-7760-44e6-b399-ad4429aacfa0-impl-thread1] INFO  util.JmxRegister (JmxRegister.java:unregister(73)) - Successfully un-registered JMX Bean with object name Ratis:service=RaftServer,group=group-3B1F69638C0D,id=a2bf02b8-7760-44e6-b399-ad4429aacfa0
2023-12-01 12:04:20,026 [a2bf02b8-7760-44e6-b399-ad4429aacfa0-impl-thread1] INFO  impl.RoleInfo (RoleInfo.java:shutdownLeaderState(94)) - a2bf02b8-7760-44e6-b399-ad4429aacfa0: shutdown a2bf02b8-7760-44e6-b399-ad4429aacfa0@group-3B1F69638C0D-LeaderStateImpl
2023-12-01 12:04:20,026 [a2bf02b8-7760-44e6-b399-ad4429aacfa0-impl-thread1] INFO  impl.PendingRequests (PendingRequests.java:sendNotLeaderResponses(289)) - a2bf02b8-7760-44e6-b399-ad4429aacfa0@group-3B1F69638C0D-PendingRequests: sendNotLeaderResponses
2023-12-01 12:04:20,026 [9e3b9079-4dd1-4962-964a-dfdeb60592bf-impl-thread1] INFO  server.RaftServer$Division (RaftServerImpl.java:lambda$close$3(516)) - 9e3b9079-4dd1-4962-964a-dfdeb60592bf@group-CEB7BF5298CA: shutdown
2023-12-01 12:04:20,026 [a2bf02b8-7760-44e6-b399-ad4429aacfa0-impl-thread1] INFO  impl.StateMachineUpdater (StateMachineUpdater.java:stopAndJoin(157)) - a2bf02b8-7760-44e6-b399-ad4429aacfa0@group-3B1F69638C0D-StateMachineUpdater: set stopIndex = 0
2023-12-01 12:04:20,026 [9e3b9079-4dd1-4962-964a-dfdeb60592bf-impl-thread1] INFO  util.JmxRegister (JmxRegister.java:unregister(73)) - Successfully un-registered JMX Bean with object name Ratis:service=RaftServer,group=group-CEB7BF5298CA,id=9e3b9079-4dd1-4962-964a-dfdeb60592bf
2023-12-01 12:04:20,026 [9e3b9079-4dd1-4962-964a-dfdeb60592bf-impl-thread1] INFO  impl.RoleInfo (RoleInfo.java:shutdownFollowerState(110)) - 9e3b9079-4dd1-4962-964a-dfdeb60592bf: shutdown 9e3b9079-4dd1-4962-964a-dfdeb60592bf@group-CEB7BF5298CA-FollowerState
2023-12-01 12:04:20,027 [a2bf02b8-7760-44e6-b399-ad4429aacfa0@group-3B1F69638C0D-StateMachineUpdater] INFO  ratis.ContainerStateMachine (ContainerStateMachine.java:takeSnapshot(337)) - group-3B1F69638C0D: Taking a snapshot at:(t:1, i:0) file /home/runner/work/ozone/ozone/hadoop-ozone/integration-test/target/test-dir/MiniOzoneClusterImpl-d99da5cf-54e3-4304-baea-1cefc2b4c4dc/datanode-2/data/ratis/76ed91d3-0d11-4cfb-a06d-3b1f69638c0d/sm/snapshot.1_0
2023-12-01 12:04:20,027 [a2bf02b8-7760-44e6-b399-ad4429aacfa0-impl-thread2] INFO  server.RaftServer$Division (RaftServerImpl.java:lambda$close$3(516)) - a2bf02b8-7760-44e6-b399-ad4429aacfa0@group-18C264C89AAE: shutdown
2023-12-01 12:04:20,028 [a2bf02b8-7760-44e6-b399-ad4429aacfa0-impl-thread2] INFO  util.JmxRegister (JmxRegister.java:unregister(73)) - Successfully un-registered JMX Bean with object name Ratis:service=RaftServer,group=group-18C264C89AAE,id=a2bf02b8-7760-44e6-b399-ad4429aacfa0
2023-12-01 12:04:20,028 [a2bf02b8-7760-44e6-b399-ad4429aacfa0-impl-thread2] INFO  impl.RoleInfo (RoleInfo.java:shutdownFollowerState(110)) - a2bf02b8-7760-44e6-b399-ad4429aacfa0: shutdown a2bf02b8-7760-44e6-b399-ad4429aacfa0@group-18C264C89AAE-FollowerState
2023-12-01 12:04:20,018 [a78ad617-b5b5-46fb-9003-310abdef56ad-impl-thread4] INFO  impl.RoleInfo (RoleInfo.java:shutdownFollowerState(110)) - a78ad617-b5b5-46fb-9003-310abdef56ad: shutdown a78ad617-b5b5-46fb-9003-310abdef56ad@group-49DA23575FB0-FollowerState
2023-12-01 12:04:20,018 [grpc-default-executor-5] INFO  server.GrpcLogAppender (GrpcLogAppender.java:onCompleted(469)) - 144aaeee-fb04-48fb-9b63-1a6b7587bad5@group-18C264C89AAE->e4101cf6-f8c4-4d95-a998-136b2bec65e8-AppendLogResponseHandler: follower responses appendEntries COMPLETED
2023-12-01 12:04:20,017 [grpc-default-executor-4] INFO  server.GrpcLogAppender (GrpcLogAppender.java:onCompleted(469)) - 144aaeee-fb04-48fb-9b63-1a6b7587bad5@group-18C264C89AAE->a2bf02b8-7760-44e6-b399-ad4429aacfa0-AppendLogResponseHandler: follower responses appendEntries COMPLETED
2023-12-01 12:04:20,028 [grpc-default-executor-4] WARN  server.GrpcLogAppender (GrpcLogAppender.java:resetClient(149)) - 144aaeee-fb04-48fb-9b63-1a6b7587bad5@group-18C264C89AAE->a2bf02b8-7760-44e6-b399-ad4429aacfa0-GrpcLogAppender: Failed to getClient for a2bf02b8-7760-44e6-b399-ad4429aacfa0
org.apache.ratis.protocol.exceptions.AlreadyClosedException: 144aaeee-fb04-48fb-9b63-1a6b7587bad5 is already CLOSED
	at org.apache.ratis.util.PeerProxyMap$PeerAndProxy.getProxy(PeerProxyMap.java:61)
	at org.apache.ratis.util.PeerProxyMap.getProxy(PeerProxyMap.java:110)
	at org.apache.ratis.grpc.server.GrpcLogAppender.getClient(GrpcLogAppender.java:121)
	at org.apache.ratis.grpc.server.GrpcLogAppender.resetClient(GrpcLogAppender.java:126)
	at org.apache.ratis.grpc.server.GrpcLogAppender.access$800(GrpcLogAppender.java:61)
	at org.apache.ratis.grpc.server.GrpcLogAppender$AppendLogResponseHandler.onCompleted(GrpcLogAppender.java:471)
	at org.apache.ratis.thirdparty.io.grpc.stub.ClientCalls$StreamObserverToCallListenerAdapter.onClose(ClientCalls.java:479)
	at org.apache.ratis.thirdparty.io.grpc.internal.ClientCallImpl.closeObserver(ClientCallImpl.java:567)
	at org.apache.ratis.thirdparty.io.grpc.internal.ClientCallImpl.access$300(ClientCallImpl.java:71)
	at org.apache.ratis.thirdparty.io.grpc.internal.ClientCallImpl$ClientStreamListenerImpl$1StreamClosed.runInternal(ClientCallImpl.java:735)
	at org.apache.ratis.thirdparty.io.grpc.internal.ClientCallImpl$ClientStreamListenerImpl$1StreamClosed.runInContext(ClientCallImpl.java:716)
	at org.apache.ratis.thirdparty.io.grpc.internal.ContextRunnable.run(ContextRunnable.java:37)
	at org.apache.ratis.thirdparty.io.grpc.internal.SerializingExecutor.run(SerializingExecutor.java:133)
	at java.util.concurrent.ThreadPoolExecutor.runWorker(ThreadPoolExecutor.java:1149)
	at java.util.concurrent.ThreadPoolExecutor$Worker.run(ThreadPoolExecutor.java:624)
	at java.lang.Thread.run(Thread.java:750)
2023-12-01 12:04:20,017 [grpc-default-executor-3] INFO  server.GrpcLogAppender (GrpcLogAppender.java:onCompleted(469)) - e4101cf6-f8c4-4d95-a998-136b2bec65e8@group-3FFCFFD79986->a2bf02b8-7760-44e6-b399-ad4429aacfa0-AppendLogResponseHandler: follower responses appendEntries COMPLETED
2023-12-01 12:04:20,029 [grpc-default-executor-3] WARN  server.GrpcLogAppender (GrpcLogAppender.java:resetClient(149)) - e4101cf6-f8c4-4d95-a998-136b2bec65e8@group-3FFCFFD79986->a2bf02b8-7760-44e6-b399-ad4429aacfa0-GrpcLogAppender: Failed to getClient for a2bf02b8-7760-44e6-b399-ad4429aacfa0
org.apache.ratis.protocol.exceptions.AlreadyClosedException: e4101cf6-f8c4-4d95-a998-136b2bec65e8 is already CLOSED
	at org.apache.ratis.util.PeerProxyMap$PeerAndProxy.getProxy(PeerProxyMap.java:61)
	at org.apache.ratis.util.PeerProxyMap.getProxy(PeerProxyMap.java:110)
	at org.apache.ratis.grpc.server.GrpcLogAppender.getClient(GrpcLogAppender.java:121)
	at org.apache.ratis.grpc.server.GrpcLogAppender.resetClient(GrpcLogAppender.java:126)
	at org.apache.ratis.grpc.server.GrpcLogAppender.access$800(GrpcLogAppender.java:61)
	at org.apache.ratis.grpc.server.GrpcLogAppender$AppendLogResponseHandler.onCompleted(GrpcLogAppender.java:471)
	at org.apache.ratis.thirdparty.io.grpc.stub.ClientCalls$StreamObserverToCallListenerAdapter.onClose(ClientCalls.java:479)
	at org.apache.ratis.thirdparty.io.grpc.internal.ClientCallImpl.closeObserver(ClientCallImpl.java:567)
	at org.apache.ratis.thirdparty.io.grpc.internal.ClientCallImpl.access$300(ClientCallImpl.java:71)
	at org.apache.ratis.thirdparty.io.grpc.internal.ClientCallImpl$ClientStreamListenerImpl$1StreamClosed.runInternal(ClientCallImpl.java:735)
	at org.apache.ratis.thirdparty.io.grpc.internal.ClientCallImpl$ClientStreamListenerImpl$1StreamClosed.runInContext(ClientCallImpl.java:716)
	at org.apache.ratis.thirdparty.io.grpc.internal.ContextRunnable.run(ContextRunnable.java:37)
	at org.apache.ratis.thirdparty.io.grpc.internal.SerializingExecutor.run(SerializingExecutor.java:133)
	at java.util.concurrent.ThreadPoolExecutor.runWorker(ThreadPoolExecutor.java:1149)
	at java.util.concurrent.ThreadPoolExecutor$Worker.run(ThreadPoolExecutor.java:624)
	at java.lang.Thread.run(Thread.java:750)
2023-12-01 12:04:20,028 [grpc-default-executor-5] WARN  server.GrpcLogAppender (GrpcLogAppender.java:resetClient(149)) - 144aaeee-fb04-48fb-9b63-1a6b7587bad5@group-18C264C89AAE->e4101cf6-f8c4-4d95-a998-136b2bec65e8-GrpcLogAppender: Failed to getClient for e4101cf6-f8c4-4d95-a998-136b2bec65e8
org.apache.ratis.protocol.exceptions.AlreadyClosedException: 144aaeee-fb04-48fb-9b63-1a6b7587bad5 is already CLOSED
	at org.apache.ratis.util.PeerProxyMap$PeerAndProxy.getProxy(PeerProxyMap.java:61)
	at org.apache.ratis.util.PeerProxyMap.getProxy(PeerProxyMap.java:110)
	at org.apache.ratis.grpc.server.GrpcLogAppender.getClient(GrpcLogAppender.java:121)
	at org.apache.ratis.grpc.server.GrpcLogAppender.resetClient(GrpcLogAppender.java:126)
	at org.apache.ratis.grpc.server.GrpcLogAppender.access$800(GrpcLogAppender.java:61)
	at org.apache.ratis.grpc.server.GrpcLogAppender$AppendLogResponseHandler.onCompleted(GrpcLogAppender.java:471)
	at org.apache.ratis.thirdparty.io.grpc.stub.ClientCalls$StreamObserverToCallListenerAdapter.onClose(ClientCalls.java:479)
	at org.apache.ratis.thirdparty.io.grpc.internal.ClientCallImpl.closeObserver(ClientCallImpl.java:567)
	at org.apache.ratis.thirdparty.io.grpc.internal.ClientCallImpl.access$300(ClientCallImpl.java:71)
	at org.apache.ratis.thirdparty.io.grpc.internal.ClientCallImpl$ClientStreamListenerImpl$1StreamClosed.runInternal(ClientCallImpl.java:735)
	at org.apache.ratis.thirdparty.io.grpc.internal.ClientCallImpl$ClientStreamListenerImpl$1StreamClosed.runInContext(ClientCallImpl.java:716)
	at org.apache.ratis.thirdparty.io.grpc.internal.ContextRunnable.run(ContextRunnable.java:37)
	at org.apache.ratis.thirdparty.io.grpc.internal.SerializingExecutor.run(SerializingExecutor.java:133)
	at java.util.concurrent.ThreadPoolExecutor.runWorker(ThreadPoolExecutor.java:1149)
	at java.util.concurrent.ThreadPoolExecutor$Worker.run(ThreadPoolExecutor.java:624)
	at java.lang.Thread.run(Thread.java:750)
2023-12-01 12:04:20,029 [grpc-default-executor-6] WARN  server.GrpcServerProtocolService (LogUtils.java:warn(121)) - 6dc608fe-50aa-407f-b4f0-db1c149f31c2: APPEND_ENTRIES onError, lastRequest: null: org.apache.ratis.thirdparty.io.grpc.StatusRuntimeException: CANCELLED: client cancelled
2023-12-01 12:04:20,023 [grpc-default-executor-1] INFO  server.GrpcServerProtocolService (GrpcServerProtocolService.java:onCompleted(157)) - 6dc608fe-50aa-407f-b4f0-db1c149f31c2: Completed APPEND_ENTRIES, lastRequest: a78ad617-b5b5-46fb-9003-310abdef56ad->6dc608fe-50aa-407f-b4f0-db1c149f31c2#1-t1,previous=(t:0, i:0),leaderCommit=-1,initializing? true,entries: size=1, first=(t:1, i:0), CONFIGURATIONENTRY(current:id: "a78ad617-b5b5-46fb-9003-310abdef56ad"
address: "10.1.0.24:15041"
priority: 1
dataStreamAddress: "10.1.0.24:15042"
clientAddress: "10.1.0.24:15039"
adminAddress: "10.1.0.24:15040"
startupRole: FOLLOWER
,id: "6dc608fe-50aa-407f-b4f0-db1c149f31c2"
address: "10.1.0.24:15059"
dataStreamAddress: "10.1.0.24:15060"
clientAddress: "10.1.0.24:15057"
adminAddress: "10.1.0.24:15058"
startupRole: FOLLOWER
,id: "9e3b9079-4dd1-4962-964a-dfdeb60592bf"
address: "10.1.0.24:15050"
dataStreamAddress: "10.1.0.24:15051"
clientAddress: "10.1.0.24:15048"
adminAddress: "10.1.0.24:15049"
startupRole: FOLLOWER
, old:)
2023-12-01 12:04:20,031 [grpc-default-executor-1] INFO  server.GrpcServerProtocolService (GrpcServerProtocolService.java:lambda$onCompleted$5(159)) - 6dc608fe-50aa-407f-b4f0-db1c149f31c2: Completed APPEND_ENTRIES, lastReply: null
2023-12-01 12:04:20,037 [ForkJoinPool.commonPool-worker-6] INFO  server.GrpcService (GrpcService.java:closeImpl(311)) - a2bf02b8-7760-44e6-b399-ad4429aacfa0: shutdown server org.apache.ratis.grpc.server.GrpcClientProtocolService now
2023-12-01 12:04:20,037 [a78ad617-b5b5-46fb-9003-310abdef56ad@group-DEFFDE7C9D9F-StateMachineUpdater] INFO  ratis.ContainerStateMachine (ContainerStateMachine.java:takeSnapshot(337)) - group-DEFFDE7C9D9F: Taking a snapshot at:(t:1, i:0) file /home/runner/work/ozone/ozone/hadoop-ozone/integration-test/target/test-dir/MiniOzoneClusterImpl-d99da5cf-54e3-4304-baea-1cefc2b4c4dc/datanode-3/data/ratis/2b4dd9e6-4792-4511-8b8f-deffde7c9d9f/sm/snapshot.1_0
2023-12-01 12:04:20,038 [a78ad617-b5b5-46fb-9003-310abdef56ad-impl-thread3] INFO  impl.StateMachineUpdater (StateMachineUpdater.java:stopAndJoin(157)) - a78ad617-b5b5-46fb-9003-310abdef56ad@group-DEFFDE7C9D9F-StateMachineUpdater: set stopIndex = 0
2023-12-01 12:04:20,040 [a2bf02b8-7760-44e6-b399-ad4429aacfa0-impl-thread3] INFO  server.RaftServer$Division (RaftServerImpl.java:lambda$close$3(516)) - a2bf02b8-7760-44e6-b399-ad4429aacfa0@group-3FFCFFD79986: shutdown
2023-12-01 12:04:20,040 [a2bf02b8-7760-44e6-b399-ad4429aacfa0-impl-thread3] INFO  util.JmxRegister (JmxRegister.java:unregister(73)) - Successfully un-registered JMX Bean with object name Ratis:service=RaftServer,group=group-3FFCFFD79986,id=a2bf02b8-7760-44e6-b399-ad4429aacfa0
2023-12-01 12:04:20,040 [a2bf02b8-7760-44e6-b399-ad4429aacfa0-impl-thread3] INFO  impl.RoleInfo (RoleInfo.java:shutdownFollowerState(110)) - a2bf02b8-7760-44e6-b399-ad4429aacfa0: shutdown a2bf02b8-7760-44e6-b399-ad4429aacfa0@group-3FFCFFD79986-FollowerState
2023-12-01 12:04:20,041 [a2bf02b8-7760-44e6-b399-ad4429aacfa0-impl-thread3] INFO  impl.StateMachineUpdater (StateMachineUpdater.java:stopAndJoin(157)) - a2bf02b8-7760-44e6-b399-ad4429aacfa0@group-3FFCFFD79986-StateMachineUpdater: set stopIndex = -1
2023-12-01 12:04:20,041 [a2bf02b8-7760-44e6-b399-ad4429aacfa0@group-3FFCFFD79986-FollowerState] INFO  impl.FollowerState (FollowerState.java:run(152)) - a2bf02b8-7760-44e6-b399-ad4429aacfa0@group-3FFCFFD79986-FollowerState was interrupted
2023-12-01 12:04:20,042 [a2bf02b8-7760-44e6-b399-ad4429aacfa0-impl-thread3] INFO  server.RaftServer$Division (ServerState.java:close(423)) - a2bf02b8-7760-44e6-b399-ad4429aacfa0@group-3FFCFFD79986: applyIndex: -1
2023-12-01 12:04:20,042 [grpc-default-executor-7] INFO  server.GrpcServerProtocolService (GrpcServerProtocolService.java:onCompleted(157)) - 9e3b9079-4dd1-4962-964a-dfdeb60592bf: Completed APPEND_ENTRIES, lastRequest: null
2023-12-01 12:04:20,043 [grpc-default-executor-7] INFO  server.GrpcServerProtocolService (GrpcServerProtocolService.java:lambda$onCompleted$5(159)) - 9e3b9079-4dd1-4962-964a-dfdeb60592bf: Completed APPEND_ENTRIES, lastReply: serverReply {
  requestorId: "a78ad617-b5b5-46fb-9003-310abdef56ad"
  replyId: "9e3b9079-4dd1-4962-964a-dfdeb60592bf"
  raftGroupId {
    id: "+M\331\346G\222E\021\213\217\336\377\336|\235\237"
  }
  success: true
}
term: 1
followerCommit: 18446744073709551615
matchIndex: 18446744073709551615
isHearbeat: true

2023-12-01 12:04:20,043 [grpc-default-executor-1] INFO  server.GrpcLogAppender (GrpcLogAppender.java:onError(457)) - a78ad617-b5b5-46fb-9003-310abdef56ad@group-DEFFDE7C9D9F->6dc608fe-50aa-407f-b4f0-db1c149f31c2-GrpcLogAppender is already stopped
2023-12-01 12:04:20,045 [grpc-default-executor-1] INFO  server.GrpcLogAppender (GrpcLogAppender.java:onError(457)) - a78ad617-b5b5-46fb-9003-310abdef56ad@group-DEFFDE7C9D9F->6dc608fe-50aa-407f-b4f0-db1c149f31c2-GrpcLogAppender is already stopped
2023-12-01 12:04:20,048 [a78ad617-b5b5-46fb-9003-310abdef56ad-impl-thread4] INFO  impl.StateMachineUpdater (StateMachineUpdater.java:stopAndJoin(157)) - a78ad617-b5b5-46fb-9003-310abdef56ad@group-49DA23575FB0-StateMachineUpdater: set stopIndex = -1
2023-12-01 12:04:20,048 [a78ad617-b5b5-46fb-9003-310abdef56ad@group-49DA23575FB0-FollowerState] INFO  impl.FollowerState (FollowerState.java:run(152)) - a78ad617-b5b5-46fb-9003-310abdef56ad@group-49DA23575FB0-FollowerState was interrupted
2023-12-01 12:04:20,048 [a2bf02b8-7760-44e6-b399-ad4429aacfa0-impl-thread2] INFO  impl.StateMachineUpdater (StateMachineUpdater.java:stopAndJoin(157)) - a2bf02b8-7760-44e6-b399-ad4429aacfa0@group-18C264C89AAE-StateMachineUpdater: set stopIndex = -1
2023-12-01 12:04:20,048 [a2bf02b8-7760-44e6-b399-ad4429aacfa0-impl-thread2] INFO  server.RaftServer$Division (ServerState.java:close(423)) - a2bf02b8-7760-44e6-b399-ad4429aacfa0@group-18C264C89AAE: applyIndex: -1
2023-12-01 12:04:20,048 [a2bf02b8-7760-44e6-b399-ad4429aacfa0@group-18C264C89AAE-FollowerState] INFO  impl.FollowerState (FollowerState.java:run(152)) - a2bf02b8-7760-44e6-b399-ad4429aacfa0@group-18C264C89AAE-FollowerState was interrupted
2023-12-01 12:04:20,048 [a2bf02b8-7760-44e6-b399-ad4429aacfa0@group-18C264C89AAE-cacheEviction-AwaitToRun] INFO  util.AwaitToRun (AwaitToRun.java:run(49)) - a2bf02b8-7760-44e6-b399-ad4429aacfa0@group-18C264C89AAE-cacheEviction-AwaitToRun-AwaitForSignal is interrupted
2023-12-01 12:04:20,049 [9e3b9079-4dd1-4962-964a-dfdeb60592bf-impl-thread1] INFO  impl.StateMachineUpdater (StateMachineUpdater.java:stopAndJoin(157)) - 9e3b9079-4dd1-4962-964a-dfdeb60592bf@group-CEB7BF5298CA-StateMachineUpdater: set stopIndex = -1
2023-12-01 12:04:20,050 [ForkJoinPool.commonPool-worker-1] INFO  server.GrpcService (GrpcService.java:closeImpl(320)) - 144aaeee-fb04-48fb-9b63-1a6b7587bad5: shutdown server GrpcServerProtocolService successfully
2023-12-01 12:04:20,050 [9e3b9079-4dd1-4962-964a-dfdeb60592bf-impl-thread2] INFO  server.RaftServer$Division (RaftServerImpl.java:lambda$close$3(516)) - 9e3b9079-4dd1-4962-964a-dfdeb60592bf@group-DF74C210C5F0: shutdown
2023-12-01 12:04:20,050 [ForkJoinPool.commonPool-worker-1] INFO  server.GrpcService (GrpcService.java:closeImpl(311)) - 144aaeee-fb04-48fb-9b63-1a6b7587bad5: shutdown server org.apache.ratis.grpc.server.GrpcAdminProtocolService now
2023-12-01 12:04:20,050 [ForkJoinPool.commonPool-worker-2] INFO  server.GrpcService (GrpcService.java:closeImpl(311)) - 9e3b9079-4dd1-4962-964a-dfdeb60592bf: shutdown server org.apache.ratis.grpc.server.GrpcClientProtocolService now
2023-12-01 12:04:20,050 [9e3b9079-4dd1-4962-964a-dfdeb60592bf-impl-thread4] INFO  server.RaftServer$Division (RaftServerImpl.java:lambda$close$3(516)) - 9e3b9079-4dd1-4962-964a-dfdeb60592bf@group-49DA23575FB0: shutdown
2023-12-01 12:04:20,050 [a78ad617-b5b5-46fb-9003-310abdef56ad-impl-thread4] INFO  server.RaftServer$Division (ServerState.java:close(423)) - a78ad617-b5b5-46fb-9003-310abdef56ad@group-49DA23575FB0: applyIndex: -1
2023-12-01 12:04:20,050 [a78ad617-b5b5-46fb-9003-310abdef56ad@group-49DA23575FB0-cacheEviction-AwaitToRun] INFO  util.AwaitToRun (AwaitToRun.java:run(49)) - a78ad617-b5b5-46fb-9003-310abdef56ad@group-49DA23575FB0-cacheEviction-AwaitToRun-AwaitForSignal is interrupted
2023-12-01 12:04:20,050 [9e3b9079-4dd1-4962-964a-dfdeb60592bf-impl-thread1] INFO  server.RaftServer$Division (ServerState.java:close(423)) - 9e3b9079-4dd1-4962-964a-dfdeb60592bf@group-CEB7BF5298CA: applyIndex: -1
2023-12-01 12:04:20,051 [9e3b9079-4dd1-4962-964a-dfdeb60592bf-impl-thread2] INFO  util.JmxRegister (JmxRegister.java:unregister(73)) - Successfully un-registered JMX Bean with object name Ratis:service=RaftServer,group=group-DF74C210C5F0,id=9e3b9079-4dd1-4962-964a-dfdeb60592bf
2023-12-01 12:04:20,051 [9e3b9079-4dd1-4962-964a-dfdeb60592bf-impl-thread2] INFO  impl.RoleInfo (RoleInfo.java:shutdownLeaderState(94)) - 9e3b9079-4dd1-4962-964a-dfdeb60592bf: shutdown 9e3b9079-4dd1-4962-964a-dfdeb60592bf@group-DF74C210C5F0-LeaderStateImpl
2023-12-01 12:04:20,050 [9e3b9079-4dd1-4962-964a-dfdeb60592bf-impl-thread4] INFO  util.JmxRegister (JmxRegister.java:unregister(73)) - Successfully un-registered JMX Bean with object name Ratis:service=RaftServer,group=group-49DA23575FB0,id=9e3b9079-4dd1-4962-964a-dfdeb60592bf
2023-12-01 12:04:20,051 [9e3b9079-4dd1-4962-964a-dfdeb60592bf-impl-thread2] INFO  impl.PendingRequests (PendingRequests.java:sendNotLeaderResponses(289)) - 9e3b9079-4dd1-4962-964a-dfdeb60592bf@group-DF74C210C5F0-PendingRequests: sendNotLeaderResponses
2023-12-01 12:04:20,051 [9e3b9079-4dd1-4962-964a-dfdeb60592bf-impl-thread3] INFO  server.RaftServer$Division (RaftServerImpl.java:lambda$close$3(516)) - 9e3b9079-4dd1-4962-964a-dfdeb60592bf@group-DEFFDE7C9D9F: shutdown
2023-12-01 12:04:20,050 [ForkJoinPool.commonPool-worker-6] INFO  server.GrpcService (GrpcService.java:closeImpl(320)) - a2bf02b8-7760-44e6-b399-ad4429aacfa0: shutdown server org.apache.ratis.grpc.server.GrpcClientProtocolService successfully
2023-12-01 12:04:20,051 [9e3b9079-4dd1-4962-964a-dfdeb60592bf@group-CEB7BF5298CA-FollowerState] INFO  impl.FollowerState (FollowerState.java:run(152)) - 9e3b9079-4dd1-4962-964a-dfdeb60592bf@group-CEB7BF5298CA-FollowerState was interrupted
2023-12-01 12:04:20,051 [9e3b9079-4dd1-4962-964a-dfdeb60592bf-impl-thread3] INFO  util.JmxRegister (JmxRegister.java:unregister(73)) - Successfully un-registered JMX Bean with object name Ratis:service=RaftServer,group=group-DEFFDE7C9D9F,id=9e3b9079-4dd1-4962-964a-dfdeb60592bf
2023-12-01 12:04:20,051 [9e3b9079-4dd1-4962-964a-dfdeb60592bf-impl-thread3] INFO  impl.RoleInfo (RoleInfo.java:shutdownFollowerState(110)) - 9e3b9079-4dd1-4962-964a-dfdeb60592bf: shutdown 9e3b9079-4dd1-4962-964a-dfdeb60592bf@group-DEFFDE7C9D9F-FollowerState
2023-12-01 12:04:20,051 [9e3b9079-4dd1-4962-964a-dfdeb60592bf@group-DEFFDE7C9D9F-FollowerState] INFO  impl.FollowerState (FollowerState.java:run(152)) - 9e3b9079-4dd1-4962-964a-dfdeb60592bf@group-DEFFDE7C9D9F-FollowerState was interrupted
2023-12-01 12:04:20,052 [9e3b9079-4dd1-4962-964a-dfdeb60592bf-impl-thread3] INFO  impl.StateMachineUpdater (StateMachineUpdater.java:stopAndJoin(157)) - 9e3b9079-4dd1-4962-964a-dfdeb60592bf@group-DEFFDE7C9D9F-StateMachineUpdater: set stopIndex = -1
2023-12-01 12:04:20,053 [9e3b9079-4dd1-4962-964a-dfdeb60592bf@group-DF74C210C5F0-StateMachineUpdater] INFO  ratis.ContainerStateMachine (ContainerStateMachine.java:takeSnapshot(337)) - group-DF74C210C5F0: Taking a snapshot at:(t:1, i:0) file /home/runner/work/ozone/ozone/hadoop-ozone/integration-test/target/test-dir/MiniOzoneClusterImpl-d99da5cf-54e3-4304-baea-1cefc2b4c4dc/datanode-4/data/ratis/89277692-41ac-4053-95e7-df74c210c5f0/sm/snapshot.1_0
2023-12-01 12:04:20,054 [a2bf02b8-7760-44e6-b399-ad4429aacfa0@group-3FFCFFD79986-cacheEviction-AwaitToRun] INFO  util.AwaitToRun (AwaitToRun.java:run(49)) - a2bf02b8-7760-44e6-b399-ad4429aacfa0@group-3FFCFFD79986-cacheEviction-AwaitToRun-AwaitForSignal is interrupted
2023-12-01 12:04:20,055 [9e3b9079-4dd1-4962-964a-dfdeb60592bf-impl-thread3] INFO  server.RaftServer$Division (ServerState.java:close(423)) - 9e3b9079-4dd1-4962-964a-dfdeb60592bf@group-DEFFDE7C9D9F: applyIndex: -1
2023-12-01 12:04:20,051 [9e3b9079-4dd1-4962-964a-dfdeb60592bf-impl-thread2] INFO  impl.StateMachineUpdater (StateMachineUpdater.java:stopAndJoin(157)) - 9e3b9079-4dd1-4962-964a-dfdeb60592bf@group-DF74C210C5F0-StateMachineUpdater: set stopIndex = 0
2023-12-01 12:04:20,051 [ForkJoinPool.commonPool-worker-6] INFO  server.GrpcService (GrpcService.java:closeImpl(311)) - a2bf02b8-7760-44e6-b399-ad4429aacfa0: shutdown server GrpcServerProtocolService now
2023-12-01 12:04:20,056 [grpc-default-executor-6] INFO  server.GrpcLogAppender (GrpcLogAppender.java:onCompleted(469)) - a78ad617-b5b5-46fb-9003-310abdef56ad@group-DEFFDE7C9D9F->9e3b9079-4dd1-4962-964a-dfdeb60592bf-AppendLogResponseHandler: follower responses appendEntries COMPLETED
2023-12-01 12:04:20,051 [9e3b9079-4dd1-4962-964a-dfdeb60592bf-impl-thread4] INFO  impl.RoleInfo (RoleInfo.java:shutdownFollowerState(110)) - 9e3b9079-4dd1-4962-964a-dfdeb60592bf: shutdown 9e3b9079-4dd1-4962-964a-dfdeb60592bf@group-49DA23575FB0-FollowerState
2023-12-01 12:04:20,056 [9e3b9079-4dd1-4962-964a-dfdeb60592bf@group-CEB7BF5298CA-cacheEviction-AwaitToRun] INFO  util.AwaitToRun (AwaitToRun.java:run(49)) - 9e3b9079-4dd1-4962-964a-dfdeb60592bf@group-CEB7BF5298CA-cacheEviction-AwaitToRun-AwaitForSignal is interrupted
2023-12-01 12:04:20,056 [9e3b9079-4dd1-4962-964a-dfdeb60592bf@group-DEFFDE7C9D9F-cacheEviction-AwaitToRun] INFO  util.AwaitToRun (AwaitToRun.java:run(49)) - 9e3b9079-4dd1-4962-964a-dfdeb60592bf@group-DEFFDE7C9D9F-cacheEviction-AwaitToRun-AwaitForSignal is interrupted
2023-12-01 12:04:20,057 [9e3b9079-4dd1-4962-964a-dfdeb60592bf-impl-thread4] INFO  impl.StateMachineUpdater (StateMachineUpdater.java:stopAndJoin(157)) - 9e3b9079-4dd1-4962-964a-dfdeb60592bf@group-49DA23575FB0-StateMachineUpdater: set stopIndex = -1
2023-12-01 12:04:20,057 [grpc-default-executor-6] WARN  server.GrpcLogAppender (GrpcLogAppender.java:resetClient(149)) - a78ad617-b5b5-46fb-9003-310abdef56ad@group-DEFFDE7C9D9F->9e3b9079-4dd1-4962-964a-dfdeb60592bf-GrpcLogAppender: Failed to getClient for 9e3b9079-4dd1-4962-964a-dfdeb60592bf
org.apache.ratis.protocol.exceptions.AlreadyClosedException: a78ad617-b5b5-46fb-9003-310abdef56ad is already CLOSED
	at org.apache.ratis.util.PeerProxyMap$PeerAndProxy.getProxy(PeerProxyMap.java:61)
	at org.apache.ratis.util.PeerProxyMap.getProxy(PeerProxyMap.java:110)
	at org.apache.ratis.grpc.server.GrpcLogAppender.getClient(GrpcLogAppender.java:121)
	at org.apache.ratis.grpc.server.GrpcLogAppender.resetClient(GrpcLogAppender.java:126)
	at org.apache.ratis.grpc.server.GrpcLogAppender.access$800(GrpcLogAppender.java:61)
	at org.apache.ratis.grpc.server.GrpcLogAppender$AppendLogResponseHandler.onCompleted(GrpcLogAppender.java:471)
	at org.apache.ratis.thirdparty.io.grpc.stub.ClientCalls$StreamObserverToCallListenerAdapter.onClose(ClientCalls.java:479)
	at org.apache.ratis.thirdparty.io.grpc.internal.DelayedClientCall$DelayedListener$3.run(DelayedClientCall.java:489)
	at org.apache.ratis.thirdparty.io.grpc.internal.DelayedClientCall$DelayedListener.delayOrExecute(DelayedClientCall.java:453)
	at org.apache.ratis.thirdparty.io.grpc.internal.DelayedClientCall$DelayedListener.onClose(DelayedClientCall.java:486)
	at org.apache.ratis.thirdparty.io.grpc.internal.ClientCallImpl.closeObserver(ClientCallImpl.java:567)
	at org.apache.ratis.thirdparty.io.grpc.internal.ClientCallImpl.access$300(ClientCallImpl.java:71)
	at org.apache.ratis.thirdparty.io.grpc.internal.ClientCallImpl$ClientStreamListenerImpl$1StreamClosed.runInternal(ClientCallImpl.java:735)
	at org.apache.ratis.thirdparty.io.grpc.internal.ClientCallImpl$ClientStreamListenerImpl$1StreamClosed.runInContext(ClientCallImpl.java:716)
	at org.apache.ratis.thirdparty.io.grpc.internal.ContextRunnable.run(ContextRunnable.java:37)
	at org.apache.ratis.thirdparty.io.grpc.internal.SerializingExecutor.run(SerializingExecutor.java:133)
	at java.util.concurrent.ThreadPoolExecutor.runWorker(ThreadPoolExecutor.java:1149)
	at java.util.concurrent.ThreadPoolExecutor$Worker.run(ThreadPoolExecutor.java:624)
	at java.lang.Thread.run(Thread.java:750)
2023-12-01 12:04:20,058 [ForkJoinPool.commonPool-worker-3] INFO  server.GrpcService (GrpcService.java:closeImpl(320)) - 6dc608fe-50aa-407f-b4f0-db1c149f31c2: shutdown server GrpcServerProtocolService successfully
2023-12-01 12:04:20,058 [ForkJoinPool.commonPool-worker-3] INFO  server.GrpcService (GrpcService.java:closeImpl(311)) - 6dc608fe-50aa-407f-b4f0-db1c149f31c2: shutdown server org.apache.ratis.grpc.server.GrpcAdminProtocolService now
2023-12-01 12:04:20,057 [9e3b9079-4dd1-4962-964a-dfdeb60592bf@group-49DA23575FB0-FollowerState] INFO  impl.FollowerState (FollowerState.java:run(152)) - 9e3b9079-4dd1-4962-964a-dfdeb60592bf@group-49DA23575FB0-FollowerState was interrupted
2023-12-01 12:04:20,057 [Thread-591] INFO  server.GrpcServerProtocolClient (GrpcServerProtocolClient.java:close(103)) - a78ad617-b5b5-46fb-9003-310abdef56ad Close channels
2023-12-01 12:04:20,059 [Thread-596] INFO  server.GrpcServerProtocolClient (GrpcServerProtocolClient.java:close(103)) - 6dc608fe-50aa-407f-b4f0-db1c149f31c2 Close channels
2023-12-01 12:04:20,059 [9e3b9079-4dd1-4962-964a-dfdeb60592bf-impl-thread4] INFO  server.RaftServer$Division (ServerState.java:close(423)) - 9e3b9079-4dd1-4962-964a-dfdeb60592bf@group-49DA23575FB0: applyIndex: -1
2023-12-01 12:04:20,059 [9e3b9079-4dd1-4962-964a-dfdeb60592bf@group-49DA23575FB0-cacheEviction-AwaitToRun] INFO  util.AwaitToRun (AwaitToRun.java:run(49)) - 9e3b9079-4dd1-4962-964a-dfdeb60592bf@group-49DA23575FB0-cacheEviction-AwaitToRun-AwaitForSignal is interrupted
2023-12-01 12:04:20,059 [ForkJoinPool.commonPool-worker-1] INFO  server.GrpcService (GrpcService.java:closeImpl(320)) - 144aaeee-fb04-48fb-9b63-1a6b7587bad5: shutdown server org.apache.ratis.grpc.server.GrpcAdminProtocolService successfully
2023-12-01 12:04:20,060 [grpc-default-executor-7] INFO  server.GrpcLogAppender (GrpcLogAppender.java:onCompleted(469)) - a78ad617-b5b5-46fb-9003-310abdef56ad@group-DEFFDE7C9D9F->9e3b9079-4dd1-4962-964a-dfdeb60592bf-AppendLogResponseHandler: follower responses appendEntries COMPLETED
2023-12-01 12:04:20,060 [144aaeee-fb04-48fb-9b63-1a6b7587bad5-NettyServerStreamRpc-bossGroup--thread1] INFO  logging.LoggingHandler (AbstractInternalLogger.java:log(148)) - [id: 0x893bfcb6, L:/0.0.0.0:15024] CLOSE
2023-12-01 12:04:20,060 [144aaeee-fb04-48fb-9b63-1a6b7587bad5-NettyServerStreamRpc-bossGroup--thread1] INFO  logging.LoggingHandler (AbstractInternalLogger.java:log(148)) - [id: 0x893bfcb6, L:/0.0.0.0:15024] INACTIVE
2023-12-01 12:04:20,060 [144aaeee-fb04-48fb-9b63-1a6b7587bad5-NettyServerStreamRpc-bossGroup--thread1] INFO  logging.LoggingHandler (AbstractInternalLogger.java:log(148)) - [id: 0x893bfcb6, L:/0.0.0.0:15024] UNREGISTERED
2023-12-01 12:04:20,060 [ForkJoinPool.commonPool-worker-0] INFO  server.GrpcService (GrpcService.java:closeImpl(320)) - e4101cf6-f8c4-4d95-a998-136b2bec65e8: shutdown server GrpcServerProtocolService successfully
2023-12-01 12:04:20,060 [grpc-default-executor-7] WARN  server.GrpcLogAppender (GrpcLogAppender.java:resetClient(149)) - a78ad617-b5b5-46fb-9003-310abdef56ad@group-DEFFDE7C9D9F->9e3b9079-4dd1-4962-964a-dfdeb60592bf-GrpcLogAppender: Failed to getClient for 9e3b9079-4dd1-4962-964a-dfdeb60592bf
org.apache.ratis.protocol.exceptions.AlreadyClosedException: a78ad617-b5b5-46fb-9003-310abdef56ad is already CLOSED
	at org.apache.ratis.util.PeerProxyMap$PeerAndProxy.getProxy(PeerProxyMap.java:61)
	at org.apache.ratis.util.PeerProxyMap.getProxy(PeerProxyMap.java:110)
	at org.apache.ratis.grpc.server.GrpcLogAppender.getClient(GrpcLogAppender.java:121)
	at org.apache.ratis.grpc.server.GrpcLogAppender.resetClient(GrpcLogAppender.java:126)
	at org.apache.ratis.grpc.server.GrpcLogAppender.access$800(GrpcLogAppender.java:61)
	at org.apache.ratis.grpc.server.GrpcLogAppender$AppendLogResponseHandler.onCompleted(GrpcLogAppender.java:471)
	at org.apache.ratis.thirdparty.io.grpc.stub.ClientCalls$StreamObserverToCallListenerAdapter.onClose(ClientCalls.java:479)
	at org.apache.ratis.thirdparty.io.grpc.internal.ClientCallImpl.closeObserver(ClientCallImpl.java:567)
	at org.apache.ratis.thirdparty.io.grpc.internal.ClientCallImpl.access$300(ClientCallImpl.java:71)
	at org.apache.ratis.thirdparty.io.grpc.internal.ClientCallImpl$ClientStreamListenerImpl$1StreamClosed.runInternal(ClientCallImpl.java:735)
	at org.apache.ratis.thirdparty.io.grpc.internal.ClientCallImpl$ClientStreamListenerImpl$1StreamClosed.runInContext(ClientCallImpl.java:716)
	at org.apache.ratis.thirdparty.io.grpc.internal.ContextRunnable.run(ContextRunnable.java:37)
	at org.apache.ratis.thirdparty.io.grpc.internal.SerializingExecutor.run(SerializingExecutor.java:133)
	at java.util.concurrent.ThreadPoolExecutor.runWorker(ThreadPoolExecutor.java:1149)
	at java.util.concurrent.ThreadPoolExecutor$Worker.run(ThreadPoolExecutor.java:624)
	at java.lang.Thread.run(Thread.java:750)
2023-12-01 12:04:20,060 [ForkJoinPool.commonPool-worker-0] INFO  server.GrpcService (GrpcService.java:closeImpl(311)) - e4101cf6-f8c4-4d95-a998-136b2bec65e8: shutdown server org.apache.ratis.grpc.server.GrpcAdminProtocolService now
2023-12-01 12:04:20,061 [main] INFO  server.GrpcService (GrpcService.java:closeImpl(320)) - a78ad617-b5b5-46fb-9003-310abdef56ad: shutdown server org.apache.ratis.grpc.server.GrpcClientProtocolService successfully
2023-12-01 12:04:20,062 [main] INFO  server.GrpcService (GrpcService.java:closeImpl(311)) - a78ad617-b5b5-46fb-9003-310abdef56ad: shutdown server GrpcServerProtocolService now
2023-12-01 12:04:20,062 [6dc608fe-50aa-407f-b4f0-db1c149f31c2@group-CEB7BF5298CA-StateMachineUpdater] INFO  ratis.ContainerStateMachine (ContainerStateMachine.java:takeSnapshot(348)) - group-CEB7BF5298CA: Finished taking a snapshot at:(t:1, i:0) file:/home/runner/work/ozone/ozone/hadoop-ozone/integration-test/target/test-dir/MiniOzoneClusterImpl-d99da5cf-54e3-4304-baea-1cefc2b4c4dc/datanode-5/data/ratis/45f2c43b-d253-4e78-85ad-ceb7bf5298ca/sm/snapshot.1_0 took: 70 ms
2023-12-01 12:04:20,062 [144aaeee-fb04-48fb-9b63-1a6b7587bad5@group-57DB51F0C6F8-StateMachineUpdater] INFO  ratis.ContainerStateMachine (ContainerStateMachine.java:takeSnapshot(348)) - group-57DB51F0C6F8: Finished taking a snapshot at:(t:1, i:0) file:/home/runner/work/ozone/ozone/hadoop-ozone/integration-test/target/test-dir/MiniOzoneClusterImpl-d99da5cf-54e3-4304-baea-1cefc2b4c4dc/datanode-1/data/ratis/4b25aa6f-6d09-4605-aaaa-57db51f0c6f8/sm/snapshot.1_0 took: 69 ms
2023-12-01 12:04:20,062 [a78ad617-b5b5-46fb-9003-310abdef56ad@group-DEFFDE7C9D9F-StateMachineUpdater] INFO  ratis.ContainerStateMachine (ContainerStateMachine.java:takeSnapshot(348)) - group-DEFFDE7C9D9F: Finished taking a snapshot at:(t:1, i:0) file:/home/runner/work/ozone/ozone/hadoop-ozone/integration-test/target/test-dir/MiniOzoneClusterImpl-d99da5cf-54e3-4304-baea-1cefc2b4c4dc/datanode-3/data/ratis/2b4dd9e6-4792-4511-8b8f-deffde7c9d9f/sm/snapshot.1_0 took: 25 ms
2023-12-01 12:04:20,062 [6dc608fe-50aa-407f-b4f0-db1c149f31c2@group-7E5BD0AD8A5B-StateMachineUpdater] INFO  ratis.ContainerStateMachine (ContainerStateMachine.java:takeSnapshot(348)) - group-7E5BD0AD8A5B: Finished taking a snapshot at:(t:1, i:0) file:/home/runner/work/ozone/ozone/hadoop-ozone/integration-test/target/test-dir/MiniOzoneClusterImpl-d99da5cf-54e3-4304-baea-1cefc2b4c4dc/datanode-5/data/ratis/abee9559-c5ac-4bb3-bb05-7e5bd0ad8a5b/sm/snapshot.1_0 took: 80 ms
2023-12-01 12:04:20,062 [a78ad617-b5b5-46fb-9003-310abdef56ad@group-B846DEF2E57E-StateMachineUpdater] INFO  ratis.ContainerStateMachine (ContainerStateMachine.java:takeSnapshot(348)) - group-B846DEF2E57E: Finished taking a snapshot at:(t:1, i:0) file:/home/runner/work/ozone/ozone/hadoop-ozone/integration-test/target/test-dir/MiniOzoneClusterImpl-d99da5cf-54e3-4304-baea-1cefc2b4c4dc/datanode-3/data/ratis/f357c32d-da3c-4b0e-a1f7-b846def2e57e/sm/snapshot.1_0 took: 45 ms
2023-12-01 12:04:20,063 [e4101cf6-f8c4-4d95-a998-136b2bec65e8@group-3FFCFFD79986-StateMachineUpdater] INFO  ratis.ContainerStateMachine (ContainerStateMachine.java:takeSnapshot(348)) - group-3FFCFFD79986: Finished taking a snapshot at:(t:1, i:0) file:/home/runner/work/ozone/ozone/hadoop-ozone/integration-test/target/test-dir/MiniOzoneClusterImpl-d99da5cf-54e3-4304-baea-1cefc2b4c4dc/datanode-0/data/ratis/6b4773d7-470c-4514-b2ab-3ffcffd79986/sm/snapshot.1_0 took: 70 ms
2023-12-01 12:04:20,063 [6dc608fe-50aa-407f-b4f0-db1c149f31c2@group-CEB7BF5298CA-StateMachineUpdater] INFO  impl.StateMachineUpdater (StateMachineUpdater.java:takeSnapshot(295)) - 6dc608fe-50aa-407f-b4f0-db1c149f31c2@group-CEB7BF5298CA-StateMachineUpdater: Took a snapshot at index 0
2023-12-01 12:04:20,063 [6dc608fe-50aa-407f-b4f0-db1c149f31c2@group-CEB7BF5298CA-StateMachineUpdater] INFO  impl.StateMachineUpdater (StateMachineUpdater.java:lambda$new$0(98)) - 6dc608fe-50aa-407f-b4f0-db1c149f31c2@group-CEB7BF5298CA-StateMachineUpdater: snapshotIndex: updateIncreasingly -1 -> 0
2023-12-01 12:04:20,063 [a78ad617-b5b5-46fb-9003-310abdef56ad@group-B846DEF2E57E-StateMachineUpdater] INFO  impl.StateMachineUpdater (StateMachineUpdater.java:takeSnapshot(295)) - a78ad617-b5b5-46fb-9003-310abdef56ad@group-B846DEF2E57E-StateMachineUpdater: Took a snapshot at index 0
2023-12-01 12:04:20,063 [a78ad617-b5b5-46fb-9003-310abdef56ad@group-B846DEF2E57E-StateMachineUpdater] INFO  impl.StateMachineUpdater (StateMachineUpdater.java:lambda$new$0(98)) - a78ad617-b5b5-46fb-9003-310abdef56ad@group-B846DEF2E57E-StateMachineUpdater: snapshotIndex: updateIncreasingly -1 -> 0
2023-12-01 12:04:20,063 [e4101cf6-f8c4-4d95-a998-136b2bec65e8@group-BA3FA9F3B49F-StateMachineUpdater] INFO  ratis.ContainerStateMachine (ContainerStateMachine.java:takeSnapshot(348)) - group-BA3FA9F3B49F: Finished taking a snapshot at:(t:1, i:0) file:/home/runner/work/ozone/ozone/hadoop-ozone/integration-test/target/test-dir/MiniOzoneClusterImpl-d99da5cf-54e3-4304-baea-1cefc2b4c4dc/datanode-0/data/ratis/0aef8b74-4ee2-4896-9159-ba3fa9f3b49f/sm/snapshot.1_0 took: 71 ms
2023-12-01 12:04:20,064 [e4101cf6-f8c4-4d95-a998-136b2bec65e8@group-BA3FA9F3B49F-StateMachineUpdater] INFO  impl.StateMachineUpdater (StateMachineUpdater.java:takeSnapshot(295)) - e4101cf6-f8c4-4d95-a998-136b2bec65e8@group-BA3FA9F3B49F-StateMachineUpdater: Took a snapshot at index 0
2023-12-01 12:04:20,064 [e4101cf6-f8c4-4d95-a998-136b2bec65e8@group-BA3FA9F3B49F-StateMachineUpdater] INFO  impl.StateMachineUpdater (StateMachineUpdater.java:lambda$new$0(98)) - e4101cf6-f8c4-4d95-a998-136b2bec65e8@group-BA3FA9F3B49F-StateMachineUpdater: snapshotIndex: updateIncreasingly -1 -> 0
2023-12-01 12:04:20,064 [144aaeee-fb04-48fb-9b63-1a6b7587bad5@group-57DB51F0C6F8-StateMachineUpdater] INFO  impl.StateMachineUpdater (StateMachineUpdater.java:takeSnapshot(295)) - 144aaeee-fb04-48fb-9b63-1a6b7587bad5@group-57DB51F0C6F8-StateMachineUpdater: Took a snapshot at index 0
2023-12-01 12:04:20,064 [144aaeee-fb04-48fb-9b63-1a6b7587bad5@group-57DB51F0C6F8-StateMachineUpdater] INFO  impl.StateMachineUpdater (StateMachineUpdater.java:lambda$new$0(98)) - 144aaeee-fb04-48fb-9b63-1a6b7587bad5@group-57DB51F0C6F8-StateMachineUpdater: snapshotIndex: updateIncreasingly -1 -> 0
2023-12-01 12:04:20,063 [144aaeee-fb04-48fb-9b63-1a6b7587bad5@group-18C264C89AAE-StateMachineUpdater] INFO  ratis.ContainerStateMachine (ContainerStateMachine.java:takeSnapshot(348)) - group-18C264C89AAE: Finished taking a snapshot at:(t:1, i:0) file:/home/runner/work/ozone/ozone/hadoop-ozone/integration-test/target/test-dir/MiniOzoneClusterImpl-d99da5cf-54e3-4304-baea-1cefc2b4c4dc/datanode-1/data/ratis/49a703d6-59fd-410f-b41d-18c264c89aae/sm/snapshot.1_0 took: 73 ms
2023-12-01 12:04:20,064 [144aaeee-fb04-48fb-9b63-1a6b7587bad5@group-18C264C89AAE-StateMachineUpdater] INFO  impl.StateMachineUpdater (StateMachineUpdater.java:takeSnapshot(295)) - 144aaeee-fb04-48fb-9b63-1a6b7587bad5@group-18C264C89AAE-StateMachineUpdater: Took a snapshot at index 0
2023-12-01 12:04:20,064 [144aaeee-fb04-48fb-9b63-1a6b7587bad5@group-18C264C89AAE-StateMachineUpdater] INFO  impl.StateMachineUpdater (StateMachineUpdater.java:lambda$new$0(98)) - 144aaeee-fb04-48fb-9b63-1a6b7587bad5@group-18C264C89AAE-StateMachineUpdater: snapshotIndex: updateIncreasingly -1 -> 0
2023-12-01 12:04:20,064 [9e3b9079-4dd1-4962-964a-dfdeb60592bf@group-DF74C210C5F0-StateMachineUpdater] INFO  ratis.ContainerStateMachine (ContainerStateMachine.java:takeSnapshot(348)) - group-DF74C210C5F0: Finished taking a snapshot at:(t:1, i:0) file:/home/runner/work/ozone/ozone/hadoop-ozone/integration-test/target/test-dir/MiniOzoneClusterImpl-d99da5cf-54e3-4304-baea-1cefc2b4c4dc/datanode-4/data/ratis/89277692-41ac-4053-95e7-df74c210c5f0/sm/snapshot.1_0 took: 12 ms
2023-12-01 12:04:20,064 [9e3b9079-4dd1-4962-964a-dfdeb60592bf@group-DF74C210C5F0-StateMachineUpdater] INFO  impl.StateMachineUpdater (StateMachineUpdater.java:takeSnapshot(295)) - 9e3b9079-4dd1-4962-964a-dfdeb60592bf@group-DF74C210C5F0-StateMachineUpdater: Took a snapshot at index 0
2023-12-01 12:04:20,064 [9e3b9079-4dd1-4962-964a-dfdeb60592bf@group-DF74C210C5F0-StateMachineUpdater] INFO  impl.StateMachineUpdater (StateMachineUpdater.java:lambda$new$0(98)) - 9e3b9079-4dd1-4962-964a-dfdeb60592bf@group-DF74C210C5F0-StateMachineUpdater: snapshotIndex: updateIncreasingly -1 -> 0
2023-12-01 12:04:20,066 [6dc608fe-50aa-407f-b4f0-db1c149f31c2-impl-thread2] INFO  server.RaftServer$Division (ServerState.java:close(423)) - 6dc608fe-50aa-407f-b4f0-db1c149f31c2@group-CEB7BF5298CA: applyIndex: 0
2023-12-01 12:04:20,067 [a78ad617-b5b5-46fb-9003-310abdef56ad@group-DEFFDE7C9D9F-StateMachineUpdater] INFO  impl.StateMachineUpdater (StateMachineUpdater.java:takeSnapshot(295)) - a78ad617-b5b5-46fb-9003-310abdef56ad@group-DEFFDE7C9D9F-StateMachineUpdater: Took a snapshot at index 0
2023-12-01 12:04:20,067 [a78ad617-b5b5-46fb-9003-310abdef56ad@group-DEFFDE7C9D9F-StateMachineUpdater] INFO  impl.StateMachineUpdater (StateMachineUpdater.java:lambda$new$0(98)) - a78ad617-b5b5-46fb-9003-310abdef56ad@group-DEFFDE7C9D9F-StateMachineUpdater: snapshotIndex: updateIncreasingly -1 -> 0
2023-12-01 12:04:20,067 [6dc608fe-50aa-407f-b4f0-db1c149f31c2@group-7E5BD0AD8A5B-StateMachineUpdater] INFO  impl.StateMachineUpdater (StateMachineUpdater.java:takeSnapshot(295)) - 6dc608fe-50aa-407f-b4f0-db1c149f31c2@group-7E5BD0AD8A5B-StateMachineUpdater: Took a snapshot at index 0
2023-12-01 12:04:20,067 [6dc608fe-50aa-407f-b4f0-db1c149f31c2@group-7E5BD0AD8A5B-StateMachineUpdater] INFO  impl.StateMachineUpdater (StateMachineUpdater.java:lambda$new$0(98)) - 6dc608fe-50aa-407f-b4f0-db1c149f31c2@group-7E5BD0AD8A5B-StateMachineUpdater: snapshotIndex: updateIncreasingly -1 -> 0
2023-12-01 12:04:20,067 [a78ad617-b5b5-46fb-9003-310abdef56ad-impl-thread3] INFO  server.RaftServer$Division (ServerState.java:close(423)) - a78ad617-b5b5-46fb-9003-310abdef56ad@group-DEFFDE7C9D9F: applyIndex: 0
2023-12-01 12:04:20,067 [6dc608fe-50aa-407f-b4f0-db1c149f31c2-impl-thread1] INFO  server.RaftServer$Division (ServerState.java:close(423)) - 6dc608fe-50aa-407f-b4f0-db1c149f31c2@group-7E5BD0AD8A5B: applyIndex: 0
2023-12-01 12:04:20,063 [e4101cf6-f8c4-4d95-a998-136b2bec65e8@group-3FFCFFD79986-StateMachineUpdater] INFO  impl.StateMachineUpdater (StateMachineUpdater.java:takeSnapshot(295)) - e4101cf6-f8c4-4d95-a998-136b2bec65e8@group-3FFCFFD79986-StateMachineUpdater: Took a snapshot at index 0
2023-12-01 12:04:20,068 [e4101cf6-f8c4-4d95-a998-136b2bec65e8@group-3FFCFFD79986-StateMachineUpdater] INFO  impl.StateMachineUpdater (StateMachineUpdater.java:lambda$new$0(98)) - e4101cf6-f8c4-4d95-a998-136b2bec65e8@group-3FFCFFD79986-StateMachineUpdater: snapshotIndex: updateIncreasingly -1 -> 0
2023-12-01 12:04:20,068 [9e3b9079-4dd1-4962-964a-dfdeb60592bf-impl-thread2] INFO  server.RaftServer$Division (ServerState.java:close(423)) - 9e3b9079-4dd1-4962-964a-dfdeb60592bf@group-DF74C210C5F0: applyIndex: 0
2023-12-01 12:04:20,064 [a2bf02b8-7760-44e6-b399-ad4429aacfa0@group-3B1F69638C0D-StateMachineUpdater] INFO  ratis.ContainerStateMachine (ContainerStateMachine.java:takeSnapshot(348)) - group-3B1F69638C0D: Finished taking a snapshot at:(t:1, i:0) file:/home/runner/work/ozone/ozone/hadoop-ozone/integration-test/target/test-dir/MiniOzoneClusterImpl-d99da5cf-54e3-4304-baea-1cefc2b4c4dc/datanode-2/data/ratis/76ed91d3-0d11-4cfb-a06d-3b1f69638c0d/sm/snapshot.1_0 took: 38 ms
2023-12-01 12:04:20,068 [e4101cf6-f8c4-4d95-a998-136b2bec65e8-impl-thread3] INFO  server.RaftServer$Division (ServerState.java:close(423)) - e4101cf6-f8c4-4d95-a998-136b2bec65e8@group-3FFCFFD79986: applyIndex: 0
2023-12-01 12:04:20,068 [144aaeee-fb04-48fb-9b63-1a6b7587bad5-impl-thread1] INFO  server.RaftServer$Division (ServerState.java:close(423)) - 144aaeee-fb04-48fb-9b63-1a6b7587bad5@group-18C264C89AAE: applyIndex: 0
2023-12-01 12:04:20,068 [a2bf02b8-7760-44e6-b399-ad4429aacfa0@group-3B1F69638C0D-StateMachineUpdater] INFO  impl.StateMachineUpdater (StateMachineUpdater.java:takeSnapshot(295)) - a2bf02b8-7760-44e6-b399-ad4429aacfa0@group-3B1F69638C0D-StateMachineUpdater: Took a snapshot at index 0
2023-12-01 12:04:20,068 [144aaeee-fb04-48fb-9b63-1a6b7587bad5-impl-thread3] INFO  server.RaftServer$Division (ServerState.java:close(423)) - 144aaeee-fb04-48fb-9b63-1a6b7587bad5@group-57DB51F0C6F8: applyIndex: 0
2023-12-01 12:04:20,068 [e4101cf6-f8c4-4d95-a998-136b2bec65e8-impl-thread1] INFO  server.RaftServer$Division (ServerState.java:close(423)) - e4101cf6-f8c4-4d95-a998-136b2bec65e8@group-BA3FA9F3B49F: applyIndex: 0
2023-12-01 12:04:20,068 [a2bf02b8-7760-44e6-b399-ad4429aacfa0@group-3B1F69638C0D-StateMachineUpdater] INFO  impl.StateMachineUpdater (StateMachineUpdater.java:lambda$new$0(98)) - a2bf02b8-7760-44e6-b399-ad4429aacfa0@group-3B1F69638C0D-StateMachineUpdater: snapshotIndex: updateIncreasingly -1 -> 0
2023-12-01 12:04:20,068 [a78ad617-b5b5-46fb-9003-310abdef56ad-impl-thread2] INFO  server.RaftServer$Division (ServerState.java:close(423)) - a78ad617-b5b5-46fb-9003-310abdef56ad@group-B846DEF2E57E: applyIndex: 0
2023-12-01 12:04:20,068 [a2bf02b8-7760-44e6-b399-ad4429aacfa0-impl-thread1] INFO  server.RaftServer$Division (ServerState.java:close(423)) - a2bf02b8-7760-44e6-b399-ad4429aacfa0@group-3B1F69638C0D: applyIndex: 0
2023-12-01 12:04:20,081 [ForkJoinPool.commonPool-worker-2] INFO  server.GrpcService (GrpcService.java:closeImpl(320)) - 9e3b9079-4dd1-4962-964a-dfdeb60592bf: shutdown server org.apache.ratis.grpc.server.GrpcClientProtocolService successfully
2023-12-01 12:04:20,082 [ForkJoinPool.commonPool-worker-2] INFO  server.GrpcService (GrpcService.java:closeImpl(311)) - 9e3b9079-4dd1-4962-964a-dfdeb60592bf: shutdown server GrpcServerProtocolService now
2023-12-01 12:04:20,083 [ForkJoinPool.commonPool-worker-6] INFO  server.GrpcService (GrpcService.java:closeImpl(320)) - a2bf02b8-7760-44e6-b399-ad4429aacfa0: shutdown server GrpcServerProtocolService successfully
2023-12-01 12:04:20,083 [ForkJoinPool.commonPool-worker-6] INFO  server.GrpcService (GrpcService.java:closeImpl(311)) - a2bf02b8-7760-44e6-b399-ad4429aacfa0: shutdown server org.apache.ratis.grpc.server.GrpcAdminProtocolService now
2023-12-01 12:04:20,083 [ForkJoinPool.commonPool-worker-3] INFO  server.GrpcService (GrpcService.java:closeImpl(320)) - 6dc608fe-50aa-407f-b4f0-db1c149f31c2: shutdown server org.apache.ratis.grpc.server.GrpcAdminProtocolService successfully
2023-12-01 12:04:20,083 [6dc608fe-50aa-407f-b4f0-db1c149f31c2-NettyServerStreamRpc-bossGroup--thread1] INFO  logging.LoggingHandler (AbstractInternalLogger.java:log(148)) - [id: 0xcb3966ab, L:/0.0.0.0:15060] CLOSE
2023-12-01 12:04:20,083 [6dc608fe-50aa-407f-b4f0-db1c149f31c2-NettyServerStreamRpc-bossGroup--thread1] INFO  logging.LoggingHandler (AbstractInternalLogger.java:log(148)) - [id: 0xcb3966ab, L:/0.0.0.0:15060] INACTIVE
2023-12-01 12:04:20,084 [a2bf02b8-7760-44e6-b399-ad4429aacfa0@group-3B1F69638C0D-cacheEviction-AwaitToRun] INFO  util.AwaitToRun (AwaitToRun.java:run(49)) - a2bf02b8-7760-44e6-b399-ad4429aacfa0@group-3B1F69638C0D-cacheEviction-AwaitToRun-AwaitForSignal is interrupted
2023-12-01 12:04:20,084 [a78ad617-b5b5-46fb-9003-310abdef56ad@group-B846DEF2E57E-cacheEviction-AwaitToRun] INFO  util.AwaitToRun (AwaitToRun.java:run(49)) - a78ad617-b5b5-46fb-9003-310abdef56ad@group-B846DEF2E57E-cacheEviction-AwaitToRun-AwaitForSignal is interrupted
2023-12-01 12:04:20,084 [6dc608fe-50aa-407f-b4f0-db1c149f31c2-NettyServerStreamRpc-bossGroup--thread1] INFO  logging.LoggingHandler (AbstractInternalLogger.java:log(148)) - [id: 0xcb3966ab, L:/0.0.0.0:15060] UNREGISTERED
2023-12-01 12:04:20,084 [ForkJoinPool.commonPool-worker-6] INFO  server.GrpcService (GrpcService.java:closeImpl(320)) - a2bf02b8-7760-44e6-b399-ad4429aacfa0: shutdown server org.apache.ratis.grpc.server.GrpcAdminProtocolService successfully
2023-12-01 12:04:20,084 [a2bf02b8-7760-44e6-b399-ad4429aacfa0-NettyServerStreamRpc-bossGroup--thread1] INFO  logging.LoggingHandler (AbstractInternalLogger.java:log(148)) - [id: 0xd73c3b29, L:/0.0.0.0:15033] CLOSE
2023-12-01 12:04:20,084 [e4101cf6-f8c4-4d95-a998-136b2bec65e8@group-BA3FA9F3B49F-cacheEviction-AwaitToRun] INFO  util.AwaitToRun (AwaitToRun.java:run(49)) - e4101cf6-f8c4-4d95-a998-136b2bec65e8@group-BA3FA9F3B49F-cacheEviction-AwaitToRun-AwaitForSignal is interrupted
2023-12-01 12:04:20,085 [a2bf02b8-7760-44e6-b399-ad4429aacfa0-NettyServerStreamRpc-bossGroup--thread1] INFO  logging.LoggingHandler (AbstractInternalLogger.java:log(148)) - [id: 0xd73c3b29, L:/0.0.0.0:15033] INACTIVE
2023-12-01 12:04:20,085 [a2bf02b8-7760-44e6-b399-ad4429aacfa0-NettyServerStreamRpc-bossGroup--thread1] INFO  logging.LoggingHandler (AbstractInternalLogger.java:log(148)) - [id: 0xd73c3b29, L:/0.0.0.0:15033] UNREGISTERED
2023-12-01 12:04:20,085 [144aaeee-fb04-48fb-9b63-1a6b7587bad5@group-18C264C89AAE-cacheEviction-AwaitToRun] INFO  util.AwaitToRun (AwaitToRun.java:run(49)) - 144aaeee-fb04-48fb-9b63-1a6b7587bad5@group-18C264C89AAE-cacheEviction-AwaitToRun-AwaitForSignal is interrupted
2023-12-01 12:04:20,084 [144aaeee-fb04-48fb-9b63-1a6b7587bad5@group-57DB51F0C6F8-cacheEviction-AwaitToRun] INFO  util.AwaitToRun (AwaitToRun.java:run(49)) - 144aaeee-fb04-48fb-9b63-1a6b7587bad5@group-57DB51F0C6F8-cacheEviction-AwaitToRun-AwaitForSignal is interrupted
2023-12-01 12:04:20,085 [e4101cf6-f8c4-4d95-a998-136b2bec65e8@group-3FFCFFD79986-cacheEviction-AwaitToRun] INFO  util.AwaitToRun (AwaitToRun.java:run(49)) - e4101cf6-f8c4-4d95-a998-136b2bec65e8@group-3FFCFFD79986-cacheEviction-AwaitToRun-AwaitForSignal is interrupted
2023-12-01 12:04:20,085 [9e3b9079-4dd1-4962-964a-dfdeb60592bf@group-DF74C210C5F0-cacheEviction-AwaitToRun] INFO  util.AwaitToRun (AwaitToRun.java:run(49)) - 9e3b9079-4dd1-4962-964a-dfdeb60592bf@group-DF74C210C5F0-cacheEviction-AwaitToRun-AwaitForSignal is interrupted
2023-12-01 12:04:20,088 [6dc608fe-50aa-407f-b4f0-db1c149f31c2@group-7E5BD0AD8A5B-cacheEviction-AwaitToRun] INFO  util.AwaitToRun (AwaitToRun.java:run(49)) - 6dc608fe-50aa-407f-b4f0-db1c149f31c2@group-7E5BD0AD8A5B-cacheEviction-AwaitToRun-AwaitForSignal is interrupted
2023-12-01 12:04:20,089 [a78ad617-b5b5-46fb-9003-310abdef56ad@group-DEFFDE7C9D9F-cacheEviction-AwaitToRun] INFO  util.AwaitToRun (AwaitToRun.java:run(49)) - a78ad617-b5b5-46fb-9003-310abdef56ad@group-DEFFDE7C9D9F-cacheEviction-AwaitToRun-AwaitForSignal is interrupted
2023-12-01 12:04:20,089 [6dc608fe-50aa-407f-b4f0-db1c149f31c2@group-CEB7BF5298CA-cacheEviction-AwaitToRun] INFO  util.AwaitToRun (AwaitToRun.java:run(49)) - 6dc608fe-50aa-407f-b4f0-db1c149f31c2@group-CEB7BF5298CA-cacheEviction-AwaitToRun-AwaitForSignal is interrupted
2023-12-01 12:04:20,094 [ForkJoinPool.commonPool-worker-2] INFO  server.GrpcService (GrpcService.java:closeImpl(320)) - 9e3b9079-4dd1-4962-964a-dfdeb60592bf: shutdown server GrpcServerProtocolService successfully
2023-12-01 12:04:20,094 [ForkJoinPool.commonPool-worker-2] INFO  server.GrpcService (GrpcService.java:closeImpl(311)) - 9e3b9079-4dd1-4962-964a-dfdeb60592bf: shutdown server org.apache.ratis.grpc.server.GrpcAdminProtocolService now
2023-12-01 12:04:20,096 [ForkJoinPool.commonPool-worker-0] INFO  server.GrpcService (GrpcService.java:closeImpl(320)) - e4101cf6-f8c4-4d95-a998-136b2bec65e8: shutdown server org.apache.ratis.grpc.server.GrpcAdminProtocolService successfully
2023-12-01 12:04:20,096 [e4101cf6-f8c4-4d95-a998-136b2bec65e8-NettyServerStreamRpc-bossGroup--thread1] INFO  logging.LoggingHandler (AbstractInternalLogger.java:log(148)) - [id: 0xde621b9a, L:/0.0.0.0:15015] CLOSE
2023-12-01 12:04:20,098 [e4101cf6-f8c4-4d95-a998-136b2bec65e8-NettyServerStreamRpc-bossGroup--thread1] INFO  logging.LoggingHandler (AbstractInternalLogger.java:log(148)) - [id: 0xde621b9a, L:/0.0.0.0:15015] INACTIVE
2023-12-01 12:04:20,099 [e4101cf6-f8c4-4d95-a998-136b2bec65e8-NettyServerStreamRpc-bossGroup--thread1] INFO  logging.LoggingHandler (AbstractInternalLogger.java:log(148)) - [id: 0xde621b9a, L:/0.0.0.0:15015] UNREGISTERED
2023-12-01 12:04:20,102 [ForkJoinPool.commonPool-worker-2] INFO  server.GrpcService (GrpcService.java:closeImpl(320)) - 9e3b9079-4dd1-4962-964a-dfdeb60592bf: shutdown server org.apache.ratis.grpc.server.GrpcAdminProtocolService successfully
2023-12-01 12:04:20,102 [9e3b9079-4dd1-4962-964a-dfdeb60592bf-NettyServerStreamRpc-bossGroup--thread1] INFO  logging.LoggingHandler (AbstractInternalLogger.java:log(148)) - [id: 0xb6a72a0d, L:/0.0.0.0:15051] CLOSE
2023-12-01 12:04:20,102 [9e3b9079-4dd1-4962-964a-dfdeb60592bf-NettyServerStreamRpc-bossGroup--thread1] INFO  logging.LoggingHandler (AbstractInternalLogger.java:log(148)) - [id: 0xb6a72a0d, L:/0.0.0.0:15051] INACTIVE
2023-12-01 12:04:20,102 [9e3b9079-4dd1-4962-964a-dfdeb60592bf-NettyServerStreamRpc-bossGroup--thread1] INFO  logging.LoggingHandler (AbstractInternalLogger.java:log(148)) - [id: 0xb6a72a0d, L:/0.0.0.0:15051] UNREGISTERED
2023-12-01 12:04:20,108 [main] INFO  server.GrpcService (GrpcService.java:closeImpl(320)) - a78ad617-b5b5-46fb-9003-310abdef56ad: shutdown server GrpcServerProtocolService successfully
2023-12-01 12:04:20,112 [main] INFO  server.GrpcService (GrpcService.java:closeImpl(311)) - a78ad617-b5b5-46fb-9003-310abdef56ad: shutdown server org.apache.ratis.grpc.server.GrpcAdminProtocolService now
2023-12-01 12:04:20,120 [main] INFO  server.GrpcService (GrpcService.java:closeImpl(320)) - a78ad617-b5b5-46fb-9003-310abdef56ad: shutdown server org.apache.ratis.grpc.server.GrpcAdminProtocolService successfully
2023-12-01 12:04:20,120 [a78ad617-b5b5-46fb-9003-310abdef56ad-NettyServerStreamRpc-bossGroup--thread1] INFO  logging.LoggingHandler (AbstractInternalLogger.java:log(148)) - [id: 0x0efb79fe, L:/0.0.0.0:15042] CLOSE
2023-12-01 12:04:20,121 [a78ad617-b5b5-46fb-9003-310abdef56ad-NettyServerStreamRpc-bossGroup--thread1] INFO  logging.LoggingHandler (AbstractInternalLogger.java:log(148)) - [id: 0x0efb79fe, L:/0.0.0.0:15042] INACTIVE
2023-12-01 12:04:20,121 [a78ad617-b5b5-46fb-9003-310abdef56ad-NettyServerStreamRpc-bossGroup--thread1] INFO  logging.LoggingHandler (AbstractInternalLogger.java:log(148)) - [id: 0x0efb79fe, L:/0.0.0.0:15042] UNREGISTERED
2023-12-01 12:04:20,250 [9e3b9079-4dd1-4962-964a-dfdeb60592bf-impl-thread2] INFO  segmented.SegmentedRaftLogWorker (SegmentedRaftLogWorker.java:close(243)) - 9e3b9079-4dd1-4962-964a-dfdeb60592bf@group-DF74C210C5F0-SegmentedRaftLogWorker close()
2023-12-01 12:04:20,278 [9e3b9079-4dd1-4962-964a-dfdeb60592bf-impl-thread4] INFO  segmented.SegmentedRaftLogWorker (SegmentedRaftLogWorker.java:close(243)) - 9e3b9079-4dd1-4962-964a-dfdeb60592bf@group-49DA23575FB0-SegmentedRaftLogWorker close()
2023-12-01 12:04:20,307 [6dc608fe-50aa-407f-b4f0-db1c149f31c2-impl-thread4] INFO  segmented.SegmentedRaftLogWorker (SegmentedRaftLogWorker.java:close(243)) - 6dc608fe-50aa-407f-b4f0-db1c149f31c2@group-49DA23575FB0-SegmentedRaftLogWorker close()
2023-12-01 12:04:20,335 [a78ad617-b5b5-46fb-9003-310abdef56ad-impl-thread4] INFO  segmented.SegmentedRaftLogWorker (SegmentedRaftLogWorker.java:close(243)) - a78ad617-b5b5-46fb-9003-310abdef56ad@group-49DA23575FB0-SegmentedRaftLogWorker close()
2023-12-01 12:04:20,367 [6dc608fe-50aa-407f-b4f0-db1c149f31c2-impl-thread1] INFO  segmented.SegmentedRaftLogWorker (SegmentedRaftLogWorker.java:close(243)) - 6dc608fe-50aa-407f-b4f0-db1c149f31c2@group-7E5BD0AD8A5B-SegmentedRaftLogWorker close()
2023-12-01 12:04:20,482 [144aaeee-fb04-48fb-9b63-1a6b7587bad5-impl-thread1] INFO  segmented.SegmentedRaftLogWorker (SegmentedRaftLogWorker.java:close(243)) - 144aaeee-fb04-48fb-9b63-1a6b7587bad5@group-18C264C89AAE-SegmentedRaftLogWorker close()
2023-12-01 12:04:20,503 [a2bf02b8-7760-44e6-b399-ad4429aacfa0-impl-thread2] INFO  segmented.SegmentedRaftLogWorker (SegmentedRaftLogWorker.java:close(243)) - a2bf02b8-7760-44e6-b399-ad4429aacfa0@group-18C264C89AAE-SegmentedRaftLogWorker close()
2023-12-01 12:04:20,503 [e4101cf6-f8c4-4d95-a998-136b2bec65e8-impl-thread2] INFO  segmented.SegmentedRaftLogWorker (SegmentedRaftLogWorker.java:close(243)) - e4101cf6-f8c4-4d95-a998-136b2bec65e8@group-18C264C89AAE-SegmentedRaftLogWorker close()
2023-12-01 12:04:20,566 [e4101cf6-f8c4-4d95-a998-136b2bec65e8-impl-thread3] INFO  segmented.SegmentedRaftLogWorker (SegmentedRaftLogWorker.java:close(243)) - e4101cf6-f8c4-4d95-a998-136b2bec65e8@group-3FFCFFD79986-SegmentedRaftLogWorker close()
2023-12-01 12:04:20,599 [144aaeee-fb04-48fb-9b63-1a6b7587bad5-impl-thread3] INFO  segmented.SegmentedRaftLogWorker (SegmentedRaftLogWorker.java:close(243)) - 144aaeee-fb04-48fb-9b63-1a6b7587bad5@group-57DB51F0C6F8-SegmentedRaftLogWorker close()
2023-12-01 12:04:20,618 [e4101cf6-f8c4-4d95-a998-136b2bec65e8-impl-thread1] INFO  segmented.SegmentedRaftLogWorker (SegmentedRaftLogWorker.java:close(243)) - e4101cf6-f8c4-4d95-a998-136b2bec65e8@group-BA3FA9F3B49F-SegmentedRaftLogWorker close()
2023-12-01 12:04:20,619 [JvmPauseMonitor2] INFO  util.JvmPauseMonitor (JvmPauseMonitor.java:run(152)) - JvmPauseMonitor-e4101cf6-f8c4-4d95-a998-136b2bec65e8: Stopped
2023-12-01 12:04:20,652 [144aaeee-fb04-48fb-9b63-1a6b7587bad5-impl-thread2] INFO  segmented.SegmentedRaftLogWorker (SegmentedRaftLogWorker.java:close(243)) - 144aaeee-fb04-48fb-9b63-1a6b7587bad5@group-3FFCFFD79986-SegmentedRaftLogWorker close()
2023-12-01 12:04:20,653 [JvmPauseMonitor3] INFO  util.JvmPauseMonitor (JvmPauseMonitor.java:run(152)) - JvmPauseMonitor-144aaeee-fb04-48fb-9b63-1a6b7587bad5: Stopped
2023-12-01 12:04:20,660 [a2bf02b8-7760-44e6-b399-ad4429aacfa0-impl-thread3] INFO  segmented.SegmentedRaftLogWorker (SegmentedRaftLogWorker.java:close(243)) - a2bf02b8-7760-44e6-b399-ad4429aacfa0@group-3FFCFFD79986-SegmentedRaftLogWorker close()
2023-12-01 12:04:20,817 [6dc608fe-50aa-407f-b4f0-db1c149f31c2-impl-thread2] INFO  segmented.SegmentedRaftLogWorker (SegmentedRaftLogWorker.java:close(243)) - 6dc608fe-50aa-407f-b4f0-db1c149f31c2@group-CEB7BF5298CA-SegmentedRaftLogWorker close()
2023-12-01 12:04:20,818 [JvmPauseMonitor7] INFO  util.JvmPauseMonitor (JvmPauseMonitor.java:run(152)) - JvmPauseMonitor-6dc608fe-50aa-407f-b4f0-db1c149f31c2: Stopped
2023-12-01 12:04:20,829 [a78ad617-b5b5-46fb-9003-310abdef56ad-impl-thread1] INFO  segmented.SegmentedRaftLogWorker (SegmentedRaftLogWorker.java:close(243)) - a78ad617-b5b5-46fb-9003-310abdef56ad@group-CEB7BF5298CA-SegmentedRaftLogWorker close()
2023-12-01 12:04:20,830 [9e3b9079-4dd1-4962-964a-dfdeb60592bf-impl-thread1] INFO  segmented.SegmentedRaftLogWorker (SegmentedRaftLogWorker.java:close(243)) - 9e3b9079-4dd1-4962-964a-dfdeb60592bf@group-CEB7BF5298CA-SegmentedRaftLogWorker close()
2023-12-01 12:04:20,911 [a2bf02b8-7760-44e6-b399-ad4429aacfa0-impl-thread1] INFO  segmented.SegmentedRaftLogWorker (SegmentedRaftLogWorker.java:close(243)) - a2bf02b8-7760-44e6-b399-ad4429aacfa0@group-3B1F69638C0D-SegmentedRaftLogWorker close()
2023-12-01 12:04:20,912 [JvmPauseMonitor4] INFO  util.JvmPauseMonitor (JvmPauseMonitor.java:run(152)) - JvmPauseMonitor-a2bf02b8-7760-44e6-b399-ad4429aacfa0: Stopped
2023-12-01 12:04:20,978 [a78ad617-b5b5-46fb-9003-310abdef56ad-impl-thread3] INFO  segmented.SegmentedRaftLogWorker (SegmentedRaftLogWorker.java:close(243)) - a78ad617-b5b5-46fb-9003-310abdef56ad@group-DEFFDE7C9D9F-SegmentedRaftLogWorker close()
2023-12-01 12:04:21,008 [9e3b9079-4dd1-4962-964a-dfdeb60592bf-impl-thread3] INFO  segmented.SegmentedRaftLogWorker (SegmentedRaftLogWorker.java:close(243)) - 9e3b9079-4dd1-4962-964a-dfdeb60592bf@group-DEFFDE7C9D9F-SegmentedRaftLogWorker close()
2023-12-01 12:04:21,009 [JvmPauseMonitor6] INFO  util.JvmPauseMonitor (JvmPauseMonitor.java:run(152)) - JvmPauseMonitor-9e3b9079-4dd1-4962-964a-dfdeb60592bf: Stopped
2023-12-01 12:04:21,036 [a78ad617-b5b5-46fb-9003-310abdef56ad-impl-thread2] INFO  segmented.SegmentedRaftLogWorker (SegmentedRaftLogWorker.java:close(243)) - a78ad617-b5b5-46fb-9003-310abdef56ad@group-B846DEF2E57E-SegmentedRaftLogWorker close()
2023-12-01 12:04:21,036 [JvmPauseMonitor5] INFO  util.JvmPauseMonitor (JvmPauseMonitor.java:run(152)) - JvmPauseMonitor-a78ad617-b5b5-46fb-9003-310abdef56ad: Stopped
2023-12-01 12:04:22,633 [ForkJoinPool.commonPool-worker-0] INFO  utils.DatanodeStoreCache (DatanodeStoreCache.java:shutdownCache(110)) - Skip clearing cache in mini cluster mode. Entries left: [/home/runner/work/ozone/ozone/hadoop-ozone/integration-test/target/test-dir/MiniOzoneClusterImpl-d99da5cf-54e3-4304-baea-1cefc2b4c4dc/datanode-0/data-0/containers/hdds/d99da5cf-54e3-4304-baea-1cefc2b4c4dc/DS-0a2c1804-1063-4d7a-9a5d-9e747368e47e/container.db, /home/runner/work/ozone/ozone/hadoop-ozone/integration-test/target/test-dir/MiniOzoneClusterImpl-d99da5cf-54e3-4304-baea-1cefc2b4c4dc/datanode-1/data-0/containers/hdds/d99da5cf-54e3-4304-baea-1cefc2b4c4dc/DS-e99d798e-681b-4ead-be3d-7674b1872341/container.db, /home/runner/work/ozone/ozone/hadoop-ozone/integration-test/target/test-dir/MiniOzoneClusterImpl-d99da5cf-54e3-4304-baea-1cefc2b4c4dc/datanode-2/data-0/containers/hdds/d99da5cf-54e3-4304-baea-1cefc2b4c4dc/DS-2d7a7ef7-17d5-4e0e-b1d7-c95c7f9ca7b8/container.db, /home/runner/work/ozone/ozone/hadoop-ozone/integration-test/target/test-dir/MiniOzoneClusterImpl-d99da5cf-54e3-4304-baea-1cefc2b4c4dc/datanode-3/data-0/containers/hdds/d99da5cf-54e3-4304-baea-1cefc2b4c4dc/DS-7a60b74a-9431-44d0-b61c-80a1134a1610/container.db, /home/runner/work/ozone/ozone/hadoop-ozone/integration-test/target/test-dir/MiniOzoneClusterImpl-d99da5cf-54e3-4304-baea-1cefc2b4c4dc/datanode-4/data-0/containers/hdds/d99da5cf-54e3-4304-baea-1cefc2b4c4dc/DS-f300e1fa-14d0-4076-98da-dfcfffb00a29/container.db, /home/runner/work/ozone/ozone/hadoop-ozone/integration-test/target/test-dir/MiniOzoneClusterImpl-d99da5cf-54e3-4304-baea-1cefc2b4c4dc/datanode-5/data-0/containers/hdds/d99da5cf-54e3-4304-baea-1cefc2b4c4dc/DS-9e7d45ba-d216-4c4b-9294-ea2daa7a923c/container.db]
2023-12-01 12:04:22,636 [ForkJoinPool.commonPool-worker-0] INFO  utils.DatanodeStoreCache (DatanodeStoreCache.java:removeDB(104)) - Removed db /home/runner/work/ozone/ozone/hadoop-ozone/integration-test/target/test-dir/MiniOzoneClusterImpl-d99da5cf-54e3-4304-baea-1cefc2b4c4dc/datanode-0/data-0/containers/hdds/d99da5cf-54e3-4304-baea-1cefc2b4c4dc/DS-0a2c1804-1063-4d7a-9a5d-9e747368e47e/container.db from cache
2023-12-01 12:04:22,637 [ForkJoinPool.commonPool-worker-0] INFO  volume.HddsVolume (HddsVolume.java:closeDbStore(453)) - SchemaV3 db is stopped at /home/runner/work/ozone/ozone/hadoop-ozone/integration-test/target/test-dir/MiniOzoneClusterImpl-d99da5cf-54e3-4304-baea-1cefc2b4c4dc/datanode-0/data-0/containers/hdds/d99da5cf-54e3-4304-baea-1cefc2b4c4dc/DS-0a2c1804-1063-4d7a-9a5d-9e747368e47e/container.db for volume DS-0a2c1804-1063-4d7a-9a5d-9e747368e47e
2023-12-01 12:04:22,637 [ForkJoinPool.commonPool-worker-0] INFO  utils.BackgroundService (BackgroundService.java:shutdown(160)) - Shutting down service BlockDeletingService
2023-12-01 12:04:22,637 [ForkJoinPool.commonPool-worker-0] INFO  utils.BackgroundService (BackgroundService.java:shutdown(160)) - Shutting down service StaleRecoveringContainerScrubbingService
2023-12-01 12:04:22,639 [ForkJoinPool.commonPool-worker-0] INFO  statemachine.DatanodeStateMachine (DatanodeStateMachine.java:stopDaemon(638)) - Ozone container server stopped.
2023-12-01 12:04:22,641 [ForkJoinPool.commonPool-worker-0] INFO  handler.ContextHandler (ContextHandler.java:doStop(1159)) - Stopped o.e.j.w.WebAppContext@74856353{hddsDatanode,/,null,STOPPED}{jar:file:/home/runner/.m2/repository/org/apache/ozone/hdds-container-service/1.4.0-SNAPSHOT/hdds-container-service-1.4.0-SNAPSHOT.jar!/webapps/hddsDatanode}
2023-12-01 12:04:22,641 [ForkJoinPool.commonPool-worker-0] INFO  server.AbstractConnector (AbstractConnector.java:doStop(383)) - Stopped ServerConnector@3b451dc9{HTTP/1.1, (http/1.1)}{0.0.0.0:15009}
2023-12-01 12:04:22,641 [ForkJoinPool.commonPool-worker-0] INFO  server.session (HouseKeeper.java:stopScavenging(149)) - node0 Stopped scavenging
2023-12-01 12:04:22,642 [ForkJoinPool.commonPool-worker-0] INFO  handler.ContextHandler (ContextHandler.java:doStop(1159)) - Stopped o.e.j.s.ServletContextHandler@7547fcc5{static,/static,jar:file:/home/runner/.m2/repository/org/apache/ozone/hdds-container-service/1.4.0-SNAPSHOT/hdds-container-service-1.4.0-SNAPSHOT.jar!/webapps/static,STOPPED}
2023-12-01 12:04:22,643 [ForkJoinPool.commonPool-worker-0] INFO  handler.ContextHandler (ContextHandler.java:doStop(1159)) - Stopped o.e.j.s.ServletContextHandler@4c47e5ec{logs,/logs,file:///home/runner/work/ozone/ozone/hadoop-ozone/integration-test/target/log,STOPPED}
2023-12-01 12:04:22,643 [ForkJoinPool.commonPool-worker-0] INFO  ozone.HddsDatanodeClientProtocolServer (HddsDatanodeClientProtocolServer.java:stop(78)) - Stopping the RPC server for Client Protocol
2023-12-01 12:04:22,644 [ForkJoinPool.commonPool-worker-0] INFO  ipc.Server (Server.java:stop(3523)) - Stopping server on 15010
2023-12-01 12:04:22,644 [IPC Server listener on 15010] INFO  ipc.Server (Server.java:run(1434)) - Stopping IPC Server listener on 15010
2023-12-01 12:04:22,644 [IPC Server Responder] INFO  ipc.Server (Server.java:run(1567)) - Stopping IPC Server Responder
2023-12-01 12:04:22,656 [ForkJoinPool.commonPool-worker-1] INFO  utils.DatanodeStoreCache (DatanodeStoreCache.java:shutdownCache(110)) - Skip clearing cache in mini cluster mode. Entries left: [/home/runner/work/ozone/ozone/hadoop-ozone/integration-test/target/test-dir/MiniOzoneClusterImpl-d99da5cf-54e3-4304-baea-1cefc2b4c4dc/datanode-1/data-0/containers/hdds/d99da5cf-54e3-4304-baea-1cefc2b4c4dc/DS-e99d798e-681b-4ead-be3d-7674b1872341/container.db, /home/runner/work/ozone/ozone/hadoop-ozone/integration-test/target/test-dir/MiniOzoneClusterImpl-d99da5cf-54e3-4304-baea-1cefc2b4c4dc/datanode-2/data-0/containers/hdds/d99da5cf-54e3-4304-baea-1cefc2b4c4dc/DS-2d7a7ef7-17d5-4e0e-b1d7-c95c7f9ca7b8/container.db, /home/runner/work/ozone/ozone/hadoop-ozone/integration-test/target/test-dir/MiniOzoneClusterImpl-d99da5cf-54e3-4304-baea-1cefc2b4c4dc/datanode-3/data-0/containers/hdds/d99da5cf-54e3-4304-baea-1cefc2b4c4dc/DS-7a60b74a-9431-44d0-b61c-80a1134a1610/container.db, /home/runner/work/ozone/ozone/hadoop-ozone/integration-test/target/test-dir/MiniOzoneClusterImpl-d99da5cf-54e3-4304-baea-1cefc2b4c4dc/datanode-4/data-0/containers/hdds/d99da5cf-54e3-4304-baea-1cefc2b4c4dc/DS-f300e1fa-14d0-4076-98da-dfcfffb00a29/container.db, /home/runner/work/ozone/ozone/hadoop-ozone/integration-test/target/test-dir/MiniOzoneClusterImpl-d99da5cf-54e3-4304-baea-1cefc2b4c4dc/datanode-5/data-0/containers/hdds/d99da5cf-54e3-4304-baea-1cefc2b4c4dc/DS-9e7d45ba-d216-4c4b-9294-ea2daa7a923c/container.db]
2023-12-01 12:04:22,658 [ForkJoinPool.commonPool-worker-1] INFO  utils.DatanodeStoreCache (DatanodeStoreCache.java:removeDB(104)) - Removed db /home/runner/work/ozone/ozone/hadoop-ozone/integration-test/target/test-dir/MiniOzoneClusterImpl-d99da5cf-54e3-4304-baea-1cefc2b4c4dc/datanode-1/data-0/containers/hdds/d99da5cf-54e3-4304-baea-1cefc2b4c4dc/DS-e99d798e-681b-4ead-be3d-7674b1872341/container.db from cache
2023-12-01 12:04:22,658 [ForkJoinPool.commonPool-worker-1] INFO  volume.HddsVolume (HddsVolume.java:closeDbStore(453)) - SchemaV3 db is stopped at /home/runner/work/ozone/ozone/hadoop-ozone/integration-test/target/test-dir/MiniOzoneClusterImpl-d99da5cf-54e3-4304-baea-1cefc2b4c4dc/datanode-1/data-0/containers/hdds/d99da5cf-54e3-4304-baea-1cefc2b4c4dc/DS-e99d798e-681b-4ead-be3d-7674b1872341/container.db for volume DS-e99d798e-681b-4ead-be3d-7674b1872341
2023-12-01 12:04:22,658 [ForkJoinPool.commonPool-worker-1] INFO  utils.BackgroundService (BackgroundService.java:shutdown(160)) - Shutting down service BlockDeletingService
2023-12-01 12:04:22,659 [ForkJoinPool.commonPool-worker-1] INFO  utils.BackgroundService (BackgroundService.java:shutdown(160)) - Shutting down service StaleRecoveringContainerScrubbingService
2023-12-01 12:04:22,659 [ForkJoinPool.commonPool-worker-1] INFO  statemachine.DatanodeStateMachine (DatanodeStateMachine.java:stopDaemon(638)) - Ozone container server stopped.
2023-12-01 12:04:22,661 [ForkJoinPool.commonPool-worker-1] INFO  handler.ContextHandler (ContextHandler.java:doStop(1159)) - Stopped o.e.j.w.WebAppContext@b37956f{hddsDatanode,/,null,STOPPED}{jar:file:/home/runner/.m2/repository/org/apache/ozone/hdds-container-service/1.4.0-SNAPSHOT/hdds-container-service-1.4.0-SNAPSHOT.jar!/webapps/hddsDatanode}
2023-12-01 12:04:22,661 [ForkJoinPool.commonPool-worker-1] INFO  server.AbstractConnector (AbstractConnector.java:doStop(383)) - Stopped ServerConnector@6cc4daa4{HTTP/1.1, (http/1.1)}{0.0.0.0:15018}
2023-12-01 12:04:22,662 [ForkJoinPool.commonPool-worker-1] INFO  server.session (HouseKeeper.java:stopScavenging(149)) - node0 Stopped scavenging
2023-12-01 12:04:22,662 [ForkJoinPool.commonPool-worker-1] INFO  handler.ContextHandler (ContextHandler.java:doStop(1159)) - Stopped o.e.j.s.ServletContextHandler@26528259{static,/static,jar:file:/home/runner/.m2/repository/org/apache/ozone/hdds-container-service/1.4.0-SNAPSHOT/hdds-container-service-1.4.0-SNAPSHOT.jar!/webapps/static,STOPPED}
2023-12-01 12:04:22,663 [ForkJoinPool.commonPool-worker-1] INFO  handler.ContextHandler (ContextHandler.java:doStop(1159)) - Stopped o.e.j.s.ServletContextHandler@8ba9a69{logs,/logs,file:///home/runner/work/ozone/ozone/hadoop-ozone/integration-test/target/log,STOPPED}
2023-12-01 12:04:22,663 [ForkJoinPool.commonPool-worker-1] INFO  ozone.HddsDatanodeClientProtocolServer (HddsDatanodeClientProtocolServer.java:stop(78)) - Stopping the RPC server for Client Protocol
2023-12-01 12:04:22,664 [ForkJoinPool.commonPool-worker-1] INFO  ipc.Server (Server.java:stop(3523)) - Stopping server on 15019
2023-12-01 12:04:22,664 [IPC Server listener on 15019] INFO  ipc.Server (Server.java:run(1434)) - Stopping IPC Server listener on 15019
2023-12-01 12:04:22,665 [IPC Server Responder] INFO  ipc.Server (Server.java:run(1567)) - Stopping IPC Server Responder
2023-12-01 12:04:22,821 [ForkJoinPool.commonPool-worker-3] INFO  utils.DatanodeStoreCache (DatanodeStoreCache.java:shutdownCache(110)) - Skip clearing cache in mini cluster mode. Entries left: [/home/runner/work/ozone/ozone/hadoop-ozone/integration-test/target/test-dir/MiniOzoneClusterImpl-d99da5cf-54e3-4304-baea-1cefc2b4c4dc/datanode-2/data-0/containers/hdds/d99da5cf-54e3-4304-baea-1cefc2b4c4dc/DS-2d7a7ef7-17d5-4e0e-b1d7-c95c7f9ca7b8/container.db, /home/runner/work/ozone/ozone/hadoop-ozone/integration-test/target/test-dir/MiniOzoneClusterImpl-d99da5cf-54e3-4304-baea-1cefc2b4c4dc/datanode-3/data-0/containers/hdds/d99da5cf-54e3-4304-baea-1cefc2b4c4dc/DS-7a60b74a-9431-44d0-b61c-80a1134a1610/container.db, /home/runner/work/ozone/ozone/hadoop-ozone/integration-test/target/test-dir/MiniOzoneClusterImpl-d99da5cf-54e3-4304-baea-1cefc2b4c4dc/datanode-4/data-0/containers/hdds/d99da5cf-54e3-4304-baea-1cefc2b4c4dc/DS-f300e1fa-14d0-4076-98da-dfcfffb00a29/container.db, /home/runner/work/ozone/ozone/hadoop-ozone/integration-test/target/test-dir/MiniOzoneClusterImpl-d99da5cf-54e3-4304-baea-1cefc2b4c4dc/datanode-5/data-0/containers/hdds/d99da5cf-54e3-4304-baea-1cefc2b4c4dc/DS-9e7d45ba-d216-4c4b-9294-ea2daa7a923c/container.db]
2023-12-01 12:04:22,822 [ForkJoinPool.commonPool-worker-3] INFO  utils.DatanodeStoreCache (DatanodeStoreCache.java:removeDB(104)) - Removed db /home/runner/work/ozone/ozone/hadoop-ozone/integration-test/target/test-dir/MiniOzoneClusterImpl-d99da5cf-54e3-4304-baea-1cefc2b4c4dc/datanode-5/data-0/containers/hdds/d99da5cf-54e3-4304-baea-1cefc2b4c4dc/DS-9e7d45ba-d216-4c4b-9294-ea2daa7a923c/container.db from cache
2023-12-01 12:04:22,822 [ForkJoinPool.commonPool-worker-3] INFO  volume.HddsVolume (HddsVolume.java:closeDbStore(453)) - SchemaV3 db is stopped at /home/runner/work/ozone/ozone/hadoop-ozone/integration-test/target/test-dir/MiniOzoneClusterImpl-d99da5cf-54e3-4304-baea-1cefc2b4c4dc/datanode-5/data-0/containers/hdds/d99da5cf-54e3-4304-baea-1cefc2b4c4dc/DS-9e7d45ba-d216-4c4b-9294-ea2daa7a923c/container.db for volume DS-9e7d45ba-d216-4c4b-9294-ea2daa7a923c
2023-12-01 12:04:22,823 [ForkJoinPool.commonPool-worker-3] INFO  utils.BackgroundService (BackgroundService.java:shutdown(160)) - Shutting down service BlockDeletingService
2023-12-01 12:04:22,823 [ForkJoinPool.commonPool-worker-3] INFO  utils.BackgroundService (BackgroundService.java:shutdown(160)) - Shutting down service StaleRecoveringContainerScrubbingService
2023-12-01 12:04:22,824 [ForkJoinPool.commonPool-worker-3] INFO  statemachine.DatanodeStateMachine (DatanodeStateMachine.java:stopDaemon(638)) - Ozone container server stopped.
2023-12-01 12:04:22,825 [ForkJoinPool.commonPool-worker-3] INFO  handler.ContextHandler (ContextHandler.java:doStop(1159)) - Stopped o.e.j.w.WebAppContext@6e048bc2{hddsDatanode,/,null,STOPPED}{jar:file:/home/runner/.m2/repository/org/apache/ozone/hdds-container-service/1.4.0-SNAPSHOT/hdds-container-service-1.4.0-SNAPSHOT.jar!/webapps/hddsDatanode}
2023-12-01 12:04:22,826 [ForkJoinPool.commonPool-worker-3] INFO  server.AbstractConnector (AbstractConnector.java:doStop(383)) - Stopped ServerConnector@23fbe411{HTTP/1.1, (http/1.1)}{0.0.0.0:15054}
2023-12-01 12:04:22,826 [ForkJoinPool.commonPool-worker-3] INFO  server.session (HouseKeeper.java:stopScavenging(149)) - node0 Stopped scavenging
2023-12-01 12:04:22,827 [ForkJoinPool.commonPool-worker-3] INFO  handler.ContextHandler (ContextHandler.java:doStop(1159)) - Stopped o.e.j.s.ServletContextHandler@1ff55ec8{static,/static,jar:file:/home/runner/.m2/repository/org/apache/ozone/hdds-container-service/1.4.0-SNAPSHOT/hdds-container-service-1.4.0-SNAPSHOT.jar!/webapps/static,STOPPED}
2023-12-01 12:04:22,827 [ForkJoinPool.commonPool-worker-3] INFO  handler.ContextHandler (ContextHandler.java:doStop(1159)) - Stopped o.e.j.s.ServletContextHandler@60d3644{logs,/logs,file:///home/runner/work/ozone/ozone/hadoop-ozone/integration-test/target/log,STOPPED}
2023-12-01 12:04:22,828 [ForkJoinPool.commonPool-worker-3] INFO  ozone.HddsDatanodeClientProtocolServer (HddsDatanodeClientProtocolServer.java:stop(78)) - Stopping the RPC server for Client Protocol
2023-12-01 12:04:22,828 [ForkJoinPool.commonPool-worker-3] INFO  ipc.Server (Server.java:stop(3523)) - Stopping server on 15055
2023-12-01 12:04:22,828 [IPC Server listener on 15055] INFO  ipc.Server (Server.java:run(1434)) - Stopping IPC Server listener on 15055
2023-12-01 12:04:22,828 [IPC Server Responder] INFO  ipc.Server (Server.java:run(1567)) - Stopping IPC Server Responder
2023-12-01 12:04:22,914 [ForkJoinPool.commonPool-worker-6] INFO  utils.DatanodeStoreCache (DatanodeStoreCache.java:shutdownCache(110)) - Skip clearing cache in mini cluster mode. Entries left: [/home/runner/work/ozone/ozone/hadoop-ozone/integration-test/target/test-dir/MiniOzoneClusterImpl-d99da5cf-54e3-4304-baea-1cefc2b4c4dc/datanode-2/data-0/containers/hdds/d99da5cf-54e3-4304-baea-1cefc2b4c4dc/DS-2d7a7ef7-17d5-4e0e-b1d7-c95c7f9ca7b8/container.db, /home/runner/work/ozone/ozone/hadoop-ozone/integration-test/target/test-dir/MiniOzoneClusterImpl-d99da5cf-54e3-4304-baea-1cefc2b4c4dc/datanode-3/data-0/containers/hdds/d99da5cf-54e3-4304-baea-1cefc2b4c4dc/DS-7a60b74a-9431-44d0-b61c-80a1134a1610/container.db, /home/runner/work/ozone/ozone/hadoop-ozone/integration-test/target/test-dir/MiniOzoneClusterImpl-d99da5cf-54e3-4304-baea-1cefc2b4c4dc/datanode-4/data-0/containers/hdds/d99da5cf-54e3-4304-baea-1cefc2b4c4dc/DS-f300e1fa-14d0-4076-98da-dfcfffb00a29/container.db]
2023-12-01 12:04:22,916 [ForkJoinPool.commonPool-worker-6] INFO  utils.DatanodeStoreCache (DatanodeStoreCache.java:removeDB(104)) - Removed db /home/runner/work/ozone/ozone/hadoop-ozone/integration-test/target/test-dir/MiniOzoneClusterImpl-d99da5cf-54e3-4304-baea-1cefc2b4c4dc/datanode-2/data-0/containers/hdds/d99da5cf-54e3-4304-baea-1cefc2b4c4dc/DS-2d7a7ef7-17d5-4e0e-b1d7-c95c7f9ca7b8/container.db from cache
2023-12-01 12:04:22,916 [ForkJoinPool.commonPool-worker-6] INFO  volume.HddsVolume (HddsVolume.java:closeDbStore(453)) - SchemaV3 db is stopped at /home/runner/work/ozone/ozone/hadoop-ozone/integration-test/target/test-dir/MiniOzoneClusterImpl-d99da5cf-54e3-4304-baea-1cefc2b4c4dc/datanode-2/data-0/containers/hdds/d99da5cf-54e3-4304-baea-1cefc2b4c4dc/DS-2d7a7ef7-17d5-4e0e-b1d7-c95c7f9ca7b8/container.db for volume DS-2d7a7ef7-17d5-4e0e-b1d7-c95c7f9ca7b8
2023-12-01 12:04:22,916 [ForkJoinPool.commonPool-worker-6] INFO  utils.BackgroundService (BackgroundService.java:shutdown(160)) - Shutting down service BlockDeletingService
2023-12-01 12:04:22,917 [ForkJoinPool.commonPool-worker-6] INFO  utils.BackgroundService (BackgroundService.java:shutdown(160)) - Shutting down service StaleRecoveringContainerScrubbingService
2023-12-01 12:04:22,917 [ForkJoinPool.commonPool-worker-6] INFO  statemachine.DatanodeStateMachine (DatanodeStateMachine.java:stopDaemon(638)) - Ozone container server stopped.
2023-12-01 12:04:22,919 [ForkJoinPool.commonPool-worker-6] INFO  handler.ContextHandler (ContextHandler.java:doStop(1159)) - Stopped o.e.j.w.WebAppContext@6eea863f{hddsDatanode,/,null,STOPPED}{jar:file:/home/runner/.m2/repository/org/apache/ozone/hdds-container-service/1.4.0-SNAPSHOT/hdds-container-service-1.4.0-SNAPSHOT.jar!/webapps/hddsDatanode}
2023-12-01 12:04:22,919 [ForkJoinPool.commonPool-worker-6] INFO  server.AbstractConnector (AbstractConnector.java:doStop(383)) - Stopped ServerConnector@1b1d9ff5{HTTP/1.1, (http/1.1)}{0.0.0.0:15027}
2023-12-01 12:04:22,919 [ForkJoinPool.commonPool-worker-6] INFO  server.session (HouseKeeper.java:stopScavenging(149)) - node0 Stopped scavenging
2023-12-01 12:04:22,920 [ForkJoinPool.commonPool-worker-6] INFO  handler.ContextHandler (ContextHandler.java:doStop(1159)) - Stopped o.e.j.s.ServletContextHandler@c32def9{static,/static,jar:file:/home/runner/.m2/repository/org/apache/ozone/hdds-container-service/1.4.0-SNAPSHOT/hdds-container-service-1.4.0-SNAPSHOT.jar!/webapps/static,STOPPED}
2023-12-01 12:04:22,920 [ForkJoinPool.commonPool-worker-6] INFO  handler.ContextHandler (ContextHandler.java:doStop(1159)) - Stopped o.e.j.s.ServletContextHandler@15480ba9{logs,/logs,file:///home/runner/work/ozone/ozone/hadoop-ozone/integration-test/target/log,STOPPED}
2023-12-01 12:04:22,921 [ForkJoinPool.commonPool-worker-6] INFO  ozone.HddsDatanodeClientProtocolServer (HddsDatanodeClientProtocolServer.java:stop(78)) - Stopping the RPC server for Client Protocol
2023-12-01 12:04:22,921 [ForkJoinPool.commonPool-worker-6] INFO  ipc.Server (Server.java:stop(3523)) - Stopping server on 15028
2023-12-01 12:04:22,922 [IPC Server listener on 15028] INFO  ipc.Server (Server.java:run(1434)) - Stopping IPC Server listener on 15028
2023-12-01 12:04:22,922 [IPC Server Responder] INFO  ipc.Server (Server.java:run(1567)) - Stopping IPC Server Responder
2023-12-01 12:04:23,012 [ForkJoinPool.commonPool-worker-2] INFO  utils.DatanodeStoreCache (DatanodeStoreCache.java:shutdownCache(110)) - Skip clearing cache in mini cluster mode. Entries left: [/home/runner/work/ozone/ozone/hadoop-ozone/integration-test/target/test-dir/MiniOzoneClusterImpl-d99da5cf-54e3-4304-baea-1cefc2b4c4dc/datanode-3/data-0/containers/hdds/d99da5cf-54e3-4304-baea-1cefc2b4c4dc/DS-7a60b74a-9431-44d0-b61c-80a1134a1610/container.db, /home/runner/work/ozone/ozone/hadoop-ozone/integration-test/target/test-dir/MiniOzoneClusterImpl-d99da5cf-54e3-4304-baea-1cefc2b4c4dc/datanode-4/data-0/containers/hdds/d99da5cf-54e3-4304-baea-1cefc2b4c4dc/DS-f300e1fa-14d0-4076-98da-dfcfffb00a29/container.db]
2023-12-01 12:04:23,014 [ForkJoinPool.commonPool-worker-2] INFO  utils.DatanodeStoreCache (DatanodeStoreCache.java:removeDB(104)) - Removed db /home/runner/work/ozone/ozone/hadoop-ozone/integration-test/target/test-dir/MiniOzoneClusterImpl-d99da5cf-54e3-4304-baea-1cefc2b4c4dc/datanode-4/data-0/containers/hdds/d99da5cf-54e3-4304-baea-1cefc2b4c4dc/DS-f300e1fa-14d0-4076-98da-dfcfffb00a29/container.db from cache
2023-12-01 12:04:23,014 [ForkJoinPool.commonPool-worker-2] INFO  volume.HddsVolume (HddsVolume.java:closeDbStore(453)) - SchemaV3 db is stopped at /home/runner/work/ozone/ozone/hadoop-ozone/integration-test/target/test-dir/MiniOzoneClusterImpl-d99da5cf-54e3-4304-baea-1cefc2b4c4dc/datanode-4/data-0/containers/hdds/d99da5cf-54e3-4304-baea-1cefc2b4c4dc/DS-f300e1fa-14d0-4076-98da-dfcfffb00a29/container.db for volume DS-f300e1fa-14d0-4076-98da-dfcfffb00a29
2023-12-01 12:04:23,015 [ForkJoinPool.commonPool-worker-2] INFO  utils.BackgroundService (BackgroundService.java:shutdown(160)) - Shutting down service BlockDeletingService
2023-12-01 12:04:23,015 [ForkJoinPool.commonPool-worker-2] INFO  utils.BackgroundService (BackgroundService.java:shutdown(160)) - Shutting down service StaleRecoveringContainerScrubbingService
2023-12-01 12:04:23,016 [ForkJoinPool.commonPool-worker-2] INFO  statemachine.DatanodeStateMachine (DatanodeStateMachine.java:stopDaemon(638)) - Ozone container server stopped.
2023-12-01 12:04:23,017 [ForkJoinPool.commonPool-worker-2] INFO  handler.ContextHandler (ContextHandler.java:doStop(1159)) - Stopped o.e.j.w.WebAppContext@4e3d2d76{hddsDatanode,/,null,STOPPED}{jar:file:/home/runner/.m2/repository/org/apache/ozone/hdds-container-service/1.4.0-SNAPSHOT/hdds-container-service-1.4.0-SNAPSHOT.jar!/webapps/hddsDatanode}
2023-12-01 12:04:23,017 [ForkJoinPool.commonPool-worker-2] INFO  server.AbstractConnector (AbstractConnector.java:doStop(383)) - Stopped ServerConnector@5d84a9f8{HTTP/1.1, (http/1.1)}{0.0.0.0:15045}
2023-12-01 12:04:23,018 [ForkJoinPool.commonPool-worker-2] INFO  server.session (HouseKeeper.java:stopScavenging(149)) - node0 Stopped scavenging
2023-12-01 12:04:23,018 [ForkJoinPool.commonPool-worker-2] INFO  handler.ContextHandler (ContextHandler.java:doStop(1159)) - Stopped o.e.j.s.ServletContextHandler@3d2a90af{static,/static,jar:file:/home/runner/.m2/repository/org/apache/ozone/hdds-container-service/1.4.0-SNAPSHOT/hdds-container-service-1.4.0-SNAPSHOT.jar!/webapps/static,STOPPED}
2023-12-01 12:04:23,019 [ForkJoinPool.commonPool-worker-2] INFO  handler.ContextHandler (ContextHandler.java:doStop(1159)) - Stopped o.e.j.s.ServletContextHandler@4e187926{logs,/logs,file:///home/runner/work/ozone/ozone/hadoop-ozone/integration-test/target/log,STOPPED}
2023-12-01 12:04:23,019 [ForkJoinPool.commonPool-worker-2] INFO  ozone.HddsDatanodeClientProtocolServer (HddsDatanodeClientProtocolServer.java:stop(78)) - Stopping the RPC server for Client Protocol
2023-12-01 12:04:23,019 [ForkJoinPool.commonPool-worker-2] INFO  ipc.Server (Server.java:stop(3523)) - Stopping server on 15046
2023-12-01 12:04:23,020 [IPC Server Responder] INFO  ipc.Server (Server.java:run(1567)) - Stopping IPC Server Responder
2023-12-01 12:04:23,020 [IPC Server listener on 15046] INFO  ipc.Server (Server.java:run(1434)) - Stopping IPC Server listener on 15046
2023-12-01 12:04:23,040 [main] INFO  utils.DatanodeStoreCache (DatanodeStoreCache.java:shutdownCache(110)) - Skip clearing cache in mini cluster mode. Entries left: [/home/runner/work/ozone/ozone/hadoop-ozone/integration-test/target/test-dir/MiniOzoneClusterImpl-d99da5cf-54e3-4304-baea-1cefc2b4c4dc/datanode-3/data-0/containers/hdds/d99da5cf-54e3-4304-baea-1cefc2b4c4dc/DS-7a60b74a-9431-44d0-b61c-80a1134a1610/container.db]
2023-12-01 12:04:23,041 [main] INFO  utils.DatanodeStoreCache (DatanodeStoreCache.java:removeDB(104)) - Removed db /home/runner/work/ozone/ozone/hadoop-ozone/integration-test/target/test-dir/MiniOzoneClusterImpl-d99da5cf-54e3-4304-baea-1cefc2b4c4dc/datanode-3/data-0/containers/hdds/d99da5cf-54e3-4304-baea-1cefc2b4c4dc/DS-7a60b74a-9431-44d0-b61c-80a1134a1610/container.db from cache
2023-12-01 12:04:23,041 [main] INFO  volume.HddsVolume (HddsVolume.java:closeDbStore(453)) - SchemaV3 db is stopped at /home/runner/work/ozone/ozone/hadoop-ozone/integration-test/target/test-dir/MiniOzoneClusterImpl-d99da5cf-54e3-4304-baea-1cefc2b4c4dc/datanode-3/data-0/containers/hdds/d99da5cf-54e3-4304-baea-1cefc2b4c4dc/DS-7a60b74a-9431-44d0-b61c-80a1134a1610/container.db for volume DS-7a60b74a-9431-44d0-b61c-80a1134a1610
2023-12-01 12:04:23,042 [main] INFO  utils.BackgroundService (BackgroundService.java:shutdown(160)) - Shutting down service BlockDeletingService
2023-12-01 12:04:23,042 [main] INFO  utils.BackgroundService (BackgroundService.java:shutdown(160)) - Shutting down service StaleRecoveringContainerScrubbingService
2023-12-01 12:04:23,042 [main] INFO  statemachine.DatanodeStateMachine (DatanodeStateMachine.java:stopDaemon(638)) - Ozone container server stopped.
2023-12-01 12:04:23,043 [main] INFO  handler.ContextHandler (ContextHandler.java:doStop(1159)) - Stopped o.e.j.w.WebAppContext@61d42e9a{hddsDatanode,/,null,STOPPED}{jar:file:/home/runner/.m2/repository/org/apache/ozone/hdds-container-service/1.4.0-SNAPSHOT/hdds-container-service-1.4.0-SNAPSHOT.jar!/webapps/hddsDatanode}
2023-12-01 12:04:23,044 [main] INFO  server.AbstractConnector (AbstractConnector.java:doStop(383)) - Stopped ServerConnector@79b67723{HTTP/1.1, (http/1.1)}{0.0.0.0:15036}
2023-12-01 12:04:23,044 [main] INFO  server.session (HouseKeeper.java:stopScavenging(149)) - node0 Stopped scavenging
2023-12-01 12:04:23,044 [main] INFO  handler.ContextHandler (ContextHandler.java:doStop(1159)) - Stopped o.e.j.s.ServletContextHandler@1b74e55a{static,/static,jar:file:/home/runner/.m2/repository/org/apache/ozone/hdds-container-service/1.4.0-SNAPSHOT/hdds-container-service-1.4.0-SNAPSHOT.jar!/webapps/static,STOPPED}
2023-12-01 12:04:23,045 [main] INFO  handler.ContextHandler (ContextHandler.java:doStop(1159)) - Stopped o.e.j.s.ServletContextHandler@73b02395{logs,/logs,file:///home/runner/work/ozone/ozone/hadoop-ozone/integration-test/target/log,STOPPED}
2023-12-01 12:04:23,045 [main] INFO  ozone.HddsDatanodeClientProtocolServer (HddsDatanodeClientProtocolServer.java:stop(78)) - Stopping the RPC server for Client Protocol
2023-12-01 12:04:23,046 [main] INFO  ipc.Server (Server.java:stop(3523)) - Stopping server on 15037
2023-12-01 12:04:23,046 [IPC Server listener on 15037] INFO  ipc.Server (Server.java:run(1434)) - Stopping IPC Server listener on 15037
2023-12-01 12:04:23,046 [IPC Server Responder] INFO  ipc.Server (Server.java:run(1567)) - Stopping IPC Server Responder
2023-12-01 12:04:23,048 [main] INFO  ozone.MiniOzoneClusterImpl (MiniOzoneClusterImpl.java:stopSCM(551)) - Stopping the StorageContainerManager
2023-12-01 12:04:23,048 [main] INFO  server.StorageContainerManager (StorageContainerManager.java:stop(1620)) - Container Balancer is not running.
2023-12-01 12:04:23,048 [main] INFO  server.StorageContainerManager (StorageContainerManager.java:stopReplicationManager(1753)) - Stopping Replication Manager Service.
2023-12-01 12:04:23,048 [main] INFO  replication.ReplicationManager (ReplicationManager.java:stop(322)) - Stopping Replication Monitor Thread.
2023-12-01 12:04:23,048 [main] INFO  server.StorageContainerManager (StorageContainerManager.java:stop(1629)) - Stopping the Datanode Admin Monitor.
2023-12-01 12:04:23,048 [OverReplicatedProcessor] WARN  replication.UnhealthyReplicationProcessor (UnhealthyReplicationProcessor.java:run(180)) - OverReplicatedProcessor interrupted. Exiting...
2023-12-01 12:04:23,049 [main] INFO  server.StorageContainerManager (StorageContainerManager.java:stop(1636)) - Stopping datanode service RPC server
2023-12-01 12:04:23,048 [UnderReplicatedProcessor] WARN  replication.UnhealthyReplicationProcessor (UnhealthyReplicationProcessor.java:run(180)) - UnderReplicatedProcessor interrupted. Exiting...
2023-12-01 12:04:23,049 [ReplicationMonitor] INFO  replication.ReplicationManager (ReplicationManager.java:run(921)) - Replication Monitor Thread is stopped
2023-12-01 12:04:23,049 [main] INFO  server.SCMDatanodeProtocolServer (SCMDatanodeProtocolServer.java:stop(424)) - Stopping the RPC server for DataNodes
2023-12-01 12:04:23,049 [main] INFO  ipc.Server (Server.java:stop(3523)) - Stopping server on 15002
2023-12-01 12:04:23,050 [IPC Server listener on 15002] INFO  ipc.Server (Server.java:run(1434)) - Stopping IPC Server listener on 15002
2023-12-01 12:04:23,051 [IPC Server Responder] INFO  ipc.Server (Server.java:run(1567)) - Stopping IPC Server Responder
2023-12-01 12:04:23,262 [SCMHeartbeatProcessor-0] WARN  node.NodeStateManager (NodeStateManager.java:scheduleNextHealthCheck(878)) - Current Thread is interrupted, shutting down HB processing thread for Node Manager.
2023-12-01 12:04:23,262 [main] INFO  server.StorageContainerManager (StorageContainerManager.java:stop(1644)) - Stopping block service RPC server
2023-12-01 12:04:23,263 [main] INFO  server.SCMBlockProtocolServer (SCMBlockProtocolServer.java:stop(167)) - Stopping the RPC server for Block Protocol
2023-12-01 12:04:23,263 [main] INFO  ipc.Server (Server.java:stop(3523)) - Stopping server on 15001
2023-12-01 12:04:23,263 [IPC Server listener on 15001] INFO  ipc.Server (Server.java:run(1434)) - Stopping IPC Server listener on 15001
2023-12-01 12:04:23,264 [IPC Server Responder] INFO  ipc.Server (Server.java:run(1567)) - Stopping IPC Server Responder
2023-12-01 12:04:23,264 [main] INFO  server.StorageContainerManager (StorageContainerManager.java:stop(1651)) - Stopping the StorageContainerLocationProtocol RPC server
2023-12-01 12:04:23,264 [main] INFO  server.SCMClientProtocolServer (SCMClientProtocolServer.java:stop(210)) - Stopping the RPC server for Client Protocol
2023-12-01 12:04:23,264 [main] INFO  ipc.Server (Server.java:stop(3523)) - Stopping server on 15000
2023-12-01 12:04:23,265 [IPC Server listener on 15000] INFO  ipc.Server (Server.java:run(1434)) - Stopping IPC Server listener on 15000
2023-12-01 12:04:23,265 [IPC Server Responder] INFO  ipc.Server (Server.java:run(1567)) - Stopping IPC Server Responder
2023-12-01 12:04:23,265 [main] INFO  server.StorageContainerManager (StorageContainerManager.java:stop(1658)) - Stopping Storage Container Manager HTTP server.
2023-12-01 12:04:23,266 [main] INFO  handler.ContextHandler (ContextHandler.java:doStop(1159)) - Stopped o.e.j.w.WebAppContext@418f0f27{scm,/,null,STOPPED}{file:/home/runner/work/ozone/ozone/hadoop-ozone/integration-test/target/test-classes/webapps/scm}
2023-12-01 12:04:23,267 [main] INFO  server.AbstractConnector (AbstractConnector.java:doStop(383)) - Stopped ServerConnector@5c883b3f{HTTP/1.1, (http/1.1)}{0.0.0.0:15003}
2023-12-01 12:04:23,267 [main] INFO  server.session (HouseKeeper.java:stopScavenging(149)) - node0 Stopped scavenging
2023-12-01 12:04:23,268 [main] INFO  handler.ContextHandler (ContextHandler.java:doStop(1159)) - Stopped o.e.j.s.ServletContextHandler@64404db6{static,/static,file:///home/runner/work/ozone/ozone/hadoop-ozone/integration-test/target/test-classes/webapps/static,STOPPED}
2023-12-01 12:04:23,268 [main] INFO  handler.ContextHandler (ContextHandler.java:doStop(1159)) - Stopped o.e.j.s.ServletContextHandler@15f3f9cf{logs,/logs,file:///home/runner/work/ozone/ozone/hadoop-ozone/integration-test/target/log,STOPPED}
2023-12-01 12:04:23,269 [main] INFO  server.StorageContainerManager (StorageContainerManager.java:stop(1666)) - Stopping SCM LayoutVersionManager Service.
2023-12-01 12:04:23,269 [main] INFO  server.StorageContainerManager (StorageContainerManager.java:stop(1678)) - Stopping Block Manager Service.
2023-12-01 12:04:23,269 [main] INFO  utils.BackgroundService (BackgroundService.java:shutdown(160)) - Shutting down service SCMBlockDeletingService
2023-12-01 12:04:23,269 [main] INFO  utils.BackgroundService (BackgroundService.java:shutdown(160)) - Shutting down service SCMBlockDeletingService
2023-12-01 12:04:23,270 [main] INFO  server.StorageContainerManager (StorageContainerManager.java:stop(1698)) - Stopping SCM Event Queue.
2023-12-01 12:04:23,271 [JvmPauseMonitor0] INFO  util.JvmPauseMonitor (JvmPauseMonitor.java:run(152)) - JvmPauseMonitor-5733cf2e-d325-44a6-91eb-3d40d214c2f0: Stopped
2023-12-01 12:04:23,271 [main] INFO  server.StorageContainerManager (StorageContainerManager.java:stop(1709)) - Stopping SCM HA services.
2023-12-01 12:04:23,271 [main] INFO  pipeline.BackgroundPipelineCreator (BackgroundPipelineCreator.java:stop(152)) - Stopping RatisPipelineUtilsThread.
2023-12-01 12:04:23,271 [RatisPipelineUtilsThread-0] WARN  pipeline.BackgroundPipelineCreator (BackgroundPipelineCreator.java:run(183)) - RatisPipelineUtilsThread is interrupted.
2023-12-01 12:04:23,272 [main] INFO  BackgroundPipelineScrubber (BackgroundSCMService.java:stop(131)) - Stopping BackgroundPipelineScrubber Service.
2023-12-01 12:04:23,272 [BackgroundPipelineScrubber] WARN  BackgroundPipelineScrubber (BackgroundSCMService.java:run(115)) - BackgroundPipelineScrubber is interrupted, exit
2023-12-01 12:04:23,273 [main] INFO  impl.MetricsSystemImpl (MetricsSystemImpl.java:stop(210)) - Stopping HddsDatanode metrics system...
2023-12-01 12:04:23,274 [prometheus] INFO  impl.MetricsSinkAdapter (MetricsSinkAdapter.java:publishMetricsFromQueue(141)) - prometheus thread interrupted.
2023-12-01 12:04:23,274 [main] INFO  impl.MetricsSystemImpl (MetricsSystemImpl.java:stop(216)) - HddsDatanode metrics system stopped.
2023-12-01 12:04:23,275 [main] WARN  pipeline.BackgroundPipelineCreator (BackgroundPipelineCreator.java:stop(148)) - RatisPipelineUtilsThread is not running, just ignore.
2023-12-01 12:04:23,275 [main] INFO  BackgroundPipelineScrubber (BackgroundSCMService.java:stop(126)) - BackgroundPipelineScrubber Service is not running, skip stop.
2023-12-01 12:04:23,275 [main] INFO  ExpiredContainerReplicaOpScrubber (BackgroundSCMService.java:stop(131)) - Stopping ExpiredContainerReplicaOpScrubber Service.
2023-12-01 12:04:23,275 [ExpiredContainerReplicaOpScrubber] WARN  ExpiredContainerReplicaOpScrubber (BackgroundSCMService.java:run(115)) - ExpiredContainerReplicaOpScrubber is interrupted, exit
2023-12-01 12:04:23,275 [main] INFO  utils.BackgroundService (BackgroundService.java:shutdown(160)) - Shutting down service SCMBlockDeletingService
2023-12-01 12:04:23,275 [main] INFO  replication.ReplicationManager (ReplicationManager.java:stop(332)) - Replication Monitor Thread is not running.
2023-12-01 12:04:23,276 [main] WARN  balancer.ContainerBalancer (ContainerBalancer.java:stop(327)) - Cannot stop Container Balancer because it's not running or stopping
2023-12-01 12:04:23,276 [LeaseManager#LeaseMonitor] WARN  lease.LeaseManager (LeaseManager.java:run(287)) - Lease manager is interrupted. Shutting down...
java.lang.InterruptedException
	at java.util.concurrent.locks.AbstractQueuedSynchronizer.doAcquireSharedNanos(AbstractQueuedSynchronizer.java:1039)
	at java.util.concurrent.locks.AbstractQueuedSynchronizer.tryAcquireSharedNanos(AbstractQueuedSynchronizer.java:1328)
	at java.util.concurrent.Semaphore.tryAcquire(Semaphore.java:409)
	at org.apache.hadoop.ozone.lease.LeaseManager$LeaseMonitor.run(LeaseManager.java:285)
	at java.lang.Thread.run(Thread.java:750)
2023-12-01 12:04:23,276 [main] INFO  server.StorageContainerManager (StorageContainerManager.java:stop(1744)) - Stopping SCM MetadataStore.
2023-12-01 12:04:23,330 [main] INFO  db.CodecTestUtil (CodecTestUtil.java:gc(47)) - gc 0
]]></system-out>
  </testcase>
  <testcase name="testPipelineCreationOnNodeRestart" classname="org.apache.hadoop.hdds.scm.pipeline.TestRatisPipelineCreateAndDestroy" time="189.496">
    <error message="testPipelineCreationOnNodeRestart() timed out after 180000 milliseconds" type="java.util.concurrent.TimeoutException"><![CDATA[java.util.concurrent.TimeoutException: testPipelineCreationOnNodeRestart() timed out after 180000 milliseconds
	at org.junit.jupiter.engine.extension.TimeoutInvocation.createTimeoutException(TimeoutInvocation.java:70)
	at org.junit.jupiter.engine.extension.TimeoutInvocation.proceed(TimeoutInvocation.java:59)
	at org.junit.jupiter.engine.extension.TimeoutExtension.intercept(TimeoutExtension.java:149)
	at org.junit.jupiter.engine.extension.TimeoutExtension.interceptTestableMethod(TimeoutExtension.java:140)
	at org.junit.jupiter.engine.extension.TimeoutExtension.interceptTestMethod(TimeoutExtension.java:84)
	at org.junit.jupiter.engine.execution.ExecutableInvoker$ReflectiveInterceptorCall.lambda$ofVoidMethod$0(ExecutableInvoker.java:115)
	at org.junit.jupiter.engine.execution.ExecutableInvoker.lambda$invoke$0(ExecutableInvoker.java:105)
	at org.junit.jupiter.engine.execution.InvocationInterceptorChain$InterceptedInvocation.proceed(InvocationInterceptorChain.java:106)
	at org.junit.jupiter.engine.execution.InvocationInterceptorChain.proceed(InvocationInterceptorChain.java:64)
	at org.junit.jupiter.engine.execution.InvocationInterceptorChain.chainAndInvoke(InvocationInterceptorChain.java:45)
	at org.junit.jupiter.engine.execution.InvocationInterceptorChain.invoke(InvocationInterceptorChain.java:37)
	at org.junit.jupiter.engine.execution.ExecutableInvoker.invoke(ExecutableInvoker.java:104)
	at org.junit.jupiter.engine.execution.ExecutableInvoker.invoke(ExecutableInvoker.java:98)
	at org.junit.jupiter.engine.descriptor.TestMethodTestDescriptor.lambda$invokeTestMethod$7(TestMethodTestDescriptor.java:214)
	at org.junit.platform.engine.support.hierarchical.ThrowableCollector.execute(ThrowableCollector.java:73)
	at org.junit.jupiter.engine.descriptor.TestMethodTestDescriptor.invokeTestMethod(TestMethodTestDescriptor.java:210)
	at org.junit.jupiter.engine.descriptor.TestMethodTestDescriptor.execute(TestMethodTestDescriptor.java:135)
	at org.junit.jupiter.engine.descriptor.TestMethodTestDescriptor.execute(TestMethodTestDescriptor.java:66)
	at org.junit.platform.engine.support.hierarchical.NodeTestTask.lambda$executeRecursively$6(NodeTestTask.java:151)
	at org.junit.platform.engine.support.hierarchical.ThrowableCollector.execute(ThrowableCollector.java:73)
	at org.junit.platform.engine.support.hierarchical.NodeTestTask.lambda$executeRecursively$8(NodeTestTask.java:141)
	at org.junit.platform.engine.support.hierarchical.Node.around(Node.java:137)
	at org.junit.platform.engine.support.hierarchical.NodeTestTask.lambda$executeRecursively$9(NodeTestTask.java:139)
	at org.junit.platform.engine.support.hierarchical.ThrowableCollector.execute(ThrowableCollector.java:73)
	at org.junit.platform.engine.support.hierarchical.NodeTestTask.executeRecursively(NodeTestTask.java:138)
	at org.junit.platform.engine.support.hierarchical.NodeTestTask.execute(NodeTestTask.java:95)
	at java.util.ArrayList.forEach(ArrayList.java:1259)
	at org.junit.platform.engine.support.hierarchical.SameThreadHierarchicalTestExecutorService.invokeAll(SameThreadHierarchicalTestExecutorService.java:41)
	at org.junit.platform.engine.support.hierarchical.NodeTestTask.lambda$executeRecursively$6(NodeTestTask.java:155)
	at org.junit.platform.engine.support.hierarchical.ThrowableCollector.execute(ThrowableCollector.java:73)
	at org.junit.platform.engine.support.hierarchical.NodeTestTask.lambda$executeRecursively$8(NodeTestTask.java:141)
	at org.junit.platform.engine.support.hierarchical.Node.around(Node.java:137)
	at org.junit.platform.engine.support.hierarchical.NodeTestTask.lambda$executeRecursively$9(NodeTestTask.java:139)
	at org.junit.platform.engine.support.hierarchical.ThrowableCollector.execute(ThrowableCollector.java:73)
	at org.junit.platform.engine.support.hierarchical.NodeTestTask.executeRecursively(NodeTestTask.java:138)
	at org.junit.platform.engine.support.hierarchical.NodeTestTask.execute(NodeTestTask.java:95)
	at java.util.ArrayList.forEach(ArrayList.java:1259)
	at org.junit.platform.engine.support.hierarchical.SameThreadHierarchicalTestExecutorService.invokeAll(SameThreadHierarchicalTestExecutorService.java:41)
	at org.junit.platform.engine.support.hierarchical.NodeTestTask.lambda$executeRecursively$6(NodeTestTask.java:155)
	at org.junit.platform.engine.support.hierarchical.ThrowableCollector.execute(ThrowableCollector.java:73)
	at org.junit.platform.engine.support.hierarchical.NodeTestTask.lambda$executeRecursively$8(NodeTestTask.java:141)
	at org.junit.platform.engine.support.hierarchical.Node.around(Node.java:137)
	at org.junit.platform.engine.support.hierarchical.NodeTestTask.lambda$executeRecursively$9(NodeTestTask.java:139)
	at org.junit.platform.engine.support.hierarchical.ThrowableCollector.execute(ThrowableCollector.java:73)
	at org.junit.platform.engine.support.hierarchical.NodeTestTask.executeRecursively(NodeTestTask.java:138)
	at org.junit.platform.engine.support.hierarchical.NodeTestTask.execute(NodeTestTask.java:95)
	at org.junit.platform.engine.support.hierarchical.SameThreadHierarchicalTestExecutorService.submit(SameThreadHierarchicalTestExecutorService.java:35)
	at org.junit.platform.engine.support.hierarchical.HierarchicalTestExecutor.execute(HierarchicalTestExecutor.java:57)
	at org.junit.platform.engine.support.hierarchical.HierarchicalTestEngine.execute(HierarchicalTestEngine.java:54)
	at org.junit.platform.launcher.core.EngineExecutionOrchestrator.execute(EngineExecutionOrchestrator.java:107)
	at org.junit.platform.launcher.core.EngineExecutionOrchestrator.execute(EngineExecutionOrchestrator.java:88)
	at org.junit.platform.launcher.core.EngineExecutionOrchestrator.lambda$execute$0(EngineExecutionOrchestrator.java:54)
	at org.junit.platform.launcher.core.EngineExecutionOrchestrator.withInterceptedStreams(EngineExecutionOrchestrator.java:67)
	at org.junit.platform.launcher.core.EngineExecutionOrchestrator.execute(EngineExecutionOrchestrator.java:52)
	at org.junit.platform.launcher.core.DefaultLauncher.execute(DefaultLauncher.java:114)
	at org.junit.platform.launcher.core.DefaultLauncher.execute(DefaultLauncher.java:86)
	at org.junit.platform.launcher.core.DefaultLauncherSession$DelegatingLauncher.execute(DefaultLauncherSession.java:86)
	at org.apache.maven.surefire.junitplatform.LazyLauncher.execute(LazyLauncher.java:56)
	at org.apache.maven.surefire.junitplatform.JUnitPlatformProvider.execute(JUnitPlatformProvider.java:184)
	at org.apache.maven.surefire.junitplatform.JUnitPlatformProvider.invokeAllTests(JUnitPlatformProvider.java:148)
	at org.apache.maven.surefire.junitplatform.JUnitPlatformProvider.invoke(JUnitPlatformProvider.java:120)
	at org.apache.maven.surefire.booter.ForkedBooter.runSuitesInProcess(ForkedBooter.java:385)
	at org.apache.maven.surefire.booter.ForkedBooter.execute(ForkedBooter.java:162)
	at org.apache.maven.surefire.booter.ForkedBooter.run(ForkedBooter.java:507)
	at org.apache.maven.surefire.booter.ForkedBooter.main(ForkedBooter.java:495)
]]></error>
    <system-out><![CDATA[2023-12-01 12:04:23,615 [main] WARN  server.ServerUtils (ServerUtils.java:getScmDbDir(155)) - ozone.scm.db.dirs is not configured. We recommend adding this setting. Falling back to ozone.metadata.dirs instead.
2023-12-01 12:04:23,617 [main] WARN  server.ServerUtils (ServerUtils.java:getScmDbDir(155)) - ozone.scm.db.dirs is not configured. We recommend adding this setting. Falling back to ozone.metadata.dirs instead.
2023-12-01 12:04:23,617 [main] INFO  ha.SCMHANodeDetails (SCMHANodeDetails.java:loadSCMHAConfig(210)) - ServiceID for StorageContainerManager is null
2023-12-01 12:04:23,618 [main] INFO  ha.SCMHANodeDetails (SCMHANodeDetails.java:loadSCMHAConfig(215)) - ozone.scm.default.service.id is not defined, falling back to ozone.scm.service.ids to find serviceID for StorageContainerManager if it is HA enabled cluster
2023-12-01 12:04:23,619 [main] WARN  utils.HAUtils (HAUtils.java:getMetaDir(339)) - ozone.scm.db.dirs is not configured. We recommend adding this setting. Falling back to ozone.metadata.dirs instead.
2023-12-01 12:04:23,619 [main] WARN  db.DBStoreBuilder (DBStoreBuilder.java:applyDBDefinition(167)) - ozone.scm.db.dirs is not configured. We recommend adding this setting. Falling back to ozone.metadata.dirs instead.
2023-12-01 12:04:23,693 [main] INFO  net.NodeSchemaLoader (NodeSchemaLoader.java:loadSchemaFromFile(129)) - Loading schema from [jar:file:/home/runner/.m2/repository/org/apache/ozone/hdds-common/1.4.0-SNAPSHOT/hdds-common-1.4.0-SNAPSHOT.jar!/network-topology-default.xml]
2023-12-01 12:04:23,693 [main] INFO  net.NodeSchemaLoader (NodeSchemaLoader.java:loadSchema(176)) - Loading network topology layer schema file
2023-12-01 12:04:23,696 [main] INFO  upgrade.AbstractLayoutVersionManager (AbstractLayoutVersionManager.java:init(83)) - Initializing Layout version manager with metadata layout = HADOOP_PRC_PORTS_IN_DATANODEDETAILS (version = 7), software layout = HADOOP_PRC_PORTS_IN_DATANODEDETAILS (version = 7)
2023-12-01 12:04:23,698 [main] INFO  ha.SequenceIdGenerator (SequenceIdGenerator.java:upgradeToSequenceId(370)) - upgrade localId to 111677748019200000
2023-12-01 12:04:23,699 [main] INFO  ha.SequenceIdGenerator (SequenceIdGenerator.java:upgradeToSequenceId(380)) - upgrade delTxnId to 0
2023-12-01 12:04:23,701 [main] INFO  ha.SequenceIdGenerator (SequenceIdGenerator.java:upgradeToSequenceId(397)) - upgrade containerId to 0
2023-12-01 12:04:23,702 [main] INFO  ha.SequenceIdGenerator (SequenceIdGenerator.java:upgradeToCertificateSequenceId(444)) - upgrade CertificateId to 2
2023-12-01 12:04:23,703 [main] INFO  ha.SequenceIdGenerator (SequenceIdGenerator.java:<init>(241)) - Init the HA SequenceIdGenerator.
2023-12-01 12:04:23,703 [main] WARN  server.ServerUtils (ServerUtils.java:sanitizeUserArgs(74)) - ozone.scm.stale.node.interval value = 5000 is smaller than min = 6000 based on the key value of hdds.heartbeat.interval, reset to the min value 6000.
2023-12-01 12:04:23,704 [main] WARN  server.ServerUtils (ServerUtils.java:sanitizeUserArgs(74)) - ozone.scm.stale.node.interval value = 5000 is smaller than min = 6000 based on the key value of hdds.heartbeat.interval, reset to the min value 6000.
2023-12-01 12:04:23,704 [main] INFO  node.SCMNodeManager (SCMNodeManager.java:<init>(168)) - Entering startup safe mode.
2023-12-01 12:04:23,705 [main] INFO  algorithms.ContainerPlacementPolicyFactory (ContainerPlacementPolicyFactory.java:getPolicyInternal(86)) - Create container placement policy of type org.apache.hadoop.hdds.scm.container.placement.algorithms.SCMContainerPlacementRackAware
2023-12-01 12:04:23,705 [main] INFO  algorithms.ContainerPlacementPolicyFactory (ContainerPlacementPolicyFactory.java:getPolicyInternal(86)) - Create container placement policy of type org.apache.hadoop.hdds.scm.container.placement.algorithms.SCMContainerPlacementRackScatter
2023-12-01 12:04:23,706 [main] INFO  pipeline.PipelineStateManagerImpl (PipelineStateManagerImpl.java:initialize(78)) - No pipeline exists in current db
2023-12-01 12:04:23,706 [main] INFO  algorithms.LeaderChoosePolicyFactory (LeaderChoosePolicyFactory.java:getPolicy(57)) - Create leader choose policy of type org.apache.hadoop.hdds.scm.pipeline.leader.choose.algorithms.MinLeaderCountChoosePolicy
2023-12-01 12:04:23,706 [main] INFO  algorithms.ContainerPlacementPolicyFactory (ContainerPlacementPolicyFactory.java:getPolicyInternal(86)) - Create container placement policy of type org.apache.hadoop.hdds.scm.container.placement.algorithms.SCMContainerPlacementRackScatter
2023-12-01 12:04:23,706 [main] INFO  ha.SCMServiceManager (SCMServiceManager.java:register(42)) - Registering service BackgroundPipelineCreator.
2023-12-01 12:04:23,706 [main] INFO  pipeline.BackgroundPipelineCreator (BackgroundPipelineCreator.java:start(127)) - Starting RatisPipelineUtilsThread.
2023-12-01 12:04:23,707 [main] INFO  BackgroundPipelineScrubber (BackgroundSCMService.java:start(68)) - Starting BackgroundPipelineScrubber Service.
2023-12-01 12:04:23,707 [main] INFO  ha.SCMServiceManager (SCMServiceManager.java:register(42)) - Registering service BackgroundPipelineScrubber.
2023-12-01 12:04:23,707 [main] INFO  ExpiredContainerReplicaOpScrubber (BackgroundSCMService.java:start(68)) - Starting ExpiredContainerReplicaOpScrubber Service.
2023-12-01 12:04:23,708 [main] INFO  ha.SCMServiceManager (SCMServiceManager.java:register(42)) - Registering service ExpiredContainerReplicaOpScrubber.
2023-12-01 12:04:23,709 [main] INFO  algorithms.PipelineChoosePolicyFactory (PipelineChoosePolicyFactory.java:createPipelineChoosePolicyFromClass(78)) - Create pipeline choose policy of type org.apache.hadoop.hdds.scm.pipeline.choose.algorithms.RandomPipelineChoosePolicy
2023-12-01 12:04:23,709 [main] INFO  algorithms.PipelineChoosePolicyFactory (PipelineChoosePolicyFactory.java:createPipelineChoosePolicyFromClass(78)) - Create pipeline choose policy of type org.apache.hadoop.hdds.scm.pipeline.choose.algorithms.RandomPipelineChoosePolicy
2023-12-01 12:04:23,710 [main] INFO  ha.SCMServiceManager (SCMServiceManager.java:register(42)) - Registering service SCMBlockDeletingService.
2023-12-01 12:04:23,711 [main] INFO  replication.ReplicationManager (ReplicationManager.java:start(290)) - Starting Replication Monitor Thread.
2023-12-01 12:04:23,716 [ReplicationMonitor] INFO  replication.ReplicationManager (ReplicationManager.java:processAll(365)) - Replication Manager is not ready to run until 3000ms after safemode exit
2023-12-01 12:04:23,716 [main] INFO  ha.SCMServiceManager (SCMServiceManager.java:register(42)) - Registering service ReplicationManager.
2023-12-01 12:04:23,716 [main] INFO  safemode.ContainerSafeModeRule (ContainerSafeModeRule.java:<init>(90)) - containers with one replica threshold count 0
2023-12-01 12:04:23,717 [main] INFO  safemode.HealthyPipelineSafeModeRule (HealthyPipelineSafeModeRule.java:initializeRule(169)) - Total pipeline count is 0, healthy pipeline threshold count is 1
2023-12-01 12:04:23,717 [main] INFO  safemode.OneReplicaPipelineSafeModeRule (OneReplicaPipelineSafeModeRule.java:initializeRule(180)) - Total pipeline count is 0, pipeline's with at least one datanode reported threshold count is 0
2023-12-01 12:04:23,717 [main] INFO  server.StorageContainerManager (StorageContainerManager.java:<init>(434)) - SCM start with adminUsers: [runner]
2023-12-01 12:04:23,718 [main] INFO  ipc.CallQueueManager (CallQueueManager.java:<init>(90)) - Using callQueue: class java.util.concurrent.LinkedBlockingQueue, queueCapacity: 2000, scheduler: class org.apache.hadoop.ipc.DefaultRpcScheduler, ipcBackoff: false.
2023-12-01 12:04:23,718 [main] INFO  ipc.Server (Server.java:<init>(1287)) - Listener at 0.0.0.0:15064
2023-12-01 12:04:23,719 [Socket Reader #1 for port 15064] INFO  ipc.Server (Server.java:run(1323)) - Starting Socket Reader #1 for port 15064
2023-12-01 12:04:23,724 [main] INFO  ipc.CallQueueManager (CallQueueManager.java:<init>(90)) - Using callQueue: class java.util.concurrent.LinkedBlockingQueue, queueCapacity: 2000, scheduler: class org.apache.hadoop.ipc.DefaultRpcScheduler, ipcBackoff: false.
2023-12-01 12:04:23,724 [main] INFO  ipc.Server (Server.java:<init>(1287)) - Listener at 0.0.0.0:15063
2023-12-01 12:04:23,724 [Socket Reader #1 for port 15063] INFO  ipc.Server (Server.java:run(1323)) - Starting Socket Reader #1 for port 15063
2023-12-01 12:04:23,725 [main] INFO  ipc.CallQueueManager (CallQueueManager.java:<init>(90)) - Using callQueue: class java.util.concurrent.LinkedBlockingQueue, queueCapacity: 2000, scheduler: class org.apache.hadoop.ipc.DefaultRpcScheduler, ipcBackoff: false.
2023-12-01 12:04:23,726 [main] INFO  ipc.Server (Server.java:<init>(1287)) - Listener at 0.0.0.0:15062
2023-12-01 12:04:23,726 [Socket Reader #1 for port 15062] INFO  ipc.Server (Server.java:run(1323)) - Starting Socket Reader #1 for port 15062
2023-12-01 12:04:23,735 [main] INFO  ha.SCMServiceManager (SCMServiceManager.java:register(42)) - Registering service ContainerBalancer.
2023-12-01 12:04:23,735 [main] INFO  server.StorageContainerManager (StorageContainerManager.java:<init>(447)) - 
Container Balancer status:
Key                            Value
Running                        false
Container Balancer Configuration values:
Key                                                Value
Threshold                                          10
Max Datanodes to Involve per Iteration(percent)    20
Max Size to Move per Iteration                     500GB
Max Size Entering Target per Iteration             26GB
Max Size Leaving Source per Iteration              26GB
Number of Iterations                               10
Time Limit for Single Container's Movement         65min
Time Limit for Single Container's Replication      50min
Interval between each Iteration                    70min
Whether to Enable Network Topology                 false
Whether to Trigger Refresh Datanode Usage Info     false
Container IDs to Exclude from Balancing            None
Datanodes Specified to be Balanced                 None
Datanodes Excluded from Balancing                  None

2023-12-01 12:04:23,735 [main] INFO  ha.SCMContext (SCMContext.java:updateSafeModeStatus(230)) - Update SafeModeStatus from SafeModeStatus{safeModeStatus=true, preCheckPassed=false} to SafeModeStatus{safeModeStatus=true, preCheckPassed=false}.
2023-12-01 12:04:23,736 [main] INFO  server.StorageContainerManager (StorageContainerManager.java:start(1512)) - StorageContainerLocationProtocol RPC server is listening at /0.0.0.0:15062
2023-12-01 12:04:23,738 [main] WARN  impl.MetricsConfig (MetricsConfig.java:loadFirst(136)) - Cannot locate configuration: tried hadoop-metrics2-storagecontainermanager.properties,hadoop-metrics2.properties
2023-12-01 12:04:23,740 [main] INFO  impl.MetricsSystemImpl (MetricsSystemImpl.java:startTimer(378)) - Scheduled Metric snapshot period at 10 second(s).
2023-12-01 12:04:23,740 [main] INFO  impl.MetricsSystemImpl (MetricsSystemImpl.java:start(191)) - StorageContainerManager metrics system started
2023-12-01 12:04:23,744 [main] INFO  impl.MetricsSinkAdapter (MetricsSinkAdapter.java:start(204)) - Sink prometheus started
2023-12-01 12:04:23,744 [main] INFO  impl.MetricsSystemImpl (MetricsSystemImpl.java:registerSink(305)) - Registered sink prometheus
2023-12-01 12:04:23,760 [main] INFO  server.SCMClientProtocolServer (SCMClientProtocolServer.java:start(201)) - RPC server for Client  is listening at /0.0.0.0:15062
2023-12-01 12:04:23,763 [IPC Server Responder] INFO  ipc.Server (Server.java:run(1562)) - IPC Server Responder: starting
2023-12-01 12:04:23,765 [IPC Server listener on 15062] INFO  ipc.Server (Server.java:run(1402)) - IPC Server listener on 15062: starting
2023-12-01 12:04:23,778 [main] INFO  server.StorageContainerManager (StorageContainerManager.java:start(1525)) - ScmBlockLocationProtocol RPC server is listening at /0.0.0.0:15063
2023-12-01 12:04:23,778 [main] INFO  server.SCMBlockProtocolServer (SCMBlockProtocolServer.java:start(158)) - RPC server for Block Protocol is listening at /0.0.0.0:15063
2023-12-01 12:04:23,778 [IPC Server Responder] INFO  ipc.Server (Server.java:run(1562)) - IPC Server Responder: starting
2023-12-01 12:04:23,779 [IPC Server listener on 15063] INFO  ipc.Server (Server.java:run(1402)) - IPC Server listener on 15063: starting
2023-12-01 12:04:23,785 [main] INFO  server.SCMDatanodeProtocolServer (SCMDatanodeProtocolServer.java:start(193)) - ScmDatanodeProtocol RPC server for DataNodes is listening at /0.0.0.0:15064
2023-12-01 12:04:23,786 [IPC Server Responder] INFO  ipc.Server (Server.java:run(1562)) - IPC Server Responder: starting
2023-12-01 12:04:23,786 [IPC Server listener on 15064] INFO  ipc.Server (Server.java:run(1402)) - IPC Server listener on 15064: starting
2023-12-01 12:04:23,797 [JvmPauseMonitor8] INFO  util.JvmPauseMonitor (JvmPauseMonitor.java:run(146)) - JvmPauseMonitor-e4075fe4-0516-4029-9437-c1113e446202: Started
2023-12-01 12:04:23,798 [main] INFO  http.BaseHttpServer (BaseHttpServer.java:newHttpServer2BuilderForOzone(223)) - Starting Web-server for scm at: http://0.0.0.0:15065
2023-12-01 12:04:23,798 [main] INFO  http.BaseHttpServer (BaseHttpServer.java:<init>(110)) - Hadoop Security Enabled: false Ozone Security Enabled: false Ozone HTTP Security Enabled: false 
2023-12-01 12:04:23,800 [main] WARN  server.AuthenticationFilter (AuthenticationFilter.java:constructSecretProvider(240)) - Unable to initialize FileSignerSecretProvider, falling back to use random secrets. Reason: Could not read signature secret file: /home/runner/hadoop-http-auth-signature-secret
2023-12-01 12:04:23,801 [main] INFO  http.HttpRequestLog (HttpRequestLog.java:getRequestLog(86)) - Http request log for http.requests.scm is not defined
2023-12-01 12:04:23,803 [main] INFO  http.HttpServer2 (HttpServer2.java:addGlobalFilter(1031)) - Added global filter 'safety' (class=org.apache.hadoop.hdds.server.http.HttpServer2$QuotingInputFilter)
2023-12-01 12:04:23,804 [main] INFO  http.HttpServer2 (HttpServer2.java:addFilter(1007)) - Added filter static_user_filter (class=org.apache.hadoop.http.lib.StaticUserWebFilter$StaticUserFilter) to context scm
2023-12-01 12:04:23,804 [main] INFO  http.HttpServer2 (HttpServer2.java:addFilter(1015)) - Added filter static_user_filter (class=org.apache.hadoop.http.lib.StaticUserWebFilter$StaticUserFilter) to context logs
2023-12-01 12:04:23,804 [main] INFO  http.HttpServer2 (HttpServer2.java:addFilter(1015)) - Added filter static_user_filter (class=org.apache.hadoop.http.lib.StaticUserWebFilter$StaticUserFilter) to context static
2023-12-01 12:04:23,806 [main] INFO  http.BaseHttpServer (BaseHttpServer.java:<init>(189)) - HTTP server of scm uses base directory /home/runner/work/ozone/ozone/hadoop-ozone/integration-test/target/test-dir/MiniOzoneClusterImpl-6e44b040-7731-4908-af37-66cbba4f501b/ozone-meta/webserver
2023-12-01 12:04:23,807 [main] INFO  http.HttpServer2 (HttpServer2.java:bindListener(1231)) - Jetty bound to port 15065
2023-12-01 12:04:23,807 [main] INFO  server.Server (Server.java:doStart(375)) - jetty-9.4.53.v20231009; built: 2023-10-09T12:29:09.265Z; git: 27bde00a0b95a1d5bbee0eae7984f891d2d0f8c9; jvm 1.8.0_392-b08
2023-12-01 12:04:23,810 [main] INFO  server.session (DefaultSessionIdManager.java:doStart(334)) - DefaultSessionIdManager workerName=node0
2023-12-01 12:04:23,811 [main] INFO  server.session (DefaultSessionIdManager.java:doStart(339)) - No SessionScavenger set, using defaults
2023-12-01 12:04:23,811 [main] INFO  server.session (HouseKeeper.java:startScavenging(132)) - node0 Scavenging every 600000ms
2023-12-01 12:04:23,812 [main] INFO  handler.ContextHandler (ContextHandler.java:doStart(921)) - Started o.e.j.s.ServletContextHandler@33c97392{logs,/logs,file:///home/runner/work/ozone/ozone/hadoop-ozone/integration-test/target/log,AVAILABLE}
2023-12-01 12:04:23,813 [main] INFO  handler.ContextHandler (ContextHandler.java:doStart(921)) - Started o.e.j.s.ServletContextHandler@32c21fa9{static,/static,file:///home/runner/work/ozone/ozone/hadoop-ozone/integration-test/target/test-classes/webapps/static,AVAILABLE}
2023-12-01 12:04:23,816 [main] INFO  handler.ContextHandler (ContextHandler.java:doStart(921)) - Started o.e.j.w.WebAppContext@66ac212{scm,/,file:///home/runner/work/ozone/ozone/hadoop-ozone/integration-test/target/test-classes/webapps/scm/,AVAILABLE}{file:/home/runner/work/ozone/ozone/hadoop-ozone/integration-test/target/test-classes/webapps/scm}
2023-12-01 12:04:23,817 [main] INFO  server.AbstractConnector (AbstractConnector.java:doStart(333)) - Started ServerConnector@2fbba0b1{HTTP/1.1, (http/1.1)}{0.0.0.0:15065}
2023-12-01 12:04:23,817 [main] INFO  server.Server (Server.java:doStart(415)) - Started @24257ms
2023-12-01 12:04:23,818 [main] WARN  impl.MetricsSystemImpl (MetricsSystemImpl.java:register(279)) - Sink prometheus already exists!
2023-12-01 12:04:23,818 [main] INFO  http.BaseHttpServer (BaseHttpServer.java:updateConnectorAddress(354)) - HTTP server of scm listening at http://0.0.0.0:15065
2023-12-01 12:04:23,819 [main] WARN  server.ServerUtils (ServerUtils.java:getDBPath(311)) - ozone.om.db.dirs is not configured. We recommend adding this setting. Falling back to ozone.metadata.dirs instead.
2023-12-01 12:04:23,820 [main] INFO  ha.OMHANodeDetails (OMHANodeDetails.java:loadOMHAConfig(115)) - ozone.om.internal.service.id is not defined, falling back to ozone.om.service.ids to find serviceID for OzoneManager if it is HA enabled cluster
2023-12-01 12:04:23,821 [main] INFO  ha.OMHANodeDetails (OMHANodeDetails.java:loadOMHAConfig(226)) - Configuration does not have ozone.om.address set. Falling back to the default OM address /127.0.0.1:15066
2023-12-01 12:04:23,821 [main] INFO  ha.OMHANodeDetails (OMHANodeDetails.java:getOMNodeDetailsForNonHA(254)) - OM Service ID is not set. Setting it to the default ID: omServiceIdDefault
2023-12-01 12:04:23,821 [main] INFO  ha.OMHANodeDetails (OMHANodeDetails.java:getOMNodeDetailsForNonHA(261)) - OM Node ID is not set. Setting it to the default ID: om1
2023-12-01 12:04:23,821 [main] WARN  server.ServerUtils (ServerUtils.java:getDBPath(311)) - ozone.om.db.dirs is not configured. We recommend adding this setting. Falling back to ozone.metadata.dirs instead.
2023-12-01 12:04:23,822 [main] INFO  upgrade.AbstractLayoutVersionManager (AbstractLayoutVersionManager.java:init(83)) - Initializing Layout version manager with metadata layout = QUOTA (version = 6), software layout = QUOTA (version = 6)
2023-12-01 12:04:23,868 [main] INFO  reflections.Reflections (Reflections.java:scan(232)) - Reflections took 45 ms to scan 2 urls, producing 190 keys and 527 values [using 4 cores]
2023-12-01 12:04:23,869 [main] INFO  upgrade.OMLayoutVersionManager (OMLayoutVersionManager.java:lambda$0(115)) - Skipping Upgrade Action MockOmUpgradeAction since it has been finalized.
2023-12-01 12:04:23,869 [main] INFO  upgrade.OMLayoutVersionManager (OMLayoutVersionManager.java:lambda$0(115)) - Skipping Upgrade Action QuotaRepairUpgradeAction since it has been finalized.
2023-12-01 12:04:23,870 [main] WARN  server.ServerUtils (ServerUtils.java:getDBPath(311)) - ozone.om.db.dirs is not configured. We recommend adding this setting. Falling back to ozone.metadata.dirs instead.
2023-12-01 12:04:23,870 [main] INFO  proxy.SCMBlockLocationFailoverProxyProvider (SCMBlockLocationFailoverProxyProvider.java:<init>(115)) - Created block location fail-over proxy with 1 nodes: [nodeId=scmNodeId,nodeAddress=/0.0.0.0:15063]
2023-12-01 12:04:23,872 [main] INFO  proxy.SCMBlockLocationFailoverProxyProvider (SCMBlockLocationFailoverProxyProvider.java:<init>(115)) - Created block location fail-over proxy with 1 nodes: [nodeId=scmNodeId,nodeAddress=/0.0.0.0:15063]
2023-12-01 12:04:23,881 [main] INFO  om.OzoneManager (OzoneManager.java:<init>(674)) - OM start with adminUsers: [runner]
2023-12-01 12:04:23,882 [main] WARN  server.ServerUtils (ServerUtils.java:getDBPath(311)) - ozone.om.db.dirs is not configured. We recommend adding this setting. Falling back to ozone.metadata.dirs instead.
2023-12-01 12:04:23,883 [main] INFO  helpers.OmKeyInfo (OmKeyInfo.java:getCodec(71)) - OmKeyInfo.getCodec ignorePipeline = true
2023-12-01 12:04:24,087 [main] INFO  om.OzoneManager (OzoneManager.java:instantiateServices(808)) - S3 Multi-Tenancy is disabled
2023-12-01 12:04:24,087 [main] INFO  om.OmSnapshotManager (OmSnapshotManager.java:<init>(176)) - Ozone filesystem snapshot feature is enabled.
2023-12-01 12:04:24,088 [main] WARN  server.ServerUtils (ServerUtils.java:getDBPath(311)) - ozone.om.snapshot.diff.db.dir is not configured. We recommend adding this setting. Falling back to ozone.metadata.dirs instead.
2023-12-01 12:04:24,104 [main] INFO  snapshot.SnapshotDiffManager (SnapshotDiffManager.java:closeExecutorService(1716)) - Shutting down executorService: 'SstDumpToolExecutor'
2023-12-01 12:04:24,106 [main] INFO  om.OzoneManager (OzoneManager.java:addS3GVolumeToDB(4440)) - Created Volume s3v With Owner runner required for S3Gateway operations.
2023-12-01 12:04:24,107 [main] WARN  server.ServerUtils (ServerUtils.java:getDefaultRatisDirectory(323)) - Storage directory for Ratis is not configured. It is a good idea to map this to an SSD disk. Falling back to ozone.metadata.dirs
2023-12-01 12:04:24,107 [main] WARN  utils.OzoneManagerRatisUtils (OzoneManagerRatisUtils.java:getOMRatisSnapshotDirectory(473)) - ozone.om.ratis.snapshot.dir is not configured. Falling back to ozone.metadata.dirs config
2023-12-01 12:04:24,108 [main] WARN  server.ServerUtils (ServerUtils.java:getDefaultRatisDirectory(323)) - Storage directory for Ratis is not configured. It is a good idea to map this to an SSD disk. Falling back to ozone.metadata.dirs
2023-12-01 12:04:24,109 [main] INFO  ratis.OzoneManagerRatisServer (OzoneManagerRatisServer.java:<init>(168)) - Instantiating OM Ratis server with groupID: omServiceIdDefault and peers: localhost:15069
2023-12-01 12:04:24,109 [main] INFO  ratis.OzoneManagerStateMachine (OzoneManagerStateMachine.java:loadSnapshotInfoFromDB(708)) - LastAppliedIndex is set from TransactionInfo from OM DB as (t:0, i:~)
2023-12-01 12:04:24,110 [main] INFO  server.RaftServer (ConfUtils.java:logGet(46)) - raft.rpc.type = GRPC (default)
2023-12-01 12:04:24,110 [main] INFO  grpc.GrpcConfigKeys (ConfUtils.java:logFallback(53)) - raft.grpc.admin.host = null (fallback to raft.grpc.server.host)
2023-12-01 12:04:24,110 [main] INFO  grpc.GrpcConfigKeys (ConfUtils.java:logFallback(53)) - raft.grpc.admin.port = 15069 (fallback to raft.grpc.server.port)
2023-12-01 12:04:24,111 [main] INFO  grpc.GrpcConfigKeys (ConfUtils.java:logFallback(53)) - raft.grpc.client.host = null (fallback to raft.grpc.server.host)
2023-12-01 12:04:24,111 [main] INFO  grpc.GrpcConfigKeys (ConfUtils.java:logFallback(53)) - raft.grpc.client.port = 15069 (fallback to raft.grpc.server.port)
2023-12-01 12:04:24,111 [main] INFO  grpc.GrpcConfigKeys (ConfUtils.java:logGet(46)) - raft.grpc.server.host = null (default)
2023-12-01 12:04:24,111 [main] INFO  grpc.GrpcConfigKeys (ConfUtils.java:logGet(46)) - raft.grpc.server.port = 15069 (custom)
2023-12-01 12:04:24,111 [main] INFO  server.GrpcService (ConfUtils.java:logGet(46)) - raft.grpc.message.size.max = 33554432 (custom)
2023-12-01 12:04:24,112 [main] INFO  server.RaftServerConfigKeys (ConfUtils.java:logGet(46)) - raft.server.log.appender.buffer.byte-limit = 33554432 (custom)
2023-12-01 12:04:24,112 [main] INFO  server.GrpcService (ConfUtils.java:logGet(46)) - raft.grpc.flow.control.window = 1MB (=1048576) (default)
2023-12-01 12:04:24,112 [main] INFO  server.RaftServerConfigKeys (ConfUtils.java:logGet(46)) - raft.server.rpc.request.timeout = 3000ms (default)
2023-12-01 12:04:24,112 [main] INFO  grpc.GrpcConfigKeys (ConfUtils.java:logGet(46)) - raft.grpc.server.heartbeat.channel = true (default)
2023-12-01 12:04:24,112 [main] INFO  grpc.GrpcConfigKeys (ConfUtils.java:logGet(46)) - raft.grpc.server.async.request.thread.pool.cached = true (default)
2023-12-01 12:04:24,113 [main] INFO  grpc.GrpcConfigKeys (ConfUtils.java:logGet(46)) - raft.grpc.server.async.request.thread.pool.size = 32 (default)
2023-12-01 12:04:24,114 [main] INFO  impl.DataStreamServerImpl (ConfUtils.java:logGet(46)) - raft.datastream.type = DISABLED (default)
2023-12-01 12:04:24,114 [main] INFO  server.RaftServerConfigKeys (ConfUtils.java:logGet(46)) - raft.server.sleep.deviation.threshold = 300ms (default)
2023-12-01 12:04:24,114 [main] INFO  server.RaftServerConfigKeys (ConfUtils.java:logGet(46)) - raft.server.close.threshold = 60s (default)
2023-12-01 12:04:24,115 [main] INFO  server.RaftServerConfigKeys (ConfUtils.java:logGet(46)) - raft.server.leaderelection.leader.step-down.wait-time = 10s (default)
2023-12-01 12:04:24,115 [main] INFO  server.RaftServerConfigKeys (ConfUtils.java:logGet(46)) - raft.server.storage.dir = [/home/runner/work/ozone/ozone/hadoop-ozone/integration-test/target/test-dir/MiniOzoneClusterImpl-6e44b040-7731-4908-af37-66cbba4f501b/ozone-meta/ratis] (custom)
2023-12-01 12:04:24,115 [main] INFO  server.RaftServerConfigKeys (ConfUtils.java:logGet(46)) - raft.server.threadpool.proxy.cached = true (default)
2023-12-01 12:04:24,115 [main] INFO  server.RaftServerConfigKeys (ConfUtils.java:logGet(46)) - raft.server.threadpool.proxy.size = 0 (default)
2023-12-01 12:04:24,116 [main] INFO  server.RaftServer (RaftServerProxy.java:addNew(100)) - om1: addNew group-C5BA1605619E:[om1|localhost:15069] returns group-C5BA1605619E:java.util.concurrent.CompletableFuture@7341617c[Not completed]
2023-12-01 12:04:24,116 [main] INFO  om.OzoneManager (OzoneManager.java:initializeRatisServer(2144)) - OzoneManager Ratis server initialized at port 15069
2023-12-01 12:04:24,116 [om1-groupManagement] INFO  server.RaftServer$Division (RaftServerImpl.java:<init>(256)) - om1: new RaftServerImpl for group-C5BA1605619E:[om1|localhost:15069] with OzoneManagerStateMachine:uninitialized
2023-12-01 12:04:24,116 [main] INFO  om.OzoneManager (OzoneManager.java:getRpcServer(1210)) - Creating RPC Server
2023-12-01 12:04:24,116 [om1-groupManagement] INFO  server.RaftServerConfigKeys (ConfUtils.java:logGet(46)) - raft.server.rpc.timeout.min = 1s (custom)
2023-12-01 12:04:24,117 [om1-groupManagement] INFO  server.RaftServerConfigKeys (ConfUtils.java:logGet(46)) - raft.server.rpc.timeout.max = 1200ms (custom)
2023-12-01 12:04:24,117 [om1-groupManagement] INFO  server.RaftServerConfigKeys (ConfUtils.java:logGet(46)) - raft.server.rpc.sleep.time = 25ms (default)
2023-12-01 12:04:24,117 [om1-groupManagement] INFO  server.RaftServerConfigKeys (ConfUtils.java:logGet(46)) - raft.server.rpc.slowness.timeout = 120s (custom)
2023-12-01 12:04:24,117 [om1-groupManagement] INFO  server.RaftServerConfigKeys (ConfUtils.java:logGet(46)) - raft.server.leaderelection.leader.step-down.wait-time = 10s (default)
2023-12-01 12:04:24,117 [om1-groupManagement] INFO  server.RaftServerConfigKeys (ConfUtils.java:logGet(46)) - raft.server.leaderelection.member.majority-add = false (default)
2023-12-01 12:04:24,117 [om1-groupManagement] INFO  server.RaftServerConfigKeys (ConfUtils.java:logGet(46)) - raft.server.sleep.deviation.threshold = 300ms (default)
2023-12-01 12:04:24,117 [om1-groupManagement] INFO  server.RaftServer$Division (ServerState.java:<init>(113)) - om1@group-C5BA1605619E: ConfigurationManager, init=-1: peers:[om1|localhost:15069]|listeners:[], old=null, confs=<EMPTY_MAP>
2023-12-01 12:04:24,117 [om1-groupManagement] INFO  server.RaftServerConfigKeys (ConfUtils.java:logGet(46)) - raft.server.notification.no-leader.timeout = 120s (custom)
2023-12-01 12:04:24,117 [om1-groupManagement] INFO  server.RaftServerConfigKeys (ConfUtils.java:logGet(46)) - raft.server.read.timeout = 10s (default)
2023-12-01 12:04:24,117 [om1-groupManagement] INFO  server.RaftServerConfigKeys (ConfUtils.java:logGet(46)) - raft.server.retrycache.expirytime = 300s (custom)
2023-12-01 12:04:24,117 [om1-groupManagement] INFO  server.RaftServerConfigKeys (ConfUtils.java:logGet(46)) - raft.server.retrycache.statistics.expirytime = 100ms (default)
2023-12-01 12:04:24,117 [om1-groupManagement] INFO  server.RaftServerConfigKeys (ConfUtils.java:logGet(46)) - raft.server.read.option = DEFAULT (default)
2023-12-01 12:04:24,117 [om1-groupManagement] INFO  server.RaftServerConfigKeys (ConfUtils.java:logGet(46)) - raft.server.read.read-after-write-consistent.write-index-cache.expiry-time = 60s (default)
2023-12-01 12:04:24,119 [om1-groupManagement] INFO  server.RaftServerConfigKeys (ConfUtils.java:logGet(46)) - raft.server.rpc.request.timeout = 3000ms (default)
2023-12-01 12:04:24,119 [om1-groupManagement] INFO  server.RaftServerConfigKeys (ConfUtils.java:logGet(46)) - raft.server.log.appender.install.snapshot.enabled = false (custom)
2023-12-01 12:04:24,119 [om1-groupManagement] INFO  server.RaftServerConfigKeys (ConfUtils.java:logGet(46)) - raft.server.threadpool.server.cached = true (default)
2023-12-01 12:04:24,119 [om1-groupManagement] INFO  server.RaftServerConfigKeys (ConfUtils.java:logGet(46)) - raft.server.threadpool.server.size = 0 (default)
2023-12-01 12:04:24,119 [om1-groupManagement] INFO  server.RaftServerConfigKeys (ConfUtils.java:logGet(46)) - raft.server.threadpool.client.cached = true (default)
2023-12-01 12:04:24,119 [om1-groupManagement] INFO  server.RaftServerConfigKeys (ConfUtils.java:logGet(46)) - raft.server.threadpool.client.size = 0 (default)
2023-12-01 12:04:24,317 [main] INFO  reflections.Reflections (Reflections.java:scan(232)) - Reflections took 198 ms to scan 20 urls, producing 71 keys and 6125 values [using 4 cores]
2023-12-01 12:04:24,318 [main] INFO  ipc.CallQueueManager (CallQueueManager.java:<init>(90)) - Using callQueue: class java.util.concurrent.LinkedBlockingQueue, queueCapacity: 2000, scheduler: class org.apache.hadoop.ipc.DefaultRpcScheduler, ipcBackoff: false.
2023-12-01 12:04:24,319 [main] INFO  ipc.Server (Server.java:<init>(1287)) - Listener at 127.0.0.1:15066
2023-12-01 12:04:24,319 [Socket Reader #1 for port 15066] INFO  ipc.Server (Server.java:run(1323)) - Starting Socket Reader #1 for port 15066
2023-12-01 12:04:24,335 [main] INFO  impl.MetricsSystemImpl (MetricsSystemImpl.java:init(158)) - OzoneManager metrics system started (again)
2023-12-01 12:04:24,344 [main] INFO  om.OzoneManager (OzoneManager.java:start(1632)) - OzoneManager RPC server is listening at localhost/127.0.0.1:15066
2023-12-01 12:04:24,344 [main] INFO  ratis.OzoneManagerRatisServer (OzoneManagerRatisServer.java:start(585)) - Starting OzoneManagerRatisServer om1 at port 15069
2023-12-01 12:04:24,344 [om1-impl-thread1] INFO  server.RaftServerConfigKeys (ConfUtils.java:logGet(46)) - raft.server.storage.free-space.min = 0MB (=0) (default)
2023-12-01 12:04:24,345 [om1-impl-thread1] INFO  server.RaftServerConfigKeys (ConfUtils.java:logGet(46)) - raft.server.log.corruption.policy = EXCEPTION (default)
2023-12-01 12:04:24,345 [om1-impl-thread1] INFO  server.RaftServerConfigKeys (ConfUtils.java:logGet(46)) - raft.server.storage.dir = [/home/runner/work/ozone/ozone/hadoop-ozone/integration-test/target/test-dir/MiniOzoneClusterImpl-6e44b040-7731-4908-af37-66cbba4f501b/ozone-meta/ratis] (custom)
2023-12-01 12:04:24,345 [om1-impl-thread1] INFO  storage.RaftStorageDirectory (RaftStorageDirectoryImpl.java:analyzeStorage(138)) - The storage directory /home/runner/work/ozone/ozone/hadoop-ozone/integration-test/target/test-dir/MiniOzoneClusterImpl-6e44b040-7731-4908-af37-66cbba4f501b/ozone-meta/ratis/bf265839-605b-3f16-9796-c5ba1605619e does not exist. Creating ...
2023-12-01 12:04:24,346 [om1-impl-thread1] INFO  storage.RaftStorageDirectory (RaftStorageDirectoryImpl.java:tryLock(232)) - Lock on /home/runner/work/ozone/ozone/hadoop-ozone/integration-test/target/test-dir/MiniOzoneClusterImpl-6e44b040-7731-4908-af37-66cbba4f501b/ozone-meta/ratis/bf265839-605b-3f16-9796-c5ba1605619e/in_use.lock acquired by nodename 15370@fv-az1423-675
2023-12-01 12:04:24,347 [om1-impl-thread1] INFO  storage.RaftStorage (RaftStorageImpl.java:format(97)) - Storage directory /home/runner/work/ozone/ozone/hadoop-ozone/integration-test/target/test-dir/MiniOzoneClusterImpl-6e44b040-7731-4908-af37-66cbba4f501b/ozone-meta/ratis/bf265839-605b-3f16-9796-c5ba1605619e has been successfully formatted.
2023-12-01 12:04:24,347 [om1-impl-thread1] INFO  server.RaftServerConfigKeys (ConfUtils.java:logGet(46)) - raft.server.log.use.memory = false (default)
2023-12-01 12:04:24,348 [om1-impl-thread1] INFO  server.RaftServerConfigKeys (ConfUtils.java:logGet(46)) - raft.server.log.purge.gap = 1000000 (custom)
2023-12-01 12:04:24,348 [om1-impl-thread1] INFO  server.RaftServerConfigKeys (ConfUtils.java:logGet(46)) - raft.server.log.appender.buffer.byte-limit = 33554432 (custom)
2023-12-01 12:04:24,348 [om1-impl-thread1] INFO  server.RaftServerConfigKeys (ConfUtils.java:logGet(46)) - raft.server.log.statemachine.data.read.timeout = 1000ms (default)
2023-12-01 12:04:24,348 [om1-impl-thread1] INFO  server.RaftServerConfigKeys (ConfUtils.java:logGet(46)) - raft.server.log.purge.preservation.log.num = 0 (default)
2023-12-01 12:04:24,348 [om1-impl-thread1] INFO  server.RaftServerConfigKeys (ConfUtils.java:logGet(46)) - raft.server.log.segment.size.max = 4194304 (custom)
2023-12-01 12:04:24,348 [om1-impl-thread1] INFO  server.RaftServerConfigKeys (ConfUtils.java:logGet(46)) - raft.server.log.segment.cache.num.max = 2 (custom)
2023-12-01 12:04:24,349 [om1-impl-thread1] INFO  server.RaftServerConfigKeys (ConfUtils.java:logGet(46)) - raft.server.log.segment.cache.size.max = 200MB (=209715200) (default)
2023-12-01 12:04:24,349 [om1-impl-thread1] INFO  server.RaftServerConfigKeys (ConfUtils.java:logGet(46)) - raft.server.log.appender.buffer.byte-limit = 33554432 (custom)
2023-12-01 12:04:24,349 [om1-impl-thread1] INFO  util.AwaitToRun (AwaitToRun.java:start(81)) - Thread[om1@group-C5BA1605619E-cacheEviction-AwaitToRun,5,main] started
2023-12-01 12:04:24,349 [om1-impl-thread1] INFO  segmented.SegmentedRaftLogWorker (SegmentedRaftLogWorker.java:<init>(184)) - new om1@group-C5BA1605619E-SegmentedRaftLogWorker for RaftStorageImpl:Storage Directory /home/runner/work/ozone/ozone/hadoop-ozone/integration-test/target/test-dir/MiniOzoneClusterImpl-6e44b040-7731-4908-af37-66cbba4f501b/ozone-meta/ratis/bf265839-605b-3f16-9796-c5ba1605619e
2023-12-01 12:04:24,349 [om1-impl-thread1] INFO  server.RaftServerConfigKeys (ConfUtils.java:logGet(46)) - raft.server.log.queue.byte-limit = 64MB (=67108864) (default)
2023-12-01 12:04:24,349 [om1-impl-thread1] INFO  server.RaftServerConfigKeys (ConfUtils.java:logGet(46)) - raft.server.log.queue.element-limit = 4096 (default)
2023-12-01 12:04:24,349 [om1-impl-thread1] INFO  server.RaftServerConfigKeys (ConfUtils.java:logGet(46)) - raft.server.log.segment.size.max = 4194304 (custom)
2023-12-01 12:04:24,349 [om1-impl-thread1] INFO  server.RaftServerConfigKeys (ConfUtils.java:logGet(46)) - raft.server.log.preallocated.size = 4194304 (custom)
2023-12-01 12:04:24,349 [om1-impl-thread1] INFO  server.RaftServerConfigKeys (ConfUtils.java:logGet(46)) - raft.server.log.force.sync.num = 128 (default)
2023-12-01 12:04:24,349 [om1-impl-thread1] INFO  server.RaftServerConfigKeys (ConfUtils.java:logGet(46)) - raft.server.log.statemachine.data.sync = true (default)
2023-12-01 12:04:24,349 [om1-impl-thread1] INFO  server.RaftServerConfigKeys (ConfUtils.java:logGet(46)) - raft.server.log.statemachine.data.sync.timeout = 10s (default)
2023-12-01 12:04:24,349 [om1-impl-thread1] INFO  server.RaftServerConfigKeys (ConfUtils.java:logGet(46)) - raft.server.log.statemachine.data.sync.timeout.retry = -1 (default)
2023-12-01 12:04:24,350 [om1-impl-thread1] INFO  server.RaftServerConfigKeys (ConfUtils.java:logGet(46)) - raft.server.log.write.buffer.size = 64KB (=65536) (default)
2023-12-01 12:04:24,350 [om1-impl-thread1] INFO  server.RaftServerConfigKeys (ConfUtils.java:logGet(46)) - raft.server.log.appender.buffer.byte-limit = 33554432 (custom)
2023-12-01 12:04:24,351 [om1-impl-thread1] INFO  server.RaftServerConfigKeys (ConfUtils.java:logGet(46)) - raft.server.log.unsafe-flush.enabled = false (default)
2023-12-01 12:04:24,352 [om1-impl-thread1] INFO  server.RaftServerConfigKeys (ConfUtils.java:logGet(46)) - raft.server.log.async-flush.enabled = false (default)
2023-12-01 12:04:24,352 [om1-impl-thread1] INFO  server.RaftServerConfigKeys (ConfUtils.java:logGet(46)) - raft.server.log.statemachine.data.caching.enabled = false (default)
2023-12-01 12:04:24,352 [om1-impl-thread1] INFO  segmented.SegmentedRaftLogWorker (SegmentedRaftLogWorker.java:lambda$new$0(135)) - om1@group-C5BA1605619E-SegmentedRaftLogWorker: flushIndex: setUnconditionally 0 -> -1
2023-12-01 12:04:24,352 [om1-impl-thread1] INFO  segmented.SegmentedRaftLogWorker (SegmentedRaftLogWorker.java:lambda$new$0(135)) - om1@group-C5BA1605619E-SegmentedRaftLogWorker: safeCacheEvictIndex: setUnconditionally 0 -> -1
2023-12-01 12:04:24,352 [om1-impl-thread1] INFO  server.RaftServer$Division (RaftServerImpl.java:start(392)) - om1@group-C5BA1605619E: start as a follower, conf=-1: peers:[om1|localhost:15069]|listeners:[], old=null
2023-12-01 12:04:24,352 [om1-impl-thread1] INFO  server.RaftServer$Division (RaftServerImpl.java:setRole(379)) - om1@group-C5BA1605619E: changes role from      null to FOLLOWER at term 0 for startAsFollower
2023-12-01 12:04:24,352 [om1-impl-thread1] INFO  impl.RoleInfo (RoleInfo.java:updateAndGet(139)) - om1: start om1@group-C5BA1605619E-FollowerState
2023-12-01 12:04:24,353 [om1-impl-thread1] INFO  util.JmxRegister (JmxRegister.java:tryRegister(44)) - Successfully registered JMX Bean with object name Ratis:service=RaftServer,group=group-C5BA1605619E,id=om1
2023-12-01 12:04:24,353 [om1-impl-thread1] INFO  server.RaftServerConfigKeys (ConfUtils.java:logGet(46)) - raft.server.snapshot.trigger-when-stop.enabled = true (default)
2023-12-01 12:04:24,353 [om1-impl-thread1] INFO  server.RaftServerConfigKeys (ConfUtils.java:logGet(46)) - raft.server.snapshot.auto.trigger.enabled = true (custom)
2023-12-01 12:04:24,353 [om1-impl-thread1] INFO  server.RaftServerConfigKeys (ConfUtils.java:logGet(46)) - raft.server.snapshot.auto.trigger.threshold = 400000 (default)
2023-12-01 12:04:24,353 [om1-impl-thread1] INFO  server.RaftServerConfigKeys (ConfUtils.java:logGet(46)) - raft.server.snapshot.retention.file.num = -1 (default)
2023-12-01 12:04:24,353 [om1-impl-thread1] INFO  server.RaftServerConfigKeys (ConfUtils.java:logGet(46)) - raft.server.log.purge.upto.snapshot.index = true (custom)
2023-12-01 12:04:24,354 [om1@group-C5BA1605619E-FollowerState] INFO  server.RaftServerConfigKeys (ConfUtils.java:logFallback(53)) - raft.server.rpc.first-election.timeout.min = 1s (fallback to raft.server.rpc.timeout.min)
2023-12-01 12:04:24,354 [om1@group-C5BA1605619E-FollowerState] INFO  server.RaftServerConfigKeys (ConfUtils.java:logFallback(53)) - raft.server.rpc.first-election.timeout.max = 1200ms (fallback to raft.server.rpc.timeout.max)
2023-12-01 12:04:24,355 [main] INFO  server.RaftServer (RaftServerProxy.java:startImpl(406)) - om1: start RPC server
2023-12-01 12:04:24,356 [main] INFO  server.GrpcService (GrpcService.java:startImpl(302)) - om1: GrpcService started, listening on 15069
2023-12-01 12:04:24,357 [JvmPauseMonitor9] INFO  util.JvmPauseMonitor (JvmPauseMonitor.java:run(146)) - JvmPauseMonitor-om1: Started
2023-12-01 12:04:24,357 [main] INFO  om.OzoneManager (OzoneManager.java:start(1648)) - Version File has different layout version (6) than OM DB (null). That is expected if this OM has never been finalized to a newer layout version.
2023-12-01 12:04:24,361 [main] INFO  http.BaseHttpServer (BaseHttpServer.java:newHttpServer2BuilderForOzone(223)) - Starting Web-server for ozoneManager at: http://0.0.0.0:15067
2023-12-01 12:04:24,361 [main] INFO  http.BaseHttpServer (BaseHttpServer.java:<init>(110)) - Hadoop Security Enabled: false Ozone Security Enabled: false Ozone HTTP Security Enabled: false 
2023-12-01 12:04:24,362 [main] WARN  server.AuthenticationFilter (AuthenticationFilter.java:constructSecretProvider(240)) - Unable to initialize FileSignerSecretProvider, falling back to use random secrets. Reason: Could not read signature secret file: /home/runner/hadoop-http-auth-signature-secret
2023-12-01 12:04:24,363 [main] INFO  http.HttpRequestLog (HttpRequestLog.java:getRequestLog(86)) - Http request log for http.requests.ozoneManager is not defined
2023-12-01 12:04:24,364 [main] INFO  http.HttpServer2 (HttpServer2.java:addGlobalFilter(1031)) - Added global filter 'safety' (class=org.apache.hadoop.hdds.server.http.HttpServer2$QuotingInputFilter)
2023-12-01 12:04:24,365 [main] INFO  http.HttpServer2 (HttpServer2.java:addFilter(1007)) - Added filter static_user_filter (class=org.apache.hadoop.http.lib.StaticUserWebFilter$StaticUserFilter) to context ozoneManager
2023-12-01 12:04:24,365 [main] INFO  http.HttpServer2 (HttpServer2.java:addFilter(1015)) - Added filter static_user_filter (class=org.apache.hadoop.http.lib.StaticUserWebFilter$StaticUserFilter) to context logs
2023-12-01 12:04:24,365 [main] INFO  http.HttpServer2 (HttpServer2.java:addFilter(1015)) - Added filter static_user_filter (class=org.apache.hadoop.http.lib.StaticUserWebFilter$StaticUserFilter) to context static
2023-12-01 12:04:24,366 [main] INFO  http.BaseHttpServer (BaseHttpServer.java:<init>(189)) - HTTP server of ozoneManager uses base directory /home/runner/work/ozone/ozone/hadoop-ozone/integration-test/target/test-dir/MiniOzoneClusterImpl-6e44b040-7731-4908-af37-66cbba4f501b/ozone-meta/webserver
2023-12-01 12:04:24,366 [main] INFO  http.HttpServer2 (HttpServer2.java:bindListener(1231)) - Jetty bound to port 15067
2023-12-01 12:04:24,366 [main] INFO  server.Server (Server.java:doStart(375)) - jetty-9.4.53.v20231009; built: 2023-10-09T12:29:09.265Z; git: 27bde00a0b95a1d5bbee0eae7984f891d2d0f8c9; jvm 1.8.0_392-b08
2023-12-01 12:04:24,369 [main] INFO  server.session (DefaultSessionIdManager.java:doStart(334)) - DefaultSessionIdManager workerName=node0
2023-12-01 12:04:24,369 [main] INFO  server.session (DefaultSessionIdManager.java:doStart(339)) - No SessionScavenger set, using defaults
2023-12-01 12:04:24,369 [main] INFO  server.session (HouseKeeper.java:startScavenging(132)) - node0 Scavenging every 600000ms
2023-12-01 12:04:24,370 [main] INFO  handler.ContextHandler (ContextHandler.java:doStart(921)) - Started o.e.j.s.ServletContextHandler@6f5db8ff{logs,/logs,file:///home/runner/work/ozone/ozone/hadoop-ozone/integration-test/target/log,AVAILABLE}
2023-12-01 12:04:24,370 [main] INFO  handler.ContextHandler (ContextHandler.java:doStart(921)) - Started o.e.j.s.ServletContextHandler@7b7afcac{static,/static,file:///home/runner/work/ozone/ozone/hadoop-ozone/integration-test/target/test-classes/webapps/static,AVAILABLE}
2023-12-01 12:04:24,373 [main] INFO  handler.ContextHandler (ContextHandler.java:doStart(921)) - Started o.e.j.w.WebAppContext@1b574b87{ozoneManager,/,file:///home/runner/work/ozone/ozone/hadoop-ozone/integration-test/target/test-classes/webapps/ozoneManager/,AVAILABLE}{file:/home/runner/work/ozone/ozone/hadoop-ozone/integration-test/target/test-classes/webapps/ozoneManager}
2023-12-01 12:04:24,376 [main] INFO  server.AbstractConnector (AbstractConnector.java:doStart(333)) - Started ServerConnector@609b2a43{HTTP/1.1, (http/1.1)}{0.0.0.0:15067}
2023-12-01 12:04:24,376 [main] INFO  server.Server (Server.java:doStart(415)) - Started @24816ms
2023-12-01 12:04:24,376 [main] WARN  impl.MetricsSystemImpl (MetricsSystemImpl.java:register(279)) - Sink prometheus already exists!
2023-12-01 12:04:24,377 [main] INFO  http.BaseHttpServer (BaseHttpServer.java:updateConnectorAddress(354)) - HTTP server of ozoneManager listening at http://0.0.0.0:15067
2023-12-01 12:04:24,377 [IPC Server Responder] INFO  ipc.Server (Server.java:run(1562)) - IPC Server Responder: starting
2023-12-01 12:04:24,382 [IPC Server listener on 15066] INFO  ipc.Server (Server.java:run(1402)) - IPC Server listener on 15066: starting
2023-12-01 12:04:24,411 [main] INFO  om.OzoneManager (OzoneManager.java:startTrashEmptier(2097)) - Trash Interval set to 0. Files deleted won't move to trash
2023-12-01 12:04:24,422 [main] WARN  dropwizard3.Dm3MetricRegistriesImpl (Dm3MetricRegistriesImpl.java:addReporterRegistration(113)) - New reporters are added after registries were created. Some metrics will be missing from the reporter. Please add reporter before adding any new registry.
2023-12-01 12:04:24,422 [main] WARN  dropwizard3.Dm3MetricRegistriesImpl (Dm3MetricRegistriesImpl.java:addReporterRegistration(113)) - New reporters are added after registries were created. Some metrics will be missing from the reporter. Please add reporter before adding any new registry.
2023-12-01 12:04:24,422 [main] INFO  impl.MetricsSystemImpl (MetricsSystemImpl.java:init(158)) - HddsDatanode metrics system started (again)
2023-12-01 12:04:24,464 [main] INFO  ozone.HddsDatanodeService (HddsDatanodeService.java:start(239)) - HddsDatanodeService host:fv-az1423-675.ei5rwdf52qxuxllzxeqjam05jd.ex.internal.cloudapp.net ip:10.1.0.24
2023-12-01 12:04:24,485 [main] INFO  upgrade.AbstractLayoutVersionManager (AbstractLayoutVersionManager.java:init(83)) - Initializing Layout version manager with metadata layout = HADOOP_PRC_PORTS_IN_DATANODEDETAILS (version = 7), software layout = HADOOP_PRC_PORTS_IN_DATANODEDETAILS (version = 7)
2023-12-01 12:04:24,486 [main] INFO  statemachine.DatanodeStateMachine (DatanodeStateMachine.java:getEndPointTaskThreadPoolSize(299)) - Datanode State Machine Task Thread Pool size 2
2023-12-01 12:04:24,488 [main] INFO  volume.HddsVolume (HddsVolume.java:<init>(126)) - Creating HddsVolume: /home/runner/work/ozone/ozone/hadoop-ozone/integration-test/target/test-dir/MiniOzoneClusterImpl-6e44b040-7731-4908-af37-66cbba4f501b/datanode-0/data-0/containers/hdds of storage type : DISK capacity : 9223372036854775807
2023-12-01 12:04:24,488 [main] INFO  volume.MutableVolumeSet (MutableVolumeSet.java:initializeVolumeSet(173)) - Added Volume : /home/runner/work/ozone/ozone/hadoop-ozone/integration-test/target/test-dir/MiniOzoneClusterImpl-6e44b040-7731-4908-af37-66cbba4f501b/datanode-0/data-0/containers/hdds to VolumeSet
2023-12-01 12:04:24,489 [main] INFO  volume.MutableVolumeSet (MutableVolumeSet.java:initializeVolumeSet(173)) - Added Volume : /home/runner/work/ozone/ozone/hadoop-ozone/integration-test/target/test-dir/MiniOzoneClusterImpl-6e44b040-7731-4908-af37-66cbba4f501b/datanode-0/data/ratis to VolumeSet
2023-12-01 12:04:24,489 [main] INFO  ozoneimpl.OzoneContainer (HddsVolumeUtil.java:loadAllHddsVolumeDbStore(103)) - Load 1 volumes DbStore cost: 0ms
2023-12-01 12:04:24,495 [a52b3d00-e6b2-4875-97ef-1383dbbdd16b-ContainerReader-0] INFO  ozoneimpl.ContainerReader (ContainerReader.java:readVolume(177)) - Finish verifying containers on volume /home/runner/work/ozone/ozone/hadoop-ozone/integration-test/target/test-dir/MiniOzoneClusterImpl-6e44b040-7731-4908-af37-66cbba4f501b/datanode-0/data-0/containers/hdds
2023-12-01 12:04:24,495 [main] INFO  ozoneimpl.OzoneContainer (OzoneContainer.java:buildContainerSet(326)) - Build ContainerSet costs 0s
2023-12-01 12:04:24,499 [main] INFO  server.RaftServer (ConfUtils.java:logGet(46)) - raft.rpc.type = GRPC (default)
2023-12-01 12:04:24,499 [main] INFO  grpc.GrpcConfigKeys (ConfUtils.java:logFallback(53)) - raft.grpc.admin.host = null (fallback to raft.grpc.server.host)
2023-12-01 12:04:24,499 [main] INFO  grpc.GrpcConfigKeys (ConfUtils.java:logGet(46)) - raft.grpc.admin.port = 15075 (custom)
2023-12-01 12:04:24,499 [main] INFO  grpc.GrpcConfigKeys (ConfUtils.java:logFallback(53)) - raft.grpc.client.host = null (fallback to raft.grpc.server.host)
2023-12-01 12:04:24,500 [main] INFO  grpc.GrpcConfigKeys (ConfUtils.java:logGet(46)) - raft.grpc.client.port = 15074 (custom)
2023-12-01 12:04:24,500 [main] INFO  grpc.GrpcConfigKeys (ConfUtils.java:logGet(46)) - raft.grpc.server.host = null (default)
2023-12-01 12:04:24,500 [main] INFO  grpc.GrpcConfigKeys (ConfUtils.java:logGet(46)) - raft.grpc.server.port = 15076 (custom)
2023-12-01 12:04:24,500 [main] INFO  server.GrpcService (ConfUtils.java:logGet(46)) - raft.grpc.message.size.max = 32MB (=33554432) (custom)
2023-12-01 12:04:24,500 [main] INFO  server.RaftServerConfigKeys (ConfUtils.java:logGet(46)) - raft.server.log.appender.buffer.byte-limit = 33554432 (custom)
2023-12-01 12:04:24,500 [main] INFO  server.GrpcService (ConfUtils.java:logGet(46)) - raft.grpc.flow.control.window = 5MB (=5242880) (custom)
2023-12-01 12:04:24,501 [main] INFO  server.RaftServerConfigKeys (ConfUtils.java:logGet(46)) - raft.server.rpc.request.timeout = 60s (custom)
2023-12-01 12:04:24,501 [main] INFO  grpc.GrpcConfigKeys (ConfUtils.java:logGet(46)) - raft.grpc.server.heartbeat.channel = true (default)
2023-12-01 12:04:24,501 [main] INFO  grpc.GrpcConfigKeys (ConfUtils.java:logGet(46)) - raft.grpc.server.async.request.thread.pool.cached = true (default)
2023-12-01 12:04:24,501 [main] INFO  grpc.GrpcConfigKeys (ConfUtils.java:logGet(46)) - raft.grpc.server.async.request.thread.pool.size = 32 (default)
2023-12-01 12:04:24,504 [main] INFO  impl.DataStreamServerImpl (ConfUtils.java:logGet(46)) - raft.datastream.type = NETTY (custom)
2023-12-01 12:04:24,504 [main] INFO  server.RaftServerConfigKeys (ConfUtils.java:logGet(46)) - raft.server.data-stream.async.request.thread.pool.cached = false (default)
2023-12-01 12:04:24,504 [main] INFO  server.RaftServerConfigKeys (ConfUtils.java:logGet(46)) - raft.server.data-stream.async.request.thread.pool.size = 20 (custom)
2023-12-01 12:04:24,504 [main] INFO  server.RaftServerConfigKeys (ConfUtils.java:logGet(46)) - raft.server.data-stream.async.write.thread.pool.size = 16 (default)
2023-12-01 12:04:24,504 [main] INFO  netty.NettyConfigKeys$DataStream (ConfUtils.java:logGet(46)) - raft.netty.dataStream.server.channel.inactive.grace-period = 10min (default)
2023-12-01 12:04:24,505 [main] INFO  server.RaftServerConfigKeys (ConfUtils.java:logGet(46)) - raft.server.data-stream.client.pool.size = 10 (default)
2023-12-01 12:04:24,505 [main] INFO  netty.NettyConfigKeys$DataStream (ConfUtils.java:logGet(46)) - raft.netty.dataStream.server.use-epoll = true (default)
2023-12-01 12:04:24,505 [main] INFO  netty.NettyConfigKeys$DataStream (ConfUtils.java:logGet(46)) - raft.netty.dataStream.server.boss-group.size = 0 (default)
2023-12-01 12:04:24,505 [main] INFO  netty.NettyUtils (NettyUtils.java:newEventLoopGroup(69)) - Create EpollEventLoopGroup for a52b3d00-e6b2-4875-97ef-1383dbbdd16b-NettyServerStreamRpc-bossGroup; Thread size is 0.
2023-12-01 12:04:24,506 [main] INFO  netty.NettyConfigKeys$DataStream (ConfUtils.java:logGet(46)) - raft.netty.dataStream.server.worker-group.size = 0 (default)
2023-12-01 12:04:24,506 [main] INFO  netty.NettyUtils (NettyUtils.java:newEventLoopGroup(69)) - Create EpollEventLoopGroup for a52b3d00-e6b2-4875-97ef-1383dbbdd16b-NettyServerStreamRpc-workerGroup; Thread size is 0.
2023-12-01 12:04:24,507 [main] INFO  netty.NettyConfigKeys$DataStream (ConfUtils.java:logGet(46)) - raft.netty.dataStream.server.tls.conf = null (default)
2023-12-01 12:04:24,507 [main] INFO  netty.NettyConfigKeys$DataStream (ConfUtils.java:logGet(46)) - raft.netty.dataStream.host = null (default)
2023-12-01 12:04:24,507 [main] INFO  netty.NettyConfigKeys$DataStream (ConfUtils.java:logGet(46)) - raft.netty.dataStream.port = 15077 (custom)
2023-12-01 12:04:24,507 [main] INFO  server.RaftServerConfigKeys (ConfUtils.java:logGet(46)) - raft.server.sleep.deviation.threshold = 300ms (default)
2023-12-01 12:04:24,508 [main] INFO  server.RaftServerConfigKeys (ConfUtils.java:logGet(46)) - raft.server.close.threshold = 60s (default)
2023-12-01 12:04:24,508 [main] INFO  server.RaftServerConfigKeys (ConfUtils.java:logGet(46)) - raft.server.leaderelection.leader.step-down.wait-time = 10s (default)
2023-12-01 12:04:24,508 [main] INFO  server.RaftServerConfigKeys (ConfUtils.java:logGet(46)) - raft.server.storage.dir = [/home/runner/work/ozone/ozone/hadoop-ozone/integration-test/target/test-dir/MiniOzoneClusterImpl-6e44b040-7731-4908-af37-66cbba4f501b/datanode-0/data/ratis] (custom)
2023-12-01 12:04:24,508 [main] INFO  server.RaftServerConfigKeys (ConfUtils.java:logGet(46)) - raft.server.threadpool.proxy.cached = true (default)
2023-12-01 12:04:24,508 [main] INFO  server.RaftServerConfigKeys (ConfUtils.java:logGet(46)) - raft.server.threadpool.proxy.size = 0 (default)
2023-12-01 12:04:24,508 [a52b3d00-e6b2-4875-97ef-1383dbbdd16b-NettyServerStreamRpc-bossGroup--thread1] INFO  logging.LoggingHandler (AbstractInternalLogger.java:log(148)) - [id: 0x80867c91] REGISTERED
2023-12-01 12:04:24,509 [a52b3d00-e6b2-4875-97ef-1383dbbdd16b-NettyServerStreamRpc-bossGroup--thread1] INFO  logging.LoggingHandler (AbstractInternalLogger.java:log(148)) - [id: 0x80867c91] BIND: 0.0.0.0/0.0.0.0:15077
2023-12-01 12:04:24,509 [a52b3d00-e6b2-4875-97ef-1383dbbdd16b-impl-thread1] INFO  server.RaftServer (RaftServerProxy.java:initGroupDir(264)) - a52b3d00-e6b2-4875-97ef-1383dbbdd16b: found a subdirectory /home/runner/work/ozone/ozone/hadoop-ozone/integration-test/target/test-dir/MiniOzoneClusterImpl-6e44b040-7731-4908-af37-66cbba4f501b/datanode-0/data/ratis/tmp
2023-12-01 12:04:24,509 [a52b3d00-e6b2-4875-97ef-1383dbbdd16b-NettyServerStreamRpc-bossGroup--thread1] INFO  logging.LoggingHandler (AbstractInternalLogger.java:log(148)) - [id: 0x80867c91, L:/0.0.0.0:15077] ACTIVE
2023-12-01 12:04:24,509 [a52b3d00-e6b2-4875-97ef-1383dbbdd16b-impl-thread1] INFO  server.RaftServer (RaftServerProxy.java:initGroupDir(269)) - a52b3d00-e6b2-4875-97ef-1383dbbdd16b: The directory /home/runner/work/ozone/ozone/hadoop-ozone/integration-test/target/test-dir/MiniOzoneClusterImpl-6e44b040-7731-4908-af37-66cbba4f501b/datanode-0/data/ratis/tmp is not a group directory; ignoring it. 
2023-12-01 12:04:24,509 [main] INFO  replication.ReplicationServer (ReplicationServer.java:<init>(85)) - Initializing replication server with thread count = 10 queue length = 4096
2023-12-01 12:04:24,511 [main] INFO  server.XceiverServerGrpc (XceiverServerGrpc.java:<init>(135)) - GrpcServer channel type EpollServerSocketChannel
2023-12-01 12:04:24,513 [main] INFO  replication.ReplicationSupervisor (ReplicationSupervisor.java:build(163)) - Initializing replication supervisor with thread count = 10
2023-12-01 12:04:24,514 [main] INFO  replication.ReplicationSupervisor (ReplicationSupervisor.java:nodeStateUpdated(317)) - Node state updated to IN_SERVICE, scaling executor pool size to 10
2023-12-01 12:04:24,516 [main] INFO  http.BaseHttpServer (BaseHttpServer.java:newHttpServer2BuilderForOzone(223)) - Starting Web-server for hddsDatanode at: http://0.0.0.0:15071
2023-12-01 12:04:24,516 [main] INFO  http.BaseHttpServer (BaseHttpServer.java:<init>(110)) - Hadoop Security Enabled: false Ozone Security Enabled: false Ozone HTTP Security Enabled: false 
2023-12-01 12:04:24,518 [main] WARN  server.AuthenticationFilter (AuthenticationFilter.java:constructSecretProvider(240)) - Unable to initialize FileSignerSecretProvider, falling back to use random secrets. Reason: Could not read signature secret file: /home/runner/hadoop-http-auth-signature-secret
2023-12-01 12:04:24,518 [main] INFO  http.HttpRequestLog (HttpRequestLog.java:getRequestLog(86)) - Http request log for http.requests.hddsDatanode is not defined
2023-12-01 12:04:24,520 [main] INFO  http.HttpServer2 (HttpServer2.java:addGlobalFilter(1031)) - Added global filter 'safety' (class=org.apache.hadoop.hdds.server.http.HttpServer2$QuotingInputFilter)
2023-12-01 12:04:24,521 [main] INFO  http.HttpServer2 (HttpServer2.java:addFilter(1007)) - Added filter static_user_filter (class=org.apache.hadoop.http.lib.StaticUserWebFilter$StaticUserFilter) to context hddsDatanode
2023-12-01 12:04:24,521 [main] INFO  http.HttpServer2 (HttpServer2.java:addFilter(1015)) - Added filter static_user_filter (class=org.apache.hadoop.http.lib.StaticUserWebFilter$StaticUserFilter) to context static
2023-12-01 12:04:24,521 [main] INFO  http.HttpServer2 (HttpServer2.java:addFilter(1015)) - Added filter static_user_filter (class=org.apache.hadoop.http.lib.StaticUserWebFilter$StaticUserFilter) to context logs
2023-12-01 12:04:24,522 [main] INFO  http.BaseHttpServer (BaseHttpServer.java:<init>(189)) - HTTP server of hddsDatanode uses base directory /home/runner/work/ozone/ozone/hadoop-ozone/integration-test/target/test-dir/MiniOzoneClusterImpl-6e44b040-7731-4908-af37-66cbba4f501b/datanode-0/meta/webserver
2023-12-01 12:04:24,522 [main] INFO  http.HttpServer2 (HttpServer2.java:bindListener(1231)) - Jetty bound to port 15071
2023-12-01 12:04:24,522 [main] INFO  server.Server (Server.java:doStart(375)) - jetty-9.4.53.v20231009; built: 2023-10-09T12:29:09.265Z; git: 27bde00a0b95a1d5bbee0eae7984f891d2d0f8c9; jvm 1.8.0_392-b08
2023-12-01 12:04:24,524 [main] INFO  server.session (DefaultSessionIdManager.java:doStart(334)) - DefaultSessionIdManager workerName=node0
2023-12-01 12:04:24,524 [main] INFO  server.session (DefaultSessionIdManager.java:doStart(339)) - No SessionScavenger set, using defaults
2023-12-01 12:04:24,524 [main] INFO  server.session (HouseKeeper.java:startScavenging(132)) - node0 Scavenging every 660000ms
2023-12-01 12:04:24,525 [main] INFO  handler.ContextHandler (ContextHandler.java:doStart(921)) - Started o.e.j.s.ServletContextHandler@3d52a67f{logs,/logs,file:///home/runner/work/ozone/ozone/hadoop-ozone/integration-test/target/log,AVAILABLE}
2023-12-01 12:04:24,527 [main] INFO  handler.ContextHandler (ContextHandler.java:doStart(921)) - Started o.e.j.s.ServletContextHandler@530e4d34{static,/static,jar:file:/home/runner/.m2/repository/org/apache/ozone/hdds-container-service/1.4.0-SNAPSHOT/hdds-container-service-1.4.0-SNAPSHOT.jar!/webapps/static,AVAILABLE}
2023-12-01 12:04:24,570 [main] INFO  handler.ContextHandler (ContextHandler.java:doStart(921)) - Started o.e.j.w.WebAppContext@7219ced6{hddsDatanode,/,file:///home/runner/work/ozone/ozone/hadoop-ozone/integration-test/target/test-dir/MiniOzoneClusterImpl-6e44b040-7731-4908-af37-66cbba4f501b/datanode-0/meta/webserver/jetty-0_0_0_0-15071-hdds-container-service-1_4_0-SNAPSHOT_jar-_-any-5298663893327351762/webapp/,AVAILABLE}{jar:file:/home/runner/.m2/repository/org/apache/ozone/hdds-container-service/1.4.0-SNAPSHOT/hdds-container-service-1.4.0-SNAPSHOT.jar!/webapps/hddsDatanode}
2023-12-01 12:04:24,572 [main] INFO  server.AbstractConnector (AbstractConnector.java:doStart(333)) - Started ServerConnector@7cf3aa06{HTTP/1.1, (http/1.1)}{0.0.0.0:15071}
2023-12-01 12:04:24,572 [main] INFO  server.Server (Server.java:doStart(415)) - Started @25011ms
2023-12-01 12:04:24,572 [main] WARN  impl.MetricsSystemImpl (MetricsSystemImpl.java:register(279)) - Sink prometheus already exists!
2023-12-01 12:04:24,573 [main] INFO  http.BaseHttpServer (BaseHttpServer.java:updateConnectorAddress(354)) - HTTP server of hddsDatanode listening at http://0.0.0.0:15071
2023-12-01 12:04:24,573 [main] INFO  ipc.CallQueueManager (CallQueueManager.java:<init>(90)) - Using callQueue: class java.util.concurrent.LinkedBlockingQueue, queueCapacity: 100, scheduler: class org.apache.hadoop.ipc.DefaultRpcScheduler, ipcBackoff: false.
2023-12-01 12:04:24,574 [main] INFO  ipc.Server (Server.java:<init>(1287)) - Listener at 0.0.0.0:15072
2023-12-01 12:04:24,574 [Socket Reader #1 for port 15072] INFO  ipc.Server (Server.java:run(1323)) - Starting Socket Reader #1 for port 15072
2023-12-01 12:04:24,578 [main] INFO  ozone.HddsDatanodeService (HddsDatanodeService.java:start(324)) - Datanode start with admins: [runner]
2023-12-01 12:04:24,578 [main] INFO  ozone.HddsDatanodeClientProtocolServer (HddsDatanodeClientProtocolServer.java:start(72)) - RPC server for Client /0.0.0.0:15072
2023-12-01 12:04:24,578 [IPC Server Responder] INFO  ipc.Server (Server.java:run(1562)) - IPC Server Responder: starting
2023-12-01 12:04:24,579 [IPC Server listener on 15072] INFO  ipc.Server (Server.java:run(1402)) - IPC Server listener on 15072: starting
2023-12-01 12:04:24,584 [a52b3d00-e6b2-4875-97ef-1383dbbdd16b-DatanodeStateMachineDaemonThread] INFO  statemachine.DatanodeStateMachine (DatanodeStateMachine.java:lambda$startDaemon$1(555)) - Ozone container server started.
2023-12-01 12:04:24,585 [main] WARN  dropwizard3.Dm3MetricRegistriesImpl (Dm3MetricRegistriesImpl.java:addReporterRegistration(113)) - New reporters are added after registries were created. Some metrics will be missing from the reporter. Please add reporter before adding any new registry.
2023-12-01 12:04:24,585 [main] WARN  dropwizard3.Dm3MetricRegistriesImpl (Dm3MetricRegistriesImpl.java:addReporterRegistration(113)) - New reporters are added after registries were created. Some metrics will be missing from the reporter. Please add reporter before adding any new registry.
2023-12-01 12:04:24,585 [main] INFO  impl.MetricsSystemImpl (MetricsSystemImpl.java:init(158)) - HddsDatanode metrics system started (again)
2023-12-01 12:04:24,596 [a52b3d00-e6b2-4875-97ef-1383dbbdd16b-DatanodeStateMachineTaskThread-0] INFO  datanode.InitDatanodeState (InitDatanodeState.java:persistContainerDatanodeDetails(139)) - DatanodeDetails is persisted to /home/runner/work/ozone/ozone/hadoop-ozone/integration-test/target/test-dir/MiniOzoneClusterImpl-6e44b040-7731-4908-af37-66cbba4f501b/datanode-0/meta/datanode.id
2023-12-01 12:04:24,604 [main] INFO  ozone.HddsDatanodeService (HddsDatanodeService.java:start(239)) - HddsDatanodeService host:fv-az1423-675.ei5rwdf52qxuxllzxeqjam05jd.ex.internal.cloudapp.net ip:10.1.0.24
2023-12-01 12:04:24,633 [main] INFO  upgrade.AbstractLayoutVersionManager (AbstractLayoutVersionManager.java:init(83)) - Initializing Layout version manager with metadata layout = HADOOP_PRC_PORTS_IN_DATANODEDETAILS (version = 7), software layout = HADOOP_PRC_PORTS_IN_DATANODEDETAILS (version = 7)
2023-12-01 12:04:24,634 [main] INFO  statemachine.DatanodeStateMachine (DatanodeStateMachine.java:getEndPointTaskThreadPoolSize(299)) - Datanode State Machine Task Thread Pool size 2
2023-12-01 12:04:24,636 [main] INFO  volume.HddsVolume (HddsVolume.java:<init>(126)) - Creating HddsVolume: /home/runner/work/ozone/ozone/hadoop-ozone/integration-test/target/test-dir/MiniOzoneClusterImpl-6e44b040-7731-4908-af37-66cbba4f501b/datanode-1/data-0/containers/hdds of storage type : DISK capacity : 9223372036854775807
2023-12-01 12:04:24,637 [main] INFO  volume.MutableVolumeSet (MutableVolumeSet.java:initializeVolumeSet(173)) - Added Volume : /home/runner/work/ozone/ozone/hadoop-ozone/integration-test/target/test-dir/MiniOzoneClusterImpl-6e44b040-7731-4908-af37-66cbba4f501b/datanode-1/data-0/containers/hdds to VolumeSet
2023-12-01 12:04:24,638 [main] INFO  volume.MutableVolumeSet (MutableVolumeSet.java:initializeVolumeSet(173)) - Added Volume : /home/runner/work/ozone/ozone/hadoop-ozone/integration-test/target/test-dir/MiniOzoneClusterImpl-6e44b040-7731-4908-af37-66cbba4f501b/datanode-1/data/ratis to VolumeSet
2023-12-01 12:04:24,639 [main] INFO  ozoneimpl.OzoneContainer (HddsVolumeUtil.java:loadAllHddsVolumeDbStore(103)) - Load 1 volumes DbStore cost: 0ms
2023-12-01 12:04:24,640 [d61ce6df-bfa3-4031-bef1-0b60ac375a39-ContainerReader-0] INFO  ozoneimpl.ContainerReader (ContainerReader.java:readVolume(177)) - Finish verifying containers on volume /home/runner/work/ozone/ozone/hadoop-ozone/integration-test/target/test-dir/MiniOzoneClusterImpl-6e44b040-7731-4908-af37-66cbba4f501b/datanode-1/data-0/containers/hdds
2023-12-01 12:04:24,640 [main] INFO  ozoneimpl.OzoneContainer (OzoneContainer.java:buildContainerSet(326)) - Build ContainerSet costs 0s
2023-12-01 12:04:24,646 [main] INFO  server.RaftServer (ConfUtils.java:logGet(46)) - raft.rpc.type = GRPC (default)
2023-12-01 12:04:24,647 [main] INFO  grpc.GrpcConfigKeys (ConfUtils.java:logFallback(53)) - raft.grpc.admin.host = null (fallback to raft.grpc.server.host)
2023-12-01 12:04:24,647 [main] INFO  grpc.GrpcConfigKeys (ConfUtils.java:logGet(46)) - raft.grpc.admin.port = 15084 (custom)
2023-12-01 12:04:24,648 [main] INFO  grpc.GrpcConfigKeys (ConfUtils.java:logFallback(53)) - raft.grpc.client.host = null (fallback to raft.grpc.server.host)
2023-12-01 12:04:24,648 [main] INFO  grpc.GrpcConfigKeys (ConfUtils.java:logGet(46)) - raft.grpc.client.port = 15083 (custom)
2023-12-01 12:04:24,649 [main] INFO  grpc.GrpcConfigKeys (ConfUtils.java:logGet(46)) - raft.grpc.server.host = null (default)
2023-12-01 12:04:24,649 [main] INFO  grpc.GrpcConfigKeys (ConfUtils.java:logGet(46)) - raft.grpc.server.port = 15085 (custom)
2023-12-01 12:04:24,649 [main] INFO  server.GrpcService (ConfUtils.java:logGet(46)) - raft.grpc.message.size.max = 32MB (=33554432) (custom)
2023-12-01 12:04:24,650 [main] INFO  server.RaftServerConfigKeys (ConfUtils.java:logGet(46)) - raft.server.log.appender.buffer.byte-limit = 33554432 (custom)
2023-12-01 12:04:24,650 [main] INFO  server.GrpcService (ConfUtils.java:logGet(46)) - raft.grpc.flow.control.window = 5MB (=5242880) (custom)
2023-12-01 12:04:24,651 [main] INFO  server.RaftServerConfigKeys (ConfUtils.java:logGet(46)) - raft.server.rpc.request.timeout = 60s (custom)
2023-12-01 12:04:24,651 [main] INFO  grpc.GrpcConfigKeys (ConfUtils.java:logGet(46)) - raft.grpc.server.heartbeat.channel = true (default)
2023-12-01 12:04:24,652 [main] INFO  grpc.GrpcConfigKeys (ConfUtils.java:logGet(46)) - raft.grpc.server.async.request.thread.pool.cached = true (default)
2023-12-01 12:04:24,652 [main] INFO  grpc.GrpcConfigKeys (ConfUtils.java:logGet(46)) - raft.grpc.server.async.request.thread.pool.size = 32 (default)
2023-12-01 12:04:24,655 [main] INFO  impl.DataStreamServerImpl (ConfUtils.java:logGet(46)) - raft.datastream.type = NETTY (custom)
2023-12-01 12:04:24,656 [main] INFO  server.RaftServerConfigKeys (ConfUtils.java:logGet(46)) - raft.server.data-stream.async.request.thread.pool.cached = false (default)
2023-12-01 12:04:24,657 [main] INFO  server.RaftServerConfigKeys (ConfUtils.java:logGet(46)) - raft.server.data-stream.async.request.thread.pool.size = 20 (custom)
2023-12-01 12:04:24,657 [main] INFO  server.RaftServerConfigKeys (ConfUtils.java:logGet(46)) - raft.server.data-stream.async.write.thread.pool.size = 16 (default)
2023-12-01 12:04:24,657 [main] INFO  netty.NettyConfigKeys$DataStream (ConfUtils.java:logGet(46)) - raft.netty.dataStream.server.channel.inactive.grace-period = 10min (default)
2023-12-01 12:04:24,658 [main] INFO  server.RaftServerConfigKeys (ConfUtils.java:logGet(46)) - raft.server.data-stream.client.pool.size = 10 (default)
2023-12-01 12:04:24,658 [main] INFO  netty.NettyConfigKeys$DataStream (ConfUtils.java:logGet(46)) - raft.netty.dataStream.server.use-epoll = true (default)
2023-12-01 12:04:24,659 [main] INFO  netty.NettyConfigKeys$DataStream (ConfUtils.java:logGet(46)) - raft.netty.dataStream.server.boss-group.size = 0 (default)
2023-12-01 12:04:24,659 [main] INFO  netty.NettyUtils (NettyUtils.java:newEventLoopGroup(69)) - Create EpollEventLoopGroup for d61ce6df-bfa3-4031-bef1-0b60ac375a39-NettyServerStreamRpc-bossGroup; Thread size is 0.
2023-12-01 12:04:24,660 [main] INFO  netty.NettyConfigKeys$DataStream (ConfUtils.java:logGet(46)) - raft.netty.dataStream.server.worker-group.size = 0 (default)
2023-12-01 12:04:24,660 [main] INFO  netty.NettyUtils (NettyUtils.java:newEventLoopGroup(69)) - Create EpollEventLoopGroup for d61ce6df-bfa3-4031-bef1-0b60ac375a39-NettyServerStreamRpc-workerGroup; Thread size is 0.
2023-12-01 12:04:24,661 [main] INFO  netty.NettyConfigKeys$DataStream (ConfUtils.java:logGet(46)) - raft.netty.dataStream.server.tls.conf = null (default)
2023-12-01 12:04:24,662 [main] INFO  netty.NettyConfigKeys$DataStream (ConfUtils.java:logGet(46)) - raft.netty.dataStream.host = null (default)
2023-12-01 12:04:24,662 [main] INFO  netty.NettyConfigKeys$DataStream (ConfUtils.java:logGet(46)) - raft.netty.dataStream.port = 15086 (custom)
2023-12-01 12:04:24,663 [main] INFO  server.RaftServerConfigKeys (ConfUtils.java:logGet(46)) - raft.server.sleep.deviation.threshold = 300ms (default)
2023-12-01 12:04:24,663 [d61ce6df-bfa3-4031-bef1-0b60ac375a39-NettyServerStreamRpc-bossGroup--thread1] INFO  logging.LoggingHandler (AbstractInternalLogger.java:log(148)) - [id: 0x8518e402] REGISTERED
2023-12-01 12:04:24,663 [main] INFO  server.RaftServerConfigKeys (ConfUtils.java:logGet(46)) - raft.server.close.threshold = 60s (default)
2023-12-01 12:04:24,664 [main] INFO  server.RaftServerConfigKeys (ConfUtils.java:logGet(46)) - raft.server.leaderelection.leader.step-down.wait-time = 10s (default)
2023-12-01 12:04:24,664 [main] INFO  server.RaftServerConfigKeys (ConfUtils.java:logGet(46)) - raft.server.storage.dir = [/home/runner/work/ozone/ozone/hadoop-ozone/integration-test/target/test-dir/MiniOzoneClusterImpl-6e44b040-7731-4908-af37-66cbba4f501b/datanode-1/data/ratis] (custom)
2023-12-01 12:04:24,664 [main] INFO  server.RaftServerConfigKeys (ConfUtils.java:logGet(46)) - raft.server.threadpool.proxy.cached = true (default)
2023-12-01 12:04:24,664 [main] INFO  server.RaftServerConfigKeys (ConfUtils.java:logGet(46)) - raft.server.threadpool.proxy.size = 0 (default)
2023-12-01 12:04:24,665 [d61ce6df-bfa3-4031-bef1-0b60ac375a39-NettyServerStreamRpc-bossGroup--thread1] INFO  logging.LoggingHandler (AbstractInternalLogger.java:log(148)) - [id: 0x8518e402] BIND: 0.0.0.0/0.0.0.0:15086
2023-12-01 12:04:24,665 [d61ce6df-bfa3-4031-bef1-0b60ac375a39-NettyServerStreamRpc-bossGroup--thread1] INFO  logging.LoggingHandler (AbstractInternalLogger.java:log(148)) - [id: 0x8518e402, L:/0.0.0.0:15086] ACTIVE
2023-12-01 12:04:24,665 [d61ce6df-bfa3-4031-bef1-0b60ac375a39-impl-thread1] INFO  server.RaftServer (RaftServerProxy.java:initGroupDir(264)) - d61ce6df-bfa3-4031-bef1-0b60ac375a39: found a subdirectory /home/runner/work/ozone/ozone/hadoop-ozone/integration-test/target/test-dir/MiniOzoneClusterImpl-6e44b040-7731-4908-af37-66cbba4f501b/datanode-1/data/ratis/tmp
2023-12-01 12:04:24,666 [d61ce6df-bfa3-4031-bef1-0b60ac375a39-impl-thread1] INFO  server.RaftServer (RaftServerProxy.java:initGroupDir(269)) - d61ce6df-bfa3-4031-bef1-0b60ac375a39: The directory /home/runner/work/ozone/ozone/hadoop-ozone/integration-test/target/test-dir/MiniOzoneClusterImpl-6e44b040-7731-4908-af37-66cbba4f501b/datanode-1/data/ratis/tmp is not a group directory; ignoring it. 
2023-12-01 12:04:24,666 [main] INFO  replication.ReplicationServer (ReplicationServer.java:<init>(85)) - Initializing replication server with thread count = 10 queue length = 4096
2023-12-01 12:04:24,668 [main] INFO  server.XceiverServerGrpc (XceiverServerGrpc.java:<init>(135)) - GrpcServer channel type EpollServerSocketChannel
2023-12-01 12:04:24,671 [main] INFO  replication.ReplicationSupervisor (ReplicationSupervisor.java:build(163)) - Initializing replication supervisor with thread count = 10
2023-12-01 12:04:24,672 [main] INFO  replication.ReplicationSupervisor (ReplicationSupervisor.java:nodeStateUpdated(317)) - Node state updated to IN_SERVICE, scaling executor pool size to 10
2023-12-01 12:04:24,675 [main] INFO  http.BaseHttpServer (BaseHttpServer.java:newHttpServer2BuilderForOzone(223)) - Starting Web-server for hddsDatanode at: http://0.0.0.0:15080
2023-12-01 12:04:24,675 [main] INFO  http.BaseHttpServer (BaseHttpServer.java:<init>(110)) - Hadoop Security Enabled: false Ozone Security Enabled: false Ozone HTTP Security Enabled: false 
2023-12-01 12:04:24,677 [main] WARN  server.AuthenticationFilter (AuthenticationFilter.java:constructSecretProvider(240)) - Unable to initialize FileSignerSecretProvider, falling back to use random secrets. Reason: Could not read signature secret file: /home/runner/hadoop-http-auth-signature-secret
2023-12-01 12:04:24,678 [main] INFO  http.HttpRequestLog (HttpRequestLog.java:getRequestLog(86)) - Http request log for http.requests.hddsDatanode is not defined
2023-12-01 12:04:24,679 [main] INFO  http.HttpServer2 (HttpServer2.java:addGlobalFilter(1031)) - Added global filter 'safety' (class=org.apache.hadoop.hdds.server.http.HttpServer2$QuotingInputFilter)
2023-12-01 12:04:24,680 [main] INFO  http.HttpServer2 (HttpServer2.java:addFilter(1007)) - Added filter static_user_filter (class=org.apache.hadoop.http.lib.StaticUserWebFilter$StaticUserFilter) to context hddsDatanode
2023-12-01 12:04:24,680 [main] INFO  http.HttpServer2 (HttpServer2.java:addFilter(1015)) - Added filter static_user_filter (class=org.apache.hadoop.http.lib.StaticUserWebFilter$StaticUserFilter) to context static
2023-12-01 12:04:24,681 [main] INFO  http.HttpServer2 (HttpServer2.java:addFilter(1015)) - Added filter static_user_filter (class=org.apache.hadoop.http.lib.StaticUserWebFilter$StaticUserFilter) to context logs
2023-12-01 12:04:24,681 [main] INFO  http.BaseHttpServer (BaseHttpServer.java:<init>(189)) - HTTP server of hddsDatanode uses base directory /home/runner/work/ozone/ozone/hadoop-ozone/integration-test/target/test-dir/MiniOzoneClusterImpl-6e44b040-7731-4908-af37-66cbba4f501b/datanode-1/meta/webserver
2023-12-01 12:04:24,682 [main] INFO  http.HttpServer2 (HttpServer2.java:bindListener(1231)) - Jetty bound to port 15080
2023-12-01 12:04:24,682 [main] INFO  server.Server (Server.java:doStart(375)) - jetty-9.4.53.v20231009; built: 2023-10-09T12:29:09.265Z; git: 27bde00a0b95a1d5bbee0eae7984f891d2d0f8c9; jvm 1.8.0_392-b08
2023-12-01 12:04:24,687 [main] INFO  server.session (DefaultSessionIdManager.java:doStart(334)) - DefaultSessionIdManager workerName=node0
2023-12-01 12:04:24,688 [main] INFO  server.session (DefaultSessionIdManager.java:doStart(339)) - No SessionScavenger set, using defaults
2023-12-01 12:04:24,688 [main] INFO  server.session (HouseKeeper.java:startScavenging(132)) - node0 Scavenging every 660000ms
2023-12-01 12:04:24,689 [main] INFO  handler.ContextHandler (ContextHandler.java:doStart(921)) - Started o.e.j.s.ServletContextHandler@7db5d73b{logs,/logs,file:///home/runner/work/ozone/ozone/hadoop-ozone/integration-test/target/log,AVAILABLE}
2023-12-01 12:04:24,689 [main] INFO  handler.ContextHandler (ContextHandler.java:doStart(921)) - Started o.e.j.s.ServletContextHandler@6a0c2fa5{static,/static,jar:file:/home/runner/.m2/repository/org/apache/ozone/hdds-container-service/1.4.0-SNAPSHOT/hdds-container-service-1.4.0-SNAPSHOT.jar!/webapps/static,AVAILABLE}
2023-12-01 12:04:24,723 [main] INFO  handler.ContextHandler (ContextHandler.java:doStart(921)) - Started o.e.j.w.WebAppContext@6cede900{hddsDatanode,/,file:///home/runner/work/ozone/ozone/hadoop-ozone/integration-test/target/test-dir/MiniOzoneClusterImpl-6e44b040-7731-4908-af37-66cbba4f501b/datanode-1/meta/webserver/jetty-0_0_0_0-15080-hdds-container-service-1_4_0-SNAPSHOT_jar-_-any-872721553633652049/webapp/,AVAILABLE}{jar:file:/home/runner/.m2/repository/org/apache/ozone/hdds-container-service/1.4.0-SNAPSHOT/hdds-container-service-1.4.0-SNAPSHOT.jar!/webapps/hddsDatanode}
2023-12-01 12:04:24,725 [main] INFO  server.AbstractConnector (AbstractConnector.java:doStart(333)) - Started ServerConnector@66ac9c8e{HTTP/1.1, (http/1.1)}{0.0.0.0:15080}
2023-12-01 12:04:24,725 [main] INFO  server.Server (Server.java:doStart(415)) - Started @25165ms
2023-12-01 12:04:24,725 [main] WARN  impl.MetricsSystemImpl (MetricsSystemImpl.java:register(279)) - Sink prometheus already exists!
2023-12-01 12:04:24,726 [main] INFO  http.BaseHttpServer (BaseHttpServer.java:updateConnectorAddress(354)) - HTTP server of hddsDatanode listening at http://0.0.0.0:15080
2023-12-01 12:04:24,727 [main] INFO  ipc.CallQueueManager (CallQueueManager.java:<init>(90)) - Using callQueue: class java.util.concurrent.LinkedBlockingQueue, queueCapacity: 100, scheduler: class org.apache.hadoop.ipc.DefaultRpcScheduler, ipcBackoff: false.
2023-12-01 12:04:24,727 [main] INFO  ipc.Server (Server.java:<init>(1287)) - Listener at 0.0.0.0:15081
2023-12-01 12:04:24,727 [Socket Reader #1 for port 15081] INFO  ipc.Server (Server.java:run(1323)) - Starting Socket Reader #1 for port 15081
2023-12-01 12:04:24,729 [main] INFO  ozone.HddsDatanodeService (HddsDatanodeService.java:start(324)) - Datanode start with admins: [runner]
2023-12-01 12:04:24,729 [main] INFO  ozone.HddsDatanodeClientProtocolServer (HddsDatanodeClientProtocolServer.java:start(72)) - RPC server for Client /0.0.0.0:15081
2023-12-01 12:04:24,729 [IPC Server Responder] INFO  ipc.Server (Server.java:run(1562)) - IPC Server Responder: starting
2023-12-01 12:04:24,731 [IPC Server listener on 15081] INFO  ipc.Server (Server.java:run(1402)) - IPC Server listener on 15081: starting
2023-12-01 12:04:24,731 [d61ce6df-bfa3-4031-bef1-0b60ac375a39-DatanodeStateMachineDaemonThread] INFO  statemachine.DatanodeStateMachine (DatanodeStateMachine.java:lambda$startDaemon$1(555)) - Ozone container server started.
2023-12-01 12:04:24,731 [main] WARN  dropwizard3.Dm3MetricRegistriesImpl (Dm3MetricRegistriesImpl.java:addReporterRegistration(113)) - New reporters are added after registries were created. Some metrics will be missing from the reporter. Please add reporter before adding any new registry.
2023-12-01 12:04:24,732 [main] WARN  dropwizard3.Dm3MetricRegistriesImpl (Dm3MetricRegistriesImpl.java:addReporterRegistration(113)) - New reporters are added after registries were created. Some metrics will be missing from the reporter. Please add reporter before adding any new registry.
2023-12-01 12:04:24,732 [main] INFO  impl.MetricsSystemImpl (MetricsSystemImpl.java:init(158)) - HddsDatanode metrics system started (again)
2023-12-01 12:04:24,741 [d61ce6df-bfa3-4031-bef1-0b60ac375a39-DatanodeStateMachineTaskThread-0] INFO  datanode.InitDatanodeState (InitDatanodeState.java:persistContainerDatanodeDetails(139)) - DatanodeDetails is persisted to /home/runner/work/ozone/ozone/hadoop-ozone/integration-test/target/test-dir/MiniOzoneClusterImpl-6e44b040-7731-4908-af37-66cbba4f501b/datanode-1/meta/datanode.id
2023-12-01 12:04:24,745 [main] INFO  ozone.HddsDatanodeService (HddsDatanodeService.java:start(239)) - HddsDatanodeService host:fv-az1423-675.ei5rwdf52qxuxllzxeqjam05jd.ex.internal.cloudapp.net ip:10.1.0.24
2023-12-01 12:04:24,761 [main] INFO  upgrade.AbstractLayoutVersionManager (AbstractLayoutVersionManager.java:init(83)) - Initializing Layout version manager with metadata layout = HADOOP_PRC_PORTS_IN_DATANODEDETAILS (version = 7), software layout = HADOOP_PRC_PORTS_IN_DATANODEDETAILS (version = 7)
2023-12-01 12:04:24,762 [main] INFO  statemachine.DatanodeStateMachine (DatanodeStateMachine.java:getEndPointTaskThreadPoolSize(299)) - Datanode State Machine Task Thread Pool size 2
2023-12-01 12:04:24,763 [main] INFO  volume.HddsVolume (HddsVolume.java:<init>(126)) - Creating HddsVolume: /home/runner/work/ozone/ozone/hadoop-ozone/integration-test/target/test-dir/MiniOzoneClusterImpl-6e44b040-7731-4908-af37-66cbba4f501b/datanode-2/data-0/containers/hdds of storage type : DISK capacity : 9223372036854775807
2023-12-01 12:04:24,764 [main] INFO  volume.MutableVolumeSet (MutableVolumeSet.java:initializeVolumeSet(173)) - Added Volume : /home/runner/work/ozone/ozone/hadoop-ozone/integration-test/target/test-dir/MiniOzoneClusterImpl-6e44b040-7731-4908-af37-66cbba4f501b/datanode-2/data-0/containers/hdds to VolumeSet
2023-12-01 12:04:24,764 [main] INFO  volume.MutableVolumeSet (MutableVolumeSet.java:initializeVolumeSet(173)) - Added Volume : /home/runner/work/ozone/ozone/hadoop-ozone/integration-test/target/test-dir/MiniOzoneClusterImpl-6e44b040-7731-4908-af37-66cbba4f501b/datanode-2/data/ratis to VolumeSet
2023-12-01 12:04:24,765 [main] INFO  ozoneimpl.OzoneContainer (HddsVolumeUtil.java:loadAllHddsVolumeDbStore(103)) - Load 1 volumes DbStore cost: 0ms
2023-12-01 12:04:24,766 [bece060d-3fe8-48fd-a57c-c67080073878-ContainerReader-0] INFO  ozoneimpl.ContainerReader (ContainerReader.java:readVolume(177)) - Finish verifying containers on volume /home/runner/work/ozone/ozone/hadoop-ozone/integration-test/target/test-dir/MiniOzoneClusterImpl-6e44b040-7731-4908-af37-66cbba4f501b/datanode-2/data-0/containers/hdds
2023-12-01 12:04:24,766 [main] INFO  ozoneimpl.OzoneContainer (OzoneContainer.java:buildContainerSet(326)) - Build ContainerSet costs 0s
2023-12-01 12:04:24,768 [main] INFO  server.RaftServer (ConfUtils.java:logGet(46)) - raft.rpc.type = GRPC (default)
2023-12-01 12:04:24,769 [main] INFO  grpc.GrpcConfigKeys (ConfUtils.java:logFallback(53)) - raft.grpc.admin.host = null (fallback to raft.grpc.server.host)
2023-12-01 12:04:24,769 [main] INFO  grpc.GrpcConfigKeys (ConfUtils.java:logGet(46)) - raft.grpc.admin.port = 15093 (custom)
2023-12-01 12:04:24,769 [main] INFO  grpc.GrpcConfigKeys (ConfUtils.java:logFallback(53)) - raft.grpc.client.host = null (fallback to raft.grpc.server.host)
2023-12-01 12:04:24,769 [main] INFO  grpc.GrpcConfigKeys (ConfUtils.java:logGet(46)) - raft.grpc.client.port = 15092 (custom)
2023-12-01 12:04:24,769 [main] INFO  grpc.GrpcConfigKeys (ConfUtils.java:logGet(46)) - raft.grpc.server.host = null (default)
2023-12-01 12:04:24,770 [main] INFO  grpc.GrpcConfigKeys (ConfUtils.java:logGet(46)) - raft.grpc.server.port = 15094 (custom)
2023-12-01 12:04:24,770 [main] INFO  server.GrpcService (ConfUtils.java:logGet(46)) - raft.grpc.message.size.max = 32MB (=33554432) (custom)
2023-12-01 12:04:24,770 [main] INFO  server.RaftServerConfigKeys (ConfUtils.java:logGet(46)) - raft.server.log.appender.buffer.byte-limit = 33554432 (custom)
2023-12-01 12:04:24,770 [main] INFO  server.GrpcService (ConfUtils.java:logGet(46)) - raft.grpc.flow.control.window = 5MB (=5242880) (custom)
2023-12-01 12:04:24,770 [main] INFO  server.RaftServerConfigKeys (ConfUtils.java:logGet(46)) - raft.server.rpc.request.timeout = 60s (custom)
2023-12-01 12:04:24,770 [main] INFO  grpc.GrpcConfigKeys (ConfUtils.java:logGet(46)) - raft.grpc.server.heartbeat.channel = true (default)
2023-12-01 12:04:24,771 [main] INFO  grpc.GrpcConfigKeys (ConfUtils.java:logGet(46)) - raft.grpc.server.async.request.thread.pool.cached = true (default)
2023-12-01 12:04:24,771 [main] INFO  grpc.GrpcConfigKeys (ConfUtils.java:logGet(46)) - raft.grpc.server.async.request.thread.pool.size = 32 (default)
2023-12-01 12:04:24,774 [main] INFO  impl.DataStreamServerImpl (ConfUtils.java:logGet(46)) - raft.datastream.type = NETTY (custom)
2023-12-01 12:04:24,774 [main] INFO  server.RaftServerConfigKeys (ConfUtils.java:logGet(46)) - raft.server.data-stream.async.request.thread.pool.cached = false (default)
2023-12-01 12:04:24,774 [main] INFO  server.RaftServerConfigKeys (ConfUtils.java:logGet(46)) - raft.server.data-stream.async.request.thread.pool.size = 20 (custom)
2023-12-01 12:04:24,774 [main] INFO  server.RaftServerConfigKeys (ConfUtils.java:logGet(46)) - raft.server.data-stream.async.write.thread.pool.size = 16 (default)
2023-12-01 12:04:24,775 [main] INFO  netty.NettyConfigKeys$DataStream (ConfUtils.java:logGet(46)) - raft.netty.dataStream.server.channel.inactive.grace-period = 10min (default)
2023-12-01 12:04:24,775 [main] INFO  server.RaftServerConfigKeys (ConfUtils.java:logGet(46)) - raft.server.data-stream.client.pool.size = 10 (default)
2023-12-01 12:04:24,775 [main] INFO  netty.NettyConfigKeys$DataStream (ConfUtils.java:logGet(46)) - raft.netty.dataStream.server.use-epoll = true (default)
2023-12-01 12:04:24,775 [main] INFO  netty.NettyConfigKeys$DataStream (ConfUtils.java:logGet(46)) - raft.netty.dataStream.server.boss-group.size = 0 (default)
2023-12-01 12:04:24,775 [main] INFO  netty.NettyUtils (NettyUtils.java:newEventLoopGroup(69)) - Create EpollEventLoopGroup for bece060d-3fe8-48fd-a57c-c67080073878-NettyServerStreamRpc-bossGroup; Thread size is 0.
2023-12-01 12:04:24,776 [main] INFO  netty.NettyConfigKeys$DataStream (ConfUtils.java:logGet(46)) - raft.netty.dataStream.server.worker-group.size = 0 (default)
2023-12-01 12:04:24,776 [main] INFO  netty.NettyUtils (NettyUtils.java:newEventLoopGroup(69)) - Create EpollEventLoopGroup for bece060d-3fe8-48fd-a57c-c67080073878-NettyServerStreamRpc-workerGroup; Thread size is 0.
2023-12-01 12:04:24,777 [main] INFO  netty.NettyConfigKeys$DataStream (ConfUtils.java:logGet(46)) - raft.netty.dataStream.server.tls.conf = null (default)
2023-12-01 12:04:24,777 [main] INFO  netty.NettyConfigKeys$DataStream (ConfUtils.java:logGet(46)) - raft.netty.dataStream.host = null (default)
2023-12-01 12:04:24,777 [main] INFO  netty.NettyConfigKeys$DataStream (ConfUtils.java:logGet(46)) - raft.netty.dataStream.port = 15095 (custom)
2023-12-01 12:04:24,777 [main] INFO  server.RaftServerConfigKeys (ConfUtils.java:logGet(46)) - raft.server.sleep.deviation.threshold = 300ms (default)
2023-12-01 12:04:24,778 [main] INFO  server.RaftServerConfigKeys (ConfUtils.java:logGet(46)) - raft.server.close.threshold = 60s (default)
2023-12-01 12:04:24,778 [main] INFO  server.RaftServerConfigKeys (ConfUtils.java:logGet(46)) - raft.server.leaderelection.leader.step-down.wait-time = 10s (default)
2023-12-01 12:04:24,778 [main] INFO  server.RaftServerConfigKeys (ConfUtils.java:logGet(46)) - raft.server.storage.dir = [/home/runner/work/ozone/ozone/hadoop-ozone/integration-test/target/test-dir/MiniOzoneClusterImpl-6e44b040-7731-4908-af37-66cbba4f501b/datanode-2/data/ratis] (custom)
2023-12-01 12:04:24,778 [main] INFO  server.RaftServerConfigKeys (ConfUtils.java:logGet(46)) - raft.server.threadpool.proxy.cached = true (default)
2023-12-01 12:04:24,778 [main] INFO  server.RaftServerConfigKeys (ConfUtils.java:logGet(46)) - raft.server.threadpool.proxy.size = 0 (default)
2023-12-01 12:04:24,779 [bece060d-3fe8-48fd-a57c-c67080073878-impl-thread1] INFO  server.RaftServer (RaftServerProxy.java:initGroupDir(264)) - bece060d-3fe8-48fd-a57c-c67080073878: found a subdirectory /home/runner/work/ozone/ozone/hadoop-ozone/integration-test/target/test-dir/MiniOzoneClusterImpl-6e44b040-7731-4908-af37-66cbba4f501b/datanode-2/data/ratis/tmp
2023-12-01 12:04:24,779 [bece060d-3fe8-48fd-a57c-c67080073878-NettyServerStreamRpc-bossGroup--thread1] INFO  logging.LoggingHandler (AbstractInternalLogger.java:log(148)) - [id: 0x442660a8] REGISTERED
2023-12-01 12:04:24,779 [bece060d-3fe8-48fd-a57c-c67080073878-impl-thread1] INFO  server.RaftServer (RaftServerProxy.java:initGroupDir(269)) - bece060d-3fe8-48fd-a57c-c67080073878: The directory /home/runner/work/ozone/ozone/hadoop-ozone/integration-test/target/test-dir/MiniOzoneClusterImpl-6e44b040-7731-4908-af37-66cbba4f501b/datanode-2/data/ratis/tmp is not a group directory; ignoring it. 
2023-12-01 12:04:24,779 [bece060d-3fe8-48fd-a57c-c67080073878-NettyServerStreamRpc-bossGroup--thread1] INFO  logging.LoggingHandler (AbstractInternalLogger.java:log(148)) - [id: 0x442660a8] BIND: 0.0.0.0/0.0.0.0:15095
2023-12-01 12:04:24,779 [main] INFO  replication.ReplicationServer (ReplicationServer.java:<init>(85)) - Initializing replication server with thread count = 10 queue length = 4096
2023-12-01 12:04:24,779 [bece060d-3fe8-48fd-a57c-c67080073878-NettyServerStreamRpc-bossGroup--thread1] INFO  logging.LoggingHandler (AbstractInternalLogger.java:log(148)) - [id: 0x442660a8, L:/0.0.0.0:15095] ACTIVE
2023-12-01 12:04:24,780 [main] INFO  server.XceiverServerGrpc (XceiverServerGrpc.java:<init>(135)) - GrpcServer channel type EpollServerSocketChannel
2023-12-01 12:04:24,782 [main] INFO  replication.ReplicationSupervisor (ReplicationSupervisor.java:build(163)) - Initializing replication supervisor with thread count = 10
2023-12-01 12:04:24,782 [main] INFO  replication.ReplicationSupervisor (ReplicationSupervisor.java:nodeStateUpdated(317)) - Node state updated to IN_SERVICE, scaling executor pool size to 10
2023-12-01 12:04:24,788 [main] INFO  http.BaseHttpServer (BaseHttpServer.java:newHttpServer2BuilderForOzone(223)) - Starting Web-server for hddsDatanode at: http://0.0.0.0:15089
2023-12-01 12:04:24,789 [main] INFO  http.BaseHttpServer (BaseHttpServer.java:<init>(110)) - Hadoop Security Enabled: false Ozone Security Enabled: false Ozone HTTP Security Enabled: false 
2023-12-01 12:04:24,790 [main] WARN  server.AuthenticationFilter (AuthenticationFilter.java:constructSecretProvider(240)) - Unable to initialize FileSignerSecretProvider, falling back to use random secrets. Reason: Could not read signature secret file: /home/runner/hadoop-http-auth-signature-secret
2023-12-01 12:04:24,791 [main] INFO  http.HttpRequestLog (HttpRequestLog.java:getRequestLog(86)) - Http request log for http.requests.hddsDatanode is not defined
2023-12-01 12:04:24,792 [main] INFO  http.HttpServer2 (HttpServer2.java:addGlobalFilter(1031)) - Added global filter 'safety' (class=org.apache.hadoop.hdds.server.http.HttpServer2$QuotingInputFilter)
2023-12-01 12:04:24,793 [main] INFO  http.HttpServer2 (HttpServer2.java:addFilter(1007)) - Added filter static_user_filter (class=org.apache.hadoop.http.lib.StaticUserWebFilter$StaticUserFilter) to context hddsDatanode
2023-12-01 12:04:24,793 [main] INFO  http.HttpServer2 (HttpServer2.java:addFilter(1015)) - Added filter static_user_filter (class=org.apache.hadoop.http.lib.StaticUserWebFilter$StaticUserFilter) to context static
2023-12-01 12:04:24,794 [main] INFO  http.HttpServer2 (HttpServer2.java:addFilter(1015)) - Added filter static_user_filter (class=org.apache.hadoop.http.lib.StaticUserWebFilter$StaticUserFilter) to context logs
2023-12-01 12:04:24,795 [main] INFO  http.BaseHttpServer (BaseHttpServer.java:<init>(189)) - HTTP server of hddsDatanode uses base directory /home/runner/work/ozone/ozone/hadoop-ozone/integration-test/target/test-dir/MiniOzoneClusterImpl-6e44b040-7731-4908-af37-66cbba4f501b/datanode-2/meta/webserver
2023-12-01 12:04:24,795 [main] INFO  http.HttpServer2 (HttpServer2.java:bindListener(1231)) - Jetty bound to port 15089
2023-12-01 12:04:24,795 [main] INFO  server.Server (Server.java:doStart(375)) - jetty-9.4.53.v20231009; built: 2023-10-09T12:29:09.265Z; git: 27bde00a0b95a1d5bbee0eae7984f891d2d0f8c9; jvm 1.8.0_392-b08
2023-12-01 12:04:24,799 [main] INFO  server.session (DefaultSessionIdManager.java:doStart(334)) - DefaultSessionIdManager workerName=node0
2023-12-01 12:04:24,800 [main] INFO  server.session (DefaultSessionIdManager.java:doStart(339)) - No SessionScavenger set, using defaults
2023-12-01 12:04:24,800 [main] INFO  server.session (HouseKeeper.java:startScavenging(132)) - node0 Scavenging every 660000ms
2023-12-01 12:04:24,801 [main] INFO  handler.ContextHandler (ContextHandler.java:doStart(921)) - Started o.e.j.s.ServletContextHandler@38c960b7{logs,/logs,file:///home/runner/work/ozone/ozone/hadoop-ozone/integration-test/target/log,AVAILABLE}
2023-12-01 12:04:24,801 [main] INFO  handler.ContextHandler (ContextHandler.java:doStart(921)) - Started o.e.j.s.ServletContextHandler@50d65662{static,/static,jar:file:/home/runner/.m2/repository/org/apache/ozone/hdds-container-service/1.4.0-SNAPSHOT/hdds-container-service-1.4.0-SNAPSHOT.jar!/webapps/static,AVAILABLE}
2023-12-01 12:04:24,835 [main] INFO  handler.ContextHandler (ContextHandler.java:doStart(921)) - Started o.e.j.w.WebAppContext@6ff1b8dc{hddsDatanode,/,file:///home/runner/work/ozone/ozone/hadoop-ozone/integration-test/target/test-dir/MiniOzoneClusterImpl-6e44b040-7731-4908-af37-66cbba4f501b/datanode-2/meta/webserver/jetty-0_0_0_0-15089-hdds-container-service-1_4_0-SNAPSHOT_jar-_-any-8556412425562971282/webapp/,AVAILABLE}{jar:file:/home/runner/.m2/repository/org/apache/ozone/hdds-container-service/1.4.0-SNAPSHOT/hdds-container-service-1.4.0-SNAPSHOT.jar!/webapps/hddsDatanode}
2023-12-01 12:04:24,837 [main] INFO  server.AbstractConnector (AbstractConnector.java:doStart(333)) - Started ServerConnector@441de5ff{HTTP/1.1, (http/1.1)}{0.0.0.0:15089}
2023-12-01 12:04:24,837 [main] INFO  server.Server (Server.java:doStart(415)) - Started @25276ms
2023-12-01 12:04:24,837 [main] WARN  impl.MetricsSystemImpl (MetricsSystemImpl.java:register(279)) - Sink prometheus already exists!
2023-12-01 12:04:24,838 [main] INFO  http.BaseHttpServer (BaseHttpServer.java:updateConnectorAddress(354)) - HTTP server of hddsDatanode listening at http://0.0.0.0:15089
2023-12-01 12:04:24,838 [main] INFO  ipc.CallQueueManager (CallQueueManager.java:<init>(90)) - Using callQueue: class java.util.concurrent.LinkedBlockingQueue, queueCapacity: 100, scheduler: class org.apache.hadoop.ipc.DefaultRpcScheduler, ipcBackoff: false.
2023-12-01 12:04:24,838 [main] INFO  ipc.Server (Server.java:<init>(1287)) - Listener at 0.0.0.0:15090
2023-12-01 12:04:24,839 [Socket Reader #1 for port 15090] INFO  ipc.Server (Server.java:run(1323)) - Starting Socket Reader #1 for port 15090
2023-12-01 12:04:24,845 [main] INFO  ozone.HddsDatanodeService (HddsDatanodeService.java:start(324)) - Datanode start with admins: [runner]
2023-12-01 12:04:24,845 [main] INFO  ozone.HddsDatanodeClientProtocolServer (HddsDatanodeClientProtocolServer.java:start(72)) - RPC server for Client /0.0.0.0:15090
2023-12-01 12:04:24,845 [IPC Server Responder] INFO  ipc.Server (Server.java:run(1562)) - IPC Server Responder: starting
2023-12-01 12:04:24,845 [IPC Server listener on 15090] INFO  ipc.Server (Server.java:run(1402)) - IPC Server listener on 15090: starting
2023-12-01 12:04:24,846 [bece060d-3fe8-48fd-a57c-c67080073878-DatanodeStateMachineDaemonThread] INFO  statemachine.DatanodeStateMachine (DatanodeStateMachine.java:lambda$startDaemon$1(555)) - Ozone container server started.
2023-12-01 12:04:24,846 [main] INFO  ozone.MiniOzoneClusterImpl (MiniOzoneClusterImpl.java:lambda$waitForClusterToBeReady$0(229)) - Waiting for nodes to be ready. Got 0 of 3 DN Heartbeats.
2023-12-01 12:04:24,847 [main] INFO  ozone.MiniOzoneClusterImpl (MiniOzoneClusterImpl.java:lambda$waitForClusterToBeReady$0(232)) - Waiting for cluster to exit safe mode
2023-12-01 12:04:24,847 [main] INFO  ozone.MiniOzoneClusterImpl (MiniOzoneClusterImpl.java:lambda$waitForClusterToBeReady$0(234)) - SCM became leader
2023-12-01 12:04:24,849 [bece060d-3fe8-48fd-a57c-c67080073878-DatanodeStateMachineTaskThread-0] INFO  datanode.InitDatanodeState (InitDatanodeState.java:persistContainerDatanodeDetails(139)) - DatanodeDetails is persisted to /home/runner/work/ozone/ozone/hadoop-ozone/integration-test/target/test-dir/MiniOzoneClusterImpl-6e44b040-7731-4908-af37-66cbba4f501b/datanode-2/meta/datanode.id
2023-12-01 12:04:25,470 [om1@group-C5BA1605619E-FollowerState] INFO  impl.FollowerState (FollowerState.java:run(143)) - om1@group-C5BA1605619E-FollowerState: change to CANDIDATE, lastRpcElapsedTime:1117799510ns, electionTimeout:1116ms
2023-12-01 12:04:25,470 [om1@group-C5BA1605619E-FollowerState] INFO  impl.RoleInfo (RoleInfo.java:shutdownFollowerState(110)) - om1: shutdown om1@group-C5BA1605619E-FollowerState
2023-12-01 12:04:25,470 [om1@group-C5BA1605619E-FollowerState] INFO  server.RaftServer$Division (RaftServerImpl.java:setRole(379)) - om1@group-C5BA1605619E: changes role from  FOLLOWER to CANDIDATE at term 0 for changeToCandidate
2023-12-01 12:04:25,471 [om1@group-C5BA1605619E-FollowerState] INFO  server.RaftServerConfigKeys (ConfUtils.java:logGet(46)) - raft.server.leaderelection.pre-vote = true (default)
2023-12-01 12:04:25,471 [om1@group-C5BA1605619E-FollowerState] INFO  impl.RoleInfo (RoleInfo.java:updateAndGet(139)) - om1: start om1@group-C5BA1605619E-LeaderElection13
2023-12-01 12:04:25,472 [om1@group-C5BA1605619E-LeaderElection13] INFO  impl.LeaderElection (LeaderElection.java:askForVotes(323)) - om1@group-C5BA1605619E-LeaderElection13 PRE_VOTE round 0: submit vote requests at term 0 for -1: peers:[om1|localhost:15069]|listeners:[], old=null
2023-12-01 12:04:25,472 [om1@group-C5BA1605619E-LeaderElection13] INFO  impl.LeaderElection (LeaderElection.java:askForVotes(325)) - om1@group-C5BA1605619E-LeaderElection13 PRE_VOTE round 0: result PASSED (term=0)
2023-12-01 12:04:25,474 [om1@group-C5BA1605619E-LeaderElection13] INFO  impl.LeaderElection (LeaderElection.java:askForVotes(323)) - om1@group-C5BA1605619E-LeaderElection13 ELECTION round 0: submit vote requests at term 1 for -1: peers:[om1|localhost:15069]|listeners:[], old=null
2023-12-01 12:04:25,474 [om1@group-C5BA1605619E-LeaderElection13] INFO  impl.LeaderElection (LeaderElection.java:askForVotes(325)) - om1@group-C5BA1605619E-LeaderElection13 ELECTION round 0: result PASSED (term=1)
2023-12-01 12:04:25,474 [om1@group-C5BA1605619E-LeaderElection13] INFO  impl.RoleInfo (RoleInfo.java:shutdownLeaderElection(130)) - om1: shutdown om1@group-C5BA1605619E-LeaderElection13
2023-12-01 12:04:25,474 [om1@group-C5BA1605619E-LeaderElection13] INFO  server.RaftServer$Division (RaftServerImpl.java:setRole(379)) - om1@group-C5BA1605619E: changes role from CANDIDATE to LEADER at term 1 for changeToLeader
2023-12-01 12:04:25,474 [om1@group-C5BA1605619E-LeaderElection13] INFO  server.RaftServerConfigKeys (ConfUtils.java:logGet(46)) - raft.server.staging.catchup.gap = 1000 (default)
2023-12-01 12:04:25,474 [om1@group-C5BA1605619E-LeaderElection13] INFO  server.RaftServerConfigKeys (ConfUtils.java:logGet(46)) - raft.server.write.element-limit = 4096 (default)
2023-12-01 12:04:25,474 [om1@group-C5BA1605619E-LeaderElection13] INFO  server.RaftServerConfigKeys (ConfUtils.java:logGet(46)) - raft.server.write.byte-limit = 64MB (=67108864) (default)
2023-12-01 12:04:25,475 [om1@group-C5BA1605619E-LeaderElection13] INFO  server.RaftServerConfigKeys (ConfUtils.java:logGet(46)) - raft.server.watch.timeout = 10s (default)
2023-12-01 12:04:25,475 [om1@group-C5BA1605619E-LeaderElection13] INFO  server.RaftServerConfigKeys (ConfUtils.java:logGet(46)) - raft.server.watch.timeout.denomination = 1s (default)
2023-12-01 12:04:25,475 [om1@group-C5BA1605619E-LeaderElection13] INFO  server.RaftServerConfigKeys (ConfUtils.java:logGet(46)) - raft.server.watch.element-limit = 65536 (default)
2023-12-01 12:04:25,475 [om1@group-C5BA1605619E-LeaderElection13] INFO  server.RaftServerConfigKeys (ConfUtils.java:logGet(46)) - raft.server.read.leader.lease.enabled = false (default)
2023-12-01 12:04:25,475 [om1@group-C5BA1605619E-LeaderElection13] INFO  server.RaftServerConfigKeys (ConfUtils.java:logGet(46)) - raft.server.read.leader.lease.timeout.ratio = 0.9 (default)
2023-12-01 12:04:25,475 [om1@group-C5BA1605619E-LeaderElection13] INFO  server.RaftServerConfigKeys (ConfUtils.java:logGet(46)) - raft.server.rpc.timeout.min = 1s (custom)
2023-12-01 12:04:25,475 [om1@group-C5BA1605619E-LeaderElection13] INFO  server.RaftServerConfigKeys (ConfUtils.java:logGet(46)) - raft.server.write.element-limit = 4096 (default)
2023-12-01 12:04:25,475 [om1@group-C5BA1605619E-LeaderElection13] INFO  server.RaftServerConfigKeys (ConfUtils.java:logGet(46)) - raft.server.write.follower.gap.ratio.max = -1.0 (default)
2023-12-01 12:04:25,475 [om1@group-C5BA1605619E-LeaderElection13] INFO  impl.RoleInfo (RoleInfo.java:updateAndGet(139)) - om1: start om1@group-C5BA1605619E-LeaderStateImpl
2023-12-01 12:04:25,475 [om1@group-C5BA1605619E-LeaderElection13] INFO  server.RaftServer$Division (RaftServerImpl.java:setFirstElection(564)) - om1@group-C5BA1605619E: set firstElectionSinceStartup to false for becomeLeader
2023-12-01 12:04:25,476 [om1@group-C5BA1605619E-LeaderElection13] INFO  server.RaftServer$Division (ServerState.java:setLeader(265)) - om1@group-C5BA1605619E: change Leader from null to om1 at term 1 for becomeLeader, leader elected after 1358ms
2023-12-01 12:04:25,476 [om1@group-C5BA1605619E-LeaderElection13] INFO  segmented.SegmentedRaftLogWorker (SegmentedRaftLogWorker.java:startLogSegment(428)) - om1@group-C5BA1605619E-SegmentedRaftLogWorker: Starting segment from index:0
2023-12-01 12:04:25,477 [om1@group-C5BA1605619E-LeaderElection13] INFO  server.RaftServer$Division (ServerState.java:setRaftConf(382)) - om1@group-C5BA1605619E: set configuration 0: peers:[om1|localhost:15069]|listeners:[], old=null
2023-12-01 12:04:25,485 [om1@group-C5BA1605619E-SegmentedRaftLogWorker] INFO  segmented.SegmentedRaftLogWorker (SegmentedRaftLogWorker.java:execute(632)) - om1@group-C5BA1605619E-SegmentedRaftLogWorker: created new log segment /home/runner/work/ozone/ozone/hadoop-ozone/integration-test/target/test-dir/MiniOzoneClusterImpl-6e44b040-7731-4908-af37-66cbba4f501b/ozone-meta/ratis/bf265839-605b-3f16-9796-c5ba1605619e/current/log_inprogress_0
2023-12-01 12:04:25,486 [om1@group-C5BA1605619E-StateMachineUpdater] INFO  ratis.OzoneManagerStateMachine (OzoneManagerStateMachine.java:notifyConfigurationChanged(210)) - Received Configuration change notification from Ratis. New Peer list:
[id: "om1"
address: "localhost:15069"
startupRole: FOLLOWER
]
2023-12-01 12:04:25,486 [om1@group-C5BA1605619E-StateMachineUpdater] INFO  server.RaftServer$Division (LeaderStateImpl.java:isApplied(316)) - leader is ready since appliedIndex == 0 >= startIndex == 0
2023-12-01 12:04:25,847 [main] INFO  ozone.MiniOzoneClusterImpl (MiniOzoneClusterImpl.java:lambda$waitForClusterToBeReady$0(229)) - Waiting for nodes to be ready. Got 0 of 3 DN Heartbeats.
2023-12-01 12:04:25,847 [main] INFO  ozone.MiniOzoneClusterImpl (MiniOzoneClusterImpl.java:lambda$waitForClusterToBeReady$0(232)) - Waiting for cluster to exit safe mode
2023-12-01 12:04:25,847 [main] INFO  ozone.MiniOzoneClusterImpl (MiniOzoneClusterImpl.java:lambda$waitForClusterToBeReady$0(234)) - SCM became leader
2023-12-01 12:04:26,616 [a52b3d00-e6b2-4875-97ef-1383dbbdd16b-EndpointStateMachineTaskThread-/0.0.0.0:15064-0 ] INFO  utils.DatanodeStoreCache (DatanodeStoreCache.java:addDB(66)) - Added db /home/runner/work/ozone/ozone/hadoop-ozone/integration-test/target/test-dir/MiniOzoneClusterImpl-6e44b040-7731-4908-af37-66cbba4f501b/datanode-0/data-0/containers/hdds/6e44b040-7731-4908-af37-66cbba4f501b/DS-4f3f86f9-a925-49b1-b350-3bbcb72352cc/container.db to cache
2023-12-01 12:04:26,616 [a52b3d00-e6b2-4875-97ef-1383dbbdd16b-EndpointStateMachineTaskThread-/0.0.0.0:15064-0 ] INFO  volume.HddsVolume (HddsVolume.java:createDbStore(422)) - SchemaV3 db is created and loaded at /home/runner/work/ozone/ozone/hadoop-ozone/integration-test/target/test-dir/MiniOzoneClusterImpl-6e44b040-7731-4908-af37-66cbba4f501b/datanode-0/data-0/containers/hdds/6e44b040-7731-4908-af37-66cbba4f501b/DS-4f3f86f9-a925-49b1-b350-3bbcb72352cc/container.db for volume DS-4f3f86f9-a925-49b1-b350-3bbcb72352cc
2023-12-01 12:04:26,617 [a52b3d00-e6b2-4875-97ef-1383dbbdd16b-EndpointStateMachineTaskThread-/0.0.0.0:15064-0 ] INFO  volume.ThrottledAsyncChecker (ThrottledAsyncChecker.java:schedule(141)) - Scheduling a check for /home/runner/work/ozone/ozone/hadoop-ozone/integration-test/target/test-dir/MiniOzoneClusterImpl-6e44b040-7731-4908-af37-66cbba4f501b/datanode-0/data-0/containers/hdds
2023-12-01 12:04:26,617 [a52b3d00-e6b2-4875-97ef-1383dbbdd16b-EndpointStateMachineTaskThread-/0.0.0.0:15064-0 ] INFO  volume.StorageVolumeChecker (StorageVolumeChecker.java:checkAllVolumes(218)) - Scheduled health check for volume /home/runner/work/ozone/ozone/hadoop-ozone/integration-test/target/test-dir/MiniOzoneClusterImpl-6e44b040-7731-4908-af37-66cbba4f501b/datanode-0/data-0/containers/hdds
2023-12-01 12:04:26,619 [a52b3d00-e6b2-4875-97ef-1383dbbdd16b-EndpointStateMachineTaskThread-/0.0.0.0:15064-0 ] INFO  volume.ThrottledAsyncChecker (ThrottledAsyncChecker.java:schedule(141)) - Scheduling a check for /home/runner/work/ozone/ozone/hadoop-ozone/integration-test/target/test-dir/MiniOzoneClusterImpl-6e44b040-7731-4908-af37-66cbba4f501b/datanode-0/data/ratis
2023-12-01 12:04:26,619 [a52b3d00-e6b2-4875-97ef-1383dbbdd16b-EndpointStateMachineTaskThread-/0.0.0.0:15064-0 ] INFO  volume.StorageVolumeChecker (StorageVolumeChecker.java:checkAllVolumes(218)) - Scheduled health check for volume /home/runner/work/ozone/ozone/hadoop-ozone/integration-test/target/test-dir/MiniOzoneClusterImpl-6e44b040-7731-4908-af37-66cbba4f501b/datanode-0/data/ratis
2023-12-01 12:04:26,620 [a52b3d00-e6b2-4875-97ef-1383dbbdd16b-EndpointStateMachineTaskThread-/0.0.0.0:15064-0 ] INFO  ozoneimpl.OzoneContainer (OzoneContainer.java:start(441)) - Attempting to start container services.
2023-12-01 12:04:26,620 [a52b3d00-e6b2-4875-97ef-1383dbbdd16b-EndpointStateMachineTaskThread-/0.0.0.0:15064-0 ] INFO  ozoneimpl.OzoneContainer (OzoneContainer.java:startContainerScrub(337)) - Scheduled background container scanners and the on-demand container scanner have been disabled.
2023-12-01 12:04:26,621 [a52b3d00-e6b2-4875-97ef-1383dbbdd16b-EndpointStateMachineTaskThread-/0.0.0.0:15064-0 ] INFO  replication.ReplicationServer (ReplicationServer.java:start(139)) - ReplicationServer is started using port 15078
2023-12-01 12:04:26,621 [a52b3d00-e6b2-4875-97ef-1383dbbdd16b-EndpointStateMachineTaskThread-/0.0.0.0:15064-0 ] INFO  ratis.XceiverServerRatis (XceiverServerRatis.java:start(525)) - Starting XceiverServerRatis a52b3d00-e6b2-4875-97ef-1383dbbdd16b
2023-12-01 12:04:26,621 [a52b3d00-e6b2-4875-97ef-1383dbbdd16b-EndpointStateMachineTaskThread-/0.0.0.0:15064-0 ] INFO  server.RaftServer (RaftServerProxy.java:startImpl(406)) - a52b3d00-e6b2-4875-97ef-1383dbbdd16b: start RPC server
2023-12-01 12:04:26,622 [a52b3d00-e6b2-4875-97ef-1383dbbdd16b-EndpointStateMachineTaskThread-/0.0.0.0:15064-0 ] INFO  server.GrpcService (GrpcService.java:startImpl(302)) - a52b3d00-e6b2-4875-97ef-1383dbbdd16b: GrpcService started, listening on 15074
2023-12-01 12:04:26,622 [a52b3d00-e6b2-4875-97ef-1383dbbdd16b-EndpointStateMachineTaskThread-/0.0.0.0:15064-0 ] INFO  server.GrpcService (GrpcService.java:startImpl(302)) - a52b3d00-e6b2-4875-97ef-1383dbbdd16b: GrpcService started, listening on 15076
2023-12-01 12:04:26,623 [a52b3d00-e6b2-4875-97ef-1383dbbdd16b-EndpointStateMachineTaskThread-/0.0.0.0:15064-0 ] INFO  server.GrpcService (GrpcService.java:startImpl(302)) - a52b3d00-e6b2-4875-97ef-1383dbbdd16b: GrpcService started, listening on 15075
2023-12-01 12:04:26,623 [a52b3d00-e6b2-4875-97ef-1383dbbdd16b-EndpointStateMachineTaskThread-/0.0.0.0:15064-0 ] INFO  ratis.XceiverServerRatis (XceiverServerRatis.java:getRealPort(551)) - XceiverServerRatis a52b3d00-e6b2-4875-97ef-1383dbbdd16b is started using port 15074 for RATIS
2023-12-01 12:04:26,623 [a52b3d00-e6b2-4875-97ef-1383dbbdd16b-EndpointStateMachineTaskThread-/0.0.0.0:15064-0 ] INFO  ratis.XceiverServerRatis (XceiverServerRatis.java:getRealPort(551)) - XceiverServerRatis a52b3d00-e6b2-4875-97ef-1383dbbdd16b is started using port 15075 for RATIS_ADMIN
2023-12-01 12:04:26,623 [a52b3d00-e6b2-4875-97ef-1383dbbdd16b-EndpointStateMachineTaskThread-/0.0.0.0:15064-0 ] INFO  ratis.XceiverServerRatis (XceiverServerRatis.java:getRealPort(551)) - XceiverServerRatis a52b3d00-e6b2-4875-97ef-1383dbbdd16b is started using port 15076 for RATIS_SERVER
2023-12-01 12:04:26,623 [a52b3d00-e6b2-4875-97ef-1383dbbdd16b-EndpointStateMachineTaskThread-/0.0.0.0:15064-0 ] INFO  ratis.XceiverServerRatis (XceiverServerRatis.java:getRealPort(551)) - XceiverServerRatis a52b3d00-e6b2-4875-97ef-1383dbbdd16b is started using port 15077 for RATIS_DATASTREAM
2023-12-01 12:04:26,623 [JvmPauseMonitor10] INFO  util.JvmPauseMonitor (JvmPauseMonitor.java:run(146)) - JvmPauseMonitor-a52b3d00-e6b2-4875-97ef-1383dbbdd16b: Started
2023-12-01 12:04:26,626 [a52b3d00-e6b2-4875-97ef-1383dbbdd16b-BlockDeletingService#0] INFO  interfaces.ContainerDeletionChoosingPolicyTemplate (ContainerDeletionChoosingPolicyTemplate.java:chooseContainerForBlockDeletion(85)) - Chosen 0/5000 blocks from 0 candidate containers.
2023-12-01 12:04:26,761 [d61ce6df-bfa3-4031-bef1-0b60ac375a39-EndpointStateMachineTaskThread-/0.0.0.0:15064-0 ] INFO  utils.DatanodeStoreCache (DatanodeStoreCache.java:addDB(66)) - Added db /home/runner/work/ozone/ozone/hadoop-ozone/integration-test/target/test-dir/MiniOzoneClusterImpl-6e44b040-7731-4908-af37-66cbba4f501b/datanode-1/data-0/containers/hdds/6e44b040-7731-4908-af37-66cbba4f501b/DS-92467a08-f24c-4960-a7bd-2f4b47240d51/container.db to cache
2023-12-01 12:04:26,761 [d61ce6df-bfa3-4031-bef1-0b60ac375a39-EndpointStateMachineTaskThread-/0.0.0.0:15064-0 ] INFO  volume.HddsVolume (HddsVolume.java:createDbStore(422)) - SchemaV3 db is created and loaded at /home/runner/work/ozone/ozone/hadoop-ozone/integration-test/target/test-dir/MiniOzoneClusterImpl-6e44b040-7731-4908-af37-66cbba4f501b/datanode-1/data-0/containers/hdds/6e44b040-7731-4908-af37-66cbba4f501b/DS-92467a08-f24c-4960-a7bd-2f4b47240d51/container.db for volume DS-92467a08-f24c-4960-a7bd-2f4b47240d51
2023-12-01 12:04:26,762 [d61ce6df-bfa3-4031-bef1-0b60ac375a39-EndpointStateMachineTaskThread-/0.0.0.0:15064-0 ] INFO  volume.ThrottledAsyncChecker (ThrottledAsyncChecker.java:schedule(141)) - Scheduling a check for /home/runner/work/ozone/ozone/hadoop-ozone/integration-test/target/test-dir/MiniOzoneClusterImpl-6e44b040-7731-4908-af37-66cbba4f501b/datanode-1/data-0/containers/hdds
2023-12-01 12:04:26,762 [d61ce6df-bfa3-4031-bef1-0b60ac375a39-EndpointStateMachineTaskThread-/0.0.0.0:15064-0 ] INFO  volume.StorageVolumeChecker (StorageVolumeChecker.java:checkAllVolumes(218)) - Scheduled health check for volume /home/runner/work/ozone/ozone/hadoop-ozone/integration-test/target/test-dir/MiniOzoneClusterImpl-6e44b040-7731-4908-af37-66cbba4f501b/datanode-1/data-0/containers/hdds
2023-12-01 12:04:26,764 [d61ce6df-bfa3-4031-bef1-0b60ac375a39-EndpointStateMachineTaskThread-/0.0.0.0:15064-0 ] INFO  volume.ThrottledAsyncChecker (ThrottledAsyncChecker.java:schedule(141)) - Scheduling a check for /home/runner/work/ozone/ozone/hadoop-ozone/integration-test/target/test-dir/MiniOzoneClusterImpl-6e44b040-7731-4908-af37-66cbba4f501b/datanode-1/data/ratis
2023-12-01 12:04:26,764 [d61ce6df-bfa3-4031-bef1-0b60ac375a39-EndpointStateMachineTaskThread-/0.0.0.0:15064-0 ] INFO  volume.StorageVolumeChecker (StorageVolumeChecker.java:checkAllVolumes(218)) - Scheduled health check for volume /home/runner/work/ozone/ozone/hadoop-ozone/integration-test/target/test-dir/MiniOzoneClusterImpl-6e44b040-7731-4908-af37-66cbba4f501b/datanode-1/data/ratis
2023-12-01 12:04:26,765 [d61ce6df-bfa3-4031-bef1-0b60ac375a39-EndpointStateMachineTaskThread-/0.0.0.0:15064-0 ] INFO  ozoneimpl.OzoneContainer (OzoneContainer.java:start(441)) - Attempting to start container services.
2023-12-01 12:04:26,765 [d61ce6df-bfa3-4031-bef1-0b60ac375a39-EndpointStateMachineTaskThread-/0.0.0.0:15064-0 ] INFO  ozoneimpl.OzoneContainer (OzoneContainer.java:startContainerScrub(337)) - Scheduled background container scanners and the on-demand container scanner have been disabled.
2023-12-01 12:04:26,766 [d61ce6df-bfa3-4031-bef1-0b60ac375a39-EndpointStateMachineTaskThread-/0.0.0.0:15064-0 ] INFO  replication.ReplicationServer (ReplicationServer.java:start(139)) - ReplicationServer is started using port 15087
2023-12-01 12:04:26,766 [d61ce6df-bfa3-4031-bef1-0b60ac375a39-EndpointStateMachineTaskThread-/0.0.0.0:15064-0 ] INFO  ratis.XceiverServerRatis (XceiverServerRatis.java:start(525)) - Starting XceiverServerRatis d61ce6df-bfa3-4031-bef1-0b60ac375a39
2023-12-01 12:04:26,767 [d61ce6df-bfa3-4031-bef1-0b60ac375a39-EndpointStateMachineTaskThread-/0.0.0.0:15064-0 ] INFO  server.RaftServer (RaftServerProxy.java:startImpl(406)) - d61ce6df-bfa3-4031-bef1-0b60ac375a39: start RPC server
2023-12-01 12:04:26,770 [d61ce6df-bfa3-4031-bef1-0b60ac375a39-EndpointStateMachineTaskThread-/0.0.0.0:15064-0 ] INFO  server.GrpcService (GrpcService.java:startImpl(302)) - d61ce6df-bfa3-4031-bef1-0b60ac375a39: GrpcService started, listening on 15083
2023-12-01 12:04:26,771 [d61ce6df-bfa3-4031-bef1-0b60ac375a39-EndpointStateMachineTaskThread-/0.0.0.0:15064-0 ] INFO  server.GrpcService (GrpcService.java:startImpl(302)) - d61ce6df-bfa3-4031-bef1-0b60ac375a39: GrpcService started, listening on 15085
2023-12-01 12:04:26,771 [d61ce6df-bfa3-4031-bef1-0b60ac375a39-EndpointStateMachineTaskThread-/0.0.0.0:15064-0 ] INFO  server.GrpcService (GrpcService.java:startImpl(302)) - d61ce6df-bfa3-4031-bef1-0b60ac375a39: GrpcService started, listening on 15084
2023-12-01 12:04:26,771 [d61ce6df-bfa3-4031-bef1-0b60ac375a39-EndpointStateMachineTaskThread-/0.0.0.0:15064-0 ] INFO  ratis.XceiverServerRatis (XceiverServerRatis.java:getRealPort(551)) - XceiverServerRatis d61ce6df-bfa3-4031-bef1-0b60ac375a39 is started using port 15083 for RATIS
2023-12-01 12:04:26,771 [JvmPauseMonitor11] INFO  util.JvmPauseMonitor (JvmPauseMonitor.java:run(146)) - JvmPauseMonitor-d61ce6df-bfa3-4031-bef1-0b60ac375a39: Started
2023-12-01 12:04:26,772 [d61ce6df-bfa3-4031-bef1-0b60ac375a39-EndpointStateMachineTaskThread-/0.0.0.0:15064-0 ] INFO  ratis.XceiverServerRatis (XceiverServerRatis.java:getRealPort(551)) - XceiverServerRatis d61ce6df-bfa3-4031-bef1-0b60ac375a39 is started using port 15084 for RATIS_ADMIN
2023-12-01 12:04:26,772 [d61ce6df-bfa3-4031-bef1-0b60ac375a39-EndpointStateMachineTaskThread-/0.0.0.0:15064-0 ] INFO  ratis.XceiverServerRatis (XceiverServerRatis.java:getRealPort(551)) - XceiverServerRatis d61ce6df-bfa3-4031-bef1-0b60ac375a39 is started using port 15085 for RATIS_SERVER
2023-12-01 12:04:26,772 [d61ce6df-bfa3-4031-bef1-0b60ac375a39-EndpointStateMachineTaskThread-/0.0.0.0:15064-0 ] INFO  ratis.XceiverServerRatis (XceiverServerRatis.java:getRealPort(551)) - XceiverServerRatis d61ce6df-bfa3-4031-bef1-0b60ac375a39 is started using port 15086 for RATIS_DATASTREAM
2023-12-01 12:04:26,774 [d61ce6df-bfa3-4031-bef1-0b60ac375a39-BlockDeletingService#0] INFO  interfaces.ContainerDeletionChoosingPolicyTemplate (ContainerDeletionChoosingPolicyTemplate.java:chooseContainerForBlockDeletion(85)) - Chosen 0/5000 blocks from 0 candidate containers.
2023-12-01 12:04:26,848 [main] INFO  ozone.MiniOzoneClusterImpl (MiniOzoneClusterImpl.java:lambda$waitForClusterToBeReady$0(229)) - Waiting for nodes to be ready. Got 0 of 3 DN Heartbeats.
2023-12-01 12:04:26,848 [main] INFO  ozone.MiniOzoneClusterImpl (MiniOzoneClusterImpl.java:lambda$waitForClusterToBeReady$0(232)) - Waiting for cluster to exit safe mode
2023-12-01 12:04:26,848 [main] INFO  ozone.MiniOzoneClusterImpl (MiniOzoneClusterImpl.java:lambda$waitForClusterToBeReady$0(234)) - SCM became leader
2023-12-01 12:04:26,872 [bece060d-3fe8-48fd-a57c-c67080073878-EndpointStateMachineTaskThread-/0.0.0.0:15064-0 ] INFO  utils.DatanodeStoreCache (DatanodeStoreCache.java:addDB(66)) - Added db /home/runner/work/ozone/ozone/hadoop-ozone/integration-test/target/test-dir/MiniOzoneClusterImpl-6e44b040-7731-4908-af37-66cbba4f501b/datanode-2/data-0/containers/hdds/6e44b040-7731-4908-af37-66cbba4f501b/DS-d49a9d4f-c9f4-4fc1-902f-d24227cf3630/container.db to cache
2023-12-01 12:04:26,873 [bece060d-3fe8-48fd-a57c-c67080073878-EndpointStateMachineTaskThread-/0.0.0.0:15064-0 ] INFO  volume.HddsVolume (HddsVolume.java:createDbStore(422)) - SchemaV3 db is created and loaded at /home/runner/work/ozone/ozone/hadoop-ozone/integration-test/target/test-dir/MiniOzoneClusterImpl-6e44b040-7731-4908-af37-66cbba4f501b/datanode-2/data-0/containers/hdds/6e44b040-7731-4908-af37-66cbba4f501b/DS-d49a9d4f-c9f4-4fc1-902f-d24227cf3630/container.db for volume DS-d49a9d4f-c9f4-4fc1-902f-d24227cf3630
2023-12-01 12:04:26,873 [bece060d-3fe8-48fd-a57c-c67080073878-EndpointStateMachineTaskThread-/0.0.0.0:15064-0 ] INFO  volume.ThrottledAsyncChecker (ThrottledAsyncChecker.java:schedule(141)) - Scheduling a check for /home/runner/work/ozone/ozone/hadoop-ozone/integration-test/target/test-dir/MiniOzoneClusterImpl-6e44b040-7731-4908-af37-66cbba4f501b/datanode-2/data-0/containers/hdds
2023-12-01 12:04:26,874 [bece060d-3fe8-48fd-a57c-c67080073878-EndpointStateMachineTaskThread-/0.0.0.0:15064-0 ] INFO  volume.StorageVolumeChecker (StorageVolumeChecker.java:checkAllVolumes(218)) - Scheduled health check for volume /home/runner/work/ozone/ozone/hadoop-ozone/integration-test/target/test-dir/MiniOzoneClusterImpl-6e44b040-7731-4908-af37-66cbba4f501b/datanode-2/data-0/containers/hdds
2023-12-01 12:04:26,875 [bece060d-3fe8-48fd-a57c-c67080073878-EndpointStateMachineTaskThread-/0.0.0.0:15064-0 ] INFO  volume.ThrottledAsyncChecker (ThrottledAsyncChecker.java:schedule(141)) - Scheduling a check for /home/runner/work/ozone/ozone/hadoop-ozone/integration-test/target/test-dir/MiniOzoneClusterImpl-6e44b040-7731-4908-af37-66cbba4f501b/datanode-2/data/ratis
2023-12-01 12:04:26,875 [bece060d-3fe8-48fd-a57c-c67080073878-EndpointStateMachineTaskThread-/0.0.0.0:15064-0 ] INFO  volume.StorageVolumeChecker (StorageVolumeChecker.java:checkAllVolumes(218)) - Scheduled health check for volume /home/runner/work/ozone/ozone/hadoop-ozone/integration-test/target/test-dir/MiniOzoneClusterImpl-6e44b040-7731-4908-af37-66cbba4f501b/datanode-2/data/ratis
2023-12-01 12:04:26,876 [bece060d-3fe8-48fd-a57c-c67080073878-EndpointStateMachineTaskThread-/0.0.0.0:15064-0 ] INFO  ozoneimpl.OzoneContainer (OzoneContainer.java:start(441)) - Attempting to start container services.
2023-12-01 12:04:26,876 [bece060d-3fe8-48fd-a57c-c67080073878-EndpointStateMachineTaskThread-/0.0.0.0:15064-0 ] INFO  ozoneimpl.OzoneContainer (OzoneContainer.java:startContainerScrub(337)) - Scheduled background container scanners and the on-demand container scanner have been disabled.
2023-12-01 12:04:26,876 [bece060d-3fe8-48fd-a57c-c67080073878-EndpointStateMachineTaskThread-/0.0.0.0:15064-0 ] INFO  replication.ReplicationServer (ReplicationServer.java:start(139)) - ReplicationServer is started using port 15096
2023-12-01 12:04:26,876 [bece060d-3fe8-48fd-a57c-c67080073878-EndpointStateMachineTaskThread-/0.0.0.0:15064-0 ] INFO  ratis.XceiverServerRatis (XceiverServerRatis.java:start(525)) - Starting XceiverServerRatis bece060d-3fe8-48fd-a57c-c67080073878
2023-12-01 12:04:26,877 [bece060d-3fe8-48fd-a57c-c67080073878-EndpointStateMachineTaskThread-/0.0.0.0:15064-0 ] INFO  server.RaftServer (RaftServerProxy.java:startImpl(406)) - bece060d-3fe8-48fd-a57c-c67080073878: start RPC server
2023-12-01 12:04:26,878 [bece060d-3fe8-48fd-a57c-c67080073878-EndpointStateMachineTaskThread-/0.0.0.0:15064-0 ] INFO  server.GrpcService (GrpcService.java:startImpl(302)) - bece060d-3fe8-48fd-a57c-c67080073878: GrpcService started, listening on 15092
2023-12-01 12:04:26,878 [bece060d-3fe8-48fd-a57c-c67080073878-EndpointStateMachineTaskThread-/0.0.0.0:15064-0 ] INFO  server.GrpcService (GrpcService.java:startImpl(302)) - bece060d-3fe8-48fd-a57c-c67080073878: GrpcService started, listening on 15094
2023-12-01 12:04:26,879 [bece060d-3fe8-48fd-a57c-c67080073878-EndpointStateMachineTaskThread-/0.0.0.0:15064-0 ] INFO  server.GrpcService (GrpcService.java:startImpl(302)) - bece060d-3fe8-48fd-a57c-c67080073878: GrpcService started, listening on 15093
2023-12-01 12:04:26,879 [bece060d-3fe8-48fd-a57c-c67080073878-EndpointStateMachineTaskThread-/0.0.0.0:15064-0 ] INFO  ratis.XceiverServerRatis (XceiverServerRatis.java:getRealPort(551)) - XceiverServerRatis bece060d-3fe8-48fd-a57c-c67080073878 is started using port 15092 for RATIS
2023-12-01 12:04:26,879 [bece060d-3fe8-48fd-a57c-c67080073878-EndpointStateMachineTaskThread-/0.0.0.0:15064-0 ] INFO  ratis.XceiverServerRatis (XceiverServerRatis.java:getRealPort(551)) - XceiverServerRatis bece060d-3fe8-48fd-a57c-c67080073878 is started using port 15093 for RATIS_ADMIN
2023-12-01 12:04:26,879 [bece060d-3fe8-48fd-a57c-c67080073878-EndpointStateMachineTaskThread-/0.0.0.0:15064-0 ] INFO  ratis.XceiverServerRatis (XceiverServerRatis.java:getRealPort(551)) - XceiverServerRatis bece060d-3fe8-48fd-a57c-c67080073878 is started using port 15094 for RATIS_SERVER
2023-12-01 12:04:26,879 [bece060d-3fe8-48fd-a57c-c67080073878-EndpointStateMachineTaskThread-/0.0.0.0:15064-0 ] INFO  ratis.XceiverServerRatis (XceiverServerRatis.java:getRealPort(551)) - XceiverServerRatis bece060d-3fe8-48fd-a57c-c67080073878 is started using port 15095 for RATIS_DATASTREAM
2023-12-01 12:04:26,879 [JvmPauseMonitor12] INFO  util.JvmPauseMonitor (JvmPauseMonitor.java:run(146)) - JvmPauseMonitor-bece060d-3fe8-48fd-a57c-c67080073878: Started
2023-12-01 12:04:26,881 [bece060d-3fe8-48fd-a57c-c67080073878-BlockDeletingService#0] INFO  interfaces.ContainerDeletionChoosingPolicyTemplate (ContainerDeletionChoosingPolicyTemplate.java:chooseContainerForBlockDeletion(85)) - Chosen 0/5000 blocks from 0 candidate containers.
2023-12-01 12:04:27,848 [main] INFO  ozone.MiniOzoneClusterImpl (MiniOzoneClusterImpl.java:lambda$waitForClusterToBeReady$0(229)) - Waiting for nodes to be ready. Got 0 of 3 DN Heartbeats.
2023-12-01 12:04:27,849 [main] INFO  ozone.MiniOzoneClusterImpl (MiniOzoneClusterImpl.java:lambda$waitForClusterToBeReady$0(232)) - Waiting for cluster to exit safe mode
2023-12-01 12:04:27,849 [main] INFO  ozone.MiniOzoneClusterImpl (MiniOzoneClusterImpl.java:lambda$waitForClusterToBeReady$0(234)) - SCM became leader
2023-12-01 12:04:28,593 [IPC Server handler 1 on default port 15064] INFO  net.NetworkTopologyImpl (NetworkTopologyImpl.java:add(124)) - Added a new node: /default-rack/a52b3d00-e6b2-4875-97ef-1383dbbdd16b
2023-12-01 12:04:28,593 [IPC Server handler 1 on default port 15064] INFO  node.SCMNodeManager (SCMNodeManager.java:register(405)) - Registered datanode: a52b3d00-e6b2-4875-97ef-1383dbbdd16b{ip: 10.1.0.24, host: fv-az1423-675.ei5rwdf52qxuxllzxeqjam05jd.ex.internal.cloudapp.net, ports: [HTTP=15071, CLIENT_RPC=15072, REPLICATION=15078, RATIS=15074, RATIS_ADMIN=15075, RATIS_SERVER=15076, RATIS_DATASTREAM=15077, STANDALONE=15073], networkLocation: /default-rack, certSerialId: null, persistedOpState: null, persistedOpStateExpiryEpochSec: 0}
2023-12-01 12:04:28,595 [EventQueue-NewNodeForNewNodeHandler] INFO  pipeline.BackgroundPipelineCreator (BackgroundPipelineCreator.java:notifyEventTriggered(280)) - trigger a one-shot run on RatisPipelineUtilsThread.
2023-12-01 12:04:28,596 [EventQueue-NodeRegistrationContainerReportForDataNodeSafeModeRule] INFO  safemode.SCMSafeModeManager (DataNodeSafeModeRule.java:process(71)) - SCM in safe mode. 1 DataNodes registered, 3 required.
2023-12-01 12:04:28,596 [RatisPipelineUtilsThread-0] INFO  pipeline.RatisPipelineProvider (RatisPipelineProvider.java:lambda$create$0(206)) - Sending CreatePipelineCommand for pipeline:PipelineID=ea98f026-8e19-4958-9d58-4341143e4683 to datanode:a52b3d00-e6b2-4875-97ef-1383dbbdd16b
2023-12-01 12:04:28,596 [EventQueue-NodeRegistrationContainerReportForContainerSafeModeRule] INFO  safemode.SCMSafeModeManager (SCMSafeModeManager.java:validateSafeModeExitRules(200)) - ContainerSafeModeRule rule is successfully validated
2023-12-01 12:04:28,597 [EventQueue-PipelineReportForOneReplicaPipelineSafeModeRule] INFO  safemode.SCMSafeModeManager (SCMSafeModeManager.java:validateSafeModeExitRules(200)) - AtleastOneDatanodeReportedRule rule is successfully validated
2023-12-01 12:04:28,598 [RatisPipelineUtilsThread-0] INFO  pipeline.BackgroundPipelineCreator (BackgroundPipelineCreator.java:createPipelines(236)) - Created new pipeline Pipeline[ Id: ea98f026-8e19-4958-9d58-4341143e4683, Nodes: a52b3d00-e6b2-4875-97ef-1383dbbdd16b(fv-az1423-675.ei5rwdf52qxuxllzxeqjam05jd.ex.internal.cloudapp.net/10.1.0.24), ReplicationConfig: RATIS/ONE, State:ALLOCATED, leaderId:, CreationTimestamp2023-12-01T12:04:28.596Z[Etc/UTC]]
2023-12-01 12:04:28,737 [IPC Server handler 2 on default port 15064] INFO  net.NetworkTopologyImpl (NetworkTopologyImpl.java:add(124)) - Added a new node: /default-rack/d61ce6df-bfa3-4031-bef1-0b60ac375a39
2023-12-01 12:04:28,737 [IPC Server handler 2 on default port 15064] INFO  node.SCMNodeManager (SCMNodeManager.java:register(405)) - Registered datanode: d61ce6df-bfa3-4031-bef1-0b60ac375a39{ip: 10.1.0.24, host: fv-az1423-675.ei5rwdf52qxuxllzxeqjam05jd.ex.internal.cloudapp.net, ports: [HTTP=15080, CLIENT_RPC=15081, REPLICATION=15087, RATIS=15083, RATIS_ADMIN=15084, RATIS_SERVER=15085, RATIS_DATASTREAM=15086, STANDALONE=15082], networkLocation: /default-rack, certSerialId: null, persistedOpState: null, persistedOpStateExpiryEpochSec: 0}
2023-12-01 12:04:28,738 [EventQueue-NodeRegistrationContainerReportForDataNodeSafeModeRule] INFO  safemode.SCMSafeModeManager (DataNodeSafeModeRule.java:process(71)) - SCM in safe mode. 2 DataNodes registered, 3 required.
2023-12-01 12:04:28,738 [EventQueue-NewNodeForNewNodeHandler] INFO  pipeline.BackgroundPipelineCreator (BackgroundPipelineCreator.java:notifyEventTriggered(280)) - trigger a one-shot run on RatisPipelineUtilsThread.
2023-12-01 12:04:28,739 [RatisPipelineUtilsThread-0] INFO  pipeline.RatisPipelineProvider (RatisPipelineProvider.java:lambda$create$0(206)) - Sending CreatePipelineCommand for pipeline:PipelineID=5f9816ea-1cc8-476a-a17a-fb863f7b2671 to datanode:d61ce6df-bfa3-4031-bef1-0b60ac375a39
2023-12-01 12:04:28,740 [RatisPipelineUtilsThread-0] INFO  pipeline.BackgroundPipelineCreator (BackgroundPipelineCreator.java:createPipelines(236)) - Created new pipeline Pipeline[ Id: 5f9816ea-1cc8-476a-a17a-fb863f7b2671, Nodes: d61ce6df-bfa3-4031-bef1-0b60ac375a39(fv-az1423-675.ei5rwdf52qxuxllzxeqjam05jd.ex.internal.cloudapp.net/10.1.0.24), ReplicationConfig: RATIS/ONE, State:ALLOCATED, leaderId:, CreationTimestamp2023-12-01T12:04:28.739Z[Etc/UTC]]
2023-12-01 12:04:28,849 [main] INFO  ozone.MiniOzoneClusterImpl (MiniOzoneClusterImpl.java:lambda$waitForClusterToBeReady$0(229)) - Waiting for nodes to be ready. Got 2 of 3 DN Heartbeats.
2023-12-01 12:04:28,849 [main] INFO  ozone.MiniOzoneClusterImpl (MiniOzoneClusterImpl.java:lambda$waitForClusterToBeReady$0(232)) - Waiting for cluster to exit safe mode
2023-12-01 12:04:28,850 [main] INFO  ozone.MiniOzoneClusterImpl (MiniOzoneClusterImpl.java:lambda$waitForClusterToBeReady$0(234)) - SCM became leader
2023-12-01 12:04:28,849 [IPC Server handler 0 on default port 15064] INFO  net.NetworkTopologyImpl (NetworkTopologyImpl.java:add(124)) - Added a new node: /default-rack/bece060d-3fe8-48fd-a57c-c67080073878
2023-12-01 12:04:28,850 [IPC Server handler 0 on default port 15064] INFO  node.SCMNodeManager (SCMNodeManager.java:register(405)) - Registered datanode: bece060d-3fe8-48fd-a57c-c67080073878{ip: 10.1.0.24, host: fv-az1423-675.ei5rwdf52qxuxllzxeqjam05jd.ex.internal.cloudapp.net, ports: [HTTP=15089, CLIENT_RPC=15090, REPLICATION=15096, RATIS=15092, RATIS_ADMIN=15093, RATIS_SERVER=15094, RATIS_DATASTREAM=15095, STANDALONE=15091], networkLocation: /default-rack, certSerialId: null, persistedOpState: null, persistedOpStateExpiryEpochSec: 0}
2023-12-01 12:04:28,850 [EventQueue-NewNodeForNewNodeHandler] INFO  pipeline.BackgroundPipelineCreator (BackgroundPipelineCreator.java:notifyEventTriggered(280)) - trigger a one-shot run on RatisPipelineUtilsThread.
2023-12-01 12:04:28,851 [RatisPipelineUtilsThread-0] INFO  pipeline.RatisPipelineProvider (RatisPipelineProvider.java:lambda$create$0(206)) - Sending CreatePipelineCommand for pipeline:PipelineID=1e311d18-a939-42e1-ade4-517770fe8037 to datanode:bece060d-3fe8-48fd-a57c-c67080073878
2023-12-01 12:04:28,852 [RatisPipelineUtilsThread-0] INFO  pipeline.BackgroundPipelineCreator (BackgroundPipelineCreator.java:createPipelines(236)) - Created new pipeline Pipeline[ Id: 1e311d18-a939-42e1-ade4-517770fe8037, Nodes: bece060d-3fe8-48fd-a57c-c67080073878(fv-az1423-675.ei5rwdf52qxuxllzxeqjam05jd.ex.internal.cloudapp.net/10.1.0.24), ReplicationConfig: RATIS/ONE, State:ALLOCATED, leaderId:, CreationTimestamp2023-12-01T12:04:28.851Z[Etc/UTC]]
2023-12-01 12:04:28,852 [EventQueue-NodeRegistrationContainerReportForDataNodeSafeModeRule] INFO  safemode.SCMSafeModeManager (DataNodeSafeModeRule.java:process(71)) - SCM in safe mode. 3 DataNodes registered, 3 required.
2023-12-01 12:04:28,852 [EventQueue-NodeRegistrationContainerReportForDataNodeSafeModeRule] INFO  safemode.SCMSafeModeManager (SCMSafeModeManager.java:validateSafeModeExitRules(200)) - DataNodeSafeModeRule rule is successfully validated
2023-12-01 12:04:28,852 [EventQueue-NodeRegistrationContainerReportForDataNodeSafeModeRule] INFO  safemode.SCMSafeModeManager (SCMSafeModeManager.java:completePreCheck(229)) - All SCM safe mode pre check rules have passed
2023-12-01 12:04:28,853 [EventQueue-NodeRegistrationContainerReportForDataNodeSafeModeRule] INFO  ha.SCMContext (SCMContext.java:updateSafeModeStatus(230)) - Update SafeModeStatus from SafeModeStatus{safeModeStatus=true, preCheckPassed=false} to SafeModeStatus{safeModeStatus=true, preCheckPassed=true}.
2023-12-01 12:04:28,853 [EventQueue-NodeRegistrationContainerReportForDataNodeSafeModeRule] INFO  pipeline.BackgroundPipelineCreator (BackgroundPipelineCreator.java:notifyEventTriggered(280)) - trigger a one-shot run on RatisPipelineUtilsThread.
2023-12-01 12:04:28,854 [RatisPipelineUtilsThread-0] INFO  pipeline.RatisPipelineProvider (RatisPipelineProvider.java:lambda$create$0(206)) - Sending CreatePipelineCommand for pipeline:PipelineID=1604b372-a121-49be-a60c-1bbc237b5611 to datanode:a52b3d00-e6b2-4875-97ef-1383dbbdd16b
2023-12-01 12:04:28,854 [RatisPipelineUtilsThread-0] INFO  pipeline.RatisPipelineProvider (RatisPipelineProvider.java:lambda$create$0(206)) - Sending CreatePipelineCommand for pipeline:PipelineID=1604b372-a121-49be-a60c-1bbc237b5611 to datanode:bece060d-3fe8-48fd-a57c-c67080073878
2023-12-01 12:04:28,854 [RatisPipelineUtilsThread-0] INFO  pipeline.RatisPipelineProvider (RatisPipelineProvider.java:lambda$create$0(206)) - Sending CreatePipelineCommand for pipeline:PipelineID=1604b372-a121-49be-a60c-1bbc237b5611 to datanode:d61ce6df-bfa3-4031-bef1-0b60ac375a39
2023-12-01 12:04:28,855 [RatisPipelineUtilsThread-0] INFO  pipeline.BackgroundPipelineCreator (BackgroundPipelineCreator.java:createPipelines(236)) - Created new pipeline Pipeline[ Id: 1604b372-a121-49be-a60c-1bbc237b5611, Nodes: a52b3d00-e6b2-4875-97ef-1383dbbdd16b(fv-az1423-675.ei5rwdf52qxuxllzxeqjam05jd.ex.internal.cloudapp.net/10.1.0.24)bece060d-3fe8-48fd-a57c-c67080073878(fv-az1423-675.ei5rwdf52qxuxllzxeqjam05jd.ex.internal.cloudapp.net/10.1.0.24)d61ce6df-bfa3-4031-bef1-0b60ac375a39(fv-az1423-675.ei5rwdf52qxuxllzxeqjam05jd.ex.internal.cloudapp.net/10.1.0.24), ReplicationConfig: RATIS/THREE, State:ALLOCATED, leaderId:, CreationTimestamp2023-12-01T12:04:28.853Z[Etc/UTC]]
2023-12-01 12:04:28,855 [RatisPipelineUtilsThread-0] INFO  pipeline.RatisPipelineProvider (RatisPipelineProvider.java:lambda$create$0(206)) - Sending CreatePipelineCommand for pipeline:PipelineID=26dd2faf-e2aa-453c-847f-c65efe1a7aac to datanode:bece060d-3fe8-48fd-a57c-c67080073878
2023-12-01 12:04:28,855 [RatisPipelineUtilsThread-0] INFO  pipeline.RatisPipelineProvider (RatisPipelineProvider.java:lambda$create$0(206)) - Sending CreatePipelineCommand for pipeline:PipelineID=26dd2faf-e2aa-453c-847f-c65efe1a7aac to datanode:a52b3d00-e6b2-4875-97ef-1383dbbdd16b
2023-12-01 12:04:28,855 [RatisPipelineUtilsThread-0] INFO  pipeline.RatisPipelineProvider (RatisPipelineProvider.java:lambda$create$0(206)) - Sending CreatePipelineCommand for pipeline:PipelineID=26dd2faf-e2aa-453c-847f-c65efe1a7aac to datanode:d61ce6df-bfa3-4031-bef1-0b60ac375a39
2023-12-01 12:04:28,856 [RatisPipelineUtilsThread-0] INFO  pipeline.PipelineManagerImpl (PipelineManagerImpl.java:recordMetricsForPipeline(916)) - Pipeline: PipelineID=26dd2faf-e2aa-453c-847f-c65efe1a7aac contains same datanodes as previous pipelines: PipelineID=1604b372-a121-49be-a60c-1bbc237b5611 nodeIds: bece060d-3fe8-48fd-a57c-c67080073878, a52b3d00-e6b2-4875-97ef-1383dbbdd16b, d61ce6df-bfa3-4031-bef1-0b60ac375a39
2023-12-01 12:04:28,856 [RatisPipelineUtilsThread-0] INFO  pipeline.BackgroundPipelineCreator (BackgroundPipelineCreator.java:createPipelines(236)) - Created new pipeline Pipeline[ Id: 26dd2faf-e2aa-453c-847f-c65efe1a7aac, Nodes: bece060d-3fe8-48fd-a57c-c67080073878(fv-az1423-675.ei5rwdf52qxuxllzxeqjam05jd.ex.internal.cloudapp.net/10.1.0.24)a52b3d00-e6b2-4875-97ef-1383dbbdd16b(fv-az1423-675.ei5rwdf52qxuxllzxeqjam05jd.ex.internal.cloudapp.net/10.1.0.24)d61ce6df-bfa3-4031-bef1-0b60ac375a39(fv-az1423-675.ei5rwdf52qxuxllzxeqjam05jd.ex.internal.cloudapp.net/10.1.0.24), ReplicationConfig: RATIS/THREE, State:ALLOCATED, leaderId:, CreationTimestamp2023-12-01T12:04:28.855Z[Etc/UTC]]
2023-12-01 12:04:29,850 [main] INFO  ozone.MiniOzoneClusterImpl (MiniOzoneClusterImpl.java:lambda$waitForClusterToBeReady$0(229)) - Nodes are ready. Got 3 of 3 DN Heartbeats.
2023-12-01 12:04:29,850 [main] INFO  ozone.MiniOzoneClusterImpl (MiniOzoneClusterImpl.java:lambda$waitForClusterToBeReady$0(232)) - Waiting for cluster to exit safe mode
2023-12-01 12:04:29,850 [main] INFO  ozone.MiniOzoneClusterImpl (MiniOzoneClusterImpl.java:lambda$waitForClusterToBeReady$0(234)) - SCM became leader
2023-12-01 12:04:30,851 [main] INFO  ozone.MiniOzoneClusterImpl (MiniOzoneClusterImpl.java:lambda$waitForClusterToBeReady$0(229)) - Nodes are ready. Got 3 of 3 DN Heartbeats.
2023-12-01 12:04:30,851 [main] INFO  ozone.MiniOzoneClusterImpl (MiniOzoneClusterImpl.java:lambda$waitForClusterToBeReady$0(232)) - Waiting for cluster to exit safe mode
2023-12-01 12:04:30,851 [main] INFO  ozone.MiniOzoneClusterImpl (MiniOzoneClusterImpl.java:lambda$waitForClusterToBeReady$0(234)) - SCM became leader
2023-12-01 12:04:31,592 [a52b3d00-e6b2-4875-97ef-1383dbbdd16b-PipelineCommandHandlerThread-0] INFO  server.RaftServer (RaftServerProxy.java:addNew(100)) - a52b3d00-e6b2-4875-97ef-1383dbbdd16b: addNew group-4341143E4683:[a52b3d00-e6b2-4875-97ef-1383dbbdd16b|10.1.0.24:15076] returns group-4341143E4683:java.util.concurrent.CompletableFuture@1e2f95d3[Not completed]
2023-12-01 12:04:31,593 [a52b3d00-e6b2-4875-97ef-1383dbbdd16b-groupManagement] INFO  server.RaftServer$Division (RaftServerImpl.java:<init>(256)) - a52b3d00-e6b2-4875-97ef-1383dbbdd16b: new RaftServerImpl for group-4341143E4683:[a52b3d00-e6b2-4875-97ef-1383dbbdd16b|10.1.0.24:15076] with ContainerStateMachine:uninitialized
2023-12-01 12:04:31,594 [a52b3d00-e6b2-4875-97ef-1383dbbdd16b-groupManagement] INFO  server.RaftServerConfigKeys (ConfUtils.java:logGet(46)) - raft.server.rpc.timeout.min = 5s (custom)
2023-12-01 12:04:31,594 [a52b3d00-e6b2-4875-97ef-1383dbbdd16b-groupManagement] INFO  server.RaftServerConfigKeys (ConfUtils.java:logGet(46)) - raft.server.rpc.timeout.max = 5200ms (custom)
2023-12-01 12:04:31,594 [a52b3d00-e6b2-4875-97ef-1383dbbdd16b-groupManagement] INFO  server.RaftServerConfigKeys (ConfUtils.java:logGet(46)) - raft.server.rpc.sleep.time = 25ms (default)
2023-12-01 12:04:31,594 [a52b3d00-e6b2-4875-97ef-1383dbbdd16b-groupManagement] INFO  server.RaftServerConfigKeys (ConfUtils.java:logGet(46)) - raft.server.rpc.slowness.timeout = 300s (custom)
2023-12-01 12:04:31,594 [a52b3d00-e6b2-4875-97ef-1383dbbdd16b-groupManagement] INFO  server.RaftServerConfigKeys (ConfUtils.java:logGet(46)) - raft.server.leaderelection.leader.step-down.wait-time = 10s (default)
2023-12-01 12:04:31,594 [a52b3d00-e6b2-4875-97ef-1383dbbdd16b-groupManagement] INFO  server.RaftServerConfigKeys (ConfUtils.java:logGet(46)) - raft.server.leaderelection.member.majority-add = false (default)
2023-12-01 12:04:31,594 [a52b3d00-e6b2-4875-97ef-1383dbbdd16b-groupManagement] INFO  server.RaftServerConfigKeys (ConfUtils.java:logGet(46)) - raft.server.sleep.deviation.threshold = 300ms (default)
2023-12-01 12:04:31,594 [a52b3d00-e6b2-4875-97ef-1383dbbdd16b-groupManagement] INFO  server.RaftServer$Division (ServerState.java:<init>(113)) - a52b3d00-e6b2-4875-97ef-1383dbbdd16b@group-4341143E4683: ConfigurationManager, init=-1: peers:[a52b3d00-e6b2-4875-97ef-1383dbbdd16b|10.1.0.24:15076]|listeners:[], old=null, confs=<EMPTY_MAP>
2023-12-01 12:04:31,594 [a52b3d00-e6b2-4875-97ef-1383dbbdd16b-groupManagement] INFO  server.RaftServerConfigKeys (ConfUtils.java:logGet(46)) - raft.server.notification.no-leader.timeout = 300s (custom)
2023-12-01 12:04:31,594 [a52b3d00-e6b2-4875-97ef-1383dbbdd16b-groupManagement] INFO  server.RaftServerConfigKeys (ConfUtils.java:logGet(46)) - raft.server.read.timeout = 10s (default)
2023-12-01 12:04:31,594 [a52b3d00-e6b2-4875-97ef-1383dbbdd16b-groupManagement] INFO  server.RaftServerConfigKeys (ConfUtils.java:logGet(46)) - raft.server.retrycache.expirytime = 600000ms (custom)
2023-12-01 12:04:31,594 [a52b3d00-e6b2-4875-97ef-1383dbbdd16b-groupManagement] INFO  server.RaftServerConfigKeys (ConfUtils.java:logGet(46)) - raft.server.retrycache.statistics.expirytime = 100ms (default)
2023-12-01 12:04:31,594 [a52b3d00-e6b2-4875-97ef-1383dbbdd16b-groupManagement] INFO  server.RaftServerConfigKeys (ConfUtils.java:logGet(46)) - raft.server.read.option = DEFAULT (default)
2023-12-01 12:04:31,595 [a52b3d00-e6b2-4875-97ef-1383dbbdd16b-groupManagement] INFO  server.RaftServerConfigKeys (ConfUtils.java:logGet(46)) - raft.server.read.read-after-write-consistent.write-index-cache.expiry-time = 60s (default)
2023-12-01 12:04:31,595 [a52b3d00-e6b2-4875-97ef-1383dbbdd16b-groupManagement] INFO  server.RaftServerConfigKeys (ConfUtils.java:logGet(46)) - raft.server.rpc.request.timeout = 60s (custom)
2023-12-01 12:04:31,595 [a52b3d00-e6b2-4875-97ef-1383dbbdd16b-groupManagement] INFO  server.RaftServerConfigKeys (ConfUtils.java:logGet(46)) - raft.server.log.appender.install.snapshot.enabled = false (custom)
2023-12-01 12:04:31,596 [a52b3d00-e6b2-4875-97ef-1383dbbdd16b-groupManagement] INFO  server.RaftServerConfigKeys (ConfUtils.java:logGet(46)) - raft.server.threadpool.server.cached = true (default)
2023-12-01 12:04:31,596 [a52b3d00-e6b2-4875-97ef-1383dbbdd16b-groupManagement] INFO  server.RaftServerConfigKeys (ConfUtils.java:logGet(46)) - raft.server.threadpool.server.size = 0 (default)
2023-12-01 12:04:31,596 [a52b3d00-e6b2-4875-97ef-1383dbbdd16b-groupManagement] INFO  server.RaftServerConfigKeys (ConfUtils.java:logGet(46)) - raft.server.threadpool.client.cached = true (default)
2023-12-01 12:04:31,596 [a52b3d00-e6b2-4875-97ef-1383dbbdd16b-groupManagement] INFO  server.RaftServerConfigKeys (ConfUtils.java:logGet(46)) - raft.server.threadpool.client.size = 0 (default)
2023-12-01 12:04:31,596 [a52b3d00-e6b2-4875-97ef-1383dbbdd16b-groupManagement] INFO  server.RaftServerConfigKeys (ConfUtils.java:logGet(46)) - raft.server.storage.free-space.min = 0MB (=0) (default)
2023-12-01 12:04:31,596 [a52b3d00-e6b2-4875-97ef-1383dbbdd16b-groupManagement] INFO  server.RaftServerConfigKeys (ConfUtils.java:logGet(46)) - raft.server.log.corruption.policy = EXCEPTION (default)
2023-12-01 12:04:31,596 [a52b3d00-e6b2-4875-97ef-1383dbbdd16b-groupManagement] INFO  server.RaftServerConfigKeys (ConfUtils.java:logGet(46)) - raft.server.storage.dir = [/home/runner/work/ozone/ozone/hadoop-ozone/integration-test/target/test-dir/MiniOzoneClusterImpl-6e44b040-7731-4908-af37-66cbba4f501b/datanode-0/data/ratis] (custom)
2023-12-01 12:04:31,596 [a52b3d00-e6b2-4875-97ef-1383dbbdd16b-groupManagement] INFO  storage.RaftStorageDirectory (RaftStorageDirectoryImpl.java:analyzeStorage(138)) - The storage directory /home/runner/work/ozone/ozone/hadoop-ozone/integration-test/target/test-dir/MiniOzoneClusterImpl-6e44b040-7731-4908-af37-66cbba4f501b/datanode-0/data/ratis/ea98f026-8e19-4958-9d58-4341143e4683 does not exist. Creating ...
2023-12-01 12:04:31,598 [a52b3d00-e6b2-4875-97ef-1383dbbdd16b-groupManagement] INFO  storage.RaftStorageDirectory (RaftStorageDirectoryImpl.java:tryLock(232)) - Lock on /home/runner/work/ozone/ozone/hadoop-ozone/integration-test/target/test-dir/MiniOzoneClusterImpl-6e44b040-7731-4908-af37-66cbba4f501b/datanode-0/data/ratis/ea98f026-8e19-4958-9d58-4341143e4683/in_use.lock acquired by nodename 15370@fv-az1423-675
2023-12-01 12:04:31,599 [a52b3d00-e6b2-4875-97ef-1383dbbdd16b-groupManagement] INFO  storage.RaftStorage (RaftStorageImpl.java:format(97)) - Storage directory /home/runner/work/ozone/ozone/hadoop-ozone/integration-test/target/test-dir/MiniOzoneClusterImpl-6e44b040-7731-4908-af37-66cbba4f501b/datanode-0/data/ratis/ea98f026-8e19-4958-9d58-4341143e4683 has been successfully formatted.
2023-12-01 12:04:31,599 [a52b3d00-e6b2-4875-97ef-1383dbbdd16b-groupManagement] INFO  ratis.ContainerStateMachine (ContainerStateMachine.java:loadSnapshot(269)) - group-4341143E4683: The snapshot info is null. Setting the last applied indexto:(t:0, i:~)
2023-12-01 12:04:31,599 [a52b3d00-e6b2-4875-97ef-1383dbbdd16b-groupManagement] INFO  server.RaftServerConfigKeys (ConfUtils.java:logGet(46)) - raft.server.log.use.memory = false (default)
2023-12-01 12:04:31,600 [a52b3d00-e6b2-4875-97ef-1383dbbdd16b-groupManagement] INFO  server.RaftServerConfigKeys (ConfUtils.java:logGet(46)) - raft.server.log.purge.gap = 1000000 (custom)
2023-12-01 12:04:31,600 [a52b3d00-e6b2-4875-97ef-1383dbbdd16b-groupManagement] INFO  server.RaftServerConfigKeys (ConfUtils.java:logGet(46)) - raft.server.log.appender.buffer.byte-limit = 33554432 (custom)
2023-12-01 12:04:31,600 [a52b3d00-e6b2-4875-97ef-1383dbbdd16b-groupManagement] INFO  server.RaftServerConfigKeys (ConfUtils.java:logGet(46)) - raft.server.log.statemachine.data.read.timeout = 1000ms (default)
2023-12-01 12:04:31,600 [a52b3d00-e6b2-4875-97ef-1383dbbdd16b-groupManagement] INFO  server.RaftServerConfigKeys (ConfUtils.java:logGet(46)) - raft.server.log.purge.preservation.log.num = 0 (default)
2023-12-01 12:04:31,601 [a52b3d00-e6b2-4875-97ef-1383dbbdd16b-groupManagement] INFO  server.RaftServerConfigKeys (ConfUtils.java:logGet(46)) - raft.server.log.segment.size.max = 67108864 (custom)
2023-12-01 12:04:31,601 [a52b3d00-e6b2-4875-97ef-1383dbbdd16b-groupManagement] INFO  server.RaftServerConfigKeys (ConfUtils.java:logGet(46)) - raft.server.log.segment.cache.num.max = 2 (custom)
2023-12-01 12:04:31,601 [a52b3d00-e6b2-4875-97ef-1383dbbdd16b-groupManagement] INFO  server.RaftServerConfigKeys (ConfUtils.java:logGet(46)) - raft.server.log.segment.cache.size.max = 200MB (=209715200) (default)
2023-12-01 12:04:31,601 [a52b3d00-e6b2-4875-97ef-1383dbbdd16b-groupManagement] INFO  server.RaftServerConfigKeys (ConfUtils.java:logGet(46)) - raft.server.log.appender.buffer.byte-limit = 33554432 (custom)
2023-12-01 12:04:31,601 [a52b3d00-e6b2-4875-97ef-1383dbbdd16b-groupManagement] INFO  util.AwaitToRun (AwaitToRun.java:start(81)) - Thread[a52b3d00-e6b2-4875-97ef-1383dbbdd16b@group-4341143E4683-cacheEviction-AwaitToRun,5,main] started
2023-12-01 12:04:31,601 [a52b3d00-e6b2-4875-97ef-1383dbbdd16b-groupManagement] INFO  segmented.SegmentedRaftLogWorker (SegmentedRaftLogWorker.java:<init>(184)) - new a52b3d00-e6b2-4875-97ef-1383dbbdd16b@group-4341143E4683-SegmentedRaftLogWorker for RaftStorageImpl:Storage Directory /home/runner/work/ozone/ozone/hadoop-ozone/integration-test/target/test-dir/MiniOzoneClusterImpl-6e44b040-7731-4908-af37-66cbba4f501b/datanode-0/data/ratis/ea98f026-8e19-4958-9d58-4341143e4683
2023-12-01 12:04:31,601 [a52b3d00-e6b2-4875-97ef-1383dbbdd16b-groupManagement] INFO  server.RaftServerConfigKeys (ConfUtils.java:logGet(46)) - raft.server.log.queue.byte-limit = 4294967296 (custom)
2023-12-01 12:04:31,601 [a52b3d00-e6b2-4875-97ef-1383dbbdd16b-groupManagement] INFO  server.RaftServerConfigKeys (ConfUtils.java:logGet(46)) - raft.server.log.queue.element-limit = 1024 (custom)
2023-12-01 12:04:31,601 [a52b3d00-e6b2-4875-97ef-1383dbbdd16b-groupManagement] INFO  server.RaftServerConfigKeys (ConfUtils.java:logGet(46)) - raft.server.log.segment.size.max = 67108864 (custom)
2023-12-01 12:04:31,602 [a52b3d00-e6b2-4875-97ef-1383dbbdd16b-groupManagement] INFO  server.RaftServerConfigKeys (ConfUtils.java:logGet(46)) - raft.server.log.preallocated.size = 4194304 (custom)
2023-12-01 12:04:31,602 [a52b3d00-e6b2-4875-97ef-1383dbbdd16b-groupManagement] INFO  server.RaftServerConfigKeys (ConfUtils.java:logGet(46)) - raft.server.log.force.sync.num = 128 (default)
2023-12-01 12:04:31,602 [a52b3d00-e6b2-4875-97ef-1383dbbdd16b-groupManagement] INFO  server.RaftServerConfigKeys (ConfUtils.java:logGet(46)) - raft.server.log.statemachine.data.sync = true (default)
2023-12-01 12:04:31,602 [a52b3d00-e6b2-4875-97ef-1383dbbdd16b-groupManagement] INFO  server.RaftServerConfigKeys (ConfUtils.java:logGet(46)) - raft.server.log.statemachine.data.sync.timeout = 10s (default)
2023-12-01 12:04:31,602 [a52b3d00-e6b2-4875-97ef-1383dbbdd16b-groupManagement] INFO  server.RaftServerConfigKeys (ConfUtils.java:logGet(46)) - raft.server.log.statemachine.data.sync.timeout.retry = -1 (default)
2023-12-01 12:04:31,602 [EventQueue-PipelineReportForPipelineReportHandler] INFO  pipeline.PipelineReportHandler (PipelineReportHandler.java:processPipelineReport(136)) - Opened pipeline PipelineID=ea98f026-8e19-4958-9d58-4341143e4683
2023-12-01 12:04:31,602 [a52b3d00-e6b2-4875-97ef-1383dbbdd16b-groupManagement] INFO  server.RaftServerConfigKeys (ConfUtils.java:logGet(46)) - raft.server.log.write.buffer.size = 2097152 (custom)
2023-12-01 12:04:31,603 [a52b3d00-e6b2-4875-97ef-1383dbbdd16b-groupManagement] INFO  server.RaftServerConfigKeys (ConfUtils.java:logGet(46)) - raft.server.log.appender.buffer.byte-limit = 33554432 (custom)
2023-12-01 12:04:31,605 [EventQueue-OpenPipelineForHealthyPipelineSafeModeRule] INFO  safemode.SCMSafeModeManager (HealthyPipelineSafeModeRule.java:process(137)) - SCM in safe mode. Healthy pipelines reported count is 0, required healthy pipeline reported count is 1
2023-12-01 12:04:31,605 [a52b3d00-e6b2-4875-97ef-1383dbbdd16b-groupManagement] INFO  server.RaftServerConfigKeys (ConfUtils.java:logGet(46)) - raft.server.log.unsafe-flush.enabled = false (default)
2023-12-01 12:04:31,605 [a52b3d00-e6b2-4875-97ef-1383dbbdd16b-groupManagement] INFO  server.RaftServerConfigKeys (ConfUtils.java:logGet(46)) - raft.server.log.async-flush.enabled = false (default)
2023-12-01 12:04:31,605 [a52b3d00-e6b2-4875-97ef-1383dbbdd16b-groupManagement] INFO  server.RaftServerConfigKeys (ConfUtils.java:logGet(46)) - raft.server.log.statemachine.data.caching.enabled = true (custom)
2023-12-01 12:04:31,605 [a52b3d00-e6b2-4875-97ef-1383dbbdd16b-groupManagement] INFO  segmented.SegmentedRaftLogWorker (SegmentedRaftLogWorker.java:lambda$new$0(135)) - a52b3d00-e6b2-4875-97ef-1383dbbdd16b@group-4341143E4683-SegmentedRaftLogWorker: flushIndex: setUnconditionally 0 -> -1
2023-12-01 12:04:31,605 [a52b3d00-e6b2-4875-97ef-1383dbbdd16b-groupManagement] INFO  segmented.SegmentedRaftLogWorker (SegmentedRaftLogWorker.java:lambda$new$0(135)) - a52b3d00-e6b2-4875-97ef-1383dbbdd16b@group-4341143E4683-SegmentedRaftLogWorker: safeCacheEvictIndex: setUnconditionally 0 -> -1
2023-12-01 12:04:31,606 [a52b3d00-e6b2-4875-97ef-1383dbbdd16b-groupManagement] INFO  server.RaftServer$Division (RaftServerImpl.java:start(392)) - a52b3d00-e6b2-4875-97ef-1383dbbdd16b@group-4341143E4683: start as a follower, conf=-1: peers:[a52b3d00-e6b2-4875-97ef-1383dbbdd16b|10.1.0.24:15076]|listeners:[], old=null
2023-12-01 12:04:31,606 [a52b3d00-e6b2-4875-97ef-1383dbbdd16b-groupManagement] INFO  server.RaftServer$Division (RaftServerImpl.java:setRole(379)) - a52b3d00-e6b2-4875-97ef-1383dbbdd16b@group-4341143E4683: changes role from      null to FOLLOWER at term 0 for startAsFollower
2023-12-01 12:04:31,606 [a52b3d00-e6b2-4875-97ef-1383dbbdd16b-groupManagement] INFO  impl.RoleInfo (RoleInfo.java:updateAndGet(139)) - a52b3d00-e6b2-4875-97ef-1383dbbdd16b: start a52b3d00-e6b2-4875-97ef-1383dbbdd16b@group-4341143E4683-FollowerState
2023-12-01 12:04:31,606 [a52b3d00-e6b2-4875-97ef-1383dbbdd16b@group-4341143E4683-FollowerState] INFO  server.RaftServerConfigKeys (ConfUtils.java:logFallback(53)) - raft.server.rpc.first-election.timeout.min = 5s (fallback to raft.server.rpc.timeout.min)
2023-12-01 12:04:31,606 [a52b3d00-e6b2-4875-97ef-1383dbbdd16b-groupManagement] INFO  util.JmxRegister (JmxRegister.java:tryRegister(44)) - Successfully registered JMX Bean with object name Ratis:service=RaftServer,group=group-4341143E4683,id=a52b3d00-e6b2-4875-97ef-1383dbbdd16b
2023-12-01 12:04:31,606 [a52b3d00-e6b2-4875-97ef-1383dbbdd16b-groupManagement] INFO  server.RaftServerConfigKeys (ConfUtils.java:logGet(46)) - raft.server.snapshot.trigger-when-stop.enabled = true (default)
2023-12-01 12:04:31,606 [a52b3d00-e6b2-4875-97ef-1383dbbdd16b-groupManagement] INFO  server.RaftServerConfigKeys (ConfUtils.java:logGet(46)) - raft.server.snapshot.auto.trigger.enabled = true (custom)
2023-12-01 12:04:31,606 [a52b3d00-e6b2-4875-97ef-1383dbbdd16b-groupManagement] INFO  server.RaftServerConfigKeys (ConfUtils.java:logGet(46)) - raft.server.snapshot.auto.trigger.threshold = 10000 (custom)
2023-12-01 12:04:31,606 [a52b3d00-e6b2-4875-97ef-1383dbbdd16b-groupManagement] INFO  server.RaftServerConfigKeys (ConfUtils.java:logGet(46)) - raft.server.snapshot.retention.file.num = 5 (custom)
2023-12-01 12:04:31,606 [a52b3d00-e6b2-4875-97ef-1383dbbdd16b-groupManagement] INFO  server.RaftServerConfigKeys (ConfUtils.java:logGet(46)) - raft.server.log.purge.upto.snapshot.index = false (default)
2023-12-01 12:04:31,607 [a52b3d00-e6b2-4875-97ef-1383dbbdd16b-PipelineCommandHandlerThread-0] INFO  ratis.XceiverServerRatis (XceiverServerRatis.java:addGroup(814)) - Created group PipelineID=ea98f026-8e19-4958-9d58-4341143e4683
2023-12-01 12:04:31,607 [a52b3d00-e6b2-4875-97ef-1383dbbdd16b-PipelineCommandHandlerThread-0] INFO  commandhandler.CreatePipelineCommandHandler (CreatePipelineCommandHandler.java:lambda$handle$2(124)) - Created Pipeline RATIS ONE PipelineID=ea98f026-8e19-4958-9d58-4341143e4683.
2023-12-01 12:04:31,607 [a52b3d00-e6b2-4875-97ef-1383dbbdd16b@group-4341143E4683-FollowerState] INFO  server.RaftServerConfigKeys (ConfUtils.java:logFallback(53)) - raft.server.rpc.first-election.timeout.max = 5200ms (fallback to raft.server.rpc.timeout.max)
2023-12-01 12:04:31,608 [a52b3d00-e6b2-4875-97ef-1383dbbdd16b-PipelineCommandHandlerThread-0] INFO  server.RaftServer (RaftServerProxy.java:addNew(100)) - a52b3d00-e6b2-4875-97ef-1383dbbdd16b: addNew group-1BBC237B5611:[a52b3d00-e6b2-4875-97ef-1383dbbdd16b|10.1.0.24:15076, bece060d-3fe8-48fd-a57c-c67080073878|10.1.0.24:15094, d61ce6df-bfa3-4031-bef1-0b60ac375a39|10.1.0.24:15085] returns group-1BBC237B5611:java.util.concurrent.CompletableFuture@1a1002ce[Not completed]
2023-12-01 12:04:31,608 [a52b3d00-e6b2-4875-97ef-1383dbbdd16b-groupManagement] INFO  server.RaftServer$Division (RaftServerImpl.java:<init>(256)) - a52b3d00-e6b2-4875-97ef-1383dbbdd16b: new RaftServerImpl for group-1BBC237B5611:[a52b3d00-e6b2-4875-97ef-1383dbbdd16b|10.1.0.24:15076, bece060d-3fe8-48fd-a57c-c67080073878|10.1.0.24:15094, d61ce6df-bfa3-4031-bef1-0b60ac375a39|10.1.0.24:15085] with ContainerStateMachine:uninitialized
2023-12-01 12:04:31,608 [a52b3d00-e6b2-4875-97ef-1383dbbdd16b-groupManagement] INFO  server.RaftServerConfigKeys (ConfUtils.java:logGet(46)) - raft.server.rpc.timeout.min = 5s (custom)
2023-12-01 12:04:31,609 [a52b3d00-e6b2-4875-97ef-1383dbbdd16b-groupManagement] INFO  server.RaftServerConfigKeys (ConfUtils.java:logGet(46)) - raft.server.rpc.timeout.max = 5200ms (custom)
2023-12-01 12:04:31,609 [a52b3d00-e6b2-4875-97ef-1383dbbdd16b-groupManagement] INFO  server.RaftServerConfigKeys (ConfUtils.java:logGet(46)) - raft.server.rpc.sleep.time = 25ms (default)
2023-12-01 12:04:31,609 [a52b3d00-e6b2-4875-97ef-1383dbbdd16b-groupManagement] INFO  server.RaftServerConfigKeys (ConfUtils.java:logGet(46)) - raft.server.rpc.slowness.timeout = 300s (custom)
2023-12-01 12:04:31,609 [a52b3d00-e6b2-4875-97ef-1383dbbdd16b-groupManagement] INFO  server.RaftServerConfigKeys (ConfUtils.java:logGet(46)) - raft.server.leaderelection.leader.step-down.wait-time = 10s (default)
2023-12-01 12:04:31,609 [a52b3d00-e6b2-4875-97ef-1383dbbdd16b-groupManagement] INFO  server.RaftServerConfigKeys (ConfUtils.java:logGet(46)) - raft.server.leaderelection.member.majority-add = false (default)
2023-12-01 12:04:31,609 [a52b3d00-e6b2-4875-97ef-1383dbbdd16b-groupManagement] INFO  server.RaftServerConfigKeys (ConfUtils.java:logGet(46)) - raft.server.sleep.deviation.threshold = 300ms (default)
2023-12-01 12:04:31,609 [a52b3d00-e6b2-4875-97ef-1383dbbdd16b-groupManagement] INFO  server.RaftServer$Division (ServerState.java:<init>(113)) - a52b3d00-e6b2-4875-97ef-1383dbbdd16b@group-1BBC237B5611: ConfigurationManager, init=-1: peers:[a52b3d00-e6b2-4875-97ef-1383dbbdd16b|10.1.0.24:15076, bece060d-3fe8-48fd-a57c-c67080073878|10.1.0.24:15094, d61ce6df-bfa3-4031-bef1-0b60ac375a39|10.1.0.24:15085]|listeners:[], old=null, confs=<EMPTY_MAP>
2023-12-01 12:04:31,609 [a52b3d00-e6b2-4875-97ef-1383dbbdd16b-groupManagement] INFO  server.RaftServerConfigKeys (ConfUtils.java:logGet(46)) - raft.server.notification.no-leader.timeout = 300s (custom)
2023-12-01 12:04:31,609 [a52b3d00-e6b2-4875-97ef-1383dbbdd16b-groupManagement] INFO  server.RaftServerConfigKeys (ConfUtils.java:logGet(46)) - raft.server.read.timeout = 10s (default)
2023-12-01 12:04:31,609 [a52b3d00-e6b2-4875-97ef-1383dbbdd16b-groupManagement] INFO  server.RaftServerConfigKeys (ConfUtils.java:logGet(46)) - raft.server.retrycache.expirytime = 600000ms (custom)
2023-12-01 12:04:31,609 [a52b3d00-e6b2-4875-97ef-1383dbbdd16b-groupManagement] INFO  server.RaftServerConfigKeys (ConfUtils.java:logGet(46)) - raft.server.retrycache.statistics.expirytime = 100ms (default)
2023-12-01 12:04:31,609 [a52b3d00-e6b2-4875-97ef-1383dbbdd16b-groupManagement] INFO  server.RaftServerConfigKeys (ConfUtils.java:logGet(46)) - raft.server.read.option = DEFAULT (default)
2023-12-01 12:04:31,609 [a52b3d00-e6b2-4875-97ef-1383dbbdd16b-groupManagement] INFO  server.RaftServerConfigKeys (ConfUtils.java:logGet(46)) - raft.server.read.read-after-write-consistent.write-index-cache.expiry-time = 60s (default)
2023-12-01 12:04:31,610 [a52b3d00-e6b2-4875-97ef-1383dbbdd16b-groupManagement] INFO  server.RaftServerConfigKeys (ConfUtils.java:logGet(46)) - raft.server.rpc.request.timeout = 60s (custom)
2023-12-01 12:04:31,610 [a52b3d00-e6b2-4875-97ef-1383dbbdd16b-groupManagement] INFO  server.RaftServerConfigKeys (ConfUtils.java:logGet(46)) - raft.server.log.appender.install.snapshot.enabled = false (custom)
2023-12-01 12:04:31,610 [a52b3d00-e6b2-4875-97ef-1383dbbdd16b-groupManagement] INFO  server.RaftServerConfigKeys (ConfUtils.java:logGet(46)) - raft.server.threadpool.server.cached = true (default)
2023-12-01 12:04:31,610 [a52b3d00-e6b2-4875-97ef-1383dbbdd16b-groupManagement] INFO  server.RaftServerConfigKeys (ConfUtils.java:logGet(46)) - raft.server.threadpool.server.size = 0 (default)
2023-12-01 12:04:31,610 [a52b3d00-e6b2-4875-97ef-1383dbbdd16b-groupManagement] INFO  server.RaftServerConfigKeys (ConfUtils.java:logGet(46)) - raft.server.threadpool.client.cached = true (default)
2023-12-01 12:04:31,610 [a52b3d00-e6b2-4875-97ef-1383dbbdd16b-groupManagement] INFO  server.RaftServerConfigKeys (ConfUtils.java:logGet(46)) - raft.server.threadpool.client.size = 0 (default)
2023-12-01 12:04:31,610 [a52b3d00-e6b2-4875-97ef-1383dbbdd16b-groupManagement] INFO  server.RaftServerConfigKeys (ConfUtils.java:logGet(46)) - raft.server.storage.free-space.min = 0MB (=0) (default)
2023-12-01 12:04:31,610 [a52b3d00-e6b2-4875-97ef-1383dbbdd16b-groupManagement] INFO  server.RaftServerConfigKeys (ConfUtils.java:logGet(46)) - raft.server.log.corruption.policy = EXCEPTION (default)
2023-12-01 12:04:31,610 [a52b3d00-e6b2-4875-97ef-1383dbbdd16b-groupManagement] INFO  server.RaftServerConfigKeys (ConfUtils.java:logGet(46)) - raft.server.storage.dir = [/home/runner/work/ozone/ozone/hadoop-ozone/integration-test/target/test-dir/MiniOzoneClusterImpl-6e44b040-7731-4908-af37-66cbba4f501b/datanode-0/data/ratis] (custom)
2023-12-01 12:04:31,610 [a52b3d00-e6b2-4875-97ef-1383dbbdd16b-groupManagement] INFO  storage.RaftStorageDirectory (RaftStorageDirectoryImpl.java:analyzeStorage(138)) - The storage directory /home/runner/work/ozone/ozone/hadoop-ozone/integration-test/target/test-dir/MiniOzoneClusterImpl-6e44b040-7731-4908-af37-66cbba4f501b/datanode-0/data/ratis/1604b372-a121-49be-a60c-1bbc237b5611 does not exist. Creating ...
2023-12-01 12:04:31,612 [a52b3d00-e6b2-4875-97ef-1383dbbdd16b-groupManagement] INFO  storage.RaftStorageDirectory (RaftStorageDirectoryImpl.java:tryLock(232)) - Lock on /home/runner/work/ozone/ozone/hadoop-ozone/integration-test/target/test-dir/MiniOzoneClusterImpl-6e44b040-7731-4908-af37-66cbba4f501b/datanode-0/data/ratis/1604b372-a121-49be-a60c-1bbc237b5611/in_use.lock acquired by nodename 15370@fv-az1423-675
2023-12-01 12:04:31,613 [a52b3d00-e6b2-4875-97ef-1383dbbdd16b-groupManagement] INFO  storage.RaftStorage (RaftStorageImpl.java:format(97)) - Storage directory /home/runner/work/ozone/ozone/hadoop-ozone/integration-test/target/test-dir/MiniOzoneClusterImpl-6e44b040-7731-4908-af37-66cbba4f501b/datanode-0/data/ratis/1604b372-a121-49be-a60c-1bbc237b5611 has been successfully formatted.
2023-12-01 12:04:31,614 [a52b3d00-e6b2-4875-97ef-1383dbbdd16b-groupManagement] INFO  ratis.ContainerStateMachine (ContainerStateMachine.java:loadSnapshot(269)) - group-1BBC237B5611: The snapshot info is null. Setting the last applied indexto:(t:0, i:~)
2023-12-01 12:04:31,614 [a52b3d00-e6b2-4875-97ef-1383dbbdd16b-groupManagement] INFO  server.RaftServerConfigKeys (ConfUtils.java:logGet(46)) - raft.server.log.use.memory = false (default)
2023-12-01 12:04:31,614 [a52b3d00-e6b2-4875-97ef-1383dbbdd16b-groupManagement] INFO  server.RaftServerConfigKeys (ConfUtils.java:logGet(46)) - raft.server.log.purge.gap = 1000000 (custom)
2023-12-01 12:04:31,614 [a52b3d00-e6b2-4875-97ef-1383dbbdd16b-groupManagement] INFO  server.RaftServerConfigKeys (ConfUtils.java:logGet(46)) - raft.server.log.appender.buffer.byte-limit = 33554432 (custom)
2023-12-01 12:04:31,614 [a52b3d00-e6b2-4875-97ef-1383dbbdd16b-groupManagement] INFO  server.RaftServerConfigKeys (ConfUtils.java:logGet(46)) - raft.server.log.statemachine.data.read.timeout = 1000ms (default)
2023-12-01 12:04:31,614 [a52b3d00-e6b2-4875-97ef-1383dbbdd16b-groupManagement] INFO  server.RaftServerConfigKeys (ConfUtils.java:logGet(46)) - raft.server.log.purge.preservation.log.num = 0 (default)
2023-12-01 12:04:31,615 [a52b3d00-e6b2-4875-97ef-1383dbbdd16b-groupManagement] INFO  server.RaftServerConfigKeys (ConfUtils.java:logGet(46)) - raft.server.log.segment.size.max = 67108864 (custom)
2023-12-01 12:04:31,615 [a52b3d00-e6b2-4875-97ef-1383dbbdd16b-groupManagement] INFO  server.RaftServerConfigKeys (ConfUtils.java:logGet(46)) - raft.server.log.segment.cache.num.max = 2 (custom)
2023-12-01 12:04:31,616 [a52b3d00-e6b2-4875-97ef-1383dbbdd16b-groupManagement] INFO  server.RaftServerConfigKeys (ConfUtils.java:logGet(46)) - raft.server.log.segment.cache.size.max = 200MB (=209715200) (default)
2023-12-01 12:04:31,616 [a52b3d00-e6b2-4875-97ef-1383dbbdd16b-groupManagement] INFO  server.RaftServerConfigKeys (ConfUtils.java:logGet(46)) - raft.server.log.appender.buffer.byte-limit = 33554432 (custom)
2023-12-01 12:04:31,616 [EventQueue-OpenPipelineForHealthyPipelineSafeModeRule] INFO  safemode.SCMSafeModeManager (HealthyPipelineSafeModeRule.java:process(137)) - SCM in safe mode. Healthy pipelines reported count is 0, required healthy pipeline reported count is 1
2023-12-01 12:04:31,619 [a52b3d00-e6b2-4875-97ef-1383dbbdd16b-groupManagement] INFO  util.AwaitToRun (AwaitToRun.java:start(81)) - Thread[a52b3d00-e6b2-4875-97ef-1383dbbdd16b@group-1BBC237B5611-cacheEviction-AwaitToRun,5,main] started
2023-12-01 12:04:31,619 [a52b3d00-e6b2-4875-97ef-1383dbbdd16b-groupManagement] INFO  segmented.SegmentedRaftLogWorker (SegmentedRaftLogWorker.java:<init>(184)) - new a52b3d00-e6b2-4875-97ef-1383dbbdd16b@group-1BBC237B5611-SegmentedRaftLogWorker for RaftStorageImpl:Storage Directory /home/runner/work/ozone/ozone/hadoop-ozone/integration-test/target/test-dir/MiniOzoneClusterImpl-6e44b040-7731-4908-af37-66cbba4f501b/datanode-0/data/ratis/1604b372-a121-49be-a60c-1bbc237b5611
2023-12-01 12:04:31,619 [a52b3d00-e6b2-4875-97ef-1383dbbdd16b-groupManagement] INFO  server.RaftServerConfigKeys (ConfUtils.java:logGet(46)) - raft.server.log.queue.byte-limit = 4294967296 (custom)
2023-12-01 12:04:31,619 [a52b3d00-e6b2-4875-97ef-1383dbbdd16b-groupManagement] INFO  server.RaftServerConfigKeys (ConfUtils.java:logGet(46)) - raft.server.log.queue.element-limit = 1024 (custom)
2023-12-01 12:04:31,619 [a52b3d00-e6b2-4875-97ef-1383dbbdd16b-groupManagement] INFO  server.RaftServerConfigKeys (ConfUtils.java:logGet(46)) - raft.server.log.segment.size.max = 67108864 (custom)
2023-12-01 12:04:31,620 [a52b3d00-e6b2-4875-97ef-1383dbbdd16b-groupManagement] INFO  server.RaftServerConfigKeys (ConfUtils.java:logGet(46)) - raft.server.log.preallocated.size = 4194304 (custom)
2023-12-01 12:04:31,620 [a52b3d00-e6b2-4875-97ef-1383dbbdd16b-groupManagement] INFO  server.RaftServerConfigKeys (ConfUtils.java:logGet(46)) - raft.server.log.force.sync.num = 128 (default)
2023-12-01 12:04:31,620 [a52b3d00-e6b2-4875-97ef-1383dbbdd16b-groupManagement] INFO  server.RaftServerConfigKeys (ConfUtils.java:logGet(46)) - raft.server.log.statemachine.data.sync = true (default)
2023-12-01 12:04:31,620 [a52b3d00-e6b2-4875-97ef-1383dbbdd16b-groupManagement] INFO  server.RaftServerConfigKeys (ConfUtils.java:logGet(46)) - raft.server.log.statemachine.data.sync.timeout = 10s (default)
2023-12-01 12:04:31,620 [a52b3d00-e6b2-4875-97ef-1383dbbdd16b-groupManagement] INFO  server.RaftServerConfigKeys (ConfUtils.java:logGet(46)) - raft.server.log.statemachine.data.sync.timeout.retry = -1 (default)
2023-12-01 12:04:31,620 [a52b3d00-e6b2-4875-97ef-1383dbbdd16b-groupManagement] INFO  server.RaftServerConfigKeys (ConfUtils.java:logGet(46)) - raft.server.log.write.buffer.size = 2097152 (custom)
2023-12-01 12:04:31,621 [a52b3d00-e6b2-4875-97ef-1383dbbdd16b-groupManagement] INFO  server.RaftServerConfigKeys (ConfUtils.java:logGet(46)) - raft.server.log.appender.buffer.byte-limit = 33554432 (custom)
2023-12-01 12:04:31,622 [a52b3d00-e6b2-4875-97ef-1383dbbdd16b-groupManagement] INFO  server.RaftServerConfigKeys (ConfUtils.java:logGet(46)) - raft.server.log.unsafe-flush.enabled = false (default)
2023-12-01 12:04:31,622 [a52b3d00-e6b2-4875-97ef-1383dbbdd16b-groupManagement] INFO  server.RaftServerConfigKeys (ConfUtils.java:logGet(46)) - raft.server.log.async-flush.enabled = false (default)
2023-12-01 12:04:31,622 [a52b3d00-e6b2-4875-97ef-1383dbbdd16b-groupManagement] INFO  server.RaftServerConfigKeys (ConfUtils.java:logGet(46)) - raft.server.log.statemachine.data.caching.enabled = true (custom)
2023-12-01 12:04:31,622 [a52b3d00-e6b2-4875-97ef-1383dbbdd16b-groupManagement] INFO  segmented.SegmentedRaftLogWorker (SegmentedRaftLogWorker.java:lambda$new$0(135)) - a52b3d00-e6b2-4875-97ef-1383dbbdd16b@group-1BBC237B5611-SegmentedRaftLogWorker: flushIndex: setUnconditionally 0 -> -1
2023-12-01 12:04:31,622 [a52b3d00-e6b2-4875-97ef-1383dbbdd16b-groupManagement] INFO  segmented.SegmentedRaftLogWorker (SegmentedRaftLogWorker.java:lambda$new$0(135)) - a52b3d00-e6b2-4875-97ef-1383dbbdd16b@group-1BBC237B5611-SegmentedRaftLogWorker: safeCacheEvictIndex: setUnconditionally 0 -> -1
2023-12-01 12:04:31,623 [a52b3d00-e6b2-4875-97ef-1383dbbdd16b-groupManagement] INFO  server.RaftServer$Division (RaftServerImpl.java:start(392)) - a52b3d00-e6b2-4875-97ef-1383dbbdd16b@group-1BBC237B5611: start as a follower, conf=-1: peers:[a52b3d00-e6b2-4875-97ef-1383dbbdd16b|10.1.0.24:15076, bece060d-3fe8-48fd-a57c-c67080073878|10.1.0.24:15094, d61ce6df-bfa3-4031-bef1-0b60ac375a39|10.1.0.24:15085]|listeners:[], old=null
2023-12-01 12:04:31,623 [a52b3d00-e6b2-4875-97ef-1383dbbdd16b-groupManagement] INFO  server.RaftServer$Division (RaftServerImpl.java:setRole(379)) - a52b3d00-e6b2-4875-97ef-1383dbbdd16b@group-1BBC237B5611: changes role from      null to FOLLOWER at term 0 for startAsFollower
2023-12-01 12:04:31,623 [a52b3d00-e6b2-4875-97ef-1383dbbdd16b-groupManagement] INFO  impl.RoleInfo (RoleInfo.java:updateAndGet(139)) - a52b3d00-e6b2-4875-97ef-1383dbbdd16b: start a52b3d00-e6b2-4875-97ef-1383dbbdd16b@group-1BBC237B5611-FollowerState
2023-12-01 12:04:31,623 [a52b3d00-e6b2-4875-97ef-1383dbbdd16b-groupManagement] INFO  util.JmxRegister (JmxRegister.java:tryRegister(44)) - Successfully registered JMX Bean with object name Ratis:service=RaftServer,group=group-1BBC237B5611,id=a52b3d00-e6b2-4875-97ef-1383dbbdd16b
2023-12-01 12:04:31,623 [a52b3d00-e6b2-4875-97ef-1383dbbdd16b-groupManagement] INFO  server.RaftServerConfigKeys (ConfUtils.java:logGet(46)) - raft.server.snapshot.trigger-when-stop.enabled = true (default)
2023-12-01 12:04:31,623 [a52b3d00-e6b2-4875-97ef-1383dbbdd16b-groupManagement] INFO  server.RaftServerConfigKeys (ConfUtils.java:logGet(46)) - raft.server.snapshot.auto.trigger.enabled = true (custom)
2023-12-01 12:04:31,623 [a52b3d00-e6b2-4875-97ef-1383dbbdd16b-groupManagement] INFO  server.RaftServerConfigKeys (ConfUtils.java:logGet(46)) - raft.server.snapshot.auto.trigger.threshold = 10000 (custom)
2023-12-01 12:04:31,624 [a52b3d00-e6b2-4875-97ef-1383dbbdd16b-groupManagement] INFO  server.RaftServerConfigKeys (ConfUtils.java:logGet(46)) - raft.server.snapshot.retention.file.num = 5 (custom)
2023-12-01 12:04:31,624 [a52b3d00-e6b2-4875-97ef-1383dbbdd16b-groupManagement] INFO  server.RaftServerConfigKeys (ConfUtils.java:logGet(46)) - raft.server.log.purge.upto.snapshot.index = false (default)
2023-12-01 12:04:31,624 [a52b3d00-e6b2-4875-97ef-1383dbbdd16b@group-1BBC237B5611-FollowerState] INFO  server.RaftServerConfigKeys (ConfUtils.java:logFallback(53)) - raft.server.rpc.first-election.timeout.min = 5s (fallback to raft.server.rpc.timeout.min)
2023-12-01 12:04:31,624 [a52b3d00-e6b2-4875-97ef-1383dbbdd16b@group-1BBC237B5611-FollowerState] INFO  server.RaftServerConfigKeys (ConfUtils.java:logFallback(53)) - raft.server.rpc.first-election.timeout.max = 5200ms (fallback to raft.server.rpc.timeout.max)
2023-12-01 12:04:31,626 [a52b3d00-e6b2-4875-97ef-1383dbbdd16b-PipelineCommandHandlerThread-0] INFO  ratis.XceiverServerRatis (XceiverServerRatis.java:addGroup(814)) - Created group PipelineID=1604b372-a121-49be-a60c-1bbc237b5611
2023-12-01 12:04:31,635 [grpc-default-executor-0] INFO  server.RaftServer (RaftServerProxy.java:addNew(100)) - bece060d-3fe8-48fd-a57c-c67080073878: addNew group-1BBC237B5611:[a52b3d00-e6b2-4875-97ef-1383dbbdd16b|10.1.0.24:15076, bece060d-3fe8-48fd-a57c-c67080073878|10.1.0.24:15094, d61ce6df-bfa3-4031-bef1-0b60ac375a39|10.1.0.24:15085] returns group-1BBC237B5611:java.util.concurrent.CompletableFuture@1b1bef22[Not completed]
2023-12-01 12:04:31,635 [bece060d-3fe8-48fd-a57c-c67080073878-groupManagement] INFO  server.RaftServer$Division (RaftServerImpl.java:<init>(256)) - bece060d-3fe8-48fd-a57c-c67080073878: new RaftServerImpl for group-1BBC237B5611:[a52b3d00-e6b2-4875-97ef-1383dbbdd16b|10.1.0.24:15076, bece060d-3fe8-48fd-a57c-c67080073878|10.1.0.24:15094, d61ce6df-bfa3-4031-bef1-0b60ac375a39|10.1.0.24:15085] with ContainerStateMachine:uninitialized
2023-12-01 12:04:31,635 [bece060d-3fe8-48fd-a57c-c67080073878-groupManagement] INFO  server.RaftServerConfigKeys (ConfUtils.java:logGet(46)) - raft.server.rpc.timeout.min = 5s (custom)
2023-12-01 12:04:31,636 [bece060d-3fe8-48fd-a57c-c67080073878-groupManagement] INFO  server.RaftServerConfigKeys (ConfUtils.java:logGet(46)) - raft.server.rpc.timeout.max = 5200ms (custom)
2023-12-01 12:04:31,636 [bece060d-3fe8-48fd-a57c-c67080073878-groupManagement] INFO  server.RaftServerConfigKeys (ConfUtils.java:logGet(46)) - raft.server.rpc.sleep.time = 25ms (default)
2023-12-01 12:04:31,636 [bece060d-3fe8-48fd-a57c-c67080073878-groupManagement] INFO  server.RaftServerConfigKeys (ConfUtils.java:logGet(46)) - raft.server.rpc.slowness.timeout = 300s (custom)
2023-12-01 12:04:31,636 [bece060d-3fe8-48fd-a57c-c67080073878-groupManagement] INFO  server.RaftServerConfigKeys (ConfUtils.java:logGet(46)) - raft.server.leaderelection.leader.step-down.wait-time = 10s (default)
2023-12-01 12:04:31,636 [bece060d-3fe8-48fd-a57c-c67080073878-groupManagement] INFO  server.RaftServerConfigKeys (ConfUtils.java:logGet(46)) - raft.server.leaderelection.member.majority-add = false (default)
2023-12-01 12:04:31,636 [bece060d-3fe8-48fd-a57c-c67080073878-groupManagement] INFO  server.RaftServerConfigKeys (ConfUtils.java:logGet(46)) - raft.server.sleep.deviation.threshold = 300ms (default)
2023-12-01 12:04:31,636 [bece060d-3fe8-48fd-a57c-c67080073878-groupManagement] INFO  server.RaftServer$Division (ServerState.java:<init>(113)) - bece060d-3fe8-48fd-a57c-c67080073878@group-1BBC237B5611: ConfigurationManager, init=-1: peers:[a52b3d00-e6b2-4875-97ef-1383dbbdd16b|10.1.0.24:15076, bece060d-3fe8-48fd-a57c-c67080073878|10.1.0.24:15094, d61ce6df-bfa3-4031-bef1-0b60ac375a39|10.1.0.24:15085]|listeners:[], old=null, confs=<EMPTY_MAP>
2023-12-01 12:04:31,636 [bece060d-3fe8-48fd-a57c-c67080073878-groupManagement] INFO  server.RaftServerConfigKeys (ConfUtils.java:logGet(46)) - raft.server.notification.no-leader.timeout = 300s (custom)
2023-12-01 12:04:31,636 [bece060d-3fe8-48fd-a57c-c67080073878-groupManagement] INFO  server.RaftServerConfigKeys (ConfUtils.java:logGet(46)) - raft.server.read.timeout = 10s (default)
2023-12-01 12:04:31,636 [bece060d-3fe8-48fd-a57c-c67080073878-groupManagement] INFO  server.RaftServerConfigKeys (ConfUtils.java:logGet(46)) - raft.server.retrycache.expirytime = 600000ms (custom)
2023-12-01 12:04:31,636 [bece060d-3fe8-48fd-a57c-c67080073878-groupManagement] INFO  server.RaftServerConfigKeys (ConfUtils.java:logGet(46)) - raft.server.retrycache.statistics.expirytime = 100ms (default)
2023-12-01 12:04:31,636 [bece060d-3fe8-48fd-a57c-c67080073878-groupManagement] INFO  server.RaftServerConfigKeys (ConfUtils.java:logGet(46)) - raft.server.read.option = DEFAULT (default)
2023-12-01 12:04:31,636 [bece060d-3fe8-48fd-a57c-c67080073878-groupManagement] INFO  server.RaftServerConfigKeys (ConfUtils.java:logGet(46)) - raft.server.read.read-after-write-consistent.write-index-cache.expiry-time = 60s (default)
2023-12-01 12:04:31,637 [bece060d-3fe8-48fd-a57c-c67080073878-groupManagement] INFO  server.RaftServerConfigKeys (ConfUtils.java:logGet(46)) - raft.server.rpc.request.timeout = 60s (custom)
2023-12-01 12:04:31,637 [bece060d-3fe8-48fd-a57c-c67080073878-groupManagement] INFO  server.RaftServerConfigKeys (ConfUtils.java:logGet(46)) - raft.server.log.appender.install.snapshot.enabled = false (custom)
2023-12-01 12:04:31,637 [bece060d-3fe8-48fd-a57c-c67080073878-groupManagement] INFO  server.RaftServerConfigKeys (ConfUtils.java:logGet(46)) - raft.server.threadpool.server.cached = true (default)
2023-12-01 12:04:31,637 [bece060d-3fe8-48fd-a57c-c67080073878-groupManagement] INFO  server.RaftServerConfigKeys (ConfUtils.java:logGet(46)) - raft.server.threadpool.server.size = 0 (default)
2023-12-01 12:04:31,637 [bece060d-3fe8-48fd-a57c-c67080073878-groupManagement] INFO  server.RaftServerConfigKeys (ConfUtils.java:logGet(46)) - raft.server.threadpool.client.cached = true (default)
2023-12-01 12:04:31,637 [bece060d-3fe8-48fd-a57c-c67080073878-groupManagement] INFO  server.RaftServerConfigKeys (ConfUtils.java:logGet(46)) - raft.server.threadpool.client.size = 0 (default)
2023-12-01 12:04:31,637 [bece060d-3fe8-48fd-a57c-c67080073878-groupManagement] INFO  server.RaftServerConfigKeys (ConfUtils.java:logGet(46)) - raft.server.storage.free-space.min = 0MB (=0) (default)
2023-12-01 12:04:31,637 [bece060d-3fe8-48fd-a57c-c67080073878-groupManagement] INFO  server.RaftServerConfigKeys (ConfUtils.java:logGet(46)) - raft.server.log.corruption.policy = EXCEPTION (default)
2023-12-01 12:04:31,637 [bece060d-3fe8-48fd-a57c-c67080073878-groupManagement] INFO  server.RaftServerConfigKeys (ConfUtils.java:logGet(46)) - raft.server.storage.dir = [/home/runner/work/ozone/ozone/hadoop-ozone/integration-test/target/test-dir/MiniOzoneClusterImpl-6e44b040-7731-4908-af37-66cbba4f501b/datanode-2/data/ratis] (custom)
2023-12-01 12:04:31,637 [bece060d-3fe8-48fd-a57c-c67080073878-groupManagement] INFO  storage.RaftStorageDirectory (RaftStorageDirectoryImpl.java:analyzeStorage(138)) - The storage directory /home/runner/work/ozone/ozone/hadoop-ozone/integration-test/target/test-dir/MiniOzoneClusterImpl-6e44b040-7731-4908-af37-66cbba4f501b/datanode-2/data/ratis/1604b372-a121-49be-a60c-1bbc237b5611 does not exist. Creating ...
2023-12-01 12:04:31,638 [bece060d-3fe8-48fd-a57c-c67080073878-groupManagement] INFO  storage.RaftStorageDirectory (RaftStorageDirectoryImpl.java:tryLock(232)) - Lock on /home/runner/work/ozone/ozone/hadoop-ozone/integration-test/target/test-dir/MiniOzoneClusterImpl-6e44b040-7731-4908-af37-66cbba4f501b/datanode-2/data/ratis/1604b372-a121-49be-a60c-1bbc237b5611/in_use.lock acquired by nodename 15370@fv-az1423-675
2023-12-01 12:04:31,639 [bece060d-3fe8-48fd-a57c-c67080073878-groupManagement] INFO  storage.RaftStorage (RaftStorageImpl.java:format(97)) - Storage directory /home/runner/work/ozone/ozone/hadoop-ozone/integration-test/target/test-dir/MiniOzoneClusterImpl-6e44b040-7731-4908-af37-66cbba4f501b/datanode-2/data/ratis/1604b372-a121-49be-a60c-1bbc237b5611 has been successfully formatted.
2023-12-01 12:04:31,640 [bece060d-3fe8-48fd-a57c-c67080073878-groupManagement] INFO  ratis.ContainerStateMachine (ContainerStateMachine.java:loadSnapshot(269)) - group-1BBC237B5611: The snapshot info is null. Setting the last applied indexto:(t:0, i:~)
2023-12-01 12:04:31,640 [bece060d-3fe8-48fd-a57c-c67080073878-groupManagement] INFO  server.RaftServerConfigKeys (ConfUtils.java:logGet(46)) - raft.server.log.use.memory = false (default)
2023-12-01 12:04:31,640 [bece060d-3fe8-48fd-a57c-c67080073878-groupManagement] INFO  server.RaftServerConfigKeys (ConfUtils.java:logGet(46)) - raft.server.log.purge.gap = 1000000 (custom)
2023-12-01 12:04:31,641 [bece060d-3fe8-48fd-a57c-c67080073878-groupManagement] INFO  server.RaftServerConfigKeys (ConfUtils.java:logGet(46)) - raft.server.log.appender.buffer.byte-limit = 33554432 (custom)
2023-12-01 12:04:31,641 [bece060d-3fe8-48fd-a57c-c67080073878-groupManagement] INFO  server.RaftServerConfigKeys (ConfUtils.java:logGet(46)) - raft.server.log.statemachine.data.read.timeout = 1000ms (default)
2023-12-01 12:04:31,641 [bece060d-3fe8-48fd-a57c-c67080073878-groupManagement] INFO  server.RaftServerConfigKeys (ConfUtils.java:logGet(46)) - raft.server.log.purge.preservation.log.num = 0 (default)
2023-12-01 12:04:31,641 [bece060d-3fe8-48fd-a57c-c67080073878-groupManagement] INFO  server.RaftServerConfigKeys (ConfUtils.java:logGet(46)) - raft.server.log.segment.size.max = 67108864 (custom)
2023-12-01 12:04:31,641 [bece060d-3fe8-48fd-a57c-c67080073878-groupManagement] INFO  server.RaftServerConfigKeys (ConfUtils.java:logGet(46)) - raft.server.log.segment.cache.num.max = 2 (custom)
2023-12-01 12:04:31,641 [bece060d-3fe8-48fd-a57c-c67080073878-groupManagement] INFO  server.RaftServerConfigKeys (ConfUtils.java:logGet(46)) - raft.server.log.segment.cache.size.max = 200MB (=209715200) (default)
2023-12-01 12:04:31,641 [bece060d-3fe8-48fd-a57c-c67080073878-groupManagement] INFO  server.RaftServerConfigKeys (ConfUtils.java:logGet(46)) - raft.server.log.appender.buffer.byte-limit = 33554432 (custom)
2023-12-01 12:04:31,642 [bece060d-3fe8-48fd-a57c-c67080073878-groupManagement] INFO  util.AwaitToRun (AwaitToRun.java:start(81)) - Thread[bece060d-3fe8-48fd-a57c-c67080073878@group-1BBC237B5611-cacheEviction-AwaitToRun,5,main] started
2023-12-01 12:04:31,642 [bece060d-3fe8-48fd-a57c-c67080073878-groupManagement] INFO  segmented.SegmentedRaftLogWorker (SegmentedRaftLogWorker.java:<init>(184)) - new bece060d-3fe8-48fd-a57c-c67080073878@group-1BBC237B5611-SegmentedRaftLogWorker for RaftStorageImpl:Storage Directory /home/runner/work/ozone/ozone/hadoop-ozone/integration-test/target/test-dir/MiniOzoneClusterImpl-6e44b040-7731-4908-af37-66cbba4f501b/datanode-2/data/ratis/1604b372-a121-49be-a60c-1bbc237b5611
2023-12-01 12:04:31,642 [bece060d-3fe8-48fd-a57c-c67080073878-groupManagement] INFO  server.RaftServerConfigKeys (ConfUtils.java:logGet(46)) - raft.server.log.queue.byte-limit = 4294967296 (custom)
2023-12-01 12:04:31,642 [bece060d-3fe8-48fd-a57c-c67080073878-groupManagement] INFO  server.RaftServerConfigKeys (ConfUtils.java:logGet(46)) - raft.server.log.queue.element-limit = 1024 (custom)
2023-12-01 12:04:31,642 [bece060d-3fe8-48fd-a57c-c67080073878-groupManagement] INFO  server.RaftServerConfigKeys (ConfUtils.java:logGet(46)) - raft.server.log.segment.size.max = 67108864 (custom)
2023-12-01 12:04:31,642 [bece060d-3fe8-48fd-a57c-c67080073878-groupManagement] INFO  server.RaftServerConfigKeys (ConfUtils.java:logGet(46)) - raft.server.log.preallocated.size = 4194304 (custom)
2023-12-01 12:04:31,642 [bece060d-3fe8-48fd-a57c-c67080073878-groupManagement] INFO  server.RaftServerConfigKeys (ConfUtils.java:logGet(46)) - raft.server.log.force.sync.num = 128 (default)
2023-12-01 12:04:31,642 [bece060d-3fe8-48fd-a57c-c67080073878-groupManagement] INFO  server.RaftServerConfigKeys (ConfUtils.java:logGet(46)) - raft.server.log.statemachine.data.sync = true (default)
2023-12-01 12:04:31,642 [bece060d-3fe8-48fd-a57c-c67080073878-groupManagement] INFO  server.RaftServerConfigKeys (ConfUtils.java:logGet(46)) - raft.server.log.statemachine.data.sync.timeout = 10s (default)
2023-12-01 12:04:31,642 [bece060d-3fe8-48fd-a57c-c67080073878-groupManagement] INFO  server.RaftServerConfigKeys (ConfUtils.java:logGet(46)) - raft.server.log.statemachine.data.sync.timeout.retry = -1 (default)
2023-12-01 12:04:31,642 [bece060d-3fe8-48fd-a57c-c67080073878-groupManagement] INFO  server.RaftServerConfigKeys (ConfUtils.java:logGet(46)) - raft.server.log.write.buffer.size = 2097152 (custom)
2023-12-01 12:04:31,643 [bece060d-3fe8-48fd-a57c-c67080073878-groupManagement] INFO  server.RaftServerConfigKeys (ConfUtils.java:logGet(46)) - raft.server.log.appender.buffer.byte-limit = 33554432 (custom)
2023-12-01 12:04:31,645 [bece060d-3fe8-48fd-a57c-c67080073878-groupManagement] INFO  server.RaftServerConfigKeys (ConfUtils.java:logGet(46)) - raft.server.log.unsafe-flush.enabled = false (default)
2023-12-01 12:04:31,645 [bece060d-3fe8-48fd-a57c-c67080073878-groupManagement] INFO  server.RaftServerConfigKeys (ConfUtils.java:logGet(46)) - raft.server.log.async-flush.enabled = false (default)
2023-12-01 12:04:31,645 [bece060d-3fe8-48fd-a57c-c67080073878-groupManagement] INFO  server.RaftServerConfigKeys (ConfUtils.java:logGet(46)) - raft.server.log.statemachine.data.caching.enabled = true (custom)
2023-12-01 12:04:31,645 [bece060d-3fe8-48fd-a57c-c67080073878-groupManagement] INFO  segmented.SegmentedRaftLogWorker (SegmentedRaftLogWorker.java:lambda$new$0(135)) - bece060d-3fe8-48fd-a57c-c67080073878@group-1BBC237B5611-SegmentedRaftLogWorker: flushIndex: setUnconditionally 0 -> -1
2023-12-01 12:04:31,645 [bece060d-3fe8-48fd-a57c-c67080073878-groupManagement] INFO  segmented.SegmentedRaftLogWorker (SegmentedRaftLogWorker.java:lambda$new$0(135)) - bece060d-3fe8-48fd-a57c-c67080073878@group-1BBC237B5611-SegmentedRaftLogWorker: safeCacheEvictIndex: setUnconditionally 0 -> -1
2023-12-01 12:04:31,645 [bece060d-3fe8-48fd-a57c-c67080073878-groupManagement] INFO  server.RaftServer$Division (RaftServerImpl.java:start(392)) - bece060d-3fe8-48fd-a57c-c67080073878@group-1BBC237B5611: start as a follower, conf=-1: peers:[a52b3d00-e6b2-4875-97ef-1383dbbdd16b|10.1.0.24:15076, bece060d-3fe8-48fd-a57c-c67080073878|10.1.0.24:15094, d61ce6df-bfa3-4031-bef1-0b60ac375a39|10.1.0.24:15085]|listeners:[], old=null
2023-12-01 12:04:31,645 [bece060d-3fe8-48fd-a57c-c67080073878-groupManagement] INFO  server.RaftServer$Division (RaftServerImpl.java:setRole(379)) - bece060d-3fe8-48fd-a57c-c67080073878@group-1BBC237B5611: changes role from      null to FOLLOWER at term 0 for startAsFollower
2023-12-01 12:04:31,645 [bece060d-3fe8-48fd-a57c-c67080073878-groupManagement] INFO  impl.RoleInfo (RoleInfo.java:updateAndGet(139)) - bece060d-3fe8-48fd-a57c-c67080073878: start bece060d-3fe8-48fd-a57c-c67080073878@group-1BBC237B5611-FollowerState
2023-12-01 12:04:31,646 [bece060d-3fe8-48fd-a57c-c67080073878@group-1BBC237B5611-FollowerState] INFO  server.RaftServerConfigKeys (ConfUtils.java:logFallback(53)) - raft.server.rpc.first-election.timeout.min = 5s (fallback to raft.server.rpc.timeout.min)
2023-12-01 12:04:31,646 [bece060d-3fe8-48fd-a57c-c67080073878-groupManagement] INFO  util.JmxRegister (JmxRegister.java:tryRegister(44)) - Successfully registered JMX Bean with object name Ratis:service=RaftServer,group=group-1BBC237B5611,id=bece060d-3fe8-48fd-a57c-c67080073878
2023-12-01 12:04:31,646 [bece060d-3fe8-48fd-a57c-c67080073878@group-1BBC237B5611-FollowerState] INFO  server.RaftServerConfigKeys (ConfUtils.java:logFallback(53)) - raft.server.rpc.first-election.timeout.max = 5200ms (fallback to raft.server.rpc.timeout.max)
2023-12-01 12:04:31,646 [bece060d-3fe8-48fd-a57c-c67080073878-groupManagement] INFO  server.RaftServerConfigKeys (ConfUtils.java:logGet(46)) - raft.server.snapshot.trigger-when-stop.enabled = true (default)
2023-12-01 12:04:31,646 [bece060d-3fe8-48fd-a57c-c67080073878-groupManagement] INFO  server.RaftServerConfigKeys (ConfUtils.java:logGet(46)) - raft.server.snapshot.auto.trigger.enabled = true (custom)
2023-12-01 12:04:31,646 [bece060d-3fe8-48fd-a57c-c67080073878-groupManagement] INFO  server.RaftServerConfigKeys (ConfUtils.java:logGet(46)) - raft.server.snapshot.auto.trigger.threshold = 10000 (custom)
2023-12-01 12:04:31,646 [bece060d-3fe8-48fd-a57c-c67080073878-groupManagement] INFO  server.RaftServerConfigKeys (ConfUtils.java:logGet(46)) - raft.server.snapshot.retention.file.num = 5 (custom)
2023-12-01 12:04:31,646 [bece060d-3fe8-48fd-a57c-c67080073878-groupManagement] INFO  server.RaftServerConfigKeys (ConfUtils.java:logGet(46)) - raft.server.log.purge.upto.snapshot.index = false (default)
2023-12-01 12:04:31,659 [grpc-default-executor-0] INFO  server.RaftServer (RaftServerProxy.java:addNew(100)) - d61ce6df-bfa3-4031-bef1-0b60ac375a39: addNew group-1BBC237B5611:[a52b3d00-e6b2-4875-97ef-1383dbbdd16b|10.1.0.24:15076, bece060d-3fe8-48fd-a57c-c67080073878|10.1.0.24:15094, d61ce6df-bfa3-4031-bef1-0b60ac375a39|10.1.0.24:15085] returns group-1BBC237B5611:java.util.concurrent.CompletableFuture@6a7df5b3[Not completed]
2023-12-01 12:04:31,660 [d61ce6df-bfa3-4031-bef1-0b60ac375a39-groupManagement] INFO  server.RaftServer$Division (RaftServerImpl.java:<init>(256)) - d61ce6df-bfa3-4031-bef1-0b60ac375a39: new RaftServerImpl for group-1BBC237B5611:[a52b3d00-e6b2-4875-97ef-1383dbbdd16b|10.1.0.24:15076, bece060d-3fe8-48fd-a57c-c67080073878|10.1.0.24:15094, d61ce6df-bfa3-4031-bef1-0b60ac375a39|10.1.0.24:15085] with ContainerStateMachine:uninitialized
2023-12-01 12:04:31,660 [d61ce6df-bfa3-4031-bef1-0b60ac375a39-groupManagement] INFO  server.RaftServerConfigKeys (ConfUtils.java:logGet(46)) - raft.server.rpc.timeout.min = 5s (custom)
2023-12-01 12:04:31,660 [d61ce6df-bfa3-4031-bef1-0b60ac375a39-groupManagement] INFO  server.RaftServerConfigKeys (ConfUtils.java:logGet(46)) - raft.server.rpc.timeout.max = 5200ms (custom)
2023-12-01 12:04:31,660 [d61ce6df-bfa3-4031-bef1-0b60ac375a39-groupManagement] INFO  server.RaftServerConfigKeys (ConfUtils.java:logGet(46)) - raft.server.rpc.sleep.time = 25ms (default)
2023-12-01 12:04:31,660 [d61ce6df-bfa3-4031-bef1-0b60ac375a39-groupManagement] INFO  server.RaftServerConfigKeys (ConfUtils.java:logGet(46)) - raft.server.rpc.slowness.timeout = 300s (custom)
2023-12-01 12:04:31,660 [d61ce6df-bfa3-4031-bef1-0b60ac375a39-groupManagement] INFO  server.RaftServerConfigKeys (ConfUtils.java:logGet(46)) - raft.server.leaderelection.leader.step-down.wait-time = 10s (default)
2023-12-01 12:04:31,660 [d61ce6df-bfa3-4031-bef1-0b60ac375a39-groupManagement] INFO  server.RaftServerConfigKeys (ConfUtils.java:logGet(46)) - raft.server.leaderelection.member.majority-add = false (default)
2023-12-01 12:04:31,660 [d61ce6df-bfa3-4031-bef1-0b60ac375a39-groupManagement] INFO  server.RaftServerConfigKeys (ConfUtils.java:logGet(46)) - raft.server.sleep.deviation.threshold = 300ms (default)
2023-12-01 12:04:31,660 [d61ce6df-bfa3-4031-bef1-0b60ac375a39-groupManagement] INFO  server.RaftServer$Division (ServerState.java:<init>(113)) - d61ce6df-bfa3-4031-bef1-0b60ac375a39@group-1BBC237B5611: ConfigurationManager, init=-1: peers:[a52b3d00-e6b2-4875-97ef-1383dbbdd16b|10.1.0.24:15076, bece060d-3fe8-48fd-a57c-c67080073878|10.1.0.24:15094, d61ce6df-bfa3-4031-bef1-0b60ac375a39|10.1.0.24:15085]|listeners:[], old=null, confs=<EMPTY_MAP>
2023-12-01 12:04:31,661 [d61ce6df-bfa3-4031-bef1-0b60ac375a39-groupManagement] INFO  server.RaftServerConfigKeys (ConfUtils.java:logGet(46)) - raft.server.notification.no-leader.timeout = 300s (custom)
2023-12-01 12:04:31,661 [d61ce6df-bfa3-4031-bef1-0b60ac375a39-groupManagement] INFO  server.RaftServerConfigKeys (ConfUtils.java:logGet(46)) - raft.server.read.timeout = 10s (default)
2023-12-01 12:04:31,661 [d61ce6df-bfa3-4031-bef1-0b60ac375a39-groupManagement] INFO  server.RaftServerConfigKeys (ConfUtils.java:logGet(46)) - raft.server.retrycache.expirytime = 600000ms (custom)
2023-12-01 12:04:31,661 [d61ce6df-bfa3-4031-bef1-0b60ac375a39-groupManagement] INFO  server.RaftServerConfigKeys (ConfUtils.java:logGet(46)) - raft.server.retrycache.statistics.expirytime = 100ms (default)
2023-12-01 12:04:31,661 [d61ce6df-bfa3-4031-bef1-0b60ac375a39-groupManagement] INFO  server.RaftServerConfigKeys (ConfUtils.java:logGet(46)) - raft.server.read.option = DEFAULT (default)
2023-12-01 12:04:31,661 [d61ce6df-bfa3-4031-bef1-0b60ac375a39-groupManagement] INFO  server.RaftServerConfigKeys (ConfUtils.java:logGet(46)) - raft.server.read.read-after-write-consistent.write-index-cache.expiry-time = 60s (default)
2023-12-01 12:04:31,662 [d61ce6df-bfa3-4031-bef1-0b60ac375a39-groupManagement] INFO  server.RaftServerConfigKeys (ConfUtils.java:logGet(46)) - raft.server.rpc.request.timeout = 60s (custom)
2023-12-01 12:04:31,662 [d61ce6df-bfa3-4031-bef1-0b60ac375a39-groupManagement] INFO  server.RaftServerConfigKeys (ConfUtils.java:logGet(46)) - raft.server.log.appender.install.snapshot.enabled = false (custom)
2023-12-01 12:04:31,662 [d61ce6df-bfa3-4031-bef1-0b60ac375a39-groupManagement] INFO  server.RaftServerConfigKeys (ConfUtils.java:logGet(46)) - raft.server.threadpool.server.cached = true (default)
2023-12-01 12:04:31,662 [d61ce6df-bfa3-4031-bef1-0b60ac375a39-groupManagement] INFO  server.RaftServerConfigKeys (ConfUtils.java:logGet(46)) - raft.server.threadpool.server.size = 0 (default)
2023-12-01 12:04:31,662 [d61ce6df-bfa3-4031-bef1-0b60ac375a39-groupManagement] INFO  server.RaftServerConfigKeys (ConfUtils.java:logGet(46)) - raft.server.threadpool.client.cached = true (default)
2023-12-01 12:04:31,662 [d61ce6df-bfa3-4031-bef1-0b60ac375a39-groupManagement] INFO  server.RaftServerConfigKeys (ConfUtils.java:logGet(46)) - raft.server.threadpool.client.size = 0 (default)
2023-12-01 12:04:31,662 [d61ce6df-bfa3-4031-bef1-0b60ac375a39-groupManagement] INFO  server.RaftServerConfigKeys (ConfUtils.java:logGet(46)) - raft.server.storage.free-space.min = 0MB (=0) (default)
2023-12-01 12:04:31,662 [d61ce6df-bfa3-4031-bef1-0b60ac375a39-groupManagement] INFO  server.RaftServerConfigKeys (ConfUtils.java:logGet(46)) - raft.server.log.corruption.policy = EXCEPTION (default)
2023-12-01 12:04:31,662 [d61ce6df-bfa3-4031-bef1-0b60ac375a39-groupManagement] INFO  server.RaftServerConfigKeys (ConfUtils.java:logGet(46)) - raft.server.storage.dir = [/home/runner/work/ozone/ozone/hadoop-ozone/integration-test/target/test-dir/MiniOzoneClusterImpl-6e44b040-7731-4908-af37-66cbba4f501b/datanode-1/data/ratis] (custom)
2023-12-01 12:04:31,662 [d61ce6df-bfa3-4031-bef1-0b60ac375a39-groupManagement] INFO  storage.RaftStorageDirectory (RaftStorageDirectoryImpl.java:analyzeStorage(138)) - The storage directory /home/runner/work/ozone/ozone/hadoop-ozone/integration-test/target/test-dir/MiniOzoneClusterImpl-6e44b040-7731-4908-af37-66cbba4f501b/datanode-1/data/ratis/1604b372-a121-49be-a60c-1bbc237b5611 does not exist. Creating ...
2023-12-01 12:04:31,663 [d61ce6df-bfa3-4031-bef1-0b60ac375a39-groupManagement] INFO  storage.RaftStorageDirectory (RaftStorageDirectoryImpl.java:tryLock(232)) - Lock on /home/runner/work/ozone/ozone/hadoop-ozone/integration-test/target/test-dir/MiniOzoneClusterImpl-6e44b040-7731-4908-af37-66cbba4f501b/datanode-1/data/ratis/1604b372-a121-49be-a60c-1bbc237b5611/in_use.lock acquired by nodename 15370@fv-az1423-675
2023-12-01 12:04:31,664 [d61ce6df-bfa3-4031-bef1-0b60ac375a39-groupManagement] INFO  storage.RaftStorage (RaftStorageImpl.java:format(97)) - Storage directory /home/runner/work/ozone/ozone/hadoop-ozone/integration-test/target/test-dir/MiniOzoneClusterImpl-6e44b040-7731-4908-af37-66cbba4f501b/datanode-1/data/ratis/1604b372-a121-49be-a60c-1bbc237b5611 has been successfully formatted.
2023-12-01 12:04:31,664 [d61ce6df-bfa3-4031-bef1-0b60ac375a39-groupManagement] INFO  ratis.ContainerStateMachine (ContainerStateMachine.java:loadSnapshot(269)) - group-1BBC237B5611: The snapshot info is null. Setting the last applied indexto:(t:0, i:~)
2023-12-01 12:04:31,664 [d61ce6df-bfa3-4031-bef1-0b60ac375a39-groupManagement] INFO  server.RaftServerConfigKeys (ConfUtils.java:logGet(46)) - raft.server.log.use.memory = false (default)
2023-12-01 12:04:31,665 [d61ce6df-bfa3-4031-bef1-0b60ac375a39-groupManagement] INFO  server.RaftServerConfigKeys (ConfUtils.java:logGet(46)) - raft.server.log.purge.gap = 1000000 (custom)
2023-12-01 12:04:31,665 [d61ce6df-bfa3-4031-bef1-0b60ac375a39-groupManagement] INFO  server.RaftServerConfigKeys (ConfUtils.java:logGet(46)) - raft.server.log.appender.buffer.byte-limit = 33554432 (custom)
2023-12-01 12:04:31,665 [d61ce6df-bfa3-4031-bef1-0b60ac375a39-groupManagement] INFO  server.RaftServerConfigKeys (ConfUtils.java:logGet(46)) - raft.server.log.statemachine.data.read.timeout = 1000ms (default)
2023-12-01 12:04:31,665 [d61ce6df-bfa3-4031-bef1-0b60ac375a39-groupManagement] INFO  server.RaftServerConfigKeys (ConfUtils.java:logGet(46)) - raft.server.log.purge.preservation.log.num = 0 (default)
2023-12-01 12:04:31,665 [d61ce6df-bfa3-4031-bef1-0b60ac375a39-groupManagement] INFO  server.RaftServerConfigKeys (ConfUtils.java:logGet(46)) - raft.server.log.segment.size.max = 67108864 (custom)
2023-12-01 12:04:31,666 [d61ce6df-bfa3-4031-bef1-0b60ac375a39-groupManagement] INFO  server.RaftServerConfigKeys (ConfUtils.java:logGet(46)) - raft.server.log.segment.cache.num.max = 2 (custom)
2023-12-01 12:04:31,666 [d61ce6df-bfa3-4031-bef1-0b60ac375a39-groupManagement] INFO  server.RaftServerConfigKeys (ConfUtils.java:logGet(46)) - raft.server.log.segment.cache.size.max = 200MB (=209715200) (default)
2023-12-01 12:04:31,666 [d61ce6df-bfa3-4031-bef1-0b60ac375a39-groupManagement] INFO  server.RaftServerConfigKeys (ConfUtils.java:logGet(46)) - raft.server.log.appender.buffer.byte-limit = 33554432 (custom)
2023-12-01 12:04:31,667 [d61ce6df-bfa3-4031-bef1-0b60ac375a39-groupManagement] INFO  util.AwaitToRun (AwaitToRun.java:start(81)) - Thread[d61ce6df-bfa3-4031-bef1-0b60ac375a39@group-1BBC237B5611-cacheEviction-AwaitToRun,5,main] started
2023-12-01 12:04:31,667 [d61ce6df-bfa3-4031-bef1-0b60ac375a39-groupManagement] INFO  segmented.SegmentedRaftLogWorker (SegmentedRaftLogWorker.java:<init>(184)) - new d61ce6df-bfa3-4031-bef1-0b60ac375a39@group-1BBC237B5611-SegmentedRaftLogWorker for RaftStorageImpl:Storage Directory /home/runner/work/ozone/ozone/hadoop-ozone/integration-test/target/test-dir/MiniOzoneClusterImpl-6e44b040-7731-4908-af37-66cbba4f501b/datanode-1/data/ratis/1604b372-a121-49be-a60c-1bbc237b5611
2023-12-01 12:04:31,667 [d61ce6df-bfa3-4031-bef1-0b60ac375a39-groupManagement] INFO  server.RaftServerConfigKeys (ConfUtils.java:logGet(46)) - raft.server.log.queue.byte-limit = 4294967296 (custom)
2023-12-01 12:04:31,667 [d61ce6df-bfa3-4031-bef1-0b60ac375a39-groupManagement] INFO  server.RaftServerConfigKeys (ConfUtils.java:logGet(46)) - raft.server.log.queue.element-limit = 1024 (custom)
2023-12-01 12:04:31,667 [d61ce6df-bfa3-4031-bef1-0b60ac375a39-groupManagement] INFO  server.RaftServerConfigKeys (ConfUtils.java:logGet(46)) - raft.server.log.segment.size.max = 67108864 (custom)
2023-12-01 12:04:31,667 [d61ce6df-bfa3-4031-bef1-0b60ac375a39-groupManagement] INFO  server.RaftServerConfigKeys (ConfUtils.java:logGet(46)) - raft.server.log.preallocated.size = 4194304 (custom)
2023-12-01 12:04:31,667 [d61ce6df-bfa3-4031-bef1-0b60ac375a39-groupManagement] INFO  server.RaftServerConfigKeys (ConfUtils.java:logGet(46)) - raft.server.log.force.sync.num = 128 (default)
2023-12-01 12:04:31,667 [d61ce6df-bfa3-4031-bef1-0b60ac375a39-groupManagement] INFO  server.RaftServerConfigKeys (ConfUtils.java:logGet(46)) - raft.server.log.statemachine.data.sync = true (default)
2023-12-01 12:04:31,667 [d61ce6df-bfa3-4031-bef1-0b60ac375a39-groupManagement] INFO  server.RaftServerConfigKeys (ConfUtils.java:logGet(46)) - raft.server.log.statemachine.data.sync.timeout = 10s (default)
2023-12-01 12:04:31,667 [d61ce6df-bfa3-4031-bef1-0b60ac375a39-groupManagement] INFO  server.RaftServerConfigKeys (ConfUtils.java:logGet(46)) - raft.server.log.statemachine.data.sync.timeout.retry = -1 (default)
2023-12-01 12:04:31,667 [d61ce6df-bfa3-4031-bef1-0b60ac375a39-groupManagement] INFO  server.RaftServerConfigKeys (ConfUtils.java:logGet(46)) - raft.server.log.write.buffer.size = 2097152 (custom)
2023-12-01 12:04:31,668 [d61ce6df-bfa3-4031-bef1-0b60ac375a39-groupManagement] INFO  server.RaftServerConfigKeys (ConfUtils.java:logGet(46)) - raft.server.log.appender.buffer.byte-limit = 33554432 (custom)
2023-12-01 12:04:31,669 [d61ce6df-bfa3-4031-bef1-0b60ac375a39-groupManagement] INFO  server.RaftServerConfigKeys (ConfUtils.java:logGet(46)) - raft.server.log.unsafe-flush.enabled = false (default)
2023-12-01 12:04:31,669 [d61ce6df-bfa3-4031-bef1-0b60ac375a39-groupManagement] INFO  server.RaftServerConfigKeys (ConfUtils.java:logGet(46)) - raft.server.log.async-flush.enabled = false (default)
2023-12-01 12:04:31,669 [d61ce6df-bfa3-4031-bef1-0b60ac375a39-groupManagement] INFO  server.RaftServerConfigKeys (ConfUtils.java:logGet(46)) - raft.server.log.statemachine.data.caching.enabled = true (custom)
2023-12-01 12:04:31,669 [d61ce6df-bfa3-4031-bef1-0b60ac375a39-groupManagement] INFO  segmented.SegmentedRaftLogWorker (SegmentedRaftLogWorker.java:lambda$new$0(135)) - d61ce6df-bfa3-4031-bef1-0b60ac375a39@group-1BBC237B5611-SegmentedRaftLogWorker: flushIndex: setUnconditionally 0 -> -1
2023-12-01 12:04:31,669 [d61ce6df-bfa3-4031-bef1-0b60ac375a39-groupManagement] INFO  segmented.SegmentedRaftLogWorker (SegmentedRaftLogWorker.java:lambda$new$0(135)) - d61ce6df-bfa3-4031-bef1-0b60ac375a39@group-1BBC237B5611-SegmentedRaftLogWorker: safeCacheEvictIndex: setUnconditionally 0 -> -1
2023-12-01 12:04:31,669 [d61ce6df-bfa3-4031-bef1-0b60ac375a39-groupManagement] INFO  server.RaftServer$Division (RaftServerImpl.java:start(392)) - d61ce6df-bfa3-4031-bef1-0b60ac375a39@group-1BBC237B5611: start as a follower, conf=-1: peers:[a52b3d00-e6b2-4875-97ef-1383dbbdd16b|10.1.0.24:15076, bece060d-3fe8-48fd-a57c-c67080073878|10.1.0.24:15094, d61ce6df-bfa3-4031-bef1-0b60ac375a39|10.1.0.24:15085]|listeners:[], old=null
2023-12-01 12:04:31,669 [d61ce6df-bfa3-4031-bef1-0b60ac375a39-groupManagement] INFO  server.RaftServer$Division (RaftServerImpl.java:setRole(379)) - d61ce6df-bfa3-4031-bef1-0b60ac375a39@group-1BBC237B5611: changes role from      null to FOLLOWER at term 0 for startAsFollower
2023-12-01 12:04:31,669 [d61ce6df-bfa3-4031-bef1-0b60ac375a39-groupManagement] INFO  impl.RoleInfo (RoleInfo.java:updateAndGet(139)) - d61ce6df-bfa3-4031-bef1-0b60ac375a39: start d61ce6df-bfa3-4031-bef1-0b60ac375a39@group-1BBC237B5611-FollowerState
2023-12-01 12:04:31,670 [d61ce6df-bfa3-4031-bef1-0b60ac375a39@group-1BBC237B5611-FollowerState] INFO  server.RaftServerConfigKeys (ConfUtils.java:logFallback(53)) - raft.server.rpc.first-election.timeout.min = 5s (fallback to raft.server.rpc.timeout.min)
2023-12-01 12:04:31,670 [d61ce6df-bfa3-4031-bef1-0b60ac375a39-groupManagement] INFO  util.JmxRegister (JmxRegister.java:tryRegister(44)) - Successfully registered JMX Bean with object name Ratis:service=RaftServer,group=group-1BBC237B5611,id=d61ce6df-bfa3-4031-bef1-0b60ac375a39
2023-12-01 12:04:31,670 [d61ce6df-bfa3-4031-bef1-0b60ac375a39@group-1BBC237B5611-FollowerState] INFO  server.RaftServerConfigKeys (ConfUtils.java:logFallback(53)) - raft.server.rpc.first-election.timeout.max = 5200ms (fallback to raft.server.rpc.timeout.max)
2023-12-01 12:04:31,670 [d61ce6df-bfa3-4031-bef1-0b60ac375a39-groupManagement] INFO  server.RaftServerConfigKeys (ConfUtils.java:logGet(46)) - raft.server.snapshot.trigger-when-stop.enabled = true (default)
2023-12-01 12:04:31,670 [d61ce6df-bfa3-4031-bef1-0b60ac375a39-groupManagement] INFO  server.RaftServerConfigKeys (ConfUtils.java:logGet(46)) - raft.server.snapshot.auto.trigger.enabled = true (custom)
2023-12-01 12:04:31,670 [d61ce6df-bfa3-4031-bef1-0b60ac375a39-groupManagement] INFO  server.RaftServerConfigKeys (ConfUtils.java:logGet(46)) - raft.server.snapshot.auto.trigger.threshold = 10000 (custom)
2023-12-01 12:04:31,670 [d61ce6df-bfa3-4031-bef1-0b60ac375a39-groupManagement] INFO  server.RaftServerConfigKeys (ConfUtils.java:logGet(46)) - raft.server.snapshot.retention.file.num = 5 (custom)
2023-12-01 12:04:31,670 [d61ce6df-bfa3-4031-bef1-0b60ac375a39-groupManagement] INFO  server.RaftServerConfigKeys (ConfUtils.java:logGet(46)) - raft.server.log.purge.upto.snapshot.index = false (default)
2023-12-01 12:04:31,674 [a52b3d00-e6b2-4875-97ef-1383dbbdd16b-PipelineCommandHandlerThread-0] INFO  commandhandler.CreatePipelineCommandHandler (CreatePipelineCommandHandler.java:lambda$handle$2(124)) - Created Pipeline RATIS THREE PipelineID=1604b372-a121-49be-a60c-1bbc237b5611.
2023-12-01 12:04:31,676 [a52b3d00-e6b2-4875-97ef-1383dbbdd16b-groupManagement] INFO  server.RaftServer$Division (RaftServerImpl.java:<init>(256)) - a52b3d00-e6b2-4875-97ef-1383dbbdd16b: new RaftServerImpl for group-C65EFE1A7AAC:[a52b3d00-e6b2-4875-97ef-1383dbbdd16b|10.1.0.24:15076, bece060d-3fe8-48fd-a57c-c67080073878|10.1.0.24:15094, d61ce6df-bfa3-4031-bef1-0b60ac375a39|10.1.0.24:15085] with ContainerStateMachine:uninitialized
2023-12-01 12:04:31,676 [a52b3d00-e6b2-4875-97ef-1383dbbdd16b-groupManagement] INFO  server.RaftServerConfigKeys (ConfUtils.java:logGet(46)) - raft.server.rpc.timeout.min = 5s (custom)
2023-12-01 12:04:31,676 [a52b3d00-e6b2-4875-97ef-1383dbbdd16b-groupManagement] INFO  server.RaftServerConfigKeys (ConfUtils.java:logGet(46)) - raft.server.rpc.timeout.max = 5200ms (custom)
2023-12-01 12:04:31,676 [a52b3d00-e6b2-4875-97ef-1383dbbdd16b-groupManagement] INFO  server.RaftServerConfigKeys (ConfUtils.java:logGet(46)) - raft.server.rpc.sleep.time = 25ms (default)
2023-12-01 12:04:31,676 [a52b3d00-e6b2-4875-97ef-1383dbbdd16b-groupManagement] INFO  server.RaftServerConfigKeys (ConfUtils.java:logGet(46)) - raft.server.rpc.slowness.timeout = 300s (custom)
2023-12-01 12:04:31,676 [a52b3d00-e6b2-4875-97ef-1383dbbdd16b-groupManagement] INFO  server.RaftServerConfigKeys (ConfUtils.java:logGet(46)) - raft.server.leaderelection.leader.step-down.wait-time = 10s (default)
2023-12-01 12:04:31,676 [a52b3d00-e6b2-4875-97ef-1383dbbdd16b-groupManagement] INFO  server.RaftServerConfigKeys (ConfUtils.java:logGet(46)) - raft.server.leaderelection.member.majority-add = false (default)
2023-12-01 12:04:31,677 [a52b3d00-e6b2-4875-97ef-1383dbbdd16b-groupManagement] INFO  server.RaftServerConfigKeys (ConfUtils.java:logGet(46)) - raft.server.sleep.deviation.threshold = 300ms (default)
2023-12-01 12:04:31,677 [a52b3d00-e6b2-4875-97ef-1383dbbdd16b-groupManagement] INFO  server.RaftServer$Division (ServerState.java:<init>(113)) - a52b3d00-e6b2-4875-97ef-1383dbbdd16b@group-C65EFE1A7AAC: ConfigurationManager, init=-1: peers:[a52b3d00-e6b2-4875-97ef-1383dbbdd16b|10.1.0.24:15076, bece060d-3fe8-48fd-a57c-c67080073878|10.1.0.24:15094, d61ce6df-bfa3-4031-bef1-0b60ac375a39|10.1.0.24:15085]|listeners:[], old=null, confs=<EMPTY_MAP>
2023-12-01 12:04:31,677 [a52b3d00-e6b2-4875-97ef-1383dbbdd16b-groupManagement] INFO  server.RaftServerConfigKeys (ConfUtils.java:logGet(46)) - raft.server.notification.no-leader.timeout = 300s (custom)
2023-12-01 12:04:31,677 [a52b3d00-e6b2-4875-97ef-1383dbbdd16b-groupManagement] INFO  server.RaftServerConfigKeys (ConfUtils.java:logGet(46)) - raft.server.read.timeout = 10s (default)
2023-12-01 12:04:31,677 [a52b3d00-e6b2-4875-97ef-1383dbbdd16b-groupManagement] INFO  server.RaftServerConfigKeys (ConfUtils.java:logGet(46)) - raft.server.retrycache.expirytime = 600000ms (custom)
2023-12-01 12:04:31,677 [a52b3d00-e6b2-4875-97ef-1383dbbdd16b-groupManagement] INFO  server.RaftServerConfigKeys (ConfUtils.java:logGet(46)) - raft.server.retrycache.statistics.expirytime = 100ms (default)
2023-12-01 12:04:31,677 [a52b3d00-e6b2-4875-97ef-1383dbbdd16b-groupManagement] INFO  server.RaftServerConfigKeys (ConfUtils.java:logGet(46)) - raft.server.read.option = DEFAULT (default)
2023-12-01 12:04:31,677 [a52b3d00-e6b2-4875-97ef-1383dbbdd16b-groupManagement] INFO  server.RaftServerConfigKeys (ConfUtils.java:logGet(46)) - raft.server.read.read-after-write-consistent.write-index-cache.expiry-time = 60s (default)
2023-12-01 12:04:31,678 [a52b3d00-e6b2-4875-97ef-1383dbbdd16b-PipelineCommandHandlerThread-0] INFO  server.RaftServer (RaftServerProxy.java:addNew(100)) - a52b3d00-e6b2-4875-97ef-1383dbbdd16b: addNew group-C65EFE1A7AAC:[a52b3d00-e6b2-4875-97ef-1383dbbdd16b|10.1.0.24:15076, bece060d-3fe8-48fd-a57c-c67080073878|10.1.0.24:15094, d61ce6df-bfa3-4031-bef1-0b60ac375a39|10.1.0.24:15085] returns group-C65EFE1A7AAC:java.util.concurrent.CompletableFuture@19c7ba1a[Not completed]
2023-12-01 12:04:31,678 [a52b3d00-e6b2-4875-97ef-1383dbbdd16b-groupManagement] INFO  server.RaftServerConfigKeys (ConfUtils.java:logGet(46)) - raft.server.rpc.request.timeout = 60s (custom)
2023-12-01 12:04:31,678 [a52b3d00-e6b2-4875-97ef-1383dbbdd16b-groupManagement] INFO  server.RaftServerConfigKeys (ConfUtils.java:logGet(46)) - raft.server.log.appender.install.snapshot.enabled = false (custom)
2023-12-01 12:04:31,678 [a52b3d00-e6b2-4875-97ef-1383dbbdd16b-groupManagement] INFO  server.RaftServerConfigKeys (ConfUtils.java:logGet(46)) - raft.server.threadpool.server.cached = true (default)
2023-12-01 12:04:31,679 [a52b3d00-e6b2-4875-97ef-1383dbbdd16b-groupManagement] INFO  server.RaftServerConfigKeys (ConfUtils.java:logGet(46)) - raft.server.threadpool.server.size = 0 (default)
2023-12-01 12:04:31,679 [a52b3d00-e6b2-4875-97ef-1383dbbdd16b-groupManagement] INFO  server.RaftServerConfigKeys (ConfUtils.java:logGet(46)) - raft.server.threadpool.client.cached = true (default)
2023-12-01 12:04:31,679 [a52b3d00-e6b2-4875-97ef-1383dbbdd16b-groupManagement] INFO  server.RaftServerConfigKeys (ConfUtils.java:logGet(46)) - raft.server.threadpool.client.size = 0 (default)
2023-12-01 12:04:31,679 [a52b3d00-e6b2-4875-97ef-1383dbbdd16b-groupManagement] INFO  server.RaftServerConfigKeys (ConfUtils.java:logGet(46)) - raft.server.storage.free-space.min = 0MB (=0) (default)
2023-12-01 12:04:31,679 [a52b3d00-e6b2-4875-97ef-1383dbbdd16b-groupManagement] INFO  server.RaftServerConfigKeys (ConfUtils.java:logGet(46)) - raft.server.log.corruption.policy = EXCEPTION (default)
2023-12-01 12:04:31,679 [a52b3d00-e6b2-4875-97ef-1383dbbdd16b-groupManagement] INFO  server.RaftServerConfigKeys (ConfUtils.java:logGet(46)) - raft.server.storage.dir = [/home/runner/work/ozone/ozone/hadoop-ozone/integration-test/target/test-dir/MiniOzoneClusterImpl-6e44b040-7731-4908-af37-66cbba4f501b/datanode-0/data/ratis] (custom)
2023-12-01 12:04:31,679 [a52b3d00-e6b2-4875-97ef-1383dbbdd16b-groupManagement] INFO  storage.RaftStorageDirectory (RaftStorageDirectoryImpl.java:analyzeStorage(138)) - The storage directory /home/runner/work/ozone/ozone/hadoop-ozone/integration-test/target/test-dir/MiniOzoneClusterImpl-6e44b040-7731-4908-af37-66cbba4f501b/datanode-0/data/ratis/26dd2faf-e2aa-453c-847f-c65efe1a7aac does not exist. Creating ...
2023-12-01 12:04:31,680 [a52b3d00-e6b2-4875-97ef-1383dbbdd16b-groupManagement] INFO  storage.RaftStorageDirectory (RaftStorageDirectoryImpl.java:tryLock(232)) - Lock on /home/runner/work/ozone/ozone/hadoop-ozone/integration-test/target/test-dir/MiniOzoneClusterImpl-6e44b040-7731-4908-af37-66cbba4f501b/datanode-0/data/ratis/26dd2faf-e2aa-453c-847f-c65efe1a7aac/in_use.lock acquired by nodename 15370@fv-az1423-675
2023-12-01 12:04:31,681 [a52b3d00-e6b2-4875-97ef-1383dbbdd16b-groupManagement] INFO  storage.RaftStorage (RaftStorageImpl.java:format(97)) - Storage directory /home/runner/work/ozone/ozone/hadoop-ozone/integration-test/target/test-dir/MiniOzoneClusterImpl-6e44b040-7731-4908-af37-66cbba4f501b/datanode-0/data/ratis/26dd2faf-e2aa-453c-847f-c65efe1a7aac has been successfully formatted.
2023-12-01 12:04:31,681 [a52b3d00-e6b2-4875-97ef-1383dbbdd16b-groupManagement] INFO  ratis.ContainerStateMachine (ContainerStateMachine.java:loadSnapshot(269)) - group-C65EFE1A7AAC: The snapshot info is null. Setting the last applied indexto:(t:0, i:~)
2023-12-01 12:04:31,682 [a52b3d00-e6b2-4875-97ef-1383dbbdd16b-groupManagement] INFO  server.RaftServerConfigKeys (ConfUtils.java:logGet(46)) - raft.server.log.use.memory = false (default)
2023-12-01 12:04:31,682 [a52b3d00-e6b2-4875-97ef-1383dbbdd16b-groupManagement] INFO  server.RaftServerConfigKeys (ConfUtils.java:logGet(46)) - raft.server.log.purge.gap = 1000000 (custom)
2023-12-01 12:04:31,682 [a52b3d00-e6b2-4875-97ef-1383dbbdd16b-groupManagement] INFO  server.RaftServerConfigKeys (ConfUtils.java:logGet(46)) - raft.server.log.appender.buffer.byte-limit = 33554432 (custom)
2023-12-01 12:04:31,682 [a52b3d00-e6b2-4875-97ef-1383dbbdd16b-groupManagement] INFO  server.RaftServerConfigKeys (ConfUtils.java:logGet(46)) - raft.server.log.statemachine.data.read.timeout = 1000ms (default)
2023-12-01 12:04:31,682 [a52b3d00-e6b2-4875-97ef-1383dbbdd16b-groupManagement] INFO  server.RaftServerConfigKeys (ConfUtils.java:logGet(46)) - raft.server.log.purge.preservation.log.num = 0 (default)
2023-12-01 12:04:31,683 [a52b3d00-e6b2-4875-97ef-1383dbbdd16b-groupManagement] INFO  server.RaftServerConfigKeys (ConfUtils.java:logGet(46)) - raft.server.log.segment.size.max = 67108864 (custom)
2023-12-01 12:04:31,683 [a52b3d00-e6b2-4875-97ef-1383dbbdd16b-groupManagement] INFO  server.RaftServerConfigKeys (ConfUtils.java:logGet(46)) - raft.server.log.segment.cache.num.max = 2 (custom)
2023-12-01 12:04:31,683 [EventQueue-OpenPipelineForHealthyPipelineSafeModeRule] INFO  safemode.SCMSafeModeManager (HealthyPipelineSafeModeRule.java:process(137)) - SCM in safe mode. Healthy pipelines reported count is 0, required healthy pipeline reported count is 1
2023-12-01 12:04:31,683 [a52b3d00-e6b2-4875-97ef-1383dbbdd16b-groupManagement] INFO  server.RaftServerConfigKeys (ConfUtils.java:logGet(46)) - raft.server.log.segment.cache.size.max = 200MB (=209715200) (default)
2023-12-01 12:04:31,683 [a52b3d00-e6b2-4875-97ef-1383dbbdd16b-groupManagement] INFO  server.RaftServerConfigKeys (ConfUtils.java:logGet(46)) - raft.server.log.appender.buffer.byte-limit = 33554432 (custom)
2023-12-01 12:04:31,683 [a52b3d00-e6b2-4875-97ef-1383dbbdd16b-groupManagement] INFO  util.AwaitToRun (AwaitToRun.java:start(81)) - Thread[a52b3d00-e6b2-4875-97ef-1383dbbdd16b@group-C65EFE1A7AAC-cacheEviction-AwaitToRun,5,main] started
2023-12-01 12:04:31,683 [a52b3d00-e6b2-4875-97ef-1383dbbdd16b-groupManagement] INFO  segmented.SegmentedRaftLogWorker (SegmentedRaftLogWorker.java:<init>(184)) - new a52b3d00-e6b2-4875-97ef-1383dbbdd16b@group-C65EFE1A7AAC-SegmentedRaftLogWorker for RaftStorageImpl:Storage Directory /home/runner/work/ozone/ozone/hadoop-ozone/integration-test/target/test-dir/MiniOzoneClusterImpl-6e44b040-7731-4908-af37-66cbba4f501b/datanode-0/data/ratis/26dd2faf-e2aa-453c-847f-c65efe1a7aac
2023-12-01 12:04:31,683 [a52b3d00-e6b2-4875-97ef-1383dbbdd16b-groupManagement] INFO  server.RaftServerConfigKeys (ConfUtils.java:logGet(46)) - raft.server.log.queue.byte-limit = 4294967296 (custom)
2023-12-01 12:04:31,683 [a52b3d00-e6b2-4875-97ef-1383dbbdd16b-groupManagement] INFO  server.RaftServerConfigKeys (ConfUtils.java:logGet(46)) - raft.server.log.queue.element-limit = 1024 (custom)
2023-12-01 12:04:31,683 [a52b3d00-e6b2-4875-97ef-1383dbbdd16b-groupManagement] INFO  server.RaftServerConfigKeys (ConfUtils.java:logGet(46)) - raft.server.log.segment.size.max = 67108864 (custom)
2023-12-01 12:04:31,683 [a52b3d00-e6b2-4875-97ef-1383dbbdd16b-groupManagement] INFO  server.RaftServerConfigKeys (ConfUtils.java:logGet(46)) - raft.server.log.preallocated.size = 4194304 (custom)
2023-12-01 12:04:31,683 [a52b3d00-e6b2-4875-97ef-1383dbbdd16b-groupManagement] INFO  server.RaftServerConfigKeys (ConfUtils.java:logGet(46)) - raft.server.log.force.sync.num = 128 (default)
2023-12-01 12:04:31,684 [a52b3d00-e6b2-4875-97ef-1383dbbdd16b-groupManagement] INFO  server.RaftServerConfigKeys (ConfUtils.java:logGet(46)) - raft.server.log.statemachine.data.sync = true (default)
2023-12-01 12:04:31,684 [a52b3d00-e6b2-4875-97ef-1383dbbdd16b-groupManagement] INFO  server.RaftServerConfigKeys (ConfUtils.java:logGet(46)) - raft.server.log.statemachine.data.sync.timeout = 10s (default)
2023-12-01 12:04:31,684 [a52b3d00-e6b2-4875-97ef-1383dbbdd16b-groupManagement] INFO  server.RaftServerConfigKeys (ConfUtils.java:logGet(46)) - raft.server.log.statemachine.data.sync.timeout.retry = -1 (default)
2023-12-01 12:04:31,684 [a52b3d00-e6b2-4875-97ef-1383dbbdd16b-groupManagement] INFO  server.RaftServerConfigKeys (ConfUtils.java:logGet(46)) - raft.server.log.write.buffer.size = 2097152 (custom)
2023-12-01 12:04:31,684 [a52b3d00-e6b2-4875-97ef-1383dbbdd16b-groupManagement] INFO  server.RaftServerConfigKeys (ConfUtils.java:logGet(46)) - raft.server.log.appender.buffer.byte-limit = 33554432 (custom)
2023-12-01 12:04:31,685 [a52b3d00-e6b2-4875-97ef-1383dbbdd16b-groupManagement] INFO  server.RaftServerConfigKeys (ConfUtils.java:logGet(46)) - raft.server.log.unsafe-flush.enabled = false (default)
2023-12-01 12:04:31,685 [a52b3d00-e6b2-4875-97ef-1383dbbdd16b-groupManagement] INFO  server.RaftServerConfigKeys (ConfUtils.java:logGet(46)) - raft.server.log.async-flush.enabled = false (default)
2023-12-01 12:04:31,685 [a52b3d00-e6b2-4875-97ef-1383dbbdd16b-groupManagement] INFO  server.RaftServerConfigKeys (ConfUtils.java:logGet(46)) - raft.server.log.statemachine.data.caching.enabled = true (custom)
2023-12-01 12:04:31,685 [a52b3d00-e6b2-4875-97ef-1383dbbdd16b-groupManagement] INFO  segmented.SegmentedRaftLogWorker (SegmentedRaftLogWorker.java:lambda$new$0(135)) - a52b3d00-e6b2-4875-97ef-1383dbbdd16b@group-C65EFE1A7AAC-SegmentedRaftLogWorker: flushIndex: setUnconditionally 0 -> -1
2023-12-01 12:04:31,685 [a52b3d00-e6b2-4875-97ef-1383dbbdd16b-groupManagement] INFO  segmented.SegmentedRaftLogWorker (SegmentedRaftLogWorker.java:lambda$new$0(135)) - a52b3d00-e6b2-4875-97ef-1383dbbdd16b@group-C65EFE1A7AAC-SegmentedRaftLogWorker: safeCacheEvictIndex: setUnconditionally 0 -> -1
2023-12-01 12:04:31,685 [a52b3d00-e6b2-4875-97ef-1383dbbdd16b-groupManagement] INFO  server.RaftServer$Division (RaftServerImpl.java:start(392)) - a52b3d00-e6b2-4875-97ef-1383dbbdd16b@group-C65EFE1A7AAC: start as a follower, conf=-1: peers:[a52b3d00-e6b2-4875-97ef-1383dbbdd16b|10.1.0.24:15076, bece060d-3fe8-48fd-a57c-c67080073878|10.1.0.24:15094, d61ce6df-bfa3-4031-bef1-0b60ac375a39|10.1.0.24:15085]|listeners:[], old=null
2023-12-01 12:04:31,686 [a52b3d00-e6b2-4875-97ef-1383dbbdd16b-groupManagement] INFO  server.RaftServer$Division (RaftServerImpl.java:setRole(379)) - a52b3d00-e6b2-4875-97ef-1383dbbdd16b@group-C65EFE1A7AAC: changes role from      null to FOLLOWER at term 0 for startAsFollower
2023-12-01 12:04:31,686 [a52b3d00-e6b2-4875-97ef-1383dbbdd16b-groupManagement] INFO  impl.RoleInfo (RoleInfo.java:updateAndGet(139)) - a52b3d00-e6b2-4875-97ef-1383dbbdd16b: start a52b3d00-e6b2-4875-97ef-1383dbbdd16b@group-C65EFE1A7AAC-FollowerState
2023-12-01 12:04:31,686 [a52b3d00-e6b2-4875-97ef-1383dbbdd16b@group-C65EFE1A7AAC-FollowerState] INFO  server.RaftServerConfigKeys (ConfUtils.java:logFallback(53)) - raft.server.rpc.first-election.timeout.min = 5s (fallback to raft.server.rpc.timeout.min)
2023-12-01 12:04:31,686 [a52b3d00-e6b2-4875-97ef-1383dbbdd16b-groupManagement] INFO  util.JmxRegister (JmxRegister.java:tryRegister(44)) - Successfully registered JMX Bean with object name Ratis:service=RaftServer,group=group-C65EFE1A7AAC,id=a52b3d00-e6b2-4875-97ef-1383dbbdd16b
2023-12-01 12:04:31,686 [a52b3d00-e6b2-4875-97ef-1383dbbdd16b@group-C65EFE1A7AAC-FollowerState] INFO  server.RaftServerConfigKeys (ConfUtils.java:logFallback(53)) - raft.server.rpc.first-election.timeout.max = 5200ms (fallback to raft.server.rpc.timeout.max)
2023-12-01 12:04:31,686 [a52b3d00-e6b2-4875-97ef-1383dbbdd16b-groupManagement] INFO  server.RaftServerConfigKeys (ConfUtils.java:logGet(46)) - raft.server.snapshot.trigger-when-stop.enabled = true (default)
2023-12-01 12:04:31,686 [a52b3d00-e6b2-4875-97ef-1383dbbdd16b-groupManagement] INFO  server.RaftServerConfigKeys (ConfUtils.java:logGet(46)) - raft.server.snapshot.auto.trigger.enabled = true (custom)
2023-12-01 12:04:31,686 [a52b3d00-e6b2-4875-97ef-1383dbbdd16b-groupManagement] INFO  server.RaftServerConfigKeys (ConfUtils.java:logGet(46)) - raft.server.snapshot.auto.trigger.threshold = 10000 (custom)
2023-12-01 12:04:31,686 [a52b3d00-e6b2-4875-97ef-1383dbbdd16b-groupManagement] INFO  server.RaftServerConfigKeys (ConfUtils.java:logGet(46)) - raft.server.snapshot.retention.file.num = 5 (custom)
2023-12-01 12:04:31,686 [a52b3d00-e6b2-4875-97ef-1383dbbdd16b-groupManagement] INFO  server.RaftServerConfigKeys (ConfUtils.java:logGet(46)) - raft.server.log.purge.upto.snapshot.index = false (default)
2023-12-01 12:04:31,687 [a52b3d00-e6b2-4875-97ef-1383dbbdd16b-PipelineCommandHandlerThread-0] INFO  ratis.XceiverServerRatis (XceiverServerRatis.java:addGroup(814)) - Created group PipelineID=26dd2faf-e2aa-453c-847f-c65efe1a7aac
2023-12-01 12:04:31,695 [grpc-default-executor-0] INFO  server.RaftServer (RaftServerProxy.java:addNew(100)) - bece060d-3fe8-48fd-a57c-c67080073878: addNew group-C65EFE1A7AAC:[a52b3d00-e6b2-4875-97ef-1383dbbdd16b|10.1.0.24:15076, bece060d-3fe8-48fd-a57c-c67080073878|10.1.0.24:15094, d61ce6df-bfa3-4031-bef1-0b60ac375a39|10.1.0.24:15085] returns group-C65EFE1A7AAC:java.util.concurrent.CompletableFuture@2b924d6[Not completed]
2023-12-01 12:04:31,695 [bece060d-3fe8-48fd-a57c-c67080073878-groupManagement] INFO  server.RaftServer$Division (RaftServerImpl.java:<init>(256)) - bece060d-3fe8-48fd-a57c-c67080073878: new RaftServerImpl for group-C65EFE1A7AAC:[a52b3d00-e6b2-4875-97ef-1383dbbdd16b|10.1.0.24:15076, bece060d-3fe8-48fd-a57c-c67080073878|10.1.0.24:15094, d61ce6df-bfa3-4031-bef1-0b60ac375a39|10.1.0.24:15085] with ContainerStateMachine:uninitialized
2023-12-01 12:04:31,696 [bece060d-3fe8-48fd-a57c-c67080073878-groupManagement] INFO  server.RaftServerConfigKeys (ConfUtils.java:logGet(46)) - raft.server.rpc.timeout.min = 5s (custom)
2023-12-01 12:04:31,696 [bece060d-3fe8-48fd-a57c-c67080073878-groupManagement] INFO  server.RaftServerConfigKeys (ConfUtils.java:logGet(46)) - raft.server.rpc.timeout.max = 5200ms (custom)
2023-12-01 12:04:31,696 [bece060d-3fe8-48fd-a57c-c67080073878-groupManagement] INFO  server.RaftServerConfigKeys (ConfUtils.java:logGet(46)) - raft.server.rpc.sleep.time = 25ms (default)
2023-12-01 12:04:31,696 [bece060d-3fe8-48fd-a57c-c67080073878-groupManagement] INFO  server.RaftServerConfigKeys (ConfUtils.java:logGet(46)) - raft.server.rpc.slowness.timeout = 300s (custom)
2023-12-01 12:04:31,696 [bece060d-3fe8-48fd-a57c-c67080073878-groupManagement] INFO  server.RaftServerConfigKeys (ConfUtils.java:logGet(46)) - raft.server.leaderelection.leader.step-down.wait-time = 10s (default)
2023-12-01 12:04:31,696 [bece060d-3fe8-48fd-a57c-c67080073878-groupManagement] INFO  server.RaftServerConfigKeys (ConfUtils.java:logGet(46)) - raft.server.leaderelection.member.majority-add = false (default)
2023-12-01 12:04:31,696 [bece060d-3fe8-48fd-a57c-c67080073878-groupManagement] INFO  server.RaftServerConfigKeys (ConfUtils.java:logGet(46)) - raft.server.sleep.deviation.threshold = 300ms (default)
2023-12-01 12:04:31,696 [bece060d-3fe8-48fd-a57c-c67080073878-groupManagement] INFO  server.RaftServer$Division (ServerState.java:<init>(113)) - bece060d-3fe8-48fd-a57c-c67080073878@group-C65EFE1A7AAC: ConfigurationManager, init=-1: peers:[a52b3d00-e6b2-4875-97ef-1383dbbdd16b|10.1.0.24:15076, bece060d-3fe8-48fd-a57c-c67080073878|10.1.0.24:15094, d61ce6df-bfa3-4031-bef1-0b60ac375a39|10.1.0.24:15085]|listeners:[], old=null, confs=<EMPTY_MAP>
2023-12-01 12:04:31,696 [bece060d-3fe8-48fd-a57c-c67080073878-groupManagement] INFO  server.RaftServerConfigKeys (ConfUtils.java:logGet(46)) - raft.server.notification.no-leader.timeout = 300s (custom)
2023-12-01 12:04:31,696 [bece060d-3fe8-48fd-a57c-c67080073878-groupManagement] INFO  server.RaftServerConfigKeys (ConfUtils.java:logGet(46)) - raft.server.read.timeout = 10s (default)
2023-12-01 12:04:31,696 [bece060d-3fe8-48fd-a57c-c67080073878-groupManagement] INFO  server.RaftServerConfigKeys (ConfUtils.java:logGet(46)) - raft.server.retrycache.expirytime = 600000ms (custom)
2023-12-01 12:04:31,696 [bece060d-3fe8-48fd-a57c-c67080073878-groupManagement] INFO  server.RaftServerConfigKeys (ConfUtils.java:logGet(46)) - raft.server.retrycache.statistics.expirytime = 100ms (default)
2023-12-01 12:04:31,697 [bece060d-3fe8-48fd-a57c-c67080073878-groupManagement] INFO  server.RaftServerConfigKeys (ConfUtils.java:logGet(46)) - raft.server.read.option = DEFAULT (default)
2023-12-01 12:04:31,697 [bece060d-3fe8-48fd-a57c-c67080073878-groupManagement] INFO  server.RaftServerConfigKeys (ConfUtils.java:logGet(46)) - raft.server.read.read-after-write-consistent.write-index-cache.expiry-time = 60s (default)
2023-12-01 12:04:31,698 [bece060d-3fe8-48fd-a57c-c67080073878-groupManagement] INFO  server.RaftServerConfigKeys (ConfUtils.java:logGet(46)) - raft.server.rpc.request.timeout = 60s (custom)
2023-12-01 12:04:31,698 [bece060d-3fe8-48fd-a57c-c67080073878-groupManagement] INFO  server.RaftServerConfigKeys (ConfUtils.java:logGet(46)) - raft.server.log.appender.install.snapshot.enabled = false (custom)
2023-12-01 12:04:31,698 [bece060d-3fe8-48fd-a57c-c67080073878-groupManagement] INFO  server.RaftServerConfigKeys (ConfUtils.java:logGet(46)) - raft.server.threadpool.server.cached = true (default)
2023-12-01 12:04:31,698 [bece060d-3fe8-48fd-a57c-c67080073878-groupManagement] INFO  server.RaftServerConfigKeys (ConfUtils.java:logGet(46)) - raft.server.threadpool.server.size = 0 (default)
2023-12-01 12:04:31,698 [bece060d-3fe8-48fd-a57c-c67080073878-groupManagement] INFO  server.RaftServerConfigKeys (ConfUtils.java:logGet(46)) - raft.server.threadpool.client.cached = true (default)
2023-12-01 12:04:31,698 [bece060d-3fe8-48fd-a57c-c67080073878-groupManagement] INFO  server.RaftServerConfigKeys (ConfUtils.java:logGet(46)) - raft.server.threadpool.client.size = 0 (default)
2023-12-01 12:04:31,699 [bece060d-3fe8-48fd-a57c-c67080073878-groupManagement] INFO  server.RaftServerConfigKeys (ConfUtils.java:logGet(46)) - raft.server.storage.free-space.min = 0MB (=0) (default)
2023-12-01 12:04:31,699 [bece060d-3fe8-48fd-a57c-c67080073878-groupManagement] INFO  server.RaftServerConfigKeys (ConfUtils.java:logGet(46)) - raft.server.log.corruption.policy = EXCEPTION (default)
2023-12-01 12:04:31,699 [bece060d-3fe8-48fd-a57c-c67080073878-groupManagement] INFO  server.RaftServerConfigKeys (ConfUtils.java:logGet(46)) - raft.server.storage.dir = [/home/runner/work/ozone/ozone/hadoop-ozone/integration-test/target/test-dir/MiniOzoneClusterImpl-6e44b040-7731-4908-af37-66cbba4f501b/datanode-2/data/ratis] (custom)
2023-12-01 12:04:31,699 [bece060d-3fe8-48fd-a57c-c67080073878-groupManagement] INFO  storage.RaftStorageDirectory (RaftStorageDirectoryImpl.java:analyzeStorage(138)) - The storage directory /home/runner/work/ozone/ozone/hadoop-ozone/integration-test/target/test-dir/MiniOzoneClusterImpl-6e44b040-7731-4908-af37-66cbba4f501b/datanode-2/data/ratis/26dd2faf-e2aa-453c-847f-c65efe1a7aac does not exist. Creating ...
2023-12-01 12:04:31,700 [bece060d-3fe8-48fd-a57c-c67080073878-groupManagement] INFO  storage.RaftStorageDirectory (RaftStorageDirectoryImpl.java:tryLock(232)) - Lock on /home/runner/work/ozone/ozone/hadoop-ozone/integration-test/target/test-dir/MiniOzoneClusterImpl-6e44b040-7731-4908-af37-66cbba4f501b/datanode-2/data/ratis/26dd2faf-e2aa-453c-847f-c65efe1a7aac/in_use.lock acquired by nodename 15370@fv-az1423-675
2023-12-01 12:04:31,701 [bece060d-3fe8-48fd-a57c-c67080073878-groupManagement] INFO  storage.RaftStorage (RaftStorageImpl.java:format(97)) - Storage directory /home/runner/work/ozone/ozone/hadoop-ozone/integration-test/target/test-dir/MiniOzoneClusterImpl-6e44b040-7731-4908-af37-66cbba4f501b/datanode-2/data/ratis/26dd2faf-e2aa-453c-847f-c65efe1a7aac has been successfully formatted.
2023-12-01 12:04:31,701 [bece060d-3fe8-48fd-a57c-c67080073878-groupManagement] INFO  ratis.ContainerStateMachine (ContainerStateMachine.java:loadSnapshot(269)) - group-C65EFE1A7AAC: The snapshot info is null. Setting the last applied indexto:(t:0, i:~)
2023-12-01 12:04:31,701 [bece060d-3fe8-48fd-a57c-c67080073878-groupManagement] INFO  server.RaftServerConfigKeys (ConfUtils.java:logGet(46)) - raft.server.log.use.memory = false (default)
2023-12-01 12:04:31,702 [bece060d-3fe8-48fd-a57c-c67080073878-groupManagement] INFO  server.RaftServerConfigKeys (ConfUtils.java:logGet(46)) - raft.server.log.purge.gap = 1000000 (custom)
2023-12-01 12:04:31,702 [bece060d-3fe8-48fd-a57c-c67080073878-groupManagement] INFO  server.RaftServerConfigKeys (ConfUtils.java:logGet(46)) - raft.server.log.appender.buffer.byte-limit = 33554432 (custom)
2023-12-01 12:04:31,702 [bece060d-3fe8-48fd-a57c-c67080073878-groupManagement] INFO  server.RaftServerConfigKeys (ConfUtils.java:logGet(46)) - raft.server.log.statemachine.data.read.timeout = 1000ms (default)
2023-12-01 12:04:31,702 [bece060d-3fe8-48fd-a57c-c67080073878-groupManagement] INFO  server.RaftServerConfigKeys (ConfUtils.java:logGet(46)) - raft.server.log.purge.preservation.log.num = 0 (default)
2023-12-01 12:04:31,703 [bece060d-3fe8-48fd-a57c-c67080073878-groupManagement] INFO  server.RaftServerConfigKeys (ConfUtils.java:logGet(46)) - raft.server.log.segment.size.max = 67108864 (custom)
2023-12-01 12:04:31,703 [bece060d-3fe8-48fd-a57c-c67080073878-groupManagement] INFO  server.RaftServerConfigKeys (ConfUtils.java:logGet(46)) - raft.server.log.segment.cache.num.max = 2 (custom)
2023-12-01 12:04:31,703 [bece060d-3fe8-48fd-a57c-c67080073878-groupManagement] INFO  server.RaftServerConfigKeys (ConfUtils.java:logGet(46)) - raft.server.log.segment.cache.size.max = 200MB (=209715200) (default)
2023-12-01 12:04:31,703 [bece060d-3fe8-48fd-a57c-c67080073878-groupManagement] INFO  server.RaftServerConfigKeys (ConfUtils.java:logGet(46)) - raft.server.log.appender.buffer.byte-limit = 33554432 (custom)
2023-12-01 12:04:31,703 [bece060d-3fe8-48fd-a57c-c67080073878-groupManagement] INFO  util.AwaitToRun (AwaitToRun.java:start(81)) - Thread[bece060d-3fe8-48fd-a57c-c67080073878@group-C65EFE1A7AAC-cacheEviction-AwaitToRun,5,main] started
2023-12-01 12:04:31,703 [bece060d-3fe8-48fd-a57c-c67080073878-groupManagement] INFO  segmented.SegmentedRaftLogWorker (SegmentedRaftLogWorker.java:<init>(184)) - new bece060d-3fe8-48fd-a57c-c67080073878@group-C65EFE1A7AAC-SegmentedRaftLogWorker for RaftStorageImpl:Storage Directory /home/runner/work/ozone/ozone/hadoop-ozone/integration-test/target/test-dir/MiniOzoneClusterImpl-6e44b040-7731-4908-af37-66cbba4f501b/datanode-2/data/ratis/26dd2faf-e2aa-453c-847f-c65efe1a7aac
2023-12-01 12:04:31,703 [bece060d-3fe8-48fd-a57c-c67080073878-groupManagement] INFO  server.RaftServerConfigKeys (ConfUtils.java:logGet(46)) - raft.server.log.queue.byte-limit = 4294967296 (custom)
2023-12-01 12:04:31,703 [bece060d-3fe8-48fd-a57c-c67080073878-groupManagement] INFO  server.RaftServerConfigKeys (ConfUtils.java:logGet(46)) - raft.server.log.queue.element-limit = 1024 (custom)
2023-12-01 12:04:31,704 [bece060d-3fe8-48fd-a57c-c67080073878-groupManagement] INFO  server.RaftServerConfigKeys (ConfUtils.java:logGet(46)) - raft.server.log.segment.size.max = 67108864 (custom)
2023-12-01 12:04:31,704 [bece060d-3fe8-48fd-a57c-c67080073878-groupManagement] INFO  server.RaftServerConfigKeys (ConfUtils.java:logGet(46)) - raft.server.log.preallocated.size = 4194304 (custom)
2023-12-01 12:04:31,704 [bece060d-3fe8-48fd-a57c-c67080073878-groupManagement] INFO  server.RaftServerConfigKeys (ConfUtils.java:logGet(46)) - raft.server.log.force.sync.num = 128 (default)
2023-12-01 12:04:31,704 [bece060d-3fe8-48fd-a57c-c67080073878-groupManagement] INFO  server.RaftServerConfigKeys (ConfUtils.java:logGet(46)) - raft.server.log.statemachine.data.sync = true (default)
2023-12-01 12:04:31,704 [bece060d-3fe8-48fd-a57c-c67080073878-groupManagement] INFO  server.RaftServerConfigKeys (ConfUtils.java:logGet(46)) - raft.server.log.statemachine.data.sync.timeout = 10s (default)
2023-12-01 12:04:31,704 [bece060d-3fe8-48fd-a57c-c67080073878-groupManagement] INFO  server.RaftServerConfigKeys (ConfUtils.java:logGet(46)) - raft.server.log.statemachine.data.sync.timeout.retry = -1 (default)
2023-12-01 12:04:31,704 [bece060d-3fe8-48fd-a57c-c67080073878-groupManagement] INFO  server.RaftServerConfigKeys (ConfUtils.java:logGet(46)) - raft.server.log.write.buffer.size = 2097152 (custom)
2023-12-01 12:04:31,705 [bece060d-3fe8-48fd-a57c-c67080073878-groupManagement] INFO  server.RaftServerConfigKeys (ConfUtils.java:logGet(46)) - raft.server.log.appender.buffer.byte-limit = 33554432 (custom)
2023-12-01 12:04:31,707 [bece060d-3fe8-48fd-a57c-c67080073878-groupManagement] INFO  server.RaftServerConfigKeys (ConfUtils.java:logGet(46)) - raft.server.log.unsafe-flush.enabled = false (default)
2023-12-01 12:04:31,707 [bece060d-3fe8-48fd-a57c-c67080073878-groupManagement] INFO  server.RaftServerConfigKeys (ConfUtils.java:logGet(46)) - raft.server.log.async-flush.enabled = false (default)
2023-12-01 12:04:31,707 [bece060d-3fe8-48fd-a57c-c67080073878-groupManagement] INFO  server.RaftServerConfigKeys (ConfUtils.java:logGet(46)) - raft.server.log.statemachine.data.caching.enabled = true (custom)
2023-12-01 12:04:31,707 [bece060d-3fe8-48fd-a57c-c67080073878-groupManagement] INFO  segmented.SegmentedRaftLogWorker (SegmentedRaftLogWorker.java:lambda$new$0(135)) - bece060d-3fe8-48fd-a57c-c67080073878@group-C65EFE1A7AAC-SegmentedRaftLogWorker: flushIndex: setUnconditionally 0 -> -1
2023-12-01 12:04:31,707 [bece060d-3fe8-48fd-a57c-c67080073878-groupManagement] INFO  segmented.SegmentedRaftLogWorker (SegmentedRaftLogWorker.java:lambda$new$0(135)) - bece060d-3fe8-48fd-a57c-c67080073878@group-C65EFE1A7AAC-SegmentedRaftLogWorker: safeCacheEvictIndex: setUnconditionally 0 -> -1
2023-12-01 12:04:31,708 [bece060d-3fe8-48fd-a57c-c67080073878-groupManagement] INFO  server.RaftServer$Division (RaftServerImpl.java:start(392)) - bece060d-3fe8-48fd-a57c-c67080073878@group-C65EFE1A7AAC: start as a follower, conf=-1: peers:[a52b3d00-e6b2-4875-97ef-1383dbbdd16b|10.1.0.24:15076, bece060d-3fe8-48fd-a57c-c67080073878|10.1.0.24:15094, d61ce6df-bfa3-4031-bef1-0b60ac375a39|10.1.0.24:15085]|listeners:[], old=null
2023-12-01 12:04:31,708 [bece060d-3fe8-48fd-a57c-c67080073878-groupManagement] INFO  server.RaftServer$Division (RaftServerImpl.java:setRole(379)) - bece060d-3fe8-48fd-a57c-c67080073878@group-C65EFE1A7AAC: changes role from      null to FOLLOWER at term 0 for startAsFollower
2023-12-01 12:04:31,708 [bece060d-3fe8-48fd-a57c-c67080073878-groupManagement] INFO  impl.RoleInfo (RoleInfo.java:updateAndGet(139)) - bece060d-3fe8-48fd-a57c-c67080073878: start bece060d-3fe8-48fd-a57c-c67080073878@group-C65EFE1A7AAC-FollowerState
2023-12-01 12:04:31,708 [bece060d-3fe8-48fd-a57c-c67080073878@group-C65EFE1A7AAC-FollowerState] INFO  server.RaftServerConfigKeys (ConfUtils.java:logFallback(53)) - raft.server.rpc.first-election.timeout.min = 5s (fallback to raft.server.rpc.timeout.min)
2023-12-01 12:04:31,708 [bece060d-3fe8-48fd-a57c-c67080073878-groupManagement] INFO  util.JmxRegister (JmxRegister.java:tryRegister(44)) - Successfully registered JMX Bean with object name Ratis:service=RaftServer,group=group-C65EFE1A7AAC,id=bece060d-3fe8-48fd-a57c-c67080073878
2023-12-01 12:04:31,708 [bece060d-3fe8-48fd-a57c-c67080073878@group-C65EFE1A7AAC-FollowerState] INFO  server.RaftServerConfigKeys (ConfUtils.java:logFallback(53)) - raft.server.rpc.first-election.timeout.max = 5200ms (fallback to raft.server.rpc.timeout.max)
2023-12-01 12:04:31,708 [bece060d-3fe8-48fd-a57c-c67080073878-groupManagement] INFO  server.RaftServerConfigKeys (ConfUtils.java:logGet(46)) - raft.server.snapshot.trigger-when-stop.enabled = true (default)
2023-12-01 12:04:31,708 [bece060d-3fe8-48fd-a57c-c67080073878-groupManagement] INFO  server.RaftServerConfigKeys (ConfUtils.java:logGet(46)) - raft.server.snapshot.auto.trigger.enabled = true (custom)
2023-12-01 12:04:31,708 [bece060d-3fe8-48fd-a57c-c67080073878-groupManagement] INFO  server.RaftServerConfigKeys (ConfUtils.java:logGet(46)) - raft.server.snapshot.auto.trigger.threshold = 10000 (custom)
2023-12-01 12:04:31,708 [bece060d-3fe8-48fd-a57c-c67080073878-groupManagement] INFO  server.RaftServerConfigKeys (ConfUtils.java:logGet(46)) - raft.server.snapshot.retention.file.num = 5 (custom)
2023-12-01 12:04:31,708 [bece060d-3fe8-48fd-a57c-c67080073878-groupManagement] INFO  server.RaftServerConfigKeys (ConfUtils.java:logGet(46)) - raft.server.log.purge.upto.snapshot.index = false (default)
2023-12-01 12:04:31,721 [grpc-default-executor-0] INFO  server.RaftServer (RaftServerProxy.java:addNew(100)) - d61ce6df-bfa3-4031-bef1-0b60ac375a39: addNew group-C65EFE1A7AAC:[a52b3d00-e6b2-4875-97ef-1383dbbdd16b|10.1.0.24:15076, bece060d-3fe8-48fd-a57c-c67080073878|10.1.0.24:15094, d61ce6df-bfa3-4031-bef1-0b60ac375a39|10.1.0.24:15085] returns group-C65EFE1A7AAC:java.util.concurrent.CompletableFuture@67c53430[Not completed]
2023-12-01 12:04:31,721 [d61ce6df-bfa3-4031-bef1-0b60ac375a39-groupManagement] INFO  server.RaftServer$Division (RaftServerImpl.java:<init>(256)) - d61ce6df-bfa3-4031-bef1-0b60ac375a39: new RaftServerImpl for group-C65EFE1A7AAC:[a52b3d00-e6b2-4875-97ef-1383dbbdd16b|10.1.0.24:15076, bece060d-3fe8-48fd-a57c-c67080073878|10.1.0.24:15094, d61ce6df-bfa3-4031-bef1-0b60ac375a39|10.1.0.24:15085] with ContainerStateMachine:uninitialized
2023-12-01 12:04:31,721 [d61ce6df-bfa3-4031-bef1-0b60ac375a39-groupManagement] INFO  server.RaftServerConfigKeys (ConfUtils.java:logGet(46)) - raft.server.rpc.timeout.min = 5s (custom)
2023-12-01 12:04:31,722 [d61ce6df-bfa3-4031-bef1-0b60ac375a39-groupManagement] INFO  server.RaftServerConfigKeys (ConfUtils.java:logGet(46)) - raft.server.rpc.timeout.max = 5200ms (custom)
2023-12-01 12:04:31,722 [d61ce6df-bfa3-4031-bef1-0b60ac375a39-groupManagement] INFO  server.RaftServerConfigKeys (ConfUtils.java:logGet(46)) - raft.server.rpc.sleep.time = 25ms (default)
2023-12-01 12:04:31,722 [d61ce6df-bfa3-4031-bef1-0b60ac375a39-groupManagement] INFO  server.RaftServerConfigKeys (ConfUtils.java:logGet(46)) - raft.server.rpc.slowness.timeout = 300s (custom)
2023-12-01 12:04:31,722 [d61ce6df-bfa3-4031-bef1-0b60ac375a39-groupManagement] INFO  server.RaftServerConfigKeys (ConfUtils.java:logGet(46)) - raft.server.leaderelection.leader.step-down.wait-time = 10s (default)
2023-12-01 12:04:31,722 [d61ce6df-bfa3-4031-bef1-0b60ac375a39-groupManagement] INFO  server.RaftServerConfigKeys (ConfUtils.java:logGet(46)) - raft.server.leaderelection.member.majority-add = false (default)
2023-12-01 12:04:31,722 [d61ce6df-bfa3-4031-bef1-0b60ac375a39-groupManagement] INFO  server.RaftServerConfigKeys (ConfUtils.java:logGet(46)) - raft.server.sleep.deviation.threshold = 300ms (default)
2023-12-01 12:04:31,722 [d61ce6df-bfa3-4031-bef1-0b60ac375a39-groupManagement] INFO  server.RaftServer$Division (ServerState.java:<init>(113)) - d61ce6df-bfa3-4031-bef1-0b60ac375a39@group-C65EFE1A7AAC: ConfigurationManager, init=-1: peers:[a52b3d00-e6b2-4875-97ef-1383dbbdd16b|10.1.0.24:15076, bece060d-3fe8-48fd-a57c-c67080073878|10.1.0.24:15094, d61ce6df-bfa3-4031-bef1-0b60ac375a39|10.1.0.24:15085]|listeners:[], old=null, confs=<EMPTY_MAP>
2023-12-01 12:04:31,722 [d61ce6df-bfa3-4031-bef1-0b60ac375a39-groupManagement] INFO  server.RaftServerConfigKeys (ConfUtils.java:logGet(46)) - raft.server.notification.no-leader.timeout = 300s (custom)
2023-12-01 12:04:31,722 [d61ce6df-bfa3-4031-bef1-0b60ac375a39-groupManagement] INFO  server.RaftServerConfigKeys (ConfUtils.java:logGet(46)) - raft.server.read.timeout = 10s (default)
2023-12-01 12:04:31,722 [d61ce6df-bfa3-4031-bef1-0b60ac375a39-groupManagement] INFO  server.RaftServerConfigKeys (ConfUtils.java:logGet(46)) - raft.server.retrycache.expirytime = 600000ms (custom)
2023-12-01 12:04:31,722 [d61ce6df-bfa3-4031-bef1-0b60ac375a39-groupManagement] INFO  server.RaftServerConfigKeys (ConfUtils.java:logGet(46)) - raft.server.retrycache.statistics.expirytime = 100ms (default)
2023-12-01 12:04:31,722 [d61ce6df-bfa3-4031-bef1-0b60ac375a39-groupManagement] INFO  server.RaftServerConfigKeys (ConfUtils.java:logGet(46)) - raft.server.read.option = DEFAULT (default)
2023-12-01 12:04:31,722 [d61ce6df-bfa3-4031-bef1-0b60ac375a39-groupManagement] INFO  server.RaftServerConfigKeys (ConfUtils.java:logGet(46)) - raft.server.read.read-after-write-consistent.write-index-cache.expiry-time = 60s (default)
2023-12-01 12:04:31,723 [d61ce6df-bfa3-4031-bef1-0b60ac375a39-groupManagement] INFO  server.RaftServerConfigKeys (ConfUtils.java:logGet(46)) - raft.server.rpc.request.timeout = 60s (custom)
2023-12-01 12:04:31,723 [d61ce6df-bfa3-4031-bef1-0b60ac375a39-groupManagement] INFO  server.RaftServerConfigKeys (ConfUtils.java:logGet(46)) - raft.server.log.appender.install.snapshot.enabled = false (custom)
2023-12-01 12:04:31,723 [d61ce6df-bfa3-4031-bef1-0b60ac375a39-groupManagement] INFO  server.RaftServerConfigKeys (ConfUtils.java:logGet(46)) - raft.server.threadpool.server.cached = true (default)
2023-12-01 12:04:31,723 [d61ce6df-bfa3-4031-bef1-0b60ac375a39-groupManagement] INFO  server.RaftServerConfigKeys (ConfUtils.java:logGet(46)) - raft.server.threadpool.server.size = 0 (default)
2023-12-01 12:04:31,723 [d61ce6df-bfa3-4031-bef1-0b60ac375a39-groupManagement] INFO  server.RaftServerConfigKeys (ConfUtils.java:logGet(46)) - raft.server.threadpool.client.cached = true (default)
2023-12-01 12:04:31,723 [d61ce6df-bfa3-4031-bef1-0b60ac375a39-groupManagement] INFO  server.RaftServerConfigKeys (ConfUtils.java:logGet(46)) - raft.server.threadpool.client.size = 0 (default)
2023-12-01 12:04:31,723 [d61ce6df-bfa3-4031-bef1-0b60ac375a39-groupManagement] INFO  server.RaftServerConfigKeys (ConfUtils.java:logGet(46)) - raft.server.storage.free-space.min = 0MB (=0) (default)
2023-12-01 12:04:31,723 [d61ce6df-bfa3-4031-bef1-0b60ac375a39-groupManagement] INFO  server.RaftServerConfigKeys (ConfUtils.java:logGet(46)) - raft.server.log.corruption.policy = EXCEPTION (default)
2023-12-01 12:04:31,723 [d61ce6df-bfa3-4031-bef1-0b60ac375a39-groupManagement] INFO  server.RaftServerConfigKeys (ConfUtils.java:logGet(46)) - raft.server.storage.dir = [/home/runner/work/ozone/ozone/hadoop-ozone/integration-test/target/test-dir/MiniOzoneClusterImpl-6e44b040-7731-4908-af37-66cbba4f501b/datanode-1/data/ratis] (custom)
2023-12-01 12:04:31,723 [d61ce6df-bfa3-4031-bef1-0b60ac375a39-groupManagement] INFO  storage.RaftStorageDirectory (RaftStorageDirectoryImpl.java:analyzeStorage(138)) - The storage directory /home/runner/work/ozone/ozone/hadoop-ozone/integration-test/target/test-dir/MiniOzoneClusterImpl-6e44b040-7731-4908-af37-66cbba4f501b/datanode-1/data/ratis/26dd2faf-e2aa-453c-847f-c65efe1a7aac does not exist. Creating ...
2023-12-01 12:04:31,724 [d61ce6df-bfa3-4031-bef1-0b60ac375a39-groupManagement] INFO  storage.RaftStorageDirectory (RaftStorageDirectoryImpl.java:tryLock(232)) - Lock on /home/runner/work/ozone/ozone/hadoop-ozone/integration-test/target/test-dir/MiniOzoneClusterImpl-6e44b040-7731-4908-af37-66cbba4f501b/datanode-1/data/ratis/26dd2faf-e2aa-453c-847f-c65efe1a7aac/in_use.lock acquired by nodename 15370@fv-az1423-675
2023-12-01 12:04:31,726 [d61ce6df-bfa3-4031-bef1-0b60ac375a39-groupManagement] INFO  storage.RaftStorage (RaftStorageImpl.java:format(97)) - Storage directory /home/runner/work/ozone/ozone/hadoop-ozone/integration-test/target/test-dir/MiniOzoneClusterImpl-6e44b040-7731-4908-af37-66cbba4f501b/datanode-1/data/ratis/26dd2faf-e2aa-453c-847f-c65efe1a7aac has been successfully formatted.
2023-12-01 12:04:31,726 [d61ce6df-bfa3-4031-bef1-0b60ac375a39-groupManagement] INFO  ratis.ContainerStateMachine (ContainerStateMachine.java:loadSnapshot(269)) - group-C65EFE1A7AAC: The snapshot info is null. Setting the last applied indexto:(t:0, i:~)
2023-12-01 12:04:31,726 [d61ce6df-bfa3-4031-bef1-0b60ac375a39-groupManagement] INFO  server.RaftServerConfigKeys (ConfUtils.java:logGet(46)) - raft.server.log.use.memory = false (default)
2023-12-01 12:04:31,726 [d61ce6df-bfa3-4031-bef1-0b60ac375a39-groupManagement] INFO  server.RaftServerConfigKeys (ConfUtils.java:logGet(46)) - raft.server.log.purge.gap = 1000000 (custom)
2023-12-01 12:04:31,726 [d61ce6df-bfa3-4031-bef1-0b60ac375a39-groupManagement] INFO  server.RaftServerConfigKeys (ConfUtils.java:logGet(46)) - raft.server.log.appender.buffer.byte-limit = 33554432 (custom)
2023-12-01 12:04:31,726 [d61ce6df-bfa3-4031-bef1-0b60ac375a39-groupManagement] INFO  server.RaftServerConfigKeys (ConfUtils.java:logGet(46)) - raft.server.log.statemachine.data.read.timeout = 1000ms (default)
2023-12-01 12:04:31,727 [d61ce6df-bfa3-4031-bef1-0b60ac375a39-groupManagement] INFO  server.RaftServerConfigKeys (ConfUtils.java:logGet(46)) - raft.server.log.purge.preservation.log.num = 0 (default)
2023-12-01 12:04:31,727 [d61ce6df-bfa3-4031-bef1-0b60ac375a39-groupManagement] INFO  server.RaftServerConfigKeys (ConfUtils.java:logGet(46)) - raft.server.log.segment.size.max = 67108864 (custom)
2023-12-01 12:04:31,728 [d61ce6df-bfa3-4031-bef1-0b60ac375a39-groupManagement] INFO  server.RaftServerConfigKeys (ConfUtils.java:logGet(46)) - raft.server.log.segment.cache.num.max = 2 (custom)
2023-12-01 12:04:31,728 [d61ce6df-bfa3-4031-bef1-0b60ac375a39-groupManagement] INFO  server.RaftServerConfigKeys (ConfUtils.java:logGet(46)) - raft.server.log.segment.cache.size.max = 200MB (=209715200) (default)
2023-12-01 12:04:31,728 [d61ce6df-bfa3-4031-bef1-0b60ac375a39-groupManagement] INFO  server.RaftServerConfigKeys (ConfUtils.java:logGet(46)) - raft.server.log.appender.buffer.byte-limit = 33554432 (custom)
2023-12-01 12:04:31,728 [d61ce6df-bfa3-4031-bef1-0b60ac375a39-groupManagement] INFO  util.AwaitToRun (AwaitToRun.java:start(81)) - Thread[d61ce6df-bfa3-4031-bef1-0b60ac375a39@group-C65EFE1A7AAC-cacheEviction-AwaitToRun,5,main] started
2023-12-01 12:04:31,728 [d61ce6df-bfa3-4031-bef1-0b60ac375a39-groupManagement] INFO  segmented.SegmentedRaftLogWorker (SegmentedRaftLogWorker.java:<init>(184)) - new d61ce6df-bfa3-4031-bef1-0b60ac375a39@group-C65EFE1A7AAC-SegmentedRaftLogWorker for RaftStorageImpl:Storage Directory /home/runner/work/ozone/ozone/hadoop-ozone/integration-test/target/test-dir/MiniOzoneClusterImpl-6e44b040-7731-4908-af37-66cbba4f501b/datanode-1/data/ratis/26dd2faf-e2aa-453c-847f-c65efe1a7aac
2023-12-01 12:04:31,728 [d61ce6df-bfa3-4031-bef1-0b60ac375a39-groupManagement] INFO  server.RaftServerConfigKeys (ConfUtils.java:logGet(46)) - raft.server.log.queue.byte-limit = 4294967296 (custom)
2023-12-01 12:04:31,728 [d61ce6df-bfa3-4031-bef1-0b60ac375a39-groupManagement] INFO  server.RaftServerConfigKeys (ConfUtils.java:logGet(46)) - raft.server.log.queue.element-limit = 1024 (custom)
2023-12-01 12:04:31,728 [d61ce6df-bfa3-4031-bef1-0b60ac375a39-groupManagement] INFO  server.RaftServerConfigKeys (ConfUtils.java:logGet(46)) - raft.server.log.segment.size.max = 67108864 (custom)
2023-12-01 12:04:31,728 [d61ce6df-bfa3-4031-bef1-0b60ac375a39-groupManagement] INFO  server.RaftServerConfigKeys (ConfUtils.java:logGet(46)) - raft.server.log.preallocated.size = 4194304 (custom)
2023-12-01 12:04:31,728 [d61ce6df-bfa3-4031-bef1-0b60ac375a39-groupManagement] INFO  server.RaftServerConfigKeys (ConfUtils.java:logGet(46)) - raft.server.log.force.sync.num = 128 (default)
2023-12-01 12:04:31,728 [d61ce6df-bfa3-4031-bef1-0b60ac375a39-groupManagement] INFO  server.RaftServerConfigKeys (ConfUtils.java:logGet(46)) - raft.server.log.statemachine.data.sync = true (default)
2023-12-01 12:04:31,729 [d61ce6df-bfa3-4031-bef1-0b60ac375a39-groupManagement] INFO  server.RaftServerConfigKeys (ConfUtils.java:logGet(46)) - raft.server.log.statemachine.data.sync.timeout = 10s (default)
2023-12-01 12:04:31,729 [d61ce6df-bfa3-4031-bef1-0b60ac375a39-groupManagement] INFO  server.RaftServerConfigKeys (ConfUtils.java:logGet(46)) - raft.server.log.statemachine.data.sync.timeout.retry = -1 (default)
2023-12-01 12:04:31,729 [d61ce6df-bfa3-4031-bef1-0b60ac375a39-groupManagement] INFO  server.RaftServerConfigKeys (ConfUtils.java:logGet(46)) - raft.server.log.write.buffer.size = 2097152 (custom)
2023-12-01 12:04:31,730 [d61ce6df-bfa3-4031-bef1-0b60ac375a39-groupManagement] INFO  server.RaftServerConfigKeys (ConfUtils.java:logGet(46)) - raft.server.log.appender.buffer.byte-limit = 33554432 (custom)
2023-12-01 12:04:31,731 [d61ce6df-bfa3-4031-bef1-0b60ac375a39-groupManagement] INFO  server.RaftServerConfigKeys (ConfUtils.java:logGet(46)) - raft.server.log.unsafe-flush.enabled = false (default)
2023-12-01 12:04:31,731 [d61ce6df-bfa3-4031-bef1-0b60ac375a39-groupManagement] INFO  server.RaftServerConfigKeys (ConfUtils.java:logGet(46)) - raft.server.log.async-flush.enabled = false (default)
2023-12-01 12:04:31,731 [d61ce6df-bfa3-4031-bef1-0b60ac375a39-groupManagement] INFO  server.RaftServerConfigKeys (ConfUtils.java:logGet(46)) - raft.server.log.statemachine.data.caching.enabled = true (custom)
2023-12-01 12:04:31,732 [d61ce6df-bfa3-4031-bef1-0b60ac375a39-groupManagement] INFO  segmented.SegmentedRaftLogWorker (SegmentedRaftLogWorker.java:lambda$new$0(135)) - d61ce6df-bfa3-4031-bef1-0b60ac375a39@group-C65EFE1A7AAC-SegmentedRaftLogWorker: flushIndex: setUnconditionally 0 -> -1
2023-12-01 12:04:31,732 [d61ce6df-bfa3-4031-bef1-0b60ac375a39-groupManagement] INFO  segmented.SegmentedRaftLogWorker (SegmentedRaftLogWorker.java:lambda$new$0(135)) - d61ce6df-bfa3-4031-bef1-0b60ac375a39@group-C65EFE1A7AAC-SegmentedRaftLogWorker: safeCacheEvictIndex: setUnconditionally 0 -> -1
2023-12-01 12:04:31,732 [d61ce6df-bfa3-4031-bef1-0b60ac375a39-groupManagement] INFO  server.RaftServer$Division (RaftServerImpl.java:start(392)) - d61ce6df-bfa3-4031-bef1-0b60ac375a39@group-C65EFE1A7AAC: start as a follower, conf=-1: peers:[a52b3d00-e6b2-4875-97ef-1383dbbdd16b|10.1.0.24:15076, bece060d-3fe8-48fd-a57c-c67080073878|10.1.0.24:15094, d61ce6df-bfa3-4031-bef1-0b60ac375a39|10.1.0.24:15085]|listeners:[], old=null
2023-12-01 12:04:31,732 [d61ce6df-bfa3-4031-bef1-0b60ac375a39-groupManagement] INFO  server.RaftServer$Division (RaftServerImpl.java:setRole(379)) - d61ce6df-bfa3-4031-bef1-0b60ac375a39@group-C65EFE1A7AAC: changes role from      null to FOLLOWER at term 0 for startAsFollower
2023-12-01 12:04:31,732 [d61ce6df-bfa3-4031-bef1-0b60ac375a39-groupManagement] INFO  impl.RoleInfo (RoleInfo.java:updateAndGet(139)) - d61ce6df-bfa3-4031-bef1-0b60ac375a39: start d61ce6df-bfa3-4031-bef1-0b60ac375a39@group-C65EFE1A7AAC-FollowerState
2023-12-01 12:04:31,737 [d61ce6df-bfa3-4031-bef1-0b60ac375a39-groupManagement] INFO  util.JmxRegister (JmxRegister.java:tryRegister(44)) - Successfully registered JMX Bean with object name Ratis:service=RaftServer,group=group-C65EFE1A7AAC,id=d61ce6df-bfa3-4031-bef1-0b60ac375a39
2023-12-01 12:04:31,738 [d61ce6df-bfa3-4031-bef1-0b60ac375a39-groupManagement] INFO  server.RaftServerConfigKeys (ConfUtils.java:logGet(46)) - raft.server.snapshot.trigger-when-stop.enabled = true (default)
2023-12-01 12:04:31,738 [d61ce6df-bfa3-4031-bef1-0b60ac375a39-groupManagement] INFO  server.RaftServerConfigKeys (ConfUtils.java:logGet(46)) - raft.server.snapshot.auto.trigger.enabled = true (custom)
2023-12-01 12:04:31,738 [d61ce6df-bfa3-4031-bef1-0b60ac375a39-groupManagement] INFO  server.RaftServerConfigKeys (ConfUtils.java:logGet(46)) - raft.server.snapshot.auto.trigger.threshold = 10000 (custom)
2023-12-01 12:04:31,738 [d61ce6df-bfa3-4031-bef1-0b60ac375a39-groupManagement] INFO  server.RaftServerConfigKeys (ConfUtils.java:logGet(46)) - raft.server.snapshot.retention.file.num = 5 (custom)
2023-12-01 12:04:31,738 [d61ce6df-bfa3-4031-bef1-0b60ac375a39-groupManagement] INFO  server.RaftServerConfigKeys (ConfUtils.java:logGet(46)) - raft.server.log.purge.upto.snapshot.index = false (default)
2023-12-01 12:04:31,738 [d61ce6df-bfa3-4031-bef1-0b60ac375a39@group-C65EFE1A7AAC-FollowerState] INFO  server.RaftServerConfigKeys (ConfUtils.java:logFallback(53)) - raft.server.rpc.first-election.timeout.min = 5s (fallback to raft.server.rpc.timeout.min)
2023-12-01 12:04:31,739 [d61ce6df-bfa3-4031-bef1-0b60ac375a39@group-C65EFE1A7AAC-FollowerState] INFO  server.RaftServerConfigKeys (ConfUtils.java:logFallback(53)) - raft.server.rpc.first-election.timeout.max = 5200ms (fallback to raft.server.rpc.timeout.max)
2023-12-01 12:04:31,740 [d61ce6df-bfa3-4031-bef1-0b60ac375a39-PipelineCommandHandlerThread-0] INFO  server.RaftServer (RaftServerProxy.java:addNew(100)) - d61ce6df-bfa3-4031-bef1-0b60ac375a39: addNew group-FB863F7B2671:[d61ce6df-bfa3-4031-bef1-0b60ac375a39|10.1.0.24:15085] returns group-FB863F7B2671:java.util.concurrent.CompletableFuture@174b1096[Not completed]
2023-12-01 12:04:31,744 [d61ce6df-bfa3-4031-bef1-0b60ac375a39-groupManagement] INFO  server.RaftServer$Division (RaftServerImpl.java:<init>(256)) - d61ce6df-bfa3-4031-bef1-0b60ac375a39: new RaftServerImpl for group-FB863F7B2671:[d61ce6df-bfa3-4031-bef1-0b60ac375a39|10.1.0.24:15085] with ContainerStateMachine:uninitialized
2023-12-01 12:04:31,744 [d61ce6df-bfa3-4031-bef1-0b60ac375a39-groupManagement] INFO  server.RaftServerConfigKeys (ConfUtils.java:logGet(46)) - raft.server.rpc.timeout.min = 5s (custom)
2023-12-01 12:04:31,745 [d61ce6df-bfa3-4031-bef1-0b60ac375a39-groupManagement] INFO  server.RaftServerConfigKeys (ConfUtils.java:logGet(46)) - raft.server.rpc.timeout.max = 5200ms (custom)
2023-12-01 12:04:31,745 [d61ce6df-bfa3-4031-bef1-0b60ac375a39-groupManagement] INFO  server.RaftServerConfigKeys (ConfUtils.java:logGet(46)) - raft.server.rpc.sleep.time = 25ms (default)
2023-12-01 12:04:31,745 [d61ce6df-bfa3-4031-bef1-0b60ac375a39-groupManagement] INFO  server.RaftServerConfigKeys (ConfUtils.java:logGet(46)) - raft.server.rpc.slowness.timeout = 300s (custom)
2023-12-01 12:04:31,745 [d61ce6df-bfa3-4031-bef1-0b60ac375a39-groupManagement] INFO  server.RaftServerConfigKeys (ConfUtils.java:logGet(46)) - raft.server.leaderelection.leader.step-down.wait-time = 10s (default)
2023-12-01 12:04:31,746 [d61ce6df-bfa3-4031-bef1-0b60ac375a39-groupManagement] INFO  server.RaftServerConfigKeys (ConfUtils.java:logGet(46)) - raft.server.leaderelection.member.majority-add = false (default)
2023-12-01 12:04:31,746 [d61ce6df-bfa3-4031-bef1-0b60ac375a39-groupManagement] INFO  server.RaftServerConfigKeys (ConfUtils.java:logGet(46)) - raft.server.sleep.deviation.threshold = 300ms (default)
2023-12-01 12:04:31,746 [d61ce6df-bfa3-4031-bef1-0b60ac375a39-groupManagement] INFO  server.RaftServer$Division (ServerState.java:<init>(113)) - d61ce6df-bfa3-4031-bef1-0b60ac375a39@group-FB863F7B2671: ConfigurationManager, init=-1: peers:[d61ce6df-bfa3-4031-bef1-0b60ac375a39|10.1.0.24:15085]|listeners:[], old=null, confs=<EMPTY_MAP>
2023-12-01 12:04:31,747 [d61ce6df-bfa3-4031-bef1-0b60ac375a39-groupManagement] INFO  server.RaftServerConfigKeys (ConfUtils.java:logGet(46)) - raft.server.notification.no-leader.timeout = 300s (custom)
2023-12-01 12:04:31,747 [d61ce6df-bfa3-4031-bef1-0b60ac375a39-groupManagement] INFO  server.RaftServerConfigKeys (ConfUtils.java:logGet(46)) - raft.server.read.timeout = 10s (default)
2023-12-01 12:04:31,747 [d61ce6df-bfa3-4031-bef1-0b60ac375a39-groupManagement] INFO  server.RaftServerConfigKeys (ConfUtils.java:logGet(46)) - raft.server.retrycache.expirytime = 600000ms (custom)
2023-12-01 12:04:31,747 [d61ce6df-bfa3-4031-bef1-0b60ac375a39-groupManagement] INFO  server.RaftServerConfigKeys (ConfUtils.java:logGet(46)) - raft.server.retrycache.statistics.expirytime = 100ms (default)
2023-12-01 12:04:31,748 [d61ce6df-bfa3-4031-bef1-0b60ac375a39-groupManagement] INFO  server.RaftServerConfigKeys (ConfUtils.java:logGet(46)) - raft.server.read.option = DEFAULT (default)
2023-12-01 12:04:31,748 [d61ce6df-bfa3-4031-bef1-0b60ac375a39-groupManagement] INFO  server.RaftServerConfigKeys (ConfUtils.java:logGet(46)) - raft.server.read.read-after-write-consistent.write-index-cache.expiry-time = 60s (default)
2023-12-01 12:04:31,750 [d61ce6df-bfa3-4031-bef1-0b60ac375a39-groupManagement] INFO  server.RaftServerConfigKeys (ConfUtils.java:logGet(46)) - raft.server.rpc.request.timeout = 60s (custom)
2023-12-01 12:04:31,750 [d61ce6df-bfa3-4031-bef1-0b60ac375a39-groupManagement] INFO  server.RaftServerConfigKeys (ConfUtils.java:logGet(46)) - raft.server.log.appender.install.snapshot.enabled = false (custom)
2023-12-01 12:04:31,750 [d61ce6df-bfa3-4031-bef1-0b60ac375a39-groupManagement] INFO  server.RaftServerConfigKeys (ConfUtils.java:logGet(46)) - raft.server.threadpool.server.cached = true (default)
2023-12-01 12:04:31,750 [d61ce6df-bfa3-4031-bef1-0b60ac375a39-groupManagement] INFO  server.RaftServerConfigKeys (ConfUtils.java:logGet(46)) - raft.server.threadpool.server.size = 0 (default)
2023-12-01 12:04:31,752 [a52b3d00-e6b2-4875-97ef-1383dbbdd16b-PipelineCommandHandlerThread-0] INFO  commandhandler.CreatePipelineCommandHandler (CreatePipelineCommandHandler.java:lambda$handle$2(124)) - Created Pipeline RATIS THREE PipelineID=26dd2faf-e2aa-453c-847f-c65efe1a7aac.
2023-12-01 12:04:31,752 [d61ce6df-bfa3-4031-bef1-0b60ac375a39-groupManagement] INFO  server.RaftServerConfigKeys (ConfUtils.java:logGet(46)) - raft.server.threadpool.client.cached = true (default)
2023-12-01 12:04:31,752 [d61ce6df-bfa3-4031-bef1-0b60ac375a39-groupManagement] INFO  server.RaftServerConfigKeys (ConfUtils.java:logGet(46)) - raft.server.threadpool.client.size = 0 (default)
2023-12-01 12:04:31,753 [d61ce6df-bfa3-4031-bef1-0b60ac375a39-groupManagement] INFO  server.RaftServerConfigKeys (ConfUtils.java:logGet(46)) - raft.server.storage.free-space.min = 0MB (=0) (default)
2023-12-01 12:04:31,753 [d61ce6df-bfa3-4031-bef1-0b60ac375a39-groupManagement] INFO  server.RaftServerConfigKeys (ConfUtils.java:logGet(46)) - raft.server.log.corruption.policy = EXCEPTION (default)
2023-12-01 12:04:31,753 [d61ce6df-bfa3-4031-bef1-0b60ac375a39-groupManagement] INFO  server.RaftServerConfigKeys (ConfUtils.java:logGet(46)) - raft.server.storage.dir = [/home/runner/work/ozone/ozone/hadoop-ozone/integration-test/target/test-dir/MiniOzoneClusterImpl-6e44b040-7731-4908-af37-66cbba4f501b/datanode-1/data/ratis] (custom)
2023-12-01 12:04:31,754 [d61ce6df-bfa3-4031-bef1-0b60ac375a39-groupManagement] INFO  storage.RaftStorageDirectory (RaftStorageDirectoryImpl.java:analyzeStorage(138)) - The storage directory /home/runner/work/ozone/ozone/hadoop-ozone/integration-test/target/test-dir/MiniOzoneClusterImpl-6e44b040-7731-4908-af37-66cbba4f501b/datanode-1/data/ratis/5f9816ea-1cc8-476a-a17a-fb863f7b2671 does not exist. Creating ...
2023-12-01 12:04:31,754 [d61ce6df-bfa3-4031-bef1-0b60ac375a39-groupManagement] INFO  storage.RaftStorageDirectory (RaftStorageDirectoryImpl.java:tryLock(232)) - Lock on /home/runner/work/ozone/ozone/hadoop-ozone/integration-test/target/test-dir/MiniOzoneClusterImpl-6e44b040-7731-4908-af37-66cbba4f501b/datanode-1/data/ratis/5f9816ea-1cc8-476a-a17a-fb863f7b2671/in_use.lock acquired by nodename 15370@fv-az1423-675
2023-12-01 12:04:31,756 [d61ce6df-bfa3-4031-bef1-0b60ac375a39-groupManagement] INFO  storage.RaftStorage (RaftStorageImpl.java:format(97)) - Storage directory /home/runner/work/ozone/ozone/hadoop-ozone/integration-test/target/test-dir/MiniOzoneClusterImpl-6e44b040-7731-4908-af37-66cbba4f501b/datanode-1/data/ratis/5f9816ea-1cc8-476a-a17a-fb863f7b2671 has been successfully formatted.
2023-12-01 12:04:31,756 [d61ce6df-bfa3-4031-bef1-0b60ac375a39-groupManagement] INFO  ratis.ContainerStateMachine (ContainerStateMachine.java:loadSnapshot(269)) - group-FB863F7B2671: The snapshot info is null. Setting the last applied indexto:(t:0, i:~)
2023-12-01 12:04:31,756 [d61ce6df-bfa3-4031-bef1-0b60ac375a39-groupManagement] INFO  server.RaftServerConfigKeys (ConfUtils.java:logGet(46)) - raft.server.log.use.memory = false (default)
2023-12-01 12:04:31,757 [d61ce6df-bfa3-4031-bef1-0b60ac375a39-groupManagement] INFO  server.RaftServerConfigKeys (ConfUtils.java:logGet(46)) - raft.server.log.purge.gap = 1000000 (custom)
2023-12-01 12:04:31,757 [d61ce6df-bfa3-4031-bef1-0b60ac375a39-groupManagement] INFO  server.RaftServerConfigKeys (ConfUtils.java:logGet(46)) - raft.server.log.appender.buffer.byte-limit = 33554432 (custom)
2023-12-01 12:04:31,757 [d61ce6df-bfa3-4031-bef1-0b60ac375a39-groupManagement] INFO  server.RaftServerConfigKeys (ConfUtils.java:logGet(46)) - raft.server.log.statemachine.data.read.timeout = 1000ms (default)
2023-12-01 12:04:31,758 [d61ce6df-bfa3-4031-bef1-0b60ac375a39-groupManagement] INFO  server.RaftServerConfigKeys (ConfUtils.java:logGet(46)) - raft.server.log.purge.preservation.log.num = 0 (default)
2023-12-01 12:04:31,758 [EventQueue-PipelineReportForPipelineReportHandler] INFO  pipeline.PipelineReportHandler (PipelineReportHandler.java:processPipelineReport(136)) - Opened pipeline PipelineID=5f9816ea-1cc8-476a-a17a-fb863f7b2671
2023-12-01 12:04:31,758 [EventQueue-OpenPipelineForHealthyPipelineSafeModeRule] INFO  safemode.SCMSafeModeManager (HealthyPipelineSafeModeRule.java:process(137)) - SCM in safe mode. Healthy pipelines reported count is 0, required healthy pipeline reported count is 1
2023-12-01 12:04:31,759 [d61ce6df-bfa3-4031-bef1-0b60ac375a39-groupManagement] INFO  server.RaftServerConfigKeys (ConfUtils.java:logGet(46)) - raft.server.log.segment.size.max = 67108864 (custom)
2023-12-01 12:04:31,759 [d61ce6df-bfa3-4031-bef1-0b60ac375a39-groupManagement] INFO  server.RaftServerConfigKeys (ConfUtils.java:logGet(46)) - raft.server.log.segment.cache.num.max = 2 (custom)
2023-12-01 12:04:31,759 [d61ce6df-bfa3-4031-bef1-0b60ac375a39-groupManagement] INFO  server.RaftServerConfigKeys (ConfUtils.java:logGet(46)) - raft.server.log.segment.cache.size.max = 200MB (=209715200) (default)
2023-12-01 12:04:31,759 [d61ce6df-bfa3-4031-bef1-0b60ac375a39-groupManagement] INFO  server.RaftServerConfigKeys (ConfUtils.java:logGet(46)) - raft.server.log.appender.buffer.byte-limit = 33554432 (custom)
2023-12-01 12:04:31,759 [d61ce6df-bfa3-4031-bef1-0b60ac375a39-groupManagement] INFO  util.AwaitToRun (AwaitToRun.java:start(81)) - Thread[d61ce6df-bfa3-4031-bef1-0b60ac375a39@group-FB863F7B2671-cacheEviction-AwaitToRun,5,main] started
2023-12-01 12:04:31,759 [d61ce6df-bfa3-4031-bef1-0b60ac375a39-groupManagement] INFO  segmented.SegmentedRaftLogWorker (SegmentedRaftLogWorker.java:<init>(184)) - new d61ce6df-bfa3-4031-bef1-0b60ac375a39@group-FB863F7B2671-SegmentedRaftLogWorker for RaftStorageImpl:Storage Directory /home/runner/work/ozone/ozone/hadoop-ozone/integration-test/target/test-dir/MiniOzoneClusterImpl-6e44b040-7731-4908-af37-66cbba4f501b/datanode-1/data/ratis/5f9816ea-1cc8-476a-a17a-fb863f7b2671
2023-12-01 12:04:31,759 [d61ce6df-bfa3-4031-bef1-0b60ac375a39-groupManagement] INFO  server.RaftServerConfigKeys (ConfUtils.java:logGet(46)) - raft.server.log.queue.byte-limit = 4294967296 (custom)
2023-12-01 12:04:31,759 [d61ce6df-bfa3-4031-bef1-0b60ac375a39-groupManagement] INFO  server.RaftServerConfigKeys (ConfUtils.java:logGet(46)) - raft.server.log.queue.element-limit = 1024 (custom)
2023-12-01 12:04:31,759 [d61ce6df-bfa3-4031-bef1-0b60ac375a39-groupManagement] INFO  server.RaftServerConfigKeys (ConfUtils.java:logGet(46)) - raft.server.log.segment.size.max = 67108864 (custom)
2023-12-01 12:04:31,759 [d61ce6df-bfa3-4031-bef1-0b60ac375a39-groupManagement] INFO  server.RaftServerConfigKeys (ConfUtils.java:logGet(46)) - raft.server.log.preallocated.size = 4194304 (custom)
2023-12-01 12:04:31,759 [d61ce6df-bfa3-4031-bef1-0b60ac375a39-groupManagement] INFO  server.RaftServerConfigKeys (ConfUtils.java:logGet(46)) - raft.server.log.force.sync.num = 128 (default)
2023-12-01 12:04:31,760 [d61ce6df-bfa3-4031-bef1-0b60ac375a39-groupManagement] INFO  server.RaftServerConfigKeys (ConfUtils.java:logGet(46)) - raft.server.log.statemachine.data.sync = true (default)
2023-12-01 12:04:31,760 [d61ce6df-bfa3-4031-bef1-0b60ac375a39-groupManagement] INFO  server.RaftServerConfigKeys (ConfUtils.java:logGet(46)) - raft.server.log.statemachine.data.sync.timeout = 10s (default)
2023-12-01 12:04:31,760 [d61ce6df-bfa3-4031-bef1-0b60ac375a39-groupManagement] INFO  server.RaftServerConfigKeys (ConfUtils.java:logGet(46)) - raft.server.log.statemachine.data.sync.timeout.retry = -1 (default)
2023-12-01 12:04:31,760 [d61ce6df-bfa3-4031-bef1-0b60ac375a39-groupManagement] INFO  server.RaftServerConfigKeys (ConfUtils.java:logGet(46)) - raft.server.log.write.buffer.size = 2097152 (custom)
2023-12-01 12:04:31,760 [d61ce6df-bfa3-4031-bef1-0b60ac375a39-groupManagement] INFO  server.RaftServerConfigKeys (ConfUtils.java:logGet(46)) - raft.server.log.appender.buffer.byte-limit = 33554432 (custom)
2023-12-01 12:04:31,761 [d61ce6df-bfa3-4031-bef1-0b60ac375a39-groupManagement] INFO  server.RaftServerConfigKeys (ConfUtils.java:logGet(46)) - raft.server.log.unsafe-flush.enabled = false (default)
2023-12-01 12:04:31,761 [d61ce6df-bfa3-4031-bef1-0b60ac375a39-groupManagement] INFO  server.RaftServerConfigKeys (ConfUtils.java:logGet(46)) - raft.server.log.async-flush.enabled = false (default)
2023-12-01 12:04:31,761 [d61ce6df-bfa3-4031-bef1-0b60ac375a39-groupManagement] INFO  server.RaftServerConfigKeys (ConfUtils.java:logGet(46)) - raft.server.log.statemachine.data.caching.enabled = true (custom)
2023-12-01 12:04:31,761 [d61ce6df-bfa3-4031-bef1-0b60ac375a39-groupManagement] INFO  segmented.SegmentedRaftLogWorker (SegmentedRaftLogWorker.java:lambda$new$0(135)) - d61ce6df-bfa3-4031-bef1-0b60ac375a39@group-FB863F7B2671-SegmentedRaftLogWorker: flushIndex: setUnconditionally 0 -> -1
2023-12-01 12:04:31,761 [d61ce6df-bfa3-4031-bef1-0b60ac375a39-groupManagement] INFO  segmented.SegmentedRaftLogWorker (SegmentedRaftLogWorker.java:lambda$new$0(135)) - d61ce6df-bfa3-4031-bef1-0b60ac375a39@group-FB863F7B2671-SegmentedRaftLogWorker: safeCacheEvictIndex: setUnconditionally 0 -> -1
2023-12-01 12:04:31,763 [d61ce6df-bfa3-4031-bef1-0b60ac375a39-groupManagement] INFO  server.RaftServer$Division (RaftServerImpl.java:start(392)) - d61ce6df-bfa3-4031-bef1-0b60ac375a39@group-FB863F7B2671: start as a follower, conf=-1: peers:[d61ce6df-bfa3-4031-bef1-0b60ac375a39|10.1.0.24:15085]|listeners:[], old=null
2023-12-01 12:04:31,763 [d61ce6df-bfa3-4031-bef1-0b60ac375a39-groupManagement] INFO  server.RaftServer$Division (RaftServerImpl.java:setRole(379)) - d61ce6df-bfa3-4031-bef1-0b60ac375a39@group-FB863F7B2671: changes role from      null to FOLLOWER at term 0 for startAsFollower
2023-12-01 12:04:31,763 [d61ce6df-bfa3-4031-bef1-0b60ac375a39-groupManagement] INFO  impl.RoleInfo (RoleInfo.java:updateAndGet(139)) - d61ce6df-bfa3-4031-bef1-0b60ac375a39: start d61ce6df-bfa3-4031-bef1-0b60ac375a39@group-FB863F7B2671-FollowerState
2023-12-01 12:04:31,763 [d61ce6df-bfa3-4031-bef1-0b60ac375a39@group-FB863F7B2671-FollowerState] INFO  server.RaftServerConfigKeys (ConfUtils.java:logFallback(53)) - raft.server.rpc.first-election.timeout.min = 5s (fallback to raft.server.rpc.timeout.min)
2023-12-01 12:04:31,763 [d61ce6df-bfa3-4031-bef1-0b60ac375a39-groupManagement] INFO  util.JmxRegister (JmxRegister.java:tryRegister(44)) - Successfully registered JMX Bean with object name Ratis:service=RaftServer,group=group-FB863F7B2671,id=d61ce6df-bfa3-4031-bef1-0b60ac375a39
2023-12-01 12:04:31,763 [d61ce6df-bfa3-4031-bef1-0b60ac375a39@group-FB863F7B2671-FollowerState] INFO  server.RaftServerConfigKeys (ConfUtils.java:logFallback(53)) - raft.server.rpc.first-election.timeout.max = 5200ms (fallback to raft.server.rpc.timeout.max)
2023-12-01 12:04:31,763 [d61ce6df-bfa3-4031-bef1-0b60ac375a39-groupManagement] INFO  server.RaftServerConfigKeys (ConfUtils.java:logGet(46)) - raft.server.snapshot.trigger-when-stop.enabled = true (default)
2023-12-01 12:04:31,763 [d61ce6df-bfa3-4031-bef1-0b60ac375a39-groupManagement] INFO  server.RaftServerConfigKeys (ConfUtils.java:logGet(46)) - raft.server.snapshot.auto.trigger.enabled = true (custom)
2023-12-01 12:04:31,764 [d61ce6df-bfa3-4031-bef1-0b60ac375a39-groupManagement] INFO  server.RaftServerConfigKeys (ConfUtils.java:logGet(46)) - raft.server.snapshot.auto.trigger.threshold = 10000 (custom)
2023-12-01 12:04:31,764 [d61ce6df-bfa3-4031-bef1-0b60ac375a39-groupManagement] INFO  server.RaftServerConfigKeys (ConfUtils.java:logGet(46)) - raft.server.snapshot.retention.file.num = 5 (custom)
2023-12-01 12:04:31,764 [d61ce6df-bfa3-4031-bef1-0b60ac375a39-groupManagement] INFO  server.RaftServerConfigKeys (ConfUtils.java:logGet(46)) - raft.server.log.purge.upto.snapshot.index = false (default)
2023-12-01 12:04:31,764 [d61ce6df-bfa3-4031-bef1-0b60ac375a39-PipelineCommandHandlerThread-0] INFO  ratis.XceiverServerRatis (XceiverServerRatis.java:addGroup(814)) - Created group PipelineID=5f9816ea-1cc8-476a-a17a-fb863f7b2671
2023-12-01 12:04:31,764 [d61ce6df-bfa3-4031-bef1-0b60ac375a39-PipelineCommandHandlerThread-0] INFO  commandhandler.CreatePipelineCommandHandler (CreatePipelineCommandHandler.java:lambda$handle$2(124)) - Created Pipeline RATIS ONE PipelineID=5f9816ea-1cc8-476a-a17a-fb863f7b2671.
2023-12-01 12:04:31,848 [bece060d-3fe8-48fd-a57c-c67080073878-PipelineCommandHandlerThread-0] INFO  server.RaftServer (RaftServerProxy.java:addNew(100)) - bece060d-3fe8-48fd-a57c-c67080073878: addNew group-517770FE8037:[bece060d-3fe8-48fd-a57c-c67080073878|10.1.0.24:15094] returns group-517770FE8037:java.util.concurrent.CompletableFuture@6529cc2[Not completed]
2023-12-01 12:04:31,849 [bece060d-3fe8-48fd-a57c-c67080073878-groupManagement] INFO  server.RaftServer$Division (RaftServerImpl.java:<init>(256)) - bece060d-3fe8-48fd-a57c-c67080073878: new RaftServerImpl for group-517770FE8037:[bece060d-3fe8-48fd-a57c-c67080073878|10.1.0.24:15094] with ContainerStateMachine:uninitialized
2023-12-01 12:04:31,849 [bece060d-3fe8-48fd-a57c-c67080073878-groupManagement] INFO  server.RaftServerConfigKeys (ConfUtils.java:logGet(46)) - raft.server.rpc.timeout.min = 5s (custom)
2023-12-01 12:04:31,849 [bece060d-3fe8-48fd-a57c-c67080073878-groupManagement] INFO  server.RaftServerConfigKeys (ConfUtils.java:logGet(46)) - raft.server.rpc.timeout.max = 5200ms (custom)
2023-12-01 12:04:31,850 [bece060d-3fe8-48fd-a57c-c67080073878-groupManagement] INFO  server.RaftServerConfigKeys (ConfUtils.java:logGet(46)) - raft.server.rpc.sleep.time = 25ms (default)
2023-12-01 12:04:31,850 [bece060d-3fe8-48fd-a57c-c67080073878-groupManagement] INFO  server.RaftServerConfigKeys (ConfUtils.java:logGet(46)) - raft.server.rpc.slowness.timeout = 300s (custom)
2023-12-01 12:04:31,850 [bece060d-3fe8-48fd-a57c-c67080073878-groupManagement] INFO  server.RaftServerConfigKeys (ConfUtils.java:logGet(46)) - raft.server.leaderelection.leader.step-down.wait-time = 10s (default)
2023-12-01 12:04:31,850 [bece060d-3fe8-48fd-a57c-c67080073878-groupManagement] INFO  server.RaftServerConfigKeys (ConfUtils.java:logGet(46)) - raft.server.leaderelection.member.majority-add = false (default)
2023-12-01 12:04:31,850 [bece060d-3fe8-48fd-a57c-c67080073878-groupManagement] INFO  server.RaftServerConfigKeys (ConfUtils.java:logGet(46)) - raft.server.sleep.deviation.threshold = 300ms (default)
2023-12-01 12:04:31,850 [bece060d-3fe8-48fd-a57c-c67080073878-groupManagement] INFO  server.RaftServer$Division (ServerState.java:<init>(113)) - bece060d-3fe8-48fd-a57c-c67080073878@group-517770FE8037: ConfigurationManager, init=-1: peers:[bece060d-3fe8-48fd-a57c-c67080073878|10.1.0.24:15094]|listeners:[], old=null, confs=<EMPTY_MAP>
2023-12-01 12:04:31,850 [bece060d-3fe8-48fd-a57c-c67080073878-groupManagement] INFO  server.RaftServerConfigKeys (ConfUtils.java:logGet(46)) - raft.server.notification.no-leader.timeout = 300s (custom)
2023-12-01 12:04:31,850 [bece060d-3fe8-48fd-a57c-c67080073878-groupManagement] INFO  server.RaftServerConfigKeys (ConfUtils.java:logGet(46)) - raft.server.read.timeout = 10s (default)
2023-12-01 12:04:31,850 [bece060d-3fe8-48fd-a57c-c67080073878-groupManagement] INFO  server.RaftServerConfigKeys (ConfUtils.java:logGet(46)) - raft.server.retrycache.expirytime = 600000ms (custom)
2023-12-01 12:04:31,850 [bece060d-3fe8-48fd-a57c-c67080073878-groupManagement] INFO  server.RaftServerConfigKeys (ConfUtils.java:logGet(46)) - raft.server.retrycache.statistics.expirytime = 100ms (default)
2023-12-01 12:04:31,850 [bece060d-3fe8-48fd-a57c-c67080073878-groupManagement] INFO  server.RaftServerConfigKeys (ConfUtils.java:logGet(46)) - raft.server.read.option = DEFAULT (default)
2023-12-01 12:04:31,850 [bece060d-3fe8-48fd-a57c-c67080073878-groupManagement] INFO  server.RaftServerConfigKeys (ConfUtils.java:logGet(46)) - raft.server.read.read-after-write-consistent.write-index-cache.expiry-time = 60s (default)
2023-12-01 12:04:31,851 [main] INFO  ozone.MiniOzoneClusterImpl (MiniOzoneClusterImpl.java:lambda$waitForClusterToBeReady$0(229)) - Nodes are ready. Got 3 of 3 DN Heartbeats.
2023-12-01 12:04:31,852 [main] INFO  ozone.MiniOzoneClusterImpl (MiniOzoneClusterImpl.java:lambda$waitForClusterToBeReady$0(232)) - Waiting for cluster to exit safe mode
2023-12-01 12:04:31,852 [main] INFO  ozone.MiniOzoneClusterImpl (MiniOzoneClusterImpl.java:lambda$waitForClusterToBeReady$0(234)) - SCM became leader
2023-12-01 12:04:31,851 [bece060d-3fe8-48fd-a57c-c67080073878-groupManagement] INFO  server.RaftServerConfigKeys (ConfUtils.java:logGet(46)) - raft.server.rpc.request.timeout = 60s (custom)
2023-12-01 12:04:31,852 [bece060d-3fe8-48fd-a57c-c67080073878-groupManagement] INFO  server.RaftServerConfigKeys (ConfUtils.java:logGet(46)) - raft.server.log.appender.install.snapshot.enabled = false (custom)
2023-12-01 12:04:31,852 [bece060d-3fe8-48fd-a57c-c67080073878-groupManagement] INFO  server.RaftServerConfigKeys (ConfUtils.java:logGet(46)) - raft.server.threadpool.server.cached = true (default)
2023-12-01 12:04:31,852 [bece060d-3fe8-48fd-a57c-c67080073878-groupManagement] INFO  server.RaftServerConfigKeys (ConfUtils.java:logGet(46)) - raft.server.threadpool.server.size = 0 (default)
2023-12-01 12:04:31,852 [bece060d-3fe8-48fd-a57c-c67080073878-groupManagement] INFO  server.RaftServerConfigKeys (ConfUtils.java:logGet(46)) - raft.server.threadpool.client.cached = true (default)
2023-12-01 12:04:31,852 [bece060d-3fe8-48fd-a57c-c67080073878-groupManagement] INFO  server.RaftServerConfigKeys (ConfUtils.java:logGet(46)) - raft.server.threadpool.client.size = 0 (default)
2023-12-01 12:04:31,852 [bece060d-3fe8-48fd-a57c-c67080073878-groupManagement] INFO  server.RaftServerConfigKeys (ConfUtils.java:logGet(46)) - raft.server.storage.free-space.min = 0MB (=0) (default)
2023-12-01 12:04:31,852 [bece060d-3fe8-48fd-a57c-c67080073878-groupManagement] INFO  server.RaftServerConfigKeys (ConfUtils.java:logGet(46)) - raft.server.log.corruption.policy = EXCEPTION (default)
2023-12-01 12:04:31,852 [bece060d-3fe8-48fd-a57c-c67080073878-groupManagement] INFO  server.RaftServerConfigKeys (ConfUtils.java:logGet(46)) - raft.server.storage.dir = [/home/runner/work/ozone/ozone/hadoop-ozone/integration-test/target/test-dir/MiniOzoneClusterImpl-6e44b040-7731-4908-af37-66cbba4f501b/datanode-2/data/ratis] (custom)
2023-12-01 12:04:31,852 [bece060d-3fe8-48fd-a57c-c67080073878-groupManagement] INFO  storage.RaftStorageDirectory (RaftStorageDirectoryImpl.java:analyzeStorage(138)) - The storage directory /home/runner/work/ozone/ozone/hadoop-ozone/integration-test/target/test-dir/MiniOzoneClusterImpl-6e44b040-7731-4908-af37-66cbba4f501b/datanode-2/data/ratis/1e311d18-a939-42e1-ade4-517770fe8037 does not exist. Creating ...
2023-12-01 12:04:31,853 [bece060d-3fe8-48fd-a57c-c67080073878-groupManagement] INFO  storage.RaftStorageDirectory (RaftStorageDirectoryImpl.java:tryLock(232)) - Lock on /home/runner/work/ozone/ozone/hadoop-ozone/integration-test/target/test-dir/MiniOzoneClusterImpl-6e44b040-7731-4908-af37-66cbba4f501b/datanode-2/data/ratis/1e311d18-a939-42e1-ade4-517770fe8037/in_use.lock acquired by nodename 15370@fv-az1423-675
2023-12-01 12:04:31,854 [bece060d-3fe8-48fd-a57c-c67080073878-groupManagement] INFO  storage.RaftStorage (RaftStorageImpl.java:format(97)) - Storage directory /home/runner/work/ozone/ozone/hadoop-ozone/integration-test/target/test-dir/MiniOzoneClusterImpl-6e44b040-7731-4908-af37-66cbba4f501b/datanode-2/data/ratis/1e311d18-a939-42e1-ade4-517770fe8037 has been successfully formatted.
2023-12-01 12:04:31,855 [bece060d-3fe8-48fd-a57c-c67080073878-groupManagement] INFO  ratis.ContainerStateMachine (ContainerStateMachine.java:loadSnapshot(269)) - group-517770FE8037: The snapshot info is null. Setting the last applied indexto:(t:0, i:~)
2023-12-01 12:04:31,855 [bece060d-3fe8-48fd-a57c-c67080073878-groupManagement] INFO  server.RaftServerConfigKeys (ConfUtils.java:logGet(46)) - raft.server.log.use.memory = false (default)
2023-12-01 12:04:31,855 [bece060d-3fe8-48fd-a57c-c67080073878-groupManagement] INFO  server.RaftServerConfigKeys (ConfUtils.java:logGet(46)) - raft.server.log.purge.gap = 1000000 (custom)
2023-12-01 12:04:31,855 [bece060d-3fe8-48fd-a57c-c67080073878-groupManagement] INFO  server.RaftServerConfigKeys (ConfUtils.java:logGet(46)) - raft.server.log.appender.buffer.byte-limit = 33554432 (custom)
2023-12-01 12:04:31,855 [bece060d-3fe8-48fd-a57c-c67080073878-groupManagement] INFO  server.RaftServerConfigKeys (ConfUtils.java:logGet(46)) - raft.server.log.statemachine.data.read.timeout = 1000ms (default)
2023-12-01 12:04:31,855 [bece060d-3fe8-48fd-a57c-c67080073878-groupManagement] INFO  server.RaftServerConfigKeys (ConfUtils.java:logGet(46)) - raft.server.log.purge.preservation.log.num = 0 (default)
2023-12-01 12:04:31,856 [bece060d-3fe8-48fd-a57c-c67080073878-groupManagement] INFO  server.RaftServerConfigKeys (ConfUtils.java:logGet(46)) - raft.server.log.segment.size.max = 67108864 (custom)
2023-12-01 12:04:31,857 [EventQueue-PipelineReportForPipelineReportHandler] INFO  pipeline.PipelineReportHandler (PipelineReportHandler.java:processPipelineReport(136)) - Opened pipeline PipelineID=1e311d18-a939-42e1-ade4-517770fe8037
2023-12-01 12:04:31,857 [bece060d-3fe8-48fd-a57c-c67080073878-groupManagement] INFO  server.RaftServerConfigKeys (ConfUtils.java:logGet(46)) - raft.server.log.segment.cache.num.max = 2 (custom)
2023-12-01 12:04:31,857 [bece060d-3fe8-48fd-a57c-c67080073878-groupManagement] INFO  server.RaftServerConfigKeys (ConfUtils.java:logGet(46)) - raft.server.log.segment.cache.size.max = 200MB (=209715200) (default)
2023-12-01 12:04:31,857 [bece060d-3fe8-48fd-a57c-c67080073878-groupManagement] INFO  server.RaftServerConfigKeys (ConfUtils.java:logGet(46)) - raft.server.log.appender.buffer.byte-limit = 33554432 (custom)
2023-12-01 12:04:31,857 [bece060d-3fe8-48fd-a57c-c67080073878-groupManagement] INFO  util.AwaitToRun (AwaitToRun.java:start(81)) - Thread[bece060d-3fe8-48fd-a57c-c67080073878@group-517770FE8037-cacheEviction-AwaitToRun,5,main] started
2023-12-01 12:04:31,857 [bece060d-3fe8-48fd-a57c-c67080073878-groupManagement] INFO  segmented.SegmentedRaftLogWorker (SegmentedRaftLogWorker.java:<init>(184)) - new bece060d-3fe8-48fd-a57c-c67080073878@group-517770FE8037-SegmentedRaftLogWorker for RaftStorageImpl:Storage Directory /home/runner/work/ozone/ozone/hadoop-ozone/integration-test/target/test-dir/MiniOzoneClusterImpl-6e44b040-7731-4908-af37-66cbba4f501b/datanode-2/data/ratis/1e311d18-a939-42e1-ade4-517770fe8037
2023-12-01 12:04:31,857 [bece060d-3fe8-48fd-a57c-c67080073878-groupManagement] INFO  server.RaftServerConfigKeys (ConfUtils.java:logGet(46)) - raft.server.log.queue.byte-limit = 4294967296 (custom)
2023-12-01 12:04:31,857 [bece060d-3fe8-48fd-a57c-c67080073878-groupManagement] INFO  server.RaftServerConfigKeys (ConfUtils.java:logGet(46)) - raft.server.log.queue.element-limit = 1024 (custom)
2023-12-01 12:04:31,857 [bece060d-3fe8-48fd-a57c-c67080073878-groupManagement] INFO  server.RaftServerConfigKeys (ConfUtils.java:logGet(46)) - raft.server.log.segment.size.max = 67108864 (custom)
2023-12-01 12:04:31,857 [bece060d-3fe8-48fd-a57c-c67080073878-groupManagement] INFO  server.RaftServerConfigKeys (ConfUtils.java:logGet(46)) - raft.server.log.preallocated.size = 4194304 (custom)
2023-12-01 12:04:31,857 [bece060d-3fe8-48fd-a57c-c67080073878-groupManagement] INFO  server.RaftServerConfigKeys (ConfUtils.java:logGet(46)) - raft.server.log.force.sync.num = 128 (default)
2023-12-01 12:04:31,857 [bece060d-3fe8-48fd-a57c-c67080073878-groupManagement] INFO  server.RaftServerConfigKeys (ConfUtils.java:logGet(46)) - raft.server.log.statemachine.data.sync = true (default)
2023-12-01 12:04:31,857 [bece060d-3fe8-48fd-a57c-c67080073878-groupManagement] INFO  server.RaftServerConfigKeys (ConfUtils.java:logGet(46)) - raft.server.log.statemachine.data.sync.timeout = 10s (default)
2023-12-01 12:04:31,857 [bece060d-3fe8-48fd-a57c-c67080073878-groupManagement] INFO  server.RaftServerConfigKeys (ConfUtils.java:logGet(46)) - raft.server.log.statemachine.data.sync.timeout.retry = -1 (default)
2023-12-01 12:04:31,857 [bece060d-3fe8-48fd-a57c-c67080073878-groupManagement] INFO  server.RaftServerConfigKeys (ConfUtils.java:logGet(46)) - raft.server.log.write.buffer.size = 2097152 (custom)
2023-12-01 12:04:31,858 [bece060d-3fe8-48fd-a57c-c67080073878-groupManagement] INFO  server.RaftServerConfigKeys (ConfUtils.java:logGet(46)) - raft.server.log.appender.buffer.byte-limit = 33554432 (custom)
2023-12-01 12:04:31,859 [bece060d-3fe8-48fd-a57c-c67080073878-groupManagement] INFO  server.RaftServerConfigKeys (ConfUtils.java:logGet(46)) - raft.server.log.unsafe-flush.enabled = false (default)
2023-12-01 12:04:31,859 [bece060d-3fe8-48fd-a57c-c67080073878-groupManagement] INFO  server.RaftServerConfigKeys (ConfUtils.java:logGet(46)) - raft.server.log.async-flush.enabled = false (default)
2023-12-01 12:04:31,859 [bece060d-3fe8-48fd-a57c-c67080073878-groupManagement] INFO  server.RaftServerConfigKeys (ConfUtils.java:logGet(46)) - raft.server.log.statemachine.data.caching.enabled = true (custom)
2023-12-01 12:04:31,859 [bece060d-3fe8-48fd-a57c-c67080073878-groupManagement] INFO  segmented.SegmentedRaftLogWorker (SegmentedRaftLogWorker.java:lambda$new$0(135)) - bece060d-3fe8-48fd-a57c-c67080073878@group-517770FE8037-SegmentedRaftLogWorker: flushIndex: setUnconditionally 0 -> -1
2023-12-01 12:04:31,859 [bece060d-3fe8-48fd-a57c-c67080073878-groupManagement] INFO  segmented.SegmentedRaftLogWorker (SegmentedRaftLogWorker.java:lambda$new$0(135)) - bece060d-3fe8-48fd-a57c-c67080073878@group-517770FE8037-SegmentedRaftLogWorker: safeCacheEvictIndex: setUnconditionally 0 -> -1
2023-12-01 12:04:31,862 [EventQueue-OpenPipelineForHealthyPipelineSafeModeRule] INFO  safemode.SCMSafeModeManager (HealthyPipelineSafeModeRule.java:process(137)) - SCM in safe mode. Healthy pipelines reported count is 0, required healthy pipeline reported count is 1
2023-12-01 12:04:31,862 [bece060d-3fe8-48fd-a57c-c67080073878-groupManagement] INFO  server.RaftServer$Division (RaftServerImpl.java:start(392)) - bece060d-3fe8-48fd-a57c-c67080073878@group-517770FE8037: start as a follower, conf=-1: peers:[bece060d-3fe8-48fd-a57c-c67080073878|10.1.0.24:15094]|listeners:[], old=null
2023-12-01 12:04:31,862 [bece060d-3fe8-48fd-a57c-c67080073878-groupManagement] INFO  server.RaftServer$Division (RaftServerImpl.java:setRole(379)) - bece060d-3fe8-48fd-a57c-c67080073878@group-517770FE8037: changes role from      null to FOLLOWER at term 0 for startAsFollower
2023-12-01 12:04:31,862 [bece060d-3fe8-48fd-a57c-c67080073878-groupManagement] INFO  impl.RoleInfo (RoleInfo.java:updateAndGet(139)) - bece060d-3fe8-48fd-a57c-c67080073878: start bece060d-3fe8-48fd-a57c-c67080073878@group-517770FE8037-FollowerState
2023-12-01 12:04:31,863 [bece060d-3fe8-48fd-a57c-c67080073878-groupManagement] INFO  util.JmxRegister (JmxRegister.java:tryRegister(44)) - Successfully registered JMX Bean with object name Ratis:service=RaftServer,group=group-517770FE8037,id=bece060d-3fe8-48fd-a57c-c67080073878
2023-12-01 12:04:31,863 [bece060d-3fe8-48fd-a57c-c67080073878-groupManagement] INFO  server.RaftServerConfigKeys (ConfUtils.java:logGet(46)) - raft.server.snapshot.trigger-when-stop.enabled = true (default)
2023-12-01 12:04:31,863 [bece060d-3fe8-48fd-a57c-c67080073878-groupManagement] INFO  server.RaftServerConfigKeys (ConfUtils.java:logGet(46)) - raft.server.snapshot.auto.trigger.enabled = true (custom)
2023-12-01 12:04:31,863 [bece060d-3fe8-48fd-a57c-c67080073878-groupManagement] INFO  server.RaftServerConfigKeys (ConfUtils.java:logGet(46)) - raft.server.snapshot.auto.trigger.threshold = 10000 (custom)
2023-12-01 12:04:31,863 [bece060d-3fe8-48fd-a57c-c67080073878-groupManagement] INFO  server.RaftServerConfigKeys (ConfUtils.java:logGet(46)) - raft.server.snapshot.retention.file.num = 5 (custom)
2023-12-01 12:04:31,863 [bece060d-3fe8-48fd-a57c-c67080073878-groupManagement] INFO  server.RaftServerConfigKeys (ConfUtils.java:logGet(46)) - raft.server.log.purge.upto.snapshot.index = false (default)
2023-12-01 12:04:31,864 [bece060d-3fe8-48fd-a57c-c67080073878-PipelineCommandHandlerThread-0] INFO  ratis.XceiverServerRatis (XceiverServerRatis.java:addGroup(814)) - Created group PipelineID=1e311d18-a939-42e1-ade4-517770fe8037
2023-12-01 12:04:31,864 [bece060d-3fe8-48fd-a57c-c67080073878-PipelineCommandHandlerThread-0] INFO  commandhandler.CreatePipelineCommandHandler (CreatePipelineCommandHandler.java:lambda$handle$2(124)) - Created Pipeline RATIS ONE PipelineID=1e311d18-a939-42e1-ade4-517770fe8037.
2023-12-01 12:04:31,865 [bece060d-3fe8-48fd-a57c-c67080073878@group-517770FE8037-FollowerState] INFO  server.RaftServerConfigKeys (ConfUtils.java:logFallback(53)) - raft.server.rpc.first-election.timeout.min = 5s (fallback to raft.server.rpc.timeout.min)
2023-12-01 12:04:31,865 [bece060d-3fe8-48fd-a57c-c67080073878@group-517770FE8037-FollowerState] INFO  server.RaftServerConfigKeys (ConfUtils.java:logFallback(53)) - raft.server.rpc.first-election.timeout.max = 5200ms (fallback to raft.server.rpc.timeout.max)
2023-12-01 12:04:32,852 [main] INFO  ozone.MiniOzoneClusterImpl (MiniOzoneClusterImpl.java:lambda$waitForClusterToBeReady$0(229)) - Nodes are ready. Got 3 of 3 DN Heartbeats.
2023-12-01 12:04:32,852 [main] INFO  ozone.MiniOzoneClusterImpl (MiniOzoneClusterImpl.java:lambda$waitForClusterToBeReady$0(232)) - Waiting for cluster to exit safe mode
2023-12-01 12:04:32,852 [main] INFO  ozone.MiniOzoneClusterImpl (MiniOzoneClusterImpl.java:lambda$waitForClusterToBeReady$0(234)) - SCM became leader
2023-12-01 12:04:33,853 [main] INFO  ozone.MiniOzoneClusterImpl (MiniOzoneClusterImpl.java:lambda$waitForClusterToBeReady$0(229)) - Nodes are ready. Got 3 of 3 DN Heartbeats.
2023-12-01 12:04:33,853 [main] INFO  ozone.MiniOzoneClusterImpl (MiniOzoneClusterImpl.java:lambda$waitForClusterToBeReady$0(232)) - Waiting for cluster to exit safe mode
2023-12-01 12:04:33,853 [main] INFO  ozone.MiniOzoneClusterImpl (MiniOzoneClusterImpl.java:lambda$waitForClusterToBeReady$0(234)) - SCM became leader
2023-12-01 12:04:34,853 [main] INFO  ozone.MiniOzoneClusterImpl (MiniOzoneClusterImpl.java:lambda$waitForClusterToBeReady$0(229)) - Nodes are ready. Got 3 of 3 DN Heartbeats.
2023-12-01 12:04:34,854 [main] INFO  ozone.MiniOzoneClusterImpl (MiniOzoneClusterImpl.java:lambda$waitForClusterToBeReady$0(232)) - Waiting for cluster to exit safe mode
2023-12-01 12:04:34,854 [main] INFO  ozone.MiniOzoneClusterImpl (MiniOzoneClusterImpl.java:lambda$waitForClusterToBeReady$0(234)) - SCM became leader
2023-12-01 12:04:35,854 [main] INFO  ozone.MiniOzoneClusterImpl (MiniOzoneClusterImpl.java:lambda$waitForClusterToBeReady$0(229)) - Nodes are ready. Got 3 of 3 DN Heartbeats.
2023-12-01 12:04:35,854 [main] INFO  ozone.MiniOzoneClusterImpl (MiniOzoneClusterImpl.java:lambda$waitForClusterToBeReady$0(232)) - Waiting for cluster to exit safe mode
2023-12-01 12:04:35,855 [main] INFO  ozone.MiniOzoneClusterImpl (MiniOzoneClusterImpl.java:lambda$waitForClusterToBeReady$0(234)) - SCM became leader
2023-12-01 12:04:36,673 [d61ce6df-bfa3-4031-bef1-0b60ac375a39@group-1BBC237B5611-FollowerState] INFO  impl.FollowerState (FollowerState.java:run(143)) - d61ce6df-bfa3-4031-bef1-0b60ac375a39@group-1BBC237B5611-FollowerState: change to CANDIDATE, lastRpcElapsedTime:5003514210ns, electionTimeout:5003ms
2023-12-01 12:04:36,673 [d61ce6df-bfa3-4031-bef1-0b60ac375a39@group-1BBC237B5611-FollowerState] INFO  impl.RoleInfo (RoleInfo.java:shutdownFollowerState(110)) - d61ce6df-bfa3-4031-bef1-0b60ac375a39: shutdown d61ce6df-bfa3-4031-bef1-0b60ac375a39@group-1BBC237B5611-FollowerState
2023-12-01 12:04:36,673 [d61ce6df-bfa3-4031-bef1-0b60ac375a39@group-1BBC237B5611-FollowerState] INFO  server.RaftServer$Division (RaftServerImpl.java:setRole(379)) - d61ce6df-bfa3-4031-bef1-0b60ac375a39@group-1BBC237B5611: changes role from  FOLLOWER to CANDIDATE at term 0 for changeToCandidate
2023-12-01 12:04:36,673 [d61ce6df-bfa3-4031-bef1-0b60ac375a39@group-1BBC237B5611-FollowerState] INFO  server.RaftServerConfigKeys (ConfUtils.java:logGet(46)) - raft.server.leaderelection.pre-vote = true (default)
2023-12-01 12:04:36,673 [d61ce6df-bfa3-4031-bef1-0b60ac375a39@group-1BBC237B5611-FollowerState] INFO  impl.RoleInfo (RoleInfo.java:updateAndGet(139)) - d61ce6df-bfa3-4031-bef1-0b60ac375a39: start d61ce6df-bfa3-4031-bef1-0b60ac375a39@group-1BBC237B5611-LeaderElection14
2023-12-01 12:04:36,675 [d61ce6df-bfa3-4031-bef1-0b60ac375a39@group-1BBC237B5611-LeaderElection14] INFO  impl.LeaderElection (LeaderElection.java:askForVotes(323)) - d61ce6df-bfa3-4031-bef1-0b60ac375a39@group-1BBC237B5611-LeaderElection14 PRE_VOTE round 0: submit vote requests at term 0 for -1: peers:[a52b3d00-e6b2-4875-97ef-1383dbbdd16b|10.1.0.24:15076, bece060d-3fe8-48fd-a57c-c67080073878|10.1.0.24:15094, d61ce6df-bfa3-4031-bef1-0b60ac375a39|10.1.0.24:15085]|listeners:[], old=null
2023-12-01 12:04:36,675 [d61ce6df-bfa3-4031-bef1-0b60ac375a39@group-1BBC237B5611-LeaderElection14-1] INFO  server.GrpcServerProtocolClient (GrpcServerProtocolClient.java:<init>(65)) - Build channel for a52b3d00-e6b2-4875-97ef-1383dbbdd16b
2023-12-01 12:04:36,675 [d61ce6df-bfa3-4031-bef1-0b60ac375a39@group-1BBC237B5611-LeaderElection14-2] INFO  server.GrpcServerProtocolClient (GrpcServerProtocolClient.java:<init>(65)) - Build channel for bece060d-3fe8-48fd-a57c-c67080073878
2023-12-01 12:04:36,675 [d61ce6df-bfa3-4031-bef1-0b60ac375a39@group-1BBC237B5611-LeaderElection14] INFO  server.RaftServerConfigKeys (ConfUtils.java:logFallback(53)) - raft.server.rpc.first-election.timeout.min = 5s (fallback to raft.server.rpc.timeout.min)
2023-12-01 12:04:36,676 [d61ce6df-bfa3-4031-bef1-0b60ac375a39@group-1BBC237B5611-LeaderElection14] INFO  server.RaftServerConfigKeys (ConfUtils.java:logFallback(53)) - raft.server.rpc.first-election.timeout.max = 5200ms (fallback to raft.server.rpc.timeout.max)
2023-12-01 12:04:36,677 [bece060d-3fe8-48fd-a57c-c67080073878@group-1BBC237B5611-FollowerState] INFO  impl.FollowerState (FollowerState.java:run(143)) - bece060d-3fe8-48fd-a57c-c67080073878@group-1BBC237B5611-FollowerState: change to CANDIDATE, lastRpcElapsedTime:5031444845ns, electionTimeout:5031ms
2023-12-01 12:04:36,677 [bece060d-3fe8-48fd-a57c-c67080073878@group-1BBC237B5611-FollowerState] INFO  impl.RoleInfo (RoleInfo.java:shutdownFollowerState(110)) - bece060d-3fe8-48fd-a57c-c67080073878: shutdown bece060d-3fe8-48fd-a57c-c67080073878@group-1BBC237B5611-FollowerState
2023-12-01 12:04:36,677 [bece060d-3fe8-48fd-a57c-c67080073878@group-1BBC237B5611-FollowerState] INFO  server.RaftServer$Division (RaftServerImpl.java:setRole(379)) - bece060d-3fe8-48fd-a57c-c67080073878@group-1BBC237B5611: changes role from  FOLLOWER to CANDIDATE at term 0 for changeToCandidate
2023-12-01 12:04:36,677 [bece060d-3fe8-48fd-a57c-c67080073878@group-1BBC237B5611-FollowerState] INFO  server.RaftServerConfigKeys (ConfUtils.java:logGet(46)) - raft.server.leaderelection.pre-vote = true (default)
2023-12-01 12:04:36,677 [bece060d-3fe8-48fd-a57c-c67080073878@group-1BBC237B5611-FollowerState] INFO  impl.RoleInfo (RoleInfo.java:updateAndGet(139)) - bece060d-3fe8-48fd-a57c-c67080073878: start bece060d-3fe8-48fd-a57c-c67080073878@group-1BBC237B5611-LeaderElection15
2023-12-01 12:04:36,680 [bece060d-3fe8-48fd-a57c-c67080073878@group-1BBC237B5611-LeaderElection15] INFO  impl.LeaderElection (LeaderElection.java:askForVotes(323)) - bece060d-3fe8-48fd-a57c-c67080073878@group-1BBC237B5611-LeaderElection15 PRE_VOTE round 0: submit vote requests at term 0 for -1: peers:[a52b3d00-e6b2-4875-97ef-1383dbbdd16b|10.1.0.24:15076, bece060d-3fe8-48fd-a57c-c67080073878|10.1.0.24:15094, d61ce6df-bfa3-4031-bef1-0b60ac375a39|10.1.0.24:15085]|listeners:[], old=null
2023-12-01 12:04:36,680 [bece060d-3fe8-48fd-a57c-c67080073878@group-1BBC237B5611-LeaderElection15-1] INFO  server.GrpcServerProtocolClient (GrpcServerProtocolClient.java:<init>(65)) - Build channel for a52b3d00-e6b2-4875-97ef-1383dbbdd16b
2023-12-01 12:04:36,682 [grpc-default-executor-0] INFO  server.RaftServer$Division (RaftServerImpl.java:requestVote(1377)) - bece060d-3fe8-48fd-a57c-c67080073878@group-1BBC237B5611: receive requestVote(PRE_VOTE, d61ce6df-bfa3-4031-bef1-0b60ac375a39, group-1BBC237B5611, 0, (t:0, i:0))
2023-12-01 12:04:36,682 [grpc-default-executor-0] INFO  impl.VoteContext (VoteContext.java:log(49)) - bece060d-3fe8-48fd-a57c-c67080073878@group-1BBC237B5611-CANDIDATE: reject PRE_VOTE from d61ce6df-bfa3-4031-bef1-0b60ac375a39: our priority 1 > candidate's priority 0
2023-12-01 12:04:36,682 [grpc-default-executor-0] INFO  server.RaftServer$Division (RaftServerImpl.java:requestVote(1410)) - bece060d-3fe8-48fd-a57c-c67080073878@group-1BBC237B5611 replies to PRE_VOTE vote request: d61ce6df-bfa3-4031-bef1-0b60ac375a39<-bece060d-3fe8-48fd-a57c-c67080073878#0:FAIL-t0. Peer's state: bece060d-3fe8-48fd-a57c-c67080073878@group-1BBC237B5611:t0, leader=null, voted=, raftlog=Memoized:bece060d-3fe8-48fd-a57c-c67080073878@group-1BBC237B5611-SegmentedRaftLog:OPENED:c-1, conf=-1: peers:[a52b3d00-e6b2-4875-97ef-1383dbbdd16b|10.1.0.24:15076, bece060d-3fe8-48fd-a57c-c67080073878|10.1.0.24:15094, d61ce6df-bfa3-4031-bef1-0b60ac375a39|10.1.0.24:15085]|listeners:[], old=null
2023-12-01 12:04:36,682 [grpc-default-executor-1] INFO  server.RaftServer$Division (RaftServerImpl.java:requestVote(1377)) - a52b3d00-e6b2-4875-97ef-1383dbbdd16b@group-1BBC237B5611: receive requestVote(PRE_VOTE, d61ce6df-bfa3-4031-bef1-0b60ac375a39, group-1BBC237B5611, 0, (t:0, i:0))
2023-12-01 12:04:36,682 [grpc-default-executor-1] INFO  impl.VoteContext (VoteContext.java:log(49)) - a52b3d00-e6b2-4875-97ef-1383dbbdd16b@group-1BBC237B5611-FOLLOWER: accept PRE_VOTE from d61ce6df-bfa3-4031-bef1-0b60ac375a39: our priority 0 <= candidate's priority 0
2023-12-01 12:04:36,683 [grpc-default-executor-1] INFO  server.RaftServer$Division (RaftServerImpl.java:requestVote(1410)) - a52b3d00-e6b2-4875-97ef-1383dbbdd16b@group-1BBC237B5611 replies to PRE_VOTE vote request: d61ce6df-bfa3-4031-bef1-0b60ac375a39<-a52b3d00-e6b2-4875-97ef-1383dbbdd16b#0:OK-t0. Peer's state: a52b3d00-e6b2-4875-97ef-1383dbbdd16b@group-1BBC237B5611:t0, leader=null, voted=, raftlog=Memoized:a52b3d00-e6b2-4875-97ef-1383dbbdd16b@group-1BBC237B5611-SegmentedRaftLog:OPENED:c-1, conf=-1: peers:[a52b3d00-e6b2-4875-97ef-1383dbbdd16b|10.1.0.24:15076, bece060d-3fe8-48fd-a57c-c67080073878|10.1.0.24:15094, d61ce6df-bfa3-4031-bef1-0b60ac375a39|10.1.0.24:15085]|listeners:[], old=null
2023-12-01 12:04:36,684 [d61ce6df-bfa3-4031-bef1-0b60ac375a39@group-1BBC237B5611-LeaderElection14] INFO  impl.LeaderElection (LeaderElection.java:logAndReturn(89)) - d61ce6df-bfa3-4031-bef1-0b60ac375a39@group-1BBC237B5611-LeaderElection14: PRE_VOTE REJECTED received 1 response(s) and 0 exception(s):
2023-12-01 12:04:36,684 [bece060d-3fe8-48fd-a57c-c67080073878@group-1BBC237B5611-LeaderElection15-2] INFO  server.GrpcServerProtocolClient (GrpcServerProtocolClient.java:<init>(65)) - Build channel for d61ce6df-bfa3-4031-bef1-0b60ac375a39
2023-12-01 12:04:36,680 [bece060d-3fe8-48fd-a57c-c67080073878@group-1BBC237B5611-LeaderElection15] INFO  server.RaftServerConfigKeys (ConfUtils.java:logFallback(53)) - raft.server.rpc.first-election.timeout.min = 5s (fallback to raft.server.rpc.timeout.min)
2023-12-01 12:04:36,686 [bece060d-3fe8-48fd-a57c-c67080073878@group-1BBC237B5611-LeaderElection15] INFO  server.RaftServerConfigKeys (ConfUtils.java:logFallback(53)) - raft.server.rpc.first-election.timeout.max = 5200ms (fallback to raft.server.rpc.timeout.max)
2023-12-01 12:04:36,686 [a52b3d00-e6b2-4875-97ef-1383dbbdd16b@group-4341143E4683-FollowerState] INFO  impl.FollowerState (FollowerState.java:run(143)) - a52b3d00-e6b2-4875-97ef-1383dbbdd16b@group-4341143E4683-FollowerState: change to CANDIDATE, lastRpcElapsedTime:5080475705ns, electionTimeout:5078ms
2023-12-01 12:04:36,687 [a52b3d00-e6b2-4875-97ef-1383dbbdd16b@group-4341143E4683-FollowerState] INFO  impl.RoleInfo (RoleInfo.java:shutdownFollowerState(110)) - a52b3d00-e6b2-4875-97ef-1383dbbdd16b: shutdown a52b3d00-e6b2-4875-97ef-1383dbbdd16b@group-4341143E4683-FollowerState
2023-12-01 12:04:36,687 [a52b3d00-e6b2-4875-97ef-1383dbbdd16b@group-4341143E4683-FollowerState] INFO  server.RaftServer$Division (RaftServerImpl.java:setRole(379)) - a52b3d00-e6b2-4875-97ef-1383dbbdd16b@group-4341143E4683: changes role from  FOLLOWER to CANDIDATE at term 0 for changeToCandidate
2023-12-01 12:04:36,687 [a52b3d00-e6b2-4875-97ef-1383dbbdd16b@group-4341143E4683-FollowerState] INFO  server.RaftServerConfigKeys (ConfUtils.java:logGet(46)) - raft.server.leaderelection.pre-vote = true (default)
2023-12-01 12:04:36,687 [a52b3d00-e6b2-4875-97ef-1383dbbdd16b@group-4341143E4683-FollowerState] INFO  impl.RoleInfo (RoleInfo.java:updateAndGet(139)) - a52b3d00-e6b2-4875-97ef-1383dbbdd16b: start a52b3d00-e6b2-4875-97ef-1383dbbdd16b@group-4341143E4683-LeaderElection16
2023-12-01 12:04:36,684 [d61ce6df-bfa3-4031-bef1-0b60ac375a39@group-1BBC237B5611-LeaderElection14] INFO  impl.LeaderElection (LeaderElection.java:logAndReturn(93)) -   Response 0: d61ce6df-bfa3-4031-bef1-0b60ac375a39<-bece060d-3fe8-48fd-a57c-c67080073878#0:FAIL-t0
2023-12-01 12:04:36,687 [d61ce6df-bfa3-4031-bef1-0b60ac375a39@group-1BBC237B5611-LeaderElection14] INFO  impl.LeaderElection (LeaderElection.java:askForVotes(325)) - d61ce6df-bfa3-4031-bef1-0b60ac375a39@group-1BBC237B5611-LeaderElection14 PRE_VOTE round 0: result REJECTED
2023-12-01 12:04:36,687 [d61ce6df-bfa3-4031-bef1-0b60ac375a39@group-1BBC237B5611-LeaderElection14] INFO  server.RaftServer$Division (RaftServerImpl.java:setRole(379)) - d61ce6df-bfa3-4031-bef1-0b60ac375a39@group-1BBC237B5611: changes role from CANDIDATE to FOLLOWER at term 0 for REJECTED
2023-12-01 12:04:36,687 [d61ce6df-bfa3-4031-bef1-0b60ac375a39@group-1BBC237B5611-LeaderElection14] INFO  impl.RoleInfo (RoleInfo.java:shutdownLeaderElection(130)) - d61ce6df-bfa3-4031-bef1-0b60ac375a39: shutdown d61ce6df-bfa3-4031-bef1-0b60ac375a39@group-1BBC237B5611-LeaderElection14
2023-12-01 12:04:36,687 [d61ce6df-bfa3-4031-bef1-0b60ac375a39@group-1BBC237B5611-LeaderElection14] INFO  impl.RoleInfo (RoleInfo.java:updateAndGet(139)) - d61ce6df-bfa3-4031-bef1-0b60ac375a39: start d61ce6df-bfa3-4031-bef1-0b60ac375a39@group-1BBC237B5611-FollowerState
2023-12-01 12:04:36,688 [d61ce6df-bfa3-4031-bef1-0b60ac375a39@group-1BBC237B5611-LeaderElection14] INFO  server.RaftServer$Division (RaftServerImpl.java:setFirstElection(564)) - d61ce6df-bfa3-4031-bef1-0b60ac375a39@group-1BBC237B5611: set firstElectionSinceStartup to false for REJECTED
2023-12-01 12:04:36,691 [grpc-default-executor-1] INFO  server.RaftServer$Division (RaftServerImpl.java:requestVote(1377)) - a52b3d00-e6b2-4875-97ef-1383dbbdd16b@group-1BBC237B5611: receive requestVote(PRE_VOTE, bece060d-3fe8-48fd-a57c-c67080073878, group-1BBC237B5611, 0, (t:0, i:0))
2023-12-01 12:04:36,691 [grpc-default-executor-1] INFO  impl.VoteContext (VoteContext.java:log(49)) - a52b3d00-e6b2-4875-97ef-1383dbbdd16b@group-1BBC237B5611-FOLLOWER: accept PRE_VOTE from bece060d-3fe8-48fd-a57c-c67080073878: our priority 0 <= candidate's priority 1
2023-12-01 12:04:36,691 [grpc-default-executor-1] INFO  server.RaftServer$Division (RaftServerImpl.java:requestVote(1410)) - a52b3d00-e6b2-4875-97ef-1383dbbdd16b@group-1BBC237B5611 replies to PRE_VOTE vote request: bece060d-3fe8-48fd-a57c-c67080073878<-a52b3d00-e6b2-4875-97ef-1383dbbdd16b#0:OK-t0. Peer's state: a52b3d00-e6b2-4875-97ef-1383dbbdd16b@group-1BBC237B5611:t0, leader=null, voted=, raftlog=Memoized:a52b3d00-e6b2-4875-97ef-1383dbbdd16b@group-1BBC237B5611-SegmentedRaftLog:OPENED:c-1, conf=-1: peers:[a52b3d00-e6b2-4875-97ef-1383dbbdd16b|10.1.0.24:15076, bece060d-3fe8-48fd-a57c-c67080073878|10.1.0.24:15094, d61ce6df-bfa3-4031-bef1-0b60ac375a39|10.1.0.24:15085]|listeners:[], old=null
2023-12-01 12:04:36,691 [a52b3d00-e6b2-4875-97ef-1383dbbdd16b@group-4341143E4683-LeaderElection16] INFO  impl.LeaderElection (LeaderElection.java:askForVotes(323)) - a52b3d00-e6b2-4875-97ef-1383dbbdd16b@group-4341143E4683-LeaderElection16 PRE_VOTE round 0: submit vote requests at term 0 for -1: peers:[a52b3d00-e6b2-4875-97ef-1383dbbdd16b|10.1.0.24:15076]|listeners:[], old=null
2023-12-01 12:04:36,691 [a52b3d00-e6b2-4875-97ef-1383dbbdd16b@group-4341143E4683-LeaderElection16] INFO  impl.LeaderElection (LeaderElection.java:askForVotes(325)) - a52b3d00-e6b2-4875-97ef-1383dbbdd16b@group-4341143E4683-LeaderElection16 PRE_VOTE round 0: result PASSED (term=0)
2023-12-01 12:04:36,692 [grpc-default-executor-1] INFO  server.RaftServer$Division (RaftServerImpl.java:requestVote(1377)) - d61ce6df-bfa3-4031-bef1-0b60ac375a39@group-1BBC237B5611: receive requestVote(PRE_VOTE, bece060d-3fe8-48fd-a57c-c67080073878, group-1BBC237B5611, 0, (t:0, i:0))
2023-12-01 12:04:36,692 [grpc-default-executor-1] INFO  impl.VoteContext (VoteContext.java:log(49)) - d61ce6df-bfa3-4031-bef1-0b60ac375a39@group-1BBC237B5611-FOLLOWER: accept PRE_VOTE from bece060d-3fe8-48fd-a57c-c67080073878: our priority 0 <= candidate's priority 1
2023-12-01 12:04:36,692 [grpc-default-executor-1] INFO  server.RaftServer$Division (RaftServerImpl.java:requestVote(1410)) - d61ce6df-bfa3-4031-bef1-0b60ac375a39@group-1BBC237B5611 replies to PRE_VOTE vote request: bece060d-3fe8-48fd-a57c-c67080073878<-d61ce6df-bfa3-4031-bef1-0b60ac375a39#0:OK-t0. Peer's state: d61ce6df-bfa3-4031-bef1-0b60ac375a39@group-1BBC237B5611:t0, leader=null, voted=, raftlog=Memoized:d61ce6df-bfa3-4031-bef1-0b60ac375a39@group-1BBC237B5611-SegmentedRaftLog:OPENED:c-1, conf=-1: peers:[a52b3d00-e6b2-4875-97ef-1383dbbdd16b|10.1.0.24:15076, bece060d-3fe8-48fd-a57c-c67080073878|10.1.0.24:15094, d61ce6df-bfa3-4031-bef1-0b60ac375a39|10.1.0.24:15085]|listeners:[], old=null
2023-12-01 12:04:36,693 [a52b3d00-e6b2-4875-97ef-1383dbbdd16b@group-4341143E4683-LeaderElection16] INFO  impl.LeaderElection (LeaderElection.java:askForVotes(323)) - a52b3d00-e6b2-4875-97ef-1383dbbdd16b@group-4341143E4683-LeaderElection16 ELECTION round 0: submit vote requests at term 1 for -1: peers:[a52b3d00-e6b2-4875-97ef-1383dbbdd16b|10.1.0.24:15076]|listeners:[], old=null
2023-12-01 12:04:36,693 [a52b3d00-e6b2-4875-97ef-1383dbbdd16b@group-4341143E4683-LeaderElection16] INFO  impl.LeaderElection (LeaderElection.java:askForVotes(325)) - a52b3d00-e6b2-4875-97ef-1383dbbdd16b@group-4341143E4683-LeaderElection16 ELECTION round 0: result PASSED (term=1)
2023-12-01 12:04:36,693 [a52b3d00-e6b2-4875-97ef-1383dbbdd16b@group-4341143E4683-LeaderElection16] INFO  impl.RoleInfo (RoleInfo.java:shutdownLeaderElection(130)) - a52b3d00-e6b2-4875-97ef-1383dbbdd16b: shutdown a52b3d00-e6b2-4875-97ef-1383dbbdd16b@group-4341143E4683-LeaderElection16
2023-12-01 12:04:36,693 [a52b3d00-e6b2-4875-97ef-1383dbbdd16b@group-4341143E4683-LeaderElection16] INFO  server.RaftServer$Division (RaftServerImpl.java:setRole(379)) - a52b3d00-e6b2-4875-97ef-1383dbbdd16b@group-4341143E4683: changes role from CANDIDATE to LEADER at term 1 for changeToLeader
2023-12-01 12:04:36,693 [a52b3d00-e6b2-4875-97ef-1383dbbdd16b@group-4341143E4683-LeaderElection16] INFO  server.RaftServerConfigKeys (ConfUtils.java:logGet(46)) - raft.server.staging.catchup.gap = 1000 (default)
2023-12-01 12:04:36,693 [a52b3d00-e6b2-4875-97ef-1383dbbdd16b@group-4341143E4683-LeaderElection16] INFO  server.RaftServerConfigKeys (ConfUtils.java:logGet(46)) - raft.server.write.element-limit = 1024 (custom)
2023-12-01 12:04:36,694 [a52b3d00-e6b2-4875-97ef-1383dbbdd16b@group-4341143E4683-LeaderElection16] INFO  server.RaftServerConfigKeys (ConfUtils.java:logGet(46)) - raft.server.write.byte-limit = 1024 M (=1073741824) (custom)
2023-12-01 12:04:36,694 [bece060d-3fe8-48fd-a57c-c67080073878@group-1BBC237B5611-LeaderElection15] INFO  impl.LeaderElection (LeaderElection.java:logAndReturn(89)) - bece060d-3fe8-48fd-a57c-c67080073878@group-1BBC237B5611-LeaderElection15: PRE_VOTE PASSED received 1 response(s) and 0 exception(s):
2023-12-01 12:04:36,694 [bece060d-3fe8-48fd-a57c-c67080073878@group-1BBC237B5611-LeaderElection15] INFO  impl.LeaderElection (LeaderElection.java:logAndReturn(93)) -   Response 0: bece060d-3fe8-48fd-a57c-c67080073878<-a52b3d00-e6b2-4875-97ef-1383dbbdd16b#0:OK-t0
2023-12-01 12:04:36,694 [a52b3d00-e6b2-4875-97ef-1383dbbdd16b@group-4341143E4683-LeaderElection16] INFO  server.RaftServerConfigKeys (ConfUtils.java:logGet(46)) - raft.server.watch.timeout = 180s (custom)
2023-12-01 12:04:36,694 [bece060d-3fe8-48fd-a57c-c67080073878@group-1BBC237B5611-LeaderElection15] INFO  impl.LeaderElection (LeaderElection.java:askForVotes(325)) - bece060d-3fe8-48fd-a57c-c67080073878@group-1BBC237B5611-LeaderElection15 PRE_VOTE round 0: result PASSED
2023-12-01 12:04:36,694 [a52b3d00-e6b2-4875-97ef-1383dbbdd16b@group-4341143E4683-LeaderElection16] INFO  server.RaftServerConfigKeys (ConfUtils.java:logGet(46)) - raft.server.watch.timeout.denomination = 1s (default)
2023-12-01 12:04:36,694 [a52b3d00-e6b2-4875-97ef-1383dbbdd16b@group-4341143E4683-LeaderElection16] INFO  server.RaftServerConfigKeys (ConfUtils.java:logGet(46)) - raft.server.watch.element-limit = 65536 (default)
2023-12-01 12:04:36,694 [a52b3d00-e6b2-4875-97ef-1383dbbdd16b@group-4341143E4683-LeaderElection16] INFO  server.RaftServerConfigKeys (ConfUtils.java:logGet(46)) - raft.server.read.leader.lease.enabled = false (default)
2023-12-01 12:04:36,694 [a52b3d00-e6b2-4875-97ef-1383dbbdd16b@group-4341143E4683-LeaderElection16] INFO  server.RaftServerConfigKeys (ConfUtils.java:logGet(46)) - raft.server.read.leader.lease.timeout.ratio = 0.9 (default)
2023-12-01 12:04:36,694 [a52b3d00-e6b2-4875-97ef-1383dbbdd16b@group-4341143E4683-LeaderElection16] INFO  server.RaftServerConfigKeys (ConfUtils.java:logGet(46)) - raft.server.rpc.timeout.min = 5s (custom)
2023-12-01 12:04:36,694 [a52b3d00-e6b2-4875-97ef-1383dbbdd16b@group-4341143E4683-LeaderElection16] INFO  server.RaftServerConfigKeys (ConfUtils.java:logGet(46)) - raft.server.write.element-limit = 1024 (custom)
2023-12-01 12:04:36,694 [a52b3d00-e6b2-4875-97ef-1383dbbdd16b@group-4341143E4683-LeaderElection16] INFO  server.RaftServerConfigKeys (ConfUtils.java:logGet(46)) - raft.server.write.follower.gap.ratio.max = -1.0 (default)
2023-12-01 12:04:36,694 [a52b3d00-e6b2-4875-97ef-1383dbbdd16b@group-4341143E4683-LeaderElection16] INFO  impl.RoleInfo (RoleInfo.java:updateAndGet(139)) - a52b3d00-e6b2-4875-97ef-1383dbbdd16b: start a52b3d00-e6b2-4875-97ef-1383dbbdd16b@group-4341143E4683-LeaderStateImpl
2023-12-01 12:04:36,694 [a52b3d00-e6b2-4875-97ef-1383dbbdd16b@group-4341143E4683-LeaderElection16] INFO  server.RaftServer$Division (RaftServerImpl.java:setFirstElection(564)) - a52b3d00-e6b2-4875-97ef-1383dbbdd16b@group-4341143E4683: set firstElectionSinceStartup to false for becomeLeader
2023-12-01 12:04:36,694 [a52b3d00-e6b2-4875-97ef-1383dbbdd16b@group-4341143E4683-LeaderElection16] INFO  ratis.XceiverServerRatis (XceiverServerRatis.java:handleLeaderChangedNotification(912)) - Leader change notification received for group: group-4341143E4683 with new leaderId: a52b3d00-e6b2-4875-97ef-1383dbbdd16b
2023-12-01 12:04:36,695 [a52b3d00-e6b2-4875-97ef-1383dbbdd16b@group-4341143E4683-LeaderElection16] INFO  server.RaftServer$Division (ServerState.java:setLeader(265)) - a52b3d00-e6b2-4875-97ef-1383dbbdd16b@group-4341143E4683: change Leader from null to a52b3d00-e6b2-4875-97ef-1383dbbdd16b at term 1 for becomeLeader, leader elected after 5100ms
2023-12-01 12:04:36,695 [a52b3d00-e6b2-4875-97ef-1383dbbdd16b@group-4341143E4683-LeaderElection16] INFO  segmented.SegmentedRaftLogWorker (SegmentedRaftLogWorker.java:startLogSegment(428)) - a52b3d00-e6b2-4875-97ef-1383dbbdd16b@group-4341143E4683-SegmentedRaftLogWorker: Starting segment from index:0
2023-12-01 12:04:36,695 [bece060d-3fe8-48fd-a57c-c67080073878@group-1BBC237B5611-LeaderElection15] INFO  impl.LeaderElection (LeaderElection.java:askForVotes(323)) - bece060d-3fe8-48fd-a57c-c67080073878@group-1BBC237B5611-LeaderElection15 ELECTION round 0: submit vote requests at term 1 for -1: peers:[a52b3d00-e6b2-4875-97ef-1383dbbdd16b|10.1.0.24:15076, bece060d-3fe8-48fd-a57c-c67080073878|10.1.0.24:15094, d61ce6df-bfa3-4031-bef1-0b60ac375a39|10.1.0.24:15085]|listeners:[], old=null
2023-12-01 12:04:36,697 [EventQueue-OpenPipelineForHealthyPipelineSafeModeRule] INFO  safemode.SCMSafeModeManager (HealthyPipelineSafeModeRule.java:process(137)) - SCM in safe mode. Healthy pipelines reported count is 0, required healthy pipeline reported count is 1
2023-12-01 12:04:36,700 [a52b3d00-e6b2-4875-97ef-1383dbbdd16b@group-4341143E4683-LeaderElection16] INFO  server.RaftServer$Division (ServerState.java:setRaftConf(382)) - a52b3d00-e6b2-4875-97ef-1383dbbdd16b@group-4341143E4683: set configuration 0: peers:[a52b3d00-e6b2-4875-97ef-1383dbbdd16b|10.1.0.24:15076]|listeners:[], old=null
2023-12-01 12:04:36,700 [bece060d-3fe8-48fd-a57c-c67080073878@group-1BBC237B5611-LeaderElection15] INFO  server.RaftServerConfigKeys (ConfUtils.java:logFallback(53)) - raft.server.rpc.first-election.timeout.min = 5s (fallback to raft.server.rpc.timeout.min)
2023-12-01 12:04:36,700 [bece060d-3fe8-48fd-a57c-c67080073878@group-1BBC237B5611-LeaderElection15] INFO  server.RaftServerConfigKeys (ConfUtils.java:logFallback(53)) - raft.server.rpc.first-election.timeout.max = 5200ms (fallback to raft.server.rpc.timeout.max)
2023-12-01 12:04:36,702 [grpc-default-executor-1] INFO  server.RaftServer$Division (RaftServerImpl.java:requestVote(1377)) - d61ce6df-bfa3-4031-bef1-0b60ac375a39@group-1BBC237B5611: receive requestVote(ELECTION, bece060d-3fe8-48fd-a57c-c67080073878, group-1BBC237B5611, 1, (t:0, i:0))
2023-12-01 12:04:36,702 [grpc-default-executor-0] INFO  server.RaftServer$Division (RaftServerImpl.java:requestVote(1377)) - a52b3d00-e6b2-4875-97ef-1383dbbdd16b@group-1BBC237B5611: receive requestVote(ELECTION, bece060d-3fe8-48fd-a57c-c67080073878, group-1BBC237B5611, 1, (t:0, i:0))
2023-12-01 12:04:36,703 [a52b3d00-e6b2-4875-97ef-1383dbbdd16b@group-4341143E4683-SegmentedRaftLogWorker] INFO  segmented.SegmentedRaftLogWorker (SegmentedRaftLogWorker.java:execute(632)) - a52b3d00-e6b2-4875-97ef-1383dbbdd16b@group-4341143E4683-SegmentedRaftLogWorker: created new log segment /home/runner/work/ozone/ozone/hadoop-ozone/integration-test/target/test-dir/MiniOzoneClusterImpl-6e44b040-7731-4908-af37-66cbba4f501b/datanode-0/data/ratis/ea98f026-8e19-4958-9d58-4341143e4683/current/log_inprogress_0
2023-12-01 12:04:36,703 [grpc-default-executor-0] INFO  impl.VoteContext (VoteContext.java:log(49)) - a52b3d00-e6b2-4875-97ef-1383dbbdd16b@group-1BBC237B5611-FOLLOWER: accept ELECTION from bece060d-3fe8-48fd-a57c-c67080073878: our priority 0 <= candidate's priority 1
2023-12-01 12:04:36,703 [grpc-default-executor-0] INFO  server.RaftServer$Division (RaftServerImpl.java:setRole(379)) - a52b3d00-e6b2-4875-97ef-1383dbbdd16b@group-1BBC237B5611: changes role from  FOLLOWER to FOLLOWER at term 1 for candidate:bece060d-3fe8-48fd-a57c-c67080073878
2023-12-01 12:04:36,703 [grpc-default-executor-0] INFO  impl.RoleInfo (RoleInfo.java:shutdownFollowerState(110)) - a52b3d00-e6b2-4875-97ef-1383dbbdd16b: shutdown a52b3d00-e6b2-4875-97ef-1383dbbdd16b@group-1BBC237B5611-FollowerState
2023-12-01 12:04:36,703 [grpc-default-executor-0] INFO  impl.RoleInfo (RoleInfo.java:updateAndGet(139)) - a52b3d00-e6b2-4875-97ef-1383dbbdd16b: start a52b3d00-e6b2-4875-97ef-1383dbbdd16b@group-1BBC237B5611-FollowerState
2023-12-01 12:04:36,703 [a52b3d00-e6b2-4875-97ef-1383dbbdd16b@group-1BBC237B5611-FollowerState] INFO  impl.FollowerState (FollowerState.java:run(152)) - a52b3d00-e6b2-4875-97ef-1383dbbdd16b@group-1BBC237B5611-FollowerState was interrupted
2023-12-01 12:04:36,703 [grpc-default-executor-0] INFO  server.RaftServer$Division (RaftServerImpl.java:setFirstElection(564)) - a52b3d00-e6b2-4875-97ef-1383dbbdd16b@group-1BBC237B5611: set firstElectionSinceStartup to false for candidate:bece060d-3fe8-48fd-a57c-c67080073878
2023-12-01 12:04:36,703 [grpc-default-executor-1] INFO  impl.VoteContext (VoteContext.java:log(49)) - d61ce6df-bfa3-4031-bef1-0b60ac375a39@group-1BBC237B5611-FOLLOWER: accept ELECTION from bece060d-3fe8-48fd-a57c-c67080073878: our priority 0 <= candidate's priority 1
2023-12-01 12:04:36,704 [grpc-default-executor-1] INFO  server.RaftServer$Division (RaftServerImpl.java:setRole(379)) - d61ce6df-bfa3-4031-bef1-0b60ac375a39@group-1BBC237B5611: changes role from  FOLLOWER to FOLLOWER at term 1 for candidate:bece060d-3fe8-48fd-a57c-c67080073878
2023-12-01 12:04:36,704 [grpc-default-executor-1] INFO  impl.RoleInfo (RoleInfo.java:shutdownFollowerState(110)) - d61ce6df-bfa3-4031-bef1-0b60ac375a39: shutdown d61ce6df-bfa3-4031-bef1-0b60ac375a39@group-1BBC237B5611-FollowerState
2023-12-01 12:04:36,705 [grpc-default-executor-1] INFO  impl.RoleInfo (RoleInfo.java:updateAndGet(139)) - d61ce6df-bfa3-4031-bef1-0b60ac375a39: start d61ce6df-bfa3-4031-bef1-0b60ac375a39@group-1BBC237B5611-FollowerState
2023-12-01 12:04:36,705 [d61ce6df-bfa3-4031-bef1-0b60ac375a39@group-1BBC237B5611-FollowerState] INFO  impl.FollowerState (FollowerState.java:run(152)) - d61ce6df-bfa3-4031-bef1-0b60ac375a39@group-1BBC237B5611-FollowerState was interrupted
2023-12-01 12:04:36,708 [grpc-default-executor-0] INFO  server.RaftServer$Division (RaftServerImpl.java:requestVote(1410)) - a52b3d00-e6b2-4875-97ef-1383dbbdd16b@group-1BBC237B5611 replies to ELECTION vote request: bece060d-3fe8-48fd-a57c-c67080073878<-a52b3d00-e6b2-4875-97ef-1383dbbdd16b#0:OK-t1. Peer's state: a52b3d00-e6b2-4875-97ef-1383dbbdd16b@group-1BBC237B5611:t1, leader=null, voted=bece060d-3fe8-48fd-a57c-c67080073878, raftlog=Memoized:a52b3d00-e6b2-4875-97ef-1383dbbdd16b@group-1BBC237B5611-SegmentedRaftLog:OPENED:c-1, conf=-1: peers:[a52b3d00-e6b2-4875-97ef-1383dbbdd16b|10.1.0.24:15076, bece060d-3fe8-48fd-a57c-c67080073878|10.1.0.24:15094, d61ce6df-bfa3-4031-bef1-0b60ac375a39|10.1.0.24:15085]|listeners:[], old=null
2023-12-01 12:04:36,708 [a52b3d00-e6b2-4875-97ef-1383dbbdd16b@group-4341143E4683-StateMachineUpdater] INFO  server.RaftServer$Division (LeaderStateImpl.java:isApplied(316)) - leader is ready since appliedIndex == 0 >= startIndex == 0
2023-12-01 12:04:36,711 [bece060d-3fe8-48fd-a57c-c67080073878@group-1BBC237B5611-LeaderElection15] INFO  impl.LeaderElection (LeaderElection.java:logAndReturn(89)) - bece060d-3fe8-48fd-a57c-c67080073878@group-1BBC237B5611-LeaderElection15: ELECTION PASSED received 1 response(s) and 0 exception(s):
2023-12-01 12:04:36,711 [grpc-default-executor-1] INFO  server.RaftServer$Division (RaftServerImpl.java:requestVote(1410)) - d61ce6df-bfa3-4031-bef1-0b60ac375a39@group-1BBC237B5611 replies to ELECTION vote request: bece060d-3fe8-48fd-a57c-c67080073878<-d61ce6df-bfa3-4031-bef1-0b60ac375a39#0:OK-t1. Peer's state: d61ce6df-bfa3-4031-bef1-0b60ac375a39@group-1BBC237B5611:t1, leader=null, voted=bece060d-3fe8-48fd-a57c-c67080073878, raftlog=Memoized:d61ce6df-bfa3-4031-bef1-0b60ac375a39@group-1BBC237B5611-SegmentedRaftLog:OPENED:c-1, conf=-1: peers:[a52b3d00-e6b2-4875-97ef-1383dbbdd16b|10.1.0.24:15076, bece060d-3fe8-48fd-a57c-c67080073878|10.1.0.24:15094, d61ce6df-bfa3-4031-bef1-0b60ac375a39|10.1.0.24:15085]|listeners:[], old=null
2023-12-01 12:04:36,711 [bece060d-3fe8-48fd-a57c-c67080073878@group-1BBC237B5611-LeaderElection15] INFO  impl.LeaderElection (LeaderElection.java:logAndReturn(93)) -   Response 0: bece060d-3fe8-48fd-a57c-c67080073878<-a52b3d00-e6b2-4875-97ef-1383dbbdd16b#0:OK-t1
2023-12-01 12:04:36,711 [bece060d-3fe8-48fd-a57c-c67080073878@group-1BBC237B5611-LeaderElection15] INFO  impl.LeaderElection (LeaderElection.java:askForVotes(325)) - bece060d-3fe8-48fd-a57c-c67080073878@group-1BBC237B5611-LeaderElection15 ELECTION round 0: result PASSED
2023-12-01 12:04:36,711 [bece060d-3fe8-48fd-a57c-c67080073878@group-1BBC237B5611-LeaderElection15] INFO  impl.RoleInfo (RoleInfo.java:shutdownLeaderElection(130)) - bece060d-3fe8-48fd-a57c-c67080073878: shutdown bece060d-3fe8-48fd-a57c-c67080073878@group-1BBC237B5611-LeaderElection15
2023-12-01 12:04:36,711 [bece060d-3fe8-48fd-a57c-c67080073878@group-1BBC237B5611-LeaderElection15] INFO  server.RaftServer$Division (RaftServerImpl.java:setRole(379)) - bece060d-3fe8-48fd-a57c-c67080073878@group-1BBC237B5611: changes role from CANDIDATE to LEADER at term 1 for changeToLeader
2023-12-01 12:04:36,711 [bece060d-3fe8-48fd-a57c-c67080073878@group-1BBC237B5611-LeaderElection15] INFO  server.RaftServerConfigKeys (ConfUtils.java:logGet(46)) - raft.server.staging.catchup.gap = 1000 (default)
2023-12-01 12:04:36,712 [bece060d-3fe8-48fd-a57c-c67080073878@group-1BBC237B5611-LeaderElection15] INFO  server.RaftServerConfigKeys (ConfUtils.java:logGet(46)) - raft.server.write.element-limit = 1024 (custom)
2023-12-01 12:04:36,712 [bece060d-3fe8-48fd-a57c-c67080073878@group-1BBC237B5611-LeaderElection15] INFO  server.RaftServerConfigKeys (ConfUtils.java:logGet(46)) - raft.server.write.byte-limit = 1024 M (=1073741824) (custom)
2023-12-01 12:04:36,712 [bece060d-3fe8-48fd-a57c-c67080073878@group-1BBC237B5611-LeaderElection15] INFO  server.RaftServerConfigKeys (ConfUtils.java:logGet(46)) - raft.server.watch.timeout = 180s (custom)
2023-12-01 12:04:36,712 [bece060d-3fe8-48fd-a57c-c67080073878@group-1BBC237B5611-LeaderElection15] INFO  server.RaftServerConfigKeys (ConfUtils.java:logGet(46)) - raft.server.watch.timeout.denomination = 1s (default)
2023-12-01 12:04:36,712 [bece060d-3fe8-48fd-a57c-c67080073878@group-1BBC237B5611-LeaderElection15] INFO  server.RaftServerConfigKeys (ConfUtils.java:logGet(46)) - raft.server.watch.element-limit = 65536 (default)
2023-12-01 12:04:36,712 [bece060d-3fe8-48fd-a57c-c67080073878@group-1BBC237B5611-LeaderElection15] INFO  server.RaftServerConfigKeys (ConfUtils.java:logGet(46)) - raft.server.read.leader.lease.enabled = false (default)
2023-12-01 12:04:36,712 [bece060d-3fe8-48fd-a57c-c67080073878@group-1BBC237B5611-LeaderElection15] INFO  server.RaftServerConfigKeys (ConfUtils.java:logGet(46)) - raft.server.read.leader.lease.timeout.ratio = 0.9 (default)
2023-12-01 12:04:36,712 [bece060d-3fe8-48fd-a57c-c67080073878@group-1BBC237B5611-LeaderElection15] INFO  server.RaftServerConfigKeys (ConfUtils.java:logGet(46)) - raft.server.rpc.timeout.min = 5s (custom)
2023-12-01 12:04:36,712 [bece060d-3fe8-48fd-a57c-c67080073878@group-1BBC237B5611-LeaderElection15] INFO  server.RaftServerConfigKeys (ConfUtils.java:logGet(46)) - raft.server.write.element-limit = 1024 (custom)
2023-12-01 12:04:36,712 [bece060d-3fe8-48fd-a57c-c67080073878@group-1BBC237B5611-LeaderElection15] INFO  server.RaftServerConfigKeys (ConfUtils.java:logGet(46)) - raft.server.write.follower.gap.ratio.max = -1.0 (default)
2023-12-01 12:04:36,713 [bece060d-3fe8-48fd-a57c-c67080073878@group-1BBC237B5611-LeaderElection15] INFO  server.RaftServerConfigKeys (ConfUtils.java:logGet(46)) - raft.server.log.appender.snapshot.chunk.size.max = 16MB (=16777216) (default)
2023-12-01 12:04:36,713 [bece060d-3fe8-48fd-a57c-c67080073878@group-1BBC237B5611-LeaderElection15] INFO  server.RaftServerConfigKeys (ConfUtils.java:logGet(46)) - raft.server.log.appender.buffer.byte-limit = 33554432 (custom)
2023-12-01 12:04:36,713 [bece060d-3fe8-48fd-a57c-c67080073878@group-1BBC237B5611-LeaderElection15] INFO  server.RaftServerConfigKeys (ConfUtils.java:logGet(46)) - raft.server.log.appender.buffer.element-limit = 1 (custom)
2023-12-01 12:04:36,713 [bece060d-3fe8-48fd-a57c-c67080073878@group-1BBC237B5611-LeaderElection15] INFO  server.RaftServerConfigKeys (ConfUtils.java:logGet(46)) - raft.server.log.appender.wait-time.min = 1ms (default)
2023-12-01 12:04:36,713 [bece060d-3fe8-48fd-a57c-c67080073878@group-1BBC237B5611-LeaderElection15] INFO  grpc.GrpcConfigKeys (ConfUtils.java:logGet(46)) - raft.grpc.server.leader.outstanding.appends.max = 8 (default)
2023-12-01 12:04:36,713 [bece060d-3fe8-48fd-a57c-c67080073878@group-1BBC237B5611-LeaderElection15] INFO  server.RaftServerConfigKeys (ConfUtils.java:logGet(46)) - raft.server.rpc.request.timeout = 60s (custom)
2023-12-01 12:04:36,713 [bece060d-3fe8-48fd-a57c-c67080073878@group-1BBC237B5611-LeaderElection15] INFO  grpc.GrpcConfigKeys (ConfUtils.java:logGet(46)) - raft.grpc.server.install_snapshot.request.element-limit = 8 (default)
2023-12-01 12:04:36,713 [bece060d-3fe8-48fd-a57c-c67080073878@group-1BBC237B5611-LeaderElection15] INFO  grpc.GrpcConfigKeys (ConfUtils.java:logGet(46)) - raft.grpc.server.install_snapshot.request.timeout = 3000ms (default)
2023-12-01 12:04:36,714 [bece060d-3fe8-48fd-a57c-c67080073878@group-1BBC237B5611-LeaderElection15] INFO  server.RaftServerConfigKeys (ConfUtils.java:logGet(46)) - raft.server.log.appender.install.snapshot.enabled = false (custom)
2023-12-01 12:04:36,714 [bece060d-3fe8-48fd-a57c-c67080073878@group-1BBC237B5611-LeaderElection15] INFO  grpc.GrpcConfigKeys (ConfUtils.java:logGet(46)) - raft.grpc.server.heartbeat.channel = true (default)
2023-12-01 12:04:36,714 [bece060d-3fe8-48fd-a57c-c67080073878@group-1BBC237B5611-LeaderElection15] INFO  server.RaftServerConfigKeys (ConfUtils.java:logGet(46)) - raft.server.log.appender.snapshot.chunk.size.max = 16MB (=16777216) (default)
2023-12-01 12:04:36,714 [bece060d-3fe8-48fd-a57c-c67080073878@group-1BBC237B5611-LeaderElection15] INFO  server.RaftServerConfigKeys (ConfUtils.java:logGet(46)) - raft.server.log.appender.buffer.byte-limit = 33554432 (custom)
2023-12-01 12:04:36,714 [bece060d-3fe8-48fd-a57c-c67080073878@group-1BBC237B5611-LeaderElection15] INFO  server.RaftServerConfigKeys (ConfUtils.java:logGet(46)) - raft.server.log.appender.buffer.element-limit = 1 (custom)
2023-12-01 12:04:36,714 [bece060d-3fe8-48fd-a57c-c67080073878@group-1BBC237B5611-LeaderElection15] INFO  server.RaftServerConfigKeys (ConfUtils.java:logGet(46)) - raft.server.log.appender.wait-time.min = 1ms (default)
2023-12-01 12:04:36,714 [bece060d-3fe8-48fd-a57c-c67080073878@group-1BBC237B5611-LeaderElection15] INFO  grpc.GrpcConfigKeys (ConfUtils.java:logGet(46)) - raft.grpc.server.leader.outstanding.appends.max = 8 (default)
2023-12-01 12:04:36,715 [bece060d-3fe8-48fd-a57c-c67080073878@group-1BBC237B5611-LeaderElection15] INFO  server.RaftServerConfigKeys (ConfUtils.java:logGet(46)) - raft.server.rpc.request.timeout = 60s (custom)
2023-12-01 12:04:36,715 [bece060d-3fe8-48fd-a57c-c67080073878@group-1BBC237B5611-LeaderElection15] INFO  grpc.GrpcConfigKeys (ConfUtils.java:logGet(46)) - raft.grpc.server.install_snapshot.request.element-limit = 8 (default)
2023-12-01 12:04:36,715 [bece060d-3fe8-48fd-a57c-c67080073878@group-1BBC237B5611-LeaderElection15] INFO  grpc.GrpcConfigKeys (ConfUtils.java:logGet(46)) - raft.grpc.server.install_snapshot.request.timeout = 3000ms (default)
2023-12-01 12:04:36,715 [bece060d-3fe8-48fd-a57c-c67080073878@group-1BBC237B5611-LeaderElection15] INFO  server.RaftServerConfigKeys (ConfUtils.java:logGet(46)) - raft.server.log.appender.install.snapshot.enabled = false (custom)
2023-12-01 12:04:36,715 [bece060d-3fe8-48fd-a57c-c67080073878@group-1BBC237B5611-LeaderElection15] INFO  grpc.GrpcConfigKeys (ConfUtils.java:logGet(46)) - raft.grpc.server.heartbeat.channel = true (default)
2023-12-01 12:04:36,715 [bece060d-3fe8-48fd-a57c-c67080073878@group-1BBC237B5611-LeaderElection15] INFO  impl.RoleInfo (RoleInfo.java:updateAndGet(139)) - bece060d-3fe8-48fd-a57c-c67080073878: start bece060d-3fe8-48fd-a57c-c67080073878@group-1BBC237B5611-LeaderStateImpl
2023-12-01 12:04:36,715 [bece060d-3fe8-48fd-a57c-c67080073878@group-1BBC237B5611-LeaderElection15] INFO  server.RaftServer$Division (RaftServerImpl.java:setFirstElection(564)) - bece060d-3fe8-48fd-a57c-c67080073878@group-1BBC237B5611: set firstElectionSinceStartup to false for becomeLeader
2023-12-01 12:04:36,715 [bece060d-3fe8-48fd-a57c-c67080073878@group-1BBC237B5611-LeaderElection15] INFO  ratis.XceiverServerRatis (XceiverServerRatis.java:handleLeaderChangedNotification(912)) - Leader change notification received for group: group-1BBC237B5611 with new leaderId: bece060d-3fe8-48fd-a57c-c67080073878
2023-12-01 12:04:36,716 [bece060d-3fe8-48fd-a57c-c67080073878@group-1BBC237B5611-LeaderElection15] INFO  server.RaftServer$Division (ServerState.java:setLeader(265)) - bece060d-3fe8-48fd-a57c-c67080073878@group-1BBC237B5611: change Leader from null to bece060d-3fe8-48fd-a57c-c67080073878 at term 1 for becomeLeader, leader elected after 5079ms
2023-12-01 12:04:36,716 [bece060d-3fe8-48fd-a57c-c67080073878@group-1BBC237B5611-LeaderElection15] INFO  segmented.SegmentedRaftLogWorker (SegmentedRaftLogWorker.java:startLogSegment(428)) - bece060d-3fe8-48fd-a57c-c67080073878@group-1BBC237B5611-SegmentedRaftLogWorker: Starting segment from index:0
2023-12-01 12:04:36,718 [EventQueue-PipelineReportForPipelineReportHandler] INFO  pipeline.PipelineReportHandler (PipelineReportHandler.java:processPipelineReport(136)) - Opened pipeline PipelineID=1604b372-a121-49be-a60c-1bbc237b5611
2023-12-01 12:04:36,719 [EventQueue-OpenPipelineForHealthyPipelineSafeModeRule] INFO  safemode.SCMSafeModeManager (HealthyPipelineSafeModeRule.java:process(137)) - SCM in safe mode. Healthy pipelines reported count is 1, required healthy pipeline reported count is 1
2023-12-01 12:04:36,719 [EventQueue-OpenPipelineForHealthyPipelineSafeModeRule] INFO  safemode.SCMSafeModeManager (SCMSafeModeManager.java:validateSafeModeExitRules(200)) - HealthyPipelineSafeModeRule rule is successfully validated
2023-12-01 12:04:36,719 [EventQueue-OpenPipelineForHealthyPipelineSafeModeRule] INFO  safemode.SCMSafeModeManager (SCMSafeModeManager.java:validateSafeModeExitRules(215)) - ScmSafeModeManager, all rules are successfully validated
2023-12-01 12:04:36,719 [EventQueue-OpenPipelineForHealthyPipelineSafeModeRule] INFO  safemode.SCMSafeModeManager (SCMSafeModeManager.java:exitSafeMode(244)) - SCM exiting safe mode.
2023-12-01 12:04:36,719 [EventQueue-OpenPipelineForHealthyPipelineSafeModeRule] INFO  ha.SCMContext (SCMContext.java:updateSafeModeStatus(230)) - Update SafeModeStatus from SafeModeStatus{safeModeStatus=true, preCheckPassed=true} to SafeModeStatus{safeModeStatus=false, preCheckPassed=true}.
2023-12-01 12:04:36,719 [EventQueue-OpenPipelineForHealthyPipelineSafeModeRule] INFO  pipeline.BackgroundPipelineCreator (BackgroundPipelineCreator.java:notifyStatusChanged(258)) - Service BackgroundPipelineCreator transitions to RUNNING.
2023-12-01 12:04:36,719 [EventQueue-OpenPipelineForHealthyPipelineSafeModeRule] INFO  BackgroundPipelineScrubber (BackgroundSCMService.java:notifyStatusChanged(82)) - Service BackgroundPipelineScrubber transitions to RUNNING.
2023-12-01 12:04:36,719 [EventQueue-OpenPipelineForHealthyPipelineSafeModeRule] INFO  ExpiredContainerReplicaOpScrubber (BackgroundSCMService.java:notifyStatusChanged(82)) - Service ExpiredContainerReplicaOpScrubber transitions to RUNNING.
2023-12-01 12:04:36,719 [EventQueue-OpenPipelineForHealthyPipelineSafeModeRule] INFO  replication.ReplicationManager (ReplicationManager.java:notifyStatusChanged(1370)) - Service ReplicationManager transitions to RUNNING.
2023-12-01 12:04:36,720 [EventQueue-OpenPipelineForHealthyPipelineSafeModeRule] WARN  balancer.ContainerBalancer (ContainerBalancer.java:shouldRun(134)) - Could not find persisted configuration for ContainerBalancer when checking if ContainerBalancer should run. ContainerBalancer should not run now.
2023-12-01 12:04:36,723 [bece060d-3fe8-48fd-a57c-c67080073878@group-1BBC237B5611-LeaderElection15] INFO  server.RaftServer$Division (ServerState.java:setRaftConf(382)) - bece060d-3fe8-48fd-a57c-c67080073878@group-1BBC237B5611: set configuration 0: peers:[a52b3d00-e6b2-4875-97ef-1383dbbdd16b|10.1.0.24:15076, bece060d-3fe8-48fd-a57c-c67080073878|10.1.0.24:15094, d61ce6df-bfa3-4031-bef1-0b60ac375a39|10.1.0.24:15085]|listeners:[], old=null
2023-12-01 12:04:36,725 [bece060d-3fe8-48fd-a57c-c67080073878@group-1BBC237B5611-SegmentedRaftLogWorker] INFO  segmented.SegmentedRaftLogWorker (SegmentedRaftLogWorker.java:execute(632)) - bece060d-3fe8-48fd-a57c-c67080073878@group-1BBC237B5611-SegmentedRaftLogWorker: created new log segment /home/runner/work/ozone/ozone/hadoop-ozone/integration-test/target/test-dir/MiniOzoneClusterImpl-6e44b040-7731-4908-af37-66cbba4f501b/datanode-2/data/ratis/1604b372-a121-49be-a60c-1bbc237b5611/current/log_inprogress_0
2023-12-01 12:04:36,732 [a52b3d00-e6b2-4875-97ef-1383dbbdd16b-server-thread2] INFO  ratis.XceiverServerRatis (XceiverServerRatis.java:handleLeaderChangedNotification(912)) - Leader change notification received for group: group-1BBC237B5611 with new leaderId: bece060d-3fe8-48fd-a57c-c67080073878
2023-12-01 12:04:36,733 [a52b3d00-e6b2-4875-97ef-1383dbbdd16b-server-thread2] INFO  server.RaftServer$Division (ServerState.java:setLeader(265)) - a52b3d00-e6b2-4875-97ef-1383dbbdd16b@group-1BBC237B5611: change Leader from null to bece060d-3fe8-48fd-a57c-c67080073878 at term 1 for appendEntries, leader elected after 5123ms
2023-12-01 12:04:36,737 [a52b3d00-e6b2-4875-97ef-1383dbbdd16b-server-thread2] INFO  server.RaftServer$Division (ServerState.java:setRaftConf(382)) - a52b3d00-e6b2-4875-97ef-1383dbbdd16b@group-1BBC237B5611: set configuration 0: peers:[a52b3d00-e6b2-4875-97ef-1383dbbdd16b|10.1.0.24:15076, bece060d-3fe8-48fd-a57c-c67080073878|10.1.0.24:15094, d61ce6df-bfa3-4031-bef1-0b60ac375a39|10.1.0.24:15085]|listeners:[], old=null
2023-12-01 12:04:36,738 [a52b3d00-e6b2-4875-97ef-1383dbbdd16b-server-thread2] INFO  segmented.SegmentedRaftLogWorker (SegmentedRaftLogWorker.java:startLogSegment(428)) - a52b3d00-e6b2-4875-97ef-1383dbbdd16b@group-1BBC237B5611-SegmentedRaftLogWorker: Starting segment from index:0
2023-12-01 12:04:36,742 [d61ce6df-bfa3-4031-bef1-0b60ac375a39-server-thread1] INFO  ratis.XceiverServerRatis (XceiverServerRatis.java:handleLeaderChangedNotification(912)) - Leader change notification received for group: group-1BBC237B5611 with new leaderId: bece060d-3fe8-48fd-a57c-c67080073878
2023-12-01 12:04:36,742 [d61ce6df-bfa3-4031-bef1-0b60ac375a39-server-thread1] INFO  server.RaftServer$Division (ServerState.java:setLeader(265)) - d61ce6df-bfa3-4031-bef1-0b60ac375a39@group-1BBC237B5611: change Leader from null to bece060d-3fe8-48fd-a57c-c67080073878 at term 1 for appendEntries, leader elected after 5081ms
2023-12-01 12:04:36,748 [d61ce6df-bfa3-4031-bef1-0b60ac375a39-server-thread2] INFO  server.RaftServer$Division (ServerState.java:setRaftConf(382)) - d61ce6df-bfa3-4031-bef1-0b60ac375a39@group-1BBC237B5611: set configuration 0: peers:[a52b3d00-e6b2-4875-97ef-1383dbbdd16b|10.1.0.24:15076, bece060d-3fe8-48fd-a57c-c67080073878|10.1.0.24:15094, d61ce6df-bfa3-4031-bef1-0b60ac375a39|10.1.0.24:15085]|listeners:[], old=null
2023-12-01 12:04:36,748 [d61ce6df-bfa3-4031-bef1-0b60ac375a39-server-thread2] INFO  segmented.SegmentedRaftLogWorker (SegmentedRaftLogWorker.java:startLogSegment(428)) - d61ce6df-bfa3-4031-bef1-0b60ac375a39@group-1BBC237B5611-SegmentedRaftLogWorker: Starting segment from index:0
2023-12-01 12:04:36,751 [a52b3d00-e6b2-4875-97ef-1383dbbdd16b@group-1BBC237B5611-SegmentedRaftLogWorker] INFO  segmented.SegmentedRaftLogWorker (SegmentedRaftLogWorker.java:execute(632)) - a52b3d00-e6b2-4875-97ef-1383dbbdd16b@group-1BBC237B5611-SegmentedRaftLogWorker: created new log segment /home/runner/work/ozone/ozone/hadoop-ozone/integration-test/target/test-dir/MiniOzoneClusterImpl-6e44b040-7731-4908-af37-66cbba4f501b/datanode-0/data/ratis/1604b372-a121-49be-a60c-1bbc237b5611/current/log_inprogress_0
2023-12-01 12:04:36,756 [d61ce6df-bfa3-4031-bef1-0b60ac375a39@group-1BBC237B5611-SegmentedRaftLogWorker] INFO  segmented.SegmentedRaftLogWorker (SegmentedRaftLogWorker.java:execute(632)) - d61ce6df-bfa3-4031-bef1-0b60ac375a39@group-1BBC237B5611-SegmentedRaftLogWorker: created new log segment /home/runner/work/ozone/ozone/hadoop-ozone/integration-test/target/test-dir/MiniOzoneClusterImpl-6e44b040-7731-4908-af37-66cbba4f501b/datanode-1/data/ratis/1604b372-a121-49be-a60c-1bbc237b5611/current/log_inprogress_0
2023-12-01 12:04:36,757 [bece060d-3fe8-48fd-a57c-c67080073878@group-1BBC237B5611-StateMachineUpdater] INFO  server.RaftServer$Division (LeaderStateImpl.java:isApplied(316)) - leader is ready since appliedIndex == 0 >= startIndex == 0
2023-12-01 12:04:36,792 [bece060d-3fe8-48fd-a57c-c67080073878@group-C65EFE1A7AAC-FollowerState] INFO  impl.FollowerState (FollowerState.java:run(143)) - bece060d-3fe8-48fd-a57c-c67080073878@group-C65EFE1A7AAC-FollowerState: change to CANDIDATE, lastRpcElapsedTime:5084481107ns, electionTimeout:5084ms
2023-12-01 12:04:36,792 [bece060d-3fe8-48fd-a57c-c67080073878@group-C65EFE1A7AAC-FollowerState] INFO  impl.RoleInfo (RoleInfo.java:shutdownFollowerState(110)) - bece060d-3fe8-48fd-a57c-c67080073878: shutdown bece060d-3fe8-48fd-a57c-c67080073878@group-C65EFE1A7AAC-FollowerState
2023-12-01 12:04:36,792 [bece060d-3fe8-48fd-a57c-c67080073878@group-C65EFE1A7AAC-FollowerState] INFO  server.RaftServer$Division (RaftServerImpl.java:setRole(379)) - bece060d-3fe8-48fd-a57c-c67080073878@group-C65EFE1A7AAC: changes role from  FOLLOWER to CANDIDATE at term 0 for changeToCandidate
2023-12-01 12:04:36,793 [bece060d-3fe8-48fd-a57c-c67080073878@group-C65EFE1A7AAC-FollowerState] INFO  server.RaftServerConfigKeys (ConfUtils.java:logGet(46)) - raft.server.leaderelection.pre-vote = true (default)
2023-12-01 12:04:36,793 [bece060d-3fe8-48fd-a57c-c67080073878@group-C65EFE1A7AAC-FollowerState] INFO  impl.RoleInfo (RoleInfo.java:updateAndGet(139)) - bece060d-3fe8-48fd-a57c-c67080073878: start bece060d-3fe8-48fd-a57c-c67080073878@group-C65EFE1A7AAC-LeaderElection17
2023-12-01 12:04:36,794 [bece060d-3fe8-48fd-a57c-c67080073878@group-C65EFE1A7AAC-LeaderElection17] INFO  impl.LeaderElection (LeaderElection.java:askForVotes(323)) - bece060d-3fe8-48fd-a57c-c67080073878@group-C65EFE1A7AAC-LeaderElection17 PRE_VOTE round 0: submit vote requests at term 0 for -1: peers:[a52b3d00-e6b2-4875-97ef-1383dbbdd16b|10.1.0.24:15076, bece060d-3fe8-48fd-a57c-c67080073878|10.1.0.24:15094, d61ce6df-bfa3-4031-bef1-0b60ac375a39|10.1.0.24:15085]|listeners:[], old=null
2023-12-01 12:04:36,795 [bece060d-3fe8-48fd-a57c-c67080073878@group-C65EFE1A7AAC-LeaderElection17] INFO  server.RaftServerConfigKeys (ConfUtils.java:logFallback(53)) - raft.server.rpc.first-election.timeout.min = 5s (fallback to raft.server.rpc.timeout.min)
2023-12-01 12:04:36,795 [bece060d-3fe8-48fd-a57c-c67080073878@group-C65EFE1A7AAC-LeaderElection17] INFO  server.RaftServerConfigKeys (ConfUtils.java:logFallback(53)) - raft.server.rpc.first-election.timeout.max = 5200ms (fallback to raft.server.rpc.timeout.max)
2023-12-01 12:04:36,796 [grpc-default-executor-4] INFO  server.RaftServer$Division (RaftServerImpl.java:requestVote(1377)) - a52b3d00-e6b2-4875-97ef-1383dbbdd16b@group-C65EFE1A7AAC: receive requestVote(PRE_VOTE, bece060d-3fe8-48fd-a57c-c67080073878, group-C65EFE1A7AAC, 0, (t:0, i:0))
2023-12-01 12:04:36,796 [grpc-default-executor-1] INFO  server.RaftServer$Division (RaftServerImpl.java:requestVote(1377)) - d61ce6df-bfa3-4031-bef1-0b60ac375a39@group-C65EFE1A7AAC: receive requestVote(PRE_VOTE, bece060d-3fe8-48fd-a57c-c67080073878, group-C65EFE1A7AAC, 0, (t:0, i:0))
2023-12-01 12:04:36,797 [grpc-default-executor-4] INFO  impl.VoteContext (VoteContext.java:log(49)) - a52b3d00-e6b2-4875-97ef-1383dbbdd16b@group-C65EFE1A7AAC-FOLLOWER: reject PRE_VOTE from bece060d-3fe8-48fd-a57c-c67080073878: our priority 1 > candidate's priority 0
2023-12-01 12:04:36,797 [grpc-default-executor-1] INFO  impl.VoteContext (VoteContext.java:log(49)) - d61ce6df-bfa3-4031-bef1-0b60ac375a39@group-C65EFE1A7AAC-FOLLOWER: accept PRE_VOTE from bece060d-3fe8-48fd-a57c-c67080073878: our priority 0 <= candidate's priority 0
2023-12-01 12:04:36,797 [grpc-default-executor-4] INFO  server.RaftServer$Division (RaftServerImpl.java:requestVote(1410)) - a52b3d00-e6b2-4875-97ef-1383dbbdd16b@group-C65EFE1A7AAC replies to PRE_VOTE vote request: bece060d-3fe8-48fd-a57c-c67080073878<-a52b3d00-e6b2-4875-97ef-1383dbbdd16b#0:FAIL-t0. Peer's state: a52b3d00-e6b2-4875-97ef-1383dbbdd16b@group-C65EFE1A7AAC:t0, leader=null, voted=, raftlog=Memoized:a52b3d00-e6b2-4875-97ef-1383dbbdd16b@group-C65EFE1A7AAC-SegmentedRaftLog:OPENED:c-1, conf=-1: peers:[a52b3d00-e6b2-4875-97ef-1383dbbdd16b|10.1.0.24:15076, bece060d-3fe8-48fd-a57c-c67080073878|10.1.0.24:15094, d61ce6df-bfa3-4031-bef1-0b60ac375a39|10.1.0.24:15085]|listeners:[], old=null
2023-12-01 12:04:36,797 [grpc-default-executor-1] INFO  server.RaftServer$Division (RaftServerImpl.java:requestVote(1410)) - d61ce6df-bfa3-4031-bef1-0b60ac375a39@group-C65EFE1A7AAC replies to PRE_VOTE vote request: bece060d-3fe8-48fd-a57c-c67080073878<-d61ce6df-bfa3-4031-bef1-0b60ac375a39#0:OK-t0. Peer's state: d61ce6df-bfa3-4031-bef1-0b60ac375a39@group-C65EFE1A7AAC:t0, leader=null, voted=, raftlog=Memoized:d61ce6df-bfa3-4031-bef1-0b60ac375a39@group-C65EFE1A7AAC-SegmentedRaftLog:OPENED:c-1, conf=-1: peers:[a52b3d00-e6b2-4875-97ef-1383dbbdd16b|10.1.0.24:15076, bece060d-3fe8-48fd-a57c-c67080073878|10.1.0.24:15094, d61ce6df-bfa3-4031-bef1-0b60ac375a39|10.1.0.24:15085]|listeners:[], old=null
2023-12-01 12:04:36,798 [bece060d-3fe8-48fd-a57c-c67080073878@group-C65EFE1A7AAC-LeaderElection17] INFO  impl.LeaderElection (LeaderElection.java:logAndReturn(89)) - bece060d-3fe8-48fd-a57c-c67080073878@group-C65EFE1A7AAC-LeaderElection17: PRE_VOTE REJECTED received 1 response(s) and 0 exception(s):
2023-12-01 12:04:36,798 [bece060d-3fe8-48fd-a57c-c67080073878@group-C65EFE1A7AAC-LeaderElection17] INFO  impl.LeaderElection (LeaderElection.java:logAndReturn(93)) -   Response 0: bece060d-3fe8-48fd-a57c-c67080073878<-a52b3d00-e6b2-4875-97ef-1383dbbdd16b#0:FAIL-t0
2023-12-01 12:04:36,798 [bece060d-3fe8-48fd-a57c-c67080073878@group-C65EFE1A7AAC-LeaderElection17] INFO  impl.LeaderElection (LeaderElection.java:askForVotes(325)) - bece060d-3fe8-48fd-a57c-c67080073878@group-C65EFE1A7AAC-LeaderElection17 PRE_VOTE round 0: result REJECTED
2023-12-01 12:04:36,798 [bece060d-3fe8-48fd-a57c-c67080073878@group-C65EFE1A7AAC-LeaderElection17] INFO  server.RaftServer$Division (RaftServerImpl.java:setRole(379)) - bece060d-3fe8-48fd-a57c-c67080073878@group-C65EFE1A7AAC: changes role from CANDIDATE to FOLLOWER at term 0 for REJECTED
2023-12-01 12:04:36,798 [bece060d-3fe8-48fd-a57c-c67080073878@group-C65EFE1A7AAC-LeaderElection17] INFO  impl.RoleInfo (RoleInfo.java:shutdownLeaderElection(130)) - bece060d-3fe8-48fd-a57c-c67080073878: shutdown bece060d-3fe8-48fd-a57c-c67080073878@group-C65EFE1A7AAC-LeaderElection17
2023-12-01 12:04:36,798 [bece060d-3fe8-48fd-a57c-c67080073878@group-C65EFE1A7AAC-LeaderElection17] INFO  impl.RoleInfo (RoleInfo.java:updateAndGet(139)) - bece060d-3fe8-48fd-a57c-c67080073878: start bece060d-3fe8-48fd-a57c-c67080073878@group-C65EFE1A7AAC-FollowerState
2023-12-01 12:04:36,798 [bece060d-3fe8-48fd-a57c-c67080073878@group-C65EFE1A7AAC-LeaderElection17] INFO  server.RaftServer$Division (RaftServerImpl.java:setFirstElection(564)) - bece060d-3fe8-48fd-a57c-c67080073878@group-C65EFE1A7AAC: set firstElectionSinceStartup to false for REJECTED
2023-12-01 12:04:36,805 [a52b3d00-e6b2-4875-97ef-1383dbbdd16b@group-C65EFE1A7AAC-FollowerState] INFO  impl.FollowerState (FollowerState.java:run(143)) - a52b3d00-e6b2-4875-97ef-1383dbbdd16b@group-C65EFE1A7AAC-FollowerState: change to CANDIDATE, lastRpcElapsedTime:5118986512ns, electionTimeout:5118ms
2023-12-01 12:04:36,805 [a52b3d00-e6b2-4875-97ef-1383dbbdd16b@group-C65EFE1A7AAC-FollowerState] INFO  impl.RoleInfo (RoleInfo.java:shutdownFollowerState(110)) - a52b3d00-e6b2-4875-97ef-1383dbbdd16b: shutdown a52b3d00-e6b2-4875-97ef-1383dbbdd16b@group-C65EFE1A7AAC-FollowerState
2023-12-01 12:04:36,805 [a52b3d00-e6b2-4875-97ef-1383dbbdd16b@group-C65EFE1A7AAC-FollowerState] INFO  server.RaftServer$Division (RaftServerImpl.java:setRole(379)) - a52b3d00-e6b2-4875-97ef-1383dbbdd16b@group-C65EFE1A7AAC: changes role from  FOLLOWER to CANDIDATE at term 0 for changeToCandidate
2023-12-01 12:04:36,805 [a52b3d00-e6b2-4875-97ef-1383dbbdd16b@group-C65EFE1A7AAC-FollowerState] INFO  server.RaftServerConfigKeys (ConfUtils.java:logGet(46)) - raft.server.leaderelection.pre-vote = true (default)
2023-12-01 12:04:36,805 [a52b3d00-e6b2-4875-97ef-1383dbbdd16b@group-C65EFE1A7AAC-FollowerState] INFO  impl.RoleInfo (RoleInfo.java:updateAndGet(139)) - a52b3d00-e6b2-4875-97ef-1383dbbdd16b: start a52b3d00-e6b2-4875-97ef-1383dbbdd16b@group-C65EFE1A7AAC-LeaderElection18
2023-12-01 12:04:36,806 [a52b3d00-e6b2-4875-97ef-1383dbbdd16b@group-C65EFE1A7AAC-LeaderElection18] INFO  impl.LeaderElection (LeaderElection.java:askForVotes(323)) - a52b3d00-e6b2-4875-97ef-1383dbbdd16b@group-C65EFE1A7AAC-LeaderElection18 PRE_VOTE round 0: submit vote requests at term 0 for -1: peers:[a52b3d00-e6b2-4875-97ef-1383dbbdd16b|10.1.0.24:15076, bece060d-3fe8-48fd-a57c-c67080073878|10.1.0.24:15094, d61ce6df-bfa3-4031-bef1-0b60ac375a39|10.1.0.24:15085]|listeners:[], old=null
2023-12-01 12:04:36,806 [a52b3d00-e6b2-4875-97ef-1383dbbdd16b@group-C65EFE1A7AAC-LeaderElection18-1] INFO  server.GrpcServerProtocolClient (GrpcServerProtocolClient.java:<init>(65)) - Build channel for bece060d-3fe8-48fd-a57c-c67080073878
2023-12-01 12:04:36,806 [a52b3d00-e6b2-4875-97ef-1383dbbdd16b@group-C65EFE1A7AAC-LeaderElection18] INFO  server.RaftServerConfigKeys (ConfUtils.java:logFallback(53)) - raft.server.rpc.first-election.timeout.min = 5s (fallback to raft.server.rpc.timeout.min)
2023-12-01 12:04:36,806 [a52b3d00-e6b2-4875-97ef-1383dbbdd16b@group-C65EFE1A7AAC-LeaderElection18] INFO  server.RaftServerConfigKeys (ConfUtils.java:logFallback(53)) - raft.server.rpc.first-election.timeout.max = 5200ms (fallback to raft.server.rpc.timeout.max)
2023-12-01 12:04:36,806 [a52b3d00-e6b2-4875-97ef-1383dbbdd16b@group-C65EFE1A7AAC-LeaderElection18-2] INFO  server.GrpcServerProtocolClient (GrpcServerProtocolClient.java:<init>(65)) - Build channel for d61ce6df-bfa3-4031-bef1-0b60ac375a39
2023-12-01 12:04:36,808 [d61ce6df-bfa3-4031-bef1-0b60ac375a39@group-FB863F7B2671-FollowerState] INFO  impl.FollowerState (FollowerState.java:run(143)) - d61ce6df-bfa3-4031-bef1-0b60ac375a39@group-FB863F7B2671-FollowerState: change to CANDIDATE, lastRpcElapsedTime:5044490399ns, electionTimeout:5044ms
2023-12-01 12:04:36,808 [d61ce6df-bfa3-4031-bef1-0b60ac375a39@group-FB863F7B2671-FollowerState] INFO  impl.RoleInfo (RoleInfo.java:shutdownFollowerState(110)) - d61ce6df-bfa3-4031-bef1-0b60ac375a39: shutdown d61ce6df-bfa3-4031-bef1-0b60ac375a39@group-FB863F7B2671-FollowerState
2023-12-01 12:04:36,808 [d61ce6df-bfa3-4031-bef1-0b60ac375a39@group-FB863F7B2671-FollowerState] INFO  server.RaftServer$Division (RaftServerImpl.java:setRole(379)) - d61ce6df-bfa3-4031-bef1-0b60ac375a39@group-FB863F7B2671: changes role from  FOLLOWER to CANDIDATE at term 0 for changeToCandidate
2023-12-01 12:04:36,808 [d61ce6df-bfa3-4031-bef1-0b60ac375a39@group-FB863F7B2671-FollowerState] INFO  server.RaftServerConfigKeys (ConfUtils.java:logGet(46)) - raft.server.leaderelection.pre-vote = true (default)
2023-12-01 12:04:36,808 [d61ce6df-bfa3-4031-bef1-0b60ac375a39@group-FB863F7B2671-FollowerState] INFO  impl.RoleInfo (RoleInfo.java:updateAndGet(139)) - d61ce6df-bfa3-4031-bef1-0b60ac375a39: start d61ce6df-bfa3-4031-bef1-0b60ac375a39@group-FB863F7B2671-LeaderElection19
2023-12-01 12:04:36,809 [d61ce6df-bfa3-4031-bef1-0b60ac375a39@group-FB863F7B2671-LeaderElection19] INFO  impl.LeaderElection (LeaderElection.java:askForVotes(323)) - d61ce6df-bfa3-4031-bef1-0b60ac375a39@group-FB863F7B2671-LeaderElection19 PRE_VOTE round 0: submit vote requests at term 0 for -1: peers:[d61ce6df-bfa3-4031-bef1-0b60ac375a39|10.1.0.24:15085]|listeners:[], old=null
2023-12-01 12:04:36,810 [d61ce6df-bfa3-4031-bef1-0b60ac375a39@group-FB863F7B2671-LeaderElection19] INFO  impl.LeaderElection (LeaderElection.java:askForVotes(325)) - d61ce6df-bfa3-4031-bef1-0b60ac375a39@group-FB863F7B2671-LeaderElection19 PRE_VOTE round 0: result PASSED (term=0)
2023-12-01 12:04:36,811 [d61ce6df-bfa3-4031-bef1-0b60ac375a39@group-FB863F7B2671-LeaderElection19] INFO  impl.LeaderElection (LeaderElection.java:askForVotes(323)) - d61ce6df-bfa3-4031-bef1-0b60ac375a39@group-FB863F7B2671-LeaderElection19 ELECTION round 0: submit vote requests at term 1 for -1: peers:[d61ce6df-bfa3-4031-bef1-0b60ac375a39|10.1.0.24:15085]|listeners:[], old=null
2023-12-01 12:04:36,811 [d61ce6df-bfa3-4031-bef1-0b60ac375a39@group-FB863F7B2671-LeaderElection19] INFO  impl.LeaderElection (LeaderElection.java:askForVotes(325)) - d61ce6df-bfa3-4031-bef1-0b60ac375a39@group-FB863F7B2671-LeaderElection19 ELECTION round 0: result PASSED (term=1)
2023-12-01 12:04:36,811 [d61ce6df-bfa3-4031-bef1-0b60ac375a39@group-FB863F7B2671-LeaderElection19] INFO  impl.RoleInfo (RoleInfo.java:shutdownLeaderElection(130)) - d61ce6df-bfa3-4031-bef1-0b60ac375a39: shutdown d61ce6df-bfa3-4031-bef1-0b60ac375a39@group-FB863F7B2671-LeaderElection19
2023-12-01 12:04:36,811 [d61ce6df-bfa3-4031-bef1-0b60ac375a39@group-FB863F7B2671-LeaderElection19] INFO  server.RaftServer$Division (RaftServerImpl.java:setRole(379)) - d61ce6df-bfa3-4031-bef1-0b60ac375a39@group-FB863F7B2671: changes role from CANDIDATE to LEADER at term 1 for changeToLeader
2023-12-01 12:04:36,811 [d61ce6df-bfa3-4031-bef1-0b60ac375a39@group-FB863F7B2671-LeaderElection19] INFO  server.RaftServerConfigKeys (ConfUtils.java:logGet(46)) - raft.server.staging.catchup.gap = 1000 (default)
2023-12-01 12:04:36,812 [d61ce6df-bfa3-4031-bef1-0b60ac375a39@group-FB863F7B2671-LeaderElection19] INFO  server.RaftServerConfigKeys (ConfUtils.java:logGet(46)) - raft.server.write.element-limit = 1024 (custom)
2023-12-01 12:04:36,812 [d61ce6df-bfa3-4031-bef1-0b60ac375a39@group-FB863F7B2671-LeaderElection19] INFO  server.RaftServerConfigKeys (ConfUtils.java:logGet(46)) - raft.server.write.byte-limit = 1024 M (=1073741824) (custom)
2023-12-01 12:04:36,812 [d61ce6df-bfa3-4031-bef1-0b60ac375a39@group-FB863F7B2671-LeaderElection19] INFO  server.RaftServerConfigKeys (ConfUtils.java:logGet(46)) - raft.server.watch.timeout = 180s (custom)
2023-12-01 12:04:36,812 [d61ce6df-bfa3-4031-bef1-0b60ac375a39@group-FB863F7B2671-LeaderElection19] INFO  server.RaftServerConfigKeys (ConfUtils.java:logGet(46)) - raft.server.watch.timeout.denomination = 1s (default)
2023-12-01 12:04:36,812 [d61ce6df-bfa3-4031-bef1-0b60ac375a39@group-FB863F7B2671-LeaderElection19] INFO  server.RaftServerConfigKeys (ConfUtils.java:logGet(46)) - raft.server.watch.element-limit = 65536 (default)
2023-12-01 12:04:36,812 [d61ce6df-bfa3-4031-bef1-0b60ac375a39@group-FB863F7B2671-LeaderElection19] INFO  server.RaftServerConfigKeys (ConfUtils.java:logGet(46)) - raft.server.read.leader.lease.enabled = false (default)
2023-12-01 12:04:36,812 [d61ce6df-bfa3-4031-bef1-0b60ac375a39@group-FB863F7B2671-LeaderElection19] INFO  server.RaftServerConfigKeys (ConfUtils.java:logGet(46)) - raft.server.read.leader.lease.timeout.ratio = 0.9 (default)
2023-12-01 12:04:36,813 [d61ce6df-bfa3-4031-bef1-0b60ac375a39@group-FB863F7B2671-LeaderElection19] INFO  server.RaftServerConfigKeys (ConfUtils.java:logGet(46)) - raft.server.rpc.timeout.min = 5s (custom)
2023-12-01 12:04:36,813 [d61ce6df-bfa3-4031-bef1-0b60ac375a39@group-FB863F7B2671-LeaderElection19] INFO  server.RaftServerConfigKeys (ConfUtils.java:logGet(46)) - raft.server.write.element-limit = 1024 (custom)
2023-12-01 12:04:36,813 [d61ce6df-bfa3-4031-bef1-0b60ac375a39@group-FB863F7B2671-LeaderElection19] INFO  server.RaftServerConfigKeys (ConfUtils.java:logGet(46)) - raft.server.write.follower.gap.ratio.max = -1.0 (default)
2023-12-01 12:04:36,813 [d61ce6df-bfa3-4031-bef1-0b60ac375a39@group-FB863F7B2671-LeaderElection19] INFO  impl.RoleInfo (RoleInfo.java:updateAndGet(139)) - d61ce6df-bfa3-4031-bef1-0b60ac375a39: start d61ce6df-bfa3-4031-bef1-0b60ac375a39@group-FB863F7B2671-LeaderStateImpl
2023-12-01 12:04:36,813 [d61ce6df-bfa3-4031-bef1-0b60ac375a39@group-FB863F7B2671-LeaderElection19] INFO  server.RaftServer$Division (RaftServerImpl.java:setFirstElection(564)) - d61ce6df-bfa3-4031-bef1-0b60ac375a39@group-FB863F7B2671: set firstElectionSinceStartup to false for becomeLeader
2023-12-01 12:04:36,813 [d61ce6df-bfa3-4031-bef1-0b60ac375a39@group-FB863F7B2671-LeaderElection19] INFO  ratis.XceiverServerRatis (XceiverServerRatis.java:handleLeaderChangedNotification(912)) - Leader change notification received for group: group-FB863F7B2671 with new leaderId: d61ce6df-bfa3-4031-bef1-0b60ac375a39
2023-12-01 12:04:36,813 [d61ce6df-bfa3-4031-bef1-0b60ac375a39@group-FB863F7B2671-LeaderElection19] INFO  server.RaftServer$Division (ServerState.java:setLeader(265)) - d61ce6df-bfa3-4031-bef1-0b60ac375a39@group-FB863F7B2671: change Leader from null to d61ce6df-bfa3-4031-bef1-0b60ac375a39 at term 1 for becomeLeader, leader elected after 5066ms
2023-12-01 12:04:36,814 [d61ce6df-bfa3-4031-bef1-0b60ac375a39@group-FB863F7B2671-LeaderElection19] INFO  segmented.SegmentedRaftLogWorker (SegmentedRaftLogWorker.java:startLogSegment(428)) - d61ce6df-bfa3-4031-bef1-0b60ac375a39@group-FB863F7B2671-SegmentedRaftLogWorker: Starting segment from index:0
2023-12-01 12:04:36,817 [grpc-default-executor-4] INFO  server.RaftServer$Division (RaftServerImpl.java:requestVote(1377)) - bece060d-3fe8-48fd-a57c-c67080073878@group-C65EFE1A7AAC: receive requestVote(PRE_VOTE, a52b3d00-e6b2-4875-97ef-1383dbbdd16b, group-C65EFE1A7AAC, 0, (t:0, i:0))
2023-12-01 12:04:36,817 [grpc-default-executor-4] INFO  impl.VoteContext (VoteContext.java:log(49)) - bece060d-3fe8-48fd-a57c-c67080073878@group-C65EFE1A7AAC-FOLLOWER: accept PRE_VOTE from a52b3d00-e6b2-4875-97ef-1383dbbdd16b: our priority 0 <= candidate's priority 1
2023-12-01 12:04:36,817 [grpc-default-executor-4] INFO  server.RaftServer$Division (RaftServerImpl.java:requestVote(1410)) - bece060d-3fe8-48fd-a57c-c67080073878@group-C65EFE1A7AAC replies to PRE_VOTE vote request: a52b3d00-e6b2-4875-97ef-1383dbbdd16b<-bece060d-3fe8-48fd-a57c-c67080073878#0:OK-t0. Peer's state: bece060d-3fe8-48fd-a57c-c67080073878@group-C65EFE1A7AAC:t0, leader=null, voted=, raftlog=Memoized:bece060d-3fe8-48fd-a57c-c67080073878@group-C65EFE1A7AAC-SegmentedRaftLog:OPENED:c-1, conf=-1: peers:[a52b3d00-e6b2-4875-97ef-1383dbbdd16b|10.1.0.24:15076, bece060d-3fe8-48fd-a57c-c67080073878|10.1.0.24:15094, d61ce6df-bfa3-4031-bef1-0b60ac375a39|10.1.0.24:15085]|listeners:[], old=null
2023-12-01 12:04:36,818 [a52b3d00-e6b2-4875-97ef-1383dbbdd16b@group-C65EFE1A7AAC-LeaderElection18] INFO  impl.LeaderElection (LeaderElection.java:logAndReturn(89)) - a52b3d00-e6b2-4875-97ef-1383dbbdd16b@group-C65EFE1A7AAC-LeaderElection18: PRE_VOTE PASSED received 1 response(s) and 0 exception(s):
2023-12-01 12:04:36,818 [a52b3d00-e6b2-4875-97ef-1383dbbdd16b@group-C65EFE1A7AAC-LeaderElection18] INFO  impl.LeaderElection (LeaderElection.java:logAndReturn(93)) -   Response 0: a52b3d00-e6b2-4875-97ef-1383dbbdd16b<-bece060d-3fe8-48fd-a57c-c67080073878#0:OK-t0
2023-12-01 12:04:36,822 [d61ce6df-bfa3-4031-bef1-0b60ac375a39@group-FB863F7B2671-SegmentedRaftLogWorker] INFO  segmented.SegmentedRaftLogWorker (SegmentedRaftLogWorker.java:execute(632)) - d61ce6df-bfa3-4031-bef1-0b60ac375a39@group-FB863F7B2671-SegmentedRaftLogWorker: created new log segment /home/runner/work/ozone/ozone/hadoop-ozone/integration-test/target/test-dir/MiniOzoneClusterImpl-6e44b040-7731-4908-af37-66cbba4f501b/datanode-1/data/ratis/5f9816ea-1cc8-476a-a17a-fb863f7b2671/current/log_inprogress_0
2023-12-01 12:04:36,819 [grpc-default-executor-1] INFO  server.RaftServer$Division (RaftServerImpl.java:requestVote(1377)) - d61ce6df-bfa3-4031-bef1-0b60ac375a39@group-C65EFE1A7AAC: receive requestVote(PRE_VOTE, a52b3d00-e6b2-4875-97ef-1383dbbdd16b, group-C65EFE1A7AAC, 0, (t:0, i:0))
2023-12-01 12:04:36,823 [grpc-default-executor-1] INFO  impl.VoteContext (VoteContext.java:log(49)) - d61ce6df-bfa3-4031-bef1-0b60ac375a39@group-C65EFE1A7AAC-FOLLOWER: accept PRE_VOTE from a52b3d00-e6b2-4875-97ef-1383dbbdd16b: our priority 0 <= candidate's priority 1
2023-12-01 12:04:36,823 [grpc-default-executor-1] INFO  server.RaftServer$Division (RaftServerImpl.java:requestVote(1410)) - d61ce6df-bfa3-4031-bef1-0b60ac375a39@group-C65EFE1A7AAC replies to PRE_VOTE vote request: a52b3d00-e6b2-4875-97ef-1383dbbdd16b<-d61ce6df-bfa3-4031-bef1-0b60ac375a39#0:OK-t0. Peer's state: d61ce6df-bfa3-4031-bef1-0b60ac375a39@group-C65EFE1A7AAC:t0, leader=null, voted=, raftlog=Memoized:d61ce6df-bfa3-4031-bef1-0b60ac375a39@group-C65EFE1A7AAC-SegmentedRaftLog:OPENED:c-1, conf=-1: peers:[a52b3d00-e6b2-4875-97ef-1383dbbdd16b|10.1.0.24:15076, bece060d-3fe8-48fd-a57c-c67080073878|10.1.0.24:15094, d61ce6df-bfa3-4031-bef1-0b60ac375a39|10.1.0.24:15085]|listeners:[], old=null
2023-12-01 12:04:36,819 [d61ce6df-bfa3-4031-bef1-0b60ac375a39@group-FB863F7B2671-LeaderElection19] INFO  server.RaftServer$Division (ServerState.java:setRaftConf(382)) - d61ce6df-bfa3-4031-bef1-0b60ac375a39@group-FB863F7B2671: set configuration 0: peers:[d61ce6df-bfa3-4031-bef1-0b60ac375a39|10.1.0.24:15085]|listeners:[], old=null
2023-12-01 12:04:36,822 [a52b3d00-e6b2-4875-97ef-1383dbbdd16b@group-C65EFE1A7AAC-LeaderElection18] INFO  impl.LeaderElection (LeaderElection.java:askForVotes(325)) - a52b3d00-e6b2-4875-97ef-1383dbbdd16b@group-C65EFE1A7AAC-LeaderElection18 PRE_VOTE round 0: result PASSED
2023-12-01 12:04:36,825 [a52b3d00-e6b2-4875-97ef-1383dbbdd16b@group-C65EFE1A7AAC-LeaderElection18] INFO  impl.LeaderElection (LeaderElection.java:askForVotes(323)) - a52b3d00-e6b2-4875-97ef-1383dbbdd16b@group-C65EFE1A7AAC-LeaderElection18 ELECTION round 0: submit vote requests at term 1 for -1: peers:[a52b3d00-e6b2-4875-97ef-1383dbbdd16b|10.1.0.24:15076, bece060d-3fe8-48fd-a57c-c67080073878|10.1.0.24:15094, d61ce6df-bfa3-4031-bef1-0b60ac375a39|10.1.0.24:15085]|listeners:[], old=null
2023-12-01 12:04:36,840 [a52b3d00-e6b2-4875-97ef-1383dbbdd16b@group-C65EFE1A7AAC-LeaderElection18] INFO  server.RaftServerConfigKeys (ConfUtils.java:logFallback(53)) - raft.server.rpc.first-election.timeout.min = 5s (fallback to raft.server.rpc.timeout.min)
2023-12-01 12:04:36,840 [d61ce6df-bfa3-4031-bef1-0b60ac375a39@group-FB863F7B2671-StateMachineUpdater] INFO  server.RaftServer$Division (LeaderStateImpl.java:isApplied(316)) - leader is ready since appliedIndex == 0 >= startIndex == 0
2023-12-01 12:04:36,841 [a52b3d00-e6b2-4875-97ef-1383dbbdd16b@group-C65EFE1A7AAC-LeaderElection18] INFO  server.RaftServerConfigKeys (ConfUtils.java:logFallback(53)) - raft.server.rpc.first-election.timeout.max = 5200ms (fallback to raft.server.rpc.timeout.max)
2023-12-01 12:04:36,842 [grpc-default-executor-4] INFO  server.RaftServer$Division (RaftServerImpl.java:requestVote(1377)) - d61ce6df-bfa3-4031-bef1-0b60ac375a39@group-C65EFE1A7AAC: receive requestVote(ELECTION, a52b3d00-e6b2-4875-97ef-1383dbbdd16b, group-C65EFE1A7AAC, 1, (t:0, i:0))
2023-12-01 12:04:36,842 [grpc-default-executor-1] INFO  server.RaftServer$Division (RaftServerImpl.java:requestVote(1377)) - bece060d-3fe8-48fd-a57c-c67080073878@group-C65EFE1A7AAC: receive requestVote(ELECTION, a52b3d00-e6b2-4875-97ef-1383dbbdd16b, group-C65EFE1A7AAC, 1, (t:0, i:0))
2023-12-01 12:04:36,843 [grpc-default-executor-1] INFO  impl.VoteContext (VoteContext.java:log(49)) - bece060d-3fe8-48fd-a57c-c67080073878@group-C65EFE1A7AAC-FOLLOWER: accept ELECTION from a52b3d00-e6b2-4875-97ef-1383dbbdd16b: our priority 0 <= candidate's priority 1
2023-12-01 12:04:36,843 [grpc-default-executor-1] INFO  server.RaftServer$Division (RaftServerImpl.java:setRole(379)) - bece060d-3fe8-48fd-a57c-c67080073878@group-C65EFE1A7AAC: changes role from  FOLLOWER to FOLLOWER at term 1 for candidate:a52b3d00-e6b2-4875-97ef-1383dbbdd16b
2023-12-01 12:04:36,843 [grpc-default-executor-1] INFO  impl.RoleInfo (RoleInfo.java:shutdownFollowerState(110)) - bece060d-3fe8-48fd-a57c-c67080073878: shutdown bece060d-3fe8-48fd-a57c-c67080073878@group-C65EFE1A7AAC-FollowerState
2023-12-01 12:04:36,843 [grpc-default-executor-1] INFO  impl.RoleInfo (RoleInfo.java:updateAndGet(139)) - bece060d-3fe8-48fd-a57c-c67080073878: start bece060d-3fe8-48fd-a57c-c67080073878@group-C65EFE1A7AAC-FollowerState
2023-12-01 12:04:36,843 [bece060d-3fe8-48fd-a57c-c67080073878@group-C65EFE1A7AAC-FollowerState] INFO  impl.FollowerState (FollowerState.java:run(152)) - bece060d-3fe8-48fd-a57c-c67080073878@group-C65EFE1A7AAC-FollowerState was interrupted
2023-12-01 12:04:36,848 [grpc-default-executor-4] INFO  impl.VoteContext (VoteContext.java:log(49)) - d61ce6df-bfa3-4031-bef1-0b60ac375a39@group-C65EFE1A7AAC-FOLLOWER: accept ELECTION from a52b3d00-e6b2-4875-97ef-1383dbbdd16b: our priority 0 <= candidate's priority 1
2023-12-01 12:04:36,848 [grpc-default-executor-4] INFO  server.RaftServer$Division (RaftServerImpl.java:setRole(379)) - d61ce6df-bfa3-4031-bef1-0b60ac375a39@group-C65EFE1A7AAC: changes role from  FOLLOWER to FOLLOWER at term 1 for candidate:a52b3d00-e6b2-4875-97ef-1383dbbdd16b
2023-12-01 12:04:36,848 [grpc-default-executor-4] INFO  impl.RoleInfo (RoleInfo.java:shutdownFollowerState(110)) - d61ce6df-bfa3-4031-bef1-0b60ac375a39: shutdown d61ce6df-bfa3-4031-bef1-0b60ac375a39@group-C65EFE1A7AAC-FollowerState
2023-12-01 12:04:36,848 [grpc-default-executor-4] INFO  impl.RoleInfo (RoleInfo.java:updateAndGet(139)) - d61ce6df-bfa3-4031-bef1-0b60ac375a39: start d61ce6df-bfa3-4031-bef1-0b60ac375a39@group-C65EFE1A7AAC-FollowerState
2023-12-01 12:04:36,848 [d61ce6df-bfa3-4031-bef1-0b60ac375a39@group-C65EFE1A7AAC-FollowerState] INFO  impl.FollowerState (FollowerState.java:run(152)) - d61ce6df-bfa3-4031-bef1-0b60ac375a39@group-C65EFE1A7AAC-FollowerState was interrupted
2023-12-01 12:04:36,849 [grpc-default-executor-4] INFO  server.RaftServer$Division (RaftServerImpl.java:setFirstElection(564)) - d61ce6df-bfa3-4031-bef1-0b60ac375a39@group-C65EFE1A7AAC: set firstElectionSinceStartup to false for candidate:a52b3d00-e6b2-4875-97ef-1383dbbdd16b
2023-12-01 12:04:36,850 [grpc-default-executor-4] INFO  server.RaftServer$Division (RaftServerImpl.java:requestVote(1410)) - d61ce6df-bfa3-4031-bef1-0b60ac375a39@group-C65EFE1A7AAC replies to ELECTION vote request: a52b3d00-e6b2-4875-97ef-1383dbbdd16b<-d61ce6df-bfa3-4031-bef1-0b60ac375a39#0:OK-t1. Peer's state: d61ce6df-bfa3-4031-bef1-0b60ac375a39@group-C65EFE1A7AAC:t1, leader=null, voted=a52b3d00-e6b2-4875-97ef-1383dbbdd16b, raftlog=Memoized:d61ce6df-bfa3-4031-bef1-0b60ac375a39@group-C65EFE1A7AAC-SegmentedRaftLog:OPENED:c-1, conf=-1: peers:[a52b3d00-e6b2-4875-97ef-1383dbbdd16b|10.1.0.24:15076, bece060d-3fe8-48fd-a57c-c67080073878|10.1.0.24:15094, d61ce6df-bfa3-4031-bef1-0b60ac375a39|10.1.0.24:15085]|listeners:[], old=null
2023-12-01 12:04:36,856 [a52b3d00-e6b2-4875-97ef-1383dbbdd16b@group-C65EFE1A7AAC-LeaderElection18] INFO  impl.LeaderElection (LeaderElection.java:logAndReturn(89)) - a52b3d00-e6b2-4875-97ef-1383dbbdd16b@group-C65EFE1A7AAC-LeaderElection18: ELECTION PASSED received 1 response(s) and 0 exception(s):
2023-12-01 12:04:36,856 [a52b3d00-e6b2-4875-97ef-1383dbbdd16b@group-C65EFE1A7AAC-LeaderElection18] INFO  impl.LeaderElection (LeaderElection.java:logAndReturn(93)) -   Response 0: a52b3d00-e6b2-4875-97ef-1383dbbdd16b<-d61ce6df-bfa3-4031-bef1-0b60ac375a39#0:OK-t1
2023-12-01 12:04:36,856 [grpc-default-executor-1] INFO  server.RaftServer$Division (RaftServerImpl.java:requestVote(1410)) - bece060d-3fe8-48fd-a57c-c67080073878@group-C65EFE1A7AAC replies to ELECTION vote request: a52b3d00-e6b2-4875-97ef-1383dbbdd16b<-bece060d-3fe8-48fd-a57c-c67080073878#0:OK-t1. Peer's state: bece060d-3fe8-48fd-a57c-c67080073878@group-C65EFE1A7AAC:t1, leader=null, voted=a52b3d00-e6b2-4875-97ef-1383dbbdd16b, raftlog=Memoized:bece060d-3fe8-48fd-a57c-c67080073878@group-C65EFE1A7AAC-SegmentedRaftLog:OPENED:c-1, conf=-1: peers:[a52b3d00-e6b2-4875-97ef-1383dbbdd16b|10.1.0.24:15076, bece060d-3fe8-48fd-a57c-c67080073878|10.1.0.24:15094, d61ce6df-bfa3-4031-bef1-0b60ac375a39|10.1.0.24:15085]|listeners:[], old=null
2023-12-01 12:04:36,856 [a52b3d00-e6b2-4875-97ef-1383dbbdd16b@group-C65EFE1A7AAC-LeaderElection18] INFO  impl.LeaderElection (LeaderElection.java:askForVotes(325)) - a52b3d00-e6b2-4875-97ef-1383dbbdd16b@group-C65EFE1A7AAC-LeaderElection18 ELECTION round 0: result PASSED
2023-12-01 12:04:36,856 [a52b3d00-e6b2-4875-97ef-1383dbbdd16b@group-C65EFE1A7AAC-LeaderElection18] INFO  impl.RoleInfo (RoleInfo.java:shutdownLeaderElection(130)) - a52b3d00-e6b2-4875-97ef-1383dbbdd16b: shutdown a52b3d00-e6b2-4875-97ef-1383dbbdd16b@group-C65EFE1A7AAC-LeaderElection18
2023-12-01 12:04:36,856 [a52b3d00-e6b2-4875-97ef-1383dbbdd16b@group-C65EFE1A7AAC-LeaderElection18] INFO  server.RaftServer$Division (RaftServerImpl.java:setRole(379)) - a52b3d00-e6b2-4875-97ef-1383dbbdd16b@group-C65EFE1A7AAC: changes role from CANDIDATE to LEADER at term 1 for changeToLeader
2023-12-01 12:04:36,856 [a52b3d00-e6b2-4875-97ef-1383dbbdd16b@group-C65EFE1A7AAC-LeaderElection18] INFO  server.RaftServerConfigKeys (ConfUtils.java:logGet(46)) - raft.server.staging.catchup.gap = 1000 (default)
2023-12-01 12:04:36,856 [a52b3d00-e6b2-4875-97ef-1383dbbdd16b@group-C65EFE1A7AAC-LeaderElection18] INFO  server.RaftServerConfigKeys (ConfUtils.java:logGet(46)) - raft.server.write.element-limit = 1024 (custom)
2023-12-01 12:04:36,856 [a52b3d00-e6b2-4875-97ef-1383dbbdd16b@group-C65EFE1A7AAC-LeaderElection18] INFO  server.RaftServerConfigKeys (ConfUtils.java:logGet(46)) - raft.server.write.byte-limit = 1024 M (=1073741824) (custom)
2023-12-01 12:04:36,856 [main] INFO  ozone.MiniOzoneClusterImpl (MiniOzoneClusterImpl.java:lambda$waitForClusterToBeReady$0(229)) - Nodes are ready. Got 3 of 3 DN Heartbeats.
2023-12-01 12:04:36,857 [main] INFO  ozone.MiniOzoneClusterImpl (MiniOzoneClusterImpl.java:lambda$waitForClusterToBeReady$0(232)) - Cluster exits safe mode
2023-12-01 12:04:36,857 [main] INFO  ozone.MiniOzoneClusterImpl (MiniOzoneClusterImpl.java:lambda$waitForClusterToBeReady$0(234)) - SCM became leader
2023-12-01 12:04:36,857 [a52b3d00-e6b2-4875-97ef-1383dbbdd16b@group-C65EFE1A7AAC-LeaderElection18] INFO  server.RaftServerConfigKeys (ConfUtils.java:logGet(46)) - raft.server.watch.timeout = 180s (custom)
2023-12-01 12:04:36,857 [a52b3d00-e6b2-4875-97ef-1383dbbdd16b@group-C65EFE1A7AAC-LeaderElection18] INFO  server.RaftServerConfigKeys (ConfUtils.java:logGet(46)) - raft.server.watch.timeout.denomination = 1s (default)
2023-12-01 12:04:36,857 [a52b3d00-e6b2-4875-97ef-1383dbbdd16b@group-C65EFE1A7AAC-LeaderElection18] INFO  server.RaftServerConfigKeys (ConfUtils.java:logGet(46)) - raft.server.watch.element-limit = 65536 (default)
2023-12-01 12:04:36,857 [a52b3d00-e6b2-4875-97ef-1383dbbdd16b@group-C65EFE1A7AAC-LeaderElection18] INFO  server.RaftServerConfigKeys (ConfUtils.java:logGet(46)) - raft.server.read.leader.lease.enabled = false (default)
2023-12-01 12:04:36,857 [a52b3d00-e6b2-4875-97ef-1383dbbdd16b@group-C65EFE1A7AAC-LeaderElection18] INFO  server.RaftServerConfigKeys (ConfUtils.java:logGet(46)) - raft.server.read.leader.lease.timeout.ratio = 0.9 (default)
2023-12-01 12:04:36,857 [a52b3d00-e6b2-4875-97ef-1383dbbdd16b@group-C65EFE1A7AAC-LeaderElection18] INFO  server.RaftServerConfigKeys (ConfUtils.java:logGet(46)) - raft.server.rpc.timeout.min = 5s (custom)
2023-12-01 12:04:36,857 [a52b3d00-e6b2-4875-97ef-1383dbbdd16b@group-C65EFE1A7AAC-LeaderElection18] INFO  server.RaftServerConfigKeys (ConfUtils.java:logGet(46)) - raft.server.write.element-limit = 1024 (custom)
2023-12-01 12:04:36,858 [a52b3d00-e6b2-4875-97ef-1383dbbdd16b@group-C65EFE1A7AAC-LeaderElection18] INFO  server.RaftServerConfigKeys (ConfUtils.java:logGet(46)) - raft.server.write.follower.gap.ratio.max = -1.0 (default)
2023-12-01 12:04:36,858 [a52b3d00-e6b2-4875-97ef-1383dbbdd16b@group-C65EFE1A7AAC-LeaderElection18] INFO  server.RaftServerConfigKeys (ConfUtils.java:logGet(46)) - raft.server.log.appender.snapshot.chunk.size.max = 16MB (=16777216) (default)
2023-12-01 12:04:36,858 [a52b3d00-e6b2-4875-97ef-1383dbbdd16b@group-C65EFE1A7AAC-LeaderElection18] INFO  server.RaftServerConfigKeys (ConfUtils.java:logGet(46)) - raft.server.log.appender.buffer.byte-limit = 33554432 (custom)
2023-12-01 12:04:36,858 [a52b3d00-e6b2-4875-97ef-1383dbbdd16b@group-C65EFE1A7AAC-LeaderElection18] INFO  server.RaftServerConfigKeys (ConfUtils.java:logGet(46)) - raft.server.log.appender.buffer.element-limit = 1 (custom)
2023-12-01 12:04:36,859 [a52b3d00-e6b2-4875-97ef-1383dbbdd16b@group-C65EFE1A7AAC-LeaderElection18] INFO  server.RaftServerConfigKeys (ConfUtils.java:logGet(46)) - raft.server.log.appender.wait-time.min = 1ms (default)
2023-12-01 12:04:36,859 [a52b3d00-e6b2-4875-97ef-1383dbbdd16b@group-C65EFE1A7AAC-LeaderElection18] INFO  grpc.GrpcConfigKeys (ConfUtils.java:logGet(46)) - raft.grpc.server.leader.outstanding.appends.max = 8 (default)
2023-12-01 12:04:36,859 [a52b3d00-e6b2-4875-97ef-1383dbbdd16b@group-C65EFE1A7AAC-LeaderElection18] INFO  server.RaftServerConfigKeys (ConfUtils.java:logGet(46)) - raft.server.rpc.request.timeout = 60s (custom)
2023-12-01 12:04:36,860 [a52b3d00-e6b2-4875-97ef-1383dbbdd16b@group-C65EFE1A7AAC-LeaderElection18] INFO  grpc.GrpcConfigKeys (ConfUtils.java:logGet(46)) - raft.grpc.server.install_snapshot.request.element-limit = 8 (default)
2023-12-01 12:04:36,860 [a52b3d00-e6b2-4875-97ef-1383dbbdd16b@group-C65EFE1A7AAC-LeaderElection18] INFO  grpc.GrpcConfigKeys (ConfUtils.java:logGet(46)) - raft.grpc.server.install_snapshot.request.timeout = 3000ms (default)
2023-12-01 12:04:36,860 [a52b3d00-e6b2-4875-97ef-1383dbbdd16b@group-C65EFE1A7AAC-LeaderElection18] INFO  server.RaftServerConfigKeys (ConfUtils.java:logGet(46)) - raft.server.log.appender.install.snapshot.enabled = false (custom)
2023-12-01 12:04:36,860 [a52b3d00-e6b2-4875-97ef-1383dbbdd16b@group-C65EFE1A7AAC-LeaderElection18] INFO  grpc.GrpcConfigKeys (ConfUtils.java:logGet(46)) - raft.grpc.server.heartbeat.channel = true (default)
2023-12-01 12:04:36,860 [a52b3d00-e6b2-4875-97ef-1383dbbdd16b@group-C65EFE1A7AAC-LeaderElection18] INFO  server.RaftServerConfigKeys (ConfUtils.java:logGet(46)) - raft.server.log.appender.snapshot.chunk.size.max = 16MB (=16777216) (default)
2023-12-01 12:04:36,861 [a52b3d00-e6b2-4875-97ef-1383dbbdd16b@group-C65EFE1A7AAC-LeaderElection18] INFO  server.RaftServerConfigKeys (ConfUtils.java:logGet(46)) - raft.server.log.appender.buffer.byte-limit = 33554432 (custom)
2023-12-01 12:04:36,861 [a52b3d00-e6b2-4875-97ef-1383dbbdd16b@group-C65EFE1A7AAC-LeaderElection18] INFO  server.RaftServerConfigKeys (ConfUtils.java:logGet(46)) - raft.server.log.appender.buffer.element-limit = 1 (custom)
2023-12-01 12:04:36,861 [a52b3d00-e6b2-4875-97ef-1383dbbdd16b@group-C65EFE1A7AAC-LeaderElection18] INFO  server.RaftServerConfigKeys (ConfUtils.java:logGet(46)) - raft.server.log.appender.wait-time.min = 1ms (default)
2023-12-01 12:04:36,861 [a52b3d00-e6b2-4875-97ef-1383dbbdd16b@group-C65EFE1A7AAC-LeaderElection18] INFO  grpc.GrpcConfigKeys (ConfUtils.java:logGet(46)) - raft.grpc.server.leader.outstanding.appends.max = 8 (default)
2023-12-01 12:04:36,861 [a52b3d00-e6b2-4875-97ef-1383dbbdd16b@group-C65EFE1A7AAC-LeaderElection18] INFO  server.RaftServerConfigKeys (ConfUtils.java:logGet(46)) - raft.server.rpc.request.timeout = 60s (custom)
2023-12-01 12:04:36,862 [a52b3d00-e6b2-4875-97ef-1383dbbdd16b@group-C65EFE1A7AAC-LeaderElection18] INFO  grpc.GrpcConfigKeys (ConfUtils.java:logGet(46)) - raft.grpc.server.install_snapshot.request.element-limit = 8 (default)
2023-12-01 12:04:36,862 [main] INFO  ozoneimpl.OzoneContainer (OzoneContainer.java:stop(463)) - Attempting to stop container services.
2023-12-01 12:04:36,862 [a52b3d00-e6b2-4875-97ef-1383dbbdd16b@group-C65EFE1A7AAC-LeaderElection18] INFO  grpc.GrpcConfigKeys (ConfUtils.java:logGet(46)) - raft.grpc.server.install_snapshot.request.timeout = 3000ms (default)
2023-12-01 12:04:36,862 [a52b3d00-e6b2-4875-97ef-1383dbbdd16b@group-C65EFE1A7AAC-LeaderElection18] INFO  server.RaftServerConfigKeys (ConfUtils.java:logGet(46)) - raft.server.log.appender.install.snapshot.enabled = false (custom)
2023-12-01 12:04:36,862 [a52b3d00-e6b2-4875-97ef-1383dbbdd16b@group-C65EFE1A7AAC-LeaderElection18] INFO  grpc.GrpcConfigKeys (ConfUtils.java:logGet(46)) - raft.grpc.server.heartbeat.channel = true (default)
2023-12-01 12:04:36,862 [a52b3d00-e6b2-4875-97ef-1383dbbdd16b@group-C65EFE1A7AAC-LeaderElection18] INFO  impl.RoleInfo (RoleInfo.java:updateAndGet(139)) - a52b3d00-e6b2-4875-97ef-1383dbbdd16b: start a52b3d00-e6b2-4875-97ef-1383dbbdd16b@group-C65EFE1A7AAC-LeaderStateImpl
2023-12-01 12:04:36,862 [a52b3d00-e6b2-4875-97ef-1383dbbdd16b@group-C65EFE1A7AAC-LeaderElection18] INFO  server.RaftServer$Division (RaftServerImpl.java:setFirstElection(564)) - a52b3d00-e6b2-4875-97ef-1383dbbdd16b@group-C65EFE1A7AAC: set firstElectionSinceStartup to false for becomeLeader
2023-12-01 12:04:36,862 [main] INFO  server.RaftServer (RaftServerProxy.java:lambda$close$9(416)) - a52b3d00-e6b2-4875-97ef-1383dbbdd16b: close
2023-12-01 12:04:36,862 [a52b3d00-e6b2-4875-97ef-1383dbbdd16b@group-C65EFE1A7AAC-LeaderElection18] INFO  ratis.XceiverServerRatis (XceiverServerRatis.java:handleLeaderChangedNotification(912)) - Leader change notification received for group: group-C65EFE1A7AAC with new leaderId: a52b3d00-e6b2-4875-97ef-1383dbbdd16b
2023-12-01 12:04:36,862 [a52b3d00-e6b2-4875-97ef-1383dbbdd16b-impl-thread1] INFO  server.RaftServer$Division (RaftServerImpl.java:lambda$close$3(516)) - a52b3d00-e6b2-4875-97ef-1383dbbdd16b@group-1BBC237B5611: shutdown
2023-12-01 12:04:36,863 [a52b3d00-e6b2-4875-97ef-1383dbbdd16b-impl-thread1] INFO  util.JmxRegister (JmxRegister.java:unregister(73)) - Successfully un-registered JMX Bean with object name Ratis:service=RaftServer,group=group-1BBC237B5611,id=a52b3d00-e6b2-4875-97ef-1383dbbdd16b
2023-12-01 12:04:36,863 [a52b3d00-e6b2-4875-97ef-1383dbbdd16b-impl-thread1] INFO  impl.RoleInfo (RoleInfo.java:shutdownFollowerState(110)) - a52b3d00-e6b2-4875-97ef-1383dbbdd16b: shutdown a52b3d00-e6b2-4875-97ef-1383dbbdd16b@group-1BBC237B5611-FollowerState
2023-12-01 12:04:36,863 [a52b3d00-e6b2-4875-97ef-1383dbbdd16b-impl-thread2] INFO  server.RaftServer$Division (RaftServerImpl.java:lambda$close$3(516)) - a52b3d00-e6b2-4875-97ef-1383dbbdd16b@group-C65EFE1A7AAC: shutdown
2023-12-01 12:04:36,863 [a52b3d00-e6b2-4875-97ef-1383dbbdd16b-impl-thread2] INFO  util.JmxRegister (JmxRegister.java:unregister(73)) - Successfully un-registered JMX Bean with object name Ratis:service=RaftServer,group=group-C65EFE1A7AAC,id=a52b3d00-e6b2-4875-97ef-1383dbbdd16b
2023-12-01 12:04:36,863 [a52b3d00-e6b2-4875-97ef-1383dbbdd16b-impl-thread2] INFO  impl.RoleInfo (RoleInfo.java:shutdownLeaderState(94)) - a52b3d00-e6b2-4875-97ef-1383dbbdd16b: shutdown a52b3d00-e6b2-4875-97ef-1383dbbdd16b@group-C65EFE1A7AAC-LeaderStateImpl
2023-12-01 12:04:36,863 [a52b3d00-e6b2-4875-97ef-1383dbbdd16b-impl-thread2] INFO  impl.PendingRequests (PendingRequests.java:sendNotLeaderResponses(289)) - a52b3d00-e6b2-4875-97ef-1383dbbdd16b@group-C65EFE1A7AAC-PendingRequests: sendNotLeaderResponses
2023-12-01 12:04:36,864 [a52b3d00-e6b2-4875-97ef-1383dbbdd16b-impl-thread1] INFO  impl.StateMachineUpdater (StateMachineUpdater.java:stopAndJoin(157)) - a52b3d00-e6b2-4875-97ef-1383dbbdd16b@group-1BBC237B5611-StateMachineUpdater: set stopIndex = -1
2023-12-01 12:04:36,864 [a52b3d00-e6b2-4875-97ef-1383dbbdd16b-impl-thread3] INFO  server.RaftServer$Division (RaftServerImpl.java:lambda$close$3(516)) - a52b3d00-e6b2-4875-97ef-1383dbbdd16b@group-4341143E4683: shutdown
2023-12-01 12:04:36,864 [a52b3d00-e6b2-4875-97ef-1383dbbdd16b-impl-thread3] INFO  util.JmxRegister (JmxRegister.java:unregister(73)) - Successfully un-registered JMX Bean with object name Ratis:service=RaftServer,group=group-4341143E4683,id=a52b3d00-e6b2-4875-97ef-1383dbbdd16b
2023-12-01 12:04:36,864 [a52b3d00-e6b2-4875-97ef-1383dbbdd16b@group-1BBC237B5611-FollowerState] INFO  impl.FollowerState (FollowerState.java:run(152)) - a52b3d00-e6b2-4875-97ef-1383dbbdd16b@group-1BBC237B5611-FollowerState was interrupted
2023-12-01 12:04:36,864 [main] INFO  server.GrpcService (GrpcService.java:closeImpl(311)) - a52b3d00-e6b2-4875-97ef-1383dbbdd16b: shutdown server org.apache.ratis.grpc.server.GrpcClientProtocolService now
2023-12-01 12:04:36,864 [a52b3d00-e6b2-4875-97ef-1383dbbdd16b-impl-thread1] INFO  server.RaftServer$Division (ServerState.java:close(423)) - a52b3d00-e6b2-4875-97ef-1383dbbdd16b@group-1BBC237B5611: applyIndex: -1
2023-12-01 12:04:36,865 [a52b3d00-e6b2-4875-97ef-1383dbbdd16b@group-1BBC237B5611-cacheEviction-AwaitToRun] INFO  util.AwaitToRun (AwaitToRun.java:run(49)) - a52b3d00-e6b2-4875-97ef-1383dbbdd16b@group-1BBC237B5611-cacheEviction-AwaitToRun-AwaitForSignal is interrupted
2023-12-01 12:04:36,864 [a52b3d00-e6b2-4875-97ef-1383dbbdd16b-impl-thread3] INFO  impl.RoleInfo (RoleInfo.java:shutdownLeaderState(94)) - a52b3d00-e6b2-4875-97ef-1383dbbdd16b: shutdown a52b3d00-e6b2-4875-97ef-1383dbbdd16b@group-4341143E4683-LeaderStateImpl
2023-12-01 12:04:36,864 [a52b3d00-e6b2-4875-97ef-1383dbbdd16b@group-C65EFE1A7AAC-LeaderElection18] INFO  server.RaftServer$Division (ServerState.java:setLeader(265)) - a52b3d00-e6b2-4875-97ef-1383dbbdd16b@group-C65EFE1A7AAC: change Leader from null to a52b3d00-e6b2-4875-97ef-1383dbbdd16b at term 1 for becomeLeader, leader elected after 5185ms
2023-12-01 12:04:36,865 [a52b3d00-e6b2-4875-97ef-1383dbbdd16b-impl-thread3] INFO  impl.PendingRequests (PendingRequests.java:sendNotLeaderResponses(289)) - a52b3d00-e6b2-4875-97ef-1383dbbdd16b@group-4341143E4683-PendingRequests: sendNotLeaderResponses
2023-12-01 12:04:36,865 [Thread-1134] INFO  server.GrpcServerProtocolClient (GrpcServerProtocolClient.java:close(103)) - d61ce6df-bfa3-4031-bef1-0b60ac375a39 Close channels
2023-12-01 12:04:36,865 [Thread-1133] INFO  server.GrpcServerProtocolClient (GrpcServerProtocolClient.java:close(103)) - bece060d-3fe8-48fd-a57c-c67080073878 Close channels
2023-12-01 12:04:36,865 [a52b3d00-e6b2-4875-97ef-1383dbbdd16b@group-C65EFE1A7AAC-LeaderElection18] INFO  segmented.SegmentedRaftLogWorker (SegmentedRaftLogWorker.java:startLogSegment(428)) - a52b3d00-e6b2-4875-97ef-1383dbbdd16b@group-C65EFE1A7AAC-SegmentedRaftLogWorker: Starting segment from index:0
2023-12-01 12:04:36,865 [a52b3d00-e6b2-4875-97ef-1383dbbdd16b@group-4341143E4683-StateMachineUpdater] INFO  ratis.ContainerStateMachine (ContainerStateMachine.java:takeSnapshot(337)) - group-4341143E4683: Taking a snapshot at:(t:1, i:0) file /home/runner/work/ozone/ozone/hadoop-ozone/integration-test/target/test-dir/MiniOzoneClusterImpl-6e44b040-7731-4908-af37-66cbba4f501b/datanode-0/data/ratis/ea98f026-8e19-4958-9d58-4341143e4683/sm/snapshot.1_0
2023-12-01 12:04:36,866 [a52b3d00-e6b2-4875-97ef-1383dbbdd16b@group-4341143E4683-StateMachineUpdater] INFO  ratis.ContainerStateMachine (ContainerStateMachine.java:takeSnapshot(348)) - group-4341143E4683: Finished taking a snapshot at:(t:1, i:0) file:/home/runner/work/ozone/ozone/hadoop-ozone/integration-test/target/test-dir/MiniOzoneClusterImpl-6e44b040-7731-4908-af37-66cbba4f501b/datanode-0/data/ratis/ea98f026-8e19-4958-9d58-4341143e4683/sm/snapshot.1_0 took: 1 ms
2023-12-01 12:04:36,866 [a52b3d00-e6b2-4875-97ef-1383dbbdd16b@group-C65EFE1A7AAC-LeaderElection18] INFO  server.RaftServer$Division (ServerState.java:setRaftConf(382)) - a52b3d00-e6b2-4875-97ef-1383dbbdd16b@group-C65EFE1A7AAC: set configuration 0: peers:[a52b3d00-e6b2-4875-97ef-1383dbbdd16b|10.1.0.24:15076, bece060d-3fe8-48fd-a57c-c67080073878|10.1.0.24:15094, d61ce6df-bfa3-4031-bef1-0b60ac375a39|10.1.0.24:15085]|listeners:[], old=null
2023-12-01 12:04:36,867 [a52b3d00-e6b2-4875-97ef-1383dbbdd16b@group-4341143E4683-StateMachineUpdater] INFO  impl.StateMachineUpdater (StateMachineUpdater.java:takeSnapshot(295)) - a52b3d00-e6b2-4875-97ef-1383dbbdd16b@group-4341143E4683-StateMachineUpdater: Took a snapshot at index 0
2023-12-01 12:04:36,870 [a52b3d00-e6b2-4875-97ef-1383dbbdd16b@group-4341143E4683-StateMachineUpdater] INFO  impl.StateMachineUpdater (StateMachineUpdater.java:lambda$new$0(98)) - a52b3d00-e6b2-4875-97ef-1383dbbdd16b@group-4341143E4683-StateMachineUpdater: snapshotIndex: updateIncreasingly -1 -> 0
2023-12-01 12:04:36,871 [a52b3d00-e6b2-4875-97ef-1383dbbdd16b-impl-thread3] INFO  impl.StateMachineUpdater (StateMachineUpdater.java:stopAndJoin(157)) - a52b3d00-e6b2-4875-97ef-1383dbbdd16b@group-4341143E4683-StateMachineUpdater: set stopIndex = 0
2023-12-01 12:04:36,874 [main] INFO  server.GrpcService (GrpcService.java:closeImpl(320)) - a52b3d00-e6b2-4875-97ef-1383dbbdd16b: shutdown server org.apache.ratis.grpc.server.GrpcClientProtocolService successfully
2023-12-01 12:04:36,874 [a52b3d00-e6b2-4875-97ef-1383dbbdd16b-impl-thread3] INFO  server.RaftServer$Division (ServerState.java:close(423)) - a52b3d00-e6b2-4875-97ef-1383dbbdd16b@group-4341143E4683: applyIndex: 0
2023-12-01 12:04:36,874 [a52b3d00-e6b2-4875-97ef-1383dbbdd16b@group-C65EFE1A7AAC-SegmentedRaftLogWorker] INFO  segmented.SegmentedRaftLogWorker (SegmentedRaftLogWorker.java:execute(632)) - a52b3d00-e6b2-4875-97ef-1383dbbdd16b@group-C65EFE1A7AAC-SegmentedRaftLogWorker: created new log segment /home/runner/work/ozone/ozone/hadoop-ozone/integration-test/target/test-dir/MiniOzoneClusterImpl-6e44b040-7731-4908-af37-66cbba4f501b/datanode-0/data/ratis/26dd2faf-e2aa-453c-847f-c65efe1a7aac/current/log_inprogress_0
2023-12-01 12:04:36,874 [main] INFO  server.GrpcService (GrpcService.java:closeImpl(311)) - a52b3d00-e6b2-4875-97ef-1383dbbdd16b: shutdown server GrpcServerProtocolService now
2023-12-01 12:04:36,875 [a52b3d00-e6b2-4875-97ef-1383dbbdd16b@group-4341143E4683-cacheEviction-AwaitToRun] INFO  util.AwaitToRun (AwaitToRun.java:run(49)) - a52b3d00-e6b2-4875-97ef-1383dbbdd16b@group-4341143E4683-cacheEviction-AwaitToRun-AwaitForSignal is interrupted
2023-12-01 12:04:36,877 [grpc-default-executor-4] WARN  server.GrpcServerProtocolService (LogUtils.java:warn(121)) - a52b3d00-e6b2-4875-97ef-1383dbbdd16b: APPEND_ENTRIES onError, lastRequest: null: org.apache.ratis.thirdparty.io.grpc.StatusRuntimeException: CANCELLED: client cancelled
2023-12-01 12:04:36,877 [grpc-default-executor-1] WARN  server.GrpcServerProtocolService (LogUtils.java:warn(121)) - a52b3d00-e6b2-4875-97ef-1383dbbdd16b: APPEND_ENTRIES onError, lastRequest: bece060d-3fe8-48fd-a57c-c67080073878->a52b3d00-e6b2-4875-97ef-1383dbbdd16b#1-t1,previous=(t:0, i:0),leaderCommit=-1,initializing? true,entries: size=1, first=(t:1, i:0), CONFIGURATIONENTRY(current:id: "a52b3d00-e6b2-4875-97ef-1383dbbdd16b"
address: "10.1.0.24:15076"
dataStreamAddress: "10.1.0.24:15077"
clientAddress: "10.1.0.24:15074"
adminAddress: "10.1.0.24:15075"
startupRole: FOLLOWER
,id: "bece060d-3fe8-48fd-a57c-c67080073878"
address: "10.1.0.24:15094"
priority: 1
dataStreamAddress: "10.1.0.24:15095"
clientAddress: "10.1.0.24:15092"
adminAddress: "10.1.0.24:15093"
startupRole: FOLLOWER
,id: "d61ce6df-bfa3-4031-bef1-0b60ac375a39"
address: "10.1.0.24:15085"
dataStreamAddress: "10.1.0.24:15086"
clientAddress: "10.1.0.24:15083"
adminAddress: "10.1.0.24:15084"
startupRole: FOLLOWER
, old:): org.apache.ratis.thirdparty.io.grpc.StatusRuntimeException: CANCELLED: client cancelled
2023-12-01 12:04:36,877 [grpc-default-executor-0] WARN  server.GrpcLogAppender (LogUtils.java:warn(121)) - bece060d-3fe8-48fd-a57c-c67080073878@group-1BBC237B5611->a52b3d00-e6b2-4875-97ef-1383dbbdd16b-AppendLogResponseHandler: Failed appendEntries: org.apache.ratis.thirdparty.io.grpc.StatusRuntimeException: CANCELLED: RST_STREAM closed stream. HTTP/2 error code: CANCEL
2023-12-01 12:04:36,878 [grpc-default-executor-0] WARN  server.GrpcLogAppender (GrpcLogAppender.java:resetClient(140)) - bece060d-3fe8-48fd-a57c-c67080073878@group-1BBC237B5611->a52b3d00-e6b2-4875-97ef-1383dbbdd16b-GrpcLogAppender: Follower failed and request == null,  keep nextIndex (1) unchanged and retry.
2023-12-01 12:04:36,878 [grpc-default-executor-0] WARN  server.GrpcLogAppender (LogUtils.java:warn(121)) - bece060d-3fe8-48fd-a57c-c67080073878@group-1BBC237B5611->a52b3d00-e6b2-4875-97ef-1383dbbdd16b-AppendLogResponseHandler: Failed appendEntries: org.apache.ratis.thirdparty.io.grpc.StatusRuntimeException: CANCELLED: RST_STREAM closed stream. HTTP/2 error code: CANCEL
2023-12-01 12:04:36,878 [grpc-default-executor-0] WARN  server.GrpcLogAppender (GrpcLogAppender.java:resetClient(140)) - bece060d-3fe8-48fd-a57c-c67080073878@group-1BBC237B5611->a52b3d00-e6b2-4875-97ef-1383dbbdd16b-GrpcLogAppender: Follower failed and request == null,  keep nextIndex (1) unchanged and retry.
2023-12-01 12:04:36,879 [main] INFO  server.GrpcService (GrpcService.java:closeImpl(320)) - a52b3d00-e6b2-4875-97ef-1383dbbdd16b: shutdown server GrpcServerProtocolService successfully
2023-12-01 12:04:36,879 [main] INFO  server.GrpcService (GrpcService.java:closeImpl(311)) - a52b3d00-e6b2-4875-97ef-1383dbbdd16b: shutdown server org.apache.ratis.grpc.server.GrpcAdminProtocolService now
2023-12-01 12:04:36,880 [main] INFO  server.GrpcService (GrpcService.java:closeImpl(320)) - a52b3d00-e6b2-4875-97ef-1383dbbdd16b: shutdown server org.apache.ratis.grpc.server.GrpcAdminProtocolService successfully
2023-12-01 12:04:36,880 [a52b3d00-e6b2-4875-97ef-1383dbbdd16b-NettyServerStreamRpc-bossGroup--thread1] INFO  logging.LoggingHandler (AbstractInternalLogger.java:log(148)) - [id: 0x80867c91, L:/0.0.0.0:15077] CLOSE
2023-12-01 12:04:36,881 [a52b3d00-e6b2-4875-97ef-1383dbbdd16b-NettyServerStreamRpc-bossGroup--thread1] INFO  logging.LoggingHandler (AbstractInternalLogger.java:log(148)) - [id: 0x80867c91, L:/0.0.0.0:15077] INACTIVE
2023-12-01 12:04:36,881 [a52b3d00-e6b2-4875-97ef-1383dbbdd16b-NettyServerStreamRpc-bossGroup--thread1] INFO  logging.LoggingHandler (AbstractInternalLogger.java:log(148)) - [id: 0x80867c91, L:/0.0.0.0:15077] UNREGISTERED
2023-12-01 12:04:37,056 [bece060d-3fe8-48fd-a57c-c67080073878@group-517770FE8037-FollowerState] INFO  impl.FollowerState (FollowerState.java:run(143)) - bece060d-3fe8-48fd-a57c-c67080073878@group-517770FE8037-FollowerState: change to CANDIDATE, lastRpcElapsedTime:5193338578ns, electionTimeout:5191ms
2023-12-01 12:04:37,056 [bece060d-3fe8-48fd-a57c-c67080073878@group-517770FE8037-FollowerState] INFO  impl.RoleInfo (RoleInfo.java:shutdownFollowerState(110)) - bece060d-3fe8-48fd-a57c-c67080073878: shutdown bece060d-3fe8-48fd-a57c-c67080073878@group-517770FE8037-FollowerState
2023-12-01 12:04:37,056 [bece060d-3fe8-48fd-a57c-c67080073878@group-517770FE8037-FollowerState] INFO  server.RaftServer$Division (RaftServerImpl.java:setRole(379)) - bece060d-3fe8-48fd-a57c-c67080073878@group-517770FE8037: changes role from  FOLLOWER to CANDIDATE at term 0 for changeToCandidate
2023-12-01 12:04:37,056 [bece060d-3fe8-48fd-a57c-c67080073878@group-517770FE8037-FollowerState] INFO  server.RaftServerConfigKeys (ConfUtils.java:logGet(46)) - raft.server.leaderelection.pre-vote = true (default)
2023-12-01 12:04:37,056 [bece060d-3fe8-48fd-a57c-c67080073878@group-517770FE8037-FollowerState] INFO  impl.RoleInfo (RoleInfo.java:updateAndGet(139)) - bece060d-3fe8-48fd-a57c-c67080073878: start bece060d-3fe8-48fd-a57c-c67080073878@group-517770FE8037-LeaderElection20
2023-12-01 12:04:37,058 [bece060d-3fe8-48fd-a57c-c67080073878@group-517770FE8037-LeaderElection20] INFO  impl.LeaderElection (LeaderElection.java:askForVotes(323)) - bece060d-3fe8-48fd-a57c-c67080073878@group-517770FE8037-LeaderElection20 PRE_VOTE round 0: submit vote requests at term 0 for -1: peers:[bece060d-3fe8-48fd-a57c-c67080073878|10.1.0.24:15094]|listeners:[], old=null
2023-12-01 12:04:37,058 [bece060d-3fe8-48fd-a57c-c67080073878@group-517770FE8037-LeaderElection20] INFO  impl.LeaderElection (LeaderElection.java:askForVotes(325)) - bece060d-3fe8-48fd-a57c-c67080073878@group-517770FE8037-LeaderElection20 PRE_VOTE round 0: result PASSED (term=0)
2023-12-01 12:04:37,059 [bece060d-3fe8-48fd-a57c-c67080073878@group-517770FE8037-LeaderElection20] INFO  impl.LeaderElection (LeaderElection.java:askForVotes(323)) - bece060d-3fe8-48fd-a57c-c67080073878@group-517770FE8037-LeaderElection20 ELECTION round 0: submit vote requests at term 1 for -1: peers:[bece060d-3fe8-48fd-a57c-c67080073878|10.1.0.24:15094]|listeners:[], old=null
2023-12-01 12:04:37,059 [bece060d-3fe8-48fd-a57c-c67080073878@group-517770FE8037-LeaderElection20] INFO  impl.LeaderElection (LeaderElection.java:askForVotes(325)) - bece060d-3fe8-48fd-a57c-c67080073878@group-517770FE8037-LeaderElection20 ELECTION round 0: result PASSED (term=1)
2023-12-01 12:04:37,059 [bece060d-3fe8-48fd-a57c-c67080073878@group-517770FE8037-LeaderElection20] INFO  impl.RoleInfo (RoleInfo.java:shutdownLeaderElection(130)) - bece060d-3fe8-48fd-a57c-c67080073878: shutdown bece060d-3fe8-48fd-a57c-c67080073878@group-517770FE8037-LeaderElection20
2023-12-01 12:04:37,059 [bece060d-3fe8-48fd-a57c-c67080073878@group-517770FE8037-LeaderElection20] INFO  server.RaftServer$Division (RaftServerImpl.java:setRole(379)) - bece060d-3fe8-48fd-a57c-c67080073878@group-517770FE8037: changes role from CANDIDATE to LEADER at term 1 for changeToLeader
2023-12-01 12:04:37,059 [bece060d-3fe8-48fd-a57c-c67080073878@group-517770FE8037-LeaderElection20] INFO  server.RaftServerConfigKeys (ConfUtils.java:logGet(46)) - raft.server.staging.catchup.gap = 1000 (default)
2023-12-01 12:04:37,059 [bece060d-3fe8-48fd-a57c-c67080073878@group-517770FE8037-LeaderElection20] INFO  server.RaftServerConfigKeys (ConfUtils.java:logGet(46)) - raft.server.write.element-limit = 1024 (custom)
2023-12-01 12:04:37,060 [bece060d-3fe8-48fd-a57c-c67080073878@group-517770FE8037-LeaderElection20] INFO  server.RaftServerConfigKeys (ConfUtils.java:logGet(46)) - raft.server.write.byte-limit = 1024 M (=1073741824) (custom)
2023-12-01 12:04:37,060 [bece060d-3fe8-48fd-a57c-c67080073878@group-517770FE8037-LeaderElection20] INFO  server.RaftServerConfigKeys (ConfUtils.java:logGet(46)) - raft.server.watch.timeout = 180s (custom)
2023-12-01 12:04:37,060 [bece060d-3fe8-48fd-a57c-c67080073878@group-517770FE8037-LeaderElection20] INFO  server.RaftServerConfigKeys (ConfUtils.java:logGet(46)) - raft.server.watch.timeout.denomination = 1s (default)
2023-12-01 12:04:37,060 [bece060d-3fe8-48fd-a57c-c67080073878@group-517770FE8037-LeaderElection20] INFO  server.RaftServerConfigKeys (ConfUtils.java:logGet(46)) - raft.server.watch.element-limit = 65536 (default)
2023-12-01 12:04:37,060 [bece060d-3fe8-48fd-a57c-c67080073878@group-517770FE8037-LeaderElection20] INFO  server.RaftServerConfigKeys (ConfUtils.java:logGet(46)) - raft.server.read.leader.lease.enabled = false (default)
2023-12-01 12:04:37,060 [bece060d-3fe8-48fd-a57c-c67080073878@group-517770FE8037-LeaderElection20] INFO  server.RaftServerConfigKeys (ConfUtils.java:logGet(46)) - raft.server.read.leader.lease.timeout.ratio = 0.9 (default)
2023-12-01 12:04:37,060 [bece060d-3fe8-48fd-a57c-c67080073878@group-517770FE8037-LeaderElection20] INFO  server.RaftServerConfigKeys (ConfUtils.java:logGet(46)) - raft.server.rpc.timeout.min = 5s (custom)
2023-12-01 12:04:37,060 [bece060d-3fe8-48fd-a57c-c67080073878@group-517770FE8037-LeaderElection20] INFO  server.RaftServerConfigKeys (ConfUtils.java:logGet(46)) - raft.server.write.element-limit = 1024 (custom)
2023-12-01 12:04:37,060 [bece060d-3fe8-48fd-a57c-c67080073878@group-517770FE8037-LeaderElection20] INFO  server.RaftServerConfigKeys (ConfUtils.java:logGet(46)) - raft.server.write.follower.gap.ratio.max = -1.0 (default)
2023-12-01 12:04:37,060 [bece060d-3fe8-48fd-a57c-c67080073878@group-517770FE8037-LeaderElection20] INFO  impl.RoleInfo (RoleInfo.java:updateAndGet(139)) - bece060d-3fe8-48fd-a57c-c67080073878: start bece060d-3fe8-48fd-a57c-c67080073878@group-517770FE8037-LeaderStateImpl
2023-12-01 12:04:37,060 [bece060d-3fe8-48fd-a57c-c67080073878@group-517770FE8037-LeaderElection20] INFO  server.RaftServer$Division (RaftServerImpl.java:setFirstElection(564)) - bece060d-3fe8-48fd-a57c-c67080073878@group-517770FE8037: set firstElectionSinceStartup to false for becomeLeader
2023-12-01 12:04:37,060 [bece060d-3fe8-48fd-a57c-c67080073878@group-517770FE8037-LeaderElection20] INFO  ratis.XceiverServerRatis (XceiverServerRatis.java:handleLeaderChangedNotification(912)) - Leader change notification received for group: group-517770FE8037 with new leaderId: bece060d-3fe8-48fd-a57c-c67080073878
2023-12-01 12:04:37,060 [bece060d-3fe8-48fd-a57c-c67080073878@group-517770FE8037-LeaderElection20] INFO  server.RaftServer$Division (ServerState.java:setLeader(265)) - bece060d-3fe8-48fd-a57c-c67080073878@group-517770FE8037: change Leader from null to bece060d-3fe8-48fd-a57c-c67080073878 at term 1 for becomeLeader, leader elected after 5210ms
2023-12-01 12:04:37,061 [bece060d-3fe8-48fd-a57c-c67080073878@group-517770FE8037-LeaderElection20] INFO  segmented.SegmentedRaftLogWorker (SegmentedRaftLogWorker.java:startLogSegment(428)) - bece060d-3fe8-48fd-a57c-c67080073878@group-517770FE8037-SegmentedRaftLogWorker: Starting segment from index:0
2023-12-01 12:04:37,062 [bece060d-3fe8-48fd-a57c-c67080073878@group-517770FE8037-LeaderElection20] INFO  server.RaftServer$Division (ServerState.java:setRaftConf(382)) - bece060d-3fe8-48fd-a57c-c67080073878@group-517770FE8037: set configuration 0: peers:[bece060d-3fe8-48fd-a57c-c67080073878|10.1.0.24:15094]|listeners:[], old=null
2023-12-01 12:04:37,068 [bece060d-3fe8-48fd-a57c-c67080073878@group-517770FE8037-SegmentedRaftLogWorker] INFO  segmented.SegmentedRaftLogWorker (SegmentedRaftLogWorker.java:execute(632)) - bece060d-3fe8-48fd-a57c-c67080073878@group-517770FE8037-SegmentedRaftLogWorker: created new log segment /home/runner/work/ozone/ozone/hadoop-ozone/integration-test/target/test-dir/MiniOzoneClusterImpl-6e44b040-7731-4908-af37-66cbba4f501b/datanode-2/data/ratis/1e311d18-a939-42e1-ade4-517770fe8037/current/log_inprogress_0
2023-12-01 12:04:37,069 [bece060d-3fe8-48fd-a57c-c67080073878@group-517770FE8037-StateMachineUpdater] INFO  server.RaftServer$Division (LeaderStateImpl.java:isApplied(316)) - leader is ready since appliedIndex == 0 >= startIndex == 0
2023-12-01 12:04:37,705 [a52b3d00-e6b2-4875-97ef-1383dbbdd16b-impl-thread3] INFO  segmented.SegmentedRaftLogWorker (SegmentedRaftLogWorker.java:close(243)) - a52b3d00-e6b2-4875-97ef-1383dbbdd16b@group-4341143E4683-SegmentedRaftLogWorker close()
2023-12-01 12:04:37,757 [a52b3d00-e6b2-4875-97ef-1383dbbdd16b-impl-thread1] INFO  segmented.SegmentedRaftLogWorker (SegmentedRaftLogWorker.java:close(243)) - a52b3d00-e6b2-4875-97ef-1383dbbdd16b@group-1BBC237B5611-SegmentedRaftLogWorker close()
2023-12-01 12:04:39,266 [grpc-default-executor-4] WARN  server.GrpcLogAppender (LogUtils.java:warn(121)) - bece060d-3fe8-48fd-a57c-c67080073878@group-1BBC237B5611->a52b3d00-e6b2-4875-97ef-1383dbbdd16b-AppendLogResponseHandler: Failed appendEntries: org.apache.ratis.thirdparty.io.grpc.StatusRuntimeException: UNAVAILABLE: io exception
2023-12-01 12:04:39,266 [grpc-default-executor-5] WARN  server.GrpcLogAppender (LogUtils.java:warn(121)) - bece060d-3fe8-48fd-a57c-c67080073878@group-1BBC237B5611->a52b3d00-e6b2-4875-97ef-1383dbbdd16b-AppendLogResponseHandler: Failed appendEntries: org.apache.ratis.thirdparty.io.grpc.StatusRuntimeException: UNAVAILABLE: io exception
2023-12-01 12:04:39,267 [grpc-default-executor-4] WARN  server.GrpcLogAppender (GrpcLogAppender.java:resetClient(140)) - bece060d-3fe8-48fd-a57c-c67080073878@group-1BBC237B5611->a52b3d00-e6b2-4875-97ef-1383dbbdd16b-GrpcLogAppender: Follower failed and request == null,  keep nextIndex (1) unchanged and retry.
2023-12-01 12:04:39,268 [grpc-default-executor-5] WARN  server.GrpcLogAppender (GrpcLogAppender.java:resetClient(140)) - bece060d-3fe8-48fd-a57c-c67080073878@group-1BBC237B5611->a52b3d00-e6b2-4875-97ef-1383dbbdd16b-GrpcLogAppender: Follower failed and request == null,  keep nextIndex (1) unchanged and retry.
2023-12-01 12:04:40,518 [grpc-default-executor-5] WARN  server.GrpcLogAppender (LogUtils.java:warn(121)) - bece060d-3fe8-48fd-a57c-c67080073878@group-1BBC237B5611->a52b3d00-e6b2-4875-97ef-1383dbbdd16b-AppendLogResponseHandler: Failed appendEntries: org.apache.ratis.thirdparty.io.grpc.StatusRuntimeException: UNAVAILABLE: io exception
2023-12-01 12:04:40,518 [grpc-default-executor-4] WARN  server.GrpcLogAppender (LogUtils.java:warn(121)) - bece060d-3fe8-48fd-a57c-c67080073878@group-1BBC237B5611->a52b3d00-e6b2-4875-97ef-1383dbbdd16b-AppendLogResponseHandler: Failed appendEntries: org.apache.ratis.thirdparty.io.grpc.StatusRuntimeException: UNAVAILABLE: io exception
2023-12-01 12:04:40,520 [grpc-default-executor-5] WARN  server.GrpcLogAppender (GrpcLogAppender.java:resetClient(140)) - bece060d-3fe8-48fd-a57c-c67080073878@group-1BBC237B5611->a52b3d00-e6b2-4875-97ef-1383dbbdd16b-GrpcLogAppender: Follower failed and request == null,  keep nextIndex (1) unchanged and retry.
2023-12-01 12:04:40,520 [grpc-default-executor-4] WARN  server.GrpcLogAppender (GrpcLogAppender.java:resetClient(140)) - bece060d-3fe8-48fd-a57c-c67080073878@group-1BBC237B5611->a52b3d00-e6b2-4875-97ef-1383dbbdd16b-GrpcLogAppender: Follower failed and request == null,  keep nextIndex (1) unchanged and retry.
2023-12-01 12:04:41,771 [grpc-default-executor-4] WARN  server.GrpcLogAppender (LogUtils.java:warn(121)) - bece060d-3fe8-48fd-a57c-c67080073878@group-1BBC237B5611->a52b3d00-e6b2-4875-97ef-1383dbbdd16b-AppendLogResponseHandler: Failed appendEntries: org.apache.ratis.thirdparty.io.grpc.StatusRuntimeException: UNAVAILABLE: io exception
2023-12-01 12:04:41,771 [grpc-default-executor-5] WARN  server.GrpcLogAppender (LogUtils.java:warn(121)) - bece060d-3fe8-48fd-a57c-c67080073878@group-1BBC237B5611->a52b3d00-e6b2-4875-97ef-1383dbbdd16b-AppendLogResponseHandler: Failed appendEntries: org.apache.ratis.thirdparty.io.grpc.StatusRuntimeException: UNAVAILABLE: io exception
2023-12-01 12:04:41,772 [grpc-default-executor-4] WARN  server.GrpcLogAppender (GrpcLogAppender.java:resetClient(140)) - bece060d-3fe8-48fd-a57c-c67080073878@group-1BBC237B5611->a52b3d00-e6b2-4875-97ef-1383dbbdd16b-GrpcLogAppender: Follower failed and request == null,  keep nextIndex (1) unchanged and retry.
2023-12-01 12:04:41,772 [grpc-default-executor-5] WARN  server.GrpcLogAppender (GrpcLogAppender.java:resetClient(140)) - bece060d-3fe8-48fd-a57c-c67080073878@group-1BBC237B5611->a52b3d00-e6b2-4875-97ef-1383dbbdd16b-GrpcLogAppender: Follower failed and request == null,  keep nextIndex (1) unchanged and retry.
2023-12-01 12:04:42,709 [EventQueue-StaleNodeForStaleNodeHandler] INFO  node.StaleNodeHandler (StaleNodeHandler.java:onMessage(57)) - Datanode a52b3d00-e6b2-4875-97ef-1383dbbdd16b(fv-az1423-675.ei5rwdf52qxuxllzxeqjam05jd.ex.internal.cloudapp.net/10.1.0.24) moved to stale state. Finalizing its pipelines [PipelineID=1604b372-a121-49be-a60c-1bbc237b5611, PipelineID=26dd2faf-e2aa-453c-847f-c65efe1a7aac, PipelineID=ea98f026-8e19-4958-9d58-4341143e4683]
2023-12-01 12:04:42,710 [EventQueue-StaleNodeForStaleNodeHandler] INFO  pipeline.PipelineManagerImpl (PipelineManagerImpl.java:closePipeline(518)) - Pipeline PipelineID=1604b372-a121-49be-a60c-1bbc237b5611 moved to CLOSED state
2023-12-01 12:04:42,711 [EventQueue-StaleNodeForStaleNodeHandler] INFO  pipeline.PipelineManagerImpl (PipelineManagerImpl.java:closePipeline(518)) - Pipeline PipelineID=26dd2faf-e2aa-453c-847f-c65efe1a7aac moved to CLOSED state
2023-12-01 12:04:42,711 [EventQueue-StaleNodeForStaleNodeHandler] INFO  pipeline.PipelineManagerImpl (PipelineManagerImpl.java:closePipeline(518)) - Pipeline PipelineID=ea98f026-8e19-4958-9d58-4341143e4683 moved to CLOSED state
2023-12-01 12:04:42,873 [RatisPipelineUtilsThread-0] ERROR scm.SCMCommonPlacementPolicy (SCMCommonPlacementPolicy.java:filterNodesWithSpace(286)) - Unable to find enough nodes that meet the space requirement of 1073741824 bytes for metadata and 5368709120 bytes for data in healthy node set. Required 3. Found 2.
2023-12-01 12:04:43,024 [grpc-default-executor-5] WARN  server.GrpcLogAppender (LogUtils.java:warn(121)) - bece060d-3fe8-48fd-a57c-c67080073878@group-1BBC237B5611->a52b3d00-e6b2-4875-97ef-1383dbbdd16b-AppendLogResponseHandler: Failed appendEntries: org.apache.ratis.thirdparty.io.grpc.StatusRuntimeException: UNAVAILABLE: io exception
2023-12-01 12:04:43,024 [grpc-default-executor-4] WARN  server.GrpcLogAppender (LogUtils.java:warn(121)) - bece060d-3fe8-48fd-a57c-c67080073878@group-1BBC237B5611->a52b3d00-e6b2-4875-97ef-1383dbbdd16b-AppendLogResponseHandler: Failed appendEntries: org.apache.ratis.thirdparty.io.grpc.StatusRuntimeException: UNAVAILABLE: io exception
2023-12-01 12:04:43,025 [grpc-default-executor-5] WARN  server.GrpcLogAppender (GrpcLogAppender.java:resetClient(140)) - bece060d-3fe8-48fd-a57c-c67080073878@group-1BBC237B5611->a52b3d00-e6b2-4875-97ef-1383dbbdd16b-GrpcLogAppender: Follower failed and request == null,  keep nextIndex (1) unchanged and retry.
2023-12-01 12:04:43,025 [grpc-default-executor-4] WARN  server.GrpcLogAppender (GrpcLogAppender.java:resetClient(140)) - bece060d-3fe8-48fd-a57c-c67080073878@group-1BBC237B5611->a52b3d00-e6b2-4875-97ef-1383dbbdd16b-GrpcLogAppender: Follower failed and request == null,  keep nextIndex (1) unchanged and retry.
2023-12-01 12:04:43,374 [RatisPipelineUtilsThread-0] ERROR scm.SCMCommonPlacementPolicy (SCMCommonPlacementPolicy.java:filterNodesWithSpace(286)) - Unable to find enough nodes that meet the space requirement of 1073741824 bytes for metadata and 5368709120 bytes for data in healthy node set. Required 3. Found 2.
2023-12-01 12:04:43,875 [RatisPipelineUtilsThread-0] ERROR scm.SCMCommonPlacementPolicy (SCMCommonPlacementPolicy.java:filterNodesWithSpace(286)) - Unable to find enough nodes that meet the space requirement of 1073741824 bytes for metadata and 5368709120 bytes for data in healthy node set. Required 3. Found 2.
2023-12-01 12:04:44,276 [grpc-default-executor-4] WARN  server.GrpcLogAppender (LogUtils.java:warn(121)) - bece060d-3fe8-48fd-a57c-c67080073878@group-1BBC237B5611->a52b3d00-e6b2-4875-97ef-1383dbbdd16b-AppendLogResponseHandler: Failed appendEntries: org.apache.ratis.thirdparty.io.grpc.StatusRuntimeException: UNAVAILABLE: io exception
2023-12-01 12:04:44,276 [grpc-default-executor-5] WARN  server.GrpcLogAppender (LogUtils.java:warn(121)) - bece060d-3fe8-48fd-a57c-c67080073878@group-1BBC237B5611->a52b3d00-e6b2-4875-97ef-1383dbbdd16b-AppendLogResponseHandler: Failed appendEntries: org.apache.ratis.thirdparty.io.grpc.StatusRuntimeException: UNAVAILABLE: io exception
2023-12-01 12:04:44,277 [grpc-default-executor-4] WARN  server.GrpcLogAppender (GrpcLogAppender.java:resetClient(140)) - bece060d-3fe8-48fd-a57c-c67080073878@group-1BBC237B5611->a52b3d00-e6b2-4875-97ef-1383dbbdd16b-GrpcLogAppender: Follower failed and request == null,  keep nextIndex (1) unchanged and retry.
2023-12-01 12:04:44,277 [grpc-default-executor-5] WARN  server.GrpcLogAppender (GrpcLogAppender.java:resetClient(140)) - bece060d-3fe8-48fd-a57c-c67080073878@group-1BBC237B5611->a52b3d00-e6b2-4875-97ef-1383dbbdd16b-GrpcLogAppender: Follower failed and request == null,  keep nextIndex (1) unchanged and retry.
2023-12-01 12:04:44,377 [RatisPipelineUtilsThread-0] ERROR scm.SCMCommonPlacementPolicy (SCMCommonPlacementPolicy.java:filterNodesWithSpace(286)) - Unable to find enough nodes that meet the space requirement of 1073741824 bytes for metadata and 5368709120 bytes for data in healthy node set. Required 3. Found 2.
2023-12-01 12:04:44,877 [RatisPipelineUtilsThread-0] ERROR scm.SCMCommonPlacementPolicy (SCMCommonPlacementPolicy.java:filterNodesWithSpace(286)) - Unable to find enough nodes that meet the space requirement of 1073741824 bytes for metadata and 5368709120 bytes for data in healthy node set. Required 3. Found 2.
2023-12-01 12:04:45,378 [RatisPipelineUtilsThread-0] ERROR scm.SCMCommonPlacementPolicy (SCMCommonPlacementPolicy.java:filterNodesWithSpace(286)) - Unable to find enough nodes that meet the space requirement of 1073741824 bytes for metadata and 5368709120 bytes for data in healthy node set. Required 3. Found 2.
2023-12-01 12:04:45,880 [RatisPipelineUtilsThread-0] ERROR scm.SCMCommonPlacementPolicy (SCMCommonPlacementPolicy.java:filterNodesWithSpace(286)) - Unable to find enough nodes that meet the space requirement of 1073741824 bytes for metadata and 5368709120 bytes for data in healthy node set. Required 3. Found 2.
2023-12-01 12:04:46,122 [grpc-default-executor-5] WARN  server.GrpcLogAppender (LogUtils.java:warn(121)) - bece060d-3fe8-48fd-a57c-c67080073878@group-1BBC237B5611->a52b3d00-e6b2-4875-97ef-1383dbbdd16b-AppendLogResponseHandler: Failed appendEntries: org.apache.ratis.thirdparty.io.grpc.StatusRuntimeException: UNAVAILABLE: io exception
2023-12-01 12:04:46,122 [grpc-default-executor-4] WARN  server.GrpcLogAppender (LogUtils.java:warn(121)) - bece060d-3fe8-48fd-a57c-c67080073878@group-1BBC237B5611->a52b3d00-e6b2-4875-97ef-1383dbbdd16b-AppendLogResponseHandler: Failed appendEntries: org.apache.ratis.thirdparty.io.grpc.StatusRuntimeException: UNAVAILABLE: io exception
2023-12-01 12:04:46,123 [grpc-default-executor-5] WARN  server.GrpcLogAppender (GrpcLogAppender.java:resetClient(140)) - bece060d-3fe8-48fd-a57c-c67080073878@group-1BBC237B5611->a52b3d00-e6b2-4875-97ef-1383dbbdd16b-GrpcLogAppender: Follower failed and request == null,  keep nextIndex (1) unchanged and retry.
2023-12-01 12:04:46,124 [grpc-default-executor-4] WARN  server.GrpcLogAppender (GrpcLogAppender.java:resetClient(140)) - bece060d-3fe8-48fd-a57c-c67080073878@group-1BBC237B5611->a52b3d00-e6b2-4875-97ef-1383dbbdd16b-GrpcLogAppender: Follower failed and request == null,  keep nextIndex (1) unchanged and retry.
2023-12-01 12:04:46,380 [RatisPipelineUtilsThread-0] ERROR scm.SCMCommonPlacementPolicy (SCMCommonPlacementPolicy.java:filterNodesWithSpace(286)) - Unable to find enough nodes that meet the space requirement of 1073741824 bytes for metadata and 5368709120 bytes for data in healthy node set. Required 3. Found 2.
2023-12-01 12:04:46,882 [RatisPipelineUtilsThread-0] ERROR scm.SCMCommonPlacementPolicy (SCMCommonPlacementPolicy.java:filterNodesWithSpace(286)) - Unable to find enough nodes that meet the space requirement of 1073741824 bytes for metadata and 5368709120 bytes for data in healthy node set. Required 3. Found 2.
2023-12-01 12:04:47,182 [d61ce6df-bfa3-4031-bef1-0b60ac375a39@group-C65EFE1A7AAC-FollowerState] INFO  impl.FollowerState (FollowerState.java:run(143)) - d61ce6df-bfa3-4031-bef1-0b60ac375a39@group-C65EFE1A7AAC-FollowerState: change to CANDIDATE, lastRpcElapsedTime:10331506734ns, electionTimeout:5168ms
2023-12-01 12:04:47,182 [d61ce6df-bfa3-4031-bef1-0b60ac375a39@group-C65EFE1A7AAC-FollowerState] INFO  impl.RoleInfo (RoleInfo.java:shutdownFollowerState(110)) - d61ce6df-bfa3-4031-bef1-0b60ac375a39: shutdown d61ce6df-bfa3-4031-bef1-0b60ac375a39@group-C65EFE1A7AAC-FollowerState
2023-12-01 12:04:47,182 [d61ce6df-bfa3-4031-bef1-0b60ac375a39@group-C65EFE1A7AAC-FollowerState] INFO  server.RaftServer$Division (RaftServerImpl.java:setRole(379)) - d61ce6df-bfa3-4031-bef1-0b60ac375a39@group-C65EFE1A7AAC: changes role from  FOLLOWER to CANDIDATE at term 1 for changeToCandidate
2023-12-01 12:04:47,182 [d61ce6df-bfa3-4031-bef1-0b60ac375a39@group-C65EFE1A7AAC-FollowerState] INFO  server.RaftServerConfigKeys (ConfUtils.java:logGet(46)) - raft.server.leaderelection.pre-vote = true (default)
2023-12-01 12:04:47,182 [d61ce6df-bfa3-4031-bef1-0b60ac375a39@group-C65EFE1A7AAC-FollowerState] INFO  impl.RoleInfo (RoleInfo.java:updateAndGet(139)) - d61ce6df-bfa3-4031-bef1-0b60ac375a39: start d61ce6df-bfa3-4031-bef1-0b60ac375a39@group-C65EFE1A7AAC-LeaderElection21
2023-12-01 12:04:47,183 [d61ce6df-bfa3-4031-bef1-0b60ac375a39@group-C65EFE1A7AAC-LeaderElection21] INFO  impl.LeaderElection (LeaderElection.java:askForVotes(323)) - d61ce6df-bfa3-4031-bef1-0b60ac375a39@group-C65EFE1A7AAC-LeaderElection21 PRE_VOTE round 0: submit vote requests at term 1 for -1: peers:[a52b3d00-e6b2-4875-97ef-1383dbbdd16b|10.1.0.24:15076, bece060d-3fe8-48fd-a57c-c67080073878|10.1.0.24:15094, d61ce6df-bfa3-4031-bef1-0b60ac375a39|10.1.0.24:15085]|listeners:[], old=null
2023-12-01 12:04:47,186 [grpc-default-executor-4] INFO  server.RaftServer$Division (RaftServerImpl.java:requestVote(1377)) - bece060d-3fe8-48fd-a57c-c67080073878@group-C65EFE1A7AAC: receive requestVote(PRE_VOTE, d61ce6df-bfa3-4031-bef1-0b60ac375a39, group-C65EFE1A7AAC, 1, (t:0, i:0))
2023-12-01 12:04:47,186 [grpc-default-executor-4] INFO  impl.VoteContext (VoteContext.java:log(49)) - bece060d-3fe8-48fd-a57c-c67080073878@group-C65EFE1A7AAC-FOLLOWER: accept PRE_VOTE from d61ce6df-bfa3-4031-bef1-0b60ac375a39: our priority 0 <= candidate's priority 0
2023-12-01 12:04:47,186 [grpc-default-executor-4] INFO  server.RaftServer$Division (RaftServerImpl.java:requestVote(1410)) - bece060d-3fe8-48fd-a57c-c67080073878@group-C65EFE1A7AAC replies to PRE_VOTE vote request: d61ce6df-bfa3-4031-bef1-0b60ac375a39<-bece060d-3fe8-48fd-a57c-c67080073878#0:OK-t1. Peer's state: bece060d-3fe8-48fd-a57c-c67080073878@group-C65EFE1A7AAC:t1, leader=null, voted=a52b3d00-e6b2-4875-97ef-1383dbbdd16b, raftlog=Memoized:bece060d-3fe8-48fd-a57c-c67080073878@group-C65EFE1A7AAC-SegmentedRaftLog:OPENED:c-1, conf=-1: peers:[a52b3d00-e6b2-4875-97ef-1383dbbdd16b|10.1.0.24:15076, bece060d-3fe8-48fd-a57c-c67080073878|10.1.0.24:15094, d61ce6df-bfa3-4031-bef1-0b60ac375a39|10.1.0.24:15085]|listeners:[], old=null
2023-12-01 12:04:47,187 [d61ce6df-bfa3-4031-bef1-0b60ac375a39@group-C65EFE1A7AAC-LeaderElection21] INFO  impl.LeaderElection (LogUtils.java:infoOrTrace(136)) - d61ce6df-bfa3-4031-bef1-0b60ac375a39@group-C65EFE1A7AAC-LeaderElection21 got exception when requesting votes: java.util.concurrent.ExecutionException: org.apache.ratis.thirdparty.io.grpc.StatusRuntimeException: UNAVAILABLE: io exception
2023-12-01 12:04:47,192 [d61ce6df-bfa3-4031-bef1-0b60ac375a39@group-C65EFE1A7AAC-LeaderElection21] INFO  impl.LeaderElection (LeaderElection.java:logAndReturn(89)) - d61ce6df-bfa3-4031-bef1-0b60ac375a39@group-C65EFE1A7AAC-LeaderElection21: PRE_VOTE PASSED received 1 response(s) and 1 exception(s):
2023-12-01 12:04:47,192 [d61ce6df-bfa3-4031-bef1-0b60ac375a39@group-C65EFE1A7AAC-LeaderElection21] INFO  impl.LeaderElection (LeaderElection.java:logAndReturn(93)) -   Response 0: d61ce6df-bfa3-4031-bef1-0b60ac375a39<-bece060d-3fe8-48fd-a57c-c67080073878#0:OK-t1
2023-12-01 12:04:47,192 [d61ce6df-bfa3-4031-bef1-0b60ac375a39@group-C65EFE1A7AAC-LeaderElection21] INFO  impl.LeaderElection (LogUtils.java:infoOrTrace(136)) -   Exception 1: java.util.concurrent.ExecutionException: org.apache.ratis.thirdparty.io.grpc.StatusRuntimeException: UNAVAILABLE: io exception
2023-12-01 12:04:47,193 [d61ce6df-bfa3-4031-bef1-0b60ac375a39@group-C65EFE1A7AAC-LeaderElection21] INFO  impl.LeaderElection (LeaderElection.java:askForVotes(325)) - d61ce6df-bfa3-4031-bef1-0b60ac375a39@group-C65EFE1A7AAC-LeaderElection21 PRE_VOTE round 0: result PASSED
2023-12-01 12:04:47,194 [d61ce6df-bfa3-4031-bef1-0b60ac375a39@group-C65EFE1A7AAC-LeaderElection21] INFO  impl.LeaderElection (LeaderElection.java:askForVotes(323)) - d61ce6df-bfa3-4031-bef1-0b60ac375a39@group-C65EFE1A7AAC-LeaderElection21 ELECTION round 0: submit vote requests at term 2 for -1: peers:[a52b3d00-e6b2-4875-97ef-1383dbbdd16b|10.1.0.24:15076, bece060d-3fe8-48fd-a57c-c67080073878|10.1.0.24:15094, d61ce6df-bfa3-4031-bef1-0b60ac375a39|10.1.0.24:15085]|listeners:[], old=null
2023-12-01 12:04:47,194 [d61ce6df-bfa3-4031-bef1-0b60ac375a39@group-C65EFE1A7AAC-LeaderElection21] INFO  impl.LeaderElection (LogUtils.java:infoOrTrace(136)) - d61ce6df-bfa3-4031-bef1-0b60ac375a39@group-C65EFE1A7AAC-LeaderElection21 got exception when requesting votes: java.util.concurrent.ExecutionException: org.apache.ratis.thirdparty.io.grpc.StatusRuntimeException: UNAVAILABLE: io exception
2023-12-01 12:04:47,196 [grpc-default-executor-4] INFO  server.RaftServer$Division (RaftServerImpl.java:requestVote(1377)) - bece060d-3fe8-48fd-a57c-c67080073878@group-C65EFE1A7AAC: receive requestVote(ELECTION, d61ce6df-bfa3-4031-bef1-0b60ac375a39, group-C65EFE1A7AAC, 2, (t:0, i:0))
2023-12-01 12:04:47,196 [grpc-default-executor-4] INFO  impl.VoteContext (VoteContext.java:log(49)) - bece060d-3fe8-48fd-a57c-c67080073878@group-C65EFE1A7AAC-FOLLOWER: accept ELECTION from d61ce6df-bfa3-4031-bef1-0b60ac375a39: our priority 0 <= candidate's priority 0
2023-12-01 12:04:47,196 [grpc-default-executor-4] INFO  server.RaftServer$Division (RaftServerImpl.java:setRole(379)) - bece060d-3fe8-48fd-a57c-c67080073878@group-C65EFE1A7AAC: changes role from  FOLLOWER to FOLLOWER at term 2 for candidate:d61ce6df-bfa3-4031-bef1-0b60ac375a39
2023-12-01 12:04:47,196 [grpc-default-executor-4] INFO  impl.RoleInfo (RoleInfo.java:shutdownFollowerState(110)) - bece060d-3fe8-48fd-a57c-c67080073878: shutdown bece060d-3fe8-48fd-a57c-c67080073878@group-C65EFE1A7AAC-FollowerState
2023-12-01 12:04:47,196 [grpc-default-executor-4] INFO  impl.RoleInfo (RoleInfo.java:updateAndGet(139)) - bece060d-3fe8-48fd-a57c-c67080073878: start bece060d-3fe8-48fd-a57c-c67080073878@group-C65EFE1A7AAC-FollowerState
2023-12-01 12:04:47,196 [bece060d-3fe8-48fd-a57c-c67080073878@group-C65EFE1A7AAC-FollowerState] INFO  impl.FollowerState (FollowerState.java:run(152)) - bece060d-3fe8-48fd-a57c-c67080073878@group-C65EFE1A7AAC-FollowerState was interrupted
2023-12-01 12:04:47,200 [grpc-default-executor-4] INFO  server.RaftServer$Division (RaftServerImpl.java:requestVote(1410)) - bece060d-3fe8-48fd-a57c-c67080073878@group-C65EFE1A7AAC replies to ELECTION vote request: d61ce6df-bfa3-4031-bef1-0b60ac375a39<-bece060d-3fe8-48fd-a57c-c67080073878#0:OK-t2. Peer's state: bece060d-3fe8-48fd-a57c-c67080073878@group-C65EFE1A7AAC:t2, leader=null, voted=d61ce6df-bfa3-4031-bef1-0b60ac375a39, raftlog=Memoized:bece060d-3fe8-48fd-a57c-c67080073878@group-C65EFE1A7AAC-SegmentedRaftLog:OPENED:c-1, conf=-1: peers:[a52b3d00-e6b2-4875-97ef-1383dbbdd16b|10.1.0.24:15076, bece060d-3fe8-48fd-a57c-c67080073878|10.1.0.24:15094, d61ce6df-bfa3-4031-bef1-0b60ac375a39|10.1.0.24:15085]|listeners:[], old=null
2023-12-01 12:04:47,207 [d61ce6df-bfa3-4031-bef1-0b60ac375a39@group-C65EFE1A7AAC-LeaderElection21] INFO  impl.LeaderElection (LeaderElection.java:logAndReturn(89)) - d61ce6df-bfa3-4031-bef1-0b60ac375a39@group-C65EFE1A7AAC-LeaderElection21: ELECTION PASSED received 1 response(s) and 1 exception(s):
2023-12-01 12:04:47,208 [d61ce6df-bfa3-4031-bef1-0b60ac375a39@group-C65EFE1A7AAC-LeaderElection21] INFO  impl.LeaderElection (LeaderElection.java:logAndReturn(93)) -   Response 0: d61ce6df-bfa3-4031-bef1-0b60ac375a39<-bece060d-3fe8-48fd-a57c-c67080073878#0:OK-t2
2023-12-01 12:04:47,208 [d61ce6df-bfa3-4031-bef1-0b60ac375a39@group-C65EFE1A7AAC-LeaderElection21] INFO  impl.LeaderElection (LogUtils.java:infoOrTrace(136)) -   Exception 1: java.util.concurrent.ExecutionException: org.apache.ratis.thirdparty.io.grpc.StatusRuntimeException: UNAVAILABLE: io exception
2023-12-01 12:04:47,208 [d61ce6df-bfa3-4031-bef1-0b60ac375a39@group-C65EFE1A7AAC-LeaderElection21] INFO  impl.LeaderElection (LeaderElection.java:askForVotes(325)) - d61ce6df-bfa3-4031-bef1-0b60ac375a39@group-C65EFE1A7AAC-LeaderElection21 ELECTION round 0: result PASSED
2023-12-01 12:04:47,208 [d61ce6df-bfa3-4031-bef1-0b60ac375a39@group-C65EFE1A7AAC-LeaderElection21] INFO  impl.RoleInfo (RoleInfo.java:shutdownLeaderElection(130)) - d61ce6df-bfa3-4031-bef1-0b60ac375a39: shutdown d61ce6df-bfa3-4031-bef1-0b60ac375a39@group-C65EFE1A7AAC-LeaderElection21
2023-12-01 12:04:47,208 [d61ce6df-bfa3-4031-bef1-0b60ac375a39@group-C65EFE1A7AAC-LeaderElection21] INFO  server.RaftServer$Division (RaftServerImpl.java:setRole(379)) - d61ce6df-bfa3-4031-bef1-0b60ac375a39@group-C65EFE1A7AAC: changes role from CANDIDATE to LEADER at term 2 for changeToLeader
2023-12-01 12:04:47,208 [d61ce6df-bfa3-4031-bef1-0b60ac375a39@group-C65EFE1A7AAC-LeaderElection21] INFO  server.RaftServerConfigKeys (ConfUtils.java:logGet(46)) - raft.server.staging.catchup.gap = 1000 (default)
2023-12-01 12:04:47,208 [d61ce6df-bfa3-4031-bef1-0b60ac375a39@group-C65EFE1A7AAC-LeaderElection21] INFO  server.RaftServerConfigKeys (ConfUtils.java:logGet(46)) - raft.server.write.element-limit = 1024 (custom)
2023-12-01 12:04:47,209 [d61ce6df-bfa3-4031-bef1-0b60ac375a39@group-C65EFE1A7AAC-LeaderElection21] INFO  server.RaftServerConfigKeys (ConfUtils.java:logGet(46)) - raft.server.write.byte-limit = 1024 M (=1073741824) (custom)
2023-12-01 12:04:47,209 [d61ce6df-bfa3-4031-bef1-0b60ac375a39@group-C65EFE1A7AAC-LeaderElection21] INFO  server.RaftServerConfigKeys (ConfUtils.java:logGet(46)) - raft.server.watch.timeout = 180s (custom)
2023-12-01 12:04:47,209 [d61ce6df-bfa3-4031-bef1-0b60ac375a39@group-C65EFE1A7AAC-LeaderElection21] INFO  server.RaftServerConfigKeys (ConfUtils.java:logGet(46)) - raft.server.watch.timeout.denomination = 1s (default)
2023-12-01 12:04:47,209 [d61ce6df-bfa3-4031-bef1-0b60ac375a39@group-C65EFE1A7AAC-LeaderElection21] INFO  server.RaftServerConfigKeys (ConfUtils.java:logGet(46)) - raft.server.watch.element-limit = 65536 (default)
2023-12-01 12:04:47,209 [d61ce6df-bfa3-4031-bef1-0b60ac375a39@group-C65EFE1A7AAC-LeaderElection21] INFO  server.RaftServerConfigKeys (ConfUtils.java:logGet(46)) - raft.server.read.leader.lease.enabled = false (default)
2023-12-01 12:04:47,209 [d61ce6df-bfa3-4031-bef1-0b60ac375a39@group-C65EFE1A7AAC-LeaderElection21] INFO  server.RaftServerConfigKeys (ConfUtils.java:logGet(46)) - raft.server.read.leader.lease.timeout.ratio = 0.9 (default)
2023-12-01 12:04:47,209 [d61ce6df-bfa3-4031-bef1-0b60ac375a39@group-C65EFE1A7AAC-LeaderElection21] INFO  server.RaftServerConfigKeys (ConfUtils.java:logGet(46)) - raft.server.rpc.timeout.min = 5s (custom)
2023-12-01 12:04:47,209 [d61ce6df-bfa3-4031-bef1-0b60ac375a39@group-C65EFE1A7AAC-LeaderElection21] INFO  server.RaftServerConfigKeys (ConfUtils.java:logGet(46)) - raft.server.write.element-limit = 1024 (custom)
2023-12-01 12:04:47,209 [d61ce6df-bfa3-4031-bef1-0b60ac375a39@group-C65EFE1A7AAC-LeaderElection21] INFO  server.RaftServerConfigKeys (ConfUtils.java:logGet(46)) - raft.server.write.follower.gap.ratio.max = -1.0 (default)
2023-12-01 12:04:47,210 [d61ce6df-bfa3-4031-bef1-0b60ac375a39@group-C65EFE1A7AAC-LeaderElection21] INFO  server.RaftServerConfigKeys (ConfUtils.java:logGet(46)) - raft.server.log.appender.snapshot.chunk.size.max = 16MB (=16777216) (default)
2023-12-01 12:04:47,210 [d61ce6df-bfa3-4031-bef1-0b60ac375a39@group-C65EFE1A7AAC-LeaderElection21] INFO  server.RaftServerConfigKeys (ConfUtils.java:logGet(46)) - raft.server.log.appender.buffer.byte-limit = 33554432 (custom)
2023-12-01 12:04:47,210 [d61ce6df-bfa3-4031-bef1-0b60ac375a39@group-C65EFE1A7AAC-LeaderElection21] INFO  server.RaftServerConfigKeys (ConfUtils.java:logGet(46)) - raft.server.log.appender.buffer.element-limit = 1 (custom)
2023-12-01 12:04:47,210 [d61ce6df-bfa3-4031-bef1-0b60ac375a39@group-C65EFE1A7AAC-LeaderElection21] INFO  server.RaftServerConfigKeys (ConfUtils.java:logGet(46)) - raft.server.log.appender.wait-time.min = 1ms (default)
2023-12-01 12:04:47,210 [d61ce6df-bfa3-4031-bef1-0b60ac375a39@group-C65EFE1A7AAC-LeaderElection21] INFO  grpc.GrpcConfigKeys (ConfUtils.java:logGet(46)) - raft.grpc.server.leader.outstanding.appends.max = 8 (default)
2023-12-01 12:04:47,210 [d61ce6df-bfa3-4031-bef1-0b60ac375a39@group-C65EFE1A7AAC-LeaderElection21] INFO  server.RaftServerConfigKeys (ConfUtils.java:logGet(46)) - raft.server.rpc.request.timeout = 60s (custom)
2023-12-01 12:04:47,210 [d61ce6df-bfa3-4031-bef1-0b60ac375a39@group-C65EFE1A7AAC-LeaderElection21] INFO  grpc.GrpcConfigKeys (ConfUtils.java:logGet(46)) - raft.grpc.server.install_snapshot.request.element-limit = 8 (default)
2023-12-01 12:04:47,210 [d61ce6df-bfa3-4031-bef1-0b60ac375a39@group-C65EFE1A7AAC-LeaderElection21] INFO  grpc.GrpcConfigKeys (ConfUtils.java:logGet(46)) - raft.grpc.server.install_snapshot.request.timeout = 3000ms (default)
2023-12-01 12:04:47,210 [d61ce6df-bfa3-4031-bef1-0b60ac375a39@group-C65EFE1A7AAC-LeaderElection21] INFO  server.RaftServerConfigKeys (ConfUtils.java:logGet(46)) - raft.server.log.appender.install.snapshot.enabled = false (custom)
2023-12-01 12:04:47,210 [d61ce6df-bfa3-4031-bef1-0b60ac375a39@group-C65EFE1A7AAC-LeaderElection21] INFO  grpc.GrpcConfigKeys (ConfUtils.java:logGet(46)) - raft.grpc.server.heartbeat.channel = true (default)
2023-12-01 12:04:47,211 [d61ce6df-bfa3-4031-bef1-0b60ac375a39@group-C65EFE1A7AAC-LeaderElection21] INFO  server.RaftServerConfigKeys (ConfUtils.java:logGet(46)) - raft.server.log.appender.snapshot.chunk.size.max = 16MB (=16777216) (default)
2023-12-01 12:04:47,211 [d61ce6df-bfa3-4031-bef1-0b60ac375a39@group-C65EFE1A7AAC-LeaderElection21] INFO  server.RaftServerConfigKeys (ConfUtils.java:logGet(46)) - raft.server.log.appender.buffer.byte-limit = 33554432 (custom)
2023-12-01 12:04:47,211 [d61ce6df-bfa3-4031-bef1-0b60ac375a39@group-C65EFE1A7AAC-LeaderElection21] INFO  server.RaftServerConfigKeys (ConfUtils.java:logGet(46)) - raft.server.log.appender.buffer.element-limit = 1 (custom)
2023-12-01 12:04:47,211 [d61ce6df-bfa3-4031-bef1-0b60ac375a39@group-C65EFE1A7AAC-LeaderElection21] INFO  server.RaftServerConfigKeys (ConfUtils.java:logGet(46)) - raft.server.log.appender.wait-time.min = 1ms (default)
2023-12-01 12:04:47,211 [d61ce6df-bfa3-4031-bef1-0b60ac375a39@group-C65EFE1A7AAC-LeaderElection21] INFO  grpc.GrpcConfigKeys (ConfUtils.java:logGet(46)) - raft.grpc.server.leader.outstanding.appends.max = 8 (default)
2023-12-01 12:04:47,211 [d61ce6df-bfa3-4031-bef1-0b60ac375a39@group-C65EFE1A7AAC-LeaderElection21] INFO  server.RaftServerConfigKeys (ConfUtils.java:logGet(46)) - raft.server.rpc.request.timeout = 60s (custom)
2023-12-01 12:04:47,211 [d61ce6df-bfa3-4031-bef1-0b60ac375a39@group-C65EFE1A7AAC-LeaderElection21] INFO  grpc.GrpcConfigKeys (ConfUtils.java:logGet(46)) - raft.grpc.server.install_snapshot.request.element-limit = 8 (default)
2023-12-01 12:04:47,212 [d61ce6df-bfa3-4031-bef1-0b60ac375a39@group-C65EFE1A7AAC-LeaderElection21] INFO  grpc.GrpcConfigKeys (ConfUtils.java:logGet(46)) - raft.grpc.server.install_snapshot.request.timeout = 3000ms (default)
2023-12-01 12:04:47,212 [d61ce6df-bfa3-4031-bef1-0b60ac375a39@group-C65EFE1A7AAC-LeaderElection21] INFO  server.RaftServerConfigKeys (ConfUtils.java:logGet(46)) - raft.server.log.appender.install.snapshot.enabled = false (custom)
2023-12-01 12:04:47,212 [d61ce6df-bfa3-4031-bef1-0b60ac375a39@group-C65EFE1A7AAC-LeaderElection21] INFO  grpc.GrpcConfigKeys (ConfUtils.java:logGet(46)) - raft.grpc.server.heartbeat.channel = true (default)
2023-12-01 12:04:47,212 [d61ce6df-bfa3-4031-bef1-0b60ac375a39@group-C65EFE1A7AAC-LeaderElection21] INFO  impl.RoleInfo (RoleInfo.java:updateAndGet(139)) - d61ce6df-bfa3-4031-bef1-0b60ac375a39: start d61ce6df-bfa3-4031-bef1-0b60ac375a39@group-C65EFE1A7AAC-LeaderStateImpl
2023-12-01 12:04:47,212 [d61ce6df-bfa3-4031-bef1-0b60ac375a39@group-C65EFE1A7AAC-LeaderElection21] INFO  ratis.XceiverServerRatis (XceiverServerRatis.java:handleLeaderChangedNotification(912)) - Leader change notification received for group: group-C65EFE1A7AAC with new leaderId: d61ce6df-bfa3-4031-bef1-0b60ac375a39
2023-12-01 12:04:47,212 [d61ce6df-bfa3-4031-bef1-0b60ac375a39@group-C65EFE1A7AAC-LeaderElection21] INFO  server.RaftServer$Division (ServerState.java:setLeader(265)) - d61ce6df-bfa3-4031-bef1-0b60ac375a39@group-C65EFE1A7AAC: change Leader from null to d61ce6df-bfa3-4031-bef1-0b60ac375a39 at term 2 for becomeLeader, leader elected after 15490ms
2023-12-01 12:04:47,212 [d61ce6df-bfa3-4031-bef1-0b60ac375a39@group-C65EFE1A7AAC-LeaderElection21] INFO  segmented.SegmentedRaftLogWorker (SegmentedRaftLogWorker.java:startLogSegment(428)) - d61ce6df-bfa3-4031-bef1-0b60ac375a39@group-C65EFE1A7AAC-SegmentedRaftLogWorker: Starting segment from index:0
2023-12-01 12:04:47,218 [d61ce6df-bfa3-4031-bef1-0b60ac375a39@group-C65EFE1A7AAC-LeaderElection21] INFO  server.RaftServer$Division (ServerState.java:setRaftConf(382)) - d61ce6df-bfa3-4031-bef1-0b60ac375a39@group-C65EFE1A7AAC: set configuration 0: peers:[a52b3d00-e6b2-4875-97ef-1383dbbdd16b|10.1.0.24:15076, bece060d-3fe8-48fd-a57c-c67080073878|10.1.0.24:15094, d61ce6df-bfa3-4031-bef1-0b60ac375a39|10.1.0.24:15085]|listeners:[], old=null
2023-12-01 12:04:47,222 [d61ce6df-bfa3-4031-bef1-0b60ac375a39@group-C65EFE1A7AAC-SegmentedRaftLogWorker] INFO  segmented.SegmentedRaftLogWorker (SegmentedRaftLogWorker.java:execute(632)) - d61ce6df-bfa3-4031-bef1-0b60ac375a39@group-C65EFE1A7AAC-SegmentedRaftLogWorker: created new log segment /home/runner/work/ozone/ozone/hadoop-ozone/integration-test/target/test-dir/MiniOzoneClusterImpl-6e44b040-7731-4908-af37-66cbba4f501b/datanode-1/data/ratis/26dd2faf-e2aa-453c-847f-c65efe1a7aac/current/log_inprogress_0
2023-12-01 12:04:47,224 [grpc-default-executor-4] WARN  server.GrpcLogAppender (LogUtils.java:warn(121)) - d61ce6df-bfa3-4031-bef1-0b60ac375a39@group-C65EFE1A7AAC->a52b3d00-e6b2-4875-97ef-1383dbbdd16b-AppendLogResponseHandler: Failed appendEntries: org.apache.ratis.thirdparty.io.grpc.StatusRuntimeException: UNAVAILABLE: io exception
2023-12-01 12:04:47,226 [grpc-default-executor-4] WARN  server.GrpcLogAppender (GrpcLogAppender.java:resetClient(140)) - d61ce6df-bfa3-4031-bef1-0b60ac375a39@group-C65EFE1A7AAC->a52b3d00-e6b2-4875-97ef-1383dbbdd16b-GrpcLogAppender: Follower failed and request == null,  keep nextIndex (0) unchanged and retry.
2023-12-01 12:04:47,226 [grpc-default-executor-1] WARN  server.GrpcLogAppender (LogUtils.java:warn(121)) - d61ce6df-bfa3-4031-bef1-0b60ac375a39@group-C65EFE1A7AAC->a52b3d00-e6b2-4875-97ef-1383dbbdd16b-AppendLogResponseHandler: Failed appendEntries: org.apache.ratis.thirdparty.io.grpc.StatusRuntimeException: UNAVAILABLE: io exception
2023-12-01 12:04:47,226 [grpc-default-executor-1] WARN  server.GrpcLogAppender (GrpcLogAppender.java:resetClient(140)) - d61ce6df-bfa3-4031-bef1-0b60ac375a39@group-C65EFE1A7AAC->a52b3d00-e6b2-4875-97ef-1383dbbdd16b-GrpcLogAppender: Follower failed and request == null,  keep nextIndex (0) unchanged and retry.
2023-12-01 12:04:47,228 [grpc-default-executor-1] WARN  server.GrpcLogAppender (LogUtils.java:warn(121)) - d61ce6df-bfa3-4031-bef1-0b60ac375a39@group-C65EFE1A7AAC->a52b3d00-e6b2-4875-97ef-1383dbbdd16b-AppendLogResponseHandler: Failed appendEntries: org.apache.ratis.thirdparty.io.grpc.StatusRuntimeException: UNAVAILABLE: io exception
2023-12-01 12:04:47,228 [grpc-default-executor-5] WARN  server.GrpcLogAppender (LogUtils.java:warn(121)) - d61ce6df-bfa3-4031-bef1-0b60ac375a39@group-C65EFE1A7AAC->a52b3d00-e6b2-4875-97ef-1383dbbdd16b-AppendLogResponseHandler: Failed appendEntries: org.apache.ratis.thirdparty.io.grpc.StatusRuntimeException: UNAVAILABLE: io exception
2023-12-01 12:04:47,232 [grpc-default-executor-1] WARN  server.GrpcLogAppender (GrpcLogAppender.java:resetClient(140)) - d61ce6df-bfa3-4031-bef1-0b60ac375a39@group-C65EFE1A7AAC->a52b3d00-e6b2-4875-97ef-1383dbbdd16b-GrpcLogAppender: Follower failed and request == null,  keep nextIndex (0) unchanged and retry.
2023-12-01 12:04:47,232 [bece060d-3fe8-48fd-a57c-c67080073878-server-thread1] INFO  ratis.XceiverServerRatis (XceiverServerRatis.java:handleLeaderChangedNotification(912)) - Leader change notification received for group: group-C65EFE1A7AAC with new leaderId: d61ce6df-bfa3-4031-bef1-0b60ac375a39
2023-12-01 12:04:47,232 [grpc-default-executor-5] WARN  server.GrpcLogAppender (GrpcLogAppender.java:resetClient(140)) - d61ce6df-bfa3-4031-bef1-0b60ac375a39@group-C65EFE1A7AAC->a52b3d00-e6b2-4875-97ef-1383dbbdd16b-GrpcLogAppender: Follower failed and request == null,  keep nextIndex (0) unchanged and retry.
2023-12-01 12:04:47,232 [bece060d-3fe8-48fd-a57c-c67080073878-server-thread1] INFO  server.RaftServer$Division (ServerState.java:setLeader(265)) - bece060d-3fe8-48fd-a57c-c67080073878@group-C65EFE1A7AAC: change Leader from null to d61ce6df-bfa3-4031-bef1-0b60ac375a39 at term 2 for appendEntries, leader elected after 15535ms
2023-12-01 12:04:47,233 [grpc-default-executor-5] WARN  server.GrpcLogAppender (LogUtils.java:warn(121)) - d61ce6df-bfa3-4031-bef1-0b60ac375a39@group-C65EFE1A7AAC->a52b3d00-e6b2-4875-97ef-1383dbbdd16b-AppendLogResponseHandler: Failed appendEntries: org.apache.ratis.thirdparty.io.grpc.StatusRuntimeException: UNAVAILABLE: io exception
2023-12-01 12:04:47,233 [grpc-default-executor-1] WARN  server.GrpcLogAppender (LogUtils.java:warn(121)) - d61ce6df-bfa3-4031-bef1-0b60ac375a39@group-C65EFE1A7AAC->a52b3d00-e6b2-4875-97ef-1383dbbdd16b-AppendLogResponseHandler: Failed appendEntries: org.apache.ratis.thirdparty.io.grpc.StatusRuntimeException: UNAVAILABLE: io exception
2023-12-01 12:04:47,234 [bece060d-3fe8-48fd-a57c-c67080073878-server-thread2] INFO  server.RaftServer$Division (ServerState.java:setRaftConf(382)) - bece060d-3fe8-48fd-a57c-c67080073878@group-C65EFE1A7AAC: set configuration 0: peers:[a52b3d00-e6b2-4875-97ef-1383dbbdd16b|10.1.0.24:15076, bece060d-3fe8-48fd-a57c-c67080073878|10.1.0.24:15094, d61ce6df-bfa3-4031-bef1-0b60ac375a39|10.1.0.24:15085]|listeners:[], old=null
2023-12-01 12:04:47,234 [bece060d-3fe8-48fd-a57c-c67080073878-server-thread2] INFO  segmented.SegmentedRaftLogWorker (SegmentedRaftLogWorker.java:startLogSegment(428)) - bece060d-3fe8-48fd-a57c-c67080073878@group-C65EFE1A7AAC-SegmentedRaftLogWorker: Starting segment from index:0
2023-12-01 12:04:47,235 [grpc-default-executor-5] WARN  server.GrpcLogAppender (GrpcLogAppender.java:resetClient(140)) - d61ce6df-bfa3-4031-bef1-0b60ac375a39@group-C65EFE1A7AAC->a52b3d00-e6b2-4875-97ef-1383dbbdd16b-GrpcLogAppender: Follower failed and request == null,  keep nextIndex (1) unchanged and retry.
2023-12-01 12:04:47,235 [grpc-default-executor-1] WARN  server.GrpcLogAppender (GrpcLogAppender.java:resetClient(140)) - d61ce6df-bfa3-4031-bef1-0b60ac375a39@group-C65EFE1A7AAC->a52b3d00-e6b2-4875-97ef-1383dbbdd16b-GrpcLogAppender: Follower failed and request == null,  keep nextIndex (1) unchanged and retry.
2023-12-01 12:04:47,241 [bece060d-3fe8-48fd-a57c-c67080073878@group-C65EFE1A7AAC-SegmentedRaftLogWorker] INFO  segmented.SegmentedRaftLogWorker (SegmentedRaftLogWorker.java:execute(632)) - bece060d-3fe8-48fd-a57c-c67080073878@group-C65EFE1A7AAC-SegmentedRaftLogWorker: created new log segment /home/runner/work/ozone/ozone/hadoop-ozone/integration-test/target/test-dir/MiniOzoneClusterImpl-6e44b040-7731-4908-af37-66cbba4f501b/datanode-2/data/ratis/26dd2faf-e2aa-453c-847f-c65efe1a7aac/current/log_inprogress_0
2023-12-01 12:04:47,244 [d61ce6df-bfa3-4031-bef1-0b60ac375a39@group-C65EFE1A7AAC-StateMachineUpdater] INFO  server.RaftServer$Division (LeaderStateImpl.java:isApplied(316)) - leader is ready since appliedIndex == 0 >= startIndex == 0
2023-12-01 12:04:47,383 [RatisPipelineUtilsThread-0] ERROR scm.SCMCommonPlacementPolicy (SCMCommonPlacementPolicy.java:filterNodesWithSpace(286)) - Unable to find enough nodes that meet the space requirement of 1073741824 bytes for metadata and 5368709120 bytes for data in healthy node set. Required 3. Found 2.
2023-12-01 12:04:47,521 [grpc-default-executor-1] WARN  server.GrpcLogAppender (LogUtils.java:warn(121)) - bece060d-3fe8-48fd-a57c-c67080073878@group-1BBC237B5611->a52b3d00-e6b2-4875-97ef-1383dbbdd16b-AppendLogResponseHandler: Failed appendEntries: org.apache.ratis.thirdparty.io.grpc.StatusRuntimeException: UNAVAILABLE: io exception
2023-12-01 12:04:47,521 [grpc-default-executor-5] WARN  server.GrpcLogAppender (LogUtils.java:warn(121)) - bece060d-3fe8-48fd-a57c-c67080073878@group-1BBC237B5611->a52b3d00-e6b2-4875-97ef-1383dbbdd16b-AppendLogResponseHandler: Failed appendEntries: org.apache.ratis.thirdparty.io.grpc.StatusRuntimeException: UNAVAILABLE: io exception
2023-12-01 12:04:47,522 [grpc-default-executor-1] WARN  server.GrpcLogAppender (GrpcLogAppender.java:resetClient(140)) - bece060d-3fe8-48fd-a57c-c67080073878@group-1BBC237B5611->a52b3d00-e6b2-4875-97ef-1383dbbdd16b-GrpcLogAppender: Follower failed and request == null,  keep nextIndex (1) unchanged and retry.
2023-12-01 12:04:47,523 [grpc-default-executor-5] WARN  server.GrpcLogAppender (GrpcLogAppender.java:resetClient(140)) - bece060d-3fe8-48fd-a57c-c67080073878@group-1BBC237B5611->a52b3d00-e6b2-4875-97ef-1383dbbdd16b-GrpcLogAppender: Follower failed and request == null,  keep nextIndex (1) unchanged and retry.
2023-12-01 12:04:47,884 [RatisPipelineUtilsThread-0] ERROR scm.SCMCommonPlacementPolicy (SCMCommonPlacementPolicy.java:filterNodesWithSpace(286)) - Unable to find enough nodes that meet the space requirement of 1073741824 bytes for metadata and 5368709120 bytes for data in healthy node set. Required 3. Found 2.
2023-12-01 12:04:48,385 [RatisPipelineUtilsThread-0] ERROR scm.SCMCommonPlacementPolicy (SCMCommonPlacementPolicy.java:filterNodesWithSpace(286)) - Unable to find enough nodes that meet the space requirement of 1073741824 bytes for metadata and 5368709120 bytes for data in healthy node set. Required 3. Found 2.
2023-12-01 12:04:48,484 [grpc-default-executor-5] WARN  server.GrpcLogAppender (LogUtils.java:warn(121)) - d61ce6df-bfa3-4031-bef1-0b60ac375a39@group-C65EFE1A7AAC->a52b3d00-e6b2-4875-97ef-1383dbbdd16b-AppendLogResponseHandler: Failed appendEntries: org.apache.ratis.thirdparty.io.grpc.StatusRuntimeException: UNAVAILABLE: io exception
2023-12-01 12:04:48,484 [grpc-default-executor-1] WARN  server.GrpcLogAppender (LogUtils.java:warn(121)) - d61ce6df-bfa3-4031-bef1-0b60ac375a39@group-C65EFE1A7AAC->a52b3d00-e6b2-4875-97ef-1383dbbdd16b-AppendLogResponseHandler: Failed appendEntries: org.apache.ratis.thirdparty.io.grpc.StatusRuntimeException: UNAVAILABLE: io exception
2023-12-01 12:04:48,485 [grpc-default-executor-5] WARN  server.GrpcLogAppender (GrpcLogAppender.java:resetClient(140)) - d61ce6df-bfa3-4031-bef1-0b60ac375a39@group-C65EFE1A7AAC->a52b3d00-e6b2-4875-97ef-1383dbbdd16b-GrpcLogAppender: Follower failed and request == null,  keep nextIndex (1) unchanged and retry.
2023-12-01 12:04:48,486 [grpc-default-executor-1] WARN  server.GrpcLogAppender (GrpcLogAppender.java:resetClient(140)) - d61ce6df-bfa3-4031-bef1-0b60ac375a39@group-C65EFE1A7AAC->a52b3d00-e6b2-4875-97ef-1383dbbdd16b-GrpcLogAppender: Follower failed and request == null,  keep nextIndex (1) unchanged and retry.
2023-12-01 12:04:48,885 [RatisPipelineUtilsThread-0] ERROR scm.SCMCommonPlacementPolicy (SCMCommonPlacementPolicy.java:filterNodesWithSpace(286)) - Unable to find enough nodes that meet the space requirement of 1073741824 bytes for metadata and 5368709120 bytes for data in healthy node set. Required 3. Found 2.
2023-12-01 12:04:49,280 [grpc-default-executor-1] WARN  server.GrpcLogAppender (LogUtils.java:warn(121)) - bece060d-3fe8-48fd-a57c-c67080073878@group-1BBC237B5611->a52b3d00-e6b2-4875-97ef-1383dbbdd16b-AppendLogResponseHandler: Failed appendEntries: org.apache.ratis.thirdparty.io.grpc.StatusRuntimeException: UNAVAILABLE: io exception
2023-12-01 12:04:49,280 [grpc-default-executor-5] WARN  server.GrpcLogAppender (LogUtils.java:warn(121)) - bece060d-3fe8-48fd-a57c-c67080073878@group-1BBC237B5611->a52b3d00-e6b2-4875-97ef-1383dbbdd16b-AppendLogResponseHandler: Failed appendEntries: org.apache.ratis.thirdparty.io.grpc.StatusRuntimeException: UNAVAILABLE: io exception
2023-12-01 12:04:49,281 [grpc-default-executor-1] WARN  server.GrpcLogAppender (GrpcLogAppender.java:resetClient(140)) - bece060d-3fe8-48fd-a57c-c67080073878@group-1BBC237B5611->a52b3d00-e6b2-4875-97ef-1383dbbdd16b-GrpcLogAppender: Follower failed and request == null,  keep nextIndex (1) unchanged and retry.
2023-12-01 12:04:49,282 [grpc-default-executor-5] WARN  server.GrpcLogAppender (GrpcLogAppender.java:resetClient(140)) - bece060d-3fe8-48fd-a57c-c67080073878@group-1BBC237B5611->a52b3d00-e6b2-4875-97ef-1383dbbdd16b-GrpcLogAppender: Follower failed and request == null,  keep nextIndex (1) unchanged and retry.
2023-12-01 12:04:49,386 [RatisPipelineUtilsThread-0] ERROR scm.SCMCommonPlacementPolicy (SCMCommonPlacementPolicy.java:filterNodesWithSpace(286)) - Unable to find enough nodes that meet the space requirement of 1073741824 bytes for metadata and 5368709120 bytes for data in healthy node set. Required 3. Found 2.
2023-12-01 12:04:49,736 [grpc-default-executor-5] WARN  server.GrpcLogAppender (LogUtils.java:warn(121)) - d61ce6df-bfa3-4031-bef1-0b60ac375a39@group-C65EFE1A7AAC->a52b3d00-e6b2-4875-97ef-1383dbbdd16b-AppendLogResponseHandler: Failed appendEntries: org.apache.ratis.thirdparty.io.grpc.StatusRuntimeException: UNAVAILABLE: io exception
2023-12-01 12:04:49,736 [grpc-default-executor-1] WARN  server.GrpcLogAppender (LogUtils.java:warn(121)) - d61ce6df-bfa3-4031-bef1-0b60ac375a39@group-C65EFE1A7AAC->a52b3d00-e6b2-4875-97ef-1383dbbdd16b-AppendLogResponseHandler: Failed appendEntries: org.apache.ratis.thirdparty.io.grpc.StatusRuntimeException: UNAVAILABLE: io exception
2023-12-01 12:04:49,737 [grpc-default-executor-5] WARN  server.GrpcLogAppender (GrpcLogAppender.java:resetClient(140)) - d61ce6df-bfa3-4031-bef1-0b60ac375a39@group-C65EFE1A7AAC->a52b3d00-e6b2-4875-97ef-1383dbbdd16b-GrpcLogAppender: Follower failed and request == null,  keep nextIndex (1) unchanged and retry.
2023-12-01 12:04:49,737 [grpc-default-executor-1] WARN  server.GrpcLogAppender (GrpcLogAppender.java:resetClient(140)) - d61ce6df-bfa3-4031-bef1-0b60ac375a39@group-C65EFE1A7AAC->a52b3d00-e6b2-4875-97ef-1383dbbdd16b-GrpcLogAppender: Follower failed and request == null,  keep nextIndex (1) unchanged and retry.
2023-12-01 12:04:49,887 [RatisPipelineUtilsThread-0] ERROR scm.SCMCommonPlacementPolicy (SCMCommonPlacementPolicy.java:filterNodesWithSpace(286)) - Unable to find enough nodes that meet the space requirement of 1073741824 bytes for metadata and 5368709120 bytes for data in healthy node set. Required 3. Found 2.
2023-12-01 12:04:50,388 [RatisPipelineUtilsThread-0] ERROR scm.SCMCommonPlacementPolicy (SCMCommonPlacementPolicy.java:filterNodesWithSpace(286)) - Unable to find enough nodes that meet the space requirement of 1073741824 bytes for metadata and 5368709120 bytes for data in healthy node set. Required 3. Found 2.
2023-12-01 12:04:50,601 [grpc-default-executor-1] WARN  server.GrpcLogAppender (LogUtils.java:warn(121)) - bece060d-3fe8-48fd-a57c-c67080073878@group-1BBC237B5611->a52b3d00-e6b2-4875-97ef-1383dbbdd16b-AppendLogResponseHandler: Failed appendEntries: org.apache.ratis.thirdparty.io.grpc.StatusRuntimeException: UNAVAILABLE: io exception
2023-12-01 12:04:50,601 [grpc-default-executor-5] WARN  server.GrpcLogAppender (LogUtils.java:warn(121)) - bece060d-3fe8-48fd-a57c-c67080073878@group-1BBC237B5611->a52b3d00-e6b2-4875-97ef-1383dbbdd16b-AppendLogResponseHandler: Failed appendEntries: org.apache.ratis.thirdparty.io.grpc.StatusRuntimeException: UNAVAILABLE: io exception
2023-12-01 12:04:50,602 [grpc-default-executor-1] WARN  server.GrpcLogAppender (GrpcLogAppender.java:resetClient(140)) - bece060d-3fe8-48fd-a57c-c67080073878@group-1BBC237B5611->a52b3d00-e6b2-4875-97ef-1383dbbdd16b-GrpcLogAppender: Follower failed and request == null,  keep nextIndex (1) unchanged and retry.
2023-12-01 12:04:50,602 [grpc-default-executor-5] WARN  server.GrpcLogAppender (GrpcLogAppender.java:resetClient(140)) - bece060d-3fe8-48fd-a57c-c67080073878@group-1BBC237B5611->a52b3d00-e6b2-4875-97ef-1383dbbdd16b-GrpcLogAppender: Follower failed and request == null,  keep nextIndex (1) unchanged and retry.
2023-12-01 12:04:50,888 [RatisPipelineUtilsThread-0] ERROR scm.SCMCommonPlacementPolicy (SCMCommonPlacementPolicy.java:filterNodesWithSpace(286)) - Unable to find enough nodes that meet the space requirement of 1073741824 bytes for metadata and 5368709120 bytes for data in healthy node set. Required 3. Found 2.
2023-12-01 12:04:50,990 [grpc-default-executor-5] WARN  server.GrpcLogAppender (LogUtils.java:warn(121)) - d61ce6df-bfa3-4031-bef1-0b60ac375a39@group-C65EFE1A7AAC->a52b3d00-e6b2-4875-97ef-1383dbbdd16b-AppendLogResponseHandler: Failed appendEntries: org.apache.ratis.thirdparty.io.grpc.StatusRuntimeException: UNAVAILABLE: io exception
2023-12-01 12:04:50,990 [grpc-default-executor-1] WARN  server.GrpcLogAppender (LogUtils.java:warn(121)) - d61ce6df-bfa3-4031-bef1-0b60ac375a39@group-C65EFE1A7AAC->a52b3d00-e6b2-4875-97ef-1383dbbdd16b-AppendLogResponseHandler: Failed appendEntries: org.apache.ratis.thirdparty.io.grpc.StatusRuntimeException: UNAVAILABLE: io exception
2023-12-01 12:04:50,991 [grpc-default-executor-5] WARN  server.GrpcLogAppender (GrpcLogAppender.java:resetClient(140)) - d61ce6df-bfa3-4031-bef1-0b60ac375a39@group-C65EFE1A7AAC->a52b3d00-e6b2-4875-97ef-1383dbbdd16b-GrpcLogAppender: Follower failed and request == null,  keep nextIndex (1) unchanged and retry.
2023-12-01 12:04:50,992 [grpc-default-executor-1] WARN  server.GrpcLogAppender (GrpcLogAppender.java:resetClient(140)) - d61ce6df-bfa3-4031-bef1-0b60ac375a39@group-C65EFE1A7AAC->a52b3d00-e6b2-4875-97ef-1383dbbdd16b-GrpcLogAppender: Follower failed and request == null,  keep nextIndex (1) unchanged and retry.
2023-12-01 12:04:51,389 [RatisPipelineUtilsThread-0] ERROR scm.SCMCommonPlacementPolicy (SCMCommonPlacementPolicy.java:filterNodesWithSpace(286)) - Unable to find enough nodes that meet the space requirement of 1073741824 bytes for metadata and 5368709120 bytes for data in healthy node set. Required 3. Found 2.
2023-12-01 12:04:51,890 [RatisPipelineUtilsThread-0] ERROR scm.SCMCommonPlacementPolicy (SCMCommonPlacementPolicy.java:filterNodesWithSpace(286)) - Unable to find enough nodes that meet the space requirement of 1073741824 bytes for metadata and 5368709120 bytes for data in healthy node set. Required 3. Found 2.
2023-12-01 12:04:51,917 [grpc-default-executor-5] WARN  server.GrpcLogAppender (LogUtils.java:warn(121)) - bece060d-3fe8-48fd-a57c-c67080073878@group-1BBC237B5611->a52b3d00-e6b2-4875-97ef-1383dbbdd16b-AppendLogResponseHandler: Failed appendEntries: org.apache.ratis.thirdparty.io.grpc.StatusRuntimeException: UNAVAILABLE: io exception
2023-12-01 12:04:51,917 [grpc-default-executor-1] WARN  server.GrpcLogAppender (LogUtils.java:warn(121)) - bece060d-3fe8-48fd-a57c-c67080073878@group-1BBC237B5611->a52b3d00-e6b2-4875-97ef-1383dbbdd16b-AppendLogResponseHandler: Failed appendEntries: org.apache.ratis.thirdparty.io.grpc.StatusRuntimeException: UNAVAILABLE: io exception
2023-12-01 12:04:51,918 [grpc-default-executor-5] WARN  server.GrpcLogAppender (GrpcLogAppender.java:resetClient(140)) - bece060d-3fe8-48fd-a57c-c67080073878@group-1BBC237B5611->a52b3d00-e6b2-4875-97ef-1383dbbdd16b-GrpcLogAppender: Follower failed and request == null,  keep nextIndex (1) unchanged and retry.
2023-12-01 12:04:51,919 [grpc-default-executor-1] WARN  server.GrpcLogAppender (GrpcLogAppender.java:resetClient(140)) - bece060d-3fe8-48fd-a57c-c67080073878@group-1BBC237B5611->a52b3d00-e6b2-4875-97ef-1383dbbdd16b-GrpcLogAppender: Follower failed and request == null,  keep nextIndex (1) unchanged and retry.
2023-12-01 12:04:52,390 [RatisPipelineUtilsThread-0] ERROR scm.SCMCommonPlacementPolicy (SCMCommonPlacementPolicy.java:filterNodesWithSpace(286)) - Unable to find enough nodes that meet the space requirement of 1073741824 bytes for metadata and 5368709120 bytes for data in healthy node set. Required 3. Found 2.
2023-12-01 12:04:52,435 [grpc-default-executor-1] WARN  server.GrpcLogAppender (LogUtils.java:warn(121)) - d61ce6df-bfa3-4031-bef1-0b60ac375a39@group-C65EFE1A7AAC->a52b3d00-e6b2-4875-97ef-1383dbbdd16b-AppendLogResponseHandler: Failed appendEntries: org.apache.ratis.thirdparty.io.grpc.StatusRuntimeException: UNAVAILABLE: io exception
2023-12-01 12:04:52,435 [grpc-default-executor-5] WARN  server.GrpcLogAppender (LogUtils.java:warn(121)) - d61ce6df-bfa3-4031-bef1-0b60ac375a39@group-C65EFE1A7AAC->a52b3d00-e6b2-4875-97ef-1383dbbdd16b-AppendLogResponseHandler: Failed appendEntries: org.apache.ratis.thirdparty.io.grpc.StatusRuntimeException: UNAVAILABLE: io exception
2023-12-01 12:04:52,435 [grpc-default-executor-1] WARN  server.GrpcLogAppender (GrpcLogAppender.java:resetClient(140)) - d61ce6df-bfa3-4031-bef1-0b60ac375a39@group-C65EFE1A7AAC->a52b3d00-e6b2-4875-97ef-1383dbbdd16b-GrpcLogAppender: Follower failed and request == null,  keep nextIndex (1) unchanged and retry.
2023-12-01 12:04:52,444 [grpc-default-executor-5] WARN  server.GrpcLogAppender (GrpcLogAppender.java:resetClient(140)) - d61ce6df-bfa3-4031-bef1-0b60ac375a39@group-C65EFE1A7AAC->a52b3d00-e6b2-4875-97ef-1383dbbdd16b-GrpcLogAppender: Follower failed and request == null,  keep nextIndex (1) unchanged and retry.
2023-12-01 12:04:52,891 [RatisPipelineUtilsThread-0] ERROR scm.SCMCommonPlacementPolicy (SCMCommonPlacementPolicy.java:filterNodesWithSpace(286)) - Unable to find enough nodes that meet the space requirement of 1073741824 bytes for metadata and 5368709120 bytes for data in healthy node set. Required 3. Found 2.
2023-12-01 12:04:53,360 [grpc-default-executor-5] WARN  server.GrpcLogAppender (LogUtils.java:warn(121)) - bece060d-3fe8-48fd-a57c-c67080073878@group-1BBC237B5611->a52b3d00-e6b2-4875-97ef-1383dbbdd16b-AppendLogResponseHandler: Failed appendEntries: org.apache.ratis.thirdparty.io.grpc.StatusRuntimeException: UNAVAILABLE: io exception
2023-12-01 12:04:53,360 [grpc-default-executor-1] WARN  server.GrpcLogAppender (LogUtils.java:warn(121)) - bece060d-3fe8-48fd-a57c-c67080073878@group-1BBC237B5611->a52b3d00-e6b2-4875-97ef-1383dbbdd16b-AppendLogResponseHandler: Failed appendEntries: org.apache.ratis.thirdparty.io.grpc.StatusRuntimeException: UNAVAILABLE: io exception
2023-12-01 12:04:53,361 [grpc-default-executor-5] WARN  server.GrpcLogAppender (GrpcLogAppender.java:resetClient(140)) - bece060d-3fe8-48fd-a57c-c67080073878@group-1BBC237B5611->a52b3d00-e6b2-4875-97ef-1383dbbdd16b-GrpcLogAppender: Follower failed and request == null,  keep nextIndex (1) unchanged and retry.
2023-12-01 12:04:53,362 [grpc-default-executor-1] WARN  server.GrpcLogAppender (GrpcLogAppender.java:resetClient(140)) - bece060d-3fe8-48fd-a57c-c67080073878@group-1BBC237B5611->a52b3d00-e6b2-4875-97ef-1383dbbdd16b-GrpcLogAppender: Follower failed and request == null,  keep nextIndex (1) unchanged and retry.
2023-12-01 12:04:53,392 [RatisPipelineUtilsThread-0] ERROR scm.SCMCommonPlacementPolicy (SCMCommonPlacementPolicy.java:filterNodesWithSpace(286)) - Unable to find enough nodes that meet the space requirement of 1073741824 bytes for metadata and 5368709120 bytes for data in healthy node set. Required 3. Found 2.
2023-12-01 12:04:53,893 [RatisPipelineUtilsThread-0] ERROR scm.SCMCommonPlacementPolicy (SCMCommonPlacementPolicy.java:filterNodesWithSpace(286)) - Unable to find enough nodes that meet the space requirement of 1073741824 bytes for metadata and 5368709120 bytes for data in healthy node set. Required 3. Found 2.
2023-12-01 12:04:54,155 [grpc-default-executor-1] WARN  server.GrpcLogAppender (LogUtils.java:warn(121)) - d61ce6df-bfa3-4031-bef1-0b60ac375a39@group-C65EFE1A7AAC->a52b3d00-e6b2-4875-97ef-1383dbbdd16b-AppendLogResponseHandler: Failed appendEntries: org.apache.ratis.thirdparty.io.grpc.StatusRuntimeException: UNAVAILABLE: io exception
2023-12-01 12:04:54,155 [grpc-default-executor-5] WARN  server.GrpcLogAppender (LogUtils.java:warn(121)) - d61ce6df-bfa3-4031-bef1-0b60ac375a39@group-C65EFE1A7AAC->a52b3d00-e6b2-4875-97ef-1383dbbdd16b-AppendLogResponseHandler: Failed appendEntries: org.apache.ratis.thirdparty.io.grpc.StatusRuntimeException: UNAVAILABLE: io exception
2023-12-01 12:04:54,156 [grpc-default-executor-1] WARN  server.GrpcLogAppender (GrpcLogAppender.java:resetClient(140)) - d61ce6df-bfa3-4031-bef1-0b60ac375a39@group-C65EFE1A7AAC->a52b3d00-e6b2-4875-97ef-1383dbbdd16b-GrpcLogAppender: Follower failed and request == null,  keep nextIndex (1) unchanged and retry.
2023-12-01 12:04:54,157 [grpc-default-executor-5] WARN  server.GrpcLogAppender (GrpcLogAppender.java:resetClient(140)) - d61ce6df-bfa3-4031-bef1-0b60ac375a39@group-C65EFE1A7AAC->a52b3d00-e6b2-4875-97ef-1383dbbdd16b-GrpcLogAppender: Follower failed and request == null,  keep nextIndex (1) unchanged and retry.
2023-12-01 12:04:54,393 [RatisPipelineUtilsThread-0] ERROR scm.SCMCommonPlacementPolicy (SCMCommonPlacementPolicy.java:filterNodesWithSpace(286)) - Unable to find enough nodes that meet the space requirement of 1073741824 bytes for metadata and 5368709120 bytes for data in healthy node set. Required 3. Found 2.
2023-12-01 12:04:54,894 [RatisPipelineUtilsThread-0] ERROR scm.SCMCommonPlacementPolicy (SCMCommonPlacementPolicy.java:filterNodesWithSpace(286)) - Unable to find enough nodes that meet the space requirement of 1073741824 bytes for metadata and 5368709120 bytes for data in healthy node set. Required 3. Found 2.
2023-12-01 12:04:55,395 [RatisPipelineUtilsThread-0] ERROR scm.SCMCommonPlacementPolicy (SCMCommonPlacementPolicy.java:filterNodesWithSpace(286)) - Unable to find enough nodes that meet the space requirement of 1073741824 bytes for metadata and 5368709120 bytes for data in healthy node set. Required 3. Found 2.
2023-12-01 12:04:55,430 [grpc-default-executor-5] WARN  server.GrpcLogAppender (LogUtils.java:warn(121)) - bece060d-3fe8-48fd-a57c-c67080073878@group-1BBC237B5611->a52b3d00-e6b2-4875-97ef-1383dbbdd16b-AppendLogResponseHandler: Failed appendEntries: org.apache.ratis.thirdparty.io.grpc.StatusRuntimeException: UNAVAILABLE: io exception
2023-12-01 12:04:55,430 [grpc-default-executor-1] WARN  server.GrpcLogAppender (LogUtils.java:warn(121)) - bece060d-3fe8-48fd-a57c-c67080073878@group-1BBC237B5611->a52b3d00-e6b2-4875-97ef-1383dbbdd16b-AppendLogResponseHandler: Failed appendEntries: org.apache.ratis.thirdparty.io.grpc.StatusRuntimeException: UNAVAILABLE: io exception
2023-12-01 12:04:55,431 [grpc-default-executor-5] WARN  server.GrpcLogAppender (GrpcLogAppender.java:resetClient(140)) - bece060d-3fe8-48fd-a57c-c67080073878@group-1BBC237B5611->a52b3d00-e6b2-4875-97ef-1383dbbdd16b-GrpcLogAppender: Follower failed and request == null,  keep nextIndex (1) unchanged and retry.
2023-12-01 12:04:55,431 [grpc-default-executor-1] WARN  server.GrpcLogAppender (GrpcLogAppender.java:resetClient(140)) - bece060d-3fe8-48fd-a57c-c67080073878@group-1BBC237B5611->a52b3d00-e6b2-4875-97ef-1383dbbdd16b-GrpcLogAppender: Follower failed and request == null,  keep nextIndex (1) unchanged and retry.
2023-12-01 12:04:55,895 [grpc-default-executor-1] WARN  server.GrpcLogAppender (LogUtils.java:warn(121)) - d61ce6df-bfa3-4031-bef1-0b60ac375a39@group-C65EFE1A7AAC->a52b3d00-e6b2-4875-97ef-1383dbbdd16b-AppendLogResponseHandler: Failed appendEntries: org.apache.ratis.thirdparty.io.grpc.StatusRuntimeException: UNAVAILABLE: io exception
2023-12-01 12:04:55,895 [RatisPipelineUtilsThread-0] ERROR scm.SCMCommonPlacementPolicy (SCMCommonPlacementPolicy.java:filterNodesWithSpace(286)) - Unable to find enough nodes that meet the space requirement of 1073741824 bytes for metadata and 5368709120 bytes for data in healthy node set. Required 3. Found 2.
2023-12-01 12:04:55,895 [grpc-default-executor-5] WARN  server.GrpcLogAppender (LogUtils.java:warn(121)) - d61ce6df-bfa3-4031-bef1-0b60ac375a39@group-C65EFE1A7AAC->a52b3d00-e6b2-4875-97ef-1383dbbdd16b-AppendLogResponseHandler: Failed appendEntries: org.apache.ratis.thirdparty.io.grpc.StatusRuntimeException: UNAVAILABLE: io exception
2023-12-01 12:04:55,896 [grpc-default-executor-1] WARN  server.GrpcLogAppender (GrpcLogAppender.java:resetClient(140)) - d61ce6df-bfa3-4031-bef1-0b60ac375a39@group-C65EFE1A7AAC->a52b3d00-e6b2-4875-97ef-1383dbbdd16b-GrpcLogAppender: Follower failed and request == null,  keep nextIndex (1) unchanged and retry.
2023-12-01 12:04:55,897 [grpc-default-executor-5] WARN  server.GrpcLogAppender (GrpcLogAppender.java:resetClient(140)) - d61ce6df-bfa3-4031-bef1-0b60ac375a39@group-C65EFE1A7AAC->a52b3d00-e6b2-4875-97ef-1383dbbdd16b-GrpcLogAppender: Follower failed and request == null,  keep nextIndex (1) unchanged and retry.
2023-12-01 12:04:56,396 [RatisPipelineUtilsThread-0] ERROR scm.SCMCommonPlacementPolicy (SCMCommonPlacementPolicy.java:filterNodesWithSpace(286)) - Unable to find enough nodes that meet the space requirement of 1073741824 bytes for metadata and 5368709120 bytes for data in healthy node set. Required 3. Found 2.
2023-12-01 12:04:56,731 [grpc-default-executor-5] WARN  server.GrpcLogAppender (LogUtils.java:warn(121)) - bece060d-3fe8-48fd-a57c-c67080073878@group-1BBC237B5611->a52b3d00-e6b2-4875-97ef-1383dbbdd16b-AppendLogResponseHandler: Failed appendEntries: org.apache.ratis.thirdparty.io.grpc.StatusRuntimeException: UNAVAILABLE: io exception
2023-12-01 12:04:56,731 [grpc-default-executor-1] WARN  server.GrpcLogAppender (LogUtils.java:warn(121)) - bece060d-3fe8-48fd-a57c-c67080073878@group-1BBC237B5611->a52b3d00-e6b2-4875-97ef-1383dbbdd16b-AppendLogResponseHandler: Failed appendEntries: org.apache.ratis.thirdparty.io.grpc.StatusRuntimeException: UNAVAILABLE: io exception
2023-12-01 12:04:56,732 [grpc-default-executor-5] WARN  server.GrpcLogAppender (GrpcLogAppender.java:resetClient(140)) - bece060d-3fe8-48fd-a57c-c67080073878@group-1BBC237B5611->a52b3d00-e6b2-4875-97ef-1383dbbdd16b-GrpcLogAppender: Follower failed and request == null,  keep nextIndex (1) unchanged and retry.
2023-12-01 12:04:56,733 [grpc-default-executor-1] WARN  server.GrpcLogAppender (GrpcLogAppender.java:resetClient(140)) - bece060d-3fe8-48fd-a57c-c67080073878@group-1BBC237B5611->a52b3d00-e6b2-4875-97ef-1383dbbdd16b-GrpcLogAppender: Follower failed and request == null,  keep nextIndex (1) unchanged and retry.
2023-12-01 12:04:56,897 [RatisPipelineUtilsThread-0] ERROR scm.SCMCommonPlacementPolicy (SCMCommonPlacementPolicy.java:filterNodesWithSpace(286)) - Unable to find enough nodes that meet the space requirement of 1073741824 bytes for metadata and 5368709120 bytes for data in healthy node set. Required 3. Found 2.
2023-12-01 12:04:57,398 [RatisPipelineUtilsThread-0] ERROR scm.SCMCommonPlacementPolicy (SCMCommonPlacementPolicy.java:filterNodesWithSpace(286)) - Unable to find enough nodes that meet the space requirement of 1073741824 bytes for metadata and 5368709120 bytes for data in healthy node set. Required 3. Found 2.
2023-12-01 12:04:57,898 [RatisPipelineUtilsThread-0] ERROR scm.SCMCommonPlacementPolicy (SCMCommonPlacementPolicy.java:filterNodesWithSpace(286)) - Unable to find enough nodes that meet the space requirement of 1073741824 bytes for metadata and 5368709120 bytes for data in healthy node set. Required 3. Found 2.
2023-12-01 12:04:58,399 [RatisPipelineUtilsThread-0] ERROR scm.SCMCommonPlacementPolicy (SCMCommonPlacementPolicy.java:filterNodesWithSpace(286)) - Unable to find enough nodes that meet the space requirement of 1073741824 bytes for metadata and 5368709120 bytes for data in healthy node set. Required 3. Found 2.
2023-12-01 12:04:58,436 [grpc-default-executor-1] WARN  server.GrpcLogAppender (LogUtils.java:warn(121)) - d61ce6df-bfa3-4031-bef1-0b60ac375a39@group-C65EFE1A7AAC->a52b3d00-e6b2-4875-97ef-1383dbbdd16b-AppendLogResponseHandler: Failed appendEntries: org.apache.ratis.thirdparty.io.grpc.StatusRuntimeException: UNAVAILABLE: io exception
2023-12-01 12:04:58,436 [grpc-default-executor-5] WARN  server.GrpcLogAppender (LogUtils.java:warn(121)) - d61ce6df-bfa3-4031-bef1-0b60ac375a39@group-C65EFE1A7AAC->a52b3d00-e6b2-4875-97ef-1383dbbdd16b-AppendLogResponseHandler: Failed appendEntries: org.apache.ratis.thirdparty.io.grpc.StatusRuntimeException: UNAVAILABLE: io exception
2023-12-01 12:04:58,437 [grpc-default-executor-1] WARN  server.GrpcLogAppender (GrpcLogAppender.java:resetClient(140)) - d61ce6df-bfa3-4031-bef1-0b60ac375a39@group-C65EFE1A7AAC->a52b3d00-e6b2-4875-97ef-1383dbbdd16b-GrpcLogAppender: Follower failed and request == null,  keep nextIndex (1) unchanged and retry.
2023-12-01 12:04:58,438 [grpc-default-executor-5] WARN  server.GrpcLogAppender (GrpcLogAppender.java:resetClient(140)) - d61ce6df-bfa3-4031-bef1-0b60ac375a39@group-C65EFE1A7AAC->a52b3d00-e6b2-4875-97ef-1383dbbdd16b-GrpcLogAppender: Follower failed and request == null,  keep nextIndex (1) unchanged and retry.
2023-12-01 12:04:58,900 [RatisPipelineUtilsThread-0] ERROR scm.SCMCommonPlacementPolicy (SCMCommonPlacementPolicy.java:filterNodesWithSpace(286)) - Unable to find enough nodes that meet the space requirement of 1073741824 bytes for metadata and 5368709120 bytes for data in healthy node set. Required 3. Found 2.
2023-12-01 12:04:59,254 [grpc-default-executor-5] WARN  server.GrpcLogAppender (LogUtils.java:warn(121)) - bece060d-3fe8-48fd-a57c-c67080073878@group-1BBC237B5611->a52b3d00-e6b2-4875-97ef-1383dbbdd16b-AppendLogResponseHandler: Failed appendEntries: org.apache.ratis.thirdparty.io.grpc.StatusRuntimeException: UNAVAILABLE: io exception
2023-12-01 12:04:59,254 [grpc-default-executor-1] WARN  server.GrpcLogAppender (LogUtils.java:warn(121)) - bece060d-3fe8-48fd-a57c-c67080073878@group-1BBC237B5611->a52b3d00-e6b2-4875-97ef-1383dbbdd16b-AppendLogResponseHandler: Failed appendEntries: org.apache.ratis.thirdparty.io.grpc.StatusRuntimeException: UNAVAILABLE: io exception
2023-12-01 12:04:59,255 [grpc-default-executor-5] WARN  server.GrpcLogAppender (GrpcLogAppender.java:resetClient(140)) - bece060d-3fe8-48fd-a57c-c67080073878@group-1BBC237B5611->a52b3d00-e6b2-4875-97ef-1383dbbdd16b-GrpcLogAppender: Follower failed and request == null,  keep nextIndex (1) unchanged and retry.
2023-12-01 12:04:59,255 [grpc-default-executor-1] WARN  server.GrpcLogAppender (GrpcLogAppender.java:resetClient(140)) - bece060d-3fe8-48fd-a57c-c67080073878@group-1BBC237B5611->a52b3d00-e6b2-4875-97ef-1383dbbdd16b-GrpcLogAppender: Follower failed and request == null,  keep nextIndex (1) unchanged and retry.
2023-12-01 12:04:59,400 [RatisPipelineUtilsThread-0] ERROR scm.SCMCommonPlacementPolicy (SCMCommonPlacementPolicy.java:filterNodesWithSpace(286)) - Unable to find enough nodes that meet the space requirement of 1073741824 bytes for metadata and 5368709120 bytes for data in healthy node set. Required 3. Found 2.
2023-12-01 12:04:59,901 [RatisPipelineUtilsThread-0] ERROR scm.SCMCommonPlacementPolicy (SCMCommonPlacementPolicy.java:filterNodesWithSpace(286)) - Unable to find enough nodes that meet the space requirement of 1073741824 bytes for metadata and 5368709120 bytes for data in healthy node set. Required 3. Found 2.
2023-12-01 12:05:00,402 [RatisPipelineUtilsThread-0] ERROR scm.SCMCommonPlacementPolicy (SCMCommonPlacementPolicy.java:filterNodesWithSpace(286)) - Unable to find enough nodes that meet the space requirement of 1073741824 bytes for metadata and 5368709120 bytes for data in healthy node set. Required 3. Found 2.
2023-12-01 12:05:00,706 [grpc-default-executor-1] WARN  server.GrpcLogAppender (LogUtils.java:warn(121)) - d61ce6df-bfa3-4031-bef1-0b60ac375a39@group-C65EFE1A7AAC->a52b3d00-e6b2-4875-97ef-1383dbbdd16b-AppendLogResponseHandler: Failed appendEntries: org.apache.ratis.thirdparty.io.grpc.StatusRuntimeException: UNAVAILABLE: io exception
2023-12-01 12:05:00,706 [grpc-default-executor-5] WARN  server.GrpcLogAppender (LogUtils.java:warn(121)) - d61ce6df-bfa3-4031-bef1-0b60ac375a39@group-C65EFE1A7AAC->a52b3d00-e6b2-4875-97ef-1383dbbdd16b-AppendLogResponseHandler: Failed appendEntries: org.apache.ratis.thirdparty.io.grpc.StatusRuntimeException: UNAVAILABLE: io exception
2023-12-01 12:05:00,707 [grpc-default-executor-1] WARN  server.GrpcLogAppender (GrpcLogAppender.java:resetClient(140)) - d61ce6df-bfa3-4031-bef1-0b60ac375a39@group-C65EFE1A7AAC->a52b3d00-e6b2-4875-97ef-1383dbbdd16b-GrpcLogAppender: Follower failed and request == null,  keep nextIndex (1) unchanged and retry.
2023-12-01 12:05:00,708 [grpc-default-executor-5] WARN  server.GrpcLogAppender (GrpcLogAppender.java:resetClient(140)) - d61ce6df-bfa3-4031-bef1-0b60ac375a39@group-C65EFE1A7AAC->a52b3d00-e6b2-4875-97ef-1383dbbdd16b-GrpcLogAppender: Follower failed and request == null,  keep nextIndex (1) unchanged and retry.
2023-12-01 12:05:00,902 [RatisPipelineUtilsThread-0] ERROR scm.SCMCommonPlacementPolicy (SCMCommonPlacementPolicy.java:filterNodesWithSpace(286)) - Unable to find enough nodes that meet the space requirement of 1073741824 bytes for metadata and 5368709120 bytes for data in healthy node set. Required 3. Found 2.
2023-12-01 12:05:01,202 [grpc-default-executor-5] WARN  server.GrpcLogAppender (LogUtils.java:warn(121)) - bece060d-3fe8-48fd-a57c-c67080073878@group-1BBC237B5611->a52b3d00-e6b2-4875-97ef-1383dbbdd16b-AppendLogResponseHandler: Failed appendEntries: org.apache.ratis.thirdparty.io.grpc.StatusRuntimeException: UNAVAILABLE: io exception
2023-12-01 12:05:01,202 [grpc-default-executor-1] WARN  server.GrpcLogAppender (LogUtils.java:warn(121)) - bece060d-3fe8-48fd-a57c-c67080073878@group-1BBC237B5611->a52b3d00-e6b2-4875-97ef-1383dbbdd16b-AppendLogResponseHandler: Failed appendEntries: org.apache.ratis.thirdparty.io.grpc.StatusRuntimeException: UNAVAILABLE: io exception
2023-12-01 12:05:01,203 [grpc-default-executor-5] WARN  server.GrpcLogAppender (GrpcLogAppender.java:resetClient(140)) - bece060d-3fe8-48fd-a57c-c67080073878@group-1BBC237B5611->a52b3d00-e6b2-4875-97ef-1383dbbdd16b-GrpcLogAppender: Follower failed and request == null,  keep nextIndex (1) unchanged and retry.
2023-12-01 12:05:01,204 [grpc-default-executor-1] WARN  server.GrpcLogAppender (GrpcLogAppender.java:resetClient(140)) - bece060d-3fe8-48fd-a57c-c67080073878@group-1BBC237B5611->a52b3d00-e6b2-4875-97ef-1383dbbdd16b-GrpcLogAppender: Follower failed and request == null,  keep nextIndex (1) unchanged and retry.
2023-12-01 12:05:01,403 [RatisPipelineUtilsThread-0] ERROR scm.SCMCommonPlacementPolicy (SCMCommonPlacementPolicy.java:filterNodesWithSpace(286)) - Unable to find enough nodes that meet the space requirement of 1073741824 bytes for metadata and 5368709120 bytes for data in healthy node set. Required 3. Found 2.
2023-12-01 12:05:01,904 [RatisPipelineUtilsThread-0] ERROR scm.SCMCommonPlacementPolicy (SCMCommonPlacementPolicy.java:filterNodesWithSpace(286)) - Unable to find enough nodes that meet the space requirement of 1073741824 bytes for metadata and 5368709120 bytes for data in healthy node set. Required 3. Found 2.
2023-12-01 12:05:02,404 [RatisPipelineUtilsThread-0] ERROR scm.SCMCommonPlacementPolicy (SCMCommonPlacementPolicy.java:filterNodesWithSpace(286)) - Unable to find enough nodes that meet the space requirement of 1073741824 bytes for metadata and 5368709120 bytes for data in healthy node set. Required 3. Found 2.
2023-12-01 12:05:02,522 [grpc-default-executor-1] WARN  server.GrpcLogAppender (LogUtils.java:warn(121)) - d61ce6df-bfa3-4031-bef1-0b60ac375a39@group-C65EFE1A7AAC->a52b3d00-e6b2-4875-97ef-1383dbbdd16b-AppendLogResponseHandler: Failed appendEntries: org.apache.ratis.thirdparty.io.grpc.StatusRuntimeException: UNAVAILABLE: io exception
2023-12-01 12:05:02,522 [grpc-default-executor-5] WARN  server.GrpcLogAppender (LogUtils.java:warn(121)) - d61ce6df-bfa3-4031-bef1-0b60ac375a39@group-C65EFE1A7AAC->a52b3d00-e6b2-4875-97ef-1383dbbdd16b-AppendLogResponseHandler: Failed appendEntries: org.apache.ratis.thirdparty.io.grpc.StatusRuntimeException: UNAVAILABLE: io exception
2023-12-01 12:05:02,523 [grpc-default-executor-1] WARN  server.GrpcLogAppender (GrpcLogAppender.java:resetClient(140)) - d61ce6df-bfa3-4031-bef1-0b60ac375a39@group-C65EFE1A7AAC->a52b3d00-e6b2-4875-97ef-1383dbbdd16b-GrpcLogAppender: Follower failed and request == null,  keep nextIndex (1) unchanged and retry.
2023-12-01 12:05:02,524 [grpc-default-executor-5] WARN  server.GrpcLogAppender (GrpcLogAppender.java:resetClient(140)) - d61ce6df-bfa3-4031-bef1-0b60ac375a39@group-C65EFE1A7AAC->a52b3d00-e6b2-4875-97ef-1383dbbdd16b-GrpcLogAppender: Follower failed and request == null,  keep nextIndex (1) unchanged and retry.
2023-12-01 12:05:02,905 [RatisPipelineUtilsThread-0] ERROR scm.SCMCommonPlacementPolicy (SCMCommonPlacementPolicy.java:filterNodesWithSpace(286)) - Unable to find enough nodes that meet the space requirement of 1073741824 bytes for metadata and 5368709120 bytes for data in healthy node set. Required 3. Found 2.
2023-12-01 12:05:03,406 [RatisPipelineUtilsThread-0] ERROR scm.SCMCommonPlacementPolicy (SCMCommonPlacementPolicy.java:filterNodesWithSpace(286)) - Unable to find enough nodes that meet the space requirement of 1073741824 bytes for metadata and 5368709120 bytes for data in healthy node set. Required 3. Found 2.
2023-12-01 12:05:03,898 [grpc-default-executor-5] WARN  server.GrpcLogAppender (LogUtils.java:warn(121)) - d61ce6df-bfa3-4031-bef1-0b60ac375a39@group-C65EFE1A7AAC->a52b3d00-e6b2-4875-97ef-1383dbbdd16b-AppendLogResponseHandler: Failed appendEntries: org.apache.ratis.thirdparty.io.grpc.StatusRuntimeException: UNAVAILABLE: io exception
2023-12-01 12:05:03,899 [grpc-default-executor-1] WARN  server.GrpcLogAppender (LogUtils.java:warn(121)) - d61ce6df-bfa3-4031-bef1-0b60ac375a39@group-C65EFE1A7AAC->a52b3d00-e6b2-4875-97ef-1383dbbdd16b-AppendLogResponseHandler: Failed appendEntries: org.apache.ratis.thirdparty.io.grpc.StatusRuntimeException: UNAVAILABLE: io exception
2023-12-01 12:05:03,899 [grpc-default-executor-5] WARN  server.GrpcLogAppender (GrpcLogAppender.java:resetClient(140)) - d61ce6df-bfa3-4031-bef1-0b60ac375a39@group-C65EFE1A7AAC->a52b3d00-e6b2-4875-97ef-1383dbbdd16b-GrpcLogAppender: Follower failed and request == null,  keep nextIndex (1) unchanged and retry.
2023-12-01 12:05:03,900 [grpc-default-executor-1] WARN  server.GrpcLogAppender (GrpcLogAppender.java:resetClient(140)) - d61ce6df-bfa3-4031-bef1-0b60ac375a39@group-C65EFE1A7AAC->a52b3d00-e6b2-4875-97ef-1383dbbdd16b-GrpcLogAppender: Follower failed and request == null,  keep nextIndex (1) unchanged and retry.
2023-12-01 12:05:03,906 [RatisPipelineUtilsThread-0] ERROR scm.SCMCommonPlacementPolicy (SCMCommonPlacementPolicy.java:filterNodesWithSpace(286)) - Unable to find enough nodes that meet the space requirement of 1073741824 bytes for metadata and 5368709120 bytes for data in healthy node set. Required 3. Found 2.
2023-12-01 12:05:04,407 [RatisPipelineUtilsThread-0] ERROR scm.SCMCommonPlacementPolicy (SCMCommonPlacementPolicy.java:filterNodesWithSpace(286)) - Unable to find enough nodes that meet the space requirement of 1073741824 bytes for metadata and 5368709120 bytes for data in healthy node set. Required 3. Found 2.
2023-12-01 12:05:04,907 [RatisPipelineUtilsThread-0] ERROR scm.SCMCommonPlacementPolicy (SCMCommonPlacementPolicy.java:filterNodesWithSpace(286)) - Unable to find enough nodes that meet the space requirement of 1073741824 bytes for metadata and 5368709120 bytes for data in healthy node set. Required 3. Found 2.
2023-12-01 12:05:05,408 [RatisPipelineUtilsThread-0] ERROR scm.SCMCommonPlacementPolicy (SCMCommonPlacementPolicy.java:filterNodesWithSpace(286)) - Unable to find enough nodes that meet the space requirement of 1073741824 bytes for metadata and 5368709120 bytes for data in healthy node set. Required 3. Found 2.
2023-12-01 12:05:05,756 [grpc-default-executor-1] WARN  server.GrpcLogAppender (LogUtils.java:warn(121)) - d61ce6df-bfa3-4031-bef1-0b60ac375a39@group-C65EFE1A7AAC->a52b3d00-e6b2-4875-97ef-1383dbbdd16b-AppendLogResponseHandler: Failed appendEntries: org.apache.ratis.thirdparty.io.grpc.StatusRuntimeException: UNAVAILABLE: io exception
2023-12-01 12:05:05,756 [grpc-default-executor-5] WARN  server.GrpcLogAppender (LogUtils.java:warn(121)) - d61ce6df-bfa3-4031-bef1-0b60ac375a39@group-C65EFE1A7AAC->a52b3d00-e6b2-4875-97ef-1383dbbdd16b-AppendLogResponseHandler: Failed appendEntries: org.apache.ratis.thirdparty.io.grpc.StatusRuntimeException: UNAVAILABLE: io exception
2023-12-01 12:05:05,757 [grpc-default-executor-1] WARN  server.GrpcLogAppender (GrpcLogAppender.java:resetClient(140)) - d61ce6df-bfa3-4031-bef1-0b60ac375a39@group-C65EFE1A7AAC->a52b3d00-e6b2-4875-97ef-1383dbbdd16b-GrpcLogAppender: Follower failed and request == null,  keep nextIndex (1) unchanged and retry.
2023-12-01 12:05:05,758 [grpc-default-executor-5] WARN  server.GrpcLogAppender (GrpcLogAppender.java:resetClient(140)) - d61ce6df-bfa3-4031-bef1-0b60ac375a39@group-C65EFE1A7AAC->a52b3d00-e6b2-4875-97ef-1383dbbdd16b-GrpcLogAppender: Follower failed and request == null,  keep nextIndex (1) unchanged and retry.
2023-12-01 12:05:05,909 [RatisPipelineUtilsThread-0] ERROR scm.SCMCommonPlacementPolicy (SCMCommonPlacementPolicy.java:filterNodesWithSpace(286)) - Unable to find enough nodes that meet the space requirement of 1073741824 bytes for metadata and 5368709120 bytes for data in healthy node set. Required 3. Found 2.
2023-12-01 12:05:06,409 [RatisPipelineUtilsThread-0] ERROR scm.SCMCommonPlacementPolicy (SCMCommonPlacementPolicy.java:filterNodesWithSpace(286)) - Unable to find enough nodes that meet the space requirement of 1073741824 bytes for metadata and 5368709120 bytes for data in healthy node set. Required 3. Found 2.
2023-12-01 12:05:06,910 [RatisPipelineUtilsThread-0] ERROR scm.SCMCommonPlacementPolicy (SCMCommonPlacementPolicy.java:filterNodesWithSpace(286)) - Unable to find enough nodes that meet the space requirement of 1073741824 bytes for metadata and 5368709120 bytes for data in healthy node set. Required 3. Found 2.
2023-12-01 12:05:06,941 [grpc-default-executor-5] WARN  server.GrpcLogAppender (LogUtils.java:warn(121)) - bece060d-3fe8-48fd-a57c-c67080073878@group-1BBC237B5611->a52b3d00-e6b2-4875-97ef-1383dbbdd16b-AppendLogResponseHandler: Failed appendEntries: org.apache.ratis.thirdparty.io.grpc.StatusRuntimeException: UNAVAILABLE: io exception
2023-12-01 12:05:06,941 [grpc-default-executor-1] WARN  server.GrpcLogAppender (LogUtils.java:warn(121)) - bece060d-3fe8-48fd-a57c-c67080073878@group-1BBC237B5611->a52b3d00-e6b2-4875-97ef-1383dbbdd16b-AppendLogResponseHandler: Failed appendEntries: org.apache.ratis.thirdparty.io.grpc.StatusRuntimeException: UNAVAILABLE: io exception
2023-12-01 12:05:06,943 [grpc-default-executor-5] WARN  server.GrpcLogAppender (GrpcLogAppender.java:resetClient(140)) - bece060d-3fe8-48fd-a57c-c67080073878@group-1BBC237B5611->a52b3d00-e6b2-4875-97ef-1383dbbdd16b-GrpcLogAppender: Follower failed and request == null,  keep nextIndex (1) unchanged and retry.
2023-12-01 12:05:06,944 [grpc-default-executor-1] WARN  server.GrpcLogAppender (GrpcLogAppender.java:resetClient(140)) - bece060d-3fe8-48fd-a57c-c67080073878@group-1BBC237B5611->a52b3d00-e6b2-4875-97ef-1383dbbdd16b-GrpcLogAppender: Follower failed and request == null,  keep nextIndex (1) unchanged and retry.
2023-12-01 12:05:07,411 [RatisPipelineUtilsThread-0] ERROR scm.SCMCommonPlacementPolicy (SCMCommonPlacementPolicy.java:filterNodesWithSpace(286)) - Unable to find enough nodes that meet the space requirement of 1073741824 bytes for metadata and 5368709120 bytes for data in healthy node set. Required 3. Found 2.
2023-12-01 12:05:07,548 [grpc-default-executor-1] WARN  server.GrpcLogAppender (LogUtils.java:warn(121)) - d61ce6df-bfa3-4031-bef1-0b60ac375a39@group-C65EFE1A7AAC->a52b3d00-e6b2-4875-97ef-1383dbbdd16b-AppendLogResponseHandler: Failed appendEntries: org.apache.ratis.thirdparty.io.grpc.StatusRuntimeException: UNAVAILABLE: io exception
2023-12-01 12:05:07,548 [grpc-default-executor-5] WARN  server.GrpcLogAppender (LogUtils.java:warn(121)) - d61ce6df-bfa3-4031-bef1-0b60ac375a39@group-C65EFE1A7AAC->a52b3d00-e6b2-4875-97ef-1383dbbdd16b-AppendLogResponseHandler: Failed appendEntries: org.apache.ratis.thirdparty.io.grpc.StatusRuntimeException: UNAVAILABLE: io exception
2023-12-01 12:05:07,549 [grpc-default-executor-1] WARN  server.GrpcLogAppender (GrpcLogAppender.java:resetClient(140)) - d61ce6df-bfa3-4031-bef1-0b60ac375a39@group-C65EFE1A7AAC->a52b3d00-e6b2-4875-97ef-1383dbbdd16b-GrpcLogAppender: Follower failed and request == null,  keep nextIndex (1) unchanged and retry.
2023-12-01 12:05:07,549 [grpc-default-executor-5] WARN  server.GrpcLogAppender (GrpcLogAppender.java:resetClient(140)) - d61ce6df-bfa3-4031-bef1-0b60ac375a39@group-C65EFE1A7AAC->a52b3d00-e6b2-4875-97ef-1383dbbdd16b-GrpcLogAppender: Follower failed and request == null,  keep nextIndex (1) unchanged and retry.
2023-12-01 12:05:07,912 [RatisPipelineUtilsThread-0] ERROR scm.SCMCommonPlacementPolicy (SCMCommonPlacementPolicy.java:filterNodesWithSpace(286)) - Unable to find enough nodes that meet the space requirement of 1073741824 bytes for metadata and 5368709120 bytes for data in healthy node set. Required 3. Found 2.
2023-12-01 12:05:08,412 [RatisPipelineUtilsThread-0] ERROR scm.SCMCommonPlacementPolicy (SCMCommonPlacementPolicy.java:filterNodesWithSpace(286)) - Unable to find enough nodes that meet the space requirement of 1073741824 bytes for metadata and 5368709120 bytes for data in healthy node set. Required 3. Found 2.
2023-12-01 12:05:08,913 [RatisPipelineUtilsThread-0] ERROR scm.SCMCommonPlacementPolicy (SCMCommonPlacementPolicy.java:filterNodesWithSpace(286)) - Unable to find enough nodes that meet the space requirement of 1073741824 bytes for metadata and 5368709120 bytes for data in healthy node set. Required 3. Found 2.
2023-12-01 12:05:09,053 [grpc-default-executor-1] WARN  server.GrpcLogAppender (LogUtils.java:warn(121)) - d61ce6df-bfa3-4031-bef1-0b60ac375a39@group-C65EFE1A7AAC->a52b3d00-e6b2-4875-97ef-1383dbbdd16b-AppendLogResponseHandler: Failed appendEntries: org.apache.ratis.thirdparty.io.grpc.StatusRuntimeException: UNAVAILABLE: io exception
2023-12-01 12:05:09,053 [grpc-default-executor-5] WARN  server.GrpcLogAppender (LogUtils.java:warn(121)) - d61ce6df-bfa3-4031-bef1-0b60ac375a39@group-C65EFE1A7AAC->a52b3d00-e6b2-4875-97ef-1383dbbdd16b-AppendLogResponseHandler: Failed appendEntries: org.apache.ratis.thirdparty.io.grpc.StatusRuntimeException: UNAVAILABLE: io exception
2023-12-01 12:05:09,054 [grpc-default-executor-1] WARN  server.GrpcLogAppender (GrpcLogAppender.java:resetClient(140)) - d61ce6df-bfa3-4031-bef1-0b60ac375a39@group-C65EFE1A7AAC->a52b3d00-e6b2-4875-97ef-1383dbbdd16b-GrpcLogAppender: Follower failed and request == null,  keep nextIndex (1) unchanged and retry.
2023-12-01 12:05:09,054 [grpc-default-executor-5] WARN  server.GrpcLogAppender (GrpcLogAppender.java:resetClient(140)) - d61ce6df-bfa3-4031-bef1-0b60ac375a39@group-C65EFE1A7AAC->a52b3d00-e6b2-4875-97ef-1383dbbdd16b-GrpcLogAppender: Follower failed and request == null,  keep nextIndex (1) unchanged and retry.
2023-12-01 12:05:09,414 [RatisPipelineUtilsThread-0] ERROR scm.SCMCommonPlacementPolicy (SCMCommonPlacementPolicy.java:filterNodesWithSpace(286)) - Unable to find enough nodes that meet the space requirement of 1073741824 bytes for metadata and 5368709120 bytes for data in healthy node set. Required 3. Found 2.
2023-12-01 12:05:09,914 [RatisPipelineUtilsThread-0] ERROR scm.SCMCommonPlacementPolicy (SCMCommonPlacementPolicy.java:filterNodesWithSpace(286)) - Unable to find enough nodes that meet the space requirement of 1073741824 bytes for metadata and 5368709120 bytes for data in healthy node set. Required 3. Found 2.
2023-12-01 12:05:10,171 [grpc-default-executor-5] WARN  server.GrpcLogAppender (LogUtils.java:warn(121)) - bece060d-3fe8-48fd-a57c-c67080073878@group-1BBC237B5611->a52b3d00-e6b2-4875-97ef-1383dbbdd16b-AppendLogResponseHandler: Failed appendEntries: org.apache.ratis.thirdparty.io.grpc.StatusRuntimeException: UNAVAILABLE: io exception
2023-12-01 12:05:10,171 [grpc-default-executor-1] WARN  server.GrpcLogAppender (LogUtils.java:warn(121)) - bece060d-3fe8-48fd-a57c-c67080073878@group-1BBC237B5611->a52b3d00-e6b2-4875-97ef-1383dbbdd16b-AppendLogResponseHandler: Failed appendEntries: org.apache.ratis.thirdparty.io.grpc.StatusRuntimeException: UNAVAILABLE: io exception
2023-12-01 12:05:10,172 [grpc-default-executor-5] WARN  server.GrpcLogAppender (GrpcLogAppender.java:resetClient(140)) - bece060d-3fe8-48fd-a57c-c67080073878@group-1BBC237B5611->a52b3d00-e6b2-4875-97ef-1383dbbdd16b-GrpcLogAppender: Follower failed and request == null,  keep nextIndex (1) unchanged and retry.
2023-12-01 12:05:10,172 [grpc-default-executor-1] WARN  server.GrpcLogAppender (GrpcLogAppender.java:resetClient(140)) - bece060d-3fe8-48fd-a57c-c67080073878@group-1BBC237B5611->a52b3d00-e6b2-4875-97ef-1383dbbdd16b-GrpcLogAppender: Follower failed and request == null,  keep nextIndex (1) unchanged and retry.
2023-12-01 12:05:10,415 [RatisPipelineUtilsThread-0] ERROR scm.SCMCommonPlacementPolicy (SCMCommonPlacementPolicy.java:filterNodesWithSpace(286)) - Unable to find enough nodes that meet the space requirement of 1073741824 bytes for metadata and 5368709120 bytes for data in healthy node set. Required 3. Found 2.
2023-12-01 12:05:10,915 [RatisPipelineUtilsThread-0] ERROR scm.SCMCommonPlacementPolicy (SCMCommonPlacementPolicy.java:filterNodesWithSpace(286)) - Unable to find enough nodes that meet the space requirement of 1073741824 bytes for metadata and 5368709120 bytes for data in healthy node set. Required 3. Found 2.
2023-12-01 12:05:11,416 [RatisPipelineUtilsThread-0] ERROR scm.SCMCommonPlacementPolicy (SCMCommonPlacementPolicy.java:filterNodesWithSpace(286)) - Unable to find enough nodes that meet the space requirement of 1073741824 bytes for metadata and 5368709120 bytes for data in healthy node set. Required 3. Found 2.
2023-12-01 12:05:11,917 [RatisPipelineUtilsThread-0] ERROR scm.SCMCommonPlacementPolicy (SCMCommonPlacementPolicy.java:filterNodesWithSpace(286)) - Unable to find enough nodes that meet the space requirement of 1073741824 bytes for metadata and 5368709120 bytes for data in healthy node set. Required 3. Found 2.
2023-12-01 12:05:12,417 [RatisPipelineUtilsThread-0] ERROR scm.SCMCommonPlacementPolicy (SCMCommonPlacementPolicy.java:filterNodesWithSpace(286)) - Unable to find enough nodes that meet the space requirement of 1073741824 bytes for metadata and 5368709120 bytes for data in healthy node set. Required 3. Found 2.
2023-12-01 12:05:12,918 [RatisPipelineUtilsThread-0] ERROR scm.SCMCommonPlacementPolicy (SCMCommonPlacementPolicy.java:filterNodesWithSpace(286)) - Unable to find enough nodes that meet the space requirement of 1073741824 bytes for metadata and 5368709120 bytes for data in healthy node set. Required 3. Found 2.
2023-12-01 12:05:13,418 [RatisPipelineUtilsThread-0] ERROR scm.SCMCommonPlacementPolicy (SCMCommonPlacementPolicy.java:filterNodesWithSpace(286)) - Unable to find enough nodes that meet the space requirement of 1073741824 bytes for metadata and 5368709120 bytes for data in healthy node set. Required 3. Found 2.
2023-12-01 12:05:13,919 [RatisPipelineUtilsThread-0] ERROR scm.SCMCommonPlacementPolicy (SCMCommonPlacementPolicy.java:filterNodesWithSpace(286)) - Unable to find enough nodes that meet the space requirement of 1073741824 bytes for metadata and 5368709120 bytes for data in healthy node set. Required 3. Found 2.
2023-12-01 12:05:14,420 [RatisPipelineUtilsThread-0] ERROR scm.SCMCommonPlacementPolicy (SCMCommonPlacementPolicy.java:filterNodesWithSpace(286)) - Unable to find enough nodes that meet the space requirement of 1073741824 bytes for metadata and 5368709120 bytes for data in healthy node set. Required 3. Found 2.
2023-12-01 12:05:14,920 [RatisPipelineUtilsThread-0] ERROR scm.SCMCommonPlacementPolicy (SCMCommonPlacementPolicy.java:filterNodesWithSpace(286)) - Unable to find enough nodes that meet the space requirement of 1073741824 bytes for metadata and 5368709120 bytes for data in healthy node set. Required 3. Found 2.
2023-12-01 12:05:15,421 [RatisPipelineUtilsThread-0] ERROR scm.SCMCommonPlacementPolicy (SCMCommonPlacementPolicy.java:filterNodesWithSpace(286)) - Unable to find enough nodes that meet the space requirement of 1073741824 bytes for metadata and 5368709120 bytes for data in healthy node set. Required 3. Found 2.
2023-12-01 12:05:15,921 [RatisPipelineUtilsThread-0] ERROR scm.SCMCommonPlacementPolicy (SCMCommonPlacementPolicy.java:filterNodesWithSpace(286)) - Unable to find enough nodes that meet the space requirement of 1073741824 bytes for metadata and 5368709120 bytes for data in healthy node set. Required 3. Found 2.
2023-12-01 12:05:15,945 [grpc-default-executor-1] WARN  server.GrpcLogAppender (LogUtils.java:warn(121)) - d61ce6df-bfa3-4031-bef1-0b60ac375a39@group-C65EFE1A7AAC->a52b3d00-e6b2-4875-97ef-1383dbbdd16b-AppendLogResponseHandler: Failed appendEntries: org.apache.ratis.thirdparty.io.grpc.StatusRuntimeException: UNAVAILABLE: io exception
2023-12-01 12:05:15,945 [grpc-default-executor-5] WARN  server.GrpcLogAppender (LogUtils.java:warn(121)) - d61ce6df-bfa3-4031-bef1-0b60ac375a39@group-C65EFE1A7AAC->a52b3d00-e6b2-4875-97ef-1383dbbdd16b-AppendLogResponseHandler: Failed appendEntries: org.apache.ratis.thirdparty.io.grpc.StatusRuntimeException: UNAVAILABLE: io exception
2023-12-01 12:05:15,946 [grpc-default-executor-1] WARN  server.GrpcLogAppender (GrpcLogAppender.java:resetClient(140)) - d61ce6df-bfa3-4031-bef1-0b60ac375a39@group-C65EFE1A7AAC->a52b3d00-e6b2-4875-97ef-1383dbbdd16b-GrpcLogAppender: Follower failed and request == null,  keep nextIndex (1) unchanged and retry.
2023-12-01 12:05:15,947 [grpc-default-executor-5] WARN  server.GrpcLogAppender (GrpcLogAppender.java:resetClient(140)) - d61ce6df-bfa3-4031-bef1-0b60ac375a39@group-C65EFE1A7AAC->a52b3d00-e6b2-4875-97ef-1383dbbdd16b-GrpcLogAppender: Follower failed and request == null,  keep nextIndex (1) unchanged and retry.
2023-12-01 12:05:16,226 [grpc-default-executor-5] WARN  server.GrpcLogAppender (LogUtils.java:warn(121)) - bece060d-3fe8-48fd-a57c-c67080073878@group-1BBC237B5611->a52b3d00-e6b2-4875-97ef-1383dbbdd16b-AppendLogResponseHandler: Failed appendEntries: org.apache.ratis.thirdparty.io.grpc.StatusRuntimeException: UNAVAILABLE: io exception
2023-12-01 12:05:16,226 [grpc-default-executor-1] WARN  server.GrpcLogAppender (LogUtils.java:warn(121)) - bece060d-3fe8-48fd-a57c-c67080073878@group-1BBC237B5611->a52b3d00-e6b2-4875-97ef-1383dbbdd16b-AppendLogResponseHandler: Failed appendEntries: org.apache.ratis.thirdparty.io.grpc.StatusRuntimeException: UNAVAILABLE: io exception
2023-12-01 12:05:16,227 [grpc-default-executor-5] WARN  server.GrpcLogAppender (GrpcLogAppender.java:resetClient(140)) - bece060d-3fe8-48fd-a57c-c67080073878@group-1BBC237B5611->a52b3d00-e6b2-4875-97ef-1383dbbdd16b-GrpcLogAppender: Follower failed and request == null,  keep nextIndex (1) unchanged and retry.
2023-12-01 12:05:16,228 [grpc-default-executor-1] WARN  server.GrpcLogAppender (GrpcLogAppender.java:resetClient(140)) - bece060d-3fe8-48fd-a57c-c67080073878@group-1BBC237B5611->a52b3d00-e6b2-4875-97ef-1383dbbdd16b-GrpcLogAppender: Follower failed and request == null,  keep nextIndex (1) unchanged and retry.
2023-12-01 12:05:16,422 [RatisPipelineUtilsThread-0] ERROR scm.SCMCommonPlacementPolicy (SCMCommonPlacementPolicy.java:filterNodesWithSpace(286)) - Unable to find enough nodes that meet the space requirement of 1073741824 bytes for metadata and 5368709120 bytes for data in healthy node set. Required 3. Found 2.
2023-12-01 12:05:16,923 [RatisPipelineUtilsThread-0] ERROR scm.SCMCommonPlacementPolicy (SCMCommonPlacementPolicy.java:filterNodesWithSpace(286)) - Unable to find enough nodes that meet the space requirement of 1073741824 bytes for metadata and 5368709120 bytes for data in healthy node set. Required 3. Found 2.
2023-12-01 12:05:17,423 [RatisPipelineUtilsThread-0] ERROR scm.SCMCommonPlacementPolicy (SCMCommonPlacementPolicy.java:filterNodesWithSpace(286)) - Unable to find enough nodes that meet the space requirement of 1073741824 bytes for metadata and 5368709120 bytes for data in healthy node set. Required 3. Found 2.
2023-12-01 12:05:17,924 [RatisPipelineUtilsThread-0] ERROR scm.SCMCommonPlacementPolicy (SCMCommonPlacementPolicy.java:filterNodesWithSpace(286)) - Unable to find enough nodes that meet the space requirement of 1073741824 bytes for metadata and 5368709120 bytes for data in healthy node set. Required 3. Found 2.
2023-12-01 12:05:18,424 [RatisPipelineUtilsThread-0] ERROR scm.SCMCommonPlacementPolicy (SCMCommonPlacementPolicy.java:filterNodesWithSpace(286)) - Unable to find enough nodes that meet the space requirement of 1073741824 bytes for metadata and 5368709120 bytes for data in healthy node set. Required 3. Found 2.
2023-12-01 12:05:18,925 [RatisPipelineUtilsThread-0] ERROR scm.SCMCommonPlacementPolicy (SCMCommonPlacementPolicy.java:filterNodesWithSpace(286)) - Unable to find enough nodes that meet the space requirement of 1073741824 bytes for metadata and 5368709120 bytes for data in healthy node set. Required 3. Found 2.
2023-12-01 12:05:19,426 [RatisPipelineUtilsThread-0] ERROR scm.SCMCommonPlacementPolicy (SCMCommonPlacementPolicy.java:filterNodesWithSpace(286)) - Unable to find enough nodes that meet the space requirement of 1073741824 bytes for metadata and 5368709120 bytes for data in healthy node set. Required 3. Found 2.
2023-12-01 12:05:19,923 [grpc-default-executor-1] WARN  server.GrpcLogAppender (LogUtils.java:warn(121)) - bece060d-3fe8-48fd-a57c-c67080073878@group-1BBC237B5611->a52b3d00-e6b2-4875-97ef-1383dbbdd16b-AppendLogResponseHandler: Failed appendEntries: org.apache.ratis.thirdparty.io.grpc.StatusRuntimeException: UNAVAILABLE: io exception
2023-12-01 12:05:19,923 [grpc-default-executor-5] WARN  server.GrpcLogAppender (LogUtils.java:warn(121)) - bece060d-3fe8-48fd-a57c-c67080073878@group-1BBC237B5611->a52b3d00-e6b2-4875-97ef-1383dbbdd16b-AppendLogResponseHandler: Failed appendEntries: org.apache.ratis.thirdparty.io.grpc.StatusRuntimeException: UNAVAILABLE: io exception
2023-12-01 12:05:19,924 [grpc-default-executor-1] WARN  server.GrpcLogAppender (GrpcLogAppender.java:resetClient(140)) - bece060d-3fe8-48fd-a57c-c67080073878@group-1BBC237B5611->a52b3d00-e6b2-4875-97ef-1383dbbdd16b-GrpcLogAppender: Follower failed and request == null,  keep nextIndex (1) unchanged and retry.
2023-12-01 12:05:19,924 [grpc-default-executor-5] WARN  server.GrpcLogAppender (GrpcLogAppender.java:resetClient(140)) - bece060d-3fe8-48fd-a57c-c67080073878@group-1BBC237B5611->a52b3d00-e6b2-4875-97ef-1383dbbdd16b-GrpcLogAppender: Follower failed and request == null,  keep nextIndex (1) unchanged and retry.
2023-12-01 12:05:19,926 [RatisPipelineUtilsThread-0] ERROR scm.SCMCommonPlacementPolicy (SCMCommonPlacementPolicy.java:filterNodesWithSpace(286)) - Unable to find enough nodes that meet the space requirement of 1073741824 bytes for metadata and 5368709120 bytes for data in healthy node set. Required 3. Found 2.
2023-12-01 12:05:20,427 [RatisPipelineUtilsThread-0] ERROR scm.SCMCommonPlacementPolicy (SCMCommonPlacementPolicy.java:filterNodesWithSpace(286)) - Unable to find enough nodes that meet the space requirement of 1073741824 bytes for metadata and 5368709120 bytes for data in healthy node set. Required 3. Found 2.
2023-12-01 12:05:20,927 [RatisPipelineUtilsThread-0] ERROR scm.SCMCommonPlacementPolicy (SCMCommonPlacementPolicy.java:filterNodesWithSpace(286)) - Unable to find enough nodes that meet the space requirement of 1073741824 bytes for metadata and 5368709120 bytes for data in healthy node set. Required 3. Found 2.
2023-12-01 12:05:21,293 [grpc-default-executor-5] WARN  server.GrpcLogAppender (LogUtils.java:warn(121)) - d61ce6df-bfa3-4031-bef1-0b60ac375a39@group-C65EFE1A7AAC->a52b3d00-e6b2-4875-97ef-1383dbbdd16b-AppendLogResponseHandler: Failed appendEntries: org.apache.ratis.thirdparty.io.grpc.StatusRuntimeException: UNAVAILABLE: io exception
2023-12-01 12:05:21,293 [grpc-default-executor-1] WARN  server.GrpcLogAppender (LogUtils.java:warn(121)) - d61ce6df-bfa3-4031-bef1-0b60ac375a39@group-C65EFE1A7AAC->a52b3d00-e6b2-4875-97ef-1383dbbdd16b-AppendLogResponseHandler: Failed appendEntries: org.apache.ratis.thirdparty.io.grpc.StatusRuntimeException: UNAVAILABLE: io exception
2023-12-01 12:05:21,294 [grpc-default-executor-5] WARN  server.GrpcLogAppender (GrpcLogAppender.java:resetClient(140)) - d61ce6df-bfa3-4031-bef1-0b60ac375a39@group-C65EFE1A7AAC->a52b3d00-e6b2-4875-97ef-1383dbbdd16b-GrpcLogAppender: Follower failed and request == null,  keep nextIndex (1) unchanged and retry.
2023-12-01 12:05:21,294 [grpc-default-executor-1] WARN  server.GrpcLogAppender (GrpcLogAppender.java:resetClient(140)) - d61ce6df-bfa3-4031-bef1-0b60ac375a39@group-C65EFE1A7AAC->a52b3d00-e6b2-4875-97ef-1383dbbdd16b-GrpcLogAppender: Follower failed and request == null,  keep nextIndex (1) unchanged and retry.
2023-12-01 12:05:21,428 [RatisPipelineUtilsThread-0] ERROR scm.SCMCommonPlacementPolicy (SCMCommonPlacementPolicy.java:filterNodesWithSpace(286)) - Unable to find enough nodes that meet the space requirement of 1073741824 bytes for metadata and 5368709120 bytes for data in healthy node set. Required 3. Found 2.
2023-12-01 12:05:21,929 [RatisPipelineUtilsThread-0] ERROR scm.SCMCommonPlacementPolicy (SCMCommonPlacementPolicy.java:filterNodesWithSpace(286)) - Unable to find enough nodes that meet the space requirement of 1073741824 bytes for metadata and 5368709120 bytes for data in healthy node set. Required 3. Found 2.
2023-12-01 12:05:22,429 [RatisPipelineUtilsThread-0] ERROR scm.SCMCommonPlacementPolicy (SCMCommonPlacementPolicy.java:filterNodesWithSpace(286)) - Unable to find enough nodes that meet the space requirement of 1073741824 bytes for metadata and 5368709120 bytes for data in healthy node set. Required 3. Found 2.
2023-12-01 12:05:22,930 [RatisPipelineUtilsThread-0] ERROR scm.SCMCommonPlacementPolicy (SCMCommonPlacementPolicy.java:filterNodesWithSpace(286)) - Unable to find enough nodes that meet the space requirement of 1073741824 bytes for metadata and 5368709120 bytes for data in healthy node set. Required 3. Found 2.
2023-12-01 12:05:23,431 [RatisPipelineUtilsThread-0] ERROR scm.SCMCommonPlacementPolicy (SCMCommonPlacementPolicy.java:filterNodesWithSpace(286)) - Unable to find enough nodes that meet the space requirement of 1073741824 bytes for metadata and 5368709120 bytes for data in healthy node set. Required 3. Found 2.
2023-12-01 12:05:23,931 [RatisPipelineUtilsThread-0] ERROR scm.SCMCommonPlacementPolicy (SCMCommonPlacementPolicy.java:filterNodesWithSpace(286)) - Unable to find enough nodes that meet the space requirement of 1073741824 bytes for metadata and 5368709120 bytes for data in healthy node set. Required 3. Found 2.
2023-12-01 12:05:24,432 [RatisPipelineUtilsThread-0] ERROR scm.SCMCommonPlacementPolicy (SCMCommonPlacementPolicy.java:filterNodesWithSpace(286)) - Unable to find enough nodes that meet the space requirement of 1073741824 bytes for metadata and 5368709120 bytes for data in healthy node set. Required 3. Found 2.
2023-12-01 12:05:24,932 [RatisPipelineUtilsThread-0] ERROR scm.SCMCommonPlacementPolicy (SCMCommonPlacementPolicy.java:filterNodesWithSpace(286)) - Unable to find enough nodes that meet the space requirement of 1073741824 bytes for metadata and 5368709120 bytes for data in healthy node set. Required 3. Found 2.
2023-12-01 12:05:25,433 [RatisPipelineUtilsThread-0] ERROR scm.SCMCommonPlacementPolicy (SCMCommonPlacementPolicy.java:filterNodesWithSpace(286)) - Unable to find enough nodes that meet the space requirement of 1073741824 bytes for metadata and 5368709120 bytes for data in healthy node set. Required 3. Found 2.
2023-12-01 12:05:25,934 [RatisPipelineUtilsThread-0] ERROR scm.SCMCommonPlacementPolicy (SCMCommonPlacementPolicy.java:filterNodesWithSpace(286)) - Unable to find enough nodes that meet the space requirement of 1073741824 bytes for metadata and 5368709120 bytes for data in healthy node set. Required 3. Found 2.
2023-12-01 12:05:26,184 [grpc-default-executor-1] WARN  server.GrpcLogAppender (LogUtils.java:warn(121)) - bece060d-3fe8-48fd-a57c-c67080073878@group-1BBC237B5611->a52b3d00-e6b2-4875-97ef-1383dbbdd16b-AppendLogResponseHandler: Failed appendEntries: org.apache.ratis.thirdparty.io.grpc.StatusRuntimeException: UNAVAILABLE: io exception
2023-12-01 12:05:26,184 [grpc-default-executor-5] WARN  server.GrpcLogAppender (LogUtils.java:warn(121)) - bece060d-3fe8-48fd-a57c-c67080073878@group-1BBC237B5611->a52b3d00-e6b2-4875-97ef-1383dbbdd16b-AppendLogResponseHandler: Failed appendEntries: org.apache.ratis.thirdparty.io.grpc.StatusRuntimeException: UNAVAILABLE: io exception
2023-12-01 12:05:26,185 [grpc-default-executor-1] WARN  server.GrpcLogAppender (GrpcLogAppender.java:resetClient(140)) - bece060d-3fe8-48fd-a57c-c67080073878@group-1BBC237B5611->a52b3d00-e6b2-4875-97ef-1383dbbdd16b-GrpcLogAppender: Follower failed and request == null,  keep nextIndex (1) unchanged and retry.
2023-12-01 12:05:26,186 [grpc-default-executor-5] WARN  server.GrpcLogAppender (GrpcLogAppender.java:resetClient(140)) - bece060d-3fe8-48fd-a57c-c67080073878@group-1BBC237B5611->a52b3d00-e6b2-4875-97ef-1383dbbdd16b-GrpcLogAppender: Follower failed and request == null,  keep nextIndex (1) unchanged and retry.
2023-12-01 12:05:26,435 [RatisPipelineUtilsThread-0] ERROR scm.SCMCommonPlacementPolicy (SCMCommonPlacementPolicy.java:filterNodesWithSpace(286)) - Unable to find enough nodes that meet the space requirement of 1073741824 bytes for metadata and 5368709120 bytes for data in healthy node set. Required 3. Found 2.
2023-12-01 12:05:26,626 [a52b3d00-e6b2-4875-97ef-1383dbbdd16b-BlockDeletingService#0] INFO  interfaces.ContainerDeletionChoosingPolicyTemplate (ContainerDeletionChoosingPolicyTemplate.java:chooseContainerForBlockDeletion(85)) - Chosen 0/5000 blocks from 0 candidate containers.
2023-12-01 12:05:26,774 [d61ce6df-bfa3-4031-bef1-0b60ac375a39-BlockDeletingService#0] INFO  interfaces.ContainerDeletionChoosingPolicyTemplate (ContainerDeletionChoosingPolicyTemplate.java:chooseContainerForBlockDeletion(85)) - Chosen 0/5000 blocks from 0 candidate containers.
2023-12-01 12:05:26,881 [bece060d-3fe8-48fd-a57c-c67080073878-BlockDeletingService#0] INFO  interfaces.ContainerDeletionChoosingPolicyTemplate (ContainerDeletionChoosingPolicyTemplate.java:chooseContainerForBlockDeletion(85)) - Chosen 0/5000 blocks from 0 candidate containers.
2023-12-01 12:05:26,935 [RatisPipelineUtilsThread-0] ERROR scm.SCMCommonPlacementPolicy (SCMCommonPlacementPolicy.java:filterNodesWithSpace(286)) - Unable to find enough nodes that meet the space requirement of 1073741824 bytes for metadata and 5368709120 bytes for data in healthy node set. Required 3. Found 2.
2023-12-01 12:05:27,436 [RatisPipelineUtilsThread-0] ERROR scm.SCMCommonPlacementPolicy (SCMCommonPlacementPolicy.java:filterNodesWithSpace(286)) - Unable to find enough nodes that meet the space requirement of 1073741824 bytes for metadata and 5368709120 bytes for data in healthy node set. Required 3. Found 2.
2023-12-01 12:05:27,467 [grpc-default-executor-5] WARN  server.GrpcLogAppender (LogUtils.java:warn(121)) - d61ce6df-bfa3-4031-bef1-0b60ac375a39@group-C65EFE1A7AAC->a52b3d00-e6b2-4875-97ef-1383dbbdd16b-AppendLogResponseHandler: Failed appendEntries: org.apache.ratis.thirdparty.io.grpc.StatusRuntimeException: UNAVAILABLE: io exception
2023-12-01 12:05:27,467 [grpc-default-executor-1] WARN  server.GrpcLogAppender (LogUtils.java:warn(121)) - d61ce6df-bfa3-4031-bef1-0b60ac375a39@group-C65EFE1A7AAC->a52b3d00-e6b2-4875-97ef-1383dbbdd16b-AppendLogResponseHandler: Failed appendEntries: org.apache.ratis.thirdparty.io.grpc.StatusRuntimeException: UNAVAILABLE: io exception
2023-12-01 12:05:27,468 [grpc-default-executor-5] WARN  server.GrpcLogAppender (GrpcLogAppender.java:resetClient(140)) - d61ce6df-bfa3-4031-bef1-0b60ac375a39@group-C65EFE1A7AAC->a52b3d00-e6b2-4875-97ef-1383dbbdd16b-GrpcLogAppender: Follower failed and request == null,  keep nextIndex (1) unchanged and retry.
2023-12-01 12:05:27,469 [grpc-default-executor-1] WARN  server.GrpcLogAppender (GrpcLogAppender.java:resetClient(140)) - d61ce6df-bfa3-4031-bef1-0b60ac375a39@group-C65EFE1A7AAC->a52b3d00-e6b2-4875-97ef-1383dbbdd16b-GrpcLogAppender: Follower failed and request == null,  keep nextIndex (1) unchanged and retry.
2023-12-01 12:05:27,937 [RatisPipelineUtilsThread-0] ERROR scm.SCMCommonPlacementPolicy (SCMCommonPlacementPolicy.java:filterNodesWithSpace(286)) - Unable to find enough nodes that meet the space requirement of 1073741824 bytes for metadata and 5368709120 bytes for data in healthy node set. Required 3. Found 2.
2023-12-01 12:05:28,437 [RatisPipelineUtilsThread-0] ERROR scm.SCMCommonPlacementPolicy (SCMCommonPlacementPolicy.java:filterNodesWithSpace(286)) - Unable to find enough nodes that meet the space requirement of 1073741824 bytes for metadata and 5368709120 bytes for data in healthy node set. Required 3. Found 2.
2023-12-01 12:05:28,938 [RatisPipelineUtilsThread-0] ERROR scm.SCMCommonPlacementPolicy (SCMCommonPlacementPolicy.java:filterNodesWithSpace(286)) - Unable to find enough nodes that meet the space requirement of 1073741824 bytes for metadata and 5368709120 bytes for data in healthy node set. Required 3. Found 2.
2023-12-01 12:05:29,439 [RatisPipelineUtilsThread-0] ERROR scm.SCMCommonPlacementPolicy (SCMCommonPlacementPolicy.java:filterNodesWithSpace(286)) - Unable to find enough nodes that meet the space requirement of 1073741824 bytes for metadata and 5368709120 bytes for data in healthy node set. Required 3. Found 2.
2023-12-01 12:05:29,939 [RatisPipelineUtilsThread-0] ERROR scm.SCMCommonPlacementPolicy (SCMCommonPlacementPolicy.java:filterNodesWithSpace(286)) - Unable to find enough nodes that meet the space requirement of 1073741824 bytes for metadata and 5368709120 bytes for data in healthy node set. Required 3. Found 2.
2023-12-01 12:05:30,440 [RatisPipelineUtilsThread-0] ERROR scm.SCMCommonPlacementPolicy (SCMCommonPlacementPolicy.java:filterNodesWithSpace(286)) - Unable to find enough nodes that meet the space requirement of 1073741824 bytes for metadata and 5368709120 bytes for data in healthy node set. Required 3. Found 2.
2023-12-01 12:05:30,941 [RatisPipelineUtilsThread-0] ERROR scm.SCMCommonPlacementPolicy (SCMCommonPlacementPolicy.java:filterNodesWithSpace(286)) - Unable to find enough nodes that meet the space requirement of 1073741824 bytes for metadata and 5368709120 bytes for data in healthy node set. Required 3. Found 2.
2023-12-01 12:05:31,441 [RatisPipelineUtilsThread-0] ERROR scm.SCMCommonPlacementPolicy (SCMCommonPlacementPolicy.java:filterNodesWithSpace(286)) - Unable to find enough nodes that meet the space requirement of 1073741824 bytes for metadata and 5368709120 bytes for data in healthy node set. Required 3. Found 2.
2023-12-01 12:05:31,942 [RatisPipelineUtilsThread-0] ERROR scm.SCMCommonPlacementPolicy (SCMCommonPlacementPolicy.java:filterNodesWithSpace(286)) - Unable to find enough nodes that meet the space requirement of 1073741824 bytes for metadata and 5368709120 bytes for data in healthy node set. Required 3. Found 2.
2023-12-01 12:05:32,027 [grpc-default-executor-1] WARN  server.GrpcLogAppender (LogUtils.java:warn(121)) - bece060d-3fe8-48fd-a57c-c67080073878@group-1BBC237B5611->a52b3d00-e6b2-4875-97ef-1383dbbdd16b-AppendLogResponseHandler: Failed appendEntries: org.apache.ratis.thirdparty.io.grpc.StatusRuntimeException: UNAVAILABLE: io exception
2023-12-01 12:05:32,027 [grpc-default-executor-5] WARN  server.GrpcLogAppender (LogUtils.java:warn(121)) - bece060d-3fe8-48fd-a57c-c67080073878@group-1BBC237B5611->a52b3d00-e6b2-4875-97ef-1383dbbdd16b-AppendLogResponseHandler: Failed appendEntries: org.apache.ratis.thirdparty.io.grpc.StatusRuntimeException: UNAVAILABLE: io exception
2023-12-01 12:05:32,028 [grpc-default-executor-1] WARN  server.GrpcLogAppender (GrpcLogAppender.java:resetClient(140)) - bece060d-3fe8-48fd-a57c-c67080073878@group-1BBC237B5611->a52b3d00-e6b2-4875-97ef-1383dbbdd16b-GrpcLogAppender: Follower failed and request == null,  keep nextIndex (1) unchanged and retry.
2023-12-01 12:05:32,028 [grpc-default-executor-5] WARN  server.GrpcLogAppender (GrpcLogAppender.java:resetClient(140)) - bece060d-3fe8-48fd-a57c-c67080073878@group-1BBC237B5611->a52b3d00-e6b2-4875-97ef-1383dbbdd16b-GrpcLogAppender: Follower failed and request == null,  keep nextIndex (1) unchanged and retry.
2023-12-01 12:05:32,238 [grpc-default-executor-5] WARN  server.GrpcLogAppender (LogUtils.java:warn(121)) - d61ce6df-bfa3-4031-bef1-0b60ac375a39@group-C65EFE1A7AAC->a52b3d00-e6b2-4875-97ef-1383dbbdd16b-AppendLogResponseHandler: Failed appendEntries: org.apache.ratis.thirdparty.io.grpc.StatusRuntimeException: UNAVAILABLE: io exception
2023-12-01 12:05:32,238 [grpc-default-executor-1] WARN  server.GrpcLogAppender (LogUtils.java:warn(121)) - d61ce6df-bfa3-4031-bef1-0b60ac375a39@group-C65EFE1A7AAC->a52b3d00-e6b2-4875-97ef-1383dbbdd16b-AppendLogResponseHandler: Failed appendEntries: org.apache.ratis.thirdparty.io.grpc.StatusRuntimeException: UNAVAILABLE: io exception
2023-12-01 12:05:32,239 [grpc-default-executor-5] WARN  server.GrpcLogAppender (GrpcLogAppender.java:resetClient(140)) - d61ce6df-bfa3-4031-bef1-0b60ac375a39@group-C65EFE1A7AAC->a52b3d00-e6b2-4875-97ef-1383dbbdd16b-GrpcLogAppender: Follower failed and request == null,  keep nextIndex (1) unchanged and retry.
2023-12-01 12:05:32,239 [grpc-default-executor-1] WARN  server.GrpcLogAppender (GrpcLogAppender.java:resetClient(140)) - d61ce6df-bfa3-4031-bef1-0b60ac375a39@group-C65EFE1A7AAC->a52b3d00-e6b2-4875-97ef-1383dbbdd16b-GrpcLogAppender: Follower failed and request == null,  keep nextIndex (1) unchanged and retry.
2023-12-01 12:05:32,443 [RatisPipelineUtilsThread-0] ERROR scm.SCMCommonPlacementPolicy (SCMCommonPlacementPolicy.java:filterNodesWithSpace(286)) - Unable to find enough nodes that meet the space requirement of 1073741824 bytes for metadata and 5368709120 bytes for data in healthy node set. Required 3. Found 2.
2023-12-01 12:05:32,943 [RatisPipelineUtilsThread-0] ERROR scm.SCMCommonPlacementPolicy (SCMCommonPlacementPolicy.java:filterNodesWithSpace(286)) - Unable to find enough nodes that meet the space requirement of 1073741824 bytes for metadata and 5368709120 bytes for data in healthy node set. Required 3. Found 2.
2023-12-01 12:05:33,444 [RatisPipelineUtilsThread-0] ERROR scm.SCMCommonPlacementPolicy (SCMCommonPlacementPolicy.java:filterNodesWithSpace(286)) - Unable to find enough nodes that meet the space requirement of 1073741824 bytes for metadata and 5368709120 bytes for data in healthy node set. Required 3. Found 2.
2023-12-01 12:05:33,945 [RatisPipelineUtilsThread-0] ERROR scm.SCMCommonPlacementPolicy (SCMCommonPlacementPolicy.java:filterNodesWithSpace(286)) - Unable to find enough nodes that meet the space requirement of 1073741824 bytes for metadata and 5368709120 bytes for data in healthy node set. Required 3. Found 2.
2023-12-01 12:05:34,445 [RatisPipelineUtilsThread-0] ERROR scm.SCMCommonPlacementPolicy (SCMCommonPlacementPolicy.java:filterNodesWithSpace(286)) - Unable to find enough nodes that meet the space requirement of 1073741824 bytes for metadata and 5368709120 bytes for data in healthy node set. Required 3. Found 2.
2023-12-01 12:05:34,946 [RatisPipelineUtilsThread-0] ERROR scm.SCMCommonPlacementPolicy (SCMCommonPlacementPolicy.java:filterNodesWithSpace(286)) - Unable to find enough nodes that meet the space requirement of 1073741824 bytes for metadata and 5368709120 bytes for data in healthy node set. Required 3. Found 2.
2023-12-01 12:05:35,447 [RatisPipelineUtilsThread-0] ERROR scm.SCMCommonPlacementPolicy (SCMCommonPlacementPolicy.java:filterNodesWithSpace(286)) - Unable to find enough nodes that meet the space requirement of 1073741824 bytes for metadata and 5368709120 bytes for data in healthy node set. Required 3. Found 2.
2023-12-01 12:05:35,947 [RatisPipelineUtilsThread-0] ERROR scm.SCMCommonPlacementPolicy (SCMCommonPlacementPolicy.java:filterNodesWithSpace(286)) - Unable to find enough nodes that meet the space requirement of 1073741824 bytes for metadata and 5368709120 bytes for data in healthy node set. Required 3. Found 2.
2023-12-01 12:05:36,448 [RatisPipelineUtilsThread-0] ERROR scm.SCMCommonPlacementPolicy (SCMCommonPlacementPolicy.java:filterNodesWithSpace(286)) - Unable to find enough nodes that meet the space requirement of 1073741824 bytes for metadata and 5368709120 bytes for data in healthy node set. Required 3. Found 2.
2023-12-01 12:05:36,948 [RatisPipelineUtilsThread-0] ERROR scm.SCMCommonPlacementPolicy (SCMCommonPlacementPolicy.java:filterNodesWithSpace(286)) - Unable to find enough nodes that meet the space requirement of 1073741824 bytes for metadata and 5368709120 bytes for data in healthy node set. Required 3. Found 2.
2023-12-01 12:05:37,129 [grpc-default-executor-1] WARN  server.GrpcLogAppender (LogUtils.java:warn(121)) - d61ce6df-bfa3-4031-bef1-0b60ac375a39@group-C65EFE1A7AAC->a52b3d00-e6b2-4875-97ef-1383dbbdd16b-AppendLogResponseHandler: Failed appendEntries: org.apache.ratis.thirdparty.io.grpc.StatusRuntimeException: UNAVAILABLE: io exception
2023-12-01 12:05:37,129 [grpc-default-executor-5] WARN  server.GrpcLogAppender (LogUtils.java:warn(121)) - d61ce6df-bfa3-4031-bef1-0b60ac375a39@group-C65EFE1A7AAC->a52b3d00-e6b2-4875-97ef-1383dbbdd16b-AppendLogResponseHandler: Failed appendEntries: org.apache.ratis.thirdparty.io.grpc.StatusRuntimeException: UNAVAILABLE: io exception
2023-12-01 12:05:37,130 [grpc-default-executor-1] WARN  server.GrpcLogAppender (GrpcLogAppender.java:resetClient(140)) - d61ce6df-bfa3-4031-bef1-0b60ac375a39@group-C65EFE1A7AAC->a52b3d00-e6b2-4875-97ef-1383dbbdd16b-GrpcLogAppender: Follower failed and request == null,  keep nextIndex (1) unchanged and retry.
2023-12-01 12:05:37,130 [grpc-default-executor-5] WARN  server.GrpcLogAppender (GrpcLogAppender.java:resetClient(140)) - d61ce6df-bfa3-4031-bef1-0b60ac375a39@group-C65EFE1A7AAC->a52b3d00-e6b2-4875-97ef-1383dbbdd16b-GrpcLogAppender: Follower failed and request == null,  keep nextIndex (1) unchanged and retry.
2023-12-01 12:05:37,197 [grpc-default-executor-5] WARN  server.GrpcLogAppender (LogUtils.java:warn(121)) - bece060d-3fe8-48fd-a57c-c67080073878@group-1BBC237B5611->a52b3d00-e6b2-4875-97ef-1383dbbdd16b-AppendLogResponseHandler: Failed appendEntries: org.apache.ratis.thirdparty.io.grpc.StatusRuntimeException: UNAVAILABLE: io exception
2023-12-01 12:05:37,197 [grpc-default-executor-1] WARN  server.GrpcLogAppender (LogUtils.java:warn(121)) - bece060d-3fe8-48fd-a57c-c67080073878@group-1BBC237B5611->a52b3d00-e6b2-4875-97ef-1383dbbdd16b-AppendLogResponseHandler: Failed appendEntries: org.apache.ratis.thirdparty.io.grpc.StatusRuntimeException: UNAVAILABLE: io exception
2023-12-01 12:05:37,198 [grpc-default-executor-5] WARN  server.GrpcLogAppender (GrpcLogAppender.java:resetClient(140)) - bece060d-3fe8-48fd-a57c-c67080073878@group-1BBC237B5611->a52b3d00-e6b2-4875-97ef-1383dbbdd16b-GrpcLogAppender: Follower failed and request == null,  keep nextIndex (1) unchanged and retry.
2023-12-01 12:05:37,199 [grpc-default-executor-1] WARN  server.GrpcLogAppender (GrpcLogAppender.java:resetClient(140)) - bece060d-3fe8-48fd-a57c-c67080073878@group-1BBC237B5611->a52b3d00-e6b2-4875-97ef-1383dbbdd16b-GrpcLogAppender: Follower failed and request == null,  keep nextIndex (1) unchanged and retry.
2023-12-01 12:05:37,449 [RatisPipelineUtilsThread-0] ERROR scm.SCMCommonPlacementPolicy (SCMCommonPlacementPolicy.java:filterNodesWithSpace(286)) - Unable to find enough nodes that meet the space requirement of 1073741824 bytes for metadata and 5368709120 bytes for data in healthy node set. Required 3. Found 2.
2023-12-01 12:05:37,950 [RatisPipelineUtilsThread-0] ERROR scm.SCMCommonPlacementPolicy (SCMCommonPlacementPolicy.java:filterNodesWithSpace(286)) - Unable to find enough nodes that meet the space requirement of 1073741824 bytes for metadata and 5368709120 bytes for data in healthy node set. Required 3. Found 2.
2023-12-01 12:05:38,450 [RatisPipelineUtilsThread-0] ERROR scm.SCMCommonPlacementPolicy (SCMCommonPlacementPolicy.java:filterNodesWithSpace(286)) - Unable to find enough nodes that meet the space requirement of 1073741824 bytes for metadata and 5368709120 bytes for data in healthy node set. Required 3. Found 2.
2023-12-01 12:05:38,951 [RatisPipelineUtilsThread-0] ERROR scm.SCMCommonPlacementPolicy (SCMCommonPlacementPolicy.java:filterNodesWithSpace(286)) - Unable to find enough nodes that meet the space requirement of 1073741824 bytes for metadata and 5368709120 bytes for data in healthy node set. Required 3. Found 2.
2023-12-01 12:05:39,451 [RatisPipelineUtilsThread-0] ERROR scm.SCMCommonPlacementPolicy (SCMCommonPlacementPolicy.java:filterNodesWithSpace(286)) - Unable to find enough nodes that meet the space requirement of 1073741824 bytes for metadata and 5368709120 bytes for data in healthy node set. Required 3. Found 2.
2023-12-01 12:05:39,952 [RatisPipelineUtilsThread-0] ERROR scm.SCMCommonPlacementPolicy (SCMCommonPlacementPolicy.java:filterNodesWithSpace(286)) - Unable to find enough nodes that meet the space requirement of 1073741824 bytes for metadata and 5368709120 bytes for data in healthy node set. Required 3. Found 2.
2023-12-01 12:05:40,453 [RatisPipelineUtilsThread-0] ERROR scm.SCMCommonPlacementPolicy (SCMCommonPlacementPolicy.java:filterNodesWithSpace(286)) - Unable to find enough nodes that meet the space requirement of 1073741824 bytes for metadata and 5368709120 bytes for data in healthy node set. Required 3. Found 2.
2023-12-01 12:05:40,472 [grpc-default-executor-1] WARN  server.GrpcLogAppender (LogUtils.java:warn(121)) - bece060d-3fe8-48fd-a57c-c67080073878@group-1BBC237B5611->a52b3d00-e6b2-4875-97ef-1383dbbdd16b-AppendLogResponseHandler: Failed appendEntries: org.apache.ratis.thirdparty.io.grpc.StatusRuntimeException: UNAVAILABLE: io exception
2023-12-01 12:05:40,472 [grpc-default-executor-5] WARN  server.GrpcLogAppender (LogUtils.java:warn(121)) - bece060d-3fe8-48fd-a57c-c67080073878@group-1BBC237B5611->a52b3d00-e6b2-4875-97ef-1383dbbdd16b-AppendLogResponseHandler: Failed appendEntries: org.apache.ratis.thirdparty.io.grpc.StatusRuntimeException: UNAVAILABLE: io exception
2023-12-01 12:05:40,472 [grpc-default-executor-1] WARN  server.GrpcLogAppender (GrpcLogAppender.java:resetClient(140)) - bece060d-3fe8-48fd-a57c-c67080073878@group-1BBC237B5611->a52b3d00-e6b2-4875-97ef-1383dbbdd16b-GrpcLogAppender: Follower failed and request == null,  keep nextIndex (1) unchanged and retry.
2023-12-01 12:05:40,473 [grpc-default-executor-5] WARN  server.GrpcLogAppender (GrpcLogAppender.java:resetClient(140)) - bece060d-3fe8-48fd-a57c-c67080073878@group-1BBC237B5611->a52b3d00-e6b2-4875-97ef-1383dbbdd16b-GrpcLogAppender: Follower failed and request == null,  keep nextIndex (1) unchanged and retry.
2023-12-01 12:05:40,953 [RatisPipelineUtilsThread-0] ERROR scm.SCMCommonPlacementPolicy (SCMCommonPlacementPolicy.java:filterNodesWithSpace(286)) - Unable to find enough nodes that meet the space requirement of 1073741824 bytes for metadata and 5368709120 bytes for data in healthy node set. Required 3. Found 2.
2023-12-01 12:05:41,454 [RatisPipelineUtilsThread-0] ERROR scm.SCMCommonPlacementPolicy (SCMCommonPlacementPolicy.java:filterNodesWithSpace(286)) - Unable to find enough nodes that meet the space requirement of 1073741824 bytes for metadata and 5368709120 bytes for data in healthy node set. Required 3. Found 2.
2023-12-01 12:05:41,955 [RatisPipelineUtilsThread-0] ERROR scm.SCMCommonPlacementPolicy (SCMCommonPlacementPolicy.java:filterNodesWithSpace(286)) - Unable to find enough nodes that meet the space requirement of 1073741824 bytes for metadata and 5368709120 bytes for data in healthy node set. Required 3. Found 2.
2023-12-01 12:05:42,455 [RatisPipelineUtilsThread-0] ERROR scm.SCMCommonPlacementPolicy (SCMCommonPlacementPolicy.java:filterNodesWithSpace(286)) - Unable to find enough nodes that meet the space requirement of 1073741824 bytes for metadata and 5368709120 bytes for data in healthy node set. Required 3. Found 2.
2023-12-01 12:05:42,956 [RatisPipelineUtilsThread-0] ERROR scm.SCMCommonPlacementPolicy (SCMCommonPlacementPolicy.java:filterNodesWithSpace(286)) - Unable to find enough nodes that meet the space requirement of 1073741824 bytes for metadata and 5368709120 bytes for data in healthy node set. Required 3. Found 2.
2023-12-01 12:05:43,456 [RatisPipelineUtilsThread-0] ERROR scm.SCMCommonPlacementPolicy (SCMCommonPlacementPolicy.java:filterNodesWithSpace(286)) - Unable to find enough nodes that meet the space requirement of 1073741824 bytes for metadata and 5368709120 bytes for data in healthy node set. Required 3. Found 2.
2023-12-01 12:05:43,957 [RatisPipelineUtilsThread-0] ERROR scm.SCMCommonPlacementPolicy (SCMCommonPlacementPolicy.java:filterNodesWithSpace(286)) - Unable to find enough nodes that meet the space requirement of 1073741824 bytes for metadata and 5368709120 bytes for data in healthy node set. Required 3. Found 2.
2023-12-01 12:05:43,961 [grpc-default-executor-5] WARN  server.GrpcLogAppender (LogUtils.java:warn(121)) - d61ce6df-bfa3-4031-bef1-0b60ac375a39@group-C65EFE1A7AAC->a52b3d00-e6b2-4875-97ef-1383dbbdd16b-AppendLogResponseHandler: Failed appendEntries: org.apache.ratis.thirdparty.io.grpc.StatusRuntimeException: UNAVAILABLE: io exception
2023-12-01 12:05:43,961 [grpc-default-executor-1] WARN  server.GrpcLogAppender (LogUtils.java:warn(121)) - d61ce6df-bfa3-4031-bef1-0b60ac375a39@group-C65EFE1A7AAC->a52b3d00-e6b2-4875-97ef-1383dbbdd16b-AppendLogResponseHandler: Failed appendEntries: org.apache.ratis.thirdparty.io.grpc.StatusRuntimeException: UNAVAILABLE: io exception
2023-12-01 12:05:43,962 [grpc-default-executor-5] WARN  server.GrpcLogAppender (GrpcLogAppender.java:resetClient(140)) - d61ce6df-bfa3-4031-bef1-0b60ac375a39@group-C65EFE1A7AAC->a52b3d00-e6b2-4875-97ef-1383dbbdd16b-GrpcLogAppender: Follower failed and request == null,  keep nextIndex (1) unchanged and retry.
2023-12-01 12:05:43,962 [grpc-default-executor-1] WARN  server.GrpcLogAppender (GrpcLogAppender.java:resetClient(140)) - d61ce6df-bfa3-4031-bef1-0b60ac375a39@group-C65EFE1A7AAC->a52b3d00-e6b2-4875-97ef-1383dbbdd16b-GrpcLogAppender: Follower failed and request == null,  keep nextIndex (1) unchanged and retry.
2023-12-01 12:05:44,458 [RatisPipelineUtilsThread-0] ERROR scm.SCMCommonPlacementPolicy (SCMCommonPlacementPolicy.java:filterNodesWithSpace(286)) - Unable to find enough nodes that meet the space requirement of 1073741824 bytes for metadata and 5368709120 bytes for data in healthy node set. Required 3. Found 2.
2023-12-01 12:05:44,958 [RatisPipelineUtilsThread-0] ERROR scm.SCMCommonPlacementPolicy (SCMCommonPlacementPolicy.java:filterNodesWithSpace(286)) - Unable to find enough nodes that meet the space requirement of 1073741824 bytes for metadata and 5368709120 bytes for data in healthy node set. Required 3. Found 2.
2023-12-01 12:05:45,233 [grpc-default-executor-5] WARN  server.GrpcLogAppender (LogUtils.java:warn(121)) - bece060d-3fe8-48fd-a57c-c67080073878@group-1BBC237B5611->a52b3d00-e6b2-4875-97ef-1383dbbdd16b-AppendLogResponseHandler: Failed appendEntries: org.apache.ratis.thirdparty.io.grpc.StatusRuntimeException: UNAVAILABLE: io exception
2023-12-01 12:05:45,233 [grpc-default-executor-1] WARN  server.GrpcLogAppender (LogUtils.java:warn(121)) - bece060d-3fe8-48fd-a57c-c67080073878@group-1BBC237B5611->a52b3d00-e6b2-4875-97ef-1383dbbdd16b-AppendLogResponseHandler: Failed appendEntries: org.apache.ratis.thirdparty.io.grpc.StatusRuntimeException: UNAVAILABLE: io exception
2023-12-01 12:05:45,234 [grpc-default-executor-5] WARN  server.GrpcLogAppender (GrpcLogAppender.java:resetClient(140)) - bece060d-3fe8-48fd-a57c-c67080073878@group-1BBC237B5611->a52b3d00-e6b2-4875-97ef-1383dbbdd16b-GrpcLogAppender: Follower failed and request == null,  keep nextIndex (1) unchanged and retry.
2023-12-01 12:05:45,235 [grpc-default-executor-1] WARN  server.GrpcLogAppender (GrpcLogAppender.java:resetClient(140)) - bece060d-3fe8-48fd-a57c-c67080073878@group-1BBC237B5611->a52b3d00-e6b2-4875-97ef-1383dbbdd16b-GrpcLogAppender: Follower failed and request == null,  keep nextIndex (1) unchanged and retry.
2023-12-01 12:05:45,459 [RatisPipelineUtilsThread-0] ERROR scm.SCMCommonPlacementPolicy (SCMCommonPlacementPolicy.java:filterNodesWithSpace(286)) - Unable to find enough nodes that meet the space requirement of 1073741824 bytes for metadata and 5368709120 bytes for data in healthy node set. Required 3. Found 2.
2023-12-01 12:05:45,959 [RatisPipelineUtilsThread-0] ERROR scm.SCMCommonPlacementPolicy (SCMCommonPlacementPolicy.java:filterNodesWithSpace(286)) - Unable to find enough nodes that meet the space requirement of 1073741824 bytes for metadata and 5368709120 bytes for data in healthy node set. Required 3. Found 2.
2023-12-01 12:05:46,460 [RatisPipelineUtilsThread-0] ERROR scm.SCMCommonPlacementPolicy (SCMCommonPlacementPolicy.java:filterNodesWithSpace(286)) - Unable to find enough nodes that meet the space requirement of 1073741824 bytes for metadata and 5368709120 bytes for data in healthy node set. Required 3. Found 2.
2023-12-01 12:05:46,961 [RatisPipelineUtilsThread-0] ERROR scm.SCMCommonPlacementPolicy (SCMCommonPlacementPolicy.java:filterNodesWithSpace(286)) - Unable to find enough nodes that meet the space requirement of 1073741824 bytes for metadata and 5368709120 bytes for data in healthy node set. Required 3. Found 2.
2023-12-01 12:05:47,461 [RatisPipelineUtilsThread-0] ERROR scm.SCMCommonPlacementPolicy (SCMCommonPlacementPolicy.java:filterNodesWithSpace(286)) - Unable to find enough nodes that meet the space requirement of 1073741824 bytes for metadata and 5368709120 bytes for data in healthy node set. Required 3. Found 2.
2023-12-01 12:05:47,962 [RatisPipelineUtilsThread-0] ERROR scm.SCMCommonPlacementPolicy (SCMCommonPlacementPolicy.java:filterNodesWithSpace(286)) - Unable to find enough nodes that meet the space requirement of 1073741824 bytes for metadata and 5368709120 bytes for data in healthy node set. Required 3. Found 2.
2023-12-01 12:05:48,462 [RatisPipelineUtilsThread-0] ERROR scm.SCMCommonPlacementPolicy (SCMCommonPlacementPolicy.java:filterNodesWithSpace(286)) - Unable to find enough nodes that meet the space requirement of 1073741824 bytes for metadata and 5368709120 bytes for data in healthy node set. Required 3. Found 2.
2023-12-01 12:05:48,963 [RatisPipelineUtilsThread-0] ERROR scm.SCMCommonPlacementPolicy (SCMCommonPlacementPolicy.java:filterNodesWithSpace(286)) - Unable to find enough nodes that meet the space requirement of 1073741824 bytes for metadata and 5368709120 bytes for data in healthy node set. Required 3. Found 2.
2023-12-01 12:05:49,256 [grpc-default-executor-5] WARN  server.GrpcLogAppender (LogUtils.java:warn(121)) - bece060d-3fe8-48fd-a57c-c67080073878@group-1BBC237B5611->a52b3d00-e6b2-4875-97ef-1383dbbdd16b-AppendLogResponseHandler: Failed appendEntries: org.apache.ratis.thirdparty.io.grpc.StatusRuntimeException: UNAVAILABLE: io exception
2023-12-01 12:05:49,256 [grpc-default-executor-1] WARN  server.GrpcLogAppender (LogUtils.java:warn(121)) - bece060d-3fe8-48fd-a57c-c67080073878@group-1BBC237B5611->a52b3d00-e6b2-4875-97ef-1383dbbdd16b-AppendLogResponseHandler: Failed appendEntries: org.apache.ratis.thirdparty.io.grpc.StatusRuntimeException: UNAVAILABLE: io exception
2023-12-01 12:05:49,257 [grpc-default-executor-5] WARN  server.GrpcLogAppender (GrpcLogAppender.java:resetClient(140)) - bece060d-3fe8-48fd-a57c-c67080073878@group-1BBC237B5611->a52b3d00-e6b2-4875-97ef-1383dbbdd16b-GrpcLogAppender: Follower failed and request == null,  keep nextIndex (1) unchanged and retry.
2023-12-01 12:05:49,257 [grpc-default-executor-1] WARN  server.GrpcLogAppender (GrpcLogAppender.java:resetClient(140)) - bece060d-3fe8-48fd-a57c-c67080073878@group-1BBC237B5611->a52b3d00-e6b2-4875-97ef-1383dbbdd16b-GrpcLogAppender: Follower failed and request == null,  keep nextIndex (1) unchanged and retry.
2023-12-01 12:05:49,359 [grpc-default-executor-1] WARN  server.GrpcLogAppender (LogUtils.java:warn(121)) - d61ce6df-bfa3-4031-bef1-0b60ac375a39@group-C65EFE1A7AAC->a52b3d00-e6b2-4875-97ef-1383dbbdd16b-AppendLogResponseHandler: Failed appendEntries: org.apache.ratis.thirdparty.io.grpc.StatusRuntimeException: UNAVAILABLE: io exception
2023-12-01 12:05:49,359 [grpc-default-executor-5] WARN  server.GrpcLogAppender (LogUtils.java:warn(121)) - d61ce6df-bfa3-4031-bef1-0b60ac375a39@group-C65EFE1A7AAC->a52b3d00-e6b2-4875-97ef-1383dbbdd16b-AppendLogResponseHandler: Failed appendEntries: org.apache.ratis.thirdparty.io.grpc.StatusRuntimeException: UNAVAILABLE: io exception
2023-12-01 12:05:49,360 [grpc-default-executor-1] WARN  server.GrpcLogAppender (GrpcLogAppender.java:resetClient(140)) - d61ce6df-bfa3-4031-bef1-0b60ac375a39@group-C65EFE1A7AAC->a52b3d00-e6b2-4875-97ef-1383dbbdd16b-GrpcLogAppender: Follower failed and request == null,  keep nextIndex (1) unchanged and retry.
2023-12-01 12:05:49,360 [grpc-default-executor-5] WARN  server.GrpcLogAppender (GrpcLogAppender.java:resetClient(140)) - d61ce6df-bfa3-4031-bef1-0b60ac375a39@group-C65EFE1A7AAC->a52b3d00-e6b2-4875-97ef-1383dbbdd16b-GrpcLogAppender: Follower failed and request == null,  keep nextIndex (1) unchanged and retry.
2023-12-01 12:05:49,464 [RatisPipelineUtilsThread-0] ERROR scm.SCMCommonPlacementPolicy (SCMCommonPlacementPolicy.java:filterNodesWithSpace(286)) - Unable to find enough nodes that meet the space requirement of 1073741824 bytes for metadata and 5368709120 bytes for data in healthy node set. Required 3. Found 2.
2023-12-01 12:05:49,964 [RatisPipelineUtilsThread-0] ERROR scm.SCMCommonPlacementPolicy (SCMCommonPlacementPolicy.java:filterNodesWithSpace(286)) - Unable to find enough nodes that meet the space requirement of 1073741824 bytes for metadata and 5368709120 bytes for data in healthy node set. Required 3. Found 2.
2023-12-01 12:05:50,465 [RatisPipelineUtilsThread-0] ERROR scm.SCMCommonPlacementPolicy (SCMCommonPlacementPolicy.java:filterNodesWithSpace(286)) - Unable to find enough nodes that meet the space requirement of 1073741824 bytes for metadata and 5368709120 bytes for data in healthy node set. Required 3. Found 2.
2023-12-01 12:05:50,965 [RatisPipelineUtilsThread-0] ERROR scm.SCMCommonPlacementPolicy (SCMCommonPlacementPolicy.java:filterNodesWithSpace(286)) - Unable to find enough nodes that meet the space requirement of 1073741824 bytes for metadata and 5368709120 bytes for data in healthy node set. Required 3. Found 2.
2023-12-01 12:05:51,466 [RatisPipelineUtilsThread-0] ERROR scm.SCMCommonPlacementPolicy (SCMCommonPlacementPolicy.java:filterNodesWithSpace(286)) - Unable to find enough nodes that meet the space requirement of 1073741824 bytes for metadata and 5368709120 bytes for data in healthy node set. Required 3. Found 2.
2023-12-01 12:05:51,967 [RatisPipelineUtilsThread-0] ERROR scm.SCMCommonPlacementPolicy (SCMCommonPlacementPolicy.java:filterNodesWithSpace(286)) - Unable to find enough nodes that meet the space requirement of 1073741824 bytes for metadata and 5368709120 bytes for data in healthy node set. Required 3. Found 2.
2023-12-01 12:05:52,467 [RatisPipelineUtilsThread-0] ERROR scm.SCMCommonPlacementPolicy (SCMCommonPlacementPolicy.java:filterNodesWithSpace(286)) - Unable to find enough nodes that meet the space requirement of 1073741824 bytes for metadata and 5368709120 bytes for data in healthy node set. Required 3. Found 2.
2023-12-01 12:05:52,968 [RatisPipelineUtilsThread-0] ERROR scm.SCMCommonPlacementPolicy (SCMCommonPlacementPolicy.java:filterNodesWithSpace(286)) - Unable to find enough nodes that meet the space requirement of 1073741824 bytes for metadata and 5368709120 bytes for data in healthy node set. Required 3. Found 2.
2023-12-01 12:05:53,469 [RatisPipelineUtilsThread-0] ERROR scm.SCMCommonPlacementPolicy (SCMCommonPlacementPolicy.java:filterNodesWithSpace(286)) - Unable to find enough nodes that meet the space requirement of 1073741824 bytes for metadata and 5368709120 bytes for data in healthy node set. Required 3. Found 2.
2023-12-01 12:05:53,969 [RatisPipelineUtilsThread-0] ERROR scm.SCMCommonPlacementPolicy (SCMCommonPlacementPolicy.java:filterNodesWithSpace(286)) - Unable to find enough nodes that meet the space requirement of 1073741824 bytes for metadata and 5368709120 bytes for data in healthy node set. Required 3. Found 2.
2023-12-01 12:05:54,357 [grpc-default-executor-5] WARN  server.GrpcLogAppender (LogUtils.java:warn(121)) - bece060d-3fe8-48fd-a57c-c67080073878@group-1BBC237B5611->a52b3d00-e6b2-4875-97ef-1383dbbdd16b-AppendLogResponseHandler: Failed appendEntries: org.apache.ratis.thirdparty.io.grpc.StatusRuntimeException: UNAVAILABLE: io exception
2023-12-01 12:05:54,357 [grpc-default-executor-1] WARN  server.GrpcLogAppender (LogUtils.java:warn(121)) - bece060d-3fe8-48fd-a57c-c67080073878@group-1BBC237B5611->a52b3d00-e6b2-4875-97ef-1383dbbdd16b-AppendLogResponseHandler: Failed appendEntries: org.apache.ratis.thirdparty.io.grpc.StatusRuntimeException: UNAVAILABLE: io exception
2023-12-01 12:05:54,358 [grpc-default-executor-5] WARN  server.GrpcLogAppender (GrpcLogAppender.java:resetClient(140)) - bece060d-3fe8-48fd-a57c-c67080073878@group-1BBC237B5611->a52b3d00-e6b2-4875-97ef-1383dbbdd16b-GrpcLogAppender: Follower failed and request == null,  keep nextIndex (1) unchanged and retry.
2023-12-01 12:05:54,358 [grpc-default-executor-1] WARN  server.GrpcLogAppender (GrpcLogAppender.java:resetClient(140)) - bece060d-3fe8-48fd-a57c-c67080073878@group-1BBC237B5611->a52b3d00-e6b2-4875-97ef-1383dbbdd16b-GrpcLogAppender: Follower failed and request == null,  keep nextIndex (1) unchanged and retry.
2023-12-01 12:05:54,470 [RatisPipelineUtilsThread-0] ERROR scm.SCMCommonPlacementPolicy (SCMCommonPlacementPolicy.java:filterNodesWithSpace(286)) - Unable to find enough nodes that meet the space requirement of 1073741824 bytes for metadata and 5368709120 bytes for data in healthy node set. Required 3. Found 2.
2023-12-01 12:05:54,970 [RatisPipelineUtilsThread-0] ERROR scm.SCMCommonPlacementPolicy (SCMCommonPlacementPolicy.java:filterNodesWithSpace(286)) - Unable to find enough nodes that meet the space requirement of 1073741824 bytes for metadata and 5368709120 bytes for data in healthy node set. Required 3. Found 2.
2023-12-01 12:05:55,471 [RatisPipelineUtilsThread-0] ERROR scm.SCMCommonPlacementPolicy (SCMCommonPlacementPolicy.java:filterNodesWithSpace(286)) - Unable to find enough nodes that meet the space requirement of 1073741824 bytes for metadata and 5368709120 bytes for data in healthy node set. Required 3. Found 2.
2023-12-01 12:05:55,972 [RatisPipelineUtilsThread-0] ERROR scm.SCMCommonPlacementPolicy (SCMCommonPlacementPolicy.java:filterNodesWithSpace(286)) - Unable to find enough nodes that meet the space requirement of 1073741824 bytes for metadata and 5368709120 bytes for data in healthy node set. Required 3. Found 2.
2023-12-01 12:05:56,473 [RatisPipelineUtilsThread-0] ERROR scm.SCMCommonPlacementPolicy (SCMCommonPlacementPolicy.java:filterNodesWithSpace(286)) - Unable to find enough nodes that meet the space requirement of 1073741824 bytes for metadata and 5368709120 bytes for data in healthy node set. Required 3. Found 2.
2023-12-01 12:05:56,837 [grpc-default-executor-1] WARN  server.GrpcLogAppender (LogUtils.java:warn(121)) - d61ce6df-bfa3-4031-bef1-0b60ac375a39@group-C65EFE1A7AAC->a52b3d00-e6b2-4875-97ef-1383dbbdd16b-AppendLogResponseHandler: Failed appendEntries: org.apache.ratis.thirdparty.io.grpc.StatusRuntimeException: UNAVAILABLE: io exception
2023-12-01 12:05:56,837 [grpc-default-executor-5] WARN  server.GrpcLogAppender (LogUtils.java:warn(121)) - d61ce6df-bfa3-4031-bef1-0b60ac375a39@group-C65EFE1A7AAC->a52b3d00-e6b2-4875-97ef-1383dbbdd16b-AppendLogResponseHandler: Failed appendEntries: org.apache.ratis.thirdparty.io.grpc.StatusRuntimeException: UNAVAILABLE: io exception
2023-12-01 12:05:56,838 [grpc-default-executor-1] WARN  server.GrpcLogAppender (GrpcLogAppender.java:resetClient(140)) - d61ce6df-bfa3-4031-bef1-0b60ac375a39@group-C65EFE1A7AAC->a52b3d00-e6b2-4875-97ef-1383dbbdd16b-GrpcLogAppender: Follower failed and request == null,  keep nextIndex (1) unchanged and retry.
2023-12-01 12:05:56,838 [grpc-default-executor-5] WARN  server.GrpcLogAppender (GrpcLogAppender.java:resetClient(140)) - d61ce6df-bfa3-4031-bef1-0b60ac375a39@group-C65EFE1A7AAC->a52b3d00-e6b2-4875-97ef-1383dbbdd16b-GrpcLogAppender: Follower failed and request == null,  keep nextIndex (1) unchanged and retry.
2023-12-01 12:05:56,974 [RatisPipelineUtilsThread-0] ERROR scm.SCMCommonPlacementPolicy (SCMCommonPlacementPolicy.java:filterNodesWithSpace(286)) - Unable to find enough nodes that meet the space requirement of 1073741824 bytes for metadata and 5368709120 bytes for data in healthy node set. Required 3. Found 2.
2023-12-01 12:05:57,474 [RatisPipelineUtilsThread-0] ERROR scm.SCMCommonPlacementPolicy (SCMCommonPlacementPolicy.java:filterNodesWithSpace(286)) - Unable to find enough nodes that meet the space requirement of 1073741824 bytes for metadata and 5368709120 bytes for data in healthy node set. Required 3. Found 2.
2023-12-01 12:05:57,975 [RatisPipelineUtilsThread-0] ERROR scm.SCMCommonPlacementPolicy (SCMCommonPlacementPolicy.java:filterNodesWithSpace(286)) - Unable to find enough nodes that meet the space requirement of 1073741824 bytes for metadata and 5368709120 bytes for data in healthy node set. Required 3. Found 2.
2023-12-01 12:05:58,475 [RatisPipelineUtilsThread-0] ERROR scm.SCMCommonPlacementPolicy (SCMCommonPlacementPolicy.java:filterNodesWithSpace(286)) - Unable to find enough nodes that meet the space requirement of 1073741824 bytes for metadata and 5368709120 bytes for data in healthy node set. Required 3. Found 2.
2023-12-01 12:05:58,976 [RatisPipelineUtilsThread-0] ERROR scm.SCMCommonPlacementPolicy (SCMCommonPlacementPolicy.java:filterNodesWithSpace(286)) - Unable to find enough nodes that meet the space requirement of 1073741824 bytes for metadata and 5368709120 bytes for data in healthy node set. Required 3. Found 2.
2023-12-01 12:05:59,477 [RatisPipelineUtilsThread-0] ERROR scm.SCMCommonPlacementPolicy (SCMCommonPlacementPolicy.java:filterNodesWithSpace(286)) - Unable to find enough nodes that meet the space requirement of 1073741824 bytes for metadata and 5368709120 bytes for data in healthy node set. Required 3. Found 2.
2023-12-01 12:05:59,978 [RatisPipelineUtilsThread-0] ERROR scm.SCMCommonPlacementPolicy (SCMCommonPlacementPolicy.java:filterNodesWithSpace(286)) - Unable to find enough nodes that meet the space requirement of 1073741824 bytes for metadata and 5368709120 bytes for data in healthy node set. Required 3. Found 2.
2023-12-01 12:06:00,478 [RatisPipelineUtilsThread-0] ERROR scm.SCMCommonPlacementPolicy (SCMCommonPlacementPolicy.java:filterNodesWithSpace(286)) - Unable to find enough nodes that meet the space requirement of 1073741824 bytes for metadata and 5368709120 bytes for data in healthy node set. Required 3. Found 2.
2023-12-01 12:06:00,979 [RatisPipelineUtilsThread-0] ERROR scm.SCMCommonPlacementPolicy (SCMCommonPlacementPolicy.java:filterNodesWithSpace(286)) - Unable to find enough nodes that meet the space requirement of 1073741824 bytes for metadata and 5368709120 bytes for data in healthy node set. Required 3. Found 2.
2023-12-01 12:06:01,479 [RatisPipelineUtilsThread-0] ERROR scm.SCMCommonPlacementPolicy (SCMCommonPlacementPolicy.java:filterNodesWithSpace(286)) - Unable to find enough nodes that meet the space requirement of 1073741824 bytes for metadata and 5368709120 bytes for data in healthy node set. Required 3. Found 2.
2023-12-01 12:06:01,645 [grpc-default-executor-5] WARN  server.GrpcLogAppender (LogUtils.java:warn(121)) - bece060d-3fe8-48fd-a57c-c67080073878@group-1BBC237B5611->a52b3d00-e6b2-4875-97ef-1383dbbdd16b-AppendLogResponseHandler: Failed appendEntries: org.apache.ratis.thirdparty.io.grpc.StatusRuntimeException: UNAVAILABLE: io exception
2023-12-01 12:06:01,645 [grpc-default-executor-1] WARN  server.GrpcLogAppender (LogUtils.java:warn(121)) - bece060d-3fe8-48fd-a57c-c67080073878@group-1BBC237B5611->a52b3d00-e6b2-4875-97ef-1383dbbdd16b-AppendLogResponseHandler: Failed appendEntries: org.apache.ratis.thirdparty.io.grpc.StatusRuntimeException: UNAVAILABLE: io exception
2023-12-01 12:06:01,646 [grpc-default-executor-5] WARN  server.GrpcLogAppender (GrpcLogAppender.java:resetClient(140)) - bece060d-3fe8-48fd-a57c-c67080073878@group-1BBC237B5611->a52b3d00-e6b2-4875-97ef-1383dbbdd16b-GrpcLogAppender: Follower failed and request == null,  keep nextIndex (1) unchanged and retry.
2023-12-01 12:06:01,646 [grpc-default-executor-1] WARN  server.GrpcLogAppender (GrpcLogAppender.java:resetClient(140)) - bece060d-3fe8-48fd-a57c-c67080073878@group-1BBC237B5611->a52b3d00-e6b2-4875-97ef-1383dbbdd16b-GrpcLogAppender: Follower failed and request == null,  keep nextIndex (1) unchanged and retry.
2023-12-01 12:06:01,980 [RatisPipelineUtilsThread-0] ERROR scm.SCMCommonPlacementPolicy (SCMCommonPlacementPolicy.java:filterNodesWithSpace(286)) - Unable to find enough nodes that meet the space requirement of 1073741824 bytes for metadata and 5368709120 bytes for data in healthy node set. Required 3. Found 2.
2023-12-01 12:06:02,480 [RatisPipelineUtilsThread-0] ERROR scm.SCMCommonPlacementPolicy (SCMCommonPlacementPolicy.java:filterNodesWithSpace(286)) - Unable to find enough nodes that meet the space requirement of 1073741824 bytes for metadata and 5368709120 bytes for data in healthy node set. Required 3. Found 2.
2023-12-01 12:06:02,858 [grpc-default-executor-5] WARN  server.GrpcLogAppender (LogUtils.java:warn(121)) - d61ce6df-bfa3-4031-bef1-0b60ac375a39@group-C65EFE1A7AAC->a52b3d00-e6b2-4875-97ef-1383dbbdd16b-AppendLogResponseHandler: Failed appendEntries: org.apache.ratis.thirdparty.io.grpc.StatusRuntimeException: UNAVAILABLE: io exception
2023-12-01 12:06:02,858 [grpc-default-executor-1] WARN  server.GrpcLogAppender (LogUtils.java:warn(121)) - d61ce6df-bfa3-4031-bef1-0b60ac375a39@group-C65EFE1A7AAC->a52b3d00-e6b2-4875-97ef-1383dbbdd16b-AppendLogResponseHandler: Failed appendEntries: org.apache.ratis.thirdparty.io.grpc.StatusRuntimeException: UNAVAILABLE: io exception
2023-12-01 12:06:02,858 [grpc-default-executor-5] WARN  server.GrpcLogAppender (GrpcLogAppender.java:resetClient(140)) - d61ce6df-bfa3-4031-bef1-0b60ac375a39@group-C65EFE1A7AAC->a52b3d00-e6b2-4875-97ef-1383dbbdd16b-GrpcLogAppender: Follower failed and request == null,  keep nextIndex (1) unchanged and retry.
2023-12-01 12:06:02,858 [grpc-default-executor-1] WARN  server.GrpcLogAppender (GrpcLogAppender.java:resetClient(140)) - d61ce6df-bfa3-4031-bef1-0b60ac375a39@group-C65EFE1A7AAC->a52b3d00-e6b2-4875-97ef-1383dbbdd16b-GrpcLogAppender: Follower failed and request == null,  keep nextIndex (1) unchanged and retry.
2023-12-01 12:06:02,981 [RatisPipelineUtilsThread-0] ERROR scm.SCMCommonPlacementPolicy (SCMCommonPlacementPolicy.java:filterNodesWithSpace(286)) - Unable to find enough nodes that meet the space requirement of 1073741824 bytes for metadata and 5368709120 bytes for data in healthy node set. Required 3. Found 2.
2023-12-01 12:06:03,481 [RatisPipelineUtilsThread-0] ERROR scm.SCMCommonPlacementPolicy (SCMCommonPlacementPolicy.java:filterNodesWithSpace(286)) - Unable to find enough nodes that meet the space requirement of 1073741824 bytes for metadata and 5368709120 bytes for data in healthy node set. Required 3. Found 2.
2023-12-01 12:06:03,982 [RatisPipelineUtilsThread-0] ERROR scm.SCMCommonPlacementPolicy (SCMCommonPlacementPolicy.java:filterNodesWithSpace(286)) - Unable to find enough nodes that meet the space requirement of 1073741824 bytes for metadata and 5368709120 bytes for data in healthy node set. Required 3. Found 2.
2023-12-01 12:06:04,483 [RatisPipelineUtilsThread-0] ERROR scm.SCMCommonPlacementPolicy (SCMCommonPlacementPolicy.java:filterNodesWithSpace(286)) - Unable to find enough nodes that meet the space requirement of 1073741824 bytes for metadata and 5368709120 bytes for data in healthy node set. Required 3. Found 2.
2023-12-01 12:06:04,983 [RatisPipelineUtilsThread-0] ERROR scm.SCMCommonPlacementPolicy (SCMCommonPlacementPolicy.java:filterNodesWithSpace(286)) - Unable to find enough nodes that meet the space requirement of 1073741824 bytes for metadata and 5368709120 bytes for data in healthy node set. Required 3. Found 2.
2023-12-01 12:06:05,484 [RatisPipelineUtilsThread-0] ERROR scm.SCMCommonPlacementPolicy (SCMCommonPlacementPolicy.java:filterNodesWithSpace(286)) - Unable to find enough nodes that meet the space requirement of 1073741824 bytes for metadata and 5368709120 bytes for data in healthy node set. Required 3. Found 2.
2023-12-01 12:06:05,984 [RatisPipelineUtilsThread-0] ERROR scm.SCMCommonPlacementPolicy (SCMCommonPlacementPolicy.java:filterNodesWithSpace(286)) - Unable to find enough nodes that meet the space requirement of 1073741824 bytes for metadata and 5368709120 bytes for data in healthy node set. Required 3. Found 2.
2023-12-01 12:06:06,485 [RatisPipelineUtilsThread-0] ERROR scm.SCMCommonPlacementPolicy (SCMCommonPlacementPolicy.java:filterNodesWithSpace(286)) - Unable to find enough nodes that meet the space requirement of 1073741824 bytes for metadata and 5368709120 bytes for data in healthy node set. Required 3. Found 2.
2023-12-01 12:06:06,913 [grpc-default-executor-1] WARN  server.GrpcLogAppender (LogUtils.java:warn(121)) - bece060d-3fe8-48fd-a57c-c67080073878@group-1BBC237B5611->a52b3d00-e6b2-4875-97ef-1383dbbdd16b-AppendLogResponseHandler: Failed appendEntries: org.apache.ratis.thirdparty.io.grpc.StatusRuntimeException: UNAVAILABLE: io exception
2023-12-01 12:06:06,913 [grpc-default-executor-5] WARN  server.GrpcLogAppender (LogUtils.java:warn(121)) - bece060d-3fe8-48fd-a57c-c67080073878@group-1BBC237B5611->a52b3d00-e6b2-4875-97ef-1383dbbdd16b-AppendLogResponseHandler: Failed appendEntries: org.apache.ratis.thirdparty.io.grpc.StatusRuntimeException: UNAVAILABLE: io exception
2023-12-01 12:06:06,913 [grpc-default-executor-1] WARN  server.GrpcLogAppender (GrpcLogAppender.java:resetClient(140)) - bece060d-3fe8-48fd-a57c-c67080073878@group-1BBC237B5611->a52b3d00-e6b2-4875-97ef-1383dbbdd16b-GrpcLogAppender: Follower failed and request == null,  keep nextIndex (1) unchanged and retry.
2023-12-01 12:06:06,913 [grpc-default-executor-5] WARN  server.GrpcLogAppender (GrpcLogAppender.java:resetClient(140)) - bece060d-3fe8-48fd-a57c-c67080073878@group-1BBC237B5611->a52b3d00-e6b2-4875-97ef-1383dbbdd16b-GrpcLogAppender: Follower failed and request == null,  keep nextIndex (1) unchanged and retry.
2023-12-01 12:06:06,986 [RatisPipelineUtilsThread-0] ERROR scm.SCMCommonPlacementPolicy (SCMCommonPlacementPolicy.java:filterNodesWithSpace(286)) - Unable to find enough nodes that meet the space requirement of 1073741824 bytes for metadata and 5368709120 bytes for data in healthy node set. Required 3. Found 2.
2023-12-01 12:06:07,486 [RatisPipelineUtilsThread-0] ERROR scm.SCMCommonPlacementPolicy (SCMCommonPlacementPolicy.java:filterNodesWithSpace(286)) - Unable to find enough nodes that meet the space requirement of 1073741824 bytes for metadata and 5368709120 bytes for data in healthy node set. Required 3. Found 2.
2023-12-01 12:06:07,987 [RatisPipelineUtilsThread-0] ERROR scm.SCMCommonPlacementPolicy (SCMCommonPlacementPolicy.java:filterNodesWithSpace(286)) - Unable to find enough nodes that meet the space requirement of 1073741824 bytes for metadata and 5368709120 bytes for data in healthy node set. Required 3. Found 2.
2023-12-01 12:06:08,487 [RatisPipelineUtilsThread-0] ERROR scm.SCMCommonPlacementPolicy (SCMCommonPlacementPolicy.java:filterNodesWithSpace(286)) - Unable to find enough nodes that meet the space requirement of 1073741824 bytes for metadata and 5368709120 bytes for data in healthy node set. Required 3. Found 2.
2023-12-01 12:06:08,488 [grpc-default-executor-5] WARN  server.GrpcLogAppender (LogUtils.java:warn(121)) - d61ce6df-bfa3-4031-bef1-0b60ac375a39@group-C65EFE1A7AAC->a52b3d00-e6b2-4875-97ef-1383dbbdd16b-AppendLogResponseHandler: Failed appendEntries: org.apache.ratis.thirdparty.io.grpc.StatusRuntimeException: UNAVAILABLE: io exception
2023-12-01 12:06:08,488 [grpc-default-executor-1] WARN  server.GrpcLogAppender (LogUtils.java:warn(121)) - d61ce6df-bfa3-4031-bef1-0b60ac375a39@group-C65EFE1A7AAC->a52b3d00-e6b2-4875-97ef-1383dbbdd16b-AppendLogResponseHandler: Failed appendEntries: org.apache.ratis.thirdparty.io.grpc.StatusRuntimeException: UNAVAILABLE: io exception
2023-12-01 12:06:08,489 [grpc-default-executor-5] WARN  server.GrpcLogAppender (GrpcLogAppender.java:resetClient(140)) - d61ce6df-bfa3-4031-bef1-0b60ac375a39@group-C65EFE1A7AAC->a52b3d00-e6b2-4875-97ef-1383dbbdd16b-GrpcLogAppender: Follower failed and request == null,  keep nextIndex (1) unchanged and retry.
2023-12-01 12:06:08,489 [grpc-default-executor-1] WARN  server.GrpcLogAppender (GrpcLogAppender.java:resetClient(140)) - d61ce6df-bfa3-4031-bef1-0b60ac375a39@group-C65EFE1A7AAC->a52b3d00-e6b2-4875-97ef-1383dbbdd16b-GrpcLogAppender: Follower failed and request == null,  keep nextIndex (1) unchanged and retry.
2023-12-01 12:06:08,988 [RatisPipelineUtilsThread-0] ERROR scm.SCMCommonPlacementPolicy (SCMCommonPlacementPolicy.java:filterNodesWithSpace(286)) - Unable to find enough nodes that meet the space requirement of 1073741824 bytes for metadata and 5368709120 bytes for data in healthy node set. Required 3. Found 2.
2023-12-01 12:06:09,488 [RatisPipelineUtilsThread-0] ERROR scm.SCMCommonPlacementPolicy (SCMCommonPlacementPolicy.java:filterNodesWithSpace(286)) - Unable to find enough nodes that meet the space requirement of 1073741824 bytes for metadata and 5368709120 bytes for data in healthy node set. Required 3. Found 2.
2023-12-01 12:06:09,989 [RatisPipelineUtilsThread-0] ERROR scm.SCMCommonPlacementPolicy (SCMCommonPlacementPolicy.java:filterNodesWithSpace(286)) - Unable to find enough nodes that meet the space requirement of 1073741824 bytes for metadata and 5368709120 bytes for data in healthy node set. Required 3. Found 2.
2023-12-01 12:06:10,489 [RatisPipelineUtilsThread-0] ERROR scm.SCMCommonPlacementPolicy (SCMCommonPlacementPolicy.java:filterNodesWithSpace(286)) - Unable to find enough nodes that meet the space requirement of 1073741824 bytes for metadata and 5368709120 bytes for data in healthy node set. Required 3. Found 2.
2023-12-01 12:06:10,990 [RatisPipelineUtilsThread-0] ERROR scm.SCMCommonPlacementPolicy (SCMCommonPlacementPolicy.java:filterNodesWithSpace(286)) - Unable to find enough nodes that meet the space requirement of 1073741824 bytes for metadata and 5368709120 bytes for data in healthy node set. Required 3. Found 2.
2023-12-01 12:06:11,186 [grpc-default-executor-1] WARN  server.GrpcLogAppender (LogUtils.java:warn(121)) - bece060d-3fe8-48fd-a57c-c67080073878@group-1BBC237B5611->a52b3d00-e6b2-4875-97ef-1383dbbdd16b-AppendLogResponseHandler: Failed appendEntries: org.apache.ratis.thirdparty.io.grpc.StatusRuntimeException: UNAVAILABLE: io exception
2023-12-01 12:06:11,186 [grpc-default-executor-5] WARN  server.GrpcLogAppender (LogUtils.java:warn(121)) - bece060d-3fe8-48fd-a57c-c67080073878@group-1BBC237B5611->a52b3d00-e6b2-4875-97ef-1383dbbdd16b-AppendLogResponseHandler: Failed appendEntries: org.apache.ratis.thirdparty.io.grpc.StatusRuntimeException: UNAVAILABLE: io exception
2023-12-01 12:06:11,187 [grpc-default-executor-1] WARN  server.GrpcLogAppender (GrpcLogAppender.java:resetClient(140)) - bece060d-3fe8-48fd-a57c-c67080073878@group-1BBC237B5611->a52b3d00-e6b2-4875-97ef-1383dbbdd16b-GrpcLogAppender: Follower failed and request == null,  keep nextIndex (1) unchanged and retry.
2023-12-01 12:06:11,187 [grpc-default-executor-5] WARN  server.GrpcLogAppender (GrpcLogAppender.java:resetClient(140)) - bece060d-3fe8-48fd-a57c-c67080073878@group-1BBC237B5611->a52b3d00-e6b2-4875-97ef-1383dbbdd16b-GrpcLogAppender: Follower failed and request == null,  keep nextIndex (1) unchanged and retry.
2023-12-01 12:06:11,490 [RatisPipelineUtilsThread-0] ERROR scm.SCMCommonPlacementPolicy (SCMCommonPlacementPolicy.java:filterNodesWithSpace(286)) - Unable to find enough nodes that meet the space requirement of 1073741824 bytes for metadata and 5368709120 bytes for data in healthy node set. Required 3. Found 2.
2023-12-01 12:06:11,991 [RatisPipelineUtilsThread-0] ERROR scm.SCMCommonPlacementPolicy (SCMCommonPlacementPolicy.java:filterNodesWithSpace(286)) - Unable to find enough nodes that meet the space requirement of 1073741824 bytes for metadata and 5368709120 bytes for data in healthy node set. Required 3. Found 2.
2023-12-01 12:06:12,492 [RatisPipelineUtilsThread-0] ERROR scm.SCMCommonPlacementPolicy (SCMCommonPlacementPolicy.java:filterNodesWithSpace(286)) - Unable to find enough nodes that meet the space requirement of 1073741824 bytes for metadata and 5368709120 bytes for data in healthy node set. Required 3. Found 2.
2023-12-01 12:06:12,992 [RatisPipelineUtilsThread-0] ERROR scm.SCMCommonPlacementPolicy (SCMCommonPlacementPolicy.java:filterNodesWithSpace(286)) - Unable to find enough nodes that meet the space requirement of 1073741824 bytes for metadata and 5368709120 bytes for data in healthy node set. Required 3. Found 2.
2023-12-01 12:06:13,493 [RatisPipelineUtilsThread-0] ERROR scm.SCMCommonPlacementPolicy (SCMCommonPlacementPolicy.java:filterNodesWithSpace(286)) - Unable to find enough nodes that meet the space requirement of 1073741824 bytes for metadata and 5368709120 bytes for data in healthy node set. Required 3. Found 2.
2023-12-01 12:06:13,705 [grpc-default-executor-1] WARN  server.GrpcLogAppender (LogUtils.java:warn(121)) - d61ce6df-bfa3-4031-bef1-0b60ac375a39@group-C65EFE1A7AAC->a52b3d00-e6b2-4875-97ef-1383dbbdd16b-AppendLogResponseHandler: Failed appendEntries: org.apache.ratis.thirdparty.io.grpc.StatusRuntimeException: UNAVAILABLE: io exception
2023-12-01 12:06:13,705 [grpc-default-executor-5] WARN  server.GrpcLogAppender (LogUtils.java:warn(121)) - d61ce6df-bfa3-4031-bef1-0b60ac375a39@group-C65EFE1A7AAC->a52b3d00-e6b2-4875-97ef-1383dbbdd16b-AppendLogResponseHandler: Failed appendEntries: org.apache.ratis.thirdparty.io.grpc.StatusRuntimeException: UNAVAILABLE: io exception
2023-12-01 12:06:13,706 [grpc-default-executor-1] WARN  server.GrpcLogAppender (GrpcLogAppender.java:resetClient(140)) - d61ce6df-bfa3-4031-bef1-0b60ac375a39@group-C65EFE1A7AAC->a52b3d00-e6b2-4875-97ef-1383dbbdd16b-GrpcLogAppender: Follower failed and request == null,  keep nextIndex (1) unchanged and retry.
2023-12-01 12:06:13,706 [grpc-default-executor-5] WARN  server.GrpcLogAppender (GrpcLogAppender.java:resetClient(140)) - d61ce6df-bfa3-4031-bef1-0b60ac375a39@group-C65EFE1A7AAC->a52b3d00-e6b2-4875-97ef-1383dbbdd16b-GrpcLogAppender: Follower failed and request == null,  keep nextIndex (1) unchanged and retry.
2023-12-01 12:06:13,993 [RatisPipelineUtilsThread-0] ERROR scm.SCMCommonPlacementPolicy (SCMCommonPlacementPolicy.java:filterNodesWithSpace(286)) - Unable to find enough nodes that meet the space requirement of 1073741824 bytes for metadata and 5368709120 bytes for data in healthy node set. Required 3. Found 2.
2023-12-01 12:06:14,494 [RatisPipelineUtilsThread-0] ERROR scm.SCMCommonPlacementPolicy (SCMCommonPlacementPolicy.java:filterNodesWithSpace(286)) - Unable to find enough nodes that meet the space requirement of 1073741824 bytes for metadata and 5368709120 bytes for data in healthy node set. Required 3. Found 2.
2023-12-01 12:06:14,994 [RatisPipelineUtilsThread-0] ERROR scm.SCMCommonPlacementPolicy (SCMCommonPlacementPolicy.java:filterNodesWithSpace(286)) - Unable to find enough nodes that meet the space requirement of 1073741824 bytes for metadata and 5368709120 bytes for data in healthy node set. Required 3. Found 2.
2023-12-01 12:06:15,495 [RatisPipelineUtilsThread-0] ERROR scm.SCMCommonPlacementPolicy (SCMCommonPlacementPolicy.java:filterNodesWithSpace(286)) - Unable to find enough nodes that meet the space requirement of 1073741824 bytes for metadata and 5368709120 bytes for data in healthy node set. Required 3. Found 2.
2023-12-01 12:06:15,995 [RatisPipelineUtilsThread-0] ERROR scm.SCMCommonPlacementPolicy (SCMCommonPlacementPolicy.java:filterNodesWithSpace(286)) - Unable to find enough nodes that meet the space requirement of 1073741824 bytes for metadata and 5368709120 bytes for data in healthy node set. Required 3. Found 2.
2023-12-01 12:06:16,496 [RatisPipelineUtilsThread-0] ERROR scm.SCMCommonPlacementPolicy (SCMCommonPlacementPolicy.java:filterNodesWithSpace(286)) - Unable to find enough nodes that meet the space requirement of 1073741824 bytes for metadata and 5368709120 bytes for data in healthy node set. Required 3. Found 2.
2023-12-01 12:06:16,996 [RatisPipelineUtilsThread-0] ERROR scm.SCMCommonPlacementPolicy (SCMCommonPlacementPolicy.java:filterNodesWithSpace(286)) - Unable to find enough nodes that meet the space requirement of 1073741824 bytes for metadata and 5368709120 bytes for data in healthy node set. Required 3. Found 2.
2023-12-01 12:06:17,481 [grpc-default-executor-5] WARN  server.GrpcLogAppender (LogUtils.java:warn(121)) - d61ce6df-bfa3-4031-bef1-0b60ac375a39@group-C65EFE1A7AAC->a52b3d00-e6b2-4875-97ef-1383dbbdd16b-AppendLogResponseHandler: Failed appendEntries: org.apache.ratis.thirdparty.io.grpc.StatusRuntimeException: UNAVAILABLE: io exception
2023-12-01 12:06:17,481 [grpc-default-executor-1] WARN  server.GrpcLogAppender (LogUtils.java:warn(121)) - d61ce6df-bfa3-4031-bef1-0b60ac375a39@group-C65EFE1A7AAC->a52b3d00-e6b2-4875-97ef-1383dbbdd16b-AppendLogResponseHandler: Failed appendEntries: org.apache.ratis.thirdparty.io.grpc.StatusRuntimeException: UNAVAILABLE: io exception
2023-12-01 12:06:17,481 [grpc-default-executor-5] WARN  server.GrpcLogAppender (GrpcLogAppender.java:resetClient(140)) - d61ce6df-bfa3-4031-bef1-0b60ac375a39@group-C65EFE1A7AAC->a52b3d00-e6b2-4875-97ef-1383dbbdd16b-GrpcLogAppender: Follower failed and request == null,  keep nextIndex (1) unchanged and retry.
2023-12-01 12:06:17,482 [grpc-default-executor-1] WARN  server.GrpcLogAppender (GrpcLogAppender.java:resetClient(140)) - d61ce6df-bfa3-4031-bef1-0b60ac375a39@group-C65EFE1A7AAC->a52b3d00-e6b2-4875-97ef-1383dbbdd16b-GrpcLogAppender: Follower failed and request == null,  keep nextIndex (1) unchanged and retry.
2023-12-01 12:06:17,497 [RatisPipelineUtilsThread-0] ERROR scm.SCMCommonPlacementPolicy (SCMCommonPlacementPolicy.java:filterNodesWithSpace(286)) - Unable to find enough nodes that meet the space requirement of 1073741824 bytes for metadata and 5368709120 bytes for data in healthy node set. Required 3. Found 2.
2023-12-01 12:06:17,817 [grpc-default-executor-1] WARN  server.GrpcLogAppender (LogUtils.java:warn(121)) - bece060d-3fe8-48fd-a57c-c67080073878@group-1BBC237B5611->a52b3d00-e6b2-4875-97ef-1383dbbdd16b-AppendLogResponseHandler: Failed appendEntries: org.apache.ratis.thirdparty.io.grpc.StatusRuntimeException: UNAVAILABLE: io exception
2023-12-01 12:06:17,817 [grpc-default-executor-5] WARN  server.GrpcLogAppender (LogUtils.java:warn(121)) - bece060d-3fe8-48fd-a57c-c67080073878@group-1BBC237B5611->a52b3d00-e6b2-4875-97ef-1383dbbdd16b-AppendLogResponseHandler: Failed appendEntries: org.apache.ratis.thirdparty.io.grpc.StatusRuntimeException: UNAVAILABLE: io exception
2023-12-01 12:06:17,818 [grpc-default-executor-1] WARN  server.GrpcLogAppender (GrpcLogAppender.java:resetClient(140)) - bece060d-3fe8-48fd-a57c-c67080073878@group-1BBC237B5611->a52b3d00-e6b2-4875-97ef-1383dbbdd16b-GrpcLogAppender: Follower failed and request == null,  keep nextIndex (1) unchanged and retry.
2023-12-01 12:06:17,818 [grpc-default-executor-5] WARN  server.GrpcLogAppender (GrpcLogAppender.java:resetClient(140)) - bece060d-3fe8-48fd-a57c-c67080073878@group-1BBC237B5611->a52b3d00-e6b2-4875-97ef-1383dbbdd16b-GrpcLogAppender: Follower failed and request == null,  keep nextIndex (1) unchanged and retry.
2023-12-01 12:06:17,998 [RatisPipelineUtilsThread-0] ERROR scm.SCMCommonPlacementPolicy (SCMCommonPlacementPolicy.java:filterNodesWithSpace(286)) - Unable to find enough nodes that meet the space requirement of 1073741824 bytes for metadata and 5368709120 bytes for data in healthy node set. Required 3. Found 2.
2023-12-01 12:06:18,498 [RatisPipelineUtilsThread-0] ERROR scm.SCMCommonPlacementPolicy (SCMCommonPlacementPolicy.java:filterNodesWithSpace(286)) - Unable to find enough nodes that meet the space requirement of 1073741824 bytes for metadata and 5368709120 bytes for data in healthy node set. Required 3. Found 2.
2023-12-01 12:06:18,999 [RatisPipelineUtilsThread-0] ERROR scm.SCMCommonPlacementPolicy (SCMCommonPlacementPolicy.java:filterNodesWithSpace(286)) - Unable to find enough nodes that meet the space requirement of 1073741824 bytes for metadata and 5368709120 bytes for data in healthy node set. Required 3. Found 2.
2023-12-01 12:06:19,499 [RatisPipelineUtilsThread-0] ERROR scm.SCMCommonPlacementPolicy (SCMCommonPlacementPolicy.java:filterNodesWithSpace(286)) - Unable to find enough nodes that meet the space requirement of 1073741824 bytes for metadata and 5368709120 bytes for data in healthy node set. Required 3. Found 2.
2023-12-01 12:06:20,000 [RatisPipelineUtilsThread-0] ERROR scm.SCMCommonPlacementPolicy (SCMCommonPlacementPolicy.java:filterNodesWithSpace(286)) - Unable to find enough nodes that meet the space requirement of 1073741824 bytes for metadata and 5368709120 bytes for data in healthy node set. Required 3. Found 2.
2023-12-01 12:06:20,501 [RatisPipelineUtilsThread-0] ERROR scm.SCMCommonPlacementPolicy (SCMCommonPlacementPolicy.java:filterNodesWithSpace(286)) - Unable to find enough nodes that meet the space requirement of 1073741824 bytes for metadata and 5368709120 bytes for data in healthy node set. Required 3. Found 2.
2023-12-01 12:06:21,001 [RatisPipelineUtilsThread-0] ERROR scm.SCMCommonPlacementPolicy (SCMCommonPlacementPolicy.java:filterNodesWithSpace(286)) - Unable to find enough nodes that meet the space requirement of 1073741824 bytes for metadata and 5368709120 bytes for data in healthy node set. Required 3. Found 2.
2023-12-01 12:06:21,502 [RatisPipelineUtilsThread-0] ERROR scm.SCMCommonPlacementPolicy (SCMCommonPlacementPolicy.java:filterNodesWithSpace(286)) - Unable to find enough nodes that meet the space requirement of 1073741824 bytes for metadata and 5368709120 bytes for data in healthy node set. Required 3. Found 2.
2023-12-01 12:06:22,002 [RatisPipelineUtilsThread-0] ERROR scm.SCMCommonPlacementPolicy (SCMCommonPlacementPolicy.java:filterNodesWithSpace(286)) - Unable to find enough nodes that meet the space requirement of 1073741824 bytes for metadata and 5368709120 bytes for data in healthy node set. Required 3. Found 2.
2023-12-01 12:06:22,503 [RatisPipelineUtilsThread-0] ERROR scm.SCMCommonPlacementPolicy (SCMCommonPlacementPolicy.java:filterNodesWithSpace(286)) - Unable to find enough nodes that meet the space requirement of 1073741824 bytes for metadata and 5368709120 bytes for data in healthy node set. Required 3. Found 2.
2023-12-01 12:06:23,003 [RatisPipelineUtilsThread-0] ERROR scm.SCMCommonPlacementPolicy (SCMCommonPlacementPolicy.java:filterNodesWithSpace(286)) - Unable to find enough nodes that meet the space requirement of 1073741824 bytes for metadata and 5368709120 bytes for data in healthy node set. Required 3. Found 2.
2023-12-01 12:06:23,504 [RatisPipelineUtilsThread-0] ERROR scm.SCMCommonPlacementPolicy (SCMCommonPlacementPolicy.java:filterNodesWithSpace(286)) - Unable to find enough nodes that meet the space requirement of 1073741824 bytes for metadata and 5368709120 bytes for data in healthy node set. Required 3. Found 2.
2023-12-01 12:06:24,004 [RatisPipelineUtilsThread-0] ERROR scm.SCMCommonPlacementPolicy (SCMCommonPlacementPolicy.java:filterNodesWithSpace(286)) - Unable to find enough nodes that meet the space requirement of 1073741824 bytes for metadata and 5368709120 bytes for data in healthy node set. Required 3. Found 2.
2023-12-01 12:06:24,482 [grpc-default-executor-5] WARN  server.GrpcLogAppender (LogUtils.java:warn(121)) - d61ce6df-bfa3-4031-bef1-0b60ac375a39@group-C65EFE1A7AAC->a52b3d00-e6b2-4875-97ef-1383dbbdd16b-AppendLogResponseHandler: Failed appendEntries: org.apache.ratis.thirdparty.io.grpc.StatusRuntimeException: UNAVAILABLE: io exception
2023-12-01 12:06:24,482 [grpc-default-executor-1] WARN  server.GrpcLogAppender (LogUtils.java:warn(121)) - d61ce6df-bfa3-4031-bef1-0b60ac375a39@group-C65EFE1A7AAC->a52b3d00-e6b2-4875-97ef-1383dbbdd16b-AppendLogResponseHandler: Failed appendEntries: org.apache.ratis.thirdparty.io.grpc.StatusRuntimeException: UNAVAILABLE: io exception
2023-12-01 12:06:24,483 [grpc-default-executor-5] WARN  server.GrpcLogAppender (GrpcLogAppender.java:resetClient(140)) - d61ce6df-bfa3-4031-bef1-0b60ac375a39@group-C65EFE1A7AAC->a52b3d00-e6b2-4875-97ef-1383dbbdd16b-GrpcLogAppender: Follower failed and request == null,  keep nextIndex (1) unchanged and retry.
2023-12-01 12:06:24,483 [grpc-default-executor-1] WARN  server.GrpcLogAppender (GrpcLogAppender.java:resetClient(140)) - d61ce6df-bfa3-4031-bef1-0b60ac375a39@group-C65EFE1A7AAC->a52b3d00-e6b2-4875-97ef-1383dbbdd16b-GrpcLogAppender: Follower failed and request == null,  keep nextIndex (1) unchanged and retry.
2023-12-01 12:06:24,505 [RatisPipelineUtilsThread-0] ERROR scm.SCMCommonPlacementPolicy (SCMCommonPlacementPolicy.java:filterNodesWithSpace(286)) - Unable to find enough nodes that meet the space requirement of 1073741824 bytes for metadata and 5368709120 bytes for data in healthy node set. Required 3. Found 2.
2023-12-01 12:06:24,544 [grpc-default-executor-1] WARN  server.GrpcLogAppender (LogUtils.java:warn(121)) - bece060d-3fe8-48fd-a57c-c67080073878@group-1BBC237B5611->a52b3d00-e6b2-4875-97ef-1383dbbdd16b-AppendLogResponseHandler: Failed appendEntries: org.apache.ratis.thirdparty.io.grpc.StatusRuntimeException: UNAVAILABLE: io exception
2023-12-01 12:06:24,544 [grpc-default-executor-5] WARN  server.GrpcLogAppender (LogUtils.java:warn(121)) - bece060d-3fe8-48fd-a57c-c67080073878@group-1BBC237B5611->a52b3d00-e6b2-4875-97ef-1383dbbdd16b-AppendLogResponseHandler: Failed appendEntries: org.apache.ratis.thirdparty.io.grpc.StatusRuntimeException: UNAVAILABLE: io exception
2023-12-01 12:06:24,545 [grpc-default-executor-1] WARN  server.GrpcLogAppender (GrpcLogAppender.java:resetClient(140)) - bece060d-3fe8-48fd-a57c-c67080073878@group-1BBC237B5611->a52b3d00-e6b2-4875-97ef-1383dbbdd16b-GrpcLogAppender: Follower failed and request == null,  keep nextIndex (1) unchanged and retry.
2023-12-01 12:06:24,545 [grpc-default-executor-5] WARN  server.GrpcLogAppender (GrpcLogAppender.java:resetClient(140)) - bece060d-3fe8-48fd-a57c-c67080073878@group-1BBC237B5611->a52b3d00-e6b2-4875-97ef-1383dbbdd16b-GrpcLogAppender: Follower failed and request == null,  keep nextIndex (1) unchanged and retry.
2023-12-01 12:06:25,005 [RatisPipelineUtilsThread-0] ERROR scm.SCMCommonPlacementPolicy (SCMCommonPlacementPolicy.java:filterNodesWithSpace(286)) - Unable to find enough nodes that meet the space requirement of 1073741824 bytes for metadata and 5368709120 bytes for data in healthy node set. Required 3. Found 2.
2023-12-01 12:06:25,506 [RatisPipelineUtilsThread-0] ERROR scm.SCMCommonPlacementPolicy (SCMCommonPlacementPolicy.java:filterNodesWithSpace(286)) - Unable to find enough nodes that meet the space requirement of 1073741824 bytes for metadata and 5368709120 bytes for data in healthy node set. Required 3. Found 2.
2023-12-01 12:06:26,007 [RatisPipelineUtilsThread-0] ERROR scm.SCMCommonPlacementPolicy (SCMCommonPlacementPolicy.java:filterNodesWithSpace(286)) - Unable to find enough nodes that meet the space requirement of 1073741824 bytes for metadata and 5368709120 bytes for data in healthy node set. Required 3. Found 2.
2023-12-01 12:06:26,507 [RatisPipelineUtilsThread-0] ERROR scm.SCMCommonPlacementPolicy (SCMCommonPlacementPolicy.java:filterNodesWithSpace(286)) - Unable to find enough nodes that meet the space requirement of 1073741824 bytes for metadata and 5368709120 bytes for data in healthy node set. Required 3. Found 2.
2023-12-01 12:06:26,627 [a52b3d00-e6b2-4875-97ef-1383dbbdd16b-BlockDeletingService#1] INFO  interfaces.ContainerDeletionChoosingPolicyTemplate (ContainerDeletionChoosingPolicyTemplate.java:chooseContainerForBlockDeletion(85)) - Chosen 0/5000 blocks from 0 candidate containers.
2023-12-01 12:06:26,777 [d61ce6df-bfa3-4031-bef1-0b60ac375a39-BlockDeletingService#1] INFO  interfaces.ContainerDeletionChoosingPolicyTemplate (ContainerDeletionChoosingPolicyTemplate.java:chooseContainerForBlockDeletion(85)) - Chosen 0/5000 blocks from 0 candidate containers.
2023-12-01 12:06:26,882 [bece060d-3fe8-48fd-a57c-c67080073878-BlockDeletingService#1] INFO  interfaces.ContainerDeletionChoosingPolicyTemplate (ContainerDeletionChoosingPolicyTemplate.java:chooseContainerForBlockDeletion(85)) - Chosen 0/5000 blocks from 0 candidate containers.
2023-12-01 12:06:27,008 [RatisPipelineUtilsThread-0] ERROR scm.SCMCommonPlacementPolicy (SCMCommonPlacementPolicy.java:filterNodesWithSpace(286)) - Unable to find enough nodes that meet the space requirement of 1073741824 bytes for metadata and 5368709120 bytes for data in healthy node set. Required 3. Found 2.
2023-12-01 12:06:27,508 [RatisPipelineUtilsThread-0] ERROR scm.SCMCommonPlacementPolicy (SCMCommonPlacementPolicy.java:filterNodesWithSpace(286)) - Unable to find enough nodes that meet the space requirement of 1073741824 bytes for metadata and 5368709120 bytes for data in healthy node set. Required 3. Found 2.
2023-12-01 12:06:28,009 [RatisPipelineUtilsThread-0] ERROR scm.SCMCommonPlacementPolicy (SCMCommonPlacementPolicy.java:filterNodesWithSpace(286)) - Unable to find enough nodes that meet the space requirement of 1073741824 bytes for metadata and 5368709120 bytes for data in healthy node set. Required 3. Found 2.
2023-12-01 12:06:28,509 [RatisPipelineUtilsThread-0] ERROR scm.SCMCommonPlacementPolicy (SCMCommonPlacementPolicy.java:filterNodesWithSpace(286)) - Unable to find enough nodes that meet the space requirement of 1073741824 bytes for metadata and 5368709120 bytes for data in healthy node set. Required 3. Found 2.
2023-12-01 12:06:29,010 [RatisPipelineUtilsThread-0] ERROR scm.SCMCommonPlacementPolicy (SCMCommonPlacementPolicy.java:filterNodesWithSpace(286)) - Unable to find enough nodes that meet the space requirement of 1073741824 bytes for metadata and 5368709120 bytes for data in healthy node set. Required 3. Found 2.
2023-12-01 12:06:29,397 [grpc-default-executor-5] WARN  server.GrpcLogAppender (LogUtils.java:warn(121)) - bece060d-3fe8-48fd-a57c-c67080073878@group-1BBC237B5611->a52b3d00-e6b2-4875-97ef-1383dbbdd16b-AppendLogResponseHandler: Failed appendEntries: org.apache.ratis.thirdparty.io.grpc.StatusRuntimeException: UNAVAILABLE: io exception
2023-12-01 12:06:29,397 [grpc-default-executor-1] WARN  server.GrpcLogAppender (LogUtils.java:warn(121)) - bece060d-3fe8-48fd-a57c-c67080073878@group-1BBC237B5611->a52b3d00-e6b2-4875-97ef-1383dbbdd16b-AppendLogResponseHandler: Failed appendEntries: org.apache.ratis.thirdparty.io.grpc.StatusRuntimeException: UNAVAILABLE: io exception
2023-12-01 12:06:29,397 [grpc-default-executor-5] WARN  server.GrpcLogAppender (GrpcLogAppender.java:resetClient(140)) - bece060d-3fe8-48fd-a57c-c67080073878@group-1BBC237B5611->a52b3d00-e6b2-4875-97ef-1383dbbdd16b-GrpcLogAppender: Follower failed and request == null,  keep nextIndex (1) unchanged and retry.
2023-12-01 12:06:29,397 [grpc-default-executor-1] WARN  server.GrpcLogAppender (GrpcLogAppender.java:resetClient(140)) - bece060d-3fe8-48fd-a57c-c67080073878@group-1BBC237B5611->a52b3d00-e6b2-4875-97ef-1383dbbdd16b-GrpcLogAppender: Follower failed and request == null,  keep nextIndex (1) unchanged and retry.
2023-12-01 12:06:29,510 [RatisPipelineUtilsThread-0] ERROR scm.SCMCommonPlacementPolicy (SCMCommonPlacementPolicy.java:filterNodesWithSpace(286)) - Unable to find enough nodes that meet the space requirement of 1073741824 bytes for metadata and 5368709120 bytes for data in healthy node set. Required 3. Found 2.
2023-12-01 12:06:30,011 [RatisPipelineUtilsThread-0] ERROR scm.SCMCommonPlacementPolicy (SCMCommonPlacementPolicy.java:filterNodesWithSpace(286)) - Unable to find enough nodes that meet the space requirement of 1073741824 bytes for metadata and 5368709120 bytes for data in healthy node set. Required 3. Found 2.
2023-12-01 12:06:30,512 [RatisPipelineUtilsThread-0] ERROR scm.SCMCommonPlacementPolicy (SCMCommonPlacementPolicy.java:filterNodesWithSpace(286)) - Unable to find enough nodes that meet the space requirement of 1073741824 bytes for metadata and 5368709120 bytes for data in healthy node set. Required 3. Found 2.
2023-12-01 12:06:31,012 [RatisPipelineUtilsThread-0] ERROR scm.SCMCommonPlacementPolicy (SCMCommonPlacementPolicy.java:filterNodesWithSpace(286)) - Unable to find enough nodes that meet the space requirement of 1073741824 bytes for metadata and 5368709120 bytes for data in healthy node set. Required 3. Found 2.
2023-12-01 12:06:31,331 [grpc-default-executor-5] WARN  server.GrpcLogAppender (LogUtils.java:warn(121)) - d61ce6df-bfa3-4031-bef1-0b60ac375a39@group-C65EFE1A7AAC->a52b3d00-e6b2-4875-97ef-1383dbbdd16b-AppendLogResponseHandler: Failed appendEntries: org.apache.ratis.thirdparty.io.grpc.StatusRuntimeException: UNAVAILABLE: io exception
2023-12-01 12:06:31,331 [grpc-default-executor-1] WARN  server.GrpcLogAppender (LogUtils.java:warn(121)) - d61ce6df-bfa3-4031-bef1-0b60ac375a39@group-C65EFE1A7AAC->a52b3d00-e6b2-4875-97ef-1383dbbdd16b-AppendLogResponseHandler: Failed appendEntries: org.apache.ratis.thirdparty.io.grpc.StatusRuntimeException: UNAVAILABLE: io exception
2023-12-01 12:06:31,331 [grpc-default-executor-5] WARN  server.GrpcLogAppender (GrpcLogAppender.java:resetClient(140)) - d61ce6df-bfa3-4031-bef1-0b60ac375a39@group-C65EFE1A7AAC->a52b3d00-e6b2-4875-97ef-1383dbbdd16b-GrpcLogAppender: Follower failed and request == null,  keep nextIndex (1) unchanged and retry.
2023-12-01 12:06:31,331 [grpc-default-executor-1] WARN  server.GrpcLogAppender (GrpcLogAppender.java:resetClient(140)) - d61ce6df-bfa3-4031-bef1-0b60ac375a39@group-C65EFE1A7AAC->a52b3d00-e6b2-4875-97ef-1383dbbdd16b-GrpcLogAppender: Follower failed and request == null,  keep nextIndex (1) unchanged and retry.
2023-12-01 12:06:31,513 [RatisPipelineUtilsThread-0] ERROR scm.SCMCommonPlacementPolicy (SCMCommonPlacementPolicy.java:filterNodesWithSpace(286)) - Unable to find enough nodes that meet the space requirement of 1073741824 bytes for metadata and 5368709120 bytes for data in healthy node set. Required 3. Found 2.
2023-12-01 12:06:32,013 [RatisPipelineUtilsThread-0] ERROR scm.SCMCommonPlacementPolicy (SCMCommonPlacementPolicy.java:filterNodesWithSpace(286)) - Unable to find enough nodes that meet the space requirement of 1073741824 bytes for metadata and 5368709120 bytes for data in healthy node set. Required 3. Found 2.
2023-12-01 12:06:32,514 [RatisPipelineUtilsThread-0] ERROR scm.SCMCommonPlacementPolicy (SCMCommonPlacementPolicy.java:filterNodesWithSpace(286)) - Unable to find enough nodes that meet the space requirement of 1073741824 bytes for metadata and 5368709120 bytes for data in healthy node set. Required 3. Found 2.
2023-12-01 12:06:33,014 [RatisPipelineUtilsThread-0] ERROR scm.SCMCommonPlacementPolicy (SCMCommonPlacementPolicy.java:filterNodesWithSpace(286)) - Unable to find enough nodes that meet the space requirement of 1073741824 bytes for metadata and 5368709120 bytes for data in healthy node set. Required 3. Found 2.
2023-12-01 12:06:33,515 [RatisPipelineUtilsThread-0] ERROR scm.SCMCommonPlacementPolicy (SCMCommonPlacementPolicy.java:filterNodesWithSpace(286)) - Unable to find enough nodes that meet the space requirement of 1073741824 bytes for metadata and 5368709120 bytes for data in healthy node set. Required 3. Found 2.
2023-12-01 12:06:34,015 [RatisPipelineUtilsThread-0] ERROR scm.SCMCommonPlacementPolicy (SCMCommonPlacementPolicy.java:filterNodesWithSpace(286)) - Unable to find enough nodes that meet the space requirement of 1073741824 bytes for metadata and 5368709120 bytes for data in healthy node set. Required 3. Found 2.
2023-12-01 12:06:34,516 [RatisPipelineUtilsThread-0] ERROR scm.SCMCommonPlacementPolicy (SCMCommonPlacementPolicy.java:filterNodesWithSpace(286)) - Unable to find enough nodes that meet the space requirement of 1073741824 bytes for metadata and 5368709120 bytes for data in healthy node set. Required 3. Found 2.
2023-12-01 12:06:35,016 [RatisPipelineUtilsThread-0] ERROR scm.SCMCommonPlacementPolicy (SCMCommonPlacementPolicy.java:filterNodesWithSpace(286)) - Unable to find enough nodes that meet the space requirement of 1073741824 bytes for metadata and 5368709120 bytes for data in healthy node set. Required 3. Found 2.
2023-12-01 12:06:35,091 [grpc-default-executor-1] WARN  server.GrpcLogAppender (LogUtils.java:warn(121)) - bece060d-3fe8-48fd-a57c-c67080073878@group-1BBC237B5611->a52b3d00-e6b2-4875-97ef-1383dbbdd16b-AppendLogResponseHandler: Failed appendEntries: org.apache.ratis.thirdparty.io.grpc.StatusRuntimeException: UNAVAILABLE: io exception
2023-12-01 12:06:35,091 [grpc-default-executor-5] WARN  server.GrpcLogAppender (LogUtils.java:warn(121)) - bece060d-3fe8-48fd-a57c-c67080073878@group-1BBC237B5611->a52b3d00-e6b2-4875-97ef-1383dbbdd16b-AppendLogResponseHandler: Failed appendEntries: org.apache.ratis.thirdparty.io.grpc.StatusRuntimeException: UNAVAILABLE: io exception
2023-12-01 12:06:35,092 [grpc-default-executor-1] WARN  server.GrpcLogAppender (GrpcLogAppender.java:resetClient(140)) - bece060d-3fe8-48fd-a57c-c67080073878@group-1BBC237B5611->a52b3d00-e6b2-4875-97ef-1383dbbdd16b-GrpcLogAppender: Follower failed and request == null,  keep nextIndex (1) unchanged and retry.
2023-12-01 12:06:35,092 [grpc-default-executor-5] WARN  server.GrpcLogAppender (GrpcLogAppender.java:resetClient(140)) - bece060d-3fe8-48fd-a57c-c67080073878@group-1BBC237B5611->a52b3d00-e6b2-4875-97ef-1383dbbdd16b-GrpcLogAppender: Follower failed and request == null,  keep nextIndex (1) unchanged and retry.
2023-12-01 12:06:35,517 [RatisPipelineUtilsThread-0] ERROR scm.SCMCommonPlacementPolicy (SCMCommonPlacementPolicy.java:filterNodesWithSpace(286)) - Unable to find enough nodes that meet the space requirement of 1073741824 bytes for metadata and 5368709120 bytes for data in healthy node set. Required 3. Found 2.
2023-12-01 12:06:36,017 [RatisPipelineUtilsThread-0] ERROR scm.SCMCommonPlacementPolicy (SCMCommonPlacementPolicy.java:filterNodesWithSpace(286)) - Unable to find enough nodes that meet the space requirement of 1073741824 bytes for metadata and 5368709120 bytes for data in healthy node set. Required 3. Found 2.
2023-12-01 12:06:36,518 [RatisPipelineUtilsThread-0] ERROR scm.SCMCommonPlacementPolicy (SCMCommonPlacementPolicy.java:filterNodesWithSpace(286)) - Unable to find enough nodes that meet the space requirement of 1073741824 bytes for metadata and 5368709120 bytes for data in healthy node set. Required 3. Found 2.
2023-12-01 12:06:37,018 [RatisPipelineUtilsThread-0] ERROR scm.SCMCommonPlacementPolicy (SCMCommonPlacementPolicy.java:filterNodesWithSpace(286)) - Unable to find enough nodes that meet the space requirement of 1073741824 bytes for metadata and 5368709120 bytes for data in healthy node set. Required 3. Found 2.
2023-12-01 12:06:37,519 [RatisPipelineUtilsThread-0] ERROR scm.SCMCommonPlacementPolicy (SCMCommonPlacementPolicy.java:filterNodesWithSpace(286)) - Unable to find enough nodes that meet the space requirement of 1073741824 bytes for metadata and 5368709120 bytes for data in healthy node set. Required 3. Found 2.
2023-12-01 12:06:37,947 [grpc-default-executor-5] WARN  server.GrpcLogAppender (LogUtils.java:warn(121)) - d61ce6df-bfa3-4031-bef1-0b60ac375a39@group-C65EFE1A7AAC->a52b3d00-e6b2-4875-97ef-1383dbbdd16b-AppendLogResponseHandler: Failed appendEntries: org.apache.ratis.thirdparty.io.grpc.StatusRuntimeException: UNAVAILABLE: io exception
2023-12-01 12:06:37,947 [grpc-default-executor-1] WARN  server.GrpcLogAppender (LogUtils.java:warn(121)) - d61ce6df-bfa3-4031-bef1-0b60ac375a39@group-C65EFE1A7AAC->a52b3d00-e6b2-4875-97ef-1383dbbdd16b-AppendLogResponseHandler: Failed appendEntries: org.apache.ratis.thirdparty.io.grpc.StatusRuntimeException: UNAVAILABLE: io exception
2023-12-01 12:06:37,948 [grpc-default-executor-5] WARN  server.GrpcLogAppender (GrpcLogAppender.java:resetClient(140)) - d61ce6df-bfa3-4031-bef1-0b60ac375a39@group-C65EFE1A7AAC->a52b3d00-e6b2-4875-97ef-1383dbbdd16b-GrpcLogAppender: Follower failed and request == null,  keep nextIndex (1) unchanged and retry.
2023-12-01 12:06:37,948 [grpc-default-executor-1] WARN  server.GrpcLogAppender (GrpcLogAppender.java:resetClient(140)) - d61ce6df-bfa3-4031-bef1-0b60ac375a39@group-C65EFE1A7AAC->a52b3d00-e6b2-4875-97ef-1383dbbdd16b-GrpcLogAppender: Follower failed and request == null,  keep nextIndex (1) unchanged and retry.
2023-12-01 12:06:38,020 [RatisPipelineUtilsThread-0] ERROR scm.SCMCommonPlacementPolicy (SCMCommonPlacementPolicy.java:filterNodesWithSpace(286)) - Unable to find enough nodes that meet the space requirement of 1073741824 bytes for metadata and 5368709120 bytes for data in healthy node set. Required 3. Found 2.
2023-12-01 12:06:38,520 [RatisPipelineUtilsThread-0] ERROR scm.SCMCommonPlacementPolicy (SCMCommonPlacementPolicy.java:filterNodesWithSpace(286)) - Unable to find enough nodes that meet the space requirement of 1073741824 bytes for metadata and 5368709120 bytes for data in healthy node set. Required 3. Found 2.
2023-12-01 12:06:39,021 [RatisPipelineUtilsThread-0] ERROR scm.SCMCommonPlacementPolicy (SCMCommonPlacementPolicy.java:filterNodesWithSpace(286)) - Unable to find enough nodes that meet the space requirement of 1073741824 bytes for metadata and 5368709120 bytes for data in healthy node set. Required 3. Found 2.
2023-12-01 12:06:39,521 [RatisPipelineUtilsThread-0] ERROR scm.SCMCommonPlacementPolicy (SCMCommonPlacementPolicy.java:filterNodesWithSpace(286)) - Unable to find enough nodes that meet the space requirement of 1073741824 bytes for metadata and 5368709120 bytes for data in healthy node set. Required 3. Found 2.
2023-12-01 12:06:40,022 [RatisPipelineUtilsThread-0] ERROR scm.SCMCommonPlacementPolicy (SCMCommonPlacementPolicy.java:filterNodesWithSpace(286)) - Unable to find enough nodes that meet the space requirement of 1073741824 bytes for metadata and 5368709120 bytes for data in healthy node set. Required 3. Found 2.
2023-12-01 12:06:40,522 [RatisPipelineUtilsThread-0] ERROR scm.SCMCommonPlacementPolicy (SCMCommonPlacementPolicy.java:filterNodesWithSpace(286)) - Unable to find enough nodes that meet the space requirement of 1073741824 bytes for metadata and 5368709120 bytes for data in healthy node set. Required 3. Found 2.
2023-12-01 12:06:41,022 [RatisPipelineUtilsThread-0] ERROR scm.SCMCommonPlacementPolicy (SCMCommonPlacementPolicy.java:filterNodesWithSpace(286)) - Unable to find enough nodes that meet the space requirement of 1073741824 bytes for metadata and 5368709120 bytes for data in healthy node set. Required 3. Found 2.
2023-12-01 12:06:41,523 [RatisPipelineUtilsThread-0] ERROR scm.SCMCommonPlacementPolicy (SCMCommonPlacementPolicy.java:filterNodesWithSpace(286)) - Unable to find enough nodes that meet the space requirement of 1073741824 bytes for metadata and 5368709120 bytes for data in healthy node set. Required 3. Found 2.
2023-12-01 12:06:42,023 [RatisPipelineUtilsThread-0] ERROR scm.SCMCommonPlacementPolicy (SCMCommonPlacementPolicy.java:filterNodesWithSpace(286)) - Unable to find enough nodes that meet the space requirement of 1073741824 bytes for metadata and 5368709120 bytes for data in healthy node set. Required 3. Found 2.
2023-12-01 12:06:42,206 [grpc-default-executor-1] WARN  server.GrpcLogAppender (LogUtils.java:warn(121)) - bece060d-3fe8-48fd-a57c-c67080073878@group-1BBC237B5611->a52b3d00-e6b2-4875-97ef-1383dbbdd16b-AppendLogResponseHandler: Failed appendEntries: org.apache.ratis.thirdparty.io.grpc.StatusRuntimeException: UNAVAILABLE: io exception
2023-12-01 12:06:42,206 [grpc-default-executor-6] WARN  server.GrpcLogAppender (LogUtils.java:warn(121)) - bece060d-3fe8-48fd-a57c-c67080073878@group-1BBC237B5611->a52b3d00-e6b2-4875-97ef-1383dbbdd16b-AppendLogResponseHandler: Failed appendEntries: org.apache.ratis.thirdparty.io.grpc.StatusRuntimeException: UNAVAILABLE: io exception
2023-12-01 12:06:42,206 [grpc-default-executor-1] WARN  server.GrpcLogAppender (GrpcLogAppender.java:resetClient(140)) - bece060d-3fe8-48fd-a57c-c67080073878@group-1BBC237B5611->a52b3d00-e6b2-4875-97ef-1383dbbdd16b-GrpcLogAppender: Follower failed and request == null,  keep nextIndex (1) unchanged and retry.
2023-12-01 12:06:42,206 [grpc-default-executor-6] WARN  server.GrpcLogAppender (GrpcLogAppender.java:resetClient(140)) - bece060d-3fe8-48fd-a57c-c67080073878@group-1BBC237B5611->a52b3d00-e6b2-4875-97ef-1383dbbdd16b-GrpcLogAppender: Follower failed and request == null,  keep nextIndex (1) unchanged and retry.
2023-12-01 12:06:42,524 [RatisPipelineUtilsThread-0] ERROR scm.SCMCommonPlacementPolicy (SCMCommonPlacementPolicy.java:filterNodesWithSpace(286)) - Unable to find enough nodes that meet the space requirement of 1073741824 bytes for metadata and 5368709120 bytes for data in healthy node set. Required 3. Found 2.
2023-12-01 12:06:42,949 [grpc-default-executor-6] WARN  server.GrpcLogAppender (LogUtils.java:warn(121)) - d61ce6df-bfa3-4031-bef1-0b60ac375a39@group-C65EFE1A7AAC->a52b3d00-e6b2-4875-97ef-1383dbbdd16b-AppendLogResponseHandler: Failed appendEntries: org.apache.ratis.thirdparty.io.grpc.StatusRuntimeException: UNAVAILABLE: io exception
2023-12-01 12:06:42,949 [grpc-default-executor-1] WARN  server.GrpcLogAppender (LogUtils.java:warn(121)) - d61ce6df-bfa3-4031-bef1-0b60ac375a39@group-C65EFE1A7AAC->a52b3d00-e6b2-4875-97ef-1383dbbdd16b-AppendLogResponseHandler: Failed appendEntries: org.apache.ratis.thirdparty.io.grpc.StatusRuntimeException: UNAVAILABLE: io exception
2023-12-01 12:06:42,950 [grpc-default-executor-6] WARN  server.GrpcLogAppender (GrpcLogAppender.java:resetClient(140)) - d61ce6df-bfa3-4031-bef1-0b60ac375a39@group-C65EFE1A7AAC->a52b3d00-e6b2-4875-97ef-1383dbbdd16b-GrpcLogAppender: Follower failed and request == null,  keep nextIndex (1) unchanged and retry.
2023-12-01 12:06:42,950 [grpc-default-executor-1] WARN  server.GrpcLogAppender (GrpcLogAppender.java:resetClient(140)) - d61ce6df-bfa3-4031-bef1-0b60ac375a39@group-C65EFE1A7AAC->a52b3d00-e6b2-4875-97ef-1383dbbdd16b-GrpcLogAppender: Follower failed and request == null,  keep nextIndex (1) unchanged and retry.
2023-12-01 12:06:43,024 [RatisPipelineUtilsThread-0] ERROR scm.SCMCommonPlacementPolicy (SCMCommonPlacementPolicy.java:filterNodesWithSpace(286)) - Unable to find enough nodes that meet the space requirement of 1073741824 bytes for metadata and 5368709120 bytes for data in healthy node set. Required 3. Found 2.
2023-12-01 12:06:43,525 [RatisPipelineUtilsThread-0] ERROR scm.SCMCommonPlacementPolicy (SCMCommonPlacementPolicy.java:filterNodesWithSpace(286)) - Unable to find enough nodes that meet the space requirement of 1073741824 bytes for metadata and 5368709120 bytes for data in healthy node set. Required 3. Found 2.
2023-12-01 12:06:44,025 [RatisPipelineUtilsThread-0] ERROR scm.SCMCommonPlacementPolicy (SCMCommonPlacementPolicy.java:filterNodesWithSpace(286)) - Unable to find enough nodes that meet the space requirement of 1073741824 bytes for metadata and 5368709120 bytes for data in healthy node set. Required 3. Found 2.
2023-12-01 12:06:44,526 [RatisPipelineUtilsThread-0] ERROR scm.SCMCommonPlacementPolicy (SCMCommonPlacementPolicy.java:filterNodesWithSpace(286)) - Unable to find enough nodes that meet the space requirement of 1073741824 bytes for metadata and 5368709120 bytes for data in healthy node set. Required 3. Found 2.
2023-12-01 12:06:45,026 [RatisPipelineUtilsThread-0] ERROR scm.SCMCommonPlacementPolicy (SCMCommonPlacementPolicy.java:filterNodesWithSpace(286)) - Unable to find enough nodes that meet the space requirement of 1073741824 bytes for metadata and 5368709120 bytes for data in healthy node set. Required 3. Found 2.
2023-12-01 12:06:45,527 [RatisPipelineUtilsThread-0] ERROR scm.SCMCommonPlacementPolicy (SCMCommonPlacementPolicy.java:filterNodesWithSpace(286)) - Unable to find enough nodes that meet the space requirement of 1073741824 bytes for metadata and 5368709120 bytes for data in healthy node set. Required 3. Found 2.
2023-12-01 12:06:45,859 [grpc-default-executor-1] WARN  server.GrpcLogAppender (LogUtils.java:warn(121)) - bece060d-3fe8-48fd-a57c-c67080073878@group-1BBC237B5611->a52b3d00-e6b2-4875-97ef-1383dbbdd16b-AppendLogResponseHandler: Failed appendEntries: org.apache.ratis.thirdparty.io.grpc.StatusRuntimeException: UNAVAILABLE: io exception
2023-12-01 12:06:45,859 [grpc-default-executor-6] WARN  server.GrpcLogAppender (LogUtils.java:warn(121)) - bece060d-3fe8-48fd-a57c-c67080073878@group-1BBC237B5611->a52b3d00-e6b2-4875-97ef-1383dbbdd16b-AppendLogResponseHandler: Failed appendEntries: org.apache.ratis.thirdparty.io.grpc.StatusRuntimeException: UNAVAILABLE: io exception
2023-12-01 12:06:45,860 [grpc-default-executor-1] WARN  server.GrpcLogAppender (GrpcLogAppender.java:resetClient(140)) - bece060d-3fe8-48fd-a57c-c67080073878@group-1BBC237B5611->a52b3d00-e6b2-4875-97ef-1383dbbdd16b-GrpcLogAppender: Follower failed and request == null,  keep nextIndex (1) unchanged and retry.
2023-12-01 12:06:45,860 [grpc-default-executor-6] WARN  server.GrpcLogAppender (GrpcLogAppender.java:resetClient(140)) - bece060d-3fe8-48fd-a57c-c67080073878@group-1BBC237B5611->a52b3d00-e6b2-4875-97ef-1383dbbdd16b-GrpcLogAppender: Follower failed and request == null,  keep nextIndex (1) unchanged and retry.
2023-12-01 12:06:46,027 [RatisPipelineUtilsThread-0] ERROR scm.SCMCommonPlacementPolicy (SCMCommonPlacementPolicy.java:filterNodesWithSpace(286)) - Unable to find enough nodes that meet the space requirement of 1073741824 bytes for metadata and 5368709120 bytes for data in healthy node set. Required 3. Found 2.
2023-12-01 12:06:46,528 [RatisPipelineUtilsThread-0] ERROR scm.SCMCommonPlacementPolicy (SCMCommonPlacementPolicy.java:filterNodesWithSpace(286)) - Unable to find enough nodes that meet the space requirement of 1073741824 bytes for metadata and 5368709120 bytes for data in healthy node set. Required 3. Found 2.
2023-12-01 12:06:47,028 [RatisPipelineUtilsThread-0] ERROR scm.SCMCommonPlacementPolicy (SCMCommonPlacementPolicy.java:filterNodesWithSpace(286)) - Unable to find enough nodes that meet the space requirement of 1073741824 bytes for metadata and 5368709120 bytes for data in healthy node set. Required 3. Found 2.
2023-12-01 12:06:47,529 [RatisPipelineUtilsThread-0] ERROR scm.SCMCommonPlacementPolicy (SCMCommonPlacementPolicy.java:filterNodesWithSpace(286)) - Unable to find enough nodes that meet the space requirement of 1073741824 bytes for metadata and 5368709120 bytes for data in healthy node set. Required 3. Found 2.
2023-12-01 12:06:48,029 [RatisPipelineUtilsThread-0] ERROR scm.SCMCommonPlacementPolicy (SCMCommonPlacementPolicy.java:filterNodesWithSpace(286)) - Unable to find enough nodes that meet the space requirement of 1073741824 bytes for metadata and 5368709120 bytes for data in healthy node set. Required 3. Found 2.
2023-12-01 12:06:48,530 [RatisPipelineUtilsThread-0] ERROR scm.SCMCommonPlacementPolicy (SCMCommonPlacementPolicy.java:filterNodesWithSpace(286)) - Unable to find enough nodes that meet the space requirement of 1073741824 bytes for metadata and 5368709120 bytes for data in healthy node set. Required 3. Found 2.
2023-12-01 12:06:49,030 [RatisPipelineUtilsThread-0] ERROR scm.SCMCommonPlacementPolicy (SCMCommonPlacementPolicy.java:filterNodesWithSpace(286)) - Unable to find enough nodes that meet the space requirement of 1073741824 bytes for metadata and 5368709120 bytes for data in healthy node set. Required 3. Found 2.
2023-12-01 12:06:49,120 [grpc-default-executor-6] WARN  server.GrpcLogAppender (LogUtils.java:warn(121)) - d61ce6df-bfa3-4031-bef1-0b60ac375a39@group-C65EFE1A7AAC->a52b3d00-e6b2-4875-97ef-1383dbbdd16b-AppendLogResponseHandler: Failed appendEntries: org.apache.ratis.thirdparty.io.grpc.StatusRuntimeException: UNAVAILABLE: io exception
2023-12-01 12:06:49,120 [grpc-default-executor-1] WARN  server.GrpcLogAppender (LogUtils.java:warn(121)) - d61ce6df-bfa3-4031-bef1-0b60ac375a39@group-C65EFE1A7AAC->a52b3d00-e6b2-4875-97ef-1383dbbdd16b-AppendLogResponseHandler: Failed appendEntries: org.apache.ratis.thirdparty.io.grpc.StatusRuntimeException: UNAVAILABLE: io exception
2023-12-01 12:06:49,121 [grpc-default-executor-6] WARN  server.GrpcLogAppender (GrpcLogAppender.java:resetClient(140)) - d61ce6df-bfa3-4031-bef1-0b60ac375a39@group-C65EFE1A7AAC->a52b3d00-e6b2-4875-97ef-1383dbbdd16b-GrpcLogAppender: Follower failed and request == null,  keep nextIndex (1) unchanged and retry.
2023-12-01 12:06:49,121 [grpc-default-executor-1] WARN  server.GrpcLogAppender (GrpcLogAppender.java:resetClient(140)) - d61ce6df-bfa3-4031-bef1-0b60ac375a39@group-C65EFE1A7AAC->a52b3d00-e6b2-4875-97ef-1383dbbdd16b-GrpcLogAppender: Follower failed and request == null,  keep nextIndex (1) unchanged and retry.
2023-12-01 12:06:49,531 [RatisPipelineUtilsThread-0] ERROR scm.SCMCommonPlacementPolicy (SCMCommonPlacementPolicy.java:filterNodesWithSpace(286)) - Unable to find enough nodes that meet the space requirement of 1073741824 bytes for metadata and 5368709120 bytes for data in healthy node set. Required 3. Found 2.
2023-12-01 12:06:49,953 [grpc-default-executor-6] WARN  server.GrpcLogAppender (LogUtils.java:warn(121)) - bece060d-3fe8-48fd-a57c-c67080073878@group-1BBC237B5611->a52b3d00-e6b2-4875-97ef-1383dbbdd16b-AppendLogResponseHandler: Failed appendEntries: org.apache.ratis.thirdparty.io.grpc.StatusRuntimeException: UNAVAILABLE: io exception
2023-12-01 12:06:49,953 [grpc-default-executor-1] WARN  server.GrpcLogAppender (LogUtils.java:warn(121)) - bece060d-3fe8-48fd-a57c-c67080073878@group-1BBC237B5611->a52b3d00-e6b2-4875-97ef-1383dbbdd16b-AppendLogResponseHandler: Failed appendEntries: org.apache.ratis.thirdparty.io.grpc.StatusRuntimeException: UNAVAILABLE: io exception
2023-12-01 12:06:49,953 [grpc-default-executor-6] WARN  server.GrpcLogAppender (GrpcLogAppender.java:resetClient(140)) - bece060d-3fe8-48fd-a57c-c67080073878@group-1BBC237B5611->a52b3d00-e6b2-4875-97ef-1383dbbdd16b-GrpcLogAppender: Follower failed and request == null,  keep nextIndex (1) unchanged and retry.
2023-12-01 12:06:49,953 [grpc-default-executor-1] WARN  server.GrpcLogAppender (GrpcLogAppender.java:resetClient(140)) - bece060d-3fe8-48fd-a57c-c67080073878@group-1BBC237B5611->a52b3d00-e6b2-4875-97ef-1383dbbdd16b-GrpcLogAppender: Follower failed and request == null,  keep nextIndex (1) unchanged and retry.
2023-12-01 12:06:50,031 [RatisPipelineUtilsThread-0] ERROR scm.SCMCommonPlacementPolicy (SCMCommonPlacementPolicy.java:filterNodesWithSpace(286)) - Unable to find enough nodes that meet the space requirement of 1073741824 bytes for metadata and 5368709120 bytes for data in healthy node set. Required 3. Found 2.
2023-12-01 12:06:50,532 [RatisPipelineUtilsThread-0] ERROR scm.SCMCommonPlacementPolicy (SCMCommonPlacementPolicy.java:filterNodesWithSpace(286)) - Unable to find enough nodes that meet the space requirement of 1073741824 bytes for metadata and 5368709120 bytes for data in healthy node set. Required 3. Found 2.
2023-12-01 12:06:51,032 [RatisPipelineUtilsThread-0] ERROR scm.SCMCommonPlacementPolicy (SCMCommonPlacementPolicy.java:filterNodesWithSpace(286)) - Unable to find enough nodes that meet the space requirement of 1073741824 bytes for metadata and 5368709120 bytes for data in healthy node set. Required 3. Found 2.
2023-12-01 12:06:51,533 [RatisPipelineUtilsThread-0] ERROR scm.SCMCommonPlacementPolicy (SCMCommonPlacementPolicy.java:filterNodesWithSpace(286)) - Unable to find enough nodes that meet the space requirement of 1073741824 bytes for metadata and 5368709120 bytes for data in healthy node set. Required 3. Found 2.
2023-12-01 12:06:52,033 [RatisPipelineUtilsThread-0] ERROR scm.SCMCommonPlacementPolicy (SCMCommonPlacementPolicy.java:filterNodesWithSpace(286)) - Unable to find enough nodes that meet the space requirement of 1073741824 bytes for metadata and 5368709120 bytes for data in healthy node set. Required 3. Found 2.
2023-12-01 12:06:52,534 [RatisPipelineUtilsThread-0] ERROR scm.SCMCommonPlacementPolicy (SCMCommonPlacementPolicy.java:filterNodesWithSpace(286)) - Unable to find enough nodes that meet the space requirement of 1073741824 bytes for metadata and 5368709120 bytes for data in healthy node set. Required 3. Found 2.
2023-12-01 12:06:53,034 [RatisPipelineUtilsThread-0] ERROR scm.SCMCommonPlacementPolicy (SCMCommonPlacementPolicy.java:filterNodesWithSpace(286)) - Unable to find enough nodes that meet the space requirement of 1073741824 bytes for metadata and 5368709120 bytes for data in healthy node set. Required 3. Found 2.
2023-12-01 12:06:53,535 [RatisPipelineUtilsThread-0] ERROR scm.SCMCommonPlacementPolicy (SCMCommonPlacementPolicy.java:filterNodesWithSpace(286)) - Unable to find enough nodes that meet the space requirement of 1073741824 bytes for metadata and 5368709120 bytes for data in healthy node set. Required 3. Found 2.
2023-12-01 12:06:54,035 [RatisPipelineUtilsThread-0] ERROR scm.SCMCommonPlacementPolicy (SCMCommonPlacementPolicy.java:filterNodesWithSpace(286)) - Unable to find enough nodes that meet the space requirement of 1073741824 bytes for metadata and 5368709120 bytes for data in healthy node set. Required 3. Found 2.
2023-12-01 12:06:54,536 [RatisPipelineUtilsThread-0] ERROR scm.SCMCommonPlacementPolicy (SCMCommonPlacementPolicy.java:filterNodesWithSpace(286)) - Unable to find enough nodes that meet the space requirement of 1073741824 bytes for metadata and 5368709120 bytes for data in healthy node set. Required 3. Found 2.
2023-12-01 12:06:55,036 [RatisPipelineUtilsThread-0] ERROR scm.SCMCommonPlacementPolicy (SCMCommonPlacementPolicy.java:filterNodesWithSpace(286)) - Unable to find enough nodes that meet the space requirement of 1073741824 bytes for metadata and 5368709120 bytes for data in healthy node set. Required 3. Found 2.
2023-12-01 12:06:55,537 [RatisPipelineUtilsThread-0] ERROR scm.SCMCommonPlacementPolicy (SCMCommonPlacementPolicy.java:filterNodesWithSpace(286)) - Unable to find enough nodes that meet the space requirement of 1073741824 bytes for metadata and 5368709120 bytes for data in healthy node set. Required 3. Found 2.
2023-12-01 12:06:55,547 [grpc-default-executor-1] WARN  server.GrpcLogAppender (LogUtils.java:warn(121)) - d61ce6df-bfa3-4031-bef1-0b60ac375a39@group-C65EFE1A7AAC->a52b3d00-e6b2-4875-97ef-1383dbbdd16b-AppendLogResponseHandler: Failed appendEntries: org.apache.ratis.thirdparty.io.grpc.StatusRuntimeException: UNAVAILABLE: io exception
2023-12-01 12:06:55,547 [grpc-default-executor-6] WARN  server.GrpcLogAppender (LogUtils.java:warn(121)) - d61ce6df-bfa3-4031-bef1-0b60ac375a39@group-C65EFE1A7AAC->a52b3d00-e6b2-4875-97ef-1383dbbdd16b-AppendLogResponseHandler: Failed appendEntries: org.apache.ratis.thirdparty.io.grpc.StatusRuntimeException: UNAVAILABLE: io exception
2023-12-01 12:06:55,548 [grpc-default-executor-1] WARN  server.GrpcLogAppender (GrpcLogAppender.java:resetClient(140)) - d61ce6df-bfa3-4031-bef1-0b60ac375a39@group-C65EFE1A7AAC->a52b3d00-e6b2-4875-97ef-1383dbbdd16b-GrpcLogAppender: Follower failed and request == null,  keep nextIndex (1) unchanged and retry.
2023-12-01 12:06:55,548 [grpc-default-executor-6] WARN  server.GrpcLogAppender (GrpcLogAppender.java:resetClient(140)) - d61ce6df-bfa3-4031-bef1-0b60ac375a39@group-C65EFE1A7AAC->a52b3d00-e6b2-4875-97ef-1383dbbdd16b-GrpcLogAppender: Follower failed and request == null,  keep nextIndex (1) unchanged and retry.
2023-12-01 12:06:55,713 [grpc-default-executor-6] WARN  server.GrpcLogAppender (LogUtils.java:warn(121)) - bece060d-3fe8-48fd-a57c-c67080073878@group-1BBC237B5611->a52b3d00-e6b2-4875-97ef-1383dbbdd16b-AppendLogResponseHandler: Failed appendEntries: org.apache.ratis.thirdparty.io.grpc.StatusRuntimeException: UNAVAILABLE: io exception
2023-12-01 12:06:55,713 [grpc-default-executor-1] WARN  server.GrpcLogAppender (LogUtils.java:warn(121)) - bece060d-3fe8-48fd-a57c-c67080073878@group-1BBC237B5611->a52b3d00-e6b2-4875-97ef-1383dbbdd16b-AppendLogResponseHandler: Failed appendEntries: org.apache.ratis.thirdparty.io.grpc.StatusRuntimeException: UNAVAILABLE: io exception
2023-12-01 12:06:55,714 [grpc-default-executor-6] WARN  server.GrpcLogAppender (GrpcLogAppender.java:resetClient(140)) - bece060d-3fe8-48fd-a57c-c67080073878@group-1BBC237B5611->a52b3d00-e6b2-4875-97ef-1383dbbdd16b-GrpcLogAppender: Follower failed and request == null,  keep nextIndex (1) unchanged and retry.
2023-12-01 12:06:55,714 [grpc-default-executor-1] WARN  server.GrpcLogAppender (GrpcLogAppender.java:resetClient(140)) - bece060d-3fe8-48fd-a57c-c67080073878@group-1BBC237B5611->a52b3d00-e6b2-4875-97ef-1383dbbdd16b-GrpcLogAppender: Follower failed and request == null,  keep nextIndex (1) unchanged and retry.
2023-12-01 12:06:56,037 [RatisPipelineUtilsThread-0] ERROR scm.SCMCommonPlacementPolicy (SCMCommonPlacementPolicy.java:filterNodesWithSpace(286)) - Unable to find enough nodes that meet the space requirement of 1073741824 bytes for metadata and 5368709120 bytes for data in healthy node set. Required 3. Found 2.
2023-12-01 12:06:56,538 [RatisPipelineUtilsThread-0] ERROR scm.SCMCommonPlacementPolicy (SCMCommonPlacementPolicy.java:filterNodesWithSpace(286)) - Unable to find enough nodes that meet the space requirement of 1073741824 bytes for metadata and 5368709120 bytes for data in healthy node set. Required 3. Found 2.
2023-12-01 12:06:57,038 [RatisPipelineUtilsThread-0] ERROR scm.SCMCommonPlacementPolicy (SCMCommonPlacementPolicy.java:filterNodesWithSpace(286)) - Unable to find enough nodes that meet the space requirement of 1073741824 bytes for metadata and 5368709120 bytes for data in healthy node set. Required 3. Found 2.
2023-12-01 12:06:57,539 [RatisPipelineUtilsThread-0] ERROR scm.SCMCommonPlacementPolicy (SCMCommonPlacementPolicy.java:filterNodesWithSpace(286)) - Unable to find enough nodes that meet the space requirement of 1073741824 bytes for metadata and 5368709120 bytes for data in healthy node set. Required 3. Found 2.
2023-12-01 12:06:58,039 [RatisPipelineUtilsThread-0] ERROR scm.SCMCommonPlacementPolicy (SCMCommonPlacementPolicy.java:filterNodesWithSpace(286)) - Unable to find enough nodes that meet the space requirement of 1073741824 bytes for metadata and 5368709120 bytes for data in healthy node set. Required 3. Found 2.
2023-12-01 12:06:58,540 [RatisPipelineUtilsThread-0] ERROR scm.SCMCommonPlacementPolicy (SCMCommonPlacementPolicy.java:filterNodesWithSpace(286)) - Unable to find enough nodes that meet the space requirement of 1073741824 bytes for metadata and 5368709120 bytes for data in healthy node set. Required 3. Found 2.
2023-12-01 12:06:59,040 [RatisPipelineUtilsThread-0] ERROR scm.SCMCommonPlacementPolicy (SCMCommonPlacementPolicy.java:filterNodesWithSpace(286)) - Unable to find enough nodes that meet the space requirement of 1073741824 bytes for metadata and 5368709120 bytes for data in healthy node set. Required 3. Found 2.
2023-12-01 12:06:59,541 [RatisPipelineUtilsThread-0] ERROR scm.SCMCommonPlacementPolicy (SCMCommonPlacementPolicy.java:filterNodesWithSpace(286)) - Unable to find enough nodes that meet the space requirement of 1073741824 bytes for metadata and 5368709120 bytes for data in healthy node set. Required 3. Found 2.
2023-12-01 12:07:00,041 [RatisPipelineUtilsThread-0] ERROR scm.SCMCommonPlacementPolicy (SCMCommonPlacementPolicy.java:filterNodesWithSpace(286)) - Unable to find enough nodes that meet the space requirement of 1073741824 bytes for metadata and 5368709120 bytes for data in healthy node set. Required 3. Found 2.
2023-12-01 12:07:00,542 [RatisPipelineUtilsThread-0] ERROR scm.SCMCommonPlacementPolicy (SCMCommonPlacementPolicy.java:filterNodesWithSpace(286)) - Unable to find enough nodes that meet the space requirement of 1073741824 bytes for metadata and 5368709120 bytes for data in healthy node set. Required 3. Found 2.
2023-12-01 12:07:01,042 [RatisPipelineUtilsThread-0] ERROR scm.SCMCommonPlacementPolicy (SCMCommonPlacementPolicy.java:filterNodesWithSpace(286)) - Unable to find enough nodes that meet the space requirement of 1073741824 bytes for metadata and 5368709120 bytes for data in healthy node set. Required 3. Found 2.
2023-12-01 12:07:01,312 [grpc-default-executor-1] WARN  server.GrpcLogAppender (LogUtils.java:warn(121)) - bece060d-3fe8-48fd-a57c-c67080073878@group-1BBC237B5611->a52b3d00-e6b2-4875-97ef-1383dbbdd16b-AppendLogResponseHandler: Failed appendEntries: org.apache.ratis.thirdparty.io.grpc.StatusRuntimeException: UNAVAILABLE: io exception
2023-12-01 12:07:01,312 [grpc-default-executor-6] WARN  server.GrpcLogAppender (LogUtils.java:warn(121)) - bece060d-3fe8-48fd-a57c-c67080073878@group-1BBC237B5611->a52b3d00-e6b2-4875-97ef-1383dbbdd16b-AppendLogResponseHandler: Failed appendEntries: org.apache.ratis.thirdparty.io.grpc.StatusRuntimeException: UNAVAILABLE: io exception
2023-12-01 12:07:01,312 [grpc-default-executor-1] WARN  server.GrpcLogAppender (GrpcLogAppender.java:resetClient(140)) - bece060d-3fe8-48fd-a57c-c67080073878@group-1BBC237B5611->a52b3d00-e6b2-4875-97ef-1383dbbdd16b-GrpcLogAppender: Follower failed and request == null,  keep nextIndex (1) unchanged and retry.
2023-12-01 12:07:01,313 [grpc-default-executor-6] WARN  server.GrpcLogAppender (GrpcLogAppender.java:resetClient(140)) - bece060d-3fe8-48fd-a57c-c67080073878@group-1BBC237B5611->a52b3d00-e6b2-4875-97ef-1383dbbdd16b-GrpcLogAppender: Follower failed and request == null,  keep nextIndex (1) unchanged and retry.
2023-12-01 12:07:01,486 [grpc-default-executor-6] WARN  server.GrpcLogAppender (LogUtils.java:warn(121)) - d61ce6df-bfa3-4031-bef1-0b60ac375a39@group-C65EFE1A7AAC->a52b3d00-e6b2-4875-97ef-1383dbbdd16b-AppendLogResponseHandler: Failed appendEntries: org.apache.ratis.thirdparty.io.grpc.StatusRuntimeException: UNAVAILABLE: io exception
2023-12-01 12:07:01,486 [grpc-default-executor-1] WARN  server.GrpcLogAppender (LogUtils.java:warn(121)) - d61ce6df-bfa3-4031-bef1-0b60ac375a39@group-C65EFE1A7AAC->a52b3d00-e6b2-4875-97ef-1383dbbdd16b-AppendLogResponseHandler: Failed appendEntries: org.apache.ratis.thirdparty.io.grpc.StatusRuntimeException: UNAVAILABLE: io exception
2023-12-01 12:07:01,487 [grpc-default-executor-6] WARN  server.GrpcLogAppender (GrpcLogAppender.java:resetClient(140)) - d61ce6df-bfa3-4031-bef1-0b60ac375a39@group-C65EFE1A7AAC->a52b3d00-e6b2-4875-97ef-1383dbbdd16b-GrpcLogAppender: Follower failed and request == null,  keep nextIndex (1) unchanged and retry.
2023-12-01 12:07:01,487 [grpc-default-executor-1] WARN  server.GrpcLogAppender (GrpcLogAppender.java:resetClient(140)) - d61ce6df-bfa3-4031-bef1-0b60ac375a39@group-C65EFE1A7AAC->a52b3d00-e6b2-4875-97ef-1383dbbdd16b-GrpcLogAppender: Follower failed and request == null,  keep nextIndex (1) unchanged and retry.
2023-12-01 12:07:01,543 [RatisPipelineUtilsThread-0] ERROR scm.SCMCommonPlacementPolicy (SCMCommonPlacementPolicy.java:filterNodesWithSpace(286)) - Unable to find enough nodes that meet the space requirement of 1073741824 bytes for metadata and 5368709120 bytes for data in healthy node set. Required 3. Found 2.
2023-12-01 12:07:02,043 [RatisPipelineUtilsThread-0] ERROR scm.SCMCommonPlacementPolicy (SCMCommonPlacementPolicy.java:filterNodesWithSpace(286)) - Unable to find enough nodes that meet the space requirement of 1073741824 bytes for metadata and 5368709120 bytes for data in healthy node set. Required 3. Found 2.
2023-12-01 12:07:02,544 [RatisPipelineUtilsThread-0] ERROR scm.SCMCommonPlacementPolicy (SCMCommonPlacementPolicy.java:filterNodesWithSpace(286)) - Unable to find enough nodes that meet the space requirement of 1073741824 bytes for metadata and 5368709120 bytes for data in healthy node set. Required 3. Found 2.
2023-12-01 12:07:03,044 [RatisPipelineUtilsThread-0] ERROR scm.SCMCommonPlacementPolicy (SCMCommonPlacementPolicy.java:filterNodesWithSpace(286)) - Unable to find enough nodes that meet the space requirement of 1073741824 bytes for metadata and 5368709120 bytes for data in healthy node set. Required 3. Found 2.
2023-12-01 12:07:03,545 [RatisPipelineUtilsThread-0] ERROR scm.SCMCommonPlacementPolicy (SCMCommonPlacementPolicy.java:filterNodesWithSpace(286)) - Unable to find enough nodes that meet the space requirement of 1073741824 bytes for metadata and 5368709120 bytes for data in healthy node set. Required 3. Found 2.
2023-12-01 12:07:04,045 [RatisPipelineUtilsThread-0] ERROR scm.SCMCommonPlacementPolicy (SCMCommonPlacementPolicy.java:filterNodesWithSpace(286)) - Unable to find enough nodes that meet the space requirement of 1073741824 bytes for metadata and 5368709120 bytes for data in healthy node set. Required 3. Found 2.
2023-12-01 12:07:04,546 [RatisPipelineUtilsThread-0] ERROR scm.SCMCommonPlacementPolicy (SCMCommonPlacementPolicy.java:filterNodesWithSpace(286)) - Unable to find enough nodes that meet the space requirement of 1073741824 bytes for metadata and 5368709120 bytes for data in healthy node set. Required 3. Found 2.
2023-12-01 12:07:05,047 [RatisPipelineUtilsThread-0] ERROR scm.SCMCommonPlacementPolicy (SCMCommonPlacementPolicy.java:filterNodesWithSpace(286)) - Unable to find enough nodes that meet the space requirement of 1073741824 bytes for metadata and 5368709120 bytes for data in healthy node set. Required 3. Found 2.
2023-12-01 12:07:05,547 [RatisPipelineUtilsThread-0] ERROR scm.SCMCommonPlacementPolicy (SCMCommonPlacementPolicy.java:filterNodesWithSpace(286)) - Unable to find enough nodes that meet the space requirement of 1073741824 bytes for metadata and 5368709120 bytes for data in healthy node set. Required 3. Found 2.
2023-12-01 12:07:06,047 [RatisPipelineUtilsThread-0] ERROR scm.SCMCommonPlacementPolicy (SCMCommonPlacementPolicy.java:filterNodesWithSpace(286)) - Unable to find enough nodes that meet the space requirement of 1073741824 bytes for metadata and 5368709120 bytes for data in healthy node set. Required 3. Found 2.
2023-12-01 12:07:06,548 [RatisPipelineUtilsThread-0] ERROR scm.SCMCommonPlacementPolicy (SCMCommonPlacementPolicy.java:filterNodesWithSpace(286)) - Unable to find enough nodes that meet the space requirement of 1073741824 bytes for metadata and 5368709120 bytes for data in healthy node set. Required 3. Found 2.
2023-12-01 12:07:07,049 [RatisPipelineUtilsThread-0] ERROR scm.SCMCommonPlacementPolicy (SCMCommonPlacementPolicy.java:filterNodesWithSpace(286)) - Unable to find enough nodes that meet the space requirement of 1073741824 bytes for metadata and 5368709120 bytes for data in healthy node set. Required 3. Found 2.
2023-12-01 12:07:07,156 [grpc-default-executor-6] WARN  server.GrpcLogAppender (LogUtils.java:warn(121)) - d61ce6df-bfa3-4031-bef1-0b60ac375a39@group-C65EFE1A7AAC->a52b3d00-e6b2-4875-97ef-1383dbbdd16b-AppendLogResponseHandler: Failed appendEntries: org.apache.ratis.thirdparty.io.grpc.StatusRuntimeException: UNAVAILABLE: io exception
2023-12-01 12:07:07,156 [grpc-default-executor-1] WARN  server.GrpcLogAppender (LogUtils.java:warn(121)) - d61ce6df-bfa3-4031-bef1-0b60ac375a39@group-C65EFE1A7AAC->a52b3d00-e6b2-4875-97ef-1383dbbdd16b-AppendLogResponseHandler: Failed appendEntries: org.apache.ratis.thirdparty.io.grpc.StatusRuntimeException: UNAVAILABLE: io exception
2023-12-01 12:07:07,156 [grpc-default-executor-6] WARN  server.GrpcLogAppender (GrpcLogAppender.java:resetClient(140)) - d61ce6df-bfa3-4031-bef1-0b60ac375a39@group-C65EFE1A7AAC->a52b3d00-e6b2-4875-97ef-1383dbbdd16b-GrpcLogAppender: Follower failed and request == null,  keep nextIndex (1) unchanged and retry.
2023-12-01 12:07:07,156 [grpc-default-executor-1] WARN  server.GrpcLogAppender (GrpcLogAppender.java:resetClient(140)) - d61ce6df-bfa3-4031-bef1-0b60ac375a39@group-C65EFE1A7AAC->a52b3d00-e6b2-4875-97ef-1383dbbdd16b-GrpcLogAppender: Follower failed and request == null,  keep nextIndex (1) unchanged and retry.
2023-12-01 12:07:07,549 [RatisPipelineUtilsThread-0] ERROR scm.SCMCommonPlacementPolicy (SCMCommonPlacementPolicy.java:filterNodesWithSpace(286)) - Unable to find enough nodes that meet the space requirement of 1073741824 bytes for metadata and 5368709120 bytes for data in healthy node set. Required 3. Found 2.
2023-12-01 12:07:08,050 [RatisPipelineUtilsThread-0] ERROR scm.SCMCommonPlacementPolicy (SCMCommonPlacementPolicy.java:filterNodesWithSpace(286)) - Unable to find enough nodes that meet the space requirement of 1073741824 bytes for metadata and 5368709120 bytes for data in healthy node set. Required 3. Found 2.
2023-12-01 12:07:08,154 [grpc-default-executor-1] WARN  server.GrpcLogAppender (LogUtils.java:warn(121)) - bece060d-3fe8-48fd-a57c-c67080073878@group-1BBC237B5611->a52b3d00-e6b2-4875-97ef-1383dbbdd16b-AppendLogResponseHandler: Failed appendEntries: org.apache.ratis.thirdparty.io.grpc.StatusRuntimeException: UNAVAILABLE: io exception
2023-12-01 12:07:08,154 [grpc-default-executor-6] WARN  server.GrpcLogAppender (LogUtils.java:warn(121)) - bece060d-3fe8-48fd-a57c-c67080073878@group-1BBC237B5611->a52b3d00-e6b2-4875-97ef-1383dbbdd16b-AppendLogResponseHandler: Failed appendEntries: org.apache.ratis.thirdparty.io.grpc.StatusRuntimeException: UNAVAILABLE: io exception
2023-12-01 12:07:08,155 [grpc-default-executor-1] WARN  server.GrpcLogAppender (GrpcLogAppender.java:resetClient(140)) - bece060d-3fe8-48fd-a57c-c67080073878@group-1BBC237B5611->a52b3d00-e6b2-4875-97ef-1383dbbdd16b-GrpcLogAppender: Follower failed and request == null,  keep nextIndex (1) unchanged and retry.
2023-12-01 12:07:08,155 [grpc-default-executor-6] WARN  server.GrpcLogAppender (GrpcLogAppender.java:resetClient(140)) - bece060d-3fe8-48fd-a57c-c67080073878@group-1BBC237B5611->a52b3d00-e6b2-4875-97ef-1383dbbdd16b-GrpcLogAppender: Follower failed and request == null,  keep nextIndex (1) unchanged and retry.
2023-12-01 12:07:08,550 [RatisPipelineUtilsThread-0] ERROR scm.SCMCommonPlacementPolicy (SCMCommonPlacementPolicy.java:filterNodesWithSpace(286)) - Unable to find enough nodes that meet the space requirement of 1073741824 bytes for metadata and 5368709120 bytes for data in healthy node set. Required 3. Found 2.
2023-12-01 12:07:09,050 [RatisPipelineUtilsThread-0] ERROR scm.SCMCommonPlacementPolicy (SCMCommonPlacementPolicy.java:filterNodesWithSpace(286)) - Unable to find enough nodes that meet the space requirement of 1073741824 bytes for metadata and 5368709120 bytes for data in healthy node set. Required 3. Found 2.
2023-12-01 12:07:09,551 [RatisPipelineUtilsThread-0] ERROR scm.SCMCommonPlacementPolicy (SCMCommonPlacementPolicy.java:filterNodesWithSpace(286)) - Unable to find enough nodes that meet the space requirement of 1073741824 bytes for metadata and 5368709120 bytes for data in healthy node set. Required 3. Found 2.
2023-12-01 12:07:10,051 [RatisPipelineUtilsThread-0] ERROR scm.SCMCommonPlacementPolicy (SCMCommonPlacementPolicy.java:filterNodesWithSpace(286)) - Unable to find enough nodes that meet the space requirement of 1073741824 bytes for metadata and 5368709120 bytes for data in healthy node set. Required 3. Found 2.
2023-12-01 12:07:10,552 [RatisPipelineUtilsThread-0] ERROR scm.SCMCommonPlacementPolicy (SCMCommonPlacementPolicy.java:filterNodesWithSpace(286)) - Unable to find enough nodes that meet the space requirement of 1073741824 bytes for metadata and 5368709120 bytes for data in healthy node set. Required 3. Found 2.
2023-12-01 12:07:11,052 [RatisPipelineUtilsThread-0] ERROR scm.SCMCommonPlacementPolicy (SCMCommonPlacementPolicy.java:filterNodesWithSpace(286)) - Unable to find enough nodes that meet the space requirement of 1073741824 bytes for metadata and 5368709120 bytes for data in healthy node set. Required 3. Found 2.
2023-12-01 12:07:11,553 [RatisPipelineUtilsThread-0] ERROR scm.SCMCommonPlacementPolicy (SCMCommonPlacementPolicy.java:filterNodesWithSpace(286)) - Unable to find enough nodes that meet the space requirement of 1073741824 bytes for metadata and 5368709120 bytes for data in healthy node set. Required 3. Found 2.
2023-12-01 12:07:12,053 [RatisPipelineUtilsThread-0] ERROR scm.SCMCommonPlacementPolicy (SCMCommonPlacementPolicy.java:filterNodesWithSpace(286)) - Unable to find enough nodes that meet the space requirement of 1073741824 bytes for metadata and 5368709120 bytes for data in healthy node set. Required 3. Found 2.
2023-12-01 12:07:12,446 [grpc-default-executor-6] WARN  server.GrpcLogAppender (LogUtils.java:warn(121)) - d61ce6df-bfa3-4031-bef1-0b60ac375a39@group-C65EFE1A7AAC->a52b3d00-e6b2-4875-97ef-1383dbbdd16b-AppendLogResponseHandler: Failed appendEntries: org.apache.ratis.thirdparty.io.grpc.StatusRuntimeException: UNAVAILABLE: io exception
2023-12-01 12:07:12,446 [grpc-default-executor-1] WARN  server.GrpcLogAppender (LogUtils.java:warn(121)) - d61ce6df-bfa3-4031-bef1-0b60ac375a39@group-C65EFE1A7AAC->a52b3d00-e6b2-4875-97ef-1383dbbdd16b-AppendLogResponseHandler: Failed appendEntries: org.apache.ratis.thirdparty.io.grpc.StatusRuntimeException: UNAVAILABLE: io exception
2023-12-01 12:07:12,447 [grpc-default-executor-6] WARN  server.GrpcLogAppender (GrpcLogAppender.java:resetClient(140)) - d61ce6df-bfa3-4031-bef1-0b60ac375a39@group-C65EFE1A7AAC->a52b3d00-e6b2-4875-97ef-1383dbbdd16b-GrpcLogAppender: Follower failed and request == null,  keep nextIndex (1) unchanged and retry.
2023-12-01 12:07:12,447 [grpc-default-executor-1] WARN  server.GrpcLogAppender (GrpcLogAppender.java:resetClient(140)) - d61ce6df-bfa3-4031-bef1-0b60ac375a39@group-C65EFE1A7AAC->a52b3d00-e6b2-4875-97ef-1383dbbdd16b-GrpcLogAppender: Follower failed and request == null,  keep nextIndex (1) unchanged and retry.
2023-12-01 12:07:12,554 [RatisPipelineUtilsThread-0] ERROR scm.SCMCommonPlacementPolicy (SCMCommonPlacementPolicy.java:filterNodesWithSpace(286)) - Unable to find enough nodes that meet the space requirement of 1073741824 bytes for metadata and 5368709120 bytes for data in healthy node set. Required 3. Found 2.
2023-12-01 12:07:12,570 [grpc-default-executor-1] WARN  server.GrpcLogAppender (LogUtils.java:warn(121)) - bece060d-3fe8-48fd-a57c-c67080073878@group-1BBC237B5611->a52b3d00-e6b2-4875-97ef-1383dbbdd16b-AppendLogResponseHandler: Failed appendEntries: org.apache.ratis.thirdparty.io.grpc.StatusRuntimeException: UNAVAILABLE: io exception
2023-12-01 12:07:12,570 [grpc-default-executor-6] WARN  server.GrpcLogAppender (LogUtils.java:warn(121)) - bece060d-3fe8-48fd-a57c-c67080073878@group-1BBC237B5611->a52b3d00-e6b2-4875-97ef-1383dbbdd16b-AppendLogResponseHandler: Failed appendEntries: org.apache.ratis.thirdparty.io.grpc.StatusRuntimeException: UNAVAILABLE: io exception
2023-12-01 12:07:12,570 [grpc-default-executor-1] WARN  server.GrpcLogAppender (GrpcLogAppender.java:resetClient(140)) - bece060d-3fe8-48fd-a57c-c67080073878@group-1BBC237B5611->a52b3d00-e6b2-4875-97ef-1383dbbdd16b-GrpcLogAppender: Follower failed and request == null,  keep nextIndex (1) unchanged and retry.
2023-12-01 12:07:12,571 [grpc-default-executor-6] WARN  server.GrpcLogAppender (GrpcLogAppender.java:resetClient(140)) - bece060d-3fe8-48fd-a57c-c67080073878@group-1BBC237B5611->a52b3d00-e6b2-4875-97ef-1383dbbdd16b-GrpcLogAppender: Follower failed and request == null,  keep nextIndex (1) unchanged and retry.
2023-12-01 12:07:13,054 [RatisPipelineUtilsThread-0] ERROR scm.SCMCommonPlacementPolicy (SCMCommonPlacementPolicy.java:filterNodesWithSpace(286)) - Unable to find enough nodes that meet the space requirement of 1073741824 bytes for metadata and 5368709120 bytes for data in healthy node set. Required 3. Found 2.
2023-12-01 12:07:13,554 [RatisPipelineUtilsThread-0] ERROR scm.SCMCommonPlacementPolicy (SCMCommonPlacementPolicy.java:filterNodesWithSpace(286)) - Unable to find enough nodes that meet the space requirement of 1073741824 bytes for metadata and 5368709120 bytes for data in healthy node set. Required 3. Found 2.
2023-12-01 12:07:14,055 [RatisPipelineUtilsThread-0] ERROR scm.SCMCommonPlacementPolicy (SCMCommonPlacementPolicy.java:filterNodesWithSpace(286)) - Unable to find enough nodes that meet the space requirement of 1073741824 bytes for metadata and 5368709120 bytes for data in healthy node set. Required 3. Found 2.
2023-12-01 12:07:14,555 [RatisPipelineUtilsThread-0] ERROR scm.SCMCommonPlacementPolicy (SCMCommonPlacementPolicy.java:filterNodesWithSpace(286)) - Unable to find enough nodes that meet the space requirement of 1073741824 bytes for metadata and 5368709120 bytes for data in healthy node set. Required 3. Found 2.
2023-12-01 12:07:15,056 [RatisPipelineUtilsThread-0] ERROR scm.SCMCommonPlacementPolicy (SCMCommonPlacementPolicy.java:filterNodesWithSpace(286)) - Unable to find enough nodes that meet the space requirement of 1073741824 bytes for metadata and 5368709120 bytes for data in healthy node set. Required 3. Found 2.
2023-12-01 12:07:15,098 [grpc-default-executor-6] WARN  server.GrpcLogAppender (LogUtils.java:warn(121)) - d61ce6df-bfa3-4031-bef1-0b60ac375a39@group-C65EFE1A7AAC->a52b3d00-e6b2-4875-97ef-1383dbbdd16b-AppendLogResponseHandler: Failed appendEntries: org.apache.ratis.thirdparty.io.grpc.StatusRuntimeException: UNAVAILABLE: io exception
2023-12-01 12:07:15,098 [grpc-default-executor-5] WARN  server.GrpcLogAppender (LogUtils.java:warn(121)) - d61ce6df-bfa3-4031-bef1-0b60ac375a39@group-C65EFE1A7AAC->a52b3d00-e6b2-4875-97ef-1383dbbdd16b-AppendLogResponseHandler: Failed appendEntries: org.apache.ratis.thirdparty.io.grpc.StatusRuntimeException: UNAVAILABLE: io exception
2023-12-01 12:07:15,098 [grpc-default-executor-6] WARN  server.GrpcLogAppender (GrpcLogAppender.java:resetClient(140)) - d61ce6df-bfa3-4031-bef1-0b60ac375a39@group-C65EFE1A7AAC->a52b3d00-e6b2-4875-97ef-1383dbbdd16b-GrpcLogAppender: Follower failed and request == null,  keep nextIndex (1) unchanged and retry.
2023-12-01 12:07:15,098 [grpc-default-executor-5] WARN  server.GrpcLogAppender (GrpcLogAppender.java:resetClient(140)) - d61ce6df-bfa3-4031-bef1-0b60ac375a39@group-C65EFE1A7AAC->a52b3d00-e6b2-4875-97ef-1383dbbdd16b-GrpcLogAppender: Follower failed and request == null,  keep nextIndex (1) unchanged and retry.
2023-12-01 12:07:15,556 [RatisPipelineUtilsThread-0] ERROR scm.SCMCommonPlacementPolicy (SCMCommonPlacementPolicy.java:filterNodesWithSpace(286)) - Unable to find enough nodes that meet the space requirement of 1073741824 bytes for metadata and 5368709120 bytes for data in healthy node set. Required 3. Found 2.
2023-12-01 12:07:16,057 [RatisPipelineUtilsThread-0] ERROR scm.SCMCommonPlacementPolicy (SCMCommonPlacementPolicy.java:filterNodesWithSpace(286)) - Unable to find enough nodes that meet the space requirement of 1073741824 bytes for metadata and 5368709120 bytes for data in healthy node set. Required 3. Found 2.
2023-12-01 12:07:16,557 [RatisPipelineUtilsThread-0] ERROR scm.SCMCommonPlacementPolicy (SCMCommonPlacementPolicy.java:filterNodesWithSpace(286)) - Unable to find enough nodes that meet the space requirement of 1073741824 bytes for metadata and 5368709120 bytes for data in healthy node set. Required 3. Found 2.
2023-12-01 12:07:17,058 [RatisPipelineUtilsThread-0] ERROR scm.SCMCommonPlacementPolicy (SCMCommonPlacementPolicy.java:filterNodesWithSpace(286)) - Unable to find enough nodes that meet the space requirement of 1073741824 bytes for metadata and 5368709120 bytes for data in healthy node set. Required 3. Found 2.
2023-12-01 12:07:17,558 [RatisPipelineUtilsThread-0] ERROR scm.SCMCommonPlacementPolicy (SCMCommonPlacementPolicy.java:filterNodesWithSpace(286)) - Unable to find enough nodes that meet the space requirement of 1073741824 bytes for metadata and 5368709120 bytes for data in healthy node set. Required 3. Found 2.
2023-12-01 12:07:18,058 [RatisPipelineUtilsThread-0] ERROR scm.SCMCommonPlacementPolicy (SCMCommonPlacementPolicy.java:filterNodesWithSpace(286)) - Unable to find enough nodes that meet the space requirement of 1073741824 bytes for metadata and 5368709120 bytes for data in healthy node set. Required 3. Found 2.
2023-12-01 12:07:18,559 [RatisPipelineUtilsThread-0] ERROR scm.SCMCommonPlacementPolicy (SCMCommonPlacementPolicy.java:filterNodesWithSpace(286)) - Unable to find enough nodes that meet the space requirement of 1073741824 bytes for metadata and 5368709120 bytes for data in healthy node set. Required 3. Found 2.
2023-12-01 12:07:18,864 [grpc-default-executor-5] WARN  server.GrpcLogAppender (LogUtils.java:warn(121)) - bece060d-3fe8-48fd-a57c-c67080073878@group-1BBC237B5611->a52b3d00-e6b2-4875-97ef-1383dbbdd16b-AppendLogResponseHandler: Failed appendEntries: org.apache.ratis.thirdparty.io.grpc.StatusRuntimeException: UNAVAILABLE: io exception
2023-12-01 12:07:18,864 [grpc-default-executor-6] WARN  server.GrpcLogAppender (LogUtils.java:warn(121)) - bece060d-3fe8-48fd-a57c-c67080073878@group-1BBC237B5611->a52b3d00-e6b2-4875-97ef-1383dbbdd16b-AppendLogResponseHandler: Failed appendEntries: org.apache.ratis.thirdparty.io.grpc.StatusRuntimeException: UNAVAILABLE: io exception
2023-12-01 12:07:18,865 [grpc-default-executor-5] WARN  server.GrpcLogAppender (GrpcLogAppender.java:resetClient(140)) - bece060d-3fe8-48fd-a57c-c67080073878@group-1BBC237B5611->a52b3d00-e6b2-4875-97ef-1383dbbdd16b-GrpcLogAppender: Follower failed and request == null,  keep nextIndex (1) unchanged and retry.
2023-12-01 12:07:18,865 [grpc-default-executor-6] WARN  server.GrpcLogAppender (GrpcLogAppender.java:resetClient(140)) - bece060d-3fe8-48fd-a57c-c67080073878@group-1BBC237B5611->a52b3d00-e6b2-4875-97ef-1383dbbdd16b-GrpcLogAppender: Follower failed and request == null,  keep nextIndex (1) unchanged and retry.
2023-12-01 12:07:19,059 [RatisPipelineUtilsThread-0] ERROR scm.SCMCommonPlacementPolicy (SCMCommonPlacementPolicy.java:filterNodesWithSpace(286)) - Unable to find enough nodes that meet the space requirement of 1073741824 bytes for metadata and 5368709120 bytes for data in healthy node set. Required 3. Found 2.
2023-12-01 12:07:19,560 [RatisPipelineUtilsThread-0] ERROR scm.SCMCommonPlacementPolicy (SCMCommonPlacementPolicy.java:filterNodesWithSpace(286)) - Unable to find enough nodes that meet the space requirement of 1073741824 bytes for metadata and 5368709120 bytes for data in healthy node set. Required 3. Found 2.
2023-12-01 12:07:20,060 [RatisPipelineUtilsThread-0] ERROR scm.SCMCommonPlacementPolicy (SCMCommonPlacementPolicy.java:filterNodesWithSpace(286)) - Unable to find enough nodes that meet the space requirement of 1073741824 bytes for metadata and 5368709120 bytes for data in healthy node set. Required 3. Found 2.
2023-12-01 12:07:20,561 [RatisPipelineUtilsThread-0] ERROR scm.SCMCommonPlacementPolicy (SCMCommonPlacementPolicy.java:filterNodesWithSpace(286)) - Unable to find enough nodes that meet the space requirement of 1073741824 bytes for metadata and 5368709120 bytes for data in healthy node set. Required 3. Found 2.
2023-12-01 12:07:20,600 [grpc-default-executor-5] WARN  server.GrpcLogAppender (LogUtils.java:warn(121)) - d61ce6df-bfa3-4031-bef1-0b60ac375a39@group-C65EFE1A7AAC->a52b3d00-e6b2-4875-97ef-1383dbbdd16b-AppendLogResponseHandler: Failed appendEntries: org.apache.ratis.thirdparty.io.grpc.StatusRuntimeException: UNAVAILABLE: io exception
2023-12-01 12:07:20,600 [grpc-default-executor-6] WARN  server.GrpcLogAppender (LogUtils.java:warn(121)) - d61ce6df-bfa3-4031-bef1-0b60ac375a39@group-C65EFE1A7AAC->a52b3d00-e6b2-4875-97ef-1383dbbdd16b-AppendLogResponseHandler: Failed appendEntries: org.apache.ratis.thirdparty.io.grpc.StatusRuntimeException: UNAVAILABLE: io exception
2023-12-01 12:07:20,601 [grpc-default-executor-5] WARN  server.GrpcLogAppender (GrpcLogAppender.java:resetClient(140)) - d61ce6df-bfa3-4031-bef1-0b60ac375a39@group-C65EFE1A7AAC->a52b3d00-e6b2-4875-97ef-1383dbbdd16b-GrpcLogAppender: Follower failed and request == null,  keep nextIndex (1) unchanged and retry.
2023-12-01 12:07:20,601 [grpc-default-executor-6] WARN  server.GrpcLogAppender (GrpcLogAppender.java:resetClient(140)) - d61ce6df-bfa3-4031-bef1-0b60ac375a39@group-C65EFE1A7AAC->a52b3d00-e6b2-4875-97ef-1383dbbdd16b-GrpcLogAppender: Follower failed and request == null,  keep nextIndex (1) unchanged and retry.
2023-12-01 12:07:21,061 [RatisPipelineUtilsThread-0] ERROR scm.SCMCommonPlacementPolicy (SCMCommonPlacementPolicy.java:filterNodesWithSpace(286)) - Unable to find enough nodes that meet the space requirement of 1073741824 bytes for metadata and 5368709120 bytes for data in healthy node set. Required 3. Found 2.
2023-12-01 12:07:21,562 [RatisPipelineUtilsThread-0] ERROR scm.SCMCommonPlacementPolicy (SCMCommonPlacementPolicy.java:filterNodesWithSpace(286)) - Unable to find enough nodes that meet the space requirement of 1073741824 bytes for metadata and 5368709120 bytes for data in healthy node set. Required 3. Found 2.
2023-12-01 12:07:21,644 [grpc-default-executor-6] WARN  server.GrpcLogAppender (LogUtils.java:warn(121)) - bece060d-3fe8-48fd-a57c-c67080073878@group-1BBC237B5611->a52b3d00-e6b2-4875-97ef-1383dbbdd16b-AppendLogResponseHandler: Failed appendEntries: org.apache.ratis.thirdparty.io.grpc.StatusRuntimeException: UNAVAILABLE: io exception
2023-12-01 12:07:21,644 [grpc-default-executor-5] WARN  server.GrpcLogAppender (LogUtils.java:warn(121)) - bece060d-3fe8-48fd-a57c-c67080073878@group-1BBC237B5611->a52b3d00-e6b2-4875-97ef-1383dbbdd16b-AppendLogResponseHandler: Failed appendEntries: org.apache.ratis.thirdparty.io.grpc.StatusRuntimeException: UNAVAILABLE: io exception
2023-12-01 12:07:21,644 [grpc-default-executor-6] WARN  server.GrpcLogAppender (GrpcLogAppender.java:resetClient(140)) - bece060d-3fe8-48fd-a57c-c67080073878@group-1BBC237B5611->a52b3d00-e6b2-4875-97ef-1383dbbdd16b-GrpcLogAppender: Follower failed and request == null,  keep nextIndex (1) unchanged and retry.
2023-12-01 12:07:21,645 [grpc-default-executor-5] WARN  server.GrpcLogAppender (GrpcLogAppender.java:resetClient(140)) - bece060d-3fe8-48fd-a57c-c67080073878@group-1BBC237B5611->a52b3d00-e6b2-4875-97ef-1383dbbdd16b-GrpcLogAppender: Follower failed and request == null,  keep nextIndex (1) unchanged and retry.
2023-12-01 12:07:22,062 [RatisPipelineUtilsThread-0] ERROR scm.SCMCommonPlacementPolicy (SCMCommonPlacementPolicy.java:filterNodesWithSpace(286)) - Unable to find enough nodes that meet the space requirement of 1073741824 bytes for metadata and 5368709120 bytes for data in healthy node set. Required 3. Found 2.
2023-12-01 12:07:22,563 [RatisPipelineUtilsThread-0] ERROR scm.SCMCommonPlacementPolicy (SCMCommonPlacementPolicy.java:filterNodesWithSpace(286)) - Unable to find enough nodes that meet the space requirement of 1073741824 bytes for metadata and 5368709120 bytes for data in healthy node set. Required 3. Found 2.
2023-12-01 12:07:23,063 [RatisPipelineUtilsThread-0] ERROR scm.SCMCommonPlacementPolicy (SCMCommonPlacementPolicy.java:filterNodesWithSpace(286)) - Unable to find enough nodes that meet the space requirement of 1073741824 bytes for metadata and 5368709120 bytes for data in healthy node set. Required 3. Found 2.
2023-12-01 12:07:23,564 [RatisPipelineUtilsThread-0] ERROR scm.SCMCommonPlacementPolicy (SCMCommonPlacementPolicy.java:filterNodesWithSpace(286)) - Unable to find enough nodes that meet the space requirement of 1073741824 bytes for metadata and 5368709120 bytes for data in healthy node set. Required 3. Found 2.
2023-12-01 12:07:23,602 [JvmPauseMonitor10] INFO  util.JvmPauseMonitor (JvmPauseMonitor.java:run(152)) - JvmPauseMonitor-a52b3d00-e6b2-4875-97ef-1383dbbdd16b: Stopped
2023-12-01 12:07:23,602 [main] ERROR server.XceiverServerGrpc (XceiverServerGrpc.java:stop(207)) - failed to shutdown XceiverServerGrpc
java.lang.InterruptedException
	at java.lang.Object.wait(Native Method)
	at java.lang.Object.wait(Object.java:460)
	at java.util.concurrent.TimeUnit.timedWait(TimeUnit.java:348)
	at org.apache.ratis.thirdparty.io.grpc.internal.ServerImpl.awaitTermination(ServerImpl.java:312)
	at org.apache.hadoop.ozone.container.common.transport.server.XceiverServerGrpc.stop(XceiverServerGrpc.java:204)
	at org.apache.hadoop.ozone.container.ozoneimpl.OzoneContainer.stop(OzoneContainer.java:467)
	at org.apache.hadoop.ozone.container.common.statemachine.DatanodeStateMachine.close(DatanodeStateMachine.java:447)
	at org.apache.hadoop.ozone.container.common.statemachine.DatanodeStateMachine.stopDaemon(DatanodeStateMachine.java:637)
	at org.apache.hadoop.ozone.HddsDatanodeService.stop(HddsDatanodeService.java:547)
	at org.apache.hadoop.ozone.MiniOzoneClusterImpl.stopDatanode(MiniOzoneClusterImpl.java:544)
	at org.apache.hadoop.ozone.MiniOzoneClusterImpl.shutdownHddsDatanode(MiniOzoneClusterImpl.java:434)
	at org.apache.hadoop.ozone.MiniOzoneClusterImpl.shutdownHddsDatanode(MiniOzoneClusterImpl.java:439)
	at org.apache.hadoop.hdds.scm.pipeline.TestRatisPipelineCreateAndDestroy.testPipelineCreationOnNodeRestart(TestRatisPipelineCreateAndDestroy.java:134)
	at sun.reflect.NativeMethodAccessorImpl.invoke0(Native Method)
	at sun.reflect.NativeMethodAccessorImpl.invoke(NativeMethodAccessorImpl.java:62)
	at sun.reflect.DelegatingMethodAccessorImpl.invoke(DelegatingMethodAccessorImpl.java:43)
	at java.lang.reflect.Method.invoke(Method.java:498)
	at org.junit.platform.commons.util.ReflectionUtils.invokeMethod(ReflectionUtils.java:725)
	at org.junit.jupiter.engine.execution.MethodInvocation.proceed(MethodInvocation.java:60)
	at org.junit.jupiter.engine.execution.InvocationInterceptorChain$ValidatingInvocation.proceed(InvocationInterceptorChain.java:131)
	at org.junit.jupiter.engine.extension.TimeoutInvocation.proceed(TimeoutInvocation.java:46)
	at org.junit.jupiter.engine.extension.TimeoutExtension.intercept(TimeoutExtension.java:149)
	at org.junit.jupiter.engine.extension.TimeoutExtension.interceptTestableMethod(TimeoutExtension.java:140)
	at org.junit.jupiter.engine.extension.TimeoutExtension.interceptTestMethod(TimeoutExtension.java:84)
	at org.junit.jupiter.engine.execution.ExecutableInvoker$ReflectiveInterceptorCall.lambda$ofVoidMethod$0(ExecutableInvoker.java:115)
	at org.junit.jupiter.engine.execution.ExecutableInvoker.lambda$invoke$0(ExecutableInvoker.java:105)
	at org.junit.jupiter.engine.execution.InvocationInterceptorChain$InterceptedInvocation.proceed(InvocationInterceptorChain.java:106)
	at org.junit.jupiter.engine.execution.InvocationInterceptorChain.proceed(InvocationInterceptorChain.java:64)
	at org.junit.jupiter.engine.execution.InvocationInterceptorChain.chainAndInvoke(InvocationInterceptorChain.java:45)
	at org.junit.jupiter.engine.execution.InvocationInterceptorChain.invoke(InvocationInterceptorChain.java:37)
	at org.junit.jupiter.engine.execution.ExecutableInvoker.invoke(ExecutableInvoker.java:104)
	at org.junit.jupiter.engine.execution.ExecutableInvoker.invoke(ExecutableInvoker.java:98)
	at org.junit.jupiter.engine.descriptor.TestMethodTestDescriptor.lambda$invokeTestMethod$7(TestMethodTestDescriptor.java:214)
	at org.junit.platform.engine.support.hierarchical.ThrowableCollector.execute(ThrowableCollector.java:73)
	at org.junit.jupiter.engine.descriptor.TestMethodTestDescriptor.invokeTestMethod(TestMethodTestDescriptor.java:210)
	at org.junit.jupiter.engine.descriptor.TestMethodTestDescriptor.execute(TestMethodTestDescriptor.java:135)
	at org.junit.jupiter.engine.descriptor.TestMethodTestDescriptor.execute(TestMethodTestDescriptor.java:66)
	at org.junit.platform.engine.support.hierarchical.NodeTestTask.lambda$executeRecursively$6(NodeTestTask.java:151)
	at org.junit.platform.engine.support.hierarchical.ThrowableCollector.execute(ThrowableCollector.java:73)
	at org.junit.platform.engine.support.hierarchical.NodeTestTask.lambda$executeRecursively$8(NodeTestTask.java:141)
	at org.junit.platform.engine.support.hierarchical.Node.around(Node.java:137)
	at org.junit.platform.engine.support.hierarchical.NodeTestTask.lambda$executeRecursively$9(NodeTestTask.java:139)
	at org.junit.platform.engine.support.hierarchical.ThrowableCollector.execute(ThrowableCollector.java:73)
	at org.junit.platform.engine.support.hierarchical.NodeTestTask.executeRecursively(NodeTestTask.java:138)
	at org.junit.platform.engine.support.hierarchical.NodeTestTask.execute(NodeTestTask.java:95)
	at java.util.ArrayList.forEach(ArrayList.java:1259)
	at org.junit.platform.engine.support.hierarchical.SameThreadHierarchicalTestExecutorService.invokeAll(SameThreadHierarchicalTestExecutorService.java:41)
	at org.junit.platform.engine.support.hierarchical.NodeTestTask.lambda$executeRecursively$6(NodeTestTask.java:155)
	at org.junit.platform.engine.support.hierarchical.ThrowableCollector.execute(ThrowableCollector.java:73)
	at org.junit.platform.engine.support.hierarchical.NodeTestTask.lambda$executeRecursively$8(NodeTestTask.java:141)
	at org.junit.platform.engine.support.hierarchical.Node.around(Node.java:137)
	at org.junit.platform.engine.support.hierarchical.NodeTestTask.lambda$executeRecursively$9(NodeTestTask.java:139)
	at org.junit.platform.engine.support.hierarchical.ThrowableCollector.execute(ThrowableCollector.java:73)
	at org.junit.platform.engine.support.hierarchical.NodeTestTask.executeRecursively(NodeTestTask.java:138)
	at org.junit.platform.engine.support.hierarchical.NodeTestTask.execute(NodeTestTask.java:95)
	at java.util.ArrayList.forEach(ArrayList.java:1259)
	at org.junit.platform.engine.support.hierarchical.SameThreadHierarchicalTestExecutorService.invokeAll(SameThreadHierarchicalTestExecutorService.java:41)
	at org.junit.platform.engine.support.hierarchical.NodeTestTask.lambda$executeRecursively$6(NodeTestTask.java:155)
	at org.junit.platform.engine.support.hierarchical.ThrowableCollector.execute(ThrowableCollector.java:73)
	at org.junit.platform.engine.support.hierarchical.NodeTestTask.lambda$executeRecursively$8(NodeTestTask.java:141)
	at org.junit.platform.engine.support.hierarchical.Node.around(Node.java:137)
	at org.junit.platform.engine.support.hierarchical.NodeTestTask.lambda$executeRecursively$9(NodeTestTask.java:139)
	at org.junit.platform.engine.support.hierarchical.ThrowableCollector.execute(ThrowableCollector.java:73)
	at org.junit.platform.engine.support.hierarchical.NodeTestTask.executeRecursively(NodeTestTask.java:138)
	at org.junit.platform.engine.support.hierarchical.NodeTestTask.execute(NodeTestTask.java:95)
	at org.junit.platform.engine.support.hierarchical.SameThreadHierarchicalTestExecutorService.submit(SameThreadHierarchicalTestExecutorService.java:35)
	at org.junit.platform.engine.support.hierarchical.HierarchicalTestExecutor.execute(HierarchicalTestExecutor.java:57)
	at org.junit.platform.engine.support.hierarchical.HierarchicalTestEngine.execute(HierarchicalTestEngine.java:54)
	at org.junit.platform.launcher.core.EngineExecutionOrchestrator.execute(EngineExecutionOrchestrator.java:107)
	at org.junit.platform.launcher.core.EngineExecutionOrchestrator.execute(EngineExecutionOrchestrator.java:88)
	at org.junit.platform.launcher.core.EngineExecutionOrchestrator.lambda$execute$0(EngineExecutionOrchestrator.java:54)
	at org.junit.platform.launcher.core.EngineExecutionOrchestrator.withInterceptedStreams(EngineExecutionOrchestrator.java:67)
	at org.junit.platform.launcher.core.EngineExecutionOrchestrator.execute(EngineExecutionOrchestrator.java:52)
	at org.junit.platform.launcher.core.DefaultLauncher.execute(DefaultLauncher.java:114)
	at org.junit.platform.launcher.core.DefaultLauncher.execute(DefaultLauncher.java:86)
	at org.junit.platform.launcher.core.DefaultLauncherSession$DelegatingLauncher.execute(DefaultLauncherSession.java:86)
	at org.apache.maven.surefire.junitplatform.LazyLauncher.execute(LazyLauncher.java:56)
	at org.apache.maven.surefire.junitplatform.JUnitPlatformProvider.execute(JUnitPlatformProvider.java:184)
	at org.apache.maven.surefire.junitplatform.JUnitPlatformProvider.invokeAllTests(JUnitPlatformProvider.java:148)
	at org.apache.maven.surefire.junitplatform.JUnitPlatformProvider.invoke(JUnitPlatformProvider.java:120)
	at org.apache.maven.surefire.booter.ForkedBooter.runSuitesInProcess(ForkedBooter.java:385)
	at org.apache.maven.surefire.booter.ForkedBooter.execute(ForkedBooter.java:162)
	at org.apache.maven.surefire.booter.ForkedBooter.run(ForkedBooter.java:507)
	at org.apache.maven.surefire.booter.ForkedBooter.main(ForkedBooter.java:495)
2023-12-01 12:07:23,604 [main] INFO  utils.DatanodeStoreCache (DatanodeStoreCache.java:shutdownCache(110)) - Skip clearing cache in mini cluster mode. Entries left: [/home/runner/work/ozone/ozone/hadoop-ozone/integration-test/target/test-dir/MiniOzoneClusterImpl-6e44b040-7731-4908-af37-66cbba4f501b/datanode-0/data-0/containers/hdds/6e44b040-7731-4908-af37-66cbba4f501b/DS-4f3f86f9-a925-49b1-b350-3bbcb72352cc/container.db, /home/runner/work/ozone/ozone/hadoop-ozone/integration-test/target/test-dir/MiniOzoneClusterImpl-6e44b040-7731-4908-af37-66cbba4f501b/datanode-1/data-0/containers/hdds/6e44b040-7731-4908-af37-66cbba4f501b/DS-92467a08-f24c-4960-a7bd-2f4b47240d51/container.db, /home/runner/work/ozone/ozone/hadoop-ozone/integration-test/target/test-dir/MiniOzoneClusterImpl-6e44b040-7731-4908-af37-66cbba4f501b/datanode-2/data-0/containers/hdds/6e44b040-7731-4908-af37-66cbba4f501b/DS-d49a9d4f-c9f4-4fc1-902f-d24227cf3630/container.db]
2023-12-01 12:07:23,606 [main] INFO  utils.DatanodeStoreCache (DatanodeStoreCache.java:removeDB(104)) - Removed db /home/runner/work/ozone/ozone/hadoop-ozone/integration-test/target/test-dir/MiniOzoneClusterImpl-6e44b040-7731-4908-af37-66cbba4f501b/datanode-0/data-0/containers/hdds/6e44b040-7731-4908-af37-66cbba4f501b/DS-4f3f86f9-a925-49b1-b350-3bbcb72352cc/container.db from cache
2023-12-01 12:07:23,606 [main] INFO  volume.HddsVolume (HddsVolume.java:closeDbStore(453)) - SchemaV3 db is stopped at /home/runner/work/ozone/ozone/hadoop-ozone/integration-test/target/test-dir/MiniOzoneClusterImpl-6e44b040-7731-4908-af37-66cbba4f501b/datanode-0/data-0/containers/hdds/6e44b040-7731-4908-af37-66cbba4f501b/DS-4f3f86f9-a925-49b1-b350-3bbcb72352cc/container.db for volume DS-4f3f86f9-a925-49b1-b350-3bbcb72352cc
2023-12-01 12:07:23,606 [main] INFO  utils.BackgroundService (BackgroundService.java:shutdown(160)) - Shutting down service BlockDeletingService
2023-12-01 12:07:23,607 [main] INFO  utils.BackgroundService (BackgroundService.java:shutdown(160)) - Shutting down service StaleRecoveringContainerScrubbingService
2023-12-01 12:07:23,608 [main] INFO  statemachine.DatanodeStateMachine (DatanodeStateMachine.java:stopDaemon(638)) - Ozone container server stopped.
2023-12-01 12:07:23,608 [main] INFO  handler.ContextHandler (ContextHandler.java:doStop(1159)) - Stopped o.e.j.w.WebAppContext@7219ced6{hddsDatanode,/,null,STOPPED}{jar:file:/home/runner/.m2/repository/org/apache/ozone/hdds-container-service/1.4.0-SNAPSHOT/hdds-container-service-1.4.0-SNAPSHOT.jar!/webapps/hddsDatanode}
2023-12-01 12:07:23,608 [main] INFO  server.session (HouseKeeper.java:stopScavenging(149)) - node0 Stopped scavenging
2023-12-01 12:07:23,609 [main] INFO  server.AbstractConnector (AbstractConnector.java:doStop(383)) - Stopped ServerConnector@7cf3aa06{HTTP/1.1, (http/1.1)}{0.0.0.0:15071}
2023-12-01 12:07:23,610 [main] INFO  handler.ContextHandler (ContextHandler.java:doStop(1159)) - Stopped o.e.j.s.ServletContextHandler@530e4d34{static,/static,jar:file:/home/runner/.m2/repository/org/apache/ozone/hdds-container-service/1.4.0-SNAPSHOT/hdds-container-service-1.4.0-SNAPSHOT.jar!/webapps/static,STOPPED}
2023-12-01 12:07:23,610 [main] INFO  handler.ContextHandler (ContextHandler.java:doStop(1159)) - Stopped o.e.j.s.ServletContextHandler@3d52a67f{logs,/logs,file:///home/runner/work/ozone/ozone/hadoop-ozone/integration-test/target/log,STOPPED}
2023-12-01 12:07:23,611 [main] ERROR http.HttpServer2 (HttpServer2.java:stop(1361)) - Error while stopping web server for webapp hddsDatanode
java.lang.InterruptedException
	at java.util.concurrent.locks.AbstractQueuedSynchronizer.tryAcquireSharedNanos(AbstractQueuedSynchronizer.java:1326)
	at java.util.concurrent.CountDownLatch.await(CountDownLatch.java:277)
	at org.eclipse.jetty.server.AbstractConnector.doStop(AbstractConnector.java:373)
	at org.eclipse.jetty.server.AbstractNetworkConnector.doStop(AbstractNetworkConnector.java:88)
	at org.eclipse.jetty.server.ServerConnector.doStop(ServerConnector.java:246)
	at org.eclipse.jetty.util.component.AbstractLifeCycle.stop(AbstractLifeCycle.java:94)
	at org.eclipse.jetty.server.Server.doStop(Server.java:459)
	at org.eclipse.jetty.util.component.AbstractLifeCycle.stop(AbstractLifeCycle.java:94)
	at org.apache.hadoop.hdds.server.http.HttpServer2.stop(HttpServer2.java:1359)
	at org.apache.hadoop.hdds.server.http.BaseHttpServer.stop(BaseHttpServer.java:339)
	at org.apache.hadoop.ozone.HddsDatanodeService.stop(HddsDatanodeService.java:551)
	at org.apache.hadoop.ozone.MiniOzoneClusterImpl.stopDatanode(MiniOzoneClusterImpl.java:544)
	at org.apache.hadoop.ozone.MiniOzoneClusterImpl.shutdownHddsDatanode(MiniOzoneClusterImpl.java:434)
	at org.apache.hadoop.ozone.MiniOzoneClusterImpl.shutdownHddsDatanode(MiniOzoneClusterImpl.java:439)
	at org.apache.hadoop.hdds.scm.pipeline.TestRatisPipelineCreateAndDestroy.testPipelineCreationOnNodeRestart(TestRatisPipelineCreateAndDestroy.java:134)
	at sun.reflect.NativeMethodAccessorImpl.invoke0(Native Method)
	at sun.reflect.NativeMethodAccessorImpl.invoke(NativeMethodAccessorImpl.java:62)
	at sun.reflect.DelegatingMethodAccessorImpl.invoke(DelegatingMethodAccessorImpl.java:43)
	at java.lang.reflect.Method.invoke(Method.java:498)
	at org.junit.platform.commons.util.ReflectionUtils.invokeMethod(ReflectionUtils.java:725)
	at org.junit.jupiter.engine.execution.MethodInvocation.proceed(MethodInvocation.java:60)
	at org.junit.jupiter.engine.execution.InvocationInterceptorChain$ValidatingInvocation.proceed(InvocationInterceptorChain.java:131)
	at org.junit.jupiter.engine.extension.TimeoutInvocation.proceed(TimeoutInvocation.java:46)
	at org.junit.jupiter.engine.extension.TimeoutExtension.intercept(TimeoutExtension.java:149)
	at org.junit.jupiter.engine.extension.TimeoutExtension.interceptTestableMethod(TimeoutExtension.java:140)
	at org.junit.jupiter.engine.extension.TimeoutExtension.interceptTestMethod(TimeoutExtension.java:84)
	at org.junit.jupiter.engine.execution.ExecutableInvoker$ReflectiveInterceptorCall.lambda$ofVoidMethod$0(ExecutableInvoker.java:115)
	at org.junit.jupiter.engine.execution.ExecutableInvoker.lambda$invoke$0(ExecutableInvoker.java:105)
	at org.junit.jupiter.engine.execution.InvocationInterceptorChain$InterceptedInvocation.proceed(InvocationInterceptorChain.java:106)
	at org.junit.jupiter.engine.execution.InvocationInterceptorChain.proceed(InvocationInterceptorChain.java:64)
	at org.junit.jupiter.engine.execution.InvocationInterceptorChain.chainAndInvoke(InvocationInterceptorChain.java:45)
	at org.junit.jupiter.engine.execution.InvocationInterceptorChain.invoke(InvocationInterceptorChain.java:37)
	at org.junit.jupiter.engine.execution.ExecutableInvoker.invoke(ExecutableInvoker.java:104)
	at org.junit.jupiter.engine.execution.ExecutableInvoker.invoke(ExecutableInvoker.java:98)
	at org.junit.jupiter.engine.descriptor.TestMethodTestDescriptor.lambda$invokeTestMethod$7(TestMethodTestDescriptor.java:214)
	at org.junit.platform.engine.support.hierarchical.ThrowableCollector.execute(ThrowableCollector.java:73)
	at org.junit.jupiter.engine.descriptor.TestMethodTestDescriptor.invokeTestMethod(TestMethodTestDescriptor.java:210)
	at org.junit.jupiter.engine.descriptor.TestMethodTestDescriptor.execute(TestMethodTestDescriptor.java:135)
	at org.junit.jupiter.engine.descriptor.TestMethodTestDescriptor.execute(TestMethodTestDescriptor.java:66)
	at org.junit.platform.engine.support.hierarchical.NodeTestTask.lambda$executeRecursively$6(NodeTestTask.java:151)
	at org.junit.platform.engine.support.hierarchical.ThrowableCollector.execute(ThrowableCollector.java:73)
	at org.junit.platform.engine.support.hierarchical.NodeTestTask.lambda$executeRecursively$8(NodeTestTask.java:141)
	at org.junit.platform.engine.support.hierarchical.Node.around(Node.java:137)
	at org.junit.platform.engine.support.hierarchical.NodeTestTask.lambda$executeRecursively$9(NodeTestTask.java:139)
	at org.junit.platform.engine.support.hierarchical.ThrowableCollector.execute(ThrowableCollector.java:73)
	at org.junit.platform.engine.support.hierarchical.NodeTestTask.executeRecursively(NodeTestTask.java:138)
	at org.junit.platform.engine.support.hierarchical.NodeTestTask.execute(NodeTestTask.java:95)
	at java.util.ArrayList.forEach(ArrayList.java:1259)
	at org.junit.platform.engine.support.hierarchical.SameThreadHierarchicalTestExecutorService.invokeAll(SameThreadHierarchicalTestExecutorService.java:41)
	at org.junit.platform.engine.support.hierarchical.NodeTestTask.lambda$executeRecursively$6(NodeTestTask.java:155)
	at org.junit.platform.engine.support.hierarchical.ThrowableCollector.execute(ThrowableCollector.java:73)
	at org.junit.platform.engine.support.hierarchical.NodeTestTask.lambda$executeRecursively$8(NodeTestTask.java:141)
	at org.junit.platform.engine.support.hierarchical.Node.around(Node.java:137)
	at org.junit.platform.engine.support.hierarchical.NodeTestTask.lambda$executeRecursively$9(NodeTestTask.java:139)
	at org.junit.platform.engine.support.hierarchical.ThrowableCollector.execute(ThrowableCollector.java:73)
	at org.junit.platform.engine.support.hierarchical.NodeTestTask.executeRecursively(NodeTestTask.java:138)
	at org.junit.platform.engine.support.hierarchical.NodeTestTask.execute(NodeTestTask.java:95)
	at java.util.ArrayList.forEach(ArrayList.java:1259)
	at org.junit.platform.engine.support.hierarchical.SameThreadHierarchicalTestExecutorService.invokeAll(SameThreadHierarchicalTestExecutorService.java:41)
	at org.junit.platform.engine.support.hierarchical.NodeTestTask.lambda$executeRecursively$6(NodeTestTask.java:155)
	at org.junit.platform.engine.support.hierarchical.ThrowableCollector.execute(ThrowableCollector.java:73)
	at org.junit.platform.engine.support.hierarchical.NodeTestTask.lambda$executeRecursively$8(NodeTestTask.java:141)
	at org.junit.platform.engine.support.hierarchical.Node.around(Node.java:137)
	at org.junit.platform.engine.support.hierarchical.NodeTestTask.lambda$executeRecursively$9(NodeTestTask.java:139)
	at org.junit.platform.engine.support.hierarchical.ThrowableCollector.execute(ThrowableCollector.java:73)
	at org.junit.platform.engine.support.hierarchical.NodeTestTask.executeRecursively(NodeTestTask.java:138)
	at org.junit.platform.engine.support.hierarchical.NodeTestTask.execute(NodeTestTask.java:95)
	at org.junit.platform.engine.support.hierarchical.SameThreadHierarchicalTestExecutorService.submit(SameThreadHierarchicalTestExecutorService.java:35)
	at org.junit.platform.engine.support.hierarchical.HierarchicalTestExecutor.execute(HierarchicalTestExecutor.java:57)
	at org.junit.platform.engine.support.hierarchical.HierarchicalTestEngine.execute(HierarchicalTestEngine.java:54)
	at org.junit.platform.launcher.core.EngineExecutionOrchestrator.execute(EngineExecutionOrchestrator.java:107)
	at org.junit.platform.launcher.core.EngineExecutionOrchestrator.execute(EngineExecutionOrchestrator.java:88)
	at org.junit.platform.launcher.core.EngineExecutionOrchestrator.lambda$execute$0(EngineExecutionOrchestrator.java:54)
	at org.junit.platform.launcher.core.EngineExecutionOrchestrator.withInterceptedStreams(EngineExecutionOrchestrator.java:67)
	at org.junit.platform.launcher.core.EngineExecutionOrchestrator.execute(EngineExecutionOrchestrator.java:52)
	at org.junit.platform.launcher.core.DefaultLauncher.execute(DefaultLauncher.java:114)
	at org.junit.platform.launcher.core.DefaultLauncher.execute(DefaultLauncher.java:86)
	at org.junit.platform.launcher.core.DefaultLauncherSession$DelegatingLauncher.execute(DefaultLauncherSession.java:86)
	at org.apache.maven.surefire.junitplatform.LazyLauncher.execute(LazyLauncher.java:56)
	at org.apache.maven.surefire.junitplatform.JUnitPlatformProvider.execute(JUnitPlatformProvider.java:184)
	at org.apache.maven.surefire.junitplatform.JUnitPlatformProvider.invokeAllTests(JUnitPlatformProvider.java:148)
	at org.apache.maven.surefire.junitplatform.JUnitPlatformProvider.invoke(JUnitPlatformProvider.java:120)
	at org.apache.maven.surefire.booter.ForkedBooter.runSuitesInProcess(ForkedBooter.java:385)
	at org.apache.maven.surefire.booter.ForkedBooter.execute(ForkedBooter.java:162)
	at org.apache.maven.surefire.booter.ForkedBooter.run(ForkedBooter.java:507)
	at org.apache.maven.surefire.booter.ForkedBooter.main(ForkedBooter.java:495)
2023-12-01 12:07:23,611 [main] ERROR ozone.HddsDatanodeService (HddsDatanodeService.java:stop(553)) - Stopping HttpServer is failed.
java.lang.InterruptedException
	at java.util.concurrent.locks.AbstractQueuedSynchronizer.tryAcquireSharedNanos(AbstractQueuedSynchronizer.java:1326)
	at java.util.concurrent.CountDownLatch.await(CountDownLatch.java:277)
	at org.eclipse.jetty.server.AbstractConnector.doStop(AbstractConnector.java:373)
	at org.eclipse.jetty.server.AbstractNetworkConnector.doStop(AbstractNetworkConnector.java:88)
	at org.eclipse.jetty.server.ServerConnector.doStop(ServerConnector.java:246)
	at org.eclipse.jetty.util.component.AbstractLifeCycle.stop(AbstractLifeCycle.java:94)
	at org.eclipse.jetty.server.Server.doStop(Server.java:459)
	at org.eclipse.jetty.util.component.AbstractLifeCycle.stop(AbstractLifeCycle.java:94)
	at org.apache.hadoop.hdds.server.http.HttpServer2.stop(HttpServer2.java:1359)
	at org.apache.hadoop.hdds.server.http.BaseHttpServer.stop(BaseHttpServer.java:339)
	at org.apache.hadoop.ozone.HddsDatanodeService.stop(HddsDatanodeService.java:551)
	at org.apache.hadoop.ozone.MiniOzoneClusterImpl.stopDatanode(MiniOzoneClusterImpl.java:544)
	at org.apache.hadoop.ozone.MiniOzoneClusterImpl.shutdownHddsDatanode(MiniOzoneClusterImpl.java:434)
	at org.apache.hadoop.ozone.MiniOzoneClusterImpl.shutdownHddsDatanode(MiniOzoneClusterImpl.java:439)
	at org.apache.hadoop.hdds.scm.pipeline.TestRatisPipelineCreateAndDestroy.testPipelineCreationOnNodeRestart(TestRatisPipelineCreateAndDestroy.java:134)
	at sun.reflect.NativeMethodAccessorImpl.invoke0(Native Method)
	at sun.reflect.NativeMethodAccessorImpl.invoke(NativeMethodAccessorImpl.java:62)
	at sun.reflect.DelegatingMethodAccessorImpl.invoke(DelegatingMethodAccessorImpl.java:43)
	at java.lang.reflect.Method.invoke(Method.java:498)
	at org.junit.platform.commons.util.ReflectionUtils.invokeMethod(ReflectionUtils.java:725)
	at org.junit.jupiter.engine.execution.MethodInvocation.proceed(MethodInvocation.java:60)
	at org.junit.jupiter.engine.execution.InvocationInterceptorChain$ValidatingInvocation.proceed(InvocationInterceptorChain.java:131)
	at org.junit.jupiter.engine.extension.TimeoutInvocation.proceed(TimeoutInvocation.java:46)
	at org.junit.jupiter.engine.extension.TimeoutExtension.intercept(TimeoutExtension.java:149)
	at org.junit.jupiter.engine.extension.TimeoutExtension.interceptTestableMethod(TimeoutExtension.java:140)
	at org.junit.jupiter.engine.extension.TimeoutExtension.interceptTestMethod(TimeoutExtension.java:84)
	at org.junit.jupiter.engine.execution.ExecutableInvoker$ReflectiveInterceptorCall.lambda$ofVoidMethod$0(ExecutableInvoker.java:115)
	at org.junit.jupiter.engine.execution.ExecutableInvoker.lambda$invoke$0(ExecutableInvoker.java:105)
	at org.junit.jupiter.engine.execution.InvocationInterceptorChain$InterceptedInvocation.proceed(InvocationInterceptorChain.java:106)
	at org.junit.jupiter.engine.execution.InvocationInterceptorChain.proceed(InvocationInterceptorChain.java:64)
	at org.junit.jupiter.engine.execution.InvocationInterceptorChain.chainAndInvoke(InvocationInterceptorChain.java:45)
	at org.junit.jupiter.engine.execution.InvocationInterceptorChain.invoke(InvocationInterceptorChain.java:37)
	at org.junit.jupiter.engine.execution.ExecutableInvoker.invoke(ExecutableInvoker.java:104)
	at org.junit.jupiter.engine.execution.ExecutableInvoker.invoke(ExecutableInvoker.java:98)
	at org.junit.jupiter.engine.descriptor.TestMethodTestDescriptor.lambda$invokeTestMethod$7(TestMethodTestDescriptor.java:214)
	at org.junit.platform.engine.support.hierarchical.ThrowableCollector.execute(ThrowableCollector.java:73)
	at org.junit.jupiter.engine.descriptor.TestMethodTestDescriptor.invokeTestMethod(TestMethodTestDescriptor.java:210)
	at org.junit.jupiter.engine.descriptor.TestMethodTestDescriptor.execute(TestMethodTestDescriptor.java:135)
	at org.junit.jupiter.engine.descriptor.TestMethodTestDescriptor.execute(TestMethodTestDescriptor.java:66)
	at org.junit.platform.engine.support.hierarchical.NodeTestTask.lambda$executeRecursively$6(NodeTestTask.java:151)
	at org.junit.platform.engine.support.hierarchical.ThrowableCollector.execute(ThrowableCollector.java:73)
	at org.junit.platform.engine.support.hierarchical.NodeTestTask.lambda$executeRecursively$8(NodeTestTask.java:141)
	at org.junit.platform.engine.support.hierarchical.Node.around(Node.java:137)
	at org.junit.platform.engine.support.hierarchical.NodeTestTask.lambda$executeRecursively$9(NodeTestTask.java:139)
	at org.junit.platform.engine.support.hierarchical.ThrowableCollector.execute(ThrowableCollector.java:73)
	at org.junit.platform.engine.support.hierarchical.NodeTestTask.executeRecursively(NodeTestTask.java:138)
	at org.junit.platform.engine.support.hierarchical.NodeTestTask.execute(NodeTestTask.java:95)
	at java.util.ArrayList.forEach(ArrayList.java:1259)
	at org.junit.platform.engine.support.hierarchical.SameThreadHierarchicalTestExecutorService.invokeAll(SameThreadHierarchicalTestExecutorService.java:41)
	at org.junit.platform.engine.support.hierarchical.NodeTestTask.lambda$executeRecursively$6(NodeTestTask.java:155)
	at org.junit.platform.engine.support.hierarchical.ThrowableCollector.execute(ThrowableCollector.java:73)
	at org.junit.platform.engine.support.hierarchical.NodeTestTask.lambda$executeRecursively$8(NodeTestTask.java:141)
	at org.junit.platform.engine.support.hierarchical.Node.around(Node.java:137)
	at org.junit.platform.engine.support.hierarchical.NodeTestTask.lambda$executeRecursively$9(NodeTestTask.java:139)
	at org.junit.platform.engine.support.hierarchical.ThrowableCollector.execute(ThrowableCollector.java:73)
	at org.junit.platform.engine.support.hierarchical.NodeTestTask.executeRecursively(NodeTestTask.java:138)
	at org.junit.platform.engine.support.hierarchical.NodeTestTask.execute(NodeTestTask.java:95)
	at java.util.ArrayList.forEach(ArrayList.java:1259)
	at org.junit.platform.engine.support.hierarchical.SameThreadHierarchicalTestExecutorService.invokeAll(SameThreadHierarchicalTestExecutorService.java:41)
	at org.junit.platform.engine.support.hierarchical.NodeTestTask.lambda$executeRecursively$6(NodeTestTask.java:155)
	at org.junit.platform.engine.support.hierarchical.ThrowableCollector.execute(ThrowableCollector.java:73)
	at org.junit.platform.engine.support.hierarchical.NodeTestTask.lambda$executeRecursively$8(NodeTestTask.java:141)
	at org.junit.platform.engine.support.hierarchical.Node.around(Node.java:137)
	at org.junit.platform.engine.support.hierarchical.NodeTestTask.lambda$executeRecursively$9(NodeTestTask.java:139)
	at org.junit.platform.engine.support.hierarchical.ThrowableCollector.execute(ThrowableCollector.java:73)
	at org.junit.platform.engine.support.hierarchical.NodeTestTask.executeRecursively(NodeTestTask.java:138)
	at org.junit.platform.engine.support.hierarchical.NodeTestTask.execute(NodeTestTask.java:95)
	at org.junit.platform.engine.support.hierarchical.SameThreadHierarchicalTestExecutorService.submit(SameThreadHierarchicalTestExecutorService.java:35)
	at org.junit.platform.engine.support.hierarchical.HierarchicalTestExecutor.execute(HierarchicalTestExecutor.java:57)
	at org.junit.platform.engine.support.hierarchical.HierarchicalTestEngine.execute(HierarchicalTestEngine.java:54)
	at org.junit.platform.launcher.core.EngineExecutionOrchestrator.execute(EngineExecutionOrchestrator.java:107)
	at org.junit.platform.launcher.core.EngineExecutionOrchestrator.execute(EngineExecutionOrchestrator.java:88)
	at org.junit.platform.launcher.core.EngineExecutionOrchestrator.lambda$execute$0(EngineExecutionOrchestrator.java:54)
	at org.junit.platform.launcher.core.EngineExecutionOrchestrator.withInterceptedStreams(EngineExecutionOrchestrator.java:67)
	at org.junit.platform.launcher.core.EngineExecutionOrchestrator.execute(EngineExecutionOrchestrator.java:52)
	at org.junit.platform.launcher.core.DefaultLauncher.execute(DefaultLauncher.java:114)
	at org.junit.platform.launcher.core.DefaultLauncher.execute(DefaultLauncher.java:86)
	at org.junit.platform.launcher.core.DefaultLauncherSession$DelegatingLauncher.execute(DefaultLauncherSession.java:86)
	at org.apache.maven.surefire.junitplatform.LazyLauncher.execute(LazyLauncher.java:56)
	at org.apache.maven.surefire.junitplatform.JUnitPlatformProvider.execute(JUnitPlatformProvider.java:184)
	at org.apache.maven.surefire.junitplatform.JUnitPlatformProvider.invokeAllTests(JUnitPlatformProvider.java:148)
	at org.apache.maven.surefire.junitplatform.JUnitPlatformProvider.invoke(JUnitPlatformProvider.java:120)
	at org.apache.maven.surefire.booter.ForkedBooter.runSuitesInProcess(ForkedBooter.java:385)
	at org.apache.maven.surefire.booter.ForkedBooter.execute(ForkedBooter.java:162)
	at org.apache.maven.surefire.booter.ForkedBooter.run(ForkedBooter.java:507)
	at org.apache.maven.surefire.booter.ForkedBooter.main(ForkedBooter.java:495)
2023-12-01 12:07:23,612 [main] INFO  ozone.HddsDatanodeClientProtocolServer (HddsDatanodeClientProtocolServer.java:stop(78)) - Stopping the RPC server for Client Protocol
2023-12-01 12:07:23,612 [main] INFO  ipc.Server (Server.java:stop(3523)) - Stopping server on 15072
2023-12-01 12:07:23,613 [IPC Server listener on 15072] INFO  ipc.Server (Server.java:run(1434)) - Stopping IPC Server listener on 15072
2023-12-01 12:07:23,613 [IPC Server Responder] INFO  ipc.Server (Server.java:run(1567)) - Stopping IPC Server Responder
2023-12-01 12:07:23,615 [main] INFO  ozoneimpl.OzoneContainer (OzoneContainer.java:stop(463)) - Attempting to stop container services.
2023-12-01 12:07:23,615 [main] INFO  server.RaftServer (RaftServerProxy.java:lambda$close$9(416)) - d61ce6df-bfa3-4031-bef1-0b60ac375a39: close
2023-12-01 12:07:23,616 [d61ce6df-bfa3-4031-bef1-0b60ac375a39-impl-thread2] INFO  server.RaftServer$Division (RaftServerImpl.java:lambda$close$3(516)) - d61ce6df-bfa3-4031-bef1-0b60ac375a39@group-1BBC237B5611: shutdown
2023-12-01 12:07:23,616 [d61ce6df-bfa3-4031-bef1-0b60ac375a39-impl-thread3] INFO  server.RaftServer$Division (RaftServerImpl.java:lambda$close$3(516)) - d61ce6df-bfa3-4031-bef1-0b60ac375a39@group-C65EFE1A7AAC: shutdown
2023-12-01 12:07:23,616 [main] INFO  server.GrpcService (GrpcService.java:closeImpl(311)) - d61ce6df-bfa3-4031-bef1-0b60ac375a39: shutdown server org.apache.ratis.grpc.server.GrpcClientProtocolService now
2023-12-01 12:07:23,616 [d61ce6df-bfa3-4031-bef1-0b60ac375a39-impl-thread3] INFO  util.JmxRegister (JmxRegister.java:unregister(73)) - Successfully un-registered JMX Bean with object name Ratis:service=RaftServer,group=group-C65EFE1A7AAC,id=d61ce6df-bfa3-4031-bef1-0b60ac375a39
2023-12-01 12:07:23,616 [d61ce6df-bfa3-4031-bef1-0b60ac375a39-impl-thread3] INFO  impl.RoleInfo (RoleInfo.java:shutdownLeaderState(94)) - d61ce6df-bfa3-4031-bef1-0b60ac375a39: shutdown d61ce6df-bfa3-4031-bef1-0b60ac375a39@group-C65EFE1A7AAC-LeaderStateImpl
2023-12-01 12:07:23,616 [d61ce6df-bfa3-4031-bef1-0b60ac375a39-impl-thread2] INFO  util.JmxRegister (JmxRegister.java:unregister(73)) - Successfully un-registered JMX Bean with object name Ratis:service=RaftServer,group=group-1BBC237B5611,id=d61ce6df-bfa3-4031-bef1-0b60ac375a39
2023-12-01 12:07:23,616 [Thread-1207] INFO  server.GrpcServerProtocolClient (GrpcServerProtocolClient.java:close(103)) - bece060d-3fe8-48fd-a57c-c67080073878 Close channels
2023-12-01 12:07:23,616 [d61ce6df-bfa3-4031-bef1-0b60ac375a39-impl-thread2] INFO  impl.RoleInfo (RoleInfo.java:shutdownFollowerState(110)) - d61ce6df-bfa3-4031-bef1-0b60ac375a39: shutdown d61ce6df-bfa3-4031-bef1-0b60ac375a39@group-1BBC237B5611-FollowerState
2023-12-01 12:07:23,616 [Thread-1206] INFO  server.GrpcServerProtocolClient (GrpcServerProtocolClient.java:close(103)) - a52b3d00-e6b2-4875-97ef-1383dbbdd16b Close channels
2023-12-01 12:07:23,616 [d61ce6df-bfa3-4031-bef1-0b60ac375a39-impl-thread4] INFO  server.RaftServer$Division (RaftServerImpl.java:lambda$close$3(516)) - d61ce6df-bfa3-4031-bef1-0b60ac375a39@group-FB863F7B2671: shutdown
2023-12-01 12:07:23,617 [d61ce6df-bfa3-4031-bef1-0b60ac375a39-impl-thread4] INFO  util.JmxRegister (JmxRegister.java:unregister(73)) - Successfully un-registered JMX Bean with object name Ratis:service=RaftServer,group=group-FB863F7B2671,id=d61ce6df-bfa3-4031-bef1-0b60ac375a39
2023-12-01 12:07:23,617 [d61ce6df-bfa3-4031-bef1-0b60ac375a39-impl-thread4] INFO  impl.RoleInfo (RoleInfo.java:shutdownLeaderState(94)) - d61ce6df-bfa3-4031-bef1-0b60ac375a39: shutdown d61ce6df-bfa3-4031-bef1-0b60ac375a39@group-FB863F7B2671-LeaderStateImpl
2023-12-01 12:07:23,617 [d61ce6df-bfa3-4031-bef1-0b60ac375a39-impl-thread4] INFO  impl.PendingRequests (PendingRequests.java:sendNotLeaderResponses(289)) - d61ce6df-bfa3-4031-bef1-0b60ac375a39@group-FB863F7B2671-PendingRequests: sendNotLeaderResponses
2023-12-01 12:07:23,617 [d61ce6df-bfa3-4031-bef1-0b60ac375a39-impl-thread4] INFO  impl.StateMachineUpdater (StateMachineUpdater.java:stopAndJoin(157)) - d61ce6df-bfa3-4031-bef1-0b60ac375a39@group-FB863F7B2671-StateMachineUpdater: set stopIndex = 0
2023-12-01 12:07:23,617 [d61ce6df-bfa3-4031-bef1-0b60ac375a39@group-FB863F7B2671-StateMachineUpdater] INFO  ratis.ContainerStateMachine (ContainerStateMachine.java:takeSnapshot(337)) - group-FB863F7B2671: Taking a snapshot at:(t:1, i:0) file /home/runner/work/ozone/ozone/hadoop-ozone/integration-test/target/test-dir/MiniOzoneClusterImpl-6e44b040-7731-4908-af37-66cbba4f501b/datanode-1/data/ratis/5f9816ea-1cc8-476a-a17a-fb863f7b2671/sm/snapshot.1_0
2023-12-01 12:07:23,618 [d61ce6df-bfa3-4031-bef1-0b60ac375a39@group-1BBC237B5611-StateMachineUpdater] INFO  ratis.ContainerStateMachine (ContainerStateMachine.java:takeSnapshot(337)) - group-1BBC237B5611: Taking a snapshot at:(t:1, i:0) file /home/runner/work/ozone/ozone/hadoop-ozone/integration-test/target/test-dir/MiniOzoneClusterImpl-6e44b040-7731-4908-af37-66cbba4f501b/datanode-1/data/ratis/1604b372-a121-49be-a60c-1bbc237b5611/sm/snapshot.1_0
2023-12-01 12:07:23,618 [d61ce6df-bfa3-4031-bef1-0b60ac375a39@group-C65EFE1A7AAC->bece060d-3fe8-48fd-a57c-c67080073878-GrpcLogAppender-LogAppenderDaemon] WARN  server.GrpcLogAppender (GrpcLogAppender.java:mayWait(212)) - d61ce6df-bfa3-4031-bef1-0b60ac375a39@group-C65EFE1A7AAC->bece060d-3fe8-48fd-a57c-c67080073878-GrpcLogAppender: Wait interrupted by java.lang.InterruptedException
2023-12-01 12:07:23,618 [d61ce6df-bfa3-4031-bef1-0b60ac375a39@group-1BBC237B5611-FollowerState] INFO  impl.FollowerState (FollowerState.java:run(152)) - d61ce6df-bfa3-4031-bef1-0b60ac375a39@group-1BBC237B5611-FollowerState was interrupted
2023-12-01 12:07:23,618 [d61ce6df-bfa3-4031-bef1-0b60ac375a39@group-C65EFE1A7AAC->a52b3d00-e6b2-4875-97ef-1383dbbdd16b-GrpcLogAppender-LogAppenderDaemon] WARN  server.GrpcLogAppender (GrpcLogAppender.java:mayWait(212)) - d61ce6df-bfa3-4031-bef1-0b60ac375a39@group-C65EFE1A7AAC->a52b3d00-e6b2-4875-97ef-1383dbbdd16b-GrpcLogAppender: Wait interrupted by java.lang.InterruptedException
2023-12-01 12:07:23,618 [d61ce6df-bfa3-4031-bef1-0b60ac375a39-impl-thread3] INFO  impl.PendingRequests (PendingRequests.java:sendNotLeaderResponses(289)) - d61ce6df-bfa3-4031-bef1-0b60ac375a39@group-C65EFE1A7AAC-PendingRequests: sendNotLeaderResponses
2023-12-01 12:07:23,618 [d61ce6df-bfa3-4031-bef1-0b60ac375a39-impl-thread2] INFO  impl.StateMachineUpdater (StateMachineUpdater.java:stopAndJoin(157)) - d61ce6df-bfa3-4031-bef1-0b60ac375a39@group-1BBC237B5611-StateMachineUpdater: set stopIndex = 0
2023-12-01 12:07:23,619 [grpc-default-executor-6] INFO  server.GrpcServerProtocolService (GrpcServerProtocolService.java:onCompleted(157)) - bece060d-3fe8-48fd-a57c-c67080073878: Completed APPEND_ENTRIES, lastRequest: null
2023-12-01 12:07:23,619 [grpc-default-executor-5] INFO  server.GrpcServerProtocolService (GrpcServerProtocolService.java:onCompleted(157)) - bece060d-3fe8-48fd-a57c-c67080073878: Completed APPEND_ENTRIES, lastRequest: d61ce6df-bfa3-4031-bef1-0b60ac375a39->bece060d-3fe8-48fd-a57c-c67080073878#1-t2,previous=(t:0, i:0),leaderCommit=-1,initializing? true,entries: size=1, first=(t:2, i:0), CONFIGURATIONENTRY(current:id: "a52b3d00-e6b2-4875-97ef-1383dbbdd16b"
address: "10.1.0.24:15076"
priority: 1
dataStreamAddress: "10.1.0.24:15077"
clientAddress: "10.1.0.24:15074"
adminAddress: "10.1.0.24:15075"
startupRole: FOLLOWER
,id: "bece060d-3fe8-48fd-a57c-c67080073878"
address: "10.1.0.24:15094"
dataStreamAddress: "10.1.0.24:15095"
clientAddress: "10.1.0.24:15092"
adminAddress: "10.1.0.24:15093"
startupRole: FOLLOWER
,id: "d61ce6df-bfa3-4031-bef1-0b60ac375a39"
address: "10.1.0.24:15085"
dataStreamAddress: "10.1.0.24:15086"
clientAddress: "10.1.0.24:15083"
adminAddress: "10.1.0.24:15084"
startupRole: FOLLOWER
, old:)
2023-12-01 12:07:23,619 [grpc-default-executor-5] INFO  server.GrpcServerProtocolService (GrpcServerProtocolService.java:lambda$onCompleted$5(159)) - bece060d-3fe8-48fd-a57c-c67080073878: Completed APPEND_ENTRIES, lastReply: null
2023-12-01 12:07:23,620 [grpc-default-executor-5] INFO  server.GrpcLogAppender (GrpcLogAppender.java:onCompleted(469)) - d61ce6df-bfa3-4031-bef1-0b60ac375a39@group-C65EFE1A7AAC->bece060d-3fe8-48fd-a57c-c67080073878-AppendLogResponseHandler: follower responses appendEntries COMPLETED
2023-12-01 12:07:23,620 [grpc-default-executor-5] WARN  server.GrpcLogAppender (GrpcLogAppender.java:resetClient(149)) - d61ce6df-bfa3-4031-bef1-0b60ac375a39@group-C65EFE1A7AAC->bece060d-3fe8-48fd-a57c-c67080073878-GrpcLogAppender: Failed to getClient for bece060d-3fe8-48fd-a57c-c67080073878
org.apache.ratis.protocol.exceptions.AlreadyClosedException: d61ce6df-bfa3-4031-bef1-0b60ac375a39 is already CLOSED
	at org.apache.ratis.util.PeerProxyMap$PeerAndProxy.getProxy(PeerProxyMap.java:61)
	at org.apache.ratis.util.PeerProxyMap.getProxy(PeerProxyMap.java:110)
	at org.apache.ratis.grpc.server.GrpcLogAppender.getClient(GrpcLogAppender.java:121)
	at org.apache.ratis.grpc.server.GrpcLogAppender.resetClient(GrpcLogAppender.java:126)
	at org.apache.ratis.grpc.server.GrpcLogAppender.access$800(GrpcLogAppender.java:61)
	at org.apache.ratis.grpc.server.GrpcLogAppender$AppendLogResponseHandler.onCompleted(GrpcLogAppender.java:471)
	at org.apache.ratis.thirdparty.io.grpc.stub.ClientCalls$StreamObserverToCallListenerAdapter.onClose(ClientCalls.java:479)
	at org.apache.ratis.thirdparty.io.grpc.internal.ClientCallImpl.closeObserver(ClientCallImpl.java:567)
	at org.apache.ratis.thirdparty.io.grpc.internal.ClientCallImpl.access$300(ClientCallImpl.java:71)
	at org.apache.ratis.thirdparty.io.grpc.internal.ClientCallImpl$ClientStreamListenerImpl$1StreamClosed.runInternal(ClientCallImpl.java:735)
	at org.apache.ratis.thirdparty.io.grpc.internal.ClientCallImpl$ClientStreamListenerImpl$1StreamClosed.runInContext(ClientCallImpl.java:716)
	at org.apache.ratis.thirdparty.io.grpc.internal.ContextRunnable.run(ContextRunnable.java:37)
	at org.apache.ratis.thirdparty.io.grpc.internal.SerializingExecutor.run(SerializingExecutor.java:133)
	at java.util.concurrent.ThreadPoolExecutor.runWorker(ThreadPoolExecutor.java:1149)
	at java.util.concurrent.ThreadPoolExecutor$Worker.run(ThreadPoolExecutor.java:624)
	at java.lang.Thread.run(Thread.java:750)
2023-12-01 12:07:23,619 [d61ce6df-bfa3-4031-bef1-0b60ac375a39@group-FB863F7B2671-StateMachineUpdater] INFO  ratis.ContainerStateMachine (ContainerStateMachine.java:takeSnapshot(348)) - group-FB863F7B2671: Finished taking a snapshot at:(t:1, i:0) file:/home/runner/work/ozone/ozone/hadoop-ozone/integration-test/target/test-dir/MiniOzoneClusterImpl-6e44b040-7731-4908-af37-66cbba4f501b/datanode-1/data/ratis/5f9816ea-1cc8-476a-a17a-fb863f7b2671/sm/snapshot.1_0 took: 1 ms
2023-12-01 12:07:23,619 [d61ce6df-bfa3-4031-bef1-0b60ac375a39@group-1BBC237B5611-StateMachineUpdater] INFO  ratis.ContainerStateMachine (ContainerStateMachine.java:takeSnapshot(348)) - group-1BBC237B5611: Finished taking a snapshot at:(t:1, i:0) file:/home/runner/work/ozone/ozone/hadoop-ozone/integration-test/target/test-dir/MiniOzoneClusterImpl-6e44b040-7731-4908-af37-66cbba4f501b/datanode-1/data/ratis/1604b372-a121-49be-a60c-1bbc237b5611/sm/snapshot.1_0 took: 1 ms
2023-12-01 12:07:23,621 [d61ce6df-bfa3-4031-bef1-0b60ac375a39-impl-thread3] INFO  impl.StateMachineUpdater (StateMachineUpdater.java:stopAndJoin(157)) - d61ce6df-bfa3-4031-bef1-0b60ac375a39@group-C65EFE1A7AAC-StateMachineUpdater: set stopIndex = 0
2023-12-01 12:07:23,621 [d61ce6df-bfa3-4031-bef1-0b60ac375a39@group-C65EFE1A7AAC-StateMachineUpdater] INFO  ratis.ContainerStateMachine (ContainerStateMachine.java:takeSnapshot(337)) - group-C65EFE1A7AAC: Taking a snapshot at:(t:2, i:0) file /home/runner/work/ozone/ozone/hadoop-ozone/integration-test/target/test-dir/MiniOzoneClusterImpl-6e44b040-7731-4908-af37-66cbba4f501b/datanode-1/data/ratis/26dd2faf-e2aa-453c-847f-c65efe1a7aac/sm/snapshot.2_0
2023-12-01 12:07:23,621 [d61ce6df-bfa3-4031-bef1-0b60ac375a39@group-FB863F7B2671-StateMachineUpdater] INFO  impl.StateMachineUpdater (StateMachineUpdater.java:takeSnapshot(295)) - d61ce6df-bfa3-4031-bef1-0b60ac375a39@group-FB863F7B2671-StateMachineUpdater: Took a snapshot at index 0
2023-12-01 12:07:23,621 [d61ce6df-bfa3-4031-bef1-0b60ac375a39@group-FB863F7B2671-StateMachineUpdater] INFO  impl.StateMachineUpdater (StateMachineUpdater.java:lambda$new$0(98)) - d61ce6df-bfa3-4031-bef1-0b60ac375a39@group-FB863F7B2671-StateMachineUpdater: snapshotIndex: updateIncreasingly -1 -> 0
2023-12-01 12:07:23,621 [d61ce6df-bfa3-4031-bef1-0b60ac375a39@group-1BBC237B5611-StateMachineUpdater] INFO  impl.StateMachineUpdater (StateMachineUpdater.java:takeSnapshot(295)) - d61ce6df-bfa3-4031-bef1-0b60ac375a39@group-1BBC237B5611-StateMachineUpdater: Took a snapshot at index 0
2023-12-01 12:07:23,621 [d61ce6df-bfa3-4031-bef1-0b60ac375a39@group-1BBC237B5611-StateMachineUpdater] INFO  impl.StateMachineUpdater (StateMachineUpdater.java:lambda$new$0(98)) - d61ce6df-bfa3-4031-bef1-0b60ac375a39@group-1BBC237B5611-StateMachineUpdater: snapshotIndex: updateIncreasingly -1 -> 0
2023-12-01 12:07:23,621 [d61ce6df-bfa3-4031-bef1-0b60ac375a39-impl-thread4] INFO  server.RaftServer$Division (ServerState.java:close(423)) - d61ce6df-bfa3-4031-bef1-0b60ac375a39@group-FB863F7B2671: applyIndex: 0
2023-12-01 12:07:23,621 [d61ce6df-bfa3-4031-bef1-0b60ac375a39-impl-thread2] INFO  server.RaftServer$Division (ServerState.java:close(423)) - d61ce6df-bfa3-4031-bef1-0b60ac375a39@group-1BBC237B5611: applyIndex: 0
2023-12-01 12:07:23,622 [d61ce6df-bfa3-4031-bef1-0b60ac375a39@group-FB863F7B2671-cacheEviction-AwaitToRun] INFO  util.AwaitToRun (AwaitToRun.java:run(49)) - d61ce6df-bfa3-4031-bef1-0b60ac375a39@group-FB863F7B2671-cacheEviction-AwaitToRun-AwaitForSignal is interrupted
2023-12-01 12:07:23,622 [d61ce6df-bfa3-4031-bef1-0b60ac375a39@group-1BBC237B5611-cacheEviction-AwaitToRun] INFO  util.AwaitToRun (AwaitToRun.java:run(49)) - d61ce6df-bfa3-4031-bef1-0b60ac375a39@group-1BBC237B5611-cacheEviction-AwaitToRun-AwaitForSignal is interrupted
2023-12-01 12:07:23,622 [d61ce6df-bfa3-4031-bef1-0b60ac375a39@group-C65EFE1A7AAC-StateMachineUpdater] INFO  ratis.ContainerStateMachine (ContainerStateMachine.java:takeSnapshot(348)) - group-C65EFE1A7AAC: Finished taking a snapshot at:(t:2, i:0) file:/home/runner/work/ozone/ozone/hadoop-ozone/integration-test/target/test-dir/MiniOzoneClusterImpl-6e44b040-7731-4908-af37-66cbba4f501b/datanode-1/data/ratis/26dd2faf-e2aa-453c-847f-c65efe1a7aac/sm/snapshot.2_0 took: 1 ms
2023-12-01 12:07:23,622 [d61ce6df-bfa3-4031-bef1-0b60ac375a39@group-C65EFE1A7AAC-StateMachineUpdater] INFO  impl.StateMachineUpdater (StateMachineUpdater.java:takeSnapshot(295)) - d61ce6df-bfa3-4031-bef1-0b60ac375a39@group-C65EFE1A7AAC-StateMachineUpdater: Took a snapshot at index 0
2023-12-01 12:07:23,622 [d61ce6df-bfa3-4031-bef1-0b60ac375a39@group-C65EFE1A7AAC-StateMachineUpdater] INFO  impl.StateMachineUpdater (StateMachineUpdater.java:lambda$new$0(98)) - d61ce6df-bfa3-4031-bef1-0b60ac375a39@group-C65EFE1A7AAC-StateMachineUpdater: snapshotIndex: updateIncreasingly -1 -> 0
2023-12-01 12:07:23,622 [d61ce6df-bfa3-4031-bef1-0b60ac375a39-impl-thread3] INFO  server.RaftServer$Division (ServerState.java:close(423)) - d61ce6df-bfa3-4031-bef1-0b60ac375a39@group-C65EFE1A7AAC: applyIndex: 0
2023-12-01 12:07:23,622 [d61ce6df-bfa3-4031-bef1-0b60ac375a39@group-C65EFE1A7AAC-cacheEviction-AwaitToRun] INFO  util.AwaitToRun (AwaitToRun.java:run(49)) - d61ce6df-bfa3-4031-bef1-0b60ac375a39@group-C65EFE1A7AAC-cacheEviction-AwaitToRun-AwaitForSignal is interrupted
2023-12-01 12:07:23,622 [grpc-default-executor-6] INFO  server.GrpcServerProtocolService (GrpcServerProtocolService.java:lambda$onCompleted$5(159)) - bece060d-3fe8-48fd-a57c-c67080073878: Completed APPEND_ENTRIES, lastReply: serverReply {
  requestorId: "d61ce6df-bfa3-4031-bef1-0b60ac375a39"
  replyId: "bece060d-3fe8-48fd-a57c-c67080073878"
  raftGroupId {
    id: "&\335/\257\342\252E<\204\177\306^\376\032z\254"
  }
  callId: 65
  success: true
}
term: 2
nextIndex: 1
matchIndex: 18446744073709551615
isHearbeat: true

2023-12-01 12:07:23,623 [grpc-default-executor-6] INFO  server.GrpcLogAppender (GrpcLogAppender.java:onCompleted(469)) - d61ce6df-bfa3-4031-bef1-0b60ac375a39@group-C65EFE1A7AAC->bece060d-3fe8-48fd-a57c-c67080073878-AppendLogResponseHandler: follower responses appendEntries COMPLETED
2023-12-01 12:07:23,623 [grpc-default-executor-6] WARN  server.GrpcLogAppender (GrpcLogAppender.java:resetClient(149)) - d61ce6df-bfa3-4031-bef1-0b60ac375a39@group-C65EFE1A7AAC->bece060d-3fe8-48fd-a57c-c67080073878-GrpcLogAppender: Failed to getClient for bece060d-3fe8-48fd-a57c-c67080073878
org.apache.ratis.protocol.exceptions.AlreadyClosedException: d61ce6df-bfa3-4031-bef1-0b60ac375a39 is already CLOSED
	at org.apache.ratis.util.PeerProxyMap$PeerAndProxy.getProxy(PeerProxyMap.java:61)
	at org.apache.ratis.util.PeerProxyMap.getProxy(PeerProxyMap.java:110)
	at org.apache.ratis.grpc.server.GrpcLogAppender.getClient(GrpcLogAppender.java:121)
	at org.apache.ratis.grpc.server.GrpcLogAppender.resetClient(GrpcLogAppender.java:126)
	at org.apache.ratis.grpc.server.GrpcLogAppender.access$800(GrpcLogAppender.java:61)
	at org.apache.ratis.grpc.server.GrpcLogAppender$AppendLogResponseHandler.onCompleted(GrpcLogAppender.java:471)
	at org.apache.ratis.thirdparty.io.grpc.stub.ClientCalls$StreamObserverToCallListenerAdapter.onClose(ClientCalls.java:479)
	at org.apache.ratis.thirdparty.io.grpc.internal.DelayedClientCall$DelayedListener$3.run(DelayedClientCall.java:489)
	at org.apache.ratis.thirdparty.io.grpc.internal.DelayedClientCall$DelayedListener.delayOrExecute(DelayedClientCall.java:453)
	at org.apache.ratis.thirdparty.io.grpc.internal.DelayedClientCall$DelayedListener.onClose(DelayedClientCall.java:486)
	at org.apache.ratis.thirdparty.io.grpc.internal.ClientCallImpl.closeObserver(ClientCallImpl.java:567)
	at org.apache.ratis.thirdparty.io.grpc.internal.ClientCallImpl.access$300(ClientCallImpl.java:71)
	at org.apache.ratis.thirdparty.io.grpc.internal.ClientCallImpl$ClientStreamListenerImpl$1StreamClosed.runInternal(ClientCallImpl.java:735)
	at org.apache.ratis.thirdparty.io.grpc.internal.ClientCallImpl$ClientStreamListenerImpl$1StreamClosed.runInContext(ClientCallImpl.java:716)
	at org.apache.ratis.thirdparty.io.grpc.internal.ContextRunnable.run(ContextRunnable.java:37)
	at org.apache.ratis.thirdparty.io.grpc.internal.SerializingExecutor.run(SerializingExecutor.java:133)
	at java.util.concurrent.ThreadPoolExecutor.runWorker(ThreadPoolExecutor.java:1149)
	at java.util.concurrent.ThreadPoolExecutor$Worker.run(ThreadPoolExecutor.java:624)
	at java.lang.Thread.run(Thread.java:750)
2023-12-01 12:07:23,625 [main] INFO  server.GrpcService (GrpcService.java:closeImpl(320)) - d61ce6df-bfa3-4031-bef1-0b60ac375a39: shutdown server org.apache.ratis.grpc.server.GrpcClientProtocolService successfully
2023-12-01 12:07:23,625 [main] INFO  server.GrpcService (GrpcService.java:closeImpl(311)) - d61ce6df-bfa3-4031-bef1-0b60ac375a39: shutdown server GrpcServerProtocolService now
2023-12-01 12:07:23,627 [grpc-default-executor-5] WARN  server.GrpcServerProtocolService (LogUtils.java:warn(121)) - d61ce6df-bfa3-4031-bef1-0b60ac375a39: APPEND_ENTRIES onError, lastRequest: null: org.apache.ratis.thirdparty.io.grpc.StatusRuntimeException: CANCELLED: client cancelled
2023-12-01 12:07:23,628 [grpc-default-executor-6] WARN  server.GrpcLogAppender (LogUtils.java:warn(121)) - bece060d-3fe8-48fd-a57c-c67080073878@group-1BBC237B5611->d61ce6df-bfa3-4031-bef1-0b60ac375a39-AppendLogResponseHandler: Failed appendEntries: org.apache.ratis.thirdparty.io.grpc.StatusRuntimeException: CANCELLED: RST_STREAM closed stream. HTTP/2 error code: CANCEL
2023-12-01 12:07:23,629 [grpc-default-executor-6] WARN  server.GrpcLogAppender (GrpcLogAppender.java:resetClient(140)) - bece060d-3fe8-48fd-a57c-c67080073878@group-1BBC237B5611->d61ce6df-bfa3-4031-bef1-0b60ac375a39-GrpcLogAppender: Follower failed and request == null,  keep nextIndex (1) unchanged and retry.
2023-12-01 12:07:23,628 [grpc-default-executor-9] WARN  server.GrpcLogAppender (LogUtils.java:warn(121)) - bece060d-3fe8-48fd-a57c-c67080073878@group-1BBC237B5611->d61ce6df-bfa3-4031-bef1-0b60ac375a39-AppendLogResponseHandler: Failed appendEntries: org.apache.ratis.thirdparty.io.grpc.StatusRuntimeException: CANCELLED: RST_STREAM closed stream. HTTP/2 error code: CANCEL
2023-12-01 12:07:23,629 [grpc-default-executor-9] WARN  server.GrpcLogAppender (GrpcLogAppender.java:resetClient(140)) - bece060d-3fe8-48fd-a57c-c67080073878@group-1BBC237B5611->d61ce6df-bfa3-4031-bef1-0b60ac375a39-GrpcLogAppender: Follower failed and request == null,  keep nextIndex (1) unchanged and retry.
2023-12-01 12:07:23,628 [grpc-default-executor-7] WARN  server.GrpcServerProtocolService (LogUtils.java:warn(121)) - d61ce6df-bfa3-4031-bef1-0b60ac375a39: APPEND_ENTRIES onError, lastRequest: bece060d-3fe8-48fd-a57c-c67080073878->d61ce6df-bfa3-4031-bef1-0b60ac375a39#1-t1,previous=(t:0, i:0),leaderCommit=-1,initializing? true,entries: size=1, first=(t:1, i:0), CONFIGURATIONENTRY(current:id: "a52b3d00-e6b2-4875-97ef-1383dbbdd16b"
address: "10.1.0.24:15076"
dataStreamAddress: "10.1.0.24:15077"
clientAddress: "10.1.0.24:15074"
adminAddress: "10.1.0.24:15075"
startupRole: FOLLOWER
,id: "bece060d-3fe8-48fd-a57c-c67080073878"
address: "10.1.0.24:15094"
priority: 1
dataStreamAddress: "10.1.0.24:15095"
clientAddress: "10.1.0.24:15092"
adminAddress: "10.1.0.24:15093"
startupRole: FOLLOWER
,id: "d61ce6df-bfa3-4031-bef1-0b60ac375a39"
address: "10.1.0.24:15085"
dataStreamAddress: "10.1.0.24:15086"
clientAddress: "10.1.0.24:15083"
adminAddress: "10.1.0.24:15084"
startupRole: FOLLOWER
, old:): org.apache.ratis.thirdparty.io.grpc.StatusRuntimeException: CANCELLED: client cancelled
2023-12-01 12:07:23,627 [main] INFO  server.GrpcService (GrpcService.java:closeImpl(320)) - d61ce6df-bfa3-4031-bef1-0b60ac375a39: shutdown server GrpcServerProtocolService successfully
2023-12-01 12:07:23,630 [main] INFO  server.GrpcService (GrpcService.java:closeImpl(311)) - d61ce6df-bfa3-4031-bef1-0b60ac375a39: shutdown server org.apache.ratis.grpc.server.GrpcAdminProtocolService now
2023-12-01 12:07:23,631 [main] INFO  server.GrpcService (GrpcService.java:closeImpl(320)) - d61ce6df-bfa3-4031-bef1-0b60ac375a39: shutdown server org.apache.ratis.grpc.server.GrpcAdminProtocolService successfully
2023-12-01 12:07:23,631 [d61ce6df-bfa3-4031-bef1-0b60ac375a39-NettyServerStreamRpc-bossGroup--thread1] INFO  logging.LoggingHandler (AbstractInternalLogger.java:log(148)) - [id: 0x8518e402, L:/0.0.0.0:15086] CLOSE
2023-12-01 12:07:23,631 [d61ce6df-bfa3-4031-bef1-0b60ac375a39-NettyServerStreamRpc-bossGroup--thread1] INFO  logging.LoggingHandler (AbstractInternalLogger.java:log(148)) - [id: 0x8518e402, L:/0.0.0.0:15086] INACTIVE
2023-12-01 12:07:23,631 [d61ce6df-bfa3-4031-bef1-0b60ac375a39-NettyServerStreamRpc-bossGroup--thread1] INFO  logging.LoggingHandler (AbstractInternalLogger.java:log(148)) - [id: 0x8518e402, L:/0.0.0.0:15086] UNREGISTERED
2023-12-01 12:07:23,769 [d61ce6df-bfa3-4031-bef1-0b60ac375a39-impl-thread2] INFO  segmented.SegmentedRaftLogWorker (SegmentedRaftLogWorker.java:close(243)) - d61ce6df-bfa3-4031-bef1-0b60ac375a39@group-1BBC237B5611-SegmentedRaftLogWorker close()
2023-12-01 12:07:23,836 [d61ce6df-bfa3-4031-bef1-0b60ac375a39-impl-thread4] INFO  segmented.SegmentedRaftLogWorker (SegmentedRaftLogWorker.java:close(243)) - d61ce6df-bfa3-4031-bef1-0b60ac375a39@group-FB863F7B2671-SegmentedRaftLogWorker close()
2023-12-01 12:07:24,064 [RatisPipelineUtilsThread-0] ERROR scm.SCMCommonPlacementPolicy (SCMCommonPlacementPolicy.java:filterNodesWithSpace(286)) - Unable to find enough nodes that meet the space requirement of 1073741824 bytes for metadata and 5368709120 bytes for data in healthy node set. Required 3. Found 2.
2023-12-01 12:07:24,234 [d61ce6df-bfa3-4031-bef1-0b60ac375a39-impl-thread3] INFO  segmented.SegmentedRaftLogWorker (SegmentedRaftLogWorker.java:close(243)) - d61ce6df-bfa3-4031-bef1-0b60ac375a39@group-C65EFE1A7AAC-SegmentedRaftLogWorker close()
2023-12-01 12:07:24,235 [JvmPauseMonitor11] INFO  util.JvmPauseMonitor (JvmPauseMonitor.java:run(152)) - JvmPauseMonitor-d61ce6df-bfa3-4031-bef1-0b60ac375a39: Stopped
2023-12-01 12:07:24,420 [grpc-default-executor-9] WARN  server.GrpcLogAppender (LogUtils.java:warn(121)) - bece060d-3fe8-48fd-a57c-c67080073878@group-1BBC237B5611->d61ce6df-bfa3-4031-bef1-0b60ac375a39-AppendLogResponseHandler: Failed appendEntries: org.apache.ratis.thirdparty.io.grpc.StatusRuntimeException: UNAVAILABLE: io exception
2023-12-01 12:07:24,420 [grpc-default-executor-6] WARN  server.GrpcLogAppender (LogUtils.java:warn(121)) - bece060d-3fe8-48fd-a57c-c67080073878@group-1BBC237B5611->d61ce6df-bfa3-4031-bef1-0b60ac375a39-AppendLogResponseHandler: Failed appendEntries: org.apache.ratis.thirdparty.io.grpc.StatusRuntimeException: UNAVAILABLE: io exception
2023-12-01 12:07:24,420 [grpc-default-executor-9] WARN  server.GrpcLogAppender (GrpcLogAppender.java:resetClient(140)) - bece060d-3fe8-48fd-a57c-c67080073878@group-1BBC237B5611->d61ce6df-bfa3-4031-bef1-0b60ac375a39-GrpcLogAppender: Follower failed and request == null,  keep nextIndex (1) unchanged and retry.
2023-12-01 12:07:24,421 [grpc-default-executor-6] WARN  server.GrpcLogAppender (GrpcLogAppender.java:resetClient(140)) - bece060d-3fe8-48fd-a57c-c67080073878@group-1BBC237B5611->d61ce6df-bfa3-4031-bef1-0b60ac375a39-GrpcLogAppender: Follower failed and request == null,  keep nextIndex (1) unchanged and retry.
2023-12-01 12:07:24,565 [RatisPipelineUtilsThread-0] ERROR scm.SCMCommonPlacementPolicy (SCMCommonPlacementPolicy.java:filterNodesWithSpace(286)) - Unable to find enough nodes that meet the space requirement of 1073741824 bytes for metadata and 5368709120 bytes for data in healthy node set. Required 3. Found 2.
2023-12-01 12:07:25,065 [RatisPipelineUtilsThread-0] ERROR scm.SCMCommonPlacementPolicy (SCMCommonPlacementPolicy.java:filterNodesWithSpace(286)) - Unable to find enough nodes that meet the space requirement of 1073741824 bytes for metadata and 5368709120 bytes for data in healthy node set. Required 3. Found 2.
2023-12-01 12:07:25,566 [RatisPipelineUtilsThread-0] ERROR scm.SCMCommonPlacementPolicy (SCMCommonPlacementPolicy.java:filterNodesWithSpace(286)) - Unable to find enough nodes that meet the space requirement of 1073741824 bytes for metadata and 5368709120 bytes for data in healthy node set. Required 3. Found 2.
2023-12-01 12:07:25,672 [grpc-default-executor-9] WARN  server.GrpcLogAppender (LogUtils.java:warn(121)) - bece060d-3fe8-48fd-a57c-c67080073878@group-1BBC237B5611->d61ce6df-bfa3-4031-bef1-0b60ac375a39-AppendLogResponseHandler: Failed appendEntries: org.apache.ratis.thirdparty.io.grpc.StatusRuntimeException: UNAVAILABLE: io exception
2023-12-01 12:07:25,672 [grpc-default-executor-6] WARN  server.GrpcLogAppender (LogUtils.java:warn(121)) - bece060d-3fe8-48fd-a57c-c67080073878@group-1BBC237B5611->d61ce6df-bfa3-4031-bef1-0b60ac375a39-AppendLogResponseHandler: Failed appendEntries: org.apache.ratis.thirdparty.io.grpc.StatusRuntimeException: UNAVAILABLE: io exception
2023-12-01 12:07:25,672 [grpc-default-executor-9] WARN  server.GrpcLogAppender (GrpcLogAppender.java:resetClient(140)) - bece060d-3fe8-48fd-a57c-c67080073878@group-1BBC237B5611->d61ce6df-bfa3-4031-bef1-0b60ac375a39-GrpcLogAppender: Follower failed and request == null,  keep nextIndex (1) unchanged and retry.
2023-12-01 12:07:25,673 [grpc-default-executor-6] WARN  server.GrpcLogAppender (GrpcLogAppender.java:resetClient(140)) - bece060d-3fe8-48fd-a57c-c67080073878@group-1BBC237B5611->d61ce6df-bfa3-4031-bef1-0b60ac375a39-GrpcLogAppender: Follower failed and request == null,  keep nextIndex (1) unchanged and retry.
2023-12-01 12:07:26,066 [RatisPipelineUtilsThread-0] ERROR scm.SCMCommonPlacementPolicy (SCMCommonPlacementPolicy.java:filterNodesWithSpace(286)) - Unable to find enough nodes that meet the space requirement of 1073741824 bytes for metadata and 5368709120 bytes for data in healthy node set. Required 3. Found 2.
2023-12-01 12:07:26,239 [main] INFO  utils.DatanodeStoreCache (DatanodeStoreCache.java:shutdownCache(110)) - Skip clearing cache in mini cluster mode. Entries left: [/home/runner/work/ozone/ozone/hadoop-ozone/integration-test/target/test-dir/MiniOzoneClusterImpl-6e44b040-7731-4908-af37-66cbba4f501b/datanode-1/data-0/containers/hdds/6e44b040-7731-4908-af37-66cbba4f501b/DS-92467a08-f24c-4960-a7bd-2f4b47240d51/container.db, /home/runner/work/ozone/ozone/hadoop-ozone/integration-test/target/test-dir/MiniOzoneClusterImpl-6e44b040-7731-4908-af37-66cbba4f501b/datanode-2/data-0/containers/hdds/6e44b040-7731-4908-af37-66cbba4f501b/DS-d49a9d4f-c9f4-4fc1-902f-d24227cf3630/container.db]
2023-12-01 12:07:26,241 [main] INFO  utils.DatanodeStoreCache (DatanodeStoreCache.java:removeDB(104)) - Removed db /home/runner/work/ozone/ozone/hadoop-ozone/integration-test/target/test-dir/MiniOzoneClusterImpl-6e44b040-7731-4908-af37-66cbba4f501b/datanode-1/data-0/containers/hdds/6e44b040-7731-4908-af37-66cbba4f501b/DS-92467a08-f24c-4960-a7bd-2f4b47240d51/container.db from cache
2023-12-01 12:07:26,241 [main] INFO  volume.HddsVolume (HddsVolume.java:closeDbStore(453)) - SchemaV3 db is stopped at /home/runner/work/ozone/ozone/hadoop-ozone/integration-test/target/test-dir/MiniOzoneClusterImpl-6e44b040-7731-4908-af37-66cbba4f501b/datanode-1/data-0/containers/hdds/6e44b040-7731-4908-af37-66cbba4f501b/DS-92467a08-f24c-4960-a7bd-2f4b47240d51/container.db for volume DS-92467a08-f24c-4960-a7bd-2f4b47240d51
2023-12-01 12:07:26,241 [main] INFO  utils.BackgroundService (BackgroundService.java:shutdown(160)) - Shutting down service BlockDeletingService
2023-12-01 12:07:26,241 [main] INFO  utils.BackgroundService (BackgroundService.java:shutdown(160)) - Shutting down service StaleRecoveringContainerScrubbingService
2023-12-01 12:07:26,248 [main] INFO  statemachine.DatanodeStateMachine (DatanodeStateMachine.java:stopDaemon(638)) - Ozone container server stopped.
2023-12-01 12:07:26,249 [main] INFO  handler.ContextHandler (ContextHandler.java:doStop(1159)) - Stopped o.e.j.w.WebAppContext@6cede900{hddsDatanode,/,null,STOPPED}{jar:file:/home/runner/.m2/repository/org/apache/ozone/hdds-container-service/1.4.0-SNAPSHOT/hdds-container-service-1.4.0-SNAPSHOT.jar!/webapps/hddsDatanode}
2023-12-01 12:07:26,249 [main] INFO  server.AbstractConnector (AbstractConnector.java:doStop(383)) - Stopped ServerConnector@66ac9c8e{HTTP/1.1, (http/1.1)}{0.0.0.0:15080}
2023-12-01 12:07:26,250 [main] INFO  server.session (HouseKeeper.java:stopScavenging(149)) - node0 Stopped scavenging
2023-12-01 12:07:26,250 [main] INFO  handler.ContextHandler (ContextHandler.java:doStop(1159)) - Stopped o.e.j.s.ServletContextHandler@6a0c2fa5{static,/static,jar:file:/home/runner/.m2/repository/org/apache/ozone/hdds-container-service/1.4.0-SNAPSHOT/hdds-container-service-1.4.0-SNAPSHOT.jar!/webapps/static,STOPPED}
2023-12-01 12:07:26,250 [main] INFO  handler.ContextHandler (ContextHandler.java:doStop(1159)) - Stopped o.e.j.s.ServletContextHandler@7db5d73b{logs,/logs,file:///home/runner/work/ozone/ozone/hadoop-ozone/integration-test/target/log,STOPPED}
2023-12-01 12:07:26,251 [main] INFO  ozone.HddsDatanodeClientProtocolServer (HddsDatanodeClientProtocolServer.java:stop(78)) - Stopping the RPC server for Client Protocol
2023-12-01 12:07:26,252 [main] INFO  ipc.Server (Server.java:stop(3523)) - Stopping server on 15081
2023-12-01 12:07:26,252 [IPC Server listener on 15081] INFO  ipc.Server (Server.java:run(1434)) - Stopping IPC Server listener on 15081
2023-12-01 12:07:26,252 [IPC Server Responder] INFO  ipc.Server (Server.java:run(1567)) - Stopping IPC Server Responder
2023-12-01 12:07:26,254 [main] INFO  ozoneimpl.OzoneContainer (OzoneContainer.java:stop(463)) - Attempting to stop container services.
2023-12-01 12:07:26,255 [main] INFO  server.RaftServer (RaftServerProxy.java:lambda$close$9(416)) - bece060d-3fe8-48fd-a57c-c67080073878: close
2023-12-01 12:07:26,255 [bece060d-3fe8-48fd-a57c-c67080073878-impl-thread2] INFO  server.RaftServer$Division (RaftServerImpl.java:lambda$close$3(516)) - bece060d-3fe8-48fd-a57c-c67080073878@group-1BBC237B5611: shutdown
2023-12-01 12:07:26,255 [bece060d-3fe8-48fd-a57c-c67080073878-impl-thread4] INFO  server.RaftServer$Division (RaftServerImpl.java:lambda$close$3(516)) - bece060d-3fe8-48fd-a57c-c67080073878@group-517770FE8037: shutdown
2023-12-01 12:07:26,255 [main] INFO  server.GrpcService (GrpcService.java:closeImpl(311)) - bece060d-3fe8-48fd-a57c-c67080073878: shutdown server org.apache.ratis.grpc.server.GrpcClientProtocolService now
2023-12-01 12:07:26,255 [bece060d-3fe8-48fd-a57c-c67080073878-impl-thread3] INFO  server.RaftServer$Division (RaftServerImpl.java:lambda$close$3(516)) - bece060d-3fe8-48fd-a57c-c67080073878@group-C65EFE1A7AAC: shutdown
2023-12-01 12:07:26,256 [bece060d-3fe8-48fd-a57c-c67080073878-impl-thread3] INFO  util.JmxRegister (JmxRegister.java:unregister(73)) - Successfully un-registered JMX Bean with object name Ratis:service=RaftServer,group=group-C65EFE1A7AAC,id=bece060d-3fe8-48fd-a57c-c67080073878
2023-12-01 12:07:26,256 [Thread-1253] INFO  server.GrpcServerProtocolClient (GrpcServerProtocolClient.java:close(103)) - a52b3d00-e6b2-4875-97ef-1383dbbdd16b Close channels
2023-12-01 12:07:26,255 [bece060d-3fe8-48fd-a57c-c67080073878-impl-thread4] INFO  util.JmxRegister (JmxRegister.java:unregister(73)) - Successfully un-registered JMX Bean with object name Ratis:service=RaftServer,group=group-517770FE8037,id=bece060d-3fe8-48fd-a57c-c67080073878
2023-12-01 12:07:26,256 [bece060d-3fe8-48fd-a57c-c67080073878-impl-thread4] INFO  impl.RoleInfo (RoleInfo.java:shutdownLeaderState(94)) - bece060d-3fe8-48fd-a57c-c67080073878: shutdown bece060d-3fe8-48fd-a57c-c67080073878@group-517770FE8037-LeaderStateImpl
2023-12-01 12:07:26,256 [bece060d-3fe8-48fd-a57c-c67080073878-impl-thread4] INFO  impl.PendingRequests (PendingRequests.java:sendNotLeaderResponses(289)) - bece060d-3fe8-48fd-a57c-c67080073878@group-517770FE8037-PendingRequests: sendNotLeaderResponses
2023-12-01 12:07:26,256 [Thread-1255] INFO  server.GrpcServerProtocolClient (GrpcServerProtocolClient.java:close(103)) - d61ce6df-bfa3-4031-bef1-0b60ac375a39 Close channels
2023-12-01 12:07:26,257 [main] INFO  server.GrpcService (GrpcService.java:closeImpl(320)) - bece060d-3fe8-48fd-a57c-c67080073878: shutdown server org.apache.ratis.grpc.server.GrpcClientProtocolService successfully
2023-12-01 12:07:26,257 [main] INFO  server.GrpcService (GrpcService.java:closeImpl(311)) - bece060d-3fe8-48fd-a57c-c67080073878: shutdown server GrpcServerProtocolService now
2023-12-01 12:07:26,257 [bece060d-3fe8-48fd-a57c-c67080073878@group-517770FE8037-StateMachineUpdater] INFO  ratis.ContainerStateMachine (ContainerStateMachine.java:takeSnapshot(337)) - group-517770FE8037: Taking a snapshot at:(t:1, i:0) file /home/runner/work/ozone/ozone/hadoop-ozone/integration-test/target/test-dir/MiniOzoneClusterImpl-6e44b040-7731-4908-af37-66cbba4f501b/datanode-2/data/ratis/1e311d18-a939-42e1-ade4-517770fe8037/sm/snapshot.1_0
2023-12-01 12:07:26,255 [bece060d-3fe8-48fd-a57c-c67080073878-impl-thread2] INFO  util.JmxRegister (JmxRegister.java:unregister(73)) - Successfully un-registered JMX Bean with object name Ratis:service=RaftServer,group=group-1BBC237B5611,id=bece060d-3fe8-48fd-a57c-c67080073878
2023-12-01 12:07:26,257 [bece060d-3fe8-48fd-a57c-c67080073878-impl-thread2] INFO  impl.RoleInfo (RoleInfo.java:shutdownLeaderState(94)) - bece060d-3fe8-48fd-a57c-c67080073878: shutdown bece060d-3fe8-48fd-a57c-c67080073878@group-1BBC237B5611-LeaderStateImpl
2023-12-01 12:07:26,257 [bece060d-3fe8-48fd-a57c-c67080073878-impl-thread4] INFO  impl.StateMachineUpdater (StateMachineUpdater.java:stopAndJoin(157)) - bece060d-3fe8-48fd-a57c-c67080073878@group-517770FE8037-StateMachineUpdater: set stopIndex = 0
2023-12-01 12:07:26,258 [bece060d-3fe8-48fd-a57c-c67080073878-impl-thread2] INFO  impl.PendingRequests (PendingRequests.java:sendNotLeaderResponses(289)) - bece060d-3fe8-48fd-a57c-c67080073878@group-1BBC237B5611-PendingRequests: sendNotLeaderResponses
2023-12-01 12:07:26,258 [bece060d-3fe8-48fd-a57c-c67080073878@group-517770FE8037-StateMachineUpdater] INFO  ratis.ContainerStateMachine (ContainerStateMachine.java:takeSnapshot(348)) - group-517770FE8037: Finished taking a snapshot at:(t:1, i:0) file:/home/runner/work/ozone/ozone/hadoop-ozone/integration-test/target/test-dir/MiniOzoneClusterImpl-6e44b040-7731-4908-af37-66cbba4f501b/datanode-2/data/ratis/1e311d18-a939-42e1-ade4-517770fe8037/sm/snapshot.1_0 took: 0 ms
2023-12-01 12:07:26,258 [bece060d-3fe8-48fd-a57c-c67080073878@group-1BBC237B5611->a52b3d00-e6b2-4875-97ef-1383dbbdd16b-GrpcLogAppender-LogAppenderDaemon] WARN  server.GrpcLogAppender (GrpcLogAppender.java:mayWait(212)) - bece060d-3fe8-48fd-a57c-c67080073878@group-1BBC237B5611->a52b3d00-e6b2-4875-97ef-1383dbbdd16b-GrpcLogAppender: Wait interrupted by java.lang.InterruptedException
2023-12-01 12:07:26,258 [bece060d-3fe8-48fd-a57c-c67080073878@group-1BBC237B5611->d61ce6df-bfa3-4031-bef1-0b60ac375a39-GrpcLogAppender-LogAppenderDaemon] WARN  server.GrpcLogAppender (GrpcLogAppender.java:mayWait(212)) - bece060d-3fe8-48fd-a57c-c67080073878@group-1BBC237B5611->d61ce6df-bfa3-4031-bef1-0b60ac375a39-GrpcLogAppender: Wait interrupted by java.lang.InterruptedException
2023-12-01 12:07:26,258 [bece060d-3fe8-48fd-a57c-c67080073878-impl-thread2] INFO  impl.StateMachineUpdater (StateMachineUpdater.java:stopAndJoin(157)) - bece060d-3fe8-48fd-a57c-c67080073878@group-1BBC237B5611-StateMachineUpdater: set stopIndex = 0
2023-12-01 12:07:26,258 [main] INFO  server.GrpcService (GrpcService.java:closeImpl(320)) - bece060d-3fe8-48fd-a57c-c67080073878: shutdown server GrpcServerProtocolService successfully
2023-12-01 12:07:26,259 [main] INFO  server.GrpcService (GrpcService.java:closeImpl(311)) - bece060d-3fe8-48fd-a57c-c67080073878: shutdown server org.apache.ratis.grpc.server.GrpcAdminProtocolService now
2023-12-01 12:07:26,256 [bece060d-3fe8-48fd-a57c-c67080073878-impl-thread3] INFO  impl.RoleInfo (RoleInfo.java:shutdownFollowerState(110)) - bece060d-3fe8-48fd-a57c-c67080073878: shutdown bece060d-3fe8-48fd-a57c-c67080073878@group-C65EFE1A7AAC-FollowerState
2023-12-01 12:07:26,258 [bece060d-3fe8-48fd-a57c-c67080073878@group-1BBC237B5611-StateMachineUpdater] INFO  ratis.ContainerStateMachine (ContainerStateMachine.java:takeSnapshot(337)) - group-1BBC237B5611: Taking a snapshot at:(t:1, i:0) file /home/runner/work/ozone/ozone/hadoop-ozone/integration-test/target/test-dir/MiniOzoneClusterImpl-6e44b040-7731-4908-af37-66cbba4f501b/datanode-2/data/ratis/1604b372-a121-49be-a60c-1bbc237b5611/sm/snapshot.1_0
2023-12-01 12:07:26,258 [bece060d-3fe8-48fd-a57c-c67080073878@group-517770FE8037-StateMachineUpdater] INFO  impl.StateMachineUpdater (StateMachineUpdater.java:takeSnapshot(295)) - bece060d-3fe8-48fd-a57c-c67080073878@group-517770FE8037-StateMachineUpdater: Took a snapshot at index 0
2023-12-01 12:07:26,259 [bece060d-3fe8-48fd-a57c-c67080073878@group-517770FE8037-StateMachineUpdater] INFO  impl.StateMachineUpdater (StateMachineUpdater.java:lambda$new$0(98)) - bece060d-3fe8-48fd-a57c-c67080073878@group-517770FE8037-StateMachineUpdater: snapshotIndex: updateIncreasingly -1 -> 0
2023-12-01 12:07:26,259 [bece060d-3fe8-48fd-a57c-c67080073878-impl-thread4] INFO  server.RaftServer$Division (ServerState.java:close(423)) - bece060d-3fe8-48fd-a57c-c67080073878@group-517770FE8037: applyIndex: 0
2023-12-01 12:07:26,260 [bece060d-3fe8-48fd-a57c-c67080073878@group-1BBC237B5611-StateMachineUpdater] INFO  ratis.ContainerStateMachine (ContainerStateMachine.java:takeSnapshot(348)) - group-1BBC237B5611: Finished taking a snapshot at:(t:1, i:0) file:/home/runner/work/ozone/ozone/hadoop-ozone/integration-test/target/test-dir/MiniOzoneClusterImpl-6e44b040-7731-4908-af37-66cbba4f501b/datanode-2/data/ratis/1604b372-a121-49be-a60c-1bbc237b5611/sm/snapshot.1_0 took: 1 ms
2023-12-01 12:07:26,260 [bece060d-3fe8-48fd-a57c-c67080073878-impl-thread3] INFO  impl.StateMachineUpdater (StateMachineUpdater.java:stopAndJoin(157)) - bece060d-3fe8-48fd-a57c-c67080073878@group-C65EFE1A7AAC-StateMachineUpdater: set stopIndex = 0
2023-12-01 12:07:26,260 [bece060d-3fe8-48fd-a57c-c67080073878@group-517770FE8037-cacheEviction-AwaitToRun] INFO  util.AwaitToRun (AwaitToRun.java:run(49)) - bece060d-3fe8-48fd-a57c-c67080073878@group-517770FE8037-cacheEviction-AwaitToRun-AwaitForSignal is interrupted
2023-12-01 12:07:26,260 [bece060d-3fe8-48fd-a57c-c67080073878@group-C65EFE1A7AAC-StateMachineUpdater] INFO  ratis.ContainerStateMachine (ContainerStateMachine.java:takeSnapshot(337)) - group-C65EFE1A7AAC: Taking a snapshot at:(t:2, i:0) file /home/runner/work/ozone/ozone/hadoop-ozone/integration-test/target/test-dir/MiniOzoneClusterImpl-6e44b040-7731-4908-af37-66cbba4f501b/datanode-2/data/ratis/26dd2faf-e2aa-453c-847f-c65efe1a7aac/sm/snapshot.2_0
2023-12-01 12:07:26,260 [main] INFO  server.GrpcService (GrpcService.java:closeImpl(320)) - bece060d-3fe8-48fd-a57c-c67080073878: shutdown server org.apache.ratis.grpc.server.GrpcAdminProtocolService successfully
2023-12-01 12:07:26,260 [bece060d-3fe8-48fd-a57c-c67080073878@group-1BBC237B5611-StateMachineUpdater] INFO  impl.StateMachineUpdater (StateMachineUpdater.java:takeSnapshot(295)) - bece060d-3fe8-48fd-a57c-c67080073878@group-1BBC237B5611-StateMachineUpdater: Took a snapshot at index 0
2023-12-01 12:07:26,260 [bece060d-3fe8-48fd-a57c-c67080073878@group-C65EFE1A7AAC-FollowerState] INFO  impl.FollowerState (FollowerState.java:run(152)) - bece060d-3fe8-48fd-a57c-c67080073878@group-C65EFE1A7AAC-FollowerState was interrupted
2023-12-01 12:07:26,260 [bece060d-3fe8-48fd-a57c-c67080073878@group-C65EFE1A7AAC-StateMachineUpdater] INFO  ratis.ContainerStateMachine (ContainerStateMachine.java:takeSnapshot(348)) - group-C65EFE1A7AAC: Finished taking a snapshot at:(t:2, i:0) file:/home/runner/work/ozone/ozone/hadoop-ozone/integration-test/target/test-dir/MiniOzoneClusterImpl-6e44b040-7731-4908-af37-66cbba4f501b/datanode-2/data/ratis/26dd2faf-e2aa-453c-847f-c65efe1a7aac/sm/snapshot.2_0 took: 1 ms
2023-12-01 12:07:26,260 [bece060d-3fe8-48fd-a57c-c67080073878@group-1BBC237B5611-StateMachineUpdater] INFO  impl.StateMachineUpdater (StateMachineUpdater.java:lambda$new$0(98)) - bece060d-3fe8-48fd-a57c-c67080073878@group-1BBC237B5611-StateMachineUpdater: snapshotIndex: updateIncreasingly -1 -> 0
2023-12-01 12:07:26,261 [bece060d-3fe8-48fd-a57c-c67080073878@group-C65EFE1A7AAC-StateMachineUpdater] INFO  impl.StateMachineUpdater (StateMachineUpdater.java:takeSnapshot(295)) - bece060d-3fe8-48fd-a57c-c67080073878@group-C65EFE1A7AAC-StateMachineUpdater: Took a snapshot at index 0
2023-12-01 12:07:26,261 [bece060d-3fe8-48fd-a57c-c67080073878@group-C65EFE1A7AAC-StateMachineUpdater] INFO  impl.StateMachineUpdater (StateMachineUpdater.java:lambda$new$0(98)) - bece060d-3fe8-48fd-a57c-c67080073878@group-C65EFE1A7AAC-StateMachineUpdater: snapshotIndex: updateIncreasingly -1 -> 0
2023-12-01 12:07:26,260 [bece060d-3fe8-48fd-a57c-c67080073878-NettyServerStreamRpc-bossGroup--thread1] INFO  logging.LoggingHandler (AbstractInternalLogger.java:log(148)) - [id: 0x442660a8, L:/0.0.0.0:15095] CLOSE
2023-12-01 12:07:26,261 [bece060d-3fe8-48fd-a57c-c67080073878-impl-thread3] INFO  server.RaftServer$Division (ServerState.java:close(423)) - bece060d-3fe8-48fd-a57c-c67080073878@group-C65EFE1A7AAC: applyIndex: 0
2023-12-01 12:07:26,261 [bece060d-3fe8-48fd-a57c-c67080073878-NettyServerStreamRpc-bossGroup--thread1] INFO  logging.LoggingHandler (AbstractInternalLogger.java:log(148)) - [id: 0x442660a8, L:/0.0.0.0:15095] INACTIVE
2023-12-01 12:07:26,261 [bece060d-3fe8-48fd-a57c-c67080073878-impl-thread2] INFO  server.RaftServer$Division (ServerState.java:close(423)) - bece060d-3fe8-48fd-a57c-c67080073878@group-1BBC237B5611: applyIndex: 0
2023-12-01 12:07:26,261 [bece060d-3fe8-48fd-a57c-c67080073878-NettyServerStreamRpc-bossGroup--thread1] INFO  logging.LoggingHandler (AbstractInternalLogger.java:log(148)) - [id: 0x442660a8, L:/0.0.0.0:15095] UNREGISTERED
2023-12-01 12:07:26,263 [bece060d-3fe8-48fd-a57c-c67080073878@group-1BBC237B5611-cacheEviction-AwaitToRun] INFO  util.AwaitToRun (AwaitToRun.java:run(49)) - bece060d-3fe8-48fd-a57c-c67080073878@group-1BBC237B5611-cacheEviction-AwaitToRun-AwaitForSignal is interrupted
2023-12-01 12:07:26,263 [bece060d-3fe8-48fd-a57c-c67080073878@group-C65EFE1A7AAC-cacheEviction-AwaitToRun] INFO  util.AwaitToRun (AwaitToRun.java:run(49)) - bece060d-3fe8-48fd-a57c-c67080073878@group-C65EFE1A7AAC-cacheEviction-AwaitToRun-AwaitForSignal is interrupted
2023-12-01 12:07:26,567 [RatisPipelineUtilsThread-0] ERROR scm.SCMCommonPlacementPolicy (SCMCommonPlacementPolicy.java:filterNodesWithSpace(286)) - Unable to find enough nodes that meet the space requirement of 1073741824 bytes for metadata and 5368709120 bytes for data in healthy node set. Required 3. Found 2.
2023-12-01 12:07:26,739 [bece060d-3fe8-48fd-a57c-c67080073878-impl-thread2] INFO  segmented.SegmentedRaftLogWorker (SegmentedRaftLogWorker.java:close(243)) - bece060d-3fe8-48fd-a57c-c67080073878@group-1BBC237B5611-SegmentedRaftLogWorker close()
2023-12-01 12:07:26,882 [bece060d-3fe8-48fd-a57c-c67080073878-BlockDeletingService#0] INFO  interfaces.ContainerDeletionChoosingPolicyTemplate (ContainerDeletionChoosingPolicyTemplate.java:chooseContainerForBlockDeletion(85)) - Chosen 0/5000 blocks from 0 candidate containers.
2023-12-01 12:07:27,067 [RatisPipelineUtilsThread-0] ERROR scm.SCMCommonPlacementPolicy (SCMCommonPlacementPolicy.java:filterNodesWithSpace(286)) - Unable to find enough nodes that meet the space requirement of 1073741824 bytes for metadata and 5368709120 bytes for data in healthy node set. Required 3. Found 2.
2023-12-01 12:07:27,081 [bece060d-3fe8-48fd-a57c-c67080073878-impl-thread4] INFO  segmented.SegmentedRaftLogWorker (SegmentedRaftLogWorker.java:close(243)) - bece060d-3fe8-48fd-a57c-c67080073878@group-517770FE8037-SegmentedRaftLogWorker close()
2023-12-01 12:07:27,257 [bece060d-3fe8-48fd-a57c-c67080073878-impl-thread3] INFO  segmented.SegmentedRaftLogWorker (SegmentedRaftLogWorker.java:close(243)) - bece060d-3fe8-48fd-a57c-c67080073878@group-C65EFE1A7AAC-SegmentedRaftLogWorker close()
2023-12-01 12:07:27,259 [JvmPauseMonitor12] INFO  util.JvmPauseMonitor (JvmPauseMonitor.java:run(152)) - JvmPauseMonitor-bece060d-3fe8-48fd-a57c-c67080073878: Stopped
2023-12-01 12:07:27,568 [RatisPipelineUtilsThread-0] ERROR scm.SCMCommonPlacementPolicy (SCMCommonPlacementPolicy.java:filterNodesWithSpace(286)) - Unable to find enough nodes that meet the space requirement of 1073741824 bytes for metadata and 5368709120 bytes for data in healthy node set. Required 3. Found 2.
2023-12-01 12:07:28,068 [RatisPipelineUtilsThread-0] ERROR scm.SCMCommonPlacementPolicy (SCMCommonPlacementPolicy.java:filterNodesWithSpace(286)) - Unable to find enough nodes that meet the space requirement of 1073741824 bytes for metadata and 5368709120 bytes for data in healthy node set. Required 3. Found 2.
2023-12-01 12:07:28,569 [RatisPipelineUtilsThread-0] ERROR scm.SCMCommonPlacementPolicy (SCMCommonPlacementPolicy.java:filterNodesWithSpace(286)) - Unable to find enough nodes that meet the space requirement of 1073741824 bytes for metadata and 5368709120 bytes for data in healthy node set. Required 3. Found 2.
2023-12-01 12:07:29,069 [RatisPipelineUtilsThread-0] ERROR scm.SCMCommonPlacementPolicy (SCMCommonPlacementPolicy.java:filterNodesWithSpace(286)) - Unable to find enough nodes that meet the space requirement of 1073741824 bytes for metadata and 5368709120 bytes for data in healthy node set. Required 3. Found 2.
2023-12-01 12:07:29,262 [main] INFO  utils.DatanodeStoreCache (DatanodeStoreCache.java:shutdownCache(110)) - Skip clearing cache in mini cluster mode. Entries left: [/home/runner/work/ozone/ozone/hadoop-ozone/integration-test/target/test-dir/MiniOzoneClusterImpl-6e44b040-7731-4908-af37-66cbba4f501b/datanode-2/data-0/containers/hdds/6e44b040-7731-4908-af37-66cbba4f501b/DS-d49a9d4f-c9f4-4fc1-902f-d24227cf3630/container.db]
2023-12-01 12:07:29,263 [main] INFO  utils.DatanodeStoreCache (DatanodeStoreCache.java:removeDB(104)) - Removed db /home/runner/work/ozone/ozone/hadoop-ozone/integration-test/target/test-dir/MiniOzoneClusterImpl-6e44b040-7731-4908-af37-66cbba4f501b/datanode-2/data-0/containers/hdds/6e44b040-7731-4908-af37-66cbba4f501b/DS-d49a9d4f-c9f4-4fc1-902f-d24227cf3630/container.db from cache
2023-12-01 12:07:29,264 [main] INFO  volume.HddsVolume (HddsVolume.java:closeDbStore(453)) - SchemaV3 db is stopped at /home/runner/work/ozone/ozone/hadoop-ozone/integration-test/target/test-dir/MiniOzoneClusterImpl-6e44b040-7731-4908-af37-66cbba4f501b/datanode-2/data-0/containers/hdds/6e44b040-7731-4908-af37-66cbba4f501b/DS-d49a9d4f-c9f4-4fc1-902f-d24227cf3630/container.db for volume DS-d49a9d4f-c9f4-4fc1-902f-d24227cf3630
2023-12-01 12:07:29,264 [main] INFO  utils.BackgroundService (BackgroundService.java:shutdown(160)) - Shutting down service BlockDeletingService
2023-12-01 12:07:29,266 [main] INFO  utils.BackgroundService (BackgroundService.java:shutdown(160)) - Shutting down service StaleRecoveringContainerScrubbingService
2023-12-01 12:07:29,266 [main] INFO  statemachine.DatanodeStateMachine (DatanodeStateMachine.java:stopDaemon(638)) - Ozone container server stopped.
2023-12-01 12:07:29,267 [main] INFO  handler.ContextHandler (ContextHandler.java:doStop(1159)) - Stopped o.e.j.w.WebAppContext@6ff1b8dc{hddsDatanode,/,null,STOPPED}{jar:file:/home/runner/.m2/repository/org/apache/ozone/hdds-container-service/1.4.0-SNAPSHOT/hdds-container-service-1.4.0-SNAPSHOT.jar!/webapps/hddsDatanode}
2023-12-01 12:07:29,268 [main] INFO  server.AbstractConnector (AbstractConnector.java:doStop(383)) - Stopped ServerConnector@441de5ff{HTTP/1.1, (http/1.1)}{0.0.0.0:15089}
2023-12-01 12:07:29,268 [main] INFO  server.session (HouseKeeper.java:stopScavenging(149)) - node0 Stopped scavenging
2023-12-01 12:07:29,268 [main] INFO  handler.ContextHandler (ContextHandler.java:doStop(1159)) - Stopped o.e.j.s.ServletContextHandler@50d65662{static,/static,jar:file:/home/runner/.m2/repository/org/apache/ozone/hdds-container-service/1.4.0-SNAPSHOT/hdds-container-service-1.4.0-SNAPSHOT.jar!/webapps/static,STOPPED}
2023-12-01 12:07:29,268 [main] INFO  handler.ContextHandler (ContextHandler.java:doStop(1159)) - Stopped o.e.j.s.ServletContextHandler@38c960b7{logs,/logs,file:///home/runner/work/ozone/ozone/hadoop-ozone/integration-test/target/log,STOPPED}
2023-12-01 12:07:29,269 [main] INFO  ozone.HddsDatanodeClientProtocolServer (HddsDatanodeClientProtocolServer.java:stop(78)) - Stopping the RPC server for Client Protocol
2023-12-01 12:07:29,269 [main] INFO  ipc.Server (Server.java:stop(3523)) - Stopping server on 15090
2023-12-01 12:07:29,271 [IPC Server listener on 15090] INFO  ipc.Server (Server.java:run(1434)) - Stopping IPC Server listener on 15090
2023-12-01 12:07:29,274 [IPC Server Responder] INFO  ipc.Server (Server.java:run(1567)) - Stopping IPC Server Responder
2023-12-01 12:07:29,570 [RatisPipelineUtilsThread-0] ERROR scm.SCMCommonPlacementPolicy (SCMCommonPlacementPolicy.java:filterNodesWithSpace(286)) - Unable to find enough nodes that meet the space requirement of 1073741824 bytes for metadata and 5368709120 bytes for data in healthy node set. Required 3. Found 2.
2023-12-01 12:07:29,732 [EventQueue-StaleNodeForStaleNodeHandler] INFO  node.StaleNodeHandler (StaleNodeHandler.java:onMessage(57)) - Datanode d61ce6df-bfa3-4031-bef1-0b60ac375a39(fv-az1423-675.ei5rwdf52qxuxllzxeqjam05jd.ex.internal.cloudapp.net/10.1.0.24) moved to stale state. Finalizing its pipelines [PipelineID=1604b372-a121-49be-a60c-1bbc237b5611, PipelineID=26dd2faf-e2aa-453c-847f-c65efe1a7aac, PipelineID=5f9816ea-1cc8-476a-a17a-fb863f7b2671]
2023-12-01 12:07:29,733 [EventQueue-StaleNodeForStaleNodeHandler] INFO  pipeline.PipelineManagerImpl (PipelineManagerImpl.java:closePipeline(518)) - Pipeline PipelineID=5f9816ea-1cc8-476a-a17a-fb863f7b2671 moved to CLOSED state
2023-12-01 12:07:30,070 [RatisPipelineUtilsThread-0] ERROR scm.SCMCommonPlacementPolicy (SCMCommonPlacementPolicy.java:filterNodesWithSpace(286)) - Unable to find enough nodes that meet the space requirement of 1073741824 bytes for metadata and 5368709120 bytes for data in healthy node set. Required 3. Found 1.
2023-12-01 12:07:30,570 [RatisPipelineUtilsThread-0] ERROR scm.SCMCommonPlacementPolicy (SCMCommonPlacementPolicy.java:filterNodesWithSpace(286)) - Unable to find enough nodes that meet the space requirement of 1073741824 bytes for metadata and 5368709120 bytes for data in healthy node set. Required 3. Found 1.
2023-12-01 12:07:31,071 [RatisPipelineUtilsThread-0] ERROR scm.SCMCommonPlacementPolicy (SCMCommonPlacementPolicy.java:filterNodesWithSpace(286)) - Unable to find enough nodes that meet the space requirement of 1073741824 bytes for metadata and 5368709120 bytes for data in healthy node set. Required 3. Found 1.
2023-12-01 12:07:31,571 [RatisPipelineUtilsThread-0] ERROR scm.SCMCommonPlacementPolicy (SCMCommonPlacementPolicy.java:filterNodesWithSpace(286)) - Unable to find enough nodes that meet the space requirement of 1073741824 bytes for metadata and 5368709120 bytes for data in healthy node set. Required 3. Found 1.
2023-12-01 12:07:31,732 [EventQueue-StaleNodeForStaleNodeHandler] INFO  node.StaleNodeHandler (StaleNodeHandler.java:onMessage(57)) - Datanode bece060d-3fe8-48fd-a57c-c67080073878(fv-az1423-675.ei5rwdf52qxuxllzxeqjam05jd.ex.internal.cloudapp.net/10.1.0.24) moved to stale state. Finalizing its pipelines [PipelineID=1604b372-a121-49be-a60c-1bbc237b5611, PipelineID=26dd2faf-e2aa-453c-847f-c65efe1a7aac, PipelineID=1e311d18-a939-42e1-ade4-517770fe8037]
2023-12-01 12:07:31,733 [EventQueue-StaleNodeForStaleNodeHandler] INFO  pipeline.PipelineManagerImpl (PipelineManagerImpl.java:closePipeline(518)) - Pipeline PipelineID=1e311d18-a939-42e1-ade4-517770fe8037 moved to CLOSED state
2023-12-01 12:07:31,778 [main] ERROR pipeline.PipelinePlacementPolicy (PipelinePlacementPolicy.java:filterViableNodes(143)) - No healthy node found to allocate container.
2023-12-01 12:07:31,780 [main] INFO  impl.MetricsSystemImpl (MetricsSystemImpl.java:init(158)) - HddsDatanode metrics system started (again)
2023-12-01 12:07:31,812 [main] INFO  ozone.HddsDatanodeService (HddsDatanodeService.java:start(239)) - HddsDatanodeService host:fv-az1423-675.ei5rwdf52qxuxllzxeqjam05jd.ex.internal.cloudapp.net ip:10.1.0.24
2023-12-01 12:07:31,825 [main] INFO  upgrade.AbstractLayoutVersionManager (AbstractLayoutVersionManager.java:init(83)) - Initializing Layout version manager with metadata layout = HADOOP_PRC_PORTS_IN_DATANODEDETAILS (version = 7), software layout = HADOOP_PRC_PORTS_IN_DATANODEDETAILS (version = 7)
2023-12-01 12:07:31,826 [main] INFO  statemachine.DatanodeStateMachine (DatanodeStateMachine.java:getEndPointTaskThreadPoolSize(299)) - Datanode State Machine Task Thread Pool size 2
2023-12-01 12:07:31,828 [main] INFO  volume.HddsVolume (HddsVolume.java:<init>(126)) - Creating HddsVolume: /home/runner/work/ozone/ozone/hadoop-ozone/integration-test/target/test-dir/MiniOzoneClusterImpl-6e44b040-7731-4908-af37-66cbba4f501b/datanode-0/data-0/containers/hdds of storage type : DISK capacity : 9223372036854775807
2023-12-01 12:07:31,828 [main] INFO  volume.MutableVolumeSet (MutableVolumeSet.java:initializeVolumeSet(173)) - Added Volume : /home/runner/work/ozone/ozone/hadoop-ozone/integration-test/target/test-dir/MiniOzoneClusterImpl-6e44b040-7731-4908-af37-66cbba4f501b/datanode-0/data-0/containers/hdds to VolumeSet
2023-12-01 12:07:31,830 [main] INFO  volume.MutableVolumeSet (MutableVolumeSet.java:initializeVolumeSet(173)) - Added Volume : /home/runner/work/ozone/ozone/hadoop-ozone/integration-test/target/test-dir/MiniOzoneClusterImpl-6e44b040-7731-4908-af37-66cbba4f501b/datanode-0/data/ratis to VolumeSet
2023-12-01 12:07:31,840 [ForkJoinPool.commonPool-worker-5] INFO  utils.DatanodeStoreCache (DatanodeStoreCache.java:addDB(66)) - Added db /home/runner/work/ozone/ozone/hadoop-ozone/integration-test/target/test-dir/MiniOzoneClusterImpl-6e44b040-7731-4908-af37-66cbba4f501b/datanode-0/data-0/containers/hdds/6e44b040-7731-4908-af37-66cbba4f501b/DS-4f3f86f9-a925-49b1-b350-3bbcb72352cc/container.db to cache
2023-12-01 12:07:31,840 [ForkJoinPool.commonPool-worker-5] INFO  volume.HddsVolume (HddsVolume.java:loadDbStore(375)) - SchemaV3 db is loaded at /home/runner/work/ozone/ozone/hadoop-ozone/integration-test/target/test-dir/MiniOzoneClusterImpl-6e44b040-7731-4908-af37-66cbba4f501b/datanode-0/data-0/containers/hdds/6e44b040-7731-4908-af37-66cbba4f501b/DS-4f3f86f9-a925-49b1-b350-3bbcb72352cc/container.db for volume DS-4f3f86f9-a925-49b1-b350-3bbcb72352cc
2023-12-01 12:07:31,840 [main] INFO  ozoneimpl.OzoneContainer (HddsVolumeUtil.java:loadAllHddsVolumeDbStore(103)) - Load 1 volumes DbStore cost: 10ms
2023-12-01 12:07:31,841 [a52b3d00-e6b2-4875-97ef-1383dbbdd16b-ContainerReader-0] INFO  ozoneimpl.ContainerReader (ContainerReader.java:readVolume(147)) - Start to verify containers on volume /home/runner/work/ozone/ozone/hadoop-ozone/integration-test/target/test-dir/MiniOzoneClusterImpl-6e44b040-7731-4908-af37-66cbba4f501b/datanode-0/data-0/containers/hdds
2023-12-01 12:07:31,841 [a52b3d00-e6b2-4875-97ef-1383dbbdd16b-ContainerReader-0] INFO  ozoneimpl.ContainerReader (ContainerReader.java:readVolume(177)) - Finish verifying containers on volume /home/runner/work/ozone/ozone/hadoop-ozone/integration-test/target/test-dir/MiniOzoneClusterImpl-6e44b040-7731-4908-af37-66cbba4f501b/datanode-0/data-0/containers/hdds
2023-12-01 12:07:31,841 [main] INFO  ozoneimpl.OzoneContainer (OzoneContainer.java:buildContainerSet(326)) - Build ContainerSet costs 0s
2023-12-01 12:07:31,843 [main] INFO  server.RaftServer (ConfUtils.java:logGet(46)) - raft.rpc.type = GRPC (default)
2023-12-01 12:07:31,843 [main] INFO  grpc.GrpcConfigKeys (ConfUtils.java:logFallback(53)) - raft.grpc.admin.host = null (fallback to raft.grpc.server.host)
2023-12-01 12:07:31,844 [main] INFO  grpc.GrpcConfigKeys (ConfUtils.java:logGet(46)) - raft.grpc.admin.port = 15075 (custom)
2023-12-01 12:07:31,844 [main] INFO  grpc.GrpcConfigKeys (ConfUtils.java:logFallback(53)) - raft.grpc.client.host = null (fallback to raft.grpc.server.host)
2023-12-01 12:07:31,844 [main] INFO  grpc.GrpcConfigKeys (ConfUtils.java:logGet(46)) - raft.grpc.client.port = 15074 (custom)
2023-12-01 12:07:31,844 [main] INFO  grpc.GrpcConfigKeys (ConfUtils.java:logGet(46)) - raft.grpc.server.host = null (default)
2023-12-01 12:07:31,844 [main] INFO  grpc.GrpcConfigKeys (ConfUtils.java:logGet(46)) - raft.grpc.server.port = 15076 (custom)
2023-12-01 12:07:31,844 [main] INFO  server.GrpcService (ConfUtils.java:logGet(46)) - raft.grpc.message.size.max = 32MB (=33554432) (custom)
2023-12-01 12:07:31,844 [main] INFO  server.RaftServerConfigKeys (ConfUtils.java:logGet(46)) - raft.server.log.appender.buffer.byte-limit = 33554432 (custom)
2023-12-01 12:07:31,845 [main] INFO  server.GrpcService (ConfUtils.java:logGet(46)) - raft.grpc.flow.control.window = 5MB (=5242880) (custom)
2023-12-01 12:07:31,845 [main] INFO  server.RaftServerConfigKeys (ConfUtils.java:logGet(46)) - raft.server.rpc.request.timeout = 60s (custom)
2023-12-01 12:07:31,845 [main] INFO  grpc.GrpcConfigKeys (ConfUtils.java:logGet(46)) - raft.grpc.server.heartbeat.channel = true (default)
2023-12-01 12:07:31,845 [main] INFO  grpc.GrpcConfigKeys (ConfUtils.java:logGet(46)) - raft.grpc.server.async.request.thread.pool.cached = true (default)
2023-12-01 12:07:31,845 [main] INFO  grpc.GrpcConfigKeys (ConfUtils.java:logGet(46)) - raft.grpc.server.async.request.thread.pool.size = 32 (default)
2023-12-01 12:07:31,847 [main] INFO  impl.DataStreamServerImpl (ConfUtils.java:logGet(46)) - raft.datastream.type = NETTY (custom)
2023-12-01 12:07:31,847 [main] INFO  server.RaftServerConfigKeys (ConfUtils.java:logGet(46)) - raft.server.data-stream.async.request.thread.pool.cached = false (default)
2023-12-01 12:07:31,848 [main] INFO  server.RaftServerConfigKeys (ConfUtils.java:logGet(46)) - raft.server.data-stream.async.request.thread.pool.size = 20 (custom)
2023-12-01 12:07:31,848 [main] INFO  server.RaftServerConfigKeys (ConfUtils.java:logGet(46)) - raft.server.data-stream.async.write.thread.pool.size = 16 (default)
2023-12-01 12:07:31,848 [main] INFO  netty.NettyConfigKeys$DataStream (ConfUtils.java:logGet(46)) - raft.netty.dataStream.server.channel.inactive.grace-period = 10min (default)
2023-12-01 12:07:31,848 [main] INFO  server.RaftServerConfigKeys (ConfUtils.java:logGet(46)) - raft.server.data-stream.client.pool.size = 10 (default)
2023-12-01 12:07:31,848 [main] INFO  netty.NettyConfigKeys$DataStream (ConfUtils.java:logGet(46)) - raft.netty.dataStream.server.use-epoll = true (default)
2023-12-01 12:07:31,848 [main] INFO  netty.NettyConfigKeys$DataStream (ConfUtils.java:logGet(46)) - raft.netty.dataStream.server.boss-group.size = 0 (default)
2023-12-01 12:07:31,848 [main] INFO  netty.NettyUtils (NettyUtils.java:newEventLoopGroup(69)) - Create EpollEventLoopGroup for a52b3d00-e6b2-4875-97ef-1383dbbdd16b-NettyServerStreamRpc-bossGroup; Thread size is 0.
2023-12-01 12:07:31,849 [main] INFO  netty.NettyConfigKeys$DataStream (ConfUtils.java:logGet(46)) - raft.netty.dataStream.server.worker-group.size = 0 (default)
2023-12-01 12:07:31,849 [main] INFO  netty.NettyUtils (NettyUtils.java:newEventLoopGroup(69)) - Create EpollEventLoopGroup for a52b3d00-e6b2-4875-97ef-1383dbbdd16b-NettyServerStreamRpc-workerGroup; Thread size is 0.
2023-12-01 12:07:31,849 [main] INFO  netty.NettyConfigKeys$DataStream (ConfUtils.java:logGet(46)) - raft.netty.dataStream.server.tls.conf = null (default)
2023-12-01 12:07:31,849 [main] INFO  netty.NettyConfigKeys$DataStream (ConfUtils.java:logGet(46)) - raft.netty.dataStream.host = null (default)
2023-12-01 12:07:31,849 [main] INFO  netty.NettyConfigKeys$DataStream (ConfUtils.java:logGet(46)) - raft.netty.dataStream.port = 15077 (custom)
2023-12-01 12:07:31,850 [main] INFO  server.RaftServerConfigKeys (ConfUtils.java:logGet(46)) - raft.server.sleep.deviation.threshold = 300ms (default)
2023-12-01 12:07:31,850 [main] INFO  server.RaftServerConfigKeys (ConfUtils.java:logGet(46)) - raft.server.close.threshold = 60s (default)
2023-12-01 12:07:31,850 [a52b3d00-e6b2-4875-97ef-1383dbbdd16b-NettyServerStreamRpc-bossGroup--thread1] INFO  logging.LoggingHandler (AbstractInternalLogger.java:log(148)) - [id: 0xec7d59eb] REGISTERED
2023-12-01 12:07:31,850 [main] INFO  server.RaftServerConfigKeys (ConfUtils.java:logGet(46)) - raft.server.leaderelection.leader.step-down.wait-time = 10s (default)
2023-12-01 12:07:31,850 [a52b3d00-e6b2-4875-97ef-1383dbbdd16b-NettyServerStreamRpc-bossGroup--thread1] INFO  logging.LoggingHandler (AbstractInternalLogger.java:log(148)) - [id: 0xec7d59eb] BIND: 0.0.0.0/0.0.0.0:15077
2023-12-01 12:07:31,850 [main] INFO  server.RaftServerConfigKeys (ConfUtils.java:logGet(46)) - raft.server.storage.dir = [/home/runner/work/ozone/ozone/hadoop-ozone/integration-test/target/test-dir/MiniOzoneClusterImpl-6e44b040-7731-4908-af37-66cbba4f501b/datanode-0/data/ratis] (custom)
2023-12-01 12:07:31,850 [a52b3d00-e6b2-4875-97ef-1383dbbdd16b-NettyServerStreamRpc-bossGroup--thread1] INFO  logging.LoggingHandler (AbstractInternalLogger.java:log(148)) - [id: 0xec7d59eb, L:/0.0.0.0:15077] ACTIVE
2023-12-01 12:07:31,850 [main] INFO  server.RaftServerConfigKeys (ConfUtils.java:logGet(46)) - raft.server.threadpool.proxy.cached = true (default)
2023-12-01 12:07:31,851 [main] INFO  server.RaftServerConfigKeys (ConfUtils.java:logGet(46)) - raft.server.threadpool.proxy.size = 0 (default)
2023-12-01 12:07:31,851 [a52b3d00-e6b2-4875-97ef-1383dbbdd16b-impl-thread1] INFO  server.RaftServer (RaftServerProxy.java:initGroupDir(264)) - a52b3d00-e6b2-4875-97ef-1383dbbdd16b: found a subdirectory /home/runner/work/ozone/ozone/hadoop-ozone/integration-test/target/test-dir/MiniOzoneClusterImpl-6e44b040-7731-4908-af37-66cbba4f501b/datanode-0/data/ratis/ea98f026-8e19-4958-9d58-4341143e4683
2023-12-01 12:07:31,851 [a52b3d00-e6b2-4875-97ef-1383dbbdd16b-impl-thread1] INFO  server.RaftServer (RaftServerProxy.java:addNew(100)) - a52b3d00-e6b2-4875-97ef-1383dbbdd16b: addNew group-4341143E4683:[] returns group-4341143E4683:java.util.concurrent.CompletableFuture@71519348[Not completed]
2023-12-01 12:07:31,851 [a52b3d00-e6b2-4875-97ef-1383dbbdd16b-impl-thread1] INFO  server.RaftServer (RaftServerProxy.java:initGroupDir(264)) - a52b3d00-e6b2-4875-97ef-1383dbbdd16b: found a subdirectory /home/runner/work/ozone/ozone/hadoop-ozone/integration-test/target/test-dir/MiniOzoneClusterImpl-6e44b040-7731-4908-af37-66cbba4f501b/datanode-0/data/ratis/26dd2faf-e2aa-453c-847f-c65efe1a7aac
2023-12-01 12:07:31,851 [a52b3d00-e6b2-4875-97ef-1383dbbdd16b-impl-thread1] INFO  server.RaftServer (RaftServerProxy.java:addNew(100)) - a52b3d00-e6b2-4875-97ef-1383dbbdd16b: addNew group-C65EFE1A7AAC:[] returns group-C65EFE1A7AAC:java.util.concurrent.CompletableFuture@756e09ba[Not completed]
2023-12-01 12:07:31,852 [a52b3d00-e6b2-4875-97ef-1383dbbdd16b-impl-thread1] INFO  server.RaftServer (RaftServerProxy.java:initGroupDir(264)) - a52b3d00-e6b2-4875-97ef-1383dbbdd16b: found a subdirectory /home/runner/work/ozone/ozone/hadoop-ozone/integration-test/target/test-dir/MiniOzoneClusterImpl-6e44b040-7731-4908-af37-66cbba4f501b/datanode-0/data/ratis/tmp
2023-12-01 12:07:31,852 [a52b3d00-e6b2-4875-97ef-1383dbbdd16b-impl-thread1] INFO  server.RaftServer (RaftServerProxy.java:initGroupDir(269)) - a52b3d00-e6b2-4875-97ef-1383dbbdd16b: The directory /home/runner/work/ozone/ozone/hadoop-ozone/integration-test/target/test-dir/MiniOzoneClusterImpl-6e44b040-7731-4908-af37-66cbba4f501b/datanode-0/data/ratis/tmp is not a group directory; ignoring it. 
2023-12-01 12:07:31,852 [a52b3d00-e6b2-4875-97ef-1383dbbdd16b-impl-thread1] INFO  server.RaftServer (RaftServerProxy.java:initGroupDir(264)) - a52b3d00-e6b2-4875-97ef-1383dbbdd16b: found a subdirectory /home/runner/work/ozone/ozone/hadoop-ozone/integration-test/target/test-dir/MiniOzoneClusterImpl-6e44b040-7731-4908-af37-66cbba4f501b/datanode-0/data/ratis/1604b372-a121-49be-a60c-1bbc237b5611
2023-12-01 12:07:31,852 [a52b3d00-e6b2-4875-97ef-1383dbbdd16b-impl-thread1] INFO  server.RaftServer (RaftServerProxy.java:addNew(100)) - a52b3d00-e6b2-4875-97ef-1383dbbdd16b: addNew group-1BBC237B5611:[] returns group-1BBC237B5611:java.util.concurrent.CompletableFuture@306c9973[Not completed]
2023-12-01 12:07:31,852 [main] INFO  replication.ReplicationServer (ReplicationServer.java:<init>(85)) - Initializing replication server with thread count = 10 queue length = 4096
2023-12-01 12:07:31,852 [a52b3d00-e6b2-4875-97ef-1383dbbdd16b-groupManagement] INFO  server.RaftServer$Division (RaftServerImpl.java:<init>(256)) - a52b3d00-e6b2-4875-97ef-1383dbbdd16b: new RaftServerImpl for group-4341143E4683:[] with ContainerStateMachine:uninitialized
2023-12-01 12:07:31,852 [a52b3d00-e6b2-4875-97ef-1383dbbdd16b-groupManagement] INFO  server.RaftServerConfigKeys (ConfUtils.java:logGet(46)) - raft.server.rpc.timeout.min = 5s (custom)
2023-12-01 12:07:31,852 [a52b3d00-e6b2-4875-97ef-1383dbbdd16b-groupManagement] INFO  server.RaftServerConfigKeys (ConfUtils.java:logGet(46)) - raft.server.rpc.timeout.max = 5200ms (custom)
2023-12-01 12:07:31,852 [a52b3d00-e6b2-4875-97ef-1383dbbdd16b-groupManagement] INFO  server.RaftServerConfigKeys (ConfUtils.java:logGet(46)) - raft.server.rpc.sleep.time = 25ms (default)
2023-12-01 12:07:31,852 [a52b3d00-e6b2-4875-97ef-1383dbbdd16b-groupManagement] INFO  server.RaftServerConfigKeys (ConfUtils.java:logGet(46)) - raft.server.rpc.slowness.timeout = 300s (custom)
2023-12-01 12:07:31,852 [a52b3d00-e6b2-4875-97ef-1383dbbdd16b-groupManagement] INFO  server.RaftServerConfigKeys (ConfUtils.java:logGet(46)) - raft.server.leaderelection.leader.step-down.wait-time = 10s (default)
2023-12-01 12:07:31,852 [a52b3d00-e6b2-4875-97ef-1383dbbdd16b-groupManagement] INFO  server.RaftServerConfigKeys (ConfUtils.java:logGet(46)) - raft.server.leaderelection.member.majority-add = false (default)
2023-12-01 12:07:31,852 [a52b3d00-e6b2-4875-97ef-1383dbbdd16b-groupManagement] INFO  server.RaftServerConfigKeys (ConfUtils.java:logGet(46)) - raft.server.sleep.deviation.threshold = 300ms (default)
2023-12-01 12:07:31,853 [a52b3d00-e6b2-4875-97ef-1383dbbdd16b-groupManagement] INFO  server.RaftServer$Division (ServerState.java:<init>(113)) - a52b3d00-e6b2-4875-97ef-1383dbbdd16b@group-4341143E4683: ConfigurationManager, init=-1: peers:[]|listeners:[], old=null, confs=<EMPTY_MAP>
2023-12-01 12:07:31,853 [a52b3d00-e6b2-4875-97ef-1383dbbdd16b-groupManagement] INFO  server.RaftServerConfigKeys (ConfUtils.java:logGet(46)) - raft.server.notification.no-leader.timeout = 300s (custom)
2023-12-01 12:07:31,853 [a52b3d00-e6b2-4875-97ef-1383dbbdd16b-groupManagement] INFO  server.RaftServerConfigKeys (ConfUtils.java:logGet(46)) - raft.server.read.timeout = 10s (default)
2023-12-01 12:07:31,853 [a52b3d00-e6b2-4875-97ef-1383dbbdd16b-groupManagement] INFO  server.RaftServerConfigKeys (ConfUtils.java:logGet(46)) - raft.server.retrycache.expirytime = 600000ms (custom)
2023-12-01 12:07:31,853 [a52b3d00-e6b2-4875-97ef-1383dbbdd16b-groupManagement] INFO  server.RaftServerConfigKeys (ConfUtils.java:logGet(46)) - raft.server.retrycache.statistics.expirytime = 100ms (default)
2023-12-01 12:07:31,853 [a52b3d00-e6b2-4875-97ef-1383dbbdd16b-groupManagement] INFO  server.RaftServerConfigKeys (ConfUtils.java:logGet(46)) - raft.server.read.option = DEFAULT (default)
2023-12-01 12:07:31,853 [a52b3d00-e6b2-4875-97ef-1383dbbdd16b-groupManagement] INFO  server.RaftServerConfigKeys (ConfUtils.java:logGet(46)) - raft.server.read.read-after-write-consistent.write-index-cache.expiry-time = 60s (default)
2023-12-01 12:07:31,853 [main] INFO  server.XceiverServerGrpc (XceiverServerGrpc.java:<init>(135)) - GrpcServer channel type EpollServerSocketChannel
2023-12-01 12:07:31,854 [a52b3d00-e6b2-4875-97ef-1383dbbdd16b-groupManagement] INFO  server.RaftServerConfigKeys (ConfUtils.java:logGet(46)) - raft.server.rpc.request.timeout = 60s (custom)
2023-12-01 12:07:31,854 [a52b3d00-e6b2-4875-97ef-1383dbbdd16b-groupManagement] INFO  server.RaftServerConfigKeys (ConfUtils.java:logGet(46)) - raft.server.log.appender.install.snapshot.enabled = false (custom)
2023-12-01 12:07:31,854 [a52b3d00-e6b2-4875-97ef-1383dbbdd16b-groupManagement] INFO  server.RaftServerConfigKeys (ConfUtils.java:logGet(46)) - raft.server.threadpool.server.cached = true (default)
2023-12-01 12:07:31,854 [a52b3d00-e6b2-4875-97ef-1383dbbdd16b-groupManagement] INFO  server.RaftServerConfigKeys (ConfUtils.java:logGet(46)) - raft.server.threadpool.server.size = 0 (default)
2023-12-01 12:07:31,854 [a52b3d00-e6b2-4875-97ef-1383dbbdd16b-groupManagement] INFO  server.RaftServerConfigKeys (ConfUtils.java:logGet(46)) - raft.server.threadpool.client.cached = true (default)
2023-12-01 12:07:31,854 [a52b3d00-e6b2-4875-97ef-1383dbbdd16b-groupManagement] INFO  server.RaftServerConfigKeys (ConfUtils.java:logGet(46)) - raft.server.threadpool.client.size = 0 (default)
2023-12-01 12:07:31,855 [main] INFO  replication.ReplicationSupervisor (ReplicationSupervisor.java:build(163)) - Initializing replication supervisor with thread count = 10
2023-12-01 12:07:31,855 [main] INFO  replication.ReplicationSupervisor (ReplicationSupervisor.java:nodeStateUpdated(317)) - Node state updated to IN_SERVICE, scaling executor pool size to 10
2023-12-01 12:07:31,855 [a52b3d00-e6b2-4875-97ef-1383dbbdd16b-groupManagement] INFO  server.RaftServer$Division (RaftServerImpl.java:<init>(256)) - a52b3d00-e6b2-4875-97ef-1383dbbdd16b: new RaftServerImpl for group-C65EFE1A7AAC:[] with ContainerStateMachine:uninitialized
2023-12-01 12:07:31,855 [a52b3d00-e6b2-4875-97ef-1383dbbdd16b-groupManagement] INFO  server.RaftServerConfigKeys (ConfUtils.java:logGet(46)) - raft.server.rpc.timeout.min = 5s (custom)
2023-12-01 12:07:31,855 [a52b3d00-e6b2-4875-97ef-1383dbbdd16b-groupManagement] INFO  server.RaftServerConfigKeys (ConfUtils.java:logGet(46)) - raft.server.rpc.timeout.max = 5200ms (custom)
2023-12-01 12:07:31,855 [a52b3d00-e6b2-4875-97ef-1383dbbdd16b-groupManagement] INFO  server.RaftServerConfigKeys (ConfUtils.java:logGet(46)) - raft.server.rpc.sleep.time = 25ms (default)
2023-12-01 12:07:31,855 [a52b3d00-e6b2-4875-97ef-1383dbbdd16b-groupManagement] INFO  server.RaftServerConfigKeys (ConfUtils.java:logGet(46)) - raft.server.rpc.slowness.timeout = 300s (custom)
2023-12-01 12:07:31,855 [a52b3d00-e6b2-4875-97ef-1383dbbdd16b-groupManagement] INFO  server.RaftServerConfigKeys (ConfUtils.java:logGet(46)) - raft.server.leaderelection.leader.step-down.wait-time = 10s (default)
2023-12-01 12:07:31,855 [a52b3d00-e6b2-4875-97ef-1383dbbdd16b-groupManagement] INFO  server.RaftServerConfigKeys (ConfUtils.java:logGet(46)) - raft.server.leaderelection.member.majority-add = false (default)
2023-12-01 12:07:31,855 [a52b3d00-e6b2-4875-97ef-1383dbbdd16b-groupManagement] INFO  server.RaftServerConfigKeys (ConfUtils.java:logGet(46)) - raft.server.sleep.deviation.threshold = 300ms (default)
2023-12-01 12:07:31,856 [a52b3d00-e6b2-4875-97ef-1383dbbdd16b-groupManagement] INFO  server.RaftServer$Division (ServerState.java:<init>(113)) - a52b3d00-e6b2-4875-97ef-1383dbbdd16b@group-C65EFE1A7AAC: ConfigurationManager, init=-1: peers:[]|listeners:[], old=null, confs=<EMPTY_MAP>
2023-12-01 12:07:31,856 [a52b3d00-e6b2-4875-97ef-1383dbbdd16b-groupManagement] INFO  server.RaftServerConfigKeys (ConfUtils.java:logGet(46)) - raft.server.notification.no-leader.timeout = 300s (custom)
2023-12-01 12:07:31,856 [a52b3d00-e6b2-4875-97ef-1383dbbdd16b-groupManagement] INFO  server.RaftServerConfigKeys (ConfUtils.java:logGet(46)) - raft.server.read.timeout = 10s (default)
2023-12-01 12:07:31,856 [a52b3d00-e6b2-4875-97ef-1383dbbdd16b-groupManagement] INFO  server.RaftServerConfigKeys (ConfUtils.java:logGet(46)) - raft.server.retrycache.expirytime = 600000ms (custom)
2023-12-01 12:07:31,856 [a52b3d00-e6b2-4875-97ef-1383dbbdd16b-groupManagement] INFO  server.RaftServerConfigKeys (ConfUtils.java:logGet(46)) - raft.server.retrycache.statistics.expirytime = 100ms (default)
2023-12-01 12:07:31,856 [a52b3d00-e6b2-4875-97ef-1383dbbdd16b-groupManagement] INFO  server.RaftServerConfigKeys (ConfUtils.java:logGet(46)) - raft.server.read.option = DEFAULT (default)
2023-12-01 12:07:31,856 [a52b3d00-e6b2-4875-97ef-1383dbbdd16b-groupManagement] INFO  server.RaftServerConfigKeys (ConfUtils.java:logGet(46)) - raft.server.read.read-after-write-consistent.write-index-cache.expiry-time = 60s (default)
2023-12-01 12:07:31,856 [a52b3d00-e6b2-4875-97ef-1383dbbdd16b-groupManagement] INFO  server.RaftServerConfigKeys (ConfUtils.java:logGet(46)) - raft.server.rpc.request.timeout = 60s (custom)
2023-12-01 12:07:31,856 [a52b3d00-e6b2-4875-97ef-1383dbbdd16b-groupManagement] INFO  server.RaftServerConfigKeys (ConfUtils.java:logGet(46)) - raft.server.log.appender.install.snapshot.enabled = false (custom)
2023-12-01 12:07:31,856 [a52b3d00-e6b2-4875-97ef-1383dbbdd16b-groupManagement] INFO  server.RaftServerConfigKeys (ConfUtils.java:logGet(46)) - raft.server.threadpool.server.cached = true (default)
2023-12-01 12:07:31,856 [a52b3d00-e6b2-4875-97ef-1383dbbdd16b-groupManagement] INFO  server.RaftServerConfigKeys (ConfUtils.java:logGet(46)) - raft.server.threadpool.server.size = 0 (default)
2023-12-01 12:07:31,856 [a52b3d00-e6b2-4875-97ef-1383dbbdd16b-groupManagement] INFO  server.RaftServerConfigKeys (ConfUtils.java:logGet(46)) - raft.server.threadpool.client.cached = true (default)
2023-12-01 12:07:31,857 [a52b3d00-e6b2-4875-97ef-1383dbbdd16b-groupManagement] INFO  server.RaftServerConfigKeys (ConfUtils.java:logGet(46)) - raft.server.threadpool.client.size = 0 (default)
2023-12-01 12:07:31,857 [a52b3d00-e6b2-4875-97ef-1383dbbdd16b-groupManagement] INFO  server.RaftServer$Division (RaftServerImpl.java:<init>(256)) - a52b3d00-e6b2-4875-97ef-1383dbbdd16b: new RaftServerImpl for group-1BBC237B5611:[] with ContainerStateMachine:uninitialized
2023-12-01 12:07:31,857 [a52b3d00-e6b2-4875-97ef-1383dbbdd16b-groupManagement] INFO  server.RaftServerConfigKeys (ConfUtils.java:logGet(46)) - raft.server.rpc.timeout.min = 5s (custom)
2023-12-01 12:07:31,857 [a52b3d00-e6b2-4875-97ef-1383dbbdd16b-groupManagement] INFO  server.RaftServerConfigKeys (ConfUtils.java:logGet(46)) - raft.server.rpc.timeout.max = 5200ms (custom)
2023-12-01 12:07:31,857 [main] INFO  http.BaseHttpServer (BaseHttpServer.java:newHttpServer2BuilderForOzone(223)) - Starting Web-server for hddsDatanode at: http://0.0.0.0:15071
2023-12-01 12:07:31,857 [a52b3d00-e6b2-4875-97ef-1383dbbdd16b-groupManagement] INFO  server.RaftServerConfigKeys (ConfUtils.java:logGet(46)) - raft.server.rpc.sleep.time = 25ms (default)
2023-12-01 12:07:31,857 [main] INFO  http.BaseHttpServer (BaseHttpServer.java:<init>(110)) - Hadoop Security Enabled: false Ozone Security Enabled: false Ozone HTTP Security Enabled: false 
2023-12-01 12:07:31,857 [a52b3d00-e6b2-4875-97ef-1383dbbdd16b-groupManagement] INFO  server.RaftServerConfigKeys (ConfUtils.java:logGet(46)) - raft.server.rpc.slowness.timeout = 300s (custom)
2023-12-01 12:07:31,858 [a52b3d00-e6b2-4875-97ef-1383dbbdd16b-groupManagement] INFO  server.RaftServerConfigKeys (ConfUtils.java:logGet(46)) - raft.server.leaderelection.leader.step-down.wait-time = 10s (default)
2023-12-01 12:07:31,858 [a52b3d00-e6b2-4875-97ef-1383dbbdd16b-groupManagement] INFO  server.RaftServerConfigKeys (ConfUtils.java:logGet(46)) - raft.server.leaderelection.member.majority-add = false (default)
2023-12-01 12:07:31,858 [a52b3d00-e6b2-4875-97ef-1383dbbdd16b-groupManagement] INFO  server.RaftServerConfigKeys (ConfUtils.java:logGet(46)) - raft.server.sleep.deviation.threshold = 300ms (default)
2023-12-01 12:07:31,858 [a52b3d00-e6b2-4875-97ef-1383dbbdd16b-groupManagement] INFO  server.RaftServer$Division (ServerState.java:<init>(113)) - a52b3d00-e6b2-4875-97ef-1383dbbdd16b@group-1BBC237B5611: ConfigurationManager, init=-1: peers:[]|listeners:[], old=null, confs=<EMPTY_MAP>
2023-12-01 12:07:31,858 [a52b3d00-e6b2-4875-97ef-1383dbbdd16b-groupManagement] INFO  server.RaftServerConfigKeys (ConfUtils.java:logGet(46)) - raft.server.notification.no-leader.timeout = 300s (custom)
2023-12-01 12:07:31,858 [a52b3d00-e6b2-4875-97ef-1383dbbdd16b-groupManagement] INFO  server.RaftServerConfigKeys (ConfUtils.java:logGet(46)) - raft.server.read.timeout = 10s (default)
2023-12-01 12:07:31,858 [a52b3d00-e6b2-4875-97ef-1383dbbdd16b-groupManagement] INFO  server.RaftServerConfigKeys (ConfUtils.java:logGet(46)) - raft.server.retrycache.expirytime = 600000ms (custom)
2023-12-01 12:07:31,858 [a52b3d00-e6b2-4875-97ef-1383dbbdd16b-groupManagement] INFO  server.RaftServerConfigKeys (ConfUtils.java:logGet(46)) - raft.server.retrycache.statistics.expirytime = 100ms (default)
2023-12-01 12:07:31,858 [a52b3d00-e6b2-4875-97ef-1383dbbdd16b-groupManagement] INFO  server.RaftServerConfigKeys (ConfUtils.java:logGet(46)) - raft.server.read.option = DEFAULT (default)
2023-12-01 12:07:31,858 [a52b3d00-e6b2-4875-97ef-1383dbbdd16b-groupManagement] INFO  server.RaftServerConfigKeys (ConfUtils.java:logGet(46)) - raft.server.read.read-after-write-consistent.write-index-cache.expiry-time = 60s (default)
2023-12-01 12:07:31,859 [main] WARN  server.AuthenticationFilter (AuthenticationFilter.java:constructSecretProvider(240)) - Unable to initialize FileSignerSecretProvider, falling back to use random secrets. Reason: Could not read signature secret file: /home/runner/hadoop-http-auth-signature-secret
2023-12-01 12:07:31,859 [a52b3d00-e6b2-4875-97ef-1383dbbdd16b-groupManagement] INFO  server.RaftServerConfigKeys (ConfUtils.java:logGet(46)) - raft.server.rpc.request.timeout = 60s (custom)
2023-12-01 12:07:31,859 [a52b3d00-e6b2-4875-97ef-1383dbbdd16b-groupManagement] INFO  server.RaftServerConfigKeys (ConfUtils.java:logGet(46)) - raft.server.log.appender.install.snapshot.enabled = false (custom)
2023-12-01 12:07:31,859 [a52b3d00-e6b2-4875-97ef-1383dbbdd16b-groupManagement] INFO  server.RaftServerConfigKeys (ConfUtils.java:logGet(46)) - raft.server.threadpool.server.cached = true (default)
2023-12-01 12:07:31,859 [a52b3d00-e6b2-4875-97ef-1383dbbdd16b-groupManagement] INFO  server.RaftServerConfigKeys (ConfUtils.java:logGet(46)) - raft.server.threadpool.server.size = 0 (default)
2023-12-01 12:07:31,859 [a52b3d00-e6b2-4875-97ef-1383dbbdd16b-groupManagement] INFO  server.RaftServerConfigKeys (ConfUtils.java:logGet(46)) - raft.server.threadpool.client.cached = true (default)
2023-12-01 12:07:31,860 [a52b3d00-e6b2-4875-97ef-1383dbbdd16b-groupManagement] INFO  server.RaftServerConfigKeys (ConfUtils.java:logGet(46)) - raft.server.threadpool.client.size = 0 (default)
2023-12-01 12:07:31,860 [main] INFO  http.HttpRequestLog (HttpRequestLog.java:getRequestLog(86)) - Http request log for http.requests.hddsDatanode is not defined
2023-12-01 12:07:31,861 [main] INFO  http.HttpServer2 (HttpServer2.java:addGlobalFilter(1031)) - Added global filter 'safety' (class=org.apache.hadoop.hdds.server.http.HttpServer2$QuotingInputFilter)
2023-12-01 12:07:31,862 [main] INFO  http.HttpServer2 (HttpServer2.java:addFilter(1007)) - Added filter static_user_filter (class=org.apache.hadoop.http.lib.StaticUserWebFilter$StaticUserFilter) to context hddsDatanode
2023-12-01 12:07:31,862 [main] INFO  http.HttpServer2 (HttpServer2.java:addFilter(1015)) - Added filter static_user_filter (class=org.apache.hadoop.http.lib.StaticUserWebFilter$StaticUserFilter) to context logs
2023-12-01 12:07:31,862 [main] INFO  http.HttpServer2 (HttpServer2.java:addFilter(1015)) - Added filter static_user_filter (class=org.apache.hadoop.http.lib.StaticUserWebFilter$StaticUserFilter) to context static
2023-12-01 12:07:31,862 [main] INFO  http.BaseHttpServer (BaseHttpServer.java:<init>(189)) - HTTP server of hddsDatanode uses base directory /home/runner/work/ozone/ozone/hadoop-ozone/integration-test/target/test-dir/MiniOzoneClusterImpl-6e44b040-7731-4908-af37-66cbba4f501b/datanode-0/meta/webserver
2023-12-01 12:07:31,862 [main] INFO  http.HttpServer2 (HttpServer2.java:bindListener(1231)) - Jetty bound to port 15071
2023-12-01 12:07:31,862 [main] INFO  server.Server (Server.java:doStart(375)) - jetty-9.4.53.v20231009; built: 2023-10-09T12:29:09.265Z; git: 27bde00a0b95a1d5bbee0eae7984f891d2d0f8c9; jvm 1.8.0_392-b08
2023-12-01 12:07:31,863 [main] INFO  server.session (DefaultSessionIdManager.java:doStart(334)) - DefaultSessionIdManager workerName=node0
2023-12-01 12:07:31,864 [main] INFO  server.session (DefaultSessionIdManager.java:doStart(339)) - No SessionScavenger set, using defaults
2023-12-01 12:07:31,864 [main] INFO  server.session (HouseKeeper.java:startScavenging(132)) - node0 Scavenging every 660000ms
2023-12-01 12:07:31,864 [main] INFO  handler.ContextHandler (ContextHandler.java:doStart(921)) - Started o.e.j.s.ServletContextHandler@7760e931{logs,/logs,file:///home/runner/work/ozone/ozone/hadoop-ozone/integration-test/target/log,AVAILABLE}
2023-12-01 12:07:31,865 [main] INFO  handler.ContextHandler (ContextHandler.java:doStart(921)) - Started o.e.j.s.ServletContextHandler@1d7694b9{static,/static,jar:file:/home/runner/.m2/repository/org/apache/ozone/hdds-container-service/1.4.0-SNAPSHOT/hdds-container-service-1.4.0-SNAPSHOT.jar!/webapps/static,AVAILABLE}
2023-12-01 12:07:31,897 [main] INFO  handler.ContextHandler (ContextHandler.java:doStart(921)) - Started o.e.j.w.WebAppContext@48e7a9df{hddsDatanode,/,file:///home/runner/work/ozone/ozone/hadoop-ozone/integration-test/target/test-dir/MiniOzoneClusterImpl-6e44b040-7731-4908-af37-66cbba4f501b/datanode-0/meta/webserver/jetty-0_0_0_0-15071-hdds-container-service-1_4_0-SNAPSHOT_jar-_-any-5238803877657971957/webapp/,AVAILABLE}{jar:file:/home/runner/.m2/repository/org/apache/ozone/hdds-container-service/1.4.0-SNAPSHOT/hdds-container-service-1.4.0-SNAPSHOT.jar!/webapps/hddsDatanode}
2023-12-01 12:07:31,898 [main] INFO  server.AbstractConnector (AbstractConnector.java:doStart(333)) - Started ServerConnector@5650911e{HTTP/1.1, (http/1.1)}{0.0.0.0:15071}
2023-12-01 12:07:31,898 [main] INFO  server.Server (Server.java:doStart(415)) - Started @212338ms
2023-12-01 12:07:31,898 [main] WARN  impl.MetricsSystemImpl (MetricsSystemImpl.java:register(279)) - Sink prometheus already exists!
2023-12-01 12:07:31,899 [main] INFO  http.BaseHttpServer (BaseHttpServer.java:updateConnectorAddress(354)) - HTTP server of hddsDatanode listening at http://0.0.0.0:15071
2023-12-01 12:07:31,899 [main] INFO  ipc.CallQueueManager (CallQueueManager.java:<init>(90)) - Using callQueue: class java.util.concurrent.LinkedBlockingQueue, queueCapacity: 100, scheduler: class org.apache.hadoop.ipc.DefaultRpcScheduler, ipcBackoff: false.
2023-12-01 12:07:31,900 [main] INFO  ipc.Server (Server.java:<init>(1287)) - Listener at 0.0.0.0:15072
2023-12-01 12:07:31,900 [Socket Reader #1 for port 15072] INFO  ipc.Server (Server.java:run(1323)) - Starting Socket Reader #1 for port 15072
2023-12-01 12:07:31,902 [main] INFO  ozone.HddsDatanodeService (HddsDatanodeService.java:start(324)) - Datanode start with admins: [runner]
2023-12-01 12:07:31,902 [main] INFO  ozone.HddsDatanodeClientProtocolServer (HddsDatanodeClientProtocolServer.java:start(72)) - RPC server for Client /0.0.0.0:15072
2023-12-01 12:07:31,902 [IPC Server Responder] INFO  ipc.Server (Server.java:run(1562)) - IPC Server Responder: starting
2023-12-01 12:07:31,903 [IPC Server listener on 15072] INFO  ipc.Server (Server.java:run(1402)) - IPC Server listener on 15072: starting
2023-12-01 12:07:31,908 [a52b3d00-e6b2-4875-97ef-1383dbbdd16b-DatanodeStateMachineDaemonThread] INFO  statemachine.DatanodeStateMachine (DatanodeStateMachine.java:lambda$startDaemon$1(555)) - Ozone container server started.
2023-12-01 12:07:31,909 [main] WARN  dropwizard3.Dm3MetricRegistriesImpl (Dm3MetricRegistriesImpl.java:addReporterRegistration(113)) - New reporters are added after registries were created. Some metrics will be missing from the reporter. Please add reporter before adding any new registry.
2023-12-01 12:07:31,909 [main] WARN  dropwizard3.Dm3MetricRegistriesImpl (Dm3MetricRegistriesImpl.java:addReporterRegistration(113)) - New reporters are added after registries were created. Some metrics will be missing from the reporter. Please add reporter before adding any new registry.
2023-12-01 12:07:31,910 [main] INFO  impl.MetricsSystemImpl (MetricsSystemImpl.java:init(158)) - HddsDatanode metrics system started (again)
2023-12-01 12:07:31,917 [a52b3d00-e6b2-4875-97ef-1383dbbdd16b-DatanodeStateMachineTaskThread-0] INFO  datanode.InitDatanodeState (InitDatanodeState.java:persistContainerDatanodeDetails(139)) - DatanodeDetails is persisted to /home/runner/work/ozone/ozone/hadoop-ozone/integration-test/target/test-dir/MiniOzoneClusterImpl-6e44b040-7731-4908-af37-66cbba4f501b/datanode-0/meta/datanode.id
2023-12-01 12:07:31,927 [main] INFO  ozone.HddsDatanodeService (HddsDatanodeService.java:start(239)) - HddsDatanodeService host:fv-az1423-675.ei5rwdf52qxuxllzxeqjam05jd.ex.internal.cloudapp.net ip:10.1.0.24
2023-12-01 12:07:31,949 [main] INFO  upgrade.AbstractLayoutVersionManager (AbstractLayoutVersionManager.java:init(83)) - Initializing Layout version manager with metadata layout = HADOOP_PRC_PORTS_IN_DATANODEDETAILS (version = 7), software layout = HADOOP_PRC_PORTS_IN_DATANODEDETAILS (version = 7)
2023-12-01 12:07:31,949 [main] INFO  statemachine.DatanodeStateMachine (DatanodeStateMachine.java:getEndPointTaskThreadPoolSize(299)) - Datanode State Machine Task Thread Pool size 2
2023-12-01 12:07:31,951 [main] INFO  volume.HddsVolume (HddsVolume.java:<init>(126)) - Creating HddsVolume: /home/runner/work/ozone/ozone/hadoop-ozone/integration-test/target/test-dir/MiniOzoneClusterImpl-6e44b040-7731-4908-af37-66cbba4f501b/datanode-1/data-0/containers/hdds of storage type : DISK capacity : 9223372036854775807
2023-12-01 12:07:31,951 [main] INFO  volume.MutableVolumeSet (MutableVolumeSet.java:initializeVolumeSet(173)) - Added Volume : /home/runner/work/ozone/ozone/hadoop-ozone/integration-test/target/test-dir/MiniOzoneClusterImpl-6e44b040-7731-4908-af37-66cbba4f501b/datanode-1/data-0/containers/hdds to VolumeSet
2023-12-01 12:07:31,952 [main] INFO  volume.MutableVolumeSet (MutableVolumeSet.java:initializeVolumeSet(173)) - Added Volume : /home/runner/work/ozone/ozone/hadoop-ozone/integration-test/target/test-dir/MiniOzoneClusterImpl-6e44b040-7731-4908-af37-66cbba4f501b/datanode-1/data/ratis to VolumeSet
2023-12-01 12:07:31,967 [ForkJoinPool.commonPool-worker-5] INFO  utils.DatanodeStoreCache (DatanodeStoreCache.java:addDB(66)) - Added db /home/runner/work/ozone/ozone/hadoop-ozone/integration-test/target/test-dir/MiniOzoneClusterImpl-6e44b040-7731-4908-af37-66cbba4f501b/datanode-1/data-0/containers/hdds/6e44b040-7731-4908-af37-66cbba4f501b/DS-92467a08-f24c-4960-a7bd-2f4b47240d51/container.db to cache
2023-12-01 12:07:31,967 [ForkJoinPool.commonPool-worker-5] INFO  volume.HddsVolume (HddsVolume.java:loadDbStore(375)) - SchemaV3 db is loaded at /home/runner/work/ozone/ozone/hadoop-ozone/integration-test/target/test-dir/MiniOzoneClusterImpl-6e44b040-7731-4908-af37-66cbba4f501b/datanode-1/data-0/containers/hdds/6e44b040-7731-4908-af37-66cbba4f501b/DS-92467a08-f24c-4960-a7bd-2f4b47240d51/container.db for volume DS-92467a08-f24c-4960-a7bd-2f4b47240d51
2023-12-01 12:07:31,967 [main] INFO  ozoneimpl.OzoneContainer (HddsVolumeUtil.java:loadAllHddsVolumeDbStore(103)) - Load 1 volumes DbStore cost: 15ms
2023-12-01 12:07:31,968 [d61ce6df-bfa3-4031-bef1-0b60ac375a39-ContainerReader-0] INFO  ozoneimpl.ContainerReader (ContainerReader.java:readVolume(147)) - Start to verify containers on volume /home/runner/work/ozone/ozone/hadoop-ozone/integration-test/target/test-dir/MiniOzoneClusterImpl-6e44b040-7731-4908-af37-66cbba4f501b/datanode-1/data-0/containers/hdds
2023-12-01 12:07:31,968 [d61ce6df-bfa3-4031-bef1-0b60ac375a39-ContainerReader-0] INFO  ozoneimpl.ContainerReader (ContainerReader.java:readVolume(177)) - Finish verifying containers on volume /home/runner/work/ozone/ozone/hadoop-ozone/integration-test/target/test-dir/MiniOzoneClusterImpl-6e44b040-7731-4908-af37-66cbba4f501b/datanode-1/data-0/containers/hdds
2023-12-01 12:07:31,968 [main] INFO  ozoneimpl.OzoneContainer (OzoneContainer.java:buildContainerSet(326)) - Build ContainerSet costs 0s
2023-12-01 12:07:31,970 [main] INFO  server.RaftServer (ConfUtils.java:logGet(46)) - raft.rpc.type = GRPC (default)
2023-12-01 12:07:31,970 [main] INFO  grpc.GrpcConfigKeys (ConfUtils.java:logFallback(53)) - raft.grpc.admin.host = null (fallback to raft.grpc.server.host)
2023-12-01 12:07:31,970 [main] INFO  grpc.GrpcConfigKeys (ConfUtils.java:logGet(46)) - raft.grpc.admin.port = 15084 (custom)
2023-12-01 12:07:31,971 [main] INFO  grpc.GrpcConfigKeys (ConfUtils.java:logFallback(53)) - raft.grpc.client.host = null (fallback to raft.grpc.server.host)
2023-12-01 12:07:31,971 [main] INFO  grpc.GrpcConfigKeys (ConfUtils.java:logGet(46)) - raft.grpc.client.port = 15083 (custom)
2023-12-01 12:07:31,971 [main] INFO  grpc.GrpcConfigKeys (ConfUtils.java:logGet(46)) - raft.grpc.server.host = null (default)
2023-12-01 12:07:31,971 [main] INFO  grpc.GrpcConfigKeys (ConfUtils.java:logGet(46)) - raft.grpc.server.port = 15085 (custom)
2023-12-01 12:07:31,971 [main] INFO  server.GrpcService (ConfUtils.java:logGet(46)) - raft.grpc.message.size.max = 32MB (=33554432) (custom)
2023-12-01 12:07:31,972 [main] INFO  server.RaftServerConfigKeys (ConfUtils.java:logGet(46)) - raft.server.log.appender.buffer.byte-limit = 33554432 (custom)
2023-12-01 12:07:31,972 [main] INFO  server.GrpcService (ConfUtils.java:logGet(46)) - raft.grpc.flow.control.window = 5MB (=5242880) (custom)
2023-12-01 12:07:31,972 [main] INFO  server.RaftServerConfigKeys (ConfUtils.java:logGet(46)) - raft.server.rpc.request.timeout = 60s (custom)
2023-12-01 12:07:31,972 [main] INFO  grpc.GrpcConfigKeys (ConfUtils.java:logGet(46)) - raft.grpc.server.heartbeat.channel = true (default)
2023-12-01 12:07:31,972 [main] INFO  grpc.GrpcConfigKeys (ConfUtils.java:logGet(46)) - raft.grpc.server.async.request.thread.pool.cached = true (default)
2023-12-01 12:07:31,972 [main] INFO  grpc.GrpcConfigKeys (ConfUtils.java:logGet(46)) - raft.grpc.server.async.request.thread.pool.size = 32 (default)
2023-12-01 12:07:31,975 [main] INFO  impl.DataStreamServerImpl (ConfUtils.java:logGet(46)) - raft.datastream.type = NETTY (custom)
2023-12-01 12:07:31,975 [main] INFO  server.RaftServerConfigKeys (ConfUtils.java:logGet(46)) - raft.server.data-stream.async.request.thread.pool.cached = false (default)
2023-12-01 12:07:31,976 [main] INFO  server.RaftServerConfigKeys (ConfUtils.java:logGet(46)) - raft.server.data-stream.async.request.thread.pool.size = 20 (custom)
2023-12-01 12:07:31,976 [main] INFO  server.RaftServerConfigKeys (ConfUtils.java:logGet(46)) - raft.server.data-stream.async.write.thread.pool.size = 16 (default)
2023-12-01 12:07:31,976 [main] INFO  netty.NettyConfigKeys$DataStream (ConfUtils.java:logGet(46)) - raft.netty.dataStream.server.channel.inactive.grace-period = 10min (default)
2023-12-01 12:07:31,976 [main] INFO  server.RaftServerConfigKeys (ConfUtils.java:logGet(46)) - raft.server.data-stream.client.pool.size = 10 (default)
2023-12-01 12:07:31,976 [main] INFO  netty.NettyConfigKeys$DataStream (ConfUtils.java:logGet(46)) - raft.netty.dataStream.server.use-epoll = true (default)
2023-12-01 12:07:31,976 [main] INFO  netty.NettyConfigKeys$DataStream (ConfUtils.java:logGet(46)) - raft.netty.dataStream.server.boss-group.size = 0 (default)
2023-12-01 12:07:31,977 [main] INFO  netty.NettyUtils (NettyUtils.java:newEventLoopGroup(69)) - Create EpollEventLoopGroup for d61ce6df-bfa3-4031-bef1-0b60ac375a39-NettyServerStreamRpc-bossGroup; Thread size is 0.
2023-12-01 12:07:31,977 [main] INFO  netty.NettyConfigKeys$DataStream (ConfUtils.java:logGet(46)) - raft.netty.dataStream.server.worker-group.size = 0 (default)
2023-12-01 12:07:31,977 [main] INFO  netty.NettyUtils (NettyUtils.java:newEventLoopGroup(69)) - Create EpollEventLoopGroup for d61ce6df-bfa3-4031-bef1-0b60ac375a39-NettyServerStreamRpc-workerGroup; Thread size is 0.
2023-12-01 12:07:31,978 [main] INFO  netty.NettyConfigKeys$DataStream (ConfUtils.java:logGet(46)) - raft.netty.dataStream.server.tls.conf = null (default)
2023-12-01 12:07:31,978 [main] INFO  netty.NettyConfigKeys$DataStream (ConfUtils.java:logGet(46)) - raft.netty.dataStream.host = null (default)
2023-12-01 12:07:31,979 [main] INFO  netty.NettyConfigKeys$DataStream (ConfUtils.java:logGet(46)) - raft.netty.dataStream.port = 15086 (custom)
2023-12-01 12:07:31,979 [main] INFO  server.RaftServerConfigKeys (ConfUtils.java:logGet(46)) - raft.server.sleep.deviation.threshold = 300ms (default)
2023-12-01 12:07:31,979 [main] INFO  server.RaftServerConfigKeys (ConfUtils.java:logGet(46)) - raft.server.close.threshold = 60s (default)
2023-12-01 12:07:31,979 [main] INFO  server.RaftServerConfigKeys (ConfUtils.java:logGet(46)) - raft.server.leaderelection.leader.step-down.wait-time = 10s (default)
2023-12-01 12:07:31,980 [main] INFO  server.RaftServerConfigKeys (ConfUtils.java:logGet(46)) - raft.server.storage.dir = [/home/runner/work/ozone/ozone/hadoop-ozone/integration-test/target/test-dir/MiniOzoneClusterImpl-6e44b040-7731-4908-af37-66cbba4f501b/datanode-1/data/ratis] (custom)
2023-12-01 12:07:31,980 [main] INFO  server.RaftServerConfigKeys (ConfUtils.java:logGet(46)) - raft.server.threadpool.proxy.cached = true (default)
2023-12-01 12:07:31,980 [main] INFO  server.RaftServerConfigKeys (ConfUtils.java:logGet(46)) - raft.server.threadpool.proxy.size = 0 (default)
2023-12-01 12:07:31,979 [d61ce6df-bfa3-4031-bef1-0b60ac375a39-NettyServerStreamRpc-bossGroup--thread1] INFO  logging.LoggingHandler (AbstractInternalLogger.java:log(148)) - [id: 0x04fc4449] REGISTERED
2023-12-01 12:07:31,980 [d61ce6df-bfa3-4031-bef1-0b60ac375a39-NettyServerStreamRpc-bossGroup--thread1] INFO  logging.LoggingHandler (AbstractInternalLogger.java:log(148)) - [id: 0x04fc4449] BIND: 0.0.0.0/0.0.0.0:15086
2023-12-01 12:07:31,981 [d61ce6df-bfa3-4031-bef1-0b60ac375a39-NettyServerStreamRpc-bossGroup--thread1] INFO  logging.LoggingHandler (AbstractInternalLogger.java:log(148)) - [id: 0x04fc4449, L:/0.0.0.0:15086] ACTIVE
2023-12-01 12:07:31,981 [d61ce6df-bfa3-4031-bef1-0b60ac375a39-impl-thread1] INFO  server.RaftServer (RaftServerProxy.java:initGroupDir(264)) - d61ce6df-bfa3-4031-bef1-0b60ac375a39: found a subdirectory /home/runner/work/ozone/ozone/hadoop-ozone/integration-test/target/test-dir/MiniOzoneClusterImpl-6e44b040-7731-4908-af37-66cbba4f501b/datanode-1/data/ratis/26dd2faf-e2aa-453c-847f-c65efe1a7aac
2023-12-01 12:07:31,981 [d61ce6df-bfa3-4031-bef1-0b60ac375a39-impl-thread1] INFO  server.RaftServer (RaftServerProxy.java:addNew(100)) - d61ce6df-bfa3-4031-bef1-0b60ac375a39: addNew group-C65EFE1A7AAC:[] returns group-C65EFE1A7AAC:java.util.concurrent.CompletableFuture@67fcdce[Not completed]
2023-12-01 12:07:31,981 [d61ce6df-bfa3-4031-bef1-0b60ac375a39-impl-thread1] INFO  server.RaftServer (RaftServerProxy.java:initGroupDir(264)) - d61ce6df-bfa3-4031-bef1-0b60ac375a39: found a subdirectory /home/runner/work/ozone/ozone/hadoop-ozone/integration-test/target/test-dir/MiniOzoneClusterImpl-6e44b040-7731-4908-af37-66cbba4f501b/datanode-1/data/ratis/tmp
2023-12-01 12:07:31,982 [d61ce6df-bfa3-4031-bef1-0b60ac375a39-impl-thread1] INFO  server.RaftServer (RaftServerProxy.java:initGroupDir(269)) - d61ce6df-bfa3-4031-bef1-0b60ac375a39: The directory /home/runner/work/ozone/ozone/hadoop-ozone/integration-test/target/test-dir/MiniOzoneClusterImpl-6e44b040-7731-4908-af37-66cbba4f501b/datanode-1/data/ratis/tmp is not a group directory; ignoring it. 
2023-12-01 12:07:31,982 [d61ce6df-bfa3-4031-bef1-0b60ac375a39-impl-thread1] INFO  server.RaftServer (RaftServerProxy.java:initGroupDir(264)) - d61ce6df-bfa3-4031-bef1-0b60ac375a39: found a subdirectory /home/runner/work/ozone/ozone/hadoop-ozone/integration-test/target/test-dir/MiniOzoneClusterImpl-6e44b040-7731-4908-af37-66cbba4f501b/datanode-1/data/ratis/1604b372-a121-49be-a60c-1bbc237b5611
2023-12-01 12:07:31,982 [d61ce6df-bfa3-4031-bef1-0b60ac375a39-impl-thread1] INFO  server.RaftServer (RaftServerProxy.java:addNew(100)) - d61ce6df-bfa3-4031-bef1-0b60ac375a39: addNew group-1BBC237B5611:[] returns group-1BBC237B5611:java.util.concurrent.CompletableFuture@24049d9[Not completed]
2023-12-01 12:07:31,982 [d61ce6df-bfa3-4031-bef1-0b60ac375a39-impl-thread1] INFO  server.RaftServer (RaftServerProxy.java:initGroupDir(264)) - d61ce6df-bfa3-4031-bef1-0b60ac375a39: found a subdirectory /home/runner/work/ozone/ozone/hadoop-ozone/integration-test/target/test-dir/MiniOzoneClusterImpl-6e44b040-7731-4908-af37-66cbba4f501b/datanode-1/data/ratis/5f9816ea-1cc8-476a-a17a-fb863f7b2671
2023-12-01 12:07:31,982 [d61ce6df-bfa3-4031-bef1-0b60ac375a39-impl-thread1] INFO  server.RaftServer (RaftServerProxy.java:addNew(100)) - d61ce6df-bfa3-4031-bef1-0b60ac375a39: addNew group-FB863F7B2671:[] returns group-FB863F7B2671:java.util.concurrent.CompletableFuture@4742c7f5[Not completed]
2023-12-01 12:07:31,982 [main] INFO  replication.ReplicationServer (ReplicationServer.java:<init>(85)) - Initializing replication server with thread count = 10 queue length = 4096
2023-12-01 12:07:31,982 [d61ce6df-bfa3-4031-bef1-0b60ac375a39-groupManagement] INFO  server.RaftServer$Division (RaftServerImpl.java:<init>(256)) - d61ce6df-bfa3-4031-bef1-0b60ac375a39: new RaftServerImpl for group-C65EFE1A7AAC:[] with ContainerStateMachine:uninitialized
2023-12-01 12:07:31,982 [d61ce6df-bfa3-4031-bef1-0b60ac375a39-groupManagement] INFO  server.RaftServerConfigKeys (ConfUtils.java:logGet(46)) - raft.server.rpc.timeout.min = 5s (custom)
2023-12-01 12:07:31,982 [d61ce6df-bfa3-4031-bef1-0b60ac375a39-groupManagement] INFO  server.RaftServerConfigKeys (ConfUtils.java:logGet(46)) - raft.server.rpc.timeout.max = 5200ms (custom)
2023-12-01 12:07:31,983 [d61ce6df-bfa3-4031-bef1-0b60ac375a39-groupManagement] INFO  server.RaftServerConfigKeys (ConfUtils.java:logGet(46)) - raft.server.rpc.sleep.time = 25ms (default)
2023-12-01 12:07:31,983 [d61ce6df-bfa3-4031-bef1-0b60ac375a39-groupManagement] INFO  server.RaftServerConfigKeys (ConfUtils.java:logGet(46)) - raft.server.rpc.slowness.timeout = 300s (custom)
2023-12-01 12:07:31,983 [d61ce6df-bfa3-4031-bef1-0b60ac375a39-groupManagement] INFO  server.RaftServerConfigKeys (ConfUtils.java:logGet(46)) - raft.server.leaderelection.leader.step-down.wait-time = 10s (default)
2023-12-01 12:07:31,983 [d61ce6df-bfa3-4031-bef1-0b60ac375a39-groupManagement] INFO  server.RaftServerConfigKeys (ConfUtils.java:logGet(46)) - raft.server.leaderelection.member.majority-add = false (default)
2023-12-01 12:07:31,983 [d61ce6df-bfa3-4031-bef1-0b60ac375a39-groupManagement] INFO  server.RaftServerConfigKeys (ConfUtils.java:logGet(46)) - raft.server.sleep.deviation.threshold = 300ms (default)
2023-12-01 12:07:31,983 [d61ce6df-bfa3-4031-bef1-0b60ac375a39-groupManagement] INFO  server.RaftServer$Division (ServerState.java:<init>(113)) - d61ce6df-bfa3-4031-bef1-0b60ac375a39@group-C65EFE1A7AAC: ConfigurationManager, init=-1: peers:[]|listeners:[], old=null, confs=<EMPTY_MAP>
2023-12-01 12:07:31,983 [d61ce6df-bfa3-4031-bef1-0b60ac375a39-groupManagement] INFO  server.RaftServerConfigKeys (ConfUtils.java:logGet(46)) - raft.server.notification.no-leader.timeout = 300s (custom)
2023-12-01 12:07:31,983 [d61ce6df-bfa3-4031-bef1-0b60ac375a39-groupManagement] INFO  server.RaftServerConfigKeys (ConfUtils.java:logGet(46)) - raft.server.read.timeout = 10s (default)
2023-12-01 12:07:31,983 [d61ce6df-bfa3-4031-bef1-0b60ac375a39-groupManagement] INFO  server.RaftServerConfigKeys (ConfUtils.java:logGet(46)) - raft.server.retrycache.expirytime = 600000ms (custom)
2023-12-01 12:07:31,983 [d61ce6df-bfa3-4031-bef1-0b60ac375a39-groupManagement] INFO  server.RaftServerConfigKeys (ConfUtils.java:logGet(46)) - raft.server.retrycache.statistics.expirytime = 100ms (default)
2023-12-01 12:07:31,983 [d61ce6df-bfa3-4031-bef1-0b60ac375a39-groupManagement] INFO  server.RaftServerConfigKeys (ConfUtils.java:logGet(46)) - raft.server.read.option = DEFAULT (default)
2023-12-01 12:07:31,983 [d61ce6df-bfa3-4031-bef1-0b60ac375a39-groupManagement] INFO  server.RaftServerConfigKeys (ConfUtils.java:logGet(46)) - raft.server.read.read-after-write-consistent.write-index-cache.expiry-time = 60s (default)
2023-12-01 12:07:31,983 [main] INFO  server.XceiverServerGrpc (XceiverServerGrpc.java:<init>(135)) - GrpcServer channel type EpollServerSocketChannel
2023-12-01 12:07:31,984 [d61ce6df-bfa3-4031-bef1-0b60ac375a39-groupManagement] INFO  server.RaftServerConfigKeys (ConfUtils.java:logGet(46)) - raft.server.rpc.request.timeout = 60s (custom)
2023-12-01 12:07:31,984 [d61ce6df-bfa3-4031-bef1-0b60ac375a39-groupManagement] INFO  server.RaftServerConfigKeys (ConfUtils.java:logGet(46)) - raft.server.log.appender.install.snapshot.enabled = false (custom)
2023-12-01 12:07:31,984 [d61ce6df-bfa3-4031-bef1-0b60ac375a39-groupManagement] INFO  server.RaftServerConfigKeys (ConfUtils.java:logGet(46)) - raft.server.threadpool.server.cached = true (default)
2023-12-01 12:07:31,984 [d61ce6df-bfa3-4031-bef1-0b60ac375a39-groupManagement] INFO  server.RaftServerConfigKeys (ConfUtils.java:logGet(46)) - raft.server.threadpool.server.size = 0 (default)
2023-12-01 12:07:31,984 [d61ce6df-bfa3-4031-bef1-0b60ac375a39-groupManagement] INFO  server.RaftServerConfigKeys (ConfUtils.java:logGet(46)) - raft.server.threadpool.client.cached = true (default)
2023-12-01 12:07:31,985 [d61ce6df-bfa3-4031-bef1-0b60ac375a39-groupManagement] INFO  server.RaftServerConfigKeys (ConfUtils.java:logGet(46)) - raft.server.threadpool.client.size = 0 (default)
2023-12-01 12:07:31,985 [main] INFO  replication.ReplicationSupervisor (ReplicationSupervisor.java:build(163)) - Initializing replication supervisor with thread count = 10
2023-12-01 12:07:31,985 [main] INFO  replication.ReplicationSupervisor (ReplicationSupervisor.java:nodeStateUpdated(317)) - Node state updated to IN_SERVICE, scaling executor pool size to 10
2023-12-01 12:07:31,985 [d61ce6df-bfa3-4031-bef1-0b60ac375a39-groupManagement] INFO  server.RaftServer$Division (RaftServerImpl.java:<init>(256)) - d61ce6df-bfa3-4031-bef1-0b60ac375a39: new RaftServerImpl for group-1BBC237B5611:[] with ContainerStateMachine:uninitialized
2023-12-01 12:07:31,985 [d61ce6df-bfa3-4031-bef1-0b60ac375a39-groupManagement] INFO  server.RaftServerConfigKeys (ConfUtils.java:logGet(46)) - raft.server.rpc.timeout.min = 5s (custom)
2023-12-01 12:07:31,985 [d61ce6df-bfa3-4031-bef1-0b60ac375a39-groupManagement] INFO  server.RaftServerConfigKeys (ConfUtils.java:logGet(46)) - raft.server.rpc.timeout.max = 5200ms (custom)
2023-12-01 12:07:31,986 [d61ce6df-bfa3-4031-bef1-0b60ac375a39-groupManagement] INFO  server.RaftServerConfigKeys (ConfUtils.java:logGet(46)) - raft.server.rpc.sleep.time = 25ms (default)
2023-12-01 12:07:31,986 [d61ce6df-bfa3-4031-bef1-0b60ac375a39-groupManagement] INFO  server.RaftServerConfigKeys (ConfUtils.java:logGet(46)) - raft.server.rpc.slowness.timeout = 300s (custom)
2023-12-01 12:07:31,986 [d61ce6df-bfa3-4031-bef1-0b60ac375a39-groupManagement] INFO  server.RaftServerConfigKeys (ConfUtils.java:logGet(46)) - raft.server.leaderelection.leader.step-down.wait-time = 10s (default)
2023-12-01 12:07:31,986 [d61ce6df-bfa3-4031-bef1-0b60ac375a39-groupManagement] INFO  server.RaftServerConfigKeys (ConfUtils.java:logGet(46)) - raft.server.leaderelection.member.majority-add = false (default)
2023-12-01 12:07:31,986 [d61ce6df-bfa3-4031-bef1-0b60ac375a39-groupManagement] INFO  server.RaftServerConfigKeys (ConfUtils.java:logGet(46)) - raft.server.sleep.deviation.threshold = 300ms (default)
2023-12-01 12:07:31,986 [d61ce6df-bfa3-4031-bef1-0b60ac375a39-groupManagement] INFO  server.RaftServer$Division (ServerState.java:<init>(113)) - d61ce6df-bfa3-4031-bef1-0b60ac375a39@group-1BBC237B5611: ConfigurationManager, init=-1: peers:[]|listeners:[], old=null, confs=<EMPTY_MAP>
2023-12-01 12:07:31,986 [d61ce6df-bfa3-4031-bef1-0b60ac375a39-groupManagement] INFO  server.RaftServerConfigKeys (ConfUtils.java:logGet(46)) - raft.server.notification.no-leader.timeout = 300s (custom)
2023-12-01 12:07:31,986 [d61ce6df-bfa3-4031-bef1-0b60ac375a39-groupManagement] INFO  server.RaftServerConfigKeys (ConfUtils.java:logGet(46)) - raft.server.read.timeout = 10s (default)
2023-12-01 12:07:31,986 [d61ce6df-bfa3-4031-bef1-0b60ac375a39-groupManagement] INFO  server.RaftServerConfigKeys (ConfUtils.java:logGet(46)) - raft.server.retrycache.expirytime = 600000ms (custom)
2023-12-01 12:07:31,986 [d61ce6df-bfa3-4031-bef1-0b60ac375a39-groupManagement] INFO  server.RaftServerConfigKeys (ConfUtils.java:logGet(46)) - raft.server.retrycache.statistics.expirytime = 100ms (default)
2023-12-01 12:07:31,987 [main] INFO  http.BaseHttpServer (BaseHttpServer.java:newHttpServer2BuilderForOzone(223)) - Starting Web-server for hddsDatanode at: http://0.0.0.0:15080
2023-12-01 12:07:31,988 [main] INFO  http.BaseHttpServer (BaseHttpServer.java:<init>(110)) - Hadoop Security Enabled: false Ozone Security Enabled: false Ozone HTTP Security Enabled: false 
2023-12-01 12:07:31,990 [main] WARN  server.AuthenticationFilter (AuthenticationFilter.java:constructSecretProvider(240)) - Unable to initialize FileSignerSecretProvider, falling back to use random secrets. Reason: Could not read signature secret file: /home/runner/hadoop-http-auth-signature-secret
2023-12-01 12:07:31,990 [d61ce6df-bfa3-4031-bef1-0b60ac375a39-groupManagement] INFO  server.RaftServerConfigKeys (ConfUtils.java:logGet(46)) - raft.server.read.option = DEFAULT (default)
2023-12-01 12:07:31,990 [d61ce6df-bfa3-4031-bef1-0b60ac375a39-groupManagement] INFO  server.RaftServerConfigKeys (ConfUtils.java:logGet(46)) - raft.server.read.read-after-write-consistent.write-index-cache.expiry-time = 60s (default)
2023-12-01 12:07:31,991 [main] INFO  http.HttpRequestLog (HttpRequestLog.java:getRequestLog(86)) - Http request log for http.requests.hddsDatanode is not defined
2023-12-01 12:07:31,993 [main] INFO  http.HttpServer2 (HttpServer2.java:addGlobalFilter(1031)) - Added global filter 'safety' (class=org.apache.hadoop.hdds.server.http.HttpServer2$QuotingInputFilter)
2023-12-01 12:07:31,993 [main] INFO  http.HttpServer2 (HttpServer2.java:addFilter(1007)) - Added filter static_user_filter (class=org.apache.hadoop.http.lib.StaticUserWebFilter$StaticUserFilter) to context hddsDatanode
2023-12-01 12:07:31,993 [main] INFO  http.HttpServer2 (HttpServer2.java:addFilter(1015)) - Added filter static_user_filter (class=org.apache.hadoop.http.lib.StaticUserWebFilter$StaticUserFilter) to context static
2023-12-01 12:07:31,993 [main] INFO  http.HttpServer2 (HttpServer2.java:addFilter(1015)) - Added filter static_user_filter (class=org.apache.hadoop.http.lib.StaticUserWebFilter$StaticUserFilter) to context logs
2023-12-01 12:07:31,994 [main] INFO  http.BaseHttpServer (BaseHttpServer.java:<init>(189)) - HTTP server of hddsDatanode uses base directory /home/runner/work/ozone/ozone/hadoop-ozone/integration-test/target/test-dir/MiniOzoneClusterImpl-6e44b040-7731-4908-af37-66cbba4f501b/datanode-1/meta/webserver
2023-12-01 12:07:31,994 [main] INFO  http.HttpServer2 (HttpServer2.java:bindListener(1231)) - Jetty bound to port 15080
2023-12-01 12:07:31,994 [main] INFO  server.Server (Server.java:doStart(375)) - jetty-9.4.53.v20231009; built: 2023-10-09T12:29:09.265Z; git: 27bde00a0b95a1d5bbee0eae7984f891d2d0f8c9; jvm 1.8.0_392-b08
2023-12-01 12:07:31,994 [d61ce6df-bfa3-4031-bef1-0b60ac375a39-groupManagement] INFO  server.RaftServerConfigKeys (ConfUtils.java:logGet(46)) - raft.server.rpc.request.timeout = 60s (custom)
2023-12-01 12:07:31,995 [d61ce6df-bfa3-4031-bef1-0b60ac375a39-groupManagement] INFO  server.RaftServerConfigKeys (ConfUtils.java:logGet(46)) - raft.server.log.appender.install.snapshot.enabled = false (custom)
2023-12-01 12:07:31,995 [d61ce6df-bfa3-4031-bef1-0b60ac375a39-groupManagement] INFO  server.RaftServerConfigKeys (ConfUtils.java:logGet(46)) - raft.server.threadpool.server.cached = true (default)
2023-12-01 12:07:31,995 [d61ce6df-bfa3-4031-bef1-0b60ac375a39-groupManagement] INFO  server.RaftServerConfigKeys (ConfUtils.java:logGet(46)) - raft.server.threadpool.server.size = 0 (default)
2023-12-01 12:07:31,995 [d61ce6df-bfa3-4031-bef1-0b60ac375a39-groupManagement] INFO  server.RaftServerConfigKeys (ConfUtils.java:logGet(46)) - raft.server.threadpool.client.cached = true (default)
2023-12-01 12:07:31,995 [d61ce6df-bfa3-4031-bef1-0b60ac375a39-groupManagement] INFO  server.RaftServerConfigKeys (ConfUtils.java:logGet(46)) - raft.server.threadpool.client.size = 0 (default)
2023-12-01 12:07:31,996 [d61ce6df-bfa3-4031-bef1-0b60ac375a39-groupManagement] INFO  server.RaftServer$Division (RaftServerImpl.java:<init>(256)) - d61ce6df-bfa3-4031-bef1-0b60ac375a39: new RaftServerImpl for group-FB863F7B2671:[] with ContainerStateMachine:uninitialized
2023-12-01 12:07:31,996 [d61ce6df-bfa3-4031-bef1-0b60ac375a39-groupManagement] INFO  server.RaftServerConfigKeys (ConfUtils.java:logGet(46)) - raft.server.rpc.timeout.min = 5s (custom)
2023-12-01 12:07:31,996 [d61ce6df-bfa3-4031-bef1-0b60ac375a39-groupManagement] INFO  server.RaftServerConfigKeys (ConfUtils.java:logGet(46)) - raft.server.rpc.timeout.max = 5200ms (custom)
2023-12-01 12:07:31,996 [d61ce6df-bfa3-4031-bef1-0b60ac375a39-groupManagement] INFO  server.RaftServerConfigKeys (ConfUtils.java:logGet(46)) - raft.server.rpc.sleep.time = 25ms (default)
2023-12-01 12:07:31,996 [d61ce6df-bfa3-4031-bef1-0b60ac375a39-groupManagement] INFO  server.RaftServerConfigKeys (ConfUtils.java:logGet(46)) - raft.server.rpc.slowness.timeout = 300s (custom)
2023-12-01 12:07:31,996 [d61ce6df-bfa3-4031-bef1-0b60ac375a39-groupManagement] INFO  server.RaftServerConfigKeys (ConfUtils.java:logGet(46)) - raft.server.leaderelection.leader.step-down.wait-time = 10s (default)
2023-12-01 12:07:31,996 [d61ce6df-bfa3-4031-bef1-0b60ac375a39-groupManagement] INFO  server.RaftServerConfigKeys (ConfUtils.java:logGet(46)) - raft.server.leaderelection.member.majority-add = false (default)
2023-12-01 12:07:31,996 [d61ce6df-bfa3-4031-bef1-0b60ac375a39-groupManagement] INFO  server.RaftServerConfigKeys (ConfUtils.java:logGet(46)) - raft.server.sleep.deviation.threshold = 300ms (default)
2023-12-01 12:07:31,996 [d61ce6df-bfa3-4031-bef1-0b60ac375a39-groupManagement] INFO  server.RaftServer$Division (ServerState.java:<init>(113)) - d61ce6df-bfa3-4031-bef1-0b60ac375a39@group-FB863F7B2671: ConfigurationManager, init=-1: peers:[]|listeners:[], old=null, confs=<EMPTY_MAP>
2023-12-01 12:07:31,996 [d61ce6df-bfa3-4031-bef1-0b60ac375a39-groupManagement] INFO  server.RaftServerConfigKeys (ConfUtils.java:logGet(46)) - raft.server.notification.no-leader.timeout = 300s (custom)
2023-12-01 12:07:31,996 [d61ce6df-bfa3-4031-bef1-0b60ac375a39-groupManagement] INFO  server.RaftServerConfigKeys (ConfUtils.java:logGet(46)) - raft.server.read.timeout = 10s (default)
2023-12-01 12:07:31,996 [d61ce6df-bfa3-4031-bef1-0b60ac375a39-groupManagement] INFO  server.RaftServerConfigKeys (ConfUtils.java:logGet(46)) - raft.server.retrycache.expirytime = 600000ms (custom)
2023-12-01 12:07:31,996 [d61ce6df-bfa3-4031-bef1-0b60ac375a39-groupManagement] INFO  server.RaftServerConfigKeys (ConfUtils.java:logGet(46)) - raft.server.retrycache.statistics.expirytime = 100ms (default)
2023-12-01 12:07:31,996 [d61ce6df-bfa3-4031-bef1-0b60ac375a39-groupManagement] INFO  server.RaftServerConfigKeys (ConfUtils.java:logGet(46)) - raft.server.read.option = DEFAULT (default)
2023-12-01 12:07:31,996 [d61ce6df-bfa3-4031-bef1-0b60ac375a39-groupManagement] INFO  server.RaftServerConfigKeys (ConfUtils.java:logGet(46)) - raft.server.read.read-after-write-consistent.write-index-cache.expiry-time = 60s (default)
2023-12-01 12:07:31,997 [d61ce6df-bfa3-4031-bef1-0b60ac375a39-groupManagement] INFO  server.RaftServerConfigKeys (ConfUtils.java:logGet(46)) - raft.server.rpc.request.timeout = 60s (custom)
2023-12-01 12:07:31,997 [d61ce6df-bfa3-4031-bef1-0b60ac375a39-groupManagement] INFO  server.RaftServerConfigKeys (ConfUtils.java:logGet(46)) - raft.server.log.appender.install.snapshot.enabled = false (custom)
2023-12-01 12:07:31,997 [d61ce6df-bfa3-4031-bef1-0b60ac375a39-groupManagement] INFO  server.RaftServerConfigKeys (ConfUtils.java:logGet(46)) - raft.server.threadpool.server.cached = true (default)
2023-12-01 12:07:31,997 [d61ce6df-bfa3-4031-bef1-0b60ac375a39-groupManagement] INFO  server.RaftServerConfigKeys (ConfUtils.java:logGet(46)) - raft.server.threadpool.server.size = 0 (default)
2023-12-01 12:07:31,997 [d61ce6df-bfa3-4031-bef1-0b60ac375a39-groupManagement] INFO  server.RaftServerConfigKeys (ConfUtils.java:logGet(46)) - raft.server.threadpool.client.cached = true (default)
2023-12-01 12:07:31,997 [d61ce6df-bfa3-4031-bef1-0b60ac375a39-groupManagement] INFO  server.RaftServerConfigKeys (ConfUtils.java:logGet(46)) - raft.server.threadpool.client.size = 0 (default)
2023-12-01 12:07:31,999 [main] INFO  server.session (DefaultSessionIdManager.java:doStart(334)) - DefaultSessionIdManager workerName=node0
2023-12-01 12:07:31,999 [main] INFO  server.session (DefaultSessionIdManager.java:doStart(339)) - No SessionScavenger set, using defaults
2023-12-01 12:07:32,000 [main] INFO  server.session (HouseKeeper.java:startScavenging(132)) - node0 Scavenging every 660000ms
2023-12-01 12:07:32,000 [main] INFO  handler.ContextHandler (ContextHandler.java:doStart(921)) - Started o.e.j.s.ServletContextHandler@795fe754{logs,/logs,file:///home/runner/work/ozone/ozone/hadoop-ozone/integration-test/target/log,AVAILABLE}
2023-12-01 12:07:32,000 [main] INFO  handler.ContextHandler (ContextHandler.java:doStart(921)) - Started o.e.j.s.ServletContextHandler@3fdb9eb9{static,/static,jar:file:/home/runner/.m2/repository/org/apache/ozone/hdds-container-service/1.4.0-SNAPSHOT/hdds-container-service-1.4.0-SNAPSHOT.jar!/webapps/static,AVAILABLE}
2023-12-01 12:07:32,035 [main] INFO  handler.ContextHandler (ContextHandler.java:doStart(921)) - Started o.e.j.w.WebAppContext@247f409d{hddsDatanode,/,file:///home/runner/work/ozone/ozone/hadoop-ozone/integration-test/target/test-dir/MiniOzoneClusterImpl-6e44b040-7731-4908-af37-66cbba4f501b/datanode-1/meta/webserver/jetty-0_0_0_0-15080-hdds-container-service-1_4_0-SNAPSHOT_jar-_-any-5404776570382750348/webapp/,AVAILABLE}{jar:file:/home/runner/.m2/repository/org/apache/ozone/hdds-container-service/1.4.0-SNAPSHOT/hdds-container-service-1.4.0-SNAPSHOT.jar!/webapps/hddsDatanode}
2023-12-01 12:07:32,037 [main] INFO  server.AbstractConnector (AbstractConnector.java:doStart(333)) - Started ServerConnector@7ec35323{HTTP/1.1, (http/1.1)}{0.0.0.0:15080}
2023-12-01 12:07:32,037 [main] INFO  server.Server (Server.java:doStart(415)) - Started @212477ms
2023-12-01 12:07:32,037 [main] WARN  impl.MetricsSystemImpl (MetricsSystemImpl.java:register(279)) - Sink prometheus already exists!
2023-12-01 12:07:32,038 [main] INFO  http.BaseHttpServer (BaseHttpServer.java:updateConnectorAddress(354)) - HTTP server of hddsDatanode listening at http://0.0.0.0:15080
2023-12-01 12:07:32,038 [main] INFO  ipc.CallQueueManager (CallQueueManager.java:<init>(90)) - Using callQueue: class java.util.concurrent.LinkedBlockingQueue, queueCapacity: 100, scheduler: class org.apache.hadoop.ipc.DefaultRpcScheduler, ipcBackoff: false.
2023-12-01 12:07:32,039 [main] INFO  ipc.Server (Server.java:<init>(1287)) - Listener at 0.0.0.0:15081
2023-12-01 12:07:32,039 [Socket Reader #1 for port 15081] INFO  ipc.Server (Server.java:run(1323)) - Starting Socket Reader #1 for port 15081
2023-12-01 12:07:32,045 [main] INFO  ozone.HddsDatanodeService (HddsDatanodeService.java:start(324)) - Datanode start with admins: [runner]
2023-12-01 12:07:32,045 [main] INFO  ozone.HddsDatanodeClientProtocolServer (HddsDatanodeClientProtocolServer.java:start(72)) - RPC server for Client /0.0.0.0:15081
2023-12-01 12:07:32,047 [IPC Server Responder] INFO  ipc.Server (Server.java:run(1562)) - IPC Server Responder: starting
2023-12-01 12:07:32,047 [IPC Server listener on 15081] INFO  ipc.Server (Server.java:run(1402)) - IPC Server listener on 15081: starting
2023-12-01 12:07:32,056 [d61ce6df-bfa3-4031-bef1-0b60ac375a39-DatanodeStateMachineDaemonThread] INFO  statemachine.DatanodeStateMachine (DatanodeStateMachine.java:lambda$startDaemon$1(555)) - Ozone container server started.
2023-12-01 12:07:32,059 [d61ce6df-bfa3-4031-bef1-0b60ac375a39-DatanodeStateMachineTaskThread-0] INFO  datanode.InitDatanodeState (InitDatanodeState.java:persistContainerDatanodeDetails(139)) - DatanodeDetails is persisted to /home/runner/work/ozone/ozone/hadoop-ozone/integration-test/target/test-dir/MiniOzoneClusterImpl-6e44b040-7731-4908-af37-66cbba4f501b/datanode-1/meta/datanode.id
2023-12-01 12:07:32,059 [main] WARN  dropwizard3.Dm3MetricRegistriesImpl (Dm3MetricRegistriesImpl.java:addReporterRegistration(113)) - New reporters are added after registries were created. Some metrics will be missing from the reporter. Please add reporter before adding any new registry.
2023-12-01 12:07:32,060 [main] WARN  dropwizard3.Dm3MetricRegistriesImpl (Dm3MetricRegistriesImpl.java:addReporterRegistration(113)) - New reporters are added after registries were created. Some metrics will be missing from the reporter. Please add reporter before adding any new registry.
2023-12-01 12:07:32,060 [main] INFO  impl.MetricsSystemImpl (MetricsSystemImpl.java:init(158)) - HddsDatanode metrics system started (again)
2023-12-01 12:07:32,070 [main] INFO  ozone.HddsDatanodeService (HddsDatanodeService.java:start(239)) - HddsDatanodeService host:fv-az1423-675.ei5rwdf52qxuxllzxeqjam05jd.ex.internal.cloudapp.net ip:10.1.0.24
2023-12-01 12:07:32,072 [RatisPipelineUtilsThread-0] ERROR pipeline.PipelinePlacementPolicy (PipelinePlacementPolicy.java:filterViableNodes(143)) - No healthy node found to allocate container.
2023-12-01 12:07:32,080 [main] INFO  upgrade.AbstractLayoutVersionManager (AbstractLayoutVersionManager.java:init(83)) - Initializing Layout version manager with metadata layout = HADOOP_PRC_PORTS_IN_DATANODEDETAILS (version = 7), software layout = HADOOP_PRC_PORTS_IN_DATANODEDETAILS (version = 7)
2023-12-01 12:07:32,080 [main] INFO  statemachine.DatanodeStateMachine (DatanodeStateMachine.java:getEndPointTaskThreadPoolSize(299)) - Datanode State Machine Task Thread Pool size 2
2023-12-01 12:07:32,081 [main] INFO  volume.HddsVolume (HddsVolume.java:<init>(126)) - Creating HddsVolume: /home/runner/work/ozone/ozone/hadoop-ozone/integration-test/target/test-dir/MiniOzoneClusterImpl-6e44b040-7731-4908-af37-66cbba4f501b/datanode-2/data-0/containers/hdds of storage type : DISK capacity : 9223372036854775807
2023-12-01 12:07:32,081 [main] INFO  volume.MutableVolumeSet (MutableVolumeSet.java:initializeVolumeSet(173)) - Added Volume : /home/runner/work/ozone/ozone/hadoop-ozone/integration-test/target/test-dir/MiniOzoneClusterImpl-6e44b040-7731-4908-af37-66cbba4f501b/datanode-2/data-0/containers/hdds to VolumeSet
2023-12-01 12:07:32,082 [main] INFO  volume.MutableVolumeSet (MutableVolumeSet.java:initializeVolumeSet(173)) - Added Volume : /home/runner/work/ozone/ozone/hadoop-ozone/integration-test/target/test-dir/MiniOzoneClusterImpl-6e44b040-7731-4908-af37-66cbba4f501b/datanode-2/data/ratis to VolumeSet
2023-12-01 12:07:32,098 [ForkJoinPool.commonPool-worker-5] INFO  utils.DatanodeStoreCache (DatanodeStoreCache.java:addDB(66)) - Added db /home/runner/work/ozone/ozone/hadoop-ozone/integration-test/target/test-dir/MiniOzoneClusterImpl-6e44b040-7731-4908-af37-66cbba4f501b/datanode-2/data-0/containers/hdds/6e44b040-7731-4908-af37-66cbba4f501b/DS-d49a9d4f-c9f4-4fc1-902f-d24227cf3630/container.db to cache
2023-12-01 12:07:32,098 [ForkJoinPool.commonPool-worker-5] INFO  volume.HddsVolume (HddsVolume.java:loadDbStore(375)) - SchemaV3 db is loaded at /home/runner/work/ozone/ozone/hadoop-ozone/integration-test/target/test-dir/MiniOzoneClusterImpl-6e44b040-7731-4908-af37-66cbba4f501b/datanode-2/data-0/containers/hdds/6e44b040-7731-4908-af37-66cbba4f501b/DS-d49a9d4f-c9f4-4fc1-902f-d24227cf3630/container.db for volume DS-d49a9d4f-c9f4-4fc1-902f-d24227cf3630
2023-12-01 12:07:32,098 [main] INFO  ozoneimpl.OzoneContainer (HddsVolumeUtil.java:loadAllHddsVolumeDbStore(103)) - Load 1 volumes DbStore cost: 16ms
2023-12-01 12:07:32,098 [bece060d-3fe8-48fd-a57c-c67080073878-ContainerReader-0] INFO  ozoneimpl.ContainerReader (ContainerReader.java:readVolume(147)) - Start to verify containers on volume /home/runner/work/ozone/ozone/hadoop-ozone/integration-test/target/test-dir/MiniOzoneClusterImpl-6e44b040-7731-4908-af37-66cbba4f501b/datanode-2/data-0/containers/hdds
2023-12-01 12:07:32,098 [bece060d-3fe8-48fd-a57c-c67080073878-ContainerReader-0] INFO  ozoneimpl.ContainerReader (ContainerReader.java:readVolume(177)) - Finish verifying containers on volume /home/runner/work/ozone/ozone/hadoop-ozone/integration-test/target/test-dir/MiniOzoneClusterImpl-6e44b040-7731-4908-af37-66cbba4f501b/datanode-2/data-0/containers/hdds
2023-12-01 12:07:32,098 [main] INFO  ozoneimpl.OzoneContainer (OzoneContainer.java:buildContainerSet(326)) - Build ContainerSet costs 0s
2023-12-01 12:07:32,100 [main] INFO  server.RaftServer (ConfUtils.java:logGet(46)) - raft.rpc.type = GRPC (default)
2023-12-01 12:07:32,101 [main] INFO  grpc.GrpcConfigKeys (ConfUtils.java:logFallback(53)) - raft.grpc.admin.host = null (fallback to raft.grpc.server.host)
2023-12-01 12:07:32,101 [main] INFO  grpc.GrpcConfigKeys (ConfUtils.java:logGet(46)) - raft.grpc.admin.port = 15093 (custom)
2023-12-01 12:07:32,101 [main] INFO  grpc.GrpcConfigKeys (ConfUtils.java:logFallback(53)) - raft.grpc.client.host = null (fallback to raft.grpc.server.host)
2023-12-01 12:07:32,101 [main] INFO  grpc.GrpcConfigKeys (ConfUtils.java:logGet(46)) - raft.grpc.client.port = 15092 (custom)
2023-12-01 12:07:32,101 [main] INFO  grpc.GrpcConfigKeys (ConfUtils.java:logGet(46)) - raft.grpc.server.host = null (default)
2023-12-01 12:07:32,101 [main] INFO  grpc.GrpcConfigKeys (ConfUtils.java:logGet(46)) - raft.grpc.server.port = 15094 (custom)
2023-12-01 12:07:32,101 [main] INFO  server.GrpcService (ConfUtils.java:logGet(46)) - raft.grpc.message.size.max = 32MB (=33554432) (custom)
2023-12-01 12:07:32,101 [main] INFO  server.RaftServerConfigKeys (ConfUtils.java:logGet(46)) - raft.server.log.appender.buffer.byte-limit = 33554432 (custom)
2023-12-01 12:07:32,101 [main] INFO  server.GrpcService (ConfUtils.java:logGet(46)) - raft.grpc.flow.control.window = 5MB (=5242880) (custom)
2023-12-01 12:07:32,101 [main] INFO  server.RaftServerConfigKeys (ConfUtils.java:logGet(46)) - raft.server.rpc.request.timeout = 60s (custom)
2023-12-01 12:07:32,102 [main] INFO  grpc.GrpcConfigKeys (ConfUtils.java:logGet(46)) - raft.grpc.server.heartbeat.channel = true (default)
2023-12-01 12:07:32,102 [main] INFO  grpc.GrpcConfigKeys (ConfUtils.java:logGet(46)) - raft.grpc.server.async.request.thread.pool.cached = true (default)
2023-12-01 12:07:32,102 [main] INFO  grpc.GrpcConfigKeys (ConfUtils.java:logGet(46)) - raft.grpc.server.async.request.thread.pool.size = 32 (default)
2023-12-01 12:07:32,104 [main] INFO  impl.DataStreamServerImpl (ConfUtils.java:logGet(46)) - raft.datastream.type = NETTY (custom)
2023-12-01 12:07:32,104 [main] INFO  server.RaftServerConfigKeys (ConfUtils.java:logGet(46)) - raft.server.data-stream.async.request.thread.pool.cached = false (default)
2023-12-01 12:07:32,104 [main] INFO  server.RaftServerConfigKeys (ConfUtils.java:logGet(46)) - raft.server.data-stream.async.request.thread.pool.size = 20 (custom)
2023-12-01 12:07:32,104 [main] INFO  server.RaftServerConfigKeys (ConfUtils.java:logGet(46)) - raft.server.data-stream.async.write.thread.pool.size = 16 (default)
2023-12-01 12:07:32,104 [main] INFO  netty.NettyConfigKeys$DataStream (ConfUtils.java:logGet(46)) - raft.netty.dataStream.server.channel.inactive.grace-period = 10min (default)
2023-12-01 12:07:32,104 [main] INFO  server.RaftServerConfigKeys (ConfUtils.java:logGet(46)) - raft.server.data-stream.client.pool.size = 10 (default)
2023-12-01 12:07:32,105 [main] INFO  netty.NettyConfigKeys$DataStream (ConfUtils.java:logGet(46)) - raft.netty.dataStream.server.use-epoll = true (default)
2023-12-01 12:07:32,105 [main] INFO  netty.NettyConfigKeys$DataStream (ConfUtils.java:logGet(46)) - raft.netty.dataStream.server.boss-group.size = 0 (default)
2023-12-01 12:07:32,105 [main] INFO  netty.NettyUtils (NettyUtils.java:newEventLoopGroup(69)) - Create EpollEventLoopGroup for bece060d-3fe8-48fd-a57c-c67080073878-NettyServerStreamRpc-bossGroup; Thread size is 0.
2023-12-01 12:07:32,105 [main] INFO  netty.NettyConfigKeys$DataStream (ConfUtils.java:logGet(46)) - raft.netty.dataStream.server.worker-group.size = 0 (default)
2023-12-01 12:07:32,105 [main] INFO  netty.NettyUtils (NettyUtils.java:newEventLoopGroup(69)) - Create EpollEventLoopGroup for bece060d-3fe8-48fd-a57c-c67080073878-NettyServerStreamRpc-workerGroup; Thread size is 0.
2023-12-01 12:07:32,105 [main] INFO  netty.NettyConfigKeys$DataStream (ConfUtils.java:logGet(46)) - raft.netty.dataStream.server.tls.conf = null (default)
2023-12-01 12:07:32,105 [main] INFO  netty.NettyConfigKeys$DataStream (ConfUtils.java:logGet(46)) - raft.netty.dataStream.host = null (default)
2023-12-01 12:07:32,106 [main] INFO  netty.NettyConfigKeys$DataStream (ConfUtils.java:logGet(46)) - raft.netty.dataStream.port = 15095 (custom)
2023-12-01 12:07:32,106 [main] INFO  server.RaftServerConfigKeys (ConfUtils.java:logGet(46)) - raft.server.sleep.deviation.threshold = 300ms (default)
2023-12-01 12:07:32,106 [main] INFO  server.RaftServerConfigKeys (ConfUtils.java:logGet(46)) - raft.server.close.threshold = 60s (default)
2023-12-01 12:07:32,106 [bece060d-3fe8-48fd-a57c-c67080073878-NettyServerStreamRpc-bossGroup--thread1] INFO  logging.LoggingHandler (AbstractInternalLogger.java:log(148)) - [id: 0x4dae0e89] REGISTERED
2023-12-01 12:07:32,106 [main] INFO  server.RaftServerConfigKeys (ConfUtils.java:logGet(46)) - raft.server.leaderelection.leader.step-down.wait-time = 10s (default)
2023-12-01 12:07:32,106 [bece060d-3fe8-48fd-a57c-c67080073878-NettyServerStreamRpc-bossGroup--thread1] INFO  logging.LoggingHandler (AbstractInternalLogger.java:log(148)) - [id: 0x4dae0e89] BIND: 0.0.0.0/0.0.0.0:15095
2023-12-01 12:07:32,106 [bece060d-3fe8-48fd-a57c-c67080073878-NettyServerStreamRpc-bossGroup--thread1] INFO  logging.LoggingHandler (AbstractInternalLogger.java:log(148)) - [id: 0x4dae0e89, L:/0.0.0.0:15095] ACTIVE
2023-12-01 12:07:32,106 [main] INFO  server.RaftServerConfigKeys (ConfUtils.java:logGet(46)) - raft.server.storage.dir = [/home/runner/work/ozone/ozone/hadoop-ozone/integration-test/target/test-dir/MiniOzoneClusterImpl-6e44b040-7731-4908-af37-66cbba4f501b/datanode-2/data/ratis] (custom)
2023-12-01 12:07:32,107 [main] INFO  server.RaftServerConfigKeys (ConfUtils.java:logGet(46)) - raft.server.threadpool.proxy.cached = true (default)
2023-12-01 12:07:32,107 [main] INFO  server.RaftServerConfigKeys (ConfUtils.java:logGet(46)) - raft.server.threadpool.proxy.size = 0 (default)
2023-12-01 12:07:32,107 [bece060d-3fe8-48fd-a57c-c67080073878-impl-thread1] INFO  server.RaftServer (RaftServerProxy.java:initGroupDir(264)) - bece060d-3fe8-48fd-a57c-c67080073878: found a subdirectory /home/runner/work/ozone/ozone/hadoop-ozone/integration-test/target/test-dir/MiniOzoneClusterImpl-6e44b040-7731-4908-af37-66cbba4f501b/datanode-2/data/ratis/26dd2faf-e2aa-453c-847f-c65efe1a7aac
2023-12-01 12:07:32,107 [bece060d-3fe8-48fd-a57c-c67080073878-impl-thread1] INFO  server.RaftServer (RaftServerProxy.java:addNew(100)) - bece060d-3fe8-48fd-a57c-c67080073878: addNew group-C65EFE1A7AAC:[] returns group-C65EFE1A7AAC:java.util.concurrent.CompletableFuture@436f09e5[Not completed]
2023-12-01 12:07:32,107 [bece060d-3fe8-48fd-a57c-c67080073878-impl-thread1] INFO  server.RaftServer (RaftServerProxy.java:initGroupDir(264)) - bece060d-3fe8-48fd-a57c-c67080073878: found a subdirectory /home/runner/work/ozone/ozone/hadoop-ozone/integration-test/target/test-dir/MiniOzoneClusterImpl-6e44b040-7731-4908-af37-66cbba4f501b/datanode-2/data/ratis/tmp
2023-12-01 12:07:32,107 [bece060d-3fe8-48fd-a57c-c67080073878-impl-thread1] INFO  server.RaftServer (RaftServerProxy.java:initGroupDir(269)) - bece060d-3fe8-48fd-a57c-c67080073878: The directory /home/runner/work/ozone/ozone/hadoop-ozone/integration-test/target/test-dir/MiniOzoneClusterImpl-6e44b040-7731-4908-af37-66cbba4f501b/datanode-2/data/ratis/tmp is not a group directory; ignoring it. 
2023-12-01 12:07:32,108 [bece060d-3fe8-48fd-a57c-c67080073878-impl-thread1] INFO  server.RaftServer (RaftServerProxy.java:initGroupDir(264)) - bece060d-3fe8-48fd-a57c-c67080073878: found a subdirectory /home/runner/work/ozone/ozone/hadoop-ozone/integration-test/target/test-dir/MiniOzoneClusterImpl-6e44b040-7731-4908-af37-66cbba4f501b/datanode-2/data/ratis/1e311d18-a939-42e1-ade4-517770fe8037
2023-12-01 12:07:32,108 [bece060d-3fe8-48fd-a57c-c67080073878-impl-thread1] INFO  server.RaftServer (RaftServerProxy.java:addNew(100)) - bece060d-3fe8-48fd-a57c-c67080073878: addNew group-517770FE8037:[] returns group-517770FE8037:java.util.concurrent.CompletableFuture@47509550[Not completed]
2023-12-01 12:07:32,108 [bece060d-3fe8-48fd-a57c-c67080073878-impl-thread1] INFO  server.RaftServer (RaftServerProxy.java:initGroupDir(264)) - bece060d-3fe8-48fd-a57c-c67080073878: found a subdirectory /home/runner/work/ozone/ozone/hadoop-ozone/integration-test/target/test-dir/MiniOzoneClusterImpl-6e44b040-7731-4908-af37-66cbba4f501b/datanode-2/data/ratis/1604b372-a121-49be-a60c-1bbc237b5611
2023-12-01 12:07:32,108 [bece060d-3fe8-48fd-a57c-c67080073878-impl-thread1] INFO  server.RaftServer (RaftServerProxy.java:addNew(100)) - bece060d-3fe8-48fd-a57c-c67080073878: addNew group-1BBC237B5611:[] returns group-1BBC237B5611:java.util.concurrent.CompletableFuture@25203de[Not completed]
2023-12-01 12:07:32,108 [main] INFO  replication.ReplicationServer (ReplicationServer.java:<init>(85)) - Initializing replication server with thread count = 10 queue length = 4096
2023-12-01 12:07:32,108 [bece060d-3fe8-48fd-a57c-c67080073878-groupManagement] INFO  server.RaftServer$Division (RaftServerImpl.java:<init>(256)) - bece060d-3fe8-48fd-a57c-c67080073878: new RaftServerImpl for group-C65EFE1A7AAC:[] with ContainerStateMachine:uninitialized
2023-12-01 12:07:32,108 [bece060d-3fe8-48fd-a57c-c67080073878-groupManagement] INFO  server.RaftServerConfigKeys (ConfUtils.java:logGet(46)) - raft.server.rpc.timeout.min = 5s (custom)
2023-12-01 12:07:32,108 [bece060d-3fe8-48fd-a57c-c67080073878-groupManagement] INFO  server.RaftServerConfigKeys (ConfUtils.java:logGet(46)) - raft.server.rpc.timeout.max = 5200ms (custom)
2023-12-01 12:07:32,108 [bece060d-3fe8-48fd-a57c-c67080073878-groupManagement] INFO  server.RaftServerConfigKeys (ConfUtils.java:logGet(46)) - raft.server.rpc.sleep.time = 25ms (default)
2023-12-01 12:07:32,108 [bece060d-3fe8-48fd-a57c-c67080073878-groupManagement] INFO  server.RaftServerConfigKeys (ConfUtils.java:logGet(46)) - raft.server.rpc.slowness.timeout = 300s (custom)
2023-12-01 12:07:32,109 [bece060d-3fe8-48fd-a57c-c67080073878-groupManagement] INFO  server.RaftServerConfigKeys (ConfUtils.java:logGet(46)) - raft.server.leaderelection.leader.step-down.wait-time = 10s (default)
2023-12-01 12:07:32,109 [bece060d-3fe8-48fd-a57c-c67080073878-groupManagement] INFO  server.RaftServerConfigKeys (ConfUtils.java:logGet(46)) - raft.server.leaderelection.member.majority-add = false (default)
2023-12-01 12:07:32,109 [bece060d-3fe8-48fd-a57c-c67080073878-groupManagement] INFO  server.RaftServerConfigKeys (ConfUtils.java:logGet(46)) - raft.server.sleep.deviation.threshold = 300ms (default)
2023-12-01 12:07:32,109 [bece060d-3fe8-48fd-a57c-c67080073878-groupManagement] INFO  server.RaftServer$Division (ServerState.java:<init>(113)) - bece060d-3fe8-48fd-a57c-c67080073878@group-C65EFE1A7AAC: ConfigurationManager, init=-1: peers:[]|listeners:[], old=null, confs=<EMPTY_MAP>
2023-12-01 12:07:32,109 [bece060d-3fe8-48fd-a57c-c67080073878-groupManagement] INFO  server.RaftServerConfigKeys (ConfUtils.java:logGet(46)) - raft.server.notification.no-leader.timeout = 300s (custom)
2023-12-01 12:07:32,109 [bece060d-3fe8-48fd-a57c-c67080073878-groupManagement] INFO  server.RaftServerConfigKeys (ConfUtils.java:logGet(46)) - raft.server.read.timeout = 10s (default)
2023-12-01 12:07:32,109 [bece060d-3fe8-48fd-a57c-c67080073878-groupManagement] INFO  server.RaftServerConfigKeys (ConfUtils.java:logGet(46)) - raft.server.retrycache.expirytime = 600000ms (custom)
2023-12-01 12:07:32,109 [bece060d-3fe8-48fd-a57c-c67080073878-groupManagement] INFO  server.RaftServerConfigKeys (ConfUtils.java:logGet(46)) - raft.server.retrycache.statistics.expirytime = 100ms (default)
2023-12-01 12:07:32,109 [main] INFO  server.XceiverServerGrpc (XceiverServerGrpc.java:<init>(135)) - GrpcServer channel type EpollServerSocketChannel
2023-12-01 12:07:32,109 [bece060d-3fe8-48fd-a57c-c67080073878-groupManagement] INFO  server.RaftServerConfigKeys (ConfUtils.java:logGet(46)) - raft.server.read.option = DEFAULT (default)
2023-12-01 12:07:32,109 [bece060d-3fe8-48fd-a57c-c67080073878-groupManagement] INFO  server.RaftServerConfigKeys (ConfUtils.java:logGet(46)) - raft.server.read.read-after-write-consistent.write-index-cache.expiry-time = 60s (default)
2023-12-01 12:07:32,111 [bece060d-3fe8-48fd-a57c-c67080073878-groupManagement] INFO  server.RaftServerConfigKeys (ConfUtils.java:logGet(46)) - raft.server.rpc.request.timeout = 60s (custom)
2023-12-01 12:07:32,111 [main] INFO  replication.ReplicationSupervisor (ReplicationSupervisor.java:build(163)) - Initializing replication supervisor with thread count = 10
2023-12-01 12:07:32,111 [bece060d-3fe8-48fd-a57c-c67080073878-groupManagement] INFO  server.RaftServerConfigKeys (ConfUtils.java:logGet(46)) - raft.server.log.appender.install.snapshot.enabled = false (custom)
2023-12-01 12:07:32,111 [main] INFO  replication.ReplicationSupervisor (ReplicationSupervisor.java:nodeStateUpdated(317)) - Node state updated to IN_SERVICE, scaling executor pool size to 10
2023-12-01 12:07:32,111 [bece060d-3fe8-48fd-a57c-c67080073878-groupManagement] INFO  server.RaftServerConfigKeys (ConfUtils.java:logGet(46)) - raft.server.threadpool.server.cached = true (default)
2023-12-01 12:07:32,111 [bece060d-3fe8-48fd-a57c-c67080073878-groupManagement] INFO  server.RaftServerConfigKeys (ConfUtils.java:logGet(46)) - raft.server.threadpool.server.size = 0 (default)
2023-12-01 12:07:32,111 [bece060d-3fe8-48fd-a57c-c67080073878-groupManagement] INFO  server.RaftServerConfigKeys (ConfUtils.java:logGet(46)) - raft.server.threadpool.client.cached = true (default)
2023-12-01 12:07:32,111 [bece060d-3fe8-48fd-a57c-c67080073878-groupManagement] INFO  server.RaftServerConfigKeys (ConfUtils.java:logGet(46)) - raft.server.threadpool.client.size = 0 (default)
2023-12-01 12:07:32,112 [bece060d-3fe8-48fd-a57c-c67080073878-groupManagement] INFO  server.RaftServer$Division (RaftServerImpl.java:<init>(256)) - bece060d-3fe8-48fd-a57c-c67080073878: new RaftServerImpl for group-517770FE8037:[] with ContainerStateMachine:uninitialized
2023-12-01 12:07:32,112 [bece060d-3fe8-48fd-a57c-c67080073878-groupManagement] INFO  server.RaftServerConfigKeys (ConfUtils.java:logGet(46)) - raft.server.rpc.timeout.min = 5s (custom)
2023-12-01 12:07:32,112 [bece060d-3fe8-48fd-a57c-c67080073878-groupManagement] INFO  server.RaftServerConfigKeys (ConfUtils.java:logGet(46)) - raft.server.rpc.timeout.max = 5200ms (custom)
2023-12-01 12:07:32,112 [bece060d-3fe8-48fd-a57c-c67080073878-groupManagement] INFO  server.RaftServerConfigKeys (ConfUtils.java:logGet(46)) - raft.server.rpc.sleep.time = 25ms (default)
2023-12-01 12:07:32,112 [bece060d-3fe8-48fd-a57c-c67080073878-groupManagement] INFO  server.RaftServerConfigKeys (ConfUtils.java:logGet(46)) - raft.server.rpc.slowness.timeout = 300s (custom)
2023-12-01 12:07:32,112 [bece060d-3fe8-48fd-a57c-c67080073878-groupManagement] INFO  server.RaftServerConfigKeys (ConfUtils.java:logGet(46)) - raft.server.leaderelection.leader.step-down.wait-time = 10s (default)
2023-12-01 12:07:32,112 [bece060d-3fe8-48fd-a57c-c67080073878-groupManagement] INFO  server.RaftServerConfigKeys (ConfUtils.java:logGet(46)) - raft.server.leaderelection.member.majority-add = false (default)
2023-12-01 12:07:32,112 [bece060d-3fe8-48fd-a57c-c67080073878-groupManagement] INFO  server.RaftServerConfigKeys (ConfUtils.java:logGet(46)) - raft.server.sleep.deviation.threshold = 300ms (default)
2023-12-01 12:07:32,112 [bece060d-3fe8-48fd-a57c-c67080073878-groupManagement] INFO  server.RaftServer$Division (ServerState.java:<init>(113)) - bece060d-3fe8-48fd-a57c-c67080073878@group-517770FE8037: ConfigurationManager, init=-1: peers:[]|listeners:[], old=null, confs=<EMPTY_MAP>
2023-12-01 12:07:32,113 [bece060d-3fe8-48fd-a57c-c67080073878-groupManagement] INFO  server.RaftServerConfigKeys (ConfUtils.java:logGet(46)) - raft.server.notification.no-leader.timeout = 300s (custom)
2023-12-01 12:07:32,113 [bece060d-3fe8-48fd-a57c-c67080073878-groupManagement] INFO  server.RaftServerConfigKeys (ConfUtils.java:logGet(46)) - raft.server.read.timeout = 10s (default)
2023-12-01 12:07:32,113 [bece060d-3fe8-48fd-a57c-c67080073878-groupManagement] INFO  server.RaftServerConfigKeys (ConfUtils.java:logGet(46)) - raft.server.retrycache.expirytime = 600000ms (custom)
2023-12-01 12:07:32,113 [bece060d-3fe8-48fd-a57c-c67080073878-groupManagement] INFO  server.RaftServerConfigKeys (ConfUtils.java:logGet(46)) - raft.server.retrycache.statistics.expirytime = 100ms (default)
2023-12-01 12:07:32,113 [bece060d-3fe8-48fd-a57c-c67080073878-groupManagement] INFO  server.RaftServerConfigKeys (ConfUtils.java:logGet(46)) - raft.server.read.option = DEFAULT (default)
2023-12-01 12:07:32,113 [bece060d-3fe8-48fd-a57c-c67080073878-groupManagement] INFO  server.RaftServerConfigKeys (ConfUtils.java:logGet(46)) - raft.server.read.read-after-write-consistent.write-index-cache.expiry-time = 60s (default)
2023-12-01 12:07:32,114 [bece060d-3fe8-48fd-a57c-c67080073878-groupManagement] INFO  server.RaftServerConfigKeys (ConfUtils.java:logGet(46)) - raft.server.rpc.request.timeout = 60s (custom)
2023-12-01 12:07:32,114 [bece060d-3fe8-48fd-a57c-c67080073878-groupManagement] INFO  server.RaftServerConfigKeys (ConfUtils.java:logGet(46)) - raft.server.log.appender.install.snapshot.enabled = false (custom)
2023-12-01 12:07:32,114 [bece060d-3fe8-48fd-a57c-c67080073878-groupManagement] INFO  server.RaftServerConfigKeys (ConfUtils.java:logGet(46)) - raft.server.threadpool.server.cached = true (default)
2023-12-01 12:07:32,114 [bece060d-3fe8-48fd-a57c-c67080073878-groupManagement] INFO  server.RaftServerConfigKeys (ConfUtils.java:logGet(46)) - raft.server.threadpool.server.size = 0 (default)
2023-12-01 12:07:32,114 [bece060d-3fe8-48fd-a57c-c67080073878-groupManagement] INFO  server.RaftServerConfigKeys (ConfUtils.java:logGet(46)) - raft.server.threadpool.client.cached = true (default)
2023-12-01 12:07:32,114 [bece060d-3fe8-48fd-a57c-c67080073878-groupManagement] INFO  server.RaftServerConfigKeys (ConfUtils.java:logGet(46)) - raft.server.threadpool.client.size = 0 (default)
2023-12-01 12:07:32,115 [bece060d-3fe8-48fd-a57c-c67080073878-groupManagement] INFO  server.RaftServer$Division (RaftServerImpl.java:<init>(256)) - bece060d-3fe8-48fd-a57c-c67080073878: new RaftServerImpl for group-1BBC237B5611:[] with ContainerStateMachine:uninitialized
2023-12-01 12:07:32,115 [bece060d-3fe8-48fd-a57c-c67080073878-groupManagement] INFO  server.RaftServerConfigKeys (ConfUtils.java:logGet(46)) - raft.server.rpc.timeout.min = 5s (custom)
2023-12-01 12:07:32,115 [bece060d-3fe8-48fd-a57c-c67080073878-groupManagement] INFO  server.RaftServerConfigKeys (ConfUtils.java:logGet(46)) - raft.server.rpc.timeout.max = 5200ms (custom)
2023-12-01 12:07:32,115 [main] INFO  http.BaseHttpServer (BaseHttpServer.java:newHttpServer2BuilderForOzone(223)) - Starting Web-server for hddsDatanode at: http://0.0.0.0:15089
2023-12-01 12:07:32,116 [main] INFO  http.BaseHttpServer (BaseHttpServer.java:<init>(110)) - Hadoop Security Enabled: false Ozone Security Enabled: false Ozone HTTP Security Enabled: false 
2023-12-01 12:07:32,115 [bece060d-3fe8-48fd-a57c-c67080073878-groupManagement] INFO  server.RaftServerConfigKeys (ConfUtils.java:logGet(46)) - raft.server.rpc.sleep.time = 25ms (default)
2023-12-01 12:07:32,116 [bece060d-3fe8-48fd-a57c-c67080073878-groupManagement] INFO  server.RaftServerConfigKeys (ConfUtils.java:logGet(46)) - raft.server.rpc.slowness.timeout = 300s (custom)
2023-12-01 12:07:32,116 [bece060d-3fe8-48fd-a57c-c67080073878-groupManagement] INFO  server.RaftServerConfigKeys (ConfUtils.java:logGet(46)) - raft.server.leaderelection.leader.step-down.wait-time = 10s (default)
2023-12-01 12:07:32,116 [bece060d-3fe8-48fd-a57c-c67080073878-groupManagement] INFO  server.RaftServerConfigKeys (ConfUtils.java:logGet(46)) - raft.server.leaderelection.member.majority-add = false (default)
2023-12-01 12:07:32,116 [bece060d-3fe8-48fd-a57c-c67080073878-groupManagement] INFO  server.RaftServerConfigKeys (ConfUtils.java:logGet(46)) - raft.server.sleep.deviation.threshold = 300ms (default)
2023-12-01 12:07:32,116 [bece060d-3fe8-48fd-a57c-c67080073878-groupManagement] INFO  server.RaftServer$Division (ServerState.java:<init>(113)) - bece060d-3fe8-48fd-a57c-c67080073878@group-1BBC237B5611: ConfigurationManager, init=-1: peers:[]|listeners:[], old=null, confs=<EMPTY_MAP>
2023-12-01 12:07:32,116 [bece060d-3fe8-48fd-a57c-c67080073878-groupManagement] INFO  server.RaftServerConfigKeys (ConfUtils.java:logGet(46)) - raft.server.notification.no-leader.timeout = 300s (custom)
2023-12-01 12:07:32,116 [bece060d-3fe8-48fd-a57c-c67080073878-groupManagement] INFO  server.RaftServerConfigKeys (ConfUtils.java:logGet(46)) - raft.server.read.timeout = 10s (default)
2023-12-01 12:07:32,116 [bece060d-3fe8-48fd-a57c-c67080073878-groupManagement] INFO  server.RaftServerConfigKeys (ConfUtils.java:logGet(46)) - raft.server.retrycache.expirytime = 600000ms (custom)
2023-12-01 12:07:32,116 [bece060d-3fe8-48fd-a57c-c67080073878-groupManagement] INFO  server.RaftServerConfigKeys (ConfUtils.java:logGet(46)) - raft.server.retrycache.statistics.expirytime = 100ms (default)
2023-12-01 12:07:32,116 [bece060d-3fe8-48fd-a57c-c67080073878-groupManagement] INFO  server.RaftServerConfigKeys (ConfUtils.java:logGet(46)) - raft.server.read.option = DEFAULT (default)
2023-12-01 12:07:32,116 [bece060d-3fe8-48fd-a57c-c67080073878-groupManagement] INFO  server.RaftServerConfigKeys (ConfUtils.java:logGet(46)) - raft.server.read.read-after-write-consistent.write-index-cache.expiry-time = 60s (default)
2023-12-01 12:07:32,117 [main] WARN  server.AuthenticationFilter (AuthenticationFilter.java:constructSecretProvider(240)) - Unable to initialize FileSignerSecretProvider, falling back to use random secrets. Reason: Could not read signature secret file: /home/runner/hadoop-http-auth-signature-secret
2023-12-01 12:07:32,117 [bece060d-3fe8-48fd-a57c-c67080073878-groupManagement] INFO  server.RaftServerConfigKeys (ConfUtils.java:logGet(46)) - raft.server.rpc.request.timeout = 60s (custom)
2023-12-01 12:07:32,118 [bece060d-3fe8-48fd-a57c-c67080073878-groupManagement] INFO  server.RaftServerConfigKeys (ConfUtils.java:logGet(46)) - raft.server.log.appender.install.snapshot.enabled = false (custom)
2023-12-01 12:07:32,118 [bece060d-3fe8-48fd-a57c-c67080073878-groupManagement] INFO  server.RaftServerConfigKeys (ConfUtils.java:logGet(46)) - raft.server.threadpool.server.cached = true (default)
2023-12-01 12:07:32,118 [bece060d-3fe8-48fd-a57c-c67080073878-groupManagement] INFO  server.RaftServerConfigKeys (ConfUtils.java:logGet(46)) - raft.server.threadpool.server.size = 0 (default)
2023-12-01 12:07:32,118 [bece060d-3fe8-48fd-a57c-c67080073878-groupManagement] INFO  server.RaftServerConfigKeys (ConfUtils.java:logGet(46)) - raft.server.threadpool.client.cached = true (default)
2023-12-01 12:07:32,118 [bece060d-3fe8-48fd-a57c-c67080073878-groupManagement] INFO  server.RaftServerConfigKeys (ConfUtils.java:logGet(46)) - raft.server.threadpool.client.size = 0 (default)
2023-12-01 12:07:32,119 [main] INFO  http.HttpRequestLog (HttpRequestLog.java:getRequestLog(86)) - Http request log for http.requests.hddsDatanode is not defined
2023-12-01 12:07:32,120 [main] INFO  http.HttpServer2 (HttpServer2.java:addGlobalFilter(1031)) - Added global filter 'safety' (class=org.apache.hadoop.hdds.server.http.HttpServer2$QuotingInputFilter)
2023-12-01 12:07:32,121 [main] INFO  http.HttpServer2 (HttpServer2.java:addFilter(1007)) - Added filter static_user_filter (class=org.apache.hadoop.http.lib.StaticUserWebFilter$StaticUserFilter) to context hddsDatanode
2023-12-01 12:07:32,121 [main] INFO  http.HttpServer2 (HttpServer2.java:addFilter(1015)) - Added filter static_user_filter (class=org.apache.hadoop.http.lib.StaticUserWebFilter$StaticUserFilter) to context logs
2023-12-01 12:07:32,121 [main] INFO  http.HttpServer2 (HttpServer2.java:addFilter(1015)) - Added filter static_user_filter (class=org.apache.hadoop.http.lib.StaticUserWebFilter$StaticUserFilter) to context static
2023-12-01 12:07:32,126 [main] INFO  http.BaseHttpServer (BaseHttpServer.java:<init>(189)) - HTTP server of hddsDatanode uses base directory /home/runner/work/ozone/ozone/hadoop-ozone/integration-test/target/test-dir/MiniOzoneClusterImpl-6e44b040-7731-4908-af37-66cbba4f501b/datanode-2/meta/webserver
2023-12-01 12:07:32,126 [main] INFO  http.HttpServer2 (HttpServer2.java:bindListener(1231)) - Jetty bound to port 15089
2023-12-01 12:07:32,126 [main] INFO  server.Server (Server.java:doStart(375)) - jetty-9.4.53.v20231009; built: 2023-10-09T12:29:09.265Z; git: 27bde00a0b95a1d5bbee0eae7984f891d2d0f8c9; jvm 1.8.0_392-b08
2023-12-01 12:07:32,127 [main] INFO  server.session (DefaultSessionIdManager.java:doStart(334)) - DefaultSessionIdManager workerName=node0
2023-12-01 12:07:32,127 [main] INFO  server.session (DefaultSessionIdManager.java:doStart(339)) - No SessionScavenger set, using defaults
2023-12-01 12:07:32,127 [main] INFO  server.session (HouseKeeper.java:startScavenging(132)) - node0 Scavenging every 600000ms
2023-12-01 12:07:32,128 [main] INFO  handler.ContextHandler (ContextHandler.java:doStart(921)) - Started o.e.j.s.ServletContextHandler@2cefe6f6{logs,/logs,file:///home/runner/work/ozone/ozone/hadoop-ozone/integration-test/target/log,AVAILABLE}
2023-12-01 12:07:32,129 [main] INFO  handler.ContextHandler (ContextHandler.java:doStart(921)) - Started o.e.j.s.ServletContextHandler@5e5eb9a2{static,/static,jar:file:/home/runner/.m2/repository/org/apache/ozone/hdds-container-service/1.4.0-SNAPSHOT/hdds-container-service-1.4.0-SNAPSHOT.jar!/webapps/static,AVAILABLE}
2023-12-01 12:07:32,167 [main] INFO  handler.ContextHandler (ContextHandler.java:doStart(921)) - Started o.e.j.w.WebAppContext@638b60e5{hddsDatanode,/,file:///home/runner/work/ozone/ozone/hadoop-ozone/integration-test/target/test-dir/MiniOzoneClusterImpl-6e44b040-7731-4908-af37-66cbba4f501b/datanode-2/meta/webserver/jetty-0_0_0_0-15089-hdds-container-service-1_4_0-SNAPSHOT_jar-_-any-3907987427969189308/webapp/,AVAILABLE}{jar:file:/home/runner/.m2/repository/org/apache/ozone/hdds-container-service/1.4.0-SNAPSHOT/hdds-container-service-1.4.0-SNAPSHOT.jar!/webapps/hddsDatanode}
2023-12-01 12:07:32,169 [main] INFO  server.AbstractConnector (AbstractConnector.java:doStart(333)) - Started ServerConnector@3ae72c34{HTTP/1.1, (http/1.1)}{0.0.0.0:15089}
2023-12-01 12:07:32,169 [main] INFO  server.Server (Server.java:doStart(415)) - Started @212609ms
2023-12-01 12:07:32,170 [main] WARN  impl.MetricsSystemImpl (MetricsSystemImpl.java:register(279)) - Sink prometheus already exists!
2023-12-01 12:07:32,170 [main] INFO  http.BaseHttpServer (BaseHttpServer.java:updateConnectorAddress(354)) - HTTP server of hddsDatanode listening at http://0.0.0.0:15089
2023-12-01 12:07:32,171 [main] INFO  ipc.CallQueueManager (CallQueueManager.java:<init>(90)) - Using callQueue: class java.util.concurrent.LinkedBlockingQueue, queueCapacity: 100, scheduler: class org.apache.hadoop.ipc.DefaultRpcScheduler, ipcBackoff: false.
2023-12-01 12:07:32,171 [main] INFO  ipc.Server (Server.java:<init>(1287)) - Listener at 0.0.0.0:15090
2023-12-01 12:07:32,172 [Socket Reader #1 for port 15090] INFO  ipc.Server (Server.java:run(1323)) - Starting Socket Reader #1 for port 15090
2023-12-01 12:07:32,173 [main] INFO  ozone.HddsDatanodeService (HddsDatanodeService.java:start(324)) - Datanode start with admins: [runner]
2023-12-01 12:07:32,173 [main] INFO  ozone.HddsDatanodeClientProtocolServer (HddsDatanodeClientProtocolServer.java:start(72)) - RPC server for Client /0.0.0.0:15090
2023-12-01 12:07:32,175 [IPC Server listener on 15090] INFO  ipc.Server (Server.java:run(1402)) - IPC Server listener on 15090: starting
2023-12-01 12:07:32,175 [IPC Server Responder] INFO  ipc.Server (Server.java:run(1562)) - IPC Server Responder: starting
2023-12-01 12:07:32,180 [bece060d-3fe8-48fd-a57c-c67080073878-DatanodeStateMachineDaemonThread] INFO  statemachine.DatanodeStateMachine (DatanodeStateMachine.java:lambda$startDaemon$1(555)) - Ozone container server started.
2023-12-01 12:07:32,183 [main] INFO  ozone.MiniOzoneClusterImpl (MiniOzoneClusterImpl.java:shutdown(449)) - Shutting down the Mini Ozone Cluster
2023-12-01 12:07:32,184 [main] INFO  ozone.MiniOzoneClusterImpl (MiniOzoneClusterImpl.java:stop(466)) - Stopping the Mini Ozone Cluster
2023-12-01 12:07:32,184 [main] INFO  om.OzoneManager (OzoneManager.java:stop(2203)) - om1[localhost:15066]: Stopping Ozone Manager
2023-12-01 12:07:32,184 [main] INFO  ipc.Server (Server.java:stop(3523)) - Stopping server on 15066
2023-12-01 12:07:32,194 [IPC Server Responder] INFO  ipc.Server (Server.java:run(1567)) - Stopping IPC Server Responder
2023-12-01 12:07:32,194 [IPC Server listener on 15066] INFO  ipc.Server (Server.java:run(1434)) - Stopping IPC Server listener on 15066
2023-12-01 12:07:32,194 [main] INFO  server.RaftServer (RaftServerProxy.java:lambda$close$9(416)) - om1: close
2023-12-01 12:07:32,196 [main] INFO  server.GrpcService (GrpcService.java:closeImpl(311)) - om1: shutdown server GrpcServerProtocolService now
2023-12-01 12:07:32,196 [om1-impl-thread2] INFO  server.RaftServer$Division (RaftServerImpl.java:lambda$close$3(516)) - om1@group-C5BA1605619E: shutdown
2023-12-01 12:07:32,196 [om1-impl-thread2] INFO  util.JmxRegister (JmxRegister.java:unregister(73)) - Successfully un-registered JMX Bean with object name Ratis:service=RaftServer,group=group-C5BA1605619E,id=om1
2023-12-01 12:07:32,196 [om1-impl-thread2] INFO  impl.RoleInfo (RoleInfo.java:shutdownLeaderState(94)) - om1: shutdown om1@group-C5BA1605619E-LeaderStateImpl
2023-12-01 12:07:32,196 [om1-impl-thread2] INFO  impl.PendingRequests (PendingRequests.java:sendNotLeaderResponses(289)) - om1@group-C5BA1605619E-PendingRequests: sendNotLeaderResponses
2023-12-01 12:07:32,197 [om1@group-C5BA1605619E-StateMachineUpdater] INFO  ratis.OzoneManagerStateMachine (OzoneManagerStateMachine.java:takeSnapshot(492)) - Current Snapshot Index (t:1, i:0)
2023-12-01 12:07:32,197 [om1-impl-thread2] INFO  impl.StateMachineUpdater (StateMachineUpdater.java:stopAndJoin(157)) - om1@group-C5BA1605619E-StateMachineUpdater: set stopIndex = 0
2023-12-01 12:07:32,198 [main] INFO  server.GrpcService (GrpcService.java:closeImpl(320)) - om1: shutdown server GrpcServerProtocolService successfully
2023-12-01 12:07:32,199 [bece060d-3fe8-48fd-a57c-c67080073878-DatanodeStateMachineTaskThread-0] INFO  datanode.InitDatanodeState (InitDatanodeState.java:persistContainerDatanodeDetails(139)) - DatanodeDetails is persisted to /home/runner/work/ozone/ozone/hadoop-ozone/integration-test/target/test-dir/MiniOzoneClusterImpl-6e44b040-7731-4908-af37-66cbba4f501b/datanode-2/meta/datanode.id
2023-12-01 12:07:32,207 [om1@group-C5BA1605619E-StateMachineUpdater] INFO  impl.StateMachineUpdater (StateMachineUpdater.java:takeSnapshot(295)) - om1@group-C5BA1605619E-StateMachineUpdater: Took a snapshot at index 0
2023-12-01 12:07:32,207 [om1@group-C5BA1605619E-StateMachineUpdater] INFO  impl.StateMachineUpdater (StateMachineUpdater.java:lambda$new$0(98)) - om1@group-C5BA1605619E-StateMachineUpdater: snapshotIndex: updateIncreasingly -1 -> 0
2023-12-01 12:07:32,207 [om1@group-C5BA1605619E-StateMachineUpdater] INFO  ratis.OzoneManagerStateMachine (OzoneManagerStateMachine.java:close(546)) - StateMachine has shutdown. Shutdown OzoneManager if not already shutdown.
2023-12-01 12:07:32,207 [om1@group-C5BA1605619E-StateMachineUpdater] INFO  ratis.OzoneManagerDoubleBuffer (OzoneManagerDoubleBuffer.java:stopDaemon(575)) - Stopping OMDoubleBuffer flush thread
2023-12-01 12:07:32,207 [om1-OMDoubleBufferFlushThread] INFO  ratis.OzoneManagerDoubleBuffer (OzoneManagerDoubleBuffer.java:canFlush(662)) - OMDoubleBuffer flush thread om1-OMDoubleBufferFlushThread is interrupted and will exit.
2023-12-01 12:07:32,207 [om1-impl-thread2] INFO  server.RaftServer$Division (ServerState.java:close(423)) - om1@group-C5BA1605619E: applyIndex: 0
2023-12-01 12:07:32,208 [om1@group-C5BA1605619E-cacheEviction-AwaitToRun] INFO  util.AwaitToRun (AwaitToRun.java:run(49)) - om1@group-C5BA1605619E-cacheEviction-AwaitToRun-AwaitForSignal is interrupted
2023-12-01 12:07:32,500 [om1-impl-thread2] INFO  segmented.SegmentedRaftLogWorker (SegmentedRaftLogWorker.java:close(243)) - om1@group-C5BA1605619E-SegmentedRaftLogWorker close()
2023-12-01 12:07:32,501 [JvmPauseMonitor9] INFO  util.JvmPauseMonitor (JvmPauseMonitor.java:run(152)) - JvmPauseMonitor-om1: Stopped
2023-12-01 12:07:32,501 [main] INFO  ratis.OzoneManagerStateMachine (OzoneManagerStateMachine.java:close(546)) - StateMachine has shutdown. Shutdown OzoneManager if not already shutdown.
2023-12-01 12:07:32,501 [main] INFO  ratis.OzoneManagerDoubleBuffer (OzoneManagerDoubleBuffer.java:stopDaemon(584)) - OMDoubleBuffer flush thread is not running.
2023-12-01 12:07:32,501 [main] INFO  utils.BackgroundService (BackgroundService.java:shutdown(160)) - Shutting down service KeyDeletingService
2023-12-01 12:07:32,502 [main] INFO  utils.BackgroundService (BackgroundService.java:shutdown(160)) - Shutting down service DirectoryDeletingService
2023-12-01 12:07:32,502 [main] INFO  utils.BackgroundService (BackgroundService.java:shutdown(160)) - Shutting down service OpenKeyCleanupService
2023-12-01 12:07:32,502 [main] INFO  utils.BackgroundService (BackgroundService.java:shutdown(160)) - Shutting down service SstFilteringService
2023-12-01 12:07:32,502 [main] INFO  utils.BackgroundService (BackgroundService.java:shutdown(160)) - Shutting down service SnapshotDeletingService
2023-12-01 12:07:32,502 [main] INFO  utils.BackgroundService (BackgroundService.java:shutdown(160)) - Shutting down service MultipartUploadCleanupService
2023-12-01 12:07:32,503 [main] INFO  handler.ContextHandler (ContextHandler.java:doStop(1159)) - Stopped o.e.j.w.WebAppContext@1b574b87{ozoneManager,/,null,STOPPED}{file:/home/runner/work/ozone/ozone/hadoop-ozone/integration-test/target/test-classes/webapps/ozoneManager}
2023-12-01 12:07:32,504 [main] INFO  server.AbstractConnector (AbstractConnector.java:doStop(383)) - Stopped ServerConnector@609b2a43{HTTP/1.1, (http/1.1)}{0.0.0.0:15067}
2023-12-01 12:07:32,504 [main] INFO  server.session (HouseKeeper.java:stopScavenging(149)) - node0 Stopped scavenging
2023-12-01 12:07:32,504 [main] INFO  handler.ContextHandler (ContextHandler.java:doStop(1159)) - Stopped o.e.j.s.ServletContextHandler@7b7afcac{static,/static,file:///home/runner/work/ozone/ozone/hadoop-ozone/integration-test/target/test-classes/webapps/static,STOPPED}
2023-12-01 12:07:32,504 [main] INFO  handler.ContextHandler (ContextHandler.java:doStop(1159)) - Stopped o.e.j.s.ServletContextHandler@6f5db8ff{logs,/logs,file:///home/runner/work/ozone/ozone/hadoop-ozone/integration-test/target/log,STOPPED}
2023-12-01 12:07:32,505 [main] INFO  rocksdiff.RocksDBCheckpointDiffer (RocksDBCheckpointDiffer.java:close(310)) - Shutting down CompactionDagPruningService.
2023-12-01 12:07:32,506 [main] INFO  snapshot.SnapshotDiffManager (SnapshotDiffManager.java:closeExecutorService(1716)) - Shutting down executorService: 'SnapDiffExecutor'
2023-12-01 12:07:32,507 [main] INFO  snapshot.SnapshotDiffManager (SnapshotDiffManager.java:closeExecutorService(1716)) - Shutting down executorService: 'SstDumpToolExecutor'
2023-12-01 12:07:32,507 [main] INFO  utils.BackgroundService (BackgroundService.java:shutdown(160)) - Shutting down service SnapshotDiffCleanupService
2023-12-01 12:07:32,507 [main] INFO  ozone.MiniOzoneClusterImpl (MiniOzoneClusterImpl.java:stopDatanodes(536)) - Stopping the HddsDatanodes
2023-12-01 12:07:32,509 [ForkJoinPool.commonPool-worker-5] INFO  ozoneimpl.OzoneContainer (OzoneContainer.java:stop(463)) - Attempting to stop container services.
2023-12-01 12:07:32,509 [main] INFO  ozoneimpl.OzoneContainer (OzoneContainer.java:stop(463)) - Attempting to stop container services.
2023-12-01 12:07:32,509 [ForkJoinPool.commonPool-worker-5] INFO  utils.DatanodeStoreCache (DatanodeStoreCache.java:shutdownCache(110)) - Skip clearing cache in mini cluster mode. Entries left: [/home/runner/work/ozone/ozone/hadoop-ozone/integration-test/target/test-dir/MiniOzoneClusterImpl-6e44b040-7731-4908-af37-66cbba4f501b/datanode-0/data-0/containers/hdds/6e44b040-7731-4908-af37-66cbba4f501b/DS-4f3f86f9-a925-49b1-b350-3bbcb72352cc/container.db, /home/runner/work/ozone/ozone/hadoop-ozone/integration-test/target/test-dir/MiniOzoneClusterImpl-6e44b040-7731-4908-af37-66cbba4f501b/datanode-1/data-0/containers/hdds/6e44b040-7731-4908-af37-66cbba4f501b/DS-92467a08-f24c-4960-a7bd-2f4b47240d51/container.db, /home/runner/work/ozone/ozone/hadoop-ozone/integration-test/target/test-dir/MiniOzoneClusterImpl-6e44b040-7731-4908-af37-66cbba4f501b/datanode-2/data-0/containers/hdds/6e44b040-7731-4908-af37-66cbba4f501b/DS-d49a9d4f-c9f4-4fc1-902f-d24227cf3630/container.db]
2023-12-01 12:07:32,509 [main] INFO  utils.DatanodeStoreCache (DatanodeStoreCache.java:shutdownCache(110)) - Skip clearing cache in mini cluster mode. Entries left: [/home/runner/work/ozone/ozone/hadoop-ozone/integration-test/target/test-dir/MiniOzoneClusterImpl-6e44b040-7731-4908-af37-66cbba4f501b/datanode-0/data-0/containers/hdds/6e44b040-7731-4908-af37-66cbba4f501b/DS-4f3f86f9-a925-49b1-b350-3bbcb72352cc/container.db, /home/runner/work/ozone/ozone/hadoop-ozone/integration-test/target/test-dir/MiniOzoneClusterImpl-6e44b040-7731-4908-af37-66cbba4f501b/datanode-1/data-0/containers/hdds/6e44b040-7731-4908-af37-66cbba4f501b/DS-92467a08-f24c-4960-a7bd-2f4b47240d51/container.db, /home/runner/work/ozone/ozone/hadoop-ozone/integration-test/target/test-dir/MiniOzoneClusterImpl-6e44b040-7731-4908-af37-66cbba4f501b/datanode-2/data-0/containers/hdds/6e44b040-7731-4908-af37-66cbba4f501b/DS-d49a9d4f-c9f4-4fc1-902f-d24227cf3630/container.db]
2023-12-01 12:07:32,511 [ForkJoinPool.commonPool-worker-1] INFO  ozoneimpl.OzoneContainer (OzoneContainer.java:stop(463)) - Attempting to stop container services.
2023-12-01 12:07:32,511 [ForkJoinPool.commonPool-worker-1] INFO  utils.DatanodeStoreCache (DatanodeStoreCache.java:shutdownCache(110)) - Skip clearing cache in mini cluster mode. Entries left: [/home/runner/work/ozone/ozone/hadoop-ozone/integration-test/target/test-dir/MiniOzoneClusterImpl-6e44b040-7731-4908-af37-66cbba4f501b/datanode-2/data-0/containers/hdds/6e44b040-7731-4908-af37-66cbba4f501b/DS-d49a9d4f-c9f4-4fc1-902f-d24227cf3630/container.db]
2023-12-01 12:07:32,513 [main] INFO  utils.DatanodeStoreCache (DatanodeStoreCache.java:removeDB(104)) - Removed db /home/runner/work/ozone/ozone/hadoop-ozone/integration-test/target/test-dir/MiniOzoneClusterImpl-6e44b040-7731-4908-af37-66cbba4f501b/datanode-1/data-0/containers/hdds/6e44b040-7731-4908-af37-66cbba4f501b/DS-92467a08-f24c-4960-a7bd-2f4b47240d51/container.db from cache
2023-12-01 12:07:32,513 [ForkJoinPool.commonPool-worker-5] INFO  utils.DatanodeStoreCache (DatanodeStoreCache.java:removeDB(104)) - Removed db /home/runner/work/ozone/ozone/hadoop-ozone/integration-test/target/test-dir/MiniOzoneClusterImpl-6e44b040-7731-4908-af37-66cbba4f501b/datanode-0/data-0/containers/hdds/6e44b040-7731-4908-af37-66cbba4f501b/DS-4f3f86f9-a925-49b1-b350-3bbcb72352cc/container.db from cache
2023-12-01 12:07:32,513 [ForkJoinPool.commonPool-worker-5] INFO  volume.HddsVolume (HddsVolume.java:closeDbStore(453)) - SchemaV3 db is stopped at /home/runner/work/ozone/ozone/hadoop-ozone/integration-test/target/test-dir/MiniOzoneClusterImpl-6e44b040-7731-4908-af37-66cbba4f501b/datanode-0/data-0/containers/hdds/6e44b040-7731-4908-af37-66cbba4f501b/DS-4f3f86f9-a925-49b1-b350-3bbcb72352cc/container.db for volume DS-4f3f86f9-a925-49b1-b350-3bbcb72352cc
2023-12-01 12:07:32,513 [main] INFO  volume.HddsVolume (HddsVolume.java:closeDbStore(453)) - SchemaV3 db is stopped at /home/runner/work/ozone/ozone/hadoop-ozone/integration-test/target/test-dir/MiniOzoneClusterImpl-6e44b040-7731-4908-af37-66cbba4f501b/datanode-1/data-0/containers/hdds/6e44b040-7731-4908-af37-66cbba4f501b/DS-92467a08-f24c-4960-a7bd-2f4b47240d51/container.db for volume DS-92467a08-f24c-4960-a7bd-2f4b47240d51
2023-12-01 12:07:32,513 [ForkJoinPool.commonPool-worker-1] INFO  utils.DatanodeStoreCache (DatanodeStoreCache.java:removeDB(104)) - Removed db /home/runner/work/ozone/ozone/hadoop-ozone/integration-test/target/test-dir/MiniOzoneClusterImpl-6e44b040-7731-4908-af37-66cbba4f501b/datanode-2/data-0/containers/hdds/6e44b040-7731-4908-af37-66cbba4f501b/DS-d49a9d4f-c9f4-4fc1-902f-d24227cf3630/container.db from cache
2023-12-01 12:07:32,514 [ForkJoinPool.commonPool-worker-1] INFO  volume.HddsVolume (HddsVolume.java:closeDbStore(453)) - SchemaV3 db is stopped at /home/runner/work/ozone/ozone/hadoop-ozone/integration-test/target/test-dir/MiniOzoneClusterImpl-6e44b040-7731-4908-af37-66cbba4f501b/datanode-2/data-0/containers/hdds/6e44b040-7731-4908-af37-66cbba4f501b/DS-d49a9d4f-c9f4-4fc1-902f-d24227cf3630/container.db for volume DS-d49a9d4f-c9f4-4fc1-902f-d24227cf3630
2023-12-01 12:07:32,514 [main] INFO  utils.BackgroundService (BackgroundService.java:shutdown(160)) - Shutting down service BlockDeletingService
2023-12-01 12:07:32,514 [main] INFO  utils.BackgroundService (BackgroundService.java:shutdown(160)) - Shutting down service StaleRecoveringContainerScrubbingService
2023-12-01 12:07:32,515 [ForkJoinPool.commonPool-worker-5] INFO  utils.BackgroundService (BackgroundService.java:shutdown(160)) - Shutting down service BlockDeletingService
2023-12-01 12:07:32,515 [ForkJoinPool.commonPool-worker-5] INFO  utils.BackgroundService (BackgroundService.java:shutdown(160)) - Shutting down service StaleRecoveringContainerScrubbingService
2023-12-01 12:07:32,515 [ForkJoinPool.commonPool-worker-1] INFO  utils.BackgroundService (BackgroundService.java:shutdown(160)) - Shutting down service BlockDeletingService
2023-12-01 12:07:32,515 [ForkJoinPool.commonPool-worker-1] INFO  utils.BackgroundService (BackgroundService.java:shutdown(160)) - Shutting down service StaleRecoveringContainerScrubbingService
2023-12-01 12:07:32,517 [ForkJoinPool.commonPool-worker-5] INFO  statemachine.DatanodeStateMachine (DatanodeStateMachine.java:stopDaemon(638)) - Ozone container server stopped.
2023-12-01 12:07:32,517 [ForkJoinPool.commonPool-worker-1] INFO  statemachine.DatanodeStateMachine (DatanodeStateMachine.java:stopDaemon(638)) - Ozone container server stopped.
2023-12-01 12:07:32,517 [main] INFO  statemachine.DatanodeStateMachine (DatanodeStateMachine.java:stopDaemon(638)) - Ozone container server stopped.
2023-12-01 12:07:32,518 [main] INFO  handler.ContextHandler (ContextHandler.java:doStop(1159)) - Stopped o.e.j.w.WebAppContext@247f409d{hddsDatanode,/,null,STOPPED}{jar:file:/home/runner/.m2/repository/org/apache/ozone/hdds-container-service/1.4.0-SNAPSHOT/hdds-container-service-1.4.0-SNAPSHOT.jar!/webapps/hddsDatanode}
2023-12-01 12:07:32,520 [ForkJoinPool.commonPool-worker-5] INFO  handler.ContextHandler (ContextHandler.java:doStop(1159)) - Stopped o.e.j.w.WebAppContext@48e7a9df{hddsDatanode,/,null,STOPPED}{jar:file:/home/runner/.m2/repository/org/apache/ozone/hdds-container-service/1.4.0-SNAPSHOT/hdds-container-service-1.4.0-SNAPSHOT.jar!/webapps/hddsDatanode}
2023-12-01 12:07:32,521 [ForkJoinPool.commonPool-worker-1] INFO  handler.ContextHandler (ContextHandler.java:doStop(1159)) - Stopped o.e.j.w.WebAppContext@638b60e5{hddsDatanode,/,null,STOPPED}{jar:file:/home/runner/.m2/repository/org/apache/ozone/hdds-container-service/1.4.0-SNAPSHOT/hdds-container-service-1.4.0-SNAPSHOT.jar!/webapps/hddsDatanode}
2023-12-01 12:07:32,521 [ForkJoinPool.commonPool-worker-5] INFO  server.AbstractConnector (AbstractConnector.java:doStop(383)) - Stopped ServerConnector@5650911e{HTTP/1.1, (http/1.1)}{0.0.0.0:15071}
2023-12-01 12:07:32,521 [ForkJoinPool.commonPool-worker-5] INFO  server.session (HouseKeeper.java:stopScavenging(149)) - node0 Stopped scavenging
2023-12-01 12:07:32,522 [ForkJoinPool.commonPool-worker-5] INFO  handler.ContextHandler (ContextHandler.java:doStop(1159)) - Stopped o.e.j.s.ServletContextHandler@1d7694b9{static,/static,jar:file:/home/runner/.m2/repository/org/apache/ozone/hdds-container-service/1.4.0-SNAPSHOT/hdds-container-service-1.4.0-SNAPSHOT.jar!/webapps/static,STOPPED}
2023-12-01 12:07:32,522 [main] INFO  server.AbstractConnector (AbstractConnector.java:doStop(383)) - Stopped ServerConnector@7ec35323{HTTP/1.1, (http/1.1)}{0.0.0.0:15080}
2023-12-01 12:07:32,523 [ForkJoinPool.commonPool-worker-1] INFO  server.AbstractConnector (AbstractConnector.java:doStop(383)) - Stopped ServerConnector@3ae72c34{HTTP/1.1, (http/1.1)}{0.0.0.0:15089}
2023-12-01 12:07:32,523 [ForkJoinPool.commonPool-worker-5] INFO  handler.ContextHandler (ContextHandler.java:doStop(1159)) - Stopped o.e.j.s.ServletContextHandler@7760e931{logs,/logs,file:///home/runner/work/ozone/ozone/hadoop-ozone/integration-test/target/log,STOPPED}
2023-12-01 12:07:32,523 [main] INFO  server.session (HouseKeeper.java:stopScavenging(149)) - node0 Stopped scavenging
2023-12-01 12:07:32,523 [ForkJoinPool.commonPool-worker-1] INFO  server.session (HouseKeeper.java:stopScavenging(149)) - node0 Stopped scavenging
2023-12-01 12:07:32,523 [main] INFO  handler.ContextHandler (ContextHandler.java:doStop(1159)) - Stopped o.e.j.s.ServletContextHandler@3fdb9eb9{static,/static,jar:file:/home/runner/.m2/repository/org/apache/ozone/hdds-container-service/1.4.0-SNAPSHOT/hdds-container-service-1.4.0-SNAPSHOT.jar!/webapps/static,STOPPED}
2023-12-01 12:07:32,524 [ForkJoinPool.commonPool-worker-5] INFO  ozone.HddsDatanodeClientProtocolServer (HddsDatanodeClientProtocolServer.java:stop(78)) - Stopping the RPC server for Client Protocol
2023-12-01 12:07:32,524 [main] INFO  handler.ContextHandler (ContextHandler.java:doStop(1159)) - Stopped o.e.j.s.ServletContextHandler@795fe754{logs,/logs,file:///home/runner/work/ozone/ozone/hadoop-ozone/integration-test/target/log,STOPPED}
2023-12-01 12:07:32,525 [ForkJoinPool.commonPool-worker-1] INFO  handler.ContextHandler (ContextHandler.java:doStop(1159)) - Stopped o.e.j.s.ServletContextHandler@5e5eb9a2{static,/static,jar:file:/home/runner/.m2/repository/org/apache/ozone/hdds-container-service/1.4.0-SNAPSHOT/hdds-container-service-1.4.0-SNAPSHOT.jar!/webapps/static,STOPPED}
2023-12-01 12:07:32,525 [ForkJoinPool.commonPool-worker-5] INFO  ipc.Server (Server.java:stop(3523)) - Stopping server on 15072
2023-12-01 12:07:32,525 [ForkJoinPool.commonPool-worker-1] INFO  handler.ContextHandler (ContextHandler.java:doStop(1159)) - Stopped o.e.j.s.ServletContextHandler@2cefe6f6{logs,/logs,file:///home/runner/work/ozone/ozone/hadoop-ozone/integration-test/target/log,STOPPED}
2023-12-01 12:07:32,526 [IPC Server listener on 15072] INFO  ipc.Server (Server.java:run(1434)) - Stopping IPC Server listener on 15072
2023-12-01 12:07:32,526 [IPC Server Responder] INFO  ipc.Server (Server.java:run(1567)) - Stopping IPC Server Responder
2023-12-01 12:07:32,526 [main] INFO  ozone.HddsDatanodeClientProtocolServer (HddsDatanodeClientProtocolServer.java:stop(78)) - Stopping the RPC server for Client Protocol
2023-12-01 12:07:32,528 [main] INFO  ipc.Server (Server.java:stop(3523)) - Stopping server on 15081
2023-12-01 12:07:32,528 [ForkJoinPool.commonPool-worker-1] INFO  ozone.HddsDatanodeClientProtocolServer (HddsDatanodeClientProtocolServer.java:stop(78)) - Stopping the RPC server for Client Protocol
2023-12-01 12:07:32,528 [IPC Server listener on 15081] INFO  ipc.Server (Server.java:run(1434)) - Stopping IPC Server listener on 15081
2023-12-01 12:07:32,529 [ForkJoinPool.commonPool-worker-1] INFO  ipc.Server (Server.java:stop(3523)) - Stopping server on 15090
2023-12-01 12:07:32,530 [IPC Server Responder] INFO  ipc.Server (Server.java:run(1567)) - Stopping IPC Server Responder
2023-12-01 12:07:32,530 [IPC Server listener on 15090] INFO  ipc.Server (Server.java:run(1434)) - Stopping IPC Server listener on 15090
2023-12-01 12:07:32,530 [IPC Server Responder] INFO  ipc.Server (Server.java:run(1567)) - Stopping IPC Server Responder
2023-12-01 12:07:32,531 [main] INFO  ozone.MiniOzoneClusterImpl (MiniOzoneClusterImpl.java:stopSCM(551)) - Stopping the StorageContainerManager
2023-12-01 12:07:32,531 [main] INFO  server.StorageContainerManager (StorageContainerManager.java:stop(1620)) - Container Balancer is not running.
2023-12-01 12:07:32,532 [main] INFO  server.StorageContainerManager (StorageContainerManager.java:stopReplicationManager(1753)) - Stopping Replication Manager Service.
2023-12-01 12:07:32,532 [main] INFO  replication.ReplicationManager (ReplicationManager.java:stop(322)) - Stopping Replication Monitor Thread.
2023-12-01 12:07:32,532 [UnderReplicatedProcessor] WARN  replication.UnhealthyReplicationProcessor (UnhealthyReplicationProcessor.java:run(180)) - UnderReplicatedProcessor interrupted. Exiting...
2023-12-01 12:07:32,532 [OverReplicatedProcessor] WARN  replication.UnhealthyReplicationProcessor (UnhealthyReplicationProcessor.java:run(180)) - OverReplicatedProcessor interrupted. Exiting...
2023-12-01 12:07:32,532 [ReplicationMonitor] INFO  replication.ReplicationManager (ReplicationManager.java:run(921)) - Replication Monitor Thread is stopped
2023-12-01 12:07:32,533 [main] INFO  server.StorageContainerManager (StorageContainerManager.java:stop(1629)) - Stopping the Datanode Admin Monitor.
2023-12-01 12:07:32,533 [main] INFO  server.StorageContainerManager (StorageContainerManager.java:stop(1636)) - Stopping datanode service RPC server
2023-12-01 12:07:32,533 [main] INFO  server.SCMDatanodeProtocolServer (SCMDatanodeProtocolServer.java:stop(424)) - Stopping the RPC server for DataNodes
2023-12-01 12:07:32,533 [main] INFO  ipc.Server (Server.java:stop(3523)) - Stopping server on 15064
2023-12-01 12:07:32,535 [IPC Server listener on 15064] INFO  ipc.Server (Server.java:run(1434)) - Stopping IPC Server listener on 15064
2023-12-01 12:07:32,536 [IPC Server Responder] INFO  ipc.Server (Server.java:run(1567)) - Stopping IPC Server Responder
2023-12-01 12:07:32,572 [RatisPipelineUtilsThread-0] ERROR pipeline.PipelinePlacementPolicy (PipelinePlacementPolicy.java:filterViableNodes(143)) - No healthy node found to allocate container.
2023-12-01 12:07:32,732 [SCMHeartbeatProcessor-0] WARN  node.NodeStateManager (NodeStateManager.java:scheduleNextHealthCheck(878)) - Current Thread is interrupted, shutting down HB processing thread for Node Manager.
2023-12-01 12:07:32,733 [main] INFO  server.StorageContainerManager (StorageContainerManager.java:stop(1644)) - Stopping block service RPC server
2023-12-01 12:07:32,733 [main] INFO  server.SCMBlockProtocolServer (SCMBlockProtocolServer.java:stop(167)) - Stopping the RPC server for Block Protocol
2023-12-01 12:07:32,733 [main] INFO  ipc.Server (Server.java:stop(3523)) - Stopping server on 15063
2023-12-01 12:07:32,734 [IPC Server listener on 15063] INFO  ipc.Server (Server.java:run(1434)) - Stopping IPC Server listener on 15063
2023-12-01 12:07:32,735 [IPC Server Responder] INFO  ipc.Server (Server.java:run(1567)) - Stopping IPC Server Responder
2023-12-01 12:07:32,735 [main] INFO  server.StorageContainerManager (StorageContainerManager.java:stop(1651)) - Stopping the StorageContainerLocationProtocol RPC server
2023-12-01 12:07:32,735 [main] INFO  server.SCMClientProtocolServer (SCMClientProtocolServer.java:stop(210)) - Stopping the RPC server for Client Protocol
2023-12-01 12:07:32,735 [main] INFO  ipc.Server (Server.java:stop(3523)) - Stopping server on 15062
2023-12-01 12:07:32,737 [IPC Server Responder] INFO  ipc.Server (Server.java:run(1567)) - Stopping IPC Server Responder
2023-12-01 12:07:32,737 [IPC Server listener on 15062] INFO  ipc.Server (Server.java:run(1434)) - Stopping IPC Server listener on 15062
2023-12-01 12:07:32,737 [main] INFO  server.StorageContainerManager (StorageContainerManager.java:stop(1658)) - Stopping Storage Container Manager HTTP server.
2023-12-01 12:07:32,738 [main] INFO  handler.ContextHandler (ContextHandler.java:doStop(1159)) - Stopped o.e.j.w.WebAppContext@66ac212{scm,/,null,STOPPED}{file:/home/runner/work/ozone/ozone/hadoop-ozone/integration-test/target/test-classes/webapps/scm}
2023-12-01 12:07:32,739 [main] INFO  server.AbstractConnector (AbstractConnector.java:doStop(383)) - Stopped ServerConnector@2fbba0b1{HTTP/1.1, (http/1.1)}{0.0.0.0:15065}
2023-12-01 12:07:32,739 [main] INFO  server.session (HouseKeeper.java:stopScavenging(149)) - node0 Stopped scavenging
2023-12-01 12:07:32,739 [main] INFO  handler.ContextHandler (ContextHandler.java:doStop(1159)) - Stopped o.e.j.s.ServletContextHandler@32c21fa9{static,/static,file:///home/runner/work/ozone/ozone/hadoop-ozone/integration-test/target/test-classes/webapps/static,STOPPED}
2023-12-01 12:07:32,739 [main] INFO  handler.ContextHandler (ContextHandler.java:doStop(1159)) - Stopped o.e.j.s.ServletContextHandler@33c97392{logs,/logs,file:///home/runner/work/ozone/ozone/hadoop-ozone/integration-test/target/log,STOPPED}
2023-12-01 12:07:32,740 [main] INFO  server.StorageContainerManager (StorageContainerManager.java:stop(1666)) - Stopping SCM LayoutVersionManager Service.
2023-12-01 12:07:32,740 [main] INFO  server.StorageContainerManager (StorageContainerManager.java:stop(1678)) - Stopping Block Manager Service.
2023-12-01 12:07:32,740 [main] INFO  utils.BackgroundService (BackgroundService.java:shutdown(160)) - Shutting down service SCMBlockDeletingService
2023-12-01 12:07:32,740 [main] INFO  utils.BackgroundService (BackgroundService.java:shutdown(160)) - Shutting down service SCMBlockDeletingService
2023-12-01 12:07:32,741 [main] INFO  server.StorageContainerManager (StorageContainerManager.java:stop(1698)) - Stopping SCM Event Queue.
2023-12-01 12:07:32,741 [JvmPauseMonitor8] INFO  util.JvmPauseMonitor (JvmPauseMonitor.java:run(152)) - JvmPauseMonitor-e4075fe4-0516-4029-9437-c1113e446202: Stopped
2023-12-01 12:07:32,741 [main] INFO  server.StorageContainerManager (StorageContainerManager.java:stop(1709)) - Stopping SCM HA services.
2023-12-01 12:07:32,741 [main] INFO  pipeline.BackgroundPipelineCreator (BackgroundPipelineCreator.java:stop(152)) - Stopping RatisPipelineUtilsThread.
2023-12-01 12:07:32,741 [RatisPipelineUtilsThread-0] WARN  pipeline.BackgroundPipelineCreator (BackgroundPipelineCreator.java:run(183)) - RatisPipelineUtilsThread is interrupted.
2023-12-01 12:07:32,742 [main] INFO  BackgroundPipelineScrubber (BackgroundSCMService.java:stop(131)) - Stopping BackgroundPipelineScrubber Service.
2023-12-01 12:07:32,742 [BackgroundPipelineScrubber] WARN  BackgroundPipelineScrubber (BackgroundSCMService.java:run(115)) - BackgroundPipelineScrubber is interrupted, exit
2023-12-01 12:07:32,742 [main] INFO  impl.MetricsSystemImpl (MetricsSystemImpl.java:stop(210)) - Stopping HddsDatanode metrics system...
2023-12-01 12:07:32,743 [prometheus] INFO  impl.MetricsSinkAdapter (MetricsSinkAdapter.java:publishMetricsFromQueue(141)) - prometheus thread interrupted.
2023-12-01 12:07:32,743 [main] INFO  impl.MetricsSystemImpl (MetricsSystemImpl.java:stop(216)) - HddsDatanode metrics system stopped.
2023-12-01 12:07:32,744 [main] WARN  pipeline.BackgroundPipelineCreator (BackgroundPipelineCreator.java:stop(148)) - RatisPipelineUtilsThread is not running, just ignore.
2023-12-01 12:07:32,744 [main] INFO  BackgroundPipelineScrubber (BackgroundSCMService.java:stop(126)) - BackgroundPipelineScrubber Service is not running, skip stop.
2023-12-01 12:07:32,744 [main] INFO  ExpiredContainerReplicaOpScrubber (BackgroundSCMService.java:stop(131)) - Stopping ExpiredContainerReplicaOpScrubber Service.
2023-12-01 12:07:32,744 [ExpiredContainerReplicaOpScrubber] WARN  ExpiredContainerReplicaOpScrubber (BackgroundSCMService.java:run(115)) - ExpiredContainerReplicaOpScrubber is interrupted, exit
2023-12-01 12:07:32,744 [main] INFO  utils.BackgroundService (BackgroundService.java:shutdown(160)) - Shutting down service SCMBlockDeletingService
2023-12-01 12:07:32,744 [main] INFO  replication.ReplicationManager (ReplicationManager.java:stop(332)) - Replication Monitor Thread is not running.
2023-12-01 12:07:32,744 [main] WARN  balancer.ContainerBalancer (ContainerBalancer.java:stop(327)) - Cannot stop Container Balancer because it's not running or stopping
2023-12-01 12:07:32,744 [LeaseManager#LeaseMonitor] WARN  lease.LeaseManager (LeaseManager.java:run(287)) - Lease manager is interrupted. Shutting down...
java.lang.InterruptedException
	at java.util.concurrent.locks.AbstractQueuedSynchronizer.doAcquireSharedNanos(AbstractQueuedSynchronizer.java:1039)
	at java.util.concurrent.locks.AbstractQueuedSynchronizer.tryAcquireSharedNanos(AbstractQueuedSynchronizer.java:1328)
	at java.util.concurrent.Semaphore.tryAcquire(Semaphore.java:409)
	at org.apache.hadoop.ozone.lease.LeaseManager$LeaseMonitor.run(LeaseManager.java:285)
	at java.lang.Thread.run(Thread.java:750)
2023-12-01 12:07:32,744 [main] INFO  server.StorageContainerManager (StorageContainerManager.java:stop(1744)) - Stopping SCM MetadataStore.
2023-12-01 12:07:32,772 [main] INFO  db.CodecTestUtil (CodecTestUtil.java:gc(47)) - gc 0
]]></system-out>
  </testcase>
  <testcase name="testAutomaticPipelineCreationDisablingFactorONE" classname="org.apache.hadoop.hdds.scm.pipeline.TestRatisPipelineCreateAndDestroy" time="24.485">
    <system-out><![CDATA[2023-12-01 12:07:33,121 [main] WARN  server.ServerUtils (ServerUtils.java:getScmDbDir(155)) - ozone.scm.db.dirs is not configured. We recommend adding this setting. Falling back to ozone.metadata.dirs instead.
2023-12-01 12:07:33,124 [main] WARN  server.ServerUtils (ServerUtils.java:getScmDbDir(155)) - ozone.scm.db.dirs is not configured. We recommend adding this setting. Falling back to ozone.metadata.dirs instead.
2023-12-01 12:07:33,124 [main] INFO  ha.SCMHANodeDetails (SCMHANodeDetails.java:loadSCMHAConfig(210)) - ServiceID for StorageContainerManager is null
2023-12-01 12:07:33,124 [main] INFO  ha.SCMHANodeDetails (SCMHANodeDetails.java:loadSCMHAConfig(215)) - ozone.scm.default.service.id is not defined, falling back to ozone.scm.service.ids to find serviceID for StorageContainerManager if it is HA enabled cluster
2023-12-01 12:07:33,125 [main] WARN  utils.HAUtils (HAUtils.java:getMetaDir(339)) - ozone.scm.db.dirs is not configured. We recommend adding this setting. Falling back to ozone.metadata.dirs instead.
2023-12-01 12:07:33,126 [main] WARN  db.DBStoreBuilder (DBStoreBuilder.java:applyDBDefinition(167)) - ozone.scm.db.dirs is not configured. We recommend adding this setting. Falling back to ozone.metadata.dirs instead.
2023-12-01 12:07:33,249 [main] INFO  net.NodeSchemaLoader (NodeSchemaLoader.java:loadSchemaFromFile(129)) - Loading schema from [jar:file:/home/runner/.m2/repository/org/apache/ozone/hdds-common/1.4.0-SNAPSHOT/hdds-common-1.4.0-SNAPSHOT.jar!/network-topology-default.xml]
2023-12-01 12:07:33,250 [main] INFO  net.NodeSchemaLoader (NodeSchemaLoader.java:loadSchema(176)) - Loading network topology layer schema file
2023-12-01 12:07:33,252 [main] INFO  upgrade.AbstractLayoutVersionManager (AbstractLayoutVersionManager.java:init(83)) - Initializing Layout version manager with metadata layout = HADOOP_PRC_PORTS_IN_DATANODEDETAILS (version = 7), software layout = HADOOP_PRC_PORTS_IN_DATANODEDETAILS (version = 7)
2023-12-01 12:07:33,254 [main] INFO  ha.SequenceIdGenerator (SequenceIdGenerator.java:upgradeToSequenceId(370)) - upgrade localId to 111677748019200000
2023-12-01 12:07:33,255 [main] INFO  ha.SequenceIdGenerator (SequenceIdGenerator.java:upgradeToSequenceId(380)) - upgrade delTxnId to 0
2023-12-01 12:07:33,256 [main] INFO  ha.SequenceIdGenerator (SequenceIdGenerator.java:upgradeToSequenceId(397)) - upgrade containerId to 0
2023-12-01 12:07:33,257 [main] INFO  ha.SequenceIdGenerator (SequenceIdGenerator.java:upgradeToCertificateSequenceId(444)) - upgrade CertificateId to 2
2023-12-01 12:07:33,257 [main] INFO  ha.SequenceIdGenerator (SequenceIdGenerator.java:<init>(241)) - Init the HA SequenceIdGenerator.
2023-12-01 12:07:33,258 [main] INFO  node.SCMNodeManager (SCMNodeManager.java:<init>(168)) - Entering startup safe mode.
2023-12-01 12:07:33,259 [main] INFO  algorithms.ContainerPlacementPolicyFactory (ContainerPlacementPolicyFactory.java:getPolicyInternal(86)) - Create container placement policy of type org.apache.hadoop.hdds.scm.container.placement.algorithms.SCMContainerPlacementRackAware
2023-12-01 12:07:33,259 [main] INFO  algorithms.ContainerPlacementPolicyFactory (ContainerPlacementPolicyFactory.java:getPolicyInternal(86)) - Create container placement policy of type org.apache.hadoop.hdds.scm.container.placement.algorithms.SCMContainerPlacementRackScatter
2023-12-01 12:07:33,259 [main] INFO  pipeline.PipelineStateManagerImpl (PipelineStateManagerImpl.java:initialize(78)) - No pipeline exists in current db
2023-12-01 12:07:33,259 [main] INFO  algorithms.LeaderChoosePolicyFactory (LeaderChoosePolicyFactory.java:getPolicy(57)) - Create leader choose policy of type org.apache.hadoop.hdds.scm.pipeline.leader.choose.algorithms.MinLeaderCountChoosePolicy
2023-12-01 12:07:33,259 [main] INFO  algorithms.ContainerPlacementPolicyFactory (ContainerPlacementPolicyFactory.java:getPolicyInternal(86)) - Create container placement policy of type org.apache.hadoop.hdds.scm.container.placement.algorithms.SCMContainerPlacementRackScatter
2023-12-01 12:07:33,260 [main] INFO  ha.SCMServiceManager (SCMServiceManager.java:register(42)) - Registering service BackgroundPipelineCreator.
2023-12-01 12:07:33,260 [main] INFO  pipeline.BackgroundPipelineCreator (BackgroundPipelineCreator.java:start(127)) - Starting RatisPipelineUtilsThread.
2023-12-01 12:07:33,260 [main] INFO  BackgroundPipelineScrubber (BackgroundSCMService.java:start(68)) - Starting BackgroundPipelineScrubber Service.
2023-12-01 12:07:33,260 [main] INFO  ha.SCMServiceManager (SCMServiceManager.java:register(42)) - Registering service BackgroundPipelineScrubber.
2023-12-01 12:07:33,260 [main] INFO  ExpiredContainerReplicaOpScrubber (BackgroundSCMService.java:start(68)) - Starting ExpiredContainerReplicaOpScrubber Service.
2023-12-01 12:07:33,260 [main] INFO  ha.SCMServiceManager (SCMServiceManager.java:register(42)) - Registering service ExpiredContainerReplicaOpScrubber.
2023-12-01 12:07:33,261 [main] INFO  algorithms.PipelineChoosePolicyFactory (PipelineChoosePolicyFactory.java:createPipelineChoosePolicyFromClass(78)) - Create pipeline choose policy of type org.apache.hadoop.hdds.scm.pipeline.choose.algorithms.RandomPipelineChoosePolicy
2023-12-01 12:07:33,261 [main] INFO  algorithms.PipelineChoosePolicyFactory (PipelineChoosePolicyFactory.java:createPipelineChoosePolicyFromClass(78)) - Create pipeline choose policy of type org.apache.hadoop.hdds.scm.pipeline.choose.algorithms.RandomPipelineChoosePolicy
2023-12-01 12:07:33,262 [main] INFO  ha.SCMServiceManager (SCMServiceManager.java:register(42)) - Registering service SCMBlockDeletingService.
2023-12-01 12:07:33,263 [main] INFO  replication.ReplicationManager (ReplicationManager.java:start(290)) - Starting Replication Monitor Thread.
2023-12-01 12:07:33,267 [main] INFO  ha.SCMServiceManager (SCMServiceManager.java:register(42)) - Registering service ReplicationManager.
2023-12-01 12:07:33,268 [main] INFO  safemode.ContainerSafeModeRule (ContainerSafeModeRule.java:<init>(90)) - containers with one replica threshold count 0
2023-12-01 12:07:33,268 [main] INFO  safemode.HealthyPipelineSafeModeRule (HealthyPipelineSafeModeRule.java:initializeRule(169)) - Total pipeline count is 0, healthy pipeline threshold count is 1
2023-12-01 12:07:33,267 [ReplicationMonitor] INFO  replication.ReplicationManager (ReplicationManager.java:processAll(365)) - Replication Manager is not ready to run until 3000ms after safemode exit
2023-12-01 12:07:33,268 [main] INFO  safemode.OneReplicaPipelineSafeModeRule (OneReplicaPipelineSafeModeRule.java:initializeRule(180)) - Total pipeline count is 0, pipeline's with at least one datanode reported threshold count is 0
2023-12-01 12:07:33,269 [main] INFO  server.StorageContainerManager (StorageContainerManager.java:<init>(434)) - SCM start with adminUsers: [runner]
2023-12-01 12:07:33,269 [main] INFO  ipc.CallQueueManager (CallQueueManager.java:<init>(90)) - Using callQueue: class java.util.concurrent.LinkedBlockingQueue, queueCapacity: 2000, scheduler: class org.apache.hadoop.ipc.DefaultRpcScheduler, ipcBackoff: false.
2023-12-01 12:07:33,269 [main] INFO  ipc.Server (Server.java:<init>(1287)) - Listener at 0.0.0.0:15099
2023-12-01 12:07:33,270 [Socket Reader #1 for port 15099] INFO  ipc.Server (Server.java:run(1323)) - Starting Socket Reader #1 for port 15099
2023-12-01 12:07:33,271 [main] INFO  ipc.CallQueueManager (CallQueueManager.java:<init>(90)) - Using callQueue: class java.util.concurrent.LinkedBlockingQueue, queueCapacity: 2000, scheduler: class org.apache.hadoop.ipc.DefaultRpcScheduler, ipcBackoff: false.
2023-12-01 12:07:33,271 [main] INFO  ipc.Server (Server.java:<init>(1287)) - Listener at 0.0.0.0:15098
2023-12-01 12:07:33,271 [Socket Reader #1 for port 15098] INFO  ipc.Server (Server.java:run(1323)) - Starting Socket Reader #1 for port 15098
2023-12-01 12:07:33,276 [main] INFO  ipc.CallQueueManager (CallQueueManager.java:<init>(90)) - Using callQueue: class java.util.concurrent.LinkedBlockingQueue, queueCapacity: 2000, scheduler: class org.apache.hadoop.ipc.DefaultRpcScheduler, ipcBackoff: false.
2023-12-01 12:07:33,276 [main] INFO  ipc.Server (Server.java:<init>(1287)) - Listener at 0.0.0.0:15097
2023-12-01 12:07:33,277 [Socket Reader #1 for port 15097] INFO  ipc.Server (Server.java:run(1323)) - Starting Socket Reader #1 for port 15097
2023-12-01 12:07:33,279 [main] INFO  ha.SCMServiceManager (SCMServiceManager.java:register(42)) - Registering service ContainerBalancer.
2023-12-01 12:07:33,280 [main] INFO  server.StorageContainerManager (StorageContainerManager.java:<init>(447)) - 
Container Balancer status:
Key                            Value
Running                        false
Container Balancer Configuration values:
Key                                                Value
Threshold                                          10
Max Datanodes to Involve per Iteration(percent)    20
Max Size to Move per Iteration                     500GB
Max Size Entering Target per Iteration             26GB
Max Size Leaving Source per Iteration              26GB
Number of Iterations                               10
Time Limit for Single Container's Movement         65min
Time Limit for Single Container's Replication      50min
Interval between each Iteration                    70min
Whether to Enable Network Topology                 false
Whether to Trigger Refresh Datanode Usage Info     false
Container IDs to Exclude from Balancing            None
Datanodes Specified to be Balanced                 None
Datanodes Excluded from Balancing                  None

2023-12-01 12:07:33,280 [main] INFO  ha.SCMContext (SCMContext.java:updateSafeModeStatus(230)) - Update SafeModeStatus from SafeModeStatus{safeModeStatus=true, preCheckPassed=false} to SafeModeStatus{safeModeStatus=true, preCheckPassed=false}.
2023-12-01 12:07:33,281 [main] INFO  server.StorageContainerManager (StorageContainerManager.java:start(1512)) - StorageContainerLocationProtocol RPC server is listening at /0.0.0.0:15097
2023-12-01 12:07:33,283 [main] WARN  impl.MetricsConfig (MetricsConfig.java:loadFirst(136)) - Cannot locate configuration: tried hadoop-metrics2-storagecontainermanager.properties,hadoop-metrics2.properties
2023-12-01 12:07:33,284 [main] INFO  impl.MetricsSystemImpl (MetricsSystemImpl.java:startTimer(378)) - Scheduled Metric snapshot period at 10 second(s).
2023-12-01 12:07:33,284 [main] INFO  impl.MetricsSystemImpl (MetricsSystemImpl.java:start(191)) - StorageContainerManager metrics system started
2023-12-01 12:07:33,288 [main] INFO  impl.MetricsSinkAdapter (MetricsSinkAdapter.java:start(204)) - Sink prometheus started
2023-12-01 12:07:33,289 [main] INFO  impl.MetricsSystemImpl (MetricsSystemImpl.java:registerSink(305)) - Registered sink prometheus
2023-12-01 12:07:33,314 [main] INFO  server.SCMClientProtocolServer (SCMClientProtocolServer.java:start(201)) - RPC server for Client  is listening at /0.0.0.0:15097
2023-12-01 12:07:33,315 [IPC Server Responder] INFO  ipc.Server (Server.java:run(1562)) - IPC Server Responder: starting
2023-12-01 12:07:33,315 [IPC Server listener on 15097] INFO  ipc.Server (Server.java:run(1402)) - IPC Server listener on 15097: starting
2023-12-01 12:07:33,317 [main] INFO  server.StorageContainerManager (StorageContainerManager.java:start(1525)) - ScmBlockLocationProtocol RPC server is listening at /0.0.0.0:15098
2023-12-01 12:07:33,317 [main] INFO  server.SCMBlockProtocolServer (SCMBlockProtocolServer.java:start(158)) - RPC server for Block Protocol is listening at /0.0.0.0:15098
2023-12-01 12:07:33,318 [IPC Server listener on 15098] INFO  ipc.Server (Server.java:run(1402)) - IPC Server listener on 15098: starting
2023-12-01 12:07:33,318 [IPC Server Responder] INFO  ipc.Server (Server.java:run(1562)) - IPC Server Responder: starting
2023-12-01 12:07:33,321 [main] INFO  server.SCMDatanodeProtocolServer (SCMDatanodeProtocolServer.java:start(193)) - ScmDatanodeProtocol RPC server for DataNodes is listening at /0.0.0.0:15099
2023-12-01 12:07:33,321 [IPC Server Responder] INFO  ipc.Server (Server.java:run(1562)) - IPC Server Responder: starting
2023-12-01 12:07:33,321 [IPC Server listener on 15099] INFO  ipc.Server (Server.java:run(1402)) - IPC Server listener on 15099: starting
2023-12-01 12:07:33,323 [JvmPauseMonitor13] INFO  util.JvmPauseMonitor (JvmPauseMonitor.java:run(146)) - JvmPauseMonitor-63045b79-2103-4a8f-8f85-a6f38186e25d: Started
2023-12-01 12:07:33,325 [main] INFO  http.BaseHttpServer (BaseHttpServer.java:newHttpServer2BuilderForOzone(223)) - Starting Web-server for scm at: http://0.0.0.0:15100
2023-12-01 12:07:33,325 [main] INFO  http.BaseHttpServer (BaseHttpServer.java:<init>(110)) - Hadoop Security Enabled: false Ozone Security Enabled: false Ozone HTTP Security Enabled: false 
2023-12-01 12:07:33,326 [main] WARN  server.AuthenticationFilter (AuthenticationFilter.java:constructSecretProvider(240)) - Unable to initialize FileSignerSecretProvider, falling back to use random secrets. Reason: Could not read signature secret file: /home/runner/hadoop-http-auth-signature-secret
2023-12-01 12:07:33,327 [main] INFO  http.HttpRequestLog (HttpRequestLog.java:getRequestLog(86)) - Http request log for http.requests.scm is not defined
2023-12-01 12:07:33,328 [main] INFO  http.HttpServer2 (HttpServer2.java:addGlobalFilter(1031)) - Added global filter 'safety' (class=org.apache.hadoop.hdds.server.http.HttpServer2$QuotingInputFilter)
2023-12-01 12:07:33,329 [main] INFO  http.HttpServer2 (HttpServer2.java:addFilter(1007)) - Added filter static_user_filter (class=org.apache.hadoop.http.lib.StaticUserWebFilter$StaticUserFilter) to context scm
2023-12-01 12:07:33,329 [main] INFO  http.HttpServer2 (HttpServer2.java:addFilter(1015)) - Added filter static_user_filter (class=org.apache.hadoop.http.lib.StaticUserWebFilter$StaticUserFilter) to context static
2023-12-01 12:07:33,329 [main] INFO  http.HttpServer2 (HttpServer2.java:addFilter(1015)) - Added filter static_user_filter (class=org.apache.hadoop.http.lib.StaticUserWebFilter$StaticUserFilter) to context logs
2023-12-01 12:07:33,330 [main] INFO  http.BaseHttpServer (BaseHttpServer.java:<init>(189)) - HTTP server of scm uses base directory /home/runner/work/ozone/ozone/hadoop-ozone/integration-test/target/test-dir/MiniOzoneClusterImpl-b249f779-13f2-4d94-9d49-8f38c7514c74/ozone-meta/webserver
2023-12-01 12:07:33,330 [main] INFO  http.HttpServer2 (HttpServer2.java:bindListener(1231)) - Jetty bound to port 15100
2023-12-01 12:07:33,330 [main] INFO  server.Server (Server.java:doStart(375)) - jetty-9.4.53.v20231009; built: 2023-10-09T12:29:09.265Z; git: 27bde00a0b95a1d5bbee0eae7984f891d2d0f8c9; jvm 1.8.0_392-b08
2023-12-01 12:07:33,331 [main] INFO  server.session (DefaultSessionIdManager.java:doStart(334)) - DefaultSessionIdManager workerName=node0
2023-12-01 12:07:33,331 [main] INFO  server.session (DefaultSessionIdManager.java:doStart(339)) - No SessionScavenger set, using defaults
2023-12-01 12:07:33,332 [main] INFO  server.session (HouseKeeper.java:startScavenging(132)) - node0 Scavenging every 660000ms
2023-12-01 12:07:33,332 [main] INFO  handler.ContextHandler (ContextHandler.java:doStart(921)) - Started o.e.j.s.ServletContextHandler@6184047b{logs,/logs,file:///home/runner/work/ozone/ozone/hadoop-ozone/integration-test/target/log,AVAILABLE}
2023-12-01 12:07:33,333 [main] INFO  handler.ContextHandler (ContextHandler.java:doStart(921)) - Started o.e.j.s.ServletContextHandler@571850c{static,/static,file:///home/runner/work/ozone/ozone/hadoop-ozone/integration-test/target/test-classes/webapps/static,AVAILABLE}
2023-12-01 12:07:33,336 [main] INFO  handler.ContextHandler (ContextHandler.java:doStart(921)) - Started o.e.j.w.WebAppContext@4d5647c4{scm,/,file:///home/runner/work/ozone/ozone/hadoop-ozone/integration-test/target/test-classes/webapps/scm/,AVAILABLE}{file:/home/runner/work/ozone/ozone/hadoop-ozone/integration-test/target/test-classes/webapps/scm}
2023-12-01 12:07:33,337 [main] INFO  server.AbstractConnector (AbstractConnector.java:doStart(333)) - Started ServerConnector@1da9726b{HTTP/1.1, (http/1.1)}{0.0.0.0:15100}
2023-12-01 12:07:33,338 [main] INFO  server.Server (Server.java:doStart(415)) - Started @213777ms
2023-12-01 12:07:33,338 [main] WARN  impl.MetricsSystemImpl (MetricsSystemImpl.java:register(279)) - Sink prometheus already exists!
2023-12-01 12:07:33,338 [main] INFO  http.BaseHttpServer (BaseHttpServer.java:updateConnectorAddress(354)) - HTTP server of scm listening at http://0.0.0.0:15100
2023-12-01 12:07:33,339 [main] WARN  server.ServerUtils (ServerUtils.java:getDBPath(311)) - ozone.om.db.dirs is not configured. We recommend adding this setting. Falling back to ozone.metadata.dirs instead.
2023-12-01 12:07:33,340 [main] INFO  ha.OMHANodeDetails (OMHANodeDetails.java:loadOMHAConfig(115)) - ozone.om.internal.service.id is not defined, falling back to ozone.om.service.ids to find serviceID for OzoneManager if it is HA enabled cluster
2023-12-01 12:07:33,340 [main] INFO  ha.OMHANodeDetails (OMHANodeDetails.java:loadOMHAConfig(226)) - Configuration does not have ozone.om.address set. Falling back to the default OM address /127.0.0.1:15101
2023-12-01 12:07:33,340 [main] INFO  ha.OMHANodeDetails (OMHANodeDetails.java:getOMNodeDetailsForNonHA(254)) - OM Service ID is not set. Setting it to the default ID: omServiceIdDefault
2023-12-01 12:07:33,341 [main] INFO  ha.OMHANodeDetails (OMHANodeDetails.java:getOMNodeDetailsForNonHA(261)) - OM Node ID is not set. Setting it to the default ID: om1
2023-12-01 12:07:33,341 [main] WARN  server.ServerUtils (ServerUtils.java:getDBPath(311)) - ozone.om.db.dirs is not configured. We recommend adding this setting. Falling back to ozone.metadata.dirs instead.
2023-12-01 12:07:33,342 [main] INFO  upgrade.AbstractLayoutVersionManager (AbstractLayoutVersionManager.java:init(83)) - Initializing Layout version manager with metadata layout = QUOTA (version = 6), software layout = QUOTA (version = 6)
2023-12-01 12:07:33,380 [main] INFO  reflections.Reflections (Reflections.java:scan(232)) - Reflections took 37 ms to scan 2 urls, producing 190 keys and 527 values [using 4 cores]
2023-12-01 12:07:33,381 [main] INFO  upgrade.OMLayoutVersionManager (OMLayoutVersionManager.java:lambda$0(115)) - Skipping Upgrade Action MockOmUpgradeAction since it has been finalized.
2023-12-01 12:07:33,381 [main] INFO  upgrade.OMLayoutVersionManager (OMLayoutVersionManager.java:lambda$0(115)) - Skipping Upgrade Action QuotaRepairUpgradeAction since it has been finalized.
2023-12-01 12:07:33,382 [main] WARN  server.ServerUtils (ServerUtils.java:getDBPath(311)) - ozone.om.db.dirs is not configured. We recommend adding this setting. Falling back to ozone.metadata.dirs instead.
2023-12-01 12:07:33,383 [main] INFO  proxy.SCMBlockLocationFailoverProxyProvider (SCMBlockLocationFailoverProxyProvider.java:<init>(115)) - Created block location fail-over proxy with 1 nodes: [nodeId=scmNodeId,nodeAddress=/0.0.0.0:15098]
2023-12-01 12:07:33,384 [main] INFO  proxy.SCMBlockLocationFailoverProxyProvider (SCMBlockLocationFailoverProxyProvider.java:<init>(115)) - Created block location fail-over proxy with 1 nodes: [nodeId=scmNodeId,nodeAddress=/0.0.0.0:15098]
2023-12-01 12:07:33,394 [main] INFO  om.OzoneManager (OzoneManager.java:<init>(674)) - OM start with adminUsers: [runner]
2023-12-01 12:07:33,395 [main] WARN  server.ServerUtils (ServerUtils.java:getDBPath(311)) - ozone.om.db.dirs is not configured. We recommend adding this setting. Falling back to ozone.metadata.dirs instead.
2023-12-01 12:07:33,395 [main] INFO  helpers.OmKeyInfo (OmKeyInfo.java:getCodec(71)) - OmKeyInfo.getCodec ignorePipeline = true
2023-12-01 12:07:33,542 [main] INFO  om.OzoneManager (OzoneManager.java:instantiateServices(808)) - S3 Multi-Tenancy is disabled
2023-12-01 12:07:33,542 [main] INFO  om.OmSnapshotManager (OmSnapshotManager.java:<init>(176)) - Ozone filesystem snapshot feature is enabled.
2023-12-01 12:07:33,542 [main] WARN  server.ServerUtils (ServerUtils.java:getDBPath(311)) - ozone.om.snapshot.diff.db.dir is not configured. We recommend adding this setting. Falling back to ozone.metadata.dirs instead.
2023-12-01 12:07:33,559 [main] INFO  snapshot.SnapshotDiffManager (SnapshotDiffManager.java:closeExecutorService(1716)) - Shutting down executorService: 'SstDumpToolExecutor'
2023-12-01 12:07:33,561 [main] INFO  om.OzoneManager (OzoneManager.java:addS3GVolumeToDB(4440)) - Created Volume s3v With Owner runner required for S3Gateway operations.
2023-12-01 12:07:33,561 [main] WARN  server.ServerUtils (ServerUtils.java:getDefaultRatisDirectory(323)) - Storage directory for Ratis is not configured. It is a good idea to map this to an SSD disk. Falling back to ozone.metadata.dirs
2023-12-01 12:07:33,562 [main] WARN  utils.OzoneManagerRatisUtils (OzoneManagerRatisUtils.java:getOMRatisSnapshotDirectory(473)) - ozone.om.ratis.snapshot.dir is not configured. Falling back to ozone.metadata.dirs config
2023-12-01 12:07:33,562 [main] WARN  server.ServerUtils (ServerUtils.java:getDefaultRatisDirectory(323)) - Storage directory for Ratis is not configured. It is a good idea to map this to an SSD disk. Falling back to ozone.metadata.dirs
2023-12-01 12:07:33,563 [main] INFO  ratis.OzoneManagerRatisServer (OzoneManagerRatisServer.java:<init>(168)) - Instantiating OM Ratis server with groupID: omServiceIdDefault and peers: localhost:15104
2023-12-01 12:07:33,563 [main] INFO  ratis.OzoneManagerStateMachine (OzoneManagerStateMachine.java:loadSnapshotInfoFromDB(708)) - LastAppliedIndex is set from TransactionInfo from OM DB as (t:0, i:~)
2023-12-01 12:07:33,564 [main] INFO  server.RaftServer (ConfUtils.java:logGet(46)) - raft.rpc.type = GRPC (default)
2023-12-01 12:07:33,564 [main] INFO  grpc.GrpcConfigKeys (ConfUtils.java:logFallback(53)) - raft.grpc.admin.host = null (fallback to raft.grpc.server.host)
2023-12-01 12:07:33,564 [main] INFO  grpc.GrpcConfigKeys (ConfUtils.java:logFallback(53)) - raft.grpc.admin.port = 15104 (fallback to raft.grpc.server.port)
2023-12-01 12:07:33,564 [main] INFO  grpc.GrpcConfigKeys (ConfUtils.java:logFallback(53)) - raft.grpc.client.host = null (fallback to raft.grpc.server.host)
2023-12-01 12:07:33,564 [main] INFO  grpc.GrpcConfigKeys (ConfUtils.java:logFallback(53)) - raft.grpc.client.port = 15104 (fallback to raft.grpc.server.port)
2023-12-01 12:07:33,565 [main] INFO  grpc.GrpcConfigKeys (ConfUtils.java:logGet(46)) - raft.grpc.server.host = null (default)
2023-12-01 12:07:33,565 [main] INFO  grpc.GrpcConfigKeys (ConfUtils.java:logGet(46)) - raft.grpc.server.port = 15104 (custom)
2023-12-01 12:07:33,565 [main] INFO  server.GrpcService (ConfUtils.java:logGet(46)) - raft.grpc.message.size.max = 33554432 (custom)
2023-12-01 12:07:33,565 [main] INFO  server.RaftServerConfigKeys (ConfUtils.java:logGet(46)) - raft.server.log.appender.buffer.byte-limit = 33554432 (custom)
2023-12-01 12:07:33,566 [main] INFO  server.GrpcService (ConfUtils.java:logGet(46)) - raft.grpc.flow.control.window = 1MB (=1048576) (default)
2023-12-01 12:07:33,566 [main] INFO  server.RaftServerConfigKeys (ConfUtils.java:logGet(46)) - raft.server.rpc.request.timeout = 3000ms (default)
2023-12-01 12:07:33,566 [main] INFO  grpc.GrpcConfigKeys (ConfUtils.java:logGet(46)) - raft.grpc.server.heartbeat.channel = true (default)
2023-12-01 12:07:33,566 [main] INFO  grpc.GrpcConfigKeys (ConfUtils.java:logGet(46)) - raft.grpc.server.async.request.thread.pool.cached = true (default)
2023-12-01 12:07:33,566 [main] INFO  grpc.GrpcConfigKeys (ConfUtils.java:logGet(46)) - raft.grpc.server.async.request.thread.pool.size = 32 (default)
2023-12-01 12:07:33,568 [main] INFO  impl.DataStreamServerImpl (ConfUtils.java:logGet(46)) - raft.datastream.type = DISABLED (default)
2023-12-01 12:07:33,568 [main] INFO  server.RaftServerConfigKeys (ConfUtils.java:logGet(46)) - raft.server.sleep.deviation.threshold = 300ms (default)
2023-12-01 12:07:33,568 [main] INFO  server.RaftServerConfigKeys (ConfUtils.java:logGet(46)) - raft.server.close.threshold = 60s (default)
2023-12-01 12:07:33,568 [main] INFO  server.RaftServerConfigKeys (ConfUtils.java:logGet(46)) - raft.server.leaderelection.leader.step-down.wait-time = 10s (default)
2023-12-01 12:07:33,568 [main] INFO  server.RaftServerConfigKeys (ConfUtils.java:logGet(46)) - raft.server.storage.dir = [/home/runner/work/ozone/ozone/hadoop-ozone/integration-test/target/test-dir/MiniOzoneClusterImpl-b249f779-13f2-4d94-9d49-8f38c7514c74/ozone-meta/ratis] (custom)
2023-12-01 12:07:33,568 [main] INFO  server.RaftServerConfigKeys (ConfUtils.java:logGet(46)) - raft.server.threadpool.proxy.cached = true (default)
2023-12-01 12:07:33,568 [main] INFO  server.RaftServerConfigKeys (ConfUtils.java:logGet(46)) - raft.server.threadpool.proxy.size = 0 (default)
2023-12-01 12:07:33,569 [main] INFO  server.RaftServer (RaftServerProxy.java:addNew(100)) - om1: addNew group-C5BA1605619E:[om1|localhost:15104] returns group-C5BA1605619E:java.util.concurrent.CompletableFuture@1b60fc89[Not completed]
2023-12-01 12:07:33,569 [main] INFO  om.OzoneManager (OzoneManager.java:initializeRatisServer(2144)) - OzoneManager Ratis server initialized at port 15104
2023-12-01 12:07:33,569 [om1-groupManagement] INFO  server.RaftServer$Division (RaftServerImpl.java:<init>(256)) - om1: new RaftServerImpl for group-C5BA1605619E:[om1|localhost:15104] with OzoneManagerStateMachine:uninitialized
2023-12-01 12:07:33,569 [om1-groupManagement] INFO  server.RaftServerConfigKeys (ConfUtils.java:logGet(46)) - raft.server.rpc.timeout.min = 1s (custom)
2023-12-01 12:07:33,569 [om1-groupManagement] INFO  server.RaftServerConfigKeys (ConfUtils.java:logGet(46)) - raft.server.rpc.timeout.max = 1200ms (custom)
2023-12-01 12:07:33,570 [om1-groupManagement] INFO  server.RaftServerConfigKeys (ConfUtils.java:logGet(46)) - raft.server.rpc.sleep.time = 25ms (default)
2023-12-01 12:07:33,570 [om1-groupManagement] INFO  server.RaftServerConfigKeys (ConfUtils.java:logGet(46)) - raft.server.rpc.slowness.timeout = 120s (custom)
2023-12-01 12:07:33,570 [om1-groupManagement] INFO  server.RaftServerConfigKeys (ConfUtils.java:logGet(46)) - raft.server.leaderelection.leader.step-down.wait-time = 10s (default)
2023-12-01 12:07:33,570 [om1-groupManagement] INFO  server.RaftServerConfigKeys (ConfUtils.java:logGet(46)) - raft.server.leaderelection.member.majority-add = false (default)
2023-12-01 12:07:33,569 [main] INFO  om.OzoneManager (OzoneManager.java:getRpcServer(1210)) - Creating RPC Server
2023-12-01 12:07:33,570 [om1-groupManagement] INFO  server.RaftServerConfigKeys (ConfUtils.java:logGet(46)) - raft.server.sleep.deviation.threshold = 300ms (default)
2023-12-01 12:07:33,570 [om1-groupManagement] INFO  server.RaftServer$Division (ServerState.java:<init>(113)) - om1@group-C5BA1605619E: ConfigurationManager, init=-1: peers:[om1|localhost:15104]|listeners:[], old=null, confs=<EMPTY_MAP>
2023-12-01 12:07:33,570 [om1-groupManagement] INFO  server.RaftServerConfigKeys (ConfUtils.java:logGet(46)) - raft.server.notification.no-leader.timeout = 120s (custom)
2023-12-01 12:07:33,570 [om1-groupManagement] INFO  server.RaftServerConfigKeys (ConfUtils.java:logGet(46)) - raft.server.read.timeout = 10s (default)
2023-12-01 12:07:33,570 [om1-groupManagement] INFO  server.RaftServerConfigKeys (ConfUtils.java:logGet(46)) - raft.server.retrycache.expirytime = 300s (custom)
2023-12-01 12:07:33,570 [om1-groupManagement] INFO  server.RaftServerConfigKeys (ConfUtils.java:logGet(46)) - raft.server.retrycache.statistics.expirytime = 100ms (default)
2023-12-01 12:07:33,571 [om1-groupManagement] INFO  server.RaftServerConfigKeys (ConfUtils.java:logGet(46)) - raft.server.read.option = DEFAULT (default)
2023-12-01 12:07:33,571 [om1-groupManagement] INFO  server.RaftServerConfigKeys (ConfUtils.java:logGet(46)) - raft.server.read.read-after-write-consistent.write-index-cache.expiry-time = 60s (default)
2023-12-01 12:07:33,571 [om1-groupManagement] INFO  server.RaftServerConfigKeys (ConfUtils.java:logGet(46)) - raft.server.rpc.request.timeout = 3000ms (default)
2023-12-01 12:07:33,571 [om1-groupManagement] INFO  server.RaftServerConfigKeys (ConfUtils.java:logGet(46)) - raft.server.log.appender.install.snapshot.enabled = false (custom)
2023-12-01 12:07:33,571 [om1-groupManagement] INFO  server.RaftServerConfigKeys (ConfUtils.java:logGet(46)) - raft.server.threadpool.server.cached = true (default)
2023-12-01 12:07:33,571 [om1-groupManagement] INFO  server.RaftServerConfigKeys (ConfUtils.java:logGet(46)) - raft.server.threadpool.server.size = 0 (default)
2023-12-01 12:07:33,572 [om1-groupManagement] INFO  server.RaftServerConfigKeys (ConfUtils.java:logGet(46)) - raft.server.threadpool.client.cached = true (default)
2023-12-01 12:07:33,572 [om1-groupManagement] INFO  server.RaftServerConfigKeys (ConfUtils.java:logGet(46)) - raft.server.threadpool.client.size = 0 (default)
2023-12-01 12:07:33,776 [main] INFO  reflections.Reflections (Reflections.java:scan(232)) - Reflections took 205 ms to scan 20 urls, producing 71 keys and 6125 values [using 4 cores]
2023-12-01 12:07:33,778 [main] INFO  ipc.CallQueueManager (CallQueueManager.java:<init>(90)) - Using callQueue: class java.util.concurrent.LinkedBlockingQueue, queueCapacity: 2000, scheduler: class org.apache.hadoop.ipc.DefaultRpcScheduler, ipcBackoff: false.
2023-12-01 12:07:33,778 [main] INFO  ipc.Server (Server.java:<init>(1287)) - Listener at 127.0.0.1:15101
2023-12-01 12:07:33,778 [Socket Reader #1 for port 15101] INFO  ipc.Server (Server.java:run(1323)) - Starting Socket Reader #1 for port 15101
2023-12-01 12:07:33,796 [main] INFO  impl.MetricsSystemImpl (MetricsSystemImpl.java:init(158)) - OzoneManager metrics system started (again)
2023-12-01 12:07:33,807 [main] INFO  om.OzoneManager (OzoneManager.java:start(1632)) - OzoneManager RPC server is listening at localhost/127.0.0.1:15101
2023-12-01 12:07:33,808 [main] INFO  ratis.OzoneManagerRatisServer (OzoneManagerRatisServer.java:start(585)) - Starting OzoneManagerRatisServer om1 at port 15104
2023-12-01 12:07:33,808 [om1-impl-thread1] INFO  server.RaftServerConfigKeys (ConfUtils.java:logGet(46)) - raft.server.storage.free-space.min = 0MB (=0) (default)
2023-12-01 12:07:33,808 [om1-impl-thread1] INFO  server.RaftServerConfigKeys (ConfUtils.java:logGet(46)) - raft.server.log.corruption.policy = EXCEPTION (default)
2023-12-01 12:07:33,808 [om1-impl-thread1] INFO  server.RaftServerConfigKeys (ConfUtils.java:logGet(46)) - raft.server.storage.dir = [/home/runner/work/ozone/ozone/hadoop-ozone/integration-test/target/test-dir/MiniOzoneClusterImpl-b249f779-13f2-4d94-9d49-8f38c7514c74/ozone-meta/ratis] (custom)
2023-12-01 12:07:33,809 [om1-impl-thread1] INFO  storage.RaftStorageDirectory (RaftStorageDirectoryImpl.java:analyzeStorage(138)) - The storage directory /home/runner/work/ozone/ozone/hadoop-ozone/integration-test/target/test-dir/MiniOzoneClusterImpl-b249f779-13f2-4d94-9d49-8f38c7514c74/ozone-meta/ratis/bf265839-605b-3f16-9796-c5ba1605619e does not exist. Creating ...
2023-12-01 12:07:33,810 [om1-impl-thread1] INFO  storage.RaftStorageDirectory (RaftStorageDirectoryImpl.java:tryLock(232)) - Lock on /home/runner/work/ozone/ozone/hadoop-ozone/integration-test/target/test-dir/MiniOzoneClusterImpl-b249f779-13f2-4d94-9d49-8f38c7514c74/ozone-meta/ratis/bf265839-605b-3f16-9796-c5ba1605619e/in_use.lock acquired by nodename 15370@fv-az1423-675
2023-12-01 12:07:33,811 [om1-impl-thread1] INFO  storage.RaftStorage (RaftStorageImpl.java:format(97)) - Storage directory /home/runner/work/ozone/ozone/hadoop-ozone/integration-test/target/test-dir/MiniOzoneClusterImpl-b249f779-13f2-4d94-9d49-8f38c7514c74/ozone-meta/ratis/bf265839-605b-3f16-9796-c5ba1605619e has been successfully formatted.
2023-12-01 12:07:33,811 [om1-impl-thread1] INFO  server.RaftServerConfigKeys (ConfUtils.java:logGet(46)) - raft.server.log.use.memory = false (default)
2023-12-01 12:07:33,811 [om1-impl-thread1] INFO  server.RaftServerConfigKeys (ConfUtils.java:logGet(46)) - raft.server.log.purge.gap = 1000000 (custom)
2023-12-01 12:07:33,811 [om1-impl-thread1] INFO  server.RaftServerConfigKeys (ConfUtils.java:logGet(46)) - raft.server.log.appender.buffer.byte-limit = 33554432 (custom)
2023-12-01 12:07:33,812 [om1-impl-thread1] INFO  server.RaftServerConfigKeys (ConfUtils.java:logGet(46)) - raft.server.log.statemachine.data.read.timeout = 1000ms (default)
2023-12-01 12:07:33,812 [om1-impl-thread1] INFO  server.RaftServerConfigKeys (ConfUtils.java:logGet(46)) - raft.server.log.purge.preservation.log.num = 0 (default)
2023-12-01 12:07:33,812 [om1-impl-thread1] INFO  server.RaftServerConfigKeys (ConfUtils.java:logGet(46)) - raft.server.log.segment.size.max = 4194304 (custom)
2023-12-01 12:07:33,812 [om1-impl-thread1] INFO  server.RaftServerConfigKeys (ConfUtils.java:logGet(46)) - raft.server.log.segment.cache.num.max = 2 (custom)
2023-12-01 12:07:33,812 [om1-impl-thread1] INFO  server.RaftServerConfigKeys (ConfUtils.java:logGet(46)) - raft.server.log.segment.cache.size.max = 200MB (=209715200) (default)
2023-12-01 12:07:33,812 [om1-impl-thread1] INFO  server.RaftServerConfigKeys (ConfUtils.java:logGet(46)) - raft.server.log.appender.buffer.byte-limit = 33554432 (custom)
2023-12-01 12:07:33,813 [om1-impl-thread1] INFO  util.AwaitToRun (AwaitToRun.java:start(81)) - Thread[om1@group-C5BA1605619E-cacheEviction-AwaitToRun,5,main] started
2023-12-01 12:07:33,813 [om1-impl-thread1] INFO  segmented.SegmentedRaftLogWorker (SegmentedRaftLogWorker.java:<init>(184)) - new om1@group-C5BA1605619E-SegmentedRaftLogWorker for RaftStorageImpl:Storage Directory /home/runner/work/ozone/ozone/hadoop-ozone/integration-test/target/test-dir/MiniOzoneClusterImpl-b249f779-13f2-4d94-9d49-8f38c7514c74/ozone-meta/ratis/bf265839-605b-3f16-9796-c5ba1605619e
2023-12-01 12:07:33,813 [om1-impl-thread1] INFO  server.RaftServerConfigKeys (ConfUtils.java:logGet(46)) - raft.server.log.queue.byte-limit = 64MB (=67108864) (default)
2023-12-01 12:07:33,813 [om1-impl-thread1] INFO  server.RaftServerConfigKeys (ConfUtils.java:logGet(46)) - raft.server.log.queue.element-limit = 4096 (default)
2023-12-01 12:07:33,813 [om1-impl-thread1] INFO  server.RaftServerConfigKeys (ConfUtils.java:logGet(46)) - raft.server.log.segment.size.max = 4194304 (custom)
2023-12-01 12:07:33,813 [om1-impl-thread1] INFO  server.RaftServerConfigKeys (ConfUtils.java:logGet(46)) - raft.server.log.preallocated.size = 4194304 (custom)
2023-12-01 12:07:33,813 [om1-impl-thread1] INFO  server.RaftServerConfigKeys (ConfUtils.java:logGet(46)) - raft.server.log.force.sync.num = 128 (default)
2023-12-01 12:07:33,813 [om1-impl-thread1] INFO  server.RaftServerConfigKeys (ConfUtils.java:logGet(46)) - raft.server.log.statemachine.data.sync = true (default)
2023-12-01 12:07:33,813 [om1-impl-thread1] INFO  server.RaftServerConfigKeys (ConfUtils.java:logGet(46)) - raft.server.log.statemachine.data.sync.timeout = 10s (default)
2023-12-01 12:07:33,813 [om1-impl-thread1] INFO  server.RaftServerConfigKeys (ConfUtils.java:logGet(46)) - raft.server.log.statemachine.data.sync.timeout.retry = -1 (default)
2023-12-01 12:07:33,813 [om1-impl-thread1] INFO  server.RaftServerConfigKeys (ConfUtils.java:logGet(46)) - raft.server.log.write.buffer.size = 64KB (=65536) (default)
2023-12-01 12:07:33,813 [om1-impl-thread1] INFO  server.RaftServerConfigKeys (ConfUtils.java:logGet(46)) - raft.server.log.appender.buffer.byte-limit = 33554432 (custom)
2023-12-01 12:07:33,814 [om1-impl-thread1] INFO  server.RaftServerConfigKeys (ConfUtils.java:logGet(46)) - raft.server.log.unsafe-flush.enabled = false (default)
2023-12-01 12:07:33,814 [om1-impl-thread1] INFO  server.RaftServerConfigKeys (ConfUtils.java:logGet(46)) - raft.server.log.async-flush.enabled = false (default)
2023-12-01 12:07:33,814 [om1-impl-thread1] INFO  server.RaftServerConfigKeys (ConfUtils.java:logGet(46)) - raft.server.log.statemachine.data.caching.enabled = false (default)
2023-12-01 12:07:33,814 [om1-impl-thread1] INFO  segmented.SegmentedRaftLogWorker (SegmentedRaftLogWorker.java:lambda$new$0(135)) - om1@group-C5BA1605619E-SegmentedRaftLogWorker: flushIndex: setUnconditionally 0 -> -1
2023-12-01 12:07:33,814 [om1-impl-thread1] INFO  segmented.SegmentedRaftLogWorker (SegmentedRaftLogWorker.java:lambda$new$0(135)) - om1@group-C5BA1605619E-SegmentedRaftLogWorker: safeCacheEvictIndex: setUnconditionally 0 -> -1
2023-12-01 12:07:33,815 [om1-impl-thread1] INFO  server.RaftServer$Division (RaftServerImpl.java:start(392)) - om1@group-C5BA1605619E: start as a follower, conf=-1: peers:[om1|localhost:15104]|listeners:[], old=null
2023-12-01 12:07:33,815 [om1-impl-thread1] INFO  server.RaftServer$Division (RaftServerImpl.java:setRole(379)) - om1@group-C5BA1605619E: changes role from      null to FOLLOWER at term 0 for startAsFollower
2023-12-01 12:07:33,815 [om1-impl-thread1] INFO  impl.RoleInfo (RoleInfo.java:updateAndGet(139)) - om1: start om1@group-C5BA1605619E-FollowerState
2023-12-01 12:07:33,815 [om1-impl-thread1] INFO  util.JmxRegister (JmxRegister.java:tryRegister(44)) - Successfully registered JMX Bean with object name Ratis:service=RaftServer,group=group-C5BA1605619E,id=om1
2023-12-01 12:07:33,815 [om1-impl-thread1] INFO  server.RaftServerConfigKeys (ConfUtils.java:logGet(46)) - raft.server.snapshot.trigger-when-stop.enabled = true (default)
2023-12-01 12:07:33,816 [om1-impl-thread1] INFO  server.RaftServerConfigKeys (ConfUtils.java:logGet(46)) - raft.server.snapshot.auto.trigger.enabled = true (custom)
2023-12-01 12:07:33,816 [om1-impl-thread1] INFO  server.RaftServerConfigKeys (ConfUtils.java:logGet(46)) - raft.server.snapshot.auto.trigger.threshold = 400000 (default)
2023-12-01 12:07:33,816 [om1-impl-thread1] INFO  server.RaftServerConfigKeys (ConfUtils.java:logGet(46)) - raft.server.snapshot.retention.file.num = -1 (default)
2023-12-01 12:07:33,816 [om1-impl-thread1] INFO  server.RaftServerConfigKeys (ConfUtils.java:logGet(46)) - raft.server.log.purge.upto.snapshot.index = true (custom)
2023-12-01 12:07:33,816 [om1@group-C5BA1605619E-FollowerState] INFO  server.RaftServerConfigKeys (ConfUtils.java:logFallback(53)) - raft.server.rpc.first-election.timeout.min = 1s (fallback to raft.server.rpc.timeout.min)
2023-12-01 12:07:33,816 [om1@group-C5BA1605619E-FollowerState] INFO  server.RaftServerConfigKeys (ConfUtils.java:logFallback(53)) - raft.server.rpc.first-election.timeout.max = 1200ms (fallback to raft.server.rpc.timeout.max)
2023-12-01 12:07:33,816 [main] INFO  server.RaftServer (RaftServerProxy.java:startImpl(406)) - om1: start RPC server
2023-12-01 12:07:33,817 [main] INFO  server.GrpcService (GrpcService.java:startImpl(302)) - om1: GrpcService started, listening on 15104
2023-12-01 12:07:33,819 [JvmPauseMonitor14] INFO  util.JvmPauseMonitor (JvmPauseMonitor.java:run(146)) - JvmPauseMonitor-om1: Started
2023-12-01 12:07:33,819 [main] INFO  om.OzoneManager (OzoneManager.java:start(1648)) - Version File has different layout version (6) than OM DB (null). That is expected if this OM has never been finalized to a newer layout version.
2023-12-01 12:07:33,822 [main] INFO  http.BaseHttpServer (BaseHttpServer.java:newHttpServer2BuilderForOzone(223)) - Starting Web-server for ozoneManager at: http://0.0.0.0:15102
2023-12-01 12:07:33,822 [main] INFO  http.BaseHttpServer (BaseHttpServer.java:<init>(110)) - Hadoop Security Enabled: false Ozone Security Enabled: false Ozone HTTP Security Enabled: false 
2023-12-01 12:07:33,824 [main] WARN  server.AuthenticationFilter (AuthenticationFilter.java:constructSecretProvider(240)) - Unable to initialize FileSignerSecretProvider, falling back to use random secrets. Reason: Could not read signature secret file: /home/runner/hadoop-http-auth-signature-secret
2023-12-01 12:07:33,827 [main] INFO  http.HttpRequestLog (HttpRequestLog.java:getRequestLog(86)) - Http request log for http.requests.ozoneManager is not defined
2023-12-01 12:07:33,829 [main] INFO  http.HttpServer2 (HttpServer2.java:addGlobalFilter(1031)) - Added global filter 'safety' (class=org.apache.hadoop.hdds.server.http.HttpServer2$QuotingInputFilter)
2023-12-01 12:07:33,830 [main] INFO  http.HttpServer2 (HttpServer2.java:addFilter(1007)) - Added filter static_user_filter (class=org.apache.hadoop.http.lib.StaticUserWebFilter$StaticUserFilter) to context ozoneManager
2023-12-01 12:07:33,830 [main] INFO  http.HttpServer2 (HttpServer2.java:addFilter(1015)) - Added filter static_user_filter (class=org.apache.hadoop.http.lib.StaticUserWebFilter$StaticUserFilter) to context logs
2023-12-01 12:07:33,830 [main] INFO  http.HttpServer2 (HttpServer2.java:addFilter(1015)) - Added filter static_user_filter (class=org.apache.hadoop.http.lib.StaticUserWebFilter$StaticUserFilter) to context static
2023-12-01 12:07:33,831 [main] INFO  http.BaseHttpServer (BaseHttpServer.java:<init>(189)) - HTTP server of ozoneManager uses base directory /home/runner/work/ozone/ozone/hadoop-ozone/integration-test/target/test-dir/MiniOzoneClusterImpl-b249f779-13f2-4d94-9d49-8f38c7514c74/ozone-meta/webserver
2023-12-01 12:07:33,831 [main] INFO  http.HttpServer2 (HttpServer2.java:bindListener(1231)) - Jetty bound to port 15102
2023-12-01 12:07:33,831 [main] INFO  server.Server (Server.java:doStart(375)) - jetty-9.4.53.v20231009; built: 2023-10-09T12:29:09.265Z; git: 27bde00a0b95a1d5bbee0eae7984f891d2d0f8c9; jvm 1.8.0_392-b08
2023-12-01 12:07:33,832 [main] INFO  server.session (DefaultSessionIdManager.java:doStart(334)) - DefaultSessionIdManager workerName=node0
2023-12-01 12:07:33,832 [main] INFO  server.session (DefaultSessionIdManager.java:doStart(339)) - No SessionScavenger set, using defaults
2023-12-01 12:07:33,833 [main] INFO  server.session (HouseKeeper.java:startScavenging(132)) - node0 Scavenging every 600000ms
2023-12-01 12:07:33,833 [main] INFO  handler.ContextHandler (ContextHandler.java:doStart(921)) - Started o.e.j.s.ServletContextHandler@410dcb8b{logs,/logs,file:///home/runner/work/ozone/ozone/hadoop-ozone/integration-test/target/log,AVAILABLE}
2023-12-01 12:07:33,834 [main] INFO  handler.ContextHandler (ContextHandler.java:doStart(921)) - Started o.e.j.s.ServletContextHandler@296ecb77{static,/static,file:///home/runner/work/ozone/ozone/hadoop-ozone/integration-test/target/test-classes/webapps/static,AVAILABLE}
2023-12-01 12:07:33,840 [main] INFO  handler.ContextHandler (ContextHandler.java:doStart(921)) - Started o.e.j.w.WebAppContext@420e54ab{ozoneManager,/,file:///home/runner/work/ozone/ozone/hadoop-ozone/integration-test/target/test-classes/webapps/ozoneManager/,AVAILABLE}{file:/home/runner/work/ozone/ozone/hadoop-ozone/integration-test/target/test-classes/webapps/ozoneManager}
2023-12-01 12:07:33,842 [main] INFO  server.AbstractConnector (AbstractConnector.java:doStart(333)) - Started ServerConnector@219335e0{HTTP/1.1, (http/1.1)}{0.0.0.0:15102}
2023-12-01 12:07:33,842 [main] INFO  server.Server (Server.java:doStart(415)) - Started @214281ms
2023-12-01 12:07:33,842 [main] WARN  impl.MetricsSystemImpl (MetricsSystemImpl.java:register(279)) - Sink prometheus already exists!
2023-12-01 12:07:33,843 [main] INFO  http.BaseHttpServer (BaseHttpServer.java:updateConnectorAddress(354)) - HTTP server of ozoneManager listening at http://0.0.0.0:15102
2023-12-01 12:07:33,843 [IPC Server Responder] INFO  ipc.Server (Server.java:run(1562)) - IPC Server Responder: starting
2023-12-01 12:07:33,843 [IPC Server listener on 15101] INFO  ipc.Server (Server.java:run(1402)) - IPC Server listener on 15101: starting
2023-12-01 12:07:33,849 [main] INFO  om.OzoneManager (OzoneManager.java:startTrashEmptier(2097)) - Trash Interval set to 0. Files deleted won't move to trash
2023-12-01 12:07:33,867 [main] WARN  dropwizard3.Dm3MetricRegistriesImpl (Dm3MetricRegistriesImpl.java:addReporterRegistration(113)) - New reporters are added after registries were created. Some metrics will be missing from the reporter. Please add reporter before adding any new registry.
2023-12-01 12:07:33,867 [main] WARN  dropwizard3.Dm3MetricRegistriesImpl (Dm3MetricRegistriesImpl.java:addReporterRegistration(113)) - New reporters are added after registries were created. Some metrics will be missing from the reporter. Please add reporter before adding any new registry.
2023-12-01 12:07:33,867 [main] INFO  impl.MetricsSystemImpl (MetricsSystemImpl.java:init(158)) - HddsDatanode metrics system started (again)
2023-12-01 12:07:33,876 [main] INFO  ozone.HddsDatanodeService (HddsDatanodeService.java:start(239)) - HddsDatanodeService host:fv-az1423-675.ei5rwdf52qxuxllzxeqjam05jd.ex.internal.cloudapp.net ip:10.1.0.24
2023-12-01 12:07:33,894 [main] INFO  upgrade.AbstractLayoutVersionManager (AbstractLayoutVersionManager.java:init(83)) - Initializing Layout version manager with metadata layout = HADOOP_PRC_PORTS_IN_DATANODEDETAILS (version = 7), software layout = HADOOP_PRC_PORTS_IN_DATANODEDETAILS (version = 7)
2023-12-01 12:07:33,895 [main] INFO  statemachine.DatanodeStateMachine (DatanodeStateMachine.java:getEndPointTaskThreadPoolSize(299)) - Datanode State Machine Task Thread Pool size 2
2023-12-01 12:07:33,897 [main] INFO  volume.HddsVolume (HddsVolume.java:<init>(126)) - Creating HddsVolume: /home/runner/work/ozone/ozone/hadoop-ozone/integration-test/target/test-dir/MiniOzoneClusterImpl-b249f779-13f2-4d94-9d49-8f38c7514c74/datanode-0/data-0/containers/hdds of storage type : DISK capacity : 9223372036854775807
2023-12-01 12:07:33,897 [main] INFO  volume.MutableVolumeSet (MutableVolumeSet.java:initializeVolumeSet(173)) - Added Volume : /home/runner/work/ozone/ozone/hadoop-ozone/integration-test/target/test-dir/MiniOzoneClusterImpl-b249f779-13f2-4d94-9d49-8f38c7514c74/datanode-0/data-0/containers/hdds to VolumeSet
2023-12-01 12:07:33,898 [main] INFO  volume.MutableVolumeSet (MutableVolumeSet.java:initializeVolumeSet(173)) - Added Volume : /home/runner/work/ozone/ozone/hadoop-ozone/integration-test/target/test-dir/MiniOzoneClusterImpl-b249f779-13f2-4d94-9d49-8f38c7514c74/datanode-0/data/ratis to VolumeSet
2023-12-01 12:07:33,899 [main] INFO  ozoneimpl.OzoneContainer (HddsVolumeUtil.java:loadAllHddsVolumeDbStore(103)) - Load 1 volumes DbStore cost: 0ms
2023-12-01 12:07:33,899 [af140fa9-d57b-4d38-ac23-ee5728971003-ContainerReader-0] INFO  ozoneimpl.ContainerReader (ContainerReader.java:readVolume(177)) - Finish verifying containers on volume /home/runner/work/ozone/ozone/hadoop-ozone/integration-test/target/test-dir/MiniOzoneClusterImpl-b249f779-13f2-4d94-9d49-8f38c7514c74/datanode-0/data-0/containers/hdds
2023-12-01 12:07:33,899 [main] INFO  ozoneimpl.OzoneContainer (OzoneContainer.java:buildContainerSet(326)) - Build ContainerSet costs 0s
2023-12-01 12:07:33,902 [main] INFO  server.RaftServer (ConfUtils.java:logGet(46)) - raft.rpc.type = GRPC (default)
2023-12-01 12:07:33,902 [main] INFO  grpc.GrpcConfigKeys (ConfUtils.java:logFallback(53)) - raft.grpc.admin.host = null (fallback to raft.grpc.server.host)
2023-12-01 12:07:33,902 [main] INFO  grpc.GrpcConfigKeys (ConfUtils.java:logGet(46)) - raft.grpc.admin.port = 15110 (custom)
2023-12-01 12:07:33,903 [main] INFO  grpc.GrpcConfigKeys (ConfUtils.java:logFallback(53)) - raft.grpc.client.host = null (fallback to raft.grpc.server.host)
2023-12-01 12:07:33,903 [main] INFO  grpc.GrpcConfigKeys (ConfUtils.java:logGet(46)) - raft.grpc.client.port = 15109 (custom)
2023-12-01 12:07:33,903 [main] INFO  grpc.GrpcConfigKeys (ConfUtils.java:logGet(46)) - raft.grpc.server.host = null (default)
2023-12-01 12:07:33,903 [main] INFO  grpc.GrpcConfigKeys (ConfUtils.java:logGet(46)) - raft.grpc.server.port = 15111 (custom)
2023-12-01 12:07:33,903 [main] INFO  server.GrpcService (ConfUtils.java:logGet(46)) - raft.grpc.message.size.max = 32MB (=33554432) (custom)
2023-12-01 12:07:33,904 [main] INFO  server.RaftServerConfigKeys (ConfUtils.java:logGet(46)) - raft.server.log.appender.buffer.byte-limit = 33554432 (custom)
2023-12-01 12:07:33,904 [main] INFO  server.GrpcService (ConfUtils.java:logGet(46)) - raft.grpc.flow.control.window = 5MB (=5242880) (custom)
2023-12-01 12:07:33,904 [main] INFO  server.RaftServerConfigKeys (ConfUtils.java:logGet(46)) - raft.server.rpc.request.timeout = 60s (custom)
2023-12-01 12:07:33,904 [main] INFO  grpc.GrpcConfigKeys (ConfUtils.java:logGet(46)) - raft.grpc.server.heartbeat.channel = true (default)
2023-12-01 12:07:33,904 [main] INFO  grpc.GrpcConfigKeys (ConfUtils.java:logGet(46)) - raft.grpc.server.async.request.thread.pool.cached = true (default)
2023-12-01 12:07:33,905 [main] INFO  grpc.GrpcConfigKeys (ConfUtils.java:logGet(46)) - raft.grpc.server.async.request.thread.pool.size = 32 (default)
2023-12-01 12:07:33,907 [main] INFO  impl.DataStreamServerImpl (ConfUtils.java:logGet(46)) - raft.datastream.type = NETTY (custom)
2023-12-01 12:07:33,908 [main] INFO  server.RaftServerConfigKeys (ConfUtils.java:logGet(46)) - raft.server.data-stream.async.request.thread.pool.cached = false (default)
2023-12-01 12:07:33,908 [main] INFO  server.RaftServerConfigKeys (ConfUtils.java:logGet(46)) - raft.server.data-stream.async.request.thread.pool.size = 20 (custom)
2023-12-01 12:07:33,908 [main] INFO  server.RaftServerConfigKeys (ConfUtils.java:logGet(46)) - raft.server.data-stream.async.write.thread.pool.size = 16 (default)
2023-12-01 12:07:33,908 [main] INFO  netty.NettyConfigKeys$DataStream (ConfUtils.java:logGet(46)) - raft.netty.dataStream.server.channel.inactive.grace-period = 10min (default)
2023-12-01 12:07:33,908 [main] INFO  server.RaftServerConfigKeys (ConfUtils.java:logGet(46)) - raft.server.data-stream.client.pool.size = 10 (default)
2023-12-01 12:07:33,909 [main] INFO  netty.NettyConfigKeys$DataStream (ConfUtils.java:logGet(46)) - raft.netty.dataStream.server.use-epoll = true (default)
2023-12-01 12:07:33,909 [main] INFO  netty.NettyConfigKeys$DataStream (ConfUtils.java:logGet(46)) - raft.netty.dataStream.server.boss-group.size = 0 (default)
2023-12-01 12:07:33,909 [main] INFO  netty.NettyUtils (NettyUtils.java:newEventLoopGroup(69)) - Create EpollEventLoopGroup for af140fa9-d57b-4d38-ac23-ee5728971003-NettyServerStreamRpc-bossGroup; Thread size is 0.
2023-12-01 12:07:33,909 [main] INFO  netty.NettyConfigKeys$DataStream (ConfUtils.java:logGet(46)) - raft.netty.dataStream.server.worker-group.size = 0 (default)
2023-12-01 12:07:33,910 [main] INFO  netty.NettyUtils (NettyUtils.java:newEventLoopGroup(69)) - Create EpollEventLoopGroup for af140fa9-d57b-4d38-ac23-ee5728971003-NettyServerStreamRpc-workerGroup; Thread size is 0.
2023-12-01 12:07:33,910 [main] INFO  netty.NettyConfigKeys$DataStream (ConfUtils.java:logGet(46)) - raft.netty.dataStream.server.tls.conf = null (default)
2023-12-01 12:07:33,910 [main] INFO  netty.NettyConfigKeys$DataStream (ConfUtils.java:logGet(46)) - raft.netty.dataStream.host = null (default)
2023-12-01 12:07:33,910 [main] INFO  netty.NettyConfigKeys$DataStream (ConfUtils.java:logGet(46)) - raft.netty.dataStream.port = 15112 (custom)
2023-12-01 12:07:33,911 [main] INFO  server.RaftServerConfigKeys (ConfUtils.java:logGet(46)) - raft.server.sleep.deviation.threshold = 300ms (default)
2023-12-01 12:07:33,911 [main] INFO  server.RaftServerConfigKeys (ConfUtils.java:logGet(46)) - raft.server.close.threshold = 60s (default)
2023-12-01 12:07:33,911 [main] INFO  server.RaftServerConfigKeys (ConfUtils.java:logGet(46)) - raft.server.leaderelection.leader.step-down.wait-time = 10s (default)
2023-12-01 12:07:33,911 [main] INFO  server.RaftServerConfigKeys (ConfUtils.java:logGet(46)) - raft.server.storage.dir = [/home/runner/work/ozone/ozone/hadoop-ozone/integration-test/target/test-dir/MiniOzoneClusterImpl-b249f779-13f2-4d94-9d49-8f38c7514c74/datanode-0/data/ratis] (custom)
2023-12-01 12:07:33,911 [main] INFO  server.RaftServerConfigKeys (ConfUtils.java:logGet(46)) - raft.server.threadpool.proxy.cached = true (default)
2023-12-01 12:07:33,912 [main] INFO  server.RaftServerConfigKeys (ConfUtils.java:logGet(46)) - raft.server.threadpool.proxy.size = 0 (default)
2023-12-01 12:07:33,912 [af140fa9-d57b-4d38-ac23-ee5728971003-NettyServerStreamRpc-bossGroup--thread1] INFO  logging.LoggingHandler (AbstractInternalLogger.java:log(148)) - [id: 0x03d56d1a] REGISTERED
2023-12-01 12:07:33,912 [af140fa9-d57b-4d38-ac23-ee5728971003-impl-thread1] INFO  server.RaftServer (RaftServerProxy.java:initGroupDir(264)) - af140fa9-d57b-4d38-ac23-ee5728971003: found a subdirectory /home/runner/work/ozone/ozone/hadoop-ozone/integration-test/target/test-dir/MiniOzoneClusterImpl-b249f779-13f2-4d94-9d49-8f38c7514c74/datanode-0/data/ratis/tmp
2023-12-01 12:07:33,912 [af140fa9-d57b-4d38-ac23-ee5728971003-NettyServerStreamRpc-bossGroup--thread1] INFO  logging.LoggingHandler (AbstractInternalLogger.java:log(148)) - [id: 0x03d56d1a] BIND: 0.0.0.0/0.0.0.0:15112
2023-12-01 12:07:33,912 [af140fa9-d57b-4d38-ac23-ee5728971003-impl-thread1] INFO  server.RaftServer (RaftServerProxy.java:initGroupDir(269)) - af140fa9-d57b-4d38-ac23-ee5728971003: The directory /home/runner/work/ozone/ozone/hadoop-ozone/integration-test/target/test-dir/MiniOzoneClusterImpl-b249f779-13f2-4d94-9d49-8f38c7514c74/datanode-0/data/ratis/tmp is not a group directory; ignoring it. 
2023-12-01 12:07:33,913 [af140fa9-d57b-4d38-ac23-ee5728971003-NettyServerStreamRpc-bossGroup--thread1] INFO  logging.LoggingHandler (AbstractInternalLogger.java:log(148)) - [id: 0x03d56d1a, L:/0.0.0.0:15112] ACTIVE
2023-12-01 12:07:33,913 [main] INFO  replication.ReplicationServer (ReplicationServer.java:<init>(85)) - Initializing replication server with thread count = 10 queue length = 4096
2023-12-01 12:07:33,914 [main] INFO  server.XceiverServerGrpc (XceiverServerGrpc.java:<init>(135)) - GrpcServer channel type EpollServerSocketChannel
2023-12-01 12:07:33,916 [main] INFO  replication.ReplicationSupervisor (ReplicationSupervisor.java:build(163)) - Initializing replication supervisor with thread count = 10
2023-12-01 12:07:33,916 [main] INFO  replication.ReplicationSupervisor (ReplicationSupervisor.java:nodeStateUpdated(317)) - Node state updated to IN_SERVICE, scaling executor pool size to 10
2023-12-01 12:07:33,919 [main] INFO  http.BaseHttpServer (BaseHttpServer.java:newHttpServer2BuilderForOzone(223)) - Starting Web-server for hddsDatanode at: http://0.0.0.0:15106
2023-12-01 12:07:33,919 [main] INFO  http.BaseHttpServer (BaseHttpServer.java:<init>(110)) - Hadoop Security Enabled: false Ozone Security Enabled: false Ozone HTTP Security Enabled: false 
2023-12-01 12:07:33,920 [main] WARN  server.AuthenticationFilter (AuthenticationFilter.java:constructSecretProvider(240)) - Unable to initialize FileSignerSecretProvider, falling back to use random secrets. Reason: Could not read signature secret file: /home/runner/hadoop-http-auth-signature-secret
2023-12-01 12:07:33,923 [main] INFO  http.HttpRequestLog (HttpRequestLog.java:getRequestLog(86)) - Http request log for http.requests.hddsDatanode is not defined
2023-12-01 12:07:33,924 [main] INFO  http.HttpServer2 (HttpServer2.java:addGlobalFilter(1031)) - Added global filter 'safety' (class=org.apache.hadoop.hdds.server.http.HttpServer2$QuotingInputFilter)
2023-12-01 12:07:33,925 [main] INFO  http.HttpServer2 (HttpServer2.java:addFilter(1007)) - Added filter static_user_filter (class=org.apache.hadoop.http.lib.StaticUserWebFilter$StaticUserFilter) to context hddsDatanode
2023-12-01 12:07:33,925 [main] INFO  http.HttpServer2 (HttpServer2.java:addFilter(1015)) - Added filter static_user_filter (class=org.apache.hadoop.http.lib.StaticUserWebFilter$StaticUserFilter) to context static
2023-12-01 12:07:33,925 [main] INFO  http.HttpServer2 (HttpServer2.java:addFilter(1015)) - Added filter static_user_filter (class=org.apache.hadoop.http.lib.StaticUserWebFilter$StaticUserFilter) to context logs
2023-12-01 12:07:33,925 [main] INFO  http.BaseHttpServer (BaseHttpServer.java:<init>(189)) - HTTP server of hddsDatanode uses base directory /home/runner/work/ozone/ozone/hadoop-ozone/integration-test/target/test-dir/MiniOzoneClusterImpl-b249f779-13f2-4d94-9d49-8f38c7514c74/datanode-0/meta/webserver
2023-12-01 12:07:33,926 [main] INFO  http.HttpServer2 (HttpServer2.java:bindListener(1231)) - Jetty bound to port 15106
2023-12-01 12:07:33,926 [main] INFO  server.Server (Server.java:doStart(375)) - jetty-9.4.53.v20231009; built: 2023-10-09T12:29:09.265Z; git: 27bde00a0b95a1d5bbee0eae7984f891d2d0f8c9; jvm 1.8.0_392-b08
2023-12-01 12:07:33,927 [main] INFO  server.session (DefaultSessionIdManager.java:doStart(334)) - DefaultSessionIdManager workerName=node0
2023-12-01 12:07:33,927 [main] INFO  server.session (DefaultSessionIdManager.java:doStart(339)) - No SessionScavenger set, using defaults
2023-12-01 12:07:33,927 [main] INFO  server.session (HouseKeeper.java:startScavenging(132)) - node0 Scavenging every 600000ms
2023-12-01 12:07:33,928 [main] INFO  handler.ContextHandler (ContextHandler.java:doStart(921)) - Started o.e.j.s.ServletContextHandler@3959a3f2{logs,/logs,file:///home/runner/work/ozone/ozone/hadoop-ozone/integration-test/target/log,AVAILABLE}
2023-12-01 12:07:33,928 [main] INFO  handler.ContextHandler (ContextHandler.java:doStart(921)) - Started o.e.j.s.ServletContextHandler@376e5c64{static,/static,jar:file:/home/runner/.m2/repository/org/apache/ozone/hdds-container-service/1.4.0-SNAPSHOT/hdds-container-service-1.4.0-SNAPSHOT.jar!/webapps/static,AVAILABLE}
2023-12-01 12:07:33,966 [main] INFO  handler.ContextHandler (ContextHandler.java:doStart(921)) - Started o.e.j.w.WebAppContext@11b3f8e4{hddsDatanode,/,file:///home/runner/work/ozone/ozone/hadoop-ozone/integration-test/target/test-dir/MiniOzoneClusterImpl-b249f779-13f2-4d94-9d49-8f38c7514c74/datanode-0/meta/webserver/jetty-0_0_0_0-15106-hdds-container-service-1_4_0-SNAPSHOT_jar-_-any-6022043914081134605/webapp/,AVAILABLE}{jar:file:/home/runner/.m2/repository/org/apache/ozone/hdds-container-service/1.4.0-SNAPSHOT/hdds-container-service-1.4.0-SNAPSHOT.jar!/webapps/hddsDatanode}
2023-12-01 12:07:33,967 [main] INFO  server.AbstractConnector (AbstractConnector.java:doStart(333)) - Started ServerConnector@7eb07a68{HTTP/1.1, (http/1.1)}{0.0.0.0:15106}
2023-12-01 12:07:33,967 [main] INFO  server.Server (Server.java:doStart(415)) - Started @214407ms
2023-12-01 12:07:33,967 [main] WARN  impl.MetricsSystemImpl (MetricsSystemImpl.java:register(279)) - Sink prometheus already exists!
2023-12-01 12:07:33,968 [main] INFO  http.BaseHttpServer (BaseHttpServer.java:updateConnectorAddress(354)) - HTTP server of hddsDatanode listening at http://0.0.0.0:15106
2023-12-01 12:07:33,968 [main] INFO  ipc.CallQueueManager (CallQueueManager.java:<init>(90)) - Using callQueue: class java.util.concurrent.LinkedBlockingQueue, queueCapacity: 100, scheduler: class org.apache.hadoop.ipc.DefaultRpcScheduler, ipcBackoff: false.
2023-12-01 12:07:33,968 [main] INFO  ipc.Server (Server.java:<init>(1287)) - Listener at 0.0.0.0:15107
2023-12-01 12:07:33,969 [Socket Reader #1 for port 15107] INFO  ipc.Server (Server.java:run(1323)) - Starting Socket Reader #1 for port 15107
2023-12-01 12:07:33,972 [main] INFO  ozone.HddsDatanodeService (HddsDatanodeService.java:start(324)) - Datanode start with admins: [runner]
2023-12-01 12:07:33,972 [main] INFO  ozone.HddsDatanodeClientProtocolServer (HddsDatanodeClientProtocolServer.java:start(72)) - RPC server for Client /0.0.0.0:15107
2023-12-01 12:07:33,973 [IPC Server Responder] INFO  ipc.Server (Server.java:run(1562)) - IPC Server Responder: starting
2023-12-01 12:07:33,973 [IPC Server listener on 15107] INFO  ipc.Server (Server.java:run(1402)) - IPC Server listener on 15107: starting
2023-12-01 12:07:33,976 [af140fa9-d57b-4d38-ac23-ee5728971003-DatanodeStateMachineDaemonThread] INFO  statemachine.DatanodeStateMachine (DatanodeStateMachine.java:lambda$startDaemon$1(555)) - Ozone container server started.
2023-12-01 12:07:33,976 [main] WARN  dropwizard3.Dm3MetricRegistriesImpl (Dm3MetricRegistriesImpl.java:addReporterRegistration(113)) - New reporters are added after registries were created. Some metrics will be missing from the reporter. Please add reporter before adding any new registry.
2023-12-01 12:07:33,977 [main] WARN  dropwizard3.Dm3MetricRegistriesImpl (Dm3MetricRegistriesImpl.java:addReporterRegistration(113)) - New reporters are added after registries were created. Some metrics will be missing from the reporter. Please add reporter before adding any new registry.
2023-12-01 12:07:33,977 [main] INFO  impl.MetricsSystemImpl (MetricsSystemImpl.java:init(158)) - HddsDatanode metrics system started (again)
2023-12-01 12:07:33,980 [af140fa9-d57b-4d38-ac23-ee5728971003-DatanodeStateMachineTaskThread-0] INFO  datanode.InitDatanodeState (InitDatanodeState.java:persistContainerDatanodeDetails(139)) - DatanodeDetails is persisted to /home/runner/work/ozone/ozone/hadoop-ozone/integration-test/target/test-dir/MiniOzoneClusterImpl-b249f779-13f2-4d94-9d49-8f38c7514c74/datanode-0/meta/datanode.id
2023-12-01 12:07:33,987 [main] INFO  ozone.HddsDatanodeService (HddsDatanodeService.java:start(239)) - HddsDatanodeService host:fv-az1423-675.ei5rwdf52qxuxllzxeqjam05jd.ex.internal.cloudapp.net ip:10.1.0.24
2023-12-01 12:07:34,003 [main] INFO  upgrade.AbstractLayoutVersionManager (AbstractLayoutVersionManager.java:init(83)) - Initializing Layout version manager with metadata layout = HADOOP_PRC_PORTS_IN_DATANODEDETAILS (version = 7), software layout = HADOOP_PRC_PORTS_IN_DATANODEDETAILS (version = 7)
2023-12-01 12:07:34,004 [main] INFO  statemachine.DatanodeStateMachine (DatanodeStateMachine.java:getEndPointTaskThreadPoolSize(299)) - Datanode State Machine Task Thread Pool size 2
2023-12-01 12:07:34,005 [main] INFO  volume.HddsVolume (HddsVolume.java:<init>(126)) - Creating HddsVolume: /home/runner/work/ozone/ozone/hadoop-ozone/integration-test/target/test-dir/MiniOzoneClusterImpl-b249f779-13f2-4d94-9d49-8f38c7514c74/datanode-1/data-0/containers/hdds of storage type : DISK capacity : 9223372036854775807
2023-12-01 12:07:34,005 [main] INFO  volume.MutableVolumeSet (MutableVolumeSet.java:initializeVolumeSet(173)) - Added Volume : /home/runner/work/ozone/ozone/hadoop-ozone/integration-test/target/test-dir/MiniOzoneClusterImpl-b249f779-13f2-4d94-9d49-8f38c7514c74/datanode-1/data-0/containers/hdds to VolumeSet
2023-12-01 12:07:34,006 [main] INFO  volume.MutableVolumeSet (MutableVolumeSet.java:initializeVolumeSet(173)) - Added Volume : /home/runner/work/ozone/ozone/hadoop-ozone/integration-test/target/test-dir/MiniOzoneClusterImpl-b249f779-13f2-4d94-9d49-8f38c7514c74/datanode-1/data/ratis to VolumeSet
2023-12-01 12:07:34,006 [main] INFO  ozoneimpl.OzoneContainer (HddsVolumeUtil.java:loadAllHddsVolumeDbStore(103)) - Load 1 volumes DbStore cost: 0ms
2023-12-01 12:07:34,007 [76b9be1d-1bf0-4a28-acca-c5c2681cc872-ContainerReader-0] INFO  ozoneimpl.ContainerReader (ContainerReader.java:readVolume(177)) - Finish verifying containers on volume /home/runner/work/ozone/ozone/hadoop-ozone/integration-test/target/test-dir/MiniOzoneClusterImpl-b249f779-13f2-4d94-9d49-8f38c7514c74/datanode-1/data-0/containers/hdds
2023-12-01 12:07:34,007 [main] INFO  ozoneimpl.OzoneContainer (OzoneContainer.java:buildContainerSet(326)) - Build ContainerSet costs 0s
2023-12-01 12:07:34,009 [main] INFO  server.RaftServer (ConfUtils.java:logGet(46)) - raft.rpc.type = GRPC (default)
2023-12-01 12:07:34,009 [main] INFO  grpc.GrpcConfigKeys (ConfUtils.java:logFallback(53)) - raft.grpc.admin.host = null (fallback to raft.grpc.server.host)
2023-12-01 12:07:34,009 [main] INFO  grpc.GrpcConfigKeys (ConfUtils.java:logGet(46)) - raft.grpc.admin.port = 15119 (custom)
2023-12-01 12:07:34,009 [main] INFO  grpc.GrpcConfigKeys (ConfUtils.java:logFallback(53)) - raft.grpc.client.host = null (fallback to raft.grpc.server.host)
2023-12-01 12:07:34,009 [main] INFO  grpc.GrpcConfigKeys (ConfUtils.java:logGet(46)) - raft.grpc.client.port = 15118 (custom)
2023-12-01 12:07:34,009 [main] INFO  grpc.GrpcConfigKeys (ConfUtils.java:logGet(46)) - raft.grpc.server.host = null (default)
2023-12-01 12:07:34,010 [main] INFO  grpc.GrpcConfigKeys (ConfUtils.java:logGet(46)) - raft.grpc.server.port = 15120 (custom)
2023-12-01 12:07:34,010 [main] INFO  server.GrpcService (ConfUtils.java:logGet(46)) - raft.grpc.message.size.max = 32MB (=33554432) (custom)
2023-12-01 12:07:34,010 [main] INFO  server.RaftServerConfigKeys (ConfUtils.java:logGet(46)) - raft.server.log.appender.buffer.byte-limit = 33554432 (custom)
2023-12-01 12:07:34,010 [main] INFO  server.GrpcService (ConfUtils.java:logGet(46)) - raft.grpc.flow.control.window = 5MB (=5242880) (custom)
2023-12-01 12:07:34,010 [main] INFO  server.RaftServerConfigKeys (ConfUtils.java:logGet(46)) - raft.server.rpc.request.timeout = 60s (custom)
2023-12-01 12:07:34,010 [main] INFO  grpc.GrpcConfigKeys (ConfUtils.java:logGet(46)) - raft.grpc.server.heartbeat.channel = true (default)
2023-12-01 12:07:34,011 [main] INFO  grpc.GrpcConfigKeys (ConfUtils.java:logGet(46)) - raft.grpc.server.async.request.thread.pool.cached = true (default)
2023-12-01 12:07:34,011 [main] INFO  grpc.GrpcConfigKeys (ConfUtils.java:logGet(46)) - raft.grpc.server.async.request.thread.pool.size = 32 (default)
2023-12-01 12:07:34,013 [main] INFO  impl.DataStreamServerImpl (ConfUtils.java:logGet(46)) - raft.datastream.type = NETTY (custom)
2023-12-01 12:07:34,013 [main] INFO  server.RaftServerConfigKeys (ConfUtils.java:logGet(46)) - raft.server.data-stream.async.request.thread.pool.cached = false (default)
2023-12-01 12:07:34,014 [main] INFO  server.RaftServerConfigKeys (ConfUtils.java:logGet(46)) - raft.server.data-stream.async.request.thread.pool.size = 20 (custom)
2023-12-01 12:07:34,014 [main] INFO  server.RaftServerConfigKeys (ConfUtils.java:logGet(46)) - raft.server.data-stream.async.write.thread.pool.size = 16 (default)
2023-12-01 12:07:34,014 [main] INFO  netty.NettyConfigKeys$DataStream (ConfUtils.java:logGet(46)) - raft.netty.dataStream.server.channel.inactive.grace-period = 10min (default)
2023-12-01 12:07:34,014 [main] INFO  server.RaftServerConfigKeys (ConfUtils.java:logGet(46)) - raft.server.data-stream.client.pool.size = 10 (default)
2023-12-01 12:07:34,014 [main] INFO  netty.NettyConfigKeys$DataStream (ConfUtils.java:logGet(46)) - raft.netty.dataStream.server.use-epoll = true (default)
2023-12-01 12:07:34,015 [main] INFO  netty.NettyConfigKeys$DataStream (ConfUtils.java:logGet(46)) - raft.netty.dataStream.server.boss-group.size = 0 (default)
2023-12-01 12:07:34,015 [main] INFO  netty.NettyUtils (NettyUtils.java:newEventLoopGroup(69)) - Create EpollEventLoopGroup for 76b9be1d-1bf0-4a28-acca-c5c2681cc872-NettyServerStreamRpc-bossGroup; Thread size is 0.
2023-12-01 12:07:34,015 [main] INFO  netty.NettyConfigKeys$DataStream (ConfUtils.java:logGet(46)) - raft.netty.dataStream.server.worker-group.size = 0 (default)
2023-12-01 12:07:34,015 [main] INFO  netty.NettyUtils (NettyUtils.java:newEventLoopGroup(69)) - Create EpollEventLoopGroup for 76b9be1d-1bf0-4a28-acca-c5c2681cc872-NettyServerStreamRpc-workerGroup; Thread size is 0.
2023-12-01 12:07:34,016 [main] INFO  netty.NettyConfigKeys$DataStream (ConfUtils.java:logGet(46)) - raft.netty.dataStream.server.tls.conf = null (default)
2023-12-01 12:07:34,016 [main] INFO  netty.NettyConfigKeys$DataStream (ConfUtils.java:logGet(46)) - raft.netty.dataStream.host = null (default)
2023-12-01 12:07:34,016 [main] INFO  netty.NettyConfigKeys$DataStream (ConfUtils.java:logGet(46)) - raft.netty.dataStream.port = 15121 (custom)
2023-12-01 12:07:34,016 [main] INFO  server.RaftServerConfigKeys (ConfUtils.java:logGet(46)) - raft.server.sleep.deviation.threshold = 300ms (default)
2023-12-01 12:07:34,016 [main] INFO  server.RaftServerConfigKeys (ConfUtils.java:logGet(46)) - raft.server.close.threshold = 60s (default)
2023-12-01 12:07:34,016 [76b9be1d-1bf0-4a28-acca-c5c2681cc872-NettyServerStreamRpc-bossGroup--thread1] INFO  logging.LoggingHandler (AbstractInternalLogger.java:log(148)) - [id: 0xed8d9407] REGISTERED
2023-12-01 12:07:34,016 [main] INFO  server.RaftServerConfigKeys (ConfUtils.java:logGet(46)) - raft.server.leaderelection.leader.step-down.wait-time = 10s (default)
2023-12-01 12:07:34,017 [76b9be1d-1bf0-4a28-acca-c5c2681cc872-NettyServerStreamRpc-bossGroup--thread1] INFO  logging.LoggingHandler (AbstractInternalLogger.java:log(148)) - [id: 0xed8d9407] BIND: 0.0.0.0/0.0.0.0:15121
2023-12-01 12:07:34,017 [main] INFO  server.RaftServerConfigKeys (ConfUtils.java:logGet(46)) - raft.server.storage.dir = [/home/runner/work/ozone/ozone/hadoop-ozone/integration-test/target/test-dir/MiniOzoneClusterImpl-b249f779-13f2-4d94-9d49-8f38c7514c74/datanode-1/data/ratis] (custom)
2023-12-01 12:07:34,017 [76b9be1d-1bf0-4a28-acca-c5c2681cc872-NettyServerStreamRpc-bossGroup--thread1] INFO  logging.LoggingHandler (AbstractInternalLogger.java:log(148)) - [id: 0xed8d9407, L:/0.0.0.0:15121] ACTIVE
2023-12-01 12:07:34,017 [main] INFO  server.RaftServerConfigKeys (ConfUtils.java:logGet(46)) - raft.server.threadpool.proxy.cached = true (default)
2023-12-01 12:07:34,017 [main] INFO  server.RaftServerConfigKeys (ConfUtils.java:logGet(46)) - raft.server.threadpool.proxy.size = 0 (default)
2023-12-01 12:07:34,017 [76b9be1d-1bf0-4a28-acca-c5c2681cc872-impl-thread1] INFO  server.RaftServer (RaftServerProxy.java:initGroupDir(264)) - 76b9be1d-1bf0-4a28-acca-c5c2681cc872: found a subdirectory /home/runner/work/ozone/ozone/hadoop-ozone/integration-test/target/test-dir/MiniOzoneClusterImpl-b249f779-13f2-4d94-9d49-8f38c7514c74/datanode-1/data/ratis/tmp
2023-12-01 12:07:34,017 [76b9be1d-1bf0-4a28-acca-c5c2681cc872-impl-thread1] INFO  server.RaftServer (RaftServerProxy.java:initGroupDir(269)) - 76b9be1d-1bf0-4a28-acca-c5c2681cc872: The directory /home/runner/work/ozone/ozone/hadoop-ozone/integration-test/target/test-dir/MiniOzoneClusterImpl-b249f779-13f2-4d94-9d49-8f38c7514c74/datanode-1/data/ratis/tmp is not a group directory; ignoring it. 
2023-12-01 12:07:34,018 [main] INFO  replication.ReplicationServer (ReplicationServer.java:<init>(85)) - Initializing replication server with thread count = 10 queue length = 4096
2023-12-01 12:07:34,018 [main] INFO  server.XceiverServerGrpc (XceiverServerGrpc.java:<init>(135)) - GrpcServer channel type EpollServerSocketChannel
2023-12-01 12:07:34,020 [main] INFO  replication.ReplicationSupervisor (ReplicationSupervisor.java:build(163)) - Initializing replication supervisor with thread count = 10
2023-12-01 12:07:34,020 [main] INFO  replication.ReplicationSupervisor (ReplicationSupervisor.java:nodeStateUpdated(317)) - Node state updated to IN_SERVICE, scaling executor pool size to 10
2023-12-01 12:07:34,021 [main] INFO  http.BaseHttpServer (BaseHttpServer.java:newHttpServer2BuilderForOzone(223)) - Starting Web-server for hddsDatanode at: http://0.0.0.0:15115
2023-12-01 12:07:34,022 [main] INFO  http.BaseHttpServer (BaseHttpServer.java:<init>(110)) - Hadoop Security Enabled: false Ozone Security Enabled: false Ozone HTTP Security Enabled: false 
2023-12-01 12:07:34,023 [main] WARN  server.AuthenticationFilter (AuthenticationFilter.java:constructSecretProvider(240)) - Unable to initialize FileSignerSecretProvider, falling back to use random secrets. Reason: Could not read signature secret file: /home/runner/hadoop-http-auth-signature-secret
2023-12-01 12:07:34,023 [main] INFO  http.HttpRequestLog (HttpRequestLog.java:getRequestLog(86)) - Http request log for http.requests.hddsDatanode is not defined
2023-12-01 12:07:34,024 [main] INFO  http.HttpServer2 (HttpServer2.java:addGlobalFilter(1031)) - Added global filter 'safety' (class=org.apache.hadoop.hdds.server.http.HttpServer2$QuotingInputFilter)
2023-12-01 12:07:34,024 [main] INFO  http.HttpServer2 (HttpServer2.java:addFilter(1007)) - Added filter static_user_filter (class=org.apache.hadoop.http.lib.StaticUserWebFilter$StaticUserFilter) to context hddsDatanode
2023-12-01 12:07:34,024 [main] INFO  http.HttpServer2 (HttpServer2.java:addFilter(1015)) - Added filter static_user_filter (class=org.apache.hadoop.http.lib.StaticUserWebFilter$StaticUserFilter) to context static
2023-12-01 12:07:34,024 [main] INFO  http.HttpServer2 (HttpServer2.java:addFilter(1015)) - Added filter static_user_filter (class=org.apache.hadoop.http.lib.StaticUserWebFilter$StaticUserFilter) to context logs
2023-12-01 12:07:34,025 [main] INFO  http.BaseHttpServer (BaseHttpServer.java:<init>(189)) - HTTP server of hddsDatanode uses base directory /home/runner/work/ozone/ozone/hadoop-ozone/integration-test/target/test-dir/MiniOzoneClusterImpl-b249f779-13f2-4d94-9d49-8f38c7514c74/datanode-1/meta/webserver
2023-12-01 12:07:34,025 [main] INFO  http.HttpServer2 (HttpServer2.java:bindListener(1231)) - Jetty bound to port 15115
2023-12-01 12:07:34,025 [main] INFO  server.Server (Server.java:doStart(375)) - jetty-9.4.53.v20231009; built: 2023-10-09T12:29:09.265Z; git: 27bde00a0b95a1d5bbee0eae7984f891d2d0f8c9; jvm 1.8.0_392-b08
2023-12-01 12:07:34,031 [main] INFO  server.session (DefaultSessionIdManager.java:doStart(334)) - DefaultSessionIdManager workerName=node0
2023-12-01 12:07:34,032 [main] INFO  server.session (DefaultSessionIdManager.java:doStart(339)) - No SessionScavenger set, using defaults
2023-12-01 12:07:34,032 [main] INFO  server.session (HouseKeeper.java:startScavenging(132)) - node0 Scavenging every 660000ms
2023-12-01 12:07:34,032 [main] INFO  handler.ContextHandler (ContextHandler.java:doStart(921)) - Started o.e.j.s.ServletContextHandler@5d4fc083{logs,/logs,file:///home/runner/work/ozone/ozone/hadoop-ozone/integration-test/target/log,AVAILABLE}
2023-12-01 12:07:34,033 [main] INFO  handler.ContextHandler (ContextHandler.java:doStart(921)) - Started o.e.j.s.ServletContextHandler@7c6567b6{static,/static,jar:file:/home/runner/.m2/repository/org/apache/ozone/hdds-container-service/1.4.0-SNAPSHOT/hdds-container-service-1.4.0-SNAPSHOT.jar!/webapps/static,AVAILABLE}
2023-12-01 12:07:34,065 [main] INFO  handler.ContextHandler (ContextHandler.java:doStart(921)) - Started o.e.j.w.WebAppContext@d7b5027{hddsDatanode,/,file:///home/runner/work/ozone/ozone/hadoop-ozone/integration-test/target/test-dir/MiniOzoneClusterImpl-b249f779-13f2-4d94-9d49-8f38c7514c74/datanode-1/meta/webserver/jetty-0_0_0_0-15115-hdds-container-service-1_4_0-SNAPSHOT_jar-_-any-977515314486912277/webapp/,AVAILABLE}{jar:file:/home/runner/.m2/repository/org/apache/ozone/hdds-container-service/1.4.0-SNAPSHOT/hdds-container-service-1.4.0-SNAPSHOT.jar!/webapps/hddsDatanode}
2023-12-01 12:07:34,067 [main] INFO  server.AbstractConnector (AbstractConnector.java:doStart(333)) - Started ServerConnector@275cf658{HTTP/1.1, (http/1.1)}{0.0.0.0:15115}
2023-12-01 12:07:34,067 [main] INFO  server.Server (Server.java:doStart(415)) - Started @214506ms
2023-12-01 12:07:34,067 [main] WARN  impl.MetricsSystemImpl (MetricsSystemImpl.java:register(279)) - Sink prometheus already exists!
2023-12-01 12:07:34,067 [main] INFO  http.BaseHttpServer (BaseHttpServer.java:updateConnectorAddress(354)) - HTTP server of hddsDatanode listening at http://0.0.0.0:15115
2023-12-01 12:07:34,068 [main] INFO  ipc.CallQueueManager (CallQueueManager.java:<init>(90)) - Using callQueue: class java.util.concurrent.LinkedBlockingQueue, queueCapacity: 100, scheduler: class org.apache.hadoop.ipc.DefaultRpcScheduler, ipcBackoff: false.
2023-12-01 12:07:34,068 [main] INFO  ipc.Server (Server.java:<init>(1287)) - Listener at 0.0.0.0:15116
2023-12-01 12:07:34,068 [Socket Reader #1 for port 15116] INFO  ipc.Server (Server.java:run(1323)) - Starting Socket Reader #1 for port 15116
2023-12-01 12:07:34,073 [main] INFO  ozone.HddsDatanodeService (HddsDatanodeService.java:start(324)) - Datanode start with admins: [runner]
2023-12-01 12:07:34,073 [main] INFO  ozone.HddsDatanodeClientProtocolServer (HddsDatanodeClientProtocolServer.java:start(72)) - RPC server for Client /0.0.0.0:15116
2023-12-01 12:07:34,074 [IPC Server Responder] INFO  ipc.Server (Server.java:run(1562)) - IPC Server Responder: starting
2023-12-01 12:07:34,074 [IPC Server listener on 15116] INFO  ipc.Server (Server.java:run(1402)) - IPC Server listener on 15116: starting
2023-12-01 12:07:34,079 [76b9be1d-1bf0-4a28-acca-c5c2681cc872-DatanodeStateMachineDaemonThread] INFO  statemachine.DatanodeStateMachine (DatanodeStateMachine.java:lambda$startDaemon$1(555)) - Ozone container server started.
2023-12-01 12:07:34,080 [main] WARN  dropwizard3.Dm3MetricRegistriesImpl (Dm3MetricRegistriesImpl.java:addReporterRegistration(113)) - New reporters are added after registries were created. Some metrics will be missing from the reporter. Please add reporter before adding any new registry.
2023-12-01 12:07:34,080 [main] WARN  dropwizard3.Dm3MetricRegistriesImpl (Dm3MetricRegistriesImpl.java:addReporterRegistration(113)) - New reporters are added after registries were created. Some metrics will be missing from the reporter. Please add reporter before adding any new registry.
2023-12-01 12:07:34,080 [main] INFO  impl.MetricsSystemImpl (MetricsSystemImpl.java:init(158)) - HddsDatanode metrics system started (again)
2023-12-01 12:07:34,083 [76b9be1d-1bf0-4a28-acca-c5c2681cc872-DatanodeStateMachineTaskThread-0] INFO  datanode.InitDatanodeState (InitDatanodeState.java:persistContainerDatanodeDetails(139)) - DatanodeDetails is persisted to /home/runner/work/ozone/ozone/hadoop-ozone/integration-test/target/test-dir/MiniOzoneClusterImpl-b249f779-13f2-4d94-9d49-8f38c7514c74/datanode-1/meta/datanode.id
2023-12-01 12:07:34,091 [main] INFO  ozone.HddsDatanodeService (HddsDatanodeService.java:start(239)) - HddsDatanodeService host:fv-az1423-675.ei5rwdf52qxuxllzxeqjam05jd.ex.internal.cloudapp.net ip:10.1.0.24
2023-12-01 12:07:34,108 [main] INFO  upgrade.AbstractLayoutVersionManager (AbstractLayoutVersionManager.java:init(83)) - Initializing Layout version manager with metadata layout = HADOOP_PRC_PORTS_IN_DATANODEDETAILS (version = 7), software layout = HADOOP_PRC_PORTS_IN_DATANODEDETAILS (version = 7)
2023-12-01 12:07:34,108 [main] INFO  statemachine.DatanodeStateMachine (DatanodeStateMachine.java:getEndPointTaskThreadPoolSize(299)) - Datanode State Machine Task Thread Pool size 2
2023-12-01 12:07:34,109 [main] INFO  volume.HddsVolume (HddsVolume.java:<init>(126)) - Creating HddsVolume: /home/runner/work/ozone/ozone/hadoop-ozone/integration-test/target/test-dir/MiniOzoneClusterImpl-b249f779-13f2-4d94-9d49-8f38c7514c74/datanode-2/data-0/containers/hdds of storage type : DISK capacity : 9223372036854775807
2023-12-01 12:07:34,109 [main] INFO  volume.MutableVolumeSet (MutableVolumeSet.java:initializeVolumeSet(173)) - Added Volume : /home/runner/work/ozone/ozone/hadoop-ozone/integration-test/target/test-dir/MiniOzoneClusterImpl-b249f779-13f2-4d94-9d49-8f38c7514c74/datanode-2/data-0/containers/hdds to VolumeSet
2023-12-01 12:07:34,110 [main] INFO  volume.MutableVolumeSet (MutableVolumeSet.java:initializeVolumeSet(173)) - Added Volume : /home/runner/work/ozone/ozone/hadoop-ozone/integration-test/target/test-dir/MiniOzoneClusterImpl-b249f779-13f2-4d94-9d49-8f38c7514c74/datanode-2/data/ratis to VolumeSet
2023-12-01 12:07:34,110 [main] INFO  ozoneimpl.OzoneContainer (HddsVolumeUtil.java:loadAllHddsVolumeDbStore(103)) - Load 1 volumes DbStore cost: 0ms
2023-12-01 12:07:34,111 [36feb706-8d2b-450d-bbd6-33af8c2d1a3d-ContainerReader-0] INFO  ozoneimpl.ContainerReader (ContainerReader.java:readVolume(177)) - Finish verifying containers on volume /home/runner/work/ozone/ozone/hadoop-ozone/integration-test/target/test-dir/MiniOzoneClusterImpl-b249f779-13f2-4d94-9d49-8f38c7514c74/datanode-2/data-0/containers/hdds
2023-12-01 12:07:34,111 [main] INFO  ozoneimpl.OzoneContainer (OzoneContainer.java:buildContainerSet(326)) - Build ContainerSet costs 0s
2023-12-01 12:07:34,113 [main] INFO  server.RaftServer (ConfUtils.java:logGet(46)) - raft.rpc.type = GRPC (default)
2023-12-01 12:07:34,113 [main] INFO  grpc.GrpcConfigKeys (ConfUtils.java:logFallback(53)) - raft.grpc.admin.host = null (fallback to raft.grpc.server.host)
2023-12-01 12:07:34,114 [main] INFO  grpc.GrpcConfigKeys (ConfUtils.java:logGet(46)) - raft.grpc.admin.port = 15128 (custom)
2023-12-01 12:07:34,114 [main] INFO  grpc.GrpcConfigKeys (ConfUtils.java:logFallback(53)) - raft.grpc.client.host = null (fallback to raft.grpc.server.host)
2023-12-01 12:07:34,114 [main] INFO  grpc.GrpcConfigKeys (ConfUtils.java:logGet(46)) - raft.grpc.client.port = 15127 (custom)
2023-12-01 12:07:34,114 [main] INFO  grpc.GrpcConfigKeys (ConfUtils.java:logGet(46)) - raft.grpc.server.host = null (default)
2023-12-01 12:07:34,114 [main] INFO  grpc.GrpcConfigKeys (ConfUtils.java:logGet(46)) - raft.grpc.server.port = 15129 (custom)
2023-12-01 12:07:34,114 [main] INFO  server.GrpcService (ConfUtils.java:logGet(46)) - raft.grpc.message.size.max = 32MB (=33554432) (custom)
2023-12-01 12:07:34,115 [main] INFO  server.RaftServerConfigKeys (ConfUtils.java:logGet(46)) - raft.server.log.appender.buffer.byte-limit = 33554432 (custom)
2023-12-01 12:07:34,115 [main] INFO  server.GrpcService (ConfUtils.java:logGet(46)) - raft.grpc.flow.control.window = 5MB (=5242880) (custom)
2023-12-01 12:07:34,115 [main] INFO  server.RaftServerConfigKeys (ConfUtils.java:logGet(46)) - raft.server.rpc.request.timeout = 60s (custom)
2023-12-01 12:07:34,115 [main] INFO  grpc.GrpcConfigKeys (ConfUtils.java:logGet(46)) - raft.grpc.server.heartbeat.channel = true (default)
2023-12-01 12:07:34,116 [main] INFO  grpc.GrpcConfigKeys (ConfUtils.java:logGet(46)) - raft.grpc.server.async.request.thread.pool.cached = true (default)
2023-12-01 12:07:34,116 [main] INFO  grpc.GrpcConfigKeys (ConfUtils.java:logGet(46)) - raft.grpc.server.async.request.thread.pool.size = 32 (default)
2023-12-01 12:07:34,118 [main] INFO  impl.DataStreamServerImpl (ConfUtils.java:logGet(46)) - raft.datastream.type = NETTY (custom)
2023-12-01 12:07:34,118 [main] INFO  server.RaftServerConfigKeys (ConfUtils.java:logGet(46)) - raft.server.data-stream.async.request.thread.pool.cached = false (default)
2023-12-01 12:07:34,118 [main] INFO  server.RaftServerConfigKeys (ConfUtils.java:logGet(46)) - raft.server.data-stream.async.request.thread.pool.size = 20 (custom)
2023-12-01 12:07:34,118 [main] INFO  server.RaftServerConfigKeys (ConfUtils.java:logGet(46)) - raft.server.data-stream.async.write.thread.pool.size = 16 (default)
2023-12-01 12:07:34,118 [main] INFO  netty.NettyConfigKeys$DataStream (ConfUtils.java:logGet(46)) - raft.netty.dataStream.server.channel.inactive.grace-period = 10min (default)
2023-12-01 12:07:34,118 [main] INFO  server.RaftServerConfigKeys (ConfUtils.java:logGet(46)) - raft.server.data-stream.client.pool.size = 10 (default)
2023-12-01 12:07:34,118 [main] INFO  netty.NettyConfigKeys$DataStream (ConfUtils.java:logGet(46)) - raft.netty.dataStream.server.use-epoll = true (default)
2023-12-01 12:07:34,119 [main] INFO  netty.NettyConfigKeys$DataStream (ConfUtils.java:logGet(46)) - raft.netty.dataStream.server.boss-group.size = 0 (default)
2023-12-01 12:07:34,119 [main] INFO  netty.NettyUtils (NettyUtils.java:newEventLoopGroup(69)) - Create EpollEventLoopGroup for 36feb706-8d2b-450d-bbd6-33af8c2d1a3d-NettyServerStreamRpc-bossGroup; Thread size is 0.
2023-12-01 12:07:34,119 [main] INFO  netty.NettyConfigKeys$DataStream (ConfUtils.java:logGet(46)) - raft.netty.dataStream.server.worker-group.size = 0 (default)
2023-12-01 12:07:34,120 [main] INFO  netty.NettyUtils (NettyUtils.java:newEventLoopGroup(69)) - Create EpollEventLoopGroup for 36feb706-8d2b-450d-bbd6-33af8c2d1a3d-NettyServerStreamRpc-workerGroup; Thread size is 0.
2023-12-01 12:07:34,120 [main] INFO  netty.NettyConfigKeys$DataStream (ConfUtils.java:logGet(46)) - raft.netty.dataStream.server.tls.conf = null (default)
2023-12-01 12:07:34,120 [main] INFO  netty.NettyConfigKeys$DataStream (ConfUtils.java:logGet(46)) - raft.netty.dataStream.host = null (default)
2023-12-01 12:07:34,120 [main] INFO  netty.NettyConfigKeys$DataStream (ConfUtils.java:logGet(46)) - raft.netty.dataStream.port = 15130 (custom)
2023-12-01 12:07:34,120 [main] INFO  server.RaftServerConfigKeys (ConfUtils.java:logGet(46)) - raft.server.sleep.deviation.threshold = 300ms (default)
2023-12-01 12:07:34,121 [main] INFO  server.RaftServerConfigKeys (ConfUtils.java:logGet(46)) - raft.server.close.threshold = 60s (default)
2023-12-01 12:07:34,121 [main] INFO  server.RaftServerConfigKeys (ConfUtils.java:logGet(46)) - raft.server.leaderelection.leader.step-down.wait-time = 10s (default)
2023-12-01 12:07:34,121 [36feb706-8d2b-450d-bbd6-33af8c2d1a3d-NettyServerStreamRpc-bossGroup--thread1] INFO  logging.LoggingHandler (AbstractInternalLogger.java:log(148)) - [id: 0x789a58b9] REGISTERED
2023-12-01 12:07:34,121 [main] INFO  server.RaftServerConfigKeys (ConfUtils.java:logGet(46)) - raft.server.storage.dir = [/home/runner/work/ozone/ozone/hadoop-ozone/integration-test/target/test-dir/MiniOzoneClusterImpl-b249f779-13f2-4d94-9d49-8f38c7514c74/datanode-2/data/ratis] (custom)
2023-12-01 12:07:34,121 [main] INFO  server.RaftServerConfigKeys (ConfUtils.java:logGet(46)) - raft.server.threadpool.proxy.cached = true (default)
2023-12-01 12:07:34,121 [main] INFO  server.RaftServerConfigKeys (ConfUtils.java:logGet(46)) - raft.server.threadpool.proxy.size = 0 (default)
2023-12-01 12:07:34,121 [36feb706-8d2b-450d-bbd6-33af8c2d1a3d-NettyServerStreamRpc-bossGroup--thread1] INFO  logging.LoggingHandler (AbstractInternalLogger.java:log(148)) - [id: 0x789a58b9] BIND: 0.0.0.0/0.0.0.0:15130
2023-12-01 12:07:34,121 [36feb706-8d2b-450d-bbd6-33af8c2d1a3d-NettyServerStreamRpc-bossGroup--thread1] INFO  logging.LoggingHandler (AbstractInternalLogger.java:log(148)) - [id: 0x789a58b9, L:/0.0.0.0:15130] ACTIVE
2023-12-01 12:07:34,121 [36feb706-8d2b-450d-bbd6-33af8c2d1a3d-impl-thread1] INFO  server.RaftServer (RaftServerProxy.java:initGroupDir(264)) - 36feb706-8d2b-450d-bbd6-33af8c2d1a3d: found a subdirectory /home/runner/work/ozone/ozone/hadoop-ozone/integration-test/target/test-dir/MiniOzoneClusterImpl-b249f779-13f2-4d94-9d49-8f38c7514c74/datanode-2/data/ratis/tmp
2023-12-01 12:07:34,122 [36feb706-8d2b-450d-bbd6-33af8c2d1a3d-impl-thread1] INFO  server.RaftServer (RaftServerProxy.java:initGroupDir(269)) - 36feb706-8d2b-450d-bbd6-33af8c2d1a3d: The directory /home/runner/work/ozone/ozone/hadoop-ozone/integration-test/target/test-dir/MiniOzoneClusterImpl-b249f779-13f2-4d94-9d49-8f38c7514c74/datanode-2/data/ratis/tmp is not a group directory; ignoring it. 
2023-12-01 12:07:34,122 [main] INFO  replication.ReplicationServer (ReplicationServer.java:<init>(85)) - Initializing replication server with thread count = 10 queue length = 4096
2023-12-01 12:07:34,122 [main] INFO  server.XceiverServerGrpc (XceiverServerGrpc.java:<init>(135)) - GrpcServer channel type EpollServerSocketChannel
2023-12-01 12:07:34,124 [main] INFO  replication.ReplicationSupervisor (ReplicationSupervisor.java:build(163)) - Initializing replication supervisor with thread count = 10
2023-12-01 12:07:34,124 [main] INFO  replication.ReplicationSupervisor (ReplicationSupervisor.java:nodeStateUpdated(317)) - Node state updated to IN_SERVICE, scaling executor pool size to 10
2023-12-01 12:07:34,125 [main] INFO  http.BaseHttpServer (BaseHttpServer.java:newHttpServer2BuilderForOzone(223)) - Starting Web-server for hddsDatanode at: http://0.0.0.0:15124
2023-12-01 12:07:34,125 [main] INFO  http.BaseHttpServer (BaseHttpServer.java:<init>(110)) - Hadoop Security Enabled: false Ozone Security Enabled: false Ozone HTTP Security Enabled: false 
2023-12-01 12:07:34,127 [main] WARN  server.AuthenticationFilter (AuthenticationFilter.java:constructSecretProvider(240)) - Unable to initialize FileSignerSecretProvider, falling back to use random secrets. Reason: Could not read signature secret file: /home/runner/hadoop-http-auth-signature-secret
2023-12-01 12:07:34,127 [main] INFO  http.HttpRequestLog (HttpRequestLog.java:getRequestLog(86)) - Http request log for http.requests.hddsDatanode is not defined
2023-12-01 12:07:34,128 [main] INFO  http.HttpServer2 (HttpServer2.java:addGlobalFilter(1031)) - Added global filter 'safety' (class=org.apache.hadoop.hdds.server.http.HttpServer2$QuotingInputFilter)
2023-12-01 12:07:34,129 [main] INFO  http.HttpServer2 (HttpServer2.java:addFilter(1007)) - Added filter static_user_filter (class=org.apache.hadoop.http.lib.StaticUserWebFilter$StaticUserFilter) to context hddsDatanode
2023-12-01 12:07:34,129 [main] INFO  http.HttpServer2 (HttpServer2.java:addFilter(1015)) - Added filter static_user_filter (class=org.apache.hadoop.http.lib.StaticUserWebFilter$StaticUserFilter) to context logs
2023-12-01 12:07:34,129 [main] INFO  http.HttpServer2 (HttpServer2.java:addFilter(1015)) - Added filter static_user_filter (class=org.apache.hadoop.http.lib.StaticUserWebFilter$StaticUserFilter) to context static
2023-12-01 12:07:34,129 [main] INFO  http.BaseHttpServer (BaseHttpServer.java:<init>(189)) - HTTP server of hddsDatanode uses base directory /home/runner/work/ozone/ozone/hadoop-ozone/integration-test/target/test-dir/MiniOzoneClusterImpl-b249f779-13f2-4d94-9d49-8f38c7514c74/datanode-2/meta/webserver
2023-12-01 12:07:34,130 [main] INFO  http.HttpServer2 (HttpServer2.java:bindListener(1231)) - Jetty bound to port 15124
2023-12-01 12:07:34,130 [main] INFO  server.Server (Server.java:doStart(375)) - jetty-9.4.53.v20231009; built: 2023-10-09T12:29:09.265Z; git: 27bde00a0b95a1d5bbee0eae7984f891d2d0f8c9; jvm 1.8.0_392-b08
2023-12-01 12:07:34,131 [main] INFO  server.session (DefaultSessionIdManager.java:doStart(334)) - DefaultSessionIdManager workerName=node0
2023-12-01 12:07:34,131 [main] INFO  server.session (DefaultSessionIdManager.java:doStart(339)) - No SessionScavenger set, using defaults
2023-12-01 12:07:34,132 [main] INFO  server.session (HouseKeeper.java:startScavenging(132)) - node0 Scavenging every 600000ms
2023-12-01 12:07:34,133 [main] INFO  handler.ContextHandler (ContextHandler.java:doStart(921)) - Started o.e.j.s.ServletContextHandler@40c8291b{logs,/logs,file:///home/runner/work/ozone/ozone/hadoop-ozone/integration-test/target/log,AVAILABLE}
2023-12-01 12:07:34,135 [main] INFO  handler.ContextHandler (ContextHandler.java:doStart(921)) - Started o.e.j.s.ServletContextHandler@1e5c7bba{static,/static,jar:file:/home/runner/.m2/repository/org/apache/ozone/hdds-container-service/1.4.0-SNAPSHOT/hdds-container-service-1.4.0-SNAPSHOT.jar!/webapps/static,AVAILABLE}
2023-12-01 12:07:34,167 [main] INFO  handler.ContextHandler (ContextHandler.java:doStart(921)) - Started o.e.j.w.WebAppContext@522c2a19{hddsDatanode,/,file:///home/runner/work/ozone/ozone/hadoop-ozone/integration-test/target/test-dir/MiniOzoneClusterImpl-b249f779-13f2-4d94-9d49-8f38c7514c74/datanode-2/meta/webserver/jetty-0_0_0_0-15124-hdds-container-service-1_4_0-SNAPSHOT_jar-_-any-2601233336553417796/webapp/,AVAILABLE}{jar:file:/home/runner/.m2/repository/org/apache/ozone/hdds-container-service/1.4.0-SNAPSHOT/hdds-container-service-1.4.0-SNAPSHOT.jar!/webapps/hddsDatanode}
2023-12-01 12:07:34,169 [main] INFO  server.AbstractConnector (AbstractConnector.java:doStart(333)) - Started ServerConnector@390af2f0{HTTP/1.1, (http/1.1)}{0.0.0.0:15124}
2023-12-01 12:07:34,169 [main] INFO  server.Server (Server.java:doStart(415)) - Started @214608ms
2023-12-01 12:07:34,169 [main] WARN  impl.MetricsSystemImpl (MetricsSystemImpl.java:register(279)) - Sink prometheus already exists!
2023-12-01 12:07:34,170 [main] INFO  http.BaseHttpServer (BaseHttpServer.java:updateConnectorAddress(354)) - HTTP server of hddsDatanode listening at http://0.0.0.0:15124
2023-12-01 12:07:34,170 [main] INFO  ipc.CallQueueManager (CallQueueManager.java:<init>(90)) - Using callQueue: class java.util.concurrent.LinkedBlockingQueue, queueCapacity: 100, scheduler: class org.apache.hadoop.ipc.DefaultRpcScheduler, ipcBackoff: false.
2023-12-01 12:07:34,170 [main] INFO  ipc.Server (Server.java:<init>(1287)) - Listener at 0.0.0.0:15125
2023-12-01 12:07:34,171 [Socket Reader #1 for port 15125] INFO  ipc.Server (Server.java:run(1323)) - Starting Socket Reader #1 for port 15125
2023-12-01 12:07:34,172 [main] INFO  ozone.HddsDatanodeService (HddsDatanodeService.java:start(324)) - Datanode start with admins: [runner]
2023-12-01 12:07:34,172 [main] INFO  ozone.HddsDatanodeClientProtocolServer (HddsDatanodeClientProtocolServer.java:start(72)) - RPC server for Client /0.0.0.0:15125
2023-12-01 12:07:34,172 [IPC Server Responder] INFO  ipc.Server (Server.java:run(1562)) - IPC Server Responder: starting
2023-12-01 12:07:34,173 [IPC Server listener on 15125] INFO  ipc.Server (Server.java:run(1402)) - IPC Server listener on 15125: starting
2023-12-01 12:07:34,174 [36feb706-8d2b-450d-bbd6-33af8c2d1a3d-DatanodeStateMachineDaemonThread] INFO  statemachine.DatanodeStateMachine (DatanodeStateMachine.java:lambda$startDaemon$1(555)) - Ozone container server started.
2023-12-01 12:07:34,175 [main] WARN  dropwizard3.Dm3MetricRegistriesImpl (Dm3MetricRegistriesImpl.java:addReporterRegistration(113)) - New reporters are added after registries were created. Some metrics will be missing from the reporter. Please add reporter before adding any new registry.
2023-12-01 12:07:34,175 [main] WARN  dropwizard3.Dm3MetricRegistriesImpl (Dm3MetricRegistriesImpl.java:addReporterRegistration(113)) - New reporters are added after registries were created. Some metrics will be missing from the reporter. Please add reporter before adding any new registry.
2023-12-01 12:07:34,175 [main] INFO  impl.MetricsSystemImpl (MetricsSystemImpl.java:init(158)) - HddsDatanode metrics system started (again)
2023-12-01 12:07:34,177 [36feb706-8d2b-450d-bbd6-33af8c2d1a3d-DatanodeStateMachineTaskThread-0] INFO  datanode.InitDatanodeState (InitDatanodeState.java:persistContainerDatanodeDetails(139)) - DatanodeDetails is persisted to /home/runner/work/ozone/ozone/hadoop-ozone/integration-test/target/test-dir/MiniOzoneClusterImpl-b249f779-13f2-4d94-9d49-8f38c7514c74/datanode-2/meta/datanode.id
2023-12-01 12:07:34,185 [main] INFO  ozone.HddsDatanodeService (HddsDatanodeService.java:start(239)) - HddsDatanodeService host:fv-az1423-675.ei5rwdf52qxuxllzxeqjam05jd.ex.internal.cloudapp.net ip:10.1.0.24
2023-12-01 12:07:34,203 [main] INFO  upgrade.AbstractLayoutVersionManager (AbstractLayoutVersionManager.java:init(83)) - Initializing Layout version manager with metadata layout = HADOOP_PRC_PORTS_IN_DATANODEDETAILS (version = 7), software layout = HADOOP_PRC_PORTS_IN_DATANODEDETAILS (version = 7)
2023-12-01 12:07:34,203 [main] INFO  statemachine.DatanodeStateMachine (DatanodeStateMachine.java:getEndPointTaskThreadPoolSize(299)) - Datanode State Machine Task Thread Pool size 2
2023-12-01 12:07:34,204 [main] INFO  volume.HddsVolume (HddsVolume.java:<init>(126)) - Creating HddsVolume: /home/runner/work/ozone/ozone/hadoop-ozone/integration-test/target/test-dir/MiniOzoneClusterImpl-b249f779-13f2-4d94-9d49-8f38c7514c74/datanode-3/data-0/containers/hdds of storage type : DISK capacity : 9223372036854775807
2023-12-01 12:07:34,205 [main] INFO  volume.MutableVolumeSet (MutableVolumeSet.java:initializeVolumeSet(173)) - Added Volume : /home/runner/work/ozone/ozone/hadoop-ozone/integration-test/target/test-dir/MiniOzoneClusterImpl-b249f779-13f2-4d94-9d49-8f38c7514c74/datanode-3/data-0/containers/hdds to VolumeSet
2023-12-01 12:07:34,205 [main] INFO  volume.MutableVolumeSet (MutableVolumeSet.java:initializeVolumeSet(173)) - Added Volume : /home/runner/work/ozone/ozone/hadoop-ozone/integration-test/target/test-dir/MiniOzoneClusterImpl-b249f779-13f2-4d94-9d49-8f38c7514c74/datanode-3/data/ratis to VolumeSet
2023-12-01 12:07:34,205 [main] INFO  ozoneimpl.OzoneContainer (HddsVolumeUtil.java:loadAllHddsVolumeDbStore(103)) - Load 1 volumes DbStore cost: 0ms
2023-12-01 12:07:34,206 [585524aa-0c42-40b1-8d18-f2722508c145-ContainerReader-0] INFO  ozoneimpl.ContainerReader (ContainerReader.java:readVolume(177)) - Finish verifying containers on volume /home/runner/work/ozone/ozone/hadoop-ozone/integration-test/target/test-dir/MiniOzoneClusterImpl-b249f779-13f2-4d94-9d49-8f38c7514c74/datanode-3/data-0/containers/hdds
2023-12-01 12:07:34,206 [main] INFO  ozoneimpl.OzoneContainer (OzoneContainer.java:buildContainerSet(326)) - Build ContainerSet costs 0s
2023-12-01 12:07:34,208 [main] INFO  server.RaftServer (ConfUtils.java:logGet(46)) - raft.rpc.type = GRPC (default)
2023-12-01 12:07:34,208 [main] INFO  grpc.GrpcConfigKeys (ConfUtils.java:logFallback(53)) - raft.grpc.admin.host = null (fallback to raft.grpc.server.host)
2023-12-01 12:07:34,208 [main] INFO  grpc.GrpcConfigKeys (ConfUtils.java:logGet(46)) - raft.grpc.admin.port = 15137 (custom)
2023-12-01 12:07:34,208 [main] INFO  grpc.GrpcConfigKeys (ConfUtils.java:logFallback(53)) - raft.grpc.client.host = null (fallback to raft.grpc.server.host)
2023-12-01 12:07:34,208 [main] INFO  grpc.GrpcConfigKeys (ConfUtils.java:logGet(46)) - raft.grpc.client.port = 15136 (custom)
2023-12-01 12:07:34,209 [main] INFO  grpc.GrpcConfigKeys (ConfUtils.java:logGet(46)) - raft.grpc.server.host = null (default)
2023-12-01 12:07:34,209 [main] INFO  grpc.GrpcConfigKeys (ConfUtils.java:logGet(46)) - raft.grpc.server.port = 15138 (custom)
2023-12-01 12:07:34,209 [main] INFO  server.GrpcService (ConfUtils.java:logGet(46)) - raft.grpc.message.size.max = 32MB (=33554432) (custom)
2023-12-01 12:07:34,209 [main] INFO  server.RaftServerConfigKeys (ConfUtils.java:logGet(46)) - raft.server.log.appender.buffer.byte-limit = 33554432 (custom)
2023-12-01 12:07:34,209 [main] INFO  server.GrpcService (ConfUtils.java:logGet(46)) - raft.grpc.flow.control.window = 5MB (=5242880) (custom)
2023-12-01 12:07:34,209 [main] INFO  server.RaftServerConfigKeys (ConfUtils.java:logGet(46)) - raft.server.rpc.request.timeout = 60s (custom)
2023-12-01 12:07:34,209 [main] INFO  grpc.GrpcConfigKeys (ConfUtils.java:logGet(46)) - raft.grpc.server.heartbeat.channel = true (default)
2023-12-01 12:07:34,209 [main] INFO  grpc.GrpcConfigKeys (ConfUtils.java:logGet(46)) - raft.grpc.server.async.request.thread.pool.cached = true (default)
2023-12-01 12:07:34,210 [main] INFO  grpc.GrpcConfigKeys (ConfUtils.java:logGet(46)) - raft.grpc.server.async.request.thread.pool.size = 32 (default)
2023-12-01 12:07:34,212 [main] INFO  impl.DataStreamServerImpl (ConfUtils.java:logGet(46)) - raft.datastream.type = NETTY (custom)
2023-12-01 12:07:34,212 [main] INFO  server.RaftServerConfigKeys (ConfUtils.java:logGet(46)) - raft.server.data-stream.async.request.thread.pool.cached = false (default)
2023-12-01 12:07:34,212 [main] INFO  server.RaftServerConfigKeys (ConfUtils.java:logGet(46)) - raft.server.data-stream.async.request.thread.pool.size = 20 (custom)
2023-12-01 12:07:34,212 [main] INFO  server.RaftServerConfigKeys (ConfUtils.java:logGet(46)) - raft.server.data-stream.async.write.thread.pool.size = 16 (default)
2023-12-01 12:07:34,212 [main] INFO  netty.NettyConfigKeys$DataStream (ConfUtils.java:logGet(46)) - raft.netty.dataStream.server.channel.inactive.grace-period = 10min (default)
2023-12-01 12:07:34,213 [main] INFO  server.RaftServerConfigKeys (ConfUtils.java:logGet(46)) - raft.server.data-stream.client.pool.size = 10 (default)
2023-12-01 12:07:34,213 [main] INFO  netty.NettyConfigKeys$DataStream (ConfUtils.java:logGet(46)) - raft.netty.dataStream.server.use-epoll = true (default)
2023-12-01 12:07:34,213 [main] INFO  netty.NettyConfigKeys$DataStream (ConfUtils.java:logGet(46)) - raft.netty.dataStream.server.boss-group.size = 0 (default)
2023-12-01 12:07:34,213 [main] INFO  netty.NettyUtils (NettyUtils.java:newEventLoopGroup(69)) - Create EpollEventLoopGroup for 585524aa-0c42-40b1-8d18-f2722508c145-NettyServerStreamRpc-bossGroup; Thread size is 0.
2023-12-01 12:07:34,213 [main] INFO  netty.NettyConfigKeys$DataStream (ConfUtils.java:logGet(46)) - raft.netty.dataStream.server.worker-group.size = 0 (default)
2023-12-01 12:07:34,213 [main] INFO  netty.NettyUtils (NettyUtils.java:newEventLoopGroup(69)) - Create EpollEventLoopGroup for 585524aa-0c42-40b1-8d18-f2722508c145-NettyServerStreamRpc-workerGroup; Thread size is 0.
2023-12-01 12:07:34,213 [main] INFO  netty.NettyConfigKeys$DataStream (ConfUtils.java:logGet(46)) - raft.netty.dataStream.server.tls.conf = null (default)
2023-12-01 12:07:34,214 [main] INFO  netty.NettyConfigKeys$DataStream (ConfUtils.java:logGet(46)) - raft.netty.dataStream.host = null (default)
2023-12-01 12:07:34,214 [main] INFO  netty.NettyConfigKeys$DataStream (ConfUtils.java:logGet(46)) - raft.netty.dataStream.port = 15139 (custom)
2023-12-01 12:07:34,214 [main] INFO  server.RaftServerConfigKeys (ConfUtils.java:logGet(46)) - raft.server.sleep.deviation.threshold = 300ms (default)
2023-12-01 12:07:34,214 [585524aa-0c42-40b1-8d18-f2722508c145-NettyServerStreamRpc-bossGroup--thread1] INFO  logging.LoggingHandler (AbstractInternalLogger.java:log(148)) - [id: 0x489a52f5] REGISTERED
2023-12-01 12:07:34,214 [main] INFO  server.RaftServerConfigKeys (ConfUtils.java:logGet(46)) - raft.server.close.threshold = 60s (default)
2023-12-01 12:07:34,214 [main] INFO  server.RaftServerConfigKeys (ConfUtils.java:logGet(46)) - raft.server.leaderelection.leader.step-down.wait-time = 10s (default)
2023-12-01 12:07:34,214 [585524aa-0c42-40b1-8d18-f2722508c145-NettyServerStreamRpc-bossGroup--thread1] INFO  logging.LoggingHandler (AbstractInternalLogger.java:log(148)) - [id: 0x489a52f5] BIND: 0.0.0.0/0.0.0.0:15139
2023-12-01 12:07:34,215 [main] INFO  server.RaftServerConfigKeys (ConfUtils.java:logGet(46)) - raft.server.storage.dir = [/home/runner/work/ozone/ozone/hadoop-ozone/integration-test/target/test-dir/MiniOzoneClusterImpl-b249f779-13f2-4d94-9d49-8f38c7514c74/datanode-3/data/ratis] (custom)
2023-12-01 12:07:34,215 [main] INFO  server.RaftServerConfigKeys (ConfUtils.java:logGet(46)) - raft.server.threadpool.proxy.cached = true (default)
2023-12-01 12:07:34,215 [main] INFO  server.RaftServerConfigKeys (ConfUtils.java:logGet(46)) - raft.server.threadpool.proxy.size = 0 (default)
2023-12-01 12:07:34,215 [585524aa-0c42-40b1-8d18-f2722508c145-NettyServerStreamRpc-bossGroup--thread1] INFO  logging.LoggingHandler (AbstractInternalLogger.java:log(148)) - [id: 0x489a52f5, L:/0.0.0.0:15139] ACTIVE
2023-12-01 12:07:34,219 [585524aa-0c42-40b1-8d18-f2722508c145-impl-thread1] INFO  server.RaftServer (RaftServerProxy.java:initGroupDir(264)) - 585524aa-0c42-40b1-8d18-f2722508c145: found a subdirectory /home/runner/work/ozone/ozone/hadoop-ozone/integration-test/target/test-dir/MiniOzoneClusterImpl-b249f779-13f2-4d94-9d49-8f38c7514c74/datanode-3/data/ratis/tmp
2023-12-01 12:07:34,219 [585524aa-0c42-40b1-8d18-f2722508c145-impl-thread1] INFO  server.RaftServer (RaftServerProxy.java:initGroupDir(269)) - 585524aa-0c42-40b1-8d18-f2722508c145: The directory /home/runner/work/ozone/ozone/hadoop-ozone/integration-test/target/test-dir/MiniOzoneClusterImpl-b249f779-13f2-4d94-9d49-8f38c7514c74/datanode-3/data/ratis/tmp is not a group directory; ignoring it. 
2023-12-01 12:07:34,220 [main] INFO  replication.ReplicationServer (ReplicationServer.java:<init>(85)) - Initializing replication server with thread count = 10 queue length = 4096
2023-12-01 12:07:34,221 [main] INFO  server.XceiverServerGrpc (XceiverServerGrpc.java:<init>(135)) - GrpcServer channel type EpollServerSocketChannel
2023-12-01 12:07:34,222 [main] INFO  replication.ReplicationSupervisor (ReplicationSupervisor.java:build(163)) - Initializing replication supervisor with thread count = 10
2023-12-01 12:07:34,222 [main] INFO  replication.ReplicationSupervisor (ReplicationSupervisor.java:nodeStateUpdated(317)) - Node state updated to IN_SERVICE, scaling executor pool size to 10
2023-12-01 12:07:34,225 [main] INFO  http.BaseHttpServer (BaseHttpServer.java:newHttpServer2BuilderForOzone(223)) - Starting Web-server for hddsDatanode at: http://0.0.0.0:15133
2023-12-01 12:07:34,225 [main] INFO  http.BaseHttpServer (BaseHttpServer.java:<init>(110)) - Hadoop Security Enabled: false Ozone Security Enabled: false Ozone HTTP Security Enabled: false 
2023-12-01 12:07:34,226 [main] WARN  server.AuthenticationFilter (AuthenticationFilter.java:constructSecretProvider(240)) - Unable to initialize FileSignerSecretProvider, falling back to use random secrets. Reason: Could not read signature secret file: /home/runner/hadoop-http-auth-signature-secret
2023-12-01 12:07:34,227 [main] INFO  http.HttpRequestLog (HttpRequestLog.java:getRequestLog(86)) - Http request log for http.requests.hddsDatanode is not defined
2023-12-01 12:07:34,228 [main] INFO  http.HttpServer2 (HttpServer2.java:addGlobalFilter(1031)) - Added global filter 'safety' (class=org.apache.hadoop.hdds.server.http.HttpServer2$QuotingInputFilter)
2023-12-01 12:07:34,228 [main] INFO  http.HttpServer2 (HttpServer2.java:addFilter(1007)) - Added filter static_user_filter (class=org.apache.hadoop.http.lib.StaticUserWebFilter$StaticUserFilter) to context hddsDatanode
2023-12-01 12:07:34,228 [main] INFO  http.HttpServer2 (HttpServer2.java:addFilter(1015)) - Added filter static_user_filter (class=org.apache.hadoop.http.lib.StaticUserWebFilter$StaticUserFilter) to context logs
2023-12-01 12:07:34,228 [main] INFO  http.HttpServer2 (HttpServer2.java:addFilter(1015)) - Added filter static_user_filter (class=org.apache.hadoop.http.lib.StaticUserWebFilter$StaticUserFilter) to context static
2023-12-01 12:07:34,229 [main] INFO  http.BaseHttpServer (BaseHttpServer.java:<init>(189)) - HTTP server of hddsDatanode uses base directory /home/runner/work/ozone/ozone/hadoop-ozone/integration-test/target/test-dir/MiniOzoneClusterImpl-b249f779-13f2-4d94-9d49-8f38c7514c74/datanode-3/meta/webserver
2023-12-01 12:07:34,229 [main] INFO  http.HttpServer2 (HttpServer2.java:bindListener(1231)) - Jetty bound to port 15133
2023-12-01 12:07:34,229 [main] INFO  server.Server (Server.java:doStart(375)) - jetty-9.4.53.v20231009; built: 2023-10-09T12:29:09.265Z; git: 27bde00a0b95a1d5bbee0eae7984f891d2d0f8c9; jvm 1.8.0_392-b08
2023-12-01 12:07:34,234 [main] INFO  server.session (DefaultSessionIdManager.java:doStart(334)) - DefaultSessionIdManager workerName=node0
2023-12-01 12:07:34,235 [main] INFO  server.session (DefaultSessionIdManager.java:doStart(339)) - No SessionScavenger set, using defaults
2023-12-01 12:07:34,235 [main] INFO  server.session (HouseKeeper.java:startScavenging(132)) - node0 Scavenging every 600000ms
2023-12-01 12:07:34,235 [main] INFO  handler.ContextHandler (ContextHandler.java:doStart(921)) - Started o.e.j.s.ServletContextHandler@25f0f461{logs,/logs,file:///home/runner/work/ozone/ozone/hadoop-ozone/integration-test/target/log,AVAILABLE}
2023-12-01 12:07:34,236 [main] INFO  handler.ContextHandler (ContextHandler.java:doStart(921)) - Started o.e.j.s.ServletContextHandler@2cca0a50{static,/static,jar:file:/home/runner/.m2/repository/org/apache/ozone/hdds-container-service/1.4.0-SNAPSHOT/hdds-container-service-1.4.0-SNAPSHOT.jar!/webapps/static,AVAILABLE}
2023-12-01 12:07:34,279 [main] INFO  handler.ContextHandler (ContextHandler.java:doStart(921)) - Started o.e.j.w.WebAppContext@20a4c67d{hddsDatanode,/,file:///home/runner/work/ozone/ozone/hadoop-ozone/integration-test/target/test-dir/MiniOzoneClusterImpl-b249f779-13f2-4d94-9d49-8f38c7514c74/datanode-3/meta/webserver/jetty-0_0_0_0-15133-hdds-container-service-1_4_0-SNAPSHOT_jar-_-any-7668020153083971642/webapp/,AVAILABLE}{jar:file:/home/runner/.m2/repository/org/apache/ozone/hdds-container-service/1.4.0-SNAPSHOT/hdds-container-service-1.4.0-SNAPSHOT.jar!/webapps/hddsDatanode}
2023-12-01 12:07:34,281 [main] INFO  server.AbstractConnector (AbstractConnector.java:doStart(333)) - Started ServerConnector@1d51a5d7{HTTP/1.1, (http/1.1)}{0.0.0.0:15133}
2023-12-01 12:07:34,281 [main] INFO  server.Server (Server.java:doStart(415)) - Started @214720ms
2023-12-01 12:07:34,281 [main] WARN  impl.MetricsSystemImpl (MetricsSystemImpl.java:register(279)) - Sink prometheus already exists!
2023-12-01 12:07:34,281 [main] INFO  http.BaseHttpServer (BaseHttpServer.java:updateConnectorAddress(354)) - HTTP server of hddsDatanode listening at http://0.0.0.0:15133
2023-12-01 12:07:34,282 [main] INFO  ipc.CallQueueManager (CallQueueManager.java:<init>(90)) - Using callQueue: class java.util.concurrent.LinkedBlockingQueue, queueCapacity: 100, scheduler: class org.apache.hadoop.ipc.DefaultRpcScheduler, ipcBackoff: false.
2023-12-01 12:07:34,282 [main] INFO  ipc.Server (Server.java:<init>(1287)) - Listener at 0.0.0.0:15134
2023-12-01 12:07:34,282 [Socket Reader #1 for port 15134] INFO  ipc.Server (Server.java:run(1323)) - Starting Socket Reader #1 for port 15134
2023-12-01 12:07:34,284 [main] INFO  ozone.HddsDatanodeService (HddsDatanodeService.java:start(324)) - Datanode start with admins: [runner]
2023-12-01 12:07:34,284 [main] INFO  ozone.HddsDatanodeClientProtocolServer (HddsDatanodeClientProtocolServer.java:start(72)) - RPC server for Client /0.0.0.0:15134
2023-12-01 12:07:34,285 [IPC Server Responder] INFO  ipc.Server (Server.java:run(1562)) - IPC Server Responder: starting
2023-12-01 12:07:34,287 [IPC Server listener on 15134] INFO  ipc.Server (Server.java:run(1402)) - IPC Server listener on 15134: starting
2023-12-01 12:07:34,288 [585524aa-0c42-40b1-8d18-f2722508c145-DatanodeStateMachineDaemonThread] INFO  statemachine.DatanodeStateMachine (DatanodeStateMachine.java:lambda$startDaemon$1(555)) - Ozone container server started.
2023-12-01 12:07:34,288 [main] WARN  dropwizard3.Dm3MetricRegistriesImpl (Dm3MetricRegistriesImpl.java:addReporterRegistration(113)) - New reporters are added after registries were created. Some metrics will be missing from the reporter. Please add reporter before adding any new registry.
2023-12-01 12:07:34,288 [main] WARN  dropwizard3.Dm3MetricRegistriesImpl (Dm3MetricRegistriesImpl.java:addReporterRegistration(113)) - New reporters are added after registries were created. Some metrics will be missing from the reporter. Please add reporter before adding any new registry.
2023-12-01 12:07:34,288 [main] INFO  impl.MetricsSystemImpl (MetricsSystemImpl.java:init(158)) - HddsDatanode metrics system started (again)
2023-12-01 12:07:34,300 [main] INFO  ozone.HddsDatanodeService (HddsDatanodeService.java:start(239)) - HddsDatanodeService host:fv-az1423-675.ei5rwdf52qxuxllzxeqjam05jd.ex.internal.cloudapp.net ip:10.1.0.24
2023-12-01 12:07:34,300 [585524aa-0c42-40b1-8d18-f2722508c145-DatanodeStateMachineTaskThread-0] INFO  datanode.InitDatanodeState (InitDatanodeState.java:persistContainerDatanodeDetails(139)) - DatanodeDetails is persisted to /home/runner/work/ozone/ozone/hadoop-ozone/integration-test/target/test-dir/MiniOzoneClusterImpl-b249f779-13f2-4d94-9d49-8f38c7514c74/datanode-3/meta/datanode.id
2023-12-01 12:07:34,317 [main] INFO  upgrade.AbstractLayoutVersionManager (AbstractLayoutVersionManager.java:init(83)) - Initializing Layout version manager with metadata layout = HADOOP_PRC_PORTS_IN_DATANODEDETAILS (version = 7), software layout = HADOOP_PRC_PORTS_IN_DATANODEDETAILS (version = 7)
2023-12-01 12:07:34,318 [main] INFO  statemachine.DatanodeStateMachine (DatanodeStateMachine.java:getEndPointTaskThreadPoolSize(299)) - Datanode State Machine Task Thread Pool size 2
2023-12-01 12:07:34,320 [main] INFO  volume.HddsVolume (HddsVolume.java:<init>(126)) - Creating HddsVolume: /home/runner/work/ozone/ozone/hadoop-ozone/integration-test/target/test-dir/MiniOzoneClusterImpl-b249f779-13f2-4d94-9d49-8f38c7514c74/datanode-4/data-0/containers/hdds of storage type : DISK capacity : 9223372036854775807
2023-12-01 12:07:34,320 [main] INFO  volume.MutableVolumeSet (MutableVolumeSet.java:initializeVolumeSet(173)) - Added Volume : /home/runner/work/ozone/ozone/hadoop-ozone/integration-test/target/test-dir/MiniOzoneClusterImpl-b249f779-13f2-4d94-9d49-8f38c7514c74/datanode-4/data-0/containers/hdds to VolumeSet
2023-12-01 12:07:34,321 [main] INFO  volume.MutableVolumeSet (MutableVolumeSet.java:initializeVolumeSet(173)) - Added Volume : /home/runner/work/ozone/ozone/hadoop-ozone/integration-test/target/test-dir/MiniOzoneClusterImpl-b249f779-13f2-4d94-9d49-8f38c7514c74/datanode-4/data/ratis to VolumeSet
2023-12-01 12:07:34,322 [main] INFO  ozoneimpl.OzoneContainer (HddsVolumeUtil.java:loadAllHddsVolumeDbStore(103)) - Load 1 volumes DbStore cost: 0ms
2023-12-01 12:07:34,322 [0d726c29-49a1-421e-8ac7-200c2e9b483b-ContainerReader-0] INFO  ozoneimpl.ContainerReader (ContainerReader.java:readVolume(177)) - Finish verifying containers on volume /home/runner/work/ozone/ozone/hadoop-ozone/integration-test/target/test-dir/MiniOzoneClusterImpl-b249f779-13f2-4d94-9d49-8f38c7514c74/datanode-4/data-0/containers/hdds
2023-12-01 12:07:34,322 [main] INFO  ozoneimpl.OzoneContainer (OzoneContainer.java:buildContainerSet(326)) - Build ContainerSet costs 0s
2023-12-01 12:07:34,324 [main] INFO  server.RaftServer (ConfUtils.java:logGet(46)) - raft.rpc.type = GRPC (default)
2023-12-01 12:07:34,324 [main] INFO  grpc.GrpcConfigKeys (ConfUtils.java:logFallback(53)) - raft.grpc.admin.host = null (fallback to raft.grpc.server.host)
2023-12-01 12:07:34,325 [main] INFO  grpc.GrpcConfigKeys (ConfUtils.java:logGet(46)) - raft.grpc.admin.port = 15146 (custom)
2023-12-01 12:07:34,325 [main] INFO  grpc.GrpcConfigKeys (ConfUtils.java:logFallback(53)) - raft.grpc.client.host = null (fallback to raft.grpc.server.host)
2023-12-01 12:07:34,325 [main] INFO  grpc.GrpcConfigKeys (ConfUtils.java:logGet(46)) - raft.grpc.client.port = 15145 (custom)
2023-12-01 12:07:34,325 [main] INFO  grpc.GrpcConfigKeys (ConfUtils.java:logGet(46)) - raft.grpc.server.host = null (default)
2023-12-01 12:07:34,325 [main] INFO  grpc.GrpcConfigKeys (ConfUtils.java:logGet(46)) - raft.grpc.server.port = 15147 (custom)
2023-12-01 12:07:34,325 [main] INFO  server.GrpcService (ConfUtils.java:logGet(46)) - raft.grpc.message.size.max = 32MB (=33554432) (custom)
2023-12-01 12:07:34,325 [main] INFO  server.RaftServerConfigKeys (ConfUtils.java:logGet(46)) - raft.server.log.appender.buffer.byte-limit = 33554432 (custom)
2023-12-01 12:07:34,325 [main] INFO  server.GrpcService (ConfUtils.java:logGet(46)) - raft.grpc.flow.control.window = 5MB (=5242880) (custom)
2023-12-01 12:07:34,325 [main] INFO  server.RaftServerConfigKeys (ConfUtils.java:logGet(46)) - raft.server.rpc.request.timeout = 60s (custom)
2023-12-01 12:07:34,325 [main] INFO  grpc.GrpcConfigKeys (ConfUtils.java:logGet(46)) - raft.grpc.server.heartbeat.channel = true (default)
2023-12-01 12:07:34,326 [main] INFO  grpc.GrpcConfigKeys (ConfUtils.java:logGet(46)) - raft.grpc.server.async.request.thread.pool.cached = true (default)
2023-12-01 12:07:34,326 [main] INFO  grpc.GrpcConfigKeys (ConfUtils.java:logGet(46)) - raft.grpc.server.async.request.thread.pool.size = 32 (default)
2023-12-01 12:07:34,349 [main] INFO  impl.DataStreamServerImpl (ConfUtils.java:logGet(46)) - raft.datastream.type = NETTY (custom)
2023-12-01 12:07:34,350 [main] INFO  server.RaftServerConfigKeys (ConfUtils.java:logGet(46)) - raft.server.data-stream.async.request.thread.pool.cached = false (default)
2023-12-01 12:07:34,350 [main] INFO  server.RaftServerConfigKeys (ConfUtils.java:logGet(46)) - raft.server.data-stream.async.request.thread.pool.size = 20 (custom)
2023-12-01 12:07:34,351 [main] INFO  server.RaftServerConfigKeys (ConfUtils.java:logGet(46)) - raft.server.data-stream.async.write.thread.pool.size = 16 (default)
2023-12-01 12:07:34,351 [main] INFO  netty.NettyConfigKeys$DataStream (ConfUtils.java:logGet(46)) - raft.netty.dataStream.server.channel.inactive.grace-period = 10min (default)
2023-12-01 12:07:34,351 [main] INFO  server.RaftServerConfigKeys (ConfUtils.java:logGet(46)) - raft.server.data-stream.client.pool.size = 10 (default)
2023-12-01 12:07:34,351 [main] INFO  netty.NettyConfigKeys$DataStream (ConfUtils.java:logGet(46)) - raft.netty.dataStream.server.use-epoll = true (default)
2023-12-01 12:07:34,351 [main] INFO  netty.NettyConfigKeys$DataStream (ConfUtils.java:logGet(46)) - raft.netty.dataStream.server.boss-group.size = 0 (default)
2023-12-01 12:07:34,352 [main] INFO  netty.NettyUtils (NettyUtils.java:newEventLoopGroup(69)) - Create EpollEventLoopGroup for 0d726c29-49a1-421e-8ac7-200c2e9b483b-NettyServerStreamRpc-bossGroup; Thread size is 0.
2023-12-01 12:07:34,352 [main] INFO  netty.NettyConfigKeys$DataStream (ConfUtils.java:logGet(46)) - raft.netty.dataStream.server.worker-group.size = 0 (default)
2023-12-01 12:07:34,352 [main] INFO  netty.NettyUtils (NettyUtils.java:newEventLoopGroup(69)) - Create EpollEventLoopGroup for 0d726c29-49a1-421e-8ac7-200c2e9b483b-NettyServerStreamRpc-workerGroup; Thread size is 0.
2023-12-01 12:07:34,353 [main] INFO  netty.NettyConfigKeys$DataStream (ConfUtils.java:logGet(46)) - raft.netty.dataStream.server.tls.conf = null (default)
2023-12-01 12:07:34,353 [main] INFO  netty.NettyConfigKeys$DataStream (ConfUtils.java:logGet(46)) - raft.netty.dataStream.host = null (default)
2023-12-01 12:07:34,353 [main] INFO  netty.NettyConfigKeys$DataStream (ConfUtils.java:logGet(46)) - raft.netty.dataStream.port = 15148 (custom)
2023-12-01 12:07:34,354 [main] INFO  server.RaftServerConfigKeys (ConfUtils.java:logGet(46)) - raft.server.sleep.deviation.threshold = 300ms (default)
2023-12-01 12:07:34,354 [0d726c29-49a1-421e-8ac7-200c2e9b483b-NettyServerStreamRpc-bossGroup--thread1] INFO  logging.LoggingHandler (AbstractInternalLogger.java:log(148)) - [id: 0xdce92690] REGISTERED
2023-12-01 12:07:34,354 [main] INFO  server.RaftServerConfigKeys (ConfUtils.java:logGet(46)) - raft.server.close.threshold = 60s (default)
2023-12-01 12:07:34,354 [main] INFO  server.RaftServerConfigKeys (ConfUtils.java:logGet(46)) - raft.server.leaderelection.leader.step-down.wait-time = 10s (default)
2023-12-01 12:07:34,354 [0d726c29-49a1-421e-8ac7-200c2e9b483b-NettyServerStreamRpc-bossGroup--thread1] INFO  logging.LoggingHandler (AbstractInternalLogger.java:log(148)) - [id: 0xdce92690] BIND: 0.0.0.0/0.0.0.0:15148
2023-12-01 12:07:34,354 [main] INFO  server.RaftServerConfigKeys (ConfUtils.java:logGet(46)) - raft.server.storage.dir = [/home/runner/work/ozone/ozone/hadoop-ozone/integration-test/target/test-dir/MiniOzoneClusterImpl-b249f779-13f2-4d94-9d49-8f38c7514c74/datanode-4/data/ratis] (custom)
2023-12-01 12:07:34,354 [0d726c29-49a1-421e-8ac7-200c2e9b483b-NettyServerStreamRpc-bossGroup--thread1] INFO  logging.LoggingHandler (AbstractInternalLogger.java:log(148)) - [id: 0xdce92690, L:/0.0.0.0:15148] ACTIVE
2023-12-01 12:07:34,355 [main] INFO  server.RaftServerConfigKeys (ConfUtils.java:logGet(46)) - raft.server.threadpool.proxy.cached = true (default)
2023-12-01 12:07:34,355 [main] INFO  server.RaftServerConfigKeys (ConfUtils.java:logGet(46)) - raft.server.threadpool.proxy.size = 0 (default)
2023-12-01 12:07:34,355 [0d726c29-49a1-421e-8ac7-200c2e9b483b-impl-thread1] INFO  server.RaftServer (RaftServerProxy.java:initGroupDir(264)) - 0d726c29-49a1-421e-8ac7-200c2e9b483b: found a subdirectory /home/runner/work/ozone/ozone/hadoop-ozone/integration-test/target/test-dir/MiniOzoneClusterImpl-b249f779-13f2-4d94-9d49-8f38c7514c74/datanode-4/data/ratis/tmp
2023-12-01 12:07:34,355 [0d726c29-49a1-421e-8ac7-200c2e9b483b-impl-thread1] INFO  server.RaftServer (RaftServerProxy.java:initGroupDir(269)) - 0d726c29-49a1-421e-8ac7-200c2e9b483b: The directory /home/runner/work/ozone/ozone/hadoop-ozone/integration-test/target/test-dir/MiniOzoneClusterImpl-b249f779-13f2-4d94-9d49-8f38c7514c74/datanode-4/data/ratis/tmp is not a group directory; ignoring it. 
2023-12-01 12:07:34,356 [main] INFO  replication.ReplicationServer (ReplicationServer.java:<init>(85)) - Initializing replication server with thread count = 10 queue length = 4096
2023-12-01 12:07:34,357 [main] INFO  server.XceiverServerGrpc (XceiverServerGrpc.java:<init>(135)) - GrpcServer channel type EpollServerSocketChannel
2023-12-01 12:07:34,359 [main] INFO  replication.ReplicationSupervisor (ReplicationSupervisor.java:build(163)) - Initializing replication supervisor with thread count = 10
2023-12-01 12:07:34,359 [main] INFO  replication.ReplicationSupervisor (ReplicationSupervisor.java:nodeStateUpdated(317)) - Node state updated to IN_SERVICE, scaling executor pool size to 10
2023-12-01 12:07:34,377 [main] INFO  http.BaseHttpServer (BaseHttpServer.java:newHttpServer2BuilderForOzone(223)) - Starting Web-server for hddsDatanode at: http://0.0.0.0:15142
2023-12-01 12:07:34,377 [main] INFO  http.BaseHttpServer (BaseHttpServer.java:<init>(110)) - Hadoop Security Enabled: false Ozone Security Enabled: false Ozone HTTP Security Enabled: false 
2023-12-01 12:07:34,379 [main] WARN  server.AuthenticationFilter (AuthenticationFilter.java:constructSecretProvider(240)) - Unable to initialize FileSignerSecretProvider, falling back to use random secrets. Reason: Could not read signature secret file: /home/runner/hadoop-http-auth-signature-secret
2023-12-01 12:07:34,379 [main] INFO  http.HttpRequestLog (HttpRequestLog.java:getRequestLog(86)) - Http request log for http.requests.hddsDatanode is not defined
2023-12-01 12:07:34,380 [main] INFO  http.HttpServer2 (HttpServer2.java:addGlobalFilter(1031)) - Added global filter 'safety' (class=org.apache.hadoop.hdds.server.http.HttpServer2$QuotingInputFilter)
2023-12-01 12:07:34,380 [main] INFO  http.HttpServer2 (HttpServer2.java:addFilter(1007)) - Added filter static_user_filter (class=org.apache.hadoop.http.lib.StaticUserWebFilter$StaticUserFilter) to context hddsDatanode
2023-12-01 12:07:34,381 [main] INFO  http.HttpServer2 (HttpServer2.java:addFilter(1015)) - Added filter static_user_filter (class=org.apache.hadoop.http.lib.StaticUserWebFilter$StaticUserFilter) to context static
2023-12-01 12:07:34,381 [main] INFO  http.HttpServer2 (HttpServer2.java:addFilter(1015)) - Added filter static_user_filter (class=org.apache.hadoop.http.lib.StaticUserWebFilter$StaticUserFilter) to context logs
2023-12-01 12:07:34,381 [main] INFO  http.BaseHttpServer (BaseHttpServer.java:<init>(189)) - HTTP server of hddsDatanode uses base directory /home/runner/work/ozone/ozone/hadoop-ozone/integration-test/target/test-dir/MiniOzoneClusterImpl-b249f779-13f2-4d94-9d49-8f38c7514c74/datanode-4/meta/webserver
2023-12-01 12:07:34,381 [main] INFO  http.HttpServer2 (HttpServer2.java:bindListener(1231)) - Jetty bound to port 15142
2023-12-01 12:07:34,381 [main] INFO  server.Server (Server.java:doStart(375)) - jetty-9.4.53.v20231009; built: 2023-10-09T12:29:09.265Z; git: 27bde00a0b95a1d5bbee0eae7984f891d2d0f8c9; jvm 1.8.0_392-b08
2023-12-01 12:07:34,382 [main] INFO  server.session (DefaultSessionIdManager.java:doStart(334)) - DefaultSessionIdManager workerName=node0
2023-12-01 12:07:34,382 [main] INFO  server.session (DefaultSessionIdManager.java:doStart(339)) - No SessionScavenger set, using defaults
2023-12-01 12:07:34,383 [main] INFO  server.session (HouseKeeper.java:startScavenging(132)) - node0 Scavenging every 600000ms
2023-12-01 12:07:34,383 [main] INFO  handler.ContextHandler (ContextHandler.java:doStart(921)) - Started o.e.j.s.ServletContextHandler@7b3207{logs,/logs,file:///home/runner/work/ozone/ozone/hadoop-ozone/integration-test/target/log,AVAILABLE}
2023-12-01 12:07:34,384 [main] INFO  handler.ContextHandler (ContextHandler.java:doStart(921)) - Started o.e.j.s.ServletContextHandler@bb08766{static,/static,jar:file:/home/runner/.m2/repository/org/apache/ozone/hdds-container-service/1.4.0-SNAPSHOT/hdds-container-service-1.4.0-SNAPSHOT.jar!/webapps/static,AVAILABLE}
2023-12-01 12:07:34,415 [main] INFO  handler.ContextHandler (ContextHandler.java:doStart(921)) - Started o.e.j.w.WebAppContext@413de39d{hddsDatanode,/,file:///home/runner/work/ozone/ozone/hadoop-ozone/integration-test/target/test-dir/MiniOzoneClusterImpl-b249f779-13f2-4d94-9d49-8f38c7514c74/datanode-4/meta/webserver/jetty-0_0_0_0-15142-hdds-container-service-1_4_0-SNAPSHOT_jar-_-any-3325773746263741636/webapp/,AVAILABLE}{jar:file:/home/runner/.m2/repository/org/apache/ozone/hdds-container-service/1.4.0-SNAPSHOT/hdds-container-service-1.4.0-SNAPSHOT.jar!/webapps/hddsDatanode}
2023-12-01 12:07:34,418 [main] INFO  server.AbstractConnector (AbstractConnector.java:doStart(333)) - Started ServerConnector@78740e7c{HTTP/1.1, (http/1.1)}{0.0.0.0:15142}
2023-12-01 12:07:34,418 [main] INFO  server.Server (Server.java:doStart(415)) - Started @214858ms
2023-12-01 12:07:34,418 [main] WARN  impl.MetricsSystemImpl (MetricsSystemImpl.java:register(279)) - Sink prometheus already exists!
2023-12-01 12:07:34,419 [main] INFO  http.BaseHttpServer (BaseHttpServer.java:updateConnectorAddress(354)) - HTTP server of hddsDatanode listening at http://0.0.0.0:15142
2023-12-01 12:07:34,419 [main] INFO  ipc.CallQueueManager (CallQueueManager.java:<init>(90)) - Using callQueue: class java.util.concurrent.LinkedBlockingQueue, queueCapacity: 100, scheduler: class org.apache.hadoop.ipc.DefaultRpcScheduler, ipcBackoff: false.
2023-12-01 12:07:34,420 [main] INFO  ipc.Server (Server.java:<init>(1287)) - Listener at 0.0.0.0:15143
2023-12-01 12:07:34,420 [Socket Reader #1 for port 15143] INFO  ipc.Server (Server.java:run(1323)) - Starting Socket Reader #1 for port 15143
2023-12-01 12:07:34,424 [main] INFO  ozone.HddsDatanodeService (HddsDatanodeService.java:start(324)) - Datanode start with admins: [runner]
2023-12-01 12:07:34,424 [main] INFO  ozone.HddsDatanodeClientProtocolServer (HddsDatanodeClientProtocolServer.java:start(72)) - RPC server for Client /0.0.0.0:15143
2023-12-01 12:07:34,425 [IPC Server Responder] INFO  ipc.Server (Server.java:run(1562)) - IPC Server Responder: starting
2023-12-01 12:07:34,425 [IPC Server listener on 15143] INFO  ipc.Server (Server.java:run(1402)) - IPC Server listener on 15143: starting
2023-12-01 12:07:34,426 [0d726c29-49a1-421e-8ac7-200c2e9b483b-DatanodeStateMachineDaemonThread] INFO  statemachine.DatanodeStateMachine (DatanodeStateMachine.java:lambda$startDaemon$1(555)) - Ozone container server started.
2023-12-01 12:07:34,426 [main] WARN  dropwizard3.Dm3MetricRegistriesImpl (Dm3MetricRegistriesImpl.java:addReporterRegistration(113)) - New reporters are added after registries were created. Some metrics will be missing from the reporter. Please add reporter before adding any new registry.
2023-12-01 12:07:34,427 [main] WARN  dropwizard3.Dm3MetricRegistriesImpl (Dm3MetricRegistriesImpl.java:addReporterRegistration(113)) - New reporters are added after registries were created. Some metrics will be missing from the reporter. Please add reporter before adding any new registry.
2023-12-01 12:07:34,427 [main] INFO  impl.MetricsSystemImpl (MetricsSystemImpl.java:init(158)) - HddsDatanode metrics system started (again)
2023-12-01 12:07:34,429 [0d726c29-49a1-421e-8ac7-200c2e9b483b-DatanodeStateMachineTaskThread-0] INFO  datanode.InitDatanodeState (InitDatanodeState.java:persistContainerDatanodeDetails(139)) - DatanodeDetails is persisted to /home/runner/work/ozone/ozone/hadoop-ozone/integration-test/target/test-dir/MiniOzoneClusterImpl-b249f779-13f2-4d94-9d49-8f38c7514c74/datanode-4/meta/datanode.id
2023-12-01 12:07:34,438 [main] INFO  ozone.HddsDatanodeService (HddsDatanodeService.java:start(239)) - HddsDatanodeService host:fv-az1423-675.ei5rwdf52qxuxllzxeqjam05jd.ex.internal.cloudapp.net ip:10.1.0.24
2023-12-01 12:07:34,454 [main] INFO  upgrade.AbstractLayoutVersionManager (AbstractLayoutVersionManager.java:init(83)) - Initializing Layout version manager with metadata layout = HADOOP_PRC_PORTS_IN_DATANODEDETAILS (version = 7), software layout = HADOOP_PRC_PORTS_IN_DATANODEDETAILS (version = 7)
2023-12-01 12:07:34,455 [main] INFO  statemachine.DatanodeStateMachine (DatanodeStateMachine.java:getEndPointTaskThreadPoolSize(299)) - Datanode State Machine Task Thread Pool size 2
2023-12-01 12:07:34,456 [main] INFO  volume.HddsVolume (HddsVolume.java:<init>(126)) - Creating HddsVolume: /home/runner/work/ozone/ozone/hadoop-ozone/integration-test/target/test-dir/MiniOzoneClusterImpl-b249f779-13f2-4d94-9d49-8f38c7514c74/datanode-5/data-0/containers/hdds of storage type : DISK capacity : 9223372036854775807
2023-12-01 12:07:34,456 [main] INFO  volume.MutableVolumeSet (MutableVolumeSet.java:initializeVolumeSet(173)) - Added Volume : /home/runner/work/ozone/ozone/hadoop-ozone/integration-test/target/test-dir/MiniOzoneClusterImpl-b249f779-13f2-4d94-9d49-8f38c7514c74/datanode-5/data-0/containers/hdds to VolumeSet
2023-12-01 12:07:34,456 [main] INFO  volume.MutableVolumeSet (MutableVolumeSet.java:initializeVolumeSet(173)) - Added Volume : /home/runner/work/ozone/ozone/hadoop-ozone/integration-test/target/test-dir/MiniOzoneClusterImpl-b249f779-13f2-4d94-9d49-8f38c7514c74/datanode-5/data/ratis to VolumeSet
2023-12-01 12:07:34,457 [main] INFO  ozoneimpl.OzoneContainer (HddsVolumeUtil.java:loadAllHddsVolumeDbStore(103)) - Load 1 volumes DbStore cost: 0ms
2023-12-01 12:07:34,459 [e22ca2c5-a776-4b7c-8aca-6a18d36008b3-ContainerReader-0] INFO  ozoneimpl.ContainerReader (ContainerReader.java:readVolume(177)) - Finish verifying containers on volume /home/runner/work/ozone/ozone/hadoop-ozone/integration-test/target/test-dir/MiniOzoneClusterImpl-b249f779-13f2-4d94-9d49-8f38c7514c74/datanode-5/data-0/containers/hdds
2023-12-01 12:07:34,459 [main] INFO  ozoneimpl.OzoneContainer (OzoneContainer.java:buildContainerSet(326)) - Build ContainerSet costs 0s
2023-12-01 12:07:34,460 [main] INFO  server.RaftServer (ConfUtils.java:logGet(46)) - raft.rpc.type = GRPC (default)
2023-12-01 12:07:34,461 [main] INFO  grpc.GrpcConfigKeys (ConfUtils.java:logFallback(53)) - raft.grpc.admin.host = null (fallback to raft.grpc.server.host)
2023-12-01 12:07:34,461 [main] INFO  grpc.GrpcConfigKeys (ConfUtils.java:logGet(46)) - raft.grpc.admin.port = 15155 (custom)
2023-12-01 12:07:34,461 [main] INFO  grpc.GrpcConfigKeys (ConfUtils.java:logFallback(53)) - raft.grpc.client.host = null (fallback to raft.grpc.server.host)
2023-12-01 12:07:34,461 [main] INFO  grpc.GrpcConfigKeys (ConfUtils.java:logGet(46)) - raft.grpc.client.port = 15154 (custom)
2023-12-01 12:07:34,461 [main] INFO  grpc.GrpcConfigKeys (ConfUtils.java:logGet(46)) - raft.grpc.server.host = null (default)
2023-12-01 12:07:34,461 [main] INFO  grpc.GrpcConfigKeys (ConfUtils.java:logGet(46)) - raft.grpc.server.port = 15156 (custom)
2023-12-01 12:07:34,461 [main] INFO  server.GrpcService (ConfUtils.java:logGet(46)) - raft.grpc.message.size.max = 32MB (=33554432) (custom)
2023-12-01 12:07:34,461 [main] INFO  server.RaftServerConfigKeys (ConfUtils.java:logGet(46)) - raft.server.log.appender.buffer.byte-limit = 33554432 (custom)
2023-12-01 12:07:34,461 [main] INFO  server.GrpcService (ConfUtils.java:logGet(46)) - raft.grpc.flow.control.window = 5MB (=5242880) (custom)
2023-12-01 12:07:34,462 [main] INFO  server.RaftServerConfigKeys (ConfUtils.java:logGet(46)) - raft.server.rpc.request.timeout = 60s (custom)
2023-12-01 12:07:34,462 [main] INFO  grpc.GrpcConfigKeys (ConfUtils.java:logGet(46)) - raft.grpc.server.heartbeat.channel = true (default)
2023-12-01 12:07:34,462 [main] INFO  grpc.GrpcConfigKeys (ConfUtils.java:logGet(46)) - raft.grpc.server.async.request.thread.pool.cached = true (default)
2023-12-01 12:07:34,462 [main] INFO  grpc.GrpcConfigKeys (ConfUtils.java:logGet(46)) - raft.grpc.server.async.request.thread.pool.size = 32 (default)
2023-12-01 12:07:34,464 [main] INFO  impl.DataStreamServerImpl (ConfUtils.java:logGet(46)) - raft.datastream.type = NETTY (custom)
2023-12-01 12:07:34,464 [main] INFO  server.RaftServerConfigKeys (ConfUtils.java:logGet(46)) - raft.server.data-stream.async.request.thread.pool.cached = false (default)
2023-12-01 12:07:34,464 [main] INFO  server.RaftServerConfigKeys (ConfUtils.java:logGet(46)) - raft.server.data-stream.async.request.thread.pool.size = 20 (custom)
2023-12-01 12:07:34,464 [main] INFO  server.RaftServerConfigKeys (ConfUtils.java:logGet(46)) - raft.server.data-stream.async.write.thread.pool.size = 16 (default)
2023-12-01 12:07:34,464 [main] INFO  netty.NettyConfigKeys$DataStream (ConfUtils.java:logGet(46)) - raft.netty.dataStream.server.channel.inactive.grace-period = 10min (default)
2023-12-01 12:07:34,464 [main] INFO  server.RaftServerConfigKeys (ConfUtils.java:logGet(46)) - raft.server.data-stream.client.pool.size = 10 (default)
2023-12-01 12:07:34,464 [main] INFO  netty.NettyConfigKeys$DataStream (ConfUtils.java:logGet(46)) - raft.netty.dataStream.server.use-epoll = true (default)
2023-12-01 12:07:34,464 [main] INFO  netty.NettyConfigKeys$DataStream (ConfUtils.java:logGet(46)) - raft.netty.dataStream.server.boss-group.size = 0 (default)
2023-12-01 12:07:34,465 [main] INFO  netty.NettyUtils (NettyUtils.java:newEventLoopGroup(69)) - Create EpollEventLoopGroup for e22ca2c5-a776-4b7c-8aca-6a18d36008b3-NettyServerStreamRpc-bossGroup; Thread size is 0.
2023-12-01 12:07:34,465 [main] INFO  netty.NettyConfigKeys$DataStream (ConfUtils.java:logGet(46)) - raft.netty.dataStream.server.worker-group.size = 0 (default)
2023-12-01 12:07:34,465 [main] INFO  netty.NettyUtils (NettyUtils.java:newEventLoopGroup(69)) - Create EpollEventLoopGroup for e22ca2c5-a776-4b7c-8aca-6a18d36008b3-NettyServerStreamRpc-workerGroup; Thread size is 0.
2023-12-01 12:07:34,465 [main] INFO  netty.NettyConfigKeys$DataStream (ConfUtils.java:logGet(46)) - raft.netty.dataStream.server.tls.conf = null (default)
2023-12-01 12:07:34,465 [main] INFO  netty.NettyConfigKeys$DataStream (ConfUtils.java:logGet(46)) - raft.netty.dataStream.host = null (default)
2023-12-01 12:07:34,465 [main] INFO  netty.NettyConfigKeys$DataStream (ConfUtils.java:logGet(46)) - raft.netty.dataStream.port = 15157 (custom)
2023-12-01 12:07:34,466 [main] INFO  server.RaftServerConfigKeys (ConfUtils.java:logGet(46)) - raft.server.sleep.deviation.threshold = 300ms (default)
2023-12-01 12:07:34,466 [main] INFO  server.RaftServerConfigKeys (ConfUtils.java:logGet(46)) - raft.server.close.threshold = 60s (default)
2023-12-01 12:07:34,466 [e22ca2c5-a776-4b7c-8aca-6a18d36008b3-NettyServerStreamRpc-bossGroup--thread1] INFO  logging.LoggingHandler (AbstractInternalLogger.java:log(148)) - [id: 0xf6ee4d04] REGISTERED
2023-12-01 12:07:34,466 [main] INFO  server.RaftServerConfigKeys (ConfUtils.java:logGet(46)) - raft.server.leaderelection.leader.step-down.wait-time = 10s (default)
2023-12-01 12:07:34,466 [e22ca2c5-a776-4b7c-8aca-6a18d36008b3-NettyServerStreamRpc-bossGroup--thread1] INFO  logging.LoggingHandler (AbstractInternalLogger.java:log(148)) - [id: 0xf6ee4d04] BIND: 0.0.0.0/0.0.0.0:15157
2023-12-01 12:07:34,466 [main] INFO  server.RaftServerConfigKeys (ConfUtils.java:logGet(46)) - raft.server.storage.dir = [/home/runner/work/ozone/ozone/hadoop-ozone/integration-test/target/test-dir/MiniOzoneClusterImpl-b249f779-13f2-4d94-9d49-8f38c7514c74/datanode-5/data/ratis] (custom)
2023-12-01 12:07:34,466 [e22ca2c5-a776-4b7c-8aca-6a18d36008b3-NettyServerStreamRpc-bossGroup--thread1] INFO  logging.LoggingHandler (AbstractInternalLogger.java:log(148)) - [id: 0xf6ee4d04, L:/0.0.0.0:15157] ACTIVE
2023-12-01 12:07:34,467 [main] INFO  server.RaftServerConfigKeys (ConfUtils.java:logGet(46)) - raft.server.threadpool.proxy.cached = true (default)
2023-12-01 12:07:34,467 [main] INFO  server.RaftServerConfigKeys (ConfUtils.java:logGet(46)) - raft.server.threadpool.proxy.size = 0 (default)
2023-12-01 12:07:34,467 [e22ca2c5-a776-4b7c-8aca-6a18d36008b3-impl-thread1] INFO  server.RaftServer (RaftServerProxy.java:initGroupDir(264)) - e22ca2c5-a776-4b7c-8aca-6a18d36008b3: found a subdirectory /home/runner/work/ozone/ozone/hadoop-ozone/integration-test/target/test-dir/MiniOzoneClusterImpl-b249f779-13f2-4d94-9d49-8f38c7514c74/datanode-5/data/ratis/tmp
2023-12-01 12:07:34,467 [e22ca2c5-a776-4b7c-8aca-6a18d36008b3-impl-thread1] INFO  server.RaftServer (RaftServerProxy.java:initGroupDir(269)) - e22ca2c5-a776-4b7c-8aca-6a18d36008b3: The directory /home/runner/work/ozone/ozone/hadoop-ozone/integration-test/target/test-dir/MiniOzoneClusterImpl-b249f779-13f2-4d94-9d49-8f38c7514c74/datanode-5/data/ratis/tmp is not a group directory; ignoring it. 
2023-12-01 12:07:34,467 [main] INFO  replication.ReplicationServer (ReplicationServer.java:<init>(85)) - Initializing replication server with thread count = 10 queue length = 4096
2023-12-01 12:07:34,468 [main] INFO  server.XceiverServerGrpc (XceiverServerGrpc.java:<init>(135)) - GrpcServer channel type EpollServerSocketChannel
2023-12-01 12:07:34,469 [main] INFO  replication.ReplicationSupervisor (ReplicationSupervisor.java:build(163)) - Initializing replication supervisor with thread count = 10
2023-12-01 12:07:34,469 [main] INFO  replication.ReplicationSupervisor (ReplicationSupervisor.java:nodeStateUpdated(317)) - Node state updated to IN_SERVICE, scaling executor pool size to 10
2023-12-01 12:07:34,470 [main] INFO  http.BaseHttpServer (BaseHttpServer.java:newHttpServer2BuilderForOzone(223)) - Starting Web-server for hddsDatanode at: http://0.0.0.0:15151
2023-12-01 12:07:34,470 [main] INFO  http.BaseHttpServer (BaseHttpServer.java:<init>(110)) - Hadoop Security Enabled: false Ozone Security Enabled: false Ozone HTTP Security Enabled: false 
2023-12-01 12:07:34,471 [main] WARN  server.AuthenticationFilter (AuthenticationFilter.java:constructSecretProvider(240)) - Unable to initialize FileSignerSecretProvider, falling back to use random secrets. Reason: Could not read signature secret file: /home/runner/hadoop-http-auth-signature-secret
2023-12-01 12:07:34,472 [main] INFO  http.HttpRequestLog (HttpRequestLog.java:getRequestLog(86)) - Http request log for http.requests.hddsDatanode is not defined
2023-12-01 12:07:34,472 [main] INFO  http.HttpServer2 (HttpServer2.java:addGlobalFilter(1031)) - Added global filter 'safety' (class=org.apache.hadoop.hdds.server.http.HttpServer2$QuotingInputFilter)
2023-12-01 12:07:34,473 [main] INFO  http.HttpServer2 (HttpServer2.java:addFilter(1007)) - Added filter static_user_filter (class=org.apache.hadoop.http.lib.StaticUserWebFilter$StaticUserFilter) to context hddsDatanode
2023-12-01 12:07:34,473 [main] INFO  http.HttpServer2 (HttpServer2.java:addFilter(1015)) - Added filter static_user_filter (class=org.apache.hadoop.http.lib.StaticUserWebFilter$StaticUserFilter) to context logs
2023-12-01 12:07:34,473 [main] INFO  http.HttpServer2 (HttpServer2.java:addFilter(1015)) - Added filter static_user_filter (class=org.apache.hadoop.http.lib.StaticUserWebFilter$StaticUserFilter) to context static
2023-12-01 12:07:34,473 [main] INFO  http.BaseHttpServer (BaseHttpServer.java:<init>(189)) - HTTP server of hddsDatanode uses base directory /home/runner/work/ozone/ozone/hadoop-ozone/integration-test/target/test-dir/MiniOzoneClusterImpl-b249f779-13f2-4d94-9d49-8f38c7514c74/datanode-5/meta/webserver
2023-12-01 12:07:34,473 [main] INFO  http.HttpServer2 (HttpServer2.java:bindListener(1231)) - Jetty bound to port 15151
2023-12-01 12:07:34,474 [main] INFO  server.Server (Server.java:doStart(375)) - jetty-9.4.53.v20231009; built: 2023-10-09T12:29:09.265Z; git: 27bde00a0b95a1d5bbee0eae7984f891d2d0f8c9; jvm 1.8.0_392-b08
2023-12-01 12:07:34,474 [main] INFO  server.session (DefaultSessionIdManager.java:doStart(334)) - DefaultSessionIdManager workerName=node0
2023-12-01 12:07:34,475 [main] INFO  server.session (DefaultSessionIdManager.java:doStart(339)) - No SessionScavenger set, using defaults
2023-12-01 12:07:34,475 [main] INFO  server.session (HouseKeeper.java:startScavenging(132)) - node0 Scavenging every 600000ms
2023-12-01 12:07:34,475 [main] INFO  handler.ContextHandler (ContextHandler.java:doStart(921)) - Started o.e.j.s.ServletContextHandler@1502c366{logs,/logs,file:///home/runner/work/ozone/ozone/hadoop-ozone/integration-test/target/log,AVAILABLE}
2023-12-01 12:07:34,475 [main] INFO  handler.ContextHandler (ContextHandler.java:doStart(921)) - Started o.e.j.s.ServletContextHandler@3ba1113e{static,/static,jar:file:/home/runner/.m2/repository/org/apache/ozone/hdds-container-service/1.4.0-SNAPSHOT/hdds-container-service-1.4.0-SNAPSHOT.jar!/webapps/static,AVAILABLE}
2023-12-01 12:07:34,508 [main] INFO  handler.ContextHandler (ContextHandler.java:doStart(921)) - Started o.e.j.w.WebAppContext@1e1a4a92{hddsDatanode,/,file:///home/runner/work/ozone/ozone/hadoop-ozone/integration-test/target/test-dir/MiniOzoneClusterImpl-b249f779-13f2-4d94-9d49-8f38c7514c74/datanode-5/meta/webserver/jetty-0_0_0_0-15151-hdds-container-service-1_4_0-SNAPSHOT_jar-_-any-2648185466155541037/webapp/,AVAILABLE}{jar:file:/home/runner/.m2/repository/org/apache/ozone/hdds-container-service/1.4.0-SNAPSHOT/hdds-container-service-1.4.0-SNAPSHOT.jar!/webapps/hddsDatanode}
2023-12-01 12:07:34,510 [main] INFO  server.AbstractConnector (AbstractConnector.java:doStart(333)) - Started ServerConnector@b9252ac{HTTP/1.1, (http/1.1)}{0.0.0.0:15151}
2023-12-01 12:07:34,510 [main] INFO  server.Server (Server.java:doStart(415)) - Started @214949ms
2023-12-01 12:07:34,510 [main] WARN  impl.MetricsSystemImpl (MetricsSystemImpl.java:register(279)) - Sink prometheus already exists!
2023-12-01 12:07:34,511 [main] INFO  http.BaseHttpServer (BaseHttpServer.java:updateConnectorAddress(354)) - HTTP server of hddsDatanode listening at http://0.0.0.0:15151
2023-12-01 12:07:34,511 [main] INFO  ipc.CallQueueManager (CallQueueManager.java:<init>(90)) - Using callQueue: class java.util.concurrent.LinkedBlockingQueue, queueCapacity: 100, scheduler: class org.apache.hadoop.ipc.DefaultRpcScheduler, ipcBackoff: false.
2023-12-01 12:07:34,511 [main] INFO  ipc.Server (Server.java:<init>(1287)) - Listener at 0.0.0.0:15152
2023-12-01 12:07:34,512 [Socket Reader #1 for port 15152] INFO  ipc.Server (Server.java:run(1323)) - Starting Socket Reader #1 for port 15152
2023-12-01 12:07:34,520 [main] INFO  ozone.HddsDatanodeService (HddsDatanodeService.java:start(324)) - Datanode start with admins: [runner]
2023-12-01 12:07:34,520 [main] INFO  ozone.HddsDatanodeClientProtocolServer (HddsDatanodeClientProtocolServer.java:start(72)) - RPC server for Client /0.0.0.0:15152
2023-12-01 12:07:34,520 [IPC Server listener on 15152] INFO  ipc.Server (Server.java:run(1402)) - IPC Server listener on 15152: starting
2023-12-01 12:07:34,520 [IPC Server Responder] INFO  ipc.Server (Server.java:run(1562)) - IPC Server Responder: starting
2023-12-01 12:07:34,524 [e22ca2c5-a776-4b7c-8aca-6a18d36008b3-DatanodeStateMachineDaemonThread] INFO  statemachine.DatanodeStateMachine (DatanodeStateMachine.java:lambda$startDaemon$1(555)) - Ozone container server started.
2023-12-01 12:07:34,524 [main] INFO  ozone.MiniOzoneClusterImpl (MiniOzoneClusterImpl.java:lambda$waitForClusterToBeReady$0(229)) - Waiting for nodes to be ready. Got 0 of 6 DN Heartbeats.
2023-12-01 12:07:34,525 [main] INFO  ozone.MiniOzoneClusterImpl (MiniOzoneClusterImpl.java:lambda$waitForClusterToBeReady$0(232)) - Waiting for cluster to exit safe mode
2023-12-01 12:07:34,525 [main] INFO  ozone.MiniOzoneClusterImpl (MiniOzoneClusterImpl.java:lambda$waitForClusterToBeReady$0(234)) - SCM became leader
2023-12-01 12:07:34,527 [e22ca2c5-a776-4b7c-8aca-6a18d36008b3-DatanodeStateMachineTaskThread-0] INFO  datanode.InitDatanodeState (InitDatanodeState.java:persistContainerDatanodeDetails(139)) - DatanodeDetails is persisted to /home/runner/work/ozone/ozone/hadoop-ozone/integration-test/target/test-dir/MiniOzoneClusterImpl-b249f779-13f2-4d94-9d49-8f38c7514c74/datanode-5/meta/datanode.id
2023-12-01 12:07:34,914 [om1@group-C5BA1605619E-FollowerState] INFO  impl.FollowerState (FollowerState.java:run(143)) - om1@group-C5BA1605619E-FollowerState: change to CANDIDATE, lastRpcElapsedTime:1099412820ns, electionTimeout:1098ms
2023-12-01 12:07:34,914 [om1@group-C5BA1605619E-FollowerState] INFO  impl.RoleInfo (RoleInfo.java:shutdownFollowerState(110)) - om1: shutdown om1@group-C5BA1605619E-FollowerState
2023-12-01 12:07:34,914 [om1@group-C5BA1605619E-FollowerState] INFO  server.RaftServer$Division (RaftServerImpl.java:setRole(379)) - om1@group-C5BA1605619E: changes role from  FOLLOWER to CANDIDATE at term 0 for changeToCandidate
2023-12-01 12:07:34,914 [om1@group-C5BA1605619E-FollowerState] INFO  server.RaftServerConfigKeys (ConfUtils.java:logGet(46)) - raft.server.leaderelection.pre-vote = true (default)
2023-12-01 12:07:34,915 [om1@group-C5BA1605619E-FollowerState] INFO  impl.RoleInfo (RoleInfo.java:updateAndGet(139)) - om1: start om1@group-C5BA1605619E-LeaderElection22
2023-12-01 12:07:34,916 [om1@group-C5BA1605619E-LeaderElection22] INFO  impl.LeaderElection (LeaderElection.java:askForVotes(323)) - om1@group-C5BA1605619E-LeaderElection22 PRE_VOTE round 0: submit vote requests at term 0 for -1: peers:[om1|localhost:15104]|listeners:[], old=null
2023-12-01 12:07:34,916 [om1@group-C5BA1605619E-LeaderElection22] INFO  impl.LeaderElection (LeaderElection.java:askForVotes(325)) - om1@group-C5BA1605619E-LeaderElection22 PRE_VOTE round 0: result PASSED (term=0)
2023-12-01 12:07:34,917 [om1@group-C5BA1605619E-LeaderElection22] INFO  impl.LeaderElection (LeaderElection.java:askForVotes(323)) - om1@group-C5BA1605619E-LeaderElection22 ELECTION round 0: submit vote requests at term 1 for -1: peers:[om1|localhost:15104]|listeners:[], old=null
2023-12-01 12:07:34,917 [om1@group-C5BA1605619E-LeaderElection22] INFO  impl.LeaderElection (LeaderElection.java:askForVotes(325)) - om1@group-C5BA1605619E-LeaderElection22 ELECTION round 0: result PASSED (term=1)
2023-12-01 12:07:34,917 [om1@group-C5BA1605619E-LeaderElection22] INFO  impl.RoleInfo (RoleInfo.java:shutdownLeaderElection(130)) - om1: shutdown om1@group-C5BA1605619E-LeaderElection22
2023-12-01 12:07:34,917 [om1@group-C5BA1605619E-LeaderElection22] INFO  server.RaftServer$Division (RaftServerImpl.java:setRole(379)) - om1@group-C5BA1605619E: changes role from CANDIDATE to LEADER at term 1 for changeToLeader
2023-12-01 12:07:34,918 [om1@group-C5BA1605619E-LeaderElection22] INFO  server.RaftServerConfigKeys (ConfUtils.java:logGet(46)) - raft.server.staging.catchup.gap = 1000 (default)
2023-12-01 12:07:34,918 [om1@group-C5BA1605619E-LeaderElection22] INFO  server.RaftServerConfigKeys (ConfUtils.java:logGet(46)) - raft.server.write.element-limit = 4096 (default)
2023-12-01 12:07:34,918 [om1@group-C5BA1605619E-LeaderElection22] INFO  server.RaftServerConfigKeys (ConfUtils.java:logGet(46)) - raft.server.write.byte-limit = 64MB (=67108864) (default)
2023-12-01 12:07:34,918 [om1@group-C5BA1605619E-LeaderElection22] INFO  server.RaftServerConfigKeys (ConfUtils.java:logGet(46)) - raft.server.watch.timeout = 10s (default)
2023-12-01 12:07:34,918 [om1@group-C5BA1605619E-LeaderElection22] INFO  server.RaftServerConfigKeys (ConfUtils.java:logGet(46)) - raft.server.watch.timeout.denomination = 1s (default)
2023-12-01 12:07:34,918 [om1@group-C5BA1605619E-LeaderElection22] INFO  server.RaftServerConfigKeys (ConfUtils.java:logGet(46)) - raft.server.watch.element-limit = 65536 (default)
2023-12-01 12:07:34,918 [om1@group-C5BA1605619E-LeaderElection22] INFO  server.RaftServerConfigKeys (ConfUtils.java:logGet(46)) - raft.server.read.leader.lease.enabled = false (default)
2023-12-01 12:07:34,918 [om1@group-C5BA1605619E-LeaderElection22] INFO  server.RaftServerConfigKeys (ConfUtils.java:logGet(46)) - raft.server.read.leader.lease.timeout.ratio = 0.9 (default)
2023-12-01 12:07:34,918 [om1@group-C5BA1605619E-LeaderElection22] INFO  server.RaftServerConfigKeys (ConfUtils.java:logGet(46)) - raft.server.rpc.timeout.min = 1s (custom)
2023-12-01 12:07:34,918 [om1@group-C5BA1605619E-LeaderElection22] INFO  server.RaftServerConfigKeys (ConfUtils.java:logGet(46)) - raft.server.write.element-limit = 4096 (default)
2023-12-01 12:07:34,918 [om1@group-C5BA1605619E-LeaderElection22] INFO  server.RaftServerConfigKeys (ConfUtils.java:logGet(46)) - raft.server.write.follower.gap.ratio.max = -1.0 (default)
2023-12-01 12:07:34,918 [om1@group-C5BA1605619E-LeaderElection22] INFO  impl.RoleInfo (RoleInfo.java:updateAndGet(139)) - om1: start om1@group-C5BA1605619E-LeaderStateImpl
2023-12-01 12:07:34,919 [om1@group-C5BA1605619E-LeaderElection22] INFO  server.RaftServer$Division (RaftServerImpl.java:setFirstElection(564)) - om1@group-C5BA1605619E: set firstElectionSinceStartup to false for becomeLeader
2023-12-01 12:07:34,919 [om1@group-C5BA1605619E-LeaderElection22] INFO  server.RaftServer$Division (ServerState.java:setLeader(265)) - om1@group-C5BA1605619E: change Leader from null to om1 at term 1 for becomeLeader, leader elected after 1348ms
2023-12-01 12:07:34,919 [om1@group-C5BA1605619E-LeaderElection22] INFO  segmented.SegmentedRaftLogWorker (SegmentedRaftLogWorker.java:startLogSegment(428)) - om1@group-C5BA1605619E-SegmentedRaftLogWorker: Starting segment from index:0
2023-12-01 12:07:34,920 [om1@group-C5BA1605619E-LeaderElection22] INFO  server.RaftServer$Division (ServerState.java:setRaftConf(382)) - om1@group-C5BA1605619E: set configuration 0: peers:[om1|localhost:15104]|listeners:[], old=null
2023-12-01 12:07:34,927 [om1@group-C5BA1605619E-SegmentedRaftLogWorker] INFO  segmented.SegmentedRaftLogWorker (SegmentedRaftLogWorker.java:execute(632)) - om1@group-C5BA1605619E-SegmentedRaftLogWorker: created new log segment /home/runner/work/ozone/ozone/hadoop-ozone/integration-test/target/test-dir/MiniOzoneClusterImpl-b249f779-13f2-4d94-9d49-8f38c7514c74/ozone-meta/ratis/bf265839-605b-3f16-9796-c5ba1605619e/current/log_inprogress_0
2023-12-01 12:07:34,928 [om1@group-C5BA1605619E-StateMachineUpdater] INFO  ratis.OzoneManagerStateMachine (OzoneManagerStateMachine.java:notifyConfigurationChanged(210)) - Received Configuration change notification from Ratis. New Peer list:
[id: "om1"
address: "localhost:15104"
startupRole: FOLLOWER
]
2023-12-01 12:07:34,928 [om1@group-C5BA1605619E-StateMachineUpdater] INFO  server.RaftServer$Division (LeaderStateImpl.java:isApplied(316)) - leader is ready since appliedIndex == 0 >= startIndex == 0
2023-12-01 12:07:35,525 [main] INFO  ozone.MiniOzoneClusterImpl (MiniOzoneClusterImpl.java:lambda$waitForClusterToBeReady$0(229)) - Waiting for nodes to be ready. Got 0 of 6 DN Heartbeats.
2023-12-01 12:07:35,525 [main] INFO  ozone.MiniOzoneClusterImpl (MiniOzoneClusterImpl.java:lambda$waitForClusterToBeReady$0(232)) - Waiting for cluster to exit safe mode
2023-12-01 12:07:35,525 [main] INFO  ozone.MiniOzoneClusterImpl (MiniOzoneClusterImpl.java:lambda$waitForClusterToBeReady$0(234)) - SCM became leader
2023-12-01 12:07:36,002 [af140fa9-d57b-4d38-ac23-ee5728971003-EndpointStateMachineTaskThread-/0.0.0.0:15099-0 ] INFO  utils.DatanodeStoreCache (DatanodeStoreCache.java:addDB(66)) - Added db /home/runner/work/ozone/ozone/hadoop-ozone/integration-test/target/test-dir/MiniOzoneClusterImpl-b249f779-13f2-4d94-9d49-8f38c7514c74/datanode-0/data-0/containers/hdds/b249f779-13f2-4d94-9d49-8f38c7514c74/DS-93d6db8a-aa63-4c1e-afa8-f842418853b6/container.db to cache
2023-12-01 12:07:36,002 [af140fa9-d57b-4d38-ac23-ee5728971003-EndpointStateMachineTaskThread-/0.0.0.0:15099-0 ] INFO  volume.HddsVolume (HddsVolume.java:createDbStore(422)) - SchemaV3 db is created and loaded at /home/runner/work/ozone/ozone/hadoop-ozone/integration-test/target/test-dir/MiniOzoneClusterImpl-b249f779-13f2-4d94-9d49-8f38c7514c74/datanode-0/data-0/containers/hdds/b249f779-13f2-4d94-9d49-8f38c7514c74/DS-93d6db8a-aa63-4c1e-afa8-f842418853b6/container.db for volume DS-93d6db8a-aa63-4c1e-afa8-f842418853b6
2023-12-01 12:07:36,003 [af140fa9-d57b-4d38-ac23-ee5728971003-EndpointStateMachineTaskThread-/0.0.0.0:15099-0 ] INFO  volume.ThrottledAsyncChecker (ThrottledAsyncChecker.java:schedule(141)) - Scheduling a check for /home/runner/work/ozone/ozone/hadoop-ozone/integration-test/target/test-dir/MiniOzoneClusterImpl-b249f779-13f2-4d94-9d49-8f38c7514c74/datanode-0/data-0/containers/hdds
2023-12-01 12:07:36,003 [af140fa9-d57b-4d38-ac23-ee5728971003-EndpointStateMachineTaskThread-/0.0.0.0:15099-0 ] INFO  volume.StorageVolumeChecker (StorageVolumeChecker.java:checkAllVolumes(218)) - Scheduled health check for volume /home/runner/work/ozone/ozone/hadoop-ozone/integration-test/target/test-dir/MiniOzoneClusterImpl-b249f779-13f2-4d94-9d49-8f38c7514c74/datanode-0/data-0/containers/hdds
2023-12-01 12:07:36,005 [af140fa9-d57b-4d38-ac23-ee5728971003-EndpointStateMachineTaskThread-/0.0.0.0:15099-0 ] INFO  volume.ThrottledAsyncChecker (ThrottledAsyncChecker.java:schedule(141)) - Scheduling a check for /home/runner/work/ozone/ozone/hadoop-ozone/integration-test/target/test-dir/MiniOzoneClusterImpl-b249f779-13f2-4d94-9d49-8f38c7514c74/datanode-0/data/ratis
2023-12-01 12:07:36,005 [af140fa9-d57b-4d38-ac23-ee5728971003-EndpointStateMachineTaskThread-/0.0.0.0:15099-0 ] INFO  volume.StorageVolumeChecker (StorageVolumeChecker.java:checkAllVolumes(218)) - Scheduled health check for volume /home/runner/work/ozone/ozone/hadoop-ozone/integration-test/target/test-dir/MiniOzoneClusterImpl-b249f779-13f2-4d94-9d49-8f38c7514c74/datanode-0/data/ratis
2023-12-01 12:07:36,006 [af140fa9-d57b-4d38-ac23-ee5728971003-EndpointStateMachineTaskThread-/0.0.0.0:15099-0 ] INFO  ozoneimpl.OzoneContainer (OzoneContainer.java:start(441)) - Attempting to start container services.
2023-12-01 12:07:36,006 [af140fa9-d57b-4d38-ac23-ee5728971003-EndpointStateMachineTaskThread-/0.0.0.0:15099-0 ] INFO  ozoneimpl.OzoneContainer (OzoneContainer.java:startContainerScrub(337)) - Scheduled background container scanners and the on-demand container scanner have been disabled.
2023-12-01 12:07:36,006 [af140fa9-d57b-4d38-ac23-ee5728971003-EndpointStateMachineTaskThread-/0.0.0.0:15099-0 ] INFO  replication.ReplicationServer (ReplicationServer.java:start(139)) - ReplicationServer is started using port 15113
2023-12-01 12:07:36,006 [af140fa9-d57b-4d38-ac23-ee5728971003-EndpointStateMachineTaskThread-/0.0.0.0:15099-0 ] INFO  ratis.XceiverServerRatis (XceiverServerRatis.java:start(525)) - Starting XceiverServerRatis af140fa9-d57b-4d38-ac23-ee5728971003
2023-12-01 12:07:36,006 [af140fa9-d57b-4d38-ac23-ee5728971003-EndpointStateMachineTaskThread-/0.0.0.0:15099-0 ] INFO  server.RaftServer (RaftServerProxy.java:startImpl(406)) - af140fa9-d57b-4d38-ac23-ee5728971003: start RPC server
2023-12-01 12:07:36,007 [af140fa9-d57b-4d38-ac23-ee5728971003-EndpointStateMachineTaskThread-/0.0.0.0:15099-0 ] INFO  server.GrpcService (GrpcService.java:startImpl(302)) - af140fa9-d57b-4d38-ac23-ee5728971003: GrpcService started, listening on 15109
2023-12-01 12:07:36,007 [af140fa9-d57b-4d38-ac23-ee5728971003-EndpointStateMachineTaskThread-/0.0.0.0:15099-0 ] INFO  server.GrpcService (GrpcService.java:startImpl(302)) - af140fa9-d57b-4d38-ac23-ee5728971003: GrpcService started, listening on 15111
2023-12-01 12:07:36,007 [af140fa9-d57b-4d38-ac23-ee5728971003-EndpointStateMachineTaskThread-/0.0.0.0:15099-0 ] INFO  server.GrpcService (GrpcService.java:startImpl(302)) - af140fa9-d57b-4d38-ac23-ee5728971003: GrpcService started, listening on 15110
2023-12-01 12:07:36,007 [af140fa9-d57b-4d38-ac23-ee5728971003-EndpointStateMachineTaskThread-/0.0.0.0:15099-0 ] INFO  ratis.XceiverServerRatis (XceiverServerRatis.java:getRealPort(551)) - XceiverServerRatis af140fa9-d57b-4d38-ac23-ee5728971003 is started using port 15109 for RATIS
2023-12-01 12:07:36,007 [JvmPauseMonitor15] INFO  util.JvmPauseMonitor (JvmPauseMonitor.java:run(146)) - JvmPauseMonitor-af140fa9-d57b-4d38-ac23-ee5728971003: Started
2023-12-01 12:07:36,007 [af140fa9-d57b-4d38-ac23-ee5728971003-EndpointStateMachineTaskThread-/0.0.0.0:15099-0 ] INFO  ratis.XceiverServerRatis (XceiverServerRatis.java:getRealPort(551)) - XceiverServerRatis af140fa9-d57b-4d38-ac23-ee5728971003 is started using port 15110 for RATIS_ADMIN
2023-12-01 12:07:36,008 [af140fa9-d57b-4d38-ac23-ee5728971003-EndpointStateMachineTaskThread-/0.0.0.0:15099-0 ] INFO  ratis.XceiverServerRatis (XceiverServerRatis.java:getRealPort(551)) - XceiverServerRatis af140fa9-d57b-4d38-ac23-ee5728971003 is started using port 15111 for RATIS_SERVER
2023-12-01 12:07:36,008 [af140fa9-d57b-4d38-ac23-ee5728971003-EndpointStateMachineTaskThread-/0.0.0.0:15099-0 ] INFO  ratis.XceiverServerRatis (XceiverServerRatis.java:getRealPort(551)) - XceiverServerRatis af140fa9-d57b-4d38-ac23-ee5728971003 is started using port 15112 for RATIS_DATASTREAM
2023-12-01 12:07:36,009 [af140fa9-d57b-4d38-ac23-ee5728971003-BlockDeletingService#0] INFO  interfaces.ContainerDeletionChoosingPolicyTemplate (ContainerDeletionChoosingPolicyTemplate.java:chooseContainerForBlockDeletion(85)) - Chosen 0/5000 blocks from 0 candidate containers.
2023-12-01 12:07:36,105 [76b9be1d-1bf0-4a28-acca-c5c2681cc872-EndpointStateMachineTaskThread-/0.0.0.0:15099-0 ] INFO  utils.DatanodeStoreCache (DatanodeStoreCache.java:addDB(66)) - Added db /home/runner/work/ozone/ozone/hadoop-ozone/integration-test/target/test-dir/MiniOzoneClusterImpl-b249f779-13f2-4d94-9d49-8f38c7514c74/datanode-1/data-0/containers/hdds/b249f779-13f2-4d94-9d49-8f38c7514c74/DS-f6589d51-c0df-4930-afc5-d9351e215264/container.db to cache
2023-12-01 12:07:36,105 [76b9be1d-1bf0-4a28-acca-c5c2681cc872-EndpointStateMachineTaskThread-/0.0.0.0:15099-0 ] INFO  volume.HddsVolume (HddsVolume.java:createDbStore(422)) - SchemaV3 db is created and loaded at /home/runner/work/ozone/ozone/hadoop-ozone/integration-test/target/test-dir/MiniOzoneClusterImpl-b249f779-13f2-4d94-9d49-8f38c7514c74/datanode-1/data-0/containers/hdds/b249f779-13f2-4d94-9d49-8f38c7514c74/DS-f6589d51-c0df-4930-afc5-d9351e215264/container.db for volume DS-f6589d51-c0df-4930-afc5-d9351e215264
2023-12-01 12:07:36,106 [76b9be1d-1bf0-4a28-acca-c5c2681cc872-EndpointStateMachineTaskThread-/0.0.0.0:15099-0 ] INFO  volume.ThrottledAsyncChecker (ThrottledAsyncChecker.java:schedule(141)) - Scheduling a check for /home/runner/work/ozone/ozone/hadoop-ozone/integration-test/target/test-dir/MiniOzoneClusterImpl-b249f779-13f2-4d94-9d49-8f38c7514c74/datanode-1/data-0/containers/hdds
2023-12-01 12:07:36,106 [76b9be1d-1bf0-4a28-acca-c5c2681cc872-EndpointStateMachineTaskThread-/0.0.0.0:15099-0 ] INFO  volume.StorageVolumeChecker (StorageVolumeChecker.java:checkAllVolumes(218)) - Scheduled health check for volume /home/runner/work/ozone/ozone/hadoop-ozone/integration-test/target/test-dir/MiniOzoneClusterImpl-b249f779-13f2-4d94-9d49-8f38c7514c74/datanode-1/data-0/containers/hdds
2023-12-01 12:07:36,107 [76b9be1d-1bf0-4a28-acca-c5c2681cc872-EndpointStateMachineTaskThread-/0.0.0.0:15099-0 ] INFO  volume.ThrottledAsyncChecker (ThrottledAsyncChecker.java:schedule(141)) - Scheduling a check for /home/runner/work/ozone/ozone/hadoop-ozone/integration-test/target/test-dir/MiniOzoneClusterImpl-b249f779-13f2-4d94-9d49-8f38c7514c74/datanode-1/data/ratis
2023-12-01 12:07:36,108 [76b9be1d-1bf0-4a28-acca-c5c2681cc872-EndpointStateMachineTaskThread-/0.0.0.0:15099-0 ] INFO  volume.StorageVolumeChecker (StorageVolumeChecker.java:checkAllVolumes(218)) - Scheduled health check for volume /home/runner/work/ozone/ozone/hadoop-ozone/integration-test/target/test-dir/MiniOzoneClusterImpl-b249f779-13f2-4d94-9d49-8f38c7514c74/datanode-1/data/ratis
2023-12-01 12:07:36,108 [76b9be1d-1bf0-4a28-acca-c5c2681cc872-EndpointStateMachineTaskThread-/0.0.0.0:15099-0 ] INFO  ozoneimpl.OzoneContainer (OzoneContainer.java:start(441)) - Attempting to start container services.
2023-12-01 12:07:36,108 [76b9be1d-1bf0-4a28-acca-c5c2681cc872-EndpointStateMachineTaskThread-/0.0.0.0:15099-0 ] INFO  ozoneimpl.OzoneContainer (OzoneContainer.java:startContainerScrub(337)) - Scheduled background container scanners and the on-demand container scanner have been disabled.
2023-12-01 12:07:36,108 [76b9be1d-1bf0-4a28-acca-c5c2681cc872-EndpointStateMachineTaskThread-/0.0.0.0:15099-0 ] INFO  replication.ReplicationServer (ReplicationServer.java:start(139)) - ReplicationServer is started using port 15122
2023-12-01 12:07:36,109 [76b9be1d-1bf0-4a28-acca-c5c2681cc872-EndpointStateMachineTaskThread-/0.0.0.0:15099-0 ] INFO  ratis.XceiverServerRatis (XceiverServerRatis.java:start(525)) - Starting XceiverServerRatis 76b9be1d-1bf0-4a28-acca-c5c2681cc872
2023-12-01 12:07:36,109 [76b9be1d-1bf0-4a28-acca-c5c2681cc872-EndpointStateMachineTaskThread-/0.0.0.0:15099-0 ] INFO  server.RaftServer (RaftServerProxy.java:startImpl(406)) - 76b9be1d-1bf0-4a28-acca-c5c2681cc872: start RPC server
2023-12-01 12:07:36,109 [76b9be1d-1bf0-4a28-acca-c5c2681cc872-EndpointStateMachineTaskThread-/0.0.0.0:15099-0 ] INFO  server.GrpcService (GrpcService.java:startImpl(302)) - 76b9be1d-1bf0-4a28-acca-c5c2681cc872: GrpcService started, listening on 15118
2023-12-01 12:07:36,109 [76b9be1d-1bf0-4a28-acca-c5c2681cc872-EndpointStateMachineTaskThread-/0.0.0.0:15099-0 ] INFO  server.GrpcService (GrpcService.java:startImpl(302)) - 76b9be1d-1bf0-4a28-acca-c5c2681cc872: GrpcService started, listening on 15120
2023-12-01 12:07:36,109 [76b9be1d-1bf0-4a28-acca-c5c2681cc872-EndpointStateMachineTaskThread-/0.0.0.0:15099-0 ] INFO  server.GrpcService (GrpcService.java:startImpl(302)) - 76b9be1d-1bf0-4a28-acca-c5c2681cc872: GrpcService started, listening on 15119
2023-12-01 12:07:36,110 [76b9be1d-1bf0-4a28-acca-c5c2681cc872-EndpointStateMachineTaskThread-/0.0.0.0:15099-0 ] INFO  ratis.XceiverServerRatis (XceiverServerRatis.java:getRealPort(551)) - XceiverServerRatis 76b9be1d-1bf0-4a28-acca-c5c2681cc872 is started using port 15118 for RATIS
2023-12-01 12:07:36,110 [JvmPauseMonitor16] INFO  util.JvmPauseMonitor (JvmPauseMonitor.java:run(146)) - JvmPauseMonitor-76b9be1d-1bf0-4a28-acca-c5c2681cc872: Started
2023-12-01 12:07:36,110 [76b9be1d-1bf0-4a28-acca-c5c2681cc872-EndpointStateMachineTaskThread-/0.0.0.0:15099-0 ] INFO  ratis.XceiverServerRatis (XceiverServerRatis.java:getRealPort(551)) - XceiverServerRatis 76b9be1d-1bf0-4a28-acca-c5c2681cc872 is started using port 15119 for RATIS_ADMIN
2023-12-01 12:07:36,110 [76b9be1d-1bf0-4a28-acca-c5c2681cc872-EndpointStateMachineTaskThread-/0.0.0.0:15099-0 ] INFO  ratis.XceiverServerRatis (XceiverServerRatis.java:getRealPort(551)) - XceiverServerRatis 76b9be1d-1bf0-4a28-acca-c5c2681cc872 is started using port 15120 for RATIS_SERVER
2023-12-01 12:07:36,110 [76b9be1d-1bf0-4a28-acca-c5c2681cc872-EndpointStateMachineTaskThread-/0.0.0.0:15099-0 ] INFO  ratis.XceiverServerRatis (XceiverServerRatis.java:getRealPort(551)) - XceiverServerRatis 76b9be1d-1bf0-4a28-acca-c5c2681cc872 is started using port 15121 for RATIS_DATASTREAM
2023-12-01 12:07:36,111 [76b9be1d-1bf0-4a28-acca-c5c2681cc872-BlockDeletingService#0] INFO  interfaces.ContainerDeletionChoosingPolicyTemplate (ContainerDeletionChoosingPolicyTemplate.java:chooseContainerForBlockDeletion(85)) - Chosen 0/5000 blocks from 0 candidate containers.
2023-12-01 12:07:36,198 [36feb706-8d2b-450d-bbd6-33af8c2d1a3d-EndpointStateMachineTaskThread-/0.0.0.0:15099-0 ] INFO  utils.DatanodeStoreCache (DatanodeStoreCache.java:addDB(66)) - Added db /home/runner/work/ozone/ozone/hadoop-ozone/integration-test/target/test-dir/MiniOzoneClusterImpl-b249f779-13f2-4d94-9d49-8f38c7514c74/datanode-2/data-0/containers/hdds/b249f779-13f2-4d94-9d49-8f38c7514c74/DS-fa94fce0-8072-45e4-b05e-5e4a0d6d11f1/container.db to cache
2023-12-01 12:07:36,198 [36feb706-8d2b-450d-bbd6-33af8c2d1a3d-EndpointStateMachineTaskThread-/0.0.0.0:15099-0 ] INFO  volume.HddsVolume (HddsVolume.java:createDbStore(422)) - SchemaV3 db is created and loaded at /home/runner/work/ozone/ozone/hadoop-ozone/integration-test/target/test-dir/MiniOzoneClusterImpl-b249f779-13f2-4d94-9d49-8f38c7514c74/datanode-2/data-0/containers/hdds/b249f779-13f2-4d94-9d49-8f38c7514c74/DS-fa94fce0-8072-45e4-b05e-5e4a0d6d11f1/container.db for volume DS-fa94fce0-8072-45e4-b05e-5e4a0d6d11f1
2023-12-01 12:07:36,199 [36feb706-8d2b-450d-bbd6-33af8c2d1a3d-EndpointStateMachineTaskThread-/0.0.0.0:15099-0 ] INFO  volume.ThrottledAsyncChecker (ThrottledAsyncChecker.java:schedule(141)) - Scheduling a check for /home/runner/work/ozone/ozone/hadoop-ozone/integration-test/target/test-dir/MiniOzoneClusterImpl-b249f779-13f2-4d94-9d49-8f38c7514c74/datanode-2/data-0/containers/hdds
2023-12-01 12:07:36,199 [36feb706-8d2b-450d-bbd6-33af8c2d1a3d-EndpointStateMachineTaskThread-/0.0.0.0:15099-0 ] INFO  volume.StorageVolumeChecker (StorageVolumeChecker.java:checkAllVolumes(218)) - Scheduled health check for volume /home/runner/work/ozone/ozone/hadoop-ozone/integration-test/target/test-dir/MiniOzoneClusterImpl-b249f779-13f2-4d94-9d49-8f38c7514c74/datanode-2/data-0/containers/hdds
2023-12-01 12:07:36,201 [36feb706-8d2b-450d-bbd6-33af8c2d1a3d-EndpointStateMachineTaskThread-/0.0.0.0:15099-0 ] INFO  volume.ThrottledAsyncChecker (ThrottledAsyncChecker.java:schedule(141)) - Scheduling a check for /home/runner/work/ozone/ozone/hadoop-ozone/integration-test/target/test-dir/MiniOzoneClusterImpl-b249f779-13f2-4d94-9d49-8f38c7514c74/datanode-2/data/ratis
2023-12-01 12:07:36,201 [36feb706-8d2b-450d-bbd6-33af8c2d1a3d-EndpointStateMachineTaskThread-/0.0.0.0:15099-0 ] INFO  volume.StorageVolumeChecker (StorageVolumeChecker.java:checkAllVolumes(218)) - Scheduled health check for volume /home/runner/work/ozone/ozone/hadoop-ozone/integration-test/target/test-dir/MiniOzoneClusterImpl-b249f779-13f2-4d94-9d49-8f38c7514c74/datanode-2/data/ratis
2023-12-01 12:07:36,201 [36feb706-8d2b-450d-bbd6-33af8c2d1a3d-EndpointStateMachineTaskThread-/0.0.0.0:15099-0 ] INFO  ozoneimpl.OzoneContainer (OzoneContainer.java:start(441)) - Attempting to start container services.
2023-12-01 12:07:36,202 [36feb706-8d2b-450d-bbd6-33af8c2d1a3d-EndpointStateMachineTaskThread-/0.0.0.0:15099-0 ] INFO  ozoneimpl.OzoneContainer (OzoneContainer.java:startContainerScrub(337)) - Scheduled background container scanners and the on-demand container scanner have been disabled.
2023-12-01 12:07:36,202 [36feb706-8d2b-450d-bbd6-33af8c2d1a3d-EndpointStateMachineTaskThread-/0.0.0.0:15099-0 ] INFO  replication.ReplicationServer (ReplicationServer.java:start(139)) - ReplicationServer is started using port 15131
2023-12-01 12:07:36,202 [36feb706-8d2b-450d-bbd6-33af8c2d1a3d-EndpointStateMachineTaskThread-/0.0.0.0:15099-0 ] INFO  ratis.XceiverServerRatis (XceiverServerRatis.java:start(525)) - Starting XceiverServerRatis 36feb706-8d2b-450d-bbd6-33af8c2d1a3d
2023-12-01 12:07:36,202 [36feb706-8d2b-450d-bbd6-33af8c2d1a3d-EndpointStateMachineTaskThread-/0.0.0.0:15099-0 ] INFO  server.RaftServer (RaftServerProxy.java:startImpl(406)) - 36feb706-8d2b-450d-bbd6-33af8c2d1a3d: start RPC server
2023-12-01 12:07:36,203 [36feb706-8d2b-450d-bbd6-33af8c2d1a3d-EndpointStateMachineTaskThread-/0.0.0.0:15099-0 ] INFO  server.GrpcService (GrpcService.java:startImpl(302)) - 36feb706-8d2b-450d-bbd6-33af8c2d1a3d: GrpcService started, listening on 15127
2023-12-01 12:07:36,203 [36feb706-8d2b-450d-bbd6-33af8c2d1a3d-EndpointStateMachineTaskThread-/0.0.0.0:15099-0 ] INFO  server.GrpcService (GrpcService.java:startImpl(302)) - 36feb706-8d2b-450d-bbd6-33af8c2d1a3d: GrpcService started, listening on 15129
2023-12-01 12:07:36,203 [36feb706-8d2b-450d-bbd6-33af8c2d1a3d-EndpointStateMachineTaskThread-/0.0.0.0:15099-0 ] INFO  server.GrpcService (GrpcService.java:startImpl(302)) - 36feb706-8d2b-450d-bbd6-33af8c2d1a3d: GrpcService started, listening on 15128
2023-12-01 12:07:36,203 [36feb706-8d2b-450d-bbd6-33af8c2d1a3d-EndpointStateMachineTaskThread-/0.0.0.0:15099-0 ] INFO  ratis.XceiverServerRatis (XceiverServerRatis.java:getRealPort(551)) - XceiverServerRatis 36feb706-8d2b-450d-bbd6-33af8c2d1a3d is started using port 15127 for RATIS
2023-12-01 12:07:36,204 [JvmPauseMonitor17] INFO  util.JvmPauseMonitor (JvmPauseMonitor.java:run(146)) - JvmPauseMonitor-36feb706-8d2b-450d-bbd6-33af8c2d1a3d: Started
2023-12-01 12:07:36,204 [36feb706-8d2b-450d-bbd6-33af8c2d1a3d-EndpointStateMachineTaskThread-/0.0.0.0:15099-0 ] INFO  ratis.XceiverServerRatis (XceiverServerRatis.java:getRealPort(551)) - XceiverServerRatis 36feb706-8d2b-450d-bbd6-33af8c2d1a3d is started using port 15128 for RATIS_ADMIN
2023-12-01 12:07:36,204 [36feb706-8d2b-450d-bbd6-33af8c2d1a3d-EndpointStateMachineTaskThread-/0.0.0.0:15099-0 ] INFO  ratis.XceiverServerRatis (XceiverServerRatis.java:getRealPort(551)) - XceiverServerRatis 36feb706-8d2b-450d-bbd6-33af8c2d1a3d is started using port 15129 for RATIS_SERVER
2023-12-01 12:07:36,204 [36feb706-8d2b-450d-bbd6-33af8c2d1a3d-EndpointStateMachineTaskThread-/0.0.0.0:15099-0 ] INFO  ratis.XceiverServerRatis (XceiverServerRatis.java:getRealPort(551)) - XceiverServerRatis 36feb706-8d2b-450d-bbd6-33af8c2d1a3d is started using port 15130 for RATIS_DATASTREAM
2023-12-01 12:07:36,204 [36feb706-8d2b-450d-bbd6-33af8c2d1a3d-BlockDeletingService#0] INFO  interfaces.ContainerDeletionChoosingPolicyTemplate (ContainerDeletionChoosingPolicyTemplate.java:chooseContainerForBlockDeletion(85)) - Chosen 0/5000 blocks from 0 candidate containers.
2023-12-01 12:07:36,319 [585524aa-0c42-40b1-8d18-f2722508c145-EndpointStateMachineTaskThread-/0.0.0.0:15099-0 ] INFO  utils.DatanodeStoreCache (DatanodeStoreCache.java:addDB(66)) - Added db /home/runner/work/ozone/ozone/hadoop-ozone/integration-test/target/test-dir/MiniOzoneClusterImpl-b249f779-13f2-4d94-9d49-8f38c7514c74/datanode-3/data-0/containers/hdds/b249f779-13f2-4d94-9d49-8f38c7514c74/DS-52cc51c8-9c5d-43e9-93d8-1895b368a3ae/container.db to cache
2023-12-01 12:07:36,319 [585524aa-0c42-40b1-8d18-f2722508c145-EndpointStateMachineTaskThread-/0.0.0.0:15099-0 ] INFO  volume.HddsVolume (HddsVolume.java:createDbStore(422)) - SchemaV3 db is created and loaded at /home/runner/work/ozone/ozone/hadoop-ozone/integration-test/target/test-dir/MiniOzoneClusterImpl-b249f779-13f2-4d94-9d49-8f38c7514c74/datanode-3/data-0/containers/hdds/b249f779-13f2-4d94-9d49-8f38c7514c74/DS-52cc51c8-9c5d-43e9-93d8-1895b368a3ae/container.db for volume DS-52cc51c8-9c5d-43e9-93d8-1895b368a3ae
2023-12-01 12:07:36,320 [585524aa-0c42-40b1-8d18-f2722508c145-EndpointStateMachineTaskThread-/0.0.0.0:15099-0 ] INFO  volume.ThrottledAsyncChecker (ThrottledAsyncChecker.java:schedule(141)) - Scheduling a check for /home/runner/work/ozone/ozone/hadoop-ozone/integration-test/target/test-dir/MiniOzoneClusterImpl-b249f779-13f2-4d94-9d49-8f38c7514c74/datanode-3/data-0/containers/hdds
2023-12-01 12:07:36,320 [585524aa-0c42-40b1-8d18-f2722508c145-EndpointStateMachineTaskThread-/0.0.0.0:15099-0 ] INFO  volume.StorageVolumeChecker (StorageVolumeChecker.java:checkAllVolumes(218)) - Scheduled health check for volume /home/runner/work/ozone/ozone/hadoop-ozone/integration-test/target/test-dir/MiniOzoneClusterImpl-b249f779-13f2-4d94-9d49-8f38c7514c74/datanode-3/data-0/containers/hdds
2023-12-01 12:07:36,322 [585524aa-0c42-40b1-8d18-f2722508c145-EndpointStateMachineTaskThread-/0.0.0.0:15099-0 ] INFO  volume.ThrottledAsyncChecker (ThrottledAsyncChecker.java:schedule(141)) - Scheduling a check for /home/runner/work/ozone/ozone/hadoop-ozone/integration-test/target/test-dir/MiniOzoneClusterImpl-b249f779-13f2-4d94-9d49-8f38c7514c74/datanode-3/data/ratis
2023-12-01 12:07:36,322 [585524aa-0c42-40b1-8d18-f2722508c145-EndpointStateMachineTaskThread-/0.0.0.0:15099-0 ] INFO  volume.StorageVolumeChecker (StorageVolumeChecker.java:checkAllVolumes(218)) - Scheduled health check for volume /home/runner/work/ozone/ozone/hadoop-ozone/integration-test/target/test-dir/MiniOzoneClusterImpl-b249f779-13f2-4d94-9d49-8f38c7514c74/datanode-3/data/ratis
2023-12-01 12:07:36,323 [585524aa-0c42-40b1-8d18-f2722508c145-EndpointStateMachineTaskThread-/0.0.0.0:15099-0 ] INFO  ozoneimpl.OzoneContainer (OzoneContainer.java:start(441)) - Attempting to start container services.
2023-12-01 12:07:36,323 [585524aa-0c42-40b1-8d18-f2722508c145-EndpointStateMachineTaskThread-/0.0.0.0:15099-0 ] INFO  ozoneimpl.OzoneContainer (OzoneContainer.java:startContainerScrub(337)) - Scheduled background container scanners and the on-demand container scanner have been disabled.
2023-12-01 12:07:36,324 [585524aa-0c42-40b1-8d18-f2722508c145-EndpointStateMachineTaskThread-/0.0.0.0:15099-0 ] INFO  replication.ReplicationServer (ReplicationServer.java:start(139)) - ReplicationServer is started using port 15140
2023-12-01 12:07:36,324 [585524aa-0c42-40b1-8d18-f2722508c145-EndpointStateMachineTaskThread-/0.0.0.0:15099-0 ] INFO  ratis.XceiverServerRatis (XceiverServerRatis.java:start(525)) - Starting XceiverServerRatis 585524aa-0c42-40b1-8d18-f2722508c145
2023-12-01 12:07:36,324 [585524aa-0c42-40b1-8d18-f2722508c145-EndpointStateMachineTaskThread-/0.0.0.0:15099-0 ] INFO  server.RaftServer (RaftServerProxy.java:startImpl(406)) - 585524aa-0c42-40b1-8d18-f2722508c145: start RPC server
2023-12-01 12:07:36,324 [585524aa-0c42-40b1-8d18-f2722508c145-EndpointStateMachineTaskThread-/0.0.0.0:15099-0 ] INFO  server.GrpcService (GrpcService.java:startImpl(302)) - 585524aa-0c42-40b1-8d18-f2722508c145: GrpcService started, listening on 15136
2023-12-01 12:07:36,324 [585524aa-0c42-40b1-8d18-f2722508c145-EndpointStateMachineTaskThread-/0.0.0.0:15099-0 ] INFO  server.GrpcService (GrpcService.java:startImpl(302)) - 585524aa-0c42-40b1-8d18-f2722508c145: GrpcService started, listening on 15138
2023-12-01 12:07:36,325 [585524aa-0c42-40b1-8d18-f2722508c145-EndpointStateMachineTaskThread-/0.0.0.0:15099-0 ] INFO  server.GrpcService (GrpcService.java:startImpl(302)) - 585524aa-0c42-40b1-8d18-f2722508c145: GrpcService started, listening on 15137
2023-12-01 12:07:36,325 [585524aa-0c42-40b1-8d18-f2722508c145-EndpointStateMachineTaskThread-/0.0.0.0:15099-0 ] INFO  ratis.XceiverServerRatis (XceiverServerRatis.java:getRealPort(551)) - XceiverServerRatis 585524aa-0c42-40b1-8d18-f2722508c145 is started using port 15136 for RATIS
2023-12-01 12:07:36,325 [JvmPauseMonitor18] INFO  util.JvmPauseMonitor (JvmPauseMonitor.java:run(146)) - JvmPauseMonitor-585524aa-0c42-40b1-8d18-f2722508c145: Started
2023-12-01 12:07:36,325 [585524aa-0c42-40b1-8d18-f2722508c145-EndpointStateMachineTaskThread-/0.0.0.0:15099-0 ] INFO  ratis.XceiverServerRatis (XceiverServerRatis.java:getRealPort(551)) - XceiverServerRatis 585524aa-0c42-40b1-8d18-f2722508c145 is started using port 15137 for RATIS_ADMIN
2023-12-01 12:07:36,325 [585524aa-0c42-40b1-8d18-f2722508c145-EndpointStateMachineTaskThread-/0.0.0.0:15099-0 ] INFO  ratis.XceiverServerRatis (XceiverServerRatis.java:getRealPort(551)) - XceiverServerRatis 585524aa-0c42-40b1-8d18-f2722508c145 is started using port 15138 for RATIS_SERVER
2023-12-01 12:07:36,325 [585524aa-0c42-40b1-8d18-f2722508c145-EndpointStateMachineTaskThread-/0.0.0.0:15099-0 ] INFO  ratis.XceiverServerRatis (XceiverServerRatis.java:getRealPort(551)) - XceiverServerRatis 585524aa-0c42-40b1-8d18-f2722508c145 is started using port 15139 for RATIS_DATASTREAM
2023-12-01 12:07:36,326 [585524aa-0c42-40b1-8d18-f2722508c145-BlockDeletingService#0] INFO  interfaces.ContainerDeletionChoosingPolicyTemplate (ContainerDeletionChoosingPolicyTemplate.java:chooseContainerForBlockDeletion(85)) - Chosen 0/5000 blocks from 0 candidate containers.
2023-12-01 12:07:36,449 [0d726c29-49a1-421e-8ac7-200c2e9b483b-EndpointStateMachineTaskThread-/0.0.0.0:15099-0 ] INFO  utils.DatanodeStoreCache (DatanodeStoreCache.java:addDB(66)) - Added db /home/runner/work/ozone/ozone/hadoop-ozone/integration-test/target/test-dir/MiniOzoneClusterImpl-b249f779-13f2-4d94-9d49-8f38c7514c74/datanode-4/data-0/containers/hdds/b249f779-13f2-4d94-9d49-8f38c7514c74/DS-b13e0572-d48a-48d6-b88c-1e44aac15634/container.db to cache
2023-12-01 12:07:36,449 [0d726c29-49a1-421e-8ac7-200c2e9b483b-EndpointStateMachineTaskThread-/0.0.0.0:15099-0 ] INFO  volume.HddsVolume (HddsVolume.java:createDbStore(422)) - SchemaV3 db is created and loaded at /home/runner/work/ozone/ozone/hadoop-ozone/integration-test/target/test-dir/MiniOzoneClusterImpl-b249f779-13f2-4d94-9d49-8f38c7514c74/datanode-4/data-0/containers/hdds/b249f779-13f2-4d94-9d49-8f38c7514c74/DS-b13e0572-d48a-48d6-b88c-1e44aac15634/container.db for volume DS-b13e0572-d48a-48d6-b88c-1e44aac15634
2023-12-01 12:07:36,450 [0d726c29-49a1-421e-8ac7-200c2e9b483b-EndpointStateMachineTaskThread-/0.0.0.0:15099-0 ] INFO  volume.ThrottledAsyncChecker (ThrottledAsyncChecker.java:schedule(141)) - Scheduling a check for /home/runner/work/ozone/ozone/hadoop-ozone/integration-test/target/test-dir/MiniOzoneClusterImpl-b249f779-13f2-4d94-9d49-8f38c7514c74/datanode-4/data-0/containers/hdds
2023-12-01 12:07:36,450 [0d726c29-49a1-421e-8ac7-200c2e9b483b-EndpointStateMachineTaskThread-/0.0.0.0:15099-0 ] INFO  volume.StorageVolumeChecker (StorageVolumeChecker.java:checkAllVolumes(218)) - Scheduled health check for volume /home/runner/work/ozone/ozone/hadoop-ozone/integration-test/target/test-dir/MiniOzoneClusterImpl-b249f779-13f2-4d94-9d49-8f38c7514c74/datanode-4/data-0/containers/hdds
2023-12-01 12:07:36,452 [0d726c29-49a1-421e-8ac7-200c2e9b483b-EndpointStateMachineTaskThread-/0.0.0.0:15099-0 ] INFO  volume.ThrottledAsyncChecker (ThrottledAsyncChecker.java:schedule(141)) - Scheduling a check for /home/runner/work/ozone/ozone/hadoop-ozone/integration-test/target/test-dir/MiniOzoneClusterImpl-b249f779-13f2-4d94-9d49-8f38c7514c74/datanode-4/data/ratis
2023-12-01 12:07:36,452 [0d726c29-49a1-421e-8ac7-200c2e9b483b-EndpointStateMachineTaskThread-/0.0.0.0:15099-0 ] INFO  volume.StorageVolumeChecker (StorageVolumeChecker.java:checkAllVolumes(218)) - Scheduled health check for volume /home/runner/work/ozone/ozone/hadoop-ozone/integration-test/target/test-dir/MiniOzoneClusterImpl-b249f779-13f2-4d94-9d49-8f38c7514c74/datanode-4/data/ratis
2023-12-01 12:07:36,453 [0d726c29-49a1-421e-8ac7-200c2e9b483b-EndpointStateMachineTaskThread-/0.0.0.0:15099-0 ] INFO  ozoneimpl.OzoneContainer (OzoneContainer.java:start(441)) - Attempting to start container services.
2023-12-01 12:07:36,453 [0d726c29-49a1-421e-8ac7-200c2e9b483b-EndpointStateMachineTaskThread-/0.0.0.0:15099-0 ] INFO  ozoneimpl.OzoneContainer (OzoneContainer.java:startContainerScrub(337)) - Scheduled background container scanners and the on-demand container scanner have been disabled.
2023-12-01 12:07:36,453 [0d726c29-49a1-421e-8ac7-200c2e9b483b-EndpointStateMachineTaskThread-/0.0.0.0:15099-0 ] INFO  replication.ReplicationServer (ReplicationServer.java:start(139)) - ReplicationServer is started using port 15149
2023-12-01 12:07:36,453 [0d726c29-49a1-421e-8ac7-200c2e9b483b-EndpointStateMachineTaskThread-/0.0.0.0:15099-0 ] INFO  ratis.XceiverServerRatis (XceiverServerRatis.java:start(525)) - Starting XceiverServerRatis 0d726c29-49a1-421e-8ac7-200c2e9b483b
2023-12-01 12:07:36,454 [0d726c29-49a1-421e-8ac7-200c2e9b483b-EndpointStateMachineTaskThread-/0.0.0.0:15099-0 ] INFO  server.RaftServer (RaftServerProxy.java:startImpl(406)) - 0d726c29-49a1-421e-8ac7-200c2e9b483b: start RPC server
2023-12-01 12:07:36,454 [0d726c29-49a1-421e-8ac7-200c2e9b483b-EndpointStateMachineTaskThread-/0.0.0.0:15099-0 ] INFO  server.GrpcService (GrpcService.java:startImpl(302)) - 0d726c29-49a1-421e-8ac7-200c2e9b483b: GrpcService started, listening on 15145
2023-12-01 12:07:36,454 [0d726c29-49a1-421e-8ac7-200c2e9b483b-EndpointStateMachineTaskThread-/0.0.0.0:15099-0 ] INFO  server.GrpcService (GrpcService.java:startImpl(302)) - 0d726c29-49a1-421e-8ac7-200c2e9b483b: GrpcService started, listening on 15147
2023-12-01 12:07:36,454 [0d726c29-49a1-421e-8ac7-200c2e9b483b-EndpointStateMachineTaskThread-/0.0.0.0:15099-0 ] INFO  server.GrpcService (GrpcService.java:startImpl(302)) - 0d726c29-49a1-421e-8ac7-200c2e9b483b: GrpcService started, listening on 15146
2023-12-01 12:07:36,454 [0d726c29-49a1-421e-8ac7-200c2e9b483b-EndpointStateMachineTaskThread-/0.0.0.0:15099-0 ] INFO  ratis.XceiverServerRatis (XceiverServerRatis.java:getRealPort(551)) - XceiverServerRatis 0d726c29-49a1-421e-8ac7-200c2e9b483b is started using port 15145 for RATIS
2023-12-01 12:07:36,454 [JvmPauseMonitor19] INFO  util.JvmPauseMonitor (JvmPauseMonitor.java:run(146)) - JvmPauseMonitor-0d726c29-49a1-421e-8ac7-200c2e9b483b: Started
2023-12-01 12:07:36,454 [0d726c29-49a1-421e-8ac7-200c2e9b483b-EndpointStateMachineTaskThread-/0.0.0.0:15099-0 ] INFO  ratis.XceiverServerRatis (XceiverServerRatis.java:getRealPort(551)) - XceiverServerRatis 0d726c29-49a1-421e-8ac7-200c2e9b483b is started using port 15146 for RATIS_ADMIN
2023-12-01 12:07:36,455 [0d726c29-49a1-421e-8ac7-200c2e9b483b-EndpointStateMachineTaskThread-/0.0.0.0:15099-0 ] INFO  ratis.XceiverServerRatis (XceiverServerRatis.java:getRealPort(551)) - XceiverServerRatis 0d726c29-49a1-421e-8ac7-200c2e9b483b is started using port 15147 for RATIS_SERVER
2023-12-01 12:07:36,455 [0d726c29-49a1-421e-8ac7-200c2e9b483b-EndpointStateMachineTaskThread-/0.0.0.0:15099-0 ] INFO  ratis.XceiverServerRatis (XceiverServerRatis.java:getRealPort(551)) - XceiverServerRatis 0d726c29-49a1-421e-8ac7-200c2e9b483b is started using port 15148 for RATIS_DATASTREAM
2023-12-01 12:07:36,455 [0d726c29-49a1-421e-8ac7-200c2e9b483b-BlockDeletingService#0] INFO  interfaces.ContainerDeletionChoosingPolicyTemplate (ContainerDeletionChoosingPolicyTemplate.java:chooseContainerForBlockDeletion(85)) - Chosen 0/5000 blocks from 0 candidate containers.
2023-12-01 12:07:36,525 [main] INFO  ozone.MiniOzoneClusterImpl (MiniOzoneClusterImpl.java:lambda$waitForClusterToBeReady$0(229)) - Waiting for nodes to be ready. Got 0 of 6 DN Heartbeats.
2023-12-01 12:07:36,526 [main] INFO  ozone.MiniOzoneClusterImpl (MiniOzoneClusterImpl.java:lambda$waitForClusterToBeReady$0(232)) - Waiting for cluster to exit safe mode
2023-12-01 12:07:36,526 [main] INFO  ozone.MiniOzoneClusterImpl (MiniOzoneClusterImpl.java:lambda$waitForClusterToBeReady$0(234)) - SCM became leader
2023-12-01 12:07:36,551 [e22ca2c5-a776-4b7c-8aca-6a18d36008b3-EndpointStateMachineTaskThread-/0.0.0.0:15099-0 ] INFO  utils.DatanodeStoreCache (DatanodeStoreCache.java:addDB(66)) - Added db /home/runner/work/ozone/ozone/hadoop-ozone/integration-test/target/test-dir/MiniOzoneClusterImpl-b249f779-13f2-4d94-9d49-8f38c7514c74/datanode-5/data-0/containers/hdds/b249f779-13f2-4d94-9d49-8f38c7514c74/DS-feca81dd-035a-47a9-b250-b4afc116f281/container.db to cache
2023-12-01 12:07:36,551 [e22ca2c5-a776-4b7c-8aca-6a18d36008b3-EndpointStateMachineTaskThread-/0.0.0.0:15099-0 ] INFO  volume.HddsVolume (HddsVolume.java:createDbStore(422)) - SchemaV3 db is created and loaded at /home/runner/work/ozone/ozone/hadoop-ozone/integration-test/target/test-dir/MiniOzoneClusterImpl-b249f779-13f2-4d94-9d49-8f38c7514c74/datanode-5/data-0/containers/hdds/b249f779-13f2-4d94-9d49-8f38c7514c74/DS-feca81dd-035a-47a9-b250-b4afc116f281/container.db for volume DS-feca81dd-035a-47a9-b250-b4afc116f281
2023-12-01 12:07:36,552 [e22ca2c5-a776-4b7c-8aca-6a18d36008b3-EndpointStateMachineTaskThread-/0.0.0.0:15099-0 ] INFO  volume.ThrottledAsyncChecker (ThrottledAsyncChecker.java:schedule(141)) - Scheduling a check for /home/runner/work/ozone/ozone/hadoop-ozone/integration-test/target/test-dir/MiniOzoneClusterImpl-b249f779-13f2-4d94-9d49-8f38c7514c74/datanode-5/data-0/containers/hdds
2023-12-01 12:07:36,552 [e22ca2c5-a776-4b7c-8aca-6a18d36008b3-EndpointStateMachineTaskThread-/0.0.0.0:15099-0 ] INFO  volume.StorageVolumeChecker (StorageVolumeChecker.java:checkAllVolumes(218)) - Scheduled health check for volume /home/runner/work/ozone/ozone/hadoop-ozone/integration-test/target/test-dir/MiniOzoneClusterImpl-b249f779-13f2-4d94-9d49-8f38c7514c74/datanode-5/data-0/containers/hdds
2023-12-01 12:07:36,553 [e22ca2c5-a776-4b7c-8aca-6a18d36008b3-EndpointStateMachineTaskThread-/0.0.0.0:15099-0 ] INFO  volume.ThrottledAsyncChecker (ThrottledAsyncChecker.java:schedule(141)) - Scheduling a check for /home/runner/work/ozone/ozone/hadoop-ozone/integration-test/target/test-dir/MiniOzoneClusterImpl-b249f779-13f2-4d94-9d49-8f38c7514c74/datanode-5/data/ratis
2023-12-01 12:07:36,553 [e22ca2c5-a776-4b7c-8aca-6a18d36008b3-EndpointStateMachineTaskThread-/0.0.0.0:15099-0 ] INFO  volume.StorageVolumeChecker (StorageVolumeChecker.java:checkAllVolumes(218)) - Scheduled health check for volume /home/runner/work/ozone/ozone/hadoop-ozone/integration-test/target/test-dir/MiniOzoneClusterImpl-b249f779-13f2-4d94-9d49-8f38c7514c74/datanode-5/data/ratis
2023-12-01 12:07:36,554 [e22ca2c5-a776-4b7c-8aca-6a18d36008b3-EndpointStateMachineTaskThread-/0.0.0.0:15099-0 ] INFO  ozoneimpl.OzoneContainer (OzoneContainer.java:start(441)) - Attempting to start container services.
2023-12-01 12:07:36,554 [e22ca2c5-a776-4b7c-8aca-6a18d36008b3-EndpointStateMachineTaskThread-/0.0.0.0:15099-0 ] INFO  ozoneimpl.OzoneContainer (OzoneContainer.java:startContainerScrub(337)) - Scheduled background container scanners and the on-demand container scanner have been disabled.
2023-12-01 12:07:36,555 [e22ca2c5-a776-4b7c-8aca-6a18d36008b3-EndpointStateMachineTaskThread-/0.0.0.0:15099-0 ] INFO  replication.ReplicationServer (ReplicationServer.java:start(139)) - ReplicationServer is started using port 15158
2023-12-01 12:07:36,555 [e22ca2c5-a776-4b7c-8aca-6a18d36008b3-EndpointStateMachineTaskThread-/0.0.0.0:15099-0 ] INFO  ratis.XceiverServerRatis (XceiverServerRatis.java:start(525)) - Starting XceiverServerRatis e22ca2c5-a776-4b7c-8aca-6a18d36008b3
2023-12-01 12:07:36,555 [e22ca2c5-a776-4b7c-8aca-6a18d36008b3-EndpointStateMachineTaskThread-/0.0.0.0:15099-0 ] INFO  server.RaftServer (RaftServerProxy.java:startImpl(406)) - e22ca2c5-a776-4b7c-8aca-6a18d36008b3: start RPC server
2023-12-01 12:07:36,555 [e22ca2c5-a776-4b7c-8aca-6a18d36008b3-EndpointStateMachineTaskThread-/0.0.0.0:15099-0 ] INFO  server.GrpcService (GrpcService.java:startImpl(302)) - e22ca2c5-a776-4b7c-8aca-6a18d36008b3: GrpcService started, listening on 15154
2023-12-01 12:07:36,556 [e22ca2c5-a776-4b7c-8aca-6a18d36008b3-EndpointStateMachineTaskThread-/0.0.0.0:15099-0 ] INFO  server.GrpcService (GrpcService.java:startImpl(302)) - e22ca2c5-a776-4b7c-8aca-6a18d36008b3: GrpcService started, listening on 15156
2023-12-01 12:07:36,556 [e22ca2c5-a776-4b7c-8aca-6a18d36008b3-EndpointStateMachineTaskThread-/0.0.0.0:15099-0 ] INFO  server.GrpcService (GrpcService.java:startImpl(302)) - e22ca2c5-a776-4b7c-8aca-6a18d36008b3: GrpcService started, listening on 15155
2023-12-01 12:07:36,556 [e22ca2c5-a776-4b7c-8aca-6a18d36008b3-EndpointStateMachineTaskThread-/0.0.0.0:15099-0 ] INFO  ratis.XceiverServerRatis (XceiverServerRatis.java:getRealPort(551)) - XceiverServerRatis e22ca2c5-a776-4b7c-8aca-6a18d36008b3 is started using port 15154 for RATIS
2023-12-01 12:07:36,556 [JvmPauseMonitor20] INFO  util.JvmPauseMonitor (JvmPauseMonitor.java:run(146)) - JvmPauseMonitor-e22ca2c5-a776-4b7c-8aca-6a18d36008b3: Started
2023-12-01 12:07:36,556 [e22ca2c5-a776-4b7c-8aca-6a18d36008b3-EndpointStateMachineTaskThread-/0.0.0.0:15099-0 ] INFO  ratis.XceiverServerRatis (XceiverServerRatis.java:getRealPort(551)) - XceiverServerRatis e22ca2c5-a776-4b7c-8aca-6a18d36008b3 is started using port 15155 for RATIS_ADMIN
2023-12-01 12:07:36,556 [e22ca2c5-a776-4b7c-8aca-6a18d36008b3-EndpointStateMachineTaskThread-/0.0.0.0:15099-0 ] INFO  ratis.XceiverServerRatis (XceiverServerRatis.java:getRealPort(551)) - XceiverServerRatis e22ca2c5-a776-4b7c-8aca-6a18d36008b3 is started using port 15156 for RATIS_SERVER
2023-12-01 12:07:36,556 [e22ca2c5-a776-4b7c-8aca-6a18d36008b3-EndpointStateMachineTaskThread-/0.0.0.0:15099-0 ] INFO  ratis.XceiverServerRatis (XceiverServerRatis.java:getRealPort(551)) - XceiverServerRatis e22ca2c5-a776-4b7c-8aca-6a18d36008b3 is started using port 15157 for RATIS_DATASTREAM
2023-12-01 12:07:36,557 [e22ca2c5-a776-4b7c-8aca-6a18d36008b3-BlockDeletingService#0] INFO  interfaces.ContainerDeletionChoosingPolicyTemplate (ContainerDeletionChoosingPolicyTemplate.java:chooseContainerForBlockDeletion(85)) - Chosen 0/5000 blocks from 0 candidate containers.
2023-12-01 12:07:37,526 [main] INFO  ozone.MiniOzoneClusterImpl (MiniOzoneClusterImpl.java:lambda$waitForClusterToBeReady$0(229)) - Waiting for nodes to be ready. Got 0 of 6 DN Heartbeats.
2023-12-01 12:07:37,526 [main] INFO  ozone.MiniOzoneClusterImpl (MiniOzoneClusterImpl.java:lambda$waitForClusterToBeReady$0(232)) - Waiting for cluster to exit safe mode
2023-12-01 12:07:37,527 [main] INFO  ozone.MiniOzoneClusterImpl (MiniOzoneClusterImpl.java:lambda$waitForClusterToBeReady$0(234)) - SCM became leader
2023-12-01 12:07:37,979 [IPC Server handler 2 on default port 15099] INFO  net.NetworkTopologyImpl (NetworkTopologyImpl.java:add(124)) - Added a new node: /default-rack/af140fa9-d57b-4d38-ac23-ee5728971003
2023-12-01 12:07:37,979 [IPC Server handler 2 on default port 15099] INFO  node.SCMNodeManager (SCMNodeManager.java:register(405)) - Registered datanode: af140fa9-d57b-4d38-ac23-ee5728971003{ip: 10.1.0.24, host: fv-az1423-675.ei5rwdf52qxuxllzxeqjam05jd.ex.internal.cloudapp.net, ports: [HTTP=15106, CLIENT_RPC=15107, REPLICATION=15113, RATIS=15109, RATIS_ADMIN=15110, RATIS_SERVER=15111, RATIS_DATASTREAM=15112, STANDALONE=15108], networkLocation: /default-rack, certSerialId: null, persistedOpState: null, persistedOpStateExpiryEpochSec: 0}
2023-12-01 12:07:37,981 [EventQueue-NewNodeForNewNodeHandler] INFO  pipeline.BackgroundPipelineCreator (BackgroundPipelineCreator.java:notifyEventTriggered(280)) - trigger a one-shot run on RatisPipelineUtilsThread.
2023-12-01 12:07:37,982 [EventQueue-NodeRegistrationContainerReportForDataNodeSafeModeRule] INFO  safemode.SCMSafeModeManager (DataNodeSafeModeRule.java:process(71)) - SCM in safe mode. 1 DataNodes registered, 3 required.
2023-12-01 12:07:37,982 [EventQueue-NodeRegistrationContainerReportForContainerSafeModeRule] INFO  safemode.SCMSafeModeManager (SCMSafeModeManager.java:validateSafeModeExitRules(200)) - ContainerSafeModeRule rule is successfully validated
2023-12-01 12:07:37,983 [EventQueue-PipelineReportForOneReplicaPipelineSafeModeRule] INFO  safemode.SCMSafeModeManager (SCMSafeModeManager.java:validateSafeModeExitRules(200)) - AtleastOneDatanodeReportedRule rule is successfully validated
2023-12-01 12:07:38,082 [IPC Server handler 3 on default port 15099] INFO  net.NetworkTopologyImpl (NetworkTopologyImpl.java:add(124)) - Added a new node: /default-rack/76b9be1d-1bf0-4a28-acca-c5c2681cc872
2023-12-01 12:07:38,082 [IPC Server handler 3 on default port 15099] INFO  node.SCMNodeManager (SCMNodeManager.java:register(405)) - Registered datanode: 76b9be1d-1bf0-4a28-acca-c5c2681cc872{ip: 10.1.0.24, host: fv-az1423-675.ei5rwdf52qxuxllzxeqjam05jd.ex.internal.cloudapp.net, ports: [HTTP=15115, CLIENT_RPC=15116, REPLICATION=15122, RATIS=15118, RATIS_ADMIN=15119, RATIS_SERVER=15120, RATIS_DATASTREAM=15121, STANDALONE=15117], networkLocation: /default-rack, certSerialId: null, persistedOpState: null, persistedOpStateExpiryEpochSec: 0}
2023-12-01 12:07:38,082 [EventQueue-NewNodeForNewNodeHandler] INFO  pipeline.BackgroundPipelineCreator (BackgroundPipelineCreator.java:notifyEventTriggered(280)) - trigger a one-shot run on RatisPipelineUtilsThread.
2023-12-01 12:07:38,082 [EventQueue-NodeRegistrationContainerReportForDataNodeSafeModeRule] INFO  safemode.SCMSafeModeManager (DataNodeSafeModeRule.java:process(71)) - SCM in safe mode. 2 DataNodes registered, 3 required.
2023-12-01 12:07:38,177 [IPC Server handler 5 on default port 15099] INFO  net.NetworkTopologyImpl (NetworkTopologyImpl.java:add(124)) - Added a new node: /default-rack/36feb706-8d2b-450d-bbd6-33af8c2d1a3d
2023-12-01 12:07:38,177 [IPC Server handler 5 on default port 15099] INFO  node.SCMNodeManager (SCMNodeManager.java:register(405)) - Registered datanode: 36feb706-8d2b-450d-bbd6-33af8c2d1a3d{ip: 10.1.0.24, host: fv-az1423-675.ei5rwdf52qxuxllzxeqjam05jd.ex.internal.cloudapp.net, ports: [HTTP=15124, CLIENT_RPC=15125, REPLICATION=15131, RATIS=15127, RATIS_ADMIN=15128, RATIS_SERVER=15129, RATIS_DATASTREAM=15130, STANDALONE=15126], networkLocation: /default-rack, certSerialId: null, persistedOpState: null, persistedOpStateExpiryEpochSec: 0}
2023-12-01 12:07:38,178 [EventQueue-NodeRegistrationContainerReportForDataNodeSafeModeRule] INFO  safemode.SCMSafeModeManager (DataNodeSafeModeRule.java:process(71)) - SCM in safe mode. 3 DataNodes registered, 3 required.
2023-12-01 12:07:38,178 [EventQueue-NodeRegistrationContainerReportForDataNodeSafeModeRule] INFO  safemode.SCMSafeModeManager (SCMSafeModeManager.java:validateSafeModeExitRules(200)) - DataNodeSafeModeRule rule is successfully validated
2023-12-01 12:07:38,178 [EventQueue-NodeRegistrationContainerReportForDataNodeSafeModeRule] INFO  safemode.SCMSafeModeManager (SCMSafeModeManager.java:completePreCheck(229)) - All SCM safe mode pre check rules have passed
2023-12-01 12:07:38,178 [EventQueue-NodeRegistrationContainerReportForDataNodeSafeModeRule] INFO  ha.SCMContext (SCMContext.java:updateSafeModeStatus(230)) - Update SafeModeStatus from SafeModeStatus{safeModeStatus=true, preCheckPassed=false} to SafeModeStatus{safeModeStatus=true, preCheckPassed=true}.
2023-12-01 12:07:38,178 [EventQueue-NodeRegistrationContainerReportForDataNodeSafeModeRule] INFO  pipeline.BackgroundPipelineCreator (BackgroundPipelineCreator.java:notifyEventTriggered(280)) - trigger a one-shot run on RatisPipelineUtilsThread.
2023-12-01 12:07:38,178 [EventQueue-NewNodeForNewNodeHandler] INFO  pipeline.BackgroundPipelineCreator (BackgroundPipelineCreator.java:notifyEventTriggered(280)) - trigger a one-shot run on RatisPipelineUtilsThread.
2023-12-01 12:07:38,178 [RatisPipelineUtilsThread-0] INFO  pipeline.RatisPipelineProvider (RatisPipelineProvider.java:lambda$create$0(206)) - Sending CreatePipelineCommand for pipeline:PipelineID=93296416-f019-4b8c-8f09-5cca57cb9ec4 to datanode:36feb706-8d2b-450d-bbd6-33af8c2d1a3d
2023-12-01 12:07:38,179 [RatisPipelineUtilsThread-0] INFO  pipeline.RatisPipelineProvider (RatisPipelineProvider.java:lambda$create$0(206)) - Sending CreatePipelineCommand for pipeline:PipelineID=93296416-f019-4b8c-8f09-5cca57cb9ec4 to datanode:76b9be1d-1bf0-4a28-acca-c5c2681cc872
2023-12-01 12:07:38,179 [RatisPipelineUtilsThread-0] INFO  pipeline.RatisPipelineProvider (RatisPipelineProvider.java:lambda$create$0(206)) - Sending CreatePipelineCommand for pipeline:PipelineID=93296416-f019-4b8c-8f09-5cca57cb9ec4 to datanode:af140fa9-d57b-4d38-ac23-ee5728971003
2023-12-01 12:07:38,180 [RatisPipelineUtilsThread-0] INFO  pipeline.BackgroundPipelineCreator (BackgroundPipelineCreator.java:createPipelines(236)) - Created new pipeline Pipeline[ Id: 93296416-f019-4b8c-8f09-5cca57cb9ec4, Nodes: 36feb706-8d2b-450d-bbd6-33af8c2d1a3d(fv-az1423-675.ei5rwdf52qxuxllzxeqjam05jd.ex.internal.cloudapp.net/10.1.0.24)76b9be1d-1bf0-4a28-acca-c5c2681cc872(fv-az1423-675.ei5rwdf52qxuxllzxeqjam05jd.ex.internal.cloudapp.net/10.1.0.24)af140fa9-d57b-4d38-ac23-ee5728971003(fv-az1423-675.ei5rwdf52qxuxllzxeqjam05jd.ex.internal.cloudapp.net/10.1.0.24), ReplicationConfig: RATIS/THREE, State:ALLOCATED, leaderId:, CreationTimestamp2023-12-01T12:07:38.178Z[Etc/UTC]]
2023-12-01 12:07:38,180 [RatisPipelineUtilsThread-0] INFO  pipeline.RatisPipelineProvider (RatisPipelineProvider.java:lambda$create$0(206)) - Sending CreatePipelineCommand for pipeline:PipelineID=a2c82dce-1b36-47d5-87c7-880852f89c4e to datanode:76b9be1d-1bf0-4a28-acca-c5c2681cc872
2023-12-01 12:07:38,180 [RatisPipelineUtilsThread-0] INFO  pipeline.RatisPipelineProvider (RatisPipelineProvider.java:lambda$create$0(206)) - Sending CreatePipelineCommand for pipeline:PipelineID=a2c82dce-1b36-47d5-87c7-880852f89c4e to datanode:36feb706-8d2b-450d-bbd6-33af8c2d1a3d
2023-12-01 12:07:38,180 [RatisPipelineUtilsThread-0] INFO  pipeline.RatisPipelineProvider (RatisPipelineProvider.java:lambda$create$0(206)) - Sending CreatePipelineCommand for pipeline:PipelineID=a2c82dce-1b36-47d5-87c7-880852f89c4e to datanode:af140fa9-d57b-4d38-ac23-ee5728971003
2023-12-01 12:07:38,181 [RatisPipelineUtilsThread-0] INFO  pipeline.PipelineManagerImpl (PipelineManagerImpl.java:recordMetricsForPipeline(916)) - Pipeline: PipelineID=a2c82dce-1b36-47d5-87c7-880852f89c4e contains same datanodes as previous pipelines: PipelineID=93296416-f019-4b8c-8f09-5cca57cb9ec4 nodeIds: 76b9be1d-1bf0-4a28-acca-c5c2681cc872, 36feb706-8d2b-450d-bbd6-33af8c2d1a3d, af140fa9-d57b-4d38-ac23-ee5728971003
2023-12-01 12:07:38,181 [RatisPipelineUtilsThread-0] INFO  pipeline.BackgroundPipelineCreator (BackgroundPipelineCreator.java:createPipelines(236)) - Created new pipeline Pipeline[ Id: a2c82dce-1b36-47d5-87c7-880852f89c4e, Nodes: 76b9be1d-1bf0-4a28-acca-c5c2681cc872(fv-az1423-675.ei5rwdf52qxuxllzxeqjam05jd.ex.internal.cloudapp.net/10.1.0.24)36feb706-8d2b-450d-bbd6-33af8c2d1a3d(fv-az1423-675.ei5rwdf52qxuxllzxeqjam05jd.ex.internal.cloudapp.net/10.1.0.24)af140fa9-d57b-4d38-ac23-ee5728971003(fv-az1423-675.ei5rwdf52qxuxllzxeqjam05jd.ex.internal.cloudapp.net/10.1.0.24), ReplicationConfig: RATIS/THREE, State:ALLOCATED, leaderId:, CreationTimestamp2023-12-01T12:07:38.180Z[Etc/UTC]]
2023-12-01 12:07:38,297 [IPC Server handler 6 on default port 15099] INFO  net.NetworkTopologyImpl (NetworkTopologyImpl.java:add(124)) - Added a new node: /default-rack/585524aa-0c42-40b1-8d18-f2722508c145
2023-12-01 12:07:38,297 [IPC Server handler 6 on default port 15099] INFO  node.SCMNodeManager (SCMNodeManager.java:register(405)) - Registered datanode: 585524aa-0c42-40b1-8d18-f2722508c145{ip: 10.1.0.24, host: fv-az1423-675.ei5rwdf52qxuxllzxeqjam05jd.ex.internal.cloudapp.net, ports: [HTTP=15133, CLIENT_RPC=15134, REPLICATION=15140, RATIS=15136, RATIS_ADMIN=15137, RATIS_SERVER=15138, RATIS_DATASTREAM=15139, STANDALONE=15135], networkLocation: /default-rack, certSerialId: null, persistedOpState: null, persistedOpStateExpiryEpochSec: 0}
2023-12-01 12:07:38,298 [EventQueue-NewNodeForNewNodeHandler] INFO  pipeline.BackgroundPipelineCreator (BackgroundPipelineCreator.java:notifyEventTriggered(280)) - trigger a one-shot run on RatisPipelineUtilsThread.
2023-12-01 12:07:38,428 [IPC Server handler 0 on default port 15099] INFO  net.NetworkTopologyImpl (NetworkTopologyImpl.java:add(124)) - Added a new node: /default-rack/0d726c29-49a1-421e-8ac7-200c2e9b483b
2023-12-01 12:07:38,428 [IPC Server handler 0 on default port 15099] INFO  node.SCMNodeManager (SCMNodeManager.java:register(405)) - Registered datanode: 0d726c29-49a1-421e-8ac7-200c2e9b483b{ip: 10.1.0.24, host: fv-az1423-675.ei5rwdf52qxuxllzxeqjam05jd.ex.internal.cloudapp.net, ports: [HTTP=15142, CLIENT_RPC=15143, REPLICATION=15149, RATIS=15145, RATIS_ADMIN=15146, RATIS_SERVER=15147, RATIS_DATASTREAM=15148, STANDALONE=15144], networkLocation: /default-rack, certSerialId: null, persistedOpState: null, persistedOpStateExpiryEpochSec: 0}
2023-12-01 12:07:38,429 [EventQueue-NewNodeForNewNodeHandler] INFO  pipeline.BackgroundPipelineCreator (BackgroundPipelineCreator.java:notifyEventTriggered(280)) - trigger a one-shot run on RatisPipelineUtilsThread.
2023-12-01 12:07:38,527 [main] INFO  ozone.MiniOzoneClusterImpl (MiniOzoneClusterImpl.java:lambda$waitForClusterToBeReady$0(229)) - Waiting for nodes to be ready. Got 5 of 6 DN Heartbeats.
2023-12-01 12:07:38,527 [main] INFO  ozone.MiniOzoneClusterImpl (MiniOzoneClusterImpl.java:lambda$waitForClusterToBeReady$0(232)) - Waiting for cluster to exit safe mode
2023-12-01 12:07:38,527 [IPC Server handler 1 on default port 15099] INFO  net.NetworkTopologyImpl (NetworkTopologyImpl.java:add(124)) - Added a new node: /default-rack/e22ca2c5-a776-4b7c-8aca-6a18d36008b3
2023-12-01 12:07:38,527 [main] INFO  ozone.MiniOzoneClusterImpl (MiniOzoneClusterImpl.java:lambda$waitForClusterToBeReady$0(234)) - SCM became leader
2023-12-01 12:07:38,527 [IPC Server handler 1 on default port 15099] INFO  node.SCMNodeManager (SCMNodeManager.java:register(405)) - Registered datanode: e22ca2c5-a776-4b7c-8aca-6a18d36008b3{ip: 10.1.0.24, host: fv-az1423-675.ei5rwdf52qxuxllzxeqjam05jd.ex.internal.cloudapp.net, ports: [HTTP=15151, CLIENT_RPC=15152, REPLICATION=15158, RATIS=15154, RATIS_ADMIN=15155, RATIS_SERVER=15156, RATIS_DATASTREAM=15157, STANDALONE=15153], networkLocation: /default-rack, certSerialId: null, persistedOpState: null, persistedOpStateExpiryEpochSec: 0}
2023-12-01 12:07:38,528 [EventQueue-NewNodeForNewNodeHandler] INFO  pipeline.BackgroundPipelineCreator (BackgroundPipelineCreator.java:notifyEventTriggered(280)) - trigger a one-shot run on RatisPipelineUtilsThread.
2023-12-01 12:07:38,528 [RatisPipelineUtilsThread-0] INFO  pipeline.RatisPipelineProvider (RatisPipelineProvider.java:lambda$create$0(206)) - Sending CreatePipelineCommand for pipeline:PipelineID=1568433a-9efd-469f-9dab-158753a7ac69 to datanode:e22ca2c5-a776-4b7c-8aca-6a18d36008b3
2023-12-01 12:07:38,528 [RatisPipelineUtilsThread-0] INFO  pipeline.RatisPipelineProvider (RatisPipelineProvider.java:lambda$create$0(206)) - Sending CreatePipelineCommand for pipeline:PipelineID=1568433a-9efd-469f-9dab-158753a7ac69 to datanode:585524aa-0c42-40b1-8d18-f2722508c145
2023-12-01 12:07:38,529 [RatisPipelineUtilsThread-0] INFO  pipeline.RatisPipelineProvider (RatisPipelineProvider.java:lambda$create$0(206)) - Sending CreatePipelineCommand for pipeline:PipelineID=1568433a-9efd-469f-9dab-158753a7ac69 to datanode:0d726c29-49a1-421e-8ac7-200c2e9b483b
2023-12-01 12:07:38,529 [RatisPipelineUtilsThread-0] INFO  pipeline.BackgroundPipelineCreator (BackgroundPipelineCreator.java:createPipelines(236)) - Created new pipeline Pipeline[ Id: 1568433a-9efd-469f-9dab-158753a7ac69, Nodes: e22ca2c5-a776-4b7c-8aca-6a18d36008b3(fv-az1423-675.ei5rwdf52qxuxllzxeqjam05jd.ex.internal.cloudapp.net/10.1.0.24)585524aa-0c42-40b1-8d18-f2722508c145(fv-az1423-675.ei5rwdf52qxuxllzxeqjam05jd.ex.internal.cloudapp.net/10.1.0.24)0d726c29-49a1-421e-8ac7-200c2e9b483b(fv-az1423-675.ei5rwdf52qxuxllzxeqjam05jd.ex.internal.cloudapp.net/10.1.0.24), ReplicationConfig: RATIS/THREE, State:ALLOCATED, leaderId:, CreationTimestamp2023-12-01T12:07:38.528Z[Etc/UTC]]
2023-12-01 12:07:38,530 [RatisPipelineUtilsThread-0] INFO  pipeline.RatisPipelineProvider (RatisPipelineProvider.java:lambda$create$0(206)) - Sending CreatePipelineCommand for pipeline:PipelineID=0e28a80f-65de-422d-85e8-84d970d8dd2e to datanode:585524aa-0c42-40b1-8d18-f2722508c145
2023-12-01 12:07:38,530 [RatisPipelineUtilsThread-0] INFO  pipeline.RatisPipelineProvider (RatisPipelineProvider.java:lambda$create$0(206)) - Sending CreatePipelineCommand for pipeline:PipelineID=0e28a80f-65de-422d-85e8-84d970d8dd2e to datanode:e22ca2c5-a776-4b7c-8aca-6a18d36008b3
2023-12-01 12:07:38,530 [RatisPipelineUtilsThread-0] INFO  pipeline.RatisPipelineProvider (RatisPipelineProvider.java:lambda$create$0(206)) - Sending CreatePipelineCommand for pipeline:PipelineID=0e28a80f-65de-422d-85e8-84d970d8dd2e to datanode:0d726c29-49a1-421e-8ac7-200c2e9b483b
2023-12-01 12:07:38,530 [RatisPipelineUtilsThread-0] INFO  pipeline.PipelineManagerImpl (PipelineManagerImpl.java:recordMetricsForPipeline(916)) - Pipeline: PipelineID=0e28a80f-65de-422d-85e8-84d970d8dd2e contains same datanodes as previous pipelines: PipelineID=1568433a-9efd-469f-9dab-158753a7ac69 nodeIds: 585524aa-0c42-40b1-8d18-f2722508c145, e22ca2c5-a776-4b7c-8aca-6a18d36008b3, 0d726c29-49a1-421e-8ac7-200c2e9b483b
2023-12-01 12:07:38,530 [RatisPipelineUtilsThread-0] INFO  pipeline.BackgroundPipelineCreator (BackgroundPipelineCreator.java:createPipelines(236)) - Created new pipeline Pipeline[ Id: 0e28a80f-65de-422d-85e8-84d970d8dd2e, Nodes: 585524aa-0c42-40b1-8d18-f2722508c145(fv-az1423-675.ei5rwdf52qxuxllzxeqjam05jd.ex.internal.cloudapp.net/10.1.0.24)e22ca2c5-a776-4b7c-8aca-6a18d36008b3(fv-az1423-675.ei5rwdf52qxuxllzxeqjam05jd.ex.internal.cloudapp.net/10.1.0.24)0d726c29-49a1-421e-8ac7-200c2e9b483b(fv-az1423-675.ei5rwdf52qxuxllzxeqjam05jd.ex.internal.cloudapp.net/10.1.0.24), ReplicationConfig: RATIS/THREE, State:ALLOCATED, leaderId:, CreationTimestamp2023-12-01T12:07:38.530Z[Etc/UTC]]
2023-12-01 12:07:39,528 [main] INFO  ozone.MiniOzoneClusterImpl (MiniOzoneClusterImpl.java:lambda$waitForClusterToBeReady$0(229)) - Nodes are ready. Got 6 of 6 DN Heartbeats.
2023-12-01 12:07:39,528 [main] INFO  ozone.MiniOzoneClusterImpl (MiniOzoneClusterImpl.java:lambda$waitForClusterToBeReady$0(232)) - Waiting for cluster to exit safe mode
2023-12-01 12:07:39,528 [main] INFO  ozone.MiniOzoneClusterImpl (MiniOzoneClusterImpl.java:lambda$waitForClusterToBeReady$0(234)) - SCM became leader
2023-12-01 12:07:40,528 [main] INFO  ozone.MiniOzoneClusterImpl (MiniOzoneClusterImpl.java:lambda$waitForClusterToBeReady$0(229)) - Nodes are ready. Got 6 of 6 DN Heartbeats.
2023-12-01 12:07:40,529 [main] INFO  ozone.MiniOzoneClusterImpl (MiniOzoneClusterImpl.java:lambda$waitForClusterToBeReady$0(232)) - Waiting for cluster to exit safe mode
2023-12-01 12:07:40,529 [main] INFO  ozone.MiniOzoneClusterImpl (MiniOzoneClusterImpl.java:lambda$waitForClusterToBeReady$0(234)) - SCM became leader
2023-12-01 12:07:40,979 [af140fa9-d57b-4d38-ac23-ee5728971003-PipelineCommandHandlerThread-0] INFO  server.RaftServer (RaftServerProxy.java:addNew(100)) - af140fa9-d57b-4d38-ac23-ee5728971003: addNew group-5CCA57CB9EC4:[76b9be1d-1bf0-4a28-acca-c5c2681cc872|10.1.0.24:15120, 36feb706-8d2b-450d-bbd6-33af8c2d1a3d|10.1.0.24:15129, af140fa9-d57b-4d38-ac23-ee5728971003|10.1.0.24:15111] returns group-5CCA57CB9EC4:java.util.concurrent.CompletableFuture@4926d3f5[Not completed]
2023-12-01 12:07:40,980 [af140fa9-d57b-4d38-ac23-ee5728971003-groupManagement] INFO  server.RaftServer$Division (RaftServerImpl.java:<init>(256)) - af140fa9-d57b-4d38-ac23-ee5728971003: new RaftServerImpl for group-5CCA57CB9EC4:[76b9be1d-1bf0-4a28-acca-c5c2681cc872|10.1.0.24:15120, 36feb706-8d2b-450d-bbd6-33af8c2d1a3d|10.1.0.24:15129, af140fa9-d57b-4d38-ac23-ee5728971003|10.1.0.24:15111] with ContainerStateMachine:uninitialized
2023-12-01 12:07:40,980 [af140fa9-d57b-4d38-ac23-ee5728971003-groupManagement] INFO  server.RaftServerConfigKeys (ConfUtils.java:logGet(46)) - raft.server.rpc.timeout.min = 5s (custom)
2023-12-01 12:07:40,980 [af140fa9-d57b-4d38-ac23-ee5728971003-groupManagement] INFO  server.RaftServerConfigKeys (ConfUtils.java:logGet(46)) - raft.server.rpc.timeout.max = 5200ms (custom)
2023-12-01 12:07:40,980 [af140fa9-d57b-4d38-ac23-ee5728971003-groupManagement] INFO  server.RaftServerConfigKeys (ConfUtils.java:logGet(46)) - raft.server.rpc.sleep.time = 25ms (default)
2023-12-01 12:07:40,980 [af140fa9-d57b-4d38-ac23-ee5728971003-groupManagement] INFO  server.RaftServerConfigKeys (ConfUtils.java:logGet(46)) - raft.server.rpc.slowness.timeout = 300s (custom)
2023-12-01 12:07:40,980 [af140fa9-d57b-4d38-ac23-ee5728971003-groupManagement] INFO  server.RaftServerConfigKeys (ConfUtils.java:logGet(46)) - raft.server.leaderelection.leader.step-down.wait-time = 10s (default)
2023-12-01 12:07:40,980 [af140fa9-d57b-4d38-ac23-ee5728971003-groupManagement] INFO  server.RaftServerConfigKeys (ConfUtils.java:logGet(46)) - raft.server.leaderelection.member.majority-add = false (default)
2023-12-01 12:07:40,980 [af140fa9-d57b-4d38-ac23-ee5728971003-groupManagement] INFO  server.RaftServerConfigKeys (ConfUtils.java:logGet(46)) - raft.server.sleep.deviation.threshold = 300ms (default)
2023-12-01 12:07:40,980 [af140fa9-d57b-4d38-ac23-ee5728971003-groupManagement] INFO  server.RaftServer$Division (ServerState.java:<init>(113)) - af140fa9-d57b-4d38-ac23-ee5728971003@group-5CCA57CB9EC4: ConfigurationManager, init=-1: peers:[76b9be1d-1bf0-4a28-acca-c5c2681cc872|10.1.0.24:15120, 36feb706-8d2b-450d-bbd6-33af8c2d1a3d|10.1.0.24:15129, af140fa9-d57b-4d38-ac23-ee5728971003|10.1.0.24:15111]|listeners:[], old=null, confs=<EMPTY_MAP>
2023-12-01 12:07:40,980 [af140fa9-d57b-4d38-ac23-ee5728971003-groupManagement] INFO  server.RaftServerConfigKeys (ConfUtils.java:logGet(46)) - raft.server.notification.no-leader.timeout = 300s (custom)
2023-12-01 12:07:40,980 [af140fa9-d57b-4d38-ac23-ee5728971003-groupManagement] INFO  server.RaftServerConfigKeys (ConfUtils.java:logGet(46)) - raft.server.read.timeout = 10s (default)
2023-12-01 12:07:40,981 [af140fa9-d57b-4d38-ac23-ee5728971003-groupManagement] INFO  server.RaftServerConfigKeys (ConfUtils.java:logGet(46)) - raft.server.retrycache.expirytime = 600000ms (custom)
2023-12-01 12:07:40,981 [af140fa9-d57b-4d38-ac23-ee5728971003-groupManagement] INFO  server.RaftServerConfigKeys (ConfUtils.java:logGet(46)) - raft.server.retrycache.statistics.expirytime = 100ms (default)
2023-12-01 12:07:40,981 [af140fa9-d57b-4d38-ac23-ee5728971003-groupManagement] INFO  server.RaftServerConfigKeys (ConfUtils.java:logGet(46)) - raft.server.read.option = DEFAULT (default)
2023-12-01 12:07:40,981 [af140fa9-d57b-4d38-ac23-ee5728971003-groupManagement] INFO  server.RaftServerConfigKeys (ConfUtils.java:logGet(46)) - raft.server.read.read-after-write-consistent.write-index-cache.expiry-time = 60s (default)
2023-12-01 12:07:40,982 [af140fa9-d57b-4d38-ac23-ee5728971003-groupManagement] INFO  server.RaftServerConfigKeys (ConfUtils.java:logGet(46)) - raft.server.rpc.request.timeout = 60s (custom)
2023-12-01 12:07:40,982 [af140fa9-d57b-4d38-ac23-ee5728971003-groupManagement] INFO  server.RaftServerConfigKeys (ConfUtils.java:logGet(46)) - raft.server.log.appender.install.snapshot.enabled = false (custom)
2023-12-01 12:07:40,982 [af140fa9-d57b-4d38-ac23-ee5728971003-groupManagement] INFO  server.RaftServerConfigKeys (ConfUtils.java:logGet(46)) - raft.server.threadpool.server.cached = true (default)
2023-12-01 12:07:40,982 [af140fa9-d57b-4d38-ac23-ee5728971003-groupManagement] INFO  server.RaftServerConfigKeys (ConfUtils.java:logGet(46)) - raft.server.threadpool.server.size = 0 (default)
2023-12-01 12:07:40,982 [af140fa9-d57b-4d38-ac23-ee5728971003-groupManagement] INFO  server.RaftServerConfigKeys (ConfUtils.java:logGet(46)) - raft.server.threadpool.client.cached = true (default)
2023-12-01 12:07:40,982 [af140fa9-d57b-4d38-ac23-ee5728971003-groupManagement] INFO  server.RaftServerConfigKeys (ConfUtils.java:logGet(46)) - raft.server.threadpool.client.size = 0 (default)
2023-12-01 12:07:40,982 [af140fa9-d57b-4d38-ac23-ee5728971003-groupManagement] INFO  server.RaftServerConfigKeys (ConfUtils.java:logGet(46)) - raft.server.storage.free-space.min = 0MB (=0) (default)
2023-12-01 12:07:40,982 [af140fa9-d57b-4d38-ac23-ee5728971003-groupManagement] INFO  server.RaftServerConfigKeys (ConfUtils.java:logGet(46)) - raft.server.log.corruption.policy = EXCEPTION (default)
2023-12-01 12:07:40,982 [af140fa9-d57b-4d38-ac23-ee5728971003-groupManagement] INFO  server.RaftServerConfigKeys (ConfUtils.java:logGet(46)) - raft.server.storage.dir = [/home/runner/work/ozone/ozone/hadoop-ozone/integration-test/target/test-dir/MiniOzoneClusterImpl-b249f779-13f2-4d94-9d49-8f38c7514c74/datanode-0/data/ratis] (custom)
2023-12-01 12:07:40,983 [af140fa9-d57b-4d38-ac23-ee5728971003-groupManagement] INFO  storage.RaftStorageDirectory (RaftStorageDirectoryImpl.java:analyzeStorage(138)) - The storage directory /home/runner/work/ozone/ozone/hadoop-ozone/integration-test/target/test-dir/MiniOzoneClusterImpl-b249f779-13f2-4d94-9d49-8f38c7514c74/datanode-0/data/ratis/93296416-f019-4b8c-8f09-5cca57cb9ec4 does not exist. Creating ...
2023-12-01 12:07:40,984 [af140fa9-d57b-4d38-ac23-ee5728971003-groupManagement] INFO  storage.RaftStorageDirectory (RaftStorageDirectoryImpl.java:tryLock(232)) - Lock on /home/runner/work/ozone/ozone/hadoop-ozone/integration-test/target/test-dir/MiniOzoneClusterImpl-b249f779-13f2-4d94-9d49-8f38c7514c74/datanode-0/data/ratis/93296416-f019-4b8c-8f09-5cca57cb9ec4/in_use.lock acquired by nodename 15370@fv-az1423-675
2023-12-01 12:07:40,984 [af140fa9-d57b-4d38-ac23-ee5728971003-groupManagement] INFO  storage.RaftStorage (RaftStorageImpl.java:format(97)) - Storage directory /home/runner/work/ozone/ozone/hadoop-ozone/integration-test/target/test-dir/MiniOzoneClusterImpl-b249f779-13f2-4d94-9d49-8f38c7514c74/datanode-0/data/ratis/93296416-f019-4b8c-8f09-5cca57cb9ec4 has been successfully formatted.
2023-12-01 12:07:40,985 [af140fa9-d57b-4d38-ac23-ee5728971003-groupManagement] INFO  ratis.ContainerStateMachine (ContainerStateMachine.java:loadSnapshot(269)) - group-5CCA57CB9EC4: The snapshot info is null. Setting the last applied indexto:(t:0, i:~)
2023-12-01 12:07:40,985 [af140fa9-d57b-4d38-ac23-ee5728971003-groupManagement] INFO  server.RaftServerConfigKeys (ConfUtils.java:logGet(46)) - raft.server.log.use.memory = false (default)
2023-12-01 12:07:40,985 [af140fa9-d57b-4d38-ac23-ee5728971003-groupManagement] INFO  server.RaftServerConfigKeys (ConfUtils.java:logGet(46)) - raft.server.log.purge.gap = 1000000 (custom)
2023-12-01 12:07:40,986 [af140fa9-d57b-4d38-ac23-ee5728971003-groupManagement] INFO  server.RaftServerConfigKeys (ConfUtils.java:logGet(46)) - raft.server.log.appender.buffer.byte-limit = 33554432 (custom)
2023-12-01 12:07:40,986 [af140fa9-d57b-4d38-ac23-ee5728971003-groupManagement] INFO  server.RaftServerConfigKeys (ConfUtils.java:logGet(46)) - raft.server.log.statemachine.data.read.timeout = 1000ms (default)
2023-12-01 12:07:40,986 [af140fa9-d57b-4d38-ac23-ee5728971003-groupManagement] INFO  server.RaftServerConfigKeys (ConfUtils.java:logGet(46)) - raft.server.log.purge.preservation.log.num = 0 (default)
2023-12-01 12:07:40,987 [af140fa9-d57b-4d38-ac23-ee5728971003-groupManagement] INFO  server.RaftServerConfigKeys (ConfUtils.java:logGet(46)) - raft.server.log.segment.size.max = 67108864 (custom)
2023-12-01 12:07:40,987 [af140fa9-d57b-4d38-ac23-ee5728971003-groupManagement] INFO  server.RaftServerConfigKeys (ConfUtils.java:logGet(46)) - raft.server.log.segment.cache.num.max = 2 (custom)
2023-12-01 12:07:40,987 [af140fa9-d57b-4d38-ac23-ee5728971003-groupManagement] INFO  server.RaftServerConfigKeys (ConfUtils.java:logGet(46)) - raft.server.log.segment.cache.size.max = 200MB (=209715200) (default)
2023-12-01 12:07:40,987 [af140fa9-d57b-4d38-ac23-ee5728971003-groupManagement] INFO  server.RaftServerConfigKeys (ConfUtils.java:logGet(46)) - raft.server.log.appender.buffer.byte-limit = 33554432 (custom)
2023-12-01 12:07:40,987 [af140fa9-d57b-4d38-ac23-ee5728971003-groupManagement] INFO  util.AwaitToRun (AwaitToRun.java:start(81)) - Thread[af140fa9-d57b-4d38-ac23-ee5728971003@group-5CCA57CB9EC4-cacheEviction-AwaitToRun,5,main] started
2023-12-01 12:07:40,987 [af140fa9-d57b-4d38-ac23-ee5728971003-groupManagement] INFO  segmented.SegmentedRaftLogWorker (SegmentedRaftLogWorker.java:<init>(184)) - new af140fa9-d57b-4d38-ac23-ee5728971003@group-5CCA57CB9EC4-SegmentedRaftLogWorker for RaftStorageImpl:Storage Directory /home/runner/work/ozone/ozone/hadoop-ozone/integration-test/target/test-dir/MiniOzoneClusterImpl-b249f779-13f2-4d94-9d49-8f38c7514c74/datanode-0/data/ratis/93296416-f019-4b8c-8f09-5cca57cb9ec4
2023-12-01 12:07:40,987 [af140fa9-d57b-4d38-ac23-ee5728971003-groupManagement] INFO  server.RaftServerConfigKeys (ConfUtils.java:logGet(46)) - raft.server.log.queue.byte-limit = 4294967296 (custom)
2023-12-01 12:07:40,988 [af140fa9-d57b-4d38-ac23-ee5728971003-groupManagement] INFO  server.RaftServerConfigKeys (ConfUtils.java:logGet(46)) - raft.server.log.queue.element-limit = 1024 (custom)
2023-12-01 12:07:40,988 [af140fa9-d57b-4d38-ac23-ee5728971003-groupManagement] INFO  server.RaftServerConfigKeys (ConfUtils.java:logGet(46)) - raft.server.log.segment.size.max = 67108864 (custom)
2023-12-01 12:07:40,988 [af140fa9-d57b-4d38-ac23-ee5728971003-groupManagement] INFO  server.RaftServerConfigKeys (ConfUtils.java:logGet(46)) - raft.server.log.preallocated.size = 4194304 (custom)
2023-12-01 12:07:40,988 [af140fa9-d57b-4d38-ac23-ee5728971003-groupManagement] INFO  server.RaftServerConfigKeys (ConfUtils.java:logGet(46)) - raft.server.log.force.sync.num = 128 (default)
2023-12-01 12:07:40,988 [af140fa9-d57b-4d38-ac23-ee5728971003-groupManagement] INFO  server.RaftServerConfigKeys (ConfUtils.java:logGet(46)) - raft.server.log.statemachine.data.sync = true (default)
2023-12-01 12:07:40,988 [af140fa9-d57b-4d38-ac23-ee5728971003-groupManagement] INFO  server.RaftServerConfigKeys (ConfUtils.java:logGet(46)) - raft.server.log.statemachine.data.sync.timeout = 10s (default)
2023-12-01 12:07:40,988 [af140fa9-d57b-4d38-ac23-ee5728971003-groupManagement] INFO  server.RaftServerConfigKeys (ConfUtils.java:logGet(46)) - raft.server.log.statemachine.data.sync.timeout.retry = -1 (default)
2023-12-01 12:07:40,988 [af140fa9-d57b-4d38-ac23-ee5728971003-groupManagement] INFO  server.RaftServerConfigKeys (ConfUtils.java:logGet(46)) - raft.server.log.write.buffer.size = 2097152 (custom)
2023-12-01 12:07:40,989 [af140fa9-d57b-4d38-ac23-ee5728971003-groupManagement] INFO  server.RaftServerConfigKeys (ConfUtils.java:logGet(46)) - raft.server.log.appender.buffer.byte-limit = 33554432 (custom)
2023-12-01 12:07:40,990 [af140fa9-d57b-4d38-ac23-ee5728971003-groupManagement] INFO  server.RaftServerConfigKeys (ConfUtils.java:logGet(46)) - raft.server.log.unsafe-flush.enabled = false (default)
2023-12-01 12:07:40,990 [af140fa9-d57b-4d38-ac23-ee5728971003-groupManagement] INFO  server.RaftServerConfigKeys (ConfUtils.java:logGet(46)) - raft.server.log.async-flush.enabled = false (default)
2023-12-01 12:07:40,990 [af140fa9-d57b-4d38-ac23-ee5728971003-groupManagement] INFO  server.RaftServerConfigKeys (ConfUtils.java:logGet(46)) - raft.server.log.statemachine.data.caching.enabled = true (custom)
2023-12-01 12:07:40,990 [af140fa9-d57b-4d38-ac23-ee5728971003-groupManagement] INFO  segmented.SegmentedRaftLogWorker (SegmentedRaftLogWorker.java:lambda$new$0(135)) - af140fa9-d57b-4d38-ac23-ee5728971003@group-5CCA57CB9EC4-SegmentedRaftLogWorker: flushIndex: setUnconditionally 0 -> -1
2023-12-01 12:07:40,990 [af140fa9-d57b-4d38-ac23-ee5728971003-groupManagement] INFO  segmented.SegmentedRaftLogWorker (SegmentedRaftLogWorker.java:lambda$new$0(135)) - af140fa9-d57b-4d38-ac23-ee5728971003@group-5CCA57CB9EC4-SegmentedRaftLogWorker: safeCacheEvictIndex: setUnconditionally 0 -> -1
2023-12-01 12:07:40,990 [af140fa9-d57b-4d38-ac23-ee5728971003-groupManagement] INFO  server.RaftServer$Division (RaftServerImpl.java:start(392)) - af140fa9-d57b-4d38-ac23-ee5728971003@group-5CCA57CB9EC4: start as a follower, conf=-1: peers:[76b9be1d-1bf0-4a28-acca-c5c2681cc872|10.1.0.24:15120, 36feb706-8d2b-450d-bbd6-33af8c2d1a3d|10.1.0.24:15129, af140fa9-d57b-4d38-ac23-ee5728971003|10.1.0.24:15111]|listeners:[], old=null
2023-12-01 12:07:40,991 [af140fa9-d57b-4d38-ac23-ee5728971003-groupManagement] INFO  server.RaftServer$Division (RaftServerImpl.java:setRole(379)) - af140fa9-d57b-4d38-ac23-ee5728971003@group-5CCA57CB9EC4: changes role from      null to FOLLOWER at term 0 for startAsFollower
2023-12-01 12:07:40,991 [af140fa9-d57b-4d38-ac23-ee5728971003-groupManagement] INFO  impl.RoleInfo (RoleInfo.java:updateAndGet(139)) - af140fa9-d57b-4d38-ac23-ee5728971003: start af140fa9-d57b-4d38-ac23-ee5728971003@group-5CCA57CB9EC4-FollowerState
2023-12-01 12:07:40,991 [af140fa9-d57b-4d38-ac23-ee5728971003@group-5CCA57CB9EC4-FollowerState] INFO  server.RaftServerConfigKeys (ConfUtils.java:logFallback(53)) - raft.server.rpc.first-election.timeout.min = 5s (fallback to raft.server.rpc.timeout.min)
2023-12-01 12:07:40,991 [af140fa9-d57b-4d38-ac23-ee5728971003-groupManagement] INFO  util.JmxRegister (JmxRegister.java:tryRegister(44)) - Successfully registered JMX Bean with object name Ratis:service=RaftServer,group=group-5CCA57CB9EC4,id=af140fa9-d57b-4d38-ac23-ee5728971003
2023-12-01 12:07:40,991 [af140fa9-d57b-4d38-ac23-ee5728971003@group-5CCA57CB9EC4-FollowerState] INFO  server.RaftServerConfigKeys (ConfUtils.java:logFallback(53)) - raft.server.rpc.first-election.timeout.max = 5200ms (fallback to raft.server.rpc.timeout.max)
2023-12-01 12:07:40,991 [af140fa9-d57b-4d38-ac23-ee5728971003-groupManagement] INFO  server.RaftServerConfigKeys (ConfUtils.java:logGet(46)) - raft.server.snapshot.trigger-when-stop.enabled = true (default)
2023-12-01 12:07:40,991 [af140fa9-d57b-4d38-ac23-ee5728971003-groupManagement] INFO  server.RaftServerConfigKeys (ConfUtils.java:logGet(46)) - raft.server.snapshot.auto.trigger.enabled = true (custom)
2023-12-01 12:07:40,991 [af140fa9-d57b-4d38-ac23-ee5728971003-groupManagement] INFO  server.RaftServerConfigKeys (ConfUtils.java:logGet(46)) - raft.server.snapshot.auto.trigger.threshold = 10000 (custom)
2023-12-01 12:07:40,991 [af140fa9-d57b-4d38-ac23-ee5728971003-groupManagement] INFO  server.RaftServerConfigKeys (ConfUtils.java:logGet(46)) - raft.server.snapshot.retention.file.num = 5 (custom)
2023-12-01 12:07:40,991 [af140fa9-d57b-4d38-ac23-ee5728971003-groupManagement] INFO  server.RaftServerConfigKeys (ConfUtils.java:logGet(46)) - raft.server.log.purge.upto.snapshot.index = false (default)
2023-12-01 12:07:40,992 [af140fa9-d57b-4d38-ac23-ee5728971003-PipelineCommandHandlerThread-0] INFO  ratis.XceiverServerRatis (XceiverServerRatis.java:addGroup(814)) - Created group PipelineID=93296416-f019-4b8c-8f09-5cca57cb9ec4
2023-12-01 12:07:41,001 [grpc-default-executor-0] INFO  server.RaftServer (RaftServerProxy.java:addNew(100)) - 36feb706-8d2b-450d-bbd6-33af8c2d1a3d: addNew group-5CCA57CB9EC4:[76b9be1d-1bf0-4a28-acca-c5c2681cc872|10.1.0.24:15120, 36feb706-8d2b-450d-bbd6-33af8c2d1a3d|10.1.0.24:15129, af140fa9-d57b-4d38-ac23-ee5728971003|10.1.0.24:15111] returns group-5CCA57CB9EC4:java.util.concurrent.CompletableFuture@2c47f9db[Not completed]
2023-12-01 12:07:41,001 [36feb706-8d2b-450d-bbd6-33af8c2d1a3d-groupManagement] INFO  server.RaftServer$Division (RaftServerImpl.java:<init>(256)) - 36feb706-8d2b-450d-bbd6-33af8c2d1a3d: new RaftServerImpl for group-5CCA57CB9EC4:[76b9be1d-1bf0-4a28-acca-c5c2681cc872|10.1.0.24:15120, 36feb706-8d2b-450d-bbd6-33af8c2d1a3d|10.1.0.24:15129, af140fa9-d57b-4d38-ac23-ee5728971003|10.1.0.24:15111] with ContainerStateMachine:uninitialized
2023-12-01 12:07:41,002 [36feb706-8d2b-450d-bbd6-33af8c2d1a3d-groupManagement] INFO  server.RaftServerConfigKeys (ConfUtils.java:logGet(46)) - raft.server.rpc.timeout.min = 5s (custom)
2023-12-01 12:07:41,002 [36feb706-8d2b-450d-bbd6-33af8c2d1a3d-groupManagement] INFO  server.RaftServerConfigKeys (ConfUtils.java:logGet(46)) - raft.server.rpc.timeout.max = 5200ms (custom)
2023-12-01 12:07:41,002 [36feb706-8d2b-450d-bbd6-33af8c2d1a3d-groupManagement] INFO  server.RaftServerConfigKeys (ConfUtils.java:logGet(46)) - raft.server.rpc.sleep.time = 25ms (default)
2023-12-01 12:07:41,002 [36feb706-8d2b-450d-bbd6-33af8c2d1a3d-groupManagement] INFO  server.RaftServerConfigKeys (ConfUtils.java:logGet(46)) - raft.server.rpc.slowness.timeout = 300s (custom)
2023-12-01 12:07:41,002 [36feb706-8d2b-450d-bbd6-33af8c2d1a3d-groupManagement] INFO  server.RaftServerConfigKeys (ConfUtils.java:logGet(46)) - raft.server.leaderelection.leader.step-down.wait-time = 10s (default)
2023-12-01 12:07:41,002 [36feb706-8d2b-450d-bbd6-33af8c2d1a3d-groupManagement] INFO  server.RaftServerConfigKeys (ConfUtils.java:logGet(46)) - raft.server.leaderelection.member.majority-add = false (default)
2023-12-01 12:07:41,002 [36feb706-8d2b-450d-bbd6-33af8c2d1a3d-groupManagement] INFO  server.RaftServerConfigKeys (ConfUtils.java:logGet(46)) - raft.server.sleep.deviation.threshold = 300ms (default)
2023-12-01 12:07:41,002 [36feb706-8d2b-450d-bbd6-33af8c2d1a3d-groupManagement] INFO  server.RaftServer$Division (ServerState.java:<init>(113)) - 36feb706-8d2b-450d-bbd6-33af8c2d1a3d@group-5CCA57CB9EC4: ConfigurationManager, init=-1: peers:[76b9be1d-1bf0-4a28-acca-c5c2681cc872|10.1.0.24:15120, 36feb706-8d2b-450d-bbd6-33af8c2d1a3d|10.1.0.24:15129, af140fa9-d57b-4d38-ac23-ee5728971003|10.1.0.24:15111]|listeners:[], old=null, confs=<EMPTY_MAP>
2023-12-01 12:07:41,002 [36feb706-8d2b-450d-bbd6-33af8c2d1a3d-groupManagement] INFO  server.RaftServerConfigKeys (ConfUtils.java:logGet(46)) - raft.server.notification.no-leader.timeout = 300s (custom)
2023-12-01 12:07:41,002 [36feb706-8d2b-450d-bbd6-33af8c2d1a3d-groupManagement] INFO  server.RaftServerConfigKeys (ConfUtils.java:logGet(46)) - raft.server.read.timeout = 10s (default)
2023-12-01 12:07:41,002 [36feb706-8d2b-450d-bbd6-33af8c2d1a3d-groupManagement] INFO  server.RaftServerConfigKeys (ConfUtils.java:logGet(46)) - raft.server.retrycache.expirytime = 600000ms (custom)
2023-12-01 12:07:41,002 [36feb706-8d2b-450d-bbd6-33af8c2d1a3d-groupManagement] INFO  server.RaftServerConfigKeys (ConfUtils.java:logGet(46)) - raft.server.retrycache.statistics.expirytime = 100ms (default)
2023-12-01 12:07:41,002 [36feb706-8d2b-450d-bbd6-33af8c2d1a3d-groupManagement] INFO  server.RaftServerConfigKeys (ConfUtils.java:logGet(46)) - raft.server.read.option = DEFAULT (default)
2023-12-01 12:07:41,002 [36feb706-8d2b-450d-bbd6-33af8c2d1a3d-groupManagement] INFO  server.RaftServerConfigKeys (ConfUtils.java:logGet(46)) - raft.server.read.read-after-write-consistent.write-index-cache.expiry-time = 60s (default)
2023-12-01 12:07:41,004 [36feb706-8d2b-450d-bbd6-33af8c2d1a3d-groupManagement] INFO  server.RaftServerConfigKeys (ConfUtils.java:logGet(46)) - raft.server.rpc.request.timeout = 60s (custom)
2023-12-01 12:07:41,004 [36feb706-8d2b-450d-bbd6-33af8c2d1a3d-groupManagement] INFO  server.RaftServerConfigKeys (ConfUtils.java:logGet(46)) - raft.server.log.appender.install.snapshot.enabled = false (custom)
2023-12-01 12:07:41,004 [36feb706-8d2b-450d-bbd6-33af8c2d1a3d-groupManagement] INFO  server.RaftServerConfigKeys (ConfUtils.java:logGet(46)) - raft.server.threadpool.server.cached = true (default)
2023-12-01 12:07:41,004 [36feb706-8d2b-450d-bbd6-33af8c2d1a3d-groupManagement] INFO  server.RaftServerConfigKeys (ConfUtils.java:logGet(46)) - raft.server.threadpool.server.size = 0 (default)
2023-12-01 12:07:41,004 [36feb706-8d2b-450d-bbd6-33af8c2d1a3d-groupManagement] INFO  server.RaftServerConfigKeys (ConfUtils.java:logGet(46)) - raft.server.threadpool.client.cached = true (default)
2023-12-01 12:07:41,004 [36feb706-8d2b-450d-bbd6-33af8c2d1a3d-groupManagement] INFO  server.RaftServerConfigKeys (ConfUtils.java:logGet(46)) - raft.server.threadpool.client.size = 0 (default)
2023-12-01 12:07:41,004 [36feb706-8d2b-450d-bbd6-33af8c2d1a3d-groupManagement] INFO  server.RaftServerConfigKeys (ConfUtils.java:logGet(46)) - raft.server.storage.free-space.min = 0MB (=0) (default)
2023-12-01 12:07:41,004 [36feb706-8d2b-450d-bbd6-33af8c2d1a3d-groupManagement] INFO  server.RaftServerConfigKeys (ConfUtils.java:logGet(46)) - raft.server.log.corruption.policy = EXCEPTION (default)
2023-12-01 12:07:41,004 [36feb706-8d2b-450d-bbd6-33af8c2d1a3d-groupManagement] INFO  server.RaftServerConfigKeys (ConfUtils.java:logGet(46)) - raft.server.storage.dir = [/home/runner/work/ozone/ozone/hadoop-ozone/integration-test/target/test-dir/MiniOzoneClusterImpl-b249f779-13f2-4d94-9d49-8f38c7514c74/datanode-2/data/ratis] (custom)
2023-12-01 12:07:41,005 [36feb706-8d2b-450d-bbd6-33af8c2d1a3d-groupManagement] INFO  storage.RaftStorageDirectory (RaftStorageDirectoryImpl.java:analyzeStorage(138)) - The storage directory /home/runner/work/ozone/ozone/hadoop-ozone/integration-test/target/test-dir/MiniOzoneClusterImpl-b249f779-13f2-4d94-9d49-8f38c7514c74/datanode-2/data/ratis/93296416-f019-4b8c-8f09-5cca57cb9ec4 does not exist. Creating ...
2023-12-01 12:07:41,006 [36feb706-8d2b-450d-bbd6-33af8c2d1a3d-groupManagement] INFO  storage.RaftStorageDirectory (RaftStorageDirectoryImpl.java:tryLock(232)) - Lock on /home/runner/work/ozone/ozone/hadoop-ozone/integration-test/target/test-dir/MiniOzoneClusterImpl-b249f779-13f2-4d94-9d49-8f38c7514c74/datanode-2/data/ratis/93296416-f019-4b8c-8f09-5cca57cb9ec4/in_use.lock acquired by nodename 15370@fv-az1423-675
2023-12-01 12:07:41,009 [36feb706-8d2b-450d-bbd6-33af8c2d1a3d-groupManagement] INFO  storage.RaftStorage (RaftStorageImpl.java:format(97)) - Storage directory /home/runner/work/ozone/ozone/hadoop-ozone/integration-test/target/test-dir/MiniOzoneClusterImpl-b249f779-13f2-4d94-9d49-8f38c7514c74/datanode-2/data/ratis/93296416-f019-4b8c-8f09-5cca57cb9ec4 has been successfully formatted.
2023-12-01 12:07:41,011 [36feb706-8d2b-450d-bbd6-33af8c2d1a3d-groupManagement] INFO  ratis.ContainerStateMachine (ContainerStateMachine.java:loadSnapshot(269)) - group-5CCA57CB9EC4: The snapshot info is null. Setting the last applied indexto:(t:0, i:~)
2023-12-01 12:07:41,011 [36feb706-8d2b-450d-bbd6-33af8c2d1a3d-groupManagement] INFO  server.RaftServerConfigKeys (ConfUtils.java:logGet(46)) - raft.server.log.use.memory = false (default)
2023-12-01 12:07:41,011 [36feb706-8d2b-450d-bbd6-33af8c2d1a3d-groupManagement] INFO  server.RaftServerConfigKeys (ConfUtils.java:logGet(46)) - raft.server.log.purge.gap = 1000000 (custom)
2023-12-01 12:07:41,011 [36feb706-8d2b-450d-bbd6-33af8c2d1a3d-groupManagement] INFO  server.RaftServerConfigKeys (ConfUtils.java:logGet(46)) - raft.server.log.appender.buffer.byte-limit = 33554432 (custom)
2023-12-01 12:07:41,012 [36feb706-8d2b-450d-bbd6-33af8c2d1a3d-groupManagement] INFO  server.RaftServerConfigKeys (ConfUtils.java:logGet(46)) - raft.server.log.statemachine.data.read.timeout = 1000ms (default)
2023-12-01 12:07:41,012 [36feb706-8d2b-450d-bbd6-33af8c2d1a3d-groupManagement] INFO  server.RaftServerConfigKeys (ConfUtils.java:logGet(46)) - raft.server.log.purge.preservation.log.num = 0 (default)
2023-12-01 12:07:41,013 [36feb706-8d2b-450d-bbd6-33af8c2d1a3d-groupManagement] INFO  server.RaftServerConfigKeys (ConfUtils.java:logGet(46)) - raft.server.log.segment.size.max = 67108864 (custom)
2023-12-01 12:07:41,013 [36feb706-8d2b-450d-bbd6-33af8c2d1a3d-groupManagement] INFO  server.RaftServerConfigKeys (ConfUtils.java:logGet(46)) - raft.server.log.segment.cache.num.max = 2 (custom)
2023-12-01 12:07:41,013 [36feb706-8d2b-450d-bbd6-33af8c2d1a3d-groupManagement] INFO  server.RaftServerConfigKeys (ConfUtils.java:logGet(46)) - raft.server.log.segment.cache.size.max = 200MB (=209715200) (default)
2023-12-01 12:07:41,013 [36feb706-8d2b-450d-bbd6-33af8c2d1a3d-groupManagement] INFO  server.RaftServerConfigKeys (ConfUtils.java:logGet(46)) - raft.server.log.appender.buffer.byte-limit = 33554432 (custom)
2023-12-01 12:07:41,013 [36feb706-8d2b-450d-bbd6-33af8c2d1a3d-groupManagement] INFO  util.AwaitToRun (AwaitToRun.java:start(81)) - Thread[36feb706-8d2b-450d-bbd6-33af8c2d1a3d@group-5CCA57CB9EC4-cacheEviction-AwaitToRun,5,main] started
2023-12-01 12:07:41,014 [36feb706-8d2b-450d-bbd6-33af8c2d1a3d-groupManagement] INFO  segmented.SegmentedRaftLogWorker (SegmentedRaftLogWorker.java:<init>(184)) - new 36feb706-8d2b-450d-bbd6-33af8c2d1a3d@group-5CCA57CB9EC4-SegmentedRaftLogWorker for RaftStorageImpl:Storage Directory /home/runner/work/ozone/ozone/hadoop-ozone/integration-test/target/test-dir/MiniOzoneClusterImpl-b249f779-13f2-4d94-9d49-8f38c7514c74/datanode-2/data/ratis/93296416-f019-4b8c-8f09-5cca57cb9ec4
2023-12-01 12:07:41,014 [36feb706-8d2b-450d-bbd6-33af8c2d1a3d-groupManagement] INFO  server.RaftServerConfigKeys (ConfUtils.java:logGet(46)) - raft.server.log.queue.byte-limit = 4294967296 (custom)
2023-12-01 12:07:41,014 [36feb706-8d2b-450d-bbd6-33af8c2d1a3d-groupManagement] INFO  server.RaftServerConfigKeys (ConfUtils.java:logGet(46)) - raft.server.log.queue.element-limit = 1024 (custom)
2023-12-01 12:07:41,014 [36feb706-8d2b-450d-bbd6-33af8c2d1a3d-groupManagement] INFO  server.RaftServerConfigKeys (ConfUtils.java:logGet(46)) - raft.server.log.segment.size.max = 67108864 (custom)
2023-12-01 12:07:41,014 [36feb706-8d2b-450d-bbd6-33af8c2d1a3d-groupManagement] INFO  server.RaftServerConfigKeys (ConfUtils.java:logGet(46)) - raft.server.log.preallocated.size = 4194304 (custom)
2023-12-01 12:07:41,014 [36feb706-8d2b-450d-bbd6-33af8c2d1a3d-groupManagement] INFO  server.RaftServerConfigKeys (ConfUtils.java:logGet(46)) - raft.server.log.force.sync.num = 128 (default)
2023-12-01 12:07:41,014 [36feb706-8d2b-450d-bbd6-33af8c2d1a3d-groupManagement] INFO  server.RaftServerConfigKeys (ConfUtils.java:logGet(46)) - raft.server.log.statemachine.data.sync = true (default)
2023-12-01 12:07:41,014 [36feb706-8d2b-450d-bbd6-33af8c2d1a3d-groupManagement] INFO  server.RaftServerConfigKeys (ConfUtils.java:logGet(46)) - raft.server.log.statemachine.data.sync.timeout = 10s (default)
2023-12-01 12:07:41,014 [36feb706-8d2b-450d-bbd6-33af8c2d1a3d-groupManagement] INFO  server.RaftServerConfigKeys (ConfUtils.java:logGet(46)) - raft.server.log.statemachine.data.sync.timeout.retry = -1 (default)
2023-12-01 12:07:41,014 [36feb706-8d2b-450d-bbd6-33af8c2d1a3d-groupManagement] INFO  server.RaftServerConfigKeys (ConfUtils.java:logGet(46)) - raft.server.log.write.buffer.size = 2097152 (custom)
2023-12-01 12:07:41,015 [36feb706-8d2b-450d-bbd6-33af8c2d1a3d-groupManagement] INFO  server.RaftServerConfigKeys (ConfUtils.java:logGet(46)) - raft.server.log.appender.buffer.byte-limit = 33554432 (custom)
2023-12-01 12:07:41,017 [36feb706-8d2b-450d-bbd6-33af8c2d1a3d-groupManagement] INFO  server.RaftServerConfigKeys (ConfUtils.java:logGet(46)) - raft.server.log.unsafe-flush.enabled = false (default)
2023-12-01 12:07:41,017 [36feb706-8d2b-450d-bbd6-33af8c2d1a3d-groupManagement] INFO  server.RaftServerConfigKeys (ConfUtils.java:logGet(46)) - raft.server.log.async-flush.enabled = false (default)
2023-12-01 12:07:41,017 [36feb706-8d2b-450d-bbd6-33af8c2d1a3d-groupManagement] INFO  server.RaftServerConfigKeys (ConfUtils.java:logGet(46)) - raft.server.log.statemachine.data.caching.enabled = true (custom)
2023-12-01 12:07:41,017 [36feb706-8d2b-450d-bbd6-33af8c2d1a3d-groupManagement] INFO  segmented.SegmentedRaftLogWorker (SegmentedRaftLogWorker.java:lambda$new$0(135)) - 36feb706-8d2b-450d-bbd6-33af8c2d1a3d@group-5CCA57CB9EC4-SegmentedRaftLogWorker: flushIndex: setUnconditionally 0 -> -1
2023-12-01 12:07:41,017 [36feb706-8d2b-450d-bbd6-33af8c2d1a3d-groupManagement] INFO  segmented.SegmentedRaftLogWorker (SegmentedRaftLogWorker.java:lambda$new$0(135)) - 36feb706-8d2b-450d-bbd6-33af8c2d1a3d@group-5CCA57CB9EC4-SegmentedRaftLogWorker: safeCacheEvictIndex: setUnconditionally 0 -> -1
2023-12-01 12:07:41,020 [36feb706-8d2b-450d-bbd6-33af8c2d1a3d-groupManagement] INFO  server.RaftServer$Division (RaftServerImpl.java:start(392)) - 36feb706-8d2b-450d-bbd6-33af8c2d1a3d@group-5CCA57CB9EC4: start as a follower, conf=-1: peers:[76b9be1d-1bf0-4a28-acca-c5c2681cc872|10.1.0.24:15120, 36feb706-8d2b-450d-bbd6-33af8c2d1a3d|10.1.0.24:15129, af140fa9-d57b-4d38-ac23-ee5728971003|10.1.0.24:15111]|listeners:[], old=null
2023-12-01 12:07:41,020 [36feb706-8d2b-450d-bbd6-33af8c2d1a3d-groupManagement] INFO  server.RaftServer$Division (RaftServerImpl.java:setRole(379)) - 36feb706-8d2b-450d-bbd6-33af8c2d1a3d@group-5CCA57CB9EC4: changes role from      null to FOLLOWER at term 0 for startAsFollower
2023-12-01 12:07:41,020 [36feb706-8d2b-450d-bbd6-33af8c2d1a3d-groupManagement] INFO  impl.RoleInfo (RoleInfo.java:updateAndGet(139)) - 36feb706-8d2b-450d-bbd6-33af8c2d1a3d: start 36feb706-8d2b-450d-bbd6-33af8c2d1a3d@group-5CCA57CB9EC4-FollowerState
2023-12-01 12:07:41,020 [36feb706-8d2b-450d-bbd6-33af8c2d1a3d@group-5CCA57CB9EC4-FollowerState] INFO  server.RaftServerConfigKeys (ConfUtils.java:logFallback(53)) - raft.server.rpc.first-election.timeout.min = 5s (fallback to raft.server.rpc.timeout.min)
2023-12-01 12:07:41,020 [36feb706-8d2b-450d-bbd6-33af8c2d1a3d-groupManagement] INFO  util.JmxRegister (JmxRegister.java:tryRegister(44)) - Successfully registered JMX Bean with object name Ratis:service=RaftServer,group=group-5CCA57CB9EC4,id=36feb706-8d2b-450d-bbd6-33af8c2d1a3d
2023-12-01 12:07:41,020 [36feb706-8d2b-450d-bbd6-33af8c2d1a3d@group-5CCA57CB9EC4-FollowerState] INFO  server.RaftServerConfigKeys (ConfUtils.java:logFallback(53)) - raft.server.rpc.first-election.timeout.max = 5200ms (fallback to raft.server.rpc.timeout.max)
2023-12-01 12:07:41,020 [36feb706-8d2b-450d-bbd6-33af8c2d1a3d-groupManagement] INFO  server.RaftServerConfigKeys (ConfUtils.java:logGet(46)) - raft.server.snapshot.trigger-when-stop.enabled = true (default)
2023-12-01 12:07:41,020 [36feb706-8d2b-450d-bbd6-33af8c2d1a3d-groupManagement] INFO  server.RaftServerConfigKeys (ConfUtils.java:logGet(46)) - raft.server.snapshot.auto.trigger.enabled = true (custom)
2023-12-01 12:07:41,020 [36feb706-8d2b-450d-bbd6-33af8c2d1a3d-groupManagement] INFO  server.RaftServerConfigKeys (ConfUtils.java:logGet(46)) - raft.server.snapshot.auto.trigger.threshold = 10000 (custom)
2023-12-01 12:07:41,020 [36feb706-8d2b-450d-bbd6-33af8c2d1a3d-groupManagement] INFO  server.RaftServerConfigKeys (ConfUtils.java:logGet(46)) - raft.server.snapshot.retention.file.num = 5 (custom)
2023-12-01 12:07:41,020 [36feb706-8d2b-450d-bbd6-33af8c2d1a3d-groupManagement] INFO  server.RaftServerConfigKeys (ConfUtils.java:logGet(46)) - raft.server.log.purge.upto.snapshot.index = false (default)
2023-12-01 12:07:41,038 [grpc-default-executor-0] INFO  server.RaftServer (RaftServerProxy.java:addNew(100)) - 76b9be1d-1bf0-4a28-acca-c5c2681cc872: addNew group-5CCA57CB9EC4:[76b9be1d-1bf0-4a28-acca-c5c2681cc872|10.1.0.24:15120, 36feb706-8d2b-450d-bbd6-33af8c2d1a3d|10.1.0.24:15129, af140fa9-d57b-4d38-ac23-ee5728971003|10.1.0.24:15111] returns group-5CCA57CB9EC4:java.util.concurrent.CompletableFuture@61677da6[Not completed]
2023-12-01 12:07:41,039 [76b9be1d-1bf0-4a28-acca-c5c2681cc872-groupManagement] INFO  server.RaftServer$Division (RaftServerImpl.java:<init>(256)) - 76b9be1d-1bf0-4a28-acca-c5c2681cc872: new RaftServerImpl for group-5CCA57CB9EC4:[76b9be1d-1bf0-4a28-acca-c5c2681cc872|10.1.0.24:15120, 36feb706-8d2b-450d-bbd6-33af8c2d1a3d|10.1.0.24:15129, af140fa9-d57b-4d38-ac23-ee5728971003|10.1.0.24:15111] with ContainerStateMachine:uninitialized
2023-12-01 12:07:41,039 [76b9be1d-1bf0-4a28-acca-c5c2681cc872-groupManagement] INFO  server.RaftServerConfigKeys (ConfUtils.java:logGet(46)) - raft.server.rpc.timeout.min = 5s (custom)
2023-12-01 12:07:41,040 [76b9be1d-1bf0-4a28-acca-c5c2681cc872-groupManagement] INFO  server.RaftServerConfigKeys (ConfUtils.java:logGet(46)) - raft.server.rpc.timeout.max = 5200ms (custom)
2023-12-01 12:07:41,040 [76b9be1d-1bf0-4a28-acca-c5c2681cc872-groupManagement] INFO  server.RaftServerConfigKeys (ConfUtils.java:logGet(46)) - raft.server.rpc.sleep.time = 25ms (default)
2023-12-01 12:07:41,040 [76b9be1d-1bf0-4a28-acca-c5c2681cc872-groupManagement] INFO  server.RaftServerConfigKeys (ConfUtils.java:logGet(46)) - raft.server.rpc.slowness.timeout = 300s (custom)
2023-12-01 12:07:41,040 [76b9be1d-1bf0-4a28-acca-c5c2681cc872-groupManagement] INFO  server.RaftServerConfigKeys (ConfUtils.java:logGet(46)) - raft.server.leaderelection.leader.step-down.wait-time = 10s (default)
2023-12-01 12:07:41,040 [76b9be1d-1bf0-4a28-acca-c5c2681cc872-groupManagement] INFO  server.RaftServerConfigKeys (ConfUtils.java:logGet(46)) - raft.server.leaderelection.member.majority-add = false (default)
2023-12-01 12:07:41,040 [76b9be1d-1bf0-4a28-acca-c5c2681cc872-groupManagement] INFO  server.RaftServerConfigKeys (ConfUtils.java:logGet(46)) - raft.server.sleep.deviation.threshold = 300ms (default)
2023-12-01 12:07:41,041 [76b9be1d-1bf0-4a28-acca-c5c2681cc872-groupManagement] INFO  server.RaftServer$Division (ServerState.java:<init>(113)) - 76b9be1d-1bf0-4a28-acca-c5c2681cc872@group-5CCA57CB9EC4: ConfigurationManager, init=-1: peers:[76b9be1d-1bf0-4a28-acca-c5c2681cc872|10.1.0.24:15120, 36feb706-8d2b-450d-bbd6-33af8c2d1a3d|10.1.0.24:15129, af140fa9-d57b-4d38-ac23-ee5728971003|10.1.0.24:15111]|listeners:[], old=null, confs=<EMPTY_MAP>
2023-12-01 12:07:41,041 [76b9be1d-1bf0-4a28-acca-c5c2681cc872-groupManagement] INFO  server.RaftServerConfigKeys (ConfUtils.java:logGet(46)) - raft.server.notification.no-leader.timeout = 300s (custom)
2023-12-01 12:07:41,041 [76b9be1d-1bf0-4a28-acca-c5c2681cc872-groupManagement] INFO  server.RaftServerConfigKeys (ConfUtils.java:logGet(46)) - raft.server.read.timeout = 10s (default)
2023-12-01 12:07:41,041 [76b9be1d-1bf0-4a28-acca-c5c2681cc872-groupManagement] INFO  server.RaftServerConfigKeys (ConfUtils.java:logGet(46)) - raft.server.retrycache.expirytime = 600000ms (custom)
2023-12-01 12:07:41,041 [76b9be1d-1bf0-4a28-acca-c5c2681cc872-groupManagement] INFO  server.RaftServerConfigKeys (ConfUtils.java:logGet(46)) - raft.server.retrycache.statistics.expirytime = 100ms (default)
2023-12-01 12:07:41,042 [76b9be1d-1bf0-4a28-acca-c5c2681cc872-groupManagement] INFO  server.RaftServerConfigKeys (ConfUtils.java:logGet(46)) - raft.server.read.option = DEFAULT (default)
2023-12-01 12:07:41,042 [76b9be1d-1bf0-4a28-acca-c5c2681cc872-groupManagement] INFO  server.RaftServerConfigKeys (ConfUtils.java:logGet(46)) - raft.server.read.read-after-write-consistent.write-index-cache.expiry-time = 60s (default)
2023-12-01 12:07:41,043 [76b9be1d-1bf0-4a28-acca-c5c2681cc872-groupManagement] INFO  server.RaftServerConfigKeys (ConfUtils.java:logGet(46)) - raft.server.rpc.request.timeout = 60s (custom)
2023-12-01 12:07:41,043 [76b9be1d-1bf0-4a28-acca-c5c2681cc872-groupManagement] INFO  server.RaftServerConfigKeys (ConfUtils.java:logGet(46)) - raft.server.log.appender.install.snapshot.enabled = false (custom)
2023-12-01 12:07:41,043 [76b9be1d-1bf0-4a28-acca-c5c2681cc872-groupManagement] INFO  server.RaftServerConfigKeys (ConfUtils.java:logGet(46)) - raft.server.threadpool.server.cached = true (default)
2023-12-01 12:07:41,043 [76b9be1d-1bf0-4a28-acca-c5c2681cc872-groupManagement] INFO  server.RaftServerConfigKeys (ConfUtils.java:logGet(46)) - raft.server.threadpool.server.size = 0 (default)
2023-12-01 12:07:41,043 [76b9be1d-1bf0-4a28-acca-c5c2681cc872-groupManagement] INFO  server.RaftServerConfigKeys (ConfUtils.java:logGet(46)) - raft.server.threadpool.client.cached = true (default)
2023-12-01 12:07:41,043 [76b9be1d-1bf0-4a28-acca-c5c2681cc872-groupManagement] INFO  server.RaftServerConfigKeys (ConfUtils.java:logGet(46)) - raft.server.threadpool.client.size = 0 (default)
2023-12-01 12:07:41,043 [76b9be1d-1bf0-4a28-acca-c5c2681cc872-groupManagement] INFO  server.RaftServerConfigKeys (ConfUtils.java:logGet(46)) - raft.server.storage.free-space.min = 0MB (=0) (default)
2023-12-01 12:07:41,043 [76b9be1d-1bf0-4a28-acca-c5c2681cc872-groupManagement] INFO  server.RaftServerConfigKeys (ConfUtils.java:logGet(46)) - raft.server.log.corruption.policy = EXCEPTION (default)
2023-12-01 12:07:41,044 [76b9be1d-1bf0-4a28-acca-c5c2681cc872-groupManagement] INFO  server.RaftServerConfigKeys (ConfUtils.java:logGet(46)) - raft.server.storage.dir = [/home/runner/work/ozone/ozone/hadoop-ozone/integration-test/target/test-dir/MiniOzoneClusterImpl-b249f779-13f2-4d94-9d49-8f38c7514c74/datanode-1/data/ratis] (custom)
2023-12-01 12:07:41,044 [76b9be1d-1bf0-4a28-acca-c5c2681cc872-groupManagement] INFO  storage.RaftStorageDirectory (RaftStorageDirectoryImpl.java:analyzeStorage(138)) - The storage directory /home/runner/work/ozone/ozone/hadoop-ozone/integration-test/target/test-dir/MiniOzoneClusterImpl-b249f779-13f2-4d94-9d49-8f38c7514c74/datanode-1/data/ratis/93296416-f019-4b8c-8f09-5cca57cb9ec4 does not exist. Creating ...
2023-12-01 12:07:41,045 [76b9be1d-1bf0-4a28-acca-c5c2681cc872-groupManagement] INFO  storage.RaftStorageDirectory (RaftStorageDirectoryImpl.java:tryLock(232)) - Lock on /home/runner/work/ozone/ozone/hadoop-ozone/integration-test/target/test-dir/MiniOzoneClusterImpl-b249f779-13f2-4d94-9d49-8f38c7514c74/datanode-1/data/ratis/93296416-f019-4b8c-8f09-5cca57cb9ec4/in_use.lock acquired by nodename 15370@fv-az1423-675
2023-12-01 12:07:41,046 [76b9be1d-1bf0-4a28-acca-c5c2681cc872-groupManagement] INFO  storage.RaftStorage (RaftStorageImpl.java:format(97)) - Storage directory /home/runner/work/ozone/ozone/hadoop-ozone/integration-test/target/test-dir/MiniOzoneClusterImpl-b249f779-13f2-4d94-9d49-8f38c7514c74/datanode-1/data/ratis/93296416-f019-4b8c-8f09-5cca57cb9ec4 has been successfully formatted.
2023-12-01 12:07:41,046 [76b9be1d-1bf0-4a28-acca-c5c2681cc872-groupManagement] INFO  ratis.ContainerStateMachine (ContainerStateMachine.java:loadSnapshot(269)) - group-5CCA57CB9EC4: The snapshot info is null. Setting the last applied indexto:(t:0, i:~)
2023-12-01 12:07:41,046 [76b9be1d-1bf0-4a28-acca-c5c2681cc872-groupManagement] INFO  server.RaftServerConfigKeys (ConfUtils.java:logGet(46)) - raft.server.log.use.memory = false (default)
2023-12-01 12:07:41,047 [76b9be1d-1bf0-4a28-acca-c5c2681cc872-groupManagement] INFO  server.RaftServerConfigKeys (ConfUtils.java:logGet(46)) - raft.server.log.purge.gap = 1000000 (custom)
2023-12-01 12:07:41,047 [76b9be1d-1bf0-4a28-acca-c5c2681cc872-groupManagement] INFO  server.RaftServerConfigKeys (ConfUtils.java:logGet(46)) - raft.server.log.appender.buffer.byte-limit = 33554432 (custom)
2023-12-01 12:07:41,047 [76b9be1d-1bf0-4a28-acca-c5c2681cc872-groupManagement] INFO  server.RaftServerConfigKeys (ConfUtils.java:logGet(46)) - raft.server.log.statemachine.data.read.timeout = 1000ms (default)
2023-12-01 12:07:41,047 [76b9be1d-1bf0-4a28-acca-c5c2681cc872-groupManagement] INFO  server.RaftServerConfigKeys (ConfUtils.java:logGet(46)) - raft.server.log.purge.preservation.log.num = 0 (default)
2023-12-01 12:07:41,048 [76b9be1d-1bf0-4a28-acca-c5c2681cc872-groupManagement] INFO  server.RaftServerConfigKeys (ConfUtils.java:logGet(46)) - raft.server.log.segment.size.max = 67108864 (custom)
2023-12-01 12:07:41,048 [76b9be1d-1bf0-4a28-acca-c5c2681cc872-groupManagement] INFO  server.RaftServerConfigKeys (ConfUtils.java:logGet(46)) - raft.server.log.segment.cache.num.max = 2 (custom)
2023-12-01 12:07:41,048 [76b9be1d-1bf0-4a28-acca-c5c2681cc872-groupManagement] INFO  server.RaftServerConfigKeys (ConfUtils.java:logGet(46)) - raft.server.log.segment.cache.size.max = 200MB (=209715200) (default)
2023-12-01 12:07:41,048 [76b9be1d-1bf0-4a28-acca-c5c2681cc872-groupManagement] INFO  server.RaftServerConfigKeys (ConfUtils.java:logGet(46)) - raft.server.log.appender.buffer.byte-limit = 33554432 (custom)
2023-12-01 12:07:41,048 [76b9be1d-1bf0-4a28-acca-c5c2681cc872-groupManagement] INFO  util.AwaitToRun (AwaitToRun.java:start(81)) - Thread[76b9be1d-1bf0-4a28-acca-c5c2681cc872@group-5CCA57CB9EC4-cacheEviction-AwaitToRun,5,main] started
2023-12-01 12:07:41,048 [76b9be1d-1bf0-4a28-acca-c5c2681cc872-groupManagement] INFO  segmented.SegmentedRaftLogWorker (SegmentedRaftLogWorker.java:<init>(184)) - new 76b9be1d-1bf0-4a28-acca-c5c2681cc872@group-5CCA57CB9EC4-SegmentedRaftLogWorker for RaftStorageImpl:Storage Directory /home/runner/work/ozone/ozone/hadoop-ozone/integration-test/target/test-dir/MiniOzoneClusterImpl-b249f779-13f2-4d94-9d49-8f38c7514c74/datanode-1/data/ratis/93296416-f019-4b8c-8f09-5cca57cb9ec4
2023-12-01 12:07:41,048 [76b9be1d-1bf0-4a28-acca-c5c2681cc872-groupManagement] INFO  server.RaftServerConfigKeys (ConfUtils.java:logGet(46)) - raft.server.log.queue.byte-limit = 4294967296 (custom)
2023-12-01 12:07:41,048 [76b9be1d-1bf0-4a28-acca-c5c2681cc872-groupManagement] INFO  server.RaftServerConfigKeys (ConfUtils.java:logGet(46)) - raft.server.log.queue.element-limit = 1024 (custom)
2023-12-01 12:07:41,048 [76b9be1d-1bf0-4a28-acca-c5c2681cc872-groupManagement] INFO  server.RaftServerConfigKeys (ConfUtils.java:logGet(46)) - raft.server.log.segment.size.max = 67108864 (custom)
2023-12-01 12:07:41,049 [76b9be1d-1bf0-4a28-acca-c5c2681cc872-groupManagement] INFO  server.RaftServerConfigKeys (ConfUtils.java:logGet(46)) - raft.server.log.preallocated.size = 4194304 (custom)
2023-12-01 12:07:41,049 [76b9be1d-1bf0-4a28-acca-c5c2681cc872-groupManagement] INFO  server.RaftServerConfigKeys (ConfUtils.java:logGet(46)) - raft.server.log.force.sync.num = 128 (default)
2023-12-01 12:07:41,049 [76b9be1d-1bf0-4a28-acca-c5c2681cc872-groupManagement] INFO  server.RaftServerConfigKeys (ConfUtils.java:logGet(46)) - raft.server.log.statemachine.data.sync = true (default)
2023-12-01 12:07:41,049 [76b9be1d-1bf0-4a28-acca-c5c2681cc872-groupManagement] INFO  server.RaftServerConfigKeys (ConfUtils.java:logGet(46)) - raft.server.log.statemachine.data.sync.timeout = 10s (default)
2023-12-01 12:07:41,049 [76b9be1d-1bf0-4a28-acca-c5c2681cc872-groupManagement] INFO  server.RaftServerConfigKeys (ConfUtils.java:logGet(46)) - raft.server.log.statemachine.data.sync.timeout.retry = -1 (default)
2023-12-01 12:07:41,049 [76b9be1d-1bf0-4a28-acca-c5c2681cc872-groupManagement] INFO  server.RaftServerConfigKeys (ConfUtils.java:logGet(46)) - raft.server.log.write.buffer.size = 2097152 (custom)
2023-12-01 12:07:41,049 [76b9be1d-1bf0-4a28-acca-c5c2681cc872-groupManagement] INFO  server.RaftServerConfigKeys (ConfUtils.java:logGet(46)) - raft.server.log.appender.buffer.byte-limit = 33554432 (custom)
2023-12-01 12:07:41,050 [76b9be1d-1bf0-4a28-acca-c5c2681cc872-groupManagement] INFO  server.RaftServerConfigKeys (ConfUtils.java:logGet(46)) - raft.server.log.unsafe-flush.enabled = false (default)
2023-12-01 12:07:41,050 [76b9be1d-1bf0-4a28-acca-c5c2681cc872-groupManagement] INFO  server.RaftServerConfigKeys (ConfUtils.java:logGet(46)) - raft.server.log.async-flush.enabled = false (default)
2023-12-01 12:07:41,050 [76b9be1d-1bf0-4a28-acca-c5c2681cc872-groupManagement] INFO  server.RaftServerConfigKeys (ConfUtils.java:logGet(46)) - raft.server.log.statemachine.data.caching.enabled = true (custom)
2023-12-01 12:07:41,050 [76b9be1d-1bf0-4a28-acca-c5c2681cc872-groupManagement] INFO  segmented.SegmentedRaftLogWorker (SegmentedRaftLogWorker.java:lambda$new$0(135)) - 76b9be1d-1bf0-4a28-acca-c5c2681cc872@group-5CCA57CB9EC4-SegmentedRaftLogWorker: flushIndex: setUnconditionally 0 -> -1
2023-12-01 12:07:41,050 [76b9be1d-1bf0-4a28-acca-c5c2681cc872-groupManagement] INFO  segmented.SegmentedRaftLogWorker (SegmentedRaftLogWorker.java:lambda$new$0(135)) - 76b9be1d-1bf0-4a28-acca-c5c2681cc872@group-5CCA57CB9EC4-SegmentedRaftLogWorker: safeCacheEvictIndex: setUnconditionally 0 -> -1
2023-12-01 12:07:41,050 [76b9be1d-1bf0-4a28-acca-c5c2681cc872-groupManagement] INFO  server.RaftServer$Division (RaftServerImpl.java:start(392)) - 76b9be1d-1bf0-4a28-acca-c5c2681cc872@group-5CCA57CB9EC4: start as a follower, conf=-1: peers:[76b9be1d-1bf0-4a28-acca-c5c2681cc872|10.1.0.24:15120, 36feb706-8d2b-450d-bbd6-33af8c2d1a3d|10.1.0.24:15129, af140fa9-d57b-4d38-ac23-ee5728971003|10.1.0.24:15111]|listeners:[], old=null
2023-12-01 12:07:41,050 [76b9be1d-1bf0-4a28-acca-c5c2681cc872-groupManagement] INFO  server.RaftServer$Division (RaftServerImpl.java:setRole(379)) - 76b9be1d-1bf0-4a28-acca-c5c2681cc872@group-5CCA57CB9EC4: changes role from      null to FOLLOWER at term 0 for startAsFollower
2023-12-01 12:07:41,051 [76b9be1d-1bf0-4a28-acca-c5c2681cc872-groupManagement] INFO  impl.RoleInfo (RoleInfo.java:updateAndGet(139)) - 76b9be1d-1bf0-4a28-acca-c5c2681cc872: start 76b9be1d-1bf0-4a28-acca-c5c2681cc872@group-5CCA57CB9EC4-FollowerState
2023-12-01 12:07:41,051 [76b9be1d-1bf0-4a28-acca-c5c2681cc872@group-5CCA57CB9EC4-FollowerState] INFO  server.RaftServerConfigKeys (ConfUtils.java:logFallback(53)) - raft.server.rpc.first-election.timeout.min = 5s (fallback to raft.server.rpc.timeout.min)
2023-12-01 12:07:41,051 [76b9be1d-1bf0-4a28-acca-c5c2681cc872-groupManagement] INFO  util.JmxRegister (JmxRegister.java:tryRegister(44)) - Successfully registered JMX Bean with object name Ratis:service=RaftServer,group=group-5CCA57CB9EC4,id=76b9be1d-1bf0-4a28-acca-c5c2681cc872
2023-12-01 12:07:41,051 [76b9be1d-1bf0-4a28-acca-c5c2681cc872@group-5CCA57CB9EC4-FollowerState] INFO  server.RaftServerConfigKeys (ConfUtils.java:logFallback(53)) - raft.server.rpc.first-election.timeout.max = 5200ms (fallback to raft.server.rpc.timeout.max)
2023-12-01 12:07:41,051 [76b9be1d-1bf0-4a28-acca-c5c2681cc872-groupManagement] INFO  server.RaftServerConfigKeys (ConfUtils.java:logGet(46)) - raft.server.snapshot.trigger-when-stop.enabled = true (default)
2023-12-01 12:07:41,051 [76b9be1d-1bf0-4a28-acca-c5c2681cc872-groupManagement] INFO  server.RaftServerConfigKeys (ConfUtils.java:logGet(46)) - raft.server.snapshot.auto.trigger.enabled = true (custom)
2023-12-01 12:07:41,051 [76b9be1d-1bf0-4a28-acca-c5c2681cc872-groupManagement] INFO  server.RaftServerConfigKeys (ConfUtils.java:logGet(46)) - raft.server.snapshot.auto.trigger.threshold = 10000 (custom)
2023-12-01 12:07:41,051 [76b9be1d-1bf0-4a28-acca-c5c2681cc872-groupManagement] INFO  server.RaftServerConfigKeys (ConfUtils.java:logGet(46)) - raft.server.snapshot.retention.file.num = 5 (custom)
2023-12-01 12:07:41,051 [76b9be1d-1bf0-4a28-acca-c5c2681cc872-groupManagement] INFO  server.RaftServerConfigKeys (ConfUtils.java:logGet(46)) - raft.server.log.purge.upto.snapshot.index = false (default)
2023-12-01 12:07:41,054 [af140fa9-d57b-4d38-ac23-ee5728971003-PipelineCommandHandlerThread-0] INFO  commandhandler.CreatePipelineCommandHandler (CreatePipelineCommandHandler.java:lambda$handle$2(124)) - Created Pipeline RATIS THREE PipelineID=93296416-f019-4b8c-8f09-5cca57cb9ec4.
2023-12-01 12:07:41,054 [af140fa9-d57b-4d38-ac23-ee5728971003-PipelineCommandHandlerThread-0] INFO  server.RaftServer (RaftServerProxy.java:addNew(100)) - af140fa9-d57b-4d38-ac23-ee5728971003: addNew group-880852F89C4E:[76b9be1d-1bf0-4a28-acca-c5c2681cc872|10.1.0.24:15120, 36feb706-8d2b-450d-bbd6-33af8c2d1a3d|10.1.0.24:15129, af140fa9-d57b-4d38-ac23-ee5728971003|10.1.0.24:15111] returns group-880852F89C4E:java.util.concurrent.CompletableFuture@5fc779c1[Not completed]
2023-12-01 12:07:41,055 [af140fa9-d57b-4d38-ac23-ee5728971003-groupManagement] INFO  server.RaftServer$Division (RaftServerImpl.java:<init>(256)) - af140fa9-d57b-4d38-ac23-ee5728971003: new RaftServerImpl for group-880852F89C4E:[76b9be1d-1bf0-4a28-acca-c5c2681cc872|10.1.0.24:15120, 36feb706-8d2b-450d-bbd6-33af8c2d1a3d|10.1.0.24:15129, af140fa9-d57b-4d38-ac23-ee5728971003|10.1.0.24:15111] with ContainerStateMachine:uninitialized
2023-12-01 12:07:41,055 [af140fa9-d57b-4d38-ac23-ee5728971003-groupManagement] INFO  server.RaftServerConfigKeys (ConfUtils.java:logGet(46)) - raft.server.rpc.timeout.min = 5s (custom)
2023-12-01 12:07:41,055 [af140fa9-d57b-4d38-ac23-ee5728971003-groupManagement] INFO  server.RaftServerConfigKeys (ConfUtils.java:logGet(46)) - raft.server.rpc.timeout.max = 5200ms (custom)
2023-12-01 12:07:41,055 [af140fa9-d57b-4d38-ac23-ee5728971003-groupManagement] INFO  server.RaftServerConfigKeys (ConfUtils.java:logGet(46)) - raft.server.rpc.sleep.time = 25ms (default)
2023-12-01 12:07:41,055 [af140fa9-d57b-4d38-ac23-ee5728971003-groupManagement] INFO  server.RaftServerConfigKeys (ConfUtils.java:logGet(46)) - raft.server.rpc.slowness.timeout = 300s (custom)
2023-12-01 12:07:41,055 [af140fa9-d57b-4d38-ac23-ee5728971003-groupManagement] INFO  server.RaftServerConfigKeys (ConfUtils.java:logGet(46)) - raft.server.leaderelection.leader.step-down.wait-time = 10s (default)
2023-12-01 12:07:41,056 [af140fa9-d57b-4d38-ac23-ee5728971003-groupManagement] INFO  server.RaftServerConfigKeys (ConfUtils.java:logGet(46)) - raft.server.leaderelection.member.majority-add = false (default)
2023-12-01 12:07:41,056 [af140fa9-d57b-4d38-ac23-ee5728971003-groupManagement] INFO  server.RaftServerConfigKeys (ConfUtils.java:logGet(46)) - raft.server.sleep.deviation.threshold = 300ms (default)
2023-12-01 12:07:41,056 [af140fa9-d57b-4d38-ac23-ee5728971003-groupManagement] INFO  server.RaftServer$Division (ServerState.java:<init>(113)) - af140fa9-d57b-4d38-ac23-ee5728971003@group-880852F89C4E: ConfigurationManager, init=-1: peers:[76b9be1d-1bf0-4a28-acca-c5c2681cc872|10.1.0.24:15120, 36feb706-8d2b-450d-bbd6-33af8c2d1a3d|10.1.0.24:15129, af140fa9-d57b-4d38-ac23-ee5728971003|10.1.0.24:15111]|listeners:[], old=null, confs=<EMPTY_MAP>
2023-12-01 12:07:41,056 [af140fa9-d57b-4d38-ac23-ee5728971003-groupManagement] INFO  server.RaftServerConfigKeys (ConfUtils.java:logGet(46)) - raft.server.notification.no-leader.timeout = 300s (custom)
2023-12-01 12:07:41,056 [af140fa9-d57b-4d38-ac23-ee5728971003-groupManagement] INFO  server.RaftServerConfigKeys (ConfUtils.java:logGet(46)) - raft.server.read.timeout = 10s (default)
2023-12-01 12:07:41,056 [af140fa9-d57b-4d38-ac23-ee5728971003-groupManagement] INFO  server.RaftServerConfigKeys (ConfUtils.java:logGet(46)) - raft.server.retrycache.expirytime = 600000ms (custom)
2023-12-01 12:07:41,056 [af140fa9-d57b-4d38-ac23-ee5728971003-groupManagement] INFO  server.RaftServerConfigKeys (ConfUtils.java:logGet(46)) - raft.server.retrycache.statistics.expirytime = 100ms (default)
2023-12-01 12:07:41,056 [af140fa9-d57b-4d38-ac23-ee5728971003-groupManagement] INFO  server.RaftServerConfigKeys (ConfUtils.java:logGet(46)) - raft.server.read.option = DEFAULT (default)
2023-12-01 12:07:41,056 [af140fa9-d57b-4d38-ac23-ee5728971003-groupManagement] INFO  server.RaftServerConfigKeys (ConfUtils.java:logGet(46)) - raft.server.read.read-after-write-consistent.write-index-cache.expiry-time = 60s (default)
2023-12-01 12:07:41,057 [af140fa9-d57b-4d38-ac23-ee5728971003-groupManagement] INFO  server.RaftServerConfigKeys (ConfUtils.java:logGet(46)) - raft.server.rpc.request.timeout = 60s (custom)
2023-12-01 12:07:41,057 [af140fa9-d57b-4d38-ac23-ee5728971003-groupManagement] INFO  server.RaftServerConfigKeys (ConfUtils.java:logGet(46)) - raft.server.log.appender.install.snapshot.enabled = false (custom)
2023-12-01 12:07:41,057 [af140fa9-d57b-4d38-ac23-ee5728971003-groupManagement] INFO  server.RaftServerConfigKeys (ConfUtils.java:logGet(46)) - raft.server.threadpool.server.cached = true (default)
2023-12-01 12:07:41,057 [af140fa9-d57b-4d38-ac23-ee5728971003-groupManagement] INFO  server.RaftServerConfigKeys (ConfUtils.java:logGet(46)) - raft.server.threadpool.server.size = 0 (default)
2023-12-01 12:07:41,057 [af140fa9-d57b-4d38-ac23-ee5728971003-groupManagement] INFO  server.RaftServerConfigKeys (ConfUtils.java:logGet(46)) - raft.server.threadpool.client.cached = true (default)
2023-12-01 12:07:41,057 [af140fa9-d57b-4d38-ac23-ee5728971003-groupManagement] INFO  server.RaftServerConfigKeys (ConfUtils.java:logGet(46)) - raft.server.threadpool.client.size = 0 (default)
2023-12-01 12:07:41,057 [af140fa9-d57b-4d38-ac23-ee5728971003-groupManagement] INFO  server.RaftServerConfigKeys (ConfUtils.java:logGet(46)) - raft.server.storage.free-space.min = 0MB (=0) (default)
2023-12-01 12:07:41,058 [af140fa9-d57b-4d38-ac23-ee5728971003-groupManagement] INFO  server.RaftServerConfigKeys (ConfUtils.java:logGet(46)) - raft.server.log.corruption.policy = EXCEPTION (default)
2023-12-01 12:07:41,058 [af140fa9-d57b-4d38-ac23-ee5728971003-groupManagement] INFO  server.RaftServerConfigKeys (ConfUtils.java:logGet(46)) - raft.server.storage.dir = [/home/runner/work/ozone/ozone/hadoop-ozone/integration-test/target/test-dir/MiniOzoneClusterImpl-b249f779-13f2-4d94-9d49-8f38c7514c74/datanode-0/data/ratis] (custom)
2023-12-01 12:07:41,058 [af140fa9-d57b-4d38-ac23-ee5728971003-groupManagement] INFO  storage.RaftStorageDirectory (RaftStorageDirectoryImpl.java:analyzeStorage(138)) - The storage directory /home/runner/work/ozone/ozone/hadoop-ozone/integration-test/target/test-dir/MiniOzoneClusterImpl-b249f779-13f2-4d94-9d49-8f38c7514c74/datanode-0/data/ratis/a2c82dce-1b36-47d5-87c7-880852f89c4e does not exist. Creating ...
2023-12-01 12:07:41,059 [af140fa9-d57b-4d38-ac23-ee5728971003-groupManagement] INFO  storage.RaftStorageDirectory (RaftStorageDirectoryImpl.java:tryLock(232)) - Lock on /home/runner/work/ozone/ozone/hadoop-ozone/integration-test/target/test-dir/MiniOzoneClusterImpl-b249f779-13f2-4d94-9d49-8f38c7514c74/datanode-0/data/ratis/a2c82dce-1b36-47d5-87c7-880852f89c4e/in_use.lock acquired by nodename 15370@fv-az1423-675
2023-12-01 12:07:41,059 [af140fa9-d57b-4d38-ac23-ee5728971003-groupManagement] INFO  storage.RaftStorage (RaftStorageImpl.java:format(97)) - Storage directory /home/runner/work/ozone/ozone/hadoop-ozone/integration-test/target/test-dir/MiniOzoneClusterImpl-b249f779-13f2-4d94-9d49-8f38c7514c74/datanode-0/data/ratis/a2c82dce-1b36-47d5-87c7-880852f89c4e has been successfully formatted.
2023-12-01 12:07:41,060 [af140fa9-d57b-4d38-ac23-ee5728971003-groupManagement] INFO  ratis.ContainerStateMachine (ContainerStateMachine.java:loadSnapshot(269)) - group-880852F89C4E: The snapshot info is null. Setting the last applied indexto:(t:0, i:~)
2023-12-01 12:07:41,060 [af140fa9-d57b-4d38-ac23-ee5728971003-groupManagement] INFO  server.RaftServerConfigKeys (ConfUtils.java:logGet(46)) - raft.server.log.use.memory = false (default)
2023-12-01 12:07:41,060 [af140fa9-d57b-4d38-ac23-ee5728971003-groupManagement] INFO  server.RaftServerConfigKeys (ConfUtils.java:logGet(46)) - raft.server.log.purge.gap = 1000000 (custom)
2023-12-01 12:07:41,060 [af140fa9-d57b-4d38-ac23-ee5728971003-groupManagement] INFO  server.RaftServerConfigKeys (ConfUtils.java:logGet(46)) - raft.server.log.appender.buffer.byte-limit = 33554432 (custom)
2023-12-01 12:07:41,060 [af140fa9-d57b-4d38-ac23-ee5728971003-groupManagement] INFO  server.RaftServerConfigKeys (ConfUtils.java:logGet(46)) - raft.server.log.statemachine.data.read.timeout = 1000ms (default)
2023-12-01 12:07:41,060 [af140fa9-d57b-4d38-ac23-ee5728971003-groupManagement] INFO  server.RaftServerConfigKeys (ConfUtils.java:logGet(46)) - raft.server.log.purge.preservation.log.num = 0 (default)
2023-12-01 12:07:41,061 [af140fa9-d57b-4d38-ac23-ee5728971003-groupManagement] INFO  server.RaftServerConfigKeys (ConfUtils.java:logGet(46)) - raft.server.log.segment.size.max = 67108864 (custom)
2023-12-01 12:07:41,061 [af140fa9-d57b-4d38-ac23-ee5728971003-groupManagement] INFO  server.RaftServerConfigKeys (ConfUtils.java:logGet(46)) - raft.server.log.segment.cache.num.max = 2 (custom)
2023-12-01 12:07:41,061 [af140fa9-d57b-4d38-ac23-ee5728971003-groupManagement] INFO  server.RaftServerConfigKeys (ConfUtils.java:logGet(46)) - raft.server.log.segment.cache.size.max = 200MB (=209715200) (default)
2023-12-01 12:07:41,061 [af140fa9-d57b-4d38-ac23-ee5728971003-groupManagement] INFO  server.RaftServerConfigKeys (ConfUtils.java:logGet(46)) - raft.server.log.appender.buffer.byte-limit = 33554432 (custom)
2023-12-01 12:07:41,062 [af140fa9-d57b-4d38-ac23-ee5728971003-groupManagement] INFO  util.AwaitToRun (AwaitToRun.java:start(81)) - Thread[af140fa9-d57b-4d38-ac23-ee5728971003@group-880852F89C4E-cacheEviction-AwaitToRun,5,main] started
2023-12-01 12:07:41,062 [af140fa9-d57b-4d38-ac23-ee5728971003-groupManagement] INFO  segmented.SegmentedRaftLogWorker (SegmentedRaftLogWorker.java:<init>(184)) - new af140fa9-d57b-4d38-ac23-ee5728971003@group-880852F89C4E-SegmentedRaftLogWorker for RaftStorageImpl:Storage Directory /home/runner/work/ozone/ozone/hadoop-ozone/integration-test/target/test-dir/MiniOzoneClusterImpl-b249f779-13f2-4d94-9d49-8f38c7514c74/datanode-0/data/ratis/a2c82dce-1b36-47d5-87c7-880852f89c4e
2023-12-01 12:07:41,062 [af140fa9-d57b-4d38-ac23-ee5728971003-groupManagement] INFO  server.RaftServerConfigKeys (ConfUtils.java:logGet(46)) - raft.server.log.queue.byte-limit = 4294967296 (custom)
2023-12-01 12:07:41,062 [af140fa9-d57b-4d38-ac23-ee5728971003-groupManagement] INFO  server.RaftServerConfigKeys (ConfUtils.java:logGet(46)) - raft.server.log.queue.element-limit = 1024 (custom)
2023-12-01 12:07:41,062 [af140fa9-d57b-4d38-ac23-ee5728971003-groupManagement] INFO  server.RaftServerConfigKeys (ConfUtils.java:logGet(46)) - raft.server.log.segment.size.max = 67108864 (custom)
2023-12-01 12:07:41,062 [af140fa9-d57b-4d38-ac23-ee5728971003-groupManagement] INFO  server.RaftServerConfigKeys (ConfUtils.java:logGet(46)) - raft.server.log.preallocated.size = 4194304 (custom)
2023-12-01 12:07:41,062 [af140fa9-d57b-4d38-ac23-ee5728971003-groupManagement] INFO  server.RaftServerConfigKeys (ConfUtils.java:logGet(46)) - raft.server.log.force.sync.num = 128 (default)
2023-12-01 12:07:41,062 [af140fa9-d57b-4d38-ac23-ee5728971003-groupManagement] INFO  server.RaftServerConfigKeys (ConfUtils.java:logGet(46)) - raft.server.log.statemachine.data.sync = true (default)
2023-12-01 12:07:41,062 [af140fa9-d57b-4d38-ac23-ee5728971003-groupManagement] INFO  server.RaftServerConfigKeys (ConfUtils.java:logGet(46)) - raft.server.log.statemachine.data.sync.timeout = 10s (default)
2023-12-01 12:07:41,062 [af140fa9-d57b-4d38-ac23-ee5728971003-groupManagement] INFO  server.RaftServerConfigKeys (ConfUtils.java:logGet(46)) - raft.server.log.statemachine.data.sync.timeout.retry = -1 (default)
2023-12-01 12:07:41,062 [af140fa9-d57b-4d38-ac23-ee5728971003-groupManagement] INFO  server.RaftServerConfigKeys (ConfUtils.java:logGet(46)) - raft.server.log.write.buffer.size = 2097152 (custom)
2023-12-01 12:07:41,063 [af140fa9-d57b-4d38-ac23-ee5728971003-groupManagement] INFO  server.RaftServerConfigKeys (ConfUtils.java:logGet(46)) - raft.server.log.appender.buffer.byte-limit = 33554432 (custom)
2023-12-01 12:07:41,065 [af140fa9-d57b-4d38-ac23-ee5728971003-groupManagement] INFO  server.RaftServerConfigKeys (ConfUtils.java:logGet(46)) - raft.server.log.unsafe-flush.enabled = false (default)
2023-12-01 12:07:41,065 [af140fa9-d57b-4d38-ac23-ee5728971003-groupManagement] INFO  server.RaftServerConfigKeys (ConfUtils.java:logGet(46)) - raft.server.log.async-flush.enabled = false (default)
2023-12-01 12:07:41,065 [af140fa9-d57b-4d38-ac23-ee5728971003-groupManagement] INFO  server.RaftServerConfigKeys (ConfUtils.java:logGet(46)) - raft.server.log.statemachine.data.caching.enabled = true (custom)
2023-12-01 12:07:41,065 [af140fa9-d57b-4d38-ac23-ee5728971003-groupManagement] INFO  segmented.SegmentedRaftLogWorker (SegmentedRaftLogWorker.java:lambda$new$0(135)) - af140fa9-d57b-4d38-ac23-ee5728971003@group-880852F89C4E-SegmentedRaftLogWorker: flushIndex: setUnconditionally 0 -> -1
2023-12-01 12:07:41,065 [af140fa9-d57b-4d38-ac23-ee5728971003-groupManagement] INFO  segmented.SegmentedRaftLogWorker (SegmentedRaftLogWorker.java:lambda$new$0(135)) - af140fa9-d57b-4d38-ac23-ee5728971003@group-880852F89C4E-SegmentedRaftLogWorker: safeCacheEvictIndex: setUnconditionally 0 -> -1
2023-12-01 12:07:41,065 [af140fa9-d57b-4d38-ac23-ee5728971003-groupManagement] INFO  server.RaftServer$Division (RaftServerImpl.java:start(392)) - af140fa9-d57b-4d38-ac23-ee5728971003@group-880852F89C4E: start as a follower, conf=-1: peers:[76b9be1d-1bf0-4a28-acca-c5c2681cc872|10.1.0.24:15120, 36feb706-8d2b-450d-bbd6-33af8c2d1a3d|10.1.0.24:15129, af140fa9-d57b-4d38-ac23-ee5728971003|10.1.0.24:15111]|listeners:[], old=null
2023-12-01 12:07:41,065 [af140fa9-d57b-4d38-ac23-ee5728971003-groupManagement] INFO  server.RaftServer$Division (RaftServerImpl.java:setRole(379)) - af140fa9-d57b-4d38-ac23-ee5728971003@group-880852F89C4E: changes role from      null to FOLLOWER at term 0 for startAsFollower
2023-12-01 12:07:41,065 [af140fa9-d57b-4d38-ac23-ee5728971003-groupManagement] INFO  impl.RoleInfo (RoleInfo.java:updateAndGet(139)) - af140fa9-d57b-4d38-ac23-ee5728971003: start af140fa9-d57b-4d38-ac23-ee5728971003@group-880852F89C4E-FollowerState
2023-12-01 12:07:41,066 [af140fa9-d57b-4d38-ac23-ee5728971003-groupManagement] INFO  util.JmxRegister (JmxRegister.java:tryRegister(44)) - Successfully registered JMX Bean with object name Ratis:service=RaftServer,group=group-880852F89C4E,id=af140fa9-d57b-4d38-ac23-ee5728971003
2023-12-01 12:07:41,066 [af140fa9-d57b-4d38-ac23-ee5728971003@group-880852F89C4E-FollowerState] INFO  server.RaftServerConfigKeys (ConfUtils.java:logFallback(53)) - raft.server.rpc.first-election.timeout.min = 5s (fallback to raft.server.rpc.timeout.min)
2023-12-01 12:07:41,066 [af140fa9-d57b-4d38-ac23-ee5728971003-groupManagement] INFO  server.RaftServerConfigKeys (ConfUtils.java:logGet(46)) - raft.server.snapshot.trigger-when-stop.enabled = true (default)
2023-12-01 12:07:41,066 [af140fa9-d57b-4d38-ac23-ee5728971003@group-880852F89C4E-FollowerState] INFO  server.RaftServerConfigKeys (ConfUtils.java:logFallback(53)) - raft.server.rpc.first-election.timeout.max = 5200ms (fallback to raft.server.rpc.timeout.max)
2023-12-01 12:07:41,066 [af140fa9-d57b-4d38-ac23-ee5728971003-groupManagement] INFO  server.RaftServerConfigKeys (ConfUtils.java:logGet(46)) - raft.server.snapshot.auto.trigger.enabled = true (custom)
2023-12-01 12:07:41,066 [af140fa9-d57b-4d38-ac23-ee5728971003-groupManagement] INFO  server.RaftServerConfigKeys (ConfUtils.java:logGet(46)) - raft.server.snapshot.auto.trigger.threshold = 10000 (custom)
2023-12-01 12:07:41,066 [af140fa9-d57b-4d38-ac23-ee5728971003-groupManagement] INFO  server.RaftServerConfigKeys (ConfUtils.java:logGet(46)) - raft.server.snapshot.retention.file.num = 5 (custom)
2023-12-01 12:07:41,066 [af140fa9-d57b-4d38-ac23-ee5728971003-groupManagement] INFO  server.RaftServerConfigKeys (ConfUtils.java:logGet(46)) - raft.server.log.purge.upto.snapshot.index = false (default)
2023-12-01 12:07:41,066 [af140fa9-d57b-4d38-ac23-ee5728971003-PipelineCommandHandlerThread-0] INFO  ratis.XceiverServerRatis (XceiverServerRatis.java:addGroup(814)) - Created group PipelineID=a2c82dce-1b36-47d5-87c7-880852f89c4e
2023-12-01 12:07:41,073 [grpc-default-executor-0] INFO  server.RaftServer (RaftServerProxy.java:addNew(100)) - 76b9be1d-1bf0-4a28-acca-c5c2681cc872: addNew group-880852F89C4E:[76b9be1d-1bf0-4a28-acca-c5c2681cc872|10.1.0.24:15120, 36feb706-8d2b-450d-bbd6-33af8c2d1a3d|10.1.0.24:15129, af140fa9-d57b-4d38-ac23-ee5728971003|10.1.0.24:15111] returns group-880852F89C4E:java.util.concurrent.CompletableFuture@2c9c9725[Not completed]
2023-12-01 12:07:41,073 [76b9be1d-1bf0-4a28-acca-c5c2681cc872-groupManagement] INFO  server.RaftServer$Division (RaftServerImpl.java:<init>(256)) - 76b9be1d-1bf0-4a28-acca-c5c2681cc872: new RaftServerImpl for group-880852F89C4E:[76b9be1d-1bf0-4a28-acca-c5c2681cc872|10.1.0.24:15120, 36feb706-8d2b-450d-bbd6-33af8c2d1a3d|10.1.0.24:15129, af140fa9-d57b-4d38-ac23-ee5728971003|10.1.0.24:15111] with ContainerStateMachine:uninitialized
2023-12-01 12:07:41,073 [76b9be1d-1bf0-4a28-acca-c5c2681cc872-groupManagement] INFO  server.RaftServerConfigKeys (ConfUtils.java:logGet(46)) - raft.server.rpc.timeout.min = 5s (custom)
2023-12-01 12:07:41,073 [76b9be1d-1bf0-4a28-acca-c5c2681cc872-groupManagement] INFO  server.RaftServerConfigKeys (ConfUtils.java:logGet(46)) - raft.server.rpc.timeout.max = 5200ms (custom)
2023-12-01 12:07:41,073 [76b9be1d-1bf0-4a28-acca-c5c2681cc872-groupManagement] INFO  server.RaftServerConfigKeys (ConfUtils.java:logGet(46)) - raft.server.rpc.sleep.time = 25ms (default)
2023-12-01 12:07:41,073 [76b9be1d-1bf0-4a28-acca-c5c2681cc872-groupManagement] INFO  server.RaftServerConfigKeys (ConfUtils.java:logGet(46)) - raft.server.rpc.slowness.timeout = 300s (custom)
2023-12-01 12:07:41,073 [76b9be1d-1bf0-4a28-acca-c5c2681cc872-groupManagement] INFO  server.RaftServerConfigKeys (ConfUtils.java:logGet(46)) - raft.server.leaderelection.leader.step-down.wait-time = 10s (default)
2023-12-01 12:07:41,074 [76b9be1d-1bf0-4a28-acca-c5c2681cc872-groupManagement] INFO  server.RaftServerConfigKeys (ConfUtils.java:logGet(46)) - raft.server.leaderelection.member.majority-add = false (default)
2023-12-01 12:07:41,074 [76b9be1d-1bf0-4a28-acca-c5c2681cc872-groupManagement] INFO  server.RaftServerConfigKeys (ConfUtils.java:logGet(46)) - raft.server.sleep.deviation.threshold = 300ms (default)
2023-12-01 12:07:41,074 [76b9be1d-1bf0-4a28-acca-c5c2681cc872-groupManagement] INFO  server.RaftServer$Division (ServerState.java:<init>(113)) - 76b9be1d-1bf0-4a28-acca-c5c2681cc872@group-880852F89C4E: ConfigurationManager, init=-1: peers:[76b9be1d-1bf0-4a28-acca-c5c2681cc872|10.1.0.24:15120, 36feb706-8d2b-450d-bbd6-33af8c2d1a3d|10.1.0.24:15129, af140fa9-d57b-4d38-ac23-ee5728971003|10.1.0.24:15111]|listeners:[], old=null, confs=<EMPTY_MAP>
2023-12-01 12:07:41,074 [76b9be1d-1bf0-4a28-acca-c5c2681cc872-groupManagement] INFO  server.RaftServerConfigKeys (ConfUtils.java:logGet(46)) - raft.server.notification.no-leader.timeout = 300s (custom)
2023-12-01 12:07:41,074 [76b9be1d-1bf0-4a28-acca-c5c2681cc872-groupManagement] INFO  server.RaftServerConfigKeys (ConfUtils.java:logGet(46)) - raft.server.read.timeout = 10s (default)
2023-12-01 12:07:41,074 [76b9be1d-1bf0-4a28-acca-c5c2681cc872-groupManagement] INFO  server.RaftServerConfigKeys (ConfUtils.java:logGet(46)) - raft.server.retrycache.expirytime = 600000ms (custom)
2023-12-01 12:07:41,074 [76b9be1d-1bf0-4a28-acca-c5c2681cc872-groupManagement] INFO  server.RaftServerConfigKeys (ConfUtils.java:logGet(46)) - raft.server.retrycache.statistics.expirytime = 100ms (default)
2023-12-01 12:07:41,074 [76b9be1d-1bf0-4a28-acca-c5c2681cc872-groupManagement] INFO  server.RaftServerConfigKeys (ConfUtils.java:logGet(46)) - raft.server.read.option = DEFAULT (default)
2023-12-01 12:07:41,074 [76b9be1d-1bf0-4a28-acca-c5c2681cc872-groupManagement] INFO  server.RaftServerConfigKeys (ConfUtils.java:logGet(46)) - raft.server.read.read-after-write-consistent.write-index-cache.expiry-time = 60s (default)
2023-12-01 12:07:41,078 [76b9be1d-1bf0-4a28-acca-c5c2681cc872-groupManagement] INFO  server.RaftServerConfigKeys (ConfUtils.java:logGet(46)) - raft.server.rpc.request.timeout = 60s (custom)
2023-12-01 12:07:41,078 [76b9be1d-1bf0-4a28-acca-c5c2681cc872-groupManagement] INFO  server.RaftServerConfigKeys (ConfUtils.java:logGet(46)) - raft.server.log.appender.install.snapshot.enabled = false (custom)
2023-12-01 12:07:41,078 [76b9be1d-1bf0-4a28-acca-c5c2681cc872-groupManagement] INFO  server.RaftServerConfigKeys (ConfUtils.java:logGet(46)) - raft.server.threadpool.server.cached = true (default)
2023-12-01 12:07:41,078 [76b9be1d-1bf0-4a28-acca-c5c2681cc872-groupManagement] INFO  server.RaftServerConfigKeys (ConfUtils.java:logGet(46)) - raft.server.threadpool.server.size = 0 (default)
2023-12-01 12:07:41,078 [76b9be1d-1bf0-4a28-acca-c5c2681cc872-groupManagement] INFO  server.RaftServerConfigKeys (ConfUtils.java:logGet(46)) - raft.server.threadpool.client.cached = true (default)
2023-12-01 12:07:41,078 [76b9be1d-1bf0-4a28-acca-c5c2681cc872-groupManagement] INFO  server.RaftServerConfigKeys (ConfUtils.java:logGet(46)) - raft.server.threadpool.client.size = 0 (default)
2023-12-01 12:07:41,078 [76b9be1d-1bf0-4a28-acca-c5c2681cc872-groupManagement] INFO  server.RaftServerConfigKeys (ConfUtils.java:logGet(46)) - raft.server.storage.free-space.min = 0MB (=0) (default)
2023-12-01 12:07:41,078 [76b9be1d-1bf0-4a28-acca-c5c2681cc872-groupManagement] INFO  server.RaftServerConfigKeys (ConfUtils.java:logGet(46)) - raft.server.log.corruption.policy = EXCEPTION (default)
2023-12-01 12:07:41,078 [76b9be1d-1bf0-4a28-acca-c5c2681cc872-groupManagement] INFO  server.RaftServerConfigKeys (ConfUtils.java:logGet(46)) - raft.server.storage.dir = [/home/runner/work/ozone/ozone/hadoop-ozone/integration-test/target/test-dir/MiniOzoneClusterImpl-b249f779-13f2-4d94-9d49-8f38c7514c74/datanode-1/data/ratis] (custom)
2023-12-01 12:07:41,079 [76b9be1d-1bf0-4a28-acca-c5c2681cc872-groupManagement] INFO  storage.RaftStorageDirectory (RaftStorageDirectoryImpl.java:analyzeStorage(138)) - The storage directory /home/runner/work/ozone/ozone/hadoop-ozone/integration-test/target/test-dir/MiniOzoneClusterImpl-b249f779-13f2-4d94-9d49-8f38c7514c74/datanode-1/data/ratis/a2c82dce-1b36-47d5-87c7-880852f89c4e does not exist. Creating ...
2023-12-01 12:07:41,079 [76b9be1d-1bf0-4a28-acca-c5c2681cc872-groupManagement] INFO  storage.RaftStorageDirectory (RaftStorageDirectoryImpl.java:tryLock(232)) - Lock on /home/runner/work/ozone/ozone/hadoop-ozone/integration-test/target/test-dir/MiniOzoneClusterImpl-b249f779-13f2-4d94-9d49-8f38c7514c74/datanode-1/data/ratis/a2c82dce-1b36-47d5-87c7-880852f89c4e/in_use.lock acquired by nodename 15370@fv-az1423-675
2023-12-01 12:07:41,080 [76b9be1d-1bf0-4a28-acca-c5c2681cc872-groupManagement] INFO  storage.RaftStorage (RaftStorageImpl.java:format(97)) - Storage directory /home/runner/work/ozone/ozone/hadoop-ozone/integration-test/target/test-dir/MiniOzoneClusterImpl-b249f779-13f2-4d94-9d49-8f38c7514c74/datanode-1/data/ratis/a2c82dce-1b36-47d5-87c7-880852f89c4e has been successfully formatted.
2023-12-01 12:07:41,081 [76b9be1d-1bf0-4a28-acca-c5c2681cc872-groupManagement] INFO  ratis.ContainerStateMachine (ContainerStateMachine.java:loadSnapshot(269)) - group-880852F89C4E: The snapshot info is null. Setting the last applied indexto:(t:0, i:~)
2023-12-01 12:07:41,081 [76b9be1d-1bf0-4a28-acca-c5c2681cc872-groupManagement] INFO  server.RaftServerConfigKeys (ConfUtils.java:logGet(46)) - raft.server.log.use.memory = false (default)
2023-12-01 12:07:41,081 [76b9be1d-1bf0-4a28-acca-c5c2681cc872-groupManagement] INFO  server.RaftServerConfigKeys (ConfUtils.java:logGet(46)) - raft.server.log.purge.gap = 1000000 (custom)
2023-12-01 12:07:41,081 [76b9be1d-1bf0-4a28-acca-c5c2681cc872-groupManagement] INFO  server.RaftServerConfigKeys (ConfUtils.java:logGet(46)) - raft.server.log.appender.buffer.byte-limit = 33554432 (custom)
2023-12-01 12:07:41,081 [76b9be1d-1bf0-4a28-acca-c5c2681cc872-groupManagement] INFO  server.RaftServerConfigKeys (ConfUtils.java:logGet(46)) - raft.server.log.statemachine.data.read.timeout = 1000ms (default)
2023-12-01 12:07:41,081 [76b9be1d-1bf0-4a28-acca-c5c2681cc872-groupManagement] INFO  server.RaftServerConfigKeys (ConfUtils.java:logGet(46)) - raft.server.log.purge.preservation.log.num = 0 (default)
2023-12-01 12:07:41,082 [76b9be1d-1bf0-4a28-acca-c5c2681cc872-groupManagement] INFO  server.RaftServerConfigKeys (ConfUtils.java:logGet(46)) - raft.server.log.segment.size.max = 67108864 (custom)
2023-12-01 12:07:41,082 [76b9be1d-1bf0-4a28-acca-c5c2681cc872-groupManagement] INFO  server.RaftServerConfigKeys (ConfUtils.java:logGet(46)) - raft.server.log.segment.cache.num.max = 2 (custom)
2023-12-01 12:07:41,082 [76b9be1d-1bf0-4a28-acca-c5c2681cc872-groupManagement] INFO  server.RaftServerConfigKeys (ConfUtils.java:logGet(46)) - raft.server.log.segment.cache.size.max = 200MB (=209715200) (default)
2023-12-01 12:07:41,083 [76b9be1d-1bf0-4a28-acca-c5c2681cc872-groupManagement] INFO  server.RaftServerConfigKeys (ConfUtils.java:logGet(46)) - raft.server.log.appender.buffer.byte-limit = 33554432 (custom)
2023-12-01 12:07:41,083 [76b9be1d-1bf0-4a28-acca-c5c2681cc872-groupManagement] INFO  util.AwaitToRun (AwaitToRun.java:start(81)) - Thread[76b9be1d-1bf0-4a28-acca-c5c2681cc872@group-880852F89C4E-cacheEviction-AwaitToRun,5,main] started
2023-12-01 12:07:41,083 [76b9be1d-1bf0-4a28-acca-c5c2681cc872-groupManagement] INFO  segmented.SegmentedRaftLogWorker (SegmentedRaftLogWorker.java:<init>(184)) - new 76b9be1d-1bf0-4a28-acca-c5c2681cc872@group-880852F89C4E-SegmentedRaftLogWorker for RaftStorageImpl:Storage Directory /home/runner/work/ozone/ozone/hadoop-ozone/integration-test/target/test-dir/MiniOzoneClusterImpl-b249f779-13f2-4d94-9d49-8f38c7514c74/datanode-1/data/ratis/a2c82dce-1b36-47d5-87c7-880852f89c4e
2023-12-01 12:07:41,083 [76b9be1d-1bf0-4a28-acca-c5c2681cc872-groupManagement] INFO  server.RaftServerConfigKeys (ConfUtils.java:logGet(46)) - raft.server.log.queue.byte-limit = 4294967296 (custom)
2023-12-01 12:07:41,083 [76b9be1d-1bf0-4a28-acca-c5c2681cc872-groupManagement] INFO  server.RaftServerConfigKeys (ConfUtils.java:logGet(46)) - raft.server.log.queue.element-limit = 1024 (custom)
2023-12-01 12:07:41,083 [76b9be1d-1bf0-4a28-acca-c5c2681cc872-groupManagement] INFO  server.RaftServerConfigKeys (ConfUtils.java:logGet(46)) - raft.server.log.segment.size.max = 67108864 (custom)
2023-12-01 12:07:41,083 [76b9be1d-1bf0-4a28-acca-c5c2681cc872-groupManagement] INFO  server.RaftServerConfigKeys (ConfUtils.java:logGet(46)) - raft.server.log.preallocated.size = 4194304 (custom)
2023-12-01 12:07:41,083 [76b9be1d-1bf0-4a28-acca-c5c2681cc872-groupManagement] INFO  server.RaftServerConfigKeys (ConfUtils.java:logGet(46)) - raft.server.log.force.sync.num = 128 (default)
2023-12-01 12:07:41,083 [76b9be1d-1bf0-4a28-acca-c5c2681cc872-groupManagement] INFO  server.RaftServerConfigKeys (ConfUtils.java:logGet(46)) - raft.server.log.statemachine.data.sync = true (default)
2023-12-01 12:07:41,083 [76b9be1d-1bf0-4a28-acca-c5c2681cc872-groupManagement] INFO  server.RaftServerConfigKeys (ConfUtils.java:logGet(46)) - raft.server.log.statemachine.data.sync.timeout = 10s (default)
2023-12-01 12:07:41,083 [76b9be1d-1bf0-4a28-acca-c5c2681cc872-groupManagement] INFO  server.RaftServerConfigKeys (ConfUtils.java:logGet(46)) - raft.server.log.statemachine.data.sync.timeout.retry = -1 (default)
2023-12-01 12:07:41,083 [76b9be1d-1bf0-4a28-acca-c5c2681cc872-groupManagement] INFO  server.RaftServerConfigKeys (ConfUtils.java:logGet(46)) - raft.server.log.write.buffer.size = 2097152 (custom)
2023-12-01 12:07:41,084 [76b9be1d-1bf0-4a28-acca-c5c2681cc872-groupManagement] INFO  server.RaftServerConfigKeys (ConfUtils.java:logGet(46)) - raft.server.log.appender.buffer.byte-limit = 33554432 (custom)
2023-12-01 12:07:41,085 [76b9be1d-1bf0-4a28-acca-c5c2681cc872-groupManagement] INFO  server.RaftServerConfigKeys (ConfUtils.java:logGet(46)) - raft.server.log.unsafe-flush.enabled = false (default)
2023-12-01 12:07:41,085 [76b9be1d-1bf0-4a28-acca-c5c2681cc872-groupManagement] INFO  server.RaftServerConfigKeys (ConfUtils.java:logGet(46)) - raft.server.log.async-flush.enabled = false (default)
2023-12-01 12:07:41,085 [76b9be1d-1bf0-4a28-acca-c5c2681cc872-groupManagement] INFO  server.RaftServerConfigKeys (ConfUtils.java:logGet(46)) - raft.server.log.statemachine.data.caching.enabled = true (custom)
2023-12-01 12:07:41,085 [76b9be1d-1bf0-4a28-acca-c5c2681cc872-groupManagement] INFO  segmented.SegmentedRaftLogWorker (SegmentedRaftLogWorker.java:lambda$new$0(135)) - 76b9be1d-1bf0-4a28-acca-c5c2681cc872@group-880852F89C4E-SegmentedRaftLogWorker: flushIndex: setUnconditionally 0 -> -1
2023-12-01 12:07:41,085 [76b9be1d-1bf0-4a28-acca-c5c2681cc872-groupManagement] INFO  segmented.SegmentedRaftLogWorker (SegmentedRaftLogWorker.java:lambda$new$0(135)) - 76b9be1d-1bf0-4a28-acca-c5c2681cc872@group-880852F89C4E-SegmentedRaftLogWorker: safeCacheEvictIndex: setUnconditionally 0 -> -1
2023-12-01 12:07:41,085 [76b9be1d-1bf0-4a28-acca-c5c2681cc872-groupManagement] INFO  server.RaftServer$Division (RaftServerImpl.java:start(392)) - 76b9be1d-1bf0-4a28-acca-c5c2681cc872@group-880852F89C4E: start as a follower, conf=-1: peers:[76b9be1d-1bf0-4a28-acca-c5c2681cc872|10.1.0.24:15120, 36feb706-8d2b-450d-bbd6-33af8c2d1a3d|10.1.0.24:15129, af140fa9-d57b-4d38-ac23-ee5728971003|10.1.0.24:15111]|listeners:[], old=null
2023-12-01 12:07:41,085 [76b9be1d-1bf0-4a28-acca-c5c2681cc872-groupManagement] INFO  server.RaftServer$Division (RaftServerImpl.java:setRole(379)) - 76b9be1d-1bf0-4a28-acca-c5c2681cc872@group-880852F89C4E: changes role from      null to FOLLOWER at term 0 for startAsFollower
2023-12-01 12:07:41,085 [76b9be1d-1bf0-4a28-acca-c5c2681cc872-groupManagement] INFO  impl.RoleInfo (RoleInfo.java:updateAndGet(139)) - 76b9be1d-1bf0-4a28-acca-c5c2681cc872: start 76b9be1d-1bf0-4a28-acca-c5c2681cc872@group-880852F89C4E-FollowerState
2023-12-01 12:07:41,085 [76b9be1d-1bf0-4a28-acca-c5c2681cc872-groupManagement] INFO  util.JmxRegister (JmxRegister.java:tryRegister(44)) - Successfully registered JMX Bean with object name Ratis:service=RaftServer,group=group-880852F89C4E,id=76b9be1d-1bf0-4a28-acca-c5c2681cc872
2023-12-01 12:07:41,085 [76b9be1d-1bf0-4a28-acca-c5c2681cc872-groupManagement] INFO  server.RaftServerConfigKeys (ConfUtils.java:logGet(46)) - raft.server.snapshot.trigger-when-stop.enabled = true (default)
2023-12-01 12:07:41,086 [76b9be1d-1bf0-4a28-acca-c5c2681cc872-groupManagement] INFO  server.RaftServerConfigKeys (ConfUtils.java:logGet(46)) - raft.server.snapshot.auto.trigger.enabled = true (custom)
2023-12-01 12:07:41,086 [76b9be1d-1bf0-4a28-acca-c5c2681cc872-groupManagement] INFO  server.RaftServerConfigKeys (ConfUtils.java:logGet(46)) - raft.server.snapshot.auto.trigger.threshold = 10000 (custom)
2023-12-01 12:07:41,086 [76b9be1d-1bf0-4a28-acca-c5c2681cc872-groupManagement] INFO  server.RaftServerConfigKeys (ConfUtils.java:logGet(46)) - raft.server.snapshot.retention.file.num = 5 (custom)
2023-12-01 12:07:41,086 [76b9be1d-1bf0-4a28-acca-c5c2681cc872-groupManagement] INFO  server.RaftServerConfigKeys (ConfUtils.java:logGet(46)) - raft.server.log.purge.upto.snapshot.index = false (default)
2023-12-01 12:07:41,086 [76b9be1d-1bf0-4a28-acca-c5c2681cc872@group-880852F89C4E-FollowerState] INFO  server.RaftServerConfigKeys (ConfUtils.java:logFallback(53)) - raft.server.rpc.first-election.timeout.min = 5s (fallback to raft.server.rpc.timeout.min)
2023-12-01 12:07:41,086 [76b9be1d-1bf0-4a28-acca-c5c2681cc872@group-880852F89C4E-FollowerState] INFO  server.RaftServerConfigKeys (ConfUtils.java:logFallback(53)) - raft.server.rpc.first-election.timeout.max = 5200ms (fallback to raft.server.rpc.timeout.max)
2023-12-01 12:07:41,095 [grpc-default-executor-0] INFO  server.RaftServer (RaftServerProxy.java:addNew(100)) - 36feb706-8d2b-450d-bbd6-33af8c2d1a3d: addNew group-880852F89C4E:[76b9be1d-1bf0-4a28-acca-c5c2681cc872|10.1.0.24:15120, 36feb706-8d2b-450d-bbd6-33af8c2d1a3d|10.1.0.24:15129, af140fa9-d57b-4d38-ac23-ee5728971003|10.1.0.24:15111] returns group-880852F89C4E:java.util.concurrent.CompletableFuture@1ad24dc4[Not completed]
2023-12-01 12:07:41,096 [36feb706-8d2b-450d-bbd6-33af8c2d1a3d-groupManagement] INFO  server.RaftServer$Division (RaftServerImpl.java:<init>(256)) - 36feb706-8d2b-450d-bbd6-33af8c2d1a3d: new RaftServerImpl for group-880852F89C4E:[76b9be1d-1bf0-4a28-acca-c5c2681cc872|10.1.0.24:15120, 36feb706-8d2b-450d-bbd6-33af8c2d1a3d|10.1.0.24:15129, af140fa9-d57b-4d38-ac23-ee5728971003|10.1.0.24:15111] with ContainerStateMachine:uninitialized
2023-12-01 12:07:41,096 [36feb706-8d2b-450d-bbd6-33af8c2d1a3d-groupManagement] INFO  server.RaftServerConfigKeys (ConfUtils.java:logGet(46)) - raft.server.rpc.timeout.min = 5s (custom)
2023-12-01 12:07:41,096 [36feb706-8d2b-450d-bbd6-33af8c2d1a3d-groupManagement] INFO  server.RaftServerConfigKeys (ConfUtils.java:logGet(46)) - raft.server.rpc.timeout.max = 5200ms (custom)
2023-12-01 12:07:41,096 [36feb706-8d2b-450d-bbd6-33af8c2d1a3d-groupManagement] INFO  server.RaftServerConfigKeys (ConfUtils.java:logGet(46)) - raft.server.rpc.sleep.time = 25ms (default)
2023-12-01 12:07:41,096 [36feb706-8d2b-450d-bbd6-33af8c2d1a3d-groupManagement] INFO  server.RaftServerConfigKeys (ConfUtils.java:logGet(46)) - raft.server.rpc.slowness.timeout = 300s (custom)
2023-12-01 12:07:41,096 [36feb706-8d2b-450d-bbd6-33af8c2d1a3d-groupManagement] INFO  server.RaftServerConfigKeys (ConfUtils.java:logGet(46)) - raft.server.leaderelection.leader.step-down.wait-time = 10s (default)
2023-12-01 12:07:41,096 [36feb706-8d2b-450d-bbd6-33af8c2d1a3d-groupManagement] INFO  server.RaftServerConfigKeys (ConfUtils.java:logGet(46)) - raft.server.leaderelection.member.majority-add = false (default)
2023-12-01 12:07:41,096 [36feb706-8d2b-450d-bbd6-33af8c2d1a3d-groupManagement] INFO  server.RaftServerConfigKeys (ConfUtils.java:logGet(46)) - raft.server.sleep.deviation.threshold = 300ms (default)
2023-12-01 12:07:41,096 [36feb706-8d2b-450d-bbd6-33af8c2d1a3d-groupManagement] INFO  server.RaftServer$Division (ServerState.java:<init>(113)) - 36feb706-8d2b-450d-bbd6-33af8c2d1a3d@group-880852F89C4E: ConfigurationManager, init=-1: peers:[76b9be1d-1bf0-4a28-acca-c5c2681cc872|10.1.0.24:15120, 36feb706-8d2b-450d-bbd6-33af8c2d1a3d|10.1.0.24:15129, af140fa9-d57b-4d38-ac23-ee5728971003|10.1.0.24:15111]|listeners:[], old=null, confs=<EMPTY_MAP>
2023-12-01 12:07:41,096 [36feb706-8d2b-450d-bbd6-33af8c2d1a3d-groupManagement] INFO  server.RaftServerConfigKeys (ConfUtils.java:logGet(46)) - raft.server.notification.no-leader.timeout = 300s (custom)
2023-12-01 12:07:41,096 [36feb706-8d2b-450d-bbd6-33af8c2d1a3d-groupManagement] INFO  server.RaftServerConfigKeys (ConfUtils.java:logGet(46)) - raft.server.read.timeout = 10s (default)
2023-12-01 12:07:41,096 [36feb706-8d2b-450d-bbd6-33af8c2d1a3d-groupManagement] INFO  server.RaftServerConfigKeys (ConfUtils.java:logGet(46)) - raft.server.retrycache.expirytime = 600000ms (custom)
2023-12-01 12:07:41,096 [36feb706-8d2b-450d-bbd6-33af8c2d1a3d-groupManagement] INFO  server.RaftServerConfigKeys (ConfUtils.java:logGet(46)) - raft.server.retrycache.statistics.expirytime = 100ms (default)
2023-12-01 12:07:41,096 [36feb706-8d2b-450d-bbd6-33af8c2d1a3d-groupManagement] INFO  server.RaftServerConfigKeys (ConfUtils.java:logGet(46)) - raft.server.read.option = DEFAULT (default)
2023-12-01 12:07:41,096 [36feb706-8d2b-450d-bbd6-33af8c2d1a3d-groupManagement] INFO  server.RaftServerConfigKeys (ConfUtils.java:logGet(46)) - raft.server.read.read-after-write-consistent.write-index-cache.expiry-time = 60s (default)
2023-12-01 12:07:41,098 [36feb706-8d2b-450d-bbd6-33af8c2d1a3d-groupManagement] INFO  server.RaftServerConfigKeys (ConfUtils.java:logGet(46)) - raft.server.rpc.request.timeout = 60s (custom)
2023-12-01 12:07:41,098 [36feb706-8d2b-450d-bbd6-33af8c2d1a3d-groupManagement] INFO  server.RaftServerConfigKeys (ConfUtils.java:logGet(46)) - raft.server.log.appender.install.snapshot.enabled = false (custom)
2023-12-01 12:07:41,098 [36feb706-8d2b-450d-bbd6-33af8c2d1a3d-groupManagement] INFO  server.RaftServerConfigKeys (ConfUtils.java:logGet(46)) - raft.server.threadpool.server.cached = true (default)
2023-12-01 12:07:41,098 [36feb706-8d2b-450d-bbd6-33af8c2d1a3d-groupManagement] INFO  server.RaftServerConfigKeys (ConfUtils.java:logGet(46)) - raft.server.threadpool.server.size = 0 (default)
2023-12-01 12:07:41,098 [36feb706-8d2b-450d-bbd6-33af8c2d1a3d-groupManagement] INFO  server.RaftServerConfigKeys (ConfUtils.java:logGet(46)) - raft.server.threadpool.client.cached = true (default)
2023-12-01 12:07:41,098 [36feb706-8d2b-450d-bbd6-33af8c2d1a3d-groupManagement] INFO  server.RaftServerConfigKeys (ConfUtils.java:logGet(46)) - raft.server.threadpool.client.size = 0 (default)
2023-12-01 12:07:41,098 [36feb706-8d2b-450d-bbd6-33af8c2d1a3d-groupManagement] INFO  server.RaftServerConfigKeys (ConfUtils.java:logGet(46)) - raft.server.storage.free-space.min = 0MB (=0) (default)
2023-12-01 12:07:41,098 [36feb706-8d2b-450d-bbd6-33af8c2d1a3d-groupManagement] INFO  server.RaftServerConfigKeys (ConfUtils.java:logGet(46)) - raft.server.log.corruption.policy = EXCEPTION (default)
2023-12-01 12:07:41,098 [36feb706-8d2b-450d-bbd6-33af8c2d1a3d-groupManagement] INFO  server.RaftServerConfigKeys (ConfUtils.java:logGet(46)) - raft.server.storage.dir = [/home/runner/work/ozone/ozone/hadoop-ozone/integration-test/target/test-dir/MiniOzoneClusterImpl-b249f779-13f2-4d94-9d49-8f38c7514c74/datanode-2/data/ratis] (custom)
2023-12-01 12:07:41,098 [36feb706-8d2b-450d-bbd6-33af8c2d1a3d-groupManagement] INFO  storage.RaftStorageDirectory (RaftStorageDirectoryImpl.java:analyzeStorage(138)) - The storage directory /home/runner/work/ozone/ozone/hadoop-ozone/integration-test/target/test-dir/MiniOzoneClusterImpl-b249f779-13f2-4d94-9d49-8f38c7514c74/datanode-2/data/ratis/a2c82dce-1b36-47d5-87c7-880852f89c4e does not exist. Creating ...
2023-12-01 12:07:41,099 [36feb706-8d2b-450d-bbd6-33af8c2d1a3d-groupManagement] INFO  storage.RaftStorageDirectory (RaftStorageDirectoryImpl.java:tryLock(232)) - Lock on /home/runner/work/ozone/ozone/hadoop-ozone/integration-test/target/test-dir/MiniOzoneClusterImpl-b249f779-13f2-4d94-9d49-8f38c7514c74/datanode-2/data/ratis/a2c82dce-1b36-47d5-87c7-880852f89c4e/in_use.lock acquired by nodename 15370@fv-az1423-675
2023-12-01 12:07:41,100 [36feb706-8d2b-450d-bbd6-33af8c2d1a3d-groupManagement] INFO  storage.RaftStorage (RaftStorageImpl.java:format(97)) - Storage directory /home/runner/work/ozone/ozone/hadoop-ozone/integration-test/target/test-dir/MiniOzoneClusterImpl-b249f779-13f2-4d94-9d49-8f38c7514c74/datanode-2/data/ratis/a2c82dce-1b36-47d5-87c7-880852f89c4e has been successfully formatted.
2023-12-01 12:07:41,101 [36feb706-8d2b-450d-bbd6-33af8c2d1a3d-groupManagement] INFO  ratis.ContainerStateMachine (ContainerStateMachine.java:loadSnapshot(269)) - group-880852F89C4E: The snapshot info is null. Setting the last applied indexto:(t:0, i:~)
2023-12-01 12:07:41,101 [36feb706-8d2b-450d-bbd6-33af8c2d1a3d-groupManagement] INFO  server.RaftServerConfigKeys (ConfUtils.java:logGet(46)) - raft.server.log.use.memory = false (default)
2023-12-01 12:07:41,101 [36feb706-8d2b-450d-bbd6-33af8c2d1a3d-groupManagement] INFO  server.RaftServerConfigKeys (ConfUtils.java:logGet(46)) - raft.server.log.purge.gap = 1000000 (custom)
2023-12-01 12:07:41,101 [36feb706-8d2b-450d-bbd6-33af8c2d1a3d-groupManagement] INFO  server.RaftServerConfigKeys (ConfUtils.java:logGet(46)) - raft.server.log.appender.buffer.byte-limit = 33554432 (custom)
2023-12-01 12:07:41,101 [36feb706-8d2b-450d-bbd6-33af8c2d1a3d-groupManagement] INFO  server.RaftServerConfigKeys (ConfUtils.java:logGet(46)) - raft.server.log.statemachine.data.read.timeout = 1000ms (default)
2023-12-01 12:07:41,101 [36feb706-8d2b-450d-bbd6-33af8c2d1a3d-groupManagement] INFO  server.RaftServerConfigKeys (ConfUtils.java:logGet(46)) - raft.server.log.purge.preservation.log.num = 0 (default)
2023-12-01 12:07:41,102 [36feb706-8d2b-450d-bbd6-33af8c2d1a3d-groupManagement] INFO  server.RaftServerConfigKeys (ConfUtils.java:logGet(46)) - raft.server.log.segment.size.max = 67108864 (custom)
2023-12-01 12:07:41,102 [36feb706-8d2b-450d-bbd6-33af8c2d1a3d-groupManagement] INFO  server.RaftServerConfigKeys (ConfUtils.java:logGet(46)) - raft.server.log.segment.cache.num.max = 2 (custom)
2023-12-01 12:07:41,102 [36feb706-8d2b-450d-bbd6-33af8c2d1a3d-groupManagement] INFO  server.RaftServerConfigKeys (ConfUtils.java:logGet(46)) - raft.server.log.segment.cache.size.max = 200MB (=209715200) (default)
2023-12-01 12:07:41,102 [36feb706-8d2b-450d-bbd6-33af8c2d1a3d-groupManagement] INFO  server.RaftServerConfigKeys (ConfUtils.java:logGet(46)) - raft.server.log.appender.buffer.byte-limit = 33554432 (custom)
2023-12-01 12:07:41,103 [36feb706-8d2b-450d-bbd6-33af8c2d1a3d-groupManagement] INFO  util.AwaitToRun (AwaitToRun.java:start(81)) - Thread[36feb706-8d2b-450d-bbd6-33af8c2d1a3d@group-880852F89C4E-cacheEviction-AwaitToRun,5,main] started
2023-12-01 12:07:41,103 [36feb706-8d2b-450d-bbd6-33af8c2d1a3d-groupManagement] INFO  segmented.SegmentedRaftLogWorker (SegmentedRaftLogWorker.java:<init>(184)) - new 36feb706-8d2b-450d-bbd6-33af8c2d1a3d@group-880852F89C4E-SegmentedRaftLogWorker for RaftStorageImpl:Storage Directory /home/runner/work/ozone/ozone/hadoop-ozone/integration-test/target/test-dir/MiniOzoneClusterImpl-b249f779-13f2-4d94-9d49-8f38c7514c74/datanode-2/data/ratis/a2c82dce-1b36-47d5-87c7-880852f89c4e
2023-12-01 12:07:41,103 [36feb706-8d2b-450d-bbd6-33af8c2d1a3d-groupManagement] INFO  server.RaftServerConfigKeys (ConfUtils.java:logGet(46)) - raft.server.log.queue.byte-limit = 4294967296 (custom)
2023-12-01 12:07:41,103 [36feb706-8d2b-450d-bbd6-33af8c2d1a3d-groupManagement] INFO  server.RaftServerConfigKeys (ConfUtils.java:logGet(46)) - raft.server.log.queue.element-limit = 1024 (custom)
2023-12-01 12:07:41,103 [36feb706-8d2b-450d-bbd6-33af8c2d1a3d-groupManagement] INFO  server.RaftServerConfigKeys (ConfUtils.java:logGet(46)) - raft.server.log.segment.size.max = 67108864 (custom)
2023-12-01 12:07:41,103 [36feb706-8d2b-450d-bbd6-33af8c2d1a3d-groupManagement] INFO  server.RaftServerConfigKeys (ConfUtils.java:logGet(46)) - raft.server.log.preallocated.size = 4194304 (custom)
2023-12-01 12:07:41,103 [36feb706-8d2b-450d-bbd6-33af8c2d1a3d-groupManagement] INFO  server.RaftServerConfigKeys (ConfUtils.java:logGet(46)) - raft.server.log.force.sync.num = 128 (default)
2023-12-01 12:07:41,103 [36feb706-8d2b-450d-bbd6-33af8c2d1a3d-groupManagement] INFO  server.RaftServerConfigKeys (ConfUtils.java:logGet(46)) - raft.server.log.statemachine.data.sync = true (default)
2023-12-01 12:07:41,103 [36feb706-8d2b-450d-bbd6-33af8c2d1a3d-groupManagement] INFO  server.RaftServerConfigKeys (ConfUtils.java:logGet(46)) - raft.server.log.statemachine.data.sync.timeout = 10s (default)
2023-12-01 12:07:41,103 [36feb706-8d2b-450d-bbd6-33af8c2d1a3d-groupManagement] INFO  server.RaftServerConfigKeys (ConfUtils.java:logGet(46)) - raft.server.log.statemachine.data.sync.timeout.retry = -1 (default)
2023-12-01 12:07:41,103 [36feb706-8d2b-450d-bbd6-33af8c2d1a3d-groupManagement] INFO  server.RaftServerConfigKeys (ConfUtils.java:logGet(46)) - raft.server.log.write.buffer.size = 2097152 (custom)
2023-12-01 12:07:41,104 [36feb706-8d2b-450d-bbd6-33af8c2d1a3d-groupManagement] INFO  server.RaftServerConfigKeys (ConfUtils.java:logGet(46)) - raft.server.log.appender.buffer.byte-limit = 33554432 (custom)
2023-12-01 12:07:41,106 [36feb706-8d2b-450d-bbd6-33af8c2d1a3d-groupManagement] INFO  server.RaftServerConfigKeys (ConfUtils.java:logGet(46)) - raft.server.log.unsafe-flush.enabled = false (default)
2023-12-01 12:07:41,106 [36feb706-8d2b-450d-bbd6-33af8c2d1a3d-groupManagement] INFO  server.RaftServerConfigKeys (ConfUtils.java:logGet(46)) - raft.server.log.async-flush.enabled = false (default)
2023-12-01 12:07:41,106 [36feb706-8d2b-450d-bbd6-33af8c2d1a3d-groupManagement] INFO  server.RaftServerConfigKeys (ConfUtils.java:logGet(46)) - raft.server.log.statemachine.data.caching.enabled = true (custom)
2023-12-01 12:07:41,106 [36feb706-8d2b-450d-bbd6-33af8c2d1a3d-groupManagement] INFO  segmented.SegmentedRaftLogWorker (SegmentedRaftLogWorker.java:lambda$new$0(135)) - 36feb706-8d2b-450d-bbd6-33af8c2d1a3d@group-880852F89C4E-SegmentedRaftLogWorker: flushIndex: setUnconditionally 0 -> -1
2023-12-01 12:07:41,106 [36feb706-8d2b-450d-bbd6-33af8c2d1a3d-groupManagement] INFO  segmented.SegmentedRaftLogWorker (SegmentedRaftLogWorker.java:lambda$new$0(135)) - 36feb706-8d2b-450d-bbd6-33af8c2d1a3d@group-880852F89C4E-SegmentedRaftLogWorker: safeCacheEvictIndex: setUnconditionally 0 -> -1
2023-12-01 12:07:41,106 [36feb706-8d2b-450d-bbd6-33af8c2d1a3d-groupManagement] INFO  server.RaftServer$Division (RaftServerImpl.java:start(392)) - 36feb706-8d2b-450d-bbd6-33af8c2d1a3d@group-880852F89C4E: start as a follower, conf=-1: peers:[76b9be1d-1bf0-4a28-acca-c5c2681cc872|10.1.0.24:15120, 36feb706-8d2b-450d-bbd6-33af8c2d1a3d|10.1.0.24:15129, af140fa9-d57b-4d38-ac23-ee5728971003|10.1.0.24:15111]|listeners:[], old=null
2023-12-01 12:07:41,107 [36feb706-8d2b-450d-bbd6-33af8c2d1a3d-groupManagement] INFO  server.RaftServer$Division (RaftServerImpl.java:setRole(379)) - 36feb706-8d2b-450d-bbd6-33af8c2d1a3d@group-880852F89C4E: changes role from      null to FOLLOWER at term 0 for startAsFollower
2023-12-01 12:07:41,107 [36feb706-8d2b-450d-bbd6-33af8c2d1a3d-groupManagement] INFO  impl.RoleInfo (RoleInfo.java:updateAndGet(139)) - 36feb706-8d2b-450d-bbd6-33af8c2d1a3d: start 36feb706-8d2b-450d-bbd6-33af8c2d1a3d@group-880852F89C4E-FollowerState
2023-12-01 12:07:41,107 [36feb706-8d2b-450d-bbd6-33af8c2d1a3d-groupManagement] INFO  util.JmxRegister (JmxRegister.java:tryRegister(44)) - Successfully registered JMX Bean with object name Ratis:service=RaftServer,group=group-880852F89C4E,id=36feb706-8d2b-450d-bbd6-33af8c2d1a3d
2023-12-01 12:07:41,107 [36feb706-8d2b-450d-bbd6-33af8c2d1a3d-groupManagement] INFO  server.RaftServerConfigKeys (ConfUtils.java:logGet(46)) - raft.server.snapshot.trigger-when-stop.enabled = true (default)
2023-12-01 12:07:41,107 [36feb706-8d2b-450d-bbd6-33af8c2d1a3d-groupManagement] INFO  server.RaftServerConfigKeys (ConfUtils.java:logGet(46)) - raft.server.snapshot.auto.trigger.enabled = true (custom)
2023-12-01 12:07:41,107 [36feb706-8d2b-450d-bbd6-33af8c2d1a3d-groupManagement] INFO  server.RaftServerConfigKeys (ConfUtils.java:logGet(46)) - raft.server.snapshot.auto.trigger.threshold = 10000 (custom)
2023-12-01 12:07:41,107 [36feb706-8d2b-450d-bbd6-33af8c2d1a3d-groupManagement] INFO  server.RaftServerConfigKeys (ConfUtils.java:logGet(46)) - raft.server.snapshot.retention.file.num = 5 (custom)
2023-12-01 12:07:41,107 [36feb706-8d2b-450d-bbd6-33af8c2d1a3d-groupManagement] INFO  server.RaftServerConfigKeys (ConfUtils.java:logGet(46)) - raft.server.log.purge.upto.snapshot.index = false (default)
2023-12-01 12:07:41,108 [36feb706-8d2b-450d-bbd6-33af8c2d1a3d@group-880852F89C4E-FollowerState] INFO  server.RaftServerConfigKeys (ConfUtils.java:logFallback(53)) - raft.server.rpc.first-election.timeout.min = 5s (fallback to raft.server.rpc.timeout.min)
2023-12-01 12:07:41,108 [36feb706-8d2b-450d-bbd6-33af8c2d1a3d@group-880852F89C4E-FollowerState] INFO  server.RaftServerConfigKeys (ConfUtils.java:logFallback(53)) - raft.server.rpc.first-election.timeout.max = 5200ms (fallback to raft.server.rpc.timeout.max)
2023-12-01 12:07:41,111 [af140fa9-d57b-4d38-ac23-ee5728971003-PipelineCommandHandlerThread-0] INFO  commandhandler.CreatePipelineCommandHandler (CreatePipelineCommandHandler.java:lambda$handle$2(124)) - Created Pipeline RATIS THREE PipelineID=a2c82dce-1b36-47d5-87c7-880852f89c4e.
2023-12-01 12:07:41,297 [585524aa-0c42-40b1-8d18-f2722508c145-PipelineCommandHandlerThread-0] INFO  server.RaftServer (RaftServerProxy.java:addNew(100)) - 585524aa-0c42-40b1-8d18-f2722508c145: addNew group-158753A7AC69:[585524aa-0c42-40b1-8d18-f2722508c145|10.1.0.24:15138, e22ca2c5-a776-4b7c-8aca-6a18d36008b3|10.1.0.24:15156, 0d726c29-49a1-421e-8ac7-200c2e9b483b|10.1.0.24:15147] returns group-158753A7AC69:java.util.concurrent.CompletableFuture@6ae24721[Not completed]
2023-12-01 12:07:41,297 [585524aa-0c42-40b1-8d18-f2722508c145-groupManagement] INFO  server.RaftServer$Division (RaftServerImpl.java:<init>(256)) - 585524aa-0c42-40b1-8d18-f2722508c145: new RaftServerImpl for group-158753A7AC69:[585524aa-0c42-40b1-8d18-f2722508c145|10.1.0.24:15138, e22ca2c5-a776-4b7c-8aca-6a18d36008b3|10.1.0.24:15156, 0d726c29-49a1-421e-8ac7-200c2e9b483b|10.1.0.24:15147] with ContainerStateMachine:uninitialized
2023-12-01 12:07:41,297 [585524aa-0c42-40b1-8d18-f2722508c145-groupManagement] INFO  server.RaftServerConfigKeys (ConfUtils.java:logGet(46)) - raft.server.rpc.timeout.min = 5s (custom)
2023-12-01 12:07:41,298 [585524aa-0c42-40b1-8d18-f2722508c145-groupManagement] INFO  server.RaftServerConfigKeys (ConfUtils.java:logGet(46)) - raft.server.rpc.timeout.max = 5200ms (custom)
2023-12-01 12:07:41,298 [585524aa-0c42-40b1-8d18-f2722508c145-groupManagement] INFO  server.RaftServerConfigKeys (ConfUtils.java:logGet(46)) - raft.server.rpc.sleep.time = 25ms (default)
2023-12-01 12:07:41,298 [585524aa-0c42-40b1-8d18-f2722508c145-groupManagement] INFO  server.RaftServerConfigKeys (ConfUtils.java:logGet(46)) - raft.server.rpc.slowness.timeout = 300s (custom)
2023-12-01 12:07:41,298 [585524aa-0c42-40b1-8d18-f2722508c145-groupManagement] INFO  server.RaftServerConfigKeys (ConfUtils.java:logGet(46)) - raft.server.leaderelection.leader.step-down.wait-time = 10s (default)
2023-12-01 12:07:41,298 [585524aa-0c42-40b1-8d18-f2722508c145-groupManagement] INFO  server.RaftServerConfigKeys (ConfUtils.java:logGet(46)) - raft.server.leaderelection.member.majority-add = false (default)
2023-12-01 12:07:41,298 [585524aa-0c42-40b1-8d18-f2722508c145-groupManagement] INFO  server.RaftServerConfigKeys (ConfUtils.java:logGet(46)) - raft.server.sleep.deviation.threshold = 300ms (default)
2023-12-01 12:07:41,298 [585524aa-0c42-40b1-8d18-f2722508c145-groupManagement] INFO  server.RaftServer$Division (ServerState.java:<init>(113)) - 585524aa-0c42-40b1-8d18-f2722508c145@group-158753A7AC69: ConfigurationManager, init=-1: peers:[585524aa-0c42-40b1-8d18-f2722508c145|10.1.0.24:15138, e22ca2c5-a776-4b7c-8aca-6a18d36008b3|10.1.0.24:15156, 0d726c29-49a1-421e-8ac7-200c2e9b483b|10.1.0.24:15147]|listeners:[], old=null, confs=<EMPTY_MAP>
2023-12-01 12:07:41,298 [585524aa-0c42-40b1-8d18-f2722508c145-groupManagement] INFO  server.RaftServerConfigKeys (ConfUtils.java:logGet(46)) - raft.server.notification.no-leader.timeout = 300s (custom)
2023-12-01 12:07:41,298 [585524aa-0c42-40b1-8d18-f2722508c145-groupManagement] INFO  server.RaftServerConfigKeys (ConfUtils.java:logGet(46)) - raft.server.read.timeout = 10s (default)
2023-12-01 12:07:41,298 [585524aa-0c42-40b1-8d18-f2722508c145-groupManagement] INFO  server.RaftServerConfigKeys (ConfUtils.java:logGet(46)) - raft.server.retrycache.expirytime = 600000ms (custom)
2023-12-01 12:07:41,298 [585524aa-0c42-40b1-8d18-f2722508c145-groupManagement] INFO  server.RaftServerConfigKeys (ConfUtils.java:logGet(46)) - raft.server.retrycache.statistics.expirytime = 100ms (default)
2023-12-01 12:07:41,298 [585524aa-0c42-40b1-8d18-f2722508c145-groupManagement] INFO  server.RaftServerConfigKeys (ConfUtils.java:logGet(46)) - raft.server.read.option = DEFAULT (default)
2023-12-01 12:07:41,298 [585524aa-0c42-40b1-8d18-f2722508c145-groupManagement] INFO  server.RaftServerConfigKeys (ConfUtils.java:logGet(46)) - raft.server.read.read-after-write-consistent.write-index-cache.expiry-time = 60s (default)
2023-12-01 12:07:41,300 [585524aa-0c42-40b1-8d18-f2722508c145-groupManagement] INFO  server.RaftServerConfigKeys (ConfUtils.java:logGet(46)) - raft.server.rpc.request.timeout = 60s (custom)
2023-12-01 12:07:41,300 [585524aa-0c42-40b1-8d18-f2722508c145-groupManagement] INFO  server.RaftServerConfigKeys (ConfUtils.java:logGet(46)) - raft.server.log.appender.install.snapshot.enabled = false (custom)
2023-12-01 12:07:41,300 [585524aa-0c42-40b1-8d18-f2722508c145-groupManagement] INFO  server.RaftServerConfigKeys (ConfUtils.java:logGet(46)) - raft.server.threadpool.server.cached = true (default)
2023-12-01 12:07:41,300 [585524aa-0c42-40b1-8d18-f2722508c145-groupManagement] INFO  server.RaftServerConfigKeys (ConfUtils.java:logGet(46)) - raft.server.threadpool.server.size = 0 (default)
2023-12-01 12:07:41,300 [585524aa-0c42-40b1-8d18-f2722508c145-groupManagement] INFO  server.RaftServerConfigKeys (ConfUtils.java:logGet(46)) - raft.server.threadpool.client.cached = true (default)
2023-12-01 12:07:41,300 [585524aa-0c42-40b1-8d18-f2722508c145-groupManagement] INFO  server.RaftServerConfigKeys (ConfUtils.java:logGet(46)) - raft.server.threadpool.client.size = 0 (default)
2023-12-01 12:07:41,300 [585524aa-0c42-40b1-8d18-f2722508c145-groupManagement] INFO  server.RaftServerConfigKeys (ConfUtils.java:logGet(46)) - raft.server.storage.free-space.min = 0MB (=0) (default)
2023-12-01 12:07:41,300 [585524aa-0c42-40b1-8d18-f2722508c145-groupManagement] INFO  server.RaftServerConfigKeys (ConfUtils.java:logGet(46)) - raft.server.log.corruption.policy = EXCEPTION (default)
2023-12-01 12:07:41,300 [585524aa-0c42-40b1-8d18-f2722508c145-groupManagement] INFO  server.RaftServerConfigKeys (ConfUtils.java:logGet(46)) - raft.server.storage.dir = [/home/runner/work/ozone/ozone/hadoop-ozone/integration-test/target/test-dir/MiniOzoneClusterImpl-b249f779-13f2-4d94-9d49-8f38c7514c74/datanode-3/data/ratis] (custom)
2023-12-01 12:07:41,301 [585524aa-0c42-40b1-8d18-f2722508c145-groupManagement] INFO  storage.RaftStorageDirectory (RaftStorageDirectoryImpl.java:analyzeStorage(138)) - The storage directory /home/runner/work/ozone/ozone/hadoop-ozone/integration-test/target/test-dir/MiniOzoneClusterImpl-b249f779-13f2-4d94-9d49-8f38c7514c74/datanode-3/data/ratis/1568433a-9efd-469f-9dab-158753a7ac69 does not exist. Creating ...
2023-12-01 12:07:41,301 [585524aa-0c42-40b1-8d18-f2722508c145-groupManagement] INFO  storage.RaftStorageDirectory (RaftStorageDirectoryImpl.java:tryLock(232)) - Lock on /home/runner/work/ozone/ozone/hadoop-ozone/integration-test/target/test-dir/MiniOzoneClusterImpl-b249f779-13f2-4d94-9d49-8f38c7514c74/datanode-3/data/ratis/1568433a-9efd-469f-9dab-158753a7ac69/in_use.lock acquired by nodename 15370@fv-az1423-675
2023-12-01 12:07:41,302 [585524aa-0c42-40b1-8d18-f2722508c145-groupManagement] INFO  storage.RaftStorage (RaftStorageImpl.java:format(97)) - Storage directory /home/runner/work/ozone/ozone/hadoop-ozone/integration-test/target/test-dir/MiniOzoneClusterImpl-b249f779-13f2-4d94-9d49-8f38c7514c74/datanode-3/data/ratis/1568433a-9efd-469f-9dab-158753a7ac69 has been successfully formatted.
2023-12-01 12:07:41,303 [585524aa-0c42-40b1-8d18-f2722508c145-groupManagement] INFO  ratis.ContainerStateMachine (ContainerStateMachine.java:loadSnapshot(269)) - group-158753A7AC69: The snapshot info is null. Setting the last applied indexto:(t:0, i:~)
2023-12-01 12:07:41,303 [585524aa-0c42-40b1-8d18-f2722508c145-groupManagement] INFO  server.RaftServerConfigKeys (ConfUtils.java:logGet(46)) - raft.server.log.use.memory = false (default)
2023-12-01 12:07:41,303 [585524aa-0c42-40b1-8d18-f2722508c145-groupManagement] INFO  server.RaftServerConfigKeys (ConfUtils.java:logGet(46)) - raft.server.log.purge.gap = 1000000 (custom)
2023-12-01 12:07:41,303 [585524aa-0c42-40b1-8d18-f2722508c145-groupManagement] INFO  server.RaftServerConfigKeys (ConfUtils.java:logGet(46)) - raft.server.log.appender.buffer.byte-limit = 33554432 (custom)
2023-12-01 12:07:41,304 [585524aa-0c42-40b1-8d18-f2722508c145-groupManagement] INFO  server.RaftServerConfigKeys (ConfUtils.java:logGet(46)) - raft.server.log.statemachine.data.read.timeout = 1000ms (default)
2023-12-01 12:07:41,304 [585524aa-0c42-40b1-8d18-f2722508c145-groupManagement] INFO  server.RaftServerConfigKeys (ConfUtils.java:logGet(46)) - raft.server.log.purge.preservation.log.num = 0 (default)
2023-12-01 12:07:41,304 [585524aa-0c42-40b1-8d18-f2722508c145-groupManagement] INFO  server.RaftServerConfigKeys (ConfUtils.java:logGet(46)) - raft.server.log.segment.size.max = 67108864 (custom)
2023-12-01 12:07:41,305 [585524aa-0c42-40b1-8d18-f2722508c145-groupManagement] INFO  server.RaftServerConfigKeys (ConfUtils.java:logGet(46)) - raft.server.log.segment.cache.num.max = 2 (custom)
2023-12-01 12:07:41,305 [585524aa-0c42-40b1-8d18-f2722508c145-groupManagement] INFO  server.RaftServerConfigKeys (ConfUtils.java:logGet(46)) - raft.server.log.segment.cache.size.max = 200MB (=209715200) (default)
2023-12-01 12:07:41,305 [585524aa-0c42-40b1-8d18-f2722508c145-groupManagement] INFO  server.RaftServerConfigKeys (ConfUtils.java:logGet(46)) - raft.server.log.appender.buffer.byte-limit = 33554432 (custom)
2023-12-01 12:07:41,305 [585524aa-0c42-40b1-8d18-f2722508c145-groupManagement] INFO  util.AwaitToRun (AwaitToRun.java:start(81)) - Thread[585524aa-0c42-40b1-8d18-f2722508c145@group-158753A7AC69-cacheEviction-AwaitToRun,5,main] started
2023-12-01 12:07:41,305 [585524aa-0c42-40b1-8d18-f2722508c145-groupManagement] INFO  segmented.SegmentedRaftLogWorker (SegmentedRaftLogWorker.java:<init>(184)) - new 585524aa-0c42-40b1-8d18-f2722508c145@group-158753A7AC69-SegmentedRaftLogWorker for RaftStorageImpl:Storage Directory /home/runner/work/ozone/ozone/hadoop-ozone/integration-test/target/test-dir/MiniOzoneClusterImpl-b249f779-13f2-4d94-9d49-8f38c7514c74/datanode-3/data/ratis/1568433a-9efd-469f-9dab-158753a7ac69
2023-12-01 12:07:41,305 [585524aa-0c42-40b1-8d18-f2722508c145-groupManagement] INFO  server.RaftServerConfigKeys (ConfUtils.java:logGet(46)) - raft.server.log.queue.byte-limit = 4294967296 (custom)
2023-12-01 12:07:41,305 [585524aa-0c42-40b1-8d18-f2722508c145-groupManagement] INFO  server.RaftServerConfigKeys (ConfUtils.java:logGet(46)) - raft.server.log.queue.element-limit = 1024 (custom)
2023-12-01 12:07:41,305 [585524aa-0c42-40b1-8d18-f2722508c145-groupManagement] INFO  server.RaftServerConfigKeys (ConfUtils.java:logGet(46)) - raft.server.log.segment.size.max = 67108864 (custom)
2023-12-01 12:07:41,305 [585524aa-0c42-40b1-8d18-f2722508c145-groupManagement] INFO  server.RaftServerConfigKeys (ConfUtils.java:logGet(46)) - raft.server.log.preallocated.size = 4194304 (custom)
2023-12-01 12:07:41,306 [585524aa-0c42-40b1-8d18-f2722508c145-groupManagement] INFO  server.RaftServerConfigKeys (ConfUtils.java:logGet(46)) - raft.server.log.force.sync.num = 128 (default)
2023-12-01 12:07:41,306 [585524aa-0c42-40b1-8d18-f2722508c145-groupManagement] INFO  server.RaftServerConfigKeys (ConfUtils.java:logGet(46)) - raft.server.log.statemachine.data.sync = true (default)
2023-12-01 12:07:41,306 [585524aa-0c42-40b1-8d18-f2722508c145-groupManagement] INFO  server.RaftServerConfigKeys (ConfUtils.java:logGet(46)) - raft.server.log.statemachine.data.sync.timeout = 10s (default)
2023-12-01 12:07:41,306 [585524aa-0c42-40b1-8d18-f2722508c145-groupManagement] INFO  server.RaftServerConfigKeys (ConfUtils.java:logGet(46)) - raft.server.log.statemachine.data.sync.timeout.retry = -1 (default)
2023-12-01 12:07:41,306 [585524aa-0c42-40b1-8d18-f2722508c145-groupManagement] INFO  server.RaftServerConfigKeys (ConfUtils.java:logGet(46)) - raft.server.log.write.buffer.size = 2097152 (custom)
2023-12-01 12:07:41,306 [585524aa-0c42-40b1-8d18-f2722508c145-groupManagement] INFO  server.RaftServerConfigKeys (ConfUtils.java:logGet(46)) - raft.server.log.appender.buffer.byte-limit = 33554432 (custom)
2023-12-01 12:07:41,307 [585524aa-0c42-40b1-8d18-f2722508c145-groupManagement] INFO  server.RaftServerConfigKeys (ConfUtils.java:logGet(46)) - raft.server.log.unsafe-flush.enabled = false (default)
2023-12-01 12:07:41,307 [585524aa-0c42-40b1-8d18-f2722508c145-groupManagement] INFO  server.RaftServerConfigKeys (ConfUtils.java:logGet(46)) - raft.server.log.async-flush.enabled = false (default)
2023-12-01 12:07:41,307 [585524aa-0c42-40b1-8d18-f2722508c145-groupManagement] INFO  server.RaftServerConfigKeys (ConfUtils.java:logGet(46)) - raft.server.log.statemachine.data.caching.enabled = true (custom)
2023-12-01 12:07:41,307 [585524aa-0c42-40b1-8d18-f2722508c145-groupManagement] INFO  segmented.SegmentedRaftLogWorker (SegmentedRaftLogWorker.java:lambda$new$0(135)) - 585524aa-0c42-40b1-8d18-f2722508c145@group-158753A7AC69-SegmentedRaftLogWorker: flushIndex: setUnconditionally 0 -> -1
2023-12-01 12:07:41,307 [585524aa-0c42-40b1-8d18-f2722508c145-groupManagement] INFO  segmented.SegmentedRaftLogWorker (SegmentedRaftLogWorker.java:lambda$new$0(135)) - 585524aa-0c42-40b1-8d18-f2722508c145@group-158753A7AC69-SegmentedRaftLogWorker: safeCacheEvictIndex: setUnconditionally 0 -> -1
2023-12-01 12:07:41,308 [585524aa-0c42-40b1-8d18-f2722508c145-groupManagement] INFO  server.RaftServer$Division (RaftServerImpl.java:start(392)) - 585524aa-0c42-40b1-8d18-f2722508c145@group-158753A7AC69: start as a follower, conf=-1: peers:[585524aa-0c42-40b1-8d18-f2722508c145|10.1.0.24:15138, e22ca2c5-a776-4b7c-8aca-6a18d36008b3|10.1.0.24:15156, 0d726c29-49a1-421e-8ac7-200c2e9b483b|10.1.0.24:15147]|listeners:[], old=null
2023-12-01 12:07:41,308 [585524aa-0c42-40b1-8d18-f2722508c145-groupManagement] INFO  server.RaftServer$Division (RaftServerImpl.java:setRole(379)) - 585524aa-0c42-40b1-8d18-f2722508c145@group-158753A7AC69: changes role from      null to FOLLOWER at term 0 for startAsFollower
2023-12-01 12:07:41,308 [585524aa-0c42-40b1-8d18-f2722508c145-groupManagement] INFO  impl.RoleInfo (RoleInfo.java:updateAndGet(139)) - 585524aa-0c42-40b1-8d18-f2722508c145: start 585524aa-0c42-40b1-8d18-f2722508c145@group-158753A7AC69-FollowerState
2023-12-01 12:07:41,308 [585524aa-0c42-40b1-8d18-f2722508c145@group-158753A7AC69-FollowerState] INFO  server.RaftServerConfigKeys (ConfUtils.java:logFallback(53)) - raft.server.rpc.first-election.timeout.min = 5s (fallback to raft.server.rpc.timeout.min)
2023-12-01 12:07:41,308 [585524aa-0c42-40b1-8d18-f2722508c145-groupManagement] INFO  util.JmxRegister (JmxRegister.java:tryRegister(44)) - Successfully registered JMX Bean with object name Ratis:service=RaftServer,group=group-158753A7AC69,id=585524aa-0c42-40b1-8d18-f2722508c145
2023-12-01 12:07:41,308 [585524aa-0c42-40b1-8d18-f2722508c145@group-158753A7AC69-FollowerState] INFO  server.RaftServerConfigKeys (ConfUtils.java:logFallback(53)) - raft.server.rpc.first-election.timeout.max = 5200ms (fallback to raft.server.rpc.timeout.max)
2023-12-01 12:07:41,308 [585524aa-0c42-40b1-8d18-f2722508c145-groupManagement] INFO  server.RaftServerConfigKeys (ConfUtils.java:logGet(46)) - raft.server.snapshot.trigger-when-stop.enabled = true (default)
2023-12-01 12:07:41,308 [585524aa-0c42-40b1-8d18-f2722508c145-groupManagement] INFO  server.RaftServerConfigKeys (ConfUtils.java:logGet(46)) - raft.server.snapshot.auto.trigger.enabled = true (custom)
2023-12-01 12:07:41,308 [585524aa-0c42-40b1-8d18-f2722508c145-groupManagement] INFO  server.RaftServerConfigKeys (ConfUtils.java:logGet(46)) - raft.server.snapshot.auto.trigger.threshold = 10000 (custom)
2023-12-01 12:07:41,308 [585524aa-0c42-40b1-8d18-f2722508c145-groupManagement] INFO  server.RaftServerConfigKeys (ConfUtils.java:logGet(46)) - raft.server.snapshot.retention.file.num = 5 (custom)
2023-12-01 12:07:41,308 [585524aa-0c42-40b1-8d18-f2722508c145-groupManagement] INFO  server.RaftServerConfigKeys (ConfUtils.java:logGet(46)) - raft.server.log.purge.upto.snapshot.index = false (default)
2023-12-01 12:07:41,309 [585524aa-0c42-40b1-8d18-f2722508c145-PipelineCommandHandlerThread-0] INFO  ratis.XceiverServerRatis (XceiverServerRatis.java:addGroup(814)) - Created group PipelineID=1568433a-9efd-469f-9dab-158753a7ac69
2023-12-01 12:07:41,316 [grpc-default-executor-0] INFO  server.RaftServer (RaftServerProxy.java:addNew(100)) - e22ca2c5-a776-4b7c-8aca-6a18d36008b3: addNew group-158753A7AC69:[585524aa-0c42-40b1-8d18-f2722508c145|10.1.0.24:15138, e22ca2c5-a776-4b7c-8aca-6a18d36008b3|10.1.0.24:15156, 0d726c29-49a1-421e-8ac7-200c2e9b483b|10.1.0.24:15147] returns group-158753A7AC69:java.util.concurrent.CompletableFuture@67a864e6[Not completed]
2023-12-01 12:07:41,317 [e22ca2c5-a776-4b7c-8aca-6a18d36008b3-groupManagement] INFO  server.RaftServer$Division (RaftServerImpl.java:<init>(256)) - e22ca2c5-a776-4b7c-8aca-6a18d36008b3: new RaftServerImpl for group-158753A7AC69:[585524aa-0c42-40b1-8d18-f2722508c145|10.1.0.24:15138, e22ca2c5-a776-4b7c-8aca-6a18d36008b3|10.1.0.24:15156, 0d726c29-49a1-421e-8ac7-200c2e9b483b|10.1.0.24:15147] with ContainerStateMachine:uninitialized
2023-12-01 12:07:41,317 [e22ca2c5-a776-4b7c-8aca-6a18d36008b3-groupManagement] INFO  server.RaftServerConfigKeys (ConfUtils.java:logGet(46)) - raft.server.rpc.timeout.min = 5s (custom)
2023-12-01 12:07:41,317 [e22ca2c5-a776-4b7c-8aca-6a18d36008b3-groupManagement] INFO  server.RaftServerConfigKeys (ConfUtils.java:logGet(46)) - raft.server.rpc.timeout.max = 5200ms (custom)
2023-12-01 12:07:41,317 [e22ca2c5-a776-4b7c-8aca-6a18d36008b3-groupManagement] INFO  server.RaftServerConfigKeys (ConfUtils.java:logGet(46)) - raft.server.rpc.sleep.time = 25ms (default)
2023-12-01 12:07:41,317 [e22ca2c5-a776-4b7c-8aca-6a18d36008b3-groupManagement] INFO  server.RaftServerConfigKeys (ConfUtils.java:logGet(46)) - raft.server.rpc.slowness.timeout = 300s (custom)
2023-12-01 12:07:41,317 [e22ca2c5-a776-4b7c-8aca-6a18d36008b3-groupManagement] INFO  server.RaftServerConfigKeys (ConfUtils.java:logGet(46)) - raft.server.leaderelection.leader.step-down.wait-time = 10s (default)
2023-12-01 12:07:41,317 [e22ca2c5-a776-4b7c-8aca-6a18d36008b3-groupManagement] INFO  server.RaftServerConfigKeys (ConfUtils.java:logGet(46)) - raft.server.leaderelection.member.majority-add = false (default)
2023-12-01 12:07:41,317 [e22ca2c5-a776-4b7c-8aca-6a18d36008b3-groupManagement] INFO  server.RaftServerConfigKeys (ConfUtils.java:logGet(46)) - raft.server.sleep.deviation.threshold = 300ms (default)
2023-12-01 12:07:41,317 [e22ca2c5-a776-4b7c-8aca-6a18d36008b3-groupManagement] INFO  server.RaftServer$Division (ServerState.java:<init>(113)) - e22ca2c5-a776-4b7c-8aca-6a18d36008b3@group-158753A7AC69: ConfigurationManager, init=-1: peers:[585524aa-0c42-40b1-8d18-f2722508c145|10.1.0.24:15138, e22ca2c5-a776-4b7c-8aca-6a18d36008b3|10.1.0.24:15156, 0d726c29-49a1-421e-8ac7-200c2e9b483b|10.1.0.24:15147]|listeners:[], old=null, confs=<EMPTY_MAP>
2023-12-01 12:07:41,317 [e22ca2c5-a776-4b7c-8aca-6a18d36008b3-groupManagement] INFO  server.RaftServerConfigKeys (ConfUtils.java:logGet(46)) - raft.server.notification.no-leader.timeout = 300s (custom)
2023-12-01 12:07:41,317 [e22ca2c5-a776-4b7c-8aca-6a18d36008b3-groupManagement] INFO  server.RaftServerConfigKeys (ConfUtils.java:logGet(46)) - raft.server.read.timeout = 10s (default)
2023-12-01 12:07:41,317 [e22ca2c5-a776-4b7c-8aca-6a18d36008b3-groupManagement] INFO  server.RaftServerConfigKeys (ConfUtils.java:logGet(46)) - raft.server.retrycache.expirytime = 600000ms (custom)
2023-12-01 12:07:41,317 [e22ca2c5-a776-4b7c-8aca-6a18d36008b3-groupManagement] INFO  server.RaftServerConfigKeys (ConfUtils.java:logGet(46)) - raft.server.retrycache.statistics.expirytime = 100ms (default)
2023-12-01 12:07:41,318 [e22ca2c5-a776-4b7c-8aca-6a18d36008b3-groupManagement] INFO  server.RaftServerConfigKeys (ConfUtils.java:logGet(46)) - raft.server.read.option = DEFAULT (default)
2023-12-01 12:07:41,318 [e22ca2c5-a776-4b7c-8aca-6a18d36008b3-groupManagement] INFO  server.RaftServerConfigKeys (ConfUtils.java:logGet(46)) - raft.server.read.read-after-write-consistent.write-index-cache.expiry-time = 60s (default)
2023-12-01 12:07:41,319 [e22ca2c5-a776-4b7c-8aca-6a18d36008b3-groupManagement] INFO  server.RaftServerConfigKeys (ConfUtils.java:logGet(46)) - raft.server.rpc.request.timeout = 60s (custom)
2023-12-01 12:07:41,319 [e22ca2c5-a776-4b7c-8aca-6a18d36008b3-groupManagement] INFO  server.RaftServerConfigKeys (ConfUtils.java:logGet(46)) - raft.server.log.appender.install.snapshot.enabled = false (custom)
2023-12-01 12:07:41,320 [e22ca2c5-a776-4b7c-8aca-6a18d36008b3-groupManagement] INFO  server.RaftServerConfigKeys (ConfUtils.java:logGet(46)) - raft.server.threadpool.server.cached = true (default)
2023-12-01 12:07:41,320 [e22ca2c5-a776-4b7c-8aca-6a18d36008b3-groupManagement] INFO  server.RaftServerConfigKeys (ConfUtils.java:logGet(46)) - raft.server.threadpool.server.size = 0 (default)
2023-12-01 12:07:41,320 [e22ca2c5-a776-4b7c-8aca-6a18d36008b3-groupManagement] INFO  server.RaftServerConfigKeys (ConfUtils.java:logGet(46)) - raft.server.threadpool.client.cached = true (default)
2023-12-01 12:07:41,320 [e22ca2c5-a776-4b7c-8aca-6a18d36008b3-groupManagement] INFO  server.RaftServerConfigKeys (ConfUtils.java:logGet(46)) - raft.server.threadpool.client.size = 0 (default)
2023-12-01 12:07:41,320 [e22ca2c5-a776-4b7c-8aca-6a18d36008b3-groupManagement] INFO  server.RaftServerConfigKeys (ConfUtils.java:logGet(46)) - raft.server.storage.free-space.min = 0MB (=0) (default)
2023-12-01 12:07:41,320 [e22ca2c5-a776-4b7c-8aca-6a18d36008b3-groupManagement] INFO  server.RaftServerConfigKeys (ConfUtils.java:logGet(46)) - raft.server.log.corruption.policy = EXCEPTION (default)
2023-12-01 12:07:41,320 [e22ca2c5-a776-4b7c-8aca-6a18d36008b3-groupManagement] INFO  server.RaftServerConfigKeys (ConfUtils.java:logGet(46)) - raft.server.storage.dir = [/home/runner/work/ozone/ozone/hadoop-ozone/integration-test/target/test-dir/MiniOzoneClusterImpl-b249f779-13f2-4d94-9d49-8f38c7514c74/datanode-5/data/ratis] (custom)
2023-12-01 12:07:41,320 [e22ca2c5-a776-4b7c-8aca-6a18d36008b3-groupManagement] INFO  storage.RaftStorageDirectory (RaftStorageDirectoryImpl.java:analyzeStorage(138)) - The storage directory /home/runner/work/ozone/ozone/hadoop-ozone/integration-test/target/test-dir/MiniOzoneClusterImpl-b249f779-13f2-4d94-9d49-8f38c7514c74/datanode-5/data/ratis/1568433a-9efd-469f-9dab-158753a7ac69 does not exist. Creating ...
2023-12-01 12:07:41,321 [e22ca2c5-a776-4b7c-8aca-6a18d36008b3-groupManagement] INFO  storage.RaftStorageDirectory (RaftStorageDirectoryImpl.java:tryLock(232)) - Lock on /home/runner/work/ozone/ozone/hadoop-ozone/integration-test/target/test-dir/MiniOzoneClusterImpl-b249f779-13f2-4d94-9d49-8f38c7514c74/datanode-5/data/ratis/1568433a-9efd-469f-9dab-158753a7ac69/in_use.lock acquired by nodename 15370@fv-az1423-675
2023-12-01 12:07:41,322 [e22ca2c5-a776-4b7c-8aca-6a18d36008b3-groupManagement] INFO  storage.RaftStorage (RaftStorageImpl.java:format(97)) - Storage directory /home/runner/work/ozone/ozone/hadoop-ozone/integration-test/target/test-dir/MiniOzoneClusterImpl-b249f779-13f2-4d94-9d49-8f38c7514c74/datanode-5/data/ratis/1568433a-9efd-469f-9dab-158753a7ac69 has been successfully formatted.
2023-12-01 12:07:41,323 [e22ca2c5-a776-4b7c-8aca-6a18d36008b3-groupManagement] INFO  ratis.ContainerStateMachine (ContainerStateMachine.java:loadSnapshot(269)) - group-158753A7AC69: The snapshot info is null. Setting the last applied indexto:(t:0, i:~)
2023-12-01 12:07:41,323 [e22ca2c5-a776-4b7c-8aca-6a18d36008b3-groupManagement] INFO  server.RaftServerConfigKeys (ConfUtils.java:logGet(46)) - raft.server.log.use.memory = false (default)
2023-12-01 12:07:41,323 [e22ca2c5-a776-4b7c-8aca-6a18d36008b3-groupManagement] INFO  server.RaftServerConfigKeys (ConfUtils.java:logGet(46)) - raft.server.log.purge.gap = 1000000 (custom)
2023-12-01 12:07:41,324 [e22ca2c5-a776-4b7c-8aca-6a18d36008b3-groupManagement] INFO  server.RaftServerConfigKeys (ConfUtils.java:logGet(46)) - raft.server.log.appender.buffer.byte-limit = 33554432 (custom)
2023-12-01 12:07:41,324 [e22ca2c5-a776-4b7c-8aca-6a18d36008b3-groupManagement] INFO  server.RaftServerConfigKeys (ConfUtils.java:logGet(46)) - raft.server.log.statemachine.data.read.timeout = 1000ms (default)
2023-12-01 12:07:41,324 [e22ca2c5-a776-4b7c-8aca-6a18d36008b3-groupManagement] INFO  server.RaftServerConfigKeys (ConfUtils.java:logGet(46)) - raft.server.log.purge.preservation.log.num = 0 (default)
2023-12-01 12:07:41,325 [e22ca2c5-a776-4b7c-8aca-6a18d36008b3-groupManagement] INFO  server.RaftServerConfigKeys (ConfUtils.java:logGet(46)) - raft.server.log.segment.size.max = 67108864 (custom)
2023-12-01 12:07:41,325 [e22ca2c5-a776-4b7c-8aca-6a18d36008b3-groupManagement] INFO  server.RaftServerConfigKeys (ConfUtils.java:logGet(46)) - raft.server.log.segment.cache.num.max = 2 (custom)
2023-12-01 12:07:41,325 [e22ca2c5-a776-4b7c-8aca-6a18d36008b3-groupManagement] INFO  server.RaftServerConfigKeys (ConfUtils.java:logGet(46)) - raft.server.log.segment.cache.size.max = 200MB (=209715200) (default)
2023-12-01 12:07:41,325 [e22ca2c5-a776-4b7c-8aca-6a18d36008b3-groupManagement] INFO  server.RaftServerConfigKeys (ConfUtils.java:logGet(46)) - raft.server.log.appender.buffer.byte-limit = 33554432 (custom)
2023-12-01 12:07:41,325 [e22ca2c5-a776-4b7c-8aca-6a18d36008b3-groupManagement] INFO  util.AwaitToRun (AwaitToRun.java:start(81)) - Thread[e22ca2c5-a776-4b7c-8aca-6a18d36008b3@group-158753A7AC69-cacheEviction-AwaitToRun,5,main] started
2023-12-01 12:07:41,325 [e22ca2c5-a776-4b7c-8aca-6a18d36008b3-groupManagement] INFO  segmented.SegmentedRaftLogWorker (SegmentedRaftLogWorker.java:<init>(184)) - new e22ca2c5-a776-4b7c-8aca-6a18d36008b3@group-158753A7AC69-SegmentedRaftLogWorker for RaftStorageImpl:Storage Directory /home/runner/work/ozone/ozone/hadoop-ozone/integration-test/target/test-dir/MiniOzoneClusterImpl-b249f779-13f2-4d94-9d49-8f38c7514c74/datanode-5/data/ratis/1568433a-9efd-469f-9dab-158753a7ac69
2023-12-01 12:07:41,325 [e22ca2c5-a776-4b7c-8aca-6a18d36008b3-groupManagement] INFO  server.RaftServerConfigKeys (ConfUtils.java:logGet(46)) - raft.server.log.queue.byte-limit = 4294967296 (custom)
2023-12-01 12:07:41,326 [e22ca2c5-a776-4b7c-8aca-6a18d36008b3-groupManagement] INFO  server.RaftServerConfigKeys (ConfUtils.java:logGet(46)) - raft.server.log.queue.element-limit = 1024 (custom)
2023-12-01 12:07:41,326 [e22ca2c5-a776-4b7c-8aca-6a18d36008b3-groupManagement] INFO  server.RaftServerConfigKeys (ConfUtils.java:logGet(46)) - raft.server.log.segment.size.max = 67108864 (custom)
2023-12-01 12:07:41,326 [e22ca2c5-a776-4b7c-8aca-6a18d36008b3-groupManagement] INFO  server.RaftServerConfigKeys (ConfUtils.java:logGet(46)) - raft.server.log.preallocated.size = 4194304 (custom)
2023-12-01 12:07:41,326 [e22ca2c5-a776-4b7c-8aca-6a18d36008b3-groupManagement] INFO  server.RaftServerConfigKeys (ConfUtils.java:logGet(46)) - raft.server.log.force.sync.num = 128 (default)
2023-12-01 12:07:41,326 [e22ca2c5-a776-4b7c-8aca-6a18d36008b3-groupManagement] INFO  server.RaftServerConfigKeys (ConfUtils.java:logGet(46)) - raft.server.log.statemachine.data.sync = true (default)
2023-12-01 12:07:41,326 [e22ca2c5-a776-4b7c-8aca-6a18d36008b3-groupManagement] INFO  server.RaftServerConfigKeys (ConfUtils.java:logGet(46)) - raft.server.log.statemachine.data.sync.timeout = 10s (default)
2023-12-01 12:07:41,326 [e22ca2c5-a776-4b7c-8aca-6a18d36008b3-groupManagement] INFO  server.RaftServerConfigKeys (ConfUtils.java:logGet(46)) - raft.server.log.statemachine.data.sync.timeout.retry = -1 (default)
2023-12-01 12:07:41,326 [e22ca2c5-a776-4b7c-8aca-6a18d36008b3-groupManagement] INFO  server.RaftServerConfigKeys (ConfUtils.java:logGet(46)) - raft.server.log.write.buffer.size = 2097152 (custom)
2023-12-01 12:07:41,327 [e22ca2c5-a776-4b7c-8aca-6a18d36008b3-groupManagement] INFO  server.RaftServerConfigKeys (ConfUtils.java:logGet(46)) - raft.server.log.appender.buffer.byte-limit = 33554432 (custom)
2023-12-01 12:07:41,329 [e22ca2c5-a776-4b7c-8aca-6a18d36008b3-groupManagement] INFO  server.RaftServerConfigKeys (ConfUtils.java:logGet(46)) - raft.server.log.unsafe-flush.enabled = false (default)
2023-12-01 12:07:41,329 [e22ca2c5-a776-4b7c-8aca-6a18d36008b3-groupManagement] INFO  server.RaftServerConfigKeys (ConfUtils.java:logGet(46)) - raft.server.log.async-flush.enabled = false (default)
2023-12-01 12:07:41,329 [e22ca2c5-a776-4b7c-8aca-6a18d36008b3-groupManagement] INFO  server.RaftServerConfigKeys (ConfUtils.java:logGet(46)) - raft.server.log.statemachine.data.caching.enabled = true (custom)
2023-12-01 12:07:41,329 [e22ca2c5-a776-4b7c-8aca-6a18d36008b3-groupManagement] INFO  segmented.SegmentedRaftLogWorker (SegmentedRaftLogWorker.java:lambda$new$0(135)) - e22ca2c5-a776-4b7c-8aca-6a18d36008b3@group-158753A7AC69-SegmentedRaftLogWorker: flushIndex: setUnconditionally 0 -> -1
2023-12-01 12:07:41,329 [e22ca2c5-a776-4b7c-8aca-6a18d36008b3-groupManagement] INFO  segmented.SegmentedRaftLogWorker (SegmentedRaftLogWorker.java:lambda$new$0(135)) - e22ca2c5-a776-4b7c-8aca-6a18d36008b3@group-158753A7AC69-SegmentedRaftLogWorker: safeCacheEvictIndex: setUnconditionally 0 -> -1
2023-12-01 12:07:41,329 [e22ca2c5-a776-4b7c-8aca-6a18d36008b3-groupManagement] INFO  server.RaftServer$Division (RaftServerImpl.java:start(392)) - e22ca2c5-a776-4b7c-8aca-6a18d36008b3@group-158753A7AC69: start as a follower, conf=-1: peers:[585524aa-0c42-40b1-8d18-f2722508c145|10.1.0.24:15138, e22ca2c5-a776-4b7c-8aca-6a18d36008b3|10.1.0.24:15156, 0d726c29-49a1-421e-8ac7-200c2e9b483b|10.1.0.24:15147]|listeners:[], old=null
2023-12-01 12:07:41,329 [e22ca2c5-a776-4b7c-8aca-6a18d36008b3-groupManagement] INFO  server.RaftServer$Division (RaftServerImpl.java:setRole(379)) - e22ca2c5-a776-4b7c-8aca-6a18d36008b3@group-158753A7AC69: changes role from      null to FOLLOWER at term 0 for startAsFollower
2023-12-01 12:07:41,329 [e22ca2c5-a776-4b7c-8aca-6a18d36008b3-groupManagement] INFO  impl.RoleInfo (RoleInfo.java:updateAndGet(139)) - e22ca2c5-a776-4b7c-8aca-6a18d36008b3: start e22ca2c5-a776-4b7c-8aca-6a18d36008b3@group-158753A7AC69-FollowerState
2023-12-01 12:07:41,330 [e22ca2c5-a776-4b7c-8aca-6a18d36008b3@group-158753A7AC69-FollowerState] INFO  server.RaftServerConfigKeys (ConfUtils.java:logFallback(53)) - raft.server.rpc.first-election.timeout.min = 5s (fallback to raft.server.rpc.timeout.min)
2023-12-01 12:07:41,330 [e22ca2c5-a776-4b7c-8aca-6a18d36008b3-groupManagement] INFO  util.JmxRegister (JmxRegister.java:tryRegister(44)) - Successfully registered JMX Bean with object name Ratis:service=RaftServer,group=group-158753A7AC69,id=e22ca2c5-a776-4b7c-8aca-6a18d36008b3
2023-12-01 12:07:41,330 [e22ca2c5-a776-4b7c-8aca-6a18d36008b3@group-158753A7AC69-FollowerState] INFO  server.RaftServerConfigKeys (ConfUtils.java:logFallback(53)) - raft.server.rpc.first-election.timeout.max = 5200ms (fallback to raft.server.rpc.timeout.max)
2023-12-01 12:07:41,330 [e22ca2c5-a776-4b7c-8aca-6a18d36008b3-groupManagement] INFO  server.RaftServerConfigKeys (ConfUtils.java:logGet(46)) - raft.server.snapshot.trigger-when-stop.enabled = true (default)
2023-12-01 12:07:41,330 [e22ca2c5-a776-4b7c-8aca-6a18d36008b3-groupManagement] INFO  server.RaftServerConfigKeys (ConfUtils.java:logGet(46)) - raft.server.snapshot.auto.trigger.enabled = true (custom)
2023-12-01 12:07:41,330 [e22ca2c5-a776-4b7c-8aca-6a18d36008b3-groupManagement] INFO  server.RaftServerConfigKeys (ConfUtils.java:logGet(46)) - raft.server.snapshot.auto.trigger.threshold = 10000 (custom)
2023-12-01 12:07:41,330 [e22ca2c5-a776-4b7c-8aca-6a18d36008b3-groupManagement] INFO  server.RaftServerConfigKeys (ConfUtils.java:logGet(46)) - raft.server.snapshot.retention.file.num = 5 (custom)
2023-12-01 12:07:41,330 [e22ca2c5-a776-4b7c-8aca-6a18d36008b3-groupManagement] INFO  server.RaftServerConfigKeys (ConfUtils.java:logGet(46)) - raft.server.log.purge.upto.snapshot.index = false (default)
2023-12-01 12:07:41,342 [grpc-default-executor-0] INFO  server.RaftServer (RaftServerProxy.java:addNew(100)) - 0d726c29-49a1-421e-8ac7-200c2e9b483b: addNew group-158753A7AC69:[585524aa-0c42-40b1-8d18-f2722508c145|10.1.0.24:15138, e22ca2c5-a776-4b7c-8aca-6a18d36008b3|10.1.0.24:15156, 0d726c29-49a1-421e-8ac7-200c2e9b483b|10.1.0.24:15147] returns group-158753A7AC69:java.util.concurrent.CompletableFuture@765c1b5e[Not completed]
2023-12-01 12:07:41,343 [0d726c29-49a1-421e-8ac7-200c2e9b483b-groupManagement] INFO  server.RaftServer$Division (RaftServerImpl.java:<init>(256)) - 0d726c29-49a1-421e-8ac7-200c2e9b483b: new RaftServerImpl for group-158753A7AC69:[585524aa-0c42-40b1-8d18-f2722508c145|10.1.0.24:15138, e22ca2c5-a776-4b7c-8aca-6a18d36008b3|10.1.0.24:15156, 0d726c29-49a1-421e-8ac7-200c2e9b483b|10.1.0.24:15147] with ContainerStateMachine:uninitialized
2023-12-01 12:07:41,343 [0d726c29-49a1-421e-8ac7-200c2e9b483b-groupManagement] INFO  server.RaftServerConfigKeys (ConfUtils.java:logGet(46)) - raft.server.rpc.timeout.min = 5s (custom)
2023-12-01 12:07:41,343 [0d726c29-49a1-421e-8ac7-200c2e9b483b-groupManagement] INFO  server.RaftServerConfigKeys (ConfUtils.java:logGet(46)) - raft.server.rpc.timeout.max = 5200ms (custom)
2023-12-01 12:07:41,343 [0d726c29-49a1-421e-8ac7-200c2e9b483b-groupManagement] INFO  server.RaftServerConfigKeys (ConfUtils.java:logGet(46)) - raft.server.rpc.sleep.time = 25ms (default)
2023-12-01 12:07:41,343 [0d726c29-49a1-421e-8ac7-200c2e9b483b-groupManagement] INFO  server.RaftServerConfigKeys (ConfUtils.java:logGet(46)) - raft.server.rpc.slowness.timeout = 300s (custom)
2023-12-01 12:07:41,343 [0d726c29-49a1-421e-8ac7-200c2e9b483b-groupManagement] INFO  server.RaftServerConfigKeys (ConfUtils.java:logGet(46)) - raft.server.leaderelection.leader.step-down.wait-time = 10s (default)
2023-12-01 12:07:41,343 [0d726c29-49a1-421e-8ac7-200c2e9b483b-groupManagement] INFO  server.RaftServerConfigKeys (ConfUtils.java:logGet(46)) - raft.server.leaderelection.member.majority-add = false (default)
2023-12-01 12:07:41,343 [0d726c29-49a1-421e-8ac7-200c2e9b483b-groupManagement] INFO  server.RaftServerConfigKeys (ConfUtils.java:logGet(46)) - raft.server.sleep.deviation.threshold = 300ms (default)
2023-12-01 12:07:41,343 [0d726c29-49a1-421e-8ac7-200c2e9b483b-groupManagement] INFO  server.RaftServer$Division (ServerState.java:<init>(113)) - 0d726c29-49a1-421e-8ac7-200c2e9b483b@group-158753A7AC69: ConfigurationManager, init=-1: peers:[585524aa-0c42-40b1-8d18-f2722508c145|10.1.0.24:15138, e22ca2c5-a776-4b7c-8aca-6a18d36008b3|10.1.0.24:15156, 0d726c29-49a1-421e-8ac7-200c2e9b483b|10.1.0.24:15147]|listeners:[], old=null, confs=<EMPTY_MAP>
2023-12-01 12:07:41,343 [0d726c29-49a1-421e-8ac7-200c2e9b483b-groupManagement] INFO  server.RaftServerConfigKeys (ConfUtils.java:logGet(46)) - raft.server.notification.no-leader.timeout = 300s (custom)
2023-12-01 12:07:41,343 [0d726c29-49a1-421e-8ac7-200c2e9b483b-groupManagement] INFO  server.RaftServerConfigKeys (ConfUtils.java:logGet(46)) - raft.server.read.timeout = 10s (default)
2023-12-01 12:07:41,344 [0d726c29-49a1-421e-8ac7-200c2e9b483b-groupManagement] INFO  server.RaftServerConfigKeys (ConfUtils.java:logGet(46)) - raft.server.retrycache.expirytime = 600000ms (custom)
2023-12-01 12:07:41,344 [0d726c29-49a1-421e-8ac7-200c2e9b483b-groupManagement] INFO  server.RaftServerConfigKeys (ConfUtils.java:logGet(46)) - raft.server.retrycache.statistics.expirytime = 100ms (default)
2023-12-01 12:07:41,344 [0d726c29-49a1-421e-8ac7-200c2e9b483b-groupManagement] INFO  server.RaftServerConfigKeys (ConfUtils.java:logGet(46)) - raft.server.read.option = DEFAULT (default)
2023-12-01 12:07:41,344 [0d726c29-49a1-421e-8ac7-200c2e9b483b-groupManagement] INFO  server.RaftServerConfigKeys (ConfUtils.java:logGet(46)) - raft.server.read.read-after-write-consistent.write-index-cache.expiry-time = 60s (default)
2023-12-01 12:07:41,345 [0d726c29-49a1-421e-8ac7-200c2e9b483b-groupManagement] INFO  server.RaftServerConfigKeys (ConfUtils.java:logGet(46)) - raft.server.rpc.request.timeout = 60s (custom)
2023-12-01 12:07:41,345 [0d726c29-49a1-421e-8ac7-200c2e9b483b-groupManagement] INFO  server.RaftServerConfigKeys (ConfUtils.java:logGet(46)) - raft.server.log.appender.install.snapshot.enabled = false (custom)
2023-12-01 12:07:41,345 [0d726c29-49a1-421e-8ac7-200c2e9b483b-groupManagement] INFO  server.RaftServerConfigKeys (ConfUtils.java:logGet(46)) - raft.server.threadpool.server.cached = true (default)
2023-12-01 12:07:41,345 [0d726c29-49a1-421e-8ac7-200c2e9b483b-groupManagement] INFO  server.RaftServerConfigKeys (ConfUtils.java:logGet(46)) - raft.server.threadpool.server.size = 0 (default)
2023-12-01 12:07:41,345 [0d726c29-49a1-421e-8ac7-200c2e9b483b-groupManagement] INFO  server.RaftServerConfigKeys (ConfUtils.java:logGet(46)) - raft.server.threadpool.client.cached = true (default)
2023-12-01 12:07:41,345 [0d726c29-49a1-421e-8ac7-200c2e9b483b-groupManagement] INFO  server.RaftServerConfigKeys (ConfUtils.java:logGet(46)) - raft.server.threadpool.client.size = 0 (default)
2023-12-01 12:07:41,345 [0d726c29-49a1-421e-8ac7-200c2e9b483b-groupManagement] INFO  server.RaftServerConfigKeys (ConfUtils.java:logGet(46)) - raft.server.storage.free-space.min = 0MB (=0) (default)
2023-12-01 12:07:41,345 [0d726c29-49a1-421e-8ac7-200c2e9b483b-groupManagement] INFO  server.RaftServerConfigKeys (ConfUtils.java:logGet(46)) - raft.server.log.corruption.policy = EXCEPTION (default)
2023-12-01 12:07:41,345 [0d726c29-49a1-421e-8ac7-200c2e9b483b-groupManagement] INFO  server.RaftServerConfigKeys (ConfUtils.java:logGet(46)) - raft.server.storage.dir = [/home/runner/work/ozone/ozone/hadoop-ozone/integration-test/target/test-dir/MiniOzoneClusterImpl-b249f779-13f2-4d94-9d49-8f38c7514c74/datanode-4/data/ratis] (custom)
2023-12-01 12:07:41,346 [0d726c29-49a1-421e-8ac7-200c2e9b483b-groupManagement] INFO  storage.RaftStorageDirectory (RaftStorageDirectoryImpl.java:analyzeStorage(138)) - The storage directory /home/runner/work/ozone/ozone/hadoop-ozone/integration-test/target/test-dir/MiniOzoneClusterImpl-b249f779-13f2-4d94-9d49-8f38c7514c74/datanode-4/data/ratis/1568433a-9efd-469f-9dab-158753a7ac69 does not exist. Creating ...
2023-12-01 12:07:41,346 [0d726c29-49a1-421e-8ac7-200c2e9b483b-groupManagement] INFO  storage.RaftStorageDirectory (RaftStorageDirectoryImpl.java:tryLock(232)) - Lock on /home/runner/work/ozone/ozone/hadoop-ozone/integration-test/target/test-dir/MiniOzoneClusterImpl-b249f779-13f2-4d94-9d49-8f38c7514c74/datanode-4/data/ratis/1568433a-9efd-469f-9dab-158753a7ac69/in_use.lock acquired by nodename 15370@fv-az1423-675
2023-12-01 12:07:41,347 [0d726c29-49a1-421e-8ac7-200c2e9b483b-groupManagement] INFO  storage.RaftStorage (RaftStorageImpl.java:format(97)) - Storage directory /home/runner/work/ozone/ozone/hadoop-ozone/integration-test/target/test-dir/MiniOzoneClusterImpl-b249f779-13f2-4d94-9d49-8f38c7514c74/datanode-4/data/ratis/1568433a-9efd-469f-9dab-158753a7ac69 has been successfully formatted.
2023-12-01 12:07:41,348 [0d726c29-49a1-421e-8ac7-200c2e9b483b-groupManagement] INFO  ratis.ContainerStateMachine (ContainerStateMachine.java:loadSnapshot(269)) - group-158753A7AC69: The snapshot info is null. Setting the last applied indexto:(t:0, i:~)
2023-12-01 12:07:41,348 [0d726c29-49a1-421e-8ac7-200c2e9b483b-groupManagement] INFO  server.RaftServerConfigKeys (ConfUtils.java:logGet(46)) - raft.server.log.use.memory = false (default)
2023-12-01 12:07:41,349 [0d726c29-49a1-421e-8ac7-200c2e9b483b-groupManagement] INFO  server.RaftServerConfigKeys (ConfUtils.java:logGet(46)) - raft.server.log.purge.gap = 1000000 (custom)
2023-12-01 12:07:41,349 [0d726c29-49a1-421e-8ac7-200c2e9b483b-groupManagement] INFO  server.RaftServerConfigKeys (ConfUtils.java:logGet(46)) - raft.server.log.appender.buffer.byte-limit = 33554432 (custom)
2023-12-01 12:07:41,349 [0d726c29-49a1-421e-8ac7-200c2e9b483b-groupManagement] INFO  server.RaftServerConfigKeys (ConfUtils.java:logGet(46)) - raft.server.log.statemachine.data.read.timeout = 1000ms (default)
2023-12-01 12:07:41,349 [0d726c29-49a1-421e-8ac7-200c2e9b483b-groupManagement] INFO  server.RaftServerConfigKeys (ConfUtils.java:logGet(46)) - raft.server.log.purge.preservation.log.num = 0 (default)
2023-12-01 12:07:41,350 [0d726c29-49a1-421e-8ac7-200c2e9b483b-groupManagement] INFO  server.RaftServerConfigKeys (ConfUtils.java:logGet(46)) - raft.server.log.segment.size.max = 67108864 (custom)
2023-12-01 12:07:41,350 [0d726c29-49a1-421e-8ac7-200c2e9b483b-groupManagement] INFO  server.RaftServerConfigKeys (ConfUtils.java:logGet(46)) - raft.server.log.segment.cache.num.max = 2 (custom)
2023-12-01 12:07:41,350 [0d726c29-49a1-421e-8ac7-200c2e9b483b-groupManagement] INFO  server.RaftServerConfigKeys (ConfUtils.java:logGet(46)) - raft.server.log.segment.cache.size.max = 200MB (=209715200) (default)
2023-12-01 12:07:41,350 [0d726c29-49a1-421e-8ac7-200c2e9b483b-groupManagement] INFO  server.RaftServerConfigKeys (ConfUtils.java:logGet(46)) - raft.server.log.appender.buffer.byte-limit = 33554432 (custom)
2023-12-01 12:07:41,351 [0d726c29-49a1-421e-8ac7-200c2e9b483b-groupManagement] INFO  util.AwaitToRun (AwaitToRun.java:start(81)) - Thread[0d726c29-49a1-421e-8ac7-200c2e9b483b@group-158753A7AC69-cacheEviction-AwaitToRun,5,main] started
2023-12-01 12:07:41,351 [0d726c29-49a1-421e-8ac7-200c2e9b483b-groupManagement] INFO  segmented.SegmentedRaftLogWorker (SegmentedRaftLogWorker.java:<init>(184)) - new 0d726c29-49a1-421e-8ac7-200c2e9b483b@group-158753A7AC69-SegmentedRaftLogWorker for RaftStorageImpl:Storage Directory /home/runner/work/ozone/ozone/hadoop-ozone/integration-test/target/test-dir/MiniOzoneClusterImpl-b249f779-13f2-4d94-9d49-8f38c7514c74/datanode-4/data/ratis/1568433a-9efd-469f-9dab-158753a7ac69
2023-12-01 12:07:41,351 [0d726c29-49a1-421e-8ac7-200c2e9b483b-groupManagement] INFO  server.RaftServerConfigKeys (ConfUtils.java:logGet(46)) - raft.server.log.queue.byte-limit = 4294967296 (custom)
2023-12-01 12:07:41,351 [0d726c29-49a1-421e-8ac7-200c2e9b483b-groupManagement] INFO  server.RaftServerConfigKeys (ConfUtils.java:logGet(46)) - raft.server.log.queue.element-limit = 1024 (custom)
2023-12-01 12:07:41,351 [0d726c29-49a1-421e-8ac7-200c2e9b483b-groupManagement] INFO  server.RaftServerConfigKeys (ConfUtils.java:logGet(46)) - raft.server.log.segment.size.max = 67108864 (custom)
2023-12-01 12:07:41,351 [0d726c29-49a1-421e-8ac7-200c2e9b483b-groupManagement] INFO  server.RaftServerConfigKeys (ConfUtils.java:logGet(46)) - raft.server.log.preallocated.size = 4194304 (custom)
2023-12-01 12:07:41,351 [0d726c29-49a1-421e-8ac7-200c2e9b483b-groupManagement] INFO  server.RaftServerConfigKeys (ConfUtils.java:logGet(46)) - raft.server.log.force.sync.num = 128 (default)
2023-12-01 12:07:41,351 [0d726c29-49a1-421e-8ac7-200c2e9b483b-groupManagement] INFO  server.RaftServerConfigKeys (ConfUtils.java:logGet(46)) - raft.server.log.statemachine.data.sync = true (default)
2023-12-01 12:07:41,351 [0d726c29-49a1-421e-8ac7-200c2e9b483b-groupManagement] INFO  server.RaftServerConfigKeys (ConfUtils.java:logGet(46)) - raft.server.log.statemachine.data.sync.timeout = 10s (default)
2023-12-01 12:07:41,351 [0d726c29-49a1-421e-8ac7-200c2e9b483b-groupManagement] INFO  server.RaftServerConfigKeys (ConfUtils.java:logGet(46)) - raft.server.log.statemachine.data.sync.timeout.retry = -1 (default)
2023-12-01 12:07:41,351 [0d726c29-49a1-421e-8ac7-200c2e9b483b-groupManagement] INFO  server.RaftServerConfigKeys (ConfUtils.java:logGet(46)) - raft.server.log.write.buffer.size = 2097152 (custom)
2023-12-01 12:07:41,352 [0d726c29-49a1-421e-8ac7-200c2e9b483b-groupManagement] INFO  server.RaftServerConfigKeys (ConfUtils.java:logGet(46)) - raft.server.log.appender.buffer.byte-limit = 33554432 (custom)
2023-12-01 12:07:41,354 [0d726c29-49a1-421e-8ac7-200c2e9b483b-groupManagement] INFO  server.RaftServerConfigKeys (ConfUtils.java:logGet(46)) - raft.server.log.unsafe-flush.enabled = false (default)
2023-12-01 12:07:41,354 [0d726c29-49a1-421e-8ac7-200c2e9b483b-groupManagement] INFO  server.RaftServerConfigKeys (ConfUtils.java:logGet(46)) - raft.server.log.async-flush.enabled = false (default)
2023-12-01 12:07:41,354 [0d726c29-49a1-421e-8ac7-200c2e9b483b-groupManagement] INFO  server.RaftServerConfigKeys (ConfUtils.java:logGet(46)) - raft.server.log.statemachine.data.caching.enabled = true (custom)
2023-12-01 12:07:41,354 [0d726c29-49a1-421e-8ac7-200c2e9b483b-groupManagement] INFO  segmented.SegmentedRaftLogWorker (SegmentedRaftLogWorker.java:lambda$new$0(135)) - 0d726c29-49a1-421e-8ac7-200c2e9b483b@group-158753A7AC69-SegmentedRaftLogWorker: flushIndex: setUnconditionally 0 -> -1
2023-12-01 12:07:41,354 [0d726c29-49a1-421e-8ac7-200c2e9b483b-groupManagement] INFO  segmented.SegmentedRaftLogWorker (SegmentedRaftLogWorker.java:lambda$new$0(135)) - 0d726c29-49a1-421e-8ac7-200c2e9b483b@group-158753A7AC69-SegmentedRaftLogWorker: safeCacheEvictIndex: setUnconditionally 0 -> -1
2023-12-01 12:07:41,354 [0d726c29-49a1-421e-8ac7-200c2e9b483b-groupManagement] INFO  server.RaftServer$Division (RaftServerImpl.java:start(392)) - 0d726c29-49a1-421e-8ac7-200c2e9b483b@group-158753A7AC69: start as a follower, conf=-1: peers:[585524aa-0c42-40b1-8d18-f2722508c145|10.1.0.24:15138, e22ca2c5-a776-4b7c-8aca-6a18d36008b3|10.1.0.24:15156, 0d726c29-49a1-421e-8ac7-200c2e9b483b|10.1.0.24:15147]|listeners:[], old=null
2023-12-01 12:07:41,354 [0d726c29-49a1-421e-8ac7-200c2e9b483b-groupManagement] INFO  server.RaftServer$Division (RaftServerImpl.java:setRole(379)) - 0d726c29-49a1-421e-8ac7-200c2e9b483b@group-158753A7AC69: changes role from      null to FOLLOWER at term 0 for startAsFollower
2023-12-01 12:07:41,354 [0d726c29-49a1-421e-8ac7-200c2e9b483b-groupManagement] INFO  impl.RoleInfo (RoleInfo.java:updateAndGet(139)) - 0d726c29-49a1-421e-8ac7-200c2e9b483b: start 0d726c29-49a1-421e-8ac7-200c2e9b483b@group-158753A7AC69-FollowerState
2023-12-01 12:07:41,354 [0d726c29-49a1-421e-8ac7-200c2e9b483b@group-158753A7AC69-FollowerState] INFO  server.RaftServerConfigKeys (ConfUtils.java:logFallback(53)) - raft.server.rpc.first-election.timeout.min = 5s (fallback to raft.server.rpc.timeout.min)
2023-12-01 12:07:41,354 [0d726c29-49a1-421e-8ac7-200c2e9b483b-groupManagement] INFO  util.JmxRegister (JmxRegister.java:tryRegister(44)) - Successfully registered JMX Bean with object name Ratis:service=RaftServer,group=group-158753A7AC69,id=0d726c29-49a1-421e-8ac7-200c2e9b483b
2023-12-01 12:07:41,354 [0d726c29-49a1-421e-8ac7-200c2e9b483b@group-158753A7AC69-FollowerState] INFO  server.RaftServerConfigKeys (ConfUtils.java:logFallback(53)) - raft.server.rpc.first-election.timeout.max = 5200ms (fallback to raft.server.rpc.timeout.max)
2023-12-01 12:07:41,354 [0d726c29-49a1-421e-8ac7-200c2e9b483b-groupManagement] INFO  server.RaftServerConfigKeys (ConfUtils.java:logGet(46)) - raft.server.snapshot.trigger-when-stop.enabled = true (default)
2023-12-01 12:07:41,355 [0d726c29-49a1-421e-8ac7-200c2e9b483b-groupManagement] INFO  server.RaftServerConfigKeys (ConfUtils.java:logGet(46)) - raft.server.snapshot.auto.trigger.enabled = true (custom)
2023-12-01 12:07:41,355 [0d726c29-49a1-421e-8ac7-200c2e9b483b-groupManagement] INFO  server.RaftServerConfigKeys (ConfUtils.java:logGet(46)) - raft.server.snapshot.auto.trigger.threshold = 10000 (custom)
2023-12-01 12:07:41,355 [0d726c29-49a1-421e-8ac7-200c2e9b483b-groupManagement] INFO  server.RaftServerConfigKeys (ConfUtils.java:logGet(46)) - raft.server.snapshot.retention.file.num = 5 (custom)
2023-12-01 12:07:41,355 [0d726c29-49a1-421e-8ac7-200c2e9b483b-groupManagement] INFO  server.RaftServerConfigKeys (ConfUtils.java:logGet(46)) - raft.server.log.purge.upto.snapshot.index = false (default)
2023-12-01 12:07:41,360 [585524aa-0c42-40b1-8d18-f2722508c145-PipelineCommandHandlerThread-0] INFO  commandhandler.CreatePipelineCommandHandler (CreatePipelineCommandHandler.java:lambda$handle$2(124)) - Created Pipeline RATIS THREE PipelineID=1568433a-9efd-469f-9dab-158753a7ac69.
2023-12-01 12:07:41,360 [585524aa-0c42-40b1-8d18-f2722508c145-PipelineCommandHandlerThread-0] INFO  server.RaftServer (RaftServerProxy.java:addNew(100)) - 585524aa-0c42-40b1-8d18-f2722508c145: addNew group-84D970D8DD2E:[585524aa-0c42-40b1-8d18-f2722508c145|10.1.0.24:15138, e22ca2c5-a776-4b7c-8aca-6a18d36008b3|10.1.0.24:15156, 0d726c29-49a1-421e-8ac7-200c2e9b483b|10.1.0.24:15147] returns group-84D970D8DD2E:java.util.concurrent.CompletableFuture@5bb570b9[Not completed]
2023-12-01 12:07:41,361 [585524aa-0c42-40b1-8d18-f2722508c145-groupManagement] INFO  server.RaftServer$Division (RaftServerImpl.java:<init>(256)) - 585524aa-0c42-40b1-8d18-f2722508c145: new RaftServerImpl for group-84D970D8DD2E:[585524aa-0c42-40b1-8d18-f2722508c145|10.1.0.24:15138, e22ca2c5-a776-4b7c-8aca-6a18d36008b3|10.1.0.24:15156, 0d726c29-49a1-421e-8ac7-200c2e9b483b|10.1.0.24:15147] with ContainerStateMachine:uninitialized
2023-12-01 12:07:41,361 [585524aa-0c42-40b1-8d18-f2722508c145-groupManagement] INFO  server.RaftServerConfigKeys (ConfUtils.java:logGet(46)) - raft.server.rpc.timeout.min = 5s (custom)
2023-12-01 12:07:41,361 [585524aa-0c42-40b1-8d18-f2722508c145-groupManagement] INFO  server.RaftServerConfigKeys (ConfUtils.java:logGet(46)) - raft.server.rpc.timeout.max = 5200ms (custom)
2023-12-01 12:07:41,361 [585524aa-0c42-40b1-8d18-f2722508c145-groupManagement] INFO  server.RaftServerConfigKeys (ConfUtils.java:logGet(46)) - raft.server.rpc.sleep.time = 25ms (default)
2023-12-01 12:07:41,361 [585524aa-0c42-40b1-8d18-f2722508c145-groupManagement] INFO  server.RaftServerConfigKeys (ConfUtils.java:logGet(46)) - raft.server.rpc.slowness.timeout = 300s (custom)
2023-12-01 12:07:41,361 [585524aa-0c42-40b1-8d18-f2722508c145-groupManagement] INFO  server.RaftServerConfigKeys (ConfUtils.java:logGet(46)) - raft.server.leaderelection.leader.step-down.wait-time = 10s (default)
2023-12-01 12:07:41,361 [585524aa-0c42-40b1-8d18-f2722508c145-groupManagement] INFO  server.RaftServerConfigKeys (ConfUtils.java:logGet(46)) - raft.server.leaderelection.member.majority-add = false (default)
2023-12-01 12:07:41,361 [585524aa-0c42-40b1-8d18-f2722508c145-groupManagement] INFO  server.RaftServerConfigKeys (ConfUtils.java:logGet(46)) - raft.server.sleep.deviation.threshold = 300ms (default)
2023-12-01 12:07:41,361 [585524aa-0c42-40b1-8d18-f2722508c145-groupManagement] INFO  server.RaftServer$Division (ServerState.java:<init>(113)) - 585524aa-0c42-40b1-8d18-f2722508c145@group-84D970D8DD2E: ConfigurationManager, init=-1: peers:[585524aa-0c42-40b1-8d18-f2722508c145|10.1.0.24:15138, e22ca2c5-a776-4b7c-8aca-6a18d36008b3|10.1.0.24:15156, 0d726c29-49a1-421e-8ac7-200c2e9b483b|10.1.0.24:15147]|listeners:[], old=null, confs=<EMPTY_MAP>
2023-12-01 12:07:41,361 [585524aa-0c42-40b1-8d18-f2722508c145-groupManagement] INFO  server.RaftServerConfigKeys (ConfUtils.java:logGet(46)) - raft.server.notification.no-leader.timeout = 300s (custom)
2023-12-01 12:07:41,361 [585524aa-0c42-40b1-8d18-f2722508c145-groupManagement] INFO  server.RaftServerConfigKeys (ConfUtils.java:logGet(46)) - raft.server.read.timeout = 10s (default)
2023-12-01 12:07:41,361 [585524aa-0c42-40b1-8d18-f2722508c145-groupManagement] INFO  server.RaftServerConfigKeys (ConfUtils.java:logGet(46)) - raft.server.retrycache.expirytime = 600000ms (custom)
2023-12-01 12:07:41,361 [585524aa-0c42-40b1-8d18-f2722508c145-groupManagement] INFO  server.RaftServerConfigKeys (ConfUtils.java:logGet(46)) - raft.server.retrycache.statistics.expirytime = 100ms (default)
2023-12-01 12:07:41,361 [585524aa-0c42-40b1-8d18-f2722508c145-groupManagement] INFO  server.RaftServerConfigKeys (ConfUtils.java:logGet(46)) - raft.server.read.option = DEFAULT (default)
2023-12-01 12:07:41,361 [585524aa-0c42-40b1-8d18-f2722508c145-groupManagement] INFO  server.RaftServerConfigKeys (ConfUtils.java:logGet(46)) - raft.server.read.read-after-write-consistent.write-index-cache.expiry-time = 60s (default)
2023-12-01 12:07:41,362 [585524aa-0c42-40b1-8d18-f2722508c145-groupManagement] INFO  server.RaftServerConfigKeys (ConfUtils.java:logGet(46)) - raft.server.rpc.request.timeout = 60s (custom)
2023-12-01 12:07:41,362 [585524aa-0c42-40b1-8d18-f2722508c145-groupManagement] INFO  server.RaftServerConfigKeys (ConfUtils.java:logGet(46)) - raft.server.log.appender.install.snapshot.enabled = false (custom)
2023-12-01 12:07:41,362 [585524aa-0c42-40b1-8d18-f2722508c145-groupManagement] INFO  server.RaftServerConfigKeys (ConfUtils.java:logGet(46)) - raft.server.threadpool.server.cached = true (default)
2023-12-01 12:07:41,362 [585524aa-0c42-40b1-8d18-f2722508c145-groupManagement] INFO  server.RaftServerConfigKeys (ConfUtils.java:logGet(46)) - raft.server.threadpool.server.size = 0 (default)
2023-12-01 12:07:41,363 [585524aa-0c42-40b1-8d18-f2722508c145-groupManagement] INFO  server.RaftServerConfigKeys (ConfUtils.java:logGet(46)) - raft.server.threadpool.client.cached = true (default)
2023-12-01 12:07:41,363 [585524aa-0c42-40b1-8d18-f2722508c145-groupManagement] INFO  server.RaftServerConfigKeys (ConfUtils.java:logGet(46)) - raft.server.threadpool.client.size = 0 (default)
2023-12-01 12:07:41,363 [585524aa-0c42-40b1-8d18-f2722508c145-groupManagement] INFO  server.RaftServerConfigKeys (ConfUtils.java:logGet(46)) - raft.server.storage.free-space.min = 0MB (=0) (default)
2023-12-01 12:07:41,363 [585524aa-0c42-40b1-8d18-f2722508c145-groupManagement] INFO  server.RaftServerConfigKeys (ConfUtils.java:logGet(46)) - raft.server.log.corruption.policy = EXCEPTION (default)
2023-12-01 12:07:41,363 [585524aa-0c42-40b1-8d18-f2722508c145-groupManagement] INFO  server.RaftServerConfigKeys (ConfUtils.java:logGet(46)) - raft.server.storage.dir = [/home/runner/work/ozone/ozone/hadoop-ozone/integration-test/target/test-dir/MiniOzoneClusterImpl-b249f779-13f2-4d94-9d49-8f38c7514c74/datanode-3/data/ratis] (custom)
2023-12-01 12:07:41,363 [585524aa-0c42-40b1-8d18-f2722508c145-groupManagement] INFO  storage.RaftStorageDirectory (RaftStorageDirectoryImpl.java:analyzeStorage(138)) - The storage directory /home/runner/work/ozone/ozone/hadoop-ozone/integration-test/target/test-dir/MiniOzoneClusterImpl-b249f779-13f2-4d94-9d49-8f38c7514c74/datanode-3/data/ratis/0e28a80f-65de-422d-85e8-84d970d8dd2e does not exist. Creating ...
2023-12-01 12:07:41,364 [585524aa-0c42-40b1-8d18-f2722508c145-groupManagement] INFO  storage.RaftStorageDirectory (RaftStorageDirectoryImpl.java:tryLock(232)) - Lock on /home/runner/work/ozone/ozone/hadoop-ozone/integration-test/target/test-dir/MiniOzoneClusterImpl-b249f779-13f2-4d94-9d49-8f38c7514c74/datanode-3/data/ratis/0e28a80f-65de-422d-85e8-84d970d8dd2e/in_use.lock acquired by nodename 15370@fv-az1423-675
2023-12-01 12:07:41,365 [585524aa-0c42-40b1-8d18-f2722508c145-groupManagement] INFO  storage.RaftStorage (RaftStorageImpl.java:format(97)) - Storage directory /home/runner/work/ozone/ozone/hadoop-ozone/integration-test/target/test-dir/MiniOzoneClusterImpl-b249f779-13f2-4d94-9d49-8f38c7514c74/datanode-3/data/ratis/0e28a80f-65de-422d-85e8-84d970d8dd2e has been successfully formatted.
2023-12-01 12:07:41,365 [585524aa-0c42-40b1-8d18-f2722508c145-groupManagement] INFO  ratis.ContainerStateMachine (ContainerStateMachine.java:loadSnapshot(269)) - group-84D970D8DD2E: The snapshot info is null. Setting the last applied indexto:(t:0, i:~)
2023-12-01 12:07:41,365 [585524aa-0c42-40b1-8d18-f2722508c145-groupManagement] INFO  server.RaftServerConfigKeys (ConfUtils.java:logGet(46)) - raft.server.log.use.memory = false (default)
2023-12-01 12:07:41,366 [585524aa-0c42-40b1-8d18-f2722508c145-groupManagement] INFO  server.RaftServerConfigKeys (ConfUtils.java:logGet(46)) - raft.server.log.purge.gap = 1000000 (custom)
2023-12-01 12:07:41,366 [585524aa-0c42-40b1-8d18-f2722508c145-groupManagement] INFO  server.RaftServerConfigKeys (ConfUtils.java:logGet(46)) - raft.server.log.appender.buffer.byte-limit = 33554432 (custom)
2023-12-01 12:07:41,366 [585524aa-0c42-40b1-8d18-f2722508c145-groupManagement] INFO  server.RaftServerConfigKeys (ConfUtils.java:logGet(46)) - raft.server.log.statemachine.data.read.timeout = 1000ms (default)
2023-12-01 12:07:41,367 [585524aa-0c42-40b1-8d18-f2722508c145-groupManagement] INFO  server.RaftServerConfigKeys (ConfUtils.java:logGet(46)) - raft.server.log.purge.preservation.log.num = 0 (default)
2023-12-01 12:07:41,367 [585524aa-0c42-40b1-8d18-f2722508c145-groupManagement] INFO  server.RaftServerConfigKeys (ConfUtils.java:logGet(46)) - raft.server.log.segment.size.max = 67108864 (custom)
2023-12-01 12:07:41,368 [585524aa-0c42-40b1-8d18-f2722508c145-groupManagement] INFO  server.RaftServerConfigKeys (ConfUtils.java:logGet(46)) - raft.server.log.segment.cache.num.max = 2 (custom)
2023-12-01 12:07:41,368 [585524aa-0c42-40b1-8d18-f2722508c145-groupManagement] INFO  server.RaftServerConfigKeys (ConfUtils.java:logGet(46)) - raft.server.log.segment.cache.size.max = 200MB (=209715200) (default)
2023-12-01 12:07:41,368 [585524aa-0c42-40b1-8d18-f2722508c145-groupManagement] INFO  server.RaftServerConfigKeys (ConfUtils.java:logGet(46)) - raft.server.log.appender.buffer.byte-limit = 33554432 (custom)
2023-12-01 12:07:41,368 [585524aa-0c42-40b1-8d18-f2722508c145-groupManagement] INFO  util.AwaitToRun (AwaitToRun.java:start(81)) - Thread[585524aa-0c42-40b1-8d18-f2722508c145@group-84D970D8DD2E-cacheEviction-AwaitToRun,5,main] started
2023-12-01 12:07:41,368 [585524aa-0c42-40b1-8d18-f2722508c145-groupManagement] INFO  segmented.SegmentedRaftLogWorker (SegmentedRaftLogWorker.java:<init>(184)) - new 585524aa-0c42-40b1-8d18-f2722508c145@group-84D970D8DD2E-SegmentedRaftLogWorker for RaftStorageImpl:Storage Directory /home/runner/work/ozone/ozone/hadoop-ozone/integration-test/target/test-dir/MiniOzoneClusterImpl-b249f779-13f2-4d94-9d49-8f38c7514c74/datanode-3/data/ratis/0e28a80f-65de-422d-85e8-84d970d8dd2e
2023-12-01 12:07:41,368 [585524aa-0c42-40b1-8d18-f2722508c145-groupManagement] INFO  server.RaftServerConfigKeys (ConfUtils.java:logGet(46)) - raft.server.log.queue.byte-limit = 4294967296 (custom)
2023-12-01 12:07:41,368 [585524aa-0c42-40b1-8d18-f2722508c145-groupManagement] INFO  server.RaftServerConfigKeys (ConfUtils.java:logGet(46)) - raft.server.log.queue.element-limit = 1024 (custom)
2023-12-01 12:07:41,368 [585524aa-0c42-40b1-8d18-f2722508c145-groupManagement] INFO  server.RaftServerConfigKeys (ConfUtils.java:logGet(46)) - raft.server.log.segment.size.max = 67108864 (custom)
2023-12-01 12:07:41,368 [585524aa-0c42-40b1-8d18-f2722508c145-groupManagement] INFO  server.RaftServerConfigKeys (ConfUtils.java:logGet(46)) - raft.server.log.preallocated.size = 4194304 (custom)
2023-12-01 12:07:41,368 [585524aa-0c42-40b1-8d18-f2722508c145-groupManagement] INFO  server.RaftServerConfigKeys (ConfUtils.java:logGet(46)) - raft.server.log.force.sync.num = 128 (default)
2023-12-01 12:07:41,368 [585524aa-0c42-40b1-8d18-f2722508c145-groupManagement] INFO  server.RaftServerConfigKeys (ConfUtils.java:logGet(46)) - raft.server.log.statemachine.data.sync = true (default)
2023-12-01 12:07:41,368 [585524aa-0c42-40b1-8d18-f2722508c145-groupManagement] INFO  server.RaftServerConfigKeys (ConfUtils.java:logGet(46)) - raft.server.log.statemachine.data.sync.timeout = 10s (default)
2023-12-01 12:07:41,369 [585524aa-0c42-40b1-8d18-f2722508c145-groupManagement] INFO  server.RaftServerConfigKeys (ConfUtils.java:logGet(46)) - raft.server.log.statemachine.data.sync.timeout.retry = -1 (default)
2023-12-01 12:07:41,369 [585524aa-0c42-40b1-8d18-f2722508c145-groupManagement] INFO  server.RaftServerConfigKeys (ConfUtils.java:logGet(46)) - raft.server.log.write.buffer.size = 2097152 (custom)
2023-12-01 12:07:41,369 [585524aa-0c42-40b1-8d18-f2722508c145-groupManagement] INFO  server.RaftServerConfigKeys (ConfUtils.java:logGet(46)) - raft.server.log.appender.buffer.byte-limit = 33554432 (custom)
2023-12-01 12:07:41,371 [585524aa-0c42-40b1-8d18-f2722508c145-groupManagement] INFO  server.RaftServerConfigKeys (ConfUtils.java:logGet(46)) - raft.server.log.unsafe-flush.enabled = false (default)
2023-12-01 12:07:41,371 [585524aa-0c42-40b1-8d18-f2722508c145-groupManagement] INFO  server.RaftServerConfigKeys (ConfUtils.java:logGet(46)) - raft.server.log.async-flush.enabled = false (default)
2023-12-01 12:07:41,371 [585524aa-0c42-40b1-8d18-f2722508c145-groupManagement] INFO  server.RaftServerConfigKeys (ConfUtils.java:logGet(46)) - raft.server.log.statemachine.data.caching.enabled = true (custom)
2023-12-01 12:07:41,371 [585524aa-0c42-40b1-8d18-f2722508c145-groupManagement] INFO  segmented.SegmentedRaftLogWorker (SegmentedRaftLogWorker.java:lambda$new$0(135)) - 585524aa-0c42-40b1-8d18-f2722508c145@group-84D970D8DD2E-SegmentedRaftLogWorker: flushIndex: setUnconditionally 0 -> -1
2023-12-01 12:07:41,371 [585524aa-0c42-40b1-8d18-f2722508c145-groupManagement] INFO  segmented.SegmentedRaftLogWorker (SegmentedRaftLogWorker.java:lambda$new$0(135)) - 585524aa-0c42-40b1-8d18-f2722508c145@group-84D970D8DD2E-SegmentedRaftLogWorker: safeCacheEvictIndex: setUnconditionally 0 -> -1
2023-12-01 12:07:41,371 [585524aa-0c42-40b1-8d18-f2722508c145-groupManagement] INFO  server.RaftServer$Division (RaftServerImpl.java:start(392)) - 585524aa-0c42-40b1-8d18-f2722508c145@group-84D970D8DD2E: start as a follower, conf=-1: peers:[585524aa-0c42-40b1-8d18-f2722508c145|10.1.0.24:15138, e22ca2c5-a776-4b7c-8aca-6a18d36008b3|10.1.0.24:15156, 0d726c29-49a1-421e-8ac7-200c2e9b483b|10.1.0.24:15147]|listeners:[], old=null
2023-12-01 12:07:41,371 [585524aa-0c42-40b1-8d18-f2722508c145-groupManagement] INFO  server.RaftServer$Division (RaftServerImpl.java:setRole(379)) - 585524aa-0c42-40b1-8d18-f2722508c145@group-84D970D8DD2E: changes role from      null to FOLLOWER at term 0 for startAsFollower
2023-12-01 12:07:41,371 [585524aa-0c42-40b1-8d18-f2722508c145-groupManagement] INFO  impl.RoleInfo (RoleInfo.java:updateAndGet(139)) - 585524aa-0c42-40b1-8d18-f2722508c145: start 585524aa-0c42-40b1-8d18-f2722508c145@group-84D970D8DD2E-FollowerState
2023-12-01 12:07:41,371 [585524aa-0c42-40b1-8d18-f2722508c145@group-84D970D8DD2E-FollowerState] INFO  server.RaftServerConfigKeys (ConfUtils.java:logFallback(53)) - raft.server.rpc.first-election.timeout.min = 5s (fallback to raft.server.rpc.timeout.min)
2023-12-01 12:07:41,371 [585524aa-0c42-40b1-8d18-f2722508c145-groupManagement] INFO  util.JmxRegister (JmxRegister.java:tryRegister(44)) - Successfully registered JMX Bean with object name Ratis:service=RaftServer,group=group-84D970D8DD2E,id=585524aa-0c42-40b1-8d18-f2722508c145
2023-12-01 12:07:41,371 [585524aa-0c42-40b1-8d18-f2722508c145@group-84D970D8DD2E-FollowerState] INFO  server.RaftServerConfigKeys (ConfUtils.java:logFallback(53)) - raft.server.rpc.first-election.timeout.max = 5200ms (fallback to raft.server.rpc.timeout.max)
2023-12-01 12:07:41,372 [585524aa-0c42-40b1-8d18-f2722508c145-groupManagement] INFO  server.RaftServerConfigKeys (ConfUtils.java:logGet(46)) - raft.server.snapshot.trigger-when-stop.enabled = true (default)
2023-12-01 12:07:41,372 [585524aa-0c42-40b1-8d18-f2722508c145-groupManagement] INFO  server.RaftServerConfigKeys (ConfUtils.java:logGet(46)) - raft.server.snapshot.auto.trigger.enabled = true (custom)
2023-12-01 12:07:41,372 [585524aa-0c42-40b1-8d18-f2722508c145-groupManagement] INFO  server.RaftServerConfigKeys (ConfUtils.java:logGet(46)) - raft.server.snapshot.auto.trigger.threshold = 10000 (custom)
2023-12-01 12:07:41,372 [585524aa-0c42-40b1-8d18-f2722508c145-groupManagement] INFO  server.RaftServerConfigKeys (ConfUtils.java:logGet(46)) - raft.server.snapshot.retention.file.num = 5 (custom)
2023-12-01 12:07:41,372 [585524aa-0c42-40b1-8d18-f2722508c145-groupManagement] INFO  server.RaftServerConfigKeys (ConfUtils.java:logGet(46)) - raft.server.log.purge.upto.snapshot.index = false (default)
2023-12-01 12:07:41,372 [585524aa-0c42-40b1-8d18-f2722508c145-PipelineCommandHandlerThread-0] INFO  ratis.XceiverServerRatis (XceiverServerRatis.java:addGroup(814)) - Created group PipelineID=0e28a80f-65de-422d-85e8-84d970d8dd2e
2023-12-01 12:07:41,381 [grpc-default-executor-0] INFO  server.RaftServer (RaftServerProxy.java:addNew(100)) - e22ca2c5-a776-4b7c-8aca-6a18d36008b3: addNew group-84D970D8DD2E:[585524aa-0c42-40b1-8d18-f2722508c145|10.1.0.24:15138, e22ca2c5-a776-4b7c-8aca-6a18d36008b3|10.1.0.24:15156, 0d726c29-49a1-421e-8ac7-200c2e9b483b|10.1.0.24:15147] returns group-84D970D8DD2E:java.util.concurrent.CompletableFuture@3c01dae2[Not completed]
2023-12-01 12:07:41,382 [e22ca2c5-a776-4b7c-8aca-6a18d36008b3-groupManagement] INFO  server.RaftServer$Division (RaftServerImpl.java:<init>(256)) - e22ca2c5-a776-4b7c-8aca-6a18d36008b3: new RaftServerImpl for group-84D970D8DD2E:[585524aa-0c42-40b1-8d18-f2722508c145|10.1.0.24:15138, e22ca2c5-a776-4b7c-8aca-6a18d36008b3|10.1.0.24:15156, 0d726c29-49a1-421e-8ac7-200c2e9b483b|10.1.0.24:15147] with ContainerStateMachine:uninitialized
2023-12-01 12:07:41,382 [e22ca2c5-a776-4b7c-8aca-6a18d36008b3-groupManagement] INFO  server.RaftServerConfigKeys (ConfUtils.java:logGet(46)) - raft.server.rpc.timeout.min = 5s (custom)
2023-12-01 12:07:41,382 [e22ca2c5-a776-4b7c-8aca-6a18d36008b3-groupManagement] INFO  server.RaftServerConfigKeys (ConfUtils.java:logGet(46)) - raft.server.rpc.timeout.max = 5200ms (custom)
2023-12-01 12:07:41,382 [e22ca2c5-a776-4b7c-8aca-6a18d36008b3-groupManagement] INFO  server.RaftServerConfigKeys (ConfUtils.java:logGet(46)) - raft.server.rpc.sleep.time = 25ms (default)
2023-12-01 12:07:41,382 [e22ca2c5-a776-4b7c-8aca-6a18d36008b3-groupManagement] INFO  server.RaftServerConfigKeys (ConfUtils.java:logGet(46)) - raft.server.rpc.slowness.timeout = 300s (custom)
2023-12-01 12:07:41,382 [e22ca2c5-a776-4b7c-8aca-6a18d36008b3-groupManagement] INFO  server.RaftServerConfigKeys (ConfUtils.java:logGet(46)) - raft.server.leaderelection.leader.step-down.wait-time = 10s (default)
2023-12-01 12:07:41,382 [e22ca2c5-a776-4b7c-8aca-6a18d36008b3-groupManagement] INFO  server.RaftServerConfigKeys (ConfUtils.java:logGet(46)) - raft.server.leaderelection.member.majority-add = false (default)
2023-12-01 12:07:41,382 [e22ca2c5-a776-4b7c-8aca-6a18d36008b3-groupManagement] INFO  server.RaftServerConfigKeys (ConfUtils.java:logGet(46)) - raft.server.sleep.deviation.threshold = 300ms (default)
2023-12-01 12:07:41,382 [e22ca2c5-a776-4b7c-8aca-6a18d36008b3-groupManagement] INFO  server.RaftServer$Division (ServerState.java:<init>(113)) - e22ca2c5-a776-4b7c-8aca-6a18d36008b3@group-84D970D8DD2E: ConfigurationManager, init=-1: peers:[585524aa-0c42-40b1-8d18-f2722508c145|10.1.0.24:15138, e22ca2c5-a776-4b7c-8aca-6a18d36008b3|10.1.0.24:15156, 0d726c29-49a1-421e-8ac7-200c2e9b483b|10.1.0.24:15147]|listeners:[], old=null, confs=<EMPTY_MAP>
2023-12-01 12:07:41,383 [e22ca2c5-a776-4b7c-8aca-6a18d36008b3-groupManagement] INFO  server.RaftServerConfigKeys (ConfUtils.java:logGet(46)) - raft.server.notification.no-leader.timeout = 300s (custom)
2023-12-01 12:07:41,383 [e22ca2c5-a776-4b7c-8aca-6a18d36008b3-groupManagement] INFO  server.RaftServerConfigKeys (ConfUtils.java:logGet(46)) - raft.server.read.timeout = 10s (default)
2023-12-01 12:07:41,383 [e22ca2c5-a776-4b7c-8aca-6a18d36008b3-groupManagement] INFO  server.RaftServerConfigKeys (ConfUtils.java:logGet(46)) - raft.server.retrycache.expirytime = 600000ms (custom)
2023-12-01 12:07:41,383 [e22ca2c5-a776-4b7c-8aca-6a18d36008b3-groupManagement] INFO  server.RaftServerConfigKeys (ConfUtils.java:logGet(46)) - raft.server.retrycache.statistics.expirytime = 100ms (default)
2023-12-01 12:07:41,383 [e22ca2c5-a776-4b7c-8aca-6a18d36008b3-groupManagement] INFO  server.RaftServerConfigKeys (ConfUtils.java:logGet(46)) - raft.server.read.option = DEFAULT (default)
2023-12-01 12:07:41,383 [e22ca2c5-a776-4b7c-8aca-6a18d36008b3-groupManagement] INFO  server.RaftServerConfigKeys (ConfUtils.java:logGet(46)) - raft.server.read.read-after-write-consistent.write-index-cache.expiry-time = 60s (default)
2023-12-01 12:07:41,384 [e22ca2c5-a776-4b7c-8aca-6a18d36008b3-groupManagement] INFO  server.RaftServerConfigKeys (ConfUtils.java:logGet(46)) - raft.server.rpc.request.timeout = 60s (custom)
2023-12-01 12:07:41,384 [e22ca2c5-a776-4b7c-8aca-6a18d36008b3-groupManagement] INFO  server.RaftServerConfigKeys (ConfUtils.java:logGet(46)) - raft.server.log.appender.install.snapshot.enabled = false (custom)
2023-12-01 12:07:41,385 [e22ca2c5-a776-4b7c-8aca-6a18d36008b3-groupManagement] INFO  server.RaftServerConfigKeys (ConfUtils.java:logGet(46)) - raft.server.threadpool.server.cached = true (default)
2023-12-01 12:07:41,385 [e22ca2c5-a776-4b7c-8aca-6a18d36008b3-groupManagement] INFO  server.RaftServerConfigKeys (ConfUtils.java:logGet(46)) - raft.server.threadpool.server.size = 0 (default)
2023-12-01 12:07:41,385 [e22ca2c5-a776-4b7c-8aca-6a18d36008b3-groupManagement] INFO  server.RaftServerConfigKeys (ConfUtils.java:logGet(46)) - raft.server.threadpool.client.cached = true (default)
2023-12-01 12:07:41,385 [e22ca2c5-a776-4b7c-8aca-6a18d36008b3-groupManagement] INFO  server.RaftServerConfigKeys (ConfUtils.java:logGet(46)) - raft.server.threadpool.client.size = 0 (default)
2023-12-01 12:07:41,385 [e22ca2c5-a776-4b7c-8aca-6a18d36008b3-groupManagement] INFO  server.RaftServerConfigKeys (ConfUtils.java:logGet(46)) - raft.server.storage.free-space.min = 0MB (=0) (default)
2023-12-01 12:07:41,385 [e22ca2c5-a776-4b7c-8aca-6a18d36008b3-groupManagement] INFO  server.RaftServerConfigKeys (ConfUtils.java:logGet(46)) - raft.server.log.corruption.policy = EXCEPTION (default)
2023-12-01 12:07:41,385 [e22ca2c5-a776-4b7c-8aca-6a18d36008b3-groupManagement] INFO  server.RaftServerConfigKeys (ConfUtils.java:logGet(46)) - raft.server.storage.dir = [/home/runner/work/ozone/ozone/hadoop-ozone/integration-test/target/test-dir/MiniOzoneClusterImpl-b249f779-13f2-4d94-9d49-8f38c7514c74/datanode-5/data/ratis] (custom)
2023-12-01 12:07:41,385 [e22ca2c5-a776-4b7c-8aca-6a18d36008b3-groupManagement] INFO  storage.RaftStorageDirectory (RaftStorageDirectoryImpl.java:analyzeStorage(138)) - The storage directory /home/runner/work/ozone/ozone/hadoop-ozone/integration-test/target/test-dir/MiniOzoneClusterImpl-b249f779-13f2-4d94-9d49-8f38c7514c74/datanode-5/data/ratis/0e28a80f-65de-422d-85e8-84d970d8dd2e does not exist. Creating ...
2023-12-01 12:07:41,386 [e22ca2c5-a776-4b7c-8aca-6a18d36008b3-groupManagement] INFO  storage.RaftStorageDirectory (RaftStorageDirectoryImpl.java:tryLock(232)) - Lock on /home/runner/work/ozone/ozone/hadoop-ozone/integration-test/target/test-dir/MiniOzoneClusterImpl-b249f779-13f2-4d94-9d49-8f38c7514c74/datanode-5/data/ratis/0e28a80f-65de-422d-85e8-84d970d8dd2e/in_use.lock acquired by nodename 15370@fv-az1423-675
2023-12-01 12:07:41,387 [e22ca2c5-a776-4b7c-8aca-6a18d36008b3-groupManagement] INFO  storage.RaftStorage (RaftStorageImpl.java:format(97)) - Storage directory /home/runner/work/ozone/ozone/hadoop-ozone/integration-test/target/test-dir/MiniOzoneClusterImpl-b249f779-13f2-4d94-9d49-8f38c7514c74/datanode-5/data/ratis/0e28a80f-65de-422d-85e8-84d970d8dd2e has been successfully formatted.
2023-12-01 12:07:41,387 [e22ca2c5-a776-4b7c-8aca-6a18d36008b3-groupManagement] INFO  ratis.ContainerStateMachine (ContainerStateMachine.java:loadSnapshot(269)) - group-84D970D8DD2E: The snapshot info is null. Setting the last applied indexto:(t:0, i:~)
2023-12-01 12:07:41,387 [e22ca2c5-a776-4b7c-8aca-6a18d36008b3-groupManagement] INFO  server.RaftServerConfigKeys (ConfUtils.java:logGet(46)) - raft.server.log.use.memory = false (default)
2023-12-01 12:07:41,387 [e22ca2c5-a776-4b7c-8aca-6a18d36008b3-groupManagement] INFO  server.RaftServerConfigKeys (ConfUtils.java:logGet(46)) - raft.server.log.purge.gap = 1000000 (custom)
2023-12-01 12:07:41,387 [e22ca2c5-a776-4b7c-8aca-6a18d36008b3-groupManagement] INFO  server.RaftServerConfigKeys (ConfUtils.java:logGet(46)) - raft.server.log.appender.buffer.byte-limit = 33554432 (custom)
2023-12-01 12:07:41,387 [e22ca2c5-a776-4b7c-8aca-6a18d36008b3-groupManagement] INFO  server.RaftServerConfigKeys (ConfUtils.java:logGet(46)) - raft.server.log.statemachine.data.read.timeout = 1000ms (default)
2023-12-01 12:07:41,387 [e22ca2c5-a776-4b7c-8aca-6a18d36008b3-groupManagement] INFO  server.RaftServerConfigKeys (ConfUtils.java:logGet(46)) - raft.server.log.purge.preservation.log.num = 0 (default)
2023-12-01 12:07:41,388 [e22ca2c5-a776-4b7c-8aca-6a18d36008b3-groupManagement] INFO  server.RaftServerConfigKeys (ConfUtils.java:logGet(46)) - raft.server.log.segment.size.max = 67108864 (custom)
2023-12-01 12:07:41,388 [e22ca2c5-a776-4b7c-8aca-6a18d36008b3-groupManagement] INFO  server.RaftServerConfigKeys (ConfUtils.java:logGet(46)) - raft.server.log.segment.cache.num.max = 2 (custom)
2023-12-01 12:07:41,388 [e22ca2c5-a776-4b7c-8aca-6a18d36008b3-groupManagement] INFO  server.RaftServerConfigKeys (ConfUtils.java:logGet(46)) - raft.server.log.segment.cache.size.max = 200MB (=209715200) (default)
2023-12-01 12:07:41,388 [e22ca2c5-a776-4b7c-8aca-6a18d36008b3-groupManagement] INFO  server.RaftServerConfigKeys (ConfUtils.java:logGet(46)) - raft.server.log.appender.buffer.byte-limit = 33554432 (custom)
2023-12-01 12:07:41,388 [e22ca2c5-a776-4b7c-8aca-6a18d36008b3-groupManagement] INFO  util.AwaitToRun (AwaitToRun.java:start(81)) - Thread[e22ca2c5-a776-4b7c-8aca-6a18d36008b3@group-84D970D8DD2E-cacheEviction-AwaitToRun,5,main] started
2023-12-01 12:07:41,388 [e22ca2c5-a776-4b7c-8aca-6a18d36008b3-groupManagement] INFO  segmented.SegmentedRaftLogWorker (SegmentedRaftLogWorker.java:<init>(184)) - new e22ca2c5-a776-4b7c-8aca-6a18d36008b3@group-84D970D8DD2E-SegmentedRaftLogWorker for RaftStorageImpl:Storage Directory /home/runner/work/ozone/ozone/hadoop-ozone/integration-test/target/test-dir/MiniOzoneClusterImpl-b249f779-13f2-4d94-9d49-8f38c7514c74/datanode-5/data/ratis/0e28a80f-65de-422d-85e8-84d970d8dd2e
2023-12-01 12:07:41,389 [e22ca2c5-a776-4b7c-8aca-6a18d36008b3-groupManagement] INFO  server.RaftServerConfigKeys (ConfUtils.java:logGet(46)) - raft.server.log.queue.byte-limit = 4294967296 (custom)
2023-12-01 12:07:41,389 [e22ca2c5-a776-4b7c-8aca-6a18d36008b3-groupManagement] INFO  server.RaftServerConfigKeys (ConfUtils.java:logGet(46)) - raft.server.log.queue.element-limit = 1024 (custom)
2023-12-01 12:07:41,389 [e22ca2c5-a776-4b7c-8aca-6a18d36008b3-groupManagement] INFO  server.RaftServerConfigKeys (ConfUtils.java:logGet(46)) - raft.server.log.segment.size.max = 67108864 (custom)
2023-12-01 12:07:41,389 [e22ca2c5-a776-4b7c-8aca-6a18d36008b3-groupManagement] INFO  server.RaftServerConfigKeys (ConfUtils.java:logGet(46)) - raft.server.log.preallocated.size = 4194304 (custom)
2023-12-01 12:07:41,389 [e22ca2c5-a776-4b7c-8aca-6a18d36008b3-groupManagement] INFO  server.RaftServerConfigKeys (ConfUtils.java:logGet(46)) - raft.server.log.force.sync.num = 128 (default)
2023-12-01 12:07:41,389 [e22ca2c5-a776-4b7c-8aca-6a18d36008b3-groupManagement] INFO  server.RaftServerConfigKeys (ConfUtils.java:logGet(46)) - raft.server.log.statemachine.data.sync = true (default)
2023-12-01 12:07:41,389 [e22ca2c5-a776-4b7c-8aca-6a18d36008b3-groupManagement] INFO  server.RaftServerConfigKeys (ConfUtils.java:logGet(46)) - raft.server.log.statemachine.data.sync.timeout = 10s (default)
2023-12-01 12:07:41,389 [e22ca2c5-a776-4b7c-8aca-6a18d36008b3-groupManagement] INFO  server.RaftServerConfigKeys (ConfUtils.java:logGet(46)) - raft.server.log.statemachine.data.sync.timeout.retry = -1 (default)
2023-12-01 12:07:41,389 [e22ca2c5-a776-4b7c-8aca-6a18d36008b3-groupManagement] INFO  server.RaftServerConfigKeys (ConfUtils.java:logGet(46)) - raft.server.log.write.buffer.size = 2097152 (custom)
2023-12-01 12:07:41,389 [e22ca2c5-a776-4b7c-8aca-6a18d36008b3-groupManagement] INFO  server.RaftServerConfigKeys (ConfUtils.java:logGet(46)) - raft.server.log.appender.buffer.byte-limit = 33554432 (custom)
2023-12-01 12:07:41,391 [e22ca2c5-a776-4b7c-8aca-6a18d36008b3-groupManagement] INFO  server.RaftServerConfigKeys (ConfUtils.java:logGet(46)) - raft.server.log.unsafe-flush.enabled = false (default)
2023-12-01 12:07:41,391 [e22ca2c5-a776-4b7c-8aca-6a18d36008b3-groupManagement] INFO  server.RaftServerConfigKeys (ConfUtils.java:logGet(46)) - raft.server.log.async-flush.enabled = false (default)
2023-12-01 12:07:41,391 [e22ca2c5-a776-4b7c-8aca-6a18d36008b3-groupManagement] INFO  server.RaftServerConfigKeys (ConfUtils.java:logGet(46)) - raft.server.log.statemachine.data.caching.enabled = true (custom)
2023-12-01 12:07:41,391 [e22ca2c5-a776-4b7c-8aca-6a18d36008b3-groupManagement] INFO  segmented.SegmentedRaftLogWorker (SegmentedRaftLogWorker.java:lambda$new$0(135)) - e22ca2c5-a776-4b7c-8aca-6a18d36008b3@group-84D970D8DD2E-SegmentedRaftLogWorker: flushIndex: setUnconditionally 0 -> -1
2023-12-01 12:07:41,391 [e22ca2c5-a776-4b7c-8aca-6a18d36008b3-groupManagement] INFO  segmented.SegmentedRaftLogWorker (SegmentedRaftLogWorker.java:lambda$new$0(135)) - e22ca2c5-a776-4b7c-8aca-6a18d36008b3@group-84D970D8DD2E-SegmentedRaftLogWorker: safeCacheEvictIndex: setUnconditionally 0 -> -1
2023-12-01 12:07:41,391 [e22ca2c5-a776-4b7c-8aca-6a18d36008b3-groupManagement] INFO  server.RaftServer$Division (RaftServerImpl.java:start(392)) - e22ca2c5-a776-4b7c-8aca-6a18d36008b3@group-84D970D8DD2E: start as a follower, conf=-1: peers:[585524aa-0c42-40b1-8d18-f2722508c145|10.1.0.24:15138, e22ca2c5-a776-4b7c-8aca-6a18d36008b3|10.1.0.24:15156, 0d726c29-49a1-421e-8ac7-200c2e9b483b|10.1.0.24:15147]|listeners:[], old=null
2023-12-01 12:07:41,391 [e22ca2c5-a776-4b7c-8aca-6a18d36008b3-groupManagement] INFO  server.RaftServer$Division (RaftServerImpl.java:setRole(379)) - e22ca2c5-a776-4b7c-8aca-6a18d36008b3@group-84D970D8DD2E: changes role from      null to FOLLOWER at term 0 for startAsFollower
2023-12-01 12:07:41,391 [e22ca2c5-a776-4b7c-8aca-6a18d36008b3-groupManagement] INFO  impl.RoleInfo (RoleInfo.java:updateAndGet(139)) - e22ca2c5-a776-4b7c-8aca-6a18d36008b3: start e22ca2c5-a776-4b7c-8aca-6a18d36008b3@group-84D970D8DD2E-FollowerState
2023-12-01 12:07:41,392 [e22ca2c5-a776-4b7c-8aca-6a18d36008b3@group-84D970D8DD2E-FollowerState] INFO  server.RaftServerConfigKeys (ConfUtils.java:logFallback(53)) - raft.server.rpc.first-election.timeout.min = 5s (fallback to raft.server.rpc.timeout.min)
2023-12-01 12:07:41,392 [e22ca2c5-a776-4b7c-8aca-6a18d36008b3-groupManagement] INFO  util.JmxRegister (JmxRegister.java:tryRegister(44)) - Successfully registered JMX Bean with object name Ratis:service=RaftServer,group=group-84D970D8DD2E,id=e22ca2c5-a776-4b7c-8aca-6a18d36008b3
2023-12-01 12:07:41,392 [e22ca2c5-a776-4b7c-8aca-6a18d36008b3@group-84D970D8DD2E-FollowerState] INFO  server.RaftServerConfigKeys (ConfUtils.java:logFallback(53)) - raft.server.rpc.first-election.timeout.max = 5200ms (fallback to raft.server.rpc.timeout.max)
2023-12-01 12:07:41,392 [e22ca2c5-a776-4b7c-8aca-6a18d36008b3-groupManagement] INFO  server.RaftServerConfigKeys (ConfUtils.java:logGet(46)) - raft.server.snapshot.trigger-when-stop.enabled = true (default)
2023-12-01 12:07:41,392 [e22ca2c5-a776-4b7c-8aca-6a18d36008b3-groupManagement] INFO  server.RaftServerConfigKeys (ConfUtils.java:logGet(46)) - raft.server.snapshot.auto.trigger.enabled = true (custom)
2023-12-01 12:07:41,392 [e22ca2c5-a776-4b7c-8aca-6a18d36008b3-groupManagement] INFO  server.RaftServerConfigKeys (ConfUtils.java:logGet(46)) - raft.server.snapshot.auto.trigger.threshold = 10000 (custom)
2023-12-01 12:07:41,392 [e22ca2c5-a776-4b7c-8aca-6a18d36008b3-groupManagement] INFO  server.RaftServerConfigKeys (ConfUtils.java:logGet(46)) - raft.server.snapshot.retention.file.num = 5 (custom)
2023-12-01 12:07:41,392 [e22ca2c5-a776-4b7c-8aca-6a18d36008b3-groupManagement] INFO  server.RaftServerConfigKeys (ConfUtils.java:logGet(46)) - raft.server.log.purge.upto.snapshot.index = false (default)
2023-12-01 12:07:41,404 [grpc-default-executor-0] INFO  server.RaftServer (RaftServerProxy.java:addNew(100)) - 0d726c29-49a1-421e-8ac7-200c2e9b483b: addNew group-84D970D8DD2E:[585524aa-0c42-40b1-8d18-f2722508c145|10.1.0.24:15138, e22ca2c5-a776-4b7c-8aca-6a18d36008b3|10.1.0.24:15156, 0d726c29-49a1-421e-8ac7-200c2e9b483b|10.1.0.24:15147] returns group-84D970D8DD2E:java.util.concurrent.CompletableFuture@7ff5b198[Not completed]
2023-12-01 12:07:41,404 [0d726c29-49a1-421e-8ac7-200c2e9b483b-groupManagement] INFO  server.RaftServer$Division (RaftServerImpl.java:<init>(256)) - 0d726c29-49a1-421e-8ac7-200c2e9b483b: new RaftServerImpl for group-84D970D8DD2E:[585524aa-0c42-40b1-8d18-f2722508c145|10.1.0.24:15138, e22ca2c5-a776-4b7c-8aca-6a18d36008b3|10.1.0.24:15156, 0d726c29-49a1-421e-8ac7-200c2e9b483b|10.1.0.24:15147] with ContainerStateMachine:uninitialized
2023-12-01 12:07:41,405 [0d726c29-49a1-421e-8ac7-200c2e9b483b-groupManagement] INFO  server.RaftServerConfigKeys (ConfUtils.java:logGet(46)) - raft.server.rpc.timeout.min = 5s (custom)
2023-12-01 12:07:41,405 [0d726c29-49a1-421e-8ac7-200c2e9b483b-groupManagement] INFO  server.RaftServerConfigKeys (ConfUtils.java:logGet(46)) - raft.server.rpc.timeout.max = 5200ms (custom)
2023-12-01 12:07:41,405 [0d726c29-49a1-421e-8ac7-200c2e9b483b-groupManagement] INFO  server.RaftServerConfigKeys (ConfUtils.java:logGet(46)) - raft.server.rpc.sleep.time = 25ms (default)
2023-12-01 12:07:41,405 [0d726c29-49a1-421e-8ac7-200c2e9b483b-groupManagement] INFO  server.RaftServerConfigKeys (ConfUtils.java:logGet(46)) - raft.server.rpc.slowness.timeout = 300s (custom)
2023-12-01 12:07:41,405 [0d726c29-49a1-421e-8ac7-200c2e9b483b-groupManagement] INFO  server.RaftServerConfigKeys (ConfUtils.java:logGet(46)) - raft.server.leaderelection.leader.step-down.wait-time = 10s (default)
2023-12-01 12:07:41,405 [0d726c29-49a1-421e-8ac7-200c2e9b483b-groupManagement] INFO  server.RaftServerConfigKeys (ConfUtils.java:logGet(46)) - raft.server.leaderelection.member.majority-add = false (default)
2023-12-01 12:07:41,405 [0d726c29-49a1-421e-8ac7-200c2e9b483b-groupManagement] INFO  server.RaftServerConfigKeys (ConfUtils.java:logGet(46)) - raft.server.sleep.deviation.threshold = 300ms (default)
2023-12-01 12:07:41,405 [0d726c29-49a1-421e-8ac7-200c2e9b483b-groupManagement] INFO  server.RaftServer$Division (ServerState.java:<init>(113)) - 0d726c29-49a1-421e-8ac7-200c2e9b483b@group-84D970D8DD2E: ConfigurationManager, init=-1: peers:[585524aa-0c42-40b1-8d18-f2722508c145|10.1.0.24:15138, e22ca2c5-a776-4b7c-8aca-6a18d36008b3|10.1.0.24:15156, 0d726c29-49a1-421e-8ac7-200c2e9b483b|10.1.0.24:15147]|listeners:[], old=null, confs=<EMPTY_MAP>
2023-12-01 12:07:41,405 [0d726c29-49a1-421e-8ac7-200c2e9b483b-groupManagement] INFO  server.RaftServerConfigKeys (ConfUtils.java:logGet(46)) - raft.server.notification.no-leader.timeout = 300s (custom)
2023-12-01 12:07:41,405 [0d726c29-49a1-421e-8ac7-200c2e9b483b-groupManagement] INFO  server.RaftServerConfigKeys (ConfUtils.java:logGet(46)) - raft.server.read.timeout = 10s (default)
2023-12-01 12:07:41,405 [0d726c29-49a1-421e-8ac7-200c2e9b483b-groupManagement] INFO  server.RaftServerConfigKeys (ConfUtils.java:logGet(46)) - raft.server.retrycache.expirytime = 600000ms (custom)
2023-12-01 12:07:41,405 [0d726c29-49a1-421e-8ac7-200c2e9b483b-groupManagement] INFO  server.RaftServerConfigKeys (ConfUtils.java:logGet(46)) - raft.server.retrycache.statistics.expirytime = 100ms (default)
2023-12-01 12:07:41,405 [0d726c29-49a1-421e-8ac7-200c2e9b483b-groupManagement] INFO  server.RaftServerConfigKeys (ConfUtils.java:logGet(46)) - raft.server.read.option = DEFAULT (default)
2023-12-01 12:07:41,405 [0d726c29-49a1-421e-8ac7-200c2e9b483b-groupManagement] INFO  server.RaftServerConfigKeys (ConfUtils.java:logGet(46)) - raft.server.read.read-after-write-consistent.write-index-cache.expiry-time = 60s (default)
2023-12-01 12:07:41,406 [0d726c29-49a1-421e-8ac7-200c2e9b483b-groupManagement] INFO  server.RaftServerConfigKeys (ConfUtils.java:logGet(46)) - raft.server.rpc.request.timeout = 60s (custom)
2023-12-01 12:07:41,406 [0d726c29-49a1-421e-8ac7-200c2e9b483b-groupManagement] INFO  server.RaftServerConfigKeys (ConfUtils.java:logGet(46)) - raft.server.log.appender.install.snapshot.enabled = false (custom)
2023-12-01 12:07:41,406 [0d726c29-49a1-421e-8ac7-200c2e9b483b-groupManagement] INFO  server.RaftServerConfigKeys (ConfUtils.java:logGet(46)) - raft.server.threadpool.server.cached = true (default)
2023-12-01 12:07:41,406 [0d726c29-49a1-421e-8ac7-200c2e9b483b-groupManagement] INFO  server.RaftServerConfigKeys (ConfUtils.java:logGet(46)) - raft.server.threadpool.server.size = 0 (default)
2023-12-01 12:07:41,406 [0d726c29-49a1-421e-8ac7-200c2e9b483b-groupManagement] INFO  server.RaftServerConfigKeys (ConfUtils.java:logGet(46)) - raft.server.threadpool.client.cached = true (default)
2023-12-01 12:07:41,406 [0d726c29-49a1-421e-8ac7-200c2e9b483b-groupManagement] INFO  server.RaftServerConfigKeys (ConfUtils.java:logGet(46)) - raft.server.threadpool.client.size = 0 (default)
2023-12-01 12:07:41,406 [0d726c29-49a1-421e-8ac7-200c2e9b483b-groupManagement] INFO  server.RaftServerConfigKeys (ConfUtils.java:logGet(46)) - raft.server.storage.free-space.min = 0MB (=0) (default)
2023-12-01 12:07:41,406 [0d726c29-49a1-421e-8ac7-200c2e9b483b-groupManagement] INFO  server.RaftServerConfigKeys (ConfUtils.java:logGet(46)) - raft.server.log.corruption.policy = EXCEPTION (default)
2023-12-01 12:07:41,406 [0d726c29-49a1-421e-8ac7-200c2e9b483b-groupManagement] INFO  server.RaftServerConfigKeys (ConfUtils.java:logGet(46)) - raft.server.storage.dir = [/home/runner/work/ozone/ozone/hadoop-ozone/integration-test/target/test-dir/MiniOzoneClusterImpl-b249f779-13f2-4d94-9d49-8f38c7514c74/datanode-4/data/ratis] (custom)
2023-12-01 12:07:41,407 [0d726c29-49a1-421e-8ac7-200c2e9b483b-groupManagement] INFO  storage.RaftStorageDirectory (RaftStorageDirectoryImpl.java:analyzeStorage(138)) - The storage directory /home/runner/work/ozone/ozone/hadoop-ozone/integration-test/target/test-dir/MiniOzoneClusterImpl-b249f779-13f2-4d94-9d49-8f38c7514c74/datanode-4/data/ratis/0e28a80f-65de-422d-85e8-84d970d8dd2e does not exist. Creating ...
2023-12-01 12:07:41,407 [0d726c29-49a1-421e-8ac7-200c2e9b483b-groupManagement] INFO  storage.RaftStorageDirectory (RaftStorageDirectoryImpl.java:tryLock(232)) - Lock on /home/runner/work/ozone/ozone/hadoop-ozone/integration-test/target/test-dir/MiniOzoneClusterImpl-b249f779-13f2-4d94-9d49-8f38c7514c74/datanode-4/data/ratis/0e28a80f-65de-422d-85e8-84d970d8dd2e/in_use.lock acquired by nodename 15370@fv-az1423-675
2023-12-01 12:07:41,408 [0d726c29-49a1-421e-8ac7-200c2e9b483b-groupManagement] INFO  storage.RaftStorage (RaftStorageImpl.java:format(97)) - Storage directory /home/runner/work/ozone/ozone/hadoop-ozone/integration-test/target/test-dir/MiniOzoneClusterImpl-b249f779-13f2-4d94-9d49-8f38c7514c74/datanode-4/data/ratis/0e28a80f-65de-422d-85e8-84d970d8dd2e has been successfully formatted.
2023-12-01 12:07:41,408 [0d726c29-49a1-421e-8ac7-200c2e9b483b-groupManagement] INFO  ratis.ContainerStateMachine (ContainerStateMachine.java:loadSnapshot(269)) - group-84D970D8DD2E: The snapshot info is null. Setting the last applied indexto:(t:0, i:~)
2023-12-01 12:07:41,408 [0d726c29-49a1-421e-8ac7-200c2e9b483b-groupManagement] INFO  server.RaftServerConfigKeys (ConfUtils.java:logGet(46)) - raft.server.log.use.memory = false (default)
2023-12-01 12:07:41,408 [0d726c29-49a1-421e-8ac7-200c2e9b483b-groupManagement] INFO  server.RaftServerConfigKeys (ConfUtils.java:logGet(46)) - raft.server.log.purge.gap = 1000000 (custom)
2023-12-01 12:07:41,409 [0d726c29-49a1-421e-8ac7-200c2e9b483b-groupManagement] INFO  server.RaftServerConfigKeys (ConfUtils.java:logGet(46)) - raft.server.log.appender.buffer.byte-limit = 33554432 (custom)
2023-12-01 12:07:41,409 [0d726c29-49a1-421e-8ac7-200c2e9b483b-groupManagement] INFO  server.RaftServerConfigKeys (ConfUtils.java:logGet(46)) - raft.server.log.statemachine.data.read.timeout = 1000ms (default)
2023-12-01 12:07:41,409 [0d726c29-49a1-421e-8ac7-200c2e9b483b-groupManagement] INFO  server.RaftServerConfigKeys (ConfUtils.java:logGet(46)) - raft.server.log.purge.preservation.log.num = 0 (default)
2023-12-01 12:07:41,409 [0d726c29-49a1-421e-8ac7-200c2e9b483b-groupManagement] INFO  server.RaftServerConfigKeys (ConfUtils.java:logGet(46)) - raft.server.log.segment.size.max = 67108864 (custom)
2023-12-01 12:07:41,410 [0d726c29-49a1-421e-8ac7-200c2e9b483b-groupManagement] INFO  server.RaftServerConfigKeys (ConfUtils.java:logGet(46)) - raft.server.log.segment.cache.num.max = 2 (custom)
2023-12-01 12:07:41,410 [0d726c29-49a1-421e-8ac7-200c2e9b483b-groupManagement] INFO  server.RaftServerConfigKeys (ConfUtils.java:logGet(46)) - raft.server.log.segment.cache.size.max = 200MB (=209715200) (default)
2023-12-01 12:07:41,410 [0d726c29-49a1-421e-8ac7-200c2e9b483b-groupManagement] INFO  server.RaftServerConfigKeys (ConfUtils.java:logGet(46)) - raft.server.log.appender.buffer.byte-limit = 33554432 (custom)
2023-12-01 12:07:41,410 [0d726c29-49a1-421e-8ac7-200c2e9b483b-groupManagement] INFO  util.AwaitToRun (AwaitToRun.java:start(81)) - Thread[0d726c29-49a1-421e-8ac7-200c2e9b483b@group-84D970D8DD2E-cacheEviction-AwaitToRun,5,main] started
2023-12-01 12:07:41,410 [0d726c29-49a1-421e-8ac7-200c2e9b483b-groupManagement] INFO  segmented.SegmentedRaftLogWorker (SegmentedRaftLogWorker.java:<init>(184)) - new 0d726c29-49a1-421e-8ac7-200c2e9b483b@group-84D970D8DD2E-SegmentedRaftLogWorker for RaftStorageImpl:Storage Directory /home/runner/work/ozone/ozone/hadoop-ozone/integration-test/target/test-dir/MiniOzoneClusterImpl-b249f779-13f2-4d94-9d49-8f38c7514c74/datanode-4/data/ratis/0e28a80f-65de-422d-85e8-84d970d8dd2e
2023-12-01 12:07:41,410 [0d726c29-49a1-421e-8ac7-200c2e9b483b-groupManagement] INFO  server.RaftServerConfigKeys (ConfUtils.java:logGet(46)) - raft.server.log.queue.byte-limit = 4294967296 (custom)
2023-12-01 12:07:41,410 [0d726c29-49a1-421e-8ac7-200c2e9b483b-groupManagement] INFO  server.RaftServerConfigKeys (ConfUtils.java:logGet(46)) - raft.server.log.queue.element-limit = 1024 (custom)
2023-12-01 12:07:41,410 [0d726c29-49a1-421e-8ac7-200c2e9b483b-groupManagement] INFO  server.RaftServerConfigKeys (ConfUtils.java:logGet(46)) - raft.server.log.segment.size.max = 67108864 (custom)
2023-12-01 12:07:41,410 [0d726c29-49a1-421e-8ac7-200c2e9b483b-groupManagement] INFO  server.RaftServerConfigKeys (ConfUtils.java:logGet(46)) - raft.server.log.preallocated.size = 4194304 (custom)
2023-12-01 12:07:41,410 [0d726c29-49a1-421e-8ac7-200c2e9b483b-groupManagement] INFO  server.RaftServerConfigKeys (ConfUtils.java:logGet(46)) - raft.server.log.force.sync.num = 128 (default)
2023-12-01 12:07:41,410 [0d726c29-49a1-421e-8ac7-200c2e9b483b-groupManagement] INFO  server.RaftServerConfigKeys (ConfUtils.java:logGet(46)) - raft.server.log.statemachine.data.sync = true (default)
2023-12-01 12:07:41,410 [0d726c29-49a1-421e-8ac7-200c2e9b483b-groupManagement] INFO  server.RaftServerConfigKeys (ConfUtils.java:logGet(46)) - raft.server.log.statemachine.data.sync.timeout = 10s (default)
2023-12-01 12:07:41,410 [0d726c29-49a1-421e-8ac7-200c2e9b483b-groupManagement] INFO  server.RaftServerConfigKeys (ConfUtils.java:logGet(46)) - raft.server.log.statemachine.data.sync.timeout.retry = -1 (default)
2023-12-01 12:07:41,410 [0d726c29-49a1-421e-8ac7-200c2e9b483b-groupManagement] INFO  server.RaftServerConfigKeys (ConfUtils.java:logGet(46)) - raft.server.log.write.buffer.size = 2097152 (custom)
2023-12-01 12:07:41,411 [0d726c29-49a1-421e-8ac7-200c2e9b483b-groupManagement] INFO  server.RaftServerConfigKeys (ConfUtils.java:logGet(46)) - raft.server.log.appender.buffer.byte-limit = 33554432 (custom)
2023-12-01 12:07:41,413 [0d726c29-49a1-421e-8ac7-200c2e9b483b-groupManagement] INFO  server.RaftServerConfigKeys (ConfUtils.java:logGet(46)) - raft.server.log.unsafe-flush.enabled = false (default)
2023-12-01 12:07:41,413 [0d726c29-49a1-421e-8ac7-200c2e9b483b-groupManagement] INFO  server.RaftServerConfigKeys (ConfUtils.java:logGet(46)) - raft.server.log.async-flush.enabled = false (default)
2023-12-01 12:07:41,413 [0d726c29-49a1-421e-8ac7-200c2e9b483b-groupManagement] INFO  server.RaftServerConfigKeys (ConfUtils.java:logGet(46)) - raft.server.log.statemachine.data.caching.enabled = true (custom)
2023-12-01 12:07:41,413 [0d726c29-49a1-421e-8ac7-200c2e9b483b-groupManagement] INFO  segmented.SegmentedRaftLogWorker (SegmentedRaftLogWorker.java:lambda$new$0(135)) - 0d726c29-49a1-421e-8ac7-200c2e9b483b@group-84D970D8DD2E-SegmentedRaftLogWorker: flushIndex: setUnconditionally 0 -> -1
2023-12-01 12:07:41,413 [0d726c29-49a1-421e-8ac7-200c2e9b483b-groupManagement] INFO  segmented.SegmentedRaftLogWorker (SegmentedRaftLogWorker.java:lambda$new$0(135)) - 0d726c29-49a1-421e-8ac7-200c2e9b483b@group-84D970D8DD2E-SegmentedRaftLogWorker: safeCacheEvictIndex: setUnconditionally 0 -> -1
2023-12-01 12:07:41,413 [0d726c29-49a1-421e-8ac7-200c2e9b483b-groupManagement] INFO  server.RaftServer$Division (RaftServerImpl.java:start(392)) - 0d726c29-49a1-421e-8ac7-200c2e9b483b@group-84D970D8DD2E: start as a follower, conf=-1: peers:[585524aa-0c42-40b1-8d18-f2722508c145|10.1.0.24:15138, e22ca2c5-a776-4b7c-8aca-6a18d36008b3|10.1.0.24:15156, 0d726c29-49a1-421e-8ac7-200c2e9b483b|10.1.0.24:15147]|listeners:[], old=null
2023-12-01 12:07:41,413 [0d726c29-49a1-421e-8ac7-200c2e9b483b-groupManagement] INFO  server.RaftServer$Division (RaftServerImpl.java:setRole(379)) - 0d726c29-49a1-421e-8ac7-200c2e9b483b@group-84D970D8DD2E: changes role from      null to FOLLOWER at term 0 for startAsFollower
2023-12-01 12:07:41,413 [0d726c29-49a1-421e-8ac7-200c2e9b483b-groupManagement] INFO  impl.RoleInfo (RoleInfo.java:updateAndGet(139)) - 0d726c29-49a1-421e-8ac7-200c2e9b483b: start 0d726c29-49a1-421e-8ac7-200c2e9b483b@group-84D970D8DD2E-FollowerState
2023-12-01 12:07:41,413 [0d726c29-49a1-421e-8ac7-200c2e9b483b@group-84D970D8DD2E-FollowerState] INFO  server.RaftServerConfigKeys (ConfUtils.java:logFallback(53)) - raft.server.rpc.first-election.timeout.min = 5s (fallback to raft.server.rpc.timeout.min)
2023-12-01 12:07:41,413 [0d726c29-49a1-421e-8ac7-200c2e9b483b-groupManagement] INFO  util.JmxRegister (JmxRegister.java:tryRegister(44)) - Successfully registered JMX Bean with object name Ratis:service=RaftServer,group=group-84D970D8DD2E,id=0d726c29-49a1-421e-8ac7-200c2e9b483b
2023-12-01 12:07:41,414 [0d726c29-49a1-421e-8ac7-200c2e9b483b@group-84D970D8DD2E-FollowerState] INFO  server.RaftServerConfigKeys (ConfUtils.java:logFallback(53)) - raft.server.rpc.first-election.timeout.max = 5200ms (fallback to raft.server.rpc.timeout.max)
2023-12-01 12:07:41,414 [0d726c29-49a1-421e-8ac7-200c2e9b483b-groupManagement] INFO  server.RaftServerConfigKeys (ConfUtils.java:logGet(46)) - raft.server.snapshot.trigger-when-stop.enabled = true (default)
2023-12-01 12:07:41,414 [0d726c29-49a1-421e-8ac7-200c2e9b483b-groupManagement] INFO  server.RaftServerConfigKeys (ConfUtils.java:logGet(46)) - raft.server.snapshot.auto.trigger.enabled = true (custom)
2023-12-01 12:07:41,414 [0d726c29-49a1-421e-8ac7-200c2e9b483b-groupManagement] INFO  server.RaftServerConfigKeys (ConfUtils.java:logGet(46)) - raft.server.snapshot.auto.trigger.threshold = 10000 (custom)
2023-12-01 12:07:41,414 [0d726c29-49a1-421e-8ac7-200c2e9b483b-groupManagement] INFO  server.RaftServerConfigKeys (ConfUtils.java:logGet(46)) - raft.server.snapshot.retention.file.num = 5 (custom)
2023-12-01 12:07:41,414 [0d726c29-49a1-421e-8ac7-200c2e9b483b-groupManagement] INFO  server.RaftServerConfigKeys (ConfUtils.java:logGet(46)) - raft.server.log.purge.upto.snapshot.index = false (default)
2023-12-01 12:07:41,416 [585524aa-0c42-40b1-8d18-f2722508c145-PipelineCommandHandlerThread-0] INFO  commandhandler.CreatePipelineCommandHandler (CreatePipelineCommandHandler.java:lambda$handle$2(124)) - Created Pipeline RATIS THREE PipelineID=0e28a80f-65de-422d-85e8-84d970d8dd2e.
2023-12-01 12:07:41,529 [main] INFO  ozone.MiniOzoneClusterImpl (MiniOzoneClusterImpl.java:lambda$waitForClusterToBeReady$0(229)) - Nodes are ready. Got 6 of 6 DN Heartbeats.
2023-12-01 12:07:41,529 [main] INFO  ozone.MiniOzoneClusterImpl (MiniOzoneClusterImpl.java:lambda$waitForClusterToBeReady$0(232)) - Waiting for cluster to exit safe mode
2023-12-01 12:07:41,529 [main] INFO  ozone.MiniOzoneClusterImpl (MiniOzoneClusterImpl.java:lambda$waitForClusterToBeReady$0(234)) - SCM became leader
2023-12-01 12:07:42,530 [main] INFO  ozone.MiniOzoneClusterImpl (MiniOzoneClusterImpl.java:lambda$waitForClusterToBeReady$0(229)) - Nodes are ready. Got 6 of 6 DN Heartbeats.
2023-12-01 12:07:42,530 [main] INFO  ozone.MiniOzoneClusterImpl (MiniOzoneClusterImpl.java:lambda$waitForClusterToBeReady$0(232)) - Waiting for cluster to exit safe mode
2023-12-01 12:07:42,530 [main] INFO  ozone.MiniOzoneClusterImpl (MiniOzoneClusterImpl.java:lambda$waitForClusterToBeReady$0(234)) - SCM became leader
2023-12-01 12:07:43,530 [main] INFO  ozone.MiniOzoneClusterImpl (MiniOzoneClusterImpl.java:lambda$waitForClusterToBeReady$0(229)) - Nodes are ready. Got 6 of 6 DN Heartbeats.
2023-12-01 12:07:43,530 [main] INFO  ozone.MiniOzoneClusterImpl (MiniOzoneClusterImpl.java:lambda$waitForClusterToBeReady$0(232)) - Waiting for cluster to exit safe mode
2023-12-01 12:07:43,531 [main] INFO  ozone.MiniOzoneClusterImpl (MiniOzoneClusterImpl.java:lambda$waitForClusterToBeReady$0(234)) - SCM became leader
2023-12-01 12:07:44,531 [main] INFO  ozone.MiniOzoneClusterImpl (MiniOzoneClusterImpl.java:lambda$waitForClusterToBeReady$0(229)) - Nodes are ready. Got 6 of 6 DN Heartbeats.
2023-12-01 12:07:44,531 [main] INFO  ozone.MiniOzoneClusterImpl (MiniOzoneClusterImpl.java:lambda$waitForClusterToBeReady$0(232)) - Waiting for cluster to exit safe mode
2023-12-01 12:07:44,531 [main] INFO  ozone.MiniOzoneClusterImpl (MiniOzoneClusterImpl.java:lambda$waitForClusterToBeReady$0(234)) - SCM became leader
2023-12-01 12:07:45,531 [main] INFO  ozone.MiniOzoneClusterImpl (MiniOzoneClusterImpl.java:lambda$waitForClusterToBeReady$0(229)) - Nodes are ready. Got 6 of 6 DN Heartbeats.
2023-12-01 12:07:45,532 [main] INFO  ozone.MiniOzoneClusterImpl (MiniOzoneClusterImpl.java:lambda$waitForClusterToBeReady$0(232)) - Waiting for cluster to exit safe mode
2023-12-01 12:07:45,532 [main] INFO  ozone.MiniOzoneClusterImpl (MiniOzoneClusterImpl.java:lambda$waitForClusterToBeReady$0(234)) - SCM became leader
2023-12-01 12:07:46,033 [36feb706-8d2b-450d-bbd6-33af8c2d1a3d@group-5CCA57CB9EC4-FollowerState] INFO  impl.FollowerState (FollowerState.java:run(143)) - 36feb706-8d2b-450d-bbd6-33af8c2d1a3d@group-5CCA57CB9EC4-FollowerState: change to CANDIDATE, lastRpcElapsedTime:5013510605ns, electionTimeout:5013ms
2023-12-01 12:07:46,033 [36feb706-8d2b-450d-bbd6-33af8c2d1a3d@group-5CCA57CB9EC4-FollowerState] INFO  impl.RoleInfo (RoleInfo.java:shutdownFollowerState(110)) - 36feb706-8d2b-450d-bbd6-33af8c2d1a3d: shutdown 36feb706-8d2b-450d-bbd6-33af8c2d1a3d@group-5CCA57CB9EC4-FollowerState
2023-12-01 12:07:46,033 [36feb706-8d2b-450d-bbd6-33af8c2d1a3d@group-5CCA57CB9EC4-FollowerState] INFO  server.RaftServer$Division (RaftServerImpl.java:setRole(379)) - 36feb706-8d2b-450d-bbd6-33af8c2d1a3d@group-5CCA57CB9EC4: changes role from  FOLLOWER to CANDIDATE at term 0 for changeToCandidate
2023-12-01 12:07:46,034 [36feb706-8d2b-450d-bbd6-33af8c2d1a3d@group-5CCA57CB9EC4-FollowerState] INFO  server.RaftServerConfigKeys (ConfUtils.java:logGet(46)) - raft.server.leaderelection.pre-vote = true (default)
2023-12-01 12:07:46,034 [36feb706-8d2b-450d-bbd6-33af8c2d1a3d@group-5CCA57CB9EC4-FollowerState] INFO  impl.RoleInfo (RoleInfo.java:updateAndGet(139)) - 36feb706-8d2b-450d-bbd6-33af8c2d1a3d: start 36feb706-8d2b-450d-bbd6-33af8c2d1a3d@group-5CCA57CB9EC4-LeaderElection23
2023-12-01 12:07:46,035 [36feb706-8d2b-450d-bbd6-33af8c2d1a3d@group-5CCA57CB9EC4-LeaderElection23] INFO  impl.LeaderElection (LeaderElection.java:askForVotes(323)) - 36feb706-8d2b-450d-bbd6-33af8c2d1a3d@group-5CCA57CB9EC4-LeaderElection23 PRE_VOTE round 0: submit vote requests at term 0 for -1: peers:[76b9be1d-1bf0-4a28-acca-c5c2681cc872|10.1.0.24:15120, 36feb706-8d2b-450d-bbd6-33af8c2d1a3d|10.1.0.24:15129, af140fa9-d57b-4d38-ac23-ee5728971003|10.1.0.24:15111]|listeners:[], old=null
2023-12-01 12:07:46,036 [36feb706-8d2b-450d-bbd6-33af8c2d1a3d@group-5CCA57CB9EC4-LeaderElection23-1] INFO  server.GrpcServerProtocolClient (GrpcServerProtocolClient.java:<init>(65)) - Build channel for 76b9be1d-1bf0-4a28-acca-c5c2681cc872
2023-12-01 12:07:46,036 [36feb706-8d2b-450d-bbd6-33af8c2d1a3d@group-5CCA57CB9EC4-LeaderElection23-2] INFO  server.GrpcServerProtocolClient (GrpcServerProtocolClient.java:<init>(65)) - Build channel for af140fa9-d57b-4d38-ac23-ee5728971003
2023-12-01 12:07:46,036 [36feb706-8d2b-450d-bbd6-33af8c2d1a3d@group-5CCA57CB9EC4-LeaderElection23] INFO  server.RaftServerConfigKeys (ConfUtils.java:logFallback(53)) - raft.server.rpc.first-election.timeout.min = 5s (fallback to raft.server.rpc.timeout.min)
2023-12-01 12:07:46,036 [36feb706-8d2b-450d-bbd6-33af8c2d1a3d@group-5CCA57CB9EC4-LeaderElection23] INFO  server.RaftServerConfigKeys (ConfUtils.java:logFallback(53)) - raft.server.rpc.first-election.timeout.max = 5200ms (fallback to raft.server.rpc.timeout.max)
2023-12-01 12:07:46,040 [grpc-default-executor-1] INFO  server.RaftServer$Division (RaftServerImpl.java:requestVote(1377)) - 76b9be1d-1bf0-4a28-acca-c5c2681cc872@group-5CCA57CB9EC4: receive requestVote(PRE_VOTE, 36feb706-8d2b-450d-bbd6-33af8c2d1a3d, group-5CCA57CB9EC4, 0, (t:0, i:0))
2023-12-01 12:07:46,040 [grpc-default-executor-0] INFO  server.RaftServer$Division (RaftServerImpl.java:requestVote(1377)) - af140fa9-d57b-4d38-ac23-ee5728971003@group-5CCA57CB9EC4: receive requestVote(PRE_VOTE, 36feb706-8d2b-450d-bbd6-33af8c2d1a3d, group-5CCA57CB9EC4, 0, (t:0, i:0))
2023-12-01 12:07:46,041 [grpc-default-executor-0] INFO  impl.VoteContext (VoteContext.java:log(49)) - af140fa9-d57b-4d38-ac23-ee5728971003@group-5CCA57CB9EC4-FOLLOWER: accept PRE_VOTE from 36feb706-8d2b-450d-bbd6-33af8c2d1a3d: our priority 0 <= candidate's priority 1
2023-12-01 12:07:46,041 [grpc-default-executor-0] INFO  server.RaftServer$Division (RaftServerImpl.java:requestVote(1410)) - af140fa9-d57b-4d38-ac23-ee5728971003@group-5CCA57CB9EC4 replies to PRE_VOTE vote request: 36feb706-8d2b-450d-bbd6-33af8c2d1a3d<-af140fa9-d57b-4d38-ac23-ee5728971003#0:OK-t0. Peer's state: af140fa9-d57b-4d38-ac23-ee5728971003@group-5CCA57CB9EC4:t0, leader=null, voted=, raftlog=Memoized:af140fa9-d57b-4d38-ac23-ee5728971003@group-5CCA57CB9EC4-SegmentedRaftLog:OPENED:c-1, conf=-1: peers:[76b9be1d-1bf0-4a28-acca-c5c2681cc872|10.1.0.24:15120, 36feb706-8d2b-450d-bbd6-33af8c2d1a3d|10.1.0.24:15129, af140fa9-d57b-4d38-ac23-ee5728971003|10.1.0.24:15111]|listeners:[], old=null
2023-12-01 12:07:46,041 [grpc-default-executor-1] INFO  impl.VoteContext (VoteContext.java:log(49)) - 76b9be1d-1bf0-4a28-acca-c5c2681cc872@group-5CCA57CB9EC4-FOLLOWER: accept PRE_VOTE from 36feb706-8d2b-450d-bbd6-33af8c2d1a3d: our priority 0 <= candidate's priority 1
2023-12-01 12:07:46,041 [grpc-default-executor-1] INFO  server.RaftServer$Division (RaftServerImpl.java:requestVote(1410)) - 76b9be1d-1bf0-4a28-acca-c5c2681cc872@group-5CCA57CB9EC4 replies to PRE_VOTE vote request: 36feb706-8d2b-450d-bbd6-33af8c2d1a3d<-76b9be1d-1bf0-4a28-acca-c5c2681cc872#0:OK-t0. Peer's state: 76b9be1d-1bf0-4a28-acca-c5c2681cc872@group-5CCA57CB9EC4:t0, leader=null, voted=, raftlog=Memoized:76b9be1d-1bf0-4a28-acca-c5c2681cc872@group-5CCA57CB9EC4-SegmentedRaftLog:OPENED:c-1, conf=-1: peers:[76b9be1d-1bf0-4a28-acca-c5c2681cc872|10.1.0.24:15120, 36feb706-8d2b-450d-bbd6-33af8c2d1a3d|10.1.0.24:15129, af140fa9-d57b-4d38-ac23-ee5728971003|10.1.0.24:15111]|listeners:[], old=null
2023-12-01 12:07:46,042 [36feb706-8d2b-450d-bbd6-33af8c2d1a3d@group-5CCA57CB9EC4-LeaderElection23] INFO  impl.LeaderElection (LeaderElection.java:logAndReturn(89)) - 36feb706-8d2b-450d-bbd6-33af8c2d1a3d@group-5CCA57CB9EC4-LeaderElection23: PRE_VOTE PASSED received 1 response(s) and 0 exception(s):
2023-12-01 12:07:46,042 [36feb706-8d2b-450d-bbd6-33af8c2d1a3d@group-5CCA57CB9EC4-LeaderElection23] INFO  impl.LeaderElection (LeaderElection.java:logAndReturn(93)) -   Response 0: 36feb706-8d2b-450d-bbd6-33af8c2d1a3d<-76b9be1d-1bf0-4a28-acca-c5c2681cc872#0:OK-t0
2023-12-01 12:07:46,042 [36feb706-8d2b-450d-bbd6-33af8c2d1a3d@group-5CCA57CB9EC4-LeaderElection23] INFO  impl.LeaderElection (LeaderElection.java:askForVotes(325)) - 36feb706-8d2b-450d-bbd6-33af8c2d1a3d@group-5CCA57CB9EC4-LeaderElection23 PRE_VOTE round 0: result PASSED
2023-12-01 12:07:46,045 [36feb706-8d2b-450d-bbd6-33af8c2d1a3d@group-5CCA57CB9EC4-LeaderElection23] INFO  impl.LeaderElection (LeaderElection.java:askForVotes(323)) - 36feb706-8d2b-450d-bbd6-33af8c2d1a3d@group-5CCA57CB9EC4-LeaderElection23 ELECTION round 0: submit vote requests at term 1 for -1: peers:[76b9be1d-1bf0-4a28-acca-c5c2681cc872|10.1.0.24:15120, 36feb706-8d2b-450d-bbd6-33af8c2d1a3d|10.1.0.24:15129, af140fa9-d57b-4d38-ac23-ee5728971003|10.1.0.24:15111]|listeners:[], old=null
2023-12-01 12:07:46,046 [36feb706-8d2b-450d-bbd6-33af8c2d1a3d@group-5CCA57CB9EC4-LeaderElection23] INFO  server.RaftServerConfigKeys (ConfUtils.java:logFallback(53)) - raft.server.rpc.first-election.timeout.min = 5s (fallback to raft.server.rpc.timeout.min)
2023-12-01 12:07:46,046 [36feb706-8d2b-450d-bbd6-33af8c2d1a3d@group-5CCA57CB9EC4-LeaderElection23] INFO  server.RaftServerConfigKeys (ConfUtils.java:logFallback(53)) - raft.server.rpc.first-election.timeout.max = 5200ms (fallback to raft.server.rpc.timeout.max)
2023-12-01 12:07:46,046 [grpc-default-executor-1] INFO  server.RaftServer$Division (RaftServerImpl.java:requestVote(1377)) - af140fa9-d57b-4d38-ac23-ee5728971003@group-5CCA57CB9EC4: receive requestVote(ELECTION, 36feb706-8d2b-450d-bbd6-33af8c2d1a3d, group-5CCA57CB9EC4, 1, (t:0, i:0))
2023-12-01 12:07:46,046 [grpc-default-executor-0] INFO  server.RaftServer$Division (RaftServerImpl.java:requestVote(1377)) - 76b9be1d-1bf0-4a28-acca-c5c2681cc872@group-5CCA57CB9EC4: receive requestVote(ELECTION, 36feb706-8d2b-450d-bbd6-33af8c2d1a3d, group-5CCA57CB9EC4, 1, (t:0, i:0))
2023-12-01 12:07:46,048 [grpc-default-executor-1] INFO  impl.VoteContext (VoteContext.java:log(49)) - af140fa9-d57b-4d38-ac23-ee5728971003@group-5CCA57CB9EC4-FOLLOWER: accept ELECTION from 36feb706-8d2b-450d-bbd6-33af8c2d1a3d: our priority 0 <= candidate's priority 1
2023-12-01 12:07:46,048 [grpc-default-executor-0] INFO  impl.VoteContext (VoteContext.java:log(49)) - 76b9be1d-1bf0-4a28-acca-c5c2681cc872@group-5CCA57CB9EC4-FOLLOWER: accept ELECTION from 36feb706-8d2b-450d-bbd6-33af8c2d1a3d: our priority 0 <= candidate's priority 1
2023-12-01 12:07:46,048 [grpc-default-executor-1] INFO  server.RaftServer$Division (RaftServerImpl.java:setRole(379)) - af140fa9-d57b-4d38-ac23-ee5728971003@group-5CCA57CB9EC4: changes role from  FOLLOWER to FOLLOWER at term 1 for candidate:36feb706-8d2b-450d-bbd6-33af8c2d1a3d
2023-12-01 12:07:46,048 [grpc-default-executor-1] INFO  impl.RoleInfo (RoleInfo.java:shutdownFollowerState(110)) - af140fa9-d57b-4d38-ac23-ee5728971003: shutdown af140fa9-d57b-4d38-ac23-ee5728971003@group-5CCA57CB9EC4-FollowerState
2023-12-01 12:07:46,048 [grpc-default-executor-0] INFO  server.RaftServer$Division (RaftServerImpl.java:setRole(379)) - 76b9be1d-1bf0-4a28-acca-c5c2681cc872@group-5CCA57CB9EC4: changes role from  FOLLOWER to FOLLOWER at term 1 for candidate:36feb706-8d2b-450d-bbd6-33af8c2d1a3d
2023-12-01 12:07:46,048 [grpc-default-executor-1] INFO  impl.RoleInfo (RoleInfo.java:updateAndGet(139)) - af140fa9-d57b-4d38-ac23-ee5728971003: start af140fa9-d57b-4d38-ac23-ee5728971003@group-5CCA57CB9EC4-FollowerState
2023-12-01 12:07:46,048 [grpc-default-executor-0] INFO  impl.RoleInfo (RoleInfo.java:shutdownFollowerState(110)) - 76b9be1d-1bf0-4a28-acca-c5c2681cc872: shutdown 76b9be1d-1bf0-4a28-acca-c5c2681cc872@group-5CCA57CB9EC4-FollowerState
2023-12-01 12:07:46,048 [grpc-default-executor-1] INFO  server.RaftServer$Division (RaftServerImpl.java:setFirstElection(564)) - af140fa9-d57b-4d38-ac23-ee5728971003@group-5CCA57CB9EC4: set firstElectionSinceStartup to false for candidate:36feb706-8d2b-450d-bbd6-33af8c2d1a3d
2023-12-01 12:07:46,048 [76b9be1d-1bf0-4a28-acca-c5c2681cc872@group-5CCA57CB9EC4-FollowerState] INFO  impl.FollowerState (FollowerState.java:run(152)) - 76b9be1d-1bf0-4a28-acca-c5c2681cc872@group-5CCA57CB9EC4-FollowerState was interrupted
2023-12-01 12:07:46,048 [af140fa9-d57b-4d38-ac23-ee5728971003@group-5CCA57CB9EC4-FollowerState] INFO  impl.FollowerState (FollowerState.java:run(152)) - af140fa9-d57b-4d38-ac23-ee5728971003@group-5CCA57CB9EC4-FollowerState was interrupted
2023-12-01 12:07:46,048 [grpc-default-executor-0] INFO  impl.RoleInfo (RoleInfo.java:updateAndGet(139)) - 76b9be1d-1bf0-4a28-acca-c5c2681cc872: start 76b9be1d-1bf0-4a28-acca-c5c2681cc872@group-5CCA57CB9EC4-FollowerState
2023-12-01 12:07:46,049 [grpc-default-executor-0] INFO  server.RaftServer$Division (RaftServerImpl.java:setFirstElection(564)) - 76b9be1d-1bf0-4a28-acca-c5c2681cc872@group-5CCA57CB9EC4: set firstElectionSinceStartup to false for candidate:36feb706-8d2b-450d-bbd6-33af8c2d1a3d
2023-12-01 12:07:46,050 [grpc-default-executor-1] INFO  server.RaftServer$Division (RaftServerImpl.java:requestVote(1410)) - af140fa9-d57b-4d38-ac23-ee5728971003@group-5CCA57CB9EC4 replies to ELECTION vote request: 36feb706-8d2b-450d-bbd6-33af8c2d1a3d<-af140fa9-d57b-4d38-ac23-ee5728971003#0:OK-t1. Peer's state: af140fa9-d57b-4d38-ac23-ee5728971003@group-5CCA57CB9EC4:t1, leader=null, voted=36feb706-8d2b-450d-bbd6-33af8c2d1a3d, raftlog=Memoized:af140fa9-d57b-4d38-ac23-ee5728971003@group-5CCA57CB9EC4-SegmentedRaftLog:OPENED:c-1, conf=-1: peers:[76b9be1d-1bf0-4a28-acca-c5c2681cc872|10.1.0.24:15120, 36feb706-8d2b-450d-bbd6-33af8c2d1a3d|10.1.0.24:15129, af140fa9-d57b-4d38-ac23-ee5728971003|10.1.0.24:15111]|listeners:[], old=null
2023-12-01 12:07:46,050 [grpc-default-executor-0] INFO  server.RaftServer$Division (RaftServerImpl.java:requestVote(1410)) - 76b9be1d-1bf0-4a28-acca-c5c2681cc872@group-5CCA57CB9EC4 replies to ELECTION vote request: 36feb706-8d2b-450d-bbd6-33af8c2d1a3d<-76b9be1d-1bf0-4a28-acca-c5c2681cc872#0:OK-t1. Peer's state: 76b9be1d-1bf0-4a28-acca-c5c2681cc872@group-5CCA57CB9EC4:t1, leader=null, voted=36feb706-8d2b-450d-bbd6-33af8c2d1a3d, raftlog=Memoized:76b9be1d-1bf0-4a28-acca-c5c2681cc872@group-5CCA57CB9EC4-SegmentedRaftLog:OPENED:c-1, conf=-1: peers:[76b9be1d-1bf0-4a28-acca-c5c2681cc872|10.1.0.24:15120, 36feb706-8d2b-450d-bbd6-33af8c2d1a3d|10.1.0.24:15129, af140fa9-d57b-4d38-ac23-ee5728971003|10.1.0.24:15111]|listeners:[], old=null
2023-12-01 12:07:46,054 [36feb706-8d2b-450d-bbd6-33af8c2d1a3d@group-5CCA57CB9EC4-LeaderElection23] INFO  impl.LeaderElection (LeaderElection.java:logAndReturn(89)) - 36feb706-8d2b-450d-bbd6-33af8c2d1a3d@group-5CCA57CB9EC4-LeaderElection23: ELECTION PASSED received 1 response(s) and 0 exception(s):
2023-12-01 12:07:46,054 [36feb706-8d2b-450d-bbd6-33af8c2d1a3d@group-5CCA57CB9EC4-LeaderElection23] INFO  impl.LeaderElection (LeaderElection.java:logAndReturn(93)) -   Response 0: 36feb706-8d2b-450d-bbd6-33af8c2d1a3d<-af140fa9-d57b-4d38-ac23-ee5728971003#0:OK-t1
2023-12-01 12:07:46,054 [36feb706-8d2b-450d-bbd6-33af8c2d1a3d@group-5CCA57CB9EC4-LeaderElection23] INFO  impl.LeaderElection (LeaderElection.java:askForVotes(325)) - 36feb706-8d2b-450d-bbd6-33af8c2d1a3d@group-5CCA57CB9EC4-LeaderElection23 ELECTION round 0: result PASSED
2023-12-01 12:07:46,054 [36feb706-8d2b-450d-bbd6-33af8c2d1a3d@group-5CCA57CB9EC4-LeaderElection23] INFO  impl.RoleInfo (RoleInfo.java:shutdownLeaderElection(130)) - 36feb706-8d2b-450d-bbd6-33af8c2d1a3d: shutdown 36feb706-8d2b-450d-bbd6-33af8c2d1a3d@group-5CCA57CB9EC4-LeaderElection23
2023-12-01 12:07:46,054 [36feb706-8d2b-450d-bbd6-33af8c2d1a3d@group-5CCA57CB9EC4-LeaderElection23] INFO  server.RaftServer$Division (RaftServerImpl.java:setRole(379)) - 36feb706-8d2b-450d-bbd6-33af8c2d1a3d@group-5CCA57CB9EC4: changes role from CANDIDATE to LEADER at term 1 for changeToLeader
2023-12-01 12:07:46,054 [36feb706-8d2b-450d-bbd6-33af8c2d1a3d@group-5CCA57CB9EC4-LeaderElection23] INFO  server.RaftServerConfigKeys (ConfUtils.java:logGet(46)) - raft.server.staging.catchup.gap = 1000 (default)
2023-12-01 12:07:46,054 [36feb706-8d2b-450d-bbd6-33af8c2d1a3d@group-5CCA57CB9EC4-LeaderElection23] INFO  server.RaftServerConfigKeys (ConfUtils.java:logGet(46)) - raft.server.write.element-limit = 1024 (custom)
2023-12-01 12:07:46,054 [36feb706-8d2b-450d-bbd6-33af8c2d1a3d@group-5CCA57CB9EC4-LeaderElection23] INFO  server.RaftServerConfigKeys (ConfUtils.java:logGet(46)) - raft.server.write.byte-limit = 1024 M (=1073741824) (custom)
2023-12-01 12:07:46,055 [36feb706-8d2b-450d-bbd6-33af8c2d1a3d@group-5CCA57CB9EC4-LeaderElection23] INFO  server.RaftServerConfigKeys (ConfUtils.java:logGet(46)) - raft.server.watch.timeout = 180s (custom)
2023-12-01 12:07:46,055 [36feb706-8d2b-450d-bbd6-33af8c2d1a3d@group-5CCA57CB9EC4-LeaderElection23] INFO  server.RaftServerConfigKeys (ConfUtils.java:logGet(46)) - raft.server.watch.timeout.denomination = 1s (default)
2023-12-01 12:07:46,055 [36feb706-8d2b-450d-bbd6-33af8c2d1a3d@group-5CCA57CB9EC4-LeaderElection23] INFO  server.RaftServerConfigKeys (ConfUtils.java:logGet(46)) - raft.server.watch.element-limit = 65536 (default)
2023-12-01 12:07:46,055 [36feb706-8d2b-450d-bbd6-33af8c2d1a3d@group-5CCA57CB9EC4-LeaderElection23] INFO  server.RaftServerConfigKeys (ConfUtils.java:logGet(46)) - raft.server.read.leader.lease.enabled = false (default)
2023-12-01 12:07:46,055 [36feb706-8d2b-450d-bbd6-33af8c2d1a3d@group-5CCA57CB9EC4-LeaderElection23] INFO  server.RaftServerConfigKeys (ConfUtils.java:logGet(46)) - raft.server.read.leader.lease.timeout.ratio = 0.9 (default)
2023-12-01 12:07:46,055 [36feb706-8d2b-450d-bbd6-33af8c2d1a3d@group-5CCA57CB9EC4-LeaderElection23] INFO  server.RaftServerConfigKeys (ConfUtils.java:logGet(46)) - raft.server.rpc.timeout.min = 5s (custom)
2023-12-01 12:07:46,055 [36feb706-8d2b-450d-bbd6-33af8c2d1a3d@group-5CCA57CB9EC4-LeaderElection23] INFO  server.RaftServerConfigKeys (ConfUtils.java:logGet(46)) - raft.server.write.element-limit = 1024 (custom)
2023-12-01 12:07:46,055 [36feb706-8d2b-450d-bbd6-33af8c2d1a3d@group-5CCA57CB9EC4-LeaderElection23] INFO  server.RaftServerConfigKeys (ConfUtils.java:logGet(46)) - raft.server.write.follower.gap.ratio.max = -1.0 (default)
2023-12-01 12:07:46,056 [36feb706-8d2b-450d-bbd6-33af8c2d1a3d@group-5CCA57CB9EC4-LeaderElection23] INFO  server.RaftServerConfigKeys (ConfUtils.java:logGet(46)) - raft.server.log.appender.snapshot.chunk.size.max = 16MB (=16777216) (default)
2023-12-01 12:07:46,056 [36feb706-8d2b-450d-bbd6-33af8c2d1a3d@group-5CCA57CB9EC4-LeaderElection23] INFO  server.RaftServerConfigKeys (ConfUtils.java:logGet(46)) - raft.server.log.appender.buffer.byte-limit = 33554432 (custom)
2023-12-01 12:07:46,056 [36feb706-8d2b-450d-bbd6-33af8c2d1a3d@group-5CCA57CB9EC4-LeaderElection23] INFO  server.RaftServerConfigKeys (ConfUtils.java:logGet(46)) - raft.server.log.appender.buffer.element-limit = 1 (custom)
2023-12-01 12:07:46,056 [36feb706-8d2b-450d-bbd6-33af8c2d1a3d@group-5CCA57CB9EC4-LeaderElection23] INFO  server.RaftServerConfigKeys (ConfUtils.java:logGet(46)) - raft.server.log.appender.wait-time.min = 1ms (default)
2023-12-01 12:07:46,056 [36feb706-8d2b-450d-bbd6-33af8c2d1a3d@group-5CCA57CB9EC4-LeaderElection23] INFO  grpc.GrpcConfigKeys (ConfUtils.java:logGet(46)) - raft.grpc.server.leader.outstanding.appends.max = 8 (default)
2023-12-01 12:07:46,056 [36feb706-8d2b-450d-bbd6-33af8c2d1a3d@group-5CCA57CB9EC4-LeaderElection23] INFO  server.RaftServerConfigKeys (ConfUtils.java:logGet(46)) - raft.server.rpc.request.timeout = 60s (custom)
2023-12-01 12:07:46,056 [36feb706-8d2b-450d-bbd6-33af8c2d1a3d@group-5CCA57CB9EC4-LeaderElection23] INFO  grpc.GrpcConfigKeys (ConfUtils.java:logGet(46)) - raft.grpc.server.install_snapshot.request.element-limit = 8 (default)
2023-12-01 12:07:46,056 [36feb706-8d2b-450d-bbd6-33af8c2d1a3d@group-5CCA57CB9EC4-LeaderElection23] INFO  grpc.GrpcConfigKeys (ConfUtils.java:logGet(46)) - raft.grpc.server.install_snapshot.request.timeout = 3000ms (default)
2023-12-01 12:07:46,056 [36feb706-8d2b-450d-bbd6-33af8c2d1a3d@group-5CCA57CB9EC4-LeaderElection23] INFO  server.RaftServerConfigKeys (ConfUtils.java:logGet(46)) - raft.server.log.appender.install.snapshot.enabled = false (custom)
2023-12-01 12:07:46,056 [36feb706-8d2b-450d-bbd6-33af8c2d1a3d@group-5CCA57CB9EC4-LeaderElection23] INFO  grpc.GrpcConfigKeys (ConfUtils.java:logGet(46)) - raft.grpc.server.heartbeat.channel = true (default)
2023-12-01 12:07:46,057 [36feb706-8d2b-450d-bbd6-33af8c2d1a3d@group-5CCA57CB9EC4-LeaderElection23] INFO  server.RaftServerConfigKeys (ConfUtils.java:logGet(46)) - raft.server.log.appender.snapshot.chunk.size.max = 16MB (=16777216) (default)
2023-12-01 12:07:46,057 [36feb706-8d2b-450d-bbd6-33af8c2d1a3d@group-5CCA57CB9EC4-LeaderElection23] INFO  server.RaftServerConfigKeys (ConfUtils.java:logGet(46)) - raft.server.log.appender.buffer.byte-limit = 33554432 (custom)
2023-12-01 12:07:46,057 [36feb706-8d2b-450d-bbd6-33af8c2d1a3d@group-5CCA57CB9EC4-LeaderElection23] INFO  server.RaftServerConfigKeys (ConfUtils.java:logGet(46)) - raft.server.log.appender.buffer.element-limit = 1 (custom)
2023-12-01 12:07:46,057 [36feb706-8d2b-450d-bbd6-33af8c2d1a3d@group-5CCA57CB9EC4-LeaderElection23] INFO  server.RaftServerConfigKeys (ConfUtils.java:logGet(46)) - raft.server.log.appender.wait-time.min = 1ms (default)
2023-12-01 12:07:46,057 [36feb706-8d2b-450d-bbd6-33af8c2d1a3d@group-5CCA57CB9EC4-LeaderElection23] INFO  grpc.GrpcConfigKeys (ConfUtils.java:logGet(46)) - raft.grpc.server.leader.outstanding.appends.max = 8 (default)
2023-12-01 12:07:46,057 [36feb706-8d2b-450d-bbd6-33af8c2d1a3d@group-5CCA57CB9EC4-LeaderElection23] INFO  server.RaftServerConfigKeys (ConfUtils.java:logGet(46)) - raft.server.rpc.request.timeout = 60s (custom)
2023-12-01 12:07:46,057 [36feb706-8d2b-450d-bbd6-33af8c2d1a3d@group-5CCA57CB9EC4-LeaderElection23] INFO  grpc.GrpcConfigKeys (ConfUtils.java:logGet(46)) - raft.grpc.server.install_snapshot.request.element-limit = 8 (default)
2023-12-01 12:07:46,057 [36feb706-8d2b-450d-bbd6-33af8c2d1a3d@group-5CCA57CB9EC4-LeaderElection23] INFO  grpc.GrpcConfigKeys (ConfUtils.java:logGet(46)) - raft.grpc.server.install_snapshot.request.timeout = 3000ms (default)
2023-12-01 12:07:46,057 [36feb706-8d2b-450d-bbd6-33af8c2d1a3d@group-5CCA57CB9EC4-LeaderElection23] INFO  server.RaftServerConfigKeys (ConfUtils.java:logGet(46)) - raft.server.log.appender.install.snapshot.enabled = false (custom)
2023-12-01 12:07:46,057 [36feb706-8d2b-450d-bbd6-33af8c2d1a3d@group-5CCA57CB9EC4-LeaderElection23] INFO  grpc.GrpcConfigKeys (ConfUtils.java:logGet(46)) - raft.grpc.server.heartbeat.channel = true (default)
2023-12-01 12:07:46,058 [36feb706-8d2b-450d-bbd6-33af8c2d1a3d@group-5CCA57CB9EC4-LeaderElection23] INFO  impl.RoleInfo (RoleInfo.java:updateAndGet(139)) - 36feb706-8d2b-450d-bbd6-33af8c2d1a3d: start 36feb706-8d2b-450d-bbd6-33af8c2d1a3d@group-5CCA57CB9EC4-LeaderStateImpl
2023-12-01 12:07:46,058 [36feb706-8d2b-450d-bbd6-33af8c2d1a3d@group-5CCA57CB9EC4-LeaderElection23] INFO  server.RaftServer$Division (RaftServerImpl.java:setFirstElection(564)) - 36feb706-8d2b-450d-bbd6-33af8c2d1a3d@group-5CCA57CB9EC4: set firstElectionSinceStartup to false for becomeLeader
2023-12-01 12:07:46,058 [36feb706-8d2b-450d-bbd6-33af8c2d1a3d@group-5CCA57CB9EC4-LeaderElection23] INFO  ratis.XceiverServerRatis (XceiverServerRatis.java:handleLeaderChangedNotification(912)) - Leader change notification received for group: group-5CCA57CB9EC4 with new leaderId: 36feb706-8d2b-450d-bbd6-33af8c2d1a3d
2023-12-01 12:07:46,058 [36feb706-8d2b-450d-bbd6-33af8c2d1a3d@group-5CCA57CB9EC4-LeaderElection23] INFO  server.RaftServer$Division (ServerState.java:setLeader(265)) - 36feb706-8d2b-450d-bbd6-33af8c2d1a3d@group-5CCA57CB9EC4: change Leader from null to 36feb706-8d2b-450d-bbd6-33af8c2d1a3d at term 1 for becomeLeader, leader elected after 5055ms
2023-12-01 12:07:46,058 [36feb706-8d2b-450d-bbd6-33af8c2d1a3d@group-5CCA57CB9EC4-LeaderElection23] INFO  segmented.SegmentedRaftLogWorker (SegmentedRaftLogWorker.java:startLogSegment(428)) - 36feb706-8d2b-450d-bbd6-33af8c2d1a3d@group-5CCA57CB9EC4-SegmentedRaftLogWorker: Starting segment from index:0
2023-12-01 12:07:46,059 [36feb706-8d2b-450d-bbd6-33af8c2d1a3d@group-5CCA57CB9EC4-LeaderElection23] INFO  server.RaftServer$Division (ServerState.java:setRaftConf(382)) - 36feb706-8d2b-450d-bbd6-33af8c2d1a3d@group-5CCA57CB9EC4: set configuration 0: peers:[76b9be1d-1bf0-4a28-acca-c5c2681cc872|10.1.0.24:15120, 36feb706-8d2b-450d-bbd6-33af8c2d1a3d|10.1.0.24:15129, af140fa9-d57b-4d38-ac23-ee5728971003|10.1.0.24:15111]|listeners:[], old=null
2023-12-01 12:07:46,061 [EventQueue-PipelineReportForPipelineReportHandler] INFO  pipeline.PipelineReportHandler (PipelineReportHandler.java:processPipelineReport(136)) - Opened pipeline PipelineID=93296416-f019-4b8c-8f09-5cca57cb9ec4
2023-12-01 12:07:46,068 [EventQueue-OpenPipelineForHealthyPipelineSafeModeRule] INFO  safemode.SCMSafeModeManager (HealthyPipelineSafeModeRule.java:process(137)) - SCM in safe mode. Healthy pipelines reported count is 1, required healthy pipeline reported count is 1
2023-12-01 12:07:46,068 [EventQueue-OpenPipelineForHealthyPipelineSafeModeRule] INFO  safemode.SCMSafeModeManager (SCMSafeModeManager.java:validateSafeModeExitRules(200)) - HealthyPipelineSafeModeRule rule is successfully validated
2023-12-01 12:07:46,068 [EventQueue-OpenPipelineForHealthyPipelineSafeModeRule] INFO  safemode.SCMSafeModeManager (SCMSafeModeManager.java:validateSafeModeExitRules(215)) - ScmSafeModeManager, all rules are successfully validated
2023-12-01 12:07:46,068 [EventQueue-OpenPipelineForHealthyPipelineSafeModeRule] INFO  safemode.SCMSafeModeManager (SCMSafeModeManager.java:exitSafeMode(244)) - SCM exiting safe mode.
2023-12-01 12:07:46,068 [EventQueue-OpenPipelineForHealthyPipelineSafeModeRule] INFO  ha.SCMContext (SCMContext.java:updateSafeModeStatus(230)) - Update SafeModeStatus from SafeModeStatus{safeModeStatus=true, preCheckPassed=true} to SafeModeStatus{safeModeStatus=false, preCheckPassed=true}.
2023-12-01 12:07:46,068 [EventQueue-OpenPipelineForHealthyPipelineSafeModeRule] INFO  pipeline.BackgroundPipelineCreator (BackgroundPipelineCreator.java:notifyStatusChanged(258)) - Service BackgroundPipelineCreator transitions to RUNNING.
2023-12-01 12:07:46,068 [EventQueue-OpenPipelineForHealthyPipelineSafeModeRule] INFO  BackgroundPipelineScrubber (BackgroundSCMService.java:notifyStatusChanged(82)) - Service BackgroundPipelineScrubber transitions to RUNNING.
2023-12-01 12:07:46,068 [EventQueue-OpenPipelineForHealthyPipelineSafeModeRule] INFO  ExpiredContainerReplicaOpScrubber (BackgroundSCMService.java:notifyStatusChanged(82)) - Service ExpiredContainerReplicaOpScrubber transitions to RUNNING.
2023-12-01 12:07:46,069 [EventQueue-OpenPipelineForHealthyPipelineSafeModeRule] INFO  replication.ReplicationManager (ReplicationManager.java:notifyStatusChanged(1370)) - Service ReplicationManager transitions to RUNNING.
2023-12-01 12:07:46,069 [EventQueue-OpenPipelineForHealthyPipelineSafeModeRule] WARN  balancer.ContainerBalancer (ContainerBalancer.java:shouldRun(134)) - Could not find persisted configuration for ContainerBalancer when checking if ContainerBalancer should run. ContainerBalancer should not run now.
2023-12-01 12:07:46,080 [36feb706-8d2b-450d-bbd6-33af8c2d1a3d@group-5CCA57CB9EC4-SegmentedRaftLogWorker] INFO  segmented.SegmentedRaftLogWorker (SegmentedRaftLogWorker.java:execute(632)) - 36feb706-8d2b-450d-bbd6-33af8c2d1a3d@group-5CCA57CB9EC4-SegmentedRaftLogWorker: created new log segment /home/runner/work/ozone/ozone/hadoop-ozone/integration-test/target/test-dir/MiniOzoneClusterImpl-b249f779-13f2-4d94-9d49-8f38c7514c74/datanode-2/data/ratis/93296416-f019-4b8c-8f09-5cca57cb9ec4/current/log_inprogress_0
2023-12-01 12:07:46,081 [76b9be1d-1bf0-4a28-acca-c5c2681cc872-server-thread1] INFO  ratis.XceiverServerRatis (XceiverServerRatis.java:handleLeaderChangedNotification(912)) - Leader change notification received for group: group-5CCA57CB9EC4 with new leaderId: 36feb706-8d2b-450d-bbd6-33af8c2d1a3d
2023-12-01 12:07:46,081 [76b9be1d-1bf0-4a28-acca-c5c2681cc872-server-thread1] INFO  server.RaftServer$Division (ServerState.java:setLeader(265)) - 76b9be1d-1bf0-4a28-acca-c5c2681cc872@group-5CCA57CB9EC4: change Leader from null to 36feb706-8d2b-450d-bbd6-33af8c2d1a3d at term 1 for appendEntries, leader elected after 5039ms
2023-12-01 12:07:46,081 [af140fa9-d57b-4d38-ac23-ee5728971003-server-thread1] INFO  ratis.XceiverServerRatis (XceiverServerRatis.java:handleLeaderChangedNotification(912)) - Leader change notification received for group: group-5CCA57CB9EC4 with new leaderId: 36feb706-8d2b-450d-bbd6-33af8c2d1a3d
2023-12-01 12:07:46,082 [76b9be1d-1bf0-4a28-acca-c5c2681cc872-server-thread2] INFO  server.RaftServer$Division (ServerState.java:setRaftConf(382)) - 76b9be1d-1bf0-4a28-acca-c5c2681cc872@group-5CCA57CB9EC4: set configuration 0: peers:[76b9be1d-1bf0-4a28-acca-c5c2681cc872|10.1.0.24:15120, 36feb706-8d2b-450d-bbd6-33af8c2d1a3d|10.1.0.24:15129, af140fa9-d57b-4d38-ac23-ee5728971003|10.1.0.24:15111]|listeners:[], old=null
2023-12-01 12:07:46,082 [76b9be1d-1bf0-4a28-acca-c5c2681cc872-server-thread2] INFO  segmented.SegmentedRaftLogWorker (SegmentedRaftLogWorker.java:startLogSegment(428)) - 76b9be1d-1bf0-4a28-acca-c5c2681cc872@group-5CCA57CB9EC4-SegmentedRaftLogWorker: Starting segment from index:0
2023-12-01 12:07:46,082 [af140fa9-d57b-4d38-ac23-ee5728971003-server-thread1] INFO  server.RaftServer$Division (ServerState.java:setLeader(265)) - af140fa9-d57b-4d38-ac23-ee5728971003@group-5CCA57CB9EC4: change Leader from null to 36feb706-8d2b-450d-bbd6-33af8c2d1a3d at term 1 for appendEntries, leader elected after 5100ms
2023-12-01 12:07:46,084 [af140fa9-d57b-4d38-ac23-ee5728971003-server-thread2] INFO  server.RaftServer$Division (ServerState.java:setRaftConf(382)) - af140fa9-d57b-4d38-ac23-ee5728971003@group-5CCA57CB9EC4: set configuration 0: peers:[76b9be1d-1bf0-4a28-acca-c5c2681cc872|10.1.0.24:15120, 36feb706-8d2b-450d-bbd6-33af8c2d1a3d|10.1.0.24:15129, af140fa9-d57b-4d38-ac23-ee5728971003|10.1.0.24:15111]|listeners:[], old=null
2023-12-01 12:07:46,084 [af140fa9-d57b-4d38-ac23-ee5728971003-server-thread2] INFO  segmented.SegmentedRaftLogWorker (SegmentedRaftLogWorker.java:startLogSegment(428)) - af140fa9-d57b-4d38-ac23-ee5728971003@group-5CCA57CB9EC4-SegmentedRaftLogWorker: Starting segment from index:0
2023-12-01 12:07:46,087 [af140fa9-d57b-4d38-ac23-ee5728971003@group-880852F89C4E-FollowerState] INFO  impl.FollowerState (FollowerState.java:run(143)) - af140fa9-d57b-4d38-ac23-ee5728971003@group-880852F89C4E-FollowerState: change to CANDIDATE, lastRpcElapsedTime:5021487014ns, electionTimeout:5021ms
2023-12-01 12:07:46,087 [af140fa9-d57b-4d38-ac23-ee5728971003@group-880852F89C4E-FollowerState] INFO  impl.RoleInfo (RoleInfo.java:shutdownFollowerState(110)) - af140fa9-d57b-4d38-ac23-ee5728971003: shutdown af140fa9-d57b-4d38-ac23-ee5728971003@group-880852F89C4E-FollowerState
2023-12-01 12:07:46,087 [af140fa9-d57b-4d38-ac23-ee5728971003@group-880852F89C4E-FollowerState] INFO  server.RaftServer$Division (RaftServerImpl.java:setRole(379)) - af140fa9-d57b-4d38-ac23-ee5728971003@group-880852F89C4E: changes role from  FOLLOWER to CANDIDATE at term 0 for changeToCandidate
2023-12-01 12:07:46,087 [af140fa9-d57b-4d38-ac23-ee5728971003@group-880852F89C4E-FollowerState] INFO  server.RaftServerConfigKeys (ConfUtils.java:logGet(46)) - raft.server.leaderelection.pre-vote = true (default)
2023-12-01 12:07:46,087 [af140fa9-d57b-4d38-ac23-ee5728971003@group-880852F89C4E-FollowerState] INFO  impl.RoleInfo (RoleInfo.java:updateAndGet(139)) - af140fa9-d57b-4d38-ac23-ee5728971003: start af140fa9-d57b-4d38-ac23-ee5728971003@group-880852F89C4E-LeaderElection24
2023-12-01 12:07:46,092 [af140fa9-d57b-4d38-ac23-ee5728971003@group-880852F89C4E-LeaderElection24] INFO  impl.LeaderElection (LeaderElection.java:askForVotes(323)) - af140fa9-d57b-4d38-ac23-ee5728971003@group-880852F89C4E-LeaderElection24 PRE_VOTE round 0: submit vote requests at term 0 for -1: peers:[76b9be1d-1bf0-4a28-acca-c5c2681cc872|10.1.0.24:15120, 36feb706-8d2b-450d-bbd6-33af8c2d1a3d|10.1.0.24:15129, af140fa9-d57b-4d38-ac23-ee5728971003|10.1.0.24:15111]|listeners:[], old=null
2023-12-01 12:07:46,093 [af140fa9-d57b-4d38-ac23-ee5728971003@group-880852F89C4E-LeaderElection24-1] INFO  server.GrpcServerProtocolClient (GrpcServerProtocolClient.java:<init>(65)) - Build channel for 76b9be1d-1bf0-4a28-acca-c5c2681cc872
2023-12-01 12:07:46,093 [af140fa9-d57b-4d38-ac23-ee5728971003@group-880852F89C4E-LeaderElection24] INFO  server.RaftServerConfigKeys (ConfUtils.java:logFallback(53)) - raft.server.rpc.first-election.timeout.min = 5s (fallback to raft.server.rpc.timeout.min)
2023-12-01 12:07:46,093 [af140fa9-d57b-4d38-ac23-ee5728971003@group-880852F89C4E-LeaderElection24-2] INFO  server.GrpcServerProtocolClient (GrpcServerProtocolClient.java:<init>(65)) - Build channel for 36feb706-8d2b-450d-bbd6-33af8c2d1a3d
2023-12-01 12:07:46,093 [af140fa9-d57b-4d38-ac23-ee5728971003@group-880852F89C4E-LeaderElection24] INFO  server.RaftServerConfigKeys (ConfUtils.java:logFallback(53)) - raft.server.rpc.first-election.timeout.max = 5200ms (fallback to raft.server.rpc.timeout.max)
2023-12-01 12:07:46,094 [76b9be1d-1bf0-4a28-acca-c5c2681cc872@group-5CCA57CB9EC4-SegmentedRaftLogWorker] INFO  segmented.SegmentedRaftLogWorker (SegmentedRaftLogWorker.java:execute(632)) - 76b9be1d-1bf0-4a28-acca-c5c2681cc872@group-5CCA57CB9EC4-SegmentedRaftLogWorker: created new log segment /home/runner/work/ozone/ozone/hadoop-ozone/integration-test/target/test-dir/MiniOzoneClusterImpl-b249f779-13f2-4d94-9d49-8f38c7514c74/datanode-1/data/ratis/93296416-f019-4b8c-8f09-5cca57cb9ec4/current/log_inprogress_0
2023-12-01 12:07:46,095 [af140fa9-d57b-4d38-ac23-ee5728971003@group-5CCA57CB9EC4-SegmentedRaftLogWorker] INFO  segmented.SegmentedRaftLogWorker (SegmentedRaftLogWorker.java:execute(632)) - af140fa9-d57b-4d38-ac23-ee5728971003@group-5CCA57CB9EC4-SegmentedRaftLogWorker: created new log segment /home/runner/work/ozone/ozone/hadoop-ozone/integration-test/target/test-dir/MiniOzoneClusterImpl-b249f779-13f2-4d94-9d49-8f38c7514c74/datanode-0/data/ratis/93296416-f019-4b8c-8f09-5cca57cb9ec4/current/log_inprogress_0
2023-12-01 12:07:46,097 [36feb706-8d2b-450d-bbd6-33af8c2d1a3d@group-5CCA57CB9EC4-StateMachineUpdater] INFO  server.RaftServer$Division (LeaderStateImpl.java:isApplied(316)) - leader is ready since appliedIndex == 0 >= startIndex == 0
2023-12-01 12:07:46,101 [grpc-default-executor-2] INFO  server.RaftServer$Division (RaftServerImpl.java:requestVote(1377)) - 36feb706-8d2b-450d-bbd6-33af8c2d1a3d@group-880852F89C4E: receive requestVote(PRE_VOTE, af140fa9-d57b-4d38-ac23-ee5728971003, group-880852F89C4E, 0, (t:0, i:0))
2023-12-01 12:07:46,101 [grpc-default-executor-2] INFO  impl.VoteContext (VoteContext.java:log(49)) - 36feb706-8d2b-450d-bbd6-33af8c2d1a3d@group-880852F89C4E-FOLLOWER: accept PRE_VOTE from af140fa9-d57b-4d38-ac23-ee5728971003: our priority 0 <= candidate's priority 0
2023-12-01 12:07:46,102 [grpc-default-executor-2] INFO  server.RaftServer$Division (RaftServerImpl.java:requestVote(1410)) - 36feb706-8d2b-450d-bbd6-33af8c2d1a3d@group-880852F89C4E replies to PRE_VOTE vote request: af140fa9-d57b-4d38-ac23-ee5728971003<-36feb706-8d2b-450d-bbd6-33af8c2d1a3d#0:OK-t0. Peer's state: 36feb706-8d2b-450d-bbd6-33af8c2d1a3d@group-880852F89C4E:t0, leader=null, voted=, raftlog=Memoized:36feb706-8d2b-450d-bbd6-33af8c2d1a3d@group-880852F89C4E-SegmentedRaftLog:OPENED:c-1, conf=-1: peers:[76b9be1d-1bf0-4a28-acca-c5c2681cc872|10.1.0.24:15120, 36feb706-8d2b-450d-bbd6-33af8c2d1a3d|10.1.0.24:15129, af140fa9-d57b-4d38-ac23-ee5728971003|10.1.0.24:15111]|listeners:[], old=null
2023-12-01 12:07:46,102 [grpc-default-executor-3] INFO  server.RaftServer$Division (RaftServerImpl.java:requestVote(1377)) - 76b9be1d-1bf0-4a28-acca-c5c2681cc872@group-880852F89C4E: receive requestVote(PRE_VOTE, af140fa9-d57b-4d38-ac23-ee5728971003, group-880852F89C4E, 0, (t:0, i:0))
2023-12-01 12:07:46,102 [grpc-default-executor-3] INFO  impl.VoteContext (VoteContext.java:log(49)) - 76b9be1d-1bf0-4a28-acca-c5c2681cc872@group-880852F89C4E-FOLLOWER: reject PRE_VOTE from af140fa9-d57b-4d38-ac23-ee5728971003: our priority 1 > candidate's priority 0
2023-12-01 12:07:46,102 [grpc-default-executor-3] INFO  server.RaftServer$Division (RaftServerImpl.java:requestVote(1410)) - 76b9be1d-1bf0-4a28-acca-c5c2681cc872@group-880852F89C4E replies to PRE_VOTE vote request: af140fa9-d57b-4d38-ac23-ee5728971003<-76b9be1d-1bf0-4a28-acca-c5c2681cc872#0:FAIL-t0. Peer's state: 76b9be1d-1bf0-4a28-acca-c5c2681cc872@group-880852F89C4E:t0, leader=null, voted=, raftlog=Memoized:76b9be1d-1bf0-4a28-acca-c5c2681cc872@group-880852F89C4E-SegmentedRaftLog:OPENED:c-1, conf=-1: peers:[76b9be1d-1bf0-4a28-acca-c5c2681cc872|10.1.0.24:15120, 36feb706-8d2b-450d-bbd6-33af8c2d1a3d|10.1.0.24:15129, af140fa9-d57b-4d38-ac23-ee5728971003|10.1.0.24:15111]|listeners:[], old=null
2023-12-01 12:07:46,103 [af140fa9-d57b-4d38-ac23-ee5728971003@group-880852F89C4E-LeaderElection24] INFO  impl.LeaderElection (LeaderElection.java:logAndReturn(89)) - af140fa9-d57b-4d38-ac23-ee5728971003@group-880852F89C4E-LeaderElection24: PRE_VOTE REJECTED received 2 response(s) and 0 exception(s):
2023-12-01 12:07:46,103 [af140fa9-d57b-4d38-ac23-ee5728971003@group-880852F89C4E-LeaderElection24] INFO  impl.LeaderElection (LeaderElection.java:logAndReturn(93)) -   Response 0: af140fa9-d57b-4d38-ac23-ee5728971003<-76b9be1d-1bf0-4a28-acca-c5c2681cc872#0:FAIL-t0
2023-12-01 12:07:46,103 [af140fa9-d57b-4d38-ac23-ee5728971003@group-880852F89C4E-LeaderElection24] INFO  impl.LeaderElection (LeaderElection.java:logAndReturn(93)) -   Response 1: af140fa9-d57b-4d38-ac23-ee5728971003<-36feb706-8d2b-450d-bbd6-33af8c2d1a3d#0:OK-t0
2023-12-01 12:07:46,103 [af140fa9-d57b-4d38-ac23-ee5728971003@group-880852F89C4E-LeaderElection24] INFO  impl.LeaderElection (LeaderElection.java:askForVotes(325)) - af140fa9-d57b-4d38-ac23-ee5728971003@group-880852F89C4E-LeaderElection24 PRE_VOTE round 0: result REJECTED
2023-12-01 12:07:46,103 [af140fa9-d57b-4d38-ac23-ee5728971003@group-880852F89C4E-LeaderElection24] INFO  server.RaftServer$Division (RaftServerImpl.java:setRole(379)) - af140fa9-d57b-4d38-ac23-ee5728971003@group-880852F89C4E: changes role from CANDIDATE to FOLLOWER at term 0 for REJECTED
2023-12-01 12:07:46,103 [af140fa9-d57b-4d38-ac23-ee5728971003@group-880852F89C4E-LeaderElection24] INFO  impl.RoleInfo (RoleInfo.java:shutdownLeaderElection(130)) - af140fa9-d57b-4d38-ac23-ee5728971003: shutdown af140fa9-d57b-4d38-ac23-ee5728971003@group-880852F89C4E-LeaderElection24
2023-12-01 12:07:46,103 [af140fa9-d57b-4d38-ac23-ee5728971003@group-880852F89C4E-LeaderElection24] INFO  impl.RoleInfo (RoleInfo.java:updateAndGet(139)) - af140fa9-d57b-4d38-ac23-ee5728971003: start af140fa9-d57b-4d38-ac23-ee5728971003@group-880852F89C4E-FollowerState
2023-12-01 12:07:46,104 [af140fa9-d57b-4d38-ac23-ee5728971003@group-880852F89C4E-LeaderElection24] INFO  server.RaftServer$Division (RaftServerImpl.java:setFirstElection(564)) - af140fa9-d57b-4d38-ac23-ee5728971003@group-880852F89C4E: set firstElectionSinceStartup to false for REJECTED
2023-12-01 12:07:46,149 [76b9be1d-1bf0-4a28-acca-c5c2681cc872@group-880852F89C4E-FollowerState] INFO  impl.FollowerState (FollowerState.java:run(143)) - 76b9be1d-1bf0-4a28-acca-c5c2681cc872@group-880852F89C4E-FollowerState: change to CANDIDATE, lastRpcElapsedTime:5063874091ns, electionTimeout:5062ms
2023-12-01 12:07:46,149 [76b9be1d-1bf0-4a28-acca-c5c2681cc872@group-880852F89C4E-FollowerState] INFO  impl.RoleInfo (RoleInfo.java:shutdownFollowerState(110)) - 76b9be1d-1bf0-4a28-acca-c5c2681cc872: shutdown 76b9be1d-1bf0-4a28-acca-c5c2681cc872@group-880852F89C4E-FollowerState
2023-12-01 12:07:46,149 [76b9be1d-1bf0-4a28-acca-c5c2681cc872@group-880852F89C4E-FollowerState] INFO  server.RaftServer$Division (RaftServerImpl.java:setRole(379)) - 76b9be1d-1bf0-4a28-acca-c5c2681cc872@group-880852F89C4E: changes role from  FOLLOWER to CANDIDATE at term 0 for changeToCandidate
2023-12-01 12:07:46,149 [76b9be1d-1bf0-4a28-acca-c5c2681cc872@group-880852F89C4E-FollowerState] INFO  server.RaftServerConfigKeys (ConfUtils.java:logGet(46)) - raft.server.leaderelection.pre-vote = true (default)
2023-12-01 12:07:46,149 [76b9be1d-1bf0-4a28-acca-c5c2681cc872@group-880852F89C4E-FollowerState] INFO  impl.RoleInfo (RoleInfo.java:updateAndGet(139)) - 76b9be1d-1bf0-4a28-acca-c5c2681cc872: start 76b9be1d-1bf0-4a28-acca-c5c2681cc872@group-880852F89C4E-LeaderElection25
2023-12-01 12:07:46,151 [76b9be1d-1bf0-4a28-acca-c5c2681cc872@group-880852F89C4E-LeaderElection25] INFO  impl.LeaderElection (LeaderElection.java:askForVotes(323)) - 76b9be1d-1bf0-4a28-acca-c5c2681cc872@group-880852F89C4E-LeaderElection25 PRE_VOTE round 0: submit vote requests at term 0 for -1: peers:[76b9be1d-1bf0-4a28-acca-c5c2681cc872|10.1.0.24:15120, 36feb706-8d2b-450d-bbd6-33af8c2d1a3d|10.1.0.24:15129, af140fa9-d57b-4d38-ac23-ee5728971003|10.1.0.24:15111]|listeners:[], old=null
2023-12-01 12:07:46,151 [76b9be1d-1bf0-4a28-acca-c5c2681cc872@group-880852F89C4E-LeaderElection25-1] INFO  server.GrpcServerProtocolClient (GrpcServerProtocolClient.java:<init>(65)) - Build channel for 36feb706-8d2b-450d-bbd6-33af8c2d1a3d
2023-12-01 12:07:46,151 [76b9be1d-1bf0-4a28-acca-c5c2681cc872@group-880852F89C4E-LeaderElection25] INFO  server.RaftServerConfigKeys (ConfUtils.java:logFallback(53)) - raft.server.rpc.first-election.timeout.min = 5s (fallback to raft.server.rpc.timeout.min)
2023-12-01 12:07:46,151 [76b9be1d-1bf0-4a28-acca-c5c2681cc872@group-880852F89C4E-LeaderElection25] INFO  server.RaftServerConfigKeys (ConfUtils.java:logFallback(53)) - raft.server.rpc.first-election.timeout.max = 5200ms (fallback to raft.server.rpc.timeout.max)
2023-12-01 12:07:46,151 [76b9be1d-1bf0-4a28-acca-c5c2681cc872@group-880852F89C4E-LeaderElection25-2] INFO  server.GrpcServerProtocolClient (GrpcServerProtocolClient.java:<init>(65)) - Build channel for af140fa9-d57b-4d38-ac23-ee5728971003
2023-12-01 12:07:46,156 [grpc-default-executor-3] INFO  server.RaftServer$Division (RaftServerImpl.java:requestVote(1377)) - 36feb706-8d2b-450d-bbd6-33af8c2d1a3d@group-880852F89C4E: receive requestVote(PRE_VOTE, 76b9be1d-1bf0-4a28-acca-c5c2681cc872, group-880852F89C4E, 0, (t:0, i:0))
2023-12-01 12:07:46,157 [grpc-default-executor-3] INFO  impl.VoteContext (VoteContext.java:log(49)) - 36feb706-8d2b-450d-bbd6-33af8c2d1a3d@group-880852F89C4E-FOLLOWER: accept PRE_VOTE from 76b9be1d-1bf0-4a28-acca-c5c2681cc872: our priority 0 <= candidate's priority 1
2023-12-01 12:07:46,157 [grpc-default-executor-2] INFO  server.RaftServer$Division (RaftServerImpl.java:requestVote(1377)) - af140fa9-d57b-4d38-ac23-ee5728971003@group-880852F89C4E: receive requestVote(PRE_VOTE, 76b9be1d-1bf0-4a28-acca-c5c2681cc872, group-880852F89C4E, 0, (t:0, i:0))
2023-12-01 12:07:46,157 [grpc-default-executor-3] INFO  server.RaftServer$Division (RaftServerImpl.java:requestVote(1410)) - 36feb706-8d2b-450d-bbd6-33af8c2d1a3d@group-880852F89C4E replies to PRE_VOTE vote request: 76b9be1d-1bf0-4a28-acca-c5c2681cc872<-36feb706-8d2b-450d-bbd6-33af8c2d1a3d#0:OK-t0. Peer's state: 36feb706-8d2b-450d-bbd6-33af8c2d1a3d@group-880852F89C4E:t0, leader=null, voted=, raftlog=Memoized:36feb706-8d2b-450d-bbd6-33af8c2d1a3d@group-880852F89C4E-SegmentedRaftLog:OPENED:c-1, conf=-1: peers:[76b9be1d-1bf0-4a28-acca-c5c2681cc872|10.1.0.24:15120, 36feb706-8d2b-450d-bbd6-33af8c2d1a3d|10.1.0.24:15129, af140fa9-d57b-4d38-ac23-ee5728971003|10.1.0.24:15111]|listeners:[], old=null
2023-12-01 12:07:46,157 [grpc-default-executor-2] INFO  impl.VoteContext (VoteContext.java:log(49)) - af140fa9-d57b-4d38-ac23-ee5728971003@group-880852F89C4E-FOLLOWER: accept PRE_VOTE from 76b9be1d-1bf0-4a28-acca-c5c2681cc872: our priority 0 <= candidate's priority 1
2023-12-01 12:07:46,158 [grpc-default-executor-2] INFO  server.RaftServer$Division (RaftServerImpl.java:requestVote(1410)) - af140fa9-d57b-4d38-ac23-ee5728971003@group-880852F89C4E replies to PRE_VOTE vote request: 76b9be1d-1bf0-4a28-acca-c5c2681cc872<-af140fa9-d57b-4d38-ac23-ee5728971003#0:OK-t0. Peer's state: af140fa9-d57b-4d38-ac23-ee5728971003@group-880852F89C4E:t0, leader=null, voted=, raftlog=Memoized:af140fa9-d57b-4d38-ac23-ee5728971003@group-880852F89C4E-SegmentedRaftLog:OPENED:c-1, conf=-1: peers:[76b9be1d-1bf0-4a28-acca-c5c2681cc872|10.1.0.24:15120, 36feb706-8d2b-450d-bbd6-33af8c2d1a3d|10.1.0.24:15129, af140fa9-d57b-4d38-ac23-ee5728971003|10.1.0.24:15111]|listeners:[], old=null
2023-12-01 12:07:46,158 [76b9be1d-1bf0-4a28-acca-c5c2681cc872@group-880852F89C4E-LeaderElection25] INFO  impl.LeaderElection (LeaderElection.java:logAndReturn(89)) - 76b9be1d-1bf0-4a28-acca-c5c2681cc872@group-880852F89C4E-LeaderElection25: PRE_VOTE PASSED received 1 response(s) and 0 exception(s):
2023-12-01 12:07:46,158 [76b9be1d-1bf0-4a28-acca-c5c2681cc872@group-880852F89C4E-LeaderElection25] INFO  impl.LeaderElection (LeaderElection.java:logAndReturn(93)) -   Response 0: 76b9be1d-1bf0-4a28-acca-c5c2681cc872<-36feb706-8d2b-450d-bbd6-33af8c2d1a3d#0:OK-t0
2023-12-01 12:07:46,158 [76b9be1d-1bf0-4a28-acca-c5c2681cc872@group-880852F89C4E-LeaderElection25] INFO  impl.LeaderElection (LeaderElection.java:askForVotes(325)) - 76b9be1d-1bf0-4a28-acca-c5c2681cc872@group-880852F89C4E-LeaderElection25 PRE_VOTE round 0: result PASSED
2023-12-01 12:07:46,160 [76b9be1d-1bf0-4a28-acca-c5c2681cc872@group-880852F89C4E-LeaderElection25] INFO  impl.LeaderElection (LeaderElection.java:askForVotes(323)) - 76b9be1d-1bf0-4a28-acca-c5c2681cc872@group-880852F89C4E-LeaderElection25 ELECTION round 0: submit vote requests at term 1 for -1: peers:[76b9be1d-1bf0-4a28-acca-c5c2681cc872|10.1.0.24:15120, 36feb706-8d2b-450d-bbd6-33af8c2d1a3d|10.1.0.24:15129, af140fa9-d57b-4d38-ac23-ee5728971003|10.1.0.24:15111]|listeners:[], old=null
2023-12-01 12:07:46,160 [76b9be1d-1bf0-4a28-acca-c5c2681cc872@group-880852F89C4E-LeaderElection25] INFO  server.RaftServerConfigKeys (ConfUtils.java:logFallback(53)) - raft.server.rpc.first-election.timeout.min = 5s (fallback to raft.server.rpc.timeout.min)
2023-12-01 12:07:46,160 [76b9be1d-1bf0-4a28-acca-c5c2681cc872@group-880852F89C4E-LeaderElection25] INFO  server.RaftServerConfigKeys (ConfUtils.java:logFallback(53)) - raft.server.rpc.first-election.timeout.max = 5200ms (fallback to raft.server.rpc.timeout.max)
2023-12-01 12:07:46,161 [grpc-default-executor-2] INFO  server.RaftServer$Division (RaftServerImpl.java:requestVote(1377)) - 36feb706-8d2b-450d-bbd6-33af8c2d1a3d@group-880852F89C4E: receive requestVote(ELECTION, 76b9be1d-1bf0-4a28-acca-c5c2681cc872, group-880852F89C4E, 1, (t:0, i:0))
2023-12-01 12:07:46,162 [grpc-default-executor-2] INFO  impl.VoteContext (VoteContext.java:log(49)) - 36feb706-8d2b-450d-bbd6-33af8c2d1a3d@group-880852F89C4E-FOLLOWER: accept ELECTION from 76b9be1d-1bf0-4a28-acca-c5c2681cc872: our priority 0 <= candidate's priority 1
2023-12-01 12:07:46,162 [grpc-default-executor-2] INFO  server.RaftServer$Division (RaftServerImpl.java:setRole(379)) - 36feb706-8d2b-450d-bbd6-33af8c2d1a3d@group-880852F89C4E: changes role from  FOLLOWER to FOLLOWER at term 1 for candidate:76b9be1d-1bf0-4a28-acca-c5c2681cc872
2023-12-01 12:07:46,162 [grpc-default-executor-2] INFO  impl.RoleInfo (RoleInfo.java:shutdownFollowerState(110)) - 36feb706-8d2b-450d-bbd6-33af8c2d1a3d: shutdown 36feb706-8d2b-450d-bbd6-33af8c2d1a3d@group-880852F89C4E-FollowerState
2023-12-01 12:07:46,162 [grpc-default-executor-2] INFO  impl.RoleInfo (RoleInfo.java:updateAndGet(139)) - 36feb706-8d2b-450d-bbd6-33af8c2d1a3d: start 36feb706-8d2b-450d-bbd6-33af8c2d1a3d@group-880852F89C4E-FollowerState
2023-12-01 12:07:46,162 [36feb706-8d2b-450d-bbd6-33af8c2d1a3d@group-880852F89C4E-FollowerState] INFO  impl.FollowerState (FollowerState.java:run(152)) - 36feb706-8d2b-450d-bbd6-33af8c2d1a3d@group-880852F89C4E-FollowerState was interrupted
2023-12-01 12:07:46,162 [grpc-default-executor-2] INFO  server.RaftServer$Division (RaftServerImpl.java:setFirstElection(564)) - 36feb706-8d2b-450d-bbd6-33af8c2d1a3d@group-880852F89C4E: set firstElectionSinceStartup to false for candidate:76b9be1d-1bf0-4a28-acca-c5c2681cc872
2023-12-01 12:07:46,163 [grpc-default-executor-3] INFO  server.RaftServer$Division (RaftServerImpl.java:requestVote(1377)) - af140fa9-d57b-4d38-ac23-ee5728971003@group-880852F89C4E: receive requestVote(ELECTION, 76b9be1d-1bf0-4a28-acca-c5c2681cc872, group-880852F89C4E, 1, (t:0, i:0))
2023-12-01 12:07:46,163 [grpc-default-executor-3] INFO  impl.VoteContext (VoteContext.java:log(49)) - af140fa9-d57b-4d38-ac23-ee5728971003@group-880852F89C4E-FOLLOWER: accept ELECTION from 76b9be1d-1bf0-4a28-acca-c5c2681cc872: our priority 0 <= candidate's priority 1
2023-12-01 12:07:46,164 [grpc-default-executor-3] INFO  server.RaftServer$Division (RaftServerImpl.java:setRole(379)) - af140fa9-d57b-4d38-ac23-ee5728971003@group-880852F89C4E: changes role from  FOLLOWER to FOLLOWER at term 1 for candidate:76b9be1d-1bf0-4a28-acca-c5c2681cc872
2023-12-01 12:07:46,164 [grpc-default-executor-3] INFO  impl.RoleInfo (RoleInfo.java:shutdownFollowerState(110)) - af140fa9-d57b-4d38-ac23-ee5728971003: shutdown af140fa9-d57b-4d38-ac23-ee5728971003@group-880852F89C4E-FollowerState
2023-12-01 12:07:46,164 [grpc-default-executor-3] INFO  impl.RoleInfo (RoleInfo.java:updateAndGet(139)) - af140fa9-d57b-4d38-ac23-ee5728971003: start af140fa9-d57b-4d38-ac23-ee5728971003@group-880852F89C4E-FollowerState
2023-12-01 12:07:46,164 [af140fa9-d57b-4d38-ac23-ee5728971003@group-880852F89C4E-FollowerState] INFO  impl.FollowerState (FollowerState.java:run(152)) - af140fa9-d57b-4d38-ac23-ee5728971003@group-880852F89C4E-FollowerState was interrupted
2023-12-01 12:07:46,165 [grpc-default-executor-2] INFO  server.RaftServer$Division (RaftServerImpl.java:requestVote(1410)) - 36feb706-8d2b-450d-bbd6-33af8c2d1a3d@group-880852F89C4E replies to ELECTION vote request: 76b9be1d-1bf0-4a28-acca-c5c2681cc872<-36feb706-8d2b-450d-bbd6-33af8c2d1a3d#0:OK-t1. Peer's state: 36feb706-8d2b-450d-bbd6-33af8c2d1a3d@group-880852F89C4E:t1, leader=null, voted=76b9be1d-1bf0-4a28-acca-c5c2681cc872, raftlog=Memoized:36feb706-8d2b-450d-bbd6-33af8c2d1a3d@group-880852F89C4E-SegmentedRaftLog:OPENED:c-1, conf=-1: peers:[76b9be1d-1bf0-4a28-acca-c5c2681cc872|10.1.0.24:15120, 36feb706-8d2b-450d-bbd6-33af8c2d1a3d|10.1.0.24:15129, af140fa9-d57b-4d38-ac23-ee5728971003|10.1.0.24:15111]|listeners:[], old=null
2023-12-01 12:07:46,166 [76b9be1d-1bf0-4a28-acca-c5c2681cc872@group-880852F89C4E-LeaderElection25] INFO  impl.LeaderElection (LeaderElection.java:logAndReturn(89)) - 76b9be1d-1bf0-4a28-acca-c5c2681cc872@group-880852F89C4E-LeaderElection25: ELECTION PASSED received 1 response(s) and 0 exception(s):
2023-12-01 12:07:46,166 [76b9be1d-1bf0-4a28-acca-c5c2681cc872@group-880852F89C4E-LeaderElection25] INFO  impl.LeaderElection (LeaderElection.java:logAndReturn(93)) -   Response 0: 76b9be1d-1bf0-4a28-acca-c5c2681cc872<-36feb706-8d2b-450d-bbd6-33af8c2d1a3d#0:OK-t1
2023-12-01 12:07:46,166 [76b9be1d-1bf0-4a28-acca-c5c2681cc872@group-880852F89C4E-LeaderElection25] INFO  impl.LeaderElection (LeaderElection.java:askForVotes(325)) - 76b9be1d-1bf0-4a28-acca-c5c2681cc872@group-880852F89C4E-LeaderElection25 ELECTION round 0: result PASSED
2023-12-01 12:07:46,166 [76b9be1d-1bf0-4a28-acca-c5c2681cc872@group-880852F89C4E-LeaderElection25] INFO  impl.RoleInfo (RoleInfo.java:shutdownLeaderElection(130)) - 76b9be1d-1bf0-4a28-acca-c5c2681cc872: shutdown 76b9be1d-1bf0-4a28-acca-c5c2681cc872@group-880852F89C4E-LeaderElection25
2023-12-01 12:07:46,166 [grpc-default-executor-3] INFO  server.RaftServer$Division (RaftServerImpl.java:requestVote(1410)) - af140fa9-d57b-4d38-ac23-ee5728971003@group-880852F89C4E replies to ELECTION vote request: 76b9be1d-1bf0-4a28-acca-c5c2681cc872<-af140fa9-d57b-4d38-ac23-ee5728971003#0:OK-t1. Peer's state: af140fa9-d57b-4d38-ac23-ee5728971003@group-880852F89C4E:t1, leader=null, voted=76b9be1d-1bf0-4a28-acca-c5c2681cc872, raftlog=Memoized:af140fa9-d57b-4d38-ac23-ee5728971003@group-880852F89C4E-SegmentedRaftLog:OPENED:c-1, conf=-1: peers:[76b9be1d-1bf0-4a28-acca-c5c2681cc872|10.1.0.24:15120, 36feb706-8d2b-450d-bbd6-33af8c2d1a3d|10.1.0.24:15129, af140fa9-d57b-4d38-ac23-ee5728971003|10.1.0.24:15111]|listeners:[], old=null
2023-12-01 12:07:46,166 [76b9be1d-1bf0-4a28-acca-c5c2681cc872@group-880852F89C4E-LeaderElection25] INFO  server.RaftServer$Division (RaftServerImpl.java:setRole(379)) - 76b9be1d-1bf0-4a28-acca-c5c2681cc872@group-880852F89C4E: changes role from CANDIDATE to LEADER at term 1 for changeToLeader
2023-12-01 12:07:46,166 [76b9be1d-1bf0-4a28-acca-c5c2681cc872@group-880852F89C4E-LeaderElection25] INFO  server.RaftServerConfigKeys (ConfUtils.java:logGet(46)) - raft.server.staging.catchup.gap = 1000 (default)
2023-12-01 12:07:46,166 [76b9be1d-1bf0-4a28-acca-c5c2681cc872@group-880852F89C4E-LeaderElection25] INFO  server.RaftServerConfigKeys (ConfUtils.java:logGet(46)) - raft.server.write.element-limit = 1024 (custom)
2023-12-01 12:07:46,166 [76b9be1d-1bf0-4a28-acca-c5c2681cc872@group-880852F89C4E-LeaderElection25] INFO  server.RaftServerConfigKeys (ConfUtils.java:logGet(46)) - raft.server.write.byte-limit = 1024 M (=1073741824) (custom)
2023-12-01 12:07:46,167 [76b9be1d-1bf0-4a28-acca-c5c2681cc872@group-880852F89C4E-LeaderElection25] INFO  server.RaftServerConfigKeys (ConfUtils.java:logGet(46)) - raft.server.watch.timeout = 180s (custom)
2023-12-01 12:07:46,167 [76b9be1d-1bf0-4a28-acca-c5c2681cc872@group-880852F89C4E-LeaderElection25] INFO  server.RaftServerConfigKeys (ConfUtils.java:logGet(46)) - raft.server.watch.timeout.denomination = 1s (default)
2023-12-01 12:07:46,167 [76b9be1d-1bf0-4a28-acca-c5c2681cc872@group-880852F89C4E-LeaderElection25] INFO  server.RaftServerConfigKeys (ConfUtils.java:logGet(46)) - raft.server.watch.element-limit = 65536 (default)
2023-12-01 12:07:46,167 [76b9be1d-1bf0-4a28-acca-c5c2681cc872@group-880852F89C4E-LeaderElection25] INFO  server.RaftServerConfigKeys (ConfUtils.java:logGet(46)) - raft.server.read.leader.lease.enabled = false (default)
2023-12-01 12:07:46,167 [76b9be1d-1bf0-4a28-acca-c5c2681cc872@group-880852F89C4E-LeaderElection25] INFO  server.RaftServerConfigKeys (ConfUtils.java:logGet(46)) - raft.server.read.leader.lease.timeout.ratio = 0.9 (default)
2023-12-01 12:07:46,167 [76b9be1d-1bf0-4a28-acca-c5c2681cc872@group-880852F89C4E-LeaderElection25] INFO  server.RaftServerConfigKeys (ConfUtils.java:logGet(46)) - raft.server.rpc.timeout.min = 5s (custom)
2023-12-01 12:07:46,167 [76b9be1d-1bf0-4a28-acca-c5c2681cc872@group-880852F89C4E-LeaderElection25] INFO  server.RaftServerConfigKeys (ConfUtils.java:logGet(46)) - raft.server.write.element-limit = 1024 (custom)
2023-12-01 12:07:46,167 [76b9be1d-1bf0-4a28-acca-c5c2681cc872@group-880852F89C4E-LeaderElection25] INFO  server.RaftServerConfigKeys (ConfUtils.java:logGet(46)) - raft.server.write.follower.gap.ratio.max = -1.0 (default)
2023-12-01 12:07:46,168 [76b9be1d-1bf0-4a28-acca-c5c2681cc872@group-880852F89C4E-LeaderElection25] INFO  server.RaftServerConfigKeys (ConfUtils.java:logGet(46)) - raft.server.log.appender.snapshot.chunk.size.max = 16MB (=16777216) (default)
2023-12-01 12:07:46,168 [76b9be1d-1bf0-4a28-acca-c5c2681cc872@group-880852F89C4E-LeaderElection25] INFO  server.RaftServerConfigKeys (ConfUtils.java:logGet(46)) - raft.server.log.appender.buffer.byte-limit = 33554432 (custom)
2023-12-01 12:07:46,168 [76b9be1d-1bf0-4a28-acca-c5c2681cc872@group-880852F89C4E-LeaderElection25] INFO  server.RaftServerConfigKeys (ConfUtils.java:logGet(46)) - raft.server.log.appender.buffer.element-limit = 1 (custom)
2023-12-01 12:07:46,168 [76b9be1d-1bf0-4a28-acca-c5c2681cc872@group-880852F89C4E-LeaderElection25] INFO  server.RaftServerConfigKeys (ConfUtils.java:logGet(46)) - raft.server.log.appender.wait-time.min = 1ms (default)
2023-12-01 12:07:46,168 [76b9be1d-1bf0-4a28-acca-c5c2681cc872@group-880852F89C4E-LeaderElection25] INFO  grpc.GrpcConfigKeys (ConfUtils.java:logGet(46)) - raft.grpc.server.leader.outstanding.appends.max = 8 (default)
2023-12-01 12:07:46,168 [76b9be1d-1bf0-4a28-acca-c5c2681cc872@group-880852F89C4E-LeaderElection25] INFO  server.RaftServerConfigKeys (ConfUtils.java:logGet(46)) - raft.server.rpc.request.timeout = 60s (custom)
2023-12-01 12:07:46,168 [76b9be1d-1bf0-4a28-acca-c5c2681cc872@group-880852F89C4E-LeaderElection25] INFO  grpc.GrpcConfigKeys (ConfUtils.java:logGet(46)) - raft.grpc.server.install_snapshot.request.element-limit = 8 (default)
2023-12-01 12:07:46,168 [76b9be1d-1bf0-4a28-acca-c5c2681cc872@group-880852F89C4E-LeaderElection25] INFO  grpc.GrpcConfigKeys (ConfUtils.java:logGet(46)) - raft.grpc.server.install_snapshot.request.timeout = 3000ms (default)
2023-12-01 12:07:46,168 [76b9be1d-1bf0-4a28-acca-c5c2681cc872@group-880852F89C4E-LeaderElection25] INFO  server.RaftServerConfigKeys (ConfUtils.java:logGet(46)) - raft.server.log.appender.install.snapshot.enabled = false (custom)
2023-12-01 12:07:46,168 [76b9be1d-1bf0-4a28-acca-c5c2681cc872@group-880852F89C4E-LeaderElection25] INFO  grpc.GrpcConfigKeys (ConfUtils.java:logGet(46)) - raft.grpc.server.heartbeat.channel = true (default)
2023-12-01 12:07:46,169 [76b9be1d-1bf0-4a28-acca-c5c2681cc872@group-880852F89C4E-LeaderElection25] INFO  server.RaftServerConfigKeys (ConfUtils.java:logGet(46)) - raft.server.log.appender.snapshot.chunk.size.max = 16MB (=16777216) (default)
2023-12-01 12:07:46,169 [76b9be1d-1bf0-4a28-acca-c5c2681cc872@group-880852F89C4E-LeaderElection25] INFO  server.RaftServerConfigKeys (ConfUtils.java:logGet(46)) - raft.server.log.appender.buffer.byte-limit = 33554432 (custom)
2023-12-01 12:07:46,169 [76b9be1d-1bf0-4a28-acca-c5c2681cc872@group-880852F89C4E-LeaderElection25] INFO  server.RaftServerConfigKeys (ConfUtils.java:logGet(46)) - raft.server.log.appender.buffer.element-limit = 1 (custom)
2023-12-01 12:07:46,169 [76b9be1d-1bf0-4a28-acca-c5c2681cc872@group-880852F89C4E-LeaderElection25] INFO  server.RaftServerConfigKeys (ConfUtils.java:logGet(46)) - raft.server.log.appender.wait-time.min = 1ms (default)
2023-12-01 12:07:46,170 [76b9be1d-1bf0-4a28-acca-c5c2681cc872@group-880852F89C4E-LeaderElection25] INFO  grpc.GrpcConfigKeys (ConfUtils.java:logGet(46)) - raft.grpc.server.leader.outstanding.appends.max = 8 (default)
2023-12-01 12:07:46,170 [76b9be1d-1bf0-4a28-acca-c5c2681cc872@group-880852F89C4E-LeaderElection25] INFO  server.RaftServerConfigKeys (ConfUtils.java:logGet(46)) - raft.server.rpc.request.timeout = 60s (custom)
2023-12-01 12:07:46,170 [76b9be1d-1bf0-4a28-acca-c5c2681cc872@group-880852F89C4E-LeaderElection25] INFO  grpc.GrpcConfigKeys (ConfUtils.java:logGet(46)) - raft.grpc.server.install_snapshot.request.element-limit = 8 (default)
2023-12-01 12:07:46,170 [76b9be1d-1bf0-4a28-acca-c5c2681cc872@group-880852F89C4E-LeaderElection25] INFO  grpc.GrpcConfigKeys (ConfUtils.java:logGet(46)) - raft.grpc.server.install_snapshot.request.timeout = 3000ms (default)
2023-12-01 12:07:46,170 [76b9be1d-1bf0-4a28-acca-c5c2681cc872@group-880852F89C4E-LeaderElection25] INFO  server.RaftServerConfigKeys (ConfUtils.java:logGet(46)) - raft.server.log.appender.install.snapshot.enabled = false (custom)
2023-12-01 12:07:46,170 [76b9be1d-1bf0-4a28-acca-c5c2681cc872@group-880852F89C4E-LeaderElection25] INFO  grpc.GrpcConfigKeys (ConfUtils.java:logGet(46)) - raft.grpc.server.heartbeat.channel = true (default)
2023-12-01 12:07:46,170 [76b9be1d-1bf0-4a28-acca-c5c2681cc872@group-880852F89C4E-LeaderElection25] INFO  impl.RoleInfo (RoleInfo.java:updateAndGet(139)) - 76b9be1d-1bf0-4a28-acca-c5c2681cc872: start 76b9be1d-1bf0-4a28-acca-c5c2681cc872@group-880852F89C4E-LeaderStateImpl
2023-12-01 12:07:46,170 [76b9be1d-1bf0-4a28-acca-c5c2681cc872@group-880852F89C4E-LeaderElection25] INFO  server.RaftServer$Division (RaftServerImpl.java:setFirstElection(564)) - 76b9be1d-1bf0-4a28-acca-c5c2681cc872@group-880852F89C4E: set firstElectionSinceStartup to false for becomeLeader
2023-12-01 12:07:46,170 [76b9be1d-1bf0-4a28-acca-c5c2681cc872@group-880852F89C4E-LeaderElection25] INFO  ratis.XceiverServerRatis (XceiverServerRatis.java:handleLeaderChangedNotification(912)) - Leader change notification received for group: group-880852F89C4E with new leaderId: 76b9be1d-1bf0-4a28-acca-c5c2681cc872
2023-12-01 12:07:46,171 [76b9be1d-1bf0-4a28-acca-c5c2681cc872@group-880852F89C4E-LeaderElection25] INFO  server.RaftServer$Division (ServerState.java:setLeader(265)) - 76b9be1d-1bf0-4a28-acca-c5c2681cc872@group-880852F89C4E: change Leader from null to 76b9be1d-1bf0-4a28-acca-c5c2681cc872 at term 1 for becomeLeader, leader elected after 5096ms
2023-12-01 12:07:46,171 [76b9be1d-1bf0-4a28-acca-c5c2681cc872@group-880852F89C4E-LeaderElection25] INFO  segmented.SegmentedRaftLogWorker (SegmentedRaftLogWorker.java:startLogSegment(428)) - 76b9be1d-1bf0-4a28-acca-c5c2681cc872@group-880852F89C4E-SegmentedRaftLogWorker: Starting segment from index:0
2023-12-01 12:07:46,172 [76b9be1d-1bf0-4a28-acca-c5c2681cc872@group-880852F89C4E-LeaderElection25] INFO  server.RaftServer$Division (ServerState.java:setRaftConf(382)) - 76b9be1d-1bf0-4a28-acca-c5c2681cc872@group-880852F89C4E: set configuration 0: peers:[76b9be1d-1bf0-4a28-acca-c5c2681cc872|10.1.0.24:15120, 36feb706-8d2b-450d-bbd6-33af8c2d1a3d|10.1.0.24:15129, af140fa9-d57b-4d38-ac23-ee5728971003|10.1.0.24:15111]|listeners:[], old=null
2023-12-01 12:07:46,176 [36feb706-8d2b-450d-bbd6-33af8c2d1a3d-server-thread1] INFO  ratis.XceiverServerRatis (XceiverServerRatis.java:handleLeaderChangedNotification(912)) - Leader change notification received for group: group-880852F89C4E with new leaderId: 76b9be1d-1bf0-4a28-acca-c5c2681cc872
2023-12-01 12:07:46,177 [36feb706-8d2b-450d-bbd6-33af8c2d1a3d-server-thread1] INFO  server.RaftServer$Division (ServerState.java:setLeader(265)) - 36feb706-8d2b-450d-bbd6-33af8c2d1a3d@group-880852F89C4E: change Leader from null to 76b9be1d-1bf0-4a28-acca-c5c2681cc872 at term 1 for appendEntries, leader elected after 5080ms
2023-12-01 12:07:46,177 [EventQueue-PipelineReportForPipelineReportHandler] INFO  pipeline.PipelineReportHandler (PipelineReportHandler.java:processPipelineReport(136)) - Opened pipeline PipelineID=a2c82dce-1b36-47d5-87c7-880852f89c4e
2023-12-01 12:07:46,180 [76b9be1d-1bf0-4a28-acca-c5c2681cc872@group-880852F89C4E-SegmentedRaftLogWorker] INFO  segmented.SegmentedRaftLogWorker (SegmentedRaftLogWorker.java:execute(632)) - 76b9be1d-1bf0-4a28-acca-c5c2681cc872@group-880852F89C4E-SegmentedRaftLogWorker: created new log segment /home/runner/work/ozone/ozone/hadoop-ozone/integration-test/target/test-dir/MiniOzoneClusterImpl-b249f779-13f2-4d94-9d49-8f38c7514c74/datanode-1/data/ratis/a2c82dce-1b36-47d5-87c7-880852f89c4e/current/log_inprogress_0
2023-12-01 12:07:46,185 [36feb706-8d2b-450d-bbd6-33af8c2d1a3d-server-thread2] INFO  server.RaftServer$Division (ServerState.java:setRaftConf(382)) - 36feb706-8d2b-450d-bbd6-33af8c2d1a3d@group-880852F89C4E: set configuration 0: peers:[76b9be1d-1bf0-4a28-acca-c5c2681cc872|10.1.0.24:15120, 36feb706-8d2b-450d-bbd6-33af8c2d1a3d|10.1.0.24:15129, af140fa9-d57b-4d38-ac23-ee5728971003|10.1.0.24:15111]|listeners:[], old=null
2023-12-01 12:07:46,186 [36feb706-8d2b-450d-bbd6-33af8c2d1a3d-server-thread2] INFO  segmented.SegmentedRaftLogWorker (SegmentedRaftLogWorker.java:startLogSegment(428)) - 36feb706-8d2b-450d-bbd6-33af8c2d1a3d@group-880852F89C4E-SegmentedRaftLogWorker: Starting segment from index:0
2023-12-01 12:07:46,191 [af140fa9-d57b-4d38-ac23-ee5728971003-server-thread1] INFO  ratis.XceiverServerRatis (XceiverServerRatis.java:handleLeaderChangedNotification(912)) - Leader change notification received for group: group-880852F89C4E with new leaderId: 76b9be1d-1bf0-4a28-acca-c5c2681cc872
2023-12-01 12:07:46,191 [af140fa9-d57b-4d38-ac23-ee5728971003-server-thread1] INFO  server.RaftServer$Division (ServerState.java:setLeader(265)) - af140fa9-d57b-4d38-ac23-ee5728971003@group-880852F89C4E: change Leader from null to 76b9be1d-1bf0-4a28-acca-c5c2681cc872 at term 1 for appendEntries, leader elected after 5135ms
2023-12-01 12:07:46,195 [af140fa9-d57b-4d38-ac23-ee5728971003-server-thread2] INFO  server.RaftServer$Division (ServerState.java:setRaftConf(382)) - af140fa9-d57b-4d38-ac23-ee5728971003@group-880852F89C4E: set configuration 0: peers:[76b9be1d-1bf0-4a28-acca-c5c2681cc872|10.1.0.24:15120, 36feb706-8d2b-450d-bbd6-33af8c2d1a3d|10.1.0.24:15129, af140fa9-d57b-4d38-ac23-ee5728971003|10.1.0.24:15111]|listeners:[], old=null
2023-12-01 12:07:46,195 [af140fa9-d57b-4d38-ac23-ee5728971003-server-thread2] INFO  segmented.SegmentedRaftLogWorker (SegmentedRaftLogWorker.java:startLogSegment(428)) - af140fa9-d57b-4d38-ac23-ee5728971003@group-880852F89C4E-SegmentedRaftLogWorker: Starting segment from index:0
2023-12-01 12:07:46,204 [36feb706-8d2b-450d-bbd6-33af8c2d1a3d@group-880852F89C4E-SegmentedRaftLogWorker] INFO  segmented.SegmentedRaftLogWorker (SegmentedRaftLogWorker.java:execute(632)) - 36feb706-8d2b-450d-bbd6-33af8c2d1a3d@group-880852F89C4E-SegmentedRaftLogWorker: created new log segment /home/runner/work/ozone/ozone/hadoop-ozone/integration-test/target/test-dir/MiniOzoneClusterImpl-b249f779-13f2-4d94-9d49-8f38c7514c74/datanode-2/data/ratis/a2c82dce-1b36-47d5-87c7-880852f89c4e/current/log_inprogress_0
2023-12-01 12:07:46,204 [af140fa9-d57b-4d38-ac23-ee5728971003@group-880852F89C4E-SegmentedRaftLogWorker] INFO  segmented.SegmentedRaftLogWorker (SegmentedRaftLogWorker.java:execute(632)) - af140fa9-d57b-4d38-ac23-ee5728971003@group-880852F89C4E-SegmentedRaftLogWorker: created new log segment /home/runner/work/ozone/ozone/hadoop-ozone/integration-test/target/test-dir/MiniOzoneClusterImpl-b249f779-13f2-4d94-9d49-8f38c7514c74/datanode-0/data/ratis/a2c82dce-1b36-47d5-87c7-880852f89c4e/current/log_inprogress_0
2023-12-01 12:07:46,207 [76b9be1d-1bf0-4a28-acca-c5c2681cc872@group-880852F89C4E-StateMachineUpdater] INFO  server.RaftServer$Division (LeaderStateImpl.java:isApplied(316)) - leader is ready since appliedIndex == 0 >= startIndex == 0
2023-12-01 12:07:46,404 [585524aa-0c42-40b1-8d18-f2722508c145@group-84D970D8DD2E-FollowerState] INFO  impl.FollowerState (FollowerState.java:run(143)) - 585524aa-0c42-40b1-8d18-f2722508c145@group-84D970D8DD2E-FollowerState: change to CANDIDATE, lastRpcElapsedTime:5032396049ns, electionTimeout:5032ms
2023-12-01 12:07:46,404 [585524aa-0c42-40b1-8d18-f2722508c145@group-84D970D8DD2E-FollowerState] INFO  impl.RoleInfo (RoleInfo.java:shutdownFollowerState(110)) - 585524aa-0c42-40b1-8d18-f2722508c145: shutdown 585524aa-0c42-40b1-8d18-f2722508c145@group-84D970D8DD2E-FollowerState
2023-12-01 12:07:46,404 [585524aa-0c42-40b1-8d18-f2722508c145@group-84D970D8DD2E-FollowerState] INFO  server.RaftServer$Division (RaftServerImpl.java:setRole(379)) - 585524aa-0c42-40b1-8d18-f2722508c145@group-84D970D8DD2E: changes role from  FOLLOWER to CANDIDATE at term 0 for changeToCandidate
2023-12-01 12:07:46,404 [585524aa-0c42-40b1-8d18-f2722508c145@group-84D970D8DD2E-FollowerState] INFO  server.RaftServerConfigKeys (ConfUtils.java:logGet(46)) - raft.server.leaderelection.pre-vote = true (default)
2023-12-01 12:07:46,404 [585524aa-0c42-40b1-8d18-f2722508c145@group-84D970D8DD2E-FollowerState] INFO  impl.RoleInfo (RoleInfo.java:updateAndGet(139)) - 585524aa-0c42-40b1-8d18-f2722508c145: start 585524aa-0c42-40b1-8d18-f2722508c145@group-84D970D8DD2E-LeaderElection26
2023-12-01 12:07:46,406 [585524aa-0c42-40b1-8d18-f2722508c145@group-84D970D8DD2E-LeaderElection26] INFO  impl.LeaderElection (LeaderElection.java:askForVotes(323)) - 585524aa-0c42-40b1-8d18-f2722508c145@group-84D970D8DD2E-LeaderElection26 PRE_VOTE round 0: submit vote requests at term 0 for -1: peers:[585524aa-0c42-40b1-8d18-f2722508c145|10.1.0.24:15138, e22ca2c5-a776-4b7c-8aca-6a18d36008b3|10.1.0.24:15156, 0d726c29-49a1-421e-8ac7-200c2e9b483b|10.1.0.24:15147]|listeners:[], old=null
2023-12-01 12:07:46,406 [585524aa-0c42-40b1-8d18-f2722508c145@group-84D970D8DD2E-LeaderElection26-1] INFO  server.GrpcServerProtocolClient (GrpcServerProtocolClient.java:<init>(65)) - Build channel for e22ca2c5-a776-4b7c-8aca-6a18d36008b3
2023-12-01 12:07:46,406 [585524aa-0c42-40b1-8d18-f2722508c145@group-84D970D8DD2E-LeaderElection26] INFO  server.RaftServerConfigKeys (ConfUtils.java:logFallback(53)) - raft.server.rpc.first-election.timeout.min = 5s (fallback to raft.server.rpc.timeout.min)
2023-12-01 12:07:46,406 [585524aa-0c42-40b1-8d18-f2722508c145@group-84D970D8DD2E-LeaderElection26] INFO  server.RaftServerConfigKeys (ConfUtils.java:logFallback(53)) - raft.server.rpc.first-election.timeout.max = 5200ms (fallback to raft.server.rpc.timeout.max)
2023-12-01 12:07:46,406 [585524aa-0c42-40b1-8d18-f2722508c145@group-84D970D8DD2E-LeaderElection26-2] INFO  server.GrpcServerProtocolClient (GrpcServerProtocolClient.java:<init>(65)) - Build channel for 0d726c29-49a1-421e-8ac7-200c2e9b483b
2023-12-01 12:07:46,410 [grpc-default-executor-2] INFO  server.RaftServer$Division (RaftServerImpl.java:requestVote(1377)) - e22ca2c5-a776-4b7c-8aca-6a18d36008b3@group-84D970D8DD2E: receive requestVote(PRE_VOTE, 585524aa-0c42-40b1-8d18-f2722508c145, group-84D970D8DD2E, 0, (t:0, i:0))
2023-12-01 12:07:46,410 [grpc-default-executor-1] INFO  server.RaftServer$Division (RaftServerImpl.java:requestVote(1377)) - 0d726c29-49a1-421e-8ac7-200c2e9b483b@group-84D970D8DD2E: receive requestVote(PRE_VOTE, 585524aa-0c42-40b1-8d18-f2722508c145, group-84D970D8DD2E, 0, (t:0, i:0))
2023-12-01 12:07:46,411 [grpc-default-executor-2] INFO  impl.VoteContext (VoteContext.java:log(49)) - e22ca2c5-a776-4b7c-8aca-6a18d36008b3@group-84D970D8DD2E-FOLLOWER: accept PRE_VOTE from 585524aa-0c42-40b1-8d18-f2722508c145: our priority 0 <= candidate's priority 1
2023-12-01 12:07:46,411 [grpc-default-executor-1] INFO  impl.VoteContext (VoteContext.java:log(49)) - 0d726c29-49a1-421e-8ac7-200c2e9b483b@group-84D970D8DD2E-FOLLOWER: accept PRE_VOTE from 585524aa-0c42-40b1-8d18-f2722508c145: our priority 0 <= candidate's priority 1
2023-12-01 12:07:46,411 [grpc-default-executor-1] INFO  server.RaftServer$Division (RaftServerImpl.java:requestVote(1410)) - 0d726c29-49a1-421e-8ac7-200c2e9b483b@group-84D970D8DD2E replies to PRE_VOTE vote request: 585524aa-0c42-40b1-8d18-f2722508c145<-0d726c29-49a1-421e-8ac7-200c2e9b483b#0:OK-t0. Peer's state: 0d726c29-49a1-421e-8ac7-200c2e9b483b@group-84D970D8DD2E:t0, leader=null, voted=, raftlog=Memoized:0d726c29-49a1-421e-8ac7-200c2e9b483b@group-84D970D8DD2E-SegmentedRaftLog:OPENED:c-1, conf=-1: peers:[585524aa-0c42-40b1-8d18-f2722508c145|10.1.0.24:15138, e22ca2c5-a776-4b7c-8aca-6a18d36008b3|10.1.0.24:15156, 0d726c29-49a1-421e-8ac7-200c2e9b483b|10.1.0.24:15147]|listeners:[], old=null
2023-12-01 12:07:46,411 [grpc-default-executor-2] INFO  server.RaftServer$Division (RaftServerImpl.java:requestVote(1410)) - e22ca2c5-a776-4b7c-8aca-6a18d36008b3@group-84D970D8DD2E replies to PRE_VOTE vote request: 585524aa-0c42-40b1-8d18-f2722508c145<-e22ca2c5-a776-4b7c-8aca-6a18d36008b3#0:OK-t0. Peer's state: e22ca2c5-a776-4b7c-8aca-6a18d36008b3@group-84D970D8DD2E:t0, leader=null, voted=, raftlog=Memoized:e22ca2c5-a776-4b7c-8aca-6a18d36008b3@group-84D970D8DD2E-SegmentedRaftLog:OPENED:c-1, conf=-1: peers:[585524aa-0c42-40b1-8d18-f2722508c145|10.1.0.24:15138, e22ca2c5-a776-4b7c-8aca-6a18d36008b3|10.1.0.24:15156, 0d726c29-49a1-421e-8ac7-200c2e9b483b|10.1.0.24:15147]|listeners:[], old=null
2023-12-01 12:07:46,412 [585524aa-0c42-40b1-8d18-f2722508c145@group-84D970D8DD2E-LeaderElection26] INFO  impl.LeaderElection (LeaderElection.java:logAndReturn(89)) - 585524aa-0c42-40b1-8d18-f2722508c145@group-84D970D8DD2E-LeaderElection26: PRE_VOTE PASSED received 1 response(s) and 0 exception(s):
2023-12-01 12:07:46,412 [585524aa-0c42-40b1-8d18-f2722508c145@group-84D970D8DD2E-LeaderElection26] INFO  impl.LeaderElection (LeaderElection.java:logAndReturn(93)) -   Response 0: 585524aa-0c42-40b1-8d18-f2722508c145<-0d726c29-49a1-421e-8ac7-200c2e9b483b#0:OK-t0
2023-12-01 12:07:46,412 [585524aa-0c42-40b1-8d18-f2722508c145@group-84D970D8DD2E-LeaderElection26] INFO  impl.LeaderElection (LeaderElection.java:askForVotes(325)) - 585524aa-0c42-40b1-8d18-f2722508c145@group-84D970D8DD2E-LeaderElection26 PRE_VOTE round 0: result PASSED
2023-12-01 12:07:46,413 [585524aa-0c42-40b1-8d18-f2722508c145@group-84D970D8DD2E-LeaderElection26] INFO  impl.LeaderElection (LeaderElection.java:askForVotes(323)) - 585524aa-0c42-40b1-8d18-f2722508c145@group-84D970D8DD2E-LeaderElection26 ELECTION round 0: submit vote requests at term 1 for -1: peers:[585524aa-0c42-40b1-8d18-f2722508c145|10.1.0.24:15138, e22ca2c5-a776-4b7c-8aca-6a18d36008b3|10.1.0.24:15156, 0d726c29-49a1-421e-8ac7-200c2e9b483b|10.1.0.24:15147]|listeners:[], old=null
2023-12-01 12:07:46,413 [585524aa-0c42-40b1-8d18-f2722508c145@group-84D970D8DD2E-LeaderElection26] INFO  server.RaftServerConfigKeys (ConfUtils.java:logFallback(53)) - raft.server.rpc.first-election.timeout.min = 5s (fallback to raft.server.rpc.timeout.min)
2023-12-01 12:07:46,413 [585524aa-0c42-40b1-8d18-f2722508c145@group-84D970D8DD2E-LeaderElection26] INFO  server.RaftServerConfigKeys (ConfUtils.java:logFallback(53)) - raft.server.rpc.first-election.timeout.max = 5200ms (fallback to raft.server.rpc.timeout.max)
2023-12-01 12:07:46,414 [grpc-default-executor-2] INFO  server.RaftServer$Division (RaftServerImpl.java:requestVote(1377)) - e22ca2c5-a776-4b7c-8aca-6a18d36008b3@group-84D970D8DD2E: receive requestVote(ELECTION, 585524aa-0c42-40b1-8d18-f2722508c145, group-84D970D8DD2E, 1, (t:0, i:0))
2023-12-01 12:07:46,414 [grpc-default-executor-2] INFO  impl.VoteContext (VoteContext.java:log(49)) - e22ca2c5-a776-4b7c-8aca-6a18d36008b3@group-84D970D8DD2E-FOLLOWER: accept ELECTION from 585524aa-0c42-40b1-8d18-f2722508c145: our priority 0 <= candidate's priority 1
2023-12-01 12:07:46,414 [grpc-default-executor-2] INFO  server.RaftServer$Division (RaftServerImpl.java:setRole(379)) - e22ca2c5-a776-4b7c-8aca-6a18d36008b3@group-84D970D8DD2E: changes role from  FOLLOWER to FOLLOWER at term 1 for candidate:585524aa-0c42-40b1-8d18-f2722508c145
2023-12-01 12:07:46,414 [grpc-default-executor-2] INFO  impl.RoleInfo (RoleInfo.java:shutdownFollowerState(110)) - e22ca2c5-a776-4b7c-8aca-6a18d36008b3: shutdown e22ca2c5-a776-4b7c-8aca-6a18d36008b3@group-84D970D8DD2E-FollowerState
2023-12-01 12:07:46,414 [grpc-default-executor-2] INFO  impl.RoleInfo (RoleInfo.java:updateAndGet(139)) - e22ca2c5-a776-4b7c-8aca-6a18d36008b3: start e22ca2c5-a776-4b7c-8aca-6a18d36008b3@group-84D970D8DD2E-FollowerState
2023-12-01 12:07:46,414 [e22ca2c5-a776-4b7c-8aca-6a18d36008b3@group-84D970D8DD2E-FollowerState] INFO  impl.FollowerState (FollowerState.java:run(152)) - e22ca2c5-a776-4b7c-8aca-6a18d36008b3@group-84D970D8DD2E-FollowerState was interrupted
2023-12-01 12:07:46,414 [grpc-default-executor-2] INFO  server.RaftServer$Division (RaftServerImpl.java:setFirstElection(564)) - e22ca2c5-a776-4b7c-8aca-6a18d36008b3@group-84D970D8DD2E: set firstElectionSinceStartup to false for candidate:585524aa-0c42-40b1-8d18-f2722508c145
2023-12-01 12:07:46,416 [grpc-default-executor-1] INFO  server.RaftServer$Division (RaftServerImpl.java:requestVote(1377)) - 0d726c29-49a1-421e-8ac7-200c2e9b483b@group-84D970D8DD2E: receive requestVote(ELECTION, 585524aa-0c42-40b1-8d18-f2722508c145, group-84D970D8DD2E, 1, (t:0, i:0))
2023-12-01 12:07:46,416 [grpc-default-executor-1] INFO  impl.VoteContext (VoteContext.java:log(49)) - 0d726c29-49a1-421e-8ac7-200c2e9b483b@group-84D970D8DD2E-FOLLOWER: accept ELECTION from 585524aa-0c42-40b1-8d18-f2722508c145: our priority 0 <= candidate's priority 1
2023-12-01 12:07:46,416 [grpc-default-executor-1] INFO  server.RaftServer$Division (RaftServerImpl.java:setRole(379)) - 0d726c29-49a1-421e-8ac7-200c2e9b483b@group-84D970D8DD2E: changes role from  FOLLOWER to FOLLOWER at term 1 for candidate:585524aa-0c42-40b1-8d18-f2722508c145
2023-12-01 12:07:46,416 [grpc-default-executor-1] INFO  impl.RoleInfo (RoleInfo.java:shutdownFollowerState(110)) - 0d726c29-49a1-421e-8ac7-200c2e9b483b: shutdown 0d726c29-49a1-421e-8ac7-200c2e9b483b@group-84D970D8DD2E-FollowerState
2023-12-01 12:07:46,416 [grpc-default-executor-1] INFO  impl.RoleInfo (RoleInfo.java:updateAndGet(139)) - 0d726c29-49a1-421e-8ac7-200c2e9b483b: start 0d726c29-49a1-421e-8ac7-200c2e9b483b@group-84D970D8DD2E-FollowerState
2023-12-01 12:07:46,416 [grpc-default-executor-2] INFO  server.RaftServer$Division (RaftServerImpl.java:requestVote(1410)) - e22ca2c5-a776-4b7c-8aca-6a18d36008b3@group-84D970D8DD2E replies to ELECTION vote request: 585524aa-0c42-40b1-8d18-f2722508c145<-e22ca2c5-a776-4b7c-8aca-6a18d36008b3#0:OK-t1. Peer's state: e22ca2c5-a776-4b7c-8aca-6a18d36008b3@group-84D970D8DD2E:t1, leader=null, voted=585524aa-0c42-40b1-8d18-f2722508c145, raftlog=Memoized:e22ca2c5-a776-4b7c-8aca-6a18d36008b3@group-84D970D8DD2E-SegmentedRaftLog:OPENED:c-1, conf=-1: peers:[585524aa-0c42-40b1-8d18-f2722508c145|10.1.0.24:15138, e22ca2c5-a776-4b7c-8aca-6a18d36008b3|10.1.0.24:15156, 0d726c29-49a1-421e-8ac7-200c2e9b483b|10.1.0.24:15147]|listeners:[], old=null
2023-12-01 12:07:46,416 [grpc-default-executor-1] INFO  server.RaftServer$Division (RaftServerImpl.java:setFirstElection(564)) - 0d726c29-49a1-421e-8ac7-200c2e9b483b@group-84D970D8DD2E: set firstElectionSinceStartup to false for candidate:585524aa-0c42-40b1-8d18-f2722508c145
2023-12-01 12:07:46,416 [0d726c29-49a1-421e-8ac7-200c2e9b483b@group-84D970D8DD2E-FollowerState] INFO  impl.FollowerState (FollowerState.java:run(152)) - 0d726c29-49a1-421e-8ac7-200c2e9b483b@group-84D970D8DD2E-FollowerState was interrupted
2023-12-01 12:07:46,420 [585524aa-0c42-40b1-8d18-f2722508c145@group-84D970D8DD2E-LeaderElection26] INFO  impl.LeaderElection (LeaderElection.java:logAndReturn(89)) - 585524aa-0c42-40b1-8d18-f2722508c145@group-84D970D8DD2E-LeaderElection26: ELECTION PASSED received 1 response(s) and 0 exception(s):
2023-12-01 12:07:46,420 [585524aa-0c42-40b1-8d18-f2722508c145@group-84D970D8DD2E-LeaderElection26] INFO  impl.LeaderElection (LeaderElection.java:logAndReturn(93)) -   Response 0: 585524aa-0c42-40b1-8d18-f2722508c145<-e22ca2c5-a776-4b7c-8aca-6a18d36008b3#0:OK-t1
2023-12-01 12:07:46,420 [585524aa-0c42-40b1-8d18-f2722508c145@group-84D970D8DD2E-LeaderElection26] INFO  impl.LeaderElection (LeaderElection.java:askForVotes(325)) - 585524aa-0c42-40b1-8d18-f2722508c145@group-84D970D8DD2E-LeaderElection26 ELECTION round 0: result PASSED
2023-12-01 12:07:46,420 [585524aa-0c42-40b1-8d18-f2722508c145@group-84D970D8DD2E-LeaderElection26] INFO  impl.RoleInfo (RoleInfo.java:shutdownLeaderElection(130)) - 585524aa-0c42-40b1-8d18-f2722508c145: shutdown 585524aa-0c42-40b1-8d18-f2722508c145@group-84D970D8DD2E-LeaderElection26
2023-12-01 12:07:46,421 [585524aa-0c42-40b1-8d18-f2722508c145@group-84D970D8DD2E-LeaderElection26] INFO  server.RaftServer$Division (RaftServerImpl.java:setRole(379)) - 585524aa-0c42-40b1-8d18-f2722508c145@group-84D970D8DD2E: changes role from CANDIDATE to LEADER at term 1 for changeToLeader
2023-12-01 12:07:46,421 [585524aa-0c42-40b1-8d18-f2722508c145@group-84D970D8DD2E-LeaderElection26] INFO  server.RaftServerConfigKeys (ConfUtils.java:logGet(46)) - raft.server.staging.catchup.gap = 1000 (default)
2023-12-01 12:07:46,421 [585524aa-0c42-40b1-8d18-f2722508c145@group-84D970D8DD2E-LeaderElection26] INFO  server.RaftServerConfigKeys (ConfUtils.java:logGet(46)) - raft.server.write.element-limit = 1024 (custom)
2023-12-01 12:07:46,421 [585524aa-0c42-40b1-8d18-f2722508c145@group-84D970D8DD2E-LeaderElection26] INFO  server.RaftServerConfigKeys (ConfUtils.java:logGet(46)) - raft.server.write.byte-limit = 1024 M (=1073741824) (custom)
2023-12-01 12:07:46,421 [585524aa-0c42-40b1-8d18-f2722508c145@group-84D970D8DD2E-LeaderElection26] INFO  server.RaftServerConfigKeys (ConfUtils.java:logGet(46)) - raft.server.watch.timeout = 180s (custom)
2023-12-01 12:07:46,421 [585524aa-0c42-40b1-8d18-f2722508c145@group-84D970D8DD2E-LeaderElection26] INFO  server.RaftServerConfigKeys (ConfUtils.java:logGet(46)) - raft.server.watch.timeout.denomination = 1s (default)
2023-12-01 12:07:46,421 [585524aa-0c42-40b1-8d18-f2722508c145@group-84D970D8DD2E-LeaderElection26] INFO  server.RaftServerConfigKeys (ConfUtils.java:logGet(46)) - raft.server.watch.element-limit = 65536 (default)
2023-12-01 12:07:46,421 [585524aa-0c42-40b1-8d18-f2722508c145@group-84D970D8DD2E-LeaderElection26] INFO  server.RaftServerConfigKeys (ConfUtils.java:logGet(46)) - raft.server.read.leader.lease.enabled = false (default)
2023-12-01 12:07:46,421 [585524aa-0c42-40b1-8d18-f2722508c145@group-84D970D8DD2E-LeaderElection26] INFO  server.RaftServerConfigKeys (ConfUtils.java:logGet(46)) - raft.server.read.leader.lease.timeout.ratio = 0.9 (default)
2023-12-01 12:07:46,421 [585524aa-0c42-40b1-8d18-f2722508c145@group-84D970D8DD2E-LeaderElection26] INFO  server.RaftServerConfigKeys (ConfUtils.java:logGet(46)) - raft.server.rpc.timeout.min = 5s (custom)
2023-12-01 12:07:46,422 [585524aa-0c42-40b1-8d18-f2722508c145@group-84D970D8DD2E-LeaderElection26] INFO  server.RaftServerConfigKeys (ConfUtils.java:logGet(46)) - raft.server.write.element-limit = 1024 (custom)
2023-12-01 12:07:46,422 [585524aa-0c42-40b1-8d18-f2722508c145@group-84D970D8DD2E-LeaderElection26] INFO  server.RaftServerConfigKeys (ConfUtils.java:logGet(46)) - raft.server.write.follower.gap.ratio.max = -1.0 (default)
2023-12-01 12:07:46,422 [585524aa-0c42-40b1-8d18-f2722508c145@group-84D970D8DD2E-LeaderElection26] INFO  server.RaftServerConfigKeys (ConfUtils.java:logGet(46)) - raft.server.log.appender.snapshot.chunk.size.max = 16MB (=16777216) (default)
2023-12-01 12:07:46,422 [585524aa-0c42-40b1-8d18-f2722508c145@group-84D970D8DD2E-LeaderElection26] INFO  server.RaftServerConfigKeys (ConfUtils.java:logGet(46)) - raft.server.log.appender.buffer.byte-limit = 33554432 (custom)
2023-12-01 12:07:46,422 [585524aa-0c42-40b1-8d18-f2722508c145@group-84D970D8DD2E-LeaderElection26] INFO  server.RaftServerConfigKeys (ConfUtils.java:logGet(46)) - raft.server.log.appender.buffer.element-limit = 1 (custom)
2023-12-01 12:07:46,422 [585524aa-0c42-40b1-8d18-f2722508c145@group-84D970D8DD2E-LeaderElection26] INFO  server.RaftServerConfigKeys (ConfUtils.java:logGet(46)) - raft.server.log.appender.wait-time.min = 1ms (default)
2023-12-01 12:07:46,422 [585524aa-0c42-40b1-8d18-f2722508c145@group-84D970D8DD2E-LeaderElection26] INFO  grpc.GrpcConfigKeys (ConfUtils.java:logGet(46)) - raft.grpc.server.leader.outstanding.appends.max = 8 (default)
2023-12-01 12:07:46,422 [585524aa-0c42-40b1-8d18-f2722508c145@group-84D970D8DD2E-LeaderElection26] INFO  server.RaftServerConfigKeys (ConfUtils.java:logGet(46)) - raft.server.rpc.request.timeout = 60s (custom)
2023-12-01 12:07:46,422 [585524aa-0c42-40b1-8d18-f2722508c145@group-84D970D8DD2E-LeaderElection26] INFO  grpc.GrpcConfigKeys (ConfUtils.java:logGet(46)) - raft.grpc.server.install_snapshot.request.element-limit = 8 (default)
2023-12-01 12:07:46,423 [585524aa-0c42-40b1-8d18-f2722508c145@group-84D970D8DD2E-LeaderElection26] INFO  grpc.GrpcConfigKeys (ConfUtils.java:logGet(46)) - raft.grpc.server.install_snapshot.request.timeout = 3000ms (default)
2023-12-01 12:07:46,423 [585524aa-0c42-40b1-8d18-f2722508c145@group-84D970D8DD2E-LeaderElection26] INFO  server.RaftServerConfigKeys (ConfUtils.java:logGet(46)) - raft.server.log.appender.install.snapshot.enabled = false (custom)
2023-12-01 12:07:46,423 [585524aa-0c42-40b1-8d18-f2722508c145@group-84D970D8DD2E-LeaderElection26] INFO  grpc.GrpcConfigKeys (ConfUtils.java:logGet(46)) - raft.grpc.server.heartbeat.channel = true (default)
2023-12-01 12:07:46,423 [grpc-default-executor-1] INFO  server.RaftServer$Division (RaftServerImpl.java:requestVote(1410)) - 0d726c29-49a1-421e-8ac7-200c2e9b483b@group-84D970D8DD2E replies to ELECTION vote request: 585524aa-0c42-40b1-8d18-f2722508c145<-0d726c29-49a1-421e-8ac7-200c2e9b483b#0:OK-t1. Peer's state: 0d726c29-49a1-421e-8ac7-200c2e9b483b@group-84D970D8DD2E:t1, leader=null, voted=585524aa-0c42-40b1-8d18-f2722508c145, raftlog=Memoized:0d726c29-49a1-421e-8ac7-200c2e9b483b@group-84D970D8DD2E-SegmentedRaftLog:OPENED:c-1, conf=-1: peers:[585524aa-0c42-40b1-8d18-f2722508c145|10.1.0.24:15138, e22ca2c5-a776-4b7c-8aca-6a18d36008b3|10.1.0.24:15156, 0d726c29-49a1-421e-8ac7-200c2e9b483b|10.1.0.24:15147]|listeners:[], old=null
2023-12-01 12:07:46,424 [585524aa-0c42-40b1-8d18-f2722508c145@group-84D970D8DD2E-LeaderElection26] INFO  server.RaftServerConfigKeys (ConfUtils.java:logGet(46)) - raft.server.log.appender.snapshot.chunk.size.max = 16MB (=16777216) (default)
2023-12-01 12:07:46,424 [585524aa-0c42-40b1-8d18-f2722508c145@group-84D970D8DD2E-LeaderElection26] INFO  server.RaftServerConfigKeys (ConfUtils.java:logGet(46)) - raft.server.log.appender.buffer.byte-limit = 33554432 (custom)
2023-12-01 12:07:46,424 [585524aa-0c42-40b1-8d18-f2722508c145@group-84D970D8DD2E-LeaderElection26] INFO  server.RaftServerConfigKeys (ConfUtils.java:logGet(46)) - raft.server.log.appender.buffer.element-limit = 1 (custom)
2023-12-01 12:07:46,424 [585524aa-0c42-40b1-8d18-f2722508c145@group-84D970D8DD2E-LeaderElection26] INFO  server.RaftServerConfigKeys (ConfUtils.java:logGet(46)) - raft.server.log.appender.wait-time.min = 1ms (default)
2023-12-01 12:07:46,424 [585524aa-0c42-40b1-8d18-f2722508c145@group-84D970D8DD2E-LeaderElection26] INFO  grpc.GrpcConfigKeys (ConfUtils.java:logGet(46)) - raft.grpc.server.leader.outstanding.appends.max = 8 (default)
2023-12-01 12:07:46,424 [585524aa-0c42-40b1-8d18-f2722508c145@group-84D970D8DD2E-LeaderElection26] INFO  server.RaftServerConfigKeys (ConfUtils.java:logGet(46)) - raft.server.rpc.request.timeout = 60s (custom)
2023-12-01 12:07:46,424 [585524aa-0c42-40b1-8d18-f2722508c145@group-84D970D8DD2E-LeaderElection26] INFO  grpc.GrpcConfigKeys (ConfUtils.java:logGet(46)) - raft.grpc.server.install_snapshot.request.element-limit = 8 (default)
2023-12-01 12:07:46,424 [585524aa-0c42-40b1-8d18-f2722508c145@group-84D970D8DD2E-LeaderElection26] INFO  grpc.GrpcConfigKeys (ConfUtils.java:logGet(46)) - raft.grpc.server.install_snapshot.request.timeout = 3000ms (default)
2023-12-01 12:07:46,424 [585524aa-0c42-40b1-8d18-f2722508c145@group-84D970D8DD2E-LeaderElection26] INFO  server.RaftServerConfigKeys (ConfUtils.java:logGet(46)) - raft.server.log.appender.install.snapshot.enabled = false (custom)
2023-12-01 12:07:46,424 [585524aa-0c42-40b1-8d18-f2722508c145@group-84D970D8DD2E-LeaderElection26] INFO  grpc.GrpcConfigKeys (ConfUtils.java:logGet(46)) - raft.grpc.server.heartbeat.channel = true (default)
2023-12-01 12:07:46,424 [585524aa-0c42-40b1-8d18-f2722508c145@group-84D970D8DD2E-LeaderElection26] INFO  impl.RoleInfo (RoleInfo.java:updateAndGet(139)) - 585524aa-0c42-40b1-8d18-f2722508c145: start 585524aa-0c42-40b1-8d18-f2722508c145@group-84D970D8DD2E-LeaderStateImpl
2023-12-01 12:07:46,425 [585524aa-0c42-40b1-8d18-f2722508c145@group-84D970D8DD2E-LeaderElection26] INFO  server.RaftServer$Division (RaftServerImpl.java:setFirstElection(564)) - 585524aa-0c42-40b1-8d18-f2722508c145@group-84D970D8DD2E: set firstElectionSinceStartup to false for becomeLeader
2023-12-01 12:07:46,425 [585524aa-0c42-40b1-8d18-f2722508c145@group-84D970D8DD2E-LeaderElection26] INFO  ratis.XceiverServerRatis (XceiverServerRatis.java:handleLeaderChangedNotification(912)) - Leader change notification received for group: group-84D970D8DD2E with new leaderId: 585524aa-0c42-40b1-8d18-f2722508c145
2023-12-01 12:07:46,425 [585524aa-0c42-40b1-8d18-f2722508c145@group-84D970D8DD2E-LeaderElection26] INFO  server.RaftServer$Division (ServerState.java:setLeader(265)) - 585524aa-0c42-40b1-8d18-f2722508c145@group-84D970D8DD2E: change Leader from null to 585524aa-0c42-40b1-8d18-f2722508c145 at term 1 for becomeLeader, leader elected after 5063ms
2023-12-01 12:07:46,425 [585524aa-0c42-40b1-8d18-f2722508c145@group-84D970D8DD2E-LeaderElection26] INFO  segmented.SegmentedRaftLogWorker (SegmentedRaftLogWorker.java:startLogSegment(428)) - 585524aa-0c42-40b1-8d18-f2722508c145@group-84D970D8DD2E-SegmentedRaftLogWorker: Starting segment from index:0
2023-12-01 12:07:46,428 [585524aa-0c42-40b1-8d18-f2722508c145@group-84D970D8DD2E-LeaderElection26] INFO  server.RaftServer$Division (ServerState.java:setRaftConf(382)) - 585524aa-0c42-40b1-8d18-f2722508c145@group-84D970D8DD2E: set configuration 0: peers:[585524aa-0c42-40b1-8d18-f2722508c145|10.1.0.24:15138, e22ca2c5-a776-4b7c-8aca-6a18d36008b3|10.1.0.24:15156, 0d726c29-49a1-421e-8ac7-200c2e9b483b|10.1.0.24:15147]|listeners:[], old=null
2023-12-01 12:07:46,429 [EventQueue-PipelineReportForPipelineReportHandler] INFO  pipeline.PipelineReportHandler (PipelineReportHandler.java:processPipelineReport(136)) - Opened pipeline PipelineID=0e28a80f-65de-422d-85e8-84d970d8dd2e
2023-12-01 12:07:46,437 [e22ca2c5-a776-4b7c-8aca-6a18d36008b3-server-thread1] INFO  ratis.XceiverServerRatis (XceiverServerRatis.java:handleLeaderChangedNotification(912)) - Leader change notification received for group: group-84D970D8DD2E with new leaderId: 585524aa-0c42-40b1-8d18-f2722508c145
2023-12-01 12:07:46,437 [e22ca2c5-a776-4b7c-8aca-6a18d36008b3-server-thread1] INFO  server.RaftServer$Division (ServerState.java:setLeader(265)) - e22ca2c5-a776-4b7c-8aca-6a18d36008b3@group-84D970D8DD2E: change Leader from null to 585524aa-0c42-40b1-8d18-f2722508c145 at term 1 for appendEntries, leader elected after 5054ms
2023-12-01 12:07:46,438 [585524aa-0c42-40b1-8d18-f2722508c145@group-84D970D8DD2E-SegmentedRaftLogWorker] INFO  segmented.SegmentedRaftLogWorker (SegmentedRaftLogWorker.java:execute(632)) - 585524aa-0c42-40b1-8d18-f2722508c145@group-84D970D8DD2E-SegmentedRaftLogWorker: created new log segment /home/runner/work/ozone/ozone/hadoop-ozone/integration-test/target/test-dir/MiniOzoneClusterImpl-b249f779-13f2-4d94-9d49-8f38c7514c74/datanode-3/data/ratis/0e28a80f-65de-422d-85e8-84d970d8dd2e/current/log_inprogress_0
2023-12-01 12:07:46,440 [0d726c29-49a1-421e-8ac7-200c2e9b483b-server-thread1] INFO  ratis.XceiverServerRatis (XceiverServerRatis.java:handleLeaderChangedNotification(912)) - Leader change notification received for group: group-84D970D8DD2E with new leaderId: 585524aa-0c42-40b1-8d18-f2722508c145
2023-12-01 12:07:46,441 [0d726c29-49a1-421e-8ac7-200c2e9b483b-server-thread1] INFO  server.RaftServer$Division (ServerState.java:setLeader(265)) - 0d726c29-49a1-421e-8ac7-200c2e9b483b@group-84D970D8DD2E: change Leader from null to 585524aa-0c42-40b1-8d18-f2722508c145 at term 1 for appendEntries, leader elected after 5035ms
2023-12-01 12:07:46,441 [e22ca2c5-a776-4b7c-8aca-6a18d36008b3-server-thread2] INFO  server.RaftServer$Division (ServerState.java:setRaftConf(382)) - e22ca2c5-a776-4b7c-8aca-6a18d36008b3@group-84D970D8DD2E: set configuration 0: peers:[585524aa-0c42-40b1-8d18-f2722508c145|10.1.0.24:15138, e22ca2c5-a776-4b7c-8aca-6a18d36008b3|10.1.0.24:15156, 0d726c29-49a1-421e-8ac7-200c2e9b483b|10.1.0.24:15147]|listeners:[], old=null
2023-12-01 12:07:46,441 [0d726c29-49a1-421e-8ac7-200c2e9b483b-server-thread2] INFO  server.RaftServer$Division (ServerState.java:setRaftConf(382)) - 0d726c29-49a1-421e-8ac7-200c2e9b483b@group-84D970D8DD2E: set configuration 0: peers:[585524aa-0c42-40b1-8d18-f2722508c145|10.1.0.24:15138, e22ca2c5-a776-4b7c-8aca-6a18d36008b3|10.1.0.24:15156, 0d726c29-49a1-421e-8ac7-200c2e9b483b|10.1.0.24:15147]|listeners:[], old=null
2023-12-01 12:07:46,441 [e22ca2c5-a776-4b7c-8aca-6a18d36008b3-server-thread2] INFO  segmented.SegmentedRaftLogWorker (SegmentedRaftLogWorker.java:startLogSegment(428)) - e22ca2c5-a776-4b7c-8aca-6a18d36008b3@group-84D970D8DD2E-SegmentedRaftLogWorker: Starting segment from index:0
2023-12-01 12:07:46,441 [0d726c29-49a1-421e-8ac7-200c2e9b483b-server-thread2] INFO  segmented.SegmentedRaftLogWorker (SegmentedRaftLogWorker.java:startLogSegment(428)) - 0d726c29-49a1-421e-8ac7-200c2e9b483b@group-84D970D8DD2E-SegmentedRaftLogWorker: Starting segment from index:0
2023-12-01 12:07:46,445 [e22ca2c5-a776-4b7c-8aca-6a18d36008b3@group-158753A7AC69-FollowerState] INFO  impl.FollowerState (FollowerState.java:run(143)) - e22ca2c5-a776-4b7c-8aca-6a18d36008b3@group-158753A7AC69-FollowerState: change to CANDIDATE, lastRpcElapsedTime:5115501083ns, electionTimeout:5115ms
2023-12-01 12:07:46,445 [e22ca2c5-a776-4b7c-8aca-6a18d36008b3@group-158753A7AC69-FollowerState] INFO  impl.RoleInfo (RoleInfo.java:shutdownFollowerState(110)) - e22ca2c5-a776-4b7c-8aca-6a18d36008b3: shutdown e22ca2c5-a776-4b7c-8aca-6a18d36008b3@group-158753A7AC69-FollowerState
2023-12-01 12:07:46,445 [e22ca2c5-a776-4b7c-8aca-6a18d36008b3@group-158753A7AC69-FollowerState] INFO  server.RaftServer$Division (RaftServerImpl.java:setRole(379)) - e22ca2c5-a776-4b7c-8aca-6a18d36008b3@group-158753A7AC69: changes role from  FOLLOWER to CANDIDATE at term 0 for changeToCandidate
2023-12-01 12:07:46,445 [e22ca2c5-a776-4b7c-8aca-6a18d36008b3@group-158753A7AC69-FollowerState] INFO  server.RaftServerConfigKeys (ConfUtils.java:logGet(46)) - raft.server.leaderelection.pre-vote = true (default)
2023-12-01 12:07:46,445 [e22ca2c5-a776-4b7c-8aca-6a18d36008b3@group-158753A7AC69-FollowerState] INFO  impl.RoleInfo (RoleInfo.java:updateAndGet(139)) - e22ca2c5-a776-4b7c-8aca-6a18d36008b3: start e22ca2c5-a776-4b7c-8aca-6a18d36008b3@group-158753A7AC69-LeaderElection27
2023-12-01 12:07:46,446 [e22ca2c5-a776-4b7c-8aca-6a18d36008b3@group-158753A7AC69-LeaderElection27] INFO  impl.LeaderElection (LeaderElection.java:askForVotes(323)) - e22ca2c5-a776-4b7c-8aca-6a18d36008b3@group-158753A7AC69-LeaderElection27 PRE_VOTE round 0: submit vote requests at term 0 for -1: peers:[585524aa-0c42-40b1-8d18-f2722508c145|10.1.0.24:15138, e22ca2c5-a776-4b7c-8aca-6a18d36008b3|10.1.0.24:15156, 0d726c29-49a1-421e-8ac7-200c2e9b483b|10.1.0.24:15147]|listeners:[], old=null
2023-12-01 12:07:46,447 [e22ca2c5-a776-4b7c-8aca-6a18d36008b3@group-158753A7AC69-LeaderElection27-1] INFO  server.GrpcServerProtocolClient (GrpcServerProtocolClient.java:<init>(65)) - Build channel for 585524aa-0c42-40b1-8d18-f2722508c145
2023-12-01 12:07:46,447 [e22ca2c5-a776-4b7c-8aca-6a18d36008b3@group-158753A7AC69-LeaderElection27] INFO  server.RaftServerConfigKeys (ConfUtils.java:logFallback(53)) - raft.server.rpc.first-election.timeout.min = 5s (fallback to raft.server.rpc.timeout.min)
2023-12-01 12:07:46,447 [e22ca2c5-a776-4b7c-8aca-6a18d36008b3@group-158753A7AC69-LeaderElection27-2] INFO  server.GrpcServerProtocolClient (GrpcServerProtocolClient.java:<init>(65)) - Build channel for 0d726c29-49a1-421e-8ac7-200c2e9b483b
2023-12-01 12:07:46,447 [e22ca2c5-a776-4b7c-8aca-6a18d36008b3@group-158753A7AC69-LeaderElection27] INFO  server.RaftServerConfigKeys (ConfUtils.java:logFallback(53)) - raft.server.rpc.first-election.timeout.max = 5200ms (fallback to raft.server.rpc.timeout.max)
2023-12-01 12:07:46,448 [585524aa-0c42-40b1-8d18-f2722508c145@group-158753A7AC69-FollowerState] INFO  impl.FollowerState (FollowerState.java:run(143)) - 585524aa-0c42-40b1-8d18-f2722508c145@group-158753A7AC69-FollowerState: change to CANDIDATE, lastRpcElapsedTime:5140431660ns, electionTimeout:5140ms
2023-12-01 12:07:46,448 [585524aa-0c42-40b1-8d18-f2722508c145@group-158753A7AC69-FollowerState] INFO  impl.RoleInfo (RoleInfo.java:shutdownFollowerState(110)) - 585524aa-0c42-40b1-8d18-f2722508c145: shutdown 585524aa-0c42-40b1-8d18-f2722508c145@group-158753A7AC69-FollowerState
2023-12-01 12:07:46,448 [585524aa-0c42-40b1-8d18-f2722508c145@group-158753A7AC69-FollowerState] INFO  server.RaftServer$Division (RaftServerImpl.java:setRole(379)) - 585524aa-0c42-40b1-8d18-f2722508c145@group-158753A7AC69: changes role from  FOLLOWER to CANDIDATE at term 0 for changeToCandidate
2023-12-01 12:07:46,448 [585524aa-0c42-40b1-8d18-f2722508c145@group-158753A7AC69-FollowerState] INFO  server.RaftServerConfigKeys (ConfUtils.java:logGet(46)) - raft.server.leaderelection.pre-vote = true (default)
2023-12-01 12:07:46,448 [585524aa-0c42-40b1-8d18-f2722508c145@group-158753A7AC69-FollowerState] INFO  impl.RoleInfo (RoleInfo.java:updateAndGet(139)) - 585524aa-0c42-40b1-8d18-f2722508c145: start 585524aa-0c42-40b1-8d18-f2722508c145@group-158753A7AC69-LeaderElection28
2023-12-01 12:07:46,452 [585524aa-0c42-40b1-8d18-f2722508c145@group-158753A7AC69-LeaderElection28] INFO  impl.LeaderElection (LeaderElection.java:askForVotes(323)) - 585524aa-0c42-40b1-8d18-f2722508c145@group-158753A7AC69-LeaderElection28 PRE_VOTE round 0: submit vote requests at term 0 for -1: peers:[585524aa-0c42-40b1-8d18-f2722508c145|10.1.0.24:15138, e22ca2c5-a776-4b7c-8aca-6a18d36008b3|10.1.0.24:15156, 0d726c29-49a1-421e-8ac7-200c2e9b483b|10.1.0.24:15147]|listeners:[], old=null
2023-12-01 12:07:46,455 [e22ca2c5-a776-4b7c-8aca-6a18d36008b3@group-84D970D8DD2E-SegmentedRaftLogWorker] INFO  segmented.SegmentedRaftLogWorker (SegmentedRaftLogWorker.java:execute(632)) - e22ca2c5-a776-4b7c-8aca-6a18d36008b3@group-84D970D8DD2E-SegmentedRaftLogWorker: created new log segment /home/runner/work/ozone/ozone/hadoop-ozone/integration-test/target/test-dir/MiniOzoneClusterImpl-b249f779-13f2-4d94-9d49-8f38c7514c74/datanode-5/data/ratis/0e28a80f-65de-422d-85e8-84d970d8dd2e/current/log_inprogress_0
2023-12-01 12:07:46,459 [0d726c29-49a1-421e-8ac7-200c2e9b483b@group-84D970D8DD2E-SegmentedRaftLogWorker] INFO  segmented.SegmentedRaftLogWorker (SegmentedRaftLogWorker.java:execute(632)) - 0d726c29-49a1-421e-8ac7-200c2e9b483b@group-84D970D8DD2E-SegmentedRaftLogWorker: created new log segment /home/runner/work/ozone/ozone/hadoop-ozone/integration-test/target/test-dir/MiniOzoneClusterImpl-b249f779-13f2-4d94-9d49-8f38c7514c74/datanode-4/data/ratis/0e28a80f-65de-422d-85e8-84d970d8dd2e/current/log_inprogress_0
2023-12-01 12:07:46,459 [585524aa-0c42-40b1-8d18-f2722508c145@group-158753A7AC69-LeaderElection28] INFO  server.RaftServerConfigKeys (ConfUtils.java:logFallback(53)) - raft.server.rpc.first-election.timeout.min = 5s (fallback to raft.server.rpc.timeout.min)
2023-12-01 12:07:46,459 [585524aa-0c42-40b1-8d18-f2722508c145@group-158753A7AC69-LeaderElection28] INFO  server.RaftServerConfigKeys (ConfUtils.java:logFallback(53)) - raft.server.rpc.first-election.timeout.max = 5200ms (fallback to raft.server.rpc.timeout.max)
2023-12-01 12:07:46,461 [grpc-default-executor-2] INFO  server.RaftServer$Division (RaftServerImpl.java:requestVote(1377)) - e22ca2c5-a776-4b7c-8aca-6a18d36008b3@group-158753A7AC69: receive requestVote(PRE_VOTE, 585524aa-0c42-40b1-8d18-f2722508c145, group-158753A7AC69, 0, (t:0, i:0))
2023-12-01 12:07:46,461 [grpc-default-executor-2] INFO  impl.VoteContext (VoteContext.java:log(49)) - e22ca2c5-a776-4b7c-8aca-6a18d36008b3@group-158753A7AC69-CANDIDATE: reject PRE_VOTE from 585524aa-0c42-40b1-8d18-f2722508c145: our priority 1 > candidate's priority 0
2023-12-01 12:07:46,461 [grpc-default-executor-2] INFO  server.RaftServer$Division (RaftServerImpl.java:requestVote(1410)) - e22ca2c5-a776-4b7c-8aca-6a18d36008b3@group-158753A7AC69 replies to PRE_VOTE vote request: 585524aa-0c42-40b1-8d18-f2722508c145<-e22ca2c5-a776-4b7c-8aca-6a18d36008b3#0:FAIL-t0. Peer's state: e22ca2c5-a776-4b7c-8aca-6a18d36008b3@group-158753A7AC69:t0, leader=null, voted=, raftlog=Memoized:e22ca2c5-a776-4b7c-8aca-6a18d36008b3@group-158753A7AC69-SegmentedRaftLog:OPENED:c-1, conf=-1: peers:[585524aa-0c42-40b1-8d18-f2722508c145|10.1.0.24:15138, e22ca2c5-a776-4b7c-8aca-6a18d36008b3|10.1.0.24:15156, 0d726c29-49a1-421e-8ac7-200c2e9b483b|10.1.0.24:15147]|listeners:[], old=null
2023-12-01 12:07:46,462 [585524aa-0c42-40b1-8d18-f2722508c145@group-84D970D8DD2E-StateMachineUpdater] INFO  server.RaftServer$Division (LeaderStateImpl.java:isApplied(316)) - leader is ready since appliedIndex == 0 >= startIndex == 0
2023-12-01 12:07:46,461 [grpc-default-executor-3] INFO  server.RaftServer$Division (RaftServerImpl.java:requestVote(1377)) - 0d726c29-49a1-421e-8ac7-200c2e9b483b@group-158753A7AC69: receive requestVote(PRE_VOTE, 585524aa-0c42-40b1-8d18-f2722508c145, group-158753A7AC69, 0, (t:0, i:0))
2023-12-01 12:07:46,462 [grpc-default-executor-3] INFO  impl.VoteContext (VoteContext.java:log(49)) - 0d726c29-49a1-421e-8ac7-200c2e9b483b@group-158753A7AC69-FOLLOWER: accept PRE_VOTE from 585524aa-0c42-40b1-8d18-f2722508c145: our priority 0 <= candidate's priority 0
2023-12-01 12:07:46,465 [grpc-default-executor-3] INFO  server.RaftServer$Division (RaftServerImpl.java:requestVote(1410)) - 0d726c29-49a1-421e-8ac7-200c2e9b483b@group-158753A7AC69 replies to PRE_VOTE vote request: 585524aa-0c42-40b1-8d18-f2722508c145<-0d726c29-49a1-421e-8ac7-200c2e9b483b#0:OK-t0. Peer's state: 0d726c29-49a1-421e-8ac7-200c2e9b483b@group-158753A7AC69:t0, leader=null, voted=, raftlog=Memoized:0d726c29-49a1-421e-8ac7-200c2e9b483b@group-158753A7AC69-SegmentedRaftLog:OPENED:c-1, conf=-1: peers:[585524aa-0c42-40b1-8d18-f2722508c145|10.1.0.24:15138, e22ca2c5-a776-4b7c-8aca-6a18d36008b3|10.1.0.24:15156, 0d726c29-49a1-421e-8ac7-200c2e9b483b|10.1.0.24:15147]|listeners:[], old=null
2023-12-01 12:07:46,465 [585524aa-0c42-40b1-8d18-f2722508c145@group-158753A7AC69-LeaderElection28] INFO  impl.LeaderElection (LeaderElection.java:logAndReturn(89)) - 585524aa-0c42-40b1-8d18-f2722508c145@group-158753A7AC69-LeaderElection28: PRE_VOTE REJECTED received 1 response(s) and 0 exception(s):
2023-12-01 12:07:46,465 [585524aa-0c42-40b1-8d18-f2722508c145@group-158753A7AC69-LeaderElection28] INFO  impl.LeaderElection (LeaderElection.java:logAndReturn(93)) -   Response 0: 585524aa-0c42-40b1-8d18-f2722508c145<-e22ca2c5-a776-4b7c-8aca-6a18d36008b3#0:FAIL-t0
2023-12-01 12:07:46,465 [585524aa-0c42-40b1-8d18-f2722508c145@group-158753A7AC69-LeaderElection28] INFO  impl.LeaderElection (LeaderElection.java:askForVotes(325)) - 585524aa-0c42-40b1-8d18-f2722508c145@group-158753A7AC69-LeaderElection28 PRE_VOTE round 0: result REJECTED
2023-12-01 12:07:46,465 [585524aa-0c42-40b1-8d18-f2722508c145@group-158753A7AC69-LeaderElection28] INFO  server.RaftServer$Division (RaftServerImpl.java:setRole(379)) - 585524aa-0c42-40b1-8d18-f2722508c145@group-158753A7AC69: changes role from CANDIDATE to FOLLOWER at term 0 for REJECTED
2023-12-01 12:07:46,465 [585524aa-0c42-40b1-8d18-f2722508c145@group-158753A7AC69-LeaderElection28] INFO  impl.RoleInfo (RoleInfo.java:shutdownLeaderElection(130)) - 585524aa-0c42-40b1-8d18-f2722508c145: shutdown 585524aa-0c42-40b1-8d18-f2722508c145@group-158753A7AC69-LeaderElection28
2023-12-01 12:07:46,465 [585524aa-0c42-40b1-8d18-f2722508c145@group-158753A7AC69-LeaderElection28] INFO  impl.RoleInfo (RoleInfo.java:updateAndGet(139)) - 585524aa-0c42-40b1-8d18-f2722508c145: start 585524aa-0c42-40b1-8d18-f2722508c145@group-158753A7AC69-FollowerState
2023-12-01 12:07:46,465 [585524aa-0c42-40b1-8d18-f2722508c145@group-158753A7AC69-LeaderElection28] INFO  server.RaftServer$Division (RaftServerImpl.java:setFirstElection(564)) - 585524aa-0c42-40b1-8d18-f2722508c145@group-158753A7AC69: set firstElectionSinceStartup to false for REJECTED
2023-12-01 12:07:46,466 [grpc-default-executor-3] INFO  server.RaftServer$Division (RaftServerImpl.java:requestVote(1377)) - 0d726c29-49a1-421e-8ac7-200c2e9b483b@group-158753A7AC69: receive requestVote(PRE_VOTE, e22ca2c5-a776-4b7c-8aca-6a18d36008b3, group-158753A7AC69, 0, (t:0, i:0))
2023-12-01 12:07:46,466 [grpc-default-executor-3] INFO  impl.VoteContext (VoteContext.java:log(49)) - 0d726c29-49a1-421e-8ac7-200c2e9b483b@group-158753A7AC69-FOLLOWER: accept PRE_VOTE from e22ca2c5-a776-4b7c-8aca-6a18d36008b3: our priority 0 <= candidate's priority 1
2023-12-01 12:07:46,466 [grpc-default-executor-3] INFO  server.RaftServer$Division (RaftServerImpl.java:requestVote(1410)) - 0d726c29-49a1-421e-8ac7-200c2e9b483b@group-158753A7AC69 replies to PRE_VOTE vote request: e22ca2c5-a776-4b7c-8aca-6a18d36008b3<-0d726c29-49a1-421e-8ac7-200c2e9b483b#0:OK-t0. Peer's state: 0d726c29-49a1-421e-8ac7-200c2e9b483b@group-158753A7AC69:t0, leader=null, voted=, raftlog=Memoized:0d726c29-49a1-421e-8ac7-200c2e9b483b@group-158753A7AC69-SegmentedRaftLog:OPENED:c-1, conf=-1: peers:[585524aa-0c42-40b1-8d18-f2722508c145|10.1.0.24:15138, e22ca2c5-a776-4b7c-8aca-6a18d36008b3|10.1.0.24:15156, 0d726c29-49a1-421e-8ac7-200c2e9b483b|10.1.0.24:15147]|listeners:[], old=null
2023-12-01 12:07:46,466 [e22ca2c5-a776-4b7c-8aca-6a18d36008b3@group-158753A7AC69-LeaderElection27] INFO  impl.LeaderElection (LeaderElection.java:logAndReturn(89)) - e22ca2c5-a776-4b7c-8aca-6a18d36008b3@group-158753A7AC69-LeaderElection27: PRE_VOTE PASSED received 1 response(s) and 0 exception(s):
2023-12-01 12:07:46,466 [e22ca2c5-a776-4b7c-8aca-6a18d36008b3@group-158753A7AC69-LeaderElection27] INFO  impl.LeaderElection (LeaderElection.java:logAndReturn(93)) -   Response 0: e22ca2c5-a776-4b7c-8aca-6a18d36008b3<-0d726c29-49a1-421e-8ac7-200c2e9b483b#0:OK-t0
2023-12-01 12:07:46,466 [e22ca2c5-a776-4b7c-8aca-6a18d36008b3@group-158753A7AC69-LeaderElection27] INFO  impl.LeaderElection (LeaderElection.java:askForVotes(325)) - e22ca2c5-a776-4b7c-8aca-6a18d36008b3@group-158753A7AC69-LeaderElection27 PRE_VOTE round 0: result PASSED
2023-12-01 12:07:46,467 [grpc-default-executor-0] INFO  server.RaftServer$Division (RaftServerImpl.java:requestVote(1377)) - 585524aa-0c42-40b1-8d18-f2722508c145@group-158753A7AC69: receive requestVote(PRE_VOTE, e22ca2c5-a776-4b7c-8aca-6a18d36008b3, group-158753A7AC69, 0, (t:0, i:0))
2023-12-01 12:07:46,467 [grpc-default-executor-0] INFO  impl.VoteContext (VoteContext.java:log(49)) - 585524aa-0c42-40b1-8d18-f2722508c145@group-158753A7AC69-FOLLOWER: accept PRE_VOTE from e22ca2c5-a776-4b7c-8aca-6a18d36008b3: our priority 0 <= candidate's priority 1
2023-12-01 12:07:46,467 [grpc-default-executor-0] INFO  server.RaftServer$Division (RaftServerImpl.java:requestVote(1410)) - 585524aa-0c42-40b1-8d18-f2722508c145@group-158753A7AC69 replies to PRE_VOTE vote request: e22ca2c5-a776-4b7c-8aca-6a18d36008b3<-585524aa-0c42-40b1-8d18-f2722508c145#0:OK-t0. Peer's state: 585524aa-0c42-40b1-8d18-f2722508c145@group-158753A7AC69:t0, leader=null, voted=, raftlog=Memoized:585524aa-0c42-40b1-8d18-f2722508c145@group-158753A7AC69-SegmentedRaftLog:OPENED:c-1, conf=-1: peers:[585524aa-0c42-40b1-8d18-f2722508c145|10.1.0.24:15138, e22ca2c5-a776-4b7c-8aca-6a18d36008b3|10.1.0.24:15156, 0d726c29-49a1-421e-8ac7-200c2e9b483b|10.1.0.24:15147]|listeners:[], old=null
2023-12-01 12:07:46,469 [e22ca2c5-a776-4b7c-8aca-6a18d36008b3@group-158753A7AC69-LeaderElection27] INFO  impl.LeaderElection (LeaderElection.java:askForVotes(323)) - e22ca2c5-a776-4b7c-8aca-6a18d36008b3@group-158753A7AC69-LeaderElection27 ELECTION round 0: submit vote requests at term 1 for -1: peers:[585524aa-0c42-40b1-8d18-f2722508c145|10.1.0.24:15138, e22ca2c5-a776-4b7c-8aca-6a18d36008b3|10.1.0.24:15156, 0d726c29-49a1-421e-8ac7-200c2e9b483b|10.1.0.24:15147]|listeners:[], old=null
2023-12-01 12:07:46,470 [e22ca2c5-a776-4b7c-8aca-6a18d36008b3@group-158753A7AC69-LeaderElection27] INFO  server.RaftServerConfigKeys (ConfUtils.java:logFallback(53)) - raft.server.rpc.first-election.timeout.min = 5s (fallback to raft.server.rpc.timeout.min)
2023-12-01 12:07:46,470 [e22ca2c5-a776-4b7c-8aca-6a18d36008b3@group-158753A7AC69-LeaderElection27] INFO  server.RaftServerConfigKeys (ConfUtils.java:logFallback(53)) - raft.server.rpc.first-election.timeout.max = 5200ms (fallback to raft.server.rpc.timeout.max)
2023-12-01 12:07:46,471 [grpc-default-executor-0] INFO  server.RaftServer$Division (RaftServerImpl.java:requestVote(1377)) - 0d726c29-49a1-421e-8ac7-200c2e9b483b@group-158753A7AC69: receive requestVote(ELECTION, e22ca2c5-a776-4b7c-8aca-6a18d36008b3, group-158753A7AC69, 1, (t:0, i:0))
2023-12-01 12:07:46,471 [grpc-default-executor-2] INFO  server.RaftServer$Division (RaftServerImpl.java:requestVote(1377)) - 585524aa-0c42-40b1-8d18-f2722508c145@group-158753A7AC69: receive requestVote(ELECTION, e22ca2c5-a776-4b7c-8aca-6a18d36008b3, group-158753A7AC69, 1, (t:0, i:0))
2023-12-01 12:07:46,471 [grpc-default-executor-0] INFO  impl.VoteContext (VoteContext.java:log(49)) - 0d726c29-49a1-421e-8ac7-200c2e9b483b@group-158753A7AC69-FOLLOWER: accept ELECTION from e22ca2c5-a776-4b7c-8aca-6a18d36008b3: our priority 0 <= candidate's priority 1
2023-12-01 12:07:46,471 [grpc-default-executor-2] INFO  impl.VoteContext (VoteContext.java:log(49)) - 585524aa-0c42-40b1-8d18-f2722508c145@group-158753A7AC69-FOLLOWER: accept ELECTION from e22ca2c5-a776-4b7c-8aca-6a18d36008b3: our priority 0 <= candidate's priority 1
2023-12-01 12:07:46,471 [grpc-default-executor-0] INFO  server.RaftServer$Division (RaftServerImpl.java:setRole(379)) - 0d726c29-49a1-421e-8ac7-200c2e9b483b@group-158753A7AC69: changes role from  FOLLOWER to FOLLOWER at term 1 for candidate:e22ca2c5-a776-4b7c-8aca-6a18d36008b3
2023-12-01 12:07:46,472 [grpc-default-executor-0] INFO  impl.RoleInfo (RoleInfo.java:shutdownFollowerState(110)) - 0d726c29-49a1-421e-8ac7-200c2e9b483b: shutdown 0d726c29-49a1-421e-8ac7-200c2e9b483b@group-158753A7AC69-FollowerState
2023-12-01 12:07:46,472 [grpc-default-executor-2] INFO  server.RaftServer$Division (RaftServerImpl.java:setRole(379)) - 585524aa-0c42-40b1-8d18-f2722508c145@group-158753A7AC69: changes role from  FOLLOWER to FOLLOWER at term 1 for candidate:e22ca2c5-a776-4b7c-8aca-6a18d36008b3
2023-12-01 12:07:46,472 [grpc-default-executor-2] INFO  impl.RoleInfo (RoleInfo.java:shutdownFollowerState(110)) - 585524aa-0c42-40b1-8d18-f2722508c145: shutdown 585524aa-0c42-40b1-8d18-f2722508c145@group-158753A7AC69-FollowerState
2023-12-01 12:07:46,472 [grpc-default-executor-0] INFO  impl.RoleInfo (RoleInfo.java:updateAndGet(139)) - 0d726c29-49a1-421e-8ac7-200c2e9b483b: start 0d726c29-49a1-421e-8ac7-200c2e9b483b@group-158753A7AC69-FollowerState
2023-12-01 12:07:46,472 [585524aa-0c42-40b1-8d18-f2722508c145@group-158753A7AC69-FollowerState] INFO  impl.FollowerState (FollowerState.java:run(152)) - 585524aa-0c42-40b1-8d18-f2722508c145@group-158753A7AC69-FollowerState was interrupted
2023-12-01 12:07:46,472 [grpc-default-executor-0] INFO  server.RaftServer$Division (RaftServerImpl.java:setFirstElection(564)) - 0d726c29-49a1-421e-8ac7-200c2e9b483b@group-158753A7AC69: set firstElectionSinceStartup to false for candidate:e22ca2c5-a776-4b7c-8aca-6a18d36008b3
2023-12-01 12:07:46,472 [grpc-default-executor-2] INFO  impl.RoleInfo (RoleInfo.java:updateAndGet(139)) - 585524aa-0c42-40b1-8d18-f2722508c145: start 585524aa-0c42-40b1-8d18-f2722508c145@group-158753A7AC69-FollowerState
2023-12-01 12:07:46,474 [grpc-default-executor-2] INFO  server.RaftServer$Division (RaftServerImpl.java:requestVote(1410)) - 585524aa-0c42-40b1-8d18-f2722508c145@group-158753A7AC69 replies to ELECTION vote request: e22ca2c5-a776-4b7c-8aca-6a18d36008b3<-585524aa-0c42-40b1-8d18-f2722508c145#0:OK-t1. Peer's state: 585524aa-0c42-40b1-8d18-f2722508c145@group-158753A7AC69:t1, leader=null, voted=e22ca2c5-a776-4b7c-8aca-6a18d36008b3, raftlog=Memoized:585524aa-0c42-40b1-8d18-f2722508c145@group-158753A7AC69-SegmentedRaftLog:OPENED:c-1, conf=-1: peers:[585524aa-0c42-40b1-8d18-f2722508c145|10.1.0.24:15138, e22ca2c5-a776-4b7c-8aca-6a18d36008b3|10.1.0.24:15156, 0d726c29-49a1-421e-8ac7-200c2e9b483b|10.1.0.24:15147]|listeners:[], old=null
2023-12-01 12:07:46,474 [grpc-default-executor-0] INFO  server.RaftServer$Division (RaftServerImpl.java:requestVote(1410)) - 0d726c29-49a1-421e-8ac7-200c2e9b483b@group-158753A7AC69 replies to ELECTION vote request: e22ca2c5-a776-4b7c-8aca-6a18d36008b3<-0d726c29-49a1-421e-8ac7-200c2e9b483b#0:OK-t1. Peer's state: 0d726c29-49a1-421e-8ac7-200c2e9b483b@group-158753A7AC69:t1, leader=null, voted=e22ca2c5-a776-4b7c-8aca-6a18d36008b3, raftlog=Memoized:0d726c29-49a1-421e-8ac7-200c2e9b483b@group-158753A7AC69-SegmentedRaftLog:OPENED:c-1, conf=-1: peers:[585524aa-0c42-40b1-8d18-f2722508c145|10.1.0.24:15138, e22ca2c5-a776-4b7c-8aca-6a18d36008b3|10.1.0.24:15156, 0d726c29-49a1-421e-8ac7-200c2e9b483b|10.1.0.24:15147]|listeners:[], old=null
2023-12-01 12:07:46,474 [0d726c29-49a1-421e-8ac7-200c2e9b483b@group-158753A7AC69-FollowerState] INFO  impl.FollowerState (FollowerState.java:shouldRun(117)) - 0d726c29-49a1-421e-8ac7-200c2e9b483b@group-158753A7AC69-FollowerState: Stopping now (isRunning? false, role = FOLLOWER)
2023-12-01 12:07:46,478 [e22ca2c5-a776-4b7c-8aca-6a18d36008b3@group-158753A7AC69-LeaderElection27] INFO  impl.LeaderElection (LeaderElection.java:logAndReturn(89)) - e22ca2c5-a776-4b7c-8aca-6a18d36008b3@group-158753A7AC69-LeaderElection27: ELECTION PASSED received 1 response(s) and 0 exception(s):
2023-12-01 12:07:46,478 [e22ca2c5-a776-4b7c-8aca-6a18d36008b3@group-158753A7AC69-LeaderElection27] INFO  impl.LeaderElection (LeaderElection.java:logAndReturn(93)) -   Response 0: e22ca2c5-a776-4b7c-8aca-6a18d36008b3<-0d726c29-49a1-421e-8ac7-200c2e9b483b#0:OK-t1
2023-12-01 12:07:46,478 [e22ca2c5-a776-4b7c-8aca-6a18d36008b3@group-158753A7AC69-LeaderElection27] INFO  impl.LeaderElection (LeaderElection.java:askForVotes(325)) - e22ca2c5-a776-4b7c-8aca-6a18d36008b3@group-158753A7AC69-LeaderElection27 ELECTION round 0: result PASSED
2023-12-01 12:07:46,478 [e22ca2c5-a776-4b7c-8aca-6a18d36008b3@group-158753A7AC69-LeaderElection27] INFO  impl.RoleInfo (RoleInfo.java:shutdownLeaderElection(130)) - e22ca2c5-a776-4b7c-8aca-6a18d36008b3: shutdown e22ca2c5-a776-4b7c-8aca-6a18d36008b3@group-158753A7AC69-LeaderElection27
2023-12-01 12:07:46,478 [e22ca2c5-a776-4b7c-8aca-6a18d36008b3@group-158753A7AC69-LeaderElection27] INFO  server.RaftServer$Division (RaftServerImpl.java:setRole(379)) - e22ca2c5-a776-4b7c-8aca-6a18d36008b3@group-158753A7AC69: changes role from CANDIDATE to LEADER at term 1 for changeToLeader
2023-12-01 12:07:46,478 [e22ca2c5-a776-4b7c-8aca-6a18d36008b3@group-158753A7AC69-LeaderElection27] INFO  server.RaftServerConfigKeys (ConfUtils.java:logGet(46)) - raft.server.staging.catchup.gap = 1000 (default)
2023-12-01 12:07:46,478 [e22ca2c5-a776-4b7c-8aca-6a18d36008b3@group-158753A7AC69-LeaderElection27] INFO  server.RaftServerConfigKeys (ConfUtils.java:logGet(46)) - raft.server.write.element-limit = 1024 (custom)
2023-12-01 12:07:46,478 [e22ca2c5-a776-4b7c-8aca-6a18d36008b3@group-158753A7AC69-LeaderElection27] INFO  server.RaftServerConfigKeys (ConfUtils.java:logGet(46)) - raft.server.write.byte-limit = 1024 M (=1073741824) (custom)
2023-12-01 12:07:46,478 [e22ca2c5-a776-4b7c-8aca-6a18d36008b3@group-158753A7AC69-LeaderElection27] INFO  server.RaftServerConfigKeys (ConfUtils.java:logGet(46)) - raft.server.watch.timeout = 180s (custom)
2023-12-01 12:07:46,479 [e22ca2c5-a776-4b7c-8aca-6a18d36008b3@group-158753A7AC69-LeaderElection27] INFO  server.RaftServerConfigKeys (ConfUtils.java:logGet(46)) - raft.server.watch.timeout.denomination = 1s (default)
2023-12-01 12:07:46,479 [e22ca2c5-a776-4b7c-8aca-6a18d36008b3@group-158753A7AC69-LeaderElection27] INFO  server.RaftServerConfigKeys (ConfUtils.java:logGet(46)) - raft.server.watch.element-limit = 65536 (default)
2023-12-01 12:07:46,479 [e22ca2c5-a776-4b7c-8aca-6a18d36008b3@group-158753A7AC69-LeaderElection27] INFO  server.RaftServerConfigKeys (ConfUtils.java:logGet(46)) - raft.server.read.leader.lease.enabled = false (default)
2023-12-01 12:07:46,479 [e22ca2c5-a776-4b7c-8aca-6a18d36008b3@group-158753A7AC69-LeaderElection27] INFO  server.RaftServerConfigKeys (ConfUtils.java:logGet(46)) - raft.server.read.leader.lease.timeout.ratio = 0.9 (default)
2023-12-01 12:07:46,479 [e22ca2c5-a776-4b7c-8aca-6a18d36008b3@group-158753A7AC69-LeaderElection27] INFO  server.RaftServerConfigKeys (ConfUtils.java:logGet(46)) - raft.server.rpc.timeout.min = 5s (custom)
2023-12-01 12:07:46,479 [e22ca2c5-a776-4b7c-8aca-6a18d36008b3@group-158753A7AC69-LeaderElection27] INFO  server.RaftServerConfigKeys (ConfUtils.java:logGet(46)) - raft.server.write.element-limit = 1024 (custom)
2023-12-01 12:07:46,479 [e22ca2c5-a776-4b7c-8aca-6a18d36008b3@group-158753A7AC69-LeaderElection27] INFO  server.RaftServerConfigKeys (ConfUtils.java:logGet(46)) - raft.server.write.follower.gap.ratio.max = -1.0 (default)
2023-12-01 12:07:46,479 [e22ca2c5-a776-4b7c-8aca-6a18d36008b3@group-158753A7AC69-LeaderElection27] INFO  server.RaftServerConfigKeys (ConfUtils.java:logGet(46)) - raft.server.log.appender.snapshot.chunk.size.max = 16MB (=16777216) (default)
2023-12-01 12:07:46,479 [e22ca2c5-a776-4b7c-8aca-6a18d36008b3@group-158753A7AC69-LeaderElection27] INFO  server.RaftServerConfigKeys (ConfUtils.java:logGet(46)) - raft.server.log.appender.buffer.byte-limit = 33554432 (custom)
2023-12-01 12:07:46,480 [e22ca2c5-a776-4b7c-8aca-6a18d36008b3@group-158753A7AC69-LeaderElection27] INFO  server.RaftServerConfigKeys (ConfUtils.java:logGet(46)) - raft.server.log.appender.buffer.element-limit = 1 (custom)
2023-12-01 12:07:46,480 [e22ca2c5-a776-4b7c-8aca-6a18d36008b3@group-158753A7AC69-LeaderElection27] INFO  server.RaftServerConfigKeys (ConfUtils.java:logGet(46)) - raft.server.log.appender.wait-time.min = 1ms (default)
2023-12-01 12:07:46,480 [e22ca2c5-a776-4b7c-8aca-6a18d36008b3@group-158753A7AC69-LeaderElection27] INFO  grpc.GrpcConfigKeys (ConfUtils.java:logGet(46)) - raft.grpc.server.leader.outstanding.appends.max = 8 (default)
2023-12-01 12:07:46,480 [e22ca2c5-a776-4b7c-8aca-6a18d36008b3@group-158753A7AC69-LeaderElection27] INFO  server.RaftServerConfigKeys (ConfUtils.java:logGet(46)) - raft.server.rpc.request.timeout = 60s (custom)
2023-12-01 12:07:46,480 [e22ca2c5-a776-4b7c-8aca-6a18d36008b3@group-158753A7AC69-LeaderElection27] INFO  grpc.GrpcConfigKeys (ConfUtils.java:logGet(46)) - raft.grpc.server.install_snapshot.request.element-limit = 8 (default)
2023-12-01 12:07:46,480 [e22ca2c5-a776-4b7c-8aca-6a18d36008b3@group-158753A7AC69-LeaderElection27] INFO  grpc.GrpcConfigKeys (ConfUtils.java:logGet(46)) - raft.grpc.server.install_snapshot.request.timeout = 3000ms (default)
2023-12-01 12:07:46,480 [e22ca2c5-a776-4b7c-8aca-6a18d36008b3@group-158753A7AC69-LeaderElection27] INFO  server.RaftServerConfigKeys (ConfUtils.java:logGet(46)) - raft.server.log.appender.install.snapshot.enabled = false (custom)
2023-12-01 12:07:46,480 [e22ca2c5-a776-4b7c-8aca-6a18d36008b3@group-158753A7AC69-LeaderElection27] INFO  grpc.GrpcConfigKeys (ConfUtils.java:logGet(46)) - raft.grpc.server.heartbeat.channel = true (default)
2023-12-01 12:07:46,481 [e22ca2c5-a776-4b7c-8aca-6a18d36008b3@group-158753A7AC69-LeaderElection27] INFO  server.RaftServerConfigKeys (ConfUtils.java:logGet(46)) - raft.server.log.appender.snapshot.chunk.size.max = 16MB (=16777216) (default)
2023-12-01 12:07:46,481 [e22ca2c5-a776-4b7c-8aca-6a18d36008b3@group-158753A7AC69-LeaderElection27] INFO  server.RaftServerConfigKeys (ConfUtils.java:logGet(46)) - raft.server.log.appender.buffer.byte-limit = 33554432 (custom)
2023-12-01 12:07:46,481 [e22ca2c5-a776-4b7c-8aca-6a18d36008b3@group-158753A7AC69-LeaderElection27] INFO  server.RaftServerConfigKeys (ConfUtils.java:logGet(46)) - raft.server.log.appender.buffer.element-limit = 1 (custom)
2023-12-01 12:07:46,481 [e22ca2c5-a776-4b7c-8aca-6a18d36008b3@group-158753A7AC69-LeaderElection27] INFO  server.RaftServerConfigKeys (ConfUtils.java:logGet(46)) - raft.server.log.appender.wait-time.min = 1ms (default)
2023-12-01 12:07:46,481 [e22ca2c5-a776-4b7c-8aca-6a18d36008b3@group-158753A7AC69-LeaderElection27] INFO  grpc.GrpcConfigKeys (ConfUtils.java:logGet(46)) - raft.grpc.server.leader.outstanding.appends.max = 8 (default)
2023-12-01 12:07:46,481 [e22ca2c5-a776-4b7c-8aca-6a18d36008b3@group-158753A7AC69-LeaderElection27] INFO  server.RaftServerConfigKeys (ConfUtils.java:logGet(46)) - raft.server.rpc.request.timeout = 60s (custom)
2023-12-01 12:07:46,481 [e22ca2c5-a776-4b7c-8aca-6a18d36008b3@group-158753A7AC69-LeaderElection27] INFO  grpc.GrpcConfigKeys (ConfUtils.java:logGet(46)) - raft.grpc.server.install_snapshot.request.element-limit = 8 (default)
2023-12-01 12:07:46,481 [e22ca2c5-a776-4b7c-8aca-6a18d36008b3@group-158753A7AC69-LeaderElection27] INFO  grpc.GrpcConfigKeys (ConfUtils.java:logGet(46)) - raft.grpc.server.install_snapshot.request.timeout = 3000ms (default)
2023-12-01 12:07:46,481 [e22ca2c5-a776-4b7c-8aca-6a18d36008b3@group-158753A7AC69-LeaderElection27] INFO  server.RaftServerConfigKeys (ConfUtils.java:logGet(46)) - raft.server.log.appender.install.snapshot.enabled = false (custom)
2023-12-01 12:07:46,481 [e22ca2c5-a776-4b7c-8aca-6a18d36008b3@group-158753A7AC69-LeaderElection27] INFO  grpc.GrpcConfigKeys (ConfUtils.java:logGet(46)) - raft.grpc.server.heartbeat.channel = true (default)
2023-12-01 12:07:46,483 [e22ca2c5-a776-4b7c-8aca-6a18d36008b3@group-158753A7AC69-LeaderElection27] INFO  impl.RoleInfo (RoleInfo.java:updateAndGet(139)) - e22ca2c5-a776-4b7c-8aca-6a18d36008b3: start e22ca2c5-a776-4b7c-8aca-6a18d36008b3@group-158753A7AC69-LeaderStateImpl
2023-12-01 12:07:46,483 [e22ca2c5-a776-4b7c-8aca-6a18d36008b3@group-158753A7AC69-LeaderElection27] INFO  server.RaftServer$Division (RaftServerImpl.java:setFirstElection(564)) - e22ca2c5-a776-4b7c-8aca-6a18d36008b3@group-158753A7AC69: set firstElectionSinceStartup to false for becomeLeader
2023-12-01 12:07:46,483 [e22ca2c5-a776-4b7c-8aca-6a18d36008b3@group-158753A7AC69-LeaderElection27] INFO  ratis.XceiverServerRatis (XceiverServerRatis.java:handleLeaderChangedNotification(912)) - Leader change notification received for group: group-158753A7AC69 with new leaderId: e22ca2c5-a776-4b7c-8aca-6a18d36008b3
2023-12-01 12:07:46,483 [e22ca2c5-a776-4b7c-8aca-6a18d36008b3@group-158753A7AC69-LeaderElection27] INFO  server.RaftServer$Division (ServerState.java:setLeader(265)) - e22ca2c5-a776-4b7c-8aca-6a18d36008b3@group-158753A7AC69: change Leader from null to e22ca2c5-a776-4b7c-8aca-6a18d36008b3 at term 1 for becomeLeader, leader elected after 5165ms
2023-12-01 12:07:46,483 [e22ca2c5-a776-4b7c-8aca-6a18d36008b3@group-158753A7AC69-LeaderElection27] INFO  segmented.SegmentedRaftLogWorker (SegmentedRaftLogWorker.java:startLogSegment(428)) - e22ca2c5-a776-4b7c-8aca-6a18d36008b3@group-158753A7AC69-SegmentedRaftLogWorker: Starting segment from index:0
2023-12-01 12:07:46,487 [EventQueue-PipelineReportForPipelineReportHandler] INFO  pipeline.PipelineReportHandler (PipelineReportHandler.java:processPipelineReport(136)) - Opened pipeline PipelineID=1568433a-9efd-469f-9dab-158753a7ac69
2023-12-01 12:07:46,488 [e22ca2c5-a776-4b7c-8aca-6a18d36008b3@group-158753A7AC69-LeaderElection27] INFO  server.RaftServer$Division (ServerState.java:setRaftConf(382)) - e22ca2c5-a776-4b7c-8aca-6a18d36008b3@group-158753A7AC69: set configuration 0: peers:[585524aa-0c42-40b1-8d18-f2722508c145|10.1.0.24:15138, e22ca2c5-a776-4b7c-8aca-6a18d36008b3|10.1.0.24:15156, 0d726c29-49a1-421e-8ac7-200c2e9b483b|10.1.0.24:15147]|listeners:[], old=null
2023-12-01 12:07:46,491 [0d726c29-49a1-421e-8ac7-200c2e9b483b-server-thread1] INFO  ratis.XceiverServerRatis (XceiverServerRatis.java:handleLeaderChangedNotification(912)) - Leader change notification received for group: group-158753A7AC69 with new leaderId: e22ca2c5-a776-4b7c-8aca-6a18d36008b3
2023-12-01 12:07:46,492 [0d726c29-49a1-421e-8ac7-200c2e9b483b-server-thread1] INFO  server.RaftServer$Division (ServerState.java:setLeader(265)) - 0d726c29-49a1-421e-8ac7-200c2e9b483b@group-158753A7AC69: change Leader from null to e22ca2c5-a776-4b7c-8aca-6a18d36008b3 at term 1 for appendEntries, leader elected after 5148ms
2023-12-01 12:07:46,492 [585524aa-0c42-40b1-8d18-f2722508c145-server-thread1] INFO  ratis.XceiverServerRatis (XceiverServerRatis.java:handleLeaderChangedNotification(912)) - Leader change notification received for group: group-158753A7AC69 with new leaderId: e22ca2c5-a776-4b7c-8aca-6a18d36008b3
2023-12-01 12:07:46,492 [585524aa-0c42-40b1-8d18-f2722508c145-server-thread1] INFO  server.RaftServer$Division (ServerState.java:setLeader(265)) - 585524aa-0c42-40b1-8d18-f2722508c145@group-158753A7AC69: change Leader from null to e22ca2c5-a776-4b7c-8aca-6a18d36008b3 at term 1 for appendEntries, leader elected after 5193ms
2023-12-01 12:07:46,493 [e22ca2c5-a776-4b7c-8aca-6a18d36008b3@group-158753A7AC69-SegmentedRaftLogWorker] INFO  segmented.SegmentedRaftLogWorker (SegmentedRaftLogWorker.java:execute(632)) - e22ca2c5-a776-4b7c-8aca-6a18d36008b3@group-158753A7AC69-SegmentedRaftLogWorker: created new log segment /home/runner/work/ozone/ozone/hadoop-ozone/integration-test/target/test-dir/MiniOzoneClusterImpl-b249f779-13f2-4d94-9d49-8f38c7514c74/datanode-5/data/ratis/1568433a-9efd-469f-9dab-158753a7ac69/current/log_inprogress_0
2023-12-01 12:07:46,496 [585524aa-0c42-40b1-8d18-f2722508c145-server-thread2] INFO  server.RaftServer$Division (ServerState.java:setRaftConf(382)) - 585524aa-0c42-40b1-8d18-f2722508c145@group-158753A7AC69: set configuration 0: peers:[585524aa-0c42-40b1-8d18-f2722508c145|10.1.0.24:15138, e22ca2c5-a776-4b7c-8aca-6a18d36008b3|10.1.0.24:15156, 0d726c29-49a1-421e-8ac7-200c2e9b483b|10.1.0.24:15147]|listeners:[], old=null
2023-12-01 12:07:46,496 [0d726c29-49a1-421e-8ac7-200c2e9b483b-server-thread2] INFO  server.RaftServer$Division (ServerState.java:setRaftConf(382)) - 0d726c29-49a1-421e-8ac7-200c2e9b483b@group-158753A7AC69: set configuration 0: peers:[585524aa-0c42-40b1-8d18-f2722508c145|10.1.0.24:15138, e22ca2c5-a776-4b7c-8aca-6a18d36008b3|10.1.0.24:15156, 0d726c29-49a1-421e-8ac7-200c2e9b483b|10.1.0.24:15147]|listeners:[], old=null
2023-12-01 12:07:46,496 [585524aa-0c42-40b1-8d18-f2722508c145-server-thread2] INFO  segmented.SegmentedRaftLogWorker (SegmentedRaftLogWorker.java:startLogSegment(428)) - 585524aa-0c42-40b1-8d18-f2722508c145@group-158753A7AC69-SegmentedRaftLogWorker: Starting segment from index:0
2023-12-01 12:07:46,496 [0d726c29-49a1-421e-8ac7-200c2e9b483b-server-thread2] INFO  segmented.SegmentedRaftLogWorker (SegmentedRaftLogWorker.java:startLogSegment(428)) - 0d726c29-49a1-421e-8ac7-200c2e9b483b@group-158753A7AC69-SegmentedRaftLogWorker: Starting segment from index:0
2023-12-01 12:07:46,506 [0d726c29-49a1-421e-8ac7-200c2e9b483b@group-158753A7AC69-SegmentedRaftLogWorker] INFO  segmented.SegmentedRaftLogWorker (SegmentedRaftLogWorker.java:execute(632)) - 0d726c29-49a1-421e-8ac7-200c2e9b483b@group-158753A7AC69-SegmentedRaftLogWorker: created new log segment /home/runner/work/ozone/ozone/hadoop-ozone/integration-test/target/test-dir/MiniOzoneClusterImpl-b249f779-13f2-4d94-9d49-8f38c7514c74/datanode-4/data/ratis/1568433a-9efd-469f-9dab-158753a7ac69/current/log_inprogress_0
2023-12-01 12:07:46,506 [585524aa-0c42-40b1-8d18-f2722508c145@group-158753A7AC69-SegmentedRaftLogWorker] INFO  segmented.SegmentedRaftLogWorker (SegmentedRaftLogWorker.java:execute(632)) - 585524aa-0c42-40b1-8d18-f2722508c145@group-158753A7AC69-SegmentedRaftLogWorker: created new log segment /home/runner/work/ozone/ozone/hadoop-ozone/integration-test/target/test-dir/MiniOzoneClusterImpl-b249f779-13f2-4d94-9d49-8f38c7514c74/datanode-3/data/ratis/1568433a-9efd-469f-9dab-158753a7ac69/current/log_inprogress_0
2023-12-01 12:07:46,508 [e22ca2c5-a776-4b7c-8aca-6a18d36008b3@group-158753A7AC69-StateMachineUpdater] INFO  server.RaftServer$Division (LeaderStateImpl.java:isApplied(316)) - leader is ready since appliedIndex == 0 >= startIndex == 0
2023-12-01 12:07:46,532 [main] INFO  ozone.MiniOzoneClusterImpl (MiniOzoneClusterImpl.java:lambda$waitForClusterToBeReady$0(229)) - Nodes are ready. Got 6 of 6 DN Heartbeats.
2023-12-01 12:07:46,532 [main] INFO  ozone.MiniOzoneClusterImpl (MiniOzoneClusterImpl.java:lambda$waitForClusterToBeReady$0(232)) - Cluster exits safe mode
2023-12-01 12:07:46,532 [main] INFO  ozone.MiniOzoneClusterImpl (MiniOzoneClusterImpl.java:lambda$waitForClusterToBeReady$0(234)) - SCM became leader
2023-12-01 12:07:46,533 [main] INFO  pipeline.PipelineManagerImpl (PipelineManagerImpl.java:closePipeline(518)) - Pipeline PipelineID=93296416-f019-4b8c-8f09-5cca57cb9ec4 moved to CLOSED state
2023-12-01 12:07:46,534 [main] INFO  pipeline.PipelineManagerImpl (PipelineManagerImpl.java:closePipeline(518)) - Pipeline PipelineID=a2c82dce-1b36-47d5-87c7-880852f89c4e moved to CLOSED state
2023-12-01 12:07:46,535 [main] INFO  pipeline.PipelineManagerImpl (PipelineManagerImpl.java:closePipeline(518)) - Pipeline PipelineID=0e28a80f-65de-422d-85e8-84d970d8dd2e moved to CLOSED state
2023-12-01 12:07:46,535 [main] INFO  pipeline.PipelineManagerImpl (PipelineManagerImpl.java:closePipeline(518)) - Pipeline PipelineID=1568433a-9efd-469f-9dab-158753a7ac69 moved to CLOSED state
2023-12-01 12:07:47,033 [RatisPipelineUtilsThread-0] INFO  pipeline.RatisPipelineProvider (RatisPipelineProvider.java:lambda$create$0(206)) - Sending CreatePipelineCommand for pipeline:PipelineID=ccffce69-d00a-452b-8d46-a1df1286ba7e to datanode:76b9be1d-1bf0-4a28-acca-c5c2681cc872
2023-12-01 12:07:47,033 [RatisPipelineUtilsThread-0] INFO  pipeline.RatisPipelineProvider (RatisPipelineProvider.java:lambda$create$0(206)) - Sending CreatePipelineCommand for pipeline:PipelineID=ccffce69-d00a-452b-8d46-a1df1286ba7e to datanode:af140fa9-d57b-4d38-ac23-ee5728971003
2023-12-01 12:07:47,033 [RatisPipelineUtilsThread-0] INFO  pipeline.RatisPipelineProvider (RatisPipelineProvider.java:lambda$create$0(206)) - Sending CreatePipelineCommand for pipeline:PipelineID=ccffce69-d00a-452b-8d46-a1df1286ba7e to datanode:0d726c29-49a1-421e-8ac7-200c2e9b483b
2023-12-01 12:07:47,034 [RatisPipelineUtilsThread-0] INFO  pipeline.BackgroundPipelineCreator (BackgroundPipelineCreator.java:createPipelines(236)) - Created new pipeline Pipeline[ Id: ccffce69-d00a-452b-8d46-a1df1286ba7e, Nodes: 76b9be1d-1bf0-4a28-acca-c5c2681cc872(fv-az1423-675.ei5rwdf52qxuxllzxeqjam05jd.ex.internal.cloudapp.net/10.1.0.24)af140fa9-d57b-4d38-ac23-ee5728971003(fv-az1423-675.ei5rwdf52qxuxllzxeqjam05jd.ex.internal.cloudapp.net/10.1.0.24)0d726c29-49a1-421e-8ac7-200c2e9b483b(fv-az1423-675.ei5rwdf52qxuxllzxeqjam05jd.ex.internal.cloudapp.net/10.1.0.24), ReplicationConfig: RATIS/THREE, State:ALLOCATED, leaderId:, CreationTimestamp2023-12-01T12:07:47.033Z[Etc/UTC]]
2023-12-01 12:07:47,034 [RatisPipelineUtilsThread-0] INFO  pipeline.RatisPipelineProvider (RatisPipelineProvider.java:lambda$create$0(206)) - Sending CreatePipelineCommand for pipeline:PipelineID=8509e87f-0539-4b00-8738-8d541d207794 to datanode:36feb706-8d2b-450d-bbd6-33af8c2d1a3d
2023-12-01 12:07:47,034 [RatisPipelineUtilsThread-0] INFO  pipeline.RatisPipelineProvider (RatisPipelineProvider.java:lambda$create$0(206)) - Sending CreatePipelineCommand for pipeline:PipelineID=8509e87f-0539-4b00-8738-8d541d207794 to datanode:585524aa-0c42-40b1-8d18-f2722508c145
2023-12-01 12:07:47,034 [RatisPipelineUtilsThread-0] INFO  pipeline.RatisPipelineProvider (RatisPipelineProvider.java:lambda$create$0(206)) - Sending CreatePipelineCommand for pipeline:PipelineID=8509e87f-0539-4b00-8738-8d541d207794 to datanode:76b9be1d-1bf0-4a28-acca-c5c2681cc872
2023-12-01 12:07:47,035 [RatisPipelineUtilsThread-0] INFO  pipeline.BackgroundPipelineCreator (BackgroundPipelineCreator.java:createPipelines(236)) - Created new pipeline Pipeline[ Id: 8509e87f-0539-4b00-8738-8d541d207794, Nodes: 36feb706-8d2b-450d-bbd6-33af8c2d1a3d(fv-az1423-675.ei5rwdf52qxuxllzxeqjam05jd.ex.internal.cloudapp.net/10.1.0.24)585524aa-0c42-40b1-8d18-f2722508c145(fv-az1423-675.ei5rwdf52qxuxllzxeqjam05jd.ex.internal.cloudapp.net/10.1.0.24)76b9be1d-1bf0-4a28-acca-c5c2681cc872(fv-az1423-675.ei5rwdf52qxuxllzxeqjam05jd.ex.internal.cloudapp.net/10.1.0.24), ReplicationConfig: RATIS/THREE, State:ALLOCATED, leaderId:, CreationTimestamp2023-12-01T12:07:47.034Z[Etc/UTC]]
2023-12-01 12:07:47,035 [RatisPipelineUtilsThread-0] INFO  pipeline.RatisPipelineProvider (RatisPipelineProvider.java:lambda$create$0(206)) - Sending CreatePipelineCommand for pipeline:PipelineID=1cae7672-3d5a-4ee4-97b4-55a70dd5f5d9 to datanode:0d726c29-49a1-421e-8ac7-200c2e9b483b
2023-12-01 12:07:47,035 [RatisPipelineUtilsThread-0] INFO  pipeline.RatisPipelineProvider (RatisPipelineProvider.java:lambda$create$0(206)) - Sending CreatePipelineCommand for pipeline:PipelineID=1cae7672-3d5a-4ee4-97b4-55a70dd5f5d9 to datanode:36feb706-8d2b-450d-bbd6-33af8c2d1a3d
2023-12-01 12:07:47,035 [RatisPipelineUtilsThread-0] INFO  pipeline.RatisPipelineProvider (RatisPipelineProvider.java:lambda$create$0(206)) - Sending CreatePipelineCommand for pipeline:PipelineID=1cae7672-3d5a-4ee4-97b4-55a70dd5f5d9 to datanode:af140fa9-d57b-4d38-ac23-ee5728971003
2023-12-01 12:07:47,036 [RatisPipelineUtilsThread-0] INFO  pipeline.BackgroundPipelineCreator (BackgroundPipelineCreator.java:createPipelines(236)) - Created new pipeline Pipeline[ Id: 1cae7672-3d5a-4ee4-97b4-55a70dd5f5d9, Nodes: 0d726c29-49a1-421e-8ac7-200c2e9b483b(fv-az1423-675.ei5rwdf52qxuxllzxeqjam05jd.ex.internal.cloudapp.net/10.1.0.24)36feb706-8d2b-450d-bbd6-33af8c2d1a3d(fv-az1423-675.ei5rwdf52qxuxllzxeqjam05jd.ex.internal.cloudapp.net/10.1.0.24)af140fa9-d57b-4d38-ac23-ee5728971003(fv-az1423-675.ei5rwdf52qxuxllzxeqjam05jd.ex.internal.cloudapp.net/10.1.0.24), ReplicationConfig: RATIS/THREE, State:ALLOCATED, leaderId:, CreationTimestamp2023-12-01T12:07:47.035Z[Etc/UTC]]
2023-12-01 12:07:48,060 [af140fa9-d57b-4d38-ac23-ee5728971003-PipelineCommandHandlerThread-0] INFO  server.RaftServer (RaftServerProxy.java:addNew(100)) - af140fa9-d57b-4d38-ac23-ee5728971003: addNew group-A1DF1286BA7E:[76b9be1d-1bf0-4a28-acca-c5c2681cc872|10.1.0.24:15120, 0d726c29-49a1-421e-8ac7-200c2e9b483b|10.1.0.24:15147, af140fa9-d57b-4d38-ac23-ee5728971003|10.1.0.24:15111] returns group-A1DF1286BA7E:java.util.concurrent.CompletableFuture@6e73284[Not completed]
2023-12-01 12:07:48,060 [af140fa9-d57b-4d38-ac23-ee5728971003-groupManagement] INFO  server.RaftServer$Division (RaftServerImpl.java:<init>(256)) - af140fa9-d57b-4d38-ac23-ee5728971003: new RaftServerImpl for group-A1DF1286BA7E:[76b9be1d-1bf0-4a28-acca-c5c2681cc872|10.1.0.24:15120, 0d726c29-49a1-421e-8ac7-200c2e9b483b|10.1.0.24:15147, af140fa9-d57b-4d38-ac23-ee5728971003|10.1.0.24:15111] with ContainerStateMachine:uninitialized
2023-12-01 12:07:48,061 [af140fa9-d57b-4d38-ac23-ee5728971003-groupManagement] INFO  server.RaftServerConfigKeys (ConfUtils.java:logGet(46)) - raft.server.rpc.timeout.min = 5s (custom)
2023-12-01 12:07:48,061 [af140fa9-d57b-4d38-ac23-ee5728971003-groupManagement] INFO  server.RaftServerConfigKeys (ConfUtils.java:logGet(46)) - raft.server.rpc.timeout.max = 5200ms (custom)
2023-12-01 12:07:48,061 [af140fa9-d57b-4d38-ac23-ee5728971003-groupManagement] INFO  server.RaftServerConfigKeys (ConfUtils.java:logGet(46)) - raft.server.rpc.sleep.time = 25ms (default)
2023-12-01 12:07:48,061 [af140fa9-d57b-4d38-ac23-ee5728971003-groupManagement] INFO  server.RaftServerConfigKeys (ConfUtils.java:logGet(46)) - raft.server.rpc.slowness.timeout = 300s (custom)
2023-12-01 12:07:48,061 [af140fa9-d57b-4d38-ac23-ee5728971003-groupManagement] INFO  server.RaftServerConfigKeys (ConfUtils.java:logGet(46)) - raft.server.leaderelection.leader.step-down.wait-time = 10s (default)
2023-12-01 12:07:48,061 [af140fa9-d57b-4d38-ac23-ee5728971003-groupManagement] INFO  server.RaftServerConfigKeys (ConfUtils.java:logGet(46)) - raft.server.leaderelection.member.majority-add = false (default)
2023-12-01 12:07:48,061 [af140fa9-d57b-4d38-ac23-ee5728971003-groupManagement] INFO  server.RaftServerConfigKeys (ConfUtils.java:logGet(46)) - raft.server.sleep.deviation.threshold = 300ms (default)
2023-12-01 12:07:48,061 [af140fa9-d57b-4d38-ac23-ee5728971003-groupManagement] INFO  server.RaftServer$Division (ServerState.java:<init>(113)) - af140fa9-d57b-4d38-ac23-ee5728971003@group-A1DF1286BA7E: ConfigurationManager, init=-1: peers:[76b9be1d-1bf0-4a28-acca-c5c2681cc872|10.1.0.24:15120, 0d726c29-49a1-421e-8ac7-200c2e9b483b|10.1.0.24:15147, af140fa9-d57b-4d38-ac23-ee5728971003|10.1.0.24:15111]|listeners:[], old=null, confs=<EMPTY_MAP>
2023-12-01 12:07:48,061 [af140fa9-d57b-4d38-ac23-ee5728971003-groupManagement] INFO  server.RaftServerConfigKeys (ConfUtils.java:logGet(46)) - raft.server.notification.no-leader.timeout = 300s (custom)
2023-12-01 12:07:48,061 [af140fa9-d57b-4d38-ac23-ee5728971003-groupManagement] INFO  server.RaftServerConfigKeys (ConfUtils.java:logGet(46)) - raft.server.read.timeout = 10s (default)
2023-12-01 12:07:48,061 [af140fa9-d57b-4d38-ac23-ee5728971003-groupManagement] INFO  server.RaftServerConfigKeys (ConfUtils.java:logGet(46)) - raft.server.retrycache.expirytime = 600000ms (custom)
2023-12-01 12:07:48,061 [af140fa9-d57b-4d38-ac23-ee5728971003-groupManagement] INFO  server.RaftServerConfigKeys (ConfUtils.java:logGet(46)) - raft.server.retrycache.statistics.expirytime = 100ms (default)
2023-12-01 12:07:48,062 [af140fa9-d57b-4d38-ac23-ee5728971003-groupManagement] INFO  server.RaftServerConfigKeys (ConfUtils.java:logGet(46)) - raft.server.read.option = DEFAULT (default)
2023-12-01 12:07:48,062 [af140fa9-d57b-4d38-ac23-ee5728971003-groupManagement] INFO  server.RaftServerConfigKeys (ConfUtils.java:logGet(46)) - raft.server.read.read-after-write-consistent.write-index-cache.expiry-time = 60s (default)
2023-12-01 12:07:48,063 [af140fa9-d57b-4d38-ac23-ee5728971003-groupManagement] INFO  server.RaftServerConfigKeys (ConfUtils.java:logGet(46)) - raft.server.rpc.request.timeout = 60s (custom)
2023-12-01 12:07:48,063 [af140fa9-d57b-4d38-ac23-ee5728971003-groupManagement] INFO  server.RaftServerConfigKeys (ConfUtils.java:logGet(46)) - raft.server.log.appender.install.snapshot.enabled = false (custom)
2023-12-01 12:07:48,063 [af140fa9-d57b-4d38-ac23-ee5728971003-groupManagement] INFO  server.RaftServerConfigKeys (ConfUtils.java:logGet(46)) - raft.server.threadpool.server.cached = true (default)
2023-12-01 12:07:48,064 [af140fa9-d57b-4d38-ac23-ee5728971003-groupManagement] INFO  server.RaftServerConfigKeys (ConfUtils.java:logGet(46)) - raft.server.threadpool.server.size = 0 (default)
2023-12-01 12:07:48,064 [af140fa9-d57b-4d38-ac23-ee5728971003-groupManagement] INFO  server.RaftServerConfigKeys (ConfUtils.java:logGet(46)) - raft.server.threadpool.client.cached = true (default)
2023-12-01 12:07:48,064 [af140fa9-d57b-4d38-ac23-ee5728971003-groupManagement] INFO  server.RaftServerConfigKeys (ConfUtils.java:logGet(46)) - raft.server.threadpool.client.size = 0 (default)
2023-12-01 12:07:48,064 [af140fa9-d57b-4d38-ac23-ee5728971003-groupManagement] INFO  server.RaftServerConfigKeys (ConfUtils.java:logGet(46)) - raft.server.storage.free-space.min = 0MB (=0) (default)
2023-12-01 12:07:48,064 [af140fa9-d57b-4d38-ac23-ee5728971003-groupManagement] INFO  server.RaftServerConfigKeys (ConfUtils.java:logGet(46)) - raft.server.log.corruption.policy = EXCEPTION (default)
2023-12-01 12:07:48,064 [af140fa9-d57b-4d38-ac23-ee5728971003-groupManagement] INFO  server.RaftServerConfigKeys (ConfUtils.java:logGet(46)) - raft.server.storage.dir = [/home/runner/work/ozone/ozone/hadoop-ozone/integration-test/target/test-dir/MiniOzoneClusterImpl-b249f779-13f2-4d94-9d49-8f38c7514c74/datanode-0/data/ratis] (custom)
2023-12-01 12:07:48,064 [af140fa9-d57b-4d38-ac23-ee5728971003-groupManagement] INFO  storage.RaftStorageDirectory (RaftStorageDirectoryImpl.java:analyzeStorage(138)) - The storage directory /home/runner/work/ozone/ozone/hadoop-ozone/integration-test/target/test-dir/MiniOzoneClusterImpl-b249f779-13f2-4d94-9d49-8f38c7514c74/datanode-0/data/ratis/ccffce69-d00a-452b-8d46-a1df1286ba7e does not exist. Creating ...
2023-12-01 12:07:48,065 [af140fa9-d57b-4d38-ac23-ee5728971003-groupManagement] INFO  storage.RaftStorageDirectory (RaftStorageDirectoryImpl.java:tryLock(232)) - Lock on /home/runner/work/ozone/ozone/hadoop-ozone/integration-test/target/test-dir/MiniOzoneClusterImpl-b249f779-13f2-4d94-9d49-8f38c7514c74/datanode-0/data/ratis/ccffce69-d00a-452b-8d46-a1df1286ba7e/in_use.lock acquired by nodename 15370@fv-az1423-675
2023-12-01 12:07:48,066 [af140fa9-d57b-4d38-ac23-ee5728971003-groupManagement] INFO  storage.RaftStorage (RaftStorageImpl.java:format(97)) - Storage directory /home/runner/work/ozone/ozone/hadoop-ozone/integration-test/target/test-dir/MiniOzoneClusterImpl-b249f779-13f2-4d94-9d49-8f38c7514c74/datanode-0/data/ratis/ccffce69-d00a-452b-8d46-a1df1286ba7e has been successfully formatted.
2023-12-01 12:07:48,066 [af140fa9-d57b-4d38-ac23-ee5728971003-groupManagement] INFO  ratis.ContainerStateMachine (ContainerStateMachine.java:loadSnapshot(269)) - group-A1DF1286BA7E: The snapshot info is null. Setting the last applied indexto:(t:0, i:~)
2023-12-01 12:07:48,066 [af140fa9-d57b-4d38-ac23-ee5728971003-groupManagement] INFO  server.RaftServerConfigKeys (ConfUtils.java:logGet(46)) - raft.server.log.use.memory = false (default)
2023-12-01 12:07:48,066 [af140fa9-d57b-4d38-ac23-ee5728971003-groupManagement] INFO  server.RaftServerConfigKeys (ConfUtils.java:logGet(46)) - raft.server.log.purge.gap = 1000000 (custom)
2023-12-01 12:07:48,066 [af140fa9-d57b-4d38-ac23-ee5728971003-groupManagement] INFO  server.RaftServerConfigKeys (ConfUtils.java:logGet(46)) - raft.server.log.appender.buffer.byte-limit = 33554432 (custom)
2023-12-01 12:07:48,066 [af140fa9-d57b-4d38-ac23-ee5728971003-groupManagement] INFO  server.RaftServerConfigKeys (ConfUtils.java:logGet(46)) - raft.server.log.statemachine.data.read.timeout = 1000ms (default)
2023-12-01 12:07:48,066 [af140fa9-d57b-4d38-ac23-ee5728971003-groupManagement] INFO  server.RaftServerConfigKeys (ConfUtils.java:logGet(46)) - raft.server.log.purge.preservation.log.num = 0 (default)
2023-12-01 12:07:48,068 [af140fa9-d57b-4d38-ac23-ee5728971003-groupManagement] INFO  server.RaftServerConfigKeys (ConfUtils.java:logGet(46)) - raft.server.log.segment.size.max = 67108864 (custom)
2023-12-01 12:07:48,068 [af140fa9-d57b-4d38-ac23-ee5728971003-groupManagement] INFO  server.RaftServerConfigKeys (ConfUtils.java:logGet(46)) - raft.server.log.segment.cache.num.max = 2 (custom)
2023-12-01 12:07:48,068 [af140fa9-d57b-4d38-ac23-ee5728971003-groupManagement] INFO  server.RaftServerConfigKeys (ConfUtils.java:logGet(46)) - raft.server.log.segment.cache.size.max = 200MB (=209715200) (default)
2023-12-01 12:07:48,068 [af140fa9-d57b-4d38-ac23-ee5728971003-groupManagement] INFO  server.RaftServerConfigKeys (ConfUtils.java:logGet(46)) - raft.server.log.appender.buffer.byte-limit = 33554432 (custom)
2023-12-01 12:07:48,068 [af140fa9-d57b-4d38-ac23-ee5728971003-groupManagement] INFO  util.AwaitToRun (AwaitToRun.java:start(81)) - Thread[af140fa9-d57b-4d38-ac23-ee5728971003@group-A1DF1286BA7E-cacheEviction-AwaitToRun,5,main] started
2023-12-01 12:07:48,068 [af140fa9-d57b-4d38-ac23-ee5728971003-groupManagement] INFO  segmented.SegmentedRaftLogWorker (SegmentedRaftLogWorker.java:<init>(184)) - new af140fa9-d57b-4d38-ac23-ee5728971003@group-A1DF1286BA7E-SegmentedRaftLogWorker for RaftStorageImpl:Storage Directory /home/runner/work/ozone/ozone/hadoop-ozone/integration-test/target/test-dir/MiniOzoneClusterImpl-b249f779-13f2-4d94-9d49-8f38c7514c74/datanode-0/data/ratis/ccffce69-d00a-452b-8d46-a1df1286ba7e
2023-12-01 12:07:48,068 [af140fa9-d57b-4d38-ac23-ee5728971003-groupManagement] INFO  server.RaftServerConfigKeys (ConfUtils.java:logGet(46)) - raft.server.log.queue.byte-limit = 4294967296 (custom)
2023-12-01 12:07:48,068 [af140fa9-d57b-4d38-ac23-ee5728971003-groupManagement] INFO  server.RaftServerConfigKeys (ConfUtils.java:logGet(46)) - raft.server.log.queue.element-limit = 1024 (custom)
2023-12-01 12:07:48,068 [af140fa9-d57b-4d38-ac23-ee5728971003-groupManagement] INFO  server.RaftServerConfigKeys (ConfUtils.java:logGet(46)) - raft.server.log.segment.size.max = 67108864 (custom)
2023-12-01 12:07:48,068 [af140fa9-d57b-4d38-ac23-ee5728971003-groupManagement] INFO  server.RaftServerConfigKeys (ConfUtils.java:logGet(46)) - raft.server.log.preallocated.size = 4194304 (custom)
2023-12-01 12:07:48,068 [af140fa9-d57b-4d38-ac23-ee5728971003-groupManagement] INFO  server.RaftServerConfigKeys (ConfUtils.java:logGet(46)) - raft.server.log.force.sync.num = 128 (default)
2023-12-01 12:07:48,068 [af140fa9-d57b-4d38-ac23-ee5728971003-groupManagement] INFO  server.RaftServerConfigKeys (ConfUtils.java:logGet(46)) - raft.server.log.statemachine.data.sync = true (default)
2023-12-01 12:07:48,068 [af140fa9-d57b-4d38-ac23-ee5728971003-groupManagement] INFO  server.RaftServerConfigKeys (ConfUtils.java:logGet(46)) - raft.server.log.statemachine.data.sync.timeout = 10s (default)
2023-12-01 12:07:48,068 [af140fa9-d57b-4d38-ac23-ee5728971003-groupManagement] INFO  server.RaftServerConfigKeys (ConfUtils.java:logGet(46)) - raft.server.log.statemachine.data.sync.timeout.retry = -1 (default)
2023-12-01 12:07:48,069 [af140fa9-d57b-4d38-ac23-ee5728971003-groupManagement] INFO  server.RaftServerConfigKeys (ConfUtils.java:logGet(46)) - raft.server.log.write.buffer.size = 2097152 (custom)
2023-12-01 12:07:48,069 [af140fa9-d57b-4d38-ac23-ee5728971003-groupManagement] INFO  server.RaftServerConfigKeys (ConfUtils.java:logGet(46)) - raft.server.log.appender.buffer.byte-limit = 33554432 (custom)
2023-12-01 12:07:48,071 [af140fa9-d57b-4d38-ac23-ee5728971003-groupManagement] INFO  server.RaftServerConfigKeys (ConfUtils.java:logGet(46)) - raft.server.log.unsafe-flush.enabled = false (default)
2023-12-01 12:07:48,071 [af140fa9-d57b-4d38-ac23-ee5728971003-groupManagement] INFO  server.RaftServerConfigKeys (ConfUtils.java:logGet(46)) - raft.server.log.async-flush.enabled = false (default)
2023-12-01 12:07:48,071 [af140fa9-d57b-4d38-ac23-ee5728971003-groupManagement] INFO  server.RaftServerConfigKeys (ConfUtils.java:logGet(46)) - raft.server.log.statemachine.data.caching.enabled = true (custom)
2023-12-01 12:07:48,071 [af140fa9-d57b-4d38-ac23-ee5728971003-groupManagement] INFO  segmented.SegmentedRaftLogWorker (SegmentedRaftLogWorker.java:lambda$new$0(135)) - af140fa9-d57b-4d38-ac23-ee5728971003@group-A1DF1286BA7E-SegmentedRaftLogWorker: flushIndex: setUnconditionally 0 -> -1
2023-12-01 12:07:48,071 [af140fa9-d57b-4d38-ac23-ee5728971003-groupManagement] INFO  segmented.SegmentedRaftLogWorker (SegmentedRaftLogWorker.java:lambda$new$0(135)) - af140fa9-d57b-4d38-ac23-ee5728971003@group-A1DF1286BA7E-SegmentedRaftLogWorker: safeCacheEvictIndex: setUnconditionally 0 -> -1
2023-12-01 12:07:48,071 [af140fa9-d57b-4d38-ac23-ee5728971003-groupManagement] INFO  server.RaftServer$Division (RaftServerImpl.java:start(392)) - af140fa9-d57b-4d38-ac23-ee5728971003@group-A1DF1286BA7E: start as a follower, conf=-1: peers:[76b9be1d-1bf0-4a28-acca-c5c2681cc872|10.1.0.24:15120, 0d726c29-49a1-421e-8ac7-200c2e9b483b|10.1.0.24:15147, af140fa9-d57b-4d38-ac23-ee5728971003|10.1.0.24:15111]|listeners:[], old=null
2023-12-01 12:07:48,071 [af140fa9-d57b-4d38-ac23-ee5728971003-groupManagement] INFO  server.RaftServer$Division (RaftServerImpl.java:setRole(379)) - af140fa9-d57b-4d38-ac23-ee5728971003@group-A1DF1286BA7E: changes role from      null to FOLLOWER at term 0 for startAsFollower
2023-12-01 12:07:48,071 [af140fa9-d57b-4d38-ac23-ee5728971003-groupManagement] INFO  impl.RoleInfo (RoleInfo.java:updateAndGet(139)) - af140fa9-d57b-4d38-ac23-ee5728971003: start af140fa9-d57b-4d38-ac23-ee5728971003@group-A1DF1286BA7E-FollowerState
2023-12-01 12:07:48,071 [af140fa9-d57b-4d38-ac23-ee5728971003@group-A1DF1286BA7E-FollowerState] INFO  server.RaftServerConfigKeys (ConfUtils.java:logFallback(53)) - raft.server.rpc.first-election.timeout.min = 5s (fallback to raft.server.rpc.timeout.min)
2023-12-01 12:07:48,071 [af140fa9-d57b-4d38-ac23-ee5728971003-groupManagement] INFO  util.JmxRegister (JmxRegister.java:tryRegister(44)) - Successfully registered JMX Bean with object name Ratis:service=RaftServer,group=group-A1DF1286BA7E,id=af140fa9-d57b-4d38-ac23-ee5728971003
2023-12-01 12:07:48,071 [af140fa9-d57b-4d38-ac23-ee5728971003@group-A1DF1286BA7E-FollowerState] INFO  server.RaftServerConfigKeys (ConfUtils.java:logFallback(53)) - raft.server.rpc.first-election.timeout.max = 5200ms (fallback to raft.server.rpc.timeout.max)
2023-12-01 12:07:48,071 [af140fa9-d57b-4d38-ac23-ee5728971003-groupManagement] INFO  server.RaftServerConfigKeys (ConfUtils.java:logGet(46)) - raft.server.snapshot.trigger-when-stop.enabled = true (default)
2023-12-01 12:07:48,072 [af140fa9-d57b-4d38-ac23-ee5728971003-groupManagement] INFO  server.RaftServerConfigKeys (ConfUtils.java:logGet(46)) - raft.server.snapshot.auto.trigger.enabled = true (custom)
2023-12-01 12:07:48,072 [af140fa9-d57b-4d38-ac23-ee5728971003-groupManagement] INFO  server.RaftServerConfigKeys (ConfUtils.java:logGet(46)) - raft.server.snapshot.auto.trigger.threshold = 10000 (custom)
2023-12-01 12:07:48,072 [af140fa9-d57b-4d38-ac23-ee5728971003-groupManagement] INFO  server.RaftServerConfigKeys (ConfUtils.java:logGet(46)) - raft.server.snapshot.retention.file.num = 5 (custom)
2023-12-01 12:07:48,072 [af140fa9-d57b-4d38-ac23-ee5728971003-groupManagement] INFO  server.RaftServerConfigKeys (ConfUtils.java:logGet(46)) - raft.server.log.purge.upto.snapshot.index = false (default)
2023-12-01 12:07:48,072 [af140fa9-d57b-4d38-ac23-ee5728971003-PipelineCommandHandlerThread-0] INFO  ratis.XceiverServerRatis (XceiverServerRatis.java:addGroup(814)) - Created group PipelineID=ccffce69-d00a-452b-8d46-a1df1286ba7e
2023-12-01 12:07:48,077 [grpc-default-executor-2] INFO  server.RaftServer (RaftServerProxy.java:addNew(100)) - 76b9be1d-1bf0-4a28-acca-c5c2681cc872: addNew group-A1DF1286BA7E:[76b9be1d-1bf0-4a28-acca-c5c2681cc872|10.1.0.24:15120, 0d726c29-49a1-421e-8ac7-200c2e9b483b|10.1.0.24:15147, af140fa9-d57b-4d38-ac23-ee5728971003|10.1.0.24:15111] returns group-A1DF1286BA7E:java.util.concurrent.CompletableFuture@85f6aff[Not completed]
2023-12-01 12:07:48,078 [76b9be1d-1bf0-4a28-acca-c5c2681cc872-groupManagement] INFO  server.RaftServer$Division (RaftServerImpl.java:<init>(256)) - 76b9be1d-1bf0-4a28-acca-c5c2681cc872: new RaftServerImpl for group-A1DF1286BA7E:[76b9be1d-1bf0-4a28-acca-c5c2681cc872|10.1.0.24:15120, 0d726c29-49a1-421e-8ac7-200c2e9b483b|10.1.0.24:15147, af140fa9-d57b-4d38-ac23-ee5728971003|10.1.0.24:15111] with ContainerStateMachine:uninitialized
2023-12-01 12:07:48,078 [76b9be1d-1bf0-4a28-acca-c5c2681cc872-groupManagement] INFO  server.RaftServerConfigKeys (ConfUtils.java:logGet(46)) - raft.server.rpc.timeout.min = 5s (custom)
2023-12-01 12:07:48,078 [76b9be1d-1bf0-4a28-acca-c5c2681cc872-groupManagement] INFO  server.RaftServerConfigKeys (ConfUtils.java:logGet(46)) - raft.server.rpc.timeout.max = 5200ms (custom)
2023-12-01 12:07:48,078 [76b9be1d-1bf0-4a28-acca-c5c2681cc872-groupManagement] INFO  server.RaftServerConfigKeys (ConfUtils.java:logGet(46)) - raft.server.rpc.sleep.time = 25ms (default)
2023-12-01 12:07:48,078 [76b9be1d-1bf0-4a28-acca-c5c2681cc872-groupManagement] INFO  server.RaftServerConfigKeys (ConfUtils.java:logGet(46)) - raft.server.rpc.slowness.timeout = 300s (custom)
2023-12-01 12:07:48,078 [76b9be1d-1bf0-4a28-acca-c5c2681cc872-groupManagement] INFO  server.RaftServerConfigKeys (ConfUtils.java:logGet(46)) - raft.server.leaderelection.leader.step-down.wait-time = 10s (default)
2023-12-01 12:07:48,078 [76b9be1d-1bf0-4a28-acca-c5c2681cc872-groupManagement] INFO  server.RaftServerConfigKeys (ConfUtils.java:logGet(46)) - raft.server.leaderelection.member.majority-add = false (default)
2023-12-01 12:07:48,078 [76b9be1d-1bf0-4a28-acca-c5c2681cc872-groupManagement] INFO  server.RaftServerConfigKeys (ConfUtils.java:logGet(46)) - raft.server.sleep.deviation.threshold = 300ms (default)
2023-12-01 12:07:48,079 [76b9be1d-1bf0-4a28-acca-c5c2681cc872-groupManagement] INFO  server.RaftServer$Division (ServerState.java:<init>(113)) - 76b9be1d-1bf0-4a28-acca-c5c2681cc872@group-A1DF1286BA7E: ConfigurationManager, init=-1: peers:[76b9be1d-1bf0-4a28-acca-c5c2681cc872|10.1.0.24:15120, 0d726c29-49a1-421e-8ac7-200c2e9b483b|10.1.0.24:15147, af140fa9-d57b-4d38-ac23-ee5728971003|10.1.0.24:15111]|listeners:[], old=null, confs=<EMPTY_MAP>
2023-12-01 12:07:48,079 [76b9be1d-1bf0-4a28-acca-c5c2681cc872-groupManagement] INFO  server.RaftServerConfigKeys (ConfUtils.java:logGet(46)) - raft.server.notification.no-leader.timeout = 300s (custom)
2023-12-01 12:07:48,079 [76b9be1d-1bf0-4a28-acca-c5c2681cc872-groupManagement] INFO  server.RaftServerConfigKeys (ConfUtils.java:logGet(46)) - raft.server.read.timeout = 10s (default)
2023-12-01 12:07:48,079 [76b9be1d-1bf0-4a28-acca-c5c2681cc872-groupManagement] INFO  server.RaftServerConfigKeys (ConfUtils.java:logGet(46)) - raft.server.retrycache.expirytime = 600000ms (custom)
2023-12-01 12:07:48,079 [76b9be1d-1bf0-4a28-acca-c5c2681cc872-groupManagement] INFO  server.RaftServerConfigKeys (ConfUtils.java:logGet(46)) - raft.server.retrycache.statistics.expirytime = 100ms (default)
2023-12-01 12:07:48,079 [76b9be1d-1bf0-4a28-acca-c5c2681cc872-groupManagement] INFO  server.RaftServerConfigKeys (ConfUtils.java:logGet(46)) - raft.server.read.option = DEFAULT (default)
2023-12-01 12:07:48,079 [76b9be1d-1bf0-4a28-acca-c5c2681cc872-groupManagement] INFO  server.RaftServerConfigKeys (ConfUtils.java:logGet(46)) - raft.server.read.read-after-write-consistent.write-index-cache.expiry-time = 60s (default)
2023-12-01 12:07:48,080 [76b9be1d-1bf0-4a28-acca-c5c2681cc872-groupManagement] INFO  server.RaftServerConfigKeys (ConfUtils.java:logGet(46)) - raft.server.rpc.request.timeout = 60s (custom)
2023-12-01 12:07:48,080 [76b9be1d-1bf0-4a28-acca-c5c2681cc872-groupManagement] INFO  server.RaftServerConfigKeys (ConfUtils.java:logGet(46)) - raft.server.log.appender.install.snapshot.enabled = false (custom)
2023-12-01 12:07:48,080 [76b9be1d-1bf0-4a28-acca-c5c2681cc872-groupManagement] INFO  server.RaftServerConfigKeys (ConfUtils.java:logGet(46)) - raft.server.threadpool.server.cached = true (default)
2023-12-01 12:07:48,080 [76b9be1d-1bf0-4a28-acca-c5c2681cc872-groupManagement] INFO  server.RaftServerConfigKeys (ConfUtils.java:logGet(46)) - raft.server.threadpool.server.size = 0 (default)
2023-12-01 12:07:48,080 [76b9be1d-1bf0-4a28-acca-c5c2681cc872-groupManagement] INFO  server.RaftServerConfigKeys (ConfUtils.java:logGet(46)) - raft.server.threadpool.client.cached = true (default)
2023-12-01 12:07:48,080 [76b9be1d-1bf0-4a28-acca-c5c2681cc872-groupManagement] INFO  server.RaftServerConfigKeys (ConfUtils.java:logGet(46)) - raft.server.threadpool.client.size = 0 (default)
2023-12-01 12:07:48,080 [76b9be1d-1bf0-4a28-acca-c5c2681cc872-groupManagement] INFO  server.RaftServerConfigKeys (ConfUtils.java:logGet(46)) - raft.server.storage.free-space.min = 0MB (=0) (default)
2023-12-01 12:07:48,081 [76b9be1d-1bf0-4a28-acca-c5c2681cc872-groupManagement] INFO  server.RaftServerConfigKeys (ConfUtils.java:logGet(46)) - raft.server.log.corruption.policy = EXCEPTION (default)
2023-12-01 12:07:48,081 [76b9be1d-1bf0-4a28-acca-c5c2681cc872-groupManagement] INFO  server.RaftServerConfigKeys (ConfUtils.java:logGet(46)) - raft.server.storage.dir = [/home/runner/work/ozone/ozone/hadoop-ozone/integration-test/target/test-dir/MiniOzoneClusterImpl-b249f779-13f2-4d94-9d49-8f38c7514c74/datanode-1/data/ratis] (custom)
2023-12-01 12:07:48,081 [76b9be1d-1bf0-4a28-acca-c5c2681cc872-groupManagement] INFO  storage.RaftStorageDirectory (RaftStorageDirectoryImpl.java:analyzeStorage(138)) - The storage directory /home/runner/work/ozone/ozone/hadoop-ozone/integration-test/target/test-dir/MiniOzoneClusterImpl-b249f779-13f2-4d94-9d49-8f38c7514c74/datanode-1/data/ratis/ccffce69-d00a-452b-8d46-a1df1286ba7e does not exist. Creating ...
2023-12-01 12:07:48,082 [76b9be1d-1bf0-4a28-acca-c5c2681cc872-groupManagement] INFO  storage.RaftStorageDirectory (RaftStorageDirectoryImpl.java:tryLock(232)) - Lock on /home/runner/work/ozone/ozone/hadoop-ozone/integration-test/target/test-dir/MiniOzoneClusterImpl-b249f779-13f2-4d94-9d49-8f38c7514c74/datanode-1/data/ratis/ccffce69-d00a-452b-8d46-a1df1286ba7e/in_use.lock acquired by nodename 15370@fv-az1423-675
2023-12-01 12:07:48,082 [76b9be1d-1bf0-4a28-acca-c5c2681cc872-groupManagement] INFO  storage.RaftStorage (RaftStorageImpl.java:format(97)) - Storage directory /home/runner/work/ozone/ozone/hadoop-ozone/integration-test/target/test-dir/MiniOzoneClusterImpl-b249f779-13f2-4d94-9d49-8f38c7514c74/datanode-1/data/ratis/ccffce69-d00a-452b-8d46-a1df1286ba7e has been successfully formatted.
2023-12-01 12:07:48,083 [76b9be1d-1bf0-4a28-acca-c5c2681cc872-groupManagement] INFO  ratis.ContainerStateMachine (ContainerStateMachine.java:loadSnapshot(269)) - group-A1DF1286BA7E: The snapshot info is null. Setting the last applied indexto:(t:0, i:~)
2023-12-01 12:07:48,083 [76b9be1d-1bf0-4a28-acca-c5c2681cc872-groupManagement] INFO  server.RaftServerConfigKeys (ConfUtils.java:logGet(46)) - raft.server.log.use.memory = false (default)
2023-12-01 12:07:48,083 [76b9be1d-1bf0-4a28-acca-c5c2681cc872-groupManagement] INFO  server.RaftServerConfigKeys (ConfUtils.java:logGet(46)) - raft.server.log.purge.gap = 1000000 (custom)
2023-12-01 12:07:48,083 [76b9be1d-1bf0-4a28-acca-c5c2681cc872-groupManagement] INFO  server.RaftServerConfigKeys (ConfUtils.java:logGet(46)) - raft.server.log.appender.buffer.byte-limit = 33554432 (custom)
2023-12-01 12:07:48,083 [76b9be1d-1bf0-4a28-acca-c5c2681cc872-groupManagement] INFO  server.RaftServerConfigKeys (ConfUtils.java:logGet(46)) - raft.server.log.statemachine.data.read.timeout = 1000ms (default)
2023-12-01 12:07:48,083 [76b9be1d-1bf0-4a28-acca-c5c2681cc872-groupManagement] INFO  server.RaftServerConfigKeys (ConfUtils.java:logGet(46)) - raft.server.log.purge.preservation.log.num = 0 (default)
2023-12-01 12:07:48,086 [76b9be1d-1bf0-4a28-acca-c5c2681cc872-groupManagement] INFO  server.RaftServerConfigKeys (ConfUtils.java:logGet(46)) - raft.server.log.segment.size.max = 67108864 (custom)
2023-12-01 12:07:48,086 [76b9be1d-1bf0-4a28-acca-c5c2681cc872-groupManagement] INFO  server.RaftServerConfigKeys (ConfUtils.java:logGet(46)) - raft.server.log.segment.cache.num.max = 2 (custom)
2023-12-01 12:07:48,086 [76b9be1d-1bf0-4a28-acca-c5c2681cc872-groupManagement] INFO  server.RaftServerConfigKeys (ConfUtils.java:logGet(46)) - raft.server.log.segment.cache.size.max = 200MB (=209715200) (default)
2023-12-01 12:07:48,086 [76b9be1d-1bf0-4a28-acca-c5c2681cc872-groupManagement] INFO  server.RaftServerConfigKeys (ConfUtils.java:logGet(46)) - raft.server.log.appender.buffer.byte-limit = 33554432 (custom)
2023-12-01 12:07:48,086 [76b9be1d-1bf0-4a28-acca-c5c2681cc872-groupManagement] INFO  util.AwaitToRun (AwaitToRun.java:start(81)) - Thread[76b9be1d-1bf0-4a28-acca-c5c2681cc872@group-A1DF1286BA7E-cacheEviction-AwaitToRun,5,main] started
2023-12-01 12:07:48,086 [76b9be1d-1bf0-4a28-acca-c5c2681cc872-groupManagement] INFO  segmented.SegmentedRaftLogWorker (SegmentedRaftLogWorker.java:<init>(184)) - new 76b9be1d-1bf0-4a28-acca-c5c2681cc872@group-A1DF1286BA7E-SegmentedRaftLogWorker for RaftStorageImpl:Storage Directory /home/runner/work/ozone/ozone/hadoop-ozone/integration-test/target/test-dir/MiniOzoneClusterImpl-b249f779-13f2-4d94-9d49-8f38c7514c74/datanode-1/data/ratis/ccffce69-d00a-452b-8d46-a1df1286ba7e
2023-12-01 12:07:48,086 [76b9be1d-1bf0-4a28-acca-c5c2681cc872-groupManagement] INFO  server.RaftServerConfigKeys (ConfUtils.java:logGet(46)) - raft.server.log.queue.byte-limit = 4294967296 (custom)
2023-12-01 12:07:48,086 [76b9be1d-1bf0-4a28-acca-c5c2681cc872-groupManagement] INFO  server.RaftServerConfigKeys (ConfUtils.java:logGet(46)) - raft.server.log.queue.element-limit = 1024 (custom)
2023-12-01 12:07:48,087 [76b9be1d-1bf0-4a28-acca-c5c2681cc872-groupManagement] INFO  server.RaftServerConfigKeys (ConfUtils.java:logGet(46)) - raft.server.log.segment.size.max = 67108864 (custom)
2023-12-01 12:07:48,087 [76b9be1d-1bf0-4a28-acca-c5c2681cc872-groupManagement] INFO  server.RaftServerConfigKeys (ConfUtils.java:logGet(46)) - raft.server.log.preallocated.size = 4194304 (custom)
2023-12-01 12:07:48,087 [76b9be1d-1bf0-4a28-acca-c5c2681cc872-groupManagement] INFO  server.RaftServerConfigKeys (ConfUtils.java:logGet(46)) - raft.server.log.force.sync.num = 128 (default)
2023-12-01 12:07:48,087 [76b9be1d-1bf0-4a28-acca-c5c2681cc872-groupManagement] INFO  server.RaftServerConfigKeys (ConfUtils.java:logGet(46)) - raft.server.log.statemachine.data.sync = true (default)
2023-12-01 12:07:48,087 [76b9be1d-1bf0-4a28-acca-c5c2681cc872-groupManagement] INFO  server.RaftServerConfigKeys (ConfUtils.java:logGet(46)) - raft.server.log.statemachine.data.sync.timeout = 10s (default)
2023-12-01 12:07:48,087 [76b9be1d-1bf0-4a28-acca-c5c2681cc872-groupManagement] INFO  server.RaftServerConfigKeys (ConfUtils.java:logGet(46)) - raft.server.log.statemachine.data.sync.timeout.retry = -1 (default)
2023-12-01 12:07:48,087 [76b9be1d-1bf0-4a28-acca-c5c2681cc872-groupManagement] INFO  server.RaftServerConfigKeys (ConfUtils.java:logGet(46)) - raft.server.log.write.buffer.size = 2097152 (custom)
2023-12-01 12:07:48,088 [76b9be1d-1bf0-4a28-acca-c5c2681cc872-groupManagement] INFO  server.RaftServerConfigKeys (ConfUtils.java:logGet(46)) - raft.server.log.appender.buffer.byte-limit = 33554432 (custom)
2023-12-01 12:07:48,089 [76b9be1d-1bf0-4a28-acca-c5c2681cc872-groupManagement] INFO  server.RaftServerConfigKeys (ConfUtils.java:logGet(46)) - raft.server.log.unsafe-flush.enabled = false (default)
2023-12-01 12:07:48,089 [76b9be1d-1bf0-4a28-acca-c5c2681cc872-groupManagement] INFO  server.RaftServerConfigKeys (ConfUtils.java:logGet(46)) - raft.server.log.async-flush.enabled = false (default)
2023-12-01 12:07:48,089 [76b9be1d-1bf0-4a28-acca-c5c2681cc872-groupManagement] INFO  server.RaftServerConfigKeys (ConfUtils.java:logGet(46)) - raft.server.log.statemachine.data.caching.enabled = true (custom)
2023-12-01 12:07:48,090 [76b9be1d-1bf0-4a28-acca-c5c2681cc872-groupManagement] INFO  segmented.SegmentedRaftLogWorker (SegmentedRaftLogWorker.java:lambda$new$0(135)) - 76b9be1d-1bf0-4a28-acca-c5c2681cc872@group-A1DF1286BA7E-SegmentedRaftLogWorker: flushIndex: setUnconditionally 0 -> -1
2023-12-01 12:07:48,090 [76b9be1d-1bf0-4a28-acca-c5c2681cc872-groupManagement] INFO  segmented.SegmentedRaftLogWorker (SegmentedRaftLogWorker.java:lambda$new$0(135)) - 76b9be1d-1bf0-4a28-acca-c5c2681cc872@group-A1DF1286BA7E-SegmentedRaftLogWorker: safeCacheEvictIndex: setUnconditionally 0 -> -1
2023-12-01 12:07:48,090 [76b9be1d-1bf0-4a28-acca-c5c2681cc872-groupManagement] INFO  server.RaftServer$Division (RaftServerImpl.java:start(392)) - 76b9be1d-1bf0-4a28-acca-c5c2681cc872@group-A1DF1286BA7E: start as a follower, conf=-1: peers:[76b9be1d-1bf0-4a28-acca-c5c2681cc872|10.1.0.24:15120, 0d726c29-49a1-421e-8ac7-200c2e9b483b|10.1.0.24:15147, af140fa9-d57b-4d38-ac23-ee5728971003|10.1.0.24:15111]|listeners:[], old=null
2023-12-01 12:07:48,090 [76b9be1d-1bf0-4a28-acca-c5c2681cc872-groupManagement] INFO  server.RaftServer$Division (RaftServerImpl.java:setRole(379)) - 76b9be1d-1bf0-4a28-acca-c5c2681cc872@group-A1DF1286BA7E: changes role from      null to FOLLOWER at term 0 for startAsFollower
2023-12-01 12:07:48,090 [76b9be1d-1bf0-4a28-acca-c5c2681cc872-groupManagement] INFO  impl.RoleInfo (RoleInfo.java:updateAndGet(139)) - 76b9be1d-1bf0-4a28-acca-c5c2681cc872: start 76b9be1d-1bf0-4a28-acca-c5c2681cc872@group-A1DF1286BA7E-FollowerState
2023-12-01 12:07:48,090 [76b9be1d-1bf0-4a28-acca-c5c2681cc872@group-A1DF1286BA7E-FollowerState] INFO  server.RaftServerConfigKeys (ConfUtils.java:logFallback(53)) - raft.server.rpc.first-election.timeout.min = 5s (fallback to raft.server.rpc.timeout.min)
2023-12-01 12:07:48,090 [76b9be1d-1bf0-4a28-acca-c5c2681cc872-groupManagement] INFO  util.JmxRegister (JmxRegister.java:tryRegister(44)) - Successfully registered JMX Bean with object name Ratis:service=RaftServer,group=group-A1DF1286BA7E,id=76b9be1d-1bf0-4a28-acca-c5c2681cc872
2023-12-01 12:07:48,090 [76b9be1d-1bf0-4a28-acca-c5c2681cc872@group-A1DF1286BA7E-FollowerState] INFO  server.RaftServerConfigKeys (ConfUtils.java:logFallback(53)) - raft.server.rpc.first-election.timeout.max = 5200ms (fallback to raft.server.rpc.timeout.max)
2023-12-01 12:07:48,090 [76b9be1d-1bf0-4a28-acca-c5c2681cc872-groupManagement] INFO  server.RaftServerConfigKeys (ConfUtils.java:logGet(46)) - raft.server.snapshot.trigger-when-stop.enabled = true (default)
2023-12-01 12:07:48,090 [76b9be1d-1bf0-4a28-acca-c5c2681cc872-groupManagement] INFO  server.RaftServerConfigKeys (ConfUtils.java:logGet(46)) - raft.server.snapshot.auto.trigger.enabled = true (custom)
2023-12-01 12:07:48,090 [76b9be1d-1bf0-4a28-acca-c5c2681cc872-groupManagement] INFO  server.RaftServerConfigKeys (ConfUtils.java:logGet(46)) - raft.server.snapshot.auto.trigger.threshold = 10000 (custom)
2023-12-01 12:07:48,090 [76b9be1d-1bf0-4a28-acca-c5c2681cc872-groupManagement] INFO  server.RaftServerConfigKeys (ConfUtils.java:logGet(46)) - raft.server.snapshot.retention.file.num = 5 (custom)
2023-12-01 12:07:48,090 [76b9be1d-1bf0-4a28-acca-c5c2681cc872-groupManagement] INFO  server.RaftServerConfigKeys (ConfUtils.java:logGet(46)) - raft.server.log.purge.upto.snapshot.index = false (default)
2023-12-01 12:07:48,107 [grpc-default-executor-2] INFO  server.RaftServer (RaftServerProxy.java:addNew(100)) - 0d726c29-49a1-421e-8ac7-200c2e9b483b: addNew group-A1DF1286BA7E:[76b9be1d-1bf0-4a28-acca-c5c2681cc872|10.1.0.24:15120, 0d726c29-49a1-421e-8ac7-200c2e9b483b|10.1.0.24:15147, af140fa9-d57b-4d38-ac23-ee5728971003|10.1.0.24:15111] returns group-A1DF1286BA7E:java.util.concurrent.CompletableFuture@653c9d53[Not completed]
2023-12-01 12:07:48,109 [0d726c29-49a1-421e-8ac7-200c2e9b483b-groupManagement] INFO  server.RaftServer$Division (RaftServerImpl.java:<init>(256)) - 0d726c29-49a1-421e-8ac7-200c2e9b483b: new RaftServerImpl for group-A1DF1286BA7E:[76b9be1d-1bf0-4a28-acca-c5c2681cc872|10.1.0.24:15120, 0d726c29-49a1-421e-8ac7-200c2e9b483b|10.1.0.24:15147, af140fa9-d57b-4d38-ac23-ee5728971003|10.1.0.24:15111] with ContainerStateMachine:uninitialized
2023-12-01 12:07:48,109 [0d726c29-49a1-421e-8ac7-200c2e9b483b-groupManagement] INFO  server.RaftServerConfigKeys (ConfUtils.java:logGet(46)) - raft.server.rpc.timeout.min = 5s (custom)
2023-12-01 12:07:48,109 [0d726c29-49a1-421e-8ac7-200c2e9b483b-groupManagement] INFO  server.RaftServerConfigKeys (ConfUtils.java:logGet(46)) - raft.server.rpc.timeout.max = 5200ms (custom)
2023-12-01 12:07:48,109 [0d726c29-49a1-421e-8ac7-200c2e9b483b-groupManagement] INFO  server.RaftServerConfigKeys (ConfUtils.java:logGet(46)) - raft.server.rpc.sleep.time = 25ms (default)
2023-12-01 12:07:48,109 [0d726c29-49a1-421e-8ac7-200c2e9b483b-groupManagement] INFO  server.RaftServerConfigKeys (ConfUtils.java:logGet(46)) - raft.server.rpc.slowness.timeout = 300s (custom)
2023-12-01 12:07:48,109 [0d726c29-49a1-421e-8ac7-200c2e9b483b-groupManagement] INFO  server.RaftServerConfigKeys (ConfUtils.java:logGet(46)) - raft.server.leaderelection.leader.step-down.wait-time = 10s (default)
2023-12-01 12:07:48,109 [0d726c29-49a1-421e-8ac7-200c2e9b483b-groupManagement] INFO  server.RaftServerConfigKeys (ConfUtils.java:logGet(46)) - raft.server.leaderelection.member.majority-add = false (default)
2023-12-01 12:07:48,109 [0d726c29-49a1-421e-8ac7-200c2e9b483b-groupManagement] INFO  server.RaftServerConfigKeys (ConfUtils.java:logGet(46)) - raft.server.sleep.deviation.threshold = 300ms (default)
2023-12-01 12:07:48,109 [0d726c29-49a1-421e-8ac7-200c2e9b483b-groupManagement] INFO  server.RaftServer$Division (ServerState.java:<init>(113)) - 0d726c29-49a1-421e-8ac7-200c2e9b483b@group-A1DF1286BA7E: ConfigurationManager, init=-1: peers:[76b9be1d-1bf0-4a28-acca-c5c2681cc872|10.1.0.24:15120, 0d726c29-49a1-421e-8ac7-200c2e9b483b|10.1.0.24:15147, af140fa9-d57b-4d38-ac23-ee5728971003|10.1.0.24:15111]|listeners:[], old=null, confs=<EMPTY_MAP>
2023-12-01 12:07:48,109 [0d726c29-49a1-421e-8ac7-200c2e9b483b-groupManagement] INFO  server.RaftServerConfigKeys (ConfUtils.java:logGet(46)) - raft.server.notification.no-leader.timeout = 300s (custom)
2023-12-01 12:07:48,109 [0d726c29-49a1-421e-8ac7-200c2e9b483b-groupManagement] INFO  server.RaftServerConfigKeys (ConfUtils.java:logGet(46)) - raft.server.read.timeout = 10s (default)
2023-12-01 12:07:48,109 [0d726c29-49a1-421e-8ac7-200c2e9b483b-groupManagement] INFO  server.RaftServerConfigKeys (ConfUtils.java:logGet(46)) - raft.server.retrycache.expirytime = 600000ms (custom)
2023-12-01 12:07:48,109 [0d726c29-49a1-421e-8ac7-200c2e9b483b-groupManagement] INFO  server.RaftServerConfigKeys (ConfUtils.java:logGet(46)) - raft.server.retrycache.statistics.expirytime = 100ms (default)
2023-12-01 12:07:48,110 [0d726c29-49a1-421e-8ac7-200c2e9b483b-groupManagement] INFO  server.RaftServerConfigKeys (ConfUtils.java:logGet(46)) - raft.server.read.option = DEFAULT (default)
2023-12-01 12:07:48,110 [0d726c29-49a1-421e-8ac7-200c2e9b483b-groupManagement] INFO  server.RaftServerConfigKeys (ConfUtils.java:logGet(46)) - raft.server.read.read-after-write-consistent.write-index-cache.expiry-time = 60s (default)
2023-12-01 12:07:48,111 [0d726c29-49a1-421e-8ac7-200c2e9b483b-groupManagement] INFO  server.RaftServerConfigKeys (ConfUtils.java:logGet(46)) - raft.server.rpc.request.timeout = 60s (custom)
2023-12-01 12:07:48,111 [0d726c29-49a1-421e-8ac7-200c2e9b483b-groupManagement] INFO  server.RaftServerConfigKeys (ConfUtils.java:logGet(46)) - raft.server.log.appender.install.snapshot.enabled = false (custom)
2023-12-01 12:07:48,112 [0d726c29-49a1-421e-8ac7-200c2e9b483b-groupManagement] INFO  server.RaftServerConfigKeys (ConfUtils.java:logGet(46)) - raft.server.threadpool.server.cached = true (default)
2023-12-01 12:07:48,112 [0d726c29-49a1-421e-8ac7-200c2e9b483b-groupManagement] INFO  server.RaftServerConfigKeys (ConfUtils.java:logGet(46)) - raft.server.threadpool.server.size = 0 (default)
2023-12-01 12:07:48,112 [0d726c29-49a1-421e-8ac7-200c2e9b483b-groupManagement] INFO  server.RaftServerConfigKeys (ConfUtils.java:logGet(46)) - raft.server.threadpool.client.cached = true (default)
2023-12-01 12:07:48,112 [0d726c29-49a1-421e-8ac7-200c2e9b483b-groupManagement] INFO  server.RaftServerConfigKeys (ConfUtils.java:logGet(46)) - raft.server.threadpool.client.size = 0 (default)
2023-12-01 12:07:48,112 [0d726c29-49a1-421e-8ac7-200c2e9b483b-groupManagement] INFO  server.RaftServerConfigKeys (ConfUtils.java:logGet(46)) - raft.server.storage.free-space.min = 0MB (=0) (default)
2023-12-01 12:07:48,112 [0d726c29-49a1-421e-8ac7-200c2e9b483b-groupManagement] INFO  server.RaftServerConfigKeys (ConfUtils.java:logGet(46)) - raft.server.log.corruption.policy = EXCEPTION (default)
2023-12-01 12:07:48,112 [0d726c29-49a1-421e-8ac7-200c2e9b483b-groupManagement] INFO  server.RaftServerConfigKeys (ConfUtils.java:logGet(46)) - raft.server.storage.dir = [/home/runner/work/ozone/ozone/hadoop-ozone/integration-test/target/test-dir/MiniOzoneClusterImpl-b249f779-13f2-4d94-9d49-8f38c7514c74/datanode-4/data/ratis] (custom)
2023-12-01 12:07:48,112 [0d726c29-49a1-421e-8ac7-200c2e9b483b-groupManagement] INFO  storage.RaftStorageDirectory (RaftStorageDirectoryImpl.java:analyzeStorage(138)) - The storage directory /home/runner/work/ozone/ozone/hadoop-ozone/integration-test/target/test-dir/MiniOzoneClusterImpl-b249f779-13f2-4d94-9d49-8f38c7514c74/datanode-4/data/ratis/ccffce69-d00a-452b-8d46-a1df1286ba7e does not exist. Creating ...
2023-12-01 12:07:48,113 [0d726c29-49a1-421e-8ac7-200c2e9b483b-groupManagement] INFO  storage.RaftStorageDirectory (RaftStorageDirectoryImpl.java:tryLock(232)) - Lock on /home/runner/work/ozone/ozone/hadoop-ozone/integration-test/target/test-dir/MiniOzoneClusterImpl-b249f779-13f2-4d94-9d49-8f38c7514c74/datanode-4/data/ratis/ccffce69-d00a-452b-8d46-a1df1286ba7e/in_use.lock acquired by nodename 15370@fv-az1423-675
2023-12-01 12:07:48,114 [0d726c29-49a1-421e-8ac7-200c2e9b483b-groupManagement] INFO  storage.RaftStorage (RaftStorageImpl.java:format(97)) - Storage directory /home/runner/work/ozone/ozone/hadoop-ozone/integration-test/target/test-dir/MiniOzoneClusterImpl-b249f779-13f2-4d94-9d49-8f38c7514c74/datanode-4/data/ratis/ccffce69-d00a-452b-8d46-a1df1286ba7e has been successfully formatted.
2023-12-01 12:07:48,114 [0d726c29-49a1-421e-8ac7-200c2e9b483b-groupManagement] INFO  ratis.ContainerStateMachine (ContainerStateMachine.java:loadSnapshot(269)) - group-A1DF1286BA7E: The snapshot info is null. Setting the last applied indexto:(t:0, i:~)
2023-12-01 12:07:48,114 [0d726c29-49a1-421e-8ac7-200c2e9b483b-groupManagement] INFO  server.RaftServerConfigKeys (ConfUtils.java:logGet(46)) - raft.server.log.use.memory = false (default)
2023-12-01 12:07:48,115 [0d726c29-49a1-421e-8ac7-200c2e9b483b-groupManagement] INFO  server.RaftServerConfigKeys (ConfUtils.java:logGet(46)) - raft.server.log.purge.gap = 1000000 (custom)
2023-12-01 12:07:48,115 [0d726c29-49a1-421e-8ac7-200c2e9b483b-groupManagement] INFO  server.RaftServerConfigKeys (ConfUtils.java:logGet(46)) - raft.server.log.appender.buffer.byte-limit = 33554432 (custom)
2023-12-01 12:07:48,115 [0d726c29-49a1-421e-8ac7-200c2e9b483b-groupManagement] INFO  server.RaftServerConfigKeys (ConfUtils.java:logGet(46)) - raft.server.log.statemachine.data.read.timeout = 1000ms (default)
2023-12-01 12:07:48,115 [0d726c29-49a1-421e-8ac7-200c2e9b483b-groupManagement] INFO  server.RaftServerConfigKeys (ConfUtils.java:logGet(46)) - raft.server.log.purge.preservation.log.num = 0 (default)
2023-12-01 12:07:48,116 [0d726c29-49a1-421e-8ac7-200c2e9b483b-groupManagement] INFO  server.RaftServerConfigKeys (ConfUtils.java:logGet(46)) - raft.server.log.segment.size.max = 67108864 (custom)
2023-12-01 12:07:48,116 [0d726c29-49a1-421e-8ac7-200c2e9b483b-groupManagement] INFO  server.RaftServerConfigKeys (ConfUtils.java:logGet(46)) - raft.server.log.segment.cache.num.max = 2 (custom)
2023-12-01 12:07:48,116 [0d726c29-49a1-421e-8ac7-200c2e9b483b-groupManagement] INFO  server.RaftServerConfigKeys (ConfUtils.java:logGet(46)) - raft.server.log.segment.cache.size.max = 200MB (=209715200) (default)
2023-12-01 12:07:48,116 [0d726c29-49a1-421e-8ac7-200c2e9b483b-groupManagement] INFO  server.RaftServerConfigKeys (ConfUtils.java:logGet(46)) - raft.server.log.appender.buffer.byte-limit = 33554432 (custom)
2023-12-01 12:07:48,116 [0d726c29-49a1-421e-8ac7-200c2e9b483b-groupManagement] INFO  util.AwaitToRun (AwaitToRun.java:start(81)) - Thread[0d726c29-49a1-421e-8ac7-200c2e9b483b@group-A1DF1286BA7E-cacheEviction-AwaitToRun,5,main] started
2023-12-01 12:07:48,116 [0d726c29-49a1-421e-8ac7-200c2e9b483b-groupManagement] INFO  segmented.SegmentedRaftLogWorker (SegmentedRaftLogWorker.java:<init>(184)) - new 0d726c29-49a1-421e-8ac7-200c2e9b483b@group-A1DF1286BA7E-SegmentedRaftLogWorker for RaftStorageImpl:Storage Directory /home/runner/work/ozone/ozone/hadoop-ozone/integration-test/target/test-dir/MiniOzoneClusterImpl-b249f779-13f2-4d94-9d49-8f38c7514c74/datanode-4/data/ratis/ccffce69-d00a-452b-8d46-a1df1286ba7e
2023-12-01 12:07:48,116 [0d726c29-49a1-421e-8ac7-200c2e9b483b-groupManagement] INFO  server.RaftServerConfigKeys (ConfUtils.java:logGet(46)) - raft.server.log.queue.byte-limit = 4294967296 (custom)
2023-12-01 12:07:48,116 [0d726c29-49a1-421e-8ac7-200c2e9b483b-groupManagement] INFO  server.RaftServerConfigKeys (ConfUtils.java:logGet(46)) - raft.server.log.queue.element-limit = 1024 (custom)
2023-12-01 12:07:48,117 [0d726c29-49a1-421e-8ac7-200c2e9b483b-groupManagement] INFO  server.RaftServerConfigKeys (ConfUtils.java:logGet(46)) - raft.server.log.segment.size.max = 67108864 (custom)
2023-12-01 12:07:48,117 [0d726c29-49a1-421e-8ac7-200c2e9b483b-groupManagement] INFO  server.RaftServerConfigKeys (ConfUtils.java:logGet(46)) - raft.server.log.preallocated.size = 4194304 (custom)
2023-12-01 12:07:48,117 [0d726c29-49a1-421e-8ac7-200c2e9b483b-groupManagement] INFO  server.RaftServerConfigKeys (ConfUtils.java:logGet(46)) - raft.server.log.force.sync.num = 128 (default)
2023-12-01 12:07:48,117 [0d726c29-49a1-421e-8ac7-200c2e9b483b-groupManagement] INFO  server.RaftServerConfigKeys (ConfUtils.java:logGet(46)) - raft.server.log.statemachine.data.sync = true (default)
2023-12-01 12:07:48,117 [0d726c29-49a1-421e-8ac7-200c2e9b483b-groupManagement] INFO  server.RaftServerConfigKeys (ConfUtils.java:logGet(46)) - raft.server.log.statemachine.data.sync.timeout = 10s (default)
2023-12-01 12:07:48,117 [0d726c29-49a1-421e-8ac7-200c2e9b483b-groupManagement] INFO  server.RaftServerConfigKeys (ConfUtils.java:logGet(46)) - raft.server.log.statemachine.data.sync.timeout.retry = -1 (default)
2023-12-01 12:07:48,117 [0d726c29-49a1-421e-8ac7-200c2e9b483b-groupManagement] INFO  server.RaftServerConfigKeys (ConfUtils.java:logGet(46)) - raft.server.log.write.buffer.size = 2097152 (custom)
2023-12-01 12:07:48,118 [0d726c29-49a1-421e-8ac7-200c2e9b483b-groupManagement] INFO  server.RaftServerConfigKeys (ConfUtils.java:logGet(46)) - raft.server.log.appender.buffer.byte-limit = 33554432 (custom)
2023-12-01 12:07:48,119 [0d726c29-49a1-421e-8ac7-200c2e9b483b-groupManagement] INFO  server.RaftServerConfigKeys (ConfUtils.java:logGet(46)) - raft.server.log.unsafe-flush.enabled = false (default)
2023-12-01 12:07:48,119 [0d726c29-49a1-421e-8ac7-200c2e9b483b-groupManagement] INFO  server.RaftServerConfigKeys (ConfUtils.java:logGet(46)) - raft.server.log.async-flush.enabled = false (default)
2023-12-01 12:07:48,120 [0d726c29-49a1-421e-8ac7-200c2e9b483b-groupManagement] INFO  server.RaftServerConfigKeys (ConfUtils.java:logGet(46)) - raft.server.log.statemachine.data.caching.enabled = true (custom)
2023-12-01 12:07:48,120 [0d726c29-49a1-421e-8ac7-200c2e9b483b-groupManagement] INFO  segmented.SegmentedRaftLogWorker (SegmentedRaftLogWorker.java:lambda$new$0(135)) - 0d726c29-49a1-421e-8ac7-200c2e9b483b@group-A1DF1286BA7E-SegmentedRaftLogWorker: flushIndex: setUnconditionally 0 -> -1
2023-12-01 12:07:48,120 [0d726c29-49a1-421e-8ac7-200c2e9b483b-groupManagement] INFO  segmented.SegmentedRaftLogWorker (SegmentedRaftLogWorker.java:lambda$new$0(135)) - 0d726c29-49a1-421e-8ac7-200c2e9b483b@group-A1DF1286BA7E-SegmentedRaftLogWorker: safeCacheEvictIndex: setUnconditionally 0 -> -1
2023-12-01 12:07:48,120 [0d726c29-49a1-421e-8ac7-200c2e9b483b-groupManagement] INFO  server.RaftServer$Division (RaftServerImpl.java:start(392)) - 0d726c29-49a1-421e-8ac7-200c2e9b483b@group-A1DF1286BA7E: start as a follower, conf=-1: peers:[76b9be1d-1bf0-4a28-acca-c5c2681cc872|10.1.0.24:15120, 0d726c29-49a1-421e-8ac7-200c2e9b483b|10.1.0.24:15147, af140fa9-d57b-4d38-ac23-ee5728971003|10.1.0.24:15111]|listeners:[], old=null
2023-12-01 12:07:48,120 [0d726c29-49a1-421e-8ac7-200c2e9b483b-groupManagement] INFO  server.RaftServer$Division (RaftServerImpl.java:setRole(379)) - 0d726c29-49a1-421e-8ac7-200c2e9b483b@group-A1DF1286BA7E: changes role from      null to FOLLOWER at term 0 for startAsFollower
2023-12-01 12:07:48,120 [0d726c29-49a1-421e-8ac7-200c2e9b483b-groupManagement] INFO  impl.RoleInfo (RoleInfo.java:updateAndGet(139)) - 0d726c29-49a1-421e-8ac7-200c2e9b483b: start 0d726c29-49a1-421e-8ac7-200c2e9b483b@group-A1DF1286BA7E-FollowerState
2023-12-01 12:07:48,120 [0d726c29-49a1-421e-8ac7-200c2e9b483b@group-A1DF1286BA7E-FollowerState] INFO  server.RaftServerConfigKeys (ConfUtils.java:logFallback(53)) - raft.server.rpc.first-election.timeout.min = 5s (fallback to raft.server.rpc.timeout.min)
2023-12-01 12:07:48,120 [0d726c29-49a1-421e-8ac7-200c2e9b483b-groupManagement] INFO  util.JmxRegister (JmxRegister.java:tryRegister(44)) - Successfully registered JMX Bean with object name Ratis:service=RaftServer,group=group-A1DF1286BA7E,id=0d726c29-49a1-421e-8ac7-200c2e9b483b
2023-12-01 12:07:48,120 [0d726c29-49a1-421e-8ac7-200c2e9b483b@group-A1DF1286BA7E-FollowerState] INFO  server.RaftServerConfigKeys (ConfUtils.java:logFallback(53)) - raft.server.rpc.first-election.timeout.max = 5200ms (fallback to raft.server.rpc.timeout.max)
2023-12-01 12:07:48,120 [0d726c29-49a1-421e-8ac7-200c2e9b483b-groupManagement] INFO  server.RaftServerConfigKeys (ConfUtils.java:logGet(46)) - raft.server.snapshot.trigger-when-stop.enabled = true (default)
2023-12-01 12:07:48,120 [0d726c29-49a1-421e-8ac7-200c2e9b483b-groupManagement] INFO  server.RaftServerConfigKeys (ConfUtils.java:logGet(46)) - raft.server.snapshot.auto.trigger.enabled = true (custom)
2023-12-01 12:07:48,120 [0d726c29-49a1-421e-8ac7-200c2e9b483b-groupManagement] INFO  server.RaftServerConfigKeys (ConfUtils.java:logGet(46)) - raft.server.snapshot.auto.trigger.threshold = 10000 (custom)
2023-12-01 12:07:48,120 [0d726c29-49a1-421e-8ac7-200c2e9b483b-groupManagement] INFO  server.RaftServerConfigKeys (ConfUtils.java:logGet(46)) - raft.server.snapshot.retention.file.num = 5 (custom)
2023-12-01 12:07:48,121 [0d726c29-49a1-421e-8ac7-200c2e9b483b-groupManagement] INFO  server.RaftServerConfigKeys (ConfUtils.java:logGet(46)) - raft.server.log.purge.upto.snapshot.index = false (default)
2023-12-01 12:07:48,125 [af140fa9-d57b-4d38-ac23-ee5728971003-PipelineCommandHandlerThread-0] INFO  commandhandler.CreatePipelineCommandHandler (CreatePipelineCommandHandler.java:lambda$handle$2(124)) - Created Pipeline RATIS THREE PipelineID=ccffce69-d00a-452b-8d46-a1df1286ba7e.
2023-12-01 12:07:48,125 [af140fa9-d57b-4d38-ac23-ee5728971003-PipelineCommandHandlerThread-0] INFO  server.RaftServer (RaftServerProxy.java:addNew(100)) - af140fa9-d57b-4d38-ac23-ee5728971003: addNew group-55A70DD5F5D9:[0d726c29-49a1-421e-8ac7-200c2e9b483b|10.1.0.24:15147, 36feb706-8d2b-450d-bbd6-33af8c2d1a3d|10.1.0.24:15129, af140fa9-d57b-4d38-ac23-ee5728971003|10.1.0.24:15111] returns group-55A70DD5F5D9:java.util.concurrent.CompletableFuture@7684bf39[Not completed]
2023-12-01 12:07:48,126 [af140fa9-d57b-4d38-ac23-ee5728971003-groupManagement] INFO  server.RaftServer$Division (RaftServerImpl.java:<init>(256)) - af140fa9-d57b-4d38-ac23-ee5728971003: new RaftServerImpl for group-55A70DD5F5D9:[0d726c29-49a1-421e-8ac7-200c2e9b483b|10.1.0.24:15147, 36feb706-8d2b-450d-bbd6-33af8c2d1a3d|10.1.0.24:15129, af140fa9-d57b-4d38-ac23-ee5728971003|10.1.0.24:15111] with ContainerStateMachine:uninitialized
2023-12-01 12:07:48,126 [af140fa9-d57b-4d38-ac23-ee5728971003-groupManagement] INFO  server.RaftServerConfigKeys (ConfUtils.java:logGet(46)) - raft.server.rpc.timeout.min = 5s (custom)
2023-12-01 12:07:48,126 [af140fa9-d57b-4d38-ac23-ee5728971003-groupManagement] INFO  server.RaftServerConfigKeys (ConfUtils.java:logGet(46)) - raft.server.rpc.timeout.max = 5200ms (custom)
2023-12-01 12:07:48,126 [af140fa9-d57b-4d38-ac23-ee5728971003-groupManagement] INFO  server.RaftServerConfigKeys (ConfUtils.java:logGet(46)) - raft.server.rpc.sleep.time = 25ms (default)
2023-12-01 12:07:48,126 [af140fa9-d57b-4d38-ac23-ee5728971003-groupManagement] INFO  server.RaftServerConfigKeys (ConfUtils.java:logGet(46)) - raft.server.rpc.slowness.timeout = 300s (custom)
2023-12-01 12:07:48,126 [af140fa9-d57b-4d38-ac23-ee5728971003-groupManagement] INFO  server.RaftServerConfigKeys (ConfUtils.java:logGet(46)) - raft.server.leaderelection.leader.step-down.wait-time = 10s (default)
2023-12-01 12:07:48,126 [af140fa9-d57b-4d38-ac23-ee5728971003-groupManagement] INFO  server.RaftServerConfigKeys (ConfUtils.java:logGet(46)) - raft.server.leaderelection.member.majority-add = false (default)
2023-12-01 12:07:48,126 [af140fa9-d57b-4d38-ac23-ee5728971003-groupManagement] INFO  server.RaftServerConfigKeys (ConfUtils.java:logGet(46)) - raft.server.sleep.deviation.threshold = 300ms (default)
2023-12-01 12:07:48,126 [af140fa9-d57b-4d38-ac23-ee5728971003-groupManagement] INFO  server.RaftServer$Division (ServerState.java:<init>(113)) - af140fa9-d57b-4d38-ac23-ee5728971003@group-55A70DD5F5D9: ConfigurationManager, init=-1: peers:[0d726c29-49a1-421e-8ac7-200c2e9b483b|10.1.0.24:15147, 36feb706-8d2b-450d-bbd6-33af8c2d1a3d|10.1.0.24:15129, af140fa9-d57b-4d38-ac23-ee5728971003|10.1.0.24:15111]|listeners:[], old=null, confs=<EMPTY_MAP>
2023-12-01 12:07:48,126 [af140fa9-d57b-4d38-ac23-ee5728971003-groupManagement] INFO  server.RaftServerConfigKeys (ConfUtils.java:logGet(46)) - raft.server.notification.no-leader.timeout = 300s (custom)
2023-12-01 12:07:48,126 [af140fa9-d57b-4d38-ac23-ee5728971003-groupManagement] INFO  server.RaftServerConfigKeys (ConfUtils.java:logGet(46)) - raft.server.read.timeout = 10s (default)
2023-12-01 12:07:48,126 [af140fa9-d57b-4d38-ac23-ee5728971003-groupManagement] INFO  server.RaftServerConfigKeys (ConfUtils.java:logGet(46)) - raft.server.retrycache.expirytime = 600000ms (custom)
2023-12-01 12:07:48,126 [af140fa9-d57b-4d38-ac23-ee5728971003-groupManagement] INFO  server.RaftServerConfigKeys (ConfUtils.java:logGet(46)) - raft.server.retrycache.statistics.expirytime = 100ms (default)
2023-12-01 12:07:48,126 [af140fa9-d57b-4d38-ac23-ee5728971003-groupManagement] INFO  server.RaftServerConfigKeys (ConfUtils.java:logGet(46)) - raft.server.read.option = DEFAULT (default)
2023-12-01 12:07:48,126 [af140fa9-d57b-4d38-ac23-ee5728971003-groupManagement] INFO  server.RaftServerConfigKeys (ConfUtils.java:logGet(46)) - raft.server.read.read-after-write-consistent.write-index-cache.expiry-time = 60s (default)
2023-12-01 12:07:48,128 [af140fa9-d57b-4d38-ac23-ee5728971003-groupManagement] INFO  server.RaftServerConfigKeys (ConfUtils.java:logGet(46)) - raft.server.rpc.request.timeout = 60s (custom)
2023-12-01 12:07:48,128 [af140fa9-d57b-4d38-ac23-ee5728971003-groupManagement] INFO  server.RaftServerConfigKeys (ConfUtils.java:logGet(46)) - raft.server.log.appender.install.snapshot.enabled = false (custom)
2023-12-01 12:07:48,128 [af140fa9-d57b-4d38-ac23-ee5728971003-groupManagement] INFO  server.RaftServerConfigKeys (ConfUtils.java:logGet(46)) - raft.server.threadpool.server.cached = true (default)
2023-12-01 12:07:48,128 [af140fa9-d57b-4d38-ac23-ee5728971003-groupManagement] INFO  server.RaftServerConfigKeys (ConfUtils.java:logGet(46)) - raft.server.threadpool.server.size = 0 (default)
2023-12-01 12:07:48,128 [af140fa9-d57b-4d38-ac23-ee5728971003-groupManagement] INFO  server.RaftServerConfigKeys (ConfUtils.java:logGet(46)) - raft.server.threadpool.client.cached = true (default)
2023-12-01 12:07:48,128 [af140fa9-d57b-4d38-ac23-ee5728971003-groupManagement] INFO  server.RaftServerConfigKeys (ConfUtils.java:logGet(46)) - raft.server.threadpool.client.size = 0 (default)
2023-12-01 12:07:48,128 [af140fa9-d57b-4d38-ac23-ee5728971003-groupManagement] INFO  server.RaftServerConfigKeys (ConfUtils.java:logGet(46)) - raft.server.storage.free-space.min = 0MB (=0) (default)
2023-12-01 12:07:48,128 [af140fa9-d57b-4d38-ac23-ee5728971003-groupManagement] INFO  server.RaftServerConfigKeys (ConfUtils.java:logGet(46)) - raft.server.log.corruption.policy = EXCEPTION (default)
2023-12-01 12:07:48,128 [af140fa9-d57b-4d38-ac23-ee5728971003-groupManagement] INFO  server.RaftServerConfigKeys (ConfUtils.java:logGet(46)) - raft.server.storage.dir = [/home/runner/work/ozone/ozone/hadoop-ozone/integration-test/target/test-dir/MiniOzoneClusterImpl-b249f779-13f2-4d94-9d49-8f38c7514c74/datanode-0/data/ratis] (custom)
2023-12-01 12:07:48,128 [af140fa9-d57b-4d38-ac23-ee5728971003-groupManagement] INFO  storage.RaftStorageDirectory (RaftStorageDirectoryImpl.java:analyzeStorage(138)) - The storage directory /home/runner/work/ozone/ozone/hadoop-ozone/integration-test/target/test-dir/MiniOzoneClusterImpl-b249f779-13f2-4d94-9d49-8f38c7514c74/datanode-0/data/ratis/1cae7672-3d5a-4ee4-97b4-55a70dd5f5d9 does not exist. Creating ...
2023-12-01 12:07:48,129 [af140fa9-d57b-4d38-ac23-ee5728971003-groupManagement] INFO  storage.RaftStorageDirectory (RaftStorageDirectoryImpl.java:tryLock(232)) - Lock on /home/runner/work/ozone/ozone/hadoop-ozone/integration-test/target/test-dir/MiniOzoneClusterImpl-b249f779-13f2-4d94-9d49-8f38c7514c74/datanode-0/data/ratis/1cae7672-3d5a-4ee4-97b4-55a70dd5f5d9/in_use.lock acquired by nodename 15370@fv-az1423-675
2023-12-01 12:07:48,130 [af140fa9-d57b-4d38-ac23-ee5728971003-groupManagement] INFO  storage.RaftStorage (RaftStorageImpl.java:format(97)) - Storage directory /home/runner/work/ozone/ozone/hadoop-ozone/integration-test/target/test-dir/MiniOzoneClusterImpl-b249f779-13f2-4d94-9d49-8f38c7514c74/datanode-0/data/ratis/1cae7672-3d5a-4ee4-97b4-55a70dd5f5d9 has been successfully formatted.
2023-12-01 12:07:48,130 [af140fa9-d57b-4d38-ac23-ee5728971003-groupManagement] INFO  ratis.ContainerStateMachine (ContainerStateMachine.java:loadSnapshot(269)) - group-55A70DD5F5D9: The snapshot info is null. Setting the last applied indexto:(t:0, i:~)
2023-12-01 12:07:48,130 [af140fa9-d57b-4d38-ac23-ee5728971003-groupManagement] INFO  server.RaftServerConfigKeys (ConfUtils.java:logGet(46)) - raft.server.log.use.memory = false (default)
2023-12-01 12:07:48,130 [af140fa9-d57b-4d38-ac23-ee5728971003-groupManagement] INFO  server.RaftServerConfigKeys (ConfUtils.java:logGet(46)) - raft.server.log.purge.gap = 1000000 (custom)
2023-12-01 12:07:48,131 [af140fa9-d57b-4d38-ac23-ee5728971003-groupManagement] INFO  server.RaftServerConfigKeys (ConfUtils.java:logGet(46)) - raft.server.log.appender.buffer.byte-limit = 33554432 (custom)
2023-12-01 12:07:48,131 [af140fa9-d57b-4d38-ac23-ee5728971003-groupManagement] INFO  server.RaftServerConfigKeys (ConfUtils.java:logGet(46)) - raft.server.log.statemachine.data.read.timeout = 1000ms (default)
2023-12-01 12:07:48,131 [af140fa9-d57b-4d38-ac23-ee5728971003-groupManagement] INFO  server.RaftServerConfigKeys (ConfUtils.java:logGet(46)) - raft.server.log.purge.preservation.log.num = 0 (default)
2023-12-01 12:07:48,132 [af140fa9-d57b-4d38-ac23-ee5728971003-groupManagement] INFO  server.RaftServerConfigKeys (ConfUtils.java:logGet(46)) - raft.server.log.segment.size.max = 67108864 (custom)
2023-12-01 12:07:48,132 [af140fa9-d57b-4d38-ac23-ee5728971003-groupManagement] INFO  server.RaftServerConfigKeys (ConfUtils.java:logGet(46)) - raft.server.log.segment.cache.num.max = 2 (custom)
2023-12-01 12:07:48,132 [af140fa9-d57b-4d38-ac23-ee5728971003-groupManagement] INFO  server.RaftServerConfigKeys (ConfUtils.java:logGet(46)) - raft.server.log.segment.cache.size.max = 200MB (=209715200) (default)
2023-12-01 12:07:48,132 [af140fa9-d57b-4d38-ac23-ee5728971003-groupManagement] INFO  server.RaftServerConfigKeys (ConfUtils.java:logGet(46)) - raft.server.log.appender.buffer.byte-limit = 33554432 (custom)
2023-12-01 12:07:48,132 [af140fa9-d57b-4d38-ac23-ee5728971003-groupManagement] INFO  util.AwaitToRun (AwaitToRun.java:start(81)) - Thread[af140fa9-d57b-4d38-ac23-ee5728971003@group-55A70DD5F5D9-cacheEviction-AwaitToRun,5,main] started
2023-12-01 12:07:48,132 [af140fa9-d57b-4d38-ac23-ee5728971003-groupManagement] INFO  segmented.SegmentedRaftLogWorker (SegmentedRaftLogWorker.java:<init>(184)) - new af140fa9-d57b-4d38-ac23-ee5728971003@group-55A70DD5F5D9-SegmentedRaftLogWorker for RaftStorageImpl:Storage Directory /home/runner/work/ozone/ozone/hadoop-ozone/integration-test/target/test-dir/MiniOzoneClusterImpl-b249f779-13f2-4d94-9d49-8f38c7514c74/datanode-0/data/ratis/1cae7672-3d5a-4ee4-97b4-55a70dd5f5d9
2023-12-01 12:07:48,132 [af140fa9-d57b-4d38-ac23-ee5728971003-groupManagement] INFO  server.RaftServerConfigKeys (ConfUtils.java:logGet(46)) - raft.server.log.queue.byte-limit = 4294967296 (custom)
2023-12-01 12:07:48,132 [af140fa9-d57b-4d38-ac23-ee5728971003-groupManagement] INFO  server.RaftServerConfigKeys (ConfUtils.java:logGet(46)) - raft.server.log.queue.element-limit = 1024 (custom)
2023-12-01 12:07:48,132 [af140fa9-d57b-4d38-ac23-ee5728971003-groupManagement] INFO  server.RaftServerConfigKeys (ConfUtils.java:logGet(46)) - raft.server.log.segment.size.max = 67108864 (custom)
2023-12-01 12:07:48,133 [af140fa9-d57b-4d38-ac23-ee5728971003-groupManagement] INFO  server.RaftServerConfigKeys (ConfUtils.java:logGet(46)) - raft.server.log.preallocated.size = 4194304 (custom)
2023-12-01 12:07:48,133 [af140fa9-d57b-4d38-ac23-ee5728971003-groupManagement] INFO  server.RaftServerConfigKeys (ConfUtils.java:logGet(46)) - raft.server.log.force.sync.num = 128 (default)
2023-12-01 12:07:48,133 [af140fa9-d57b-4d38-ac23-ee5728971003-groupManagement] INFO  server.RaftServerConfigKeys (ConfUtils.java:logGet(46)) - raft.server.log.statemachine.data.sync = true (default)
2023-12-01 12:07:48,133 [af140fa9-d57b-4d38-ac23-ee5728971003-groupManagement] INFO  server.RaftServerConfigKeys (ConfUtils.java:logGet(46)) - raft.server.log.statemachine.data.sync.timeout = 10s (default)
2023-12-01 12:07:48,133 [af140fa9-d57b-4d38-ac23-ee5728971003-groupManagement] INFO  server.RaftServerConfigKeys (ConfUtils.java:logGet(46)) - raft.server.log.statemachine.data.sync.timeout.retry = -1 (default)
2023-12-01 12:07:48,133 [af140fa9-d57b-4d38-ac23-ee5728971003-groupManagement] INFO  server.RaftServerConfigKeys (ConfUtils.java:logGet(46)) - raft.server.log.write.buffer.size = 2097152 (custom)
2023-12-01 12:07:48,134 [af140fa9-d57b-4d38-ac23-ee5728971003-groupManagement] INFO  server.RaftServerConfigKeys (ConfUtils.java:logGet(46)) - raft.server.log.appender.buffer.byte-limit = 33554432 (custom)
2023-12-01 12:07:48,136 [af140fa9-d57b-4d38-ac23-ee5728971003-groupManagement] INFO  server.RaftServerConfigKeys (ConfUtils.java:logGet(46)) - raft.server.log.unsafe-flush.enabled = false (default)
2023-12-01 12:07:48,136 [af140fa9-d57b-4d38-ac23-ee5728971003-groupManagement] INFO  server.RaftServerConfigKeys (ConfUtils.java:logGet(46)) - raft.server.log.async-flush.enabled = false (default)
2023-12-01 12:07:48,136 [af140fa9-d57b-4d38-ac23-ee5728971003-groupManagement] INFO  server.RaftServerConfigKeys (ConfUtils.java:logGet(46)) - raft.server.log.statemachine.data.caching.enabled = true (custom)
2023-12-01 12:07:48,136 [af140fa9-d57b-4d38-ac23-ee5728971003-groupManagement] INFO  segmented.SegmentedRaftLogWorker (SegmentedRaftLogWorker.java:lambda$new$0(135)) - af140fa9-d57b-4d38-ac23-ee5728971003@group-55A70DD5F5D9-SegmentedRaftLogWorker: flushIndex: setUnconditionally 0 -> -1
2023-12-01 12:07:48,136 [af140fa9-d57b-4d38-ac23-ee5728971003-groupManagement] INFO  segmented.SegmentedRaftLogWorker (SegmentedRaftLogWorker.java:lambda$new$0(135)) - af140fa9-d57b-4d38-ac23-ee5728971003@group-55A70DD5F5D9-SegmentedRaftLogWorker: safeCacheEvictIndex: setUnconditionally 0 -> -1
2023-12-01 12:07:48,136 [af140fa9-d57b-4d38-ac23-ee5728971003-groupManagement] INFO  server.RaftServer$Division (RaftServerImpl.java:start(392)) - af140fa9-d57b-4d38-ac23-ee5728971003@group-55A70DD5F5D9: start as a follower, conf=-1: peers:[0d726c29-49a1-421e-8ac7-200c2e9b483b|10.1.0.24:15147, 36feb706-8d2b-450d-bbd6-33af8c2d1a3d|10.1.0.24:15129, af140fa9-d57b-4d38-ac23-ee5728971003|10.1.0.24:15111]|listeners:[], old=null
2023-12-01 12:07:48,136 [af140fa9-d57b-4d38-ac23-ee5728971003-groupManagement] INFO  server.RaftServer$Division (RaftServerImpl.java:setRole(379)) - af140fa9-d57b-4d38-ac23-ee5728971003@group-55A70DD5F5D9: changes role from      null to FOLLOWER at term 0 for startAsFollower
2023-12-01 12:07:48,136 [af140fa9-d57b-4d38-ac23-ee5728971003-groupManagement] INFO  impl.RoleInfo (RoleInfo.java:updateAndGet(139)) - af140fa9-d57b-4d38-ac23-ee5728971003: start af140fa9-d57b-4d38-ac23-ee5728971003@group-55A70DD5F5D9-FollowerState
2023-12-01 12:07:48,136 [af140fa9-d57b-4d38-ac23-ee5728971003@group-55A70DD5F5D9-FollowerState] INFO  server.RaftServerConfigKeys (ConfUtils.java:logFallback(53)) - raft.server.rpc.first-election.timeout.min = 5s (fallback to raft.server.rpc.timeout.min)
2023-12-01 12:07:48,136 [af140fa9-d57b-4d38-ac23-ee5728971003-groupManagement] INFO  util.JmxRegister (JmxRegister.java:tryRegister(44)) - Successfully registered JMX Bean with object name Ratis:service=RaftServer,group=group-55A70DD5F5D9,id=af140fa9-d57b-4d38-ac23-ee5728971003
2023-12-01 12:07:48,136 [af140fa9-d57b-4d38-ac23-ee5728971003@group-55A70DD5F5D9-FollowerState] INFO  server.RaftServerConfigKeys (ConfUtils.java:logFallback(53)) - raft.server.rpc.first-election.timeout.max = 5200ms (fallback to raft.server.rpc.timeout.max)
2023-12-01 12:07:48,137 [af140fa9-d57b-4d38-ac23-ee5728971003-groupManagement] INFO  server.RaftServerConfigKeys (ConfUtils.java:logGet(46)) - raft.server.snapshot.trigger-when-stop.enabled = true (default)
2023-12-01 12:07:48,137 [af140fa9-d57b-4d38-ac23-ee5728971003-groupManagement] INFO  server.RaftServerConfigKeys (ConfUtils.java:logGet(46)) - raft.server.snapshot.auto.trigger.enabled = true (custom)
2023-12-01 12:07:48,137 [af140fa9-d57b-4d38-ac23-ee5728971003-groupManagement] INFO  server.RaftServerConfigKeys (ConfUtils.java:logGet(46)) - raft.server.snapshot.auto.trigger.threshold = 10000 (custom)
2023-12-01 12:07:48,137 [af140fa9-d57b-4d38-ac23-ee5728971003-groupManagement] INFO  server.RaftServerConfigKeys (ConfUtils.java:logGet(46)) - raft.server.snapshot.retention.file.num = 5 (custom)
2023-12-01 12:07:48,137 [af140fa9-d57b-4d38-ac23-ee5728971003-groupManagement] INFO  server.RaftServerConfigKeys (ConfUtils.java:logGet(46)) - raft.server.log.purge.upto.snapshot.index = false (default)
2023-12-01 12:07:48,137 [af140fa9-d57b-4d38-ac23-ee5728971003-PipelineCommandHandlerThread-0] INFO  ratis.XceiverServerRatis (XceiverServerRatis.java:addGroup(814)) - Created group PipelineID=1cae7672-3d5a-4ee4-97b4-55a70dd5f5d9
2023-12-01 12:07:48,142 [grpc-default-executor-2] INFO  server.RaftServer (RaftServerProxy.java:addNew(100)) - 0d726c29-49a1-421e-8ac7-200c2e9b483b: addNew group-55A70DD5F5D9:[0d726c29-49a1-421e-8ac7-200c2e9b483b|10.1.0.24:15147, 36feb706-8d2b-450d-bbd6-33af8c2d1a3d|10.1.0.24:15129, af140fa9-d57b-4d38-ac23-ee5728971003|10.1.0.24:15111] returns group-55A70DD5F5D9:java.util.concurrent.CompletableFuture@90b21a7[Not completed]
2023-12-01 12:07:48,143 [0d726c29-49a1-421e-8ac7-200c2e9b483b-groupManagement] INFO  server.RaftServer$Division (RaftServerImpl.java:<init>(256)) - 0d726c29-49a1-421e-8ac7-200c2e9b483b: new RaftServerImpl for group-55A70DD5F5D9:[0d726c29-49a1-421e-8ac7-200c2e9b483b|10.1.0.24:15147, 36feb706-8d2b-450d-bbd6-33af8c2d1a3d|10.1.0.24:15129, af140fa9-d57b-4d38-ac23-ee5728971003|10.1.0.24:15111] with ContainerStateMachine:uninitialized
2023-12-01 12:07:48,143 [0d726c29-49a1-421e-8ac7-200c2e9b483b-groupManagement] INFO  server.RaftServerConfigKeys (ConfUtils.java:logGet(46)) - raft.server.rpc.timeout.min = 5s (custom)
2023-12-01 12:07:48,143 [0d726c29-49a1-421e-8ac7-200c2e9b483b-groupManagement] INFO  server.RaftServerConfigKeys (ConfUtils.java:logGet(46)) - raft.server.rpc.timeout.max = 5200ms (custom)
2023-12-01 12:07:48,143 [0d726c29-49a1-421e-8ac7-200c2e9b483b-groupManagement] INFO  server.RaftServerConfigKeys (ConfUtils.java:logGet(46)) - raft.server.rpc.sleep.time = 25ms (default)
2023-12-01 12:07:48,143 [0d726c29-49a1-421e-8ac7-200c2e9b483b-groupManagement] INFO  server.RaftServerConfigKeys (ConfUtils.java:logGet(46)) - raft.server.rpc.slowness.timeout = 300s (custom)
2023-12-01 12:07:48,143 [0d726c29-49a1-421e-8ac7-200c2e9b483b-groupManagement] INFO  server.RaftServerConfigKeys (ConfUtils.java:logGet(46)) - raft.server.leaderelection.leader.step-down.wait-time = 10s (default)
2023-12-01 12:07:48,143 [0d726c29-49a1-421e-8ac7-200c2e9b483b-groupManagement] INFO  server.RaftServerConfigKeys (ConfUtils.java:logGet(46)) - raft.server.leaderelection.member.majority-add = false (default)
2023-12-01 12:07:48,144 [0d726c29-49a1-421e-8ac7-200c2e9b483b-groupManagement] INFO  server.RaftServerConfigKeys (ConfUtils.java:logGet(46)) - raft.server.sleep.deviation.threshold = 300ms (default)
2023-12-01 12:07:48,144 [0d726c29-49a1-421e-8ac7-200c2e9b483b-groupManagement] INFO  server.RaftServer$Division (ServerState.java:<init>(113)) - 0d726c29-49a1-421e-8ac7-200c2e9b483b@group-55A70DD5F5D9: ConfigurationManager, init=-1: peers:[0d726c29-49a1-421e-8ac7-200c2e9b483b|10.1.0.24:15147, 36feb706-8d2b-450d-bbd6-33af8c2d1a3d|10.1.0.24:15129, af140fa9-d57b-4d38-ac23-ee5728971003|10.1.0.24:15111]|listeners:[], old=null, confs=<EMPTY_MAP>
2023-12-01 12:07:48,144 [0d726c29-49a1-421e-8ac7-200c2e9b483b-groupManagement] INFO  server.RaftServerConfigKeys (ConfUtils.java:logGet(46)) - raft.server.notification.no-leader.timeout = 300s (custom)
2023-12-01 12:07:48,144 [0d726c29-49a1-421e-8ac7-200c2e9b483b-groupManagement] INFO  server.RaftServerConfigKeys (ConfUtils.java:logGet(46)) - raft.server.read.timeout = 10s (default)
2023-12-01 12:07:48,144 [0d726c29-49a1-421e-8ac7-200c2e9b483b-groupManagement] INFO  server.RaftServerConfigKeys (ConfUtils.java:logGet(46)) - raft.server.retrycache.expirytime = 600000ms (custom)
2023-12-01 12:07:48,144 [0d726c29-49a1-421e-8ac7-200c2e9b483b-groupManagement] INFO  server.RaftServerConfigKeys (ConfUtils.java:logGet(46)) - raft.server.retrycache.statistics.expirytime = 100ms (default)
2023-12-01 12:07:48,144 [0d726c29-49a1-421e-8ac7-200c2e9b483b-groupManagement] INFO  server.RaftServerConfigKeys (ConfUtils.java:logGet(46)) - raft.server.read.option = DEFAULT (default)
2023-12-01 12:07:48,144 [0d726c29-49a1-421e-8ac7-200c2e9b483b-groupManagement] INFO  server.RaftServerConfigKeys (ConfUtils.java:logGet(46)) - raft.server.read.read-after-write-consistent.write-index-cache.expiry-time = 60s (default)
2023-12-01 12:07:48,146 [0d726c29-49a1-421e-8ac7-200c2e9b483b-groupManagement] INFO  server.RaftServerConfigKeys (ConfUtils.java:logGet(46)) - raft.server.rpc.request.timeout = 60s (custom)
2023-12-01 12:07:48,146 [0d726c29-49a1-421e-8ac7-200c2e9b483b-groupManagement] INFO  server.RaftServerConfigKeys (ConfUtils.java:logGet(46)) - raft.server.log.appender.install.snapshot.enabled = false (custom)
2023-12-01 12:07:48,146 [0d726c29-49a1-421e-8ac7-200c2e9b483b-groupManagement] INFO  server.RaftServerConfigKeys (ConfUtils.java:logGet(46)) - raft.server.threadpool.server.cached = true (default)
2023-12-01 12:07:48,146 [0d726c29-49a1-421e-8ac7-200c2e9b483b-groupManagement] INFO  server.RaftServerConfigKeys (ConfUtils.java:logGet(46)) - raft.server.threadpool.server.size = 0 (default)
2023-12-01 12:07:48,146 [0d726c29-49a1-421e-8ac7-200c2e9b483b-groupManagement] INFO  server.RaftServerConfigKeys (ConfUtils.java:logGet(46)) - raft.server.threadpool.client.cached = true (default)
2023-12-01 12:07:48,146 [0d726c29-49a1-421e-8ac7-200c2e9b483b-groupManagement] INFO  server.RaftServerConfigKeys (ConfUtils.java:logGet(46)) - raft.server.threadpool.client.size = 0 (default)
2023-12-01 12:07:48,146 [0d726c29-49a1-421e-8ac7-200c2e9b483b-groupManagement] INFO  server.RaftServerConfigKeys (ConfUtils.java:logGet(46)) - raft.server.storage.free-space.min = 0MB (=0) (default)
2023-12-01 12:07:48,146 [0d726c29-49a1-421e-8ac7-200c2e9b483b-groupManagement] INFO  server.RaftServerConfigKeys (ConfUtils.java:logGet(46)) - raft.server.log.corruption.policy = EXCEPTION (default)
2023-12-01 12:07:48,146 [0d726c29-49a1-421e-8ac7-200c2e9b483b-groupManagement] INFO  server.RaftServerConfigKeys (ConfUtils.java:logGet(46)) - raft.server.storage.dir = [/home/runner/work/ozone/ozone/hadoop-ozone/integration-test/target/test-dir/MiniOzoneClusterImpl-b249f779-13f2-4d94-9d49-8f38c7514c74/datanode-4/data/ratis] (custom)
2023-12-01 12:07:48,147 [0d726c29-49a1-421e-8ac7-200c2e9b483b-groupManagement] INFO  storage.RaftStorageDirectory (RaftStorageDirectoryImpl.java:analyzeStorage(138)) - The storage directory /home/runner/work/ozone/ozone/hadoop-ozone/integration-test/target/test-dir/MiniOzoneClusterImpl-b249f779-13f2-4d94-9d49-8f38c7514c74/datanode-4/data/ratis/1cae7672-3d5a-4ee4-97b4-55a70dd5f5d9 does not exist. Creating ...
2023-12-01 12:07:48,147 [0d726c29-49a1-421e-8ac7-200c2e9b483b-groupManagement] INFO  storage.RaftStorageDirectory (RaftStorageDirectoryImpl.java:tryLock(232)) - Lock on /home/runner/work/ozone/ozone/hadoop-ozone/integration-test/target/test-dir/MiniOzoneClusterImpl-b249f779-13f2-4d94-9d49-8f38c7514c74/datanode-4/data/ratis/1cae7672-3d5a-4ee4-97b4-55a70dd5f5d9/in_use.lock acquired by nodename 15370@fv-az1423-675
2023-12-01 12:07:48,148 [0d726c29-49a1-421e-8ac7-200c2e9b483b-groupManagement] INFO  storage.RaftStorage (RaftStorageImpl.java:format(97)) - Storage directory /home/runner/work/ozone/ozone/hadoop-ozone/integration-test/target/test-dir/MiniOzoneClusterImpl-b249f779-13f2-4d94-9d49-8f38c7514c74/datanode-4/data/ratis/1cae7672-3d5a-4ee4-97b4-55a70dd5f5d9 has been successfully formatted.
2023-12-01 12:07:48,149 [0d726c29-49a1-421e-8ac7-200c2e9b483b-groupManagement] INFO  ratis.ContainerStateMachine (ContainerStateMachine.java:loadSnapshot(269)) - group-55A70DD5F5D9: The snapshot info is null. Setting the last applied indexto:(t:0, i:~)
2023-12-01 12:07:48,149 [0d726c29-49a1-421e-8ac7-200c2e9b483b-groupManagement] INFO  server.RaftServerConfigKeys (ConfUtils.java:logGet(46)) - raft.server.log.use.memory = false (default)
2023-12-01 12:07:48,149 [0d726c29-49a1-421e-8ac7-200c2e9b483b-groupManagement] INFO  server.RaftServerConfigKeys (ConfUtils.java:logGet(46)) - raft.server.log.purge.gap = 1000000 (custom)
2023-12-01 12:07:48,149 [0d726c29-49a1-421e-8ac7-200c2e9b483b-groupManagement] INFO  server.RaftServerConfigKeys (ConfUtils.java:logGet(46)) - raft.server.log.appender.buffer.byte-limit = 33554432 (custom)
2023-12-01 12:07:48,149 [0d726c29-49a1-421e-8ac7-200c2e9b483b-groupManagement] INFO  server.RaftServerConfigKeys (ConfUtils.java:logGet(46)) - raft.server.log.statemachine.data.read.timeout = 1000ms (default)
2023-12-01 12:07:48,149 [0d726c29-49a1-421e-8ac7-200c2e9b483b-groupManagement] INFO  server.RaftServerConfigKeys (ConfUtils.java:logGet(46)) - raft.server.log.purge.preservation.log.num = 0 (default)
2023-12-01 12:07:48,150 [0d726c29-49a1-421e-8ac7-200c2e9b483b-groupManagement] INFO  server.RaftServerConfigKeys (ConfUtils.java:logGet(46)) - raft.server.log.segment.size.max = 67108864 (custom)
2023-12-01 12:07:48,151 [0d726c29-49a1-421e-8ac7-200c2e9b483b-groupManagement] INFO  server.RaftServerConfigKeys (ConfUtils.java:logGet(46)) - raft.server.log.segment.cache.num.max = 2 (custom)
2023-12-01 12:07:48,151 [0d726c29-49a1-421e-8ac7-200c2e9b483b-groupManagement] INFO  server.RaftServerConfigKeys (ConfUtils.java:logGet(46)) - raft.server.log.segment.cache.size.max = 200MB (=209715200) (default)
2023-12-01 12:07:48,151 [0d726c29-49a1-421e-8ac7-200c2e9b483b-groupManagement] INFO  server.RaftServerConfigKeys (ConfUtils.java:logGet(46)) - raft.server.log.appender.buffer.byte-limit = 33554432 (custom)
2023-12-01 12:07:48,151 [0d726c29-49a1-421e-8ac7-200c2e9b483b-groupManagement] INFO  util.AwaitToRun (AwaitToRun.java:start(81)) - Thread[0d726c29-49a1-421e-8ac7-200c2e9b483b@group-55A70DD5F5D9-cacheEviction-AwaitToRun,5,main] started
2023-12-01 12:07:48,151 [0d726c29-49a1-421e-8ac7-200c2e9b483b-groupManagement] INFO  segmented.SegmentedRaftLogWorker (SegmentedRaftLogWorker.java:<init>(184)) - new 0d726c29-49a1-421e-8ac7-200c2e9b483b@group-55A70DD5F5D9-SegmentedRaftLogWorker for RaftStorageImpl:Storage Directory /home/runner/work/ozone/ozone/hadoop-ozone/integration-test/target/test-dir/MiniOzoneClusterImpl-b249f779-13f2-4d94-9d49-8f38c7514c74/datanode-4/data/ratis/1cae7672-3d5a-4ee4-97b4-55a70dd5f5d9
2023-12-01 12:07:48,151 [0d726c29-49a1-421e-8ac7-200c2e9b483b-groupManagement] INFO  server.RaftServerConfigKeys (ConfUtils.java:logGet(46)) - raft.server.log.queue.byte-limit = 4294967296 (custom)
2023-12-01 12:07:48,151 [0d726c29-49a1-421e-8ac7-200c2e9b483b-groupManagement] INFO  server.RaftServerConfigKeys (ConfUtils.java:logGet(46)) - raft.server.log.queue.element-limit = 1024 (custom)
2023-12-01 12:07:48,151 [0d726c29-49a1-421e-8ac7-200c2e9b483b-groupManagement] INFO  server.RaftServerConfigKeys (ConfUtils.java:logGet(46)) - raft.server.log.segment.size.max = 67108864 (custom)
2023-12-01 12:07:48,152 [0d726c29-49a1-421e-8ac7-200c2e9b483b-groupManagement] INFO  server.RaftServerConfigKeys (ConfUtils.java:logGet(46)) - raft.server.log.preallocated.size = 4194304 (custom)
2023-12-01 12:07:48,152 [0d726c29-49a1-421e-8ac7-200c2e9b483b-groupManagement] INFO  server.RaftServerConfigKeys (ConfUtils.java:logGet(46)) - raft.server.log.force.sync.num = 128 (default)
2023-12-01 12:07:48,152 [0d726c29-49a1-421e-8ac7-200c2e9b483b-groupManagement] INFO  server.RaftServerConfigKeys (ConfUtils.java:logGet(46)) - raft.server.log.statemachine.data.sync = true (default)
2023-12-01 12:07:48,152 [0d726c29-49a1-421e-8ac7-200c2e9b483b-groupManagement] INFO  server.RaftServerConfigKeys (ConfUtils.java:logGet(46)) - raft.server.log.statemachine.data.sync.timeout = 10s (default)
2023-12-01 12:07:48,152 [0d726c29-49a1-421e-8ac7-200c2e9b483b-groupManagement] INFO  server.RaftServerConfigKeys (ConfUtils.java:logGet(46)) - raft.server.log.statemachine.data.sync.timeout.retry = -1 (default)
2023-12-01 12:07:48,152 [0d726c29-49a1-421e-8ac7-200c2e9b483b-groupManagement] INFO  server.RaftServerConfigKeys (ConfUtils.java:logGet(46)) - raft.server.log.write.buffer.size = 2097152 (custom)
2023-12-01 12:07:48,153 [0d726c29-49a1-421e-8ac7-200c2e9b483b-groupManagement] INFO  server.RaftServerConfigKeys (ConfUtils.java:logGet(46)) - raft.server.log.appender.buffer.byte-limit = 33554432 (custom)
2023-12-01 12:07:48,155 [0d726c29-49a1-421e-8ac7-200c2e9b483b-groupManagement] INFO  server.RaftServerConfigKeys (ConfUtils.java:logGet(46)) - raft.server.log.unsafe-flush.enabled = false (default)
2023-12-01 12:07:48,155 [0d726c29-49a1-421e-8ac7-200c2e9b483b-groupManagement] INFO  server.RaftServerConfigKeys (ConfUtils.java:logGet(46)) - raft.server.log.async-flush.enabled = false (default)
2023-12-01 12:07:48,155 [0d726c29-49a1-421e-8ac7-200c2e9b483b-groupManagement] INFO  server.RaftServerConfigKeys (ConfUtils.java:logGet(46)) - raft.server.log.statemachine.data.caching.enabled = true (custom)
2023-12-01 12:07:48,155 [0d726c29-49a1-421e-8ac7-200c2e9b483b-groupManagement] INFO  segmented.SegmentedRaftLogWorker (SegmentedRaftLogWorker.java:lambda$new$0(135)) - 0d726c29-49a1-421e-8ac7-200c2e9b483b@group-55A70DD5F5D9-SegmentedRaftLogWorker: flushIndex: setUnconditionally 0 -> -1
2023-12-01 12:07:48,155 [0d726c29-49a1-421e-8ac7-200c2e9b483b-groupManagement] INFO  segmented.SegmentedRaftLogWorker (SegmentedRaftLogWorker.java:lambda$new$0(135)) - 0d726c29-49a1-421e-8ac7-200c2e9b483b@group-55A70DD5F5D9-SegmentedRaftLogWorker: safeCacheEvictIndex: setUnconditionally 0 -> -1
2023-12-01 12:07:48,155 [0d726c29-49a1-421e-8ac7-200c2e9b483b-groupManagement] INFO  server.RaftServer$Division (RaftServerImpl.java:start(392)) - 0d726c29-49a1-421e-8ac7-200c2e9b483b@group-55A70DD5F5D9: start as a follower, conf=-1: peers:[0d726c29-49a1-421e-8ac7-200c2e9b483b|10.1.0.24:15147, 36feb706-8d2b-450d-bbd6-33af8c2d1a3d|10.1.0.24:15129, af140fa9-d57b-4d38-ac23-ee5728971003|10.1.0.24:15111]|listeners:[], old=null
2023-12-01 12:07:48,155 [0d726c29-49a1-421e-8ac7-200c2e9b483b-groupManagement] INFO  server.RaftServer$Division (RaftServerImpl.java:setRole(379)) - 0d726c29-49a1-421e-8ac7-200c2e9b483b@group-55A70DD5F5D9: changes role from      null to FOLLOWER at term 0 for startAsFollower
2023-12-01 12:07:48,156 [0d726c29-49a1-421e-8ac7-200c2e9b483b-groupManagement] INFO  impl.RoleInfo (RoleInfo.java:updateAndGet(139)) - 0d726c29-49a1-421e-8ac7-200c2e9b483b: start 0d726c29-49a1-421e-8ac7-200c2e9b483b@group-55A70DD5F5D9-FollowerState
2023-12-01 12:07:48,156 [0d726c29-49a1-421e-8ac7-200c2e9b483b@group-55A70DD5F5D9-FollowerState] INFO  server.RaftServerConfigKeys (ConfUtils.java:logFallback(53)) - raft.server.rpc.first-election.timeout.min = 5s (fallback to raft.server.rpc.timeout.min)
2023-12-01 12:07:48,156 [0d726c29-49a1-421e-8ac7-200c2e9b483b-groupManagement] INFO  util.JmxRegister (JmxRegister.java:tryRegister(44)) - Successfully registered JMX Bean with object name Ratis:service=RaftServer,group=group-55A70DD5F5D9,id=0d726c29-49a1-421e-8ac7-200c2e9b483b
2023-12-01 12:07:48,156 [0d726c29-49a1-421e-8ac7-200c2e9b483b@group-55A70DD5F5D9-FollowerState] INFO  server.RaftServerConfigKeys (ConfUtils.java:logFallback(53)) - raft.server.rpc.first-election.timeout.max = 5200ms (fallback to raft.server.rpc.timeout.max)
2023-12-01 12:07:48,156 [0d726c29-49a1-421e-8ac7-200c2e9b483b-groupManagement] INFO  server.RaftServerConfigKeys (ConfUtils.java:logGet(46)) - raft.server.snapshot.trigger-when-stop.enabled = true (default)
2023-12-01 12:07:48,156 [0d726c29-49a1-421e-8ac7-200c2e9b483b-groupManagement] INFO  server.RaftServerConfigKeys (ConfUtils.java:logGet(46)) - raft.server.snapshot.auto.trigger.enabled = true (custom)
2023-12-01 12:07:48,156 [0d726c29-49a1-421e-8ac7-200c2e9b483b-groupManagement] INFO  server.RaftServerConfigKeys (ConfUtils.java:logGet(46)) - raft.server.snapshot.auto.trigger.threshold = 10000 (custom)
2023-12-01 12:07:48,156 [0d726c29-49a1-421e-8ac7-200c2e9b483b-groupManagement] INFO  server.RaftServerConfigKeys (ConfUtils.java:logGet(46)) - raft.server.snapshot.retention.file.num = 5 (custom)
2023-12-01 12:07:48,156 [0d726c29-49a1-421e-8ac7-200c2e9b483b-groupManagement] INFO  server.RaftServerConfigKeys (ConfUtils.java:logGet(46)) - raft.server.log.purge.upto.snapshot.index = false (default)
2023-12-01 12:07:48,165 [grpc-default-executor-2] INFO  server.RaftServer (RaftServerProxy.java:addNew(100)) - 36feb706-8d2b-450d-bbd6-33af8c2d1a3d: addNew group-55A70DD5F5D9:[0d726c29-49a1-421e-8ac7-200c2e9b483b|10.1.0.24:15147, 36feb706-8d2b-450d-bbd6-33af8c2d1a3d|10.1.0.24:15129, af140fa9-d57b-4d38-ac23-ee5728971003|10.1.0.24:15111] returns group-55A70DD5F5D9:java.util.concurrent.CompletableFuture@3b724b0a[Not completed]
2023-12-01 12:07:48,165 [36feb706-8d2b-450d-bbd6-33af8c2d1a3d-groupManagement] INFO  server.RaftServer$Division (RaftServerImpl.java:<init>(256)) - 36feb706-8d2b-450d-bbd6-33af8c2d1a3d: new RaftServerImpl for group-55A70DD5F5D9:[0d726c29-49a1-421e-8ac7-200c2e9b483b|10.1.0.24:15147, 36feb706-8d2b-450d-bbd6-33af8c2d1a3d|10.1.0.24:15129, af140fa9-d57b-4d38-ac23-ee5728971003|10.1.0.24:15111] with ContainerStateMachine:uninitialized
2023-12-01 12:07:48,165 [36feb706-8d2b-450d-bbd6-33af8c2d1a3d-groupManagement] INFO  server.RaftServerConfigKeys (ConfUtils.java:logGet(46)) - raft.server.rpc.timeout.min = 5s (custom)
2023-12-01 12:07:48,165 [36feb706-8d2b-450d-bbd6-33af8c2d1a3d-groupManagement] INFO  server.RaftServerConfigKeys (ConfUtils.java:logGet(46)) - raft.server.rpc.timeout.max = 5200ms (custom)
2023-12-01 12:07:48,165 [36feb706-8d2b-450d-bbd6-33af8c2d1a3d-groupManagement] INFO  server.RaftServerConfigKeys (ConfUtils.java:logGet(46)) - raft.server.rpc.sleep.time = 25ms (default)
2023-12-01 12:07:48,165 [36feb706-8d2b-450d-bbd6-33af8c2d1a3d-groupManagement] INFO  server.RaftServerConfigKeys (ConfUtils.java:logGet(46)) - raft.server.rpc.slowness.timeout = 300s (custom)
2023-12-01 12:07:48,165 [36feb706-8d2b-450d-bbd6-33af8c2d1a3d-groupManagement] INFO  server.RaftServerConfigKeys (ConfUtils.java:logGet(46)) - raft.server.leaderelection.leader.step-down.wait-time = 10s (default)
2023-12-01 12:07:48,166 [36feb706-8d2b-450d-bbd6-33af8c2d1a3d-groupManagement] INFO  server.RaftServerConfigKeys (ConfUtils.java:logGet(46)) - raft.server.leaderelection.member.majority-add = false (default)
2023-12-01 12:07:48,166 [36feb706-8d2b-450d-bbd6-33af8c2d1a3d-groupManagement] INFO  server.RaftServerConfigKeys (ConfUtils.java:logGet(46)) - raft.server.sleep.deviation.threshold = 300ms (default)
2023-12-01 12:07:48,166 [36feb706-8d2b-450d-bbd6-33af8c2d1a3d-groupManagement] INFO  server.RaftServer$Division (ServerState.java:<init>(113)) - 36feb706-8d2b-450d-bbd6-33af8c2d1a3d@group-55A70DD5F5D9: ConfigurationManager, init=-1: peers:[0d726c29-49a1-421e-8ac7-200c2e9b483b|10.1.0.24:15147, 36feb706-8d2b-450d-bbd6-33af8c2d1a3d|10.1.0.24:15129, af140fa9-d57b-4d38-ac23-ee5728971003|10.1.0.24:15111]|listeners:[], old=null, confs=<EMPTY_MAP>
2023-12-01 12:07:48,166 [36feb706-8d2b-450d-bbd6-33af8c2d1a3d-groupManagement] INFO  server.RaftServerConfigKeys (ConfUtils.java:logGet(46)) - raft.server.notification.no-leader.timeout = 300s (custom)
2023-12-01 12:07:48,166 [36feb706-8d2b-450d-bbd6-33af8c2d1a3d-groupManagement] INFO  server.RaftServerConfigKeys (ConfUtils.java:logGet(46)) - raft.server.read.timeout = 10s (default)
2023-12-01 12:07:48,166 [36feb706-8d2b-450d-bbd6-33af8c2d1a3d-groupManagement] INFO  server.RaftServerConfigKeys (ConfUtils.java:logGet(46)) - raft.server.retrycache.expirytime = 600000ms (custom)
2023-12-01 12:07:48,166 [36feb706-8d2b-450d-bbd6-33af8c2d1a3d-groupManagement] INFO  server.RaftServerConfigKeys (ConfUtils.java:logGet(46)) - raft.server.retrycache.statistics.expirytime = 100ms (default)
2023-12-01 12:07:48,166 [36feb706-8d2b-450d-bbd6-33af8c2d1a3d-groupManagement] INFO  server.RaftServerConfigKeys (ConfUtils.java:logGet(46)) - raft.server.read.option = DEFAULT (default)
2023-12-01 12:07:48,166 [36feb706-8d2b-450d-bbd6-33af8c2d1a3d-groupManagement] INFO  server.RaftServerConfigKeys (ConfUtils.java:logGet(46)) - raft.server.read.read-after-write-consistent.write-index-cache.expiry-time = 60s (default)
2023-12-01 12:07:48,167 [36feb706-8d2b-450d-bbd6-33af8c2d1a3d-groupManagement] INFO  server.RaftServerConfigKeys (ConfUtils.java:logGet(46)) - raft.server.rpc.request.timeout = 60s (custom)
2023-12-01 12:07:48,167 [36feb706-8d2b-450d-bbd6-33af8c2d1a3d-groupManagement] INFO  server.RaftServerConfigKeys (ConfUtils.java:logGet(46)) - raft.server.log.appender.install.snapshot.enabled = false (custom)
2023-12-01 12:07:48,167 [36feb706-8d2b-450d-bbd6-33af8c2d1a3d-groupManagement] INFO  server.RaftServerConfigKeys (ConfUtils.java:logGet(46)) - raft.server.threadpool.server.cached = true (default)
2023-12-01 12:07:48,167 [36feb706-8d2b-450d-bbd6-33af8c2d1a3d-groupManagement] INFO  server.RaftServerConfigKeys (ConfUtils.java:logGet(46)) - raft.server.threadpool.server.size = 0 (default)
2023-12-01 12:07:48,167 [36feb706-8d2b-450d-bbd6-33af8c2d1a3d-groupManagement] INFO  server.RaftServerConfigKeys (ConfUtils.java:logGet(46)) - raft.server.threadpool.client.cached = true (default)
2023-12-01 12:07:48,167 [36feb706-8d2b-450d-bbd6-33af8c2d1a3d-groupManagement] INFO  server.RaftServerConfigKeys (ConfUtils.java:logGet(46)) - raft.server.threadpool.client.size = 0 (default)
2023-12-01 12:07:48,167 [36feb706-8d2b-450d-bbd6-33af8c2d1a3d-groupManagement] INFO  server.RaftServerConfigKeys (ConfUtils.java:logGet(46)) - raft.server.storage.free-space.min = 0MB (=0) (default)
2023-12-01 12:07:48,167 [36feb706-8d2b-450d-bbd6-33af8c2d1a3d-groupManagement] INFO  server.RaftServerConfigKeys (ConfUtils.java:logGet(46)) - raft.server.log.corruption.policy = EXCEPTION (default)
2023-12-01 12:07:48,167 [36feb706-8d2b-450d-bbd6-33af8c2d1a3d-groupManagement] INFO  server.RaftServerConfigKeys (ConfUtils.java:logGet(46)) - raft.server.storage.dir = [/home/runner/work/ozone/ozone/hadoop-ozone/integration-test/target/test-dir/MiniOzoneClusterImpl-b249f779-13f2-4d94-9d49-8f38c7514c74/datanode-2/data/ratis] (custom)
2023-12-01 12:07:48,167 [36feb706-8d2b-450d-bbd6-33af8c2d1a3d-groupManagement] INFO  storage.RaftStorageDirectory (RaftStorageDirectoryImpl.java:analyzeStorage(138)) - The storage directory /home/runner/work/ozone/ozone/hadoop-ozone/integration-test/target/test-dir/MiniOzoneClusterImpl-b249f779-13f2-4d94-9d49-8f38c7514c74/datanode-2/data/ratis/1cae7672-3d5a-4ee4-97b4-55a70dd5f5d9 does not exist. Creating ...
2023-12-01 12:07:48,168 [36feb706-8d2b-450d-bbd6-33af8c2d1a3d-groupManagement] INFO  storage.RaftStorageDirectory (RaftStorageDirectoryImpl.java:tryLock(232)) - Lock on /home/runner/work/ozone/ozone/hadoop-ozone/integration-test/target/test-dir/MiniOzoneClusterImpl-b249f779-13f2-4d94-9d49-8f38c7514c74/datanode-2/data/ratis/1cae7672-3d5a-4ee4-97b4-55a70dd5f5d9/in_use.lock acquired by nodename 15370@fv-az1423-675
2023-12-01 12:07:48,170 [36feb706-8d2b-450d-bbd6-33af8c2d1a3d-groupManagement] INFO  storage.RaftStorage (RaftStorageImpl.java:format(97)) - Storage directory /home/runner/work/ozone/ozone/hadoop-ozone/integration-test/target/test-dir/MiniOzoneClusterImpl-b249f779-13f2-4d94-9d49-8f38c7514c74/datanode-2/data/ratis/1cae7672-3d5a-4ee4-97b4-55a70dd5f5d9 has been successfully formatted.
2023-12-01 12:07:48,170 [36feb706-8d2b-450d-bbd6-33af8c2d1a3d-groupManagement] INFO  ratis.ContainerStateMachine (ContainerStateMachine.java:loadSnapshot(269)) - group-55A70DD5F5D9: The snapshot info is null. Setting the last applied indexto:(t:0, i:~)
2023-12-01 12:07:48,170 [36feb706-8d2b-450d-bbd6-33af8c2d1a3d-groupManagement] INFO  server.RaftServerConfigKeys (ConfUtils.java:logGet(46)) - raft.server.log.use.memory = false (default)
2023-12-01 12:07:48,171 [36feb706-8d2b-450d-bbd6-33af8c2d1a3d-groupManagement] INFO  server.RaftServerConfigKeys (ConfUtils.java:logGet(46)) - raft.server.log.purge.gap = 1000000 (custom)
2023-12-01 12:07:48,171 [36feb706-8d2b-450d-bbd6-33af8c2d1a3d-groupManagement] INFO  server.RaftServerConfigKeys (ConfUtils.java:logGet(46)) - raft.server.log.appender.buffer.byte-limit = 33554432 (custom)
2023-12-01 12:07:48,171 [36feb706-8d2b-450d-bbd6-33af8c2d1a3d-groupManagement] INFO  server.RaftServerConfigKeys (ConfUtils.java:logGet(46)) - raft.server.log.statemachine.data.read.timeout = 1000ms (default)
2023-12-01 12:07:48,171 [36feb706-8d2b-450d-bbd6-33af8c2d1a3d-groupManagement] INFO  server.RaftServerConfigKeys (ConfUtils.java:logGet(46)) - raft.server.log.purge.preservation.log.num = 0 (default)
2023-12-01 12:07:48,172 [36feb706-8d2b-450d-bbd6-33af8c2d1a3d-groupManagement] INFO  server.RaftServerConfigKeys (ConfUtils.java:logGet(46)) - raft.server.log.segment.size.max = 67108864 (custom)
2023-12-01 12:07:48,172 [36feb706-8d2b-450d-bbd6-33af8c2d1a3d-groupManagement] INFO  server.RaftServerConfigKeys (ConfUtils.java:logGet(46)) - raft.server.log.segment.cache.num.max = 2 (custom)
2023-12-01 12:07:48,172 [36feb706-8d2b-450d-bbd6-33af8c2d1a3d-groupManagement] INFO  server.RaftServerConfigKeys (ConfUtils.java:logGet(46)) - raft.server.log.segment.cache.size.max = 200MB (=209715200) (default)
2023-12-01 12:07:48,172 [36feb706-8d2b-450d-bbd6-33af8c2d1a3d-groupManagement] INFO  server.RaftServerConfigKeys (ConfUtils.java:logGet(46)) - raft.server.log.appender.buffer.byte-limit = 33554432 (custom)
2023-12-01 12:07:48,172 [36feb706-8d2b-450d-bbd6-33af8c2d1a3d-groupManagement] INFO  util.AwaitToRun (AwaitToRun.java:start(81)) - Thread[36feb706-8d2b-450d-bbd6-33af8c2d1a3d@group-55A70DD5F5D9-cacheEviction-AwaitToRun,5,main] started
2023-12-01 12:07:48,172 [36feb706-8d2b-450d-bbd6-33af8c2d1a3d-groupManagement] INFO  segmented.SegmentedRaftLogWorker (SegmentedRaftLogWorker.java:<init>(184)) - new 36feb706-8d2b-450d-bbd6-33af8c2d1a3d@group-55A70DD5F5D9-SegmentedRaftLogWorker for RaftStorageImpl:Storage Directory /home/runner/work/ozone/ozone/hadoop-ozone/integration-test/target/test-dir/MiniOzoneClusterImpl-b249f779-13f2-4d94-9d49-8f38c7514c74/datanode-2/data/ratis/1cae7672-3d5a-4ee4-97b4-55a70dd5f5d9
2023-12-01 12:07:48,172 [36feb706-8d2b-450d-bbd6-33af8c2d1a3d-groupManagement] INFO  server.RaftServerConfigKeys (ConfUtils.java:logGet(46)) - raft.server.log.queue.byte-limit = 4294967296 (custom)
2023-12-01 12:07:48,172 [36feb706-8d2b-450d-bbd6-33af8c2d1a3d-groupManagement] INFO  server.RaftServerConfigKeys (ConfUtils.java:logGet(46)) - raft.server.log.queue.element-limit = 1024 (custom)
2023-12-01 12:07:48,172 [36feb706-8d2b-450d-bbd6-33af8c2d1a3d-groupManagement] INFO  server.RaftServerConfigKeys (ConfUtils.java:logGet(46)) - raft.server.log.segment.size.max = 67108864 (custom)
2023-12-01 12:07:48,173 [36feb706-8d2b-450d-bbd6-33af8c2d1a3d-groupManagement] INFO  server.RaftServerConfigKeys (ConfUtils.java:logGet(46)) - raft.server.log.preallocated.size = 4194304 (custom)
2023-12-01 12:07:48,173 [36feb706-8d2b-450d-bbd6-33af8c2d1a3d-groupManagement] INFO  server.RaftServerConfigKeys (ConfUtils.java:logGet(46)) - raft.server.log.force.sync.num = 128 (default)
2023-12-01 12:07:48,173 [36feb706-8d2b-450d-bbd6-33af8c2d1a3d-groupManagement] INFO  server.RaftServerConfigKeys (ConfUtils.java:logGet(46)) - raft.server.log.statemachine.data.sync = true (default)
2023-12-01 12:07:48,173 [36feb706-8d2b-450d-bbd6-33af8c2d1a3d-groupManagement] INFO  server.RaftServerConfigKeys (ConfUtils.java:logGet(46)) - raft.server.log.statemachine.data.sync.timeout = 10s (default)
2023-12-01 12:07:48,173 [36feb706-8d2b-450d-bbd6-33af8c2d1a3d-groupManagement] INFO  server.RaftServerConfigKeys (ConfUtils.java:logGet(46)) - raft.server.log.statemachine.data.sync.timeout.retry = -1 (default)
2023-12-01 12:07:48,173 [36feb706-8d2b-450d-bbd6-33af8c2d1a3d-groupManagement] INFO  server.RaftServerConfigKeys (ConfUtils.java:logGet(46)) - raft.server.log.write.buffer.size = 2097152 (custom)
2023-12-01 12:07:48,174 [36feb706-8d2b-450d-bbd6-33af8c2d1a3d-groupManagement] INFO  server.RaftServerConfigKeys (ConfUtils.java:logGet(46)) - raft.server.log.appender.buffer.byte-limit = 33554432 (custom)
2023-12-01 12:07:48,176 [36feb706-8d2b-450d-bbd6-33af8c2d1a3d-groupManagement] INFO  server.RaftServerConfigKeys (ConfUtils.java:logGet(46)) - raft.server.log.unsafe-flush.enabled = false (default)
2023-12-01 12:07:48,176 [36feb706-8d2b-450d-bbd6-33af8c2d1a3d-groupManagement] INFO  server.RaftServerConfigKeys (ConfUtils.java:logGet(46)) - raft.server.log.async-flush.enabled = false (default)
2023-12-01 12:07:48,176 [36feb706-8d2b-450d-bbd6-33af8c2d1a3d-groupManagement] INFO  server.RaftServerConfigKeys (ConfUtils.java:logGet(46)) - raft.server.log.statemachine.data.caching.enabled = true (custom)
2023-12-01 12:07:48,176 [36feb706-8d2b-450d-bbd6-33af8c2d1a3d-groupManagement] INFO  segmented.SegmentedRaftLogWorker (SegmentedRaftLogWorker.java:lambda$new$0(135)) - 36feb706-8d2b-450d-bbd6-33af8c2d1a3d@group-55A70DD5F5D9-SegmentedRaftLogWorker: flushIndex: setUnconditionally 0 -> -1
2023-12-01 12:07:48,176 [36feb706-8d2b-450d-bbd6-33af8c2d1a3d-groupManagement] INFO  segmented.SegmentedRaftLogWorker (SegmentedRaftLogWorker.java:lambda$new$0(135)) - 36feb706-8d2b-450d-bbd6-33af8c2d1a3d@group-55A70DD5F5D9-SegmentedRaftLogWorker: safeCacheEvictIndex: setUnconditionally 0 -> -1
2023-12-01 12:07:48,176 [36feb706-8d2b-450d-bbd6-33af8c2d1a3d-groupManagement] INFO  server.RaftServer$Division (RaftServerImpl.java:start(392)) - 36feb706-8d2b-450d-bbd6-33af8c2d1a3d@group-55A70DD5F5D9: start as a follower, conf=-1: peers:[0d726c29-49a1-421e-8ac7-200c2e9b483b|10.1.0.24:15147, 36feb706-8d2b-450d-bbd6-33af8c2d1a3d|10.1.0.24:15129, af140fa9-d57b-4d38-ac23-ee5728971003|10.1.0.24:15111]|listeners:[], old=null
2023-12-01 12:07:48,176 [36feb706-8d2b-450d-bbd6-33af8c2d1a3d-groupManagement] INFO  server.RaftServer$Division (RaftServerImpl.java:setRole(379)) - 36feb706-8d2b-450d-bbd6-33af8c2d1a3d@group-55A70DD5F5D9: changes role from      null to FOLLOWER at term 0 for startAsFollower
2023-12-01 12:07:48,176 [36feb706-8d2b-450d-bbd6-33af8c2d1a3d-groupManagement] INFO  impl.RoleInfo (RoleInfo.java:updateAndGet(139)) - 36feb706-8d2b-450d-bbd6-33af8c2d1a3d: start 36feb706-8d2b-450d-bbd6-33af8c2d1a3d@group-55A70DD5F5D9-FollowerState
2023-12-01 12:07:48,177 [36feb706-8d2b-450d-bbd6-33af8c2d1a3d@group-55A70DD5F5D9-FollowerState] INFO  server.RaftServerConfigKeys (ConfUtils.java:logFallback(53)) - raft.server.rpc.first-election.timeout.min = 5s (fallback to raft.server.rpc.timeout.min)
2023-12-01 12:07:48,177 [36feb706-8d2b-450d-bbd6-33af8c2d1a3d-groupManagement] INFO  util.JmxRegister (JmxRegister.java:tryRegister(44)) - Successfully registered JMX Bean with object name Ratis:service=RaftServer,group=group-55A70DD5F5D9,id=36feb706-8d2b-450d-bbd6-33af8c2d1a3d
2023-12-01 12:07:48,177 [36feb706-8d2b-450d-bbd6-33af8c2d1a3d@group-55A70DD5F5D9-FollowerState] INFO  server.RaftServerConfigKeys (ConfUtils.java:logFallback(53)) - raft.server.rpc.first-election.timeout.max = 5200ms (fallback to raft.server.rpc.timeout.max)
2023-12-01 12:07:48,177 [36feb706-8d2b-450d-bbd6-33af8c2d1a3d-groupManagement] INFO  server.RaftServerConfigKeys (ConfUtils.java:logGet(46)) - raft.server.snapshot.trigger-when-stop.enabled = true (default)
2023-12-01 12:07:48,177 [36feb706-8d2b-450d-bbd6-33af8c2d1a3d-groupManagement] INFO  server.RaftServerConfigKeys (ConfUtils.java:logGet(46)) - raft.server.snapshot.auto.trigger.enabled = true (custom)
2023-12-01 12:07:48,177 [36feb706-8d2b-450d-bbd6-33af8c2d1a3d-groupManagement] INFO  server.RaftServerConfigKeys (ConfUtils.java:logGet(46)) - raft.server.snapshot.auto.trigger.threshold = 10000 (custom)
2023-12-01 12:07:48,177 [36feb706-8d2b-450d-bbd6-33af8c2d1a3d-groupManagement] INFO  server.RaftServerConfigKeys (ConfUtils.java:logGet(46)) - raft.server.snapshot.retention.file.num = 5 (custom)
2023-12-01 12:07:48,177 [36feb706-8d2b-450d-bbd6-33af8c2d1a3d-groupManagement] INFO  server.RaftServerConfigKeys (ConfUtils.java:logGet(46)) - raft.server.log.purge.upto.snapshot.index = false (default)
2023-12-01 12:07:48,182 [af140fa9-d57b-4d38-ac23-ee5728971003-PipelineCommandHandlerThread-0] INFO  commandhandler.CreatePipelineCommandHandler (CreatePipelineCommandHandler.java:lambda$handle$2(124)) - Created Pipeline RATIS THREE PipelineID=1cae7672-3d5a-4ee4-97b4-55a70dd5f5d9.
2023-12-01 12:07:49,058 [36feb706-8d2b-450d-bbd6-33af8c2d1a3d-PipelineCommandHandlerThread-0] INFO  server.RaftServer (RaftServerProxy.java:addNew(100)) - 36feb706-8d2b-450d-bbd6-33af8c2d1a3d: addNew group-8D541D207794:[585524aa-0c42-40b1-8d18-f2722508c145|10.1.0.24:15138, 76b9be1d-1bf0-4a28-acca-c5c2681cc872|10.1.0.24:15120, 36feb706-8d2b-450d-bbd6-33af8c2d1a3d|10.1.0.24:15129] returns group-8D541D207794:java.util.concurrent.CompletableFuture@66aa132e[Not completed]
2023-12-01 12:07:49,060 [36feb706-8d2b-450d-bbd6-33af8c2d1a3d-groupManagement] INFO  server.RaftServer$Division (RaftServerImpl.java:<init>(256)) - 36feb706-8d2b-450d-bbd6-33af8c2d1a3d: new RaftServerImpl for group-8D541D207794:[585524aa-0c42-40b1-8d18-f2722508c145|10.1.0.24:15138, 76b9be1d-1bf0-4a28-acca-c5c2681cc872|10.1.0.24:15120, 36feb706-8d2b-450d-bbd6-33af8c2d1a3d|10.1.0.24:15129] with ContainerStateMachine:uninitialized
2023-12-01 12:07:49,060 [36feb706-8d2b-450d-bbd6-33af8c2d1a3d-groupManagement] INFO  server.RaftServerConfigKeys (ConfUtils.java:logGet(46)) - raft.server.rpc.timeout.min = 5s (custom)
2023-12-01 12:07:49,060 [36feb706-8d2b-450d-bbd6-33af8c2d1a3d-groupManagement] INFO  server.RaftServerConfigKeys (ConfUtils.java:logGet(46)) - raft.server.rpc.timeout.max = 5200ms (custom)
2023-12-01 12:07:49,060 [36feb706-8d2b-450d-bbd6-33af8c2d1a3d-groupManagement] INFO  server.RaftServerConfigKeys (ConfUtils.java:logGet(46)) - raft.server.rpc.sleep.time = 25ms (default)
2023-12-01 12:07:49,060 [36feb706-8d2b-450d-bbd6-33af8c2d1a3d-groupManagement] INFO  server.RaftServerConfigKeys (ConfUtils.java:logGet(46)) - raft.server.rpc.slowness.timeout = 300s (custom)
2023-12-01 12:07:49,060 [36feb706-8d2b-450d-bbd6-33af8c2d1a3d-groupManagement] INFO  server.RaftServerConfigKeys (ConfUtils.java:logGet(46)) - raft.server.leaderelection.leader.step-down.wait-time = 10s (default)
2023-12-01 12:07:49,060 [36feb706-8d2b-450d-bbd6-33af8c2d1a3d-groupManagement] INFO  server.RaftServerConfigKeys (ConfUtils.java:logGet(46)) - raft.server.leaderelection.member.majority-add = false (default)
2023-12-01 12:07:49,060 [36feb706-8d2b-450d-bbd6-33af8c2d1a3d-groupManagement] INFO  server.RaftServerConfigKeys (ConfUtils.java:logGet(46)) - raft.server.sleep.deviation.threshold = 300ms (default)
2023-12-01 12:07:49,060 [36feb706-8d2b-450d-bbd6-33af8c2d1a3d-groupManagement] INFO  server.RaftServer$Division (ServerState.java:<init>(113)) - 36feb706-8d2b-450d-bbd6-33af8c2d1a3d@group-8D541D207794: ConfigurationManager, init=-1: peers:[585524aa-0c42-40b1-8d18-f2722508c145|10.1.0.24:15138, 76b9be1d-1bf0-4a28-acca-c5c2681cc872|10.1.0.24:15120, 36feb706-8d2b-450d-bbd6-33af8c2d1a3d|10.1.0.24:15129]|listeners:[], old=null, confs=<EMPTY_MAP>
2023-12-01 12:07:49,060 [36feb706-8d2b-450d-bbd6-33af8c2d1a3d-groupManagement] INFO  server.RaftServerConfigKeys (ConfUtils.java:logGet(46)) - raft.server.notification.no-leader.timeout = 300s (custom)
2023-12-01 12:07:49,060 [36feb706-8d2b-450d-bbd6-33af8c2d1a3d-groupManagement] INFO  server.RaftServerConfigKeys (ConfUtils.java:logGet(46)) - raft.server.read.timeout = 10s (default)
2023-12-01 12:07:49,060 [36feb706-8d2b-450d-bbd6-33af8c2d1a3d-groupManagement] INFO  server.RaftServerConfigKeys (ConfUtils.java:logGet(46)) - raft.server.retrycache.expirytime = 600000ms (custom)
2023-12-01 12:07:49,060 [36feb706-8d2b-450d-bbd6-33af8c2d1a3d-groupManagement] INFO  server.RaftServerConfigKeys (ConfUtils.java:logGet(46)) - raft.server.retrycache.statistics.expirytime = 100ms (default)
2023-12-01 12:07:49,060 [36feb706-8d2b-450d-bbd6-33af8c2d1a3d-groupManagement] INFO  server.RaftServerConfigKeys (ConfUtils.java:logGet(46)) - raft.server.read.option = DEFAULT (default)
2023-12-01 12:07:49,060 [36feb706-8d2b-450d-bbd6-33af8c2d1a3d-groupManagement] INFO  server.RaftServerConfigKeys (ConfUtils.java:logGet(46)) - raft.server.read.read-after-write-consistent.write-index-cache.expiry-time = 60s (default)
2023-12-01 12:07:49,062 [36feb706-8d2b-450d-bbd6-33af8c2d1a3d-groupManagement] INFO  server.RaftServerConfigKeys (ConfUtils.java:logGet(46)) - raft.server.rpc.request.timeout = 60s (custom)
2023-12-01 12:07:49,062 [36feb706-8d2b-450d-bbd6-33af8c2d1a3d-groupManagement] INFO  server.RaftServerConfigKeys (ConfUtils.java:logGet(46)) - raft.server.log.appender.install.snapshot.enabled = false (custom)
2023-12-01 12:07:49,062 [36feb706-8d2b-450d-bbd6-33af8c2d1a3d-groupManagement] INFO  server.RaftServerConfigKeys (ConfUtils.java:logGet(46)) - raft.server.threadpool.server.cached = true (default)
2023-12-01 12:07:49,062 [36feb706-8d2b-450d-bbd6-33af8c2d1a3d-groupManagement] INFO  server.RaftServerConfigKeys (ConfUtils.java:logGet(46)) - raft.server.threadpool.server.size = 0 (default)
2023-12-01 12:07:49,062 [36feb706-8d2b-450d-bbd6-33af8c2d1a3d-groupManagement] INFO  server.RaftServerConfigKeys (ConfUtils.java:logGet(46)) - raft.server.threadpool.client.cached = true (default)
2023-12-01 12:07:49,062 [36feb706-8d2b-450d-bbd6-33af8c2d1a3d-groupManagement] INFO  server.RaftServerConfigKeys (ConfUtils.java:logGet(46)) - raft.server.threadpool.client.size = 0 (default)
2023-12-01 12:07:49,062 [36feb706-8d2b-450d-bbd6-33af8c2d1a3d-groupManagement] INFO  server.RaftServerConfigKeys (ConfUtils.java:logGet(46)) - raft.server.storage.free-space.min = 0MB (=0) (default)
2023-12-01 12:07:49,062 [36feb706-8d2b-450d-bbd6-33af8c2d1a3d-groupManagement] INFO  server.RaftServerConfigKeys (ConfUtils.java:logGet(46)) - raft.server.log.corruption.policy = EXCEPTION (default)
2023-12-01 12:07:49,062 [36feb706-8d2b-450d-bbd6-33af8c2d1a3d-groupManagement] INFO  server.RaftServerConfigKeys (ConfUtils.java:logGet(46)) - raft.server.storage.dir = [/home/runner/work/ozone/ozone/hadoop-ozone/integration-test/target/test-dir/MiniOzoneClusterImpl-b249f779-13f2-4d94-9d49-8f38c7514c74/datanode-2/data/ratis] (custom)
2023-12-01 12:07:49,063 [36feb706-8d2b-450d-bbd6-33af8c2d1a3d-groupManagement] INFO  storage.RaftStorageDirectory (RaftStorageDirectoryImpl.java:analyzeStorage(138)) - The storage directory /home/runner/work/ozone/ozone/hadoop-ozone/integration-test/target/test-dir/MiniOzoneClusterImpl-b249f779-13f2-4d94-9d49-8f38c7514c74/datanode-2/data/ratis/8509e87f-0539-4b00-8738-8d541d207794 does not exist. Creating ...
2023-12-01 12:07:49,063 [36feb706-8d2b-450d-bbd6-33af8c2d1a3d-groupManagement] INFO  storage.RaftStorageDirectory (RaftStorageDirectoryImpl.java:tryLock(232)) - Lock on /home/runner/work/ozone/ozone/hadoop-ozone/integration-test/target/test-dir/MiniOzoneClusterImpl-b249f779-13f2-4d94-9d49-8f38c7514c74/datanode-2/data/ratis/8509e87f-0539-4b00-8738-8d541d207794/in_use.lock acquired by nodename 15370@fv-az1423-675
2023-12-01 12:07:49,064 [36feb706-8d2b-450d-bbd6-33af8c2d1a3d-groupManagement] INFO  storage.RaftStorage (RaftStorageImpl.java:format(97)) - Storage directory /home/runner/work/ozone/ozone/hadoop-ozone/integration-test/target/test-dir/MiniOzoneClusterImpl-b249f779-13f2-4d94-9d49-8f38c7514c74/datanode-2/data/ratis/8509e87f-0539-4b00-8738-8d541d207794 has been successfully formatted.
2023-12-01 12:07:49,065 [36feb706-8d2b-450d-bbd6-33af8c2d1a3d-groupManagement] INFO  ratis.ContainerStateMachine (ContainerStateMachine.java:loadSnapshot(269)) - group-8D541D207794: The snapshot info is null. Setting the last applied indexto:(t:0, i:~)
2023-12-01 12:07:49,065 [36feb706-8d2b-450d-bbd6-33af8c2d1a3d-groupManagement] INFO  server.RaftServerConfigKeys (ConfUtils.java:logGet(46)) - raft.server.log.use.memory = false (default)
2023-12-01 12:07:49,065 [36feb706-8d2b-450d-bbd6-33af8c2d1a3d-groupManagement] INFO  server.RaftServerConfigKeys (ConfUtils.java:logGet(46)) - raft.server.log.purge.gap = 1000000 (custom)
2023-12-01 12:07:49,065 [36feb706-8d2b-450d-bbd6-33af8c2d1a3d-groupManagement] INFO  server.RaftServerConfigKeys (ConfUtils.java:logGet(46)) - raft.server.log.appender.buffer.byte-limit = 33554432 (custom)
2023-12-01 12:07:49,065 [36feb706-8d2b-450d-bbd6-33af8c2d1a3d-groupManagement] INFO  server.RaftServerConfigKeys (ConfUtils.java:logGet(46)) - raft.server.log.statemachine.data.read.timeout = 1000ms (default)
2023-12-01 12:07:49,065 [36feb706-8d2b-450d-bbd6-33af8c2d1a3d-groupManagement] INFO  server.RaftServerConfigKeys (ConfUtils.java:logGet(46)) - raft.server.log.purge.preservation.log.num = 0 (default)
2023-12-01 12:07:49,066 [36feb706-8d2b-450d-bbd6-33af8c2d1a3d-groupManagement] INFO  server.RaftServerConfigKeys (ConfUtils.java:logGet(46)) - raft.server.log.segment.size.max = 67108864 (custom)
2023-12-01 12:07:49,066 [36feb706-8d2b-450d-bbd6-33af8c2d1a3d-groupManagement] INFO  server.RaftServerConfigKeys (ConfUtils.java:logGet(46)) - raft.server.log.segment.cache.num.max = 2 (custom)
2023-12-01 12:07:49,066 [36feb706-8d2b-450d-bbd6-33af8c2d1a3d-groupManagement] INFO  server.RaftServerConfigKeys (ConfUtils.java:logGet(46)) - raft.server.log.segment.cache.size.max = 200MB (=209715200) (default)
2023-12-01 12:07:49,067 [36feb706-8d2b-450d-bbd6-33af8c2d1a3d-groupManagement] INFO  server.RaftServerConfigKeys (ConfUtils.java:logGet(46)) - raft.server.log.appender.buffer.byte-limit = 33554432 (custom)
2023-12-01 12:07:49,067 [36feb706-8d2b-450d-bbd6-33af8c2d1a3d-groupManagement] INFO  util.AwaitToRun (AwaitToRun.java:start(81)) - Thread[36feb706-8d2b-450d-bbd6-33af8c2d1a3d@group-8D541D207794-cacheEviction-AwaitToRun,5,main] started
2023-12-01 12:07:49,067 [36feb706-8d2b-450d-bbd6-33af8c2d1a3d-groupManagement] INFO  segmented.SegmentedRaftLogWorker (SegmentedRaftLogWorker.java:<init>(184)) - new 36feb706-8d2b-450d-bbd6-33af8c2d1a3d@group-8D541D207794-SegmentedRaftLogWorker for RaftStorageImpl:Storage Directory /home/runner/work/ozone/ozone/hadoop-ozone/integration-test/target/test-dir/MiniOzoneClusterImpl-b249f779-13f2-4d94-9d49-8f38c7514c74/datanode-2/data/ratis/8509e87f-0539-4b00-8738-8d541d207794
2023-12-01 12:07:49,067 [36feb706-8d2b-450d-bbd6-33af8c2d1a3d-groupManagement] INFO  server.RaftServerConfigKeys (ConfUtils.java:logGet(46)) - raft.server.log.queue.byte-limit = 4294967296 (custom)
2023-12-01 12:07:49,067 [36feb706-8d2b-450d-bbd6-33af8c2d1a3d-groupManagement] INFO  server.RaftServerConfigKeys (ConfUtils.java:logGet(46)) - raft.server.log.queue.element-limit = 1024 (custom)
2023-12-01 12:07:49,067 [36feb706-8d2b-450d-bbd6-33af8c2d1a3d-groupManagement] INFO  server.RaftServerConfigKeys (ConfUtils.java:logGet(46)) - raft.server.log.segment.size.max = 67108864 (custom)
2023-12-01 12:07:49,067 [36feb706-8d2b-450d-bbd6-33af8c2d1a3d-groupManagement] INFO  server.RaftServerConfigKeys (ConfUtils.java:logGet(46)) - raft.server.log.preallocated.size = 4194304 (custom)
2023-12-01 12:07:49,067 [36feb706-8d2b-450d-bbd6-33af8c2d1a3d-groupManagement] INFO  server.RaftServerConfigKeys (ConfUtils.java:logGet(46)) - raft.server.log.force.sync.num = 128 (default)
2023-12-01 12:07:49,067 [36feb706-8d2b-450d-bbd6-33af8c2d1a3d-groupManagement] INFO  server.RaftServerConfigKeys (ConfUtils.java:logGet(46)) - raft.server.log.statemachine.data.sync = true (default)
2023-12-01 12:07:49,067 [36feb706-8d2b-450d-bbd6-33af8c2d1a3d-groupManagement] INFO  server.RaftServerConfigKeys (ConfUtils.java:logGet(46)) - raft.server.log.statemachine.data.sync.timeout = 10s (default)
2023-12-01 12:07:49,067 [36feb706-8d2b-450d-bbd6-33af8c2d1a3d-groupManagement] INFO  server.RaftServerConfigKeys (ConfUtils.java:logGet(46)) - raft.server.log.statemachine.data.sync.timeout.retry = -1 (default)
2023-12-01 12:07:49,068 [36feb706-8d2b-450d-bbd6-33af8c2d1a3d-groupManagement] INFO  server.RaftServerConfigKeys (ConfUtils.java:logGet(46)) - raft.server.log.write.buffer.size = 2097152 (custom)
2023-12-01 12:07:49,068 [36feb706-8d2b-450d-bbd6-33af8c2d1a3d-groupManagement] INFO  server.RaftServerConfigKeys (ConfUtils.java:logGet(46)) - raft.server.log.appender.buffer.byte-limit = 33554432 (custom)
2023-12-01 12:07:49,070 [36feb706-8d2b-450d-bbd6-33af8c2d1a3d-groupManagement] INFO  server.RaftServerConfigKeys (ConfUtils.java:logGet(46)) - raft.server.log.unsafe-flush.enabled = false (default)
2023-12-01 12:07:49,070 [36feb706-8d2b-450d-bbd6-33af8c2d1a3d-groupManagement] INFO  server.RaftServerConfigKeys (ConfUtils.java:logGet(46)) - raft.server.log.async-flush.enabled = false (default)
2023-12-01 12:07:49,070 [36feb706-8d2b-450d-bbd6-33af8c2d1a3d-groupManagement] INFO  server.RaftServerConfigKeys (ConfUtils.java:logGet(46)) - raft.server.log.statemachine.data.caching.enabled = true (custom)
2023-12-01 12:07:49,070 [36feb706-8d2b-450d-bbd6-33af8c2d1a3d-groupManagement] INFO  segmented.SegmentedRaftLogWorker (SegmentedRaftLogWorker.java:lambda$new$0(135)) - 36feb706-8d2b-450d-bbd6-33af8c2d1a3d@group-8D541D207794-SegmentedRaftLogWorker: flushIndex: setUnconditionally 0 -> -1
2023-12-01 12:07:49,070 [36feb706-8d2b-450d-bbd6-33af8c2d1a3d-groupManagement] INFO  segmented.SegmentedRaftLogWorker (SegmentedRaftLogWorker.java:lambda$new$0(135)) - 36feb706-8d2b-450d-bbd6-33af8c2d1a3d@group-8D541D207794-SegmentedRaftLogWorker: safeCacheEvictIndex: setUnconditionally 0 -> -1
2023-12-01 12:07:49,070 [36feb706-8d2b-450d-bbd6-33af8c2d1a3d-groupManagement] INFO  server.RaftServer$Division (RaftServerImpl.java:start(392)) - 36feb706-8d2b-450d-bbd6-33af8c2d1a3d@group-8D541D207794: start as a follower, conf=-1: peers:[585524aa-0c42-40b1-8d18-f2722508c145|10.1.0.24:15138, 76b9be1d-1bf0-4a28-acca-c5c2681cc872|10.1.0.24:15120, 36feb706-8d2b-450d-bbd6-33af8c2d1a3d|10.1.0.24:15129]|listeners:[], old=null
2023-12-01 12:07:49,071 [36feb706-8d2b-450d-bbd6-33af8c2d1a3d-groupManagement] INFO  server.RaftServer$Division (RaftServerImpl.java:setRole(379)) - 36feb706-8d2b-450d-bbd6-33af8c2d1a3d@group-8D541D207794: changes role from      null to FOLLOWER at term 0 for startAsFollower
2023-12-01 12:07:49,071 [36feb706-8d2b-450d-bbd6-33af8c2d1a3d-groupManagement] INFO  impl.RoleInfo (RoleInfo.java:updateAndGet(139)) - 36feb706-8d2b-450d-bbd6-33af8c2d1a3d: start 36feb706-8d2b-450d-bbd6-33af8c2d1a3d@group-8D541D207794-FollowerState
2023-12-01 12:07:49,073 [36feb706-8d2b-450d-bbd6-33af8c2d1a3d-groupManagement] INFO  util.JmxRegister (JmxRegister.java:tryRegister(44)) - Successfully registered JMX Bean with object name Ratis:service=RaftServer,group=group-8D541D207794,id=36feb706-8d2b-450d-bbd6-33af8c2d1a3d
2023-12-01 12:07:49,073 [36feb706-8d2b-450d-bbd6-33af8c2d1a3d@group-8D541D207794-FollowerState] INFO  server.RaftServerConfigKeys (ConfUtils.java:logFallback(53)) - raft.server.rpc.first-election.timeout.min = 5s (fallback to raft.server.rpc.timeout.min)
2023-12-01 12:07:49,073 [36feb706-8d2b-450d-bbd6-33af8c2d1a3d-groupManagement] INFO  server.RaftServerConfigKeys (ConfUtils.java:logGet(46)) - raft.server.snapshot.trigger-when-stop.enabled = true (default)
2023-12-01 12:07:49,073 [36feb706-8d2b-450d-bbd6-33af8c2d1a3d@group-8D541D207794-FollowerState] INFO  server.RaftServerConfigKeys (ConfUtils.java:logFallback(53)) - raft.server.rpc.first-election.timeout.max = 5200ms (fallback to raft.server.rpc.timeout.max)
2023-12-01 12:07:49,073 [36feb706-8d2b-450d-bbd6-33af8c2d1a3d-groupManagement] INFO  server.RaftServerConfigKeys (ConfUtils.java:logGet(46)) - raft.server.snapshot.auto.trigger.enabled = true (custom)
2023-12-01 12:07:49,074 [36feb706-8d2b-450d-bbd6-33af8c2d1a3d-groupManagement] INFO  server.RaftServerConfigKeys (ConfUtils.java:logGet(46)) - raft.server.snapshot.auto.trigger.threshold = 10000 (custom)
2023-12-01 12:07:49,074 [36feb706-8d2b-450d-bbd6-33af8c2d1a3d-groupManagement] INFO  server.RaftServerConfigKeys (ConfUtils.java:logGet(46)) - raft.server.snapshot.retention.file.num = 5 (custom)
2023-12-01 12:07:49,074 [36feb706-8d2b-450d-bbd6-33af8c2d1a3d-groupManagement] INFO  server.RaftServerConfigKeys (ConfUtils.java:logGet(46)) - raft.server.log.purge.upto.snapshot.index = false (default)
2023-12-01 12:07:49,074 [36feb706-8d2b-450d-bbd6-33af8c2d1a3d-PipelineCommandHandlerThread-0] INFO  ratis.XceiverServerRatis (XceiverServerRatis.java:addGroup(814)) - Created group PipelineID=8509e87f-0539-4b00-8738-8d541d207794
2023-12-01 12:07:49,079 [grpc-default-executor-2] INFO  server.RaftServer (RaftServerProxy.java:addNew(100)) - 585524aa-0c42-40b1-8d18-f2722508c145: addNew group-8D541D207794:[585524aa-0c42-40b1-8d18-f2722508c145|10.1.0.24:15138, 76b9be1d-1bf0-4a28-acca-c5c2681cc872|10.1.0.24:15120, 36feb706-8d2b-450d-bbd6-33af8c2d1a3d|10.1.0.24:15129] returns group-8D541D207794:java.util.concurrent.CompletableFuture@1d4d711[Not completed]
2023-12-01 12:07:49,080 [585524aa-0c42-40b1-8d18-f2722508c145-groupManagement] INFO  server.RaftServer$Division (RaftServerImpl.java:<init>(256)) - 585524aa-0c42-40b1-8d18-f2722508c145: new RaftServerImpl for group-8D541D207794:[585524aa-0c42-40b1-8d18-f2722508c145|10.1.0.24:15138, 76b9be1d-1bf0-4a28-acca-c5c2681cc872|10.1.0.24:15120, 36feb706-8d2b-450d-bbd6-33af8c2d1a3d|10.1.0.24:15129] with ContainerStateMachine:uninitialized
2023-12-01 12:07:49,080 [585524aa-0c42-40b1-8d18-f2722508c145-groupManagement] INFO  server.RaftServerConfigKeys (ConfUtils.java:logGet(46)) - raft.server.rpc.timeout.min = 5s (custom)
2023-12-01 12:07:49,080 [585524aa-0c42-40b1-8d18-f2722508c145-groupManagement] INFO  server.RaftServerConfigKeys (ConfUtils.java:logGet(46)) - raft.server.rpc.timeout.max = 5200ms (custom)
2023-12-01 12:07:49,080 [585524aa-0c42-40b1-8d18-f2722508c145-groupManagement] INFO  server.RaftServerConfigKeys (ConfUtils.java:logGet(46)) - raft.server.rpc.sleep.time = 25ms (default)
2023-12-01 12:07:49,080 [585524aa-0c42-40b1-8d18-f2722508c145-groupManagement] INFO  server.RaftServerConfigKeys (ConfUtils.java:logGet(46)) - raft.server.rpc.slowness.timeout = 300s (custom)
2023-12-01 12:07:49,081 [585524aa-0c42-40b1-8d18-f2722508c145-groupManagement] INFO  server.RaftServerConfigKeys (ConfUtils.java:logGet(46)) - raft.server.leaderelection.leader.step-down.wait-time = 10s (default)
2023-12-01 12:07:49,081 [585524aa-0c42-40b1-8d18-f2722508c145-groupManagement] INFO  server.RaftServerConfigKeys (ConfUtils.java:logGet(46)) - raft.server.leaderelection.member.majority-add = false (default)
2023-12-01 12:07:49,081 [585524aa-0c42-40b1-8d18-f2722508c145-groupManagement] INFO  server.RaftServerConfigKeys (ConfUtils.java:logGet(46)) - raft.server.sleep.deviation.threshold = 300ms (default)
2023-12-01 12:07:49,081 [585524aa-0c42-40b1-8d18-f2722508c145-groupManagement] INFO  server.RaftServer$Division (ServerState.java:<init>(113)) - 585524aa-0c42-40b1-8d18-f2722508c145@group-8D541D207794: ConfigurationManager, init=-1: peers:[585524aa-0c42-40b1-8d18-f2722508c145|10.1.0.24:15138, 76b9be1d-1bf0-4a28-acca-c5c2681cc872|10.1.0.24:15120, 36feb706-8d2b-450d-bbd6-33af8c2d1a3d|10.1.0.24:15129]|listeners:[], old=null, confs=<EMPTY_MAP>
2023-12-01 12:07:49,081 [585524aa-0c42-40b1-8d18-f2722508c145-groupManagement] INFO  server.RaftServerConfigKeys (ConfUtils.java:logGet(46)) - raft.server.notification.no-leader.timeout = 300s (custom)
2023-12-01 12:07:49,081 [585524aa-0c42-40b1-8d18-f2722508c145-groupManagement] INFO  server.RaftServerConfigKeys (ConfUtils.java:logGet(46)) - raft.server.read.timeout = 10s (default)
2023-12-01 12:07:49,081 [585524aa-0c42-40b1-8d18-f2722508c145-groupManagement] INFO  server.RaftServerConfigKeys (ConfUtils.java:logGet(46)) - raft.server.retrycache.expirytime = 600000ms (custom)
2023-12-01 12:07:49,081 [585524aa-0c42-40b1-8d18-f2722508c145-groupManagement] INFO  server.RaftServerConfigKeys (ConfUtils.java:logGet(46)) - raft.server.retrycache.statistics.expirytime = 100ms (default)
2023-12-01 12:07:49,081 [585524aa-0c42-40b1-8d18-f2722508c145-groupManagement] INFO  server.RaftServerConfigKeys (ConfUtils.java:logGet(46)) - raft.server.read.option = DEFAULT (default)
2023-12-01 12:07:49,081 [585524aa-0c42-40b1-8d18-f2722508c145-groupManagement] INFO  server.RaftServerConfigKeys (ConfUtils.java:logGet(46)) - raft.server.read.read-after-write-consistent.write-index-cache.expiry-time = 60s (default)
2023-12-01 12:07:49,083 [585524aa-0c42-40b1-8d18-f2722508c145-groupManagement] INFO  server.RaftServerConfigKeys (ConfUtils.java:logGet(46)) - raft.server.rpc.request.timeout = 60s (custom)
2023-12-01 12:07:49,083 [585524aa-0c42-40b1-8d18-f2722508c145-groupManagement] INFO  server.RaftServerConfigKeys (ConfUtils.java:logGet(46)) - raft.server.log.appender.install.snapshot.enabled = false (custom)
2023-12-01 12:07:49,083 [585524aa-0c42-40b1-8d18-f2722508c145-groupManagement] INFO  server.RaftServerConfigKeys (ConfUtils.java:logGet(46)) - raft.server.threadpool.server.cached = true (default)
2023-12-01 12:07:49,083 [585524aa-0c42-40b1-8d18-f2722508c145-groupManagement] INFO  server.RaftServerConfigKeys (ConfUtils.java:logGet(46)) - raft.server.threadpool.server.size = 0 (default)
2023-12-01 12:07:49,083 [585524aa-0c42-40b1-8d18-f2722508c145-groupManagement] INFO  server.RaftServerConfigKeys (ConfUtils.java:logGet(46)) - raft.server.threadpool.client.cached = true (default)
2023-12-01 12:07:49,083 [585524aa-0c42-40b1-8d18-f2722508c145-groupManagement] INFO  server.RaftServerConfigKeys (ConfUtils.java:logGet(46)) - raft.server.threadpool.client.size = 0 (default)
2023-12-01 12:07:49,083 [585524aa-0c42-40b1-8d18-f2722508c145-groupManagement] INFO  server.RaftServerConfigKeys (ConfUtils.java:logGet(46)) - raft.server.storage.free-space.min = 0MB (=0) (default)
2023-12-01 12:07:49,083 [585524aa-0c42-40b1-8d18-f2722508c145-groupManagement] INFO  server.RaftServerConfigKeys (ConfUtils.java:logGet(46)) - raft.server.log.corruption.policy = EXCEPTION (default)
2023-12-01 12:07:49,083 [585524aa-0c42-40b1-8d18-f2722508c145-groupManagement] INFO  server.RaftServerConfigKeys (ConfUtils.java:logGet(46)) - raft.server.storage.dir = [/home/runner/work/ozone/ozone/hadoop-ozone/integration-test/target/test-dir/MiniOzoneClusterImpl-b249f779-13f2-4d94-9d49-8f38c7514c74/datanode-3/data/ratis] (custom)
2023-12-01 12:07:49,084 [585524aa-0c42-40b1-8d18-f2722508c145-groupManagement] INFO  storage.RaftStorageDirectory (RaftStorageDirectoryImpl.java:analyzeStorage(138)) - The storage directory /home/runner/work/ozone/ozone/hadoop-ozone/integration-test/target/test-dir/MiniOzoneClusterImpl-b249f779-13f2-4d94-9d49-8f38c7514c74/datanode-3/data/ratis/8509e87f-0539-4b00-8738-8d541d207794 does not exist. Creating ...
2023-12-01 12:07:49,084 [585524aa-0c42-40b1-8d18-f2722508c145-groupManagement] INFO  storage.RaftStorageDirectory (RaftStorageDirectoryImpl.java:tryLock(232)) - Lock on /home/runner/work/ozone/ozone/hadoop-ozone/integration-test/target/test-dir/MiniOzoneClusterImpl-b249f779-13f2-4d94-9d49-8f38c7514c74/datanode-3/data/ratis/8509e87f-0539-4b00-8738-8d541d207794/in_use.lock acquired by nodename 15370@fv-az1423-675
2023-12-01 12:07:49,085 [585524aa-0c42-40b1-8d18-f2722508c145-groupManagement] INFO  storage.RaftStorage (RaftStorageImpl.java:format(97)) - Storage directory /home/runner/work/ozone/ozone/hadoop-ozone/integration-test/target/test-dir/MiniOzoneClusterImpl-b249f779-13f2-4d94-9d49-8f38c7514c74/datanode-3/data/ratis/8509e87f-0539-4b00-8738-8d541d207794 has been successfully formatted.
2023-12-01 12:07:49,086 [585524aa-0c42-40b1-8d18-f2722508c145-groupManagement] INFO  ratis.ContainerStateMachine (ContainerStateMachine.java:loadSnapshot(269)) - group-8D541D207794: The snapshot info is null. Setting the last applied indexto:(t:0, i:~)
2023-12-01 12:07:49,086 [585524aa-0c42-40b1-8d18-f2722508c145-groupManagement] INFO  server.RaftServerConfigKeys (ConfUtils.java:logGet(46)) - raft.server.log.use.memory = false (default)
2023-12-01 12:07:49,086 [585524aa-0c42-40b1-8d18-f2722508c145-groupManagement] INFO  server.RaftServerConfigKeys (ConfUtils.java:logGet(46)) - raft.server.log.purge.gap = 1000000 (custom)
2023-12-01 12:07:49,086 [585524aa-0c42-40b1-8d18-f2722508c145-groupManagement] INFO  server.RaftServerConfigKeys (ConfUtils.java:logGet(46)) - raft.server.log.appender.buffer.byte-limit = 33554432 (custom)
2023-12-01 12:07:49,086 [585524aa-0c42-40b1-8d18-f2722508c145-groupManagement] INFO  server.RaftServerConfigKeys (ConfUtils.java:logGet(46)) - raft.server.log.statemachine.data.read.timeout = 1000ms (default)
2023-12-01 12:07:49,086 [585524aa-0c42-40b1-8d18-f2722508c145-groupManagement] INFO  server.RaftServerConfigKeys (ConfUtils.java:logGet(46)) - raft.server.log.purge.preservation.log.num = 0 (default)
2023-12-01 12:07:49,087 [585524aa-0c42-40b1-8d18-f2722508c145-groupManagement] INFO  server.RaftServerConfigKeys (ConfUtils.java:logGet(46)) - raft.server.log.segment.size.max = 67108864 (custom)
2023-12-01 12:07:49,087 [585524aa-0c42-40b1-8d18-f2722508c145-groupManagement] INFO  server.RaftServerConfigKeys (ConfUtils.java:logGet(46)) - raft.server.log.segment.cache.num.max = 2 (custom)
2023-12-01 12:07:49,088 [585524aa-0c42-40b1-8d18-f2722508c145-groupManagement] INFO  server.RaftServerConfigKeys (ConfUtils.java:logGet(46)) - raft.server.log.segment.cache.size.max = 200MB (=209715200) (default)
2023-12-01 12:07:49,088 [585524aa-0c42-40b1-8d18-f2722508c145-groupManagement] INFO  server.RaftServerConfigKeys (ConfUtils.java:logGet(46)) - raft.server.log.appender.buffer.byte-limit = 33554432 (custom)
2023-12-01 12:07:49,088 [585524aa-0c42-40b1-8d18-f2722508c145-groupManagement] INFO  util.AwaitToRun (AwaitToRun.java:start(81)) - Thread[585524aa-0c42-40b1-8d18-f2722508c145@group-8D541D207794-cacheEviction-AwaitToRun,5,main] started
2023-12-01 12:07:49,088 [585524aa-0c42-40b1-8d18-f2722508c145-groupManagement] INFO  segmented.SegmentedRaftLogWorker (SegmentedRaftLogWorker.java:<init>(184)) - new 585524aa-0c42-40b1-8d18-f2722508c145@group-8D541D207794-SegmentedRaftLogWorker for RaftStorageImpl:Storage Directory /home/runner/work/ozone/ozone/hadoop-ozone/integration-test/target/test-dir/MiniOzoneClusterImpl-b249f779-13f2-4d94-9d49-8f38c7514c74/datanode-3/data/ratis/8509e87f-0539-4b00-8738-8d541d207794
2023-12-01 12:07:49,088 [585524aa-0c42-40b1-8d18-f2722508c145-groupManagement] INFO  server.RaftServerConfigKeys (ConfUtils.java:logGet(46)) - raft.server.log.queue.byte-limit = 4294967296 (custom)
2023-12-01 12:07:49,088 [585524aa-0c42-40b1-8d18-f2722508c145-groupManagement] INFO  server.RaftServerConfigKeys (ConfUtils.java:logGet(46)) - raft.server.log.queue.element-limit = 1024 (custom)
2023-12-01 12:07:49,088 [585524aa-0c42-40b1-8d18-f2722508c145-groupManagement] INFO  server.RaftServerConfigKeys (ConfUtils.java:logGet(46)) - raft.server.log.segment.size.max = 67108864 (custom)
2023-12-01 12:07:49,088 [585524aa-0c42-40b1-8d18-f2722508c145-groupManagement] INFO  server.RaftServerConfigKeys (ConfUtils.java:logGet(46)) - raft.server.log.preallocated.size = 4194304 (custom)
2023-12-01 12:07:49,088 [585524aa-0c42-40b1-8d18-f2722508c145-groupManagement] INFO  server.RaftServerConfigKeys (ConfUtils.java:logGet(46)) - raft.server.log.force.sync.num = 128 (default)
2023-12-01 12:07:49,088 [585524aa-0c42-40b1-8d18-f2722508c145-groupManagement] INFO  server.RaftServerConfigKeys (ConfUtils.java:logGet(46)) - raft.server.log.statemachine.data.sync = true (default)
2023-12-01 12:07:49,088 [585524aa-0c42-40b1-8d18-f2722508c145-groupManagement] INFO  server.RaftServerConfigKeys (ConfUtils.java:logGet(46)) - raft.server.log.statemachine.data.sync.timeout = 10s (default)
2023-12-01 12:07:49,088 [585524aa-0c42-40b1-8d18-f2722508c145-groupManagement] INFO  server.RaftServerConfigKeys (ConfUtils.java:logGet(46)) - raft.server.log.statemachine.data.sync.timeout.retry = -1 (default)
2023-12-01 12:07:49,088 [585524aa-0c42-40b1-8d18-f2722508c145-groupManagement] INFO  server.RaftServerConfigKeys (ConfUtils.java:logGet(46)) - raft.server.log.write.buffer.size = 2097152 (custom)
2023-12-01 12:07:49,089 [585524aa-0c42-40b1-8d18-f2722508c145-groupManagement] INFO  server.RaftServerConfigKeys (ConfUtils.java:logGet(46)) - raft.server.log.appender.buffer.byte-limit = 33554432 (custom)
2023-12-01 12:07:49,091 [585524aa-0c42-40b1-8d18-f2722508c145-groupManagement] INFO  server.RaftServerConfigKeys (ConfUtils.java:logGet(46)) - raft.server.log.unsafe-flush.enabled = false (default)
2023-12-01 12:07:49,091 [585524aa-0c42-40b1-8d18-f2722508c145-groupManagement] INFO  server.RaftServerConfigKeys (ConfUtils.java:logGet(46)) - raft.server.log.async-flush.enabled = false (default)
2023-12-01 12:07:49,091 [585524aa-0c42-40b1-8d18-f2722508c145-groupManagement] INFO  server.RaftServerConfigKeys (ConfUtils.java:logGet(46)) - raft.server.log.statemachine.data.caching.enabled = true (custom)
2023-12-01 12:07:49,091 [585524aa-0c42-40b1-8d18-f2722508c145-groupManagement] INFO  segmented.SegmentedRaftLogWorker (SegmentedRaftLogWorker.java:lambda$new$0(135)) - 585524aa-0c42-40b1-8d18-f2722508c145@group-8D541D207794-SegmentedRaftLogWorker: flushIndex: setUnconditionally 0 -> -1
2023-12-01 12:07:49,091 [585524aa-0c42-40b1-8d18-f2722508c145-groupManagement] INFO  segmented.SegmentedRaftLogWorker (SegmentedRaftLogWorker.java:lambda$new$0(135)) - 585524aa-0c42-40b1-8d18-f2722508c145@group-8D541D207794-SegmentedRaftLogWorker: safeCacheEvictIndex: setUnconditionally 0 -> -1
2023-12-01 12:07:49,091 [585524aa-0c42-40b1-8d18-f2722508c145-groupManagement] INFO  server.RaftServer$Division (RaftServerImpl.java:start(392)) - 585524aa-0c42-40b1-8d18-f2722508c145@group-8D541D207794: start as a follower, conf=-1: peers:[585524aa-0c42-40b1-8d18-f2722508c145|10.1.0.24:15138, 76b9be1d-1bf0-4a28-acca-c5c2681cc872|10.1.0.24:15120, 36feb706-8d2b-450d-bbd6-33af8c2d1a3d|10.1.0.24:15129]|listeners:[], old=null
2023-12-01 12:07:49,091 [585524aa-0c42-40b1-8d18-f2722508c145-groupManagement] INFO  server.RaftServer$Division (RaftServerImpl.java:setRole(379)) - 585524aa-0c42-40b1-8d18-f2722508c145@group-8D541D207794: changes role from      null to FOLLOWER at term 0 for startAsFollower
2023-12-01 12:07:49,091 [585524aa-0c42-40b1-8d18-f2722508c145-groupManagement] INFO  impl.RoleInfo (RoleInfo.java:updateAndGet(139)) - 585524aa-0c42-40b1-8d18-f2722508c145: start 585524aa-0c42-40b1-8d18-f2722508c145@group-8D541D207794-FollowerState
2023-12-01 12:07:49,092 [585524aa-0c42-40b1-8d18-f2722508c145@group-8D541D207794-FollowerState] INFO  server.RaftServerConfigKeys (ConfUtils.java:logFallback(53)) - raft.server.rpc.first-election.timeout.min = 5s (fallback to raft.server.rpc.timeout.min)
2023-12-01 12:07:49,092 [585524aa-0c42-40b1-8d18-f2722508c145@group-8D541D207794-FollowerState] INFO  server.RaftServerConfigKeys (ConfUtils.java:logFallback(53)) - raft.server.rpc.first-election.timeout.max = 5200ms (fallback to raft.server.rpc.timeout.max)
2023-12-01 12:07:49,092 [585524aa-0c42-40b1-8d18-f2722508c145-groupManagement] INFO  util.JmxRegister (JmxRegister.java:tryRegister(44)) - Successfully registered JMX Bean with object name Ratis:service=RaftServer,group=group-8D541D207794,id=585524aa-0c42-40b1-8d18-f2722508c145
2023-12-01 12:07:49,092 [585524aa-0c42-40b1-8d18-f2722508c145-groupManagement] INFO  server.RaftServerConfigKeys (ConfUtils.java:logGet(46)) - raft.server.snapshot.trigger-when-stop.enabled = true (default)
2023-12-01 12:07:49,092 [585524aa-0c42-40b1-8d18-f2722508c145-groupManagement] INFO  server.RaftServerConfigKeys (ConfUtils.java:logGet(46)) - raft.server.snapshot.auto.trigger.enabled = true (custom)
2023-12-01 12:07:49,092 [585524aa-0c42-40b1-8d18-f2722508c145-groupManagement] INFO  server.RaftServerConfigKeys (ConfUtils.java:logGet(46)) - raft.server.snapshot.auto.trigger.threshold = 10000 (custom)
2023-12-01 12:07:49,092 [585524aa-0c42-40b1-8d18-f2722508c145-groupManagement] INFO  server.RaftServerConfigKeys (ConfUtils.java:logGet(46)) - raft.server.snapshot.retention.file.num = 5 (custom)
2023-12-01 12:07:49,092 [585524aa-0c42-40b1-8d18-f2722508c145-groupManagement] INFO  server.RaftServerConfigKeys (ConfUtils.java:logGet(46)) - raft.server.log.purge.upto.snapshot.index = false (default)
2023-12-01 12:07:49,101 [grpc-default-executor-2] INFO  server.RaftServer (RaftServerProxy.java:addNew(100)) - 76b9be1d-1bf0-4a28-acca-c5c2681cc872: addNew group-8D541D207794:[585524aa-0c42-40b1-8d18-f2722508c145|10.1.0.24:15138, 76b9be1d-1bf0-4a28-acca-c5c2681cc872|10.1.0.24:15120, 36feb706-8d2b-450d-bbd6-33af8c2d1a3d|10.1.0.24:15129] returns group-8D541D207794:java.util.concurrent.CompletableFuture@4791cf12[Not completed]
2023-12-01 12:07:49,101 [76b9be1d-1bf0-4a28-acca-c5c2681cc872-groupManagement] INFO  server.RaftServer$Division (RaftServerImpl.java:<init>(256)) - 76b9be1d-1bf0-4a28-acca-c5c2681cc872: new RaftServerImpl for group-8D541D207794:[585524aa-0c42-40b1-8d18-f2722508c145|10.1.0.24:15138, 76b9be1d-1bf0-4a28-acca-c5c2681cc872|10.1.0.24:15120, 36feb706-8d2b-450d-bbd6-33af8c2d1a3d|10.1.0.24:15129] with ContainerStateMachine:uninitialized
2023-12-01 12:07:49,101 [76b9be1d-1bf0-4a28-acca-c5c2681cc872-groupManagement] INFO  server.RaftServerConfigKeys (ConfUtils.java:logGet(46)) - raft.server.rpc.timeout.min = 5s (custom)
2023-12-01 12:07:49,101 [76b9be1d-1bf0-4a28-acca-c5c2681cc872-groupManagement] INFO  server.RaftServerConfigKeys (ConfUtils.java:logGet(46)) - raft.server.rpc.timeout.max = 5200ms (custom)
2023-12-01 12:07:49,101 [76b9be1d-1bf0-4a28-acca-c5c2681cc872-groupManagement] INFO  server.RaftServerConfigKeys (ConfUtils.java:logGet(46)) - raft.server.rpc.sleep.time = 25ms (default)
2023-12-01 12:07:49,102 [76b9be1d-1bf0-4a28-acca-c5c2681cc872-groupManagement] INFO  server.RaftServerConfigKeys (ConfUtils.java:logGet(46)) - raft.server.rpc.slowness.timeout = 300s (custom)
2023-12-01 12:07:49,102 [76b9be1d-1bf0-4a28-acca-c5c2681cc872-groupManagement] INFO  server.RaftServerConfigKeys (ConfUtils.java:logGet(46)) - raft.server.leaderelection.leader.step-down.wait-time = 10s (default)
2023-12-01 12:07:49,102 [76b9be1d-1bf0-4a28-acca-c5c2681cc872-groupManagement] INFO  server.RaftServerConfigKeys (ConfUtils.java:logGet(46)) - raft.server.leaderelection.member.majority-add = false (default)
2023-12-01 12:07:49,102 [76b9be1d-1bf0-4a28-acca-c5c2681cc872-groupManagement] INFO  server.RaftServerConfigKeys (ConfUtils.java:logGet(46)) - raft.server.sleep.deviation.threshold = 300ms (default)
2023-12-01 12:07:49,102 [76b9be1d-1bf0-4a28-acca-c5c2681cc872-groupManagement] INFO  server.RaftServer$Division (ServerState.java:<init>(113)) - 76b9be1d-1bf0-4a28-acca-c5c2681cc872@group-8D541D207794: ConfigurationManager, init=-1: peers:[585524aa-0c42-40b1-8d18-f2722508c145|10.1.0.24:15138, 76b9be1d-1bf0-4a28-acca-c5c2681cc872|10.1.0.24:15120, 36feb706-8d2b-450d-bbd6-33af8c2d1a3d|10.1.0.24:15129]|listeners:[], old=null, confs=<EMPTY_MAP>
2023-12-01 12:07:49,102 [76b9be1d-1bf0-4a28-acca-c5c2681cc872-groupManagement] INFO  server.RaftServerConfigKeys (ConfUtils.java:logGet(46)) - raft.server.notification.no-leader.timeout = 300s (custom)
2023-12-01 12:07:49,102 [76b9be1d-1bf0-4a28-acca-c5c2681cc872-groupManagement] INFO  server.RaftServerConfigKeys (ConfUtils.java:logGet(46)) - raft.server.read.timeout = 10s (default)
2023-12-01 12:07:49,102 [76b9be1d-1bf0-4a28-acca-c5c2681cc872-groupManagement] INFO  server.RaftServerConfigKeys (ConfUtils.java:logGet(46)) - raft.server.retrycache.expirytime = 600000ms (custom)
2023-12-01 12:07:49,102 [76b9be1d-1bf0-4a28-acca-c5c2681cc872-groupManagement] INFO  server.RaftServerConfigKeys (ConfUtils.java:logGet(46)) - raft.server.retrycache.statistics.expirytime = 100ms (default)
2023-12-01 12:07:49,102 [76b9be1d-1bf0-4a28-acca-c5c2681cc872-groupManagement] INFO  server.RaftServerConfigKeys (ConfUtils.java:logGet(46)) - raft.server.read.option = DEFAULT (default)
2023-12-01 12:07:49,102 [76b9be1d-1bf0-4a28-acca-c5c2681cc872-groupManagement] INFO  server.RaftServerConfigKeys (ConfUtils.java:logGet(46)) - raft.server.read.read-after-write-consistent.write-index-cache.expiry-time = 60s (default)
2023-12-01 12:07:49,104 [76b9be1d-1bf0-4a28-acca-c5c2681cc872-groupManagement] INFO  server.RaftServerConfigKeys (ConfUtils.java:logGet(46)) - raft.server.rpc.request.timeout = 60s (custom)
2023-12-01 12:07:49,104 [76b9be1d-1bf0-4a28-acca-c5c2681cc872-groupManagement] INFO  server.RaftServerConfigKeys (ConfUtils.java:logGet(46)) - raft.server.log.appender.install.snapshot.enabled = false (custom)
2023-12-01 12:07:49,104 [76b9be1d-1bf0-4a28-acca-c5c2681cc872-groupManagement] INFO  server.RaftServerConfigKeys (ConfUtils.java:logGet(46)) - raft.server.threadpool.server.cached = true (default)
2023-12-01 12:07:49,104 [76b9be1d-1bf0-4a28-acca-c5c2681cc872-groupManagement] INFO  server.RaftServerConfigKeys (ConfUtils.java:logGet(46)) - raft.server.threadpool.server.size = 0 (default)
2023-12-01 12:07:49,104 [76b9be1d-1bf0-4a28-acca-c5c2681cc872-groupManagement] INFO  server.RaftServerConfigKeys (ConfUtils.java:logGet(46)) - raft.server.threadpool.client.cached = true (default)
2023-12-01 12:07:49,104 [76b9be1d-1bf0-4a28-acca-c5c2681cc872-groupManagement] INFO  server.RaftServerConfigKeys (ConfUtils.java:logGet(46)) - raft.server.threadpool.client.size = 0 (default)
2023-12-01 12:07:49,104 [76b9be1d-1bf0-4a28-acca-c5c2681cc872-groupManagement] INFO  server.RaftServerConfigKeys (ConfUtils.java:logGet(46)) - raft.server.storage.free-space.min = 0MB (=0) (default)
2023-12-01 12:07:49,104 [76b9be1d-1bf0-4a28-acca-c5c2681cc872-groupManagement] INFO  server.RaftServerConfigKeys (ConfUtils.java:logGet(46)) - raft.server.log.corruption.policy = EXCEPTION (default)
2023-12-01 12:07:49,104 [76b9be1d-1bf0-4a28-acca-c5c2681cc872-groupManagement] INFO  server.RaftServerConfigKeys (ConfUtils.java:logGet(46)) - raft.server.storage.dir = [/home/runner/work/ozone/ozone/hadoop-ozone/integration-test/target/test-dir/MiniOzoneClusterImpl-b249f779-13f2-4d94-9d49-8f38c7514c74/datanode-1/data/ratis] (custom)
2023-12-01 12:07:49,105 [76b9be1d-1bf0-4a28-acca-c5c2681cc872-groupManagement] INFO  storage.RaftStorageDirectory (RaftStorageDirectoryImpl.java:analyzeStorage(138)) - The storage directory /home/runner/work/ozone/ozone/hadoop-ozone/integration-test/target/test-dir/MiniOzoneClusterImpl-b249f779-13f2-4d94-9d49-8f38c7514c74/datanode-1/data/ratis/8509e87f-0539-4b00-8738-8d541d207794 does not exist. Creating ...
2023-12-01 12:07:49,105 [76b9be1d-1bf0-4a28-acca-c5c2681cc872-groupManagement] INFO  storage.RaftStorageDirectory (RaftStorageDirectoryImpl.java:tryLock(232)) - Lock on /home/runner/work/ozone/ozone/hadoop-ozone/integration-test/target/test-dir/MiniOzoneClusterImpl-b249f779-13f2-4d94-9d49-8f38c7514c74/datanode-1/data/ratis/8509e87f-0539-4b00-8738-8d541d207794/in_use.lock acquired by nodename 15370@fv-az1423-675
2023-12-01 12:07:49,106 [76b9be1d-1bf0-4a28-acca-c5c2681cc872-groupManagement] INFO  storage.RaftStorage (RaftStorageImpl.java:format(97)) - Storage directory /home/runner/work/ozone/ozone/hadoop-ozone/integration-test/target/test-dir/MiniOzoneClusterImpl-b249f779-13f2-4d94-9d49-8f38c7514c74/datanode-1/data/ratis/8509e87f-0539-4b00-8738-8d541d207794 has been successfully formatted.
2023-12-01 12:07:49,107 [76b9be1d-1bf0-4a28-acca-c5c2681cc872-groupManagement] INFO  ratis.ContainerStateMachine (ContainerStateMachine.java:loadSnapshot(269)) - group-8D541D207794: The snapshot info is null. Setting the last applied indexto:(t:0, i:~)
2023-12-01 12:07:49,107 [76b9be1d-1bf0-4a28-acca-c5c2681cc872-groupManagement] INFO  server.RaftServerConfigKeys (ConfUtils.java:logGet(46)) - raft.server.log.use.memory = false (default)
2023-12-01 12:07:49,107 [76b9be1d-1bf0-4a28-acca-c5c2681cc872-groupManagement] INFO  server.RaftServerConfigKeys (ConfUtils.java:logGet(46)) - raft.server.log.purge.gap = 1000000 (custom)
2023-12-01 12:07:49,107 [76b9be1d-1bf0-4a28-acca-c5c2681cc872-groupManagement] INFO  server.RaftServerConfigKeys (ConfUtils.java:logGet(46)) - raft.server.log.appender.buffer.byte-limit = 33554432 (custom)
2023-12-01 12:07:49,107 [76b9be1d-1bf0-4a28-acca-c5c2681cc872-groupManagement] INFO  server.RaftServerConfigKeys (ConfUtils.java:logGet(46)) - raft.server.log.statemachine.data.read.timeout = 1000ms (default)
2023-12-01 12:07:49,107 [76b9be1d-1bf0-4a28-acca-c5c2681cc872-groupManagement] INFO  server.RaftServerConfigKeys (ConfUtils.java:logGet(46)) - raft.server.log.purge.preservation.log.num = 0 (default)
2023-12-01 12:07:49,108 [76b9be1d-1bf0-4a28-acca-c5c2681cc872-groupManagement] INFO  server.RaftServerConfigKeys (ConfUtils.java:logGet(46)) - raft.server.log.segment.size.max = 67108864 (custom)
2023-12-01 12:07:49,108 [76b9be1d-1bf0-4a28-acca-c5c2681cc872-groupManagement] INFO  server.RaftServerConfigKeys (ConfUtils.java:logGet(46)) - raft.server.log.segment.cache.num.max = 2 (custom)
2023-12-01 12:07:49,108 [76b9be1d-1bf0-4a28-acca-c5c2681cc872-groupManagement] INFO  server.RaftServerConfigKeys (ConfUtils.java:logGet(46)) - raft.server.log.segment.cache.size.max = 200MB (=209715200) (default)
2023-12-01 12:07:49,108 [76b9be1d-1bf0-4a28-acca-c5c2681cc872-groupManagement] INFO  server.RaftServerConfigKeys (ConfUtils.java:logGet(46)) - raft.server.log.appender.buffer.byte-limit = 33554432 (custom)
2023-12-01 12:07:49,109 [76b9be1d-1bf0-4a28-acca-c5c2681cc872-groupManagement] INFO  util.AwaitToRun (AwaitToRun.java:start(81)) - Thread[76b9be1d-1bf0-4a28-acca-c5c2681cc872@group-8D541D207794-cacheEviction-AwaitToRun,5,main] started
2023-12-01 12:07:49,109 [76b9be1d-1bf0-4a28-acca-c5c2681cc872-groupManagement] INFO  segmented.SegmentedRaftLogWorker (SegmentedRaftLogWorker.java:<init>(184)) - new 76b9be1d-1bf0-4a28-acca-c5c2681cc872@group-8D541D207794-SegmentedRaftLogWorker for RaftStorageImpl:Storage Directory /home/runner/work/ozone/ozone/hadoop-ozone/integration-test/target/test-dir/MiniOzoneClusterImpl-b249f779-13f2-4d94-9d49-8f38c7514c74/datanode-1/data/ratis/8509e87f-0539-4b00-8738-8d541d207794
2023-12-01 12:07:49,109 [76b9be1d-1bf0-4a28-acca-c5c2681cc872-groupManagement] INFO  server.RaftServerConfigKeys (ConfUtils.java:logGet(46)) - raft.server.log.queue.byte-limit = 4294967296 (custom)
2023-12-01 12:07:49,109 [76b9be1d-1bf0-4a28-acca-c5c2681cc872-groupManagement] INFO  server.RaftServerConfigKeys (ConfUtils.java:logGet(46)) - raft.server.log.queue.element-limit = 1024 (custom)
2023-12-01 12:07:49,109 [76b9be1d-1bf0-4a28-acca-c5c2681cc872-groupManagement] INFO  server.RaftServerConfigKeys (ConfUtils.java:logGet(46)) - raft.server.log.segment.size.max = 67108864 (custom)
2023-12-01 12:07:49,109 [76b9be1d-1bf0-4a28-acca-c5c2681cc872-groupManagement] INFO  server.RaftServerConfigKeys (ConfUtils.java:logGet(46)) - raft.server.log.preallocated.size = 4194304 (custom)
2023-12-01 12:07:49,109 [76b9be1d-1bf0-4a28-acca-c5c2681cc872-groupManagement] INFO  server.RaftServerConfigKeys (ConfUtils.java:logGet(46)) - raft.server.log.force.sync.num = 128 (default)
2023-12-01 12:07:49,109 [76b9be1d-1bf0-4a28-acca-c5c2681cc872-groupManagement] INFO  server.RaftServerConfigKeys (ConfUtils.java:logGet(46)) - raft.server.log.statemachine.data.sync = true (default)
2023-12-01 12:07:49,109 [76b9be1d-1bf0-4a28-acca-c5c2681cc872-groupManagement] INFO  server.RaftServerConfigKeys (ConfUtils.java:logGet(46)) - raft.server.log.statemachine.data.sync.timeout = 10s (default)
2023-12-01 12:07:49,109 [76b9be1d-1bf0-4a28-acca-c5c2681cc872-groupManagement] INFO  server.RaftServerConfigKeys (ConfUtils.java:logGet(46)) - raft.server.log.statemachine.data.sync.timeout.retry = -1 (default)
2023-12-01 12:07:49,109 [76b9be1d-1bf0-4a28-acca-c5c2681cc872-groupManagement] INFO  server.RaftServerConfigKeys (ConfUtils.java:logGet(46)) - raft.server.log.write.buffer.size = 2097152 (custom)
2023-12-01 12:07:49,110 [76b9be1d-1bf0-4a28-acca-c5c2681cc872-groupManagement] INFO  server.RaftServerConfigKeys (ConfUtils.java:logGet(46)) - raft.server.log.appender.buffer.byte-limit = 33554432 (custom)
2023-12-01 12:07:49,112 [76b9be1d-1bf0-4a28-acca-c5c2681cc872-groupManagement] INFO  server.RaftServerConfigKeys (ConfUtils.java:logGet(46)) - raft.server.log.unsafe-flush.enabled = false (default)
2023-12-01 12:07:49,112 [76b9be1d-1bf0-4a28-acca-c5c2681cc872-groupManagement] INFO  server.RaftServerConfigKeys (ConfUtils.java:logGet(46)) - raft.server.log.async-flush.enabled = false (default)
2023-12-01 12:07:49,112 [76b9be1d-1bf0-4a28-acca-c5c2681cc872-groupManagement] INFO  server.RaftServerConfigKeys (ConfUtils.java:logGet(46)) - raft.server.log.statemachine.data.caching.enabled = true (custom)
2023-12-01 12:07:49,112 [76b9be1d-1bf0-4a28-acca-c5c2681cc872-groupManagement] INFO  segmented.SegmentedRaftLogWorker (SegmentedRaftLogWorker.java:lambda$new$0(135)) - 76b9be1d-1bf0-4a28-acca-c5c2681cc872@group-8D541D207794-SegmentedRaftLogWorker: flushIndex: setUnconditionally 0 -> -1
2023-12-01 12:07:49,112 [76b9be1d-1bf0-4a28-acca-c5c2681cc872-groupManagement] INFO  segmented.SegmentedRaftLogWorker (SegmentedRaftLogWorker.java:lambda$new$0(135)) - 76b9be1d-1bf0-4a28-acca-c5c2681cc872@group-8D541D207794-SegmentedRaftLogWorker: safeCacheEvictIndex: setUnconditionally 0 -> -1
2023-12-01 12:07:49,112 [76b9be1d-1bf0-4a28-acca-c5c2681cc872-groupManagement] INFO  server.RaftServer$Division (RaftServerImpl.java:start(392)) - 76b9be1d-1bf0-4a28-acca-c5c2681cc872@group-8D541D207794: start as a follower, conf=-1: peers:[585524aa-0c42-40b1-8d18-f2722508c145|10.1.0.24:15138, 76b9be1d-1bf0-4a28-acca-c5c2681cc872|10.1.0.24:15120, 36feb706-8d2b-450d-bbd6-33af8c2d1a3d|10.1.0.24:15129]|listeners:[], old=null
2023-12-01 12:07:49,112 [76b9be1d-1bf0-4a28-acca-c5c2681cc872-groupManagement] INFO  server.RaftServer$Division (RaftServerImpl.java:setRole(379)) - 76b9be1d-1bf0-4a28-acca-c5c2681cc872@group-8D541D207794: changes role from      null to FOLLOWER at term 0 for startAsFollower
2023-12-01 12:07:49,112 [76b9be1d-1bf0-4a28-acca-c5c2681cc872-groupManagement] INFO  impl.RoleInfo (RoleInfo.java:updateAndGet(139)) - 76b9be1d-1bf0-4a28-acca-c5c2681cc872: start 76b9be1d-1bf0-4a28-acca-c5c2681cc872@group-8D541D207794-FollowerState
2023-12-01 12:07:49,112 [76b9be1d-1bf0-4a28-acca-c5c2681cc872@group-8D541D207794-FollowerState] INFO  server.RaftServerConfigKeys (ConfUtils.java:logFallback(53)) - raft.server.rpc.first-election.timeout.min = 5s (fallback to raft.server.rpc.timeout.min)
2023-12-01 12:07:49,113 [76b9be1d-1bf0-4a28-acca-c5c2681cc872-groupManagement] INFO  util.JmxRegister (JmxRegister.java:tryRegister(44)) - Successfully registered JMX Bean with object name Ratis:service=RaftServer,group=group-8D541D207794,id=76b9be1d-1bf0-4a28-acca-c5c2681cc872
2023-12-01 12:07:49,113 [76b9be1d-1bf0-4a28-acca-c5c2681cc872-groupManagement] INFO  server.RaftServerConfigKeys (ConfUtils.java:logGet(46)) - raft.server.snapshot.trigger-when-stop.enabled = true (default)
2023-12-01 12:07:49,113 [76b9be1d-1bf0-4a28-acca-c5c2681cc872-groupManagement] INFO  server.RaftServerConfigKeys (ConfUtils.java:logGet(46)) - raft.server.snapshot.auto.trigger.enabled = true (custom)
2023-12-01 12:07:49,113 [76b9be1d-1bf0-4a28-acca-c5c2681cc872-groupManagement] INFO  server.RaftServerConfigKeys (ConfUtils.java:logGet(46)) - raft.server.snapshot.auto.trigger.threshold = 10000 (custom)
2023-12-01 12:07:49,113 [76b9be1d-1bf0-4a28-acca-c5c2681cc872-groupManagement] INFO  server.RaftServerConfigKeys (ConfUtils.java:logGet(46)) - raft.server.snapshot.retention.file.num = 5 (custom)
2023-12-01 12:07:49,113 [76b9be1d-1bf0-4a28-acca-c5c2681cc872-groupManagement] INFO  server.RaftServerConfigKeys (ConfUtils.java:logGet(46)) - raft.server.log.purge.upto.snapshot.index = false (default)
2023-12-01 12:07:49,113 [76b9be1d-1bf0-4a28-acca-c5c2681cc872@group-8D541D207794-FollowerState] INFO  server.RaftServerConfigKeys (ConfUtils.java:logFallback(53)) - raft.server.rpc.first-election.timeout.max = 5200ms (fallback to raft.server.rpc.timeout.max)
2023-12-01 12:07:49,116 [36feb706-8d2b-450d-bbd6-33af8c2d1a3d-PipelineCommandHandlerThread-0] INFO  commandhandler.CreatePipelineCommandHandler (CreatePipelineCommandHandler.java:lambda$handle$2(124)) - Created Pipeline RATIS THREE PipelineID=8509e87f-0539-4b00-8738-8d541d207794.
2023-12-01 12:07:53,074 [af140fa9-d57b-4d38-ac23-ee5728971003@group-A1DF1286BA7E-FollowerState] INFO  impl.FollowerState (FollowerState.java:run(143)) - af140fa9-d57b-4d38-ac23-ee5728971003@group-A1DF1286BA7E-FollowerState: change to CANDIDATE, lastRpcElapsedTime:5002376159ns, electionTimeout:5002ms
2023-12-01 12:07:53,074 [af140fa9-d57b-4d38-ac23-ee5728971003@group-A1DF1286BA7E-FollowerState] INFO  impl.RoleInfo (RoleInfo.java:shutdownFollowerState(110)) - af140fa9-d57b-4d38-ac23-ee5728971003: shutdown af140fa9-d57b-4d38-ac23-ee5728971003@group-A1DF1286BA7E-FollowerState
2023-12-01 12:07:53,074 [af140fa9-d57b-4d38-ac23-ee5728971003@group-A1DF1286BA7E-FollowerState] INFO  server.RaftServer$Division (RaftServerImpl.java:setRole(379)) - af140fa9-d57b-4d38-ac23-ee5728971003@group-A1DF1286BA7E: changes role from  FOLLOWER to CANDIDATE at term 0 for changeToCandidate
2023-12-01 12:07:53,074 [af140fa9-d57b-4d38-ac23-ee5728971003@group-A1DF1286BA7E-FollowerState] INFO  server.RaftServerConfigKeys (ConfUtils.java:logGet(46)) - raft.server.leaderelection.pre-vote = true (default)
2023-12-01 12:07:53,074 [af140fa9-d57b-4d38-ac23-ee5728971003@group-A1DF1286BA7E-FollowerState] INFO  impl.RoleInfo (RoleInfo.java:updateAndGet(139)) - af140fa9-d57b-4d38-ac23-ee5728971003: start af140fa9-d57b-4d38-ac23-ee5728971003@group-A1DF1286BA7E-LeaderElection29
2023-12-01 12:07:53,077 [af140fa9-d57b-4d38-ac23-ee5728971003@group-A1DF1286BA7E-LeaderElection29] INFO  impl.LeaderElection (LeaderElection.java:askForVotes(323)) - af140fa9-d57b-4d38-ac23-ee5728971003@group-A1DF1286BA7E-LeaderElection29 PRE_VOTE round 0: submit vote requests at term 0 for -1: peers:[76b9be1d-1bf0-4a28-acca-c5c2681cc872|10.1.0.24:15120, 0d726c29-49a1-421e-8ac7-200c2e9b483b|10.1.0.24:15147, af140fa9-d57b-4d38-ac23-ee5728971003|10.1.0.24:15111]|listeners:[], old=null
2023-12-01 12:07:53,078 [af140fa9-d57b-4d38-ac23-ee5728971003@group-A1DF1286BA7E-LeaderElection29] INFO  server.RaftServerConfigKeys (ConfUtils.java:logFallback(53)) - raft.server.rpc.first-election.timeout.min = 5s (fallback to raft.server.rpc.timeout.min)
2023-12-01 12:07:53,078 [af140fa9-d57b-4d38-ac23-ee5728971003@group-A1DF1286BA7E-LeaderElection29-2] INFO  server.GrpcServerProtocolClient (GrpcServerProtocolClient.java:<init>(65)) - Build channel for 0d726c29-49a1-421e-8ac7-200c2e9b483b
2023-12-01 12:07:53,078 [af140fa9-d57b-4d38-ac23-ee5728971003@group-A1DF1286BA7E-LeaderElection29] INFO  server.RaftServerConfigKeys (ConfUtils.java:logFallback(53)) - raft.server.rpc.first-election.timeout.max = 5200ms (fallback to raft.server.rpc.timeout.max)
2023-12-01 12:07:53,079 [grpc-default-executor-2] INFO  server.RaftServer$Division (RaftServerImpl.java:requestVote(1377)) - 76b9be1d-1bf0-4a28-acca-c5c2681cc872@group-A1DF1286BA7E: receive requestVote(PRE_VOTE, af140fa9-d57b-4d38-ac23-ee5728971003, group-A1DF1286BA7E, 0, (t:0, i:0))
2023-12-01 12:07:53,079 [grpc-default-executor-2] INFO  impl.VoteContext (VoteContext.java:log(49)) - 76b9be1d-1bf0-4a28-acca-c5c2681cc872@group-A1DF1286BA7E-FOLLOWER: reject PRE_VOTE from af140fa9-d57b-4d38-ac23-ee5728971003: our priority 1 > candidate's priority 0
2023-12-01 12:07:53,079 [grpc-default-executor-2] INFO  server.RaftServer$Division (RaftServerImpl.java:requestVote(1410)) - 76b9be1d-1bf0-4a28-acca-c5c2681cc872@group-A1DF1286BA7E replies to PRE_VOTE vote request: af140fa9-d57b-4d38-ac23-ee5728971003<-76b9be1d-1bf0-4a28-acca-c5c2681cc872#0:FAIL-t0. Peer's state: 76b9be1d-1bf0-4a28-acca-c5c2681cc872@group-A1DF1286BA7E:t0, leader=null, voted=, raftlog=Memoized:76b9be1d-1bf0-4a28-acca-c5c2681cc872@group-A1DF1286BA7E-SegmentedRaftLog:OPENED:c-1, conf=-1: peers:[76b9be1d-1bf0-4a28-acca-c5c2681cc872|10.1.0.24:15120, 0d726c29-49a1-421e-8ac7-200c2e9b483b|10.1.0.24:15147, af140fa9-d57b-4d38-ac23-ee5728971003|10.1.0.24:15111]|listeners:[], old=null
2023-12-01 12:07:53,080 [af140fa9-d57b-4d38-ac23-ee5728971003@group-A1DF1286BA7E-LeaderElection29] INFO  impl.LeaderElection (LeaderElection.java:logAndReturn(89)) - af140fa9-d57b-4d38-ac23-ee5728971003@group-A1DF1286BA7E-LeaderElection29: PRE_VOTE REJECTED received 1 response(s) and 0 exception(s):
2023-12-01 12:07:53,080 [af140fa9-d57b-4d38-ac23-ee5728971003@group-A1DF1286BA7E-LeaderElection29] INFO  impl.LeaderElection (LeaderElection.java:logAndReturn(93)) -   Response 0: af140fa9-d57b-4d38-ac23-ee5728971003<-76b9be1d-1bf0-4a28-acca-c5c2681cc872#0:FAIL-t0
2023-12-01 12:07:53,080 [af140fa9-d57b-4d38-ac23-ee5728971003@group-A1DF1286BA7E-LeaderElection29] INFO  impl.LeaderElection (LeaderElection.java:askForVotes(325)) - af140fa9-d57b-4d38-ac23-ee5728971003@group-A1DF1286BA7E-LeaderElection29 PRE_VOTE round 0: result REJECTED
2023-12-01 12:07:53,081 [af140fa9-d57b-4d38-ac23-ee5728971003@group-A1DF1286BA7E-LeaderElection29] INFO  server.RaftServer$Division (RaftServerImpl.java:setRole(379)) - af140fa9-d57b-4d38-ac23-ee5728971003@group-A1DF1286BA7E: changes role from CANDIDATE to FOLLOWER at term 0 for REJECTED
2023-12-01 12:07:53,081 [af140fa9-d57b-4d38-ac23-ee5728971003@group-A1DF1286BA7E-LeaderElection29] INFO  impl.RoleInfo (RoleInfo.java:shutdownLeaderElection(130)) - af140fa9-d57b-4d38-ac23-ee5728971003: shutdown af140fa9-d57b-4d38-ac23-ee5728971003@group-A1DF1286BA7E-LeaderElection29
2023-12-01 12:07:53,081 [af140fa9-d57b-4d38-ac23-ee5728971003@group-A1DF1286BA7E-LeaderElection29] INFO  impl.RoleInfo (RoleInfo.java:updateAndGet(139)) - af140fa9-d57b-4d38-ac23-ee5728971003: start af140fa9-d57b-4d38-ac23-ee5728971003@group-A1DF1286BA7E-FollowerState
2023-12-01 12:07:53,081 [af140fa9-d57b-4d38-ac23-ee5728971003@group-A1DF1286BA7E-LeaderElection29] INFO  server.RaftServer$Division (RaftServerImpl.java:setFirstElection(564)) - af140fa9-d57b-4d38-ac23-ee5728971003@group-A1DF1286BA7E: set firstElectionSinceStartup to false for REJECTED
2023-12-01 12:07:53,083 [grpc-default-executor-2] INFO  server.RaftServer$Division (RaftServerImpl.java:requestVote(1377)) - 0d726c29-49a1-421e-8ac7-200c2e9b483b@group-A1DF1286BA7E: receive requestVote(PRE_VOTE, af140fa9-d57b-4d38-ac23-ee5728971003, group-A1DF1286BA7E, 0, (t:0, i:0))
2023-12-01 12:07:53,083 [grpc-default-executor-2] INFO  impl.VoteContext (VoteContext.java:log(49)) - 0d726c29-49a1-421e-8ac7-200c2e9b483b@group-A1DF1286BA7E-FOLLOWER: accept PRE_VOTE from af140fa9-d57b-4d38-ac23-ee5728971003: our priority 0 <= candidate's priority 0
2023-12-01 12:07:53,083 [grpc-default-executor-2] INFO  server.RaftServer$Division (RaftServerImpl.java:requestVote(1410)) - 0d726c29-49a1-421e-8ac7-200c2e9b483b@group-A1DF1286BA7E replies to PRE_VOTE vote request: af140fa9-d57b-4d38-ac23-ee5728971003<-0d726c29-49a1-421e-8ac7-200c2e9b483b#0:OK-t0. Peer's state: 0d726c29-49a1-421e-8ac7-200c2e9b483b@group-A1DF1286BA7E:t0, leader=null, voted=, raftlog=Memoized:0d726c29-49a1-421e-8ac7-200c2e9b483b@group-A1DF1286BA7E-SegmentedRaftLog:OPENED:c-1, conf=-1: peers:[76b9be1d-1bf0-4a28-acca-c5c2681cc872|10.1.0.24:15120, 0d726c29-49a1-421e-8ac7-200c2e9b483b|10.1.0.24:15147, af140fa9-d57b-4d38-ac23-ee5728971003|10.1.0.24:15111]|listeners:[], old=null
2023-12-01 12:07:53,164 [af140fa9-d57b-4d38-ac23-ee5728971003@group-55A70DD5F5D9-FollowerState] INFO  impl.FollowerState (FollowerState.java:run(143)) - af140fa9-d57b-4d38-ac23-ee5728971003@group-55A70DD5F5D9-FollowerState: change to CANDIDATE, lastRpcElapsedTime:5027398212ns, electionTimeout:5027ms
2023-12-01 12:07:53,164 [af140fa9-d57b-4d38-ac23-ee5728971003@group-55A70DD5F5D9-FollowerState] INFO  impl.RoleInfo (RoleInfo.java:shutdownFollowerState(110)) - af140fa9-d57b-4d38-ac23-ee5728971003: shutdown af140fa9-d57b-4d38-ac23-ee5728971003@group-55A70DD5F5D9-FollowerState
2023-12-01 12:07:53,164 [af140fa9-d57b-4d38-ac23-ee5728971003@group-55A70DD5F5D9-FollowerState] INFO  server.RaftServer$Division (RaftServerImpl.java:setRole(379)) - af140fa9-d57b-4d38-ac23-ee5728971003@group-55A70DD5F5D9: changes role from  FOLLOWER to CANDIDATE at term 0 for changeToCandidate
2023-12-01 12:07:53,164 [af140fa9-d57b-4d38-ac23-ee5728971003@group-55A70DD5F5D9-FollowerState] INFO  server.RaftServerConfigKeys (ConfUtils.java:logGet(46)) - raft.server.leaderelection.pre-vote = true (default)
2023-12-01 12:07:53,164 [af140fa9-d57b-4d38-ac23-ee5728971003@group-55A70DD5F5D9-FollowerState] INFO  impl.RoleInfo (RoleInfo.java:updateAndGet(139)) - af140fa9-d57b-4d38-ac23-ee5728971003: start af140fa9-d57b-4d38-ac23-ee5728971003@group-55A70DD5F5D9-LeaderElection30
2023-12-01 12:07:53,165 [af140fa9-d57b-4d38-ac23-ee5728971003@group-55A70DD5F5D9-LeaderElection30] INFO  impl.LeaderElection (LeaderElection.java:askForVotes(323)) - af140fa9-d57b-4d38-ac23-ee5728971003@group-55A70DD5F5D9-LeaderElection30 PRE_VOTE round 0: submit vote requests at term 0 for -1: peers:[0d726c29-49a1-421e-8ac7-200c2e9b483b|10.1.0.24:15147, 36feb706-8d2b-450d-bbd6-33af8c2d1a3d|10.1.0.24:15129, af140fa9-d57b-4d38-ac23-ee5728971003|10.1.0.24:15111]|listeners:[], old=null
2023-12-01 12:07:53,166 [af140fa9-d57b-4d38-ac23-ee5728971003@group-55A70DD5F5D9-LeaderElection30] INFO  server.RaftServerConfigKeys (ConfUtils.java:logFallback(53)) - raft.server.rpc.first-election.timeout.min = 5s (fallback to raft.server.rpc.timeout.min)
2023-12-01 12:07:53,166 [af140fa9-d57b-4d38-ac23-ee5728971003@group-55A70DD5F5D9-LeaderElection30] INFO  server.RaftServerConfigKeys (ConfUtils.java:logFallback(53)) - raft.server.rpc.first-election.timeout.max = 5200ms (fallback to raft.server.rpc.timeout.max)
2023-12-01 12:07:53,167 [grpc-default-executor-2] INFO  server.RaftServer$Division (RaftServerImpl.java:requestVote(1377)) - 36feb706-8d2b-450d-bbd6-33af8c2d1a3d@group-55A70DD5F5D9: receive requestVote(PRE_VOTE, af140fa9-d57b-4d38-ac23-ee5728971003, group-55A70DD5F5D9, 0, (t:0, i:0))
2023-12-01 12:07:53,167 [grpc-default-executor-2] INFO  impl.VoteContext (VoteContext.java:log(49)) - 36feb706-8d2b-450d-bbd6-33af8c2d1a3d@group-55A70DD5F5D9-FOLLOWER: accept PRE_VOTE from af140fa9-d57b-4d38-ac23-ee5728971003: our priority 0 <= candidate's priority 1
2023-12-01 12:07:53,167 [grpc-default-executor-1] INFO  server.RaftServer$Division (RaftServerImpl.java:requestVote(1377)) - 0d726c29-49a1-421e-8ac7-200c2e9b483b@group-55A70DD5F5D9: receive requestVote(PRE_VOTE, af140fa9-d57b-4d38-ac23-ee5728971003, group-55A70DD5F5D9, 0, (t:0, i:0))
2023-12-01 12:07:53,167 [grpc-default-executor-2] INFO  server.RaftServer$Division (RaftServerImpl.java:requestVote(1410)) - 36feb706-8d2b-450d-bbd6-33af8c2d1a3d@group-55A70DD5F5D9 replies to PRE_VOTE vote request: af140fa9-d57b-4d38-ac23-ee5728971003<-36feb706-8d2b-450d-bbd6-33af8c2d1a3d#0:OK-t0. Peer's state: 36feb706-8d2b-450d-bbd6-33af8c2d1a3d@group-55A70DD5F5D9:t0, leader=null, voted=, raftlog=Memoized:36feb706-8d2b-450d-bbd6-33af8c2d1a3d@group-55A70DD5F5D9-SegmentedRaftLog:OPENED:c-1, conf=-1: peers:[0d726c29-49a1-421e-8ac7-200c2e9b483b|10.1.0.24:15147, 36feb706-8d2b-450d-bbd6-33af8c2d1a3d|10.1.0.24:15129, af140fa9-d57b-4d38-ac23-ee5728971003|10.1.0.24:15111]|listeners:[], old=null
2023-12-01 12:07:53,167 [grpc-default-executor-1] INFO  impl.VoteContext (VoteContext.java:log(49)) - 0d726c29-49a1-421e-8ac7-200c2e9b483b@group-55A70DD5F5D9-FOLLOWER: accept PRE_VOTE from af140fa9-d57b-4d38-ac23-ee5728971003: our priority 0 <= candidate's priority 1
2023-12-01 12:07:53,167 [grpc-default-executor-1] INFO  server.RaftServer$Division (RaftServerImpl.java:requestVote(1410)) - 0d726c29-49a1-421e-8ac7-200c2e9b483b@group-55A70DD5F5D9 replies to PRE_VOTE vote request: af140fa9-d57b-4d38-ac23-ee5728971003<-0d726c29-49a1-421e-8ac7-200c2e9b483b#0:OK-t0. Peer's state: 0d726c29-49a1-421e-8ac7-200c2e9b483b@group-55A70DD5F5D9:t0, leader=null, voted=, raftlog=Memoized:0d726c29-49a1-421e-8ac7-200c2e9b483b@group-55A70DD5F5D9-SegmentedRaftLog:OPENED:c-1, conf=-1: peers:[0d726c29-49a1-421e-8ac7-200c2e9b483b|10.1.0.24:15147, 36feb706-8d2b-450d-bbd6-33af8c2d1a3d|10.1.0.24:15129, af140fa9-d57b-4d38-ac23-ee5728971003|10.1.0.24:15111]|listeners:[], old=null
2023-12-01 12:07:53,168 [af140fa9-d57b-4d38-ac23-ee5728971003@group-55A70DD5F5D9-LeaderElection30] INFO  impl.LeaderElection (LeaderElection.java:logAndReturn(89)) - af140fa9-d57b-4d38-ac23-ee5728971003@group-55A70DD5F5D9-LeaderElection30: PRE_VOTE PASSED received 1 response(s) and 0 exception(s):
2023-12-01 12:07:53,168 [af140fa9-d57b-4d38-ac23-ee5728971003@group-55A70DD5F5D9-LeaderElection30] INFO  impl.LeaderElection (LeaderElection.java:logAndReturn(93)) -   Response 0: af140fa9-d57b-4d38-ac23-ee5728971003<-0d726c29-49a1-421e-8ac7-200c2e9b483b#0:OK-t0
2023-12-01 12:07:53,168 [af140fa9-d57b-4d38-ac23-ee5728971003@group-55A70DD5F5D9-LeaderElection30] INFO  impl.LeaderElection (LeaderElection.java:askForVotes(325)) - af140fa9-d57b-4d38-ac23-ee5728971003@group-55A70DD5F5D9-LeaderElection30 PRE_VOTE round 0: result PASSED
2023-12-01 12:07:53,169 [af140fa9-d57b-4d38-ac23-ee5728971003@group-55A70DD5F5D9-LeaderElection30] INFO  impl.LeaderElection (LeaderElection.java:askForVotes(323)) - af140fa9-d57b-4d38-ac23-ee5728971003@group-55A70DD5F5D9-LeaderElection30 ELECTION round 0: submit vote requests at term 1 for -1: peers:[0d726c29-49a1-421e-8ac7-200c2e9b483b|10.1.0.24:15147, 36feb706-8d2b-450d-bbd6-33af8c2d1a3d|10.1.0.24:15129, af140fa9-d57b-4d38-ac23-ee5728971003|10.1.0.24:15111]|listeners:[], old=null
2023-12-01 12:07:53,170 [af140fa9-d57b-4d38-ac23-ee5728971003@group-55A70DD5F5D9-LeaderElection30] INFO  server.RaftServerConfigKeys (ConfUtils.java:logFallback(53)) - raft.server.rpc.first-election.timeout.min = 5s (fallback to raft.server.rpc.timeout.min)
2023-12-01 12:07:53,170 [af140fa9-d57b-4d38-ac23-ee5728971003@group-55A70DD5F5D9-LeaderElection30] INFO  server.RaftServerConfigKeys (ConfUtils.java:logFallback(53)) - raft.server.rpc.first-election.timeout.max = 5200ms (fallback to raft.server.rpc.timeout.max)
2023-12-01 12:07:53,170 [grpc-default-executor-2] INFO  server.RaftServer$Division (RaftServerImpl.java:requestVote(1377)) - 0d726c29-49a1-421e-8ac7-200c2e9b483b@group-55A70DD5F5D9: receive requestVote(ELECTION, af140fa9-d57b-4d38-ac23-ee5728971003, group-55A70DD5F5D9, 1, (t:0, i:0))
2023-12-01 12:07:53,171 [grpc-default-executor-2] INFO  impl.VoteContext (VoteContext.java:log(49)) - 0d726c29-49a1-421e-8ac7-200c2e9b483b@group-55A70DD5F5D9-FOLLOWER: accept ELECTION from af140fa9-d57b-4d38-ac23-ee5728971003: our priority 0 <= candidate's priority 1
2023-12-01 12:07:53,171 [grpc-default-executor-2] INFO  server.RaftServer$Division (RaftServerImpl.java:setRole(379)) - 0d726c29-49a1-421e-8ac7-200c2e9b483b@group-55A70DD5F5D9: changes role from  FOLLOWER to FOLLOWER at term 1 for candidate:af140fa9-d57b-4d38-ac23-ee5728971003
2023-12-01 12:07:53,171 [grpc-default-executor-2] INFO  impl.RoleInfo (RoleInfo.java:shutdownFollowerState(110)) - 0d726c29-49a1-421e-8ac7-200c2e9b483b: shutdown 0d726c29-49a1-421e-8ac7-200c2e9b483b@group-55A70DD5F5D9-FollowerState
2023-12-01 12:07:53,172 [grpc-default-executor-2] INFO  impl.RoleInfo (RoleInfo.java:updateAndGet(139)) - 0d726c29-49a1-421e-8ac7-200c2e9b483b: start 0d726c29-49a1-421e-8ac7-200c2e9b483b@group-55A70DD5F5D9-FollowerState
2023-12-01 12:07:53,172 [0d726c29-49a1-421e-8ac7-200c2e9b483b@group-55A70DD5F5D9-FollowerState] INFO  impl.FollowerState (FollowerState.java:run(152)) - 0d726c29-49a1-421e-8ac7-200c2e9b483b@group-55A70DD5F5D9-FollowerState was interrupted
2023-12-01 12:07:53,172 [grpc-default-executor-2] INFO  server.RaftServer$Division (RaftServerImpl.java:setFirstElection(564)) - 0d726c29-49a1-421e-8ac7-200c2e9b483b@group-55A70DD5F5D9: set firstElectionSinceStartup to false for candidate:af140fa9-d57b-4d38-ac23-ee5728971003
2023-12-01 12:07:53,172 [grpc-default-executor-1] INFO  server.RaftServer$Division (RaftServerImpl.java:requestVote(1377)) - 36feb706-8d2b-450d-bbd6-33af8c2d1a3d@group-55A70DD5F5D9: receive requestVote(ELECTION, af140fa9-d57b-4d38-ac23-ee5728971003, group-55A70DD5F5D9, 1, (t:0, i:0))
2023-12-01 12:07:53,173 [grpc-default-executor-1] INFO  impl.VoteContext (VoteContext.java:log(49)) - 36feb706-8d2b-450d-bbd6-33af8c2d1a3d@group-55A70DD5F5D9-FOLLOWER: accept ELECTION from af140fa9-d57b-4d38-ac23-ee5728971003: our priority 0 <= candidate's priority 1
2023-12-01 12:07:53,173 [grpc-default-executor-1] INFO  server.RaftServer$Division (RaftServerImpl.java:setRole(379)) - 36feb706-8d2b-450d-bbd6-33af8c2d1a3d@group-55A70DD5F5D9: changes role from  FOLLOWER to FOLLOWER at term 1 for candidate:af140fa9-d57b-4d38-ac23-ee5728971003
2023-12-01 12:07:53,173 [grpc-default-executor-1] INFO  impl.RoleInfo (RoleInfo.java:shutdownFollowerState(110)) - 36feb706-8d2b-450d-bbd6-33af8c2d1a3d: shutdown 36feb706-8d2b-450d-bbd6-33af8c2d1a3d@group-55A70DD5F5D9-FollowerState
2023-12-01 12:07:53,173 [grpc-default-executor-2] INFO  server.RaftServer$Division (RaftServerImpl.java:requestVote(1410)) - 0d726c29-49a1-421e-8ac7-200c2e9b483b@group-55A70DD5F5D9 replies to ELECTION vote request: af140fa9-d57b-4d38-ac23-ee5728971003<-0d726c29-49a1-421e-8ac7-200c2e9b483b#0:OK-t1. Peer's state: 0d726c29-49a1-421e-8ac7-200c2e9b483b@group-55A70DD5F5D9:t1, leader=null, voted=af140fa9-d57b-4d38-ac23-ee5728971003, raftlog=Memoized:0d726c29-49a1-421e-8ac7-200c2e9b483b@group-55A70DD5F5D9-SegmentedRaftLog:OPENED:c-1, conf=-1: peers:[0d726c29-49a1-421e-8ac7-200c2e9b483b|10.1.0.24:15147, 36feb706-8d2b-450d-bbd6-33af8c2d1a3d|10.1.0.24:15129, af140fa9-d57b-4d38-ac23-ee5728971003|10.1.0.24:15111]|listeners:[], old=null
2023-12-01 12:07:53,173 [36feb706-8d2b-450d-bbd6-33af8c2d1a3d@group-55A70DD5F5D9-FollowerState] INFO  impl.FollowerState (FollowerState.java:run(152)) - 36feb706-8d2b-450d-bbd6-33af8c2d1a3d@group-55A70DD5F5D9-FollowerState was interrupted
2023-12-01 12:07:53,173 [grpc-default-executor-1] INFO  impl.RoleInfo (RoleInfo.java:updateAndGet(139)) - 36feb706-8d2b-450d-bbd6-33af8c2d1a3d: start 36feb706-8d2b-450d-bbd6-33af8c2d1a3d@group-55A70DD5F5D9-FollowerState
2023-12-01 12:07:53,173 [grpc-default-executor-1] INFO  server.RaftServer$Division (RaftServerImpl.java:setFirstElection(564)) - 36feb706-8d2b-450d-bbd6-33af8c2d1a3d@group-55A70DD5F5D9: set firstElectionSinceStartup to false for candidate:af140fa9-d57b-4d38-ac23-ee5728971003
2023-12-01 12:07:53,174 [af140fa9-d57b-4d38-ac23-ee5728971003@group-55A70DD5F5D9-LeaderElection30] INFO  impl.LeaderElection (LeaderElection.java:logAndReturn(89)) - af140fa9-d57b-4d38-ac23-ee5728971003@group-55A70DD5F5D9-LeaderElection30: ELECTION PASSED received 1 response(s) and 0 exception(s):
2023-12-01 12:07:53,174 [af140fa9-d57b-4d38-ac23-ee5728971003@group-55A70DD5F5D9-LeaderElection30] INFO  impl.LeaderElection (LeaderElection.java:logAndReturn(93)) -   Response 0: af140fa9-d57b-4d38-ac23-ee5728971003<-0d726c29-49a1-421e-8ac7-200c2e9b483b#0:OK-t1
2023-12-01 12:07:53,174 [af140fa9-d57b-4d38-ac23-ee5728971003@group-55A70DD5F5D9-LeaderElection30] INFO  impl.LeaderElection (LeaderElection.java:askForVotes(325)) - af140fa9-d57b-4d38-ac23-ee5728971003@group-55A70DD5F5D9-LeaderElection30 ELECTION round 0: result PASSED
2023-12-01 12:07:53,174 [af140fa9-d57b-4d38-ac23-ee5728971003@group-55A70DD5F5D9-LeaderElection30] INFO  impl.RoleInfo (RoleInfo.java:shutdownLeaderElection(130)) - af140fa9-d57b-4d38-ac23-ee5728971003: shutdown af140fa9-d57b-4d38-ac23-ee5728971003@group-55A70DD5F5D9-LeaderElection30
2023-12-01 12:07:53,174 [af140fa9-d57b-4d38-ac23-ee5728971003@group-55A70DD5F5D9-LeaderElection30] INFO  server.RaftServer$Division (RaftServerImpl.java:setRole(379)) - af140fa9-d57b-4d38-ac23-ee5728971003@group-55A70DD5F5D9: changes role from CANDIDATE to LEADER at term 1 for changeToLeader
2023-12-01 12:07:53,174 [af140fa9-d57b-4d38-ac23-ee5728971003@group-55A70DD5F5D9-LeaderElection30] INFO  server.RaftServerConfigKeys (ConfUtils.java:logGet(46)) - raft.server.staging.catchup.gap = 1000 (default)
2023-12-01 12:07:53,174 [af140fa9-d57b-4d38-ac23-ee5728971003@group-55A70DD5F5D9-LeaderElection30] INFO  server.RaftServerConfigKeys (ConfUtils.java:logGet(46)) - raft.server.write.element-limit = 1024 (custom)
2023-12-01 12:07:53,174 [af140fa9-d57b-4d38-ac23-ee5728971003@group-55A70DD5F5D9-LeaderElection30] INFO  server.RaftServerConfigKeys (ConfUtils.java:logGet(46)) - raft.server.write.byte-limit = 1024 M (=1073741824) (custom)
2023-12-01 12:07:53,174 [af140fa9-d57b-4d38-ac23-ee5728971003@group-55A70DD5F5D9-LeaderElection30] INFO  server.RaftServerConfigKeys (ConfUtils.java:logGet(46)) - raft.server.watch.timeout = 180s (custom)
2023-12-01 12:07:53,174 [af140fa9-d57b-4d38-ac23-ee5728971003@group-55A70DD5F5D9-LeaderElection30] INFO  server.RaftServerConfigKeys (ConfUtils.java:logGet(46)) - raft.server.watch.timeout.denomination = 1s (default)
2023-12-01 12:07:53,174 [af140fa9-d57b-4d38-ac23-ee5728971003@group-55A70DD5F5D9-LeaderElection30] INFO  server.RaftServerConfigKeys (ConfUtils.java:logGet(46)) - raft.server.watch.element-limit = 65536 (default)
2023-12-01 12:07:53,175 [af140fa9-d57b-4d38-ac23-ee5728971003@group-55A70DD5F5D9-LeaderElection30] INFO  server.RaftServerConfigKeys (ConfUtils.java:logGet(46)) - raft.server.read.leader.lease.enabled = false (default)
2023-12-01 12:07:53,175 [grpc-default-executor-1] INFO  server.RaftServer$Division (RaftServerImpl.java:requestVote(1410)) - 36feb706-8d2b-450d-bbd6-33af8c2d1a3d@group-55A70DD5F5D9 replies to ELECTION vote request: af140fa9-d57b-4d38-ac23-ee5728971003<-36feb706-8d2b-450d-bbd6-33af8c2d1a3d#0:OK-t1. Peer's state: 36feb706-8d2b-450d-bbd6-33af8c2d1a3d@group-55A70DD5F5D9:t1, leader=null, voted=af140fa9-d57b-4d38-ac23-ee5728971003, raftlog=Memoized:36feb706-8d2b-450d-bbd6-33af8c2d1a3d@group-55A70DD5F5D9-SegmentedRaftLog:OPENED:c-1, conf=-1: peers:[0d726c29-49a1-421e-8ac7-200c2e9b483b|10.1.0.24:15147, 36feb706-8d2b-450d-bbd6-33af8c2d1a3d|10.1.0.24:15129, af140fa9-d57b-4d38-ac23-ee5728971003|10.1.0.24:15111]|listeners:[], old=null
2023-12-01 12:07:53,175 [af140fa9-d57b-4d38-ac23-ee5728971003@group-55A70DD5F5D9-LeaderElection30] INFO  server.RaftServerConfigKeys (ConfUtils.java:logGet(46)) - raft.server.read.leader.lease.timeout.ratio = 0.9 (default)
2023-12-01 12:07:53,175 [af140fa9-d57b-4d38-ac23-ee5728971003@group-55A70DD5F5D9-LeaderElection30] INFO  server.RaftServerConfigKeys (ConfUtils.java:logGet(46)) - raft.server.rpc.timeout.min = 5s (custom)
2023-12-01 12:07:53,175 [af140fa9-d57b-4d38-ac23-ee5728971003@group-55A70DD5F5D9-LeaderElection30] INFO  server.RaftServerConfigKeys (ConfUtils.java:logGet(46)) - raft.server.write.element-limit = 1024 (custom)
2023-12-01 12:07:53,175 [af140fa9-d57b-4d38-ac23-ee5728971003@group-55A70DD5F5D9-LeaderElection30] INFO  server.RaftServerConfigKeys (ConfUtils.java:logGet(46)) - raft.server.write.follower.gap.ratio.max = -1.0 (default)
2023-12-01 12:07:53,175 [af140fa9-d57b-4d38-ac23-ee5728971003@group-55A70DD5F5D9-LeaderElection30] INFO  server.RaftServerConfigKeys (ConfUtils.java:logGet(46)) - raft.server.log.appender.snapshot.chunk.size.max = 16MB (=16777216) (default)
2023-12-01 12:07:53,176 [af140fa9-d57b-4d38-ac23-ee5728971003@group-55A70DD5F5D9-LeaderElection30] INFO  server.RaftServerConfigKeys (ConfUtils.java:logGet(46)) - raft.server.log.appender.buffer.byte-limit = 33554432 (custom)
2023-12-01 12:07:53,176 [af140fa9-d57b-4d38-ac23-ee5728971003@group-55A70DD5F5D9-LeaderElection30] INFO  server.RaftServerConfigKeys (ConfUtils.java:logGet(46)) - raft.server.log.appender.buffer.element-limit = 1 (custom)
2023-12-01 12:07:53,176 [af140fa9-d57b-4d38-ac23-ee5728971003@group-55A70DD5F5D9-LeaderElection30] INFO  server.RaftServerConfigKeys (ConfUtils.java:logGet(46)) - raft.server.log.appender.wait-time.min = 1ms (default)
2023-12-01 12:07:53,176 [af140fa9-d57b-4d38-ac23-ee5728971003@group-55A70DD5F5D9-LeaderElection30] INFO  grpc.GrpcConfigKeys (ConfUtils.java:logGet(46)) - raft.grpc.server.leader.outstanding.appends.max = 8 (default)
2023-12-01 12:07:53,176 [af140fa9-d57b-4d38-ac23-ee5728971003@group-55A70DD5F5D9-LeaderElection30] INFO  server.RaftServerConfigKeys (ConfUtils.java:logGet(46)) - raft.server.rpc.request.timeout = 60s (custom)
2023-12-01 12:07:53,176 [af140fa9-d57b-4d38-ac23-ee5728971003@group-55A70DD5F5D9-LeaderElection30] INFO  grpc.GrpcConfigKeys (ConfUtils.java:logGet(46)) - raft.grpc.server.install_snapshot.request.element-limit = 8 (default)
2023-12-01 12:07:53,176 [af140fa9-d57b-4d38-ac23-ee5728971003@group-55A70DD5F5D9-LeaderElection30] INFO  grpc.GrpcConfigKeys (ConfUtils.java:logGet(46)) - raft.grpc.server.install_snapshot.request.timeout = 3000ms (default)
2023-12-01 12:07:53,176 [af140fa9-d57b-4d38-ac23-ee5728971003@group-55A70DD5F5D9-LeaderElection30] INFO  server.RaftServerConfigKeys (ConfUtils.java:logGet(46)) - raft.server.log.appender.install.snapshot.enabled = false (custom)
2023-12-01 12:07:53,176 [af140fa9-d57b-4d38-ac23-ee5728971003@group-55A70DD5F5D9-LeaderElection30] INFO  grpc.GrpcConfigKeys (ConfUtils.java:logGet(46)) - raft.grpc.server.heartbeat.channel = true (default)
2023-12-01 12:07:53,176 [af140fa9-d57b-4d38-ac23-ee5728971003@group-55A70DD5F5D9-LeaderElection30] INFO  server.RaftServerConfigKeys (ConfUtils.java:logGet(46)) - raft.server.log.appender.snapshot.chunk.size.max = 16MB (=16777216) (default)
2023-12-01 12:07:53,176 [af140fa9-d57b-4d38-ac23-ee5728971003@group-55A70DD5F5D9-LeaderElection30] INFO  server.RaftServerConfigKeys (ConfUtils.java:logGet(46)) - raft.server.log.appender.buffer.byte-limit = 33554432 (custom)
2023-12-01 12:07:53,176 [af140fa9-d57b-4d38-ac23-ee5728971003@group-55A70DD5F5D9-LeaderElection30] INFO  server.RaftServerConfigKeys (ConfUtils.java:logGet(46)) - raft.server.log.appender.buffer.element-limit = 1 (custom)
2023-12-01 12:07:53,176 [af140fa9-d57b-4d38-ac23-ee5728971003@group-55A70DD5F5D9-LeaderElection30] INFO  server.RaftServerConfigKeys (ConfUtils.java:logGet(46)) - raft.server.log.appender.wait-time.min = 1ms (default)
2023-12-01 12:07:53,177 [af140fa9-d57b-4d38-ac23-ee5728971003@group-55A70DD5F5D9-LeaderElection30] INFO  grpc.GrpcConfigKeys (ConfUtils.java:logGet(46)) - raft.grpc.server.leader.outstanding.appends.max = 8 (default)
2023-12-01 12:07:53,177 [af140fa9-d57b-4d38-ac23-ee5728971003@group-55A70DD5F5D9-LeaderElection30] INFO  server.RaftServerConfigKeys (ConfUtils.java:logGet(46)) - raft.server.rpc.request.timeout = 60s (custom)
2023-12-01 12:07:53,177 [af140fa9-d57b-4d38-ac23-ee5728971003@group-55A70DD5F5D9-LeaderElection30] INFO  grpc.GrpcConfigKeys (ConfUtils.java:logGet(46)) - raft.grpc.server.install_snapshot.request.element-limit = 8 (default)
2023-12-01 12:07:53,177 [af140fa9-d57b-4d38-ac23-ee5728971003@group-55A70DD5F5D9-LeaderElection30] INFO  grpc.GrpcConfigKeys (ConfUtils.java:logGet(46)) - raft.grpc.server.install_snapshot.request.timeout = 3000ms (default)
2023-12-01 12:07:53,177 [af140fa9-d57b-4d38-ac23-ee5728971003@group-55A70DD5F5D9-LeaderElection30] INFO  server.RaftServerConfigKeys (ConfUtils.java:logGet(46)) - raft.server.log.appender.install.snapshot.enabled = false (custom)
2023-12-01 12:07:53,177 [af140fa9-d57b-4d38-ac23-ee5728971003@group-55A70DD5F5D9-LeaderElection30] INFO  grpc.GrpcConfigKeys (ConfUtils.java:logGet(46)) - raft.grpc.server.heartbeat.channel = true (default)
2023-12-01 12:07:53,177 [af140fa9-d57b-4d38-ac23-ee5728971003@group-55A70DD5F5D9-LeaderElection30] INFO  impl.RoleInfo (RoleInfo.java:updateAndGet(139)) - af140fa9-d57b-4d38-ac23-ee5728971003: start af140fa9-d57b-4d38-ac23-ee5728971003@group-55A70DD5F5D9-LeaderStateImpl
2023-12-01 12:07:53,177 [af140fa9-d57b-4d38-ac23-ee5728971003@group-55A70DD5F5D9-LeaderElection30] INFO  server.RaftServer$Division (RaftServerImpl.java:setFirstElection(564)) - af140fa9-d57b-4d38-ac23-ee5728971003@group-55A70DD5F5D9: set firstElectionSinceStartup to false for becomeLeader
2023-12-01 12:07:53,177 [af140fa9-d57b-4d38-ac23-ee5728971003@group-55A70DD5F5D9-LeaderElection30] INFO  ratis.XceiverServerRatis (XceiverServerRatis.java:handleLeaderChangedNotification(912)) - Leader change notification received for group: group-55A70DD5F5D9 with new leaderId: af140fa9-d57b-4d38-ac23-ee5728971003
2023-12-01 12:07:53,177 [af140fa9-d57b-4d38-ac23-ee5728971003@group-55A70DD5F5D9-LeaderElection30] INFO  server.RaftServer$Division (ServerState.java:setLeader(265)) - af140fa9-d57b-4d38-ac23-ee5728971003@group-55A70DD5F5D9: change Leader from null to af140fa9-d57b-4d38-ac23-ee5728971003 at term 1 for becomeLeader, leader elected after 5050ms
2023-12-01 12:07:53,177 [af140fa9-d57b-4d38-ac23-ee5728971003@group-55A70DD5F5D9-LeaderElection30] INFO  segmented.SegmentedRaftLogWorker (SegmentedRaftLogWorker.java:startLogSegment(428)) - af140fa9-d57b-4d38-ac23-ee5728971003@group-55A70DD5F5D9-SegmentedRaftLogWorker: Starting segment from index:0
2023-12-01 12:07:53,179 [EventQueue-PipelineReportForPipelineReportHandler] INFO  lib.Interns (Interns.java:removeEldestEntry(50)) - Metrics intern cache overflow at 2011 for MetricsSystem={MetricsSystem=MetricsInfoImpl{name=MetricsSystem, description=MetricsSystem}, MetricsSystem record=MetricsInfoImpl{name=MetricsSystem, description=MetricsSystem record}}
2023-12-01 12:07:53,179 [EventQueue-PipelineReportForPipelineReportHandler] INFO  pipeline.PipelineReportHandler (PipelineReportHandler.java:processPipelineReport(136)) - Opened pipeline PipelineID=1cae7672-3d5a-4ee4-97b4-55a70dd5f5d9
2023-12-01 12:07:53,182 [af140fa9-d57b-4d38-ac23-ee5728971003@group-55A70DD5F5D9-LeaderElection30] INFO  server.RaftServer$Division (ServerState.java:setRaftConf(382)) - af140fa9-d57b-4d38-ac23-ee5728971003@group-55A70DD5F5D9: set configuration 0: peers:[0d726c29-49a1-421e-8ac7-200c2e9b483b|10.1.0.24:15147, 36feb706-8d2b-450d-bbd6-33af8c2d1a3d|10.1.0.24:15129, af140fa9-d57b-4d38-ac23-ee5728971003|10.1.0.24:15111]|listeners:[], old=null
2023-12-01 12:07:53,185 [af140fa9-d57b-4d38-ac23-ee5728971003@group-55A70DD5F5D9-SegmentedRaftLogWorker] INFO  segmented.SegmentedRaftLogWorker (SegmentedRaftLogWorker.java:execute(632)) - af140fa9-d57b-4d38-ac23-ee5728971003@group-55A70DD5F5D9-SegmentedRaftLogWorker: created new log segment /home/runner/work/ozone/ozone/hadoop-ozone/integration-test/target/test-dir/MiniOzoneClusterImpl-b249f779-13f2-4d94-9d49-8f38c7514c74/datanode-0/data/ratis/1cae7672-3d5a-4ee4-97b4-55a70dd5f5d9/current/log_inprogress_0
2023-12-01 12:07:53,186 [36feb706-8d2b-450d-bbd6-33af8c2d1a3d-server-thread1] INFO  ratis.XceiverServerRatis (XceiverServerRatis.java:handleLeaderChangedNotification(912)) - Leader change notification received for group: group-55A70DD5F5D9 with new leaderId: af140fa9-d57b-4d38-ac23-ee5728971003
2023-12-01 12:07:53,186 [36feb706-8d2b-450d-bbd6-33af8c2d1a3d-server-thread1] INFO  server.RaftServer$Division (ServerState.java:setLeader(265)) - 36feb706-8d2b-450d-bbd6-33af8c2d1a3d@group-55A70DD5F5D9: change Leader from null to af140fa9-d57b-4d38-ac23-ee5728971003 at term 1 for appendEntries, leader elected after 5019ms
2023-12-01 12:07:53,188 [36feb706-8d2b-450d-bbd6-33af8c2d1a3d-server-thread1] INFO  server.RaftServer$Division (ServerState.java:setRaftConf(382)) - 36feb706-8d2b-450d-bbd6-33af8c2d1a3d@group-55A70DD5F5D9: set configuration 0: peers:[0d726c29-49a1-421e-8ac7-200c2e9b483b|10.1.0.24:15147, 36feb706-8d2b-450d-bbd6-33af8c2d1a3d|10.1.0.24:15129, af140fa9-d57b-4d38-ac23-ee5728971003|10.1.0.24:15111]|listeners:[], old=null
2023-12-01 12:07:53,188 [36feb706-8d2b-450d-bbd6-33af8c2d1a3d-server-thread1] INFO  segmented.SegmentedRaftLogWorker (SegmentedRaftLogWorker.java:startLogSegment(428)) - 36feb706-8d2b-450d-bbd6-33af8c2d1a3d@group-55A70DD5F5D9-SegmentedRaftLogWorker: Starting segment from index:0
2023-12-01 12:07:53,195 [0d726c29-49a1-421e-8ac7-200c2e9b483b-server-thread1] INFO  ratis.XceiverServerRatis (XceiverServerRatis.java:handleLeaderChangedNotification(912)) - Leader change notification received for group: group-55A70DD5F5D9 with new leaderId: af140fa9-d57b-4d38-ac23-ee5728971003
2023-12-01 12:07:53,195 [0d726c29-49a1-421e-8ac7-200c2e9b483b-server-thread1] INFO  server.RaftServer$Division (ServerState.java:setLeader(265)) - 0d726c29-49a1-421e-8ac7-200c2e9b483b@group-55A70DD5F5D9: change Leader from null to af140fa9-d57b-4d38-ac23-ee5728971003 at term 1 for appendEntries, leader elected after 5051ms
2023-12-01 12:07:53,200 [0d726c29-49a1-421e-8ac7-200c2e9b483b-server-thread2] INFO  server.RaftServer$Division (ServerState.java:setRaftConf(382)) - 0d726c29-49a1-421e-8ac7-200c2e9b483b@group-55A70DD5F5D9: set configuration 0: peers:[0d726c29-49a1-421e-8ac7-200c2e9b483b|10.1.0.24:15147, 36feb706-8d2b-450d-bbd6-33af8c2d1a3d|10.1.0.24:15129, af140fa9-d57b-4d38-ac23-ee5728971003|10.1.0.24:15111]|listeners:[], old=null
2023-12-01 12:07:53,200 [0d726c29-49a1-421e-8ac7-200c2e9b483b-server-thread2] INFO  segmented.SegmentedRaftLogWorker (SegmentedRaftLogWorker.java:startLogSegment(428)) - 0d726c29-49a1-421e-8ac7-200c2e9b483b@group-55A70DD5F5D9-SegmentedRaftLogWorker: Starting segment from index:0
2023-12-01 12:07:53,200 [36feb706-8d2b-450d-bbd6-33af8c2d1a3d@group-55A70DD5F5D9-SegmentedRaftLogWorker] INFO  segmented.SegmentedRaftLogWorker (SegmentedRaftLogWorker.java:execute(632)) - 36feb706-8d2b-450d-bbd6-33af8c2d1a3d@group-55A70DD5F5D9-SegmentedRaftLogWorker: created new log segment /home/runner/work/ozone/ozone/hadoop-ozone/integration-test/target/test-dir/MiniOzoneClusterImpl-b249f779-13f2-4d94-9d49-8f38c7514c74/datanode-2/data/ratis/1cae7672-3d5a-4ee4-97b4-55a70dd5f5d9/current/log_inprogress_0
2023-12-01 12:07:53,203 [af140fa9-d57b-4d38-ac23-ee5728971003@group-55A70DD5F5D9-StateMachineUpdater] INFO  server.RaftServer$Division (LeaderStateImpl.java:isApplied(316)) - leader is ready since appliedIndex == 0 >= startIndex == 0
2023-12-01 12:07:53,209 [0d726c29-49a1-421e-8ac7-200c2e9b483b@group-55A70DD5F5D9-SegmentedRaftLogWorker] INFO  segmented.SegmentedRaftLogWorker (SegmentedRaftLogWorker.java:execute(632)) - 0d726c29-49a1-421e-8ac7-200c2e9b483b@group-55A70DD5F5D9-SegmentedRaftLogWorker: created new log segment /home/runner/work/ozone/ozone/hadoop-ozone/integration-test/target/test-dir/MiniOzoneClusterImpl-b249f779-13f2-4d94-9d49-8f38c7514c74/datanode-4/data/ratis/1cae7672-3d5a-4ee4-97b4-55a70dd5f5d9/current/log_inprogress_0
2023-12-01 12:07:53,232 [0d726c29-49a1-421e-8ac7-200c2e9b483b@group-A1DF1286BA7E-FollowerState] INFO  server.RaftServerConfigKeys (ConfUtils.java:logFallback(53)) - raft.server.rpc.first-election.timeout.min = 5s (fallback to raft.server.rpc.timeout.min)
2023-12-01 12:07:53,232 [0d726c29-49a1-421e-8ac7-200c2e9b483b@group-A1DF1286BA7E-FollowerState] INFO  server.RaftServerConfigKeys (ConfUtils.java:logFallback(53)) - raft.server.rpc.first-election.timeout.max = 5200ms (fallback to raft.server.rpc.timeout.max)
2023-12-01 12:07:53,280 [76b9be1d-1bf0-4a28-acca-c5c2681cc872@group-A1DF1286BA7E-FollowerState] INFO  impl.FollowerState (FollowerState.java:run(143)) - 76b9be1d-1bf0-4a28-acca-c5c2681cc872@group-A1DF1286BA7E-FollowerState: change to CANDIDATE, lastRpcElapsedTime:5190253377ns, electionTimeout:5189ms
2023-12-01 12:07:53,280 [76b9be1d-1bf0-4a28-acca-c5c2681cc872@group-A1DF1286BA7E-FollowerState] INFO  impl.RoleInfo (RoleInfo.java:shutdownFollowerState(110)) - 76b9be1d-1bf0-4a28-acca-c5c2681cc872: shutdown 76b9be1d-1bf0-4a28-acca-c5c2681cc872@group-A1DF1286BA7E-FollowerState
2023-12-01 12:07:53,280 [76b9be1d-1bf0-4a28-acca-c5c2681cc872@group-A1DF1286BA7E-FollowerState] INFO  server.RaftServer$Division (RaftServerImpl.java:setRole(379)) - 76b9be1d-1bf0-4a28-acca-c5c2681cc872@group-A1DF1286BA7E: changes role from  FOLLOWER to CANDIDATE at term 0 for changeToCandidate
2023-12-01 12:07:53,280 [76b9be1d-1bf0-4a28-acca-c5c2681cc872@group-A1DF1286BA7E-FollowerState] INFO  server.RaftServerConfigKeys (ConfUtils.java:logGet(46)) - raft.server.leaderelection.pre-vote = true (default)
2023-12-01 12:07:53,281 [76b9be1d-1bf0-4a28-acca-c5c2681cc872@group-A1DF1286BA7E-FollowerState] INFO  impl.RoleInfo (RoleInfo.java:updateAndGet(139)) - 76b9be1d-1bf0-4a28-acca-c5c2681cc872: start 76b9be1d-1bf0-4a28-acca-c5c2681cc872@group-A1DF1286BA7E-LeaderElection31
2023-12-01 12:07:53,281 [76b9be1d-1bf0-4a28-acca-c5c2681cc872@group-A1DF1286BA7E-LeaderElection31] INFO  impl.LeaderElection (LeaderElection.java:askForVotes(323)) - 76b9be1d-1bf0-4a28-acca-c5c2681cc872@group-A1DF1286BA7E-LeaderElection31 PRE_VOTE round 0: submit vote requests at term 0 for -1: peers:[76b9be1d-1bf0-4a28-acca-c5c2681cc872|10.1.0.24:15120, 0d726c29-49a1-421e-8ac7-200c2e9b483b|10.1.0.24:15147, af140fa9-d57b-4d38-ac23-ee5728971003|10.1.0.24:15111]|listeners:[], old=null
2023-12-01 12:07:53,281 [76b9be1d-1bf0-4a28-acca-c5c2681cc872@group-A1DF1286BA7E-LeaderElection31-1] INFO  server.GrpcServerProtocolClient (GrpcServerProtocolClient.java:<init>(65)) - Build channel for 0d726c29-49a1-421e-8ac7-200c2e9b483b
2023-12-01 12:07:53,281 [76b9be1d-1bf0-4a28-acca-c5c2681cc872@group-A1DF1286BA7E-LeaderElection31] INFO  server.RaftServerConfigKeys (ConfUtils.java:logFallback(53)) - raft.server.rpc.first-election.timeout.min = 5s (fallback to raft.server.rpc.timeout.min)
2023-12-01 12:07:53,282 [76b9be1d-1bf0-4a28-acca-c5c2681cc872@group-A1DF1286BA7E-LeaderElection31] INFO  server.RaftServerConfigKeys (ConfUtils.java:logFallback(53)) - raft.server.rpc.first-election.timeout.max = 5200ms (fallback to raft.server.rpc.timeout.max)
2023-12-01 12:07:53,283 [grpc-default-executor-3] INFO  server.RaftServer$Division (RaftServerImpl.java:requestVote(1377)) - af140fa9-d57b-4d38-ac23-ee5728971003@group-A1DF1286BA7E: receive requestVote(PRE_VOTE, 76b9be1d-1bf0-4a28-acca-c5c2681cc872, group-A1DF1286BA7E, 0, (t:0, i:0))
2023-12-01 12:07:53,284 [grpc-default-executor-3] INFO  impl.VoteContext (VoteContext.java:log(49)) - af140fa9-d57b-4d38-ac23-ee5728971003@group-A1DF1286BA7E-FOLLOWER: accept PRE_VOTE from 76b9be1d-1bf0-4a28-acca-c5c2681cc872: our priority 0 <= candidate's priority 1
2023-12-01 12:07:53,284 [grpc-default-executor-3] INFO  server.RaftServer$Division (RaftServerImpl.java:requestVote(1410)) - af140fa9-d57b-4d38-ac23-ee5728971003@group-A1DF1286BA7E replies to PRE_VOTE vote request: 76b9be1d-1bf0-4a28-acca-c5c2681cc872<-af140fa9-d57b-4d38-ac23-ee5728971003#0:OK-t0. Peer's state: af140fa9-d57b-4d38-ac23-ee5728971003@group-A1DF1286BA7E:t0, leader=null, voted=, raftlog=Memoized:af140fa9-d57b-4d38-ac23-ee5728971003@group-A1DF1286BA7E-SegmentedRaftLog:OPENED:c-1, conf=-1: peers:[76b9be1d-1bf0-4a28-acca-c5c2681cc872|10.1.0.24:15120, 0d726c29-49a1-421e-8ac7-200c2e9b483b|10.1.0.24:15147, af140fa9-d57b-4d38-ac23-ee5728971003|10.1.0.24:15111]|listeners:[], old=null
2023-12-01 12:07:53,290 [76b9be1d-1bf0-4a28-acca-c5c2681cc872@group-A1DF1286BA7E-LeaderElection31] INFO  impl.LeaderElection (LeaderElection.java:logAndReturn(89)) - 76b9be1d-1bf0-4a28-acca-c5c2681cc872@group-A1DF1286BA7E-LeaderElection31: PRE_VOTE PASSED received 1 response(s) and 0 exception(s):
2023-12-01 12:07:53,291 [76b9be1d-1bf0-4a28-acca-c5c2681cc872@group-A1DF1286BA7E-LeaderElection31] INFO  impl.LeaderElection (LeaderElection.java:logAndReturn(93)) -   Response 0: 76b9be1d-1bf0-4a28-acca-c5c2681cc872<-af140fa9-d57b-4d38-ac23-ee5728971003#0:OK-t0
2023-12-01 12:07:53,291 [76b9be1d-1bf0-4a28-acca-c5c2681cc872@group-A1DF1286BA7E-LeaderElection31] INFO  impl.LeaderElection (LeaderElection.java:askForVotes(325)) - 76b9be1d-1bf0-4a28-acca-c5c2681cc872@group-A1DF1286BA7E-LeaderElection31 PRE_VOTE round 0: result PASSED
2023-12-01 12:07:53,292 [grpc-default-executor-3] INFO  server.RaftServer$Division (RaftServerImpl.java:requestVote(1377)) - 0d726c29-49a1-421e-8ac7-200c2e9b483b@group-A1DF1286BA7E: receive requestVote(PRE_VOTE, 76b9be1d-1bf0-4a28-acca-c5c2681cc872, group-A1DF1286BA7E, 0, (t:0, i:0))
2023-12-01 12:07:53,292 [grpc-default-executor-3] INFO  impl.VoteContext (VoteContext.java:log(49)) - 0d726c29-49a1-421e-8ac7-200c2e9b483b@group-A1DF1286BA7E-FOLLOWER: accept PRE_VOTE from 76b9be1d-1bf0-4a28-acca-c5c2681cc872: our priority 0 <= candidate's priority 1
2023-12-01 12:07:53,292 [76b9be1d-1bf0-4a28-acca-c5c2681cc872@group-A1DF1286BA7E-LeaderElection31] INFO  impl.LeaderElection (LeaderElection.java:askForVotes(323)) - 76b9be1d-1bf0-4a28-acca-c5c2681cc872@group-A1DF1286BA7E-LeaderElection31 ELECTION round 0: submit vote requests at term 1 for -1: peers:[76b9be1d-1bf0-4a28-acca-c5c2681cc872|10.1.0.24:15120, 0d726c29-49a1-421e-8ac7-200c2e9b483b|10.1.0.24:15147, af140fa9-d57b-4d38-ac23-ee5728971003|10.1.0.24:15111]|listeners:[], old=null
2023-12-01 12:07:53,292 [grpc-default-executor-3] INFO  server.RaftServer$Division (RaftServerImpl.java:requestVote(1410)) - 0d726c29-49a1-421e-8ac7-200c2e9b483b@group-A1DF1286BA7E replies to PRE_VOTE vote request: 76b9be1d-1bf0-4a28-acca-c5c2681cc872<-0d726c29-49a1-421e-8ac7-200c2e9b483b#0:OK-t0. Peer's state: 0d726c29-49a1-421e-8ac7-200c2e9b483b@group-A1DF1286BA7E:t0, leader=null, voted=, raftlog=Memoized:0d726c29-49a1-421e-8ac7-200c2e9b483b@group-A1DF1286BA7E-SegmentedRaftLog:OPENED:c-1, conf=-1: peers:[76b9be1d-1bf0-4a28-acca-c5c2681cc872|10.1.0.24:15120, 0d726c29-49a1-421e-8ac7-200c2e9b483b|10.1.0.24:15147, af140fa9-d57b-4d38-ac23-ee5728971003|10.1.0.24:15111]|listeners:[], old=null
2023-12-01 12:07:53,293 [76b9be1d-1bf0-4a28-acca-c5c2681cc872@group-A1DF1286BA7E-LeaderElection31] INFO  server.RaftServerConfigKeys (ConfUtils.java:logFallback(53)) - raft.server.rpc.first-election.timeout.min = 5s (fallback to raft.server.rpc.timeout.min)
2023-12-01 12:07:53,293 [76b9be1d-1bf0-4a28-acca-c5c2681cc872@group-A1DF1286BA7E-LeaderElection31] INFO  server.RaftServerConfigKeys (ConfUtils.java:logFallback(53)) - raft.server.rpc.first-election.timeout.max = 5200ms (fallback to raft.server.rpc.timeout.max)
2023-12-01 12:07:53,294 [grpc-default-executor-3] INFO  server.RaftServer$Division (RaftServerImpl.java:requestVote(1377)) - 0d726c29-49a1-421e-8ac7-200c2e9b483b@group-A1DF1286BA7E: receive requestVote(ELECTION, 76b9be1d-1bf0-4a28-acca-c5c2681cc872, group-A1DF1286BA7E, 1, (t:0, i:0))
2023-12-01 12:07:53,294 [grpc-default-executor-3] INFO  impl.VoteContext (VoteContext.java:log(49)) - 0d726c29-49a1-421e-8ac7-200c2e9b483b@group-A1DF1286BA7E-FOLLOWER: accept ELECTION from 76b9be1d-1bf0-4a28-acca-c5c2681cc872: our priority 0 <= candidate's priority 1
2023-12-01 12:07:53,294 [grpc-default-executor-3] INFO  server.RaftServer$Division (RaftServerImpl.java:setRole(379)) - 0d726c29-49a1-421e-8ac7-200c2e9b483b@group-A1DF1286BA7E: changes role from  FOLLOWER to FOLLOWER at term 1 for candidate:76b9be1d-1bf0-4a28-acca-c5c2681cc872
2023-12-01 12:07:53,294 [grpc-default-executor-3] INFO  impl.RoleInfo (RoleInfo.java:shutdownFollowerState(110)) - 0d726c29-49a1-421e-8ac7-200c2e9b483b: shutdown 0d726c29-49a1-421e-8ac7-200c2e9b483b@group-A1DF1286BA7E-FollowerState
2023-12-01 12:07:53,294 [grpc-default-executor-3] INFO  impl.RoleInfo (RoleInfo.java:updateAndGet(139)) - 0d726c29-49a1-421e-8ac7-200c2e9b483b: start 0d726c29-49a1-421e-8ac7-200c2e9b483b@group-A1DF1286BA7E-FollowerState
2023-12-01 12:07:53,294 [0d726c29-49a1-421e-8ac7-200c2e9b483b@group-A1DF1286BA7E-FollowerState] INFO  impl.FollowerState (FollowerState.java:run(152)) - 0d726c29-49a1-421e-8ac7-200c2e9b483b@group-A1DF1286BA7E-FollowerState was interrupted
2023-12-01 12:07:53,294 [grpc-default-executor-2] INFO  server.RaftServer$Division (RaftServerImpl.java:requestVote(1377)) - af140fa9-d57b-4d38-ac23-ee5728971003@group-A1DF1286BA7E: receive requestVote(ELECTION, 76b9be1d-1bf0-4a28-acca-c5c2681cc872, group-A1DF1286BA7E, 1, (t:0, i:0))
2023-12-01 12:07:53,294 [grpc-default-executor-3] INFO  server.RaftServer$Division (RaftServerImpl.java:setFirstElection(564)) - 0d726c29-49a1-421e-8ac7-200c2e9b483b@group-A1DF1286BA7E: set firstElectionSinceStartup to false for candidate:76b9be1d-1bf0-4a28-acca-c5c2681cc872
2023-12-01 12:07:53,295 [grpc-default-executor-2] INFO  impl.VoteContext (VoteContext.java:log(49)) - af140fa9-d57b-4d38-ac23-ee5728971003@group-A1DF1286BA7E-FOLLOWER: accept ELECTION from 76b9be1d-1bf0-4a28-acca-c5c2681cc872: our priority 0 <= candidate's priority 1
2023-12-01 12:07:53,295 [grpc-default-executor-2] INFO  server.RaftServer$Division (RaftServerImpl.java:setRole(379)) - af140fa9-d57b-4d38-ac23-ee5728971003@group-A1DF1286BA7E: changes role from  FOLLOWER to FOLLOWER at term 1 for candidate:76b9be1d-1bf0-4a28-acca-c5c2681cc872
2023-12-01 12:07:53,295 [grpc-default-executor-2] INFO  impl.RoleInfo (RoleInfo.java:shutdownFollowerState(110)) - af140fa9-d57b-4d38-ac23-ee5728971003: shutdown af140fa9-d57b-4d38-ac23-ee5728971003@group-A1DF1286BA7E-FollowerState
2023-12-01 12:07:53,295 [grpc-default-executor-2] INFO  impl.RoleInfo (RoleInfo.java:updateAndGet(139)) - af140fa9-d57b-4d38-ac23-ee5728971003: start af140fa9-d57b-4d38-ac23-ee5728971003@group-A1DF1286BA7E-FollowerState
2023-12-01 12:07:53,295 [af140fa9-d57b-4d38-ac23-ee5728971003@group-A1DF1286BA7E-FollowerState] INFO  impl.FollowerState (FollowerState.java:run(152)) - af140fa9-d57b-4d38-ac23-ee5728971003@group-A1DF1286BA7E-FollowerState was interrupted
2023-12-01 12:07:53,295 [grpc-default-executor-3] INFO  server.RaftServer$Division (RaftServerImpl.java:requestVote(1410)) - 0d726c29-49a1-421e-8ac7-200c2e9b483b@group-A1DF1286BA7E replies to ELECTION vote request: 76b9be1d-1bf0-4a28-acca-c5c2681cc872<-0d726c29-49a1-421e-8ac7-200c2e9b483b#0:OK-t1. Peer's state: 0d726c29-49a1-421e-8ac7-200c2e9b483b@group-A1DF1286BA7E:t1, leader=null, voted=76b9be1d-1bf0-4a28-acca-c5c2681cc872, raftlog=Memoized:0d726c29-49a1-421e-8ac7-200c2e9b483b@group-A1DF1286BA7E-SegmentedRaftLog:OPENED:c-1, conf=-1: peers:[76b9be1d-1bf0-4a28-acca-c5c2681cc872|10.1.0.24:15120, 0d726c29-49a1-421e-8ac7-200c2e9b483b|10.1.0.24:15147, af140fa9-d57b-4d38-ac23-ee5728971003|10.1.0.24:15111]|listeners:[], old=null
2023-12-01 12:07:53,300 [76b9be1d-1bf0-4a28-acca-c5c2681cc872@group-A1DF1286BA7E-LeaderElection31] INFO  impl.LeaderElection (LeaderElection.java:logAndReturn(89)) - 76b9be1d-1bf0-4a28-acca-c5c2681cc872@group-A1DF1286BA7E-LeaderElection31: ELECTION PASSED received 1 response(s) and 0 exception(s):
2023-12-01 12:07:53,301 [76b9be1d-1bf0-4a28-acca-c5c2681cc872@group-A1DF1286BA7E-LeaderElection31] INFO  impl.LeaderElection (LeaderElection.java:logAndReturn(93)) -   Response 0: 76b9be1d-1bf0-4a28-acca-c5c2681cc872<-0d726c29-49a1-421e-8ac7-200c2e9b483b#0:OK-t1
2023-12-01 12:07:53,301 [grpc-default-executor-2] INFO  server.RaftServer$Division (RaftServerImpl.java:requestVote(1410)) - af140fa9-d57b-4d38-ac23-ee5728971003@group-A1DF1286BA7E replies to ELECTION vote request: 76b9be1d-1bf0-4a28-acca-c5c2681cc872<-af140fa9-d57b-4d38-ac23-ee5728971003#0:OK-t1. Peer's state: af140fa9-d57b-4d38-ac23-ee5728971003@group-A1DF1286BA7E:t1, leader=null, voted=76b9be1d-1bf0-4a28-acca-c5c2681cc872, raftlog=Memoized:af140fa9-d57b-4d38-ac23-ee5728971003@group-A1DF1286BA7E-SegmentedRaftLog:OPENED:c-1, conf=-1: peers:[76b9be1d-1bf0-4a28-acca-c5c2681cc872|10.1.0.24:15120, 0d726c29-49a1-421e-8ac7-200c2e9b483b|10.1.0.24:15147, af140fa9-d57b-4d38-ac23-ee5728971003|10.1.0.24:15111]|listeners:[], old=null
2023-12-01 12:07:53,301 [76b9be1d-1bf0-4a28-acca-c5c2681cc872@group-A1DF1286BA7E-LeaderElection31] INFO  impl.LeaderElection (LeaderElection.java:askForVotes(325)) - 76b9be1d-1bf0-4a28-acca-c5c2681cc872@group-A1DF1286BA7E-LeaderElection31 ELECTION round 0: result PASSED
2023-12-01 12:07:53,301 [76b9be1d-1bf0-4a28-acca-c5c2681cc872@group-A1DF1286BA7E-LeaderElection31] INFO  impl.RoleInfo (RoleInfo.java:shutdownLeaderElection(130)) - 76b9be1d-1bf0-4a28-acca-c5c2681cc872: shutdown 76b9be1d-1bf0-4a28-acca-c5c2681cc872@group-A1DF1286BA7E-LeaderElection31
2023-12-01 12:07:53,301 [76b9be1d-1bf0-4a28-acca-c5c2681cc872@group-A1DF1286BA7E-LeaderElection31] INFO  server.RaftServer$Division (RaftServerImpl.java:setRole(379)) - 76b9be1d-1bf0-4a28-acca-c5c2681cc872@group-A1DF1286BA7E: changes role from CANDIDATE to LEADER at term 1 for changeToLeader
2023-12-01 12:07:53,301 [76b9be1d-1bf0-4a28-acca-c5c2681cc872@group-A1DF1286BA7E-LeaderElection31] INFO  server.RaftServerConfigKeys (ConfUtils.java:logGet(46)) - raft.server.staging.catchup.gap = 1000 (default)
2023-12-01 12:07:53,301 [76b9be1d-1bf0-4a28-acca-c5c2681cc872@group-A1DF1286BA7E-LeaderElection31] INFO  server.RaftServerConfigKeys (ConfUtils.java:logGet(46)) - raft.server.write.element-limit = 1024 (custom)
2023-12-01 12:07:53,301 [76b9be1d-1bf0-4a28-acca-c5c2681cc872@group-A1DF1286BA7E-LeaderElection31] INFO  server.RaftServerConfigKeys (ConfUtils.java:logGet(46)) - raft.server.write.byte-limit = 1024 M (=1073741824) (custom)
2023-12-01 12:07:53,301 [76b9be1d-1bf0-4a28-acca-c5c2681cc872@group-A1DF1286BA7E-LeaderElection31] INFO  server.RaftServerConfigKeys (ConfUtils.java:logGet(46)) - raft.server.watch.timeout = 180s (custom)
2023-12-01 12:07:53,301 [76b9be1d-1bf0-4a28-acca-c5c2681cc872@group-A1DF1286BA7E-LeaderElection31] INFO  server.RaftServerConfigKeys (ConfUtils.java:logGet(46)) - raft.server.watch.timeout.denomination = 1s (default)
2023-12-01 12:07:53,301 [76b9be1d-1bf0-4a28-acca-c5c2681cc872@group-A1DF1286BA7E-LeaderElection31] INFO  server.RaftServerConfigKeys (ConfUtils.java:logGet(46)) - raft.server.watch.element-limit = 65536 (default)
2023-12-01 12:07:53,301 [76b9be1d-1bf0-4a28-acca-c5c2681cc872@group-A1DF1286BA7E-LeaderElection31] INFO  server.RaftServerConfigKeys (ConfUtils.java:logGet(46)) - raft.server.read.leader.lease.enabled = false (default)
2023-12-01 12:07:53,302 [76b9be1d-1bf0-4a28-acca-c5c2681cc872@group-A1DF1286BA7E-LeaderElection31] INFO  server.RaftServerConfigKeys (ConfUtils.java:logGet(46)) - raft.server.read.leader.lease.timeout.ratio = 0.9 (default)
2023-12-01 12:07:53,302 [76b9be1d-1bf0-4a28-acca-c5c2681cc872@group-A1DF1286BA7E-LeaderElection31] INFO  server.RaftServerConfigKeys (ConfUtils.java:logGet(46)) - raft.server.rpc.timeout.min = 5s (custom)
2023-12-01 12:07:53,302 [76b9be1d-1bf0-4a28-acca-c5c2681cc872@group-A1DF1286BA7E-LeaderElection31] INFO  server.RaftServerConfigKeys (ConfUtils.java:logGet(46)) - raft.server.write.element-limit = 1024 (custom)
2023-12-01 12:07:53,302 [76b9be1d-1bf0-4a28-acca-c5c2681cc872@group-A1DF1286BA7E-LeaderElection31] INFO  server.RaftServerConfigKeys (ConfUtils.java:logGet(46)) - raft.server.write.follower.gap.ratio.max = -1.0 (default)
2023-12-01 12:07:53,302 [76b9be1d-1bf0-4a28-acca-c5c2681cc872@group-A1DF1286BA7E-LeaderElection31] INFO  server.RaftServerConfigKeys (ConfUtils.java:logGet(46)) - raft.server.log.appender.snapshot.chunk.size.max = 16MB (=16777216) (default)
2023-12-01 12:07:53,302 [76b9be1d-1bf0-4a28-acca-c5c2681cc872@group-A1DF1286BA7E-LeaderElection31] INFO  server.RaftServerConfigKeys (ConfUtils.java:logGet(46)) - raft.server.log.appender.buffer.byte-limit = 33554432 (custom)
2023-12-01 12:07:53,302 [76b9be1d-1bf0-4a28-acca-c5c2681cc872@group-A1DF1286BA7E-LeaderElection31] INFO  server.RaftServerConfigKeys (ConfUtils.java:logGet(46)) - raft.server.log.appender.buffer.element-limit = 1 (custom)
2023-12-01 12:07:53,302 [76b9be1d-1bf0-4a28-acca-c5c2681cc872@group-A1DF1286BA7E-LeaderElection31] INFO  server.RaftServerConfigKeys (ConfUtils.java:logGet(46)) - raft.server.log.appender.wait-time.min = 1ms (default)
2023-12-01 12:07:53,302 [76b9be1d-1bf0-4a28-acca-c5c2681cc872@group-A1DF1286BA7E-LeaderElection31] INFO  grpc.GrpcConfigKeys (ConfUtils.java:logGet(46)) - raft.grpc.server.leader.outstanding.appends.max = 8 (default)
2023-12-01 12:07:53,302 [76b9be1d-1bf0-4a28-acca-c5c2681cc872@group-A1DF1286BA7E-LeaderElection31] INFO  server.RaftServerConfigKeys (ConfUtils.java:logGet(46)) - raft.server.rpc.request.timeout = 60s (custom)
2023-12-01 12:07:53,302 [76b9be1d-1bf0-4a28-acca-c5c2681cc872@group-A1DF1286BA7E-LeaderElection31] INFO  grpc.GrpcConfigKeys (ConfUtils.java:logGet(46)) - raft.grpc.server.install_snapshot.request.element-limit = 8 (default)
2023-12-01 12:07:53,302 [76b9be1d-1bf0-4a28-acca-c5c2681cc872@group-A1DF1286BA7E-LeaderElection31] INFO  grpc.GrpcConfigKeys (ConfUtils.java:logGet(46)) - raft.grpc.server.install_snapshot.request.timeout = 3000ms (default)
2023-12-01 12:07:53,302 [76b9be1d-1bf0-4a28-acca-c5c2681cc872@group-A1DF1286BA7E-LeaderElection31] INFO  server.RaftServerConfigKeys (ConfUtils.java:logGet(46)) - raft.server.log.appender.install.snapshot.enabled = false (custom)
2023-12-01 12:07:53,303 [76b9be1d-1bf0-4a28-acca-c5c2681cc872@group-A1DF1286BA7E-LeaderElection31] INFO  grpc.GrpcConfigKeys (ConfUtils.java:logGet(46)) - raft.grpc.server.heartbeat.channel = true (default)
2023-12-01 12:07:53,303 [76b9be1d-1bf0-4a28-acca-c5c2681cc872@group-A1DF1286BA7E-LeaderElection31] INFO  server.RaftServerConfigKeys (ConfUtils.java:logGet(46)) - raft.server.log.appender.snapshot.chunk.size.max = 16MB (=16777216) (default)
2023-12-01 12:07:53,303 [76b9be1d-1bf0-4a28-acca-c5c2681cc872@group-A1DF1286BA7E-LeaderElection31] INFO  server.RaftServerConfigKeys (ConfUtils.java:logGet(46)) - raft.server.log.appender.buffer.byte-limit = 33554432 (custom)
2023-12-01 12:07:53,303 [76b9be1d-1bf0-4a28-acca-c5c2681cc872@group-A1DF1286BA7E-LeaderElection31] INFO  server.RaftServerConfigKeys (ConfUtils.java:logGet(46)) - raft.server.log.appender.buffer.element-limit = 1 (custom)
2023-12-01 12:07:53,303 [76b9be1d-1bf0-4a28-acca-c5c2681cc872@group-A1DF1286BA7E-LeaderElection31] INFO  server.RaftServerConfigKeys (ConfUtils.java:logGet(46)) - raft.server.log.appender.wait-time.min = 1ms (default)
2023-12-01 12:07:53,303 [76b9be1d-1bf0-4a28-acca-c5c2681cc872@group-A1DF1286BA7E-LeaderElection31] INFO  grpc.GrpcConfigKeys (ConfUtils.java:logGet(46)) - raft.grpc.server.leader.outstanding.appends.max = 8 (default)
2023-12-01 12:07:53,304 [76b9be1d-1bf0-4a28-acca-c5c2681cc872@group-A1DF1286BA7E-LeaderElection31] INFO  server.RaftServerConfigKeys (ConfUtils.java:logGet(46)) - raft.server.rpc.request.timeout = 60s (custom)
2023-12-01 12:07:53,304 [76b9be1d-1bf0-4a28-acca-c5c2681cc872@group-A1DF1286BA7E-LeaderElection31] INFO  grpc.GrpcConfigKeys (ConfUtils.java:logGet(46)) - raft.grpc.server.install_snapshot.request.element-limit = 8 (default)
2023-12-01 12:07:53,304 [76b9be1d-1bf0-4a28-acca-c5c2681cc872@group-A1DF1286BA7E-LeaderElection31] INFO  grpc.GrpcConfigKeys (ConfUtils.java:logGet(46)) - raft.grpc.server.install_snapshot.request.timeout = 3000ms (default)
2023-12-01 12:07:53,304 [76b9be1d-1bf0-4a28-acca-c5c2681cc872@group-A1DF1286BA7E-LeaderElection31] INFO  server.RaftServerConfigKeys (ConfUtils.java:logGet(46)) - raft.server.log.appender.install.snapshot.enabled = false (custom)
2023-12-01 12:07:53,304 [76b9be1d-1bf0-4a28-acca-c5c2681cc872@group-A1DF1286BA7E-LeaderElection31] INFO  grpc.GrpcConfigKeys (ConfUtils.java:logGet(46)) - raft.grpc.server.heartbeat.channel = true (default)
2023-12-01 12:07:53,304 [76b9be1d-1bf0-4a28-acca-c5c2681cc872@group-A1DF1286BA7E-LeaderElection31] INFO  impl.RoleInfo (RoleInfo.java:updateAndGet(139)) - 76b9be1d-1bf0-4a28-acca-c5c2681cc872: start 76b9be1d-1bf0-4a28-acca-c5c2681cc872@group-A1DF1286BA7E-LeaderStateImpl
2023-12-01 12:07:53,304 [76b9be1d-1bf0-4a28-acca-c5c2681cc872@group-A1DF1286BA7E-LeaderElection31] INFO  server.RaftServer$Division (RaftServerImpl.java:setFirstElection(564)) - 76b9be1d-1bf0-4a28-acca-c5c2681cc872@group-A1DF1286BA7E: set firstElectionSinceStartup to false for becomeLeader
2023-12-01 12:07:53,304 [76b9be1d-1bf0-4a28-acca-c5c2681cc872@group-A1DF1286BA7E-LeaderElection31] INFO  ratis.XceiverServerRatis (XceiverServerRatis.java:handleLeaderChangedNotification(912)) - Leader change notification received for group: group-A1DF1286BA7E with new leaderId: 76b9be1d-1bf0-4a28-acca-c5c2681cc872
2023-12-01 12:07:53,304 [76b9be1d-1bf0-4a28-acca-c5c2681cc872@group-A1DF1286BA7E-LeaderElection31] INFO  server.RaftServer$Division (ServerState.java:setLeader(265)) - 76b9be1d-1bf0-4a28-acca-c5c2681cc872@group-A1DF1286BA7E: change Leader from null to 76b9be1d-1bf0-4a28-acca-c5c2681cc872 at term 1 for becomeLeader, leader elected after 5225ms
2023-12-01 12:07:53,304 [76b9be1d-1bf0-4a28-acca-c5c2681cc872@group-A1DF1286BA7E-LeaderElection31] INFO  segmented.SegmentedRaftLogWorker (SegmentedRaftLogWorker.java:startLogSegment(428)) - 76b9be1d-1bf0-4a28-acca-c5c2681cc872@group-A1DF1286BA7E-SegmentedRaftLogWorker: Starting segment from index:0
2023-12-01 12:07:53,306 [EventQueue-PipelineReportForPipelineReportHandler] INFO  pipeline.PipelineReportHandler (PipelineReportHandler.java:processPipelineReport(136)) - Opened pipeline PipelineID=ccffce69-d00a-452b-8d46-a1df1286ba7e
2023-12-01 12:07:53,308 [76b9be1d-1bf0-4a28-acca-c5c2681cc872@group-A1DF1286BA7E-LeaderElection31] INFO  server.RaftServer$Division (ServerState.java:setRaftConf(382)) - 76b9be1d-1bf0-4a28-acca-c5c2681cc872@group-A1DF1286BA7E: set configuration 0: peers:[76b9be1d-1bf0-4a28-acca-c5c2681cc872|10.1.0.24:15120, 0d726c29-49a1-421e-8ac7-200c2e9b483b|10.1.0.24:15147, af140fa9-d57b-4d38-ac23-ee5728971003|10.1.0.24:15111]|listeners:[], old=null
2023-12-01 12:07:53,316 [af140fa9-d57b-4d38-ac23-ee5728971003-server-thread1] INFO  ratis.XceiverServerRatis (XceiverServerRatis.java:handleLeaderChangedNotification(912)) - Leader change notification received for group: group-A1DF1286BA7E with new leaderId: 76b9be1d-1bf0-4a28-acca-c5c2681cc872
2023-12-01 12:07:53,316 [af140fa9-d57b-4d38-ac23-ee5728971003-server-thread1] INFO  server.RaftServer$Division (ServerState.java:setLeader(265)) - af140fa9-d57b-4d38-ac23-ee5728971003@group-A1DF1286BA7E: change Leader from null to 76b9be1d-1bf0-4a28-acca-c5c2681cc872 at term 1 for appendEntries, leader elected after 5254ms
2023-12-01 12:07:53,319 [76b9be1d-1bf0-4a28-acca-c5c2681cc872@group-A1DF1286BA7E-SegmentedRaftLogWorker] INFO  segmented.SegmentedRaftLogWorker (SegmentedRaftLogWorker.java:execute(632)) - 76b9be1d-1bf0-4a28-acca-c5c2681cc872@group-A1DF1286BA7E-SegmentedRaftLogWorker: created new log segment /home/runner/work/ozone/ozone/hadoop-ozone/integration-test/target/test-dir/MiniOzoneClusterImpl-b249f779-13f2-4d94-9d49-8f38c7514c74/datanode-1/data/ratis/ccffce69-d00a-452b-8d46-a1df1286ba7e/current/log_inprogress_0
2023-12-01 12:07:53,323 [0d726c29-49a1-421e-8ac7-200c2e9b483b-server-thread2] INFO  ratis.XceiverServerRatis (XceiverServerRatis.java:handleLeaderChangedNotification(912)) - Leader change notification received for group: group-A1DF1286BA7E with new leaderId: 76b9be1d-1bf0-4a28-acca-c5c2681cc872
2023-12-01 12:07:53,325 [af140fa9-d57b-4d38-ac23-ee5728971003-server-thread3] INFO  server.RaftServer$Division (ServerState.java:setRaftConf(382)) - af140fa9-d57b-4d38-ac23-ee5728971003@group-A1DF1286BA7E: set configuration 0: peers:[76b9be1d-1bf0-4a28-acca-c5c2681cc872|10.1.0.24:15120, 0d726c29-49a1-421e-8ac7-200c2e9b483b|10.1.0.24:15147, af140fa9-d57b-4d38-ac23-ee5728971003|10.1.0.24:15111]|listeners:[], old=null
2023-12-01 12:07:53,328 [0d726c29-49a1-421e-8ac7-200c2e9b483b-server-thread2] INFO  server.RaftServer$Division (ServerState.java:setLeader(265)) - 0d726c29-49a1-421e-8ac7-200c2e9b483b@group-A1DF1286BA7E: change Leader from null to 76b9be1d-1bf0-4a28-acca-c5c2681cc872 at term 1 for appendEntries, leader elected after 5214ms
2023-12-01 12:07:53,328 [af140fa9-d57b-4d38-ac23-ee5728971003-server-thread3] INFO  segmented.SegmentedRaftLogWorker (SegmentedRaftLogWorker.java:startLogSegment(428)) - af140fa9-d57b-4d38-ac23-ee5728971003@group-A1DF1286BA7E-SegmentedRaftLogWorker: Starting segment from index:0
2023-12-01 12:07:53,332 [0d726c29-49a1-421e-8ac7-200c2e9b483b-server-thread2] INFO  server.RaftServer$Division (ServerState.java:setRaftConf(382)) - 0d726c29-49a1-421e-8ac7-200c2e9b483b@group-A1DF1286BA7E: set configuration 0: peers:[76b9be1d-1bf0-4a28-acca-c5c2681cc872|10.1.0.24:15120, 0d726c29-49a1-421e-8ac7-200c2e9b483b|10.1.0.24:15147, af140fa9-d57b-4d38-ac23-ee5728971003|10.1.0.24:15111]|listeners:[], old=null
2023-12-01 12:07:53,332 [0d726c29-49a1-421e-8ac7-200c2e9b483b-server-thread2] INFO  segmented.SegmentedRaftLogWorker (SegmentedRaftLogWorker.java:startLogSegment(428)) - 0d726c29-49a1-421e-8ac7-200c2e9b483b@group-A1DF1286BA7E-SegmentedRaftLogWorker: Starting segment from index:0
2023-12-01 12:07:53,335 [af140fa9-d57b-4d38-ac23-ee5728971003@group-A1DF1286BA7E-SegmentedRaftLogWorker] INFO  segmented.SegmentedRaftLogWorker (SegmentedRaftLogWorker.java:execute(632)) - af140fa9-d57b-4d38-ac23-ee5728971003@group-A1DF1286BA7E-SegmentedRaftLogWorker: created new log segment /home/runner/work/ozone/ozone/hadoop-ozone/integration-test/target/test-dir/MiniOzoneClusterImpl-b249f779-13f2-4d94-9d49-8f38c7514c74/datanode-0/data/ratis/ccffce69-d00a-452b-8d46-a1df1286ba7e/current/log_inprogress_0
2023-12-01 12:07:53,341 [76b9be1d-1bf0-4a28-acca-c5c2681cc872@group-A1DF1286BA7E-StateMachineUpdater] INFO  server.RaftServer$Division (LeaderStateImpl.java:isApplied(316)) - leader is ready since appliedIndex == 0 >= startIndex == 0
2023-12-01 12:07:53,343 [main] INFO  ozone.MiniOzoneClusterImpl (MiniOzoneClusterImpl.java:shutdown(449)) - Shutting down the Mini Ozone Cluster
2023-12-01 12:07:53,344 [main] INFO  ozone.MiniOzoneClusterImpl (MiniOzoneClusterImpl.java:stop(466)) - Stopping the Mini Ozone Cluster
2023-12-01 12:07:53,344 [main] INFO  om.OzoneManager (OzoneManager.java:stop(2203)) - om1[localhost:15101]: Stopping Ozone Manager
2023-12-01 12:07:53,344 [main] INFO  ipc.Server (Server.java:stop(3523)) - Stopping server on 15101
2023-12-01 12:07:53,346 [IPC Server Responder] INFO  ipc.Server (Server.java:run(1567)) - Stopping IPC Server Responder
2023-12-01 12:07:53,346 [IPC Server listener on 15101] INFO  ipc.Server (Server.java:run(1434)) - Stopping IPC Server listener on 15101
2023-12-01 12:07:53,347 [main] INFO  server.RaftServer (RaftServerProxy.java:lambda$close$9(416)) - om1: close
2023-12-01 12:07:53,347 [main] INFO  server.GrpcService (GrpcService.java:closeImpl(311)) - om1: shutdown server GrpcServerProtocolService now
2023-12-01 12:07:53,347 [0d726c29-49a1-421e-8ac7-200c2e9b483b@group-A1DF1286BA7E-SegmentedRaftLogWorker] INFO  segmented.SegmentedRaftLogWorker (SegmentedRaftLogWorker.java:execute(632)) - 0d726c29-49a1-421e-8ac7-200c2e9b483b@group-A1DF1286BA7E-SegmentedRaftLogWorker: created new log segment /home/runner/work/ozone/ozone/hadoop-ozone/integration-test/target/test-dir/MiniOzoneClusterImpl-b249f779-13f2-4d94-9d49-8f38c7514c74/datanode-4/data/ratis/ccffce69-d00a-452b-8d46-a1df1286ba7e/current/log_inprogress_0
2023-12-01 12:07:53,348 [om1-impl-thread1] INFO  server.RaftServer$Division (RaftServerImpl.java:lambda$close$3(516)) - om1@group-C5BA1605619E: shutdown
2023-12-01 12:07:53,348 [om1-impl-thread1] INFO  util.JmxRegister (JmxRegister.java:unregister(73)) - Successfully un-registered JMX Bean with object name Ratis:service=RaftServer,group=group-C5BA1605619E,id=om1
2023-12-01 12:07:53,348 [om1-impl-thread1] INFO  impl.RoleInfo (RoleInfo.java:shutdownLeaderState(94)) - om1: shutdown om1@group-C5BA1605619E-LeaderStateImpl
2023-12-01 12:07:53,348 [om1-impl-thread1] INFO  impl.PendingRequests (PendingRequests.java:sendNotLeaderResponses(289)) - om1@group-C5BA1605619E-PendingRequests: sendNotLeaderResponses
2023-12-01 12:07:53,348 [om1-impl-thread1] INFO  impl.StateMachineUpdater (StateMachineUpdater.java:stopAndJoin(157)) - om1@group-C5BA1605619E-StateMachineUpdater: set stopIndex = 0
2023-12-01 12:07:53,348 [om1@group-C5BA1605619E-StateMachineUpdater] INFO  ratis.OzoneManagerStateMachine (OzoneManagerStateMachine.java:takeSnapshot(492)) - Current Snapshot Index (t:1, i:0)
2023-12-01 12:07:53,353 [main] INFO  server.GrpcService (GrpcService.java:closeImpl(320)) - om1: shutdown server GrpcServerProtocolService successfully
2023-12-01 12:07:53,359 [om1@group-C5BA1605619E-StateMachineUpdater] INFO  impl.StateMachineUpdater (StateMachineUpdater.java:takeSnapshot(295)) - om1@group-C5BA1605619E-StateMachineUpdater: Took a snapshot at index 0
2023-12-01 12:07:53,360 [om1@group-C5BA1605619E-StateMachineUpdater] INFO  impl.StateMachineUpdater (StateMachineUpdater.java:lambda$new$0(98)) - om1@group-C5BA1605619E-StateMachineUpdater: snapshotIndex: updateIncreasingly -1 -> 0
2023-12-01 12:07:53,360 [om1@group-C5BA1605619E-StateMachineUpdater] INFO  ratis.OzoneManagerStateMachine (OzoneManagerStateMachine.java:close(546)) - StateMachine has shutdown. Shutdown OzoneManager if not already shutdown.
2023-12-01 12:07:53,360 [om1@group-C5BA1605619E-StateMachineUpdater] INFO  ratis.OzoneManagerDoubleBuffer (OzoneManagerDoubleBuffer.java:stopDaemon(575)) - Stopping OMDoubleBuffer flush thread
2023-12-01 12:07:53,360 [om1-OMDoubleBufferFlushThread] INFO  ratis.OzoneManagerDoubleBuffer (OzoneManagerDoubleBuffer.java:canFlush(662)) - OMDoubleBuffer flush thread om1-OMDoubleBufferFlushThread is interrupted and will exit.
2023-12-01 12:07:53,361 [om1-impl-thread1] INFO  server.RaftServer$Division (ServerState.java:close(423)) - om1@group-C5BA1605619E: applyIndex: 0
2023-12-01 12:07:53,361 [om1@group-C5BA1605619E-cacheEviction-AwaitToRun] INFO  util.AwaitToRun (AwaitToRun.java:run(49)) - om1@group-C5BA1605619E-cacheEviction-AwaitToRun-AwaitForSignal is interrupted
2023-12-01 12:07:53,930 [om1-impl-thread1] INFO  segmented.SegmentedRaftLogWorker (SegmentedRaftLogWorker.java:close(243)) - om1@group-C5BA1605619E-SegmentedRaftLogWorker close()
2023-12-01 12:07:53,930 [JvmPauseMonitor14] INFO  util.JvmPauseMonitor (JvmPauseMonitor.java:run(152)) - JvmPauseMonitor-om1: Stopped
2023-12-01 12:07:53,930 [main] INFO  ratis.OzoneManagerStateMachine (OzoneManagerStateMachine.java:close(546)) - StateMachine has shutdown. Shutdown OzoneManager if not already shutdown.
2023-12-01 12:07:53,930 [main] INFO  ratis.OzoneManagerDoubleBuffer (OzoneManagerDoubleBuffer.java:stopDaemon(584)) - OMDoubleBuffer flush thread is not running.
2023-12-01 12:07:53,931 [main] INFO  utils.BackgroundService (BackgroundService.java:shutdown(160)) - Shutting down service KeyDeletingService
2023-12-01 12:07:53,931 [main] INFO  utils.BackgroundService (BackgroundService.java:shutdown(160)) - Shutting down service DirectoryDeletingService
2023-12-01 12:07:53,932 [main] INFO  utils.BackgroundService (BackgroundService.java:shutdown(160)) - Shutting down service OpenKeyCleanupService
2023-12-01 12:07:53,932 [main] INFO  utils.BackgroundService (BackgroundService.java:shutdown(160)) - Shutting down service SstFilteringService
2023-12-01 12:07:53,932 [main] INFO  utils.BackgroundService (BackgroundService.java:shutdown(160)) - Shutting down service SnapshotDeletingService
2023-12-01 12:07:53,932 [main] INFO  utils.BackgroundService (BackgroundService.java:shutdown(160)) - Shutting down service MultipartUploadCleanupService
2023-12-01 12:07:53,933 [main] INFO  handler.ContextHandler (ContextHandler.java:doStop(1159)) - Stopped o.e.j.w.WebAppContext@420e54ab{ozoneManager,/,null,STOPPED}{file:/home/runner/work/ozone/ozone/hadoop-ozone/integration-test/target/test-classes/webapps/ozoneManager}
2023-12-01 12:07:53,934 [main] INFO  server.AbstractConnector (AbstractConnector.java:doStop(383)) - Stopped ServerConnector@219335e0{HTTP/1.1, (http/1.1)}{0.0.0.0:15102}
2023-12-01 12:07:53,934 [main] INFO  server.session (HouseKeeper.java:stopScavenging(149)) - node0 Stopped scavenging
2023-12-01 12:07:53,934 [main] INFO  handler.ContextHandler (ContextHandler.java:doStop(1159)) - Stopped o.e.j.s.ServletContextHandler@296ecb77{static,/static,file:///home/runner/work/ozone/ozone/hadoop-ozone/integration-test/target/test-classes/webapps/static,STOPPED}
2023-12-01 12:07:53,934 [main] INFO  handler.ContextHandler (ContextHandler.java:doStop(1159)) - Stopped o.e.j.s.ServletContextHandler@410dcb8b{logs,/logs,file:///home/runner/work/ozone/ozone/hadoop-ozone/integration-test/target/log,STOPPED}
2023-12-01 12:07:53,935 [main] INFO  rocksdiff.RocksDBCheckpointDiffer (RocksDBCheckpointDiffer.java:close(310)) - Shutting down CompactionDagPruningService.
2023-12-01 12:07:53,936 [main] INFO  snapshot.SnapshotDiffManager (SnapshotDiffManager.java:closeExecutorService(1716)) - Shutting down executorService: 'SnapDiffExecutor'
2023-12-01 12:07:53,936 [main] INFO  snapshot.SnapshotDiffManager (SnapshotDiffManager.java:closeExecutorService(1716)) - Shutting down executorService: 'SstDumpToolExecutor'
2023-12-01 12:07:53,936 [main] INFO  utils.BackgroundService (BackgroundService.java:shutdown(160)) - Shutting down service SnapshotDiffCleanupService
2023-12-01 12:07:53,937 [main] INFO  ozone.MiniOzoneClusterImpl (MiniOzoneClusterImpl.java:stopDatanodes(536)) - Stopping the HddsDatanodes
2023-12-01 12:07:53,941 [main] INFO  ozoneimpl.OzoneContainer (OzoneContainer.java:stop(463)) - Attempting to stop container services.
2023-12-01 12:07:53,942 [ForkJoinPool.commonPool-worker-3] INFO  ozoneimpl.OzoneContainer (OzoneContainer.java:stop(463)) - Attempting to stop container services.
2023-12-01 12:07:53,943 [ForkJoinPool.commonPool-worker-3] INFO  server.RaftServer (RaftServerProxy.java:lambda$close$9(416)) - 76b9be1d-1bf0-4a28-acca-c5c2681cc872: close
2023-12-01 12:07:53,943 [76b9be1d-1bf0-4a28-acca-c5c2681cc872-impl-thread1] INFO  server.RaftServer$Division (RaftServerImpl.java:lambda$close$3(516)) - 76b9be1d-1bf0-4a28-acca-c5c2681cc872@group-5CCA57CB9EC4: shutdown
2023-12-01 12:07:53,943 [76b9be1d-1bf0-4a28-acca-c5c2681cc872-impl-thread1] INFO  util.JmxRegister (JmxRegister.java:unregister(73)) - Successfully un-registered JMX Bean with object name Ratis:service=RaftServer,group=group-5CCA57CB9EC4,id=76b9be1d-1bf0-4a28-acca-c5c2681cc872
2023-12-01 12:07:53,943 [76b9be1d-1bf0-4a28-acca-c5c2681cc872-impl-thread2] INFO  server.RaftServer$Division (RaftServerImpl.java:lambda$close$3(516)) - 76b9be1d-1bf0-4a28-acca-c5c2681cc872@group-A1DF1286BA7E: shutdown
2023-12-01 12:07:53,943 [76b9be1d-1bf0-4a28-acca-c5c2681cc872-impl-thread1] INFO  impl.RoleInfo (RoleInfo.java:shutdownFollowerState(110)) - 76b9be1d-1bf0-4a28-acca-c5c2681cc872: shutdown 76b9be1d-1bf0-4a28-acca-c5c2681cc872@group-5CCA57CB9EC4-FollowerState
2023-12-01 12:07:53,943 [76b9be1d-1bf0-4a28-acca-c5c2681cc872-impl-thread3] INFO  server.RaftServer$Division (RaftServerImpl.java:lambda$close$3(516)) - 76b9be1d-1bf0-4a28-acca-c5c2681cc872@group-8D541D207794: shutdown
2023-12-01 12:07:53,943 [76b9be1d-1bf0-4a28-acca-c5c2681cc872-impl-thread2] INFO  util.JmxRegister (JmxRegister.java:unregister(73)) - Successfully un-registered JMX Bean with object name Ratis:service=RaftServer,group=group-A1DF1286BA7E,id=76b9be1d-1bf0-4a28-acca-c5c2681cc872
2023-12-01 12:07:53,943 [76b9be1d-1bf0-4a28-acca-c5c2681cc872-impl-thread3] INFO  util.JmxRegister (JmxRegister.java:unregister(73)) - Successfully un-registered JMX Bean with object name Ratis:service=RaftServer,group=group-8D541D207794,id=76b9be1d-1bf0-4a28-acca-c5c2681cc872
2023-12-01 12:07:53,944 [76b9be1d-1bf0-4a28-acca-c5c2681cc872-impl-thread3] INFO  impl.RoleInfo (RoleInfo.java:shutdownFollowerState(110)) - 76b9be1d-1bf0-4a28-acca-c5c2681cc872: shutdown 76b9be1d-1bf0-4a28-acca-c5c2681cc872@group-8D541D207794-FollowerState
2023-12-01 12:07:53,944 [76b9be1d-1bf0-4a28-acca-c5c2681cc872-impl-thread4] INFO  server.RaftServer$Division (RaftServerImpl.java:lambda$close$3(516)) - 76b9be1d-1bf0-4a28-acca-c5c2681cc872@group-880852F89C4E: shutdown
2023-12-01 12:07:53,944 [76b9be1d-1bf0-4a28-acca-c5c2681cc872@group-8D541D207794-FollowerState] INFO  impl.FollowerState (FollowerState.java:run(152)) - 76b9be1d-1bf0-4a28-acca-c5c2681cc872@group-8D541D207794-FollowerState was interrupted
2023-12-01 12:07:53,944 [76b9be1d-1bf0-4a28-acca-c5c2681cc872-impl-thread3] INFO  impl.StateMachineUpdater (StateMachineUpdater.java:stopAndJoin(157)) - 76b9be1d-1bf0-4a28-acca-c5c2681cc872@group-8D541D207794-StateMachineUpdater: set stopIndex = -1
2023-12-01 12:07:53,944 [76b9be1d-1bf0-4a28-acca-c5c2681cc872@group-5CCA57CB9EC4-StateMachineUpdater] INFO  ratis.ContainerStateMachine (ContainerStateMachine.java:takeSnapshot(337)) - group-5CCA57CB9EC4: Taking a snapshot at:(t:1, i:0) file /home/runner/work/ozone/ozone/hadoop-ozone/integration-test/target/test-dir/MiniOzoneClusterImpl-b249f779-13f2-4d94-9d49-8f38c7514c74/datanode-1/data/ratis/93296416-f019-4b8c-8f09-5cca57cb9ec4/sm/snapshot.1_0
2023-12-01 12:07:53,943 [ForkJoinPool.commonPool-worker-4] INFO  ozoneimpl.OzoneContainer (OzoneContainer.java:stop(463)) - Attempting to stop container services.
2023-12-01 12:07:53,943 [76b9be1d-1bf0-4a28-acca-c5c2681cc872@group-5CCA57CB9EC4-FollowerState] INFO  impl.FollowerState (FollowerState.java:run(152)) - 76b9be1d-1bf0-4a28-acca-c5c2681cc872@group-5CCA57CB9EC4-FollowerState was interrupted
2023-12-01 12:07:53,943 [ForkJoinPool.commonPool-worker-3] INFO  server.GrpcService (GrpcService.java:closeImpl(311)) - 76b9be1d-1bf0-4a28-acca-c5c2681cc872: shutdown server org.apache.ratis.grpc.server.GrpcClientProtocolService now
2023-12-01 12:07:53,943 [76b9be1d-1bf0-4a28-acca-c5c2681cc872-impl-thread1] INFO  impl.StateMachineUpdater (StateMachineUpdater.java:stopAndJoin(157)) - 76b9be1d-1bf0-4a28-acca-c5c2681cc872@group-5CCA57CB9EC4-StateMachineUpdater: set stopIndex = 0
2023-12-01 12:07:53,943 [76b9be1d-1bf0-4a28-acca-c5c2681cc872-impl-thread2] INFO  impl.RoleInfo (RoleInfo.java:shutdownLeaderState(94)) - 76b9be1d-1bf0-4a28-acca-c5c2681cc872: shutdown 76b9be1d-1bf0-4a28-acca-c5c2681cc872@group-A1DF1286BA7E-LeaderStateImpl
2023-12-01 12:07:53,945 [ForkJoinPool.commonPool-worker-4] INFO  server.RaftServer (RaftServerProxy.java:lambda$close$9(416)) - e22ca2c5-a776-4b7c-8aca-6a18d36008b3: close
2023-12-01 12:07:53,944 [76b9be1d-1bf0-4a28-acca-c5c2681cc872-impl-thread3] INFO  server.RaftServer$Division (ServerState.java:close(423)) - 76b9be1d-1bf0-4a28-acca-c5c2681cc872@group-8D541D207794: applyIndex: -1
2023-12-01 12:07:53,944 [76b9be1d-1bf0-4a28-acca-c5c2681cc872-impl-thread4] INFO  util.JmxRegister (JmxRegister.java:unregister(73)) - Successfully un-registered JMX Bean with object name Ratis:service=RaftServer,group=group-880852F89C4E,id=76b9be1d-1bf0-4a28-acca-c5c2681cc872
2023-12-01 12:07:53,945 [76b9be1d-1bf0-4a28-acca-c5c2681cc872-impl-thread4] INFO  impl.RoleInfo (RoleInfo.java:shutdownLeaderState(94)) - 76b9be1d-1bf0-4a28-acca-c5c2681cc872: shutdown 76b9be1d-1bf0-4a28-acca-c5c2681cc872@group-880852F89C4E-LeaderStateImpl
2023-12-01 12:07:53,944 [ForkJoinPool.commonPool-worker-5] INFO  ozoneimpl.OzoneContainer (OzoneContainer.java:stop(463)) - Attempting to stop container services.
2023-12-01 12:07:53,946 [76b9be1d-1bf0-4a28-acca-c5c2681cc872@group-A1DF1286BA7E->0d726c29-49a1-421e-8ac7-200c2e9b483b-GrpcLogAppender-LogAppenderDaemon] WARN  server.GrpcLogAppender (GrpcLogAppender.java:mayWait(212)) - 76b9be1d-1bf0-4a28-acca-c5c2681cc872@group-A1DF1286BA7E->0d726c29-49a1-421e-8ac7-200c2e9b483b-GrpcLogAppender: Wait interrupted by java.lang.InterruptedException
2023-12-01 12:07:53,946 [Thread-1938] INFO  server.GrpcServerProtocolClient (GrpcServerProtocolClient.java:close(103)) - 0d726c29-49a1-421e-8ac7-200c2e9b483b Close channels
2023-12-01 12:07:53,946 [76b9be1d-1bf0-4a28-acca-c5c2681cc872@group-5CCA57CB9EC4-StateMachineUpdater] INFO  ratis.ContainerStateMachine (ContainerStateMachine.java:takeSnapshot(348)) - group-5CCA57CB9EC4: Finished taking a snapshot at:(t:1, i:0) file:/home/runner/work/ozone/ozone/hadoop-ozone/integration-test/target/test-dir/MiniOzoneClusterImpl-b249f779-13f2-4d94-9d49-8f38c7514c74/datanode-1/data/ratis/93296416-f019-4b8c-8f09-5cca57cb9ec4/sm/snapshot.1_0 took: 2 ms
2023-12-01 12:07:53,946 [76b9be1d-1bf0-4a28-acca-c5c2681cc872@group-5CCA57CB9EC4-StateMachineUpdater] INFO  impl.StateMachineUpdater (StateMachineUpdater.java:takeSnapshot(295)) - 76b9be1d-1bf0-4a28-acca-c5c2681cc872@group-5CCA57CB9EC4-StateMachineUpdater: Took a snapshot at index 0
2023-12-01 12:07:53,946 [76b9be1d-1bf0-4a28-acca-c5c2681cc872@group-5CCA57CB9EC4-StateMachineUpdater] INFO  impl.StateMachineUpdater (StateMachineUpdater.java:lambda$new$0(98)) - 76b9be1d-1bf0-4a28-acca-c5c2681cc872@group-5CCA57CB9EC4-StateMachineUpdater: snapshotIndex: updateIncreasingly -1 -> 0
2023-12-01 12:07:53,946 [Thread-1939] INFO  server.GrpcServerProtocolClient (GrpcServerProtocolClient.java:close(103)) - 36feb706-8d2b-450d-bbd6-33af8c2d1a3d Close channels
2023-12-01 12:07:53,949 [76b9be1d-1bf0-4a28-acca-c5c2681cc872@group-880852F89C4E->36feb706-8d2b-450d-bbd6-33af8c2d1a3d-GrpcLogAppender-LogAppenderDaemon] WARN  server.GrpcLogAppender (GrpcLogAppender.java:mayWait(212)) - 76b9be1d-1bf0-4a28-acca-c5c2681cc872@group-880852F89C4E->36feb706-8d2b-450d-bbd6-33af8c2d1a3d-GrpcLogAppender: Wait interrupted by java.lang.InterruptedException
2023-12-01 12:07:53,949 [ForkJoinPool.commonPool-worker-5] INFO  server.RaftServer (RaftServerProxy.java:lambda$close$9(416)) - af140fa9-d57b-4d38-ac23-ee5728971003: close
2023-12-01 12:07:53,949 [76b9be1d-1bf0-4a28-acca-c5c2681cc872@group-880852F89C4E->af140fa9-d57b-4d38-ac23-ee5728971003-GrpcLogAppender-LogAppenderDaemon] WARN  server.GrpcLogAppender (GrpcLogAppender.java:mayWait(212)) - 76b9be1d-1bf0-4a28-acca-c5c2681cc872@group-880852F89C4E->af140fa9-d57b-4d38-ac23-ee5728971003-GrpcLogAppender: Wait interrupted by java.lang.InterruptedException
2023-12-01 12:07:53,949 [main] INFO  server.RaftServer (RaftServerProxy.java:lambda$close$9(416)) - 585524aa-0c42-40b1-8d18-f2722508c145: close
2023-12-01 12:07:53,949 [e22ca2c5-a776-4b7c-8aca-6a18d36008b3-impl-thread1] INFO  server.RaftServer$Division (RaftServerImpl.java:lambda$close$3(516)) - e22ca2c5-a776-4b7c-8aca-6a18d36008b3@group-158753A7AC69: shutdown
2023-12-01 12:07:53,949 [76b9be1d-1bf0-4a28-acca-c5c2681cc872@group-8D541D207794-cacheEviction-AwaitToRun] INFO  util.AwaitToRun (AwaitToRun.java:run(49)) - 76b9be1d-1bf0-4a28-acca-c5c2681cc872@group-8D541D207794-cacheEviction-AwaitToRun-AwaitForSignal is interrupted
2023-12-01 12:07:53,949 [ForkJoinPool.commonPool-worker-4] INFO  server.GrpcService (GrpcService.java:closeImpl(311)) - e22ca2c5-a776-4b7c-8aca-6a18d36008b3: shutdown server org.apache.ratis.grpc.server.GrpcClientProtocolService now
2023-12-01 12:07:53,950 [e22ca2c5-a776-4b7c-8aca-6a18d36008b3-impl-thread2] INFO  server.RaftServer$Division (RaftServerImpl.java:lambda$close$3(516)) - e22ca2c5-a776-4b7c-8aca-6a18d36008b3@group-84D970D8DD2E: shutdown
2023-12-01 12:07:53,949 [76b9be1d-1bf0-4a28-acca-c5c2681cc872-impl-thread4] INFO  impl.PendingRequests (PendingRequests.java:sendNotLeaderResponses(289)) - 76b9be1d-1bf0-4a28-acca-c5c2681cc872@group-880852F89C4E-PendingRequests: sendNotLeaderResponses
2023-12-01 12:07:53,959 [585524aa-0c42-40b1-8d18-f2722508c145-impl-thread1] INFO  server.RaftServer$Division (RaftServerImpl.java:lambda$close$3(516)) - 585524aa-0c42-40b1-8d18-f2722508c145@group-158753A7AC69: shutdown
2023-12-01 12:07:53,959 [Thread-1945] INFO  server.GrpcServerProtocolClient (GrpcServerProtocolClient.java:close(103)) - 0d726c29-49a1-421e-8ac7-200c2e9b483b Close channels
2023-12-01 12:07:53,959 [af140fa9-d57b-4d38-ac23-ee5728971003-impl-thread1] INFO  server.RaftServer$Division (RaftServerImpl.java:lambda$close$3(516)) - af140fa9-d57b-4d38-ac23-ee5728971003@group-5CCA57CB9EC4: shutdown
2023-12-01 12:07:53,959 [e22ca2c5-a776-4b7c-8aca-6a18d36008b3-impl-thread2] INFO  util.JmxRegister (JmxRegister.java:unregister(73)) - Successfully un-registered JMX Bean with object name Ratis:service=RaftServer,group=group-84D970D8DD2E,id=e22ca2c5-a776-4b7c-8aca-6a18d36008b3
2023-12-01 12:07:53,960 [e22ca2c5-a776-4b7c-8aca-6a18d36008b3-impl-thread2] INFO  impl.RoleInfo (RoleInfo.java:shutdownFollowerState(110)) - e22ca2c5-a776-4b7c-8aca-6a18d36008b3: shutdown e22ca2c5-a776-4b7c-8aca-6a18d36008b3@group-84D970D8DD2E-FollowerState
2023-12-01 12:07:53,953 [Thread-1942] INFO  server.GrpcServerProtocolClient (GrpcServerProtocolClient.java:close(103)) - 585524aa-0c42-40b1-8d18-f2722508c145 Close channels
2023-12-01 12:07:53,953 [grpc-default-executor-4] INFO  server.GrpcServerProtocolService (GrpcServerProtocolService.java:onCompleted(157)) - af140fa9-d57b-4d38-ac23-ee5728971003: Completed APPEND_ENTRIES, lastRequest: null
2023-12-01 12:07:53,953 [grpc-default-executor-0] INFO  server.GrpcServerProtocolService (GrpcServerProtocolService.java:onCompleted(157)) - 0d726c29-49a1-421e-8ac7-200c2e9b483b: Completed APPEND_ENTRIES, lastRequest: null
2023-12-01 12:07:53,961 [grpc-default-executor-4] INFO  server.GrpcServerProtocolService (GrpcServerProtocolService.java:lambda$onCompleted$5(159)) - af140fa9-d57b-4d38-ac23-ee5728971003: Completed APPEND_ENTRIES, lastReply: serverReply {
  requestorId: "76b9be1d-1bf0-4a28-acca-c5c2681cc872"
  replyId: "af140fa9-d57b-4d38-ac23-ee5728971003"
  raftGroupId {
    id: "\242\310-\316\0336G\325\207\307\210\bR\370\234N"
  }
  callId: 6
  success: true
}
term: 1
nextIndex: 1
matchIndex: 18446744073709551615
isHearbeat: true

2023-12-01 12:07:53,953 [76b9be1d-1bf0-4a28-acca-c5c2681cc872@group-A1DF1286BA7E->af140fa9-d57b-4d38-ac23-ee5728971003-GrpcLogAppender-LogAppenderDaemon] WARN  server.GrpcLogAppender (GrpcLogAppender.java:mayWait(212)) - 76b9be1d-1bf0-4a28-acca-c5c2681cc872@group-A1DF1286BA7E->af140fa9-d57b-4d38-ac23-ee5728971003-GrpcLogAppender: Wait interrupted by java.lang.InterruptedException
2023-12-01 12:07:53,953 [grpc-default-executor-3] INFO  server.GrpcServerProtocolService (GrpcServerProtocolService.java:onCompleted(157)) - 36feb706-8d2b-450d-bbd6-33af8c2d1a3d: Completed APPEND_ENTRIES, lastRequest: null
2023-12-01 12:07:53,952 [76b9be1d-1bf0-4a28-acca-c5c2681cc872-impl-thread2] INFO  impl.PendingRequests (PendingRequests.java:sendNotLeaderResponses(289)) - 76b9be1d-1bf0-4a28-acca-c5c2681cc872@group-A1DF1286BA7E-PendingRequests: sendNotLeaderResponses
2023-12-01 12:07:53,961 [grpc-default-executor-3] INFO  server.GrpcServerProtocolService (GrpcServerProtocolService.java:lambda$onCompleted$5(159)) - 36feb706-8d2b-450d-bbd6-33af8c2d1a3d: Completed APPEND_ENTRIES, lastReply: serverReply {
  requestorId: "76b9be1d-1bf0-4a28-acca-c5c2681cc872"
  replyId: "36feb706-8d2b-450d-bbd6-33af8c2d1a3d"
  raftGroupId {
    id: "\242\310-\316\0336G\325\207\307\210\bR\370\234N"
  }
  callId: 5
  success: true
}
term: 1
nextIndex: 1
matchIndex: 18446744073709551615
isHearbeat: true

2023-12-01 12:07:53,962 [76b9be1d-1bf0-4a28-acca-c5c2681cc872-impl-thread2] INFO  impl.StateMachineUpdater (StateMachineUpdater.java:stopAndJoin(157)) - 76b9be1d-1bf0-4a28-acca-c5c2681cc872@group-A1DF1286BA7E-StateMachineUpdater: set stopIndex = 0
2023-12-01 12:07:53,952 [grpc-default-executor-2] INFO  server.GrpcServerProtocolService (GrpcServerProtocolService.java:onCompleted(157)) - af140fa9-d57b-4d38-ac23-ee5728971003: Completed APPEND_ENTRIES, lastRequest: 76b9be1d-1bf0-4a28-acca-c5c2681cc872->af140fa9-d57b-4d38-ac23-ee5728971003#1-t1,previous=(t:0, i:0),leaderCommit=-1,initializing? true,entries: size=1, first=(t:1, i:0), CONFIGURATIONENTRY(current:id: "76b9be1d-1bf0-4a28-acca-c5c2681cc872"
address: "10.1.0.24:15120"
priority: 1
dataStreamAddress: "10.1.0.24:15121"
clientAddress: "10.1.0.24:15118"
adminAddress: "10.1.0.24:15119"
startupRole: FOLLOWER
,id: "36feb706-8d2b-450d-bbd6-33af8c2d1a3d"
address: "10.1.0.24:15129"
dataStreamAddress: "10.1.0.24:15130"
clientAddress: "10.1.0.24:15127"
adminAddress: "10.1.0.24:15128"
startupRole: FOLLOWER
,id: "af140fa9-d57b-4d38-ac23-ee5728971003"
address: "10.1.0.24:15111"
dataStreamAddress: "10.1.0.24:15112"
clientAddress: "10.1.0.24:15109"
adminAddress: "10.1.0.24:15110"
startupRole: FOLLOWER
, old:)
2023-12-01 12:07:53,952 [grpc-default-executor-1] INFO  server.GrpcServerProtocolService (GrpcServerProtocolService.java:onCompleted(157)) - 0d726c29-49a1-421e-8ac7-200c2e9b483b: Completed APPEND_ENTRIES, lastRequest: 76b9be1d-1bf0-4a28-acca-c5c2681cc872->0d726c29-49a1-421e-8ac7-200c2e9b483b#1-t1,previous=(t:0, i:0),leaderCommit=-1,initializing? true,entries: size=1, first=(t:1, i:0), CONFIGURATIONENTRY(current:id: "76b9be1d-1bf0-4a28-acca-c5c2681cc872"
address: "10.1.0.24:15120"
priority: 1
dataStreamAddress: "10.1.0.24:15121"
clientAddress: "10.1.0.24:15118"
adminAddress: "10.1.0.24:15119"
startupRole: FOLLOWER
,id: "0d726c29-49a1-421e-8ac7-200c2e9b483b"
address: "10.1.0.24:15147"
dataStreamAddress: "10.1.0.24:15148"
clientAddress: "10.1.0.24:15145"
adminAddress: "10.1.0.24:15146"
startupRole: FOLLOWER
,id: "af140fa9-d57b-4d38-ac23-ee5728971003"
address: "10.1.0.24:15111"
dataStreamAddress: "10.1.0.24:15112"
clientAddress: "10.1.0.24:15109"
adminAddress: "10.1.0.24:15110"
startupRole: FOLLOWER
, old:)
2023-12-01 12:07:53,952 [Thread-1940] INFO  server.GrpcServerProtocolClient (GrpcServerProtocolClient.java:close(103)) - af140fa9-d57b-4d38-ac23-ee5728971003 Close channels
2023-12-01 12:07:53,952 [76b9be1d-1bf0-4a28-acca-c5c2681cc872-impl-thread1] INFO  server.RaftServer$Division (ServerState.java:close(423)) - 76b9be1d-1bf0-4a28-acca-c5c2681cc872@group-5CCA57CB9EC4: applyIndex: 0
2023-12-01 12:07:53,949 [e22ca2c5-a776-4b7c-8aca-6a18d36008b3-impl-thread1] INFO  util.JmxRegister (JmxRegister.java:unregister(73)) - Successfully un-registered JMX Bean with object name Ratis:service=RaftServer,group=group-158753A7AC69,id=e22ca2c5-a776-4b7c-8aca-6a18d36008b3
2023-12-01 12:07:53,962 [e22ca2c5-a776-4b7c-8aca-6a18d36008b3-impl-thread1] INFO  impl.RoleInfo (RoleInfo.java:shutdownLeaderState(94)) - e22ca2c5-a776-4b7c-8aca-6a18d36008b3: shutdown e22ca2c5-a776-4b7c-8aca-6a18d36008b3@group-158753A7AC69-LeaderStateImpl
2023-12-01 12:07:53,962 [grpc-default-executor-1] INFO  server.GrpcServerProtocolService (GrpcServerProtocolService.java:lambda$onCompleted$5(159)) - 0d726c29-49a1-421e-8ac7-200c2e9b483b: Completed APPEND_ENTRIES, lastReply: null
2023-12-01 12:07:53,962 [76b9be1d-1bf0-4a28-acca-c5c2681cc872@group-A1DF1286BA7E-StateMachineUpdater] INFO  ratis.ContainerStateMachine (ContainerStateMachine.java:takeSnapshot(337)) - group-A1DF1286BA7E: Taking a snapshot at:(t:1, i:0) file /home/runner/work/ozone/ozone/hadoop-ozone/integration-test/target/test-dir/MiniOzoneClusterImpl-b249f779-13f2-4d94-9d49-8f38c7514c74/datanode-1/data/ratis/ccffce69-d00a-452b-8d46-a1df1286ba7e/sm/snapshot.1_0
2023-12-01 12:07:53,962 [grpc-default-executor-2] INFO  server.GrpcServerProtocolService (GrpcServerProtocolService.java:lambda$onCompleted$5(159)) - af140fa9-d57b-4d38-ac23-ee5728971003: Completed APPEND_ENTRIES, lastReply: null
2023-12-01 12:07:53,961 [grpc-default-executor-0] INFO  server.GrpcServerProtocolService (GrpcServerProtocolService.java:lambda$onCompleted$5(159)) - 0d726c29-49a1-421e-8ac7-200c2e9b483b: Completed APPEND_ENTRIES, lastReply: serverReply {
  requestorId: "76b9be1d-1bf0-4a28-acca-c5c2681cc872"
  replyId: "0d726c29-49a1-421e-8ac7-200c2e9b483b"
  raftGroupId {
    id: "\314\377\316i\320\nE+\215F\241\337\022\206\272~"
  }
  callId: 2
  success: true
}
term: 1
nextIndex: 1
followerCommit: 18446744073709551615
matchIndex: 18446744073709551615
isHearbeat: true

2023-12-01 12:07:53,960 [af140fa9-d57b-4d38-ac23-ee5728971003-impl-thread1] INFO  util.JmxRegister (JmxRegister.java:unregister(73)) - Successfully un-registered JMX Bean with object name Ratis:service=RaftServer,group=group-5CCA57CB9EC4,id=af140fa9-d57b-4d38-ac23-ee5728971003
2023-12-01 12:07:53,963 [af140fa9-d57b-4d38-ac23-ee5728971003-impl-thread1] INFO  impl.RoleInfo (RoleInfo.java:shutdownFollowerState(110)) - af140fa9-d57b-4d38-ac23-ee5728971003: shutdown af140fa9-d57b-4d38-ac23-ee5728971003@group-5CCA57CB9EC4-FollowerState
2023-12-01 12:07:53,960 [585524aa-0c42-40b1-8d18-f2722508c145-impl-thread1] INFO  util.JmxRegister (JmxRegister.java:unregister(73)) - Successfully un-registered JMX Bean with object name Ratis:service=RaftServer,group=group-158753A7AC69,id=585524aa-0c42-40b1-8d18-f2722508c145
2023-12-01 12:07:53,963 [585524aa-0c42-40b1-8d18-f2722508c145-impl-thread1] INFO  impl.RoleInfo (RoleInfo.java:shutdownFollowerState(110)) - 585524aa-0c42-40b1-8d18-f2722508c145: shutdown 585524aa-0c42-40b1-8d18-f2722508c145@group-158753A7AC69-FollowerState
2023-12-01 12:07:53,963 [76b9be1d-1bf0-4a28-acca-c5c2681cc872@group-A1DF1286BA7E-StateMachineUpdater] INFO  ratis.ContainerStateMachine (ContainerStateMachine.java:takeSnapshot(348)) - group-A1DF1286BA7E: Finished taking a snapshot at:(t:1, i:0) file:/home/runner/work/ozone/ozone/hadoop-ozone/integration-test/target/test-dir/MiniOzoneClusterImpl-b249f779-13f2-4d94-9d49-8f38c7514c74/datanode-1/data/ratis/ccffce69-d00a-452b-8d46-a1df1286ba7e/sm/snapshot.1_0 took: 1 ms
2023-12-01 12:07:53,963 [76b9be1d-1bf0-4a28-acca-c5c2681cc872@group-A1DF1286BA7E-StateMachineUpdater] INFO  impl.StateMachineUpdater (StateMachineUpdater.java:takeSnapshot(295)) - 76b9be1d-1bf0-4a28-acca-c5c2681cc872@group-A1DF1286BA7E-StateMachineUpdater: Took a snapshot at index 0
2023-12-01 12:07:53,963 [76b9be1d-1bf0-4a28-acca-c5c2681cc872@group-A1DF1286BA7E-StateMachineUpdater] INFO  impl.StateMachineUpdater (StateMachineUpdater.java:lambda$new$0(98)) - 76b9be1d-1bf0-4a28-acca-c5c2681cc872@group-A1DF1286BA7E-StateMachineUpdater: snapshotIndex: updateIncreasingly -1 -> 0
2023-12-01 12:07:53,963 [76b9be1d-1bf0-4a28-acca-c5c2681cc872-impl-thread2] INFO  server.RaftServer$Division (ServerState.java:close(423)) - 76b9be1d-1bf0-4a28-acca-c5c2681cc872@group-A1DF1286BA7E: applyIndex: 0
2023-12-01 12:07:53,963 [76b9be1d-1bf0-4a28-acca-c5c2681cc872-impl-thread4] INFO  impl.StateMachineUpdater (StateMachineUpdater.java:stopAndJoin(157)) - 76b9be1d-1bf0-4a28-acca-c5c2681cc872@group-880852F89C4E-StateMachineUpdater: set stopIndex = 0
2023-12-01 12:07:53,963 [76b9be1d-1bf0-4a28-acca-c5c2681cc872@group-880852F89C4E-StateMachineUpdater] INFO  ratis.ContainerStateMachine (ContainerStateMachine.java:takeSnapshot(337)) - group-880852F89C4E: Taking a snapshot at:(t:1, i:0) file /home/runner/work/ozone/ozone/hadoop-ozone/integration-test/target/test-dir/MiniOzoneClusterImpl-b249f779-13f2-4d94-9d49-8f38c7514c74/datanode-1/data/ratis/a2c82dce-1b36-47d5-87c7-880852f89c4e/sm/snapshot.1_0
2023-12-01 12:07:53,964 [76b9be1d-1bf0-4a28-acca-c5c2681cc872@group-880852F89C4E-StateMachineUpdater] INFO  ratis.ContainerStateMachine (ContainerStateMachine.java:takeSnapshot(348)) - group-880852F89C4E: Finished taking a snapshot at:(t:1, i:0) file:/home/runner/work/ozone/ozone/hadoop-ozone/integration-test/target/test-dir/MiniOzoneClusterImpl-b249f779-13f2-4d94-9d49-8f38c7514c74/datanode-1/data/ratis/a2c82dce-1b36-47d5-87c7-880852f89c4e/sm/snapshot.1_0 took: 0 ms
2023-12-01 12:07:53,964 [76b9be1d-1bf0-4a28-acca-c5c2681cc872@group-880852F89C4E-StateMachineUpdater] INFO  impl.StateMachineUpdater (StateMachineUpdater.java:takeSnapshot(295)) - 76b9be1d-1bf0-4a28-acca-c5c2681cc872@group-880852F89C4E-StateMachineUpdater: Took a snapshot at index 0
2023-12-01 12:07:53,964 [76b9be1d-1bf0-4a28-acca-c5c2681cc872@group-880852F89C4E-StateMachineUpdater] INFO  impl.StateMachineUpdater (StateMachineUpdater.java:lambda$new$0(98)) - 76b9be1d-1bf0-4a28-acca-c5c2681cc872@group-880852F89C4E-StateMachineUpdater: snapshotIndex: updateIncreasingly -1 -> 0
2023-12-01 12:07:53,964 [76b9be1d-1bf0-4a28-acca-c5c2681cc872-impl-thread4] INFO  server.RaftServer$Division (ServerState.java:close(423)) - 76b9be1d-1bf0-4a28-acca-c5c2681cc872@group-880852F89C4E: applyIndex: 0
2023-12-01 12:07:53,967 [af140fa9-d57b-4d38-ac23-ee5728971003-impl-thread2] INFO  server.RaftServer$Division (RaftServerImpl.java:lambda$close$3(516)) - af140fa9-d57b-4d38-ac23-ee5728971003@group-A1DF1286BA7E: shutdown
2023-12-01 12:07:53,968 [af140fa9-d57b-4d38-ac23-ee5728971003-impl-thread2] INFO  util.JmxRegister (JmxRegister.java:unregister(73)) - Successfully un-registered JMX Bean with object name Ratis:service=RaftServer,group=group-A1DF1286BA7E,id=af140fa9-d57b-4d38-ac23-ee5728971003
2023-12-01 12:07:53,968 [af140fa9-d57b-4d38-ac23-ee5728971003-impl-thread2] INFO  impl.RoleInfo (RoleInfo.java:shutdownFollowerState(110)) - af140fa9-d57b-4d38-ac23-ee5728971003: shutdown af140fa9-d57b-4d38-ac23-ee5728971003@group-A1DF1286BA7E-FollowerState
2023-12-01 12:07:53,968 [af140fa9-d57b-4d38-ac23-ee5728971003-impl-thread3] INFO  server.RaftServer$Division (RaftServerImpl.java:lambda$close$3(516)) - af140fa9-d57b-4d38-ac23-ee5728971003@group-880852F89C4E: shutdown
2023-12-01 12:07:53,969 [af140fa9-d57b-4d38-ac23-ee5728971003-impl-thread3] INFO  util.JmxRegister (JmxRegister.java:unregister(73)) - Successfully un-registered JMX Bean with object name Ratis:service=RaftServer,group=group-880852F89C4E,id=af140fa9-d57b-4d38-ac23-ee5728971003
2023-12-01 12:07:53,969 [af140fa9-d57b-4d38-ac23-ee5728971003-impl-thread3] INFO  impl.RoleInfo (RoleInfo.java:shutdownFollowerState(110)) - af140fa9-d57b-4d38-ac23-ee5728971003: shutdown af140fa9-d57b-4d38-ac23-ee5728971003@group-880852F89C4E-FollowerState
2023-12-01 12:07:53,971 [ForkJoinPool.commonPool-worker-5] INFO  server.GrpcService (GrpcService.java:closeImpl(311)) - af140fa9-d57b-4d38-ac23-ee5728971003: shutdown server org.apache.ratis.grpc.server.GrpcClientProtocolService now
2023-12-01 12:07:53,971 [af140fa9-d57b-4d38-ac23-ee5728971003-impl-thread4] INFO  server.RaftServer$Division (RaftServerImpl.java:lambda$close$3(516)) - af140fa9-d57b-4d38-ac23-ee5728971003@group-55A70DD5F5D9: shutdown
2023-12-01 12:07:53,972 [af140fa9-d57b-4d38-ac23-ee5728971003-impl-thread4] INFO  util.JmxRegister (JmxRegister.java:unregister(73)) - Successfully un-registered JMX Bean with object name Ratis:service=RaftServer,group=group-55A70DD5F5D9,id=af140fa9-d57b-4d38-ac23-ee5728971003
2023-12-01 12:07:53,972 [af140fa9-d57b-4d38-ac23-ee5728971003-impl-thread4] INFO  impl.RoleInfo (RoleInfo.java:shutdownLeaderState(94)) - af140fa9-d57b-4d38-ac23-ee5728971003: shutdown af140fa9-d57b-4d38-ac23-ee5728971003@group-55A70DD5F5D9-LeaderStateImpl
2023-12-01 12:07:53,972 [Thread-1949] INFO  server.GrpcServerProtocolClient (GrpcServerProtocolClient.java:close(103)) - 76b9be1d-1bf0-4a28-acca-c5c2681cc872 Close channels
2023-12-01 12:07:53,972 [grpc-default-executor-5] INFO  server.GrpcServerProtocolService (GrpcServerProtocolService.java:onCompleted(157)) - 36feb706-8d2b-450d-bbd6-33af8c2d1a3d: Completed APPEND_ENTRIES, lastRequest: 76b9be1d-1bf0-4a28-acca-c5c2681cc872->36feb706-8d2b-450d-bbd6-33af8c2d1a3d#1-t1,previous=(t:0, i:0),leaderCommit=-1,initializing? true,entries: size=1, first=(t:1, i:0), CONFIGURATIONENTRY(current:id: "76b9be1d-1bf0-4a28-acca-c5c2681cc872"
address: "10.1.0.24:15120"
priority: 1
dataStreamAddress: "10.1.0.24:15121"
clientAddress: "10.1.0.24:15118"
adminAddress: "10.1.0.24:15119"
startupRole: FOLLOWER
,id: "36feb706-8d2b-450d-bbd6-33af8c2d1a3d"
address: "10.1.0.24:15129"
dataStreamAddress: "10.1.0.24:15130"
clientAddress: "10.1.0.24:15127"
adminAddress: "10.1.0.24:15128"
startupRole: FOLLOWER
,id: "af140fa9-d57b-4d38-ac23-ee5728971003"
address: "10.1.0.24:15111"
dataStreamAddress: "10.1.0.24:15112"
clientAddress: "10.1.0.24:15109"
adminAddress: "10.1.0.24:15110"
startupRole: FOLLOWER
, old:)
2023-12-01 12:07:53,973 [Thread-1950] INFO  server.GrpcServerProtocolClient (GrpcServerProtocolClient.java:close(103)) - 0d726c29-49a1-421e-8ac7-200c2e9b483b Close channels
2023-12-01 12:07:53,972 [grpc-default-executor-0] INFO  server.GrpcServerProtocolService (GrpcServerProtocolService.java:onCompleted(157)) - af140fa9-d57b-4d38-ac23-ee5728971003: Completed APPEND_ENTRIES, lastRequest: null
2023-12-01 12:07:53,973 [grpc-default-executor-5] INFO  server.GrpcServerProtocolService (GrpcServerProtocolService.java:lambda$onCompleted$5(159)) - 36feb706-8d2b-450d-bbd6-33af8c2d1a3d: Completed APPEND_ENTRIES, lastReply: null
2023-12-01 12:07:53,974 [grpc-default-executor-0] INFO  server.GrpcServerProtocolService (GrpcServerProtocolService.java:lambda$onCompleted$5(159)) - af140fa9-d57b-4d38-ac23-ee5728971003: Completed APPEND_ENTRIES, lastReply: serverReply {
  requestorId: "76b9be1d-1bf0-4a28-acca-c5c2681cc872"
  replyId: "af140fa9-d57b-4d38-ac23-ee5728971003"
  raftGroupId {
    id: "\314\377\316i\320\nE+\215F\241\337\022\206\272~"
  }
  success: true
}
term: 1
followerCommit: 18446744073709551615
matchIndex: 18446744073709551615
isHearbeat: true

2023-12-01 12:07:53,975 [af140fa9-d57b-4d38-ac23-ee5728971003@group-880852F89C4E-FollowerState] INFO  impl.FollowerState (FollowerState.java:run(152)) - af140fa9-d57b-4d38-ac23-ee5728971003@group-880852F89C4E-FollowerState was interrupted
2023-12-01 12:07:53,975 [af140fa9-d57b-4d38-ac23-ee5728971003@group-880852F89C4E-StateMachineUpdater] INFO  ratis.ContainerStateMachine (ContainerStateMachine.java:takeSnapshot(337)) - group-880852F89C4E: Taking a snapshot at:(t:1, i:0) file /home/runner/work/ozone/ozone/hadoop-ozone/integration-test/target/test-dir/MiniOzoneClusterImpl-b249f779-13f2-4d94-9d49-8f38c7514c74/datanode-0/data/ratis/a2c82dce-1b36-47d5-87c7-880852f89c4e/sm/snapshot.1_0
2023-12-01 12:07:53,975 [af140fa9-d57b-4d38-ac23-ee5728971003-impl-thread3] INFO  impl.StateMachineUpdater (StateMachineUpdater.java:stopAndJoin(157)) - af140fa9-d57b-4d38-ac23-ee5728971003@group-880852F89C4E-StateMachineUpdater: set stopIndex = 0
2023-12-01 12:07:53,976 [585524aa-0c42-40b1-8d18-f2722508c145@group-158753A7AC69-FollowerState] INFO  impl.FollowerState (FollowerState.java:run(152)) - 585524aa-0c42-40b1-8d18-f2722508c145@group-158753A7AC69-FollowerState was interrupted
2023-12-01 12:07:53,977 [Thread-1951] INFO  server.GrpcServerProtocolClient (GrpcServerProtocolClient.java:close(103)) - 36feb706-8d2b-450d-bbd6-33af8c2d1a3d Close channels
2023-12-01 12:07:53,975 [af140fa9-d57b-4d38-ac23-ee5728971003@group-A1DF1286BA7E-FollowerState] INFO  impl.FollowerState (FollowerState.java:run(152)) - af140fa9-d57b-4d38-ac23-ee5728971003@group-A1DF1286BA7E-FollowerState was interrupted
2023-12-01 12:07:53,975 [af140fa9-d57b-4d38-ac23-ee5728971003-impl-thread2] INFO  impl.StateMachineUpdater (StateMachineUpdater.java:stopAndJoin(157)) - af140fa9-d57b-4d38-ac23-ee5728971003@group-A1DF1286BA7E-StateMachineUpdater: set stopIndex = -1
2023-12-01 12:07:53,979 [af140fa9-d57b-4d38-ac23-ee5728971003-impl-thread2] INFO  server.RaftServer$Division (ServerState.java:close(423)) - af140fa9-d57b-4d38-ac23-ee5728971003@group-A1DF1286BA7E: applyIndex: -1
2023-12-01 12:07:53,977 [grpc-default-executor-4] INFO  server.GrpcServerProtocolService (GrpcServerProtocolService.java:onCompleted(157)) - af140fa9-d57b-4d38-ac23-ee5728971003: Completed APPEND_ENTRIES, lastRequest: 76b9be1d-1bf0-4a28-acca-c5c2681cc872->af140fa9-d57b-4d38-ac23-ee5728971003#1-t1,previous=(t:0, i:0),leaderCommit=-1,initializing? true,entries: size=1, first=(t:1, i:0), CONFIGURATIONENTRY(current:id: "76b9be1d-1bf0-4a28-acca-c5c2681cc872"
address: "10.1.0.24:15120"
priority: 1
dataStreamAddress: "10.1.0.24:15121"
clientAddress: "10.1.0.24:15118"
adminAddress: "10.1.0.24:15119"
startupRole: FOLLOWER
,id: "0d726c29-49a1-421e-8ac7-200c2e9b483b"
address: "10.1.0.24:15147"
dataStreamAddress: "10.1.0.24:15148"
clientAddress: "10.1.0.24:15145"
adminAddress: "10.1.0.24:15146"
startupRole: FOLLOWER
,id: "af140fa9-d57b-4d38-ac23-ee5728971003"
address: "10.1.0.24:15111"
dataStreamAddress: "10.1.0.24:15112"
clientAddress: "10.1.0.24:15109"
adminAddress: "10.1.0.24:15110"
startupRole: FOLLOWER
, old:)
2023-12-01 12:07:53,979 [grpc-default-executor-4] INFO  server.GrpcServerProtocolService (GrpcServerProtocolService.java:lambda$onCompleted$5(159)) - af140fa9-d57b-4d38-ac23-ee5728971003: Completed APPEND_ENTRIES, lastReply: null
2023-12-01 12:07:53,977 [grpc-default-executor-3] INFO  server.GrpcLogAppender (GrpcLogAppender.java:onCompleted(469)) - 76b9be1d-1bf0-4a28-acca-c5c2681cc872@group-A1DF1286BA7E->0d726c29-49a1-421e-8ac7-200c2e9b483b-AppendLogResponseHandler: follower responses appendEntries COMPLETED
2023-12-01 12:07:53,976 [grpc-default-executor-1] INFO  server.GrpcLogAppender (GrpcLogAppender.java:onCompleted(469)) - 76b9be1d-1bf0-4a28-acca-c5c2681cc872@group-880852F89C4E->af140fa9-d57b-4d38-ac23-ee5728971003-AppendLogResponseHandler: follower responses appendEntries COMPLETED
2023-12-01 12:07:53,980 [grpc-default-executor-1] WARN  server.GrpcLogAppender (GrpcLogAppender.java:resetClient(149)) - 76b9be1d-1bf0-4a28-acca-c5c2681cc872@group-880852F89C4E->af140fa9-d57b-4d38-ac23-ee5728971003-GrpcLogAppender: Failed to getClient for af140fa9-d57b-4d38-ac23-ee5728971003
org.apache.ratis.protocol.exceptions.AlreadyClosedException: 76b9be1d-1bf0-4a28-acca-c5c2681cc872 is already CLOSED
	at org.apache.ratis.util.PeerProxyMap$PeerAndProxy.getProxy(PeerProxyMap.java:61)
	at org.apache.ratis.util.PeerProxyMap.getProxy(PeerProxyMap.java:110)
	at org.apache.ratis.grpc.server.GrpcLogAppender.getClient(GrpcLogAppender.java:121)
	at org.apache.ratis.grpc.server.GrpcLogAppender.resetClient(GrpcLogAppender.java:126)
	at org.apache.ratis.grpc.server.GrpcLogAppender.access$800(GrpcLogAppender.java:61)
	at org.apache.ratis.grpc.server.GrpcLogAppender$AppendLogResponseHandler.onCompleted(GrpcLogAppender.java:471)
	at org.apache.ratis.thirdparty.io.grpc.stub.ClientCalls$StreamObserverToCallListenerAdapter.onClose(ClientCalls.java:479)
	at org.apache.ratis.thirdparty.io.grpc.internal.ClientCallImpl.closeObserver(ClientCallImpl.java:567)
	at org.apache.ratis.thirdparty.io.grpc.internal.ClientCallImpl.access$300(ClientCallImpl.java:71)
	at org.apache.ratis.thirdparty.io.grpc.internal.ClientCallImpl$ClientStreamListenerImpl$1StreamClosed.runInternal(ClientCallImpl.java:735)
	at org.apache.ratis.thirdparty.io.grpc.internal.ClientCallImpl$ClientStreamListenerImpl$1StreamClosed.runInContext(ClientCallImpl.java:716)
	at org.apache.ratis.thirdparty.io.grpc.internal.ContextRunnable.run(ContextRunnable.java:37)
	at org.apache.ratis.thirdparty.io.grpc.internal.SerializingExecutor.run(SerializingExecutor.java:133)
	at java.util.concurrent.ThreadPoolExecutor.runWorker(ThreadPoolExecutor.java:1149)
	at java.util.concurrent.ThreadPoolExecutor$Worker.run(ThreadPoolExecutor.java:624)
	at java.lang.Thread.run(Thread.java:750)
2023-12-01 12:07:53,976 [grpc-default-executor-2] INFO  server.GrpcLogAppender (GrpcLogAppender.java:onCompleted(469)) - 76b9be1d-1bf0-4a28-acca-c5c2681cc872@group-880852F89C4E->36feb706-8d2b-450d-bbd6-33af8c2d1a3d-AppendLogResponseHandler: follower responses appendEntries COMPLETED
2023-12-01 12:07:53,976 [af140fa9-d57b-4d38-ac23-ee5728971003@group-880852F89C4E-StateMachineUpdater] INFO  ratis.ContainerStateMachine (ContainerStateMachine.java:takeSnapshot(348)) - group-880852F89C4E: Finished taking a snapshot at:(t:1, i:0) file:/home/runner/work/ozone/ozone/hadoop-ozone/integration-test/target/test-dir/MiniOzoneClusterImpl-b249f779-13f2-4d94-9d49-8f38c7514c74/datanode-0/data/ratis/a2c82dce-1b36-47d5-87c7-880852f89c4e/sm/snapshot.1_0 took: 0 ms
2023-12-01 12:07:53,976 [76b9be1d-1bf0-4a28-acca-c5c2681cc872@group-5CCA57CB9EC4-cacheEviction-AwaitToRun] INFO  util.AwaitToRun (AwaitToRun.java:run(49)) - 76b9be1d-1bf0-4a28-acca-c5c2681cc872@group-5CCA57CB9EC4-cacheEviction-AwaitToRun-AwaitForSignal is interrupted
2023-12-01 12:07:53,976 [e22ca2c5-a776-4b7c-8aca-6a18d36008b3@group-158753A7AC69->0d726c29-49a1-421e-8ac7-200c2e9b483b-GrpcLogAppender-LogAppenderDaemon] WARN  server.GrpcLogAppender (GrpcLogAppender.java:mayWait(212)) - e22ca2c5-a776-4b7c-8aca-6a18d36008b3@group-158753A7AC69->0d726c29-49a1-421e-8ac7-200c2e9b483b-GrpcLogAppender: Wait interrupted by java.lang.InterruptedException
2023-12-01 12:07:53,976 [e22ca2c5-a776-4b7c-8aca-6a18d36008b3-impl-thread1] INFO  impl.PendingRequests (PendingRequests.java:sendNotLeaderResponses(289)) - e22ca2c5-a776-4b7c-8aca-6a18d36008b3@group-158753A7AC69-PendingRequests: sendNotLeaderResponses
2023-12-01 12:07:53,976 [e22ca2c5-a776-4b7c-8aca-6a18d36008b3@group-158753A7AC69->585524aa-0c42-40b1-8d18-f2722508c145-GrpcLogAppender-LogAppenderDaemon] WARN  server.GrpcLogAppender (GrpcLogAppender.java:mayWait(212)) - e22ca2c5-a776-4b7c-8aca-6a18d36008b3@group-158753A7AC69->585524aa-0c42-40b1-8d18-f2722508c145-GrpcLogAppender: Wait interrupted by java.lang.InterruptedException
2023-12-01 12:07:53,976 [af140fa9-d57b-4d38-ac23-ee5728971003@group-5CCA57CB9EC4-StateMachineUpdater] INFO  ratis.ContainerStateMachine (ContainerStateMachine.java:takeSnapshot(337)) - group-5CCA57CB9EC4: Taking a snapshot at:(t:1, i:0) file /home/runner/work/ozone/ozone/hadoop-ozone/integration-test/target/test-dir/MiniOzoneClusterImpl-b249f779-13f2-4d94-9d49-8f38c7514c74/datanode-0/data/ratis/93296416-f019-4b8c-8f09-5cca57cb9ec4/sm/snapshot.1_0
2023-12-01 12:07:53,981 [e22ca2c5-a776-4b7c-8aca-6a18d36008b3-impl-thread1] INFO  impl.StateMachineUpdater (StateMachineUpdater.java:stopAndJoin(157)) - e22ca2c5-a776-4b7c-8aca-6a18d36008b3@group-158753A7AC69-StateMachineUpdater: set stopIndex = 0
2023-12-01 12:07:53,981 [e22ca2c5-a776-4b7c-8aca-6a18d36008b3@group-158753A7AC69-StateMachineUpdater] INFO  ratis.ContainerStateMachine (ContainerStateMachine.java:takeSnapshot(337)) - group-158753A7AC69: Taking a snapshot at:(t:1, i:0) file /home/runner/work/ozone/ozone/hadoop-ozone/integration-test/target/test-dir/MiniOzoneClusterImpl-b249f779-13f2-4d94-9d49-8f38c7514c74/datanode-5/data/ratis/1568433a-9efd-469f-9dab-158753a7ac69/sm/snapshot.1_0
2023-12-01 12:07:53,976 [585524aa-0c42-40b1-8d18-f2722508c145@group-158753A7AC69-StateMachineUpdater] INFO  ratis.ContainerStateMachine (ContainerStateMachine.java:takeSnapshot(337)) - group-158753A7AC69: Taking a snapshot at:(t:1, i:0) file /home/runner/work/ozone/ozone/hadoop-ozone/integration-test/target/test-dir/MiniOzoneClusterImpl-b249f779-13f2-4d94-9d49-8f38c7514c74/datanode-3/data/ratis/1568433a-9efd-469f-9dab-158753a7ac69/sm/snapshot.1_0
2023-12-01 12:07:53,976 [af140fa9-d57b-4d38-ac23-ee5728971003@group-5CCA57CB9EC4-FollowerState] INFO  impl.FollowerState (FollowerState.java:run(152)) - af140fa9-d57b-4d38-ac23-ee5728971003@group-5CCA57CB9EC4-FollowerState was interrupted
2023-12-01 12:07:53,976 [af140fa9-d57b-4d38-ac23-ee5728971003-impl-thread1] INFO  impl.StateMachineUpdater (StateMachineUpdater.java:stopAndJoin(157)) - af140fa9-d57b-4d38-ac23-ee5728971003@group-5CCA57CB9EC4-StateMachineUpdater: set stopIndex = 0
2023-12-01 12:07:53,976 [585524aa-0c42-40b1-8d18-f2722508c145-impl-thread1] INFO  impl.StateMachineUpdater (StateMachineUpdater.java:stopAndJoin(157)) - 585524aa-0c42-40b1-8d18-f2722508c145@group-158753A7AC69-StateMachineUpdater: set stopIndex = 0
2023-12-01 12:07:53,976 [76b9be1d-1bf0-4a28-acca-c5c2681cc872@group-A1DF1286BA7E-cacheEviction-AwaitToRun] INFO  util.AwaitToRun (AwaitToRun.java:run(49)) - 76b9be1d-1bf0-4a28-acca-c5c2681cc872@group-A1DF1286BA7E-cacheEviction-AwaitToRun-AwaitForSignal is interrupted
2023-12-01 12:07:53,975 [76b9be1d-1bf0-4a28-acca-c5c2681cc872@group-880852F89C4E-cacheEviction-AwaitToRun] INFO  util.AwaitToRun (AwaitToRun.java:run(49)) - 76b9be1d-1bf0-4a28-acca-c5c2681cc872@group-880852F89C4E-cacheEviction-AwaitToRun-AwaitForSignal is interrupted
2023-12-01 12:07:53,980 [af140fa9-d57b-4d38-ac23-ee5728971003@group-880852F89C4E-StateMachineUpdater] INFO  impl.StateMachineUpdater (StateMachineUpdater.java:takeSnapshot(295)) - af140fa9-d57b-4d38-ac23-ee5728971003@group-880852F89C4E-StateMachineUpdater: Took a snapshot at index 0
2023-12-01 12:07:53,981 [af140fa9-d57b-4d38-ac23-ee5728971003@group-880852F89C4E-StateMachineUpdater] INFO  impl.StateMachineUpdater (StateMachineUpdater.java:lambda$new$0(98)) - af140fa9-d57b-4d38-ac23-ee5728971003@group-880852F89C4E-StateMachineUpdater: snapshotIndex: updateIncreasingly -1 -> 0
2023-12-01 12:07:53,980 [grpc-default-executor-2] WARN  server.GrpcLogAppender (GrpcLogAppender.java:resetClient(149)) - 76b9be1d-1bf0-4a28-acca-c5c2681cc872@group-880852F89C4E->36feb706-8d2b-450d-bbd6-33af8c2d1a3d-GrpcLogAppender: Failed to getClient for 36feb706-8d2b-450d-bbd6-33af8c2d1a3d
org.apache.ratis.protocol.exceptions.AlreadyClosedException: 76b9be1d-1bf0-4a28-acca-c5c2681cc872 is already CLOSED
	at org.apache.ratis.util.PeerProxyMap$PeerAndProxy.getProxy(PeerProxyMap.java:61)
	at org.apache.ratis.util.PeerProxyMap.getProxy(PeerProxyMap.java:110)
	at org.apache.ratis.grpc.server.GrpcLogAppender.getClient(GrpcLogAppender.java:121)
	at org.apache.ratis.grpc.server.GrpcLogAppender.resetClient(GrpcLogAppender.java:126)
	at org.apache.ratis.grpc.server.GrpcLogAppender.access$800(GrpcLogAppender.java:61)
	at org.apache.ratis.grpc.server.GrpcLogAppender$AppendLogResponseHandler.onCompleted(GrpcLogAppender.java:471)
	at org.apache.ratis.thirdparty.io.grpc.stub.ClientCalls$StreamObserverToCallListenerAdapter.onClose(ClientCalls.java:479)
	at org.apache.ratis.thirdparty.io.grpc.internal.ClientCallImpl.closeObserver(ClientCallImpl.java:567)
	at org.apache.ratis.thirdparty.io.grpc.internal.ClientCallImpl.access$300(ClientCallImpl.java:71)
	at org.apache.ratis.thirdparty.io.grpc.internal.ClientCallImpl$ClientStreamListenerImpl$1StreamClosed.runInternal(ClientCallImpl.java:735)
	at org.apache.ratis.thirdparty.io.grpc.internal.ClientCallImpl$ClientStreamListenerImpl$1StreamClosed.runInContext(ClientCallImpl.java:716)
	at org.apache.ratis.thirdparty.io.grpc.internal.ContextRunnable.run(ContextRunnable.java:37)
	at org.apache.ratis.thirdparty.io.grpc.internal.SerializingExecutor.run(SerializingExecutor.java:133)
	at java.util.concurrent.ThreadPoolExecutor.runWorker(ThreadPoolExecutor.java:1149)
	at java.util.concurrent.ThreadPoolExecutor$Worker.run(ThreadPoolExecutor.java:624)
	at java.lang.Thread.run(Thread.java:750)
2023-12-01 12:07:53,980 [grpc-default-executor-3] WARN  server.GrpcLogAppender (GrpcLogAppender.java:resetClient(149)) - 76b9be1d-1bf0-4a28-acca-c5c2681cc872@group-A1DF1286BA7E->0d726c29-49a1-421e-8ac7-200c2e9b483b-GrpcLogAppender: Failed to getClient for 0d726c29-49a1-421e-8ac7-200c2e9b483b
org.apache.ratis.protocol.exceptions.AlreadyClosedException: 76b9be1d-1bf0-4a28-acca-c5c2681cc872 is already CLOSED
	at org.apache.ratis.util.PeerProxyMap$PeerAndProxy.getProxy(PeerProxyMap.java:61)
	at org.apache.ratis.util.PeerProxyMap.getProxy(PeerProxyMap.java:110)
	at org.apache.ratis.grpc.server.GrpcLogAppender.getClient(GrpcLogAppender.java:121)
	at org.apache.ratis.grpc.server.GrpcLogAppender.resetClient(GrpcLogAppender.java:126)
	at org.apache.ratis.grpc.server.GrpcLogAppender.access$800(GrpcLogAppender.java:61)
	at org.apache.ratis.grpc.server.GrpcLogAppender$AppendLogResponseHandler.onCompleted(GrpcLogAppender.java:471)
	at org.apache.ratis.thirdparty.io.grpc.stub.ClientCalls$StreamObserverToCallListenerAdapter.onClose(ClientCalls.java:479)
	at org.apache.ratis.thirdparty.io.grpc.internal.ClientCallImpl.closeObserver(ClientCallImpl.java:567)
	at org.apache.ratis.thirdparty.io.grpc.internal.ClientCallImpl.access$300(ClientCallImpl.java:71)
	at org.apache.ratis.thirdparty.io.grpc.internal.ClientCallImpl$ClientStreamListenerImpl$1StreamClosed.runInternal(ClientCallImpl.java:735)
	at org.apache.ratis.thirdparty.io.grpc.internal.ClientCallImpl$ClientStreamListenerImpl$1StreamClosed.runInContext(ClientCallImpl.java:716)
	at org.apache.ratis.thirdparty.io.grpc.internal.ContextRunnable.run(ContextRunnable.java:37)
	at org.apache.ratis.thirdparty.io.grpc.internal.SerializingExecutor.run(SerializingExecutor.java:133)
	at java.util.concurrent.ThreadPoolExecutor.runWorker(ThreadPoolExecutor.java:1149)
	at java.util.concurrent.ThreadPoolExecutor$Worker.run(ThreadPoolExecutor.java:624)
	at java.lang.Thread.run(Thread.java:750)
2023-12-01 12:07:53,982 [e22ca2c5-a776-4b7c-8aca-6a18d36008b3@group-158753A7AC69-StateMachineUpdater] INFO  ratis.ContainerStateMachine (ContainerStateMachine.java:takeSnapshot(348)) - group-158753A7AC69: Finished taking a snapshot at:(t:1, i:0) file:/home/runner/work/ozone/ozone/hadoop-ozone/integration-test/target/test-dir/MiniOzoneClusterImpl-b249f779-13f2-4d94-9d49-8f38c7514c74/datanode-5/data/ratis/1568433a-9efd-469f-9dab-158753a7ac69/sm/snapshot.1_0 took: 1 ms
2023-12-01 12:07:53,982 [e22ca2c5-a776-4b7c-8aca-6a18d36008b3@group-158753A7AC69-StateMachineUpdater] INFO  impl.StateMachineUpdater (StateMachineUpdater.java:takeSnapshot(295)) - e22ca2c5-a776-4b7c-8aca-6a18d36008b3@group-158753A7AC69-StateMachineUpdater: Took a snapshot at index 0
2023-12-01 12:07:53,982 [e22ca2c5-a776-4b7c-8aca-6a18d36008b3@group-158753A7AC69-StateMachineUpdater] INFO  impl.StateMachineUpdater (StateMachineUpdater.java:lambda$new$0(98)) - e22ca2c5-a776-4b7c-8aca-6a18d36008b3@group-158753A7AC69-StateMachineUpdater: snapshotIndex: updateIncreasingly -1 -> 0
2023-12-01 12:07:53,982 [585524aa-0c42-40b1-8d18-f2722508c145@group-158753A7AC69-StateMachineUpdater] INFO  ratis.ContainerStateMachine (ContainerStateMachine.java:takeSnapshot(348)) - group-158753A7AC69: Finished taking a snapshot at:(t:1, i:0) file:/home/runner/work/ozone/ozone/hadoop-ozone/integration-test/target/test-dir/MiniOzoneClusterImpl-b249f779-13f2-4d94-9d49-8f38c7514c74/datanode-3/data/ratis/1568433a-9efd-469f-9dab-158753a7ac69/sm/snapshot.1_0 took: 6 ms
2023-12-01 12:07:53,983 [grpc-default-executor-3] INFO  server.GrpcServerProtocolService (GrpcServerProtocolService.java:onCompleted(157)) - 0d726c29-49a1-421e-8ac7-200c2e9b483b: Completed APPEND_ENTRIES, lastRequest: e22ca2c5-a776-4b7c-8aca-6a18d36008b3->0d726c29-49a1-421e-8ac7-200c2e9b483b#1-t1,previous=(t:0, i:0),leaderCommit=-1,initializing? true,entries: size=1, first=(t:1, i:0), CONFIGURATIONENTRY(current:id: "585524aa-0c42-40b1-8d18-f2722508c145"
address: "10.1.0.24:15138"
dataStreamAddress: "10.1.0.24:15139"
clientAddress: "10.1.0.24:15136"
adminAddress: "10.1.0.24:15137"
startupRole: FOLLOWER
,id: "e22ca2c5-a776-4b7c-8aca-6a18d36008b3"
address: "10.1.0.24:15156"
priority: 1
dataStreamAddress: "10.1.0.24:15157"
clientAddress: "10.1.0.24:15154"
adminAddress: "10.1.0.24:15155"
startupRole: FOLLOWER
,id: "0d726c29-49a1-421e-8ac7-200c2e9b483b"
address: "10.1.0.24:15147"
dataStreamAddress: "10.1.0.24:15148"
clientAddress: "10.1.0.24:15145"
adminAddress: "10.1.0.24:15146"
startupRole: FOLLOWER
, old:)
2023-12-01 12:07:53,983 [grpc-default-executor-3] INFO  server.GrpcServerProtocolService (GrpcServerProtocolService.java:lambda$onCompleted$5(159)) - 0d726c29-49a1-421e-8ac7-200c2e9b483b: Completed APPEND_ENTRIES, lastReply: null
2023-12-01 12:07:53,983 [e22ca2c5-a776-4b7c-8aca-6a18d36008b3-impl-thread1] INFO  server.RaftServer$Division (ServerState.java:close(423)) - e22ca2c5-a776-4b7c-8aca-6a18d36008b3@group-158753A7AC69: applyIndex: 0
2023-12-01 12:07:53,983 [grpc-default-executor-2] INFO  server.GrpcServerProtocolService (GrpcServerProtocolService.java:onCompleted(157)) - 585524aa-0c42-40b1-8d18-f2722508c145: Completed APPEND_ENTRIES, lastRequest: e22ca2c5-a776-4b7c-8aca-6a18d36008b3->585524aa-0c42-40b1-8d18-f2722508c145#1-t1,previous=(t:0, i:0),leaderCommit=-1,initializing? true,entries: size=1, first=(t:1, i:0), CONFIGURATIONENTRY(current:id: "585524aa-0c42-40b1-8d18-f2722508c145"
address: "10.1.0.24:15138"
dataStreamAddress: "10.1.0.24:15139"
clientAddress: "10.1.0.24:15136"
adminAddress: "10.1.0.24:15137"
startupRole: FOLLOWER
,id: "e22ca2c5-a776-4b7c-8aca-6a18d36008b3"
address: "10.1.0.24:15156"
priority: 1
dataStreamAddress: "10.1.0.24:15157"
clientAddress: "10.1.0.24:15154"
adminAddress: "10.1.0.24:15155"
startupRole: FOLLOWER
,id: "0d726c29-49a1-421e-8ac7-200c2e9b483b"
address: "10.1.0.24:15147"
dataStreamAddress: "10.1.0.24:15148"
clientAddress: "10.1.0.24:15145"
adminAddress: "10.1.0.24:15146"
startupRole: FOLLOWER
, old:)
2023-12-01 12:07:53,983 [grpc-default-executor-2] INFO  server.GrpcServerProtocolService (GrpcServerProtocolService.java:lambda$onCompleted$5(159)) - 585524aa-0c42-40b1-8d18-f2722508c145: Completed APPEND_ENTRIES, lastReply: null
2023-12-01 12:07:53,983 [grpc-default-executor-1] INFO  server.GrpcServerProtocolService (GrpcServerProtocolService.java:onCompleted(157)) - 585524aa-0c42-40b1-8d18-f2722508c145: Completed APPEND_ENTRIES, lastRequest: null
2023-12-01 12:07:53,984 [grpc-default-executor-1] INFO  server.GrpcServerProtocolService (GrpcServerProtocolService.java:lambda$onCompleted$5(159)) - 585524aa-0c42-40b1-8d18-f2722508c145: Completed APPEND_ENTRIES, lastReply: serverReply {
  requestorId: "e22ca2c5-a776-4b7c-8aca-6a18d36008b3"
  replyId: "585524aa-0c42-40b1-8d18-f2722508c145"
  raftGroupId {
    id: "\025hC:\236\375F\237\235\253\025\207S\247\254i"
  }
  callId: 6
  success: true
}
term: 1
nextIndex: 1
matchIndex: 18446744073709551615
isHearbeat: true

2023-12-01 12:07:53,984 [grpc-default-executor-2] INFO  server.GrpcLogAppender (GrpcLogAppender.java:onCompleted(469)) - 76b9be1d-1bf0-4a28-acca-c5c2681cc872@group-A1DF1286BA7E->af140fa9-d57b-4d38-ac23-ee5728971003-AppendLogResponseHandler: follower responses appendEntries COMPLETED
2023-12-01 12:07:53,984 [grpc-default-executor-2] WARN  server.GrpcLogAppender (GrpcLogAppender.java:resetClient(149)) - 76b9be1d-1bf0-4a28-acca-c5c2681cc872@group-A1DF1286BA7E->af140fa9-d57b-4d38-ac23-ee5728971003-GrpcLogAppender: Failed to getClient for af140fa9-d57b-4d38-ac23-ee5728971003
org.apache.ratis.protocol.exceptions.AlreadyClosedException: 76b9be1d-1bf0-4a28-acca-c5c2681cc872 is already CLOSED
	at org.apache.ratis.util.PeerProxyMap$PeerAndProxy.getProxy(PeerProxyMap.java:61)
	at org.apache.ratis.util.PeerProxyMap.getProxy(PeerProxyMap.java:110)
	at org.apache.ratis.grpc.server.GrpcLogAppender.getClient(GrpcLogAppender.java:121)
	at org.apache.ratis.grpc.server.GrpcLogAppender.resetClient(GrpcLogAppender.java:126)
	at org.apache.ratis.grpc.server.GrpcLogAppender.access$800(GrpcLogAppender.java:61)
	at org.apache.ratis.grpc.server.GrpcLogAppender$AppendLogResponseHandler.onCompleted(GrpcLogAppender.java:471)
	at org.apache.ratis.thirdparty.io.grpc.stub.ClientCalls$StreamObserverToCallListenerAdapter.onClose(ClientCalls.java:479)
	at org.apache.ratis.thirdparty.io.grpc.internal.ClientCallImpl.closeObserver(ClientCallImpl.java:567)
	at org.apache.ratis.thirdparty.io.grpc.internal.ClientCallImpl.access$300(ClientCallImpl.java:71)
	at org.apache.ratis.thirdparty.io.grpc.internal.ClientCallImpl$ClientStreamListenerImpl$1StreamClosed.runInternal(ClientCallImpl.java:735)
	at org.apache.ratis.thirdparty.io.grpc.internal.ClientCallImpl$ClientStreamListenerImpl$1StreamClosed.runInContext(ClientCallImpl.java:716)
	at org.apache.ratis.thirdparty.io.grpc.internal.ContextRunnable.run(ContextRunnable.java:37)
	at org.apache.ratis.thirdparty.io.grpc.internal.SerializingExecutor.run(SerializingExecutor.java:133)
	at java.util.concurrent.ThreadPoolExecutor.runWorker(ThreadPoolExecutor.java:1149)
	at java.util.concurrent.ThreadPoolExecutor$Worker.run(ThreadPoolExecutor.java:624)
	at java.lang.Thread.run(Thread.java:750)
2023-12-01 12:07:53,984 [grpc-default-executor-1] INFO  server.GrpcLogAppender (GrpcLogAppender.java:onCompleted(469)) - e22ca2c5-a776-4b7c-8aca-6a18d36008b3@group-158753A7AC69->585524aa-0c42-40b1-8d18-f2722508c145-AppendLogResponseHandler: follower responses appendEntries COMPLETED
2023-12-01 12:07:53,984 [grpc-default-executor-1] WARN  server.GrpcLogAppender (GrpcLogAppender.java:resetClient(149)) - e22ca2c5-a776-4b7c-8aca-6a18d36008b3@group-158753A7AC69->585524aa-0c42-40b1-8d18-f2722508c145-GrpcLogAppender: Failed to getClient for 585524aa-0c42-40b1-8d18-f2722508c145
org.apache.ratis.protocol.exceptions.AlreadyClosedException: e22ca2c5-a776-4b7c-8aca-6a18d36008b3 is already CLOSED
	at org.apache.ratis.util.PeerProxyMap$PeerAndProxy.getProxy(PeerProxyMap.java:61)
	at org.apache.ratis.util.PeerProxyMap.getProxy(PeerProxyMap.java:110)
	at org.apache.ratis.grpc.server.GrpcLogAppender.getClient(GrpcLogAppender.java:121)
	at org.apache.ratis.grpc.server.GrpcLogAppender.resetClient(GrpcLogAppender.java:126)
	at org.apache.ratis.grpc.server.GrpcLogAppender.access$800(GrpcLogAppender.java:61)
	at org.apache.ratis.grpc.server.GrpcLogAppender$AppendLogResponseHandler.onCompleted(GrpcLogAppender.java:471)
	at org.apache.ratis.thirdparty.io.grpc.stub.ClientCalls$StreamObserverToCallListenerAdapter.onClose(ClientCalls.java:479)
	at org.apache.ratis.thirdparty.io.grpc.internal.ClientCallImpl.closeObserver(ClientCallImpl.java:567)
	at org.apache.ratis.thirdparty.io.grpc.internal.ClientCallImpl.access$300(ClientCallImpl.java:71)
	at org.apache.ratis.thirdparty.io.grpc.internal.ClientCallImpl$ClientStreamListenerImpl$1StreamClosed.runInternal(ClientCallImpl.java:735)
	at org.apache.ratis.thirdparty.io.grpc.internal.ClientCallImpl$ClientStreamListenerImpl$1StreamClosed.runInContext(ClientCallImpl.java:716)
	at org.apache.ratis.thirdparty.io.grpc.internal.ContextRunnable.run(ContextRunnable.java:37)
	at org.apache.ratis.thirdparty.io.grpc.internal.SerializingExecutor.run(SerializingExecutor.java:133)
	at java.util.concurrent.ThreadPoolExecutor.runWorker(ThreadPoolExecutor.java:1149)
	at java.util.concurrent.ThreadPoolExecutor$Worker.run(ThreadPoolExecutor.java:624)
	at java.lang.Thread.run(Thread.java:750)
2023-12-01 12:07:53,981 [af140fa9-d57b-4d38-ac23-ee5728971003-impl-thread3] INFO  server.RaftServer$Division (ServerState.java:close(423)) - af140fa9-d57b-4d38-ac23-ee5728971003@group-880852F89C4E: applyIndex: 0
2023-12-01 12:07:53,981 [af140fa9-d57b-4d38-ac23-ee5728971003@group-5CCA57CB9EC4-StateMachineUpdater] INFO  ratis.ContainerStateMachine (ContainerStateMachine.java:takeSnapshot(348)) - group-5CCA57CB9EC4: Finished taking a snapshot at:(t:1, i:0) file:/home/runner/work/ozone/ozone/hadoop-ozone/integration-test/target/test-dir/MiniOzoneClusterImpl-b249f779-13f2-4d94-9d49-8f38c7514c74/datanode-0/data/ratis/93296416-f019-4b8c-8f09-5cca57cb9ec4/sm/snapshot.1_0 took: 6 ms
2023-12-01 12:07:53,987 [af140fa9-d57b-4d38-ac23-ee5728971003@group-880852F89C4E-cacheEviction-AwaitToRun] INFO  util.AwaitToRun (AwaitToRun.java:run(49)) - af140fa9-d57b-4d38-ac23-ee5728971003@group-880852F89C4E-cacheEviction-AwaitToRun-AwaitForSignal is interrupted
2023-12-01 12:07:53,985 [grpc-default-executor-2] INFO  server.GrpcLogAppender (GrpcLogAppender.java:onCompleted(469)) - e22ca2c5-a776-4b7c-8aca-6a18d36008b3@group-158753A7AC69->0d726c29-49a1-421e-8ac7-200c2e9b483b-AppendLogResponseHandler: follower responses appendEntries COMPLETED
2023-12-01 12:07:53,988 [grpc-default-executor-2] WARN  server.GrpcLogAppender (GrpcLogAppender.java:resetClient(149)) - e22ca2c5-a776-4b7c-8aca-6a18d36008b3@group-158753A7AC69->0d726c29-49a1-421e-8ac7-200c2e9b483b-GrpcLogAppender: Failed to getClient for 0d726c29-49a1-421e-8ac7-200c2e9b483b
org.apache.ratis.protocol.exceptions.AlreadyClosedException: e22ca2c5-a776-4b7c-8aca-6a18d36008b3 is already CLOSED
	at org.apache.ratis.util.PeerProxyMap$PeerAndProxy.getProxy(PeerProxyMap.java:61)
	at org.apache.ratis.util.PeerProxyMap.getProxy(PeerProxyMap.java:110)
	at org.apache.ratis.grpc.server.GrpcLogAppender.getClient(GrpcLogAppender.java:121)
	at org.apache.ratis.grpc.server.GrpcLogAppender.resetClient(GrpcLogAppender.java:126)
	at org.apache.ratis.grpc.server.GrpcLogAppender.access$800(GrpcLogAppender.java:61)
	at org.apache.ratis.grpc.server.GrpcLogAppender$AppendLogResponseHandler.onCompleted(GrpcLogAppender.java:471)
	at org.apache.ratis.thirdparty.io.grpc.stub.ClientCalls$StreamObserverToCallListenerAdapter.onClose(ClientCalls.java:479)
	at org.apache.ratis.thirdparty.io.grpc.internal.ClientCallImpl.closeObserver(ClientCallImpl.java:567)
	at org.apache.ratis.thirdparty.io.grpc.internal.ClientCallImpl.access$300(ClientCallImpl.java:71)
	at org.apache.ratis.thirdparty.io.grpc.internal.ClientCallImpl$ClientStreamListenerImpl$1StreamClosed.runInternal(ClientCallImpl.java:735)
	at org.apache.ratis.thirdparty.io.grpc.internal.ClientCallImpl$ClientStreamListenerImpl$1StreamClosed.runInContext(ClientCallImpl.java:716)
	at org.apache.ratis.thirdparty.io.grpc.internal.ContextRunnable.run(ContextRunnable.java:37)
	at org.apache.ratis.thirdparty.io.grpc.internal.SerializingExecutor.run(SerializingExecutor.java:133)
	at java.util.concurrent.ThreadPoolExecutor.runWorker(ThreadPoolExecutor.java:1149)
	at java.util.concurrent.ThreadPoolExecutor$Worker.run(ThreadPoolExecutor.java:624)
	at java.lang.Thread.run(Thread.java:750)
2023-12-01 12:07:53,997 [af140fa9-d57b-4d38-ac23-ee5728971003@group-55A70DD5F5D9->36feb706-8d2b-450d-bbd6-33af8c2d1a3d-GrpcLogAppender-LogAppenderDaemon] WARN  server.GrpcLogAppender (GrpcLogAppender.java:mayWait(212)) - af140fa9-d57b-4d38-ac23-ee5728971003@group-55A70DD5F5D9->36feb706-8d2b-450d-bbd6-33af8c2d1a3d-GrpcLogAppender: Wait interrupted by java.lang.InterruptedException
2023-12-01 12:07:53,983 [grpc-default-executor-4] INFO  server.GrpcLogAppender (GrpcLogAppender.java:onCompleted(469)) - 76b9be1d-1bf0-4a28-acca-c5c2681cc872@group-A1DF1286BA7E->af140fa9-d57b-4d38-ac23-ee5728971003-AppendLogResponseHandler: follower responses appendEntries COMPLETED
2023-12-01 12:07:54,000 [grpc-default-executor-4] WARN  server.GrpcLogAppender (GrpcLogAppender.java:resetClient(149)) - 76b9be1d-1bf0-4a28-acca-c5c2681cc872@group-A1DF1286BA7E->af140fa9-d57b-4d38-ac23-ee5728971003-GrpcLogAppender: Failed to getClient for af140fa9-d57b-4d38-ac23-ee5728971003
org.apache.ratis.protocol.exceptions.AlreadyClosedException: 76b9be1d-1bf0-4a28-acca-c5c2681cc872 is already CLOSED
	at org.apache.ratis.util.PeerProxyMap$PeerAndProxy.getProxy(PeerProxyMap.java:61)
	at org.apache.ratis.util.PeerProxyMap.getProxy(PeerProxyMap.java:110)
	at org.apache.ratis.grpc.server.GrpcLogAppender.getClient(GrpcLogAppender.java:121)
	at org.apache.ratis.grpc.server.GrpcLogAppender.resetClient(GrpcLogAppender.java:126)
	at org.apache.ratis.grpc.server.GrpcLogAppender.access$800(GrpcLogAppender.java:61)
	at org.apache.ratis.grpc.server.GrpcLogAppender$AppendLogResponseHandler.onCompleted(GrpcLogAppender.java:471)
	at org.apache.ratis.thirdparty.io.grpc.stub.ClientCalls$StreamObserverToCallListenerAdapter.onClose(ClientCalls.java:479)
	at org.apache.ratis.thirdparty.io.grpc.internal.ClientCallImpl.closeObserver(ClientCallImpl.java:567)
	at org.apache.ratis.thirdparty.io.grpc.internal.ClientCallImpl.access$300(ClientCallImpl.java:71)
	at org.apache.ratis.thirdparty.io.grpc.internal.ClientCallImpl$ClientStreamListenerImpl$1StreamClosed.runInternal(ClientCallImpl.java:735)
	at org.apache.ratis.thirdparty.io.grpc.internal.ClientCallImpl$ClientStreamListenerImpl$1StreamClosed.runInContext(ClientCallImpl.java:716)
	at org.apache.ratis.thirdparty.io.grpc.internal.ContextRunnable.run(ContextRunnable.java:37)
	at org.apache.ratis.thirdparty.io.grpc.internal.SerializingExecutor.run(SerializingExecutor.java:133)
	at java.util.concurrent.ThreadPoolExecutor.runWorker(ThreadPoolExecutor.java:1149)
	at java.util.concurrent.ThreadPoolExecutor$Worker.run(ThreadPoolExecutor.java:624)
	at java.lang.Thread.run(Thread.java:750)
2023-12-01 12:07:53,983 [grpc-default-executor-0] INFO  server.GrpcLogAppender (GrpcLogAppender.java:onCompleted(469)) - 76b9be1d-1bf0-4a28-acca-c5c2681cc872@group-A1DF1286BA7E->0d726c29-49a1-421e-8ac7-200c2e9b483b-AppendLogResponseHandler: follower responses appendEntries COMPLETED
2023-12-01 12:07:54,001 [grpc-default-executor-0] WARN  server.GrpcLogAppender (GrpcLogAppender.java:resetClient(149)) - 76b9be1d-1bf0-4a28-acca-c5c2681cc872@group-A1DF1286BA7E->0d726c29-49a1-421e-8ac7-200c2e9b483b-GrpcLogAppender: Failed to getClient for 0d726c29-49a1-421e-8ac7-200c2e9b483b
org.apache.ratis.protocol.exceptions.AlreadyClosedException: 76b9be1d-1bf0-4a28-acca-c5c2681cc872 is already CLOSED
	at org.apache.ratis.util.PeerProxyMap$PeerAndProxy.getProxy(PeerProxyMap.java:61)
	at org.apache.ratis.util.PeerProxyMap.getProxy(PeerProxyMap.java:110)
	at org.apache.ratis.grpc.server.GrpcLogAppender.getClient(GrpcLogAppender.java:121)
	at org.apache.ratis.grpc.server.GrpcLogAppender.resetClient(GrpcLogAppender.java:126)
	at org.apache.ratis.grpc.server.GrpcLogAppender.access$800(GrpcLogAppender.java:61)
	at org.apache.ratis.grpc.server.GrpcLogAppender$AppendLogResponseHandler.onCompleted(GrpcLogAppender.java:471)
	at org.apache.ratis.thirdparty.io.grpc.stub.ClientCalls$StreamObserverToCallListenerAdapter.onClose(ClientCalls.java:479)
	at org.apache.ratis.thirdparty.io.grpc.internal.ClientCallImpl.closeObserver(ClientCallImpl.java:567)
	at org.apache.ratis.thirdparty.io.grpc.internal.ClientCallImpl.access$300(ClientCallImpl.java:71)
	at org.apache.ratis.thirdparty.io.grpc.internal.ClientCallImpl$ClientStreamListenerImpl$1StreamClosed.runInternal(ClientCallImpl.java:735)
	at org.apache.ratis.thirdparty.io.grpc.internal.ClientCallImpl$ClientStreamListenerImpl$1StreamClosed.runInContext(ClientCallImpl.java:716)
	at org.apache.ratis.thirdparty.io.grpc.internal.ContextRunnable.run(ContextRunnable.java:37)
	at org.apache.ratis.thirdparty.io.grpc.internal.SerializingExecutor.run(SerializingExecutor.java:133)
	at java.util.concurrent.ThreadPoolExecutor.runWorker(ThreadPoolExecutor.java:1149)
	at java.util.concurrent.ThreadPoolExecutor$Worker.run(ThreadPoolExecutor.java:624)
	at java.lang.Thread.run(Thread.java:750)
2023-12-01 12:07:53,983 [585524aa-0c42-40b1-8d18-f2722508c145@group-158753A7AC69-StateMachineUpdater] INFO  impl.StateMachineUpdater (StateMachineUpdater.java:takeSnapshot(295)) - 585524aa-0c42-40b1-8d18-f2722508c145@group-158753A7AC69-StateMachineUpdater: Took a snapshot at index 0
2023-12-01 12:07:54,001 [585524aa-0c42-40b1-8d18-f2722508c145@group-158753A7AC69-StateMachineUpdater] INFO  impl.StateMachineUpdater (StateMachineUpdater.java:lambda$new$0(98)) - 585524aa-0c42-40b1-8d18-f2722508c145@group-158753A7AC69-StateMachineUpdater: snapshotIndex: updateIncreasingly -1 -> 0
2023-12-01 12:07:54,001 [grpc-default-executor-6] INFO  server.GrpcServerProtocolService (GrpcServerProtocolService.java:onCompleted(157)) - 0d726c29-49a1-421e-8ac7-200c2e9b483b: Completed APPEND_ENTRIES, lastRequest: null
2023-12-01 12:07:54,002 [ForkJoinPool.commonPool-worker-7] INFO  ozoneimpl.OzoneContainer (OzoneContainer.java:stop(463)) - Attempting to stop container services.
2023-12-01 12:07:54,001 [grpc-default-executor-5] INFO  server.GrpcServerProtocolService (GrpcServerProtocolService.java:onCompleted(157)) - 36feb706-8d2b-450d-bbd6-33af8c2d1a3d: Completed APPEND_ENTRIES, lastRequest: af140fa9-d57b-4d38-ac23-ee5728971003->36feb706-8d2b-450d-bbd6-33af8c2d1a3d#1-t1,previous=(t:0, i:0),leaderCommit=-1,initializing? true,entries: size=1, first=(t:1, i:0), CONFIGURATIONENTRY(current:id: "0d726c29-49a1-421e-8ac7-200c2e9b483b"
address: "10.1.0.24:15147"
dataStreamAddress: "10.1.0.24:15148"
clientAddress: "10.1.0.24:15145"
adminAddress: "10.1.0.24:15146"
startupRole: FOLLOWER
,id: "36feb706-8d2b-450d-bbd6-33af8c2d1a3d"
address: "10.1.0.24:15129"
dataStreamAddress: "10.1.0.24:15130"
clientAddress: "10.1.0.24:15127"
adminAddress: "10.1.0.24:15128"
startupRole: FOLLOWER
,id: "af140fa9-d57b-4d38-ac23-ee5728971003"
address: "10.1.0.24:15111"
priority: 1
dataStreamAddress: "10.1.0.24:15112"
clientAddress: "10.1.0.24:15109"
adminAddress: "10.1.0.24:15110"
startupRole: FOLLOWER
, old:)
2023-12-01 12:07:54,002 [grpc-default-executor-5] INFO  server.GrpcServerProtocolService (GrpcServerProtocolService.java:lambda$onCompleted$5(159)) - 36feb706-8d2b-450d-bbd6-33af8c2d1a3d: Completed APPEND_ENTRIES, lastReply: null
2023-12-01 12:07:54,001 [ForkJoinPool.commonPool-worker-3] INFO  server.GrpcService (GrpcService.java:closeImpl(320)) - 76b9be1d-1bf0-4a28-acca-c5c2681cc872: shutdown server org.apache.ratis.grpc.server.GrpcClientProtocolService successfully
2023-12-01 12:07:54,000 [af140fa9-d57b-4d38-ac23-ee5728971003@group-55A70DD5F5D9->0d726c29-49a1-421e-8ac7-200c2e9b483b-GrpcLogAppender-LogAppenderDaemon] WARN  server.GrpcLogAppender (GrpcLogAppender.java:mayWait(212)) - af140fa9-d57b-4d38-ac23-ee5728971003@group-55A70DD5F5D9->0d726c29-49a1-421e-8ac7-200c2e9b483b-GrpcLogAppender: Wait interrupted by java.lang.InterruptedException
2023-12-01 12:07:53,999 [grpc-default-executor-2] INFO  server.GrpcLogAppender (GrpcLogAppender.java:onCompleted(469)) - 76b9be1d-1bf0-4a28-acca-c5c2681cc872@group-880852F89C4E->36feb706-8d2b-450d-bbd6-33af8c2d1a3d-AppendLogResponseHandler: follower responses appendEntries COMPLETED
2023-12-01 12:07:54,002 [grpc-default-executor-2] WARN  server.GrpcLogAppender (GrpcLogAppender.java:resetClient(149)) - 76b9be1d-1bf0-4a28-acca-c5c2681cc872@group-880852F89C4E->36feb706-8d2b-450d-bbd6-33af8c2d1a3d-GrpcLogAppender: Failed to getClient for 36feb706-8d2b-450d-bbd6-33af8c2d1a3d
org.apache.ratis.protocol.exceptions.AlreadyClosedException: 76b9be1d-1bf0-4a28-acca-c5c2681cc872 is already CLOSED
	at org.apache.ratis.util.PeerProxyMap$PeerAndProxy.getProxy(PeerProxyMap.java:61)
	at org.apache.ratis.util.PeerProxyMap.getProxy(PeerProxyMap.java:110)
	at org.apache.ratis.grpc.server.GrpcLogAppender.getClient(GrpcLogAppender.java:121)
	at org.apache.ratis.grpc.server.GrpcLogAppender.resetClient(GrpcLogAppender.java:126)
	at org.apache.ratis.grpc.server.GrpcLogAppender.access$800(GrpcLogAppender.java:61)
	at org.apache.ratis.grpc.server.GrpcLogAppender$AppendLogResponseHandler.onCompleted(GrpcLogAppender.java:471)
	at org.apache.ratis.thirdparty.io.grpc.stub.ClientCalls$StreamObserverToCallListenerAdapter.onClose(ClientCalls.java:479)
	at org.apache.ratis.thirdparty.io.grpc.internal.ClientCallImpl.closeObserver(ClientCallImpl.java:567)
	at org.apache.ratis.thirdparty.io.grpc.internal.ClientCallImpl.access$300(ClientCallImpl.java:71)
	at org.apache.ratis.thirdparty.io.grpc.internal.ClientCallImpl$ClientStreamListenerImpl$1StreamClosed.runInternal(ClientCallImpl.java:735)
	at org.apache.ratis.thirdparty.io.grpc.internal.ClientCallImpl$ClientStreamListenerImpl$1StreamClosed.runInContext(ClientCallImpl.java:716)
	at org.apache.ratis.thirdparty.io.grpc.internal.ContextRunnable.run(ContextRunnable.java:37)
	at org.apache.ratis.thirdparty.io.grpc.internal.SerializingExecutor.run(SerializingExecutor.java:133)
	at java.util.concurrent.ThreadPoolExecutor.runWorker(ThreadPoolExecutor.java:1149)
	at java.util.concurrent.ThreadPoolExecutor$Worker.run(ThreadPoolExecutor.java:624)
	at java.lang.Thread.run(Thread.java:750)
2023-12-01 12:07:54,003 [grpc-default-executor-6] INFO  server.GrpcServerProtocolService (GrpcServerProtocolService.java:lambda$onCompleted$5(159)) - 0d726c29-49a1-421e-8ac7-200c2e9b483b: Completed APPEND_ENTRIES, lastReply: serverReply {
  requestorId: "e22ca2c5-a776-4b7c-8aca-6a18d36008b3"
  replyId: "0d726c29-49a1-421e-8ac7-200c2e9b483b"
  raftGroupId {
    id: "\025hC:\236\375F\237\235\253\025\207S\247\254i"
  }
  callId: 6
  success: true
}
term: 1
nextIndex: 1
matchIndex: 18446744073709551615
isHearbeat: true

2023-12-01 12:07:53,999 [grpc-default-executor-8] INFO  server.GrpcServerProtocolService (GrpcServerProtocolService.java:onCompleted(157)) - 36feb706-8d2b-450d-bbd6-33af8c2d1a3d: Completed APPEND_ENTRIES, lastRequest: null
2023-12-01 12:07:53,998 [ForkJoinPool.commonPool-worker-6] INFO  ozoneimpl.OzoneContainer (OzoneContainer.java:stop(463)) - Attempting to stop container services.
2023-12-01 12:07:53,997 [af140fa9-d57b-4d38-ac23-ee5728971003-impl-thread4] INFO  impl.PendingRequests (PendingRequests.java:sendNotLeaderResponses(289)) - af140fa9-d57b-4d38-ac23-ee5728971003@group-55A70DD5F5D9-PendingRequests: sendNotLeaderResponses
2023-12-01 12:07:54,004 [grpc-default-executor-8] INFO  server.GrpcServerProtocolService (GrpcServerProtocolService.java:lambda$onCompleted$5(159)) - 36feb706-8d2b-450d-bbd6-33af8c2d1a3d: Completed APPEND_ENTRIES, lastReply: serverReply {
  requestorId: "af140fa9-d57b-4d38-ac23-ee5728971003"
  replyId: "36feb706-8d2b-450d-bbd6-33af8c2d1a3d"
  raftGroupId {
    id: "\034\256vr=ZN\344\227\264U\247\r\325\365\331"
  }
  success: true
}
term: 1
followerCommit: 18446744073709551615
matchIndex: 18446744073709551615
isHearbeat: true

2023-12-01 12:07:53,997 [grpc-default-executor-3] INFO  server.GrpcLogAppender (GrpcLogAppender.java:onCompleted(469)) - e22ca2c5-a776-4b7c-8aca-6a18d36008b3@group-158753A7AC69->585524aa-0c42-40b1-8d18-f2722508c145-AppendLogResponseHandler: follower responses appendEntries COMPLETED
2023-12-01 12:07:54,004 [grpc-default-executor-3] WARN  server.GrpcLogAppender (GrpcLogAppender.java:resetClient(149)) - e22ca2c5-a776-4b7c-8aca-6a18d36008b3@group-158753A7AC69->585524aa-0c42-40b1-8d18-f2722508c145-GrpcLogAppender: Failed to getClient for 585524aa-0c42-40b1-8d18-f2722508c145
org.apache.ratis.protocol.exceptions.AlreadyClosedException: e22ca2c5-a776-4b7c-8aca-6a18d36008b3 is already CLOSED
	at org.apache.ratis.util.PeerProxyMap$PeerAndProxy.getProxy(PeerProxyMap.java:61)
	at org.apache.ratis.util.PeerProxyMap.getProxy(PeerProxyMap.java:110)
	at org.apache.ratis.grpc.server.GrpcLogAppender.getClient(GrpcLogAppender.java:121)
	at org.apache.ratis.grpc.server.GrpcLogAppender.resetClient(GrpcLogAppender.java:126)
	at org.apache.ratis.grpc.server.GrpcLogAppender.access$800(GrpcLogAppender.java:61)
	at org.apache.ratis.grpc.server.GrpcLogAppender$AppendLogResponseHandler.onCompleted(GrpcLogAppender.java:471)
	at org.apache.ratis.thirdparty.io.grpc.stub.ClientCalls$StreamObserverToCallListenerAdapter.onClose(ClientCalls.java:479)
	at org.apache.ratis.thirdparty.io.grpc.internal.DelayedClientCall$DelayedListener$3.run(DelayedClientCall.java:489)
	at org.apache.ratis.thirdparty.io.grpc.internal.DelayedClientCall$DelayedListener.delayOrExecute(DelayedClientCall.java:453)
	at org.apache.ratis.thirdparty.io.grpc.internal.DelayedClientCall$DelayedListener.onClose(DelayedClientCall.java:486)
	at org.apache.ratis.thirdparty.io.grpc.internal.ClientCallImpl.closeObserver(ClientCallImpl.java:567)
	at org.apache.ratis.thirdparty.io.grpc.internal.ClientCallImpl.access$300(ClientCallImpl.java:71)
	at org.apache.ratis.thirdparty.io.grpc.internal.ClientCallImpl$ClientStreamListenerImpl$1StreamClosed.runInternal(ClientCallImpl.java:735)
	at org.apache.ratis.thirdparty.io.grpc.internal.ClientCallImpl$ClientStreamListenerImpl$1StreamClosed.runInContext(ClientCallImpl.java:716)
	at org.apache.ratis.thirdparty.io.grpc.internal.ContextRunnable.run(ContextRunnable.java:37)
	at org.apache.ratis.thirdparty.io.grpc.internal.SerializingExecutor.run(SerializingExecutor.java:133)
	at java.util.concurrent.ThreadPoolExecutor.runWorker(ThreadPoolExecutor.java:1149)
	at java.util.concurrent.ThreadPoolExecutor$Worker.run(ThreadPoolExecutor.java:624)
	at java.lang.Thread.run(Thread.java:750)
2023-12-01 12:07:54,004 [af140fa9-d57b-4d38-ac23-ee5728971003@group-55A70DD5F5D9-StateMachineUpdater] INFO  ratis.ContainerStateMachine (ContainerStateMachine.java:takeSnapshot(337)) - group-55A70DD5F5D9: Taking a snapshot at:(t:1, i:0) file /home/runner/work/ozone/ozone/hadoop-ozone/integration-test/target/test-dir/MiniOzoneClusterImpl-b249f779-13f2-4d94-9d49-8f38c7514c74/datanode-0/data/ratis/1cae7672-3d5a-4ee4-97b4-55a70dd5f5d9/sm/snapshot.1_0
2023-12-01 12:07:54,005 [ForkJoinPool.commonPool-worker-4] INFO  server.GrpcService (GrpcService.java:closeImpl(320)) - e22ca2c5-a776-4b7c-8aca-6a18d36008b3: shutdown server org.apache.ratis.grpc.server.GrpcClientProtocolService successfully
2023-12-01 12:07:54,005 [ForkJoinPool.commonPool-worker-4] INFO  server.GrpcService (GrpcService.java:closeImpl(311)) - e22ca2c5-a776-4b7c-8aca-6a18d36008b3: shutdown server GrpcServerProtocolService now
2023-12-01 12:07:54,005 [af140fa9-d57b-4d38-ac23-ee5728971003@group-55A70DD5F5D9-StateMachineUpdater] INFO  ratis.ContainerStateMachine (ContainerStateMachine.java:takeSnapshot(348)) - group-55A70DD5F5D9: Finished taking a snapshot at:(t:1, i:0) file:/home/runner/work/ozone/ozone/hadoop-ozone/integration-test/target/test-dir/MiniOzoneClusterImpl-b249f779-13f2-4d94-9d49-8f38c7514c74/datanode-0/data/ratis/1cae7672-3d5a-4ee4-97b4-55a70dd5f5d9/sm/snapshot.1_0 took: 0 ms
2023-12-01 12:07:54,005 [af140fa9-d57b-4d38-ac23-ee5728971003@group-55A70DD5F5D9-StateMachineUpdater] INFO  impl.StateMachineUpdater (StateMachineUpdater.java:takeSnapshot(295)) - af140fa9-d57b-4d38-ac23-ee5728971003@group-55A70DD5F5D9-StateMachineUpdater: Took a snapshot at index 0
2023-12-01 12:07:54,005 [af140fa9-d57b-4d38-ac23-ee5728971003@group-55A70DD5F5D9-StateMachineUpdater] INFO  impl.StateMachineUpdater (StateMachineUpdater.java:lambda$new$0(98)) - af140fa9-d57b-4d38-ac23-ee5728971003@group-55A70DD5F5D9-StateMachineUpdater: snapshotIndex: updateIncreasingly -1 -> 0
2023-12-01 12:07:53,997 [grpc-default-executor-7] INFO  server.GrpcLogAppender (GrpcLogAppender.java:onCompleted(469)) - 76b9be1d-1bf0-4a28-acca-c5c2681cc872@group-880852F89C4E->af140fa9-d57b-4d38-ac23-ee5728971003-AppendLogResponseHandler: follower responses appendEntries COMPLETED
2023-12-01 12:07:53,991 [af140fa9-d57b-4d38-ac23-ee5728971003@group-A1DF1286BA7E-cacheEviction-AwaitToRun] INFO  util.AwaitToRun (AwaitToRun.java:run(49)) - af140fa9-d57b-4d38-ac23-ee5728971003@group-A1DF1286BA7E-cacheEviction-AwaitToRun-AwaitForSignal is interrupted
2023-12-01 12:07:53,990 [e22ca2c5-a776-4b7c-8aca-6a18d36008b3@group-158753A7AC69-cacheEviction-AwaitToRun] INFO  util.AwaitToRun (AwaitToRun.java:run(49)) - e22ca2c5-a776-4b7c-8aca-6a18d36008b3@group-158753A7AC69-cacheEviction-AwaitToRun-AwaitForSignal is interrupted
2023-12-01 12:07:53,990 [585524aa-0c42-40b1-8d18-f2722508c145-impl-thread3] INFO  server.RaftServer$Division (RaftServerImpl.java:lambda$close$3(516)) - 585524aa-0c42-40b1-8d18-f2722508c145@group-8D541D207794: shutdown
2023-12-01 12:07:54,006 [585524aa-0c42-40b1-8d18-f2722508c145-impl-thread3] INFO  util.JmxRegister (JmxRegister.java:unregister(73)) - Successfully un-registered JMX Bean with object name Ratis:service=RaftServer,group=group-8D541D207794,id=585524aa-0c42-40b1-8d18-f2722508c145
2023-12-01 12:07:54,006 [585524aa-0c42-40b1-8d18-f2722508c145-impl-thread3] INFO  impl.RoleInfo (RoleInfo.java:shutdownFollowerState(110)) - 585524aa-0c42-40b1-8d18-f2722508c145: shutdown 585524aa-0c42-40b1-8d18-f2722508c145@group-8D541D207794-FollowerState
2023-12-01 12:07:53,990 [main] INFO  server.GrpcService (GrpcService.java:closeImpl(311)) - 585524aa-0c42-40b1-8d18-f2722508c145: shutdown server org.apache.ratis.grpc.server.GrpcClientProtocolService now
2023-12-01 12:07:53,990 [585524aa-0c42-40b1-8d18-f2722508c145-impl-thread2] INFO  server.RaftServer$Division (RaftServerImpl.java:lambda$close$3(516)) - 585524aa-0c42-40b1-8d18-f2722508c145@group-84D970D8DD2E: shutdown
2023-12-01 12:07:54,007 [585524aa-0c42-40b1-8d18-f2722508c145-impl-thread2] INFO  util.JmxRegister (JmxRegister.java:unregister(73)) - Successfully un-registered JMX Bean with object name Ratis:service=RaftServer,group=group-84D970D8DD2E,id=585524aa-0c42-40b1-8d18-f2722508c145
2023-12-01 12:07:54,007 [585524aa-0c42-40b1-8d18-f2722508c145-impl-thread2] INFO  impl.RoleInfo (RoleInfo.java:shutdownLeaderState(94)) - 585524aa-0c42-40b1-8d18-f2722508c145: shutdown 585524aa-0c42-40b1-8d18-f2722508c145@group-84D970D8DD2E-LeaderStateImpl
2023-12-01 12:07:54,007 [585524aa-0c42-40b1-8d18-f2722508c145-impl-thread2] INFO  impl.PendingRequests (PendingRequests.java:sendNotLeaderResponses(289)) - 585524aa-0c42-40b1-8d18-f2722508c145@group-84D970D8DD2E-PendingRequests: sendNotLeaderResponses
2023-12-01 12:07:54,007 [grpc-default-executor-9] WARN  server.GrpcServerProtocolService (LogUtils.java:warn(121)) - e22ca2c5-a776-4b7c-8aca-6a18d36008b3: APPEND_ENTRIES onError, lastRequest: null: org.apache.ratis.thirdparty.io.grpc.StatusRuntimeException: CANCELLED: client cancelled
2023-12-01 12:07:53,988 [e22ca2c5-a776-4b7c-8aca-6a18d36008b3@group-84D970D8DD2E-StateMachineUpdater] INFO  ratis.ContainerStateMachine (ContainerStateMachine.java:takeSnapshot(337)) - group-84D970D8DD2E: Taking a snapshot at:(t:1, i:0) file /home/runner/work/ozone/ozone/hadoop-ozone/integration-test/target/test-dir/MiniOzoneClusterImpl-b249f779-13f2-4d94-9d49-8f38c7514c74/datanode-5/data/ratis/0e28a80f-65de-422d-85e8-84d970d8dd2e/sm/snapshot.1_0
2023-12-01 12:07:53,987 [e22ca2c5-a776-4b7c-8aca-6a18d36008b3@group-84D970D8DD2E-FollowerState] INFO  impl.FollowerState (FollowerState.java:run(152)) - e22ca2c5-a776-4b7c-8aca-6a18d36008b3@group-84D970D8DD2E-FollowerState was interrupted
2023-12-01 12:07:53,987 [e22ca2c5-a776-4b7c-8aca-6a18d36008b3-impl-thread2] INFO  impl.StateMachineUpdater (StateMachineUpdater.java:stopAndJoin(157)) - e22ca2c5-a776-4b7c-8aca-6a18d36008b3@group-84D970D8DD2E-StateMachineUpdater: set stopIndex = 0
2023-12-01 12:07:53,987 [af140fa9-d57b-4d38-ac23-ee5728971003@group-5CCA57CB9EC4-StateMachineUpdater] INFO  impl.StateMachineUpdater (StateMachineUpdater.java:takeSnapshot(295)) - af140fa9-d57b-4d38-ac23-ee5728971003@group-5CCA57CB9EC4-StateMachineUpdater: Took a snapshot at index 0
2023-12-01 12:07:54,007 [585524aa-0c42-40b1-8d18-f2722508c145@group-84D970D8DD2E->0d726c29-49a1-421e-8ac7-200c2e9b483b-GrpcLogAppender-LogAppenderDaemon] WARN  server.GrpcLogAppender (GrpcLogAppender.java:mayWait(212)) - 585524aa-0c42-40b1-8d18-f2722508c145@group-84D970D8DD2E->0d726c29-49a1-421e-8ac7-200c2e9b483b-GrpcLogAppender: Wait interrupted by java.lang.InterruptedException
2023-12-01 12:07:54,007 [585524aa-0c42-40b1-8d18-f2722508c145@group-84D970D8DD2E->e22ca2c5-a776-4b7c-8aca-6a18d36008b3-GrpcLogAppender-LogAppenderDaemon] WARN  server.GrpcLogAppender (GrpcLogAppender.java:mayWait(212)) - 585524aa-0c42-40b1-8d18-f2722508c145@group-84D970D8DD2E->e22ca2c5-a776-4b7c-8aca-6a18d36008b3-GrpcLogAppender: Wait interrupted by java.lang.InterruptedException
2023-12-01 12:07:54,006 [585524aa-0c42-40b1-8d18-f2722508c145@group-8D541D207794-FollowerState] INFO  impl.FollowerState (FollowerState.java:run(152)) - 585524aa-0c42-40b1-8d18-f2722508c145@group-8D541D207794-FollowerState was interrupted
2023-12-01 12:07:54,006 [585524aa-0c42-40b1-8d18-f2722508c145-impl-thread3] INFO  impl.StateMachineUpdater (StateMachineUpdater.java:stopAndJoin(157)) - 585524aa-0c42-40b1-8d18-f2722508c145@group-8D541D207794-StateMachineUpdater: set stopIndex = -1
2023-12-01 12:07:54,004 [af140fa9-d57b-4d38-ac23-ee5728971003-impl-thread4] INFO  impl.StateMachineUpdater (StateMachineUpdater.java:stopAndJoin(157)) - af140fa9-d57b-4d38-ac23-ee5728971003@group-55A70DD5F5D9-StateMachineUpdater: set stopIndex = 0
2023-12-01 12:07:54,004 [ForkJoinPool.commonPool-worker-6] INFO  server.RaftServer (RaftServerProxy.java:lambda$close$9(416)) - 36feb706-8d2b-450d-bbd6-33af8c2d1a3d: close
2023-12-01 12:07:54,003 [grpc-default-executor-0] INFO  server.GrpcLogAppender (GrpcLogAppender.java:onCompleted(469)) - af140fa9-d57b-4d38-ac23-ee5728971003@group-55A70DD5F5D9->36feb706-8d2b-450d-bbd6-33af8c2d1a3d-AppendLogResponseHandler: follower responses appendEntries COMPLETED
2023-12-01 12:07:54,003 [ForkJoinPool.commonPool-worker-7] INFO  server.RaftServer (RaftServerProxy.java:lambda$close$9(416)) - 0d726c29-49a1-421e-8ac7-200c2e9b483b: close
2023-12-01 12:07:54,003 [grpc-default-executor-2] INFO  server.GrpcServerProtocolService (GrpcServerProtocolService.java:onCompleted(157)) - 0d726c29-49a1-421e-8ac7-200c2e9b483b: Completed APPEND_ENTRIES, lastRequest: af140fa9-d57b-4d38-ac23-ee5728971003->0d726c29-49a1-421e-8ac7-200c2e9b483b#1-t1,previous=(t:0, i:0),leaderCommit=-1,initializing? true,entries: size=1, first=(t:1, i:0), CONFIGURATIONENTRY(current:id: "0d726c29-49a1-421e-8ac7-200c2e9b483b"
address: "10.1.0.24:15147"
dataStreamAddress: "10.1.0.24:15148"
clientAddress: "10.1.0.24:15145"
adminAddress: "10.1.0.24:15146"
startupRole: FOLLOWER
,id: "36feb706-8d2b-450d-bbd6-33af8c2d1a3d"
address: "10.1.0.24:15129"
dataStreamAddress: "10.1.0.24:15130"
clientAddress: "10.1.0.24:15127"
adminAddress: "10.1.0.24:15128"
startupRole: FOLLOWER
,id: "af140fa9-d57b-4d38-ac23-ee5728971003"
address: "10.1.0.24:15111"
priority: 1
dataStreamAddress: "10.1.0.24:15112"
clientAddress: "10.1.0.24:15109"
adminAddress: "10.1.0.24:15110"
startupRole: FOLLOWER
, old:)
2023-12-01 12:07:54,008 [grpc-default-executor-2] INFO  server.GrpcServerProtocolService (GrpcServerProtocolService.java:lambda$onCompleted$5(159)) - 0d726c29-49a1-421e-8ac7-200c2e9b483b: Completed APPEND_ENTRIES, lastReply: null
2023-12-01 12:07:54,008 [grpc-default-executor-2] INFO  server.GrpcLogAppender (GrpcLogAppender.java:onCompleted(469)) - af140fa9-d57b-4d38-ac23-ee5728971003@group-55A70DD5F5D9->36feb706-8d2b-450d-bbd6-33af8c2d1a3d-AppendLogResponseHandler: follower responses appendEntries COMPLETED
2023-12-01 12:07:54,008 [grpc-default-executor-2] WARN  server.GrpcLogAppender (GrpcLogAppender.java:resetClient(149)) - af140fa9-d57b-4d38-ac23-ee5728971003@group-55A70DD5F5D9->36feb706-8d2b-450d-bbd6-33af8c2d1a3d-GrpcLogAppender: Failed to getClient for 36feb706-8d2b-450d-bbd6-33af8c2d1a3d
org.apache.ratis.protocol.exceptions.AlreadyClosedException: af140fa9-d57b-4d38-ac23-ee5728971003 is already CLOSED
	at org.apache.ratis.util.PeerProxyMap$PeerAndProxy.getProxy(PeerProxyMap.java:61)
	at org.apache.ratis.util.PeerProxyMap.getProxy(PeerProxyMap.java:110)
	at org.apache.ratis.grpc.server.GrpcLogAppender.getClient(GrpcLogAppender.java:121)
	at org.apache.ratis.grpc.server.GrpcLogAppender.resetClient(GrpcLogAppender.java:126)
	at org.apache.ratis.grpc.server.GrpcLogAppender.access$800(GrpcLogAppender.java:61)
	at org.apache.ratis.grpc.server.GrpcLogAppender$AppendLogResponseHandler.onCompleted(GrpcLogAppender.java:471)
	at org.apache.ratis.thirdparty.io.grpc.stub.ClientCalls$StreamObserverToCallListenerAdapter.onClose(ClientCalls.java:479)
	at org.apache.ratis.thirdparty.io.grpc.internal.ClientCallImpl.closeObserver(ClientCallImpl.java:567)
	at org.apache.ratis.thirdparty.io.grpc.internal.ClientCallImpl.access$300(ClientCallImpl.java:71)
	at org.apache.ratis.thirdparty.io.grpc.internal.ClientCallImpl$ClientStreamListenerImpl$1StreamClosed.runInternal(ClientCallImpl.java:735)
	at org.apache.ratis.thirdparty.io.grpc.internal.ClientCallImpl$ClientStreamListenerImpl$1StreamClosed.runInContext(ClientCallImpl.java:716)
	at org.apache.ratis.thirdparty.io.grpc.internal.ContextRunnable.run(ContextRunnable.java:37)
	at org.apache.ratis.thirdparty.io.grpc.internal.SerializingExecutor.run(SerializingExecutor.java:133)
	at java.util.concurrent.ThreadPoolExecutor.runWorker(ThreadPoolExecutor.java:1149)
	at java.util.concurrent.ThreadPoolExecutor$Worker.run(ThreadPoolExecutor.java:624)
	at java.lang.Thread.run(Thread.java:750)
2023-12-01 12:07:54,003 [grpc-default-executor-5] INFO  server.GrpcServerProtocolService (GrpcServerProtocolService.java:onCompleted(157)) - 0d726c29-49a1-421e-8ac7-200c2e9b483b: Completed APPEND_ENTRIES, lastRequest: null
2023-12-01 12:07:54,002 [ForkJoinPool.commonPool-worker-3] INFO  server.GrpcService (GrpcService.java:closeImpl(311)) - 76b9be1d-1bf0-4a28-acca-c5c2681cc872: shutdown server GrpcServerProtocolService now
2023-12-01 12:07:54,001 [585524aa-0c42-40b1-8d18-f2722508c145-impl-thread1] INFO  server.RaftServer$Division (ServerState.java:close(423)) - 585524aa-0c42-40b1-8d18-f2722508c145@group-158753A7AC69: applyIndex: 0
2023-12-01 12:07:54,009 [grpc-default-executor-3] INFO  server.GrpcLogAppender (GrpcLogAppender.java:onCompleted(469)) - af140fa9-d57b-4d38-ac23-ee5728971003@group-55A70DD5F5D9->0d726c29-49a1-421e-8ac7-200c2e9b483b-AppendLogResponseHandler: follower responses appendEntries COMPLETED
2023-12-01 12:07:54,014 [grpc-default-executor-3] WARN  server.GrpcLogAppender (GrpcLogAppender.java:resetClient(149)) - af140fa9-d57b-4d38-ac23-ee5728971003@group-55A70DD5F5D9->0d726c29-49a1-421e-8ac7-200c2e9b483b-GrpcLogAppender: Failed to getClient for 0d726c29-49a1-421e-8ac7-200c2e9b483b
org.apache.ratis.protocol.exceptions.AlreadyClosedException: af140fa9-d57b-4d38-ac23-ee5728971003 is already CLOSED
	at org.apache.ratis.util.PeerProxyMap$PeerAndProxy.getProxy(PeerProxyMap.java:61)
	at org.apache.ratis.util.PeerProxyMap.getProxy(PeerProxyMap.java:110)
	at org.apache.ratis.grpc.server.GrpcLogAppender.getClient(GrpcLogAppender.java:121)
	at org.apache.ratis.grpc.server.GrpcLogAppender.resetClient(GrpcLogAppender.java:126)
	at org.apache.ratis.grpc.server.GrpcLogAppender.access$800(GrpcLogAppender.java:61)
	at org.apache.ratis.grpc.server.GrpcLogAppender$AppendLogResponseHandler.onCompleted(GrpcLogAppender.java:471)
	at org.apache.ratis.thirdparty.io.grpc.stub.ClientCalls$StreamObserverToCallListenerAdapter.onClose(ClientCalls.java:479)
	at org.apache.ratis.thirdparty.io.grpc.internal.ClientCallImpl.closeObserver(ClientCallImpl.java:567)
	at org.apache.ratis.thirdparty.io.grpc.internal.ClientCallImpl.access$300(ClientCallImpl.java:71)
	at org.apache.ratis.thirdparty.io.grpc.internal.ClientCallImpl$ClientStreamListenerImpl$1StreamClosed.runInternal(ClientCallImpl.java:735)
	at org.apache.ratis.thirdparty.io.grpc.internal.ClientCallImpl$ClientStreamListenerImpl$1StreamClosed.runInContext(ClientCallImpl.java:716)
	at org.apache.ratis.thirdparty.io.grpc.internal.ContextRunnable.run(ContextRunnable.java:37)
	at org.apache.ratis.thirdparty.io.grpc.internal.SerializingExecutor.run(SerializingExecutor.java:133)
	at java.util.concurrent.ThreadPoolExecutor.runWorker(ThreadPoolExecutor.java:1149)
	at java.util.concurrent.ThreadPoolExecutor$Worker.run(ThreadPoolExecutor.java:624)
	at java.lang.Thread.run(Thread.java:750)
2023-12-01 12:07:54,008 [grpc-default-executor-0] WARN  server.GrpcLogAppender (GrpcLogAppender.java:resetClient(149)) - af140fa9-d57b-4d38-ac23-ee5728971003@group-55A70DD5F5D9->36feb706-8d2b-450d-bbd6-33af8c2d1a3d-GrpcLogAppender: Failed to getClient for 36feb706-8d2b-450d-bbd6-33af8c2d1a3d
org.apache.ratis.protocol.exceptions.AlreadyClosedException: af140fa9-d57b-4d38-ac23-ee5728971003 is already CLOSED
	at org.apache.ratis.util.PeerProxyMap$PeerAndProxy.getProxy(PeerProxyMap.java:61)
	at org.apache.ratis.util.PeerProxyMap.getProxy(PeerProxyMap.java:110)
	at org.apache.ratis.grpc.server.GrpcLogAppender.getClient(GrpcLogAppender.java:121)
	at org.apache.ratis.grpc.server.GrpcLogAppender.resetClient(GrpcLogAppender.java:126)
	at org.apache.ratis.grpc.server.GrpcLogAppender.access$800(GrpcLogAppender.java:61)
	at org.apache.ratis.grpc.server.GrpcLogAppender$AppendLogResponseHandler.onCompleted(GrpcLogAppender.java:471)
	at org.apache.ratis.thirdparty.io.grpc.stub.ClientCalls$StreamObserverToCallListenerAdapter.onClose(ClientCalls.java:479)
	at org.apache.ratis.thirdparty.io.grpc.internal.ClientCallImpl.closeObserver(ClientCallImpl.java:567)
	at org.apache.ratis.thirdparty.io.grpc.internal.ClientCallImpl.access$300(ClientCallImpl.java:71)
	at org.apache.ratis.thirdparty.io.grpc.internal.ClientCallImpl$ClientStreamListenerImpl$1StreamClosed.runInternal(ClientCallImpl.java:735)
	at org.apache.ratis.thirdparty.io.grpc.internal.ClientCallImpl$ClientStreamListenerImpl$1StreamClosed.runInContext(ClientCallImpl.java:716)
	at org.apache.ratis.thirdparty.io.grpc.internal.ContextRunnable.run(ContextRunnable.java:37)
	at org.apache.ratis.thirdparty.io.grpc.internal.SerializingExecutor.run(SerializingExecutor.java:133)
	at java.util.concurrent.ThreadPoolExecutor.runWorker(ThreadPoolExecutor.java:1149)
	at java.util.concurrent.ThreadPoolExecutor$Worker.run(ThreadPoolExecutor.java:624)
	at java.lang.Thread.run(Thread.java:750)
2023-12-01 12:07:54,008 [585524aa-0c42-40b1-8d18-f2722508c145-impl-thread3] INFO  server.RaftServer$Division (ServerState.java:close(423)) - 585524aa-0c42-40b1-8d18-f2722508c145@group-8D541D207794: applyIndex: -1
2023-12-01 12:07:54,008 [af140fa9-d57b-4d38-ac23-ee5728971003-impl-thread4] INFO  server.RaftServer$Division (ServerState.java:close(423)) - af140fa9-d57b-4d38-ac23-ee5728971003@group-55A70DD5F5D9: applyIndex: 0
2023-12-01 12:07:54,008 [grpc-default-executor-7] WARN  server.GrpcLogAppender (GrpcLogAppender.java:resetClient(149)) - 76b9be1d-1bf0-4a28-acca-c5c2681cc872@group-880852F89C4E->af140fa9-d57b-4d38-ac23-ee5728971003-GrpcLogAppender: Failed to getClient for af140fa9-d57b-4d38-ac23-ee5728971003
org.apache.ratis.protocol.exceptions.AlreadyClosedException: 76b9be1d-1bf0-4a28-acca-c5c2681cc872 is already CLOSED
	at org.apache.ratis.util.PeerProxyMap$PeerAndProxy.getProxy(PeerProxyMap.java:61)
	at org.apache.ratis.util.PeerProxyMap.getProxy(PeerProxyMap.java:110)
	at org.apache.ratis.grpc.server.GrpcLogAppender.getClient(GrpcLogAppender.java:121)
	at org.apache.ratis.grpc.server.GrpcLogAppender.resetClient(GrpcLogAppender.java:126)
	at org.apache.ratis.grpc.server.GrpcLogAppender.access$800(GrpcLogAppender.java:61)
	at org.apache.ratis.grpc.server.GrpcLogAppender$AppendLogResponseHandler.onCompleted(GrpcLogAppender.java:471)
	at org.apache.ratis.thirdparty.io.grpc.stub.ClientCalls$StreamObserverToCallListenerAdapter.onClose(ClientCalls.java:479)
	at org.apache.ratis.thirdparty.io.grpc.internal.DelayedClientCall$DelayedListener$3.run(DelayedClientCall.java:489)
	at org.apache.ratis.thirdparty.io.grpc.internal.DelayedClientCall$DelayedListener.delayOrExecute(DelayedClientCall.java:453)
	at org.apache.ratis.thirdparty.io.grpc.internal.DelayedClientCall$DelayedListener.onClose(DelayedClientCall.java:486)
	at org.apache.ratis.thirdparty.io.grpc.internal.ClientCallImpl.closeObserver(ClientCallImpl.java:567)
	at org.apache.ratis.thirdparty.io.grpc.internal.ClientCallImpl.access$300(ClientCallImpl.java:71)
	at org.apache.ratis.thirdparty.io.grpc.internal.ClientCallImpl$ClientStreamListenerImpl$1StreamClosed.runInternal(ClientCallImpl.java:735)
	at org.apache.ratis.thirdparty.io.grpc.internal.ClientCallImpl$ClientStreamListenerImpl$1StreamClosed.runInContext(ClientCallImpl.java:716)
	at org.apache.ratis.thirdparty.io.grpc.internal.ContextRunnable.run(ContextRunnable.java:37)
	at org.apache.ratis.thirdparty.io.grpc.internal.SerializingExecutor.run(SerializingExecutor.java:133)
	at java.util.concurrent.ThreadPoolExecutor.runWorker(ThreadPoolExecutor.java:1149)
	at java.util.concurrent.ThreadPoolExecutor$Worker.run(ThreadPoolExecutor.java:624)
	at java.lang.Thread.run(Thread.java:750)
2023-12-01 12:07:54,008 [e22ca2c5-a776-4b7c-8aca-6a18d36008b3@group-84D970D8DD2E-StateMachineUpdater] INFO  ratis.ContainerStateMachine (ContainerStateMachine.java:takeSnapshot(348)) - group-84D970D8DD2E: Finished taking a snapshot at:(t:1, i:0) file:/home/runner/work/ozone/ozone/hadoop-ozone/integration-test/target/test-dir/MiniOzoneClusterImpl-b249f779-13f2-4d94-9d49-8f38c7514c74/datanode-5/data/ratis/0e28a80f-65de-422d-85e8-84d970d8dd2e/sm/snapshot.1_0 took: 20 ms
2023-12-01 12:07:54,007 [af140fa9-d57b-4d38-ac23-ee5728971003@group-5CCA57CB9EC4-StateMachineUpdater] INFO  impl.StateMachineUpdater (StateMachineUpdater.java:lambda$new$0(98)) - af140fa9-d57b-4d38-ac23-ee5728971003@group-5CCA57CB9EC4-StateMachineUpdater: snapshotIndex: updateIncreasingly -1 -> 0
2023-12-01 12:07:54,015 [e22ca2c5-a776-4b7c-8aca-6a18d36008b3@group-84D970D8DD2E-StateMachineUpdater] INFO  impl.StateMachineUpdater (StateMachineUpdater.java:takeSnapshot(295)) - e22ca2c5-a776-4b7c-8aca-6a18d36008b3@group-84D970D8DD2E-StateMachineUpdater: Took a snapshot at index 0
2023-12-01 12:07:54,015 [e22ca2c5-a776-4b7c-8aca-6a18d36008b3@group-84D970D8DD2E-StateMachineUpdater] INFO  impl.StateMachineUpdater (StateMachineUpdater.java:lambda$new$0(98)) - e22ca2c5-a776-4b7c-8aca-6a18d36008b3@group-84D970D8DD2E-StateMachineUpdater: snapshotIndex: updateIncreasingly -1 -> 0
2023-12-01 12:07:54,015 [af140fa9-d57b-4d38-ac23-ee5728971003-impl-thread1] INFO  server.RaftServer$Division (ServerState.java:close(423)) - af140fa9-d57b-4d38-ac23-ee5728971003@group-5CCA57CB9EC4: applyIndex: 0
2023-12-01 12:07:54,015 [e22ca2c5-a776-4b7c-8aca-6a18d36008b3-impl-thread2] INFO  server.RaftServer$Division (ServerState.java:close(423)) - e22ca2c5-a776-4b7c-8aca-6a18d36008b3@group-84D970D8DD2E: applyIndex: 0
2023-12-01 12:07:54,016 [grpc-default-executor-5] INFO  server.GrpcServerProtocolService (GrpcServerProtocolService.java:lambda$onCompleted$5(159)) - 0d726c29-49a1-421e-8ac7-200c2e9b483b: Completed APPEND_ENTRIES, lastReply: serverReply {
  requestorId: "af140fa9-d57b-4d38-ac23-ee5728971003"
  replyId: "0d726c29-49a1-421e-8ac7-200c2e9b483b"
  raftGroupId {
    id: "\034\256vr=ZN\344\227\264U\247\r\325\365\331"
  }
  success: true
}
term: 1
nextIndex: 1
followerCommit: 18446744073709551615
matchIndex: 18446744073709551615
isHearbeat: true

2023-12-01 12:07:54,016 [af140fa9-d57b-4d38-ac23-ee5728971003@group-5CCA57CB9EC4-cacheEviction-AwaitToRun] INFO  util.AwaitToRun (AwaitToRun.java:run(49)) - af140fa9-d57b-4d38-ac23-ee5728971003@group-5CCA57CB9EC4-cacheEviction-AwaitToRun-AwaitForSignal is interrupted
2023-12-01 12:07:54,016 [e22ca2c5-a776-4b7c-8aca-6a18d36008b3@group-84D970D8DD2E-cacheEviction-AwaitToRun] INFO  util.AwaitToRun (AwaitToRun.java:run(49)) - e22ca2c5-a776-4b7c-8aca-6a18d36008b3@group-84D970D8DD2E-cacheEviction-AwaitToRun-AwaitForSignal is interrupted
2023-12-01 12:07:54,016 [ForkJoinPool.commonPool-worker-4] INFO  server.GrpcService (GrpcService.java:closeImpl(320)) - e22ca2c5-a776-4b7c-8aca-6a18d36008b3: shutdown server GrpcServerProtocolService successfully
2023-12-01 12:07:54,017 [ForkJoinPool.commonPool-worker-4] INFO  server.GrpcService (GrpcService.java:closeImpl(311)) - e22ca2c5-a776-4b7c-8aca-6a18d36008b3: shutdown server org.apache.ratis.grpc.server.GrpcAdminProtocolService now
2023-12-01 12:07:54,017 [af140fa9-d57b-4d38-ac23-ee5728971003@group-55A70DD5F5D9-cacheEviction-AwaitToRun] INFO  util.AwaitToRun (AwaitToRun.java:run(49)) - af140fa9-d57b-4d38-ac23-ee5728971003@group-55A70DD5F5D9-cacheEviction-AwaitToRun-AwaitForSignal is interrupted
2023-12-01 12:07:54,017 [585524aa-0c42-40b1-8d18-f2722508c145@group-8D541D207794-cacheEviction-AwaitToRun] INFO  util.AwaitToRun (AwaitToRun.java:run(49)) - 585524aa-0c42-40b1-8d18-f2722508c145@group-8D541D207794-cacheEviction-AwaitToRun-AwaitForSignal is interrupted
2023-12-01 12:07:54,018 [grpc-default-executor-5] INFO  server.GrpcLogAppender (GrpcLogAppender.java:onError(457)) - 585524aa-0c42-40b1-8d18-f2722508c145@group-84D970D8DD2E->e22ca2c5-a776-4b7c-8aca-6a18d36008b3-GrpcLogAppender is already stopped
2023-12-01 12:07:54,024 [grpc-default-executor-1] WARN  server.GrpcServerProtocolService (LogUtils.java:warn(121)) - 76b9be1d-1bf0-4a28-acca-c5c2681cc872: APPEND_ENTRIES onError, lastRequest: null: org.apache.ratis.thirdparty.io.grpc.StatusRuntimeException: CANCELLED: client cancelled
2023-12-01 12:07:54,025 [grpc-default-executor-6] INFO  server.GrpcServerProtocolService (GrpcServerProtocolService.java:onCompleted(157)) - 0d726c29-49a1-421e-8ac7-200c2e9b483b: Completed APPEND_ENTRIES, lastRequest: 585524aa-0c42-40b1-8d18-f2722508c145->0d726c29-49a1-421e-8ac7-200c2e9b483b#1-t1,previous=(t:0, i:0),leaderCommit=-1,initializing? true,entries: size=1, first=(t:1, i:0), CONFIGURATIONENTRY(current:id: "585524aa-0c42-40b1-8d18-f2722508c145"
address: "10.1.0.24:15138"
priority: 1
dataStreamAddress: "10.1.0.24:15139"
clientAddress: "10.1.0.24:15136"
adminAddress: "10.1.0.24:15137"
startupRole: FOLLOWER
,id: "e22ca2c5-a776-4b7c-8aca-6a18d36008b3"
address: "10.1.0.24:15156"
dataStreamAddress: "10.1.0.24:15157"
clientAddress: "10.1.0.24:15154"
adminAddress: "10.1.0.24:15155"
startupRole: FOLLOWER
,id: "0d726c29-49a1-421e-8ac7-200c2e9b483b"
address: "10.1.0.24:15147"
dataStreamAddress: "10.1.0.24:15148"
clientAddress: "10.1.0.24:15145"
adminAddress: "10.1.0.24:15146"
startupRole: FOLLOWER
, old:)
2023-12-01 12:07:54,025 [grpc-default-executor-6] INFO  server.GrpcServerProtocolService (GrpcServerProtocolService.java:lambda$onCompleted$5(159)) - 0d726c29-49a1-421e-8ac7-200c2e9b483b: Completed APPEND_ENTRIES, lastReply: null
2023-12-01 12:07:54,025 [585524aa-0c42-40b1-8d18-f2722508c145@group-158753A7AC69-cacheEviction-AwaitToRun] INFO  util.AwaitToRun (AwaitToRun.java:run(49)) - 585524aa-0c42-40b1-8d18-f2722508c145@group-158753A7AC69-cacheEviction-AwaitToRun-AwaitForSignal is interrupted
2023-12-01 12:07:54,024 [grpc-default-executor-9] WARN  server.GrpcServerProtocolService (LogUtils.java:warn(121)) - 76b9be1d-1bf0-4a28-acca-c5c2681cc872: APPEND_ENTRIES onError, lastRequest: 36feb706-8d2b-450d-bbd6-33af8c2d1a3d->76b9be1d-1bf0-4a28-acca-c5c2681cc872#1-t1,previous=(t:0, i:0),leaderCommit=-1,initializing? true,entries: size=1, first=(t:1, i:0), CONFIGURATIONENTRY(current:id: "76b9be1d-1bf0-4a28-acca-c5c2681cc872"
address: "10.1.0.24:15120"
dataStreamAddress: "10.1.0.24:15121"
clientAddress: "10.1.0.24:15118"
adminAddress: "10.1.0.24:15119"
startupRole: FOLLOWER
,id: "36feb706-8d2b-450d-bbd6-33af8c2d1a3d"
address: "10.1.0.24:15129"
priority: 1
dataStreamAddress: "10.1.0.24:15130"
clientAddress: "10.1.0.24:15127"
adminAddress: "10.1.0.24:15128"
startupRole: FOLLOWER
,id: "af140fa9-d57b-4d38-ac23-ee5728971003"
address: "10.1.0.24:15111"
dataStreamAddress: "10.1.0.24:15112"
clientAddress: "10.1.0.24:15109"
adminAddress: "10.1.0.24:15110"
startupRole: FOLLOWER
, old:): org.apache.ratis.thirdparty.io.grpc.StatusRuntimeException: CANCELLED: client cancelled
2023-12-01 12:07:54,024 [Thread-1971] INFO  server.GrpcServerProtocolClient (GrpcServerProtocolClient.java:close(103)) - e22ca2c5-a776-4b7c-8aca-6a18d36008b3 Close channels
2023-12-01 12:07:54,024 [ForkJoinPool.commonPool-worker-3] INFO  server.GrpcService (GrpcService.java:closeImpl(320)) - 76b9be1d-1bf0-4a28-acca-c5c2681cc872: shutdown server GrpcServerProtocolService successfully
2023-12-01 12:07:54,028 [ForkJoinPool.commonPool-worker-3] INFO  server.GrpcService (GrpcService.java:closeImpl(311)) - 76b9be1d-1bf0-4a28-acca-c5c2681cc872: shutdown server org.apache.ratis.grpc.server.GrpcAdminProtocolService now
2023-12-01 12:07:54,024 [grpc-default-executor-8] WARN  server.GrpcLogAppender (LogUtils.java:warn(121)) - 36feb706-8d2b-450d-bbd6-33af8c2d1a3d@group-5CCA57CB9EC4->76b9be1d-1bf0-4a28-acca-c5c2681cc872-AppendLogResponseHandler: Failed appendEntries: org.apache.ratis.thirdparty.io.grpc.StatusRuntimeException: CANCELLED: RST_STREAM closed stream. HTTP/2 error code: CANCEL
2023-12-01 12:07:54,028 [grpc-default-executor-8] WARN  server.GrpcLogAppender (GrpcLogAppender.java:resetClient(140)) - 36feb706-8d2b-450d-bbd6-33af8c2d1a3d@group-5CCA57CB9EC4->76b9be1d-1bf0-4a28-acca-c5c2681cc872-GrpcLogAppender: Follower failed and request == null,  keep nextIndex (1) unchanged and retry.
2023-12-01 12:07:54,023 [36feb706-8d2b-450d-bbd6-33af8c2d1a3d-impl-thread4] INFO  server.RaftServer$Division (RaftServerImpl.java:lambda$close$3(516)) - 36feb706-8d2b-450d-bbd6-33af8c2d1a3d@group-55A70DD5F5D9: shutdown
2023-12-01 12:07:54,028 [36feb706-8d2b-450d-bbd6-33af8c2d1a3d-impl-thread4] INFO  util.JmxRegister (JmxRegister.java:unregister(73)) - Successfully un-registered JMX Bean with object name Ratis:service=RaftServer,group=group-55A70DD5F5D9,id=36feb706-8d2b-450d-bbd6-33af8c2d1a3d
2023-12-01 12:07:54,029 [36feb706-8d2b-450d-bbd6-33af8c2d1a3d-impl-thread4] INFO  impl.RoleInfo (RoleInfo.java:shutdownFollowerState(110)) - 36feb706-8d2b-450d-bbd6-33af8c2d1a3d: shutdown 36feb706-8d2b-450d-bbd6-33af8c2d1a3d@group-55A70DD5F5D9-FollowerState
2023-12-01 12:07:54,029 [36feb706-8d2b-450d-bbd6-33af8c2d1a3d-impl-thread4] INFO  impl.StateMachineUpdater (StateMachineUpdater.java:stopAndJoin(157)) - 36feb706-8d2b-450d-bbd6-33af8c2d1a3d@group-55A70DD5F5D9-StateMachineUpdater: set stopIndex = -1
2023-12-01 12:07:54,023 [ForkJoinPool.commonPool-worker-6] INFO  server.GrpcService (GrpcService.java:closeImpl(311)) - 36feb706-8d2b-450d-bbd6-33af8c2d1a3d: shutdown server org.apache.ratis.grpc.server.GrpcClientProtocolService now
2023-12-01 12:07:54,029 [36feb706-8d2b-450d-bbd6-33af8c2d1a3d@group-55A70DD5F5D9-FollowerState] INFO  impl.FollowerState (FollowerState.java:run(152)) - 36feb706-8d2b-450d-bbd6-33af8c2d1a3d@group-55A70DD5F5D9-FollowerState was interrupted
2023-12-01 12:07:54,029 [36feb706-8d2b-450d-bbd6-33af8c2d1a3d-impl-thread4] INFO  server.RaftServer$Division (ServerState.java:close(423)) - 36feb706-8d2b-450d-bbd6-33af8c2d1a3d@group-55A70DD5F5D9: applyIndex: -1
2023-12-01 12:07:54,030 [36feb706-8d2b-450d-bbd6-33af8c2d1a3d@group-55A70DD5F5D9-cacheEviction-AwaitToRun] INFO  util.AwaitToRun (AwaitToRun.java:run(49)) - 36feb706-8d2b-450d-bbd6-33af8c2d1a3d@group-55A70DD5F5D9-cacheEviction-AwaitToRun-AwaitForSignal is interrupted
2023-12-01 12:07:54,023 [585524aa-0c42-40b1-8d18-f2722508c145@group-84D970D8DD2E-StateMachineUpdater] INFO  ratis.ContainerStateMachine (ContainerStateMachine.java:takeSnapshot(337)) - group-84D970D8DD2E: Taking a snapshot at:(t:1, i:0) file /home/runner/work/ozone/ozone/hadoop-ozone/integration-test/target/test-dir/MiniOzoneClusterImpl-b249f779-13f2-4d94-9d49-8f38c7514c74/datanode-3/data/ratis/0e28a80f-65de-422d-85e8-84d970d8dd2e/sm/snapshot.1_0
2023-12-01 12:07:54,023 [36feb706-8d2b-450d-bbd6-33af8c2d1a3d-impl-thread3] INFO  server.RaftServer$Division (RaftServerImpl.java:lambda$close$3(516)) - 36feb706-8d2b-450d-bbd6-33af8c2d1a3d@group-880852F89C4E: shutdown
2023-12-01 12:07:54,023 [36feb706-8d2b-450d-bbd6-33af8c2d1a3d-impl-thread2] INFO  server.RaftServer$Division (RaftServerImpl.java:lambda$close$3(516)) - 36feb706-8d2b-450d-bbd6-33af8c2d1a3d@group-8D541D207794: shutdown
2023-12-01 12:07:54,031 [36feb706-8d2b-450d-bbd6-33af8c2d1a3d-impl-thread2] INFO  util.JmxRegister (JmxRegister.java:unregister(73)) - Successfully un-registered JMX Bean with object name Ratis:service=RaftServer,group=group-8D541D207794,id=36feb706-8d2b-450d-bbd6-33af8c2d1a3d
2023-12-01 12:07:54,031 [36feb706-8d2b-450d-bbd6-33af8c2d1a3d-impl-thread2] INFO  impl.RoleInfo (RoleInfo.java:shutdownFollowerState(110)) - 36feb706-8d2b-450d-bbd6-33af8c2d1a3d: shutdown 36feb706-8d2b-450d-bbd6-33af8c2d1a3d@group-8D541D207794-FollowerState
2023-12-01 12:07:54,031 [36feb706-8d2b-450d-bbd6-33af8c2d1a3d-impl-thread2] INFO  impl.StateMachineUpdater (StateMachineUpdater.java:stopAndJoin(157)) - 36feb706-8d2b-450d-bbd6-33af8c2d1a3d@group-8D541D207794-StateMachineUpdater: set stopIndex = -1
2023-12-01 12:07:54,023 [585524aa-0c42-40b1-8d18-f2722508c145-impl-thread2] INFO  impl.StateMachineUpdater (StateMachineUpdater.java:stopAndJoin(157)) - 585524aa-0c42-40b1-8d18-f2722508c145@group-84D970D8DD2E-StateMachineUpdater: set stopIndex = 0
2023-12-01 12:07:54,031 [585524aa-0c42-40b1-8d18-f2722508c145@group-84D970D8DD2E-StateMachineUpdater] INFO  ratis.ContainerStateMachine (ContainerStateMachine.java:takeSnapshot(348)) - group-84D970D8DD2E: Finished taking a snapshot at:(t:1, i:0) file:/home/runner/work/ozone/ozone/hadoop-ozone/integration-test/target/test-dir/MiniOzoneClusterImpl-b249f779-13f2-4d94-9d49-8f38c7514c74/datanode-3/data/ratis/0e28a80f-65de-422d-85e8-84d970d8dd2e/sm/snapshot.1_0 took: 7 ms
2023-12-01 12:07:54,023 [36feb706-8d2b-450d-bbd6-33af8c2d1a3d-impl-thread1] INFO  server.RaftServer$Division (RaftServerImpl.java:lambda$close$3(516)) - 36feb706-8d2b-450d-bbd6-33af8c2d1a3d@group-5CCA57CB9EC4: shutdown
2023-12-01 12:07:54,031 [36feb706-8d2b-450d-bbd6-33af8c2d1a3d-impl-thread1] INFO  util.JmxRegister (JmxRegister.java:unregister(73)) - Successfully un-registered JMX Bean with object name Ratis:service=RaftServer,group=group-5CCA57CB9EC4,id=36feb706-8d2b-450d-bbd6-33af8c2d1a3d
2023-12-01 12:07:54,031 [36feb706-8d2b-450d-bbd6-33af8c2d1a3d-impl-thread1] INFO  impl.RoleInfo (RoleInfo.java:shutdownLeaderState(94)) - 36feb706-8d2b-450d-bbd6-33af8c2d1a3d: shutdown 36feb706-8d2b-450d-bbd6-33af8c2d1a3d@group-5CCA57CB9EC4-LeaderStateImpl
2023-12-01 12:07:54,023 [0d726c29-49a1-421e-8ac7-200c2e9b483b-impl-thread4] INFO  server.RaftServer$Division (RaftServerImpl.java:lambda$close$3(516)) - 0d726c29-49a1-421e-8ac7-200c2e9b483b@group-55A70DD5F5D9: shutdown
2023-12-01 12:07:54,023 [ForkJoinPool.commonPool-worker-7] INFO  server.GrpcService (GrpcService.java:closeImpl(311)) - 0d726c29-49a1-421e-8ac7-200c2e9b483b: shutdown server org.apache.ratis.grpc.server.GrpcClientProtocolService now
2023-12-01 12:07:54,023 [0d726c29-49a1-421e-8ac7-200c2e9b483b-impl-thread3] INFO  server.RaftServer$Division (RaftServerImpl.java:lambda$close$3(516)) - 0d726c29-49a1-421e-8ac7-200c2e9b483b@group-A1DF1286BA7E: shutdown
2023-12-01 12:07:54,023 [0d726c29-49a1-421e-8ac7-200c2e9b483b-impl-thread2] INFO  server.RaftServer$Division (RaftServerImpl.java:lambda$close$3(516)) - 0d726c29-49a1-421e-8ac7-200c2e9b483b@group-84D970D8DD2E: shutdown
2023-12-01 12:07:54,037 [0d726c29-49a1-421e-8ac7-200c2e9b483b-impl-thread2] INFO  util.JmxRegister (JmxRegister.java:unregister(73)) - Successfully un-registered JMX Bean with object name Ratis:service=RaftServer,group=group-84D970D8DD2E,id=0d726c29-49a1-421e-8ac7-200c2e9b483b
2023-12-01 12:07:54,037 [0d726c29-49a1-421e-8ac7-200c2e9b483b-impl-thread2] INFO  impl.RoleInfo (RoleInfo.java:shutdownFollowerState(110)) - 0d726c29-49a1-421e-8ac7-200c2e9b483b: shutdown 0d726c29-49a1-421e-8ac7-200c2e9b483b@group-84D970D8DD2E-FollowerState
2023-12-01 12:07:54,037 [0d726c29-49a1-421e-8ac7-200c2e9b483b-impl-thread2] INFO  impl.StateMachineUpdater (StateMachineUpdater.java:stopAndJoin(157)) - 0d726c29-49a1-421e-8ac7-200c2e9b483b@group-84D970D8DD2E-StateMachineUpdater: set stopIndex = 0
2023-12-01 12:07:54,023 [grpc-default-executor-7] INFO  server.GrpcLogAppender (GrpcLogAppender.java:onError(457)) - 585524aa-0c42-40b1-8d18-f2722508c145@group-84D970D8DD2E->e22ca2c5-a776-4b7c-8aca-6a18d36008b3-GrpcLogAppender is already stopped
2023-12-01 12:07:54,037 [36feb706-8d2b-450d-bbd6-33af8c2d1a3d@group-5CCA57CB9EC4->76b9be1d-1bf0-4a28-acca-c5c2681cc872-GrpcLogAppender-LogAppenderDaemon] WARN  server.GrpcLogAppender (GrpcLogAppender.java:mayWait(212)) - 36feb706-8d2b-450d-bbd6-33af8c2d1a3d@group-5CCA57CB9EC4->76b9be1d-1bf0-4a28-acca-c5c2681cc872-GrpcLogAppender: Wait interrupted by java.lang.InterruptedException
2023-12-01 12:07:54,022 [0d726c29-49a1-421e-8ac7-200c2e9b483b-impl-thread1] INFO  server.RaftServer$Division (RaftServerImpl.java:lambda$close$3(516)) - 0d726c29-49a1-421e-8ac7-200c2e9b483b@group-158753A7AC69: shutdown
2023-12-01 12:07:54,037 [0d726c29-49a1-421e-8ac7-200c2e9b483b@group-84D970D8DD2E-StateMachineUpdater] INFO  ratis.ContainerStateMachine (ContainerStateMachine.java:takeSnapshot(337)) - group-84D970D8DD2E: Taking a snapshot at:(t:1, i:0) file /home/runner/work/ozone/ozone/hadoop-ozone/integration-test/target/test-dir/MiniOzoneClusterImpl-b249f779-13f2-4d94-9d49-8f38c7514c74/datanode-4/data/ratis/0e28a80f-65de-422d-85e8-84d970d8dd2e/sm/snapshot.1_0
2023-12-01 12:07:54,038 [grpc-default-executor-8] INFO  server.GrpcLogAppender (GrpcLogAppender.java:onCompleted(469)) - 585524aa-0c42-40b1-8d18-f2722508c145@group-84D970D8DD2E->0d726c29-49a1-421e-8ac7-200c2e9b483b-AppendLogResponseHandler: follower responses appendEntries COMPLETED
2023-12-01 12:07:54,038 [grpc-default-executor-8] WARN  server.GrpcLogAppender (GrpcLogAppender.java:resetClient(149)) - 585524aa-0c42-40b1-8d18-f2722508c145@group-84D970D8DD2E->0d726c29-49a1-421e-8ac7-200c2e9b483b-GrpcLogAppender: Failed to getClient for 0d726c29-49a1-421e-8ac7-200c2e9b483b
org.apache.ratis.protocol.exceptions.AlreadyClosedException: 585524aa-0c42-40b1-8d18-f2722508c145 is already CLOSED
	at org.apache.ratis.util.PeerProxyMap$PeerAndProxy.getProxy(PeerProxyMap.java:61)
	at org.apache.ratis.util.PeerProxyMap.getProxy(PeerProxyMap.java:110)
	at org.apache.ratis.grpc.server.GrpcLogAppender.getClient(GrpcLogAppender.java:121)
	at org.apache.ratis.grpc.server.GrpcLogAppender.resetClient(GrpcLogAppender.java:126)
	at org.apache.ratis.grpc.server.GrpcLogAppender.access$800(GrpcLogAppender.java:61)
	at org.apache.ratis.grpc.server.GrpcLogAppender$AppendLogResponseHandler.onCompleted(GrpcLogAppender.java:471)
	at org.apache.ratis.thirdparty.io.grpc.stub.ClientCalls$StreamObserverToCallListenerAdapter.onClose(ClientCalls.java:479)
	at org.apache.ratis.thirdparty.io.grpc.internal.ClientCallImpl.closeObserver(ClientCallImpl.java:567)
	at org.apache.ratis.thirdparty.io.grpc.internal.ClientCallImpl.access$300(ClientCallImpl.java:71)
	at org.apache.ratis.thirdparty.io.grpc.internal.ClientCallImpl$ClientStreamListenerImpl$1StreamClosed.runInternal(ClientCallImpl.java:735)
	at org.apache.ratis.thirdparty.io.grpc.internal.ClientCallImpl$ClientStreamListenerImpl$1StreamClosed.runInContext(ClientCallImpl.java:716)
	at org.apache.ratis.thirdparty.io.grpc.internal.ContextRunnable.run(ContextRunnable.java:37)
	at org.apache.ratis.thirdparty.io.grpc.internal.SerializingExecutor.run(SerializingExecutor.java:133)
	at java.util.concurrent.ThreadPoolExecutor.runWorker(ThreadPoolExecutor.java:1149)
	at java.util.concurrent.ThreadPoolExecutor$Worker.run(ThreadPoolExecutor.java:624)
	at java.lang.Thread.run(Thread.java:750)
2023-12-01 12:07:54,038 [0d726c29-49a1-421e-8ac7-200c2e9b483b@group-84D970D8DD2E-StateMachineUpdater] INFO  ratis.ContainerStateMachine (ContainerStateMachine.java:takeSnapshot(348)) - group-84D970D8DD2E: Finished taking a snapshot at:(t:1, i:0) file:/home/runner/work/ozone/ozone/hadoop-ozone/integration-test/target/test-dir/MiniOzoneClusterImpl-b249f779-13f2-4d94-9d49-8f38c7514c74/datanode-4/data/ratis/0e28a80f-65de-422d-85e8-84d970d8dd2e/sm/snapshot.1_0 took: 0 ms
2023-12-01 12:07:54,038 [0d726c29-49a1-421e-8ac7-200c2e9b483b@group-84D970D8DD2E-StateMachineUpdater] INFO  impl.StateMachineUpdater (StateMachineUpdater.java:takeSnapshot(295)) - 0d726c29-49a1-421e-8ac7-200c2e9b483b@group-84D970D8DD2E-StateMachineUpdater: Took a snapshot at index 0
2023-12-01 12:07:54,038 [0d726c29-49a1-421e-8ac7-200c2e9b483b@group-84D970D8DD2E-StateMachineUpdater] INFO  impl.StateMachineUpdater (StateMachineUpdater.java:lambda$new$0(98)) - 0d726c29-49a1-421e-8ac7-200c2e9b483b@group-84D970D8DD2E-StateMachineUpdater: snapshotIndex: updateIncreasingly -1 -> 0
2023-12-01 12:07:54,038 [0d726c29-49a1-421e-8ac7-200c2e9b483b-impl-thread2] INFO  server.RaftServer$Division (ServerState.java:close(423)) - 0d726c29-49a1-421e-8ac7-200c2e9b483b@group-84D970D8DD2E: applyIndex: 0
2023-12-01 12:07:54,039 [ForkJoinPool.commonPool-worker-7] INFO  server.GrpcService (GrpcService.java:closeImpl(320)) - 0d726c29-49a1-421e-8ac7-200c2e9b483b: shutdown server org.apache.ratis.grpc.server.GrpcClientProtocolService successfully
2023-12-01 12:07:54,039 [ForkJoinPool.commonPool-worker-7] INFO  server.GrpcService (GrpcService.java:closeImpl(311)) - 0d726c29-49a1-421e-8ac7-200c2e9b483b: shutdown server GrpcServerProtocolService now
2023-12-01 12:07:54,022 [grpc-default-executor-4] INFO  server.GrpcLogAppender (GrpcLogAppender.java:onCompleted(469)) - e22ca2c5-a776-4b7c-8aca-6a18d36008b3@group-158753A7AC69->0d726c29-49a1-421e-8ac7-200c2e9b483b-AppendLogResponseHandler: follower responses appendEntries COMPLETED
2023-12-01 12:07:54,018 [grpc-default-executor-0] INFO  server.GrpcServerProtocolService (GrpcServerProtocolService.java:onCompleted(157)) - 0d726c29-49a1-421e-8ac7-200c2e9b483b: Completed APPEND_ENTRIES, lastRequest: null
2023-12-01 12:07:54,040 [grpc-default-executor-0] INFO  server.GrpcServerProtocolService (GrpcServerProtocolService.java:lambda$onCompleted$5(159)) - 0d726c29-49a1-421e-8ac7-200c2e9b483b: Completed APPEND_ENTRIES, lastReply: serverReply {
  requestorId: "585524aa-0c42-40b1-8d18-f2722508c145"
  replyId: "0d726c29-49a1-421e-8ac7-200c2e9b483b"
  raftGroupId {
    id: "\016(\250\017e\336B-\205\350\204\331p\330\335."
  }
  callId: 7
  success: true
}
term: 1
nextIndex: 1
matchIndex: 18446744073709551615
isHearbeat: true

2023-12-01 12:07:54,018 [grpc-default-executor-3] INFO  server.GrpcLogAppender (GrpcLogAppender.java:onCompleted(469)) - af140fa9-d57b-4d38-ac23-ee5728971003@group-55A70DD5F5D9->0d726c29-49a1-421e-8ac7-200c2e9b483b-AppendLogResponseHandler: follower responses appendEntries COMPLETED
2023-12-01 12:07:54,040 [grpc-default-executor-3] WARN  server.GrpcLogAppender (GrpcLogAppender.java:resetClient(149)) - af140fa9-d57b-4d38-ac23-ee5728971003@group-55A70DD5F5D9->0d726c29-49a1-421e-8ac7-200c2e9b483b-GrpcLogAppender: Failed to getClient for 0d726c29-49a1-421e-8ac7-200c2e9b483b
org.apache.ratis.protocol.exceptions.AlreadyClosedException: af140fa9-d57b-4d38-ac23-ee5728971003 is already CLOSED
	at org.apache.ratis.util.PeerProxyMap$PeerAndProxy.getProxy(PeerProxyMap.java:61)
	at org.apache.ratis.util.PeerProxyMap.getProxy(PeerProxyMap.java:110)
	at org.apache.ratis.grpc.server.GrpcLogAppender.getClient(GrpcLogAppender.java:121)
	at org.apache.ratis.grpc.server.GrpcLogAppender.resetClient(GrpcLogAppender.java:126)
	at org.apache.ratis.grpc.server.GrpcLogAppender.access$800(GrpcLogAppender.java:61)
	at org.apache.ratis.grpc.server.GrpcLogAppender$AppendLogResponseHandler.onCompleted(GrpcLogAppender.java:471)
	at org.apache.ratis.thirdparty.io.grpc.stub.ClientCalls$StreamObserverToCallListenerAdapter.onClose(ClientCalls.java:479)
	at org.apache.ratis.thirdparty.io.grpc.internal.ClientCallImpl.closeObserver(ClientCallImpl.java:567)
	at org.apache.ratis.thirdparty.io.grpc.internal.ClientCallImpl.access$300(ClientCallImpl.java:71)
	at org.apache.ratis.thirdparty.io.grpc.internal.ClientCallImpl$ClientStreamListenerImpl$1StreamClosed.runInternal(ClientCallImpl.java:735)
	at org.apache.ratis.thirdparty.io.grpc.internal.ClientCallImpl$ClientStreamListenerImpl$1StreamClosed.runInContext(ClientCallImpl.java:716)
	at org.apache.ratis.thirdparty.io.grpc.internal.ContextRunnable.run(ContextRunnable.java:37)
	at org.apache.ratis.thirdparty.io.grpc.internal.SerializingExecutor.run(SerializingExecutor.java:133)
	at java.util.concurrent.ThreadPoolExecutor.runWorker(ThreadPoolExecutor.java:1149)
	at java.util.concurrent.ThreadPoolExecutor$Worker.run(ThreadPoolExecutor.java:624)
	at java.lang.Thread.run(Thread.java:750)
2023-12-01 12:07:54,040 [grpc-default-executor-3] INFO  server.GrpcLogAppender (GrpcLogAppender.java:onCompleted(469)) - 585524aa-0c42-40b1-8d18-f2722508c145@group-84D970D8DD2E->0d726c29-49a1-421e-8ac7-200c2e9b483b-AppendLogResponseHandler: follower responses appendEntries COMPLETED
2023-12-01 12:07:54,040 [grpc-default-executor-3] WARN  server.GrpcLogAppender (GrpcLogAppender.java:resetClient(149)) - 585524aa-0c42-40b1-8d18-f2722508c145@group-84D970D8DD2E->0d726c29-49a1-421e-8ac7-200c2e9b483b-GrpcLogAppender: Failed to getClient for 0d726c29-49a1-421e-8ac7-200c2e9b483b
org.apache.ratis.protocol.exceptions.AlreadyClosedException: 585524aa-0c42-40b1-8d18-f2722508c145 is already CLOSED
	at org.apache.ratis.util.PeerProxyMap$PeerAndProxy.getProxy(PeerProxyMap.java:61)
	at org.apache.ratis.util.PeerProxyMap.getProxy(PeerProxyMap.java:110)
	at org.apache.ratis.grpc.server.GrpcLogAppender.getClient(GrpcLogAppender.java:121)
	at org.apache.ratis.grpc.server.GrpcLogAppender.resetClient(GrpcLogAppender.java:126)
	at org.apache.ratis.grpc.server.GrpcLogAppender.access$800(GrpcLogAppender.java:61)
	at org.apache.ratis.grpc.server.GrpcLogAppender$AppendLogResponseHandler.onCompleted(GrpcLogAppender.java:471)
	at org.apache.ratis.thirdparty.io.grpc.stub.ClientCalls$StreamObserverToCallListenerAdapter.onClose(ClientCalls.java:479)
	at org.apache.ratis.thirdparty.io.grpc.internal.ClientCallImpl.closeObserver(ClientCallImpl.java:567)
	at org.apache.ratis.thirdparty.io.grpc.internal.ClientCallImpl.access$300(ClientCallImpl.java:71)
	at org.apache.ratis.thirdparty.io.grpc.internal.ClientCallImpl$ClientStreamListenerImpl$1StreamClosed.runInternal(ClientCallImpl.java:735)
	at org.apache.ratis.thirdparty.io.grpc.internal.ClientCallImpl$ClientStreamListenerImpl$1StreamClosed.runInContext(ClientCallImpl.java:716)
	at org.apache.ratis.thirdparty.io.grpc.internal.ContextRunnable.run(ContextRunnable.java:37)
	at org.apache.ratis.thirdparty.io.grpc.internal.SerializingExecutor.run(SerializingExecutor.java:133)
	at java.util.concurrent.ThreadPoolExecutor.runWorker(ThreadPoolExecutor.java:1149)
	at java.util.concurrent.ThreadPoolExecutor$Worker.run(ThreadPoolExecutor.java:624)
	at java.lang.Thread.run(Thread.java:750)
2023-12-01 12:07:54,039 [grpc-default-executor-4] WARN  server.GrpcLogAppender (GrpcLogAppender.java:resetClient(149)) - e22ca2c5-a776-4b7c-8aca-6a18d36008b3@group-158753A7AC69->0d726c29-49a1-421e-8ac7-200c2e9b483b-GrpcLogAppender: Failed to getClient for 0d726c29-49a1-421e-8ac7-200c2e9b483b
org.apache.ratis.protocol.exceptions.AlreadyClosedException: e22ca2c5-a776-4b7c-8aca-6a18d36008b3 is already CLOSED
	at org.apache.ratis.util.PeerProxyMap$PeerAndProxy.getProxy(PeerProxyMap.java:61)
	at org.apache.ratis.util.PeerProxyMap.getProxy(PeerProxyMap.java:110)
	at org.apache.ratis.grpc.server.GrpcLogAppender.getClient(GrpcLogAppender.java:121)
	at org.apache.ratis.grpc.server.GrpcLogAppender.resetClient(GrpcLogAppender.java:126)
	at org.apache.ratis.grpc.server.GrpcLogAppender.access$800(GrpcLogAppender.java:61)
	at org.apache.ratis.grpc.server.GrpcLogAppender$AppendLogResponseHandler.onCompleted(GrpcLogAppender.java:471)
	at org.apache.ratis.thirdparty.io.grpc.stub.ClientCalls$StreamObserverToCallListenerAdapter.onClose(ClientCalls.java:479)
	at org.apache.ratis.thirdparty.io.grpc.internal.DelayedClientCall$DelayedListener$3.run(DelayedClientCall.java:489)
	at org.apache.ratis.thirdparty.io.grpc.internal.DelayedClientCall$DelayedListener.delayOrExecute(DelayedClientCall.java:453)
	at org.apache.ratis.thirdparty.io.grpc.internal.DelayedClientCall$DelayedListener.onClose(DelayedClientCall.java:486)
	at org.apache.ratis.thirdparty.io.grpc.internal.ClientCallImpl.closeObserver(ClientCallImpl.java:567)
	at org.apache.ratis.thirdparty.io.grpc.internal.ClientCallImpl.access$300(ClientCallImpl.java:71)
	at org.apache.ratis.thirdparty.io.grpc.internal.ClientCallImpl$ClientStreamListenerImpl$1StreamClosed.runInternal(ClientCallImpl.java:735)
	at org.apache.ratis.thirdparty.io.grpc.internal.ClientCallImpl$ClientStreamListenerImpl$1StreamClosed.runInContext(ClientCallImpl.java:716)
	at org.apache.ratis.thirdparty.io.grpc.internal.ContextRunnable.run(ContextRunnable.java:37)
	at org.apache.ratis.thirdparty.io.grpc.internal.SerializingExecutor.run(SerializingExecutor.java:133)
	at java.util.concurrent.ThreadPoolExecutor.runWorker(ThreadPoolExecutor.java:1149)
	at java.util.concurrent.ThreadPoolExecutor$Worker.run(ThreadPoolExecutor.java:624)
	at java.lang.Thread.run(Thread.java:750)
2023-12-01 12:07:54,037 [0d726c29-49a1-421e-8ac7-200c2e9b483b-impl-thread1] INFO  util.JmxRegister (JmxRegister.java:unregister(73)) - Successfully un-registered JMX Bean with object name Ratis:service=RaftServer,group=group-158753A7AC69,id=0d726c29-49a1-421e-8ac7-200c2e9b483b
2023-12-01 12:07:54,037 [0d726c29-49a1-421e-8ac7-200c2e9b483b@group-84D970D8DD2E-FollowerState] INFO  impl.FollowerState (FollowerState.java:run(152)) - 0d726c29-49a1-421e-8ac7-200c2e9b483b@group-84D970D8DD2E-FollowerState was interrupted
2023-12-01 12:07:54,037 [0d726c29-49a1-421e-8ac7-200c2e9b483b-impl-thread3] INFO  util.JmxRegister (JmxRegister.java:unregister(73)) - Successfully un-registered JMX Bean with object name Ratis:service=RaftServer,group=group-A1DF1286BA7E,id=0d726c29-49a1-421e-8ac7-200c2e9b483b
2023-12-01 12:07:54,041 [ForkJoinPool.commonPool-worker-7] INFO  server.GrpcService (GrpcService.java:closeImpl(320)) - 0d726c29-49a1-421e-8ac7-200c2e9b483b: shutdown server GrpcServerProtocolService successfully
2023-12-01 12:07:54,041 [ForkJoinPool.commonPool-worker-7] INFO  server.GrpcService (GrpcService.java:closeImpl(311)) - 0d726c29-49a1-421e-8ac7-200c2e9b483b: shutdown server org.apache.ratis.grpc.server.GrpcAdminProtocolService now
2023-12-01 12:07:54,037 [36feb706-8d2b-450d-bbd6-33af8c2d1a3d@group-5CCA57CB9EC4->af140fa9-d57b-4d38-ac23-ee5728971003-GrpcLogAppender-LogAppenderDaemon] WARN  server.GrpcLogAppender (GrpcLogAppender.java:mayWait(212)) - 36feb706-8d2b-450d-bbd6-33af8c2d1a3d@group-5CCA57CB9EC4->af140fa9-d57b-4d38-ac23-ee5728971003-GrpcLogAppender: Wait interrupted by java.lang.InterruptedException
2023-12-01 12:07:54,037 [0d726c29-49a1-421e-8ac7-200c2e9b483b-impl-thread4] INFO  util.JmxRegister (JmxRegister.java:unregister(73)) - Successfully un-registered JMX Bean with object name Ratis:service=RaftServer,group=group-55A70DD5F5D9,id=0d726c29-49a1-421e-8ac7-200c2e9b483b
2023-12-01 12:07:54,041 [0d726c29-49a1-421e-8ac7-200c2e9b483b-impl-thread4] INFO  impl.RoleInfo (RoleInfo.java:shutdownFollowerState(110)) - 0d726c29-49a1-421e-8ac7-200c2e9b483b: shutdown 0d726c29-49a1-421e-8ac7-200c2e9b483b@group-55A70DD5F5D9-FollowerState
2023-12-01 12:07:54,041 [0d726c29-49a1-421e-8ac7-200c2e9b483b-impl-thread4] INFO  impl.StateMachineUpdater (StateMachineUpdater.java:stopAndJoin(157)) - 0d726c29-49a1-421e-8ac7-200c2e9b483b@group-55A70DD5F5D9-StateMachineUpdater: set stopIndex = -1
2023-12-01 12:07:54,041 [0d726c29-49a1-421e-8ac7-200c2e9b483b@group-55A70DD5F5D9-FollowerState] INFO  impl.FollowerState (FollowerState.java:run(152)) - 0d726c29-49a1-421e-8ac7-200c2e9b483b@group-55A70DD5F5D9-FollowerState was interrupted
2023-12-01 12:07:54,041 [0d726c29-49a1-421e-8ac7-200c2e9b483b-impl-thread4] INFO  server.RaftServer$Division (ServerState.java:close(423)) - 0d726c29-49a1-421e-8ac7-200c2e9b483b@group-55A70DD5F5D9: applyIndex: -1
2023-12-01 12:07:54,037 [36feb706-8d2b-450d-bbd6-33af8c2d1a3d-impl-thread1] INFO  impl.PendingRequests (PendingRequests.java:sendNotLeaderResponses(289)) - 36feb706-8d2b-450d-bbd6-33af8c2d1a3d@group-5CCA57CB9EC4-PendingRequests: sendNotLeaderResponses
2023-12-01 12:07:54,036 [Thread-1972] INFO  server.GrpcServerProtocolClient (GrpcServerProtocolClient.java:close(103)) - 0d726c29-49a1-421e-8ac7-200c2e9b483b Close channels
2023-12-01 12:07:54,042 [main] INFO  server.GrpcService (GrpcService.java:closeImpl(320)) - 585524aa-0c42-40b1-8d18-f2722508c145: shutdown server org.apache.ratis.grpc.server.GrpcClientProtocolService successfully
2023-12-01 12:07:54,035 [Thread-1980] INFO  server.GrpcServerProtocolClient (GrpcServerProtocolClient.java:close(103)) - 76b9be1d-1bf0-4a28-acca-c5c2681cc872 Close channels
2023-12-01 12:07:54,033 [Thread-1984] INFO  server.GrpcServerProtocolClient (GrpcServerProtocolClient.java:close(103)) - af140fa9-d57b-4d38-ac23-ee5728971003 Close channels
2023-12-01 12:07:54,032 [grpc-default-executor-10] WARN  server.GrpcServerProtocolService (LogUtils.java:warn(121)) - e22ca2c5-a776-4b7c-8aca-6a18d36008b3: APPEND_ENTRIES onError, lastRequest: 585524aa-0c42-40b1-8d18-f2722508c145->e22ca2c5-a776-4b7c-8aca-6a18d36008b3#1-t1,previous=(t:0, i:0),leaderCommit=-1,initializing? true,entries: size=1, first=(t:1, i:0), CONFIGURATIONENTRY(current:id: "585524aa-0c42-40b1-8d18-f2722508c145"
address: "10.1.0.24:15138"
priority: 1
dataStreamAddress: "10.1.0.24:15139"
clientAddress: "10.1.0.24:15136"
adminAddress: "10.1.0.24:15137"
startupRole: FOLLOWER
,id: "e22ca2c5-a776-4b7c-8aca-6a18d36008b3"
address: "10.1.0.24:15156"
dataStreamAddress: "10.1.0.24:15157"
clientAddress: "10.1.0.24:15154"
adminAddress: "10.1.0.24:15155"
startupRole: FOLLOWER
,id: "0d726c29-49a1-421e-8ac7-200c2e9b483b"
address: "10.1.0.24:15147"
dataStreamAddress: "10.1.0.24:15148"
clientAddress: "10.1.0.24:15145"
adminAddress: "10.1.0.24:15146"
startupRole: FOLLOWER
, old:): org.apache.ratis.thirdparty.io.grpc.StatusRuntimeException: CANCELLED: client cancelled
2023-12-01 12:07:54,032 [ForkJoinPool.commonPool-worker-4] INFO  server.GrpcService (GrpcService.java:closeImpl(320)) - e22ca2c5-a776-4b7c-8aca-6a18d36008b3: shutdown server org.apache.ratis.grpc.server.GrpcAdminProtocolService successfully
2023-12-01 12:07:54,031 [585524aa-0c42-40b1-8d18-f2722508c145@group-84D970D8DD2E-StateMachineUpdater] INFO  impl.StateMachineUpdater (StateMachineUpdater.java:takeSnapshot(295)) - 585524aa-0c42-40b1-8d18-f2722508c145@group-84D970D8DD2E-StateMachineUpdater: Took a snapshot at index 0
2023-12-01 12:07:54,031 [36feb706-8d2b-450d-bbd6-33af8c2d1a3d-impl-thread2] INFO  server.RaftServer$Division (ServerState.java:close(423)) - 36feb706-8d2b-450d-bbd6-33af8c2d1a3d@group-8D541D207794: applyIndex: -1
2023-12-01 12:07:54,031 [36feb706-8d2b-450d-bbd6-33af8c2d1a3d@group-8D541D207794-FollowerState] INFO  impl.FollowerState (FollowerState.java:run(152)) - 36feb706-8d2b-450d-bbd6-33af8c2d1a3d@group-8D541D207794-FollowerState was interrupted
2023-12-01 12:07:54,031 [ForkJoinPool.commonPool-worker-5] INFO  server.GrpcService (GrpcService.java:closeImpl(320)) - af140fa9-d57b-4d38-ac23-ee5728971003: shutdown server org.apache.ratis.grpc.server.GrpcClientProtocolService successfully
2023-12-01 12:07:54,043 [ForkJoinPool.commonPool-worker-5] INFO  server.GrpcService (GrpcService.java:closeImpl(311)) - af140fa9-d57b-4d38-ac23-ee5728971003: shutdown server GrpcServerProtocolService now
2023-12-01 12:07:54,031 [36feb706-8d2b-450d-bbd6-33af8c2d1a3d-impl-thread3] INFO  util.JmxRegister (JmxRegister.java:unregister(73)) - Successfully un-registered JMX Bean with object name Ratis:service=RaftServer,group=group-880852F89C4E,id=36feb706-8d2b-450d-bbd6-33af8c2d1a3d
2023-12-01 12:07:54,043 [36feb706-8d2b-450d-bbd6-33af8c2d1a3d-impl-thread3] INFO  impl.RoleInfo (RoleInfo.java:shutdownFollowerState(110)) - 36feb706-8d2b-450d-bbd6-33af8c2d1a3d: shutdown 36feb706-8d2b-450d-bbd6-33af8c2d1a3d@group-880852F89C4E-FollowerState
2023-12-01 12:07:54,030 [ForkJoinPool.commonPool-worker-3] INFO  server.GrpcService (GrpcService.java:closeImpl(320)) - 76b9be1d-1bf0-4a28-acca-c5c2681cc872: shutdown server org.apache.ratis.grpc.server.GrpcAdminProtocolService successfully
2023-12-01 12:07:54,042 [585524aa-0c42-40b1-8d18-f2722508c145@group-84D970D8DD2E-StateMachineUpdater] INFO  impl.StateMachineUpdater (StateMachineUpdater.java:lambda$new$0(98)) - 585524aa-0c42-40b1-8d18-f2722508c145@group-84D970D8DD2E-StateMachineUpdater: snapshotIndex: updateIncreasingly -1 -> 0
2023-12-01 12:07:54,042 [e22ca2c5-a776-4b7c-8aca-6a18d36008b3-NettyServerStreamRpc-bossGroup--thread1] INFO  logging.LoggingHandler (AbstractInternalLogger.java:log(148)) - [id: 0xf6ee4d04, L:/0.0.0.0:15157] CLOSE
2023-12-01 12:07:54,043 [585524aa-0c42-40b1-8d18-f2722508c145-impl-thread2] INFO  server.RaftServer$Division (ServerState.java:close(423)) - 585524aa-0c42-40b1-8d18-f2722508c145@group-84D970D8DD2E: applyIndex: 0
2023-12-01 12:07:54,042 [main] INFO  server.GrpcService (GrpcService.java:closeImpl(311)) - 585524aa-0c42-40b1-8d18-f2722508c145: shutdown server GrpcServerProtocolService now
2023-12-01 12:07:54,042 [grpc-default-executor-4] INFO  server.GrpcServerProtocolService (GrpcServerProtocolService.java:onCompleted(157)) - af140fa9-d57b-4d38-ac23-ee5728971003: Completed APPEND_ENTRIES, lastRequest: 36feb706-8d2b-450d-bbd6-33af8c2d1a3d->af140fa9-d57b-4d38-ac23-ee5728971003#1-t1,previous=(t:0, i:0),leaderCommit=-1,initializing? true,entries: size=1, first=(t:1, i:0), CONFIGURATIONENTRY(current:id: "76b9be1d-1bf0-4a28-acca-c5c2681cc872"
address: "10.1.0.24:15120"
dataStreamAddress: "10.1.0.24:15121"
clientAddress: "10.1.0.24:15118"
adminAddress: "10.1.0.24:15119"
startupRole: FOLLOWER
,id: "36feb706-8d2b-450d-bbd6-33af8c2d1a3d"
address: "10.1.0.24:15129"
priority: 1
dataStreamAddress: "10.1.0.24:15130"
clientAddress: "10.1.0.24:15127"
adminAddress: "10.1.0.24:15128"
startupRole: FOLLOWER
,id: "af140fa9-d57b-4d38-ac23-ee5728971003"
address: "10.1.0.24:15111"
dataStreamAddress: "10.1.0.24:15112"
clientAddress: "10.1.0.24:15109"
adminAddress: "10.1.0.24:15110"
startupRole: FOLLOWER
, old:)
2023-12-01 12:07:54,043 [grpc-default-executor-4] INFO  server.GrpcServerProtocolService (GrpcServerProtocolService.java:lambda$onCompleted$5(159)) - af140fa9-d57b-4d38-ac23-ee5728971003: Completed APPEND_ENTRIES, lastReply: null
2023-12-01 12:07:54,042 [36feb706-8d2b-450d-bbd6-33af8c2d1a3d@group-5CCA57CB9EC4-StateMachineUpdater] INFO  ratis.ContainerStateMachine (ContainerStateMachine.java:takeSnapshot(337)) - group-5CCA57CB9EC4: Taking a snapshot at:(t:1, i:0) file /home/runner/work/ozone/ozone/hadoop-ozone/integration-test/target/test-dir/MiniOzoneClusterImpl-b249f779-13f2-4d94-9d49-8f38c7514c74/datanode-2/data/ratis/93296416-f019-4b8c-8f09-5cca57cb9ec4/sm/snapshot.1_0
2023-12-01 12:07:54,042 [36feb706-8d2b-450d-bbd6-33af8c2d1a3d-impl-thread1] INFO  impl.StateMachineUpdater (StateMachineUpdater.java:stopAndJoin(157)) - 36feb706-8d2b-450d-bbd6-33af8c2d1a3d@group-5CCA57CB9EC4-StateMachineUpdater: set stopIndex = 0
2023-12-01 12:07:54,042 [grpc-default-executor-3] INFO  server.GrpcServerProtocolService (GrpcServerProtocolService.java:onCompleted(157)) - af140fa9-d57b-4d38-ac23-ee5728971003: Completed APPEND_ENTRIES, lastRequest: null
2023-12-01 12:07:54,041 [0d726c29-49a1-421e-8ac7-200c2e9b483b@group-84D970D8DD2E-cacheEviction-AwaitToRun] INFO  util.AwaitToRun (AwaitToRun.java:run(49)) - 0d726c29-49a1-421e-8ac7-200c2e9b483b@group-84D970D8DD2E-cacheEviction-AwaitToRun-AwaitForSignal is interrupted
2023-12-01 12:07:54,041 [0d726c29-49a1-421e-8ac7-200c2e9b483b-impl-thread3] INFO  impl.RoleInfo (RoleInfo.java:shutdownFollowerState(110)) - 0d726c29-49a1-421e-8ac7-200c2e9b483b: shutdown 0d726c29-49a1-421e-8ac7-200c2e9b483b@group-A1DF1286BA7E-FollowerState
2023-12-01 12:07:54,041 [0d726c29-49a1-421e-8ac7-200c2e9b483b-impl-thread1] INFO  impl.RoleInfo (RoleInfo.java:shutdownFollowerState(110)) - 0d726c29-49a1-421e-8ac7-200c2e9b483b: shutdown 0d726c29-49a1-421e-8ac7-200c2e9b483b@group-158753A7AC69-FollowerState
2023-12-01 12:07:54,044 [grpc-default-executor-3] INFO  server.GrpcServerProtocolService (GrpcServerProtocolService.java:lambda$onCompleted$5(159)) - af140fa9-d57b-4d38-ac23-ee5728971003: Completed APPEND_ENTRIES, lastReply: serverReply {
  requestorId: "36feb706-8d2b-450d-bbd6-33af8c2d1a3d"
  replyId: "af140fa9-d57b-4d38-ac23-ee5728971003"
  raftGroupId {
    id: "\223)d\026\360\031K\214\217\t\\\312W\313\236\304"
  }
  callId: 6
  success: true
}
term: 1
nextIndex: 1
matchIndex: 18446744073709551615
isHearbeat: true

2023-12-01 12:07:54,044 [36feb706-8d2b-450d-bbd6-33af8c2d1a3d@group-5CCA57CB9EC4-StateMachineUpdater] INFO  ratis.ContainerStateMachine (ContainerStateMachine.java:takeSnapshot(348)) - group-5CCA57CB9EC4: Finished taking a snapshot at:(t:1, i:0) file:/home/runner/work/ozone/ozone/hadoop-ozone/integration-test/target/test-dir/MiniOzoneClusterImpl-b249f779-13f2-4d94-9d49-8f38c7514c74/datanode-2/data/ratis/93296416-f019-4b8c-8f09-5cca57cb9ec4/sm/snapshot.1_0 took: 2 ms
2023-12-01 12:07:54,043 [e22ca2c5-a776-4b7c-8aca-6a18d36008b3-NettyServerStreamRpc-bossGroup--thread1] INFO  logging.LoggingHandler (AbstractInternalLogger.java:log(148)) - [id: 0xf6ee4d04, L:/0.0.0.0:15157] INACTIVE
2023-12-01 12:07:54,043 [76b9be1d-1bf0-4a28-acca-c5c2681cc872-NettyServerStreamRpc-bossGroup--thread1] INFO  logging.LoggingHandler (AbstractInternalLogger.java:log(148)) - [id: 0xed8d9407, L:/0.0.0.0:15121] CLOSE
2023-12-01 12:07:54,044 [e22ca2c5-a776-4b7c-8aca-6a18d36008b3-NettyServerStreamRpc-bossGroup--thread1] INFO  logging.LoggingHandler (AbstractInternalLogger.java:log(148)) - [id: 0xf6ee4d04, L:/0.0.0.0:15157] UNREGISTERED
2023-12-01 12:07:54,044 [36feb706-8d2b-450d-bbd6-33af8c2d1a3d@group-5CCA57CB9EC4-StateMachineUpdater] INFO  impl.StateMachineUpdater (StateMachineUpdater.java:takeSnapshot(295)) - 36feb706-8d2b-450d-bbd6-33af8c2d1a3d@group-5CCA57CB9EC4-StateMachineUpdater: Took a snapshot at index 0
2023-12-01 12:07:54,044 [76b9be1d-1bf0-4a28-acca-c5c2681cc872-NettyServerStreamRpc-bossGroup--thread1] INFO  logging.LoggingHandler (AbstractInternalLogger.java:log(148)) - [id: 0xed8d9407, L:/0.0.0.0:15121] INACTIVE
2023-12-01 12:07:54,044 [36feb706-8d2b-450d-bbd6-33af8c2d1a3d@group-5CCA57CB9EC4-StateMachineUpdater] INFO  impl.StateMachineUpdater (StateMachineUpdater.java:lambda$new$0(98)) - 36feb706-8d2b-450d-bbd6-33af8c2d1a3d@group-5CCA57CB9EC4-StateMachineUpdater: snapshotIndex: updateIncreasingly -1 -> 0
2023-12-01 12:07:54,044 [76b9be1d-1bf0-4a28-acca-c5c2681cc872-NettyServerStreamRpc-bossGroup--thread1] INFO  logging.LoggingHandler (AbstractInternalLogger.java:log(148)) - [id: 0xed8d9407, L:/0.0.0.0:15121] UNREGISTERED
2023-12-01 12:07:54,044 [36feb706-8d2b-450d-bbd6-33af8c2d1a3d-impl-thread1] INFO  server.RaftServer$Division (ServerState.java:close(423)) - 36feb706-8d2b-450d-bbd6-33af8c2d1a3d@group-5CCA57CB9EC4: applyIndex: 0
2023-12-01 12:07:54,047 [grpc-default-executor-11] INFO  server.GrpcLogAppender (GrpcLogAppender.java:onError(457)) - 36feb706-8d2b-450d-bbd6-33af8c2d1a3d@group-5CCA57CB9EC4->76b9be1d-1bf0-4a28-acca-c5c2681cc872-GrpcLogAppender is already stopped
2023-12-01 12:07:54,051 [36feb706-8d2b-450d-bbd6-33af8c2d1a3d@group-5CCA57CB9EC4-cacheEviction-AwaitToRun] INFO  util.AwaitToRun (AwaitToRun.java:run(49)) - 36feb706-8d2b-450d-bbd6-33af8c2d1a3d@group-5CCA57CB9EC4-cacheEviction-AwaitToRun-AwaitForSignal is interrupted
2023-12-01 12:07:54,052 [0d726c29-49a1-421e-8ac7-200c2e9b483b-impl-thread1] INFO  impl.StateMachineUpdater (StateMachineUpdater.java:stopAndJoin(157)) - 0d726c29-49a1-421e-8ac7-200c2e9b483b@group-158753A7AC69-StateMachineUpdater: set stopIndex = 0
2023-12-01 12:07:54,052 [0d726c29-49a1-421e-8ac7-200c2e9b483b@group-158753A7AC69-FollowerState] INFO  impl.FollowerState (FollowerState.java:run(152)) - 0d726c29-49a1-421e-8ac7-200c2e9b483b@group-158753A7AC69-FollowerState was interrupted
2023-12-01 12:07:54,052 [0d726c29-49a1-421e-8ac7-200c2e9b483b@group-158753A7AC69-StateMachineUpdater] INFO  ratis.ContainerStateMachine (ContainerStateMachine.java:takeSnapshot(337)) - group-158753A7AC69: Taking a snapshot at:(t:1, i:0) file /home/runner/work/ozone/ozone/hadoop-ozone/integration-test/target/test-dir/MiniOzoneClusterImpl-b249f779-13f2-4d94-9d49-8f38c7514c74/datanode-4/data/ratis/1568433a-9efd-469f-9dab-158753a7ac69/sm/snapshot.1_0
2023-12-01 12:07:54,052 [0d726c29-49a1-421e-8ac7-200c2e9b483b@group-158753A7AC69-StateMachineUpdater] INFO  ratis.ContainerStateMachine (ContainerStateMachine.java:takeSnapshot(348)) - group-158753A7AC69: Finished taking a snapshot at:(t:1, i:0) file:/home/runner/work/ozone/ozone/hadoop-ozone/integration-test/target/test-dir/MiniOzoneClusterImpl-b249f779-13f2-4d94-9d49-8f38c7514c74/datanode-4/data/ratis/1568433a-9efd-469f-9dab-158753a7ac69/sm/snapshot.1_0 took: 1 ms
2023-12-01 12:07:54,053 [0d726c29-49a1-421e-8ac7-200c2e9b483b@group-158753A7AC69-StateMachineUpdater] INFO  impl.StateMachineUpdater (StateMachineUpdater.java:takeSnapshot(295)) - 0d726c29-49a1-421e-8ac7-200c2e9b483b@group-158753A7AC69-StateMachineUpdater: Took a snapshot at index 0
2023-12-01 12:07:54,053 [0d726c29-49a1-421e-8ac7-200c2e9b483b@group-158753A7AC69-StateMachineUpdater] INFO  impl.StateMachineUpdater (StateMachineUpdater.java:lambda$new$0(98)) - 0d726c29-49a1-421e-8ac7-200c2e9b483b@group-158753A7AC69-StateMachineUpdater: snapshotIndex: updateIncreasingly -1 -> 0
2023-12-01 12:07:54,053 [0d726c29-49a1-421e-8ac7-200c2e9b483b-impl-thread1] INFO  server.RaftServer$Division (ServerState.java:close(423)) - 0d726c29-49a1-421e-8ac7-200c2e9b483b@group-158753A7AC69: applyIndex: 0
2023-12-01 12:07:54,058 [0d726c29-49a1-421e-8ac7-200c2e9b483b-impl-thread3] INFO  impl.StateMachineUpdater (StateMachineUpdater.java:stopAndJoin(157)) - 0d726c29-49a1-421e-8ac7-200c2e9b483b@group-A1DF1286BA7E-StateMachineUpdater: set stopIndex = -1
2023-12-01 12:07:54,058 [0d726c29-49a1-421e-8ac7-200c2e9b483b@group-A1DF1286BA7E-FollowerState] INFO  impl.FollowerState (FollowerState.java:run(152)) - 0d726c29-49a1-421e-8ac7-200c2e9b483b@group-A1DF1286BA7E-FollowerState was interrupted
2023-12-01 12:07:54,058 [0d726c29-49a1-421e-8ac7-200c2e9b483b-impl-thread3] INFO  server.RaftServer$Division (ServerState.java:close(423)) - 0d726c29-49a1-421e-8ac7-200c2e9b483b@group-A1DF1286BA7E: applyIndex: -1
2023-12-01 12:07:54,059 [585524aa-0c42-40b1-8d18-f2722508c145@group-84D970D8DD2E-cacheEviction-AwaitToRun] INFO  util.AwaitToRun (AwaitToRun.java:run(49)) - 585524aa-0c42-40b1-8d18-f2722508c145@group-84D970D8DD2E-cacheEviction-AwaitToRun-AwaitForSignal is interrupted
2023-12-01 12:07:54,060 [ForkJoinPool.commonPool-worker-5] INFO  server.GrpcService (GrpcService.java:closeImpl(320)) - af140fa9-d57b-4d38-ac23-ee5728971003: shutdown server GrpcServerProtocolService successfully
2023-12-01 12:07:54,060 [ForkJoinPool.commonPool-worker-5] INFO  server.GrpcService (GrpcService.java:closeImpl(311)) - af140fa9-d57b-4d38-ac23-ee5728971003: shutdown server org.apache.ratis.grpc.server.GrpcAdminProtocolService now
2023-12-01 12:07:54,060 [grpc-default-executor-10] INFO  server.GrpcLogAppender (GrpcLogAppender.java:onError(457)) - 36feb706-8d2b-450d-bbd6-33af8c2d1a3d@group-5CCA57CB9EC4->af140fa9-d57b-4d38-ac23-ee5728971003-GrpcLogAppender is already stopped
2023-12-01 12:07:54,060 [36feb706-8d2b-450d-bbd6-33af8c2d1a3d-impl-thread3] INFO  impl.StateMachineUpdater (StateMachineUpdater.java:stopAndJoin(157)) - 36feb706-8d2b-450d-bbd6-33af8c2d1a3d@group-880852F89C4E-StateMachineUpdater: set stopIndex = 0
2023-12-01 12:07:54,061 [36feb706-8d2b-450d-bbd6-33af8c2d1a3d@group-8D541D207794-cacheEviction-AwaitToRun] INFO  util.AwaitToRun (AwaitToRun.java:run(49)) - 36feb706-8d2b-450d-bbd6-33af8c2d1a3d@group-8D541D207794-cacheEviction-AwaitToRun-AwaitForSignal is interrupted
2023-12-01 12:07:54,061 [36feb706-8d2b-450d-bbd6-33af8c2d1a3d@group-880852F89C4E-StateMachineUpdater] INFO  ratis.ContainerStateMachine (ContainerStateMachine.java:takeSnapshot(337)) - group-880852F89C4E: Taking a snapshot at:(t:1, i:0) file /home/runner/work/ozone/ozone/hadoop-ozone/integration-test/target/test-dir/MiniOzoneClusterImpl-b249f779-13f2-4d94-9d49-8f38c7514c74/datanode-2/data/ratis/a2c82dce-1b36-47d5-87c7-880852f89c4e/sm/snapshot.1_0
2023-12-01 12:07:54,060 [36feb706-8d2b-450d-bbd6-33af8c2d1a3d@group-880852F89C4E-FollowerState] INFO  impl.FollowerState (FollowerState.java:run(152)) - 36feb706-8d2b-450d-bbd6-33af8c2d1a3d@group-880852F89C4E-FollowerState was interrupted
2023-12-01 12:07:54,061 [ForkJoinPool.commonPool-worker-6] INFO  server.GrpcService (GrpcService.java:closeImpl(320)) - 36feb706-8d2b-450d-bbd6-33af8c2d1a3d: shutdown server org.apache.ratis.grpc.server.GrpcClientProtocolService successfully
2023-12-01 12:07:54,061 [ForkJoinPool.commonPool-worker-6] INFO  server.GrpcService (GrpcService.java:closeImpl(311)) - 36feb706-8d2b-450d-bbd6-33af8c2d1a3d: shutdown server GrpcServerProtocolService now
2023-12-01 12:07:54,062 [36feb706-8d2b-450d-bbd6-33af8c2d1a3d@group-880852F89C4E-StateMachineUpdater] INFO  ratis.ContainerStateMachine (ContainerStateMachine.java:takeSnapshot(348)) - group-880852F89C4E: Finished taking a snapshot at:(t:1, i:0) file:/home/runner/work/ozone/ozone/hadoop-ozone/integration-test/target/test-dir/MiniOzoneClusterImpl-b249f779-13f2-4d94-9d49-8f38c7514c74/datanode-2/data/ratis/a2c82dce-1b36-47d5-87c7-880852f89c4e/sm/snapshot.1_0 took: 1 ms
2023-12-01 12:07:54,062 [36feb706-8d2b-450d-bbd6-33af8c2d1a3d@group-880852F89C4E-StateMachineUpdater] INFO  impl.StateMachineUpdater (StateMachineUpdater.java:takeSnapshot(295)) - 36feb706-8d2b-450d-bbd6-33af8c2d1a3d@group-880852F89C4E-StateMachineUpdater: Took a snapshot at index 0
2023-12-01 12:07:54,062 [36feb706-8d2b-450d-bbd6-33af8c2d1a3d@group-880852F89C4E-StateMachineUpdater] INFO  impl.StateMachineUpdater (StateMachineUpdater.java:lambda$new$0(98)) - 36feb706-8d2b-450d-bbd6-33af8c2d1a3d@group-880852F89C4E-StateMachineUpdater: snapshotIndex: updateIncreasingly -1 -> 0
2023-12-01 12:07:54,062 [36feb706-8d2b-450d-bbd6-33af8c2d1a3d-impl-thread3] INFO  server.RaftServer$Division (ServerState.java:close(423)) - 36feb706-8d2b-450d-bbd6-33af8c2d1a3d@group-880852F89C4E: applyIndex: 0
2023-12-01 12:07:54,062 [36feb706-8d2b-450d-bbd6-33af8c2d1a3d@group-880852F89C4E-cacheEviction-AwaitToRun] INFO  util.AwaitToRun (AwaitToRun.java:run(49)) - 36feb706-8d2b-450d-bbd6-33af8c2d1a3d@group-880852F89C4E-cacheEviction-AwaitToRun-AwaitForSignal is interrupted
2023-12-01 12:07:54,062 [0d726c29-49a1-421e-8ac7-200c2e9b483b@group-55A70DD5F5D9-cacheEviction-AwaitToRun] INFO  util.AwaitToRun (AwaitToRun.java:run(49)) - 0d726c29-49a1-421e-8ac7-200c2e9b483b@group-55A70DD5F5D9-cacheEviction-AwaitToRun-AwaitForSignal is interrupted
2023-12-01 12:07:54,065 [main] INFO  server.GrpcService (GrpcService.java:closeImpl(320)) - 585524aa-0c42-40b1-8d18-f2722508c145: shutdown server GrpcServerProtocolService successfully
2023-12-01 12:07:54,065 [grpc-default-executor-4] INFO  server.GrpcLogAppender (GrpcLogAppender.java:onError(457)) - 36feb706-8d2b-450d-bbd6-33af8c2d1a3d@group-5CCA57CB9EC4->af140fa9-d57b-4d38-ac23-ee5728971003-GrpcLogAppender is already stopped
2023-12-01 12:07:54,065 [main] INFO  server.GrpcService (GrpcService.java:closeImpl(311)) - 585524aa-0c42-40b1-8d18-f2722508c145: shutdown server org.apache.ratis.grpc.server.GrpcAdminProtocolService now
2023-12-01 12:07:54,066 [0d726c29-49a1-421e-8ac7-200c2e9b483b@group-A1DF1286BA7E-cacheEviction-AwaitToRun] INFO  util.AwaitToRun (AwaitToRun.java:run(49)) - 0d726c29-49a1-421e-8ac7-200c2e9b483b@group-A1DF1286BA7E-cacheEviction-AwaitToRun-AwaitForSignal is interrupted
2023-12-01 12:07:54,066 [0d726c29-49a1-421e-8ac7-200c2e9b483b@group-158753A7AC69-cacheEviction-AwaitToRun] INFO  util.AwaitToRun (AwaitToRun.java:run(49)) - 0d726c29-49a1-421e-8ac7-200c2e9b483b@group-158753A7AC69-cacheEviction-AwaitToRun-AwaitForSignal is interrupted
2023-12-01 12:07:54,068 [ForkJoinPool.commonPool-worker-7] INFO  server.GrpcService (GrpcService.java:closeImpl(320)) - 0d726c29-49a1-421e-8ac7-200c2e9b483b: shutdown server org.apache.ratis.grpc.server.GrpcAdminProtocolService successfully
2023-12-01 12:07:54,068 [0d726c29-49a1-421e-8ac7-200c2e9b483b-NettyServerStreamRpc-bossGroup--thread1] INFO  logging.LoggingHandler (AbstractInternalLogger.java:log(148)) - [id: 0xdce92690, L:/0.0.0.0:15148] CLOSE
2023-12-01 12:07:54,068 [0d726c29-49a1-421e-8ac7-200c2e9b483b-NettyServerStreamRpc-bossGroup--thread1] INFO  logging.LoggingHandler (AbstractInternalLogger.java:log(148)) - [id: 0xdce92690, L:/0.0.0.0:15148] INACTIVE
2023-12-01 12:07:54,068 [0d726c29-49a1-421e-8ac7-200c2e9b483b-NettyServerStreamRpc-bossGroup--thread1] INFO  logging.LoggingHandler (AbstractInternalLogger.java:log(148)) - [id: 0xdce92690, L:/0.0.0.0:15148] UNREGISTERED
2023-12-01 12:07:54,070 [ForkJoinPool.commonPool-worker-6] INFO  server.GrpcService (GrpcService.java:closeImpl(320)) - 36feb706-8d2b-450d-bbd6-33af8c2d1a3d: shutdown server GrpcServerProtocolService successfully
2023-12-01 12:07:54,070 [ForkJoinPool.commonPool-worker-6] INFO  server.GrpcService (GrpcService.java:closeImpl(311)) - 36feb706-8d2b-450d-bbd6-33af8c2d1a3d: shutdown server org.apache.ratis.grpc.server.GrpcAdminProtocolService now
2023-12-01 12:07:54,070 [ForkJoinPool.commonPool-worker-5] INFO  server.GrpcService (GrpcService.java:closeImpl(320)) - af140fa9-d57b-4d38-ac23-ee5728971003: shutdown server org.apache.ratis.grpc.server.GrpcAdminProtocolService successfully
2023-12-01 12:07:54,070 [af140fa9-d57b-4d38-ac23-ee5728971003-NettyServerStreamRpc-bossGroup--thread1] INFO  logging.LoggingHandler (AbstractInternalLogger.java:log(148)) - [id: 0x03d56d1a, L:/0.0.0.0:15112] CLOSE
2023-12-01 12:07:54,071 [af140fa9-d57b-4d38-ac23-ee5728971003-NettyServerStreamRpc-bossGroup--thread1] INFO  logging.LoggingHandler (AbstractInternalLogger.java:log(148)) - [id: 0x03d56d1a, L:/0.0.0.0:15112] INACTIVE
2023-12-01 12:07:54,071 [af140fa9-d57b-4d38-ac23-ee5728971003-NettyServerStreamRpc-bossGroup--thread1] INFO  logging.LoggingHandler (AbstractInternalLogger.java:log(148)) - [id: 0x03d56d1a, L:/0.0.0.0:15112] UNREGISTERED
2023-12-01 12:07:54,071 [main] INFO  server.GrpcService (GrpcService.java:closeImpl(320)) - 585524aa-0c42-40b1-8d18-f2722508c145: shutdown server org.apache.ratis.grpc.server.GrpcAdminProtocolService successfully
2023-12-01 12:07:54,071 [36feb706-8d2b-450d-bbd6-33af8c2d1a3d-impl-thread2] INFO  segmented.SegmentedRaftLogWorker (SegmentedRaftLogWorker.java:close(243)) - 36feb706-8d2b-450d-bbd6-33af8c2d1a3d@group-8D541D207794-SegmentedRaftLogWorker close()
2023-12-01 12:07:54,071 [585524aa-0c42-40b1-8d18-f2722508c145-NettyServerStreamRpc-bossGroup--thread1] INFO  logging.LoggingHandler (AbstractInternalLogger.java:log(148)) - [id: 0x489a52f5, L:/0.0.0.0:15139] CLOSE
2023-12-01 12:07:54,074 [585524aa-0c42-40b1-8d18-f2722508c145-NettyServerStreamRpc-bossGroup--thread1] INFO  logging.LoggingHandler (AbstractInternalLogger.java:log(148)) - [id: 0x489a52f5, L:/0.0.0.0:15139] INACTIVE
2023-12-01 12:07:54,074 [585524aa-0c42-40b1-8d18-f2722508c145-NettyServerStreamRpc-bossGroup--thread1] INFO  logging.LoggingHandler (AbstractInternalLogger.java:log(148)) - [id: 0x489a52f5, L:/0.0.0.0:15139] UNREGISTERED
2023-12-01 12:07:54,081 [ForkJoinPool.commonPool-worker-6] INFO  server.GrpcService (GrpcService.java:closeImpl(320)) - 36feb706-8d2b-450d-bbd6-33af8c2d1a3d: shutdown server org.apache.ratis.grpc.server.GrpcAdminProtocolService successfully
2023-12-01 12:07:54,081 [36feb706-8d2b-450d-bbd6-33af8c2d1a3d-NettyServerStreamRpc-bossGroup--thread1] INFO  logging.LoggingHandler (AbstractInternalLogger.java:log(148)) - [id: 0x789a58b9, L:/0.0.0.0:15130] CLOSE
2023-12-01 12:07:54,081 [36feb706-8d2b-450d-bbd6-33af8c2d1a3d-NettyServerStreamRpc-bossGroup--thread1] INFO  logging.LoggingHandler (AbstractInternalLogger.java:log(148)) - [id: 0x789a58b9, L:/0.0.0.0:15130] INACTIVE
2023-12-01 12:07:54,082 [36feb706-8d2b-450d-bbd6-33af8c2d1a3d-NettyServerStreamRpc-bossGroup--thread1] INFO  logging.LoggingHandler (AbstractInternalLogger.java:log(148)) - [id: 0x789a58b9, L:/0.0.0.0:15130] UNREGISTERED
2023-12-01 12:07:54,102 [36feb706-8d2b-450d-bbd6-33af8c2d1a3d-impl-thread1] INFO  segmented.SegmentedRaftLogWorker (SegmentedRaftLogWorker.java:close(243)) - 36feb706-8d2b-450d-bbd6-33af8c2d1a3d@group-5CCA57CB9EC4-SegmentedRaftLogWorker close()
2023-12-01 12:07:54,105 [585524aa-0c42-40b1-8d18-f2722508c145-impl-thread3] INFO  segmented.SegmentedRaftLogWorker (SegmentedRaftLogWorker.java:close(243)) - 585524aa-0c42-40b1-8d18-f2722508c145@group-8D541D207794-SegmentedRaftLogWorker close()
2023-12-01 12:07:54,107 [76b9be1d-1bf0-4a28-acca-c5c2681cc872-impl-thread1] INFO  segmented.SegmentedRaftLogWorker (SegmentedRaftLogWorker.java:close(243)) - 76b9be1d-1bf0-4a28-acca-c5c2681cc872@group-5CCA57CB9EC4-SegmentedRaftLogWorker close()
2023-12-01 12:07:54,107 [af140fa9-d57b-4d38-ac23-ee5728971003-impl-thread1] INFO  segmented.SegmentedRaftLogWorker (SegmentedRaftLogWorker.java:close(243)) - af140fa9-d57b-4d38-ac23-ee5728971003@group-5CCA57CB9EC4-SegmentedRaftLogWorker close()
2023-12-01 12:07:54,113 [76b9be1d-1bf0-4a28-acca-c5c2681cc872-impl-thread3] INFO  segmented.SegmentedRaftLogWorker (SegmentedRaftLogWorker.java:close(243)) - 76b9be1d-1bf0-4a28-acca-c5c2681cc872@group-8D541D207794-SegmentedRaftLogWorker close()
2023-12-01 12:07:54,184 [76b9be1d-1bf0-4a28-acca-c5c2681cc872-impl-thread4] INFO  segmented.SegmentedRaftLogWorker (SegmentedRaftLogWorker.java:close(243)) - 76b9be1d-1bf0-4a28-acca-c5c2681cc872@group-880852F89C4E-SegmentedRaftLogWorker close()
2023-12-01 12:07:54,187 [af140fa9-d57b-4d38-ac23-ee5728971003-impl-thread4] INFO  segmented.SegmentedRaftLogWorker (SegmentedRaftLogWorker.java:close(243)) - af140fa9-d57b-4d38-ac23-ee5728971003@group-55A70DD5F5D9-SegmentedRaftLogWorker close()
2023-12-01 12:07:54,202 [36feb706-8d2b-450d-bbd6-33af8c2d1a3d-impl-thread4] INFO  segmented.SegmentedRaftLogWorker (SegmentedRaftLogWorker.java:close(243)) - 36feb706-8d2b-450d-bbd6-33af8c2d1a3d@group-55A70DD5F5D9-SegmentedRaftLogWorker close()
2023-12-01 12:07:54,206 [36feb706-8d2b-450d-bbd6-33af8c2d1a3d-impl-thread3] INFO  segmented.SegmentedRaftLogWorker (SegmentedRaftLogWorker.java:close(243)) - 36feb706-8d2b-450d-bbd6-33af8c2d1a3d@group-880852F89C4E-SegmentedRaftLogWorker close()
2023-12-01 12:07:54,206 [af140fa9-d57b-4d38-ac23-ee5728971003-impl-thread3] INFO  segmented.SegmentedRaftLogWorker (SegmentedRaftLogWorker.java:close(243)) - af140fa9-d57b-4d38-ac23-ee5728971003@group-880852F89C4E-SegmentedRaftLogWorker close()
2023-12-01 12:07:54,207 [JvmPauseMonitor17] INFO  util.JvmPauseMonitor (JvmPauseMonitor.java:run(152)) - JvmPauseMonitor-36feb706-8d2b-450d-bbd6-33af8c2d1a3d: Stopped
2023-12-01 12:07:54,210 [0d726c29-49a1-421e-8ac7-200c2e9b483b-impl-thread4] INFO  segmented.SegmentedRaftLogWorker (SegmentedRaftLogWorker.java:close(243)) - 0d726c29-49a1-421e-8ac7-200c2e9b483b@group-55A70DD5F5D9-SegmentedRaftLogWorker close()
2023-12-01 12:07:54,320 [76b9be1d-1bf0-4a28-acca-c5c2681cc872-impl-thread2] INFO  segmented.SegmentedRaftLogWorker (SegmentedRaftLogWorker.java:close(243)) - 76b9be1d-1bf0-4a28-acca-c5c2681cc872@group-A1DF1286BA7E-SegmentedRaftLogWorker close()
2023-12-01 12:07:54,323 [JvmPauseMonitor16] INFO  util.JvmPauseMonitor (JvmPauseMonitor.java:run(152)) - JvmPauseMonitor-76b9be1d-1bf0-4a28-acca-c5c2681cc872: Stopped
2023-12-01 12:07:54,339 [af140fa9-d57b-4d38-ac23-ee5728971003-impl-thread2] INFO  segmented.SegmentedRaftLogWorker (SegmentedRaftLogWorker.java:close(243)) - af140fa9-d57b-4d38-ac23-ee5728971003@group-A1DF1286BA7E-SegmentedRaftLogWorker close()
2023-12-01 12:07:54,340 [JvmPauseMonitor15] INFO  util.JvmPauseMonitor (JvmPauseMonitor.java:run(152)) - JvmPauseMonitor-af140fa9-d57b-4d38-ac23-ee5728971003: Stopped
2023-12-01 12:07:54,350 [0d726c29-49a1-421e-8ac7-200c2e9b483b-impl-thread3] INFO  segmented.SegmentedRaftLogWorker (SegmentedRaftLogWorker.java:close(243)) - 0d726c29-49a1-421e-8ac7-200c2e9b483b@group-A1DF1286BA7E-SegmentedRaftLogWorker close()
2023-12-01 12:07:54,441 [585524aa-0c42-40b1-8d18-f2722508c145-impl-thread2] INFO  segmented.SegmentedRaftLogWorker (SegmentedRaftLogWorker.java:close(243)) - 585524aa-0c42-40b1-8d18-f2722508c145@group-84D970D8DD2E-SegmentedRaftLogWorker close()
2023-12-01 12:07:54,457 [e22ca2c5-a776-4b7c-8aca-6a18d36008b3-impl-thread2] INFO  segmented.SegmentedRaftLogWorker (SegmentedRaftLogWorker.java:close(243)) - e22ca2c5-a776-4b7c-8aca-6a18d36008b3@group-84D970D8DD2E-SegmentedRaftLogWorker close()
2023-12-01 12:07:54,462 [0d726c29-49a1-421e-8ac7-200c2e9b483b-impl-thread2] INFO  segmented.SegmentedRaftLogWorker (SegmentedRaftLogWorker.java:close(243)) - 0d726c29-49a1-421e-8ac7-200c2e9b483b@group-84D970D8DD2E-SegmentedRaftLogWorker close()
2023-12-01 12:07:54,494 [e22ca2c5-a776-4b7c-8aca-6a18d36008b3-impl-thread1] INFO  segmented.SegmentedRaftLogWorker (SegmentedRaftLogWorker.java:close(243)) - e22ca2c5-a776-4b7c-8aca-6a18d36008b3@group-158753A7AC69-SegmentedRaftLogWorker close()
2023-12-01 12:07:54,495 [JvmPauseMonitor20] INFO  util.JvmPauseMonitor (JvmPauseMonitor.java:run(152)) - JvmPauseMonitor-e22ca2c5-a776-4b7c-8aca-6a18d36008b3: Stopped
2023-12-01 12:07:54,508 [585524aa-0c42-40b1-8d18-f2722508c145-impl-thread1] INFO  segmented.SegmentedRaftLogWorker (SegmentedRaftLogWorker.java:close(243)) - 585524aa-0c42-40b1-8d18-f2722508c145@group-158753A7AC69-SegmentedRaftLogWorker close()
2023-12-01 12:07:54,508 [JvmPauseMonitor18] INFO  util.JvmPauseMonitor (JvmPauseMonitor.java:run(152)) - JvmPauseMonitor-585524aa-0c42-40b1-8d18-f2722508c145: Stopped
2023-12-01 12:07:54,509 [0d726c29-49a1-421e-8ac7-200c2e9b483b-impl-thread1] INFO  segmented.SegmentedRaftLogWorker (SegmentedRaftLogWorker.java:close(243)) - 0d726c29-49a1-421e-8ac7-200c2e9b483b@group-158753A7AC69-SegmentedRaftLogWorker close()
2023-12-01 12:07:54,509 [JvmPauseMonitor19] INFO  util.JvmPauseMonitor (JvmPauseMonitor.java:run(152)) - JvmPauseMonitor-0d726c29-49a1-421e-8ac7-200c2e9b483b: Stopped
2023-12-01 12:07:56,210 [ForkJoinPool.commonPool-worker-6] INFO  utils.DatanodeStoreCache (DatanodeStoreCache.java:shutdownCache(110)) - Skip clearing cache in mini cluster mode. Entries left: [/home/runner/work/ozone/ozone/hadoop-ozone/integration-test/target/test-dir/MiniOzoneClusterImpl-b249f779-13f2-4d94-9d49-8f38c7514c74/datanode-0/data-0/containers/hdds/b249f779-13f2-4d94-9d49-8f38c7514c74/DS-93d6db8a-aa63-4c1e-afa8-f842418853b6/container.db, /home/runner/work/ozone/ozone/hadoop-ozone/integration-test/target/test-dir/MiniOzoneClusterImpl-b249f779-13f2-4d94-9d49-8f38c7514c74/datanode-1/data-0/containers/hdds/b249f779-13f2-4d94-9d49-8f38c7514c74/DS-f6589d51-c0df-4930-afc5-d9351e215264/container.db, /home/runner/work/ozone/ozone/hadoop-ozone/integration-test/target/test-dir/MiniOzoneClusterImpl-b249f779-13f2-4d94-9d49-8f38c7514c74/datanode-2/data-0/containers/hdds/b249f779-13f2-4d94-9d49-8f38c7514c74/DS-fa94fce0-8072-45e4-b05e-5e4a0d6d11f1/container.db, /home/runner/work/ozone/ozone/hadoop-ozone/integration-test/target/test-dir/MiniOzoneClusterImpl-b249f779-13f2-4d94-9d49-8f38c7514c74/datanode-3/data-0/containers/hdds/b249f779-13f2-4d94-9d49-8f38c7514c74/DS-52cc51c8-9c5d-43e9-93d8-1895b368a3ae/container.db, /home/runner/work/ozone/ozone/hadoop-ozone/integration-test/target/test-dir/MiniOzoneClusterImpl-b249f779-13f2-4d94-9d49-8f38c7514c74/datanode-4/data-0/containers/hdds/b249f779-13f2-4d94-9d49-8f38c7514c74/DS-b13e0572-d48a-48d6-b88c-1e44aac15634/container.db, /home/runner/work/ozone/ozone/hadoop-ozone/integration-test/target/test-dir/MiniOzoneClusterImpl-b249f779-13f2-4d94-9d49-8f38c7514c74/datanode-5/data-0/containers/hdds/b249f779-13f2-4d94-9d49-8f38c7514c74/DS-feca81dd-035a-47a9-b250-b4afc116f281/container.db]
2023-12-01 12:07:56,213 [ForkJoinPool.commonPool-worker-6] INFO  utils.DatanodeStoreCache (DatanodeStoreCache.java:removeDB(104)) - Removed db /home/runner/work/ozone/ozone/hadoop-ozone/integration-test/target/test-dir/MiniOzoneClusterImpl-b249f779-13f2-4d94-9d49-8f38c7514c74/datanode-2/data-0/containers/hdds/b249f779-13f2-4d94-9d49-8f38c7514c74/DS-fa94fce0-8072-45e4-b05e-5e4a0d6d11f1/container.db from cache
2023-12-01 12:07:56,213 [ForkJoinPool.commonPool-worker-6] INFO  volume.HddsVolume (HddsVolume.java:closeDbStore(453)) - SchemaV3 db is stopped at /home/runner/work/ozone/ozone/hadoop-ozone/integration-test/target/test-dir/MiniOzoneClusterImpl-b249f779-13f2-4d94-9d49-8f38c7514c74/datanode-2/data-0/containers/hdds/b249f779-13f2-4d94-9d49-8f38c7514c74/DS-fa94fce0-8072-45e4-b05e-5e4a0d6d11f1/container.db for volume DS-fa94fce0-8072-45e4-b05e-5e4a0d6d11f1
2023-12-01 12:07:56,214 [ForkJoinPool.commonPool-worker-6] INFO  utils.BackgroundService (BackgroundService.java:shutdown(160)) - Shutting down service BlockDeletingService
2023-12-01 12:07:56,214 [ForkJoinPool.commonPool-worker-6] INFO  utils.BackgroundService (BackgroundService.java:shutdown(160)) - Shutting down service StaleRecoveringContainerScrubbingService
2023-12-01 12:07:56,216 [ForkJoinPool.commonPool-worker-6] INFO  statemachine.DatanodeStateMachine (DatanodeStateMachine.java:stopDaemon(638)) - Ozone container server stopped.
2023-12-01 12:07:56,218 [ForkJoinPool.commonPool-worker-6] INFO  handler.ContextHandler (ContextHandler.java:doStop(1159)) - Stopped o.e.j.w.WebAppContext@522c2a19{hddsDatanode,/,null,STOPPED}{jar:file:/home/runner/.m2/repository/org/apache/ozone/hdds-container-service/1.4.0-SNAPSHOT/hdds-container-service-1.4.0-SNAPSHOT.jar!/webapps/hddsDatanode}
2023-12-01 12:07:56,219 [ForkJoinPool.commonPool-worker-6] INFO  server.AbstractConnector (AbstractConnector.java:doStop(383)) - Stopped ServerConnector@390af2f0{HTTP/1.1, (http/1.1)}{0.0.0.0:15124}
2023-12-01 12:07:56,219 [ForkJoinPool.commonPool-worker-6] INFO  server.session (HouseKeeper.java:stopScavenging(149)) - node0 Stopped scavenging
2023-12-01 12:07:56,219 [ForkJoinPool.commonPool-worker-6] INFO  handler.ContextHandler (ContextHandler.java:doStop(1159)) - Stopped o.e.j.s.ServletContextHandler@1e5c7bba{static,/static,jar:file:/home/runner/.m2/repository/org/apache/ozone/hdds-container-service/1.4.0-SNAPSHOT/hdds-container-service-1.4.0-SNAPSHOT.jar!/webapps/static,STOPPED}
2023-12-01 12:07:56,220 [ForkJoinPool.commonPool-worker-6] INFO  handler.ContextHandler (ContextHandler.java:doStop(1159)) - Stopped o.e.j.s.ServletContextHandler@40c8291b{logs,/logs,file:///home/runner/work/ozone/ozone/hadoop-ozone/integration-test/target/log,STOPPED}
2023-12-01 12:07:56,220 [ForkJoinPool.commonPool-worker-6] INFO  ozone.HddsDatanodeClientProtocolServer (HddsDatanodeClientProtocolServer.java:stop(78)) - Stopping the RPC server for Client Protocol
2023-12-01 12:07:56,221 [ForkJoinPool.commonPool-worker-6] INFO  ipc.Server (Server.java:stop(3523)) - Stopping server on 15125
2023-12-01 12:07:56,221 [IPC Server listener on 15125] INFO  ipc.Server (Server.java:run(1434)) - Stopping IPC Server listener on 15125
2023-12-01 12:07:56,222 [IPC Server Responder] INFO  ipc.Server (Server.java:run(1567)) - Stopping IPC Server Responder
2023-12-01 12:07:56,325 [ForkJoinPool.commonPool-worker-3] INFO  utils.DatanodeStoreCache (DatanodeStoreCache.java:shutdownCache(110)) - Skip clearing cache in mini cluster mode. Entries left: [/home/runner/work/ozone/ozone/hadoop-ozone/integration-test/target/test-dir/MiniOzoneClusterImpl-b249f779-13f2-4d94-9d49-8f38c7514c74/datanode-0/data-0/containers/hdds/b249f779-13f2-4d94-9d49-8f38c7514c74/DS-93d6db8a-aa63-4c1e-afa8-f842418853b6/container.db, /home/runner/work/ozone/ozone/hadoop-ozone/integration-test/target/test-dir/MiniOzoneClusterImpl-b249f779-13f2-4d94-9d49-8f38c7514c74/datanode-1/data-0/containers/hdds/b249f779-13f2-4d94-9d49-8f38c7514c74/DS-f6589d51-c0df-4930-afc5-d9351e215264/container.db, /home/runner/work/ozone/ozone/hadoop-ozone/integration-test/target/test-dir/MiniOzoneClusterImpl-b249f779-13f2-4d94-9d49-8f38c7514c74/datanode-3/data-0/containers/hdds/b249f779-13f2-4d94-9d49-8f38c7514c74/DS-52cc51c8-9c5d-43e9-93d8-1895b368a3ae/container.db, /home/runner/work/ozone/ozone/hadoop-ozone/integration-test/target/test-dir/MiniOzoneClusterImpl-b249f779-13f2-4d94-9d49-8f38c7514c74/datanode-4/data-0/containers/hdds/b249f779-13f2-4d94-9d49-8f38c7514c74/DS-b13e0572-d48a-48d6-b88c-1e44aac15634/container.db, /home/runner/work/ozone/ozone/hadoop-ozone/integration-test/target/test-dir/MiniOzoneClusterImpl-b249f779-13f2-4d94-9d49-8f38c7514c74/datanode-5/data-0/containers/hdds/b249f779-13f2-4d94-9d49-8f38c7514c74/DS-feca81dd-035a-47a9-b250-b4afc116f281/container.db]
2023-12-01 12:07:56,328 [ForkJoinPool.commonPool-worker-3] INFO  utils.DatanodeStoreCache (DatanodeStoreCache.java:removeDB(104)) - Removed db /home/runner/work/ozone/ozone/hadoop-ozone/integration-test/target/test-dir/MiniOzoneClusterImpl-b249f779-13f2-4d94-9d49-8f38c7514c74/datanode-1/data-0/containers/hdds/b249f779-13f2-4d94-9d49-8f38c7514c74/DS-f6589d51-c0df-4930-afc5-d9351e215264/container.db from cache
2023-12-01 12:07:56,328 [ForkJoinPool.commonPool-worker-3] INFO  volume.HddsVolume (HddsVolume.java:closeDbStore(453)) - SchemaV3 db is stopped at /home/runner/work/ozone/ozone/hadoop-ozone/integration-test/target/test-dir/MiniOzoneClusterImpl-b249f779-13f2-4d94-9d49-8f38c7514c74/datanode-1/data-0/containers/hdds/b249f779-13f2-4d94-9d49-8f38c7514c74/DS-f6589d51-c0df-4930-afc5-d9351e215264/container.db for volume DS-f6589d51-c0df-4930-afc5-d9351e215264
2023-12-01 12:07:56,329 [ForkJoinPool.commonPool-worker-3] INFO  utils.BackgroundService (BackgroundService.java:shutdown(160)) - Shutting down service BlockDeletingService
2023-12-01 12:07:56,329 [ForkJoinPool.commonPool-worker-3] INFO  utils.BackgroundService (BackgroundService.java:shutdown(160)) - Shutting down service StaleRecoveringContainerScrubbingService
2023-12-01 12:07:56,330 [ForkJoinPool.commonPool-worker-3] INFO  statemachine.DatanodeStateMachine (DatanodeStateMachine.java:stopDaemon(638)) - Ozone container server stopped.
2023-12-01 12:07:56,331 [ForkJoinPool.commonPool-worker-3] INFO  handler.ContextHandler (ContextHandler.java:doStop(1159)) - Stopped o.e.j.w.WebAppContext@d7b5027{hddsDatanode,/,null,STOPPED}{jar:file:/home/runner/.m2/repository/org/apache/ozone/hdds-container-service/1.4.0-SNAPSHOT/hdds-container-service-1.4.0-SNAPSHOT.jar!/webapps/hddsDatanode}
2023-12-01 12:07:56,332 [ForkJoinPool.commonPool-worker-3] INFO  server.AbstractConnector (AbstractConnector.java:doStop(383)) - Stopped ServerConnector@275cf658{HTTP/1.1, (http/1.1)}{0.0.0.0:15115}
2023-12-01 12:07:56,332 [ForkJoinPool.commonPool-worker-3] INFO  server.session (HouseKeeper.java:stopScavenging(149)) - node0 Stopped scavenging
2023-12-01 12:07:56,332 [ForkJoinPool.commonPool-worker-3] INFO  handler.ContextHandler (ContextHandler.java:doStop(1159)) - Stopped o.e.j.s.ServletContextHandler@7c6567b6{static,/static,jar:file:/home/runner/.m2/repository/org/apache/ozone/hdds-container-service/1.4.0-SNAPSHOT/hdds-container-service-1.4.0-SNAPSHOT.jar!/webapps/static,STOPPED}
2023-12-01 12:07:56,333 [ForkJoinPool.commonPool-worker-3] INFO  handler.ContextHandler (ContextHandler.java:doStop(1159)) - Stopped o.e.j.s.ServletContextHandler@5d4fc083{logs,/logs,file:///home/runner/work/ozone/ozone/hadoop-ozone/integration-test/target/log,STOPPED}
2023-12-01 12:07:56,333 [ForkJoinPool.commonPool-worker-3] INFO  ozone.HddsDatanodeClientProtocolServer (HddsDatanodeClientProtocolServer.java:stop(78)) - Stopping the RPC server for Client Protocol
2023-12-01 12:07:56,334 [ForkJoinPool.commonPool-worker-3] INFO  ipc.Server (Server.java:stop(3523)) - Stopping server on 15116
2023-12-01 12:07:56,335 [IPC Server listener on 15116] INFO  ipc.Server (Server.java:run(1434)) - Stopping IPC Server listener on 15116
2023-12-01 12:07:56,335 [IPC Server Responder] INFO  ipc.Server (Server.java:run(1567)) - Stopping IPC Server Responder
2023-12-01 12:07:56,343 [ForkJoinPool.commonPool-worker-5] INFO  utils.DatanodeStoreCache (DatanodeStoreCache.java:shutdownCache(110)) - Skip clearing cache in mini cluster mode. Entries left: [/home/runner/work/ozone/ozone/hadoop-ozone/integration-test/target/test-dir/MiniOzoneClusterImpl-b249f779-13f2-4d94-9d49-8f38c7514c74/datanode-0/data-0/containers/hdds/b249f779-13f2-4d94-9d49-8f38c7514c74/DS-93d6db8a-aa63-4c1e-afa8-f842418853b6/container.db, /home/runner/work/ozone/ozone/hadoop-ozone/integration-test/target/test-dir/MiniOzoneClusterImpl-b249f779-13f2-4d94-9d49-8f38c7514c74/datanode-3/data-0/containers/hdds/b249f779-13f2-4d94-9d49-8f38c7514c74/DS-52cc51c8-9c5d-43e9-93d8-1895b368a3ae/container.db, /home/runner/work/ozone/ozone/hadoop-ozone/integration-test/target/test-dir/MiniOzoneClusterImpl-b249f779-13f2-4d94-9d49-8f38c7514c74/datanode-4/data-0/containers/hdds/b249f779-13f2-4d94-9d49-8f38c7514c74/DS-b13e0572-d48a-48d6-b88c-1e44aac15634/container.db, /home/runner/work/ozone/ozone/hadoop-ozone/integration-test/target/test-dir/MiniOzoneClusterImpl-b249f779-13f2-4d94-9d49-8f38c7514c74/datanode-5/data-0/containers/hdds/b249f779-13f2-4d94-9d49-8f38c7514c74/DS-feca81dd-035a-47a9-b250-b4afc116f281/container.db]
2023-12-01 12:07:56,344 [ForkJoinPool.commonPool-worker-5] INFO  utils.DatanodeStoreCache (DatanodeStoreCache.java:removeDB(104)) - Removed db /home/runner/work/ozone/ozone/hadoop-ozone/integration-test/target/test-dir/MiniOzoneClusterImpl-b249f779-13f2-4d94-9d49-8f38c7514c74/datanode-0/data-0/containers/hdds/b249f779-13f2-4d94-9d49-8f38c7514c74/DS-93d6db8a-aa63-4c1e-afa8-f842418853b6/container.db from cache
2023-12-01 12:07:56,344 [ForkJoinPool.commonPool-worker-5] INFO  volume.HddsVolume (HddsVolume.java:closeDbStore(453)) - SchemaV3 db is stopped at /home/runner/work/ozone/ozone/hadoop-ozone/integration-test/target/test-dir/MiniOzoneClusterImpl-b249f779-13f2-4d94-9d49-8f38c7514c74/datanode-0/data-0/containers/hdds/b249f779-13f2-4d94-9d49-8f38c7514c74/DS-93d6db8a-aa63-4c1e-afa8-f842418853b6/container.db for volume DS-93d6db8a-aa63-4c1e-afa8-f842418853b6
2023-12-01 12:07:56,345 [ForkJoinPool.commonPool-worker-5] INFO  utils.BackgroundService (BackgroundService.java:shutdown(160)) - Shutting down service BlockDeletingService
2023-12-01 12:07:56,346 [ForkJoinPool.commonPool-worker-5] INFO  utils.BackgroundService (BackgroundService.java:shutdown(160)) - Shutting down service StaleRecoveringContainerScrubbingService
2023-12-01 12:07:56,346 [ForkJoinPool.commonPool-worker-5] INFO  statemachine.DatanodeStateMachine (DatanodeStateMachine.java:stopDaemon(638)) - Ozone container server stopped.
2023-12-01 12:07:56,348 [ForkJoinPool.commonPool-worker-5] INFO  handler.ContextHandler (ContextHandler.java:doStop(1159)) - Stopped o.e.j.w.WebAppContext@11b3f8e4{hddsDatanode,/,null,STOPPED}{jar:file:/home/runner/.m2/repository/org/apache/ozone/hdds-container-service/1.4.0-SNAPSHOT/hdds-container-service-1.4.0-SNAPSHOT.jar!/webapps/hddsDatanode}
2023-12-01 12:07:56,348 [ForkJoinPool.commonPool-worker-5] INFO  server.AbstractConnector (AbstractConnector.java:doStop(383)) - Stopped ServerConnector@7eb07a68{HTTP/1.1, (http/1.1)}{0.0.0.0:15106}
2023-12-01 12:07:56,348 [ForkJoinPool.commonPool-worker-5] INFO  server.session (HouseKeeper.java:stopScavenging(149)) - node0 Stopped scavenging
2023-12-01 12:07:56,349 [ForkJoinPool.commonPool-worker-5] INFO  handler.ContextHandler (ContextHandler.java:doStop(1159)) - Stopped o.e.j.s.ServletContextHandler@376e5c64{static,/static,jar:file:/home/runner/.m2/repository/org/apache/ozone/hdds-container-service/1.4.0-SNAPSHOT/hdds-container-service-1.4.0-SNAPSHOT.jar!/webapps/static,STOPPED}
2023-12-01 12:07:56,349 [ForkJoinPool.commonPool-worker-5] INFO  handler.ContextHandler (ContextHandler.java:doStop(1159)) - Stopped o.e.j.s.ServletContextHandler@3959a3f2{logs,/logs,file:///home/runner/work/ozone/ozone/hadoop-ozone/integration-test/target/log,STOPPED}
2023-12-01 12:07:56,349 [ForkJoinPool.commonPool-worker-5] INFO  ozone.HddsDatanodeClientProtocolServer (HddsDatanodeClientProtocolServer.java:stop(78)) - Stopping the RPC server for Client Protocol
2023-12-01 12:07:56,349 [ForkJoinPool.commonPool-worker-5] INFO  ipc.Server (Server.java:stop(3523)) - Stopping server on 15107
2023-12-01 12:07:56,350 [IPC Server listener on 15107] INFO  ipc.Server (Server.java:run(1434)) - Stopping IPC Server listener on 15107
2023-12-01 12:07:56,350 [IPC Server Responder] INFO  ipc.Server (Server.java:run(1567)) - Stopping IPC Server Responder
2023-12-01 12:07:56,497 [ForkJoinPool.commonPool-worker-4] INFO  utils.DatanodeStoreCache (DatanodeStoreCache.java:shutdownCache(110)) - Skip clearing cache in mini cluster mode. Entries left: [/home/runner/work/ozone/ozone/hadoop-ozone/integration-test/target/test-dir/MiniOzoneClusterImpl-b249f779-13f2-4d94-9d49-8f38c7514c74/datanode-3/data-0/containers/hdds/b249f779-13f2-4d94-9d49-8f38c7514c74/DS-52cc51c8-9c5d-43e9-93d8-1895b368a3ae/container.db, /home/runner/work/ozone/ozone/hadoop-ozone/integration-test/target/test-dir/MiniOzoneClusterImpl-b249f779-13f2-4d94-9d49-8f38c7514c74/datanode-4/data-0/containers/hdds/b249f779-13f2-4d94-9d49-8f38c7514c74/DS-b13e0572-d48a-48d6-b88c-1e44aac15634/container.db, /home/runner/work/ozone/ozone/hadoop-ozone/integration-test/target/test-dir/MiniOzoneClusterImpl-b249f779-13f2-4d94-9d49-8f38c7514c74/datanode-5/data-0/containers/hdds/b249f779-13f2-4d94-9d49-8f38c7514c74/DS-feca81dd-035a-47a9-b250-b4afc116f281/container.db]
2023-12-01 12:07:56,498 [ForkJoinPool.commonPool-worker-4] INFO  utils.DatanodeStoreCache (DatanodeStoreCache.java:removeDB(104)) - Removed db /home/runner/work/ozone/ozone/hadoop-ozone/integration-test/target/test-dir/MiniOzoneClusterImpl-b249f779-13f2-4d94-9d49-8f38c7514c74/datanode-5/data-0/containers/hdds/b249f779-13f2-4d94-9d49-8f38c7514c74/DS-feca81dd-035a-47a9-b250-b4afc116f281/container.db from cache
2023-12-01 12:07:56,498 [ForkJoinPool.commonPool-worker-4] INFO  volume.HddsVolume (HddsVolume.java:closeDbStore(453)) - SchemaV3 db is stopped at /home/runner/work/ozone/ozone/hadoop-ozone/integration-test/target/test-dir/MiniOzoneClusterImpl-b249f779-13f2-4d94-9d49-8f38c7514c74/datanode-5/data-0/containers/hdds/b249f779-13f2-4d94-9d49-8f38c7514c74/DS-feca81dd-035a-47a9-b250-b4afc116f281/container.db for volume DS-feca81dd-035a-47a9-b250-b4afc116f281
2023-12-01 12:07:56,498 [ForkJoinPool.commonPool-worker-4] INFO  utils.BackgroundService (BackgroundService.java:shutdown(160)) - Shutting down service BlockDeletingService
2023-12-01 12:07:56,498 [ForkJoinPool.commonPool-worker-4] INFO  utils.BackgroundService (BackgroundService.java:shutdown(160)) - Shutting down service StaleRecoveringContainerScrubbingService
2023-12-01 12:07:56,500 [ForkJoinPool.commonPool-worker-4] INFO  statemachine.DatanodeStateMachine (DatanodeStateMachine.java:stopDaemon(638)) - Ozone container server stopped.
2023-12-01 12:07:56,501 [ForkJoinPool.commonPool-worker-4] INFO  handler.ContextHandler (ContextHandler.java:doStop(1159)) - Stopped o.e.j.w.WebAppContext@1e1a4a92{hddsDatanode,/,null,STOPPED}{jar:file:/home/runner/.m2/repository/org/apache/ozone/hdds-container-service/1.4.0-SNAPSHOT/hdds-container-service-1.4.0-SNAPSHOT.jar!/webapps/hddsDatanode}
2023-12-01 12:07:56,502 [ForkJoinPool.commonPool-worker-4] INFO  server.AbstractConnector (AbstractConnector.java:doStop(383)) - Stopped ServerConnector@b9252ac{HTTP/1.1, (http/1.1)}{0.0.0.0:15151}
2023-12-01 12:07:56,502 [ForkJoinPool.commonPool-worker-4] INFO  server.session (HouseKeeper.java:stopScavenging(149)) - node0 Stopped scavenging
2023-12-01 12:07:56,502 [ForkJoinPool.commonPool-worker-4] INFO  handler.ContextHandler (ContextHandler.java:doStop(1159)) - Stopped o.e.j.s.ServletContextHandler@3ba1113e{static,/static,jar:file:/home/runner/.m2/repository/org/apache/ozone/hdds-container-service/1.4.0-SNAPSHOT/hdds-container-service-1.4.0-SNAPSHOT.jar!/webapps/static,STOPPED}
2023-12-01 12:07:56,503 [ForkJoinPool.commonPool-worker-4] INFO  handler.ContextHandler (ContextHandler.java:doStop(1159)) - Stopped o.e.j.s.ServletContextHandler@1502c366{logs,/logs,file:///home/runner/work/ozone/ozone/hadoop-ozone/integration-test/target/log,STOPPED}
2023-12-01 12:07:56,503 [ForkJoinPool.commonPool-worker-4] INFO  ozone.HddsDatanodeClientProtocolServer (HddsDatanodeClientProtocolServer.java:stop(78)) - Stopping the RPC server for Client Protocol
2023-12-01 12:07:56,503 [ForkJoinPool.commonPool-worker-4] INFO  ipc.Server (Server.java:stop(3523)) - Stopping server on 15152
2023-12-01 12:07:56,504 [IPC Server listener on 15152] INFO  ipc.Server (Server.java:run(1434)) - Stopping IPC Server listener on 15152
2023-12-01 12:07:56,504 [IPC Server Responder] INFO  ipc.Server (Server.java:run(1567)) - Stopping IPC Server Responder
2023-12-01 12:07:56,511 [ForkJoinPool.commonPool-worker-7] INFO  utils.DatanodeStoreCache (DatanodeStoreCache.java:shutdownCache(110)) - Skip clearing cache in mini cluster mode. Entries left: [/home/runner/work/ozone/ozone/hadoop-ozone/integration-test/target/test-dir/MiniOzoneClusterImpl-b249f779-13f2-4d94-9d49-8f38c7514c74/datanode-3/data-0/containers/hdds/b249f779-13f2-4d94-9d49-8f38c7514c74/DS-52cc51c8-9c5d-43e9-93d8-1895b368a3ae/container.db, /home/runner/work/ozone/ozone/hadoop-ozone/integration-test/target/test-dir/MiniOzoneClusterImpl-b249f779-13f2-4d94-9d49-8f38c7514c74/datanode-4/data-0/containers/hdds/b249f779-13f2-4d94-9d49-8f38c7514c74/DS-b13e0572-d48a-48d6-b88c-1e44aac15634/container.db]
2023-12-01 12:07:56,511 [main] INFO  utils.DatanodeStoreCache (DatanodeStoreCache.java:shutdownCache(110)) - Skip clearing cache in mini cluster mode. Entries left: [/home/runner/work/ozone/ozone/hadoop-ozone/integration-test/target/test-dir/MiniOzoneClusterImpl-b249f779-13f2-4d94-9d49-8f38c7514c74/datanode-3/data-0/containers/hdds/b249f779-13f2-4d94-9d49-8f38c7514c74/DS-52cc51c8-9c5d-43e9-93d8-1895b368a3ae/container.db, /home/runner/work/ozone/ozone/hadoop-ozone/integration-test/target/test-dir/MiniOzoneClusterImpl-b249f779-13f2-4d94-9d49-8f38c7514c74/datanode-4/data-0/containers/hdds/b249f779-13f2-4d94-9d49-8f38c7514c74/DS-b13e0572-d48a-48d6-b88c-1e44aac15634/container.db]
2023-12-01 12:07:56,512 [ForkJoinPool.commonPool-worker-7] INFO  utils.DatanodeStoreCache (DatanodeStoreCache.java:removeDB(104)) - Removed db /home/runner/work/ozone/ozone/hadoop-ozone/integration-test/target/test-dir/MiniOzoneClusterImpl-b249f779-13f2-4d94-9d49-8f38c7514c74/datanode-4/data-0/containers/hdds/b249f779-13f2-4d94-9d49-8f38c7514c74/DS-b13e0572-d48a-48d6-b88c-1e44aac15634/container.db from cache
2023-12-01 12:07:56,512 [ForkJoinPool.commonPool-worker-7] INFO  volume.HddsVolume (HddsVolume.java:closeDbStore(453)) - SchemaV3 db is stopped at /home/runner/work/ozone/ozone/hadoop-ozone/integration-test/target/test-dir/MiniOzoneClusterImpl-b249f779-13f2-4d94-9d49-8f38c7514c74/datanode-4/data-0/containers/hdds/b249f779-13f2-4d94-9d49-8f38c7514c74/DS-b13e0572-d48a-48d6-b88c-1e44aac15634/container.db for volume DS-b13e0572-d48a-48d6-b88c-1e44aac15634
2023-12-01 12:07:56,512 [ForkJoinPool.commonPool-worker-7] INFO  utils.BackgroundService (BackgroundService.java:shutdown(160)) - Shutting down service BlockDeletingService
2023-12-01 12:07:56,512 [main] INFO  utils.DatanodeStoreCache (DatanodeStoreCache.java:removeDB(104)) - Removed db /home/runner/work/ozone/ozone/hadoop-ozone/integration-test/target/test-dir/MiniOzoneClusterImpl-b249f779-13f2-4d94-9d49-8f38c7514c74/datanode-3/data-0/containers/hdds/b249f779-13f2-4d94-9d49-8f38c7514c74/DS-52cc51c8-9c5d-43e9-93d8-1895b368a3ae/container.db from cache
2023-12-01 12:07:56,512 [main] INFO  volume.HddsVolume (HddsVolume.java:closeDbStore(453)) - SchemaV3 db is stopped at /home/runner/work/ozone/ozone/hadoop-ozone/integration-test/target/test-dir/MiniOzoneClusterImpl-b249f779-13f2-4d94-9d49-8f38c7514c74/datanode-3/data-0/containers/hdds/b249f779-13f2-4d94-9d49-8f38c7514c74/DS-52cc51c8-9c5d-43e9-93d8-1895b368a3ae/container.db for volume DS-52cc51c8-9c5d-43e9-93d8-1895b368a3ae
2023-12-01 12:07:56,513 [main] INFO  utils.BackgroundService (BackgroundService.java:shutdown(160)) - Shutting down service BlockDeletingService
2023-12-01 12:07:56,513 [ForkJoinPool.commonPool-worker-7] INFO  utils.BackgroundService (BackgroundService.java:shutdown(160)) - Shutting down service StaleRecoveringContainerScrubbingService
2023-12-01 12:07:56,513 [ForkJoinPool.commonPool-worker-7] INFO  statemachine.DatanodeStateMachine (DatanodeStateMachine.java:stopDaemon(638)) - Ozone container server stopped.
2023-12-01 12:07:56,513 [main] INFO  utils.BackgroundService (BackgroundService.java:shutdown(160)) - Shutting down service StaleRecoveringContainerScrubbingService
2023-12-01 12:07:56,516 [ForkJoinPool.commonPool-worker-7] INFO  handler.ContextHandler (ContextHandler.java:doStop(1159)) - Stopped o.e.j.w.WebAppContext@413de39d{hddsDatanode,/,null,STOPPED}{jar:file:/home/runner/.m2/repository/org/apache/ozone/hdds-container-service/1.4.0-SNAPSHOT/hdds-container-service-1.4.0-SNAPSHOT.jar!/webapps/hddsDatanode}
2023-12-01 12:07:56,516 [main] INFO  statemachine.DatanodeStateMachine (DatanodeStateMachine.java:stopDaemon(638)) - Ozone container server stopped.
2023-12-01 12:07:56,518 [ForkJoinPool.commonPool-worker-7] INFO  server.AbstractConnector (AbstractConnector.java:doStop(383)) - Stopped ServerConnector@78740e7c{HTTP/1.1, (http/1.1)}{0.0.0.0:15142}
2023-12-01 12:07:56,518 [ForkJoinPool.commonPool-worker-7] INFO  server.session (HouseKeeper.java:stopScavenging(149)) - node0 Stopped scavenging
2023-12-01 12:07:56,520 [main] INFO  handler.ContextHandler (ContextHandler.java:doStop(1159)) - Stopped o.e.j.w.WebAppContext@20a4c67d{hddsDatanode,/,null,STOPPED}{jar:file:/home/runner/.m2/repository/org/apache/ozone/hdds-container-service/1.4.0-SNAPSHOT/hdds-container-service-1.4.0-SNAPSHOT.jar!/webapps/hddsDatanode}
2023-12-01 12:07:56,521 [ForkJoinPool.commonPool-worker-7] INFO  handler.ContextHandler (ContextHandler.java:doStop(1159)) - Stopped o.e.j.s.ServletContextHandler@bb08766{static,/static,jar:file:/home/runner/.m2/repository/org/apache/ozone/hdds-container-service/1.4.0-SNAPSHOT/hdds-container-service-1.4.0-SNAPSHOT.jar!/webapps/static,STOPPED}
2023-12-01 12:07:56,521 [ForkJoinPool.commonPool-worker-7] INFO  handler.ContextHandler (ContextHandler.java:doStop(1159)) - Stopped o.e.j.s.ServletContextHandler@7b3207{logs,/logs,file:///home/runner/work/ozone/ozone/hadoop-ozone/integration-test/target/log,STOPPED}
2023-12-01 12:07:56,522 [ForkJoinPool.commonPool-worker-7] INFO  ozone.HddsDatanodeClientProtocolServer (HddsDatanodeClientProtocolServer.java:stop(78)) - Stopping the RPC server for Client Protocol
2023-12-01 12:07:56,522 [ForkJoinPool.commonPool-worker-7] INFO  ipc.Server (Server.java:stop(3523)) - Stopping server on 15143
2023-12-01 12:07:56,522 [IPC Server Responder] INFO  ipc.Server (Server.java:run(1567)) - Stopping IPC Server Responder
2023-12-01 12:07:56,523 [IPC Server listener on 15143] INFO  ipc.Server (Server.java:run(1434)) - Stopping IPC Server listener on 15143
2023-12-01 12:07:56,523 [main] INFO  server.AbstractConnector (AbstractConnector.java:doStop(383)) - Stopped ServerConnector@1d51a5d7{HTTP/1.1, (http/1.1)}{0.0.0.0:15133}
2023-12-01 12:07:56,523 [main] INFO  server.session (HouseKeeper.java:stopScavenging(149)) - node0 Stopped scavenging
2023-12-01 12:07:56,524 [main] INFO  handler.ContextHandler (ContextHandler.java:doStop(1159)) - Stopped o.e.j.s.ServletContextHandler@2cca0a50{static,/static,jar:file:/home/runner/.m2/repository/org/apache/ozone/hdds-container-service/1.4.0-SNAPSHOT/hdds-container-service-1.4.0-SNAPSHOT.jar!/webapps/static,STOPPED}
2023-12-01 12:07:56,524 [main] INFO  handler.ContextHandler (ContextHandler.java:doStop(1159)) - Stopped o.e.j.s.ServletContextHandler@25f0f461{logs,/logs,file:///home/runner/work/ozone/ozone/hadoop-ozone/integration-test/target/log,STOPPED}
2023-12-01 12:07:56,525 [main] INFO  ozone.HddsDatanodeClientProtocolServer (HddsDatanodeClientProtocolServer.java:stop(78)) - Stopping the RPC server for Client Protocol
2023-12-01 12:07:56,525 [main] INFO  ipc.Server (Server.java:stop(3523)) - Stopping server on 15134
2023-12-01 12:07:56,526 [IPC Server listener on 15134] INFO  ipc.Server (Server.java:run(1434)) - Stopping IPC Server listener on 15134
2023-12-01 12:07:56,526 [IPC Server Responder] INFO  ipc.Server (Server.java:run(1567)) - Stopping IPC Server Responder
2023-12-01 12:07:56,527 [main] INFO  ozone.MiniOzoneClusterImpl (MiniOzoneClusterImpl.java:stopSCM(551)) - Stopping the StorageContainerManager
2023-12-01 12:07:56,527 [main] INFO  server.StorageContainerManager (StorageContainerManager.java:stop(1620)) - Container Balancer is not running.
2023-12-01 12:07:56,527 [main] INFO  server.StorageContainerManager (StorageContainerManager.java:stopReplicationManager(1753)) - Stopping Replication Manager Service.
2023-12-01 12:07:56,527 [main] INFO  replication.ReplicationManager (ReplicationManager.java:stop(322)) - Stopping Replication Monitor Thread.
2023-12-01 12:07:56,527 [main] INFO  server.StorageContainerManager (StorageContainerManager.java:stop(1629)) - Stopping the Datanode Admin Monitor.
2023-12-01 12:07:56,527 [OverReplicatedProcessor] WARN  replication.UnhealthyReplicationProcessor (UnhealthyReplicationProcessor.java:run(180)) - OverReplicatedProcessor interrupted. Exiting...
2023-12-01 12:07:56,527 [main] INFO  server.StorageContainerManager (StorageContainerManager.java:stop(1636)) - Stopping datanode service RPC server
2023-12-01 12:07:56,527 [UnderReplicatedProcessor] WARN  replication.UnhealthyReplicationProcessor (UnhealthyReplicationProcessor.java:run(180)) - UnderReplicatedProcessor interrupted. Exiting...
2023-12-01 12:07:56,527 [ReplicationMonitor] INFO  replication.ReplicationManager (ReplicationManager.java:run(921)) - Replication Monitor Thread is stopped
2023-12-01 12:07:56,528 [main] INFO  server.SCMDatanodeProtocolServer (SCMDatanodeProtocolServer.java:stop(424)) - Stopping the RPC server for DataNodes
2023-12-01 12:07:56,528 [main] INFO  ipc.Server (Server.java:stop(3523)) - Stopping server on 15099
2023-12-01 12:07:56,529 [IPC Server listener on 15099] INFO  ipc.Server (Server.java:run(1434)) - Stopping IPC Server listener on 15099
2023-12-01 12:07:56,529 [IPC Server Responder] INFO  ipc.Server (Server.java:run(1567)) - Stopping IPC Server Responder
2023-12-01 12:07:57,261 [SCMHeartbeatProcessor-0] WARN  node.NodeStateManager (NodeStateManager.java:scheduleNextHealthCheck(878)) - Current Thread is interrupted, shutting down HB processing thread for Node Manager.
2023-12-01 12:07:57,261 [main] INFO  server.StorageContainerManager (StorageContainerManager.java:stop(1644)) - Stopping block service RPC server
2023-12-01 12:07:57,261 [main] INFO  server.SCMBlockProtocolServer (SCMBlockProtocolServer.java:stop(167)) - Stopping the RPC server for Block Protocol
2023-12-01 12:07:57,261 [main] INFO  ipc.Server (Server.java:stop(3523)) - Stopping server on 15098
2023-12-01 12:07:57,262 [IPC Server listener on 15098] INFO  ipc.Server (Server.java:run(1434)) - Stopping IPC Server listener on 15098
2023-12-01 12:07:57,262 [IPC Server Responder] INFO  ipc.Server (Server.java:run(1567)) - Stopping IPC Server Responder
2023-12-01 12:07:57,263 [main] INFO  server.StorageContainerManager (StorageContainerManager.java:stop(1651)) - Stopping the StorageContainerLocationProtocol RPC server
2023-12-01 12:07:57,263 [main] INFO  server.SCMClientProtocolServer (SCMClientProtocolServer.java:stop(210)) - Stopping the RPC server for Client Protocol
2023-12-01 12:07:57,263 [main] INFO  ipc.Server (Server.java:stop(3523)) - Stopping server on 15097
2023-12-01 12:07:57,265 [IPC Server listener on 15097] INFO  ipc.Server (Server.java:run(1434)) - Stopping IPC Server listener on 15097
2023-12-01 12:07:57,265 [IPC Server Responder] INFO  ipc.Server (Server.java:run(1567)) - Stopping IPC Server Responder
2023-12-01 12:07:57,265 [main] INFO  server.StorageContainerManager (StorageContainerManager.java:stop(1658)) - Stopping Storage Container Manager HTTP server.
2023-12-01 12:07:57,266 [main] INFO  handler.ContextHandler (ContextHandler.java:doStop(1159)) - Stopped o.e.j.w.WebAppContext@4d5647c4{scm,/,null,STOPPED}{file:/home/runner/work/ozone/ozone/hadoop-ozone/integration-test/target/test-classes/webapps/scm}
2023-12-01 12:07:57,266 [main] INFO  server.AbstractConnector (AbstractConnector.java:doStop(383)) - Stopped ServerConnector@1da9726b{HTTP/1.1, (http/1.1)}{0.0.0.0:15100}
2023-12-01 12:07:57,267 [main] INFO  server.session (HouseKeeper.java:stopScavenging(149)) - node0 Stopped scavenging
2023-12-01 12:07:57,267 [main] INFO  handler.ContextHandler (ContextHandler.java:doStop(1159)) - Stopped o.e.j.s.ServletContextHandler@571850c{static,/static,file:///home/runner/work/ozone/ozone/hadoop-ozone/integration-test/target/test-classes/webapps/static,STOPPED}
2023-12-01 12:07:57,267 [main] INFO  handler.ContextHandler (ContextHandler.java:doStop(1159)) - Stopped o.e.j.s.ServletContextHandler@6184047b{logs,/logs,file:///home/runner/work/ozone/ozone/hadoop-ozone/integration-test/target/log,STOPPED}
2023-12-01 12:07:57,267 [main] INFO  server.StorageContainerManager (StorageContainerManager.java:stop(1666)) - Stopping SCM LayoutVersionManager Service.
2023-12-01 12:07:57,268 [main] INFO  server.StorageContainerManager (StorageContainerManager.java:stop(1678)) - Stopping Block Manager Service.
2023-12-01 12:07:57,268 [main] INFO  utils.BackgroundService (BackgroundService.java:shutdown(160)) - Shutting down service SCMBlockDeletingService
2023-12-01 12:07:57,268 [main] INFO  utils.BackgroundService (BackgroundService.java:shutdown(160)) - Shutting down service SCMBlockDeletingService
2023-12-01 12:07:57,268 [main] INFO  server.StorageContainerManager (StorageContainerManager.java:stop(1698)) - Stopping SCM Event Queue.
2023-12-01 12:07:57,269 [JvmPauseMonitor13] INFO  util.JvmPauseMonitor (JvmPauseMonitor.java:run(152)) - JvmPauseMonitor-63045b79-2103-4a8f-8f85-a6f38186e25d: Stopped
2023-12-01 12:07:57,269 [main] INFO  server.StorageContainerManager (StorageContainerManager.java:stop(1709)) - Stopping SCM HA services.
2023-12-01 12:07:57,269 [main] INFO  pipeline.BackgroundPipelineCreator (BackgroundPipelineCreator.java:stop(152)) - Stopping RatisPipelineUtilsThread.
2023-12-01 12:07:57,269 [RatisPipelineUtilsThread-0] WARN  pipeline.BackgroundPipelineCreator (BackgroundPipelineCreator.java:run(183)) - RatisPipelineUtilsThread is interrupted.
2023-12-01 12:07:57,269 [main] INFO  BackgroundPipelineScrubber (BackgroundSCMService.java:stop(131)) - Stopping BackgroundPipelineScrubber Service.
2023-12-01 12:07:57,269 [BackgroundPipelineScrubber] WARN  BackgroundPipelineScrubber (BackgroundSCMService.java:run(115)) - BackgroundPipelineScrubber is interrupted, exit
2023-12-01 12:07:57,270 [main] INFO  impl.MetricsSystemImpl (MetricsSystemImpl.java:stop(210)) - Stopping HddsDatanode metrics system...
2023-12-01 12:07:57,271 [prometheus] INFO  impl.MetricsSinkAdapter (MetricsSinkAdapter.java:publishMetricsFromQueue(141)) - prometheus thread interrupted.
2023-12-01 12:07:57,271 [main] INFO  impl.MetricsSystemImpl (MetricsSystemImpl.java:stop(216)) - HddsDatanode metrics system stopped.
2023-12-01 12:07:57,271 [main] WARN  pipeline.BackgroundPipelineCreator (BackgroundPipelineCreator.java:stop(148)) - RatisPipelineUtilsThread is not running, just ignore.
2023-12-01 12:07:57,272 [main] INFO  BackgroundPipelineScrubber (BackgroundSCMService.java:stop(126)) - BackgroundPipelineScrubber Service is not running, skip stop.
2023-12-01 12:07:57,272 [main] INFO  ExpiredContainerReplicaOpScrubber (BackgroundSCMService.java:stop(131)) - Stopping ExpiredContainerReplicaOpScrubber Service.
2023-12-01 12:07:57,272 [ExpiredContainerReplicaOpScrubber] WARN  ExpiredContainerReplicaOpScrubber (BackgroundSCMService.java:run(115)) - ExpiredContainerReplicaOpScrubber is interrupted, exit
2023-12-01 12:07:57,272 [main] INFO  utils.BackgroundService (BackgroundService.java:shutdown(160)) - Shutting down service SCMBlockDeletingService
2023-12-01 12:07:57,272 [main] INFO  replication.ReplicationManager (ReplicationManager.java:stop(332)) - Replication Monitor Thread is not running.
2023-12-01 12:07:57,272 [main] WARN  balancer.ContainerBalancer (ContainerBalancer.java:stop(327)) - Cannot stop Container Balancer because it's not running or stopping
2023-12-01 12:07:57,272 [LeaseManager#LeaseMonitor] WARN  lease.LeaseManager (LeaseManager.java:run(287)) - Lease manager is interrupted. Shutting down...
java.lang.InterruptedException
	at java.util.concurrent.locks.AbstractQueuedSynchronizer.doAcquireSharedNanos(AbstractQueuedSynchronizer.java:1039)
	at java.util.concurrent.locks.AbstractQueuedSynchronizer.tryAcquireSharedNanos(AbstractQueuedSynchronizer.java:1328)
	at java.util.concurrent.Semaphore.tryAcquire(Semaphore.java:409)
	at org.apache.hadoop.ozone.lease.LeaseManager$LeaseMonitor.run(LeaseManager.java:285)
	at java.lang.Thread.run(Thread.java:750)
2023-12-01 12:07:57,272 [main] INFO  server.StorageContainerManager (StorageContainerManager.java:stop(1744)) - Stopping SCM MetadataStore.
2023-12-01 12:07:57,302 [main] INFO  db.CodecTestUtil (CodecTestUtil.java:gc(47)) - gc 0
]]></system-out>
  </testcase>
</testsuite>