<?xml version="1.0" encoding="UTF-8"?>
<testsuite xmlns:xsi="http://www.w3.org/2001/XMLSchema-instance" xsi:noNamespaceSchemaLocation="https://maven.apache.org/surefire/maven-surefire-plugin/xsd/surefire-test-report.xsd" name="org.apache.hadoop.ozone.om.TestOzoneManagerPrepare" time="188.528" tests="6" errors="1" skipped="1" failures="0">
  <properties>
    <property name="awt.toolkit" value="sun.awt.X11.XToolkit"/>
    <property name="file.encoding.pkg" value="sun.io"/>
    <property name="java.specification.version" value="1.8"/>
    <property name="sun.cpu.isalist" value=""/>
    <property name="sun.jnu.encoding" value="UTF-8"/>
    <property name="java.class.path" value="/home/runner/work/ozone/ozone/hadoop-ozone/integration-test/target/test-classes:/home/runner/work/ozone/ozone/hadoop-ozone/integration-test/target/classes:/home/runner/.m2/repository/org/apache/ozone/ozone-common/1.3.0-SNAPSHOT/ozone-common-1.3.0-SNAPSHOT.jar:/home/runner/.m2/repository/org/apache/commons/commons-compress/1.21/commons-compress-1.21.jar:/home/runner/.m2/repository/org/apache/ozone/hdds-common/1.3.0-SNAPSHOT/hdds-common-1.3.0-SNAPSHOT.jar:/home/runner/.m2/repository/org/apache/ozone/hdds-client/1.3.0-SNAPSHOT/hdds-client-1.3.0-SNAPSHOT.jar:/home/runner/.m2/repository/org/apache/ozone/ozone-interface-client/1.3.0-SNAPSHOT/ozone-interface-client-1.3.0-SNAPSHOT.jar:/home/runner/.m2/repository/org/apache/ozone/hdds-test-utils/1.3.0-SNAPSHOT/hdds-test-utils-1.3.0-SNAPSHOT.jar:/home/runner/.m2/repository/com/google/guava/guava/30.1.1-jre/guava-30.1.1-jre.jar:/home/runner/.m2/repository/com/google/guava/failureaccess/1.0.1/failureaccess-1.0.1.jar:/home/runner/.m2/repository/com/google/guava/listenablefuture/9999.0-empty-to-avoid-conflict-with-guava/listenablefuture-9999.0-empty-to-avoid-conflict-with-guava.jar:/home/runner/.m2/repository/com/google/code/findbugs/jsr305/3.0.0/jsr305-3.0.0.jar:/home/runner/.m2/repository/org/checkerframework/checker-qual/3.8.0/checker-qual-3.8.0.jar:/home/runner/.m2/repository/com/google/errorprone/error_prone_annotations/2.2.0/error_prone_annotations-2.2.0.jar:/home/runner/.m2/repository/com/google/j2objc/j2objc-annotations/1.3/j2objc-annotations-1.3.jar:/home/runner/.m2/repository/commons-io/commons-io/2.11.0/commons-io-2.11.0.jar:/home/runner/.m2/repository/commons-logging/commons-logging/1.2/commons-logging-1.2.jar:/home/runner/.m2/repository/log4j/log4j/1.2.17/log4j-1.2.17.jar:/home/runner/.m2/repository/org/slf4j/slf4j-api/1.7.30/slf4j-api-1.7.30.jar:/home/runner/.m2/repository/org/apache/ozone/hdds-server-scm/1.3.0-SNAPSHOT/hdds-server-scm-1.3.0-SNAPSHOT.jar:/home/runner/.m2/repository/org/apache/ozone/hdds-container-service/1.3.0-SNAPSHOT/hdds-container-service-1.3.0-SNAPSHOT.jar:/home/runner/.m2/repository/org/apache/ozone/hdds-hadoop-dependency-server/1.3.0-SNAPSHOT/hdds-hadoop-dependency-server-1.3.0-SNAPSHOT.jar:/home/runner/.m2/repository/org/apache/hadoop/hadoop-hdfs/3.3.1/hadoop-hdfs-3.3.1.jar:/home/runner/.m2/repository/org/apache/ozone/hdds-server-framework/1.3.0-SNAPSHOT/hdds-server-framework-1.3.0-SNAPSHOT.jar:/home/runner/.m2/repository/org/apache/ozone/hdds-interface-server/1.3.0-SNAPSHOT/hdds-interface-server-1.3.0-SNAPSHOT.jar:/home/runner/.m2/repository/org/eclipse/jetty/jetty-servlet/9.4.43.v20210629/jetty-servlet-9.4.43.v20210629.jar:/home/runner/.m2/repository/org/eclipse/jetty/jetty-security/9.4.43.v20210629/jetty-security-9.4.43.v20210629.jar:/home/runner/.m2/repository/org/rocksdb/rocksdbjni/6.25.3/rocksdbjni-6.25.3.jar:/home/runner/.m2/repository/io/prometheus/simpleclient_dropwizard/0.7.0/simpleclient_dropwizard-0.7.0.jar:/home/runner/.m2/repository/io/prometheus/simpleclient/0.7.0/simpleclient-0.7.0.jar:/home/runner/.m2/repository/io/prometheus/simpleclient_common/0.7.0/simpleclient_common-0.7.0.jar:/home/runner/.m2/repository/com/fasterxml/jackson/datatype/jackson-datatype-jsr310/2.12.1/jackson-datatype-jsr310-2.12.1.jar:/home/runner/.m2/repository/io/dropwizard/metrics/metrics-core/3.2.4/metrics-core-3.2.4.jar:/home/runner/.m2/repository/org/apache/hadoop/hadoop-hdfs-client/3.3.1/hadoop-hdfs-client-3.3.1.jar:/home/runner/.m2/repository/org/bouncycastle/bcprov-jdk15on/1.67/bcprov-jdk15on-1.67.jar:/home/runner/.m2/repository/com/google/protobuf/protobuf-java/2.5.0/protobuf-java-2.5.0.jar:/home/runner/.m2/repository/org/apache/ozone/ozone-manager/1.3.0-SNAPSHOT/ozone-manager-1.3.0-SNAPSHOT.jar:/home/runner/.m2/repository/org/aspectj/aspectjrt/1.9.7/aspectjrt-1.9.7.jar:/home/runner/.m2/repository/org/aspectj/aspectjweaver/1.9.7/aspectjweaver-1.9.7.jar:/home/runner/.m2/repository/org/apache/ozone/hdds-interface-client/1.3.0-SNAPSHOT/hdds-interface-client-1.3.0-SNAPSHOT.jar:/home/runner/.m2/repository/org/apache/hadoop/thirdparty/hadoop-shaded-protobuf_3_7/1.1.1/hadoop-shaded-protobuf_3_7-1.1.1.jar:/home/runner/.m2/repository/org/apache/ozone/ozone-interface-storage/1.3.0-SNAPSHOT/ozone-interface-storage-1.3.0-SNAPSHOT.jar:/home/runner/.m2/repository/org/reflections/reflections/0.9.11/reflections-0.9.11.jar:/home/runner/.m2/repository/org/apache/hadoop/hadoop-minikdc/3.3.1/hadoop-minikdc-3.3.1.jar:/home/runner/.m2/repository/org/apache/kerby/kerb-simplekdc/1.0.1/kerb-simplekdc-1.0.1.jar:/home/runner/.m2/repository/org/apache/kerby/kerb-client/1.0.1/kerb-client-1.0.1.jar:/home/runner/.m2/repository/org/apache/kerby/kerby-config/1.0.1/kerby-config-1.0.1.jar:/home/runner/.m2/repository/org/apache/kerby/kerb-common/1.0.1/kerb-common-1.0.1.jar:/home/runner/.m2/repository/org/apache/kerby/kerb-crypto/1.0.1/kerb-crypto-1.0.1.jar:/home/runner/.m2/repository/org/apache/kerby/kerb-util/1.0.1/kerb-util-1.0.1.jar:/home/runner/.m2/repository/org/apache/kerby/token-provider/1.0.1/token-provider-1.0.1.jar:/home/runner/.m2/repository/org/apache/kerby/kerb-admin/1.0.1/kerb-admin-1.0.1.jar:/home/runner/.m2/repository/org/apache/kerby/kerb-server/1.0.1/kerb-server-1.0.1.jar:/home/runner/.m2/repository/org/apache/kerby/kerb-identity/1.0.1/kerb-identity-1.0.1.jar:/home/runner/.m2/repository/org/apache/kerby/kerby-xdr/1.0.1/kerby-xdr-1.0.1.jar:/home/runner/.m2/repository/org/slf4j/slf4j-log4j12/1.7.30/slf4j-log4j12-1.7.30.jar:/home/runner/.m2/repository/org/apache/ozone/ozone-s3gateway/1.3.0-SNAPSHOT/ozone-s3gateway-1.3.0-SNAPSHOT.jar:/home/runner/.m2/repository/org/javassist/javassist/3.21.0-GA/javassist-3.21.0-GA.jar:/home/runner/.m2/repository/org/jboss/weld/servlet/weld-servlet/2.4.7.Final/weld-servlet-2.4.7.Final.jar:/home/runner/.m2/repository/org/glassfish/jersey/containers/jersey-container-servlet-core/2.33/jersey-container-servlet-core-2.33.jar:/home/runner/.m2/repository/org/glassfish/hk2/external/jakarta.inject/2.6.1/jakarta.inject-2.6.1.jar:/home/runner/.m2/repository/org/glassfish/jersey/core/jersey-common/2.33/jersey-common-2.33.jar:/home/runner/.m2/repository/jakarta/ws/rs/jakarta.ws.rs-api/2.1.6/jakarta.ws.rs-api-2.1.6.jar:/home/runner/.m2/repository/org/glassfish/jersey/ext/cdi/jersey-cdi1x/2.33/jersey-cdi1x-2.33.jar:/home/runner/.m2/repository/org/glassfish/jersey/inject/jersey-hk2/2.33/jersey-hk2-2.33.jar:/home/runner/.m2/repository/org/glassfish/hk2/hk2-locator/2.6.1/hk2-locator-2.6.1.jar:/home/runner/.m2/repository/org/glassfish/jersey/media/jersey-media-jaxb/2.33/jersey-media-jaxb-2.33.jar:/home/runner/.m2/repository/org/glassfish/hk2/osgi-resource-locator/1.0.3/osgi-resource-locator-1.0.3.jar:/home/runner/.m2/repository/org/glassfish/hk2/hk2-api/2.5.0/hk2-api-2.5.0.jar:/home/runner/.m2/repository/org/glassfish/hk2/hk2-utils/2.5.0/hk2-utils-2.5.0.jar:/home/runner/.m2/repository/org/glassfish/hk2/external/aopalliance-repackaged/2.5.0/aopalliance-repackaged-2.5.0.jar:/home/runner/.m2/repository/com/fasterxml/jackson/dataformat/jackson-dataformat-xml/2.12.1/jackson-dataformat-xml-2.12.1.jar:/home/runner/.m2/repository/com/fasterxml/jackson/core/jackson-core/2.12.1/jackson-core-2.12.1.jar:/home/runner/.m2/repository/com/fasterxml/jackson/module/jackson-module-jaxb-annotations/2.12.1/jackson-module-jaxb-annotations-2.12.1.jar:/home/runner/.m2/repository/jakarta/xml/bind/jakarta.xml.bind-api/2.3.2/jakarta.xml.bind-api-2.3.2.jar:/home/runner/.m2/repository/org/codehaus/woodstox/stax2-api/3.1.4/stax2-api-3.1.4.jar:/home/runner/.m2/repository/com/fasterxml/woodstox/woodstox-core/5.0.3/woodstox-core-5.0.3.jar:/home/runner/.m2/repository/javax/enterprise/cdi-api/1.2/cdi-api-1.2.jar:/home/runner/.m2/repository/javax/el/javax.el-api/3.0.0/javax.el-api-3.0.0.jar:/home/runner/.m2/repository/javax/interceptor/javax.interceptor-api/1.2/javax.interceptor-api-1.2.jar:/home/runner/.m2/repository/javax/inject/javax.inject/1/javax.inject-1.jar:/home/runner/.m2/repository/javax/xml/bind/jaxb-api/2.3.0/jaxb-api-2.3.0.jar:/home/runner/.m2/repository/org/glassfish/jaxb/jaxb-runtime/2.3.0.1/jaxb-runtime-2.3.0.1.jar:/home/runner/.m2/repository/org/glassfish/jaxb/jaxb-core/2.3.0.1/jaxb-core-2.3.0.1.jar:/home/runner/.m2/repository/org/glassfish/jaxb/txw2/2.3.0.1/txw2-2.3.0.1.jar:/home/runner/.m2/repository/com/sun/istack/istack-commons-runtime/3.0.5/istack-commons-runtime-3.0.5.jar:/home/runner/.m2/repository/org/jvnet/staxex/stax-ex/1.7.8/stax-ex-1.7.8.jar:/home/runner/.m2/repository/com/sun/xml/fastinfoset/FastInfoset/1.2.13/FastInfoset-1.2.13.jar:/home/runner/.m2/repository/javax/activation/activation/1.1.1/activation-1.1.1.jar:/home/runner/.m2/repository/org/apache/ozone/ozone-csi/1.3.0-SNAPSHOT/ozone-csi-1.3.0-SNAPSHOT.jar:/home/runner/.m2/repository/com/google/protobuf/protobuf-java-util/3.12.0/protobuf-java-util-3.12.0.jar:/home/runner/.m2/repository/com/google/code/gson/gson/2.2.4/gson-2.2.4.jar:/home/runner/.m2/repository/org/apache/ozone/hdds-config/1.3.0-SNAPSHOT/hdds-config-1.3.0-SNAPSHOT.jar:/home/runner/.m2/repository/io/grpc/grpc-netty/1.33.0/grpc-netty-1.33.0.jar:/home/runner/.m2/repository/io/grpc/grpc-core/1.33.0/grpc-core-1.33.0.jar:/home/runner/.m2/repository/com/google/android/annotations/4.1.1.4/annotations-4.1.1.4.jar:/home/runner/.m2/repository/io/netty/netty-codec-http2/4.1.63.Final/netty-codec-http2-4.1.63.Final.jar:/home/runner/.m2/repository/io/netty/netty-codec-http/4.1.63.Final/netty-codec-http-4.1.63.Final.jar:/home/runner/.m2/repository/io/netty/netty-handler-proxy/4.1.63.Final/netty-handler-proxy-4.1.63.Final.jar:/home/runner/.m2/repository/io/netty/netty-codec-socks/4.1.63.Final/netty-codec-socks-4.1.63.Final.jar:/home/runner/.m2/repository/io/perfmark/perfmark-api/0.19.0/perfmark-api-0.19.0.jar:/home/runner/.m2/repository/org/codehaus/mojo/animal-sniffer-annotations/1.18/animal-sniffer-annotations-1.18.jar:/home/runner/.m2/repository/io/netty/netty-transport-native-epoll/4.1.63.Final/netty-transport-native-epoll-4.1.63.Final.jar:/home/runner/.m2/repository/io/netty/netty-common/4.1.63.Final/netty-common-4.1.63.Final.jar:/home/runner/.m2/repository/io/netty/netty-buffer/4.1.63.Final/netty-buffer-4.1.63.Final.jar:/home/runner/.m2/repository/io/netty/netty-transport-native-unix-common/4.1.63.Final/netty-transport-native-unix-common-4.1.63.Final.jar:/home/runner/.m2/repository/io/grpc/grpc-protobuf/1.33.0/grpc-protobuf-1.33.0.jar:/home/runner/.m2/repository/io/grpc/grpc-api/1.33.0/grpc-api-1.33.0.jar:/home/runner/.m2/repository/io/grpc/grpc-context/1.33.0/grpc-context-1.33.0.jar:/home/runner/.m2/repository/com/google/api/grpc/proto-google-common-protos/1.17.0/proto-google-common-protos-1.17.0.jar:/home/runner/.m2/repository/io/grpc/grpc-protobuf-lite/1.33.0/grpc-protobuf-lite-1.33.0.jar:/home/runner/.m2/repository/io/grpc/grpc-stub/1.33.0/grpc-stub-1.33.0.jar:/home/runner/.m2/repository/org/apache/ozone/ozone-recon/1.3.0-SNAPSHOT/ozone-recon-1.3.0-SNAPSHOT.jar:/home/runner/.m2/repository/org/apache/ozone/ozone-reconcodegen/1.3.0-SNAPSHOT/ozone-reconcodegen-1.3.0-SNAPSHOT.jar:/home/runner/.m2/repository/com/google/inject/extensions/guice-multibindings/4.0/guice-multibindings-4.0.jar:/home/runner/.m2/repository/com/google/inject/guice/4.0/guice-4.0.jar:/home/runner/.m2/repository/aopalliance/aopalliance/1.0/aopalliance-1.0.jar:/home/runner/.m2/repository/com/google/inject/extensions/guice-assistedinject/4.0/guice-assistedinject-4.0.jar:/home/runner/.m2/repository/com/google/inject/extensions/guice-servlet/4.0/guice-servlet-4.0.jar:/home/runner/.m2/repository/org/glassfish/jersey/containers/jersey-container-servlet/2.33/jersey-container-servlet-2.33.jar:/home/runner/.m2/repository/org/glassfish/hk2/guice-bridge/2.5.0/guice-bridge-2.5.0.jar:/home/runner/.m2/repository/org/glassfish/jersey/core/jersey-server/2.33/jersey-server-2.33.jar:/home/runner/.m2/repository/org/glassfish/jersey/core/jersey-client/2.33/jersey-client-2.33.jar:/home/runner/.m2/repository/jakarta/annotation/jakarta.annotation-api/1.3.5/jakarta.annotation-api-1.3.5.jar:/home/runner/.m2/repository/jakarta/validation/jakarta.validation-api/2.0.2/jakarta.validation-api-2.0.2.jar:/home/runner/.m2/repository/org/glassfish/jersey/media/jersey-media-json-jackson/2.33/jersey-media-json-jackson-2.33.jar:/home/runner/.m2/repository/org/glassfish/jersey/ext/jersey-entity-filtering/2.33/jersey-entity-filtering-2.33.jar:/home/runner/.m2/repository/org/jooq/jooq/3.11.10/jooq-3.11.10.jar:/home/runner/.m2/repository/org/jooq/jooq-meta/3.11.10/jooq-meta-3.11.10.jar:/home/runner/.m2/repository/org/jooq/jooq-codegen/3.11.10/jooq-codegen-3.11.10.jar:/home/runner/.m2/repository/com/jolbox/bonecp/0.8.0.RELEASE/bonecp-0.8.0.RELEASE.jar:/home/runner/.m2/repository/org/apache/derby/derby/10.14.2.0/derby-10.14.2.0.jar:/home/runner/.m2/repository/org/xerial/sqlite-jdbc/3.25.2/sqlite-jdbc-3.25.2.jar:/home/runner/.m2/repository/org/springframework/spring-jdbc/5.2.18.RELEASE/spring-jdbc-5.2.18.RELEASE.jar:/home/runner/.m2/repository/org/springframework/spring-beans/5.2.18.RELEASE/spring-beans-5.2.18.RELEASE.jar:/home/runner/.m2/repository/org/springframework/spring-core/5.2.18.RELEASE/spring-core-5.2.18.RELEASE.jar:/home/runner/.m2/repository/org/springframework/spring-jcl/5.2.18.RELEASE/spring-jcl-5.2.18.RELEASE.jar:/home/runner/.m2/repository/org/springframework/spring-tx/5.2.18.RELEASE/spring-tx-5.2.18.RELEASE.jar:/home/runner/.m2/repository/org/apache/ozone/ozone-client/1.3.0-SNAPSHOT/ozone-client-1.3.0-SNAPSHOT.jar:/home/runner/.m2/repository/org/apache/ozone/ozone-filesystem/1.3.0-SNAPSHOT/ozone-filesystem-1.3.0-SNAPSHOT.jar:/home/runner/.m2/repository/org/apache/ozone/ozone-filesystem-common/1.3.0-SNAPSHOT/ozone-filesystem-common-1.3.0-SNAPSHOT.jar:/home/runner/.m2/repository/org/apache/ozone/ozone-tools/1.3.0-SNAPSHOT/ozone-tools-1.3.0-SNAPSHOT.jar:/home/runner/.m2/repository/org/apache/ratis/ratis-tools/2.2.0/ratis-tools-2.2.0.jar:/home/runner/.m2/repository/com/amazonaws/aws-java-sdk-core/1.12.124/aws-java-sdk-core-1.12.124.jar:/home/runner/.m2/repository/org/apache/httpcomponents/httpclient/4.5.13/httpclient-4.5.13.jar:/home/runner/.m2/repository/org/apache/httpcomponents/httpcore/4.4.13/httpcore-4.4.13.jar:/home/runner/.m2/repository/software/amazon/ion/ion-java/1.0.2/ion-java-1.0.2.jar:/home/runner/.m2/repository/com/fasterxml/jackson/dataformat/jackson-dataformat-cbor/2.12.1/jackson-dataformat-cbor-2.12.1.jar:/home/runner/.m2/repository/joda-time/joda-time/2.8.1/joda-time-2.8.1.jar:/home/runner/.m2/repository/com/amazonaws/aws-java-sdk-s3/1.12.124/aws-java-sdk-s3-1.12.124.jar:/home/runner/.m2/repository/com/amazonaws/aws-java-sdk-kms/1.12.124/aws-java-sdk-kms-1.12.124.jar:/home/runner/.m2/repository/com/amazonaws/jmespath-java/1.12.124/jmespath-java-1.12.124.jar:/home/runner/.m2/repository/org/kohsuke/metainf-services/metainf-services/1.8/metainf-services-1.8.jar:/home/runner/.m2/repository/org/apache/ozone/hdds-tools/1.3.0-SNAPSHOT/hdds-tools-1.3.0-SNAPSHOT.jar:/home/runner/.m2/repository/commons-cli/commons-cli/1.2/commons-cli-1.2.jar:/home/runner/.m2/repository/org/apache/commons/commons-lang3/3.7/commons-lang3-3.7.jar:/home/runner/.m2/repository/org/apache/ozone/ozone-manager/1.3.0-SNAPSHOT/ozone-manager-1.3.0-SNAPSHOT-tests.jar:/home/runner/.m2/repository/org/apache/ozone/hdds-common/1.3.0-SNAPSHOT/hdds-common-1.3.0-SNAPSHOT-tests.jar:/home/runner/.m2/repository/org/apache/ozone/hdds-hadoop-dependency-client/1.3.0-SNAPSHOT/hdds-hadoop-dependency-client-1.3.0-SNAPSHOT.jar:/home/runner/.m2/repository/info/picocli/picocli/4.6.1/picocli-4.6.1.jar:/home/runner/.m2/repository/com/fasterxml/jackson/core/jackson-annotations/2.12.1/jackson-annotations-2.12.1.jar:/home/runner/.m2/repository/javax/annotation/javax.annotation-api/1.2/javax.annotation-api-1.2.jar:/home/runner/.m2/repository/org/apache/ratis/ratis-server/2.2.0/ratis-server-2.2.0.jar:/home/runner/.m2/repository/org/apache/ratis/ratis-client/2.2.0/ratis-client-2.2.0.jar:/home/runner/.m2/repository/org/apache/ratis/ratis-server-api/2.2.0/ratis-server-api-2.2.0.jar:/home/runner/.m2/repository/org/apache/ratis/ratis-metrics/2.2.0/ratis-metrics-2.2.0.jar:/home/runner/.m2/repository/org/apache/ratis/ratis-netty/2.2.0/ratis-netty-2.2.0.jar:/home/runner/.m2/repository/org/apache/ratis/ratis-grpc/2.2.0/ratis-grpc-2.2.0.jar:/home/runner/.m2/repository/org/apache/logging/log4j/log4j-api/2.17.1/log4j-api-2.17.1.jar:/home/runner/.m2/repository/org/apache/logging/log4j/log4j-core/2.17.1/log4j-core-2.17.1.jar:/home/runner/.m2/repository/com/lmax/disruptor/3.4.2/disruptor-3.4.2.jar:/home/runner/.m2/repository/org/apache/commons/commons-pool2/2.6.0/commons-pool2-2.6.0.jar:/home/runner/.m2/repository/org/bouncycastle/bcpkix-jdk15on/1.67/bcpkix-jdk15on-1.67.jar:/home/runner/.m2/repository/commons-validator/commons-validator/1.6/commons-validator-1.6.jar:/home/runner/.m2/repository/commons-beanutils/commons-beanutils/1.9.4/commons-beanutils-1.9.4.jar:/home/runner/.m2/repository/commons-digester/commons-digester/1.8.1/commons-digester-1.8.1.jar:/home/runner/.m2/repository/commons-collections/commons-collections/3.2.2/commons-collections-3.2.2.jar:/home/runner/.m2/repository/io/jaegertracing/jaeger-client/1.6.0/jaeger-client-1.6.0.jar:/home/runner/.m2/repository/io/jaegertracing/jaeger-thrift/1.6.0/jaeger-thrift-1.6.0.jar:/home/runner/.m2/repository/org/apache/thrift/libthrift/0.14.1/libthrift-0.14.1.jar:/home/runner/.m2/repository/com/squareup/okhttp3/okhttp/4.9.0/okhttp-4.9.0.jar:/home/runner/.m2/repository/com/squareup/okio/okio/2.8.0/okio-2.8.0.jar:/home/runner/.m2/repository/io/jaegertracing/jaeger-core/1.6.0/jaeger-core-1.6.0.jar:/home/runner/.m2/repository/io/jaegertracing/jaeger-tracerresolver/1.6.0/jaeger-tracerresolver-1.6.0.jar:/home/runner/.m2/repository/io/opentracing/contrib/opentracing-tracerresolver/0.1.8/opentracing-tracerresolver-0.1.8.jar:/home/runner/.m2/repository/org/jetbrains/kotlin/kotlin-stdlib/1.4.31/kotlin-stdlib-1.4.31.jar:/home/runner/.m2/repository/org/jetbrains/kotlin/kotlin-stdlib-common/1.4.31/kotlin-stdlib-common-1.4.31.jar:/home/runner/.m2/repository/org/jetbrains/annotations/13.0/annotations-13.0.jar:/home/runner/.m2/repository/io/opentracing/opentracing-util/0.33.0/opentracing-util-0.33.0.jar:/home/runner/.m2/repository/io/opentracing/opentracing-api/0.33.0/opentracing-api-0.33.0.jar:/home/runner/.m2/repository/io/opentracing/opentracing-noop/0.33.0/opentracing-noop-0.33.0.jar:/home/runner/.m2/repository/org/yaml/snakeyaml/1.26/snakeyaml-1.26.jar:/home/runner/.m2/repository/org/apache/ozone/hdds-interface-admin/1.3.0-SNAPSHOT/hdds-interface-admin-1.3.0-SNAPSHOT.jar:/home/runner/.m2/repository/junit/junit/4.13.1/junit-4.13.1.jar:/home/runner/.m2/repository/org/hamcrest/hamcrest-core/1.3/hamcrest-core-1.3.jar:/home/runner/.m2/repository/org/junit/jupiter/junit-jupiter-api/5.7.0/junit-jupiter-api-5.7.0.jar:/home/runner/.m2/repository/org/apiguardian/apiguardian-api/1.1.0/apiguardian-api-1.1.0.jar:/home/runner/.m2/repository/org/opentest4j/opentest4j/1.2.0/opentest4j-1.2.0.jar:/home/runner/.m2/repository/org/junit/platform/junit-platform-commons/1.7.0/junit-platform-commons-1.7.0.jar:/home/runner/.m2/repository/org/junit/jupiter/junit-jupiter-engine/5.7.0/junit-jupiter-engine-5.7.0.jar:/home/runner/.m2/repository/org/junit/platform/junit-platform-engine/1.7.0/junit-platform-engine-1.7.0.jar:/home/runner/.m2/repository/org/junit/vintage/junit-vintage-engine/5.7.0/junit-vintage-engine-5.7.0.jar:/home/runner/.m2/repository/org/junit/platform/junit-platform-launcher/1.7.0/junit-platform-launcher-1.7.0.jar:/home/runner/.m2/repository/org/mockito/mockito-core/2.28.2/mockito-core-2.28.2.jar:/home/runner/.m2/repository/net/bytebuddy/byte-buddy/1.9.10/byte-buddy-1.9.10.jar:/home/runner/.m2/repository/net/bytebuddy/byte-buddy-agent/1.9.10/byte-buddy-agent-1.9.10.jar:/home/runner/.m2/repository/org/objenesis/objenesis/1.0/objenesis-1.0.jar:/home/runner/.m2/repository/org/apache/hadoop/hadoop-kms/3.3.1/hadoop-kms-3.3.1.jar:/home/runner/.m2/repository/org/apache/hadoop/hadoop-auth/3.3.1/hadoop-auth-3.3.1.jar:/home/runner/.m2/repository/com/nimbusds/nimbus-jose-jwt/7.9/nimbus-jose-jwt-7.9.jar:/home/runner/.m2/repository/com/github/stephenc/jcip/jcip-annotations/1.0-1/jcip-annotations-1.0-1.jar:/home/runner/.m2/repository/net/minidev/json-smart/2.3.1/json-smart-2.3.1.jar:/home/runner/.m2/repository/net/minidev/accessors-smart/2.3.1/accessors-smart-2.3.1.jar:/home/runner/.m2/repository/org/ow2/asm/asm/5.0.4/asm-5.0.4.jar:/home/runner/.m2/repository/org/apache/zookeeper/zookeeper/3.5.6/zookeeper-3.5.6.jar:/home/runner/.m2/repository/org/apache/zookeeper/zookeeper-jute/3.5.6/zookeeper-jute-3.5.6.jar:/home/runner/.m2/repository/org/apache/yetus/audience-annotations/0.5.0/audience-annotations-0.5.0.jar:/home/runner/.m2/repository/org/apache/curator/curator-framework/4.2.0/curator-framework-4.2.0.jar:/home/runner/.m2/repository/org/apache/hadoop/thirdparty/hadoop-shaded-guava/1.1.1/hadoop-shaded-guava-1.1.1.jar:/home/runner/.m2/repository/com/sun/jersey/jersey-core/1.19/jersey-core-1.19.jar:/home/runner/.m2/repository/javax/ws/rs/jsr311-api/1.1.1/jsr311-api-1.1.1.jar:/home/runner/.m2/repository/com/sun/jersey/jersey-server/1.19/jersey-server-1.19.jar:/home/runner/.m2/repository/javax/servlet/javax.servlet-api/3.1.0/javax.servlet-api-3.1.0.jar:/home/runner/.m2/repository/org/eclipse/jetty/jetty-server/9.4.43.v20210629/jetty-server-9.4.43.v20210629.jar:/home/runner/.m2/repository/org/eclipse/jetty/jetty-http/9.4.43.v20210629/jetty-http-9.4.43.v20210629.jar:/home/runner/.m2/repository/org/eclipse/jetty/jetty-io/9.4.43.v20210629/jetty-io-9.4.43.v20210629.jar:/home/runner/.m2/repository/org/eclipse/jetty/jetty-webapp/9.4.43.v20210629/jetty-webapp-9.4.43.v20210629.jar:/home/runner/.m2/repository/org/eclipse/jetty/jetty-xml/9.4.43.v20210629/jetty-xml-9.4.43.v20210629.jar:/home/runner/.m2/repository/org/apache/hadoop/hadoop-common/3.3.1/hadoop-common-3.3.1.jar:/home/runner/.m2/repository/org/apache/commons/commons-math3/3.1.1/commons-math3-3.1.1.jar:/home/runner/.m2/repository/commons-net/commons-net/3.6/commons-net-3.6.jar:/home/runner/.m2/repository/jakarta/activation/jakarta.activation-api/1.2.1/jakarta.activation-api-1.2.1.jar:/home/runner/.m2/repository/com/sun/jersey/jersey-servlet/1.19/jersey-servlet-1.19.jar:/home/runner/.m2/repository/com/sun/jersey/jersey-json/1.19/jersey-json-1.19.jar:/home/runner/.m2/repository/org/codehaus/jettison/jettison/1.1/jettison-1.1.jar:/home/runner/.m2/repository/com/sun/xml/bind/jaxb-impl/2.2.3-1/jaxb-impl-2.2.3-1.jar:/home/runner/.m2/repository/org/codehaus/jackson/jackson-jaxrs/1.9.2/jackson-jaxrs-1.9.2.jar:/home/runner/.m2/repository/org/codehaus/jackson/jackson-xc/1.9.2/jackson-xc-1.9.2.jar:/home/runner/.m2/repository/org/apache/commons/commons-configuration2/2.1.1/commons-configuration2-2.1.1.jar:/home/runner/.m2/repository/org/apache/commons/commons-text/1.4/commons-text-1.4.jar:/home/runner/.m2/repository/com/google/re2j/re2j/1.1/re2j-1.1.jar:/home/runner/.m2/repository/com/jcraft/jsch/0.1.54/jsch-0.1.54.jar:/home/runner/.m2/repository/org/apache/curator/curator-client/4.2.0/curator-client-4.2.0.jar:/home/runner/.m2/repository/org/apache/curator/curator-recipes/4.2.0/curator-recipes-4.2.0.jar:/home/runner/.m2/repository/org/apache/kerby/kerb-core/1.0.1/kerb-core-1.0.1.jar:/home/runner/.m2/repository/org/apache/kerby/kerby-pkix/1.0.1/kerby-pkix-1.0.1.jar:/home/runner/.m2/repository/org/apache/kerby/kerby-asn1/1.0.1/kerby-asn1-1.0.1.jar:/home/runner/.m2/repository/org/apache/kerby/kerby-util/1.0.1/kerby-util-1.0.1.jar:/home/runner/.m2/repository/dnsjava/dnsjava/2.1.7/dnsjava-2.1.7.jar:/home/runner/.m2/repository/org/xerial/snappy/snappy-java/1.1.8.2/snappy-java-1.1.8.2.jar:/home/runner/.m2/repository/org/slf4j/jul-to-slf4j/1.7.30/jul-to-slf4j-1.7.30.jar:/home/runner/.m2/repository/org/eclipse/jetty/jetty-util/9.4.43.v20210629/jetty-util-9.4.43.v20210629.jar:/home/runner/.m2/repository/com/fasterxml/jackson/core/jackson-databind/2.12.1/jackson-databind-2.12.1.jar:/home/runner/.m2/repository/org/apache/hadoop/hadoop-kms/3.3.1/hadoop-kms-3.3.1-tests.jar:/home/runner/.m2/repository/org/apache/ozone/hdds-server-scm/1.3.0-SNAPSHOT/hdds-server-scm-1.3.0-SNAPSHOT-tests.jar:/home/runner/.m2/repository/org/apache/ozone/hdds-container-service/1.3.0-SNAPSHOT/hdds-container-service-1.3.0-SNAPSHOT-tests.jar:/home/runner/.m2/repository/commons-codec/commons-codec/1.11/commons-codec-1.11.jar:/home/runner/.m2/repository/io/netty/netty-transport/4.1.63.Final/netty-transport-4.1.63.Final.jar:/home/runner/.m2/repository/io/netty/netty-resolver/4.1.63.Final/netty-resolver-4.1.63.Final.jar:/home/runner/.m2/repository/io/netty/netty-codec/4.1.63.Final/netty-codec-4.1.63.Final.jar:/home/runner/.m2/repository/io/netty/netty-handler/4.1.63.Final/netty-handler-4.1.63.Final.jar:/home/runner/.m2/repository/org/apache/ozone/hdds-hadoop-dependency-test/1.3.0-SNAPSHOT/hdds-hadoop-dependency-test-1.3.0-SNAPSHOT.jar:/home/runner/.m2/repository/org/apache/hadoop/hadoop-common/3.3.1/hadoop-common-3.3.1-tests.jar:/home/runner/.m2/repository/org/assertj/assertj-core/3.12.2/assertj-core-3.12.2.jar:/home/runner/.m2/repository/org/apache/hadoop/hadoop-hdfs/3.3.1/hadoop-hdfs-3.3.1-tests.jar:/home/runner/.m2/repository/org/eclipse/jetty/jetty-util-ajax/9.4.43.v20210629/jetty-util-ajax-9.4.43.v20210629.jar:/home/runner/.m2/repository/commons-daemon/commons-daemon/1.0.13/commons-daemon-1.0.13.jar:/home/runner/.m2/repository/io/netty/netty/3.10.6.Final/netty-3.10.6.Final.jar:/home/runner/.m2/repository/io/netty/netty-all/4.1.63.Final/netty-all-4.1.63.Final.jar:/home/runner/.m2/repository/org/apache/htrace/htrace-core4/4.1.0-incubating/htrace-core4-4.1.0-incubating.jar:/home/runner/.m2/repository/org/fusesource/leveldbjni/leveldbjni-all/1.8/leveldbjni-all-1.8.jar:/home/runner/.m2/repository/org/apache/hadoop/hadoop-distcp/3.3.1/hadoop-distcp-3.3.1.jar:/home/runner/.m2/repository/org/apache/hadoop/hadoop-mapreduce-client-jobclient/3.3.1/hadoop-mapreduce-client-jobclient-3.3.1.jar:/home/runner/.m2/repository/org/apache/hadoop/hadoop-mapreduce-client-common/3.3.1/hadoop-mapreduce-client-common-3.3.1.jar:/home/runner/.m2/repository/org/apache/hadoop/hadoop-yarn-common/3.3.1/hadoop-yarn-common-3.3.1.jar:/home/runner/.m2/repository/org/apache/hadoop/hadoop-yarn-api/3.3.1/hadoop-yarn-api-3.3.1.jar:/home/runner/.m2/repository/com/sun/jersey/jersey-client/1.19/jersey-client-1.19.jar:/home/runner/.m2/repository/com/sun/jersey/contribs/jersey-guice/1.19/jersey-guice-1.19.jar:/home/runner/.m2/repository/com/fasterxml/jackson/jaxrs/jackson-jaxrs-json-provider/2.12.1/jackson-jaxrs-json-provider-2.12.1.jar:/home/runner/.m2/repository/com/fasterxml/jackson/jaxrs/jackson-jaxrs-base/2.12.1/jackson-jaxrs-base-2.12.1.jar:/home/runner/.m2/repository/org/apache/hadoop/hadoop-yarn-client/3.3.1/hadoop-yarn-client-3.3.1.jar:/home/runner/.m2/repository/org/eclipse/jetty/websocket/websocket-client/9.4.40.v20210413/websocket-client-9.4.40.v20210413.jar:/home/runner/.m2/repository/org/eclipse/jetty/jetty-client/9.4.40.v20210413/jetty-client-9.4.40.v20210413.jar:/home/runner/.m2/repository/org/eclipse/jetty/websocket/websocket-common/9.4.40.v20210413/websocket-common-9.4.40.v20210413.jar:/home/runner/.m2/repository/org/eclipse/jetty/websocket/websocket-api/9.4.40.v20210413/websocket-api-9.4.40.v20210413.jar:/home/runner/.m2/repository/org/jline/jline/3.9.0/jline-3.9.0.jar:/home/runner/.m2/repository/org/apache/hadoop/hadoop-mapreduce-client-core/3.3.1/hadoop-mapreduce-client-core-3.3.1.jar:/home/runner/.m2/repository/org/apache/avro/avro/1.7.7/avro-1.7.7.jar:/home/runner/.m2/repository/org/codehaus/jackson/jackson-core-asl/1.9.13/jackson-core-asl-1.9.13.jar:/home/runner/.m2/repository/org/codehaus/jackson/jackson-mapper-asl/1.9.13/jackson-mapper-asl-1.9.13.jar:/home/runner/.m2/repository/com/thoughtworks/paranamer/paranamer/2.3/paranamer-2.3.jar:/home/runner/.m2/repository/org/apache/hadoop/hadoop-annotations/3.3.1/hadoop-annotations-3.3.1.jar:/usr/lib/jvm/temurin-8-jdk-amd64/jre/../lib/tools.jar:/home/runner/.m2/repository/org/apache/hadoop/hadoop-distcp/3.3.1/hadoop-distcp-3.3.1-tests.jar:/home/runner/.m2/repository/org/apache/ratis/ratis-common/2.2.0/ratis-common-2.2.0.jar:/home/runner/.m2/repository/org/apache/ratis/ratis-thirdparty-misc/0.7.0/ratis-thirdparty-misc-0.7.0.jar:/home/runner/.m2/repository/org/apache/ratis/ratis-proto/2.2.0/ratis-proto-2.2.0.jar:"/>
    <property name="java.vm.vendor" value="Temurin"/>
    <property name="sun.arch.data.model" value="64"/>
    <property name="test.build.dir" value="/home/runner/work/ozone/ozone/hadoop-ozone/integration-test/target/test-dir"/>
    <property name="test.cache.data" value=""/>
    <property name="java.vendor.url" value="https://adoptium.net/"/>
    <property name="user.timezone" value=""/>
    <property name="java.vm.specification.version" value="1.8"/>
    <property name="os.name" value="Linux"/>
    <property name="test.build.data" value="/home/runner/work/ozone/ozone/hadoop-ozone/integration-test/target/test-dir"/>
    <property name="sun.java.launcher" value="SUN_STANDARD"/>
    <property name="sun.boot.library.path" value="/usr/lib/jvm/temurin-8-jdk-amd64/jre/lib/amd64"/>
    <property name="sun.java.command" value="/home/runner/work/ozone/ozone/hadoop-ozone/integration-test/target/surefire/surefirebooter3886509525599345066.jar /home/runner/work/ozone/ozone/hadoop-ozone/integration-test/target/surefire 2022-02-14T08-07-35_652-jvmRun1 surefire5740965763025349992tmp surefire_555111984590335631563tmp"/>
    <property name="surefire.test.class.path" value="/home/runner/work/ozone/ozone/hadoop-ozone/integration-test/target/test-classes:/home/runner/work/ozone/ozone/hadoop-ozone/integration-test/target/classes:/home/runner/.m2/repository/org/apache/ozone/ozone-common/1.3.0-SNAPSHOT/ozone-common-1.3.0-SNAPSHOT.jar:/home/runner/.m2/repository/org/apache/commons/commons-compress/1.21/commons-compress-1.21.jar:/home/runner/.m2/repository/org/apache/ozone/hdds-common/1.3.0-SNAPSHOT/hdds-common-1.3.0-SNAPSHOT.jar:/home/runner/.m2/repository/org/apache/ozone/hdds-client/1.3.0-SNAPSHOT/hdds-client-1.3.0-SNAPSHOT.jar:/home/runner/.m2/repository/org/apache/ozone/ozone-interface-client/1.3.0-SNAPSHOT/ozone-interface-client-1.3.0-SNAPSHOT.jar:/home/runner/.m2/repository/org/apache/ozone/hdds-test-utils/1.3.0-SNAPSHOT/hdds-test-utils-1.3.0-SNAPSHOT.jar:/home/runner/.m2/repository/com/google/guava/guava/30.1.1-jre/guava-30.1.1-jre.jar:/home/runner/.m2/repository/com/google/guava/failureaccess/1.0.1/failureaccess-1.0.1.jar:/home/runner/.m2/repository/com/google/guava/listenablefuture/9999.0-empty-to-avoid-conflict-with-guava/listenablefuture-9999.0-empty-to-avoid-conflict-with-guava.jar:/home/runner/.m2/repository/com/google/code/findbugs/jsr305/3.0.0/jsr305-3.0.0.jar:/home/runner/.m2/repository/org/checkerframework/checker-qual/3.8.0/checker-qual-3.8.0.jar:/home/runner/.m2/repository/com/google/errorprone/error_prone_annotations/2.2.0/error_prone_annotations-2.2.0.jar:/home/runner/.m2/repository/com/google/j2objc/j2objc-annotations/1.3/j2objc-annotations-1.3.jar:/home/runner/.m2/repository/commons-io/commons-io/2.11.0/commons-io-2.11.0.jar:/home/runner/.m2/repository/commons-logging/commons-logging/1.2/commons-logging-1.2.jar:/home/runner/.m2/repository/log4j/log4j/1.2.17/log4j-1.2.17.jar:/home/runner/.m2/repository/org/slf4j/slf4j-api/1.7.30/slf4j-api-1.7.30.jar:/home/runner/.m2/repository/org/apache/ozone/hdds-server-scm/1.3.0-SNAPSHOT/hdds-server-scm-1.3.0-SNAPSHOT.jar:/home/runner/.m2/repository/org/apache/ozone/hdds-container-service/1.3.0-SNAPSHOT/hdds-container-service-1.3.0-SNAPSHOT.jar:/home/runner/.m2/repository/org/apache/ozone/hdds-hadoop-dependency-server/1.3.0-SNAPSHOT/hdds-hadoop-dependency-server-1.3.0-SNAPSHOT.jar:/home/runner/.m2/repository/org/apache/hadoop/hadoop-hdfs/3.3.1/hadoop-hdfs-3.3.1.jar:/home/runner/.m2/repository/org/apache/ozone/hdds-server-framework/1.3.0-SNAPSHOT/hdds-server-framework-1.3.0-SNAPSHOT.jar:/home/runner/.m2/repository/org/apache/ozone/hdds-interface-server/1.3.0-SNAPSHOT/hdds-interface-server-1.3.0-SNAPSHOT.jar:/home/runner/.m2/repository/org/eclipse/jetty/jetty-servlet/9.4.43.v20210629/jetty-servlet-9.4.43.v20210629.jar:/home/runner/.m2/repository/org/eclipse/jetty/jetty-security/9.4.43.v20210629/jetty-security-9.4.43.v20210629.jar:/home/runner/.m2/repository/org/rocksdb/rocksdbjni/6.25.3/rocksdbjni-6.25.3.jar:/home/runner/.m2/repository/io/prometheus/simpleclient_dropwizard/0.7.0/simpleclient_dropwizard-0.7.0.jar:/home/runner/.m2/repository/io/prometheus/simpleclient/0.7.0/simpleclient-0.7.0.jar:/home/runner/.m2/repository/io/prometheus/simpleclient_common/0.7.0/simpleclient_common-0.7.0.jar:/home/runner/.m2/repository/com/fasterxml/jackson/datatype/jackson-datatype-jsr310/2.12.1/jackson-datatype-jsr310-2.12.1.jar:/home/runner/.m2/repository/io/dropwizard/metrics/metrics-core/3.2.4/metrics-core-3.2.4.jar:/home/runner/.m2/repository/org/apache/hadoop/hadoop-hdfs-client/3.3.1/hadoop-hdfs-client-3.3.1.jar:/home/runner/.m2/repository/org/bouncycastle/bcprov-jdk15on/1.67/bcprov-jdk15on-1.67.jar:/home/runner/.m2/repository/com/google/protobuf/protobuf-java/2.5.0/protobuf-java-2.5.0.jar:/home/runner/.m2/repository/org/apache/ozone/ozone-manager/1.3.0-SNAPSHOT/ozone-manager-1.3.0-SNAPSHOT.jar:/home/runner/.m2/repository/org/aspectj/aspectjrt/1.9.7/aspectjrt-1.9.7.jar:/home/runner/.m2/repository/org/aspectj/aspectjweaver/1.9.7/aspectjweaver-1.9.7.jar:/home/runner/.m2/repository/org/apache/ozone/hdds-interface-client/1.3.0-SNAPSHOT/hdds-interface-client-1.3.0-SNAPSHOT.jar:/home/runner/.m2/repository/org/apache/hadoop/thirdparty/hadoop-shaded-protobuf_3_7/1.1.1/hadoop-shaded-protobuf_3_7-1.1.1.jar:/home/runner/.m2/repository/org/apache/ozone/ozone-interface-storage/1.3.0-SNAPSHOT/ozone-interface-storage-1.3.0-SNAPSHOT.jar:/home/runner/.m2/repository/org/reflections/reflections/0.9.11/reflections-0.9.11.jar:/home/runner/.m2/repository/org/apache/hadoop/hadoop-minikdc/3.3.1/hadoop-minikdc-3.3.1.jar:/home/runner/.m2/repository/org/apache/kerby/kerb-simplekdc/1.0.1/kerb-simplekdc-1.0.1.jar:/home/runner/.m2/repository/org/apache/kerby/kerb-client/1.0.1/kerb-client-1.0.1.jar:/home/runner/.m2/repository/org/apache/kerby/kerby-config/1.0.1/kerby-config-1.0.1.jar:/home/runner/.m2/repository/org/apache/kerby/kerb-common/1.0.1/kerb-common-1.0.1.jar:/home/runner/.m2/repository/org/apache/kerby/kerb-crypto/1.0.1/kerb-crypto-1.0.1.jar:/home/runner/.m2/repository/org/apache/kerby/kerb-util/1.0.1/kerb-util-1.0.1.jar:/home/runner/.m2/repository/org/apache/kerby/token-provider/1.0.1/token-provider-1.0.1.jar:/home/runner/.m2/repository/org/apache/kerby/kerb-admin/1.0.1/kerb-admin-1.0.1.jar:/home/runner/.m2/repository/org/apache/kerby/kerb-server/1.0.1/kerb-server-1.0.1.jar:/home/runner/.m2/repository/org/apache/kerby/kerb-identity/1.0.1/kerb-identity-1.0.1.jar:/home/runner/.m2/repository/org/apache/kerby/kerby-xdr/1.0.1/kerby-xdr-1.0.1.jar:/home/runner/.m2/repository/org/slf4j/slf4j-log4j12/1.7.30/slf4j-log4j12-1.7.30.jar:/home/runner/.m2/repository/org/apache/ozone/ozone-s3gateway/1.3.0-SNAPSHOT/ozone-s3gateway-1.3.0-SNAPSHOT.jar:/home/runner/.m2/repository/org/javassist/javassist/3.21.0-GA/javassist-3.21.0-GA.jar:/home/runner/.m2/repository/org/jboss/weld/servlet/weld-servlet/2.4.7.Final/weld-servlet-2.4.7.Final.jar:/home/runner/.m2/repository/org/glassfish/jersey/containers/jersey-container-servlet-core/2.33/jersey-container-servlet-core-2.33.jar:/home/runner/.m2/repository/org/glassfish/hk2/external/jakarta.inject/2.6.1/jakarta.inject-2.6.1.jar:/home/runner/.m2/repository/org/glassfish/jersey/core/jersey-common/2.33/jersey-common-2.33.jar:/home/runner/.m2/repository/jakarta/ws/rs/jakarta.ws.rs-api/2.1.6/jakarta.ws.rs-api-2.1.6.jar:/home/runner/.m2/repository/org/glassfish/jersey/ext/cdi/jersey-cdi1x/2.33/jersey-cdi1x-2.33.jar:/home/runner/.m2/repository/org/glassfish/jersey/inject/jersey-hk2/2.33/jersey-hk2-2.33.jar:/home/runner/.m2/repository/org/glassfish/hk2/hk2-locator/2.6.1/hk2-locator-2.6.1.jar:/home/runner/.m2/repository/org/glassfish/jersey/media/jersey-media-jaxb/2.33/jersey-media-jaxb-2.33.jar:/home/runner/.m2/repository/org/glassfish/hk2/osgi-resource-locator/1.0.3/osgi-resource-locator-1.0.3.jar:/home/runner/.m2/repository/org/glassfish/hk2/hk2-api/2.5.0/hk2-api-2.5.0.jar:/home/runner/.m2/repository/org/glassfish/hk2/hk2-utils/2.5.0/hk2-utils-2.5.0.jar:/home/runner/.m2/repository/org/glassfish/hk2/external/aopalliance-repackaged/2.5.0/aopalliance-repackaged-2.5.0.jar:/home/runner/.m2/repository/com/fasterxml/jackson/dataformat/jackson-dataformat-xml/2.12.1/jackson-dataformat-xml-2.12.1.jar:/home/runner/.m2/repository/com/fasterxml/jackson/core/jackson-core/2.12.1/jackson-core-2.12.1.jar:/home/runner/.m2/repository/com/fasterxml/jackson/module/jackson-module-jaxb-annotations/2.12.1/jackson-module-jaxb-annotations-2.12.1.jar:/home/runner/.m2/repository/jakarta/xml/bind/jakarta.xml.bind-api/2.3.2/jakarta.xml.bind-api-2.3.2.jar:/home/runner/.m2/repository/org/codehaus/woodstox/stax2-api/3.1.4/stax2-api-3.1.4.jar:/home/runner/.m2/repository/com/fasterxml/woodstox/woodstox-core/5.0.3/woodstox-core-5.0.3.jar:/home/runner/.m2/repository/javax/enterprise/cdi-api/1.2/cdi-api-1.2.jar:/home/runner/.m2/repository/javax/el/javax.el-api/3.0.0/javax.el-api-3.0.0.jar:/home/runner/.m2/repository/javax/interceptor/javax.interceptor-api/1.2/javax.interceptor-api-1.2.jar:/home/runner/.m2/repository/javax/inject/javax.inject/1/javax.inject-1.jar:/home/runner/.m2/repository/javax/xml/bind/jaxb-api/2.3.0/jaxb-api-2.3.0.jar:/home/runner/.m2/repository/org/glassfish/jaxb/jaxb-runtime/2.3.0.1/jaxb-runtime-2.3.0.1.jar:/home/runner/.m2/repository/org/glassfish/jaxb/jaxb-core/2.3.0.1/jaxb-core-2.3.0.1.jar:/home/runner/.m2/repository/org/glassfish/jaxb/txw2/2.3.0.1/txw2-2.3.0.1.jar:/home/runner/.m2/repository/com/sun/istack/istack-commons-runtime/3.0.5/istack-commons-runtime-3.0.5.jar:/home/runner/.m2/repository/org/jvnet/staxex/stax-ex/1.7.8/stax-ex-1.7.8.jar:/home/runner/.m2/repository/com/sun/xml/fastinfoset/FastInfoset/1.2.13/FastInfoset-1.2.13.jar:/home/runner/.m2/repository/javax/activation/activation/1.1.1/activation-1.1.1.jar:/home/runner/.m2/repository/org/apache/ozone/ozone-csi/1.3.0-SNAPSHOT/ozone-csi-1.3.0-SNAPSHOT.jar:/home/runner/.m2/repository/com/google/protobuf/protobuf-java-util/3.12.0/protobuf-java-util-3.12.0.jar:/home/runner/.m2/repository/com/google/code/gson/gson/2.2.4/gson-2.2.4.jar:/home/runner/.m2/repository/org/apache/ozone/hdds-config/1.3.0-SNAPSHOT/hdds-config-1.3.0-SNAPSHOT.jar:/home/runner/.m2/repository/io/grpc/grpc-netty/1.33.0/grpc-netty-1.33.0.jar:/home/runner/.m2/repository/io/grpc/grpc-core/1.33.0/grpc-core-1.33.0.jar:/home/runner/.m2/repository/com/google/android/annotations/4.1.1.4/annotations-4.1.1.4.jar:/home/runner/.m2/repository/io/netty/netty-codec-http2/4.1.63.Final/netty-codec-http2-4.1.63.Final.jar:/home/runner/.m2/repository/io/netty/netty-codec-http/4.1.63.Final/netty-codec-http-4.1.63.Final.jar:/home/runner/.m2/repository/io/netty/netty-handler-proxy/4.1.63.Final/netty-handler-proxy-4.1.63.Final.jar:/home/runner/.m2/repository/io/netty/netty-codec-socks/4.1.63.Final/netty-codec-socks-4.1.63.Final.jar:/home/runner/.m2/repository/io/perfmark/perfmark-api/0.19.0/perfmark-api-0.19.0.jar:/home/runner/.m2/repository/org/codehaus/mojo/animal-sniffer-annotations/1.18/animal-sniffer-annotations-1.18.jar:/home/runner/.m2/repository/io/netty/netty-transport-native-epoll/4.1.63.Final/netty-transport-native-epoll-4.1.63.Final.jar:/home/runner/.m2/repository/io/netty/netty-common/4.1.63.Final/netty-common-4.1.63.Final.jar:/home/runner/.m2/repository/io/netty/netty-buffer/4.1.63.Final/netty-buffer-4.1.63.Final.jar:/home/runner/.m2/repository/io/netty/netty-transport-native-unix-common/4.1.63.Final/netty-transport-native-unix-common-4.1.63.Final.jar:/home/runner/.m2/repository/io/grpc/grpc-protobuf/1.33.0/grpc-protobuf-1.33.0.jar:/home/runner/.m2/repository/io/grpc/grpc-api/1.33.0/grpc-api-1.33.0.jar:/home/runner/.m2/repository/io/grpc/grpc-context/1.33.0/grpc-context-1.33.0.jar:/home/runner/.m2/repository/com/google/api/grpc/proto-google-common-protos/1.17.0/proto-google-common-protos-1.17.0.jar:/home/runner/.m2/repository/io/grpc/grpc-protobuf-lite/1.33.0/grpc-protobuf-lite-1.33.0.jar:/home/runner/.m2/repository/io/grpc/grpc-stub/1.33.0/grpc-stub-1.33.0.jar:/home/runner/.m2/repository/org/apache/ozone/ozone-recon/1.3.0-SNAPSHOT/ozone-recon-1.3.0-SNAPSHOT.jar:/home/runner/.m2/repository/org/apache/ozone/ozone-reconcodegen/1.3.0-SNAPSHOT/ozone-reconcodegen-1.3.0-SNAPSHOT.jar:/home/runner/.m2/repository/com/google/inject/extensions/guice-multibindings/4.0/guice-multibindings-4.0.jar:/home/runner/.m2/repository/com/google/inject/guice/4.0/guice-4.0.jar:/home/runner/.m2/repository/aopalliance/aopalliance/1.0/aopalliance-1.0.jar:/home/runner/.m2/repository/com/google/inject/extensions/guice-assistedinject/4.0/guice-assistedinject-4.0.jar:/home/runner/.m2/repository/com/google/inject/extensions/guice-servlet/4.0/guice-servlet-4.0.jar:/home/runner/.m2/repository/org/glassfish/jersey/containers/jersey-container-servlet/2.33/jersey-container-servlet-2.33.jar:/home/runner/.m2/repository/org/glassfish/hk2/guice-bridge/2.5.0/guice-bridge-2.5.0.jar:/home/runner/.m2/repository/org/glassfish/jersey/core/jersey-server/2.33/jersey-server-2.33.jar:/home/runner/.m2/repository/org/glassfish/jersey/core/jersey-client/2.33/jersey-client-2.33.jar:/home/runner/.m2/repository/jakarta/annotation/jakarta.annotation-api/1.3.5/jakarta.annotation-api-1.3.5.jar:/home/runner/.m2/repository/jakarta/validation/jakarta.validation-api/2.0.2/jakarta.validation-api-2.0.2.jar:/home/runner/.m2/repository/org/glassfish/jersey/media/jersey-media-json-jackson/2.33/jersey-media-json-jackson-2.33.jar:/home/runner/.m2/repository/org/glassfish/jersey/ext/jersey-entity-filtering/2.33/jersey-entity-filtering-2.33.jar:/home/runner/.m2/repository/org/jooq/jooq/3.11.10/jooq-3.11.10.jar:/home/runner/.m2/repository/org/jooq/jooq-meta/3.11.10/jooq-meta-3.11.10.jar:/home/runner/.m2/repository/org/jooq/jooq-codegen/3.11.10/jooq-codegen-3.11.10.jar:/home/runner/.m2/repository/com/jolbox/bonecp/0.8.0.RELEASE/bonecp-0.8.0.RELEASE.jar:/home/runner/.m2/repository/org/apache/derby/derby/10.14.2.0/derby-10.14.2.0.jar:/home/runner/.m2/repository/org/xerial/sqlite-jdbc/3.25.2/sqlite-jdbc-3.25.2.jar:/home/runner/.m2/repository/org/springframework/spring-jdbc/5.2.18.RELEASE/spring-jdbc-5.2.18.RELEASE.jar:/home/runner/.m2/repository/org/springframework/spring-beans/5.2.18.RELEASE/spring-beans-5.2.18.RELEASE.jar:/home/runner/.m2/repository/org/springframework/spring-core/5.2.18.RELEASE/spring-core-5.2.18.RELEASE.jar:/home/runner/.m2/repository/org/springframework/spring-jcl/5.2.18.RELEASE/spring-jcl-5.2.18.RELEASE.jar:/home/runner/.m2/repository/org/springframework/spring-tx/5.2.18.RELEASE/spring-tx-5.2.18.RELEASE.jar:/home/runner/.m2/repository/org/apache/ozone/ozone-client/1.3.0-SNAPSHOT/ozone-client-1.3.0-SNAPSHOT.jar:/home/runner/.m2/repository/org/apache/ozone/ozone-filesystem/1.3.0-SNAPSHOT/ozone-filesystem-1.3.0-SNAPSHOT.jar:/home/runner/.m2/repository/org/apache/ozone/ozone-filesystem-common/1.3.0-SNAPSHOT/ozone-filesystem-common-1.3.0-SNAPSHOT.jar:/home/runner/.m2/repository/org/apache/ozone/ozone-tools/1.3.0-SNAPSHOT/ozone-tools-1.3.0-SNAPSHOT.jar:/home/runner/.m2/repository/org/apache/ratis/ratis-tools/2.2.0/ratis-tools-2.2.0.jar:/home/runner/.m2/repository/com/amazonaws/aws-java-sdk-core/1.12.124/aws-java-sdk-core-1.12.124.jar:/home/runner/.m2/repository/org/apache/httpcomponents/httpclient/4.5.13/httpclient-4.5.13.jar:/home/runner/.m2/repository/org/apache/httpcomponents/httpcore/4.4.13/httpcore-4.4.13.jar:/home/runner/.m2/repository/software/amazon/ion/ion-java/1.0.2/ion-java-1.0.2.jar:/home/runner/.m2/repository/com/fasterxml/jackson/dataformat/jackson-dataformat-cbor/2.12.1/jackson-dataformat-cbor-2.12.1.jar:/home/runner/.m2/repository/joda-time/joda-time/2.8.1/joda-time-2.8.1.jar:/home/runner/.m2/repository/com/amazonaws/aws-java-sdk-s3/1.12.124/aws-java-sdk-s3-1.12.124.jar:/home/runner/.m2/repository/com/amazonaws/aws-java-sdk-kms/1.12.124/aws-java-sdk-kms-1.12.124.jar:/home/runner/.m2/repository/com/amazonaws/jmespath-java/1.12.124/jmespath-java-1.12.124.jar:/home/runner/.m2/repository/org/kohsuke/metainf-services/metainf-services/1.8/metainf-services-1.8.jar:/home/runner/.m2/repository/org/apache/ozone/hdds-tools/1.3.0-SNAPSHOT/hdds-tools-1.3.0-SNAPSHOT.jar:/home/runner/.m2/repository/commons-cli/commons-cli/1.2/commons-cli-1.2.jar:/home/runner/.m2/repository/org/apache/commons/commons-lang3/3.7/commons-lang3-3.7.jar:/home/runner/.m2/repository/org/apache/ozone/ozone-manager/1.3.0-SNAPSHOT/ozone-manager-1.3.0-SNAPSHOT-tests.jar:/home/runner/.m2/repository/org/apache/ozone/hdds-common/1.3.0-SNAPSHOT/hdds-common-1.3.0-SNAPSHOT-tests.jar:/home/runner/.m2/repository/org/apache/ozone/hdds-hadoop-dependency-client/1.3.0-SNAPSHOT/hdds-hadoop-dependency-client-1.3.0-SNAPSHOT.jar:/home/runner/.m2/repository/info/picocli/picocli/4.6.1/picocli-4.6.1.jar:/home/runner/.m2/repository/com/fasterxml/jackson/core/jackson-annotations/2.12.1/jackson-annotations-2.12.1.jar:/home/runner/.m2/repository/javax/annotation/javax.annotation-api/1.2/javax.annotation-api-1.2.jar:/home/runner/.m2/repository/org/apache/ratis/ratis-server/2.2.0/ratis-server-2.2.0.jar:/home/runner/.m2/repository/org/apache/ratis/ratis-client/2.2.0/ratis-client-2.2.0.jar:/home/runner/.m2/repository/org/apache/ratis/ratis-server-api/2.2.0/ratis-server-api-2.2.0.jar:/home/runner/.m2/repository/org/apache/ratis/ratis-metrics/2.2.0/ratis-metrics-2.2.0.jar:/home/runner/.m2/repository/org/apache/ratis/ratis-netty/2.2.0/ratis-netty-2.2.0.jar:/home/runner/.m2/repository/org/apache/ratis/ratis-grpc/2.2.0/ratis-grpc-2.2.0.jar:/home/runner/.m2/repository/org/apache/logging/log4j/log4j-api/2.17.1/log4j-api-2.17.1.jar:/home/runner/.m2/repository/org/apache/logging/log4j/log4j-core/2.17.1/log4j-core-2.17.1.jar:/home/runner/.m2/repository/com/lmax/disruptor/3.4.2/disruptor-3.4.2.jar:/home/runner/.m2/repository/org/apache/commons/commons-pool2/2.6.0/commons-pool2-2.6.0.jar:/home/runner/.m2/repository/org/bouncycastle/bcpkix-jdk15on/1.67/bcpkix-jdk15on-1.67.jar:/home/runner/.m2/repository/commons-validator/commons-validator/1.6/commons-validator-1.6.jar:/home/runner/.m2/repository/commons-beanutils/commons-beanutils/1.9.4/commons-beanutils-1.9.4.jar:/home/runner/.m2/repository/commons-digester/commons-digester/1.8.1/commons-digester-1.8.1.jar:/home/runner/.m2/repository/commons-collections/commons-collections/3.2.2/commons-collections-3.2.2.jar:/home/runner/.m2/repository/io/jaegertracing/jaeger-client/1.6.0/jaeger-client-1.6.0.jar:/home/runner/.m2/repository/io/jaegertracing/jaeger-thrift/1.6.0/jaeger-thrift-1.6.0.jar:/home/runner/.m2/repository/org/apache/thrift/libthrift/0.14.1/libthrift-0.14.1.jar:/home/runner/.m2/repository/com/squareup/okhttp3/okhttp/4.9.0/okhttp-4.9.0.jar:/home/runner/.m2/repository/com/squareup/okio/okio/2.8.0/okio-2.8.0.jar:/home/runner/.m2/repository/io/jaegertracing/jaeger-core/1.6.0/jaeger-core-1.6.0.jar:/home/runner/.m2/repository/io/jaegertracing/jaeger-tracerresolver/1.6.0/jaeger-tracerresolver-1.6.0.jar:/home/runner/.m2/repository/io/opentracing/contrib/opentracing-tracerresolver/0.1.8/opentracing-tracerresolver-0.1.8.jar:/home/runner/.m2/repository/org/jetbrains/kotlin/kotlin-stdlib/1.4.31/kotlin-stdlib-1.4.31.jar:/home/runner/.m2/repository/org/jetbrains/kotlin/kotlin-stdlib-common/1.4.31/kotlin-stdlib-common-1.4.31.jar:/home/runner/.m2/repository/org/jetbrains/annotations/13.0/annotations-13.0.jar:/home/runner/.m2/repository/io/opentracing/opentracing-util/0.33.0/opentracing-util-0.33.0.jar:/home/runner/.m2/repository/io/opentracing/opentracing-api/0.33.0/opentracing-api-0.33.0.jar:/home/runner/.m2/repository/io/opentracing/opentracing-noop/0.33.0/opentracing-noop-0.33.0.jar:/home/runner/.m2/repository/org/yaml/snakeyaml/1.26/snakeyaml-1.26.jar:/home/runner/.m2/repository/org/apache/ozone/hdds-interface-admin/1.3.0-SNAPSHOT/hdds-interface-admin-1.3.0-SNAPSHOT.jar:/home/runner/.m2/repository/junit/junit/4.13.1/junit-4.13.1.jar:/home/runner/.m2/repository/org/hamcrest/hamcrest-core/1.3/hamcrest-core-1.3.jar:/home/runner/.m2/repository/org/junit/jupiter/junit-jupiter-api/5.7.0/junit-jupiter-api-5.7.0.jar:/home/runner/.m2/repository/org/apiguardian/apiguardian-api/1.1.0/apiguardian-api-1.1.0.jar:/home/runner/.m2/repository/org/opentest4j/opentest4j/1.2.0/opentest4j-1.2.0.jar:/home/runner/.m2/repository/org/junit/platform/junit-platform-commons/1.7.0/junit-platform-commons-1.7.0.jar:/home/runner/.m2/repository/org/junit/jupiter/junit-jupiter-engine/5.7.0/junit-jupiter-engine-5.7.0.jar:/home/runner/.m2/repository/org/junit/platform/junit-platform-engine/1.7.0/junit-platform-engine-1.7.0.jar:/home/runner/.m2/repository/org/junit/vintage/junit-vintage-engine/5.7.0/junit-vintage-engine-5.7.0.jar:/home/runner/.m2/repository/org/junit/platform/junit-platform-launcher/1.7.0/junit-platform-launcher-1.7.0.jar:/home/runner/.m2/repository/org/mockito/mockito-core/2.28.2/mockito-core-2.28.2.jar:/home/runner/.m2/repository/net/bytebuddy/byte-buddy/1.9.10/byte-buddy-1.9.10.jar:/home/runner/.m2/repository/net/bytebuddy/byte-buddy-agent/1.9.10/byte-buddy-agent-1.9.10.jar:/home/runner/.m2/repository/org/objenesis/objenesis/1.0/objenesis-1.0.jar:/home/runner/.m2/repository/org/apache/hadoop/hadoop-kms/3.3.1/hadoop-kms-3.3.1.jar:/home/runner/.m2/repository/org/apache/hadoop/hadoop-auth/3.3.1/hadoop-auth-3.3.1.jar:/home/runner/.m2/repository/com/nimbusds/nimbus-jose-jwt/7.9/nimbus-jose-jwt-7.9.jar:/home/runner/.m2/repository/com/github/stephenc/jcip/jcip-annotations/1.0-1/jcip-annotations-1.0-1.jar:/home/runner/.m2/repository/net/minidev/json-smart/2.3.1/json-smart-2.3.1.jar:/home/runner/.m2/repository/net/minidev/accessors-smart/2.3.1/accessors-smart-2.3.1.jar:/home/runner/.m2/repository/org/ow2/asm/asm/5.0.4/asm-5.0.4.jar:/home/runner/.m2/repository/org/apache/zookeeper/zookeeper/3.5.6/zookeeper-3.5.6.jar:/home/runner/.m2/repository/org/apache/zookeeper/zookeeper-jute/3.5.6/zookeeper-jute-3.5.6.jar:/home/runner/.m2/repository/org/apache/yetus/audience-annotations/0.5.0/audience-annotations-0.5.0.jar:/home/runner/.m2/repository/org/apache/curator/curator-framework/4.2.0/curator-framework-4.2.0.jar:/home/runner/.m2/repository/org/apache/hadoop/thirdparty/hadoop-shaded-guava/1.1.1/hadoop-shaded-guava-1.1.1.jar:/home/runner/.m2/repository/com/sun/jersey/jersey-core/1.19/jersey-core-1.19.jar:/home/runner/.m2/repository/javax/ws/rs/jsr311-api/1.1.1/jsr311-api-1.1.1.jar:/home/runner/.m2/repository/com/sun/jersey/jersey-server/1.19/jersey-server-1.19.jar:/home/runner/.m2/repository/javax/servlet/javax.servlet-api/3.1.0/javax.servlet-api-3.1.0.jar:/home/runner/.m2/repository/org/eclipse/jetty/jetty-server/9.4.43.v20210629/jetty-server-9.4.43.v20210629.jar:/home/runner/.m2/repository/org/eclipse/jetty/jetty-http/9.4.43.v20210629/jetty-http-9.4.43.v20210629.jar:/home/runner/.m2/repository/org/eclipse/jetty/jetty-io/9.4.43.v20210629/jetty-io-9.4.43.v20210629.jar:/home/runner/.m2/repository/org/eclipse/jetty/jetty-webapp/9.4.43.v20210629/jetty-webapp-9.4.43.v20210629.jar:/home/runner/.m2/repository/org/eclipse/jetty/jetty-xml/9.4.43.v20210629/jetty-xml-9.4.43.v20210629.jar:/home/runner/.m2/repository/org/apache/hadoop/hadoop-common/3.3.1/hadoop-common-3.3.1.jar:/home/runner/.m2/repository/org/apache/commons/commons-math3/3.1.1/commons-math3-3.1.1.jar:/home/runner/.m2/repository/commons-net/commons-net/3.6/commons-net-3.6.jar:/home/runner/.m2/repository/jakarta/activation/jakarta.activation-api/1.2.1/jakarta.activation-api-1.2.1.jar:/home/runner/.m2/repository/com/sun/jersey/jersey-servlet/1.19/jersey-servlet-1.19.jar:/home/runner/.m2/repository/com/sun/jersey/jersey-json/1.19/jersey-json-1.19.jar:/home/runner/.m2/repository/org/codehaus/jettison/jettison/1.1/jettison-1.1.jar:/home/runner/.m2/repository/com/sun/xml/bind/jaxb-impl/2.2.3-1/jaxb-impl-2.2.3-1.jar:/home/runner/.m2/repository/org/codehaus/jackson/jackson-jaxrs/1.9.2/jackson-jaxrs-1.9.2.jar:/home/runner/.m2/repository/org/codehaus/jackson/jackson-xc/1.9.2/jackson-xc-1.9.2.jar:/home/runner/.m2/repository/org/apache/commons/commons-configuration2/2.1.1/commons-configuration2-2.1.1.jar:/home/runner/.m2/repository/org/apache/commons/commons-text/1.4/commons-text-1.4.jar:/home/runner/.m2/repository/com/google/re2j/re2j/1.1/re2j-1.1.jar:/home/runner/.m2/repository/com/jcraft/jsch/0.1.54/jsch-0.1.54.jar:/home/runner/.m2/repository/org/apache/curator/curator-client/4.2.0/curator-client-4.2.0.jar:/home/runner/.m2/repository/org/apache/curator/curator-recipes/4.2.0/curator-recipes-4.2.0.jar:/home/runner/.m2/repository/org/apache/kerby/kerb-core/1.0.1/kerb-core-1.0.1.jar:/home/runner/.m2/repository/org/apache/kerby/kerby-pkix/1.0.1/kerby-pkix-1.0.1.jar:/home/runner/.m2/repository/org/apache/kerby/kerby-asn1/1.0.1/kerby-asn1-1.0.1.jar:/home/runner/.m2/repository/org/apache/kerby/kerby-util/1.0.1/kerby-util-1.0.1.jar:/home/runner/.m2/repository/dnsjava/dnsjava/2.1.7/dnsjava-2.1.7.jar:/home/runner/.m2/repository/org/xerial/snappy/snappy-java/1.1.8.2/snappy-java-1.1.8.2.jar:/home/runner/.m2/repository/org/slf4j/jul-to-slf4j/1.7.30/jul-to-slf4j-1.7.30.jar:/home/runner/.m2/repository/org/eclipse/jetty/jetty-util/9.4.43.v20210629/jetty-util-9.4.43.v20210629.jar:/home/runner/.m2/repository/com/fasterxml/jackson/core/jackson-databind/2.12.1/jackson-databind-2.12.1.jar:/home/runner/.m2/repository/org/apache/hadoop/hadoop-kms/3.3.1/hadoop-kms-3.3.1-tests.jar:/home/runner/.m2/repository/org/apache/ozone/hdds-server-scm/1.3.0-SNAPSHOT/hdds-server-scm-1.3.0-SNAPSHOT-tests.jar:/home/runner/.m2/repository/org/apache/ozone/hdds-container-service/1.3.0-SNAPSHOT/hdds-container-service-1.3.0-SNAPSHOT-tests.jar:/home/runner/.m2/repository/commons-codec/commons-codec/1.11/commons-codec-1.11.jar:/home/runner/.m2/repository/io/netty/netty-transport/4.1.63.Final/netty-transport-4.1.63.Final.jar:/home/runner/.m2/repository/io/netty/netty-resolver/4.1.63.Final/netty-resolver-4.1.63.Final.jar:/home/runner/.m2/repository/io/netty/netty-codec/4.1.63.Final/netty-codec-4.1.63.Final.jar:/home/runner/.m2/repository/io/netty/netty-handler/4.1.63.Final/netty-handler-4.1.63.Final.jar:/home/runner/.m2/repository/org/apache/ozone/hdds-hadoop-dependency-test/1.3.0-SNAPSHOT/hdds-hadoop-dependency-test-1.3.0-SNAPSHOT.jar:/home/runner/.m2/repository/org/apache/hadoop/hadoop-common/3.3.1/hadoop-common-3.3.1-tests.jar:/home/runner/.m2/repository/org/assertj/assertj-core/3.12.2/assertj-core-3.12.2.jar:/home/runner/.m2/repository/org/apache/hadoop/hadoop-hdfs/3.3.1/hadoop-hdfs-3.3.1-tests.jar:/home/runner/.m2/repository/org/eclipse/jetty/jetty-util-ajax/9.4.43.v20210629/jetty-util-ajax-9.4.43.v20210629.jar:/home/runner/.m2/repository/commons-daemon/commons-daemon/1.0.13/commons-daemon-1.0.13.jar:/home/runner/.m2/repository/io/netty/netty/3.10.6.Final/netty-3.10.6.Final.jar:/home/runner/.m2/repository/io/netty/netty-all/4.1.63.Final/netty-all-4.1.63.Final.jar:/home/runner/.m2/repository/org/apache/htrace/htrace-core4/4.1.0-incubating/htrace-core4-4.1.0-incubating.jar:/home/runner/.m2/repository/org/fusesource/leveldbjni/leveldbjni-all/1.8/leveldbjni-all-1.8.jar:/home/runner/.m2/repository/org/apache/hadoop/hadoop-distcp/3.3.1/hadoop-distcp-3.3.1.jar:/home/runner/.m2/repository/org/apache/hadoop/hadoop-mapreduce-client-jobclient/3.3.1/hadoop-mapreduce-client-jobclient-3.3.1.jar:/home/runner/.m2/repository/org/apache/hadoop/hadoop-mapreduce-client-common/3.3.1/hadoop-mapreduce-client-common-3.3.1.jar:/home/runner/.m2/repository/org/apache/hadoop/hadoop-yarn-common/3.3.1/hadoop-yarn-common-3.3.1.jar:/home/runner/.m2/repository/org/apache/hadoop/hadoop-yarn-api/3.3.1/hadoop-yarn-api-3.3.1.jar:/home/runner/.m2/repository/com/sun/jersey/jersey-client/1.19/jersey-client-1.19.jar:/home/runner/.m2/repository/com/sun/jersey/contribs/jersey-guice/1.19/jersey-guice-1.19.jar:/home/runner/.m2/repository/com/fasterxml/jackson/jaxrs/jackson-jaxrs-json-provider/2.12.1/jackson-jaxrs-json-provider-2.12.1.jar:/home/runner/.m2/repository/com/fasterxml/jackson/jaxrs/jackson-jaxrs-base/2.12.1/jackson-jaxrs-base-2.12.1.jar:/home/runner/.m2/repository/org/apache/hadoop/hadoop-yarn-client/3.3.1/hadoop-yarn-client-3.3.1.jar:/home/runner/.m2/repository/org/eclipse/jetty/websocket/websocket-client/9.4.40.v20210413/websocket-client-9.4.40.v20210413.jar:/home/runner/.m2/repository/org/eclipse/jetty/jetty-client/9.4.40.v20210413/jetty-client-9.4.40.v20210413.jar:/home/runner/.m2/repository/org/eclipse/jetty/websocket/websocket-common/9.4.40.v20210413/websocket-common-9.4.40.v20210413.jar:/home/runner/.m2/repository/org/eclipse/jetty/websocket/websocket-api/9.4.40.v20210413/websocket-api-9.4.40.v20210413.jar:/home/runner/.m2/repository/org/jline/jline/3.9.0/jline-3.9.0.jar:/home/runner/.m2/repository/org/apache/hadoop/hadoop-mapreduce-client-core/3.3.1/hadoop-mapreduce-client-core-3.3.1.jar:/home/runner/.m2/repository/org/apache/avro/avro/1.7.7/avro-1.7.7.jar:/home/runner/.m2/repository/org/codehaus/jackson/jackson-core-asl/1.9.13/jackson-core-asl-1.9.13.jar:/home/runner/.m2/repository/org/codehaus/jackson/jackson-mapper-asl/1.9.13/jackson-mapper-asl-1.9.13.jar:/home/runner/.m2/repository/com/thoughtworks/paranamer/paranamer/2.3/paranamer-2.3.jar:/home/runner/.m2/repository/org/apache/hadoop/hadoop-annotations/3.3.1/hadoop-annotations-3.3.1.jar:/usr/lib/jvm/temurin-8-jdk-amd64/jre/../lib/tools.jar:/home/runner/.m2/repository/org/apache/hadoop/hadoop-distcp/3.3.1/hadoop-distcp-3.3.1-tests.jar:/home/runner/.m2/repository/org/apache/ratis/ratis-common/2.2.0/ratis-common-2.2.0.jar:/home/runner/.m2/repository/org/apache/ratis/ratis-thirdparty-misc/0.7.0/ratis-thirdparty-misc-0.7.0.jar:/home/runner/.m2/repository/org/apache/ratis/ratis-proto/2.2.0/ratis-proto-2.2.0.jar:"/>
    <property name="sun.cpu.endian" value="little"/>
    <property name="user.home" value="/home/runner"/>
    <property name="user.language" value="en"/>
    <property name="java.specification.vendor" value="Oracle Corporation"/>
    <property name="java.home" value="/usr/lib/jvm/temurin-8-jdk-amd64/jre"/>
    <property name="java.security.krb5.conf" value="/home/runner/work/ozone/ozone/hadoop-ozone/integration-test/target/test-classes/krb5.conf"/>
    <property name="basedir" value="/home/runner/work/ozone/ozone/hadoop-ozone/integration-test"/>
    <property name="file.separator" value="/"/>
    <property name="line.separator" value="&#10;"/>
    <property name="java.vm.specification.vendor" value="Oracle Corporation"/>
    <property name="java.specification.name" value="Java Platform API Specification"/>
    <property name="java.awt.graphicsenv" value="sun.awt.X11GraphicsEnvironment"/>
    <property name="skip.installnpx" value="true"/>
    <property name="surefire.real.class.path" value="/home/runner/work/ozone/ozone/hadoop-ozone/integration-test/target/surefire/surefirebooter3886509525599345066.jar:/home/runner/.m2/repository/org/jacoco/org.jacoco.agent/0.8.5/org.jacoco.agent-0.8.5-runtime.jar"/>
    <property name="hadoop.log.dir" value="/home/runner/work/ozone/ozone/hadoop-ozone/integration-test/target/log"/>
    <property name="sun.boot.class.path" value="/usr/lib/jvm/temurin-8-jdk-amd64/jre/lib/resources.jar:/usr/lib/jvm/temurin-8-jdk-amd64/jre/lib/rt.jar:/usr/lib/jvm/temurin-8-jdk-amd64/jre/lib/sunrsasign.jar:/usr/lib/jvm/temurin-8-jdk-amd64/jre/lib/jsse.jar:/usr/lib/jvm/temurin-8-jdk-amd64/jre/lib/jce.jar:/usr/lib/jvm/temurin-8-jdk-amd64/jre/lib/charsets.jar:/usr/lib/jvm/temurin-8-jdk-amd64/jre/lib/jfr.jar:/usr/lib/jvm/temurin-8-jdk-amd64/jre/classes"/>
    <property name="sun.management.compiler" value="HotSpot 64-Bit Tiered Compilers"/>
    <property name="skip.npx" value="true"/>
    <property name="java.runtime.version" value="1.8.0_312-b07"/>
    <property name="java.net.preferIPv4Stack" value="true"/>
    <property name="user.name" value="runner"/>
    <property name="path.separator" value=":"/>
    <property name="java.security.egd" value="file:///dev/urandom"/>
    <property name="os.version" value="5.4.0-1068-azure"/>
    <property name="java.endorsed.dirs" value="/usr/lib/jvm/temurin-8-jdk-amd64/jre/lib/endorsed"/>
    <property name="java.runtime.name" value="OpenJDK Runtime Environment"/>
    <property name="file.encoding" value="UTF-8"/>
    <property name="java.vm.name" value="OpenJDK 64-Bit Server VM"/>
    <property name="test.build.webapps" value=""/>
    <property name="localRepository" value="/home/runner/.m2/repository"/>
    <property name="java.vendor.url.bug" value="https://github.com/adoptium/adoptium-support/issues"/>
    <property name="java.io.tmpdir" value="/tmp"/>
    <property name="require.test.libhadoop" value=""/>
    <property name="java.version" value="1.8.0_312"/>
    <property name="user.dir" value="/home/runner/work/ozone/ozone/hadoop-ozone/integration-test"/>
    <property name="os.arch" value="amd64"/>
    <property name="java.vm.specification.name" value="Java Virtual Machine Specification"/>
    <property name="test.build.classes" value="/home/runner/work/ozone/ozone/hadoop-ozone/integration-test/target/test-classes"/>
    <property name="java.awt.printerjob" value="sun.print.PSPrinterJob"/>
    <property name="sun.os.patch.level" value="unknown"/>
    <property name="hadoop.tmp.dir" value="/home/runner/work/ozone/ozone/hadoop-ozone/integration-test/target/tmp"/>
    <property name="java.library.path" value="/usr/java/packages/lib/amd64:/usr/lib64:/lib64:/lib:/usr/lib"/>
    <property name="java.vm.info" value="mixed mode"/>
    <property name="java.vendor" value="Temurin"/>
    <property name="java.vm.version" value="25.312-b07"/>
    <property name="java.ext.dirs" value="/usr/lib/jvm/temurin-8-jdk-amd64/jre/lib/ext:/usr/java/packages/lib/ext"/>
    <property name="sun.io.unicode.encoding" value="UnicodeLittle"/>
    <property name="java.class.version" value="52.0"/>
  </properties>
  <testcase name="testPrepareFailsWhenTwoOmsAreDown" classname="org.apache.hadoop.ozone.om.TestOzoneManagerPrepare" time="0">
    <skipped message="Saving on CI time since this is a pessimistic test. We should not be able to do anything with 2 OMs down."/>
    <system-out><![CDATA[2022-02-14 09:18:35,349 [main] WARN  server.ServerUtils (ServerUtils.java:getScmDbDir(148)) - ozone.scm.db.dirs is not configured. We recommend adding this setting. Falling back to ozone.metadata.dirs instead.
2022-02-14 09:18:35,404 [main] INFO  ha.SCMHANodeDetails (SCMHANodeDetails.java:loadSCMHAConfig(157)) - ServiceID for StorageContainerManager is null
2022-02-14 09:18:35,404 [main] INFO  ha.SCMHANodeDetails (SCMHANodeDetails.java:loadSCMHAConfig(162)) - ozone.scm.default.service.id is not defined, falling back to ozone.scm.service.ids to find serviceID for StorageContainerManager if it is HA enabled cluster
2022-02-14 09:18:35,608 [main] INFO  server.RaftServer (ConfUtils.java:logGet(44)) - raft.rpc.type = GRPC (default)
2022-02-14 09:18:35,718 [main] INFO  grpc.GrpcFactory (GrpcFactory.java:checkPooledByteBufAllocatorUseCacheForAllThreads(48)) - PERFORMANCE WARNING: useCacheForAllThreads is true that may cause Netty to create a lot garbage objects and, as a result, trigger GC.
	It is recommended to disable useCacheForAllThreads by setting -Dorg.apache.ratis.thirdparty.io.netty.allocator.useCacheForAllThreads=false in command line.
2022-02-14 09:18:35,724 [main] INFO  grpc.GrpcConfigKeys (ConfUtils.java:logGet(44)) - raft.grpc.admin.port = -1 (default)
2022-02-14 09:18:35,725 [main] INFO  grpc.GrpcConfigKeys (ConfUtils.java:logGet(44)) - raft.grpc.server.port = 9894 (custom)
2022-02-14 09:18:35,726 [main] INFO  grpc.GrpcConfigKeys (ConfUtils.java:logGet(44)) - raft.grpc.client.port = -1 (default)
2022-02-14 09:18:35,726 [main] INFO  grpc.GrpcConfigKeys (ConfUtils.java:logGet(44)) - raft.grpc.server.port = 9894 (custom)
2022-02-14 09:18:35,727 [main] INFO  grpc.GrpcConfigKeys (ConfUtils.java:logGet(44)) - raft.grpc.server.port = 9894 (custom)
2022-02-14 09:18:35,727 [main] INFO  server.GrpcService (ConfUtils.java:logGet(44)) - raft.grpc.message.size.max = 32m (=33554432) (custom)
2022-02-14 09:18:35,732 [main] INFO  server.RaftServerConfigKeys (ConfUtils.java:logGet(44)) - raft.server.log.appender.buffer.byte-limit = 33554432 (custom)
2022-02-14 09:18:35,733 [main] INFO  server.GrpcService (ConfUtils.java:logGet(44)) - raft.grpc.flow.control.window = 1MB (=1048576) (default)
2022-02-14 09:18:35,734 [main] INFO  server.RaftServerConfigKeys (ConfUtils.java:logGet(44)) - raft.server.rpc.request.timeout = 30000ms (custom)
2022-02-14 09:18:36,123 [main] INFO  impl.DataStreamServerImpl (ConfUtils.java:logGet(44)) - raft.datastream.type = DISABLED (default)
2022-02-14 09:18:36,125 [main] INFO  server.RaftServerConfigKeys (ConfUtils.java:logGet(44)) - raft.server.rpc.slowness.timeout = 120000ms (custom)
2022-02-14 09:18:36,127 [main] INFO  server.RaftServerConfigKeys (ConfUtils.java:logGet(44)) - raft.server.leaderelection.leader.step-down.wait-time = 10s (default)
2022-02-14 09:18:36,143 [main] INFO  server.RaftServerConfigKeys (ConfUtils.java:logGet(44)) - raft.server.storage.dir = [/home/runner/work/ozone/ozone/hadoop-ozone/integration-test/target/test-dir/MiniOzoneClusterImpl-9687bb22-1f81-4155-97c5-ed9e7781f5c1/ozone-meta/scm-ha] (custom)
2022-02-14 09:18:36,150 [main] INFO  server.RaftServer (RaftServerProxy.java:addNew(95)) - 4d1767bf-7f27-4798-b2df-8da5eab892db: addNew group-ED9E7781F5C1:[4d1767bf-7f27-4798-b2df-8da5eab892db|rpc:fv-az12-997:9894|priority:0] returns group-ED9E7781F5C1:java.util.concurrent.CompletableFuture@35fb22a9[Not completed]
2022-02-14 09:18:36,171 [pool-1-thread-1] INFO  server.RaftServer$Division (RaftServerImpl.java:<init>(184)) - 4d1767bf-7f27-4798-b2df-8da5eab892db: new RaftServerImpl for group-ED9E7781F5C1:[4d1767bf-7f27-4798-b2df-8da5eab892db|rpc:fv-az12-997:9894|priority:0] with SCMStateMachine:uninitialized
2022-02-14 09:18:36,173 [pool-1-thread-1] INFO  server.RaftServerConfigKeys (ConfUtils.java:logGet(44)) - raft.server.rpc.timeout.min = 5000ms (custom)
2022-02-14 09:18:36,173 [pool-1-thread-1] INFO  server.RaftServerConfigKeys (ConfUtils.java:logGet(44)) - raft.server.rpc.timeout.max = 5200ms (custom)
2022-02-14 09:18:36,173 [pool-1-thread-1] INFO  server.RaftServerConfigKeys (ConfUtils.java:logGet(44)) - raft.server.rpc.sleep.time = 25ms (default)
2022-02-14 09:18:36,174 [pool-1-thread-1] INFO  server.RaftServerConfigKeys (ConfUtils.java:logGet(44)) - raft.server.rpc.slowness.timeout = 120000ms (custom)
2022-02-14 09:18:36,174 [pool-1-thread-1] INFO  server.RaftServerConfigKeys (ConfUtils.java:logGet(44)) - raft.server.leaderelection.leader.step-down.wait-time = 10s (default)
2022-02-14 09:18:36,174 [pool-1-thread-1] INFO  server.RaftServerConfigKeys (ConfUtils.java:logGet(44)) - raft.server.sleep.deviation.threshold = 300ms (default)
2022-02-14 09:18:36,175 [pool-1-thread-1] INFO  server.RaftServerConfigKeys (ConfUtils.java:logGet(44)) - raft.server.log.appender.install.snapshot.enabled = false (custom)
2022-02-14 09:18:36,179 [pool-1-thread-1] INFO  server.RaftServer$Division (ServerState.java:<init>(105)) - 4d1767bf-7f27-4798-b2df-8da5eab892db@group-ED9E7781F5C1: ConfigurationManager, init=-1: [4d1767bf-7f27-4798-b2df-8da5eab892db|rpc:fv-az12-997:9894|priority:0], old=null, confs=<EMPTY_MAP>
2022-02-14 09:18:36,180 [pool-1-thread-1] INFO  server.RaftServerConfigKeys (ConfUtils.java:logGet(44)) - raft.server.storage.dir = [/home/runner/work/ozone/ozone/hadoop-ozone/integration-test/target/test-dir/MiniOzoneClusterImpl-9687bb22-1f81-4155-97c5-ed9e7781f5c1/ozone-meta/scm-ha] (custom)
2022-02-14 09:18:36,184 [pool-1-thread-1] INFO  server.RaftServerConfigKeys (ConfUtils.java:logGet(44)) - raft.server.log.corruption.policy = EXCEPTION (default)
2022-02-14 09:18:36,185 [pool-1-thread-1] INFO  server.RaftServerConfigKeys (ConfUtils.java:logGet(44)) - raft.server.storage.free-space.min = 0MB (=0) (default)
2022-02-14 09:18:36,186 [pool-1-thread-1] INFO  storage.RaftStorageDirectory (RaftStorageDirectoryImpl.java:analyzeStorage(135)) - The storage directory /home/runner/work/ozone/ozone/hadoop-ozone/integration-test/target/test-dir/MiniOzoneClusterImpl-9687bb22-1f81-4155-97c5-ed9e7781f5c1/ozone-meta/scm-ha/9687bb22-1f81-4155-97c5-ed9e7781f5c1 does not exist. Creating ...
2022-02-14 09:18:36,191 [pool-1-thread-1] INFO  storage.RaftStorageDirectory (RaftStorageDirectoryImpl.java:tryLock(230)) - Lock on /home/runner/work/ozone/ozone/hadoop-ozone/integration-test/target/test-dir/MiniOzoneClusterImpl-9687bb22-1f81-4155-97c5-ed9e7781f5c1/ozone-meta/scm-ha/9687bb22-1f81-4155-97c5-ed9e7781f5c1/in_use.lock acquired by nodename 1675@fv-az12-997
2022-02-14 09:18:36,198 [pool-1-thread-1] INFO  storage.RaftStorage (RaftStorageImpl.java:format(89)) - Storage directory /home/runner/work/ozone/ozone/hadoop-ozone/integration-test/target/test-dir/MiniOzoneClusterImpl-9687bb22-1f81-4155-97c5-ed9e7781f5c1/ozone-meta/scm-ha/9687bb22-1f81-4155-97c5-ed9e7781f5c1 has been successfully formatted.
2022-02-14 09:18:36,201 [pool-1-thread-1] INFO  server.RaftServerConfigKeys (ConfUtils.java:logGet(44)) - raft.server.notification.no-leader.timeout = 60s (default)
2022-02-14 09:18:36,203 [pool-1-thread-1] INFO  server.RaftServerConfigKeys (ConfUtils.java:logGet(44)) - raft.server.log.use.memory = false (default)
2022-02-14 09:18:36,211 [pool-1-thread-1] INFO  server.RaftServerConfigKeys (ConfUtils.java:logGet(44)) - raft.server.log.purge.gap = 1000000 (custom)
2022-02-14 09:18:36,211 [pool-1-thread-1] INFO  server.RaftServerConfigKeys (ConfUtils.java:logGet(44)) - raft.server.log.appender.buffer.byte-limit = 33554432 (custom)
2022-02-14 09:18:36,220 [pool-1-thread-1] INFO  metrics.MetricRegistries (MetricRegistriesLoader.java:load(64)) - Loaded MetricRegistries class org.apache.ratis.metrics.impl.MetricRegistriesImpl
2022-02-14 09:18:36,271 [pool-1-thread-1] INFO  server.RaftServerConfigKeys (ConfUtils.java:logGet(44)) - raft.server.log.segment.size.max = 4194304 (custom)
2022-02-14 09:18:36,279 [pool-1-thread-1] INFO  server.RaftServerConfigKeys (ConfUtils.java:logGet(44)) - raft.server.log.segment.cache.num.max = 2 (custom)
2022-02-14 09:18:36,279 [pool-1-thread-1] INFO  server.RaftServerConfigKeys (ConfUtils.java:logGet(44)) - raft.server.log.segment.cache.size.max = 200MB (=209715200) (default)
2022-02-14 09:18:36,285 [pool-1-thread-1] INFO  segmented.SegmentedRaftLogWorker (SegmentedRaftLogWorker.java:<init>(182)) - new 4d1767bf-7f27-4798-b2df-8da5eab892db@group-ED9E7781F5C1-SegmentedRaftLogWorker for RaftStorageImpl:Storage Directory /home/runner/work/ozone/ozone/hadoop-ozone/integration-test/target/test-dir/MiniOzoneClusterImpl-9687bb22-1f81-4155-97c5-ed9e7781f5c1/ozone-meta/scm-ha/9687bb22-1f81-4155-97c5-ed9e7781f5c1
2022-02-14 09:18:36,286 [pool-1-thread-1] INFO  server.RaftServerConfigKeys (ConfUtils.java:logGet(44)) - raft.server.log.queue.byte-limit = 64MB (=67108864) (default)
2022-02-14 09:18:36,286 [pool-1-thread-1] INFO  server.RaftServerConfigKeys (ConfUtils.java:logGet(44)) - raft.server.log.queue.element-limit = 4096 (default)
2022-02-14 09:18:36,287 [pool-1-thread-1] INFO  server.RaftServerConfigKeys (ConfUtils.java:logGet(44)) - raft.server.log.segment.size.max = 4194304 (custom)
2022-02-14 09:18:36,288 [pool-1-thread-1] INFO  server.RaftServerConfigKeys (ConfUtils.java:logGet(44)) - raft.server.log.preallocated.size = 4194304 (custom)
2022-02-14 09:18:36,288 [pool-1-thread-1] INFO  server.RaftServerConfigKeys (ConfUtils.java:logGet(44)) - raft.server.log.force.sync.num = 128 (default)
2022-02-14 09:18:36,290 [pool-1-thread-1] INFO  server.RaftServerConfigKeys (ConfUtils.java:logGet(44)) - raft.server.log.statemachine.data.sync = true (default)
2022-02-14 09:18:36,290 [pool-1-thread-1] INFO  server.RaftServerConfigKeys (ConfUtils.java:logGet(44)) - raft.server.log.statemachine.data.sync.timeout = 10s (default)
2022-02-14 09:18:36,290 [pool-1-thread-1] INFO  server.RaftServerConfigKeys (ConfUtils.java:logGet(44)) - raft.server.log.statemachine.data.sync.timeout.retry = -1 (default)
2022-02-14 09:18:36,298 [pool-1-thread-1] INFO  server.RaftServerConfigKeys (ConfUtils.java:logGet(44)) - raft.server.log.write.buffer.size = 64KB (=65536) (default)
2022-02-14 09:18:36,299 [pool-1-thread-1] INFO  server.RaftServerConfigKeys (ConfUtils.java:logGet(44)) - raft.server.log.statemachine.data.caching.enabled = false (default)
2022-02-14 09:18:36,305 [pool-1-thread-1] INFO  segmented.SegmentedRaftLogWorker (SegmentedRaftLogWorker.java:lambda$new$0(133)) - 4d1767bf-7f27-4798-b2df-8da5eab892db@group-ED9E7781F5C1-SegmentedRaftLogWorker: flushIndex: setUnconditionally 0 -> -1
2022-02-14 09:18:36,305 [pool-1-thread-1] INFO  segmented.SegmentedRaftLogWorker (SegmentedRaftLogWorker.java:lambda$new$0(133)) - 4d1767bf-7f27-4798-b2df-8da5eab892db@group-ED9E7781F5C1-SegmentedRaftLogWorker: safeCacheEvictIndex: setUnconditionally 0 -> -1
2022-02-14 09:18:36,309 [pool-1-thread-1] INFO  server.RaftServerConfigKeys (ConfUtils.java:logGet(44)) - raft.server.snapshot.auto.trigger.enabled = true (custom)
2022-02-14 09:18:36,310 [pool-1-thread-1] INFO  server.RaftServerConfigKeys (ConfUtils.java:logGet(44)) - raft.server.snapshot.auto.trigger.threshold = 1000 (custom)
2022-02-14 09:18:36,310 [pool-1-thread-1] INFO  server.RaftServerConfigKeys (ConfUtils.java:logGet(44)) - raft.server.snapshot.retention.file.num = -1 (default)
2022-02-14 09:18:36,311 [pool-1-thread-1] INFO  server.RaftServerConfigKeys (ConfUtils.java:logGet(44)) - raft.server.log.purge.upto.snapshot.index = false (default)
2022-02-14 09:18:36,313 [pool-1-thread-1] INFO  server.RaftServerConfigKeys (ConfUtils.java:logGet(44)) - raft.server.retrycache.expirytime = 60000ms (default)
2022-02-14 09:18:36,313 [pool-1-thread-1] INFO  server.RaftServerConfigKeys (ConfUtils.java:logGet(44)) - raft.server.retrycache.statistics.expirytime = 100μs (default)
2022-02-14 09:18:36,352 [main] INFO  server.RaftServer$Division (RaftServerImpl.java:start(301)) - 4d1767bf-7f27-4798-b2df-8da5eab892db@group-ED9E7781F5C1: start as a follower, conf=-1: [4d1767bf-7f27-4798-b2df-8da5eab892db|rpc:fv-az12-997:9894|priority:0], old=null
2022-02-14 09:18:36,353 [main] INFO  server.RaftServer$Division (RaftServerImpl.java:setRole(290)) - 4d1767bf-7f27-4798-b2df-8da5eab892db@group-ED9E7781F5C1: changes role from      null to FOLLOWER at term 0 for startAsFollower
2022-02-14 09:18:36,355 [main] INFO  impl.RoleInfo (RoleInfo.java:updateAndGet(130)) - 4d1767bf-7f27-4798-b2df-8da5eab892db: start 4d1767bf-7f27-4798-b2df-8da5eab892db@group-ED9E7781F5C1-FollowerState
2022-02-14 09:18:36,361 [main] INFO  util.JmxRegister (JmxRegister.java:tryRegister(44)) - Successfully registered JMX Bean with object name Ratis:service=RaftServer,group=group-ED9E7781F5C1,id=4d1767bf-7f27-4798-b2df-8da5eab892db
2022-02-14 09:18:36,363 [main] INFO  server.RaftServer (RaftServerProxy.java:lambda$start$5(374)) - 4d1767bf-7f27-4798-b2df-8da5eab892db: start RPC server
2022-02-14 09:18:36,438 [main] INFO  server.GrpcService (GrpcService.java:startImpl(253)) - 4d1767bf-7f27-4798-b2df-8da5eab892db: GrpcService started, listening on 9894
2022-02-14 09:18:36,444 [org.apache.ratis.util.JvmPauseMonitor$$Lambda$422/1688851596@365a6a43] INFO  util.JvmPauseMonitor (JvmPauseMonitor.java:run(103)) - JvmPauseMonitor-4d1767bf-7f27-4798-b2df-8da5eab892db: Started
2022-02-14 09:18:41,560 [4d1767bf-7f27-4798-b2df-8da5eab892db@group-ED9E7781F5C1-FollowerState] INFO  impl.FollowerState (FollowerState.java:run(134)) - 4d1767bf-7f27-4798-b2df-8da5eab892db@group-ED9E7781F5C1-FollowerState: change to CANDIDATE, lastRpcElapsedTime:5205101563ns, electionTimeout:5195ms
2022-02-14 09:18:41,561 [4d1767bf-7f27-4798-b2df-8da5eab892db@group-ED9E7781F5C1-FollowerState] INFO  impl.RoleInfo (RoleInfo.java:shutdownFollowerState(108)) - 4d1767bf-7f27-4798-b2df-8da5eab892db: shutdown 4d1767bf-7f27-4798-b2df-8da5eab892db@group-ED9E7781F5C1-FollowerState
2022-02-14 09:18:41,561 [4d1767bf-7f27-4798-b2df-8da5eab892db@group-ED9E7781F5C1-FollowerState] INFO  server.RaftServer$Division (RaftServerImpl.java:setRole(290)) - 4d1767bf-7f27-4798-b2df-8da5eab892db@group-ED9E7781F5C1: changes role from  FOLLOWER to CANDIDATE at term 0 for changeToCandidate
2022-02-14 09:18:41,566 [4d1767bf-7f27-4798-b2df-8da5eab892db@group-ED9E7781F5C1-FollowerState] INFO  server.RaftServerConfigKeys (ConfUtils.java:logGet(44)) - raft.server.leaderelection.pre-vote = false (custom)
2022-02-14 09:18:41,566 [4d1767bf-7f27-4798-b2df-8da5eab892db@group-ED9E7781F5C1-FollowerState] INFO  impl.RoleInfo (RoleInfo.java:updateAndGet(130)) - 4d1767bf-7f27-4798-b2df-8da5eab892db: start 4d1767bf-7f27-4798-b2df-8da5eab892db@group-ED9E7781F5C1-LeaderElection1
2022-02-14 09:18:41,571 [4d1767bf-7f27-4798-b2df-8da5eab892db@group-ED9E7781F5C1-LeaderElection1] INFO  impl.LeaderElection (LeaderElection.java:askForVotes(306)) - 4d1767bf-7f27-4798-b2df-8da5eab892db@group-ED9E7781F5C1-LeaderElection1 ELECTION round 0: submit vote requests at term 1 for -1: [4d1767bf-7f27-4798-b2df-8da5eab892db|rpc:fv-az12-997:9894|priority:0], old=null
2022-02-14 09:18:41,572 [4d1767bf-7f27-4798-b2df-8da5eab892db@group-ED9E7781F5C1-LeaderElection1] INFO  impl.LeaderElection (LeaderElection.java:askForVotes(308)) - 4d1767bf-7f27-4798-b2df-8da5eab892db@group-ED9E7781F5C1-LeaderElection1 ELECTION round 0: result PASSED (term=1)
2022-02-14 09:18:41,573 [4d1767bf-7f27-4798-b2df-8da5eab892db@group-ED9E7781F5C1-LeaderElection1] INFO  impl.RoleInfo (RoleInfo.java:shutdownLeaderElection(121)) - 4d1767bf-7f27-4798-b2df-8da5eab892db: shutdown 4d1767bf-7f27-4798-b2df-8da5eab892db@group-ED9E7781F5C1-LeaderElection1
2022-02-14 09:18:41,574 [4d1767bf-7f27-4798-b2df-8da5eab892db@group-ED9E7781F5C1-LeaderElection1] INFO  server.RaftServer$Division (RaftServerImpl.java:setRole(290)) - 4d1767bf-7f27-4798-b2df-8da5eab892db@group-ED9E7781F5C1: changes role from CANDIDATE to LEADER at term 1 for changeToLeader
2022-02-14 09:18:41,574 [4d1767bf-7f27-4798-b2df-8da5eab892db@group-ED9E7781F5C1-LeaderElection1] INFO  server.RaftServer$Division (ServerState.java:setLeader(285)) - 4d1767bf-7f27-4798-b2df-8da5eab892db@group-ED9E7781F5C1: change Leader from null to 4d1767bf-7f27-4798-b2df-8da5eab892db at term 1 for becomeLeader, leader elected after 5372ms
2022-02-14 09:18:41,581 [4d1767bf-7f27-4798-b2df-8da5eab892db@group-ED9E7781F5C1-LeaderElection1] INFO  server.RaftServerConfigKeys (ConfUtils.java:logGet(44)) - raft.server.staging.catchup.gap = 1000 (default)
2022-02-14 09:18:41,588 [4d1767bf-7f27-4798-b2df-8da5eab892db@group-ED9E7781F5C1-LeaderElection1] INFO  server.RaftServerConfigKeys (ConfUtils.java:logGet(44)) - raft.server.write.element-limit = 4096 (default)
2022-02-14 09:18:41,589 [4d1767bf-7f27-4798-b2df-8da5eab892db@group-ED9E7781F5C1-LeaderElection1] INFO  server.RaftServerConfigKeys (ConfUtils.java:logGet(44)) - raft.server.write.byte-limit = 64MB (=67108864) (default)
2022-02-14 09:18:41,600 [4d1767bf-7f27-4798-b2df-8da5eab892db@group-ED9E7781F5C1-LeaderElection1] INFO  server.RaftServerConfigKeys (ConfUtils.java:logGet(44)) - raft.server.watch.timeout = 10s (default)
2022-02-14 09:18:41,600 [4d1767bf-7f27-4798-b2df-8da5eab892db@group-ED9E7781F5C1-LeaderElection1] INFO  server.RaftServerConfigKeys (ConfUtils.java:logGet(44)) - raft.server.watch.timeout.denomination = 1s (default)
2022-02-14 09:18:41,601 [4d1767bf-7f27-4798-b2df-8da5eab892db@group-ED9E7781F5C1-LeaderElection1] INFO  server.RaftServerConfigKeys (ConfUtils.java:logGet(44)) - raft.server.watch.element-limit = 65536 (default)
2022-02-14 09:18:41,605 [4d1767bf-7f27-4798-b2df-8da5eab892db@group-ED9E7781F5C1-LeaderElection1] INFO  server.RaftServerConfigKeys (ConfUtils.java:logGet(44)) - raft.server.write.element-limit = 4096 (default)
2022-02-14 09:18:41,608 [4d1767bf-7f27-4798-b2df-8da5eab892db@group-ED9E7781F5C1-LeaderElection1] INFO  server.RaftServerConfigKeys (ConfUtils.java:logGet(44)) - raft.server.write.follower.gap.ratio.max = -1.0 (default)
2022-02-14 09:18:41,610 [4d1767bf-7f27-4798-b2df-8da5eab892db@group-ED9E7781F5C1-LeaderElection1] INFO  impl.RoleInfo (RoleInfo.java:updateAndGet(130)) - 4d1767bf-7f27-4798-b2df-8da5eab892db: start 4d1767bf-7f27-4798-b2df-8da5eab892db@group-ED9E7781F5C1-LeaderStateImpl
2022-02-14 09:18:41,639 [4d1767bf-7f27-4798-b2df-8da5eab892db@group-ED9E7781F5C1-LeaderElection1] INFO  segmented.SegmentedRaftLogWorker (SegmentedRaftLogWorker.java:startLogSegment(394)) - 4d1767bf-7f27-4798-b2df-8da5eab892db@group-ED9E7781F5C1-SegmentedRaftLogWorker: Starting segment from index:0
2022-02-14 09:18:41,728 [4d1767bf-7f27-4798-b2df-8da5eab892db@group-ED9E7781F5C1-LeaderElection1] INFO  server.RaftServer$Division (ServerState.java:setRaftConf(387)) - 4d1767bf-7f27-4798-b2df-8da5eab892db@group-ED9E7781F5C1: set configuration 0: [4d1767bf-7f27-4798-b2df-8da5eab892db|rpc:fv-az12-997:9894|admin:|client:|dataStream:|priority:0], old=null
2022-02-14 09:18:41,763 [4d1767bf-7f27-4798-b2df-8da5eab892db@group-ED9E7781F5C1-SegmentedRaftLogWorker] INFO  segmented.SegmentedRaftLogWorker (SegmentedRaftLogWorker.java:execute(601)) - 4d1767bf-7f27-4798-b2df-8da5eab892db@group-ED9E7781F5C1-SegmentedRaftLogWorker: created new log segment /home/runner/work/ozone/ozone/hadoop-ozone/integration-test/target/test-dir/MiniOzoneClusterImpl-9687bb22-1f81-4155-97c5-ed9e7781f5c1/ozone-meta/scm-ha/9687bb22-1f81-4155-97c5-ed9e7781f5c1/current/log_inprogress_0
2022-02-14 09:18:42,446 [main] INFO  server.RaftServer (RaftServerProxy.java:lambda$close$6(391)) - 4d1767bf-7f27-4798-b2df-8da5eab892db: close
2022-02-14 09:18:42,447 [main] INFO  server.RaftServer$Division (RaftServerImpl.java:lambda$close$4(412)) - 4d1767bf-7f27-4798-b2df-8da5eab892db@group-ED9E7781F5C1: shutdown
2022-02-14 09:18:42,447 [main] INFO  util.JmxRegister (JmxRegister.java:unregister(73)) - Successfully un-registered JMX Bean with object name Ratis:service=RaftServer,group=group-ED9E7781F5C1,id=4d1767bf-7f27-4798-b2df-8da5eab892db
2022-02-14 09:18:42,447 [main] INFO  impl.RoleInfo (RoleInfo.java:shutdownLeaderState(91)) - 4d1767bf-7f27-4798-b2df-8da5eab892db: shutdown 4d1767bf-7f27-4798-b2df-8da5eab892db@group-ED9E7781F5C1-LeaderStateImpl
2022-02-14 09:18:42,455 [main] INFO  impl.PendingRequests (PendingRequests.java:sendNotLeaderResponses(282)) - 4d1767bf-7f27-4798-b2df-8da5eab892db@group-ED9E7781F5C1-PendingRequests: sendNotLeaderResponses
2022-02-14 09:18:42,457 [main] INFO  impl.StateMachineUpdater (StateMachineUpdater.java:stopAndJoin(149)) - 4d1767bf-7f27-4798-b2df-8da5eab892db@group-ED9E7781F5C1-StateMachineUpdater: set stopIndex = 0
2022-02-14 09:18:42,457 [4d1767bf-7f27-4798-b2df-8da5eab892db@group-ED9E7781F5C1-StateMachineUpdater] INFO  impl.StateMachineUpdater (StateMachineUpdater.java:takeSnapshot(281)) - 4d1767bf-7f27-4798-b2df-8da5eab892db@group-ED9E7781F5C1-StateMachineUpdater: Took a snapshot at index 0
2022-02-14 09:18:42,458 [4d1767bf-7f27-4798-b2df-8da5eab892db@group-ED9E7781F5C1-StateMachineUpdater] INFO  impl.StateMachineUpdater (StateMachineUpdater.java:lambda$new$0(89)) - 4d1767bf-7f27-4798-b2df-8da5eab892db@group-ED9E7781F5C1-StateMachineUpdater: snapshotIndex: updateIncreasingly -1 -> 0
2022-02-14 09:18:42,460 [main] INFO  server.RaftServer$Division (ServerState.java:close(419)) - 4d1767bf-7f27-4798-b2df-8da5eab892db@group-ED9E7781F5C1: closes. applyIndex: 0
2022-02-14 09:18:42,463 [4d1767bf-7f27-4798-b2df-8da5eab892db@group-ED9E7781F5C1-SegmentedRaftLogWorker] INFO  segmented.SegmentedRaftLogWorker (SegmentedRaftLogWorker.java:run(327)) - 4d1767bf-7f27-4798-b2df-8da5eab892db@group-ED9E7781F5C1-SegmentedRaftLogWorker was interrupted, exiting. There are 0 tasks remaining in the queue.
2022-02-14 09:18:42,465 [main] INFO  segmented.SegmentedRaftLogWorker (SegmentedRaftLogWorker.java:close(237)) - 4d1767bf-7f27-4798-b2df-8da5eab892db@group-ED9E7781F5C1-SegmentedRaftLogWorker close()
2022-02-14 09:18:42,466 [main] INFO  server.GrpcService (GrpcService.java:closeImpl(262)) - 4d1767bf-7f27-4798-b2df-8da5eab892db: shutdown server with port 9894 now
2022-02-14 09:18:42,497 [main] INFO  server.GrpcService (GrpcService.java:closeImpl(271)) - 4d1767bf-7f27-4798-b2df-8da5eab892db: shutdown server with port 9894 successfully
2022-02-14 09:18:42,498 [org.apache.ratis.util.JvmPauseMonitor$$Lambda$422/1688851596@365a6a43] INFO  util.JvmPauseMonitor (JvmPauseMonitor.java:run(109)) - JvmPauseMonitor-4d1767bf-7f27-4798-b2df-8da5eab892db: Stopped
2022-02-14 09:18:42,532 [main] INFO  ha.SCMHANodeDetails (SCMHANodeDetails.java:loadSCMHAConfig(157)) - ServiceID for StorageContainerManager is null
2022-02-14 09:18:42,533 [main] INFO  ha.SCMHANodeDetails (SCMHANodeDetails.java:loadSCMHAConfig(162)) - ozone.scm.default.service.id is not defined, falling back to ozone.scm.service.ids to find serviceID for StorageContainerManager if it is HA enabled cluster
2022-02-14 09:18:42,556 [main] WARN  server.ServerUtils (ServerUtils.java:getScmDbDir(148)) - ozone.scm.db.dirs is not configured. We recommend adding this setting. Falling back to ozone.metadata.dirs instead.
2022-02-14 09:18:42,559 [main] INFO  upgrade.AbstractLayoutVersionManager (AbstractLayoutVersionManager.java:init(79)) - Initializing Layout version manager with metadata layout = SCM_HA (version = 2), software layout = SCM_HA (version = 2)
2022-02-14 09:18:42,700 [main] INFO  reflections.Reflections (Reflections.java:scan(232)) - Reflections took 114 ms to scan 7 urls, producing 119 keys and 279 values 
2022-02-14 09:18:43,188 [main] WARN  utils.HAUtils (HAUtils.java:getMetaDir(342)) - ozone.scm.db.dirs is not configured. We recommend adding this setting. Falling back to ozone.metadata.dirs instead.
2022-02-14 09:18:43,330 [main] WARN  db.DBStoreBuilder (DBStoreBuilder.java:applyDBDefinition(145)) - ozone.scm.db.dirs is not configured. We recommend adding this setting. Falling back to ozone.metadata.dirs instead.
2022-02-14 09:18:43,499 [main] INFO  net.NodeSchemaLoader (NodeSchemaLoader.java:loadSchemaFromFile(129)) - Loading schema from [jar:file:/home/runner/.m2/repository/org/apache/ozone/hdds-common/1.3.0-SNAPSHOT/hdds-common-1.3.0-SNAPSHOT.jar!/network-topology-default.xml]
2022-02-14 09:18:43,502 [main] INFO  net.NodeSchemaLoader (NodeSchemaLoader.java:loadSchema(176)) - Loading network topology layer schema file
2022-02-14 09:18:43,575 [main] INFO  ha.SCMRatisServerImpl (SCMRatisServerImpl.java:<init>(87)) - starting Raft server for scm:4d1767bf-7f27-4798-b2df-8da5eab892db
2022-02-14 09:18:43,584 [main] INFO  server.RaftServer (ConfUtils.java:logGet(44)) - raft.rpc.type = GRPC (default)
2022-02-14 09:18:43,584 [main] INFO  grpc.GrpcFactory (GrpcFactory.java:checkPooledByteBufAllocatorUseCacheForAllThreads(48)) - PERFORMANCE WARNING: useCacheForAllThreads is true that may cause Netty to create a lot garbage objects and, as a result, trigger GC.
	It is recommended to disable useCacheForAllThreads by setting -Dorg.apache.ratis.thirdparty.io.netty.allocator.useCacheForAllThreads=false in command line.
2022-02-14 09:18:43,584 [main] INFO  grpc.GrpcConfigKeys (ConfUtils.java:logGet(44)) - raft.grpc.admin.port = -1 (default)
2022-02-14 09:18:43,585 [main] INFO  grpc.GrpcConfigKeys (ConfUtils.java:logGet(44)) - raft.grpc.server.port = 9894 (custom)
2022-02-14 09:18:43,585 [main] INFO  grpc.GrpcConfigKeys (ConfUtils.java:logGet(44)) - raft.grpc.client.port = -1 (default)
2022-02-14 09:18:43,585 [main] INFO  grpc.GrpcConfigKeys (ConfUtils.java:logGet(44)) - raft.grpc.server.port = 9894 (custom)
2022-02-14 09:18:43,585 [main] INFO  grpc.GrpcConfigKeys (ConfUtils.java:logGet(44)) - raft.grpc.server.port = 9894 (custom)
2022-02-14 09:18:43,586 [main] INFO  server.GrpcService (ConfUtils.java:logGet(44)) - raft.grpc.message.size.max = 32m (=33554432) (custom)
2022-02-14 09:18:43,586 [main] INFO  server.RaftServerConfigKeys (ConfUtils.java:logGet(44)) - raft.server.log.appender.buffer.byte-limit = 33554432 (custom)
2022-02-14 09:18:43,586 [main] INFO  server.GrpcService (ConfUtils.java:logGet(44)) - raft.grpc.flow.control.window = 1MB (=1048576) (default)
2022-02-14 09:18:43,587 [main] INFO  server.RaftServerConfigKeys (ConfUtils.java:logGet(44)) - raft.server.rpc.request.timeout = 30000ms (custom)
2022-02-14 09:18:43,594 [main] INFO  impl.DataStreamServerImpl (ConfUtils.java:logGet(44)) - raft.datastream.type = DISABLED (default)
2022-02-14 09:18:43,594 [main] INFO  server.RaftServerConfigKeys (ConfUtils.java:logGet(44)) - raft.server.rpc.slowness.timeout = 120000ms (custom)
2022-02-14 09:18:43,595 [main] INFO  server.RaftServerConfigKeys (ConfUtils.java:logGet(44)) - raft.server.leaderelection.leader.step-down.wait-time = 10s (default)
2022-02-14 09:18:43,599 [main] INFO  server.RaftServerConfigKeys (ConfUtils.java:logGet(44)) - raft.server.storage.dir = [/home/runner/work/ozone/ozone/hadoop-ozone/integration-test/target/test-dir/MiniOzoneClusterImpl-9687bb22-1f81-4155-97c5-ed9e7781f5c1/ozone-meta/scm-ha] (custom)
2022-02-14 09:18:43,600 [main] INFO  server.RaftServer (RaftServerProxy.java:lambda$null$1(235)) - 4d1767bf-7f27-4798-b2df-8da5eab892db: found a subdirectory /home/runner/work/ozone/ozone/hadoop-ozone/integration-test/target/test-dir/MiniOzoneClusterImpl-9687bb22-1f81-4155-97c5-ed9e7781f5c1/ozone-meta/scm-ha/9687bb22-1f81-4155-97c5-ed9e7781f5c1
2022-02-14 09:18:43,605 [main] INFO  server.RaftServer (RaftServerProxy.java:addNew(95)) - 4d1767bf-7f27-4798-b2df-8da5eab892db: addNew group-ED9E7781F5C1:[] returns group-ED9E7781F5C1:java.util.concurrent.CompletableFuture@656c5c3[Not completed]
2022-02-14 09:18:43,608 [pool-16-thread-1] INFO  server.RaftServer$Division (RaftServerImpl.java:<init>(184)) - 4d1767bf-7f27-4798-b2df-8da5eab892db: new RaftServerImpl for group-ED9E7781F5C1:[] with SCMStateMachine:uninitialized
2022-02-14 09:18:43,609 [pool-16-thread-1] INFO  server.RaftServerConfigKeys (ConfUtils.java:logGet(44)) - raft.server.rpc.timeout.min = 5000ms (custom)
2022-02-14 09:18:43,609 [pool-16-thread-1] INFO  server.RaftServerConfigKeys (ConfUtils.java:logGet(44)) - raft.server.rpc.timeout.max = 5200ms (custom)
2022-02-14 09:18:43,609 [pool-16-thread-1] INFO  server.RaftServerConfigKeys (ConfUtils.java:logGet(44)) - raft.server.rpc.sleep.time = 25ms (default)
2022-02-14 09:18:43,609 [pool-16-thread-1] INFO  server.RaftServerConfigKeys (ConfUtils.java:logGet(44)) - raft.server.rpc.slowness.timeout = 120000ms (custom)
2022-02-14 09:18:43,609 [pool-16-thread-1] INFO  server.RaftServerConfigKeys (ConfUtils.java:logGet(44)) - raft.server.leaderelection.leader.step-down.wait-time = 10s (default)
2022-02-14 09:18:43,609 [pool-16-thread-1] INFO  server.RaftServerConfigKeys (ConfUtils.java:logGet(44)) - raft.server.sleep.deviation.threshold = 300ms (default)
2022-02-14 09:18:43,610 [pool-16-thread-1] INFO  server.RaftServerConfigKeys (ConfUtils.java:logGet(44)) - raft.server.log.appender.install.snapshot.enabled = false (custom)
2022-02-14 09:18:43,611 [pool-16-thread-1] INFO  server.RaftServer$Division (ServerState.java:<init>(105)) - 4d1767bf-7f27-4798-b2df-8da5eab892db@group-ED9E7781F5C1: ConfigurationManager, init=-1: [], old=null, confs=<EMPTY_MAP>
2022-02-14 09:18:43,611 [pool-16-thread-1] INFO  server.RaftServerConfigKeys (ConfUtils.java:logGet(44)) - raft.server.storage.dir = [/home/runner/work/ozone/ozone/hadoop-ozone/integration-test/target/test-dir/MiniOzoneClusterImpl-9687bb22-1f81-4155-97c5-ed9e7781f5c1/ozone-meta/scm-ha] (custom)
2022-02-14 09:18:43,611 [pool-16-thread-1] INFO  server.RaftServerConfigKeys (ConfUtils.java:logGet(44)) - raft.server.log.corruption.policy = EXCEPTION (default)
2022-02-14 09:18:43,613 [pool-16-thread-1] INFO  server.RaftServerConfigKeys (ConfUtils.java:logGet(44)) - raft.server.storage.free-space.min = 0MB (=0) (default)
2022-02-14 09:18:43,615 [pool-16-thread-1] INFO  storage.RaftStorageDirectory (RaftStorageDirectoryImpl.java:tryLock(230)) - Lock on /home/runner/work/ozone/ozone/hadoop-ozone/integration-test/target/test-dir/MiniOzoneClusterImpl-9687bb22-1f81-4155-97c5-ed9e7781f5c1/ozone-meta/scm-ha/9687bb22-1f81-4155-97c5-ed9e7781f5c1/in_use.lock acquired by nodename 1675@fv-az12-997
2022-02-14 09:18:43,622 [pool-16-thread-1] INFO  storage.RaftStorage (RaftStorageImpl.java:analyzeAndRecoverStorage(110)) - Read RaftStorageMetadata{term=1, votedFor=4d1767bf-7f27-4798-b2df-8da5eab892db} from /home/runner/work/ozone/ozone/hadoop-ozone/integration-test/target/test-dir/MiniOzoneClusterImpl-9687bb22-1f81-4155-97c5-ed9e7781f5c1/ozone-meta/scm-ha/9687bb22-1f81-4155-97c5-ed9e7781f5c1/current/raft-meta
2022-02-14 09:18:43,635 [pool-16-thread-1] INFO  server.RaftServer$Division (ServerState.java:setRaftConf(387)) - 4d1767bf-7f27-4798-b2df-8da5eab892db@group-ED9E7781F5C1: set configuration 0: [4d1767bf-7f27-4798-b2df-8da5eab892db|rpc:fv-az12-997:9894|admin:|client:|dataStream:|priority:0], old=null
2022-02-14 09:18:43,636 [pool-16-thread-1] INFO  server.RaftServerConfigKeys (ConfUtils.java:logGet(44)) - raft.server.notification.no-leader.timeout = 60s (default)
2022-02-14 09:18:43,636 [pool-16-thread-1] INFO  server.RaftServerConfigKeys (ConfUtils.java:logGet(44)) - raft.server.log.use.memory = false (default)
2022-02-14 09:18:43,636 [pool-16-thread-1] INFO  server.RaftServerConfigKeys (ConfUtils.java:logGet(44)) - raft.server.log.purge.gap = 1000000 (custom)
2022-02-14 09:18:43,636 [pool-16-thread-1] INFO  server.RaftServerConfigKeys (ConfUtils.java:logGet(44)) - raft.server.log.appender.buffer.byte-limit = 33554432 (custom)
2022-02-14 09:18:43,644 [pool-16-thread-1] INFO  server.RaftServerConfigKeys (ConfUtils.java:logGet(44)) - raft.server.log.segment.size.max = 4194304 (custom)
2022-02-14 09:18:43,645 [pool-16-thread-1] INFO  server.RaftServerConfigKeys (ConfUtils.java:logGet(44)) - raft.server.log.segment.cache.num.max = 2 (custom)
2022-02-14 09:18:43,645 [pool-16-thread-1] INFO  server.RaftServerConfigKeys (ConfUtils.java:logGet(44)) - raft.server.log.segment.cache.size.max = 200MB (=209715200) (default)
2022-02-14 09:18:43,645 [pool-16-thread-1] INFO  segmented.SegmentedRaftLogWorker (SegmentedRaftLogWorker.java:<init>(182)) - new 4d1767bf-7f27-4798-b2df-8da5eab892db@group-ED9E7781F5C1-SegmentedRaftLogWorker for RaftStorageImpl:Storage Directory /home/runner/work/ozone/ozone/hadoop-ozone/integration-test/target/test-dir/MiniOzoneClusterImpl-9687bb22-1f81-4155-97c5-ed9e7781f5c1/ozone-meta/scm-ha/9687bb22-1f81-4155-97c5-ed9e7781f5c1
2022-02-14 09:18:43,645 [pool-16-thread-1] INFO  server.RaftServerConfigKeys (ConfUtils.java:logGet(44)) - raft.server.log.queue.byte-limit = 64MB (=67108864) (default)
2022-02-14 09:18:43,647 [pool-16-thread-1] INFO  server.RaftServerConfigKeys (ConfUtils.java:logGet(44)) - raft.server.log.queue.element-limit = 4096 (default)
2022-02-14 09:18:43,647 [pool-16-thread-1] INFO  server.RaftServerConfigKeys (ConfUtils.java:logGet(44)) - raft.server.log.segment.size.max = 4194304 (custom)
2022-02-14 09:18:43,648 [pool-16-thread-1] INFO  server.RaftServerConfigKeys (ConfUtils.java:logGet(44)) - raft.server.log.preallocated.size = 4194304 (custom)
2022-02-14 09:18:43,648 [pool-16-thread-1] INFO  server.RaftServerConfigKeys (ConfUtils.java:logGet(44)) - raft.server.log.force.sync.num = 128 (default)
2022-02-14 09:18:43,648 [pool-16-thread-1] INFO  server.RaftServerConfigKeys (ConfUtils.java:logGet(44)) - raft.server.log.statemachine.data.sync = true (default)
2022-02-14 09:18:43,648 [pool-16-thread-1] INFO  server.RaftServerConfigKeys (ConfUtils.java:logGet(44)) - raft.server.log.statemachine.data.sync.timeout = 10s (default)
2022-02-14 09:18:43,650 [pool-16-thread-1] INFO  server.RaftServerConfigKeys (ConfUtils.java:logGet(44)) - raft.server.log.statemachine.data.sync.timeout.retry = -1 (default)
2022-02-14 09:18:43,652 [pool-16-thread-1] INFO  server.RaftServerConfigKeys (ConfUtils.java:logGet(44)) - raft.server.log.write.buffer.size = 64KB (=65536) (default)
2022-02-14 09:18:43,652 [pool-16-thread-1] INFO  server.RaftServerConfigKeys (ConfUtils.java:logGet(44)) - raft.server.log.statemachine.data.caching.enabled = false (default)
2022-02-14 09:18:43,660 [pool-16-thread-1] INFO  server.RaftServer$Division (ServerState.java:setRaftConf(387)) - 4d1767bf-7f27-4798-b2df-8da5eab892db@group-ED9E7781F5C1: set configuration 0: [4d1767bf-7f27-4798-b2df-8da5eab892db|rpc:fv-az12-997:9894|admin:|client:|dataStream:|priority:0], old=null
2022-02-14 09:18:43,661 [pool-16-thread-1] INFO  segmented.LogSegment (LogSegment.java:loadSegment(173)) - Successfully read 1 entries from segment file /home/runner/work/ozone/ozone/hadoop-ozone/integration-test/target/test-dir/MiniOzoneClusterImpl-9687bb22-1f81-4155-97c5-ed9e7781f5c1/ozone-meta/scm-ha/9687bb22-1f81-4155-97c5-ed9e7781f5c1/current/log_inprogress_0
2022-02-14 09:18:43,662 [pool-16-thread-1] INFO  segmented.SegmentedRaftLogWorker (SegmentedRaftLogWorker.java:lambda$new$0(133)) - 4d1767bf-7f27-4798-b2df-8da5eab892db@group-ED9E7781F5C1-SegmentedRaftLogWorker: flushIndex: setUnconditionally 0 -> 0
2022-02-14 09:18:43,662 [pool-16-thread-1] INFO  segmented.SegmentedRaftLogWorker (SegmentedRaftLogWorker.java:lambda$new$0(133)) - 4d1767bf-7f27-4798-b2df-8da5eab892db@group-ED9E7781F5C1-SegmentedRaftLogWorker: safeCacheEvictIndex: setUnconditionally 0 -> -1
2022-02-14 09:18:43,665 [pool-16-thread-1] INFO  server.RaftServerConfigKeys (ConfUtils.java:logGet(44)) - raft.server.snapshot.auto.trigger.enabled = true (custom)
2022-02-14 09:18:43,665 [pool-16-thread-1] INFO  server.RaftServerConfigKeys (ConfUtils.java:logGet(44)) - raft.server.snapshot.auto.trigger.threshold = 1000 (custom)
2022-02-14 09:18:43,666 [pool-16-thread-1] INFO  server.RaftServerConfigKeys (ConfUtils.java:logGet(44)) - raft.server.snapshot.retention.file.num = -1 (default)
2022-02-14 09:18:43,666 [pool-16-thread-1] INFO  server.RaftServerConfigKeys (ConfUtils.java:logGet(44)) - raft.server.log.purge.upto.snapshot.index = false (default)
2022-02-14 09:18:43,666 [pool-16-thread-1] INFO  server.RaftServerConfigKeys (ConfUtils.java:logGet(44)) - raft.server.retrycache.expirytime = 60000ms (default)
2022-02-14 09:18:43,666 [pool-16-thread-1] INFO  server.RaftServerConfigKeys (ConfUtils.java:logGet(44)) - raft.server.retrycache.statistics.expirytime = 100μs (default)
2022-02-14 09:18:43,670 [main] INFO  ha.SCMSnapshotProvider (SCMSnapshotProvider.java:<init>(66)) - Initializing SCM Snapshot Provider
2022-02-14 09:18:43,670 [main] WARN  server.ServerUtils (ServerUtils.java:getDefaultRatisDirectory(237)) - Storage directory for Ratis is not configured. It is a good idea to map this to an SSD disk. Falling back to ozone.metadata.dirs
2022-02-14 09:18:43,670 [main] WARN  ha.SCMHAUtils (SCMHAUtils.java:getSCMRatisSnapshotDirectory(146)) - SCM snapshot dir is not configured. Falling back to ozone.metadata.dirs config
2022-02-14 09:18:43,829 [main] INFO  ha.SequenceIdGenerator (SequenceIdGenerator.java:upgradeToSequenceId(347)) - upgrade localId to 109611004723200000
2022-02-14 09:18:43,832 [main] INFO  ha.SequenceIdGenerator (SequenceIdGenerator.java:upgradeToSequenceId(357)) - upgrade delTxnId to 0
2022-02-14 09:18:43,837 [main] INFO  ha.SequenceIdGenerator (SequenceIdGenerator.java:upgradeToSequenceId(371)) - upgrade containerId to 0
2022-02-14 09:18:43,839 [main] INFO  ha.SequenceIdGenerator (SequenceIdGenerator.java:<init>(218)) - Init the HA SequenceIdGenerator.
2022-02-14 09:18:43,882 [main] WARN  server.ServerUtils (ServerUtils.java:sanitizeUserArgs(73)) - ozone.scm.stale.node.interval value = 300000 is larger than max = 100000 based on the key value of ozone.scm.heartbeat.thread.interval, reset to the max value 100000.
2022-02-14 09:18:43,884 [main] WARN  server.ServerUtils (ServerUtils.java:sanitizeUserArgs(73)) - ozone.scm.stale.node.interval value = 300000 is larger than max = 100000 based on the key value of ozone.scm.heartbeat.thread.interval, reset to the max value 100000.
2022-02-14 09:18:43,889 [main] INFO  node.SCMNodeManager (SCMNodeManager.java:<init>(144)) - Entering startup safe mode.
2022-02-14 09:18:43,970 [main] INFO  algorithms.ContainerPlacementPolicyFactory (ContainerPlacementPolicyFactory.java:getPolicy(60)) - Create container placement policy of type org.apache.hadoop.hdds.scm.container.placement.algorithms.SCMContainerPlacementRandom
2022-02-14 09:18:43,980 [main] INFO  pipeline.PipelineStateManagerImpl (PipelineStateManagerImpl.java:initialize(78)) - No pipeline exists in current db
2022-02-14 09:18:44,012 [main] INFO  algorithms.LeaderChoosePolicyFactory (LeaderChoosePolicyFactory.java:getPolicy(57)) - Create leader choose policy of type org.apache.hadoop.hdds.scm.pipeline.leader.choose.algorithms.MinLeaderCountChoosePolicy
2022-02-14 09:18:44,022 [main] INFO  ha.SCMServiceManager (SCMServiceManager.java:register(43)) - Registering service BackgroundPipelineCreator.
2022-02-14 09:18:44,023 [main] INFO  pipeline.BackgroundPipelineCreator (BackgroundPipelineCreator.java:start(130)) - Starting RatisPipelineUtilsThread.
2022-02-14 09:18:44,054 [main] INFO  algorithms.PipelineChoosePolicyFactory (PipelineChoosePolicyFactory.java:createPipelineChoosePolicyFromClass(73)) - Create pipeline choose policy of type org.apache.hadoop.hdds.scm.pipeline.choose.algorithms.RandomPipelineChoosePolicy
2022-02-14 09:18:44,069 [main] INFO  ha.SCMServiceManager (SCMServiceManager.java:register(43)) - Registering service SCMBlockDeletingService.
2022-02-14 09:18:44,094 [main] INFO  ha.SCMServiceManager (SCMServiceManager.java:register(43)) - Registering service ReplicationManager.
2022-02-14 09:18:44,106 [main] INFO  container.ReplicationManager (ReplicationManager.java:start(326)) - Starting Replication Monitor Thread.
2022-02-14 09:18:44,117 [ReplicationMonitor] INFO  container.ReplicationManager (ReplicationManager.java:processAll(374)) - Replication Manager is not ready to run until 3000ms after safemode exit
2022-02-14 09:18:44,119 [main] INFO  safemode.ContainerSafeModeRule (ContainerSafeModeRule.java:<init>(89)) - containers with one replica threshold count 0
2022-02-14 09:18:44,123 [main] INFO  safemode.HealthyPipelineSafeModeRule (HealthyPipelineSafeModeRule.java:initializeRule(156)) - Total pipeline count is 0, healthy pipeline threshold count is 1
2022-02-14 09:18:44,126 [main] INFO  safemode.OneReplicaPipelineSafeModeRule (OneReplicaPipelineSafeModeRule.java:initializeRule(180)) - Total pipeline count is 0, pipeline's with at least one datanode reported threshold count is 0
2022-02-14 09:18:44,540 [main] INFO  ipc.CallQueueManager (CallQueueManager.java:<init>(90)) - Using callQueue: class java.util.concurrent.LinkedBlockingQueue, queueCapacity: 2000, scheduler: class org.apache.hadoop.ipc.DefaultRpcScheduler, ipcBackoff: false.
2022-02-14 09:18:44,583 [Socket Reader #1 for port 0] INFO  ipc.Server (Server.java:run(1265)) - Starting Socket Reader #1 for port 0
2022-02-14 09:18:44,639 [Listener at 0.0.0.0/37269] INFO  ipc.CallQueueManager (CallQueueManager.java:<init>(90)) - Using callQueue: class java.util.concurrent.LinkedBlockingQueue, queueCapacity: 2000, scheduler: class org.apache.hadoop.ipc.DefaultRpcScheduler, ipcBackoff: false.
2022-02-14 09:18:44,645 [Socket Reader #1 for port 0] INFO  ipc.Server (Server.java:run(1265)) - Starting Socket Reader #1 for port 0
2022-02-14 09:18:44,671 [Listener at 0.0.0.0/40975] INFO  ipc.CallQueueManager (CallQueueManager.java:<init>(90)) - Using callQueue: class java.util.concurrent.LinkedBlockingQueue, queueCapacity: 2000, scheduler: class org.apache.hadoop.ipc.DefaultRpcScheduler, ipcBackoff: false.
2022-02-14 09:18:44,673 [Socket Reader #1 for port 0] INFO  ipc.Server (Server.java:run(1265)) - Starting Socket Reader #1 for port 0
2022-02-14 09:18:44,733 [Listener at 0.0.0.0/35643] INFO  algorithms.ContainerPlacementPolicyFactory (ContainerPlacementPolicyFactory.java:getPolicy(60)) - Create container placement policy of type org.apache.hadoop.hdds.scm.container.placement.algorithms.SCMContainerPlacementRandom
2022-02-14 09:18:44,743 [Listener at 0.0.0.0/35643] INFO  server.StorageContainerManager (StorageContainerManager.java:<init>(388)) - 
Container Balancer status:
Key                            Value
Running                        false
Container Balancer Configuration values:
Key                                                Value
Threshold                                          10
Max Datanodes to Involve per Iteration(percent)    20
Max Size to Move per Iteration                     500GB
Max Size Entering Target per Iteration             26GB
Max Size Leaving Source per Iteration              26GB

2022-02-14 09:18:44,743 [Listener at 0.0.0.0/35643] WARN  events.EventQueue (EventQueue.java:fireEvent(194)) - No event handler registered for event TypedEvent{payloadType=SafeModeStatus, name='Safe mode status'}
2022-02-14 09:18:44,743 [Listener at 0.0.0.0/35643] INFO  ha.SCMContext (SCMContext.java:updateSafeModeStatus(211)) - Update SafeModeStatus from SafeModeStatus{safeModeStatus=true, preCheckPassed=false} to SafeModeStatus{safeModeStatus=true, preCheckPassed=false}.
2022-02-14 09:18:44,747 [Listener at 0.0.0.0/35643] INFO  server.StorageContainerManager (StorageContainerManager.java:start(1303)) - StorageContainerLocationProtocol RPC server is listening at /0.0.0.0:35643
2022-02-14 09:18:44,748 [Listener at 0.0.0.0/35643] INFO  ha.SCMRatisServerImpl (SCMRatisServerImpl.java:start(177)) - starting ratis server 0.0.0.0:9894
2022-02-14 09:18:44,749 [Listener at 0.0.0.0/35643] INFO  server.RaftServer$Division (RaftServerImpl.java:start(301)) - 4d1767bf-7f27-4798-b2df-8da5eab892db@group-ED9E7781F5C1: start as a follower, conf=0: [4d1767bf-7f27-4798-b2df-8da5eab892db|rpc:fv-az12-997:9894|admin:|client:|dataStream:|priority:0], old=null
2022-02-14 09:18:44,750 [Listener at 0.0.0.0/35643] INFO  server.RaftServer$Division (RaftServerImpl.java:setRole(290)) - 4d1767bf-7f27-4798-b2df-8da5eab892db@group-ED9E7781F5C1: changes role from      null to FOLLOWER at term 1 for startAsFollower
2022-02-14 09:18:44,750 [Listener at 0.0.0.0/35643] INFO  impl.RoleInfo (RoleInfo.java:updateAndGet(130)) - 4d1767bf-7f27-4798-b2df-8da5eab892db: start 4d1767bf-7f27-4798-b2df-8da5eab892db@group-ED9E7781F5C1-FollowerState
2022-02-14 09:18:44,750 [Listener at 0.0.0.0/35643] INFO  util.JmxRegister (JmxRegister.java:tryRegister(44)) - Successfully registered JMX Bean with object name Ratis:service=RaftServer,group=group-ED9E7781F5C1,id=4d1767bf-7f27-4798-b2df-8da5eab892db
2022-02-14 09:18:44,752 [Listener at 0.0.0.0/35643] INFO  server.RaftServer (RaftServerProxy.java:lambda$start$5(374)) - 4d1767bf-7f27-4798-b2df-8da5eab892db: start RPC server
2022-02-14 09:18:44,755 [Listener at 0.0.0.0/35643] INFO  server.GrpcService (GrpcService.java:startImpl(253)) - 4d1767bf-7f27-4798-b2df-8da5eab892db: GrpcService started, listening on 9894
2022-02-14 09:18:44,755 [Listener at 0.0.0.0/35643] INFO  ha.SCMHAManagerImpl (SCMHAManagerImpl.java:start(121)) -  scm role is FOLLOWER peers [4d1767bf-7f27-4798-b2df-8da5eab892db|rpc:fv-az12-997:9894|admin:|client:|dataStream:|priority:0]
2022-02-14 09:18:44,755 [Listener at 0.0.0.0/35643] INFO  ha.InterSCMGrpcService (InterSCMGrpcProtocolService.java:start(94)) - Starting SCM Grpc Service at port 9895
2022-02-14 09:18:44,769 [org.apache.ratis.util.JvmPauseMonitor$$Lambda$422/1688851596@74026b18] INFO  util.JvmPauseMonitor (JvmPauseMonitor.java:run(103)) - JvmPauseMonitor-4d1767bf-7f27-4798-b2df-8da5eab892db: Started
2022-02-14 09:18:44,841 [Listener at 0.0.0.0/35643] WARN  impl.MetricsConfig (MetricsConfig.java:loadFirst(136)) - Cannot locate configuration: tried hadoop-metrics2-storagecontainermanager.properties,hadoop-metrics2.properties
2022-02-14 09:18:44,861 [Listener at 0.0.0.0/35643] INFO  impl.MetricsSystemImpl (MetricsSystemImpl.java:startTimer(378)) - Scheduled Metric snapshot period at 10 second(s).
2022-02-14 09:18:44,861 [Listener at 0.0.0.0/35643] INFO  impl.MetricsSystemImpl (MetricsSystemImpl.java:start(191)) - StorageContainerManager metrics system started
2022-02-14 09:18:45,161 [Listener at 0.0.0.0/35643] INFO  server.SCMClientProtocolServer (SCMClientProtocolServer.java:start(165)) - RPC server for Client  is listening at /0.0.0.0:35643
2022-02-14 09:18:45,163 [IPC Server Responder] INFO  ipc.Server (Server.java:run(1507)) - IPC Server Responder: starting
2022-02-14 09:18:45,174 [Listener at 0.0.0.0/35643] INFO  server.StorageContainerManager (StorageContainerManager.java:start(1318)) - ScmBlockLocationProtocol RPC server is listening at /0.0.0.0:40975
2022-02-14 09:18:45,174 [Listener at 0.0.0.0/35643] INFO  server.SCMBlockProtocolServer (SCMBlockProtocolServer.java:start(151)) - RPC server for Block Protocol is listening at /0.0.0.0:40975
2022-02-14 09:18:45,175 [IPC Server Responder] INFO  ipc.Server (Server.java:run(1507)) - IPC Server Responder: starting
2022-02-14 09:18:45,176 [IPC Server listener on 0] INFO  ipc.Server (Server.java:run(1344)) - IPC Server listener on 0: starting
2022-02-14 09:18:45,187 [IPC Server listener on 0] INFO  ipc.Server (Server.java:run(1344)) - IPC Server listener on 0: starting
2022-02-14 09:18:45,189 [org.apache.hadoop.util.JvmPauseMonitor$Monitor@15c96f24] INFO  util.JvmPauseMonitor (JvmPauseMonitor.java:run(188)) - Starting JVM pause monitor
2022-02-14 09:18:45,215 [Listener at 0.0.0.0/35643] INFO  http.BaseHttpServer (BaseHttpServer.java:newHttpServer2BuilderForOzone(209)) - Starting Web-server for scm at: http://0.0.0.0:0
2022-02-14 09:18:45,215 [Listener at 0.0.0.0/35643] INFO  http.BaseHttpServer (BaseHttpServer.java:<init>(107)) - Hadoop Security Enabled: false Ozone Security Enabled: false Ozone HTTP Security Enabled: false 
2022-02-14 09:18:45,246 [Listener at 0.0.0.0/35643] INFO  util.log (Log.java:initialized(170)) - Logging initialized @11416ms to org.eclipse.jetty.util.log.Slf4jLog
2022-02-14 09:18:45,371 [Listener at 0.0.0.0/35643] INFO  server.AuthenticationFilter (AuthenticationFilter.java:constructSecretProvider(240)) - Unable to initialize FileSignerSecretProvider, falling back to use random secrets.
2022-02-14 09:18:45,377 [Listener at 0.0.0.0/35643] WARN  http.HttpRequestLog (HttpRequestLog.java:getRequestLog(103)) - Jetty request log can only be enabled using Log4j
2022-02-14 09:18:45,384 [Listener at 0.0.0.0/35643] INFO  http.HttpServer2 (HttpServer2.java:addGlobalFilter(1030)) - Added global filter 'safety' (class=org.apache.hadoop.hdds.server.http.HttpServer2$QuotingInputFilter)
2022-02-14 09:18:45,386 [Listener at 0.0.0.0/35643] INFO  http.HttpServer2 (HttpServer2.java:addFilter(1006)) - Added filter static_user_filter (class=org.apache.hadoop.http.lib.StaticUserWebFilter$StaticUserFilter) to context scm
2022-02-14 09:18:45,387 [Listener at 0.0.0.0/35643] INFO  http.HttpServer2 (HttpServer2.java:addFilter(1014)) - Added filter static_user_filter (class=org.apache.hadoop.http.lib.StaticUserWebFilter$StaticUserFilter) to context static
2022-02-14 09:18:45,388 [Listener at 0.0.0.0/35643] INFO  http.HttpServer2 (HttpServer2.java:addFilter(1014)) - Added filter static_user_filter (class=org.apache.hadoop.http.lib.StaticUserWebFilter$StaticUserFilter) to context logs
2022-02-14 09:18:45,439 [Listener at 0.0.0.0/35643] INFO  http.HttpServer2 (HttpServer2.java:bindListener(1249)) - Jetty bound to port 45487
2022-02-14 09:18:45,441 [Listener at 0.0.0.0/35643] INFO  server.Server (Server.java:doStart(375)) - jetty-9.4.43.v20210629; built: 2021-06-30T11:07:22.254Z; git: 526006ecfa3af7f1a27ef3a288e2bef7ea9dd7e8; jvm 1.8.0_312-b07
2022-02-14 09:18:45,478 [Listener at 0.0.0.0/35643] INFO  server.session (DefaultSessionIdManager.java:doStart(334)) - DefaultSessionIdManager workerName=node0
2022-02-14 09:18:45,479 [Listener at 0.0.0.0/35643] INFO  server.session (DefaultSessionIdManager.java:doStart(339)) - No SessionScavenger set, using defaults
2022-02-14 09:18:45,481 [Listener at 0.0.0.0/35643] INFO  server.session (HouseKeeper.java:startScavenging(132)) - node0 Scavenging every 660000ms
2022-02-14 09:18:45,495 [Listener at 0.0.0.0/35643] INFO  handler.ContextHandler (ContextHandler.java:doStart(915)) - Started o.e.j.s.ServletContextHandler@4f3e65f4{logs,/logs,file:///home/runner/work/ozone/ozone/hadoop-ozone/integration-test/target/log,AVAILABLE}
2022-02-14 09:18:45,495 [Listener at 0.0.0.0/35643] INFO  handler.ContextHandler (ContextHandler.java:doStart(915)) - Started o.e.j.s.ServletContextHandler@6905d030{static,/static,file:///home/runner/work/ozone/ozone/hadoop-ozone/integration-test/target/test-classes/webapps/static,AVAILABLE}
2022-02-14 09:18:45,540 [Listener at 0.0.0.0/35643] INFO  handler.ContextHandler (ContextHandler.java:doStart(915)) - Started o.e.j.w.WebAppContext@22bca04e{scm,/,file:///home/runner/work/ozone/ozone/hadoop-ozone/integration-test/target/test-classes/webapps/scm/,AVAILABLE}{file:/home/runner/work/ozone/ozone/hadoop-ozone/integration-test/target/test-classes/webapps/scm}
2022-02-14 09:18:45,550 [Listener at 0.0.0.0/35643] INFO  server.AbstractConnector (AbstractConnector.java:doStart(331)) - Started ServerConnector@5184da2b{HTTP/1.1, (http/1.1)}{0.0.0.0:45487}
2022-02-14 09:18:45,550 [Listener at 0.0.0.0/35643] INFO  server.Server (Server.java:doStart(415)) - Started @11720ms
2022-02-14 09:18:45,552 [Listener at 0.0.0.0/35643] INFO  impl.MetricsSinkAdapter (MetricsSinkAdapter.java:start(204)) - Sink prometheus started
2022-02-14 09:18:45,552 [Listener at 0.0.0.0/35643] INFO  impl.MetricsSystemImpl (MetricsSystemImpl.java:registerSink(305)) - Registered sink prometheus
2022-02-14 09:18:45,554 [Listener at 0.0.0.0/35643] INFO  http.BaseHttpServer (BaseHttpServer.java:updateConnectorAddress(329)) - HTTP server of scm listening at http://0.0.0.0:45487
2022-02-14 09:18:45,667 [Listener at 0.0.0.0/35643] INFO  ha.OMHANodeDetails (OMHANodeDetails.java:loadOMHAConfig(118)) - ServiceID for OzoneManager is om-service-test1
2022-02-14 09:18:45,673 [Listener at 0.0.0.0/35643] INFO  ha.OMHANodeDetails (OMHANodeDetails.java:loadOMHAConfig(193)) - Found matching OM address with OMServiceId: om-service-test1, OMNodeId: omNode-1, RPC Address: localhost:41287 and Ratis port: 41377
2022-02-14 09:18:45,675 [Listener at 0.0.0.0/35643] INFO  ha.OMHANodeDetails (ConfUtils.java:setNodeSpecificConfigs(108)) - Setting configuration key ozone.om.http-address with value of key ozone.om.http-address.om-service-test1.omNode-1: 127.0.0.1:33785
2022-02-14 09:18:45,675 [Listener at 0.0.0.0/35643] INFO  ha.OMHANodeDetails (ConfUtils.java:setNodeSpecificConfigs(108)) - Setting configuration key ozone.om.https-address with value of key ozone.om.https-address.om-service-test1.omNode-1: 127.0.0.1:37969
2022-02-14 09:18:45,675 [Listener at 0.0.0.0/35643] INFO  ha.OMHANodeDetails (ConfUtils.java:setNodeSpecificConfigs(108)) - Setting configuration key ozone.om.address with value of key ozone.om.address.om-service-test1.omNode-1: 127.0.0.1:41287
2022-02-14 09:18:45,676 [Listener at 0.0.0.0/35643] WARN  server.ServerUtils (ServerUtils.java:getDBPath(225)) - ozone.om.db.dirs is not configured. We recommend adding this setting. Falling back to ozone.metadata.dirs instead.
2022-02-14 09:18:47,925 [Listener at 0.0.0.0/35643] INFO  retry.RetryInvocationHandler (RetryInvocationHandler.java:log(411)) - com.google.protobuf.ServiceException: org.apache.hadoop.ipc.RemoteException(org.apache.hadoop.hdds.ratis.ServerNotLeaderException): Server:4d1767bf-7f27-4798-b2df-8da5eab892db is not the leader. Could not determine the leader node.
	at org.apache.hadoop.hdds.ratis.ServerNotLeaderException.convertToNotLeaderException(ServerNotLeaderException.java:109)
	at org.apache.hadoop.hdds.scm.ha.RatisUtil.checkRatisException(RatisUtil.java:245)
	at org.apache.hadoop.hdds.scm.protocol.ScmBlockLocationProtocolServerSideTranslatorPB.send(ScmBlockLocationProtocolServerSideTranslatorPB.java:108)
	at org.apache.hadoop.hdds.protocol.proto.ScmBlockLocationProtocolProtos$ScmBlockLocationProtocolService$2.callBlockingMethod(ScmBlockLocationProtocolProtos.java:13937)
	at org.apache.hadoop.ipc.ProtobufRpcEngine$Server.processCall(ProtobufRpcEngine.java:466)
	at org.apache.hadoop.ipc.ProtobufRpcEngine2$Server$ProtoBufRpcInvoker.call(ProtobufRpcEngine2.java:574)
	at org.apache.hadoop.ipc.ProtobufRpcEngine2$Server$ProtoBufRpcInvoker.call(ProtobufRpcEngine2.java:552)
	at org.apache.hadoop.ipc.RPC$Server.call(RPC.java:1093)
	at org.apache.hadoop.ipc.Server$RpcCall.run(Server.java:1035)
	at org.apache.hadoop.ipc.Server$RpcCall.run(Server.java:963)
	at java.security.AccessController.doPrivileged(Native Method)
	at javax.security.auth.Subject.doAs(Subject.java:422)
	at org.apache.hadoop.security.UserGroupInformation.doAs(UserGroupInformation.java:1878)
	at org.apache.hadoop.ipc.Server$Handler.run(Server.java:2966)
, while invoking $Proxy44.send over nodeId=scmNodeId,nodeAddress=/0.0.0.0:40975 after 1 failover attempts. Trying to failover after sleeping for 2000ms.
2022-02-14 09:18:49,856 [4d1767bf-7f27-4798-b2df-8da5eab892db@group-ED9E7781F5C1-FollowerState] INFO  impl.FollowerState (FollowerState.java:run(134)) - 4d1767bf-7f27-4798-b2df-8da5eab892db@group-ED9E7781F5C1-FollowerState: change to CANDIDATE, lastRpcElapsedTime:5106243575ns, electionTimeout:5102ms
2022-02-14 09:18:49,857 [4d1767bf-7f27-4798-b2df-8da5eab892db@group-ED9E7781F5C1-FollowerState] INFO  impl.RoleInfo (RoleInfo.java:shutdownFollowerState(108)) - 4d1767bf-7f27-4798-b2df-8da5eab892db: shutdown 4d1767bf-7f27-4798-b2df-8da5eab892db@group-ED9E7781F5C1-FollowerState
2022-02-14 09:18:49,857 [4d1767bf-7f27-4798-b2df-8da5eab892db@group-ED9E7781F5C1-FollowerState] INFO  server.RaftServer$Division (RaftServerImpl.java:setRole(290)) - 4d1767bf-7f27-4798-b2df-8da5eab892db@group-ED9E7781F5C1: changes role from  FOLLOWER to CANDIDATE at term 1 for changeToCandidate
2022-02-14 09:18:49,857 [4d1767bf-7f27-4798-b2df-8da5eab892db@group-ED9E7781F5C1-FollowerState] INFO  server.RaftServerConfigKeys (ConfUtils.java:logGet(44)) - raft.server.leaderelection.pre-vote = false (custom)
2022-02-14 09:18:49,857 [4d1767bf-7f27-4798-b2df-8da5eab892db@group-ED9E7781F5C1-FollowerState] INFO  impl.RoleInfo (RoleInfo.java:updateAndGet(130)) - 4d1767bf-7f27-4798-b2df-8da5eab892db: start 4d1767bf-7f27-4798-b2df-8da5eab892db@group-ED9E7781F5C1-LeaderElection2
2022-02-14 09:18:49,865 [4d1767bf-7f27-4798-b2df-8da5eab892db@group-ED9E7781F5C1-LeaderElection2] INFO  impl.LeaderElection (LeaderElection.java:askForVotes(306)) - 4d1767bf-7f27-4798-b2df-8da5eab892db@group-ED9E7781F5C1-LeaderElection2 ELECTION round 0: submit vote requests at term 2 for 0: [4d1767bf-7f27-4798-b2df-8da5eab892db|rpc:fv-az12-997:9894|admin:|client:|dataStream:|priority:0], old=null
2022-02-14 09:18:49,867 [4d1767bf-7f27-4798-b2df-8da5eab892db@group-ED9E7781F5C1-LeaderElection2] INFO  impl.LeaderElection (LeaderElection.java:askForVotes(308)) - 4d1767bf-7f27-4798-b2df-8da5eab892db@group-ED9E7781F5C1-LeaderElection2 ELECTION round 0: result PASSED (term=2)
2022-02-14 09:18:49,867 [4d1767bf-7f27-4798-b2df-8da5eab892db@group-ED9E7781F5C1-LeaderElection2] INFO  impl.RoleInfo (RoleInfo.java:shutdownLeaderElection(121)) - 4d1767bf-7f27-4798-b2df-8da5eab892db: shutdown 4d1767bf-7f27-4798-b2df-8da5eab892db@group-ED9E7781F5C1-LeaderElection2
2022-02-14 09:18:49,867 [4d1767bf-7f27-4798-b2df-8da5eab892db@group-ED9E7781F5C1-LeaderElection2] INFO  server.RaftServer$Division (RaftServerImpl.java:setRole(290)) - 4d1767bf-7f27-4798-b2df-8da5eab892db@group-ED9E7781F5C1: changes role from CANDIDATE to LEADER at term 2 for changeToLeader
2022-02-14 09:18:49,867 [4d1767bf-7f27-4798-b2df-8da5eab892db@group-ED9E7781F5C1-LeaderElection2] INFO  ha.SCMStateMachine (SCMStateMachine.java:notifyLeaderChanged(259)) - current SCM becomes leader of term 2.
2022-02-14 09:18:49,868 [4d1767bf-7f27-4798-b2df-8da5eab892db@group-ED9E7781F5C1-LeaderElection2] INFO  ha.SCMContext (SCMContext.java:updateLeaderAndTerm(90)) - update <isLeader,term> from <false,0> to <true,2>
2022-02-14 09:18:49,870 [4d1767bf-7f27-4798-b2df-8da5eab892db@group-ED9E7781F5C1-LeaderElection2] INFO  server.RaftServer$Division (ServerState.java:setLeader(285)) - 4d1767bf-7f27-4798-b2df-8da5eab892db@group-ED9E7781F5C1: change Leader from null to 4d1767bf-7f27-4798-b2df-8da5eab892db at term 2 for becomeLeader, leader elected after 6231ms
2022-02-14 09:18:49,871 [4d1767bf-7f27-4798-b2df-8da5eab892db@group-ED9E7781F5C1-LeaderElection2] INFO  server.RaftServerConfigKeys (ConfUtils.java:logGet(44)) - raft.server.staging.catchup.gap = 1000 (default)
2022-02-14 09:18:49,872 [4d1767bf-7f27-4798-b2df-8da5eab892db@group-ED9E7781F5C1-LeaderElection2] INFO  server.RaftServerConfigKeys (ConfUtils.java:logGet(44)) - raft.server.write.element-limit = 4096 (default)
2022-02-14 09:18:49,873 [4d1767bf-7f27-4798-b2df-8da5eab892db@group-ED9E7781F5C1-LeaderElection2] INFO  server.RaftServerConfigKeys (ConfUtils.java:logGet(44)) - raft.server.write.byte-limit = 64MB (=67108864) (default)
2022-02-14 09:18:49,873 [4d1767bf-7f27-4798-b2df-8da5eab892db@group-ED9E7781F5C1-LeaderElection2] INFO  server.RaftServerConfigKeys (ConfUtils.java:logGet(44)) - raft.server.watch.timeout = 10s (default)
2022-02-14 09:18:49,874 [4d1767bf-7f27-4798-b2df-8da5eab892db@group-ED9E7781F5C1-LeaderElection2] INFO  server.RaftServerConfigKeys (ConfUtils.java:logGet(44)) - raft.server.watch.timeout.denomination = 1s (default)
2022-02-14 09:18:49,874 [4d1767bf-7f27-4798-b2df-8da5eab892db@group-ED9E7781F5C1-LeaderElection2] INFO  server.RaftServerConfigKeys (ConfUtils.java:logGet(44)) - raft.server.watch.element-limit = 65536 (default)
2022-02-14 09:18:49,874 [4d1767bf-7f27-4798-b2df-8da5eab892db@group-ED9E7781F5C1-LeaderElection2] INFO  server.RaftServerConfigKeys (ConfUtils.java:logGet(44)) - raft.server.write.element-limit = 4096 (default)
2022-02-14 09:18:49,874 [4d1767bf-7f27-4798-b2df-8da5eab892db@group-ED9E7781F5C1-LeaderElection2] INFO  server.RaftServerConfigKeys (ConfUtils.java:logGet(44)) - raft.server.write.follower.gap.ratio.max = -1.0 (default)
2022-02-14 09:18:49,874 [4d1767bf-7f27-4798-b2df-8da5eab892db@group-ED9E7781F5C1-LeaderElection2] INFO  impl.RoleInfo (RoleInfo.java:updateAndGet(130)) - 4d1767bf-7f27-4798-b2df-8da5eab892db: start 4d1767bf-7f27-4798-b2df-8da5eab892db@group-ED9E7781F5C1-LeaderStateImpl
2022-02-14 09:18:49,876 [4d1767bf-7f27-4798-b2df-8da5eab892db@group-ED9E7781F5C1-LeaderElection2] INFO  segmented.SegmentedRaftLogWorker (SegmentedRaftLogWorker.java:rollLogSegment(399)) - 4d1767bf-7f27-4798-b2df-8da5eab892db@group-ED9E7781F5C1-SegmentedRaftLogWorker: Rolling segment log-0_0 to index:0
2022-02-14 09:18:49,878 [4d1767bf-7f27-4798-b2df-8da5eab892db@group-ED9E7781F5C1-SegmentedRaftLogWorker] INFO  segmented.SegmentedRaftLogWorker (SegmentedRaftLogWorker.java:execute(558)) - 4d1767bf-7f27-4798-b2df-8da5eab892db@group-ED9E7781F5C1-SegmentedRaftLogWorker: Rolled log segment from /home/runner/work/ozone/ozone/hadoop-ozone/integration-test/target/test-dir/MiniOzoneClusterImpl-9687bb22-1f81-4155-97c5-ed9e7781f5c1/ozone-meta/scm-ha/9687bb22-1f81-4155-97c5-ed9e7781f5c1/current/log_inprogress_0 to /home/runner/work/ozone/ozone/hadoop-ozone/integration-test/target/test-dir/MiniOzoneClusterImpl-9687bb22-1f81-4155-97c5-ed9e7781f5c1/ozone-meta/scm-ha/9687bb22-1f81-4155-97c5-ed9e7781f5c1/current/log_0-0
2022-02-14 09:18:49,886 [4d1767bf-7f27-4798-b2df-8da5eab892db@group-ED9E7781F5C1-LeaderElection2] INFO  server.RaftServer$Division (ServerState.java:setRaftConf(387)) - 4d1767bf-7f27-4798-b2df-8da5eab892db@group-ED9E7781F5C1: set configuration 1: [4d1767bf-7f27-4798-b2df-8da5eab892db|rpc:fv-az12-997:9894|admin:|client:|dataStream:|priority:0], old=null
2022-02-14 09:18:49,892 [4d1767bf-7f27-4798-b2df-8da5eab892db@group-ED9E7781F5C1-SegmentedRaftLogWorker] INFO  segmented.SegmentedRaftLogWorker (SegmentedRaftLogWorker.java:execute(601)) - 4d1767bf-7f27-4798-b2df-8da5eab892db@group-ED9E7781F5C1-SegmentedRaftLogWorker: created new log segment /home/runner/work/ozone/ozone/hadoop-ozone/integration-test/target/test-dir/MiniOzoneClusterImpl-9687bb22-1f81-4155-97c5-ed9e7781f5c1/ozone-meta/scm-ha/9687bb22-1f81-4155-97c5-ed9e7781f5c1/current/log_inprogress_1
2022-02-14 09:18:49,895 [4d1767bf-7f27-4798-b2df-8da5eab892db@group-ED9E7781F5C1-StateMachineUpdater] INFO  ha.SCMContext (SCMContext.java:setLeaderReady(117)) - update <isLeaderReady> from <false> to <true>
2022-02-14 09:18:49,899 [4d1767bf-7f27-4798-b2df-8da5eab892db@group-ED9E7781F5C1-StateMachineUpdater] INFO  pipeline.BackgroundPipelineCreator (BackgroundPipelineCreator.java:notifyStatusChanged(264)) - Service BackgroundPipelineCreator transitions to RUNNING.
2022-02-14 09:18:49,900 [4d1767bf-7f27-4798-b2df-8da5eab892db@group-ED9E7781F5C1-StateMachineUpdater] INFO  safemode.HealthyPipelineSafeModeRule (HealthyPipelineSafeModeRule.java:initializeRule(152)) - Refreshed total pipeline count is 0, healthy pipeline threshold count is 1
2022-02-14 09:18:49,901 [4d1767bf-7f27-4798-b2df-8da5eab892db@group-ED9E7781F5C1-StateMachineUpdater] INFO  safemode.ContainerSafeModeRule (ContainerSafeModeRule.java:reInitializeRule(177)) - Refreshed one replica container threshold 0, currentThreshold 0
2022-02-14 09:18:49,901 [4d1767bf-7f27-4798-b2df-8da5eab892db@group-ED9E7781F5C1-StateMachineUpdater] INFO  safemode.OneReplicaPipelineSafeModeRule (OneReplicaPipelineSafeModeRule.java:initializeRule(176)) - Refreshed Total pipeline count is 0, pipeline's with at least one datanode reported threshold count is 0
2022-02-14 09:18:49,902 [4d1767bf-7f27-4798-b2df-8da5eab892db@group-ED9E7781F5C1-StateMachineUpdater] INFO  server.SCMDatanodeProtocolServer (SCMDatanodeProtocolServer.java:start(181)) - ScmDatanodeProtocol RPC server for DataNodes is listening at /0.0.0.0:37269
2022-02-14 09:18:49,904 [IPC Server Responder] INFO  ipc.Server (Server.java:run(1507)) - IPC Server Responder: starting
2022-02-14 09:18:49,904 [IPC Server listener on 0] INFO  ipc.Server (Server.java:run(1344)) - IPC Server listener on 0: starting
OM initialization succeeded.Current cluster id for sd=/home/runner/work/ozone/ozone/hadoop-ozone/integration-test/target/test-dir/MiniOzoneClusterImpl-9687bb22-1f81-4155-97c5-ed9e7781f5c1/omNode-1/om;cid=9687bb22-1f81-4155-97c5-ed9e7781f5c1;layoutVersion=0
2022-02-14 09:18:49,973 [Listener at 0.0.0.0/35643] INFO  ha.OMHANodeDetails (OMHANodeDetails.java:loadOMHAConfig(118)) - ServiceID for OzoneManager is om-service-test1
2022-02-14 09:18:49,977 [Listener at 0.0.0.0/35643] INFO  ha.OMHANodeDetails (OMHANodeDetails.java:loadOMHAConfig(193)) - Found matching OM address with OMServiceId: om-service-test1, OMNodeId: omNode-1, RPC Address: localhost:41287 and Ratis port: 41377
2022-02-14 09:18:49,980 [Listener at 0.0.0.0/35643] INFO  ha.OMHANodeDetails (ConfUtils.java:setNodeSpecificConfigs(108)) - Setting configuration key ozone.om.http-address with value of key ozone.om.http-address.om-service-test1.omNode-1: 127.0.0.1:33785
2022-02-14 09:18:49,980 [Listener at 0.0.0.0/35643] INFO  ha.OMHANodeDetails (ConfUtils.java:setNodeSpecificConfigs(108)) - Setting configuration key ozone.om.https-address with value of key ozone.om.https-address.om-service-test1.omNode-1: 127.0.0.1:37969
2022-02-14 09:18:49,981 [Listener at 0.0.0.0/35643] INFO  ha.OMHANodeDetails (ConfUtils.java:setNodeSpecificConfigs(108)) - Setting configuration key ozone.om.address with value of key ozone.om.address.om-service-test1.omNode-1: 127.0.0.1:41287
2022-02-14 09:18:49,981 [Listener at 0.0.0.0/35643] WARN  server.ServerUtils (ServerUtils.java:getDBPath(225)) - ozone.om.db.dirs is not configured. We recommend adding this setting. Falling back to ozone.metadata.dirs instead.
2022-02-14 09:18:49,983 [Listener at 0.0.0.0/35643] INFO  upgrade.AbstractLayoutVersionManager (AbstractLayoutVersionManager.java:init(79)) - Initializing Layout version manager with metadata layout = INITIAL_VERSION (version = 0), software layout = INITIAL_VERSION (version = 0)
2022-02-14 09:18:50,099 [Listener at 0.0.0.0/35643] INFO  reflections.Reflections (Reflections.java:scan(232)) - Reflections took 110 ms to scan 2 urls, producing 133 keys and 348 values [using 2 cores]
2022-02-14 09:18:50,104 [Listener at 0.0.0.0/35643] INFO  upgrade.OMLayoutVersionManager (OMLayoutVersionManager.java:lambda$0(115)) - Skipping Upgrade Action MockOmUpgradeAction since it has been finalized.
2022-02-14 09:18:50,106 [Listener at 0.0.0.0/35643] WARN  server.ServerUtils (ServerUtils.java:getDBPath(225)) - ozone.om.db.dirs is not configured. We recommend adding this setting. Falling back to ozone.metadata.dirs instead.
2022-02-14 09:18:50,273 [Listener at 0.0.0.0/35643] WARN  server.ServerUtils (ServerUtils.java:getDBPath(225)) - ozone.om.db.dirs is not configured. We recommend adding this setting. Falling back to ozone.metadata.dirs instead.
2022-02-14 09:18:50,280 [Listener at 0.0.0.0/35643] INFO  codec.OmKeyInfoCodec (OmKeyInfoCodec.java:<init>(50)) - OmKeyInfoCodec ignorePipeline = true
2022-02-14 09:18:50,281 [Listener at 0.0.0.0/35643] INFO  codec.RepeatedOmKeyInfoCodec (RepeatedOmKeyInfoCodec.java:<init>(42)) - RepeatedOmKeyInfoCodec ignorePipeline = true
2022-02-14 09:18:50,532 [Listener at 0.0.0.0/35643] INFO  om.OzoneManager (OzoneManager.java:addS3GVolumeToDB(3732)) - Created Volume s3v With Owner runner required for S3Gateway operations.
2022-02-14 09:18:50,578 [Listener at 0.0.0.0/35643] WARN  server.ServerUtils (ServerUtils.java:getDefaultRatisDirectory(237)) - Storage directory for Ratis is not configured. It is a good idea to map this to an SSD disk. Falling back to ozone.metadata.dirs
2022-02-14 09:18:50,578 [Listener at 0.0.0.0/35643] WARN  utils.OzoneManagerRatisUtils (OzoneManagerRatisUtils.java:getOMRatisSnapshotDirectory(330)) - ozone.om.ratis.snapshot.dir is not configured. Falling back to ozone.metadata.dirs config
2022-02-14 09:18:50,584 [Listener at 0.0.0.0/35643] INFO  snapshot.OzoneManagerSnapshotProvider (OzoneManagerSnapshotProvider.java:<init>(76)) - Initializing OM Snapshot Provider
2022-02-14 09:18:50,712 [Listener at 0.0.0.0/35643] WARN  impl.MetricRegistriesImpl (MetricRegistriesImpl.java:addReporterRegistration(111)) - New reporters are added after registries were created. Some metrics will be missing from the reporter. Please add reporter before adding any new registry.
2022-02-14 09:18:50,712 [Listener at 0.0.0.0/35643] WARN  impl.MetricRegistriesImpl (MetricRegistriesImpl.java:addReporterRegistration(111)) - New reporters are added after registries were created. Some metrics will be missing from the reporter. Please add reporter before adding any new registry.
2022-02-14 09:18:50,713 [Listener at 0.0.0.0/35643] WARN  server.ServerUtils (ServerUtils.java:getDefaultRatisDirectory(237)) - Storage directory for Ratis is not configured. It is a good idea to map this to an SSD disk. Falling back to ozone.metadata.dirs
2022-02-14 09:18:50,716 [Listener at 0.0.0.0/35643] INFO  ratis.OzoneManagerRatisServer (OzoneManagerRatisServer.java:<init>(159)) - Instantiating OM Ratis server with groupID: om-service-test1 and peers: localhost:41377, localhost:32855, localhost:39957
2022-02-14 09:18:50,722 [Listener at 0.0.0.0/35643] INFO  ratis.OzoneManagerStateMachine (OzoneManagerStateMachine.java:loadSnapshotInfoFromDB(605)) - LastAppliedIndex is set from TransactionInfo from OM DB as (t:0, i:~)
2022-02-14 09:18:50,734 [Listener at 0.0.0.0/35643] INFO  server.RaftServer (ConfUtils.java:logGet(44)) - raft.rpc.type = GRPC (default)
2022-02-14 09:18:50,734 [Listener at 0.0.0.0/35643] INFO  grpc.GrpcFactory (GrpcFactory.java:checkPooledByteBufAllocatorUseCacheForAllThreads(48)) - PERFORMANCE WARNING: useCacheForAllThreads is true that may cause Netty to create a lot garbage objects and, as a result, trigger GC.
	It is recommended to disable useCacheForAllThreads by setting -Dorg.apache.ratis.thirdparty.io.netty.allocator.useCacheForAllThreads=false in command line.
2022-02-14 09:18:50,735 [Listener at 0.0.0.0/35643] INFO  grpc.GrpcConfigKeys (ConfUtils.java:logGet(44)) - raft.grpc.admin.port = -1 (default)
2022-02-14 09:18:50,735 [Listener at 0.0.0.0/35643] INFO  grpc.GrpcConfigKeys (ConfUtils.java:logGet(44)) - raft.grpc.server.port = 41377 (custom)
2022-02-14 09:18:50,735 [Listener at 0.0.0.0/35643] INFO  grpc.GrpcConfigKeys (ConfUtils.java:logGet(44)) - raft.grpc.client.port = -1 (default)
2022-02-14 09:18:50,735 [Listener at 0.0.0.0/35643] INFO  grpc.GrpcConfigKeys (ConfUtils.java:logGet(44)) - raft.grpc.server.port = 41377 (custom)
2022-02-14 09:18:50,735 [Listener at 0.0.0.0/35643] INFO  grpc.GrpcConfigKeys (ConfUtils.java:logGet(44)) - raft.grpc.server.port = 41377 (custom)
2022-02-14 09:18:50,736 [Listener at 0.0.0.0/35643] INFO  server.GrpcService (ConfUtils.java:logGet(44)) - raft.grpc.message.size.max = 33554432 (custom)
2022-02-14 09:18:50,736 [Listener at 0.0.0.0/35643] INFO  server.RaftServerConfigKeys (ConfUtils.java:logGet(44)) - raft.server.log.appender.buffer.byte-limit = 33554432 (custom)
2022-02-14 09:18:50,736 [Listener at 0.0.0.0/35643] INFO  server.GrpcService (ConfUtils.java:logGet(44)) - raft.grpc.flow.control.window = 1MB (=1048576) (default)
2022-02-14 09:18:50,736 [Listener at 0.0.0.0/35643] INFO  server.RaftServerConfigKeys (ConfUtils.java:logGet(44)) - raft.server.rpc.request.timeout = 3000ms (default)
2022-02-14 09:18:50,738 [Listener at 0.0.0.0/35643] INFO  impl.DataStreamServerImpl (ConfUtils.java:logGet(44)) - raft.datastream.type = DISABLED (default)
2022-02-14 09:18:50,738 [Listener at 0.0.0.0/35643] INFO  server.RaftServerConfigKeys (ConfUtils.java:logGet(44)) - raft.server.rpc.slowness.timeout = 2s (custom)
2022-02-14 09:18:50,738 [Listener at 0.0.0.0/35643] INFO  server.RaftServerConfigKeys (ConfUtils.java:logGet(44)) - raft.server.leaderelection.leader.step-down.wait-time = 10s (default)
2022-02-14 09:18:50,738 [Listener at 0.0.0.0/35643] INFO  server.RaftServerConfigKeys (ConfUtils.java:logGet(44)) - raft.server.storage.dir = [/home/runner/work/ozone/ozone/hadoop-ozone/integration-test/target/test-dir/MiniOzoneClusterImpl-9687bb22-1f81-4155-97c5-ed9e7781f5c1/omNode-1/ratis] (custom)
2022-02-14 09:18:50,744 [Listener at 0.0.0.0/35643] INFO  server.RaftServer (RaftServerProxy.java:addNew(95)) - omNode-1: addNew group-523986131536:[omNode-3|rpc:localhost:32855|priority:0, omNode-1|rpc:localhost:41377|priority:0, omNode-2|rpc:localhost:39957|priority:0] returns group-523986131536:java.util.concurrent.CompletableFuture@68603829[Not completed]
2022-02-14 09:18:50,744 [pool-45-thread-1] INFO  server.RaftServer$Division (RaftServerImpl.java:<init>(184)) - omNode-1: new RaftServerImpl for group-523986131536:[omNode-3|rpc:localhost:32855|priority:0, omNode-1|rpc:localhost:41377|priority:0, omNode-2|rpc:localhost:39957|priority:0] with OzoneManagerStateMachine:uninitialized
2022-02-14 09:18:50,745 [Listener at 0.0.0.0/35643] INFO  om.OzoneManager (OzoneManager.java:initializeRatisServer(1834)) - OzoneManager Ratis server initialized at port 41377
2022-02-14 09:18:50,747 [pool-45-thread-1] INFO  server.RaftServerConfigKeys (ConfUtils.java:logGet(44)) - raft.server.rpc.timeout.min = 1s (custom)
2022-02-14 09:18:50,747 [pool-45-thread-1] INFO  server.RaftServerConfigKeys (ConfUtils.java:logGet(44)) - raft.server.rpc.timeout.max = 1200ms (custom)
2022-02-14 09:18:50,747 [pool-45-thread-1] INFO  server.RaftServerConfigKeys (ConfUtils.java:logGet(44)) - raft.server.rpc.sleep.time = 25ms (default)
2022-02-14 09:18:50,747 [pool-45-thread-1] INFO  server.RaftServerConfigKeys (ConfUtils.java:logGet(44)) - raft.server.rpc.slowness.timeout = 2s (custom)
2022-02-14 09:18:50,747 [pool-45-thread-1] INFO  server.RaftServerConfigKeys (ConfUtils.java:logGet(44)) - raft.server.leaderelection.leader.step-down.wait-time = 10s (default)
2022-02-14 09:18:50,748 [pool-45-thread-1] INFO  server.RaftServerConfigKeys (ConfUtils.java:logGet(44)) - raft.server.sleep.deviation.threshold = 300ms (default)
2022-02-14 09:18:50,748 [pool-45-thread-1] INFO  server.RaftServerConfigKeys (ConfUtils.java:logGet(44)) - raft.server.log.appender.install.snapshot.enabled = false (custom)
2022-02-14 09:18:50,748 [pool-45-thread-1] INFO  server.RaftServer$Division (ServerState.java:<init>(105)) - omNode-1@group-523986131536: ConfigurationManager, init=-1: [omNode-3|rpc:localhost:32855|priority:0, omNode-1|rpc:localhost:41377|priority:0, omNode-2|rpc:localhost:39957|priority:0], old=null, confs=<EMPTY_MAP>
2022-02-14 09:18:50,748 [pool-45-thread-1] INFO  server.RaftServerConfigKeys (ConfUtils.java:logGet(44)) - raft.server.storage.dir = [/home/runner/work/ozone/ozone/hadoop-ozone/integration-test/target/test-dir/MiniOzoneClusterImpl-9687bb22-1f81-4155-97c5-ed9e7781f5c1/omNode-1/ratis] (custom)
2022-02-14 09:18:50,748 [pool-45-thread-1] INFO  server.RaftServerConfigKeys (ConfUtils.java:logGet(44)) - raft.server.log.corruption.policy = EXCEPTION (default)
2022-02-14 09:18:50,748 [pool-45-thread-1] INFO  server.RaftServerConfigKeys (ConfUtils.java:logGet(44)) - raft.server.storage.free-space.min = 0MB (=0) (default)
2022-02-14 09:18:50,748 [pool-45-thread-1] INFO  storage.RaftStorageDirectory (RaftStorageDirectoryImpl.java:analyzeStorage(135)) - The storage directory /home/runner/work/ozone/ozone/hadoop-ozone/integration-test/target/test-dir/MiniOzoneClusterImpl-9687bb22-1f81-4155-97c5-ed9e7781f5c1/omNode-1/ratis/c9bc4cf4-3bc3-3c60-a66b-523986131536 does not exist. Creating ...
2022-02-14 09:18:50,749 [pool-45-thread-1] INFO  storage.RaftStorageDirectory (RaftStorageDirectoryImpl.java:tryLock(230)) - Lock on /home/runner/work/ozone/ozone/hadoop-ozone/integration-test/target/test-dir/MiniOzoneClusterImpl-9687bb22-1f81-4155-97c5-ed9e7781f5c1/omNode-1/ratis/c9bc4cf4-3bc3-3c60-a66b-523986131536/in_use.lock acquired by nodename 1675@fv-az12-997
2022-02-14 09:18:50,751 [pool-45-thread-1] INFO  storage.RaftStorage (RaftStorageImpl.java:format(89)) - Storage directory /home/runner/work/ozone/ozone/hadoop-ozone/integration-test/target/test-dir/MiniOzoneClusterImpl-9687bb22-1f81-4155-97c5-ed9e7781f5c1/omNode-1/ratis/c9bc4cf4-3bc3-3c60-a66b-523986131536 has been successfully formatted.
2022-02-14 09:18:50,752 [pool-45-thread-1] INFO  server.RaftServerConfigKeys (ConfUtils.java:logGet(44)) - raft.server.notification.no-leader.timeout = 2s (custom)
2022-02-14 09:18:50,752 [pool-45-thread-1] INFO  server.RaftServerConfigKeys (ConfUtils.java:logGet(44)) - raft.server.log.use.memory = false (default)
2022-02-14 09:18:50,752 [pool-45-thread-1] INFO  server.RaftServerConfigKeys (ConfUtils.java:logGet(44)) - raft.server.log.purge.gap = 50 (custom)
2022-02-14 09:18:50,752 [pool-45-thread-1] INFO  server.RaftServerConfigKeys (ConfUtils.java:logGet(44)) - raft.server.log.appender.buffer.byte-limit = 33554432 (custom)
2022-02-14 09:18:50,753 [pool-45-thread-1] INFO  server.RaftServerConfigKeys (ConfUtils.java:logGet(44)) - raft.server.log.segment.size.max = 4194304 (custom)
2022-02-14 09:18:50,753 [pool-45-thread-1] INFO  server.RaftServerConfigKeys (ConfUtils.java:logGet(44)) - raft.server.log.segment.cache.num.max = 2 (custom)
2022-02-14 09:18:50,753 [pool-45-thread-1] INFO  server.RaftServerConfigKeys (ConfUtils.java:logGet(44)) - raft.server.log.segment.cache.size.max = 200MB (=209715200) (default)
2022-02-14 09:18:50,754 [pool-45-thread-1] INFO  segmented.SegmentedRaftLogWorker (SegmentedRaftLogWorker.java:<init>(182)) - new omNode-1@group-523986131536-SegmentedRaftLogWorker for RaftStorageImpl:Storage Directory /home/runner/work/ozone/ozone/hadoop-ozone/integration-test/target/test-dir/MiniOzoneClusterImpl-9687bb22-1f81-4155-97c5-ed9e7781f5c1/omNode-1/ratis/c9bc4cf4-3bc3-3c60-a66b-523986131536
2022-02-14 09:18:50,754 [pool-45-thread-1] INFO  server.RaftServerConfigKeys (ConfUtils.java:logGet(44)) - raft.server.log.queue.byte-limit = 64MB (=67108864) (default)
2022-02-14 09:18:50,754 [pool-45-thread-1] INFO  server.RaftServerConfigKeys (ConfUtils.java:logGet(44)) - raft.server.log.queue.element-limit = 4096 (default)
2022-02-14 09:18:50,754 [pool-45-thread-1] INFO  server.RaftServerConfigKeys (ConfUtils.java:logGet(44)) - raft.server.log.segment.size.max = 4194304 (custom)
2022-02-14 09:18:50,754 [pool-45-thread-1] INFO  server.RaftServerConfigKeys (ConfUtils.java:logGet(44)) - raft.server.log.preallocated.size = 4194304 (custom)
2022-02-14 09:18:50,754 [pool-45-thread-1] INFO  server.RaftServerConfigKeys (ConfUtils.java:logGet(44)) - raft.server.log.force.sync.num = 128 (default)
2022-02-14 09:18:50,754 [pool-45-thread-1] INFO  server.RaftServerConfigKeys (ConfUtils.java:logGet(44)) - raft.server.log.statemachine.data.sync = true (default)
2022-02-14 09:18:50,754 [pool-45-thread-1] INFO  server.RaftServerConfigKeys (ConfUtils.java:logGet(44)) - raft.server.log.statemachine.data.sync.timeout = 10s (default)
2022-02-14 09:18:50,754 [pool-45-thread-1] INFO  server.RaftServerConfigKeys (ConfUtils.java:logGet(44)) - raft.server.log.statemachine.data.sync.timeout.retry = -1 (default)
2022-02-14 09:18:50,755 [pool-45-thread-1] INFO  server.RaftServerConfigKeys (ConfUtils.java:logGet(44)) - raft.server.log.write.buffer.size = 64KB (=65536) (default)
2022-02-14 09:18:50,755 [pool-45-thread-1] INFO  server.RaftServerConfigKeys (ConfUtils.java:logGet(44)) - raft.server.log.statemachine.data.caching.enabled = false (default)
2022-02-14 09:18:50,756 [pool-45-thread-1] INFO  segmented.SegmentedRaftLogWorker (SegmentedRaftLogWorker.java:lambda$new$0(133)) - omNode-1@group-523986131536-SegmentedRaftLogWorker: flushIndex: setUnconditionally 0 -> -1
2022-02-14 09:18:50,756 [pool-45-thread-1] INFO  segmented.SegmentedRaftLogWorker (SegmentedRaftLogWorker.java:lambda$new$0(133)) - omNode-1@group-523986131536-SegmentedRaftLogWorker: safeCacheEvictIndex: setUnconditionally 0 -> -1
2022-02-14 09:18:50,765 [pool-45-thread-1] INFO  server.RaftServerConfigKeys (ConfUtils.java:logGet(44)) - raft.server.snapshot.auto.trigger.enabled = true (custom)
2022-02-14 09:18:50,765 [pool-45-thread-1] INFO  server.RaftServerConfigKeys (ConfUtils.java:logGet(44)) - raft.server.snapshot.auto.trigger.threshold = 50 (custom)
2022-02-14 09:18:50,765 [pool-45-thread-1] INFO  server.RaftServerConfigKeys (ConfUtils.java:logGet(44)) - raft.server.snapshot.retention.file.num = -1 (default)
2022-02-14 09:18:50,765 [pool-45-thread-1] INFO  server.RaftServerConfigKeys (ConfUtils.java:logGet(44)) - raft.server.log.purge.upto.snapshot.index = true (custom)
2022-02-14 09:18:50,766 [pool-45-thread-1] INFO  server.RaftServerConfigKeys (ConfUtils.java:logGet(44)) - raft.server.retrycache.expirytime = 30000ms (custom)
2022-02-14 09:18:50,766 [pool-45-thread-1] INFO  server.RaftServerConfigKeys (ConfUtils.java:logGet(44)) - raft.server.retrycache.statistics.expirytime = 100μs (default)
2022-02-14 09:18:50,773 [Listener at 0.0.0.0/35643] INFO  ipc.CallQueueManager (CallQueueManager.java:<init>(90)) - Using callQueue: class java.util.concurrent.LinkedBlockingQueue, queueCapacity: 2000, scheduler: class org.apache.hadoop.ipc.DefaultRpcScheduler, ipcBackoff: false.
2022-02-14 09:18:50,774 [Socket Reader #1 for port 41287] INFO  ipc.Server (Server.java:run(1265)) - Starting Socket Reader #1 for port 41287
2022-02-14 09:18:50,810 [Listener at 127.0.0.1/41287] INFO  impl.MetricsSystemImpl (MetricsSystemImpl.java:init(158)) - OzoneManager metrics system started (again)
2022-02-14 09:18:50,828 [Listener at 127.0.0.1/41287] INFO  om.OzoneManager (OzoneManager.java:start(1365)) - OzoneManager RPC server is listening at localhost/127.0.0.1:41287
2022-02-14 09:18:50,828 [Listener at 127.0.0.1/41287] INFO  ratis.OzoneManagerRatisServer (OzoneManagerRatisServer.java:start(554)) - Starting OzoneManagerRatisServer omNode-1 at port 41377
2022-02-14 09:18:50,829 [Listener at 127.0.0.1/41287] INFO  server.RaftServer$Division (RaftServerImpl.java:start(301)) - omNode-1@group-523986131536: start as a follower, conf=-1: [omNode-3|rpc:localhost:32855|priority:0, omNode-1|rpc:localhost:41377|priority:0, omNode-2|rpc:localhost:39957|priority:0], old=null
2022-02-14 09:18:50,829 [Listener at 127.0.0.1/41287] INFO  server.RaftServer$Division (RaftServerImpl.java:setRole(290)) - omNode-1@group-523986131536: changes role from      null to FOLLOWER at term 0 for startAsFollower
2022-02-14 09:18:50,830 [Listener at 127.0.0.1/41287] INFO  impl.RoleInfo (RoleInfo.java:updateAndGet(130)) - omNode-1: start omNode-1@group-523986131536-FollowerState
2022-02-14 09:18:50,831 [Listener at 127.0.0.1/41287] INFO  util.JmxRegister (JmxRegister.java:tryRegister(44)) - Successfully registered JMX Bean with object name Ratis:service=RaftServer,group=group-523986131536,id=omNode-1
2022-02-14 09:18:50,832 [Listener at 127.0.0.1/41287] INFO  server.RaftServer (RaftServerProxy.java:lambda$start$5(374)) - omNode-1: start RPC server
2022-02-14 09:18:50,838 [Listener at 127.0.0.1/41287] INFO  server.GrpcService (GrpcService.java:startImpl(253)) - omNode-1: GrpcService started, listening on 41377
2022-02-14 09:18:50,839 [Listener at 127.0.0.1/41287] INFO  om.OzoneManager (OzoneManager.java:start(1381)) - Version File has different layout version (0) than OM DB (null). That is expected if this OM has never been finalized to a newer layout version.
2022-02-14 09:18:50,841 [org.apache.ratis.util.JvmPauseMonitor$$Lambda$422/1688851596@4ab0ebf0] INFO  util.JvmPauseMonitor (JvmPauseMonitor.java:run(103)) - JvmPauseMonitor-omNode-1: Started
2022-02-14 09:18:50,850 [Listener at 127.0.0.1/41287] INFO  http.BaseHttpServer (BaseHttpServer.java:newHttpServer2BuilderForOzone(209)) - Starting Web-server for ozoneManager at: http://0.0.0.0:33785
2022-02-14 09:18:50,850 [Listener at 127.0.0.1/41287] INFO  http.BaseHttpServer (BaseHttpServer.java:<init>(107)) - Hadoop Security Enabled: false Ozone Security Enabled: false Ozone HTTP Security Enabled: false 
2022-02-14 09:18:50,857 [Listener at 127.0.0.1/41287] INFO  server.AuthenticationFilter (AuthenticationFilter.java:constructSecretProvider(240)) - Unable to initialize FileSignerSecretProvider, falling back to use random secrets.
2022-02-14 09:18:50,861 [Listener at 127.0.0.1/41287] WARN  http.HttpRequestLog (HttpRequestLog.java:getRequestLog(103)) - Jetty request log can only be enabled using Log4j
2022-02-14 09:18:50,863 [Listener at 127.0.0.1/41287] INFO  http.HttpServer2 (HttpServer2.java:addGlobalFilter(1030)) - Added global filter 'safety' (class=org.apache.hadoop.hdds.server.http.HttpServer2$QuotingInputFilter)
2022-02-14 09:18:50,864 [Listener at 127.0.0.1/41287] INFO  http.HttpServer2 (HttpServer2.java:addFilter(1006)) - Added filter static_user_filter (class=org.apache.hadoop.http.lib.StaticUserWebFilter$StaticUserFilter) to context ozoneManager
2022-02-14 09:18:50,864 [Listener at 127.0.0.1/41287] INFO  http.HttpServer2 (HttpServer2.java:addFilter(1014)) - Added filter static_user_filter (class=org.apache.hadoop.http.lib.StaticUserWebFilter$StaticUserFilter) to context static
2022-02-14 09:18:50,864 [Listener at 127.0.0.1/41287] INFO  http.HttpServer2 (HttpServer2.java:addFilter(1014)) - Added filter static_user_filter (class=org.apache.hadoop.http.lib.StaticUserWebFilter$StaticUserFilter) to context logs
2022-02-14 09:18:50,866 [Listener at 127.0.0.1/41287] INFO  http.HttpServer2 (HttpServer2.java:bindListener(1249)) - Jetty bound to port 33785
2022-02-14 09:18:50,866 [Listener at 127.0.0.1/41287] INFO  server.Server (Server.java:doStart(375)) - jetty-9.4.43.v20210629; built: 2021-06-30T11:07:22.254Z; git: 526006ecfa3af7f1a27ef3a288e2bef7ea9dd7e8; jvm 1.8.0_312-b07
2022-02-14 09:18:50,870 [Listener at 127.0.0.1/41287] INFO  server.session (DefaultSessionIdManager.java:doStart(334)) - DefaultSessionIdManager workerName=node0
2022-02-14 09:18:50,870 [Listener at 127.0.0.1/41287] INFO  server.session (DefaultSessionIdManager.java:doStart(339)) - No SessionScavenger set, using defaults
2022-02-14 09:18:50,870 [Listener at 127.0.0.1/41287] INFO  server.session (HouseKeeper.java:startScavenging(132)) - node0 Scavenging every 660000ms
2022-02-14 09:18:50,871 [Listener at 127.0.0.1/41287] INFO  handler.ContextHandler (ContextHandler.java:doStart(915)) - Started o.e.j.s.ServletContextHandler@365a9434{logs,/logs,file:///home/runner/work/ozone/ozone/hadoop-ozone/integration-test/target/log,AVAILABLE}
2022-02-14 09:18:50,872 [Listener at 127.0.0.1/41287] INFO  handler.ContextHandler (ContextHandler.java:doStart(915)) - Started o.e.j.s.ServletContextHandler@58507830{static,/static,file:///home/runner/work/ozone/ozone/hadoop-ozone/integration-test/target/test-classes/webapps/static,AVAILABLE}
2022-02-14 09:18:50,876 [Listener at 127.0.0.1/41287] INFO  handler.ContextHandler (ContextHandler.java:doStart(915)) - Started o.e.j.w.WebAppContext@3b89bf47{ozoneManager,/,file:///home/runner/work/ozone/ozone/hadoop-ozone/integration-test/target/test-classes/webapps/ozoneManager/,AVAILABLE}{file:/home/runner/work/ozone/ozone/hadoop-ozone/integration-test/target/test-classes/webapps/ozoneManager}
2022-02-14 09:18:50,881 [Listener at 127.0.0.1/41287] INFO  server.AbstractConnector (AbstractConnector.java:doStart(331)) - Started ServerConnector@2739f91b{HTTP/1.1, (http/1.1)}{0.0.0.0:33785}
2022-02-14 09:18:50,881 [Listener at 127.0.0.1/41287] INFO  server.Server (Server.java:doStart(415)) - Started @17051ms
2022-02-14 09:18:50,881 [Listener at 127.0.0.1/41287] WARN  impl.MetricsSystemImpl (MetricsSystemImpl.java:register(279)) - Sink prometheus already exists!
2022-02-14 09:18:50,882 [Listener at 127.0.0.1/41287] INFO  http.BaseHttpServer (BaseHttpServer.java:updateConnectorAddress(329)) - HTTP server of ozoneManager listening at http://0.0.0.0:33785
2022-02-14 09:18:50,885 [IPC Server Responder] INFO  ipc.Server (Server.java:run(1507)) - IPC Server Responder: starting
2022-02-14 09:18:50,885 [IPC Server listener on 41287] INFO  ipc.Server (Server.java:run(1344)) - IPC Server listener on 41287: starting
2022-02-14 09:18:50,890 [Listener at 127.0.0.1/41287] INFO  om.OzoneManager (OzoneManager.java:startTrashEmptier(1792)) - Trash Interval set to 0. Files deleted will not move to trash
2022-02-14 09:18:50,895 [Listener at 127.0.0.1/41287] INFO  ozone.MiniOzoneHAClusterImpl (MiniOzoneHAClusterImpl.java:createOMService(522)) - Started OzoneManager omNode-1 RPC server at localhost/127.0.0.1:41287
2022-02-14 09:18:50,896 [Listener at 127.0.0.1/41287] INFO  ha.OMHANodeDetails (OMHANodeDetails.java:loadOMHAConfig(118)) - ServiceID for OzoneManager is om-service-test1
2022-02-14 09:18:50,897 [Listener at 127.0.0.1/41287] INFO  ha.OMHANodeDetails (OMHANodeDetails.java:loadOMHAConfig(193)) - Found matching OM address with OMServiceId: om-service-test1, OMNodeId: omNode-2, RPC Address: localhost:46317 and Ratis port: 39957
2022-02-14 09:18:50,897 [Listener at 127.0.0.1/41287] INFO  ha.OMHANodeDetails (ConfUtils.java:setNodeSpecificConfigs(108)) - Setting configuration key ozone.om.http-address with value of key ozone.om.http-address.om-service-test1.omNode-2: 127.0.0.1:44411
2022-02-14 09:18:50,897 [Listener at 127.0.0.1/41287] INFO  ha.OMHANodeDetails (ConfUtils.java:setNodeSpecificConfigs(108)) - Setting configuration key ozone.om.https-address with value of key ozone.om.https-address.om-service-test1.omNode-2: 127.0.0.1:32859
2022-02-14 09:18:50,897 [Listener at 127.0.0.1/41287] INFO  ha.OMHANodeDetails (ConfUtils.java:setNodeSpecificConfigs(108)) - Setting configuration key ozone.om.address with value of key ozone.om.address.om-service-test1.omNode-2: 127.0.0.1:46317
2022-02-14 09:18:50,897 [Listener at 127.0.0.1/41287] WARN  server.ServerUtils (ServerUtils.java:getDBPath(225)) - ozone.om.db.dirs is not configured. We recommend adding this setting. Falling back to ozone.metadata.dirs instead.
2022-02-14 09:18:50,900 [org.apache.hadoop.util.JvmPauseMonitor$Monitor@7f85482c] INFO  util.JvmPauseMonitor (JvmPauseMonitor.java:run(188)) - Starting JVM pause monitor
OM initialization succeeded.Current cluster id for sd=/home/runner/work/ozone/ozone/hadoop-ozone/integration-test/target/test-dir/MiniOzoneClusterImpl-9687bb22-1f81-4155-97c5-ed9e7781f5c1/omNode-2/om;cid=9687bb22-1f81-4155-97c5-ed9e7781f5c1;layoutVersion=0
2022-02-14 09:18:50,908 [Listener at 127.0.0.1/41287] INFO  ha.OMHANodeDetails (OMHANodeDetails.java:loadOMHAConfig(118)) - ServiceID for OzoneManager is om-service-test1
2022-02-14 09:18:50,908 [Listener at 127.0.0.1/41287] INFO  ha.OMHANodeDetails (OMHANodeDetails.java:loadOMHAConfig(193)) - Found matching OM address with OMServiceId: om-service-test1, OMNodeId: omNode-2, RPC Address: localhost:46317 and Ratis port: 39957
2022-02-14 09:18:50,909 [Listener at 127.0.0.1/41287] INFO  ha.OMHANodeDetails (ConfUtils.java:setNodeSpecificConfigs(108)) - Setting configuration key ozone.om.http-address with value of key ozone.om.http-address.om-service-test1.omNode-2: 127.0.0.1:44411
2022-02-14 09:18:50,909 [Listener at 127.0.0.1/41287] INFO  ha.OMHANodeDetails (ConfUtils.java:setNodeSpecificConfigs(108)) - Setting configuration key ozone.om.https-address with value of key ozone.om.https-address.om-service-test1.omNode-2: 127.0.0.1:32859
2022-02-14 09:18:50,909 [Listener at 127.0.0.1/41287] INFO  ha.OMHANodeDetails (ConfUtils.java:setNodeSpecificConfigs(108)) - Setting configuration key ozone.om.address with value of key ozone.om.address.om-service-test1.omNode-2: 127.0.0.1:46317
2022-02-14 09:18:50,909 [Listener at 127.0.0.1/41287] WARN  server.ServerUtils (ServerUtils.java:getDBPath(225)) - ozone.om.db.dirs is not configured. We recommend adding this setting. Falling back to ozone.metadata.dirs instead.
2022-02-14 09:18:50,909 [Listener at 127.0.0.1/41287] INFO  upgrade.AbstractLayoutVersionManager (AbstractLayoutVersionManager.java:init(79)) - Initializing Layout version manager with metadata layout = INITIAL_VERSION (version = 0), software layout = INITIAL_VERSION (version = 0)
2022-02-14 09:18:50,960 [Listener at 127.0.0.1/41287] INFO  reflections.Reflections (Reflections.java:scan(232)) - Reflections took 49 ms to scan 2 urls, producing 133 keys and 348 values [using 2 cores]
2022-02-14 09:18:50,961 [Listener at 127.0.0.1/41287] INFO  upgrade.OMLayoutVersionManager (OMLayoutVersionManager.java:lambda$0(115)) - Skipping Upgrade Action MockOmUpgradeAction since it has been finalized.
2022-02-14 09:18:50,965 [Listener at 127.0.0.1/41287] WARN  server.ServerUtils (ServerUtils.java:getDBPath(225)) - ozone.om.db.dirs is not configured. We recommend adding this setting. Falling back to ozone.metadata.dirs instead.
2022-02-14 09:18:50,983 [Listener at 127.0.0.1/41287] WARN  server.ServerUtils (ServerUtils.java:getDBPath(225)) - ozone.om.db.dirs is not configured. We recommend adding this setting. Falling back to ozone.metadata.dirs instead.
2022-02-14 09:18:50,984 [Listener at 127.0.0.1/41287] INFO  codec.OmKeyInfoCodec (OmKeyInfoCodec.java:<init>(50)) - OmKeyInfoCodec ignorePipeline = true
2022-02-14 09:18:50,984 [Listener at 127.0.0.1/41287] INFO  codec.RepeatedOmKeyInfoCodec (RepeatedOmKeyInfoCodec.java:<init>(42)) - RepeatedOmKeyInfoCodec ignorePipeline = true
2022-02-14 09:18:51,114 [Listener at 127.0.0.1/41287] INFO  om.OzoneManager (OzoneManager.java:addS3GVolumeToDB(3732)) - Created Volume s3v With Owner runner required for S3Gateway operations.
2022-02-14 09:18:51,114 [Listener at 127.0.0.1/41287] WARN  server.ServerUtils (ServerUtils.java:getDefaultRatisDirectory(237)) - Storage directory for Ratis is not configured. It is a good idea to map this to an SSD disk. Falling back to ozone.metadata.dirs
2022-02-14 09:18:51,114 [Listener at 127.0.0.1/41287] WARN  utils.OzoneManagerRatisUtils (OzoneManagerRatisUtils.java:getOMRatisSnapshotDirectory(330)) - ozone.om.ratis.snapshot.dir is not configured. Falling back to ozone.metadata.dirs config
2022-02-14 09:18:51,115 [Listener at 127.0.0.1/41287] INFO  snapshot.OzoneManagerSnapshotProvider (OzoneManagerSnapshotProvider.java:<init>(76)) - Initializing OM Snapshot Provider
2022-02-14 09:18:51,120 [Listener at 127.0.0.1/41287] WARN  impl.MetricRegistriesImpl (MetricRegistriesImpl.java:addReporterRegistration(111)) - New reporters are added after registries were created. Some metrics will be missing from the reporter. Please add reporter before adding any new registry.
2022-02-14 09:18:51,120 [Listener at 127.0.0.1/41287] WARN  impl.MetricRegistriesImpl (MetricRegistriesImpl.java:addReporterRegistration(111)) - New reporters are added after registries were created. Some metrics will be missing from the reporter. Please add reporter before adding any new registry.
2022-02-14 09:18:51,120 [Listener at 127.0.0.1/41287] WARN  server.ServerUtils (ServerUtils.java:getDefaultRatisDirectory(237)) - Storage directory for Ratis is not configured. It is a good idea to map this to an SSD disk. Falling back to ozone.metadata.dirs
2022-02-14 09:18:51,122 [Listener at 127.0.0.1/41287] INFO  ratis.OzoneManagerRatisServer (OzoneManagerRatisServer.java:<init>(159)) - Instantiating OM Ratis server with groupID: om-service-test1 and peers: localhost:39957, localhost:32855, localhost:41377
2022-02-14 09:18:51,122 [Listener at 127.0.0.1/41287] INFO  ratis.OzoneManagerStateMachine (OzoneManagerStateMachine.java:loadSnapshotInfoFromDB(605)) - LastAppliedIndex is set from TransactionInfo from OM DB as (t:0, i:~)
2022-02-14 09:18:51,122 [Listener at 127.0.0.1/41287] INFO  server.RaftServer (ConfUtils.java:logGet(44)) - raft.rpc.type = GRPC (default)
2022-02-14 09:18:51,123 [Listener at 127.0.0.1/41287] INFO  grpc.GrpcFactory (GrpcFactory.java:checkPooledByteBufAllocatorUseCacheForAllThreads(48)) - PERFORMANCE WARNING: useCacheForAllThreads is true that may cause Netty to create a lot garbage objects and, as a result, trigger GC.
	It is recommended to disable useCacheForAllThreads by setting -Dorg.apache.ratis.thirdparty.io.netty.allocator.useCacheForAllThreads=false in command line.
2022-02-14 09:18:51,123 [Listener at 127.0.0.1/41287] INFO  grpc.GrpcConfigKeys (ConfUtils.java:logGet(44)) - raft.grpc.admin.port = -1 (default)
2022-02-14 09:18:51,123 [Listener at 127.0.0.1/41287] INFO  grpc.GrpcConfigKeys (ConfUtils.java:logGet(44)) - raft.grpc.server.port = 39957 (custom)
2022-02-14 09:18:51,123 [Listener at 127.0.0.1/41287] INFO  grpc.GrpcConfigKeys (ConfUtils.java:logGet(44)) - raft.grpc.client.port = -1 (default)
2022-02-14 09:18:51,123 [Listener at 127.0.0.1/41287] INFO  grpc.GrpcConfigKeys (ConfUtils.java:logGet(44)) - raft.grpc.server.port = 39957 (custom)
2022-02-14 09:18:51,123 [Listener at 127.0.0.1/41287] INFO  grpc.GrpcConfigKeys (ConfUtils.java:logGet(44)) - raft.grpc.server.port = 39957 (custom)
2022-02-14 09:18:51,123 [Listener at 127.0.0.1/41287] INFO  server.GrpcService (ConfUtils.java:logGet(44)) - raft.grpc.message.size.max = 33554432 (custom)
2022-02-14 09:18:51,123 [Listener at 127.0.0.1/41287] INFO  server.RaftServerConfigKeys (ConfUtils.java:logGet(44)) - raft.server.log.appender.buffer.byte-limit = 33554432 (custom)
2022-02-14 09:18:51,123 [Listener at 127.0.0.1/41287] INFO  server.GrpcService (ConfUtils.java:logGet(44)) - raft.grpc.flow.control.window = 1MB (=1048576) (default)
2022-02-14 09:18:51,124 [Listener at 127.0.0.1/41287] INFO  server.RaftServerConfigKeys (ConfUtils.java:logGet(44)) - raft.server.rpc.request.timeout = 3000ms (default)
2022-02-14 09:18:51,125 [Listener at 127.0.0.1/41287] INFO  impl.DataStreamServerImpl (ConfUtils.java:logGet(44)) - raft.datastream.type = DISABLED (default)
2022-02-14 09:18:51,125 [Listener at 127.0.0.1/41287] INFO  server.RaftServerConfigKeys (ConfUtils.java:logGet(44)) - raft.server.rpc.slowness.timeout = 2s (custom)
2022-02-14 09:18:51,125 [Listener at 127.0.0.1/41287] INFO  server.RaftServerConfigKeys (ConfUtils.java:logGet(44)) - raft.server.leaderelection.leader.step-down.wait-time = 10s (default)
2022-02-14 09:18:51,125 [Listener at 127.0.0.1/41287] INFO  server.RaftServerConfigKeys (ConfUtils.java:logGet(44)) - raft.server.storage.dir = [/home/runner/work/ozone/ozone/hadoop-ozone/integration-test/target/test-dir/MiniOzoneClusterImpl-9687bb22-1f81-4155-97c5-ed9e7781f5c1/omNode-2/ratis] (custom)
2022-02-14 09:18:51,126 [Listener at 127.0.0.1/41287] INFO  server.RaftServer (RaftServerProxy.java:addNew(95)) - omNode-2: addNew group-523986131536:[omNode-3|rpc:localhost:32855|priority:0, omNode-1|rpc:localhost:41377|priority:0, omNode-2|rpc:localhost:39957|priority:0] returns group-523986131536:java.util.concurrent.CompletableFuture@59c9e3b9[Not completed]
2022-02-14 09:18:51,126 [Listener at 127.0.0.1/41287] INFO  om.OzoneManager (OzoneManager.java:initializeRatisServer(1834)) - OzoneManager Ratis server initialized at port 39957
2022-02-14 09:18:51,146 [Listener at 127.0.0.1/41287] INFO  ipc.CallQueueManager (CallQueueManager.java:<init>(90)) - Using callQueue: class java.util.concurrent.LinkedBlockingQueue, queueCapacity: 2000, scheduler: class org.apache.hadoop.ipc.DefaultRpcScheduler, ipcBackoff: false.
2022-02-14 09:18:51,148 [Socket Reader #1 for port 46317] INFO  ipc.Server (Server.java:run(1265)) - Starting Socket Reader #1 for port 46317
2022-02-14 09:18:51,156 [pool-67-thread-1] INFO  server.RaftServer$Division (RaftServerImpl.java:<init>(184)) - omNode-2: new RaftServerImpl for group-523986131536:[omNode-3|rpc:localhost:32855|priority:0, omNode-1|rpc:localhost:41377|priority:0, omNode-2|rpc:localhost:39957|priority:0] with OzoneManagerStateMachine:uninitialized
2022-02-14 09:18:51,157 [pool-67-thread-1] INFO  server.RaftServerConfigKeys (ConfUtils.java:logGet(44)) - raft.server.rpc.timeout.min = 1s (custom)
2022-02-14 09:18:51,158 [pool-67-thread-1] INFO  server.RaftServerConfigKeys (ConfUtils.java:logGet(44)) - raft.server.rpc.timeout.max = 1200ms (custom)
2022-02-14 09:18:51,158 [pool-67-thread-1] INFO  server.RaftServerConfigKeys (ConfUtils.java:logGet(44)) - raft.server.rpc.sleep.time = 25ms (default)
2022-02-14 09:18:51,158 [pool-67-thread-1] INFO  server.RaftServerConfigKeys (ConfUtils.java:logGet(44)) - raft.server.rpc.slowness.timeout = 2s (custom)
2022-02-14 09:18:51,158 [pool-67-thread-1] INFO  server.RaftServerConfigKeys (ConfUtils.java:logGet(44)) - raft.server.leaderelection.leader.step-down.wait-time = 10s (default)
2022-02-14 09:18:51,158 [pool-67-thread-1] INFO  server.RaftServerConfigKeys (ConfUtils.java:logGet(44)) - raft.server.sleep.deviation.threshold = 300ms (default)
2022-02-14 09:18:51,158 [pool-67-thread-1] INFO  server.RaftServerConfigKeys (ConfUtils.java:logGet(44)) - raft.server.log.appender.install.snapshot.enabled = false (custom)
2022-02-14 09:18:51,158 [pool-67-thread-1] INFO  server.RaftServer$Division (ServerState.java:<init>(105)) - omNode-2@group-523986131536: ConfigurationManager, init=-1: [omNode-3|rpc:localhost:32855|priority:0, omNode-1|rpc:localhost:41377|priority:0, omNode-2|rpc:localhost:39957|priority:0], old=null, confs=<EMPTY_MAP>
2022-02-14 09:18:51,158 [pool-67-thread-1] INFO  server.RaftServerConfigKeys (ConfUtils.java:logGet(44)) - raft.server.storage.dir = [/home/runner/work/ozone/ozone/hadoop-ozone/integration-test/target/test-dir/MiniOzoneClusterImpl-9687bb22-1f81-4155-97c5-ed9e7781f5c1/omNode-2/ratis] (custom)
2022-02-14 09:18:51,158 [pool-67-thread-1] INFO  server.RaftServerConfigKeys (ConfUtils.java:logGet(44)) - raft.server.log.corruption.policy = EXCEPTION (default)
2022-02-14 09:18:51,158 [pool-67-thread-1] INFO  server.RaftServerConfigKeys (ConfUtils.java:logGet(44)) - raft.server.storage.free-space.min = 0MB (=0) (default)
2022-02-14 09:18:51,158 [pool-67-thread-1] INFO  storage.RaftStorageDirectory (RaftStorageDirectoryImpl.java:analyzeStorage(135)) - The storage directory /home/runner/work/ozone/ozone/hadoop-ozone/integration-test/target/test-dir/MiniOzoneClusterImpl-9687bb22-1f81-4155-97c5-ed9e7781f5c1/omNode-2/ratis/c9bc4cf4-3bc3-3c60-a66b-523986131536 does not exist. Creating ...
2022-02-14 09:18:51,161 [pool-67-thread-1] INFO  storage.RaftStorageDirectory (RaftStorageDirectoryImpl.java:tryLock(230)) - Lock on /home/runner/work/ozone/ozone/hadoop-ozone/integration-test/target/test-dir/MiniOzoneClusterImpl-9687bb22-1f81-4155-97c5-ed9e7781f5c1/omNode-2/ratis/c9bc4cf4-3bc3-3c60-a66b-523986131536/in_use.lock acquired by nodename 1675@fv-az12-997
2022-02-14 09:18:51,163 [pool-67-thread-1] INFO  storage.RaftStorage (RaftStorageImpl.java:format(89)) - Storage directory /home/runner/work/ozone/ozone/hadoop-ozone/integration-test/target/test-dir/MiniOzoneClusterImpl-9687bb22-1f81-4155-97c5-ed9e7781f5c1/omNode-2/ratis/c9bc4cf4-3bc3-3c60-a66b-523986131536 has been successfully formatted.
2022-02-14 09:18:51,163 [pool-67-thread-1] INFO  server.RaftServerConfigKeys (ConfUtils.java:logGet(44)) - raft.server.notification.no-leader.timeout = 2s (custom)
2022-02-14 09:18:51,163 [pool-67-thread-1] INFO  server.RaftServerConfigKeys (ConfUtils.java:logGet(44)) - raft.server.log.use.memory = false (default)
2022-02-14 09:18:51,163 [pool-67-thread-1] INFO  server.RaftServerConfigKeys (ConfUtils.java:logGet(44)) - raft.server.log.purge.gap = 50 (custom)
2022-02-14 09:18:51,163 [pool-67-thread-1] INFO  server.RaftServerConfigKeys (ConfUtils.java:logGet(44)) - raft.server.log.appender.buffer.byte-limit = 33554432 (custom)
2022-02-14 09:18:51,163 [pool-67-thread-1] INFO  server.RaftServerConfigKeys (ConfUtils.java:logGet(44)) - raft.server.log.segment.size.max = 4194304 (custom)
2022-02-14 09:18:51,164 [pool-67-thread-1] INFO  server.RaftServerConfigKeys (ConfUtils.java:logGet(44)) - raft.server.log.segment.cache.num.max = 2 (custom)
2022-02-14 09:18:51,164 [pool-67-thread-1] INFO  server.RaftServerConfigKeys (ConfUtils.java:logGet(44)) - raft.server.log.segment.cache.size.max = 200MB (=209715200) (default)
2022-02-14 09:18:51,164 [pool-67-thread-1] INFO  segmented.SegmentedRaftLogWorker (SegmentedRaftLogWorker.java:<init>(182)) - new omNode-2@group-523986131536-SegmentedRaftLogWorker for RaftStorageImpl:Storage Directory /home/runner/work/ozone/ozone/hadoop-ozone/integration-test/target/test-dir/MiniOzoneClusterImpl-9687bb22-1f81-4155-97c5-ed9e7781f5c1/omNode-2/ratis/c9bc4cf4-3bc3-3c60-a66b-523986131536
2022-02-14 09:18:51,164 [pool-67-thread-1] INFO  server.RaftServerConfigKeys (ConfUtils.java:logGet(44)) - raft.server.log.queue.byte-limit = 64MB (=67108864) (default)
2022-02-14 09:18:51,164 [pool-67-thread-1] INFO  server.RaftServerConfigKeys (ConfUtils.java:logGet(44)) - raft.server.log.queue.element-limit = 4096 (default)
2022-02-14 09:18:51,164 [pool-67-thread-1] INFO  server.RaftServerConfigKeys (ConfUtils.java:logGet(44)) - raft.server.log.segment.size.max = 4194304 (custom)
2022-02-14 09:18:51,164 [pool-67-thread-1] INFO  server.RaftServerConfigKeys (ConfUtils.java:logGet(44)) - raft.server.log.preallocated.size = 4194304 (custom)
2022-02-14 09:18:51,164 [pool-67-thread-1] INFO  server.RaftServerConfigKeys (ConfUtils.java:logGet(44)) - raft.server.log.force.sync.num = 128 (default)
2022-02-14 09:18:51,164 [pool-67-thread-1] INFO  server.RaftServerConfigKeys (ConfUtils.java:logGet(44)) - raft.server.log.statemachine.data.sync = true (default)
2022-02-14 09:18:51,164 [pool-67-thread-1] INFO  server.RaftServerConfigKeys (ConfUtils.java:logGet(44)) - raft.server.log.statemachine.data.sync.timeout = 10s (default)
2022-02-14 09:18:51,165 [pool-67-thread-1] INFO  server.RaftServerConfigKeys (ConfUtils.java:logGet(44)) - raft.server.log.statemachine.data.sync.timeout.retry = -1 (default)
2022-02-14 09:18:51,166 [pool-67-thread-1] INFO  server.RaftServerConfigKeys (ConfUtils.java:logGet(44)) - raft.server.log.write.buffer.size = 64KB (=65536) (default)
2022-02-14 09:18:51,166 [pool-67-thread-1] INFO  server.RaftServerConfigKeys (ConfUtils.java:logGet(44)) - raft.server.log.statemachine.data.caching.enabled = false (default)
2022-02-14 09:18:51,166 [pool-67-thread-1] INFO  segmented.SegmentedRaftLogWorker (SegmentedRaftLogWorker.java:lambda$new$0(133)) - omNode-2@group-523986131536-SegmentedRaftLogWorker: flushIndex: setUnconditionally 0 -> -1
2022-02-14 09:18:51,166 [pool-67-thread-1] INFO  segmented.SegmentedRaftLogWorker (SegmentedRaftLogWorker.java:lambda$new$0(133)) - omNode-2@group-523986131536-SegmentedRaftLogWorker: safeCacheEvictIndex: setUnconditionally 0 -> -1
2022-02-14 09:18:51,170 [pool-67-thread-1] INFO  server.RaftServerConfigKeys (ConfUtils.java:logGet(44)) - raft.server.snapshot.auto.trigger.enabled = true (custom)
2022-02-14 09:18:51,170 [pool-67-thread-1] INFO  server.RaftServerConfigKeys (ConfUtils.java:logGet(44)) - raft.server.snapshot.auto.trigger.threshold = 50 (custom)
2022-02-14 09:18:51,170 [pool-67-thread-1] INFO  server.RaftServerConfigKeys (ConfUtils.java:logGet(44)) - raft.server.snapshot.retention.file.num = -1 (default)
2022-02-14 09:18:51,170 [pool-67-thread-1] INFO  server.RaftServerConfigKeys (ConfUtils.java:logGet(44)) - raft.server.log.purge.upto.snapshot.index = true (custom)
2022-02-14 09:18:51,170 [pool-67-thread-1] INFO  server.RaftServerConfigKeys (ConfUtils.java:logGet(44)) - raft.server.retrycache.expirytime = 30000ms (custom)
2022-02-14 09:18:51,170 [pool-67-thread-1] INFO  server.RaftServerConfigKeys (ConfUtils.java:logGet(44)) - raft.server.retrycache.statistics.expirytime = 100μs (default)
2022-02-14 09:18:51,193 [Listener at 127.0.0.1/46317] INFO  impl.MetricsSystemImpl (MetricsSystemImpl.java:init(158)) - OzoneManager metrics system started (again)
2022-02-14 09:18:51,206 [Listener at 127.0.0.1/46317] INFO  om.OzoneManager (OzoneManager.java:start(1365)) - OzoneManager RPC server is listening at localhost/127.0.0.1:46317
2022-02-14 09:18:51,206 [Listener at 127.0.0.1/46317] INFO  ratis.OzoneManagerRatisServer (OzoneManagerRatisServer.java:start(554)) - Starting OzoneManagerRatisServer omNode-2 at port 39957
2022-02-14 09:18:51,206 [Listener at 127.0.0.1/46317] INFO  server.RaftServer$Division (RaftServerImpl.java:start(301)) - omNode-2@group-523986131536: start as a follower, conf=-1: [omNode-3|rpc:localhost:32855|priority:0, omNode-1|rpc:localhost:41377|priority:0, omNode-2|rpc:localhost:39957|priority:0], old=null
2022-02-14 09:18:51,206 [Listener at 127.0.0.1/46317] INFO  server.RaftServer$Division (RaftServerImpl.java:setRole(290)) - omNode-2@group-523986131536: changes role from      null to FOLLOWER at term 0 for startAsFollower
2022-02-14 09:18:51,207 [Listener at 127.0.0.1/46317] INFO  impl.RoleInfo (RoleInfo.java:updateAndGet(130)) - omNode-2: start omNode-2@group-523986131536-FollowerState
2022-02-14 09:18:51,207 [Listener at 127.0.0.1/46317] INFO  util.JmxRegister (JmxRegister.java:tryRegister(44)) - Successfully registered JMX Bean with object name Ratis:service=RaftServer,group=group-523986131536,id=omNode-2
2022-02-14 09:18:51,208 [Listener at 127.0.0.1/46317] INFO  server.RaftServer (RaftServerProxy.java:lambda$start$5(374)) - omNode-2: start RPC server
2022-02-14 09:18:51,209 [Listener at 127.0.0.1/46317] INFO  server.GrpcService (GrpcService.java:startImpl(253)) - omNode-2: GrpcService started, listening on 39957
2022-02-14 09:18:51,210 [Listener at 127.0.0.1/46317] INFO  om.OzoneManager (OzoneManager.java:start(1381)) - Version File has different layout version (0) than OM DB (null). That is expected if this OM has never been finalized to a newer layout version.
2022-02-14 09:18:51,210 [org.apache.ratis.util.JvmPauseMonitor$$Lambda$422/1688851596@6b7a96e1] INFO  util.JvmPauseMonitor (JvmPauseMonitor.java:run(103)) - JvmPauseMonitor-omNode-2: Started
2022-02-14 09:18:51,216 [Listener at 127.0.0.1/46317] INFO  http.BaseHttpServer (BaseHttpServer.java:newHttpServer2BuilderForOzone(209)) - Starting Web-server for ozoneManager at: http://0.0.0.0:44411
2022-02-14 09:18:51,216 [Listener at 127.0.0.1/46317] INFO  http.BaseHttpServer (BaseHttpServer.java:<init>(107)) - Hadoop Security Enabled: false Ozone Security Enabled: false Ozone HTTP Security Enabled: false 
2022-02-14 09:18:51,217 [Listener at 127.0.0.1/46317] INFO  server.AuthenticationFilter (AuthenticationFilter.java:constructSecretProvider(240)) - Unable to initialize FileSignerSecretProvider, falling back to use random secrets.
2022-02-14 09:18:51,218 [Listener at 127.0.0.1/46317] WARN  http.HttpRequestLog (HttpRequestLog.java:getRequestLog(103)) - Jetty request log can only be enabled using Log4j
2022-02-14 09:18:51,219 [Listener at 127.0.0.1/46317] INFO  http.HttpServer2 (HttpServer2.java:addGlobalFilter(1030)) - Added global filter 'safety' (class=org.apache.hadoop.hdds.server.http.HttpServer2$QuotingInputFilter)
2022-02-14 09:18:51,220 [Listener at 127.0.0.1/46317] INFO  http.HttpServer2 (HttpServer2.java:addFilter(1006)) - Added filter static_user_filter (class=org.apache.hadoop.http.lib.StaticUserWebFilter$StaticUserFilter) to context ozoneManager
2022-02-14 09:18:51,220 [Listener at 127.0.0.1/46317] INFO  http.HttpServer2 (HttpServer2.java:addFilter(1014)) - Added filter static_user_filter (class=org.apache.hadoop.http.lib.StaticUserWebFilter$StaticUserFilter) to context logs
2022-02-14 09:18:51,220 [Listener at 127.0.0.1/46317] INFO  http.HttpServer2 (HttpServer2.java:addFilter(1014)) - Added filter static_user_filter (class=org.apache.hadoop.http.lib.StaticUserWebFilter$StaticUserFilter) to context static
2022-02-14 09:18:51,221 [Listener at 127.0.0.1/46317] INFO  http.HttpServer2 (HttpServer2.java:bindListener(1249)) - Jetty bound to port 44411
2022-02-14 09:18:51,221 [Listener at 127.0.0.1/46317] INFO  server.Server (Server.java:doStart(375)) - jetty-9.4.43.v20210629; built: 2021-06-30T11:07:22.254Z; git: 526006ecfa3af7f1a27ef3a288e2bef7ea9dd7e8; jvm 1.8.0_312-b07
2022-02-14 09:18:51,230 [Listener at 127.0.0.1/46317] INFO  server.session (DefaultSessionIdManager.java:doStart(334)) - DefaultSessionIdManager workerName=node0
2022-02-14 09:18:51,230 [Listener at 127.0.0.1/46317] INFO  server.session (DefaultSessionIdManager.java:doStart(339)) - No SessionScavenger set, using defaults
2022-02-14 09:18:51,230 [Listener at 127.0.0.1/46317] INFO  server.session (HouseKeeper.java:startScavenging(132)) - node0 Scavenging every 660000ms
2022-02-14 09:18:51,231 [Listener at 127.0.0.1/46317] INFO  handler.ContextHandler (ContextHandler.java:doStart(915)) - Started o.e.j.s.ServletContextHandler@73ccc475{logs,/logs,file:///home/runner/work/ozone/ozone/hadoop-ozone/integration-test/target/log,AVAILABLE}
2022-02-14 09:18:51,232 [Listener at 127.0.0.1/46317] INFO  handler.ContextHandler (ContextHandler.java:doStart(915)) - Started o.e.j.s.ServletContextHandler@117bb3a4{static,/static,file:///home/runner/work/ozone/ozone/hadoop-ozone/integration-test/target/test-classes/webapps/static,AVAILABLE}
2022-02-14 09:18:51,235 [Listener at 127.0.0.1/46317] INFO  handler.ContextHandler (ContextHandler.java:doStart(915)) - Started o.e.j.w.WebAppContext@402e48d{ozoneManager,/,file:///home/runner/work/ozone/ozone/hadoop-ozone/integration-test/target/test-classes/webapps/ozoneManager/,AVAILABLE}{file:/home/runner/work/ozone/ozone/hadoop-ozone/integration-test/target/test-classes/webapps/ozoneManager}
2022-02-14 09:18:51,237 [Listener at 127.0.0.1/46317] INFO  server.AbstractConnector (AbstractConnector.java:doStart(331)) - Started ServerConnector@31419d4a{HTTP/1.1, (http/1.1)}{0.0.0.0:44411}
2022-02-14 09:18:51,237 [Listener at 127.0.0.1/46317] INFO  server.Server (Server.java:doStart(415)) - Started @17407ms
2022-02-14 09:18:51,237 [Listener at 127.0.0.1/46317] WARN  impl.MetricsSystemImpl (MetricsSystemImpl.java:register(279)) - Sink prometheus already exists!
2022-02-14 09:18:51,238 [Listener at 127.0.0.1/46317] INFO  http.BaseHttpServer (BaseHttpServer.java:updateConnectorAddress(329)) - HTTP server of ozoneManager listening at http://0.0.0.0:44411
2022-02-14 09:18:51,238 [IPC Server Responder] INFO  ipc.Server (Server.java:run(1507)) - IPC Server Responder: starting
2022-02-14 09:18:51,241 [IPC Server listener on 46317] INFO  ipc.Server (Server.java:run(1344)) - IPC Server listener on 46317: starting
2022-02-14 09:18:51,253 [Listener at 127.0.0.1/46317] INFO  om.OzoneManager (OzoneManager.java:startTrashEmptier(1792)) - Trash Interval set to 0. Files deleted will not move to trash
2022-02-14 09:18:51,254 [Listener at 127.0.0.1/46317] INFO  ozone.MiniOzoneHAClusterImpl (MiniOzoneHAClusterImpl.java:createOMService(522)) - Started OzoneManager omNode-2 RPC server at localhost/127.0.0.1:46317
2022-02-14 09:18:51,254 [org.apache.hadoop.util.JvmPauseMonitor$Monitor@1b84d2e] INFO  util.JvmPauseMonitor (JvmPauseMonitor.java:run(188)) - Starting JVM pause monitor
2022-02-14 09:18:51,255 [Listener at 127.0.0.1/46317] INFO  ha.OMHANodeDetails (OMHANodeDetails.java:loadOMHAConfig(118)) - ServiceID for OzoneManager is om-service-test1
2022-02-14 09:18:51,255 [Listener at 127.0.0.1/46317] INFO  ha.OMHANodeDetails (OMHANodeDetails.java:loadOMHAConfig(193)) - Found matching OM address with OMServiceId: om-service-test1, OMNodeId: omNode-3, RPC Address: localhost:42183 and Ratis port: 32855
2022-02-14 09:18:51,255 [Listener at 127.0.0.1/46317] INFO  ha.OMHANodeDetails (ConfUtils.java:setNodeSpecificConfigs(108)) - Setting configuration key ozone.om.http-address with value of key ozone.om.http-address.om-service-test1.omNode-3: 127.0.0.1:46357
2022-02-14 09:18:51,255 [Listener at 127.0.0.1/46317] INFO  ha.OMHANodeDetails (ConfUtils.java:setNodeSpecificConfigs(108)) - Setting configuration key ozone.om.https-address with value of key ozone.om.https-address.om-service-test1.omNode-3: 127.0.0.1:43499
2022-02-14 09:18:51,256 [Listener at 127.0.0.1/46317] INFO  ha.OMHANodeDetails (ConfUtils.java:setNodeSpecificConfigs(108)) - Setting configuration key ozone.om.address with value of key ozone.om.address.om-service-test1.omNode-3: 127.0.0.1:42183
2022-02-14 09:18:51,256 [Listener at 127.0.0.1/46317] WARN  server.ServerUtils (ServerUtils.java:getDBPath(225)) - ozone.om.db.dirs is not configured. We recommend adding this setting. Falling back to ozone.metadata.dirs instead.
OM initialization succeeded.Current cluster id for sd=/home/runner/work/ozone/ozone/hadoop-ozone/integration-test/target/test-dir/MiniOzoneClusterImpl-9687bb22-1f81-4155-97c5-ed9e7781f5c1/omNode-3/om;cid=9687bb22-1f81-4155-97c5-ed9e7781f5c1;layoutVersion=0
2022-02-14 09:18:51,265 [Listener at 127.0.0.1/46317] INFO  ha.OMHANodeDetails (OMHANodeDetails.java:loadOMHAConfig(118)) - ServiceID for OzoneManager is om-service-test1
2022-02-14 09:18:51,266 [Listener at 127.0.0.1/46317] INFO  ha.OMHANodeDetails (OMHANodeDetails.java:loadOMHAConfig(193)) - Found matching OM address with OMServiceId: om-service-test1, OMNodeId: omNode-3, RPC Address: localhost:42183 and Ratis port: 32855
2022-02-14 09:18:51,266 [Listener at 127.0.0.1/46317] INFO  ha.OMHANodeDetails (ConfUtils.java:setNodeSpecificConfigs(108)) - Setting configuration key ozone.om.http-address with value of key ozone.om.http-address.om-service-test1.omNode-3: 127.0.0.1:46357
2022-02-14 09:18:51,266 [Listener at 127.0.0.1/46317] INFO  ha.OMHANodeDetails (ConfUtils.java:setNodeSpecificConfigs(108)) - Setting configuration key ozone.om.https-address with value of key ozone.om.https-address.om-service-test1.omNode-3: 127.0.0.1:43499
2022-02-14 09:18:51,266 [Listener at 127.0.0.1/46317] INFO  ha.OMHANodeDetails (ConfUtils.java:setNodeSpecificConfigs(108)) - Setting configuration key ozone.om.address with value of key ozone.om.address.om-service-test1.omNode-3: 127.0.0.1:42183
2022-02-14 09:18:51,266 [Listener at 127.0.0.1/46317] WARN  server.ServerUtils (ServerUtils.java:getDBPath(225)) - ozone.om.db.dirs is not configured. We recommend adding this setting. Falling back to ozone.metadata.dirs instead.
2022-02-14 09:18:51,266 [Listener at 127.0.0.1/46317] INFO  upgrade.AbstractLayoutVersionManager (AbstractLayoutVersionManager.java:init(79)) - Initializing Layout version manager with metadata layout = INITIAL_VERSION (version = 0), software layout = INITIAL_VERSION (version = 0)
2022-02-14 09:18:51,318 [Listener at 127.0.0.1/46317] INFO  reflections.Reflections (Reflections.java:scan(232)) - Reflections took 50 ms to scan 2 urls, producing 133 keys and 348 values [using 2 cores]
2022-02-14 09:18:51,319 [Listener at 127.0.0.1/46317] INFO  upgrade.OMLayoutVersionManager (OMLayoutVersionManager.java:lambda$0(115)) - Skipping Upgrade Action MockOmUpgradeAction since it has been finalized.
2022-02-14 09:18:51,319 [Listener at 127.0.0.1/46317] WARN  server.ServerUtils (ServerUtils.java:getDBPath(225)) - ozone.om.db.dirs is not configured. We recommend adding this setting. Falling back to ozone.metadata.dirs instead.
2022-02-14 09:18:51,337 [Listener at 127.0.0.1/46317] WARN  server.ServerUtils (ServerUtils.java:getDBPath(225)) - ozone.om.db.dirs is not configured. We recommend adding this setting. Falling back to ozone.metadata.dirs instead.
2022-02-14 09:18:51,338 [Listener at 127.0.0.1/46317] INFO  codec.OmKeyInfoCodec (OmKeyInfoCodec.java:<init>(50)) - OmKeyInfoCodec ignorePipeline = true
2022-02-14 09:18:51,338 [Listener at 127.0.0.1/46317] INFO  codec.RepeatedOmKeyInfoCodec (RepeatedOmKeyInfoCodec.java:<init>(42)) - RepeatedOmKeyInfoCodec ignorePipeline = true
2022-02-14 09:18:51,483 [Listener at 127.0.0.1/46317] INFO  om.OzoneManager (OzoneManager.java:addS3GVolumeToDB(3732)) - Created Volume s3v With Owner runner required for S3Gateway operations.
2022-02-14 09:18:51,483 [Listener at 127.0.0.1/46317] WARN  server.ServerUtils (ServerUtils.java:getDefaultRatisDirectory(237)) - Storage directory for Ratis is not configured. It is a good idea to map this to an SSD disk. Falling back to ozone.metadata.dirs
2022-02-14 09:18:51,483 [Listener at 127.0.0.1/46317] WARN  utils.OzoneManagerRatisUtils (OzoneManagerRatisUtils.java:getOMRatisSnapshotDirectory(330)) - ozone.om.ratis.snapshot.dir is not configured. Falling back to ozone.metadata.dirs config
2022-02-14 09:18:51,484 [Listener at 127.0.0.1/46317] INFO  snapshot.OzoneManagerSnapshotProvider (OzoneManagerSnapshotProvider.java:<init>(76)) - Initializing OM Snapshot Provider
2022-02-14 09:18:51,485 [Listener at 127.0.0.1/46317] WARN  impl.MetricRegistriesImpl (MetricRegistriesImpl.java:addReporterRegistration(111)) - New reporters are added after registries were created. Some metrics will be missing from the reporter. Please add reporter before adding any new registry.
2022-02-14 09:18:51,485 [Listener at 127.0.0.1/46317] WARN  impl.MetricRegistriesImpl (MetricRegistriesImpl.java:addReporterRegistration(111)) - New reporters are added after registries were created. Some metrics will be missing from the reporter. Please add reporter before adding any new registry.
2022-02-14 09:18:51,485 [Listener at 127.0.0.1/46317] WARN  server.ServerUtils (ServerUtils.java:getDefaultRatisDirectory(237)) - Storage directory for Ratis is not configured. It is a good idea to map this to an SSD disk. Falling back to ozone.metadata.dirs
2022-02-14 09:18:51,487 [Listener at 127.0.0.1/46317] INFO  ratis.OzoneManagerRatisServer (OzoneManagerRatisServer.java:<init>(159)) - Instantiating OM Ratis server with groupID: om-service-test1 and peers: localhost:32855, localhost:41377, localhost:39957
2022-02-14 09:18:51,487 [Listener at 127.0.0.1/46317] INFO  ratis.OzoneManagerStateMachine (OzoneManagerStateMachine.java:loadSnapshotInfoFromDB(605)) - LastAppliedIndex is set from TransactionInfo from OM DB as (t:0, i:~)
2022-02-14 09:18:51,488 [Listener at 127.0.0.1/46317] INFO  server.RaftServer (ConfUtils.java:logGet(44)) - raft.rpc.type = GRPC (default)
2022-02-14 09:18:51,488 [Listener at 127.0.0.1/46317] INFO  grpc.GrpcFactory (GrpcFactory.java:checkPooledByteBufAllocatorUseCacheForAllThreads(48)) - PERFORMANCE WARNING: useCacheForAllThreads is true that may cause Netty to create a lot garbage objects and, as a result, trigger GC.
	It is recommended to disable useCacheForAllThreads by setting -Dorg.apache.ratis.thirdparty.io.netty.allocator.useCacheForAllThreads=false in command line.
2022-02-14 09:18:51,488 [Listener at 127.0.0.1/46317] INFO  grpc.GrpcConfigKeys (ConfUtils.java:logGet(44)) - raft.grpc.admin.port = -1 (default)
2022-02-14 09:18:51,488 [Listener at 127.0.0.1/46317] INFO  grpc.GrpcConfigKeys (ConfUtils.java:logGet(44)) - raft.grpc.server.port = 32855 (custom)
2022-02-14 09:18:51,488 [Listener at 127.0.0.1/46317] INFO  grpc.GrpcConfigKeys (ConfUtils.java:logGet(44)) - raft.grpc.client.port = -1 (default)
2022-02-14 09:18:51,488 [Listener at 127.0.0.1/46317] INFO  grpc.GrpcConfigKeys (ConfUtils.java:logGet(44)) - raft.grpc.server.port = 32855 (custom)
2022-02-14 09:18:51,488 [Listener at 127.0.0.1/46317] INFO  grpc.GrpcConfigKeys (ConfUtils.java:logGet(44)) - raft.grpc.server.port = 32855 (custom)
2022-02-14 09:18:51,488 [Listener at 127.0.0.1/46317] INFO  server.GrpcService (ConfUtils.java:logGet(44)) - raft.grpc.message.size.max = 33554432 (custom)
2022-02-14 09:18:51,489 [Listener at 127.0.0.1/46317] INFO  server.RaftServerConfigKeys (ConfUtils.java:logGet(44)) - raft.server.log.appender.buffer.byte-limit = 33554432 (custom)
2022-02-14 09:18:51,489 [Listener at 127.0.0.1/46317] INFO  server.GrpcService (ConfUtils.java:logGet(44)) - raft.grpc.flow.control.window = 1MB (=1048576) (default)
2022-02-14 09:18:51,489 [Listener at 127.0.0.1/46317] INFO  server.RaftServerConfigKeys (ConfUtils.java:logGet(44)) - raft.server.rpc.request.timeout = 3000ms (default)
2022-02-14 09:18:51,490 [Listener at 127.0.0.1/46317] INFO  impl.DataStreamServerImpl (ConfUtils.java:logGet(44)) - raft.datastream.type = DISABLED (default)
2022-02-14 09:18:51,491 [Listener at 127.0.0.1/46317] INFO  server.RaftServerConfigKeys (ConfUtils.java:logGet(44)) - raft.server.rpc.slowness.timeout = 2s (custom)
2022-02-14 09:18:51,491 [Listener at 127.0.0.1/46317] INFO  server.RaftServerConfigKeys (ConfUtils.java:logGet(44)) - raft.server.leaderelection.leader.step-down.wait-time = 10s (default)
2022-02-14 09:18:51,491 [Listener at 127.0.0.1/46317] INFO  server.RaftServerConfigKeys (ConfUtils.java:logGet(44)) - raft.server.storage.dir = [/home/runner/work/ozone/ozone/hadoop-ozone/integration-test/target/test-dir/MiniOzoneClusterImpl-9687bb22-1f81-4155-97c5-ed9e7781f5c1/omNode-3/ratis] (custom)
2022-02-14 09:18:51,491 [Listener at 127.0.0.1/46317] INFO  server.RaftServer (RaftServerProxy.java:addNew(95)) - omNode-3: addNew group-523986131536:[omNode-3|rpc:localhost:32855|priority:0, omNode-1|rpc:localhost:41377|priority:0, omNode-2|rpc:localhost:39957|priority:0] returns group-523986131536:java.util.concurrent.CompletableFuture@6175782c[Not completed]
2022-02-14 09:18:51,492 [Listener at 127.0.0.1/46317] INFO  om.OzoneManager (OzoneManager.java:initializeRatisServer(1834)) - OzoneManager Ratis server initialized at port 32855
2022-02-14 09:18:51,493 [Listener at 127.0.0.1/46317] INFO  ipc.CallQueueManager (CallQueueManager.java:<init>(90)) - Using callQueue: class java.util.concurrent.LinkedBlockingQueue, queueCapacity: 2000, scheduler: class org.apache.hadoop.ipc.DefaultRpcScheduler, ipcBackoff: false.
2022-02-14 09:18:51,494 [pool-88-thread-1] INFO  server.RaftServer$Division (RaftServerImpl.java:<init>(184)) - omNode-3: new RaftServerImpl for group-523986131536:[omNode-3|rpc:localhost:32855|priority:0, omNode-1|rpc:localhost:41377|priority:0, omNode-2|rpc:localhost:39957|priority:0] with OzoneManagerStateMachine:uninitialized
2022-02-14 09:18:51,505 [pool-88-thread-1] INFO  server.RaftServerConfigKeys (ConfUtils.java:logGet(44)) - raft.server.rpc.timeout.min = 1s (custom)
2022-02-14 09:18:51,505 [pool-88-thread-1] INFO  server.RaftServerConfigKeys (ConfUtils.java:logGet(44)) - raft.server.rpc.timeout.max = 1200ms (custom)
2022-02-14 09:18:51,505 [Socket Reader #1 for port 42183] INFO  ipc.Server (Server.java:run(1265)) - Starting Socket Reader #1 for port 42183
2022-02-14 09:18:51,505 [pool-88-thread-1] INFO  server.RaftServerConfigKeys (ConfUtils.java:logGet(44)) - raft.server.rpc.sleep.time = 25ms (default)
2022-02-14 09:18:51,507 [pool-88-thread-1] INFO  server.RaftServerConfigKeys (ConfUtils.java:logGet(44)) - raft.server.rpc.slowness.timeout = 2s (custom)
2022-02-14 09:18:51,508 [pool-88-thread-1] INFO  server.RaftServerConfigKeys (ConfUtils.java:logGet(44)) - raft.server.leaderelection.leader.step-down.wait-time = 10s (default)
2022-02-14 09:18:51,508 [pool-88-thread-1] INFO  server.RaftServerConfigKeys (ConfUtils.java:logGet(44)) - raft.server.sleep.deviation.threshold = 300ms (default)
2022-02-14 09:18:51,508 [pool-88-thread-1] INFO  server.RaftServerConfigKeys (ConfUtils.java:logGet(44)) - raft.server.log.appender.install.snapshot.enabled = false (custom)
2022-02-14 09:18:51,508 [pool-88-thread-1] INFO  server.RaftServer$Division (ServerState.java:<init>(105)) - omNode-3@group-523986131536: ConfigurationManager, init=-1: [omNode-3|rpc:localhost:32855|priority:0, omNode-1|rpc:localhost:41377|priority:0, omNode-2|rpc:localhost:39957|priority:0], old=null, confs=<EMPTY_MAP>
2022-02-14 09:18:51,508 [pool-88-thread-1] INFO  server.RaftServerConfigKeys (ConfUtils.java:logGet(44)) - raft.server.storage.dir = [/home/runner/work/ozone/ozone/hadoop-ozone/integration-test/target/test-dir/MiniOzoneClusterImpl-9687bb22-1f81-4155-97c5-ed9e7781f5c1/omNode-3/ratis] (custom)
2022-02-14 09:18:51,521 [pool-88-thread-1] INFO  server.RaftServerConfigKeys (ConfUtils.java:logGet(44)) - raft.server.log.corruption.policy = EXCEPTION (default)
2022-02-14 09:18:51,521 [pool-88-thread-1] INFO  server.RaftServerConfigKeys (ConfUtils.java:logGet(44)) - raft.server.storage.free-space.min = 0MB (=0) (default)
2022-02-14 09:18:51,521 [pool-88-thread-1] INFO  storage.RaftStorageDirectory (RaftStorageDirectoryImpl.java:analyzeStorage(135)) - The storage directory /home/runner/work/ozone/ozone/hadoop-ozone/integration-test/target/test-dir/MiniOzoneClusterImpl-9687bb22-1f81-4155-97c5-ed9e7781f5c1/omNode-3/ratis/c9bc4cf4-3bc3-3c60-a66b-523986131536 does not exist. Creating ...
2022-02-14 09:18:51,523 [pool-88-thread-1] INFO  storage.RaftStorageDirectory (RaftStorageDirectoryImpl.java:tryLock(230)) - Lock on /home/runner/work/ozone/ozone/hadoop-ozone/integration-test/target/test-dir/MiniOzoneClusterImpl-9687bb22-1f81-4155-97c5-ed9e7781f5c1/omNode-3/ratis/c9bc4cf4-3bc3-3c60-a66b-523986131536/in_use.lock acquired by nodename 1675@fv-az12-997
2022-02-14 09:18:51,525 [pool-88-thread-1] INFO  storage.RaftStorage (RaftStorageImpl.java:format(89)) - Storage directory /home/runner/work/ozone/ozone/hadoop-ozone/integration-test/target/test-dir/MiniOzoneClusterImpl-9687bb22-1f81-4155-97c5-ed9e7781f5c1/omNode-3/ratis/c9bc4cf4-3bc3-3c60-a66b-523986131536 has been successfully formatted.
2022-02-14 09:18:51,525 [pool-88-thread-1] INFO  server.RaftServerConfigKeys (ConfUtils.java:logGet(44)) - raft.server.notification.no-leader.timeout = 2s (custom)
2022-02-14 09:18:51,525 [pool-88-thread-1] INFO  server.RaftServerConfigKeys (ConfUtils.java:logGet(44)) - raft.server.log.use.memory = false (default)
2022-02-14 09:18:51,525 [pool-88-thread-1] INFO  server.RaftServerConfigKeys (ConfUtils.java:logGet(44)) - raft.server.log.purge.gap = 50 (custom)
2022-02-14 09:18:51,525 [pool-88-thread-1] INFO  server.RaftServerConfigKeys (ConfUtils.java:logGet(44)) - raft.server.log.appender.buffer.byte-limit = 33554432 (custom)
2022-02-14 09:18:51,526 [pool-88-thread-1] INFO  server.RaftServerConfigKeys (ConfUtils.java:logGet(44)) - raft.server.log.segment.size.max = 4194304 (custom)
2022-02-14 09:18:51,526 [pool-88-thread-1] INFO  server.RaftServerConfigKeys (ConfUtils.java:logGet(44)) - raft.server.log.segment.cache.num.max = 2 (custom)
2022-02-14 09:18:51,526 [pool-88-thread-1] INFO  server.RaftServerConfigKeys (ConfUtils.java:logGet(44)) - raft.server.log.segment.cache.size.max = 200MB (=209715200) (default)
2022-02-14 09:18:51,526 [pool-88-thread-1] INFO  segmented.SegmentedRaftLogWorker (SegmentedRaftLogWorker.java:<init>(182)) - new omNode-3@group-523986131536-SegmentedRaftLogWorker for RaftStorageImpl:Storage Directory /home/runner/work/ozone/ozone/hadoop-ozone/integration-test/target/test-dir/MiniOzoneClusterImpl-9687bb22-1f81-4155-97c5-ed9e7781f5c1/omNode-3/ratis/c9bc4cf4-3bc3-3c60-a66b-523986131536
2022-02-14 09:18:51,527 [pool-88-thread-1] INFO  server.RaftServerConfigKeys (ConfUtils.java:logGet(44)) - raft.server.log.queue.byte-limit = 64MB (=67108864) (default)
2022-02-14 09:18:51,527 [pool-88-thread-1] INFO  server.RaftServerConfigKeys (ConfUtils.java:logGet(44)) - raft.server.log.queue.element-limit = 4096 (default)
2022-02-14 09:18:51,527 [pool-88-thread-1] INFO  server.RaftServerConfigKeys (ConfUtils.java:logGet(44)) - raft.server.log.segment.size.max = 4194304 (custom)
2022-02-14 09:18:51,527 [pool-88-thread-1] INFO  server.RaftServerConfigKeys (ConfUtils.java:logGet(44)) - raft.server.log.preallocated.size = 4194304 (custom)
2022-02-14 09:18:51,527 [pool-88-thread-1] INFO  server.RaftServerConfigKeys (ConfUtils.java:logGet(44)) - raft.server.log.force.sync.num = 128 (default)
2022-02-14 09:18:51,527 [pool-88-thread-1] INFO  server.RaftServerConfigKeys (ConfUtils.java:logGet(44)) - raft.server.log.statemachine.data.sync = true (default)
2022-02-14 09:18:51,527 [pool-88-thread-1] INFO  server.RaftServerConfigKeys (ConfUtils.java:logGet(44)) - raft.server.log.statemachine.data.sync.timeout = 10s (default)
2022-02-14 09:18:51,527 [pool-88-thread-1] INFO  server.RaftServerConfigKeys (ConfUtils.java:logGet(44)) - raft.server.log.statemachine.data.sync.timeout.retry = -1 (default)
2022-02-14 09:18:51,528 [pool-88-thread-1] INFO  server.RaftServerConfigKeys (ConfUtils.java:logGet(44)) - raft.server.log.write.buffer.size = 64KB (=65536) (default)
2022-02-14 09:18:51,528 [pool-88-thread-1] INFO  server.RaftServerConfigKeys (ConfUtils.java:logGet(44)) - raft.server.log.statemachine.data.caching.enabled = false (default)
2022-02-14 09:18:51,528 [pool-88-thread-1] INFO  segmented.SegmentedRaftLogWorker (SegmentedRaftLogWorker.java:lambda$new$0(133)) - omNode-3@group-523986131536-SegmentedRaftLogWorker: flushIndex: setUnconditionally 0 -> -1
2022-02-14 09:18:51,528 [pool-88-thread-1] INFO  segmented.SegmentedRaftLogWorker (SegmentedRaftLogWorker.java:lambda$new$0(133)) - omNode-3@group-523986131536-SegmentedRaftLogWorker: safeCacheEvictIndex: setUnconditionally 0 -> -1
2022-02-14 09:18:51,531 [pool-88-thread-1] INFO  server.RaftServerConfigKeys (ConfUtils.java:logGet(44)) - raft.server.snapshot.auto.trigger.enabled = true (custom)
2022-02-14 09:18:51,531 [pool-88-thread-1] INFO  server.RaftServerConfigKeys (ConfUtils.java:logGet(44)) - raft.server.snapshot.auto.trigger.threshold = 50 (custom)
2022-02-14 09:18:51,531 [pool-88-thread-1] INFO  server.RaftServerConfigKeys (ConfUtils.java:logGet(44)) - raft.server.snapshot.retention.file.num = -1 (default)
2022-02-14 09:18:51,531 [pool-88-thread-1] INFO  server.RaftServerConfigKeys (ConfUtils.java:logGet(44)) - raft.server.log.purge.upto.snapshot.index = true (custom)
2022-02-14 09:18:51,531 [pool-88-thread-1] INFO  server.RaftServerConfigKeys (ConfUtils.java:logGet(44)) - raft.server.retrycache.expirytime = 30000ms (custom)
2022-02-14 09:18:51,531 [pool-88-thread-1] INFO  server.RaftServerConfigKeys (ConfUtils.java:logGet(44)) - raft.server.retrycache.statistics.expirytime = 100μs (default)
2022-02-14 09:18:51,555 [Listener at 127.0.0.1/42183] INFO  impl.MetricsSystemImpl (MetricsSystemImpl.java:init(158)) - OzoneManager metrics system started (again)
2022-02-14 09:18:51,568 [Listener at 127.0.0.1/42183] INFO  om.OzoneManager (OzoneManager.java:start(1365)) - OzoneManager RPC server is listening at localhost/127.0.0.1:42183
2022-02-14 09:18:51,568 [Listener at 127.0.0.1/42183] INFO  ratis.OzoneManagerRatisServer (OzoneManagerRatisServer.java:start(554)) - Starting OzoneManagerRatisServer omNode-3 at port 32855
2022-02-14 09:18:51,569 [Listener at 127.0.0.1/42183] INFO  server.RaftServer$Division (RaftServerImpl.java:start(301)) - omNode-3@group-523986131536: start as a follower, conf=-1: [omNode-3|rpc:localhost:32855|priority:0, omNode-1|rpc:localhost:41377|priority:0, omNode-2|rpc:localhost:39957|priority:0], old=null
2022-02-14 09:18:51,569 [Listener at 127.0.0.1/42183] INFO  server.RaftServer$Division (RaftServerImpl.java:setRole(290)) - omNode-3@group-523986131536: changes role from      null to FOLLOWER at term 0 for startAsFollower
2022-02-14 09:18:51,569 [Listener at 127.0.0.1/42183] INFO  impl.RoleInfo (RoleInfo.java:updateAndGet(130)) - omNode-3: start omNode-3@group-523986131536-FollowerState
2022-02-14 09:18:51,569 [Listener at 127.0.0.1/42183] INFO  util.JmxRegister (JmxRegister.java:tryRegister(44)) - Successfully registered JMX Bean with object name Ratis:service=RaftServer,group=group-523986131536,id=omNode-3
2022-02-14 09:18:51,571 [Listener at 127.0.0.1/42183] INFO  server.RaftServer (RaftServerProxy.java:lambda$start$5(374)) - omNode-3: start RPC server
2022-02-14 09:18:51,572 [Listener at 127.0.0.1/42183] INFO  server.GrpcService (GrpcService.java:startImpl(253)) - omNode-3: GrpcService started, listening on 32855
2022-02-14 09:18:51,574 [Listener at 127.0.0.1/42183] INFO  om.OzoneManager (OzoneManager.java:start(1381)) - Version File has different layout version (0) than OM DB (null). That is expected if this OM has never been finalized to a newer layout version.
2022-02-14 09:18:51,574 [org.apache.ratis.util.JvmPauseMonitor$$Lambda$422/1688851596@7e1321fd] INFO  util.JvmPauseMonitor (JvmPauseMonitor.java:run(103)) - JvmPauseMonitor-omNode-3: Started
2022-02-14 09:18:51,576 [Listener at 127.0.0.1/42183] INFO  http.BaseHttpServer (BaseHttpServer.java:newHttpServer2BuilderForOzone(209)) - Starting Web-server for ozoneManager at: http://0.0.0.0:46357
2022-02-14 09:18:51,576 [Listener at 127.0.0.1/42183] INFO  http.BaseHttpServer (BaseHttpServer.java:<init>(107)) - Hadoop Security Enabled: false Ozone Security Enabled: false Ozone HTTP Security Enabled: false 
2022-02-14 09:18:51,578 [Listener at 127.0.0.1/42183] INFO  server.AuthenticationFilter (AuthenticationFilter.java:constructSecretProvider(240)) - Unable to initialize FileSignerSecretProvider, falling back to use random secrets.
2022-02-14 09:18:51,581 [Listener at 127.0.0.1/42183] WARN  http.HttpRequestLog (HttpRequestLog.java:getRequestLog(103)) - Jetty request log can only be enabled using Log4j
2022-02-14 09:18:51,584 [Listener at 127.0.0.1/42183] INFO  http.HttpServer2 (HttpServer2.java:addGlobalFilter(1030)) - Added global filter 'safety' (class=org.apache.hadoop.hdds.server.http.HttpServer2$QuotingInputFilter)
2022-02-14 09:18:51,586 [Listener at 127.0.0.1/42183] INFO  http.HttpServer2 (HttpServer2.java:addFilter(1006)) - Added filter static_user_filter (class=org.apache.hadoop.http.lib.StaticUserWebFilter$StaticUserFilter) to context ozoneManager
2022-02-14 09:18:51,586 [Listener at 127.0.0.1/42183] INFO  http.HttpServer2 (HttpServer2.java:addFilter(1014)) - Added filter static_user_filter (class=org.apache.hadoop.http.lib.StaticUserWebFilter$StaticUserFilter) to context logs
2022-02-14 09:18:51,586 [Listener at 127.0.0.1/42183] INFO  http.HttpServer2 (HttpServer2.java:addFilter(1014)) - Added filter static_user_filter (class=org.apache.hadoop.http.lib.StaticUserWebFilter$StaticUserFilter) to context static
2022-02-14 09:18:51,590 [Listener at 127.0.0.1/42183] INFO  http.HttpServer2 (HttpServer2.java:bindListener(1249)) - Jetty bound to port 46357
2022-02-14 09:18:51,591 [Listener at 127.0.0.1/42183] INFO  server.Server (Server.java:doStart(375)) - jetty-9.4.43.v20210629; built: 2021-06-30T11:07:22.254Z; git: 526006ecfa3af7f1a27ef3a288e2bef7ea9dd7e8; jvm 1.8.0_312-b07
2022-02-14 09:18:51,594 [Listener at 127.0.0.1/42183] INFO  server.session (DefaultSessionIdManager.java:doStart(334)) - DefaultSessionIdManager workerName=node0
2022-02-14 09:18:51,594 [Listener at 127.0.0.1/42183] INFO  server.session (DefaultSessionIdManager.java:doStart(339)) - No SessionScavenger set, using defaults
2022-02-14 09:18:51,595 [Listener at 127.0.0.1/42183] INFO  server.session (HouseKeeper.java:startScavenging(132)) - node0 Scavenging every 600000ms
2022-02-14 09:18:51,595 [Listener at 127.0.0.1/42183] INFO  handler.ContextHandler (ContextHandler.java:doStart(915)) - Started o.e.j.s.ServletContextHandler@3817d886{logs,/logs,file:///home/runner/work/ozone/ozone/hadoop-ozone/integration-test/target/log,AVAILABLE}
2022-02-14 09:18:51,596 [Listener at 127.0.0.1/42183] INFO  handler.ContextHandler (ContextHandler.java:doStart(915)) - Started o.e.j.s.ServletContextHandler@1fe8a2fc{static,/static,file:///home/runner/work/ozone/ozone/hadoop-ozone/integration-test/target/test-classes/webapps/static,AVAILABLE}
2022-02-14 09:18:51,600 [Listener at 127.0.0.1/42183] INFO  handler.ContextHandler (ContextHandler.java:doStart(915)) - Started o.e.j.w.WebAppContext@74baaba6{ozoneManager,/,file:///home/runner/work/ozone/ozone/hadoop-ozone/integration-test/target/test-classes/webapps/ozoneManager/,AVAILABLE}{file:/home/runner/work/ozone/ozone/hadoop-ozone/integration-test/target/test-classes/webapps/ozoneManager}
2022-02-14 09:18:51,601 [Listener at 127.0.0.1/42183] INFO  server.AbstractConnector (AbstractConnector.java:doStart(331)) - Started ServerConnector@38d583cd{HTTP/1.1, (http/1.1)}{0.0.0.0:46357}
2022-02-14 09:18:51,602 [Listener at 127.0.0.1/42183] INFO  server.Server (Server.java:doStart(415)) - Started @17772ms
2022-02-14 09:18:51,602 [Listener at 127.0.0.1/42183] WARN  impl.MetricsSystemImpl (MetricsSystemImpl.java:register(279)) - Sink prometheus already exists!
2022-02-14 09:18:51,602 [Listener at 127.0.0.1/42183] INFO  http.BaseHttpServer (BaseHttpServer.java:updateConnectorAddress(329)) - HTTP server of ozoneManager listening at http://0.0.0.0:46357
2022-02-14 09:18:51,603 [IPC Server Responder] INFO  ipc.Server (Server.java:run(1507)) - IPC Server Responder: starting
2022-02-14 09:18:51,609 [Listener at 127.0.0.1/42183] INFO  om.OzoneManager (OzoneManager.java:startTrashEmptier(1792)) - Trash Interval set to 0. Files deleted will not move to trash
2022-02-14 09:18:51,609 [IPC Server listener on 42183] INFO  ipc.Server (Server.java:run(1344)) - IPC Server listener on 42183: starting
2022-02-14 09:18:51,614 [Listener at 127.0.0.1/42183] INFO  ozone.MiniOzoneHAClusterImpl (MiniOzoneHAClusterImpl.java:createOMService(522)) - Started OzoneManager omNode-3 RPC server at localhost/127.0.0.1:42183
2022-02-14 09:18:51,620 [org.apache.hadoop.util.JvmPauseMonitor$Monitor@3fc0f3c2] INFO  util.JvmPauseMonitor (JvmPauseMonitor.java:run(188)) - Starting JVM pause monitor
2022-02-14 09:18:51,926 [Listener at 127.0.0.1/42183] WARN  impl.MetricRegistriesImpl (MetricRegistriesImpl.java:addReporterRegistration(111)) - New reporters are added after registries were created. Some metrics will be missing from the reporter. Please add reporter before adding any new registry.
2022-02-14 09:18:51,926 [Listener at 127.0.0.1/42183] WARN  impl.MetricRegistriesImpl (MetricRegistriesImpl.java:addReporterRegistration(111)) - New reporters are added after registries were created. Some metrics will be missing from the reporter. Please add reporter before adding any new registry.
2022-02-14 09:18:51,926 [Listener at 127.0.0.1/42183] INFO  impl.MetricsSystemImpl (MetricsSystemImpl.java:init(158)) - HddsDatanode metrics system started (again)
2022-02-14 09:18:51,938 [omNode-1@group-523986131536-FollowerState] INFO  impl.FollowerState (FollowerState.java:run(134)) - omNode-1@group-523986131536-FollowerState: change to CANDIDATE, lastRpcElapsedTime:1108260396ns, electionTimeout:1106ms
2022-02-14 09:18:51,938 [omNode-1@group-523986131536-FollowerState] INFO  impl.RoleInfo (RoleInfo.java:shutdownFollowerState(108)) - omNode-1: shutdown omNode-1@group-523986131536-FollowerState
2022-02-14 09:18:51,939 [omNode-1@group-523986131536-FollowerState] INFO  server.RaftServer$Division (RaftServerImpl.java:setRole(290)) - omNode-1@group-523986131536: changes role from  FOLLOWER to CANDIDATE at term 0 for changeToCandidate
2022-02-14 09:18:51,939 [omNode-1@group-523986131536-FollowerState] INFO  server.RaftServerConfigKeys (ConfUtils.java:logGet(44)) - raft.server.leaderelection.pre-vote = false (custom)
2022-02-14 09:18:51,939 [omNode-1@group-523986131536-FollowerState] INFO  impl.RoleInfo (RoleInfo.java:updateAndGet(130)) - omNode-1: start omNode-1@group-523986131536-LeaderElection3
2022-02-14 09:18:51,949 [Listener at 127.0.0.1/42183] INFO  ozone.HddsDatanodeService (HddsDatanodeService.java:start(234)) - HddsDatanodeService host:fv-az12-997.exdb2aeach2ezidoxz41lk3bwg.cx.internal.cloudapp.net ip:10.1.0.22
2022-02-14 09:18:51,956 [omNode-1@group-523986131536-LeaderElection3] INFO  impl.LeaderElection (LeaderElection.java:askForVotes(306)) - omNode-1@group-523986131536-LeaderElection3 ELECTION round 0: submit vote requests at term 1 for -1: [omNode-3|rpc:localhost:32855|priority:0, omNode-1|rpc:localhost:41377|priority:0, omNode-2|rpc:localhost:39957|priority:0], old=null
2022-02-14 09:18:51,989 [Listener at 127.0.0.1/42183] INFO  upgrade.AbstractLayoutVersionManager (AbstractLayoutVersionManager.java:init(79)) - Initializing Layout version manager with metadata layout = SCM_HA (version = 2), software layout = SCM_HA (version = 2)
2022-02-14 09:18:52,036 [Listener at 127.0.0.1/42183] INFO  reflections.Reflections (Reflections.java:scan(232)) - Reflections took 44 ms to scan 7 urls, producing 119 keys and 279 values 
2022-02-14 09:18:52,040 [Listener at 127.0.0.1/42183] INFO  statemachine.DatanodeStateMachine (DatanodeStateMachine.java:getEndPointTaskThreadPoolSize(222)) - Datanode State Machine Task Thread Pool size 2
2022-02-14 09:18:52,156 [Listener at 127.0.0.1/42183] INFO  volume.HddsVolume (HddsVolume.java:<init>(120)) - Creating HddsVolume: /home/runner/work/ozone/ozone/hadoop-ozone/integration-test/target/test-dir/MiniOzoneClusterImpl-9687bb22-1f81-4155-97c5-ed9e7781f5c1/datanode-0/data-0/containers/hdds of storage type : DISK capacity : 9223372036854775807
2022-02-14 09:18:52,159 [Listener at 127.0.0.1/42183] INFO  volume.MutableVolumeSet (MutableVolumeSet.java:initializeVolumeSet(168)) - Added Volume : /home/runner/work/ozone/ozone/hadoop-ozone/integration-test/target/test-dir/MiniOzoneClusterImpl-9687bb22-1f81-4155-97c5-ed9e7781f5c1/datanode-0/data-0/containers/hdds to VolumeSet
2022-02-14 09:18:52,160 [Listener at 127.0.0.1/42183] INFO  volume.ThrottledAsyncChecker (ThrottledAsyncChecker.java:schedule(141)) - Scheduling a check for /home/runner/work/ozone/ozone/hadoop-ozone/integration-test/target/test-dir/MiniOzoneClusterImpl-9687bb22-1f81-4155-97c5-ed9e7781f5c1/datanode-0/data-0/containers/hdds
2022-02-14 09:18:52,202 [Listener at 127.0.0.1/42183] INFO  volume.StorageVolumeChecker (StorageVolumeChecker.java:checkAllVolumes(202)) - Scheduled health check for volume /home/runner/work/ozone/ozone/hadoop-ozone/integration-test/target/test-dir/MiniOzoneClusterImpl-9687bb22-1f81-4155-97c5-ed9e7781f5c1/datanode-0/data-0/containers/hdds
2022-02-14 09:18:52,223 [Listener at 127.0.0.1/42183] INFO  volume.MutableVolumeSet (MutableVolumeSet.java:initializeVolumeSet(168)) - Added Volume : /home/runner/work/ozone/ozone/hadoop-ozone/integration-test/target/test-dir/MiniOzoneClusterImpl-9687bb22-1f81-4155-97c5-ed9e7781f5c1/datanode-0/data/ratis to VolumeSet
2022-02-14 09:18:52,223 [Listener at 127.0.0.1/42183] INFO  volume.ThrottledAsyncChecker (ThrottledAsyncChecker.java:schedule(141)) - Scheduling a check for /home/runner/work/ozone/ozone/hadoop-ozone/integration-test/target/test-dir/MiniOzoneClusterImpl-9687bb22-1f81-4155-97c5-ed9e7781f5c1/datanode-0/data/ratis
2022-02-14 09:18:52,224 [Listener at 127.0.0.1/42183] INFO  volume.StorageVolumeChecker (StorageVolumeChecker.java:checkAllVolumes(202)) - Scheduled health check for volume /home/runner/work/ozone/ozone/hadoop-ozone/integration-test/target/test-dir/MiniOzoneClusterImpl-9687bb22-1f81-4155-97c5-ed9e7781f5c1/datanode-0/data/ratis
2022-02-14 09:18:52,240 [Thread-228] INFO  ozoneimpl.ContainerReader (ContainerReader.java:readVolume(172)) - Finish verifying containers on volume /home/runner/work/ozone/ozone/hadoop-ozone/integration-test/target/test-dir/MiniOzoneClusterImpl-9687bb22-1f81-4155-97c5-ed9e7781f5c1/datanode-0/data-0/containers/hdds
2022-02-14 09:18:52,240 [Listener at 127.0.0.1/42183] INFO  ozoneimpl.OzoneContainer (OzoneContainer.java:buildContainerSet(237)) - Build ContainerSet costs 0s
2022-02-14 09:18:52,333 [omNode-2@group-523986131536-FollowerState] INFO  impl.FollowerState (FollowerState.java:run(134)) - omNode-2@group-523986131536-FollowerState: change to CANDIDATE, lastRpcElapsedTime:1126503611ns, electionTimeout:1126ms
2022-02-14 09:18:52,333 [omNode-2@group-523986131536-FollowerState] INFO  impl.RoleInfo (RoleInfo.java:shutdownFollowerState(108)) - omNode-2: shutdown omNode-2@group-523986131536-FollowerState
2022-02-14 09:18:52,334 [omNode-2@group-523986131536-FollowerState] INFO  server.RaftServer$Division (RaftServerImpl.java:setRole(290)) - omNode-2@group-523986131536: changes role from  FOLLOWER to CANDIDATE at term 0 for changeToCandidate
2022-02-14 09:18:52,334 [omNode-2@group-523986131536-FollowerState] INFO  server.RaftServerConfigKeys (ConfUtils.java:logGet(44)) - raft.server.leaderelection.pre-vote = false (custom)
2022-02-14 09:18:52,334 [omNode-2@group-523986131536-FollowerState] INFO  impl.RoleInfo (RoleInfo.java:updateAndGet(130)) - omNode-2: start omNode-2@group-523986131536-LeaderElection4
2022-02-14 09:18:52,352 [omNode-2@group-523986131536-LeaderElection4] INFO  impl.LeaderElection (LeaderElection.java:askForVotes(306)) - omNode-2@group-523986131536-LeaderElection4 ELECTION round 0: submit vote requests at term 1 for -1: [omNode-3|rpc:localhost:32855|priority:0, omNode-1|rpc:localhost:41377|priority:0, omNode-2|rpc:localhost:39957|priority:0], old=null
2022-02-14 09:18:52,370 [Listener at 127.0.0.1/42183] INFO  server.RaftServer (ConfUtils.java:logGet(44)) - raft.rpc.type = GRPC (default)
2022-02-14 09:18:52,370 [Listener at 127.0.0.1/42183] INFO  grpc.GrpcFactory (GrpcFactory.java:checkPooledByteBufAllocatorUseCacheForAllThreads(48)) - PERFORMANCE WARNING: useCacheForAllThreads is true that may cause Netty to create a lot garbage objects and, as a result, trigger GC.
	It is recommended to disable useCacheForAllThreads by setting -Dorg.apache.ratis.thirdparty.io.netty.allocator.useCacheForAllThreads=false in command line.
2022-02-14 09:18:52,370 [Listener at 127.0.0.1/42183] INFO  grpc.GrpcConfigKeys (ConfUtils.java:logGet(44)) - raft.grpc.admin.port = 0 (custom)
2022-02-14 09:18:52,373 [Listener at 127.0.0.1/42183] INFO  grpc.GrpcConfigKeys (ConfUtils.java:logGet(44)) - raft.grpc.client.port = 0 (custom)
2022-02-14 09:18:52,373 [Listener at 127.0.0.1/42183] INFO  grpc.GrpcConfigKeys (ConfUtils.java:logGet(44)) - raft.grpc.server.port = 0 (default)
2022-02-14 09:18:52,374 [Listener at 127.0.0.1/42183] INFO  server.GrpcService (ConfUtils.java:logGet(44)) - raft.grpc.message.size.max = 32MB (=33554432) (custom)
2022-02-14 09:18:52,374 [Listener at 127.0.0.1/42183] INFO  server.RaftServerConfigKeys (ConfUtils.java:logGet(44)) - raft.server.log.appender.buffer.byte-limit = 33554432 (custom)
2022-02-14 09:18:52,374 [Listener at 127.0.0.1/42183] INFO  server.GrpcService (ConfUtils.java:logGet(44)) - raft.grpc.flow.control.window = 5MB (=5242880) (custom)
2022-02-14 09:18:52,374 [Listener at 127.0.0.1/42183] INFO  server.RaftServerConfigKeys (ConfUtils.java:logGet(44)) - raft.server.rpc.request.timeout = 60s (custom)
2022-02-14 09:18:52,376 [Listener at 127.0.0.1/42183] INFO  impl.DataStreamServerImpl (ConfUtils.java:logGet(44)) - raft.datastream.type = DISABLED (default)
2022-02-14 09:18:52,376 [Listener at 127.0.0.1/42183] INFO  server.RaftServerConfigKeys (ConfUtils.java:logGet(44)) - raft.server.rpc.slowness.timeout = 300s (custom)
2022-02-14 09:18:52,376 [Listener at 127.0.0.1/42183] INFO  server.RaftServerConfigKeys (ConfUtils.java:logGet(44)) - raft.server.leaderelection.leader.step-down.wait-time = 10s (default)
2022-02-14 09:18:52,377 [Listener at 127.0.0.1/42183] INFO  server.RaftServerConfigKeys (ConfUtils.java:logGet(44)) - raft.server.storage.dir = [/home/runner/work/ozone/ozone/hadoop-ozone/integration-test/target/test-dir/MiniOzoneClusterImpl-9687bb22-1f81-4155-97c5-ed9e7781f5c1/datanode-0/data/ratis] (custom)
2022-02-14 09:18:52,398 [Listener at 127.0.0.1/42183] INFO  server.XceiverServerGrpc (XceiverServerGrpc.java:<init>(132)) - GrpcServer channel type EpollServerSocketChannel
2022-02-14 09:18:52,538 [Listener at 127.0.0.1/42183] INFO  http.BaseHttpServer (BaseHttpServer.java:newHttpServer2BuilderForOzone(209)) - Starting Web-server for hddsDatanode at: http://0.0.0.0:0
2022-02-14 09:18:52,539 [Listener at 127.0.0.1/42183] INFO  http.BaseHttpServer (BaseHttpServer.java:<init>(107)) - Hadoop Security Enabled: false Ozone Security Enabled: false Ozone HTTP Security Enabled: false 
2022-02-14 09:18:52,541 [Listener at 127.0.0.1/42183] INFO  server.AuthenticationFilter (AuthenticationFilter.java:constructSecretProvider(240)) - Unable to initialize FileSignerSecretProvider, falling back to use random secrets.
2022-02-14 09:18:52,542 [Listener at 127.0.0.1/42183] WARN  http.HttpRequestLog (HttpRequestLog.java:getRequestLog(103)) - Jetty request log can only be enabled using Log4j
2022-02-14 09:18:52,543 [Listener at 127.0.0.1/42183] INFO  http.HttpServer2 (HttpServer2.java:addGlobalFilter(1030)) - Added global filter 'safety' (class=org.apache.hadoop.hdds.server.http.HttpServer2$QuotingInputFilter)
2022-02-14 09:18:52,544 [Listener at 127.0.0.1/42183] INFO  http.HttpServer2 (HttpServer2.java:addFilter(1006)) - Added filter static_user_filter (class=org.apache.hadoop.http.lib.StaticUserWebFilter$StaticUserFilter) to context hddsDatanode
2022-02-14 09:18:52,544 [Listener at 127.0.0.1/42183] INFO  http.HttpServer2 (HttpServer2.java:addFilter(1014)) - Added filter static_user_filter (class=org.apache.hadoop.http.lib.StaticUserWebFilter$StaticUserFilter) to context logs
2022-02-14 09:18:52,544 [Listener at 127.0.0.1/42183] INFO  http.HttpServer2 (HttpServer2.java:addFilter(1014)) - Added filter static_user_filter (class=org.apache.hadoop.http.lib.StaticUserWebFilter$StaticUserFilter) to context static
2022-02-14 09:18:52,545 [Listener at 127.0.0.1/42183] INFO  http.HttpServer2 (HttpServer2.java:bindListener(1249)) - Jetty bound to port 44747
2022-02-14 09:18:52,545 [Listener at 127.0.0.1/42183] INFO  server.Server (Server.java:doStart(375)) - jetty-9.4.43.v20210629; built: 2021-06-30T11:07:22.254Z; git: 526006ecfa3af7f1a27ef3a288e2bef7ea9dd7e8; jvm 1.8.0_312-b07
2022-02-14 09:18:52,578 [Listener at 127.0.0.1/42183] INFO  server.session (DefaultSessionIdManager.java:doStart(334)) - DefaultSessionIdManager workerName=node0
2022-02-14 09:18:52,578 [Listener at 127.0.0.1/42183] INFO  server.session (DefaultSessionIdManager.java:doStart(339)) - No SessionScavenger set, using defaults
2022-02-14 09:18:52,582 [Listener at 127.0.0.1/42183] INFO  server.session (HouseKeeper.java:startScavenging(132)) - node0 Scavenging every 660000ms
2022-02-14 09:18:52,592 [Listener at 127.0.0.1/42183] INFO  handler.ContextHandler (ContextHandler.java:doStart(915)) - Started o.e.j.s.ServletContextHandler@65a03e98{logs,/logs,file:///home/runner/work/ozone/ozone/hadoop-ozone/integration-test/target/log,AVAILABLE}
2022-02-14 09:18:52,593 [Listener at 127.0.0.1/42183] INFO  handler.ContextHandler (ContextHandler.java:doStart(915)) - Started o.e.j.s.ServletContextHandler@454be9f6{static,/static,jar:file:/home/runner/.m2/repository/org/apache/ozone/hdds-container-service/1.3.0-SNAPSHOT/hdds-container-service-1.3.0-SNAPSHOT.jar!/webapps/static,AVAILABLE}
2022-02-14 09:18:52,664 [omNode-3@group-523986131536-FollowerState] INFO  impl.FollowerState (FollowerState.java:run(134)) - omNode-3@group-523986131536-FollowerState: change to CANDIDATE, lastRpcElapsedTime:1095485440ns, electionTimeout:1093ms
2022-02-14 09:18:52,665 [omNode-3@group-523986131536-FollowerState] INFO  impl.RoleInfo (RoleInfo.java:shutdownFollowerState(108)) - omNode-3: shutdown omNode-3@group-523986131536-FollowerState
2022-02-14 09:18:52,665 [omNode-3@group-523986131536-FollowerState] INFO  server.RaftServer$Division (RaftServerImpl.java:setRole(290)) - omNode-3@group-523986131536: changes role from  FOLLOWER to CANDIDATE at term 0 for changeToCandidate
2022-02-14 09:18:52,665 [omNode-3@group-523986131536-FollowerState] INFO  server.RaftServerConfigKeys (ConfUtils.java:logGet(44)) - raft.server.leaderelection.pre-vote = false (custom)
2022-02-14 09:18:52,665 [omNode-3@group-523986131536-FollowerState] INFO  impl.RoleInfo (RoleInfo.java:updateAndGet(130)) - omNode-3: start omNode-3@group-523986131536-LeaderElection5
2022-02-14 09:18:52,680 [omNode-3@group-523986131536-LeaderElection5] INFO  impl.LeaderElection (LeaderElection.java:askForVotes(306)) - omNode-3@group-523986131536-LeaderElection5 ELECTION round 0: submit vote requests at term 1 for -1: [omNode-3|rpc:localhost:32855|priority:0, omNode-1|rpc:localhost:41377|priority:0, omNode-2|rpc:localhost:39957|priority:0], old=null
2022-02-14 09:18:52,706 [Listener at 127.0.0.1/42183] INFO  handler.ContextHandler (ContextHandler.java:doStart(915)) - Started o.e.j.w.WebAppContext@778c5658{hddsDatanode,/,file:///tmp/jetty-0_0_0_0-44747-hdds-container-service-1_3_0-SNAPSHOT_jar-_-any-3139881230055173387/webapp/,AVAILABLE}{jar:file:/home/runner/.m2/repository/org/apache/ozone/hdds-container-service/1.3.0-SNAPSHOT/hdds-container-service-1.3.0-SNAPSHOT.jar!/webapps/hddsDatanode}
2022-02-14 09:18:52,726 [Listener at 127.0.0.1/42183] INFO  server.AbstractConnector (AbstractConnector.java:doStart(331)) - Started ServerConnector@568b7ec6{HTTP/1.1, (http/1.1)}{0.0.0.0:44747}
2022-02-14 09:18:52,726 [Listener at 127.0.0.1/42183] INFO  server.Server (Server.java:doStart(415)) - Started @18896ms
2022-02-14 09:18:52,726 [Listener at 127.0.0.1/42183] WARN  impl.MetricsSystemImpl (MetricsSystemImpl.java:register(279)) - Sink prometheus already exists!
2022-02-14 09:18:52,727 [Listener at 127.0.0.1/42183] INFO  http.BaseHttpServer (BaseHttpServer.java:updateConnectorAddress(329)) - HTTP server of hddsDatanode listening at http://0.0.0.0:44747
2022-02-14 09:18:52,730 [Listener at 127.0.0.1/42183] WARN  impl.MetricRegistriesImpl (MetricRegistriesImpl.java:addReporterRegistration(111)) - New reporters are added after registries were created. Some metrics will be missing from the reporter. Please add reporter before adding any new registry.
2022-02-14 09:18:52,730 [Listener at 127.0.0.1/42183] WARN  impl.MetricRegistriesImpl (MetricRegistriesImpl.java:addReporterRegistration(111)) - New reporters are added after registries were created. Some metrics will be missing from the reporter. Please add reporter before adding any new registry.
2022-02-14 09:18:52,730 [Listener at 127.0.0.1/42183] INFO  impl.MetricsSystemImpl (MetricsSystemImpl.java:init(158)) - HddsDatanode metrics system started (again)
2022-02-14 09:18:52,756 [Datanode State Machine Daemon Thread] INFO  statemachine.DatanodeStateMachine (DatanodeStateMachine.java:lambda$startDaemon$0(470)) - Ozone container server started.
2022-02-14 09:18:52,777 [Listener at 127.0.0.1/42183] INFO  ozone.HddsDatanodeService (HddsDatanodeService.java:start(234)) - HddsDatanodeService host:fv-az12-997.exdb2aeach2ezidoxz41lk3bwg.cx.internal.cloudapp.net ip:10.1.0.22
2022-02-14 09:18:52,813 [org.apache.hadoop.util.JvmPauseMonitor$Monitor@3c9ef5e4] INFO  util.JvmPauseMonitor (JvmPauseMonitor.java:run(188)) - Starting JVM pause monitor
2022-02-14 09:18:52,832 [Listener at 127.0.0.1/42183] INFO  upgrade.AbstractLayoutVersionManager (AbstractLayoutVersionManager.java:init(79)) - Initializing Layout version manager with metadata layout = SCM_HA (version = 2), software layout = SCM_HA (version = 2)
2022-02-14 09:18:52,835 [grpc-default-executor-3] INFO  server.RaftServer$Division (RaftServerImpl.java:requestVote(1046)) - omNode-3@group-523986131536: receive requestVote(ELECTION, omNode-2, group-523986131536, 1, (t:0, i:~))
2022-02-14 09:18:52,835 [grpc-default-executor-2] INFO  server.RaftServer$Division (RaftServerImpl.java:requestVote(1046)) - omNode-2@group-523986131536: receive requestVote(ELECTION, omNode-1, group-523986131536, 1, (t:0, i:~))
2022-02-14 09:18:52,839 [grpc-default-executor-4] INFO  server.RaftServer$Division (RaftServerImpl.java:requestVote(1046)) - omNode-1@group-523986131536: receive requestVote(ELECTION, omNode-3, group-523986131536, 1, (t:0, i:~))
2022-02-14 09:18:52,840 [grpc-default-executor-4] INFO  impl.VoteContext (VoteContext.java:log(48)) - omNode-1@group-523986131536-CANDIDATE: reject ELECTION from omNode-3: already has voted for omNode-1 at current term 1
2022-02-14 09:18:52,840 [grpc-default-executor-1] INFO  server.RaftServer$Division (RaftServerImpl.java:requestVote(1046)) - omNode-3@group-523986131536: receive requestVote(ELECTION, omNode-1, group-523986131536, 1, (t:0, i:~))
2022-02-14 09:18:52,841 [grpc-default-executor-0] INFO  server.RaftServer$Division (RaftServerImpl.java:requestVote(1046)) - omNode-1@group-523986131536: receive requestVote(ELECTION, omNode-2, group-523986131536, 1, (t:0, i:~))
2022-02-14 09:18:52,851 [grpc-default-executor-4] INFO  server.RaftServer$Division (RaftServerImpl.java:requestVote(1078)) - omNode-1@group-523986131536 replies to ELECTION vote request: omNode-3<-omNode-1#0:FAIL-t1. Peer's state: omNode-1@group-523986131536:t1, leader=null, voted=omNode-1, raftlog=omNode-1@group-523986131536-SegmentedRaftLog:OPENED:c-1, conf=-1: [omNode-3|rpc:localhost:32855|priority:0, omNode-1|rpc:localhost:41377|priority:0, omNode-2|rpc:localhost:39957|priority:0], old=null
2022-02-14 09:18:52,853 [grpc-default-executor-5] INFO  server.RaftServer$Division (RaftServerImpl.java:requestVote(1046)) - omNode-2@group-523986131536: receive requestVote(ELECTION, omNode-3, group-523986131536, 1, (t:0, i:~))
2022-02-14 09:18:52,845 [grpc-default-executor-2] INFO  impl.VoteContext (VoteContext.java:log(48)) - omNode-2@group-523986131536-CANDIDATE: reject ELECTION from omNode-1: already has voted for omNode-2 at current term 1
2022-02-14 09:18:52,853 [grpc-default-executor-2] INFO  server.RaftServer$Division (RaftServerImpl.java:requestVote(1078)) - omNode-2@group-523986131536 replies to ELECTION vote request: omNode-1<-omNode-2#0:FAIL-t1. Peer's state: omNode-2@group-523986131536:t1, leader=null, voted=omNode-2, raftlog=omNode-2@group-523986131536-SegmentedRaftLog:OPENED:c-1, conf=-1: [omNode-3|rpc:localhost:32855|priority:0, omNode-1|rpc:localhost:41377|priority:0, omNode-2|rpc:localhost:39957|priority:0], old=null
2022-02-14 09:18:52,845 [grpc-default-executor-3] INFO  impl.VoteContext (VoteContext.java:log(48)) - omNode-3@group-523986131536-CANDIDATE: reject ELECTION from omNode-2: already has voted for omNode-3 at current term 1
2022-02-14 09:18:52,860 [grpc-default-executor-3] INFO  server.RaftServer$Division (RaftServerImpl.java:requestVote(1078)) - omNode-3@group-523986131536 replies to ELECTION vote request: omNode-2<-omNode-3#0:FAIL-t1. Peer's state: omNode-3@group-523986131536:t1, leader=null, voted=omNode-3, raftlog=omNode-3@group-523986131536-SegmentedRaftLog:OPENED:c-1, conf=-1: [omNode-3|rpc:localhost:32855|priority:0, omNode-1|rpc:localhost:41377|priority:0, omNode-2|rpc:localhost:39957|priority:0], old=null
2022-02-14 09:18:52,862 [grpc-default-executor-0] INFO  impl.VoteContext (VoteContext.java:log(48)) - omNode-1@group-523986131536-CANDIDATE: reject ELECTION from omNode-2: already has voted for omNode-1 at current term 1
2022-02-14 09:18:52,862 [grpc-default-executor-0] INFO  server.RaftServer$Division (RaftServerImpl.java:requestVote(1078)) - omNode-1@group-523986131536 replies to ELECTION vote request: omNode-2<-omNode-1#0:FAIL-t1. Peer's state: omNode-1@group-523986131536:t1, leader=null, voted=omNode-1, raftlog=omNode-1@group-523986131536-SegmentedRaftLog:OPENED:c-1, conf=-1: [omNode-3|rpc:localhost:32855|priority:0, omNode-1|rpc:localhost:41377|priority:0, omNode-2|rpc:localhost:39957|priority:0], old=null
2022-02-14 09:18:52,865 [grpc-default-executor-1] INFO  impl.VoteContext (VoteContext.java:log(48)) - omNode-3@group-523986131536-CANDIDATE: reject ELECTION from omNode-1: already has voted for omNode-3 at current term 1
2022-02-14 09:18:52,866 [grpc-default-executor-1] INFO  server.RaftServer$Division (RaftServerImpl.java:requestVote(1078)) - omNode-3@group-523986131536 replies to ELECTION vote request: omNode-1<-omNode-3#0:FAIL-t1. Peer's state: omNode-3@group-523986131536:t1, leader=null, voted=omNode-3, raftlog=omNode-3@group-523986131536-SegmentedRaftLog:OPENED:c-1, conf=-1: [omNode-3|rpc:localhost:32855|priority:0, omNode-1|rpc:localhost:41377|priority:0, omNode-2|rpc:localhost:39957|priority:0], old=null
2022-02-14 09:18:52,868 [grpc-default-executor-5] INFO  impl.VoteContext (VoteContext.java:log(48)) - omNode-2@group-523986131536-CANDIDATE: reject ELECTION from omNode-3: already has voted for omNode-2 at current term 1
2022-02-14 09:18:52,868 [grpc-default-executor-5] INFO  server.RaftServer$Division (RaftServerImpl.java:requestVote(1078)) - omNode-2@group-523986131536 replies to ELECTION vote request: omNode-3<-omNode-2#0:FAIL-t1. Peer's state: omNode-2@group-523986131536:t1, leader=null, voted=omNode-2, raftlog=omNode-2@group-523986131536-SegmentedRaftLog:OPENED:c-1, conf=-1: [omNode-3|rpc:localhost:32855|priority:0, omNode-1|rpc:localhost:41377|priority:0, omNode-2|rpc:localhost:39957|priority:0], old=null
2022-02-14 09:18:52,896 [omNode-2@group-523986131536-LeaderElection4] INFO  impl.LeaderElection (LeaderElection.java:logAndReturn(89)) - omNode-2@group-523986131536-LeaderElection4: ELECTION REJECTED received 2 response(s) and 0 exception(s):
2022-02-14 09:18:52,896 [omNode-2@group-523986131536-LeaderElection4] INFO  impl.LeaderElection (LeaderElection.java:logAndReturn(93)) -   Response 0: omNode-2<-omNode-3#0:FAIL-t1
2022-02-14 09:18:52,896 [omNode-2@group-523986131536-LeaderElection4] INFO  impl.LeaderElection (LeaderElection.java:logAndReturn(93)) -   Response 1: omNode-2<-omNode-1#0:FAIL-t1
2022-02-14 09:18:52,896 [omNode-2@group-523986131536-LeaderElection4] INFO  impl.LeaderElection (LeaderElection.java:askForVotes(308)) - omNode-2@group-523986131536-LeaderElection4 ELECTION round 0: result REJECTED
2022-02-14 09:18:52,896 [omNode-1@group-523986131536-LeaderElection3] INFO  impl.LeaderElection (LeaderElection.java:logAndReturn(89)) - omNode-1@group-523986131536-LeaderElection3: ELECTION REJECTED received 2 response(s) and 0 exception(s):
2022-02-14 09:18:52,896 [omNode-1@group-523986131536-LeaderElection3] INFO  impl.LeaderElection (LeaderElection.java:logAndReturn(93)) -   Response 0: omNode-1<-omNode-3#0:FAIL-t1
2022-02-14 09:18:52,896 [omNode-1@group-523986131536-LeaderElection3] INFO  impl.LeaderElection (LeaderElection.java:logAndReturn(93)) -   Response 1: omNode-1<-omNode-2#0:FAIL-t1
2022-02-14 09:18:52,897 [omNode-1@group-523986131536-LeaderElection3] INFO  impl.LeaderElection (LeaderElection.java:askForVotes(308)) - omNode-1@group-523986131536-LeaderElection3 ELECTION round 0: result REJECTED
2022-02-14 09:18:52,898 [omNode-2@group-523986131536-LeaderElection4] INFO  server.RaftServer$Division (RaftServerImpl.java:setRole(290)) - omNode-2@group-523986131536: changes role from CANDIDATE to FOLLOWER at term 1 for REJECTED
2022-02-14 09:18:52,898 [omNode-2@group-523986131536-LeaderElection4] INFO  impl.RoleInfo (RoleInfo.java:shutdownLeaderElection(121)) - omNode-2: shutdown omNode-2@group-523986131536-LeaderElection4
2022-02-14 09:18:52,898 [omNode-2@group-523986131536-LeaderElection4] INFO  impl.RoleInfo (RoleInfo.java:updateAndGet(130)) - omNode-2: start omNode-2@group-523986131536-FollowerState
2022-02-14 09:18:52,898 [omNode-3@group-523986131536-LeaderElection5] INFO  impl.LeaderElection (LeaderElection.java:logAndReturn(89)) - omNode-3@group-523986131536-LeaderElection5: ELECTION REJECTED received 2 response(s) and 0 exception(s):
2022-02-14 09:18:52,898 [omNode-3@group-523986131536-LeaderElection5] INFO  impl.LeaderElection (LeaderElection.java:logAndReturn(93)) -   Response 0: omNode-3<-omNode-1#0:FAIL-t1
2022-02-14 09:18:52,898 [omNode-3@group-523986131536-LeaderElection5] INFO  impl.LeaderElection (LeaderElection.java:logAndReturn(93)) -   Response 1: omNode-3<-omNode-2#0:FAIL-t1
2022-02-14 09:18:52,900 [omNode-1@group-523986131536-LeaderElection3] INFO  server.RaftServer$Division (RaftServerImpl.java:setRole(290)) - omNode-1@group-523986131536: changes role from CANDIDATE to FOLLOWER at term 1 for REJECTED
2022-02-14 09:18:52,900 [omNode-1@group-523986131536-LeaderElection3] INFO  impl.RoleInfo (RoleInfo.java:shutdownLeaderElection(121)) - omNode-1: shutdown omNode-1@group-523986131536-LeaderElection3
2022-02-14 09:18:52,900 [omNode-1@group-523986131536-LeaderElection3] INFO  impl.RoleInfo (RoleInfo.java:updateAndGet(130)) - omNode-1: start omNode-1@group-523986131536-FollowerState
2022-02-14 09:18:52,905 [omNode-3@group-523986131536-LeaderElection5] INFO  impl.LeaderElection (LeaderElection.java:askForVotes(308)) - omNode-3@group-523986131536-LeaderElection5 ELECTION round 0: result REJECTED
2022-02-14 09:18:52,909 [omNode-3@group-523986131536-LeaderElection5] INFO  server.RaftServer$Division (RaftServerImpl.java:setRole(290)) - omNode-3@group-523986131536: changes role from CANDIDATE to FOLLOWER at term 1 for REJECTED
2022-02-14 09:18:52,909 [omNode-3@group-523986131536-LeaderElection5] INFO  impl.RoleInfo (RoleInfo.java:shutdownLeaderElection(121)) - omNode-3: shutdown omNode-3@group-523986131536-LeaderElection5
2022-02-14 09:18:52,909 [omNode-3@group-523986131536-LeaderElection5] INFO  impl.RoleInfo (RoleInfo.java:updateAndGet(130)) - omNode-3: start omNode-3@group-523986131536-FollowerState
2022-02-14 09:18:52,957 [Listener at 127.0.0.1/42183] INFO  reflections.Reflections (Reflections.java:scan(232)) - Reflections took 111 ms to scan 7 urls, producing 119 keys and 279 values 
2022-02-14 09:18:52,959 [Listener at 127.0.0.1/42183] INFO  statemachine.DatanodeStateMachine (DatanodeStateMachine.java:getEndPointTaskThreadPoolSize(222)) - Datanode State Machine Task Thread Pool size 2
2022-02-14 09:18:52,974 [Listener at 127.0.0.1/42183] INFO  volume.HddsVolume (HddsVolume.java:<init>(120)) - Creating HddsVolume: /home/runner/work/ozone/ozone/hadoop-ozone/integration-test/target/test-dir/MiniOzoneClusterImpl-9687bb22-1f81-4155-97c5-ed9e7781f5c1/datanode-1/data-0/containers/hdds of storage type : DISK capacity : 9223372036854775807
2022-02-14 09:18:52,974 [Listener at 127.0.0.1/42183] INFO  volume.MutableVolumeSet (MutableVolumeSet.java:initializeVolumeSet(168)) - Added Volume : /home/runner/work/ozone/ozone/hadoop-ozone/integration-test/target/test-dir/MiniOzoneClusterImpl-9687bb22-1f81-4155-97c5-ed9e7781f5c1/datanode-1/data-0/containers/hdds to VolumeSet
2022-02-14 09:18:52,975 [Listener at 127.0.0.1/42183] INFO  volume.ThrottledAsyncChecker (ThrottledAsyncChecker.java:schedule(141)) - Scheduling a check for /home/runner/work/ozone/ozone/hadoop-ozone/integration-test/target/test-dir/MiniOzoneClusterImpl-9687bb22-1f81-4155-97c5-ed9e7781f5c1/datanode-1/data-0/containers/hdds
2022-02-14 09:18:52,981 [Listener at 127.0.0.1/42183] INFO  volume.StorageVolumeChecker (StorageVolumeChecker.java:checkAllVolumes(202)) - Scheduled health check for volume /home/runner/work/ozone/ozone/hadoop-ozone/integration-test/target/test-dir/MiniOzoneClusterImpl-9687bb22-1f81-4155-97c5-ed9e7781f5c1/datanode-1/data-0/containers/hdds
2022-02-14 09:18:52,994 [Listener at 127.0.0.1/42183] INFO  volume.MutableVolumeSet (MutableVolumeSet.java:initializeVolumeSet(168)) - Added Volume : /home/runner/work/ozone/ozone/hadoop-ozone/integration-test/target/test-dir/MiniOzoneClusterImpl-9687bb22-1f81-4155-97c5-ed9e7781f5c1/datanode-1/data/ratis to VolumeSet
2022-02-14 09:18:52,994 [Listener at 127.0.0.1/42183] INFO  volume.ThrottledAsyncChecker (ThrottledAsyncChecker.java:schedule(141)) - Scheduling a check for /home/runner/work/ozone/ozone/hadoop-ozone/integration-test/target/test-dir/MiniOzoneClusterImpl-9687bb22-1f81-4155-97c5-ed9e7781f5c1/datanode-1/data/ratis
2022-02-14 09:18:52,994 [Listener at 127.0.0.1/42183] INFO  volume.StorageVolumeChecker (StorageVolumeChecker.java:checkAllVolumes(202)) - Scheduled health check for volume /home/runner/work/ozone/ozone/hadoop-ozone/integration-test/target/test-dir/MiniOzoneClusterImpl-9687bb22-1f81-4155-97c5-ed9e7781f5c1/datanode-1/data/ratis
2022-02-14 09:18:53,025 [Thread-249] INFO  ozoneimpl.ContainerReader (ContainerReader.java:readVolume(172)) - Finish verifying containers on volume /home/runner/work/ozone/ozone/hadoop-ozone/integration-test/target/test-dir/MiniOzoneClusterImpl-9687bb22-1f81-4155-97c5-ed9e7781f5c1/datanode-1/data-0/containers/hdds
2022-02-14 09:18:53,028 [Listener at 127.0.0.1/42183] INFO  ozoneimpl.OzoneContainer (OzoneContainer.java:buildContainerSet(237)) - Build ContainerSet costs 0s
2022-02-14 09:18:53,032 [Listener at 127.0.0.1/42183] INFO  server.RaftServer (ConfUtils.java:logGet(44)) - raft.rpc.type = GRPC (default)
2022-02-14 09:18:53,032 [Listener at 127.0.0.1/42183] INFO  grpc.GrpcFactory (GrpcFactory.java:checkPooledByteBufAllocatorUseCacheForAllThreads(48)) - PERFORMANCE WARNING: useCacheForAllThreads is true that may cause Netty to create a lot garbage objects and, as a result, trigger GC.
	It is recommended to disable useCacheForAllThreads by setting -Dorg.apache.ratis.thirdparty.io.netty.allocator.useCacheForAllThreads=false in command line.
2022-02-14 09:18:53,032 [Listener at 127.0.0.1/42183] INFO  grpc.GrpcConfigKeys (ConfUtils.java:logGet(44)) - raft.grpc.admin.port = 0 (custom)
2022-02-14 09:18:53,032 [Listener at 127.0.0.1/42183] INFO  grpc.GrpcConfigKeys (ConfUtils.java:logGet(44)) - raft.grpc.client.port = 0 (custom)
2022-02-14 09:18:53,032 [Listener at 127.0.0.1/42183] INFO  grpc.GrpcConfigKeys (ConfUtils.java:logGet(44)) - raft.grpc.server.port = 0 (default)
2022-02-14 09:18:53,032 [Listener at 127.0.0.1/42183] INFO  server.GrpcService (ConfUtils.java:logGet(44)) - raft.grpc.message.size.max = 32MB (=33554432) (custom)
2022-02-14 09:18:53,032 [Listener at 127.0.0.1/42183] INFO  server.RaftServerConfigKeys (ConfUtils.java:logGet(44)) - raft.server.log.appender.buffer.byte-limit = 33554432 (custom)
2022-02-14 09:18:53,033 [Listener at 127.0.0.1/42183] INFO  server.GrpcService (ConfUtils.java:logGet(44)) - raft.grpc.flow.control.window = 5MB (=5242880) (custom)
2022-02-14 09:18:53,033 [Listener at 127.0.0.1/42183] INFO  server.RaftServerConfigKeys (ConfUtils.java:logGet(44)) - raft.server.rpc.request.timeout = 60s (custom)
2022-02-14 09:18:53,034 [Listener at 127.0.0.1/42183] INFO  impl.DataStreamServerImpl (ConfUtils.java:logGet(44)) - raft.datastream.type = DISABLED (default)
2022-02-14 09:18:53,034 [Listener at 127.0.0.1/42183] INFO  server.RaftServerConfigKeys (ConfUtils.java:logGet(44)) - raft.server.rpc.slowness.timeout = 300s (custom)
2022-02-14 09:18:53,034 [Listener at 127.0.0.1/42183] INFO  server.RaftServerConfigKeys (ConfUtils.java:logGet(44)) - raft.server.leaderelection.leader.step-down.wait-time = 10s (default)
2022-02-14 09:18:53,035 [Listener at 127.0.0.1/42183] INFO  server.RaftServerConfigKeys (ConfUtils.java:logGet(44)) - raft.server.storage.dir = [/home/runner/work/ozone/ozone/hadoop-ozone/integration-test/target/test-dir/MiniOzoneClusterImpl-9687bb22-1f81-4155-97c5-ed9e7781f5c1/datanode-1/data/ratis] (custom)
2022-02-14 09:18:53,036 [Listener at 127.0.0.1/42183] INFO  server.XceiverServerGrpc (XceiverServerGrpc.java:<init>(132)) - GrpcServer channel type EpollServerSocketChannel
2022-02-14 09:18:53,040 [Datanode State Machine Task Thread - 0] INFO  datanode.InitDatanodeState (InitDatanodeState.java:persistContainerDatanodeDetails(145)) - DatanodeDetails is persisted to /home/runner/work/ozone/ozone/hadoop-ozone/integration-test/target/test-dir/MiniOzoneClusterImpl-9687bb22-1f81-4155-97c5-ed9e7781f5c1/datanode-0/meta/datanode.id
2022-02-14 09:18:53,044 [Listener at 127.0.0.1/42183] INFO  http.BaseHttpServer (BaseHttpServer.java:newHttpServer2BuilderForOzone(209)) - Starting Web-server for hddsDatanode at: http://0.0.0.0:0
2022-02-14 09:18:53,044 [Listener at 127.0.0.1/42183] INFO  http.BaseHttpServer (BaseHttpServer.java:<init>(107)) - Hadoop Security Enabled: false Ozone Security Enabled: false Ozone HTTP Security Enabled: false 
2022-02-14 09:18:53,045 [Listener at 127.0.0.1/42183] INFO  server.AuthenticationFilter (AuthenticationFilter.java:constructSecretProvider(240)) - Unable to initialize FileSignerSecretProvider, falling back to use random secrets.
2022-02-14 09:18:53,049 [Listener at 127.0.0.1/42183] WARN  http.HttpRequestLog (HttpRequestLog.java:getRequestLog(103)) - Jetty request log can only be enabled using Log4j
2022-02-14 09:18:53,050 [Listener at 127.0.0.1/42183] INFO  http.HttpServer2 (HttpServer2.java:addGlobalFilter(1030)) - Added global filter 'safety' (class=org.apache.hadoop.hdds.server.http.HttpServer2$QuotingInputFilter)
2022-02-14 09:18:53,051 [Listener at 127.0.0.1/42183] INFO  http.HttpServer2 (HttpServer2.java:addFilter(1006)) - Added filter static_user_filter (class=org.apache.hadoop.http.lib.StaticUserWebFilter$StaticUserFilter) to context hddsDatanode
2022-02-14 09:18:53,051 [Listener at 127.0.0.1/42183] INFO  http.HttpServer2 (HttpServer2.java:addFilter(1014)) - Added filter static_user_filter (class=org.apache.hadoop.http.lib.StaticUserWebFilter$StaticUserFilter) to context static
2022-02-14 09:18:53,051 [Listener at 127.0.0.1/42183] INFO  http.HttpServer2 (HttpServer2.java:addFilter(1014)) - Added filter static_user_filter (class=org.apache.hadoop.http.lib.StaticUserWebFilter$StaticUserFilter) to context logs
2022-02-14 09:18:53,052 [Listener at 127.0.0.1/42183] INFO  http.HttpServer2 (HttpServer2.java:bindListener(1249)) - Jetty bound to port 44327
2022-02-14 09:18:53,052 [Listener at 127.0.0.1/42183] INFO  server.Server (Server.java:doStart(375)) - jetty-9.4.43.v20210629; built: 2021-06-30T11:07:22.254Z; git: 526006ecfa3af7f1a27ef3a288e2bef7ea9dd7e8; jvm 1.8.0_312-b07
2022-02-14 09:18:53,053 [Listener at 127.0.0.1/42183] INFO  server.session (DefaultSessionIdManager.java:doStart(334)) - DefaultSessionIdManager workerName=node0
2022-02-14 09:18:53,054 [Listener at 127.0.0.1/42183] INFO  server.session (DefaultSessionIdManager.java:doStart(339)) - No SessionScavenger set, using defaults
2022-02-14 09:18:53,054 [Listener at 127.0.0.1/42183] INFO  server.session (HouseKeeper.java:startScavenging(132)) - node0 Scavenging every 660000ms
2022-02-14 09:18:53,055 [Listener at 127.0.0.1/42183] INFO  handler.ContextHandler (ContextHandler.java:doStart(915)) - Started o.e.j.s.ServletContextHandler@79620fed{logs,/logs,file:///home/runner/work/ozone/ozone/hadoop-ozone/integration-test/target/log,AVAILABLE}
2022-02-14 09:18:53,055 [Listener at 127.0.0.1/42183] INFO  handler.ContextHandler (ContextHandler.java:doStart(915)) - Started o.e.j.s.ServletContextHandler@5cfed4ee{static,/static,jar:file:/home/runner/.m2/repository/org/apache/ozone/hdds-container-service/1.3.0-SNAPSHOT/hdds-container-service-1.3.0-SNAPSHOT.jar!/webapps/static,AVAILABLE}
2022-02-14 09:18:53,102 [Listener at 127.0.0.1/42183] INFO  handler.ContextHandler (ContextHandler.java:doStart(915)) - Started o.e.j.w.WebAppContext@70ea72e{hddsDatanode,/,file:///tmp/jetty-0_0_0_0-44327-hdds-container-service-1_3_0-SNAPSHOT_jar-_-any-1185439631425012466/webapp/,AVAILABLE}{jar:file:/home/runner/.m2/repository/org/apache/ozone/hdds-container-service/1.3.0-SNAPSHOT/hdds-container-service-1.3.0-SNAPSHOT.jar!/webapps/hddsDatanode}
2022-02-14 09:18:53,104 [Listener at 127.0.0.1/42183] INFO  server.AbstractConnector (AbstractConnector.java:doStart(331)) - Started ServerConnector@4c864fd0{HTTP/1.1, (http/1.1)}{0.0.0.0:44327}
2022-02-14 09:18:53,104 [Listener at 127.0.0.1/42183] INFO  server.Server (Server.java:doStart(415)) - Started @19275ms
2022-02-14 09:18:53,104 [Listener at 127.0.0.1/42183] WARN  impl.MetricsSystemImpl (MetricsSystemImpl.java:register(279)) - Sink prometheus already exists!
2022-02-14 09:18:53,105 [Listener at 127.0.0.1/42183] INFO  http.BaseHttpServer (BaseHttpServer.java:updateConnectorAddress(329)) - HTTP server of hddsDatanode listening at http://0.0.0.0:44327
2022-02-14 09:18:53,109 [Listener at 127.0.0.1/42183] WARN  impl.MetricRegistriesImpl (MetricRegistriesImpl.java:addReporterRegistration(111)) - New reporters are added after registries were created. Some metrics will be missing from the reporter. Please add reporter before adding any new registry.
2022-02-14 09:18:53,109 [Listener at 127.0.0.1/42183] WARN  impl.MetricRegistriesImpl (MetricRegistriesImpl.java:addReporterRegistration(111)) - New reporters are added after registries were created. Some metrics will be missing from the reporter. Please add reporter before adding any new registry.
2022-02-14 09:18:53,109 [Listener at 127.0.0.1/42183] INFO  impl.MetricsSystemImpl (MetricsSystemImpl.java:init(158)) - HddsDatanode metrics system started (again)
2022-02-14 09:18:53,117 [Datanode State Machine Daemon Thread] INFO  statemachine.DatanodeStateMachine (DatanodeStateMachine.java:lambda$startDaemon$0(470)) - Ozone container server started.
2022-02-14 09:18:53,128 [org.apache.hadoop.util.JvmPauseMonitor$Monitor@36ff998b] INFO  util.JvmPauseMonitor (JvmPauseMonitor.java:run(188)) - Starting JVM pause monitor
2022-02-14 09:18:53,143 [Datanode State Machine Task Thread - 0] INFO  datanode.InitDatanodeState (InitDatanodeState.java:persistContainerDatanodeDetails(145)) - DatanodeDetails is persisted to /home/runner/work/ozone/ozone/hadoop-ozone/integration-test/target/test-dir/MiniOzoneClusterImpl-9687bb22-1f81-4155-97c5-ed9e7781f5c1/datanode-1/meta/datanode.id
2022-02-14 09:18:53,146 [Listener at 127.0.0.1/42183] INFO  ozone.HddsDatanodeService (HddsDatanodeService.java:start(234)) - HddsDatanodeService host:fv-az12-997.exdb2aeach2ezidoxz41lk3bwg.cx.internal.cloudapp.net ip:10.1.0.22
2022-02-14 09:18:53,164 [Listener at 127.0.0.1/42183] INFO  upgrade.AbstractLayoutVersionManager (AbstractLayoutVersionManager.java:init(79)) - Initializing Layout version manager with metadata layout = SCM_HA (version = 2), software layout = SCM_HA (version = 2)
2022-02-14 09:18:53,208 [Listener at 127.0.0.1/42183] INFO  reflections.Reflections (Reflections.java:scan(232)) - Reflections took 42 ms to scan 7 urls, producing 119 keys and 279 values 
2022-02-14 09:18:53,210 [Listener at 127.0.0.1/42183] INFO  statemachine.DatanodeStateMachine (DatanodeStateMachine.java:getEndPointTaskThreadPoolSize(222)) - Datanode State Machine Task Thread Pool size 2
2022-02-14 09:18:53,212 [Listener at 127.0.0.1/42183] INFO  volume.HddsVolume (HddsVolume.java:<init>(120)) - Creating HddsVolume: /home/runner/work/ozone/ozone/hadoop-ozone/integration-test/target/test-dir/MiniOzoneClusterImpl-9687bb22-1f81-4155-97c5-ed9e7781f5c1/datanode-2/data-0/containers/hdds of storage type : DISK capacity : 9223372036854775807
2022-02-14 09:18:53,212 [Listener at 127.0.0.1/42183] INFO  volume.MutableVolumeSet (MutableVolumeSet.java:initializeVolumeSet(168)) - Added Volume : /home/runner/work/ozone/ozone/hadoop-ozone/integration-test/target/test-dir/MiniOzoneClusterImpl-9687bb22-1f81-4155-97c5-ed9e7781f5c1/datanode-2/data-0/containers/hdds to VolumeSet
2022-02-14 09:18:53,212 [Listener at 127.0.0.1/42183] INFO  volume.ThrottledAsyncChecker (ThrottledAsyncChecker.java:schedule(141)) - Scheduling a check for /home/runner/work/ozone/ozone/hadoop-ozone/integration-test/target/test-dir/MiniOzoneClusterImpl-9687bb22-1f81-4155-97c5-ed9e7781f5c1/datanode-2/data-0/containers/hdds
2022-02-14 09:18:53,213 [Listener at 127.0.0.1/42183] INFO  volume.StorageVolumeChecker (StorageVolumeChecker.java:checkAllVolumes(202)) - Scheduled health check for volume /home/runner/work/ozone/ozone/hadoop-ozone/integration-test/target/test-dir/MiniOzoneClusterImpl-9687bb22-1f81-4155-97c5-ed9e7781f5c1/datanode-2/data-0/containers/hdds
2022-02-14 09:18:53,226 [Listener at 127.0.0.1/42183] INFO  volume.MutableVolumeSet (MutableVolumeSet.java:initializeVolumeSet(168)) - Added Volume : /home/runner/work/ozone/ozone/hadoop-ozone/integration-test/target/test-dir/MiniOzoneClusterImpl-9687bb22-1f81-4155-97c5-ed9e7781f5c1/datanode-2/data/ratis to VolumeSet
2022-02-14 09:18:53,227 [Listener at 127.0.0.1/42183] INFO  volume.ThrottledAsyncChecker (ThrottledAsyncChecker.java:schedule(141)) - Scheduling a check for /home/runner/work/ozone/ozone/hadoop-ozone/integration-test/target/test-dir/MiniOzoneClusterImpl-9687bb22-1f81-4155-97c5-ed9e7781f5c1/datanode-2/data/ratis
2022-02-14 09:18:53,227 [Listener at 127.0.0.1/42183] INFO  volume.StorageVolumeChecker (StorageVolumeChecker.java:checkAllVolumes(202)) - Scheduled health check for volume /home/runner/work/ozone/ozone/hadoop-ozone/integration-test/target/test-dir/MiniOzoneClusterImpl-9687bb22-1f81-4155-97c5-ed9e7781f5c1/datanode-2/data/ratis
2022-02-14 09:18:53,239 [Thread-261] INFO  ozoneimpl.ContainerReader (ContainerReader.java:readVolume(172)) - Finish verifying containers on volume /home/runner/work/ozone/ozone/hadoop-ozone/integration-test/target/test-dir/MiniOzoneClusterImpl-9687bb22-1f81-4155-97c5-ed9e7781f5c1/datanode-2/data-0/containers/hdds
2022-02-14 09:18:53,239 [Listener at 127.0.0.1/42183] INFO  ozoneimpl.OzoneContainer (OzoneContainer.java:buildContainerSet(237)) - Build ContainerSet costs 0s
2022-02-14 09:18:53,243 [Listener at 127.0.0.1/42183] INFO  server.RaftServer (ConfUtils.java:logGet(44)) - raft.rpc.type = GRPC (default)
2022-02-14 09:18:53,243 [Listener at 127.0.0.1/42183] INFO  grpc.GrpcFactory (GrpcFactory.java:checkPooledByteBufAllocatorUseCacheForAllThreads(48)) - PERFORMANCE WARNING: useCacheForAllThreads is true that may cause Netty to create a lot garbage objects and, as a result, trigger GC.
	It is recommended to disable useCacheForAllThreads by setting -Dorg.apache.ratis.thirdparty.io.netty.allocator.useCacheForAllThreads=false in command line.
2022-02-14 09:18:53,243 [Listener at 127.0.0.1/42183] INFO  grpc.GrpcConfigKeys (ConfUtils.java:logGet(44)) - raft.grpc.admin.port = 0 (custom)
2022-02-14 09:18:53,243 [Listener at 127.0.0.1/42183] INFO  grpc.GrpcConfigKeys (ConfUtils.java:logGet(44)) - raft.grpc.client.port = 0 (custom)
2022-02-14 09:18:53,243 [Listener at 127.0.0.1/42183] INFO  grpc.GrpcConfigKeys (ConfUtils.java:logGet(44)) - raft.grpc.server.port = 0 (default)
2022-02-14 09:18:53,243 [Listener at 127.0.0.1/42183] INFO  server.GrpcService (ConfUtils.java:logGet(44)) - raft.grpc.message.size.max = 32MB (=33554432) (custom)
2022-02-14 09:18:53,244 [Listener at 127.0.0.1/42183] INFO  server.RaftServerConfigKeys (ConfUtils.java:logGet(44)) - raft.server.log.appender.buffer.byte-limit = 33554432 (custom)
2022-02-14 09:18:53,244 [Listener at 127.0.0.1/42183] INFO  server.GrpcService (ConfUtils.java:logGet(44)) - raft.grpc.flow.control.window = 5MB (=5242880) (custom)
2022-02-14 09:18:53,244 [Listener at 127.0.0.1/42183] INFO  server.RaftServerConfigKeys (ConfUtils.java:logGet(44)) - raft.server.rpc.request.timeout = 60s (custom)
2022-02-14 09:18:53,245 [Listener at 127.0.0.1/42183] INFO  impl.DataStreamServerImpl (ConfUtils.java:logGet(44)) - raft.datastream.type = DISABLED (default)
2022-02-14 09:18:53,245 [Listener at 127.0.0.1/42183] INFO  server.RaftServerConfigKeys (ConfUtils.java:logGet(44)) - raft.server.rpc.slowness.timeout = 300s (custom)
2022-02-14 09:18:53,246 [Listener at 127.0.0.1/42183] INFO  server.RaftServerConfigKeys (ConfUtils.java:logGet(44)) - raft.server.leaderelection.leader.step-down.wait-time = 10s (default)
2022-02-14 09:18:53,246 [Listener at 127.0.0.1/42183] INFO  server.RaftServerConfigKeys (ConfUtils.java:logGet(44)) - raft.server.storage.dir = [/home/runner/work/ozone/ozone/hadoop-ozone/integration-test/target/test-dir/MiniOzoneClusterImpl-9687bb22-1f81-4155-97c5-ed9e7781f5c1/datanode-2/data/ratis] (custom)
2022-02-14 09:18:53,247 [Listener at 127.0.0.1/42183] INFO  server.XceiverServerGrpc (XceiverServerGrpc.java:<init>(132)) - GrpcServer channel type EpollServerSocketChannel
2022-02-14 09:18:53,254 [Listener at 127.0.0.1/42183] INFO  http.BaseHttpServer (BaseHttpServer.java:newHttpServer2BuilderForOzone(209)) - Starting Web-server for hddsDatanode at: http://0.0.0.0:0
2022-02-14 09:18:53,254 [Listener at 127.0.0.1/42183] INFO  http.BaseHttpServer (BaseHttpServer.java:<init>(107)) - Hadoop Security Enabled: false Ozone Security Enabled: false Ozone HTTP Security Enabled: false 
2022-02-14 09:18:53,256 [Listener at 127.0.0.1/42183] INFO  server.AuthenticationFilter (AuthenticationFilter.java:constructSecretProvider(240)) - Unable to initialize FileSignerSecretProvider, falling back to use random secrets.
2022-02-14 09:18:53,257 [Listener at 127.0.0.1/42183] WARN  http.HttpRequestLog (HttpRequestLog.java:getRequestLog(103)) - Jetty request log can only be enabled using Log4j
2022-02-14 09:18:53,258 [Listener at 127.0.0.1/42183] INFO  http.HttpServer2 (HttpServer2.java:addGlobalFilter(1030)) - Added global filter 'safety' (class=org.apache.hadoop.hdds.server.http.HttpServer2$QuotingInputFilter)
2022-02-14 09:18:53,259 [Listener at 127.0.0.1/42183] INFO  http.HttpServer2 (HttpServer2.java:addFilter(1006)) - Added filter static_user_filter (class=org.apache.hadoop.http.lib.StaticUserWebFilter$StaticUserFilter) to context hddsDatanode
2022-02-14 09:18:53,259 [Listener at 127.0.0.1/42183] INFO  http.HttpServer2 (HttpServer2.java:addFilter(1014)) - Added filter static_user_filter (class=org.apache.hadoop.http.lib.StaticUserWebFilter$StaticUserFilter) to context logs
2022-02-14 09:18:53,259 [Listener at 127.0.0.1/42183] INFO  http.HttpServer2 (HttpServer2.java:addFilter(1014)) - Added filter static_user_filter (class=org.apache.hadoop.http.lib.StaticUserWebFilter$StaticUserFilter) to context static
2022-02-14 09:18:53,260 [Listener at 127.0.0.1/42183] INFO  http.HttpServer2 (HttpServer2.java:bindListener(1249)) - Jetty bound to port 46269
2022-02-14 09:18:53,260 [Listener at 127.0.0.1/42183] INFO  server.Server (Server.java:doStart(375)) - jetty-9.4.43.v20210629; built: 2021-06-30T11:07:22.254Z; git: 526006ecfa3af7f1a27ef3a288e2bef7ea9dd7e8; jvm 1.8.0_312-b07
2022-02-14 09:18:53,266 [Listener at 127.0.0.1/42183] INFO  server.session (DefaultSessionIdManager.java:doStart(334)) - DefaultSessionIdManager workerName=node0
2022-02-14 09:18:53,266 [Listener at 127.0.0.1/42183] INFO  server.session (DefaultSessionIdManager.java:doStart(339)) - No SessionScavenger set, using defaults
2022-02-14 09:18:53,267 [Listener at 127.0.0.1/42183] INFO  server.session (HouseKeeper.java:startScavenging(132)) - node0 Scavenging every 660000ms
2022-02-14 09:18:53,267 [Listener at 127.0.0.1/42183] INFO  handler.ContextHandler (ContextHandler.java:doStart(915)) - Started o.e.j.s.ServletContextHandler@30eb4739{logs,/logs,file:///home/runner/work/ozone/ozone/hadoop-ozone/integration-test/target/log,AVAILABLE}
2022-02-14 09:18:53,268 [Listener at 127.0.0.1/42183] INFO  handler.ContextHandler (ContextHandler.java:doStart(915)) - Started o.e.j.s.ServletContextHandler@1b2f18bd{static,/static,jar:file:/home/runner/.m2/repository/org/apache/ozone/hdds-container-service/1.3.0-SNAPSHOT/hdds-container-service-1.3.0-SNAPSHOT.jar!/webapps/static,AVAILABLE}
2022-02-14 09:18:53,315 [Listener at 127.0.0.1/42183] INFO  handler.ContextHandler (ContextHandler.java:doStart(915)) - Started o.e.j.w.WebAppContext@1c5f6c2{hddsDatanode,/,file:///tmp/jetty-0_0_0_0-46269-hdds-container-service-1_3_0-SNAPSHOT_jar-_-any-4348801063852412611/webapp/,AVAILABLE}{jar:file:/home/runner/.m2/repository/org/apache/ozone/hdds-container-service/1.3.0-SNAPSHOT/hdds-container-service-1.3.0-SNAPSHOT.jar!/webapps/hddsDatanode}
2022-02-14 09:18:53,317 [Listener at 127.0.0.1/42183] INFO  server.AbstractConnector (AbstractConnector.java:doStart(331)) - Started ServerConnector@3519f35{HTTP/1.1, (http/1.1)}{0.0.0.0:46269}
2022-02-14 09:18:53,317 [Listener at 127.0.0.1/42183] INFO  server.Server (Server.java:doStart(415)) - Started @19487ms
2022-02-14 09:18:53,317 [Listener at 127.0.0.1/42183] WARN  impl.MetricsSystemImpl (MetricsSystemImpl.java:register(279)) - Sink prometheus already exists!
2022-02-14 09:18:53,318 [Listener at 127.0.0.1/42183] INFO  http.BaseHttpServer (BaseHttpServer.java:updateConnectorAddress(329)) - HTTP server of hddsDatanode listening at http://0.0.0.0:46269
2022-02-14 09:18:53,318 [Datanode State Machine Daemon Thread] INFO  statemachine.DatanodeStateMachine (DatanodeStateMachine.java:lambda$startDaemon$0(470)) - Ozone container server started.
2022-02-14 09:18:53,320 [Listener at 127.0.0.1/42183] INFO  ozone.MiniOzoneClusterImpl (MiniOzoneClusterImpl.java:lambda$waitForClusterToBeReady$0(219)) - Waiting for nodes to be ready. Got 0 of 3 DN Heartbeats.
2022-02-14 09:18:53,321 [Listener at 127.0.0.1/42183] INFO  ozone.MiniOzoneClusterImpl (MiniOzoneClusterImpl.java:lambda$waitForClusterToBeReady$0(222)) - Waiting for cluster to exit safe mode
2022-02-14 09:18:53,321 [Listener at 127.0.0.1/42183] INFO  ozone.MiniOzoneClusterImpl (MiniOzoneClusterImpl.java:lambda$waitForClusterToBeReady$0(224)) - SCM became leader
2022-02-14 09:18:53,326 [org.apache.hadoop.util.JvmPauseMonitor$Monitor@308dc323] INFO  util.JvmPauseMonitor (JvmPauseMonitor.java:run(188)) - Starting JVM pause monitor
2022-02-14 09:18:53,328 [Datanode State Machine Task Thread - 0] INFO  datanode.InitDatanodeState (InitDatanodeState.java:persistContainerDatanodeDetails(145)) - DatanodeDetails is persisted to /home/runner/work/ozone/ozone/hadoop-ozone/integration-test/target/test-dir/MiniOzoneClusterImpl-9687bb22-1f81-4155-97c5-ed9e7781f5c1/datanode-2/meta/datanode.id
2022-02-14 09:18:53,975 [omNode-2@group-523986131536-FollowerState] INFO  impl.FollowerState (FollowerState.java:run(134)) - omNode-2@group-523986131536-FollowerState: change to CANDIDATE, lastRpcElapsedTime:1077091592ns, electionTimeout:1070ms
2022-02-14 09:18:53,975 [omNode-2@group-523986131536-FollowerState] INFO  impl.RoleInfo (RoleInfo.java:shutdownFollowerState(108)) - omNode-2: shutdown omNode-2@group-523986131536-FollowerState
2022-02-14 09:18:53,975 [omNode-2@group-523986131536-FollowerState] INFO  server.RaftServer$Division (RaftServerImpl.java:setRole(290)) - omNode-2@group-523986131536: changes role from  FOLLOWER to CANDIDATE at term 1 for changeToCandidate
2022-02-14 09:18:53,979 [omNode-2@group-523986131536-FollowerState] INFO  server.RaftServerConfigKeys (ConfUtils.java:logGet(44)) - raft.server.leaderelection.pre-vote = false (custom)
2022-02-14 09:18:53,979 [omNode-2@group-523986131536-FollowerState] INFO  impl.RoleInfo (RoleInfo.java:updateAndGet(130)) - omNode-2: start omNode-2@group-523986131536-LeaderElection6
2022-02-14 09:18:53,985 [omNode-2@group-523986131536-LeaderElection6] INFO  impl.LeaderElection (LeaderElection.java:askForVotes(306)) - omNode-2@group-523986131536-LeaderElection6 ELECTION round 0: submit vote requests at term 2 for -1: [omNode-3|rpc:localhost:32855|priority:0, omNode-1|rpc:localhost:41377|priority:0, omNode-2|rpc:localhost:39957|priority:0], old=null
2022-02-14 09:18:53,997 [grpc-default-executor-5] INFO  server.RaftServer$Division (RaftServerImpl.java:requestVote(1046)) - omNode-1@group-523986131536: receive requestVote(ELECTION, omNode-2, group-523986131536, 2, (t:0, i:~))
2022-02-14 09:18:53,997 [grpc-default-executor-1] INFO  server.RaftServer$Division (RaftServerImpl.java:requestVote(1046)) - omNode-3@group-523986131536: receive requestVote(ELECTION, omNode-2, group-523986131536, 2, (t:0, i:~))
2022-02-14 09:18:53,998 [grpc-default-executor-1] INFO  impl.VoteContext (VoteContext.java:log(48)) - omNode-3@group-523986131536-FOLLOWER: accept ELECTION from omNode-2: our priority 0 <= candidate's priority 0
2022-02-14 09:18:53,998 [grpc-default-executor-1] INFO  server.RaftServer$Division (RaftServerImpl.java:setRole(290)) - omNode-3@group-523986131536: changes role from  FOLLOWER to FOLLOWER at term 2 for candidate:omNode-2
2022-02-14 09:18:53,998 [grpc-default-executor-1] INFO  impl.RoleInfo (RoleInfo.java:shutdownFollowerState(108)) - omNode-3: shutdown omNode-3@group-523986131536-FollowerState
2022-02-14 09:18:53,999 [grpc-default-executor-1] INFO  impl.RoleInfo (RoleInfo.java:updateAndGet(130)) - omNode-3: start omNode-3@group-523986131536-FollowerState
2022-02-14 09:18:53,998 [grpc-default-executor-5] INFO  impl.VoteContext (VoteContext.java:log(48)) - omNode-1@group-523986131536-FOLLOWER: accept ELECTION from omNode-2: our priority 0 <= candidate's priority 0
2022-02-14 09:18:53,999 [omNode-3@group-523986131536-FollowerState] INFO  impl.FollowerState (FollowerState.java:run(143)) - omNode-3@group-523986131536-FollowerState was interrupted: {}
java.lang.InterruptedException: sleep interrupted
	at java.lang.Thread.sleep(Native Method)
	at java.lang.Thread.sleep(Thread.java:340)
	at java.util.concurrent.TimeUnit.sleep(TimeUnit.java:386)
	at org.apache.ratis.util.TimeDuration.sleep(TimeDuration.java:324)
	at org.apache.ratis.util.TimeDuration.sleep(TimeDuration.java:309)
	at org.apache.ratis.server.impl.FollowerState.run(FollowerState.java:118)
2022-02-14 09:18:53,999 [grpc-default-executor-5] INFO  server.RaftServer$Division (RaftServerImpl.java:setRole(290)) - omNode-1@group-523986131536: changes role from  FOLLOWER to FOLLOWER at term 2 for candidate:omNode-2
2022-02-14 09:18:54,000 [grpc-default-executor-5] INFO  impl.RoleInfo (RoleInfo.java:shutdownFollowerState(108)) - omNode-1: shutdown omNode-1@group-523986131536-FollowerState
2022-02-14 09:18:54,000 [grpc-default-executor-5] INFO  impl.RoleInfo (RoleInfo.java:updateAndGet(130)) - omNode-1: start omNode-1@group-523986131536-FollowerState
2022-02-14 09:18:54,000 [omNode-1@group-523986131536-FollowerState] INFO  impl.FollowerState (FollowerState.java:run(143)) - omNode-1@group-523986131536-FollowerState was interrupted: {}
java.lang.InterruptedException: sleep interrupted
	at java.lang.Thread.sleep(Native Method)
	at java.lang.Thread.sleep(Thread.java:340)
	at java.util.concurrent.TimeUnit.sleep(TimeUnit.java:386)
	at org.apache.ratis.util.TimeDuration.sleep(TimeDuration.java:324)
	at org.apache.ratis.util.TimeDuration.sleep(TimeDuration.java:309)
	at org.apache.ratis.server.impl.FollowerState.run(FollowerState.java:118)
2022-02-14 09:18:54,004 [grpc-default-executor-5] INFO  server.RaftServer$Division (RaftServerImpl.java:requestVote(1078)) - omNode-1@group-523986131536 replies to ELECTION vote request: omNode-2<-omNode-1#0:OK-t2. Peer's state: omNode-1@group-523986131536:t2, leader=null, voted=omNode-2, raftlog=omNode-1@group-523986131536-SegmentedRaftLog:OPENED:c-1, conf=-1: [omNode-3|rpc:localhost:32855|priority:0, omNode-1|rpc:localhost:41377|priority:0, omNode-2|rpc:localhost:39957|priority:0], old=null
2022-02-14 09:18:54,010 [grpc-default-executor-1] INFO  server.RaftServer$Division (RaftServerImpl.java:requestVote(1078)) - omNode-3@group-523986131536 replies to ELECTION vote request: omNode-2<-omNode-3#0:OK-t2. Peer's state: omNode-3@group-523986131536:t2, leader=null, voted=omNode-2, raftlog=omNode-3@group-523986131536-SegmentedRaftLog:OPENED:c-1, conf=-1: [omNode-3|rpc:localhost:32855|priority:0, omNode-1|rpc:localhost:41377|priority:0, omNode-2|rpc:localhost:39957|priority:0], old=null
2022-02-14 09:18:54,011 [omNode-2@group-523986131536-LeaderElection6] INFO  impl.LeaderElection (LeaderElection.java:logAndReturn(89)) - omNode-2@group-523986131536-LeaderElection6: ELECTION PASSED received 1 response(s) and 0 exception(s):
2022-02-14 09:18:54,011 [omNode-2@group-523986131536-LeaderElection6] INFO  impl.LeaderElection (LeaderElection.java:logAndReturn(93)) -   Response 0: omNode-2<-omNode-1#0:OK-t2
2022-02-14 09:18:54,011 [omNode-2@group-523986131536-LeaderElection6] INFO  impl.LeaderElection (LeaderElection.java:askForVotes(308)) - omNode-2@group-523986131536-LeaderElection6 ELECTION round 0: result PASSED
2022-02-14 09:18:54,011 [omNode-2@group-523986131536-LeaderElection6] INFO  impl.RoleInfo (RoleInfo.java:shutdownLeaderElection(121)) - omNode-2: shutdown omNode-2@group-523986131536-LeaderElection6
2022-02-14 09:18:54,011 [omNode-2@group-523986131536-LeaderElection6] INFO  server.RaftServer$Division (RaftServerImpl.java:setRole(290)) - omNode-2@group-523986131536: changes role from CANDIDATE to LEADER at term 2 for changeToLeader
2022-02-14 09:18:54,011 [omNode-2@group-523986131536-LeaderElection6] INFO  server.RaftServer$Division (ServerState.java:setLeader(285)) - omNode-2@group-523986131536: change Leader from null to omNode-2 at term 2 for becomeLeader, leader elected after 2848ms
2022-02-14 09:18:54,012 [omNode-2@group-523986131536-LeaderElection6] INFO  server.RaftServerConfigKeys (ConfUtils.java:logGet(44)) - raft.server.staging.catchup.gap = 1000 (default)
2022-02-14 09:18:54,012 [omNode-2@group-523986131536-LeaderElection6] INFO  server.RaftServerConfigKeys (ConfUtils.java:logGet(44)) - raft.server.write.element-limit = 4096 (default)
2022-02-14 09:18:54,012 [omNode-2@group-523986131536-LeaderElection6] INFO  server.RaftServerConfigKeys (ConfUtils.java:logGet(44)) - raft.server.write.byte-limit = 64MB (=67108864) (default)
2022-02-14 09:18:54,012 [omNode-2@group-523986131536-LeaderElection6] INFO  server.RaftServerConfigKeys (ConfUtils.java:logGet(44)) - raft.server.watch.timeout = 10s (default)
2022-02-14 09:18:54,012 [omNode-2@group-523986131536-LeaderElection6] INFO  server.RaftServerConfigKeys (ConfUtils.java:logGet(44)) - raft.server.watch.timeout.denomination = 1s (default)
2022-02-14 09:18:54,012 [omNode-2@group-523986131536-LeaderElection6] INFO  server.RaftServerConfigKeys (ConfUtils.java:logGet(44)) - raft.server.watch.element-limit = 65536 (default)
2022-02-14 09:18:54,013 [omNode-2@group-523986131536-LeaderElection6] INFO  server.RaftServerConfigKeys (ConfUtils.java:logGet(44)) - raft.server.write.element-limit = 4096 (default)
2022-02-14 09:18:54,013 [omNode-2@group-523986131536-LeaderElection6] INFO  server.RaftServerConfigKeys (ConfUtils.java:logGet(44)) - raft.server.write.follower.gap.ratio.max = -1.0 (default)
2022-02-14 09:18:54,019 [omNode-2@group-523986131536-LeaderElection6] INFO  server.RaftServerConfigKeys (ConfUtils.java:logGet(44)) - raft.server.log.appender.snapshot.chunk.size.max = 16MB (=16777216) (default)
2022-02-14 09:18:54,025 [omNode-2@group-523986131536-LeaderElection6] INFO  server.RaftServerConfigKeys (ConfUtils.java:logGet(44)) - raft.server.log.appender.buffer.byte-limit = 33554432 (custom)
2022-02-14 09:18:54,026 [omNode-2@group-523986131536-LeaderElection6] INFO  server.RaftServerConfigKeys (ConfUtils.java:logGet(44)) - raft.server.log.appender.buffer.element-limit = 1024 (custom)
2022-02-14 09:18:54,029 [omNode-2@group-523986131536-LeaderElection6] INFO  grpc.GrpcConfigKeys (ConfUtils.java:logGet(44)) - raft.grpc.server.leader.outstanding.appends.max = 128 (default)
2022-02-14 09:18:54,029 [omNode-2@group-523986131536-LeaderElection6] INFO  server.RaftServerConfigKeys (ConfUtils.java:logGet(44)) - raft.server.rpc.request.timeout = 3000ms (default)
2022-02-14 09:18:54,029 [omNode-2@group-523986131536-LeaderElection6] INFO  server.RaftServerConfigKeys (ConfUtils.java:logGet(44)) - raft.server.log.appender.install.snapshot.enabled = false (custom)
2022-02-14 09:18:54,034 [omNode-2@group-523986131536-LeaderElection6] INFO  server.RaftServerConfigKeys (ConfUtils.java:logGet(44)) - raft.server.log.appender.snapshot.chunk.size.max = 16MB (=16777216) (default)
2022-02-14 09:18:54,034 [omNode-2@group-523986131536-LeaderElection6] INFO  server.RaftServerConfigKeys (ConfUtils.java:logGet(44)) - raft.server.log.appender.buffer.byte-limit = 33554432 (custom)
2022-02-14 09:18:54,034 [omNode-2@group-523986131536-LeaderElection6] INFO  server.RaftServerConfigKeys (ConfUtils.java:logGet(44)) - raft.server.log.appender.buffer.element-limit = 1024 (custom)
2022-02-14 09:18:54,035 [omNode-2@group-523986131536-LeaderElection6] INFO  grpc.GrpcConfigKeys (ConfUtils.java:logGet(44)) - raft.grpc.server.leader.outstanding.appends.max = 128 (default)
2022-02-14 09:18:54,035 [omNode-2@group-523986131536-LeaderElection6] INFO  server.RaftServerConfigKeys (ConfUtils.java:logGet(44)) - raft.server.rpc.request.timeout = 3000ms (default)
2022-02-14 09:18:54,035 [omNode-2@group-523986131536-LeaderElection6] INFO  server.RaftServerConfigKeys (ConfUtils.java:logGet(44)) - raft.server.log.appender.install.snapshot.enabled = false (custom)
2022-02-14 09:18:54,038 [omNode-2@group-523986131536-LeaderElection6] INFO  impl.RoleInfo (RoleInfo.java:updateAndGet(130)) - omNode-2: start omNode-2@group-523986131536-LeaderStateImpl
2022-02-14 09:18:54,038 [omNode-2@group-523986131536-LeaderElection6] INFO  segmented.SegmentedRaftLogWorker (SegmentedRaftLogWorker.java:startLogSegment(394)) - omNode-2@group-523986131536-SegmentedRaftLogWorker: Starting segment from index:0
2022-02-14 09:18:54,049 [omNode-2@group-523986131536-LeaderElection6] INFO  server.RaftServer$Division (ServerState.java:setRaftConf(387)) - omNode-2@group-523986131536: set configuration 0: [omNode-3|rpc:localhost:32855|admin:|client:|dataStream:|priority:0, omNode-1|rpc:localhost:41377|admin:|client:|dataStream:|priority:0, omNode-2|rpc:localhost:39957|admin:|client:|dataStream:|priority:0], old=null
2022-02-14 09:18:54,065 [omNode-2@group-523986131536-SegmentedRaftLogWorker] INFO  segmented.SegmentedRaftLogWorker (SegmentedRaftLogWorker.java:execute(601)) - omNode-2@group-523986131536-SegmentedRaftLogWorker: created new log segment /home/runner/work/ozone/ozone/hadoop-ozone/integration-test/target/test-dir/MiniOzoneClusterImpl-9687bb22-1f81-4155-97c5-ed9e7781f5c1/omNode-2/ratis/c9bc4cf4-3bc3-3c60-a66b-523986131536/current/log_inprogress_0
2022-02-14 09:18:54,082 [grpc-default-executor-1] INFO  server.RaftServer$Division (ServerState.java:setLeader(285)) - omNode-3@group-523986131536: change Leader from null to omNode-2 at term 2 for appendEntries, leader elected after 2556ms
2022-02-14 09:18:54,105 [grpc-default-executor-1] INFO  server.RaftServer$Division (ServerState.java:setLeader(285)) - omNode-1@group-523986131536: change Leader from null to omNode-2 at term 2 for appendEntries, leader elected after 3352ms
2022-02-14 09:18:54,118 [grpc-default-executor-5] INFO  server.RaftServer$Division (ServerState.java:setRaftConf(387)) - omNode-3@group-523986131536: set configuration 0: [omNode-3|rpc:localhost:32855|admin:|client:|dataStream:|priority:0, omNode-1|rpc:localhost:41377|admin:|client:|dataStream:|priority:0, omNode-2|rpc:localhost:39957|admin:|client:|dataStream:|priority:0], old=null
2022-02-14 09:18:54,119 [grpc-default-executor-5] INFO  segmented.SegmentedRaftLogWorker (SegmentedRaftLogWorker.java:startLogSegment(394)) - omNode-3@group-523986131536-SegmentedRaftLogWorker: Starting segment from index:0
2022-02-14 09:18:54,118 [grpc-default-executor-0] INFO  server.RaftServer$Division (ServerState.java:setRaftConf(387)) - omNode-1@group-523986131536: set configuration 0: [omNode-3|rpc:localhost:32855|admin:|client:|dataStream:|priority:0, omNode-1|rpc:localhost:41377|admin:|client:|dataStream:|priority:0, omNode-2|rpc:localhost:39957|admin:|client:|dataStream:|priority:0], old=null
2022-02-14 09:18:54,119 [grpc-default-executor-0] INFO  segmented.SegmentedRaftLogWorker (SegmentedRaftLogWorker.java:startLogSegment(394)) - omNode-1@group-523986131536-SegmentedRaftLogWorker: Starting segment from index:0
2022-02-14 09:18:54,138 [omNode-1@group-523986131536-SegmentedRaftLogWorker] INFO  segmented.SegmentedRaftLogWorker (SegmentedRaftLogWorker.java:execute(601)) - omNode-1@group-523986131536-SegmentedRaftLogWorker: created new log segment /home/runner/work/ozone/ozone/hadoop-ozone/integration-test/target/test-dir/MiniOzoneClusterImpl-9687bb22-1f81-4155-97c5-ed9e7781f5c1/omNode-1/ratis/c9bc4cf4-3bc3-3c60-a66b-523986131536/current/log_inprogress_0
2022-02-14 09:18:54,138 [omNode-3@group-523986131536-SegmentedRaftLogWorker] INFO  segmented.SegmentedRaftLogWorker (SegmentedRaftLogWorker.java:execute(601)) - omNode-3@group-523986131536-SegmentedRaftLogWorker: created new log segment /home/runner/work/ozone/ozone/hadoop-ozone/integration-test/target/test-dir/MiniOzoneClusterImpl-9687bb22-1f81-4155-97c5-ed9e7781f5c1/omNode-3/ratis/c9bc4cf4-3bc3-3c60-a66b-523986131536/current/log_inprogress_0
2022-02-14 09:18:54,196 [omNode-3@group-523986131536-StateMachineUpdater] INFO  ratis.OzoneManagerStateMachine (OzoneManagerStateMachine.java:notifyConfigurationChanged(188)) - Received Configuration change notification from Ratis. New Peer list:
[id: "omNode-3"
address: "localhost:32855"
, id: "omNode-1"
address: "localhost:41377"
, id: "omNode-2"
address: "localhost:39957"
]
2022-02-14 09:18:54,197 [omNode-2@group-523986131536-StateMachineUpdater] INFO  ratis.OzoneManagerStateMachine (OzoneManagerStateMachine.java:notifyConfigurationChanged(188)) - Received Configuration change notification from Ratis. New Peer list:
[id: "omNode-3"
address: "localhost:32855"
, id: "omNode-1"
address: "localhost:41377"
, id: "omNode-2"
address: "localhost:39957"
]
2022-02-14 09:18:54,199 [omNode-1@group-523986131536-StateMachineUpdater] INFO  ratis.OzoneManagerStateMachine (OzoneManagerStateMachine.java:notifyConfigurationChanged(188)) - Received Configuration change notification from Ratis. New Peer list:
[id: "omNode-3"
address: "localhost:32855"
, id: "omNode-1"
address: "localhost:41377"
, id: "omNode-2"
address: "localhost:39957"
]
2022-02-14 09:18:54,322 [Listener at 127.0.0.1/42183] INFO  ozone.MiniOzoneClusterImpl (MiniOzoneClusterImpl.java:lambda$waitForClusterToBeReady$0(219)) - Waiting for nodes to be ready. Got 0 of 3 DN Heartbeats.
2022-02-14 09:18:54,322 [Listener at 127.0.0.1/42183] INFO  ozone.MiniOzoneClusterImpl (MiniOzoneClusterImpl.java:lambda$waitForClusterToBeReady$0(222)) - Waiting for cluster to exit safe mode
2022-02-14 09:18:54,322 [Listener at 127.0.0.1/42183] INFO  ozone.MiniOzoneClusterImpl (MiniOzoneClusterImpl.java:lambda$waitForClusterToBeReady$0(224)) - SCM became leader
2022-02-14 09:18:54,966 [EndpointStateMachine task thread for /0.0.0.0:37269 - 0 ] INFO  ozoneimpl.OzoneContainer (OzoneContainer.java:start(315)) - Attempting to start container services.
2022-02-14 09:18:54,968 [EndpointStateMachine task thread for /0.0.0.0:37269 - 0 ] INFO  ozoneimpl.OzoneContainer (OzoneContainer.java:startContainerScrub(250)) - Background container scanner has been disabled.
2022-02-14 09:18:54,971 [EndpointStateMachine task thread for /0.0.0.0:37269 - 0 ] INFO  replication.ReplicationServer (ReplicationServer.java:start(111)) - ReplicationServer is started using port 46147
2022-02-14 09:18:54,974 [EndpointStateMachine task thread for /0.0.0.0:37269 - 0 ] INFO  ratis.XceiverServerRatis (XceiverServerRatis.java:start(484)) - Starting XceiverServerRatis 737834c3-cf9b-40a3-92c6-22f96faad031
2022-02-14 09:18:54,978 [EndpointStateMachine task thread for /0.0.0.0:37269 - 0 ] INFO  server.RaftServer (RaftServerProxy.java:lambda$start$5(374)) - 737834c3-cf9b-40a3-92c6-22f96faad031: start RPC server
2022-02-14 09:18:54,982 [EndpointStateMachine task thread for /0.0.0.0:37269 - 0 ] INFO  server.GrpcService (GrpcService.java:startImpl(253)) - 737834c3-cf9b-40a3-92c6-22f96faad031: GrpcService started, listening on 40731
2022-02-14 09:18:54,985 [EndpointStateMachine task thread for /0.0.0.0:37269 - 0 ] INFO  ratis.XceiverServerRatis (XceiverServerRatis.java:getRealPort(505)) - XceiverServerRatis 737834c3-cf9b-40a3-92c6-22f96faad031 is started using port 40731 for RATIS
2022-02-14 09:18:54,985 [EndpointStateMachine task thread for /0.0.0.0:37269 - 0 ] INFO  ratis.XceiverServerRatis (XceiverServerRatis.java:getRealPort(505)) - XceiverServerRatis 737834c3-cf9b-40a3-92c6-22f96faad031 is started using port 40731 for RATIS_ADMIN
2022-02-14 09:18:54,985 [EndpointStateMachine task thread for /0.0.0.0:37269 - 0 ] INFO  ratis.XceiverServerRatis (XceiverServerRatis.java:getRealPort(505)) - XceiverServerRatis 737834c3-cf9b-40a3-92c6-22f96faad031 is started using port 40731 for RATIS_SERVER
2022-02-14 09:18:54,986 [org.apache.ratis.util.JvmPauseMonitor$$Lambda$422/1688851596@155af869] INFO  util.JvmPauseMonitor (JvmPauseMonitor.java:run(103)) - JvmPauseMonitor-737834c3-cf9b-40a3-92c6-22f96faad031: Started
2022-02-14 09:18:54,989 [EndpointStateMachine task thread for /0.0.0.0:37269 - 0 ] INFO  server.XceiverServerGrpc (XceiverServerGrpc.java:start(180)) - XceiverServerGrpc 737834c3-cf9b-40a3-92c6-22f96faad031 is started using port 32891
2022-02-14 09:18:55,134 [EndpointStateMachine task thread for /0.0.0.0:37269 - 0 ] INFO  ozoneimpl.OzoneContainer (OzoneContainer.java:start(315)) - Attempting to start container services.
2022-02-14 09:18:55,135 [EndpointStateMachine task thread for /0.0.0.0:37269 - 0 ] INFO  ozoneimpl.OzoneContainer (OzoneContainer.java:startContainerScrub(250)) - Background container scanner has been disabled.
2022-02-14 09:18:55,137 [EndpointStateMachine task thread for /0.0.0.0:37269 - 0 ] INFO  replication.ReplicationServer (ReplicationServer.java:start(111)) - ReplicationServer is started using port 37289
2022-02-14 09:18:55,138 [EndpointStateMachine task thread for /0.0.0.0:37269 - 0 ] INFO  ratis.XceiverServerRatis (XceiverServerRatis.java:start(484)) - Starting XceiverServerRatis c470596b-60de-45b2-8aec-27399339dd50
2022-02-14 09:18:55,140 [EndpointStateMachine task thread for /0.0.0.0:37269 - 0 ] INFO  server.RaftServer (RaftServerProxy.java:lambda$start$5(374)) - c470596b-60de-45b2-8aec-27399339dd50: start RPC server
2022-02-14 09:18:55,145 [EndpointStateMachine task thread for /0.0.0.0:37269 - 0 ] INFO  server.GrpcService (GrpcService.java:startImpl(253)) - c470596b-60de-45b2-8aec-27399339dd50: GrpcService started, listening on 35831
2022-02-14 09:18:55,146 [EndpointStateMachine task thread for /0.0.0.0:37269 - 0 ] INFO  ratis.XceiverServerRatis (XceiverServerRatis.java:getRealPort(505)) - XceiverServerRatis c470596b-60de-45b2-8aec-27399339dd50 is started using port 35831 for RATIS
2022-02-14 09:18:55,146 [EndpointStateMachine task thread for /0.0.0.0:37269 - 0 ] INFO  ratis.XceiverServerRatis (XceiverServerRatis.java:getRealPort(505)) - XceiverServerRatis c470596b-60de-45b2-8aec-27399339dd50 is started using port 35831 for RATIS_ADMIN
2022-02-14 09:18:55,146 [EndpointStateMachine task thread for /0.0.0.0:37269 - 0 ] INFO  ratis.XceiverServerRatis (XceiverServerRatis.java:getRealPort(505)) - XceiverServerRatis c470596b-60de-45b2-8aec-27399339dd50 is started using port 35831 for RATIS_SERVER
2022-02-14 09:18:55,147 [org.apache.ratis.util.JvmPauseMonitor$$Lambda$422/1688851596@42098c9] INFO  util.JvmPauseMonitor (JvmPauseMonitor.java:run(103)) - JvmPauseMonitor-c470596b-60de-45b2-8aec-27399339dd50: Started
2022-02-14 09:18:55,149 [EndpointStateMachine task thread for /0.0.0.0:37269 - 0 ] INFO  server.XceiverServerGrpc (XceiverServerGrpc.java:start(180)) - XceiverServerGrpc c470596b-60de-45b2-8aec-27399339dd50 is started using port 36573
2022-02-14 09:18:55,322 [Listener at 127.0.0.1/42183] INFO  ozone.MiniOzoneClusterImpl (MiniOzoneClusterImpl.java:lambda$waitForClusterToBeReady$0(219)) - Waiting for nodes to be ready. Got 0 of 3 DN Heartbeats.
2022-02-14 09:18:55,322 [Listener at 127.0.0.1/42183] INFO  ozone.MiniOzoneClusterImpl (MiniOzoneClusterImpl.java:lambda$waitForClusterToBeReady$0(222)) - Waiting for cluster to exit safe mode
2022-02-14 09:18:55,323 [Listener at 127.0.0.1/42183] INFO  ozone.MiniOzoneClusterImpl (MiniOzoneClusterImpl.java:lambda$waitForClusterToBeReady$0(224)) - SCM became leader
2022-02-14 09:18:55,332 [EndpointStateMachine task thread for /0.0.0.0:37269 - 0 ] INFO  ozoneimpl.OzoneContainer (OzoneContainer.java:start(315)) - Attempting to start container services.
2022-02-14 09:18:55,332 [EndpointStateMachine task thread for /0.0.0.0:37269 - 0 ] INFO  ozoneimpl.OzoneContainer (OzoneContainer.java:startContainerScrub(250)) - Background container scanner has been disabled.
2022-02-14 09:18:55,334 [EndpointStateMachine task thread for /0.0.0.0:37269 - 0 ] INFO  replication.ReplicationServer (ReplicationServer.java:start(111)) - ReplicationServer is started using port 32777
2022-02-14 09:18:55,334 [EndpointStateMachine task thread for /0.0.0.0:37269 - 0 ] INFO  ratis.XceiverServerRatis (XceiverServerRatis.java:start(484)) - Starting XceiverServerRatis 0637dcbd-3228-4a5f-ac75-2b0c4f9ee7c1
2022-02-14 09:18:55,335 [EndpointStateMachine task thread for /0.0.0.0:37269 - 0 ] INFO  server.RaftServer (RaftServerProxy.java:lambda$start$5(374)) - 0637dcbd-3228-4a5f-ac75-2b0c4f9ee7c1: start RPC server
2022-02-14 09:18:55,338 [EndpointStateMachine task thread for /0.0.0.0:37269 - 0 ] INFO  server.GrpcService (GrpcService.java:startImpl(253)) - 0637dcbd-3228-4a5f-ac75-2b0c4f9ee7c1: GrpcService started, listening on 46669
2022-02-14 09:18:55,338 [EndpointStateMachine task thread for /0.0.0.0:37269 - 0 ] INFO  ratis.XceiverServerRatis (XceiverServerRatis.java:getRealPort(505)) - XceiverServerRatis 0637dcbd-3228-4a5f-ac75-2b0c4f9ee7c1 is started using port 46669 for RATIS
2022-02-14 09:18:55,338 [EndpointStateMachine task thread for /0.0.0.0:37269 - 0 ] INFO  ratis.XceiverServerRatis (XceiverServerRatis.java:getRealPort(505)) - XceiverServerRatis 0637dcbd-3228-4a5f-ac75-2b0c4f9ee7c1 is started using port 46669 for RATIS_ADMIN
2022-02-14 09:18:55,338 [org.apache.ratis.util.JvmPauseMonitor$$Lambda$422/1688851596@7898593] INFO  util.JvmPauseMonitor (JvmPauseMonitor.java:run(103)) - JvmPauseMonitor-0637dcbd-3228-4a5f-ac75-2b0c4f9ee7c1: Started
2022-02-14 09:18:55,338 [EndpointStateMachine task thread for /0.0.0.0:37269 - 0 ] INFO  ratis.XceiverServerRatis (XceiverServerRatis.java:getRealPort(505)) - XceiverServerRatis 0637dcbd-3228-4a5f-ac75-2b0c4f9ee7c1 is started using port 46669 for RATIS_SERVER
2022-02-14 09:18:55,341 [EndpointStateMachine task thread for /0.0.0.0:37269 - 0 ] INFO  server.XceiverServerGrpc (XceiverServerGrpc.java:start(180)) - XceiverServerGrpc 0637dcbd-3228-4a5f-ac75-2b0c4f9ee7c1 is started using port 39599
2022-02-14 09:18:56,323 [Listener at 127.0.0.1/42183] INFO  ozone.MiniOzoneClusterImpl (MiniOzoneClusterImpl.java:lambda$waitForClusterToBeReady$0(219)) - Waiting for nodes to be ready. Got 0 of 3 DN Heartbeats.
2022-02-14 09:18:56,323 [Listener at 127.0.0.1/42183] INFO  ozone.MiniOzoneClusterImpl (MiniOzoneClusterImpl.java:lambda$waitForClusterToBeReady$0(222)) - Waiting for cluster to exit safe mode
2022-02-14 09:18:56,323 [Listener at 127.0.0.1/42183] INFO  ozone.MiniOzoneClusterImpl (MiniOzoneClusterImpl.java:lambda$waitForClusterToBeReady$0(224)) - SCM became leader
2022-02-14 09:18:56,843 [IPC Server handler 1 on default port 37269] INFO  net.NetworkTopologyImpl (NetworkTopologyImpl.java:add(112)) - Added a new node: /default-rack/737834c3-cf9b-40a3-92c6-22f96faad031
2022-02-14 09:18:56,845 [IPC Server handler 1 on default port 37269] INFO  node.SCMNodeManager (SCMNodeManager.java:register(389)) - Registered Data node : 737834c3-cf9b-40a3-92c6-22f96faad031{ip: 10.1.0.22, host: fv-az12-997.exdb2aeach2ezidoxz41lk3bwg.cx.internal.cloudapp.net, ports: [REPLICATION=46147, RATIS=40731, RATIS_ADMIN=40731, RATIS_SERVER=40731, STANDALONE=32891], networkLocation: /default-rack, certSerialId: null, persistedOpState: null, persistedOpStateExpiryEpochSec: 0}
2022-02-14 09:18:56,850 [EventQueue-NewNodeForNewNodeHandler] INFO  pipeline.BackgroundPipelineCreator (BackgroundPipelineCreator.java:notifyEventTriggered(285)) - trigger a one-shot run on RatisPipelineUtilsThread.
2022-02-14 09:18:56,857 [EventQueue-NodeRegistrationContainerReportForDataNodeSafeModeRule] INFO  safemode.SCMSafeModeManager (DataNodeSafeModeRule.java:process(71)) - SCM in safe mode. 1 DataNodes registered, 3 required.
2022-02-14 09:18:56,861 [EventQueue-NodeRegistrationContainerReportForContainerSafeModeRule] INFO  safemode.SCMSafeModeManager (SCMSafeModeManager.java:validateSafeModeExitRules(204)) - ContainerSafeModeRule rule is successfully validated
2022-02-14 09:18:56,869 [RatisPipelineUtilsThread - 0] INFO  pipeline.RatisPipelineProvider (RatisPipelineProvider.java:lambda$create$0(183)) - Sending CreatePipelineCommand for pipeline:PipelineID=71bae90a-4f6b-498e-bd9f-5d690e8c2256 to datanode:737834c3-cf9b-40a3-92c6-22f96faad031
2022-02-14 09:18:56,869 [EventQueue-PipelineReportForOneReplicaPipelineSafeModeRule] INFO  safemode.SCMSafeModeManager (SCMSafeModeManager.java:validateSafeModeExitRules(204)) - AtleastOneDatanodeReportedRule rule is successfully validated
2022-02-14 09:18:56,957 [4d1767bf-7f27-4798-b2df-8da5eab892db@group-ED9E7781F5C1-StateMachineUpdater] INFO  pipeline.PipelineStateManagerImpl (PipelineStateManagerImpl.java:addPipeline(101)) - Created pipeline Pipeline[ Id: 71bae90a-4f6b-498e-bd9f-5d690e8c2256, Nodes: 737834c3-cf9b-40a3-92c6-22f96faad031{ip: 10.1.0.22, host: fv-az12-997.exdb2aeach2ezidoxz41lk3bwg.cx.internal.cloudapp.net, ports: [REPLICATION=46147, RATIS=40731, RATIS_ADMIN=40731, RATIS_SERVER=40731, STANDALONE=32891], networkLocation: /default-rack, certSerialId: null, persistedOpState: IN_SERVICE, persistedOpStateExpiryEpochSec: 0}, ReplicationConfig: RATIS/ONE, State:ALLOCATED, leaderId:, CreationTimestamp2022-02-14T09:18:56.864Z[Etc/UTC]].
2022-02-14 09:18:56,959 [4d1767bf-7f27-4798-b2df-8da5eab892db@group-ED9E7781F5C1-StateMachineUpdater] INFO  safemode.HealthyPipelineSafeModeRule (HealthyPipelineSafeModeRule.java:initializeRule(152)) - Refreshed total pipeline count is 0, healthy pipeline threshold count is 1
2022-02-14 09:18:57,131 [IPC Server handler 2 on default port 37269] INFO  net.NetworkTopologyImpl (NetworkTopologyImpl.java:add(112)) - Added a new node: /default-rack/c470596b-60de-45b2-8aec-27399339dd50
2022-02-14 09:18:57,132 [IPC Server handler 2 on default port 37269] INFO  node.SCMNodeManager (SCMNodeManager.java:register(389)) - Registered Data node : c470596b-60de-45b2-8aec-27399339dd50{ip: 10.1.0.22, host: fv-az12-997.exdb2aeach2ezidoxz41lk3bwg.cx.internal.cloudapp.net, ports: [REPLICATION=37289, RATIS=35831, RATIS_ADMIN=35831, RATIS_SERVER=35831, STANDALONE=36573], networkLocation: /default-rack, certSerialId: null, persistedOpState: null, persistedOpStateExpiryEpochSec: 0}
2022-02-14 09:18:57,133 [EventQueue-NewNodeForNewNodeHandler] INFO  pipeline.BackgroundPipelineCreator (BackgroundPipelineCreator.java:notifyEventTriggered(285)) - trigger a one-shot run on RatisPipelineUtilsThread.
2022-02-14 09:18:57,133 [EventQueue-NodeRegistrationContainerReportForDataNodeSafeModeRule] INFO  safemode.SCMSafeModeManager (DataNodeSafeModeRule.java:process(71)) - SCM in safe mode. 2 DataNodes registered, 3 required.
2022-02-14 09:18:57,134 [RatisPipelineUtilsThread - 0] INFO  pipeline.RatisPipelineProvider (RatisPipelineProvider.java:lambda$create$0(183)) - Sending CreatePipelineCommand for pipeline:PipelineID=2cb9d7ab-c77d-4e13-a69c-b619eda3f144 to datanode:c470596b-60de-45b2-8aec-27399339dd50
2022-02-14 09:18:57,137 [4d1767bf-7f27-4798-b2df-8da5eab892db@group-ED9E7781F5C1-StateMachineUpdater] INFO  pipeline.PipelineStateManagerImpl (PipelineStateManagerImpl.java:addPipeline(101)) - Created pipeline Pipeline[ Id: 2cb9d7ab-c77d-4e13-a69c-b619eda3f144, Nodes: c470596b-60de-45b2-8aec-27399339dd50{ip: 10.1.0.22, host: fv-az12-997.exdb2aeach2ezidoxz41lk3bwg.cx.internal.cloudapp.net, ports: [REPLICATION=37289, RATIS=35831, RATIS_ADMIN=35831, RATIS_SERVER=35831, STANDALONE=36573], networkLocation: /default-rack, certSerialId: null, persistedOpState: IN_SERVICE, persistedOpStateExpiryEpochSec: 0}, ReplicationConfig: RATIS/ONE, State:ALLOCATED, leaderId:, CreationTimestamp2022-02-14T09:18:57.134Z[Etc/UTC]].
2022-02-14 09:18:57,138 [4d1767bf-7f27-4798-b2df-8da5eab892db@group-ED9E7781F5C1-StateMachineUpdater] INFO  safemode.HealthyPipelineSafeModeRule (HealthyPipelineSafeModeRule.java:initializeRule(152)) - Refreshed total pipeline count is 0, healthy pipeline threshold count is 1
2022-02-14 09:18:57,324 [Listener at 127.0.0.1/42183] INFO  ozone.MiniOzoneClusterImpl (MiniOzoneClusterImpl.java:lambda$waitForClusterToBeReady$0(219)) - Waiting for nodes to be ready. Got 2 of 3 DN Heartbeats.
2022-02-14 09:18:57,325 [Listener at 127.0.0.1/42183] INFO  ozone.MiniOzoneClusterImpl (MiniOzoneClusterImpl.java:lambda$waitForClusterToBeReady$0(222)) - Waiting for cluster to exit safe mode
2022-02-14 09:18:57,325 [Listener at 127.0.0.1/42183] INFO  ozone.MiniOzoneClusterImpl (MiniOzoneClusterImpl.java:lambda$waitForClusterToBeReady$0(224)) - SCM became leader
2022-02-14 09:18:57,329 [IPC Server handler 0 on default port 37269] INFO  net.NetworkTopologyImpl (NetworkTopologyImpl.java:add(112)) - Added a new node: /default-rack/0637dcbd-3228-4a5f-ac75-2b0c4f9ee7c1
2022-02-14 09:18:57,329 [IPC Server handler 0 on default port 37269] INFO  node.SCMNodeManager (SCMNodeManager.java:register(389)) - Registered Data node : 0637dcbd-3228-4a5f-ac75-2b0c4f9ee7c1{ip: 10.1.0.22, host: fv-az12-997.exdb2aeach2ezidoxz41lk3bwg.cx.internal.cloudapp.net, ports: [REPLICATION=32777, RATIS=46669, RATIS_ADMIN=46669, RATIS_SERVER=46669, STANDALONE=39599], networkLocation: /default-rack, certSerialId: null, persistedOpState: null, persistedOpStateExpiryEpochSec: 0}
2022-02-14 09:18:57,330 [EventQueue-NewNodeForNewNodeHandler] INFO  pipeline.BackgroundPipelineCreator (BackgroundPipelineCreator.java:notifyEventTriggered(285)) - trigger a one-shot run on RatisPipelineUtilsThread.
2022-02-14 09:18:57,330 [EventQueue-NodeRegistrationContainerReportForDataNodeSafeModeRule] INFO  safemode.SCMSafeModeManager (DataNodeSafeModeRule.java:process(71)) - SCM in safe mode. 3 DataNodes registered, 3 required.
2022-02-14 09:18:57,331 [EventQueue-NodeRegistrationContainerReportForDataNodeSafeModeRule] INFO  safemode.SCMSafeModeManager (SCMSafeModeManager.java:validateSafeModeExitRules(204)) - DataNodeSafeModeRule rule is successfully validated
2022-02-14 09:18:57,331 [EventQueue-NodeRegistrationContainerReportForDataNodeSafeModeRule] INFO  safemode.SCMSafeModeManager (SCMSafeModeManager.java:completePreCheck(233)) - All SCM safe mode pre check rules have passed
2022-02-14 09:18:57,331 [EventQueue-NodeRegistrationContainerReportForDataNodeSafeModeRule] WARN  events.EventQueue (EventQueue.java:fireEvent(194)) - No event handler registered for event TypedEvent{payloadType=SafeModeStatus, name='Safe mode status'}
2022-02-14 09:18:57,331 [EventQueue-NodeRegistrationContainerReportForDataNodeSafeModeRule] INFO  ha.SCMContext (SCMContext.java:updateSafeModeStatus(211)) - Update SafeModeStatus from SafeModeStatus{safeModeStatus=true, preCheckPassed=false} to SafeModeStatus{safeModeStatus=true, preCheckPassed=true}.
2022-02-14 09:18:57,331 [EventQueue-NodeRegistrationContainerReportForDataNodeSafeModeRule] INFO  pipeline.BackgroundPipelineCreator (BackgroundPipelineCreator.java:notifyEventTriggered(285)) - trigger a one-shot run on RatisPipelineUtilsThread.
2022-02-14 09:18:57,331 [RatisPipelineUtilsThread - 0] INFO  pipeline.RatisPipelineProvider (RatisPipelineProvider.java:lambda$create$0(183)) - Sending CreatePipelineCommand for pipeline:PipelineID=33867455-c8f8-4378-9694-e22637b8cc44 to datanode:0637dcbd-3228-4a5f-ac75-2b0c4f9ee7c1
2022-02-14 09:18:57,334 [4d1767bf-7f27-4798-b2df-8da5eab892db@group-ED9E7781F5C1-StateMachineUpdater] INFO  pipeline.PipelineStateManagerImpl (PipelineStateManagerImpl.java:addPipeline(101)) - Created pipeline Pipeline[ Id: 33867455-c8f8-4378-9694-e22637b8cc44, Nodes: 0637dcbd-3228-4a5f-ac75-2b0c4f9ee7c1{ip: 10.1.0.22, host: fv-az12-997.exdb2aeach2ezidoxz41lk3bwg.cx.internal.cloudapp.net, ports: [REPLICATION=32777, RATIS=46669, RATIS_ADMIN=46669, RATIS_SERVER=46669, STANDALONE=39599], networkLocation: /default-rack, certSerialId: null, persistedOpState: IN_SERVICE, persistedOpStateExpiryEpochSec: 0}, ReplicationConfig: RATIS/ONE, State:ALLOCATED, leaderId:, CreationTimestamp2022-02-14T09:18:57.331Z[Etc/UTC]].
2022-02-14 09:18:57,334 [4d1767bf-7f27-4798-b2df-8da5eab892db@group-ED9E7781F5C1-StateMachineUpdater] INFO  safemode.HealthyPipelineSafeModeRule (HealthyPipelineSafeModeRule.java:initializeRule(152)) - Refreshed total pipeline count is 0, healthy pipeline threshold count is 1
2022-02-14 09:18:57,338 [RatisPipelineUtilsThread - 0] INFO  pipeline.RatisPipelineProvider (RatisPipelineProvider.java:lambda$create$0(183)) - Sending CreatePipelineCommand for pipeline:PipelineID=9592aa43-5df2-4faf-a603-e238ec1f3c6c to datanode:737834c3-cf9b-40a3-92c6-22f96faad031
2022-02-14 09:18:57,341 [RatisPipelineUtilsThread - 0] INFO  pipeline.RatisPipelineProvider (RatisPipelineProvider.java:lambda$create$0(183)) - Sending CreatePipelineCommand for pipeline:PipelineID=9592aa43-5df2-4faf-a603-e238ec1f3c6c to datanode:c470596b-60de-45b2-8aec-27399339dd50
2022-02-14 09:18:57,341 [RatisPipelineUtilsThread - 0] INFO  pipeline.RatisPipelineProvider (RatisPipelineProvider.java:lambda$create$0(183)) - Sending CreatePipelineCommand for pipeline:PipelineID=9592aa43-5df2-4faf-a603-e238ec1f3c6c to datanode:0637dcbd-3228-4a5f-ac75-2b0c4f9ee7c1
2022-02-14 09:18:57,344 [4d1767bf-7f27-4798-b2df-8da5eab892db@group-ED9E7781F5C1-StateMachineUpdater] INFO  pipeline.PipelineStateManagerImpl (PipelineStateManagerImpl.java:addPipeline(101)) - Created pipeline Pipeline[ Id: 9592aa43-5df2-4faf-a603-e238ec1f3c6c, Nodes: 737834c3-cf9b-40a3-92c6-22f96faad031{ip: 10.1.0.22, host: fv-az12-997.exdb2aeach2ezidoxz41lk3bwg.cx.internal.cloudapp.net, ports: [REPLICATION=46147, RATIS=40731, RATIS_ADMIN=40731, RATIS_SERVER=40731, STANDALONE=32891], networkLocation: /default-rack, certSerialId: null, persistedOpState: IN_SERVICE, persistedOpStateExpiryEpochSec: 0}c470596b-60de-45b2-8aec-27399339dd50{ip: 10.1.0.22, host: fv-az12-997.exdb2aeach2ezidoxz41lk3bwg.cx.internal.cloudapp.net, ports: [REPLICATION=37289, RATIS=35831, RATIS_ADMIN=35831, RATIS_SERVER=35831, STANDALONE=36573], networkLocation: /default-rack, certSerialId: null, persistedOpState: IN_SERVICE, persistedOpStateExpiryEpochSec: 0}0637dcbd-3228-4a5f-ac75-2b0c4f9ee7c1{ip: 10.1.0.22, host: fv-az12-997.exdb2aeach2ezidoxz41lk3bwg.cx.internal.cloudapp.net, ports: [REPLICATION=32777, RATIS=46669, RATIS_ADMIN=46669, RATIS_SERVER=46669, STANDALONE=39599], networkLocation: /default-rack, certSerialId: null, persistedOpState: IN_SERVICE, persistedOpStateExpiryEpochSec: 0}, ReplicationConfig: RATIS/THREE, State:ALLOCATED, leaderId:, CreationTimestamp2022-02-14T09:18:57.338Z[Etc/UTC]].
2022-02-14 09:18:57,344 [4d1767bf-7f27-4798-b2df-8da5eab892db@group-ED9E7781F5C1-StateMachineUpdater] INFO  safemode.HealthyPipelineSafeModeRule (HealthyPipelineSafeModeRule.java:initializeRule(152)) - Refreshed total pipeline count is 0, healthy pipeline threshold count is 1
2022-02-14 09:18:57,345 [RatisPipelineUtilsThread - 0] INFO  pipeline.RatisPipelineProvider (RatisPipelineProvider.java:lambda$create$0(183)) - Sending CreatePipelineCommand for pipeline:PipelineID=19d3855b-98dd-40d7-ad9e-9005d579edd0 to datanode:737834c3-cf9b-40a3-92c6-22f96faad031
2022-02-14 09:18:57,346 [RatisPipelineUtilsThread - 0] INFO  pipeline.RatisPipelineProvider (RatisPipelineProvider.java:lambda$create$0(183)) - Sending CreatePipelineCommand for pipeline:PipelineID=19d3855b-98dd-40d7-ad9e-9005d579edd0 to datanode:0637dcbd-3228-4a5f-ac75-2b0c4f9ee7c1
2022-02-14 09:18:57,346 [RatisPipelineUtilsThread - 0] INFO  pipeline.RatisPipelineProvider (RatisPipelineProvider.java:lambda$create$0(183)) - Sending CreatePipelineCommand for pipeline:PipelineID=19d3855b-98dd-40d7-ad9e-9005d579edd0 to datanode:c470596b-60de-45b2-8aec-27399339dd50
2022-02-14 09:18:57,348 [4d1767bf-7f27-4798-b2df-8da5eab892db@group-ED9E7781F5C1-StateMachineUpdater] INFO  pipeline.PipelineStateManagerImpl (PipelineStateManagerImpl.java:addPipeline(101)) - Created pipeline Pipeline[ Id: 19d3855b-98dd-40d7-ad9e-9005d579edd0, Nodes: 737834c3-cf9b-40a3-92c6-22f96faad031{ip: 10.1.0.22, host: fv-az12-997.exdb2aeach2ezidoxz41lk3bwg.cx.internal.cloudapp.net, ports: [REPLICATION=46147, RATIS=40731, RATIS_ADMIN=40731, RATIS_SERVER=40731, STANDALONE=32891], networkLocation: /default-rack, certSerialId: null, persistedOpState: IN_SERVICE, persistedOpStateExpiryEpochSec: 0}0637dcbd-3228-4a5f-ac75-2b0c4f9ee7c1{ip: 10.1.0.22, host: fv-az12-997.exdb2aeach2ezidoxz41lk3bwg.cx.internal.cloudapp.net, ports: [REPLICATION=32777, RATIS=46669, RATIS_ADMIN=46669, RATIS_SERVER=46669, STANDALONE=39599], networkLocation: /default-rack, certSerialId: null, persistedOpState: IN_SERVICE, persistedOpStateExpiryEpochSec: 0}c470596b-60de-45b2-8aec-27399339dd50{ip: 10.1.0.22, host: fv-az12-997.exdb2aeach2ezidoxz41lk3bwg.cx.internal.cloudapp.net, ports: [REPLICATION=37289, RATIS=35831, RATIS_ADMIN=35831, RATIS_SERVER=35831, STANDALONE=36573], networkLocation: /default-rack, certSerialId: null, persistedOpState: IN_SERVICE, persistedOpStateExpiryEpochSec: 0}, ReplicationConfig: RATIS/THREE, State:ALLOCATED, leaderId:, CreationTimestamp2022-02-14T09:18:57.345Z[Etc/UTC]].
2022-02-14 09:18:57,349 [4d1767bf-7f27-4798-b2df-8da5eab892db@group-ED9E7781F5C1-StateMachineUpdater] INFO  safemode.HealthyPipelineSafeModeRule (HealthyPipelineSafeModeRule.java:initializeRule(152)) - Refreshed total pipeline count is 0, healthy pipeline threshold count is 1
2022-02-14 09:18:57,350 [RatisPipelineUtilsThread - 0] INFO  pipeline.PipelineManagerImpl (PipelineManagerImpl.java:recordMetricsForPipeline(639)) - Pipeline: PipelineID=19d3855b-98dd-40d7-ad9e-9005d579edd0 contains same datanodes as previous pipelines: PipelineID=9592aa43-5df2-4faf-a603-e238ec1f3c6c nodeIds: 737834c3-cf9b-40a3-92c6-22f96faad031, 0637dcbd-3228-4a5f-ac75-2b0c4f9ee7c1, c470596b-60de-45b2-8aec-27399339dd50
2022-02-14 09:18:58,325 [Listener at 127.0.0.1/42183] INFO  ozone.MiniOzoneClusterImpl (MiniOzoneClusterImpl.java:lambda$waitForClusterToBeReady$0(219)) - Nodes are ready. Got 3 of 3 DN Heartbeats.
2022-02-14 09:18:58,326 [Listener at 127.0.0.1/42183] INFO  ozone.MiniOzoneClusterImpl (MiniOzoneClusterImpl.java:lambda$waitForClusterToBeReady$0(222)) - Waiting for cluster to exit safe mode
2022-02-14 09:18:58,326 [Listener at 127.0.0.1/42183] INFO  ozone.MiniOzoneClusterImpl (MiniOzoneClusterImpl.java:lambda$waitForClusterToBeReady$0(224)) - SCM became leader
2022-02-14 09:18:59,326 [Listener at 127.0.0.1/42183] INFO  ozone.MiniOzoneClusterImpl (MiniOzoneClusterImpl.java:lambda$waitForClusterToBeReady$0(219)) - Nodes are ready. Got 3 of 3 DN Heartbeats.
2022-02-14 09:18:59,327 [Listener at 127.0.0.1/42183] INFO  ozone.MiniOzoneClusterImpl (MiniOzoneClusterImpl.java:lambda$waitForClusterToBeReady$0(222)) - Waiting for cluster to exit safe mode
2022-02-14 09:18:59,327 [Listener at 127.0.0.1/42183] INFO  ozone.MiniOzoneClusterImpl (MiniOzoneClusterImpl.java:lambda$waitForClusterToBeReady$0(224)) - SCM became leader
2022-02-14 09:18:59,812 [Command processor thread] INFO  server.RaftServer (RaftServerProxy.java:addNew(95)) - 737834c3-cf9b-40a3-92c6-22f96faad031: addNew group-5D690E8C2256:[737834c3-cf9b-40a3-92c6-22f96faad031|rpc:10.1.0.22:40731|priority:1] returns group-5D690E8C2256:java.util.concurrent.CompletableFuture@393b76e9[Not completed]
2022-02-14 09:18:59,827 [pool-102-thread-1] INFO  server.RaftServer$Division (RaftServerImpl.java:<init>(184)) - 737834c3-cf9b-40a3-92c6-22f96faad031: new RaftServerImpl for group-5D690E8C2256:[737834c3-cf9b-40a3-92c6-22f96faad031|rpc:10.1.0.22:40731|priority:1] with ContainerStateMachine:uninitialized
2022-02-14 09:18:59,829 [pool-102-thread-1] INFO  server.RaftServerConfigKeys (ConfUtils.java:logGet(44)) - raft.server.rpc.timeout.min = 5s (custom)
2022-02-14 09:18:59,829 [pool-102-thread-1] INFO  server.RaftServerConfigKeys (ConfUtils.java:logGet(44)) - raft.server.rpc.timeout.max = 5200ms (custom)
2022-02-14 09:18:59,829 [pool-102-thread-1] INFO  server.RaftServerConfigKeys (ConfUtils.java:logGet(44)) - raft.server.rpc.sleep.time = 25ms (default)
2022-02-14 09:18:59,829 [pool-102-thread-1] INFO  server.RaftServerConfigKeys (ConfUtils.java:logGet(44)) - raft.server.rpc.slowness.timeout = 300s (custom)
2022-02-14 09:18:59,829 [pool-102-thread-1] INFO  server.RaftServerConfigKeys (ConfUtils.java:logGet(44)) - raft.server.leaderelection.leader.step-down.wait-time = 10s (default)
2022-02-14 09:18:59,829 [pool-102-thread-1] INFO  server.RaftServerConfigKeys (ConfUtils.java:logGet(44)) - raft.server.sleep.deviation.threshold = 300ms (default)
2022-02-14 09:18:59,829 [pool-102-thread-1] INFO  server.RaftServerConfigKeys (ConfUtils.java:logGet(44)) - raft.server.log.appender.install.snapshot.enabled = false (custom)
2022-02-14 09:18:59,829 [pool-102-thread-1] INFO  server.RaftServer$Division (ServerState.java:<init>(105)) - 737834c3-cf9b-40a3-92c6-22f96faad031@group-5D690E8C2256: ConfigurationManager, init=-1: [737834c3-cf9b-40a3-92c6-22f96faad031|rpc:10.1.0.22:40731|priority:1], old=null, confs=<EMPTY_MAP>
2022-02-14 09:18:59,830 [pool-102-thread-1] INFO  server.RaftServerConfigKeys (ConfUtils.java:logGet(44)) - raft.server.storage.dir = [/home/runner/work/ozone/ozone/hadoop-ozone/integration-test/target/test-dir/MiniOzoneClusterImpl-9687bb22-1f81-4155-97c5-ed9e7781f5c1/datanode-0/data/ratis] (custom)
2022-02-14 09:18:59,830 [pool-102-thread-1] INFO  server.RaftServerConfigKeys (ConfUtils.java:logGet(44)) - raft.server.log.corruption.policy = EXCEPTION (default)
2022-02-14 09:18:59,830 [pool-102-thread-1] INFO  server.RaftServerConfigKeys (ConfUtils.java:logGet(44)) - raft.server.storage.free-space.min = 0MB (=0) (default)
2022-02-14 09:18:59,830 [pool-102-thread-1] INFO  storage.RaftStorageDirectory (RaftStorageDirectoryImpl.java:analyzeStorage(135)) - The storage directory /home/runner/work/ozone/ozone/hadoop-ozone/integration-test/target/test-dir/MiniOzoneClusterImpl-9687bb22-1f81-4155-97c5-ed9e7781f5c1/datanode-0/data/ratis/71bae90a-4f6b-498e-bd9f-5d690e8c2256 does not exist. Creating ...
2022-02-14 09:18:59,832 [pool-102-thread-1] INFO  storage.RaftStorageDirectory (RaftStorageDirectoryImpl.java:tryLock(230)) - Lock on /home/runner/work/ozone/ozone/hadoop-ozone/integration-test/target/test-dir/MiniOzoneClusterImpl-9687bb22-1f81-4155-97c5-ed9e7781f5c1/datanode-0/data/ratis/71bae90a-4f6b-498e-bd9f-5d690e8c2256/in_use.lock acquired by nodename 1675@fv-az12-997
2022-02-14 09:18:59,833 [pool-102-thread-1] INFO  storage.RaftStorage (RaftStorageImpl.java:format(89)) - Storage directory /home/runner/work/ozone/ozone/hadoop-ozone/integration-test/target/test-dir/MiniOzoneClusterImpl-9687bb22-1f81-4155-97c5-ed9e7781f5c1/datanode-0/data/ratis/71bae90a-4f6b-498e-bd9f-5d690e8c2256 has been successfully formatted.
2022-02-14 09:18:59,841 [pool-102-thread-1] INFO  ratis.ContainerStateMachine (ContainerStateMachine.java:loadSnapshot(231)) - group-5D690E8C2256: The snapshot info is null. Setting the last applied indexto:(t:0, i:~)
2022-02-14 09:18:59,841 [pool-102-thread-1] INFO  server.RaftServerConfigKeys (ConfUtils.java:logGet(44)) - raft.server.notification.no-leader.timeout = 300s (custom)
2022-02-14 09:18:59,842 [pool-102-thread-1] INFO  server.RaftServerConfigKeys (ConfUtils.java:logGet(44)) - raft.server.log.use.memory = false (default)
2022-02-14 09:18:59,842 [pool-102-thread-1] INFO  server.RaftServerConfigKeys (ConfUtils.java:logGet(44)) - raft.server.log.purge.gap = 1000000 (custom)
2022-02-14 09:18:59,842 [pool-102-thread-1] INFO  server.RaftServerConfigKeys (ConfUtils.java:logGet(44)) - raft.server.log.appender.buffer.byte-limit = 33554432 (custom)
2022-02-14 09:18:59,842 [pool-102-thread-1] INFO  server.RaftServerConfigKeys (ConfUtils.java:logGet(44)) - raft.server.log.segment.size.max = 1048576 (custom)
2022-02-14 09:18:59,843 [pool-102-thread-1] INFO  server.RaftServerConfigKeys (ConfUtils.java:logGet(44)) - raft.server.log.segment.cache.num.max = 2 (custom)
2022-02-14 09:18:59,843 [pool-102-thread-1] INFO  server.RaftServerConfigKeys (ConfUtils.java:logGet(44)) - raft.server.log.segment.cache.size.max = 200MB (=209715200) (default)
2022-02-14 09:18:59,843 [pool-102-thread-1] INFO  segmented.SegmentedRaftLogWorker (SegmentedRaftLogWorker.java:<init>(182)) - new 737834c3-cf9b-40a3-92c6-22f96faad031@group-5D690E8C2256-SegmentedRaftLogWorker for RaftStorageImpl:Storage Directory /home/runner/work/ozone/ozone/hadoop-ozone/integration-test/target/test-dir/MiniOzoneClusterImpl-9687bb22-1f81-4155-97c5-ed9e7781f5c1/datanode-0/data/ratis/71bae90a-4f6b-498e-bd9f-5d690e8c2256
2022-02-14 09:18:59,843 [pool-102-thread-1] INFO  server.RaftServerConfigKeys (ConfUtils.java:logGet(44)) - raft.server.log.queue.byte-limit = 2147483647 (custom)
2022-02-14 09:18:59,843 [pool-102-thread-1] INFO  server.RaftServerConfigKeys (ConfUtils.java:logGet(44)) - raft.server.log.queue.element-limit = 1024 (custom)
2022-02-14 09:18:59,844 [pool-102-thread-1] INFO  server.RaftServerConfigKeys (ConfUtils.java:logGet(44)) - raft.server.log.segment.size.max = 1048576 (custom)
2022-02-14 09:18:59,844 [pool-102-thread-1] INFO  server.RaftServerConfigKeys (ConfUtils.java:logGet(44)) - raft.server.log.preallocated.size = 16384 (custom)
2022-02-14 09:18:59,844 [pool-102-thread-1] INFO  server.RaftServerConfigKeys (ConfUtils.java:logGet(44)) - raft.server.log.force.sync.num = 128 (default)
2022-02-14 09:18:59,844 [pool-102-thread-1] INFO  server.RaftServerConfigKeys (ConfUtils.java:logGet(44)) - raft.server.log.statemachine.data.sync = true (default)
2022-02-14 09:18:59,844 [pool-102-thread-1] INFO  server.RaftServerConfigKeys (ConfUtils.java:logGet(44)) - raft.server.log.statemachine.data.sync.timeout = 10s (default)
2022-02-14 09:18:59,844 [pool-102-thread-1] INFO  server.RaftServerConfigKeys (ConfUtils.java:logGet(44)) - raft.server.log.statemachine.data.sync.timeout.retry = -1 (default)
2022-02-14 09:18:59,845 [pool-102-thread-1] INFO  server.RaftServerConfigKeys (ConfUtils.java:logGet(44)) - raft.server.log.write.buffer.size = 1048576 (custom)
2022-02-14 09:18:59,846 [pool-102-thread-1] INFO  server.RaftServerConfigKeys (ConfUtils.java:logGet(44)) - raft.server.log.statemachine.data.caching.enabled = true (custom)
2022-02-14 09:18:59,846 [pool-102-thread-1] INFO  segmented.SegmentedRaftLogWorker (SegmentedRaftLogWorker.java:lambda$new$0(133)) - 737834c3-cf9b-40a3-92c6-22f96faad031@group-5D690E8C2256-SegmentedRaftLogWorker: flushIndex: setUnconditionally 0 -> -1
2022-02-14 09:18:59,846 [pool-102-thread-1] INFO  segmented.SegmentedRaftLogWorker (SegmentedRaftLogWorker.java:lambda$new$0(133)) - 737834c3-cf9b-40a3-92c6-22f96faad031@group-5D690E8C2256-SegmentedRaftLogWorker: safeCacheEvictIndex: setUnconditionally 0 -> -1
2022-02-14 09:18:59,849 [pool-102-thread-1] INFO  server.RaftServerConfigKeys (ConfUtils.java:logGet(44)) - raft.server.snapshot.auto.trigger.enabled = true (custom)
2022-02-14 09:18:59,849 [pool-102-thread-1] INFO  server.RaftServerConfigKeys (ConfUtils.java:logGet(44)) - raft.server.snapshot.auto.trigger.threshold = 10000 (custom)
2022-02-14 09:18:59,849 [pool-102-thread-1] INFO  server.RaftServerConfigKeys (ConfUtils.java:logGet(44)) - raft.server.snapshot.retention.file.num = 5 (custom)
2022-02-14 09:18:59,849 [pool-102-thread-1] INFO  server.RaftServerConfigKeys (ConfUtils.java:logGet(44)) - raft.server.log.purge.upto.snapshot.index = false (default)
2022-02-14 09:18:59,849 [pool-102-thread-1] INFO  server.RaftServerConfigKeys (ConfUtils.java:logGet(44)) - raft.server.retrycache.expirytime = 600000ms (custom)
2022-02-14 09:18:59,849 [pool-102-thread-1] INFO  server.RaftServerConfigKeys (ConfUtils.java:logGet(44)) - raft.server.retrycache.statistics.expirytime = 100μs (default)
2022-02-14 09:18:59,851 [pool-102-thread-1] INFO  server.RaftServer$Division (RaftServerImpl.java:start(301)) - 737834c3-cf9b-40a3-92c6-22f96faad031@group-5D690E8C2256: start as a follower, conf=-1: [737834c3-cf9b-40a3-92c6-22f96faad031|rpc:10.1.0.22:40731|priority:1], old=null
2022-02-14 09:18:59,851 [pool-102-thread-1] INFO  server.RaftServer$Division (RaftServerImpl.java:setRole(290)) - 737834c3-cf9b-40a3-92c6-22f96faad031@group-5D690E8C2256: changes role from      null to FOLLOWER at term 0 for startAsFollower
2022-02-14 09:18:59,851 [pool-102-thread-1] INFO  impl.RoleInfo (RoleInfo.java:updateAndGet(130)) - 737834c3-cf9b-40a3-92c6-22f96faad031: start 737834c3-cf9b-40a3-92c6-22f96faad031@group-5D690E8C2256-FollowerState
2022-02-14 09:18:59,851 [pool-102-thread-1] INFO  util.JmxRegister (JmxRegister.java:tryRegister(44)) - Successfully registered JMX Bean with object name Ratis:service=RaftServer,group=group-5D690E8C2256,id=737834c3-cf9b-40a3-92c6-22f96faad031
2022-02-14 09:18:59,858 [Command processor thread] INFO  ratis.XceiverServerRatis (XceiverServerRatis.java:addGroup(768)) - Created group PipelineID=71bae90a-4f6b-498e-bd9f-5d690e8c2256
2022-02-14 09:18:59,859 [Command processor thread] INFO  commandhandler.CreatePipelineCommandHandler (CreatePipelineCommandHandler.java:handle(106)) - Created Pipeline RATIS ONE PipelineID=71bae90a-4f6b-498e-bd9f-5d690e8c2256.
2022-02-14 09:18:59,859 [Command processor thread] INFO  server.RaftServer (RaftServerProxy.java:addNew(95)) - 737834c3-cf9b-40a3-92c6-22f96faad031: addNew group-E238EC1F3C6C:[c470596b-60de-45b2-8aec-27399339dd50|rpc:10.1.0.22:35831|priority:0, 0637dcbd-3228-4a5f-ac75-2b0c4f9ee7c1|rpc:10.1.0.22:46669|priority:0, 737834c3-cf9b-40a3-92c6-22f96faad031|rpc:10.1.0.22:40731|priority:1] returns group-E238EC1F3C6C:java.util.concurrent.CompletableFuture@6c2ebe12[Not completed]
2022-02-14 09:18:59,862 [pool-102-thread-1] INFO  server.RaftServer$Division (RaftServerImpl.java:<init>(184)) - 737834c3-cf9b-40a3-92c6-22f96faad031: new RaftServerImpl for group-E238EC1F3C6C:[c470596b-60de-45b2-8aec-27399339dd50|rpc:10.1.0.22:35831|priority:0, 0637dcbd-3228-4a5f-ac75-2b0c4f9ee7c1|rpc:10.1.0.22:46669|priority:0, 737834c3-cf9b-40a3-92c6-22f96faad031|rpc:10.1.0.22:40731|priority:1] with ContainerStateMachine:uninitialized
2022-02-14 09:18:59,862 [pool-102-thread-1] INFO  server.RaftServerConfigKeys (ConfUtils.java:logGet(44)) - raft.server.rpc.timeout.min = 5s (custom)
2022-02-14 09:18:59,862 [pool-102-thread-1] INFO  server.RaftServerConfigKeys (ConfUtils.java:logGet(44)) - raft.server.rpc.timeout.max = 5200ms (custom)
2022-02-14 09:18:59,862 [pool-102-thread-1] INFO  server.RaftServerConfigKeys (ConfUtils.java:logGet(44)) - raft.server.rpc.sleep.time = 25ms (default)
2022-02-14 09:18:59,862 [pool-102-thread-1] INFO  server.RaftServerConfigKeys (ConfUtils.java:logGet(44)) - raft.server.rpc.slowness.timeout = 300s (custom)
2022-02-14 09:18:59,862 [pool-102-thread-1] INFO  server.RaftServerConfigKeys (ConfUtils.java:logGet(44)) - raft.server.leaderelection.leader.step-down.wait-time = 10s (default)
2022-02-14 09:18:59,862 [EventQueue-PipelineReportForPipelineReportHandler] INFO  pipeline.PipelineManagerImpl (PipelineManagerImpl.java:openPipeline(291)) - Pipeline Pipeline[ Id: 71bae90a-4f6b-498e-bd9f-5d690e8c2256, Nodes: 737834c3-cf9b-40a3-92c6-22f96faad031{ip: 10.1.0.22, host: fv-az12-997.exdb2aeach2ezidoxz41lk3bwg.cx.internal.cloudapp.net, ports: [REPLICATION=46147, RATIS=40731, RATIS_ADMIN=40731, RATIS_SERVER=40731, STANDALONE=32891], networkLocation: /default-rack, certSerialId: null, persistedOpState: IN_SERVICE, persistedOpStateExpiryEpochSec: 0}, ReplicationConfig: RATIS/ONE, State:ALLOCATED, leaderId:737834c3-cf9b-40a3-92c6-22f96faad031, CreationTimestamp2022-02-14T09:18:56.864Z[Etc/UTC]] moved to OPEN state
2022-02-14 09:18:59,863 [pool-102-thread-1] INFO  server.RaftServerConfigKeys (ConfUtils.java:logGet(44)) - raft.server.sleep.deviation.threshold = 300ms (default)
2022-02-14 09:18:59,864 [pool-102-thread-1] INFO  server.RaftServerConfigKeys (ConfUtils.java:logGet(44)) - raft.server.log.appender.install.snapshot.enabled = false (custom)
2022-02-14 09:18:59,864 [pool-102-thread-1] INFO  server.RaftServer$Division (ServerState.java:<init>(105)) - 737834c3-cf9b-40a3-92c6-22f96faad031@group-E238EC1F3C6C: ConfigurationManager, init=-1: [c470596b-60de-45b2-8aec-27399339dd50|rpc:10.1.0.22:35831|priority:0, 0637dcbd-3228-4a5f-ac75-2b0c4f9ee7c1|rpc:10.1.0.22:46669|priority:0, 737834c3-cf9b-40a3-92c6-22f96faad031|rpc:10.1.0.22:40731|priority:1], old=null, confs=<EMPTY_MAP>
2022-02-14 09:18:59,866 [pool-102-thread-1] INFO  server.RaftServerConfigKeys (ConfUtils.java:logGet(44)) - raft.server.storage.dir = [/home/runner/work/ozone/ozone/hadoop-ozone/integration-test/target/test-dir/MiniOzoneClusterImpl-9687bb22-1f81-4155-97c5-ed9e7781f5c1/datanode-0/data/ratis] (custom)
2022-02-14 09:18:59,868 [4d1767bf-7f27-4798-b2df-8da5eab892db@group-ED9E7781F5C1-StateMachineUpdater] INFO  safemode.HealthyPipelineSafeModeRule (HealthyPipelineSafeModeRule.java:initializeRule(152)) - Refreshed total pipeline count is 0, healthy pipeline threshold count is 1
2022-02-14 09:18:59,868 [pool-102-thread-1] INFO  server.RaftServerConfigKeys (ConfUtils.java:logGet(44)) - raft.server.log.corruption.policy = EXCEPTION (default)
2022-02-14 09:18:59,871 [pool-102-thread-1] INFO  server.RaftServerConfigKeys (ConfUtils.java:logGet(44)) - raft.server.storage.free-space.min = 0MB (=0) (default)
2022-02-14 09:18:59,871 [pool-102-thread-1] INFO  storage.RaftStorageDirectory (RaftStorageDirectoryImpl.java:analyzeStorage(135)) - The storage directory /home/runner/work/ozone/ozone/hadoop-ozone/integration-test/target/test-dir/MiniOzoneClusterImpl-9687bb22-1f81-4155-97c5-ed9e7781f5c1/datanode-0/data/ratis/9592aa43-5df2-4faf-a603-e238ec1f3c6c does not exist. Creating ...
2022-02-14 09:18:59,871 [EventQueue-OpenPipelineForHealthyPipelineSafeModeRule] INFO  safemode.SCMSafeModeManager (HealthyPipelineSafeModeRule.java:process(124)) - SCM in safe mode. Healthy pipelines reported count is 0, required healthy pipeline reported count is 1
2022-02-14 09:18:59,872 [pool-102-thread-1] INFO  storage.RaftStorageDirectory (RaftStorageDirectoryImpl.java:tryLock(230)) - Lock on /home/runner/work/ozone/ozone/hadoop-ozone/integration-test/target/test-dir/MiniOzoneClusterImpl-9687bb22-1f81-4155-97c5-ed9e7781f5c1/datanode-0/data/ratis/9592aa43-5df2-4faf-a603-e238ec1f3c6c/in_use.lock acquired by nodename 1675@fv-az12-997
2022-02-14 09:18:59,874 [pool-102-thread-1] INFO  storage.RaftStorage (RaftStorageImpl.java:format(89)) - Storage directory /home/runner/work/ozone/ozone/hadoop-ozone/integration-test/target/test-dir/MiniOzoneClusterImpl-9687bb22-1f81-4155-97c5-ed9e7781f5c1/datanode-0/data/ratis/9592aa43-5df2-4faf-a603-e238ec1f3c6c has been successfully formatted.
2022-02-14 09:18:59,874 [pool-102-thread-1] INFO  ratis.ContainerStateMachine (ContainerStateMachine.java:loadSnapshot(231)) - group-E238EC1F3C6C: The snapshot info is null. Setting the last applied indexto:(t:0, i:~)
2022-02-14 09:18:59,875 [pool-102-thread-1] INFO  server.RaftServerConfigKeys (ConfUtils.java:logGet(44)) - raft.server.notification.no-leader.timeout = 300s (custom)
2022-02-14 09:18:59,875 [pool-102-thread-1] INFO  server.RaftServerConfigKeys (ConfUtils.java:logGet(44)) - raft.server.log.use.memory = false (default)
2022-02-14 09:18:59,875 [pool-102-thread-1] INFO  server.RaftServerConfigKeys (ConfUtils.java:logGet(44)) - raft.server.log.purge.gap = 1000000 (custom)
2022-02-14 09:18:59,875 [pool-102-thread-1] INFO  server.RaftServerConfigKeys (ConfUtils.java:logGet(44)) - raft.server.log.appender.buffer.byte-limit = 33554432 (custom)
2022-02-14 09:18:59,875 [pool-102-thread-1] INFO  server.RaftServerConfigKeys (ConfUtils.java:logGet(44)) - raft.server.log.segment.size.max = 1048576 (custom)
2022-02-14 09:18:59,880 [pool-102-thread-1] INFO  server.RaftServerConfigKeys (ConfUtils.java:logGet(44)) - raft.server.log.segment.cache.num.max = 2 (custom)
2022-02-14 09:18:59,880 [pool-102-thread-1] INFO  server.RaftServerConfigKeys (ConfUtils.java:logGet(44)) - raft.server.log.segment.cache.size.max = 200MB (=209715200) (default)
2022-02-14 09:18:59,880 [pool-102-thread-1] INFO  segmented.SegmentedRaftLogWorker (SegmentedRaftLogWorker.java:<init>(182)) - new 737834c3-cf9b-40a3-92c6-22f96faad031@group-E238EC1F3C6C-SegmentedRaftLogWorker for RaftStorageImpl:Storage Directory /home/runner/work/ozone/ozone/hadoop-ozone/integration-test/target/test-dir/MiniOzoneClusterImpl-9687bb22-1f81-4155-97c5-ed9e7781f5c1/datanode-0/data/ratis/9592aa43-5df2-4faf-a603-e238ec1f3c6c
2022-02-14 09:18:59,880 [pool-102-thread-1] INFO  server.RaftServerConfigKeys (ConfUtils.java:logGet(44)) - raft.server.log.queue.byte-limit = 2147483647 (custom)
2022-02-14 09:18:59,880 [pool-102-thread-1] INFO  server.RaftServerConfigKeys (ConfUtils.java:logGet(44)) - raft.server.log.queue.element-limit = 1024 (custom)
2022-02-14 09:18:59,880 [pool-102-thread-1] INFO  server.RaftServerConfigKeys (ConfUtils.java:logGet(44)) - raft.server.log.segment.size.max = 1048576 (custom)
2022-02-14 09:18:59,880 [pool-102-thread-1] INFO  server.RaftServerConfigKeys (ConfUtils.java:logGet(44)) - raft.server.log.preallocated.size = 16384 (custom)
2022-02-14 09:18:59,880 [pool-102-thread-1] INFO  server.RaftServerConfigKeys (ConfUtils.java:logGet(44)) - raft.server.log.force.sync.num = 128 (default)
2022-02-14 09:18:59,880 [pool-102-thread-1] INFO  server.RaftServerConfigKeys (ConfUtils.java:logGet(44)) - raft.server.log.statemachine.data.sync = true (default)
2022-02-14 09:18:59,880 [pool-102-thread-1] INFO  server.RaftServerConfigKeys (ConfUtils.java:logGet(44)) - raft.server.log.statemachine.data.sync.timeout = 10s (default)
2022-02-14 09:18:59,880 [pool-102-thread-1] INFO  server.RaftServerConfigKeys (ConfUtils.java:logGet(44)) - raft.server.log.statemachine.data.sync.timeout.retry = -1 (default)
2022-02-14 09:18:59,881 [pool-102-thread-1] INFO  server.RaftServerConfigKeys (ConfUtils.java:logGet(44)) - raft.server.log.write.buffer.size = 1048576 (custom)
2022-02-14 09:18:59,882 [pool-102-thread-1] INFO  server.RaftServerConfigKeys (ConfUtils.java:logGet(44)) - raft.server.log.statemachine.data.caching.enabled = true (custom)
2022-02-14 09:18:59,882 [pool-102-thread-1] INFO  segmented.SegmentedRaftLogWorker (SegmentedRaftLogWorker.java:lambda$new$0(133)) - 737834c3-cf9b-40a3-92c6-22f96faad031@group-E238EC1F3C6C-SegmentedRaftLogWorker: flushIndex: setUnconditionally 0 -> -1
2022-02-14 09:18:59,882 [pool-102-thread-1] INFO  segmented.SegmentedRaftLogWorker (SegmentedRaftLogWorker.java:lambda$new$0(133)) - 737834c3-cf9b-40a3-92c6-22f96faad031@group-E238EC1F3C6C-SegmentedRaftLogWorker: safeCacheEvictIndex: setUnconditionally 0 -> -1
2022-02-14 09:18:59,890 [EventQueue-OpenPipelineForHealthyPipelineSafeModeRule] INFO  safemode.SCMSafeModeManager (HealthyPipelineSafeModeRule.java:process(124)) - SCM in safe mode. Healthy pipelines reported count is 0, required healthy pipeline reported count is 1
2022-02-14 09:18:59,891 [pool-102-thread-1] INFO  server.RaftServerConfigKeys (ConfUtils.java:logGet(44)) - raft.server.snapshot.auto.trigger.enabled = true (custom)
2022-02-14 09:18:59,891 [pool-102-thread-1] INFO  server.RaftServerConfigKeys (ConfUtils.java:logGet(44)) - raft.server.snapshot.auto.trigger.threshold = 10000 (custom)
2022-02-14 09:18:59,891 [pool-102-thread-1] INFO  server.RaftServerConfigKeys (ConfUtils.java:logGet(44)) - raft.server.snapshot.retention.file.num = 5 (custom)
2022-02-14 09:18:59,891 [pool-102-thread-1] INFO  server.RaftServerConfigKeys (ConfUtils.java:logGet(44)) - raft.server.log.purge.upto.snapshot.index = false (default)
2022-02-14 09:18:59,891 [pool-102-thread-1] INFO  server.RaftServerConfigKeys (ConfUtils.java:logGet(44)) - raft.server.retrycache.expirytime = 600000ms (custom)
2022-02-14 09:18:59,892 [pool-102-thread-1] INFO  server.RaftServerConfigKeys (ConfUtils.java:logGet(44)) - raft.server.retrycache.statistics.expirytime = 100μs (default)
2022-02-14 09:18:59,893 [pool-102-thread-1] INFO  server.RaftServer$Division (RaftServerImpl.java:start(301)) - 737834c3-cf9b-40a3-92c6-22f96faad031@group-E238EC1F3C6C: start as a follower, conf=-1: [c470596b-60de-45b2-8aec-27399339dd50|rpc:10.1.0.22:35831|priority:0, 0637dcbd-3228-4a5f-ac75-2b0c4f9ee7c1|rpc:10.1.0.22:46669|priority:0, 737834c3-cf9b-40a3-92c6-22f96faad031|rpc:10.1.0.22:40731|priority:1], old=null
2022-02-14 09:18:59,893 [pool-102-thread-1] INFO  server.RaftServer$Division (RaftServerImpl.java:setRole(290)) - 737834c3-cf9b-40a3-92c6-22f96faad031@group-E238EC1F3C6C: changes role from      null to FOLLOWER at term 0 for startAsFollower
2022-02-14 09:18:59,893 [pool-102-thread-1] INFO  impl.RoleInfo (RoleInfo.java:updateAndGet(130)) - 737834c3-cf9b-40a3-92c6-22f96faad031: start 737834c3-cf9b-40a3-92c6-22f96faad031@group-E238EC1F3C6C-FollowerState
2022-02-14 09:18:59,894 [pool-102-thread-1] INFO  util.JmxRegister (JmxRegister.java:tryRegister(44)) - Successfully registered JMX Bean with object name Ratis:service=RaftServer,group=group-E238EC1F3C6C,id=737834c3-cf9b-40a3-92c6-22f96faad031
2022-02-14 09:18:59,894 [Command processor thread] INFO  ratis.XceiverServerRatis (XceiverServerRatis.java:addGroup(768)) - Created group PipelineID=9592aa43-5df2-4faf-a603-e238ec1f3c6c
2022-02-14 09:18:59,968 [grpc-default-executor-0] INFO  server.RaftServer (RaftServerProxy.java:addNew(95)) - c470596b-60de-45b2-8aec-27399339dd50: addNew group-E238EC1F3C6C:[c470596b-60de-45b2-8aec-27399339dd50|rpc:10.1.0.22:35831|dataStream:|priority:0, 0637dcbd-3228-4a5f-ac75-2b0c4f9ee7c1|rpc:10.1.0.22:46669|dataStream:|priority:0, 737834c3-cf9b-40a3-92c6-22f96faad031|rpc:10.1.0.22:40731|dataStream:|priority:1] returns group-E238EC1F3C6C:java.util.concurrent.CompletableFuture@752310e5[Not completed]
2022-02-14 09:18:59,970 [pool-123-thread-1] INFO  server.RaftServer$Division (RaftServerImpl.java:<init>(184)) - c470596b-60de-45b2-8aec-27399339dd50: new RaftServerImpl for group-E238EC1F3C6C:[c470596b-60de-45b2-8aec-27399339dd50|rpc:10.1.0.22:35831|dataStream:|priority:0, 0637dcbd-3228-4a5f-ac75-2b0c4f9ee7c1|rpc:10.1.0.22:46669|dataStream:|priority:0, 737834c3-cf9b-40a3-92c6-22f96faad031|rpc:10.1.0.22:40731|dataStream:|priority:1] with ContainerStateMachine:uninitialized
2022-02-14 09:18:59,970 [pool-123-thread-1] INFO  server.RaftServerConfigKeys (ConfUtils.java:logGet(44)) - raft.server.rpc.timeout.min = 5s (custom)
2022-02-14 09:18:59,971 [pool-123-thread-1] INFO  server.RaftServerConfigKeys (ConfUtils.java:logGet(44)) - raft.server.rpc.timeout.max = 5200ms (custom)
2022-02-14 09:18:59,971 [pool-123-thread-1] INFO  server.RaftServerConfigKeys (ConfUtils.java:logGet(44)) - raft.server.rpc.sleep.time = 25ms (default)
2022-02-14 09:18:59,971 [pool-123-thread-1] INFO  server.RaftServerConfigKeys (ConfUtils.java:logGet(44)) - raft.server.rpc.slowness.timeout = 300s (custom)
2022-02-14 09:18:59,971 [pool-123-thread-1] INFO  server.RaftServerConfigKeys (ConfUtils.java:logGet(44)) - raft.server.leaderelection.leader.step-down.wait-time = 10s (default)
2022-02-14 09:18:59,971 [pool-123-thread-1] INFO  server.RaftServerConfigKeys (ConfUtils.java:logGet(44)) - raft.server.sleep.deviation.threshold = 300ms (default)
2022-02-14 09:18:59,971 [pool-123-thread-1] INFO  server.RaftServerConfigKeys (ConfUtils.java:logGet(44)) - raft.server.log.appender.install.snapshot.enabled = false (custom)
2022-02-14 09:18:59,971 [pool-123-thread-1] INFO  server.RaftServer$Division (ServerState.java:<init>(105)) - c470596b-60de-45b2-8aec-27399339dd50@group-E238EC1F3C6C: ConfigurationManager, init=-1: [c470596b-60de-45b2-8aec-27399339dd50|rpc:10.1.0.22:35831|dataStream:|priority:0, 0637dcbd-3228-4a5f-ac75-2b0c4f9ee7c1|rpc:10.1.0.22:46669|dataStream:|priority:0, 737834c3-cf9b-40a3-92c6-22f96faad031|rpc:10.1.0.22:40731|dataStream:|priority:1], old=null, confs=<EMPTY_MAP>
2022-02-14 09:18:59,971 [pool-123-thread-1] INFO  server.RaftServerConfigKeys (ConfUtils.java:logGet(44)) - raft.server.storage.dir = [/home/runner/work/ozone/ozone/hadoop-ozone/integration-test/target/test-dir/MiniOzoneClusterImpl-9687bb22-1f81-4155-97c5-ed9e7781f5c1/datanode-1/data/ratis] (custom)
2022-02-14 09:18:59,972 [pool-123-thread-1] INFO  server.RaftServerConfigKeys (ConfUtils.java:logGet(44)) - raft.server.log.corruption.policy = EXCEPTION (default)
2022-02-14 09:18:59,972 [pool-123-thread-1] INFO  server.RaftServerConfigKeys (ConfUtils.java:logGet(44)) - raft.server.storage.free-space.min = 0MB (=0) (default)
2022-02-14 09:18:59,972 [pool-123-thread-1] INFO  storage.RaftStorageDirectory (RaftStorageDirectoryImpl.java:analyzeStorage(135)) - The storage directory /home/runner/work/ozone/ozone/hadoop-ozone/integration-test/target/test-dir/MiniOzoneClusterImpl-9687bb22-1f81-4155-97c5-ed9e7781f5c1/datanode-1/data/ratis/9592aa43-5df2-4faf-a603-e238ec1f3c6c does not exist. Creating ...
2022-02-14 09:18:59,973 [pool-123-thread-1] INFO  storage.RaftStorageDirectory (RaftStorageDirectoryImpl.java:tryLock(230)) - Lock on /home/runner/work/ozone/ozone/hadoop-ozone/integration-test/target/test-dir/MiniOzoneClusterImpl-9687bb22-1f81-4155-97c5-ed9e7781f5c1/datanode-1/data/ratis/9592aa43-5df2-4faf-a603-e238ec1f3c6c/in_use.lock acquired by nodename 1675@fv-az12-997
2022-02-14 09:18:59,974 [pool-123-thread-1] INFO  storage.RaftStorage (RaftStorageImpl.java:format(89)) - Storage directory /home/runner/work/ozone/ozone/hadoop-ozone/integration-test/target/test-dir/MiniOzoneClusterImpl-9687bb22-1f81-4155-97c5-ed9e7781f5c1/datanode-1/data/ratis/9592aa43-5df2-4faf-a603-e238ec1f3c6c has been successfully formatted.
2022-02-14 09:18:59,975 [pool-123-thread-1] INFO  ratis.ContainerStateMachine (ContainerStateMachine.java:loadSnapshot(231)) - group-E238EC1F3C6C: The snapshot info is null. Setting the last applied indexto:(t:0, i:~)
2022-02-14 09:18:59,981 [pool-123-thread-1] INFO  server.RaftServerConfigKeys (ConfUtils.java:logGet(44)) - raft.server.notification.no-leader.timeout = 300s (custom)
2022-02-14 09:18:59,983 [pool-123-thread-1] INFO  server.RaftServerConfigKeys (ConfUtils.java:logGet(44)) - raft.server.log.use.memory = false (default)
2022-02-14 09:18:59,983 [pool-123-thread-1] INFO  server.RaftServerConfigKeys (ConfUtils.java:logGet(44)) - raft.server.log.purge.gap = 1000000 (custom)
2022-02-14 09:18:59,983 [pool-123-thread-1] INFO  server.RaftServerConfigKeys (ConfUtils.java:logGet(44)) - raft.server.log.appender.buffer.byte-limit = 33554432 (custom)
2022-02-14 09:18:59,983 [pool-123-thread-1] INFO  server.RaftServerConfigKeys (ConfUtils.java:logGet(44)) - raft.server.log.segment.size.max = 1048576 (custom)
2022-02-14 09:18:59,984 [pool-123-thread-1] INFO  server.RaftServerConfigKeys (ConfUtils.java:logGet(44)) - raft.server.log.segment.cache.num.max = 2 (custom)
2022-02-14 09:18:59,984 [pool-123-thread-1] INFO  server.RaftServerConfigKeys (ConfUtils.java:logGet(44)) - raft.server.log.segment.cache.size.max = 200MB (=209715200) (default)
2022-02-14 09:18:59,984 [pool-123-thread-1] INFO  segmented.SegmentedRaftLogWorker (SegmentedRaftLogWorker.java:<init>(182)) - new c470596b-60de-45b2-8aec-27399339dd50@group-E238EC1F3C6C-SegmentedRaftLogWorker for RaftStorageImpl:Storage Directory /home/runner/work/ozone/ozone/hadoop-ozone/integration-test/target/test-dir/MiniOzoneClusterImpl-9687bb22-1f81-4155-97c5-ed9e7781f5c1/datanode-1/data/ratis/9592aa43-5df2-4faf-a603-e238ec1f3c6c
2022-02-14 09:18:59,984 [pool-123-thread-1] INFO  server.RaftServerConfigKeys (ConfUtils.java:logGet(44)) - raft.server.log.queue.byte-limit = 2147483647 (custom)
2022-02-14 09:18:59,984 [pool-123-thread-1] INFO  server.RaftServerConfigKeys (ConfUtils.java:logGet(44)) - raft.server.log.queue.element-limit = 1024 (custom)
2022-02-14 09:18:59,984 [pool-123-thread-1] INFO  server.RaftServerConfigKeys (ConfUtils.java:logGet(44)) - raft.server.log.segment.size.max = 1048576 (custom)
2022-02-14 09:18:59,984 [pool-123-thread-1] INFO  server.RaftServerConfigKeys (ConfUtils.java:logGet(44)) - raft.server.log.preallocated.size = 16384 (custom)
2022-02-14 09:18:59,984 [pool-123-thread-1] INFO  server.RaftServerConfigKeys (ConfUtils.java:logGet(44)) - raft.server.log.force.sync.num = 128 (default)
2022-02-14 09:18:59,984 [pool-123-thread-1] INFO  server.RaftServerConfigKeys (ConfUtils.java:logGet(44)) - raft.server.log.statemachine.data.sync = true (default)
2022-02-14 09:18:59,985 [pool-123-thread-1] INFO  server.RaftServerConfigKeys (ConfUtils.java:logGet(44)) - raft.server.log.statemachine.data.sync.timeout = 10s (default)
2022-02-14 09:18:59,985 [pool-123-thread-1] INFO  server.RaftServerConfigKeys (ConfUtils.java:logGet(44)) - raft.server.log.statemachine.data.sync.timeout.retry = -1 (default)
2022-02-14 09:18:59,986 [pool-123-thread-1] INFO  server.RaftServerConfigKeys (ConfUtils.java:logGet(44)) - raft.server.log.write.buffer.size = 1048576 (custom)
2022-02-14 09:18:59,987 [pool-123-thread-1] INFO  server.RaftServerConfigKeys (ConfUtils.java:logGet(44)) - raft.server.log.statemachine.data.caching.enabled = true (custom)
2022-02-14 09:18:59,987 [pool-123-thread-1] INFO  segmented.SegmentedRaftLogWorker (SegmentedRaftLogWorker.java:lambda$new$0(133)) - c470596b-60de-45b2-8aec-27399339dd50@group-E238EC1F3C6C-SegmentedRaftLogWorker: flushIndex: setUnconditionally 0 -> -1
2022-02-14 09:18:59,987 [pool-123-thread-1] INFO  segmented.SegmentedRaftLogWorker (SegmentedRaftLogWorker.java:lambda$new$0(133)) - c470596b-60de-45b2-8aec-27399339dd50@group-E238EC1F3C6C-SegmentedRaftLogWorker: safeCacheEvictIndex: setUnconditionally 0 -> -1
2022-02-14 09:18:59,990 [pool-123-thread-1] INFO  server.RaftServerConfigKeys (ConfUtils.java:logGet(44)) - raft.server.snapshot.auto.trigger.enabled = true (custom)
2022-02-14 09:18:59,990 [pool-123-thread-1] INFO  server.RaftServerConfigKeys (ConfUtils.java:logGet(44)) - raft.server.snapshot.auto.trigger.threshold = 10000 (custom)
2022-02-14 09:18:59,990 [pool-123-thread-1] INFO  server.RaftServerConfigKeys (ConfUtils.java:logGet(44)) - raft.server.snapshot.retention.file.num = 5 (custom)
2022-02-14 09:18:59,990 [pool-123-thread-1] INFO  server.RaftServerConfigKeys (ConfUtils.java:logGet(44)) - raft.server.log.purge.upto.snapshot.index = false (default)
2022-02-14 09:18:59,990 [pool-123-thread-1] INFO  server.RaftServerConfigKeys (ConfUtils.java:logGet(44)) - raft.server.retrycache.expirytime = 600000ms (custom)
2022-02-14 09:18:59,990 [pool-123-thread-1] INFO  server.RaftServerConfigKeys (ConfUtils.java:logGet(44)) - raft.server.retrycache.statistics.expirytime = 100μs (default)
2022-02-14 09:18:59,992 [pool-123-thread-1] INFO  server.RaftServer$Division (RaftServerImpl.java:start(301)) - c470596b-60de-45b2-8aec-27399339dd50@group-E238EC1F3C6C: start as a follower, conf=-1: [c470596b-60de-45b2-8aec-27399339dd50|rpc:10.1.0.22:35831|dataStream:|priority:0, 0637dcbd-3228-4a5f-ac75-2b0c4f9ee7c1|rpc:10.1.0.22:46669|dataStream:|priority:0, 737834c3-cf9b-40a3-92c6-22f96faad031|rpc:10.1.0.22:40731|dataStream:|priority:1], old=null
2022-02-14 09:18:59,992 [pool-123-thread-1] INFO  server.RaftServer$Division (RaftServerImpl.java:setRole(290)) - c470596b-60de-45b2-8aec-27399339dd50@group-E238EC1F3C6C: changes role from      null to FOLLOWER at term 0 for startAsFollower
2022-02-14 09:18:59,992 [pool-123-thread-1] INFO  impl.RoleInfo (RoleInfo.java:updateAndGet(130)) - c470596b-60de-45b2-8aec-27399339dd50: start c470596b-60de-45b2-8aec-27399339dd50@group-E238EC1F3C6C-FollowerState
2022-02-14 09:18:59,994 [pool-123-thread-1] INFO  util.JmxRegister (JmxRegister.java:tryRegister(44)) - Successfully registered JMX Bean with object name Ratis:service=RaftServer,group=group-E238EC1F3C6C,id=c470596b-60de-45b2-8aec-27399339dd50
2022-02-14 09:19:00,059 [grpc-default-executor-0] INFO  server.RaftServer (RaftServerProxy.java:addNew(95)) - 0637dcbd-3228-4a5f-ac75-2b0c4f9ee7c1: addNew group-E238EC1F3C6C:[c470596b-60de-45b2-8aec-27399339dd50|rpc:10.1.0.22:35831|dataStream:|priority:0, 0637dcbd-3228-4a5f-ac75-2b0c4f9ee7c1|rpc:10.1.0.22:46669|dataStream:|priority:0, 737834c3-cf9b-40a3-92c6-22f96faad031|rpc:10.1.0.22:40731|dataStream:|priority:1] returns group-E238EC1F3C6C:java.util.concurrent.CompletableFuture@62b915ee[Not completed]
2022-02-14 09:19:00,060 [pool-144-thread-1] INFO  server.RaftServer$Division (RaftServerImpl.java:<init>(184)) - 0637dcbd-3228-4a5f-ac75-2b0c4f9ee7c1: new RaftServerImpl for group-E238EC1F3C6C:[c470596b-60de-45b2-8aec-27399339dd50|rpc:10.1.0.22:35831|dataStream:|priority:0, 0637dcbd-3228-4a5f-ac75-2b0c4f9ee7c1|rpc:10.1.0.22:46669|dataStream:|priority:0, 737834c3-cf9b-40a3-92c6-22f96faad031|rpc:10.1.0.22:40731|dataStream:|priority:1] with ContainerStateMachine:uninitialized
2022-02-14 09:19:00,069 [pool-144-thread-1] INFO  server.RaftServerConfigKeys (ConfUtils.java:logGet(44)) - raft.server.rpc.timeout.min = 5s (custom)
2022-02-14 09:19:00,069 [pool-144-thread-1] INFO  server.RaftServerConfigKeys (ConfUtils.java:logGet(44)) - raft.server.rpc.timeout.max = 5200ms (custom)
2022-02-14 09:19:00,069 [pool-144-thread-1] INFO  server.RaftServerConfigKeys (ConfUtils.java:logGet(44)) - raft.server.rpc.sleep.time = 25ms (default)
2022-02-14 09:19:00,069 [pool-144-thread-1] INFO  server.RaftServerConfigKeys (ConfUtils.java:logGet(44)) - raft.server.rpc.slowness.timeout = 300s (custom)
2022-02-14 09:19:00,069 [pool-144-thread-1] INFO  server.RaftServerConfigKeys (ConfUtils.java:logGet(44)) - raft.server.leaderelection.leader.step-down.wait-time = 10s (default)
2022-02-14 09:19:00,069 [pool-144-thread-1] INFO  server.RaftServerConfigKeys (ConfUtils.java:logGet(44)) - raft.server.sleep.deviation.threshold = 300ms (default)
2022-02-14 09:19:00,070 [pool-144-thread-1] INFO  server.RaftServerConfigKeys (ConfUtils.java:logGet(44)) - raft.server.log.appender.install.snapshot.enabled = false (custom)
2022-02-14 09:19:00,070 [pool-144-thread-1] INFO  server.RaftServer$Division (ServerState.java:<init>(105)) - 0637dcbd-3228-4a5f-ac75-2b0c4f9ee7c1@group-E238EC1F3C6C: ConfigurationManager, init=-1: [c470596b-60de-45b2-8aec-27399339dd50|rpc:10.1.0.22:35831|dataStream:|priority:0, 0637dcbd-3228-4a5f-ac75-2b0c4f9ee7c1|rpc:10.1.0.22:46669|dataStream:|priority:0, 737834c3-cf9b-40a3-92c6-22f96faad031|rpc:10.1.0.22:40731|dataStream:|priority:1], old=null, confs=<EMPTY_MAP>
2022-02-14 09:19:00,070 [pool-144-thread-1] INFO  server.RaftServerConfigKeys (ConfUtils.java:logGet(44)) - raft.server.storage.dir = [/home/runner/work/ozone/ozone/hadoop-ozone/integration-test/target/test-dir/MiniOzoneClusterImpl-9687bb22-1f81-4155-97c5-ed9e7781f5c1/datanode-2/data/ratis] (custom)
2022-02-14 09:19:00,070 [pool-144-thread-1] INFO  server.RaftServerConfigKeys (ConfUtils.java:logGet(44)) - raft.server.log.corruption.policy = EXCEPTION (default)
2022-02-14 09:19:00,070 [pool-144-thread-1] INFO  server.RaftServerConfigKeys (ConfUtils.java:logGet(44)) - raft.server.storage.free-space.min = 0MB (=0) (default)
2022-02-14 09:19:00,070 [pool-144-thread-1] INFO  storage.RaftStorageDirectory (RaftStorageDirectoryImpl.java:analyzeStorage(135)) - The storage directory /home/runner/work/ozone/ozone/hadoop-ozone/integration-test/target/test-dir/MiniOzoneClusterImpl-9687bb22-1f81-4155-97c5-ed9e7781f5c1/datanode-2/data/ratis/9592aa43-5df2-4faf-a603-e238ec1f3c6c does not exist. Creating ...
2022-02-14 09:19:00,071 [pool-144-thread-1] INFO  storage.RaftStorageDirectory (RaftStorageDirectoryImpl.java:tryLock(230)) - Lock on /home/runner/work/ozone/ozone/hadoop-ozone/integration-test/target/test-dir/MiniOzoneClusterImpl-9687bb22-1f81-4155-97c5-ed9e7781f5c1/datanode-2/data/ratis/9592aa43-5df2-4faf-a603-e238ec1f3c6c/in_use.lock acquired by nodename 1675@fv-az12-997
2022-02-14 09:19:00,073 [pool-144-thread-1] INFO  storage.RaftStorage (RaftStorageImpl.java:format(89)) - Storage directory /home/runner/work/ozone/ozone/hadoop-ozone/integration-test/target/test-dir/MiniOzoneClusterImpl-9687bb22-1f81-4155-97c5-ed9e7781f5c1/datanode-2/data/ratis/9592aa43-5df2-4faf-a603-e238ec1f3c6c has been successfully formatted.
2022-02-14 09:19:00,075 [pool-144-thread-1] INFO  ratis.ContainerStateMachine (ContainerStateMachine.java:loadSnapshot(231)) - group-E238EC1F3C6C: The snapshot info is null. Setting the last applied indexto:(t:0, i:~)
2022-02-14 09:19:00,075 [pool-144-thread-1] INFO  server.RaftServerConfigKeys (ConfUtils.java:logGet(44)) - raft.server.notification.no-leader.timeout = 300s (custom)
2022-02-14 09:19:00,075 [pool-144-thread-1] INFO  server.RaftServerConfigKeys (ConfUtils.java:logGet(44)) - raft.server.log.use.memory = false (default)
2022-02-14 09:19:00,075 [pool-144-thread-1] INFO  server.RaftServerConfigKeys (ConfUtils.java:logGet(44)) - raft.server.log.purge.gap = 1000000 (custom)
2022-02-14 09:19:00,075 [pool-144-thread-1] INFO  server.RaftServerConfigKeys (ConfUtils.java:logGet(44)) - raft.server.log.appender.buffer.byte-limit = 33554432 (custom)
2022-02-14 09:19:00,075 [pool-144-thread-1] INFO  server.RaftServerConfigKeys (ConfUtils.java:logGet(44)) - raft.server.log.segment.size.max = 1048576 (custom)
2022-02-14 09:19:00,076 [pool-144-thread-1] INFO  server.RaftServerConfigKeys (ConfUtils.java:logGet(44)) - raft.server.log.segment.cache.num.max = 2 (custom)
2022-02-14 09:19:00,076 [pool-144-thread-1] INFO  server.RaftServerConfigKeys (ConfUtils.java:logGet(44)) - raft.server.log.segment.cache.size.max = 200MB (=209715200) (default)
2022-02-14 09:19:00,076 [pool-144-thread-1] INFO  segmented.SegmentedRaftLogWorker (SegmentedRaftLogWorker.java:<init>(182)) - new 0637dcbd-3228-4a5f-ac75-2b0c4f9ee7c1@group-E238EC1F3C6C-SegmentedRaftLogWorker for RaftStorageImpl:Storage Directory /home/runner/work/ozone/ozone/hadoop-ozone/integration-test/target/test-dir/MiniOzoneClusterImpl-9687bb22-1f81-4155-97c5-ed9e7781f5c1/datanode-2/data/ratis/9592aa43-5df2-4faf-a603-e238ec1f3c6c
2022-02-14 09:19:00,076 [pool-144-thread-1] INFO  server.RaftServerConfigKeys (ConfUtils.java:logGet(44)) - raft.server.log.queue.byte-limit = 2147483647 (custom)
2022-02-14 09:19:00,076 [pool-144-thread-1] INFO  server.RaftServerConfigKeys (ConfUtils.java:logGet(44)) - raft.server.log.queue.element-limit = 1024 (custom)
2022-02-14 09:19:00,076 [pool-144-thread-1] INFO  server.RaftServerConfigKeys (ConfUtils.java:logGet(44)) - raft.server.log.segment.size.max = 1048576 (custom)
2022-02-14 09:19:00,076 [pool-144-thread-1] INFO  server.RaftServerConfigKeys (ConfUtils.java:logGet(44)) - raft.server.log.preallocated.size = 16384 (custom)
2022-02-14 09:19:00,076 [pool-144-thread-1] INFO  server.RaftServerConfigKeys (ConfUtils.java:logGet(44)) - raft.server.log.force.sync.num = 128 (default)
2022-02-14 09:19:00,076 [pool-144-thread-1] INFO  server.RaftServerConfigKeys (ConfUtils.java:logGet(44)) - raft.server.log.statemachine.data.sync = true (default)
2022-02-14 09:19:00,076 [pool-144-thread-1] INFO  server.RaftServerConfigKeys (ConfUtils.java:logGet(44)) - raft.server.log.statemachine.data.sync.timeout = 10s (default)
2022-02-14 09:19:00,076 [pool-144-thread-1] INFO  server.RaftServerConfigKeys (ConfUtils.java:logGet(44)) - raft.server.log.statemachine.data.sync.timeout.retry = -1 (default)
2022-02-14 09:19:00,077 [pool-144-thread-1] INFO  server.RaftServerConfigKeys (ConfUtils.java:logGet(44)) - raft.server.log.write.buffer.size = 1048576 (custom)
2022-02-14 09:19:00,078 [pool-144-thread-1] INFO  server.RaftServerConfigKeys (ConfUtils.java:logGet(44)) - raft.server.log.statemachine.data.caching.enabled = true (custom)
2022-02-14 09:19:00,078 [pool-144-thread-1] INFO  segmented.SegmentedRaftLogWorker (SegmentedRaftLogWorker.java:lambda$new$0(133)) - 0637dcbd-3228-4a5f-ac75-2b0c4f9ee7c1@group-E238EC1F3C6C-SegmentedRaftLogWorker: flushIndex: setUnconditionally 0 -> -1
2022-02-14 09:19:00,078 [pool-144-thread-1] INFO  segmented.SegmentedRaftLogWorker (SegmentedRaftLogWorker.java:lambda$new$0(133)) - 0637dcbd-3228-4a5f-ac75-2b0c4f9ee7c1@group-E238EC1F3C6C-SegmentedRaftLogWorker: safeCacheEvictIndex: setUnconditionally 0 -> -1
2022-02-14 09:19:00,083 [pool-144-thread-1] INFO  server.RaftServerConfigKeys (ConfUtils.java:logGet(44)) - raft.server.snapshot.auto.trigger.enabled = true (custom)
2022-02-14 09:19:00,083 [pool-144-thread-1] INFO  server.RaftServerConfigKeys (ConfUtils.java:logGet(44)) - raft.server.snapshot.auto.trigger.threshold = 10000 (custom)
2022-02-14 09:19:00,083 [pool-144-thread-1] INFO  server.RaftServerConfigKeys (ConfUtils.java:logGet(44)) - raft.server.snapshot.retention.file.num = 5 (custom)
2022-02-14 09:19:00,083 [pool-144-thread-1] INFO  server.RaftServerConfigKeys (ConfUtils.java:logGet(44)) - raft.server.log.purge.upto.snapshot.index = false (default)
2022-02-14 09:19:00,083 [pool-144-thread-1] INFO  server.RaftServerConfigKeys (ConfUtils.java:logGet(44)) - raft.server.retrycache.expirytime = 600000ms (custom)
2022-02-14 09:19:00,083 [pool-144-thread-1] INFO  server.RaftServerConfigKeys (ConfUtils.java:logGet(44)) - raft.server.retrycache.statistics.expirytime = 100μs (default)
2022-02-14 09:19:00,084 [pool-144-thread-1] INFO  server.RaftServer$Division (RaftServerImpl.java:start(301)) - 0637dcbd-3228-4a5f-ac75-2b0c4f9ee7c1@group-E238EC1F3C6C: start as a follower, conf=-1: [c470596b-60de-45b2-8aec-27399339dd50|rpc:10.1.0.22:35831|dataStream:|priority:0, 0637dcbd-3228-4a5f-ac75-2b0c4f9ee7c1|rpc:10.1.0.22:46669|dataStream:|priority:0, 737834c3-cf9b-40a3-92c6-22f96faad031|rpc:10.1.0.22:40731|dataStream:|priority:1], old=null
2022-02-14 09:19:00,085 [pool-144-thread-1] INFO  server.RaftServer$Division (RaftServerImpl.java:setRole(290)) - 0637dcbd-3228-4a5f-ac75-2b0c4f9ee7c1@group-E238EC1F3C6C: changes role from      null to FOLLOWER at term 0 for startAsFollower
2022-02-14 09:19:00,085 [pool-144-thread-1] INFO  impl.RoleInfo (RoleInfo.java:updateAndGet(130)) - 0637dcbd-3228-4a5f-ac75-2b0c4f9ee7c1: start 0637dcbd-3228-4a5f-ac75-2b0c4f9ee7c1@group-E238EC1F3C6C-FollowerState
2022-02-14 09:19:00,086 [pool-144-thread-1] INFO  util.JmxRegister (JmxRegister.java:tryRegister(44)) - Successfully registered JMX Bean with object name Ratis:service=RaftServer,group=group-E238EC1F3C6C,id=0637dcbd-3228-4a5f-ac75-2b0c4f9ee7c1
2022-02-14 09:19:00,101 [Command processor thread] INFO  commandhandler.CreatePipelineCommandHandler (CreatePipelineCommandHandler.java:handle(106)) - Created Pipeline RATIS THREE PipelineID=9592aa43-5df2-4faf-a603-e238ec1f3c6c.
2022-02-14 09:19:00,101 [Command processor thread] INFO  server.RaftServer (RaftServerProxy.java:addNew(95)) - 737834c3-cf9b-40a3-92c6-22f96faad031: addNew group-9005D579EDD0:[c470596b-60de-45b2-8aec-27399339dd50|rpc:10.1.0.22:35831|priority:0, 0637dcbd-3228-4a5f-ac75-2b0c4f9ee7c1|rpc:10.1.0.22:46669|priority:1, 737834c3-cf9b-40a3-92c6-22f96faad031|rpc:10.1.0.22:40731|priority:0] returns group-9005D579EDD0:java.util.concurrent.CompletableFuture@79f8c232[Not completed]
2022-02-14 09:19:00,103 [pool-102-thread-1] INFO  server.RaftServer$Division (RaftServerImpl.java:<init>(184)) - 737834c3-cf9b-40a3-92c6-22f96faad031: new RaftServerImpl for group-9005D579EDD0:[c470596b-60de-45b2-8aec-27399339dd50|rpc:10.1.0.22:35831|priority:0, 0637dcbd-3228-4a5f-ac75-2b0c4f9ee7c1|rpc:10.1.0.22:46669|priority:1, 737834c3-cf9b-40a3-92c6-22f96faad031|rpc:10.1.0.22:40731|priority:0] with ContainerStateMachine:uninitialized
2022-02-14 09:19:00,103 [pool-102-thread-1] INFO  server.RaftServerConfigKeys (ConfUtils.java:logGet(44)) - raft.server.rpc.timeout.min = 5s (custom)
2022-02-14 09:19:00,103 [pool-102-thread-1] INFO  server.RaftServerConfigKeys (ConfUtils.java:logGet(44)) - raft.server.rpc.timeout.max = 5200ms (custom)
2022-02-14 09:19:00,103 [pool-102-thread-1] INFO  server.RaftServerConfigKeys (ConfUtils.java:logGet(44)) - raft.server.rpc.sleep.time = 25ms (default)
2022-02-14 09:19:00,103 [pool-102-thread-1] INFO  server.RaftServerConfigKeys (ConfUtils.java:logGet(44)) - raft.server.rpc.slowness.timeout = 300s (custom)
2022-02-14 09:19:00,103 [pool-102-thread-1] INFO  server.RaftServerConfigKeys (ConfUtils.java:logGet(44)) - raft.server.leaderelection.leader.step-down.wait-time = 10s (default)
2022-02-14 09:19:00,103 [pool-102-thread-1] INFO  server.RaftServerConfigKeys (ConfUtils.java:logGet(44)) - raft.server.sleep.deviation.threshold = 300ms (default)
2022-02-14 09:19:00,103 [pool-102-thread-1] INFO  server.RaftServerConfigKeys (ConfUtils.java:logGet(44)) - raft.server.log.appender.install.snapshot.enabled = false (custom)
2022-02-14 09:19:00,103 [pool-102-thread-1] INFO  server.RaftServer$Division (ServerState.java:<init>(105)) - 737834c3-cf9b-40a3-92c6-22f96faad031@group-9005D579EDD0: ConfigurationManager, init=-1: [c470596b-60de-45b2-8aec-27399339dd50|rpc:10.1.0.22:35831|priority:0, 0637dcbd-3228-4a5f-ac75-2b0c4f9ee7c1|rpc:10.1.0.22:46669|priority:1, 737834c3-cf9b-40a3-92c6-22f96faad031|rpc:10.1.0.22:40731|priority:0], old=null, confs=<EMPTY_MAP>
2022-02-14 09:19:00,103 [pool-102-thread-1] INFO  server.RaftServerConfigKeys (ConfUtils.java:logGet(44)) - raft.server.storage.dir = [/home/runner/work/ozone/ozone/hadoop-ozone/integration-test/target/test-dir/MiniOzoneClusterImpl-9687bb22-1f81-4155-97c5-ed9e7781f5c1/datanode-0/data/ratis] (custom)
2022-02-14 09:19:00,104 [pool-102-thread-1] INFO  server.RaftServerConfigKeys (ConfUtils.java:logGet(44)) - raft.server.log.corruption.policy = EXCEPTION (default)
2022-02-14 09:19:00,104 [pool-102-thread-1] INFO  server.RaftServerConfigKeys (ConfUtils.java:logGet(44)) - raft.server.storage.free-space.min = 0MB (=0) (default)
2022-02-14 09:19:00,104 [pool-102-thread-1] INFO  storage.RaftStorageDirectory (RaftStorageDirectoryImpl.java:analyzeStorage(135)) - The storage directory /home/runner/work/ozone/ozone/hadoop-ozone/integration-test/target/test-dir/MiniOzoneClusterImpl-9687bb22-1f81-4155-97c5-ed9e7781f5c1/datanode-0/data/ratis/19d3855b-98dd-40d7-ad9e-9005d579edd0 does not exist. Creating ...
2022-02-14 09:19:00,105 [pool-102-thread-1] INFO  storage.RaftStorageDirectory (RaftStorageDirectoryImpl.java:tryLock(230)) - Lock on /home/runner/work/ozone/ozone/hadoop-ozone/integration-test/target/test-dir/MiniOzoneClusterImpl-9687bb22-1f81-4155-97c5-ed9e7781f5c1/datanode-0/data/ratis/19d3855b-98dd-40d7-ad9e-9005d579edd0/in_use.lock acquired by nodename 1675@fv-az12-997
2022-02-14 09:19:00,106 [pool-102-thread-1] INFO  storage.RaftStorage (RaftStorageImpl.java:format(89)) - Storage directory /home/runner/work/ozone/ozone/hadoop-ozone/integration-test/target/test-dir/MiniOzoneClusterImpl-9687bb22-1f81-4155-97c5-ed9e7781f5c1/datanode-0/data/ratis/19d3855b-98dd-40d7-ad9e-9005d579edd0 has been successfully formatted.
2022-02-14 09:19:00,107 [pool-102-thread-1] INFO  ratis.ContainerStateMachine (ContainerStateMachine.java:loadSnapshot(231)) - group-9005D579EDD0: The snapshot info is null. Setting the last applied indexto:(t:0, i:~)
2022-02-14 09:19:00,109 [EventQueue-OpenPipelineForHealthyPipelineSafeModeRule] INFO  safemode.SCMSafeModeManager (HealthyPipelineSafeModeRule.java:process(124)) - SCM in safe mode. Healthy pipelines reported count is 0, required healthy pipeline reported count is 1
2022-02-14 09:19:00,110 [pool-102-thread-1] INFO  server.RaftServerConfigKeys (ConfUtils.java:logGet(44)) - raft.server.notification.no-leader.timeout = 300s (custom)
2022-02-14 09:19:00,111 [pool-102-thread-1] INFO  server.RaftServerConfigKeys (ConfUtils.java:logGet(44)) - raft.server.log.use.memory = false (default)
2022-02-14 09:19:00,111 [pool-102-thread-1] INFO  server.RaftServerConfigKeys (ConfUtils.java:logGet(44)) - raft.server.log.purge.gap = 1000000 (custom)
2022-02-14 09:19:00,111 [pool-102-thread-1] INFO  server.RaftServerConfigKeys (ConfUtils.java:logGet(44)) - raft.server.log.appender.buffer.byte-limit = 33554432 (custom)
2022-02-14 09:19:00,111 [pool-102-thread-1] INFO  server.RaftServerConfigKeys (ConfUtils.java:logGet(44)) - raft.server.log.segment.size.max = 1048576 (custom)
2022-02-14 09:19:00,111 [pool-102-thread-1] INFO  server.RaftServerConfigKeys (ConfUtils.java:logGet(44)) - raft.server.log.segment.cache.num.max = 2 (custom)
2022-02-14 09:19:00,111 [pool-102-thread-1] INFO  server.RaftServerConfigKeys (ConfUtils.java:logGet(44)) - raft.server.log.segment.cache.size.max = 200MB (=209715200) (default)
2022-02-14 09:19:00,111 [pool-102-thread-1] INFO  segmented.SegmentedRaftLogWorker (SegmentedRaftLogWorker.java:<init>(182)) - new 737834c3-cf9b-40a3-92c6-22f96faad031@group-9005D579EDD0-SegmentedRaftLogWorker for RaftStorageImpl:Storage Directory /home/runner/work/ozone/ozone/hadoop-ozone/integration-test/target/test-dir/MiniOzoneClusterImpl-9687bb22-1f81-4155-97c5-ed9e7781f5c1/datanode-0/data/ratis/19d3855b-98dd-40d7-ad9e-9005d579edd0
2022-02-14 09:19:00,112 [pool-102-thread-1] INFO  server.RaftServerConfigKeys (ConfUtils.java:logGet(44)) - raft.server.log.queue.byte-limit = 2147483647 (custom)
2022-02-14 09:19:00,112 [pool-102-thread-1] INFO  server.RaftServerConfigKeys (ConfUtils.java:logGet(44)) - raft.server.log.queue.element-limit = 1024 (custom)
2022-02-14 09:19:00,112 [pool-102-thread-1] INFO  server.RaftServerConfigKeys (ConfUtils.java:logGet(44)) - raft.server.log.segment.size.max = 1048576 (custom)
2022-02-14 09:19:00,112 [pool-102-thread-1] INFO  server.RaftServerConfigKeys (ConfUtils.java:logGet(44)) - raft.server.log.preallocated.size = 16384 (custom)
2022-02-14 09:19:00,112 [pool-102-thread-1] INFO  server.RaftServerConfigKeys (ConfUtils.java:logGet(44)) - raft.server.log.force.sync.num = 128 (default)
2022-02-14 09:19:00,112 [pool-102-thread-1] INFO  server.RaftServerConfigKeys (ConfUtils.java:logGet(44)) - raft.server.log.statemachine.data.sync = true (default)
2022-02-14 09:19:00,112 [pool-102-thread-1] INFO  server.RaftServerConfigKeys (ConfUtils.java:logGet(44)) - raft.server.log.statemachine.data.sync.timeout = 10s (default)
2022-02-14 09:19:00,112 [pool-102-thread-1] INFO  server.RaftServerConfigKeys (ConfUtils.java:logGet(44)) - raft.server.log.statemachine.data.sync.timeout.retry = -1 (default)
2022-02-14 09:19:00,113 [pool-102-thread-1] INFO  server.RaftServerConfigKeys (ConfUtils.java:logGet(44)) - raft.server.log.write.buffer.size = 1048576 (custom)
2022-02-14 09:19:00,114 [pool-102-thread-1] INFO  server.RaftServerConfigKeys (ConfUtils.java:logGet(44)) - raft.server.log.statemachine.data.caching.enabled = true (custom)
2022-02-14 09:19:00,114 [pool-102-thread-1] INFO  segmented.SegmentedRaftLogWorker (SegmentedRaftLogWorker.java:lambda$new$0(133)) - 737834c3-cf9b-40a3-92c6-22f96faad031@group-9005D579EDD0-SegmentedRaftLogWorker: flushIndex: setUnconditionally 0 -> -1
2022-02-14 09:19:00,114 [pool-102-thread-1] INFO  segmented.SegmentedRaftLogWorker (SegmentedRaftLogWorker.java:lambda$new$0(133)) - 737834c3-cf9b-40a3-92c6-22f96faad031@group-9005D579EDD0-SegmentedRaftLogWorker: safeCacheEvictIndex: setUnconditionally 0 -> -1
2022-02-14 09:19:00,114 [pool-102-thread-1] INFO  server.RaftServerConfigKeys (ConfUtils.java:logGet(44)) - raft.server.snapshot.auto.trigger.enabled = true (custom)
2022-02-14 09:19:00,114 [pool-102-thread-1] INFO  server.RaftServerConfigKeys (ConfUtils.java:logGet(44)) - raft.server.snapshot.auto.trigger.threshold = 10000 (custom)
2022-02-14 09:19:00,114 [pool-102-thread-1] INFO  server.RaftServerConfigKeys (ConfUtils.java:logGet(44)) - raft.server.snapshot.retention.file.num = 5 (custom)
2022-02-14 09:19:00,114 [pool-102-thread-1] INFO  server.RaftServerConfigKeys (ConfUtils.java:logGet(44)) - raft.server.log.purge.upto.snapshot.index = false (default)
2022-02-14 09:19:00,114 [pool-102-thread-1] INFO  server.RaftServerConfigKeys (ConfUtils.java:logGet(44)) - raft.server.retrycache.expirytime = 600000ms (custom)
2022-02-14 09:19:00,114 [pool-102-thread-1] INFO  server.RaftServerConfigKeys (ConfUtils.java:logGet(44)) - raft.server.retrycache.statistics.expirytime = 100μs (default)
2022-02-14 09:19:00,115 [pool-102-thread-1] INFO  server.RaftServer$Division (RaftServerImpl.java:start(301)) - 737834c3-cf9b-40a3-92c6-22f96faad031@group-9005D579EDD0: start as a follower, conf=-1: [c470596b-60de-45b2-8aec-27399339dd50|rpc:10.1.0.22:35831|priority:0, 0637dcbd-3228-4a5f-ac75-2b0c4f9ee7c1|rpc:10.1.0.22:46669|priority:1, 737834c3-cf9b-40a3-92c6-22f96faad031|rpc:10.1.0.22:40731|priority:0], old=null
2022-02-14 09:19:00,116 [pool-102-thread-1] INFO  server.RaftServer$Division (RaftServerImpl.java:setRole(290)) - 737834c3-cf9b-40a3-92c6-22f96faad031@group-9005D579EDD0: changes role from      null to FOLLOWER at term 0 for startAsFollower
2022-02-14 09:19:00,116 [pool-102-thread-1] INFO  impl.RoleInfo (RoleInfo.java:updateAndGet(130)) - 737834c3-cf9b-40a3-92c6-22f96faad031: start 737834c3-cf9b-40a3-92c6-22f96faad031@group-9005D579EDD0-FollowerState
2022-02-14 09:19:00,116 [pool-102-thread-1] INFO  util.JmxRegister (JmxRegister.java:tryRegister(44)) - Successfully registered JMX Bean with object name Ratis:service=RaftServer,group=group-9005D579EDD0,id=737834c3-cf9b-40a3-92c6-22f96faad031
2022-02-14 09:19:00,117 [Command processor thread] INFO  ratis.XceiverServerRatis (XceiverServerRatis.java:addGroup(768)) - Created group PipelineID=19d3855b-98dd-40d7-ad9e-9005d579edd0
2022-02-14 09:19:00,127 [grpc-default-executor-0] INFO  server.RaftServer (RaftServerProxy.java:addNew(95)) - 0637dcbd-3228-4a5f-ac75-2b0c4f9ee7c1: addNew group-9005D579EDD0:[c470596b-60de-45b2-8aec-27399339dd50|rpc:10.1.0.22:35831|dataStream:|priority:0, 0637dcbd-3228-4a5f-ac75-2b0c4f9ee7c1|rpc:10.1.0.22:46669|dataStream:|priority:1, 737834c3-cf9b-40a3-92c6-22f96faad031|rpc:10.1.0.22:40731|dataStream:|priority:0] returns group-9005D579EDD0:java.util.concurrent.CompletableFuture@5ae03d45[Not completed]
2022-02-14 09:19:00,128 [Command processor thread] INFO  server.RaftServer (RaftServerProxy.java:addNew(95)) - c470596b-60de-45b2-8aec-27399339dd50: addNew group-B619EDA3F144:[c470596b-60de-45b2-8aec-27399339dd50|rpc:10.1.0.22:35831|priority:1] returns group-B619EDA3F144:java.util.concurrent.CompletableFuture@7661d3b5[Not completed]
2022-02-14 09:19:00,131 [pool-144-thread-1] INFO  server.RaftServer$Division (RaftServerImpl.java:<init>(184)) - 0637dcbd-3228-4a5f-ac75-2b0c4f9ee7c1: new RaftServerImpl for group-9005D579EDD0:[c470596b-60de-45b2-8aec-27399339dd50|rpc:10.1.0.22:35831|dataStream:|priority:0, 0637dcbd-3228-4a5f-ac75-2b0c4f9ee7c1|rpc:10.1.0.22:46669|dataStream:|priority:1, 737834c3-cf9b-40a3-92c6-22f96faad031|rpc:10.1.0.22:40731|dataStream:|priority:0] with ContainerStateMachine:uninitialized
2022-02-14 09:19:00,131 [pool-144-thread-1] INFO  server.RaftServerConfigKeys (ConfUtils.java:logGet(44)) - raft.server.rpc.timeout.min = 5s (custom)
2022-02-14 09:19:00,131 [pool-144-thread-1] INFO  server.RaftServerConfigKeys (ConfUtils.java:logGet(44)) - raft.server.rpc.timeout.max = 5200ms (custom)
2022-02-14 09:19:00,132 [pool-144-thread-1] INFO  server.RaftServerConfigKeys (ConfUtils.java:logGet(44)) - raft.server.rpc.sleep.time = 25ms (default)
2022-02-14 09:19:00,132 [pool-144-thread-1] INFO  server.RaftServerConfigKeys (ConfUtils.java:logGet(44)) - raft.server.rpc.slowness.timeout = 300s (custom)
2022-02-14 09:19:00,132 [pool-144-thread-1] INFO  server.RaftServerConfigKeys (ConfUtils.java:logGet(44)) - raft.server.leaderelection.leader.step-down.wait-time = 10s (default)
2022-02-14 09:19:00,132 [pool-144-thread-1] INFO  server.RaftServerConfigKeys (ConfUtils.java:logGet(44)) - raft.server.sleep.deviation.threshold = 300ms (default)
2022-02-14 09:19:00,132 [pool-144-thread-1] INFO  server.RaftServerConfigKeys (ConfUtils.java:logGet(44)) - raft.server.log.appender.install.snapshot.enabled = false (custom)
2022-02-14 09:19:00,132 [pool-123-thread-1] INFO  server.RaftServer$Division (RaftServerImpl.java:<init>(184)) - c470596b-60de-45b2-8aec-27399339dd50: new RaftServerImpl for group-B619EDA3F144:[c470596b-60de-45b2-8aec-27399339dd50|rpc:10.1.0.22:35831|priority:1] with ContainerStateMachine:uninitialized
2022-02-14 09:19:00,132 [pool-144-thread-1] INFO  server.RaftServer$Division (ServerState.java:<init>(105)) - 0637dcbd-3228-4a5f-ac75-2b0c4f9ee7c1@group-9005D579EDD0: ConfigurationManager, init=-1: [c470596b-60de-45b2-8aec-27399339dd50|rpc:10.1.0.22:35831|dataStream:|priority:0, 0637dcbd-3228-4a5f-ac75-2b0c4f9ee7c1|rpc:10.1.0.22:46669|dataStream:|priority:1, 737834c3-cf9b-40a3-92c6-22f96faad031|rpc:10.1.0.22:40731|dataStream:|priority:0], old=null, confs=<EMPTY_MAP>
2022-02-14 09:19:00,132 [pool-123-thread-1] INFO  server.RaftServerConfigKeys (ConfUtils.java:logGet(44)) - raft.server.rpc.timeout.min = 5s (custom)
2022-02-14 09:19:00,132 [pool-123-thread-1] INFO  server.RaftServerConfigKeys (ConfUtils.java:logGet(44)) - raft.server.rpc.timeout.max = 5200ms (custom)
2022-02-14 09:19:00,132 [pool-123-thread-1] INFO  server.RaftServerConfigKeys (ConfUtils.java:logGet(44)) - raft.server.rpc.sleep.time = 25ms (default)
2022-02-14 09:19:00,132 [pool-123-thread-1] INFO  server.RaftServerConfigKeys (ConfUtils.java:logGet(44)) - raft.server.rpc.slowness.timeout = 300s (custom)
2022-02-14 09:19:00,132 [pool-123-thread-1] INFO  server.RaftServerConfigKeys (ConfUtils.java:logGet(44)) - raft.server.leaderelection.leader.step-down.wait-time = 10s (default)
2022-02-14 09:19:00,132 [pool-123-thread-1] INFO  server.RaftServerConfigKeys (ConfUtils.java:logGet(44)) - raft.server.sleep.deviation.threshold = 300ms (default)
2022-02-14 09:19:00,132 [pool-123-thread-1] INFO  server.RaftServerConfigKeys (ConfUtils.java:logGet(44)) - raft.server.log.appender.install.snapshot.enabled = false (custom)
2022-02-14 09:19:00,132 [pool-123-thread-1] INFO  server.RaftServer$Division (ServerState.java:<init>(105)) - c470596b-60de-45b2-8aec-27399339dd50@group-B619EDA3F144: ConfigurationManager, init=-1: [c470596b-60de-45b2-8aec-27399339dd50|rpc:10.1.0.22:35831|priority:1], old=null, confs=<EMPTY_MAP>
2022-02-14 09:19:00,132 [pool-123-thread-1] INFO  server.RaftServerConfigKeys (ConfUtils.java:logGet(44)) - raft.server.storage.dir = [/home/runner/work/ozone/ozone/hadoop-ozone/integration-test/target/test-dir/MiniOzoneClusterImpl-9687bb22-1f81-4155-97c5-ed9e7781f5c1/datanode-1/data/ratis] (custom)
2022-02-14 09:19:00,133 [pool-123-thread-1] INFO  server.RaftServerConfigKeys (ConfUtils.java:logGet(44)) - raft.server.log.corruption.policy = EXCEPTION (default)
2022-02-14 09:19:00,133 [pool-123-thread-1] INFO  server.RaftServerConfigKeys (ConfUtils.java:logGet(44)) - raft.server.storage.free-space.min = 0MB (=0) (default)
2022-02-14 09:19:00,133 [pool-123-thread-1] INFO  storage.RaftStorageDirectory (RaftStorageDirectoryImpl.java:analyzeStorage(135)) - The storage directory /home/runner/work/ozone/ozone/hadoop-ozone/integration-test/target/test-dir/MiniOzoneClusterImpl-9687bb22-1f81-4155-97c5-ed9e7781f5c1/datanode-1/data/ratis/2cb9d7ab-c77d-4e13-a69c-b619eda3f144 does not exist. Creating ...
2022-02-14 09:19:00,133 [pool-144-thread-1] INFO  server.RaftServerConfigKeys (ConfUtils.java:logGet(44)) - raft.server.storage.dir = [/home/runner/work/ozone/ozone/hadoop-ozone/integration-test/target/test-dir/MiniOzoneClusterImpl-9687bb22-1f81-4155-97c5-ed9e7781f5c1/datanode-2/data/ratis] (custom)
2022-02-14 09:19:00,133 [pool-144-thread-1] INFO  server.RaftServerConfigKeys (ConfUtils.java:logGet(44)) - raft.server.log.corruption.policy = EXCEPTION (default)
2022-02-14 09:19:00,133 [pool-144-thread-1] INFO  server.RaftServerConfigKeys (ConfUtils.java:logGet(44)) - raft.server.storage.free-space.min = 0MB (=0) (default)
2022-02-14 09:19:00,134 [pool-144-thread-1] INFO  storage.RaftStorageDirectory (RaftStorageDirectoryImpl.java:analyzeStorage(135)) - The storage directory /home/runner/work/ozone/ozone/hadoop-ozone/integration-test/target/test-dir/MiniOzoneClusterImpl-9687bb22-1f81-4155-97c5-ed9e7781f5c1/datanode-2/data/ratis/19d3855b-98dd-40d7-ad9e-9005d579edd0 does not exist. Creating ...
2022-02-14 09:19:00,134 [pool-123-thread-1] INFO  storage.RaftStorageDirectory (RaftStorageDirectoryImpl.java:tryLock(230)) - Lock on /home/runner/work/ozone/ozone/hadoop-ozone/integration-test/target/test-dir/MiniOzoneClusterImpl-9687bb22-1f81-4155-97c5-ed9e7781f5c1/datanode-1/data/ratis/2cb9d7ab-c77d-4e13-a69c-b619eda3f144/in_use.lock acquired by nodename 1675@fv-az12-997
2022-02-14 09:19:00,135 [pool-144-thread-1] INFO  storage.RaftStorageDirectory (RaftStorageDirectoryImpl.java:tryLock(230)) - Lock on /home/runner/work/ozone/ozone/hadoop-ozone/integration-test/target/test-dir/MiniOzoneClusterImpl-9687bb22-1f81-4155-97c5-ed9e7781f5c1/datanode-2/data/ratis/19d3855b-98dd-40d7-ad9e-9005d579edd0/in_use.lock acquired by nodename 1675@fv-az12-997
2022-02-14 09:19:00,136 [pool-123-thread-1] INFO  storage.RaftStorage (RaftStorageImpl.java:format(89)) - Storage directory /home/runner/work/ozone/ozone/hadoop-ozone/integration-test/target/test-dir/MiniOzoneClusterImpl-9687bb22-1f81-4155-97c5-ed9e7781f5c1/datanode-1/data/ratis/2cb9d7ab-c77d-4e13-a69c-b619eda3f144 has been successfully formatted.
2022-02-14 09:19:00,136 [pool-144-thread-1] INFO  storage.RaftStorage (RaftStorageImpl.java:format(89)) - Storage directory /home/runner/work/ozone/ozone/hadoop-ozone/integration-test/target/test-dir/MiniOzoneClusterImpl-9687bb22-1f81-4155-97c5-ed9e7781f5c1/datanode-2/data/ratis/19d3855b-98dd-40d7-ad9e-9005d579edd0 has been successfully formatted.
2022-02-14 09:19:00,138 [pool-144-thread-1] INFO  ratis.ContainerStateMachine (ContainerStateMachine.java:loadSnapshot(231)) - group-9005D579EDD0: The snapshot info is null. Setting the last applied indexto:(t:0, i:~)
2022-02-14 09:19:00,141 [pool-144-thread-1] INFO  server.RaftServerConfigKeys (ConfUtils.java:logGet(44)) - raft.server.notification.no-leader.timeout = 300s (custom)
2022-02-14 09:19:00,141 [pool-144-thread-1] INFO  server.RaftServerConfigKeys (ConfUtils.java:logGet(44)) - raft.server.log.use.memory = false (default)
2022-02-14 09:19:00,141 [pool-144-thread-1] INFO  server.RaftServerConfigKeys (ConfUtils.java:logGet(44)) - raft.server.log.purge.gap = 1000000 (custom)
2022-02-14 09:19:00,141 [pool-144-thread-1] INFO  server.RaftServerConfigKeys (ConfUtils.java:logGet(44)) - raft.server.log.appender.buffer.byte-limit = 33554432 (custom)
2022-02-14 09:19:00,141 [pool-144-thread-1] INFO  server.RaftServerConfigKeys (ConfUtils.java:logGet(44)) - raft.server.log.segment.size.max = 1048576 (custom)
2022-02-14 09:19:00,140 [pool-123-thread-1] INFO  ratis.ContainerStateMachine (ContainerStateMachine.java:loadSnapshot(231)) - group-B619EDA3F144: The snapshot info is null. Setting the last applied indexto:(t:0, i:~)
2022-02-14 09:19:00,150 [pool-123-thread-1] INFO  server.RaftServerConfigKeys (ConfUtils.java:logGet(44)) - raft.server.notification.no-leader.timeout = 300s (custom)
2022-02-14 09:19:00,150 [pool-123-thread-1] INFO  server.RaftServerConfigKeys (ConfUtils.java:logGet(44)) - raft.server.log.use.memory = false (default)
2022-02-14 09:19:00,150 [pool-123-thread-1] INFO  server.RaftServerConfigKeys (ConfUtils.java:logGet(44)) - raft.server.log.purge.gap = 1000000 (custom)
2022-02-14 09:19:00,150 [pool-123-thread-1] INFO  server.RaftServerConfigKeys (ConfUtils.java:logGet(44)) - raft.server.log.appender.buffer.byte-limit = 33554432 (custom)
2022-02-14 09:19:00,150 [pool-123-thread-1] INFO  server.RaftServerConfigKeys (ConfUtils.java:logGet(44)) - raft.server.log.segment.size.max = 1048576 (custom)
2022-02-14 09:19:00,151 [pool-123-thread-1] INFO  server.RaftServerConfigKeys (ConfUtils.java:logGet(44)) - raft.server.log.segment.cache.num.max = 2 (custom)
2022-02-14 09:19:00,151 [pool-123-thread-1] INFO  server.RaftServerConfigKeys (ConfUtils.java:logGet(44)) - raft.server.log.segment.cache.size.max = 200MB (=209715200) (default)
2022-02-14 09:19:00,151 [pool-123-thread-1] INFO  segmented.SegmentedRaftLogWorker (SegmentedRaftLogWorker.java:<init>(182)) - new c470596b-60de-45b2-8aec-27399339dd50@group-B619EDA3F144-SegmentedRaftLogWorker for RaftStorageImpl:Storage Directory /home/runner/work/ozone/ozone/hadoop-ozone/integration-test/target/test-dir/MiniOzoneClusterImpl-9687bb22-1f81-4155-97c5-ed9e7781f5c1/datanode-1/data/ratis/2cb9d7ab-c77d-4e13-a69c-b619eda3f144
2022-02-14 09:19:00,151 [pool-123-thread-1] INFO  server.RaftServerConfigKeys (ConfUtils.java:logGet(44)) - raft.server.log.queue.byte-limit = 2147483647 (custom)
2022-02-14 09:19:00,151 [pool-123-thread-1] INFO  server.RaftServerConfigKeys (ConfUtils.java:logGet(44)) - raft.server.log.queue.element-limit = 1024 (custom)
2022-02-14 09:19:00,151 [pool-123-thread-1] INFO  server.RaftServerConfigKeys (ConfUtils.java:logGet(44)) - raft.server.log.segment.size.max = 1048576 (custom)
2022-02-14 09:19:00,151 [pool-123-thread-1] INFO  server.RaftServerConfigKeys (ConfUtils.java:logGet(44)) - raft.server.log.preallocated.size = 16384 (custom)
2022-02-14 09:19:00,151 [pool-123-thread-1] INFO  server.RaftServerConfigKeys (ConfUtils.java:logGet(44)) - raft.server.log.force.sync.num = 128 (default)
2022-02-14 09:19:00,151 [pool-123-thread-1] INFO  server.RaftServerConfigKeys (ConfUtils.java:logGet(44)) - raft.server.log.statemachine.data.sync = true (default)
2022-02-14 09:19:00,151 [pool-123-thread-1] INFO  server.RaftServerConfigKeys (ConfUtils.java:logGet(44)) - raft.server.log.statemachine.data.sync.timeout = 10s (default)
2022-02-14 09:19:00,151 [pool-123-thread-1] INFO  server.RaftServerConfigKeys (ConfUtils.java:logGet(44)) - raft.server.log.statemachine.data.sync.timeout.retry = -1 (default)
2022-02-14 09:19:00,152 [pool-123-thread-1] INFO  server.RaftServerConfigKeys (ConfUtils.java:logGet(44)) - raft.server.log.write.buffer.size = 1048576 (custom)
2022-02-14 09:19:00,139 [EventQueue-PipelineReportForPipelineReportHandler] INFO  pipeline.PipelineManagerImpl (PipelineManagerImpl.java:openPipeline(291)) - Pipeline Pipeline[ Id: 2cb9d7ab-c77d-4e13-a69c-b619eda3f144, Nodes: c470596b-60de-45b2-8aec-27399339dd50{ip: 10.1.0.22, host: fv-az12-997.exdb2aeach2ezidoxz41lk3bwg.cx.internal.cloudapp.net, ports: [REPLICATION=37289, RATIS=35831, RATIS_ADMIN=35831, RATIS_SERVER=35831, STANDALONE=36573], networkLocation: /default-rack, certSerialId: null, persistedOpState: IN_SERVICE, persistedOpStateExpiryEpochSec: 0}, ReplicationConfig: RATIS/ONE, State:ALLOCATED, leaderId:c470596b-60de-45b2-8aec-27399339dd50, CreationTimestamp2022-02-14T09:18:57.134Z[Etc/UTC]] moved to OPEN state
2022-02-14 09:19:00,149 [pool-144-thread-1] INFO  server.RaftServerConfigKeys (ConfUtils.java:logGet(44)) - raft.server.log.segment.cache.num.max = 2 (custom)
2022-02-14 09:19:00,153 [pool-144-thread-1] INFO  server.RaftServerConfigKeys (ConfUtils.java:logGet(44)) - raft.server.log.segment.cache.size.max = 200MB (=209715200) (default)
2022-02-14 09:19:00,153 [pool-144-thread-1] INFO  segmented.SegmentedRaftLogWorker (SegmentedRaftLogWorker.java:<init>(182)) - new 0637dcbd-3228-4a5f-ac75-2b0c4f9ee7c1@group-9005D579EDD0-SegmentedRaftLogWorker for RaftStorageImpl:Storage Directory /home/runner/work/ozone/ozone/hadoop-ozone/integration-test/target/test-dir/MiniOzoneClusterImpl-9687bb22-1f81-4155-97c5-ed9e7781f5c1/datanode-2/data/ratis/19d3855b-98dd-40d7-ad9e-9005d579edd0
2022-02-14 09:19:00,153 [pool-144-thread-1] INFO  server.RaftServerConfigKeys (ConfUtils.java:logGet(44)) - raft.server.log.queue.byte-limit = 2147483647 (custom)
2022-02-14 09:19:00,153 [pool-144-thread-1] INFO  server.RaftServerConfigKeys (ConfUtils.java:logGet(44)) - raft.server.log.queue.element-limit = 1024 (custom)
2022-02-14 09:19:00,153 [pool-144-thread-1] INFO  server.RaftServerConfigKeys (ConfUtils.java:logGet(44)) - raft.server.log.segment.size.max = 1048576 (custom)
2022-02-14 09:19:00,154 [pool-144-thread-1] INFO  server.RaftServerConfigKeys (ConfUtils.java:logGet(44)) - raft.server.log.preallocated.size = 16384 (custom)
2022-02-14 09:19:00,154 [pool-144-thread-1] INFO  server.RaftServerConfigKeys (ConfUtils.java:logGet(44)) - raft.server.log.force.sync.num = 128 (default)
2022-02-14 09:19:00,154 [pool-144-thread-1] INFO  server.RaftServerConfigKeys (ConfUtils.java:logGet(44)) - raft.server.log.statemachine.data.sync = true (default)
2022-02-14 09:19:00,154 [pool-144-thread-1] INFO  server.RaftServerConfigKeys (ConfUtils.java:logGet(44)) - raft.server.log.statemachine.data.sync.timeout = 10s (default)
2022-02-14 09:19:00,154 [pool-144-thread-1] INFO  server.RaftServerConfigKeys (ConfUtils.java:logGet(44)) - raft.server.log.statemachine.data.sync.timeout.retry = -1 (default)
2022-02-14 09:19:00,155 [pool-144-thread-1] INFO  server.RaftServerConfigKeys (ConfUtils.java:logGet(44)) - raft.server.log.write.buffer.size = 1048576 (custom)
2022-02-14 09:19:00,155 [4d1767bf-7f27-4798-b2df-8da5eab892db@group-ED9E7781F5C1-StateMachineUpdater] INFO  safemode.HealthyPipelineSafeModeRule (HealthyPipelineSafeModeRule.java:initializeRule(152)) - Refreshed total pipeline count is 0, healthy pipeline threshold count is 1
2022-02-14 09:19:00,157 [pool-123-thread-1] INFO  server.RaftServerConfigKeys (ConfUtils.java:logGet(44)) - raft.server.log.statemachine.data.caching.enabled = true (custom)
2022-02-14 09:19:00,156 [pool-144-thread-1] INFO  server.RaftServerConfigKeys (ConfUtils.java:logGet(44)) - raft.server.log.statemachine.data.caching.enabled = true (custom)
2022-02-14 09:19:00,158 [EventQueue-OpenPipelineForHealthyPipelineSafeModeRule] INFO  safemode.SCMSafeModeManager (HealthyPipelineSafeModeRule.java:process(124)) - SCM in safe mode. Healthy pipelines reported count is 0, required healthy pipeline reported count is 1
2022-02-14 09:19:00,158 [pool-144-thread-1] INFO  segmented.SegmentedRaftLogWorker (SegmentedRaftLogWorker.java:lambda$new$0(133)) - 0637dcbd-3228-4a5f-ac75-2b0c4f9ee7c1@group-9005D579EDD0-SegmentedRaftLogWorker: flushIndex: setUnconditionally 0 -> -1
2022-02-14 09:19:00,158 [pool-144-thread-1] INFO  segmented.SegmentedRaftLogWorker (SegmentedRaftLogWorker.java:lambda$new$0(133)) - 0637dcbd-3228-4a5f-ac75-2b0c4f9ee7c1@group-9005D579EDD0-SegmentedRaftLogWorker: safeCacheEvictIndex: setUnconditionally 0 -> -1
2022-02-14 09:19:00,158 [pool-123-thread-1] INFO  segmented.SegmentedRaftLogWorker (SegmentedRaftLogWorker.java:lambda$new$0(133)) - c470596b-60de-45b2-8aec-27399339dd50@group-B619EDA3F144-SegmentedRaftLogWorker: flushIndex: setUnconditionally 0 -> -1
2022-02-14 09:19:00,158 [pool-123-thread-1] INFO  segmented.SegmentedRaftLogWorker (SegmentedRaftLogWorker.java:lambda$new$0(133)) - c470596b-60de-45b2-8aec-27399339dd50@group-B619EDA3F144-SegmentedRaftLogWorker: safeCacheEvictIndex: setUnconditionally 0 -> -1
2022-02-14 09:19:00,161 [pool-144-thread-1] INFO  server.RaftServerConfigKeys (ConfUtils.java:logGet(44)) - raft.server.snapshot.auto.trigger.enabled = true (custom)
2022-02-14 09:19:00,161 [pool-144-thread-1] INFO  server.RaftServerConfigKeys (ConfUtils.java:logGet(44)) - raft.server.snapshot.auto.trigger.threshold = 10000 (custom)
2022-02-14 09:19:00,161 [pool-144-thread-1] INFO  server.RaftServerConfigKeys (ConfUtils.java:logGet(44)) - raft.server.snapshot.retention.file.num = 5 (custom)
2022-02-14 09:19:00,161 [pool-144-thread-1] INFO  server.RaftServerConfigKeys (ConfUtils.java:logGet(44)) - raft.server.log.purge.upto.snapshot.index = false (default)
2022-02-14 09:19:00,165 [pool-144-thread-1] INFO  server.RaftServerConfigKeys (ConfUtils.java:logGet(44)) - raft.server.retrycache.expirytime = 600000ms (custom)
2022-02-14 09:19:00,165 [pool-123-thread-1] INFO  server.RaftServerConfigKeys (ConfUtils.java:logGet(44)) - raft.server.snapshot.auto.trigger.enabled = true (custom)
2022-02-14 09:19:00,165 [pool-144-thread-1] INFO  server.RaftServerConfigKeys (ConfUtils.java:logGet(44)) - raft.server.retrycache.statistics.expirytime = 100μs (default)
2022-02-14 09:19:00,165 [pool-123-thread-1] INFO  server.RaftServerConfigKeys (ConfUtils.java:logGet(44)) - raft.server.snapshot.auto.trigger.threshold = 10000 (custom)
2022-02-14 09:19:00,166 [pool-123-thread-1] INFO  server.RaftServerConfigKeys (ConfUtils.java:logGet(44)) - raft.server.snapshot.retention.file.num = 5 (custom)
2022-02-14 09:19:00,166 [pool-123-thread-1] INFO  server.RaftServerConfigKeys (ConfUtils.java:logGet(44)) - raft.server.log.purge.upto.snapshot.index = false (default)
2022-02-14 09:19:00,166 [pool-123-thread-1] INFO  server.RaftServerConfigKeys (ConfUtils.java:logGet(44)) - raft.server.retrycache.expirytime = 600000ms (custom)
2022-02-14 09:19:00,166 [pool-123-thread-1] INFO  server.RaftServerConfigKeys (ConfUtils.java:logGet(44)) - raft.server.retrycache.statistics.expirytime = 100μs (default)
2022-02-14 09:19:00,167 [pool-144-thread-1] INFO  server.RaftServer$Division (RaftServerImpl.java:start(301)) - 0637dcbd-3228-4a5f-ac75-2b0c4f9ee7c1@group-9005D579EDD0: start as a follower, conf=-1: [c470596b-60de-45b2-8aec-27399339dd50|rpc:10.1.0.22:35831|dataStream:|priority:0, 0637dcbd-3228-4a5f-ac75-2b0c4f9ee7c1|rpc:10.1.0.22:46669|dataStream:|priority:1, 737834c3-cf9b-40a3-92c6-22f96faad031|rpc:10.1.0.22:40731|dataStream:|priority:0], old=null
2022-02-14 09:19:00,167 [pool-123-thread-1] INFO  server.RaftServer$Division (RaftServerImpl.java:start(301)) - c470596b-60de-45b2-8aec-27399339dd50@group-B619EDA3F144: start as a follower, conf=-1: [c470596b-60de-45b2-8aec-27399339dd50|rpc:10.1.0.22:35831|priority:1], old=null
2022-02-14 09:19:00,170 [pool-123-thread-1] INFO  server.RaftServer$Division (RaftServerImpl.java:setRole(290)) - c470596b-60de-45b2-8aec-27399339dd50@group-B619EDA3F144: changes role from      null to FOLLOWER at term 0 for startAsFollower
2022-02-14 09:19:00,170 [pool-144-thread-1] INFO  server.RaftServer$Division (RaftServerImpl.java:setRole(290)) - 0637dcbd-3228-4a5f-ac75-2b0c4f9ee7c1@group-9005D579EDD0: changes role from      null to FOLLOWER at term 0 for startAsFollower
2022-02-14 09:19:00,170 [pool-123-thread-1] INFO  impl.RoleInfo (RoleInfo.java:updateAndGet(130)) - c470596b-60de-45b2-8aec-27399339dd50: start c470596b-60de-45b2-8aec-27399339dd50@group-B619EDA3F144-FollowerState
2022-02-14 09:19:00,170 [pool-144-thread-1] INFO  impl.RoleInfo (RoleInfo.java:updateAndGet(130)) - 0637dcbd-3228-4a5f-ac75-2b0c4f9ee7c1: start 0637dcbd-3228-4a5f-ac75-2b0c4f9ee7c1@group-9005D579EDD0-FollowerState
2022-02-14 09:19:00,171 [pool-123-thread-1] INFO  util.JmxRegister (JmxRegister.java:tryRegister(44)) - Successfully registered JMX Bean with object name Ratis:service=RaftServer,group=group-B619EDA3F144,id=c470596b-60de-45b2-8aec-27399339dd50
2022-02-14 09:19:00,171 [pool-144-thread-1] INFO  util.JmxRegister (JmxRegister.java:tryRegister(44)) - Successfully registered JMX Bean with object name Ratis:service=RaftServer,group=group-9005D579EDD0,id=0637dcbd-3228-4a5f-ac75-2b0c4f9ee7c1
2022-02-14 09:19:00,173 [Command processor thread] INFO  ratis.XceiverServerRatis (XceiverServerRatis.java:addGroup(768)) - Created group PipelineID=2cb9d7ab-c77d-4e13-a69c-b619eda3f144
2022-02-14 09:19:00,173 [Command processor thread] INFO  commandhandler.CreatePipelineCommandHandler (CreatePipelineCommandHandler.java:handle(106)) - Created Pipeline RATIS ONE PipelineID=2cb9d7ab-c77d-4e13-a69c-b619eda3f144.
2022-02-14 09:19:00,175 [Command processor thread] INFO  server.RaftServer (RaftServerProxy.java:addNew(95)) - c470596b-60de-45b2-8aec-27399339dd50: addNew group-9005D579EDD0:[c470596b-60de-45b2-8aec-27399339dd50|rpc:10.1.0.22:35831|priority:0, 0637dcbd-3228-4a5f-ac75-2b0c4f9ee7c1|rpc:10.1.0.22:46669|priority:1, 737834c3-cf9b-40a3-92c6-22f96faad031|rpc:10.1.0.22:40731|priority:0] returns group-9005D579EDD0:java.util.concurrent.CompletableFuture@78a62309[Not completed]
2022-02-14 09:19:00,176 [pool-123-thread-1] INFO  server.RaftServer$Division (RaftServerImpl.java:<init>(184)) - c470596b-60de-45b2-8aec-27399339dd50: new RaftServerImpl for group-9005D579EDD0:[c470596b-60de-45b2-8aec-27399339dd50|rpc:10.1.0.22:35831|priority:0, 0637dcbd-3228-4a5f-ac75-2b0c4f9ee7c1|rpc:10.1.0.22:46669|priority:1, 737834c3-cf9b-40a3-92c6-22f96faad031|rpc:10.1.0.22:40731|priority:0] with ContainerStateMachine:uninitialized
2022-02-14 09:19:00,176 [pool-123-thread-1] INFO  server.RaftServerConfigKeys (ConfUtils.java:logGet(44)) - raft.server.rpc.timeout.min = 5s (custom)
2022-02-14 09:19:00,176 [pool-123-thread-1] INFO  server.RaftServerConfigKeys (ConfUtils.java:logGet(44)) - raft.server.rpc.timeout.max = 5200ms (custom)
2022-02-14 09:19:00,176 [pool-123-thread-1] INFO  server.RaftServerConfigKeys (ConfUtils.java:logGet(44)) - raft.server.rpc.sleep.time = 25ms (default)
2022-02-14 09:19:00,176 [pool-123-thread-1] INFO  server.RaftServerConfigKeys (ConfUtils.java:logGet(44)) - raft.server.rpc.slowness.timeout = 300s (custom)
2022-02-14 09:19:00,176 [pool-123-thread-1] INFO  server.RaftServerConfigKeys (ConfUtils.java:logGet(44)) - raft.server.leaderelection.leader.step-down.wait-time = 10s (default)
2022-02-14 09:19:00,176 [pool-123-thread-1] INFO  server.RaftServerConfigKeys (ConfUtils.java:logGet(44)) - raft.server.sleep.deviation.threshold = 300ms (default)
2022-02-14 09:19:00,176 [pool-123-thread-1] INFO  server.RaftServerConfigKeys (ConfUtils.java:logGet(44)) - raft.server.log.appender.install.snapshot.enabled = false (custom)
2022-02-14 09:19:00,176 [pool-123-thread-1] INFO  server.RaftServer$Division (ServerState.java:<init>(105)) - c470596b-60de-45b2-8aec-27399339dd50@group-9005D579EDD0: ConfigurationManager, init=-1: [c470596b-60de-45b2-8aec-27399339dd50|rpc:10.1.0.22:35831|priority:0, 0637dcbd-3228-4a5f-ac75-2b0c4f9ee7c1|rpc:10.1.0.22:46669|priority:1, 737834c3-cf9b-40a3-92c6-22f96faad031|rpc:10.1.0.22:40731|priority:0], old=null, confs=<EMPTY_MAP>
2022-02-14 09:19:00,177 [pool-123-thread-1] INFO  server.RaftServerConfigKeys (ConfUtils.java:logGet(44)) - raft.server.storage.dir = [/home/runner/work/ozone/ozone/hadoop-ozone/integration-test/target/test-dir/MiniOzoneClusterImpl-9687bb22-1f81-4155-97c5-ed9e7781f5c1/datanode-1/data/ratis] (custom)
2022-02-14 09:19:00,177 [pool-123-thread-1] INFO  server.RaftServerConfigKeys (ConfUtils.java:logGet(44)) - raft.server.log.corruption.policy = EXCEPTION (default)
2022-02-14 09:19:00,177 [pool-123-thread-1] INFO  server.RaftServerConfigKeys (ConfUtils.java:logGet(44)) - raft.server.storage.free-space.min = 0MB (=0) (default)
2022-02-14 09:19:00,177 [pool-123-thread-1] INFO  storage.RaftStorageDirectory (RaftStorageDirectoryImpl.java:analyzeStorage(135)) - The storage directory /home/runner/work/ozone/ozone/hadoop-ozone/integration-test/target/test-dir/MiniOzoneClusterImpl-9687bb22-1f81-4155-97c5-ed9e7781f5c1/datanode-1/data/ratis/19d3855b-98dd-40d7-ad9e-9005d579edd0 does not exist. Creating ...
2022-02-14 09:19:00,178 [pool-123-thread-1] INFO  storage.RaftStorageDirectory (RaftStorageDirectoryImpl.java:tryLock(230)) - Lock on /home/runner/work/ozone/ozone/hadoop-ozone/integration-test/target/test-dir/MiniOzoneClusterImpl-9687bb22-1f81-4155-97c5-ed9e7781f5c1/datanode-1/data/ratis/19d3855b-98dd-40d7-ad9e-9005d579edd0/in_use.lock acquired by nodename 1675@fv-az12-997
2022-02-14 09:19:00,180 [pool-123-thread-1] INFO  storage.RaftStorage (RaftStorageImpl.java:format(89)) - Storage directory /home/runner/work/ozone/ozone/hadoop-ozone/integration-test/target/test-dir/MiniOzoneClusterImpl-9687bb22-1f81-4155-97c5-ed9e7781f5c1/datanode-1/data/ratis/19d3855b-98dd-40d7-ad9e-9005d579edd0 has been successfully formatted.
2022-02-14 09:19:00,182 [pool-123-thread-1] INFO  ratis.ContainerStateMachine (ContainerStateMachine.java:loadSnapshot(231)) - group-9005D579EDD0: The snapshot info is null. Setting the last applied indexto:(t:0, i:~)
2022-02-14 09:19:00,183 [pool-123-thread-1] INFO  server.RaftServerConfigKeys (ConfUtils.java:logGet(44)) - raft.server.notification.no-leader.timeout = 300s (custom)
2022-02-14 09:19:00,183 [pool-123-thread-1] INFO  server.RaftServerConfigKeys (ConfUtils.java:logGet(44)) - raft.server.log.use.memory = false (default)
2022-02-14 09:19:00,183 [pool-123-thread-1] INFO  server.RaftServerConfigKeys (ConfUtils.java:logGet(44)) - raft.server.log.purge.gap = 1000000 (custom)
2022-02-14 09:19:00,183 [pool-123-thread-1] INFO  server.RaftServerConfigKeys (ConfUtils.java:logGet(44)) - raft.server.log.appender.buffer.byte-limit = 33554432 (custom)
2022-02-14 09:19:00,183 [pool-123-thread-1] INFO  server.RaftServerConfigKeys (ConfUtils.java:logGet(44)) - raft.server.log.segment.size.max = 1048576 (custom)
2022-02-14 09:19:00,184 [pool-123-thread-1] INFO  server.RaftServerConfigKeys (ConfUtils.java:logGet(44)) - raft.server.log.segment.cache.num.max = 2 (custom)
2022-02-14 09:19:00,184 [pool-123-thread-1] INFO  server.RaftServerConfigKeys (ConfUtils.java:logGet(44)) - raft.server.log.segment.cache.size.max = 200MB (=209715200) (default)
2022-02-14 09:19:00,184 [pool-123-thread-1] INFO  segmented.SegmentedRaftLogWorker (SegmentedRaftLogWorker.java:<init>(182)) - new c470596b-60de-45b2-8aec-27399339dd50@group-9005D579EDD0-SegmentedRaftLogWorker for RaftStorageImpl:Storage Directory /home/runner/work/ozone/ozone/hadoop-ozone/integration-test/target/test-dir/MiniOzoneClusterImpl-9687bb22-1f81-4155-97c5-ed9e7781f5c1/datanode-1/data/ratis/19d3855b-98dd-40d7-ad9e-9005d579edd0
2022-02-14 09:19:00,184 [pool-123-thread-1] INFO  server.RaftServerConfigKeys (ConfUtils.java:logGet(44)) - raft.server.log.queue.byte-limit = 2147483647 (custom)
2022-02-14 09:19:00,184 [pool-123-thread-1] INFO  server.RaftServerConfigKeys (ConfUtils.java:logGet(44)) - raft.server.log.queue.element-limit = 1024 (custom)
2022-02-14 09:19:00,185 [pool-123-thread-1] INFO  server.RaftServerConfigKeys (ConfUtils.java:logGet(44)) - raft.server.log.segment.size.max = 1048576 (custom)
2022-02-14 09:19:00,186 [pool-123-thread-1] INFO  server.RaftServerConfigKeys (ConfUtils.java:logGet(44)) - raft.server.log.preallocated.size = 16384 (custom)
2022-02-14 09:19:00,186 [pool-123-thread-1] INFO  server.RaftServerConfigKeys (ConfUtils.java:logGet(44)) - raft.server.log.force.sync.num = 128 (default)
2022-02-14 09:19:00,184 [EventQueue-OpenPipelineForHealthyPipelineSafeModeRule] INFO  safemode.SCMSafeModeManager (HealthyPipelineSafeModeRule.java:process(124)) - SCM in safe mode. Healthy pipelines reported count is 0, required healthy pipeline reported count is 1
2022-02-14 09:19:00,187 [pool-123-thread-1] INFO  server.RaftServerConfigKeys (ConfUtils.java:logGet(44)) - raft.server.log.statemachine.data.sync = true (default)
2022-02-14 09:19:00,190 [pool-123-thread-1] INFO  server.RaftServerConfigKeys (ConfUtils.java:logGet(44)) - raft.server.log.statemachine.data.sync.timeout = 10s (default)
2022-02-14 09:19:00,190 [pool-123-thread-1] INFO  server.RaftServerConfigKeys (ConfUtils.java:logGet(44)) - raft.server.log.statemachine.data.sync.timeout.retry = -1 (default)
2022-02-14 09:19:00,191 [pool-123-thread-1] INFO  server.RaftServerConfigKeys (ConfUtils.java:logGet(44)) - raft.server.log.write.buffer.size = 1048576 (custom)
2022-02-14 09:19:00,196 [pool-123-thread-1] INFO  server.RaftServerConfigKeys (ConfUtils.java:logGet(44)) - raft.server.log.statemachine.data.caching.enabled = true (custom)
2022-02-14 09:19:00,203 [pool-123-thread-1] INFO  segmented.SegmentedRaftLogWorker (SegmentedRaftLogWorker.java:lambda$new$0(133)) - c470596b-60de-45b2-8aec-27399339dd50@group-9005D579EDD0-SegmentedRaftLogWorker: flushIndex: setUnconditionally 0 -> -1
2022-02-14 09:19:00,203 [pool-123-thread-1] INFO  segmented.SegmentedRaftLogWorker (SegmentedRaftLogWorker.java:lambda$new$0(133)) - c470596b-60de-45b2-8aec-27399339dd50@group-9005D579EDD0-SegmentedRaftLogWorker: safeCacheEvictIndex: setUnconditionally 0 -> -1
2022-02-14 09:19:00,209 [pool-123-thread-1] INFO  server.RaftServerConfigKeys (ConfUtils.java:logGet(44)) - raft.server.snapshot.auto.trigger.enabled = true (custom)
2022-02-14 09:19:00,209 [pool-123-thread-1] INFO  server.RaftServerConfigKeys (ConfUtils.java:logGet(44)) - raft.server.snapshot.auto.trigger.threshold = 10000 (custom)
2022-02-14 09:19:00,210 [pool-123-thread-1] INFO  server.RaftServerConfigKeys (ConfUtils.java:logGet(44)) - raft.server.snapshot.retention.file.num = 5 (custom)
2022-02-14 09:19:00,210 [pool-123-thread-1] INFO  server.RaftServerConfigKeys (ConfUtils.java:logGet(44)) - raft.server.log.purge.upto.snapshot.index = false (default)
2022-02-14 09:19:00,210 [pool-123-thread-1] INFO  server.RaftServerConfigKeys (ConfUtils.java:logGet(44)) - raft.server.retrycache.expirytime = 600000ms (custom)
2022-02-14 09:19:00,210 [pool-123-thread-1] INFO  server.RaftServerConfigKeys (ConfUtils.java:logGet(44)) - raft.server.retrycache.statistics.expirytime = 100μs (default)
2022-02-14 09:19:00,211 [pool-123-thread-1] INFO  server.RaftServer$Division (RaftServerImpl.java:start(301)) - c470596b-60de-45b2-8aec-27399339dd50@group-9005D579EDD0: start as a follower, conf=-1: [c470596b-60de-45b2-8aec-27399339dd50|rpc:10.1.0.22:35831|priority:0, 0637dcbd-3228-4a5f-ac75-2b0c4f9ee7c1|rpc:10.1.0.22:46669|priority:1, 737834c3-cf9b-40a3-92c6-22f96faad031|rpc:10.1.0.22:40731|priority:0], old=null
2022-02-14 09:19:00,211 [pool-123-thread-1] INFO  server.RaftServer$Division (RaftServerImpl.java:setRole(290)) - c470596b-60de-45b2-8aec-27399339dd50@group-9005D579EDD0: changes role from      null to FOLLOWER at term 0 for startAsFollower
2022-02-14 09:19:00,211 [pool-123-thread-1] INFO  impl.RoleInfo (RoleInfo.java:updateAndGet(130)) - c470596b-60de-45b2-8aec-27399339dd50: start c470596b-60de-45b2-8aec-27399339dd50@group-9005D579EDD0-FollowerState
2022-02-14 09:19:00,214 [pool-123-thread-1] INFO  util.JmxRegister (JmxRegister.java:tryRegister(44)) - Successfully registered JMX Bean with object name Ratis:service=RaftServer,group=group-9005D579EDD0,id=c470596b-60de-45b2-8aec-27399339dd50
2022-02-14 09:19:00,222 [Command processor thread] INFO  ratis.XceiverServerRatis (XceiverServerRatis.java:addGroup(768)) - Created group PipelineID=19d3855b-98dd-40d7-ad9e-9005d579edd0
2022-02-14 09:19:00,283 [Command processor thread] INFO  commandhandler.CreatePipelineCommandHandler (CreatePipelineCommandHandler.java:handle(106)) - Created Pipeline RATIS THREE PipelineID=19d3855b-98dd-40d7-ad9e-9005d579edd0.
2022-02-14 09:19:00,304 [Command processor thread] INFO  commandhandler.CreatePipelineCommandHandler (CreatePipelineCommandHandler.java:handle(106)) - Created Pipeline RATIS THREE PipelineID=19d3855b-98dd-40d7-ad9e-9005d579edd0.
2022-02-14 09:19:00,326 [Command processor thread] INFO  server.RaftServer (RaftServerProxy.java:addNew(95)) - 0637dcbd-3228-4a5f-ac75-2b0c4f9ee7c1: addNew group-E22637B8CC44:[0637dcbd-3228-4a5f-ac75-2b0c4f9ee7c1|rpc:10.1.0.22:46669|priority:1] returns group-E22637B8CC44:java.util.concurrent.CompletableFuture@2ca61a80[Not completed]
2022-02-14 09:19:00,327 [Listener at 127.0.0.1/42183] INFO  ozone.MiniOzoneClusterImpl (MiniOzoneClusterImpl.java:lambda$waitForClusterToBeReady$0(219)) - Nodes are ready. Got 3 of 3 DN Heartbeats.
2022-02-14 09:19:00,327 [Listener at 127.0.0.1/42183] INFO  ozone.MiniOzoneClusterImpl (MiniOzoneClusterImpl.java:lambda$waitForClusterToBeReady$0(222)) - Waiting for cluster to exit safe mode
2022-02-14 09:19:00,327 [Listener at 127.0.0.1/42183] INFO  ozone.MiniOzoneClusterImpl (MiniOzoneClusterImpl.java:lambda$waitForClusterToBeReady$0(224)) - SCM became leader
2022-02-14 09:19:00,328 [pool-144-thread-1] INFO  server.RaftServer$Division (RaftServerImpl.java:<init>(184)) - 0637dcbd-3228-4a5f-ac75-2b0c4f9ee7c1: new RaftServerImpl for group-E22637B8CC44:[0637dcbd-3228-4a5f-ac75-2b0c4f9ee7c1|rpc:10.1.0.22:46669|priority:1] with ContainerStateMachine:uninitialized
2022-02-14 09:19:00,328 [pool-144-thread-1] INFO  server.RaftServerConfigKeys (ConfUtils.java:logGet(44)) - raft.server.rpc.timeout.min = 5s (custom)
2022-02-14 09:19:00,328 [pool-144-thread-1] INFO  server.RaftServerConfigKeys (ConfUtils.java:logGet(44)) - raft.server.rpc.timeout.max = 5200ms (custom)
2022-02-14 09:19:00,328 [pool-144-thread-1] INFO  server.RaftServerConfigKeys (ConfUtils.java:logGet(44)) - raft.server.rpc.sleep.time = 25ms (default)
2022-02-14 09:19:00,328 [pool-144-thread-1] INFO  server.RaftServerConfigKeys (ConfUtils.java:logGet(44)) - raft.server.rpc.slowness.timeout = 300s (custom)
2022-02-14 09:19:00,328 [pool-144-thread-1] INFO  server.RaftServerConfigKeys (ConfUtils.java:logGet(44)) - raft.server.leaderelection.leader.step-down.wait-time = 10s (default)
2022-02-14 09:19:00,328 [pool-144-thread-1] INFO  server.RaftServerConfigKeys (ConfUtils.java:logGet(44)) - raft.server.sleep.deviation.threshold = 300ms (default)
2022-02-14 09:19:00,328 [pool-144-thread-1] INFO  server.RaftServerConfigKeys (ConfUtils.java:logGet(44)) - raft.server.log.appender.install.snapshot.enabled = false (custom)
2022-02-14 09:19:00,328 [pool-144-thread-1] INFO  server.RaftServer$Division (ServerState.java:<init>(105)) - 0637dcbd-3228-4a5f-ac75-2b0c4f9ee7c1@group-E22637B8CC44: ConfigurationManager, init=-1: [0637dcbd-3228-4a5f-ac75-2b0c4f9ee7c1|rpc:10.1.0.22:46669|priority:1], old=null, confs=<EMPTY_MAP>
2022-02-14 09:19:00,328 [pool-144-thread-1] INFO  server.RaftServerConfigKeys (ConfUtils.java:logGet(44)) - raft.server.storage.dir = [/home/runner/work/ozone/ozone/hadoop-ozone/integration-test/target/test-dir/MiniOzoneClusterImpl-9687bb22-1f81-4155-97c5-ed9e7781f5c1/datanode-2/data/ratis] (custom)
2022-02-14 09:19:00,329 [pool-144-thread-1] INFO  server.RaftServerConfigKeys (ConfUtils.java:logGet(44)) - raft.server.log.corruption.policy = EXCEPTION (default)
2022-02-14 09:19:00,329 [pool-144-thread-1] INFO  server.RaftServerConfigKeys (ConfUtils.java:logGet(44)) - raft.server.storage.free-space.min = 0MB (=0) (default)
2022-02-14 09:19:00,329 [pool-144-thread-1] INFO  storage.RaftStorageDirectory (RaftStorageDirectoryImpl.java:analyzeStorage(135)) - The storage directory /home/runner/work/ozone/ozone/hadoop-ozone/integration-test/target/test-dir/MiniOzoneClusterImpl-9687bb22-1f81-4155-97c5-ed9e7781f5c1/datanode-2/data/ratis/33867455-c8f8-4378-9694-e22637b8cc44 does not exist. Creating ...
2022-02-14 09:19:00,330 [pool-144-thread-1] INFO  storage.RaftStorageDirectory (RaftStorageDirectoryImpl.java:tryLock(230)) - Lock on /home/runner/work/ozone/ozone/hadoop-ozone/integration-test/target/test-dir/MiniOzoneClusterImpl-9687bb22-1f81-4155-97c5-ed9e7781f5c1/datanode-2/data/ratis/33867455-c8f8-4378-9694-e22637b8cc44/in_use.lock acquired by nodename 1675@fv-az12-997
2022-02-14 09:19:00,332 [pool-144-thread-1] INFO  storage.RaftStorage (RaftStorageImpl.java:format(89)) - Storage directory /home/runner/work/ozone/ozone/hadoop-ozone/integration-test/target/test-dir/MiniOzoneClusterImpl-9687bb22-1f81-4155-97c5-ed9e7781f5c1/datanode-2/data/ratis/33867455-c8f8-4378-9694-e22637b8cc44 has been successfully formatted.
2022-02-14 09:19:00,333 [pool-144-thread-1] INFO  ratis.ContainerStateMachine (ContainerStateMachine.java:loadSnapshot(231)) - group-E22637B8CC44: The snapshot info is null. Setting the last applied indexto:(t:0, i:~)
2022-02-14 09:19:00,333 [pool-144-thread-1] INFO  server.RaftServerConfigKeys (ConfUtils.java:logGet(44)) - raft.server.notification.no-leader.timeout = 300s (custom)
2022-02-14 09:19:00,333 [pool-144-thread-1] INFO  server.RaftServerConfigKeys (ConfUtils.java:logGet(44)) - raft.server.log.use.memory = false (default)
2022-02-14 09:19:00,333 [pool-144-thread-1] INFO  server.RaftServerConfigKeys (ConfUtils.java:logGet(44)) - raft.server.log.purge.gap = 1000000 (custom)
2022-02-14 09:19:00,333 [pool-144-thread-1] INFO  server.RaftServerConfigKeys (ConfUtils.java:logGet(44)) - raft.server.log.appender.buffer.byte-limit = 33554432 (custom)
2022-02-14 09:19:00,334 [pool-144-thread-1] INFO  server.RaftServerConfigKeys (ConfUtils.java:logGet(44)) - raft.server.log.segment.size.max = 1048576 (custom)
2022-02-14 09:19:00,337 [pool-144-thread-1] INFO  server.RaftServerConfigKeys (ConfUtils.java:logGet(44)) - raft.server.log.segment.cache.num.max = 2 (custom)
2022-02-14 09:19:00,337 [pool-144-thread-1] INFO  server.RaftServerConfigKeys (ConfUtils.java:logGet(44)) - raft.server.log.segment.cache.size.max = 200MB (=209715200) (default)
2022-02-14 09:19:00,337 [pool-144-thread-1] INFO  segmented.SegmentedRaftLogWorker (SegmentedRaftLogWorker.java:<init>(182)) - new 0637dcbd-3228-4a5f-ac75-2b0c4f9ee7c1@group-E22637B8CC44-SegmentedRaftLogWorker for RaftStorageImpl:Storage Directory /home/runner/work/ozone/ozone/hadoop-ozone/integration-test/target/test-dir/MiniOzoneClusterImpl-9687bb22-1f81-4155-97c5-ed9e7781f5c1/datanode-2/data/ratis/33867455-c8f8-4378-9694-e22637b8cc44
2022-02-14 09:19:00,337 [pool-144-thread-1] INFO  server.RaftServerConfigKeys (ConfUtils.java:logGet(44)) - raft.server.log.queue.byte-limit = 2147483647 (custom)
2022-02-14 09:19:00,337 [pool-144-thread-1] INFO  server.RaftServerConfigKeys (ConfUtils.java:logGet(44)) - raft.server.log.queue.element-limit = 1024 (custom)
2022-02-14 09:19:00,337 [pool-144-thread-1] INFO  server.RaftServerConfigKeys (ConfUtils.java:logGet(44)) - raft.server.log.segment.size.max = 1048576 (custom)
2022-02-14 09:19:00,337 [pool-144-thread-1] INFO  server.RaftServerConfigKeys (ConfUtils.java:logGet(44)) - raft.server.log.preallocated.size = 16384 (custom)
2022-02-14 09:19:00,337 [pool-144-thread-1] INFO  server.RaftServerConfigKeys (ConfUtils.java:logGet(44)) - raft.server.log.force.sync.num = 128 (default)
2022-02-14 09:19:00,337 [pool-144-thread-1] INFO  server.RaftServerConfigKeys (ConfUtils.java:logGet(44)) - raft.server.log.statemachine.data.sync = true (default)
2022-02-14 09:19:00,337 [pool-144-thread-1] INFO  server.RaftServerConfigKeys (ConfUtils.java:logGet(44)) - raft.server.log.statemachine.data.sync.timeout = 10s (default)
2022-02-14 09:19:00,338 [pool-144-thread-1] INFO  server.RaftServerConfigKeys (ConfUtils.java:logGet(44)) - raft.server.log.statemachine.data.sync.timeout.retry = -1 (default)
2022-02-14 09:19:00,340 [pool-144-thread-1] INFO  server.RaftServerConfigKeys (ConfUtils.java:logGet(44)) - raft.server.log.write.buffer.size = 1048576 (custom)
2022-02-14 09:19:00,340 [EventQueue-PipelineReportForPipelineReportHandler] INFO  pipeline.PipelineManagerImpl (PipelineManagerImpl.java:openPipeline(291)) - Pipeline Pipeline[ Id: 33867455-c8f8-4378-9694-e22637b8cc44, Nodes: 0637dcbd-3228-4a5f-ac75-2b0c4f9ee7c1{ip: 10.1.0.22, host: fv-az12-997.exdb2aeach2ezidoxz41lk3bwg.cx.internal.cloudapp.net, ports: [REPLICATION=32777, RATIS=46669, RATIS_ADMIN=46669, RATIS_SERVER=46669, STANDALONE=39599], networkLocation: /default-rack, certSerialId: null, persistedOpState: IN_SERVICE, persistedOpStateExpiryEpochSec: 0}, ReplicationConfig: RATIS/ONE, State:ALLOCATED, leaderId:0637dcbd-3228-4a5f-ac75-2b0c4f9ee7c1, CreationTimestamp2022-02-14T09:18:57.331Z[Etc/UTC]] moved to OPEN state
2022-02-14 09:19:00,340 [pool-144-thread-1] INFO  server.RaftServerConfigKeys (ConfUtils.java:logGet(44)) - raft.server.log.statemachine.data.caching.enabled = true (custom)
2022-02-14 09:19:00,341 [pool-144-thread-1] INFO  segmented.SegmentedRaftLogWorker (SegmentedRaftLogWorker.java:lambda$new$0(133)) - 0637dcbd-3228-4a5f-ac75-2b0c4f9ee7c1@group-E22637B8CC44-SegmentedRaftLogWorker: flushIndex: setUnconditionally 0 -> -1
2022-02-14 09:19:00,341 [pool-144-thread-1] INFO  segmented.SegmentedRaftLogWorker (SegmentedRaftLogWorker.java:lambda$new$0(133)) - 0637dcbd-3228-4a5f-ac75-2b0c4f9ee7c1@group-E22637B8CC44-SegmentedRaftLogWorker: safeCacheEvictIndex: setUnconditionally 0 -> -1
2022-02-14 09:19:00,345 [pool-144-thread-1] INFO  server.RaftServerConfigKeys (ConfUtils.java:logGet(44)) - raft.server.snapshot.auto.trigger.enabled = true (custom)
2022-02-14 09:19:00,346 [4d1767bf-7f27-4798-b2df-8da5eab892db@group-ED9E7781F5C1-StateMachineUpdater] INFO  safemode.HealthyPipelineSafeModeRule (HealthyPipelineSafeModeRule.java:initializeRule(152)) - Refreshed total pipeline count is 0, healthy pipeline threshold count is 1
2022-02-14 09:19:00,349 [EventQueue-OpenPipelineForHealthyPipelineSafeModeRule] INFO  safemode.SCMSafeModeManager (HealthyPipelineSafeModeRule.java:process(124)) - SCM in safe mode. Healthy pipelines reported count is 0, required healthy pipeline reported count is 1
2022-02-14 09:19:00,346 [pool-144-thread-1] INFO  server.RaftServerConfigKeys (ConfUtils.java:logGet(44)) - raft.server.snapshot.auto.trigger.threshold = 10000 (custom)
2022-02-14 09:19:00,349 [pool-144-thread-1] INFO  server.RaftServerConfigKeys (ConfUtils.java:logGet(44)) - raft.server.snapshot.retention.file.num = 5 (custom)
2022-02-14 09:19:00,349 [pool-144-thread-1] INFO  server.RaftServerConfigKeys (ConfUtils.java:logGet(44)) - raft.server.log.purge.upto.snapshot.index = false (default)
2022-02-14 09:19:00,349 [pool-144-thread-1] INFO  server.RaftServerConfigKeys (ConfUtils.java:logGet(44)) - raft.server.retrycache.expirytime = 600000ms (custom)
2022-02-14 09:19:00,349 [pool-144-thread-1] INFO  server.RaftServerConfigKeys (ConfUtils.java:logGet(44)) - raft.server.retrycache.statistics.expirytime = 100μs (default)
2022-02-14 09:19:00,351 [pool-144-thread-1] INFO  server.RaftServer$Division (RaftServerImpl.java:start(301)) - 0637dcbd-3228-4a5f-ac75-2b0c4f9ee7c1@group-E22637B8CC44: start as a follower, conf=-1: [0637dcbd-3228-4a5f-ac75-2b0c4f9ee7c1|rpc:10.1.0.22:46669|priority:1], old=null
2022-02-14 09:19:00,351 [pool-144-thread-1] INFO  server.RaftServer$Division (RaftServerImpl.java:setRole(290)) - 0637dcbd-3228-4a5f-ac75-2b0c4f9ee7c1@group-E22637B8CC44: changes role from      null to FOLLOWER at term 0 for startAsFollower
2022-02-14 09:19:00,351 [pool-144-thread-1] INFO  impl.RoleInfo (RoleInfo.java:updateAndGet(130)) - 0637dcbd-3228-4a5f-ac75-2b0c4f9ee7c1: start 0637dcbd-3228-4a5f-ac75-2b0c4f9ee7c1@group-E22637B8CC44-FollowerState
2022-02-14 09:19:00,351 [pool-144-thread-1] INFO  util.JmxRegister (JmxRegister.java:tryRegister(44)) - Successfully registered JMX Bean with object name Ratis:service=RaftServer,group=group-E22637B8CC44,id=0637dcbd-3228-4a5f-ac75-2b0c4f9ee7c1
2022-02-14 09:19:00,352 [Command processor thread] INFO  ratis.XceiverServerRatis (XceiverServerRatis.java:addGroup(768)) - Created group PipelineID=33867455-c8f8-4378-9694-e22637b8cc44
2022-02-14 09:19:00,352 [Command processor thread] INFO  commandhandler.CreatePipelineCommandHandler (CreatePipelineCommandHandler.java:handle(106)) - Created Pipeline RATIS ONE PipelineID=33867455-c8f8-4378-9694-e22637b8cc44.
2022-02-14 09:19:01,327 [Listener at 127.0.0.1/42183] INFO  ozone.MiniOzoneClusterImpl (MiniOzoneClusterImpl.java:lambda$waitForClusterToBeReady$0(219)) - Nodes are ready. Got 3 of 3 DN Heartbeats.
2022-02-14 09:19:01,328 [Listener at 127.0.0.1/42183] INFO  ozone.MiniOzoneClusterImpl (MiniOzoneClusterImpl.java:lambda$waitForClusterToBeReady$0(222)) - Waiting for cluster to exit safe mode
2022-02-14 09:19:01,328 [Listener at 127.0.0.1/42183] INFO  ozone.MiniOzoneClusterImpl (MiniOzoneClusterImpl.java:lambda$waitForClusterToBeReady$0(224)) - SCM became leader
2022-02-14 09:19:02,328 [Listener at 127.0.0.1/42183] INFO  ozone.MiniOzoneClusterImpl (MiniOzoneClusterImpl.java:lambda$waitForClusterToBeReady$0(219)) - Nodes are ready. Got 3 of 3 DN Heartbeats.
2022-02-14 09:19:02,329 [Listener at 127.0.0.1/42183] INFO  ozone.MiniOzoneClusterImpl (MiniOzoneClusterImpl.java:lambda$waitForClusterToBeReady$0(222)) - Waiting for cluster to exit safe mode
2022-02-14 09:19:02,329 [Listener at 127.0.0.1/42183] INFO  ozone.MiniOzoneClusterImpl (MiniOzoneClusterImpl.java:lambda$waitForClusterToBeReady$0(224)) - SCM became leader
2022-02-14 09:19:03,329 [Listener at 127.0.0.1/42183] INFO  ozone.MiniOzoneClusterImpl (MiniOzoneClusterImpl.java:lambda$waitForClusterToBeReady$0(219)) - Nodes are ready. Got 3 of 3 DN Heartbeats.
2022-02-14 09:19:03,330 [Listener at 127.0.0.1/42183] INFO  ozone.MiniOzoneClusterImpl (MiniOzoneClusterImpl.java:lambda$waitForClusterToBeReady$0(222)) - Waiting for cluster to exit safe mode
2022-02-14 09:19:03,330 [Listener at 127.0.0.1/42183] INFO  ozone.MiniOzoneClusterImpl (MiniOzoneClusterImpl.java:lambda$waitForClusterToBeReady$0(224)) - SCM became leader
2022-02-14 09:19:04,330 [Listener at 127.0.0.1/42183] INFO  ozone.MiniOzoneClusterImpl (MiniOzoneClusterImpl.java:lambda$waitForClusterToBeReady$0(219)) - Nodes are ready. Got 3 of 3 DN Heartbeats.
2022-02-14 09:19:04,330 [Listener at 127.0.0.1/42183] INFO  ozone.MiniOzoneClusterImpl (MiniOzoneClusterImpl.java:lambda$waitForClusterToBeReady$0(222)) - Waiting for cluster to exit safe mode
2022-02-14 09:19:04,331 [Listener at 127.0.0.1/42183] INFO  ozone.MiniOzoneClusterImpl (MiniOzoneClusterImpl.java:lambda$waitForClusterToBeReady$0(224)) - SCM became leader
2022-02-14 09:19:04,909 [737834c3-cf9b-40a3-92c6-22f96faad031@group-E238EC1F3C6C-FollowerState] INFO  impl.FollowerState (FollowerState.java:run(134)) - 737834c3-cf9b-40a3-92c6-22f96faad031@group-E238EC1F3C6C-FollowerState: change to CANDIDATE, lastRpcElapsedTime:5016080912ns, electionTimeout:5015ms
2022-02-14 09:19:04,910 [737834c3-cf9b-40a3-92c6-22f96faad031@group-E238EC1F3C6C-FollowerState] INFO  impl.RoleInfo (RoleInfo.java:shutdownFollowerState(108)) - 737834c3-cf9b-40a3-92c6-22f96faad031: shutdown 737834c3-cf9b-40a3-92c6-22f96faad031@group-E238EC1F3C6C-FollowerState
2022-02-14 09:19:04,910 [737834c3-cf9b-40a3-92c6-22f96faad031@group-E238EC1F3C6C-FollowerState] INFO  server.RaftServer$Division (RaftServerImpl.java:setRole(290)) - 737834c3-cf9b-40a3-92c6-22f96faad031@group-E238EC1F3C6C: changes role from  FOLLOWER to CANDIDATE at term 0 for changeToCandidate
2022-02-14 09:19:04,910 [737834c3-cf9b-40a3-92c6-22f96faad031@group-E238EC1F3C6C-FollowerState] INFO  server.RaftServerConfigKeys (ConfUtils.java:logGet(44)) - raft.server.leaderelection.pre-vote = false (custom)
2022-02-14 09:19:04,910 [737834c3-cf9b-40a3-92c6-22f96faad031@group-E238EC1F3C6C-FollowerState] INFO  impl.RoleInfo (RoleInfo.java:updateAndGet(130)) - 737834c3-cf9b-40a3-92c6-22f96faad031: start 737834c3-cf9b-40a3-92c6-22f96faad031@group-E238EC1F3C6C-LeaderElection7
2022-02-14 09:19:04,918 [737834c3-cf9b-40a3-92c6-22f96faad031@group-E238EC1F3C6C-LeaderElection7] INFO  impl.LeaderElection (LeaderElection.java:askForVotes(306)) - 737834c3-cf9b-40a3-92c6-22f96faad031@group-E238EC1F3C6C-LeaderElection7 ELECTION round 0: submit vote requests at term 1 for -1: [c470596b-60de-45b2-8aec-27399339dd50|rpc:10.1.0.22:35831|priority:0, 0637dcbd-3228-4a5f-ac75-2b0c4f9ee7c1|rpc:10.1.0.22:46669|priority:0, 737834c3-cf9b-40a3-92c6-22f96faad031|rpc:10.1.0.22:40731|priority:1], old=null
2022-02-14 09:19:04,942 [grpc-default-executor-0] INFO  server.RaftServer$Division (RaftServerImpl.java:requestVote(1046)) - 0637dcbd-3228-4a5f-ac75-2b0c4f9ee7c1@group-E238EC1F3C6C: receive requestVote(ELECTION, 737834c3-cf9b-40a3-92c6-22f96faad031, group-E238EC1F3C6C, 1, (t:0, i:0))
2022-02-14 09:19:04,942 [grpc-default-executor-0] INFO  impl.VoteContext (VoteContext.java:log(48)) - 0637dcbd-3228-4a5f-ac75-2b0c4f9ee7c1@group-E238EC1F3C6C-FOLLOWER: accept ELECTION from 737834c3-cf9b-40a3-92c6-22f96faad031: our priority 0 <= candidate's priority 1
2022-02-14 09:19:04,942 [grpc-default-executor-0] INFO  server.RaftServer$Division (RaftServerImpl.java:setRole(290)) - 0637dcbd-3228-4a5f-ac75-2b0c4f9ee7c1@group-E238EC1F3C6C: changes role from  FOLLOWER to FOLLOWER at term 1 for candidate:737834c3-cf9b-40a3-92c6-22f96faad031
2022-02-14 09:19:04,942 [grpc-default-executor-0] INFO  impl.RoleInfo (RoleInfo.java:shutdownFollowerState(108)) - 0637dcbd-3228-4a5f-ac75-2b0c4f9ee7c1: shutdown 0637dcbd-3228-4a5f-ac75-2b0c4f9ee7c1@group-E238EC1F3C6C-FollowerState
2022-02-14 09:19:04,943 [grpc-default-executor-0] INFO  impl.RoleInfo (RoleInfo.java:updateAndGet(130)) - 0637dcbd-3228-4a5f-ac75-2b0c4f9ee7c1: start 0637dcbd-3228-4a5f-ac75-2b0c4f9ee7c1@group-E238EC1F3C6C-FollowerState
2022-02-14 09:19:04,943 [0637dcbd-3228-4a5f-ac75-2b0c4f9ee7c1@group-E238EC1F3C6C-FollowerState] INFO  impl.FollowerState (FollowerState.java:run(143)) - 0637dcbd-3228-4a5f-ac75-2b0c4f9ee7c1@group-E238EC1F3C6C-FollowerState was interrupted: {}
java.lang.InterruptedException: sleep interrupted
	at java.lang.Thread.sleep(Native Method)
	at java.lang.Thread.sleep(Thread.java:340)
	at java.util.concurrent.TimeUnit.sleep(TimeUnit.java:386)
	at org.apache.ratis.util.TimeDuration.sleep(TimeDuration.java:324)
	at org.apache.ratis.util.TimeDuration.sleep(TimeDuration.java:309)
	at org.apache.ratis.server.impl.FollowerState.run(FollowerState.java:118)
2022-02-14 09:19:04,947 [grpc-default-executor-0] INFO  server.RaftServer$Division (RaftServerImpl.java:requestVote(1078)) - 0637dcbd-3228-4a5f-ac75-2b0c4f9ee7c1@group-E238EC1F3C6C replies to ELECTION vote request: 737834c3-cf9b-40a3-92c6-22f96faad031<-0637dcbd-3228-4a5f-ac75-2b0c4f9ee7c1#0:OK-t1. Peer's state: 0637dcbd-3228-4a5f-ac75-2b0c4f9ee7c1@group-E238EC1F3C6C:t1, leader=null, voted=737834c3-cf9b-40a3-92c6-22f96faad031, raftlog=0637dcbd-3228-4a5f-ac75-2b0c4f9ee7c1@group-E238EC1F3C6C-SegmentedRaftLog:OPENED:c-1, conf=-1: [c470596b-60de-45b2-8aec-27399339dd50|rpc:10.1.0.22:35831|dataStream:|priority:0, 0637dcbd-3228-4a5f-ac75-2b0c4f9ee7c1|rpc:10.1.0.22:46669|dataStream:|priority:0, 737834c3-cf9b-40a3-92c6-22f96faad031|rpc:10.1.0.22:40731|dataStream:|priority:1], old=null
2022-02-14 09:19:04,951 [737834c3-cf9b-40a3-92c6-22f96faad031@group-5D690E8C2256-FollowerState] INFO  impl.FollowerState (FollowerState.java:run(134)) - 737834c3-cf9b-40a3-92c6-22f96faad031@group-5D690E8C2256-FollowerState: change to CANDIDATE, lastRpcElapsedTime:5100276655ns, electionTimeout:5099ms
2022-02-14 09:19:04,951 [737834c3-cf9b-40a3-92c6-22f96faad031@group-5D690E8C2256-FollowerState] INFO  impl.RoleInfo (RoleInfo.java:shutdownFollowerState(108)) - 737834c3-cf9b-40a3-92c6-22f96faad031: shutdown 737834c3-cf9b-40a3-92c6-22f96faad031@group-5D690E8C2256-FollowerState
2022-02-14 09:19:04,951 [737834c3-cf9b-40a3-92c6-22f96faad031@group-5D690E8C2256-FollowerState] INFO  server.RaftServer$Division (RaftServerImpl.java:setRole(290)) - 737834c3-cf9b-40a3-92c6-22f96faad031@group-5D690E8C2256: changes role from  FOLLOWER to CANDIDATE at term 0 for changeToCandidate
2022-02-14 09:19:04,951 [737834c3-cf9b-40a3-92c6-22f96faad031@group-5D690E8C2256-FollowerState] INFO  server.RaftServerConfigKeys (ConfUtils.java:logGet(44)) - raft.server.leaderelection.pre-vote = false (custom)
2022-02-14 09:19:04,951 [737834c3-cf9b-40a3-92c6-22f96faad031@group-5D690E8C2256-FollowerState] INFO  impl.RoleInfo (RoleInfo.java:updateAndGet(130)) - 737834c3-cf9b-40a3-92c6-22f96faad031: start 737834c3-cf9b-40a3-92c6-22f96faad031@group-5D690E8C2256-LeaderElection8
2022-02-14 09:19:04,957 [737834c3-cf9b-40a3-92c6-22f96faad031@group-E238EC1F3C6C-LeaderElection7] INFO  impl.LeaderElection (LeaderElection.java:logAndReturn(89)) - 737834c3-cf9b-40a3-92c6-22f96faad031@group-E238EC1F3C6C-LeaderElection7: ELECTION PASSED received 1 response(s) and 0 exception(s):
2022-02-14 09:19:04,958 [737834c3-cf9b-40a3-92c6-22f96faad031@group-E238EC1F3C6C-LeaderElection7] INFO  impl.LeaderElection (LeaderElection.java:logAndReturn(93)) -   Response 0: 737834c3-cf9b-40a3-92c6-22f96faad031<-0637dcbd-3228-4a5f-ac75-2b0c4f9ee7c1#0:OK-t1
2022-02-14 09:19:04,958 [737834c3-cf9b-40a3-92c6-22f96faad031@group-E238EC1F3C6C-LeaderElection7] INFO  impl.LeaderElection (LeaderElection.java:askForVotes(308)) - 737834c3-cf9b-40a3-92c6-22f96faad031@group-E238EC1F3C6C-LeaderElection7 ELECTION round 0: result PASSED
2022-02-14 09:19:04,959 [737834c3-cf9b-40a3-92c6-22f96faad031@group-E238EC1F3C6C-LeaderElection7] INFO  impl.RoleInfo (RoleInfo.java:shutdownLeaderElection(121)) - 737834c3-cf9b-40a3-92c6-22f96faad031: shutdown 737834c3-cf9b-40a3-92c6-22f96faad031@group-E238EC1F3C6C-LeaderElection7
2022-02-14 09:19:04,959 [737834c3-cf9b-40a3-92c6-22f96faad031@group-E238EC1F3C6C-LeaderElection7] INFO  server.RaftServer$Division (RaftServerImpl.java:setRole(290)) - 737834c3-cf9b-40a3-92c6-22f96faad031@group-E238EC1F3C6C: changes role from CANDIDATE to LEADER at term 1 for changeToLeader
2022-02-14 09:19:04,959 [737834c3-cf9b-40a3-92c6-22f96faad031@group-E238EC1F3C6C-LeaderElection7] INFO  ratis.XceiverServerRatis (XceiverServerRatis.java:handleLeaderChangedNotification(866)) - Leader change notification received for group: group-E238EC1F3C6C with new leaderId: 737834c3-cf9b-40a3-92c6-22f96faad031
2022-02-14 09:19:04,959 [737834c3-cf9b-40a3-92c6-22f96faad031@group-E238EC1F3C6C-LeaderElection7] INFO  server.RaftServer$Division (ServerState.java:setLeader(285)) - 737834c3-cf9b-40a3-92c6-22f96faad031@group-E238EC1F3C6C: change Leader from null to 737834c3-cf9b-40a3-92c6-22f96faad031 at term 1 for becomeLeader, leader elected after 5083ms
2022-02-14 09:19:04,959 [737834c3-cf9b-40a3-92c6-22f96faad031@group-E238EC1F3C6C-LeaderElection7] INFO  server.RaftServerConfigKeys (ConfUtils.java:logGet(44)) - raft.server.staging.catchup.gap = 1000 (default)
2022-02-14 09:19:04,959 [737834c3-cf9b-40a3-92c6-22f96faad031@group-E238EC1F3C6C-LeaderElection7] INFO  server.RaftServerConfigKeys (ConfUtils.java:logGet(44)) - raft.server.write.element-limit = 1024 (custom)
2022-02-14 09:19:04,959 [737834c3-cf9b-40a3-92c6-22f96faad031@group-E238EC1F3C6C-LeaderElection7] INFO  server.RaftServerConfigKeys (ConfUtils.java:logGet(44)) - raft.server.write.byte-limit = 1024 M (=1073741824) (custom)
2022-02-14 09:19:04,960 [737834c3-cf9b-40a3-92c6-22f96faad031@group-E238EC1F3C6C-LeaderElection7] INFO  server.RaftServerConfigKeys (ConfUtils.java:logGet(44)) - raft.server.watch.timeout = 180s (custom)
2022-02-14 09:19:04,960 [737834c3-cf9b-40a3-92c6-22f96faad031@group-E238EC1F3C6C-LeaderElection7] INFO  server.RaftServerConfigKeys (ConfUtils.java:logGet(44)) - raft.server.watch.timeout.denomination = 1s (default)
2022-02-14 09:19:04,960 [737834c3-cf9b-40a3-92c6-22f96faad031@group-E238EC1F3C6C-LeaderElection7] INFO  server.RaftServerConfigKeys (ConfUtils.java:logGet(44)) - raft.server.watch.element-limit = 65536 (default)
2022-02-14 09:19:04,960 [737834c3-cf9b-40a3-92c6-22f96faad031@group-E238EC1F3C6C-LeaderElection7] INFO  server.RaftServerConfigKeys (ConfUtils.java:logGet(44)) - raft.server.write.element-limit = 1024 (custom)
2022-02-14 09:19:04,960 [737834c3-cf9b-40a3-92c6-22f96faad031@group-E238EC1F3C6C-LeaderElection7] INFO  server.RaftServerConfigKeys (ConfUtils.java:logGet(44)) - raft.server.write.follower.gap.ratio.max = -1.0 (default)
2022-02-14 09:19:04,960 [737834c3-cf9b-40a3-92c6-22f96faad031@group-E238EC1F3C6C-LeaderElection7] INFO  server.RaftServerConfigKeys (ConfUtils.java:logGet(44)) - raft.server.log.appender.snapshot.chunk.size.max = 16MB (=16777216) (default)
2022-02-14 09:19:04,960 [737834c3-cf9b-40a3-92c6-22f96faad031@group-E238EC1F3C6C-LeaderElection7] INFO  server.RaftServerConfigKeys (ConfUtils.java:logGet(44)) - raft.server.log.appender.buffer.byte-limit = 33554432 (custom)
2022-02-14 09:19:04,960 [737834c3-cf9b-40a3-92c6-22f96faad031@group-E238EC1F3C6C-LeaderElection7] INFO  server.RaftServerConfigKeys (ConfUtils.java:logGet(44)) - raft.server.log.appender.buffer.element-limit = 1 (custom)
2022-02-14 09:19:04,960 [737834c3-cf9b-40a3-92c6-22f96faad031@group-E238EC1F3C6C-LeaderElection7] INFO  grpc.GrpcConfigKeys (ConfUtils.java:logGet(44)) - raft.grpc.server.leader.outstanding.appends.max = 128 (default)
2022-02-14 09:19:04,960 [737834c3-cf9b-40a3-92c6-22f96faad031@group-E238EC1F3C6C-LeaderElection7] INFO  server.RaftServerConfigKeys (ConfUtils.java:logGet(44)) - raft.server.rpc.request.timeout = 60s (custom)
2022-02-14 09:19:04,961 [737834c3-cf9b-40a3-92c6-22f96faad031@group-E238EC1F3C6C-LeaderElection7] INFO  server.RaftServerConfigKeys (ConfUtils.java:logGet(44)) - raft.server.log.appender.install.snapshot.enabled = false (custom)
2022-02-14 09:19:04,964 [EventQueue-PipelineReportForPipelineReportHandler] INFO  pipeline.PipelineManagerImpl (PipelineManagerImpl.java:openPipeline(291)) - Pipeline Pipeline[ Id: 9592aa43-5df2-4faf-a603-e238ec1f3c6c, Nodes: 737834c3-cf9b-40a3-92c6-22f96faad031{ip: 10.1.0.22, host: fv-az12-997.exdb2aeach2ezidoxz41lk3bwg.cx.internal.cloudapp.net, ports: [REPLICATION=46147, RATIS=40731, RATIS_ADMIN=40731, RATIS_SERVER=40731, STANDALONE=32891], networkLocation: /default-rack, certSerialId: null, persistedOpState: IN_SERVICE, persistedOpStateExpiryEpochSec: 0}c470596b-60de-45b2-8aec-27399339dd50{ip: 10.1.0.22, host: fv-az12-997.exdb2aeach2ezidoxz41lk3bwg.cx.internal.cloudapp.net, ports: [REPLICATION=37289, RATIS=35831, RATIS_ADMIN=35831, RATIS_SERVER=35831, STANDALONE=36573], networkLocation: /default-rack, certSerialId: null, persistedOpState: IN_SERVICE, persistedOpStateExpiryEpochSec: 0}0637dcbd-3228-4a5f-ac75-2b0c4f9ee7c1{ip: 10.1.0.22, host: fv-az12-997.exdb2aeach2ezidoxz41lk3bwg.cx.internal.cloudapp.net, ports: [REPLICATION=32777, RATIS=46669, RATIS_ADMIN=46669, RATIS_SERVER=46669, STANDALONE=39599], networkLocation: /default-rack, certSerialId: null, persistedOpState: IN_SERVICE, persistedOpStateExpiryEpochSec: 0}, ReplicationConfig: RATIS/THREE, State:ALLOCATED, leaderId:737834c3-cf9b-40a3-92c6-22f96faad031, CreationTimestamp2022-02-14T09:18:57.338Z[Etc/UTC]] moved to OPEN state
2022-02-14 09:19:04,964 [737834c3-cf9b-40a3-92c6-22f96faad031@group-E238EC1F3C6C-LeaderElection7] INFO  server.RaftServerConfigKeys (ConfUtils.java:logGet(44)) - raft.server.log.appender.snapshot.chunk.size.max = 16MB (=16777216) (default)
2022-02-14 09:19:04,965 [737834c3-cf9b-40a3-92c6-22f96faad031@group-E238EC1F3C6C-LeaderElection7] INFO  server.RaftServerConfigKeys (ConfUtils.java:logGet(44)) - raft.server.log.appender.buffer.byte-limit = 33554432 (custom)
2022-02-14 09:19:04,965 [737834c3-cf9b-40a3-92c6-22f96faad031@group-E238EC1F3C6C-LeaderElection7] INFO  server.RaftServerConfigKeys (ConfUtils.java:logGet(44)) - raft.server.log.appender.buffer.element-limit = 1 (custom)
2022-02-14 09:19:04,965 [737834c3-cf9b-40a3-92c6-22f96faad031@group-E238EC1F3C6C-LeaderElection7] INFO  grpc.GrpcConfigKeys (ConfUtils.java:logGet(44)) - raft.grpc.server.leader.outstanding.appends.max = 128 (default)
2022-02-14 09:19:04,966 [737834c3-cf9b-40a3-92c6-22f96faad031@group-E238EC1F3C6C-LeaderElection7] INFO  server.RaftServerConfigKeys (ConfUtils.java:logGet(44)) - raft.server.rpc.request.timeout = 60s (custom)
2022-02-14 09:19:04,966 [737834c3-cf9b-40a3-92c6-22f96faad031@group-E238EC1F3C6C-LeaderElection7] INFO  server.RaftServerConfigKeys (ConfUtils.java:logGet(44)) - raft.server.log.appender.install.snapshot.enabled = false (custom)
2022-02-14 09:19:04,966 [4d1767bf-7f27-4798-b2df-8da5eab892db@group-ED9E7781F5C1-StateMachineUpdater] INFO  safemode.HealthyPipelineSafeModeRule (HealthyPipelineSafeModeRule.java:initializeRule(152)) - Refreshed total pipeline count is 1, healthy pipeline threshold count is 1
2022-02-14 09:19:04,958 [737834c3-cf9b-40a3-92c6-22f96faad031@group-5D690E8C2256-LeaderElection8] INFO  impl.LeaderElection (LeaderElection.java:askForVotes(306)) - 737834c3-cf9b-40a3-92c6-22f96faad031@group-5D690E8C2256-LeaderElection8 ELECTION round 0: submit vote requests at term 1 for -1: [737834c3-cf9b-40a3-92c6-22f96faad031|rpc:10.1.0.22:40731|priority:1], old=null
2022-02-14 09:19:04,972 [EventQueue-OpenPipelineForHealthyPipelineSafeModeRule] INFO  safemode.SCMSafeModeManager (HealthyPipelineSafeModeRule.java:process(124)) - SCM in safe mode. Healthy pipelines reported count is 1, required healthy pipeline reported count is 1
2022-02-14 09:19:04,972 [EventQueue-OpenPipelineForHealthyPipelineSafeModeRule] INFO  safemode.SCMSafeModeManager (SCMSafeModeManager.java:validateSafeModeExitRules(204)) - HealthyPipelineSafeModeRule rule is successfully validated
2022-02-14 09:19:04,972 [EventQueue-OpenPipelineForHealthyPipelineSafeModeRule] INFO  safemode.SCMSafeModeManager (SCMSafeModeManager.java:validateSafeModeExitRules(219)) - ScmSafeModeManager, all rules are successfully validated
2022-02-14 09:19:04,972 [EventQueue-OpenPipelineForHealthyPipelineSafeModeRule] INFO  safemode.SCMSafeModeManager (SCMSafeModeManager.java:exitSafeMode(248)) - SCM exiting safe mode.
2022-02-14 09:19:04,971 [grpc-default-executor-0] INFO  server.RaftServer$Division (RaftServerImpl.java:requestVote(1046)) - c470596b-60de-45b2-8aec-27399339dd50@group-E238EC1F3C6C: receive requestVote(ELECTION, 737834c3-cf9b-40a3-92c6-22f96faad031, group-E238EC1F3C6C, 1, (t:0, i:0))
2022-02-14 09:19:04,972 [grpc-default-executor-0] INFO  impl.VoteContext (VoteContext.java:log(48)) - c470596b-60de-45b2-8aec-27399339dd50@group-E238EC1F3C6C-FOLLOWER: accept ELECTION from 737834c3-cf9b-40a3-92c6-22f96faad031: our priority 0 <= candidate's priority 1
2022-02-14 09:19:04,972 [grpc-default-executor-0] INFO  server.RaftServer$Division (RaftServerImpl.java:setRole(290)) - c470596b-60de-45b2-8aec-27399339dd50@group-E238EC1F3C6C: changes role from  FOLLOWER to FOLLOWER at term 1 for candidate:737834c3-cf9b-40a3-92c6-22f96faad031
2022-02-14 09:19:04,972 [grpc-default-executor-0] INFO  impl.RoleInfo (RoleInfo.java:shutdownFollowerState(108)) - c470596b-60de-45b2-8aec-27399339dd50: shutdown c470596b-60de-45b2-8aec-27399339dd50@group-E238EC1F3C6C-FollowerState
2022-02-14 09:19:04,973 [grpc-default-executor-0] INFO  impl.RoleInfo (RoleInfo.java:updateAndGet(130)) - c470596b-60de-45b2-8aec-27399339dd50: start c470596b-60de-45b2-8aec-27399339dd50@group-E238EC1F3C6C-FollowerState
2022-02-14 09:19:04,973 [c470596b-60de-45b2-8aec-27399339dd50@group-E238EC1F3C6C-FollowerState] INFO  impl.FollowerState (FollowerState.java:run(143)) - c470596b-60de-45b2-8aec-27399339dd50@group-E238EC1F3C6C-FollowerState was interrupted: {}
java.lang.InterruptedException: sleep interrupted
	at java.lang.Thread.sleep(Native Method)
	at java.lang.Thread.sleep(Thread.java:340)
	at java.util.concurrent.TimeUnit.sleep(TimeUnit.java:386)
	at org.apache.ratis.util.TimeDuration.sleep(TimeDuration.java:324)
	at org.apache.ratis.util.TimeDuration.sleep(TimeDuration.java:309)
	at org.apache.ratis.server.impl.FollowerState.run(FollowerState.java:118)
2022-02-14 09:19:04,967 [737834c3-cf9b-40a3-92c6-22f96faad031@group-E238EC1F3C6C-LeaderElection7] INFO  impl.RoleInfo (RoleInfo.java:updateAndGet(130)) - 737834c3-cf9b-40a3-92c6-22f96faad031: start 737834c3-cf9b-40a3-92c6-22f96faad031@group-E238EC1F3C6C-LeaderStateImpl
2022-02-14 09:19:04,974 [737834c3-cf9b-40a3-92c6-22f96faad031@group-E238EC1F3C6C-LeaderElection7] INFO  segmented.SegmentedRaftLogWorker (SegmentedRaftLogWorker.java:startLogSegment(394)) - 737834c3-cf9b-40a3-92c6-22f96faad031@group-E238EC1F3C6C-SegmentedRaftLogWorker: Starting segment from index:0
2022-02-14 09:19:04,972 [737834c3-cf9b-40a3-92c6-22f96faad031@group-5D690E8C2256-LeaderElection8] INFO  impl.LeaderElection (LeaderElection.java:askForVotes(308)) - 737834c3-cf9b-40a3-92c6-22f96faad031@group-5D690E8C2256-LeaderElection8 ELECTION round 0: result PASSED (term=1)
2022-02-14 09:19:04,974 [737834c3-cf9b-40a3-92c6-22f96faad031@group-5D690E8C2256-LeaderElection8] INFO  impl.RoleInfo (RoleInfo.java:shutdownLeaderElection(121)) - 737834c3-cf9b-40a3-92c6-22f96faad031: shutdown 737834c3-cf9b-40a3-92c6-22f96faad031@group-5D690E8C2256-LeaderElection8
2022-02-14 09:19:04,974 [737834c3-cf9b-40a3-92c6-22f96faad031@group-5D690E8C2256-LeaderElection8] INFO  server.RaftServer$Division (RaftServerImpl.java:setRole(290)) - 737834c3-cf9b-40a3-92c6-22f96faad031@group-5D690E8C2256: changes role from CANDIDATE to LEADER at term 1 for changeToLeader
2022-02-14 09:19:04,974 [737834c3-cf9b-40a3-92c6-22f96faad031@group-5D690E8C2256-LeaderElection8] INFO  ratis.XceiverServerRatis (XceiverServerRatis.java:handleLeaderChangedNotification(866)) - Leader change notification received for group: group-5D690E8C2256 with new leaderId: 737834c3-cf9b-40a3-92c6-22f96faad031
2022-02-14 09:19:04,972 [EventQueue-OpenPipelineForHealthyPipelineSafeModeRule] WARN  events.EventQueue (EventQueue.java:fireEvent(194)) - No event handler registered for event TypedEvent{payloadType=SafeModeStatus, name='Safe mode status'}
2022-02-14 09:19:04,979 [EventQueue-OpenPipelineForHealthyPipelineSafeModeRule] INFO  ha.SCMContext (SCMContext.java:updateSafeModeStatus(211)) - Update SafeModeStatus from SafeModeStatus{safeModeStatus=true, preCheckPassed=true} to SafeModeStatus{safeModeStatus=false, preCheckPassed=true}.
2022-02-14 09:19:04,979 [EventQueue-OpenPipelineForHealthyPipelineSafeModeRule] INFO  container.ReplicationManager (ReplicationManager.java:notifyStatusChanged(1807)) - Service ReplicationManager transitions to RUNNING.
2022-02-14 09:19:04,979 [grpc-default-executor-0] INFO  server.RaftServer$Division (RaftServerImpl.java:requestVote(1078)) - c470596b-60de-45b2-8aec-27399339dd50@group-E238EC1F3C6C replies to ELECTION vote request: 737834c3-cf9b-40a3-92c6-22f96faad031<-c470596b-60de-45b2-8aec-27399339dd50#0:OK-t1. Peer's state: c470596b-60de-45b2-8aec-27399339dd50@group-E238EC1F3C6C:t1, leader=null, voted=737834c3-cf9b-40a3-92c6-22f96faad031, raftlog=c470596b-60de-45b2-8aec-27399339dd50@group-E238EC1F3C6C-SegmentedRaftLog:OPENED:c-1, conf=-1: [c470596b-60de-45b2-8aec-27399339dd50|rpc:10.1.0.22:35831|dataStream:|priority:0, 0637dcbd-3228-4a5f-ac75-2b0c4f9ee7c1|rpc:10.1.0.22:46669|dataStream:|priority:0, 737834c3-cf9b-40a3-92c6-22f96faad031|rpc:10.1.0.22:40731|dataStream:|priority:1], old=null
2022-02-14 09:19:04,980 [737834c3-cf9b-40a3-92c6-22f96faad031@group-5D690E8C2256-LeaderElection8] INFO  server.RaftServer$Division (ServerState.java:setLeader(285)) - 737834c3-cf9b-40a3-92c6-22f96faad031@group-5D690E8C2256: change Leader from null to 737834c3-cf9b-40a3-92c6-22f96faad031 at term 1 for becomeLeader, leader elected after 5132ms
2022-02-14 09:19:04,983 [737834c3-cf9b-40a3-92c6-22f96faad031@group-E238EC1F3C6C-SegmentedRaftLogWorker] INFO  segmented.SegmentedRaftLogWorker (SegmentedRaftLogWorker.java:execute(601)) - 737834c3-cf9b-40a3-92c6-22f96faad031@group-E238EC1F3C6C-SegmentedRaftLogWorker: created new log segment /home/runner/work/ozone/ozone/hadoop-ozone/integration-test/target/test-dir/MiniOzoneClusterImpl-9687bb22-1f81-4155-97c5-ed9e7781f5c1/datanode-0/data/ratis/9592aa43-5df2-4faf-a603-e238ec1f3c6c/current/log_inprogress_0
2022-02-14 09:19:04,987 [737834c3-cf9b-40a3-92c6-22f96faad031@group-5D690E8C2256-LeaderElection8] INFO  server.RaftServerConfigKeys (ConfUtils.java:logGet(44)) - raft.server.staging.catchup.gap = 1000 (default)
2022-02-14 09:19:04,995 [grpc-default-executor-0] INFO  ratis.XceiverServerRatis (XceiverServerRatis.java:handleLeaderChangedNotification(866)) - Leader change notification received for group: group-E238EC1F3C6C with new leaderId: 737834c3-cf9b-40a3-92c6-22f96faad031
2022-02-14 09:19:04,995 [grpc-default-executor-0] INFO  server.RaftServer$Division (ServerState.java:setLeader(285)) - 0637dcbd-3228-4a5f-ac75-2b0c4f9ee7c1@group-E238EC1F3C6C: change Leader from null to 737834c3-cf9b-40a3-92c6-22f96faad031 at term 1 for appendEntries, leader elected after 4919ms
2022-02-14 09:19:05,008 [737834c3-cf9b-40a3-92c6-22f96faad031@group-5D690E8C2256-LeaderElection8] INFO  server.RaftServerConfigKeys (ConfUtils.java:logGet(44)) - raft.server.write.element-limit = 1024 (custom)
2022-02-14 09:19:05,008 [737834c3-cf9b-40a3-92c6-22f96faad031@group-5D690E8C2256-LeaderElection8] INFO  server.RaftServerConfigKeys (ConfUtils.java:logGet(44)) - raft.server.write.byte-limit = 1024 M (=1073741824) (custom)
2022-02-14 09:19:05,009 [737834c3-cf9b-40a3-92c6-22f96faad031@group-5D690E8C2256-LeaderElection8] INFO  server.RaftServerConfigKeys (ConfUtils.java:logGet(44)) - raft.server.watch.timeout = 180s (custom)
2022-02-14 09:19:05,009 [737834c3-cf9b-40a3-92c6-22f96faad031@group-5D690E8C2256-LeaderElection8] INFO  server.RaftServerConfigKeys (ConfUtils.java:logGet(44)) - raft.server.watch.timeout.denomination = 1s (default)
2022-02-14 09:19:05,009 [737834c3-cf9b-40a3-92c6-22f96faad031@group-5D690E8C2256-LeaderElection8] INFO  server.RaftServerConfigKeys (ConfUtils.java:logGet(44)) - raft.server.watch.element-limit = 65536 (default)
2022-02-14 09:19:05,009 [737834c3-cf9b-40a3-92c6-22f96faad031@group-5D690E8C2256-LeaderElection8] INFO  server.RaftServerConfigKeys (ConfUtils.java:logGet(44)) - raft.server.write.element-limit = 1024 (custom)
2022-02-14 09:19:05,009 [737834c3-cf9b-40a3-92c6-22f96faad031@group-5D690E8C2256-LeaderElection8] INFO  server.RaftServerConfigKeys (ConfUtils.java:logGet(44)) - raft.server.write.follower.gap.ratio.max = -1.0 (default)
2022-02-14 09:19:05,009 [737834c3-cf9b-40a3-92c6-22f96faad031@group-5D690E8C2256-LeaderElection8] INFO  impl.RoleInfo (RoleInfo.java:updateAndGet(130)) - 737834c3-cf9b-40a3-92c6-22f96faad031: start 737834c3-cf9b-40a3-92c6-22f96faad031@group-5D690E8C2256-LeaderStateImpl
2022-02-14 09:19:05,009 [737834c3-cf9b-40a3-92c6-22f96faad031@group-5D690E8C2256-LeaderElection8] INFO  segmented.SegmentedRaftLogWorker (SegmentedRaftLogWorker.java:startLogSegment(394)) - 737834c3-cf9b-40a3-92c6-22f96faad031@group-5D690E8C2256-SegmentedRaftLogWorker: Starting segment from index:0
2022-02-14 09:19:05,010 [737834c3-cf9b-40a3-92c6-22f96faad031@group-E238EC1F3C6C-LeaderElection7] INFO  server.RaftServer$Division (ServerState.java:setRaftConf(387)) - 737834c3-cf9b-40a3-92c6-22f96faad031@group-E238EC1F3C6C: set configuration 0: [c470596b-60de-45b2-8aec-27399339dd50|rpc:10.1.0.22:35831|dataStream:|priority:0, 0637dcbd-3228-4a5f-ac75-2b0c4f9ee7c1|rpc:10.1.0.22:46669|dataStream:|priority:0, 737834c3-cf9b-40a3-92c6-22f96faad031|rpc:10.1.0.22:40731|dataStream:|priority:1], old=null
2022-02-14 09:19:05,010 [grpc-default-executor-5] INFO  ratis.XceiverServerRatis (XceiverServerRatis.java:handleLeaderChangedNotification(866)) - Leader change notification received for group: group-E238EC1F3C6C with new leaderId: 737834c3-cf9b-40a3-92c6-22f96faad031
2022-02-14 09:19:05,010 [grpc-default-executor-5] INFO  server.RaftServer$Division (ServerState.java:setLeader(285)) - c470596b-60de-45b2-8aec-27399339dd50@group-E238EC1F3C6C: change Leader from null to 737834c3-cf9b-40a3-92c6-22f96faad031 at term 1 for appendEntries, leader elected after 5034ms
2022-02-14 09:19:05,011 [737834c3-cf9b-40a3-92c6-22f96faad031@group-5D690E8C2256-SegmentedRaftLogWorker] INFO  segmented.SegmentedRaftLogWorker (SegmentedRaftLogWorker.java:execute(601)) - 737834c3-cf9b-40a3-92c6-22f96faad031@group-5D690E8C2256-SegmentedRaftLogWorker: created new log segment /home/runner/work/ozone/ozone/hadoop-ozone/integration-test/target/test-dir/MiniOzoneClusterImpl-9687bb22-1f81-4155-97c5-ed9e7781f5c1/datanode-0/data/ratis/71bae90a-4f6b-498e-bd9f-5d690e8c2256/current/log_inprogress_0
2022-02-14 09:19:05,018 [737834c3-cf9b-40a3-92c6-22f96faad031@group-5D690E8C2256-LeaderElection8] INFO  server.RaftServer$Division (ServerState.java:setRaftConf(387)) - 737834c3-cf9b-40a3-92c6-22f96faad031@group-5D690E8C2256: set configuration 0: [737834c3-cf9b-40a3-92c6-22f96faad031|rpc:10.1.0.22:40731|dataStream:|priority:1], old=null
2022-02-14 09:19:05,026 [grpc-default-executor-0] INFO  server.RaftServer$Division (ServerState.java:setRaftConf(387)) - c470596b-60de-45b2-8aec-27399339dd50@group-E238EC1F3C6C: set configuration 0: [c470596b-60de-45b2-8aec-27399339dd50|rpc:10.1.0.22:35831|dataStream:|priority:0, 0637dcbd-3228-4a5f-ac75-2b0c4f9ee7c1|rpc:10.1.0.22:46669|dataStream:|priority:0, 737834c3-cf9b-40a3-92c6-22f96faad031|rpc:10.1.0.22:40731|dataStream:|priority:1], old=null
2022-02-14 09:19:05,026 [grpc-default-executor-0] INFO  segmented.SegmentedRaftLogWorker (SegmentedRaftLogWorker.java:startLogSegment(394)) - c470596b-60de-45b2-8aec-27399339dd50@group-E238EC1F3C6C-SegmentedRaftLogWorker: Starting segment from index:0
2022-02-14 09:19:05,029 [c470596b-60de-45b2-8aec-27399339dd50@group-E238EC1F3C6C-SegmentedRaftLogWorker] INFO  segmented.SegmentedRaftLogWorker (SegmentedRaftLogWorker.java:execute(601)) - c470596b-60de-45b2-8aec-27399339dd50@group-E238EC1F3C6C-SegmentedRaftLogWorker: created new log segment /home/runner/work/ozone/ozone/hadoop-ozone/integration-test/target/test-dir/MiniOzoneClusterImpl-9687bb22-1f81-4155-97c5-ed9e7781f5c1/datanode-1/data/ratis/9592aa43-5df2-4faf-a603-e238ec1f3c6c/current/log_inprogress_0
2022-02-14 09:19:05,038 [grpc-default-executor-5] INFO  server.RaftServer$Division (ServerState.java:setRaftConf(387)) - 0637dcbd-3228-4a5f-ac75-2b0c4f9ee7c1@group-E238EC1F3C6C: set configuration 0: [c470596b-60de-45b2-8aec-27399339dd50|rpc:10.1.0.22:35831|dataStream:|priority:0, 0637dcbd-3228-4a5f-ac75-2b0c4f9ee7c1|rpc:10.1.0.22:46669|dataStream:|priority:0, 737834c3-cf9b-40a3-92c6-22f96faad031|rpc:10.1.0.22:40731|dataStream:|priority:1], old=null
2022-02-14 09:19:05,038 [grpc-default-executor-5] INFO  segmented.SegmentedRaftLogWorker (SegmentedRaftLogWorker.java:startLogSegment(394)) - 0637dcbd-3228-4a5f-ac75-2b0c4f9ee7c1@group-E238EC1F3C6C-SegmentedRaftLogWorker: Starting segment from index:0
2022-02-14 09:19:05,040 [0637dcbd-3228-4a5f-ac75-2b0c4f9ee7c1@group-E238EC1F3C6C-SegmentedRaftLogWorker] INFO  segmented.SegmentedRaftLogWorker (SegmentedRaftLogWorker.java:execute(601)) - 0637dcbd-3228-4a5f-ac75-2b0c4f9ee7c1@group-E238EC1F3C6C-SegmentedRaftLogWorker: created new log segment /home/runner/work/ozone/ozone/hadoop-ozone/integration-test/target/test-dir/MiniOzoneClusterImpl-9687bb22-1f81-4155-97c5-ed9e7781f5c1/datanode-2/data/ratis/9592aa43-5df2-4faf-a603-e238ec1f3c6c/current/log_inprogress_0
2022-02-14 09:19:05,141 [737834c3-cf9b-40a3-92c6-22f96faad031@group-9005D579EDD0-FollowerState] INFO  impl.FollowerState (FollowerState.java:run(134)) - 737834c3-cf9b-40a3-92c6-22f96faad031@group-9005D579EDD0-FollowerState: change to CANDIDATE, lastRpcElapsedTime:5025095352ns, electionTimeout:5024ms
2022-02-14 09:19:05,141 [737834c3-cf9b-40a3-92c6-22f96faad031@group-9005D579EDD0-FollowerState] INFO  impl.RoleInfo (RoleInfo.java:shutdownFollowerState(108)) - 737834c3-cf9b-40a3-92c6-22f96faad031: shutdown 737834c3-cf9b-40a3-92c6-22f96faad031@group-9005D579EDD0-FollowerState
2022-02-14 09:19:05,141 [737834c3-cf9b-40a3-92c6-22f96faad031@group-9005D579EDD0-FollowerState] INFO  server.RaftServer$Division (RaftServerImpl.java:setRole(290)) - 737834c3-cf9b-40a3-92c6-22f96faad031@group-9005D579EDD0: changes role from  FOLLOWER to CANDIDATE at term 0 for changeToCandidate
2022-02-14 09:19:05,142 [737834c3-cf9b-40a3-92c6-22f96faad031@group-9005D579EDD0-FollowerState] INFO  server.RaftServerConfigKeys (ConfUtils.java:logGet(44)) - raft.server.leaderelection.pre-vote = false (custom)
2022-02-14 09:19:05,142 [737834c3-cf9b-40a3-92c6-22f96faad031@group-9005D579EDD0-FollowerState] INFO  impl.RoleInfo (RoleInfo.java:updateAndGet(130)) - 737834c3-cf9b-40a3-92c6-22f96faad031: start 737834c3-cf9b-40a3-92c6-22f96faad031@group-9005D579EDD0-LeaderElection9
2022-02-14 09:19:05,146 [737834c3-cf9b-40a3-92c6-22f96faad031@group-9005D579EDD0-LeaderElection9] INFO  impl.LeaderElection (LeaderElection.java:askForVotes(306)) - 737834c3-cf9b-40a3-92c6-22f96faad031@group-9005D579EDD0-LeaderElection9 ELECTION round 0: submit vote requests at term 1 for -1: [c470596b-60de-45b2-8aec-27399339dd50|rpc:10.1.0.22:35831|priority:0, 0637dcbd-3228-4a5f-ac75-2b0c4f9ee7c1|rpc:10.1.0.22:46669|priority:1, 737834c3-cf9b-40a3-92c6-22f96faad031|rpc:10.1.0.22:40731|priority:0], old=null
2022-02-14 09:19:05,155 [grpc-default-executor-0] INFO  server.RaftServer$Division (RaftServerImpl.java:requestVote(1046)) - c470596b-60de-45b2-8aec-27399339dd50@group-9005D579EDD0: receive requestVote(ELECTION, 737834c3-cf9b-40a3-92c6-22f96faad031, group-9005D579EDD0, 1, (t:0, i:0))
2022-02-14 09:19:05,155 [grpc-default-executor-0] INFO  impl.VoteContext (VoteContext.java:log(48)) - c470596b-60de-45b2-8aec-27399339dd50@group-9005D579EDD0-FOLLOWER: accept ELECTION from 737834c3-cf9b-40a3-92c6-22f96faad031: our priority 0 <= candidate's priority 0
2022-02-14 09:19:05,157 [grpc-default-executor-0] INFO  server.RaftServer$Division (RaftServerImpl.java:setRole(290)) - c470596b-60de-45b2-8aec-27399339dd50@group-9005D579EDD0: changes role from  FOLLOWER to FOLLOWER at term 1 for candidate:737834c3-cf9b-40a3-92c6-22f96faad031
2022-02-14 09:19:05,157 [grpc-default-executor-0] INFO  impl.RoleInfo (RoleInfo.java:shutdownFollowerState(108)) - c470596b-60de-45b2-8aec-27399339dd50: shutdown c470596b-60de-45b2-8aec-27399339dd50@group-9005D579EDD0-FollowerState
2022-02-14 09:19:05,157 [grpc-default-executor-0] INFO  impl.RoleInfo (RoleInfo.java:updateAndGet(130)) - c470596b-60de-45b2-8aec-27399339dd50: start c470596b-60de-45b2-8aec-27399339dd50@group-9005D579EDD0-FollowerState
2022-02-14 09:19:05,156 [grpc-default-executor-5] INFO  server.RaftServer$Division (RaftServerImpl.java:requestVote(1046)) - 0637dcbd-3228-4a5f-ac75-2b0c4f9ee7c1@group-9005D579EDD0: receive requestVote(ELECTION, 737834c3-cf9b-40a3-92c6-22f96faad031, group-9005D579EDD0, 1, (t:0, i:0))
2022-02-14 09:19:05,157 [c470596b-60de-45b2-8aec-27399339dd50@group-9005D579EDD0-FollowerState] INFO  impl.FollowerState (FollowerState.java:run(143)) - c470596b-60de-45b2-8aec-27399339dd50@group-9005D579EDD0-FollowerState was interrupted: {}
java.lang.InterruptedException: sleep interrupted
	at java.lang.Thread.sleep(Native Method)
	at java.lang.Thread.sleep(Thread.java:340)
	at java.util.concurrent.TimeUnit.sleep(TimeUnit.java:386)
	at org.apache.ratis.util.TimeDuration.sleep(TimeDuration.java:324)
	at org.apache.ratis.util.TimeDuration.sleep(TimeDuration.java:309)
	at org.apache.ratis.server.impl.FollowerState.run(FollowerState.java:118)
2022-02-14 09:19:05,157 [grpc-default-executor-5] INFO  impl.VoteContext (VoteContext.java:log(48)) - 0637dcbd-3228-4a5f-ac75-2b0c4f9ee7c1@group-9005D579EDD0-FOLLOWER: reject ELECTION from 737834c3-cf9b-40a3-92c6-22f96faad031: our priority 1 > candidate's priority 0
2022-02-14 09:19:05,158 [grpc-default-executor-5] INFO  server.RaftServer$Division (RaftServerImpl.java:setRole(290)) - 0637dcbd-3228-4a5f-ac75-2b0c4f9ee7c1@group-9005D579EDD0: changes role from  FOLLOWER to FOLLOWER at term 1 for candidate:737834c3-cf9b-40a3-92c6-22f96faad031
2022-02-14 09:19:05,158 [grpc-default-executor-5] INFO  impl.RoleInfo (RoleInfo.java:shutdownFollowerState(108)) - 0637dcbd-3228-4a5f-ac75-2b0c4f9ee7c1: shutdown 0637dcbd-3228-4a5f-ac75-2b0c4f9ee7c1@group-9005D579EDD0-FollowerState
2022-02-14 09:19:05,158 [grpc-default-executor-5] INFO  impl.RoleInfo (RoleInfo.java:updateAndGet(130)) - 0637dcbd-3228-4a5f-ac75-2b0c4f9ee7c1: start 0637dcbd-3228-4a5f-ac75-2b0c4f9ee7c1@group-9005D579EDD0-FollowerState
2022-02-14 09:19:05,158 [0637dcbd-3228-4a5f-ac75-2b0c4f9ee7c1@group-9005D579EDD0-FollowerState] INFO  impl.FollowerState (FollowerState.java:run(143)) - 0637dcbd-3228-4a5f-ac75-2b0c4f9ee7c1@group-9005D579EDD0-FollowerState was interrupted: {}
java.lang.InterruptedException: sleep interrupted
	at java.lang.Thread.sleep(Native Method)
	at java.lang.Thread.sleep(Thread.java:340)
	at java.util.concurrent.TimeUnit.sleep(TimeUnit.java:386)
	at org.apache.ratis.util.TimeDuration.sleep(TimeDuration.java:324)
	at org.apache.ratis.util.TimeDuration.sleep(TimeDuration.java:309)
	at org.apache.ratis.server.impl.FollowerState.run(FollowerState.java:118)
2022-02-14 09:19:05,161 [grpc-default-executor-0] INFO  server.RaftServer$Division (RaftServerImpl.java:requestVote(1078)) - c470596b-60de-45b2-8aec-27399339dd50@group-9005D579EDD0 replies to ELECTION vote request: 737834c3-cf9b-40a3-92c6-22f96faad031<-c470596b-60de-45b2-8aec-27399339dd50#0:OK-t1. Peer's state: c470596b-60de-45b2-8aec-27399339dd50@group-9005D579EDD0:t1, leader=null, voted=737834c3-cf9b-40a3-92c6-22f96faad031, raftlog=c470596b-60de-45b2-8aec-27399339dd50@group-9005D579EDD0-SegmentedRaftLog:OPENED:c-1, conf=-1: [c470596b-60de-45b2-8aec-27399339dd50|rpc:10.1.0.22:35831|priority:0, 0637dcbd-3228-4a5f-ac75-2b0c4f9ee7c1|rpc:10.1.0.22:46669|priority:1, 737834c3-cf9b-40a3-92c6-22f96faad031|rpc:10.1.0.22:40731|priority:0], old=null
2022-02-14 09:19:05,163 [grpc-default-executor-5] INFO  server.RaftServer$Division (RaftServerImpl.java:requestVote(1078)) - 0637dcbd-3228-4a5f-ac75-2b0c4f9ee7c1@group-9005D579EDD0 replies to ELECTION vote request: 737834c3-cf9b-40a3-92c6-22f96faad031<-0637dcbd-3228-4a5f-ac75-2b0c4f9ee7c1#0:FAIL-t1. Peer's state: 0637dcbd-3228-4a5f-ac75-2b0c4f9ee7c1@group-9005D579EDD0:t1, leader=null, voted=null, raftlog=0637dcbd-3228-4a5f-ac75-2b0c4f9ee7c1@group-9005D579EDD0-SegmentedRaftLog:OPENED:c-1, conf=-1: [c470596b-60de-45b2-8aec-27399339dd50|rpc:10.1.0.22:35831|dataStream:|priority:0, 0637dcbd-3228-4a5f-ac75-2b0c4f9ee7c1|rpc:10.1.0.22:46669|dataStream:|priority:1, 737834c3-cf9b-40a3-92c6-22f96faad031|rpc:10.1.0.22:40731|dataStream:|priority:0], old=null
2022-02-14 09:19:05,164 [737834c3-cf9b-40a3-92c6-22f96faad031@group-9005D579EDD0-LeaderElection9] INFO  impl.LeaderElection (LeaderElection.java:logAndReturn(89)) - 737834c3-cf9b-40a3-92c6-22f96faad031@group-9005D579EDD0-LeaderElection9: ELECTION REJECTED received 2 response(s) and 0 exception(s):
2022-02-14 09:19:05,165 [737834c3-cf9b-40a3-92c6-22f96faad031@group-9005D579EDD0-LeaderElection9] INFO  impl.LeaderElection (LeaderElection.java:logAndReturn(93)) -   Response 0: 737834c3-cf9b-40a3-92c6-22f96faad031<-c470596b-60de-45b2-8aec-27399339dd50#0:OK-t1
2022-02-14 09:19:05,165 [737834c3-cf9b-40a3-92c6-22f96faad031@group-9005D579EDD0-LeaderElection9] INFO  impl.LeaderElection (LeaderElection.java:logAndReturn(93)) -   Response 1: 737834c3-cf9b-40a3-92c6-22f96faad031<-0637dcbd-3228-4a5f-ac75-2b0c4f9ee7c1#0:FAIL-t1
2022-02-14 09:19:05,165 [737834c3-cf9b-40a3-92c6-22f96faad031@group-9005D579EDD0-LeaderElection9] INFO  impl.LeaderElection (LeaderElection.java:askForVotes(308)) - 737834c3-cf9b-40a3-92c6-22f96faad031@group-9005D579EDD0-LeaderElection9 ELECTION round 0: result REJECTED
2022-02-14 09:19:05,165 [737834c3-cf9b-40a3-92c6-22f96faad031@group-9005D579EDD0-LeaderElection9] INFO  server.RaftServer$Division (RaftServerImpl.java:setRole(290)) - 737834c3-cf9b-40a3-92c6-22f96faad031@group-9005D579EDD0: changes role from CANDIDATE to FOLLOWER at term 1 for REJECTED
2022-02-14 09:19:05,165 [737834c3-cf9b-40a3-92c6-22f96faad031@group-9005D579EDD0-LeaderElection9] INFO  impl.RoleInfo (RoleInfo.java:shutdownLeaderElection(121)) - 737834c3-cf9b-40a3-92c6-22f96faad031: shutdown 737834c3-cf9b-40a3-92c6-22f96faad031@group-9005D579EDD0-LeaderElection9
2022-02-14 09:19:05,165 [737834c3-cf9b-40a3-92c6-22f96faad031@group-9005D579EDD0-LeaderElection9] INFO  impl.RoleInfo (RoleInfo.java:updateAndGet(130)) - 737834c3-cf9b-40a3-92c6-22f96faad031: start 737834c3-cf9b-40a3-92c6-22f96faad031@group-9005D579EDD0-FollowerState
2022-02-14 09:19:05,295 [c470596b-60de-45b2-8aec-27399339dd50@group-B619EDA3F144-FollowerState] INFO  impl.FollowerState (FollowerState.java:run(134)) - c470596b-60de-45b2-8aec-27399339dd50@group-B619EDA3F144-FollowerState: change to CANDIDATE, lastRpcElapsedTime:5124787366ns, electionTimeout:5124ms
2022-02-14 09:19:05,296 [c470596b-60de-45b2-8aec-27399339dd50@group-B619EDA3F144-FollowerState] INFO  impl.RoleInfo (RoleInfo.java:shutdownFollowerState(108)) - c470596b-60de-45b2-8aec-27399339dd50: shutdown c470596b-60de-45b2-8aec-27399339dd50@group-B619EDA3F144-FollowerState
2022-02-14 09:19:05,296 [c470596b-60de-45b2-8aec-27399339dd50@group-B619EDA3F144-FollowerState] INFO  server.RaftServer$Division (RaftServerImpl.java:setRole(290)) - c470596b-60de-45b2-8aec-27399339dd50@group-B619EDA3F144: changes role from  FOLLOWER to CANDIDATE at term 0 for changeToCandidate
2022-02-14 09:19:05,296 [c470596b-60de-45b2-8aec-27399339dd50@group-B619EDA3F144-FollowerState] INFO  server.RaftServerConfigKeys (ConfUtils.java:logGet(44)) - raft.server.leaderelection.pre-vote = false (custom)
2022-02-14 09:19:05,296 [c470596b-60de-45b2-8aec-27399339dd50@group-B619EDA3F144-FollowerState] INFO  impl.RoleInfo (RoleInfo.java:updateAndGet(130)) - c470596b-60de-45b2-8aec-27399339dd50: start c470596b-60de-45b2-8aec-27399339dd50@group-B619EDA3F144-LeaderElection10
2022-02-14 09:19:05,299 [c470596b-60de-45b2-8aec-27399339dd50@group-B619EDA3F144-LeaderElection10] INFO  impl.LeaderElection (LeaderElection.java:askForVotes(306)) - c470596b-60de-45b2-8aec-27399339dd50@group-B619EDA3F144-LeaderElection10 ELECTION round 0: submit vote requests at term 1 for -1: [c470596b-60de-45b2-8aec-27399339dd50|rpc:10.1.0.22:35831|priority:1], old=null
2022-02-14 09:19:05,299 [c470596b-60de-45b2-8aec-27399339dd50@group-B619EDA3F144-LeaderElection10] INFO  impl.LeaderElection (LeaderElection.java:askForVotes(308)) - c470596b-60de-45b2-8aec-27399339dd50@group-B619EDA3F144-LeaderElection10 ELECTION round 0: result PASSED (term=1)
2022-02-14 09:19:05,299 [c470596b-60de-45b2-8aec-27399339dd50@group-B619EDA3F144-LeaderElection10] INFO  impl.RoleInfo (RoleInfo.java:shutdownLeaderElection(121)) - c470596b-60de-45b2-8aec-27399339dd50: shutdown c470596b-60de-45b2-8aec-27399339dd50@group-B619EDA3F144-LeaderElection10
2022-02-14 09:19:05,299 [c470596b-60de-45b2-8aec-27399339dd50@group-B619EDA3F144-LeaderElection10] INFO  server.RaftServer$Division (RaftServerImpl.java:setRole(290)) - c470596b-60de-45b2-8aec-27399339dd50@group-B619EDA3F144: changes role from CANDIDATE to LEADER at term 1 for changeToLeader
2022-02-14 09:19:05,299 [c470596b-60de-45b2-8aec-27399339dd50@group-B619EDA3F144-LeaderElection10] INFO  ratis.XceiverServerRatis (XceiverServerRatis.java:handleLeaderChangedNotification(866)) - Leader change notification received for group: group-B619EDA3F144 with new leaderId: c470596b-60de-45b2-8aec-27399339dd50
2022-02-14 09:19:05,301 [c470596b-60de-45b2-8aec-27399339dd50@group-B619EDA3F144-LeaderElection10] INFO  server.RaftServer$Division (ServerState.java:setLeader(285)) - c470596b-60de-45b2-8aec-27399339dd50@group-B619EDA3F144: change Leader from null to c470596b-60de-45b2-8aec-27399339dd50 at term 1 for becomeLeader, leader elected after 5149ms
2022-02-14 09:19:05,301 [c470596b-60de-45b2-8aec-27399339dd50@group-B619EDA3F144-LeaderElection10] INFO  server.RaftServerConfigKeys (ConfUtils.java:logGet(44)) - raft.server.staging.catchup.gap = 1000 (default)
2022-02-14 09:19:05,301 [c470596b-60de-45b2-8aec-27399339dd50@group-B619EDA3F144-LeaderElection10] INFO  server.RaftServerConfigKeys (ConfUtils.java:logGet(44)) - raft.server.write.element-limit = 1024 (custom)
2022-02-14 09:19:05,302 [c470596b-60de-45b2-8aec-27399339dd50@group-B619EDA3F144-LeaderElection10] INFO  server.RaftServerConfigKeys (ConfUtils.java:logGet(44)) - raft.server.write.byte-limit = 1024 M (=1073741824) (custom)
2022-02-14 09:19:05,302 [c470596b-60de-45b2-8aec-27399339dd50@group-B619EDA3F144-LeaderElection10] INFO  server.RaftServerConfigKeys (ConfUtils.java:logGet(44)) - raft.server.watch.timeout = 180s (custom)
2022-02-14 09:19:05,302 [c470596b-60de-45b2-8aec-27399339dd50@group-B619EDA3F144-LeaderElection10] INFO  server.RaftServerConfigKeys (ConfUtils.java:logGet(44)) - raft.server.watch.timeout.denomination = 1s (default)
2022-02-14 09:19:05,302 [c470596b-60de-45b2-8aec-27399339dd50@group-B619EDA3F144-LeaderElection10] INFO  server.RaftServerConfigKeys (ConfUtils.java:logGet(44)) - raft.server.watch.element-limit = 65536 (default)
2022-02-14 09:19:05,302 [c470596b-60de-45b2-8aec-27399339dd50@group-B619EDA3F144-LeaderElection10] INFO  server.RaftServerConfigKeys (ConfUtils.java:logGet(44)) - raft.server.write.element-limit = 1024 (custom)
2022-02-14 09:19:05,302 [c470596b-60de-45b2-8aec-27399339dd50@group-B619EDA3F144-LeaderElection10] INFO  server.RaftServerConfigKeys (ConfUtils.java:logGet(44)) - raft.server.write.follower.gap.ratio.max = -1.0 (default)
2022-02-14 09:19:05,302 [c470596b-60de-45b2-8aec-27399339dd50@group-B619EDA3F144-LeaderElection10] INFO  impl.RoleInfo (RoleInfo.java:updateAndGet(130)) - c470596b-60de-45b2-8aec-27399339dd50: start c470596b-60de-45b2-8aec-27399339dd50@group-B619EDA3F144-LeaderStateImpl
2022-02-14 09:19:05,303 [c470596b-60de-45b2-8aec-27399339dd50@group-B619EDA3F144-LeaderElection10] INFO  segmented.SegmentedRaftLogWorker (SegmentedRaftLogWorker.java:startLogSegment(394)) - c470596b-60de-45b2-8aec-27399339dd50@group-B619EDA3F144-SegmentedRaftLogWorker: Starting segment from index:0
2022-02-14 09:19:05,304 [c470596b-60de-45b2-8aec-27399339dd50@group-B619EDA3F144-SegmentedRaftLogWorker] INFO  segmented.SegmentedRaftLogWorker (SegmentedRaftLogWorker.java:execute(601)) - c470596b-60de-45b2-8aec-27399339dd50@group-B619EDA3F144-SegmentedRaftLogWorker: created new log segment /home/runner/work/ozone/ozone/hadoop-ozone/integration-test/target/test-dir/MiniOzoneClusterImpl-9687bb22-1f81-4155-97c5-ed9e7781f5c1/datanode-1/data/ratis/2cb9d7ab-c77d-4e13-a69c-b619eda3f144/current/log_inprogress_0
2022-02-14 09:19:05,305 [c470596b-60de-45b2-8aec-27399339dd50@group-B619EDA3F144-LeaderElection10] INFO  server.RaftServer$Division (ServerState.java:setRaftConf(387)) - c470596b-60de-45b2-8aec-27399339dd50@group-B619EDA3F144: set configuration 0: [c470596b-60de-45b2-8aec-27399339dd50|rpc:10.1.0.22:35831|dataStream:|priority:1], old=null
2022-02-14 09:19:05,331 [Listener at 127.0.0.1/42183] INFO  ozone.MiniOzoneClusterImpl (MiniOzoneClusterImpl.java:lambda$waitForClusterToBeReady$0(219)) - Nodes are ready. Got 3 of 3 DN Heartbeats.
2022-02-14 09:19:05,331 [Listener at 127.0.0.1/42183] INFO  ozone.MiniOzoneClusterImpl (MiniOzoneClusterImpl.java:lambda$waitForClusterToBeReady$0(222)) - Cluster exits safe mode
2022-02-14 09:19:05,331 [Listener at 127.0.0.1/42183] INFO  ozone.MiniOzoneClusterImpl (MiniOzoneClusterImpl.java:lambda$waitForClusterToBeReady$0(224)) - SCM became leader
2022-02-14 09:19:05,456 [0637dcbd-3228-4a5f-ac75-2b0c4f9ee7c1@group-E22637B8CC44-FollowerState] INFO  impl.FollowerState (FollowerState.java:run(134)) - 0637dcbd-3228-4a5f-ac75-2b0c4f9ee7c1@group-E22637B8CC44-FollowerState: change to CANDIDATE, lastRpcElapsedTime:5105416180ns, electionTimeout:5076ms
2022-02-14 09:19:05,457 [0637dcbd-3228-4a5f-ac75-2b0c4f9ee7c1@group-E22637B8CC44-FollowerState] INFO  impl.RoleInfo (RoleInfo.java:shutdownFollowerState(108)) - 0637dcbd-3228-4a5f-ac75-2b0c4f9ee7c1: shutdown 0637dcbd-3228-4a5f-ac75-2b0c4f9ee7c1@group-E22637B8CC44-FollowerState
2022-02-14 09:19:05,457 [0637dcbd-3228-4a5f-ac75-2b0c4f9ee7c1@group-E22637B8CC44-FollowerState] INFO  server.RaftServer$Division (RaftServerImpl.java:setRole(290)) - 0637dcbd-3228-4a5f-ac75-2b0c4f9ee7c1@group-E22637B8CC44: changes role from  FOLLOWER to CANDIDATE at term 0 for changeToCandidate
2022-02-14 09:19:05,457 [0637dcbd-3228-4a5f-ac75-2b0c4f9ee7c1@group-E22637B8CC44-FollowerState] INFO  server.RaftServerConfigKeys (ConfUtils.java:logGet(44)) - raft.server.leaderelection.pre-vote = false (custom)
2022-02-14 09:19:05,457 [0637dcbd-3228-4a5f-ac75-2b0c4f9ee7c1@group-E22637B8CC44-FollowerState] INFO  impl.RoleInfo (RoleInfo.java:updateAndGet(130)) - 0637dcbd-3228-4a5f-ac75-2b0c4f9ee7c1: start 0637dcbd-3228-4a5f-ac75-2b0c4f9ee7c1@group-E22637B8CC44-LeaderElection11
2022-02-14 09:19:05,487 [0637dcbd-3228-4a5f-ac75-2b0c4f9ee7c1@group-E22637B8CC44-LeaderElection11] INFO  impl.LeaderElection (LeaderElection.java:askForVotes(306)) - 0637dcbd-3228-4a5f-ac75-2b0c4f9ee7c1@group-E22637B8CC44-LeaderElection11 ELECTION round 0: submit vote requests at term 1 for -1: [0637dcbd-3228-4a5f-ac75-2b0c4f9ee7c1|rpc:10.1.0.22:46669|priority:1], old=null
2022-02-14 09:19:05,487 [0637dcbd-3228-4a5f-ac75-2b0c4f9ee7c1@group-E22637B8CC44-LeaderElection11] INFO  impl.LeaderElection (LeaderElection.java:askForVotes(308)) - 0637dcbd-3228-4a5f-ac75-2b0c4f9ee7c1@group-E22637B8CC44-LeaderElection11 ELECTION round 0: result PASSED (term=1)
2022-02-14 09:19:05,487 [0637dcbd-3228-4a5f-ac75-2b0c4f9ee7c1@group-E22637B8CC44-LeaderElection11] INFO  impl.RoleInfo (RoleInfo.java:shutdownLeaderElection(121)) - 0637dcbd-3228-4a5f-ac75-2b0c4f9ee7c1: shutdown 0637dcbd-3228-4a5f-ac75-2b0c4f9ee7c1@group-E22637B8CC44-LeaderElection11
2022-02-14 09:19:05,488 [0637dcbd-3228-4a5f-ac75-2b0c4f9ee7c1@group-E22637B8CC44-LeaderElection11] INFO  server.RaftServer$Division (RaftServerImpl.java:setRole(290)) - 0637dcbd-3228-4a5f-ac75-2b0c4f9ee7c1@group-E22637B8CC44: changes role from CANDIDATE to LEADER at term 1 for changeToLeader
2022-02-14 09:19:05,488 [0637dcbd-3228-4a5f-ac75-2b0c4f9ee7c1@group-E22637B8CC44-LeaderElection11] INFO  ratis.XceiverServerRatis (XceiverServerRatis.java:handleLeaderChangedNotification(866)) - Leader change notification received for group: group-E22637B8CC44 with new leaderId: 0637dcbd-3228-4a5f-ac75-2b0c4f9ee7c1
2022-02-14 09:19:05,488 [0637dcbd-3228-4a5f-ac75-2b0c4f9ee7c1@group-E22637B8CC44-LeaderElection11] INFO  server.RaftServer$Division (ServerState.java:setLeader(285)) - 0637dcbd-3228-4a5f-ac75-2b0c4f9ee7c1@group-E22637B8CC44: change Leader from null to 0637dcbd-3228-4a5f-ac75-2b0c4f9ee7c1 at term 1 for becomeLeader, leader elected after 5154ms
2022-02-14 09:19:05,488 [0637dcbd-3228-4a5f-ac75-2b0c4f9ee7c1@group-E22637B8CC44-LeaderElection11] INFO  server.RaftServerConfigKeys (ConfUtils.java:logGet(44)) - raft.server.staging.catchup.gap = 1000 (default)
2022-02-14 09:19:05,488 [0637dcbd-3228-4a5f-ac75-2b0c4f9ee7c1@group-E22637B8CC44-LeaderElection11] INFO  server.RaftServerConfigKeys (ConfUtils.java:logGet(44)) - raft.server.write.element-limit = 1024 (custom)
2022-02-14 09:19:05,488 [0637dcbd-3228-4a5f-ac75-2b0c4f9ee7c1@group-E22637B8CC44-LeaderElection11] INFO  server.RaftServerConfigKeys (ConfUtils.java:logGet(44)) - raft.server.write.byte-limit = 1024 M (=1073741824) (custom)
2022-02-14 09:19:05,488 [0637dcbd-3228-4a5f-ac75-2b0c4f9ee7c1@group-E22637B8CC44-LeaderElection11] INFO  server.RaftServerConfigKeys (ConfUtils.java:logGet(44)) - raft.server.watch.timeout = 180s (custom)
2022-02-14 09:19:05,489 [0637dcbd-3228-4a5f-ac75-2b0c4f9ee7c1@group-E22637B8CC44-LeaderElection11] INFO  server.RaftServerConfigKeys (ConfUtils.java:logGet(44)) - raft.server.watch.timeout.denomination = 1s (default)
2022-02-14 09:19:05,489 [0637dcbd-3228-4a5f-ac75-2b0c4f9ee7c1@group-E22637B8CC44-LeaderElection11] INFO  server.RaftServerConfigKeys (ConfUtils.java:logGet(44)) - raft.server.watch.element-limit = 65536 (default)
2022-02-14 09:19:05,489 [0637dcbd-3228-4a5f-ac75-2b0c4f9ee7c1@group-E22637B8CC44-LeaderElection11] INFO  server.RaftServerConfigKeys (ConfUtils.java:logGet(44)) - raft.server.write.element-limit = 1024 (custom)
2022-02-14 09:19:05,489 [0637dcbd-3228-4a5f-ac75-2b0c4f9ee7c1@group-E22637B8CC44-LeaderElection11] INFO  server.RaftServerConfigKeys (ConfUtils.java:logGet(44)) - raft.server.write.follower.gap.ratio.max = -1.0 (default)
2022-02-14 09:19:05,489 [0637dcbd-3228-4a5f-ac75-2b0c4f9ee7c1@group-E22637B8CC44-LeaderElection11] INFO  impl.RoleInfo (RoleInfo.java:updateAndGet(130)) - 0637dcbd-3228-4a5f-ac75-2b0c4f9ee7c1: start 0637dcbd-3228-4a5f-ac75-2b0c4f9ee7c1@group-E22637B8CC44-LeaderStateImpl
2022-02-14 09:19:05,490 [0637dcbd-3228-4a5f-ac75-2b0c4f9ee7c1@group-E22637B8CC44-LeaderElection11] INFO  segmented.SegmentedRaftLogWorker (SegmentedRaftLogWorker.java:startLogSegment(394)) - 0637dcbd-3228-4a5f-ac75-2b0c4f9ee7c1@group-E22637B8CC44-SegmentedRaftLogWorker: Starting segment from index:0
2022-02-14 09:19:05,498 [0637dcbd-3228-4a5f-ac75-2b0c4f9ee7c1@group-E22637B8CC44-LeaderElection11] INFO  server.RaftServer$Division (ServerState.java:setRaftConf(387)) - 0637dcbd-3228-4a5f-ac75-2b0c4f9ee7c1@group-E22637B8CC44: set configuration 0: [0637dcbd-3228-4a5f-ac75-2b0c4f9ee7c1|rpc:10.1.0.22:46669|dataStream:|priority:1], old=null
2022-02-14 09:19:05,498 [0637dcbd-3228-4a5f-ac75-2b0c4f9ee7c1@group-E22637B8CC44-SegmentedRaftLogWorker] INFO  segmented.SegmentedRaftLogWorker (SegmentedRaftLogWorker.java:execute(601)) - 0637dcbd-3228-4a5f-ac75-2b0c4f9ee7c1@group-E22637B8CC44-SegmentedRaftLogWorker: created new log segment /home/runner/work/ozone/ozone/hadoop-ozone/integration-test/target/test-dir/MiniOzoneClusterImpl-9687bb22-1f81-4155-97c5-ed9e7781f5c1/datanode-2/data/ratis/33867455-c8f8-4378-9694-e22637b8cc44/current/log_inprogress_0
]]></system-out>
  </testcase>
  <testcase name="testPrepareWithMultipleThreads" classname="org.apache.hadoop.ozone.om.TestOzoneManagerPrepare" time="7.515"/>
  <testcase name="testCancelPrepare" classname="org.apache.hadoop.ozone.om.TestOzoneManagerPrepare" time="12.921"/>
  <testcase name="testPrepareWithTransactions" classname="org.apache.hadoop.ozone.om.TestOzoneManagerPrepare" time="24.882"/>
  <testcase name="testPrepareDownedOM" classname="org.apache.hadoop.ozone.om.TestOzoneManagerPrepare" time="7.896">
    <error message="Could not determine or connect to OM Leader." type="java.io.IOException">java.io.IOException: Could not determine or connect to OM Leader.
	at org.apache.hadoop.ozone.om.protocolPB.Hadoop3OmTransport.submitRequest(Hadoop3OmTransport.java:96)
	at org.apache.hadoop.ozone.om.protocolPB.OzoneManagerProtocolClientSideTranslatorPB.submitRequest(OzoneManagerProtocolClientSideTranslatorPB.java:247)
	at org.apache.hadoop.ozone.om.protocolPB.OzoneManagerProtocolClientSideTranslatorPB.createVolume(OzoneManagerProtocolClientSideTranslatorPB.java:269)
	at org.apache.hadoop.ozone.client.rpc.RpcClient.createVolume(RpcClient.java:403)
	at org.apache.hadoop.ozone.client.rpc.RpcClient.createVolume(RpcClient.java:350)
	at org.apache.hadoop.ozone.client.ObjectStore.createVolume(ObjectStore.java:95)
	at org.apache.hadoop.ozone.om.TestOzoneManagerPrepare.writeKeysAndWaitForLogs(TestOzoneManagerPrepare.java:348)
	at org.apache.hadoop.ozone.om.TestOzoneManagerPrepare.testPrepareDownedOM(TestOzoneManagerPrepare.java:151)
	at sun.reflect.NativeMethodAccessorImpl.invoke0(Native Method)
	at sun.reflect.NativeMethodAccessorImpl.invoke(NativeMethodAccessorImpl.java:62)
	at sun.reflect.DelegatingMethodAccessorImpl.invoke(DelegatingMethodAccessorImpl.java:43)
	at java.lang.reflect.Method.invoke(Method.java:498)
	at org.junit.runners.model.FrameworkMethod$1.runReflectiveCall(FrameworkMethod.java:59)
	at org.junit.internal.runners.model.ReflectiveCallable.run(ReflectiveCallable.java:12)
	at org.junit.runners.model.FrameworkMethod.invokeExplosively(FrameworkMethod.java:56)
	at org.junit.internal.runners.statements.InvokeMethod.evaluate(InvokeMethod.java:17)
	at org.junit.internal.runners.statements.RunBefores.evaluate(RunBefores.java:26)
	at org.junit.internal.runners.statements.RunAfters.evaluate(RunAfters.java:27)
	at org.junit.rules.ExpectedException$ExpectedExceptionStatement.evaluate(ExpectedException.java:258)
	at org.junit.internal.runners.statements.FailOnTimeout$CallableStatement.call(FailOnTimeout.java:288)
	at org.junit.internal.runners.statements.FailOnTimeout$CallableStatement.call(FailOnTimeout.java:282)
	at java.util.concurrent.FutureTask.run(FutureTask.java:266)
	at java.lang.Thread.run(Thread.java:748)
</error>
    <system-out><![CDATA[2022-02-14 09:19:50,975 [org.apache.hadoop.util.JvmPauseMonitor$Monitor@452edf97] INFO  util.JvmPauseMonitor (JvmPauseMonitor.java:run(188)) - Starting JVM pause monitor
2022-02-14 09:19:50,979 [Time-limited test] INFO  retry.RetryInvocationHandler (RetryInvocationHandler.java:log(411)) - com.google.protobuf.ServiceException: java.io.EOFException: End of File Exception between local host is: "fv-az12-997/10.1.0.22"; destination host is: "localhost":42183; : java.io.EOFException; For more details see:  http://wiki.apache.org/hadoop/EOFException, while invoking $Proxy53.submitRequest over nodeId=omNode-3,nodeAddress=127.0.0.1:42183. Trying to failover after sleeping for 2000ms.
2022-02-14 09:19:51,962 [omNode-2@group-523986131536-FollowerState] INFO  impl.FollowerState (FollowerState.java:run(134)) - omNode-2@group-523986131536-FollowerState: change to CANDIDATE, lastRpcElapsedTime:1036171572ns, electionTimeout:1035ms
2022-02-14 09:19:51,963 [omNode-2@group-523986131536-FollowerState] INFO  impl.RoleInfo (RoleInfo.java:shutdownFollowerState(108)) - omNode-2: shutdown omNode-2@group-523986131536-FollowerState
2022-02-14 09:19:51,963 [omNode-2@group-523986131536-FollowerState] INFO  server.RaftServer$Division (RaftServerImpl.java:setRole(290)) - omNode-2@group-523986131536: changes role from  FOLLOWER to CANDIDATE at term 5 for changeToCandidate
2022-02-14 09:19:51,963 [omNode-2@group-523986131536-FollowerState] INFO  server.RaftServerConfigKeys (ConfUtils.java:logGet(44)) - raft.server.leaderelection.pre-vote = false (custom)
2022-02-14 09:19:51,963 [omNode-2@group-523986131536-FollowerState] INFO  impl.RoleInfo (RoleInfo.java:updateAndGet(130)) - omNode-2: start omNode-2@group-523986131536-LeaderElection17
2022-02-14 09:19:51,968 [omNode-2@group-523986131536-LeaderElection17] INFO  impl.LeaderElection (LeaderElection.java:askForVotes(306)) - omNode-2@group-523986131536-LeaderElection17 ELECTION round 0: submit vote requests at term 6 for 358: [omNode-3|rpc:localhost:32855|admin:|client:|dataStream:|priority:0, omNode-1|rpc:localhost:41377|admin:|client:|dataStream:|priority:0, omNode-2|rpc:localhost:39957|admin:|client:|dataStream:|priority:0], old=null
2022-02-14 09:19:51,979 [grpc-default-executor-4] INFO  server.RaftServer$Division (RaftServerImpl.java:requestVote(1046)) - omNode-3@group-523986131536: receive requestVote(ELECTION, omNode-2, group-523986131536, 6, (t:5, i:358))
2022-02-14 09:19:51,980 [grpc-default-executor-4] INFO  impl.VoteContext (VoteContext.java:log(48)) - omNode-3@group-523986131536-FOLLOWER: accept ELECTION from omNode-2: our priority 0 <= candidate's priority 0
2022-02-14 09:19:51,980 [grpc-default-executor-4] INFO  server.RaftServer$Division (ServerState.java:setLeader(285)) - omNode-3@group-523986131536: change Leader from omNode-2 to null at term 6 for updateCurrentTerm
2022-02-14 09:19:51,980 [grpc-default-executor-4] INFO  server.RaftServer$Division (RaftServerImpl.java:setRole(290)) - omNode-3@group-523986131536: changes role from  FOLLOWER to FOLLOWER at term 6 for candidate:omNode-2
2022-02-14 09:19:51,980 [grpc-default-executor-4] INFO  impl.RoleInfo (RoleInfo.java:shutdownFollowerState(108)) - omNode-3: shutdown omNode-3@group-523986131536-FollowerState
2022-02-14 09:19:51,980 [grpc-default-executor-4] INFO  impl.RoleInfo (RoleInfo.java:updateAndGet(130)) - omNode-3: start omNode-3@group-523986131536-FollowerState
2022-02-14 09:19:51,980 [omNode-3@group-523986131536-FollowerState] INFO  impl.FollowerState (FollowerState.java:run(143)) - omNode-3@group-523986131536-FollowerState was interrupted: {}
java.lang.InterruptedException: sleep interrupted
	at java.lang.Thread.sleep(Native Method)
	at java.lang.Thread.sleep(Thread.java:340)
	at java.util.concurrent.TimeUnit.sleep(TimeUnit.java:386)
	at org.apache.ratis.util.TimeDuration.sleep(TimeDuration.java:324)
	at org.apache.ratis.util.TimeDuration.sleep(TimeDuration.java:309)
	at org.apache.ratis.server.impl.FollowerState.run(FollowerState.java:118)
2022-02-14 09:19:51,986 [grpc-default-executor-5] INFO  server.RaftServer$Division (RaftServerImpl.java:requestVote(1046)) - omNode-1@group-523986131536: receive requestVote(ELECTION, omNode-2, group-523986131536, 6, (t:5, i:358))
2022-02-14 09:19:51,986 [grpc-default-executor-5] INFO  impl.VoteContext (VoteContext.java:log(48)) - omNode-1@group-523986131536-FOLLOWER: accept ELECTION from omNode-2: our priority 0 <= candidate's priority 0
2022-02-14 09:19:51,986 [grpc-default-executor-5] INFO  server.RaftServer$Division (ServerState.java:setLeader(285)) - omNode-1@group-523986131536: change Leader from omNode-2 to null at term 6 for updateCurrentTerm
2022-02-14 09:19:51,986 [grpc-default-executor-5] INFO  server.RaftServer$Division (RaftServerImpl.java:setRole(290)) - omNode-1@group-523986131536: changes role from  FOLLOWER to FOLLOWER at term 6 for candidate:omNode-2
2022-02-14 09:19:51,986 [grpc-default-executor-5] INFO  impl.RoleInfo (RoleInfo.java:shutdownFollowerState(108)) - omNode-1: shutdown omNode-1@group-523986131536-FollowerState
2022-02-14 09:19:51,987 [omNode-1@group-523986131536-FollowerState] INFO  impl.FollowerState (FollowerState.java:run(143)) - omNode-1@group-523986131536-FollowerState was interrupted: {}
java.lang.InterruptedException: sleep interrupted
	at java.lang.Thread.sleep(Native Method)
	at java.lang.Thread.sleep(Thread.java:340)
	at java.util.concurrent.TimeUnit.sleep(TimeUnit.java:386)
	at org.apache.ratis.util.TimeDuration.sleep(TimeDuration.java:324)
	at org.apache.ratis.util.TimeDuration.sleep(TimeDuration.java:309)
	at org.apache.ratis.server.impl.FollowerState.run(FollowerState.java:118)
2022-02-14 09:19:51,987 [grpc-default-executor-5] INFO  impl.RoleInfo (RoleInfo.java:updateAndGet(130)) - omNode-1: start omNode-1@group-523986131536-FollowerState
2022-02-14 09:19:51,988 [grpc-default-executor-4] INFO  server.RaftServer$Division (RaftServerImpl.java:requestVote(1078)) - omNode-3@group-523986131536 replies to ELECTION vote request: omNode-2<-omNode-3#0:OK-t6. Peer's state: omNode-3@group-523986131536:t6, leader=null, voted=omNode-2, raftlog=omNode-3@group-523986131536-SegmentedRaftLog:OPENED:c357, conf=358: [omNode-3|rpc:localhost:32855|admin:|client:|dataStream:|priority:0, omNode-1|rpc:localhost:41377|admin:|client:|dataStream:|priority:0, omNode-2|rpc:localhost:39957|admin:|client:|dataStream:|priority:0], old=null
2022-02-14 09:19:51,997 [omNode-2@group-523986131536-LeaderElection17] INFO  impl.LeaderElection (LeaderElection.java:logAndReturn(89)) - omNode-2@group-523986131536-LeaderElection17: ELECTION PASSED received 1 response(s) and 0 exception(s):
2022-02-14 09:19:51,997 [omNode-2@group-523986131536-LeaderElection17] INFO  impl.LeaderElection (LeaderElection.java:logAndReturn(93)) -   Response 0: omNode-2<-omNode-3#0:OK-t6
2022-02-14 09:19:51,997 [omNode-2@group-523986131536-LeaderElection17] INFO  impl.LeaderElection (LeaderElection.java:askForVotes(308)) - omNode-2@group-523986131536-LeaderElection17 ELECTION round 0: result PASSED
2022-02-14 09:19:51,997 [omNode-2@group-523986131536-LeaderElection17] INFO  impl.RoleInfo (RoleInfo.java:shutdownLeaderElection(121)) - omNode-2: shutdown omNode-2@group-523986131536-LeaderElection17
2022-02-14 09:19:51,997 [omNode-2@group-523986131536-LeaderElection17] INFO  server.RaftServer$Division (RaftServerImpl.java:setRole(290)) - omNode-2@group-523986131536: changes role from CANDIDATE to LEADER at term 6 for changeToLeader
2022-02-14 09:19:51,998 [omNode-2@group-523986131536-LeaderElection17] INFO  server.RaftServer$Division (ServerState.java:setLeader(285)) - omNode-2@group-523986131536: change Leader from null to omNode-2 at term 6 for becomeLeader, leader elected after 1077ms
2022-02-14 09:19:51,998 [omNode-2@group-523986131536-LeaderElection17] INFO  server.RaftServerConfigKeys (ConfUtils.java:logGet(44)) - raft.server.staging.catchup.gap = 1000 (default)
2022-02-14 09:19:51,998 [omNode-2@group-523986131536-LeaderElection17] INFO  server.RaftServerConfigKeys (ConfUtils.java:logGet(44)) - raft.server.write.element-limit = 4096 (default)
2022-02-14 09:19:51,998 [omNode-2@group-523986131536-LeaderElection17] INFO  server.RaftServerConfigKeys (ConfUtils.java:logGet(44)) - raft.server.write.byte-limit = 64MB (=67108864) (default)
2022-02-14 09:19:51,999 [omNode-2@group-523986131536-LeaderElection17] INFO  server.RaftServerConfigKeys (ConfUtils.java:logGet(44)) - raft.server.watch.timeout = 10s (default)
2022-02-14 09:19:51,999 [omNode-2@group-523986131536-LeaderElection17] INFO  server.RaftServerConfigKeys (ConfUtils.java:logGet(44)) - raft.server.watch.timeout.denomination = 1s (default)
2022-02-14 09:19:51,999 [omNode-2@group-523986131536-LeaderElection17] INFO  server.RaftServerConfigKeys (ConfUtils.java:logGet(44)) - raft.server.watch.element-limit = 65536 (default)
2022-02-14 09:19:51,999 [grpc-default-executor-5] INFO  server.RaftServer$Division (RaftServerImpl.java:requestVote(1078)) - omNode-1@group-523986131536 replies to ELECTION vote request: omNode-2<-omNode-1#0:OK-t6. Peer's state: omNode-1@group-523986131536:t6, leader=null, voted=omNode-2, raftlog=omNode-1@group-523986131536-SegmentedRaftLog:OPENED:c357, conf=358: [omNode-3|rpc:localhost:32855|admin:|client:|dataStream:|priority:0, omNode-1|rpc:localhost:41377|admin:|client:|dataStream:|priority:0, omNode-2|rpc:localhost:39957|admin:|client:|dataStream:|priority:0], old=null
2022-02-14 09:19:51,999 [omNode-2@group-523986131536-LeaderElection17] INFO  server.RaftServerConfigKeys (ConfUtils.java:logGet(44)) - raft.server.write.element-limit = 4096 (default)
2022-02-14 09:19:51,999 [omNode-2@group-523986131536-LeaderElection17] INFO  server.RaftServerConfigKeys (ConfUtils.java:logGet(44)) - raft.server.write.follower.gap.ratio.max = -1.0 (default)
2022-02-14 09:19:51,999 [omNode-2@group-523986131536-LeaderElection17] INFO  server.RaftServerConfigKeys (ConfUtils.java:logGet(44)) - raft.server.log.appender.snapshot.chunk.size.max = 16MB (=16777216) (default)
2022-02-14 09:19:51,999 [omNode-2@group-523986131536-LeaderElection17] INFO  server.RaftServerConfigKeys (ConfUtils.java:logGet(44)) - raft.server.log.appender.buffer.byte-limit = 33554432 (custom)
2022-02-14 09:19:51,999 [omNode-2@group-523986131536-LeaderElection17] INFO  server.RaftServerConfigKeys (ConfUtils.java:logGet(44)) - raft.server.log.appender.buffer.element-limit = 1024 (custom)
2022-02-14 09:19:51,999 [omNode-2@group-523986131536-LeaderElection17] INFO  grpc.GrpcConfigKeys (ConfUtils.java:logGet(44)) - raft.grpc.server.leader.outstanding.appends.max = 128 (default)
2022-02-14 09:19:51,999 [omNode-2@group-523986131536-LeaderElection17] INFO  server.RaftServerConfigKeys (ConfUtils.java:logGet(44)) - raft.server.rpc.request.timeout = 3000ms (default)
2022-02-14 09:19:51,999 [omNode-2@group-523986131536-LeaderElection17] INFO  server.RaftServerConfigKeys (ConfUtils.java:logGet(44)) - raft.server.log.appender.install.snapshot.enabled = false (custom)
2022-02-14 09:19:52,000 [omNode-2@group-523986131536-LeaderElection17] INFO  server.RaftServerConfigKeys (ConfUtils.java:logGet(44)) - raft.server.log.appender.snapshot.chunk.size.max = 16MB (=16777216) (default)
2022-02-14 09:19:52,000 [omNode-2@group-523986131536-LeaderElection17] INFO  server.RaftServerConfigKeys (ConfUtils.java:logGet(44)) - raft.server.log.appender.buffer.byte-limit = 33554432 (custom)
2022-02-14 09:19:52,000 [omNode-2@group-523986131536-LeaderElection17] INFO  server.RaftServerConfigKeys (ConfUtils.java:logGet(44)) - raft.server.log.appender.buffer.element-limit = 1024 (custom)
2022-02-14 09:19:52,000 [omNode-2@group-523986131536-LeaderElection17] INFO  grpc.GrpcConfigKeys (ConfUtils.java:logGet(44)) - raft.grpc.server.leader.outstanding.appends.max = 128 (default)
2022-02-14 09:19:52,001 [omNode-2@group-523986131536-LeaderElection17] INFO  server.RaftServerConfigKeys (ConfUtils.java:logGet(44)) - raft.server.rpc.request.timeout = 3000ms (default)
2022-02-14 09:19:52,001 [omNode-2@group-523986131536-LeaderElection17] INFO  server.RaftServerConfigKeys (ConfUtils.java:logGet(44)) - raft.server.log.appender.install.snapshot.enabled = false (custom)
2022-02-14 09:19:52,002 [omNode-2@group-523986131536-LeaderElection17] INFO  impl.RoleInfo (RoleInfo.java:updateAndGet(130)) - omNode-2: start omNode-2@group-523986131536-LeaderStateImpl
2022-02-14 09:19:52,002 [omNode-2@group-523986131536-LeaderElection17] INFO  segmented.SegmentedRaftLogWorker (SegmentedRaftLogWorker.java:rollLogSegment(399)) - omNode-2@group-523986131536-SegmentedRaftLogWorker: Rolling segment log-358_358 to index:358
2022-02-14 09:19:52,003 [omNode-2@group-523986131536-SegmentedRaftLogWorker] INFO  segmented.SegmentedRaftLogWorker (SegmentedRaftLogWorker.java:execute(558)) - omNode-2@group-523986131536-SegmentedRaftLogWorker: Rolled log segment from /home/runner/work/ozone/ozone/hadoop-ozone/integration-test/target/test-dir/MiniOzoneClusterImpl-9687bb22-1f81-4155-97c5-ed9e7781f5c1/omNode-2/ratis/c9bc4cf4-3bc3-3c60-a66b-523986131536/current/log_inprogress_358 to /home/runner/work/ozone/ozone/hadoop-ozone/integration-test/target/test-dir/MiniOzoneClusterImpl-9687bb22-1f81-4155-97c5-ed9e7781f5c1/omNode-2/ratis/c9bc4cf4-3bc3-3c60-a66b-523986131536/current/log_358-358
2022-02-14 09:19:52,010 [grpc-default-executor-4] INFO  server.RaftServer$Division (ServerState.java:setLeader(285)) - omNode-1@group-523986131536: change Leader from null to omNode-2 at term 6 for appendEntries, leader elected after 23ms
2022-02-14 09:19:52,014 [grpc-default-executor-5] INFO  server.RaftServer$Division (ServerState.java:setLeader(285)) - omNode-3@group-523986131536: change Leader from null to omNode-2 at term 6 for appendEntries, leader elected after 34ms
2022-02-14 09:19:52,015 [omNode-2@group-523986131536-SegmentedRaftLogWorker] INFO  segmented.SegmentedRaftLogWorker (SegmentedRaftLogWorker.java:execute(601)) - omNode-2@group-523986131536-SegmentedRaftLogWorker: created new log segment /home/runner/work/ozone/ozone/hadoop-ozone/integration-test/target/test-dir/MiniOzoneClusterImpl-9687bb22-1f81-4155-97c5-ed9e7781f5c1/omNode-2/ratis/c9bc4cf4-3bc3-3c60-a66b-523986131536/current/log_inprogress_359
2022-02-14 09:19:52,022 [omNode-2@group-523986131536-LeaderElection17] INFO  server.RaftServer$Division (ServerState.java:setRaftConf(387)) - omNode-2@group-523986131536: set configuration 359: [omNode-3|rpc:localhost:32855|admin:|client:|dataStream:|priority:0, omNode-1|rpc:localhost:41377|admin:|client:|dataStream:|priority:0, omNode-2|rpc:localhost:39957|admin:|client:|dataStream:|priority:0], old=null
2022-02-14 09:19:52,022 [grpc-default-executor-4] INFO  server.RaftServer$Division (ServerState.java:setRaftConf(387)) - omNode-1@group-523986131536: set configuration 359: [omNode-3|rpc:localhost:32855|admin:|client:|dataStream:|priority:0, omNode-1|rpc:localhost:41377|admin:|client:|dataStream:|priority:0, omNode-2|rpc:localhost:39957|admin:|client:|dataStream:|priority:0], old=null
2022-02-14 09:19:52,022 [grpc-default-executor-4] INFO  segmented.SegmentedRaftLogWorker (SegmentedRaftLogWorker.java:rollLogSegment(399)) - omNode-1@group-523986131536-SegmentedRaftLogWorker: Rolling segment log-358_358 to index:358
2022-02-14 09:19:52,023 [omNode-1@group-523986131536-SegmentedRaftLogWorker] INFO  segmented.SegmentedRaftLogWorker (SegmentedRaftLogWorker.java:execute(558)) - omNode-1@group-523986131536-SegmentedRaftLogWorker: Rolled log segment from /home/runner/work/ozone/ozone/hadoop-ozone/integration-test/target/test-dir/MiniOzoneClusterImpl-9687bb22-1f81-4155-97c5-ed9e7781f5c1/omNode-1/ratis/c9bc4cf4-3bc3-3c60-a66b-523986131536/current/log_inprogress_358 to /home/runner/work/ozone/ozone/hadoop-ozone/integration-test/target/test-dir/MiniOzoneClusterImpl-9687bb22-1f81-4155-97c5-ed9e7781f5c1/omNode-1/ratis/c9bc4cf4-3bc3-3c60-a66b-523986131536/current/log_358-358
2022-02-14 09:19:52,025 [grpc-default-executor-5] INFO  server.RaftServer$Division (ServerState.java:setRaftConf(387)) - omNode-3@group-523986131536: set configuration 359: [omNode-3|rpc:localhost:32855|admin:|client:|dataStream:|priority:0, omNode-1|rpc:localhost:41377|admin:|client:|dataStream:|priority:0, omNode-2|rpc:localhost:39957|admin:|client:|dataStream:|priority:0], old=null
2022-02-14 09:19:52,026 [grpc-default-executor-5] INFO  segmented.SegmentedRaftLogWorker (SegmentedRaftLogWorker.java:rollLogSegment(399)) - omNode-3@group-523986131536-SegmentedRaftLogWorker: Rolling segment log-358_358 to index:358
2022-02-14 09:19:52,027 [omNode-3@group-523986131536-SegmentedRaftLogWorker] INFO  segmented.SegmentedRaftLogWorker (SegmentedRaftLogWorker.java:execute(558)) - omNode-3@group-523986131536-SegmentedRaftLogWorker: Rolled log segment from /home/runner/work/ozone/ozone/hadoop-ozone/integration-test/target/test-dir/MiniOzoneClusterImpl-9687bb22-1f81-4155-97c5-ed9e7781f5c1/omNode-3/ratis/c9bc4cf4-3bc3-3c60-a66b-523986131536/current/log_inprogress_358 to /home/runner/work/ozone/ozone/hadoop-ozone/integration-test/target/test-dir/MiniOzoneClusterImpl-9687bb22-1f81-4155-97c5-ed9e7781f5c1/omNode-3/ratis/c9bc4cf4-3bc3-3c60-a66b-523986131536/current/log_358-358
2022-02-14 09:19:52,041 [omNode-1@group-523986131536-SegmentedRaftLogWorker] INFO  segmented.SegmentedRaftLogWorker (SegmentedRaftLogWorker.java:execute(601)) - omNode-1@group-523986131536-SegmentedRaftLogWorker: created new log segment /home/runner/work/ozone/ozone/hadoop-ozone/integration-test/target/test-dir/MiniOzoneClusterImpl-9687bb22-1f81-4155-97c5-ed9e7781f5c1/omNode-1/ratis/c9bc4cf4-3bc3-3c60-a66b-523986131536/current/log_inprogress_359
2022-02-14 09:19:52,041 [omNode-3@group-523986131536-SegmentedRaftLogWorker] INFO  segmented.SegmentedRaftLogWorker (SegmentedRaftLogWorker.java:execute(601)) - omNode-3@group-523986131536-SegmentedRaftLogWorker: created new log segment /home/runner/work/ozone/ozone/hadoop-ozone/integration-test/target/test-dir/MiniOzoneClusterImpl-9687bb22-1f81-4155-97c5-ed9e7781f5c1/omNode-3/ratis/c9bc4cf4-3bc3-3c60-a66b-523986131536/current/log_inprogress_359
2022-02-14 09:19:52,050 [omNode-2@group-523986131536-StateMachineUpdater] INFO  ratis.OzoneManagerStateMachine (OzoneManagerStateMachine.java:notifyConfigurationChanged(188)) - Received Configuration change notification from Ratis. New Peer list:
[id: "omNode-3"
address: "localhost:32855"
, id: "omNode-1"
address: "localhost:41377"
, id: "omNode-2"
address: "localhost:39957"
]
2022-02-14 09:19:52,052 [omNode-2@group-523986131536-StateMachineUpdater] INFO  ratis.OzoneManagerStateMachine (OzoneManagerStateMachine.java:notifyConfigurationChanged(188)) - Received Configuration change notification from Ratis. New Peer list:
[id: "omNode-3"
address: "localhost:32855"
, id: "omNode-1"
address: "localhost:41377"
, id: "omNode-2"
address: "localhost:39957"
]
2022-02-14 09:19:52,059 [omNode-3@group-523986131536-StateMachineUpdater] INFO  ratis.OzoneManagerStateMachine (OzoneManagerStateMachine.java:notifyConfigurationChanged(188)) - Received Configuration change notification from Ratis. New Peer list:
[id: "omNode-3"
address: "localhost:32855"
, id: "omNode-1"
address: "localhost:41377"
, id: "omNode-2"
address: "localhost:39957"
]
2022-02-14 09:19:52,059 [omNode-3@group-523986131536-StateMachineUpdater] INFO  ratis.OzoneManagerStateMachine (OzoneManagerStateMachine.java:notifyConfigurationChanged(188)) - Received Configuration change notification from Ratis. New Peer list:
[id: "omNode-3"
address: "localhost:32855"
, id: "omNode-1"
address: "localhost:41377"
, id: "omNode-2"
address: "localhost:39957"
]
2022-02-14 09:19:52,063 [omNode-1@group-523986131536-StateMachineUpdater] INFO  ratis.OzoneManagerStateMachine (OzoneManagerStateMachine.java:notifyConfigurationChanged(188)) - Received Configuration change notification from Ratis. New Peer list:
[id: "omNode-3"
address: "localhost:32855"
, id: "omNode-1"
address: "localhost:41377"
, id: "omNode-2"
address: "localhost:39957"
]
2022-02-14 09:19:52,064 [omNode-1@group-523986131536-StateMachineUpdater] INFO  ratis.OzoneManagerStateMachine (OzoneManagerStateMachine.java:notifyConfigurationChanged(188)) - Received Configuration change notification from Ratis. New Peer list:
[id: "omNode-3"
address: "localhost:32855"
, id: "omNode-1"
address: "localhost:41377"
, id: "omNode-2"
address: "localhost:39957"
]
2022-02-14 09:19:52,989 [Time-limited test] INFO  retry.RetryInvocationHandler (RetryInvocationHandler.java:log(411)) - com.google.protobuf.ServiceException: org.apache.hadoop.ipc.RemoteException(org.apache.hadoop.ozone.om.exceptions.OMNotLeaderException): OM:omNode-1 is not the leader. Could not determine the leader node.
	at org.apache.hadoop.ozone.om.ratis.utils.OzoneManagerRatisUtils.createNotLeaderException(OzoneManagerRatisUtils.java:360)
	at org.apache.hadoop.ozone.om.ratis.utils.OzoneManagerRatisUtils.checkLeaderStatus(OzoneManagerRatisUtils.java:346)
	at org.apache.hadoop.ozone.protocolPB.OzoneManagerProtocolServerSideTranslatorPB.checkLeaderStatus(OzoneManagerProtocolServerSideTranslatorPB.java:279)
	at org.apache.hadoop.ozone.protocolPB.OzoneManagerProtocolServerSideTranslatorPB.processRequest(OzoneManagerProtocolServerSideTranslatorPB.java:158)
	at org.apache.hadoop.hdds.server.OzoneProtocolMessageDispatcher.processRequest(OzoneProtocolMessageDispatcher.java:87)
	at org.apache.hadoop.ozone.protocolPB.OzoneManagerProtocolServerSideTranslatorPB.submitRequest(OzoneManagerProtocolServerSideTranslatorPB.java:124)
	at org.apache.hadoop.ozone.protocol.proto.OzoneManagerProtocolProtos$OzoneManagerService$2.callBlockingMethod(OzoneManagerProtocolProtos.java)
	at org.apache.hadoop.ipc.ProtobufRpcEngine$Server.processCall(ProtobufRpcEngine.java:466)
	at org.apache.hadoop.ipc.ProtobufRpcEngine2$Server$ProtoBufRpcInvoker.call(ProtobufRpcEngine2.java:574)
	at org.apache.hadoop.ipc.ProtobufRpcEngine2$Server$ProtoBufRpcInvoker.call(ProtobufRpcEngine2.java:552)
	at org.apache.hadoop.ipc.RPC$Server.call(RPC.java:1093)
	at org.apache.hadoop.ipc.Server$RpcCall.run(Server.java:1035)
	at org.apache.hadoop.ipc.Server$RpcCall.run(Server.java:963)
	at java.security.AccessController.doPrivileged(Native Method)
	at javax.security.auth.Subject.doAs(Subject.java:422)
	at org.apache.hadoop.security.UserGroupInformation.doAs(UserGroupInformation.java:1878)
	at org.apache.hadoop.ipc.Server$Handler.run(Server.java:2966)
, while invoking $Proxy53.submitRequest over nodeId=omNode-1,nodeAddress=127.0.0.1:41287 after 1 failover attempts. Trying to failover immediately.
2022-02-14 09:19:53,000 [OM StateMachine ApplyTransaction Thread - 0] INFO  upgrade.OMCancelPrepareRequest (OMCancelPrepareRequest.java:validateAndUpdateCache(55)) - OM omNode-2 Received cancel prepare request with log index 361
2022-02-14 09:19:53,000 [OM StateMachine ApplyTransaction Thread - 0] INFO  om.OzoneManagerPrepareState (OzoneManagerPrepareState.java:deletePrepareMarkerFile(271)) - Deleted prepare marker file: /home/runner/work/ozone/ozone/hadoop-ozone/integration-test/target/test-dir/MiniOzoneClusterImpl-9687bb22-1f81-4155-97c5-ed9e7781f5c1/omNode-2/current/prepareMarker
2022-02-14 09:19:53,001 [OM StateMachine ApplyTransaction Thread - 0] INFO  upgrade.OMCancelPrepareRequest (OMCancelPrepareRequest.java:validateAndUpdateCache(84)) - OM omNode-2 prepare state cancelled at log index 361. Returning response 
2022-02-14 09:19:53,020 [OM StateMachine ApplyTransaction Thread - 0] INFO  upgrade.OMCancelPrepareRequest (OMCancelPrepareRequest.java:validateAndUpdateCache(55)) - OM omNode-3 Received cancel prepare request with log index 361
2022-02-14 09:19:53,021 [OM StateMachine ApplyTransaction Thread - 0] INFO  upgrade.OMCancelPrepareRequest (OMCancelPrepareRequest.java:validateAndUpdateCache(55)) - OM omNode-1 Received cancel prepare request with log index 361
2022-02-14 09:19:53,022 [OM StateMachine ApplyTransaction Thread - 0] INFO  om.OzoneManagerPrepareState (OzoneManagerPrepareState.java:deletePrepareMarkerFile(271)) - Deleted prepare marker file: /home/runner/work/ozone/ozone/hadoop-ozone/integration-test/target/test-dir/MiniOzoneClusterImpl-9687bb22-1f81-4155-97c5-ed9e7781f5c1/omNode-3/current/prepareMarker
2022-02-14 09:19:53,023 [OM StateMachine ApplyTransaction Thread - 0] INFO  upgrade.OMCancelPrepareRequest (OMCancelPrepareRequest.java:validateAndUpdateCache(84)) - OM omNode-3 prepare state cancelled at log index 361. Returning response 
2022-02-14 09:19:53,023 [OM StateMachine ApplyTransaction Thread - 0] INFO  om.OzoneManagerPrepareState (OzoneManagerPrepareState.java:deletePrepareMarkerFile(271)) - Deleted prepare marker file: /home/runner/work/ozone/ozone/hadoop-ozone/integration-test/target/test-dir/MiniOzoneClusterImpl-9687bb22-1f81-4155-97c5-ed9e7781f5c1/omNode-1/current/prepareMarker
2022-02-14 09:19:53,024 [OM StateMachine ApplyTransaction Thread - 0] INFO  upgrade.OMCancelPrepareRequest (OMCancelPrepareRequest.java:validateAndUpdateCache(84)) - OM omNode-1 prepare state cancelled at log index 361. Returning response 
2022-02-14 09:19:54,005 [Time-limited test] INFO  rpc.RpcClient (RpcClient.java:createVolume(399)) - Creating Volume: vol, with runner as owner and space quota set to -1 bytes, counts quota set to -1
2022-02-14 09:19:54,026 [OM StateMachine ApplyTransaction Thread - 0] INFO  volume.OMVolumeCreateRequest (OMVolumeCreateRequest.java:validateAndUpdateCache(195)) - created volume:vol for user:runner
2022-02-14 09:19:54,026 [OM StateMachine ApplyTransaction Thread - 0] INFO  volume.OMVolumeCreateRequest (OMVolumeCreateRequest.java:validateAndUpdateCache(195)) - created volume:vol for user:runner
2022-02-14 09:19:54,028 [OM StateMachine ApplyTransaction Thread - 0] INFO  volume.OMVolumeCreateRequest (OMVolumeCreateRequest.java:validateAndUpdateCache(195)) - created volume:vol for user:runner
2022-02-14 09:19:54,033 [Time-limited test] INFO  rpc.RpcClient (RpcClient.java:createVolume(399)) - Creating Volume: volumef93097d2-5fc8-41d0-b69b-eadc719e92c4, with runner as owner and space quota set to -1 bytes, counts quota set to -1
2022-02-14 09:19:54,040 [OM StateMachine ApplyTransaction Thread - 0] INFO  volume.OMVolumeCreateRequest (OMVolumeCreateRequest.java:validateAndUpdateCache(195)) - created volume:volumef93097d2-5fc8-41d0-b69b-eadc719e92c4 for user:runner
2022-02-14 09:19:54,042 [OM StateMachine ApplyTransaction Thread - 0] INFO  volume.OMVolumeCreateRequest (OMVolumeCreateRequest.java:validateAndUpdateCache(195)) - created volume:volumef93097d2-5fc8-41d0-b69b-eadc719e92c4 for user:runner
2022-02-14 09:19:54,042 [Time-limited test] INFO  rpc.RpcClient (RpcClient.java:createBucket(562)) - Creating Bucket: volumef93097d2-5fc8-41d0-b69b-eadc719e92c4/bucket, with runner as owner and Versioning false and Storage Type set to DISK and Encryption set to false 
2022-02-14 09:19:54,051 [OM StateMachine ApplyTransaction Thread - 0] INFO  volume.OMVolumeCreateRequest (OMVolumeCreateRequest.java:validateAndUpdateCache(195)) - created volume:volumef93097d2-5fc8-41d0-b69b-eadc719e92c4 for user:runner
2022-02-14 09:19:54,447 [omNode-2@group-523986131536-StateMachineUpdater] INFO  ratis.OzoneManagerStateMachine (OzoneManagerStateMachine.java:takeSnapshot(417)) - Current Snapshot Index (t:6, i:407)
2022-02-14 09:19:54,447 [omNode-2@group-523986131536-StateMachineUpdater] INFO  impl.StateMachineUpdater (StateMachineUpdater.java:takeSnapshot(281)) - omNode-2@group-523986131536-StateMachineUpdater: Took a snapshot at index 407
2022-02-14 09:19:54,447 [omNode-2@group-523986131536-StateMachineUpdater] INFO  impl.StateMachineUpdater (StateMachineUpdater.java:lambda$new$0(89)) - omNode-2@group-523986131536-StateMachineUpdater: snapshotIndex: updateIncreasingly 357 -> 407
2022-02-14 09:19:54,447 [omNode-2@group-523986131536-StateMachineUpdater] INFO  raftlog.RaftLog (RaftLogBase.java:purge(306)) - omNode-2@group-523986131536-SegmentedRaftLog: purge 407
2022-02-14 09:19:54,448 [omNode-2@group-523986131536-StateMachineUpdater] INFO  raftlog.RaftLog (RaftLogBase.java:lambda$new$0(53)) - omNode-2@group-523986131536-SegmentedRaftLog: snapshotIndex: updateIncreasingly 357 -> 407
2022-02-14 09:19:54,448 [omNode-2@group-523986131536-SegmentedRaftLogWorker] INFO  raftlog.RaftLog (RaftLogBase.java:lambda$new$0(53)) - omNode-2@group-523986131536-SegmentedRaftLog: purgeIndex: updateToMax old=357, new=358, updated? true
2022-02-14 09:19:54,461 [omNode-1@group-523986131536-StateMachineUpdater] INFO  ratis.OzoneManagerStateMachine (OzoneManagerStateMachine.java:takeSnapshot(417)) - Current Snapshot Index (t:6, i:407)
2022-02-14 09:19:54,461 [omNode-1@group-523986131536-StateMachineUpdater] INFO  impl.StateMachineUpdater (StateMachineUpdater.java:takeSnapshot(281)) - omNode-1@group-523986131536-StateMachineUpdater: Took a snapshot at index 407
2022-02-14 09:19:54,461 [omNode-1@group-523986131536-StateMachineUpdater] INFO  impl.StateMachineUpdater (StateMachineUpdater.java:lambda$new$0(89)) - omNode-1@group-523986131536-StateMachineUpdater: snapshotIndex: updateIncreasingly 357 -> 407
2022-02-14 09:19:54,461 [omNode-1@group-523986131536-StateMachineUpdater] INFO  raftlog.RaftLog (RaftLogBase.java:purge(306)) - omNode-1@group-523986131536-SegmentedRaftLog: purge 407
2022-02-14 09:19:54,461 [omNode-1@group-523986131536-StateMachineUpdater] INFO  raftlog.RaftLog (RaftLogBase.java:lambda$new$0(53)) - omNode-1@group-523986131536-SegmentedRaftLog: snapshotIndex: updateIncreasingly 357 -> 407
2022-02-14 09:19:54,462 [omNode-1@group-523986131536-SegmentedRaftLogWorker] INFO  raftlog.RaftLog (RaftLogBase.java:lambda$new$0(53)) - omNode-1@group-523986131536-SegmentedRaftLog: purgeIndex: updateToMax old=-1, new=358, updated? true
2022-02-14 09:19:54,462 [omNode-3@group-523986131536-StateMachineUpdater] INFO  ratis.OzoneManagerStateMachine (OzoneManagerStateMachine.java:takeSnapshot(417)) - Current Snapshot Index (t:6, i:407)
2022-02-14 09:19:54,463 [omNode-3@group-523986131536-StateMachineUpdater] INFO  impl.StateMachineUpdater (StateMachineUpdater.java:takeSnapshot(281)) - omNode-3@group-523986131536-StateMachineUpdater: Took a snapshot at index 407
2022-02-14 09:19:54,463 [omNode-3@group-523986131536-StateMachineUpdater] INFO  impl.StateMachineUpdater (StateMachineUpdater.java:lambda$new$0(89)) - omNode-3@group-523986131536-StateMachineUpdater: snapshotIndex: updateIncreasingly 357 -> 407
2022-02-14 09:19:54,463 [omNode-3@group-523986131536-StateMachineUpdater] INFO  raftlog.RaftLog (RaftLogBase.java:purge(306)) - omNode-3@group-523986131536-SegmentedRaftLog: purge 407
2022-02-14 09:19:54,463 [omNode-3@group-523986131536-StateMachineUpdater] INFO  raftlog.RaftLog (RaftLogBase.java:lambda$new$0(53)) - omNode-3@group-523986131536-SegmentedRaftLog: snapshotIndex: updateIncreasingly 357 -> 407
2022-02-14 09:19:54,464 [omNode-3@group-523986131536-SegmentedRaftLogWorker] INFO  raftlog.RaftLog (RaftLogBase.java:lambda$new$0(53)) - omNode-3@group-523986131536-SegmentedRaftLog: purgeIndex: updateToMax old=-1, new=358, updated? true
2022-02-14 09:19:54,476 [Time-limited test] INFO  om.OzoneManager (OzoneManager.java:stop(1893)) - omNode-2[localhost:46317]: Stopping Ozone Manager
2022-02-14 09:19:54,476 [Time-limited test] INFO  ipc.Server (Server.java:stop(3414)) - Stopping server on 46317
2022-02-14 09:19:54,482 [IPC Server listener on 46317] INFO  ipc.Server (Server.java:run(1376)) - Stopping IPC Server listener on 46317
2022-02-14 09:19:54,482 [IPC Server Responder] INFO  ipc.Server (Server.java:run(1512)) - Stopping IPC Server Responder
2022-02-14 09:19:54,482 [Time-limited test] INFO  server.RaftServer (RaftServerProxy.java:lambda$close$6(391)) - omNode-2: close
2022-02-14 09:19:54,482 [Time-limited test] INFO  server.RaftServer$Division (RaftServerImpl.java:lambda$close$4(412)) - omNode-2@group-523986131536: shutdown
2022-02-14 09:19:54,483 [Time-limited test] INFO  util.JmxRegister (JmxRegister.java:unregister(73)) - Successfully un-registered JMX Bean with object name Ratis:service=RaftServer,group=group-523986131536,id=omNode-2
2022-02-14 09:19:54,483 [Time-limited test] INFO  impl.RoleInfo (RoleInfo.java:shutdownLeaderState(91)) - omNode-2: shutdown omNode-2@group-523986131536-LeaderStateImpl
2022-02-14 09:19:54,483 [Time-limited test] INFO  impl.PendingRequests (PendingRequests.java:sendNotLeaderResponses(282)) - omNode-2@group-523986131536-PendingRequests: sendNotLeaderResponses
2022-02-14 09:19:54,486 [Time-limited test] INFO  impl.StateMachineUpdater (StateMachineUpdater.java:stopAndJoin(149)) - omNode-2@group-523986131536-StateMachineUpdater: set stopIndex = 410
2022-02-14 09:19:54,486 [omNode-2@group-523986131536-StateMachineUpdater] INFO  ratis.OzoneManagerStateMachine (OzoneManagerStateMachine.java:takeSnapshot(417)) - Current Snapshot Index (t:6, i:410)
2022-02-14 09:19:54,486 [omNode-2@group-523986131536-StateMachineUpdater] INFO  impl.StateMachineUpdater (StateMachineUpdater.java:takeSnapshot(281)) - omNode-2@group-523986131536-StateMachineUpdater: Took a snapshot at index 410
2022-02-14 09:19:54,486 [omNode-2@group-523986131536-StateMachineUpdater] INFO  impl.StateMachineUpdater (StateMachineUpdater.java:lambda$new$0(89)) - omNode-2@group-523986131536-StateMachineUpdater: snapshotIndex: updateIncreasingly 407 -> 410
2022-02-14 09:19:54,486 [omNode-2@group-523986131536-StateMachineUpdater] INFO  raftlog.RaftLog (RaftLogBase.java:purge(306)) - omNode-2@group-523986131536-SegmentedRaftLog: purge 410
2022-02-14 09:19:54,487 [omNode-2@group-523986131536-StateMachineUpdater] INFO  raftlog.RaftLog (RaftLogBase.java:lambda$new$0(53)) - omNode-2@group-523986131536-SegmentedRaftLog: snapshotIndex: updateIncreasingly 407 -> 410
2022-02-14 09:19:54,487 [omNode-2@group-523986131536-StateMachineUpdater] INFO  raftlog.RaftLog (RaftLogBase.java:lambda$new$0(53)) - omNode-2@group-523986131536-SegmentedRaftLog: purgeIndex: updateToMax old=358, new=410, updated? true
2022-02-14 09:19:54,487 [omNode-2@group-523986131536-StateMachineUpdater] INFO  ratis.OzoneManagerStateMachine (OzoneManagerStateMachine.java:close(471)) - StateMachine has shutdown. Shutdown OzoneManager if not already shutdown.
2022-02-14 09:19:54,487 [Time-limited test] INFO  server.RaftServer$Division (ServerState.java:close(419)) - omNode-2@group-523986131536: closes. applyIndex: 410
2022-02-14 09:19:54,487 [omNode-2@group-523986131536-SegmentedRaftLogWorker] INFO  segmented.SegmentedRaftLogWorker (SegmentedRaftLogWorker.java:run(327)) - omNode-2@group-523986131536-SegmentedRaftLogWorker was interrupted, exiting. There are 0 tasks remaining in the queue.
2022-02-14 09:19:54,488 [grpc-default-executor-5] INFO  server.GrpcServerProtocolService (GrpcServerProtocolService.java:onCompleted(140)) - omNode-3: Completed APPEND_ENTRIES, lastRequest: omNode-2->omNode-3#241-t6,previous=(t:6, i:409),leaderCommit=409,initializing? true,entries: size=1, first=(t:6, i:410), METADATAENTRY(c:409)
2022-02-14 09:19:54,489 [grpc-default-executor-4] INFO  server.GrpcServerProtocolService (GrpcServerProtocolService.java:onCompleted(140)) - omNode-1: Completed APPEND_ENTRIES, lastRequest: omNode-2->omNode-1#250-t6,previous=(t:6, i:409),leaderCommit=409,initializing? true,entries: size=1, first=(t:6, i:410), METADATAENTRY(c:409)
2022-02-14 09:19:54,489 [grpc-default-executor-4] INFO  server.GrpcLogAppender (GrpcLogAppender.java:onCompleted(346)) - omNode-2@group-523986131536->omNode-3-AppendLogResponseHandler: follower responses appendEntries COMPLETED
2022-02-14 09:19:54,490 [grpc-default-executor-1] INFO  server.GrpcLogAppender (GrpcLogAppender.java:onCompleted(346)) - omNode-2@group-523986131536->omNode-1-AppendLogResponseHandler: follower responses appendEntries COMPLETED
2022-02-14 09:19:54,490 [Time-limited test] INFO  segmented.SegmentedRaftLogWorker (SegmentedRaftLogWorker.java:close(237)) - omNode-2@group-523986131536-SegmentedRaftLogWorker close()
2022-02-14 09:19:54,491 [grpc-default-executor-1] INFO  leader.FollowerInfo (FollowerInfoImpl.java:lambda$new$0(47)) - omNode-2@group-523986131536->omNode-1: nextIndex: updateUnconditionally 411 -> 410
2022-02-14 09:19:54,492 [grpc-default-executor-4] INFO  leader.FollowerInfo (FollowerInfoImpl.java:lambda$new$0(47)) - omNode-2@group-523986131536->omNode-3: nextIndex: updateUnconditionally 411 -> 410
2022-02-14 09:19:54,492 [Time-limited test] INFO  server.GrpcService (GrpcService.java:closeImpl(262)) - omNode-2: shutdown server with port 39957 now
2022-02-14 09:19:54,500 [Time-limited test] INFO  server.GrpcService (GrpcService.java:closeImpl(271)) - omNode-2: shutdown server with port 39957 successfully
2022-02-14 09:19:54,500 [org.apache.ratis.util.JvmPauseMonitor$$Lambda$422/1688851596@227df11] INFO  util.JvmPauseMonitor (JvmPauseMonitor.java:run(109)) - JvmPauseMonitor-omNode-2: Stopped
2022-02-14 09:19:54,500 [Time-limited test] INFO  ratis.OzoneManagerDoubleBuffer (OzoneManagerDoubleBuffer.java:stop(437)) - Stopping OMDoubleBuffer flush thread
2022-02-14 09:19:54,500 [OMDoubleBufferFlushThread] INFO  ratis.OzoneManagerDoubleBuffer (OzoneManagerDoubleBuffer.java:flushTransactions(356)) - OMDoubleBuffer flush thread OMDoubleBufferFlushThread is interrupted and will exit. OMDoubleBufferFlushThread
2022-02-14 09:19:54,502 [Time-limited test] INFO  handler.ContextHandler (ContextHandler.java:doStop(1153)) - Stopped o.e.j.w.WebAppContext@5c8cc42{ozoneManager,/,null,STOPPED}{file:/home/runner/work/ozone/ozone/hadoop-ozone/integration-test/target/test-classes/webapps/ozoneManager}
2022-02-14 09:19:54,502 [Time-limited test] INFO  server.AbstractConnector (AbstractConnector.java:doStop(381)) - Stopped ServerConnector@7b5d330b{HTTP/1.1, (http/1.1)}{0.0.0.0:44411}
2022-02-14 09:19:54,502 [Time-limited test] INFO  server.session (HouseKeeper.java:stopScavenging(149)) - node0 Stopped scavenging
2022-02-14 09:19:54,503 [Time-limited test] INFO  handler.ContextHandler (ContextHandler.java:doStop(1153)) - Stopped o.e.j.s.ServletContextHandler@6b1b5ee7{static,/static,file:///home/runner/work/ozone/ozone/hadoop-ozone/integration-test/target/test-classes/webapps/static,STOPPED}
2022-02-14 09:19:54,503 [Time-limited test] INFO  handler.ContextHandler (ContextHandler.java:doStop(1153)) - Stopped o.e.j.s.ServletContextHandler@7eb609a0{logs,/logs,file:///home/runner/work/ozone/ozone/hadoop-ozone/integration-test/target/log,STOPPED}
2022-02-14 09:19:54,507 [Time-limited test] INFO  rpc.RpcClient (RpcClient.java:createVolume(399)) - Creating Volume: volumed6cfaf2c-4d27-46d6-824b-9ecbe4828f07, with runner as owner and space quota set to -1 bytes, counts quota set to -1
2022-02-14 09:19:54,510 [Time-limited test] INFO  retry.RetryInvocationHandler (RetryInvocationHandler.java:log(411)) - com.google.protobuf.ServiceException: java.io.EOFException: End of File Exception between local host is: "fv-az12-997/10.1.0.22"; destination host is: "localhost":46317; : java.io.EOFException; For more details see:  http://wiki.apache.org/hadoop/EOFException, while invoking $Proxy53.submitRequest over nodeId=omNode-2,nodeAddress=127.0.0.1:46317. Trying to failover immediately.
2022-02-14 09:19:54,526 [Time-limited test] INFO  retry.RetryInvocationHandler (RetryInvocationHandler.java:log(411)) - com.google.protobuf.ServiceException: org.apache.hadoop.ipc.RemoteException(org.apache.hadoop.ozone.om.exceptions.OMNotLeaderException): OM:omNode-3 is not the leader. Could not determine the leader node.
	at org.apache.hadoop.ozone.om.ratis.utils.OzoneManagerRatisUtils.createNotLeaderException(OzoneManagerRatisUtils.java:360)
	at org.apache.hadoop.ozone.om.ratis.utils.OzoneManagerRatisUtils.checkLeaderStatus(OzoneManagerRatisUtils.java:346)
	at org.apache.hadoop.ozone.protocolPB.OzoneManagerProtocolServerSideTranslatorPB.checkLeaderStatus(OzoneManagerProtocolServerSideTranslatorPB.java:279)
	at org.apache.hadoop.ozone.protocolPB.OzoneManagerProtocolServerSideTranslatorPB.processRequest(OzoneManagerProtocolServerSideTranslatorPB.java:158)
	at org.apache.hadoop.hdds.server.OzoneProtocolMessageDispatcher.processRequest(OzoneProtocolMessageDispatcher.java:87)
	at org.apache.hadoop.ozone.protocolPB.OzoneManagerProtocolServerSideTranslatorPB.submitRequest(OzoneManagerProtocolServerSideTranslatorPB.java:124)
	at org.apache.hadoop.ozone.protocol.proto.OzoneManagerProtocolProtos$OzoneManagerService$2.callBlockingMethod(OzoneManagerProtocolProtos.java)
	at org.apache.hadoop.ipc.ProtobufRpcEngine$Server.processCall(ProtobufRpcEngine.java:466)
	at org.apache.hadoop.ipc.ProtobufRpcEngine2$Server$ProtoBufRpcInvoker.call(ProtobufRpcEngine2.java:574)
	at org.apache.hadoop.ipc.ProtobufRpcEngine2$Server$ProtoBufRpcInvoker.call(ProtobufRpcEngine2.java:552)
	at org.apache.hadoop.ipc.RPC$Server.call(RPC.java:1093)
	at org.apache.hadoop.ipc.Server$RpcCall.run(Server.java:1035)
	at org.apache.hadoop.ipc.Server$RpcCall.run(Server.java:963)
	at java.security.AccessController.doPrivileged(Native Method)
	at javax.security.auth.Subject.doAs(Subject.java:422)
	at org.apache.hadoop.security.UserGroupInformation.doAs(UserGroupInformation.java:1878)
	at org.apache.hadoop.ipc.Server$Handler.run(Server.java:2966)
, while invoking $Proxy53.submitRequest over nodeId=omNode-3,nodeAddress=127.0.0.1:42183 after 1 failover attempts. Trying to failover after sleeping for 2000ms.
2022-02-14 09:19:56,531 [Time-limited test] INFO  retry.RetryInvocationHandler (RetryInvocationHandler.java:log(411)) - com.google.protobuf.ServiceException: org.apache.hadoop.ipc.RemoteException(org.apache.hadoop.ozone.om.exceptions.OMNotLeaderException): OM:omNode-1 is not the leader. Could not determine the leader node.
	at org.apache.hadoop.ozone.om.ratis.utils.OzoneManagerRatisUtils.createNotLeaderException(OzoneManagerRatisUtils.java:360)
	at org.apache.hadoop.ozone.om.ratis.utils.OzoneManagerRatisUtils.checkLeaderStatus(OzoneManagerRatisUtils.java:346)
	at org.apache.hadoop.ozone.protocolPB.OzoneManagerProtocolServerSideTranslatorPB.checkLeaderStatus(OzoneManagerProtocolServerSideTranslatorPB.java:279)
	at org.apache.hadoop.ozone.protocolPB.OzoneManagerProtocolServerSideTranslatorPB.processRequest(OzoneManagerProtocolServerSideTranslatorPB.java:158)
	at org.apache.hadoop.hdds.server.OzoneProtocolMessageDispatcher.processRequest(OzoneProtocolMessageDispatcher.java:87)
	at org.apache.hadoop.ozone.protocolPB.OzoneManagerProtocolServerSideTranslatorPB.submitRequest(OzoneManagerProtocolServerSideTranslatorPB.java:124)
	at org.apache.hadoop.ozone.protocol.proto.OzoneManagerProtocolProtos$OzoneManagerService$2.callBlockingMethod(OzoneManagerProtocolProtos.java)
	at org.apache.hadoop.ipc.ProtobufRpcEngine$Server.processCall(ProtobufRpcEngine.java:466)
	at org.apache.hadoop.ipc.ProtobufRpcEngine2$Server$ProtoBufRpcInvoker.call(ProtobufRpcEngine2.java:574)
	at org.apache.hadoop.ipc.ProtobufRpcEngine2$Server$ProtoBufRpcInvoker.call(ProtobufRpcEngine2.java:552)
	at org.apache.hadoop.ipc.RPC$Server.call(RPC.java:1093)
	at org.apache.hadoop.ipc.Server$RpcCall.run(Server.java:1035)
	at org.apache.hadoop.ipc.Server$RpcCall.run(Server.java:963)
	at java.security.AccessController.doPrivileged(Native Method)
	at javax.security.auth.Subject.doAs(Subject.java:422)
	at org.apache.hadoop.security.UserGroupInformation.doAs(UserGroupInformation.java:1878)
	at org.apache.hadoop.ipc.Server$Handler.run(Server.java:2966)
, while invoking $Proxy53.submitRequest over nodeId=omNode-1,nodeAddress=127.0.0.1:41287 after 2 failover attempts. Trying to failover immediately.
2022-02-14 09:19:56,532 [Time-limited test] INFO  retry.RetryInvocationHandler (RetryInvocationHandler.java:log(411)) - com.google.protobuf.ServiceException: java.net.ConnectException: Call From fv-az12-997/10.1.0.22 to localhost:46317 failed on connection exception: java.net.ConnectException: Connection refused; For more details see:  http://wiki.apache.org/hadoop/ConnectionRefused, while invoking $Proxy53.submitRequest over nodeId=omNode-2,nodeAddress=127.0.0.1:46317 after 3 failover attempts. Trying to failover immediately.
2022-02-14 09:19:56,537 [Time-limited test] INFO  retry.RetryInvocationHandler (RetryInvocationHandler.java:log(411)) - com.google.protobuf.ServiceException: org.apache.hadoop.ipc.RemoteException(org.apache.hadoop.ozone.om.exceptions.OMNotLeaderException): OM:omNode-3 is not the leader. Could not determine the leader node.
	at org.apache.hadoop.ozone.om.ratis.utils.OzoneManagerRatisUtils.createNotLeaderException(OzoneManagerRatisUtils.java:360)
	at org.apache.hadoop.ozone.om.ratis.utils.OzoneManagerRatisUtils.checkLeaderStatus(OzoneManagerRatisUtils.java:346)
	at org.apache.hadoop.ozone.protocolPB.OzoneManagerProtocolServerSideTranslatorPB.checkLeaderStatus(OzoneManagerProtocolServerSideTranslatorPB.java:279)
	at org.apache.hadoop.ozone.protocolPB.OzoneManagerProtocolServerSideTranslatorPB.processRequest(OzoneManagerProtocolServerSideTranslatorPB.java:158)
	at org.apache.hadoop.hdds.server.OzoneProtocolMessageDispatcher.processRequest(OzoneProtocolMessageDispatcher.java:87)
	at org.apache.hadoop.ozone.protocolPB.OzoneManagerProtocolServerSideTranslatorPB.submitRequest(OzoneManagerProtocolServerSideTranslatorPB.java:124)
	at org.apache.hadoop.ozone.protocol.proto.OzoneManagerProtocolProtos$OzoneManagerService$2.callBlockingMethod(OzoneManagerProtocolProtos.java)
	at org.apache.hadoop.ipc.ProtobufRpcEngine$Server.processCall(ProtobufRpcEngine.java:466)
	at org.apache.hadoop.ipc.ProtobufRpcEngine2$Server$ProtoBufRpcInvoker.call(ProtobufRpcEngine2.java:574)
	at org.apache.hadoop.ipc.ProtobufRpcEngine2$Server$ProtoBufRpcInvoker.call(ProtobufRpcEngine2.java:552)
	at org.apache.hadoop.ipc.RPC$Server.call(RPC.java:1093)
	at org.apache.hadoop.ipc.Server$RpcCall.run(Server.java:1035)
	at org.apache.hadoop.ipc.Server$RpcCall.run(Server.java:963)
	at java.security.AccessController.doPrivileged(Native Method)
	at javax.security.auth.Subject.doAs(Subject.java:422)
	at org.apache.hadoop.security.UserGroupInformation.doAs(UserGroupInformation.java:1878)
	at org.apache.hadoop.ipc.Server$Handler.run(Server.java:2966)
, while invoking $Proxy53.submitRequest over nodeId=omNode-3,nodeAddress=127.0.0.1:42183 after 4 failover attempts. Trying to failover after sleeping for 2000ms.
2022-02-14 09:19:56,547 [omNode-3@group-523986131536-FollowerState] INFO  impl.FollowerState (FollowerState.java:run(134)) - omNode-3@group-523986131536-FollowerState: change to CANDIDATE, lastRpcElapsedTime:2068602758ns, electionTimeout:1072ms
2022-02-14 09:19:56,548 [omNode-3@group-523986131536-FollowerState] INFO  impl.RoleInfo (RoleInfo.java:shutdownFollowerState(108)) - omNode-3: shutdown omNode-3@group-523986131536-FollowerState
2022-02-14 09:19:56,548 [omNode-3@group-523986131536-FollowerState] INFO  server.RaftServer$Division (RaftServerImpl.java:setRole(290)) - omNode-3@group-523986131536: changes role from  FOLLOWER to CANDIDATE at term 6 for changeToCandidate
2022-02-14 09:19:56,548 [omNode-3@group-523986131536-FollowerState] INFO  server.RaftServerConfigKeys (ConfUtils.java:logGet(44)) - raft.server.leaderelection.pre-vote = false (custom)
2022-02-14 09:19:56,548 [omNode-3@group-523986131536-FollowerState] INFO  impl.RoleInfo (RoleInfo.java:updateAndGet(130)) - omNode-3: start omNode-3@group-523986131536-LeaderElection18
2022-02-14 09:19:56,549 [omNode-3@group-523986131536-LeaderElection18] INFO  server.RaftServer$Division (ServerState.java:setLeader(285)) - omNode-3@group-523986131536: change Leader from omNode-2 to null at term 6 for ELECTION
2022-02-14 09:19:56,551 [omNode-3@group-523986131536-LeaderElection18] INFO  impl.LeaderElection (LeaderElection.java:askForVotes(306)) - omNode-3@group-523986131536-LeaderElection18 ELECTION round 0: submit vote requests at term 7 for 359: [omNode-3|rpc:localhost:32855|admin:|client:|dataStream:|priority:0, omNode-1|rpc:localhost:41377|admin:|client:|dataStream:|priority:0, omNode-2|rpc:localhost:39957|admin:|client:|dataStream:|priority:0], old=null
2022-02-14 09:19:56,558 [omNode-3@group-523986131536-LeaderElection18] INFO  impl.LeaderElection (LogUtils.java:infoOrTrace(137)) - omNode-3@group-523986131536-LeaderElection18 got exception when requesting votes: java.util.concurrent.ExecutionException: org.apache.ratis.thirdparty.io.grpc.StatusRuntimeException: UNAVAILABLE: io exception
2022-02-14 09:19:56,563 [grpc-default-executor-5] INFO  server.RaftServer$Division (RaftServerImpl.java:requestVote(1046)) - omNode-1@group-523986131536: receive requestVote(ELECTION, omNode-3, group-523986131536, 7, (t:6, i:410))
2022-02-14 09:19:56,563 [grpc-default-executor-5] INFO  impl.VoteContext (VoteContext.java:log(48)) - omNode-1@group-523986131536-FOLLOWER: accept ELECTION from omNode-3: our priority 0 <= candidate's priority 0
2022-02-14 09:19:56,563 [grpc-default-executor-5] INFO  server.RaftServer$Division (ServerState.java:setLeader(285)) - omNode-1@group-523986131536: change Leader from omNode-2 to null at term 7 for updateCurrentTerm
2022-02-14 09:19:56,563 [grpc-default-executor-5] INFO  server.RaftServer$Division (RaftServerImpl.java:setRole(290)) - omNode-1@group-523986131536: changes role from  FOLLOWER to FOLLOWER at term 7 for candidate:omNode-3
2022-02-14 09:19:56,563 [grpc-default-executor-5] INFO  impl.RoleInfo (RoleInfo.java:shutdownFollowerState(108)) - omNode-1: shutdown omNode-1@group-523986131536-FollowerState
2022-02-14 09:19:56,563 [grpc-default-executor-5] INFO  impl.RoleInfo (RoleInfo.java:updateAndGet(130)) - omNode-1: start omNode-1@group-523986131536-FollowerState
2022-02-14 09:19:56,564 [omNode-1@group-523986131536-FollowerState] INFO  impl.FollowerState (FollowerState.java:run(143)) - omNode-1@group-523986131536-FollowerState was interrupted: {}
java.lang.InterruptedException: sleep interrupted
	at java.lang.Thread.sleep(Native Method)
	at java.lang.Thread.sleep(Thread.java:340)
	at java.util.concurrent.TimeUnit.sleep(TimeUnit.java:386)
	at org.apache.ratis.util.TimeDuration.sleep(TimeDuration.java:324)
	at org.apache.ratis.util.TimeDuration.sleep(TimeDuration.java:309)
	at org.apache.ratis.server.impl.FollowerState.run(FollowerState.java:118)
2022-02-14 09:19:56,566 [grpc-default-executor-5] INFO  server.RaftServer$Division (RaftServerImpl.java:requestVote(1078)) - omNode-1@group-523986131536 replies to ELECTION vote request: omNode-3<-omNode-1#0:OK-t7. Peer's state: omNode-1@group-523986131536:t7, leader=null, voted=omNode-3, raftlog=omNode-1@group-523986131536-SegmentedRaftLog:OPENED:c409, conf=359: [omNode-3|rpc:localhost:32855|admin:|client:|dataStream:|priority:0, omNode-1|rpc:localhost:41377|admin:|client:|dataStream:|priority:0, omNode-2|rpc:localhost:39957|admin:|client:|dataStream:|priority:0], old=null
2022-02-14 09:19:56,568 [omNode-3@group-523986131536-LeaderElection18] INFO  impl.LeaderElection (LeaderElection.java:logAndReturn(89)) - omNode-3@group-523986131536-LeaderElection18: ELECTION PASSED received 1 response(s) and 1 exception(s):
2022-02-14 09:19:56,568 [omNode-3@group-523986131536-LeaderElection18] INFO  impl.LeaderElection (LeaderElection.java:logAndReturn(93)) -   Response 0: omNode-3<-omNode-1#0:OK-t7
2022-02-14 09:19:56,568 [omNode-3@group-523986131536-LeaderElection18] INFO  impl.LeaderElection (LogUtils.java:infoOrTrace(137)) -   Exception 1: java.util.concurrent.ExecutionException: org.apache.ratis.thirdparty.io.grpc.StatusRuntimeException: UNAVAILABLE: io exception
2022-02-14 09:19:56,568 [omNode-3@group-523986131536-LeaderElection18] INFO  impl.LeaderElection (LeaderElection.java:askForVotes(308)) - omNode-3@group-523986131536-LeaderElection18 ELECTION round 0: result PASSED
2022-02-14 09:19:56,568 [omNode-3@group-523986131536-LeaderElection18] INFO  impl.RoleInfo (RoleInfo.java:shutdownLeaderElection(121)) - omNode-3: shutdown omNode-3@group-523986131536-LeaderElection18
2022-02-14 09:19:56,568 [omNode-3@group-523986131536-LeaderElection18] INFO  server.RaftServer$Division (RaftServerImpl.java:setRole(290)) - omNode-3@group-523986131536: changes role from CANDIDATE to LEADER at term 7 for changeToLeader
2022-02-14 09:19:56,568 [omNode-3@group-523986131536-LeaderElection18] INFO  server.RaftServer$Division (ServerState.java:setLeader(285)) - omNode-3@group-523986131536: change Leader from null to omNode-3 at term 7 for becomeLeader, leader elected after 19ms
2022-02-14 09:19:56,568 [omNode-3@group-523986131536-LeaderElection18] INFO  server.RaftServerConfigKeys (ConfUtils.java:logGet(44)) - raft.server.staging.catchup.gap = 1000 (default)
2022-02-14 09:19:56,569 [omNode-3@group-523986131536-LeaderElection18] INFO  server.RaftServerConfigKeys (ConfUtils.java:logGet(44)) - raft.server.write.element-limit = 4096 (default)
2022-02-14 09:19:56,569 [omNode-3@group-523986131536-LeaderElection18] INFO  server.RaftServerConfigKeys (ConfUtils.java:logGet(44)) - raft.server.write.byte-limit = 64MB (=67108864) (default)
2022-02-14 09:19:56,569 [omNode-3@group-523986131536-LeaderElection18] INFO  server.RaftServerConfigKeys (ConfUtils.java:logGet(44)) - raft.server.watch.timeout = 10s (default)
2022-02-14 09:19:56,569 [omNode-3@group-523986131536-LeaderElection18] INFO  server.RaftServerConfigKeys (ConfUtils.java:logGet(44)) - raft.server.watch.timeout.denomination = 1s (default)
2022-02-14 09:19:56,569 [omNode-3@group-523986131536-LeaderElection18] INFO  server.RaftServerConfigKeys (ConfUtils.java:logGet(44)) - raft.server.watch.element-limit = 65536 (default)
2022-02-14 09:19:56,569 [omNode-3@group-523986131536-LeaderElection18] INFO  server.RaftServerConfigKeys (ConfUtils.java:logGet(44)) - raft.server.write.element-limit = 4096 (default)
2022-02-14 09:19:56,569 [omNode-3@group-523986131536-LeaderElection18] INFO  server.RaftServerConfigKeys (ConfUtils.java:logGet(44)) - raft.server.write.follower.gap.ratio.max = -1.0 (default)
2022-02-14 09:19:56,569 [omNode-3@group-523986131536-LeaderElection18] INFO  server.RaftServerConfigKeys (ConfUtils.java:logGet(44)) - raft.server.log.appender.snapshot.chunk.size.max = 16MB (=16777216) (default)
2022-02-14 09:19:56,569 [omNode-3@group-523986131536-LeaderElection18] INFO  server.RaftServerConfigKeys (ConfUtils.java:logGet(44)) - raft.server.log.appender.buffer.byte-limit = 33554432 (custom)
2022-02-14 09:19:56,569 [omNode-3@group-523986131536-LeaderElection18] INFO  server.RaftServerConfigKeys (ConfUtils.java:logGet(44)) - raft.server.log.appender.buffer.element-limit = 1024 (custom)
2022-02-14 09:19:56,570 [omNode-3@group-523986131536-LeaderElection18] INFO  grpc.GrpcConfigKeys (ConfUtils.java:logGet(44)) - raft.grpc.server.leader.outstanding.appends.max = 128 (default)
2022-02-14 09:19:56,570 [omNode-3@group-523986131536-LeaderElection18] INFO  server.RaftServerConfigKeys (ConfUtils.java:logGet(44)) - raft.server.rpc.request.timeout = 3000ms (default)
2022-02-14 09:19:56,570 [omNode-3@group-523986131536-LeaderElection18] INFO  server.RaftServerConfigKeys (ConfUtils.java:logGet(44)) - raft.server.log.appender.install.snapshot.enabled = false (custom)
2022-02-14 09:19:56,570 [omNode-3@group-523986131536-LeaderElection18] INFO  server.RaftServerConfigKeys (ConfUtils.java:logGet(44)) - raft.server.log.appender.snapshot.chunk.size.max = 16MB (=16777216) (default)
2022-02-14 09:19:56,571 [omNode-3@group-523986131536-LeaderElection18] INFO  server.RaftServerConfigKeys (ConfUtils.java:logGet(44)) - raft.server.log.appender.buffer.byte-limit = 33554432 (custom)
2022-02-14 09:19:56,571 [omNode-3@group-523986131536-LeaderElection18] INFO  server.RaftServerConfigKeys (ConfUtils.java:logGet(44)) - raft.server.log.appender.buffer.element-limit = 1024 (custom)
2022-02-14 09:19:56,571 [omNode-3@group-523986131536-LeaderElection18] INFO  grpc.GrpcConfigKeys (ConfUtils.java:logGet(44)) - raft.grpc.server.leader.outstanding.appends.max = 128 (default)
2022-02-14 09:19:56,571 [omNode-3@group-523986131536-LeaderElection18] INFO  server.RaftServerConfigKeys (ConfUtils.java:logGet(44)) - raft.server.rpc.request.timeout = 3000ms (default)
2022-02-14 09:19:56,571 [omNode-3@group-523986131536-LeaderElection18] INFO  server.RaftServerConfigKeys (ConfUtils.java:logGet(44)) - raft.server.log.appender.install.snapshot.enabled = false (custom)
2022-02-14 09:19:56,571 [omNode-3@group-523986131536-LeaderElection18] INFO  impl.RoleInfo (RoleInfo.java:updateAndGet(130)) - omNode-3: start omNode-3@group-523986131536-LeaderStateImpl
2022-02-14 09:19:56,572 [omNode-3@group-523986131536-LeaderElection18] INFO  segmented.SegmentedRaftLogWorker (SegmentedRaftLogWorker.java:rollLogSegment(399)) - omNode-3@group-523986131536-SegmentedRaftLogWorker: Rolling segment log-359_410 to index:410
2022-02-14 09:19:56,573 [omNode-3@group-523986131536-SegmentedRaftLogWorker] INFO  segmented.SegmentedRaftLogWorker (SegmentedRaftLogWorker.java:execute(558)) - omNode-3@group-523986131536-SegmentedRaftLogWorker: Rolled log segment from /home/runner/work/ozone/ozone/hadoop-ozone/integration-test/target/test-dir/MiniOzoneClusterImpl-9687bb22-1f81-4155-97c5-ed9e7781f5c1/omNode-3/ratis/c9bc4cf4-3bc3-3c60-a66b-523986131536/current/log_inprogress_359 to /home/runner/work/ozone/ozone/hadoop-ozone/integration-test/target/test-dir/MiniOzoneClusterImpl-9687bb22-1f81-4155-97c5-ed9e7781f5c1/omNode-3/ratis/c9bc4cf4-3bc3-3c60-a66b-523986131536/current/log_359-410
2022-02-14 09:19:56,583 [omNode-3@group-523986131536-LeaderElection18] INFO  server.RaftServer$Division (ServerState.java:setRaftConf(387)) - omNode-3@group-523986131536: set configuration 411: [omNode-3|rpc:localhost:32855|admin:|client:|dataStream:|priority:0, omNode-1|rpc:localhost:41377|admin:|client:|dataStream:|priority:0, omNode-2|rpc:localhost:39957|admin:|client:|dataStream:|priority:0], old=null
2022-02-14 09:19:56,584 [omNode-3@group-523986131536-SegmentedRaftLogWorker] INFO  segmented.SegmentedRaftLogWorker (SegmentedRaftLogWorker.java:execute(601)) - omNode-3@group-523986131536-SegmentedRaftLogWorker: created new log segment /home/runner/work/ozone/ozone/hadoop-ozone/integration-test/target/test-dir/MiniOzoneClusterImpl-9687bb22-1f81-4155-97c5-ed9e7781f5c1/omNode-3/ratis/c9bc4cf4-3bc3-3c60-a66b-523986131536/current/log_inprogress_411
2022-02-14 09:19:56,586 [grpc-default-executor-5] WARN  server.GrpcLogAppender (LogUtils.java:warn(122)) - omNode-3@group-523986131536->omNode-2-AppendLogResponseHandler: Failed appendEntries: org.apache.ratis.thirdparty.io.grpc.StatusRuntimeException: UNAVAILABLE: io exception
2022-02-14 09:19:56,587 [grpc-default-executor-4] INFO  server.RaftServer$Division (ServerState.java:setLeader(285)) - omNode-1@group-523986131536: change Leader from null to omNode-3 at term 7 for appendEntries, leader elected after 23ms
2022-02-14 09:19:56,587 [grpc-default-executor-4] INFO  server.RaftServer$Division (ServerState.java:setRaftConf(387)) - omNode-1@group-523986131536: set configuration 411: [omNode-3|rpc:localhost:32855|admin:|client:|dataStream:|priority:0, omNode-1|rpc:localhost:41377|admin:|client:|dataStream:|priority:0, omNode-2|rpc:localhost:39957|admin:|client:|dataStream:|priority:0], old=null
2022-02-14 09:19:56,587 [grpc-default-executor-5] WARN  server.GrpcLogAppender (GrpcLogAppender.java:resetClient(110)) - omNode-3@group-523986131536->omNode-2-GrpcLogAppender: Leader has not got in touch with Follower omNode-3@group-523986131536->omNode-2(c-1,m0,n412, attendVote=true, lastRpcSendTime=1, lastRpcResponseTime=1218) yet, just keep nextIndex unchanged and retry.
2022-02-14 09:19:56,587 [grpc-default-executor-4] INFO  segmented.SegmentedRaftLogWorker (SegmentedRaftLogWorker.java:rollLogSegment(399)) - omNode-1@group-523986131536-SegmentedRaftLogWorker: Rolling segment log-359_410 to index:410
2022-02-14 09:19:56,590 [omNode-1@group-523986131536-SegmentedRaftLogWorker] INFO  segmented.SegmentedRaftLogWorker (SegmentedRaftLogWorker.java:execute(558)) - omNode-1@group-523986131536-SegmentedRaftLogWorker: Rolled log segment from /home/runner/work/ozone/ozone/hadoop-ozone/integration-test/target/test-dir/MiniOzoneClusterImpl-9687bb22-1f81-4155-97c5-ed9e7781f5c1/omNode-1/ratis/c9bc4cf4-3bc3-3c60-a66b-523986131536/current/log_inprogress_359 to /home/runner/work/ozone/ozone/hadoop-ozone/integration-test/target/test-dir/MiniOzoneClusterImpl-9687bb22-1f81-4155-97c5-ed9e7781f5c1/omNode-1/ratis/c9bc4cf4-3bc3-3c60-a66b-523986131536/current/log_359-410
2022-02-14 09:19:56,603 [omNode-1@group-523986131536-SegmentedRaftLogWorker] INFO  segmented.SegmentedRaftLogWorker (SegmentedRaftLogWorker.java:execute(601)) - omNode-1@group-523986131536-SegmentedRaftLogWorker: created new log segment /home/runner/work/ozone/ozone/hadoop-ozone/integration-test/target/test-dir/MiniOzoneClusterImpl-9687bb22-1f81-4155-97c5-ed9e7781f5c1/omNode-1/ratis/c9bc4cf4-3bc3-3c60-a66b-523986131536/current/log_inprogress_411
2022-02-14 09:19:56,621 [omNode-3@group-523986131536-StateMachineUpdater] INFO  ratis.OzoneManagerStateMachine (OzoneManagerStateMachine.java:notifyConfigurationChanged(188)) - Received Configuration change notification from Ratis. New Peer list:
[id: "omNode-3"
address: "localhost:32855"
, id: "omNode-1"
address: "localhost:41377"
, id: "omNode-2"
address: "localhost:39957"
]
2022-02-14 09:19:56,626 [grpc-default-executor-4] WARN  server.GrpcLogAppender (LogUtils.java:warn(122)) - omNode-3@group-523986131536->omNode-2-AppendLogResponseHandler: Failed appendEntries: org.apache.ratis.thirdparty.io.grpc.StatusRuntimeException: UNAVAILABLE: io exception
2022-02-14 09:19:56,626 [omNode-1@group-523986131536-StateMachineUpdater] INFO  ratis.OzoneManagerStateMachine (OzoneManagerStateMachine.java:notifyConfigurationChanged(188)) - Received Configuration change notification from Ratis. New Peer list:
[id: "omNode-3"
address: "localhost:32855"
, id: "omNode-1"
address: "localhost:41377"
, id: "omNode-2"
address: "localhost:39957"
]
2022-02-14 09:19:56,627 [grpc-default-executor-4] WARN  server.GrpcLogAppender (GrpcLogAppender.java:resetClient(110)) - omNode-3@group-523986131536->omNode-2-GrpcLogAppender: Leader has not got in touch with Follower omNode-3@group-523986131536->omNode-2(c-1,m0,n413, attendVote=true, lastRpcSendTime=37, lastRpcResponseTime=1257) yet, just keep nextIndex unchanged and retry.
2022-02-14 09:19:57,127 [grpc-default-executor-4] WARN  server.GrpcLogAppender (LogUtils.java:warn(122)) - omNode-3@group-523986131536->omNode-2-AppendLogResponseHandler: Failed appendEntries: org.apache.ratis.thirdparty.io.grpc.StatusRuntimeException: UNAVAILABLE: io exception
2022-02-14 09:19:57,128 [grpc-default-executor-4] WARN  server.GrpcLogAppender (GrpcLogAppender.java:resetClient(110)) - omNode-3@group-523986131536->omNode-2-GrpcLogAppender: Leader has not got in touch with Follower omNode-3@group-523986131536->omNode-2(c-1,m0,n413, attendVote=true, lastRpcSendTime=0, lastRpcResponseTime=1758) yet, just keep nextIndex unchanged and retry.
2022-02-14 09:19:57,628 [grpc-default-executor-5] WARN  server.GrpcLogAppender (LogUtils.java:warn(122)) - omNode-3@group-523986131536->omNode-2-AppendLogResponseHandler: Failed appendEntries: org.apache.ratis.thirdparty.io.grpc.StatusRuntimeException: UNAVAILABLE: io exception
2022-02-14 09:19:57,629 [grpc-default-executor-5] WARN  server.GrpcLogAppender (GrpcLogAppender.java:resetClient(110)) - omNode-3@group-523986131536->omNode-2-GrpcLogAppender: Leader has not got in touch with Follower omNode-3@group-523986131536->omNode-2(c-1,m0,n413, attendVote=true, lastRpcSendTime=501, lastRpcResponseTime=2259) yet, just keep nextIndex unchanged and retry.
2022-02-14 09:19:58,131 [grpc-default-executor-5] WARN  server.GrpcLogAppender (LogUtils.java:warn(122)) - omNode-3@group-523986131536->omNode-2-AppendLogResponseHandler: Failed appendEntries: org.apache.ratis.thirdparty.io.grpc.StatusRuntimeException: UNAVAILABLE: io exception
2022-02-14 09:19:58,132 [grpc-default-executor-5] WARN  server.GrpcLogAppender (GrpcLogAppender.java:resetClient(110)) - omNode-3@group-523986131536->omNode-2-GrpcLogAppender: Leader has not got in touch with Follower omNode-3@group-523986131536->omNode-2(c-1,m0,n413, attendVote=true, lastRpcSendTime=501, lastRpcResponseTime=2762) yet, just keep nextIndex unchanged and retry.
2022-02-14 09:19:58,540 [Time-limited test] ERROR ha.OMFailoverProxyProvider (OMFailoverProxyProvider.java:getRetryAction(296)) - Failed to connect to OMs: [nodeId=omNode-3,nodeAddress=127.0.0.1:42183, nodeId=omNode-1,nodeAddress=127.0.0.1:41287, nodeId=omNode-2,nodeAddress=127.0.0.1:46317]. Attempted 5 failovers.
2022-02-14 09:19:58,541 [Time-limited test] INFO  om.OzoneManager (OzoneManager.java:stop(1893)) - omNode-3[localhost:42183]: Stopping Ozone Manager
2022-02-14 09:19:58,541 [Time-limited test] INFO  ipc.Server (Server.java:stop(3414)) - Stopping server on 42183
2022-02-14 09:19:58,543 [IPC Server listener on 42183] INFO  ipc.Server (Server.java:run(1376)) - Stopping IPC Server listener on 42183
2022-02-14 09:19:58,544 [IPC Server Responder] INFO  ipc.Server (Server.java:run(1512)) - Stopping IPC Server Responder
2022-02-14 09:19:58,544 [Time-limited test] INFO  server.RaftServer (RaftServerProxy.java:lambda$close$6(391)) - omNode-3: close
2022-02-14 09:19:58,544 [Time-limited test] INFO  server.RaftServer$Division (RaftServerImpl.java:lambda$close$4(412)) - omNode-3@group-523986131536: shutdown
2022-02-14 09:19:58,544 [Time-limited test] INFO  util.JmxRegister (JmxRegister.java:unregister(73)) - Successfully un-registered JMX Bean with object name Ratis:service=RaftServer,group=group-523986131536,id=omNode-3
2022-02-14 09:19:58,544 [Time-limited test] INFO  impl.RoleInfo (RoleInfo.java:shutdownLeaderState(91)) - omNode-3: shutdown omNode-3@group-523986131536-LeaderStateImpl
2022-02-14 09:19:58,545 [omNode-3@group-523986131536->omNode-1-GrpcLogAppender-LogAppenderDaemon] WARN  server.GrpcLogAppender (GrpcLogAppender.java:mayWait(177)) - omNode-3@group-523986131536->omNode-1-GrpcLogAppender: Wait interrupted by java.lang.InterruptedException
2022-02-14 09:19:58,545 [grpc-default-executor-5] INFO  server.GrpcServerProtocolService (GrpcServerProtocolService.java:onCompleted(140)) - omNode-1: Completed APPEND_ENTRIES, lastRequest: omNode-3->omNode-1#2-t7,previous=(t:7, i:411),leaderCommit=411,initializing? true,entries: size=1, first=(t:7, i:412), METADATAENTRY(c:411)
2022-02-14 09:19:58,546 [grpc-default-executor-4] INFO  server.GrpcLogAppender (GrpcLogAppender.java:onCompleted(346)) - omNode-3@group-523986131536->omNode-1-AppendLogResponseHandler: follower responses appendEntries COMPLETED
2022-02-14 09:19:58,546 [grpc-default-executor-4] INFO  leader.FollowerInfo (FollowerInfoImpl.java:lambda$new$0(47)) - omNode-3@group-523986131536->omNode-1: nextIndex: updateUnconditionally 413 -> 412
2022-02-14 09:19:58,545 [Time-limited test] INFO  impl.PendingRequests (PendingRequests.java:sendNotLeaderResponses(282)) - omNode-3@group-523986131536-PendingRequests: sendNotLeaderResponses
2022-02-14 09:19:58,548 [Time-limited test] INFO  impl.StateMachineUpdater (StateMachineUpdater.java:stopAndJoin(149)) - omNode-3@group-523986131536-StateMachineUpdater: set stopIndex = 412
2022-02-14 09:19:58,549 [omNode-3@group-523986131536-StateMachineUpdater] INFO  ratis.OzoneManagerStateMachine (OzoneManagerStateMachine.java:takeSnapshot(417)) - Current Snapshot Index (t:7, i:412)
2022-02-14 09:19:58,549 [omNode-3@group-523986131536-StateMachineUpdater] INFO  impl.StateMachineUpdater (StateMachineUpdater.java:takeSnapshot(281)) - omNode-3@group-523986131536-StateMachineUpdater: Took a snapshot at index 412
2022-02-14 09:19:58,549 [omNode-3@group-523986131536-StateMachineUpdater] INFO  impl.StateMachineUpdater (StateMachineUpdater.java:lambda$new$0(89)) - omNode-3@group-523986131536-StateMachineUpdater: snapshotIndex: updateIncreasingly 407 -> 412
2022-02-14 09:19:58,549 [omNode-3@group-523986131536-StateMachineUpdater] INFO  raftlog.RaftLog (RaftLogBase.java:purge(306)) - omNode-3@group-523986131536-SegmentedRaftLog: purge 412
2022-02-14 09:19:58,550 [omNode-3@group-523986131536-StateMachineUpdater] INFO  raftlog.RaftLog (RaftLogBase.java:lambda$new$0(53)) - omNode-3@group-523986131536-SegmentedRaftLog: snapshotIndex: updateIncreasingly 407 -> 412
2022-02-14 09:19:58,550 [omNode-3@group-523986131536-StateMachineUpdater] INFO  ratis.OzoneManagerStateMachine (OzoneManagerStateMachine.java:close(471)) - StateMachine has shutdown. Shutdown OzoneManager if not already shutdown.
2022-02-14 09:19:58,550 [omNode-3@group-523986131536-SegmentedRaftLogWorker] INFO  raftlog.RaftLog (RaftLogBase.java:lambda$new$0(53)) - omNode-3@group-523986131536-SegmentedRaftLog: purgeIndex: updateToMax old=358, new=410, updated? true
2022-02-14 09:19:58,550 [Time-limited test] INFO  server.RaftServer$Division (ServerState.java:close(419)) - omNode-3@group-523986131536: closes. applyIndex: 412
2022-02-14 09:19:58,550 [omNode-3@group-523986131536-SegmentedRaftLogWorker] INFO  segmented.SegmentedRaftLogWorker (SegmentedRaftLogWorker.java:run(327)) - omNode-3@group-523986131536-SegmentedRaftLogWorker was interrupted, exiting. There are 0 tasks remaining in the queue.
2022-02-14 09:19:58,551 [Time-limited test] INFO  segmented.SegmentedRaftLogWorker (SegmentedRaftLogWorker.java:close(237)) - omNode-3@group-523986131536-SegmentedRaftLogWorker close()
2022-02-14 09:19:58,552 [Time-limited test] INFO  server.GrpcService (GrpcService.java:closeImpl(262)) - omNode-3: shutdown server with port 32855 now
2022-02-14 09:19:58,554 [Time-limited test] INFO  server.GrpcService (GrpcService.java:closeImpl(271)) - omNode-3: shutdown server with port 32855 successfully
2022-02-14 09:19:58,555 [org.apache.ratis.util.JvmPauseMonitor$$Lambda$422/1688851596@406bcaad] INFO  util.JvmPauseMonitor (JvmPauseMonitor.java:run(109)) - JvmPauseMonitor-omNode-3: Stopped
2022-02-14 09:19:58,555 [Time-limited test] INFO  ratis.OzoneManagerDoubleBuffer (OzoneManagerDoubleBuffer.java:stop(437)) - Stopping OMDoubleBuffer flush thread
2022-02-14 09:19:58,555 [OMDoubleBufferFlushThread] INFO  ratis.OzoneManagerDoubleBuffer (OzoneManagerDoubleBuffer.java:flushTransactions(356)) - OMDoubleBuffer flush thread OMDoubleBufferFlushThread is interrupted and will exit. OMDoubleBufferFlushThread
2022-02-14 09:19:58,556 [Time-limited test] INFO  handler.ContextHandler (ContextHandler.java:doStop(1153)) - Stopped o.e.j.w.WebAppContext@3c54749e{ozoneManager,/,null,STOPPED}{file:/home/runner/work/ozone/ozone/hadoop-ozone/integration-test/target/test-classes/webapps/ozoneManager}
2022-02-14 09:19:58,557 [Time-limited test] INFO  server.AbstractConnector (AbstractConnector.java:doStop(381)) - Stopped ServerConnector@33e7ad65{HTTP/1.1, (http/1.1)}{0.0.0.0:46357}
2022-02-14 09:19:58,557 [Time-limited test] INFO  server.session (HouseKeeper.java:stopScavenging(149)) - node0 Stopped scavenging
2022-02-14 09:19:58,558 [Time-limited test] INFO  handler.ContextHandler (ContextHandler.java:doStop(1153)) - Stopped o.e.j.s.ServletContextHandler@648cd945{static,/static,file:///home/runner/work/ozone/ozone/hadoop-ozone/integration-test/target/test-classes/webapps/static,STOPPED}
2022-02-14 09:19:58,558 [Time-limited test] INFO  handler.ContextHandler (ContextHandler.java:doStop(1153)) - Stopped o.e.j.s.ServletContextHandler@7e973d62{logs,/logs,file:///home/runner/work/ozone/ozone/hadoop-ozone/integration-test/target/log,STOPPED}
2022-02-14 09:19:58,561 [Time-limited test] INFO  om.OzoneManager (OzoneManager.java:restart(1451)) - OzoneManager RPC server is listening at localhost/127.0.0.1:42183
2022-02-14 09:19:58,561 [Time-limited test] INFO  impl.MetricsSystemImpl (MetricsSystemImpl.java:init(158)) - OzoneManager metrics system started (again)
2022-02-14 09:19:58,574 [Time-limited test] WARN  server.ServerUtils (ServerUtils.java:getDBPath(225)) - ozone.om.db.dirs is not configured. We recommend adding this setting. Falling back to ozone.metadata.dirs instead.
2022-02-14 09:19:58,575 [Time-limited test] INFO  codec.OmKeyInfoCodec (OmKeyInfoCodec.java:<init>(50)) - OmKeyInfoCodec ignorePipeline = true
2022-02-14 09:19:58,575 [Time-limited test] INFO  codec.RepeatedOmKeyInfoCodec (RepeatedOmKeyInfoCodec.java:<init>(42)) - RepeatedOmKeyInfoCodec ignorePipeline = true
2022-02-14 09:19:58,633 [Time-limited test] WARN  impl.MetricRegistriesImpl (MetricRegistriesImpl.java:addReporterRegistration(111)) - New reporters are added after registries were created. Some metrics will be missing from the reporter. Please add reporter before adding any new registry.
2022-02-14 09:19:58,634 [Time-limited test] WARN  impl.MetricRegistriesImpl (MetricRegistriesImpl.java:addReporterRegistration(111)) - New reporters are added after registries were created. Some metrics will be missing from the reporter. Please add reporter before adding any new registry.
2022-02-14 09:19:58,634 [Time-limited test] WARN  server.ServerUtils (ServerUtils.java:getDefaultRatisDirectory(237)) - Storage directory for Ratis is not configured. It is a good idea to map this to an SSD disk. Falling back to ozone.metadata.dirs
2022-02-14 09:19:58,635 [Time-limited test] INFO  ratis.OzoneManagerRatisServer (OzoneManagerRatisServer.java:<init>(159)) - Instantiating OM Ratis server with groupID: om-service-test1 and peers: localhost:32855, localhost:41377, localhost:39957
2022-02-14 09:19:58,635 [Time-limited test] INFO  ratis.OzoneManagerStateMachine (OzoneManagerStateMachine.java:loadSnapshotInfoFromDB(605)) - LastAppliedIndex is set from TransactionInfo from OM DB as (t:7, i:412)
2022-02-14 09:19:58,637 [Time-limited test] INFO  server.RaftServer (ConfUtils.java:logGet(44)) - raft.rpc.type = GRPC (default)
2022-02-14 09:19:58,637 [Time-limited test] INFO  grpc.GrpcFactory (GrpcFactory.java:checkPooledByteBufAllocatorUseCacheForAllThreads(48)) - PERFORMANCE WARNING: useCacheForAllThreads is true that may cause Netty to create a lot garbage objects and, as a result, trigger GC.
	It is recommended to disable useCacheForAllThreads by setting -Dorg.apache.ratis.thirdparty.io.netty.allocator.useCacheForAllThreads=false in command line.
2022-02-14 09:19:58,637 [Time-limited test] INFO  grpc.GrpcConfigKeys (ConfUtils.java:logGet(44)) - raft.grpc.admin.port = -1 (default)
2022-02-14 09:19:58,638 [Time-limited test] INFO  grpc.GrpcConfigKeys (ConfUtils.java:logGet(44)) - raft.grpc.server.port = 32855 (custom)
2022-02-14 09:19:58,638 [Time-limited test] INFO  grpc.GrpcConfigKeys (ConfUtils.java:logGet(44)) - raft.grpc.client.port = -1 (default)
2022-02-14 09:19:58,638 [Time-limited test] INFO  grpc.GrpcConfigKeys (ConfUtils.java:logGet(44)) - raft.grpc.server.port = 32855 (custom)
2022-02-14 09:19:58,638 [Time-limited test] INFO  grpc.GrpcConfigKeys (ConfUtils.java:logGet(44)) - raft.grpc.server.port = 32855 (custom)
2022-02-14 09:19:58,638 [Time-limited test] INFO  server.GrpcService (ConfUtils.java:logGet(44)) - raft.grpc.message.size.max = 33554432 (custom)
2022-02-14 09:19:58,638 [Time-limited test] INFO  server.RaftServerConfigKeys (ConfUtils.java:logGet(44)) - raft.server.log.appender.buffer.byte-limit = 33554432 (custom)
2022-02-14 09:19:58,638 [Time-limited test] INFO  server.GrpcService (ConfUtils.java:logGet(44)) - raft.grpc.flow.control.window = 1MB (=1048576) (default)
2022-02-14 09:19:58,638 [Time-limited test] INFO  server.RaftServerConfigKeys (ConfUtils.java:logGet(44)) - raft.server.rpc.request.timeout = 3000ms (default)
2022-02-14 09:19:58,640 [Time-limited test] INFO  impl.DataStreamServerImpl (ConfUtils.java:logGet(44)) - raft.datastream.type = DISABLED (default)
2022-02-14 09:19:58,640 [Time-limited test] INFO  server.RaftServerConfigKeys (ConfUtils.java:logGet(44)) - raft.server.rpc.slowness.timeout = 2s (custom)
2022-02-14 09:19:58,640 [Time-limited test] INFO  server.RaftServerConfigKeys (ConfUtils.java:logGet(44)) - raft.server.leaderelection.leader.step-down.wait-time = 10s (default)
2022-02-14 09:19:58,640 [Time-limited test] INFO  server.RaftServerConfigKeys (ConfUtils.java:logGet(44)) - raft.server.storage.dir = [/home/runner/work/ozone/ozone/hadoop-ozone/integration-test/target/test-dir/MiniOzoneClusterImpl-9687bb22-1f81-4155-97c5-ed9e7781f5c1/omNode-3/ratis] (custom)
2022-02-14 09:19:58,640 [Time-limited test] INFO  server.RaftServer (RaftServerProxy.java:lambda$null$1(235)) - omNode-3: found a subdirectory /home/runner/work/ozone/ozone/hadoop-ozone/integration-test/target/test-dir/MiniOzoneClusterImpl-9687bb22-1f81-4155-97c5-ed9e7781f5c1/omNode-3/ratis/c9bc4cf4-3bc3-3c60-a66b-523986131536
2022-02-14 09:19:58,641 [Time-limited test] INFO  server.RaftServer (RaftServerProxy.java:addNew(95)) - omNode-3: addNew group-523986131536:[omNode-3|rpc:localhost:32855|priority:0, omNode-1|rpc:localhost:41377|priority:0, omNode-2|rpc:localhost:39957|priority:0] returns group-523986131536:java.util.concurrent.CompletableFuture@3584e50f[Not completed]
2022-02-14 09:19:58,641 [Time-limited test] INFO  om.OzoneManager (OzoneManager.java:initializeRatisServer(1834)) - OzoneManager Ratis server initialized at port 32855
2022-02-14 09:19:58,641 [Time-limited test] INFO  ratis.OzoneManagerRatisServer (OzoneManagerRatisServer.java:start(554)) - Starting OzoneManagerRatisServer omNode-3 at port 32855
2022-02-14 09:19:58,641 [pool-490-thread-1] INFO  server.RaftServer$Division (RaftServerImpl.java:<init>(184)) - omNode-3: new RaftServerImpl for group-523986131536:[omNode-3|rpc:localhost:32855|priority:0, omNode-1|rpc:localhost:41377|priority:0, omNode-2|rpc:localhost:39957|priority:0] with OzoneManagerStateMachine:uninitialized
2022-02-14 09:19:58,643 [pool-490-thread-1] INFO  server.RaftServerConfigKeys (ConfUtils.java:logGet(44)) - raft.server.rpc.timeout.min = 1s (custom)
2022-02-14 09:19:58,643 [pool-490-thread-1] INFO  server.RaftServerConfigKeys (ConfUtils.java:logGet(44)) - raft.server.rpc.timeout.max = 1200ms (custom)
2022-02-14 09:19:58,643 [pool-490-thread-1] INFO  server.RaftServerConfigKeys (ConfUtils.java:logGet(44)) - raft.server.rpc.sleep.time = 25ms (default)
2022-02-14 09:19:58,643 [pool-490-thread-1] INFO  server.RaftServerConfigKeys (ConfUtils.java:logGet(44)) - raft.server.rpc.slowness.timeout = 2s (custom)
2022-02-14 09:19:58,643 [pool-490-thread-1] INFO  server.RaftServerConfigKeys (ConfUtils.java:logGet(44)) - raft.server.leaderelection.leader.step-down.wait-time = 10s (default)
2022-02-14 09:19:58,643 [pool-490-thread-1] INFO  server.RaftServerConfigKeys (ConfUtils.java:logGet(44)) - raft.server.sleep.deviation.threshold = 300ms (default)
2022-02-14 09:19:58,643 [pool-490-thread-1] INFO  server.RaftServerConfigKeys (ConfUtils.java:logGet(44)) - raft.server.log.appender.install.snapshot.enabled = false (custom)
2022-02-14 09:19:58,643 [pool-490-thread-1] INFO  server.RaftServer$Division (ServerState.java:<init>(105)) - omNode-3@group-523986131536: ConfigurationManager, init=-1: [omNode-3|rpc:localhost:32855|priority:0, omNode-1|rpc:localhost:41377|priority:0, omNode-2|rpc:localhost:39957|priority:0], old=null, confs=<EMPTY_MAP>
2022-02-14 09:19:58,643 [pool-490-thread-1] INFO  server.RaftServerConfigKeys (ConfUtils.java:logGet(44)) - raft.server.storage.dir = [/home/runner/work/ozone/ozone/hadoop-ozone/integration-test/target/test-dir/MiniOzoneClusterImpl-9687bb22-1f81-4155-97c5-ed9e7781f5c1/omNode-3/ratis] (custom)
2022-02-14 09:19:58,644 [pool-490-thread-1] INFO  server.RaftServerConfigKeys (ConfUtils.java:logGet(44)) - raft.server.log.corruption.policy = EXCEPTION (default)
2022-02-14 09:19:58,644 [pool-490-thread-1] INFO  server.RaftServerConfigKeys (ConfUtils.java:logGet(44)) - raft.server.storage.free-space.min = 0MB (=0) (default)
2022-02-14 09:19:58,645 [pool-490-thread-1] INFO  storage.RaftStorageDirectory (RaftStorageDirectoryImpl.java:tryLock(230)) - Lock on /home/runner/work/ozone/ozone/hadoop-ozone/integration-test/target/test-dir/MiniOzoneClusterImpl-9687bb22-1f81-4155-97c5-ed9e7781f5c1/omNode-3/ratis/c9bc4cf4-3bc3-3c60-a66b-523986131536/in_use.lock acquired by nodename 1675@fv-az12-997
2022-02-14 09:19:58,645 [pool-490-thread-1] INFO  storage.RaftStorage (RaftStorageImpl.java:analyzeAndRecoverStorage(110)) - Read RaftStorageMetadata{term=7, votedFor=omNode-3} from /home/runner/work/ozone/ozone/hadoop-ozone/integration-test/target/test-dir/MiniOzoneClusterImpl-9687bb22-1f81-4155-97c5-ed9e7781f5c1/omNode-3/ratis/c9bc4cf4-3bc3-3c60-a66b-523986131536/current/raft-meta
2022-02-14 09:19:58,646 [pool-490-thread-1] INFO  server.RaftServer$Division (ServerState.java:setRaftConf(387)) - omNode-3@group-523986131536: set configuration 411: [omNode-3|rpc:localhost:32855|admin:|client:|dataStream:|priority:0, omNode-1|rpc:localhost:41377|admin:|client:|dataStream:|priority:0, omNode-2|rpc:localhost:39957|admin:|client:|dataStream:|priority:0], old=null
2022-02-14 09:19:58,646 [pool-490-thread-1] INFO  server.RaftServerConfigKeys (ConfUtils.java:logGet(44)) - raft.server.notification.no-leader.timeout = 2s (custom)
2022-02-14 09:19:58,646 [pool-490-thread-1] INFO  server.RaftServerConfigKeys (ConfUtils.java:logGet(44)) - raft.server.log.use.memory = false (default)
2022-02-14 09:19:58,646 [pool-490-thread-1] INFO  server.RaftServerConfigKeys (ConfUtils.java:logGet(44)) - raft.server.log.purge.gap = 50 (custom)
2022-02-14 09:19:58,646 [pool-490-thread-1] INFO  server.RaftServerConfigKeys (ConfUtils.java:logGet(44)) - raft.server.log.appender.buffer.byte-limit = 33554432 (custom)
2022-02-14 09:19:58,646 [pool-490-thread-1] INFO  server.RaftServerConfigKeys (ConfUtils.java:logGet(44)) - raft.server.log.segment.size.max = 4194304 (custom)
2022-02-14 09:19:58,647 [pool-490-thread-1] INFO  server.RaftServerConfigKeys (ConfUtils.java:logGet(44)) - raft.server.log.segment.cache.num.max = 2 (custom)
2022-02-14 09:19:58,647 [pool-490-thread-1] INFO  server.RaftServerConfigKeys (ConfUtils.java:logGet(44)) - raft.server.log.segment.cache.size.max = 200MB (=209715200) (default)
2022-02-14 09:19:58,647 [pool-490-thread-1] INFO  segmented.SegmentedRaftLogWorker (SegmentedRaftLogWorker.java:<init>(182)) - new omNode-3@group-523986131536-SegmentedRaftLogWorker for RaftStorageImpl:Storage Directory /home/runner/work/ozone/ozone/hadoop-ozone/integration-test/target/test-dir/MiniOzoneClusterImpl-9687bb22-1f81-4155-97c5-ed9e7781f5c1/omNode-3/ratis/c9bc4cf4-3bc3-3c60-a66b-523986131536
2022-02-14 09:19:58,647 [pool-490-thread-1] INFO  server.RaftServerConfigKeys (ConfUtils.java:logGet(44)) - raft.server.log.queue.byte-limit = 64MB (=67108864) (default)
2022-02-14 09:19:58,647 [pool-490-thread-1] INFO  server.RaftServerConfigKeys (ConfUtils.java:logGet(44)) - raft.server.log.queue.element-limit = 4096 (default)
2022-02-14 09:19:58,647 [pool-490-thread-1] INFO  server.RaftServerConfigKeys (ConfUtils.java:logGet(44)) - raft.server.log.segment.size.max = 4194304 (custom)
2022-02-14 09:19:58,647 [pool-490-thread-1] INFO  server.RaftServerConfigKeys (ConfUtils.java:logGet(44)) - raft.server.log.preallocated.size = 4194304 (custom)
2022-02-14 09:19:58,647 [pool-490-thread-1] INFO  server.RaftServerConfigKeys (ConfUtils.java:logGet(44)) - raft.server.log.force.sync.num = 128 (default)
2022-02-14 09:19:58,647 [pool-490-thread-1] INFO  server.RaftServerConfigKeys (ConfUtils.java:logGet(44)) - raft.server.log.statemachine.data.sync = true (default)
2022-02-14 09:19:58,647 [pool-490-thread-1] INFO  server.RaftServerConfigKeys (ConfUtils.java:logGet(44)) - raft.server.log.statemachine.data.sync.timeout = 10s (default)
2022-02-14 09:19:58,647 [pool-490-thread-1] INFO  server.RaftServerConfigKeys (ConfUtils.java:logGet(44)) - raft.server.log.statemachine.data.sync.timeout.retry = -1 (default)
2022-02-14 09:19:58,648 [pool-490-thread-1] INFO  server.RaftServerConfigKeys (ConfUtils.java:logGet(44)) - raft.server.log.write.buffer.size = 64KB (=65536) (default)
2022-02-14 09:19:58,648 [pool-490-thread-1] INFO  server.RaftServerConfigKeys (ConfUtils.java:logGet(44)) - raft.server.log.statemachine.data.caching.enabled = false (default)
2022-02-14 09:19:58,649 [pool-490-thread-1] INFO  server.RaftServer$Division (ServerState.java:setRaftConf(387)) - omNode-3@group-523986131536: set configuration 411: [omNode-3|rpc:localhost:32855|admin:|client:|dataStream:|priority:0, omNode-1|rpc:localhost:41377|admin:|client:|dataStream:|priority:0, omNode-2|rpc:localhost:39957|admin:|client:|dataStream:|priority:0], old=null
2022-02-14 09:19:58,649 [pool-490-thread-1] INFO  segmented.LogSegment (LogSegment.java:loadSegment(173)) - Successfully read 2 entries from segment file /home/runner/work/ozone/ozone/hadoop-ozone/integration-test/target/test-dir/MiniOzoneClusterImpl-9687bb22-1f81-4155-97c5-ed9e7781f5c1/omNode-3/ratis/c9bc4cf4-3bc3-3c60-a66b-523986131536/current/log_inprogress_411
2022-02-14 09:19:58,650 [pool-490-thread-1] INFO  segmented.SegmentedRaftLogWorker (SegmentedRaftLogWorker.java:lambda$new$0(133)) - omNode-3@group-523986131536-SegmentedRaftLogWorker: flushIndex: setUnconditionally 0 -> 412
2022-02-14 09:19:58,650 [pool-490-thread-1] INFO  segmented.SegmentedRaftLogWorker (SegmentedRaftLogWorker.java:lambda$new$0(133)) - omNode-3@group-523986131536-SegmentedRaftLogWorker: safeCacheEvictIndex: setUnconditionally 0 -> -1
2022-02-14 09:19:58,653 [pool-490-thread-1] INFO  raftlog.RaftLog (RaftLogBase.java:lambda$new$0(53)) - omNode-3@group-523986131536-SegmentedRaftLog: commitIndex: updateToMax old=412, new=411, updated? false
2022-02-14 09:19:58,653 [pool-490-thread-1] INFO  raftlog.RaftLog (RaftLogBase.java:lambda$new$0(53)) - omNode-3@group-523986131536-SegmentedRaftLog: purgeIndex: updateIncreasingly -1 -> 410
2022-02-14 09:19:58,653 [pool-490-thread-1] INFO  server.RaftServerConfigKeys (ConfUtils.java:logGet(44)) - raft.server.snapshot.auto.trigger.enabled = true (custom)
2022-02-14 09:19:58,653 [pool-490-thread-1] INFO  server.RaftServerConfigKeys (ConfUtils.java:logGet(44)) - raft.server.snapshot.auto.trigger.threshold = 50 (custom)
2022-02-14 09:19:58,653 [pool-490-thread-1] INFO  server.RaftServerConfigKeys (ConfUtils.java:logGet(44)) - raft.server.snapshot.retention.file.num = -1 (default)
2022-02-14 09:19:58,653 [pool-490-thread-1] INFO  server.RaftServerConfigKeys (ConfUtils.java:logGet(44)) - raft.server.log.purge.upto.snapshot.index = true (custom)
2022-02-14 09:19:58,653 [pool-490-thread-1] INFO  server.RaftServerConfigKeys (ConfUtils.java:logGet(44)) - raft.server.retrycache.expirytime = 30000ms (custom)
2022-02-14 09:19:58,654 [pool-490-thread-1] INFO  server.RaftServerConfigKeys (ConfUtils.java:logGet(44)) - raft.server.retrycache.statistics.expirytime = 100μs (default)
2022-02-14 09:19:58,655 [Time-limited test] INFO  server.RaftServer$Division (RaftServerImpl.java:start(301)) - omNode-3@group-523986131536: start as a follower, conf=411: [omNode-3|rpc:localhost:32855|admin:|client:|dataStream:|priority:0, omNode-1|rpc:localhost:41377|admin:|client:|dataStream:|priority:0, omNode-2|rpc:localhost:39957|admin:|client:|dataStream:|priority:0], old=null
2022-02-14 09:19:58,655 [Time-limited test] INFO  server.RaftServer$Division (RaftServerImpl.java:setRole(290)) - omNode-3@group-523986131536: changes role from      null to FOLLOWER at term 7 for startAsFollower
2022-02-14 09:19:58,655 [Time-limited test] INFO  impl.RoleInfo (RoleInfo.java:updateAndGet(130)) - omNode-3: start omNode-3@group-523986131536-FollowerState
2022-02-14 09:19:58,655 [Time-limited test] INFO  util.JmxRegister (JmxRegister.java:tryRegister(44)) - Successfully registered JMX Bean with object name Ratis:service=RaftServer,group=group-523986131536,id=omNode-3
2022-02-14 09:19:58,656 [Time-limited test] INFO  server.RaftServer (RaftServerProxy.java:lambda$start$5(374)) - omNode-3: start RPC server
2022-02-14 09:19:58,657 [Time-limited test] INFO  server.GrpcService (GrpcService.java:startImpl(253)) - omNode-3: GrpcService started, listening on 32855
2022-02-14 09:19:58,658 [Time-limited test] INFO  ipc.CallQueueManager (CallQueueManager.java:<init>(90)) - Using callQueue: class java.util.concurrent.LinkedBlockingQueue, queueCapacity: 2000, scheduler: class org.apache.hadoop.ipc.DefaultRpcScheduler, ipcBackoff: false.
2022-02-14 09:19:58,658 [org.apache.ratis.util.JvmPauseMonitor$$Lambda$422/1688851596@79c1c3c3] INFO  util.JvmPauseMonitor (JvmPauseMonitor.java:run(103)) - JvmPauseMonitor-omNode-3: Started
2022-02-14 09:19:58,659 [Socket Reader #1 for port 42183] INFO  ipc.Server (Server.java:run(1265)) - Starting Socket Reader #1 for port 42183
2022-02-14 09:19:58,668 [Listener at localhost/42183] INFO  http.BaseHttpServer (BaseHttpServer.java:newHttpServer2BuilderForOzone(209)) - Starting Web-server for ozoneManager at: http://0.0.0.0:46357
2022-02-14 09:19:58,668 [Listener at localhost/42183] INFO  http.BaseHttpServer (BaseHttpServer.java:<init>(107)) - Hadoop Security Enabled: false Ozone Security Enabled: false Ozone HTTP Security Enabled: false 
2022-02-14 09:19:58,669 [Listener at localhost/42183] INFO  server.AuthenticationFilter (AuthenticationFilter.java:constructSecretProvider(240)) - Unable to initialize FileSignerSecretProvider, falling back to use random secrets.
2022-02-14 09:19:58,670 [Listener at localhost/42183] WARN  http.HttpRequestLog (HttpRequestLog.java:getRequestLog(103)) - Jetty request log can only be enabled using Log4j
2022-02-14 09:19:58,671 [Listener at localhost/42183] INFO  http.HttpServer2 (HttpServer2.java:addGlobalFilter(1030)) - Added global filter 'safety' (class=org.apache.hadoop.hdds.server.http.HttpServer2$QuotingInputFilter)
2022-02-14 09:19:58,671 [Listener at localhost/42183] INFO  http.HttpServer2 (HttpServer2.java:addFilter(1006)) - Added filter static_user_filter (class=org.apache.hadoop.http.lib.StaticUserWebFilter$StaticUserFilter) to context ozoneManager
2022-02-14 09:19:58,671 [Listener at localhost/42183] INFO  http.HttpServer2 (HttpServer2.java:addFilter(1014)) - Added filter static_user_filter (class=org.apache.hadoop.http.lib.StaticUserWebFilter$StaticUserFilter) to context logs
2022-02-14 09:19:58,671 [Listener at localhost/42183] INFO  http.HttpServer2 (HttpServer2.java:addFilter(1014)) - Added filter static_user_filter (class=org.apache.hadoop.http.lib.StaticUserWebFilter$StaticUserFilter) to context static
2022-02-14 09:19:58,672 [Listener at localhost/42183] INFO  http.HttpServer2 (HttpServer2.java:bindListener(1249)) - Jetty bound to port 46357
2022-02-14 09:19:58,672 [Listener at localhost/42183] INFO  server.Server (Server.java:doStart(375)) - jetty-9.4.43.v20210629; built: 2021-06-30T11:07:22.254Z; git: 526006ecfa3af7f1a27ef3a288e2bef7ea9dd7e8; jvm 1.8.0_312-b07
2022-02-14 09:19:58,674 [Listener at localhost/42183] INFO  server.session (DefaultSessionIdManager.java:doStart(334)) - DefaultSessionIdManager workerName=node0
2022-02-14 09:19:58,674 [Listener at localhost/42183] INFO  server.session (DefaultSessionIdManager.java:doStart(339)) - No SessionScavenger set, using defaults
2022-02-14 09:19:58,674 [Listener at localhost/42183] INFO  server.session (HouseKeeper.java:startScavenging(132)) - node0 Scavenging every 660000ms
2022-02-14 09:19:58,675 [Listener at localhost/42183] INFO  handler.ContextHandler (ContextHandler.java:doStart(915)) - Started o.e.j.s.ServletContextHandler@4f25a9bf{logs,/logs,file:///home/runner/work/ozone/ozone/hadoop-ozone/integration-test/target/log,AVAILABLE}
2022-02-14 09:19:58,675 [Listener at localhost/42183] INFO  handler.ContextHandler (ContextHandler.java:doStart(915)) - Started o.e.j.s.ServletContextHandler@73267dac{static,/static,file:///home/runner/work/ozone/ozone/hadoop-ozone/integration-test/target/test-classes/webapps/static,AVAILABLE}
2022-02-14 09:19:58,678 [Listener at localhost/42183] INFO  handler.ContextHandler (ContextHandler.java:doStart(915)) - Started o.e.j.w.WebAppContext@7c2996ce{ozoneManager,/,file:///home/runner/work/ozone/ozone/hadoop-ozone/integration-test/target/test-classes/webapps/ozoneManager/,AVAILABLE}{file:/home/runner/work/ozone/ozone/hadoop-ozone/integration-test/target/test-classes/webapps/ozoneManager}
2022-02-14 09:19:58,680 [Listener at localhost/42183] INFO  server.AbstractConnector (AbstractConnector.java:doStart(331)) - Started ServerConnector@3c30f577{HTTP/1.1, (http/1.1)}{0.0.0.0:46357}
2022-02-14 09:19:58,680 [Listener at localhost/42183] INFO  server.Server (Server.java:doStart(415)) - Started @84850ms
2022-02-14 09:19:58,680 [Listener at localhost/42183] WARN  impl.MetricsSystemImpl (MetricsSystemImpl.java:register(279)) - Sink prometheus already exists!
2022-02-14 09:19:58,684 [Listener at localhost/42183] INFO  http.BaseHttpServer (BaseHttpServer.java:updateConnectorAddress(329)) - HTTP server of ozoneManager listening at http://0.0.0.0:46357
2022-02-14 09:19:58,685 [IPC Server Responder] INFO  ipc.Server (Server.java:run(1507)) - IPC Server Responder: starting
2022-02-14 09:19:58,685 [IPC Server listener on 42183] INFO  ipc.Server (Server.java:run(1344)) - IPC Server listener on 42183: starting
2022-02-14 09:19:58,687 [Listener at localhost/42183] INFO  om.OzoneManager (OzoneManager.java:startTrashEmptier(1792)) - Trash Interval set to 0. Files deleted will not move to trash
2022-02-14 09:19:58,689 [Listener at localhost/42183] INFO  om.OzoneManager (OzoneManager.java:stop(1893)) - omNode-1[localhost:41287]: Stopping Ozone Manager
2022-02-14 09:19:58,689 [Listener at localhost/42183] INFO  ipc.Server (Server.java:stop(3414)) - Stopping server on 41287
2022-02-14 09:19:58,697 [IPC Server listener on 41287] INFO  ipc.Server (Server.java:run(1376)) - Stopping IPC Server listener on 41287
2022-02-14 09:19:58,698 [IPC Server Responder] INFO  ipc.Server (Server.java:run(1512)) - Stopping IPC Server Responder
2022-02-14 09:19:58,698 [Listener at localhost/42183] INFO  server.RaftServer (RaftServerProxy.java:lambda$close$6(391)) - omNode-1: close
2022-02-14 09:19:58,698 [Listener at localhost/42183] INFO  server.RaftServer$Division (RaftServerImpl.java:lambda$close$4(412)) - omNode-1@group-523986131536: shutdown
2022-02-14 09:19:58,698 [Listener at localhost/42183] INFO  util.JmxRegister (JmxRegister.java:unregister(73)) - Successfully un-registered JMX Bean with object name Ratis:service=RaftServer,group=group-523986131536,id=omNode-1
2022-02-14 09:19:58,698 [Listener at localhost/42183] INFO  impl.RoleInfo (RoleInfo.java:shutdownFollowerState(108)) - omNode-1: shutdown omNode-1@group-523986131536-FollowerState
2022-02-14 09:19:58,698 [Listener at localhost/42183] INFO  impl.StateMachineUpdater (StateMachineUpdater.java:stopAndJoin(149)) - omNode-1@group-523986131536-StateMachineUpdater: set stopIndex = 412
2022-02-14 09:19:58,699 [omNode-1@group-523986131536-FollowerState] INFO  impl.FollowerState (FollowerState.java:run(143)) - omNode-1@group-523986131536-FollowerState was interrupted: {}
java.lang.InterruptedException: sleep interrupted
	at java.lang.Thread.sleep(Native Method)
	at java.lang.Thread.sleep(Thread.java:340)
	at java.util.concurrent.TimeUnit.sleep(TimeUnit.java:386)
	at org.apache.ratis.util.TimeDuration.sleep(TimeDuration.java:324)
	at org.apache.ratis.util.TimeDuration.sleep(TimeDuration.java:309)
	at org.apache.ratis.server.impl.FollowerState.run(FollowerState.java:118)
2022-02-14 09:19:58,699 [omNode-1@group-523986131536-StateMachineUpdater] INFO  ratis.OzoneManagerStateMachine (OzoneManagerStateMachine.java:takeSnapshot(417)) - Current Snapshot Index (t:7, i:412)
2022-02-14 09:19:58,699 [omNode-1@group-523986131536-StateMachineUpdater] INFO  impl.StateMachineUpdater (StateMachineUpdater.java:takeSnapshot(281)) - omNode-1@group-523986131536-StateMachineUpdater: Took a snapshot at index 412
2022-02-14 09:19:58,699 [omNode-1@group-523986131536-StateMachineUpdater] INFO  impl.StateMachineUpdater (StateMachineUpdater.java:lambda$new$0(89)) - omNode-1@group-523986131536-StateMachineUpdater: snapshotIndex: updateIncreasingly 407 -> 412
2022-02-14 09:19:58,699 [omNode-1@group-523986131536-StateMachineUpdater] INFO  raftlog.RaftLog (RaftLogBase.java:purge(306)) - omNode-1@group-523986131536-SegmentedRaftLog: purge 412
2022-02-14 09:19:58,699 [omNode-1@group-523986131536-StateMachineUpdater] INFO  raftlog.RaftLog (RaftLogBase.java:lambda$new$0(53)) - omNode-1@group-523986131536-SegmentedRaftLog: snapshotIndex: updateIncreasingly 407 -> 412
2022-02-14 09:19:58,699 [omNode-1@group-523986131536-StateMachineUpdater] INFO  ratis.OzoneManagerStateMachine (OzoneManagerStateMachine.java:close(471)) - StateMachine has shutdown. Shutdown OzoneManager if not already shutdown.
2022-02-14 09:19:58,697 [org.apache.hadoop.util.JvmPauseMonitor$Monitor@2436a1c9] INFO  util.JvmPauseMonitor (JvmPauseMonitor.java:run(188)) - Starting JVM pause monitor
2022-02-14 09:19:58,699 [omNode-1@group-523986131536-SegmentedRaftLogWorker] INFO  raftlog.RaftLog (RaftLogBase.java:lambda$new$0(53)) - omNode-1@group-523986131536-SegmentedRaftLog: purgeIndex: updateToMax old=358, new=410, updated? true
2022-02-14 09:19:58,700 [Listener at localhost/42183] INFO  server.RaftServer$Division (ServerState.java:close(419)) - omNode-1@group-523986131536: closes. applyIndex: 412
2022-02-14 09:19:58,700 [omNode-1@group-523986131536-SegmentedRaftLogWorker] INFO  segmented.SegmentedRaftLogWorker (SegmentedRaftLogWorker.java:run(327)) - omNode-1@group-523986131536-SegmentedRaftLogWorker was interrupted, exiting. There are 0 tasks remaining in the queue.
2022-02-14 09:19:58,701 [Listener at localhost/42183] INFO  segmented.SegmentedRaftLogWorker (SegmentedRaftLogWorker.java:close(237)) - omNode-1@group-523986131536-SegmentedRaftLogWorker close()
2022-02-14 09:19:58,702 [Listener at localhost/42183] INFO  server.GrpcService (GrpcService.java:closeImpl(262)) - omNode-1: shutdown server with port 41377 now
2022-02-14 09:19:58,703 [Listener at localhost/42183] INFO  server.GrpcService (GrpcService.java:closeImpl(271)) - omNode-1: shutdown server with port 41377 successfully
2022-02-14 09:19:58,703 [org.apache.ratis.util.JvmPauseMonitor$$Lambda$422/1688851596@4f7cde83] INFO  util.JvmPauseMonitor (JvmPauseMonitor.java:run(109)) - JvmPauseMonitor-omNode-1: Stopped
2022-02-14 09:19:58,703 [Listener at localhost/42183] INFO  ratis.OzoneManagerDoubleBuffer (OzoneManagerDoubleBuffer.java:stop(437)) - Stopping OMDoubleBuffer flush thread
2022-02-14 09:19:58,703 [OMDoubleBufferFlushThread] INFO  ratis.OzoneManagerDoubleBuffer (OzoneManagerDoubleBuffer.java:flushTransactions(356)) - OMDoubleBuffer flush thread OMDoubleBufferFlushThread is interrupted and will exit. OMDoubleBufferFlushThread
2022-02-14 09:19:58,704 [Listener at localhost/42183] INFO  handler.ContextHandler (ContextHandler.java:doStop(1153)) - Stopped o.e.j.w.WebAppContext@294a8a92{ozoneManager,/,null,STOPPED}{file:/home/runner/work/ozone/ozone/hadoop-ozone/integration-test/target/test-classes/webapps/ozoneManager}
2022-02-14 09:19:58,705 [Listener at localhost/42183] INFO  server.AbstractConnector (AbstractConnector.java:doStop(381)) - Stopped ServerConnector@5f51b785{HTTP/1.1, (http/1.1)}{0.0.0.0:33785}
2022-02-14 09:19:58,706 [Listener at localhost/42183] INFO  server.session (HouseKeeper.java:stopScavenging(149)) - node0 Stopped scavenging
2022-02-14 09:19:58,706 [Listener at localhost/42183] INFO  handler.ContextHandler (ContextHandler.java:doStop(1153)) - Stopped o.e.j.s.ServletContextHandler@5239e966{static,/static,file:///home/runner/work/ozone/ozone/hadoop-ozone/integration-test/target/test-classes/webapps/static,STOPPED}
2022-02-14 09:19:58,706 [Listener at localhost/42183] INFO  handler.ContextHandler (ContextHandler.java:doStop(1153)) - Stopped o.e.j.s.ServletContextHandler@7142d57c{logs,/logs,file:///home/runner/work/ozone/ozone/hadoop-ozone/integration-test/target/log,STOPPED}
2022-02-14 09:19:58,709 [Listener at localhost/42183] INFO  om.OzoneManager (OzoneManager.java:restart(1451)) - OzoneManager RPC server is listening at localhost/127.0.0.1:41287
2022-02-14 09:19:58,709 [Listener at localhost/42183] INFO  impl.MetricsSystemImpl (MetricsSystemImpl.java:init(158)) - OzoneManager metrics system started (again)
2022-02-14 09:19:58,724 [Listener at localhost/42183] WARN  server.ServerUtils (ServerUtils.java:getDBPath(225)) - ozone.om.db.dirs is not configured. We recommend adding this setting. Falling back to ozone.metadata.dirs instead.
2022-02-14 09:19:58,724 [Listener at localhost/42183] INFO  codec.OmKeyInfoCodec (OmKeyInfoCodec.java:<init>(50)) - OmKeyInfoCodec ignorePipeline = true
2022-02-14 09:19:58,725 [Listener at localhost/42183] INFO  codec.RepeatedOmKeyInfoCodec (RepeatedOmKeyInfoCodec.java:<init>(42)) - RepeatedOmKeyInfoCodec ignorePipeline = true
2022-02-14 09:19:58,785 [Listener at localhost/42183] WARN  impl.MetricRegistriesImpl (MetricRegistriesImpl.java:addReporterRegistration(111)) - New reporters are added after registries were created. Some metrics will be missing from the reporter. Please add reporter before adding any new registry.
2022-02-14 09:19:58,785 [Listener at localhost/42183] WARN  impl.MetricRegistriesImpl (MetricRegistriesImpl.java:addReporterRegistration(111)) - New reporters are added after registries were created. Some metrics will be missing from the reporter. Please add reporter before adding any new registry.
2022-02-14 09:19:58,785 [Listener at localhost/42183] WARN  server.ServerUtils (ServerUtils.java:getDefaultRatisDirectory(237)) - Storage directory for Ratis is not configured. It is a good idea to map this to an SSD disk. Falling back to ozone.metadata.dirs
2022-02-14 09:19:58,786 [Listener at localhost/42183] INFO  ratis.OzoneManagerRatisServer (OzoneManagerRatisServer.java:<init>(159)) - Instantiating OM Ratis server with groupID: om-service-test1 and peers: localhost:41377, localhost:32855, localhost:39957
2022-02-14 09:19:58,787 [Listener at localhost/42183] INFO  ratis.OzoneManagerStateMachine (OzoneManagerStateMachine.java:loadSnapshotInfoFromDB(605)) - LastAppliedIndex is set from TransactionInfo from OM DB as (t:7, i:412)
2022-02-14 09:19:58,790 [Listener at localhost/42183] INFO  server.RaftServer (ConfUtils.java:logGet(44)) - raft.rpc.type = GRPC (default)
2022-02-14 09:19:58,791 [Listener at localhost/42183] INFO  grpc.GrpcFactory (GrpcFactory.java:checkPooledByteBufAllocatorUseCacheForAllThreads(48)) - PERFORMANCE WARNING: useCacheForAllThreads is true that may cause Netty to create a lot garbage objects and, as a result, trigger GC.
	It is recommended to disable useCacheForAllThreads by setting -Dorg.apache.ratis.thirdparty.io.netty.allocator.useCacheForAllThreads=false in command line.
2022-02-14 09:19:58,791 [Listener at localhost/42183] INFO  grpc.GrpcConfigKeys (ConfUtils.java:logGet(44)) - raft.grpc.admin.port = -1 (default)
2022-02-14 09:19:58,791 [Listener at localhost/42183] INFO  grpc.GrpcConfigKeys (ConfUtils.java:logGet(44)) - raft.grpc.server.port = 41377 (custom)
2022-02-14 09:19:58,791 [Listener at localhost/42183] INFO  grpc.GrpcConfigKeys (ConfUtils.java:logGet(44)) - raft.grpc.client.port = -1 (default)
2022-02-14 09:19:58,791 [Listener at localhost/42183] INFO  grpc.GrpcConfigKeys (ConfUtils.java:logGet(44)) - raft.grpc.server.port = 41377 (custom)
2022-02-14 09:19:58,791 [Listener at localhost/42183] INFO  grpc.GrpcConfigKeys (ConfUtils.java:logGet(44)) - raft.grpc.server.port = 41377 (custom)
2022-02-14 09:19:58,791 [Listener at localhost/42183] INFO  server.GrpcService (ConfUtils.java:logGet(44)) - raft.grpc.message.size.max = 33554432 (custom)
2022-02-14 09:19:58,791 [Listener at localhost/42183] INFO  server.RaftServerConfigKeys (ConfUtils.java:logGet(44)) - raft.server.log.appender.buffer.byte-limit = 33554432 (custom)
2022-02-14 09:19:58,791 [Listener at localhost/42183] INFO  server.GrpcService (ConfUtils.java:logGet(44)) - raft.grpc.flow.control.window = 1MB (=1048576) (default)
2022-02-14 09:19:58,791 [Listener at localhost/42183] INFO  server.RaftServerConfigKeys (ConfUtils.java:logGet(44)) - raft.server.rpc.request.timeout = 3000ms (default)
2022-02-14 09:19:58,793 [Listener at localhost/42183] INFO  impl.DataStreamServerImpl (ConfUtils.java:logGet(44)) - raft.datastream.type = DISABLED (default)
2022-02-14 09:19:58,793 [Listener at localhost/42183] INFO  server.RaftServerConfigKeys (ConfUtils.java:logGet(44)) - raft.server.rpc.slowness.timeout = 2s (custom)
2022-02-14 09:19:58,793 [Listener at localhost/42183] INFO  server.RaftServerConfigKeys (ConfUtils.java:logGet(44)) - raft.server.leaderelection.leader.step-down.wait-time = 10s (default)
2022-02-14 09:19:58,793 [Listener at localhost/42183] INFO  server.RaftServerConfigKeys (ConfUtils.java:logGet(44)) - raft.server.storage.dir = [/home/runner/work/ozone/ozone/hadoop-ozone/integration-test/target/test-dir/MiniOzoneClusterImpl-9687bb22-1f81-4155-97c5-ed9e7781f5c1/omNode-1/ratis] (custom)
2022-02-14 09:19:58,793 [Listener at localhost/42183] INFO  server.RaftServer (RaftServerProxy.java:lambda$null$1(235)) - omNode-1: found a subdirectory /home/runner/work/ozone/ozone/hadoop-ozone/integration-test/target/test-dir/MiniOzoneClusterImpl-9687bb22-1f81-4155-97c5-ed9e7781f5c1/omNode-1/ratis/c9bc4cf4-3bc3-3c60-a66b-523986131536
2022-02-14 09:19:58,793 [Listener at localhost/42183] INFO  server.RaftServer (RaftServerProxy.java:addNew(95)) - omNode-1: addNew group-523986131536:[omNode-3|rpc:localhost:32855|priority:0, omNode-1|rpc:localhost:41377|priority:0, omNode-2|rpc:localhost:39957|priority:0] returns group-523986131536:java.util.concurrent.CompletableFuture@5fffa4b4[Not completed]
2022-02-14 09:19:58,794 [Listener at localhost/42183] INFO  om.OzoneManager (OzoneManager.java:initializeRatisServer(1834)) - OzoneManager Ratis server initialized at port 41377
2022-02-14 09:19:58,794 [Listener at localhost/42183] INFO  ratis.OzoneManagerRatisServer (OzoneManagerRatisServer.java:start(554)) - Starting OzoneManagerRatisServer omNode-1 at port 41377
2022-02-14 09:19:58,794 [pool-510-thread-1] INFO  server.RaftServer$Division (RaftServerImpl.java:<init>(184)) - omNode-1: new RaftServerImpl for group-523986131536:[omNode-3|rpc:localhost:32855|priority:0, omNode-1|rpc:localhost:41377|priority:0, omNode-2|rpc:localhost:39957|priority:0] with OzoneManagerStateMachine:uninitialized
2022-02-14 09:19:58,795 [pool-510-thread-1] INFO  server.RaftServerConfigKeys (ConfUtils.java:logGet(44)) - raft.server.rpc.timeout.min = 1s (custom)
2022-02-14 09:19:58,795 [pool-510-thread-1] INFO  server.RaftServerConfigKeys (ConfUtils.java:logGet(44)) - raft.server.rpc.timeout.max = 1200ms (custom)
2022-02-14 09:19:58,795 [pool-510-thread-1] INFO  server.RaftServerConfigKeys (ConfUtils.java:logGet(44)) - raft.server.rpc.sleep.time = 25ms (default)
2022-02-14 09:19:58,795 [pool-510-thread-1] INFO  server.RaftServerConfigKeys (ConfUtils.java:logGet(44)) - raft.server.rpc.slowness.timeout = 2s (custom)
2022-02-14 09:19:58,795 [pool-510-thread-1] INFO  server.RaftServerConfigKeys (ConfUtils.java:logGet(44)) - raft.server.leaderelection.leader.step-down.wait-time = 10s (default)
2022-02-14 09:19:58,795 [pool-510-thread-1] INFO  server.RaftServerConfigKeys (ConfUtils.java:logGet(44)) - raft.server.sleep.deviation.threshold = 300ms (default)
2022-02-14 09:19:58,795 [pool-510-thread-1] INFO  server.RaftServerConfigKeys (ConfUtils.java:logGet(44)) - raft.server.log.appender.install.snapshot.enabled = false (custom)
2022-02-14 09:19:58,795 [pool-510-thread-1] INFO  server.RaftServer$Division (ServerState.java:<init>(105)) - omNode-1@group-523986131536: ConfigurationManager, init=-1: [omNode-3|rpc:localhost:32855|priority:0, omNode-1|rpc:localhost:41377|priority:0, omNode-2|rpc:localhost:39957|priority:0], old=null, confs=<EMPTY_MAP>
2022-02-14 09:19:58,795 [pool-510-thread-1] INFO  server.RaftServerConfigKeys (ConfUtils.java:logGet(44)) - raft.server.storage.dir = [/home/runner/work/ozone/ozone/hadoop-ozone/integration-test/target/test-dir/MiniOzoneClusterImpl-9687bb22-1f81-4155-97c5-ed9e7781f5c1/omNode-1/ratis] (custom)
2022-02-14 09:19:58,795 [pool-510-thread-1] INFO  server.RaftServerConfigKeys (ConfUtils.java:logGet(44)) - raft.server.log.corruption.policy = EXCEPTION (default)
2022-02-14 09:19:58,796 [pool-510-thread-1] INFO  server.RaftServerConfigKeys (ConfUtils.java:logGet(44)) - raft.server.storage.free-space.min = 0MB (=0) (default)
2022-02-14 09:19:58,797 [pool-510-thread-1] INFO  storage.RaftStorageDirectory (RaftStorageDirectoryImpl.java:tryLock(230)) - Lock on /home/runner/work/ozone/ozone/hadoop-ozone/integration-test/target/test-dir/MiniOzoneClusterImpl-9687bb22-1f81-4155-97c5-ed9e7781f5c1/omNode-1/ratis/c9bc4cf4-3bc3-3c60-a66b-523986131536/in_use.lock acquired by nodename 1675@fv-az12-997
2022-02-14 09:19:58,797 [pool-510-thread-1] INFO  storage.RaftStorage (RaftStorageImpl.java:analyzeAndRecoverStorage(110)) - Read RaftStorageMetadata{term=7, votedFor=omNode-3} from /home/runner/work/ozone/ozone/hadoop-ozone/integration-test/target/test-dir/MiniOzoneClusterImpl-9687bb22-1f81-4155-97c5-ed9e7781f5c1/omNode-1/ratis/c9bc4cf4-3bc3-3c60-a66b-523986131536/current/raft-meta
2022-02-14 09:19:58,798 [pool-510-thread-1] INFO  server.RaftServer$Division (ServerState.java:setRaftConf(387)) - omNode-1@group-523986131536: set configuration 411: [omNode-3|rpc:localhost:32855|admin:|client:|dataStream:|priority:0, omNode-1|rpc:localhost:41377|admin:|client:|dataStream:|priority:0, omNode-2|rpc:localhost:39957|admin:|client:|dataStream:|priority:0], old=null
2022-02-14 09:19:58,798 [pool-510-thread-1] INFO  server.RaftServerConfigKeys (ConfUtils.java:logGet(44)) - raft.server.notification.no-leader.timeout = 2s (custom)
2022-02-14 09:19:58,798 [pool-510-thread-1] INFO  server.RaftServerConfigKeys (ConfUtils.java:logGet(44)) - raft.server.log.use.memory = false (default)
2022-02-14 09:19:58,798 [pool-510-thread-1] INFO  server.RaftServerConfigKeys (ConfUtils.java:logGet(44)) - raft.server.log.purge.gap = 50 (custom)
2022-02-14 09:19:58,798 [pool-510-thread-1] INFO  server.RaftServerConfigKeys (ConfUtils.java:logGet(44)) - raft.server.log.appender.buffer.byte-limit = 33554432 (custom)
2022-02-14 09:19:58,799 [pool-510-thread-1] INFO  server.RaftServerConfigKeys (ConfUtils.java:logGet(44)) - raft.server.log.segment.size.max = 4194304 (custom)
2022-02-14 09:19:58,799 [pool-510-thread-1] INFO  server.RaftServerConfigKeys (ConfUtils.java:logGet(44)) - raft.server.log.segment.cache.num.max = 2 (custom)
2022-02-14 09:19:58,799 [pool-510-thread-1] INFO  server.RaftServerConfigKeys (ConfUtils.java:logGet(44)) - raft.server.log.segment.cache.size.max = 200MB (=209715200) (default)
2022-02-14 09:19:58,799 [pool-510-thread-1] INFO  segmented.SegmentedRaftLogWorker (SegmentedRaftLogWorker.java:<init>(182)) - new omNode-1@group-523986131536-SegmentedRaftLogWorker for RaftStorageImpl:Storage Directory /home/runner/work/ozone/ozone/hadoop-ozone/integration-test/target/test-dir/MiniOzoneClusterImpl-9687bb22-1f81-4155-97c5-ed9e7781f5c1/omNode-1/ratis/c9bc4cf4-3bc3-3c60-a66b-523986131536
2022-02-14 09:19:58,799 [pool-510-thread-1] INFO  server.RaftServerConfigKeys (ConfUtils.java:logGet(44)) - raft.server.log.queue.byte-limit = 64MB (=67108864) (default)
2022-02-14 09:19:58,799 [pool-510-thread-1] INFO  server.RaftServerConfigKeys (ConfUtils.java:logGet(44)) - raft.server.log.queue.element-limit = 4096 (default)
2022-02-14 09:19:58,799 [pool-510-thread-1] INFO  server.RaftServerConfigKeys (ConfUtils.java:logGet(44)) - raft.server.log.segment.size.max = 4194304 (custom)
2022-02-14 09:19:58,799 [pool-510-thread-1] INFO  server.RaftServerConfigKeys (ConfUtils.java:logGet(44)) - raft.server.log.preallocated.size = 4194304 (custom)
2022-02-14 09:19:58,800 [pool-510-thread-1] INFO  server.RaftServerConfigKeys (ConfUtils.java:logGet(44)) - raft.server.log.force.sync.num = 128 (default)
2022-02-14 09:19:58,800 [pool-510-thread-1] INFO  server.RaftServerConfigKeys (ConfUtils.java:logGet(44)) - raft.server.log.statemachine.data.sync = true (default)
2022-02-14 09:19:58,800 [pool-510-thread-1] INFO  server.RaftServerConfigKeys (ConfUtils.java:logGet(44)) - raft.server.log.statemachine.data.sync.timeout = 10s (default)
2022-02-14 09:19:58,800 [pool-510-thread-1] INFO  server.RaftServerConfigKeys (ConfUtils.java:logGet(44)) - raft.server.log.statemachine.data.sync.timeout.retry = -1 (default)
2022-02-14 09:19:58,801 [pool-510-thread-1] INFO  server.RaftServerConfigKeys (ConfUtils.java:logGet(44)) - raft.server.log.write.buffer.size = 64KB (=65536) (default)
2022-02-14 09:19:58,801 [pool-510-thread-1] INFO  server.RaftServerConfigKeys (ConfUtils.java:logGet(44)) - raft.server.log.statemachine.data.caching.enabled = false (default)
2022-02-14 09:19:58,801 [pool-510-thread-1] INFO  server.RaftServer$Division (ServerState.java:setRaftConf(387)) - omNode-1@group-523986131536: set configuration 411: [omNode-3|rpc:localhost:32855|admin:|client:|dataStream:|priority:0, omNode-1|rpc:localhost:41377|admin:|client:|dataStream:|priority:0, omNode-2|rpc:localhost:39957|admin:|client:|dataStream:|priority:0], old=null
2022-02-14 09:19:58,802 [pool-510-thread-1] INFO  segmented.LogSegment (LogSegment.java:loadSegment(173)) - Successfully read 2 entries from segment file /home/runner/work/ozone/ozone/hadoop-ozone/integration-test/target/test-dir/MiniOzoneClusterImpl-9687bb22-1f81-4155-97c5-ed9e7781f5c1/omNode-1/ratis/c9bc4cf4-3bc3-3c60-a66b-523986131536/current/log_inprogress_411
2022-02-14 09:19:58,802 [pool-510-thread-1] INFO  segmented.SegmentedRaftLogWorker (SegmentedRaftLogWorker.java:lambda$new$0(133)) - omNode-1@group-523986131536-SegmentedRaftLogWorker: flushIndex: setUnconditionally 0 -> 412
2022-02-14 09:19:58,802 [pool-510-thread-1] INFO  segmented.SegmentedRaftLogWorker (SegmentedRaftLogWorker.java:lambda$new$0(133)) - omNode-1@group-523986131536-SegmentedRaftLogWorker: safeCacheEvictIndex: setUnconditionally 0 -> -1
2022-02-14 09:19:58,802 [pool-510-thread-1] INFO  raftlog.RaftLog (RaftLogBase.java:lambda$new$0(53)) - omNode-1@group-523986131536-SegmentedRaftLog: commitIndex: updateToMax old=412, new=411, updated? false
2022-02-14 09:19:58,802 [pool-510-thread-1] INFO  raftlog.RaftLog (RaftLogBase.java:lambda$new$0(53)) - omNode-1@group-523986131536-SegmentedRaftLog: purgeIndex: updateIncreasingly -1 -> 410
2022-02-14 09:19:58,802 [pool-510-thread-1] INFO  server.RaftServerConfigKeys (ConfUtils.java:logGet(44)) - raft.server.snapshot.auto.trigger.enabled = true (custom)
2022-02-14 09:19:58,802 [pool-510-thread-1] INFO  server.RaftServerConfigKeys (ConfUtils.java:logGet(44)) - raft.server.snapshot.auto.trigger.threshold = 50 (custom)
2022-02-14 09:19:58,802 [pool-510-thread-1] INFO  server.RaftServerConfigKeys (ConfUtils.java:logGet(44)) - raft.server.snapshot.retention.file.num = -1 (default)
2022-02-14 09:19:58,803 [pool-510-thread-1] INFO  server.RaftServerConfigKeys (ConfUtils.java:logGet(44)) - raft.server.log.purge.upto.snapshot.index = true (custom)
2022-02-14 09:19:58,803 [pool-510-thread-1] INFO  server.RaftServerConfigKeys (ConfUtils.java:logGet(44)) - raft.server.retrycache.expirytime = 30000ms (custom)
2022-02-14 09:19:58,803 [pool-510-thread-1] INFO  server.RaftServerConfigKeys (ConfUtils.java:logGet(44)) - raft.server.retrycache.statistics.expirytime = 100μs (default)
2022-02-14 09:19:58,804 [Listener at localhost/42183] INFO  server.RaftServer$Division (RaftServerImpl.java:start(301)) - omNode-1@group-523986131536: start as a follower, conf=411: [omNode-3|rpc:localhost:32855|admin:|client:|dataStream:|priority:0, omNode-1|rpc:localhost:41377|admin:|client:|dataStream:|priority:0, omNode-2|rpc:localhost:39957|admin:|client:|dataStream:|priority:0], old=null
2022-02-14 09:19:58,804 [Listener at localhost/42183] INFO  server.RaftServer$Division (RaftServerImpl.java:setRole(290)) - omNode-1@group-523986131536: changes role from      null to FOLLOWER at term 7 for startAsFollower
2022-02-14 09:19:58,804 [Listener at localhost/42183] INFO  impl.RoleInfo (RoleInfo.java:updateAndGet(130)) - omNode-1: start omNode-1@group-523986131536-FollowerState
2022-02-14 09:19:58,804 [Listener at localhost/42183] INFO  util.JmxRegister (JmxRegister.java:tryRegister(44)) - Successfully registered JMX Bean with object name Ratis:service=RaftServer,group=group-523986131536,id=omNode-1
2022-02-14 09:19:58,808 [Listener at localhost/42183] INFO  server.RaftServer (RaftServerProxy.java:lambda$start$5(374)) - omNode-1: start RPC server
2022-02-14 09:19:58,809 [Listener at localhost/42183] INFO  server.GrpcService (GrpcService.java:startImpl(253)) - omNode-1: GrpcService started, listening on 41377
2022-02-14 09:19:58,809 [org.apache.ratis.util.JvmPauseMonitor$$Lambda$422/1688851596@2ee97e3d] INFO  util.JvmPauseMonitor (JvmPauseMonitor.java:run(103)) - JvmPauseMonitor-omNode-1: Started
2022-02-14 09:19:58,809 [Listener at localhost/42183] INFO  ipc.CallQueueManager (CallQueueManager.java:<init>(90)) - Using callQueue: class java.util.concurrent.LinkedBlockingQueue, queueCapacity: 2000, scheduler: class org.apache.hadoop.ipc.DefaultRpcScheduler, ipcBackoff: false.
2022-02-14 09:19:58,810 [Socket Reader #1 for port 41287] INFO  ipc.Server (Server.java:run(1265)) - Starting Socket Reader #1 for port 41287
2022-02-14 09:19:58,813 [Listener at localhost/41287] INFO  http.BaseHttpServer (BaseHttpServer.java:newHttpServer2BuilderForOzone(209)) - Starting Web-server for ozoneManager at: http://0.0.0.0:33785
2022-02-14 09:19:58,813 [Listener at localhost/41287] INFO  http.BaseHttpServer (BaseHttpServer.java:<init>(107)) - Hadoop Security Enabled: false Ozone Security Enabled: false Ozone HTTP Security Enabled: false 
2022-02-14 09:19:58,818 [Listener at localhost/41287] INFO  server.AuthenticationFilter (AuthenticationFilter.java:constructSecretProvider(240)) - Unable to initialize FileSignerSecretProvider, falling back to use random secrets.
2022-02-14 09:19:58,818 [Listener at localhost/41287] WARN  http.HttpRequestLog (HttpRequestLog.java:getRequestLog(103)) - Jetty request log can only be enabled using Log4j
2022-02-14 09:19:58,819 [Listener at localhost/41287] INFO  http.HttpServer2 (HttpServer2.java:addGlobalFilter(1030)) - Added global filter 'safety' (class=org.apache.hadoop.hdds.server.http.HttpServer2$QuotingInputFilter)
2022-02-14 09:19:58,819 [Listener at localhost/41287] INFO  http.HttpServer2 (HttpServer2.java:addFilter(1006)) - Added filter static_user_filter (class=org.apache.hadoop.http.lib.StaticUserWebFilter$StaticUserFilter) to context ozoneManager
2022-02-14 09:19:58,820 [Listener at localhost/41287] INFO  http.HttpServer2 (HttpServer2.java:addFilter(1014)) - Added filter static_user_filter (class=org.apache.hadoop.http.lib.StaticUserWebFilter$StaticUserFilter) to context logs
2022-02-14 09:19:58,820 [Listener at localhost/41287] INFO  http.HttpServer2 (HttpServer2.java:addFilter(1014)) - Added filter static_user_filter (class=org.apache.hadoop.http.lib.StaticUserWebFilter$StaticUserFilter) to context static
2022-02-14 09:19:58,820 [Listener at localhost/41287] INFO  http.HttpServer2 (HttpServer2.java:bindListener(1249)) - Jetty bound to port 33785
2022-02-14 09:19:58,820 [Listener at localhost/41287] INFO  server.Server (Server.java:doStart(375)) - jetty-9.4.43.v20210629; built: 2021-06-30T11:07:22.254Z; git: 526006ecfa3af7f1a27ef3a288e2bef7ea9dd7e8; jvm 1.8.0_312-b07
2022-02-14 09:19:58,823 [Listener at localhost/41287] INFO  server.session (DefaultSessionIdManager.java:doStart(334)) - DefaultSessionIdManager workerName=node0
2022-02-14 09:19:58,824 [Listener at localhost/41287] INFO  server.session (DefaultSessionIdManager.java:doStart(339)) - No SessionScavenger set, using defaults
2022-02-14 09:19:58,824 [Listener at localhost/41287] INFO  server.session (HouseKeeper.java:startScavenging(132)) - node0 Scavenging every 660000ms
2022-02-14 09:19:58,826 [Listener at localhost/41287] INFO  handler.ContextHandler (ContextHandler.java:doStart(915)) - Started o.e.j.s.ServletContextHandler@59398cd8{logs,/logs,file:///home/runner/work/ozone/ozone/hadoop-ozone/integration-test/target/log,AVAILABLE}
2022-02-14 09:19:58,826 [Listener at localhost/41287] INFO  handler.ContextHandler (ContextHandler.java:doStart(915)) - Started o.e.j.s.ServletContextHandler@50090044{static,/static,file:///home/runner/work/ozone/ozone/hadoop-ozone/integration-test/target/test-classes/webapps/static,AVAILABLE}
2022-02-14 09:19:58,833 [Listener at localhost/41287] INFO  handler.ContextHandler (ContextHandler.java:doStart(915)) - Started o.e.j.w.WebAppContext@47573d48{ozoneManager,/,file:///home/runner/work/ozone/ozone/hadoop-ozone/integration-test/target/test-classes/webapps/ozoneManager/,AVAILABLE}{file:/home/runner/work/ozone/ozone/hadoop-ozone/integration-test/target/test-classes/webapps/ozoneManager}
2022-02-14 09:19:58,847 [Listener at localhost/41287] INFO  server.AbstractConnector (AbstractConnector.java:doStart(331)) - Started ServerConnector@3fd09135{HTTP/1.1, (http/1.1)}{0.0.0.0:33785}
2022-02-14 09:19:58,847 [Listener at localhost/41287] INFO  server.Server (Server.java:doStart(415)) - Started @85018ms
2022-02-14 09:19:58,848 [Listener at localhost/41287] WARN  impl.MetricsSystemImpl (MetricsSystemImpl.java:register(279)) - Sink prometheus already exists!
2022-02-14 09:19:58,848 [Listener at localhost/41287] INFO  http.BaseHttpServer (BaseHttpServer.java:updateConnectorAddress(329)) - HTTP server of ozoneManager listening at http://0.0.0.0:33785
2022-02-14 09:19:58,849 [IPC Server Responder] INFO  ipc.Server (Server.java:run(1507)) - IPC Server Responder: starting
2022-02-14 09:19:58,854 [IPC Server listener on 41287] INFO  ipc.Server (Server.java:run(1344)) - IPC Server listener on 41287: starting
2022-02-14 09:19:58,855 [Listener at localhost/41287] INFO  om.OzoneManager (OzoneManager.java:startTrashEmptier(1792)) - Trash Interval set to 0. Files deleted will not move to trash
]]></system-out>
  </testcase>
  <testcase name="testPrepareWithRestart" classname="org.apache.hadoop.ozone.om.TestOzoneManagerPrepare" time="84.104"/>
</testsuite>