<?xml version="1.0" encoding="UTF-8"?>
<testsuite xmlns:xsi="http://www.w3.org/2001/XMLSchema-instance" xsi:noNamespaceSchemaLocation="https://maven.apache.org/surefire/maven-surefire-plugin/xsd/surefire-test-report-3.0.xsd" version="3.0" name="org.apache.hadoop.ozone.om.service.TestOpenKeyCleanupService" time="120.771" tests="9" errors="0" skipped="0" failures="1">
  <properties>
    <property name="awt.toolkit" value="sun.awt.X11.XToolkit"/>
    <property name="file.encoding.pkg" value="sun.io"/>
    <property name="java.specification.version" value="1.8"/>
    <property name="sun.cpu.isalist" value=""/>
    <property name="sun.jnu.encoding" value="UTF-8"/>
    <property name="java.class.path" value="/home/runner/work/ozone/ozone/hadoop-ozone/ozone-manager/target/test-classes:/home/runner/work/ozone/ozone/hadoop-ozone/ozone-manager/target/classes:/home/runner/.m2/repository/org/aspectj/aspectjrt/1.9.7/aspectjrt-1.9.7.jar:/home/runner/.m2/repository/org/aspectj/aspectjweaver/1.9.7/aspectjweaver-1.9.7.jar:/home/runner/work/ozone/ozone/hadoop-ozone/common/target/classes:/home/runner/.m2/repository/io/grpc/grpc-netty/1.51.1/grpc-netty-1.51.1.jar:/home/runner/.m2/repository/io/grpc/grpc-core/1.51.1/grpc-core-1.51.1.jar:/home/runner/.m2/repository/com/google/android/annotations/4.1.1.4/annotations-4.1.1.4.jar:/home/runner/.m2/repository/org/codehaus/mojo/animal-sniffer-annotations/1.21/animal-sniffer-annotations-1.21.jar:/home/runner/.m2/repository/com/google/errorprone/error_prone_annotations/2.2.0/error_prone_annotations-2.2.0.jar:/home/runner/.m2/repository/io/perfmark/perfmark-api/0.25.0/perfmark-api-0.25.0.jar:/home/runner/.m2/repository/io/netty/netty-transport-native-unix-common/4.1.94.Final/netty-transport-native-unix-common-4.1.94.Final.jar:/home/runner/.m2/repository/io/netty/netty-codec-http2/4.1.94.Final/netty-codec-http2-4.1.94.Final.jar:/home/runner/.m2/repository/io/netty/netty-common/4.1.94.Final/netty-common-4.1.94.Final.jar:/home/runner/.m2/repository/io/netty/netty-buffer/4.1.94.Final/netty-buffer-4.1.94.Final.jar:/home/runner/.m2/repository/io/netty/netty-transport/4.1.94.Final/netty-transport-4.1.94.Final.jar:/home/runner/.m2/repository/io/netty/netty-resolver/4.1.94.Final/netty-resolver-4.1.94.Final.jar:/home/runner/.m2/repository/io/netty/netty-codec/4.1.94.Final/netty-codec-4.1.94.Final.jar:/home/runner/.m2/repository/io/netty/netty-handler/4.1.94.Final/netty-handler-4.1.94.Final.jar:/home/runner/.m2/repository/io/netty/netty-codec-http/4.1.94.Final/netty-codec-http-4.1.94.Final.jar:/home/runner/.m2/repository/io/netty/netty-handler-proxy/4.1.94.Final/netty-handler-proxy-4.1.94.Final.jar:/home/runner/.m2/repository/io/netty/netty-codec-socks/4.1.94.Final/netty-codec-socks-4.1.94.Final.jar:/home/runner/.m2/repository/org/apache/commons/commons-compress/1.21/commons-compress-1.21.jar:/home/runner/work/ozone/ozone/hadoop-hdds/common/target/classes:/home/runner/work/ozone/ozone/hadoop-hdds/client/target/classes:/home/runner/work/ozone/ozone/hadoop-ozone/interface-client/target/classes:/home/runner/.m2/repository/io/grpc/grpc-protobuf/1.51.1/grpc-protobuf-1.51.1.jar:/home/runner/.m2/repository/com/google/api/grpc/proto-google-common-protos/2.9.0/proto-google-common-protos-2.9.0.jar:/home/runner/.m2/repository/io/grpc/grpc-protobuf-lite/1.51.1/grpc-protobuf-lite-1.51.1.jar:/home/runner/.m2/repository/io/grpc/grpc-stub/1.51.1/grpc-stub-1.51.1.jar:/home/runner/.m2/repository/org/apache/hadoop/hadoop-hdfs-client/3.3.6/hadoop-hdfs-client-3.3.6.jar:/home/runner/.m2/repository/com/squareup/okhttp3/okhttp/4.9.3/okhttp-4.9.3.jar:/home/runner/.m2/repository/com/squareup/okio/okio/3.4.0/okio-3.4.0.jar:/home/runner/.m2/repository/com/squareup/okio/okio-jvm/3.4.0/okio-jvm-3.4.0.jar:/home/runner/.m2/repository/org/jetbrains/kotlin/kotlin-stdlib-jdk8/1.8.0/kotlin-stdlib-jdk8-1.8.0.jar:/home/runner/.m2/repository/org/jetbrains/kotlin/kotlin-stdlib-jdk7/1.8.0/kotlin-stdlib-jdk7-1.8.0.jar:/home/runner/.m2/repository/org/jetbrains/kotlin/kotlin-stdlib-common/1.6.21/kotlin-stdlib-common-1.6.21.jar:/home/runner/.m2/repository/com/fasterxml/jackson/core/jackson-databind/2.13.4.2/jackson-databind-2.13.4.2.jar:/home/runner/work/ozone/ozone/hadoop-ozone/client/target/classes:/home/runner/work/ozone/ozone/hadoop-hdds/erasurecode/target/classes:/home/runner/work/ozone/ozone/hadoop-hdds/docs/target/classes:/home/runner/work/ozone/ozone/hadoop-hdds/interface-client/target/classes:/home/runner/.m2/repository/com/google/protobuf/protobuf-java/2.5.0/protobuf-java-2.5.0.jar:/home/runner/.m2/repository/org/apache/hadoop/thirdparty/hadoop-shaded-protobuf_3_7/1.1.1/hadoop-shaded-protobuf_3_7-1.1.1.jar:/home/runner/.m2/repository/org/apache/ratis/ratis-thirdparty-misc/1.0.4/ratis-thirdparty-misc-1.0.4.jar:/home/runner/.m2/repository/javax/annotation/javax.annotation-api/1.2/javax.annotation-api-1.2.jar:/home/runner/.m2/repository/com/google/code/findbugs/jsr305/3.0.0/jsr305-3.0.0.jar:/home/runner/work/ozone/ozone/hadoop-ozone/interface-storage/target/classes:/home/runner/work/ozone/ozone/hadoop-hdds/test-utils/target/classes:/home/runner/.m2/repository/com/google/guava/guava/32.0.0-jre/guava-32.0.0-jre.jar:/home/runner/.m2/repository/com/google/guava/failureaccess/1.0.1/failureaccess-1.0.1.jar:/home/runner/.m2/repository/com/google/guava/listenablefuture/9999.0-empty-to-avoid-conflict-with-guava/listenablefuture-9999.0-empty-to-avoid-conflict-with-guava.jar:/home/runner/.m2/repository/org/checkerframework/checker-qual/3.33.0/checker-qual-3.33.0.jar:/home/runner/.m2/repository/com/google/j2objc/j2objc-annotations/2.8/j2objc-annotations-2.8.jar:/home/runner/.m2/repository/commons-io/commons-io/2.11.0/commons-io-2.11.0.jar:/home/runner/.m2/repository/commons-logging/commons-logging/1.2/commons-logging-1.2.jar:/home/runner/.m2/repository/org/junit/jupiter/junit-jupiter-api/5.8.2/junit-jupiter-api-5.8.2.jar:/home/runner/.m2/repository/org/opentest4j/opentest4j/1.2.0/opentest4j-1.2.0.jar:/home/runner/.m2/repository/org/junit/platform/junit-platform-commons/1.8.2/junit-platform-commons-1.8.2.jar:/home/runner/.m2/repository/ch/qos/reload4j/reload4j/1.2.22/reload4j-1.2.22.jar:/home/runner/.m2/repository/org/apache/commons/commons-lang3/3.7/commons-lang3-3.7.jar:/home/runner/.m2/repository/org/slf4j/slf4j-api/1.7.36/slf4j-api-1.7.36.jar:/home/runner/.m2/repository/org/apache/logging/log4j/log4j-api/2.17.1/log4j-api-2.17.1.jar:/home/runner/work/ozone/ozone/hadoop-hdds/framework/target/classes:/home/runner/work/ozone/ozone/hadoop-hdds/interface-server/target/classes:/home/runner/work/ozone/ozone/hadoop-hdds/interface-admin/target/classes:/home/runner/work/ozone/ozone/hadoop-hdds/managed-rocksdb/target/classes:/home/runner/.m2/repository/org/slf4j/slf4j-reload4j/1.7.36/slf4j-reload4j-1.7.36.jar:/home/runner/.m2/repository/org/apache/commons/commons-configuration2/2.1.1/commons-configuration2-2.1.1.jar:/home/runner/.m2/repository/commons-fileupload/commons-fileupload/1.5/commons-fileupload-1.5.jar:/home/runner/.m2/repository/org/apache/logging/log4j/log4j-core/2.17.1/log4j-core-2.17.1.jar:/home/runner/.m2/repository/com/lmax/disruptor/3.4.2/disruptor-3.4.2.jar:/home/runner/.m2/repository/org/eclipse/jetty/jetty-util/9.4.51.v20230217/jetty-util-9.4.51.v20230217.jar:/home/runner/.m2/repository/org/eclipse/jetty/jetty-server/9.4.51.v20230217/jetty-server-9.4.51.v20230217.jar:/home/runner/.m2/repository/javax/servlet/javax.servlet-api/3.1.0/javax.servlet-api-3.1.0.jar:/home/runner/.m2/repository/org/eclipse/jetty/jetty-http/9.4.51.v20230217/jetty-http-9.4.51.v20230217.jar:/home/runner/.m2/repository/org/eclipse/jetty/jetty-servlet/9.4.51.v20230217/jetty-servlet-9.4.51.v20230217.jar:/home/runner/.m2/repository/org/eclipse/jetty/jetty-security/9.4.51.v20230217/jetty-security-9.4.51.v20230217.jar:/home/runner/.m2/repository/org/eclipse/jetty/jetty-util-ajax/9.4.51.v20230217/jetty-util-ajax-9.4.51.v20230217.jar:/home/runner/.m2/repository/org/eclipse/jetty/jetty-webapp/9.4.51.v20230217/jetty-webapp-9.4.51.v20230217.jar:/home/runner/.m2/repository/org/eclipse/jetty/jetty-xml/9.4.51.v20230217/jetty-xml-9.4.51.v20230217.jar:/home/runner/.m2/repository/org/apache/ratis/ratis-server/2.5.1/ratis-server-2.5.1.jar:/home/runner/.m2/repository/org/apache/ratis/ratis-proto/2.5.1/ratis-proto-2.5.1.jar:/home/runner/.m2/repository/org/apache/ratis/ratis-common/2.5.1/ratis-common-2.5.1.jar:/home/runner/.m2/repository/org/apache/ratis/ratis-client/2.5.1/ratis-client-2.5.1.jar:/home/runner/.m2/repository/org/apache/ratis/ratis-server-api/2.5.1/ratis-server-api-2.5.1.jar:/home/runner/.m2/repository/org/apache/ratis/ratis-metrics/2.5.1/ratis-metrics-2.5.1.jar:/home/runner/.m2/repository/io/prometheus/simpleclient_dropwizard/0.7.0/simpleclient_dropwizard-0.7.0.jar:/home/runner/.m2/repository/io/prometheus/simpleclient/0.7.0/simpleclient-0.7.0.jar:/home/runner/.m2/repository/io/prometheus/simpleclient_common/0.7.0/simpleclient_common-0.7.0.jar:/home/runner/.m2/repository/com/fasterxml/jackson/datatype/jackson-datatype-jsr310/2.13.4/jackson-datatype-jsr310-2.13.4.jar:/home/runner/.m2/repository/com/fasterxml/jackson/core/jackson-core/2.13.4/jackson-core-2.13.4.jar:/home/runner/.m2/repository/org/awaitility/awaitility/4.2.0/awaitility-4.2.0.jar:/home/runner/.m2/repository/org/hamcrest/hamcrest/2.1/hamcrest-2.1.jar:/home/runner/work/ozone/ozone/hadoop-hdds/hadoop-dependency-server/target/classes:/home/runner/.m2/repository/org/apache/hadoop/hadoop-annotations/3.3.6/hadoop-annotations-3.3.6.jar:/usr/lib/jvm/temurin-8-jdk-amd64/jre/../lib/tools.jar:/home/runner/.m2/repository/org/apache/hadoop/hadoop-common/3.3.6/hadoop-common-3.3.6.jar:/home/runner/.m2/repository/org/apache/hadoop/thirdparty/hadoop-shaded-guava/1.1.1/hadoop-shaded-guava-1.1.1.jar:/home/runner/.m2/repository/org/apache/httpcomponents/httpclient/4.5.13/httpclient-4.5.13.jar:/home/runner/.m2/repository/org/apache/httpcomponents/httpcore/4.4.13/httpcore-4.4.13.jar:/home/runner/.m2/repository/commons-net/commons-net/3.9.0/commons-net-3.9.0.jar:/home/runner/.m2/repository/commons-collections/commons-collections/3.2.2/commons-collections-3.2.2.jar:/home/runner/.m2/repository/jakarta/activation/jakarta.activation-api/1.2.2/jakarta.activation-api-1.2.2.jar:/home/runner/.m2/repository/javax/servlet/jsp/jsp-api/2.1/jsp-api-2.1.jar:/home/runner/.m2/repository/com/sun/jersey/jersey-servlet/1.19/jersey-servlet-1.19.jar:/home/runner/.m2/repository/com/sun/jersey/jersey-server/1.19/jersey-server-1.19.jar:/home/runner/.m2/repository/commons-beanutils/commons-beanutils/1.9.4/commons-beanutils-1.9.4.jar:/home/runner/.m2/repository/com/google/re2j/re2j/1.1/re2j-1.1.jar:/home/runner/.m2/repository/com/google/code/gson/gson/2.9.0/gson-2.9.0.jar:/home/runner/.m2/repository/org/apache/hadoop/hadoop-auth/3.3.6/hadoop-auth-3.3.6.jar:/home/runner/.m2/repository/com/nimbusds/nimbus-jose-jwt/9.8.1/nimbus-jose-jwt-9.8.1.jar:/home/runner/.m2/repository/com/github/stephenc/jcip/jcip-annotations/1.0-1/jcip-annotations-1.0-1.jar:/home/runner/.m2/repository/com/jcraft/jsch/0.1.54/jsch-0.1.54.jar:/home/runner/.m2/repository/org/apache/kerby/kerb-core/1.0.1/kerb-core-1.0.1.jar:/home/runner/.m2/repository/org/apache/kerby/kerby-pkix/1.0.1/kerby-pkix-1.0.1.jar:/home/runner/.m2/repository/org/apache/kerby/kerby-asn1/1.0.1/kerby-asn1-1.0.1.jar:/home/runner/.m2/repository/org/apache/kerby/kerby-util/1.0.1/kerby-util-1.0.1.jar:/home/runner/.m2/repository/org/codehaus/woodstox/stax2-api/4.2.1/stax2-api-4.2.1.jar:/home/runner/.m2/repository/com/fasterxml/woodstox/woodstox-core/5.4.0/woodstox-core-5.4.0.jar:/home/runner/.m2/repository/dnsjava/dnsjava/2.1.7/dnsjava-2.1.7.jar:/home/runner/.m2/repository/org/xerial/snappy/snappy-java/1.1.8.2/snappy-java-1.1.8.2.jar:/home/runner/.m2/repository/commons-cli/commons-cli/1.2/commons-cli-1.2.jar:/home/runner/.m2/repository/org/apache/hadoop/hadoop-hdfs/3.3.6/hadoop-hdfs-3.3.6.jar:/home/runner/.m2/repository/commons-daemon/commons-daemon/1.0.13/commons-daemon-1.0.13.jar:/home/runner/work/ozone/ozone/hadoop-hdds/rocksdb-checkpoint-differ/target/classes:/home/runner/.m2/repository/org/rocksdb/rocksdbjni/7.7.3/rocksdbjni-7.7.3.jar:/home/runner/.m2/repository/org/jgrapht/jgrapht-core/1.0.1/jgrapht-core-1.0.1.jar:/home/runner/.m2/repository/org/jgrapht/jgrapht-ext/1.0.1/jgrapht-ext-1.0.1.jar:/home/runner/.m2/repository/org/tinyjee/jgraphx/jgraphx/2.0.0.1/jgraphx-2.0.0.1.jar:/home/runner/.m2/repository/jgraph/jgraph/5.13.0.0/jgraph-5.13.0.0.jar:/home/runner/.m2/repository/org/antlr/antlr4-runtime/4.5.3/antlr4-runtime-4.5.3.jar:/home/runner/.m2/repository/org/bouncycastle/bcprov-jdk15on/1.67/bcprov-jdk15on-1.67.jar:/home/runner/.m2/repository/io/netty/netty-tcnative-boringssl-static/2.0.61.Final/netty-tcnative-boringssl-static-2.0.61.Final.jar:/home/runner/.m2/repository/io/netty/netty-tcnative-classes/2.0.61.Final/netty-tcnative-classes-2.0.61.Final.jar:/home/runner/.m2/repository/io/netty/netty-tcnative-boringssl-static/2.0.61.Final/netty-tcnative-boringssl-static-2.0.61.Final-linux-x86_64.jar:/home/runner/.m2/repository/io/netty/netty-tcnative-boringssl-static/2.0.61.Final/netty-tcnative-boringssl-static-2.0.61.Final-linux-aarch_64.jar:/home/runner/.m2/repository/io/netty/netty-tcnative-boringssl-static/2.0.61.Final/netty-tcnative-boringssl-static-2.0.61.Final-osx-x86_64.jar:/home/runner/.m2/repository/io/netty/netty-tcnative-boringssl-static/2.0.61.Final/netty-tcnative-boringssl-static-2.0.61.Final-osx-aarch_64.jar:/home/runner/.m2/repository/io/netty/netty-tcnative-boringssl-static/2.0.61.Final/netty-tcnative-boringssl-static-2.0.61.Final-windows-x86_64.jar:/home/runner/.m2/repository/org/mockito/mockito-core/3.5.9/mockito-core-3.5.9.jar:/home/runner/.m2/repository/net/bytebuddy/byte-buddy/1.10.13/byte-buddy-1.10.13.jar:/home/runner/.m2/repository/net/bytebuddy/byte-buddy-agent/1.10.13/byte-buddy-agent-1.10.13.jar:/home/runner/.m2/repository/org/objenesis/objenesis/1.0/objenesis-1.0.jar:/home/runner/.m2/repository/com/github/spotbugs/spotbugs-annotations/3.1.12/spotbugs-annotations-3.1.12.jar:/home/runner/work/ozone/ozone/hadoop-hdds/common/target/test-classes:/home/runner/work/ozone/ozone/hadoop-hdds/hadoop-dependency-client/target/classes:/home/runner/.m2/repository/info/picocli/picocli/4.6.1/picocli-4.6.1.jar:/home/runner/.m2/repository/com/fasterxml/jackson/core/jackson-annotations/2.13.4/jackson-annotations-2.13.4.jar:/home/runner/work/ozone/ozone/hadoop-hdds/annotations/target/classes:/home/runner/work/ozone/ozone/hadoop-hdds/config/target/classes:/home/runner/.m2/repository/io/dropwizard/metrics/metrics-core/3.2.4/metrics-core-3.2.4.jar:/home/runner/.m2/repository/org/apache/ratis/ratis-netty/2.5.1/ratis-netty-2.5.1.jar:/home/runner/.m2/repository/org/apache/ratis/ratis-grpc/2.5.1/ratis-grpc-2.5.1.jar:/home/runner/.m2/repository/org/apache/commons/commons-pool2/2.6.0/commons-pool2-2.6.0.jar:/home/runner/.m2/repository/org/bouncycastle/bcpkix-jdk15on/1.67/bcpkix-jdk15on-1.67.jar:/home/runner/.m2/repository/commons-validator/commons-validator/1.6/commons-validator-1.6.jar:/home/runner/.m2/repository/commons-digester/commons-digester/1.8.1/commons-digester-1.8.1.jar:/home/runner/.m2/repository/io/jaegertracing/jaeger-client/1.6.0/jaeger-client-1.6.0.jar:/home/runner/.m2/repository/io/jaegertracing/jaeger-thrift/1.6.0/jaeger-thrift-1.6.0.jar:/home/runner/.m2/repository/org/apache/thrift/libthrift/0.14.1/libthrift-0.14.1.jar:/home/runner/.m2/repository/io/jaegertracing/jaeger-core/1.6.0/jaeger-core-1.6.0.jar:/home/runner/.m2/repository/io/jaegertracing/jaeger-tracerresolver/1.6.0/jaeger-tracerresolver-1.6.0.jar:/home/runner/.m2/repository/io/opentracing/contrib/opentracing-tracerresolver/0.1.8/opentracing-tracerresolver-0.1.8.jar:/home/runner/.m2/repository/org/jetbrains/kotlin/kotlin-stdlib/1.6.21/kotlin-stdlib-1.6.21.jar:/home/runner/.m2/repository/org/jetbrains/annotations/13.0/annotations-13.0.jar:/home/runner/.m2/repository/io/opentracing/opentracing-util/0.33.0/opentracing-util-0.33.0.jar:/home/runner/.m2/repository/io/opentracing/opentracing-api/0.33.0/opentracing-api-0.33.0.jar:/home/runner/.m2/repository/io/opentracing/opentracing-noop/0.33.0/opentracing-noop-0.33.0.jar:/home/runner/.m2/repository/org/yaml/snakeyaml/2.0/snakeyaml-2.0.jar:/home/runner/.m2/repository/io/grpc/grpc-api/1.51.1/grpc-api-1.51.1.jar:/home/runner/.m2/repository/io/grpc/grpc-context/1.51.1/grpc-context-1.51.1.jar:/home/runner/work/ozone/ozone/hadoop-hdds/hadoop-dependency-test/target/classes:/home/runner/.m2/repository/org/apache/hadoop/hadoop-common/3.3.6/hadoop-common-3.3.6-tests.jar:/home/runner/.m2/repository/org/apache/hadoop/hadoop-hdfs/3.3.6/hadoop-hdfs-3.3.6-tests.jar:/home/runner/.m2/repository/commons-codec/commons-codec/1.15/commons-codec-1.15.jar:/home/runner/.m2/repository/org/assertj/assertj-core/3.12.2/assertj-core-3.12.2.jar:/home/runner/work/ozone/ozone/hadoop-hdds/server-scm/target/test-classes:/home/runner/work/ozone/ozone/hadoop-hdds/container-service/target/classes:/home/runner/.m2/repository/com/github/luben/zstd-jni/1.5.2-5/zstd-jni-1.5.2-5.jar:/home/runner/.m2/repository/javax/xml/bind/jaxb-api/2.3.0/jaxb-api-2.3.0.jar:/home/runner/.m2/repository/org/glassfish/jaxb/jaxb-runtime/2.3.0.1/jaxb-runtime-2.3.0.1.jar:/home/runner/.m2/repository/org/glassfish/jaxb/jaxb-core/2.3.0.1/jaxb-core-2.3.0.1.jar:/home/runner/.m2/repository/org/glassfish/jaxb/txw2/2.3.0.1/txw2-2.3.0.1.jar:/home/runner/.m2/repository/com/sun/istack/istack-commons-runtime/3.0.5/istack-commons-runtime-3.0.5.jar:/home/runner/.m2/repository/org/jvnet/staxex/stax-ex/1.7.8/stax-ex-1.7.8.jar:/home/runner/.m2/repository/com/sun/xml/fastinfoset/FastInfoset/1.2.13/FastInfoset-1.2.13.jar:/home/runner/.m2/repository/org/apache/commons/commons-text/1.10.0/commons-text-1.10.0.jar:/home/runner/.m2/repository/junit/junit/4.13.1/junit-4.13.1.jar:/home/runner/.m2/repository/org/hamcrest/hamcrest-core/1.3/hamcrest-core-1.3.jar:/home/runner/.m2/repository/org/jmockit/jmockit/1.24/jmockit-1.24.jar:/home/runner/.m2/repository/org/hamcrest/hamcrest-all/1.3/hamcrest-all-1.3.jar:/home/runner/.m2/repository/com/google/testing/compile/compile-testing/0.19/compile-testing-0.19.jar:/home/runner/.m2/repository/com/google/truth/truth/1.1/truth-1.1.jar:/home/runner/.m2/repository/com/google/auto/value/auto-value-annotations/1.7.4/auto-value-annotations-1.7.4.jar:/home/runner/.m2/repository/org/ow2/asm/asm/5.0.4/asm-5.0.4.jar:/home/runner/.m2/repository/com/google/auto/value/auto-value/1.7.4/auto-value-1.7.4.jar:/home/runner/.m2/repository/com/google/auto/auto-common/0.11/auto-common-0.11.jar:/usr/lib/jvm/temurin-8-jdk-amd64/jre/../lib/tools.jar:/home/runner/.m2/repository/org/reflections/reflections/0.9.11/reflections-0.9.11.jar:/home/runner/.m2/repository/org/javassist/javassist/3.21.0-GA/javassist-3.21.0-GA.jar:/home/runner/.m2/repository/com/sun/jersey/jersey-client/1.19/jersey-client-1.19.jar:/home/runner/.m2/repository/com/sun/jersey/jersey-core/1.19/jersey-core-1.19.jar:/home/runner/.m2/repository/javax/ws/rs/jsr311-api/1.1.1/jsr311-api-1.1.1.jar:/home/runner/.m2/repository/org/codehaus/jackson/jackson-core-asl/1.9.13/jackson-core-asl-1.9.13.jar:/home/runner/.m2/repository/org/codehaus/jackson/jackson-mapper-asl/1.9.13/jackson-mapper-asl-1.9.13.jar:/home/runner/.m2/repository/org/codehaus/jackson/jackson-jaxrs/1.9.13/jackson-jaxrs-1.9.13.jar:/home/runner/.m2/repository/org/apache/ranger/ranger-intg/2.3.0/ranger-intg-2.3.0.jar:/home/runner/.m2/repository/org/apache/ranger/ranger-plugins-common/2.3.0/ranger-plugins-common-2.3.0.jar:/home/runner/.m2/repository/commons-lang/commons-lang/2.6/commons-lang-2.6.jar:/home/runner/.m2/repository/org/apache/ranger/ranger-plugins-cred/2.3.0/ranger-plugins-cred-2.3.0.jar:/home/runner/.m2/repository/org/apache/ranger/ranger-plugins-audit/2.3.0/ranger-plugins-audit-2.3.0.jar:/home/runner/.m2/repository/org/eclipse/jetty/jetty-client/9.4.51.v20230217/jetty-client-9.4.51.v20230217.jar:/home/runner/.m2/repository/org/apache/httpcomponents/httpmime/4.5.6/httpmime-4.5.6.jar:/home/runner/.m2/repository/org/apache/httpcomponents/httpcore-nio/4.4.13/httpcore-nio-4.4.13.jar:/home/runner/.m2/repository/org/apache/httpcomponents/httpasyncclient/4.1.3/httpasyncclient-4.1.3.jar:/home/runner/.m2/repository/joda-time/joda-time/2.10.6/joda-time-2.10.6.jar:/home/runner/.m2/repository/com/carrotsearch/hppc/0.8.0/hppc-0.8.0.jar:/home/runner/.m2/repository/org/apache/orc/orc-core/1.5.8/orc-core-1.5.8.jar:/home/runner/.m2/repository/net/java/dev/jna/jna/5.2.0/jna-5.2.0.jar:/home/runner/.m2/repository/net/java/dev/jna/jna-platform/5.2.0/jna-platform-5.2.0.jar:/home/runner/.m2/repository/com/kstruct/gethostname4j/0.0.2/gethostname4j-0.0.2.jar:/home/runner/.m2/repository/org/apache/ranger/ranger-plugin-classloader/2.3.0/ranger-plugin-classloader-2.3.0.jar:/home/runner/.m2/repository/org/junit/jupiter/junit-jupiter-params/5.8.2/junit-jupiter-params-5.8.2.jar:/home/runner/.m2/repository/org/apiguardian/apiguardian-api/1.1.2/apiguardian-api-1.1.2.jar:/home/runner/work/ozone/ozone/hadoop-hdds/rocks-native/target/classes:/home/runner/.m2/repository/org/eclipse/jetty/jetty-io/9.4.51.v20230217/jetty-io-9.4.51.v20230217.jar:/home/runner/.m2/repository/org/mockito/mockito-junit-jupiter/3.5.9/mockito-junit-jupiter-3.5.9.jar:"/>
    <property name="java.vm.vendor" value="Temurin"/>
    <property name="sun.arch.data.model" value="64"/>
    <property name="test.build.dir" value="/home/runner/work/ozone/ozone/hadoop-ozone/ozone-manager/target/test-dir"/>
    <property name="test.cache.data" value=""/>
    <property name="java.vendor.url" value="https://adoptium.net/"/>
    <property name="user.timezone" value="Etc/UTC"/>
    <property name="os.name" value="Linux"/>
    <property name="java.vm.specification.version" value="1.8"/>
    <property name="test.build.data" value="/home/runner/work/ozone/ozone/hadoop-ozone/ozone-manager/target/test-dir"/>
    <property name="sun.java.launcher" value="SUN_STANDARD"/>
    <property name="sun.boot.library.path" value="/usr/lib/jvm/temurin-8-jdk-amd64/jre/lib/amd64"/>
    <property name="sun.java.command" value="/home/runner/work/ozone/ozone/hadoop-ozone/ozone-manager/target/surefire/surefirebooter2867938466301542812.jar /home/runner/work/ozone/ozone/hadoop-ozone/ozone-manager/target/surefire 2023-09-13T15-38-21_520-jvmRun1 surefire965704486281790247tmp surefire_1873166616559827553630tmp"/>
    <property name="native.lib.tmp.dir" value="/tmp"/>
    <property name="surefire.test.class.path" value="/home/runner/work/ozone/ozone/hadoop-ozone/ozone-manager/target/test-classes:/home/runner/work/ozone/ozone/hadoop-ozone/ozone-manager/target/classes:/home/runner/.m2/repository/org/aspectj/aspectjrt/1.9.7/aspectjrt-1.9.7.jar:/home/runner/.m2/repository/org/aspectj/aspectjweaver/1.9.7/aspectjweaver-1.9.7.jar:/home/runner/work/ozone/ozone/hadoop-ozone/common/target/classes:/home/runner/.m2/repository/io/grpc/grpc-netty/1.51.1/grpc-netty-1.51.1.jar:/home/runner/.m2/repository/io/grpc/grpc-core/1.51.1/grpc-core-1.51.1.jar:/home/runner/.m2/repository/com/google/android/annotations/4.1.1.4/annotations-4.1.1.4.jar:/home/runner/.m2/repository/org/codehaus/mojo/animal-sniffer-annotations/1.21/animal-sniffer-annotations-1.21.jar:/home/runner/.m2/repository/com/google/errorprone/error_prone_annotations/2.2.0/error_prone_annotations-2.2.0.jar:/home/runner/.m2/repository/io/perfmark/perfmark-api/0.25.0/perfmark-api-0.25.0.jar:/home/runner/.m2/repository/io/netty/netty-transport-native-unix-common/4.1.94.Final/netty-transport-native-unix-common-4.1.94.Final.jar:/home/runner/.m2/repository/io/netty/netty-codec-http2/4.1.94.Final/netty-codec-http2-4.1.94.Final.jar:/home/runner/.m2/repository/io/netty/netty-common/4.1.94.Final/netty-common-4.1.94.Final.jar:/home/runner/.m2/repository/io/netty/netty-buffer/4.1.94.Final/netty-buffer-4.1.94.Final.jar:/home/runner/.m2/repository/io/netty/netty-transport/4.1.94.Final/netty-transport-4.1.94.Final.jar:/home/runner/.m2/repository/io/netty/netty-resolver/4.1.94.Final/netty-resolver-4.1.94.Final.jar:/home/runner/.m2/repository/io/netty/netty-codec/4.1.94.Final/netty-codec-4.1.94.Final.jar:/home/runner/.m2/repository/io/netty/netty-handler/4.1.94.Final/netty-handler-4.1.94.Final.jar:/home/runner/.m2/repository/io/netty/netty-codec-http/4.1.94.Final/netty-codec-http-4.1.94.Final.jar:/home/runner/.m2/repository/io/netty/netty-handler-proxy/4.1.94.Final/netty-handler-proxy-4.1.94.Final.jar:/home/runner/.m2/repository/io/netty/netty-codec-socks/4.1.94.Final/netty-codec-socks-4.1.94.Final.jar:/home/runner/.m2/repository/org/apache/commons/commons-compress/1.21/commons-compress-1.21.jar:/home/runner/work/ozone/ozone/hadoop-hdds/common/target/classes:/home/runner/work/ozone/ozone/hadoop-hdds/client/target/classes:/home/runner/work/ozone/ozone/hadoop-ozone/interface-client/target/classes:/home/runner/.m2/repository/io/grpc/grpc-protobuf/1.51.1/grpc-protobuf-1.51.1.jar:/home/runner/.m2/repository/com/google/api/grpc/proto-google-common-protos/2.9.0/proto-google-common-protos-2.9.0.jar:/home/runner/.m2/repository/io/grpc/grpc-protobuf-lite/1.51.1/grpc-protobuf-lite-1.51.1.jar:/home/runner/.m2/repository/io/grpc/grpc-stub/1.51.1/grpc-stub-1.51.1.jar:/home/runner/.m2/repository/org/apache/hadoop/hadoop-hdfs-client/3.3.6/hadoop-hdfs-client-3.3.6.jar:/home/runner/.m2/repository/com/squareup/okhttp3/okhttp/4.9.3/okhttp-4.9.3.jar:/home/runner/.m2/repository/com/squareup/okio/okio/3.4.0/okio-3.4.0.jar:/home/runner/.m2/repository/com/squareup/okio/okio-jvm/3.4.0/okio-jvm-3.4.0.jar:/home/runner/.m2/repository/org/jetbrains/kotlin/kotlin-stdlib-jdk8/1.8.0/kotlin-stdlib-jdk8-1.8.0.jar:/home/runner/.m2/repository/org/jetbrains/kotlin/kotlin-stdlib-jdk7/1.8.0/kotlin-stdlib-jdk7-1.8.0.jar:/home/runner/.m2/repository/org/jetbrains/kotlin/kotlin-stdlib-common/1.6.21/kotlin-stdlib-common-1.6.21.jar:/home/runner/.m2/repository/com/fasterxml/jackson/core/jackson-databind/2.13.4.2/jackson-databind-2.13.4.2.jar:/home/runner/work/ozone/ozone/hadoop-ozone/client/target/classes:/home/runner/work/ozone/ozone/hadoop-hdds/erasurecode/target/classes:/home/runner/work/ozone/ozone/hadoop-hdds/docs/target/classes:/home/runner/work/ozone/ozone/hadoop-hdds/interface-client/target/classes:/home/runner/.m2/repository/com/google/protobuf/protobuf-java/2.5.0/protobuf-java-2.5.0.jar:/home/runner/.m2/repository/org/apache/hadoop/thirdparty/hadoop-shaded-protobuf_3_7/1.1.1/hadoop-shaded-protobuf_3_7-1.1.1.jar:/home/runner/.m2/repository/org/apache/ratis/ratis-thirdparty-misc/1.0.4/ratis-thirdparty-misc-1.0.4.jar:/home/runner/.m2/repository/javax/annotation/javax.annotation-api/1.2/javax.annotation-api-1.2.jar:/home/runner/.m2/repository/com/google/code/findbugs/jsr305/3.0.0/jsr305-3.0.0.jar:/home/runner/work/ozone/ozone/hadoop-ozone/interface-storage/target/classes:/home/runner/work/ozone/ozone/hadoop-hdds/test-utils/target/classes:/home/runner/.m2/repository/com/google/guava/guava/32.0.0-jre/guava-32.0.0-jre.jar:/home/runner/.m2/repository/com/google/guava/failureaccess/1.0.1/failureaccess-1.0.1.jar:/home/runner/.m2/repository/com/google/guava/listenablefuture/9999.0-empty-to-avoid-conflict-with-guava/listenablefuture-9999.0-empty-to-avoid-conflict-with-guava.jar:/home/runner/.m2/repository/org/checkerframework/checker-qual/3.33.0/checker-qual-3.33.0.jar:/home/runner/.m2/repository/com/google/j2objc/j2objc-annotations/2.8/j2objc-annotations-2.8.jar:/home/runner/.m2/repository/commons-io/commons-io/2.11.0/commons-io-2.11.0.jar:/home/runner/.m2/repository/commons-logging/commons-logging/1.2/commons-logging-1.2.jar:/home/runner/.m2/repository/org/junit/jupiter/junit-jupiter-api/5.8.2/junit-jupiter-api-5.8.2.jar:/home/runner/.m2/repository/org/opentest4j/opentest4j/1.2.0/opentest4j-1.2.0.jar:/home/runner/.m2/repository/org/junit/platform/junit-platform-commons/1.8.2/junit-platform-commons-1.8.2.jar:/home/runner/.m2/repository/ch/qos/reload4j/reload4j/1.2.22/reload4j-1.2.22.jar:/home/runner/.m2/repository/org/apache/commons/commons-lang3/3.7/commons-lang3-3.7.jar:/home/runner/.m2/repository/org/slf4j/slf4j-api/1.7.36/slf4j-api-1.7.36.jar:/home/runner/.m2/repository/org/apache/logging/log4j/log4j-api/2.17.1/log4j-api-2.17.1.jar:/home/runner/work/ozone/ozone/hadoop-hdds/framework/target/classes:/home/runner/work/ozone/ozone/hadoop-hdds/interface-server/target/classes:/home/runner/work/ozone/ozone/hadoop-hdds/interface-admin/target/classes:/home/runner/work/ozone/ozone/hadoop-hdds/managed-rocksdb/target/classes:/home/runner/.m2/repository/org/slf4j/slf4j-reload4j/1.7.36/slf4j-reload4j-1.7.36.jar:/home/runner/.m2/repository/org/apache/commons/commons-configuration2/2.1.1/commons-configuration2-2.1.1.jar:/home/runner/.m2/repository/commons-fileupload/commons-fileupload/1.5/commons-fileupload-1.5.jar:/home/runner/.m2/repository/org/apache/logging/log4j/log4j-core/2.17.1/log4j-core-2.17.1.jar:/home/runner/.m2/repository/com/lmax/disruptor/3.4.2/disruptor-3.4.2.jar:/home/runner/.m2/repository/org/eclipse/jetty/jetty-util/9.4.51.v20230217/jetty-util-9.4.51.v20230217.jar:/home/runner/.m2/repository/org/eclipse/jetty/jetty-server/9.4.51.v20230217/jetty-server-9.4.51.v20230217.jar:/home/runner/.m2/repository/javax/servlet/javax.servlet-api/3.1.0/javax.servlet-api-3.1.0.jar:/home/runner/.m2/repository/org/eclipse/jetty/jetty-http/9.4.51.v20230217/jetty-http-9.4.51.v20230217.jar:/home/runner/.m2/repository/org/eclipse/jetty/jetty-servlet/9.4.51.v20230217/jetty-servlet-9.4.51.v20230217.jar:/home/runner/.m2/repository/org/eclipse/jetty/jetty-security/9.4.51.v20230217/jetty-security-9.4.51.v20230217.jar:/home/runner/.m2/repository/org/eclipse/jetty/jetty-util-ajax/9.4.51.v20230217/jetty-util-ajax-9.4.51.v20230217.jar:/home/runner/.m2/repository/org/eclipse/jetty/jetty-webapp/9.4.51.v20230217/jetty-webapp-9.4.51.v20230217.jar:/home/runner/.m2/repository/org/eclipse/jetty/jetty-xml/9.4.51.v20230217/jetty-xml-9.4.51.v20230217.jar:/home/runner/.m2/repository/org/apache/ratis/ratis-server/2.5.1/ratis-server-2.5.1.jar:/home/runner/.m2/repository/org/apache/ratis/ratis-proto/2.5.1/ratis-proto-2.5.1.jar:/home/runner/.m2/repository/org/apache/ratis/ratis-common/2.5.1/ratis-common-2.5.1.jar:/home/runner/.m2/repository/org/apache/ratis/ratis-client/2.5.1/ratis-client-2.5.1.jar:/home/runner/.m2/repository/org/apache/ratis/ratis-server-api/2.5.1/ratis-server-api-2.5.1.jar:/home/runner/.m2/repository/org/apache/ratis/ratis-metrics/2.5.1/ratis-metrics-2.5.1.jar:/home/runner/.m2/repository/io/prometheus/simpleclient_dropwizard/0.7.0/simpleclient_dropwizard-0.7.0.jar:/home/runner/.m2/repository/io/prometheus/simpleclient/0.7.0/simpleclient-0.7.0.jar:/home/runner/.m2/repository/io/prometheus/simpleclient_common/0.7.0/simpleclient_common-0.7.0.jar:/home/runner/.m2/repository/com/fasterxml/jackson/datatype/jackson-datatype-jsr310/2.13.4/jackson-datatype-jsr310-2.13.4.jar:/home/runner/.m2/repository/com/fasterxml/jackson/core/jackson-core/2.13.4/jackson-core-2.13.4.jar:/home/runner/.m2/repository/org/awaitility/awaitility/4.2.0/awaitility-4.2.0.jar:/home/runner/.m2/repository/org/hamcrest/hamcrest/2.1/hamcrest-2.1.jar:/home/runner/work/ozone/ozone/hadoop-hdds/hadoop-dependency-server/target/classes:/home/runner/.m2/repository/org/apache/hadoop/hadoop-annotations/3.3.6/hadoop-annotations-3.3.6.jar:/usr/lib/jvm/temurin-8-jdk-amd64/jre/../lib/tools.jar:/home/runner/.m2/repository/org/apache/hadoop/hadoop-common/3.3.6/hadoop-common-3.3.6.jar:/home/runner/.m2/repository/org/apache/hadoop/thirdparty/hadoop-shaded-guava/1.1.1/hadoop-shaded-guava-1.1.1.jar:/home/runner/.m2/repository/org/apache/httpcomponents/httpclient/4.5.13/httpclient-4.5.13.jar:/home/runner/.m2/repository/org/apache/httpcomponents/httpcore/4.4.13/httpcore-4.4.13.jar:/home/runner/.m2/repository/commons-net/commons-net/3.9.0/commons-net-3.9.0.jar:/home/runner/.m2/repository/commons-collections/commons-collections/3.2.2/commons-collections-3.2.2.jar:/home/runner/.m2/repository/jakarta/activation/jakarta.activation-api/1.2.2/jakarta.activation-api-1.2.2.jar:/home/runner/.m2/repository/javax/servlet/jsp/jsp-api/2.1/jsp-api-2.1.jar:/home/runner/.m2/repository/com/sun/jersey/jersey-servlet/1.19/jersey-servlet-1.19.jar:/home/runner/.m2/repository/com/sun/jersey/jersey-server/1.19/jersey-server-1.19.jar:/home/runner/.m2/repository/commons-beanutils/commons-beanutils/1.9.4/commons-beanutils-1.9.4.jar:/home/runner/.m2/repository/com/google/re2j/re2j/1.1/re2j-1.1.jar:/home/runner/.m2/repository/com/google/code/gson/gson/2.9.0/gson-2.9.0.jar:/home/runner/.m2/repository/org/apache/hadoop/hadoop-auth/3.3.6/hadoop-auth-3.3.6.jar:/home/runner/.m2/repository/com/nimbusds/nimbus-jose-jwt/9.8.1/nimbus-jose-jwt-9.8.1.jar:/home/runner/.m2/repository/com/github/stephenc/jcip/jcip-annotations/1.0-1/jcip-annotations-1.0-1.jar:/home/runner/.m2/repository/com/jcraft/jsch/0.1.54/jsch-0.1.54.jar:/home/runner/.m2/repository/org/apache/kerby/kerb-core/1.0.1/kerb-core-1.0.1.jar:/home/runner/.m2/repository/org/apache/kerby/kerby-pkix/1.0.1/kerby-pkix-1.0.1.jar:/home/runner/.m2/repository/org/apache/kerby/kerby-asn1/1.0.1/kerby-asn1-1.0.1.jar:/home/runner/.m2/repository/org/apache/kerby/kerby-util/1.0.1/kerby-util-1.0.1.jar:/home/runner/.m2/repository/org/codehaus/woodstox/stax2-api/4.2.1/stax2-api-4.2.1.jar:/home/runner/.m2/repository/com/fasterxml/woodstox/woodstox-core/5.4.0/woodstox-core-5.4.0.jar:/home/runner/.m2/repository/dnsjava/dnsjava/2.1.7/dnsjava-2.1.7.jar:/home/runner/.m2/repository/org/xerial/snappy/snappy-java/1.1.8.2/snappy-java-1.1.8.2.jar:/home/runner/.m2/repository/commons-cli/commons-cli/1.2/commons-cli-1.2.jar:/home/runner/.m2/repository/org/apache/hadoop/hadoop-hdfs/3.3.6/hadoop-hdfs-3.3.6.jar:/home/runner/.m2/repository/commons-daemon/commons-daemon/1.0.13/commons-daemon-1.0.13.jar:/home/runner/work/ozone/ozone/hadoop-hdds/rocksdb-checkpoint-differ/target/classes:/home/runner/.m2/repository/org/rocksdb/rocksdbjni/7.7.3/rocksdbjni-7.7.3.jar:/home/runner/.m2/repository/org/jgrapht/jgrapht-core/1.0.1/jgrapht-core-1.0.1.jar:/home/runner/.m2/repository/org/jgrapht/jgrapht-ext/1.0.1/jgrapht-ext-1.0.1.jar:/home/runner/.m2/repository/org/tinyjee/jgraphx/jgraphx/2.0.0.1/jgraphx-2.0.0.1.jar:/home/runner/.m2/repository/jgraph/jgraph/5.13.0.0/jgraph-5.13.0.0.jar:/home/runner/.m2/repository/org/antlr/antlr4-runtime/4.5.3/antlr4-runtime-4.5.3.jar:/home/runner/.m2/repository/org/bouncycastle/bcprov-jdk15on/1.67/bcprov-jdk15on-1.67.jar:/home/runner/.m2/repository/io/netty/netty-tcnative-boringssl-static/2.0.61.Final/netty-tcnative-boringssl-static-2.0.61.Final.jar:/home/runner/.m2/repository/io/netty/netty-tcnative-classes/2.0.61.Final/netty-tcnative-classes-2.0.61.Final.jar:/home/runner/.m2/repository/io/netty/netty-tcnative-boringssl-static/2.0.61.Final/netty-tcnative-boringssl-static-2.0.61.Final-linux-x86_64.jar:/home/runner/.m2/repository/io/netty/netty-tcnative-boringssl-static/2.0.61.Final/netty-tcnative-boringssl-static-2.0.61.Final-linux-aarch_64.jar:/home/runner/.m2/repository/io/netty/netty-tcnative-boringssl-static/2.0.61.Final/netty-tcnative-boringssl-static-2.0.61.Final-osx-x86_64.jar:/home/runner/.m2/repository/io/netty/netty-tcnative-boringssl-static/2.0.61.Final/netty-tcnative-boringssl-static-2.0.61.Final-osx-aarch_64.jar:/home/runner/.m2/repository/io/netty/netty-tcnative-boringssl-static/2.0.61.Final/netty-tcnative-boringssl-static-2.0.61.Final-windows-x86_64.jar:/home/runner/.m2/repository/org/mockito/mockito-core/3.5.9/mockito-core-3.5.9.jar:/home/runner/.m2/repository/net/bytebuddy/byte-buddy/1.10.13/byte-buddy-1.10.13.jar:/home/runner/.m2/repository/net/bytebuddy/byte-buddy-agent/1.10.13/byte-buddy-agent-1.10.13.jar:/home/runner/.m2/repository/org/objenesis/objenesis/1.0/objenesis-1.0.jar:/home/runner/.m2/repository/com/github/spotbugs/spotbugs-annotations/3.1.12/spotbugs-annotations-3.1.12.jar:/home/runner/work/ozone/ozone/hadoop-hdds/common/target/test-classes:/home/runner/work/ozone/ozone/hadoop-hdds/hadoop-dependency-client/target/classes:/home/runner/.m2/repository/info/picocli/picocli/4.6.1/picocli-4.6.1.jar:/home/runner/.m2/repository/com/fasterxml/jackson/core/jackson-annotations/2.13.4/jackson-annotations-2.13.4.jar:/home/runner/work/ozone/ozone/hadoop-hdds/annotations/target/classes:/home/runner/work/ozone/ozone/hadoop-hdds/config/target/classes:/home/runner/.m2/repository/io/dropwizard/metrics/metrics-core/3.2.4/metrics-core-3.2.4.jar:/home/runner/.m2/repository/org/apache/ratis/ratis-netty/2.5.1/ratis-netty-2.5.1.jar:/home/runner/.m2/repository/org/apache/ratis/ratis-grpc/2.5.1/ratis-grpc-2.5.1.jar:/home/runner/.m2/repository/org/apache/commons/commons-pool2/2.6.0/commons-pool2-2.6.0.jar:/home/runner/.m2/repository/org/bouncycastle/bcpkix-jdk15on/1.67/bcpkix-jdk15on-1.67.jar:/home/runner/.m2/repository/commons-validator/commons-validator/1.6/commons-validator-1.6.jar:/home/runner/.m2/repository/commons-digester/commons-digester/1.8.1/commons-digester-1.8.1.jar:/home/runner/.m2/repository/io/jaegertracing/jaeger-client/1.6.0/jaeger-client-1.6.0.jar:/home/runner/.m2/repository/io/jaegertracing/jaeger-thrift/1.6.0/jaeger-thrift-1.6.0.jar:/home/runner/.m2/repository/org/apache/thrift/libthrift/0.14.1/libthrift-0.14.1.jar:/home/runner/.m2/repository/io/jaegertracing/jaeger-core/1.6.0/jaeger-core-1.6.0.jar:/home/runner/.m2/repository/io/jaegertracing/jaeger-tracerresolver/1.6.0/jaeger-tracerresolver-1.6.0.jar:/home/runner/.m2/repository/io/opentracing/contrib/opentracing-tracerresolver/0.1.8/opentracing-tracerresolver-0.1.8.jar:/home/runner/.m2/repository/org/jetbrains/kotlin/kotlin-stdlib/1.6.21/kotlin-stdlib-1.6.21.jar:/home/runner/.m2/repository/org/jetbrains/annotations/13.0/annotations-13.0.jar:/home/runner/.m2/repository/io/opentracing/opentracing-util/0.33.0/opentracing-util-0.33.0.jar:/home/runner/.m2/repository/io/opentracing/opentracing-api/0.33.0/opentracing-api-0.33.0.jar:/home/runner/.m2/repository/io/opentracing/opentracing-noop/0.33.0/opentracing-noop-0.33.0.jar:/home/runner/.m2/repository/org/yaml/snakeyaml/2.0/snakeyaml-2.0.jar:/home/runner/.m2/repository/io/grpc/grpc-api/1.51.1/grpc-api-1.51.1.jar:/home/runner/.m2/repository/io/grpc/grpc-context/1.51.1/grpc-context-1.51.1.jar:/home/runner/work/ozone/ozone/hadoop-hdds/hadoop-dependency-test/target/classes:/home/runner/.m2/repository/org/apache/hadoop/hadoop-common/3.3.6/hadoop-common-3.3.6-tests.jar:/home/runner/.m2/repository/org/apache/hadoop/hadoop-hdfs/3.3.6/hadoop-hdfs-3.3.6-tests.jar:/home/runner/.m2/repository/commons-codec/commons-codec/1.15/commons-codec-1.15.jar:/home/runner/.m2/repository/org/assertj/assertj-core/3.12.2/assertj-core-3.12.2.jar:/home/runner/work/ozone/ozone/hadoop-hdds/server-scm/target/test-classes:/home/runner/work/ozone/ozone/hadoop-hdds/container-service/target/classes:/home/runner/.m2/repository/com/github/luben/zstd-jni/1.5.2-5/zstd-jni-1.5.2-5.jar:/home/runner/.m2/repository/javax/xml/bind/jaxb-api/2.3.0/jaxb-api-2.3.0.jar:/home/runner/.m2/repository/org/glassfish/jaxb/jaxb-runtime/2.3.0.1/jaxb-runtime-2.3.0.1.jar:/home/runner/.m2/repository/org/glassfish/jaxb/jaxb-core/2.3.0.1/jaxb-core-2.3.0.1.jar:/home/runner/.m2/repository/org/glassfish/jaxb/txw2/2.3.0.1/txw2-2.3.0.1.jar:/home/runner/.m2/repository/com/sun/istack/istack-commons-runtime/3.0.5/istack-commons-runtime-3.0.5.jar:/home/runner/.m2/repository/org/jvnet/staxex/stax-ex/1.7.8/stax-ex-1.7.8.jar:/home/runner/.m2/repository/com/sun/xml/fastinfoset/FastInfoset/1.2.13/FastInfoset-1.2.13.jar:/home/runner/.m2/repository/org/apache/commons/commons-text/1.10.0/commons-text-1.10.0.jar:/home/runner/.m2/repository/junit/junit/4.13.1/junit-4.13.1.jar:/home/runner/.m2/repository/org/hamcrest/hamcrest-core/1.3/hamcrest-core-1.3.jar:/home/runner/.m2/repository/org/jmockit/jmockit/1.24/jmockit-1.24.jar:/home/runner/.m2/repository/org/hamcrest/hamcrest-all/1.3/hamcrest-all-1.3.jar:/home/runner/.m2/repository/com/google/testing/compile/compile-testing/0.19/compile-testing-0.19.jar:/home/runner/.m2/repository/com/google/truth/truth/1.1/truth-1.1.jar:/home/runner/.m2/repository/com/google/auto/value/auto-value-annotations/1.7.4/auto-value-annotations-1.7.4.jar:/home/runner/.m2/repository/org/ow2/asm/asm/5.0.4/asm-5.0.4.jar:/home/runner/.m2/repository/com/google/auto/value/auto-value/1.7.4/auto-value-1.7.4.jar:/home/runner/.m2/repository/com/google/auto/auto-common/0.11/auto-common-0.11.jar:/usr/lib/jvm/temurin-8-jdk-amd64/jre/../lib/tools.jar:/home/runner/.m2/repository/org/reflections/reflections/0.9.11/reflections-0.9.11.jar:/home/runner/.m2/repository/org/javassist/javassist/3.21.0-GA/javassist-3.21.0-GA.jar:/home/runner/.m2/repository/com/sun/jersey/jersey-client/1.19/jersey-client-1.19.jar:/home/runner/.m2/repository/com/sun/jersey/jersey-core/1.19/jersey-core-1.19.jar:/home/runner/.m2/repository/javax/ws/rs/jsr311-api/1.1.1/jsr311-api-1.1.1.jar:/home/runner/.m2/repository/org/codehaus/jackson/jackson-core-asl/1.9.13/jackson-core-asl-1.9.13.jar:/home/runner/.m2/repository/org/codehaus/jackson/jackson-mapper-asl/1.9.13/jackson-mapper-asl-1.9.13.jar:/home/runner/.m2/repository/org/codehaus/jackson/jackson-jaxrs/1.9.13/jackson-jaxrs-1.9.13.jar:/home/runner/.m2/repository/org/apache/ranger/ranger-intg/2.3.0/ranger-intg-2.3.0.jar:/home/runner/.m2/repository/org/apache/ranger/ranger-plugins-common/2.3.0/ranger-plugins-common-2.3.0.jar:/home/runner/.m2/repository/commons-lang/commons-lang/2.6/commons-lang-2.6.jar:/home/runner/.m2/repository/org/apache/ranger/ranger-plugins-cred/2.3.0/ranger-plugins-cred-2.3.0.jar:/home/runner/.m2/repository/org/apache/ranger/ranger-plugins-audit/2.3.0/ranger-plugins-audit-2.3.0.jar:/home/runner/.m2/repository/org/eclipse/jetty/jetty-client/9.4.51.v20230217/jetty-client-9.4.51.v20230217.jar:/home/runner/.m2/repository/org/apache/httpcomponents/httpmime/4.5.6/httpmime-4.5.6.jar:/home/runner/.m2/repository/org/apache/httpcomponents/httpcore-nio/4.4.13/httpcore-nio-4.4.13.jar:/home/runner/.m2/repository/org/apache/httpcomponents/httpasyncclient/4.1.3/httpasyncclient-4.1.3.jar:/home/runner/.m2/repository/joda-time/joda-time/2.10.6/joda-time-2.10.6.jar:/home/runner/.m2/repository/com/carrotsearch/hppc/0.8.0/hppc-0.8.0.jar:/home/runner/.m2/repository/org/apache/orc/orc-core/1.5.8/orc-core-1.5.8.jar:/home/runner/.m2/repository/net/java/dev/jna/jna/5.2.0/jna-5.2.0.jar:/home/runner/.m2/repository/net/java/dev/jna/jna-platform/5.2.0/jna-platform-5.2.0.jar:/home/runner/.m2/repository/com/kstruct/gethostname4j/0.0.2/gethostname4j-0.0.2.jar:/home/runner/.m2/repository/org/apache/ranger/ranger-plugin-classloader/2.3.0/ranger-plugin-classloader-2.3.0.jar:/home/runner/.m2/repository/org/junit/jupiter/junit-jupiter-params/5.8.2/junit-jupiter-params-5.8.2.jar:/home/runner/.m2/repository/org/apiguardian/apiguardian-api/1.1.2/apiguardian-api-1.1.2.jar:/home/runner/work/ozone/ozone/hadoop-hdds/rocks-native/target/classes:/home/runner/.m2/repository/org/eclipse/jetty/jetty-io/9.4.51.v20230217/jetty-io-9.4.51.v20230217.jar:/home/runner/.m2/repository/org/mockito/mockito-junit-jupiter/3.5.9/mockito-junit-jupiter-3.5.9.jar:"/>
    <property name="sun.cpu.endian" value="little"/>
    <property name="user.home" value="/home/runner"/>
    <property name="user.language" value="en"/>
    <property name="java.specification.vendor" value="Oracle Corporation"/>
    <property name="java.home" value="/usr/lib/jvm/temurin-8-jdk-amd64/jre"/>
    <property name="java.security.krb5.conf" value="/home/runner/work/ozone/ozone/hadoop-ozone/ozone-manager/target/test-classes/krb5.conf"/>
    <property name="file.separator" value="/"/>
    <property name="basedir" value="/home/runner/work/ozone/ozone/hadoop-ozone/ozone-manager"/>
    <property name="line.separator" value="&#10;"/>
    <property name="java.vm.specification.vendor" value="Oracle Corporation"/>
    <property name="java.specification.name" value="Java Platform API Specification"/>
    <property name="skip.installnpx" value="true"/>
    <property name="java.awt.graphicsenv" value="sun.awt.X11GraphicsEnvironment"/>
    <property name="surefire.real.class.path" value="/home/runner/work/ozone/ozone/hadoop-ozone/ozone-manager/target/surefire/surefirebooter2867938466301542812.jar:/home/runner/.m2/repository/org/jacoco/org.jacoco.agent/0.8.5/org.jacoco.agent-0.8.5-runtime.jar"/>
    <property name="sun.boot.class.path" value="/usr/lib/jvm/temurin-8-jdk-amd64/jre/lib/resources.jar:/usr/lib/jvm/temurin-8-jdk-amd64/jre/lib/rt.jar:/usr/lib/jvm/temurin-8-jdk-amd64/jre/lib/sunrsasign.jar:/usr/lib/jvm/temurin-8-jdk-amd64/jre/lib/jsse.jar:/usr/lib/jvm/temurin-8-jdk-amd64/jre/lib/jce.jar:/usr/lib/jvm/temurin-8-jdk-amd64/jre/lib/charsets.jar:/usr/lib/jvm/temurin-8-jdk-amd64/jre/lib/jfr.jar:/usr/lib/jvm/temurin-8-jdk-amd64/jre/classes"/>
    <property name="hadoop.log.dir" value="/home/runner/work/ozone/ozone/hadoop-ozone/ozone-manager/target/log"/>
    <property name="sun.management.compiler" value="HotSpot 64-Bit Tiered Compilers"/>
    <property name="java.runtime.version" value="1.8.0_382-b05"/>
    <property name="skip.npx" value="true"/>
    <property name="user.name" value="runner"/>
    <property name="java.net.preferIPv4Stack" value="true"/>
    <property name="path.separator" value=":"/>
    <property name="java.security.egd" value="file:///dev/urandom"/>
    <property name="os.version" value="5.15.0-1045-azure"/>
    <property name="java.endorsed.dirs" value="/usr/lib/jvm/temurin-8-jdk-amd64/jre/lib/endorsed"/>
    <property name="java.runtime.name" value="OpenJDK Runtime Environment"/>
    <property name="file.encoding" value="UTF-8"/>
    <property name="OZONE_CONF_DIR" value="/"/>
    <property name="java.vm.name" value="OpenJDK 64-Bit Server VM"/>
    <property name="test.build.webapps" value=""/>
    <property name="localRepository" value="/home/runner/.m2/repository"/>
    <property name="jetty.git.hash" value="b45c405e4544384de066f814ed42ae3dceacdd49"/>
    <property name="java.vendor.url.bug" value="https://github.com/adoptium/adoptium-support/issues"/>
    <property name="require.test.libhadoop" value=""/>
    <property name="java.io.tmpdir" value="/tmp"/>
    <property name="java.version" value="1.8.0_382"/>
    <property name="user.dir" value="/home/runner/work/ozone/ozone/hadoop-ozone/ozone-manager"/>
    <property name="os.arch" value="amd64"/>
    <property name="test.build.classes" value="/home/runner/work/ozone/ozone/hadoop-ozone/ozone-manager/target/test-classes"/>
    <property name="java.vm.specification.name" value="Java Virtual Machine Specification"/>
    <property name="java.awt.printerjob" value="sun.print.PSPrinterJob"/>
    <property name="sun.os.patch.level" value="unknown"/>
    <property name="excludedGroups" value="native"/>
    <property name="org.apache.ratis.thirdparty.io.netty.allocator.useCacheForAllThreads" value="false"/>
    <property name="hadoop.tmp.dir" value="/home/runner/work/ozone/ozone/hadoop-ozone/ozone-manager/target/tmp"/>
    <property name="java.library.path" value="/usr/java/packages/lib/amd64:/usr/lib64:/lib64:/lib:/usr/lib"/>
    <property name="java.vendor" value="Temurin"/>
    <property name="java.vm.info" value="mixed mode"/>
    <property name="java.vm.version" value="25.382-b05"/>
    <property name="java.specification.maintenance.version" value="5"/>
    <property name="sun.io.unicode.encoding" value="UnicodeLittle"/>
    <property name="java.ext.dirs" value="/usr/lib/jvm/temurin-8-jdk-amd64/jre/lib/ext:/usr/java/packages/lib/ext"/>
    <property name="java.class.version" value="52.0"/>
  </properties>
  <testcase name="testCleanupExpiredOpenKeys(int, int, boolean)[1]" classname="org.apache.hadoop.ozone.om.service.TestOpenKeyCleanupService" time="20.765">
    <system-out><![CDATA[2023-09-13 16:02:41,092 [main] WARN  server.ServerUtils (ServerUtils.java:getDBPath(311)) - ozone.om.db.dirs is not configured. We recommend adding this setting. Falling back to ozone.metadata.dirs instead.
2023-09-13 16:02:41,635 [main] INFO  audit.AuditLogger (AuditLogger.java:refreshDebugCmdSet(126)) - Refresh DebugCmdSet for OMAudit to [].
2023-09-13 16:02:41,857 [main] INFO  ha.OMHANodeDetails (OMHANodeDetails.java:loadOMHAConfig(115)) - ozone.om.internal.service.id is not defined, falling back to ozone.om.service.ids to find serviceID for OzoneManager if it is HA enabled cluster
2023-09-13 16:02:41,941 [main] INFO  ha.OMHANodeDetails (OMHANodeDetails.java:loadOMHAConfig(226)) - Configuration does not have ozone.om.address set. Falling back to the default OM address /0.0.0.0:9862
2023-09-13 16:02:41,942 [main] INFO  ha.OMHANodeDetails (OMHANodeDetails.java:getOMNodeDetailsForNonHA(254)) - OM Service ID is not set. Setting it to the default ID: omServiceIdDefault
2023-09-13 16:02:41,942 [main] INFO  ha.OMHANodeDetails (OMHANodeDetails.java:getOMNodeDetailsForNonHA(261)) - OM Node ID is not set. Setting it to the default ID: om1
2023-09-13 16:02:41,951 [main] WARN  server.ServerUtils (ServerUtils.java:getDBPath(311)) - ozone.om.db.dirs is not configured. We recommend adding this setting. Falling back to ozone.metadata.dirs instead.
2023-09-13 16:02:41,963 [main] INFO  upgrade.AbstractLayoutVersionManager (AbstractLayoutVersionManager.java:init(83)) - Initializing Layout version manager with metadata layout = QUOTA (version = 6), software layout = QUOTA (version = 6)
2023-09-13 16:02:42,159 [main] INFO  reflections.Reflections (Reflections.java:scan(232)) - Reflections took 158 ms to scan 2 urls, producing 187 keys and 515 values [using 2 cores]
2023-09-13 16:02:42,177 [main] INFO  upgrade.OMLayoutVersionManager (OMLayoutVersionManager.java:lambda$0(115)) - Skipping Upgrade Action QuotaRepairUpgradeAction since it has been finalized.
2023-09-13 16:02:42,178 [main] INFO  upgrade.OMLayoutVersionManager (OMLayoutVersionManager.java:lambda$0(115)) - Skipping Upgrade Action MockOmUpgradeAction since it has been finalized.
2023-09-13 16:02:42,211 [main] WARN  server.ServerUtils (ServerUtils.java:getDBPath(311)) - ozone.om.db.dirs is not configured. We recommend adding this setting. Falling back to ozone.metadata.dirs instead.
2023-09-13 16:02:42,272 [main] WARN  util.NativeCodeLoader (NativeCodeLoader.java:<clinit>(60)) - Unable to load native-hadoop library for your platform... using builtin-java classes where applicable
2023-09-13 16:02:42,538 [main] INFO  proxy.SCMBlockLocationFailoverProxyProvider (SCMBlockLocationFailoverProxyProvider.java:<init>(114)) - Created block location fail-over proxy with 1 nodes: [nodeId=scmNodeId,nodeAddress=/127.0.0.1:9863]
2023-09-13 16:02:42,969 [main] INFO  om.OzoneManager (OzoneManager.java:<init>(665)) - OM start with adminUsers: [runner]
2023-09-13 16:02:42,988 [main] WARN  server.ServerUtils (ServerUtils.java:getDBPath(311)) - ozone.om.db.dirs is not configured. We recommend adding this setting. Falling back to ozone.metadata.dirs instead.
2023-09-13 16:02:43,155 [main] INFO  helpers.OmKeyInfo (OmKeyInfo.java:getCodec(71)) - OmKeyInfo.getCodec ignorePipeline = true
2023-09-13 16:02:43,479 [main] INFO  om.OzoneManager (OzoneManager.java:instantiateServices(794)) - S3 Multi-Tenancy is disabled
2023-09-13 16:02:43,506 [main] INFO  security.OzoneSecretStore (OzoneSecretStore.java:loadState(69)) - Loaded 0 tokens
2023-09-13 16:02:43,507 [main] INFO  security.OzoneDelegationTokenSecretManager (OzoneDelegationTokenSecretManager.java:loadTokenSecretState(530)) - Loading token state into token manager.
2023-09-13 16:02:43,571 [main] INFO  om.OmSnapshotManager (OmSnapshotManager.java:<init>(174)) - Ozone filesystem snapshot feature is enabled.
2023-09-13 16:02:43,589 [main] WARN  server.ServerUtils (ServerUtils.java:getDBPath(311)) - ozone.om.snapshot.diff.db.dir is not configured. We recommend adding this setting. Falling back to ozone.metadata.dirs instead.
2023-09-13 16:02:43,663 [main] INFO  utils.NativeLibraryLoader (NativeLibraryLoader.java:loadLibrary(108)) - Loading Library: ozone_rocksdb_tools
2023-09-13 16:02:43,664 [main] INFO  snapshot.SnapshotDiffManager (SnapshotDiffManager.java:closeExecutorService(1706)) - Shutting down executorService: 'SstDumpToolExecutor'
2023-09-13 16:02:43,838 [main] INFO  om.OzoneManager (OzoneManager.java:addS3GVolumeToDB(4305)) - Created Volume s3v With Owner runner required for S3Gateway operations.
2023-09-13 16:02:43,919 [main] WARN  server.ServerUtils (ServerUtils.java:getDefaultRatisDirectory(323)) - Storage directory for Ratis is not configured. It is a good idea to map this to an SSD disk. Falling back to ozone.metadata.dirs
2023-09-13 16:02:43,920 [main] WARN  utils.OzoneManagerRatisUtils (OzoneManagerRatisUtils.java:getOMRatisSnapshotDirectory(464)) - ozone.om.ratis.snapshot.dir is not configured. Falling back to ozone.metadata.dirs config
2023-09-13 16:02:43,944 [main] INFO  metrics.MetricRegistries (MetricRegistriesLoader.java:load(64)) - Loaded MetricRegistries class org.apache.ratis.metrics.impl.MetricRegistriesImpl
2023-09-13 16:02:43,958 [main] WARN  server.ServerUtils (ServerUtils.java:getDefaultRatisDirectory(323)) - Storage directory for Ratis is not configured. It is a good idea to map this to an SSD disk. Falling back to ozone.metadata.dirs
2023-09-13 16:02:43,988 [main] INFO  ratis.OzoneManagerRatisServer (OzoneManagerRatisServer.java:<init>(163)) - Instantiating OM Ratis server with groupID: omServiceIdDefault and peers: 0.0.0.0:9872
2023-09-13 16:02:44,000 [main] INFO  ratis.OzoneManagerStateMachine (OzoneManagerStateMachine.java:loadSnapshotInfoFromDB(687)) - LastAppliedIndex is set from TransactionInfo from OM DB as (t:0, i:~)
2023-09-13 16:02:44,069 [main] INFO  server.RaftServer (ConfUtils.java:logGet(46)) - raft.rpc.type = GRPC (default)
2023-09-13 16:02:44,080 [main] INFO  grpc.GrpcConfigKeys (ConfUtils.java:logFallback(53)) - raft.grpc.admin.host = null (fallback to raft.grpc.server.host)
2023-09-13 16:02:44,081 [main] INFO  grpc.GrpcConfigKeys (ConfUtils.java:logFallback(53)) - raft.grpc.admin.port = 9872 (fallback to raft.grpc.server.port)
2023-09-13 16:02:44,083 [main] INFO  grpc.GrpcConfigKeys (ConfUtils.java:logFallback(53)) - raft.grpc.client.host = null (fallback to raft.grpc.server.host)
2023-09-13 16:02:44,083 [main] INFO  grpc.GrpcConfigKeys (ConfUtils.java:logFallback(53)) - raft.grpc.client.port = 9872 (fallback to raft.grpc.server.port)
2023-09-13 16:02:44,084 [main] INFO  grpc.GrpcConfigKeys (ConfUtils.java:logGet(46)) - raft.grpc.server.host = null (default)
2023-09-13 16:02:44,084 [main] INFO  grpc.GrpcConfigKeys (ConfUtils.java:logGet(46)) - raft.grpc.server.port = 9872 (custom)
2023-09-13 16:02:44,085 [main] INFO  server.GrpcService (ConfUtils.java:logGet(46)) - raft.grpc.message.size.max = 33554432 (custom)
2023-09-13 16:02:44,087 [main] INFO  server.RaftServerConfigKeys (ConfUtils.java:logGet(46)) - raft.server.log.appender.buffer.byte-limit = 33554432 (custom)
2023-09-13 16:02:44,088 [main] INFO  server.GrpcService (ConfUtils.java:logGet(46)) - raft.grpc.flow.control.window = 1MB (=1048576) (default)
2023-09-13 16:02:44,089 [main] INFO  server.RaftServerConfigKeys (ConfUtils.java:logGet(46)) - raft.server.rpc.request.timeout = 3000ms (default)
2023-09-13 16:02:44,100 [main] INFO  grpc.GrpcConfigKeys (ConfUtils.java:logGet(46)) - raft.grpc.server.heartbeat.channel = true (default)
2023-09-13 16:02:44,103 [main] INFO  grpc.GrpcConfigKeys (ConfUtils.java:logGet(46)) - raft.grpc.server.async.request.thread.pool.cached = true (default)
2023-09-13 16:02:44,104 [main] INFO  grpc.GrpcConfigKeys (ConfUtils.java:logGet(46)) - raft.grpc.server.async.request.thread.pool.size = 32 (default)
2023-09-13 16:02:44,308 [main] INFO  impl.DataStreamServerImpl (ConfUtils.java:logGet(46)) - raft.datastream.type = DISABLED (default)
2023-09-13 16:02:44,311 [main] INFO  server.RaftServerConfigKeys (ConfUtils.java:logGet(46)) - raft.server.threadpool.proxy.cached = true (default)
2023-09-13 16:02:44,312 [main] INFO  server.RaftServerConfigKeys (ConfUtils.java:logGet(46)) - raft.server.threadpool.proxy.size = 0 (default)
2023-09-13 16:02:44,312 [main] INFO  server.RaftServerConfigKeys (ConfUtils.java:logGet(46)) - raft.server.rpc.slowness.timeout = 120s (custom)
2023-09-13 16:02:44,313 [main] INFO  server.RaftServerConfigKeys (ConfUtils.java:logGet(46)) - raft.server.leaderelection.leader.step-down.wait-time = 10s (default)
2023-09-13 16:02:44,316 [main] INFO  server.RaftServerConfigKeys (ConfUtils.java:logGet(46)) - raft.server.storage.dir = [/tmp/junit2682497944894620984/ratis] (custom)
2023-09-13 16:02:44,325 [main] INFO  server.RaftServer (RaftServerProxy.java:addNew(98)) - om1: addNew group-C5BA1605619E:[om1|rpc:0.0.0.0:9872|priority:0|startupRole:FOLLOWER] returns group-C5BA1605619E:java.util.concurrent.CompletableFuture@234ad505[Not completed]
2023-09-13 16:02:44,325 [main] INFO  om.OzoneManager (OzoneManager.java:initializeRatisServer(2148)) - OzoneManager Ratis server initialized at port 9872
2023-09-13 16:02:44,329 [main] INFO  om.OzoneManager (OzoneManager.java:getRpcServer(1196)) - Creating RPC Server
2023-09-13 16:02:44,368 [om1-groupManagement] INFO  server.RaftServer$Division (RaftServerImpl.java:<init>(198)) - om1: new RaftServerImpl for group-C5BA1605619E:[om1|rpc:0.0.0.0:9872|priority:0|startupRole:FOLLOWER] with OzoneManagerStateMachine:uninitialized
2023-09-13 16:02:44,370 [om1-groupManagement] INFO  server.RaftServerConfigKeys (ConfUtils.java:logGet(46)) - raft.server.rpc.timeout.min = 5s (custom)
2023-09-13 16:02:44,372 [om1-groupManagement] INFO  server.RaftServerConfigKeys (ConfUtils.java:logGet(46)) - raft.server.rpc.timeout.max = 5200ms (custom)
2023-09-13 16:02:44,372 [om1-groupManagement] INFO  server.RaftServerConfigKeys (ConfUtils.java:logGet(46)) - raft.server.rpc.sleep.time = 25ms (default)
2023-09-13 16:02:44,372 [om1-groupManagement] INFO  server.RaftServerConfigKeys (ConfUtils.java:logGet(46)) - raft.server.rpc.slowness.timeout = 120s (custom)
2023-09-13 16:02:44,372 [om1-groupManagement] INFO  server.RaftServerConfigKeys (ConfUtils.java:logGet(46)) - raft.server.leaderelection.leader.step-down.wait-time = 10s (default)
2023-09-13 16:02:44,372 [om1-groupManagement] INFO  server.RaftServerConfigKeys (ConfUtils.java:logGet(46)) - raft.server.sleep.deviation.threshold = 300ms (default)
2023-09-13 16:02:44,387 [om1-groupManagement] INFO  server.RaftServer$Division (ServerState.java:<init>(120)) - om1@group-C5BA1605619E: ConfigurationManager, init=-1: peers:[om1|rpc:0.0.0.0:9872|priority:0|startupRole:FOLLOWER]|listeners:[], old=null, confs=<EMPTY_MAP>
2023-09-13 16:02:44,388 [om1-groupManagement] INFO  server.RaftServerConfigKeys (ConfUtils.java:logGet(46)) - raft.server.storage.dir = [/tmp/junit2682497944894620984/ratis] (custom)
2023-09-13 16:02:44,414 [om1-groupManagement] INFO  server.RaftServerConfigKeys (ConfUtils.java:logGet(46)) - raft.server.log.corruption.policy = EXCEPTION (default)
2023-09-13 16:02:44,414 [om1-groupManagement] INFO  server.RaftServerConfigKeys (ConfUtils.java:logGet(46)) - raft.server.storage.free-space.min = 0MB (=0) (default)
2023-09-13 16:02:44,424 [om1-groupManagement] INFO  server.RaftServerConfigKeys (ConfUtils.java:logGet(46)) - raft.server.notification.no-leader.timeout = 120s (custom)
2023-09-13 16:02:44,438 [om1-groupManagement] INFO  server.RaftServerConfigKeys (ConfUtils.java:logGet(46)) - raft.server.read.timeout = 10s (default)
2023-09-13 16:02:44,450 [om1-groupManagement] INFO  server.RaftServerConfigKeys (ConfUtils.java:logGet(46)) - raft.server.retrycache.expirytime = 300s (custom)
2023-09-13 16:02:44,450 [om1-groupManagement] INFO  server.RaftServerConfigKeys (ConfUtils.java:logGet(46)) - raft.server.retrycache.statistics.expirytime = 100μs (default)
2023-09-13 16:02:44,527 [om1-groupManagement] INFO  server.RaftServerConfigKeys (ConfUtils.java:logGet(46)) - raft.server.read.option = DEFAULT (default)
2023-09-13 16:02:44,600 [om1-groupManagement] INFO  server.RaftServerConfigKeys (ConfUtils.java:logGet(46)) - raft.server.rpc.request.timeout = 3000ms (default)
2023-09-13 16:02:44,603 [om1-groupManagement] INFO  server.RaftServerConfigKeys (ConfUtils.java:logGet(46)) - raft.server.log.appender.install.snapshot.enabled = false (custom)
2023-09-13 16:02:44,604 [om1-groupManagement] INFO  server.RaftServerConfigKeys (ConfUtils.java:logGet(46)) - raft.server.threadpool.server.cached = true (default)
2023-09-13 16:02:44,604 [om1-groupManagement] INFO  server.RaftServerConfigKeys (ConfUtils.java:logGet(46)) - raft.server.threadpool.server.size = 0 (default)
2023-09-13 16:02:44,604 [om1-groupManagement] INFO  server.RaftServerConfigKeys (ConfUtils.java:logGet(46)) - raft.server.threadpool.client.cached = true (default)
2023-09-13 16:02:44,605 [om1-groupManagement] INFO  server.RaftServerConfigKeys (ConfUtils.java:logGet(46)) - raft.server.threadpool.client.size = 0 (default)
2023-09-13 16:02:44,877 [main] INFO  reflections.Reflections (Reflections.java:scan(232)) - Reflections took 485 ms to scan 12 urls, producing 50 keys and 2980 values [using 2 cores]
2023-09-13 16:02:45,057 [main] INFO  ipc.CallQueueManager (CallQueueManager.java:<init>(90)) - Using callQueue: class java.util.concurrent.LinkedBlockingQueue, queueCapacity: 10000, scheduler: class org.apache.hadoop.ipc.DefaultRpcScheduler, ipcBackoff: false.
2023-09-13 16:02:45,097 [main] INFO  ipc.Server (Server.java:<init>(1287)) - Listener at 0.0.0.0:9862
2023-09-13 16:02:45,100 [Socket Reader #1 for port 9862] INFO  ipc.Server (Server.java:run(1323)) - Starting Socket Reader #1 for port 9862
2023-09-13 16:02:46,017 [main] WARN  impl.MetricsConfig (MetricsConfig.java:loadFirst(136)) - Cannot locate configuration: tried hadoop-metrics2-ozonemanager.properties,hadoop-metrics2.properties
2023-09-13 16:02:46,037 [main] INFO  impl.MetricsSystemImpl (MetricsSystemImpl.java:startTimer(378)) - Scheduled Metric snapshot period at 10 second(s).
2023-09-13 16:02:46,037 [main] INFO  impl.MetricsSystemImpl (MetricsSystemImpl.java:start(191)) - OzoneManager metrics system started
2023-09-13 16:02:46,140 [main] INFO  om.OzoneManager (OzoneManager.java:start(1633)) - OzoneManager RPC server is listening at /0.0.0.0:9862
2023-09-13 16:02:46,140 [main] INFO  ratis.OzoneManagerRatisServer (OzoneManagerRatisServer.java:start(558)) - Starting OzoneManagerRatisServer om1 at port 9872
2023-09-13 16:02:46,145 [om1-impl-thread1] INFO  storage.RaftStorageDirectory (RaftStorageDirectoryImpl.java:analyzeStorage(137)) - The storage directory /tmp/junit2682497944894620984/ratis/bf265839-605b-3f16-9796-c5ba1605619e does not exist. Creating ...
2023-09-13 16:02:46,150 [om1-impl-thread1] INFO  storage.RaftStorageDirectory (RaftStorageDirectoryImpl.java:tryLock(231)) - Lock on /tmp/junit2682497944894620984/ratis/bf265839-605b-3f16-9796-c5ba1605619e/in_use.lock acquired by nodename 188718@fv-az937-94
2023-09-13 16:02:46,159 [om1-impl-thread1] INFO  storage.RaftStorage (RaftStorageImpl.java:format(96)) - Storage directory /tmp/junit2682497944894620984/ratis/bf265839-605b-3f16-9796-c5ba1605619e has been successfully formatted.
2023-09-13 16:02:46,165 [om1-impl-thread1] INFO  server.RaftServerConfigKeys (ConfUtils.java:logGet(46)) - raft.server.log.use.memory = false (default)
2023-09-13 16:02:46,173 [om1-impl-thread1] INFO  server.RaftServerConfigKeys (ConfUtils.java:logGet(46)) - raft.server.log.purge.gap = 1000000 (custom)
2023-09-13 16:02:46,174 [om1-impl-thread1] INFO  server.RaftServerConfigKeys (ConfUtils.java:logGet(46)) - raft.server.log.appender.buffer.byte-limit = 33554432 (custom)
2023-09-13 16:02:46,175 [om1-impl-thread1] INFO  server.RaftServerConfigKeys (ConfUtils.java:logGet(46)) - raft.server.log.statemachine.data.read.timeout = 1000ms (default)
2023-09-13 16:02:46,178 [om1-impl-thread1] INFO  server.RaftServerConfigKeys (ConfUtils.java:logGet(46)) - raft.server.log.purge.preservation.log.num = 0 (default)
2023-09-13 16:02:46,181 [om1-impl-thread1] INFO  server.RaftServerConfigKeys (ConfUtils.java:logGet(46)) - raft.server.log.segment.size.max = 4194304 (custom)
2023-09-13 16:02:46,188 [om1-impl-thread1] INFO  server.RaftServerConfigKeys (ConfUtils.java:logGet(46)) - raft.server.log.segment.cache.num.max = 2 (custom)
2023-09-13 16:02:46,189 [om1-impl-thread1] INFO  server.RaftServerConfigKeys (ConfUtils.java:logGet(46)) - raft.server.log.segment.cache.size.max = 200MB (=209715200) (default)
2023-09-13 16:02:46,189 [om1-impl-thread1] INFO  server.RaftServerConfigKeys (ConfUtils.java:logGet(46)) - raft.server.log.appender.buffer.byte-limit = 33554432 (custom)
2023-09-13 16:02:46,195 [om1-impl-thread1] INFO  segmented.SegmentedRaftLogWorker (SegmentedRaftLogWorker.java:<init>(188)) - new om1@group-C5BA1605619E-SegmentedRaftLogWorker for RaftStorageImpl:Storage Directory /tmp/junit2682497944894620984/ratis/bf265839-605b-3f16-9796-c5ba1605619e
2023-09-13 16:02:46,196 [om1-impl-thread1] INFO  server.RaftServerConfigKeys (ConfUtils.java:logGet(46)) - raft.server.log.queue.byte-limit = 64MB (=67108864) (default)
2023-09-13 16:02:46,197 [om1-impl-thread1] INFO  server.RaftServerConfigKeys (ConfUtils.java:logGet(46)) - raft.server.log.queue.element-limit = 4096 (default)
2023-09-13 16:02:46,198 [om1-impl-thread1] INFO  server.RaftServerConfigKeys (ConfUtils.java:logGet(46)) - raft.server.log.segment.size.max = 4194304 (custom)
2023-09-13 16:02:46,198 [om1-impl-thread1] INFO  server.RaftServerConfigKeys (ConfUtils.java:logGet(46)) - raft.server.log.preallocated.size = 4194304 (custom)
2023-09-13 16:02:46,199 [om1-impl-thread1] INFO  server.RaftServerConfigKeys (ConfUtils.java:logGet(46)) - raft.server.log.force.sync.num = 128 (default)
2023-09-13 16:02:46,201 [om1-impl-thread1] INFO  server.RaftServerConfigKeys (ConfUtils.java:logGet(46)) - raft.server.log.statemachine.data.sync = true (default)
2023-09-13 16:02:46,201 [om1-impl-thread1] INFO  server.RaftServerConfigKeys (ConfUtils.java:logGet(46)) - raft.server.log.statemachine.data.sync.timeout = 10s (default)
2023-09-13 16:02:46,202 [om1-impl-thread1] INFO  server.RaftServerConfigKeys (ConfUtils.java:logGet(46)) - raft.server.log.statemachine.data.sync.timeout.retry = -1 (default)
2023-09-13 16:02:46,227 [om1-impl-thread1] INFO  server.RaftServerConfigKeys (ConfUtils.java:logGet(46)) - raft.server.log.write.buffer.size = 64KB (=65536) (default)
2023-09-13 16:02:46,228 [om1-impl-thread1] INFO  server.RaftServerConfigKeys (ConfUtils.java:logGet(46)) - raft.server.log.appender.buffer.byte-limit = 33554432 (custom)
2023-09-13 16:02:46,233 [om1-impl-thread1] INFO  server.RaftServerConfigKeys (ConfUtils.java:logGet(46)) - raft.server.log.unsafe-flush.enabled = false (default)
2023-09-13 16:02:46,234 [om1-impl-thread1] INFO  server.RaftServerConfigKeys (ConfUtils.java:logGet(46)) - raft.server.log.async-flush.enabled = false (default)
2023-09-13 16:02:46,239 [om1-impl-thread1] INFO  server.RaftServerConfigKeys (ConfUtils.java:logGet(46)) - raft.server.log.statemachine.data.caching.enabled = false (default)
2023-09-13 16:02:46,249 [om1-impl-thread1] INFO  segmented.SegmentedRaftLogWorker (SegmentedRaftLogWorker.java:lambda$new$0(135)) - om1@group-C5BA1605619E-SegmentedRaftLogWorker: flushIndex: setUnconditionally 0 -> -1
2023-09-13 16:02:46,250 [om1-impl-thread1] INFO  segmented.SegmentedRaftLogWorker (SegmentedRaftLogWorker.java:lambda$new$0(135)) - om1@group-C5BA1605619E-SegmentedRaftLogWorker: safeCacheEvictIndex: setUnconditionally 0 -> -1
2023-09-13 16:02:46,252 [om1-impl-thread1] INFO  server.RaftServer$Division (RaftServerImpl.java:start(342)) - om1@group-C5BA1605619E: start as a follower, conf=-1: peers:[om1|rpc:0.0.0.0:9872|priority:0|startupRole:FOLLOWER]|listeners:[], old=null
2023-09-13 16:02:46,258 [om1-impl-thread1] INFO  server.RaftServer$Division (RaftServerImpl.java:setRole(329)) - om1@group-C5BA1605619E: changes role from      null to FOLLOWER at term 0 for startAsFollower
2023-09-13 16:02:46,260 [om1-impl-thread1] INFO  impl.RoleInfo (RoleInfo.java:updateAndGet(139)) - om1: start om1@group-C5BA1605619E-FollowerState
2023-09-13 16:02:46,261 [om1-impl-thread1] INFO  util.JmxRegister (JmxRegister.java:tryRegister(44)) - Successfully registered JMX Bean with object name Ratis:service=RaftServer,group=group-C5BA1605619E,id=om1
2023-09-13 16:02:46,263 [om1-impl-thread1] INFO  server.RaftServerConfigKeys (ConfUtils.java:logGet(46)) - raft.server.snapshot.auto.trigger.enabled = true (custom)
2023-09-13 16:02:46,264 [om1-impl-thread1] INFO  server.RaftServerConfigKeys (ConfUtils.java:logGet(46)) - raft.server.snapshot.auto.trigger.threshold = 400000 (default)
2023-09-13 16:02:46,264 [om1-impl-thread1] INFO  server.RaftServerConfigKeys (ConfUtils.java:logGet(46)) - raft.server.snapshot.retention.file.num = -1 (default)
2023-09-13 16:02:46,265 [om1-impl-thread1] INFO  server.RaftServerConfigKeys (ConfUtils.java:logGet(46)) - raft.server.log.purge.upto.snapshot.index = true (custom)
2023-09-13 16:02:46,272 [om1@group-C5BA1605619E-FollowerState] INFO  server.RaftServerConfigKeys (ConfUtils.java:logFallback(53)) - raft.server.rpc.first-election.timeout.min = 5s (fallback to raft.server.rpc.timeout.min)
2023-09-13 16:02:46,273 [om1@group-C5BA1605619E-FollowerState] INFO  server.RaftServerConfigKeys (ConfUtils.java:logFallback(53)) - raft.server.rpc.first-election.timeout.max = 5200ms (fallback to raft.server.rpc.timeout.max)
2023-09-13 16:02:46,279 [main] INFO  server.RaftServer (RaftServerProxy.java:startImpl(400)) - om1: start RPC server
2023-09-13 16:02:46,340 [main] INFO  server.GrpcService (GrpcService.java:startImpl(302)) - om1: GrpcService started, listening on 9872
2023-09-13 16:02:46,344 [main] INFO  om.OzoneManager (OzoneManager.java:start(1649)) - Version File has different layout version (6) than OM DB (null). That is expected if this OM has never been finalized to a newer layout version.
2023-09-13 16:02:46,354 [JvmPauseMonitor0] INFO  util.JvmPauseMonitor (JvmPauseMonitor.java:run(103)) - JvmPauseMonitor-om1: Started
2023-09-13 16:02:46,399 [main] INFO  http.BaseHttpServer (BaseHttpServer.java:newHttpServer2BuilderForOzone(223)) - Starting Web-server for ozoneManager at: http://0.0.0.0:9874
2023-09-13 16:02:46,399 [main] INFO  http.BaseHttpServer (BaseHttpServer.java:<init>(110)) - Hadoop Security Enabled: false Ozone Security Enabled: false Ozone HTTP Security Enabled: false 
2023-09-13 16:02:46,449 [main] INFO  util.log (Log.java:initialized(170)) - Logging initialized @8319ms to org.eclipse.jetty.util.log.Slf4jLog
2023-09-13 16:02:46,564 [main] WARN  server.AuthenticationFilter (AuthenticationFilter.java:constructSecretProvider(240)) - Unable to initialize FileSignerSecretProvider, falling back to use random secrets. Reason: Could not read signature secret file: /home/runner/hadoop-http-auth-signature-secret
2023-09-13 16:02:46,573 [main] INFO  http.HttpRequestLog (HttpRequestLog.java:getRequestLog(86)) - Http request log for http.requests.ozoneManager is not defined
2023-09-13 16:02:46,582 [main] INFO  http.HttpServer2 (HttpServer2.java:addGlobalFilter(1031)) - Added global filter 'safety' (class=org.apache.hadoop.hdds.server.http.HttpServer2$QuotingInputFilter)
2023-09-13 16:02:46,583 [main] INFO  http.HttpServer2 (HttpServer2.java:addFilter(1007)) - Added filter static_user_filter (class=org.apache.hadoop.http.lib.StaticUserWebFilter$StaticUserFilter) to context ozoneManager
2023-09-13 16:02:46,584 [main] INFO  http.HttpServer2 (HttpServer2.java:addFilter(1015)) - Added filter static_user_filter (class=org.apache.hadoop.http.lib.StaticUserWebFilter$StaticUserFilter) to context logs
2023-09-13 16:02:46,585 [main] INFO  http.HttpServer2 (HttpServer2.java:addFilter(1015)) - Added filter static_user_filter (class=org.apache.hadoop.http.lib.StaticUserWebFilter$StaticUserFilter) to context static
2023-09-13 16:02:46,636 [main] INFO  http.BaseHttpServer (BaseHttpServer.java:<init>(189)) - HTTP server of ozoneManager uses base directory /tmp/junit2682497944894620984/webserver
2023-09-13 16:02:46,645 [main] INFO  http.HttpServer2 (HttpServer2.java:bindListener(1231)) - Jetty bound to port 9874
2023-09-13 16:02:46,647 [main] INFO  server.Server (Server.java:doStart(375)) - jetty-9.4.51.v20230217; built: 2023-02-17T08:19:37.309Z; git: b45c405e4544384de066f814ed42ae3dceacdd49; jvm 1.8.0_382-b05
2023-09-13 16:02:46,676 [main] INFO  server.session (DefaultSessionIdManager.java:doStart(334)) - DefaultSessionIdManager workerName=node0
2023-09-13 16:02:46,677 [main] INFO  server.session (DefaultSessionIdManager.java:doStart(339)) - No SessionScavenger set, using defaults
2023-09-13 16:02:46,679 [main] INFO  server.session (HouseKeeper.java:startScavenging(132)) - node0 Scavenging every 660000ms
2023-09-13 16:02:46,693 [main] INFO  handler.ContextHandler (ContextHandler.java:doStart(921)) - Started o.e.j.s.ServletContextHandler@52336a97{logs,/logs,file:///home/runner/work/ozone/ozone/hadoop-ozone/ozone-manager/target/log,AVAILABLE}
2023-09-13 16:02:46,694 [main] INFO  handler.ContextHandler (ContextHandler.java:doStart(921)) - Started o.e.j.s.ServletContextHandler@62d6caf9{static,/static,file:///home/runner/work/ozone/ozone/hadoop-ozone/ozone-manager/target/classes/webapps/static,AVAILABLE}
2023-09-13 16:02:46,740 [main] INFO  handler.ContextHandler (ContextHandler.java:doStart(921)) - Started o.e.j.w.WebAppContext@31a19d25{ozoneManager,/,file:///home/runner/work/ozone/ozone/hadoop-ozone/ozone-manager/target/classes/webapps/ozoneManager/,AVAILABLE}{file:/home/runner/work/ozone/ozone/hadoop-ozone/ozone-manager/target/classes/webapps/ozoneManager}
2023-09-13 16:02:46,750 [main] INFO  server.AbstractConnector (AbstractConnector.java:doStart(333)) - Started ServerConnector@ac891b5{HTTP/1.1, (http/1.1)}{0.0.0.0:9874}
2023-09-13 16:02:46,750 [main] INFO  server.Server (Server.java:doStart(415)) - Started @8621ms
2023-09-13 16:02:46,754 [main] INFO  impl.MetricsSinkAdapter (MetricsSinkAdapter.java:start(204)) - Sink prometheus started
2023-09-13 16:02:46,755 [main] INFO  impl.MetricsSystemImpl (MetricsSystemImpl.java:registerSink(305)) - Registered sink prometheus
2023-09-13 16:02:46,756 [main] INFO  http.BaseHttpServer (BaseHttpServer.java:updateConnectorAddress(354)) - HTTP server of ozoneManager listening at http://0.0.0.0:9874
2023-09-13 16:02:46,758 [IPC Server Responder] INFO  ipc.Server (Server.java:run(1562)) - IPC Server Responder: starting
2023-09-13 16:02:46,808 [IPC Server listener on 9862] INFO  ipc.Server (Server.java:run(1402)) - IPC Server listener on 9862: starting
2023-09-13 16:02:46,833 [main] INFO  om.OzoneManager (OzoneManager.java:startTrashEmptier(2101)) - Trash Interval set to 0. Files deleted won't move to trash
2023-09-13 16:02:46,903 [main] INFO  om.GrpcOzoneManagerServer (GrpcOzoneManagerServer.java:start(180)) - GrpcOzoneManagerServer is started using port 8981
2023-09-13 16:02:49,261 [main] INFO  retry.RetryInvocationHandler (RetryInvocationHandler.java:log(422)) - com.google.protobuf.ServiceException: org.apache.hadoop.ipc.RemoteException(org.apache.hadoop.ozone.om.exceptions.OMNotLeaderException): OM:om1 is not the leader. Could not determine the leader node.
	at org.apache.hadoop.ozone.protocolPB.OzoneManagerProtocolServerSideTranslatorPB.createNotLeaderException(OzoneManagerProtocolServerSideTranslatorPB.java:246)
	at org.apache.hadoop.ozone.protocolPB.OzoneManagerProtocolServerSideTranslatorPB.createLeaderErrorException(OzoneManagerProtocolServerSideTranslatorPB.java:234)
	at org.apache.hadoop.ozone.protocolPB.OzoneManagerProtocolServerSideTranslatorPB.submitReadRequestToOM(OzoneManagerProtocolServerSideTranslatorPB.java:227)
	at org.apache.hadoop.ozone.protocolPB.OzoneManagerProtocolServerSideTranslatorPB.processRequest(OzoneManagerProtocolServerSideTranslatorPB.java:179)
	at org.apache.hadoop.hdds.server.OzoneProtocolMessageDispatcher.processRequest(OzoneProtocolMessageDispatcher.java:87)
	at org.apache.hadoop.ozone.protocolPB.OzoneManagerProtocolServerSideTranslatorPB.submitRequest(OzoneManagerProtocolServerSideTranslatorPB.java:148)
	at org.apache.hadoop.ozone.protocol.proto.OzoneManagerProtocolProtos$OzoneManagerService$2.callBlockingMethod(OzoneManagerProtocolProtos.java)
	at org.apache.hadoop.ipc.ProtobufRpcEngine$Server.processCall(ProtobufRpcEngine.java:484)
	at org.apache.hadoop.ipc.ProtobufRpcEngine2$Server$ProtoBufRpcInvoker.call(ProtobufRpcEngine2.java:595)
	at org.apache.hadoop.ipc.ProtobufRpcEngine2$Server$ProtoBufRpcInvoker.call(ProtobufRpcEngine2.java:573)
	at org.apache.hadoop.ipc.RPC$Server.call(RPC.java:1227)
	at org.apache.hadoop.ipc.Server$RpcCall.run(Server.java:1094)
	at org.apache.hadoop.ipc.Server$RpcCall.run(Server.java:1017)
	at java.security.AccessController.doPrivileged(Native Method)
	at javax.security.auth.Subject.doAs(Subject.java:422)
	at org.apache.hadoop.security.UserGroupInformation.doAs(UserGroupInformation.java:1899)
	at org.apache.hadoop.ipc.Server$Handler.run(Server.java:3048)
, while invoking $Proxy66.submitRequest over nodeId=null,nodeAddress=0.0.0.0:9862 after 1 failover attempts. Trying to failover after sleeping for 4000ms. Current retry count: 1.
2023-09-13 16:02:51,430 [om1@group-C5BA1605619E-FollowerState] INFO  impl.FollowerState (FollowerState.java:run(143)) - om1@group-C5BA1605619E-FollowerState: change to CANDIDATE, lastRpcElapsedTime:5170892794ns, electionTimeout:5156ms
2023-09-13 16:02:51,432 [om1@group-C5BA1605619E-FollowerState] INFO  impl.RoleInfo (RoleInfo.java:shutdownFollowerState(110)) - om1: shutdown om1@group-C5BA1605619E-FollowerState
2023-09-13 16:02:51,433 [om1@group-C5BA1605619E-FollowerState] INFO  server.RaftServer$Division (RaftServerImpl.java:setRole(329)) - om1@group-C5BA1605619E: changes role from  FOLLOWER to CANDIDATE at term 0 for changeToCandidate
2023-09-13 16:02:51,436 [om1@group-C5BA1605619E-FollowerState] INFO  server.RaftServerConfigKeys (ConfUtils.java:logGet(46)) - raft.server.leaderelection.pre-vote = true (default)
2023-09-13 16:02:51,436 [om1@group-C5BA1605619E-FollowerState] INFO  impl.RoleInfo (RoleInfo.java:updateAndGet(139)) - om1: start om1@group-C5BA1605619E-LeaderElection1
2023-09-13 16:02:51,440 [om1@group-C5BA1605619E-LeaderElection1] INFO  impl.LeaderElection (LeaderElection.java:askForVotes(321)) - om1@group-C5BA1605619E-LeaderElection1 PRE_VOTE round 0: submit vote requests at term 0 for -1: peers:[om1|rpc:0.0.0.0:9872|priority:0|startupRole:FOLLOWER]|listeners:[], old=null
2023-09-13 16:02:51,441 [om1@group-C5BA1605619E-LeaderElection1] INFO  impl.LeaderElection (LeaderElection.java:askForVotes(323)) - om1@group-C5BA1605619E-LeaderElection1 PRE_VOTE round 0: result PASSED (term=0)
2023-09-13 16:02:51,442 [om1@group-C5BA1605619E-LeaderElection1] INFO  impl.LeaderElection (LeaderElection.java:askForVotes(321)) - om1@group-C5BA1605619E-LeaderElection1 ELECTION round 0: submit vote requests at term 1 for -1: peers:[om1|rpc:0.0.0.0:9872|priority:0|startupRole:FOLLOWER]|listeners:[], old=null
2023-09-13 16:02:51,442 [om1@group-C5BA1605619E-LeaderElection1] INFO  impl.LeaderElection (LeaderElection.java:askForVotes(323)) - om1@group-C5BA1605619E-LeaderElection1 ELECTION round 0: result PASSED (term=1)
2023-09-13 16:02:51,443 [om1@group-C5BA1605619E-LeaderElection1] INFO  impl.RoleInfo (RoleInfo.java:shutdownLeaderElection(130)) - om1: shutdown om1@group-C5BA1605619E-LeaderElection1
2023-09-13 16:02:51,443 [om1@group-C5BA1605619E-LeaderElection1] INFO  server.RaftServer$Division (RaftServerImpl.java:setRole(329)) - om1@group-C5BA1605619E: changes role from CANDIDATE to LEADER at term 1 for changeToLeader
2023-09-13 16:02:51,445 [om1@group-C5BA1605619E-LeaderElection1] INFO  server.RaftServer$Division (ServerState.java:setLeader(317)) - om1@group-C5BA1605619E: change Leader from null to om1 at term 1 for becomeLeader, leader elected after 7019ms
2023-09-13 16:02:51,451 [om1@group-C5BA1605619E-LeaderElection1] INFO  server.RaftServerConfigKeys (ConfUtils.java:logGet(46)) - raft.server.staging.catchup.gap = 1000 (default)
2023-09-13 16:02:51,456 [om1@group-C5BA1605619E-LeaderElection1] INFO  server.RaftServerConfigKeys (ConfUtils.java:logGet(46)) - raft.server.write.element-limit = 4096 (default)
2023-09-13 16:02:51,456 [om1@group-C5BA1605619E-LeaderElection1] INFO  server.RaftServerConfigKeys (ConfUtils.java:logGet(46)) - raft.server.write.byte-limit = 64MB (=67108864) (default)
2023-09-13 16:02:51,461 [om1@group-C5BA1605619E-LeaderElection1] INFO  server.RaftServerConfigKeys (ConfUtils.java:logGet(46)) - raft.server.watch.timeout = 10s (default)
2023-09-13 16:02:51,461 [om1@group-C5BA1605619E-LeaderElection1] INFO  server.RaftServerConfigKeys (ConfUtils.java:logGet(46)) - raft.server.watch.timeout.denomination = 1s (default)
2023-09-13 16:02:51,462 [om1@group-C5BA1605619E-LeaderElection1] INFO  server.RaftServerConfigKeys (ConfUtils.java:logGet(46)) - raft.server.watch.element-limit = 65536 (default)
2023-09-13 16:02:51,467 [om1@group-C5BA1605619E-LeaderElection1] INFO  server.RaftServerConfigKeys (ConfUtils.java:logGet(46)) - raft.server.write.element-limit = 4096 (default)
2023-09-13 16:02:51,469 [om1@group-C5BA1605619E-LeaderElection1] INFO  server.RaftServerConfigKeys (ConfUtils.java:logGet(46)) - raft.server.write.follower.gap.ratio.max = -1.0 (default)
2023-09-13 16:02:51,470 [om1@group-C5BA1605619E-LeaderElection1] INFO  impl.RoleInfo (RoleInfo.java:updateAndGet(139)) - om1: start om1@group-C5BA1605619E-LeaderStateImpl
2023-09-13 16:02:51,488 [om1@group-C5BA1605619E-LeaderElection1] INFO  segmented.SegmentedRaftLogWorker (SegmentedRaftLogWorker.java:startLogSegment(447)) - om1@group-C5BA1605619E-SegmentedRaftLogWorker: Starting segment from index:0
2023-09-13 16:02:51,549 [om1@group-C5BA1605619E-LeaderElection1] INFO  server.RaftServer$Division (ServerState.java:setRaftConf(434)) - om1@group-C5BA1605619E: set configuration 0: peers:[om1|rpc:0.0.0.0:9872|admin:|client:|dataStream:|priority:0|startupRole:FOLLOWER]|listeners:[], old=null
2023-09-13 16:02:51,589 [om1@group-C5BA1605619E-SegmentedRaftLogWorker] INFO  segmented.SegmentedRaftLogWorker (SegmentedRaftLogWorker.java:execute(651)) - om1@group-C5BA1605619E-SegmentedRaftLogWorker: created new log segment /tmp/junit2682497944894620984/ratis/bf265839-605b-3f16-9796-c5ba1605619e/current/log_inprogress_0
2023-09-13 16:02:51,677 [om1@group-C5BA1605619E-StateMachineUpdater] INFO  ratis.OzoneManagerStateMachine (OzoneManagerStateMachine.java:notifyConfigurationChanged(202)) - Received Configuration change notification from Ratis. New Peer list:
[id: "om1"
address: "0.0.0.0:9872"
startupRole: FOLLOWER
]
2023-09-13 16:02:53,343 [main] INFO  service.TestOpenKeyCleanupService (TestOpenKeyCleanupService.java:testCleanupExpiredOpenKeys(137)) - numDEFKeys=9, numFSOKeys=0, hsync? true
2023-09-13 16:02:53,444 [main] INFO  service.TestOpenKeyCleanupService (TestOpenKeyCleanupService.java:testCleanupExpiredOpenKeys(148)) - oldkeyCount=0, oldrunCount=34
2023-09-13 16:02:53,665 [OM StateMachine ApplyTransaction Thread - 0] WARN  helpers.QuotaUtil (QuotaUtil.java:getReplicatedSize(63)) - Unknown replication type 'STAND_ALONE'. Returning original data size.
2023-09-13 16:02:53,665 [OM StateMachine ApplyTransaction Thread - 0] WARN  helpers.QuotaUtil (QuotaUtil.java:getReplicatedSize(63)) - Unknown replication type 'STAND_ALONE'. Returning original data size.
2023-09-13 16:02:53,673 [OM StateMachine ApplyTransaction Thread - 0] WARN  helpers.QuotaUtil (QuotaUtil.java:getReplicatedSize(63)) - Unknown replication type 'STAND_ALONE'. Returning original data size.
2023-09-13 16:02:53,673 [OM StateMachine ApplyTransaction Thread - 0] WARN  helpers.QuotaUtil (QuotaUtil.java:getReplicatedSize(63)) - Unknown replication type 'STAND_ALONE'. Returning original data size.
2023-09-13 16:02:53,695 [OM StateMachine ApplyTransaction Thread - 0] WARN  helpers.QuotaUtil (QuotaUtil.java:getReplicatedSize(63)) - Unknown replication type 'STAND_ALONE'. Returning original data size.
2023-09-13 16:02:53,695 [OM StateMachine ApplyTransaction Thread - 0] WARN  helpers.QuotaUtil (QuotaUtil.java:getReplicatedSize(63)) - Unknown replication type 'STAND_ALONE'. Returning original data size.
2023-09-13 16:02:53,704 [OM StateMachine ApplyTransaction Thread - 0] WARN  helpers.QuotaUtil (QuotaUtil.java:getReplicatedSize(63)) - Unknown replication type 'STAND_ALONE'. Returning original data size.
2023-09-13 16:02:53,704 [OM StateMachine ApplyTransaction Thread - 0] WARN  helpers.QuotaUtil (QuotaUtil.java:getReplicatedSize(63)) - Unknown replication type 'STAND_ALONE'. Returning original data size.
2023-09-13 16:02:53,715 [OM StateMachine ApplyTransaction Thread - 0] WARN  helpers.QuotaUtil (QuotaUtil.java:getReplicatedSize(63)) - Unknown replication type 'STAND_ALONE'. Returning original data size.
2023-09-13 16:02:53,715 [OM StateMachine ApplyTransaction Thread - 0] WARN  helpers.QuotaUtil (QuotaUtil.java:getReplicatedSize(63)) - Unknown replication type 'STAND_ALONE'. Returning original data size.
2023-09-13 16:02:53,720 [OM StateMachine ApplyTransaction Thread - 0] WARN  helpers.QuotaUtil (QuotaUtil.java:getReplicatedSize(63)) - Unknown replication type 'STAND_ALONE'. Returning original data size.
2023-09-13 16:02:53,721 [OM StateMachine ApplyTransaction Thread - 0] WARN  helpers.QuotaUtil (QuotaUtil.java:getReplicatedSize(63)) - Unknown replication type 'STAND_ALONE'. Returning original data size.
2023-09-13 16:02:53,732 [OM StateMachine ApplyTransaction Thread - 0] WARN  helpers.QuotaUtil (QuotaUtil.java:getReplicatedSize(63)) - Unknown replication type 'STAND_ALONE'. Returning original data size.
2023-09-13 16:02:53,732 [OM StateMachine ApplyTransaction Thread - 0] WARN  helpers.QuotaUtil (QuotaUtil.java:getReplicatedSize(63)) - Unknown replication type 'STAND_ALONE'. Returning original data size.
2023-09-13 16:02:53,745 [OM StateMachine ApplyTransaction Thread - 0] WARN  helpers.QuotaUtil (QuotaUtil.java:getReplicatedSize(63)) - Unknown replication type 'STAND_ALONE'. Returning original data size.
2023-09-13 16:02:53,745 [OM StateMachine ApplyTransaction Thread - 0] WARN  helpers.QuotaUtil (QuotaUtil.java:getReplicatedSize(63)) - Unknown replication type 'STAND_ALONE'. Returning original data size.
2023-09-13 16:02:53,757 [OM StateMachine ApplyTransaction Thread - 0] WARN  helpers.QuotaUtil (QuotaUtil.java:getReplicatedSize(63)) - Unknown replication type 'STAND_ALONE'. Returning original data size.
2023-09-13 16:02:53,757 [OM StateMachine ApplyTransaction Thread - 0] WARN  helpers.QuotaUtil (QuotaUtil.java:getReplicatedSize(63)) - Unknown replication type 'STAND_ALONE'. Returning original data size.
2023-09-13 16:02:53,770 [OM StateMachine ApplyTransaction Thread - 0] WARN  helpers.QuotaUtil (QuotaUtil.java:getReplicatedSize(63)) - Unknown replication type 'STAND_ALONE'. Returning original data size.
2023-09-13 16:02:53,770 [OM StateMachine ApplyTransaction Thread - 0] WARN  helpers.QuotaUtil (QuotaUtil.java:getReplicatedSize(63)) - Unknown replication type 'STAND_ALONE'. Returning original data size.
2023-09-13 16:02:53,775 [OM StateMachine ApplyTransaction Thread - 0] WARN  helpers.QuotaUtil (QuotaUtil.java:getReplicatedSize(63)) - Unknown replication type 'STAND_ALONE'. Returning original data size.
2023-09-13 16:02:53,775 [OM StateMachine ApplyTransaction Thread - 0] WARN  helpers.QuotaUtil (QuotaUtil.java:getReplicatedSize(63)) - Unknown replication type 'STAND_ALONE'. Returning original data size.
2023-09-13 16:02:53,786 [OM StateMachine ApplyTransaction Thread - 0] WARN  helpers.QuotaUtil (QuotaUtil.java:getReplicatedSize(63)) - Unknown replication type 'STAND_ALONE'. Returning original data size.
2023-09-13 16:02:53,786 [OM StateMachine ApplyTransaction Thread - 0] WARN  helpers.QuotaUtil (QuotaUtil.java:getReplicatedSize(63)) - Unknown replication type 'STAND_ALONE'. Returning original data size.
2023-09-13 16:02:53,798 [OM StateMachine ApplyTransaction Thread - 0] WARN  helpers.QuotaUtil (QuotaUtil.java:getReplicatedSize(63)) - Unknown replication type 'STAND_ALONE'. Returning original data size.
2023-09-13 16:02:53,798 [OM StateMachine ApplyTransaction Thread - 0] WARN  helpers.QuotaUtil (QuotaUtil.java:getReplicatedSize(63)) - Unknown replication type 'STAND_ALONE'. Returning original data size.
2023-09-13 16:02:55,020 [main] INFO  om.OzoneManager (OzoneManager.java:stop(2207)) - om1[0.0.0.0:9862]: Stopping Ozone Manager
2023-09-13 16:02:55,021 [main] INFO  ipc.Server (Server.java:stop(3523)) - Stopping server on 9862
2023-09-13 16:02:55,027 [IPC Server listener on 9862] INFO  ipc.Server (Server.java:run(1434)) - Stopping IPC Server listener on 9862
2023-09-13 16:02:55,028 [IPC Server Responder] INFO  ipc.Server (Server.java:run(1567)) - Stopping IPC Server Responder
2023-09-13 16:02:59,088 [main] INFO  om.GrpcOzoneManagerServer (GrpcOzoneManagerServer.java:stop(192)) - Server GrpcOzoneManagerServer is shutdown
2023-09-13 16:02:59,090 [main] INFO  server.RaftServer (RaftServerProxy.java:lambda$close$6(416)) - om1: close
2023-09-13 16:02:59,091 [main] INFO  server.GrpcService (GrpcService.java:closeImpl(311)) - om1: shutdown server GrpcServerProtocolService now
2023-09-13 16:02:59,091 [om1-impl-thread1] INFO  server.RaftServer$Division (RaftServerImpl.java:lambda$close$4(466)) - om1@group-C5BA1605619E: shutdown
2023-09-13 16:02:59,092 [om1-impl-thread1] INFO  util.JmxRegister (JmxRegister.java:unregister(73)) - Successfully un-registered JMX Bean with object name Ratis:service=RaftServer,group=group-C5BA1605619E,id=om1
2023-09-13 16:02:59,092 [om1-impl-thread1] INFO  impl.RoleInfo (RoleInfo.java:shutdownLeaderState(93)) - om1: shutdown om1@group-C5BA1605619E-LeaderStateImpl
2023-09-13 16:02:59,092 [om1-impl-thread1] INFO  impl.PendingRequests (PendingRequests.java:sendNotLeaderResponses(289)) - om1@group-C5BA1605619E-PendingRequests: sendNotLeaderResponses
2023-09-13 16:02:59,100 [om1@group-C5BA1605619E-StateMachineUpdater] INFO  ratis.OzoneManagerStateMachine (OzoneManagerStateMachine.java:takeSnapshot(480)) - Current Snapshot Index (t:1, i:46)
2023-09-13 16:02:59,101 [om1-impl-thread1] INFO  impl.StateMachineUpdater (StateMachineUpdater.java:stopAndJoin(155)) - om1@group-C5BA1605619E-StateMachineUpdater: set stopIndex = 46
2023-09-13 16:02:59,110 [main] INFO  server.GrpcService (GrpcService.java:closeImpl(320)) - om1: shutdown server GrpcServerProtocolService successfully
2023-09-13 16:02:59,125 [om1@group-C5BA1605619E-StateMachineUpdater] INFO  impl.StateMachineUpdater (StateMachineUpdater.java:takeSnapshot(291)) - om1@group-C5BA1605619E-StateMachineUpdater: Took a snapshot at index 46
2023-09-13 16:02:59,125 [om1@group-C5BA1605619E-StateMachineUpdater] INFO  impl.StateMachineUpdater (StateMachineUpdater.java:lambda$new$0(97)) - om1@group-C5BA1605619E-StateMachineUpdater: snapshotIndex: updateIncreasingly -1 -> 46
2023-09-13 16:02:59,125 [om1@group-C5BA1605619E-StateMachineUpdater] INFO  ratis.OzoneManagerStateMachine (OzoneManagerStateMachine.java:close(534)) - StateMachine has shutdown. Shutdown OzoneManager if not already shutdown.
2023-09-13 16:02:59,125 [om1@group-C5BA1605619E-StateMachineUpdater] INFO  ratis.OzoneManagerDoubleBuffer (OzoneManagerDoubleBuffer.java:stopDaemon(551)) - Stopping OMDoubleBuffer flush thread
2023-09-13 16:02:59,125 [OMDoubleBufferFlushThread] INFO  ratis.OzoneManagerDoubleBuffer (OzoneManagerDoubleBuffer.java:canFlush(638)) - OMDoubleBuffer flush thread OMDoubleBufferFlushThread is interrupted and will exit.
2023-09-13 16:02:59,126 [om1-impl-thread1] INFO  server.RaftServer$Division (ServerState.java:close(472)) - om1@group-C5BA1605619E: closes. applyIndex: 46
2023-09-13 16:03:00,119 [om1-impl-thread1] INFO  segmented.SegmentedRaftLogWorker (SegmentedRaftLogWorker.java:close(252)) - om1@group-C5BA1605619E-SegmentedRaftLogWorker close()
2023-09-13 16:03:00,120 [JvmPauseMonitor0] INFO  util.JvmPauseMonitor (JvmPauseMonitor.java:run(109)) - JvmPauseMonitor-om1: Stopped
2023-09-13 16:03:00,120 [main] INFO  ratis.OzoneManagerStateMachine (OzoneManagerStateMachine.java:close(534)) - StateMachine has shutdown. Shutdown OzoneManager if not already shutdown.
2023-09-13 16:03:00,121 [main] INFO  ratis.OzoneManagerDoubleBuffer (OzoneManagerDoubleBuffer.java:stopDaemon(560)) - OMDoubleBuffer flush thread is not running.
2023-09-13 16:03:00,122 [main] INFO  utils.BackgroundService (BackgroundService.java:shutdown(141)) - Shutting down service KeyDeletingService
2023-09-13 16:03:00,122 [main] INFO  utils.BackgroundService (BackgroundService.java:shutdown(141)) - Shutting down service KeyDeletingService
2023-09-13 16:03:00,126 [main] INFO  utils.BackgroundService (BackgroundService.java:shutdown(141)) - Shutting down service OpenKeyCleanupService
2023-09-13 16:03:00,126 [main] INFO  utils.BackgroundService (BackgroundService.java:shutdown(141)) - Shutting down service SstFilteringService
2023-09-13 16:03:00,127 [main] INFO  utils.BackgroundService (BackgroundService.java:shutdown(141)) - Shutting down service SnapshotDeletingService
2023-09-13 16:03:00,127 [main] INFO  om.OzoneManager (OzoneManager.java:stopSecretManager(1071)) - Stopping OM delegation token secret manager.
2023-09-13 16:03:00,131 [main] INFO  handler.ContextHandler (ContextHandler.java:doStop(1159)) - Stopped o.e.j.w.WebAppContext@31a19d25{ozoneManager,/,null,STOPPED}{file:/home/runner/work/ozone/ozone/hadoop-ozone/ozone-manager/target/classes/webapps/ozoneManager}
2023-09-13 16:03:00,135 [main] INFO  server.AbstractConnector (AbstractConnector.java:doStop(383)) - Stopped ServerConnector@ac891b5{HTTP/1.1, (http/1.1)}{0.0.0.0:9874}
2023-09-13 16:03:00,135 [main] INFO  server.session (HouseKeeper.java:stopScavenging(149)) - node0 Stopped scavenging
2023-09-13 16:03:00,135 [main] INFO  handler.ContextHandler (ContextHandler.java:doStop(1159)) - Stopped o.e.j.s.ServletContextHandler@62d6caf9{static,/static,file:///home/runner/work/ozone/ozone/hadoop-ozone/ozone-manager/target/classes/webapps/static,STOPPED}
2023-09-13 16:03:00,136 [main] INFO  handler.ContextHandler (ContextHandler.java:doStop(1159)) - Stopped o.e.j.s.ServletContextHandler@52336a97{logs,/logs,file:///home/runner/work/ozone/ozone/hadoop-ozone/ozone-manager/target/log,STOPPED}
2023-09-13 16:03:00,140 [main] INFO  rocksdiff.RocksDBCheckpointDiffer (RocksDBCheckpointDiffer.java:close(343)) - Shutting down CompactionDagPruningService.
2023-09-13 16:03:00,145 [main] INFO  snapshot.SnapshotDiffManager (SnapshotDiffManager.java:closeExecutorService(1706)) - Shutting down executorService: 'SnapDiffExecutor'
2023-09-13 16:03:00,146 [main] INFO  snapshot.SnapshotDiffManager (SnapshotDiffManager.java:closeExecutorService(1706)) - Shutting down executorService: 'SstDumpToolExecutor'
2023-09-13 16:03:00,146 [main] INFO  utils.BackgroundService (BackgroundService.java:shutdown(141)) - Shutting down service SnapshotDiffCleanupService
]]></system-out>
  </testcase>
  <testcase name="testCleanupExpiredOpenKeys(int, int, boolean)[2]" classname="org.apache.hadoop.ozone.om.service.TestOpenKeyCleanupService" time="13.096">
    <system-out><![CDATA[2023-09-13 16:03:00,180 [main] WARN  server.ServerUtils (ServerUtils.java:getDBPath(311)) - ozone.om.db.dirs is not configured. We recommend adding this setting. Falling back to ozone.metadata.dirs instead.
2023-09-13 16:03:00,182 [main] INFO  ha.OMHANodeDetails (OMHANodeDetails.java:loadOMHAConfig(115)) - ozone.om.internal.service.id is not defined, falling back to ozone.om.service.ids to find serviceID for OzoneManager if it is HA enabled cluster
2023-09-13 16:03:00,183 [main] INFO  ha.OMHANodeDetails (OMHANodeDetails.java:loadOMHAConfig(226)) - Configuration does not have ozone.om.address set. Falling back to the default OM address /0.0.0.0:9862
2023-09-13 16:03:00,183 [main] INFO  ha.OMHANodeDetails (OMHANodeDetails.java:getOMNodeDetailsForNonHA(254)) - OM Service ID is not set. Setting it to the default ID: omServiceIdDefault
2023-09-13 16:03:00,183 [main] INFO  ha.OMHANodeDetails (OMHANodeDetails.java:getOMNodeDetailsForNonHA(261)) - OM Node ID is not set. Setting it to the default ID: om1
2023-09-13 16:03:00,184 [main] WARN  server.ServerUtils (ServerUtils.java:getDBPath(311)) - ozone.om.db.dirs is not configured. We recommend adding this setting. Falling back to ozone.metadata.dirs instead.
2023-09-13 16:03:00,186 [main] INFO  upgrade.AbstractLayoutVersionManager (AbstractLayoutVersionManager.java:init(83)) - Initializing Layout version manager with metadata layout = QUOTA (version = 6), software layout = QUOTA (version = 6)
2023-09-13 16:03:00,268 [main] INFO  reflections.Reflections (Reflections.java:scan(232)) - Reflections took 80 ms to scan 2 urls, producing 187 keys and 515 values [using 2 cores]
2023-09-13 16:03:00,268 [main] INFO  upgrade.OMLayoutVersionManager (OMLayoutVersionManager.java:lambda$0(115)) - Skipping Upgrade Action QuotaRepairUpgradeAction since it has been finalized.
2023-09-13 16:03:00,269 [main] INFO  upgrade.OMLayoutVersionManager (OMLayoutVersionManager.java:lambda$0(115)) - Skipping Upgrade Action MockOmUpgradeAction since it has been finalized.
2023-09-13 16:03:00,269 [main] WARN  server.ServerUtils (ServerUtils.java:getDBPath(311)) - ozone.om.db.dirs is not configured. We recommend adding this setting. Falling back to ozone.metadata.dirs instead.
2023-09-13 16:03:00,271 [main] INFO  proxy.SCMBlockLocationFailoverProxyProvider (SCMBlockLocationFailoverProxyProvider.java:<init>(114)) - Created block location fail-over proxy with 1 nodes: [nodeId=scmNodeId,nodeAddress=/127.0.0.1:9863]
2023-09-13 16:03:00,277 [main] INFO  om.OzoneManager (OzoneManager.java:<init>(665)) - OM start with adminUsers: [runner]
2023-09-13 16:03:00,280 [main] WARN  server.ServerUtils (ServerUtils.java:getDBPath(311)) - ozone.om.db.dirs is not configured. We recommend adding this setting. Falling back to ozone.metadata.dirs instead.
2023-09-13 16:03:00,281 [main] INFO  helpers.OmKeyInfo (OmKeyInfo.java:getCodec(71)) - OmKeyInfo.getCodec ignorePipeline = true
2023-09-13 16:03:00,464 [main] INFO  om.OzoneManager (OzoneManager.java:instantiateServices(794)) - S3 Multi-Tenancy is disabled
2023-09-13 16:03:00,464 [main] INFO  security.OzoneSecretStore (OzoneSecretStore.java:loadState(69)) - Loaded 0 tokens
2023-09-13 16:03:00,465 [main] INFO  security.OzoneDelegationTokenSecretManager (OzoneDelegationTokenSecretManager.java:loadTokenSecretState(530)) - Loading token state into token manager.
2023-09-13 16:03:00,465 [main] INFO  om.OmSnapshotManager (OmSnapshotManager.java:<init>(174)) - Ozone filesystem snapshot feature is enabled.
2023-09-13 16:03:00,465 [main] WARN  server.ServerUtils (ServerUtils.java:getDBPath(311)) - ozone.om.snapshot.diff.db.dir is not configured. We recommend adding this setting. Falling back to ozone.metadata.dirs instead.
2023-09-13 16:03:00,481 [main] INFO  snapshot.SnapshotDiffManager (SnapshotDiffManager.java:closeExecutorService(1706)) - Shutting down executorService: 'SstDumpToolExecutor'
2023-09-13 16:03:00,483 [main] INFO  om.OzoneManager (OzoneManager.java:addS3GVolumeToDB(4305)) - Created Volume s3v With Owner runner required for S3Gateway operations.
2023-09-13 16:03:00,483 [main] WARN  server.ServerUtils (ServerUtils.java:getDefaultRatisDirectory(323)) - Storage directory for Ratis is not configured. It is a good idea to map this to an SSD disk. Falling back to ozone.metadata.dirs
2023-09-13 16:03:00,484 [main] WARN  utils.OzoneManagerRatisUtils (OzoneManagerRatisUtils.java:getOMRatisSnapshotDirectory(464)) - ozone.om.ratis.snapshot.dir is not configured. Falling back to ozone.metadata.dirs config
2023-09-13 16:03:00,484 [main] WARN  server.ServerUtils (ServerUtils.java:getDefaultRatisDirectory(323)) - Storage directory for Ratis is not configured. It is a good idea to map this to an SSD disk. Falling back to ozone.metadata.dirs
2023-09-13 16:03:00,485 [main] INFO  ratis.OzoneManagerRatisServer (OzoneManagerRatisServer.java:<init>(163)) - Instantiating OM Ratis server with groupID: omServiceIdDefault and peers: 0.0.0.0:9872
2023-09-13 16:03:00,486 [main] INFO  ratis.OzoneManagerStateMachine (OzoneManagerStateMachine.java:loadSnapshotInfoFromDB(687)) - LastAppliedIndex is set from TransactionInfo from OM DB as (t:0, i:~)
2023-09-13 16:03:00,486 [main] INFO  server.RaftServer (ConfUtils.java:logGet(46)) - raft.rpc.type = GRPC (default)
2023-09-13 16:03:00,487 [main] INFO  grpc.GrpcConfigKeys (ConfUtils.java:logFallback(53)) - raft.grpc.admin.host = null (fallback to raft.grpc.server.host)
2023-09-13 16:03:00,487 [main] INFO  grpc.GrpcConfigKeys (ConfUtils.java:logFallback(53)) - raft.grpc.admin.port = 9872 (fallback to raft.grpc.server.port)
2023-09-13 16:03:00,487 [main] INFO  grpc.GrpcConfigKeys (ConfUtils.java:logFallback(53)) - raft.grpc.client.host = null (fallback to raft.grpc.server.host)
2023-09-13 16:03:00,487 [main] INFO  grpc.GrpcConfigKeys (ConfUtils.java:logFallback(53)) - raft.grpc.client.port = 9872 (fallback to raft.grpc.server.port)
2023-09-13 16:03:00,488 [main] INFO  grpc.GrpcConfigKeys (ConfUtils.java:logGet(46)) - raft.grpc.server.host = null (default)
2023-09-13 16:03:00,488 [main] INFO  grpc.GrpcConfigKeys (ConfUtils.java:logGet(46)) - raft.grpc.server.port = 9872 (custom)
2023-09-13 16:03:00,488 [main] INFO  server.GrpcService (ConfUtils.java:logGet(46)) - raft.grpc.message.size.max = 33554432 (custom)
2023-09-13 16:03:00,488 [main] INFO  server.RaftServerConfigKeys (ConfUtils.java:logGet(46)) - raft.server.log.appender.buffer.byte-limit = 33554432 (custom)
2023-09-13 16:03:00,492 [main] INFO  server.GrpcService (ConfUtils.java:logGet(46)) - raft.grpc.flow.control.window = 1MB (=1048576) (default)
2023-09-13 16:03:00,493 [main] INFO  server.RaftServerConfigKeys (ConfUtils.java:logGet(46)) - raft.server.rpc.request.timeout = 3000ms (default)
2023-09-13 16:03:00,493 [main] INFO  grpc.GrpcConfigKeys (ConfUtils.java:logGet(46)) - raft.grpc.server.heartbeat.channel = true (default)
2023-09-13 16:03:00,493 [main] INFO  grpc.GrpcConfigKeys (ConfUtils.java:logGet(46)) - raft.grpc.server.async.request.thread.pool.cached = true (default)
2023-09-13 16:03:00,493 [main] INFO  grpc.GrpcConfigKeys (ConfUtils.java:logGet(46)) - raft.grpc.server.async.request.thread.pool.size = 32 (default)
2023-09-13 16:03:00,495 [main] INFO  impl.DataStreamServerImpl (ConfUtils.java:logGet(46)) - raft.datastream.type = DISABLED (default)
2023-09-13 16:03:00,495 [main] INFO  server.RaftServerConfigKeys (ConfUtils.java:logGet(46)) - raft.server.threadpool.proxy.cached = true (default)
2023-09-13 16:03:00,495 [main] INFO  server.RaftServerConfigKeys (ConfUtils.java:logGet(46)) - raft.server.threadpool.proxy.size = 0 (default)
2023-09-13 16:03:00,496 [main] INFO  server.RaftServerConfigKeys (ConfUtils.java:logGet(46)) - raft.server.rpc.slowness.timeout = 120s (custom)
2023-09-13 16:03:00,496 [main] INFO  server.RaftServerConfigKeys (ConfUtils.java:logGet(46)) - raft.server.leaderelection.leader.step-down.wait-time = 10s (default)
2023-09-13 16:03:00,496 [main] INFO  server.RaftServerConfigKeys (ConfUtils.java:logGet(46)) - raft.server.storage.dir = [/tmp/junit5417762444419083043/ratis] (custom)
2023-09-13 16:03:00,498 [main] INFO  server.RaftServer (RaftServerProxy.java:addNew(98)) - om1: addNew group-C5BA1605619E:[om1|rpc:0.0.0.0:9872|priority:0|startupRole:FOLLOWER] returns group-C5BA1605619E:java.util.concurrent.CompletableFuture@45ab54c[Not completed]
2023-09-13 16:03:00,499 [main] INFO  om.OzoneManager (OzoneManager.java:initializeRatisServer(2148)) - OzoneManager Ratis server initialized at port 9872
2023-09-13 16:03:00,499 [main] INFO  om.OzoneManager (OzoneManager.java:getRpcServer(1196)) - Creating RPC Server
2023-09-13 16:03:00,500 [om1-groupManagement] INFO  server.RaftServer$Division (RaftServerImpl.java:<init>(198)) - om1: new RaftServerImpl for group-C5BA1605619E:[om1|rpc:0.0.0.0:9872|priority:0|startupRole:FOLLOWER] with OzoneManagerStateMachine:uninitialized
2023-09-13 16:03:00,500 [om1-groupManagement] INFO  server.RaftServerConfigKeys (ConfUtils.java:logGet(46)) - raft.server.rpc.timeout.min = 5s (custom)
2023-09-13 16:03:00,501 [om1-groupManagement] INFO  server.RaftServerConfigKeys (ConfUtils.java:logGet(46)) - raft.server.rpc.timeout.max = 5200ms (custom)
2023-09-13 16:03:00,501 [om1-groupManagement] INFO  server.RaftServerConfigKeys (ConfUtils.java:logGet(46)) - raft.server.rpc.sleep.time = 25ms (default)
2023-09-13 16:03:00,501 [om1-groupManagement] INFO  server.RaftServerConfigKeys (ConfUtils.java:logGet(46)) - raft.server.rpc.slowness.timeout = 120s (custom)
2023-09-13 16:03:00,501 [om1-groupManagement] INFO  server.RaftServerConfigKeys (ConfUtils.java:logGet(46)) - raft.server.leaderelection.leader.step-down.wait-time = 10s (default)
2023-09-13 16:03:00,501 [om1-groupManagement] INFO  server.RaftServerConfigKeys (ConfUtils.java:logGet(46)) - raft.server.sleep.deviation.threshold = 300ms (default)
2023-09-13 16:03:00,501 [om1-groupManagement] INFO  server.RaftServer$Division (ServerState.java:<init>(120)) - om1@group-C5BA1605619E: ConfigurationManager, init=-1: peers:[om1|rpc:0.0.0.0:9872|priority:0|startupRole:FOLLOWER]|listeners:[], old=null, confs=<EMPTY_MAP>
2023-09-13 16:03:00,501 [om1-groupManagement] INFO  server.RaftServerConfigKeys (ConfUtils.java:logGet(46)) - raft.server.storage.dir = [/tmp/junit5417762444419083043/ratis] (custom)
2023-09-13 16:03:00,501 [om1-groupManagement] INFO  server.RaftServerConfigKeys (ConfUtils.java:logGet(46)) - raft.server.log.corruption.policy = EXCEPTION (default)
2023-09-13 16:03:00,501 [om1-groupManagement] INFO  server.RaftServerConfigKeys (ConfUtils.java:logGet(46)) - raft.server.storage.free-space.min = 0MB (=0) (default)
2023-09-13 16:03:00,501 [om1-groupManagement] INFO  server.RaftServerConfigKeys (ConfUtils.java:logGet(46)) - raft.server.notification.no-leader.timeout = 120s (custom)
2023-09-13 16:03:00,501 [om1-groupManagement] INFO  server.RaftServerConfigKeys (ConfUtils.java:logGet(46)) - raft.server.read.timeout = 10s (default)
2023-09-13 16:03:00,501 [om1-groupManagement] INFO  server.RaftServerConfigKeys (ConfUtils.java:logGet(46)) - raft.server.retrycache.expirytime = 300s (custom)
2023-09-13 16:03:00,502 [om1-groupManagement] INFO  server.RaftServerConfigKeys (ConfUtils.java:logGet(46)) - raft.server.retrycache.statistics.expirytime = 100μs (default)
2023-09-13 16:03:00,502 [om1-groupManagement] INFO  server.RaftServerConfigKeys (ConfUtils.java:logGet(46)) - raft.server.read.option = DEFAULT (default)
2023-09-13 16:03:00,502 [om1-groupManagement] INFO  server.RaftServerConfigKeys (ConfUtils.java:logGet(46)) - raft.server.rpc.request.timeout = 3000ms (default)
2023-09-13 16:03:00,502 [om1-groupManagement] INFO  server.RaftServerConfigKeys (ConfUtils.java:logGet(46)) - raft.server.log.appender.install.snapshot.enabled = false (custom)
2023-09-13 16:03:00,502 [om1-groupManagement] INFO  server.RaftServerConfigKeys (ConfUtils.java:logGet(46)) - raft.server.threadpool.server.cached = true (default)
2023-09-13 16:03:00,502 [om1-groupManagement] INFO  server.RaftServerConfigKeys (ConfUtils.java:logGet(46)) - raft.server.threadpool.server.size = 0 (default)
2023-09-13 16:03:00,503 [om1-groupManagement] INFO  server.RaftServerConfigKeys (ConfUtils.java:logGet(46)) - raft.server.threadpool.client.cached = true (default)
2023-09-13 16:03:00,503 [om1-groupManagement] INFO  server.RaftServerConfigKeys (ConfUtils.java:logGet(46)) - raft.server.threadpool.client.size = 0 (default)
2023-09-13 16:03:00,845 [main] INFO  reflections.Reflections (Reflections.java:scan(232)) - Reflections took 345 ms to scan 12 urls, producing 50 keys and 2980 values [using 2 cores]
2023-09-13 16:03:00,854 [main] INFO  ipc.CallQueueManager (CallQueueManager.java:<init>(90)) - Using callQueue: class java.util.concurrent.LinkedBlockingQueue, queueCapacity: 10000, scheduler: class org.apache.hadoop.ipc.DefaultRpcScheduler, ipcBackoff: false.
2023-09-13 16:03:00,854 [main] INFO  ipc.Server (Server.java:<init>(1287)) - Listener at 0.0.0.0:9862
2023-09-13 16:03:00,856 [Socket Reader #1 for port 9862] INFO  ipc.Server (Server.java:run(1323)) - Starting Socket Reader #1 for port 9862
2023-09-13 16:03:00,888 [main] INFO  impl.MetricsSystemImpl (MetricsSystemImpl.java:init(158)) - OzoneManager metrics system started (again)
2023-09-13 16:03:00,897 [main] INFO  om.OzoneManager (OzoneManager.java:start(1633)) - OzoneManager RPC server is listening at /0.0.0.0:9862
2023-09-13 16:03:00,897 [main] INFO  ratis.OzoneManagerRatisServer (OzoneManagerRatisServer.java:start(558)) - Starting OzoneManagerRatisServer om1 at port 9872
2023-09-13 16:03:00,898 [om1-impl-thread1] INFO  storage.RaftStorageDirectory (RaftStorageDirectoryImpl.java:analyzeStorage(137)) - The storage directory /tmp/junit5417762444419083043/ratis/bf265839-605b-3f16-9796-c5ba1605619e does not exist. Creating ...
2023-09-13 16:03:00,899 [om1-impl-thread1] INFO  storage.RaftStorageDirectory (RaftStorageDirectoryImpl.java:tryLock(231)) - Lock on /tmp/junit5417762444419083043/ratis/bf265839-605b-3f16-9796-c5ba1605619e/in_use.lock acquired by nodename 188718@fv-az937-94
2023-09-13 16:03:00,900 [om1-impl-thread1] INFO  storage.RaftStorage (RaftStorageImpl.java:format(96)) - Storage directory /tmp/junit5417762444419083043/ratis/bf265839-605b-3f16-9796-c5ba1605619e has been successfully formatted.
2023-09-13 16:03:00,901 [om1-impl-thread1] INFO  server.RaftServerConfigKeys (ConfUtils.java:logGet(46)) - raft.server.log.use.memory = false (default)
2023-09-13 16:03:00,901 [om1-impl-thread1] INFO  server.RaftServerConfigKeys (ConfUtils.java:logGet(46)) - raft.server.log.purge.gap = 1000000 (custom)
2023-09-13 16:03:00,901 [om1-impl-thread1] INFO  server.RaftServerConfigKeys (ConfUtils.java:logGet(46)) - raft.server.log.appender.buffer.byte-limit = 33554432 (custom)
2023-09-13 16:03:00,901 [om1-impl-thread1] INFO  server.RaftServerConfigKeys (ConfUtils.java:logGet(46)) - raft.server.log.statemachine.data.read.timeout = 1000ms (default)
2023-09-13 16:03:00,901 [om1-impl-thread1] INFO  server.RaftServerConfigKeys (ConfUtils.java:logGet(46)) - raft.server.log.purge.preservation.log.num = 0 (default)
2023-09-13 16:03:00,901 [om1-impl-thread1] INFO  server.RaftServerConfigKeys (ConfUtils.java:logGet(46)) - raft.server.log.segment.size.max = 4194304 (custom)
2023-09-13 16:03:00,902 [om1-impl-thread1] INFO  server.RaftServerConfigKeys (ConfUtils.java:logGet(46)) - raft.server.log.segment.cache.num.max = 2 (custom)
2023-09-13 16:03:00,902 [om1-impl-thread1] INFO  server.RaftServerConfigKeys (ConfUtils.java:logGet(46)) - raft.server.log.segment.cache.size.max = 200MB (=209715200) (default)
2023-09-13 16:03:00,902 [om1-impl-thread1] INFO  server.RaftServerConfigKeys (ConfUtils.java:logGet(46)) - raft.server.log.appender.buffer.byte-limit = 33554432 (custom)
2023-09-13 16:03:00,902 [om1-impl-thread1] INFO  segmented.SegmentedRaftLogWorker (SegmentedRaftLogWorker.java:<init>(188)) - new om1@group-C5BA1605619E-SegmentedRaftLogWorker for RaftStorageImpl:Storage Directory /tmp/junit5417762444419083043/ratis/bf265839-605b-3f16-9796-c5ba1605619e
2023-09-13 16:03:00,902 [om1-impl-thread1] INFO  server.RaftServerConfigKeys (ConfUtils.java:logGet(46)) - raft.server.log.queue.byte-limit = 64MB (=67108864) (default)
2023-09-13 16:03:00,902 [om1-impl-thread1] INFO  server.RaftServerConfigKeys (ConfUtils.java:logGet(46)) - raft.server.log.queue.element-limit = 4096 (default)
2023-09-13 16:03:00,902 [om1-impl-thread1] INFO  server.RaftServerConfigKeys (ConfUtils.java:logGet(46)) - raft.server.log.segment.size.max = 4194304 (custom)
2023-09-13 16:03:00,902 [om1-impl-thread1] INFO  server.RaftServerConfigKeys (ConfUtils.java:logGet(46)) - raft.server.log.preallocated.size = 4194304 (custom)
2023-09-13 16:03:00,902 [om1-impl-thread1] INFO  server.RaftServerConfigKeys (ConfUtils.java:logGet(46)) - raft.server.log.force.sync.num = 128 (default)
2023-09-13 16:03:00,902 [om1-impl-thread1] INFO  server.RaftServerConfigKeys (ConfUtils.java:logGet(46)) - raft.server.log.statemachine.data.sync = true (default)
2023-09-13 16:03:00,902 [om1-impl-thread1] INFO  server.RaftServerConfigKeys (ConfUtils.java:logGet(46)) - raft.server.log.statemachine.data.sync.timeout = 10s (default)
2023-09-13 16:03:00,902 [om1-impl-thread1] INFO  server.RaftServerConfigKeys (ConfUtils.java:logGet(46)) - raft.server.log.statemachine.data.sync.timeout.retry = -1 (default)
2023-09-13 16:03:00,903 [om1-impl-thread1] INFO  server.RaftServerConfigKeys (ConfUtils.java:logGet(46)) - raft.server.log.write.buffer.size = 64KB (=65536) (default)
2023-09-13 16:03:00,903 [om1-impl-thread1] INFO  server.RaftServerConfigKeys (ConfUtils.java:logGet(46)) - raft.server.log.appender.buffer.byte-limit = 33554432 (custom)
2023-09-13 16:03:00,908 [om1-impl-thread1] INFO  server.RaftServerConfigKeys (ConfUtils.java:logGet(46)) - raft.server.log.unsafe-flush.enabled = false (default)
2023-09-13 16:03:00,908 [om1-impl-thread1] INFO  server.RaftServerConfigKeys (ConfUtils.java:logGet(46)) - raft.server.log.async-flush.enabled = false (default)
2023-09-13 16:03:00,909 [om1-impl-thread1] INFO  server.RaftServerConfigKeys (ConfUtils.java:logGet(46)) - raft.server.log.statemachine.data.caching.enabled = false (default)
2023-09-13 16:03:00,909 [om1-impl-thread1] INFO  segmented.SegmentedRaftLogWorker (SegmentedRaftLogWorker.java:lambda$new$0(135)) - om1@group-C5BA1605619E-SegmentedRaftLogWorker: flushIndex: setUnconditionally 0 -> -1
2023-09-13 16:03:00,909 [om1-impl-thread1] INFO  segmented.SegmentedRaftLogWorker (SegmentedRaftLogWorker.java:lambda$new$0(135)) - om1@group-C5BA1605619E-SegmentedRaftLogWorker: safeCacheEvictIndex: setUnconditionally 0 -> -1
2023-09-13 16:03:00,909 [om1-impl-thread1] INFO  server.RaftServer$Division (RaftServerImpl.java:start(342)) - om1@group-C5BA1605619E: start as a follower, conf=-1: peers:[om1|rpc:0.0.0.0:9872|priority:0|startupRole:FOLLOWER]|listeners:[], old=null
2023-09-13 16:03:00,909 [om1-impl-thread1] INFO  server.RaftServer$Division (RaftServerImpl.java:setRole(329)) - om1@group-C5BA1605619E: changes role from      null to FOLLOWER at term 0 for startAsFollower
2023-09-13 16:03:00,911 [om1-impl-thread1] INFO  impl.RoleInfo (RoleInfo.java:updateAndGet(139)) - om1: start om1@group-C5BA1605619E-FollowerState
2023-09-13 16:03:00,911 [om1-impl-thread1] INFO  util.JmxRegister (JmxRegister.java:tryRegister(44)) - Successfully registered JMX Bean with object name Ratis:service=RaftServer,group=group-C5BA1605619E,id=om1
2023-09-13 16:03:00,916 [om1-impl-thread1] INFO  server.RaftServerConfigKeys (ConfUtils.java:logGet(46)) - raft.server.snapshot.auto.trigger.enabled = true (custom)
2023-09-13 16:03:00,916 [om1-impl-thread1] INFO  server.RaftServerConfigKeys (ConfUtils.java:logGet(46)) - raft.server.snapshot.auto.trigger.threshold = 400000 (default)
2023-09-13 16:03:00,916 [om1-impl-thread1] INFO  server.RaftServerConfigKeys (ConfUtils.java:logGet(46)) - raft.server.snapshot.retention.file.num = -1 (default)
2023-09-13 16:03:00,916 [om1-impl-thread1] INFO  server.RaftServerConfigKeys (ConfUtils.java:logGet(46)) - raft.server.log.purge.upto.snapshot.index = true (custom)
2023-09-13 16:03:00,918 [main] INFO  server.RaftServer (RaftServerProxy.java:startImpl(400)) - om1: start RPC server
2023-09-13 16:03:00,918 [om1@group-C5BA1605619E-FollowerState] INFO  server.RaftServerConfigKeys (ConfUtils.java:logFallback(53)) - raft.server.rpc.first-election.timeout.min = 5s (fallback to raft.server.rpc.timeout.min)
2023-09-13 16:03:00,919 [om1@group-C5BA1605619E-FollowerState] INFO  server.RaftServerConfigKeys (ConfUtils.java:logFallback(53)) - raft.server.rpc.first-election.timeout.max = 5200ms (fallback to raft.server.rpc.timeout.max)
2023-09-13 16:03:00,920 [main] INFO  server.GrpcService (GrpcService.java:startImpl(302)) - om1: GrpcService started, listening on 9872
2023-09-13 16:03:00,921 [main] INFO  om.OzoneManager (OzoneManager.java:start(1649)) - Version File has different layout version (6) than OM DB (null). That is expected if this OM has never been finalized to a newer layout version.
2023-09-13 16:03:00,925 [main] INFO  http.BaseHttpServer (BaseHttpServer.java:newHttpServer2BuilderForOzone(223)) - Starting Web-server for ozoneManager at: http://0.0.0.0:9874
2023-09-13 16:03:00,925 [main] INFO  http.BaseHttpServer (BaseHttpServer.java:<init>(110)) - Hadoop Security Enabled: false Ozone Security Enabled: false Ozone HTTP Security Enabled: false 
2023-09-13 16:03:00,927 [main] WARN  server.AuthenticationFilter (AuthenticationFilter.java:constructSecretProvider(240)) - Unable to initialize FileSignerSecretProvider, falling back to use random secrets. Reason: Could not read signature secret file: /home/runner/hadoop-http-auth-signature-secret
2023-09-13 16:03:00,925 [JvmPauseMonitor1] INFO  util.JvmPauseMonitor (JvmPauseMonitor.java:run(103)) - JvmPauseMonitor-om1: Started
2023-09-13 16:03:00,933 [main] INFO  http.HttpRequestLog (HttpRequestLog.java:getRequestLog(86)) - Http request log for http.requests.ozoneManager is not defined
2023-09-13 16:03:00,934 [main] INFO  http.HttpServer2 (HttpServer2.java:addGlobalFilter(1031)) - Added global filter 'safety' (class=org.apache.hadoop.hdds.server.http.HttpServer2$QuotingInputFilter)
2023-09-13 16:03:00,935 [main] INFO  http.HttpServer2 (HttpServer2.java:addFilter(1007)) - Added filter static_user_filter (class=org.apache.hadoop.http.lib.StaticUserWebFilter$StaticUserFilter) to context ozoneManager
2023-09-13 16:03:00,935 [main] INFO  http.HttpServer2 (HttpServer2.java:addFilter(1015)) - Added filter static_user_filter (class=org.apache.hadoop.http.lib.StaticUserWebFilter$StaticUserFilter) to context logs
2023-09-13 16:03:00,936 [main] INFO  http.HttpServer2 (HttpServer2.java:addFilter(1015)) - Added filter static_user_filter (class=org.apache.hadoop.http.lib.StaticUserWebFilter$StaticUserFilter) to context static
2023-09-13 16:03:00,936 [main] INFO  http.BaseHttpServer (BaseHttpServer.java:<init>(189)) - HTTP server of ozoneManager uses base directory /tmp/junit5417762444419083043/webserver
2023-09-13 16:03:00,937 [main] INFO  http.HttpServer2 (HttpServer2.java:bindListener(1231)) - Jetty bound to port 9874
2023-09-13 16:03:00,937 [main] INFO  server.Server (Server.java:doStart(375)) - jetty-9.4.51.v20230217; built: 2023-02-17T08:19:37.309Z; git: b45c405e4544384de066f814ed42ae3dceacdd49; jvm 1.8.0_382-b05
2023-09-13 16:03:00,946 [main] INFO  server.session (DefaultSessionIdManager.java:doStart(334)) - DefaultSessionIdManager workerName=node0
2023-09-13 16:03:00,946 [main] INFO  server.session (DefaultSessionIdManager.java:doStart(339)) - No SessionScavenger set, using defaults
2023-09-13 16:03:00,946 [main] INFO  server.session (HouseKeeper.java:startScavenging(132)) - node0 Scavenging every 660000ms
2023-09-13 16:03:00,951 [main] INFO  handler.ContextHandler (ContextHandler.java:doStart(921)) - Started o.e.j.s.ServletContextHandler@1bf4fdf{logs,/logs,file:///home/runner/work/ozone/ozone/hadoop-ozone/ozone-manager/target/log,AVAILABLE}
2023-09-13 16:03:00,951 [main] INFO  handler.ContextHandler (ContextHandler.java:doStart(921)) - Started o.e.j.s.ServletContextHandler@3178ca57{static,/static,file:///home/runner/work/ozone/ozone/hadoop-ozone/ozone-manager/target/classes/webapps/static,AVAILABLE}
2023-09-13 16:03:00,959 [main] INFO  handler.ContextHandler (ContextHandler.java:doStart(921)) - Started o.e.j.w.WebAppContext@666971a{ozoneManager,/,file:///home/runner/work/ozone/ozone/hadoop-ozone/ozone-manager/target/classes/webapps/ozoneManager/,AVAILABLE}{file:/home/runner/work/ozone/ozone/hadoop-ozone/ozone-manager/target/classes/webapps/ozoneManager}
2023-09-13 16:03:00,960 [main] INFO  server.AbstractConnector (AbstractConnector.java:doStart(333)) - Started ServerConnector@5d84189{HTTP/1.1, (http/1.1)}{0.0.0.0:9874}
2023-09-13 16:03:00,960 [main] INFO  server.Server (Server.java:doStart(415)) - Started @22831ms
2023-09-13 16:03:00,960 [main] WARN  impl.MetricsSystemImpl (MetricsSystemImpl.java:register(279)) - Sink prometheus already exists!
2023-09-13 16:03:00,963 [main] INFO  http.BaseHttpServer (BaseHttpServer.java:updateConnectorAddress(354)) - HTTP server of ozoneManager listening at http://0.0.0.0:9874
2023-09-13 16:03:00,963 [IPC Server Responder] INFO  ipc.Server (Server.java:run(1562)) - IPC Server Responder: starting
2023-09-13 16:03:00,963 [IPC Server listener on 9862] INFO  ipc.Server (Server.java:run(1402)) - IPC Server listener on 9862: starting
2023-09-13 16:03:00,984 [main] INFO  om.OzoneManager (OzoneManager.java:startTrashEmptier(2101)) - Trash Interval set to 0. Files deleted won't move to trash
2023-09-13 16:03:00,986 [main] INFO  om.GrpcOzoneManagerServer (GrpcOzoneManagerServer.java:start(180)) - GrpcOzoneManagerServer is started using port 8981
2023-09-13 16:03:03,001 [main] INFO  retry.RetryInvocationHandler (RetryInvocationHandler.java:log(422)) - com.google.protobuf.ServiceException: org.apache.hadoop.ipc.RemoteException(org.apache.hadoop.ozone.om.exceptions.OMNotLeaderException): OM:om1 is not the leader. Could not determine the leader node.
	at org.apache.hadoop.ozone.protocolPB.OzoneManagerProtocolServerSideTranslatorPB.createNotLeaderException(OzoneManagerProtocolServerSideTranslatorPB.java:246)
	at org.apache.hadoop.ozone.protocolPB.OzoneManagerProtocolServerSideTranslatorPB.createLeaderErrorException(OzoneManagerProtocolServerSideTranslatorPB.java:234)
	at org.apache.hadoop.ozone.protocolPB.OzoneManagerProtocolServerSideTranslatorPB.submitReadRequestToOM(OzoneManagerProtocolServerSideTranslatorPB.java:227)
	at org.apache.hadoop.ozone.protocolPB.OzoneManagerProtocolServerSideTranslatorPB.processRequest(OzoneManagerProtocolServerSideTranslatorPB.java:179)
	at org.apache.hadoop.hdds.server.OzoneProtocolMessageDispatcher.processRequest(OzoneProtocolMessageDispatcher.java:87)
	at org.apache.hadoop.ozone.protocolPB.OzoneManagerProtocolServerSideTranslatorPB.submitRequest(OzoneManagerProtocolServerSideTranslatorPB.java:148)
	at org.apache.hadoop.ozone.protocol.proto.OzoneManagerProtocolProtos$OzoneManagerService$2.callBlockingMethod(OzoneManagerProtocolProtos.java)
	at org.apache.hadoop.ipc.ProtobufRpcEngine$Server.processCall(ProtobufRpcEngine.java:484)
	at org.apache.hadoop.ipc.ProtobufRpcEngine2$Server$ProtoBufRpcInvoker.call(ProtobufRpcEngine2.java:595)
	at org.apache.hadoop.ipc.ProtobufRpcEngine2$Server$ProtoBufRpcInvoker.call(ProtobufRpcEngine2.java:573)
	at org.apache.hadoop.ipc.RPC$Server.call(RPC.java:1227)
	at org.apache.hadoop.ipc.Server$RpcCall.run(Server.java:1094)
	at org.apache.hadoop.ipc.Server$RpcCall.run(Server.java:1017)
	at java.security.AccessController.doPrivileged(Native Method)
	at javax.security.auth.Subject.doAs(Subject.java:422)
	at org.apache.hadoop.security.UserGroupInformation.doAs(UserGroupInformation.java:1899)
	at org.apache.hadoop.ipc.Server$Handler.run(Server.java:3048)
, while invoking $Proxy66.submitRequest over nodeId=null,nodeAddress=0.0.0.0:9862 after 1 failover attempts. Trying to failover after sleeping for 4000ms. Current retry count: 1.
2023-09-13 16:03:06,034 [om1@group-C5BA1605619E-FollowerState] INFO  impl.FollowerState (FollowerState.java:run(143)) - om1@group-C5BA1605619E-FollowerState: change to CANDIDATE, lastRpcElapsedTime:5123345107ns, electionTimeout:5115ms
2023-09-13 16:03:06,035 [om1@group-C5BA1605619E-FollowerState] INFO  impl.RoleInfo (RoleInfo.java:shutdownFollowerState(110)) - om1: shutdown om1@group-C5BA1605619E-FollowerState
2023-09-13 16:03:06,035 [om1@group-C5BA1605619E-FollowerState] INFO  server.RaftServer$Division (RaftServerImpl.java:setRole(329)) - om1@group-C5BA1605619E: changes role from  FOLLOWER to CANDIDATE at term 0 for changeToCandidate
2023-09-13 16:03:06,035 [om1@group-C5BA1605619E-FollowerState] INFO  server.RaftServerConfigKeys (ConfUtils.java:logGet(46)) - raft.server.leaderelection.pre-vote = true (default)
2023-09-13 16:03:06,035 [om1@group-C5BA1605619E-FollowerState] INFO  impl.RoleInfo (RoleInfo.java:updateAndGet(139)) - om1: start om1@group-C5BA1605619E-LeaderElection2
2023-09-13 16:03:06,036 [om1@group-C5BA1605619E-LeaderElection2] INFO  impl.LeaderElection (LeaderElection.java:askForVotes(321)) - om1@group-C5BA1605619E-LeaderElection2 PRE_VOTE round 0: submit vote requests at term 0 for -1: peers:[om1|rpc:0.0.0.0:9872|priority:0|startupRole:FOLLOWER]|listeners:[], old=null
2023-09-13 16:03:06,036 [om1@group-C5BA1605619E-LeaderElection2] INFO  impl.LeaderElection (LeaderElection.java:askForVotes(323)) - om1@group-C5BA1605619E-LeaderElection2 PRE_VOTE round 0: result PASSED (term=0)
2023-09-13 16:03:06,046 [om1@group-C5BA1605619E-LeaderElection2] INFO  impl.LeaderElection (LeaderElection.java:askForVotes(321)) - om1@group-C5BA1605619E-LeaderElection2 ELECTION round 0: submit vote requests at term 1 for -1: peers:[om1|rpc:0.0.0.0:9872|priority:0|startupRole:FOLLOWER]|listeners:[], old=null
2023-09-13 16:03:06,048 [om1@group-C5BA1605619E-LeaderElection2] INFO  impl.LeaderElection (LeaderElection.java:askForVotes(323)) - om1@group-C5BA1605619E-LeaderElection2 ELECTION round 0: result PASSED (term=1)
2023-09-13 16:03:06,049 [om1@group-C5BA1605619E-LeaderElection2] INFO  impl.RoleInfo (RoleInfo.java:shutdownLeaderElection(130)) - om1: shutdown om1@group-C5BA1605619E-LeaderElection2
2023-09-13 16:03:06,050 [om1@group-C5BA1605619E-LeaderElection2] INFO  server.RaftServer$Division (RaftServerImpl.java:setRole(329)) - om1@group-C5BA1605619E: changes role from CANDIDATE to LEADER at term 1 for changeToLeader
2023-09-13 16:03:06,061 [om1@group-C5BA1605619E-LeaderElection2] INFO  server.RaftServer$Division (ServerState.java:setLeader(317)) - om1@group-C5BA1605619E: change Leader from null to om1 at term 1 for becomeLeader, leader elected after 5548ms
2023-09-13 16:03:06,061 [om1@group-C5BA1605619E-LeaderElection2] INFO  server.RaftServerConfigKeys (ConfUtils.java:logGet(46)) - raft.server.staging.catchup.gap = 1000 (default)
2023-09-13 16:03:06,061 [om1@group-C5BA1605619E-LeaderElection2] INFO  server.RaftServerConfigKeys (ConfUtils.java:logGet(46)) - raft.server.write.element-limit = 4096 (default)
2023-09-13 16:03:06,061 [om1@group-C5BA1605619E-LeaderElection2] INFO  server.RaftServerConfigKeys (ConfUtils.java:logGet(46)) - raft.server.write.byte-limit = 64MB (=67108864) (default)
2023-09-13 16:03:06,062 [om1@group-C5BA1605619E-LeaderElection2] INFO  server.RaftServerConfigKeys (ConfUtils.java:logGet(46)) - raft.server.watch.timeout = 10s (default)
2023-09-13 16:03:06,062 [om1@group-C5BA1605619E-LeaderElection2] INFO  server.RaftServerConfigKeys (ConfUtils.java:logGet(46)) - raft.server.watch.timeout.denomination = 1s (default)
2023-09-13 16:03:06,062 [om1@group-C5BA1605619E-LeaderElection2] INFO  server.RaftServerConfigKeys (ConfUtils.java:logGet(46)) - raft.server.watch.element-limit = 65536 (default)
2023-09-13 16:03:06,062 [om1@group-C5BA1605619E-LeaderElection2] INFO  server.RaftServerConfigKeys (ConfUtils.java:logGet(46)) - raft.server.write.element-limit = 4096 (default)
2023-09-13 16:03:06,062 [om1@group-C5BA1605619E-LeaderElection2] INFO  server.RaftServerConfigKeys (ConfUtils.java:logGet(46)) - raft.server.write.follower.gap.ratio.max = -1.0 (default)
2023-09-13 16:03:06,062 [om1@group-C5BA1605619E-LeaderElection2] INFO  impl.RoleInfo (RoleInfo.java:updateAndGet(139)) - om1: start om1@group-C5BA1605619E-LeaderStateImpl
2023-09-13 16:03:06,062 [om1@group-C5BA1605619E-LeaderElection2] INFO  segmented.SegmentedRaftLogWorker (SegmentedRaftLogWorker.java:startLogSegment(447)) - om1@group-C5BA1605619E-SegmentedRaftLogWorker: Starting segment from index:0
2023-09-13 16:03:06,067 [om1@group-C5BA1605619E-LeaderElection2] INFO  server.RaftServer$Division (ServerState.java:setRaftConf(434)) - om1@group-C5BA1605619E: set configuration 0: peers:[om1|rpc:0.0.0.0:9872|admin:|client:|dataStream:|priority:0|startupRole:FOLLOWER]|listeners:[], old=null
2023-09-13 16:03:06,085 [om1@group-C5BA1605619E-SegmentedRaftLogWorker] INFO  segmented.SegmentedRaftLogWorker (SegmentedRaftLogWorker.java:execute(651)) - om1@group-C5BA1605619E-SegmentedRaftLogWorker: created new log segment /tmp/junit5417762444419083043/ratis/bf265839-605b-3f16-9796-c5ba1605619e/current/log_inprogress_0
2023-09-13 16:03:06,087 [om1@group-C5BA1605619E-StateMachineUpdater] INFO  ratis.OzoneManagerStateMachine (OzoneManagerStateMachine.java:notifyConfigurationChanged(202)) - Received Configuration change notification from Ratis. New Peer list:
[id: "om1"
address: "0.0.0.0:9872"
startupRole: FOLLOWER
]
2023-09-13 16:03:07,008 [main] INFO  service.TestOpenKeyCleanupService (TestOpenKeyCleanupService.java:testCleanupExpiredOpenKeys(137)) - numDEFKeys=0, numFSOKeys=8, hsync? true
2023-09-13 16:03:07,108 [main] INFO  service.TestOpenKeyCleanupService (TestOpenKeyCleanupService.java:testCleanupExpiredOpenKeys(148)) - oldkeyCount=0, oldrunCount=18
2023-09-13 16:03:07,157 [OM StateMachine ApplyTransaction Thread - 0] WARN  helpers.QuotaUtil (QuotaUtil.java:getReplicatedSize(63)) - Unknown replication type 'STAND_ALONE'. Returning original data size.
2023-09-13 16:03:07,188 [OM StateMachine ApplyTransaction Thread - 0] WARN  helpers.QuotaUtil (QuotaUtil.java:getReplicatedSize(63)) - Unknown replication type 'STAND_ALONE'. Returning original data size.
2023-09-13 16:03:07,188 [OM StateMachine ApplyTransaction Thread - 0] WARN  helpers.QuotaUtil (QuotaUtil.java:getReplicatedSize(63)) - Unknown replication type 'STAND_ALONE'. Returning original data size.
2023-09-13 16:03:07,194 [OM StateMachine ApplyTransaction Thread - 0] WARN  helpers.QuotaUtil (QuotaUtil.java:getReplicatedSize(63)) - Unknown replication type 'STAND_ALONE'. Returning original data size.
2023-09-13 16:03:07,207 [OM StateMachine ApplyTransaction Thread - 0] WARN  helpers.QuotaUtil (QuotaUtil.java:getReplicatedSize(63)) - Unknown replication type 'STAND_ALONE'. Returning original data size.
2023-09-13 16:03:07,207 [OM StateMachine ApplyTransaction Thread - 0] WARN  helpers.QuotaUtil (QuotaUtil.java:getReplicatedSize(63)) - Unknown replication type 'STAND_ALONE'. Returning original data size.
2023-09-13 16:03:07,213 [OM StateMachine ApplyTransaction Thread - 0] WARN  helpers.QuotaUtil (QuotaUtil.java:getReplicatedSize(63)) - Unknown replication type 'STAND_ALONE'. Returning original data size.
2023-09-13 16:03:07,226 [OM StateMachine ApplyTransaction Thread - 0] WARN  helpers.QuotaUtil (QuotaUtil.java:getReplicatedSize(63)) - Unknown replication type 'STAND_ALONE'. Returning original data size.
2023-09-13 16:03:07,226 [OM StateMachine ApplyTransaction Thread - 0] WARN  helpers.QuotaUtil (QuotaUtil.java:getReplicatedSize(63)) - Unknown replication type 'STAND_ALONE'. Returning original data size.
2023-09-13 16:03:07,232 [OM StateMachine ApplyTransaction Thread - 0] WARN  helpers.QuotaUtil (QuotaUtil.java:getReplicatedSize(63)) - Unknown replication type 'STAND_ALONE'. Returning original data size.
2023-09-13 16:03:07,245 [OM StateMachine ApplyTransaction Thread - 0] WARN  helpers.QuotaUtil (QuotaUtil.java:getReplicatedSize(63)) - Unknown replication type 'STAND_ALONE'. Returning original data size.
2023-09-13 16:03:07,245 [OM StateMachine ApplyTransaction Thread - 0] WARN  helpers.QuotaUtil (QuotaUtil.java:getReplicatedSize(63)) - Unknown replication type 'STAND_ALONE'. Returning original data size.
2023-09-13 16:03:07,250 [OM StateMachine ApplyTransaction Thread - 0] WARN  helpers.QuotaUtil (QuotaUtil.java:getReplicatedSize(63)) - Unknown replication type 'STAND_ALONE'. Returning original data size.
2023-09-13 16:03:07,250 [OM StateMachine ApplyTransaction Thread - 0] WARN  helpers.QuotaUtil (QuotaUtil.java:getReplicatedSize(63)) - Unknown replication type 'STAND_ALONE'. Returning original data size.
2023-09-13 16:03:07,256 [OM StateMachine ApplyTransaction Thread - 0] WARN  helpers.QuotaUtil (QuotaUtil.java:getReplicatedSize(63)) - Unknown replication type 'STAND_ALONE'. Returning original data size.
2023-09-13 16:03:07,266 [OM StateMachine ApplyTransaction Thread - 0] WARN  helpers.QuotaUtil (QuotaUtil.java:getReplicatedSize(63)) - Unknown replication type 'STAND_ALONE'. Returning original data size.
2023-09-13 16:03:07,277 [OM StateMachine ApplyTransaction Thread - 0] WARN  helpers.QuotaUtil (QuotaUtil.java:getReplicatedSize(63)) - Unknown replication type 'STAND_ALONE'. Returning original data size.
2023-09-13 16:03:07,277 [OM StateMachine ApplyTransaction Thread - 0] WARN  helpers.QuotaUtil (QuotaUtil.java:getReplicatedSize(63)) - Unknown replication type 'STAND_ALONE'. Returning original data size.
2023-09-13 16:03:07,282 [OM StateMachine ApplyTransaction Thread - 0] WARN  helpers.QuotaUtil (QuotaUtil.java:getReplicatedSize(63)) - Unknown replication type 'STAND_ALONE'. Returning original data size.
2023-09-13 16:03:07,292 [OM StateMachine ApplyTransaction Thread - 0] WARN  helpers.QuotaUtil (QuotaUtil.java:getReplicatedSize(63)) - Unknown replication type 'STAND_ALONE'. Returning original data size.
2023-09-13 16:03:07,292 [OM StateMachine ApplyTransaction Thread - 0] WARN  helpers.QuotaUtil (QuotaUtil.java:getReplicatedSize(63)) - Unknown replication type 'STAND_ALONE'. Returning original data size.
2023-09-13 16:03:07,298 [OM StateMachine ApplyTransaction Thread - 0] WARN  helpers.QuotaUtil (QuotaUtil.java:getReplicatedSize(63)) - Unknown replication type 'STAND_ALONE'. Returning original data size.
2023-09-13 16:03:07,550 [OM StateMachine ApplyTransaction Thread - 0] WARN  helpers.QuotaUtil (QuotaUtil.java:getReplicatedSize(63)) - Unknown replication type 'STAND_ALONE'. Returning original data size.
2023-09-13 16:03:07,551 [OM StateMachine ApplyTransaction Thread - 0] WARN  helpers.QuotaUtil (QuotaUtil.java:getReplicatedSize(63)) - Unknown replication type 'STAND_ALONE'. Returning original data size.
2023-09-13 16:03:07,649 [OM StateMachine ApplyTransaction Thread - 0] WARN  helpers.QuotaUtil (QuotaUtil.java:getReplicatedSize(63)) - Unknown replication type 'STAND_ALONE'. Returning original data size.
2023-09-13 16:03:07,649 [OM StateMachine ApplyTransaction Thread - 0] WARN  helpers.QuotaUtil (QuotaUtil.java:getReplicatedSize(63)) - Unknown replication type 'STAND_ALONE'. Returning original data size.
2023-09-13 16:03:07,751 [OM StateMachine ApplyTransaction Thread - 0] WARN  helpers.QuotaUtil (QuotaUtil.java:getReplicatedSize(63)) - Unknown replication type 'STAND_ALONE'. Returning original data size.
2023-09-13 16:03:07,751 [OM StateMachine ApplyTransaction Thread - 0] WARN  helpers.QuotaUtil (QuotaUtil.java:getReplicatedSize(63)) - Unknown replication type 'STAND_ALONE'. Returning original data size.
2023-09-13 16:03:07,849 [OM StateMachine ApplyTransaction Thread - 0] WARN  helpers.QuotaUtil (QuotaUtil.java:getReplicatedSize(63)) - Unknown replication type 'STAND_ALONE'. Returning original data size.
2023-09-13 16:03:07,849 [OM StateMachine ApplyTransaction Thread - 0] WARN  helpers.QuotaUtil (QuotaUtil.java:getReplicatedSize(63)) - Unknown replication type 'STAND_ALONE'. Returning original data size.
2023-09-13 16:03:07,948 [OM StateMachine ApplyTransaction Thread - 0] WARN  helpers.QuotaUtil (QuotaUtil.java:getReplicatedSize(63)) - Unknown replication type 'STAND_ALONE'. Returning original data size.
2023-09-13 16:03:07,948 [OM StateMachine ApplyTransaction Thread - 0] WARN  helpers.QuotaUtil (QuotaUtil.java:getReplicatedSize(63)) - Unknown replication type 'STAND_ALONE'. Returning original data size.
2023-09-13 16:03:08,048 [OM StateMachine ApplyTransaction Thread - 0] WARN  helpers.QuotaUtil (QuotaUtil.java:getReplicatedSize(63)) - Unknown replication type 'STAND_ALONE'. Returning original data size.
2023-09-13 16:03:08,048 [OM StateMachine ApplyTransaction Thread - 0] WARN  helpers.QuotaUtil (QuotaUtil.java:getReplicatedSize(63)) - Unknown replication type 'STAND_ALONE'. Returning original data size.
2023-09-13 16:03:08,148 [OM StateMachine ApplyTransaction Thread - 0] WARN  helpers.QuotaUtil (QuotaUtil.java:getReplicatedSize(63)) - Unknown replication type 'STAND_ALONE'. Returning original data size.
2023-09-13 16:03:08,148 [OM StateMachine ApplyTransaction Thread - 0] WARN  helpers.QuotaUtil (QuotaUtil.java:getReplicatedSize(63)) - Unknown replication type 'STAND_ALONE'. Returning original data size.
2023-09-13 16:03:08,248 [OM StateMachine ApplyTransaction Thread - 0] WARN  helpers.QuotaUtil (QuotaUtil.java:getReplicatedSize(63)) - Unknown replication type 'STAND_ALONE'. Returning original data size.
2023-09-13 16:03:08,248 [OM StateMachine ApplyTransaction Thread - 0] WARN  helpers.QuotaUtil (QuotaUtil.java:getReplicatedSize(63)) - Unknown replication type 'STAND_ALONE'. Returning original data size.
2023-09-13 16:03:08,406 [main] INFO  om.OzoneManager (OzoneManager.java:stop(2207)) - om1[0.0.0.0:9862]: Stopping Ozone Manager
2023-09-13 16:03:08,407 [main] INFO  ipc.Server (Server.java:stop(3523)) - Stopping server on 9862
2023-09-13 16:03:08,412 [IPC Server listener on 9862] INFO  ipc.Server (Server.java:run(1434)) - Stopping IPC Server listener on 9862
2023-09-13 16:03:08,416 [IPC Server Responder] INFO  ipc.Server (Server.java:run(1567)) - Stopping IPC Server Responder
2023-09-13 16:03:12,437 [main] INFO  om.GrpcOzoneManagerServer (GrpcOzoneManagerServer.java:stop(192)) - Server GrpcOzoneManagerServer is shutdown
2023-09-13 16:03:12,437 [main] INFO  server.RaftServer (RaftServerProxy.java:lambda$close$6(416)) - om1: close
2023-09-13 16:03:12,438 [main] INFO  server.GrpcService (GrpcService.java:closeImpl(311)) - om1: shutdown server GrpcServerProtocolService now
2023-09-13 16:03:12,440 [om1-impl-thread1] INFO  server.RaftServer$Division (RaftServerImpl.java:lambda$close$4(466)) - om1@group-C5BA1605619E: shutdown
2023-09-13 16:03:12,441 [om1-impl-thread1] INFO  util.JmxRegister (JmxRegister.java:unregister(73)) - Successfully un-registered JMX Bean with object name Ratis:service=RaftServer,group=group-C5BA1605619E,id=om1
2023-09-13 16:03:12,441 [om1-impl-thread1] INFO  impl.RoleInfo (RoleInfo.java:shutdownLeaderState(93)) - om1: shutdown om1@group-C5BA1605619E-LeaderStateImpl
2023-09-13 16:03:12,441 [om1-impl-thread1] INFO  impl.PendingRequests (PendingRequests.java:sendNotLeaderResponses(289)) - om1@group-C5BA1605619E-PendingRequests: sendNotLeaderResponses
2023-09-13 16:03:12,442 [main] INFO  server.GrpcService (GrpcService.java:closeImpl(320)) - om1: shutdown server GrpcServerProtocolService successfully
2023-09-13 16:03:12,443 [om1-impl-thread1] INFO  impl.StateMachineUpdater (StateMachineUpdater.java:stopAndJoin(155)) - om1@group-C5BA1605619E-StateMachineUpdater: set stopIndex = 62
2023-09-13 16:03:12,444 [om1@group-C5BA1605619E-StateMachineUpdater] INFO  ratis.OzoneManagerStateMachine (OzoneManagerStateMachine.java:takeSnapshot(480)) - Current Snapshot Index (t:1, i:62)
2023-09-13 16:03:12,458 [om1@group-C5BA1605619E-StateMachineUpdater] INFO  impl.StateMachineUpdater (StateMachineUpdater.java:takeSnapshot(291)) - om1@group-C5BA1605619E-StateMachineUpdater: Took a snapshot at index 62
2023-09-13 16:03:12,458 [om1@group-C5BA1605619E-StateMachineUpdater] INFO  impl.StateMachineUpdater (StateMachineUpdater.java:lambda$new$0(97)) - om1@group-C5BA1605619E-StateMachineUpdater: snapshotIndex: updateIncreasingly -1 -> 62
2023-09-13 16:03:12,458 [om1@group-C5BA1605619E-StateMachineUpdater] INFO  ratis.OzoneManagerStateMachine (OzoneManagerStateMachine.java:close(534)) - StateMachine has shutdown. Shutdown OzoneManager if not already shutdown.
2023-09-13 16:03:12,458 [om1@group-C5BA1605619E-StateMachineUpdater] INFO  ratis.OzoneManagerDoubleBuffer (OzoneManagerDoubleBuffer.java:stopDaemon(551)) - Stopping OMDoubleBuffer flush thread
2023-09-13 16:03:12,459 [OMDoubleBufferFlushThread] INFO  ratis.OzoneManagerDoubleBuffer (OzoneManagerDoubleBuffer.java:canFlush(638)) - OMDoubleBuffer flush thread OMDoubleBufferFlushThread is interrupted and will exit.
2023-09-13 16:03:12,459 [om1-impl-thread1] INFO  server.RaftServer$Division (ServerState.java:close(472)) - om1@group-C5BA1605619E: closes. applyIndex: 62
2023-09-13 16:03:13,249 [om1-impl-thread1] INFO  segmented.SegmentedRaftLogWorker (SegmentedRaftLogWorker.java:close(252)) - om1@group-C5BA1605619E-SegmentedRaftLogWorker close()
2023-09-13 16:03:13,250 [JvmPauseMonitor1] INFO  util.JvmPauseMonitor (JvmPauseMonitor.java:run(109)) - JvmPauseMonitor-om1: Stopped
2023-09-13 16:03:13,250 [main] INFO  ratis.OzoneManagerStateMachine (OzoneManagerStateMachine.java:close(534)) - StateMachine has shutdown. Shutdown OzoneManager if not already shutdown.
2023-09-13 16:03:13,251 [main] INFO  ratis.OzoneManagerDoubleBuffer (OzoneManagerDoubleBuffer.java:stopDaemon(560)) - OMDoubleBuffer flush thread is not running.
2023-09-13 16:03:13,251 [main] INFO  utils.BackgroundService (BackgroundService.java:shutdown(141)) - Shutting down service KeyDeletingService
2023-09-13 16:03:13,251 [main] INFO  utils.BackgroundService (BackgroundService.java:shutdown(141)) - Shutting down service KeyDeletingService
2023-09-13 16:03:13,252 [main] INFO  utils.BackgroundService (BackgroundService.java:shutdown(141)) - Shutting down service OpenKeyCleanupService
2023-09-13 16:03:13,252 [main] INFO  utils.BackgroundService (BackgroundService.java:shutdown(141)) - Shutting down service SstFilteringService
2023-09-13 16:03:13,252 [main] INFO  utils.BackgroundService (BackgroundService.java:shutdown(141)) - Shutting down service SnapshotDeletingService
2023-09-13 16:03:13,252 [main] INFO  om.OzoneManager (OzoneManager.java:stopSecretManager(1071)) - Stopping OM delegation token secret manager.
2023-09-13 16:03:13,253 [main] INFO  handler.ContextHandler (ContextHandler.java:doStop(1159)) - Stopped o.e.j.w.WebAppContext@666971a{ozoneManager,/,null,STOPPED}{file:/home/runner/work/ozone/ozone/hadoop-ozone/ozone-manager/target/classes/webapps/ozoneManager}
2023-09-13 16:03:13,254 [main] INFO  server.AbstractConnector (AbstractConnector.java:doStop(383)) - Stopped ServerConnector@5d84189{HTTP/1.1, (http/1.1)}{0.0.0.0:9874}
2023-09-13 16:03:13,254 [main] INFO  server.session (HouseKeeper.java:stopScavenging(149)) - node0 Stopped scavenging
2023-09-13 16:03:13,255 [main] INFO  handler.ContextHandler (ContextHandler.java:doStop(1159)) - Stopped o.e.j.s.ServletContextHandler@3178ca57{static,/static,file:///home/runner/work/ozone/ozone/hadoop-ozone/ozone-manager/target/classes/webapps/static,STOPPED}
2023-09-13 16:03:13,255 [main] INFO  handler.ContextHandler (ContextHandler.java:doStop(1159)) - Stopped o.e.j.s.ServletContextHandler@1bf4fdf{logs,/logs,file:///home/runner/work/ozone/ozone/hadoop-ozone/ozone-manager/target/log,STOPPED}
2023-09-13 16:03:13,256 [main] INFO  rocksdiff.RocksDBCheckpointDiffer (RocksDBCheckpointDiffer.java:close(343)) - Shutting down CompactionDagPruningService.
2023-09-13 16:03:13,258 [main] INFO  snapshot.SnapshotDiffManager (SnapshotDiffManager.java:closeExecutorService(1706)) - Shutting down executorService: 'SnapDiffExecutor'
2023-09-13 16:03:13,258 [main] INFO  snapshot.SnapshotDiffManager (SnapshotDiffManager.java:closeExecutorService(1706)) - Shutting down executorService: 'SstDumpToolExecutor'
2023-09-13 16:03:13,258 [main] INFO  utils.BackgroundService (BackgroundService.java:shutdown(141)) - Shutting down service SnapshotDiffCleanupService
]]></system-out>
  </testcase>
  <testcase name="testCleanupExpiredOpenKeys(int, int, boolean)[3]" classname="org.apache.hadoop.ozone.om.service.TestOpenKeyCleanupService" time="12.855">
    <system-out><![CDATA[2023-09-13 16:03:13,286 [main] WARN  server.ServerUtils (ServerUtils.java:getDBPath(311)) - ozone.om.db.dirs is not configured. We recommend adding this setting. Falling back to ozone.metadata.dirs instead.
2023-09-13 16:03:13,288 [main] INFO  ha.OMHANodeDetails (OMHANodeDetails.java:loadOMHAConfig(115)) - ozone.om.internal.service.id is not defined, falling back to ozone.om.service.ids to find serviceID for OzoneManager if it is HA enabled cluster
2023-09-13 16:03:13,288 [main] INFO  ha.OMHANodeDetails (OMHANodeDetails.java:loadOMHAConfig(226)) - Configuration does not have ozone.om.address set. Falling back to the default OM address /0.0.0.0:9862
2023-09-13 16:03:13,289 [main] INFO  ha.OMHANodeDetails (OMHANodeDetails.java:getOMNodeDetailsForNonHA(254)) - OM Service ID is not set. Setting it to the default ID: omServiceIdDefault
2023-09-13 16:03:13,289 [main] INFO  ha.OMHANodeDetails (OMHANodeDetails.java:getOMNodeDetailsForNonHA(261)) - OM Node ID is not set. Setting it to the default ID: om1
2023-09-13 16:03:13,290 [main] WARN  server.ServerUtils (ServerUtils.java:getDBPath(311)) - ozone.om.db.dirs is not configured. We recommend adding this setting. Falling back to ozone.metadata.dirs instead.
2023-09-13 16:03:13,291 [main] INFO  upgrade.AbstractLayoutVersionManager (AbstractLayoutVersionManager.java:init(83)) - Initializing Layout version manager with metadata layout = QUOTA (version = 6), software layout = QUOTA (version = 6)
2023-09-13 16:03:13,333 [main] INFO  reflections.Reflections (Reflections.java:scan(232)) - Reflections took 41 ms to scan 2 urls, producing 187 keys and 515 values [using 2 cores]
2023-09-13 16:03:13,333 [main] INFO  upgrade.OMLayoutVersionManager (OMLayoutVersionManager.java:lambda$0(115)) - Skipping Upgrade Action QuotaRepairUpgradeAction since it has been finalized.
2023-09-13 16:03:13,334 [main] INFO  upgrade.OMLayoutVersionManager (OMLayoutVersionManager.java:lambda$0(115)) - Skipping Upgrade Action MockOmUpgradeAction since it has been finalized.
2023-09-13 16:03:13,334 [main] WARN  server.ServerUtils (ServerUtils.java:getDBPath(311)) - ozone.om.db.dirs is not configured. We recommend adding this setting. Falling back to ozone.metadata.dirs instead.
2023-09-13 16:03:13,335 [main] INFO  proxy.SCMBlockLocationFailoverProxyProvider (SCMBlockLocationFailoverProxyProvider.java:<init>(114)) - Created block location fail-over proxy with 1 nodes: [nodeId=scmNodeId,nodeAddress=/127.0.0.1:9863]
2023-09-13 16:03:13,338 [main] INFO  om.OzoneManager (OzoneManager.java:<init>(665)) - OM start with adminUsers: [runner]
2023-09-13 16:03:13,340 [main] WARN  server.ServerUtils (ServerUtils.java:getDBPath(311)) - ozone.om.db.dirs is not configured. We recommend adding this setting. Falling back to ozone.metadata.dirs instead.
2023-09-13 16:03:13,340 [main] INFO  helpers.OmKeyInfo (OmKeyInfo.java:getCodec(71)) - OmKeyInfo.getCodec ignorePipeline = true
2023-09-13 16:03:13,512 [main] INFO  om.OzoneManager (OzoneManager.java:instantiateServices(794)) - S3 Multi-Tenancy is disabled
2023-09-13 16:03:13,513 [main] INFO  security.OzoneSecretStore (OzoneSecretStore.java:loadState(69)) - Loaded 0 tokens
2023-09-13 16:03:13,513 [main] INFO  security.OzoneDelegationTokenSecretManager (OzoneDelegationTokenSecretManager.java:loadTokenSecretState(530)) - Loading token state into token manager.
2023-09-13 16:03:13,514 [main] INFO  om.OmSnapshotManager (OmSnapshotManager.java:<init>(174)) - Ozone filesystem snapshot feature is enabled.
2023-09-13 16:03:13,514 [main] WARN  server.ServerUtils (ServerUtils.java:getDBPath(311)) - ozone.om.snapshot.diff.db.dir is not configured. We recommend adding this setting. Falling back to ozone.metadata.dirs instead.
2023-09-13 16:03:13,530 [main] INFO  snapshot.SnapshotDiffManager (SnapshotDiffManager.java:closeExecutorService(1706)) - Shutting down executorService: 'SstDumpToolExecutor'
2023-09-13 16:03:13,533 [main] INFO  om.OzoneManager (OzoneManager.java:addS3GVolumeToDB(4305)) - Created Volume s3v With Owner runner required for S3Gateway operations.
2023-09-13 16:03:13,534 [main] WARN  server.ServerUtils (ServerUtils.java:getDefaultRatisDirectory(323)) - Storage directory for Ratis is not configured. It is a good idea to map this to an SSD disk. Falling back to ozone.metadata.dirs
2023-09-13 16:03:13,536 [main] WARN  utils.OzoneManagerRatisUtils (OzoneManagerRatisUtils.java:getOMRatisSnapshotDirectory(464)) - ozone.om.ratis.snapshot.dir is not configured. Falling back to ozone.metadata.dirs config
2023-09-13 16:03:13,537 [main] WARN  server.ServerUtils (ServerUtils.java:getDefaultRatisDirectory(323)) - Storage directory for Ratis is not configured. It is a good idea to map this to an SSD disk. Falling back to ozone.metadata.dirs
2023-09-13 16:03:13,543 [main] INFO  ratis.OzoneManagerRatisServer (OzoneManagerRatisServer.java:<init>(163)) - Instantiating OM Ratis server with groupID: omServiceIdDefault and peers: 0.0.0.0:9872
2023-09-13 16:03:13,544 [main] INFO  ratis.OzoneManagerStateMachine (OzoneManagerStateMachine.java:loadSnapshotInfoFromDB(687)) - LastAppliedIndex is set from TransactionInfo from OM DB as (t:0, i:~)
2023-09-13 16:03:13,544 [main] INFO  server.RaftServer (ConfUtils.java:logGet(46)) - raft.rpc.type = GRPC (default)
2023-09-13 16:03:13,546 [main] INFO  grpc.GrpcConfigKeys (ConfUtils.java:logFallback(53)) - raft.grpc.admin.host = null (fallback to raft.grpc.server.host)
2023-09-13 16:03:13,547 [main] INFO  grpc.GrpcConfigKeys (ConfUtils.java:logFallback(53)) - raft.grpc.admin.port = 9872 (fallback to raft.grpc.server.port)
2023-09-13 16:03:13,547 [main] INFO  grpc.GrpcConfigKeys (ConfUtils.java:logFallback(53)) - raft.grpc.client.host = null (fallback to raft.grpc.server.host)
2023-09-13 16:03:13,547 [main] INFO  grpc.GrpcConfigKeys (ConfUtils.java:logFallback(53)) - raft.grpc.client.port = 9872 (fallback to raft.grpc.server.port)
2023-09-13 16:03:13,547 [main] INFO  grpc.GrpcConfigKeys (ConfUtils.java:logGet(46)) - raft.grpc.server.host = null (default)
2023-09-13 16:03:13,548 [main] INFO  grpc.GrpcConfigKeys (ConfUtils.java:logGet(46)) - raft.grpc.server.port = 9872 (custom)
2023-09-13 16:03:13,548 [main] INFO  server.GrpcService (ConfUtils.java:logGet(46)) - raft.grpc.message.size.max = 33554432 (custom)
2023-09-13 16:03:13,548 [main] INFO  server.RaftServerConfigKeys (ConfUtils.java:logGet(46)) - raft.server.log.appender.buffer.byte-limit = 33554432 (custom)
2023-09-13 16:03:13,548 [main] INFO  server.GrpcService (ConfUtils.java:logGet(46)) - raft.grpc.flow.control.window = 1MB (=1048576) (default)
2023-09-13 16:03:13,548 [main] INFO  server.RaftServerConfigKeys (ConfUtils.java:logGet(46)) - raft.server.rpc.request.timeout = 3000ms (default)
2023-09-13 16:03:13,548 [main] INFO  grpc.GrpcConfigKeys (ConfUtils.java:logGet(46)) - raft.grpc.server.heartbeat.channel = true (default)
2023-09-13 16:03:13,549 [main] INFO  grpc.GrpcConfigKeys (ConfUtils.java:logGet(46)) - raft.grpc.server.async.request.thread.pool.cached = true (default)
2023-09-13 16:03:13,549 [main] INFO  grpc.GrpcConfigKeys (ConfUtils.java:logGet(46)) - raft.grpc.server.async.request.thread.pool.size = 32 (default)
2023-09-13 16:03:13,550 [main] INFO  impl.DataStreamServerImpl (ConfUtils.java:logGet(46)) - raft.datastream.type = DISABLED (default)
2023-09-13 16:03:13,551 [main] INFO  server.RaftServerConfigKeys (ConfUtils.java:logGet(46)) - raft.server.threadpool.proxy.cached = true (default)
2023-09-13 16:03:13,551 [main] INFO  server.RaftServerConfigKeys (ConfUtils.java:logGet(46)) - raft.server.threadpool.proxy.size = 0 (default)
2023-09-13 16:03:13,551 [main] INFO  server.RaftServerConfigKeys (ConfUtils.java:logGet(46)) - raft.server.rpc.slowness.timeout = 120s (custom)
2023-09-13 16:03:13,551 [main] INFO  server.RaftServerConfigKeys (ConfUtils.java:logGet(46)) - raft.server.leaderelection.leader.step-down.wait-time = 10s (default)
2023-09-13 16:03:13,551 [main] INFO  server.RaftServerConfigKeys (ConfUtils.java:logGet(46)) - raft.server.storage.dir = [/tmp/junit3075227868789888822/ratis] (custom)
2023-09-13 16:03:13,554 [main] INFO  server.RaftServer (RaftServerProxy.java:addNew(98)) - om1: addNew group-C5BA1605619E:[om1|rpc:0.0.0.0:9872|priority:0|startupRole:FOLLOWER] returns group-C5BA1605619E:java.util.concurrent.CompletableFuture@698ba673[Not completed]
2023-09-13 16:03:13,554 [main] INFO  om.OzoneManager (OzoneManager.java:initializeRatisServer(2148)) - OzoneManager Ratis server initialized at port 9872
2023-09-13 16:03:13,555 [main] INFO  om.OzoneManager (OzoneManager.java:getRpcServer(1196)) - Creating RPC Server
2023-09-13 16:03:13,556 [om1-groupManagement] INFO  server.RaftServer$Division (RaftServerImpl.java:<init>(198)) - om1: new RaftServerImpl for group-C5BA1605619E:[om1|rpc:0.0.0.0:9872|priority:0|startupRole:FOLLOWER] with OzoneManagerStateMachine:uninitialized
2023-09-13 16:03:13,556 [om1-groupManagement] INFO  server.RaftServerConfigKeys (ConfUtils.java:logGet(46)) - raft.server.rpc.timeout.min = 5s (custom)
2023-09-13 16:03:13,556 [om1-groupManagement] INFO  server.RaftServerConfigKeys (ConfUtils.java:logGet(46)) - raft.server.rpc.timeout.max = 5200ms (custom)
2023-09-13 16:03:13,556 [om1-groupManagement] INFO  server.RaftServerConfigKeys (ConfUtils.java:logGet(46)) - raft.server.rpc.sleep.time = 25ms (default)
2023-09-13 16:03:13,556 [om1-groupManagement] INFO  server.RaftServerConfigKeys (ConfUtils.java:logGet(46)) - raft.server.rpc.slowness.timeout = 120s (custom)
2023-09-13 16:03:13,556 [om1-groupManagement] INFO  server.RaftServerConfigKeys (ConfUtils.java:logGet(46)) - raft.server.leaderelection.leader.step-down.wait-time = 10s (default)
2023-09-13 16:03:13,556 [om1-groupManagement] INFO  server.RaftServerConfigKeys (ConfUtils.java:logGet(46)) - raft.server.sleep.deviation.threshold = 300ms (default)
2023-09-13 16:03:13,556 [om1-groupManagement] INFO  server.RaftServer$Division (ServerState.java:<init>(120)) - om1@group-C5BA1605619E: ConfigurationManager, init=-1: peers:[om1|rpc:0.0.0.0:9872|priority:0|startupRole:FOLLOWER]|listeners:[], old=null, confs=<EMPTY_MAP>
2023-09-13 16:03:13,556 [om1-groupManagement] INFO  server.RaftServerConfigKeys (ConfUtils.java:logGet(46)) - raft.server.storage.dir = [/tmp/junit3075227868789888822/ratis] (custom)
2023-09-13 16:03:13,557 [om1-groupManagement] INFO  server.RaftServerConfigKeys (ConfUtils.java:logGet(46)) - raft.server.log.corruption.policy = EXCEPTION (default)
2023-09-13 16:03:13,557 [om1-groupManagement] INFO  server.RaftServerConfigKeys (ConfUtils.java:logGet(46)) - raft.server.storage.free-space.min = 0MB (=0) (default)
2023-09-13 16:03:13,557 [om1-groupManagement] INFO  server.RaftServerConfigKeys (ConfUtils.java:logGet(46)) - raft.server.notification.no-leader.timeout = 120s (custom)
2023-09-13 16:03:13,557 [om1-groupManagement] INFO  server.RaftServerConfigKeys (ConfUtils.java:logGet(46)) - raft.server.read.timeout = 10s (default)
2023-09-13 16:03:13,557 [om1-groupManagement] INFO  server.RaftServerConfigKeys (ConfUtils.java:logGet(46)) - raft.server.retrycache.expirytime = 300s (custom)
2023-09-13 16:03:13,557 [om1-groupManagement] INFO  server.RaftServerConfigKeys (ConfUtils.java:logGet(46)) - raft.server.retrycache.statistics.expirytime = 100μs (default)
2023-09-13 16:03:13,557 [om1-groupManagement] INFO  server.RaftServerConfigKeys (ConfUtils.java:logGet(46)) - raft.server.read.option = DEFAULT (default)
2023-09-13 16:03:13,558 [om1-groupManagement] INFO  server.RaftServerConfigKeys (ConfUtils.java:logGet(46)) - raft.server.rpc.request.timeout = 3000ms (default)
2023-09-13 16:03:13,558 [om1-groupManagement] INFO  server.RaftServerConfigKeys (ConfUtils.java:logGet(46)) - raft.server.log.appender.install.snapshot.enabled = false (custom)
2023-09-13 16:03:13,558 [om1-groupManagement] INFO  server.RaftServerConfigKeys (ConfUtils.java:logGet(46)) - raft.server.threadpool.server.cached = true (default)
2023-09-13 16:03:13,558 [om1-groupManagement] INFO  server.RaftServerConfigKeys (ConfUtils.java:logGet(46)) - raft.server.threadpool.server.size = 0 (default)
2023-09-13 16:03:13,558 [om1-groupManagement] INFO  server.RaftServerConfigKeys (ConfUtils.java:logGet(46)) - raft.server.threadpool.client.cached = true (default)
2023-09-13 16:03:13,558 [om1-groupManagement] INFO  server.RaftServerConfigKeys (ConfUtils.java:logGet(46)) - raft.server.threadpool.client.size = 0 (default)
2023-09-13 16:03:13,830 [main] INFO  reflections.Reflections (Reflections.java:scan(232)) - Reflections took 273 ms to scan 12 urls, producing 50 keys and 2980 values [using 2 cores]
2023-09-13 16:03:13,832 [main] INFO  ipc.CallQueueManager (CallQueueManager.java:<init>(90)) - Using callQueue: class java.util.concurrent.LinkedBlockingQueue, queueCapacity: 10000, scheduler: class org.apache.hadoop.ipc.DefaultRpcScheduler, ipcBackoff: false.
2023-09-13 16:03:13,832 [main] INFO  ipc.Server (Server.java:<init>(1287)) - Listener at 0.0.0.0:9862
2023-09-13 16:03:13,837 [Socket Reader #1 for port 9862] INFO  ipc.Server (Server.java:run(1323)) - Starting Socket Reader #1 for port 9862
2023-09-13 16:03:13,857 [main] INFO  impl.MetricsSystemImpl (MetricsSystemImpl.java:init(158)) - OzoneManager metrics system started (again)
2023-09-13 16:03:13,867 [main] INFO  om.OzoneManager (OzoneManager.java:start(1633)) - OzoneManager RPC server is listening at /0.0.0.0:9862
2023-09-13 16:03:13,867 [main] INFO  ratis.OzoneManagerRatisServer (OzoneManagerRatisServer.java:start(558)) - Starting OzoneManagerRatisServer om1 at port 9872
2023-09-13 16:03:13,867 [om1-impl-thread1] INFO  storage.RaftStorageDirectory (RaftStorageDirectoryImpl.java:analyzeStorage(137)) - The storage directory /tmp/junit3075227868789888822/ratis/bf265839-605b-3f16-9796-c5ba1605619e does not exist. Creating ...
2023-09-13 16:03:13,869 [om1-impl-thread1] INFO  storage.RaftStorageDirectory (RaftStorageDirectoryImpl.java:tryLock(231)) - Lock on /tmp/junit3075227868789888822/ratis/bf265839-605b-3f16-9796-c5ba1605619e/in_use.lock acquired by nodename 188718@fv-az937-94
2023-09-13 16:03:13,870 [om1-impl-thread1] INFO  storage.RaftStorage (RaftStorageImpl.java:format(96)) - Storage directory /tmp/junit3075227868789888822/ratis/bf265839-605b-3f16-9796-c5ba1605619e has been successfully formatted.
2023-09-13 16:03:13,870 [om1-impl-thread1] INFO  server.RaftServerConfigKeys (ConfUtils.java:logGet(46)) - raft.server.log.use.memory = false (default)
2023-09-13 16:03:13,870 [om1-impl-thread1] INFO  server.RaftServerConfigKeys (ConfUtils.java:logGet(46)) - raft.server.log.purge.gap = 1000000 (custom)
2023-09-13 16:03:13,870 [om1-impl-thread1] INFO  server.RaftServerConfigKeys (ConfUtils.java:logGet(46)) - raft.server.log.appender.buffer.byte-limit = 33554432 (custom)
2023-09-13 16:03:13,870 [om1-impl-thread1] INFO  server.RaftServerConfigKeys (ConfUtils.java:logGet(46)) - raft.server.log.statemachine.data.read.timeout = 1000ms (default)
2023-09-13 16:03:13,870 [om1-impl-thread1] INFO  server.RaftServerConfigKeys (ConfUtils.java:logGet(46)) - raft.server.log.purge.preservation.log.num = 0 (default)
2023-09-13 16:03:13,870 [om1-impl-thread1] INFO  server.RaftServerConfigKeys (ConfUtils.java:logGet(46)) - raft.server.log.segment.size.max = 4194304 (custom)
2023-09-13 16:03:13,871 [om1-impl-thread1] INFO  server.RaftServerConfigKeys (ConfUtils.java:logGet(46)) - raft.server.log.segment.cache.num.max = 2 (custom)
2023-09-13 16:03:13,871 [om1-impl-thread1] INFO  server.RaftServerConfigKeys (ConfUtils.java:logGet(46)) - raft.server.log.segment.cache.size.max = 200MB (=209715200) (default)
2023-09-13 16:03:13,871 [om1-impl-thread1] INFO  server.RaftServerConfigKeys (ConfUtils.java:logGet(46)) - raft.server.log.appender.buffer.byte-limit = 33554432 (custom)
2023-09-13 16:03:13,871 [om1-impl-thread1] INFO  segmented.SegmentedRaftLogWorker (SegmentedRaftLogWorker.java:<init>(188)) - new om1@group-C5BA1605619E-SegmentedRaftLogWorker for RaftStorageImpl:Storage Directory /tmp/junit3075227868789888822/ratis/bf265839-605b-3f16-9796-c5ba1605619e
2023-09-13 16:03:13,871 [om1-impl-thread1] INFO  server.RaftServerConfigKeys (ConfUtils.java:logGet(46)) - raft.server.log.queue.byte-limit = 64MB (=67108864) (default)
2023-09-13 16:03:13,871 [om1-impl-thread1] INFO  server.RaftServerConfigKeys (ConfUtils.java:logGet(46)) - raft.server.log.queue.element-limit = 4096 (default)
2023-09-13 16:03:13,871 [om1-impl-thread1] INFO  server.RaftServerConfigKeys (ConfUtils.java:logGet(46)) - raft.server.log.segment.size.max = 4194304 (custom)
2023-09-13 16:03:13,871 [om1-impl-thread1] INFO  server.RaftServerConfigKeys (ConfUtils.java:logGet(46)) - raft.server.log.preallocated.size = 4194304 (custom)
2023-09-13 16:03:13,871 [om1-impl-thread1] INFO  server.RaftServerConfigKeys (ConfUtils.java:logGet(46)) - raft.server.log.force.sync.num = 128 (default)
2023-09-13 16:03:13,871 [om1-impl-thread1] INFO  server.RaftServerConfigKeys (ConfUtils.java:logGet(46)) - raft.server.log.statemachine.data.sync = true (default)
2023-09-13 16:03:13,871 [om1-impl-thread1] INFO  server.RaftServerConfigKeys (ConfUtils.java:logGet(46)) - raft.server.log.statemachine.data.sync.timeout = 10s (default)
2023-09-13 16:03:13,871 [om1-impl-thread1] INFO  server.RaftServerConfigKeys (ConfUtils.java:logGet(46)) - raft.server.log.statemachine.data.sync.timeout.retry = -1 (default)
2023-09-13 16:03:13,872 [om1-impl-thread1] INFO  server.RaftServerConfigKeys (ConfUtils.java:logGet(46)) - raft.server.log.write.buffer.size = 64KB (=65536) (default)
2023-09-13 16:03:13,872 [om1-impl-thread1] INFO  server.RaftServerConfigKeys (ConfUtils.java:logGet(46)) - raft.server.log.appender.buffer.byte-limit = 33554432 (custom)
2023-09-13 16:03:13,877 [om1-impl-thread1] INFO  server.RaftServerConfigKeys (ConfUtils.java:logGet(46)) - raft.server.log.unsafe-flush.enabled = false (default)
2023-09-13 16:03:13,877 [om1-impl-thread1] INFO  server.RaftServerConfigKeys (ConfUtils.java:logGet(46)) - raft.server.log.async-flush.enabled = false (default)
2023-09-13 16:03:13,877 [om1-impl-thread1] INFO  server.RaftServerConfigKeys (ConfUtils.java:logGet(46)) - raft.server.log.statemachine.data.caching.enabled = false (default)
2023-09-13 16:03:13,877 [om1-impl-thread1] INFO  segmented.SegmentedRaftLogWorker (SegmentedRaftLogWorker.java:lambda$new$0(135)) - om1@group-C5BA1605619E-SegmentedRaftLogWorker: flushIndex: setUnconditionally 0 -> -1
2023-09-13 16:03:13,877 [om1-impl-thread1] INFO  segmented.SegmentedRaftLogWorker (SegmentedRaftLogWorker.java:lambda$new$0(135)) - om1@group-C5BA1605619E-SegmentedRaftLogWorker: safeCacheEvictIndex: setUnconditionally 0 -> -1
2023-09-13 16:03:13,877 [om1-impl-thread1] INFO  server.RaftServer$Division (RaftServerImpl.java:start(342)) - om1@group-C5BA1605619E: start as a follower, conf=-1: peers:[om1|rpc:0.0.0.0:9872|priority:0|startupRole:FOLLOWER]|listeners:[], old=null
2023-09-13 16:03:13,877 [om1-impl-thread1] INFO  server.RaftServer$Division (RaftServerImpl.java:setRole(329)) - om1@group-C5BA1605619E: changes role from      null to FOLLOWER at term 0 for startAsFollower
2023-09-13 16:03:13,878 [om1-impl-thread1] INFO  impl.RoleInfo (RoleInfo.java:updateAndGet(139)) - om1: start om1@group-C5BA1605619E-FollowerState
2023-09-13 16:03:13,878 [om1@group-C5BA1605619E-FollowerState] INFO  server.RaftServerConfigKeys (ConfUtils.java:logFallback(53)) - raft.server.rpc.first-election.timeout.min = 5s (fallback to raft.server.rpc.timeout.min)
2023-09-13 16:03:13,878 [om1@group-C5BA1605619E-FollowerState] INFO  server.RaftServerConfigKeys (ConfUtils.java:logFallback(53)) - raft.server.rpc.first-election.timeout.max = 5200ms (fallback to raft.server.rpc.timeout.max)
2023-09-13 16:03:13,878 [om1-impl-thread1] INFO  util.JmxRegister (JmxRegister.java:tryRegister(44)) - Successfully registered JMX Bean with object name Ratis:service=RaftServer,group=group-C5BA1605619E,id=om1
2023-09-13 16:03:13,878 [om1-impl-thread1] INFO  server.RaftServerConfigKeys (ConfUtils.java:logGet(46)) - raft.server.snapshot.auto.trigger.enabled = true (custom)
2023-09-13 16:03:13,878 [om1-impl-thread1] INFO  server.RaftServerConfigKeys (ConfUtils.java:logGet(46)) - raft.server.snapshot.auto.trigger.threshold = 400000 (default)
2023-09-13 16:03:13,880 [om1-impl-thread1] INFO  server.RaftServerConfigKeys (ConfUtils.java:logGet(46)) - raft.server.snapshot.retention.file.num = -1 (default)
2023-09-13 16:03:13,880 [om1-impl-thread1] INFO  server.RaftServerConfigKeys (ConfUtils.java:logGet(46)) - raft.server.log.purge.upto.snapshot.index = true (custom)
2023-09-13 16:03:13,880 [main] INFO  server.RaftServer (RaftServerProxy.java:startImpl(400)) - om1: start RPC server
2023-09-13 16:03:13,882 [main] INFO  server.GrpcService (GrpcService.java:startImpl(302)) - om1: GrpcService started, listening on 9872
2023-09-13 16:03:13,883 [main] INFO  om.OzoneManager (OzoneManager.java:start(1649)) - Version File has different layout version (6) than OM DB (null). That is expected if this OM has never been finalized to a newer layout version.
2023-09-13 16:03:13,884 [JvmPauseMonitor2] INFO  util.JvmPauseMonitor (JvmPauseMonitor.java:run(103)) - JvmPauseMonitor-om1: Started
2023-09-13 16:03:13,889 [main] INFO  http.BaseHttpServer (BaseHttpServer.java:newHttpServer2BuilderForOzone(223)) - Starting Web-server for ozoneManager at: http://0.0.0.0:9874
2023-09-13 16:03:13,890 [main] INFO  http.BaseHttpServer (BaseHttpServer.java:<init>(110)) - Hadoop Security Enabled: false Ozone Security Enabled: false Ozone HTTP Security Enabled: false 
2023-09-13 16:03:13,891 [main] WARN  server.AuthenticationFilter (AuthenticationFilter.java:constructSecretProvider(240)) - Unable to initialize FileSignerSecretProvider, falling back to use random secrets. Reason: Could not read signature secret file: /home/runner/hadoop-http-auth-signature-secret
2023-09-13 16:03:13,892 [main] INFO  http.HttpRequestLog (HttpRequestLog.java:getRequestLog(86)) - Http request log for http.requests.ozoneManager is not defined
2023-09-13 16:03:13,893 [main] INFO  http.HttpServer2 (HttpServer2.java:addGlobalFilter(1031)) - Added global filter 'safety' (class=org.apache.hadoop.hdds.server.http.HttpServer2$QuotingInputFilter)
2023-09-13 16:03:13,894 [main] INFO  http.HttpServer2 (HttpServer2.java:addFilter(1007)) - Added filter static_user_filter (class=org.apache.hadoop.http.lib.StaticUserWebFilter$StaticUserFilter) to context ozoneManager
2023-09-13 16:03:13,894 [main] INFO  http.HttpServer2 (HttpServer2.java:addFilter(1015)) - Added filter static_user_filter (class=org.apache.hadoop.http.lib.StaticUserWebFilter$StaticUserFilter) to context logs
2023-09-13 16:03:13,894 [main] INFO  http.HttpServer2 (HttpServer2.java:addFilter(1015)) - Added filter static_user_filter (class=org.apache.hadoop.http.lib.StaticUserWebFilter$StaticUserFilter) to context static
2023-09-13 16:03:13,895 [main] INFO  http.BaseHttpServer (BaseHttpServer.java:<init>(189)) - HTTP server of ozoneManager uses base directory /tmp/junit3075227868789888822/webserver
2023-09-13 16:03:13,896 [main] INFO  http.HttpServer2 (HttpServer2.java:bindListener(1231)) - Jetty bound to port 9874
2023-09-13 16:03:13,896 [main] INFO  server.Server (Server.java:doStart(375)) - jetty-9.4.51.v20230217; built: 2023-02-17T08:19:37.309Z; git: b45c405e4544384de066f814ed42ae3dceacdd49; jvm 1.8.0_382-b05
2023-09-13 16:03:13,900 [main] INFO  server.session (DefaultSessionIdManager.java:doStart(334)) - DefaultSessionIdManager workerName=node0
2023-09-13 16:03:13,900 [main] INFO  server.session (DefaultSessionIdManager.java:doStart(339)) - No SessionScavenger set, using defaults
2023-09-13 16:03:13,900 [main] INFO  server.session (HouseKeeper.java:startScavenging(132)) - node0 Scavenging every 660000ms
2023-09-13 16:03:13,901 [main] INFO  handler.ContextHandler (ContextHandler.java:doStart(921)) - Started o.e.j.s.ServletContextHandler@7fa36d64{logs,/logs,file:///home/runner/work/ozone/ozone/hadoop-ozone/ozone-manager/target/log,AVAILABLE}
2023-09-13 16:03:13,902 [main] INFO  handler.ContextHandler (ContextHandler.java:doStart(921)) - Started o.e.j.s.ServletContextHandler@6bf2249b{static,/static,file:///home/runner/work/ozone/ozone/hadoop-ozone/ozone-manager/target/classes/webapps/static,AVAILABLE}
2023-09-13 16:03:13,905 [main] INFO  handler.ContextHandler (ContextHandler.java:doStart(921)) - Started o.e.j.w.WebAppContext@3e971bd5{ozoneManager,/,file:///home/runner/work/ozone/ozone/hadoop-ozone/ozone-manager/target/classes/webapps/ozoneManager/,AVAILABLE}{file:/home/runner/work/ozone/ozone/hadoop-ozone/ozone-manager/target/classes/webapps/ozoneManager}
2023-09-13 16:03:13,907 [main] INFO  server.AbstractConnector (AbstractConnector.java:doStart(333)) - Started ServerConnector@43e32f01{HTTP/1.1, (http/1.1)}{0.0.0.0:9874}
2023-09-13 16:03:13,907 [main] INFO  server.Server (Server.java:doStart(415)) - Started @35778ms
2023-09-13 16:03:13,907 [main] WARN  impl.MetricsSystemImpl (MetricsSystemImpl.java:register(279)) - Sink prometheus already exists!
2023-09-13 16:03:13,908 [main] INFO  http.BaseHttpServer (BaseHttpServer.java:updateConnectorAddress(354)) - HTTP server of ozoneManager listening at http://0.0.0.0:9874
2023-09-13 16:03:13,908 [IPC Server Responder] INFO  ipc.Server (Server.java:run(1562)) - IPC Server Responder: starting
2023-09-13 16:03:13,908 [IPC Server listener on 9862] INFO  ipc.Server (Server.java:run(1402)) - IPC Server listener on 9862: starting
2023-09-13 16:03:13,921 [main] INFO  om.OzoneManager (OzoneManager.java:startTrashEmptier(2101)) - Trash Interval set to 0. Files deleted won't move to trash
2023-09-13 16:03:13,924 [main] INFO  om.GrpcOzoneManagerServer (GrpcOzoneManagerServer.java:start(180)) - GrpcOzoneManagerServer is started using port 8981
2023-09-13 16:03:15,935 [main] INFO  retry.RetryInvocationHandler (RetryInvocationHandler.java:log(422)) - com.google.protobuf.ServiceException: org.apache.hadoop.ipc.RemoteException(org.apache.hadoop.ozone.om.exceptions.OMNotLeaderException): OM:om1 is not the leader. Could not determine the leader node.
	at org.apache.hadoop.ozone.protocolPB.OzoneManagerProtocolServerSideTranslatorPB.createNotLeaderException(OzoneManagerProtocolServerSideTranslatorPB.java:246)
	at org.apache.hadoop.ozone.protocolPB.OzoneManagerProtocolServerSideTranslatorPB.createLeaderErrorException(OzoneManagerProtocolServerSideTranslatorPB.java:234)
	at org.apache.hadoop.ozone.protocolPB.OzoneManagerProtocolServerSideTranslatorPB.submitReadRequestToOM(OzoneManagerProtocolServerSideTranslatorPB.java:227)
	at org.apache.hadoop.ozone.protocolPB.OzoneManagerProtocolServerSideTranslatorPB.processRequest(OzoneManagerProtocolServerSideTranslatorPB.java:179)
	at org.apache.hadoop.hdds.server.OzoneProtocolMessageDispatcher.processRequest(OzoneProtocolMessageDispatcher.java:87)
	at org.apache.hadoop.ozone.protocolPB.OzoneManagerProtocolServerSideTranslatorPB.submitRequest(OzoneManagerProtocolServerSideTranslatorPB.java:148)
	at org.apache.hadoop.ozone.protocol.proto.OzoneManagerProtocolProtos$OzoneManagerService$2.callBlockingMethod(OzoneManagerProtocolProtos.java)
	at org.apache.hadoop.ipc.ProtobufRpcEngine$Server.processCall(ProtobufRpcEngine.java:484)
	at org.apache.hadoop.ipc.ProtobufRpcEngine2$Server$ProtoBufRpcInvoker.call(ProtobufRpcEngine2.java:595)
	at org.apache.hadoop.ipc.ProtobufRpcEngine2$Server$ProtoBufRpcInvoker.call(ProtobufRpcEngine2.java:573)
	at org.apache.hadoop.ipc.RPC$Server.call(RPC.java:1227)
	at org.apache.hadoop.ipc.Server$RpcCall.run(Server.java:1094)
	at org.apache.hadoop.ipc.Server$RpcCall.run(Server.java:1017)
	at java.security.AccessController.doPrivileged(Native Method)
	at javax.security.auth.Subject.doAs(Subject.java:422)
	at org.apache.hadoop.security.UserGroupInformation.doAs(UserGroupInformation.java:1899)
	at org.apache.hadoop.ipc.Server$Handler.run(Server.java:3048)
, while invoking $Proxy66.submitRequest over nodeId=null,nodeAddress=0.0.0.0:9862 after 1 failover attempts. Trying to failover after sleeping for 4000ms. Current retry count: 1.
2023-09-13 16:03:19,018 [om1@group-C5BA1605619E-FollowerState] INFO  impl.FollowerState (FollowerState.java:run(143)) - om1@group-C5BA1605619E-FollowerState: change to CANDIDATE, lastRpcElapsedTime:5140729617ns, electionTimeout:5140ms
2023-09-13 16:03:19,019 [om1@group-C5BA1605619E-FollowerState] INFO  impl.RoleInfo (RoleInfo.java:shutdownFollowerState(110)) - om1: shutdown om1@group-C5BA1605619E-FollowerState
2023-09-13 16:03:19,019 [om1@group-C5BA1605619E-FollowerState] INFO  server.RaftServer$Division (RaftServerImpl.java:setRole(329)) - om1@group-C5BA1605619E: changes role from  FOLLOWER to CANDIDATE at term 0 for changeToCandidate
2023-09-13 16:03:19,019 [om1@group-C5BA1605619E-FollowerState] INFO  server.RaftServerConfigKeys (ConfUtils.java:logGet(46)) - raft.server.leaderelection.pre-vote = true (default)
2023-09-13 16:03:19,019 [om1@group-C5BA1605619E-FollowerState] INFO  impl.RoleInfo (RoleInfo.java:updateAndGet(139)) - om1: start om1@group-C5BA1605619E-LeaderElection3
2023-09-13 16:03:19,024 [om1@group-C5BA1605619E-LeaderElection3] INFO  impl.LeaderElection (LeaderElection.java:askForVotes(321)) - om1@group-C5BA1605619E-LeaderElection3 PRE_VOTE round 0: submit vote requests at term 0 for -1: peers:[om1|rpc:0.0.0.0:9872|priority:0|startupRole:FOLLOWER]|listeners:[], old=null
2023-09-13 16:03:19,024 [om1@group-C5BA1605619E-LeaderElection3] INFO  impl.LeaderElection (LeaderElection.java:askForVotes(323)) - om1@group-C5BA1605619E-LeaderElection3 PRE_VOTE round 0: result PASSED (term=0)
2023-09-13 16:03:19,026 [om1@group-C5BA1605619E-LeaderElection3] INFO  impl.LeaderElection (LeaderElection.java:askForVotes(321)) - om1@group-C5BA1605619E-LeaderElection3 ELECTION round 0: submit vote requests at term 1 for -1: peers:[om1|rpc:0.0.0.0:9872|priority:0|startupRole:FOLLOWER]|listeners:[], old=null
2023-09-13 16:03:19,026 [om1@group-C5BA1605619E-LeaderElection3] INFO  impl.LeaderElection (LeaderElection.java:askForVotes(323)) - om1@group-C5BA1605619E-LeaderElection3 ELECTION round 0: result PASSED (term=1)
2023-09-13 16:03:19,026 [om1@group-C5BA1605619E-LeaderElection3] INFO  impl.RoleInfo (RoleInfo.java:shutdownLeaderElection(130)) - om1: shutdown om1@group-C5BA1605619E-LeaderElection3
2023-09-13 16:03:19,026 [om1@group-C5BA1605619E-LeaderElection3] INFO  server.RaftServer$Division (RaftServerImpl.java:setRole(329)) - om1@group-C5BA1605619E: changes role from CANDIDATE to LEADER at term 1 for changeToLeader
2023-09-13 16:03:19,027 [om1@group-C5BA1605619E-LeaderElection3] INFO  server.RaftServer$Division (ServerState.java:setLeader(317)) - om1@group-C5BA1605619E: change Leader from null to om1 at term 1 for becomeLeader, leader elected after 5469ms
2023-09-13 16:03:19,027 [om1@group-C5BA1605619E-LeaderElection3] INFO  server.RaftServerConfigKeys (ConfUtils.java:logGet(46)) - raft.server.staging.catchup.gap = 1000 (default)
2023-09-13 16:03:19,027 [om1@group-C5BA1605619E-LeaderElection3] INFO  server.RaftServerConfigKeys (ConfUtils.java:logGet(46)) - raft.server.write.element-limit = 4096 (default)
2023-09-13 16:03:19,027 [om1@group-C5BA1605619E-LeaderElection3] INFO  server.RaftServerConfigKeys (ConfUtils.java:logGet(46)) - raft.server.write.byte-limit = 64MB (=67108864) (default)
2023-09-13 16:03:19,028 [om1@group-C5BA1605619E-LeaderElection3] INFO  server.RaftServerConfigKeys (ConfUtils.java:logGet(46)) - raft.server.watch.timeout = 10s (default)
2023-09-13 16:03:19,028 [om1@group-C5BA1605619E-LeaderElection3] INFO  server.RaftServerConfigKeys (ConfUtils.java:logGet(46)) - raft.server.watch.timeout.denomination = 1s (default)
2023-09-13 16:03:19,028 [om1@group-C5BA1605619E-LeaderElection3] INFO  server.RaftServerConfigKeys (ConfUtils.java:logGet(46)) - raft.server.watch.element-limit = 65536 (default)
2023-09-13 16:03:19,028 [om1@group-C5BA1605619E-LeaderElection3] INFO  server.RaftServerConfigKeys (ConfUtils.java:logGet(46)) - raft.server.write.element-limit = 4096 (default)
2023-09-13 16:03:19,028 [om1@group-C5BA1605619E-LeaderElection3] INFO  server.RaftServerConfigKeys (ConfUtils.java:logGet(46)) - raft.server.write.follower.gap.ratio.max = -1.0 (default)
2023-09-13 16:03:19,030 [om1@group-C5BA1605619E-LeaderElection3] INFO  impl.RoleInfo (RoleInfo.java:updateAndGet(139)) - om1: start om1@group-C5BA1605619E-LeaderStateImpl
2023-09-13 16:03:19,030 [om1@group-C5BA1605619E-LeaderElection3] INFO  segmented.SegmentedRaftLogWorker (SegmentedRaftLogWorker.java:startLogSegment(447)) - om1@group-C5BA1605619E-SegmentedRaftLogWorker: Starting segment from index:0
2023-09-13 16:03:19,031 [om1@group-C5BA1605619E-LeaderElection3] INFO  server.RaftServer$Division (ServerState.java:setRaftConf(434)) - om1@group-C5BA1605619E: set configuration 0: peers:[om1|rpc:0.0.0.0:9872|admin:|client:|dataStream:|priority:0|startupRole:FOLLOWER]|listeners:[], old=null
2023-09-13 16:03:19,040 [om1@group-C5BA1605619E-SegmentedRaftLogWorker] INFO  segmented.SegmentedRaftLogWorker (SegmentedRaftLogWorker.java:execute(651)) - om1@group-C5BA1605619E-SegmentedRaftLogWorker: created new log segment /tmp/junit3075227868789888822/ratis/bf265839-605b-3f16-9796-c5ba1605619e/current/log_inprogress_0
2023-09-13 16:03:19,041 [om1@group-C5BA1605619E-StateMachineUpdater] INFO  ratis.OzoneManagerStateMachine (OzoneManagerStateMachine.java:notifyConfigurationChanged(202)) - Received Configuration change notification from Ratis. New Peer list:
[id: "om1"
address: "0.0.0.0:9872"
startupRole: FOLLOWER
]
2023-09-13 16:03:19,941 [main] INFO  service.TestOpenKeyCleanupService (TestOpenKeyCleanupService.java:testCleanupExpiredOpenKeys(137)) - numDEFKeys=6, numFSOKeys=7, hsync? true
2023-09-13 16:03:20,041 [main] INFO  service.TestOpenKeyCleanupService (TestOpenKeyCleanupService.java:testCleanupExpiredOpenKeys(148)) - oldkeyCount=0, oldrunCount=18
2023-09-13 16:03:20,064 [OM StateMachine ApplyTransaction Thread - 0] WARN  helpers.QuotaUtil (QuotaUtil.java:getReplicatedSize(63)) - Unknown replication type 'STAND_ALONE'. Returning original data size.
2023-09-13 16:03:20,064 [OM StateMachine ApplyTransaction Thread - 0] WARN  helpers.QuotaUtil (QuotaUtil.java:getReplicatedSize(63)) - Unknown replication type 'STAND_ALONE'. Returning original data size.
2023-09-13 16:03:20,070 [OM StateMachine ApplyTransaction Thread - 0] WARN  helpers.QuotaUtil (QuotaUtil.java:getReplicatedSize(63)) - Unknown replication type 'STAND_ALONE'. Returning original data size.
2023-09-13 16:03:20,070 [OM StateMachine ApplyTransaction Thread - 0] WARN  helpers.QuotaUtil (QuotaUtil.java:getReplicatedSize(63)) - Unknown replication type 'STAND_ALONE'. Returning original data size.
2023-09-13 16:03:20,080 [OM StateMachine ApplyTransaction Thread - 0] WARN  helpers.QuotaUtil (QuotaUtil.java:getReplicatedSize(63)) - Unknown replication type 'STAND_ALONE'. Returning original data size.
2023-09-13 16:03:20,080 [OM StateMachine ApplyTransaction Thread - 0] WARN  helpers.QuotaUtil (QuotaUtil.java:getReplicatedSize(63)) - Unknown replication type 'STAND_ALONE'. Returning original data size.
2023-09-13 16:03:20,091 [OM StateMachine ApplyTransaction Thread - 0] WARN  helpers.QuotaUtil (QuotaUtil.java:getReplicatedSize(63)) - Unknown replication type 'STAND_ALONE'. Returning original data size.
2023-09-13 16:03:20,091 [OM StateMachine ApplyTransaction Thread - 0] WARN  helpers.QuotaUtil (QuotaUtil.java:getReplicatedSize(63)) - Unknown replication type 'STAND_ALONE'. Returning original data size.
2023-09-13 16:03:20,095 [OM StateMachine ApplyTransaction Thread - 0] WARN  helpers.QuotaUtil (QuotaUtil.java:getReplicatedSize(63)) - Unknown replication type 'STAND_ALONE'. Returning original data size.
2023-09-13 16:03:20,095 [OM StateMachine ApplyTransaction Thread - 0] WARN  helpers.QuotaUtil (QuotaUtil.java:getReplicatedSize(63)) - Unknown replication type 'STAND_ALONE'. Returning original data size.
2023-09-13 16:03:20,106 [OM StateMachine ApplyTransaction Thread - 0] WARN  helpers.QuotaUtil (QuotaUtil.java:getReplicatedSize(63)) - Unknown replication type 'STAND_ALONE'. Returning original data size.
2023-09-13 16:03:20,106 [OM StateMachine ApplyTransaction Thread - 0] WARN  helpers.QuotaUtil (QuotaUtil.java:getReplicatedSize(63)) - Unknown replication type 'STAND_ALONE'. Returning original data size.
2023-09-13 16:03:20,111 [OM StateMachine ApplyTransaction Thread - 0] WARN  helpers.QuotaUtil (QuotaUtil.java:getReplicatedSize(63)) - Unknown replication type 'STAND_ALONE'. Returning original data size.
2023-09-13 16:03:20,111 [OM StateMachine ApplyTransaction Thread - 0] WARN  helpers.QuotaUtil (QuotaUtil.java:getReplicatedSize(63)) - Unknown replication type 'STAND_ALONE'. Returning original data size.
2023-09-13 16:03:20,125 [OM StateMachine ApplyTransaction Thread - 0] WARN  helpers.QuotaUtil (QuotaUtil.java:getReplicatedSize(63)) - Unknown replication type 'STAND_ALONE'. Returning original data size.
2023-09-13 16:03:20,125 [OM StateMachine ApplyTransaction Thread - 0] WARN  helpers.QuotaUtil (QuotaUtil.java:getReplicatedSize(63)) - Unknown replication type 'STAND_ALONE'. Returning original data size.
2023-09-13 16:03:20,129 [OM StateMachine ApplyTransaction Thread - 0] WARN  helpers.QuotaUtil (QuotaUtil.java:getReplicatedSize(63)) - Unknown replication type 'STAND_ALONE'. Returning original data size.
2023-09-13 16:03:20,129 [OM StateMachine ApplyTransaction Thread - 0] WARN  helpers.QuotaUtil (QuotaUtil.java:getReplicatedSize(63)) - Unknown replication type 'STAND_ALONE'. Returning original data size.
2023-09-13 16:03:20,141 [OM StateMachine ApplyTransaction Thread - 0] WARN  helpers.QuotaUtil (QuotaUtil.java:getReplicatedSize(63)) - Unknown replication type 'STAND_ALONE'. Returning original data size.
2023-09-13 16:03:20,151 [OM StateMachine ApplyTransaction Thread - 0] WARN  helpers.QuotaUtil (QuotaUtil.java:getReplicatedSize(63)) - Unknown replication type 'STAND_ALONE'. Returning original data size.
2023-09-13 16:03:20,163 [OM StateMachine ApplyTransaction Thread - 0] WARN  helpers.QuotaUtil (QuotaUtil.java:getReplicatedSize(63)) - Unknown replication type 'STAND_ALONE'. Returning original data size.
2023-09-13 16:03:20,163 [OM StateMachine ApplyTransaction Thread - 0] WARN  helpers.QuotaUtil (QuotaUtil.java:getReplicatedSize(63)) - Unknown replication type 'STAND_ALONE'. Returning original data size.
2023-09-13 16:03:20,168 [OM StateMachine ApplyTransaction Thread - 0] WARN  helpers.QuotaUtil (QuotaUtil.java:getReplicatedSize(63)) - Unknown replication type 'STAND_ALONE'. Returning original data size.
2023-09-13 16:03:20,168 [OM StateMachine ApplyTransaction Thread - 0] WARN  helpers.QuotaUtil (QuotaUtil.java:getReplicatedSize(63)) - Unknown replication type 'STAND_ALONE'. Returning original data size.
2023-09-13 16:03:20,174 [OM StateMachine ApplyTransaction Thread - 0] WARN  helpers.QuotaUtil (QuotaUtil.java:getReplicatedSize(63)) - Unknown replication type 'STAND_ALONE'. Returning original data size.
2023-09-13 16:03:20,185 [OM StateMachine ApplyTransaction Thread - 0] WARN  helpers.QuotaUtil (QuotaUtil.java:getReplicatedSize(63)) - Unknown replication type 'STAND_ALONE'. Returning original data size.
2023-09-13 16:03:20,185 [OM StateMachine ApplyTransaction Thread - 0] WARN  helpers.QuotaUtil (QuotaUtil.java:getReplicatedSize(63)) - Unknown replication type 'STAND_ALONE'. Returning original data size.
2023-09-13 16:03:20,190 [OM StateMachine ApplyTransaction Thread - 0] WARN  helpers.QuotaUtil (QuotaUtil.java:getReplicatedSize(63)) - Unknown replication type 'STAND_ALONE'. Returning original data size.
2023-09-13 16:03:20,201 [OM StateMachine ApplyTransaction Thread - 0] WARN  helpers.QuotaUtil (QuotaUtil.java:getReplicatedSize(63)) - Unknown replication type 'STAND_ALONE'. Returning original data size.
2023-09-13 16:03:20,201 [OM StateMachine ApplyTransaction Thread - 0] WARN  helpers.QuotaUtil (QuotaUtil.java:getReplicatedSize(63)) - Unknown replication type 'STAND_ALONE'. Returning original data size.
2023-09-13 16:03:20,206 [OM StateMachine ApplyTransaction Thread - 0] WARN  helpers.QuotaUtil (QuotaUtil.java:getReplicatedSize(63)) - Unknown replication type 'STAND_ALONE'. Returning original data size.
2023-09-13 16:03:20,206 [OM StateMachine ApplyTransaction Thread - 0] WARN  helpers.QuotaUtil (QuotaUtil.java:getReplicatedSize(63)) - Unknown replication type 'STAND_ALONE'. Returning original data size.
2023-09-13 16:03:20,215 [OM StateMachine ApplyTransaction Thread - 0] WARN  helpers.QuotaUtil (QuotaUtil.java:getReplicatedSize(63)) - Unknown replication type 'STAND_ALONE'. Returning original data size.
2023-09-13 16:03:20,224 [OM StateMachine ApplyTransaction Thread - 0] WARN  helpers.QuotaUtil (QuotaUtil.java:getReplicatedSize(63)) - Unknown replication type 'STAND_ALONE'. Returning original data size.
2023-09-13 16:03:20,235 [OM StateMachine ApplyTransaction Thread - 0] WARN  helpers.QuotaUtil (QuotaUtil.java:getReplicatedSize(63)) - Unknown replication type 'STAND_ALONE'. Returning original data size.
2023-09-13 16:03:20,235 [OM StateMachine ApplyTransaction Thread - 0] WARN  helpers.QuotaUtil (QuotaUtil.java:getReplicatedSize(63)) - Unknown replication type 'STAND_ALONE'. Returning original data size.
2023-09-13 16:03:20,240 [OM StateMachine ApplyTransaction Thread - 0] WARN  helpers.QuotaUtil (QuotaUtil.java:getReplicatedSize(63)) - Unknown replication type 'STAND_ALONE'. Returning original data size.
2023-09-13 16:03:20,240 [OM StateMachine ApplyTransaction Thread - 0] WARN  helpers.QuotaUtil (QuotaUtil.java:getReplicatedSize(63)) - Unknown replication type 'STAND_ALONE'. Returning original data size.
2023-09-13 16:03:20,245 [OM StateMachine ApplyTransaction Thread - 0] WARN  helpers.QuotaUtil (QuotaUtil.java:getReplicatedSize(63)) - Unknown replication type 'STAND_ALONE'. Returning original data size.
2023-09-13 16:03:20,516 [OM StateMachine ApplyTransaction Thread - 0] WARN  helpers.QuotaUtil (QuotaUtil.java:getReplicatedSize(63)) - Unknown replication type 'STAND_ALONE'. Returning original data size.
2023-09-13 16:03:20,516 [OM StateMachine ApplyTransaction Thread - 0] WARN  helpers.QuotaUtil (QuotaUtil.java:getReplicatedSize(63)) - Unknown replication type 'STAND_ALONE'. Returning original data size.
2023-09-13 16:03:20,608 [OM StateMachine ApplyTransaction Thread - 0] WARN  helpers.QuotaUtil (QuotaUtil.java:getReplicatedSize(63)) - Unknown replication type 'STAND_ALONE'. Returning original data size.
2023-09-13 16:03:20,608 [OM StateMachine ApplyTransaction Thread - 0] WARN  helpers.QuotaUtil (QuotaUtil.java:getReplicatedSize(63)) - Unknown replication type 'STAND_ALONE'. Returning original data size.
2023-09-13 16:03:20,708 [OM StateMachine ApplyTransaction Thread - 0] WARN  helpers.QuotaUtil (QuotaUtil.java:getReplicatedSize(63)) - Unknown replication type 'STAND_ALONE'. Returning original data size.
2023-09-13 16:03:20,708 [OM StateMachine ApplyTransaction Thread - 0] WARN  helpers.QuotaUtil (QuotaUtil.java:getReplicatedSize(63)) - Unknown replication type 'STAND_ALONE'. Returning original data size.
2023-09-13 16:03:20,807 [OM StateMachine ApplyTransaction Thread - 0] WARN  helpers.QuotaUtil (QuotaUtil.java:getReplicatedSize(63)) - Unknown replication type 'STAND_ALONE'. Returning original data size.
2023-09-13 16:03:20,807 [OM StateMachine ApplyTransaction Thread - 0] WARN  helpers.QuotaUtil (QuotaUtil.java:getReplicatedSize(63)) - Unknown replication type 'STAND_ALONE'. Returning original data size.
2023-09-13 16:03:20,907 [OM StateMachine ApplyTransaction Thread - 0] WARN  helpers.QuotaUtil (QuotaUtil.java:getReplicatedSize(63)) - Unknown replication type 'STAND_ALONE'. Returning original data size.
2023-09-13 16:03:20,907 [OM StateMachine ApplyTransaction Thread - 0] WARN  helpers.QuotaUtil (QuotaUtil.java:getReplicatedSize(63)) - Unknown replication type 'STAND_ALONE'. Returning original data size.
2023-09-13 16:03:21,007 [OM StateMachine ApplyTransaction Thread - 0] WARN  helpers.QuotaUtil (QuotaUtil.java:getReplicatedSize(63)) - Unknown replication type 'STAND_ALONE'. Returning original data size.
2023-09-13 16:03:21,007 [OM StateMachine ApplyTransaction Thread - 0] WARN  helpers.QuotaUtil (QuotaUtil.java:getReplicatedSize(63)) - Unknown replication type 'STAND_ALONE'. Returning original data size.
2023-09-13 16:03:21,107 [OM StateMachine ApplyTransaction Thread - 0] WARN  helpers.QuotaUtil (QuotaUtil.java:getReplicatedSize(63)) - Unknown replication type 'STAND_ALONE'. Returning original data size.
2023-09-13 16:03:21,107 [OM StateMachine ApplyTransaction Thread - 0] WARN  helpers.QuotaUtil (QuotaUtil.java:getReplicatedSize(63)) - Unknown replication type 'STAND_ALONE'. Returning original data size.
2023-09-13 16:03:21,852 [main] INFO  om.OzoneManager (OzoneManager.java:stop(2207)) - om1[0.0.0.0:9862]: Stopping Ozone Manager
2023-09-13 16:03:21,853 [main] INFO  ipc.Server (Server.java:stop(3523)) - Stopping server on 9862
2023-09-13 16:03:21,860 [IPC Server Responder] INFO  ipc.Server (Server.java:run(1567)) - Stopping IPC Server Responder
2023-09-13 16:03:21,860 [IPC Server listener on 9862] INFO  ipc.Server (Server.java:run(1434)) - Stopping IPC Server listener on 9862
2023-09-13 16:03:25,876 [main] INFO  om.GrpcOzoneManagerServer (GrpcOzoneManagerServer.java:stop(192)) - Server GrpcOzoneManagerServer is shutdown
2023-09-13 16:03:25,877 [main] INFO  server.RaftServer (RaftServerProxy.java:lambda$close$6(416)) - om1: close
2023-09-13 16:03:25,877 [main] INFO  server.GrpcService (GrpcService.java:closeImpl(311)) - om1: shutdown server GrpcServerProtocolService now
2023-09-13 16:03:25,878 [om1-impl-thread1] INFO  server.RaftServer$Division (RaftServerImpl.java:lambda$close$4(466)) - om1@group-C5BA1605619E: shutdown
2023-09-13 16:03:25,878 [om1-impl-thread1] INFO  util.JmxRegister (JmxRegister.java:unregister(73)) - Successfully un-registered JMX Bean with object name Ratis:service=RaftServer,group=group-C5BA1605619E,id=om1
2023-09-13 16:03:25,878 [om1-impl-thread1] INFO  impl.RoleInfo (RoleInfo.java:shutdownLeaderState(93)) - om1: shutdown om1@group-C5BA1605619E-LeaderStateImpl
2023-09-13 16:03:25,878 [om1-impl-thread1] INFO  impl.PendingRequests (PendingRequests.java:sendNotLeaderResponses(289)) - om1@group-C5BA1605619E-PendingRequests: sendNotLeaderResponses
2023-09-13 16:03:25,880 [om1-impl-thread1] INFO  impl.StateMachineUpdater (StateMachineUpdater.java:stopAndJoin(155)) - om1@group-C5BA1605619E-StateMachineUpdater: set stopIndex = 88
2023-09-13 16:03:25,880 [om1@group-C5BA1605619E-StateMachineUpdater] INFO  ratis.OzoneManagerStateMachine (OzoneManagerStateMachine.java:takeSnapshot(480)) - Current Snapshot Index (t:1, i:88)
2023-09-13 16:03:25,881 [main] INFO  server.GrpcService (GrpcService.java:closeImpl(320)) - om1: shutdown server GrpcServerProtocolService successfully
2023-09-13 16:03:25,896 [om1@group-C5BA1605619E-StateMachineUpdater] INFO  impl.StateMachineUpdater (StateMachineUpdater.java:takeSnapshot(291)) - om1@group-C5BA1605619E-StateMachineUpdater: Took a snapshot at index 88
2023-09-13 16:03:25,897 [om1@group-C5BA1605619E-StateMachineUpdater] INFO  impl.StateMachineUpdater (StateMachineUpdater.java:lambda$new$0(97)) - om1@group-C5BA1605619E-StateMachineUpdater: snapshotIndex: updateIncreasingly -1 -> 88
2023-09-13 16:03:25,897 [om1@group-C5BA1605619E-StateMachineUpdater] INFO  ratis.OzoneManagerStateMachine (OzoneManagerStateMachine.java:close(534)) - StateMachine has shutdown. Shutdown OzoneManager if not already shutdown.
2023-09-13 16:03:25,897 [om1@group-C5BA1605619E-StateMachineUpdater] INFO  ratis.OzoneManagerDoubleBuffer (OzoneManagerDoubleBuffer.java:stopDaemon(551)) - Stopping OMDoubleBuffer flush thread
2023-09-13 16:03:25,897 [OMDoubleBufferFlushThread] INFO  ratis.OzoneManagerDoubleBuffer (OzoneManagerDoubleBuffer.java:canFlush(638)) - OMDoubleBuffer flush thread OMDoubleBufferFlushThread is interrupted and will exit.
2023-09-13 16:03:25,897 [om1-impl-thread1] INFO  server.RaftServer$Division (ServerState.java:close(472)) - om1@group-C5BA1605619E: closes. applyIndex: 88
2023-09-13 16:03:26,109 [om1-impl-thread1] INFO  segmented.SegmentedRaftLogWorker (SegmentedRaftLogWorker.java:close(252)) - om1@group-C5BA1605619E-SegmentedRaftLogWorker close()
2023-09-13 16:03:26,109 [JvmPauseMonitor2] INFO  util.JvmPauseMonitor (JvmPauseMonitor.java:run(109)) - JvmPauseMonitor-om1: Stopped
2023-09-13 16:03:26,110 [main] INFO  ratis.OzoneManagerStateMachine (OzoneManagerStateMachine.java:close(534)) - StateMachine has shutdown. Shutdown OzoneManager if not already shutdown.
2023-09-13 16:03:26,110 [main] INFO  ratis.OzoneManagerDoubleBuffer (OzoneManagerDoubleBuffer.java:stopDaemon(560)) - OMDoubleBuffer flush thread is not running.
2023-09-13 16:03:26,110 [main] INFO  utils.BackgroundService (BackgroundService.java:shutdown(141)) - Shutting down service KeyDeletingService
2023-09-13 16:03:26,111 [main] INFO  utils.BackgroundService (BackgroundService.java:shutdown(141)) - Shutting down service KeyDeletingService
2023-09-13 16:03:26,111 [main] INFO  utils.BackgroundService (BackgroundService.java:shutdown(141)) - Shutting down service OpenKeyCleanupService
2023-09-13 16:03:26,112 [main] INFO  utils.BackgroundService (BackgroundService.java:shutdown(141)) - Shutting down service SstFilteringService
2023-09-13 16:03:26,112 [main] INFO  utils.BackgroundService (BackgroundService.java:shutdown(141)) - Shutting down service SnapshotDeletingService
2023-09-13 16:03:26,112 [main] INFO  om.OzoneManager (OzoneManager.java:stopSecretManager(1071)) - Stopping OM delegation token secret manager.
2023-09-13 16:03:26,113 [main] INFO  handler.ContextHandler (ContextHandler.java:doStop(1159)) - Stopped o.e.j.w.WebAppContext@3e971bd5{ozoneManager,/,null,STOPPED}{file:/home/runner/work/ozone/ozone/hadoop-ozone/ozone-manager/target/classes/webapps/ozoneManager}
2023-09-13 16:03:26,114 [main] INFO  server.AbstractConnector (AbstractConnector.java:doStop(383)) - Stopped ServerConnector@43e32f01{HTTP/1.1, (http/1.1)}{0.0.0.0:9874}
2023-09-13 16:03:26,114 [main] INFO  server.session (HouseKeeper.java:stopScavenging(149)) - node0 Stopped scavenging
2023-09-13 16:03:26,115 [main] INFO  handler.ContextHandler (ContextHandler.java:doStop(1159)) - Stopped o.e.j.s.ServletContextHandler@6bf2249b{static,/static,file:///home/runner/work/ozone/ozone/hadoop-ozone/ozone-manager/target/classes/webapps/static,STOPPED}
2023-09-13 16:03:26,115 [main] INFO  handler.ContextHandler (ContextHandler.java:doStop(1159)) - Stopped o.e.j.s.ServletContextHandler@7fa36d64{logs,/logs,file:///home/runner/work/ozone/ozone/hadoop-ozone/ozone-manager/target/log,STOPPED}
2023-09-13 16:03:26,116 [main] INFO  rocksdiff.RocksDBCheckpointDiffer (RocksDBCheckpointDiffer.java:close(343)) - Shutting down CompactionDagPruningService.
2023-09-13 16:03:26,118 [main] INFO  snapshot.SnapshotDiffManager (SnapshotDiffManager.java:closeExecutorService(1706)) - Shutting down executorService: 'SnapDiffExecutor'
2023-09-13 16:03:26,118 [main] INFO  snapshot.SnapshotDiffManager (SnapshotDiffManager.java:closeExecutorService(1706)) - Shutting down executorService: 'SstDumpToolExecutor'
2023-09-13 16:03:26,118 [main] INFO  utils.BackgroundService (BackgroundService.java:shutdown(141)) - Shutting down service SnapshotDiffCleanupService
]]></system-out>
  </testcase>
  <testcase name="testCleanupExpiredOpenKeys(int, int, boolean)[4]" classname="org.apache.hadoop.ozone.om.service.TestOpenKeyCleanupService" time="12.831">
    <system-out><![CDATA[2023-09-13 16:03:26,148 [main] WARN  server.ServerUtils (ServerUtils.java:getDBPath(311)) - ozone.om.db.dirs is not configured. We recommend adding this setting. Falling back to ozone.metadata.dirs instead.
2023-09-13 16:03:26,150 [main] INFO  ha.OMHANodeDetails (OMHANodeDetails.java:loadOMHAConfig(115)) - ozone.om.internal.service.id is not defined, falling back to ozone.om.service.ids to find serviceID for OzoneManager if it is HA enabled cluster
2023-09-13 16:03:26,150 [main] INFO  ha.OMHANodeDetails (OMHANodeDetails.java:loadOMHAConfig(226)) - Configuration does not have ozone.om.address set. Falling back to the default OM address /0.0.0.0:9862
2023-09-13 16:03:26,151 [main] INFO  ha.OMHANodeDetails (OMHANodeDetails.java:getOMNodeDetailsForNonHA(254)) - OM Service ID is not set. Setting it to the default ID: omServiceIdDefault
2023-09-13 16:03:26,151 [main] INFO  ha.OMHANodeDetails (OMHANodeDetails.java:getOMNodeDetailsForNonHA(261)) - OM Node ID is not set. Setting it to the default ID: om1
2023-09-13 16:03:26,151 [main] WARN  server.ServerUtils (ServerUtils.java:getDBPath(311)) - ozone.om.db.dirs is not configured. We recommend adding this setting. Falling back to ozone.metadata.dirs instead.
2023-09-13 16:03:26,153 [main] INFO  upgrade.AbstractLayoutVersionManager (AbstractLayoutVersionManager.java:init(83)) - Initializing Layout version manager with metadata layout = QUOTA (version = 6), software layout = QUOTA (version = 6)
2023-09-13 16:03:26,195 [main] INFO  reflections.Reflections (Reflections.java:scan(232)) - Reflections took 42 ms to scan 2 urls, producing 187 keys and 515 values [using 2 cores]
2023-09-13 16:03:26,195 [main] INFO  upgrade.OMLayoutVersionManager (OMLayoutVersionManager.java:lambda$0(115)) - Skipping Upgrade Action QuotaRepairUpgradeAction since it has been finalized.
2023-09-13 16:03:26,195 [main] INFO  upgrade.OMLayoutVersionManager (OMLayoutVersionManager.java:lambda$0(115)) - Skipping Upgrade Action MockOmUpgradeAction since it has been finalized.
2023-09-13 16:03:26,196 [main] WARN  server.ServerUtils (ServerUtils.java:getDBPath(311)) - ozone.om.db.dirs is not configured. We recommend adding this setting. Falling back to ozone.metadata.dirs instead.
2023-09-13 16:03:26,197 [main] INFO  proxy.SCMBlockLocationFailoverProxyProvider (SCMBlockLocationFailoverProxyProvider.java:<init>(114)) - Created block location fail-over proxy with 1 nodes: [nodeId=scmNodeId,nodeAddress=/127.0.0.1:9863]
2023-09-13 16:03:26,200 [main] INFO  om.OzoneManager (OzoneManager.java:<init>(665)) - OM start with adminUsers: [runner]
2023-09-13 16:03:26,204 [main] WARN  server.ServerUtils (ServerUtils.java:getDBPath(311)) - ozone.om.db.dirs is not configured. We recommend adding this setting. Falling back to ozone.metadata.dirs instead.
2023-09-13 16:03:26,206 [main] INFO  helpers.OmKeyInfo (OmKeyInfo.java:getCodec(71)) - OmKeyInfo.getCodec ignorePipeline = true
2023-09-13 16:03:26,376 [main] INFO  om.OzoneManager (OzoneManager.java:instantiateServices(794)) - S3 Multi-Tenancy is disabled
2023-09-13 16:03:26,377 [main] INFO  security.OzoneSecretStore (OzoneSecretStore.java:loadState(69)) - Loaded 0 tokens
2023-09-13 16:03:26,377 [main] INFO  security.OzoneDelegationTokenSecretManager (OzoneDelegationTokenSecretManager.java:loadTokenSecretState(530)) - Loading token state into token manager.
2023-09-13 16:03:26,377 [main] INFO  om.OmSnapshotManager (OmSnapshotManager.java:<init>(174)) - Ozone filesystem snapshot feature is enabled.
2023-09-13 16:03:26,378 [main] WARN  server.ServerUtils (ServerUtils.java:getDBPath(311)) - ozone.om.snapshot.diff.db.dir is not configured. We recommend adding this setting. Falling back to ozone.metadata.dirs instead.
2023-09-13 16:03:26,395 [main] INFO  snapshot.SnapshotDiffManager (SnapshotDiffManager.java:closeExecutorService(1706)) - Shutting down executorService: 'SstDumpToolExecutor'
2023-09-13 16:03:26,396 [main] INFO  om.OzoneManager (OzoneManager.java:addS3GVolumeToDB(4305)) - Created Volume s3v With Owner runner required for S3Gateway operations.
2023-09-13 16:03:26,396 [main] WARN  server.ServerUtils (ServerUtils.java:getDefaultRatisDirectory(323)) - Storage directory for Ratis is not configured. It is a good idea to map this to an SSD disk. Falling back to ozone.metadata.dirs
2023-09-13 16:03:26,396 [main] WARN  utils.OzoneManagerRatisUtils (OzoneManagerRatisUtils.java:getOMRatisSnapshotDirectory(464)) - ozone.om.ratis.snapshot.dir is not configured. Falling back to ozone.metadata.dirs config
2023-09-13 16:03:26,397 [main] WARN  server.ServerUtils (ServerUtils.java:getDefaultRatisDirectory(323)) - Storage directory for Ratis is not configured. It is a good idea to map this to an SSD disk. Falling back to ozone.metadata.dirs
2023-09-13 16:03:26,399 [main] INFO  ratis.OzoneManagerRatisServer (OzoneManagerRatisServer.java:<init>(163)) - Instantiating OM Ratis server with groupID: omServiceIdDefault and peers: 0.0.0.0:9872
2023-09-13 16:03:26,399 [main] INFO  ratis.OzoneManagerStateMachine (OzoneManagerStateMachine.java:loadSnapshotInfoFromDB(687)) - LastAppliedIndex is set from TransactionInfo from OM DB as (t:0, i:~)
2023-09-13 16:03:26,400 [main] INFO  server.RaftServer (ConfUtils.java:logGet(46)) - raft.rpc.type = GRPC (default)
2023-09-13 16:03:26,400 [main] INFO  grpc.GrpcConfigKeys (ConfUtils.java:logFallback(53)) - raft.grpc.admin.host = null (fallback to raft.grpc.server.host)
2023-09-13 16:03:26,400 [main] INFO  grpc.GrpcConfigKeys (ConfUtils.java:logFallback(53)) - raft.grpc.admin.port = 9872 (fallback to raft.grpc.server.port)
2023-09-13 16:03:26,400 [main] INFO  grpc.GrpcConfigKeys (ConfUtils.java:logFallback(53)) - raft.grpc.client.host = null (fallback to raft.grpc.server.host)
2023-09-13 16:03:26,400 [main] INFO  grpc.GrpcConfigKeys (ConfUtils.java:logFallback(53)) - raft.grpc.client.port = 9872 (fallback to raft.grpc.server.port)
2023-09-13 16:03:26,401 [main] INFO  grpc.GrpcConfigKeys (ConfUtils.java:logGet(46)) - raft.grpc.server.host = null (default)
2023-09-13 16:03:26,401 [main] INFO  grpc.GrpcConfigKeys (ConfUtils.java:logGet(46)) - raft.grpc.server.port = 9872 (custom)
2023-09-13 16:03:26,401 [main] INFO  server.GrpcService (ConfUtils.java:logGet(46)) - raft.grpc.message.size.max = 33554432 (custom)
2023-09-13 16:03:26,401 [main] INFO  server.RaftServerConfigKeys (ConfUtils.java:logGet(46)) - raft.server.log.appender.buffer.byte-limit = 33554432 (custom)
2023-09-13 16:03:26,401 [main] INFO  server.GrpcService (ConfUtils.java:logGet(46)) - raft.grpc.flow.control.window = 1MB (=1048576) (default)
2023-09-13 16:03:26,401 [main] INFO  server.RaftServerConfigKeys (ConfUtils.java:logGet(46)) - raft.server.rpc.request.timeout = 3000ms (default)
2023-09-13 16:03:26,402 [main] INFO  grpc.GrpcConfigKeys (ConfUtils.java:logGet(46)) - raft.grpc.server.heartbeat.channel = true (default)
2023-09-13 16:03:26,402 [main] INFO  grpc.GrpcConfigKeys (ConfUtils.java:logGet(46)) - raft.grpc.server.async.request.thread.pool.cached = true (default)
2023-09-13 16:03:26,402 [main] INFO  grpc.GrpcConfigKeys (ConfUtils.java:logGet(46)) - raft.grpc.server.async.request.thread.pool.size = 32 (default)
2023-09-13 16:03:26,403 [main] INFO  impl.DataStreamServerImpl (ConfUtils.java:logGet(46)) - raft.datastream.type = DISABLED (default)
2023-09-13 16:03:26,403 [main] INFO  server.RaftServerConfigKeys (ConfUtils.java:logGet(46)) - raft.server.threadpool.proxy.cached = true (default)
2023-09-13 16:03:26,404 [main] INFO  server.RaftServerConfigKeys (ConfUtils.java:logGet(46)) - raft.server.threadpool.proxy.size = 0 (default)
2023-09-13 16:03:26,404 [main] INFO  server.RaftServerConfigKeys (ConfUtils.java:logGet(46)) - raft.server.rpc.slowness.timeout = 120s (custom)
2023-09-13 16:03:26,404 [main] INFO  server.RaftServerConfigKeys (ConfUtils.java:logGet(46)) - raft.server.leaderelection.leader.step-down.wait-time = 10s (default)
2023-09-13 16:03:26,404 [main] INFO  server.RaftServerConfigKeys (ConfUtils.java:logGet(46)) - raft.server.storage.dir = [/tmp/junit2978688435448195665/ratis] (custom)
2023-09-13 16:03:26,409 [main] INFO  server.RaftServer (RaftServerProxy.java:addNew(98)) - om1: addNew group-C5BA1605619E:[om1|rpc:0.0.0.0:9872|priority:0|startupRole:FOLLOWER] returns group-C5BA1605619E:java.util.concurrent.CompletableFuture@64918740[Not completed]
2023-09-13 16:03:26,409 [om1-groupManagement] INFO  server.RaftServer$Division (RaftServerImpl.java:<init>(198)) - om1: new RaftServerImpl for group-C5BA1605619E:[om1|rpc:0.0.0.0:9872|priority:0|startupRole:FOLLOWER] with OzoneManagerStateMachine:uninitialized
2023-09-13 16:03:26,409 [main] INFO  om.OzoneManager (OzoneManager.java:initializeRatisServer(2148)) - OzoneManager Ratis server initialized at port 9872
2023-09-13 16:03:26,409 [om1-groupManagement] INFO  server.RaftServerConfigKeys (ConfUtils.java:logGet(46)) - raft.server.rpc.timeout.min = 5s (custom)
2023-09-13 16:03:26,409 [main] INFO  om.OzoneManager (OzoneManager.java:getRpcServer(1196)) - Creating RPC Server
2023-09-13 16:03:26,409 [om1-groupManagement] INFO  server.RaftServerConfigKeys (ConfUtils.java:logGet(46)) - raft.server.rpc.timeout.max = 5200ms (custom)
2023-09-13 16:03:26,410 [om1-groupManagement] INFO  server.RaftServerConfigKeys (ConfUtils.java:logGet(46)) - raft.server.rpc.sleep.time = 25ms (default)
2023-09-13 16:03:26,411 [om1-groupManagement] INFO  server.RaftServerConfigKeys (ConfUtils.java:logGet(46)) - raft.server.rpc.slowness.timeout = 120s (custom)
2023-09-13 16:03:26,411 [om1-groupManagement] INFO  server.RaftServerConfigKeys (ConfUtils.java:logGet(46)) - raft.server.leaderelection.leader.step-down.wait-time = 10s (default)
2023-09-13 16:03:26,411 [om1-groupManagement] INFO  server.RaftServerConfigKeys (ConfUtils.java:logGet(46)) - raft.server.sleep.deviation.threshold = 300ms (default)
2023-09-13 16:03:26,411 [om1-groupManagement] INFO  server.RaftServer$Division (ServerState.java:<init>(120)) - om1@group-C5BA1605619E: ConfigurationManager, init=-1: peers:[om1|rpc:0.0.0.0:9872|priority:0|startupRole:FOLLOWER]|listeners:[], old=null, confs=<EMPTY_MAP>
2023-09-13 16:03:26,411 [om1-groupManagement] INFO  server.RaftServerConfigKeys (ConfUtils.java:logGet(46)) - raft.server.storage.dir = [/tmp/junit2978688435448195665/ratis] (custom)
2023-09-13 16:03:26,412 [om1-groupManagement] INFO  server.RaftServerConfigKeys (ConfUtils.java:logGet(46)) - raft.server.log.corruption.policy = EXCEPTION (default)
2023-09-13 16:03:26,412 [om1-groupManagement] INFO  server.RaftServerConfigKeys (ConfUtils.java:logGet(46)) - raft.server.storage.free-space.min = 0MB (=0) (default)
2023-09-13 16:03:26,412 [om1-groupManagement] INFO  server.RaftServerConfigKeys (ConfUtils.java:logGet(46)) - raft.server.notification.no-leader.timeout = 120s (custom)
2023-09-13 16:03:26,412 [om1-groupManagement] INFO  server.RaftServerConfigKeys (ConfUtils.java:logGet(46)) - raft.server.read.timeout = 10s (default)
2023-09-13 16:03:26,412 [om1-groupManagement] INFO  server.RaftServerConfigKeys (ConfUtils.java:logGet(46)) - raft.server.retrycache.expirytime = 300s (custom)
2023-09-13 16:03:26,412 [om1-groupManagement] INFO  server.RaftServerConfigKeys (ConfUtils.java:logGet(46)) - raft.server.retrycache.statistics.expirytime = 100μs (default)
2023-09-13 16:03:26,413 [om1-groupManagement] INFO  server.RaftServerConfigKeys (ConfUtils.java:logGet(46)) - raft.server.read.option = DEFAULT (default)
2023-09-13 16:03:26,423 [om1-groupManagement] INFO  server.RaftServerConfigKeys (ConfUtils.java:logGet(46)) - raft.server.rpc.request.timeout = 3000ms (default)
2023-09-13 16:03:26,423 [om1-groupManagement] INFO  server.RaftServerConfigKeys (ConfUtils.java:logGet(46)) - raft.server.log.appender.install.snapshot.enabled = false (custom)
2023-09-13 16:03:26,423 [om1-groupManagement] INFO  server.RaftServerConfigKeys (ConfUtils.java:logGet(46)) - raft.server.threadpool.server.cached = true (default)
2023-09-13 16:03:26,423 [om1-groupManagement] INFO  server.RaftServerConfigKeys (ConfUtils.java:logGet(46)) - raft.server.threadpool.server.size = 0 (default)
2023-09-13 16:03:26,431 [om1-groupManagement] INFO  server.RaftServerConfigKeys (ConfUtils.java:logGet(46)) - raft.server.threadpool.client.cached = true (default)
2023-09-13 16:03:26,431 [om1-groupManagement] INFO  server.RaftServerConfigKeys (ConfUtils.java:logGet(46)) - raft.server.threadpool.client.size = 0 (default)
2023-09-13 16:03:26,628 [main] INFO  reflections.Reflections (Reflections.java:scan(232)) - Reflections took 217 ms to scan 12 urls, producing 50 keys and 2980 values [using 2 cores]
2023-09-13 16:03:26,630 [main] INFO  ipc.CallQueueManager (CallQueueManager.java:<init>(90)) - Using callQueue: class java.util.concurrent.LinkedBlockingQueue, queueCapacity: 10000, scheduler: class org.apache.hadoop.ipc.DefaultRpcScheduler, ipcBackoff: false.
2023-09-13 16:03:26,631 [main] INFO  ipc.Server (Server.java:<init>(1287)) - Listener at 0.0.0.0:9862
2023-09-13 16:03:26,635 [Socket Reader #1 for port 9862] INFO  ipc.Server (Server.java:run(1323)) - Starting Socket Reader #1 for port 9862
2023-09-13 16:03:26,654 [main] INFO  impl.MetricsSystemImpl (MetricsSystemImpl.java:init(158)) - OzoneManager metrics system started (again)
2023-09-13 16:03:26,662 [main] INFO  om.OzoneManager (OzoneManager.java:start(1633)) - OzoneManager RPC server is listening at /0.0.0.0:9862
2023-09-13 16:03:26,662 [main] INFO  ratis.OzoneManagerRatisServer (OzoneManagerRatisServer.java:start(558)) - Starting OzoneManagerRatisServer om1 at port 9872
2023-09-13 16:03:26,662 [om1-impl-thread1] INFO  storage.RaftStorageDirectory (RaftStorageDirectoryImpl.java:analyzeStorage(137)) - The storage directory /tmp/junit2978688435448195665/ratis/bf265839-605b-3f16-9796-c5ba1605619e does not exist. Creating ...
2023-09-13 16:03:26,663 [om1-impl-thread1] INFO  storage.RaftStorageDirectory (RaftStorageDirectoryImpl.java:tryLock(231)) - Lock on /tmp/junit2978688435448195665/ratis/bf265839-605b-3f16-9796-c5ba1605619e/in_use.lock acquired by nodename 188718@fv-az937-94
2023-09-13 16:03:26,664 [om1-impl-thread1] INFO  storage.RaftStorage (RaftStorageImpl.java:format(96)) - Storage directory /tmp/junit2978688435448195665/ratis/bf265839-605b-3f16-9796-c5ba1605619e has been successfully formatted.
2023-09-13 16:03:26,665 [om1-impl-thread1] INFO  server.RaftServerConfigKeys (ConfUtils.java:logGet(46)) - raft.server.log.use.memory = false (default)
2023-09-13 16:03:26,665 [om1-impl-thread1] INFO  server.RaftServerConfigKeys (ConfUtils.java:logGet(46)) - raft.server.log.purge.gap = 1000000 (custom)
2023-09-13 16:03:26,665 [om1-impl-thread1] INFO  server.RaftServerConfigKeys (ConfUtils.java:logGet(46)) - raft.server.log.appender.buffer.byte-limit = 33554432 (custom)
2023-09-13 16:03:26,665 [om1-impl-thread1] INFO  server.RaftServerConfigKeys (ConfUtils.java:logGet(46)) - raft.server.log.statemachine.data.read.timeout = 1000ms (default)
2023-09-13 16:03:26,665 [om1-impl-thread1] INFO  server.RaftServerConfigKeys (ConfUtils.java:logGet(46)) - raft.server.log.purge.preservation.log.num = 0 (default)
2023-09-13 16:03:26,665 [om1-impl-thread1] INFO  server.RaftServerConfigKeys (ConfUtils.java:logGet(46)) - raft.server.log.segment.size.max = 4194304 (custom)
2023-09-13 16:03:26,665 [om1-impl-thread1] INFO  server.RaftServerConfigKeys (ConfUtils.java:logGet(46)) - raft.server.log.segment.cache.num.max = 2 (custom)
2023-09-13 16:03:26,665 [om1-impl-thread1] INFO  server.RaftServerConfigKeys (ConfUtils.java:logGet(46)) - raft.server.log.segment.cache.size.max = 200MB (=209715200) (default)
2023-09-13 16:03:26,665 [om1-impl-thread1] INFO  server.RaftServerConfigKeys (ConfUtils.java:logGet(46)) - raft.server.log.appender.buffer.byte-limit = 33554432 (custom)
2023-09-13 16:03:26,666 [om1-impl-thread1] INFO  segmented.SegmentedRaftLogWorker (SegmentedRaftLogWorker.java:<init>(188)) - new om1@group-C5BA1605619E-SegmentedRaftLogWorker for RaftStorageImpl:Storage Directory /tmp/junit2978688435448195665/ratis/bf265839-605b-3f16-9796-c5ba1605619e
2023-09-13 16:03:26,666 [om1-impl-thread1] INFO  server.RaftServerConfigKeys (ConfUtils.java:logGet(46)) - raft.server.log.queue.byte-limit = 64MB (=67108864) (default)
2023-09-13 16:03:26,666 [om1-impl-thread1] INFO  server.RaftServerConfigKeys (ConfUtils.java:logGet(46)) - raft.server.log.queue.element-limit = 4096 (default)
2023-09-13 16:03:26,666 [om1-impl-thread1] INFO  server.RaftServerConfigKeys (ConfUtils.java:logGet(46)) - raft.server.log.segment.size.max = 4194304 (custom)
2023-09-13 16:03:26,666 [om1-impl-thread1] INFO  server.RaftServerConfigKeys (ConfUtils.java:logGet(46)) - raft.server.log.preallocated.size = 4194304 (custom)
2023-09-13 16:03:26,666 [om1-impl-thread1] INFO  server.RaftServerConfigKeys (ConfUtils.java:logGet(46)) - raft.server.log.force.sync.num = 128 (default)
2023-09-13 16:03:26,666 [om1-impl-thread1] INFO  server.RaftServerConfigKeys (ConfUtils.java:logGet(46)) - raft.server.log.statemachine.data.sync = true (default)
2023-09-13 16:03:26,666 [om1-impl-thread1] INFO  server.RaftServerConfigKeys (ConfUtils.java:logGet(46)) - raft.server.log.statemachine.data.sync.timeout = 10s (default)
2023-09-13 16:03:26,666 [om1-impl-thread1] INFO  server.RaftServerConfigKeys (ConfUtils.java:logGet(46)) - raft.server.log.statemachine.data.sync.timeout.retry = -1 (default)
2023-09-13 16:03:26,666 [om1-impl-thread1] INFO  server.RaftServerConfigKeys (ConfUtils.java:logGet(46)) - raft.server.log.write.buffer.size = 64KB (=65536) (default)
2023-09-13 16:03:26,666 [om1-impl-thread1] INFO  server.RaftServerConfigKeys (ConfUtils.java:logGet(46)) - raft.server.log.appender.buffer.byte-limit = 33554432 (custom)
2023-09-13 16:03:26,689 [om1-impl-thread1] INFO  server.RaftServerConfigKeys (ConfUtils.java:logGet(46)) - raft.server.log.unsafe-flush.enabled = false (default)
2023-09-13 16:03:26,690 [om1-impl-thread1] INFO  server.RaftServerConfigKeys (ConfUtils.java:logGet(46)) - raft.server.log.async-flush.enabled = false (default)
2023-09-13 16:03:26,690 [om1-impl-thread1] INFO  server.RaftServerConfigKeys (ConfUtils.java:logGet(46)) - raft.server.log.statemachine.data.caching.enabled = false (default)
2023-09-13 16:03:26,690 [om1-impl-thread1] INFO  segmented.SegmentedRaftLogWorker (SegmentedRaftLogWorker.java:lambda$new$0(135)) - om1@group-C5BA1605619E-SegmentedRaftLogWorker: flushIndex: setUnconditionally 0 -> -1
2023-09-13 16:03:26,690 [om1-impl-thread1] INFO  segmented.SegmentedRaftLogWorker (SegmentedRaftLogWorker.java:lambda$new$0(135)) - om1@group-C5BA1605619E-SegmentedRaftLogWorker: safeCacheEvictIndex: setUnconditionally 0 -> -1
2023-09-13 16:03:26,695 [om1-impl-thread1] INFO  server.RaftServer$Division (RaftServerImpl.java:start(342)) - om1@group-C5BA1605619E: start as a follower, conf=-1: peers:[om1|rpc:0.0.0.0:9872|priority:0|startupRole:FOLLOWER]|listeners:[], old=null
2023-09-13 16:03:26,695 [om1-impl-thread1] INFO  server.RaftServer$Division (RaftServerImpl.java:setRole(329)) - om1@group-C5BA1605619E: changes role from      null to FOLLOWER at term 0 for startAsFollower
2023-09-13 16:03:26,695 [om1-impl-thread1] INFO  impl.RoleInfo (RoleInfo.java:updateAndGet(139)) - om1: start om1@group-C5BA1605619E-FollowerState
2023-09-13 16:03:26,697 [om1-impl-thread1] INFO  util.JmxRegister (JmxRegister.java:tryRegister(44)) - Successfully registered JMX Bean with object name Ratis:service=RaftServer,group=group-C5BA1605619E,id=om1
2023-09-13 16:03:26,697 [om1-impl-thread1] INFO  server.RaftServerConfigKeys (ConfUtils.java:logGet(46)) - raft.server.snapshot.auto.trigger.enabled = true (custom)
2023-09-13 16:03:26,697 [om1-impl-thread1] INFO  server.RaftServerConfigKeys (ConfUtils.java:logGet(46)) - raft.server.snapshot.auto.trigger.threshold = 400000 (default)
2023-09-13 16:03:26,697 [om1-impl-thread1] INFO  server.RaftServerConfigKeys (ConfUtils.java:logGet(46)) - raft.server.snapshot.retention.file.num = -1 (default)
2023-09-13 16:03:26,697 [om1-impl-thread1] INFO  server.RaftServerConfigKeys (ConfUtils.java:logGet(46)) - raft.server.log.purge.upto.snapshot.index = true (custom)
2023-09-13 16:03:26,697 [om1@group-C5BA1605619E-FollowerState] INFO  server.RaftServerConfigKeys (ConfUtils.java:logFallback(53)) - raft.server.rpc.first-election.timeout.min = 5s (fallback to raft.server.rpc.timeout.min)
2023-09-13 16:03:26,697 [om1@group-C5BA1605619E-FollowerState] INFO  server.RaftServerConfigKeys (ConfUtils.java:logFallback(53)) - raft.server.rpc.first-election.timeout.max = 5200ms (fallback to raft.server.rpc.timeout.max)
2023-09-13 16:03:26,698 [main] INFO  server.RaftServer (RaftServerProxy.java:startImpl(400)) - om1: start RPC server
2023-09-13 16:03:26,704 [main] INFO  server.GrpcService (GrpcService.java:startImpl(302)) - om1: GrpcService started, listening on 9872
2023-09-13 16:03:26,704 [JvmPauseMonitor3] INFO  util.JvmPauseMonitor (JvmPauseMonitor.java:run(103)) - JvmPauseMonitor-om1: Started
2023-09-13 16:03:26,704 [main] INFO  om.OzoneManager (OzoneManager.java:start(1649)) - Version File has different layout version (6) than OM DB (null). That is expected if this OM has never been finalized to a newer layout version.
2023-09-13 16:03:26,708 [main] INFO  http.BaseHttpServer (BaseHttpServer.java:newHttpServer2BuilderForOzone(223)) - Starting Web-server for ozoneManager at: http://0.0.0.0:9874
2023-09-13 16:03:26,708 [main] INFO  http.BaseHttpServer (BaseHttpServer.java:<init>(110)) - Hadoop Security Enabled: false Ozone Security Enabled: false Ozone HTTP Security Enabled: false 
2023-09-13 16:03:26,709 [main] WARN  server.AuthenticationFilter (AuthenticationFilter.java:constructSecretProvider(240)) - Unable to initialize FileSignerSecretProvider, falling back to use random secrets. Reason: Could not read signature secret file: /home/runner/hadoop-http-auth-signature-secret
2023-09-13 16:03:26,710 [main] INFO  http.HttpRequestLog (HttpRequestLog.java:getRequestLog(86)) - Http request log for http.requests.ozoneManager is not defined
2023-09-13 16:03:26,712 [main] INFO  http.HttpServer2 (HttpServer2.java:addGlobalFilter(1031)) - Added global filter 'safety' (class=org.apache.hadoop.hdds.server.http.HttpServer2$QuotingInputFilter)
2023-09-13 16:03:26,713 [main] INFO  http.HttpServer2 (HttpServer2.java:addFilter(1007)) - Added filter static_user_filter (class=org.apache.hadoop.http.lib.StaticUserWebFilter$StaticUserFilter) to context ozoneManager
2023-09-13 16:03:26,713 [main] INFO  http.HttpServer2 (HttpServer2.java:addFilter(1015)) - Added filter static_user_filter (class=org.apache.hadoop.http.lib.StaticUserWebFilter$StaticUserFilter) to context static
2023-09-13 16:03:26,713 [main] INFO  http.HttpServer2 (HttpServer2.java:addFilter(1015)) - Added filter static_user_filter (class=org.apache.hadoop.http.lib.StaticUserWebFilter$StaticUserFilter) to context logs
2023-09-13 16:03:26,714 [main] INFO  http.BaseHttpServer (BaseHttpServer.java:<init>(189)) - HTTP server of ozoneManager uses base directory /tmp/junit2978688435448195665/webserver
2023-09-13 16:03:26,715 [main] INFO  http.HttpServer2 (HttpServer2.java:bindListener(1231)) - Jetty bound to port 9874
2023-09-13 16:03:26,715 [main] INFO  server.Server (Server.java:doStart(375)) - jetty-9.4.51.v20230217; built: 2023-02-17T08:19:37.309Z; git: b45c405e4544384de066f814ed42ae3dceacdd49; jvm 1.8.0_382-b05
2023-09-13 16:03:26,719 [main] INFO  server.session (DefaultSessionIdManager.java:doStart(334)) - DefaultSessionIdManager workerName=node0
2023-09-13 16:03:26,719 [main] INFO  server.session (DefaultSessionIdManager.java:doStart(339)) - No SessionScavenger set, using defaults
2023-09-13 16:03:26,719 [main] INFO  server.session (HouseKeeper.java:startScavenging(132)) - node0 Scavenging every 600000ms
2023-09-13 16:03:26,720 [main] INFO  handler.ContextHandler (ContextHandler.java:doStart(921)) - Started o.e.j.s.ServletContextHandler@4e2c656a{logs,/logs,file:///home/runner/work/ozone/ozone/hadoop-ozone/ozone-manager/target/log,AVAILABLE}
2023-09-13 16:03:26,721 [main] INFO  handler.ContextHandler (ContextHandler.java:doStart(921)) - Started o.e.j.s.ServletContextHandler@3f727390{static,/static,file:///home/runner/work/ozone/ozone/hadoop-ozone/ozone-manager/target/classes/webapps/static,AVAILABLE}
2023-09-13 16:03:26,725 [main] INFO  handler.ContextHandler (ContextHandler.java:doStart(921)) - Started o.e.j.w.WebAppContext@1bb6b61c{ozoneManager,/,file:///home/runner/work/ozone/ozone/hadoop-ozone/ozone-manager/target/classes/webapps/ozoneManager/,AVAILABLE}{file:/home/runner/work/ozone/ozone/hadoop-ozone/ozone-manager/target/classes/webapps/ozoneManager}
2023-09-13 16:03:26,727 [main] INFO  server.AbstractConnector (AbstractConnector.java:doStart(333)) - Started ServerConnector@24ab288c{HTTP/1.1, (http/1.1)}{0.0.0.0:9874}
2023-09-13 16:03:26,727 [main] INFO  server.Server (Server.java:doStart(415)) - Started @48598ms
2023-09-13 16:03:26,727 [main] WARN  impl.MetricsSystemImpl (MetricsSystemImpl.java:register(279)) - Sink prometheus already exists!
2023-09-13 16:03:26,728 [main] INFO  http.BaseHttpServer (BaseHttpServer.java:updateConnectorAddress(354)) - HTTP server of ozoneManager listening at http://0.0.0.0:9874
2023-09-13 16:03:26,730 [IPC Server Responder] INFO  ipc.Server (Server.java:run(1562)) - IPC Server Responder: starting
2023-09-13 16:03:26,730 [IPC Server listener on 9862] INFO  ipc.Server (Server.java:run(1402)) - IPC Server listener on 9862: starting
2023-09-13 16:03:26,737 [main] INFO  om.OzoneManager (OzoneManager.java:startTrashEmptier(2101)) - Trash Interval set to 0. Files deleted won't move to trash
2023-09-13 16:03:26,739 [main] INFO  om.GrpcOzoneManagerServer (GrpcOzoneManagerServer.java:start(180)) - GrpcOzoneManagerServer is started using port 8981
2023-09-13 16:03:28,755 [main] INFO  retry.RetryInvocationHandler (RetryInvocationHandler.java:log(422)) - com.google.protobuf.ServiceException: org.apache.hadoop.ipc.RemoteException(org.apache.hadoop.ozone.om.exceptions.OMNotLeaderException): OM:om1 is not the leader. Could not determine the leader node.
	at org.apache.hadoop.ozone.protocolPB.OzoneManagerProtocolServerSideTranslatorPB.createNotLeaderException(OzoneManagerProtocolServerSideTranslatorPB.java:246)
	at org.apache.hadoop.ozone.protocolPB.OzoneManagerProtocolServerSideTranslatorPB.createLeaderErrorException(OzoneManagerProtocolServerSideTranslatorPB.java:234)
	at org.apache.hadoop.ozone.protocolPB.OzoneManagerProtocolServerSideTranslatorPB.submitReadRequestToOM(OzoneManagerProtocolServerSideTranslatorPB.java:227)
	at org.apache.hadoop.ozone.protocolPB.OzoneManagerProtocolServerSideTranslatorPB.processRequest(OzoneManagerProtocolServerSideTranslatorPB.java:179)
	at org.apache.hadoop.hdds.server.OzoneProtocolMessageDispatcher.processRequest(OzoneProtocolMessageDispatcher.java:87)
	at org.apache.hadoop.ozone.protocolPB.OzoneManagerProtocolServerSideTranslatorPB.submitRequest(OzoneManagerProtocolServerSideTranslatorPB.java:148)
	at org.apache.hadoop.ozone.protocol.proto.OzoneManagerProtocolProtos$OzoneManagerService$2.callBlockingMethod(OzoneManagerProtocolProtos.java)
	at org.apache.hadoop.ipc.ProtobufRpcEngine$Server.processCall(ProtobufRpcEngine.java:484)
	at org.apache.hadoop.ipc.ProtobufRpcEngine2$Server$ProtoBufRpcInvoker.call(ProtobufRpcEngine2.java:595)
	at org.apache.hadoop.ipc.ProtobufRpcEngine2$Server$ProtoBufRpcInvoker.call(ProtobufRpcEngine2.java:573)
	at org.apache.hadoop.ipc.RPC$Server.call(RPC.java:1227)
	at org.apache.hadoop.ipc.Server$RpcCall.run(Server.java:1094)
	at org.apache.hadoop.ipc.Server$RpcCall.run(Server.java:1017)
	at java.security.AccessController.doPrivileged(Native Method)
	at javax.security.auth.Subject.doAs(Subject.java:422)
	at org.apache.hadoop.security.UserGroupInformation.doAs(UserGroupInformation.java:1899)
	at org.apache.hadoop.ipc.Server$Handler.run(Server.java:3048)
, while invoking $Proxy66.submitRequest over nodeId=null,nodeAddress=0.0.0.0:9862 after 1 failover attempts. Trying to failover after sleeping for 4000ms. Current retry count: 1.
2023-09-13 16:03:31,758 [om1@group-C5BA1605619E-FollowerState] INFO  impl.FollowerState (FollowerState.java:run(143)) - om1@group-C5BA1605619E-FollowerState: change to CANDIDATE, lastRpcElapsedTime:5062483254ns, electionTimeout:5060ms
2023-09-13 16:03:31,758 [om1@group-C5BA1605619E-FollowerState] INFO  impl.RoleInfo (RoleInfo.java:shutdownFollowerState(110)) - om1: shutdown om1@group-C5BA1605619E-FollowerState
2023-09-13 16:03:31,758 [om1@group-C5BA1605619E-FollowerState] INFO  server.RaftServer$Division (RaftServerImpl.java:setRole(329)) - om1@group-C5BA1605619E: changes role from  FOLLOWER to CANDIDATE at term 0 for changeToCandidate
2023-09-13 16:03:31,758 [om1@group-C5BA1605619E-FollowerState] INFO  server.RaftServerConfigKeys (ConfUtils.java:logGet(46)) - raft.server.leaderelection.pre-vote = true (default)
2023-09-13 16:03:31,758 [om1@group-C5BA1605619E-FollowerState] INFO  impl.RoleInfo (RoleInfo.java:updateAndGet(139)) - om1: start om1@group-C5BA1605619E-LeaderElection4
2023-09-13 16:03:31,759 [om1@group-C5BA1605619E-LeaderElection4] INFO  impl.LeaderElection (LeaderElection.java:askForVotes(321)) - om1@group-C5BA1605619E-LeaderElection4 PRE_VOTE round 0: submit vote requests at term 0 for -1: peers:[om1|rpc:0.0.0.0:9872|priority:0|startupRole:FOLLOWER]|listeners:[], old=null
2023-09-13 16:03:31,760 [om1@group-C5BA1605619E-LeaderElection4] INFO  impl.LeaderElection (LeaderElection.java:askForVotes(323)) - om1@group-C5BA1605619E-LeaderElection4 PRE_VOTE round 0: result PASSED (term=0)
2023-09-13 16:03:31,761 [om1@group-C5BA1605619E-LeaderElection4] INFO  impl.LeaderElection (LeaderElection.java:askForVotes(321)) - om1@group-C5BA1605619E-LeaderElection4 ELECTION round 0: submit vote requests at term 1 for -1: peers:[om1|rpc:0.0.0.0:9872|priority:0|startupRole:FOLLOWER]|listeners:[], old=null
2023-09-13 16:03:31,761 [om1@group-C5BA1605619E-LeaderElection4] INFO  impl.LeaderElection (LeaderElection.java:askForVotes(323)) - om1@group-C5BA1605619E-LeaderElection4 ELECTION round 0: result PASSED (term=1)
2023-09-13 16:03:31,761 [om1@group-C5BA1605619E-LeaderElection4] INFO  impl.RoleInfo (RoleInfo.java:shutdownLeaderElection(130)) - om1: shutdown om1@group-C5BA1605619E-LeaderElection4
2023-09-13 16:03:31,761 [om1@group-C5BA1605619E-LeaderElection4] INFO  server.RaftServer$Division (RaftServerImpl.java:setRole(329)) - om1@group-C5BA1605619E: changes role from CANDIDATE to LEADER at term 1 for changeToLeader
2023-09-13 16:03:31,762 [om1@group-C5BA1605619E-LeaderElection4] INFO  server.RaftServer$Division (ServerState.java:setLeader(317)) - om1@group-C5BA1605619E: change Leader from null to om1 at term 1 for becomeLeader, leader elected after 5349ms
2023-09-13 16:03:31,762 [om1@group-C5BA1605619E-LeaderElection4] INFO  server.RaftServerConfigKeys (ConfUtils.java:logGet(46)) - raft.server.staging.catchup.gap = 1000 (default)
2023-09-13 16:03:31,762 [om1@group-C5BA1605619E-LeaderElection4] INFO  server.RaftServerConfigKeys (ConfUtils.java:logGet(46)) - raft.server.write.element-limit = 4096 (default)
2023-09-13 16:03:31,762 [om1@group-C5BA1605619E-LeaderElection4] INFO  server.RaftServerConfigKeys (ConfUtils.java:logGet(46)) - raft.server.write.byte-limit = 64MB (=67108864) (default)
2023-09-13 16:03:31,762 [om1@group-C5BA1605619E-LeaderElection4] INFO  server.RaftServerConfigKeys (ConfUtils.java:logGet(46)) - raft.server.watch.timeout = 10s (default)
2023-09-13 16:03:31,763 [om1@group-C5BA1605619E-LeaderElection4] INFO  server.RaftServerConfigKeys (ConfUtils.java:logGet(46)) - raft.server.watch.timeout.denomination = 1s (default)
2023-09-13 16:03:31,763 [om1@group-C5BA1605619E-LeaderElection4] INFO  server.RaftServerConfigKeys (ConfUtils.java:logGet(46)) - raft.server.watch.element-limit = 65536 (default)
2023-09-13 16:03:31,763 [om1@group-C5BA1605619E-LeaderElection4] INFO  server.RaftServerConfigKeys (ConfUtils.java:logGet(46)) - raft.server.write.element-limit = 4096 (default)
2023-09-13 16:03:31,763 [om1@group-C5BA1605619E-LeaderElection4] INFO  server.RaftServerConfigKeys (ConfUtils.java:logGet(46)) - raft.server.write.follower.gap.ratio.max = -1.0 (default)
2023-09-13 16:03:31,763 [om1@group-C5BA1605619E-LeaderElection4] INFO  impl.RoleInfo (RoleInfo.java:updateAndGet(139)) - om1: start om1@group-C5BA1605619E-LeaderStateImpl
2023-09-13 16:03:31,763 [om1@group-C5BA1605619E-LeaderElection4] INFO  segmented.SegmentedRaftLogWorker (SegmentedRaftLogWorker.java:startLogSegment(447)) - om1@group-C5BA1605619E-SegmentedRaftLogWorker: Starting segment from index:0
2023-09-13 16:03:31,766 [om1@group-C5BA1605619E-LeaderElection4] INFO  server.RaftServer$Division (ServerState.java:setRaftConf(434)) - om1@group-C5BA1605619E: set configuration 0: peers:[om1|rpc:0.0.0.0:9872|admin:|client:|dataStream:|priority:0|startupRole:FOLLOWER]|listeners:[], old=null
2023-09-13 16:03:31,775 [om1@group-C5BA1605619E-SegmentedRaftLogWorker] INFO  segmented.SegmentedRaftLogWorker (SegmentedRaftLogWorker.java:execute(651)) - om1@group-C5BA1605619E-SegmentedRaftLogWorker: created new log segment /tmp/junit2978688435448195665/ratis/bf265839-605b-3f16-9796-c5ba1605619e/current/log_inprogress_0
2023-09-13 16:03:31,776 [om1@group-C5BA1605619E-StateMachineUpdater] INFO  ratis.OzoneManagerStateMachine (OzoneManagerStateMachine.java:notifyConfigurationChanged(202)) - Received Configuration change notification from Ratis. New Peer list:
[id: "om1"
address: "0.0.0.0:9872"
startupRole: FOLLOWER
]
2023-09-13 16:03:32,760 [main] INFO  service.TestOpenKeyCleanupService (TestOpenKeyCleanupService.java:testCleanupExpiredOpenKeys(137)) - numDEFKeys=99, numFSOKeys=0, hsync? false
2023-09-13 16:03:32,860 [main] INFO  service.TestOpenKeyCleanupService (TestOpenKeyCleanupService.java:testCleanupExpiredOpenKeys(148)) - oldkeyCount=0, oldrunCount=20
2023-09-13 16:03:32,880 [OM StateMachine ApplyTransaction Thread - 0] WARN  helpers.QuotaUtil (QuotaUtil.java:getReplicatedSize(63)) - Unknown replication type 'STAND_ALONE'. Returning original data size.
2023-09-13 16:03:32,880 [OM StateMachine ApplyTransaction Thread - 0] WARN  helpers.QuotaUtil (QuotaUtil.java:getReplicatedSize(63)) - Unknown replication type 'STAND_ALONE'. Returning original data size.
2023-09-13 16:03:32,888 [OM StateMachine ApplyTransaction Thread - 0] WARN  helpers.QuotaUtil (QuotaUtil.java:getReplicatedSize(63)) - Unknown replication type 'STAND_ALONE'. Returning original data size.
2023-09-13 16:03:32,888 [OM StateMachine ApplyTransaction Thread - 0] WARN  helpers.QuotaUtil (QuotaUtil.java:getReplicatedSize(63)) - Unknown replication type 'STAND_ALONE'. Returning original data size.
2023-09-13 16:03:32,907 [OM StateMachine ApplyTransaction Thread - 0] WARN  helpers.QuotaUtil (QuotaUtil.java:getReplicatedSize(63)) - Unknown replication type 'STAND_ALONE'. Returning original data size.
2023-09-13 16:03:32,907 [OM StateMachine ApplyTransaction Thread - 0] WARN  helpers.QuotaUtil (QuotaUtil.java:getReplicatedSize(63)) - Unknown replication type 'STAND_ALONE'. Returning original data size.
2023-09-13 16:03:32,911 [OM StateMachine ApplyTransaction Thread - 0] WARN  helpers.QuotaUtil (QuotaUtil.java:getReplicatedSize(63)) - Unknown replication type 'STAND_ALONE'. Returning original data size.
2023-09-13 16:03:32,911 [OM StateMachine ApplyTransaction Thread - 0] WARN  helpers.QuotaUtil (QuotaUtil.java:getReplicatedSize(63)) - Unknown replication type 'STAND_ALONE'. Returning original data size.
2023-09-13 16:03:32,921 [OM StateMachine ApplyTransaction Thread - 0] WARN  helpers.QuotaUtil (QuotaUtil.java:getReplicatedSize(63)) - Unknown replication type 'STAND_ALONE'. Returning original data size.
2023-09-13 16:03:32,921 [OM StateMachine ApplyTransaction Thread - 0] WARN  helpers.QuotaUtil (QuotaUtil.java:getReplicatedSize(63)) - Unknown replication type 'STAND_ALONE'. Returning original data size.
2023-09-13 16:03:32,931 [OM StateMachine ApplyTransaction Thread - 0] WARN  helpers.QuotaUtil (QuotaUtil.java:getReplicatedSize(63)) - Unknown replication type 'STAND_ALONE'. Returning original data size.
2023-09-13 16:03:32,931 [OM StateMachine ApplyTransaction Thread - 0] WARN  helpers.QuotaUtil (QuotaUtil.java:getReplicatedSize(63)) - Unknown replication type 'STAND_ALONE'. Returning original data size.
2023-09-13 16:03:32,941 [OM StateMachine ApplyTransaction Thread - 0] WARN  helpers.QuotaUtil (QuotaUtil.java:getReplicatedSize(63)) - Unknown replication type 'STAND_ALONE'. Returning original data size.
2023-09-13 16:03:32,941 [OM StateMachine ApplyTransaction Thread - 0] WARN  helpers.QuotaUtil (QuotaUtil.java:getReplicatedSize(63)) - Unknown replication type 'STAND_ALONE'. Returning original data size.
2023-09-13 16:03:32,946 [OM StateMachine ApplyTransaction Thread - 0] WARN  helpers.QuotaUtil (QuotaUtil.java:getReplicatedSize(63)) - Unknown replication type 'STAND_ALONE'. Returning original data size.
2023-09-13 16:03:32,946 [OM StateMachine ApplyTransaction Thread - 0] WARN  helpers.QuotaUtil (QuotaUtil.java:getReplicatedSize(63)) - Unknown replication type 'STAND_ALONE'. Returning original data size.
2023-09-13 16:03:32,955 [OM StateMachine ApplyTransaction Thread - 0] WARN  helpers.QuotaUtil (QuotaUtil.java:getReplicatedSize(63)) - Unknown replication type 'STAND_ALONE'. Returning original data size.
2023-09-13 16:03:32,955 [OM StateMachine ApplyTransaction Thread - 0] WARN  helpers.QuotaUtil (QuotaUtil.java:getReplicatedSize(63)) - Unknown replication type 'STAND_ALONE'. Returning original data size.
2023-09-13 16:03:32,959 [OM StateMachine ApplyTransaction Thread - 0] WARN  helpers.QuotaUtil (QuotaUtil.java:getReplicatedSize(63)) - Unknown replication type 'STAND_ALONE'. Returning original data size.
2023-09-13 16:03:32,959 [OM StateMachine ApplyTransaction Thread - 0] WARN  helpers.QuotaUtil (QuotaUtil.java:getReplicatedSize(63)) - Unknown replication type 'STAND_ALONE'. Returning original data size.
2023-09-13 16:03:32,977 [OM StateMachine ApplyTransaction Thread - 0] WARN  helpers.QuotaUtil (QuotaUtil.java:getReplicatedSize(63)) - Unknown replication type 'STAND_ALONE'. Returning original data size.
2023-09-13 16:03:32,978 [OM StateMachine ApplyTransaction Thread - 0] WARN  helpers.QuotaUtil (QuotaUtil.java:getReplicatedSize(63)) - Unknown replication type 'STAND_ALONE'. Returning original data size.
2023-09-13 16:03:32,988 [OM StateMachine ApplyTransaction Thread - 0] WARN  helpers.QuotaUtil (QuotaUtil.java:getReplicatedSize(63)) - Unknown replication type 'STAND_ALONE'. Returning original data size.
2023-09-13 16:03:32,988 [OM StateMachine ApplyTransaction Thread - 0] WARN  helpers.QuotaUtil (QuotaUtil.java:getReplicatedSize(63)) - Unknown replication type 'STAND_ALONE'. Returning original data size.
2023-09-13 16:03:32,993 [OM StateMachine ApplyTransaction Thread - 0] WARN  helpers.QuotaUtil (QuotaUtil.java:getReplicatedSize(63)) - Unknown replication type 'STAND_ALONE'. Returning original data size.
2023-09-13 16:03:32,993 [OM StateMachine ApplyTransaction Thread - 0] WARN  helpers.QuotaUtil (QuotaUtil.java:getReplicatedSize(63)) - Unknown replication type 'STAND_ALONE'. Returning original data size.
2023-09-13 16:03:33,005 [OM StateMachine ApplyTransaction Thread - 0] WARN  helpers.QuotaUtil (QuotaUtil.java:getReplicatedSize(63)) - Unknown replication type 'STAND_ALONE'. Returning original data size.
2023-09-13 16:03:33,006 [OM StateMachine ApplyTransaction Thread - 0] WARN  helpers.QuotaUtil (QuotaUtil.java:getReplicatedSize(63)) - Unknown replication type 'STAND_ALONE'. Returning original data size.
2023-09-13 16:03:33,010 [OM StateMachine ApplyTransaction Thread - 0] WARN  helpers.QuotaUtil (QuotaUtil.java:getReplicatedSize(63)) - Unknown replication type 'STAND_ALONE'. Returning original data size.
2023-09-13 16:03:33,010 [OM StateMachine ApplyTransaction Thread - 0] WARN  helpers.QuotaUtil (QuotaUtil.java:getReplicatedSize(63)) - Unknown replication type 'STAND_ALONE'. Returning original data size.
2023-09-13 16:03:33,021 [OM StateMachine ApplyTransaction Thread - 0] WARN  helpers.QuotaUtil (QuotaUtil.java:getReplicatedSize(63)) - Unknown replication type 'STAND_ALONE'. Returning original data size.
2023-09-13 16:03:33,021 [OM StateMachine ApplyTransaction Thread - 0] WARN  helpers.QuotaUtil (QuotaUtil.java:getReplicatedSize(63)) - Unknown replication type 'STAND_ALONE'. Returning original data size.
2023-09-13 16:03:33,028 [OM StateMachine ApplyTransaction Thread - 0] WARN  helpers.QuotaUtil (QuotaUtil.java:getReplicatedSize(63)) - Unknown replication type 'STAND_ALONE'. Returning original data size.
2023-09-13 16:03:33,028 [OM StateMachine ApplyTransaction Thread - 0] WARN  helpers.QuotaUtil (QuotaUtil.java:getReplicatedSize(63)) - Unknown replication type 'STAND_ALONE'. Returning original data size.
2023-09-13 16:03:33,038 [OM StateMachine ApplyTransaction Thread - 0] WARN  helpers.QuotaUtil (QuotaUtil.java:getReplicatedSize(63)) - Unknown replication type 'STAND_ALONE'. Returning original data size.
2023-09-13 16:03:33,038 [OM StateMachine ApplyTransaction Thread - 0] WARN  helpers.QuotaUtil (QuotaUtil.java:getReplicatedSize(63)) - Unknown replication type 'STAND_ALONE'. Returning original data size.
2023-09-13 16:03:33,042 [OM StateMachine ApplyTransaction Thread - 0] WARN  helpers.QuotaUtil (QuotaUtil.java:getReplicatedSize(63)) - Unknown replication type 'STAND_ALONE'. Returning original data size.
2023-09-13 16:03:33,042 [OM StateMachine ApplyTransaction Thread - 0] WARN  helpers.QuotaUtil (QuotaUtil.java:getReplicatedSize(63)) - Unknown replication type 'STAND_ALONE'. Returning original data size.
2023-09-13 16:03:33,050 [OM StateMachine ApplyTransaction Thread - 0] WARN  helpers.QuotaUtil (QuotaUtil.java:getReplicatedSize(63)) - Unknown replication type 'STAND_ALONE'. Returning original data size.
2023-09-13 16:03:33,051 [OM StateMachine ApplyTransaction Thread - 0] WARN  helpers.QuotaUtil (QuotaUtil.java:getReplicatedSize(63)) - Unknown replication type 'STAND_ALONE'. Returning original data size.
2023-09-13 16:03:33,054 [OM StateMachine ApplyTransaction Thread - 0] WARN  helpers.QuotaUtil (QuotaUtil.java:getReplicatedSize(63)) - Unknown replication type 'STAND_ALONE'. Returning original data size.
2023-09-13 16:03:33,054 [OM StateMachine ApplyTransaction Thread - 0] WARN  helpers.QuotaUtil (QuotaUtil.java:getReplicatedSize(63)) - Unknown replication type 'STAND_ALONE'. Returning original data size.
2023-09-13 16:03:33,062 [OM StateMachine ApplyTransaction Thread - 0] WARN  helpers.QuotaUtil (QuotaUtil.java:getReplicatedSize(63)) - Unknown replication type 'STAND_ALONE'. Returning original data size.
2023-09-13 16:03:33,062 [OM StateMachine ApplyTransaction Thread - 0] WARN  helpers.QuotaUtil (QuotaUtil.java:getReplicatedSize(63)) - Unknown replication type 'STAND_ALONE'. Returning original data size.
2023-09-13 16:03:33,065 [OM StateMachine ApplyTransaction Thread - 0] WARN  helpers.QuotaUtil (QuotaUtil.java:getReplicatedSize(63)) - Unknown replication type 'STAND_ALONE'. Returning original data size.
2023-09-13 16:03:33,066 [OM StateMachine ApplyTransaction Thread - 0] WARN  helpers.QuotaUtil (QuotaUtil.java:getReplicatedSize(63)) - Unknown replication type 'STAND_ALONE'. Returning original data size.
2023-09-13 16:03:33,074 [OM StateMachine ApplyTransaction Thread - 0] WARN  helpers.QuotaUtil (QuotaUtil.java:getReplicatedSize(63)) - Unknown replication type 'STAND_ALONE'. Returning original data size.
2023-09-13 16:03:33,074 [OM StateMachine ApplyTransaction Thread - 0] WARN  helpers.QuotaUtil (QuotaUtil.java:getReplicatedSize(63)) - Unknown replication type 'STAND_ALONE'. Returning original data size.
2023-09-13 16:03:33,081 [OM StateMachine ApplyTransaction Thread - 0] WARN  helpers.QuotaUtil (QuotaUtil.java:getReplicatedSize(63)) - Unknown replication type 'STAND_ALONE'. Returning original data size.
2023-09-13 16:03:33,082 [OM StateMachine ApplyTransaction Thread - 0] WARN  helpers.QuotaUtil (QuotaUtil.java:getReplicatedSize(63)) - Unknown replication type 'STAND_ALONE'. Returning original data size.
2023-09-13 16:03:33,089 [OM StateMachine ApplyTransaction Thread - 0] WARN  helpers.QuotaUtil (QuotaUtil.java:getReplicatedSize(63)) - Unknown replication type 'STAND_ALONE'. Returning original data size.
2023-09-13 16:03:33,089 [OM StateMachine ApplyTransaction Thread - 0] WARN  helpers.QuotaUtil (QuotaUtil.java:getReplicatedSize(63)) - Unknown replication type 'STAND_ALONE'. Returning original data size.
2023-09-13 16:03:33,105 [OM StateMachine ApplyTransaction Thread - 0] WARN  helpers.QuotaUtil (QuotaUtil.java:getReplicatedSize(63)) - Unknown replication type 'STAND_ALONE'. Returning original data size.
2023-09-13 16:03:33,105 [OM StateMachine ApplyTransaction Thread - 0] WARN  helpers.QuotaUtil (QuotaUtil.java:getReplicatedSize(63)) - Unknown replication type 'STAND_ALONE'. Returning original data size.
2023-09-13 16:03:33,113 [OM StateMachine ApplyTransaction Thread - 0] WARN  helpers.QuotaUtil (QuotaUtil.java:getReplicatedSize(63)) - Unknown replication type 'STAND_ALONE'. Returning original data size.
2023-09-13 16:03:33,113 [OM StateMachine ApplyTransaction Thread - 0] WARN  helpers.QuotaUtil (QuotaUtil.java:getReplicatedSize(63)) - Unknown replication type 'STAND_ALONE'. Returning original data size.
2023-09-13 16:03:33,121 [OM StateMachine ApplyTransaction Thread - 0] WARN  helpers.QuotaUtil (QuotaUtil.java:getReplicatedSize(63)) - Unknown replication type 'STAND_ALONE'. Returning original data size.
2023-09-13 16:03:33,121 [OM StateMachine ApplyTransaction Thread - 0] WARN  helpers.QuotaUtil (QuotaUtil.java:getReplicatedSize(63)) - Unknown replication type 'STAND_ALONE'. Returning original data size.
2023-09-13 16:03:33,124 [OM StateMachine ApplyTransaction Thread - 0] WARN  helpers.QuotaUtil (QuotaUtil.java:getReplicatedSize(63)) - Unknown replication type 'STAND_ALONE'. Returning original data size.
2023-09-13 16:03:33,125 [OM StateMachine ApplyTransaction Thread - 0] WARN  helpers.QuotaUtil (QuotaUtil.java:getReplicatedSize(63)) - Unknown replication type 'STAND_ALONE'. Returning original data size.
2023-09-13 16:03:33,143 [OM StateMachine ApplyTransaction Thread - 0] WARN  helpers.QuotaUtil (QuotaUtil.java:getReplicatedSize(63)) - Unknown replication type 'STAND_ALONE'. Returning original data size.
2023-09-13 16:03:33,143 [OM StateMachine ApplyTransaction Thread - 0] WARN  helpers.QuotaUtil (QuotaUtil.java:getReplicatedSize(63)) - Unknown replication type 'STAND_ALONE'. Returning original data size.
2023-09-13 16:03:33,147 [OM StateMachine ApplyTransaction Thread - 0] WARN  helpers.QuotaUtil (QuotaUtil.java:getReplicatedSize(63)) - Unknown replication type 'STAND_ALONE'. Returning original data size.
2023-09-13 16:03:33,147 [OM StateMachine ApplyTransaction Thread - 0] WARN  helpers.QuotaUtil (QuotaUtil.java:getReplicatedSize(63)) - Unknown replication type 'STAND_ALONE'. Returning original data size.
2023-09-13 16:03:33,155 [OM StateMachine ApplyTransaction Thread - 0] WARN  helpers.QuotaUtil (QuotaUtil.java:getReplicatedSize(63)) - Unknown replication type 'STAND_ALONE'. Returning original data size.
2023-09-13 16:03:33,155 [OM StateMachine ApplyTransaction Thread - 0] WARN  helpers.QuotaUtil (QuotaUtil.java:getReplicatedSize(63)) - Unknown replication type 'STAND_ALONE'. Returning original data size.
2023-09-13 16:03:33,163 [OM StateMachine ApplyTransaction Thread - 0] WARN  helpers.QuotaUtil (QuotaUtil.java:getReplicatedSize(63)) - Unknown replication type 'STAND_ALONE'. Returning original data size.
2023-09-13 16:03:33,163 [OM StateMachine ApplyTransaction Thread - 0] WARN  helpers.QuotaUtil (QuotaUtil.java:getReplicatedSize(63)) - Unknown replication type 'STAND_ALONE'. Returning original data size.
2023-09-13 16:03:33,170 [OM StateMachine ApplyTransaction Thread - 0] WARN  helpers.QuotaUtil (QuotaUtil.java:getReplicatedSize(63)) - Unknown replication type 'STAND_ALONE'. Returning original data size.
2023-09-13 16:03:33,170 [OM StateMachine ApplyTransaction Thread - 0] WARN  helpers.QuotaUtil (QuotaUtil.java:getReplicatedSize(63)) - Unknown replication type 'STAND_ALONE'. Returning original data size.
2023-09-13 16:03:33,178 [OM StateMachine ApplyTransaction Thread - 0] WARN  helpers.QuotaUtil (QuotaUtil.java:getReplicatedSize(63)) - Unknown replication type 'STAND_ALONE'. Returning original data size.
2023-09-13 16:03:33,178 [OM StateMachine ApplyTransaction Thread - 0] WARN  helpers.QuotaUtil (QuotaUtil.java:getReplicatedSize(63)) - Unknown replication type 'STAND_ALONE'. Returning original data size.
2023-09-13 16:03:33,181 [OM StateMachine ApplyTransaction Thread - 0] WARN  helpers.QuotaUtil (QuotaUtil.java:getReplicatedSize(63)) - Unknown replication type 'STAND_ALONE'. Returning original data size.
2023-09-13 16:03:33,181 [OM StateMachine ApplyTransaction Thread - 0] WARN  helpers.QuotaUtil (QuotaUtil.java:getReplicatedSize(63)) - Unknown replication type 'STAND_ALONE'. Returning original data size.
2023-09-13 16:03:33,193 [OM StateMachine ApplyTransaction Thread - 0] WARN  helpers.QuotaUtil (QuotaUtil.java:getReplicatedSize(63)) - Unknown replication type 'STAND_ALONE'. Returning original data size.
2023-09-13 16:03:33,193 [OM StateMachine ApplyTransaction Thread - 0] WARN  helpers.QuotaUtil (QuotaUtil.java:getReplicatedSize(63)) - Unknown replication type 'STAND_ALONE'. Returning original data size.
2023-09-13 16:03:33,196 [OM StateMachine ApplyTransaction Thread - 0] WARN  helpers.QuotaUtil (QuotaUtil.java:getReplicatedSize(63)) - Unknown replication type 'STAND_ALONE'. Returning original data size.
2023-09-13 16:03:33,196 [OM StateMachine ApplyTransaction Thread - 0] WARN  helpers.QuotaUtil (QuotaUtil.java:getReplicatedSize(63)) - Unknown replication type 'STAND_ALONE'. Returning original data size.
2023-09-13 16:03:33,208 [OM StateMachine ApplyTransaction Thread - 0] WARN  helpers.QuotaUtil (QuotaUtil.java:getReplicatedSize(63)) - Unknown replication type 'STAND_ALONE'. Returning original data size.
2023-09-13 16:03:33,208 [OM StateMachine ApplyTransaction Thread - 0] WARN  helpers.QuotaUtil (QuotaUtil.java:getReplicatedSize(63)) - Unknown replication type 'STAND_ALONE'. Returning original data size.
2023-09-13 16:03:33,225 [OM StateMachine ApplyTransaction Thread - 0] WARN  helpers.QuotaUtil (QuotaUtil.java:getReplicatedSize(63)) - Unknown replication type 'STAND_ALONE'. Returning original data size.
2023-09-13 16:03:33,225 [OM StateMachine ApplyTransaction Thread - 0] WARN  helpers.QuotaUtil (QuotaUtil.java:getReplicatedSize(63)) - Unknown replication type 'STAND_ALONE'. Returning original data size.
2023-09-13 16:03:33,229 [OM StateMachine ApplyTransaction Thread - 0] WARN  helpers.QuotaUtil (QuotaUtil.java:getReplicatedSize(63)) - Unknown replication type 'STAND_ALONE'. Returning original data size.
2023-09-13 16:03:33,229 [OM StateMachine ApplyTransaction Thread - 0] WARN  helpers.QuotaUtil (QuotaUtil.java:getReplicatedSize(63)) - Unknown replication type 'STAND_ALONE'. Returning original data size.
2023-09-13 16:03:33,241 [OM StateMachine ApplyTransaction Thread - 0] WARN  helpers.QuotaUtil (QuotaUtil.java:getReplicatedSize(63)) - Unknown replication type 'STAND_ALONE'. Returning original data size.
2023-09-13 16:03:33,241 [OM StateMachine ApplyTransaction Thread - 0] WARN  helpers.QuotaUtil (QuotaUtil.java:getReplicatedSize(63)) - Unknown replication type 'STAND_ALONE'. Returning original data size.
2023-09-13 16:03:33,244 [OM StateMachine ApplyTransaction Thread - 0] WARN  helpers.QuotaUtil (QuotaUtil.java:getReplicatedSize(63)) - Unknown replication type 'STAND_ALONE'. Returning original data size.
2023-09-13 16:03:33,244 [OM StateMachine ApplyTransaction Thread - 0] WARN  helpers.QuotaUtil (QuotaUtil.java:getReplicatedSize(63)) - Unknown replication type 'STAND_ALONE'. Returning original data size.
2023-09-13 16:03:33,251 [OM StateMachine ApplyTransaction Thread - 0] WARN  helpers.QuotaUtil (QuotaUtil.java:getReplicatedSize(63)) - Unknown replication type 'STAND_ALONE'. Returning original data size.
2023-09-13 16:03:33,251 [OM StateMachine ApplyTransaction Thread - 0] WARN  helpers.QuotaUtil (QuotaUtil.java:getReplicatedSize(63)) - Unknown replication type 'STAND_ALONE'. Returning original data size.
2023-09-13 16:03:33,263 [OM StateMachine ApplyTransaction Thread - 0] WARN  helpers.QuotaUtil (QuotaUtil.java:getReplicatedSize(63)) - Unknown replication type 'STAND_ALONE'. Returning original data size.
2023-09-13 16:03:33,264 [OM StateMachine ApplyTransaction Thread - 0] WARN  helpers.QuotaUtil (QuotaUtil.java:getReplicatedSize(63)) - Unknown replication type 'STAND_ALONE'. Returning original data size.
2023-09-13 16:03:33,271 [OM StateMachine ApplyTransaction Thread - 0] WARN  helpers.QuotaUtil (QuotaUtil.java:getReplicatedSize(63)) - Unknown replication type 'STAND_ALONE'. Returning original data size.
2023-09-13 16:03:33,271 [OM StateMachine ApplyTransaction Thread - 0] WARN  helpers.QuotaUtil (QuotaUtil.java:getReplicatedSize(63)) - Unknown replication type 'STAND_ALONE'. Returning original data size.
2023-09-13 16:03:33,274 [OM StateMachine ApplyTransaction Thread - 0] WARN  helpers.QuotaUtil (QuotaUtil.java:getReplicatedSize(63)) - Unknown replication type 'STAND_ALONE'. Returning original data size.
2023-09-13 16:03:33,275 [OM StateMachine ApplyTransaction Thread - 0] WARN  helpers.QuotaUtil (QuotaUtil.java:getReplicatedSize(63)) - Unknown replication type 'STAND_ALONE'. Returning original data size.
2023-09-13 16:03:33,282 [OM StateMachine ApplyTransaction Thread - 0] WARN  helpers.QuotaUtil (QuotaUtil.java:getReplicatedSize(63)) - Unknown replication type 'STAND_ALONE'. Returning original data size.
2023-09-13 16:03:33,282 [OM StateMachine ApplyTransaction Thread - 0] WARN  helpers.QuotaUtil (QuotaUtil.java:getReplicatedSize(63)) - Unknown replication type 'STAND_ALONE'. Returning original data size.
2023-09-13 16:03:33,286 [OM StateMachine ApplyTransaction Thread - 0] WARN  helpers.QuotaUtil (QuotaUtil.java:getReplicatedSize(63)) - Unknown replication type 'STAND_ALONE'. Returning original data size.
2023-09-13 16:03:33,287 [OM StateMachine ApplyTransaction Thread - 0] WARN  helpers.QuotaUtil (QuotaUtil.java:getReplicatedSize(63)) - Unknown replication type 'STAND_ALONE'. Returning original data size.
2023-09-13 16:03:33,306 [OM StateMachine ApplyTransaction Thread - 0] WARN  helpers.QuotaUtil (QuotaUtil.java:getReplicatedSize(63)) - Unknown replication type 'STAND_ALONE'. Returning original data size.
2023-09-13 16:03:33,306 [OM StateMachine ApplyTransaction Thread - 0] WARN  helpers.QuotaUtil (QuotaUtil.java:getReplicatedSize(63)) - Unknown replication type 'STAND_ALONE'. Returning original data size.
2023-09-13 16:03:33,309 [OM StateMachine ApplyTransaction Thread - 0] WARN  helpers.QuotaUtil (QuotaUtil.java:getReplicatedSize(63)) - Unknown replication type 'STAND_ALONE'. Returning original data size.
2023-09-13 16:03:33,309 [OM StateMachine ApplyTransaction Thread - 0] WARN  helpers.QuotaUtil (QuotaUtil.java:getReplicatedSize(63)) - Unknown replication type 'STAND_ALONE'. Returning original data size.
2023-09-13 16:03:33,316 [OM StateMachine ApplyTransaction Thread - 0] WARN  helpers.QuotaUtil (QuotaUtil.java:getReplicatedSize(63)) - Unknown replication type 'STAND_ALONE'. Returning original data size.
2023-09-13 16:03:33,316 [OM StateMachine ApplyTransaction Thread - 0] WARN  helpers.QuotaUtil (QuotaUtil.java:getReplicatedSize(63)) - Unknown replication type 'STAND_ALONE'. Returning original data size.
2023-09-13 16:03:33,319 [OM StateMachine ApplyTransaction Thread - 0] WARN  helpers.QuotaUtil (QuotaUtil.java:getReplicatedSize(63)) - Unknown replication type 'STAND_ALONE'. Returning original data size.
2023-09-13 16:03:33,319 [OM StateMachine ApplyTransaction Thread - 0] WARN  helpers.QuotaUtil (QuotaUtil.java:getReplicatedSize(63)) - Unknown replication type 'STAND_ALONE'. Returning original data size.
2023-09-13 16:03:33,326 [OM StateMachine ApplyTransaction Thread - 0] WARN  helpers.QuotaUtil (QuotaUtil.java:getReplicatedSize(63)) - Unknown replication type 'STAND_ALONE'. Returning original data size.
2023-09-13 16:03:33,326 [OM StateMachine ApplyTransaction Thread - 0] WARN  helpers.QuotaUtil (QuotaUtil.java:getReplicatedSize(63)) - Unknown replication type 'STAND_ALONE'. Returning original data size.
2023-09-13 16:03:33,332 [OM StateMachine ApplyTransaction Thread - 0] WARN  helpers.QuotaUtil (QuotaUtil.java:getReplicatedSize(63)) - Unknown replication type 'STAND_ALONE'. Returning original data size.
2023-09-13 16:03:33,332 [OM StateMachine ApplyTransaction Thread - 0] WARN  helpers.QuotaUtil (QuotaUtil.java:getReplicatedSize(63)) - Unknown replication type 'STAND_ALONE'. Returning original data size.
2023-09-13 16:03:33,339 [OM StateMachine ApplyTransaction Thread - 0] WARN  helpers.QuotaUtil (QuotaUtil.java:getReplicatedSize(63)) - Unknown replication type 'STAND_ALONE'. Returning original data size.
2023-09-13 16:03:33,339 [OM StateMachine ApplyTransaction Thread - 0] WARN  helpers.QuotaUtil (QuotaUtil.java:getReplicatedSize(63)) - Unknown replication type 'STAND_ALONE'. Returning original data size.
2023-09-13 16:03:33,342 [OM StateMachine ApplyTransaction Thread - 0] WARN  helpers.QuotaUtil (QuotaUtil.java:getReplicatedSize(63)) - Unknown replication type 'STAND_ALONE'. Returning original data size.
2023-09-13 16:03:33,342 [OM StateMachine ApplyTransaction Thread - 0] WARN  helpers.QuotaUtil (QuotaUtil.java:getReplicatedSize(63)) - Unknown replication type 'STAND_ALONE'. Returning original data size.
2023-09-13 16:03:33,353 [OM StateMachine ApplyTransaction Thread - 0] WARN  helpers.QuotaUtil (QuotaUtil.java:getReplicatedSize(63)) - Unknown replication type 'STAND_ALONE'. Returning original data size.
2023-09-13 16:03:33,353 [OM StateMachine ApplyTransaction Thread - 0] WARN  helpers.QuotaUtil (QuotaUtil.java:getReplicatedSize(63)) - Unknown replication type 'STAND_ALONE'. Returning original data size.
2023-09-13 16:03:33,359 [OM StateMachine ApplyTransaction Thread - 0] WARN  helpers.QuotaUtil (QuotaUtil.java:getReplicatedSize(63)) - Unknown replication type 'STAND_ALONE'. Returning original data size.
2023-09-13 16:03:33,360 [OM StateMachine ApplyTransaction Thread - 0] WARN  helpers.QuotaUtil (QuotaUtil.java:getReplicatedSize(63)) - Unknown replication type 'STAND_ALONE'. Returning original data size.
2023-09-13 16:03:33,363 [OM StateMachine ApplyTransaction Thread - 0] WARN  helpers.QuotaUtil (QuotaUtil.java:getReplicatedSize(63)) - Unknown replication type 'STAND_ALONE'. Returning original data size.
2023-09-13 16:03:33,363 [OM StateMachine ApplyTransaction Thread - 0] WARN  helpers.QuotaUtil (QuotaUtil.java:getReplicatedSize(63)) - Unknown replication type 'STAND_ALONE'. Returning original data size.
2023-09-13 16:03:33,370 [OM StateMachine ApplyTransaction Thread - 0] WARN  helpers.QuotaUtil (QuotaUtil.java:getReplicatedSize(63)) - Unknown replication type 'STAND_ALONE'. Returning original data size.
2023-09-13 16:03:33,370 [OM StateMachine ApplyTransaction Thread - 0] WARN  helpers.QuotaUtil (QuotaUtil.java:getReplicatedSize(63)) - Unknown replication type 'STAND_ALONE'. Returning original data size.
2023-09-13 16:03:33,373 [OM StateMachine ApplyTransaction Thread - 0] WARN  helpers.QuotaUtil (QuotaUtil.java:getReplicatedSize(63)) - Unknown replication type 'STAND_ALONE'. Returning original data size.
2023-09-13 16:03:33,373 [OM StateMachine ApplyTransaction Thread - 0] WARN  helpers.QuotaUtil (QuotaUtil.java:getReplicatedSize(63)) - Unknown replication type 'STAND_ALONE'. Returning original data size.
2023-09-13 16:03:33,380 [OM StateMachine ApplyTransaction Thread - 0] WARN  helpers.QuotaUtil (QuotaUtil.java:getReplicatedSize(63)) - Unknown replication type 'STAND_ALONE'. Returning original data size.
2023-09-13 16:03:33,380 [OM StateMachine ApplyTransaction Thread - 0] WARN  helpers.QuotaUtil (QuotaUtil.java:getReplicatedSize(63)) - Unknown replication type 'STAND_ALONE'. Returning original data size.
2023-09-13 16:03:33,383 [OM StateMachine ApplyTransaction Thread - 0] WARN  helpers.QuotaUtil (QuotaUtil.java:getReplicatedSize(63)) - Unknown replication type 'STAND_ALONE'. Returning original data size.
2023-09-13 16:03:33,383 [OM StateMachine ApplyTransaction Thread - 0] WARN  helpers.QuotaUtil (QuotaUtil.java:getReplicatedSize(63)) - Unknown replication type 'STAND_ALONE'. Returning original data size.
2023-09-13 16:03:33,390 [OM StateMachine ApplyTransaction Thread - 0] WARN  helpers.QuotaUtil (QuotaUtil.java:getReplicatedSize(63)) - Unknown replication type 'STAND_ALONE'. Returning original data size.
2023-09-13 16:03:33,390 [OM StateMachine ApplyTransaction Thread - 0] WARN  helpers.QuotaUtil (QuotaUtil.java:getReplicatedSize(63)) - Unknown replication type 'STAND_ALONE'. Returning original data size.
2023-09-13 16:03:33,394 [OM StateMachine ApplyTransaction Thread - 0] WARN  helpers.QuotaUtil (QuotaUtil.java:getReplicatedSize(63)) - Unknown replication type 'STAND_ALONE'. Returning original data size.
2023-09-13 16:03:33,394 [OM StateMachine ApplyTransaction Thread - 0] WARN  helpers.QuotaUtil (QuotaUtil.java:getReplicatedSize(63)) - Unknown replication type 'STAND_ALONE'. Returning original data size.
2023-09-13 16:03:33,407 [OM StateMachine ApplyTransaction Thread - 0] WARN  helpers.QuotaUtil (QuotaUtil.java:getReplicatedSize(63)) - Unknown replication type 'STAND_ALONE'. Returning original data size.
2023-09-13 16:03:33,408 [OM StateMachine ApplyTransaction Thread - 0] WARN  helpers.QuotaUtil (QuotaUtil.java:getReplicatedSize(63)) - Unknown replication type 'STAND_ALONE'. Returning original data size.
2023-09-13 16:03:33,411 [OM StateMachine ApplyTransaction Thread - 0] WARN  helpers.QuotaUtil (QuotaUtil.java:getReplicatedSize(63)) - Unknown replication type 'STAND_ALONE'. Returning original data size.
2023-09-13 16:03:33,411 [OM StateMachine ApplyTransaction Thread - 0] WARN  helpers.QuotaUtil (QuotaUtil.java:getReplicatedSize(63)) - Unknown replication type 'STAND_ALONE'. Returning original data size.
2023-09-13 16:03:33,421 [OM StateMachine ApplyTransaction Thread - 0] WARN  helpers.QuotaUtil (QuotaUtil.java:getReplicatedSize(63)) - Unknown replication type 'STAND_ALONE'. Returning original data size.
2023-09-13 16:03:33,421 [OM StateMachine ApplyTransaction Thread - 0] WARN  helpers.QuotaUtil (QuotaUtil.java:getReplicatedSize(63)) - Unknown replication type 'STAND_ALONE'. Returning original data size.
2023-09-13 16:03:33,424 [OM StateMachine ApplyTransaction Thread - 0] WARN  helpers.QuotaUtil (QuotaUtil.java:getReplicatedSize(63)) - Unknown replication type 'STAND_ALONE'. Returning original data size.
2023-09-13 16:03:33,424 [OM StateMachine ApplyTransaction Thread - 0] WARN  helpers.QuotaUtil (QuotaUtil.java:getReplicatedSize(63)) - Unknown replication type 'STAND_ALONE'. Returning original data size.
2023-09-13 16:03:33,434 [OM StateMachine ApplyTransaction Thread - 0] WARN  helpers.QuotaUtil (QuotaUtil.java:getReplicatedSize(63)) - Unknown replication type 'STAND_ALONE'. Returning original data size.
2023-09-13 16:03:33,434 [OM StateMachine ApplyTransaction Thread - 0] WARN  helpers.QuotaUtil (QuotaUtil.java:getReplicatedSize(63)) - Unknown replication type 'STAND_ALONE'. Returning original data size.
2023-09-13 16:03:33,440 [OM StateMachine ApplyTransaction Thread - 0] WARN  helpers.QuotaUtil (QuotaUtil.java:getReplicatedSize(63)) - Unknown replication type 'STAND_ALONE'. Returning original data size.
2023-09-13 16:03:33,440 [OM StateMachine ApplyTransaction Thread - 0] WARN  helpers.QuotaUtil (QuotaUtil.java:getReplicatedSize(63)) - Unknown replication type 'STAND_ALONE'. Returning original data size.
2023-09-13 16:03:33,446 [OM StateMachine ApplyTransaction Thread - 0] WARN  helpers.QuotaUtil (QuotaUtil.java:getReplicatedSize(63)) - Unknown replication type 'STAND_ALONE'. Returning original data size.
2023-09-13 16:03:33,447 [OM StateMachine ApplyTransaction Thread - 0] WARN  helpers.QuotaUtil (QuotaUtil.java:getReplicatedSize(63)) - Unknown replication type 'STAND_ALONE'. Returning original data size.
2023-09-13 16:03:33,453 [OM StateMachine ApplyTransaction Thread - 0] WARN  helpers.QuotaUtil (QuotaUtil.java:getReplicatedSize(63)) - Unknown replication type 'STAND_ALONE'. Returning original data size.
2023-09-13 16:03:33,453 [OM StateMachine ApplyTransaction Thread - 0] WARN  helpers.QuotaUtil (QuotaUtil.java:getReplicatedSize(63)) - Unknown replication type 'STAND_ALONE'. Returning original data size.
2023-09-13 16:03:33,460 [OM StateMachine ApplyTransaction Thread - 0] WARN  helpers.QuotaUtil (QuotaUtil.java:getReplicatedSize(63)) - Unknown replication type 'STAND_ALONE'. Returning original data size.
2023-09-13 16:03:33,460 [OM StateMachine ApplyTransaction Thread - 0] WARN  helpers.QuotaUtil (QuotaUtil.java:getReplicatedSize(63)) - Unknown replication type 'STAND_ALONE'. Returning original data size.
2023-09-13 16:03:33,463 [OM StateMachine ApplyTransaction Thread - 0] WARN  helpers.QuotaUtil (QuotaUtil.java:getReplicatedSize(63)) - Unknown replication type 'STAND_ALONE'. Returning original data size.
2023-09-13 16:03:33,463 [OM StateMachine ApplyTransaction Thread - 0] WARN  helpers.QuotaUtil (QuotaUtil.java:getReplicatedSize(63)) - Unknown replication type 'STAND_ALONE'. Returning original data size.
2023-09-13 16:03:33,469 [OM StateMachine ApplyTransaction Thread - 0] WARN  helpers.QuotaUtil (QuotaUtil.java:getReplicatedSize(63)) - Unknown replication type 'STAND_ALONE'. Returning original data size.
2023-09-13 16:03:33,469 [OM StateMachine ApplyTransaction Thread - 0] WARN  helpers.QuotaUtil (QuotaUtil.java:getReplicatedSize(63)) - Unknown replication type 'STAND_ALONE'. Returning original data size.
2023-09-13 16:03:33,479 [OM StateMachine ApplyTransaction Thread - 0] WARN  helpers.QuotaUtil (QuotaUtil.java:getReplicatedSize(63)) - Unknown replication type 'STAND_ALONE'. Returning original data size.
2023-09-13 16:03:33,479 [OM StateMachine ApplyTransaction Thread - 0] WARN  helpers.QuotaUtil (QuotaUtil.java:getReplicatedSize(63)) - Unknown replication type 'STAND_ALONE'. Returning original data size.
2023-09-13 16:03:33,482 [OM StateMachine ApplyTransaction Thread - 0] WARN  helpers.QuotaUtil (QuotaUtil.java:getReplicatedSize(63)) - Unknown replication type 'STAND_ALONE'. Returning original data size.
2023-09-13 16:03:33,482 [OM StateMachine ApplyTransaction Thread - 0] WARN  helpers.QuotaUtil (QuotaUtil.java:getReplicatedSize(63)) - Unknown replication type 'STAND_ALONE'. Returning original data size.
2023-09-13 16:03:33,492 [OM StateMachine ApplyTransaction Thread - 0] WARN  helpers.QuotaUtil (QuotaUtil.java:getReplicatedSize(63)) - Unknown replication type 'STAND_ALONE'. Returning original data size.
2023-09-13 16:03:33,492 [OM StateMachine ApplyTransaction Thread - 0] WARN  helpers.QuotaUtil (QuotaUtil.java:getReplicatedSize(63)) - Unknown replication type 'STAND_ALONE'. Returning original data size.
2023-09-13 16:03:33,498 [OM StateMachine ApplyTransaction Thread - 0] WARN  helpers.QuotaUtil (QuotaUtil.java:getReplicatedSize(63)) - Unknown replication type 'STAND_ALONE'. Returning original data size.
2023-09-13 16:03:33,498 [OM StateMachine ApplyTransaction Thread - 0] WARN  helpers.QuotaUtil (QuotaUtil.java:getReplicatedSize(63)) - Unknown replication type 'STAND_ALONE'. Returning original data size.
2023-09-13 16:03:33,504 [OM StateMachine ApplyTransaction Thread - 0] WARN  helpers.QuotaUtil (QuotaUtil.java:getReplicatedSize(63)) - Unknown replication type 'STAND_ALONE'. Returning original data size.
2023-09-13 16:03:33,504 [OM StateMachine ApplyTransaction Thread - 0] WARN  helpers.QuotaUtil (QuotaUtil.java:getReplicatedSize(63)) - Unknown replication type 'STAND_ALONE'. Returning original data size.
2023-09-13 16:03:33,507 [OM StateMachine ApplyTransaction Thread - 0] WARN  helpers.QuotaUtil (QuotaUtil.java:getReplicatedSize(63)) - Unknown replication type 'STAND_ALONE'. Returning original data size.
2023-09-13 16:03:33,507 [OM StateMachine ApplyTransaction Thread - 0] WARN  helpers.QuotaUtil (QuotaUtil.java:getReplicatedSize(63)) - Unknown replication type 'STAND_ALONE'. Returning original data size.
2023-09-13 16:03:33,520 [OM StateMachine ApplyTransaction Thread - 0] WARN  helpers.QuotaUtil (QuotaUtil.java:getReplicatedSize(63)) - Unknown replication type 'STAND_ALONE'. Returning original data size.
2023-09-13 16:03:33,520 [OM StateMachine ApplyTransaction Thread - 0] WARN  helpers.QuotaUtil (QuotaUtil.java:getReplicatedSize(63)) - Unknown replication type 'STAND_ALONE'. Returning original data size.
2023-09-13 16:03:33,524 [OM StateMachine ApplyTransaction Thread - 0] WARN  helpers.QuotaUtil (QuotaUtil.java:getReplicatedSize(63)) - Unknown replication type 'STAND_ALONE'. Returning original data size.
2023-09-13 16:03:33,524 [OM StateMachine ApplyTransaction Thread - 0] WARN  helpers.QuotaUtil (QuotaUtil.java:getReplicatedSize(63)) - Unknown replication type 'STAND_ALONE'. Returning original data size.
2023-09-13 16:03:33,530 [OM StateMachine ApplyTransaction Thread - 0] WARN  helpers.QuotaUtil (QuotaUtil.java:getReplicatedSize(63)) - Unknown replication type 'STAND_ALONE'. Returning original data size.
2023-09-13 16:03:33,530 [OM StateMachine ApplyTransaction Thread - 0] WARN  helpers.QuotaUtil (QuotaUtil.java:getReplicatedSize(63)) - Unknown replication type 'STAND_ALONE'. Returning original data size.
2023-09-13 16:03:33,539 [OM StateMachine ApplyTransaction Thread - 0] WARN  helpers.QuotaUtil (QuotaUtil.java:getReplicatedSize(63)) - Unknown replication type 'STAND_ALONE'. Returning original data size.
2023-09-13 16:03:33,539 [OM StateMachine ApplyTransaction Thread - 0] WARN  helpers.QuotaUtil (QuotaUtil.java:getReplicatedSize(63)) - Unknown replication type 'STAND_ALONE'. Returning original data size.
2023-09-13 16:03:33,545 [OM StateMachine ApplyTransaction Thread - 0] WARN  helpers.QuotaUtil (QuotaUtil.java:getReplicatedSize(63)) - Unknown replication type 'STAND_ALONE'. Returning original data size.
2023-09-13 16:03:33,546 [OM StateMachine ApplyTransaction Thread - 0] WARN  helpers.QuotaUtil (QuotaUtil.java:getReplicatedSize(63)) - Unknown replication type 'STAND_ALONE'. Returning original data size.
2023-09-13 16:03:33,563 [OM StateMachine ApplyTransaction Thread - 0] WARN  helpers.QuotaUtil (QuotaUtil.java:getReplicatedSize(63)) - Unknown replication type 'STAND_ALONE'. Returning original data size.
2023-09-13 16:03:33,563 [OM StateMachine ApplyTransaction Thread - 0] WARN  helpers.QuotaUtil (QuotaUtil.java:getReplicatedSize(63)) - Unknown replication type 'STAND_ALONE'. Returning original data size.
2023-09-13 16:03:33,570 [OM StateMachine ApplyTransaction Thread - 0] WARN  helpers.QuotaUtil (QuotaUtil.java:getReplicatedSize(63)) - Unknown replication type 'STAND_ALONE'. Returning original data size.
2023-09-13 16:03:33,570 [OM StateMachine ApplyTransaction Thread - 0] WARN  helpers.QuotaUtil (QuotaUtil.java:getReplicatedSize(63)) - Unknown replication type 'STAND_ALONE'. Returning original data size.
2023-09-13 16:03:33,573 [OM StateMachine ApplyTransaction Thread - 0] WARN  helpers.QuotaUtil (QuotaUtil.java:getReplicatedSize(63)) - Unknown replication type 'STAND_ALONE'. Returning original data size.
2023-09-13 16:03:33,574 [OM StateMachine ApplyTransaction Thread - 0] WARN  helpers.QuotaUtil (QuotaUtil.java:getReplicatedSize(63)) - Unknown replication type 'STAND_ALONE'. Returning original data size.
2023-09-13 16:03:33,581 [OM StateMachine ApplyTransaction Thread - 0] WARN  helpers.QuotaUtil (QuotaUtil.java:getReplicatedSize(63)) - Unknown replication type 'STAND_ALONE'. Returning original data size.
2023-09-13 16:03:33,581 [OM StateMachine ApplyTransaction Thread - 0] WARN  helpers.QuotaUtil (QuotaUtil.java:getReplicatedSize(63)) - Unknown replication type 'STAND_ALONE'. Returning original data size.
2023-09-13 16:03:33,585 [OM StateMachine ApplyTransaction Thread - 0] WARN  helpers.QuotaUtil (QuotaUtil.java:getReplicatedSize(63)) - Unknown replication type 'STAND_ALONE'. Returning original data size.
2023-09-13 16:03:33,585 [OM StateMachine ApplyTransaction Thread - 0] WARN  helpers.QuotaUtil (QuotaUtil.java:getReplicatedSize(63)) - Unknown replication type 'STAND_ALONE'. Returning original data size.
2023-09-13 16:03:33,592 [OM StateMachine ApplyTransaction Thread - 0] WARN  helpers.QuotaUtil (QuotaUtil.java:getReplicatedSize(63)) - Unknown replication type 'STAND_ALONE'. Returning original data size.
2023-09-13 16:03:33,592 [OM StateMachine ApplyTransaction Thread - 0] WARN  helpers.QuotaUtil (QuotaUtil.java:getReplicatedSize(63)) - Unknown replication type 'STAND_ALONE'. Returning original data size.
2023-09-13 16:03:33,595 [OM StateMachine ApplyTransaction Thread - 0] WARN  helpers.QuotaUtil (QuotaUtil.java:getReplicatedSize(63)) - Unknown replication type 'STAND_ALONE'. Returning original data size.
2023-09-13 16:03:33,596 [OM StateMachine ApplyTransaction Thread - 0] WARN  helpers.QuotaUtil (QuotaUtil.java:getReplicatedSize(63)) - Unknown replication type 'STAND_ALONE'. Returning original data size.
2023-09-13 16:03:33,603 [OM StateMachine ApplyTransaction Thread - 0] WARN  helpers.QuotaUtil (QuotaUtil.java:getReplicatedSize(63)) - Unknown replication type 'STAND_ALONE'. Returning original data size.
2023-09-13 16:03:33,603 [OM StateMachine ApplyTransaction Thread - 0] WARN  helpers.QuotaUtil (QuotaUtil.java:getReplicatedSize(63)) - Unknown replication type 'STAND_ALONE'. Returning original data size.
2023-09-13 16:03:33,617 [OM StateMachine ApplyTransaction Thread - 0] WARN  helpers.QuotaUtil (QuotaUtil.java:getReplicatedSize(63)) - Unknown replication type 'STAND_ALONE'. Returning original data size.
2023-09-13 16:03:33,617 [OM StateMachine ApplyTransaction Thread - 0] WARN  helpers.QuotaUtil (QuotaUtil.java:getReplicatedSize(63)) - Unknown replication type 'STAND_ALONE'. Returning original data size.
2023-09-13 16:03:33,620 [OM StateMachine ApplyTransaction Thread - 0] WARN  helpers.QuotaUtil (QuotaUtil.java:getReplicatedSize(63)) - Unknown replication type 'STAND_ALONE'. Returning original data size.
2023-09-13 16:03:33,620 [OM StateMachine ApplyTransaction Thread - 0] WARN  helpers.QuotaUtil (QuotaUtil.java:getReplicatedSize(63)) - Unknown replication type 'STAND_ALONE'. Returning original data size.
2023-09-13 16:03:33,630 [OM StateMachine ApplyTransaction Thread - 0] WARN  helpers.QuotaUtil (QuotaUtil.java:getReplicatedSize(63)) - Unknown replication type 'STAND_ALONE'. Returning original data size.
2023-09-13 16:03:33,630 [OM StateMachine ApplyTransaction Thread - 0] WARN  helpers.QuotaUtil (QuotaUtil.java:getReplicatedSize(63)) - Unknown replication type 'STAND_ALONE'. Returning original data size.
2023-09-13 16:03:33,633 [OM StateMachine ApplyTransaction Thread - 0] WARN  helpers.QuotaUtil (QuotaUtil.java:getReplicatedSize(63)) - Unknown replication type 'STAND_ALONE'. Returning original data size.
2023-09-13 16:03:33,633 [OM StateMachine ApplyTransaction Thread - 0] WARN  helpers.QuotaUtil (QuotaUtil.java:getReplicatedSize(63)) - Unknown replication type 'STAND_ALONE'. Returning original data size.
2023-09-13 16:03:33,640 [OM StateMachine ApplyTransaction Thread - 0] WARN  helpers.QuotaUtil (QuotaUtil.java:getReplicatedSize(63)) - Unknown replication type 'STAND_ALONE'. Returning original data size.
2023-09-13 16:03:33,641 [OM StateMachine ApplyTransaction Thread - 0] WARN  helpers.QuotaUtil (QuotaUtil.java:getReplicatedSize(63)) - Unknown replication type 'STAND_ALONE'. Returning original data size.
2023-09-13 16:03:33,652 [OM StateMachine ApplyTransaction Thread - 0] WARN  helpers.QuotaUtil (QuotaUtil.java:getReplicatedSize(63)) - Unknown replication type 'STAND_ALONE'. Returning original data size.
2023-09-13 16:03:33,652 [OM StateMachine ApplyTransaction Thread - 0] WARN  helpers.QuotaUtil (QuotaUtil.java:getReplicatedSize(63)) - Unknown replication type 'STAND_ALONE'. Returning original data size.
2023-09-13 16:03:33,654 [OM StateMachine ApplyTransaction Thread - 0] WARN  helpers.QuotaUtil (QuotaUtil.java:getReplicatedSize(63)) - Unknown replication type 'STAND_ALONE'. Returning original data size.
2023-09-13 16:03:33,655 [OM StateMachine ApplyTransaction Thread - 0] WARN  helpers.QuotaUtil (QuotaUtil.java:getReplicatedSize(63)) - Unknown replication type 'STAND_ALONE'. Returning original data size.
2023-09-13 16:03:34,081 [main] INFO  om.OzoneManager (OzoneManager.java:stop(2207)) - om1[0.0.0.0:9862]: Stopping Ozone Manager
2023-09-13 16:03:34,081 [main] INFO  ipc.Server (Server.java:stop(3523)) - Stopping server on 9862
2023-09-13 16:03:34,084 [IPC Server Responder] INFO  ipc.Server (Server.java:run(1567)) - Stopping IPC Server Responder
2023-09-13 16:03:34,086 [IPC Server listener on 9862] INFO  ipc.Server (Server.java:run(1434)) - Stopping IPC Server listener on 9862
2023-09-13 16:03:38,103 [main] INFO  om.GrpcOzoneManagerServer (GrpcOzoneManagerServer.java:stop(192)) - Server GrpcOzoneManagerServer is shutdown
2023-09-13 16:03:38,104 [main] INFO  server.RaftServer (RaftServerProxy.java:lambda$close$6(416)) - om1: close
2023-09-13 16:03:38,104 [main] INFO  server.GrpcService (GrpcService.java:closeImpl(311)) - om1: shutdown server GrpcServerProtocolService now
2023-09-13 16:03:38,104 [om1-impl-thread1] INFO  server.RaftServer$Division (RaftServerImpl.java:lambda$close$4(466)) - om1@group-C5BA1605619E: shutdown
2023-09-13 16:03:38,104 [om1-impl-thread1] INFO  util.JmxRegister (JmxRegister.java:unregister(73)) - Successfully un-registered JMX Bean with object name Ratis:service=RaftServer,group=group-C5BA1605619E,id=om1
2023-09-13 16:03:38,104 [om1-impl-thread1] INFO  impl.RoleInfo (RoleInfo.java:shutdownLeaderState(93)) - om1: shutdown om1@group-C5BA1605619E-LeaderStateImpl
2023-09-13 16:03:38,105 [om1-impl-thread1] INFO  impl.PendingRequests (PendingRequests.java:sendNotLeaderResponses(289)) - om1@group-C5BA1605619E-PendingRequests: sendNotLeaderResponses
2023-09-13 16:03:38,107 [om1-impl-thread1] INFO  impl.StateMachineUpdater (StateMachineUpdater.java:stopAndJoin(155)) - om1@group-C5BA1605619E-StateMachineUpdater: set stopIndex = 408
2023-09-13 16:03:38,107 [om1@group-C5BA1605619E-StateMachineUpdater] INFO  ratis.OzoneManagerStateMachine (OzoneManagerStateMachine.java:takeSnapshot(480)) - Current Snapshot Index (t:1, i:408)
2023-09-13 16:03:38,114 [main] INFO  server.GrpcService (GrpcService.java:closeImpl(320)) - om1: shutdown server GrpcServerProtocolService successfully
2023-09-13 16:03:38,124 [om1@group-C5BA1605619E-StateMachineUpdater] INFO  impl.StateMachineUpdater (StateMachineUpdater.java:takeSnapshot(291)) - om1@group-C5BA1605619E-StateMachineUpdater: Took a snapshot at index 408
2023-09-13 16:03:38,124 [om1@group-C5BA1605619E-StateMachineUpdater] INFO  impl.StateMachineUpdater (StateMachineUpdater.java:lambda$new$0(97)) - om1@group-C5BA1605619E-StateMachineUpdater: snapshotIndex: updateIncreasingly -1 -> 408
2023-09-13 16:03:38,124 [om1@group-C5BA1605619E-StateMachineUpdater] INFO  ratis.OzoneManagerStateMachine (OzoneManagerStateMachine.java:close(534)) - StateMachine has shutdown. Shutdown OzoneManager if not already shutdown.
2023-09-13 16:03:38,124 [om1@group-C5BA1605619E-StateMachineUpdater] INFO  ratis.OzoneManagerDoubleBuffer (OzoneManagerDoubleBuffer.java:stopDaemon(551)) - Stopping OMDoubleBuffer flush thread
2023-09-13 16:03:38,125 [OMDoubleBufferFlushThread] INFO  ratis.OzoneManagerDoubleBuffer (OzoneManagerDoubleBuffer.java:canFlush(638)) - OMDoubleBuffer flush thread OMDoubleBufferFlushThread is interrupted and will exit.
2023-09-13 16:03:38,125 [om1-impl-thread1] INFO  server.RaftServer$Division (ServerState.java:close(472)) - om1@group-C5BA1605619E: closes. applyIndex: 408
2023-09-13 16:03:38,938 [om1-impl-thread1] INFO  segmented.SegmentedRaftLogWorker (SegmentedRaftLogWorker.java:close(252)) - om1@group-C5BA1605619E-SegmentedRaftLogWorker close()
2023-09-13 16:03:38,940 [JvmPauseMonitor3] INFO  util.JvmPauseMonitor (JvmPauseMonitor.java:run(109)) - JvmPauseMonitor-om1: Stopped
2023-09-13 16:03:38,940 [main] INFO  ratis.OzoneManagerStateMachine (OzoneManagerStateMachine.java:close(534)) - StateMachine has shutdown. Shutdown OzoneManager if not already shutdown.
2023-09-13 16:03:38,940 [main] INFO  ratis.OzoneManagerDoubleBuffer (OzoneManagerDoubleBuffer.java:stopDaemon(560)) - OMDoubleBuffer flush thread is not running.
2023-09-13 16:03:38,941 [main] INFO  utils.BackgroundService (BackgroundService.java:shutdown(141)) - Shutting down service KeyDeletingService
2023-09-13 16:03:38,941 [main] INFO  utils.BackgroundService (BackgroundService.java:shutdown(141)) - Shutting down service KeyDeletingService
2023-09-13 16:03:38,943 [main] INFO  utils.BackgroundService (BackgroundService.java:shutdown(141)) - Shutting down service OpenKeyCleanupService
2023-09-13 16:03:38,943 [main] INFO  utils.BackgroundService (BackgroundService.java:shutdown(141)) - Shutting down service SstFilteringService
2023-09-13 16:03:38,944 [main] INFO  utils.BackgroundService (BackgroundService.java:shutdown(141)) - Shutting down service SnapshotDeletingService
2023-09-13 16:03:38,944 [main] INFO  om.OzoneManager (OzoneManager.java:stopSecretManager(1071)) - Stopping OM delegation token secret manager.
2023-09-13 16:03:38,945 [main] INFO  handler.ContextHandler (ContextHandler.java:doStop(1159)) - Stopped o.e.j.w.WebAppContext@1bb6b61c{ozoneManager,/,null,STOPPED}{file:/home/runner/work/ozone/ozone/hadoop-ozone/ozone-manager/target/classes/webapps/ozoneManager}
2023-09-13 16:03:38,946 [main] INFO  server.AbstractConnector (AbstractConnector.java:doStop(383)) - Stopped ServerConnector@24ab288c{HTTP/1.1, (http/1.1)}{0.0.0.0:9874}
2023-09-13 16:03:38,947 [main] INFO  server.session (HouseKeeper.java:stopScavenging(149)) - node0 Stopped scavenging
2023-09-13 16:03:38,947 [main] INFO  handler.ContextHandler (ContextHandler.java:doStop(1159)) - Stopped o.e.j.s.ServletContextHandler@3f727390{static,/static,file:///home/runner/work/ozone/ozone/hadoop-ozone/ozone-manager/target/classes/webapps/static,STOPPED}
2023-09-13 16:03:38,947 [main] INFO  handler.ContextHandler (ContextHandler.java:doStop(1159)) - Stopped o.e.j.s.ServletContextHandler@4e2c656a{logs,/logs,file:///home/runner/work/ozone/ozone/hadoop-ozone/ozone-manager/target/log,STOPPED}
2023-09-13 16:03:38,949 [main] INFO  rocksdiff.RocksDBCheckpointDiffer (RocksDBCheckpointDiffer.java:close(343)) - Shutting down CompactionDagPruningService.
2023-09-13 16:03:38,951 [main] INFO  snapshot.SnapshotDiffManager (SnapshotDiffManager.java:closeExecutorService(1706)) - Shutting down executorService: 'SnapDiffExecutor'
2023-09-13 16:03:38,951 [main] INFO  snapshot.SnapshotDiffManager (SnapshotDiffManager.java:closeExecutorService(1706)) - Shutting down executorService: 'SstDumpToolExecutor'
2023-09-13 16:03:38,951 [main] INFO  utils.BackgroundService (BackgroundService.java:shutdown(141)) - Shutting down service SnapshotDiffCleanupService
]]></system-out>
  </testcase>
  <testcase name="testCleanupExpiredOpenKeys(int, int, boolean)[5]" classname="org.apache.hadoop.ozone.om.service.TestOpenKeyCleanupService" time="12.78">
    <failure type="org.opentest4j.AssertionFailedError"><![CDATA[org.opentest4j.AssertionFailedError: expected: <88> but was: <176>
	at org.junit.jupiter.api.AssertionUtils.fail(AssertionUtils.java:55)
	at org.junit.jupiter.api.AssertionUtils.failNotEqual(AssertionUtils.java:62)
	at org.junit.jupiter.api.AssertEquals.assertEquals(AssertEquals.java:166)
	at org.junit.jupiter.api.AssertEquals.assertEquals(AssertEquals.java:161)
	at org.junit.jupiter.api.Assertions.assertEquals(Assertions.java:628)
	at org.apache.hadoop.ozone.om.service.TestOpenKeyCleanupService.testCleanupExpiredOpenKeys(TestOpenKeyCleanupService.java:187)
	at sun.reflect.NativeMethodAccessorImpl.invoke0(Native Method)
	at sun.reflect.NativeMethodAccessorImpl.invoke(NativeMethodAccessorImpl.java:62)
	at sun.reflect.DelegatingMethodAccessorImpl.invoke(DelegatingMethodAccessorImpl.java:43)
	at java.lang.reflect.Method.invoke(Method.java:498)
	at org.junit.platform.commons.util.ReflectionUtils.invokeMethod(ReflectionUtils.java:725)
	at org.junit.jupiter.engine.execution.MethodInvocation.proceed(MethodInvocation.java:60)
	at org.junit.jupiter.engine.execution.InvocationInterceptorChain$ValidatingInvocation.proceed(InvocationInterceptorChain.java:131)
	at org.junit.jupiter.engine.extension.TimeoutInvocation.proceed(TimeoutInvocation.java:46)
	at org.junit.jupiter.engine.extension.TimeoutExtension.intercept(TimeoutExtension.java:149)
	at org.junit.jupiter.engine.extension.TimeoutExtension.interceptTestableMethod(TimeoutExtension.java:140)
	at org.junit.jupiter.engine.extension.TimeoutExtension.interceptTestTemplateMethod(TimeoutExtension.java:92)
	at org.junit.jupiter.engine.execution.ExecutableInvoker$ReflectiveInterceptorCall.lambda$ofVoidMethod$0(ExecutableInvoker.java:115)
	at org.junit.jupiter.engine.execution.ExecutableInvoker.lambda$invoke$0(ExecutableInvoker.java:105)
	at org.junit.jupiter.engine.execution.InvocationInterceptorChain$InterceptedInvocation.proceed(InvocationInterceptorChain.java:106)
	at org.junit.jupiter.engine.execution.InvocationInterceptorChain.proceed(InvocationInterceptorChain.java:64)
	at org.junit.jupiter.engine.execution.InvocationInterceptorChain.chainAndInvoke(InvocationInterceptorChain.java:45)
	at org.junit.jupiter.engine.execution.InvocationInterceptorChain.invoke(InvocationInterceptorChain.java:37)
	at org.junit.jupiter.engine.execution.ExecutableInvoker.invoke(ExecutableInvoker.java:104)
	at org.junit.jupiter.engine.execution.ExecutableInvoker.invoke(ExecutableInvoker.java:98)
	at org.junit.jupiter.engine.descriptor.TestMethodTestDescriptor.lambda$invokeTestMethod$7(TestMethodTestDescriptor.java:214)
	at org.junit.platform.engine.support.hierarchical.ThrowableCollector.execute(ThrowableCollector.java:73)
	at org.junit.jupiter.engine.descriptor.TestMethodTestDescriptor.invokeTestMethod(TestMethodTestDescriptor.java:210)
	at org.junit.jupiter.engine.descriptor.TestMethodTestDescriptor.execute(TestMethodTestDescriptor.java:135)
	at org.junit.jupiter.engine.descriptor.TestMethodTestDescriptor.execute(TestMethodTestDescriptor.java:66)
	at org.junit.platform.engine.support.hierarchical.NodeTestTask.lambda$executeRecursively$6(NodeTestTask.java:151)
	at org.junit.platform.engine.support.hierarchical.ThrowableCollector.execute(ThrowableCollector.java:73)
	at org.junit.platform.engine.support.hierarchical.NodeTestTask.lambda$executeRecursively$8(NodeTestTask.java:141)
	at org.junit.platform.engine.support.hierarchical.Node.around(Node.java:137)
	at org.junit.platform.engine.support.hierarchical.NodeTestTask.lambda$executeRecursively$9(NodeTestTask.java:139)
	at org.junit.platform.engine.support.hierarchical.ThrowableCollector.execute(ThrowableCollector.java:73)
	at org.junit.platform.engine.support.hierarchical.NodeTestTask.executeRecursively(NodeTestTask.java:138)
	at org.junit.platform.engine.support.hierarchical.NodeTestTask.execute(NodeTestTask.java:95)
	at org.junit.platform.engine.support.hierarchical.SameThreadHierarchicalTestExecutorService.submit(SameThreadHierarchicalTestExecutorService.java:35)
	at org.junit.platform.engine.support.hierarchical.NodeTestTask$DefaultDynamicTestExecutor.execute(NodeTestTask.java:226)
	at org.junit.platform.engine.support.hierarchical.NodeTestTask$DefaultDynamicTestExecutor.execute(NodeTestTask.java:204)
	at org.junit.jupiter.engine.descriptor.TestTemplateTestDescriptor.execute(TestTemplateTestDescriptor.java:139)
	at org.junit.jupiter.engine.descriptor.TestTemplateTestDescriptor.lambda$execute$2(TestTemplateTestDescriptor.java:107)
	at java.util.stream.ForEachOps$ForEachOp$OfRef.accept(ForEachOps.java:183)
	at java.util.stream.ReferencePipeline$3$1.accept(ReferencePipeline.java:193)
	at java.util.stream.ReferencePipeline$2$1.accept(ReferencePipeline.java:175)
	at java.util.stream.ReferencePipeline$3$1.accept(ReferencePipeline.java:193)
	at java.util.stream.ForEachOps$ForEachOp$OfRef.accept(ForEachOps.java:183)
	at java.util.stream.ReferencePipeline$3$1.accept(ReferencePipeline.java:193)
	at java.util.stream.ReferencePipeline$3$1.accept(ReferencePipeline.java:193)
	at java.util.stream.ReferencePipeline$3$1.accept(ReferencePipeline.java:193)
	at java.util.ArrayList$ArrayListSpliterator.forEachRemaining(ArrayList.java:1384)
	at java.util.stream.ReferencePipeline$Head.forEach(ReferencePipeline.java:647)
	at java.util.stream.ReferencePipeline$7$1.accept(ReferencePipeline.java:272)
	at java.util.stream.ReferencePipeline$3$1.accept(ReferencePipeline.java:193)
	at java.util.stream.ReferencePipeline$3$1.accept(ReferencePipeline.java:193)
	at java.util.stream.ReferencePipeline$3$1.accept(ReferencePipeline.java:193)
	at java.util.ArrayList$ArrayListSpliterator.forEachRemaining(ArrayList.java:1384)
	at java.util.stream.AbstractPipeline.copyInto(AbstractPipeline.java:482)
	at java.util.stream.AbstractPipeline.wrapAndCopyInto(AbstractPipeline.java:472)
	at java.util.stream.ForEachOps$ForEachOp.evaluateSequential(ForEachOps.java:150)
	at java.util.stream.ForEachOps$ForEachOp$OfRef.evaluateSequential(ForEachOps.java:173)
	at java.util.stream.AbstractPipeline.evaluate(AbstractPipeline.java:234)
	at java.util.stream.ReferencePipeline.forEach(ReferencePipeline.java:485)
	at java.util.stream.ReferencePipeline$7$1.accept(ReferencePipeline.java:272)
	at java.util.ArrayList$ArrayListSpliterator.forEachRemaining(ArrayList.java:1384)
	at java.util.stream.AbstractPipeline.copyInto(AbstractPipeline.java:482)
	at java.util.stream.AbstractPipeline.wrapAndCopyInto(AbstractPipeline.java:472)
	at java.util.stream.ForEachOps$ForEachOp.evaluateSequential(ForEachOps.java:150)
	at java.util.stream.ForEachOps$ForEachOp$OfRef.evaluateSequential(ForEachOps.java:173)
	at java.util.stream.AbstractPipeline.evaluate(AbstractPipeline.java:234)
	at java.util.stream.ReferencePipeline.forEach(ReferencePipeline.java:485)
	at org.junit.jupiter.engine.descriptor.TestTemplateTestDescriptor.execute(TestTemplateTestDescriptor.java:107)
	at org.junit.jupiter.engine.descriptor.TestTemplateTestDescriptor.execute(TestTemplateTestDescriptor.java:42)
	at org.junit.platform.engine.support.hierarchical.NodeTestTask.lambda$executeRecursively$6(NodeTestTask.java:151)
	at org.junit.platform.engine.support.hierarchical.ThrowableCollector.execute(ThrowableCollector.java:73)
	at org.junit.platform.engine.support.hierarchical.NodeTestTask.lambda$executeRecursively$8(NodeTestTask.java:141)
	at org.junit.platform.engine.support.hierarchical.Node.around(Node.java:137)
	at org.junit.platform.engine.support.hierarchical.NodeTestTask.lambda$executeRecursively$9(NodeTestTask.java:139)
	at org.junit.platform.engine.support.hierarchical.ThrowableCollector.execute(ThrowableCollector.java:73)
	at org.junit.platform.engine.support.hierarchical.NodeTestTask.executeRecursively(NodeTestTask.java:138)
	at org.junit.platform.engine.support.hierarchical.NodeTestTask.execute(NodeTestTask.java:95)
	at java.util.ArrayList.forEach(ArrayList.java:1259)
	at org.junit.platform.engine.support.hierarchical.SameThreadHierarchicalTestExecutorService.invokeAll(SameThreadHierarchicalTestExecutorService.java:41)
	at org.junit.platform.engine.support.hierarchical.NodeTestTask.lambda$executeRecursively$6(NodeTestTask.java:155)
	at org.junit.platform.engine.support.hierarchical.ThrowableCollector.execute(ThrowableCollector.java:73)
	at org.junit.platform.engine.support.hierarchical.NodeTestTask.lambda$executeRecursively$8(NodeTestTask.java:141)
	at org.junit.platform.engine.support.hierarchical.Node.around(Node.java:137)
	at org.junit.platform.engine.support.hierarchical.NodeTestTask.lambda$executeRecursively$9(NodeTestTask.java:139)
	at org.junit.platform.engine.support.hierarchical.ThrowableCollector.execute(ThrowableCollector.java:73)
	at org.junit.platform.engine.support.hierarchical.NodeTestTask.executeRecursively(NodeTestTask.java:138)
	at org.junit.platform.engine.support.hierarchical.NodeTestTask.execute(NodeTestTask.java:95)
	at java.util.ArrayList.forEach(ArrayList.java:1259)
	at org.junit.platform.engine.support.hierarchical.SameThreadHierarchicalTestExecutorService.invokeAll(SameThreadHierarchicalTestExecutorService.java:41)
	at org.junit.platform.engine.support.hierarchical.NodeTestTask.lambda$executeRecursively$6(NodeTestTask.java:155)
	at org.junit.platform.engine.support.hierarchical.ThrowableCollector.execute(ThrowableCollector.java:73)
	at org.junit.platform.engine.support.hierarchical.NodeTestTask.lambda$executeRecursively$8(NodeTestTask.java:141)
	at org.junit.platform.engine.support.hierarchical.Node.around(Node.java:137)
	at org.junit.platform.engine.support.hierarchical.NodeTestTask.lambda$executeRecursively$9(NodeTestTask.java:139)
	at org.junit.platform.engine.support.hierarchical.ThrowableCollector.execute(ThrowableCollector.java:73)
	at org.junit.platform.engine.support.hierarchical.NodeTestTask.executeRecursively(NodeTestTask.java:138)
	at org.junit.platform.engine.support.hierarchical.NodeTestTask.execute(NodeTestTask.java:95)
	at org.junit.platform.engine.support.hierarchical.SameThreadHierarchicalTestExecutorService.submit(SameThreadHierarchicalTestExecutorService.java:35)
	at org.junit.platform.engine.support.hierarchical.HierarchicalTestExecutor.execute(HierarchicalTestExecutor.java:57)
	at org.junit.platform.engine.support.hierarchical.HierarchicalTestEngine.execute(HierarchicalTestEngine.java:54)
	at org.junit.platform.launcher.core.EngineExecutionOrchestrator.execute(EngineExecutionOrchestrator.java:107)
	at org.junit.platform.launcher.core.EngineExecutionOrchestrator.execute(EngineExecutionOrchestrator.java:88)
	at org.junit.platform.launcher.core.EngineExecutionOrchestrator.lambda$execute$0(EngineExecutionOrchestrator.java:54)
	at org.junit.platform.launcher.core.EngineExecutionOrchestrator.withInterceptedStreams(EngineExecutionOrchestrator.java:67)
	at org.junit.platform.launcher.core.EngineExecutionOrchestrator.execute(EngineExecutionOrchestrator.java:52)
	at org.junit.platform.launcher.core.DefaultLauncher.execute(DefaultLauncher.java:114)
	at org.junit.platform.launcher.core.DefaultLauncher.execute(DefaultLauncher.java:86)
	at org.junit.platform.launcher.core.DefaultLauncherSession$DelegatingLauncher.execute(DefaultLauncherSession.java:86)
	at org.junit.platform.launcher.core.SessionPerRequestLauncher.execute(SessionPerRequestLauncher.java:53)
	at org.apache.maven.surefire.junitplatform.JUnitPlatformProvider.execute(JUnitPlatformProvider.java:188)
	at org.apache.maven.surefire.junitplatform.JUnitPlatformProvider.invokeAllTests(JUnitPlatformProvider.java:154)
	at org.apache.maven.surefire.junitplatform.JUnitPlatformProvider.invoke(JUnitPlatformProvider.java:124)
	at org.apache.maven.surefire.booter.ForkedBooter.runSuitesInProcess(ForkedBooter.java:428)
	at org.apache.maven.surefire.booter.ForkedBooter.execute(ForkedBooter.java:162)
	at org.apache.maven.surefire.booter.ForkedBooter.run(ForkedBooter.java:562)
	at org.apache.maven.surefire.booter.ForkedBooter.main(ForkedBooter.java:548)
]]></failure>
    <system-out><![CDATA[2023-09-13 16:03:38,970 [main] WARN  server.ServerUtils (ServerUtils.java:getDBPath(311)) - ozone.om.db.dirs is not configured. We recommend adding this setting. Falling back to ozone.metadata.dirs instead.
2023-09-13 16:03:38,972 [main] INFO  ha.OMHANodeDetails (OMHANodeDetails.java:loadOMHAConfig(115)) - ozone.om.internal.service.id is not defined, falling back to ozone.om.service.ids to find serviceID for OzoneManager if it is HA enabled cluster
2023-09-13 16:03:38,972 [main] INFO  ha.OMHANodeDetails (OMHANodeDetails.java:loadOMHAConfig(226)) - Configuration does not have ozone.om.address set. Falling back to the default OM address /0.0.0.0:9862
2023-09-13 16:03:38,972 [main] INFO  ha.OMHANodeDetails (OMHANodeDetails.java:getOMNodeDetailsForNonHA(254)) - OM Service ID is not set. Setting it to the default ID: omServiceIdDefault
2023-09-13 16:03:38,973 [main] INFO  ha.OMHANodeDetails (OMHANodeDetails.java:getOMNodeDetailsForNonHA(261)) - OM Node ID is not set. Setting it to the default ID: om1
2023-09-13 16:03:38,973 [main] WARN  server.ServerUtils (ServerUtils.java:getDBPath(311)) - ozone.om.db.dirs is not configured. We recommend adding this setting. Falling back to ozone.metadata.dirs instead.
2023-09-13 16:03:38,974 [main] INFO  upgrade.AbstractLayoutVersionManager (AbstractLayoutVersionManager.java:init(83)) - Initializing Layout version manager with metadata layout = QUOTA (version = 6), software layout = QUOTA (version = 6)
2023-09-13 16:03:39,015 [main] INFO  reflections.Reflections (Reflections.java:scan(232)) - Reflections took 40 ms to scan 2 urls, producing 187 keys and 515 values [using 2 cores]
2023-09-13 16:03:39,016 [main] INFO  upgrade.OMLayoutVersionManager (OMLayoutVersionManager.java:lambda$0(115)) - Skipping Upgrade Action QuotaRepairUpgradeAction since it has been finalized.
2023-09-13 16:03:39,016 [main] INFO  upgrade.OMLayoutVersionManager (OMLayoutVersionManager.java:lambda$0(115)) - Skipping Upgrade Action MockOmUpgradeAction since it has been finalized.
2023-09-13 16:03:39,016 [main] WARN  server.ServerUtils (ServerUtils.java:getDBPath(311)) - ozone.om.db.dirs is not configured. We recommend adding this setting. Falling back to ozone.metadata.dirs instead.
2023-09-13 16:03:39,017 [main] INFO  proxy.SCMBlockLocationFailoverProxyProvider (SCMBlockLocationFailoverProxyProvider.java:<init>(114)) - Created block location fail-over proxy with 1 nodes: [nodeId=scmNodeId,nodeAddress=/127.0.0.1:9863]
2023-09-13 16:03:39,021 [main] INFO  om.OzoneManager (OzoneManager.java:<init>(665)) - OM start with adminUsers: [runner]
2023-09-13 16:03:39,021 [main] WARN  server.ServerUtils (ServerUtils.java:getDBPath(311)) - ozone.om.db.dirs is not configured. We recommend adding this setting. Falling back to ozone.metadata.dirs instead.
2023-09-13 16:03:39,022 [main] INFO  helpers.OmKeyInfo (OmKeyInfo.java:getCodec(71)) - OmKeyInfo.getCodec ignorePipeline = true
2023-09-13 16:03:39,189 [main] INFO  om.OzoneManager (OzoneManager.java:instantiateServices(794)) - S3 Multi-Tenancy is disabled
2023-09-13 16:03:39,189 [main] INFO  security.OzoneSecretStore (OzoneSecretStore.java:loadState(69)) - Loaded 0 tokens
2023-09-13 16:03:39,189 [main] INFO  security.OzoneDelegationTokenSecretManager (OzoneDelegationTokenSecretManager.java:loadTokenSecretState(530)) - Loading token state into token manager.
2023-09-13 16:03:39,190 [main] INFO  om.OmSnapshotManager (OmSnapshotManager.java:<init>(174)) - Ozone filesystem snapshot feature is enabled.
2023-09-13 16:03:39,190 [main] WARN  server.ServerUtils (ServerUtils.java:getDBPath(311)) - ozone.om.snapshot.diff.db.dir is not configured. We recommend adding this setting. Falling back to ozone.metadata.dirs instead.
2023-09-13 16:03:39,212 [main] INFO  snapshot.SnapshotDiffManager (SnapshotDiffManager.java:closeExecutorService(1706)) - Shutting down executorService: 'SstDumpToolExecutor'
2023-09-13 16:03:39,213 [main] INFO  om.OzoneManager (OzoneManager.java:addS3GVolumeToDB(4305)) - Created Volume s3v With Owner runner required for S3Gateway operations.
2023-09-13 16:03:39,213 [main] WARN  server.ServerUtils (ServerUtils.java:getDefaultRatisDirectory(323)) - Storage directory for Ratis is not configured. It is a good idea to map this to an SSD disk. Falling back to ozone.metadata.dirs
2023-09-13 16:03:39,213 [main] WARN  utils.OzoneManagerRatisUtils (OzoneManagerRatisUtils.java:getOMRatisSnapshotDirectory(464)) - ozone.om.ratis.snapshot.dir is not configured. Falling back to ozone.metadata.dirs config
2023-09-13 16:03:39,214 [main] WARN  server.ServerUtils (ServerUtils.java:getDefaultRatisDirectory(323)) - Storage directory for Ratis is not configured. It is a good idea to map this to an SSD disk. Falling back to ozone.metadata.dirs
2023-09-13 16:03:39,215 [main] INFO  ratis.OzoneManagerRatisServer (OzoneManagerRatisServer.java:<init>(163)) - Instantiating OM Ratis server with groupID: omServiceIdDefault and peers: 0.0.0.0:9872
2023-09-13 16:03:39,215 [main] INFO  ratis.OzoneManagerStateMachine (OzoneManagerStateMachine.java:loadSnapshotInfoFromDB(687)) - LastAppliedIndex is set from TransactionInfo from OM DB as (t:0, i:~)
2023-09-13 16:03:39,218 [main] INFO  server.RaftServer (ConfUtils.java:logGet(46)) - raft.rpc.type = GRPC (default)
2023-09-13 16:03:39,219 [main] INFO  grpc.GrpcConfigKeys (ConfUtils.java:logFallback(53)) - raft.grpc.admin.host = null (fallback to raft.grpc.server.host)
2023-09-13 16:03:39,219 [main] INFO  grpc.GrpcConfigKeys (ConfUtils.java:logFallback(53)) - raft.grpc.admin.port = 9872 (fallback to raft.grpc.server.port)
2023-09-13 16:03:39,219 [main] INFO  grpc.GrpcConfigKeys (ConfUtils.java:logFallback(53)) - raft.grpc.client.host = null (fallback to raft.grpc.server.host)
2023-09-13 16:03:39,219 [main] INFO  grpc.GrpcConfigKeys (ConfUtils.java:logFallback(53)) - raft.grpc.client.port = 9872 (fallback to raft.grpc.server.port)
2023-09-13 16:03:39,219 [main] INFO  grpc.GrpcConfigKeys (ConfUtils.java:logGet(46)) - raft.grpc.server.host = null (default)
2023-09-13 16:03:39,220 [main] INFO  grpc.GrpcConfigKeys (ConfUtils.java:logGet(46)) - raft.grpc.server.port = 9872 (custom)
2023-09-13 16:03:39,220 [main] INFO  server.GrpcService (ConfUtils.java:logGet(46)) - raft.grpc.message.size.max = 33554432 (custom)
2023-09-13 16:03:39,220 [main] INFO  server.RaftServerConfigKeys (ConfUtils.java:logGet(46)) - raft.server.log.appender.buffer.byte-limit = 33554432 (custom)
2023-09-13 16:03:39,220 [main] INFO  server.GrpcService (ConfUtils.java:logGet(46)) - raft.grpc.flow.control.window = 1MB (=1048576) (default)
2023-09-13 16:03:39,220 [main] INFO  server.RaftServerConfigKeys (ConfUtils.java:logGet(46)) - raft.server.rpc.request.timeout = 3000ms (default)
2023-09-13 16:03:39,220 [main] INFO  grpc.GrpcConfigKeys (ConfUtils.java:logGet(46)) - raft.grpc.server.heartbeat.channel = true (default)
2023-09-13 16:03:39,221 [main] INFO  grpc.GrpcConfigKeys (ConfUtils.java:logGet(46)) - raft.grpc.server.async.request.thread.pool.cached = true (default)
2023-09-13 16:03:39,221 [main] INFO  grpc.GrpcConfigKeys (ConfUtils.java:logGet(46)) - raft.grpc.server.async.request.thread.pool.size = 32 (default)
2023-09-13 16:03:39,222 [main] INFO  impl.DataStreamServerImpl (ConfUtils.java:logGet(46)) - raft.datastream.type = DISABLED (default)
2023-09-13 16:03:39,223 [main] INFO  server.RaftServerConfigKeys (ConfUtils.java:logGet(46)) - raft.server.threadpool.proxy.cached = true (default)
2023-09-13 16:03:39,223 [main] INFO  server.RaftServerConfigKeys (ConfUtils.java:logGet(46)) - raft.server.threadpool.proxy.size = 0 (default)
2023-09-13 16:03:39,223 [main] INFO  server.RaftServerConfigKeys (ConfUtils.java:logGet(46)) - raft.server.rpc.slowness.timeout = 120s (custom)
2023-09-13 16:03:39,223 [main] INFO  server.RaftServerConfigKeys (ConfUtils.java:logGet(46)) - raft.server.leaderelection.leader.step-down.wait-time = 10s (default)
2023-09-13 16:03:39,223 [main] INFO  server.RaftServerConfigKeys (ConfUtils.java:logGet(46)) - raft.server.storage.dir = [/tmp/junit3345879897430460317/ratis] (custom)
2023-09-13 16:03:39,224 [main] INFO  server.RaftServer (RaftServerProxy.java:addNew(98)) - om1: addNew group-C5BA1605619E:[om1|rpc:0.0.0.0:9872|priority:0|startupRole:FOLLOWER] returns group-C5BA1605619E:java.util.concurrent.CompletableFuture@2f10bd06[Not completed]
2023-09-13 16:03:39,224 [main] INFO  om.OzoneManager (OzoneManager.java:initializeRatisServer(2148)) - OzoneManager Ratis server initialized at port 9872
2023-09-13 16:03:39,224 [om1-groupManagement] INFO  server.RaftServer$Division (RaftServerImpl.java:<init>(198)) - om1: new RaftServerImpl for group-C5BA1605619E:[om1|rpc:0.0.0.0:9872|priority:0|startupRole:FOLLOWER] with OzoneManagerStateMachine:uninitialized
2023-09-13 16:03:39,224 [main] INFO  om.OzoneManager (OzoneManager.java:getRpcServer(1196)) - Creating RPC Server
2023-09-13 16:03:39,225 [om1-groupManagement] INFO  server.RaftServerConfigKeys (ConfUtils.java:logGet(46)) - raft.server.rpc.timeout.min = 5s (custom)
2023-09-13 16:03:39,225 [om1-groupManagement] INFO  server.RaftServerConfigKeys (ConfUtils.java:logGet(46)) - raft.server.rpc.timeout.max = 5200ms (custom)
2023-09-13 16:03:39,227 [om1-groupManagement] INFO  server.RaftServerConfigKeys (ConfUtils.java:logGet(46)) - raft.server.rpc.sleep.time = 25ms (default)
2023-09-13 16:03:39,227 [om1-groupManagement] INFO  server.RaftServerConfigKeys (ConfUtils.java:logGet(46)) - raft.server.rpc.slowness.timeout = 120s (custom)
2023-09-13 16:03:39,227 [om1-groupManagement] INFO  server.RaftServerConfigKeys (ConfUtils.java:logGet(46)) - raft.server.leaderelection.leader.step-down.wait-time = 10s (default)
2023-09-13 16:03:39,227 [om1-groupManagement] INFO  server.RaftServerConfigKeys (ConfUtils.java:logGet(46)) - raft.server.sleep.deviation.threshold = 300ms (default)
2023-09-13 16:03:39,227 [om1-groupManagement] INFO  server.RaftServer$Division (ServerState.java:<init>(120)) - om1@group-C5BA1605619E: ConfigurationManager, init=-1: peers:[om1|rpc:0.0.0.0:9872|priority:0|startupRole:FOLLOWER]|listeners:[], old=null, confs=<EMPTY_MAP>
2023-09-13 16:03:39,227 [om1-groupManagement] INFO  server.RaftServerConfigKeys (ConfUtils.java:logGet(46)) - raft.server.storage.dir = [/tmp/junit3345879897430460317/ratis] (custom)
2023-09-13 16:03:39,227 [om1-groupManagement] INFO  server.RaftServerConfigKeys (ConfUtils.java:logGet(46)) - raft.server.log.corruption.policy = EXCEPTION (default)
2023-09-13 16:03:39,227 [om1-groupManagement] INFO  server.RaftServerConfigKeys (ConfUtils.java:logGet(46)) - raft.server.storage.free-space.min = 0MB (=0) (default)
2023-09-13 16:03:39,227 [om1-groupManagement] INFO  server.RaftServerConfigKeys (ConfUtils.java:logGet(46)) - raft.server.notification.no-leader.timeout = 120s (custom)
2023-09-13 16:03:39,227 [om1-groupManagement] INFO  server.RaftServerConfigKeys (ConfUtils.java:logGet(46)) - raft.server.read.timeout = 10s (default)
2023-09-13 16:03:39,227 [om1-groupManagement] INFO  server.RaftServerConfigKeys (ConfUtils.java:logGet(46)) - raft.server.retrycache.expirytime = 300s (custom)
2023-09-13 16:03:39,227 [om1-groupManagement] INFO  server.RaftServerConfigKeys (ConfUtils.java:logGet(46)) - raft.server.retrycache.statistics.expirytime = 100μs (default)
2023-09-13 16:03:39,227 [om1-groupManagement] INFO  server.RaftServerConfigKeys (ConfUtils.java:logGet(46)) - raft.server.read.option = DEFAULT (default)
2023-09-13 16:03:39,228 [om1-groupManagement] INFO  server.RaftServerConfigKeys (ConfUtils.java:logGet(46)) - raft.server.rpc.request.timeout = 3000ms (default)
2023-09-13 16:03:39,228 [om1-groupManagement] INFO  server.RaftServerConfigKeys (ConfUtils.java:logGet(46)) - raft.server.log.appender.install.snapshot.enabled = false (custom)
2023-09-13 16:03:39,228 [om1-groupManagement] INFO  server.RaftServerConfigKeys (ConfUtils.java:logGet(46)) - raft.server.threadpool.server.cached = true (default)
2023-09-13 16:03:39,228 [om1-groupManagement] INFO  server.RaftServerConfigKeys (ConfUtils.java:logGet(46)) - raft.server.threadpool.server.size = 0 (default)
2023-09-13 16:03:39,228 [om1-groupManagement] INFO  server.RaftServerConfigKeys (ConfUtils.java:logGet(46)) - raft.server.threadpool.client.cached = true (default)
2023-09-13 16:03:39,228 [om1-groupManagement] INFO  server.RaftServerConfigKeys (ConfUtils.java:logGet(46)) - raft.server.threadpool.client.size = 0 (default)
2023-09-13 16:03:39,424 [main] INFO  reflections.Reflections (Reflections.java:scan(232)) - Reflections took 198 ms to scan 12 urls, producing 50 keys and 2980 values [using 2 cores]
2023-09-13 16:03:39,426 [main] INFO  ipc.CallQueueManager (CallQueueManager.java:<init>(90)) - Using callQueue: class java.util.concurrent.LinkedBlockingQueue, queueCapacity: 10000, scheduler: class org.apache.hadoop.ipc.DefaultRpcScheduler, ipcBackoff: false.
2023-09-13 16:03:39,430 [main] INFO  ipc.Server (Server.java:<init>(1287)) - Listener at 0.0.0.0:9862
2023-09-13 16:03:39,430 [Socket Reader #1 for port 9862] INFO  ipc.Server (Server.java:run(1323)) - Starting Socket Reader #1 for port 9862
2023-09-13 16:03:39,451 [main] INFO  impl.MetricsSystemImpl (MetricsSystemImpl.java:init(158)) - OzoneManager metrics system started (again)
2023-09-13 16:03:39,458 [main] INFO  om.OzoneManager (OzoneManager.java:start(1633)) - OzoneManager RPC server is listening at /0.0.0.0:9862
2023-09-13 16:03:39,458 [main] INFO  ratis.OzoneManagerRatisServer (OzoneManagerRatisServer.java:start(558)) - Starting OzoneManagerRatisServer om1 at port 9872
2023-09-13 16:03:39,458 [om1-impl-thread1] INFO  storage.RaftStorageDirectory (RaftStorageDirectoryImpl.java:analyzeStorage(137)) - The storage directory /tmp/junit3345879897430460317/ratis/bf265839-605b-3f16-9796-c5ba1605619e does not exist. Creating ...
2023-09-13 16:03:39,459 [om1-impl-thread1] INFO  storage.RaftStorageDirectory (RaftStorageDirectoryImpl.java:tryLock(231)) - Lock on /tmp/junit3345879897430460317/ratis/bf265839-605b-3f16-9796-c5ba1605619e/in_use.lock acquired by nodename 188718@fv-az937-94
2023-09-13 16:03:39,460 [om1-impl-thread1] INFO  storage.RaftStorage (RaftStorageImpl.java:format(96)) - Storage directory /tmp/junit3345879897430460317/ratis/bf265839-605b-3f16-9796-c5ba1605619e has been successfully formatted.
2023-09-13 16:03:39,461 [om1-impl-thread1] INFO  server.RaftServerConfigKeys (ConfUtils.java:logGet(46)) - raft.server.log.use.memory = false (default)
2023-09-13 16:03:39,461 [om1-impl-thread1] INFO  server.RaftServerConfigKeys (ConfUtils.java:logGet(46)) - raft.server.log.purge.gap = 1000000 (custom)
2023-09-13 16:03:39,461 [om1-impl-thread1] INFO  server.RaftServerConfigKeys (ConfUtils.java:logGet(46)) - raft.server.log.appender.buffer.byte-limit = 33554432 (custom)
2023-09-13 16:03:39,461 [om1-impl-thread1] INFO  server.RaftServerConfigKeys (ConfUtils.java:logGet(46)) - raft.server.log.statemachine.data.read.timeout = 1000ms (default)
2023-09-13 16:03:39,461 [om1-impl-thread1] INFO  server.RaftServerConfigKeys (ConfUtils.java:logGet(46)) - raft.server.log.purge.preservation.log.num = 0 (default)
2023-09-13 16:03:39,461 [om1-impl-thread1] INFO  server.RaftServerConfigKeys (ConfUtils.java:logGet(46)) - raft.server.log.segment.size.max = 4194304 (custom)
2023-09-13 16:03:39,461 [om1-impl-thread1] INFO  server.RaftServerConfigKeys (ConfUtils.java:logGet(46)) - raft.server.log.segment.cache.num.max = 2 (custom)
2023-09-13 16:03:39,461 [om1-impl-thread1] INFO  server.RaftServerConfigKeys (ConfUtils.java:logGet(46)) - raft.server.log.segment.cache.size.max = 200MB (=209715200) (default)
2023-09-13 16:03:39,461 [om1-impl-thread1] INFO  server.RaftServerConfigKeys (ConfUtils.java:logGet(46)) - raft.server.log.appender.buffer.byte-limit = 33554432 (custom)
2023-09-13 16:03:39,461 [om1-impl-thread1] INFO  segmented.SegmentedRaftLogWorker (SegmentedRaftLogWorker.java:<init>(188)) - new om1@group-C5BA1605619E-SegmentedRaftLogWorker for RaftStorageImpl:Storage Directory /tmp/junit3345879897430460317/ratis/bf265839-605b-3f16-9796-c5ba1605619e
2023-09-13 16:03:39,462 [om1-impl-thread1] INFO  server.RaftServerConfigKeys (ConfUtils.java:logGet(46)) - raft.server.log.queue.byte-limit = 64MB (=67108864) (default)
2023-09-13 16:03:39,462 [om1-impl-thread1] INFO  server.RaftServerConfigKeys (ConfUtils.java:logGet(46)) - raft.server.log.queue.element-limit = 4096 (default)
2023-09-13 16:03:39,462 [om1-impl-thread1] INFO  server.RaftServerConfigKeys (ConfUtils.java:logGet(46)) - raft.server.log.segment.size.max = 4194304 (custom)
2023-09-13 16:03:39,462 [om1-impl-thread1] INFO  server.RaftServerConfigKeys (ConfUtils.java:logGet(46)) - raft.server.log.preallocated.size = 4194304 (custom)
2023-09-13 16:03:39,462 [om1-impl-thread1] INFO  server.RaftServerConfigKeys (ConfUtils.java:logGet(46)) - raft.server.log.force.sync.num = 128 (default)
2023-09-13 16:03:39,462 [om1-impl-thread1] INFO  server.RaftServerConfigKeys (ConfUtils.java:logGet(46)) - raft.server.log.statemachine.data.sync = true (default)
2023-09-13 16:03:39,462 [om1-impl-thread1] INFO  server.RaftServerConfigKeys (ConfUtils.java:logGet(46)) - raft.server.log.statemachine.data.sync.timeout = 10s (default)
2023-09-13 16:03:39,462 [om1-impl-thread1] INFO  server.RaftServerConfigKeys (ConfUtils.java:logGet(46)) - raft.server.log.statemachine.data.sync.timeout.retry = -1 (default)
2023-09-13 16:03:39,462 [om1-impl-thread1] INFO  server.RaftServerConfigKeys (ConfUtils.java:logGet(46)) - raft.server.log.write.buffer.size = 64KB (=65536) (default)
2023-09-13 16:03:39,462 [om1-impl-thread1] INFO  server.RaftServerConfigKeys (ConfUtils.java:logGet(46)) - raft.server.log.appender.buffer.byte-limit = 33554432 (custom)
2023-09-13 16:03:39,467 [om1-impl-thread1] INFO  server.RaftServerConfigKeys (ConfUtils.java:logGet(46)) - raft.server.log.unsafe-flush.enabled = false (default)
2023-09-13 16:03:39,467 [om1-impl-thread1] INFO  server.RaftServerConfigKeys (ConfUtils.java:logGet(46)) - raft.server.log.async-flush.enabled = false (default)
2023-09-13 16:03:39,467 [om1-impl-thread1] INFO  server.RaftServerConfigKeys (ConfUtils.java:logGet(46)) - raft.server.log.statemachine.data.caching.enabled = false (default)
2023-09-13 16:03:39,467 [om1-impl-thread1] INFO  segmented.SegmentedRaftLogWorker (SegmentedRaftLogWorker.java:lambda$new$0(135)) - om1@group-C5BA1605619E-SegmentedRaftLogWorker: flushIndex: setUnconditionally 0 -> -1
2023-09-13 16:03:39,467 [om1-impl-thread1] INFO  segmented.SegmentedRaftLogWorker (SegmentedRaftLogWorker.java:lambda$new$0(135)) - om1@group-C5BA1605619E-SegmentedRaftLogWorker: safeCacheEvictIndex: setUnconditionally 0 -> -1
2023-09-13 16:03:39,473 [om1-impl-thread1] INFO  server.RaftServer$Division (RaftServerImpl.java:start(342)) - om1@group-C5BA1605619E: start as a follower, conf=-1: peers:[om1|rpc:0.0.0.0:9872|priority:0|startupRole:FOLLOWER]|listeners:[], old=null
2023-09-13 16:03:39,474 [om1-impl-thread1] INFO  server.RaftServer$Division (RaftServerImpl.java:setRole(329)) - om1@group-C5BA1605619E: changes role from      null to FOLLOWER at term 0 for startAsFollower
2023-09-13 16:03:39,478 [om1-impl-thread1] INFO  impl.RoleInfo (RoleInfo.java:updateAndGet(139)) - om1: start om1@group-C5BA1605619E-FollowerState
2023-09-13 16:03:39,479 [om1-impl-thread1] INFO  util.JmxRegister (JmxRegister.java:tryRegister(44)) - Successfully registered JMX Bean with object name Ratis:service=RaftServer,group=group-C5BA1605619E,id=om1
2023-09-13 16:03:39,479 [om1-impl-thread1] INFO  server.RaftServerConfigKeys (ConfUtils.java:logGet(46)) - raft.server.snapshot.auto.trigger.enabled = true (custom)
2023-09-13 16:03:39,479 [om1-impl-thread1] INFO  server.RaftServerConfigKeys (ConfUtils.java:logGet(46)) - raft.server.snapshot.auto.trigger.threshold = 400000 (default)
2023-09-13 16:03:39,479 [om1-impl-thread1] INFO  server.RaftServerConfigKeys (ConfUtils.java:logGet(46)) - raft.server.snapshot.retention.file.num = -1 (default)
2023-09-13 16:03:39,479 [om1-impl-thread1] INFO  server.RaftServerConfigKeys (ConfUtils.java:logGet(46)) - raft.server.log.purge.upto.snapshot.index = true (custom)
2023-09-13 16:03:39,480 [om1@group-C5BA1605619E-FollowerState] INFO  server.RaftServerConfigKeys (ConfUtils.java:logFallback(53)) - raft.server.rpc.first-election.timeout.min = 5s (fallback to raft.server.rpc.timeout.min)
2023-09-13 16:03:39,480 [om1@group-C5BA1605619E-FollowerState] INFO  server.RaftServerConfigKeys (ConfUtils.java:logFallback(53)) - raft.server.rpc.first-election.timeout.max = 5200ms (fallback to raft.server.rpc.timeout.max)
2023-09-13 16:03:39,480 [main] INFO  server.RaftServer (RaftServerProxy.java:startImpl(400)) - om1: start RPC server
2023-09-13 16:03:39,482 [main] INFO  server.GrpcService (GrpcService.java:startImpl(302)) - om1: GrpcService started, listening on 9872
2023-09-13 16:03:39,483 [JvmPauseMonitor4] INFO  util.JvmPauseMonitor (JvmPauseMonitor.java:run(103)) - JvmPauseMonitor-om1: Started
2023-09-13 16:03:39,483 [main] INFO  om.OzoneManager (OzoneManager.java:start(1649)) - Version File has different layout version (6) than OM DB (null). That is expected if this OM has never been finalized to a newer layout version.
2023-09-13 16:03:39,488 [main] INFO  http.BaseHttpServer (BaseHttpServer.java:newHttpServer2BuilderForOzone(223)) - Starting Web-server for ozoneManager at: http://0.0.0.0:9874
2023-09-13 16:03:39,488 [main] INFO  http.BaseHttpServer (BaseHttpServer.java:<init>(110)) - Hadoop Security Enabled: false Ozone Security Enabled: false Ozone HTTP Security Enabled: false 
2023-09-13 16:03:39,489 [main] WARN  server.AuthenticationFilter (AuthenticationFilter.java:constructSecretProvider(240)) - Unable to initialize FileSignerSecretProvider, falling back to use random secrets. Reason: Could not read signature secret file: /home/runner/hadoop-http-auth-signature-secret
2023-09-13 16:03:39,491 [main] INFO  http.HttpRequestLog (HttpRequestLog.java:getRequestLog(86)) - Http request log for http.requests.ozoneManager is not defined
2023-09-13 16:03:39,492 [main] INFO  http.HttpServer2 (HttpServer2.java:addGlobalFilter(1031)) - Added global filter 'safety' (class=org.apache.hadoop.hdds.server.http.HttpServer2$QuotingInputFilter)
2023-09-13 16:03:39,493 [main] INFO  http.HttpServer2 (HttpServer2.java:addFilter(1007)) - Added filter static_user_filter (class=org.apache.hadoop.http.lib.StaticUserWebFilter$StaticUserFilter) to context ozoneManager
2023-09-13 16:03:39,493 [main] INFO  http.HttpServer2 (HttpServer2.java:addFilter(1015)) - Added filter static_user_filter (class=org.apache.hadoop.http.lib.StaticUserWebFilter$StaticUserFilter) to context static
2023-09-13 16:03:39,493 [main] INFO  http.HttpServer2 (HttpServer2.java:addFilter(1015)) - Added filter static_user_filter (class=org.apache.hadoop.http.lib.StaticUserWebFilter$StaticUserFilter) to context logs
2023-09-13 16:03:39,494 [main] INFO  http.BaseHttpServer (BaseHttpServer.java:<init>(189)) - HTTP server of ozoneManager uses base directory /tmp/junit3345879897430460317/webserver
2023-09-13 16:03:39,494 [main] INFO  http.HttpServer2 (HttpServer2.java:bindListener(1231)) - Jetty bound to port 9874
2023-09-13 16:03:39,495 [main] INFO  server.Server (Server.java:doStart(375)) - jetty-9.4.51.v20230217; built: 2023-02-17T08:19:37.309Z; git: b45c405e4544384de066f814ed42ae3dceacdd49; jvm 1.8.0_382-b05
2023-09-13 16:03:39,504 [main] INFO  server.session (DefaultSessionIdManager.java:doStart(334)) - DefaultSessionIdManager workerName=node0
2023-09-13 16:03:39,504 [main] INFO  server.session (DefaultSessionIdManager.java:doStart(339)) - No SessionScavenger set, using defaults
2023-09-13 16:03:39,504 [main] INFO  server.session (HouseKeeper.java:startScavenging(132)) - node0 Scavenging every 660000ms
2023-09-13 16:03:39,505 [main] INFO  handler.ContextHandler (ContextHandler.java:doStart(921)) - Started o.e.j.s.ServletContextHandler@15273ae8{logs,/logs,file:///home/runner/work/ozone/ozone/hadoop-ozone/ozone-manager/target/log,AVAILABLE}
2023-09-13 16:03:39,506 [main] INFO  handler.ContextHandler (ContextHandler.java:doStart(921)) - Started o.e.j.s.ServletContextHandler@6fe2da0c{static,/static,file:///home/runner/work/ozone/ozone/hadoop-ozone/ozone-manager/target/classes/webapps/static,AVAILABLE}
2023-09-13 16:03:39,509 [main] INFO  handler.ContextHandler (ContextHandler.java:doStart(921)) - Started o.e.j.w.WebAppContext@28aee12e{ozoneManager,/,file:///home/runner/work/ozone/ozone/hadoop-ozone/ozone-manager/target/classes/webapps/ozoneManager/,AVAILABLE}{file:/home/runner/work/ozone/ozone/hadoop-ozone/ozone-manager/target/classes/webapps/ozoneManager}
2023-09-13 16:03:39,518 [main] INFO  server.AbstractConnector (AbstractConnector.java:doStart(333)) - Started ServerConnector@7fe14f94{HTTP/1.1, (http/1.1)}{0.0.0.0:9874}
2023-09-13 16:03:39,518 [main] INFO  server.Server (Server.java:doStart(415)) - Started @61390ms
2023-09-13 16:03:39,519 [main] WARN  impl.MetricsSystemImpl (MetricsSystemImpl.java:register(279)) - Sink prometheus already exists!
2023-09-13 16:03:39,519 [main] INFO  http.BaseHttpServer (BaseHttpServer.java:updateConnectorAddress(354)) - HTTP server of ozoneManager listening at http://0.0.0.0:9874
2023-09-13 16:03:39,520 [IPC Server Responder] INFO  ipc.Server (Server.java:run(1562)) - IPC Server Responder: starting
2023-09-13 16:03:39,520 [IPC Server listener on 9862] INFO  ipc.Server (Server.java:run(1402)) - IPC Server listener on 9862: starting
2023-09-13 16:03:39,527 [main] INFO  om.OzoneManager (OzoneManager.java:startTrashEmptier(2101)) - Trash Interval set to 0. Files deleted won't move to trash
2023-09-13 16:03:39,541 [main] INFO  om.GrpcOzoneManagerServer (GrpcOzoneManagerServer.java:start(180)) - GrpcOzoneManagerServer is started using port 8981
2023-09-13 16:03:41,550 [main] INFO  retry.RetryInvocationHandler (RetryInvocationHandler.java:log(422)) - com.google.protobuf.ServiceException: org.apache.hadoop.ipc.RemoteException(org.apache.hadoop.ozone.om.exceptions.OMNotLeaderException): OM:om1 is not the leader. Could not determine the leader node.
	at org.apache.hadoop.ozone.protocolPB.OzoneManagerProtocolServerSideTranslatorPB.createNotLeaderException(OzoneManagerProtocolServerSideTranslatorPB.java:246)
	at org.apache.hadoop.ozone.protocolPB.OzoneManagerProtocolServerSideTranslatorPB.createLeaderErrorException(OzoneManagerProtocolServerSideTranslatorPB.java:234)
	at org.apache.hadoop.ozone.protocolPB.OzoneManagerProtocolServerSideTranslatorPB.submitReadRequestToOM(OzoneManagerProtocolServerSideTranslatorPB.java:227)
	at org.apache.hadoop.ozone.protocolPB.OzoneManagerProtocolServerSideTranslatorPB.processRequest(OzoneManagerProtocolServerSideTranslatorPB.java:179)
	at org.apache.hadoop.hdds.server.OzoneProtocolMessageDispatcher.processRequest(OzoneProtocolMessageDispatcher.java:87)
	at org.apache.hadoop.ozone.protocolPB.OzoneManagerProtocolServerSideTranslatorPB.submitRequest(OzoneManagerProtocolServerSideTranslatorPB.java:148)
	at org.apache.hadoop.ozone.protocol.proto.OzoneManagerProtocolProtos$OzoneManagerService$2.callBlockingMethod(OzoneManagerProtocolProtos.java)
	at org.apache.hadoop.ipc.ProtobufRpcEngine$Server.processCall(ProtobufRpcEngine.java:484)
	at org.apache.hadoop.ipc.ProtobufRpcEngine2$Server$ProtoBufRpcInvoker.call(ProtobufRpcEngine2.java:595)
	at org.apache.hadoop.ipc.ProtobufRpcEngine2$Server$ProtoBufRpcInvoker.call(ProtobufRpcEngine2.java:573)
	at org.apache.hadoop.ipc.RPC$Server.call(RPC.java:1227)
	at org.apache.hadoop.ipc.Server$RpcCall.run(Server.java:1094)
	at org.apache.hadoop.ipc.Server$RpcCall.run(Server.java:1017)
	at java.security.AccessController.doPrivileged(Native Method)
	at javax.security.auth.Subject.doAs(Subject.java:422)
	at org.apache.hadoop.security.UserGroupInformation.doAs(UserGroupInformation.java:1899)
	at org.apache.hadoop.ipc.Server$Handler.run(Server.java:3048)
, while invoking $Proxy66.submitRequest over nodeId=null,nodeAddress=0.0.0.0:9862 after 1 failover attempts. Trying to failover after sleeping for 4000ms. Current retry count: 1.
2023-09-13 16:03:44,647 [om1@group-C5BA1605619E-FollowerState] INFO  impl.FollowerState (FollowerState.java:run(143)) - om1@group-C5BA1605619E-FollowerState: change to CANDIDATE, lastRpcElapsedTime:5168429552ns, electionTimeout:5166ms
2023-09-13 16:03:44,647 [om1@group-C5BA1605619E-FollowerState] INFO  impl.RoleInfo (RoleInfo.java:shutdownFollowerState(110)) - om1: shutdown om1@group-C5BA1605619E-FollowerState
2023-09-13 16:03:44,647 [om1@group-C5BA1605619E-FollowerState] INFO  server.RaftServer$Division (RaftServerImpl.java:setRole(329)) - om1@group-C5BA1605619E: changes role from  FOLLOWER to CANDIDATE at term 0 for changeToCandidate
2023-09-13 16:03:44,647 [om1@group-C5BA1605619E-FollowerState] INFO  server.RaftServerConfigKeys (ConfUtils.java:logGet(46)) - raft.server.leaderelection.pre-vote = true (default)
2023-09-13 16:03:44,647 [om1@group-C5BA1605619E-FollowerState] INFO  impl.RoleInfo (RoleInfo.java:updateAndGet(139)) - om1: start om1@group-C5BA1605619E-LeaderElection5
2023-09-13 16:03:44,650 [om1@group-C5BA1605619E-LeaderElection5] INFO  impl.LeaderElection (LeaderElection.java:askForVotes(321)) - om1@group-C5BA1605619E-LeaderElection5 PRE_VOTE round 0: submit vote requests at term 0 for -1: peers:[om1|rpc:0.0.0.0:9872|priority:0|startupRole:FOLLOWER]|listeners:[], old=null
2023-09-13 16:03:44,651 [om1@group-C5BA1605619E-LeaderElection5] INFO  impl.LeaderElection (LeaderElection.java:askForVotes(323)) - om1@group-C5BA1605619E-LeaderElection5 PRE_VOTE round 0: result PASSED (term=0)
2023-09-13 16:03:44,652 [om1@group-C5BA1605619E-LeaderElection5] INFO  impl.LeaderElection (LeaderElection.java:askForVotes(321)) - om1@group-C5BA1605619E-LeaderElection5 ELECTION round 0: submit vote requests at term 1 for -1: peers:[om1|rpc:0.0.0.0:9872|priority:0|startupRole:FOLLOWER]|listeners:[], old=null
2023-09-13 16:03:44,652 [om1@group-C5BA1605619E-LeaderElection5] INFO  impl.LeaderElection (LeaderElection.java:askForVotes(323)) - om1@group-C5BA1605619E-LeaderElection5 ELECTION round 0: result PASSED (term=1)
2023-09-13 16:03:44,652 [om1@group-C5BA1605619E-LeaderElection5] INFO  impl.RoleInfo (RoleInfo.java:shutdownLeaderElection(130)) - om1: shutdown om1@group-C5BA1605619E-LeaderElection5
2023-09-13 16:03:44,652 [om1@group-C5BA1605619E-LeaderElection5] INFO  server.RaftServer$Division (RaftServerImpl.java:setRole(329)) - om1@group-C5BA1605619E: changes role from CANDIDATE to LEADER at term 1 for changeToLeader
2023-09-13 16:03:44,653 [om1@group-C5BA1605619E-LeaderElection5] INFO  server.RaftServer$Division (ServerState.java:setLeader(317)) - om1@group-C5BA1605619E: change Leader from null to om1 at term 1 for becomeLeader, leader elected after 5425ms
2023-09-13 16:03:44,653 [om1@group-C5BA1605619E-LeaderElection5] INFO  server.RaftServerConfigKeys (ConfUtils.java:logGet(46)) - raft.server.staging.catchup.gap = 1000 (default)
2023-09-13 16:03:44,653 [om1@group-C5BA1605619E-LeaderElection5] INFO  server.RaftServerConfigKeys (ConfUtils.java:logGet(46)) - raft.server.write.element-limit = 4096 (default)
2023-09-13 16:03:44,653 [om1@group-C5BA1605619E-LeaderElection5] INFO  server.RaftServerConfigKeys (ConfUtils.java:logGet(46)) - raft.server.write.byte-limit = 64MB (=67108864) (default)
2023-09-13 16:03:44,653 [om1@group-C5BA1605619E-LeaderElection5] INFO  server.RaftServerConfigKeys (ConfUtils.java:logGet(46)) - raft.server.watch.timeout = 10s (default)
2023-09-13 16:03:44,653 [om1@group-C5BA1605619E-LeaderElection5] INFO  server.RaftServerConfigKeys (ConfUtils.java:logGet(46)) - raft.server.watch.timeout.denomination = 1s (default)
2023-09-13 16:03:44,653 [om1@group-C5BA1605619E-LeaderElection5] INFO  server.RaftServerConfigKeys (ConfUtils.java:logGet(46)) - raft.server.watch.element-limit = 65536 (default)
2023-09-13 16:03:44,653 [om1@group-C5BA1605619E-LeaderElection5] INFO  server.RaftServerConfigKeys (ConfUtils.java:logGet(46)) - raft.server.write.element-limit = 4096 (default)
2023-09-13 16:03:44,653 [om1@group-C5BA1605619E-LeaderElection5] INFO  server.RaftServerConfigKeys (ConfUtils.java:logGet(46)) - raft.server.write.follower.gap.ratio.max = -1.0 (default)
2023-09-13 16:03:44,653 [om1@group-C5BA1605619E-LeaderElection5] INFO  impl.RoleInfo (RoleInfo.java:updateAndGet(139)) - om1: start om1@group-C5BA1605619E-LeaderStateImpl
2023-09-13 16:03:44,654 [om1@group-C5BA1605619E-LeaderElection5] INFO  segmented.SegmentedRaftLogWorker (SegmentedRaftLogWorker.java:startLogSegment(447)) - om1@group-C5BA1605619E-SegmentedRaftLogWorker: Starting segment from index:0
2023-09-13 16:03:44,659 [om1@group-C5BA1605619E-LeaderElection5] INFO  server.RaftServer$Division (ServerState.java:setRaftConf(434)) - om1@group-C5BA1605619E: set configuration 0: peers:[om1|rpc:0.0.0.0:9872|admin:|client:|dataStream:|priority:0|startupRole:FOLLOWER]|listeners:[], old=null
2023-09-13 16:03:44,666 [om1@group-C5BA1605619E-SegmentedRaftLogWorker] INFO  segmented.SegmentedRaftLogWorker (SegmentedRaftLogWorker.java:execute(651)) - om1@group-C5BA1605619E-SegmentedRaftLogWorker: created new log segment /tmp/junit3345879897430460317/ratis/bf265839-605b-3f16-9796-c5ba1605619e/current/log_inprogress_0
2023-09-13 16:03:44,667 [om1@group-C5BA1605619E-StateMachineUpdater] INFO  ratis.OzoneManagerStateMachine (OzoneManagerStateMachine.java:notifyConfigurationChanged(202)) - Received Configuration change notification from Ratis. New Peer list:
[id: "om1"
address: "0.0.0.0:9872"
startupRole: FOLLOWER
]
2023-09-13 16:03:45,557 [main] INFO  service.TestOpenKeyCleanupService (TestOpenKeyCleanupService.java:testCleanupExpiredOpenKeys(137)) - numDEFKeys=0, numFSOKeys=88, hsync? false
2023-09-13 16:03:45,658 [main] INFO  service.TestOpenKeyCleanupService (TestOpenKeyCleanupService.java:testCleanupExpiredOpenKeys(148)) - oldkeyCount=0, oldrunCount=18
2023-09-13 16:03:45,673 [OM StateMachine ApplyTransaction Thread - 0] WARN  helpers.QuotaUtil (QuotaUtil.java:getReplicatedSize(63)) - Unknown replication type 'STAND_ALONE'. Returning original data size.
2023-09-13 16:03:45,674 [OM StateMachine ApplyTransaction Thread - 0] WARN  helpers.QuotaUtil (QuotaUtil.java:getReplicatedSize(63)) - Unknown replication type 'STAND_ALONE'. Returning original data size.
2023-09-13 16:03:45,678 [OM StateMachine ApplyTransaction Thread - 0] WARN  helpers.QuotaUtil (QuotaUtil.java:getReplicatedSize(63)) - Unknown replication type 'STAND_ALONE'. Returning original data size.
2023-09-13 16:03:45,678 [OM StateMachine ApplyTransaction Thread - 0] WARN  helpers.QuotaUtil (QuotaUtil.java:getReplicatedSize(63)) - Unknown replication type 'STAND_ALONE'. Returning original data size.
2023-09-13 16:03:45,686 [OM StateMachine ApplyTransaction Thread - 0] WARN  helpers.QuotaUtil (QuotaUtil.java:getReplicatedSize(63)) - Unknown replication type 'STAND_ALONE'. Returning original data size.
2023-09-13 16:03:45,686 [OM StateMachine ApplyTransaction Thread - 0] WARN  helpers.QuotaUtil (QuotaUtil.java:getReplicatedSize(63)) - Unknown replication type 'STAND_ALONE'. Returning original data size.
2023-09-13 16:03:45,690 [OM StateMachine ApplyTransaction Thread - 0] WARN  helpers.QuotaUtil (QuotaUtil.java:getReplicatedSize(63)) - Unknown replication type 'STAND_ALONE'. Returning original data size.
2023-09-13 16:03:45,690 [OM StateMachine ApplyTransaction Thread - 0] WARN  helpers.QuotaUtil (QuotaUtil.java:getReplicatedSize(63)) - Unknown replication type 'STAND_ALONE'. Returning original data size.
2023-09-13 16:03:45,709 [OM StateMachine ApplyTransaction Thread - 0] WARN  helpers.QuotaUtil (QuotaUtil.java:getReplicatedSize(63)) - Unknown replication type 'STAND_ALONE'. Returning original data size.
2023-09-13 16:03:45,710 [OM StateMachine ApplyTransaction Thread - 0] WARN  helpers.QuotaUtil (QuotaUtil.java:getReplicatedSize(63)) - Unknown replication type 'STAND_ALONE'. Returning original data size.
2023-09-13 16:03:45,722 [OM StateMachine ApplyTransaction Thread - 0] WARN  helpers.QuotaUtil (QuotaUtil.java:getReplicatedSize(63)) - Unknown replication type 'STAND_ALONE'. Returning original data size.
2023-09-13 16:03:45,722 [OM StateMachine ApplyTransaction Thread - 0] WARN  helpers.QuotaUtil (QuotaUtil.java:getReplicatedSize(63)) - Unknown replication type 'STAND_ALONE'. Returning original data size.
2023-09-13 16:03:45,726 [OM StateMachine ApplyTransaction Thread - 0] WARN  helpers.QuotaUtil (QuotaUtil.java:getReplicatedSize(63)) - Unknown replication type 'STAND_ALONE'. Returning original data size.
2023-09-13 16:03:45,726 [OM StateMachine ApplyTransaction Thread - 0] WARN  helpers.QuotaUtil (QuotaUtil.java:getReplicatedSize(63)) - Unknown replication type 'STAND_ALONE'. Returning original data size.
2023-09-13 16:03:45,735 [OM StateMachine ApplyTransaction Thread - 0] WARN  helpers.QuotaUtil (QuotaUtil.java:getReplicatedSize(63)) - Unknown replication type 'STAND_ALONE'. Returning original data size.
2023-09-13 16:03:45,735 [OM StateMachine ApplyTransaction Thread - 0] WARN  helpers.QuotaUtil (QuotaUtil.java:getReplicatedSize(63)) - Unknown replication type 'STAND_ALONE'. Returning original data size.
2023-09-13 16:03:45,743 [OM StateMachine ApplyTransaction Thread - 0] WARN  helpers.QuotaUtil (QuotaUtil.java:getReplicatedSize(63)) - Unknown replication type 'STAND_ALONE'. Returning original data size.
2023-09-13 16:03:45,743 [OM StateMachine ApplyTransaction Thread - 0] WARN  helpers.QuotaUtil (QuotaUtil.java:getReplicatedSize(63)) - Unknown replication type 'STAND_ALONE'. Returning original data size.
2023-09-13 16:03:45,747 [OM StateMachine ApplyTransaction Thread - 0] WARN  helpers.QuotaUtil (QuotaUtil.java:getReplicatedSize(63)) - Unknown replication type 'STAND_ALONE'. Returning original data size.
2023-09-13 16:03:45,747 [OM StateMachine ApplyTransaction Thread - 0] WARN  helpers.QuotaUtil (QuotaUtil.java:getReplicatedSize(63)) - Unknown replication type 'STAND_ALONE'. Returning original data size.
2023-09-13 16:03:45,759 [OM StateMachine ApplyTransaction Thread - 0] WARN  helpers.QuotaUtil (QuotaUtil.java:getReplicatedSize(63)) - Unknown replication type 'STAND_ALONE'. Returning original data size.
2023-09-13 16:03:45,759 [OM StateMachine ApplyTransaction Thread - 0] WARN  helpers.QuotaUtil (QuotaUtil.java:getReplicatedSize(63)) - Unknown replication type 'STAND_ALONE'. Returning original data size.
2023-09-13 16:03:45,763 [OM StateMachine ApplyTransaction Thread - 0] WARN  helpers.QuotaUtil (QuotaUtil.java:getReplicatedSize(63)) - Unknown replication type 'STAND_ALONE'. Returning original data size.
2023-09-13 16:03:45,763 [OM StateMachine ApplyTransaction Thread - 0] WARN  helpers.QuotaUtil (QuotaUtil.java:getReplicatedSize(63)) - Unknown replication type 'STAND_ALONE'. Returning original data size.
2023-09-13 16:03:45,770 [OM StateMachine ApplyTransaction Thread - 0] WARN  helpers.QuotaUtil (QuotaUtil.java:getReplicatedSize(63)) - Unknown replication type 'STAND_ALONE'. Returning original data size.
2023-09-13 16:03:45,770 [OM StateMachine ApplyTransaction Thread - 0] WARN  helpers.QuotaUtil (QuotaUtil.java:getReplicatedSize(63)) - Unknown replication type 'STAND_ALONE'. Returning original data size.
2023-09-13 16:03:45,773 [OM StateMachine ApplyTransaction Thread - 0] WARN  helpers.QuotaUtil (QuotaUtil.java:getReplicatedSize(63)) - Unknown replication type 'STAND_ALONE'. Returning original data size.
2023-09-13 16:03:45,773 [OM StateMachine ApplyTransaction Thread - 0] WARN  helpers.QuotaUtil (QuotaUtil.java:getReplicatedSize(63)) - Unknown replication type 'STAND_ALONE'. Returning original data size.
2023-09-13 16:03:45,784 [OM StateMachine ApplyTransaction Thread - 0] WARN  helpers.QuotaUtil (QuotaUtil.java:getReplicatedSize(63)) - Unknown replication type 'STAND_ALONE'. Returning original data size.
2023-09-13 16:03:45,785 [OM StateMachine ApplyTransaction Thread - 0] WARN  helpers.QuotaUtil (QuotaUtil.java:getReplicatedSize(63)) - Unknown replication type 'STAND_ALONE'. Returning original data size.
2023-09-13 16:03:45,788 [OM StateMachine ApplyTransaction Thread - 0] WARN  helpers.QuotaUtil (QuotaUtil.java:getReplicatedSize(63)) - Unknown replication type 'STAND_ALONE'. Returning original data size.
2023-09-13 16:03:45,788 [OM StateMachine ApplyTransaction Thread - 0] WARN  helpers.QuotaUtil (QuotaUtil.java:getReplicatedSize(63)) - Unknown replication type 'STAND_ALONE'. Returning original data size.
2023-09-13 16:03:45,796 [OM StateMachine ApplyTransaction Thread - 0] WARN  helpers.QuotaUtil (QuotaUtil.java:getReplicatedSize(63)) - Unknown replication type 'STAND_ALONE'. Returning original data size.
2023-09-13 16:03:45,796 [OM StateMachine ApplyTransaction Thread - 0] WARN  helpers.QuotaUtil (QuotaUtil.java:getReplicatedSize(63)) - Unknown replication type 'STAND_ALONE'. Returning original data size.
2023-09-13 16:03:45,799 [OM StateMachine ApplyTransaction Thread - 0] WARN  helpers.QuotaUtil (QuotaUtil.java:getReplicatedSize(63)) - Unknown replication type 'STAND_ALONE'. Returning original data size.
2023-09-13 16:03:45,799 [OM StateMachine ApplyTransaction Thread - 0] WARN  helpers.QuotaUtil (QuotaUtil.java:getReplicatedSize(63)) - Unknown replication type 'STAND_ALONE'. Returning original data size.
2023-09-13 16:03:45,806 [OM StateMachine ApplyTransaction Thread - 0] WARN  helpers.QuotaUtil (QuotaUtil.java:getReplicatedSize(63)) - Unknown replication type 'STAND_ALONE'. Returning original data size.
2023-09-13 16:03:45,806 [OM StateMachine ApplyTransaction Thread - 0] WARN  helpers.QuotaUtil (QuotaUtil.java:getReplicatedSize(63)) - Unknown replication type 'STAND_ALONE'. Returning original data size.
2023-09-13 16:03:45,810 [OM StateMachine ApplyTransaction Thread - 0] WARN  helpers.QuotaUtil (QuotaUtil.java:getReplicatedSize(63)) - Unknown replication type 'STAND_ALONE'. Returning original data size.
2023-09-13 16:03:45,810 [OM StateMachine ApplyTransaction Thread - 0] WARN  helpers.QuotaUtil (QuotaUtil.java:getReplicatedSize(63)) - Unknown replication type 'STAND_ALONE'. Returning original data size.
2023-09-13 16:03:45,817 [OM StateMachine ApplyTransaction Thread - 0] WARN  helpers.QuotaUtil (QuotaUtil.java:getReplicatedSize(63)) - Unknown replication type 'STAND_ALONE'. Returning original data size.
2023-09-13 16:03:45,817 [OM StateMachine ApplyTransaction Thread - 0] WARN  helpers.QuotaUtil (QuotaUtil.java:getReplicatedSize(63)) - Unknown replication type 'STAND_ALONE'. Returning original data size.
2023-09-13 16:03:45,824 [OM StateMachine ApplyTransaction Thread - 0] WARN  helpers.QuotaUtil (QuotaUtil.java:getReplicatedSize(63)) - Unknown replication type 'STAND_ALONE'. Returning original data size.
2023-09-13 16:03:45,824 [OM StateMachine ApplyTransaction Thread - 0] WARN  helpers.QuotaUtil (QuotaUtil.java:getReplicatedSize(63)) - Unknown replication type 'STAND_ALONE'. Returning original data size.
2023-09-13 16:03:45,832 [OM StateMachine ApplyTransaction Thread - 0] WARN  helpers.QuotaUtil (QuotaUtil.java:getReplicatedSize(63)) - Unknown replication type 'STAND_ALONE'. Returning original data size.
2023-09-13 16:03:45,832 [OM StateMachine ApplyTransaction Thread - 0] WARN  helpers.QuotaUtil (QuotaUtil.java:getReplicatedSize(63)) - Unknown replication type 'STAND_ALONE'. Returning original data size.
2023-09-13 16:03:45,835 [OM StateMachine ApplyTransaction Thread - 0] WARN  helpers.QuotaUtil (QuotaUtil.java:getReplicatedSize(63)) - Unknown replication type 'STAND_ALONE'. Returning original data size.
2023-09-13 16:03:45,835 [OM StateMachine ApplyTransaction Thread - 0] WARN  helpers.QuotaUtil (QuotaUtil.java:getReplicatedSize(63)) - Unknown replication type 'STAND_ALONE'. Returning original data size.
2023-09-13 16:03:45,842 [OM StateMachine ApplyTransaction Thread - 0] WARN  helpers.QuotaUtil (QuotaUtil.java:getReplicatedSize(63)) - Unknown replication type 'STAND_ALONE'. Returning original data size.
2023-09-13 16:03:45,842 [OM StateMachine ApplyTransaction Thread - 0] WARN  helpers.QuotaUtil (QuotaUtil.java:getReplicatedSize(63)) - Unknown replication type 'STAND_ALONE'. Returning original data size.
2023-09-13 16:03:45,846 [OM StateMachine ApplyTransaction Thread - 0] WARN  helpers.QuotaUtil (QuotaUtil.java:getReplicatedSize(63)) - Unknown replication type 'STAND_ALONE'. Returning original data size.
2023-09-13 16:03:45,846 [OM StateMachine ApplyTransaction Thread - 0] WARN  helpers.QuotaUtil (QuotaUtil.java:getReplicatedSize(63)) - Unknown replication type 'STAND_ALONE'. Returning original data size.
2023-09-13 16:03:45,853 [OM StateMachine ApplyTransaction Thread - 0] WARN  helpers.QuotaUtil (QuotaUtil.java:getReplicatedSize(63)) - Unknown replication type 'STAND_ALONE'. Returning original data size.
2023-09-13 16:03:45,853 [OM StateMachine ApplyTransaction Thread - 0] WARN  helpers.QuotaUtil (QuotaUtil.java:getReplicatedSize(63)) - Unknown replication type 'STAND_ALONE'. Returning original data size.
2023-09-13 16:03:45,856 [OM StateMachine ApplyTransaction Thread - 0] WARN  helpers.QuotaUtil (QuotaUtil.java:getReplicatedSize(63)) - Unknown replication type 'STAND_ALONE'. Returning original data size.
2023-09-13 16:03:45,856 [OM StateMachine ApplyTransaction Thread - 0] WARN  helpers.QuotaUtil (QuotaUtil.java:getReplicatedSize(63)) - Unknown replication type 'STAND_ALONE'. Returning original data size.
2023-09-13 16:03:45,878 [OM StateMachine ApplyTransaction Thread - 0] WARN  helpers.QuotaUtil (QuotaUtil.java:getReplicatedSize(63)) - Unknown replication type 'STAND_ALONE'. Returning original data size.
2023-09-13 16:03:45,878 [OM StateMachine ApplyTransaction Thread - 0] WARN  helpers.QuotaUtil (QuotaUtil.java:getReplicatedSize(63)) - Unknown replication type 'STAND_ALONE'. Returning original data size.
2023-09-13 16:03:45,885 [OM StateMachine ApplyTransaction Thread - 0] WARN  helpers.QuotaUtil (QuotaUtil.java:getReplicatedSize(63)) - Unknown replication type 'STAND_ALONE'. Returning original data size.
2023-09-13 16:03:45,885 [OM StateMachine ApplyTransaction Thread - 0] WARN  helpers.QuotaUtil (QuotaUtil.java:getReplicatedSize(63)) - Unknown replication type 'STAND_ALONE'. Returning original data size.
2023-09-13 16:03:45,888 [OM StateMachine ApplyTransaction Thread - 0] WARN  helpers.QuotaUtil (QuotaUtil.java:getReplicatedSize(63)) - Unknown replication type 'STAND_ALONE'. Returning original data size.
2023-09-13 16:03:45,888 [OM StateMachine ApplyTransaction Thread - 0] WARN  helpers.QuotaUtil (QuotaUtil.java:getReplicatedSize(63)) - Unknown replication type 'STAND_ALONE'. Returning original data size.
2023-09-13 16:03:45,895 [OM StateMachine ApplyTransaction Thread - 0] WARN  helpers.QuotaUtil (QuotaUtil.java:getReplicatedSize(63)) - Unknown replication type 'STAND_ALONE'. Returning original data size.
2023-09-13 16:03:45,896 [OM StateMachine ApplyTransaction Thread - 0] WARN  helpers.QuotaUtil (QuotaUtil.java:getReplicatedSize(63)) - Unknown replication type 'STAND_ALONE'. Returning original data size.
2023-09-13 16:03:45,902 [OM StateMachine ApplyTransaction Thread - 0] WARN  helpers.QuotaUtil (QuotaUtil.java:getReplicatedSize(63)) - Unknown replication type 'STAND_ALONE'. Returning original data size.
2023-09-13 16:03:45,902 [OM StateMachine ApplyTransaction Thread - 0] WARN  helpers.QuotaUtil (QuotaUtil.java:getReplicatedSize(63)) - Unknown replication type 'STAND_ALONE'. Returning original data size.
2023-09-13 16:03:45,905 [OM StateMachine ApplyTransaction Thread - 0] WARN  helpers.QuotaUtil (QuotaUtil.java:getReplicatedSize(63)) - Unknown replication type 'STAND_ALONE'. Returning original data size.
2023-09-13 16:03:45,905 [OM StateMachine ApplyTransaction Thread - 0] WARN  helpers.QuotaUtil (QuotaUtil.java:getReplicatedSize(63)) - Unknown replication type 'STAND_ALONE'. Returning original data size.
2023-09-13 16:03:45,914 [OM StateMachine ApplyTransaction Thread - 0] WARN  helpers.QuotaUtil (QuotaUtil.java:getReplicatedSize(63)) - Unknown replication type 'STAND_ALONE'. Returning original data size.
2023-09-13 16:03:45,914 [OM StateMachine ApplyTransaction Thread - 0] WARN  helpers.QuotaUtil (QuotaUtil.java:getReplicatedSize(63)) - Unknown replication type 'STAND_ALONE'. Returning original data size.
2023-09-13 16:03:45,921 [OM StateMachine ApplyTransaction Thread - 0] WARN  helpers.QuotaUtil (QuotaUtil.java:getReplicatedSize(63)) - Unknown replication type 'STAND_ALONE'. Returning original data size.
2023-09-13 16:03:45,921 [OM StateMachine ApplyTransaction Thread - 0] WARN  helpers.QuotaUtil (QuotaUtil.java:getReplicatedSize(63)) - Unknown replication type 'STAND_ALONE'. Returning original data size.
2023-09-13 16:03:45,930 [OM StateMachine ApplyTransaction Thread - 0] WARN  helpers.QuotaUtil (QuotaUtil.java:getReplicatedSize(63)) - Unknown replication type 'STAND_ALONE'. Returning original data size.
2023-09-13 16:03:45,930 [OM StateMachine ApplyTransaction Thread - 0] WARN  helpers.QuotaUtil (QuotaUtil.java:getReplicatedSize(63)) - Unknown replication type 'STAND_ALONE'. Returning original data size.
2023-09-13 16:03:45,932 [OM StateMachine ApplyTransaction Thread - 0] WARN  helpers.QuotaUtil (QuotaUtil.java:getReplicatedSize(63)) - Unknown replication type 'STAND_ALONE'. Returning original data size.
2023-09-13 16:03:45,932 [OM StateMachine ApplyTransaction Thread - 0] WARN  helpers.QuotaUtil (QuotaUtil.java:getReplicatedSize(63)) - Unknown replication type 'STAND_ALONE'. Returning original data size.
2023-09-13 16:03:45,938 [OM StateMachine ApplyTransaction Thread - 0] WARN  helpers.QuotaUtil (QuotaUtil.java:getReplicatedSize(63)) - Unknown replication type 'STAND_ALONE'. Returning original data size.
2023-09-13 16:03:45,938 [OM StateMachine ApplyTransaction Thread - 0] WARN  helpers.QuotaUtil (QuotaUtil.java:getReplicatedSize(63)) - Unknown replication type 'STAND_ALONE'. Returning original data size.
2023-09-13 16:03:45,945 [OM StateMachine ApplyTransaction Thread - 0] WARN  helpers.QuotaUtil (QuotaUtil.java:getReplicatedSize(63)) - Unknown replication type 'STAND_ALONE'. Returning original data size.
2023-09-13 16:03:45,945 [OM StateMachine ApplyTransaction Thread - 0] WARN  helpers.QuotaUtil (QuotaUtil.java:getReplicatedSize(63)) - Unknown replication type 'STAND_ALONE'. Returning original data size.
2023-09-13 16:03:45,948 [OM StateMachine ApplyTransaction Thread - 0] WARN  helpers.QuotaUtil (QuotaUtil.java:getReplicatedSize(63)) - Unknown replication type 'STAND_ALONE'. Returning original data size.
2023-09-13 16:03:45,948 [OM StateMachine ApplyTransaction Thread - 0] WARN  helpers.QuotaUtil (QuotaUtil.java:getReplicatedSize(63)) - Unknown replication type 'STAND_ALONE'. Returning original data size.
2023-09-13 16:03:45,967 [OM StateMachine ApplyTransaction Thread - 0] WARN  helpers.QuotaUtil (QuotaUtil.java:getReplicatedSize(63)) - Unknown replication type 'STAND_ALONE'. Returning original data size.
2023-09-13 16:03:45,967 [OM StateMachine ApplyTransaction Thread - 0] WARN  helpers.QuotaUtil (QuotaUtil.java:getReplicatedSize(63)) - Unknown replication type 'STAND_ALONE'. Returning original data size.
2023-09-13 16:03:45,973 [OM StateMachine ApplyTransaction Thread - 0] WARN  helpers.QuotaUtil (QuotaUtil.java:getReplicatedSize(63)) - Unknown replication type 'STAND_ALONE'. Returning original data size.
2023-09-13 16:03:45,973 [OM StateMachine ApplyTransaction Thread - 0] WARN  helpers.QuotaUtil (QuotaUtil.java:getReplicatedSize(63)) - Unknown replication type 'STAND_ALONE'. Returning original data size.
2023-09-13 16:03:45,976 [OM StateMachine ApplyTransaction Thread - 0] WARN  helpers.QuotaUtil (QuotaUtil.java:getReplicatedSize(63)) - Unknown replication type 'STAND_ALONE'. Returning original data size.
2023-09-13 16:03:45,976 [OM StateMachine ApplyTransaction Thread - 0] WARN  helpers.QuotaUtil (QuotaUtil.java:getReplicatedSize(63)) - Unknown replication type 'STAND_ALONE'. Returning original data size.
2023-09-13 16:03:45,982 [OM StateMachine ApplyTransaction Thread - 0] WARN  helpers.QuotaUtil (QuotaUtil.java:getReplicatedSize(63)) - Unknown replication type 'STAND_ALONE'. Returning original data size.
2023-09-13 16:03:45,983 [OM StateMachine ApplyTransaction Thread - 0] WARN  helpers.QuotaUtil (QuotaUtil.java:getReplicatedSize(63)) - Unknown replication type 'STAND_ALONE'. Returning original data size.
2023-09-13 16:03:45,985 [OM StateMachine ApplyTransaction Thread - 0] WARN  helpers.QuotaUtil (QuotaUtil.java:getReplicatedSize(63)) - Unknown replication type 'STAND_ALONE'. Returning original data size.
2023-09-13 16:03:45,985 [OM StateMachine ApplyTransaction Thread - 0] WARN  helpers.QuotaUtil (QuotaUtil.java:getReplicatedSize(63)) - Unknown replication type 'STAND_ALONE'. Returning original data size.
2023-09-13 16:03:45,991 [OM StateMachine ApplyTransaction Thread - 0] WARN  helpers.QuotaUtil (QuotaUtil.java:getReplicatedSize(63)) - Unknown replication type 'STAND_ALONE'. Returning original data size.
2023-09-13 16:03:45,992 [OM StateMachine ApplyTransaction Thread - 0] WARN  helpers.QuotaUtil (QuotaUtil.java:getReplicatedSize(63)) - Unknown replication type 'STAND_ALONE'. Returning original data size.
2023-09-13 16:03:45,995 [OM StateMachine ApplyTransaction Thread - 0] WARN  helpers.QuotaUtil (QuotaUtil.java:getReplicatedSize(63)) - Unknown replication type 'STAND_ALONE'. Returning original data size.
2023-09-13 16:03:45,995 [OM StateMachine ApplyTransaction Thread - 0] WARN  helpers.QuotaUtil (QuotaUtil.java:getReplicatedSize(63)) - Unknown replication type 'STAND_ALONE'. Returning original data size.
2023-09-13 16:03:46,001 [OM StateMachine ApplyTransaction Thread - 0] WARN  helpers.QuotaUtil (QuotaUtil.java:getReplicatedSize(63)) - Unknown replication type 'STAND_ALONE'. Returning original data size.
2023-09-13 16:03:46,001 [OM StateMachine ApplyTransaction Thread - 0] WARN  helpers.QuotaUtil (QuotaUtil.java:getReplicatedSize(63)) - Unknown replication type 'STAND_ALONE'. Returning original data size.
2023-09-13 16:03:46,003 [OM StateMachine ApplyTransaction Thread - 0] WARN  helpers.QuotaUtil (QuotaUtil.java:getReplicatedSize(63)) - Unknown replication type 'STAND_ALONE'. Returning original data size.
2023-09-13 16:03:46,003 [OM StateMachine ApplyTransaction Thread - 0] WARN  helpers.QuotaUtil (QuotaUtil.java:getReplicatedSize(63)) - Unknown replication type 'STAND_ALONE'. Returning original data size.
2023-09-13 16:03:46,010 [OM StateMachine ApplyTransaction Thread - 0] WARN  helpers.QuotaUtil (QuotaUtil.java:getReplicatedSize(63)) - Unknown replication type 'STAND_ALONE'. Returning original data size.
2023-09-13 16:03:46,010 [OM StateMachine ApplyTransaction Thread - 0] WARN  helpers.QuotaUtil (QuotaUtil.java:getReplicatedSize(63)) - Unknown replication type 'STAND_ALONE'. Returning original data size.
2023-09-13 16:03:46,019 [OM StateMachine ApplyTransaction Thread - 0] WARN  helpers.QuotaUtil (QuotaUtil.java:getReplicatedSize(63)) - Unknown replication type 'STAND_ALONE'. Returning original data size.
2023-09-13 16:03:46,020 [OM StateMachine ApplyTransaction Thread - 0] WARN  helpers.QuotaUtil (QuotaUtil.java:getReplicatedSize(63)) - Unknown replication type 'STAND_ALONE'. Returning original data size.
2023-09-13 16:03:46,028 [OM StateMachine ApplyTransaction Thread - 0] WARN  helpers.QuotaUtil (QuotaUtil.java:getReplicatedSize(63)) - Unknown replication type 'STAND_ALONE'. Returning original data size.
2023-09-13 16:03:46,028 [OM StateMachine ApplyTransaction Thread - 0] WARN  helpers.QuotaUtil (QuotaUtil.java:getReplicatedSize(63)) - Unknown replication type 'STAND_ALONE'. Returning original data size.
2023-09-13 16:03:46,031 [OM StateMachine ApplyTransaction Thread - 0] WARN  helpers.QuotaUtil (QuotaUtil.java:getReplicatedSize(63)) - Unknown replication type 'STAND_ALONE'. Returning original data size.
2023-09-13 16:03:46,031 [OM StateMachine ApplyTransaction Thread - 0] WARN  helpers.QuotaUtil (QuotaUtil.java:getReplicatedSize(63)) - Unknown replication type 'STAND_ALONE'. Returning original data size.
2023-09-13 16:03:46,041 [OM StateMachine ApplyTransaction Thread - 0] WARN  helpers.QuotaUtil (QuotaUtil.java:getReplicatedSize(63)) - Unknown replication type 'STAND_ALONE'. Returning original data size.
2023-09-13 16:03:46,042 [OM StateMachine ApplyTransaction Thread - 0] WARN  helpers.QuotaUtil (QuotaUtil.java:getReplicatedSize(63)) - Unknown replication type 'STAND_ALONE'. Returning original data size.
2023-09-13 16:03:46,055 [OM StateMachine ApplyTransaction Thread - 0] WARN  helpers.QuotaUtil (QuotaUtil.java:getReplicatedSize(63)) - Unknown replication type 'STAND_ALONE'. Returning original data size.
2023-09-13 16:03:46,055 [OM StateMachine ApplyTransaction Thread - 0] WARN  helpers.QuotaUtil (QuotaUtil.java:getReplicatedSize(63)) - Unknown replication type 'STAND_ALONE'. Returning original data size.
2023-09-13 16:03:46,087 [OM StateMachine ApplyTransaction Thread - 0] WARN  helpers.QuotaUtil (QuotaUtil.java:getReplicatedSize(63)) - Unknown replication type 'STAND_ALONE'. Returning original data size.
2023-09-13 16:03:46,087 [OM StateMachine ApplyTransaction Thread - 0] WARN  helpers.QuotaUtil (QuotaUtil.java:getReplicatedSize(63)) - Unknown replication type 'STAND_ALONE'. Returning original data size.
2023-09-13 16:03:46,090 [OM StateMachine ApplyTransaction Thread - 0] WARN  helpers.QuotaUtil (QuotaUtil.java:getReplicatedSize(63)) - Unknown replication type 'STAND_ALONE'. Returning original data size.
2023-09-13 16:03:46,090 [OM StateMachine ApplyTransaction Thread - 0] WARN  helpers.QuotaUtil (QuotaUtil.java:getReplicatedSize(63)) - Unknown replication type 'STAND_ALONE'. Returning original data size.
2023-09-13 16:03:46,097 [OM StateMachine ApplyTransaction Thread - 0] WARN  helpers.QuotaUtil (QuotaUtil.java:getReplicatedSize(63)) - Unknown replication type 'STAND_ALONE'. Returning original data size.
2023-09-13 16:03:46,097 [OM StateMachine ApplyTransaction Thread - 0] WARN  helpers.QuotaUtil (QuotaUtil.java:getReplicatedSize(63)) - Unknown replication type 'STAND_ALONE'. Returning original data size.
2023-09-13 16:03:46,103 [OM StateMachine ApplyTransaction Thread - 0] WARN  helpers.QuotaUtil (QuotaUtil.java:getReplicatedSize(63)) - Unknown replication type 'STAND_ALONE'. Returning original data size.
2023-09-13 16:03:46,103 [OM StateMachine ApplyTransaction Thread - 0] WARN  helpers.QuotaUtil (QuotaUtil.java:getReplicatedSize(63)) - Unknown replication type 'STAND_ALONE'. Returning original data size.
2023-09-13 16:03:46,110 [OM StateMachine ApplyTransaction Thread - 0] WARN  helpers.QuotaUtil (QuotaUtil.java:getReplicatedSize(63)) - Unknown replication type 'STAND_ALONE'. Returning original data size.
2023-09-13 16:03:46,110 [OM StateMachine ApplyTransaction Thread - 0] WARN  helpers.QuotaUtil (QuotaUtil.java:getReplicatedSize(63)) - Unknown replication type 'STAND_ALONE'. Returning original data size.
2023-09-13 16:03:46,135 [OM StateMachine ApplyTransaction Thread - 0] WARN  helpers.QuotaUtil (QuotaUtil.java:getReplicatedSize(63)) - Unknown replication type 'STAND_ALONE'. Returning original data size.
2023-09-13 16:03:46,135 [OM StateMachine ApplyTransaction Thread - 0] WARN  helpers.QuotaUtil (QuotaUtil.java:getReplicatedSize(63)) - Unknown replication type 'STAND_ALONE'. Returning original data size.
2023-09-13 16:03:46,146 [OM StateMachine ApplyTransaction Thread - 0] WARN  helpers.QuotaUtil (QuotaUtil.java:getReplicatedSize(63)) - Unknown replication type 'STAND_ALONE'. Returning original data size.
2023-09-13 16:03:46,146 [OM StateMachine ApplyTransaction Thread - 0] WARN  helpers.QuotaUtil (QuotaUtil.java:getReplicatedSize(63)) - Unknown replication type 'STAND_ALONE'. Returning original data size.
2023-09-13 16:03:46,155 [OM StateMachine ApplyTransaction Thread - 0] WARN  helpers.QuotaUtil (QuotaUtil.java:getReplicatedSize(63)) - Unknown replication type 'STAND_ALONE'. Returning original data size.
2023-09-13 16:03:46,156 [OM StateMachine ApplyTransaction Thread - 0] WARN  helpers.QuotaUtil (QuotaUtil.java:getReplicatedSize(63)) - Unknown replication type 'STAND_ALONE'. Returning original data size.
2023-09-13 16:03:46,159 [OM StateMachine ApplyTransaction Thread - 0] WARN  helpers.QuotaUtil (QuotaUtil.java:getReplicatedSize(63)) - Unknown replication type 'STAND_ALONE'. Returning original data size.
2023-09-13 16:03:46,159 [OM StateMachine ApplyTransaction Thread - 0] WARN  helpers.QuotaUtil (QuotaUtil.java:getReplicatedSize(63)) - Unknown replication type 'STAND_ALONE'. Returning original data size.
2023-09-13 16:03:46,164 [OM StateMachine ApplyTransaction Thread - 0] WARN  helpers.QuotaUtil (QuotaUtil.java:getReplicatedSize(63)) - Unknown replication type 'STAND_ALONE'. Returning original data size.
2023-09-13 16:03:46,164 [OM StateMachine ApplyTransaction Thread - 0] WARN  helpers.QuotaUtil (QuotaUtil.java:getReplicatedSize(63)) - Unknown replication type 'STAND_ALONE'. Returning original data size.
2023-09-13 16:03:46,170 [OM StateMachine ApplyTransaction Thread - 0] WARN  helpers.QuotaUtil (QuotaUtil.java:getReplicatedSize(63)) - Unknown replication type 'STAND_ALONE'. Returning original data size.
2023-09-13 16:03:46,170 [OM StateMachine ApplyTransaction Thread - 0] WARN  helpers.QuotaUtil (QuotaUtil.java:getReplicatedSize(63)) - Unknown replication type 'STAND_ALONE'. Returning original data size.
2023-09-13 16:03:46,179 [OM StateMachine ApplyTransaction Thread - 0] WARN  helpers.QuotaUtil (QuotaUtil.java:getReplicatedSize(63)) - Unknown replication type 'STAND_ALONE'. Returning original data size.
2023-09-13 16:03:46,179 [OM StateMachine ApplyTransaction Thread - 0] WARN  helpers.QuotaUtil (QuotaUtil.java:getReplicatedSize(63)) - Unknown replication type 'STAND_ALONE'. Returning original data size.
2023-09-13 16:03:46,182 [OM StateMachine ApplyTransaction Thread - 0] WARN  helpers.QuotaUtil (QuotaUtil.java:getReplicatedSize(63)) - Unknown replication type 'STAND_ALONE'. Returning original data size.
2023-09-13 16:03:46,183 [OM StateMachine ApplyTransaction Thread - 0] WARN  helpers.QuotaUtil (QuotaUtil.java:getReplicatedSize(63)) - Unknown replication type 'STAND_ALONE'. Returning original data size.
2023-09-13 16:03:46,192 [OM StateMachine ApplyTransaction Thread - 0] WARN  helpers.QuotaUtil (QuotaUtil.java:getReplicatedSize(63)) - Unknown replication type 'STAND_ALONE'. Returning original data size.
2023-09-13 16:03:46,192 [OM StateMachine ApplyTransaction Thread - 0] WARN  helpers.QuotaUtil (QuotaUtil.java:getReplicatedSize(63)) - Unknown replication type 'STAND_ALONE'. Returning original data size.
2023-09-13 16:03:46,198 [OM StateMachine ApplyTransaction Thread - 0] WARN  helpers.QuotaUtil (QuotaUtil.java:getReplicatedSize(63)) - Unknown replication type 'STAND_ALONE'. Returning original data size.
2023-09-13 16:03:46,198 [OM StateMachine ApplyTransaction Thread - 0] WARN  helpers.QuotaUtil (QuotaUtil.java:getReplicatedSize(63)) - Unknown replication type 'STAND_ALONE'. Returning original data size.
2023-09-13 16:03:46,201 [OM StateMachine ApplyTransaction Thread - 0] WARN  helpers.QuotaUtil (QuotaUtil.java:getReplicatedSize(63)) - Unknown replication type 'STAND_ALONE'. Returning original data size.
2023-09-13 16:03:46,201 [OM StateMachine ApplyTransaction Thread - 0] WARN  helpers.QuotaUtil (QuotaUtil.java:getReplicatedSize(63)) - Unknown replication type 'STAND_ALONE'. Returning original data size.
2023-09-13 16:03:46,214 [OM StateMachine ApplyTransaction Thread - 0] WARN  helpers.QuotaUtil (QuotaUtil.java:getReplicatedSize(63)) - Unknown replication type 'STAND_ALONE'. Returning original data size.
2023-09-13 16:03:46,215 [OM StateMachine ApplyTransaction Thread - 0] WARN  helpers.QuotaUtil (QuotaUtil.java:getReplicatedSize(63)) - Unknown replication type 'STAND_ALONE'. Returning original data size.
2023-09-13 16:03:46,224 [OM StateMachine ApplyTransaction Thread - 0] WARN  helpers.QuotaUtil (QuotaUtil.java:getReplicatedSize(63)) - Unknown replication type 'STAND_ALONE'. Returning original data size.
2023-09-13 16:03:46,224 [OM StateMachine ApplyTransaction Thread - 0] WARN  helpers.QuotaUtil (QuotaUtil.java:getReplicatedSize(63)) - Unknown replication type 'STAND_ALONE'. Returning original data size.
2023-09-13 16:03:46,230 [OM StateMachine ApplyTransaction Thread - 0] WARN  helpers.QuotaUtil (QuotaUtil.java:getReplicatedSize(63)) - Unknown replication type 'STAND_ALONE'. Returning original data size.
2023-09-13 16:03:46,230 [OM StateMachine ApplyTransaction Thread - 0] WARN  helpers.QuotaUtil (QuotaUtil.java:getReplicatedSize(63)) - Unknown replication type 'STAND_ALONE'. Returning original data size.
2023-09-13 16:03:46,233 [OM StateMachine ApplyTransaction Thread - 0] WARN  helpers.QuotaUtil (QuotaUtil.java:getReplicatedSize(63)) - Unknown replication type 'STAND_ALONE'. Returning original data size.
2023-09-13 16:03:46,233 [OM StateMachine ApplyTransaction Thread - 0] WARN  helpers.QuotaUtil (QuotaUtil.java:getReplicatedSize(63)) - Unknown replication type 'STAND_ALONE'. Returning original data size.
2023-09-13 16:03:46,239 [OM StateMachine ApplyTransaction Thread - 0] WARN  helpers.QuotaUtil (QuotaUtil.java:getReplicatedSize(63)) - Unknown replication type 'STAND_ALONE'. Returning original data size.
2023-09-13 16:03:46,239 [OM StateMachine ApplyTransaction Thread - 0] WARN  helpers.QuotaUtil (QuotaUtil.java:getReplicatedSize(63)) - Unknown replication type 'STAND_ALONE'. Returning original data size.
2023-09-13 16:03:46,241 [OM StateMachine ApplyTransaction Thread - 0] WARN  helpers.QuotaUtil (QuotaUtil.java:getReplicatedSize(63)) - Unknown replication type 'STAND_ALONE'. Returning original data size.
2023-09-13 16:03:46,241 [OM StateMachine ApplyTransaction Thread - 0] WARN  helpers.QuotaUtil (QuotaUtil.java:getReplicatedSize(63)) - Unknown replication type 'STAND_ALONE'. Returning original data size.
2023-09-13 16:03:46,253 [OM StateMachine ApplyTransaction Thread - 0] WARN  helpers.QuotaUtil (QuotaUtil.java:getReplicatedSize(63)) - Unknown replication type 'STAND_ALONE'. Returning original data size.
2023-09-13 16:03:46,253 [OM StateMachine ApplyTransaction Thread - 0] WARN  helpers.QuotaUtil (QuotaUtil.java:getReplicatedSize(63)) - Unknown replication type 'STAND_ALONE'. Returning original data size.
2023-09-13 16:03:46,255 [OM StateMachine ApplyTransaction Thread - 0] WARN  helpers.QuotaUtil (QuotaUtil.java:getReplicatedSize(63)) - Unknown replication type 'STAND_ALONE'. Returning original data size.
2023-09-13 16:03:46,255 [OM StateMachine ApplyTransaction Thread - 0] WARN  helpers.QuotaUtil (QuotaUtil.java:getReplicatedSize(63)) - Unknown replication type 'STAND_ALONE'. Returning original data size.
2023-09-13 16:03:46,261 [OM StateMachine ApplyTransaction Thread - 0] WARN  helpers.QuotaUtil (QuotaUtil.java:getReplicatedSize(63)) - Unknown replication type 'STAND_ALONE'. Returning original data size.
2023-09-13 16:03:46,261 [OM StateMachine ApplyTransaction Thread - 0] WARN  helpers.QuotaUtil (QuotaUtil.java:getReplicatedSize(63)) - Unknown replication type 'STAND_ALONE'. Returning original data size.
2023-09-13 16:03:46,264 [OM StateMachine ApplyTransaction Thread - 0] WARN  helpers.QuotaUtil (QuotaUtil.java:getReplicatedSize(63)) - Unknown replication type 'STAND_ALONE'. Returning original data size.
2023-09-13 16:03:46,264 [OM StateMachine ApplyTransaction Thread - 0] WARN  helpers.QuotaUtil (QuotaUtil.java:getReplicatedSize(63)) - Unknown replication type 'STAND_ALONE'. Returning original data size.
2023-09-13 16:03:46,800 [main] INFO  om.OzoneManager (OzoneManager.java:stop(2207)) - om1[0.0.0.0:9862]: Stopping Ozone Manager
2023-09-13 16:03:46,801 [main] INFO  ipc.Server (Server.java:stop(3523)) - Stopping server on 9862
2023-09-13 16:03:46,810 [IPC Server Responder] INFO  ipc.Server (Server.java:run(1567)) - Stopping IPC Server Responder
2023-09-13 16:03:46,810 [IPC Server listener on 9862] INFO  ipc.Server (Server.java:run(1434)) - Stopping IPC Server listener on 9862
2023-09-13 16:03:50,834 [main] INFO  om.GrpcOzoneManagerServer (GrpcOzoneManagerServer.java:stop(192)) - Server GrpcOzoneManagerServer is shutdown
2023-09-13 16:03:50,835 [main] INFO  server.RaftServer (RaftServerProxy.java:lambda$close$6(416)) - om1: close
2023-09-13 16:03:50,835 [main] INFO  server.GrpcService (GrpcService.java:closeImpl(311)) - om1: shutdown server GrpcServerProtocolService now
2023-09-13 16:03:50,835 [om1-impl-thread1] INFO  server.RaftServer$Division (RaftServerImpl.java:lambda$close$4(466)) - om1@group-C5BA1605619E: shutdown
2023-09-13 16:03:50,836 [om1-impl-thread1] INFO  util.JmxRegister (JmxRegister.java:unregister(73)) - Successfully un-registered JMX Bean with object name Ratis:service=RaftServer,group=group-C5BA1605619E,id=om1
2023-09-13 16:03:50,836 [om1-impl-thread1] INFO  impl.RoleInfo (RoleInfo.java:shutdownLeaderState(93)) - om1: shutdown om1@group-C5BA1605619E-LeaderStateImpl
2023-09-13 16:03:50,836 [om1-impl-thread1] INFO  impl.PendingRequests (PendingRequests.java:sendNotLeaderResponses(289)) - om1@group-C5BA1605619E-PendingRequests: sendNotLeaderResponses
2023-09-13 16:03:50,842 [om1-impl-thread1] INFO  impl.StateMachineUpdater (StateMachineUpdater.java:stopAndJoin(155)) - om1@group-C5BA1605619E-StateMachineUpdater: set stopIndex = 344
2023-09-13 16:03:50,842 [om1@group-C5BA1605619E-StateMachineUpdater] INFO  ratis.OzoneManagerStateMachine (OzoneManagerStateMachine.java:takeSnapshot(480)) - Current Snapshot Index (t:1, i:344)
2023-09-13 16:03:50,842 [main] INFO  server.GrpcService (GrpcService.java:closeImpl(320)) - om1: shutdown server GrpcServerProtocolService successfully
2023-09-13 16:03:50,856 [om1@group-C5BA1605619E-StateMachineUpdater] INFO  impl.StateMachineUpdater (StateMachineUpdater.java:takeSnapshot(291)) - om1@group-C5BA1605619E-StateMachineUpdater: Took a snapshot at index 344
2023-09-13 16:03:50,856 [om1@group-C5BA1605619E-StateMachineUpdater] INFO  impl.StateMachineUpdater (StateMachineUpdater.java:lambda$new$0(97)) - om1@group-C5BA1605619E-StateMachineUpdater: snapshotIndex: updateIncreasingly -1 -> 344
2023-09-13 16:03:50,856 [om1@group-C5BA1605619E-StateMachineUpdater] INFO  ratis.OzoneManagerStateMachine (OzoneManagerStateMachine.java:close(534)) - StateMachine has shutdown. Shutdown OzoneManager if not already shutdown.
2023-09-13 16:03:50,856 [om1@group-C5BA1605619E-StateMachineUpdater] INFO  ratis.OzoneManagerDoubleBuffer (OzoneManagerDoubleBuffer.java:stopDaemon(551)) - Stopping OMDoubleBuffer flush thread
2023-09-13 16:03:50,856 [OMDoubleBufferFlushThread] INFO  ratis.OzoneManagerDoubleBuffer (OzoneManagerDoubleBuffer.java:canFlush(638)) - OMDoubleBuffer flush thread OMDoubleBufferFlushThread is interrupted and will exit.
2023-09-13 16:03:50,859 [om1-impl-thread1] INFO  server.RaftServer$Division (ServerState.java:close(472)) - om1@group-C5BA1605619E: closes. applyIndex: 344
2023-09-13 16:03:51,725 [om1-impl-thread1] INFO  segmented.SegmentedRaftLogWorker (SegmentedRaftLogWorker.java:close(252)) - om1@group-C5BA1605619E-SegmentedRaftLogWorker close()
2023-09-13 16:03:51,726 [JvmPauseMonitor4] INFO  util.JvmPauseMonitor (JvmPauseMonitor.java:run(109)) - JvmPauseMonitor-om1: Stopped
2023-09-13 16:03:51,726 [main] INFO  ratis.OzoneManagerStateMachine (OzoneManagerStateMachine.java:close(534)) - StateMachine has shutdown. Shutdown OzoneManager if not already shutdown.
2023-09-13 16:03:51,726 [main] INFO  ratis.OzoneManagerDoubleBuffer (OzoneManagerDoubleBuffer.java:stopDaemon(560)) - OMDoubleBuffer flush thread is not running.
2023-09-13 16:03:51,727 [main] INFO  utils.BackgroundService (BackgroundService.java:shutdown(141)) - Shutting down service KeyDeletingService
2023-09-13 16:03:51,727 [main] INFO  utils.BackgroundService (BackgroundService.java:shutdown(141)) - Shutting down service KeyDeletingService
2023-09-13 16:03:51,727 [main] INFO  utils.BackgroundService (BackgroundService.java:shutdown(141)) - Shutting down service OpenKeyCleanupService
2023-09-13 16:03:51,728 [main] INFO  utils.BackgroundService (BackgroundService.java:shutdown(141)) - Shutting down service SstFilteringService
2023-09-13 16:03:51,728 [main] INFO  utils.BackgroundService (BackgroundService.java:shutdown(141)) - Shutting down service SnapshotDeletingService
2023-09-13 16:03:51,728 [main] INFO  om.OzoneManager (OzoneManager.java:stopSecretManager(1071)) - Stopping OM delegation token secret manager.
2023-09-13 16:03:51,729 [main] INFO  handler.ContextHandler (ContextHandler.java:doStop(1159)) - Stopped o.e.j.w.WebAppContext@28aee12e{ozoneManager,/,null,STOPPED}{file:/home/runner/work/ozone/ozone/hadoop-ozone/ozone-manager/target/classes/webapps/ozoneManager}
2023-09-13 16:03:51,730 [main] INFO  server.AbstractConnector (AbstractConnector.java:doStop(383)) - Stopped ServerConnector@7fe14f94{HTTP/1.1, (http/1.1)}{0.0.0.0:9874}
2023-09-13 16:03:51,730 [main] INFO  server.session (HouseKeeper.java:stopScavenging(149)) - node0 Stopped scavenging
2023-09-13 16:03:51,730 [main] INFO  handler.ContextHandler (ContextHandler.java:doStop(1159)) - Stopped o.e.j.s.ServletContextHandler@6fe2da0c{static,/static,file:///home/runner/work/ozone/ozone/hadoop-ozone/ozone-manager/target/classes/webapps/static,STOPPED}
2023-09-13 16:03:51,731 [main] INFO  handler.ContextHandler (ContextHandler.java:doStop(1159)) - Stopped o.e.j.s.ServletContextHandler@15273ae8{logs,/logs,file:///home/runner/work/ozone/ozone/hadoop-ozone/ozone-manager/target/log,STOPPED}
2023-09-13 16:03:51,732 [main] INFO  rocksdiff.RocksDBCheckpointDiffer (RocksDBCheckpointDiffer.java:close(343)) - Shutting down CompactionDagPruningService.
2023-09-13 16:03:51,734 [main] INFO  snapshot.SnapshotDiffManager (SnapshotDiffManager.java:closeExecutorService(1706)) - Shutting down executorService: 'SnapDiffExecutor'
2023-09-13 16:03:51,734 [main] INFO  snapshot.SnapshotDiffManager (SnapshotDiffManager.java:closeExecutorService(1706)) - Shutting down executorService: 'SstDumpToolExecutor'
2023-09-13 16:03:51,734 [main] INFO  utils.BackgroundService (BackgroundService.java:shutdown(141)) - Shutting down service SnapshotDiffCleanupService
]]></system-out>
  </testcase>
  <testcase name="testCleanupExpiredOpenKeys(int, int, boolean)[6]" classname="org.apache.hadoop.ozone.om.service.TestOpenKeyCleanupService" time="12.772">
    <system-out><![CDATA[2023-09-13 16:03:51,759 [main] WARN  server.ServerUtils (ServerUtils.java:getDBPath(311)) - ozone.om.db.dirs is not configured. We recommend adding this setting. Falling back to ozone.metadata.dirs instead.
2023-09-13 16:03:51,762 [main] INFO  ha.OMHANodeDetails (OMHANodeDetails.java:loadOMHAConfig(115)) - ozone.om.internal.service.id is not defined, falling back to ozone.om.service.ids to find serviceID for OzoneManager if it is HA enabled cluster
2023-09-13 16:03:51,762 [main] INFO  ha.OMHANodeDetails (OMHANodeDetails.java:loadOMHAConfig(226)) - Configuration does not have ozone.om.address set. Falling back to the default OM address /0.0.0.0:9862
2023-09-13 16:03:51,762 [main] INFO  ha.OMHANodeDetails (OMHANodeDetails.java:getOMNodeDetailsForNonHA(254)) - OM Service ID is not set. Setting it to the default ID: omServiceIdDefault
2023-09-13 16:03:51,762 [main] INFO  ha.OMHANodeDetails (OMHANodeDetails.java:getOMNodeDetailsForNonHA(261)) - OM Node ID is not set. Setting it to the default ID: om1
2023-09-13 16:03:51,763 [main] WARN  server.ServerUtils (ServerUtils.java:getDBPath(311)) - ozone.om.db.dirs is not configured. We recommend adding this setting. Falling back to ozone.metadata.dirs instead.
2023-09-13 16:03:51,764 [main] INFO  upgrade.AbstractLayoutVersionManager (AbstractLayoutVersionManager.java:init(83)) - Initializing Layout version manager with metadata layout = QUOTA (version = 6), software layout = QUOTA (version = 6)
2023-09-13 16:03:51,803 [main] INFO  reflections.Reflections (Reflections.java:scan(232)) - Reflections took 38 ms to scan 2 urls, producing 187 keys and 515 values [using 2 cores]
2023-09-13 16:03:51,803 [main] INFO  upgrade.OMLayoutVersionManager (OMLayoutVersionManager.java:lambda$0(115)) - Skipping Upgrade Action QuotaRepairUpgradeAction since it has been finalized.
2023-09-13 16:03:51,803 [main] INFO  upgrade.OMLayoutVersionManager (OMLayoutVersionManager.java:lambda$0(115)) - Skipping Upgrade Action MockOmUpgradeAction since it has been finalized.
2023-09-13 16:03:51,804 [main] WARN  server.ServerUtils (ServerUtils.java:getDBPath(311)) - ozone.om.db.dirs is not configured. We recommend adding this setting. Falling back to ozone.metadata.dirs instead.
2023-09-13 16:03:51,805 [main] INFO  proxy.SCMBlockLocationFailoverProxyProvider (SCMBlockLocationFailoverProxyProvider.java:<init>(114)) - Created block location fail-over proxy with 1 nodes: [nodeId=scmNodeId,nodeAddress=/127.0.0.1:9863]
2023-09-13 16:03:51,807 [main] INFO  om.OzoneManager (OzoneManager.java:<init>(665)) - OM start with adminUsers: [runner]
2023-09-13 16:03:51,808 [main] WARN  server.ServerUtils (ServerUtils.java:getDBPath(311)) - ozone.om.db.dirs is not configured. We recommend adding this setting. Falling back to ozone.metadata.dirs instead.
2023-09-13 16:03:51,809 [main] INFO  helpers.OmKeyInfo (OmKeyInfo.java:getCodec(71)) - OmKeyInfo.getCodec ignorePipeline = true
2023-09-13 16:03:51,992 [main] INFO  om.OzoneManager (OzoneManager.java:instantiateServices(794)) - S3 Multi-Tenancy is disabled
2023-09-13 16:03:51,993 [main] INFO  security.OzoneSecretStore (OzoneSecretStore.java:loadState(69)) - Loaded 0 tokens
2023-09-13 16:03:51,993 [main] INFO  security.OzoneDelegationTokenSecretManager (OzoneDelegationTokenSecretManager.java:loadTokenSecretState(530)) - Loading token state into token manager.
2023-09-13 16:03:51,993 [main] INFO  om.OmSnapshotManager (OmSnapshotManager.java:<init>(174)) - Ozone filesystem snapshot feature is enabled.
2023-09-13 16:03:51,994 [main] WARN  server.ServerUtils (ServerUtils.java:getDBPath(311)) - ozone.om.snapshot.diff.db.dir is not configured. We recommend adding this setting. Falling back to ozone.metadata.dirs instead.
2023-09-13 16:03:52,013 [main] INFO  snapshot.SnapshotDiffManager (SnapshotDiffManager.java:closeExecutorService(1706)) - Shutting down executorService: 'SstDumpToolExecutor'
2023-09-13 16:03:52,015 [main] INFO  om.OzoneManager (OzoneManager.java:addS3GVolumeToDB(4305)) - Created Volume s3v With Owner runner required for S3Gateway operations.
2023-09-13 16:03:52,015 [main] WARN  server.ServerUtils (ServerUtils.java:getDefaultRatisDirectory(323)) - Storage directory for Ratis is not configured. It is a good idea to map this to an SSD disk. Falling back to ozone.metadata.dirs
2023-09-13 16:03:52,015 [main] WARN  utils.OzoneManagerRatisUtils (OzoneManagerRatisUtils.java:getOMRatisSnapshotDirectory(464)) - ozone.om.ratis.snapshot.dir is not configured. Falling back to ozone.metadata.dirs config
2023-09-13 16:03:52,016 [main] WARN  server.ServerUtils (ServerUtils.java:getDefaultRatisDirectory(323)) - Storage directory for Ratis is not configured. It is a good idea to map this to an SSD disk. Falling back to ozone.metadata.dirs
2023-09-13 16:03:52,017 [main] INFO  ratis.OzoneManagerRatisServer (OzoneManagerRatisServer.java:<init>(163)) - Instantiating OM Ratis server with groupID: omServiceIdDefault and peers: 0.0.0.0:9872
2023-09-13 16:03:52,017 [main] INFO  ratis.OzoneManagerStateMachine (OzoneManagerStateMachine.java:loadSnapshotInfoFromDB(687)) - LastAppliedIndex is set from TransactionInfo from OM DB as (t:0, i:~)
2023-09-13 16:03:52,018 [main] INFO  server.RaftServer (ConfUtils.java:logGet(46)) - raft.rpc.type = GRPC (default)
2023-09-13 16:03:52,018 [main] INFO  grpc.GrpcConfigKeys (ConfUtils.java:logFallback(53)) - raft.grpc.admin.host = null (fallback to raft.grpc.server.host)
2023-09-13 16:03:52,018 [main] INFO  grpc.GrpcConfigKeys (ConfUtils.java:logFallback(53)) - raft.grpc.admin.port = 9872 (fallback to raft.grpc.server.port)
2023-09-13 16:03:52,019 [main] INFO  grpc.GrpcConfigKeys (ConfUtils.java:logFallback(53)) - raft.grpc.client.host = null (fallback to raft.grpc.server.host)
2023-09-13 16:03:52,019 [main] INFO  grpc.GrpcConfigKeys (ConfUtils.java:logFallback(53)) - raft.grpc.client.port = 9872 (fallback to raft.grpc.server.port)
2023-09-13 16:03:52,019 [main] INFO  grpc.GrpcConfigKeys (ConfUtils.java:logGet(46)) - raft.grpc.server.host = null (default)
2023-09-13 16:03:52,023 [main] INFO  grpc.GrpcConfigKeys (ConfUtils.java:logGet(46)) - raft.grpc.server.port = 9872 (custom)
2023-09-13 16:03:52,023 [main] INFO  server.GrpcService (ConfUtils.java:logGet(46)) - raft.grpc.message.size.max = 33554432 (custom)
2023-09-13 16:03:52,023 [main] INFO  server.RaftServerConfigKeys (ConfUtils.java:logGet(46)) - raft.server.log.appender.buffer.byte-limit = 33554432 (custom)
2023-09-13 16:03:52,023 [main] INFO  server.GrpcService (ConfUtils.java:logGet(46)) - raft.grpc.flow.control.window = 1MB (=1048576) (default)
2023-09-13 16:03:52,023 [main] INFO  server.RaftServerConfigKeys (ConfUtils.java:logGet(46)) - raft.server.rpc.request.timeout = 3000ms (default)
2023-09-13 16:03:52,024 [main] INFO  grpc.GrpcConfigKeys (ConfUtils.java:logGet(46)) - raft.grpc.server.heartbeat.channel = true (default)
2023-09-13 16:03:52,024 [main] INFO  grpc.GrpcConfigKeys (ConfUtils.java:logGet(46)) - raft.grpc.server.async.request.thread.pool.cached = true (default)
2023-09-13 16:03:52,024 [main] INFO  grpc.GrpcConfigKeys (ConfUtils.java:logGet(46)) - raft.grpc.server.async.request.thread.pool.size = 32 (default)
2023-09-13 16:03:52,025 [main] INFO  impl.DataStreamServerImpl (ConfUtils.java:logGet(46)) - raft.datastream.type = DISABLED (default)
2023-09-13 16:03:52,026 [main] INFO  server.RaftServerConfigKeys (ConfUtils.java:logGet(46)) - raft.server.threadpool.proxy.cached = true (default)
2023-09-13 16:03:52,026 [main] INFO  server.RaftServerConfigKeys (ConfUtils.java:logGet(46)) - raft.server.threadpool.proxy.size = 0 (default)
2023-09-13 16:03:52,026 [main] INFO  server.RaftServerConfigKeys (ConfUtils.java:logGet(46)) - raft.server.rpc.slowness.timeout = 120s (custom)
2023-09-13 16:03:52,026 [main] INFO  server.RaftServerConfigKeys (ConfUtils.java:logGet(46)) - raft.server.leaderelection.leader.step-down.wait-time = 10s (default)
2023-09-13 16:03:52,026 [main] INFO  server.RaftServerConfigKeys (ConfUtils.java:logGet(46)) - raft.server.storage.dir = [/tmp/junit4873358214329734017/ratis] (custom)
2023-09-13 16:03:52,027 [main] INFO  server.RaftServer (RaftServerProxy.java:addNew(98)) - om1: addNew group-C5BA1605619E:[om1|rpc:0.0.0.0:9872|priority:0|startupRole:FOLLOWER] returns group-C5BA1605619E:java.util.concurrent.CompletableFuture@49b99[Not completed]
2023-09-13 16:03:52,027 [main] INFO  om.OzoneManager (OzoneManager.java:initializeRatisServer(2148)) - OzoneManager Ratis server initialized at port 9872
2023-09-13 16:03:52,027 [main] INFO  om.OzoneManager (OzoneManager.java:getRpcServer(1196)) - Creating RPC Server
2023-09-13 16:03:52,028 [om1-groupManagement] INFO  server.RaftServer$Division (RaftServerImpl.java:<init>(198)) - om1: new RaftServerImpl for group-C5BA1605619E:[om1|rpc:0.0.0.0:9872|priority:0|startupRole:FOLLOWER] with OzoneManagerStateMachine:uninitialized
2023-09-13 16:03:52,029 [om1-groupManagement] INFO  server.RaftServerConfigKeys (ConfUtils.java:logGet(46)) - raft.server.rpc.timeout.min = 5s (custom)
2023-09-13 16:03:52,029 [om1-groupManagement] INFO  server.RaftServerConfigKeys (ConfUtils.java:logGet(46)) - raft.server.rpc.timeout.max = 5200ms (custom)
2023-09-13 16:03:52,029 [om1-groupManagement] INFO  server.RaftServerConfigKeys (ConfUtils.java:logGet(46)) - raft.server.rpc.sleep.time = 25ms (default)
2023-09-13 16:03:52,029 [om1-groupManagement] INFO  server.RaftServerConfigKeys (ConfUtils.java:logGet(46)) - raft.server.rpc.slowness.timeout = 120s (custom)
2023-09-13 16:03:52,029 [om1-groupManagement] INFO  server.RaftServerConfigKeys (ConfUtils.java:logGet(46)) - raft.server.leaderelection.leader.step-down.wait-time = 10s (default)
2023-09-13 16:03:52,029 [om1-groupManagement] INFO  server.RaftServerConfigKeys (ConfUtils.java:logGet(46)) - raft.server.sleep.deviation.threshold = 300ms (default)
2023-09-13 16:03:52,029 [om1-groupManagement] INFO  server.RaftServer$Division (ServerState.java:<init>(120)) - om1@group-C5BA1605619E: ConfigurationManager, init=-1: peers:[om1|rpc:0.0.0.0:9872|priority:0|startupRole:FOLLOWER]|listeners:[], old=null, confs=<EMPTY_MAP>
2023-09-13 16:03:52,029 [om1-groupManagement] INFO  server.RaftServerConfigKeys (ConfUtils.java:logGet(46)) - raft.server.storage.dir = [/tmp/junit4873358214329734017/ratis] (custom)
2023-09-13 16:03:52,029 [om1-groupManagement] INFO  server.RaftServerConfigKeys (ConfUtils.java:logGet(46)) - raft.server.log.corruption.policy = EXCEPTION (default)
2023-09-13 16:03:52,029 [om1-groupManagement] INFO  server.RaftServerConfigKeys (ConfUtils.java:logGet(46)) - raft.server.storage.free-space.min = 0MB (=0) (default)
2023-09-13 16:03:52,029 [om1-groupManagement] INFO  server.RaftServerConfigKeys (ConfUtils.java:logGet(46)) - raft.server.notification.no-leader.timeout = 120s (custom)
2023-09-13 16:03:52,029 [om1-groupManagement] INFO  server.RaftServerConfigKeys (ConfUtils.java:logGet(46)) - raft.server.read.timeout = 10s (default)
2023-09-13 16:03:52,029 [om1-groupManagement] INFO  server.RaftServerConfigKeys (ConfUtils.java:logGet(46)) - raft.server.retrycache.expirytime = 300s (custom)
2023-09-13 16:03:52,029 [om1-groupManagement] INFO  server.RaftServerConfigKeys (ConfUtils.java:logGet(46)) - raft.server.retrycache.statistics.expirytime = 100μs (default)
2023-09-13 16:03:52,029 [om1-groupManagement] INFO  server.RaftServerConfigKeys (ConfUtils.java:logGet(46)) - raft.server.read.option = DEFAULT (default)
2023-09-13 16:03:52,030 [om1-groupManagement] INFO  server.RaftServerConfigKeys (ConfUtils.java:logGet(46)) - raft.server.rpc.request.timeout = 3000ms (default)
2023-09-13 16:03:52,030 [om1-groupManagement] INFO  server.RaftServerConfigKeys (ConfUtils.java:logGet(46)) - raft.server.log.appender.install.snapshot.enabled = false (custom)
2023-09-13 16:03:52,030 [om1-groupManagement] INFO  server.RaftServerConfigKeys (ConfUtils.java:logGet(46)) - raft.server.threadpool.server.cached = true (default)
2023-09-13 16:03:52,030 [om1-groupManagement] INFO  server.RaftServerConfigKeys (ConfUtils.java:logGet(46)) - raft.server.threadpool.server.size = 0 (default)
2023-09-13 16:03:52,030 [om1-groupManagement] INFO  server.RaftServerConfigKeys (ConfUtils.java:logGet(46)) - raft.server.threadpool.client.cached = true (default)
2023-09-13 16:03:52,030 [om1-groupManagement] INFO  server.RaftServerConfigKeys (ConfUtils.java:logGet(46)) - raft.server.threadpool.client.size = 0 (default)
2023-09-13 16:03:52,219 [main] INFO  reflections.Reflections (Reflections.java:scan(232)) - Reflections took 191 ms to scan 12 urls, producing 50 keys and 2980 values [using 2 cores]
2023-09-13 16:03:52,220 [main] INFO  ipc.CallQueueManager (CallQueueManager.java:<init>(90)) - Using callQueue: class java.util.concurrent.LinkedBlockingQueue, queueCapacity: 10000, scheduler: class org.apache.hadoop.ipc.DefaultRpcScheduler, ipcBackoff: false.
2023-09-13 16:03:52,221 [main] INFO  ipc.Server (Server.java:<init>(1287)) - Listener at 0.0.0.0:9862
2023-09-13 16:03:52,223 [Socket Reader #1 for port 9862] INFO  ipc.Server (Server.java:run(1323)) - Starting Socket Reader #1 for port 9862
2023-09-13 16:03:52,244 [main] INFO  impl.MetricsSystemImpl (MetricsSystemImpl.java:init(158)) - OzoneManager metrics system started (again)
2023-09-13 16:03:52,251 [main] INFO  om.OzoneManager (OzoneManager.java:start(1633)) - OzoneManager RPC server is listening at /0.0.0.0:9862
2023-09-13 16:03:52,251 [main] INFO  ratis.OzoneManagerRatisServer (OzoneManagerRatisServer.java:start(558)) - Starting OzoneManagerRatisServer om1 at port 9872
2023-09-13 16:03:52,251 [om1-impl-thread1] INFO  storage.RaftStorageDirectory (RaftStorageDirectoryImpl.java:analyzeStorage(137)) - The storage directory /tmp/junit4873358214329734017/ratis/bf265839-605b-3f16-9796-c5ba1605619e does not exist. Creating ...
2023-09-13 16:03:52,252 [om1-impl-thread1] INFO  storage.RaftStorageDirectory (RaftStorageDirectoryImpl.java:tryLock(231)) - Lock on /tmp/junit4873358214329734017/ratis/bf265839-605b-3f16-9796-c5ba1605619e/in_use.lock acquired by nodename 188718@fv-az937-94
2023-09-13 16:03:52,255 [om1-impl-thread1] INFO  storage.RaftStorage (RaftStorageImpl.java:format(96)) - Storage directory /tmp/junit4873358214329734017/ratis/bf265839-605b-3f16-9796-c5ba1605619e has been successfully formatted.
2023-09-13 16:03:52,255 [om1-impl-thread1] INFO  server.RaftServerConfigKeys (ConfUtils.java:logGet(46)) - raft.server.log.use.memory = false (default)
2023-09-13 16:03:52,255 [om1-impl-thread1] INFO  server.RaftServerConfigKeys (ConfUtils.java:logGet(46)) - raft.server.log.purge.gap = 1000000 (custom)
2023-09-13 16:03:52,255 [om1-impl-thread1] INFO  server.RaftServerConfigKeys (ConfUtils.java:logGet(46)) - raft.server.log.appender.buffer.byte-limit = 33554432 (custom)
2023-09-13 16:03:52,255 [om1-impl-thread1] INFO  server.RaftServerConfigKeys (ConfUtils.java:logGet(46)) - raft.server.log.statemachine.data.read.timeout = 1000ms (default)
2023-09-13 16:03:52,255 [om1-impl-thread1] INFO  server.RaftServerConfigKeys (ConfUtils.java:logGet(46)) - raft.server.log.purge.preservation.log.num = 0 (default)
2023-09-13 16:03:52,255 [om1-impl-thread1] INFO  server.RaftServerConfigKeys (ConfUtils.java:logGet(46)) - raft.server.log.segment.size.max = 4194304 (custom)
2023-09-13 16:03:52,256 [om1-impl-thread1] INFO  server.RaftServerConfigKeys (ConfUtils.java:logGet(46)) - raft.server.log.segment.cache.num.max = 2 (custom)
2023-09-13 16:03:52,256 [om1-impl-thread1] INFO  server.RaftServerConfigKeys (ConfUtils.java:logGet(46)) - raft.server.log.segment.cache.size.max = 200MB (=209715200) (default)
2023-09-13 16:03:52,256 [om1-impl-thread1] INFO  server.RaftServerConfigKeys (ConfUtils.java:logGet(46)) - raft.server.log.appender.buffer.byte-limit = 33554432 (custom)
2023-09-13 16:03:52,256 [om1-impl-thread1] INFO  segmented.SegmentedRaftLogWorker (SegmentedRaftLogWorker.java:<init>(188)) - new om1@group-C5BA1605619E-SegmentedRaftLogWorker for RaftStorageImpl:Storage Directory /tmp/junit4873358214329734017/ratis/bf265839-605b-3f16-9796-c5ba1605619e
2023-09-13 16:03:52,256 [om1-impl-thread1] INFO  server.RaftServerConfigKeys (ConfUtils.java:logGet(46)) - raft.server.log.queue.byte-limit = 64MB (=67108864) (default)
2023-09-13 16:03:52,256 [om1-impl-thread1] INFO  server.RaftServerConfigKeys (ConfUtils.java:logGet(46)) - raft.server.log.queue.element-limit = 4096 (default)
2023-09-13 16:03:52,256 [om1-impl-thread1] INFO  server.RaftServerConfigKeys (ConfUtils.java:logGet(46)) - raft.server.log.segment.size.max = 4194304 (custom)
2023-09-13 16:03:52,256 [om1-impl-thread1] INFO  server.RaftServerConfigKeys (ConfUtils.java:logGet(46)) - raft.server.log.preallocated.size = 4194304 (custom)
2023-09-13 16:03:52,256 [om1-impl-thread1] INFO  server.RaftServerConfigKeys (ConfUtils.java:logGet(46)) - raft.server.log.force.sync.num = 128 (default)
2023-09-13 16:03:52,256 [om1-impl-thread1] INFO  server.RaftServerConfigKeys (ConfUtils.java:logGet(46)) - raft.server.log.statemachine.data.sync = true (default)
2023-09-13 16:03:52,256 [om1-impl-thread1] INFO  server.RaftServerConfigKeys (ConfUtils.java:logGet(46)) - raft.server.log.statemachine.data.sync.timeout = 10s (default)
2023-09-13 16:03:52,256 [om1-impl-thread1] INFO  server.RaftServerConfigKeys (ConfUtils.java:logGet(46)) - raft.server.log.statemachine.data.sync.timeout.retry = -1 (default)
2023-09-13 16:03:52,256 [om1-impl-thread1] INFO  server.RaftServerConfigKeys (ConfUtils.java:logGet(46)) - raft.server.log.write.buffer.size = 64KB (=65536) (default)
2023-09-13 16:03:52,256 [om1-impl-thread1] INFO  server.RaftServerConfigKeys (ConfUtils.java:logGet(46)) - raft.server.log.appender.buffer.byte-limit = 33554432 (custom)
2023-09-13 16:03:52,261 [om1-impl-thread1] INFO  server.RaftServerConfigKeys (ConfUtils.java:logGet(46)) - raft.server.log.unsafe-flush.enabled = false (default)
2023-09-13 16:03:52,261 [om1-impl-thread1] INFO  server.RaftServerConfigKeys (ConfUtils.java:logGet(46)) - raft.server.log.async-flush.enabled = false (default)
2023-09-13 16:03:52,261 [om1-impl-thread1] INFO  server.RaftServerConfigKeys (ConfUtils.java:logGet(46)) - raft.server.log.statemachine.data.caching.enabled = false (default)
2023-09-13 16:03:52,262 [om1-impl-thread1] INFO  segmented.SegmentedRaftLogWorker (SegmentedRaftLogWorker.java:lambda$new$0(135)) - om1@group-C5BA1605619E-SegmentedRaftLogWorker: flushIndex: setUnconditionally 0 -> -1
2023-09-13 16:03:52,262 [om1-impl-thread1] INFO  segmented.SegmentedRaftLogWorker (SegmentedRaftLogWorker.java:lambda$new$0(135)) - om1@group-C5BA1605619E-SegmentedRaftLogWorker: safeCacheEvictIndex: setUnconditionally 0 -> -1
2023-09-13 16:03:52,262 [om1-impl-thread1] INFO  server.RaftServer$Division (RaftServerImpl.java:start(342)) - om1@group-C5BA1605619E: start as a follower, conf=-1: peers:[om1|rpc:0.0.0.0:9872|priority:0|startupRole:FOLLOWER]|listeners:[], old=null
2023-09-13 16:03:52,262 [om1-impl-thread1] INFO  server.RaftServer$Division (RaftServerImpl.java:setRole(329)) - om1@group-C5BA1605619E: changes role from      null to FOLLOWER at term 0 for startAsFollower
2023-09-13 16:03:52,262 [om1-impl-thread1] INFO  impl.RoleInfo (RoleInfo.java:updateAndGet(139)) - om1: start om1@group-C5BA1605619E-FollowerState
2023-09-13 16:03:52,262 [om1-impl-thread1] INFO  util.JmxRegister (JmxRegister.java:tryRegister(44)) - Successfully registered JMX Bean with object name Ratis:service=RaftServer,group=group-C5BA1605619E,id=om1
2023-09-13 16:03:52,262 [om1-impl-thread1] INFO  server.RaftServerConfigKeys (ConfUtils.java:logGet(46)) - raft.server.snapshot.auto.trigger.enabled = true (custom)
2023-09-13 16:03:52,263 [om1-impl-thread1] INFO  server.RaftServerConfigKeys (ConfUtils.java:logGet(46)) - raft.server.snapshot.auto.trigger.threshold = 400000 (default)
2023-09-13 16:03:52,263 [om1-impl-thread1] INFO  server.RaftServerConfigKeys (ConfUtils.java:logGet(46)) - raft.server.snapshot.retention.file.num = -1 (default)
2023-09-13 16:03:52,263 [om1-impl-thread1] INFO  server.RaftServerConfigKeys (ConfUtils.java:logGet(46)) - raft.server.log.purge.upto.snapshot.index = true (custom)
2023-09-13 16:03:52,263 [om1@group-C5BA1605619E-FollowerState] INFO  server.RaftServerConfigKeys (ConfUtils.java:logFallback(53)) - raft.server.rpc.first-election.timeout.min = 5s (fallback to raft.server.rpc.timeout.min)
2023-09-13 16:03:52,263 [om1@group-C5BA1605619E-FollowerState] INFO  server.RaftServerConfigKeys (ConfUtils.java:logFallback(53)) - raft.server.rpc.first-election.timeout.max = 5200ms (fallback to raft.server.rpc.timeout.max)
2023-09-13 16:03:52,264 [main] INFO  server.RaftServer (RaftServerProxy.java:startImpl(400)) - om1: start RPC server
2023-09-13 16:03:52,266 [main] INFO  server.GrpcService (GrpcService.java:startImpl(302)) - om1: GrpcService started, listening on 9872
2023-09-13 16:03:52,267 [main] INFO  om.OzoneManager (OzoneManager.java:start(1649)) - Version File has different layout version (6) than OM DB (null). That is expected if this OM has never been finalized to a newer layout version.
2023-09-13 16:03:52,267 [JvmPauseMonitor5] INFO  util.JvmPauseMonitor (JvmPauseMonitor.java:run(103)) - JvmPauseMonitor-om1: Started
2023-09-13 16:03:52,271 [main] INFO  http.BaseHttpServer (BaseHttpServer.java:newHttpServer2BuilderForOzone(223)) - Starting Web-server for ozoneManager at: http://0.0.0.0:9874
2023-09-13 16:03:52,271 [main] INFO  http.BaseHttpServer (BaseHttpServer.java:<init>(110)) - Hadoop Security Enabled: false Ozone Security Enabled: false Ozone HTTP Security Enabled: false 
2023-09-13 16:03:52,273 [main] WARN  server.AuthenticationFilter (AuthenticationFilter.java:constructSecretProvider(240)) - Unable to initialize FileSignerSecretProvider, falling back to use random secrets. Reason: Could not read signature secret file: /home/runner/hadoop-http-auth-signature-secret
2023-09-13 16:03:52,273 [main] INFO  http.HttpRequestLog (HttpRequestLog.java:getRequestLog(86)) - Http request log for http.requests.ozoneManager is not defined
2023-09-13 16:03:52,275 [main] INFO  http.HttpServer2 (HttpServer2.java:addGlobalFilter(1031)) - Added global filter 'safety' (class=org.apache.hadoop.hdds.server.http.HttpServer2$QuotingInputFilter)
2023-09-13 16:03:52,276 [main] INFO  http.HttpServer2 (HttpServer2.java:addFilter(1007)) - Added filter static_user_filter (class=org.apache.hadoop.http.lib.StaticUserWebFilter$StaticUserFilter) to context ozoneManager
2023-09-13 16:03:52,276 [main] INFO  http.HttpServer2 (HttpServer2.java:addFilter(1015)) - Added filter static_user_filter (class=org.apache.hadoop.http.lib.StaticUserWebFilter$StaticUserFilter) to context static
2023-09-13 16:03:52,276 [main] INFO  http.HttpServer2 (HttpServer2.java:addFilter(1015)) - Added filter static_user_filter (class=org.apache.hadoop.http.lib.StaticUserWebFilter$StaticUserFilter) to context logs
2023-09-13 16:03:52,277 [main] INFO  http.BaseHttpServer (BaseHttpServer.java:<init>(189)) - HTTP server of ozoneManager uses base directory /tmp/junit4873358214329734017/webserver
2023-09-13 16:03:52,277 [main] INFO  http.HttpServer2 (HttpServer2.java:bindListener(1231)) - Jetty bound to port 9874
2023-09-13 16:03:52,277 [main] INFO  server.Server (Server.java:doStart(375)) - jetty-9.4.51.v20230217; built: 2023-02-17T08:19:37.309Z; git: b45c405e4544384de066f814ed42ae3dceacdd49; jvm 1.8.0_382-b05
2023-09-13 16:03:52,283 [main] INFO  server.session (DefaultSessionIdManager.java:doStart(334)) - DefaultSessionIdManager workerName=node0
2023-09-13 16:03:52,283 [main] INFO  server.session (DefaultSessionIdManager.java:doStart(339)) - No SessionScavenger set, using defaults
2023-09-13 16:03:52,284 [main] INFO  server.session (HouseKeeper.java:startScavenging(132)) - node0 Scavenging every 660000ms
2023-09-13 16:03:52,284 [main] INFO  handler.ContextHandler (ContextHandler.java:doStart(921)) - Started o.e.j.s.ServletContextHandler@5749147e{logs,/logs,file:///home/runner/work/ozone/ozone/hadoop-ozone/ozone-manager/target/log,AVAILABLE}
2023-09-13 16:03:52,285 [main] INFO  handler.ContextHandler (ContextHandler.java:doStart(921)) - Started o.e.j.s.ServletContextHandler@18495d2c{static,/static,file:///home/runner/work/ozone/ozone/hadoop-ozone/ozone-manager/target/classes/webapps/static,AVAILABLE}
2023-09-13 16:03:52,288 [main] INFO  handler.ContextHandler (ContextHandler.java:doStart(921)) - Started o.e.j.w.WebAppContext@2c9e9116{ozoneManager,/,file:///home/runner/work/ozone/ozone/hadoop-ozone/ozone-manager/target/classes/webapps/ozoneManager/,AVAILABLE}{file:/home/runner/work/ozone/ozone/hadoop-ozone/ozone-manager/target/classes/webapps/ozoneManager}
2023-09-13 16:03:52,289 [main] INFO  server.AbstractConnector (AbstractConnector.java:doStart(333)) - Started ServerConnector@de63894{HTTP/1.1, (http/1.1)}{0.0.0.0:9874}
2023-09-13 16:03:52,290 [main] INFO  server.Server (Server.java:doStart(415)) - Started @74161ms
2023-09-13 16:03:52,290 [main] WARN  impl.MetricsSystemImpl (MetricsSystemImpl.java:register(279)) - Sink prometheus already exists!
2023-09-13 16:03:52,290 [main] INFO  http.BaseHttpServer (BaseHttpServer.java:updateConnectorAddress(354)) - HTTP server of ozoneManager listening at http://0.0.0.0:9874
2023-09-13 16:03:52,291 [IPC Server Responder] INFO  ipc.Server (Server.java:run(1562)) - IPC Server Responder: starting
2023-09-13 16:03:52,291 [IPC Server listener on 9862] INFO  ipc.Server (Server.java:run(1402)) - IPC Server listener on 9862: starting
2023-09-13 16:03:52,302 [main] INFO  om.OzoneManager (OzoneManager.java:startTrashEmptier(2101)) - Trash Interval set to 0. Files deleted won't move to trash
2023-09-13 16:03:52,304 [main] INFO  om.GrpcOzoneManagerServer (GrpcOzoneManagerServer.java:start(180)) - GrpcOzoneManagerServer is started using port 8981
2023-09-13 16:03:54,317 [main] INFO  retry.RetryInvocationHandler (RetryInvocationHandler.java:log(422)) - com.google.protobuf.ServiceException: org.apache.hadoop.ipc.RemoteException(org.apache.hadoop.ozone.om.exceptions.OMNotLeaderException): OM:om1 is not the leader. Could not determine the leader node.
	at org.apache.hadoop.ozone.protocolPB.OzoneManagerProtocolServerSideTranslatorPB.createNotLeaderException(OzoneManagerProtocolServerSideTranslatorPB.java:246)
	at org.apache.hadoop.ozone.protocolPB.OzoneManagerProtocolServerSideTranslatorPB.createLeaderErrorException(OzoneManagerProtocolServerSideTranslatorPB.java:234)
	at org.apache.hadoop.ozone.protocolPB.OzoneManagerProtocolServerSideTranslatorPB.submitReadRequestToOM(OzoneManagerProtocolServerSideTranslatorPB.java:227)
	at org.apache.hadoop.ozone.protocolPB.OzoneManagerProtocolServerSideTranslatorPB.processRequest(OzoneManagerProtocolServerSideTranslatorPB.java:179)
	at org.apache.hadoop.hdds.server.OzoneProtocolMessageDispatcher.processRequest(OzoneProtocolMessageDispatcher.java:87)
	at org.apache.hadoop.ozone.protocolPB.OzoneManagerProtocolServerSideTranslatorPB.submitRequest(OzoneManagerProtocolServerSideTranslatorPB.java:148)
	at org.apache.hadoop.ozone.protocol.proto.OzoneManagerProtocolProtos$OzoneManagerService$2.callBlockingMethod(OzoneManagerProtocolProtos.java)
	at org.apache.hadoop.ipc.ProtobufRpcEngine$Server.processCall(ProtobufRpcEngine.java:484)
	at org.apache.hadoop.ipc.ProtobufRpcEngine2$Server$ProtoBufRpcInvoker.call(ProtobufRpcEngine2.java:595)
	at org.apache.hadoop.ipc.ProtobufRpcEngine2$Server$ProtoBufRpcInvoker.call(ProtobufRpcEngine2.java:573)
	at org.apache.hadoop.ipc.RPC$Server.call(RPC.java:1227)
	at org.apache.hadoop.ipc.Server$RpcCall.run(Server.java:1094)
	at org.apache.hadoop.ipc.Server$RpcCall.run(Server.java:1017)
	at java.security.AccessController.doPrivileged(Native Method)
	at javax.security.auth.Subject.doAs(Subject.java:422)
	at org.apache.hadoop.security.UserGroupInformation.doAs(UserGroupInformation.java:1899)
	at org.apache.hadoop.ipc.Server$Handler.run(Server.java:3048)
, while invoking $Proxy66.submitRequest over nodeId=null,nodeAddress=0.0.0.0:9862 after 1 failover attempts. Trying to failover after sleeping for 4000ms. Current retry count: 1.
2023-09-13 16:03:57,358 [om1@group-C5BA1605619E-FollowerState] INFO  impl.FollowerState (FollowerState.java:run(143)) - om1@group-C5BA1605619E-FollowerState: change to CANDIDATE, lastRpcElapsedTime:5096322523ns, electionTimeout:5095ms
2023-09-13 16:03:57,359 [om1@group-C5BA1605619E-FollowerState] INFO  impl.RoleInfo (RoleInfo.java:shutdownFollowerState(110)) - om1: shutdown om1@group-C5BA1605619E-FollowerState
2023-09-13 16:03:57,359 [om1@group-C5BA1605619E-FollowerState] INFO  server.RaftServer$Division (RaftServerImpl.java:setRole(329)) - om1@group-C5BA1605619E: changes role from  FOLLOWER to CANDIDATE at term 0 for changeToCandidate
2023-09-13 16:03:57,359 [om1@group-C5BA1605619E-FollowerState] INFO  server.RaftServerConfigKeys (ConfUtils.java:logGet(46)) - raft.server.leaderelection.pre-vote = true (default)
2023-09-13 16:03:57,359 [om1@group-C5BA1605619E-FollowerState] INFO  impl.RoleInfo (RoleInfo.java:updateAndGet(139)) - om1: start om1@group-C5BA1605619E-LeaderElection6
2023-09-13 16:03:57,360 [om1@group-C5BA1605619E-LeaderElection6] INFO  impl.LeaderElection (LeaderElection.java:askForVotes(321)) - om1@group-C5BA1605619E-LeaderElection6 PRE_VOTE round 0: submit vote requests at term 0 for -1: peers:[om1|rpc:0.0.0.0:9872|priority:0|startupRole:FOLLOWER]|listeners:[], old=null
2023-09-13 16:03:57,361 [om1@group-C5BA1605619E-LeaderElection6] INFO  impl.LeaderElection (LeaderElection.java:askForVotes(323)) - om1@group-C5BA1605619E-LeaderElection6 PRE_VOTE round 0: result PASSED (term=0)
2023-09-13 16:03:57,362 [om1@group-C5BA1605619E-LeaderElection6] INFO  impl.LeaderElection (LeaderElection.java:askForVotes(321)) - om1@group-C5BA1605619E-LeaderElection6 ELECTION round 0: submit vote requests at term 1 for -1: peers:[om1|rpc:0.0.0.0:9872|priority:0|startupRole:FOLLOWER]|listeners:[], old=null
2023-09-13 16:03:57,362 [om1@group-C5BA1605619E-LeaderElection6] INFO  impl.LeaderElection (LeaderElection.java:askForVotes(323)) - om1@group-C5BA1605619E-LeaderElection6 ELECTION round 0: result PASSED (term=1)
2023-09-13 16:03:57,362 [om1@group-C5BA1605619E-LeaderElection6] INFO  impl.RoleInfo (RoleInfo.java:shutdownLeaderElection(130)) - om1: shutdown om1@group-C5BA1605619E-LeaderElection6
2023-09-13 16:03:57,362 [om1@group-C5BA1605619E-LeaderElection6] INFO  server.RaftServer$Division (RaftServerImpl.java:setRole(329)) - om1@group-C5BA1605619E: changes role from CANDIDATE to LEADER at term 1 for changeToLeader
2023-09-13 16:03:57,363 [om1@group-C5BA1605619E-LeaderElection6] INFO  server.RaftServer$Division (ServerState.java:setLeader(317)) - om1@group-C5BA1605619E: change Leader from null to om1 at term 1 for becomeLeader, leader elected after 5333ms
2023-09-13 16:03:57,363 [om1@group-C5BA1605619E-LeaderElection6] INFO  server.RaftServerConfigKeys (ConfUtils.java:logGet(46)) - raft.server.staging.catchup.gap = 1000 (default)
2023-09-13 16:03:57,363 [om1@group-C5BA1605619E-LeaderElection6] INFO  server.RaftServerConfigKeys (ConfUtils.java:logGet(46)) - raft.server.write.element-limit = 4096 (default)
2023-09-13 16:03:57,363 [om1@group-C5BA1605619E-LeaderElection6] INFO  server.RaftServerConfigKeys (ConfUtils.java:logGet(46)) - raft.server.write.byte-limit = 64MB (=67108864) (default)
2023-09-13 16:03:57,363 [om1@group-C5BA1605619E-LeaderElection6] INFO  server.RaftServerConfigKeys (ConfUtils.java:logGet(46)) - raft.server.watch.timeout = 10s (default)
2023-09-13 16:03:57,363 [om1@group-C5BA1605619E-LeaderElection6] INFO  server.RaftServerConfigKeys (ConfUtils.java:logGet(46)) - raft.server.watch.timeout.denomination = 1s (default)
2023-09-13 16:03:57,363 [om1@group-C5BA1605619E-LeaderElection6] INFO  server.RaftServerConfigKeys (ConfUtils.java:logGet(46)) - raft.server.watch.element-limit = 65536 (default)
2023-09-13 16:03:57,363 [om1@group-C5BA1605619E-LeaderElection6] INFO  server.RaftServerConfigKeys (ConfUtils.java:logGet(46)) - raft.server.write.element-limit = 4096 (default)
2023-09-13 16:03:57,363 [om1@group-C5BA1605619E-LeaderElection6] INFO  server.RaftServerConfigKeys (ConfUtils.java:logGet(46)) - raft.server.write.follower.gap.ratio.max = -1.0 (default)
2023-09-13 16:03:57,364 [om1@group-C5BA1605619E-LeaderElection6] INFO  impl.RoleInfo (RoleInfo.java:updateAndGet(139)) - om1: start om1@group-C5BA1605619E-LeaderStateImpl
2023-09-13 16:03:57,364 [om1@group-C5BA1605619E-LeaderElection6] INFO  segmented.SegmentedRaftLogWorker (SegmentedRaftLogWorker.java:startLogSegment(447)) - om1@group-C5BA1605619E-SegmentedRaftLogWorker: Starting segment from index:0
2023-09-13 16:03:57,367 [om1@group-C5BA1605619E-LeaderElection6] INFO  server.RaftServer$Division (ServerState.java:setRaftConf(434)) - om1@group-C5BA1605619E: set configuration 0: peers:[om1|rpc:0.0.0.0:9872|admin:|client:|dataStream:|priority:0|startupRole:FOLLOWER]|listeners:[], old=null
2023-09-13 16:03:57,377 [om1@group-C5BA1605619E-SegmentedRaftLogWorker] INFO  segmented.SegmentedRaftLogWorker (SegmentedRaftLogWorker.java:execute(651)) - om1@group-C5BA1605619E-SegmentedRaftLogWorker: created new log segment /tmp/junit4873358214329734017/ratis/bf265839-605b-3f16-9796-c5ba1605619e/current/log_inprogress_0
2023-09-13 16:03:57,378 [om1@group-C5BA1605619E-StateMachineUpdater] INFO  ratis.OzoneManagerStateMachine (OzoneManagerStateMachine.java:notifyConfigurationChanged(202)) - Received Configuration change notification from Ratis. New Peer list:
[id: "om1"
address: "0.0.0.0:9872"
startupRole: FOLLOWER
]
2023-09-13 16:03:58,322 [main] INFO  service.TestOpenKeyCleanupService (TestOpenKeyCleanupService.java:testCleanupExpiredOpenKeys(137)) - numDEFKeys=66, numFSOKeys=77, hsync? false
2023-09-13 16:03:58,422 [main] INFO  service.TestOpenKeyCleanupService (TestOpenKeyCleanupService.java:testCleanupExpiredOpenKeys(148)) - oldkeyCount=0, oldrunCount=20
2023-09-13 16:03:58,451 [OM StateMachine ApplyTransaction Thread - 0] WARN  helpers.QuotaUtil (QuotaUtil.java:getReplicatedSize(63)) - Unknown replication type 'STAND_ALONE'. Returning original data size.
2023-09-13 16:03:58,452 [OM StateMachine ApplyTransaction Thread - 0] WARN  helpers.QuotaUtil (QuotaUtil.java:getReplicatedSize(63)) - Unknown replication type 'STAND_ALONE'. Returning original data size.
2023-09-13 16:03:58,458 [OM StateMachine ApplyTransaction Thread - 0] WARN  helpers.QuotaUtil (QuotaUtil.java:getReplicatedSize(63)) - Unknown replication type 'STAND_ALONE'. Returning original data size.
2023-09-13 16:03:58,458 [OM StateMachine ApplyTransaction Thread - 0] WARN  helpers.QuotaUtil (QuotaUtil.java:getReplicatedSize(63)) - Unknown replication type 'STAND_ALONE'. Returning original data size.
2023-09-13 16:03:58,470 [OM StateMachine ApplyTransaction Thread - 0] WARN  helpers.QuotaUtil (QuotaUtil.java:getReplicatedSize(63)) - Unknown replication type 'STAND_ALONE'. Returning original data size.
2023-09-13 16:03:58,470 [OM StateMachine ApplyTransaction Thread - 0] WARN  helpers.QuotaUtil (QuotaUtil.java:getReplicatedSize(63)) - Unknown replication type 'STAND_ALONE'. Returning original data size.
2023-09-13 16:03:58,479 [OM StateMachine ApplyTransaction Thread - 0] WARN  helpers.QuotaUtil (QuotaUtil.java:getReplicatedSize(63)) - Unknown replication type 'STAND_ALONE'. Returning original data size.
2023-09-13 16:03:58,479 [OM StateMachine ApplyTransaction Thread - 0] WARN  helpers.QuotaUtil (QuotaUtil.java:getReplicatedSize(63)) - Unknown replication type 'STAND_ALONE'. Returning original data size.
2023-09-13 16:03:58,486 [OM StateMachine ApplyTransaction Thread - 0] WARN  helpers.QuotaUtil (QuotaUtil.java:getReplicatedSize(63)) - Unknown replication type 'STAND_ALONE'. Returning original data size.
2023-09-13 16:03:58,486 [OM StateMachine ApplyTransaction Thread - 0] WARN  helpers.QuotaUtil (QuotaUtil.java:getReplicatedSize(63)) - Unknown replication type 'STAND_ALONE'. Returning original data size.
2023-09-13 16:03:58,492 [OM StateMachine ApplyTransaction Thread - 0] WARN  helpers.QuotaUtil (QuotaUtil.java:getReplicatedSize(63)) - Unknown replication type 'STAND_ALONE'. Returning original data size.
2023-09-13 16:03:58,492 [OM StateMachine ApplyTransaction Thread - 0] WARN  helpers.QuotaUtil (QuotaUtil.java:getReplicatedSize(63)) - Unknown replication type 'STAND_ALONE'. Returning original data size.
2023-09-13 16:03:58,495 [OM StateMachine ApplyTransaction Thread - 0] WARN  helpers.QuotaUtil (QuotaUtil.java:getReplicatedSize(63)) - Unknown replication type 'STAND_ALONE'. Returning original data size.
2023-09-13 16:03:58,495 [OM StateMachine ApplyTransaction Thread - 0] WARN  helpers.QuotaUtil (QuotaUtil.java:getReplicatedSize(63)) - Unknown replication type 'STAND_ALONE'. Returning original data size.
2023-09-13 16:03:58,503 [OM StateMachine ApplyTransaction Thread - 0] WARN  helpers.QuotaUtil (QuotaUtil.java:getReplicatedSize(63)) - Unknown replication type 'STAND_ALONE'. Returning original data size.
2023-09-13 16:03:58,503 [OM StateMachine ApplyTransaction Thread - 0] WARN  helpers.QuotaUtil (QuotaUtil.java:getReplicatedSize(63)) - Unknown replication type 'STAND_ALONE'. Returning original data size.
2023-09-13 16:03:58,505 [OM StateMachine ApplyTransaction Thread - 0] WARN  helpers.QuotaUtil (QuotaUtil.java:getReplicatedSize(63)) - Unknown replication type 'STAND_ALONE'. Returning original data size.
2023-09-13 16:03:58,506 [OM StateMachine ApplyTransaction Thread - 0] WARN  helpers.QuotaUtil (QuotaUtil.java:getReplicatedSize(63)) - Unknown replication type 'STAND_ALONE'. Returning original data size.
2023-09-13 16:03:58,511 [OM StateMachine ApplyTransaction Thread - 0] WARN  helpers.QuotaUtil (QuotaUtil.java:getReplicatedSize(63)) - Unknown replication type 'STAND_ALONE'. Returning original data size.
2023-09-13 16:03:58,511 [OM StateMachine ApplyTransaction Thread - 0] WARN  helpers.QuotaUtil (QuotaUtil.java:getReplicatedSize(63)) - Unknown replication type 'STAND_ALONE'. Returning original data size.
2023-09-13 16:03:58,517 [OM StateMachine ApplyTransaction Thread - 0] WARN  helpers.QuotaUtil (QuotaUtil.java:getReplicatedSize(63)) - Unknown replication type 'STAND_ALONE'. Returning original data size.
2023-09-13 16:03:58,517 [OM StateMachine ApplyTransaction Thread - 0] WARN  helpers.QuotaUtil (QuotaUtil.java:getReplicatedSize(63)) - Unknown replication type 'STAND_ALONE'. Returning original data size.
2023-09-13 16:03:58,520 [OM StateMachine ApplyTransaction Thread - 0] WARN  helpers.QuotaUtil (QuotaUtil.java:getReplicatedSize(63)) - Unknown replication type 'STAND_ALONE'. Returning original data size.
2023-09-13 16:03:58,520 [OM StateMachine ApplyTransaction Thread - 0] WARN  helpers.QuotaUtil (QuotaUtil.java:getReplicatedSize(63)) - Unknown replication type 'STAND_ALONE'. Returning original data size.
2023-09-13 16:03:58,526 [OM StateMachine ApplyTransaction Thread - 0] WARN  helpers.QuotaUtil (QuotaUtil.java:getReplicatedSize(63)) - Unknown replication type 'STAND_ALONE'. Returning original data size.
2023-09-13 16:03:58,526 [OM StateMachine ApplyTransaction Thread - 0] WARN  helpers.QuotaUtil (QuotaUtil.java:getReplicatedSize(63)) - Unknown replication type 'STAND_ALONE'. Returning original data size.
2023-09-13 16:03:58,529 [OM StateMachine ApplyTransaction Thread - 0] WARN  helpers.QuotaUtil (QuotaUtil.java:getReplicatedSize(63)) - Unknown replication type 'STAND_ALONE'. Returning original data size.
2023-09-13 16:03:58,529 [OM StateMachine ApplyTransaction Thread - 0] WARN  helpers.QuotaUtil (QuotaUtil.java:getReplicatedSize(63)) - Unknown replication type 'STAND_ALONE'. Returning original data size.
2023-09-13 16:03:58,535 [OM StateMachine ApplyTransaction Thread - 0] WARN  helpers.QuotaUtil (QuotaUtil.java:getReplicatedSize(63)) - Unknown replication type 'STAND_ALONE'. Returning original data size.
2023-09-13 16:03:58,535 [OM StateMachine ApplyTransaction Thread - 0] WARN  helpers.QuotaUtil (QuotaUtil.java:getReplicatedSize(63)) - Unknown replication type 'STAND_ALONE'. Returning original data size.
2023-09-13 16:03:58,538 [OM StateMachine ApplyTransaction Thread - 0] WARN  helpers.QuotaUtil (QuotaUtil.java:getReplicatedSize(63)) - Unknown replication type 'STAND_ALONE'. Returning original data size.
2023-09-13 16:03:58,538 [OM StateMachine ApplyTransaction Thread - 0] WARN  helpers.QuotaUtil (QuotaUtil.java:getReplicatedSize(63)) - Unknown replication type 'STAND_ALONE'. Returning original data size.
2023-09-13 16:03:58,551 [OM StateMachine ApplyTransaction Thread - 0] WARN  helpers.QuotaUtil (QuotaUtil.java:getReplicatedSize(63)) - Unknown replication type 'STAND_ALONE'. Returning original data size.
2023-09-13 16:03:58,551 [OM StateMachine ApplyTransaction Thread - 0] WARN  helpers.QuotaUtil (QuotaUtil.java:getReplicatedSize(63)) - Unknown replication type 'STAND_ALONE'. Returning original data size.
2023-09-13 16:03:58,553 [OM StateMachine ApplyTransaction Thread - 0] WARN  helpers.QuotaUtil (QuotaUtil.java:getReplicatedSize(63)) - Unknown replication type 'STAND_ALONE'. Returning original data size.
2023-09-13 16:03:58,553 [OM StateMachine ApplyTransaction Thread - 0] WARN  helpers.QuotaUtil (QuotaUtil.java:getReplicatedSize(63)) - Unknown replication type 'STAND_ALONE'. Returning original data size.
2023-09-13 16:03:58,559 [OM StateMachine ApplyTransaction Thread - 0] WARN  helpers.QuotaUtil (QuotaUtil.java:getReplicatedSize(63)) - Unknown replication type 'STAND_ALONE'. Returning original data size.
2023-09-13 16:03:58,559 [OM StateMachine ApplyTransaction Thread - 0] WARN  helpers.QuotaUtil (QuotaUtil.java:getReplicatedSize(63)) - Unknown replication type 'STAND_ALONE'. Returning original data size.
2023-09-13 16:03:58,562 [OM StateMachine ApplyTransaction Thread - 0] WARN  helpers.QuotaUtil (QuotaUtil.java:getReplicatedSize(63)) - Unknown replication type 'STAND_ALONE'. Returning original data size.
2023-09-13 16:03:58,562 [OM StateMachine ApplyTransaction Thread - 0] WARN  helpers.QuotaUtil (QuotaUtil.java:getReplicatedSize(63)) - Unknown replication type 'STAND_ALONE'. Returning original data size.
2023-09-13 16:03:58,569 [OM StateMachine ApplyTransaction Thread - 0] WARN  helpers.QuotaUtil (QuotaUtil.java:getReplicatedSize(63)) - Unknown replication type 'STAND_ALONE'. Returning original data size.
2023-09-13 16:03:58,569 [OM StateMachine ApplyTransaction Thread - 0] WARN  helpers.QuotaUtil (QuotaUtil.java:getReplicatedSize(63)) - Unknown replication type 'STAND_ALONE'. Returning original data size.
2023-09-13 16:03:58,571 [OM StateMachine ApplyTransaction Thread - 0] WARN  helpers.QuotaUtil (QuotaUtil.java:getReplicatedSize(63)) - Unknown replication type 'STAND_ALONE'. Returning original data size.
2023-09-13 16:03:58,571 [OM StateMachine ApplyTransaction Thread - 0] WARN  helpers.QuotaUtil (QuotaUtil.java:getReplicatedSize(63)) - Unknown replication type 'STAND_ALONE'. Returning original data size.
2023-09-13 16:03:58,577 [OM StateMachine ApplyTransaction Thread - 0] WARN  helpers.QuotaUtil (QuotaUtil.java:getReplicatedSize(63)) - Unknown replication type 'STAND_ALONE'. Returning original data size.
2023-09-13 16:03:58,577 [OM StateMachine ApplyTransaction Thread - 0] WARN  helpers.QuotaUtil (QuotaUtil.java:getReplicatedSize(63)) - Unknown replication type 'STAND_ALONE'. Returning original data size.
2023-09-13 16:03:58,580 [OM StateMachine ApplyTransaction Thread - 0] WARN  helpers.QuotaUtil (QuotaUtil.java:getReplicatedSize(63)) - Unknown replication type 'STAND_ALONE'. Returning original data size.
2023-09-13 16:03:58,580 [OM StateMachine ApplyTransaction Thread - 0] WARN  helpers.QuotaUtil (QuotaUtil.java:getReplicatedSize(63)) - Unknown replication type 'STAND_ALONE'. Returning original data size.
2023-09-13 16:03:58,588 [OM StateMachine ApplyTransaction Thread - 0] WARN  helpers.QuotaUtil (QuotaUtil.java:getReplicatedSize(63)) - Unknown replication type 'STAND_ALONE'. Returning original data size.
2023-09-13 16:03:58,588 [OM StateMachine ApplyTransaction Thread - 0] WARN  helpers.QuotaUtil (QuotaUtil.java:getReplicatedSize(63)) - Unknown replication type 'STAND_ALONE'. Returning original data size.
2023-09-13 16:03:58,590 [OM StateMachine ApplyTransaction Thread - 0] WARN  helpers.QuotaUtil (QuotaUtil.java:getReplicatedSize(63)) - Unknown replication type 'STAND_ALONE'. Returning original data size.
2023-09-13 16:03:58,591 [OM StateMachine ApplyTransaction Thread - 0] WARN  helpers.QuotaUtil (QuotaUtil.java:getReplicatedSize(63)) - Unknown replication type 'STAND_ALONE'. Returning original data size.
2023-09-13 16:03:58,596 [OM StateMachine ApplyTransaction Thread - 0] WARN  helpers.QuotaUtil (QuotaUtil.java:getReplicatedSize(63)) - Unknown replication type 'STAND_ALONE'. Returning original data size.
2023-09-13 16:03:58,596 [OM StateMachine ApplyTransaction Thread - 0] WARN  helpers.QuotaUtil (QuotaUtil.java:getReplicatedSize(63)) - Unknown replication type 'STAND_ALONE'. Returning original data size.
2023-09-13 16:03:58,601 [OM StateMachine ApplyTransaction Thread - 0] WARN  helpers.QuotaUtil (QuotaUtil.java:getReplicatedSize(63)) - Unknown replication type 'STAND_ALONE'. Returning original data size.
2023-09-13 16:03:58,601 [OM StateMachine ApplyTransaction Thread - 0] WARN  helpers.QuotaUtil (QuotaUtil.java:getReplicatedSize(63)) - Unknown replication type 'STAND_ALONE'. Returning original data size.
2023-09-13 16:03:58,610 [OM StateMachine ApplyTransaction Thread - 0] WARN  helpers.QuotaUtil (QuotaUtil.java:getReplicatedSize(63)) - Unknown replication type 'STAND_ALONE'. Returning original data size.
2023-09-13 16:03:58,610 [OM StateMachine ApplyTransaction Thread - 0] WARN  helpers.QuotaUtil (QuotaUtil.java:getReplicatedSize(63)) - Unknown replication type 'STAND_ALONE'. Returning original data size.
2023-09-13 16:03:58,615 [OM StateMachine ApplyTransaction Thread - 0] WARN  helpers.QuotaUtil (QuotaUtil.java:getReplicatedSize(63)) - Unknown replication type 'STAND_ALONE'. Returning original data size.
2023-09-13 16:03:58,615 [OM StateMachine ApplyTransaction Thread - 0] WARN  helpers.QuotaUtil (QuotaUtil.java:getReplicatedSize(63)) - Unknown replication type 'STAND_ALONE'. Returning original data size.
2023-09-13 16:03:58,629 [OM StateMachine ApplyTransaction Thread - 0] WARN  helpers.QuotaUtil (QuotaUtil.java:getReplicatedSize(63)) - Unknown replication type 'STAND_ALONE'. Returning original data size.
2023-09-13 16:03:58,629 [OM StateMachine ApplyTransaction Thread - 0] WARN  helpers.QuotaUtil (QuotaUtil.java:getReplicatedSize(63)) - Unknown replication type 'STAND_ALONE'. Returning original data size.
2023-09-13 16:03:58,634 [OM StateMachine ApplyTransaction Thread - 0] WARN  helpers.QuotaUtil (QuotaUtil.java:getReplicatedSize(63)) - Unknown replication type 'STAND_ALONE'. Returning original data size.
2023-09-13 16:03:58,634 [OM StateMachine ApplyTransaction Thread - 0] WARN  helpers.QuotaUtil (QuotaUtil.java:getReplicatedSize(63)) - Unknown replication type 'STAND_ALONE'. Returning original data size.
2023-09-13 16:03:58,643 [OM StateMachine ApplyTransaction Thread - 0] WARN  helpers.QuotaUtil (QuotaUtil.java:getReplicatedSize(63)) - Unknown replication type 'STAND_ALONE'. Returning original data size.
2023-09-13 16:03:58,643 [OM StateMachine ApplyTransaction Thread - 0] WARN  helpers.QuotaUtil (QuotaUtil.java:getReplicatedSize(63)) - Unknown replication type 'STAND_ALONE'. Returning original data size.
2023-09-13 16:03:58,647 [OM StateMachine ApplyTransaction Thread - 0] WARN  helpers.QuotaUtil (QuotaUtil.java:getReplicatedSize(63)) - Unknown replication type 'STAND_ALONE'. Returning original data size.
2023-09-13 16:03:58,647 [OM StateMachine ApplyTransaction Thread - 0] WARN  helpers.QuotaUtil (QuotaUtil.java:getReplicatedSize(63)) - Unknown replication type 'STAND_ALONE'. Returning original data size.
2023-09-13 16:03:58,652 [OM StateMachine ApplyTransaction Thread - 0] WARN  helpers.QuotaUtil (QuotaUtil.java:getReplicatedSize(63)) - Unknown replication type 'STAND_ALONE'. Returning original data size.
2023-09-13 16:03:58,652 [OM StateMachine ApplyTransaction Thread - 0] WARN  helpers.QuotaUtil (QuotaUtil.java:getReplicatedSize(63)) - Unknown replication type 'STAND_ALONE'. Returning original data size.
2023-09-13 16:03:58,663 [OM StateMachine ApplyTransaction Thread - 0] WARN  helpers.QuotaUtil (QuotaUtil.java:getReplicatedSize(63)) - Unknown replication type 'STAND_ALONE'. Returning original data size.
2023-09-13 16:03:58,663 [OM StateMachine ApplyTransaction Thread - 0] WARN  helpers.QuotaUtil (QuotaUtil.java:getReplicatedSize(63)) - Unknown replication type 'STAND_ALONE'. Returning original data size.
2023-09-13 16:03:58,668 [OM StateMachine ApplyTransaction Thread - 0] WARN  helpers.QuotaUtil (QuotaUtil.java:getReplicatedSize(63)) - Unknown replication type 'STAND_ALONE'. Returning original data size.
2023-09-13 16:03:58,668 [OM StateMachine ApplyTransaction Thread - 0] WARN  helpers.QuotaUtil (QuotaUtil.java:getReplicatedSize(63)) - Unknown replication type 'STAND_ALONE'. Returning original data size.
2023-09-13 16:03:58,674 [OM StateMachine ApplyTransaction Thread - 0] WARN  helpers.QuotaUtil (QuotaUtil.java:getReplicatedSize(63)) - Unknown replication type 'STAND_ALONE'. Returning original data size.
2023-09-13 16:03:58,674 [OM StateMachine ApplyTransaction Thread - 0] WARN  helpers.QuotaUtil (QuotaUtil.java:getReplicatedSize(63)) - Unknown replication type 'STAND_ALONE'. Returning original data size.
2023-09-13 16:03:58,676 [OM StateMachine ApplyTransaction Thread - 0] WARN  helpers.QuotaUtil (QuotaUtil.java:getReplicatedSize(63)) - Unknown replication type 'STAND_ALONE'. Returning original data size.
2023-09-13 16:03:58,676 [OM StateMachine ApplyTransaction Thread - 0] WARN  helpers.QuotaUtil (QuotaUtil.java:getReplicatedSize(63)) - Unknown replication type 'STAND_ALONE'. Returning original data size.
2023-09-13 16:03:58,681 [OM StateMachine ApplyTransaction Thread - 0] WARN  helpers.QuotaUtil (QuotaUtil.java:getReplicatedSize(63)) - Unknown replication type 'STAND_ALONE'. Returning original data size.
2023-09-13 16:03:58,681 [OM StateMachine ApplyTransaction Thread - 0] WARN  helpers.QuotaUtil (QuotaUtil.java:getReplicatedSize(63)) - Unknown replication type 'STAND_ALONE'. Returning original data size.
2023-09-13 16:03:58,684 [OM StateMachine ApplyTransaction Thread - 0] WARN  helpers.QuotaUtil (QuotaUtil.java:getReplicatedSize(63)) - Unknown replication type 'STAND_ALONE'. Returning original data size.
2023-09-13 16:03:58,684 [OM StateMachine ApplyTransaction Thread - 0] WARN  helpers.QuotaUtil (QuotaUtil.java:getReplicatedSize(63)) - Unknown replication type 'STAND_ALONE'. Returning original data size.
2023-09-13 16:03:58,688 [OM StateMachine ApplyTransaction Thread - 0] WARN  helpers.QuotaUtil (QuotaUtil.java:getReplicatedSize(63)) - Unknown replication type 'STAND_ALONE'. Returning original data size.
2023-09-13 16:03:58,689 [OM StateMachine ApplyTransaction Thread - 0] WARN  helpers.QuotaUtil (QuotaUtil.java:getReplicatedSize(63)) - Unknown replication type 'STAND_ALONE'. Returning original data size.
2023-09-13 16:03:58,694 [OM StateMachine ApplyTransaction Thread - 0] WARN  helpers.QuotaUtil (QuotaUtil.java:getReplicatedSize(63)) - Unknown replication type 'STAND_ALONE'. Returning original data size.
2023-09-13 16:03:58,694 [OM StateMachine ApplyTransaction Thread - 0] WARN  helpers.QuotaUtil (QuotaUtil.java:getReplicatedSize(63)) - Unknown replication type 'STAND_ALONE'. Returning original data size.
2023-09-13 16:03:58,696 [OM StateMachine ApplyTransaction Thread - 0] WARN  helpers.QuotaUtil (QuotaUtil.java:getReplicatedSize(63)) - Unknown replication type 'STAND_ALONE'. Returning original data size.
2023-09-13 16:03:58,696 [OM StateMachine ApplyTransaction Thread - 0] WARN  helpers.QuotaUtil (QuotaUtil.java:getReplicatedSize(63)) - Unknown replication type 'STAND_ALONE'. Returning original data size.
2023-09-13 16:03:58,704 [OM StateMachine ApplyTransaction Thread - 0] WARN  helpers.QuotaUtil (QuotaUtil.java:getReplicatedSize(63)) - Unknown replication type 'STAND_ALONE'. Returning original data size.
2023-09-13 16:03:58,704 [OM StateMachine ApplyTransaction Thread - 0] WARN  helpers.QuotaUtil (QuotaUtil.java:getReplicatedSize(63)) - Unknown replication type 'STAND_ALONE'. Returning original data size.
2023-09-13 16:03:58,709 [OM StateMachine ApplyTransaction Thread - 0] WARN  helpers.QuotaUtil (QuotaUtil.java:getReplicatedSize(63)) - Unknown replication type 'STAND_ALONE'. Returning original data size.
2023-09-13 16:03:58,709 [OM StateMachine ApplyTransaction Thread - 0] WARN  helpers.QuotaUtil (QuotaUtil.java:getReplicatedSize(63)) - Unknown replication type 'STAND_ALONE'. Returning original data size.
2023-09-13 16:03:58,711 [OM StateMachine ApplyTransaction Thread - 0] WARN  helpers.QuotaUtil (QuotaUtil.java:getReplicatedSize(63)) - Unknown replication type 'STAND_ALONE'. Returning original data size.
2023-09-13 16:03:58,712 [OM StateMachine ApplyTransaction Thread - 0] WARN  helpers.QuotaUtil (QuotaUtil.java:getReplicatedSize(63)) - Unknown replication type 'STAND_ALONE'. Returning original data size.
2023-09-13 16:03:58,717 [OM StateMachine ApplyTransaction Thread - 0] WARN  helpers.QuotaUtil (QuotaUtil.java:getReplicatedSize(63)) - Unknown replication type 'STAND_ALONE'. Returning original data size.
2023-09-13 16:03:58,717 [OM StateMachine ApplyTransaction Thread - 0] WARN  helpers.QuotaUtil (QuotaUtil.java:getReplicatedSize(63)) - Unknown replication type 'STAND_ALONE'. Returning original data size.
2023-09-13 16:03:58,722 [OM StateMachine ApplyTransaction Thread - 0] WARN  helpers.QuotaUtil (QuotaUtil.java:getReplicatedSize(63)) - Unknown replication type 'STAND_ALONE'. Returning original data size.
2023-09-13 16:03:58,722 [OM StateMachine ApplyTransaction Thread - 0] WARN  helpers.QuotaUtil (QuotaUtil.java:getReplicatedSize(63)) - Unknown replication type 'STAND_ALONE'. Returning original data size.
2023-09-13 16:03:58,727 [OM StateMachine ApplyTransaction Thread - 0] WARN  helpers.QuotaUtil (QuotaUtil.java:getReplicatedSize(63)) - Unknown replication type 'STAND_ALONE'. Returning original data size.
2023-09-13 16:03:58,727 [OM StateMachine ApplyTransaction Thread - 0] WARN  helpers.QuotaUtil (QuotaUtil.java:getReplicatedSize(63)) - Unknown replication type 'STAND_ALONE'. Returning original data size.
2023-09-13 16:03:58,730 [OM StateMachine ApplyTransaction Thread - 0] WARN  helpers.QuotaUtil (QuotaUtil.java:getReplicatedSize(63)) - Unknown replication type 'STAND_ALONE'. Returning original data size.
2023-09-13 16:03:58,730 [OM StateMachine ApplyTransaction Thread - 0] WARN  helpers.QuotaUtil (QuotaUtil.java:getReplicatedSize(63)) - Unknown replication type 'STAND_ALONE'. Returning original data size.
2023-09-13 16:03:58,735 [OM StateMachine ApplyTransaction Thread - 0] WARN  helpers.QuotaUtil (QuotaUtil.java:getReplicatedSize(63)) - Unknown replication type 'STAND_ALONE'. Returning original data size.
2023-09-13 16:03:58,735 [OM StateMachine ApplyTransaction Thread - 0] WARN  helpers.QuotaUtil (QuotaUtil.java:getReplicatedSize(63)) - Unknown replication type 'STAND_ALONE'. Returning original data size.
2023-09-13 16:03:58,743 [OM StateMachine ApplyTransaction Thread - 0] WARN  helpers.QuotaUtil (QuotaUtil.java:getReplicatedSize(63)) - Unknown replication type 'STAND_ALONE'. Returning original data size.
2023-09-13 16:03:58,743 [OM StateMachine ApplyTransaction Thread - 0] WARN  helpers.QuotaUtil (QuotaUtil.java:getReplicatedSize(63)) - Unknown replication type 'STAND_ALONE'. Returning original data size.
2023-09-13 16:03:58,754 [OM StateMachine ApplyTransaction Thread - 0] WARN  helpers.QuotaUtil (QuotaUtil.java:getReplicatedSize(63)) - Unknown replication type 'STAND_ALONE'. Returning original data size.
2023-09-13 16:03:58,754 [OM StateMachine ApplyTransaction Thread - 0] WARN  helpers.QuotaUtil (QuotaUtil.java:getReplicatedSize(63)) - Unknown replication type 'STAND_ALONE'. Returning original data size.
2023-09-13 16:03:58,757 [OM StateMachine ApplyTransaction Thread - 0] WARN  helpers.QuotaUtil (QuotaUtil.java:getReplicatedSize(63)) - Unknown replication type 'STAND_ALONE'. Returning original data size.
2023-09-13 16:03:58,757 [OM StateMachine ApplyTransaction Thread - 0] WARN  helpers.QuotaUtil (QuotaUtil.java:getReplicatedSize(63)) - Unknown replication type 'STAND_ALONE'. Returning original data size.
2023-09-13 16:03:58,762 [OM StateMachine ApplyTransaction Thread - 0] WARN  helpers.QuotaUtil (QuotaUtil.java:getReplicatedSize(63)) - Unknown replication type 'STAND_ALONE'. Returning original data size.
2023-09-13 16:03:58,762 [OM StateMachine ApplyTransaction Thread - 0] WARN  helpers.QuotaUtil (QuotaUtil.java:getReplicatedSize(63)) - Unknown replication type 'STAND_ALONE'. Returning original data size.
2023-09-13 16:03:58,770 [OM StateMachine ApplyTransaction Thread - 0] WARN  helpers.QuotaUtil (QuotaUtil.java:getReplicatedSize(63)) - Unknown replication type 'STAND_ALONE'. Returning original data size.
2023-09-13 16:03:58,770 [OM StateMachine ApplyTransaction Thread - 0] WARN  helpers.QuotaUtil (QuotaUtil.java:getReplicatedSize(63)) - Unknown replication type 'STAND_ALONE'. Returning original data size.
2023-09-13 16:03:58,772 [OM StateMachine ApplyTransaction Thread - 0] WARN  helpers.QuotaUtil (QuotaUtil.java:getReplicatedSize(63)) - Unknown replication type 'STAND_ALONE'. Returning original data size.
2023-09-13 16:03:58,772 [OM StateMachine ApplyTransaction Thread - 0] WARN  helpers.QuotaUtil (QuotaUtil.java:getReplicatedSize(63)) - Unknown replication type 'STAND_ALONE'. Returning original data size.
2023-09-13 16:03:58,778 [OM StateMachine ApplyTransaction Thread - 0] WARN  helpers.QuotaUtil (QuotaUtil.java:getReplicatedSize(63)) - Unknown replication type 'STAND_ALONE'. Returning original data size.
2023-09-13 16:03:58,778 [OM StateMachine ApplyTransaction Thread - 0] WARN  helpers.QuotaUtil (QuotaUtil.java:getReplicatedSize(63)) - Unknown replication type 'STAND_ALONE'. Returning original data size.
2023-09-13 16:03:58,781 [OM StateMachine ApplyTransaction Thread - 0] WARN  helpers.QuotaUtil (QuotaUtil.java:getReplicatedSize(63)) - Unknown replication type 'STAND_ALONE'. Returning original data size.
2023-09-13 16:03:58,781 [OM StateMachine ApplyTransaction Thread - 0] WARN  helpers.QuotaUtil (QuotaUtil.java:getReplicatedSize(63)) - Unknown replication type 'STAND_ALONE'. Returning original data size.
2023-09-13 16:03:58,789 [OM StateMachine ApplyTransaction Thread - 0] WARN  helpers.QuotaUtil (QuotaUtil.java:getReplicatedSize(63)) - Unknown replication type 'STAND_ALONE'. Returning original data size.
2023-09-13 16:03:58,789 [OM StateMachine ApplyTransaction Thread - 0] WARN  helpers.QuotaUtil (QuotaUtil.java:getReplicatedSize(63)) - Unknown replication type 'STAND_ALONE'. Returning original data size.
2023-09-13 16:03:58,791 [OM StateMachine ApplyTransaction Thread - 0] WARN  helpers.QuotaUtil (QuotaUtil.java:getReplicatedSize(63)) - Unknown replication type 'STAND_ALONE'. Returning original data size.
2023-09-13 16:03:58,792 [OM StateMachine ApplyTransaction Thread - 0] WARN  helpers.QuotaUtil (QuotaUtil.java:getReplicatedSize(63)) - Unknown replication type 'STAND_ALONE'. Returning original data size.
2023-09-13 16:03:58,797 [OM StateMachine ApplyTransaction Thread - 0] WARN  helpers.QuotaUtil (QuotaUtil.java:getReplicatedSize(63)) - Unknown replication type 'STAND_ALONE'. Returning original data size.
2023-09-13 16:03:58,797 [OM StateMachine ApplyTransaction Thread - 0] WARN  helpers.QuotaUtil (QuotaUtil.java:getReplicatedSize(63)) - Unknown replication type 'STAND_ALONE'. Returning original data size.
2023-09-13 16:03:58,799 [OM StateMachine ApplyTransaction Thread - 0] WARN  helpers.QuotaUtil (QuotaUtil.java:getReplicatedSize(63)) - Unknown replication type 'STAND_ALONE'. Returning original data size.
2023-09-13 16:03:58,799 [OM StateMachine ApplyTransaction Thread - 0] WARN  helpers.QuotaUtil (QuotaUtil.java:getReplicatedSize(63)) - Unknown replication type 'STAND_ALONE'. Returning original data size.
2023-09-13 16:03:58,804 [OM StateMachine ApplyTransaction Thread - 0] WARN  helpers.QuotaUtil (QuotaUtil.java:getReplicatedSize(63)) - Unknown replication type 'STAND_ALONE'. Returning original data size.
2023-09-13 16:03:58,804 [OM StateMachine ApplyTransaction Thread - 0] WARN  helpers.QuotaUtil (QuotaUtil.java:getReplicatedSize(63)) - Unknown replication type 'STAND_ALONE'. Returning original data size.
2023-09-13 16:03:58,807 [OM StateMachine ApplyTransaction Thread - 0] WARN  helpers.QuotaUtil (QuotaUtil.java:getReplicatedSize(63)) - Unknown replication type 'STAND_ALONE'. Returning original data size.
2023-09-13 16:03:58,807 [OM StateMachine ApplyTransaction Thread - 0] WARN  helpers.QuotaUtil (QuotaUtil.java:getReplicatedSize(63)) - Unknown replication type 'STAND_ALONE'. Returning original data size.
2023-09-13 16:03:58,812 [OM StateMachine ApplyTransaction Thread - 0] WARN  helpers.QuotaUtil (QuotaUtil.java:getReplicatedSize(63)) - Unknown replication type 'STAND_ALONE'. Returning original data size.
2023-09-13 16:03:58,812 [OM StateMachine ApplyTransaction Thread - 0] WARN  helpers.QuotaUtil (QuotaUtil.java:getReplicatedSize(63)) - Unknown replication type 'STAND_ALONE'. Returning original data size.
2023-09-13 16:03:58,814 [OM StateMachine ApplyTransaction Thread - 0] WARN  helpers.QuotaUtil (QuotaUtil.java:getReplicatedSize(63)) - Unknown replication type 'STAND_ALONE'. Returning original data size.
2023-09-13 16:03:58,814 [OM StateMachine ApplyTransaction Thread - 0] WARN  helpers.QuotaUtil (QuotaUtil.java:getReplicatedSize(63)) - Unknown replication type 'STAND_ALONE'. Returning original data size.
2023-09-13 16:03:58,822 [OM StateMachine ApplyTransaction Thread - 0] WARN  helpers.QuotaUtil (QuotaUtil.java:getReplicatedSize(63)) - Unknown replication type 'STAND_ALONE'. Returning original data size.
2023-09-13 16:03:58,822 [OM StateMachine ApplyTransaction Thread - 0] WARN  helpers.QuotaUtil (QuotaUtil.java:getReplicatedSize(63)) - Unknown replication type 'STAND_ALONE'. Returning original data size.
2023-09-13 16:03:58,825 [OM StateMachine ApplyTransaction Thread - 0] WARN  helpers.QuotaUtil (QuotaUtil.java:getReplicatedSize(63)) - Unknown replication type 'STAND_ALONE'. Returning original data size.
2023-09-13 16:03:58,825 [OM StateMachine ApplyTransaction Thread - 0] WARN  helpers.QuotaUtil (QuotaUtil.java:getReplicatedSize(63)) - Unknown replication type 'STAND_ALONE'. Returning original data size.
2023-09-13 16:03:58,834 [OM StateMachine ApplyTransaction Thread - 0] WARN  helpers.QuotaUtil (QuotaUtil.java:getReplicatedSize(63)) - Unknown replication type 'STAND_ALONE'. Returning original data size.
2023-09-13 16:03:58,834 [OM StateMachine ApplyTransaction Thread - 0] WARN  helpers.QuotaUtil (QuotaUtil.java:getReplicatedSize(63)) - Unknown replication type 'STAND_ALONE'. Returning original data size.
2023-09-13 16:03:58,837 [OM StateMachine ApplyTransaction Thread - 0] WARN  helpers.QuotaUtil (QuotaUtil.java:getReplicatedSize(63)) - Unknown replication type 'STAND_ALONE'. Returning original data size.
2023-09-13 16:03:58,837 [OM StateMachine ApplyTransaction Thread - 0] WARN  helpers.QuotaUtil (QuotaUtil.java:getReplicatedSize(63)) - Unknown replication type 'STAND_ALONE'. Returning original data size.
2023-09-13 16:03:58,852 [OM StateMachine ApplyTransaction Thread - 0] WARN  helpers.QuotaUtil (QuotaUtil.java:getReplicatedSize(63)) - Unknown replication type 'STAND_ALONE'. Returning original data size.
2023-09-13 16:03:58,852 [OM StateMachine ApplyTransaction Thread - 0] WARN  helpers.QuotaUtil (QuotaUtil.java:getReplicatedSize(63)) - Unknown replication type 'STAND_ALONE'. Returning original data size.
2023-09-13 16:03:58,857 [OM StateMachine ApplyTransaction Thread - 0] WARN  helpers.QuotaUtil (QuotaUtil.java:getReplicatedSize(63)) - Unknown replication type 'STAND_ALONE'. Returning original data size.
2023-09-13 16:03:58,857 [OM StateMachine ApplyTransaction Thread - 0] WARN  helpers.QuotaUtil (QuotaUtil.java:getReplicatedSize(63)) - Unknown replication type 'STAND_ALONE'. Returning original data size.
2023-09-13 16:03:58,860 [OM StateMachine ApplyTransaction Thread - 0] WARN  helpers.QuotaUtil (QuotaUtil.java:getReplicatedSize(63)) - Unknown replication type 'STAND_ALONE'. Returning original data size.
2023-09-13 16:03:58,860 [OM StateMachine ApplyTransaction Thread - 0] WARN  helpers.QuotaUtil (QuotaUtil.java:getReplicatedSize(63)) - Unknown replication type 'STAND_ALONE'. Returning original data size.
2023-09-13 16:03:58,865 [OM StateMachine ApplyTransaction Thread - 0] WARN  helpers.QuotaUtil (QuotaUtil.java:getReplicatedSize(63)) - Unknown replication type 'STAND_ALONE'. Returning original data size.
2023-09-13 16:03:58,865 [OM StateMachine ApplyTransaction Thread - 0] WARN  helpers.QuotaUtil (QuotaUtil.java:getReplicatedSize(63)) - Unknown replication type 'STAND_ALONE'. Returning original data size.
2023-09-13 16:03:58,882 [OM StateMachine ApplyTransaction Thread - 0] WARN  helpers.QuotaUtil (QuotaUtil.java:getReplicatedSize(63)) - Unknown replication type 'STAND_ALONE'. Returning original data size.
2023-09-13 16:03:58,882 [OM StateMachine ApplyTransaction Thread - 0] WARN  helpers.QuotaUtil (QuotaUtil.java:getReplicatedSize(63)) - Unknown replication type 'STAND_ALONE'. Returning original data size.
2023-09-13 16:03:58,884 [OM StateMachine ApplyTransaction Thread - 0] WARN  helpers.QuotaUtil (QuotaUtil.java:getReplicatedSize(63)) - Unknown replication type 'STAND_ALONE'. Returning original data size.
2023-09-13 16:03:58,884 [OM StateMachine ApplyTransaction Thread - 0] WARN  helpers.QuotaUtil (QuotaUtil.java:getReplicatedSize(63)) - Unknown replication type 'STAND_ALONE'. Returning original data size.
2023-09-13 16:03:58,889 [OM StateMachine ApplyTransaction Thread - 0] WARN  helpers.QuotaUtil (QuotaUtil.java:getReplicatedSize(63)) - Unknown replication type 'STAND_ALONE'. Returning original data size.
2023-09-13 16:03:58,889 [OM StateMachine ApplyTransaction Thread - 0] WARN  helpers.QuotaUtil (QuotaUtil.java:getReplicatedSize(63)) - Unknown replication type 'STAND_ALONE'. Returning original data size.
2023-09-13 16:03:58,892 [OM StateMachine ApplyTransaction Thread - 0] WARN  helpers.QuotaUtil (QuotaUtil.java:getReplicatedSize(63)) - Unknown replication type 'STAND_ALONE'. Returning original data size.
2023-09-13 16:03:58,892 [OM StateMachine ApplyTransaction Thread - 0] WARN  helpers.QuotaUtil (QuotaUtil.java:getReplicatedSize(63)) - Unknown replication type 'STAND_ALONE'. Returning original data size.
2023-09-13 16:03:58,897 [OM StateMachine ApplyTransaction Thread - 0] WARN  helpers.QuotaUtil (QuotaUtil.java:getReplicatedSize(63)) - Unknown replication type 'STAND_ALONE'. Returning original data size.
2023-09-13 16:03:58,897 [OM StateMachine ApplyTransaction Thread - 0] WARN  helpers.QuotaUtil (QuotaUtil.java:getReplicatedSize(63)) - Unknown replication type 'STAND_ALONE'. Returning original data size.
2023-09-13 16:03:58,906 [OM StateMachine ApplyTransaction Thread - 0] WARN  helpers.QuotaUtil (QuotaUtil.java:getReplicatedSize(63)) - Unknown replication type 'STAND_ALONE'. Returning original data size.
2023-09-13 16:03:58,906 [OM StateMachine ApplyTransaction Thread - 0] WARN  helpers.QuotaUtil (QuotaUtil.java:getReplicatedSize(63)) - Unknown replication type 'STAND_ALONE'. Returning original data size.
2023-09-13 16:03:58,909 [OM StateMachine ApplyTransaction Thread - 0] WARN  helpers.QuotaUtil (QuotaUtil.java:getReplicatedSize(63)) - Unknown replication type 'STAND_ALONE'. Returning original data size.
2023-09-13 16:03:58,909 [OM StateMachine ApplyTransaction Thread - 0] WARN  helpers.QuotaUtil (QuotaUtil.java:getReplicatedSize(63)) - Unknown replication type 'STAND_ALONE'. Returning original data size.
2023-09-13 16:03:58,917 [OM StateMachine ApplyTransaction Thread - 0] WARN  helpers.QuotaUtil (QuotaUtil.java:getReplicatedSize(63)) - Unknown replication type 'STAND_ALONE'. Returning original data size.
2023-09-13 16:03:58,917 [OM StateMachine ApplyTransaction Thread - 0] WARN  helpers.QuotaUtil (QuotaUtil.java:getReplicatedSize(63)) - Unknown replication type 'STAND_ALONE'. Returning original data size.
2023-09-13 16:03:58,922 [OM StateMachine ApplyTransaction Thread - 0] WARN  helpers.QuotaUtil (QuotaUtil.java:getReplicatedSize(63)) - Unknown replication type 'STAND_ALONE'. Returning original data size.
2023-09-13 16:03:58,922 [OM StateMachine ApplyTransaction Thread - 0] WARN  helpers.QuotaUtil (QuotaUtil.java:getReplicatedSize(63)) - Unknown replication type 'STAND_ALONE'. Returning original data size.
2023-09-13 16:03:58,930 [OM StateMachine ApplyTransaction Thread - 0] WARN  helpers.QuotaUtil (QuotaUtil.java:getReplicatedSize(63)) - Unknown replication type 'STAND_ALONE'. Returning original data size.
2023-09-13 16:03:58,930 [OM StateMachine ApplyTransaction Thread - 0] WARN  helpers.QuotaUtil (QuotaUtil.java:getReplicatedSize(63)) - Unknown replication type 'STAND_ALONE'. Returning original data size.
2023-09-13 16:03:58,932 [OM StateMachine ApplyTransaction Thread - 0] WARN  helpers.QuotaUtil (QuotaUtil.java:getReplicatedSize(63)) - Unknown replication type 'STAND_ALONE'. Returning original data size.
2023-09-13 16:03:58,932 [OM StateMachine ApplyTransaction Thread - 0] WARN  helpers.QuotaUtil (QuotaUtil.java:getReplicatedSize(63)) - Unknown replication type 'STAND_ALONE'. Returning original data size.
2023-09-13 16:03:58,937 [OM StateMachine ApplyTransaction Thread - 0] WARN  helpers.QuotaUtil (QuotaUtil.java:getReplicatedSize(63)) - Unknown replication type 'STAND_ALONE'. Returning original data size.
2023-09-13 16:03:58,937 [OM StateMachine ApplyTransaction Thread - 0] WARN  helpers.QuotaUtil (QuotaUtil.java:getReplicatedSize(63)) - Unknown replication type 'STAND_ALONE'. Returning original data size.
2023-09-13 16:03:58,940 [OM StateMachine ApplyTransaction Thread - 0] WARN  helpers.QuotaUtil (QuotaUtil.java:getReplicatedSize(63)) - Unknown replication type 'STAND_ALONE'. Returning original data size.
2023-09-13 16:03:58,940 [OM StateMachine ApplyTransaction Thread - 0] WARN  helpers.QuotaUtil (QuotaUtil.java:getReplicatedSize(63)) - Unknown replication type 'STAND_ALONE'. Returning original data size.
2023-09-13 16:03:58,945 [OM StateMachine ApplyTransaction Thread - 0] WARN  helpers.QuotaUtil (QuotaUtil.java:getReplicatedSize(63)) - Unknown replication type 'STAND_ALONE'. Returning original data size.
2023-09-13 16:03:58,945 [OM StateMachine ApplyTransaction Thread - 0] WARN  helpers.QuotaUtil (QuotaUtil.java:getReplicatedSize(63)) - Unknown replication type 'STAND_ALONE'. Returning original data size.
2023-09-13 16:03:58,947 [OM StateMachine ApplyTransaction Thread - 0] WARN  helpers.QuotaUtil (QuotaUtil.java:getReplicatedSize(63)) - Unknown replication type 'STAND_ALONE'. Returning original data size.
2023-09-13 16:03:58,947 [OM StateMachine ApplyTransaction Thread - 0] WARN  helpers.QuotaUtil (QuotaUtil.java:getReplicatedSize(63)) - Unknown replication type 'STAND_ALONE'. Returning original data size.
2023-09-13 16:03:58,955 [OM StateMachine ApplyTransaction Thread - 0] WARN  helpers.QuotaUtil (QuotaUtil.java:getReplicatedSize(63)) - Unknown replication type 'STAND_ALONE'. Returning original data size.
2023-09-13 16:03:58,955 [OM StateMachine ApplyTransaction Thread - 0] WARN  helpers.QuotaUtil (QuotaUtil.java:getReplicatedSize(63)) - Unknown replication type 'STAND_ALONE'. Returning original data size.
2023-09-13 16:03:58,958 [OM StateMachine ApplyTransaction Thread - 0] WARN  helpers.QuotaUtil (QuotaUtil.java:getReplicatedSize(63)) - Unknown replication type 'STAND_ALONE'. Returning original data size.
2023-09-13 16:03:58,958 [OM StateMachine ApplyTransaction Thread - 0] WARN  helpers.QuotaUtil (QuotaUtil.java:getReplicatedSize(63)) - Unknown replication type 'STAND_ALONE'. Returning original data size.
2023-09-13 16:03:58,963 [OM StateMachine ApplyTransaction Thread - 0] WARN  helpers.QuotaUtil (QuotaUtil.java:getReplicatedSize(63)) - Unknown replication type 'STAND_ALONE'. Returning original data size.
2023-09-13 16:03:58,963 [OM StateMachine ApplyTransaction Thread - 0] WARN  helpers.QuotaUtil (QuotaUtil.java:getReplicatedSize(63)) - Unknown replication type 'STAND_ALONE'. Returning original data size.
2023-09-13 16:03:58,968 [OM StateMachine ApplyTransaction Thread - 0] WARN  helpers.QuotaUtil (QuotaUtil.java:getReplicatedSize(63)) - Unknown replication type 'STAND_ALONE'. Returning original data size.
2023-09-13 16:03:58,968 [OM StateMachine ApplyTransaction Thread - 0] WARN  helpers.QuotaUtil (QuotaUtil.java:getReplicatedSize(63)) - Unknown replication type 'STAND_ALONE'. Returning original data size.
2023-09-13 16:03:58,973 [OM StateMachine ApplyTransaction Thread - 0] WARN  helpers.QuotaUtil (QuotaUtil.java:getReplicatedSize(63)) - Unknown replication type 'STAND_ALONE'. Returning original data size.
2023-09-13 16:03:58,973 [OM StateMachine ApplyTransaction Thread - 0] WARN  helpers.QuotaUtil (QuotaUtil.java:getReplicatedSize(63)) - Unknown replication type 'STAND_ALONE'. Returning original data size.
2023-09-13 16:03:58,975 [OM StateMachine ApplyTransaction Thread - 0] WARN  helpers.QuotaUtil (QuotaUtil.java:getReplicatedSize(63)) - Unknown replication type 'STAND_ALONE'. Returning original data size.
2023-09-13 16:03:58,975 [OM StateMachine ApplyTransaction Thread - 0] WARN  helpers.QuotaUtil (QuotaUtil.java:getReplicatedSize(63)) - Unknown replication type 'STAND_ALONE'. Returning original data size.
2023-09-13 16:03:58,983 [OM StateMachine ApplyTransaction Thread - 0] WARN  helpers.QuotaUtil (QuotaUtil.java:getReplicatedSize(63)) - Unknown replication type 'STAND_ALONE'. Returning original data size.
2023-09-13 16:03:58,983 [OM StateMachine ApplyTransaction Thread - 0] WARN  helpers.QuotaUtil (QuotaUtil.java:getReplicatedSize(63)) - Unknown replication type 'STAND_ALONE'. Returning original data size.
2023-09-13 16:03:58,989 [OM StateMachine ApplyTransaction Thread - 0] WARN  helpers.QuotaUtil (QuotaUtil.java:getReplicatedSize(63)) - Unknown replication type 'STAND_ALONE'. Returning original data size.
2023-09-13 16:03:58,989 [OM StateMachine ApplyTransaction Thread - 0] WARN  helpers.QuotaUtil (QuotaUtil.java:getReplicatedSize(63)) - Unknown replication type 'STAND_ALONE'. Returning original data size.
2023-09-13 16:03:58,994 [OM StateMachine ApplyTransaction Thread - 0] WARN  helpers.QuotaUtil (QuotaUtil.java:getReplicatedSize(63)) - Unknown replication type 'STAND_ALONE'. Returning original data size.
2023-09-13 16:03:58,994 [OM StateMachine ApplyTransaction Thread - 0] WARN  helpers.QuotaUtil (QuotaUtil.java:getReplicatedSize(63)) - Unknown replication type 'STAND_ALONE'. Returning original data size.
2023-09-13 16:03:59,005 [OM StateMachine ApplyTransaction Thread - 0] WARN  helpers.QuotaUtil (QuotaUtil.java:getReplicatedSize(63)) - Unknown replication type 'STAND_ALONE'. Returning original data size.
2023-09-13 16:03:59,005 [OM StateMachine ApplyTransaction Thread - 0] WARN  helpers.QuotaUtil (QuotaUtil.java:getReplicatedSize(63)) - Unknown replication type 'STAND_ALONE'. Returning original data size.
2023-09-13 16:03:59,007 [OM StateMachine ApplyTransaction Thread - 0] WARN  helpers.QuotaUtil (QuotaUtil.java:getReplicatedSize(63)) - Unknown replication type 'STAND_ALONE'. Returning original data size.
2023-09-13 16:03:59,008 [OM StateMachine ApplyTransaction Thread - 0] WARN  helpers.QuotaUtil (QuotaUtil.java:getReplicatedSize(63)) - Unknown replication type 'STAND_ALONE'. Returning original data size.
2023-09-13 16:03:59,016 [OM StateMachine ApplyTransaction Thread - 0] WARN  helpers.QuotaUtil (QuotaUtil.java:getReplicatedSize(63)) - Unknown replication type 'STAND_ALONE'. Returning original data size.
2023-09-13 16:03:59,016 [OM StateMachine ApplyTransaction Thread - 0] WARN  helpers.QuotaUtil (QuotaUtil.java:getReplicatedSize(63)) - Unknown replication type 'STAND_ALONE'. Returning original data size.
2023-09-13 16:03:59,018 [OM StateMachine ApplyTransaction Thread - 0] WARN  helpers.QuotaUtil (QuotaUtil.java:getReplicatedSize(63)) - Unknown replication type 'STAND_ALONE'. Returning original data size.
2023-09-13 16:03:59,018 [OM StateMachine ApplyTransaction Thread - 0] WARN  helpers.QuotaUtil (QuotaUtil.java:getReplicatedSize(63)) - Unknown replication type 'STAND_ALONE'. Returning original data size.
2023-09-13 16:03:59,025 [OM StateMachine ApplyTransaction Thread - 0] WARN  helpers.QuotaUtil (QuotaUtil.java:getReplicatedSize(63)) - Unknown replication type 'STAND_ALONE'. Returning original data size.
2023-09-13 16:03:59,025 [OM StateMachine ApplyTransaction Thread - 0] WARN  helpers.QuotaUtil (QuotaUtil.java:getReplicatedSize(63)) - Unknown replication type 'STAND_ALONE'. Returning original data size.
2023-09-13 16:03:59,027 [OM StateMachine ApplyTransaction Thread - 0] WARN  helpers.QuotaUtil (QuotaUtil.java:getReplicatedSize(63)) - Unknown replication type 'STAND_ALONE'. Returning original data size.
2023-09-13 16:03:59,027 [OM StateMachine ApplyTransaction Thread - 0] WARN  helpers.QuotaUtil (QuotaUtil.java:getReplicatedSize(63)) - Unknown replication type 'STAND_ALONE'. Returning original data size.
2023-09-13 16:03:59,033 [OM StateMachine ApplyTransaction Thread - 0] WARN  helpers.QuotaUtil (QuotaUtil.java:getReplicatedSize(63)) - Unknown replication type 'STAND_ALONE'. Returning original data size.
2023-09-13 16:03:59,033 [OM StateMachine ApplyTransaction Thread - 0] WARN  helpers.QuotaUtil (QuotaUtil.java:getReplicatedSize(63)) - Unknown replication type 'STAND_ALONE'. Returning original data size.
2023-09-13 16:03:59,036 [OM StateMachine ApplyTransaction Thread - 0] WARN  helpers.QuotaUtil (QuotaUtil.java:getReplicatedSize(63)) - Unknown replication type 'STAND_ALONE'. Returning original data size.
2023-09-13 16:03:59,036 [OM StateMachine ApplyTransaction Thread - 0] WARN  helpers.QuotaUtil (QuotaUtil.java:getReplicatedSize(63)) - Unknown replication type 'STAND_ALONE'. Returning original data size.
2023-09-13 16:03:59,041 [OM StateMachine ApplyTransaction Thread - 0] WARN  helpers.QuotaUtil (QuotaUtil.java:getReplicatedSize(63)) - Unknown replication type 'STAND_ALONE'. Returning original data size.
2023-09-13 16:03:59,041 [OM StateMachine ApplyTransaction Thread - 0] WARN  helpers.QuotaUtil (QuotaUtil.java:getReplicatedSize(63)) - Unknown replication type 'STAND_ALONE'. Returning original data size.
2023-09-13 16:03:59,043 [OM StateMachine ApplyTransaction Thread - 0] WARN  helpers.QuotaUtil (QuotaUtil.java:getReplicatedSize(63)) - Unknown replication type 'STAND_ALONE'. Returning original data size.
2023-09-13 16:03:59,044 [OM StateMachine ApplyTransaction Thread - 0] WARN  helpers.QuotaUtil (QuotaUtil.java:getReplicatedSize(63)) - Unknown replication type 'STAND_ALONE'. Returning original data size.
2023-09-13 16:03:59,052 [OM StateMachine ApplyTransaction Thread - 0] WARN  helpers.QuotaUtil (QuotaUtil.java:getReplicatedSize(63)) - Unknown replication type 'STAND_ALONE'. Returning original data size.
2023-09-13 16:03:59,052 [OM StateMachine ApplyTransaction Thread - 0] WARN  helpers.QuotaUtil (QuotaUtil.java:getReplicatedSize(63)) - Unknown replication type 'STAND_ALONE'. Returning original data size.
2023-09-13 16:03:59,054 [OM StateMachine ApplyTransaction Thread - 0] WARN  helpers.QuotaUtil (QuotaUtil.java:getReplicatedSize(63)) - Unknown replication type 'STAND_ALONE'. Returning original data size.
2023-09-13 16:03:59,054 [OM StateMachine ApplyTransaction Thread - 0] WARN  helpers.QuotaUtil (QuotaUtil.java:getReplicatedSize(63)) - Unknown replication type 'STAND_ALONE'. Returning original data size.
2023-09-13 16:03:59,059 [OM StateMachine ApplyTransaction Thread - 0] WARN  helpers.QuotaUtil (QuotaUtil.java:getReplicatedSize(63)) - Unknown replication type 'STAND_ALONE'. Returning original data size.
2023-09-13 16:03:59,059 [OM StateMachine ApplyTransaction Thread - 0] WARN  helpers.QuotaUtil (QuotaUtil.java:getReplicatedSize(63)) - Unknown replication type 'STAND_ALONE'. Returning original data size.
2023-09-13 16:03:59,062 [OM StateMachine ApplyTransaction Thread - 0] WARN  helpers.QuotaUtil (QuotaUtil.java:getReplicatedSize(63)) - Unknown replication type 'STAND_ALONE'. Returning original data size.
2023-09-13 16:03:59,062 [OM StateMachine ApplyTransaction Thread - 0] WARN  helpers.QuotaUtil (QuotaUtil.java:getReplicatedSize(63)) - Unknown replication type 'STAND_ALONE'. Returning original data size.
2023-09-13 16:03:59,067 [OM StateMachine ApplyTransaction Thread - 0] WARN  helpers.QuotaUtil (QuotaUtil.java:getReplicatedSize(63)) - Unknown replication type 'STAND_ALONE'. Returning original data size.
2023-09-13 16:03:59,069 [OM StateMachine ApplyTransaction Thread - 0] WARN  helpers.QuotaUtil (QuotaUtil.java:getReplicatedSize(63)) - Unknown replication type 'STAND_ALONE'. Returning original data size.
2023-09-13 16:03:59,071 [OM StateMachine ApplyTransaction Thread - 0] WARN  helpers.QuotaUtil (QuotaUtil.java:getReplicatedSize(63)) - Unknown replication type 'STAND_ALONE'. Returning original data size.
2023-09-13 16:03:59,072 [OM StateMachine ApplyTransaction Thread - 0] WARN  helpers.QuotaUtil (QuotaUtil.java:getReplicatedSize(63)) - Unknown replication type 'STAND_ALONE'. Returning original data size.
2023-09-13 16:03:59,079 [OM StateMachine ApplyTransaction Thread - 0] WARN  helpers.QuotaUtil (QuotaUtil.java:getReplicatedSize(63)) - Unknown replication type 'STAND_ALONE'. Returning original data size.
2023-09-13 16:03:59,080 [OM StateMachine ApplyTransaction Thread - 0] WARN  helpers.QuotaUtil (QuotaUtil.java:getReplicatedSize(63)) - Unknown replication type 'STAND_ALONE'. Returning original data size.
2023-09-13 16:03:59,091 [OM StateMachine ApplyTransaction Thread - 0] WARN  helpers.QuotaUtil (QuotaUtil.java:getReplicatedSize(63)) - Unknown replication type 'STAND_ALONE'. Returning original data size.
2023-09-13 16:03:59,091 [OM StateMachine ApplyTransaction Thread - 0] WARN  helpers.QuotaUtil (QuotaUtil.java:getReplicatedSize(63)) - Unknown replication type 'STAND_ALONE'. Returning original data size.
2023-09-13 16:03:59,099 [OM StateMachine ApplyTransaction Thread - 0] WARN  helpers.QuotaUtil (QuotaUtil.java:getReplicatedSize(63)) - Unknown replication type 'STAND_ALONE'. Returning original data size.
2023-09-13 16:03:59,099 [OM StateMachine ApplyTransaction Thread - 0] WARN  helpers.QuotaUtil (QuotaUtil.java:getReplicatedSize(63)) - Unknown replication type 'STAND_ALONE'. Returning original data size.
2023-09-13 16:03:59,101 [OM StateMachine ApplyTransaction Thread - 0] WARN  helpers.QuotaUtil (QuotaUtil.java:getReplicatedSize(63)) - Unknown replication type 'STAND_ALONE'. Returning original data size.
2023-09-13 16:03:59,101 [OM StateMachine ApplyTransaction Thread - 0] WARN  helpers.QuotaUtil (QuotaUtil.java:getReplicatedSize(63)) - Unknown replication type 'STAND_ALONE'. Returning original data size.
2023-09-13 16:03:59,107 [OM StateMachine ApplyTransaction Thread - 0] WARN  helpers.QuotaUtil (QuotaUtil.java:getReplicatedSize(63)) - Unknown replication type 'STAND_ALONE'. Returning original data size.
2023-09-13 16:03:59,107 [OM StateMachine ApplyTransaction Thread - 0] WARN  helpers.QuotaUtil (QuotaUtil.java:getReplicatedSize(63)) - Unknown replication type 'STAND_ALONE'. Returning original data size.
2023-09-13 16:03:59,109 [OM StateMachine ApplyTransaction Thread - 0] WARN  helpers.QuotaUtil (QuotaUtil.java:getReplicatedSize(63)) - Unknown replication type 'STAND_ALONE'. Returning original data size.
2023-09-13 16:03:59,109 [OM StateMachine ApplyTransaction Thread - 0] WARN  helpers.QuotaUtil (QuotaUtil.java:getReplicatedSize(63)) - Unknown replication type 'STAND_ALONE'. Returning original data size.
2023-09-13 16:03:59,114 [OM StateMachine ApplyTransaction Thread - 0] WARN  helpers.QuotaUtil (QuotaUtil.java:getReplicatedSize(63)) - Unknown replication type 'STAND_ALONE'. Returning original data size.
2023-09-13 16:03:59,114 [OM StateMachine ApplyTransaction Thread - 0] WARN  helpers.QuotaUtil (QuotaUtil.java:getReplicatedSize(63)) - Unknown replication type 'STAND_ALONE'. Returning original data size.
2023-09-13 16:03:59,116 [OM StateMachine ApplyTransaction Thread - 0] WARN  helpers.QuotaUtil (QuotaUtil.java:getReplicatedSize(63)) - Unknown replication type 'STAND_ALONE'. Returning original data size.
2023-09-13 16:03:59,116 [OM StateMachine ApplyTransaction Thread - 0] WARN  helpers.QuotaUtil (QuotaUtil.java:getReplicatedSize(63)) - Unknown replication type 'STAND_ALONE'. Returning original data size.
2023-09-13 16:03:59,121 [OM StateMachine ApplyTransaction Thread - 0] WARN  helpers.QuotaUtil (QuotaUtil.java:getReplicatedSize(63)) - Unknown replication type 'STAND_ALONE'. Returning original data size.
2023-09-13 16:03:59,121 [OM StateMachine ApplyTransaction Thread - 0] WARN  helpers.QuotaUtil (QuotaUtil.java:getReplicatedSize(63)) - Unknown replication type 'STAND_ALONE'. Returning original data size.
2023-09-13 16:03:59,126 [OM StateMachine ApplyTransaction Thread - 0] WARN  helpers.QuotaUtil (QuotaUtil.java:getReplicatedSize(63)) - Unknown replication type 'STAND_ALONE'. Returning original data size.
2023-09-13 16:03:59,127 [OM StateMachine ApplyTransaction Thread - 0] WARN  helpers.QuotaUtil (QuotaUtil.java:getReplicatedSize(63)) - Unknown replication type 'STAND_ALONE'. Returning original data size.
2023-09-13 16:03:59,129 [OM StateMachine ApplyTransaction Thread - 0] WARN  helpers.QuotaUtil (QuotaUtil.java:getReplicatedSize(63)) - Unknown replication type 'STAND_ALONE'. Returning original data size.
2023-09-13 16:03:59,129 [OM StateMachine ApplyTransaction Thread - 0] WARN  helpers.QuotaUtil (QuotaUtil.java:getReplicatedSize(63)) - Unknown replication type 'STAND_ALONE'. Returning original data size.
2023-09-13 16:03:59,134 [OM StateMachine ApplyTransaction Thread - 0] WARN  helpers.QuotaUtil (QuotaUtil.java:getReplicatedSize(63)) - Unknown replication type 'STAND_ALONE'. Returning original data size.
2023-09-13 16:03:59,134 [OM StateMachine ApplyTransaction Thread - 0] WARN  helpers.QuotaUtil (QuotaUtil.java:getReplicatedSize(63)) - Unknown replication type 'STAND_ALONE'. Returning original data size.
2023-09-13 16:03:59,136 [OM StateMachine ApplyTransaction Thread - 0] WARN  helpers.QuotaUtil (QuotaUtil.java:getReplicatedSize(63)) - Unknown replication type 'STAND_ALONE'. Returning original data size.
2023-09-13 16:03:59,136 [OM StateMachine ApplyTransaction Thread - 0] WARN  helpers.QuotaUtil (QuotaUtil.java:getReplicatedSize(63)) - Unknown replication type 'STAND_ALONE'. Returning original data size.
2023-09-13 16:03:59,143 [OM StateMachine ApplyTransaction Thread - 0] WARN  helpers.QuotaUtil (QuotaUtil.java:getReplicatedSize(63)) - Unknown replication type 'STAND_ALONE'. Returning original data size.
2023-09-13 16:03:59,143 [OM StateMachine ApplyTransaction Thread - 0] WARN  helpers.QuotaUtil (QuotaUtil.java:getReplicatedSize(63)) - Unknown replication type 'STAND_ALONE'. Returning original data size.
2023-09-13 16:03:59,145 [OM StateMachine ApplyTransaction Thread - 0] WARN  helpers.QuotaUtil (QuotaUtil.java:getReplicatedSize(63)) - Unknown replication type 'STAND_ALONE'. Returning original data size.
2023-09-13 16:03:59,146 [OM StateMachine ApplyTransaction Thread - 0] WARN  helpers.QuotaUtil (QuotaUtil.java:getReplicatedSize(63)) - Unknown replication type 'STAND_ALONE'. Returning original data size.
2023-09-13 16:03:59,150 [OM StateMachine ApplyTransaction Thread - 0] WARN  helpers.QuotaUtil (QuotaUtil.java:getReplicatedSize(63)) - Unknown replication type 'STAND_ALONE'. Returning original data size.
2023-09-13 16:03:59,150 [OM StateMachine ApplyTransaction Thread - 0] WARN  helpers.QuotaUtil (QuotaUtil.java:getReplicatedSize(63)) - Unknown replication type 'STAND_ALONE'. Returning original data size.
2023-09-13 16:03:59,153 [OM StateMachine ApplyTransaction Thread - 0] WARN  helpers.QuotaUtil (QuotaUtil.java:getReplicatedSize(63)) - Unknown replication type 'STAND_ALONE'. Returning original data size.
2023-09-13 16:03:59,153 [OM StateMachine ApplyTransaction Thread - 0] WARN  helpers.QuotaUtil (QuotaUtil.java:getReplicatedSize(63)) - Unknown replication type 'STAND_ALONE'. Returning original data size.
2023-09-13 16:03:59,160 [OM StateMachine ApplyTransaction Thread - 0] WARN  helpers.QuotaUtil (QuotaUtil.java:getReplicatedSize(63)) - Unknown replication type 'STAND_ALONE'. Returning original data size.
2023-09-13 16:03:59,160 [OM StateMachine ApplyTransaction Thread - 0] WARN  helpers.QuotaUtil (QuotaUtil.java:getReplicatedSize(63)) - Unknown replication type 'STAND_ALONE'. Returning original data size.
2023-09-13 16:03:59,163 [OM StateMachine ApplyTransaction Thread - 0] WARN  helpers.QuotaUtil (QuotaUtil.java:getReplicatedSize(63)) - Unknown replication type 'STAND_ALONE'. Returning original data size.
2023-09-13 16:03:59,163 [OM StateMachine ApplyTransaction Thread - 0] WARN  helpers.QuotaUtil (QuotaUtil.java:getReplicatedSize(63)) - Unknown replication type 'STAND_ALONE'. Returning original data size.
2023-09-13 16:03:59,168 [OM StateMachine ApplyTransaction Thread - 0] WARN  helpers.QuotaUtil (QuotaUtil.java:getReplicatedSize(63)) - Unknown replication type 'STAND_ALONE'. Returning original data size.
2023-09-13 16:03:59,168 [OM StateMachine ApplyTransaction Thread - 0] WARN  helpers.QuotaUtil (QuotaUtil.java:getReplicatedSize(63)) - Unknown replication type 'STAND_ALONE'. Returning original data size.
2023-09-13 16:03:59,170 [OM StateMachine ApplyTransaction Thread - 0] WARN  helpers.QuotaUtil (QuotaUtil.java:getReplicatedSize(63)) - Unknown replication type 'STAND_ALONE'. Returning original data size.
2023-09-13 16:03:59,170 [OM StateMachine ApplyTransaction Thread - 0] WARN  helpers.QuotaUtil (QuotaUtil.java:getReplicatedSize(63)) - Unknown replication type 'STAND_ALONE'. Returning original data size.
2023-09-13 16:03:59,175 [OM StateMachine ApplyTransaction Thread - 0] WARN  helpers.QuotaUtil (QuotaUtil.java:getReplicatedSize(63)) - Unknown replication type 'STAND_ALONE'. Returning original data size.
2023-09-13 16:03:59,175 [OM StateMachine ApplyTransaction Thread - 0] WARN  helpers.QuotaUtil (QuotaUtil.java:getReplicatedSize(63)) - Unknown replication type 'STAND_ALONE'. Returning original data size.
2023-09-13 16:03:59,178 [OM StateMachine ApplyTransaction Thread - 0] WARN  helpers.QuotaUtil (QuotaUtil.java:getReplicatedSize(63)) - Unknown replication type 'STAND_ALONE'. Returning original data size.
2023-09-13 16:03:59,178 [OM StateMachine ApplyTransaction Thread - 0] WARN  helpers.QuotaUtil (QuotaUtil.java:getReplicatedSize(63)) - Unknown replication type 'STAND_ALONE'. Returning original data size.
2023-09-13 16:03:59,182 [OM StateMachine ApplyTransaction Thread - 0] WARN  helpers.QuotaUtil (QuotaUtil.java:getReplicatedSize(63)) - Unknown replication type 'STAND_ALONE'. Returning original data size.
2023-09-13 16:03:59,182 [OM StateMachine ApplyTransaction Thread - 0] WARN  helpers.QuotaUtil (QuotaUtil.java:getReplicatedSize(63)) - Unknown replication type 'STAND_ALONE'. Returning original data size.
2023-09-13 16:03:59,185 [OM StateMachine ApplyTransaction Thread - 0] WARN  helpers.QuotaUtil (QuotaUtil.java:getReplicatedSize(63)) - Unknown replication type 'STAND_ALONE'. Returning original data size.
2023-09-13 16:03:59,185 [OM StateMachine ApplyTransaction Thread - 0] WARN  helpers.QuotaUtil (QuotaUtil.java:getReplicatedSize(63)) - Unknown replication type 'STAND_ALONE'. Returning original data size.
2023-09-13 16:03:59,189 [OM StateMachine ApplyTransaction Thread - 0] WARN  helpers.QuotaUtil (QuotaUtil.java:getReplicatedSize(63)) - Unknown replication type 'STAND_ALONE'. Returning original data size.
2023-09-13 16:03:59,189 [OM StateMachine ApplyTransaction Thread - 0] WARN  helpers.QuotaUtil (QuotaUtil.java:getReplicatedSize(63)) - Unknown replication type 'STAND_ALONE'. Returning original data size.
2023-09-13 16:03:59,192 [OM StateMachine ApplyTransaction Thread - 0] WARN  helpers.QuotaUtil (QuotaUtil.java:getReplicatedSize(63)) - Unknown replication type 'STAND_ALONE'. Returning original data size.
2023-09-13 16:03:59,192 [OM StateMachine ApplyTransaction Thread - 0] WARN  helpers.QuotaUtil (QuotaUtil.java:getReplicatedSize(63)) - Unknown replication type 'STAND_ALONE'. Returning original data size.
2023-09-13 16:03:59,197 [OM StateMachine ApplyTransaction Thread - 0] WARN  helpers.QuotaUtil (QuotaUtil.java:getReplicatedSize(63)) - Unknown replication type 'STAND_ALONE'. Returning original data size.
2023-09-13 16:03:59,197 [OM StateMachine ApplyTransaction Thread - 0] WARN  helpers.QuotaUtil (QuotaUtil.java:getReplicatedSize(63)) - Unknown replication type 'STAND_ALONE'. Returning original data size.
2023-09-13 16:03:59,199 [OM StateMachine ApplyTransaction Thread - 0] WARN  helpers.QuotaUtil (QuotaUtil.java:getReplicatedSize(63)) - Unknown replication type 'STAND_ALONE'. Returning original data size.
2023-09-13 16:03:59,199 [OM StateMachine ApplyTransaction Thread - 0] WARN  helpers.QuotaUtil (QuotaUtil.java:getReplicatedSize(63)) - Unknown replication type 'STAND_ALONE'. Returning original data size.
2023-09-13 16:03:59,213 [OM StateMachine ApplyTransaction Thread - 0] WARN  helpers.QuotaUtil (QuotaUtil.java:getReplicatedSize(63)) - Unknown replication type 'STAND_ALONE'. Returning original data size.
2023-09-13 16:03:59,213 [OM StateMachine ApplyTransaction Thread - 0] WARN  helpers.QuotaUtil (QuotaUtil.java:getReplicatedSize(63)) - Unknown replication type 'STAND_ALONE'. Returning original data size.
2023-09-13 16:03:59,217 [OM StateMachine ApplyTransaction Thread - 0] WARN  helpers.QuotaUtil (QuotaUtil.java:getReplicatedSize(63)) - Unknown replication type 'STAND_ALONE'. Returning original data size.
2023-09-13 16:03:59,217 [OM StateMachine ApplyTransaction Thread - 0] WARN  helpers.QuotaUtil (QuotaUtil.java:getReplicatedSize(63)) - Unknown replication type 'STAND_ALONE'. Returning original data size.
2023-09-13 16:03:59,220 [OM StateMachine ApplyTransaction Thread - 0] WARN  helpers.QuotaUtil (QuotaUtil.java:getReplicatedSize(63)) - Unknown replication type 'STAND_ALONE'. Returning original data size.
2023-09-13 16:03:59,220 [OM StateMachine ApplyTransaction Thread - 0] WARN  helpers.QuotaUtil (QuotaUtil.java:getReplicatedSize(63)) - Unknown replication type 'STAND_ALONE'. Returning original data size.
2023-09-13 16:03:59,228 [OM StateMachine ApplyTransaction Thread - 0] WARN  helpers.QuotaUtil (QuotaUtil.java:getReplicatedSize(63)) - Unknown replication type 'STAND_ALONE'. Returning original data size.
2023-09-13 16:03:59,228 [OM StateMachine ApplyTransaction Thread - 0] WARN  helpers.QuotaUtil (QuotaUtil.java:getReplicatedSize(63)) - Unknown replication type 'STAND_ALONE'. Returning original data size.
2023-09-13 16:03:59,230 [OM StateMachine ApplyTransaction Thread - 0] WARN  helpers.QuotaUtil (QuotaUtil.java:getReplicatedSize(63)) - Unknown replication type 'STAND_ALONE'. Returning original data size.
2023-09-13 16:03:59,230 [OM StateMachine ApplyTransaction Thread - 0] WARN  helpers.QuotaUtil (QuotaUtil.java:getReplicatedSize(63)) - Unknown replication type 'STAND_ALONE'. Returning original data size.
2023-09-13 16:03:59,235 [OM StateMachine ApplyTransaction Thread - 0] WARN  helpers.QuotaUtil (QuotaUtil.java:getReplicatedSize(63)) - Unknown replication type 'STAND_ALONE'. Returning original data size.
2023-09-13 16:03:59,235 [OM StateMachine ApplyTransaction Thread - 0] WARN  helpers.QuotaUtil (QuotaUtil.java:getReplicatedSize(63)) - Unknown replication type 'STAND_ALONE'. Returning original data size.
2023-09-13 16:03:59,251 [OM StateMachine ApplyTransaction Thread - 0] WARN  helpers.QuotaUtil (QuotaUtil.java:getReplicatedSize(63)) - Unknown replication type 'STAND_ALONE'. Returning original data size.
2023-09-13 16:03:59,251 [OM StateMachine ApplyTransaction Thread - 0] WARN  helpers.QuotaUtil (QuotaUtil.java:getReplicatedSize(63)) - Unknown replication type 'STAND_ALONE'. Returning original data size.
2023-09-13 16:03:59,659 [main] INFO  om.OzoneManager (OzoneManager.java:stop(2207)) - om1[0.0.0.0:9862]: Stopping Ozone Manager
2023-09-13 16:03:59,660 [main] INFO  ipc.Server (Server.java:stop(3523)) - Stopping server on 9862
2023-09-13 16:03:59,665 [IPC Server Responder] INFO  ipc.Server (Server.java:run(1567)) - Stopping IPC Server Responder
2023-09-13 16:03:59,666 [IPC Server listener on 9862] INFO  ipc.Server (Server.java:run(1434)) - Stopping IPC Server listener on 9862
2023-09-13 16:04:03,693 [main] INFO  om.GrpcOzoneManagerServer (GrpcOzoneManagerServer.java:stop(192)) - Server GrpcOzoneManagerServer is shutdown
2023-09-13 16:04:03,693 [main] INFO  server.RaftServer (RaftServerProxy.java:lambda$close$6(416)) - om1: close
2023-09-13 16:04:03,694 [main] INFO  server.GrpcService (GrpcService.java:closeImpl(311)) - om1: shutdown server GrpcServerProtocolService now
2023-09-13 16:04:03,694 [om1-impl-thread1] INFO  server.RaftServer$Division (RaftServerImpl.java:lambda$close$4(466)) - om1@group-C5BA1605619E: shutdown
2023-09-13 16:04:03,694 [om1-impl-thread1] INFO  util.JmxRegister (JmxRegister.java:unregister(73)) - Successfully un-registered JMX Bean with object name Ratis:service=RaftServer,group=group-C5BA1605619E,id=om1
2023-09-13 16:04:03,694 [om1-impl-thread1] INFO  impl.RoleInfo (RoleInfo.java:shutdownLeaderState(93)) - om1: shutdown om1@group-C5BA1605619E-LeaderStateImpl
2023-09-13 16:04:03,694 [om1-impl-thread1] INFO  impl.PendingRequests (PendingRequests.java:sendNotLeaderResponses(289)) - om1@group-C5BA1605619E-PendingRequests: sendNotLeaderResponses
2023-09-13 16:04:03,696 [om1-impl-thread1] INFO  impl.StateMachineUpdater (StateMachineUpdater.java:stopAndJoin(155)) - om1@group-C5BA1605619E-StateMachineUpdater: set stopIndex = 594
2023-09-13 16:04:03,696 [om1@group-C5BA1605619E-StateMachineUpdater] INFO  ratis.OzoneManagerStateMachine (OzoneManagerStateMachine.java:takeSnapshot(480)) - Current Snapshot Index (t:1, i:594)
2023-09-13 16:04:03,696 [main] INFO  server.GrpcService (GrpcService.java:closeImpl(320)) - om1: shutdown server GrpcServerProtocolService successfully
2023-09-13 16:04:03,717 [om1@group-C5BA1605619E-StateMachineUpdater] INFO  impl.StateMachineUpdater (StateMachineUpdater.java:takeSnapshot(291)) - om1@group-C5BA1605619E-StateMachineUpdater: Took a snapshot at index 594
2023-09-13 16:04:03,717 [om1@group-C5BA1605619E-StateMachineUpdater] INFO  impl.StateMachineUpdater (StateMachineUpdater.java:lambda$new$0(97)) - om1@group-C5BA1605619E-StateMachineUpdater: snapshotIndex: updateIncreasingly -1 -> 594
2023-09-13 16:04:03,717 [om1@group-C5BA1605619E-StateMachineUpdater] INFO  ratis.OzoneManagerStateMachine (OzoneManagerStateMachine.java:close(534)) - StateMachine has shutdown. Shutdown OzoneManager if not already shutdown.
2023-09-13 16:04:03,717 [om1@group-C5BA1605619E-StateMachineUpdater] INFO  ratis.OzoneManagerDoubleBuffer (OzoneManagerDoubleBuffer.java:stopDaemon(551)) - Stopping OMDoubleBuffer flush thread
2023-09-13 16:04:03,718 [OMDoubleBufferFlushThread] INFO  ratis.OzoneManagerDoubleBuffer (OzoneManagerDoubleBuffer.java:canFlush(638)) - OMDoubleBuffer flush thread OMDoubleBufferFlushThread is interrupted and will exit.
2023-09-13 16:04:03,718 [om1-impl-thread1] INFO  server.RaftServer$Division (ServerState.java:close(472)) - om1@group-C5BA1605619E: closes. applyIndex: 594
2023-09-13 16:04:04,501 [om1-impl-thread1] INFO  segmented.SegmentedRaftLogWorker (SegmentedRaftLogWorker.java:close(252)) - om1@group-C5BA1605619E-SegmentedRaftLogWorker close()
2023-09-13 16:04:04,502 [JvmPauseMonitor5] INFO  util.JvmPauseMonitor (JvmPauseMonitor.java:run(109)) - JvmPauseMonitor-om1: Stopped
2023-09-13 16:04:04,503 [main] INFO  ratis.OzoneManagerStateMachine (OzoneManagerStateMachine.java:close(534)) - StateMachine has shutdown. Shutdown OzoneManager if not already shutdown.
2023-09-13 16:04:04,503 [main] INFO  ratis.OzoneManagerDoubleBuffer (OzoneManagerDoubleBuffer.java:stopDaemon(560)) - OMDoubleBuffer flush thread is not running.
2023-09-13 16:04:04,504 [main] INFO  utils.BackgroundService (BackgroundService.java:shutdown(141)) - Shutting down service KeyDeletingService
2023-09-13 16:04:04,504 [main] INFO  utils.BackgroundService (BackgroundService.java:shutdown(141)) - Shutting down service KeyDeletingService
2023-09-13 16:04:04,504 [main] INFO  utils.BackgroundService (BackgroundService.java:shutdown(141)) - Shutting down service OpenKeyCleanupService
2023-09-13 16:04:04,508 [main] INFO  utils.BackgroundService (BackgroundService.java:shutdown(141)) - Shutting down service SstFilteringService
2023-09-13 16:04:04,508 [main] INFO  utils.BackgroundService (BackgroundService.java:shutdown(141)) - Shutting down service SnapshotDeletingService
2023-09-13 16:04:04,508 [main] INFO  om.OzoneManager (OzoneManager.java:stopSecretManager(1071)) - Stopping OM delegation token secret manager.
2023-09-13 16:04:04,509 [main] INFO  handler.ContextHandler (ContextHandler.java:doStop(1159)) - Stopped o.e.j.w.WebAppContext@2c9e9116{ozoneManager,/,null,STOPPED}{file:/home/runner/work/ozone/ozone/hadoop-ozone/ozone-manager/target/classes/webapps/ozoneManager}
2023-09-13 16:04:04,510 [main] INFO  server.AbstractConnector (AbstractConnector.java:doStop(383)) - Stopped ServerConnector@de63894{HTTP/1.1, (http/1.1)}{0.0.0.0:9874}
2023-09-13 16:04:04,510 [main] INFO  server.session (HouseKeeper.java:stopScavenging(149)) - node0 Stopped scavenging
2023-09-13 16:04:04,510 [main] INFO  handler.ContextHandler (ContextHandler.java:doStop(1159)) - Stopped o.e.j.s.ServletContextHandler@18495d2c{static,/static,file:///home/runner/work/ozone/ozone/hadoop-ozone/ozone-manager/target/classes/webapps/static,STOPPED}
2023-09-13 16:04:04,511 [main] INFO  handler.ContextHandler (ContextHandler.java:doStop(1159)) - Stopped o.e.j.s.ServletContextHandler@5749147e{logs,/logs,file:///home/runner/work/ozone/ozone/hadoop-ozone/ozone-manager/target/log,STOPPED}
2023-09-13 16:04:04,512 [main] INFO  rocksdiff.RocksDBCheckpointDiffer (RocksDBCheckpointDiffer.java:close(343)) - Shutting down CompactionDagPruningService.
2023-09-13 16:04:04,513 [main] INFO  snapshot.SnapshotDiffManager (SnapshotDiffManager.java:closeExecutorService(1706)) - Shutting down executorService: 'SnapDiffExecutor'
2023-09-13 16:04:04,514 [main] INFO  snapshot.SnapshotDiffManager (SnapshotDiffManager.java:closeExecutorService(1706)) - Shutting down executorService: 'SstDumpToolExecutor'
2023-09-13 16:04:04,514 [main] INFO  utils.BackgroundService (BackgroundService.java:shutdown(141)) - Shutting down service SnapshotDiffCleanupService
]]></system-out>
  </testcase>
  <testcase name="testExcludeMPUOpenKeys(int, int)[1]" classname="org.apache.hadoop.ozone.om.service.TestOpenKeyCleanupService" time="11.863">
    <system-out><![CDATA[2023-09-13 16:04:04,536 [main] WARN  server.ServerUtils (ServerUtils.java:getDBPath(311)) - ozone.om.db.dirs is not configured. We recommend adding this setting. Falling back to ozone.metadata.dirs instead.
2023-09-13 16:04:04,538 [main] INFO  ha.OMHANodeDetails (OMHANodeDetails.java:loadOMHAConfig(115)) - ozone.om.internal.service.id is not defined, falling back to ozone.om.service.ids to find serviceID for OzoneManager if it is HA enabled cluster
2023-09-13 16:04:04,538 [main] INFO  ha.OMHANodeDetails (OMHANodeDetails.java:loadOMHAConfig(226)) - Configuration does not have ozone.om.address set. Falling back to the default OM address /0.0.0.0:9862
2023-09-13 16:04:04,538 [main] INFO  ha.OMHANodeDetails (OMHANodeDetails.java:getOMNodeDetailsForNonHA(254)) - OM Service ID is not set. Setting it to the default ID: omServiceIdDefault
2023-09-13 16:04:04,539 [main] INFO  ha.OMHANodeDetails (OMHANodeDetails.java:getOMNodeDetailsForNonHA(261)) - OM Node ID is not set. Setting it to the default ID: om1
2023-09-13 16:04:04,539 [main] WARN  server.ServerUtils (ServerUtils.java:getDBPath(311)) - ozone.om.db.dirs is not configured. We recommend adding this setting. Falling back to ozone.metadata.dirs instead.
2023-09-13 16:04:04,540 [main] INFO  upgrade.AbstractLayoutVersionManager (AbstractLayoutVersionManager.java:init(83)) - Initializing Layout version manager with metadata layout = QUOTA (version = 6), software layout = QUOTA (version = 6)
2023-09-13 16:04:04,573 [main] INFO  reflections.Reflections (Reflections.java:scan(232)) - Reflections took 32 ms to scan 2 urls, producing 187 keys and 515 values [using 2 cores]
2023-09-13 16:04:04,573 [main] INFO  upgrade.OMLayoutVersionManager (OMLayoutVersionManager.java:lambda$0(115)) - Skipping Upgrade Action QuotaRepairUpgradeAction since it has been finalized.
2023-09-13 16:04:04,574 [main] INFO  upgrade.OMLayoutVersionManager (OMLayoutVersionManager.java:lambda$0(115)) - Skipping Upgrade Action MockOmUpgradeAction since it has been finalized.
2023-09-13 16:04:04,574 [main] WARN  server.ServerUtils (ServerUtils.java:getDBPath(311)) - ozone.om.db.dirs is not configured. We recommend adding this setting. Falling back to ozone.metadata.dirs instead.
2023-09-13 16:04:04,575 [main] INFO  proxy.SCMBlockLocationFailoverProxyProvider (SCMBlockLocationFailoverProxyProvider.java:<init>(114)) - Created block location fail-over proxy with 1 nodes: [nodeId=scmNodeId,nodeAddress=/127.0.0.1:9863]
2023-09-13 16:04:04,579 [main] INFO  om.OzoneManager (OzoneManager.java:<init>(665)) - OM start with adminUsers: [runner]
2023-09-13 16:04:04,579 [main] WARN  server.ServerUtils (ServerUtils.java:getDBPath(311)) - ozone.om.db.dirs is not configured. We recommend adding this setting. Falling back to ozone.metadata.dirs instead.
2023-09-13 16:04:04,580 [main] INFO  helpers.OmKeyInfo (OmKeyInfo.java:getCodec(71)) - OmKeyInfo.getCodec ignorePipeline = true
2023-09-13 16:04:04,748 [main] INFO  om.OzoneManager (OzoneManager.java:instantiateServices(794)) - S3 Multi-Tenancy is disabled
2023-09-13 16:04:04,748 [main] INFO  security.OzoneSecretStore (OzoneSecretStore.java:loadState(69)) - Loaded 0 tokens
2023-09-13 16:04:04,748 [main] INFO  security.OzoneDelegationTokenSecretManager (OzoneDelegationTokenSecretManager.java:loadTokenSecretState(530)) - Loading token state into token manager.
2023-09-13 16:04:04,749 [main] INFO  om.OmSnapshotManager (OmSnapshotManager.java:<init>(174)) - Ozone filesystem snapshot feature is enabled.
2023-09-13 16:04:04,749 [main] WARN  server.ServerUtils (ServerUtils.java:getDBPath(311)) - ozone.om.snapshot.diff.db.dir is not configured. We recommend adding this setting. Falling back to ozone.metadata.dirs instead.
2023-09-13 16:04:04,766 [main] INFO  snapshot.SnapshotDiffManager (SnapshotDiffManager.java:closeExecutorService(1706)) - Shutting down executorService: 'SstDumpToolExecutor'
2023-09-13 16:04:04,767 [main] INFO  om.OzoneManager (OzoneManager.java:addS3GVolumeToDB(4305)) - Created Volume s3v With Owner runner required for S3Gateway operations.
2023-09-13 16:04:04,768 [main] WARN  server.ServerUtils (ServerUtils.java:getDefaultRatisDirectory(323)) - Storage directory for Ratis is not configured. It is a good idea to map this to an SSD disk. Falling back to ozone.metadata.dirs
2023-09-13 16:04:04,768 [main] WARN  utils.OzoneManagerRatisUtils (OzoneManagerRatisUtils.java:getOMRatisSnapshotDirectory(464)) - ozone.om.ratis.snapshot.dir is not configured. Falling back to ozone.metadata.dirs config
2023-09-13 16:04:04,768 [main] WARN  server.ServerUtils (ServerUtils.java:getDefaultRatisDirectory(323)) - Storage directory for Ratis is not configured. It is a good idea to map this to an SSD disk. Falling back to ozone.metadata.dirs
2023-09-13 16:04:04,770 [main] INFO  ratis.OzoneManagerRatisServer (OzoneManagerRatisServer.java:<init>(163)) - Instantiating OM Ratis server with groupID: omServiceIdDefault and peers: 0.0.0.0:9872
2023-09-13 16:04:04,770 [main] INFO  ratis.OzoneManagerStateMachine (OzoneManagerStateMachine.java:loadSnapshotInfoFromDB(687)) - LastAppliedIndex is set from TransactionInfo from OM DB as (t:0, i:~)
2023-09-13 16:04:04,770 [main] INFO  server.RaftServer (ConfUtils.java:logGet(46)) - raft.rpc.type = GRPC (default)
2023-09-13 16:04:04,771 [main] INFO  grpc.GrpcConfigKeys (ConfUtils.java:logFallback(53)) - raft.grpc.admin.host = null (fallback to raft.grpc.server.host)
2023-09-13 16:04:04,771 [main] INFO  grpc.GrpcConfigKeys (ConfUtils.java:logFallback(53)) - raft.grpc.admin.port = 9872 (fallback to raft.grpc.server.port)
2023-09-13 16:04:04,771 [main] INFO  grpc.GrpcConfigKeys (ConfUtils.java:logFallback(53)) - raft.grpc.client.host = null (fallback to raft.grpc.server.host)
2023-09-13 16:04:04,771 [main] INFO  grpc.GrpcConfigKeys (ConfUtils.java:logFallback(53)) - raft.grpc.client.port = 9872 (fallback to raft.grpc.server.port)
2023-09-13 16:04:04,771 [main] INFO  grpc.GrpcConfigKeys (ConfUtils.java:logGet(46)) - raft.grpc.server.host = null (default)
2023-09-13 16:04:04,771 [main] INFO  grpc.GrpcConfigKeys (ConfUtils.java:logGet(46)) - raft.grpc.server.port = 9872 (custom)
2023-09-13 16:04:04,772 [main] INFO  server.GrpcService (ConfUtils.java:logGet(46)) - raft.grpc.message.size.max = 33554432 (custom)
2023-09-13 16:04:04,772 [main] INFO  server.RaftServerConfigKeys (ConfUtils.java:logGet(46)) - raft.server.log.appender.buffer.byte-limit = 33554432 (custom)
2023-09-13 16:04:04,772 [main] INFO  server.GrpcService (ConfUtils.java:logGet(46)) - raft.grpc.flow.control.window = 1MB (=1048576) (default)
2023-09-13 16:04:04,772 [main] INFO  server.RaftServerConfigKeys (ConfUtils.java:logGet(46)) - raft.server.rpc.request.timeout = 3000ms (default)
2023-09-13 16:04:04,772 [main] INFO  grpc.GrpcConfigKeys (ConfUtils.java:logGet(46)) - raft.grpc.server.heartbeat.channel = true (default)
2023-09-13 16:04:04,772 [main] INFO  grpc.GrpcConfigKeys (ConfUtils.java:logGet(46)) - raft.grpc.server.async.request.thread.pool.cached = true (default)
2023-09-13 16:04:04,773 [main] INFO  grpc.GrpcConfigKeys (ConfUtils.java:logGet(46)) - raft.grpc.server.async.request.thread.pool.size = 32 (default)
2023-09-13 16:04:04,774 [main] INFO  impl.DataStreamServerImpl (ConfUtils.java:logGet(46)) - raft.datastream.type = DISABLED (default)
2023-09-13 16:04:04,774 [main] INFO  server.RaftServerConfigKeys (ConfUtils.java:logGet(46)) - raft.server.threadpool.proxy.cached = true (default)
2023-09-13 16:04:04,774 [main] INFO  server.RaftServerConfigKeys (ConfUtils.java:logGet(46)) - raft.server.threadpool.proxy.size = 0 (default)
2023-09-13 16:04:04,775 [main] INFO  server.RaftServerConfigKeys (ConfUtils.java:logGet(46)) - raft.server.rpc.slowness.timeout = 120s (custom)
2023-09-13 16:04:04,775 [main] INFO  server.RaftServerConfigKeys (ConfUtils.java:logGet(46)) - raft.server.leaderelection.leader.step-down.wait-time = 10s (default)
2023-09-13 16:04:04,775 [main] INFO  server.RaftServerConfigKeys (ConfUtils.java:logGet(46)) - raft.server.storage.dir = [/tmp/junit6858787935687478510/ratis] (custom)
2023-09-13 16:04:04,776 [main] INFO  server.RaftServer (RaftServerProxy.java:addNew(98)) - om1: addNew group-C5BA1605619E:[om1|rpc:0.0.0.0:9872|priority:0|startupRole:FOLLOWER] returns group-C5BA1605619E:java.util.concurrent.CompletableFuture@64d05e02[Not completed]
2023-09-13 16:04:04,776 [main] INFO  om.OzoneManager (OzoneManager.java:initializeRatisServer(2148)) - OzoneManager Ratis server initialized at port 9872
2023-09-13 16:04:04,776 [main] INFO  om.OzoneManager (OzoneManager.java:getRpcServer(1196)) - Creating RPC Server
2023-09-13 16:04:04,776 [om1-groupManagement] INFO  server.RaftServer$Division (RaftServerImpl.java:<init>(198)) - om1: new RaftServerImpl for group-C5BA1605619E:[om1|rpc:0.0.0.0:9872|priority:0|startupRole:FOLLOWER] with OzoneManagerStateMachine:uninitialized
2023-09-13 16:04:04,776 [om1-groupManagement] INFO  server.RaftServerConfigKeys (ConfUtils.java:logGet(46)) - raft.server.rpc.timeout.min = 5s (custom)
2023-09-13 16:04:04,776 [om1-groupManagement] INFO  server.RaftServerConfigKeys (ConfUtils.java:logGet(46)) - raft.server.rpc.timeout.max = 5200ms (custom)
2023-09-13 16:04:04,776 [om1-groupManagement] INFO  server.RaftServerConfigKeys (ConfUtils.java:logGet(46)) - raft.server.rpc.sleep.time = 25ms (default)
2023-09-13 16:04:04,776 [om1-groupManagement] INFO  server.RaftServerConfigKeys (ConfUtils.java:logGet(46)) - raft.server.rpc.slowness.timeout = 120s (custom)
2023-09-13 16:04:04,776 [om1-groupManagement] INFO  server.RaftServerConfigKeys (ConfUtils.java:logGet(46)) - raft.server.leaderelection.leader.step-down.wait-time = 10s (default)
2023-09-13 16:04:04,777 [om1-groupManagement] INFO  server.RaftServerConfigKeys (ConfUtils.java:logGet(46)) - raft.server.sleep.deviation.threshold = 300ms (default)
2023-09-13 16:04:04,777 [om1-groupManagement] INFO  server.RaftServer$Division (ServerState.java:<init>(120)) - om1@group-C5BA1605619E: ConfigurationManager, init=-1: peers:[om1|rpc:0.0.0.0:9872|priority:0|startupRole:FOLLOWER]|listeners:[], old=null, confs=<EMPTY_MAP>
2023-09-13 16:04:04,778 [om1-groupManagement] INFO  server.RaftServerConfigKeys (ConfUtils.java:logGet(46)) - raft.server.storage.dir = [/tmp/junit6858787935687478510/ratis] (custom)
2023-09-13 16:04:04,778 [om1-groupManagement] INFO  server.RaftServerConfigKeys (ConfUtils.java:logGet(46)) - raft.server.log.corruption.policy = EXCEPTION (default)
2023-09-13 16:04:04,778 [om1-groupManagement] INFO  server.RaftServerConfigKeys (ConfUtils.java:logGet(46)) - raft.server.storage.free-space.min = 0MB (=0) (default)
2023-09-13 16:04:04,778 [om1-groupManagement] INFO  server.RaftServerConfigKeys (ConfUtils.java:logGet(46)) - raft.server.notification.no-leader.timeout = 120s (custom)
2023-09-13 16:04:04,778 [om1-groupManagement] INFO  server.RaftServerConfigKeys (ConfUtils.java:logGet(46)) - raft.server.read.timeout = 10s (default)
2023-09-13 16:04:04,778 [om1-groupManagement] INFO  server.RaftServerConfigKeys (ConfUtils.java:logGet(46)) - raft.server.retrycache.expirytime = 300s (custom)
2023-09-13 16:04:04,778 [om1-groupManagement] INFO  server.RaftServerConfigKeys (ConfUtils.java:logGet(46)) - raft.server.retrycache.statistics.expirytime = 100μs (default)
2023-09-13 16:04:04,778 [om1-groupManagement] INFO  server.RaftServerConfigKeys (ConfUtils.java:logGet(46)) - raft.server.read.option = DEFAULT (default)
2023-09-13 16:04:04,781 [om1-groupManagement] INFO  server.RaftServerConfigKeys (ConfUtils.java:logGet(46)) - raft.server.rpc.request.timeout = 3000ms (default)
2023-09-13 16:04:04,783 [om1-groupManagement] INFO  server.RaftServerConfigKeys (ConfUtils.java:logGet(46)) - raft.server.log.appender.install.snapshot.enabled = false (custom)
2023-09-13 16:04:04,785 [om1-groupManagement] INFO  server.RaftServerConfigKeys (ConfUtils.java:logGet(46)) - raft.server.threadpool.server.cached = true (default)
2023-09-13 16:04:04,785 [om1-groupManagement] INFO  server.RaftServerConfigKeys (ConfUtils.java:logGet(46)) - raft.server.threadpool.server.size = 0 (default)
2023-09-13 16:04:04,785 [om1-groupManagement] INFO  server.RaftServerConfigKeys (ConfUtils.java:logGet(46)) - raft.server.threadpool.client.cached = true (default)
2023-09-13 16:04:04,785 [om1-groupManagement] INFO  server.RaftServerConfigKeys (ConfUtils.java:logGet(46)) - raft.server.threadpool.client.size = 0 (default)
2023-09-13 16:04:04,991 [main] INFO  reflections.Reflections (Reflections.java:scan(232)) - Reflections took 213 ms to scan 12 urls, producing 50 keys and 2980 values [using 2 cores]
2023-09-13 16:04:04,992 [main] INFO  ipc.CallQueueManager (CallQueueManager.java:<init>(90)) - Using callQueue: class java.util.concurrent.LinkedBlockingQueue, queueCapacity: 10000, scheduler: class org.apache.hadoop.ipc.DefaultRpcScheduler, ipcBackoff: false.
2023-09-13 16:04:04,993 [main] INFO  ipc.Server (Server.java:<init>(1287)) - Listener at 0.0.0.0:9862
2023-09-13 16:04:04,995 [Socket Reader #1 for port 9862] INFO  ipc.Server (Server.java:run(1323)) - Starting Socket Reader #1 for port 9862
2023-09-13 16:04:05,013 [main] INFO  impl.MetricsSystemImpl (MetricsSystemImpl.java:init(158)) - OzoneManager metrics system started (again)
2023-09-13 16:04:05,019 [main] INFO  om.OzoneManager (OzoneManager.java:start(1633)) - OzoneManager RPC server is listening at /0.0.0.0:9862
2023-09-13 16:04:05,019 [main] INFO  ratis.OzoneManagerRatisServer (OzoneManagerRatisServer.java:start(558)) - Starting OzoneManagerRatisServer om1 at port 9872
2023-09-13 16:04:05,020 [om1-impl-thread1] INFO  storage.RaftStorageDirectory (RaftStorageDirectoryImpl.java:analyzeStorage(137)) - The storage directory /tmp/junit6858787935687478510/ratis/bf265839-605b-3f16-9796-c5ba1605619e does not exist. Creating ...
2023-09-13 16:04:05,021 [om1-impl-thread1] INFO  storage.RaftStorageDirectory (RaftStorageDirectoryImpl.java:tryLock(231)) - Lock on /tmp/junit6858787935687478510/ratis/bf265839-605b-3f16-9796-c5ba1605619e/in_use.lock acquired by nodename 188718@fv-az937-94
2023-09-13 16:04:05,022 [om1-impl-thread1] INFO  storage.RaftStorage (RaftStorageImpl.java:format(96)) - Storage directory /tmp/junit6858787935687478510/ratis/bf265839-605b-3f16-9796-c5ba1605619e has been successfully formatted.
2023-09-13 16:04:05,022 [om1-impl-thread1] INFO  server.RaftServerConfigKeys (ConfUtils.java:logGet(46)) - raft.server.log.use.memory = false (default)
2023-09-13 16:04:05,022 [om1-impl-thread1] INFO  server.RaftServerConfigKeys (ConfUtils.java:logGet(46)) - raft.server.log.purge.gap = 1000000 (custom)
2023-09-13 16:04:05,022 [om1-impl-thread1] INFO  server.RaftServerConfigKeys (ConfUtils.java:logGet(46)) - raft.server.log.appender.buffer.byte-limit = 33554432 (custom)
2023-09-13 16:04:05,022 [om1-impl-thread1] INFO  server.RaftServerConfigKeys (ConfUtils.java:logGet(46)) - raft.server.log.statemachine.data.read.timeout = 1000ms (default)
2023-09-13 16:04:05,023 [om1-impl-thread1] INFO  server.RaftServerConfigKeys (ConfUtils.java:logGet(46)) - raft.server.log.purge.preservation.log.num = 0 (default)
2023-09-13 16:04:05,023 [om1-impl-thread1] INFO  server.RaftServerConfigKeys (ConfUtils.java:logGet(46)) - raft.server.log.segment.size.max = 4194304 (custom)
2023-09-13 16:04:05,023 [om1-impl-thread1] INFO  server.RaftServerConfigKeys (ConfUtils.java:logGet(46)) - raft.server.log.segment.cache.num.max = 2 (custom)
2023-09-13 16:04:05,023 [om1-impl-thread1] INFO  server.RaftServerConfigKeys (ConfUtils.java:logGet(46)) - raft.server.log.segment.cache.size.max = 200MB (=209715200) (default)
2023-09-13 16:04:05,023 [om1-impl-thread1] INFO  server.RaftServerConfigKeys (ConfUtils.java:logGet(46)) - raft.server.log.appender.buffer.byte-limit = 33554432 (custom)
2023-09-13 16:04:05,023 [om1-impl-thread1] INFO  segmented.SegmentedRaftLogWorker (SegmentedRaftLogWorker.java:<init>(188)) - new om1@group-C5BA1605619E-SegmentedRaftLogWorker for RaftStorageImpl:Storage Directory /tmp/junit6858787935687478510/ratis/bf265839-605b-3f16-9796-c5ba1605619e
2023-09-13 16:04:05,023 [om1-impl-thread1] INFO  server.RaftServerConfigKeys (ConfUtils.java:logGet(46)) - raft.server.log.queue.byte-limit = 64MB (=67108864) (default)
2023-09-13 16:04:05,023 [om1-impl-thread1] INFO  server.RaftServerConfigKeys (ConfUtils.java:logGet(46)) - raft.server.log.queue.element-limit = 4096 (default)
2023-09-13 16:04:05,023 [om1-impl-thread1] INFO  server.RaftServerConfigKeys (ConfUtils.java:logGet(46)) - raft.server.log.segment.size.max = 4194304 (custom)
2023-09-13 16:04:05,023 [om1-impl-thread1] INFO  server.RaftServerConfigKeys (ConfUtils.java:logGet(46)) - raft.server.log.preallocated.size = 4194304 (custom)
2023-09-13 16:04:05,023 [om1-impl-thread1] INFO  server.RaftServerConfigKeys (ConfUtils.java:logGet(46)) - raft.server.log.force.sync.num = 128 (default)
2023-09-13 16:04:05,023 [om1-impl-thread1] INFO  server.RaftServerConfigKeys (ConfUtils.java:logGet(46)) - raft.server.log.statemachine.data.sync = true (default)
2023-09-13 16:04:05,023 [om1-impl-thread1] INFO  server.RaftServerConfigKeys (ConfUtils.java:logGet(46)) - raft.server.log.statemachine.data.sync.timeout = 10s (default)
2023-09-13 16:04:05,023 [om1-impl-thread1] INFO  server.RaftServerConfigKeys (ConfUtils.java:logGet(46)) - raft.server.log.statemachine.data.sync.timeout.retry = -1 (default)
2023-09-13 16:04:05,024 [om1-impl-thread1] INFO  server.RaftServerConfigKeys (ConfUtils.java:logGet(46)) - raft.server.log.write.buffer.size = 64KB (=65536) (default)
2023-09-13 16:04:05,024 [om1-impl-thread1] INFO  server.RaftServerConfigKeys (ConfUtils.java:logGet(46)) - raft.server.log.appender.buffer.byte-limit = 33554432 (custom)
2023-09-13 16:04:05,029 [om1-impl-thread1] INFO  server.RaftServerConfigKeys (ConfUtils.java:logGet(46)) - raft.server.log.unsafe-flush.enabled = false (default)
2023-09-13 16:04:05,029 [om1-impl-thread1] INFO  server.RaftServerConfigKeys (ConfUtils.java:logGet(46)) - raft.server.log.async-flush.enabled = false (default)
2023-09-13 16:04:05,029 [om1-impl-thread1] INFO  server.RaftServerConfigKeys (ConfUtils.java:logGet(46)) - raft.server.log.statemachine.data.caching.enabled = false (default)
2023-09-13 16:04:05,029 [om1-impl-thread1] INFO  segmented.SegmentedRaftLogWorker (SegmentedRaftLogWorker.java:lambda$new$0(135)) - om1@group-C5BA1605619E-SegmentedRaftLogWorker: flushIndex: setUnconditionally 0 -> -1
2023-09-13 16:04:05,029 [om1-impl-thread1] INFO  segmented.SegmentedRaftLogWorker (SegmentedRaftLogWorker.java:lambda$new$0(135)) - om1@group-C5BA1605619E-SegmentedRaftLogWorker: safeCacheEvictIndex: setUnconditionally 0 -> -1
2023-09-13 16:04:05,029 [om1-impl-thread1] INFO  server.RaftServer$Division (RaftServerImpl.java:start(342)) - om1@group-C5BA1605619E: start as a follower, conf=-1: peers:[om1|rpc:0.0.0.0:9872|priority:0|startupRole:FOLLOWER]|listeners:[], old=null
2023-09-13 16:04:05,029 [om1-impl-thread1] INFO  server.RaftServer$Division (RaftServerImpl.java:setRole(329)) - om1@group-C5BA1605619E: changes role from      null to FOLLOWER at term 0 for startAsFollower
2023-09-13 16:04:05,029 [om1-impl-thread1] INFO  impl.RoleInfo (RoleInfo.java:updateAndGet(139)) - om1: start om1@group-C5BA1605619E-FollowerState
2023-09-13 16:04:05,030 [om1-impl-thread1] INFO  util.JmxRegister (JmxRegister.java:tryRegister(44)) - Successfully registered JMX Bean with object name Ratis:service=RaftServer,group=group-C5BA1605619E,id=om1
2023-09-13 16:04:05,030 [om1-impl-thread1] INFO  server.RaftServerConfigKeys (ConfUtils.java:logGet(46)) - raft.server.snapshot.auto.trigger.enabled = true (custom)
2023-09-13 16:04:05,030 [om1-impl-thread1] INFO  server.RaftServerConfigKeys (ConfUtils.java:logGet(46)) - raft.server.snapshot.auto.trigger.threshold = 400000 (default)
2023-09-13 16:04:05,030 [om1-impl-thread1] INFO  server.RaftServerConfigKeys (ConfUtils.java:logGet(46)) - raft.server.snapshot.retention.file.num = -1 (default)
2023-09-13 16:04:05,030 [om1-impl-thread1] INFO  server.RaftServerConfigKeys (ConfUtils.java:logGet(46)) - raft.server.log.purge.upto.snapshot.index = true (custom)
2023-09-13 16:04:05,030 [main] INFO  server.RaftServer (RaftServerProxy.java:startImpl(400)) - om1: start RPC server
2023-09-13 16:04:05,031 [om1@group-C5BA1605619E-FollowerState] INFO  server.RaftServerConfigKeys (ConfUtils.java:logFallback(53)) - raft.server.rpc.first-election.timeout.min = 5s (fallback to raft.server.rpc.timeout.min)
2023-09-13 16:04:05,031 [om1@group-C5BA1605619E-FollowerState] INFO  server.RaftServerConfigKeys (ConfUtils.java:logFallback(53)) - raft.server.rpc.first-election.timeout.max = 5200ms (fallback to raft.server.rpc.timeout.max)
2023-09-13 16:04:05,032 [main] INFO  server.GrpcService (GrpcService.java:startImpl(302)) - om1: GrpcService started, listening on 9872
2023-09-13 16:04:05,033 [JvmPauseMonitor6] INFO  util.JvmPauseMonitor (JvmPauseMonitor.java:run(103)) - JvmPauseMonitor-om1: Started
2023-09-13 16:04:05,033 [main] INFO  om.OzoneManager (OzoneManager.java:start(1649)) - Version File has different layout version (6) than OM DB (null). That is expected if this OM has never been finalized to a newer layout version.
2023-09-13 16:04:05,036 [main] INFO  http.BaseHttpServer (BaseHttpServer.java:newHttpServer2BuilderForOzone(223)) - Starting Web-server for ozoneManager at: http://0.0.0.0:9874
2023-09-13 16:04:05,036 [main] INFO  http.BaseHttpServer (BaseHttpServer.java:<init>(110)) - Hadoop Security Enabled: false Ozone Security Enabled: false Ozone HTTP Security Enabled: false 
2023-09-13 16:04:05,037 [main] WARN  server.AuthenticationFilter (AuthenticationFilter.java:constructSecretProvider(240)) - Unable to initialize FileSignerSecretProvider, falling back to use random secrets. Reason: Could not read signature secret file: /home/runner/hadoop-http-auth-signature-secret
2023-09-13 16:04:05,043 [main] INFO  http.HttpRequestLog (HttpRequestLog.java:getRequestLog(86)) - Http request log for http.requests.ozoneManager is not defined
2023-09-13 16:04:05,044 [main] INFO  http.HttpServer2 (HttpServer2.java:addGlobalFilter(1031)) - Added global filter 'safety' (class=org.apache.hadoop.hdds.server.http.HttpServer2$QuotingInputFilter)
2023-09-13 16:04:05,045 [main] INFO  http.HttpServer2 (HttpServer2.java:addFilter(1007)) - Added filter static_user_filter (class=org.apache.hadoop.http.lib.StaticUserWebFilter$StaticUserFilter) to context ozoneManager
2023-09-13 16:04:05,045 [main] INFO  http.HttpServer2 (HttpServer2.java:addFilter(1015)) - Added filter static_user_filter (class=org.apache.hadoop.http.lib.StaticUserWebFilter$StaticUserFilter) to context static
2023-09-13 16:04:05,045 [main] INFO  http.HttpServer2 (HttpServer2.java:addFilter(1015)) - Added filter static_user_filter (class=org.apache.hadoop.http.lib.StaticUserWebFilter$StaticUserFilter) to context logs
2023-09-13 16:04:05,047 [main] INFO  http.BaseHttpServer (BaseHttpServer.java:<init>(189)) - HTTP server of ozoneManager uses base directory /tmp/junit6858787935687478510/webserver
2023-09-13 16:04:05,047 [main] INFO  http.HttpServer2 (HttpServer2.java:bindListener(1231)) - Jetty bound to port 9874
2023-09-13 16:04:05,048 [main] INFO  server.Server (Server.java:doStart(375)) - jetty-9.4.51.v20230217; built: 2023-02-17T08:19:37.309Z; git: b45c405e4544384de066f814ed42ae3dceacdd49; jvm 1.8.0_382-b05
2023-09-13 16:04:05,049 [main] INFO  server.session (DefaultSessionIdManager.java:doStart(334)) - DefaultSessionIdManager workerName=node0
2023-09-13 16:04:05,049 [main] INFO  server.session (DefaultSessionIdManager.java:doStart(339)) - No SessionScavenger set, using defaults
2023-09-13 16:04:05,049 [main] INFO  server.session (HouseKeeper.java:startScavenging(132)) - node0 Scavenging every 600000ms
2023-09-13 16:04:05,050 [main] INFO  handler.ContextHandler (ContextHandler.java:doStart(921)) - Started o.e.j.s.ServletContextHandler@7d7d6131{logs,/logs,file:///home/runner/work/ozone/ozone/hadoop-ozone/ozone-manager/target/log,AVAILABLE}
2023-09-13 16:04:05,051 [main] INFO  handler.ContextHandler (ContextHandler.java:doStart(921)) - Started o.e.j.s.ServletContextHandler@33df44cd{static,/static,file:///home/runner/work/ozone/ozone/hadoop-ozone/ozone-manager/target/classes/webapps/static,AVAILABLE}
2023-09-13 16:04:05,054 [main] INFO  handler.ContextHandler (ContextHandler.java:doStart(921)) - Started o.e.j.w.WebAppContext@6ab1860{ozoneManager,/,file:///home/runner/work/ozone/ozone/hadoop-ozone/ozone-manager/target/classes/webapps/ozoneManager/,AVAILABLE}{file:/home/runner/work/ozone/ozone/hadoop-ozone/ozone-manager/target/classes/webapps/ozoneManager}
2023-09-13 16:04:05,055 [main] INFO  server.AbstractConnector (AbstractConnector.java:doStart(333)) - Started ServerConnector@5aaa3740{HTTP/1.1, (http/1.1)}{0.0.0.0:9874}
2023-09-13 16:04:05,055 [main] INFO  server.Server (Server.java:doStart(415)) - Started @86926ms
2023-09-13 16:04:05,055 [main] WARN  impl.MetricsSystemImpl (MetricsSystemImpl.java:register(279)) - Sink prometheus already exists!
2023-09-13 16:04:05,056 [main] INFO  http.BaseHttpServer (BaseHttpServer.java:updateConnectorAddress(354)) - HTTP server of ozoneManager listening at http://0.0.0.0:9874
2023-09-13 16:04:05,056 [IPC Server Responder] INFO  ipc.Server (Server.java:run(1562)) - IPC Server Responder: starting
2023-09-13 16:04:05,056 [IPC Server listener on 9862] INFO  ipc.Server (Server.java:run(1402)) - IPC Server listener on 9862: starting
2023-09-13 16:04:05,066 [main] INFO  om.OzoneManager (OzoneManager.java:startTrashEmptier(2101)) - Trash Interval set to 0. Files deleted won't move to trash
2023-09-13 16:04:05,068 [main] INFO  om.GrpcOzoneManagerServer (GrpcOzoneManagerServer.java:start(180)) - GrpcOzoneManagerServer is started using port 8981
2023-09-13 16:04:07,082 [main] INFO  retry.RetryInvocationHandler (RetryInvocationHandler.java:log(422)) - com.google.protobuf.ServiceException: org.apache.hadoop.ipc.RemoteException(org.apache.hadoop.ozone.om.exceptions.OMNotLeaderException): OM:om1 is not the leader. Could not determine the leader node.
	at org.apache.hadoop.ozone.protocolPB.OzoneManagerProtocolServerSideTranslatorPB.createNotLeaderException(OzoneManagerProtocolServerSideTranslatorPB.java:246)
	at org.apache.hadoop.ozone.protocolPB.OzoneManagerProtocolServerSideTranslatorPB.createLeaderErrorException(OzoneManagerProtocolServerSideTranslatorPB.java:234)
	at org.apache.hadoop.ozone.protocolPB.OzoneManagerProtocolServerSideTranslatorPB.submitReadRequestToOM(OzoneManagerProtocolServerSideTranslatorPB.java:227)
	at org.apache.hadoop.ozone.protocolPB.OzoneManagerProtocolServerSideTranslatorPB.processRequest(OzoneManagerProtocolServerSideTranslatorPB.java:179)
	at org.apache.hadoop.hdds.server.OzoneProtocolMessageDispatcher.processRequest(OzoneProtocolMessageDispatcher.java:87)
	at org.apache.hadoop.ozone.protocolPB.OzoneManagerProtocolServerSideTranslatorPB.submitRequest(OzoneManagerProtocolServerSideTranslatorPB.java:148)
	at org.apache.hadoop.ozone.protocol.proto.OzoneManagerProtocolProtos$OzoneManagerService$2.callBlockingMethod(OzoneManagerProtocolProtos.java)
	at org.apache.hadoop.ipc.ProtobufRpcEngine$Server.processCall(ProtobufRpcEngine.java:484)
	at org.apache.hadoop.ipc.ProtobufRpcEngine2$Server$ProtoBufRpcInvoker.call(ProtobufRpcEngine2.java:595)
	at org.apache.hadoop.ipc.ProtobufRpcEngine2$Server$ProtoBufRpcInvoker.call(ProtobufRpcEngine2.java:573)
	at org.apache.hadoop.ipc.RPC$Server.call(RPC.java:1227)
	at org.apache.hadoop.ipc.Server$RpcCall.run(Server.java:1094)
	at org.apache.hadoop.ipc.Server$RpcCall.run(Server.java:1017)
	at java.security.AccessController.doPrivileged(Native Method)
	at javax.security.auth.Subject.doAs(Subject.java:422)
	at org.apache.hadoop.security.UserGroupInformation.doAs(UserGroupInformation.java:1899)
	at org.apache.hadoop.ipc.Server$Handler.run(Server.java:3048)
, while invoking $Proxy66.submitRequest over nodeId=null,nodeAddress=0.0.0.0:9862 after 1 failover attempts. Trying to failover after sleeping for 4000ms. Current retry count: 1.
2023-09-13 16:04:10,092 [om1@group-C5BA1605619E-FollowerState] INFO  impl.FollowerState (FollowerState.java:run(143)) - om1@group-C5BA1605619E-FollowerState: change to CANDIDATE, lastRpcElapsedTime:5062806495ns, electionTimeout:5061ms
2023-09-13 16:04:10,093 [om1@group-C5BA1605619E-FollowerState] INFO  impl.RoleInfo (RoleInfo.java:shutdownFollowerState(110)) - om1: shutdown om1@group-C5BA1605619E-FollowerState
2023-09-13 16:04:10,093 [om1@group-C5BA1605619E-FollowerState] INFO  server.RaftServer$Division (RaftServerImpl.java:setRole(329)) - om1@group-C5BA1605619E: changes role from  FOLLOWER to CANDIDATE at term 0 for changeToCandidate
2023-09-13 16:04:10,093 [om1@group-C5BA1605619E-FollowerState] INFO  server.RaftServerConfigKeys (ConfUtils.java:logGet(46)) - raft.server.leaderelection.pre-vote = true (default)
2023-09-13 16:04:10,093 [om1@group-C5BA1605619E-FollowerState] INFO  impl.RoleInfo (RoleInfo.java:updateAndGet(139)) - om1: start om1@group-C5BA1605619E-LeaderElection7
2023-09-13 16:04:10,095 [om1@group-C5BA1605619E-LeaderElection7] INFO  impl.LeaderElection (LeaderElection.java:askForVotes(321)) - om1@group-C5BA1605619E-LeaderElection7 PRE_VOTE round 0: submit vote requests at term 0 for -1: peers:[om1|rpc:0.0.0.0:9872|priority:0|startupRole:FOLLOWER]|listeners:[], old=null
2023-09-13 16:04:10,095 [om1@group-C5BA1605619E-LeaderElection7] INFO  impl.LeaderElection (LeaderElection.java:askForVotes(323)) - om1@group-C5BA1605619E-LeaderElection7 PRE_VOTE round 0: result PASSED (term=0)
2023-09-13 16:04:10,097 [om1@group-C5BA1605619E-LeaderElection7] INFO  impl.LeaderElection (LeaderElection.java:askForVotes(321)) - om1@group-C5BA1605619E-LeaderElection7 ELECTION round 0: submit vote requests at term 1 for -1: peers:[om1|rpc:0.0.0.0:9872|priority:0|startupRole:FOLLOWER]|listeners:[], old=null
2023-09-13 16:04:10,097 [om1@group-C5BA1605619E-LeaderElection7] INFO  impl.LeaderElection (LeaderElection.java:askForVotes(323)) - om1@group-C5BA1605619E-LeaderElection7 ELECTION round 0: result PASSED (term=1)
2023-09-13 16:04:10,097 [om1@group-C5BA1605619E-LeaderElection7] INFO  impl.RoleInfo (RoleInfo.java:shutdownLeaderElection(130)) - om1: shutdown om1@group-C5BA1605619E-LeaderElection7
2023-09-13 16:04:10,097 [om1@group-C5BA1605619E-LeaderElection7] INFO  server.RaftServer$Division (RaftServerImpl.java:setRole(329)) - om1@group-C5BA1605619E: changes role from CANDIDATE to LEADER at term 1 for changeToLeader
2023-09-13 16:04:10,097 [om1@group-C5BA1605619E-LeaderElection7] INFO  server.RaftServer$Division (ServerState.java:setLeader(317)) - om1@group-C5BA1605619E: change Leader from null to om1 at term 1 for becomeLeader, leader elected after 5318ms
2023-09-13 16:04:10,097 [om1@group-C5BA1605619E-LeaderElection7] INFO  server.RaftServerConfigKeys (ConfUtils.java:logGet(46)) - raft.server.staging.catchup.gap = 1000 (default)
2023-09-13 16:04:10,097 [om1@group-C5BA1605619E-LeaderElection7] INFO  server.RaftServerConfigKeys (ConfUtils.java:logGet(46)) - raft.server.write.element-limit = 4096 (default)
2023-09-13 16:04:10,098 [om1@group-C5BA1605619E-LeaderElection7] INFO  server.RaftServerConfigKeys (ConfUtils.java:logGet(46)) - raft.server.write.byte-limit = 64MB (=67108864) (default)
2023-09-13 16:04:10,098 [om1@group-C5BA1605619E-LeaderElection7] INFO  server.RaftServerConfigKeys (ConfUtils.java:logGet(46)) - raft.server.watch.timeout = 10s (default)
2023-09-13 16:04:10,098 [om1@group-C5BA1605619E-LeaderElection7] INFO  server.RaftServerConfigKeys (ConfUtils.java:logGet(46)) - raft.server.watch.timeout.denomination = 1s (default)
2023-09-13 16:04:10,098 [om1@group-C5BA1605619E-LeaderElection7] INFO  server.RaftServerConfigKeys (ConfUtils.java:logGet(46)) - raft.server.watch.element-limit = 65536 (default)
2023-09-13 16:04:10,098 [om1@group-C5BA1605619E-LeaderElection7] INFO  server.RaftServerConfigKeys (ConfUtils.java:logGet(46)) - raft.server.write.element-limit = 4096 (default)
2023-09-13 16:04:10,098 [om1@group-C5BA1605619E-LeaderElection7] INFO  server.RaftServerConfigKeys (ConfUtils.java:logGet(46)) - raft.server.write.follower.gap.ratio.max = -1.0 (default)
2023-09-13 16:04:10,098 [om1@group-C5BA1605619E-LeaderElection7] INFO  impl.RoleInfo (RoleInfo.java:updateAndGet(139)) - om1: start om1@group-C5BA1605619E-LeaderStateImpl
2023-09-13 16:04:10,098 [om1@group-C5BA1605619E-LeaderElection7] INFO  segmented.SegmentedRaftLogWorker (SegmentedRaftLogWorker.java:startLogSegment(447)) - om1@group-C5BA1605619E-SegmentedRaftLogWorker: Starting segment from index:0
2023-09-13 16:04:10,103 [om1@group-C5BA1605619E-LeaderElection7] INFO  server.RaftServer$Division (ServerState.java:setRaftConf(434)) - om1@group-C5BA1605619E: set configuration 0: peers:[om1|rpc:0.0.0.0:9872|admin:|client:|dataStream:|priority:0|startupRole:FOLLOWER]|listeners:[], old=null
2023-09-13 16:04:10,108 [om1@group-C5BA1605619E-SegmentedRaftLogWorker] INFO  segmented.SegmentedRaftLogWorker (SegmentedRaftLogWorker.java:execute(651)) - om1@group-C5BA1605619E-SegmentedRaftLogWorker: created new log segment /tmp/junit6858787935687478510/ratis/bf265839-605b-3f16-9796-c5ba1605619e/current/log_inprogress_0
2023-09-13 16:04:10,109 [om1@group-C5BA1605619E-StateMachineUpdater] INFO  ratis.OzoneManagerStateMachine (OzoneManagerStateMachine.java:notifyConfigurationChanged(202)) - Received Configuration change notification from Ratis. New Peer list:
[id: "om1"
address: "0.0.0.0:9872"
startupRole: FOLLOWER
]
2023-09-13 16:04:11,088 [main] INFO  service.TestOpenKeyCleanupService (TestOpenKeyCleanupService.java:testExcludeMPUOpenKeys(208)) - numDEFMpuKeys=9, numFSOMpuKeys=0
2023-09-13 16:04:11,188 [main] INFO  service.TestOpenKeyCleanupService (TestOpenKeyCleanupService.java:testExcludeMPUOpenKeys(219)) - oldMpuKeyCount=0, oldMpuRunCount=20
2023-09-13 16:04:11,218 [OM StateMachine ApplyTransaction Thread - 0] WARN  helpers.QuotaUtil (QuotaUtil.java:getReplicatedSize(63)) - Unknown replication type 'STAND_ALONE'. Returning original data size.
2023-09-13 16:04:11,237 [OM StateMachine ApplyTransaction Thread - 0] WARN  helpers.QuotaUtil (QuotaUtil.java:getReplicatedSize(63)) - Unknown replication type 'STAND_ALONE'. Returning original data size.
2023-09-13 16:04:11,245 [OM StateMachine ApplyTransaction Thread - 0] WARN  helpers.QuotaUtil (QuotaUtil.java:getReplicatedSize(63)) - Unknown replication type 'STAND_ALONE'. Returning original data size.
2023-09-13 16:04:11,250 [OM StateMachine ApplyTransaction Thread - 0] WARN  helpers.QuotaUtil (QuotaUtil.java:getReplicatedSize(63)) - Unknown replication type 'STAND_ALONE'. Returning original data size.
2023-09-13 16:04:11,258 [OM StateMachine ApplyTransaction Thread - 0] WARN  helpers.QuotaUtil (QuotaUtil.java:getReplicatedSize(63)) - Unknown replication type 'STAND_ALONE'. Returning original data size.
2023-09-13 16:04:11,265 [OM StateMachine ApplyTransaction Thread - 0] WARN  helpers.QuotaUtil (QuotaUtil.java:getReplicatedSize(63)) - Unknown replication type 'STAND_ALONE'. Returning original data size.
2023-09-13 16:04:11,272 [OM StateMachine ApplyTransaction Thread - 0] WARN  helpers.QuotaUtil (QuotaUtil.java:getReplicatedSize(63)) - Unknown replication type 'STAND_ALONE'. Returning original data size.
2023-09-13 16:04:11,278 [OM StateMachine ApplyTransaction Thread - 0] WARN  helpers.QuotaUtil (QuotaUtil.java:getReplicatedSize(63)) - Unknown replication type 'STAND_ALONE'. Returning original data size.
2023-09-13 16:04:11,285 [OM StateMachine ApplyTransaction Thread - 0] WARN  helpers.QuotaUtil (QuotaUtil.java:getReplicatedSize(63)) - Unknown replication type 'STAND_ALONE'. Returning original data size.
2023-09-13 16:04:11,292 [OM StateMachine ApplyTransaction Thread - 0] WARN  helpers.QuotaUtil (QuotaUtil.java:getReplicatedSize(63)) - Unknown replication type 'STAND_ALONE'. Returning original data size.
2023-09-13 16:04:11,297 [OM StateMachine ApplyTransaction Thread - 0] WARN  helpers.QuotaUtil (QuotaUtil.java:getReplicatedSize(63)) - Unknown replication type 'STAND_ALONE'. Returning original data size.
2023-09-13 16:04:11,302 [OM StateMachine ApplyTransaction Thread - 0] WARN  helpers.QuotaUtil (QuotaUtil.java:getReplicatedSize(63)) - Unknown replication type 'STAND_ALONE'. Returning original data size.
2023-09-13 16:04:11,309 [OM StateMachine ApplyTransaction Thread - 0] WARN  helpers.QuotaUtil (QuotaUtil.java:getReplicatedSize(63)) - Unknown replication type 'STAND_ALONE'. Returning original data size.
2023-09-13 16:04:11,314 [OM StateMachine ApplyTransaction Thread - 0] WARN  helpers.QuotaUtil (QuotaUtil.java:getReplicatedSize(63)) - Unknown replication type 'STAND_ALONE'. Returning original data size.
2023-09-13 16:04:11,319 [OM StateMachine ApplyTransaction Thread - 0] WARN  helpers.QuotaUtil (QuotaUtil.java:getReplicatedSize(63)) - Unknown replication type 'STAND_ALONE'. Returning original data size.
2023-09-13 16:04:11,324 [OM StateMachine ApplyTransaction Thread - 0] WARN  helpers.QuotaUtil (QuotaUtil.java:getReplicatedSize(63)) - Unknown replication type 'STAND_ALONE'. Returning original data size.
2023-09-13 16:04:11,331 [OM StateMachine ApplyTransaction Thread - 0] WARN  helpers.QuotaUtil (QuotaUtil.java:getReplicatedSize(63)) - Unknown replication type 'STAND_ALONE'. Returning original data size.
2023-09-13 16:04:11,335 [OM StateMachine ApplyTransaction Thread - 0] WARN  helpers.QuotaUtil (QuotaUtil.java:getReplicatedSize(63)) - Unknown replication type 'STAND_ALONE'. Returning original data size.
2023-09-13 16:04:11,343 [OM StateMachine ApplyTransaction Thread - 0] WARN  helpers.QuotaUtil (QuotaUtil.java:getReplicatedSize(63)) - Unknown replication type 'STAND_ALONE'. Returning original data size.
2023-09-13 16:04:11,348 [OM StateMachine ApplyTransaction Thread - 0] WARN  helpers.QuotaUtil (QuotaUtil.java:getReplicatedSize(63)) - Unknown replication type 'STAND_ALONE'. Returning original data size.
2023-09-13 16:04:11,355 [OM StateMachine ApplyTransaction Thread - 0] WARN  helpers.QuotaUtil (QuotaUtil.java:getReplicatedSize(63)) - Unknown replication type 'STAND_ALONE'. Returning original data size.
2023-09-13 16:04:11,360 [OM StateMachine ApplyTransaction Thread - 0] WARN  helpers.QuotaUtil (QuotaUtil.java:getReplicatedSize(63)) - Unknown replication type 'STAND_ALONE'. Returning original data size.
2023-09-13 16:04:11,365 [OM StateMachine ApplyTransaction Thread - 0] WARN  helpers.QuotaUtil (QuotaUtil.java:getReplicatedSize(63)) - Unknown replication type 'STAND_ALONE'. Returning original data size.
2023-09-13 16:04:11,370 [OM StateMachine ApplyTransaction Thread - 0] WARN  helpers.QuotaUtil (QuotaUtil.java:getReplicatedSize(63)) - Unknown replication type 'STAND_ALONE'. Returning original data size.
2023-09-13 16:04:11,773 [main] INFO  om.OzoneManager (OzoneManager.java:stop(2207)) - om1[0.0.0.0:9862]: Stopping Ozone Manager
2023-09-13 16:04:11,773 [main] INFO  ipc.Server (Server.java:stop(3523)) - Stopping server on 9862
2023-09-13 16:04:11,776 [IPC Server Responder] INFO  ipc.Server (Server.java:run(1567)) - Stopping IPC Server Responder
2023-09-13 16:04:11,777 [IPC Server listener on 9862] INFO  ipc.Server (Server.java:run(1434)) - Stopping IPC Server listener on 9862
2023-09-13 16:04:15,802 [main] INFO  om.GrpcOzoneManagerServer (GrpcOzoneManagerServer.java:stop(192)) - Server GrpcOzoneManagerServer is shutdown
2023-09-13 16:04:15,802 [main] INFO  server.RaftServer (RaftServerProxy.java:lambda$close$6(416)) - om1: close
2023-09-13 16:04:15,803 [main] INFO  server.GrpcService (GrpcService.java:closeImpl(311)) - om1: shutdown server GrpcServerProtocolService now
2023-09-13 16:04:15,803 [om1-impl-thread1] INFO  server.RaftServer$Division (RaftServerImpl.java:lambda$close$4(466)) - om1@group-C5BA1605619E: shutdown
2023-09-13 16:04:15,803 [om1-impl-thread1] INFO  util.JmxRegister (JmxRegister.java:unregister(73)) - Successfully un-registered JMX Bean with object name Ratis:service=RaftServer,group=group-C5BA1605619E,id=om1
2023-09-13 16:04:15,803 [om1-impl-thread1] INFO  impl.RoleInfo (RoleInfo.java:shutdownLeaderState(93)) - om1: shutdown om1@group-C5BA1605619E-LeaderStateImpl
2023-09-13 16:04:15,803 [om1-impl-thread1] INFO  impl.PendingRequests (PendingRequests.java:sendNotLeaderResponses(289)) - om1@group-C5BA1605619E-PendingRequests: sendNotLeaderResponses
2023-09-13 16:04:15,807 [main] INFO  server.GrpcService (GrpcService.java:closeImpl(320)) - om1: shutdown server GrpcServerProtocolService successfully
2023-09-13 16:04:15,807 [om1-impl-thread1] INFO  impl.StateMachineUpdater (StateMachineUpdater.java:stopAndJoin(155)) - om1@group-C5BA1605619E-StateMachineUpdater: set stopIndex = 114
2023-09-13 16:04:15,808 [om1@group-C5BA1605619E-StateMachineUpdater] INFO  ratis.OzoneManagerStateMachine (OzoneManagerStateMachine.java:takeSnapshot(480)) - Current Snapshot Index (t:1, i:114)
2023-09-13 16:04:15,826 [om1@group-C5BA1605619E-StateMachineUpdater] INFO  impl.StateMachineUpdater (StateMachineUpdater.java:takeSnapshot(291)) - om1@group-C5BA1605619E-StateMachineUpdater: Took a snapshot at index 114
2023-09-13 16:04:15,826 [om1@group-C5BA1605619E-StateMachineUpdater] INFO  impl.StateMachineUpdater (StateMachineUpdater.java:lambda$new$0(97)) - om1@group-C5BA1605619E-StateMachineUpdater: snapshotIndex: updateIncreasingly -1 -> 114
2023-09-13 16:04:15,827 [om1@group-C5BA1605619E-StateMachineUpdater] INFO  ratis.OzoneManagerStateMachine (OzoneManagerStateMachine.java:close(534)) - StateMachine has shutdown. Shutdown OzoneManager if not already shutdown.
2023-09-13 16:04:15,827 [om1@group-C5BA1605619E-StateMachineUpdater] INFO  ratis.OzoneManagerDoubleBuffer (OzoneManagerDoubleBuffer.java:stopDaemon(551)) - Stopping OMDoubleBuffer flush thread
2023-09-13 16:04:15,829 [OMDoubleBufferFlushThread] INFO  ratis.OzoneManagerDoubleBuffer (OzoneManagerDoubleBuffer.java:canFlush(638)) - OMDoubleBuffer flush thread OMDoubleBufferFlushThread is interrupted and will exit.
2023-09-13 16:04:15,829 [om1-impl-thread1] INFO  server.RaftServer$Division (ServerState.java:close(472)) - om1@group-C5BA1605619E: closes. applyIndex: 114
2023-09-13 16:04:16,372 [om1-impl-thread1] INFO  segmented.SegmentedRaftLogWorker (SegmentedRaftLogWorker.java:close(252)) - om1@group-C5BA1605619E-SegmentedRaftLogWorker close()
2023-09-13 16:04:16,372 [JvmPauseMonitor6] INFO  util.JvmPauseMonitor (JvmPauseMonitor.java:run(109)) - JvmPauseMonitor-om1: Stopped
2023-09-13 16:04:16,373 [main] INFO  ratis.OzoneManagerStateMachine (OzoneManagerStateMachine.java:close(534)) - StateMachine has shutdown. Shutdown OzoneManager if not already shutdown.
2023-09-13 16:04:16,373 [main] INFO  ratis.OzoneManagerDoubleBuffer (OzoneManagerDoubleBuffer.java:stopDaemon(560)) - OMDoubleBuffer flush thread is not running.
2023-09-13 16:04:16,373 [main] INFO  utils.BackgroundService (BackgroundService.java:shutdown(141)) - Shutting down service KeyDeletingService
2023-09-13 16:04:16,374 [main] INFO  utils.BackgroundService (BackgroundService.java:shutdown(141)) - Shutting down service KeyDeletingService
2023-09-13 16:04:16,374 [main] INFO  utils.BackgroundService (BackgroundService.java:shutdown(141)) - Shutting down service OpenKeyCleanupService
2023-09-13 16:04:16,374 [main] INFO  utils.BackgroundService (BackgroundService.java:shutdown(141)) - Shutting down service SstFilteringService
2023-09-13 16:04:16,374 [main] INFO  utils.BackgroundService (BackgroundService.java:shutdown(141)) - Shutting down service SnapshotDeletingService
2023-09-13 16:04:16,375 [main] INFO  om.OzoneManager (OzoneManager.java:stopSecretManager(1071)) - Stopping OM delegation token secret manager.
2023-09-13 16:04:16,375 [main] INFO  handler.ContextHandler (ContextHandler.java:doStop(1159)) - Stopped o.e.j.w.WebAppContext@6ab1860{ozoneManager,/,null,STOPPED}{file:/home/runner/work/ozone/ozone/hadoop-ozone/ozone-manager/target/classes/webapps/ozoneManager}
2023-09-13 16:04:16,377 [main] INFO  server.AbstractConnector (AbstractConnector.java:doStop(383)) - Stopped ServerConnector@5aaa3740{HTTP/1.1, (http/1.1)}{0.0.0.0:9874}
2023-09-13 16:04:16,377 [main] INFO  server.session (HouseKeeper.java:stopScavenging(149)) - node0 Stopped scavenging
2023-09-13 16:04:16,378 [main] INFO  handler.ContextHandler (ContextHandler.java:doStop(1159)) - Stopped o.e.j.s.ServletContextHandler@33df44cd{static,/static,file:///home/runner/work/ozone/ozone/hadoop-ozone/ozone-manager/target/classes/webapps/static,STOPPED}
2023-09-13 16:04:16,378 [main] INFO  handler.ContextHandler (ContextHandler.java:doStop(1159)) - Stopped o.e.j.s.ServletContextHandler@7d7d6131{logs,/logs,file:///home/runner/work/ozone/ozone/hadoop-ozone/ozone-manager/target/log,STOPPED}
2023-09-13 16:04:16,381 [main] INFO  rocksdiff.RocksDBCheckpointDiffer (RocksDBCheckpointDiffer.java:close(343)) - Shutting down CompactionDagPruningService.
2023-09-13 16:04:16,383 [main] INFO  snapshot.SnapshotDiffManager (SnapshotDiffManager.java:closeExecutorService(1706)) - Shutting down executorService: 'SnapDiffExecutor'
2023-09-13 16:04:16,384 [main] INFO  snapshot.SnapshotDiffManager (SnapshotDiffManager.java:closeExecutorService(1706)) - Shutting down executorService: 'SstDumpToolExecutor'
2023-09-13 16:04:16,384 [main] INFO  utils.BackgroundService (BackgroundService.java:shutdown(141)) - Shutting down service SnapshotDiffCleanupService
]]></system-out>
  </testcase>
  <testcase name="testExcludeMPUOpenKeys(int, int)[2]" classname="org.apache.hadoop.ozone.om.service.TestOpenKeyCleanupService" time="11.79">
    <system-out><![CDATA[2023-09-13 16:04:16,400 [main] WARN  server.ServerUtils (ServerUtils.java:getDBPath(311)) - ozone.om.db.dirs is not configured. We recommend adding this setting. Falling back to ozone.metadata.dirs instead.
2023-09-13 16:04:16,403 [main] INFO  ha.OMHANodeDetails (OMHANodeDetails.java:loadOMHAConfig(115)) - ozone.om.internal.service.id is not defined, falling back to ozone.om.service.ids to find serviceID for OzoneManager if it is HA enabled cluster
2023-09-13 16:04:16,403 [main] INFO  ha.OMHANodeDetails (OMHANodeDetails.java:loadOMHAConfig(226)) - Configuration does not have ozone.om.address set. Falling back to the default OM address /0.0.0.0:9862
2023-09-13 16:04:16,403 [main] INFO  ha.OMHANodeDetails (OMHANodeDetails.java:getOMNodeDetailsForNonHA(254)) - OM Service ID is not set. Setting it to the default ID: omServiceIdDefault
2023-09-13 16:04:16,404 [main] INFO  ha.OMHANodeDetails (OMHANodeDetails.java:getOMNodeDetailsForNonHA(261)) - OM Node ID is not set. Setting it to the default ID: om1
2023-09-13 16:04:16,404 [main] WARN  server.ServerUtils (ServerUtils.java:getDBPath(311)) - ozone.om.db.dirs is not configured. We recommend adding this setting. Falling back to ozone.metadata.dirs instead.
2023-09-13 16:04:16,405 [main] INFO  upgrade.AbstractLayoutVersionManager (AbstractLayoutVersionManager.java:init(83)) - Initializing Layout version manager with metadata layout = QUOTA (version = 6), software layout = QUOTA (version = 6)
2023-09-13 16:04:16,440 [main] INFO  reflections.Reflections (Reflections.java:scan(232)) - Reflections took 34 ms to scan 2 urls, producing 187 keys and 515 values [using 2 cores]
2023-09-13 16:04:16,441 [main] INFO  upgrade.OMLayoutVersionManager (OMLayoutVersionManager.java:lambda$0(115)) - Skipping Upgrade Action QuotaRepairUpgradeAction since it has been finalized.
2023-09-13 16:04:16,441 [main] INFO  upgrade.OMLayoutVersionManager (OMLayoutVersionManager.java:lambda$0(115)) - Skipping Upgrade Action MockOmUpgradeAction since it has been finalized.
2023-09-13 16:04:16,441 [main] WARN  server.ServerUtils (ServerUtils.java:getDBPath(311)) - ozone.om.db.dirs is not configured. We recommend adding this setting. Falling back to ozone.metadata.dirs instead.
2023-09-13 16:04:16,445 [main] INFO  proxy.SCMBlockLocationFailoverProxyProvider (SCMBlockLocationFailoverProxyProvider.java:<init>(114)) - Created block location fail-over proxy with 1 nodes: [nodeId=scmNodeId,nodeAddress=/127.0.0.1:9863]
2023-09-13 16:04:16,447 [main] INFO  om.OzoneManager (OzoneManager.java:<init>(665)) - OM start with adminUsers: [runner]
2023-09-13 16:04:16,448 [main] WARN  server.ServerUtils (ServerUtils.java:getDBPath(311)) - ozone.om.db.dirs is not configured. We recommend adding this setting. Falling back to ozone.metadata.dirs instead.
2023-09-13 16:04:16,449 [main] INFO  helpers.OmKeyInfo (OmKeyInfo.java:getCodec(71)) - OmKeyInfo.getCodec ignorePipeline = true
2023-09-13 16:04:16,610 [main] INFO  om.OzoneManager (OzoneManager.java:instantiateServices(794)) - S3 Multi-Tenancy is disabled
2023-09-13 16:04:16,610 [main] INFO  security.OzoneSecretStore (OzoneSecretStore.java:loadState(69)) - Loaded 0 tokens
2023-09-13 16:04:16,610 [main] INFO  security.OzoneDelegationTokenSecretManager (OzoneDelegationTokenSecretManager.java:loadTokenSecretState(530)) - Loading token state into token manager.
2023-09-13 16:04:16,611 [main] INFO  om.OmSnapshotManager (OmSnapshotManager.java:<init>(174)) - Ozone filesystem snapshot feature is enabled.
2023-09-13 16:04:16,611 [main] WARN  server.ServerUtils (ServerUtils.java:getDBPath(311)) - ozone.om.snapshot.diff.db.dir is not configured. We recommend adding this setting. Falling back to ozone.metadata.dirs instead.
2023-09-13 16:04:16,627 [main] INFO  snapshot.SnapshotDiffManager (SnapshotDiffManager.java:closeExecutorService(1706)) - Shutting down executorService: 'SstDumpToolExecutor'
2023-09-13 16:04:16,628 [main] INFO  om.OzoneManager (OzoneManager.java:addS3GVolumeToDB(4305)) - Created Volume s3v With Owner runner required for S3Gateway operations.
2023-09-13 16:04:16,628 [main] WARN  server.ServerUtils (ServerUtils.java:getDefaultRatisDirectory(323)) - Storage directory for Ratis is not configured. It is a good idea to map this to an SSD disk. Falling back to ozone.metadata.dirs
2023-09-13 16:04:16,628 [main] WARN  utils.OzoneManagerRatisUtils (OzoneManagerRatisUtils.java:getOMRatisSnapshotDirectory(464)) - ozone.om.ratis.snapshot.dir is not configured. Falling back to ozone.metadata.dirs config
2023-09-13 16:04:16,629 [main] WARN  server.ServerUtils (ServerUtils.java:getDefaultRatisDirectory(323)) - Storage directory for Ratis is not configured. It is a good idea to map this to an SSD disk. Falling back to ozone.metadata.dirs
2023-09-13 16:04:16,630 [main] INFO  ratis.OzoneManagerRatisServer (OzoneManagerRatisServer.java:<init>(163)) - Instantiating OM Ratis server with groupID: omServiceIdDefault and peers: 0.0.0.0:9872
2023-09-13 16:04:16,630 [main] INFO  ratis.OzoneManagerStateMachine (OzoneManagerStateMachine.java:loadSnapshotInfoFromDB(687)) - LastAppliedIndex is set from TransactionInfo from OM DB as (t:0, i:~)
2023-09-13 16:04:16,631 [main] INFO  server.RaftServer (ConfUtils.java:logGet(46)) - raft.rpc.type = GRPC (default)
2023-09-13 16:04:16,631 [main] INFO  grpc.GrpcConfigKeys (ConfUtils.java:logFallback(53)) - raft.grpc.admin.host = null (fallback to raft.grpc.server.host)
2023-09-13 16:04:16,631 [main] INFO  grpc.GrpcConfigKeys (ConfUtils.java:logFallback(53)) - raft.grpc.admin.port = 9872 (fallback to raft.grpc.server.port)
2023-09-13 16:04:16,631 [main] INFO  grpc.GrpcConfigKeys (ConfUtils.java:logFallback(53)) - raft.grpc.client.host = null (fallback to raft.grpc.server.host)
2023-09-13 16:04:16,631 [main] INFO  grpc.GrpcConfigKeys (ConfUtils.java:logFallback(53)) - raft.grpc.client.port = 9872 (fallback to raft.grpc.server.port)
2023-09-13 16:04:16,632 [main] INFO  grpc.GrpcConfigKeys (ConfUtils.java:logGet(46)) - raft.grpc.server.host = null (default)
2023-09-13 16:04:16,632 [main] INFO  grpc.GrpcConfigKeys (ConfUtils.java:logGet(46)) - raft.grpc.server.port = 9872 (custom)
2023-09-13 16:04:16,632 [main] INFO  server.GrpcService (ConfUtils.java:logGet(46)) - raft.grpc.message.size.max = 33554432 (custom)
2023-09-13 16:04:16,632 [main] INFO  server.RaftServerConfigKeys (ConfUtils.java:logGet(46)) - raft.server.log.appender.buffer.byte-limit = 33554432 (custom)
2023-09-13 16:04:16,632 [main] INFO  server.GrpcService (ConfUtils.java:logGet(46)) - raft.grpc.flow.control.window = 1MB (=1048576) (default)
2023-09-13 16:04:16,632 [main] INFO  server.RaftServerConfigKeys (ConfUtils.java:logGet(46)) - raft.server.rpc.request.timeout = 3000ms (default)
2023-09-13 16:04:16,633 [main] INFO  grpc.GrpcConfigKeys (ConfUtils.java:logGet(46)) - raft.grpc.server.heartbeat.channel = true (default)
2023-09-13 16:04:16,633 [main] INFO  grpc.GrpcConfigKeys (ConfUtils.java:logGet(46)) - raft.grpc.server.async.request.thread.pool.cached = true (default)
2023-09-13 16:04:16,633 [main] INFO  grpc.GrpcConfigKeys (ConfUtils.java:logGet(46)) - raft.grpc.server.async.request.thread.pool.size = 32 (default)
2023-09-13 16:04:16,634 [main] INFO  impl.DataStreamServerImpl (ConfUtils.java:logGet(46)) - raft.datastream.type = DISABLED (default)
2023-09-13 16:04:16,635 [main] INFO  server.RaftServerConfigKeys (ConfUtils.java:logGet(46)) - raft.server.threadpool.proxy.cached = true (default)
2023-09-13 16:04:16,635 [main] INFO  server.RaftServerConfigKeys (ConfUtils.java:logGet(46)) - raft.server.threadpool.proxy.size = 0 (default)
2023-09-13 16:04:16,635 [main] INFO  server.RaftServerConfigKeys (ConfUtils.java:logGet(46)) - raft.server.rpc.slowness.timeout = 120s (custom)
2023-09-13 16:04:16,635 [main] INFO  server.RaftServerConfigKeys (ConfUtils.java:logGet(46)) - raft.server.leaderelection.leader.step-down.wait-time = 10s (default)
2023-09-13 16:04:16,635 [main] INFO  server.RaftServerConfigKeys (ConfUtils.java:logGet(46)) - raft.server.storage.dir = [/tmp/junit8964179174690699284/ratis] (custom)
2023-09-13 16:04:16,636 [main] INFO  server.RaftServer (RaftServerProxy.java:addNew(98)) - om1: addNew group-C5BA1605619E:[om1|rpc:0.0.0.0:9872|priority:0|startupRole:FOLLOWER] returns group-C5BA1605619E:java.util.concurrent.CompletableFuture@57d37616[Not completed]
2023-09-13 16:04:16,636 [main] INFO  om.OzoneManager (OzoneManager.java:initializeRatisServer(2148)) - OzoneManager Ratis server initialized at port 9872
2023-09-13 16:04:16,636 [main] INFO  om.OzoneManager (OzoneManager.java:getRpcServer(1196)) - Creating RPC Server
2023-09-13 16:04:16,639 [om1-groupManagement] INFO  server.RaftServer$Division (RaftServerImpl.java:<init>(198)) - om1: new RaftServerImpl for group-C5BA1605619E:[om1|rpc:0.0.0.0:9872|priority:0|startupRole:FOLLOWER] with OzoneManagerStateMachine:uninitialized
2023-09-13 16:04:16,639 [om1-groupManagement] INFO  server.RaftServerConfigKeys (ConfUtils.java:logGet(46)) - raft.server.rpc.timeout.min = 5s (custom)
2023-09-13 16:04:16,639 [om1-groupManagement] INFO  server.RaftServerConfigKeys (ConfUtils.java:logGet(46)) - raft.server.rpc.timeout.max = 5200ms (custom)
2023-09-13 16:04:16,639 [om1-groupManagement] INFO  server.RaftServerConfigKeys (ConfUtils.java:logGet(46)) - raft.server.rpc.sleep.time = 25ms (default)
2023-09-13 16:04:16,639 [om1-groupManagement] INFO  server.RaftServerConfigKeys (ConfUtils.java:logGet(46)) - raft.server.rpc.slowness.timeout = 120s (custom)
2023-09-13 16:04:16,639 [om1-groupManagement] INFO  server.RaftServerConfigKeys (ConfUtils.java:logGet(46)) - raft.server.leaderelection.leader.step-down.wait-time = 10s (default)
2023-09-13 16:04:16,639 [om1-groupManagement] INFO  server.RaftServerConfigKeys (ConfUtils.java:logGet(46)) - raft.server.sleep.deviation.threshold = 300ms (default)
2023-09-13 16:04:16,639 [om1-groupManagement] INFO  server.RaftServer$Division (ServerState.java:<init>(120)) - om1@group-C5BA1605619E: ConfigurationManager, init=-1: peers:[om1|rpc:0.0.0.0:9872|priority:0|startupRole:FOLLOWER]|listeners:[], old=null, confs=<EMPTY_MAP>
2023-09-13 16:04:16,639 [om1-groupManagement] INFO  server.RaftServerConfigKeys (ConfUtils.java:logGet(46)) - raft.server.storage.dir = [/tmp/junit8964179174690699284/ratis] (custom)
2023-09-13 16:04:16,639 [om1-groupManagement] INFO  server.RaftServerConfigKeys (ConfUtils.java:logGet(46)) - raft.server.log.corruption.policy = EXCEPTION (default)
2023-09-13 16:04:16,640 [om1-groupManagement] INFO  server.RaftServerConfigKeys (ConfUtils.java:logGet(46)) - raft.server.storage.free-space.min = 0MB (=0) (default)
2023-09-13 16:04:16,640 [om1-groupManagement] INFO  server.RaftServerConfigKeys (ConfUtils.java:logGet(46)) - raft.server.notification.no-leader.timeout = 120s (custom)
2023-09-13 16:04:16,640 [om1-groupManagement] INFO  server.RaftServerConfigKeys (ConfUtils.java:logGet(46)) - raft.server.read.timeout = 10s (default)
2023-09-13 16:04:16,640 [om1-groupManagement] INFO  server.RaftServerConfigKeys (ConfUtils.java:logGet(46)) - raft.server.retrycache.expirytime = 300s (custom)
2023-09-13 16:04:16,640 [om1-groupManagement] INFO  server.RaftServerConfigKeys (ConfUtils.java:logGet(46)) - raft.server.retrycache.statistics.expirytime = 100μs (default)
2023-09-13 16:04:16,640 [om1-groupManagement] INFO  server.RaftServerConfigKeys (ConfUtils.java:logGet(46)) - raft.server.read.option = DEFAULT (default)
2023-09-13 16:04:16,644 [om1-groupManagement] INFO  server.RaftServerConfigKeys (ConfUtils.java:logGet(46)) - raft.server.rpc.request.timeout = 3000ms (default)
2023-09-13 16:04:16,644 [om1-groupManagement] INFO  server.RaftServerConfigKeys (ConfUtils.java:logGet(46)) - raft.server.log.appender.install.snapshot.enabled = false (custom)
2023-09-13 16:04:16,644 [om1-groupManagement] INFO  server.RaftServerConfigKeys (ConfUtils.java:logGet(46)) - raft.server.threadpool.server.cached = true (default)
2023-09-13 16:04:16,644 [om1-groupManagement] INFO  server.RaftServerConfigKeys (ConfUtils.java:logGet(46)) - raft.server.threadpool.server.size = 0 (default)
2023-09-13 16:04:16,644 [om1-groupManagement] INFO  server.RaftServerConfigKeys (ConfUtils.java:logGet(46)) - raft.server.threadpool.client.cached = true (default)
2023-09-13 16:04:16,644 [om1-groupManagement] INFO  server.RaftServerConfigKeys (ConfUtils.java:logGet(46)) - raft.server.threadpool.client.size = 0 (default)
2023-09-13 16:04:16,819 [main] INFO  reflections.Reflections (Reflections.java:scan(232)) - Reflections took 182 ms to scan 12 urls, producing 50 keys and 2980 values [using 2 cores]
2023-09-13 16:04:16,821 [main] INFO  ipc.CallQueueManager (CallQueueManager.java:<init>(90)) - Using callQueue: class java.util.concurrent.LinkedBlockingQueue, queueCapacity: 10000, scheduler: class org.apache.hadoop.ipc.DefaultRpcScheduler, ipcBackoff: false.
2023-09-13 16:04:16,821 [main] INFO  ipc.Server (Server.java:<init>(1287)) - Listener at 0.0.0.0:9862
2023-09-13 16:04:16,822 [Socket Reader #1 for port 9862] INFO  ipc.Server (Server.java:run(1323)) - Starting Socket Reader #1 for port 9862
2023-09-13 16:04:16,842 [main] INFO  impl.MetricsSystemImpl (MetricsSystemImpl.java:init(158)) - OzoneManager metrics system started (again)
2023-09-13 16:04:16,848 [main] INFO  om.OzoneManager (OzoneManager.java:start(1633)) - OzoneManager RPC server is listening at /0.0.0.0:9862
2023-09-13 16:04:16,849 [main] INFO  ratis.OzoneManagerRatisServer (OzoneManagerRatisServer.java:start(558)) - Starting OzoneManagerRatisServer om1 at port 9872
2023-09-13 16:04:16,849 [om1-impl-thread1] INFO  storage.RaftStorageDirectory (RaftStorageDirectoryImpl.java:analyzeStorage(137)) - The storage directory /tmp/junit8964179174690699284/ratis/bf265839-605b-3f16-9796-c5ba1605619e does not exist. Creating ...
2023-09-13 16:04:16,850 [om1-impl-thread1] INFO  storage.RaftStorageDirectory (RaftStorageDirectoryImpl.java:tryLock(231)) - Lock on /tmp/junit8964179174690699284/ratis/bf265839-605b-3f16-9796-c5ba1605619e/in_use.lock acquired by nodename 188718@fv-az937-94
2023-09-13 16:04:16,851 [om1-impl-thread1] INFO  storage.RaftStorage (RaftStorageImpl.java:format(96)) - Storage directory /tmp/junit8964179174690699284/ratis/bf265839-605b-3f16-9796-c5ba1605619e has been successfully formatted.
2023-09-13 16:04:16,851 [om1-impl-thread1] INFO  server.RaftServerConfigKeys (ConfUtils.java:logGet(46)) - raft.server.log.use.memory = false (default)
2023-09-13 16:04:16,851 [om1-impl-thread1] INFO  server.RaftServerConfigKeys (ConfUtils.java:logGet(46)) - raft.server.log.purge.gap = 1000000 (custom)
2023-09-13 16:04:16,852 [om1-impl-thread1] INFO  server.RaftServerConfigKeys (ConfUtils.java:logGet(46)) - raft.server.log.appender.buffer.byte-limit = 33554432 (custom)
2023-09-13 16:04:16,852 [om1-impl-thread1] INFO  server.RaftServerConfigKeys (ConfUtils.java:logGet(46)) - raft.server.log.statemachine.data.read.timeout = 1000ms (default)
2023-09-13 16:04:16,852 [om1-impl-thread1] INFO  server.RaftServerConfigKeys (ConfUtils.java:logGet(46)) - raft.server.log.purge.preservation.log.num = 0 (default)
2023-09-13 16:04:16,852 [om1-impl-thread1] INFO  server.RaftServerConfigKeys (ConfUtils.java:logGet(46)) - raft.server.log.segment.size.max = 4194304 (custom)
2023-09-13 16:04:16,852 [om1-impl-thread1] INFO  server.RaftServerConfigKeys (ConfUtils.java:logGet(46)) - raft.server.log.segment.cache.num.max = 2 (custom)
2023-09-13 16:04:16,852 [om1-impl-thread1] INFO  server.RaftServerConfigKeys (ConfUtils.java:logGet(46)) - raft.server.log.segment.cache.size.max = 200MB (=209715200) (default)
2023-09-13 16:04:16,852 [om1-impl-thread1] INFO  server.RaftServerConfigKeys (ConfUtils.java:logGet(46)) - raft.server.log.appender.buffer.byte-limit = 33554432 (custom)
2023-09-13 16:04:16,852 [om1-impl-thread1] INFO  segmented.SegmentedRaftLogWorker (SegmentedRaftLogWorker.java:<init>(188)) - new om1@group-C5BA1605619E-SegmentedRaftLogWorker for RaftStorageImpl:Storage Directory /tmp/junit8964179174690699284/ratis/bf265839-605b-3f16-9796-c5ba1605619e
2023-09-13 16:04:16,852 [om1-impl-thread1] INFO  server.RaftServerConfigKeys (ConfUtils.java:logGet(46)) - raft.server.log.queue.byte-limit = 64MB (=67108864) (default)
2023-09-13 16:04:16,852 [om1-impl-thread1] INFO  server.RaftServerConfigKeys (ConfUtils.java:logGet(46)) - raft.server.log.queue.element-limit = 4096 (default)
2023-09-13 16:04:16,852 [om1-impl-thread1] INFO  server.RaftServerConfigKeys (ConfUtils.java:logGet(46)) - raft.server.log.segment.size.max = 4194304 (custom)
2023-09-13 16:04:16,852 [om1-impl-thread1] INFO  server.RaftServerConfigKeys (ConfUtils.java:logGet(46)) - raft.server.log.preallocated.size = 4194304 (custom)
2023-09-13 16:04:16,852 [om1-impl-thread1] INFO  server.RaftServerConfigKeys (ConfUtils.java:logGet(46)) - raft.server.log.force.sync.num = 128 (default)
2023-09-13 16:04:16,852 [om1-impl-thread1] INFO  server.RaftServerConfigKeys (ConfUtils.java:logGet(46)) - raft.server.log.statemachine.data.sync = true (default)
2023-09-13 16:04:16,852 [om1-impl-thread1] INFO  server.RaftServerConfigKeys (ConfUtils.java:logGet(46)) - raft.server.log.statemachine.data.sync.timeout = 10s (default)
2023-09-13 16:04:16,852 [om1-impl-thread1] INFO  server.RaftServerConfigKeys (ConfUtils.java:logGet(46)) - raft.server.log.statemachine.data.sync.timeout.retry = -1 (default)
2023-09-13 16:04:16,853 [om1-impl-thread1] INFO  server.RaftServerConfigKeys (ConfUtils.java:logGet(46)) - raft.server.log.write.buffer.size = 64KB (=65536) (default)
2023-09-13 16:04:16,853 [om1-impl-thread1] INFO  server.RaftServerConfigKeys (ConfUtils.java:logGet(46)) - raft.server.log.appender.buffer.byte-limit = 33554432 (custom)
2023-09-13 16:04:16,858 [om1-impl-thread1] INFO  server.RaftServerConfigKeys (ConfUtils.java:logGet(46)) - raft.server.log.unsafe-flush.enabled = false (default)
2023-09-13 16:04:16,858 [om1-impl-thread1] INFO  server.RaftServerConfigKeys (ConfUtils.java:logGet(46)) - raft.server.log.async-flush.enabled = false (default)
2023-09-13 16:04:16,858 [om1-impl-thread1] INFO  server.RaftServerConfigKeys (ConfUtils.java:logGet(46)) - raft.server.log.statemachine.data.caching.enabled = false (default)
2023-09-13 16:04:16,858 [om1-impl-thread1] INFO  segmented.SegmentedRaftLogWorker (SegmentedRaftLogWorker.java:lambda$new$0(135)) - om1@group-C5BA1605619E-SegmentedRaftLogWorker: flushIndex: setUnconditionally 0 -> -1
2023-09-13 16:04:16,858 [om1-impl-thread1] INFO  segmented.SegmentedRaftLogWorker (SegmentedRaftLogWorker.java:lambda$new$0(135)) - om1@group-C5BA1605619E-SegmentedRaftLogWorker: safeCacheEvictIndex: setUnconditionally 0 -> -1
2023-09-13 16:04:16,858 [om1-impl-thread1] INFO  server.RaftServer$Division (RaftServerImpl.java:start(342)) - om1@group-C5BA1605619E: start as a follower, conf=-1: peers:[om1|rpc:0.0.0.0:9872|priority:0|startupRole:FOLLOWER]|listeners:[], old=null
2023-09-13 16:04:16,858 [om1-impl-thread1] INFO  server.RaftServer$Division (RaftServerImpl.java:setRole(329)) - om1@group-C5BA1605619E: changes role from      null to FOLLOWER at term 0 for startAsFollower
2023-09-13 16:04:16,858 [om1-impl-thread1] INFO  impl.RoleInfo (RoleInfo.java:updateAndGet(139)) - om1: start om1@group-C5BA1605619E-FollowerState
2023-09-13 16:04:16,862 [om1-impl-thread1] INFO  util.JmxRegister (JmxRegister.java:tryRegister(44)) - Successfully registered JMX Bean with object name Ratis:service=RaftServer,group=group-C5BA1605619E,id=om1
2023-09-13 16:04:16,863 [om1-impl-thread1] INFO  server.RaftServerConfigKeys (ConfUtils.java:logGet(46)) - raft.server.snapshot.auto.trigger.enabled = true (custom)
2023-09-13 16:04:16,863 [om1-impl-thread1] INFO  server.RaftServerConfigKeys (ConfUtils.java:logGet(46)) - raft.server.snapshot.auto.trigger.threshold = 400000 (default)
2023-09-13 16:04:16,863 [om1-impl-thread1] INFO  server.RaftServerConfigKeys (ConfUtils.java:logGet(46)) - raft.server.snapshot.retention.file.num = -1 (default)
2023-09-13 16:04:16,863 [om1-impl-thread1] INFO  server.RaftServerConfigKeys (ConfUtils.java:logGet(46)) - raft.server.log.purge.upto.snapshot.index = true (custom)
2023-09-13 16:04:16,863 [om1@group-C5BA1605619E-FollowerState] INFO  server.RaftServerConfigKeys (ConfUtils.java:logFallback(53)) - raft.server.rpc.first-election.timeout.min = 5s (fallback to raft.server.rpc.timeout.min)
2023-09-13 16:04:16,863 [om1@group-C5BA1605619E-FollowerState] INFO  server.RaftServerConfigKeys (ConfUtils.java:logFallback(53)) - raft.server.rpc.first-election.timeout.max = 5200ms (fallback to raft.server.rpc.timeout.max)
2023-09-13 16:04:16,863 [main] INFO  server.RaftServer (RaftServerProxy.java:startImpl(400)) - om1: start RPC server
2023-09-13 16:04:16,865 [main] INFO  server.GrpcService (GrpcService.java:startImpl(302)) - om1: GrpcService started, listening on 9872
2023-09-13 16:04:16,865 [main] INFO  om.OzoneManager (OzoneManager.java:start(1649)) - Version File has different layout version (6) than OM DB (null). That is expected if this OM has never been finalized to a newer layout version.
2023-09-13 16:04:16,866 [JvmPauseMonitor7] INFO  util.JvmPauseMonitor (JvmPauseMonitor.java:run(103)) - JvmPauseMonitor-om1: Started
2023-09-13 16:04:16,869 [main] INFO  http.BaseHttpServer (BaseHttpServer.java:newHttpServer2BuilderForOzone(223)) - Starting Web-server for ozoneManager at: http://0.0.0.0:9874
2023-09-13 16:04:16,870 [main] INFO  http.BaseHttpServer (BaseHttpServer.java:<init>(110)) - Hadoop Security Enabled: false Ozone Security Enabled: false Ozone HTTP Security Enabled: false 
2023-09-13 16:04:16,871 [main] WARN  server.AuthenticationFilter (AuthenticationFilter.java:constructSecretProvider(240)) - Unable to initialize FileSignerSecretProvider, falling back to use random secrets. Reason: Could not read signature secret file: /home/runner/hadoop-http-auth-signature-secret
2023-09-13 16:04:16,874 [main] INFO  http.HttpRequestLog (HttpRequestLog.java:getRequestLog(86)) - Http request log for http.requests.ozoneManager is not defined
2023-09-13 16:04:16,876 [main] INFO  http.HttpServer2 (HttpServer2.java:addGlobalFilter(1031)) - Added global filter 'safety' (class=org.apache.hadoop.hdds.server.http.HttpServer2$QuotingInputFilter)
2023-09-13 16:04:16,877 [main] INFO  http.HttpServer2 (HttpServer2.java:addFilter(1007)) - Added filter static_user_filter (class=org.apache.hadoop.http.lib.StaticUserWebFilter$StaticUserFilter) to context ozoneManager
2023-09-13 16:04:16,877 [main] INFO  http.HttpServer2 (HttpServer2.java:addFilter(1015)) - Added filter static_user_filter (class=org.apache.hadoop.http.lib.StaticUserWebFilter$StaticUserFilter) to context logs
2023-09-13 16:04:16,877 [main] INFO  http.HttpServer2 (HttpServer2.java:addFilter(1015)) - Added filter static_user_filter (class=org.apache.hadoop.http.lib.StaticUserWebFilter$StaticUserFilter) to context static
2023-09-13 16:04:16,878 [main] INFO  http.BaseHttpServer (BaseHttpServer.java:<init>(189)) - HTTP server of ozoneManager uses base directory /tmp/junit8964179174690699284/webserver
2023-09-13 16:04:16,879 [main] INFO  http.HttpServer2 (HttpServer2.java:bindListener(1231)) - Jetty bound to port 9874
2023-09-13 16:04:16,879 [main] INFO  server.Server (Server.java:doStart(375)) - jetty-9.4.51.v20230217; built: 2023-02-17T08:19:37.309Z; git: b45c405e4544384de066f814ed42ae3dceacdd49; jvm 1.8.0_382-b05
2023-09-13 16:04:16,881 [main] INFO  server.session (DefaultSessionIdManager.java:doStart(334)) - DefaultSessionIdManager workerName=node0
2023-09-13 16:04:16,881 [main] INFO  server.session (DefaultSessionIdManager.java:doStart(339)) - No SessionScavenger set, using defaults
2023-09-13 16:04:16,881 [main] INFO  server.session (HouseKeeper.java:startScavenging(132)) - node0 Scavenging every 600000ms
2023-09-13 16:04:16,883 [main] INFO  handler.ContextHandler (ContextHandler.java:doStart(921)) - Started o.e.j.s.ServletContextHandler@5a208e17{logs,/logs,file:///home/runner/work/ozone/ozone/hadoop-ozone/ozone-manager/target/log,AVAILABLE}
2023-09-13 16:04:16,883 [main] INFO  handler.ContextHandler (ContextHandler.java:doStart(921)) - Started o.e.j.s.ServletContextHandler@6674f28a{static,/static,file:///home/runner/work/ozone/ozone/hadoop-ozone/ozone-manager/target/classes/webapps/static,AVAILABLE}
2023-09-13 16:04:16,886 [main] INFO  handler.ContextHandler (ContextHandler.java:doStart(921)) - Started o.e.j.w.WebAppContext@296c2483{ozoneManager,/,file:///home/runner/work/ozone/ozone/hadoop-ozone/ozone-manager/target/classes/webapps/ozoneManager/,AVAILABLE}{file:/home/runner/work/ozone/ozone/hadoop-ozone/ozone-manager/target/classes/webapps/ozoneManager}
2023-09-13 16:04:16,887 [main] INFO  server.AbstractConnector (AbstractConnector.java:doStart(333)) - Started ServerConnector@612deab0{HTTP/1.1, (http/1.1)}{0.0.0.0:9874}
2023-09-13 16:04:16,888 [main] INFO  server.Server (Server.java:doStart(415)) - Started @98759ms
2023-09-13 16:04:16,888 [main] WARN  impl.MetricsSystemImpl (MetricsSystemImpl.java:register(279)) - Sink prometheus already exists!
2023-09-13 16:04:16,888 [main] INFO  http.BaseHttpServer (BaseHttpServer.java:updateConnectorAddress(354)) - HTTP server of ozoneManager listening at http://0.0.0.0:9874
2023-09-13 16:04:16,889 [IPC Server Responder] INFO  ipc.Server (Server.java:run(1562)) - IPC Server Responder: starting
2023-09-13 16:04:16,890 [IPC Server listener on 9862] INFO  ipc.Server (Server.java:run(1402)) - IPC Server listener on 9862: starting
2023-09-13 16:04:16,902 [main] INFO  om.OzoneManager (OzoneManager.java:startTrashEmptier(2101)) - Trash Interval set to 0. Files deleted won't move to trash
2023-09-13 16:04:16,908 [main] INFO  om.GrpcOzoneManagerServer (GrpcOzoneManagerServer.java:start(180)) - GrpcOzoneManagerServer is started using port 8981
2023-09-13 16:04:18,927 [main] INFO  retry.RetryInvocationHandler (RetryInvocationHandler.java:log(422)) - com.google.protobuf.ServiceException: org.apache.hadoop.ipc.RemoteException(org.apache.hadoop.ozone.om.exceptions.OMNotLeaderException): OM:om1 is not the leader. Could not determine the leader node.
	at org.apache.hadoop.ozone.protocolPB.OzoneManagerProtocolServerSideTranslatorPB.createNotLeaderException(OzoneManagerProtocolServerSideTranslatorPB.java:246)
	at org.apache.hadoop.ozone.protocolPB.OzoneManagerProtocolServerSideTranslatorPB.createLeaderErrorException(OzoneManagerProtocolServerSideTranslatorPB.java:234)
	at org.apache.hadoop.ozone.protocolPB.OzoneManagerProtocolServerSideTranslatorPB.submitReadRequestToOM(OzoneManagerProtocolServerSideTranslatorPB.java:227)
	at org.apache.hadoop.ozone.protocolPB.OzoneManagerProtocolServerSideTranslatorPB.processRequest(OzoneManagerProtocolServerSideTranslatorPB.java:179)
	at org.apache.hadoop.hdds.server.OzoneProtocolMessageDispatcher.processRequest(OzoneProtocolMessageDispatcher.java:87)
	at org.apache.hadoop.ozone.protocolPB.OzoneManagerProtocolServerSideTranslatorPB.submitRequest(OzoneManagerProtocolServerSideTranslatorPB.java:148)
	at org.apache.hadoop.ozone.protocol.proto.OzoneManagerProtocolProtos$OzoneManagerService$2.callBlockingMethod(OzoneManagerProtocolProtos.java)
	at org.apache.hadoop.ipc.ProtobufRpcEngine$Server.processCall(ProtobufRpcEngine.java:484)
	at org.apache.hadoop.ipc.ProtobufRpcEngine2$Server$ProtoBufRpcInvoker.call(ProtobufRpcEngine2.java:595)
	at org.apache.hadoop.ipc.ProtobufRpcEngine2$Server$ProtoBufRpcInvoker.call(ProtobufRpcEngine2.java:573)
	at org.apache.hadoop.ipc.RPC$Server.call(RPC.java:1227)
	at org.apache.hadoop.ipc.Server$RpcCall.run(Server.java:1094)
	at org.apache.hadoop.ipc.Server$RpcCall.run(Server.java:1017)
	at java.security.AccessController.doPrivileged(Native Method)
	at javax.security.auth.Subject.doAs(Subject.java:422)
	at org.apache.hadoop.security.UserGroupInformation.doAs(UserGroupInformation.java:1899)
	at org.apache.hadoop.ipc.Server$Handler.run(Server.java:3048)
, while invoking $Proxy66.submitRequest over nodeId=null,nodeAddress=0.0.0.0:9862 after 1 failover attempts. Trying to failover after sleeping for 4000ms. Current retry count: 1.
2023-09-13 16:04:22,048 [om1@group-C5BA1605619E-FollowerState] INFO  impl.FollowerState (FollowerState.java:run(143)) - om1@group-C5BA1605619E-FollowerState: change to CANDIDATE, lastRpcElapsedTime:5189170642ns, electionTimeout:5184ms
2023-09-13 16:04:22,048 [om1@group-C5BA1605619E-FollowerState] INFO  impl.RoleInfo (RoleInfo.java:shutdownFollowerState(110)) - om1: shutdown om1@group-C5BA1605619E-FollowerState
2023-09-13 16:04:22,048 [om1@group-C5BA1605619E-FollowerState] INFO  server.RaftServer$Division (RaftServerImpl.java:setRole(329)) - om1@group-C5BA1605619E: changes role from  FOLLOWER to CANDIDATE at term 0 for changeToCandidate
2023-09-13 16:04:22,048 [om1@group-C5BA1605619E-FollowerState] INFO  server.RaftServerConfigKeys (ConfUtils.java:logGet(46)) - raft.server.leaderelection.pre-vote = true (default)
2023-09-13 16:04:22,048 [om1@group-C5BA1605619E-FollowerState] INFO  impl.RoleInfo (RoleInfo.java:updateAndGet(139)) - om1: start om1@group-C5BA1605619E-LeaderElection8
2023-09-13 16:04:22,052 [om1@group-C5BA1605619E-LeaderElection8] INFO  impl.LeaderElection (LeaderElection.java:askForVotes(321)) - om1@group-C5BA1605619E-LeaderElection8 PRE_VOTE round 0: submit vote requests at term 0 for -1: peers:[om1|rpc:0.0.0.0:9872|priority:0|startupRole:FOLLOWER]|listeners:[], old=null
2023-09-13 16:04:22,053 [om1@group-C5BA1605619E-LeaderElection8] INFO  impl.LeaderElection (LeaderElection.java:askForVotes(323)) - om1@group-C5BA1605619E-LeaderElection8 PRE_VOTE round 0: result PASSED (term=0)
2023-09-13 16:04:22,054 [om1@group-C5BA1605619E-LeaderElection8] INFO  impl.LeaderElection (LeaderElection.java:askForVotes(321)) - om1@group-C5BA1605619E-LeaderElection8 ELECTION round 0: submit vote requests at term 1 for -1: peers:[om1|rpc:0.0.0.0:9872|priority:0|startupRole:FOLLOWER]|listeners:[], old=null
2023-09-13 16:04:22,054 [om1@group-C5BA1605619E-LeaderElection8] INFO  impl.LeaderElection (LeaderElection.java:askForVotes(323)) - om1@group-C5BA1605619E-LeaderElection8 ELECTION round 0: result PASSED (term=1)
2023-09-13 16:04:22,054 [om1@group-C5BA1605619E-LeaderElection8] INFO  impl.RoleInfo (RoleInfo.java:shutdownLeaderElection(130)) - om1: shutdown om1@group-C5BA1605619E-LeaderElection8
2023-09-13 16:04:22,054 [om1@group-C5BA1605619E-LeaderElection8] INFO  server.RaftServer$Division (RaftServerImpl.java:setRole(329)) - om1@group-C5BA1605619E: changes role from CANDIDATE to LEADER at term 1 for changeToLeader
2023-09-13 16:04:22,055 [om1@group-C5BA1605619E-LeaderElection8] INFO  server.RaftServer$Division (ServerState.java:setLeader(317)) - om1@group-C5BA1605619E: change Leader from null to om1 at term 1 for becomeLeader, leader elected after 5414ms
2023-09-13 16:04:22,055 [om1@group-C5BA1605619E-LeaderElection8] INFO  server.RaftServerConfigKeys (ConfUtils.java:logGet(46)) - raft.server.staging.catchup.gap = 1000 (default)
2023-09-13 16:04:22,055 [om1@group-C5BA1605619E-LeaderElection8] INFO  server.RaftServerConfigKeys (ConfUtils.java:logGet(46)) - raft.server.write.element-limit = 4096 (default)
2023-09-13 16:04:22,055 [om1@group-C5BA1605619E-LeaderElection8] INFO  server.RaftServerConfigKeys (ConfUtils.java:logGet(46)) - raft.server.write.byte-limit = 64MB (=67108864) (default)
2023-09-13 16:04:22,055 [om1@group-C5BA1605619E-LeaderElection8] INFO  server.RaftServerConfigKeys (ConfUtils.java:logGet(46)) - raft.server.watch.timeout = 10s (default)
2023-09-13 16:04:22,055 [om1@group-C5BA1605619E-LeaderElection8] INFO  server.RaftServerConfigKeys (ConfUtils.java:logGet(46)) - raft.server.watch.timeout.denomination = 1s (default)
2023-09-13 16:04:22,055 [om1@group-C5BA1605619E-LeaderElection8] INFO  server.RaftServerConfigKeys (ConfUtils.java:logGet(46)) - raft.server.watch.element-limit = 65536 (default)
2023-09-13 16:04:22,055 [om1@group-C5BA1605619E-LeaderElection8] INFO  server.RaftServerConfigKeys (ConfUtils.java:logGet(46)) - raft.server.write.element-limit = 4096 (default)
2023-09-13 16:04:22,055 [om1@group-C5BA1605619E-LeaderElection8] INFO  server.RaftServerConfigKeys (ConfUtils.java:logGet(46)) - raft.server.write.follower.gap.ratio.max = -1.0 (default)
2023-09-13 16:04:22,056 [om1@group-C5BA1605619E-LeaderElection8] INFO  impl.RoleInfo (RoleInfo.java:updateAndGet(139)) - om1: start om1@group-C5BA1605619E-LeaderStateImpl
2023-09-13 16:04:22,056 [om1@group-C5BA1605619E-LeaderElection8] INFO  segmented.SegmentedRaftLogWorker (SegmentedRaftLogWorker.java:startLogSegment(447)) - om1@group-C5BA1605619E-SegmentedRaftLogWorker: Starting segment from index:0
2023-09-13 16:04:22,060 [om1@group-C5BA1605619E-LeaderElection8] INFO  server.RaftServer$Division (ServerState.java:setRaftConf(434)) - om1@group-C5BA1605619E: set configuration 0: peers:[om1|rpc:0.0.0.0:9872|admin:|client:|dataStream:|priority:0|startupRole:FOLLOWER]|listeners:[], old=null
2023-09-13 16:04:22,072 [om1@group-C5BA1605619E-SegmentedRaftLogWorker] INFO  segmented.SegmentedRaftLogWorker (SegmentedRaftLogWorker.java:execute(651)) - om1@group-C5BA1605619E-SegmentedRaftLogWorker: created new log segment /tmp/junit8964179174690699284/ratis/bf265839-605b-3f16-9796-c5ba1605619e/current/log_inprogress_0
2023-09-13 16:04:22,076 [om1@group-C5BA1605619E-StateMachineUpdater] INFO  ratis.OzoneManagerStateMachine (OzoneManagerStateMachine.java:notifyConfigurationChanged(202)) - Received Configuration change notification from Ratis. New Peer list:
[id: "om1"
address: "0.0.0.0:9872"
startupRole: FOLLOWER
]
2023-09-13 16:04:22,932 [main] INFO  service.TestOpenKeyCleanupService (TestOpenKeyCleanupService.java:testExcludeMPUOpenKeys(208)) - numDEFMpuKeys=0, numFSOMpuKeys=8
2023-09-13 16:04:23,033 [main] INFO  service.TestOpenKeyCleanupService (TestOpenKeyCleanupService.java:testExcludeMPUOpenKeys(219)) - oldMpuKeyCount=0, oldMpuRunCount=18
2023-09-13 16:04:23,057 [OM StateMachine ApplyTransaction Thread - 0] WARN  helpers.QuotaUtil (QuotaUtil.java:getReplicatedSize(63)) - Unknown replication type 'STAND_ALONE'. Returning original data size.
2023-09-13 16:04:23,064 [OM StateMachine ApplyTransaction Thread - 0] WARN  helpers.QuotaUtil (QuotaUtil.java:getReplicatedSize(63)) - Unknown replication type 'STAND_ALONE'. Returning original data size.
2023-09-13 16:04:23,069 [OM StateMachine ApplyTransaction Thread - 0] WARN  helpers.QuotaUtil (QuotaUtil.java:getReplicatedSize(63)) - Unknown replication type 'STAND_ALONE'. Returning original data size.
2023-09-13 16:04:23,074 [OM StateMachine ApplyTransaction Thread - 0] WARN  helpers.QuotaUtil (QuotaUtil.java:getReplicatedSize(63)) - Unknown replication type 'STAND_ALONE'. Returning original data size.
2023-09-13 16:04:23,080 [OM StateMachine ApplyTransaction Thread - 0] WARN  helpers.QuotaUtil (QuotaUtil.java:getReplicatedSize(63)) - Unknown replication type 'STAND_ALONE'. Returning original data size.
2023-09-13 16:04:23,095 [OM StateMachine ApplyTransaction Thread - 0] WARN  helpers.QuotaUtil (QuotaUtil.java:getReplicatedSize(63)) - Unknown replication type 'STAND_ALONE'. Returning original data size.
2023-09-13 16:04:23,100 [OM StateMachine ApplyTransaction Thread - 0] WARN  helpers.QuotaUtil (QuotaUtil.java:getReplicatedSize(63)) - Unknown replication type 'STAND_ALONE'. Returning original data size.
2023-09-13 16:04:23,105 [OM StateMachine ApplyTransaction Thread - 0] WARN  helpers.QuotaUtil (QuotaUtil.java:getReplicatedSize(63)) - Unknown replication type 'STAND_ALONE'. Returning original data size.
2023-09-13 16:04:23,112 [OM StateMachine ApplyTransaction Thread - 0] WARN  helpers.QuotaUtil (QuotaUtil.java:getReplicatedSize(63)) - Unknown replication type 'STAND_ALONE'. Returning original data size.
2023-09-13 16:04:23,119 [OM StateMachine ApplyTransaction Thread - 0] WARN  helpers.QuotaUtil (QuotaUtil.java:getReplicatedSize(63)) - Unknown replication type 'STAND_ALONE'. Returning original data size.
2023-09-13 16:04:23,123 [OM StateMachine ApplyTransaction Thread - 0] WARN  helpers.QuotaUtil (QuotaUtil.java:getReplicatedSize(63)) - Unknown replication type 'STAND_ALONE'. Returning original data size.
2023-09-13 16:04:23,128 [OM StateMachine ApplyTransaction Thread - 0] WARN  helpers.QuotaUtil (QuotaUtil.java:getReplicatedSize(63)) - Unknown replication type 'STAND_ALONE'. Returning original data size.
2023-09-13 16:04:23,132 [OM StateMachine ApplyTransaction Thread - 0] WARN  helpers.QuotaUtil (QuotaUtil.java:getReplicatedSize(63)) - Unknown replication type 'STAND_ALONE'. Returning original data size.
2023-09-13 16:04:23,144 [OM StateMachine ApplyTransaction Thread - 0] WARN  helpers.QuotaUtil (QuotaUtil.java:getReplicatedSize(63)) - Unknown replication type 'STAND_ALONE'. Returning original data size.
2023-09-13 16:04:23,149 [OM StateMachine ApplyTransaction Thread - 0] WARN  helpers.QuotaUtil (QuotaUtil.java:getReplicatedSize(63)) - Unknown replication type 'STAND_ALONE'. Returning original data size.
2023-09-13 16:04:23,153 [OM StateMachine ApplyTransaction Thread - 0] WARN  helpers.QuotaUtil (QuotaUtil.java:getReplicatedSize(63)) - Unknown replication type 'STAND_ALONE'. Returning original data size.
2023-09-13 16:04:23,157 [OM StateMachine ApplyTransaction Thread - 0] WARN  helpers.QuotaUtil (QuotaUtil.java:getReplicatedSize(63)) - Unknown replication type 'STAND_ALONE'. Returning original data size.
2023-09-13 16:04:23,165 [OM StateMachine ApplyTransaction Thread - 0] WARN  helpers.QuotaUtil (QuotaUtil.java:getReplicatedSize(63)) - Unknown replication type 'STAND_ALONE'. Returning original data size.
2023-09-13 16:04:23,567 [main] INFO  om.OzoneManager (OzoneManager.java:stop(2207)) - om1[0.0.0.0:9862]: Stopping Ozone Manager
2023-09-13 16:04:23,567 [main] INFO  ipc.Server (Server.java:stop(3523)) - Stopping server on 9862
2023-09-13 16:04:23,569 [IPC Server listener on 9862] INFO  ipc.Server (Server.java:run(1434)) - Stopping IPC Server listener on 9862
2023-09-13 16:04:23,572 [IPC Server Responder] INFO  ipc.Server (Server.java:run(1567)) - Stopping IPC Server Responder
2023-09-13 16:04:27,589 [main] INFO  om.GrpcOzoneManagerServer (GrpcOzoneManagerServer.java:stop(192)) - Server GrpcOzoneManagerServer is shutdown
2023-09-13 16:04:27,590 [main] INFO  server.RaftServer (RaftServerProxy.java:lambda$close$6(416)) - om1: close
2023-09-13 16:04:27,591 [main] INFO  server.GrpcService (GrpcService.java:closeImpl(311)) - om1: shutdown server GrpcServerProtocolService now
2023-09-13 16:04:27,591 [om1-impl-thread1] INFO  server.RaftServer$Division (RaftServerImpl.java:lambda$close$4(466)) - om1@group-C5BA1605619E: shutdown
2023-09-13 16:04:27,591 [om1-impl-thread1] INFO  util.JmxRegister (JmxRegister.java:unregister(73)) - Successfully un-registered JMX Bean with object name Ratis:service=RaftServer,group=group-C5BA1605619E,id=om1
2023-09-13 16:04:27,591 [om1-impl-thread1] INFO  impl.RoleInfo (RoleInfo.java:shutdownLeaderState(93)) - om1: shutdown om1@group-C5BA1605619E-LeaderStateImpl
2023-09-13 16:04:27,591 [om1-impl-thread1] INFO  impl.PendingRequests (PendingRequests.java:sendNotLeaderResponses(289)) - om1@group-C5BA1605619E-PendingRequests: sendNotLeaderResponses
2023-09-13 16:04:27,593 [main] INFO  server.GrpcService (GrpcService.java:closeImpl(320)) - om1: shutdown server GrpcServerProtocolService successfully
2023-09-13 16:04:27,593 [om1@group-C5BA1605619E-StateMachineUpdater] INFO  ratis.OzoneManagerStateMachine (OzoneManagerStateMachine.java:takeSnapshot(480)) - Current Snapshot Index (t:1, i:88)
2023-09-13 16:04:27,593 [om1-impl-thread1] INFO  impl.StateMachineUpdater (StateMachineUpdater.java:stopAndJoin(155)) - om1@group-C5BA1605619E-StateMachineUpdater: set stopIndex = 88
2023-09-13 16:04:27,609 [om1@group-C5BA1605619E-StateMachineUpdater] INFO  impl.StateMachineUpdater (StateMachineUpdater.java:takeSnapshot(291)) - om1@group-C5BA1605619E-StateMachineUpdater: Took a snapshot at index 88
2023-09-13 16:04:27,609 [om1@group-C5BA1605619E-StateMachineUpdater] INFO  impl.StateMachineUpdater (StateMachineUpdater.java:lambda$new$0(97)) - om1@group-C5BA1605619E-StateMachineUpdater: snapshotIndex: updateIncreasingly -1 -> 88
2023-09-13 16:04:27,609 [om1@group-C5BA1605619E-StateMachineUpdater] INFO  ratis.OzoneManagerStateMachine (OzoneManagerStateMachine.java:close(534)) - StateMachine has shutdown. Shutdown OzoneManager if not already shutdown.
2023-09-13 16:04:27,609 [om1@group-C5BA1605619E-StateMachineUpdater] INFO  ratis.OzoneManagerDoubleBuffer (OzoneManagerDoubleBuffer.java:stopDaemon(551)) - Stopping OMDoubleBuffer flush thread
2023-09-13 16:04:27,609 [OMDoubleBufferFlushThread] INFO  ratis.OzoneManagerDoubleBuffer (OzoneManagerDoubleBuffer.java:canFlush(638)) - OMDoubleBuffer flush thread OMDoubleBufferFlushThread is interrupted and will exit.
2023-09-13 16:04:27,611 [om1-impl-thread1] INFO  server.RaftServer$Division (ServerState.java:close(472)) - om1@group-C5BA1605619E: closes. applyIndex: 88
2023-09-13 16:04:28,167 [om1-impl-thread1] INFO  segmented.SegmentedRaftLogWorker (SegmentedRaftLogWorker.java:close(252)) - om1@group-C5BA1605619E-SegmentedRaftLogWorker close()
2023-09-13 16:04:28,168 [JvmPauseMonitor7] INFO  util.JvmPauseMonitor (JvmPauseMonitor.java:run(109)) - JvmPauseMonitor-om1: Stopped
2023-09-13 16:04:28,168 [main] INFO  ratis.OzoneManagerStateMachine (OzoneManagerStateMachine.java:close(534)) - StateMachine has shutdown. Shutdown OzoneManager if not already shutdown.
2023-09-13 16:04:28,168 [main] INFO  ratis.OzoneManagerDoubleBuffer (OzoneManagerDoubleBuffer.java:stopDaemon(560)) - OMDoubleBuffer flush thread is not running.
2023-09-13 16:04:28,169 [main] INFO  utils.BackgroundService (BackgroundService.java:shutdown(141)) - Shutting down service KeyDeletingService
2023-09-13 16:04:28,169 [main] INFO  utils.BackgroundService (BackgroundService.java:shutdown(141)) - Shutting down service KeyDeletingService
2023-09-13 16:04:28,169 [main] INFO  utils.BackgroundService (BackgroundService.java:shutdown(141)) - Shutting down service OpenKeyCleanupService
2023-09-13 16:04:28,170 [main] INFO  utils.BackgroundService (BackgroundService.java:shutdown(141)) - Shutting down service SstFilteringService
2023-09-13 16:04:28,170 [main] INFO  utils.BackgroundService (BackgroundService.java:shutdown(141)) - Shutting down service SnapshotDeletingService
2023-09-13 16:04:28,170 [main] INFO  om.OzoneManager (OzoneManager.java:stopSecretManager(1071)) - Stopping OM delegation token secret manager.
2023-09-13 16:04:28,171 [main] INFO  handler.ContextHandler (ContextHandler.java:doStop(1159)) - Stopped o.e.j.w.WebAppContext@296c2483{ozoneManager,/,null,STOPPED}{file:/home/runner/work/ozone/ozone/hadoop-ozone/ozone-manager/target/classes/webapps/ozoneManager}
2023-09-13 16:04:28,172 [main] INFO  server.AbstractConnector (AbstractConnector.java:doStop(383)) - Stopped ServerConnector@612deab0{HTTP/1.1, (http/1.1)}{0.0.0.0:9874}
2023-09-13 16:04:28,172 [main] INFO  server.session (HouseKeeper.java:stopScavenging(149)) - node0 Stopped scavenging
2023-09-13 16:04:28,172 [main] INFO  handler.ContextHandler (ContextHandler.java:doStop(1159)) - Stopped o.e.j.s.ServletContextHandler@6674f28a{static,/static,file:///home/runner/work/ozone/ozone/hadoop-ozone/ozone-manager/target/classes/webapps/static,STOPPED}
2023-09-13 16:04:28,173 [main] INFO  handler.ContextHandler (ContextHandler.java:doStop(1159)) - Stopped o.e.j.s.ServletContextHandler@5a208e17{logs,/logs,file:///home/runner/work/ozone/ozone/hadoop-ozone/ozone-manager/target/log,STOPPED}
2023-09-13 16:04:28,174 [main] INFO  rocksdiff.RocksDBCheckpointDiffer (RocksDBCheckpointDiffer.java:close(343)) - Shutting down CompactionDagPruningService.
2023-09-13 16:04:28,175 [main] INFO  snapshot.SnapshotDiffManager (SnapshotDiffManager.java:closeExecutorService(1706)) - Shutting down executorService: 'SnapDiffExecutor'
2023-09-13 16:04:28,176 [main] INFO  snapshot.SnapshotDiffManager (SnapshotDiffManager.java:closeExecutorService(1706)) - Shutting down executorService: 'SstDumpToolExecutor'
2023-09-13 16:04:28,176 [main] INFO  utils.BackgroundService (BackgroundService.java:shutdown(141)) - Shutting down service SnapshotDiffCleanupService
]]></system-out>
  </testcase>
  <testcase name="testExcludeMPUOpenKeys(int, int)[3]" classname="org.apache.hadoop.ozone.om.service.TestOpenKeyCleanupService" time="11.847">
    <system-out><![CDATA[2023-09-13 16:04:28,193 [main] WARN  server.ServerUtils (ServerUtils.java:getDBPath(311)) - ozone.om.db.dirs is not configured. We recommend adding this setting. Falling back to ozone.metadata.dirs instead.
2023-09-13 16:04:28,195 [main] INFO  ha.OMHANodeDetails (OMHANodeDetails.java:loadOMHAConfig(115)) - ozone.om.internal.service.id is not defined, falling back to ozone.om.service.ids to find serviceID for OzoneManager if it is HA enabled cluster
2023-09-13 16:04:28,195 [main] INFO  ha.OMHANodeDetails (OMHANodeDetails.java:loadOMHAConfig(226)) - Configuration does not have ozone.om.address set. Falling back to the default OM address /0.0.0.0:9862
2023-09-13 16:04:28,195 [main] INFO  ha.OMHANodeDetails (OMHANodeDetails.java:getOMNodeDetailsForNonHA(254)) - OM Service ID is not set. Setting it to the default ID: omServiceIdDefault
2023-09-13 16:04:28,196 [main] INFO  ha.OMHANodeDetails (OMHANodeDetails.java:getOMNodeDetailsForNonHA(261)) - OM Node ID is not set. Setting it to the default ID: om1
2023-09-13 16:04:28,196 [main] WARN  server.ServerUtils (ServerUtils.java:getDBPath(311)) - ozone.om.db.dirs is not configured. We recommend adding this setting. Falling back to ozone.metadata.dirs instead.
2023-09-13 16:04:28,197 [main] INFO  upgrade.AbstractLayoutVersionManager (AbstractLayoutVersionManager.java:init(83)) - Initializing Layout version manager with metadata layout = QUOTA (version = 6), software layout = QUOTA (version = 6)
2023-09-13 16:04:28,224 [main] INFO  reflections.Reflections (Reflections.java:scan(232)) - Reflections took 25 ms to scan 2 urls, producing 187 keys and 515 values [using 2 cores]
2023-09-13 16:04:28,224 [main] INFO  upgrade.OMLayoutVersionManager (OMLayoutVersionManager.java:lambda$0(115)) - Skipping Upgrade Action QuotaRepairUpgradeAction since it has been finalized.
2023-09-13 16:04:28,224 [main] INFO  upgrade.OMLayoutVersionManager (OMLayoutVersionManager.java:lambda$0(115)) - Skipping Upgrade Action MockOmUpgradeAction since it has been finalized.
2023-09-13 16:04:28,224 [main] WARN  server.ServerUtils (ServerUtils.java:getDBPath(311)) - ozone.om.db.dirs is not configured. We recommend adding this setting. Falling back to ozone.metadata.dirs instead.
2023-09-13 16:04:28,226 [main] INFO  proxy.SCMBlockLocationFailoverProxyProvider (SCMBlockLocationFailoverProxyProvider.java:<init>(114)) - Created block location fail-over proxy with 1 nodes: [nodeId=scmNodeId,nodeAddress=/127.0.0.1:9863]
2023-09-13 16:04:28,230 [main] INFO  om.OzoneManager (OzoneManager.java:<init>(665)) - OM start with adminUsers: [runner]
2023-09-13 16:04:28,231 [main] WARN  server.ServerUtils (ServerUtils.java:getDBPath(311)) - ozone.om.db.dirs is not configured. We recommend adding this setting. Falling back to ozone.metadata.dirs instead.
2023-09-13 16:04:28,232 [main] INFO  helpers.OmKeyInfo (OmKeyInfo.java:getCodec(71)) - OmKeyInfo.getCodec ignorePipeline = true
2023-09-13 16:04:28,396 [main] INFO  om.OzoneManager (OzoneManager.java:instantiateServices(794)) - S3 Multi-Tenancy is disabled
2023-09-13 16:04:28,397 [main] INFO  security.OzoneSecretStore (OzoneSecretStore.java:loadState(69)) - Loaded 0 tokens
2023-09-13 16:04:28,397 [main] INFO  security.OzoneDelegationTokenSecretManager (OzoneDelegationTokenSecretManager.java:loadTokenSecretState(530)) - Loading token state into token manager.
2023-09-13 16:04:28,397 [main] INFO  om.OmSnapshotManager (OmSnapshotManager.java:<init>(174)) - Ozone filesystem snapshot feature is enabled.
2023-09-13 16:04:28,398 [main] WARN  server.ServerUtils (ServerUtils.java:getDBPath(311)) - ozone.om.snapshot.diff.db.dir is not configured. We recommend adding this setting. Falling back to ozone.metadata.dirs instead.
2023-09-13 16:04:28,420 [main] INFO  snapshot.SnapshotDiffManager (SnapshotDiffManager.java:closeExecutorService(1706)) - Shutting down executorService: 'SstDumpToolExecutor'
2023-09-13 16:04:28,421 [main] INFO  om.OzoneManager (OzoneManager.java:addS3GVolumeToDB(4305)) - Created Volume s3v With Owner runner required for S3Gateway operations.
2023-09-13 16:04:28,422 [main] WARN  server.ServerUtils (ServerUtils.java:getDefaultRatisDirectory(323)) - Storage directory for Ratis is not configured. It is a good idea to map this to an SSD disk. Falling back to ozone.metadata.dirs
2023-09-13 16:04:28,422 [main] WARN  utils.OzoneManagerRatisUtils (OzoneManagerRatisUtils.java:getOMRatisSnapshotDirectory(464)) - ozone.om.ratis.snapshot.dir is not configured. Falling back to ozone.metadata.dirs config
2023-09-13 16:04:28,422 [main] WARN  server.ServerUtils (ServerUtils.java:getDefaultRatisDirectory(323)) - Storage directory for Ratis is not configured. It is a good idea to map this to an SSD disk. Falling back to ozone.metadata.dirs
2023-09-13 16:04:28,424 [main] INFO  ratis.OzoneManagerRatisServer (OzoneManagerRatisServer.java:<init>(163)) - Instantiating OM Ratis server with groupID: omServiceIdDefault and peers: 0.0.0.0:9872
2023-09-13 16:04:28,424 [main] INFO  ratis.OzoneManagerStateMachine (OzoneManagerStateMachine.java:loadSnapshotInfoFromDB(687)) - LastAppliedIndex is set from TransactionInfo from OM DB as (t:0, i:~)
2023-09-13 16:04:28,424 [main] INFO  server.RaftServer (ConfUtils.java:logGet(46)) - raft.rpc.type = GRPC (default)
2023-09-13 16:04:28,425 [main] INFO  grpc.GrpcConfigKeys (ConfUtils.java:logFallback(53)) - raft.grpc.admin.host = null (fallback to raft.grpc.server.host)
2023-09-13 16:04:28,425 [main] INFO  grpc.GrpcConfigKeys (ConfUtils.java:logFallback(53)) - raft.grpc.admin.port = 9872 (fallback to raft.grpc.server.port)
2023-09-13 16:04:28,425 [main] INFO  grpc.GrpcConfigKeys (ConfUtils.java:logFallback(53)) - raft.grpc.client.host = null (fallback to raft.grpc.server.host)
2023-09-13 16:04:28,425 [main] INFO  grpc.GrpcConfigKeys (ConfUtils.java:logFallback(53)) - raft.grpc.client.port = 9872 (fallback to raft.grpc.server.port)
2023-09-13 16:04:28,425 [main] INFO  grpc.GrpcConfigKeys (ConfUtils.java:logGet(46)) - raft.grpc.server.host = null (default)
2023-09-13 16:04:28,425 [main] INFO  grpc.GrpcConfigKeys (ConfUtils.java:logGet(46)) - raft.grpc.server.port = 9872 (custom)
2023-09-13 16:04:28,426 [main] INFO  server.GrpcService (ConfUtils.java:logGet(46)) - raft.grpc.message.size.max = 33554432 (custom)
2023-09-13 16:04:28,426 [main] INFO  server.RaftServerConfigKeys (ConfUtils.java:logGet(46)) - raft.server.log.appender.buffer.byte-limit = 33554432 (custom)
2023-09-13 16:04:28,426 [main] INFO  server.GrpcService (ConfUtils.java:logGet(46)) - raft.grpc.flow.control.window = 1MB (=1048576) (default)
2023-09-13 16:04:28,426 [main] INFO  server.RaftServerConfigKeys (ConfUtils.java:logGet(46)) - raft.server.rpc.request.timeout = 3000ms (default)
2023-09-13 16:04:28,426 [main] INFO  grpc.GrpcConfigKeys (ConfUtils.java:logGet(46)) - raft.grpc.server.heartbeat.channel = true (default)
2023-09-13 16:04:28,426 [main] INFO  grpc.GrpcConfigKeys (ConfUtils.java:logGet(46)) - raft.grpc.server.async.request.thread.pool.cached = true (default)
2023-09-13 16:04:28,427 [main] INFO  grpc.GrpcConfigKeys (ConfUtils.java:logGet(46)) - raft.grpc.server.async.request.thread.pool.size = 32 (default)
2023-09-13 16:04:28,428 [main] INFO  impl.DataStreamServerImpl (ConfUtils.java:logGet(46)) - raft.datastream.type = DISABLED (default)
2023-09-13 16:04:28,429 [main] INFO  server.RaftServerConfigKeys (ConfUtils.java:logGet(46)) - raft.server.threadpool.proxy.cached = true (default)
2023-09-13 16:04:28,429 [main] INFO  server.RaftServerConfigKeys (ConfUtils.java:logGet(46)) - raft.server.threadpool.proxy.size = 0 (default)
2023-09-13 16:04:28,429 [main] INFO  server.RaftServerConfigKeys (ConfUtils.java:logGet(46)) - raft.server.rpc.slowness.timeout = 120s (custom)
2023-09-13 16:04:28,429 [main] INFO  server.RaftServerConfigKeys (ConfUtils.java:logGet(46)) - raft.server.leaderelection.leader.step-down.wait-time = 10s (default)
2023-09-13 16:04:28,429 [main] INFO  server.RaftServerConfigKeys (ConfUtils.java:logGet(46)) - raft.server.storage.dir = [/tmp/junit2022431873860022546/ratis] (custom)
2023-09-13 16:04:28,430 [main] INFO  server.RaftServer (RaftServerProxy.java:addNew(98)) - om1: addNew group-C5BA1605619E:[om1|rpc:0.0.0.0:9872|priority:0|startupRole:FOLLOWER] returns group-C5BA1605619E:java.util.concurrent.CompletableFuture@f979195[Not completed]
2023-09-13 16:04:28,430 [main] INFO  om.OzoneManager (OzoneManager.java:initializeRatisServer(2148)) - OzoneManager Ratis server initialized at port 9872
2023-09-13 16:04:28,430 [om1-groupManagement] INFO  server.RaftServer$Division (RaftServerImpl.java:<init>(198)) - om1: new RaftServerImpl for group-C5BA1605619E:[om1|rpc:0.0.0.0:9872|priority:0|startupRole:FOLLOWER] with OzoneManagerStateMachine:uninitialized
2023-09-13 16:04:28,430 [main] INFO  om.OzoneManager (OzoneManager.java:getRpcServer(1196)) - Creating RPC Server
2023-09-13 16:04:28,430 [om1-groupManagement] INFO  server.RaftServerConfigKeys (ConfUtils.java:logGet(46)) - raft.server.rpc.timeout.min = 5s (custom)
2023-09-13 16:04:28,432 [om1-groupManagement] INFO  server.RaftServerConfigKeys (ConfUtils.java:logGet(46)) - raft.server.rpc.timeout.max = 5200ms (custom)
2023-09-13 16:04:28,432 [om1-groupManagement] INFO  server.RaftServerConfigKeys (ConfUtils.java:logGet(46)) - raft.server.rpc.sleep.time = 25ms (default)
2023-09-13 16:04:28,432 [om1-groupManagement] INFO  server.RaftServerConfigKeys (ConfUtils.java:logGet(46)) - raft.server.rpc.slowness.timeout = 120s (custom)
2023-09-13 16:04:28,432 [om1-groupManagement] INFO  server.RaftServerConfigKeys (ConfUtils.java:logGet(46)) - raft.server.leaderelection.leader.step-down.wait-time = 10s (default)
2023-09-13 16:04:28,432 [om1-groupManagement] INFO  server.RaftServerConfigKeys (ConfUtils.java:logGet(46)) - raft.server.sleep.deviation.threshold = 300ms (default)
2023-09-13 16:04:28,432 [om1-groupManagement] INFO  server.RaftServer$Division (ServerState.java:<init>(120)) - om1@group-C5BA1605619E: ConfigurationManager, init=-1: peers:[om1|rpc:0.0.0.0:9872|priority:0|startupRole:FOLLOWER]|listeners:[], old=null, confs=<EMPTY_MAP>
2023-09-13 16:04:28,432 [om1-groupManagement] INFO  server.RaftServerConfigKeys (ConfUtils.java:logGet(46)) - raft.server.storage.dir = [/tmp/junit2022431873860022546/ratis] (custom)
2023-09-13 16:04:28,432 [om1-groupManagement] INFO  server.RaftServerConfigKeys (ConfUtils.java:logGet(46)) - raft.server.log.corruption.policy = EXCEPTION (default)
2023-09-13 16:04:28,432 [om1-groupManagement] INFO  server.RaftServerConfigKeys (ConfUtils.java:logGet(46)) - raft.server.storage.free-space.min = 0MB (=0) (default)
2023-09-13 16:04:28,432 [om1-groupManagement] INFO  server.RaftServerConfigKeys (ConfUtils.java:logGet(46)) - raft.server.notification.no-leader.timeout = 120s (custom)
2023-09-13 16:04:28,432 [om1-groupManagement] INFO  server.RaftServerConfigKeys (ConfUtils.java:logGet(46)) - raft.server.read.timeout = 10s (default)
2023-09-13 16:04:28,432 [om1-groupManagement] INFO  server.RaftServerConfigKeys (ConfUtils.java:logGet(46)) - raft.server.retrycache.expirytime = 300s (custom)
2023-09-13 16:04:28,432 [om1-groupManagement] INFO  server.RaftServerConfigKeys (ConfUtils.java:logGet(46)) - raft.server.retrycache.statistics.expirytime = 100μs (default)
2023-09-13 16:04:28,433 [om1-groupManagement] INFO  server.RaftServerConfigKeys (ConfUtils.java:logGet(46)) - raft.server.read.option = DEFAULT (default)
2023-09-13 16:04:28,433 [om1-groupManagement] INFO  server.RaftServerConfigKeys (ConfUtils.java:logGet(46)) - raft.server.rpc.request.timeout = 3000ms (default)
2023-09-13 16:04:28,433 [om1-groupManagement] INFO  server.RaftServerConfigKeys (ConfUtils.java:logGet(46)) - raft.server.log.appender.install.snapshot.enabled = false (custom)
2023-09-13 16:04:28,434 [om1-groupManagement] INFO  server.RaftServerConfigKeys (ConfUtils.java:logGet(46)) - raft.server.threadpool.server.cached = true (default)
2023-09-13 16:04:28,434 [om1-groupManagement] INFO  server.RaftServerConfigKeys (ConfUtils.java:logGet(46)) - raft.server.threadpool.server.size = 0 (default)
2023-09-13 16:04:28,434 [om1-groupManagement] INFO  server.RaftServerConfigKeys (ConfUtils.java:logGet(46)) - raft.server.threadpool.client.cached = true (default)
2023-09-13 16:04:28,434 [om1-groupManagement] INFO  server.RaftServerConfigKeys (ConfUtils.java:logGet(46)) - raft.server.threadpool.client.size = 0 (default)
2023-09-13 16:04:28,641 [main] INFO  reflections.Reflections (Reflections.java:scan(232)) - Reflections took 207 ms to scan 12 urls, producing 50 keys and 2980 values [using 2 cores]
2023-09-13 16:04:28,643 [main] INFO  ipc.CallQueueManager (CallQueueManager.java:<init>(90)) - Using callQueue: class java.util.concurrent.LinkedBlockingQueue, queueCapacity: 10000, scheduler: class org.apache.hadoop.ipc.DefaultRpcScheduler, ipcBackoff: false.
2023-09-13 16:04:28,643 [main] INFO  ipc.Server (Server.java:<init>(1287)) - Listener at 0.0.0.0:9862
2023-09-13 16:04:28,644 [Socket Reader #1 for port 9862] INFO  ipc.Server (Server.java:run(1323)) - Starting Socket Reader #1 for port 9862
2023-09-13 16:04:28,661 [main] INFO  impl.MetricsSystemImpl (MetricsSystemImpl.java:init(158)) - OzoneManager metrics system started (again)
2023-09-13 16:04:28,668 [main] INFO  om.OzoneManager (OzoneManager.java:start(1633)) - OzoneManager RPC server is listening at /0.0.0.0:9862
2023-09-13 16:04:28,668 [main] INFO  ratis.OzoneManagerRatisServer (OzoneManagerRatisServer.java:start(558)) - Starting OzoneManagerRatisServer om1 at port 9872
2023-09-13 16:04:28,668 [om1-impl-thread1] INFO  storage.RaftStorageDirectory (RaftStorageDirectoryImpl.java:analyzeStorage(137)) - The storage directory /tmp/junit2022431873860022546/ratis/bf265839-605b-3f16-9796-c5ba1605619e does not exist. Creating ...
2023-09-13 16:04:28,669 [om1-impl-thread1] INFO  storage.RaftStorageDirectory (RaftStorageDirectoryImpl.java:tryLock(231)) - Lock on /tmp/junit2022431873860022546/ratis/bf265839-605b-3f16-9796-c5ba1605619e/in_use.lock acquired by nodename 188718@fv-az937-94
2023-09-13 16:04:28,670 [om1-impl-thread1] INFO  storage.RaftStorage (RaftStorageImpl.java:format(96)) - Storage directory /tmp/junit2022431873860022546/ratis/bf265839-605b-3f16-9796-c5ba1605619e has been successfully formatted.
2023-09-13 16:04:28,671 [om1-impl-thread1] INFO  server.RaftServerConfigKeys (ConfUtils.java:logGet(46)) - raft.server.log.use.memory = false (default)
2023-09-13 16:04:28,671 [om1-impl-thread1] INFO  server.RaftServerConfigKeys (ConfUtils.java:logGet(46)) - raft.server.log.purge.gap = 1000000 (custom)
2023-09-13 16:04:28,671 [om1-impl-thread1] INFO  server.RaftServerConfigKeys (ConfUtils.java:logGet(46)) - raft.server.log.appender.buffer.byte-limit = 33554432 (custom)
2023-09-13 16:04:28,671 [om1-impl-thread1] INFO  server.RaftServerConfigKeys (ConfUtils.java:logGet(46)) - raft.server.log.statemachine.data.read.timeout = 1000ms (default)
2023-09-13 16:04:28,671 [om1-impl-thread1] INFO  server.RaftServerConfigKeys (ConfUtils.java:logGet(46)) - raft.server.log.purge.preservation.log.num = 0 (default)
2023-09-13 16:04:28,671 [om1-impl-thread1] INFO  server.RaftServerConfigKeys (ConfUtils.java:logGet(46)) - raft.server.log.segment.size.max = 4194304 (custom)
2023-09-13 16:04:28,671 [om1-impl-thread1] INFO  server.RaftServerConfigKeys (ConfUtils.java:logGet(46)) - raft.server.log.segment.cache.num.max = 2 (custom)
2023-09-13 16:04:28,671 [om1-impl-thread1] INFO  server.RaftServerConfigKeys (ConfUtils.java:logGet(46)) - raft.server.log.segment.cache.size.max = 200MB (=209715200) (default)
2023-09-13 16:04:28,671 [om1-impl-thread1] INFO  server.RaftServerConfigKeys (ConfUtils.java:logGet(46)) - raft.server.log.appender.buffer.byte-limit = 33554432 (custom)
2023-09-13 16:04:28,671 [om1-impl-thread1] INFO  segmented.SegmentedRaftLogWorker (SegmentedRaftLogWorker.java:<init>(188)) - new om1@group-C5BA1605619E-SegmentedRaftLogWorker for RaftStorageImpl:Storage Directory /tmp/junit2022431873860022546/ratis/bf265839-605b-3f16-9796-c5ba1605619e
2023-09-13 16:04:28,671 [om1-impl-thread1] INFO  server.RaftServerConfigKeys (ConfUtils.java:logGet(46)) - raft.server.log.queue.byte-limit = 64MB (=67108864) (default)
2023-09-13 16:04:28,671 [om1-impl-thread1] INFO  server.RaftServerConfigKeys (ConfUtils.java:logGet(46)) - raft.server.log.queue.element-limit = 4096 (default)
2023-09-13 16:04:28,671 [om1-impl-thread1] INFO  server.RaftServerConfigKeys (ConfUtils.java:logGet(46)) - raft.server.log.segment.size.max = 4194304 (custom)
2023-09-13 16:04:28,671 [om1-impl-thread1] INFO  server.RaftServerConfigKeys (ConfUtils.java:logGet(46)) - raft.server.log.preallocated.size = 4194304 (custom)
2023-09-13 16:04:28,672 [om1-impl-thread1] INFO  server.RaftServerConfigKeys (ConfUtils.java:logGet(46)) - raft.server.log.force.sync.num = 128 (default)
2023-09-13 16:04:28,672 [om1-impl-thread1] INFO  server.RaftServerConfigKeys (ConfUtils.java:logGet(46)) - raft.server.log.statemachine.data.sync = true (default)
2023-09-13 16:04:28,672 [om1-impl-thread1] INFO  server.RaftServerConfigKeys (ConfUtils.java:logGet(46)) - raft.server.log.statemachine.data.sync.timeout = 10s (default)
2023-09-13 16:04:28,672 [om1-impl-thread1] INFO  server.RaftServerConfigKeys (ConfUtils.java:logGet(46)) - raft.server.log.statemachine.data.sync.timeout.retry = -1 (default)
2023-09-13 16:04:28,672 [om1-impl-thread1] INFO  server.RaftServerConfigKeys (ConfUtils.java:logGet(46)) - raft.server.log.write.buffer.size = 64KB (=65536) (default)
2023-09-13 16:04:28,672 [om1-impl-thread1] INFO  server.RaftServerConfigKeys (ConfUtils.java:logGet(46)) - raft.server.log.appender.buffer.byte-limit = 33554432 (custom)
2023-09-13 16:04:28,677 [om1-impl-thread1] INFO  server.RaftServerConfigKeys (ConfUtils.java:logGet(46)) - raft.server.log.unsafe-flush.enabled = false (default)
2023-09-13 16:04:28,677 [om1-impl-thread1] INFO  server.RaftServerConfigKeys (ConfUtils.java:logGet(46)) - raft.server.log.async-flush.enabled = false (default)
2023-09-13 16:04:28,677 [om1-impl-thread1] INFO  server.RaftServerConfigKeys (ConfUtils.java:logGet(46)) - raft.server.log.statemachine.data.caching.enabled = false (default)
2023-09-13 16:04:28,677 [om1-impl-thread1] INFO  segmented.SegmentedRaftLogWorker (SegmentedRaftLogWorker.java:lambda$new$0(135)) - om1@group-C5BA1605619E-SegmentedRaftLogWorker: flushIndex: setUnconditionally 0 -> -1
2023-09-13 16:04:28,677 [om1-impl-thread1] INFO  segmented.SegmentedRaftLogWorker (SegmentedRaftLogWorker.java:lambda$new$0(135)) - om1@group-C5BA1605619E-SegmentedRaftLogWorker: safeCacheEvictIndex: setUnconditionally 0 -> -1
2023-09-13 16:04:28,678 [om1-impl-thread1] INFO  server.RaftServer$Division (RaftServerImpl.java:start(342)) - om1@group-C5BA1605619E: start as a follower, conf=-1: peers:[om1|rpc:0.0.0.0:9872|priority:0|startupRole:FOLLOWER]|listeners:[], old=null
2023-09-13 16:04:28,678 [om1-impl-thread1] INFO  server.RaftServer$Division (RaftServerImpl.java:setRole(329)) - om1@group-C5BA1605619E: changes role from      null to FOLLOWER at term 0 for startAsFollower
2023-09-13 16:04:28,678 [om1-impl-thread1] INFO  impl.RoleInfo (RoleInfo.java:updateAndGet(139)) - om1: start om1@group-C5BA1605619E-FollowerState
2023-09-13 16:04:28,678 [om1@group-C5BA1605619E-FollowerState] INFO  server.RaftServerConfigKeys (ConfUtils.java:logFallback(53)) - raft.server.rpc.first-election.timeout.min = 5s (fallback to raft.server.rpc.timeout.min)
2023-09-13 16:04:28,678 [om1-impl-thread1] INFO  util.JmxRegister (JmxRegister.java:tryRegister(44)) - Successfully registered JMX Bean with object name Ratis:service=RaftServer,group=group-C5BA1605619E,id=om1
2023-09-13 16:04:28,678 [om1@group-C5BA1605619E-FollowerState] INFO  server.RaftServerConfigKeys (ConfUtils.java:logFallback(53)) - raft.server.rpc.first-election.timeout.max = 5200ms (fallback to raft.server.rpc.timeout.max)
2023-09-13 16:04:28,679 [om1-impl-thread1] INFO  server.RaftServerConfigKeys (ConfUtils.java:logGet(46)) - raft.server.snapshot.auto.trigger.enabled = true (custom)
2023-09-13 16:04:28,679 [om1-impl-thread1] INFO  server.RaftServerConfigKeys (ConfUtils.java:logGet(46)) - raft.server.snapshot.auto.trigger.threshold = 400000 (default)
2023-09-13 16:04:28,679 [om1-impl-thread1] INFO  server.RaftServerConfigKeys (ConfUtils.java:logGet(46)) - raft.server.snapshot.retention.file.num = -1 (default)
2023-09-13 16:04:28,679 [om1-impl-thread1] INFO  server.RaftServerConfigKeys (ConfUtils.java:logGet(46)) - raft.server.log.purge.upto.snapshot.index = true (custom)
2023-09-13 16:04:28,679 [main] INFO  server.RaftServer (RaftServerProxy.java:startImpl(400)) - om1: start RPC server
2023-09-13 16:04:28,683 [main] INFO  server.GrpcService (GrpcService.java:startImpl(302)) - om1: GrpcService started, listening on 9872
2023-09-13 16:04:28,683 [main] INFO  om.OzoneManager (OzoneManager.java:start(1649)) - Version File has different layout version (6) than OM DB (null). That is expected if this OM has never been finalized to a newer layout version.
2023-09-13 16:04:28,684 [JvmPauseMonitor8] INFO  util.JvmPauseMonitor (JvmPauseMonitor.java:run(103)) - JvmPauseMonitor-om1: Started
2023-09-13 16:04:28,689 [main] INFO  http.BaseHttpServer (BaseHttpServer.java:newHttpServer2BuilderForOzone(223)) - Starting Web-server for ozoneManager at: http://0.0.0.0:9874
2023-09-13 16:04:28,689 [main] INFO  http.BaseHttpServer (BaseHttpServer.java:<init>(110)) - Hadoop Security Enabled: false Ozone Security Enabled: false Ozone HTTP Security Enabled: false 
2023-09-13 16:04:28,691 [main] WARN  server.AuthenticationFilter (AuthenticationFilter.java:constructSecretProvider(240)) - Unable to initialize FileSignerSecretProvider, falling back to use random secrets. Reason: Could not read signature secret file: /home/runner/hadoop-http-auth-signature-secret
2023-09-13 16:04:28,691 [main] INFO  http.HttpRequestLog (HttpRequestLog.java:getRequestLog(86)) - Http request log for http.requests.ozoneManager is not defined
2023-09-13 16:04:28,693 [main] INFO  http.HttpServer2 (HttpServer2.java:addGlobalFilter(1031)) - Added global filter 'safety' (class=org.apache.hadoop.hdds.server.http.HttpServer2$QuotingInputFilter)
2023-09-13 16:04:28,693 [main] INFO  http.HttpServer2 (HttpServer2.java:addFilter(1007)) - Added filter static_user_filter (class=org.apache.hadoop.http.lib.StaticUserWebFilter$StaticUserFilter) to context ozoneManager
2023-09-13 16:04:28,693 [main] INFO  http.HttpServer2 (HttpServer2.java:addFilter(1015)) - Added filter static_user_filter (class=org.apache.hadoop.http.lib.StaticUserWebFilter$StaticUserFilter) to context logs
2023-09-13 16:04:28,694 [main] INFO  http.HttpServer2 (HttpServer2.java:addFilter(1015)) - Added filter static_user_filter (class=org.apache.hadoop.http.lib.StaticUserWebFilter$StaticUserFilter) to context static
2023-09-13 16:04:28,694 [main] INFO  http.BaseHttpServer (BaseHttpServer.java:<init>(189)) - HTTP server of ozoneManager uses base directory /tmp/junit2022431873860022546/webserver
2023-09-13 16:04:28,695 [main] INFO  http.HttpServer2 (HttpServer2.java:bindListener(1231)) - Jetty bound to port 9874
2023-09-13 16:04:28,695 [main] INFO  server.Server (Server.java:doStart(375)) - jetty-9.4.51.v20230217; built: 2023-02-17T08:19:37.309Z; git: b45c405e4544384de066f814ed42ae3dceacdd49; jvm 1.8.0_382-b05
2023-09-13 16:04:28,697 [main] INFO  server.session (DefaultSessionIdManager.java:doStart(334)) - DefaultSessionIdManager workerName=node0
2023-09-13 16:04:28,697 [main] INFO  server.session (DefaultSessionIdManager.java:doStart(339)) - No SessionScavenger set, using defaults
2023-09-13 16:04:28,697 [main] INFO  server.session (HouseKeeper.java:startScavenging(132)) - node0 Scavenging every 600000ms
2023-09-13 16:04:28,698 [main] INFO  handler.ContextHandler (ContextHandler.java:doStart(921)) - Started o.e.j.s.ServletContextHandler@5fd454f2{logs,/logs,file:///home/runner/work/ozone/ozone/hadoop-ozone/ozone-manager/target/log,AVAILABLE}
2023-09-13 16:04:28,698 [main] INFO  handler.ContextHandler (ContextHandler.java:doStart(921)) - Started o.e.j.s.ServletContextHandler@478a4f44{static,/static,file:///home/runner/work/ozone/ozone/hadoop-ozone/ozone-manager/target/classes/webapps/static,AVAILABLE}
2023-09-13 16:04:28,702 [main] INFO  handler.ContextHandler (ContextHandler.java:doStart(921)) - Started o.e.j.w.WebAppContext@37ab2edc{ozoneManager,/,file:///home/runner/work/ozone/ozone/hadoop-ozone/ozone-manager/target/classes/webapps/ozoneManager/,AVAILABLE}{file:/home/runner/work/ozone/ozone/hadoop-ozone/ozone-manager/target/classes/webapps/ozoneManager}
2023-09-13 16:04:28,702 [main] INFO  server.AbstractConnector (AbstractConnector.java:doStart(333)) - Started ServerConnector@45362e78{HTTP/1.1, (http/1.1)}{0.0.0.0:9874}
2023-09-13 16:04:28,703 [main] INFO  server.Server (Server.java:doStart(415)) - Started @110574ms
2023-09-13 16:04:28,703 [main] WARN  impl.MetricsSystemImpl (MetricsSystemImpl.java:register(279)) - Sink prometheus already exists!
2023-09-13 16:04:28,703 [main] INFO  http.BaseHttpServer (BaseHttpServer.java:updateConnectorAddress(354)) - HTTP server of ozoneManager listening at http://0.0.0.0:9874
2023-09-13 16:04:28,704 [IPC Server Responder] INFO  ipc.Server (Server.java:run(1562)) - IPC Server Responder: starting
2023-09-13 16:04:28,704 [IPC Server listener on 9862] INFO  ipc.Server (Server.java:run(1402)) - IPC Server listener on 9862: starting
2023-09-13 16:04:28,717 [main] INFO  om.OzoneManager (OzoneManager.java:startTrashEmptier(2101)) - Trash Interval set to 0. Files deleted won't move to trash
2023-09-13 16:04:28,720 [main] INFO  om.GrpcOzoneManagerServer (GrpcOzoneManagerServer.java:start(180)) - GrpcOzoneManagerServer is started using port 8981
2023-09-13 16:04:30,729 [main] INFO  retry.RetryInvocationHandler (RetryInvocationHandler.java:log(422)) - com.google.protobuf.ServiceException: org.apache.hadoop.ipc.RemoteException(org.apache.hadoop.ozone.om.exceptions.OMNotLeaderException): OM:om1 is not the leader. Could not determine the leader node.
	at org.apache.hadoop.ozone.protocolPB.OzoneManagerProtocolServerSideTranslatorPB.createNotLeaderException(OzoneManagerProtocolServerSideTranslatorPB.java:246)
	at org.apache.hadoop.ozone.protocolPB.OzoneManagerProtocolServerSideTranslatorPB.createLeaderErrorException(OzoneManagerProtocolServerSideTranslatorPB.java:234)
	at org.apache.hadoop.ozone.protocolPB.OzoneManagerProtocolServerSideTranslatorPB.submitReadRequestToOM(OzoneManagerProtocolServerSideTranslatorPB.java:227)
	at org.apache.hadoop.ozone.protocolPB.OzoneManagerProtocolServerSideTranslatorPB.processRequest(OzoneManagerProtocolServerSideTranslatorPB.java:179)
	at org.apache.hadoop.hdds.server.OzoneProtocolMessageDispatcher.processRequest(OzoneProtocolMessageDispatcher.java:87)
	at org.apache.hadoop.ozone.protocolPB.OzoneManagerProtocolServerSideTranslatorPB.submitRequest(OzoneManagerProtocolServerSideTranslatorPB.java:148)
	at org.apache.hadoop.ozone.protocol.proto.OzoneManagerProtocolProtos$OzoneManagerService$2.callBlockingMethod(OzoneManagerProtocolProtos.java)
	at org.apache.hadoop.ipc.ProtobufRpcEngine$Server.processCall(ProtobufRpcEngine.java:484)
	at org.apache.hadoop.ipc.ProtobufRpcEngine2$Server$ProtoBufRpcInvoker.call(ProtobufRpcEngine2.java:595)
	at org.apache.hadoop.ipc.ProtobufRpcEngine2$Server$ProtoBufRpcInvoker.call(ProtobufRpcEngine2.java:573)
	at org.apache.hadoop.ipc.RPC$Server.call(RPC.java:1227)
	at org.apache.hadoop.ipc.Server$RpcCall.run(Server.java:1094)
	at org.apache.hadoop.ipc.Server$RpcCall.run(Server.java:1017)
	at java.security.AccessController.doPrivileged(Native Method)
	at javax.security.auth.Subject.doAs(Subject.java:422)
	at org.apache.hadoop.security.UserGroupInformation.doAs(UserGroupInformation.java:1899)
	at org.apache.hadoop.ipc.Server$Handler.run(Server.java:3048)
, while invoking $Proxy66.submitRequest over nodeId=null,nodeAddress=0.0.0.0:9862 after 1 failover attempts. Trying to failover after sleeping for 4000ms. Current retry count: 1.
2023-09-13 16:04:33,843 [om1@group-C5BA1605619E-FollowerState] INFO  impl.FollowerState (FollowerState.java:run(143)) - om1@group-C5BA1605619E-FollowerState: change to CANDIDATE, lastRpcElapsedTime:5164710695ns, electionTimeout:5164ms
2023-09-13 16:04:33,843 [om1@group-C5BA1605619E-FollowerState] INFO  impl.RoleInfo (RoleInfo.java:shutdownFollowerState(110)) - om1: shutdown om1@group-C5BA1605619E-FollowerState
2023-09-13 16:04:33,843 [om1@group-C5BA1605619E-FollowerState] INFO  server.RaftServer$Division (RaftServerImpl.java:setRole(329)) - om1@group-C5BA1605619E: changes role from  FOLLOWER to CANDIDATE at term 0 for changeToCandidate
2023-09-13 16:04:33,843 [om1@group-C5BA1605619E-FollowerState] INFO  server.RaftServerConfigKeys (ConfUtils.java:logGet(46)) - raft.server.leaderelection.pre-vote = true (default)
2023-09-13 16:04:33,843 [om1@group-C5BA1605619E-FollowerState] INFO  impl.RoleInfo (RoleInfo.java:updateAndGet(139)) - om1: start om1@group-C5BA1605619E-LeaderElection9
2023-09-13 16:04:33,845 [om1@group-C5BA1605619E-LeaderElection9] INFO  impl.LeaderElection (LeaderElection.java:askForVotes(321)) - om1@group-C5BA1605619E-LeaderElection9 PRE_VOTE round 0: submit vote requests at term 0 for -1: peers:[om1|rpc:0.0.0.0:9872|priority:0|startupRole:FOLLOWER]|listeners:[], old=null
2023-09-13 16:04:33,845 [om1@group-C5BA1605619E-LeaderElection9] INFO  impl.LeaderElection (LeaderElection.java:askForVotes(323)) - om1@group-C5BA1605619E-LeaderElection9 PRE_VOTE round 0: result PASSED (term=0)
2023-09-13 16:04:33,846 [om1@group-C5BA1605619E-LeaderElection9] INFO  impl.LeaderElection (LeaderElection.java:askForVotes(321)) - om1@group-C5BA1605619E-LeaderElection9 ELECTION round 0: submit vote requests at term 1 for -1: peers:[om1|rpc:0.0.0.0:9872|priority:0|startupRole:FOLLOWER]|listeners:[], old=null
2023-09-13 16:04:33,846 [om1@group-C5BA1605619E-LeaderElection9] INFO  impl.LeaderElection (LeaderElection.java:askForVotes(323)) - om1@group-C5BA1605619E-LeaderElection9 ELECTION round 0: result PASSED (term=1)
2023-09-13 16:04:33,846 [om1@group-C5BA1605619E-LeaderElection9] INFO  impl.RoleInfo (RoleInfo.java:shutdownLeaderElection(130)) - om1: shutdown om1@group-C5BA1605619E-LeaderElection9
2023-09-13 16:04:33,846 [om1@group-C5BA1605619E-LeaderElection9] INFO  server.RaftServer$Division (RaftServerImpl.java:setRole(329)) - om1@group-C5BA1605619E: changes role from CANDIDATE to LEADER at term 1 for changeToLeader
2023-09-13 16:04:33,847 [om1@group-C5BA1605619E-LeaderElection9] INFO  server.RaftServer$Division (ServerState.java:setLeader(317)) - om1@group-C5BA1605619E: change Leader from null to om1 at term 1 for becomeLeader, leader elected after 5414ms
2023-09-13 16:04:33,847 [om1@group-C5BA1605619E-LeaderElection9] INFO  server.RaftServerConfigKeys (ConfUtils.java:logGet(46)) - raft.server.staging.catchup.gap = 1000 (default)
2023-09-13 16:04:33,847 [om1@group-C5BA1605619E-LeaderElection9] INFO  server.RaftServerConfigKeys (ConfUtils.java:logGet(46)) - raft.server.write.element-limit = 4096 (default)
2023-09-13 16:04:33,847 [om1@group-C5BA1605619E-LeaderElection9] INFO  server.RaftServerConfigKeys (ConfUtils.java:logGet(46)) - raft.server.write.byte-limit = 64MB (=67108864) (default)
2023-09-13 16:04:33,847 [om1@group-C5BA1605619E-LeaderElection9] INFO  server.RaftServerConfigKeys (ConfUtils.java:logGet(46)) - raft.server.watch.timeout = 10s (default)
2023-09-13 16:04:33,847 [om1@group-C5BA1605619E-LeaderElection9] INFO  server.RaftServerConfigKeys (ConfUtils.java:logGet(46)) - raft.server.watch.timeout.denomination = 1s (default)
2023-09-13 16:04:33,847 [om1@group-C5BA1605619E-LeaderElection9] INFO  server.RaftServerConfigKeys (ConfUtils.java:logGet(46)) - raft.server.watch.element-limit = 65536 (default)
2023-09-13 16:04:33,847 [om1@group-C5BA1605619E-LeaderElection9] INFO  server.RaftServerConfigKeys (ConfUtils.java:logGet(46)) - raft.server.write.element-limit = 4096 (default)
2023-09-13 16:04:33,847 [om1@group-C5BA1605619E-LeaderElection9] INFO  server.RaftServerConfigKeys (ConfUtils.java:logGet(46)) - raft.server.write.follower.gap.ratio.max = -1.0 (default)
2023-09-13 16:04:33,848 [om1@group-C5BA1605619E-LeaderElection9] INFO  impl.RoleInfo (RoleInfo.java:updateAndGet(139)) - om1: start om1@group-C5BA1605619E-LeaderStateImpl
2023-09-13 16:04:33,848 [om1@group-C5BA1605619E-LeaderElection9] INFO  segmented.SegmentedRaftLogWorker (SegmentedRaftLogWorker.java:startLogSegment(447)) - om1@group-C5BA1605619E-SegmentedRaftLogWorker: Starting segment from index:0
2023-09-13 16:04:33,851 [om1@group-C5BA1605619E-LeaderElection9] INFO  server.RaftServer$Division (ServerState.java:setRaftConf(434)) - om1@group-C5BA1605619E: set configuration 0: peers:[om1|rpc:0.0.0.0:9872|admin:|client:|dataStream:|priority:0|startupRole:FOLLOWER]|listeners:[], old=null
2023-09-13 16:04:33,859 [om1@group-C5BA1605619E-SegmentedRaftLogWorker] INFO  segmented.SegmentedRaftLogWorker (SegmentedRaftLogWorker.java:execute(651)) - om1@group-C5BA1605619E-SegmentedRaftLogWorker: created new log segment /tmp/junit2022431873860022546/ratis/bf265839-605b-3f16-9796-c5ba1605619e/current/log_inprogress_0
2023-09-13 16:04:33,860 [om1@group-C5BA1605619E-StateMachineUpdater] INFO  ratis.OzoneManagerStateMachine (OzoneManagerStateMachine.java:notifyConfigurationChanged(202)) - Received Configuration change notification from Ratis. New Peer list:
[id: "om1"
address: "0.0.0.0:9872"
startupRole: FOLLOWER
]
2023-09-13 16:04:34,734 [main] INFO  service.TestOpenKeyCleanupService (TestOpenKeyCleanupService.java:testExcludeMPUOpenKeys(208)) - numDEFMpuKeys=6, numFSOMpuKeys=7
2023-09-13 16:04:34,834 [main] INFO  service.TestOpenKeyCleanupService (TestOpenKeyCleanupService.java:testExcludeMPUOpenKeys(219)) - oldMpuKeyCount=0, oldMpuRunCount=18
2023-09-13 16:04:34,849 [OM StateMachine ApplyTransaction Thread - 0] WARN  helpers.QuotaUtil (QuotaUtil.java:getReplicatedSize(63)) - Unknown replication type 'STAND_ALONE'. Returning original data size.
2023-09-13 16:04:34,856 [OM StateMachine ApplyTransaction Thread - 0] WARN  helpers.QuotaUtil (QuotaUtil.java:getReplicatedSize(63)) - Unknown replication type 'STAND_ALONE'. Returning original data size.
2023-09-13 16:04:34,865 [OM StateMachine ApplyTransaction Thread - 0] WARN  helpers.QuotaUtil (QuotaUtil.java:getReplicatedSize(63)) - Unknown replication type 'STAND_ALONE'. Returning original data size.
2023-09-13 16:04:34,872 [OM StateMachine ApplyTransaction Thread - 0] WARN  helpers.QuotaUtil (QuotaUtil.java:getReplicatedSize(63)) - Unknown replication type 'STAND_ALONE'. Returning original data size.
2023-09-13 16:04:34,876 [OM StateMachine ApplyTransaction Thread - 0] WARN  helpers.QuotaUtil (QuotaUtil.java:getReplicatedSize(63)) - Unknown replication type 'STAND_ALONE'. Returning original data size.
2023-09-13 16:04:34,881 [OM StateMachine ApplyTransaction Thread - 0] WARN  helpers.QuotaUtil (QuotaUtil.java:getReplicatedSize(63)) - Unknown replication type 'STAND_ALONE'. Returning original data size.
2023-09-13 16:04:34,888 [OM StateMachine ApplyTransaction Thread - 0] WARN  helpers.QuotaUtil (QuotaUtil.java:getReplicatedSize(63)) - Unknown replication type 'STAND_ALONE'. Returning original data size.
2023-09-13 16:04:34,892 [OM StateMachine ApplyTransaction Thread - 0] WARN  helpers.QuotaUtil (QuotaUtil.java:getReplicatedSize(63)) - Unknown replication type 'STAND_ALONE'. Returning original data size.
2023-09-13 16:04:34,897 [OM StateMachine ApplyTransaction Thread - 0] WARN  helpers.QuotaUtil (QuotaUtil.java:getReplicatedSize(63)) - Unknown replication type 'STAND_ALONE'. Returning original data size.
2023-09-13 16:04:34,903 [OM StateMachine ApplyTransaction Thread - 0] WARN  helpers.QuotaUtil (QuotaUtil.java:getReplicatedSize(63)) - Unknown replication type 'STAND_ALONE'. Returning original data size.
2023-09-13 16:04:34,907 [OM StateMachine ApplyTransaction Thread - 0] WARN  helpers.QuotaUtil (QuotaUtil.java:getReplicatedSize(63)) - Unknown replication type 'STAND_ALONE'. Returning original data size.
2023-09-13 16:04:34,911 [OM StateMachine ApplyTransaction Thread - 0] WARN  helpers.QuotaUtil (QuotaUtil.java:getReplicatedSize(63)) - Unknown replication type 'STAND_ALONE'. Returning original data size.
2023-09-13 16:04:34,917 [OM StateMachine ApplyTransaction Thread - 0] WARN  helpers.QuotaUtil (QuotaUtil.java:getReplicatedSize(63)) - Unknown replication type 'STAND_ALONE'. Returning original data size.
2023-09-13 16:04:34,921 [OM StateMachine ApplyTransaction Thread - 0] WARN  helpers.QuotaUtil (QuotaUtil.java:getReplicatedSize(63)) - Unknown replication type 'STAND_ALONE'. Returning original data size.
2023-09-13 16:04:34,925 [OM StateMachine ApplyTransaction Thread - 0] WARN  helpers.QuotaUtil (QuotaUtil.java:getReplicatedSize(63)) - Unknown replication type 'STAND_ALONE'. Returning original data size.
2023-09-13 16:04:34,928 [OM StateMachine ApplyTransaction Thread - 0] WARN  helpers.QuotaUtil (QuotaUtil.java:getReplicatedSize(63)) - Unknown replication type 'STAND_ALONE'. Returning original data size.
2023-09-13 16:04:34,936 [OM StateMachine ApplyTransaction Thread - 0] WARN  helpers.QuotaUtil (QuotaUtil.java:getReplicatedSize(63)) - Unknown replication type 'STAND_ALONE'. Returning original data size.
2023-09-13 16:04:34,940 [OM StateMachine ApplyTransaction Thread - 0] WARN  helpers.QuotaUtil (QuotaUtil.java:getReplicatedSize(63)) - Unknown replication type 'STAND_ALONE'. Returning original data size.
2023-09-13 16:04:34,953 [OM StateMachine ApplyTransaction Thread - 0] WARN  helpers.QuotaUtil (QuotaUtil.java:getReplicatedSize(63)) - Unknown replication type 'STAND_ALONE'. Returning original data size.
2023-09-13 16:04:34,957 [OM StateMachine ApplyTransaction Thread - 0] WARN  helpers.QuotaUtil (QuotaUtil.java:getReplicatedSize(63)) - Unknown replication type 'STAND_ALONE'. Returning original data size.
2023-09-13 16:04:34,962 [OM StateMachine ApplyTransaction Thread - 0] WARN  helpers.QuotaUtil (QuotaUtil.java:getReplicatedSize(63)) - Unknown replication type 'STAND_ALONE'. Returning original data size.
2023-09-13 16:04:34,969 [OM StateMachine ApplyTransaction Thread - 0] WARN  helpers.QuotaUtil (QuotaUtil.java:getReplicatedSize(63)) - Unknown replication type 'STAND_ALONE'. Returning original data size.
2023-09-13 16:04:34,973 [OM StateMachine ApplyTransaction Thread - 0] WARN  helpers.QuotaUtil (QuotaUtil.java:getReplicatedSize(63)) - Unknown replication type 'STAND_ALONE'. Returning original data size.
2023-09-13 16:04:34,980 [OM StateMachine ApplyTransaction Thread - 0] WARN  helpers.QuotaUtil (QuotaUtil.java:getReplicatedSize(63)) - Unknown replication type 'STAND_ALONE'. Returning original data size.
2023-09-13 16:04:34,984 [OM StateMachine ApplyTransaction Thread - 0] WARN  helpers.QuotaUtil (QuotaUtil.java:getReplicatedSize(63)) - Unknown replication type 'STAND_ALONE'. Returning original data size.
2023-09-13 16:04:34,993 [OM StateMachine ApplyTransaction Thread - 0] WARN  helpers.QuotaUtil (QuotaUtil.java:getReplicatedSize(63)) - Unknown replication type 'STAND_ALONE'. Returning original data size.
2023-09-13 16:04:35,000 [OM StateMachine ApplyTransaction Thread - 0] WARN  helpers.QuotaUtil (QuotaUtil.java:getReplicatedSize(63)) - Unknown replication type 'STAND_ALONE'. Returning original data size.
2023-09-13 16:04:35,004 [OM StateMachine ApplyTransaction Thread - 0] WARN  helpers.QuotaUtil (QuotaUtil.java:getReplicatedSize(63)) - Unknown replication type 'STAND_ALONE'. Returning original data size.
2023-09-13 16:04:35,014 [OM StateMachine ApplyTransaction Thread - 0] WARN  helpers.QuotaUtil (QuotaUtil.java:getReplicatedSize(63)) - Unknown replication type 'STAND_ALONE'. Returning original data size.
2023-09-13 16:04:35,416 [main] INFO  om.OzoneManager (OzoneManager.java:stop(2207)) - om1[0.0.0.0:9862]: Stopping Ozone Manager
2023-09-13 16:04:35,416 [main] INFO  ipc.Server (Server.java:stop(3523)) - Stopping server on 9862
2023-09-13 16:04:35,423 [IPC Server Responder] INFO  ipc.Server (Server.java:run(1567)) - Stopping IPC Server Responder
2023-09-13 16:04:35,423 [IPC Server listener on 9862] INFO  ipc.Server (Server.java:run(1434)) - Stopping IPC Server listener on 9862
2023-09-13 16:04:39,441 [main] INFO  om.GrpcOzoneManagerServer (GrpcOzoneManagerServer.java:stop(192)) - Server GrpcOzoneManagerServer is shutdown
2023-09-13 16:04:39,441 [main] INFO  server.RaftServer (RaftServerProxy.java:lambda$close$6(416)) - om1: close
2023-09-13 16:04:39,441 [main] INFO  server.GrpcService (GrpcService.java:closeImpl(311)) - om1: shutdown server GrpcServerProtocolService now
2023-09-13 16:04:39,441 [om1-impl-thread1] INFO  server.RaftServer$Division (RaftServerImpl.java:lambda$close$4(466)) - om1@group-C5BA1605619E: shutdown
2023-09-13 16:04:39,442 [om1-impl-thread1] INFO  util.JmxRegister (JmxRegister.java:unregister(73)) - Successfully un-registered JMX Bean with object name Ratis:service=RaftServer,group=group-C5BA1605619E,id=om1
2023-09-13 16:04:39,442 [om1-impl-thread1] INFO  impl.RoleInfo (RoleInfo.java:shutdownLeaderState(93)) - om1: shutdown om1@group-C5BA1605619E-LeaderStateImpl
2023-09-13 16:04:39,442 [om1-impl-thread1] INFO  impl.PendingRequests (PendingRequests.java:sendNotLeaderResponses(289)) - om1@group-C5BA1605619E-PendingRequests: sendNotLeaderResponses
2023-09-13 16:04:39,447 [om1-impl-thread1] INFO  impl.StateMachineUpdater (StateMachineUpdater.java:stopAndJoin(155)) - om1@group-C5BA1605619E-StateMachineUpdater: set stopIndex = 142
2023-09-13 16:04:39,447 [om1@group-C5BA1605619E-StateMachineUpdater] INFO  ratis.OzoneManagerStateMachine (OzoneManagerStateMachine.java:takeSnapshot(480)) - Current Snapshot Index (t:1, i:142)
2023-09-13 16:04:39,448 [main] INFO  server.GrpcService (GrpcService.java:closeImpl(320)) - om1: shutdown server GrpcServerProtocolService successfully
2023-09-13 16:04:39,462 [om1@group-C5BA1605619E-StateMachineUpdater] INFO  impl.StateMachineUpdater (StateMachineUpdater.java:takeSnapshot(291)) - om1@group-C5BA1605619E-StateMachineUpdater: Took a snapshot at index 142
2023-09-13 16:04:39,463 [om1@group-C5BA1605619E-StateMachineUpdater] INFO  impl.StateMachineUpdater (StateMachineUpdater.java:lambda$new$0(97)) - om1@group-C5BA1605619E-StateMachineUpdater: snapshotIndex: updateIncreasingly -1 -> 142
2023-09-13 16:04:39,463 [om1@group-C5BA1605619E-StateMachineUpdater] INFO  ratis.OzoneManagerStateMachine (OzoneManagerStateMachine.java:close(534)) - StateMachine has shutdown. Shutdown OzoneManager if not already shutdown.
2023-09-13 16:04:39,463 [om1@group-C5BA1605619E-StateMachineUpdater] INFO  ratis.OzoneManagerDoubleBuffer (OzoneManagerDoubleBuffer.java:stopDaemon(551)) - Stopping OMDoubleBuffer flush thread
2023-09-13 16:04:39,463 [OMDoubleBufferFlushThread] INFO  ratis.OzoneManagerDoubleBuffer (OzoneManagerDoubleBuffer.java:canFlush(638)) - OMDoubleBuffer flush thread OMDoubleBufferFlushThread is interrupted and will exit.
2023-09-13 16:04:39,463 [om1-impl-thread1] INFO  server.RaftServer$Division (ServerState.java:close(472)) - om1@group-C5BA1605619E: closes. applyIndex: 142
2023-09-13 16:04:40,016 [om1-impl-thread1] INFO  segmented.SegmentedRaftLogWorker (SegmentedRaftLogWorker.java:close(252)) - om1@group-C5BA1605619E-SegmentedRaftLogWorker close()
2023-09-13 16:04:40,017 [JvmPauseMonitor8] INFO  util.JvmPauseMonitor (JvmPauseMonitor.java:run(109)) - JvmPauseMonitor-om1: Stopped
2023-09-13 16:04:40,017 [main] INFO  ratis.OzoneManagerStateMachine (OzoneManagerStateMachine.java:close(534)) - StateMachine has shutdown. Shutdown OzoneManager if not already shutdown.
2023-09-13 16:04:40,017 [main] INFO  ratis.OzoneManagerDoubleBuffer (OzoneManagerDoubleBuffer.java:stopDaemon(560)) - OMDoubleBuffer flush thread is not running.
2023-09-13 16:04:40,018 [main] INFO  utils.BackgroundService (BackgroundService.java:shutdown(141)) - Shutting down service KeyDeletingService
2023-09-13 16:04:40,018 [main] INFO  utils.BackgroundService (BackgroundService.java:shutdown(141)) - Shutting down service KeyDeletingService
2023-09-13 16:04:40,018 [main] INFO  utils.BackgroundService (BackgroundService.java:shutdown(141)) - Shutting down service OpenKeyCleanupService
2023-09-13 16:04:40,018 [main] INFO  utils.BackgroundService (BackgroundService.java:shutdown(141)) - Shutting down service SstFilteringService
2023-09-13 16:04:40,019 [main] INFO  utils.BackgroundService (BackgroundService.java:shutdown(141)) - Shutting down service SnapshotDeletingService
2023-09-13 16:04:40,019 [main] INFO  om.OzoneManager (OzoneManager.java:stopSecretManager(1071)) - Stopping OM delegation token secret manager.
2023-09-13 16:04:40,020 [main] INFO  handler.ContextHandler (ContextHandler.java:doStop(1159)) - Stopped o.e.j.w.WebAppContext@37ab2edc{ozoneManager,/,null,STOPPED}{file:/home/runner/work/ozone/ozone/hadoop-ozone/ozone-manager/target/classes/webapps/ozoneManager}
2023-09-13 16:04:40,021 [main] INFO  server.AbstractConnector (AbstractConnector.java:doStop(383)) - Stopped ServerConnector@45362e78{HTTP/1.1, (http/1.1)}{0.0.0.0:9874}
2023-09-13 16:04:40,021 [main] INFO  server.session (HouseKeeper.java:stopScavenging(149)) - node0 Stopped scavenging
2023-09-13 16:04:40,021 [main] INFO  handler.ContextHandler (ContextHandler.java:doStop(1159)) - Stopped o.e.j.s.ServletContextHandler@478a4f44{static,/static,file:///home/runner/work/ozone/ozone/hadoop-ozone/ozone-manager/target/classes/webapps/static,STOPPED}
2023-09-13 16:04:40,021 [main] INFO  handler.ContextHandler (ContextHandler.java:doStop(1159)) - Stopped o.e.j.s.ServletContextHandler@5fd454f2{logs,/logs,file:///home/runner/work/ozone/ozone/hadoop-ozone/ozone-manager/target/log,STOPPED}
2023-09-13 16:04:40,022 [main] INFO  rocksdiff.RocksDBCheckpointDiffer (RocksDBCheckpointDiffer.java:close(343)) - Shutting down CompactionDagPruningService.
2023-09-13 16:04:40,024 [main] INFO  snapshot.SnapshotDiffManager (SnapshotDiffManager.java:closeExecutorService(1706)) - Shutting down executorService: 'SnapDiffExecutor'
2023-09-13 16:04:40,024 [main] INFO  snapshot.SnapshotDiffManager (SnapshotDiffManager.java:closeExecutorService(1706)) - Shutting down executorService: 'SstDumpToolExecutor'
2023-09-13 16:04:40,024 [main] INFO  utils.BackgroundService (BackgroundService.java:shutdown(141)) - Shutting down service SnapshotDiffCleanupService
]]></system-out>
  </testcase>
</testsuite>