<?xml version="1.0" encoding="UTF-8"?>
<testsuite xmlns:xsi="http://www.w3.org/2001/XMLSchema-instance" xsi:noNamespaceSchemaLocation="https://maven.apache.org/surefire/maven-surefire-plugin/xsd/surefire-test-report-3.0.xsd" version="3.0" name="org.apache.hadoop.hdds.scm.storage.TestCommitWatcher" time="381.493" tests="2" errors="1" skipped="0" failures="0">
  <properties>
    <property name="java.specification.version" value="17"/>
    <property name="sun.jnu.encoding" value="UTF-8"/>
    <property name="gradle.enterprise.listener.surefire.forkId" value="1"/>
    <property name="java.class.path" value="/home/runner/work/ozone/ozone/hadoop-ozone/integration-test/target/test-classes:/home/runner/work/ozone/ozone/hadoop-ozone/integration-test/target/classes:/home/runner/work/ozone/ozone/hadoop-ozone/common/target/classes:/home/runner/.m2/repository/io/grpc/grpc-netty/1.58.0/grpc-netty-1.58.0.jar:/home/runner/.m2/repository/io/grpc/grpc-core/1.58.0/grpc-core-1.58.0.jar:/home/runner/.m2/repository/com/google/android/annotations/4.1.1.4/annotations-4.1.1.4.jar:/home/runner/.m2/repository/org/codehaus/mojo/animal-sniffer-annotations/1.23/animal-sniffer-annotations-1.23.jar:/home/runner/.m2/repository/io/grpc/grpc-context/1.58.0/grpc-context-1.58.0.jar:/home/runner/.m2/repository/io/grpc/grpc-util/1.58.0/grpc-util-1.58.0.jar:/home/runner/.m2/repository/com/google/errorprone/error_prone_annotations/2.2.0/error_prone_annotations-2.2.0.jar:/home/runner/.m2/repository/io/perfmark/perfmark-api/0.26.0/perfmark-api-0.26.0.jar:/home/runner/.m2/repository/io/netty/netty-codec-http2/4.1.109.Final/netty-codec-http2-4.1.109.Final.jar:/home/runner/.m2/repository/io/netty/netty-common/4.1.109.Final/netty-common-4.1.109.Final.jar:/home/runner/.m2/repository/io/netty/netty-buffer/4.1.109.Final/netty-buffer-4.1.109.Final.jar:/home/runner/.m2/repository/io/netty/netty-codec-http/4.1.109.Final/netty-codec-http-4.1.109.Final.jar:/home/runner/.m2/repository/io/netty/netty-handler-proxy/4.1.109.Final/netty-handler-proxy-4.1.109.Final.jar:/home/runner/.m2/repository/io/netty/netty-codec-socks/4.1.109.Final/netty-codec-socks-4.1.109.Final.jar:/home/runner/.m2/repository/io/netty/netty-tcnative-boringssl-static/2.0.65.Final/netty-tcnative-boringssl-static-2.0.65.Final.jar:/home/runner/.m2/repository/io/netty/netty-tcnative-classes/2.0.65.Final/netty-tcnative-classes-2.0.65.Final.jar:/home/runner/.m2/repository/io/netty/netty-tcnative-boringssl-static/2.0.65.Final/netty-tcnative-boringssl-static-2.0.65.Final-linux-x86_64.jar:/home/runner/.m2/repository/io/netty/netty-tcnative-boringssl-static/2.0.65.Final/netty-tcnative-boringssl-static-2.0.65.Final-linux-aarch_64.jar:/home/runner/.m2/repository/io/netty/netty-tcnative-boringssl-static/2.0.65.Final/netty-tcnative-boringssl-static-2.0.65.Final-osx-x86_64.jar:/home/runner/.m2/repository/io/netty/netty-tcnative-boringssl-static/2.0.65.Final/netty-tcnative-boringssl-static-2.0.65.Final-osx-aarch_64.jar:/home/runner/.m2/repository/io/netty/netty-tcnative-boringssl-static/2.0.65.Final/netty-tcnative-boringssl-static-2.0.65.Final-windows-x86_64.jar:/home/runner/.m2/repository/org/apache/commons/commons-compress/1.26.0/commons-compress-1.26.0.jar:/home/runner/work/ozone/ozone/hadoop-hdds/common/target/classes:/home/runner/work/ozone/ozone/hadoop-hdds/client/target/classes:/home/runner/work/ozone/ozone/hadoop-ozone/interface-client/target/classes:/home/runner/.m2/repository/org/apache/hadoop/hadoop-hdfs-client/3.3.6/hadoop-hdfs-client-3.3.6.jar:/home/runner/.m2/repository/com/squareup/okhttp3/okhttp/4.12.0/okhttp-4.12.0.jar:/home/runner/.m2/repository/com/squareup/okio/okio/3.6.0/okio-3.6.0.jar:/home/runner/.m2/repository/com/squareup/okio/okio-jvm/3.6.0/okio-jvm-3.6.0.jar:/home/runner/.m2/repository/org/jetbrains/kotlin/kotlin-stdlib-jdk8/1.9.22/kotlin-stdlib-jdk8-1.9.22.jar:/home/runner/.m2/repository/org/jetbrains/kotlin/kotlin-stdlib-jdk7/1.9.22/kotlin-stdlib-jdk7-1.9.22.jar:/home/runner/.m2/repository/org/jetbrains/kotlin/kotlin-stdlib-common/1.9.22/kotlin-stdlib-common-1.9.22.jar:/home/runner/work/ozone/ozone/hadoop-hdds/test-utils/target/classes:/home/runner/.m2/repository/org/assertj/assertj-core/3.12.2/assertj-core-3.12.2.jar:/home/runner/.m2/repository/com/google/guava/guava/32.1.3-jre/guava-32.1.3-jre.jar:/home/runner/.m2/repository/com/google/guava/failureaccess/1.0.1/failureaccess-1.0.1.jar:/home/runner/.m2/repository/com/google/guava/listenablefuture/9999.0-empty-to-avoid-conflict-with-guava/listenablefuture-9999.0-empty-to-avoid-conflict-with-guava.jar:/home/runner/.m2/repository/org/checkerframework/checker-qual/3.37.0/checker-qual-3.37.0.jar:/home/runner/.m2/repository/com/google/j2objc/j2objc-annotations/2.8/j2objc-annotations-2.8.jar:/home/runner/.m2/repository/commons-io/commons-io/2.16.1/commons-io-2.16.1.jar:/home/runner/.m2/repository/commons-logging/commons-logging/1.2/commons-logging-1.2.jar:/home/runner/.m2/repository/org/junit/jupiter/junit-jupiter-api/5.10.2/junit-jupiter-api-5.10.2.jar:/home/runner/.m2/repository/org/opentest4j/opentest4j/1.3.0/opentest4j-1.3.0.jar:/home/runner/.m2/repository/org/junit/platform/junit-platform-commons/1.10.2/junit-platform-commons-1.10.2.jar:/home/runner/.m2/repository/ch/qos/reload4j/reload4j/1.2.25/reload4j-1.2.25.jar:/home/runner/.m2/repository/jakarta/annotation/jakarta.annotation-api/2.1.1/jakarta.annotation-api-2.1.1.jar:/home/runner/.m2/repository/org/slf4j/slf4j-api/2.0.12/slf4j-api-2.0.12.jar:/home/runner/.m2/repository/org/apache/logging/log4j/log4j-api/2.17.1/log4j-api-2.17.1.jar:/home/runner/work/ozone/ozone/hadoop-hdds/server-scm/target/classes:/home/runner/.m2/repository/com/google/protobuf/protobuf-java/2.5.0/protobuf-java-2.5.0.jar:/home/runner/work/ozone/ozone/hadoop-hdds/container-service/target/classes:/home/runner/work/ozone/ozone/hadoop-hdds/hadoop-dependency-server/target/classes:/home/runner/.m2/repository/com/nimbusds/nimbus-jose-jwt/9.37.2/nimbus-jose-jwt-9.37.2.jar:/home/runner/.m2/repository/com/github/stephenc/jcip/jcip-annotations/1.0-1/jcip-annotations-1.0-1.jar:/home/runner/.m2/repository/org/apache/hadoop/hadoop-hdfs/3.3.6/hadoop-hdfs-3.3.6.jar:/home/runner/.m2/repository/commons-daemon/commons-daemon/1.3.4/commons-daemon-1.3.4.jar:/home/runner/.m2/repository/org/apache/kerby/kerb-core/1.0.1/kerb-core-1.0.1.jar:/home/runner/.m2/repository/org/apache/kerby/kerby-pkix/1.0.1/kerby-pkix-1.0.1.jar:/home/runner/.m2/repository/org/apache/kerby/kerby-asn1/1.0.1/kerby-asn1-1.0.1.jar:/home/runner/.m2/repository/org/apache/kerby/kerby-util/1.0.1/kerby-util-1.0.1.jar:/home/runner/.m2/repository/org/apache/kerby/kerb-util/1.0.1/kerb-util-1.0.1.jar:/home/runner/.m2/repository/org/apache/kerby/kerby-config/1.0.1/kerby-config-1.0.1.jar:/home/runner/.m2/repository/org/apache/kerby/kerb-crypto/1.0.1/kerb-crypto-1.0.1.jar:/home/runner/.m2/repository/org/xerial/snappy/snappy-java/1.1.10.5/snappy-java-1.1.10.5.jar:/home/runner/work/ozone/ozone/hadoop-hdds/framework/target/classes:/home/runner/.m2/repository/org/bouncycastle/bcprov-jdk18on/1.78.1/bcprov-jdk18on-1.78.1.jar:/home/runner/.m2/repository/io/dropwizard/metrics/metrics-core/3.2.4/metrics-core-3.2.4.jar:/home/runner/.m2/repository/org/apache/commons/commons-text/1.11.0/commons-text-1.11.0.jar:/home/runner/work/ozone/ozone/hadoop-hdds/framework/target/test-classes:/home/runner/work/ozone/ozone/hadoop-hdds/interface-server/target/classes:/home/runner/work/ozone/ozone/hadoop-hdds/interface-admin/target/classes:/home/runner/work/ozone/ozone/hadoop-hdds/managed-rocksdb/target/classes:/home/runner/.m2/repository/org/rocksdb/rocksdbjni/7.7.3/rocksdbjni-7.7.3.jar:/home/runner/.m2/repository/org/slf4j/slf4j-reload4j/2.0.12/slf4j-reload4j-2.0.12.jar:/home/runner/.m2/repository/org/apache/commons/commons-configuration2/2.10.1/commons-configuration2-2.10.1.jar:/home/runner/.m2/repository/commons-fileupload/commons-fileupload/1.5/commons-fileupload-1.5.jar:/home/runner/.m2/repository/org/apache/logging/log4j/log4j-core/2.17.1/log4j-core-2.17.1.jar:/home/runner/.m2/repository/com/lmax/disruptor/3.4.4/disruptor-3.4.4.jar:/home/runner/.m2/repository/org/eclipse/jetty/jetty-util/9.4.54.v20240208/jetty-util-9.4.54.v20240208.jar:/home/runner/.m2/repository/org/eclipse/jetty/jetty-server/9.4.54.v20240208/jetty-server-9.4.54.v20240208.jar:/home/runner/.m2/repository/org/eclipse/jetty/jetty-http/9.4.54.v20240208/jetty-http-9.4.54.v20240208.jar:/home/runner/.m2/repository/org/eclipse/jetty/jetty-io/9.4.54.v20240208/jetty-io-9.4.54.v20240208.jar:/home/runner/.m2/repository/org/eclipse/jetty/jetty-servlet/9.4.54.v20240208/jetty-servlet-9.4.54.v20240208.jar:/home/runner/.m2/repository/org/eclipse/jetty/jetty-security/9.4.54.v20240208/jetty-security-9.4.54.v20240208.jar:/home/runner/.m2/repository/org/eclipse/jetty/jetty-util-ajax/9.4.54.v20240208/jetty-util-ajax-9.4.54.v20240208.jar:/home/runner/.m2/repository/org/eclipse/jetty/jetty-webapp/9.4.54.v20240208/jetty-webapp-9.4.54.v20240208.jar:/home/runner/.m2/repository/org/eclipse/jetty/jetty-xml/9.4.54.v20240208/jetty-xml-9.4.54.v20240208.jar:/home/runner/.m2/repository/org/apache/ratis/ratis-server/3.0.1/ratis-server-3.0.1.jar:/home/runner/.m2/repository/org/apache/ratis/ratis-thirdparty-misc/1.0.5/ratis-thirdparty-misc-1.0.5.jar:/home/runner/.m2/repository/org/apache/ratis/ratis-proto/3.0.1/ratis-proto-3.0.1.jar:/home/runner/.m2/repository/org/apache/ratis/ratis-common/3.0.1/ratis-common-3.0.1.jar:/home/runner/.m2/repository/org/apache/ratis/ratis-client/3.0.1/ratis-client-3.0.1.jar:/home/runner/.m2/repository/org/apache/ratis/ratis-server-api/3.0.1/ratis-server-api-3.0.1.jar:/home/runner/.m2/repository/org/apache/ratis/ratis-metrics-api/3.0.1/ratis-metrics-api-3.0.1.jar:/home/runner/.m2/repository/org/apache/ratis/ratis-metrics-dropwizard3/3.0.1/ratis-metrics-dropwizard3-3.0.1.jar:/home/runner/.m2/repository/io/prometheus/simpleclient_dropwizard/0.16.0/simpleclient_dropwizard-0.16.0.jar:/home/runner/.m2/repository/io/prometheus/simpleclient/0.16.0/simpleclient-0.16.0.jar:/home/runner/.m2/repository/io/prometheus/simpleclient_common/0.16.0/simpleclient_common-0.16.0.jar:/home/runner/.m2/repository/com/fasterxml/jackson/datatype/jackson-datatype-jsr310/2.16.1/jackson-datatype-jsr310-2.16.1.jar:/home/runner/.m2/repository/com/fasterxml/jackson/core/jackson-core/2.16.1/jackson-core-2.16.1.jar:/home/runner/work/ozone/ozone/hadoop-hdds/rocksdb-checkpoint-differ/target/classes:/home/runner/.m2/repository/org/jgrapht/jgrapht-core/1.4.0/jgrapht-core-1.4.0.jar:/home/runner/.m2/repository/org/jheaps/jheaps/0.11/jheaps-0.11.jar:/home/runner/.m2/repository/org/jgrapht/jgrapht-ext/1.4.0/jgrapht-ext-1.4.0.jar:/home/runner/.m2/repository/com/github/vlsi/mxgraph/jgraphx/3.9.8.1/jgraphx-3.9.8.1.jar:/home/runner/work/ozone/ozone/hadoop-ozone/ozone-manager/target/classes:/home/runner/.m2/repository/org/aspectj/aspectjrt/1.9.7/aspectjrt-1.9.7.jar:/home/runner/.m2/repository/org/aspectj/aspectjweaver/1.9.7/aspectjweaver-1.9.7.jar:/home/runner/work/ozone/ozone/hadoop-hdds/interface-client/target/classes:/home/runner/.m2/repository/org/apache/hadoop/thirdparty/hadoop-shaded-protobuf_3_7/1.1.1/hadoop-shaded-protobuf_3_7-1.1.1.jar:/home/runner/work/ozone/ozone/hadoop-ozone/interface-storage/target/classes:/home/runner/.m2/repository/org/reflections/reflections/0.10.2/reflections-0.10.2.jar:/home/runner/.m2/repository/com/sun/jersey/jersey-client/1.19.4/jersey-client-1.19.4.jar:/home/runner/.m2/repository/org/codehaus/jackson/jackson-core-asl/1.9.13/jackson-core-asl-1.9.13.jar:/home/runner/.m2/repository/org/codehaus/jackson/jackson-mapper-asl/1.9.13/jackson-mapper-asl-1.9.13.jar:/home/runner/.m2/repository/org/codehaus/jackson/jackson-jaxrs/1.9.13/jackson-jaxrs-1.9.13.jar:/home/runner/.m2/repository/org/apache/ranger/ranger-intg/2.3.0/ranger-intg-2.3.0.jar:/home/runner/.m2/repository/org/apache/ranger/ranger-plugins-common/2.3.0/ranger-plugins-common-2.3.0.jar:/home/runner/.m2/repository/commons-lang/commons-lang/2.6/commons-lang-2.6.jar:/home/runner/.m2/repository/org/apache/ranger/ranger-plugins-cred/2.3.0/ranger-plugins-cred-2.3.0.jar:/home/runner/.m2/repository/org/apache/ranger/ranger-plugins-audit/2.3.0/ranger-plugins-audit-2.3.0.jar:/home/runner/.m2/repository/org/eclipse/jetty/jetty-client/9.4.54.v20240208/jetty-client-9.4.54.v20240208.jar:/home/runner/.m2/repository/org/apache/httpcomponents/httpmime/4.5.6/httpmime-4.5.6.jar:/home/runner/.m2/repository/org/apache/httpcomponents/httpcore-nio/4.4.16/httpcore-nio-4.4.16.jar:/home/runner/.m2/repository/org/apache/httpcomponents/httpasyncclient/4.1.3/httpasyncclient-4.1.3.jar:/home/runner/.m2/repository/com/carrotsearch/hppc/0.8.0/hppc-0.8.0.jar:/home/runner/.m2/repository/org/apache/orc/orc-core/1.5.8/orc-core-1.5.8.jar:/home/runner/.m2/repository/net/java/dev/jna/jna/5.2.0/jna-5.2.0.jar:/home/runner/.m2/repository/net/java/dev/jna/jna-platform/5.2.0/jna-platform-5.2.0.jar:/home/runner/.m2/repository/com/kstruct/gethostname4j/0.0.2/gethostname4j-0.0.2.jar:/home/runner/.m2/repository/org/apache/ranger/ranger-plugin-classloader/2.3.0/ranger-plugin-classloader-2.3.0.jar:/home/runner/work/ozone/ozone/hadoop-hdds/rocks-native/target/classes:/home/runner/.m2/repository/org/apache/hadoop/hadoop-minikdc/3.3.6/hadoop-minikdc-3.3.6.jar:/home/runner/.m2/repository/org/apache/kerby/kerb-simplekdc/1.0.1/kerb-simplekdc-1.0.1.jar:/home/runner/.m2/repository/org/apache/kerby/kerb-client/1.0.1/kerb-client-1.0.1.jar:/home/runner/.m2/repository/org/apache/kerby/kerb-common/1.0.1/kerb-common-1.0.1.jar:/home/runner/.m2/repository/org/apache/kerby/token-provider/1.0.1/token-provider-1.0.1.jar:/home/runner/.m2/repository/org/apache/kerby/kerb-admin/1.0.1/kerb-admin-1.0.1.jar:/home/runner/.m2/repository/org/apache/kerby/kerb-server/1.0.1/kerb-server-1.0.1.jar:/home/runner/.m2/repository/org/apache/kerby/kerb-identity/1.0.1/kerb-identity-1.0.1.jar:/home/runner/.m2/repository/org/apache/kerby/kerby-xdr/1.0.1/kerby-xdr-1.0.1.jar:/home/runner/.m2/repository/junit/junit/4.13.2/junit-4.13.2.jar:/home/runner/.m2/repository/org/hamcrest/hamcrest-core/1.3/hamcrest-core-1.3.jar:/home/runner/work/ozone/ozone/hadoop-ozone/s3gateway/target/classes:/home/runner/.m2/repository/org/javassist/javassist/3.30.2-GA/javassist-3.30.2-GA.jar:/home/runner/.m2/repository/org/jboss/weld/servlet/weld-servlet-shaded/3.1.9.Final/weld-servlet-shaded-3.1.9.Final.jar:/home/runner/.m2/repository/org/glassfish/jersey/containers/jersey-container-servlet-core/2.42/jersey-container-servlet-core-2.42.jar:/home/runner/.m2/repository/org/glassfish/hk2/external/jakarta.inject/2.6.1/jakarta.inject-2.6.1.jar:/home/runner/.m2/repository/org/glassfish/jersey/core/jersey-common/2.42/jersey-common-2.42.jar:/home/runner/.m2/repository/jakarta/ws/rs/jakarta.ws.rs-api/2.1.6/jakarta.ws.rs-api-2.1.6.jar:/home/runner/.m2/repository/org/glassfish/jersey/ext/cdi/jersey-cdi1x/2.42/jersey-cdi1x-2.42.jar:/home/runner/.m2/repository/org/glassfish/jersey/inject/jersey-hk2/2.42/jersey-hk2-2.42.jar:/home/runner/.m2/repository/org/glassfish/hk2/hk2-locator/2.6.1/hk2-locator-2.6.1.jar:/home/runner/.m2/repository/org/glassfish/jersey/media/jersey-media-jaxb/2.42/jersey-media-jaxb-2.42.jar:/home/runner/.m2/repository/org/glassfish/hk2/osgi-resource-locator/1.0.3/osgi-resource-locator-1.0.3.jar:/home/runner/.m2/repository/org/glassfish/hk2/hk2-api/2.6.1/hk2-api-2.6.1.jar:/home/runner/.m2/repository/org/glassfish/hk2/hk2-utils/2.6.1/hk2-utils-2.6.1.jar:/home/runner/.m2/repository/org/glassfish/hk2/external/aopalliance-repackaged/2.6.1/aopalliance-repackaged-2.6.1.jar:/home/runner/.m2/repository/com/fasterxml/jackson/dataformat/jackson-dataformat-xml/2.16.1/jackson-dataformat-xml-2.16.1.jar:/home/runner/.m2/repository/org/codehaus/woodstox/stax2-api/4.2.2/stax2-api-4.2.2.jar:/home/runner/.m2/repository/com/fasterxml/woodstox/woodstox-core/5.4.0/woodstox-core-5.4.0.jar:/home/runner/.m2/repository/com/fasterxml/jackson/module/jackson-module-jaxb-annotations/2.16.1/jackson-module-jaxb-annotations-2.16.1.jar:/home/runner/.m2/repository/javax/enterprise/cdi-api/2.0/cdi-api-2.0.jar:/home/runner/.m2/repository/javax/el/javax.el-api/3.0.0/javax.el-api-3.0.0.jar:/home/runner/.m2/repository/javax/interceptor/javax.interceptor-api/1.2/javax.interceptor-api-1.2.jar:/home/runner/.m2/repository/javax/inject/javax.inject/1/javax.inject-1.jar:/home/runner/.m2/repository/jakarta/xml/bind/jakarta.xml.bind-api/2.3.3/jakarta.xml.bind-api-2.3.3.jar:/home/runner/.m2/repository/org/glassfish/jaxb/jaxb-runtime/2.3.9/jaxb-runtime-2.3.9.jar:/home/runner/.m2/repository/org/glassfish/jaxb/txw2/2.3.9/txw2-2.3.9.jar:/home/runner/.m2/repository/com/sun/istack/istack-commons-runtime/3.0.12/istack-commons-runtime-3.0.12.jar:/home/runner/.m2/repository/com/sun/activation/jakarta.activation/1.2.2/jakarta.activation-1.2.2.jar:/home/runner/.m2/repository/jakarta/activation/jakarta.activation-api/1.2.2/jakarta.activation-api-1.2.2.jar:/home/runner/.m2/repository/io/grpc/grpc-protobuf/1.58.0/grpc-protobuf-1.58.0.jar:/home/runner/.m2/repository/com/google/api/grpc/proto-google-common-protos/2.22.0/proto-google-common-protos-2.22.0.jar:/home/runner/.m2/repository/io/grpc/grpc-protobuf-lite/1.58.0/grpc-protobuf-lite-1.58.0.jar:/home/runner/.m2/repository/io/grpc/grpc-stub/1.58.0/grpc-stub-1.58.0.jar:/home/runner/.m2/repository/io/netty/netty-transport/4.1.109.Final/netty-transport-4.1.109.Final.jar:/home/runner/.m2/repository/io/netty/netty-resolver/4.1.109.Final/netty-resolver-4.1.109.Final.jar:/home/runner/work/ozone/ozone/hadoop-ozone/csi/target/classes:/home/runner/.m2/repository/com/google/protobuf/protobuf-java-util/3.19.6/protobuf-java-util-3.19.6.jar:/home/runner/.m2/repository/com/google/code/gson/gson/2.10.1/gson-2.10.1.jar:/home/runner/work/ozone/ozone/hadoop-hdds/config/target/classes:/home/runner/.m2/repository/io/netty/netty-transport-native-epoll/4.1.109.Final/netty-transport-native-epoll-4.1.109.Final-linux-x86_64.jar:/home/runner/.m2/repository/io/netty/netty-transport-classes-epoll/4.1.109.Final/netty-transport-classes-epoll-4.1.109.Final.jar:/home/runner/.m2/repository/io/netty/netty-transport-native-unix-common/4.1.109.Final/netty-transport-native-unix-common-4.1.109.Final.jar:/home/runner/work/ozone/ozone/hadoop-ozone/recon/target/classes:/home/runner/work/ozone/ozone/hadoop-ozone/recon-codegen/target/classes:/home/runner/.m2/repository/com/google/inject/guice/6.0.0/guice-6.0.0.jar:/home/runner/.m2/repository/jakarta/inject/jakarta.inject-api/2.0.1/jakarta.inject-api-2.0.1.jar:/home/runner/.m2/repository/aopalliance/aopalliance/1.0/aopalliance-1.0.jar:/home/runner/.m2/repository/com/google/inject/extensions/guice-assistedinject/6.0.0/guice-assistedinject-6.0.0.jar:/home/runner/.m2/repository/com/google/inject/extensions/guice-servlet/6.0.0/guice-servlet-6.0.0.jar:/home/runner/.m2/repository/org/glassfish/jersey/containers/jersey-container-servlet/2.42/jersey-container-servlet-2.42.jar:/home/runner/.m2/repository/org/glassfish/hk2/guice-bridge/2.6.1/guice-bridge-2.6.1.jar:/home/runner/.m2/repository/org/glassfish/jersey/core/jersey-server/2.42/jersey-server-2.42.jar:/home/runner/.m2/repository/org/glassfish/jersey/core/jersey-client/2.42/jersey-client-2.42.jar:/home/runner/.m2/repository/jakarta/validation/jakarta.validation-api/2.0.2/jakarta.validation-api-2.0.2.jar:/home/runner/.m2/repository/org/glassfish/jersey/media/jersey-media-json-jackson/2.42/jersey-media-json-jackson-2.42.jar:/home/runner/.m2/repository/org/glassfish/jersey/ext/jersey-entity-filtering/2.42/jersey-entity-filtering-2.42.jar:/home/runner/.m2/repository/org/jooq/jooq/3.11.10/jooq-3.11.10.jar:/home/runner/.m2/repository/org/jooq/jooq-meta/3.11.10/jooq-meta-3.11.10.jar:/home/runner/.m2/repository/org/jooq/jooq-codegen/3.11.10/jooq-codegen-3.11.10.jar:/home/runner/.m2/repository/com/jolbox/bonecp/0.8.0.RELEASE/bonecp-0.8.0.RELEASE.jar:/home/runner/.m2/repository/org/apache/derby/derby/10.14.2.0/derby-10.14.2.0.jar:/home/runner/.m2/repository/org/xerial/sqlite-jdbc/3.44.1.0/sqlite-jdbc-3.44.1.0.jar:/home/runner/.m2/repository/org/springframework/spring-jdbc/5.3.34/spring-jdbc-5.3.34.jar:/home/runner/.m2/repository/org/springframework/spring-beans/5.3.34/spring-beans-5.3.34.jar:/home/runner/.m2/repository/org/springframework/spring-core/5.3.34/spring-core-5.3.34.jar:/home/runner/.m2/repository/org/springframework/spring-tx/5.3.34/spring-tx-5.3.34.jar:/home/runner/work/ozone/ozone/hadoop-ozone/client/target/classes:/home/runner/work/ozone/ozone/hadoop-hdds/erasurecode/target/classes:/home/runner/work/ozone/ozone/hadoop-ozone/ozonefs/target/classes:/home/runner/work/ozone/ozone/hadoop-ozone/ozonefs-common/target/classes:/home/runner/work/ozone/ozone/hadoop-ozone/tools/target/classes:/home/runner/.m2/repository/com/amazonaws/aws-java-sdk-core/1.12.661/aws-java-sdk-core-1.12.661.jar:/home/runner/.m2/repository/org/apache/httpcomponents/httpclient/4.5.14/httpclient-4.5.14.jar:/home/runner/.m2/repository/org/apache/httpcomponents/httpcore/4.4.16/httpcore-4.4.16.jar:/home/runner/.m2/repository/com/fasterxml/jackson/dataformat/jackson-dataformat-cbor/2.16.1/jackson-dataformat-cbor-2.16.1.jar:/home/runner/.m2/repository/joda-time/joda-time/2.12.7/joda-time-2.12.7.jar:/home/runner/.m2/repository/com/amazonaws/aws-java-sdk-s3/1.12.661/aws-java-sdk-s3-1.12.661.jar:/home/runner/.m2/repository/com/amazonaws/aws-java-sdk-kms/1.12.661/aws-java-sdk-kms-1.12.661.jar:/home/runner/.m2/repository/com/amazonaws/jmespath-java/1.12.661/jmespath-java-1.12.661.jar:/home/runner/.m2/repository/org/kohsuke/metainf-services/metainf-services/1.11/metainf-services-1.11.jar:/home/runner/work/ozone/ozone/hadoop-hdds/tools/target/classes:/home/runner/.m2/repository/org/apache/ratis/ratis-tools/3.0.1/ratis-tools-3.0.1.jar:/home/runner/.m2/repository/commons-cli/commons-cli/1.6.0/commons-cli-1.6.0.jar:/home/runner/.m2/repository/org/apache/commons/commons-lang3/3.14.0/commons-lang3-3.14.0.jar:/home/runner/work/ozone/ozone/hadoop-ozone/ozone-manager/target/test-classes:/home/runner/work/ozone/ozone/hadoop-hdds/common/target/test-classes:/home/runner/work/ozone/ozone/hadoop-hdds/hadoop-dependency-client/target/classes:/home/runner/.m2/repository/info/picocli/picocli/4.7.5/picocli-4.7.5.jar:/home/runner/.m2/repository/com/fasterxml/jackson/core/jackson-annotations/2.16.1/jackson-annotations-2.16.1.jar:/home/runner/work/ozone/ozone/hadoop-hdds/annotations/target/classes:/home/runner/.m2/repository/javax/annotation/javax.annotation-api/1.3.2/javax.annotation-api-1.3.2.jar:/home/runner/.m2/repository/org/apache/ratis/ratis-netty/3.0.1/ratis-netty-3.0.1.jar:/home/runner/.m2/repository/org/apache/ratis/ratis-grpc/3.0.1/ratis-grpc-3.0.1.jar:/home/runner/.m2/repository/org/bouncycastle/bcpkix-jdk18on/1.78.1/bcpkix-jdk18on-1.78.1.jar:/home/runner/.m2/repository/org/bouncycastle/bcutil-jdk18on/1.78.1/bcutil-jdk18on-1.78.1.jar:/home/runner/.m2/repository/commons-validator/commons-validator/1.6/commons-validator-1.6.jar:/home/runner/.m2/repository/commons-beanutils/commons-beanutils/1.9.4/commons-beanutils-1.9.4.jar:/home/runner/.m2/repository/commons-digester/commons-digester/1.8.1/commons-digester-1.8.1.jar:/home/runner/.m2/repository/commons-collections/commons-collections/3.2.2/commons-collections-3.2.2.jar:/home/runner/.m2/repository/io/jaegertracing/jaeger-client/1.8.1/jaeger-client-1.8.1.jar:/home/runner/.m2/repository/io/jaegertracing/jaeger-thrift/1.8.1/jaeger-thrift-1.8.1.jar:/home/runner/.m2/repository/org/apache/thrift/libthrift/0.15.0/libthrift-0.15.0.jar:/home/runner/.m2/repository/io/jaegertracing/jaeger-core/1.8.1/jaeger-core-1.8.1.jar:/home/runner/.m2/repository/io/jaegertracing/jaeger-tracerresolver/1.8.1/jaeger-tracerresolver-1.8.1.jar:/home/runner/.m2/repository/io/opentracing/contrib/opentracing-tracerresolver/0.1.8/opentracing-tracerresolver-0.1.8.jar:/home/runner/.m2/repository/org/jetbrains/kotlin/kotlin-stdlib/1.9.22/kotlin-stdlib-1.9.22.jar:/home/runner/.m2/repository/org/jetbrains/annotations/13.0/annotations-13.0.jar:/home/runner/.m2/repository/io/opentracing/opentracing-util/0.33.0/opentracing-util-0.33.0.jar:/home/runner/.m2/repository/io/opentracing/opentracing-api/0.33.0/opentracing-api-0.33.0.jar:/home/runner/.m2/repository/io/opentracing/opentracing-noop/0.33.0/opentracing-noop-0.33.0.jar:/home/runner/.m2/repository/org/yaml/snakeyaml/2.0/snakeyaml-2.0.jar:/home/runner/.m2/repository/io/grpc/grpc-api/1.58.0/grpc-api-1.58.0.jar:/home/runner/.m2/repository/org/junit/platform/junit-platform-launcher/1.10.2/junit-platform-launcher-1.10.2.jar:/home/runner/.m2/repository/org/junit/platform/junit-platform-engine/1.10.2/junit-platform-engine-1.10.2.jar:/home/runner/.m2/repository/org/apiguardian/apiguardian-api/1.1.2/apiguardian-api-1.1.2.jar:/home/runner/.m2/repository/org/apache/hadoop/hadoop-kms/3.3.6/hadoop-kms-3.3.6.jar:/home/runner/.m2/repository/org/apache/hadoop/hadoop-auth/3.3.6/hadoop-auth-3.3.6.jar:/home/runner/.m2/repository/org/apache/zookeeper/zookeeper/3.8.4/zookeeper-3.8.4.jar:/home/runner/.m2/repository/org/apache/zookeeper/zookeeper-jute/3.8.4/zookeeper-jute-3.8.4.jar:/home/runner/.m2/repository/org/apache/yetus/audience-annotations/0.12.0/audience-annotations-0.12.0.jar:/home/runner/.m2/repository/org/apache/curator/curator-framework/4.2.0/curator-framework-4.2.0.jar:/home/runner/.m2/repository/org/apache/hadoop/thirdparty/hadoop-shaded-guava/1.2.0/hadoop-shaded-guava-1.2.0.jar:/home/runner/.m2/repository/com/sun/jersey/jersey-core/1.19.4/jersey-core-1.19.4.jar:/home/runner/.m2/repository/javax/ws/rs/jsr311-api/1.1.1/jsr311-api-1.1.1.jar:/home/runner/.m2/repository/com/sun/jersey/jersey-server/1.19.4/jersey-server-1.19.4.jar:/home/runner/.m2/repository/javax/servlet/javax.servlet-api/3.1.0/javax.servlet-api-3.1.0.jar:/home/runner/.m2/repository/org/apache/hadoop/hadoop-common/3.3.6/hadoop-common-3.3.6.jar:/home/runner/.m2/repository/org/apache/commons/commons-math3/3.6.1/commons-math3-3.6.1.jar:/home/runner/.m2/repository/commons-net/commons-net/3.10.0/commons-net-3.10.0.jar:/home/runner/.m2/repository/com/sun/jersey/jersey-servlet/1.19.4/jersey-servlet-1.19.4.jar:/home/runner/.m2/repository/com/github/pjfanning/jersey-json/1.20/jersey-json-1.20.jar:/home/runner/.m2/repository/org/codehaus/jettison/jettison/1.1/jettison-1.1.jar:/home/runner/.m2/repository/com/sun/xml/bind/jaxb-impl/2.2.3-1/jaxb-impl-2.2.3-1.jar:/home/runner/.m2/repository/com/google/re2j/re2j/1.7/re2j-1.7.jar:/home/runner/.m2/repository/com/jcraft/jsch/0.1.55/jsch-0.1.55.jar:/home/runner/.m2/repository/org/apache/curator/curator-client/4.2.0/curator-client-4.2.0.jar:/home/runner/.m2/repository/org/apache/curator/curator-recipes/5.2.0/curator-recipes-5.2.0.jar:/home/runner/.m2/repository/com/google/code/findbugs/jsr305/3.0.2/jsr305-3.0.2.jar:/home/runner/.m2/repository/dnsjava/dnsjava/2.1.9/dnsjava-2.1.9.jar:/home/runner/.m2/repository/com/fasterxml/jackson/core/jackson-databind/2.16.1/jackson-databind-2.16.1.jar:/home/runner/.m2/repository/org/apache/hadoop/hadoop-kms/3.3.6/hadoop-kms-3.3.6-tests.jar:/home/runner/work/ozone/ozone/hadoop-hdds/server-scm/target/test-classes:/home/runner/work/ozone/ozone/hadoop-hdds/container-service/target/test-classes:/home/runner/.m2/repository/com/github/luben/zstd-jni/1.5.6-2/zstd-jni-1.5.6-2.jar:/home/runner/.m2/repository/commons-codec/commons-codec/1.15/commons-codec-1.15.jar:/home/runner/.m2/repository/io/netty/netty-codec/4.1.109.Final/netty-codec-4.1.109.Final.jar:/home/runner/.m2/repository/io/netty/netty-handler/4.1.109.Final/netty-handler-4.1.109.Final.jar:/home/runner/work/ozone/ozone/hadoop-hdds/hadoop-dependency-test/target/classes:/home/runner/.m2/repository/org/apache/hadoop/hadoop-common/3.3.6/hadoop-common-3.3.6-tests.jar:/home/runner/.m2/repository/org/apache/hadoop/hadoop-hdfs/3.3.6/hadoop-hdfs-3.3.6-tests.jar:/home/runner/.m2/repository/org/junit/jupiter/junit-jupiter-engine/5.10.2/junit-jupiter-engine-5.10.2.jar:/home/runner/.m2/repository/org/junit/jupiter/junit-jupiter-params/5.10.2/junit-jupiter-params-5.10.2.jar:/home/runner/.m2/repository/org/mockito/mockito-core/4.11.0/mockito-core-4.11.0.jar:/home/runner/.m2/repository/net/bytebuddy/byte-buddy/1.12.19/byte-buddy-1.12.19.jar:/home/runner/.m2/repository/net/bytebuddy/byte-buddy-agent/1.12.19/byte-buddy-agent-1.12.19.jar:/home/runner/.m2/repository/org/objenesis/objenesis/3.3/objenesis-3.3.jar:/home/runner/.m2/repository/org/mockito/mockito-inline/4.11.0/mockito-inline-4.11.0.jar:/home/runner/.m2/repository/org/mockito/mockito-junit-jupiter/4.11.0/mockito-junit-jupiter-4.11.0.jar:/home/runner/.m2/repository/org/apache/hadoop/hadoop-distcp/3.3.6/hadoop-distcp-3.3.6.jar:/home/runner/.m2/repository/org/apache/hadoop/hadoop-mapreduce-client-jobclient/3.3.6/hadoop-mapreduce-client-jobclient-3.3.6.jar:/home/runner/.m2/repository/org/apache/hadoop/hadoop-mapreduce-client-common/3.3.6/hadoop-mapreduce-client-common-3.3.6.jar:/home/runner/.m2/repository/org/apache/hadoop/hadoop-yarn-common/3.3.6/hadoop-yarn-common-3.3.6.jar:/home/runner/.m2/repository/org/apache/hadoop/hadoop-yarn-api/3.3.6/hadoop-yarn-api-3.3.6.jar:/home/runner/.m2/repository/javax/xml/bind/jaxb-api/2.2.11/jaxb-api-2.2.11.jar:/home/runner/.m2/repository/com/sun/jersey/contribs/jersey-guice/1.19.4/jersey-guice-1.19.4.jar:/home/runner/.m2/repository/com/fasterxml/jackson/jaxrs/jackson-jaxrs-json-provider/2.16.1/jackson-jaxrs-json-provider-2.16.1.jar:/home/runner/.m2/repository/com/fasterxml/jackson/jaxrs/jackson-jaxrs-base/2.16.1/jackson-jaxrs-base-2.16.1.jar:/home/runner/.m2/repository/org/apache/hadoop/hadoop-yarn-client/3.3.6/hadoop-yarn-client-3.3.6.jar:/home/runner/.m2/repository/org/eclipse/jetty/websocket/websocket-client/9.4.51.v20230217/websocket-client-9.4.51.v20230217.jar:/home/runner/.m2/repository/org/eclipse/jetty/websocket/websocket-common/9.4.51.v20230217/websocket-common-9.4.51.v20230217.jar:/home/runner/.m2/repository/org/eclipse/jetty/websocket/websocket-api/9.4.51.v20230217/websocket-api-9.4.51.v20230217.jar:/home/runner/.m2/repository/org/jline/jline/3.9.0/jline-3.9.0.jar:/home/runner/.m2/repository/org/apache/hadoop/hadoop-mapreduce-client-core/3.3.6/hadoop-mapreduce-client-core-3.3.6.jar:/home/runner/.m2/repository/org/apache/avro/avro/1.7.7/avro-1.7.7.jar:/home/runner/.m2/repository/com/thoughtworks/paranamer/paranamer/2.3/paranamer-2.3.jar:/home/runner/.m2/repository/org/apache/hadoop/hadoop-annotations/3.3.6/hadoop-annotations-3.3.6.jar:/home/runner/.m2/repository/io/netty/netty/3.10.6.Final/netty-3.10.6.Final.jar:/home/runner/.m2/repository/org/apache/hadoop/hadoop-distcp/3.3.6/hadoop-distcp-3.3.6-tests.jar:/home/runner/.m2/repository/org/hamcrest/hamcrest/2.2/hamcrest-2.2.jar:/home/runner/.m2/repository/org/slf4j/jul-to-slf4j/2.0.12/jul-to-slf4j-2.0.12.jar:/home/runner/work/ozone/ozone/hadoop-ozone/integration-test/target/gradle-enterprise/test-listeners.jar:"/>
    <property name="java.vm.vendor" value="Eclipse Adoptium"/>
    <property name="sun.arch.data.model" value="64"/>
    <property name="test.build.dir" value="/home/runner/work/ozone/ozone/hadoop-ozone/integration-test/target/test-dir"/>
    <property name="test.cache.data" value=""/>
    <property name="java.vendor.url" value="https://adoptium.net/"/>
    <property name="user.timezone" value="Etc/UTC"/>
    <property name="maven-surefire-plugin.argLineAccessArgs" value=" --add-opens java.management/com.sun.jmx.mbeanserver=ALL-UNNAMED --add-exports java.management/com.sun.jmx.mbeanserver=ALL-UNNAMED --add-opens java.base/java.nio=ALL-UNNAMED --add-opens java.base/java.lang=ALL-UNNAMED --add-opens java.base/java.lang.reflect=ALL-UNNAMED"/>
    <property name="os.name" value="Linux"/>
    <property name="java.vm.specification.version" value="17"/>
    <property name="test.build.data" value="/home/runner/work/ozone/ozone/hadoop-ozone/integration-test/target/test-dir"/>
    <property name="sun.java.launcher" value="SUN_STANDARD"/>
    <property name="sun.boot.library.path" value="/usr/lib/jvm/temurin-17-jdk-amd64/lib"/>
    <property name="sun.java.command" value="/home/runner/work/ozone/ozone/hadoop-ozone/integration-test/target/surefire/surefirebooter5497077607237298943.jar /home/runner/work/ozone/ozone/hadoop-ozone/integration-test/target/surefire 2024-05-10T09-04-05_549-jvmRun1 surefire12666984000074201486tmp surefire_92298193100590904119tmp"/>
    <property name="jdk.debug" value="release"/>
    <property name="native.lib.tmp.dir" value="/tmp"/>
    <property name="surefire.test.class.path" value="/home/runner/work/ozone/ozone/hadoop-ozone/integration-test/target/test-classes:/home/runner/work/ozone/ozone/hadoop-ozone/integration-test/target/classes:/home/runner/work/ozone/ozone/hadoop-ozone/common/target/classes:/home/runner/.m2/repository/io/grpc/grpc-netty/1.58.0/grpc-netty-1.58.0.jar:/home/runner/.m2/repository/io/grpc/grpc-core/1.58.0/grpc-core-1.58.0.jar:/home/runner/.m2/repository/com/google/android/annotations/4.1.1.4/annotations-4.1.1.4.jar:/home/runner/.m2/repository/org/codehaus/mojo/animal-sniffer-annotations/1.23/animal-sniffer-annotations-1.23.jar:/home/runner/.m2/repository/io/grpc/grpc-context/1.58.0/grpc-context-1.58.0.jar:/home/runner/.m2/repository/io/grpc/grpc-util/1.58.0/grpc-util-1.58.0.jar:/home/runner/.m2/repository/com/google/errorprone/error_prone_annotations/2.2.0/error_prone_annotations-2.2.0.jar:/home/runner/.m2/repository/io/perfmark/perfmark-api/0.26.0/perfmark-api-0.26.0.jar:/home/runner/.m2/repository/io/netty/netty-codec-http2/4.1.109.Final/netty-codec-http2-4.1.109.Final.jar:/home/runner/.m2/repository/io/netty/netty-common/4.1.109.Final/netty-common-4.1.109.Final.jar:/home/runner/.m2/repository/io/netty/netty-buffer/4.1.109.Final/netty-buffer-4.1.109.Final.jar:/home/runner/.m2/repository/io/netty/netty-codec-http/4.1.109.Final/netty-codec-http-4.1.109.Final.jar:/home/runner/.m2/repository/io/netty/netty-handler-proxy/4.1.109.Final/netty-handler-proxy-4.1.109.Final.jar:/home/runner/.m2/repository/io/netty/netty-codec-socks/4.1.109.Final/netty-codec-socks-4.1.109.Final.jar:/home/runner/.m2/repository/io/netty/netty-tcnative-boringssl-static/2.0.65.Final/netty-tcnative-boringssl-static-2.0.65.Final.jar:/home/runner/.m2/repository/io/netty/netty-tcnative-classes/2.0.65.Final/netty-tcnative-classes-2.0.65.Final.jar:/home/runner/.m2/repository/io/netty/netty-tcnative-boringssl-static/2.0.65.Final/netty-tcnative-boringssl-static-2.0.65.Final-linux-x86_64.jar:/home/runner/.m2/repository/io/netty/netty-tcnative-boringssl-static/2.0.65.Final/netty-tcnative-boringssl-static-2.0.65.Final-linux-aarch_64.jar:/home/runner/.m2/repository/io/netty/netty-tcnative-boringssl-static/2.0.65.Final/netty-tcnative-boringssl-static-2.0.65.Final-osx-x86_64.jar:/home/runner/.m2/repository/io/netty/netty-tcnative-boringssl-static/2.0.65.Final/netty-tcnative-boringssl-static-2.0.65.Final-osx-aarch_64.jar:/home/runner/.m2/repository/io/netty/netty-tcnative-boringssl-static/2.0.65.Final/netty-tcnative-boringssl-static-2.0.65.Final-windows-x86_64.jar:/home/runner/.m2/repository/org/apache/commons/commons-compress/1.26.0/commons-compress-1.26.0.jar:/home/runner/work/ozone/ozone/hadoop-hdds/common/target/classes:/home/runner/work/ozone/ozone/hadoop-hdds/client/target/classes:/home/runner/work/ozone/ozone/hadoop-ozone/interface-client/target/classes:/home/runner/.m2/repository/org/apache/hadoop/hadoop-hdfs-client/3.3.6/hadoop-hdfs-client-3.3.6.jar:/home/runner/.m2/repository/com/squareup/okhttp3/okhttp/4.12.0/okhttp-4.12.0.jar:/home/runner/.m2/repository/com/squareup/okio/okio/3.6.0/okio-3.6.0.jar:/home/runner/.m2/repository/com/squareup/okio/okio-jvm/3.6.0/okio-jvm-3.6.0.jar:/home/runner/.m2/repository/org/jetbrains/kotlin/kotlin-stdlib-jdk8/1.9.22/kotlin-stdlib-jdk8-1.9.22.jar:/home/runner/.m2/repository/org/jetbrains/kotlin/kotlin-stdlib-jdk7/1.9.22/kotlin-stdlib-jdk7-1.9.22.jar:/home/runner/.m2/repository/org/jetbrains/kotlin/kotlin-stdlib-common/1.9.22/kotlin-stdlib-common-1.9.22.jar:/home/runner/work/ozone/ozone/hadoop-hdds/test-utils/target/classes:/home/runner/.m2/repository/org/assertj/assertj-core/3.12.2/assertj-core-3.12.2.jar:/home/runner/.m2/repository/com/google/guava/guava/32.1.3-jre/guava-32.1.3-jre.jar:/home/runner/.m2/repository/com/google/guava/failureaccess/1.0.1/failureaccess-1.0.1.jar:/home/runner/.m2/repository/com/google/guava/listenablefuture/9999.0-empty-to-avoid-conflict-with-guava/listenablefuture-9999.0-empty-to-avoid-conflict-with-guava.jar:/home/runner/.m2/repository/org/checkerframework/checker-qual/3.37.0/checker-qual-3.37.0.jar:/home/runner/.m2/repository/com/google/j2objc/j2objc-annotations/2.8/j2objc-annotations-2.8.jar:/home/runner/.m2/repository/commons-io/commons-io/2.16.1/commons-io-2.16.1.jar:/home/runner/.m2/repository/commons-logging/commons-logging/1.2/commons-logging-1.2.jar:/home/runner/.m2/repository/org/junit/jupiter/junit-jupiter-api/5.10.2/junit-jupiter-api-5.10.2.jar:/home/runner/.m2/repository/org/opentest4j/opentest4j/1.3.0/opentest4j-1.3.0.jar:/home/runner/.m2/repository/org/junit/platform/junit-platform-commons/1.10.2/junit-platform-commons-1.10.2.jar:/home/runner/.m2/repository/ch/qos/reload4j/reload4j/1.2.25/reload4j-1.2.25.jar:/home/runner/.m2/repository/jakarta/annotation/jakarta.annotation-api/2.1.1/jakarta.annotation-api-2.1.1.jar:/home/runner/.m2/repository/org/slf4j/slf4j-api/2.0.12/slf4j-api-2.0.12.jar:/home/runner/.m2/repository/org/apache/logging/log4j/log4j-api/2.17.1/log4j-api-2.17.1.jar:/home/runner/work/ozone/ozone/hadoop-hdds/server-scm/target/classes:/home/runner/.m2/repository/com/google/protobuf/protobuf-java/2.5.0/protobuf-java-2.5.0.jar:/home/runner/work/ozone/ozone/hadoop-hdds/container-service/target/classes:/home/runner/work/ozone/ozone/hadoop-hdds/hadoop-dependency-server/target/classes:/home/runner/.m2/repository/com/nimbusds/nimbus-jose-jwt/9.37.2/nimbus-jose-jwt-9.37.2.jar:/home/runner/.m2/repository/com/github/stephenc/jcip/jcip-annotations/1.0-1/jcip-annotations-1.0-1.jar:/home/runner/.m2/repository/org/apache/hadoop/hadoop-hdfs/3.3.6/hadoop-hdfs-3.3.6.jar:/home/runner/.m2/repository/commons-daemon/commons-daemon/1.3.4/commons-daemon-1.3.4.jar:/home/runner/.m2/repository/org/apache/kerby/kerb-core/1.0.1/kerb-core-1.0.1.jar:/home/runner/.m2/repository/org/apache/kerby/kerby-pkix/1.0.1/kerby-pkix-1.0.1.jar:/home/runner/.m2/repository/org/apache/kerby/kerby-asn1/1.0.1/kerby-asn1-1.0.1.jar:/home/runner/.m2/repository/org/apache/kerby/kerby-util/1.0.1/kerby-util-1.0.1.jar:/home/runner/.m2/repository/org/apache/kerby/kerb-util/1.0.1/kerb-util-1.0.1.jar:/home/runner/.m2/repository/org/apache/kerby/kerby-config/1.0.1/kerby-config-1.0.1.jar:/home/runner/.m2/repository/org/apache/kerby/kerb-crypto/1.0.1/kerb-crypto-1.0.1.jar:/home/runner/.m2/repository/org/xerial/snappy/snappy-java/1.1.10.5/snappy-java-1.1.10.5.jar:/home/runner/work/ozone/ozone/hadoop-hdds/framework/target/classes:/home/runner/.m2/repository/org/bouncycastle/bcprov-jdk18on/1.78.1/bcprov-jdk18on-1.78.1.jar:/home/runner/.m2/repository/io/dropwizard/metrics/metrics-core/3.2.4/metrics-core-3.2.4.jar:/home/runner/.m2/repository/org/apache/commons/commons-text/1.11.0/commons-text-1.11.0.jar:/home/runner/work/ozone/ozone/hadoop-hdds/framework/target/test-classes:/home/runner/work/ozone/ozone/hadoop-hdds/interface-server/target/classes:/home/runner/work/ozone/ozone/hadoop-hdds/interface-admin/target/classes:/home/runner/work/ozone/ozone/hadoop-hdds/managed-rocksdb/target/classes:/home/runner/.m2/repository/org/rocksdb/rocksdbjni/7.7.3/rocksdbjni-7.7.3.jar:/home/runner/.m2/repository/org/slf4j/slf4j-reload4j/2.0.12/slf4j-reload4j-2.0.12.jar:/home/runner/.m2/repository/org/apache/commons/commons-configuration2/2.10.1/commons-configuration2-2.10.1.jar:/home/runner/.m2/repository/commons-fileupload/commons-fileupload/1.5/commons-fileupload-1.5.jar:/home/runner/.m2/repository/org/apache/logging/log4j/log4j-core/2.17.1/log4j-core-2.17.1.jar:/home/runner/.m2/repository/com/lmax/disruptor/3.4.4/disruptor-3.4.4.jar:/home/runner/.m2/repository/org/eclipse/jetty/jetty-util/9.4.54.v20240208/jetty-util-9.4.54.v20240208.jar:/home/runner/.m2/repository/org/eclipse/jetty/jetty-server/9.4.54.v20240208/jetty-server-9.4.54.v20240208.jar:/home/runner/.m2/repository/org/eclipse/jetty/jetty-http/9.4.54.v20240208/jetty-http-9.4.54.v20240208.jar:/home/runner/.m2/repository/org/eclipse/jetty/jetty-io/9.4.54.v20240208/jetty-io-9.4.54.v20240208.jar:/home/runner/.m2/repository/org/eclipse/jetty/jetty-servlet/9.4.54.v20240208/jetty-servlet-9.4.54.v20240208.jar:/home/runner/.m2/repository/org/eclipse/jetty/jetty-security/9.4.54.v20240208/jetty-security-9.4.54.v20240208.jar:/home/runner/.m2/repository/org/eclipse/jetty/jetty-util-ajax/9.4.54.v20240208/jetty-util-ajax-9.4.54.v20240208.jar:/home/runner/.m2/repository/org/eclipse/jetty/jetty-webapp/9.4.54.v20240208/jetty-webapp-9.4.54.v20240208.jar:/home/runner/.m2/repository/org/eclipse/jetty/jetty-xml/9.4.54.v20240208/jetty-xml-9.4.54.v20240208.jar:/home/runner/.m2/repository/org/apache/ratis/ratis-server/3.0.1/ratis-server-3.0.1.jar:/home/runner/.m2/repository/org/apache/ratis/ratis-thirdparty-misc/1.0.5/ratis-thirdparty-misc-1.0.5.jar:/home/runner/.m2/repository/org/apache/ratis/ratis-proto/3.0.1/ratis-proto-3.0.1.jar:/home/runner/.m2/repository/org/apache/ratis/ratis-common/3.0.1/ratis-common-3.0.1.jar:/home/runner/.m2/repository/org/apache/ratis/ratis-client/3.0.1/ratis-client-3.0.1.jar:/home/runner/.m2/repository/org/apache/ratis/ratis-server-api/3.0.1/ratis-server-api-3.0.1.jar:/home/runner/.m2/repository/org/apache/ratis/ratis-metrics-api/3.0.1/ratis-metrics-api-3.0.1.jar:/home/runner/.m2/repository/org/apache/ratis/ratis-metrics-dropwizard3/3.0.1/ratis-metrics-dropwizard3-3.0.1.jar:/home/runner/.m2/repository/io/prometheus/simpleclient_dropwizard/0.16.0/simpleclient_dropwizard-0.16.0.jar:/home/runner/.m2/repository/io/prometheus/simpleclient/0.16.0/simpleclient-0.16.0.jar:/home/runner/.m2/repository/io/prometheus/simpleclient_common/0.16.0/simpleclient_common-0.16.0.jar:/home/runner/.m2/repository/com/fasterxml/jackson/datatype/jackson-datatype-jsr310/2.16.1/jackson-datatype-jsr310-2.16.1.jar:/home/runner/.m2/repository/com/fasterxml/jackson/core/jackson-core/2.16.1/jackson-core-2.16.1.jar:/home/runner/work/ozone/ozone/hadoop-hdds/rocksdb-checkpoint-differ/target/classes:/home/runner/.m2/repository/org/jgrapht/jgrapht-core/1.4.0/jgrapht-core-1.4.0.jar:/home/runner/.m2/repository/org/jheaps/jheaps/0.11/jheaps-0.11.jar:/home/runner/.m2/repository/org/jgrapht/jgrapht-ext/1.4.0/jgrapht-ext-1.4.0.jar:/home/runner/.m2/repository/com/github/vlsi/mxgraph/jgraphx/3.9.8.1/jgraphx-3.9.8.1.jar:/home/runner/work/ozone/ozone/hadoop-ozone/ozone-manager/target/classes:/home/runner/.m2/repository/org/aspectj/aspectjrt/1.9.7/aspectjrt-1.9.7.jar:/home/runner/.m2/repository/org/aspectj/aspectjweaver/1.9.7/aspectjweaver-1.9.7.jar:/home/runner/work/ozone/ozone/hadoop-hdds/interface-client/target/classes:/home/runner/.m2/repository/org/apache/hadoop/thirdparty/hadoop-shaded-protobuf_3_7/1.1.1/hadoop-shaded-protobuf_3_7-1.1.1.jar:/home/runner/work/ozone/ozone/hadoop-ozone/interface-storage/target/classes:/home/runner/.m2/repository/org/reflections/reflections/0.10.2/reflections-0.10.2.jar:/home/runner/.m2/repository/com/sun/jersey/jersey-client/1.19.4/jersey-client-1.19.4.jar:/home/runner/.m2/repository/org/codehaus/jackson/jackson-core-asl/1.9.13/jackson-core-asl-1.9.13.jar:/home/runner/.m2/repository/org/codehaus/jackson/jackson-mapper-asl/1.9.13/jackson-mapper-asl-1.9.13.jar:/home/runner/.m2/repository/org/codehaus/jackson/jackson-jaxrs/1.9.13/jackson-jaxrs-1.9.13.jar:/home/runner/.m2/repository/org/apache/ranger/ranger-intg/2.3.0/ranger-intg-2.3.0.jar:/home/runner/.m2/repository/org/apache/ranger/ranger-plugins-common/2.3.0/ranger-plugins-common-2.3.0.jar:/home/runner/.m2/repository/commons-lang/commons-lang/2.6/commons-lang-2.6.jar:/home/runner/.m2/repository/org/apache/ranger/ranger-plugins-cred/2.3.0/ranger-plugins-cred-2.3.0.jar:/home/runner/.m2/repository/org/apache/ranger/ranger-plugins-audit/2.3.0/ranger-plugins-audit-2.3.0.jar:/home/runner/.m2/repository/org/eclipse/jetty/jetty-client/9.4.54.v20240208/jetty-client-9.4.54.v20240208.jar:/home/runner/.m2/repository/org/apache/httpcomponents/httpmime/4.5.6/httpmime-4.5.6.jar:/home/runner/.m2/repository/org/apache/httpcomponents/httpcore-nio/4.4.16/httpcore-nio-4.4.16.jar:/home/runner/.m2/repository/org/apache/httpcomponents/httpasyncclient/4.1.3/httpasyncclient-4.1.3.jar:/home/runner/.m2/repository/com/carrotsearch/hppc/0.8.0/hppc-0.8.0.jar:/home/runner/.m2/repository/org/apache/orc/orc-core/1.5.8/orc-core-1.5.8.jar:/home/runner/.m2/repository/net/java/dev/jna/jna/5.2.0/jna-5.2.0.jar:/home/runner/.m2/repository/net/java/dev/jna/jna-platform/5.2.0/jna-platform-5.2.0.jar:/home/runner/.m2/repository/com/kstruct/gethostname4j/0.0.2/gethostname4j-0.0.2.jar:/home/runner/.m2/repository/org/apache/ranger/ranger-plugin-classloader/2.3.0/ranger-plugin-classloader-2.3.0.jar:/home/runner/work/ozone/ozone/hadoop-hdds/rocks-native/target/classes:/home/runner/.m2/repository/org/apache/hadoop/hadoop-minikdc/3.3.6/hadoop-minikdc-3.3.6.jar:/home/runner/.m2/repository/org/apache/kerby/kerb-simplekdc/1.0.1/kerb-simplekdc-1.0.1.jar:/home/runner/.m2/repository/org/apache/kerby/kerb-client/1.0.1/kerb-client-1.0.1.jar:/home/runner/.m2/repository/org/apache/kerby/kerb-common/1.0.1/kerb-common-1.0.1.jar:/home/runner/.m2/repository/org/apache/kerby/token-provider/1.0.1/token-provider-1.0.1.jar:/home/runner/.m2/repository/org/apache/kerby/kerb-admin/1.0.1/kerb-admin-1.0.1.jar:/home/runner/.m2/repository/org/apache/kerby/kerb-server/1.0.1/kerb-server-1.0.1.jar:/home/runner/.m2/repository/org/apache/kerby/kerb-identity/1.0.1/kerb-identity-1.0.1.jar:/home/runner/.m2/repository/org/apache/kerby/kerby-xdr/1.0.1/kerby-xdr-1.0.1.jar:/home/runner/.m2/repository/junit/junit/4.13.2/junit-4.13.2.jar:/home/runner/.m2/repository/org/hamcrest/hamcrest-core/1.3/hamcrest-core-1.3.jar:/home/runner/work/ozone/ozone/hadoop-ozone/s3gateway/target/classes:/home/runner/.m2/repository/org/javassist/javassist/3.30.2-GA/javassist-3.30.2-GA.jar:/home/runner/.m2/repository/org/jboss/weld/servlet/weld-servlet-shaded/3.1.9.Final/weld-servlet-shaded-3.1.9.Final.jar:/home/runner/.m2/repository/org/glassfish/jersey/containers/jersey-container-servlet-core/2.42/jersey-container-servlet-core-2.42.jar:/home/runner/.m2/repository/org/glassfish/hk2/external/jakarta.inject/2.6.1/jakarta.inject-2.6.1.jar:/home/runner/.m2/repository/org/glassfish/jersey/core/jersey-common/2.42/jersey-common-2.42.jar:/home/runner/.m2/repository/jakarta/ws/rs/jakarta.ws.rs-api/2.1.6/jakarta.ws.rs-api-2.1.6.jar:/home/runner/.m2/repository/org/glassfish/jersey/ext/cdi/jersey-cdi1x/2.42/jersey-cdi1x-2.42.jar:/home/runner/.m2/repository/org/glassfish/jersey/inject/jersey-hk2/2.42/jersey-hk2-2.42.jar:/home/runner/.m2/repository/org/glassfish/hk2/hk2-locator/2.6.1/hk2-locator-2.6.1.jar:/home/runner/.m2/repository/org/glassfish/jersey/media/jersey-media-jaxb/2.42/jersey-media-jaxb-2.42.jar:/home/runner/.m2/repository/org/glassfish/hk2/osgi-resource-locator/1.0.3/osgi-resource-locator-1.0.3.jar:/home/runner/.m2/repository/org/glassfish/hk2/hk2-api/2.6.1/hk2-api-2.6.1.jar:/home/runner/.m2/repository/org/glassfish/hk2/hk2-utils/2.6.1/hk2-utils-2.6.1.jar:/home/runner/.m2/repository/org/glassfish/hk2/external/aopalliance-repackaged/2.6.1/aopalliance-repackaged-2.6.1.jar:/home/runner/.m2/repository/com/fasterxml/jackson/dataformat/jackson-dataformat-xml/2.16.1/jackson-dataformat-xml-2.16.1.jar:/home/runner/.m2/repository/org/codehaus/woodstox/stax2-api/4.2.2/stax2-api-4.2.2.jar:/home/runner/.m2/repository/com/fasterxml/woodstox/woodstox-core/5.4.0/woodstox-core-5.4.0.jar:/home/runner/.m2/repository/com/fasterxml/jackson/module/jackson-module-jaxb-annotations/2.16.1/jackson-module-jaxb-annotations-2.16.1.jar:/home/runner/.m2/repository/javax/enterprise/cdi-api/2.0/cdi-api-2.0.jar:/home/runner/.m2/repository/javax/el/javax.el-api/3.0.0/javax.el-api-3.0.0.jar:/home/runner/.m2/repository/javax/interceptor/javax.interceptor-api/1.2/javax.interceptor-api-1.2.jar:/home/runner/.m2/repository/javax/inject/javax.inject/1/javax.inject-1.jar:/home/runner/.m2/repository/jakarta/xml/bind/jakarta.xml.bind-api/2.3.3/jakarta.xml.bind-api-2.3.3.jar:/home/runner/.m2/repository/org/glassfish/jaxb/jaxb-runtime/2.3.9/jaxb-runtime-2.3.9.jar:/home/runner/.m2/repository/org/glassfish/jaxb/txw2/2.3.9/txw2-2.3.9.jar:/home/runner/.m2/repository/com/sun/istack/istack-commons-runtime/3.0.12/istack-commons-runtime-3.0.12.jar:/home/runner/.m2/repository/com/sun/activation/jakarta.activation/1.2.2/jakarta.activation-1.2.2.jar:/home/runner/.m2/repository/jakarta/activation/jakarta.activation-api/1.2.2/jakarta.activation-api-1.2.2.jar:/home/runner/.m2/repository/io/grpc/grpc-protobuf/1.58.0/grpc-protobuf-1.58.0.jar:/home/runner/.m2/repository/com/google/api/grpc/proto-google-common-protos/2.22.0/proto-google-common-protos-2.22.0.jar:/home/runner/.m2/repository/io/grpc/grpc-protobuf-lite/1.58.0/grpc-protobuf-lite-1.58.0.jar:/home/runner/.m2/repository/io/grpc/grpc-stub/1.58.0/grpc-stub-1.58.0.jar:/home/runner/.m2/repository/io/netty/netty-transport/4.1.109.Final/netty-transport-4.1.109.Final.jar:/home/runner/.m2/repository/io/netty/netty-resolver/4.1.109.Final/netty-resolver-4.1.109.Final.jar:/home/runner/work/ozone/ozone/hadoop-ozone/csi/target/classes:/home/runner/.m2/repository/com/google/protobuf/protobuf-java-util/3.19.6/protobuf-java-util-3.19.6.jar:/home/runner/.m2/repository/com/google/code/gson/gson/2.10.1/gson-2.10.1.jar:/home/runner/work/ozone/ozone/hadoop-hdds/config/target/classes:/home/runner/.m2/repository/io/netty/netty-transport-native-epoll/4.1.109.Final/netty-transport-native-epoll-4.1.109.Final-linux-x86_64.jar:/home/runner/.m2/repository/io/netty/netty-transport-classes-epoll/4.1.109.Final/netty-transport-classes-epoll-4.1.109.Final.jar:/home/runner/.m2/repository/io/netty/netty-transport-native-unix-common/4.1.109.Final/netty-transport-native-unix-common-4.1.109.Final.jar:/home/runner/work/ozone/ozone/hadoop-ozone/recon/target/classes:/home/runner/work/ozone/ozone/hadoop-ozone/recon-codegen/target/classes:/home/runner/.m2/repository/com/google/inject/guice/6.0.0/guice-6.0.0.jar:/home/runner/.m2/repository/jakarta/inject/jakarta.inject-api/2.0.1/jakarta.inject-api-2.0.1.jar:/home/runner/.m2/repository/aopalliance/aopalliance/1.0/aopalliance-1.0.jar:/home/runner/.m2/repository/com/google/inject/extensions/guice-assistedinject/6.0.0/guice-assistedinject-6.0.0.jar:/home/runner/.m2/repository/com/google/inject/extensions/guice-servlet/6.0.0/guice-servlet-6.0.0.jar:/home/runner/.m2/repository/org/glassfish/jersey/containers/jersey-container-servlet/2.42/jersey-container-servlet-2.42.jar:/home/runner/.m2/repository/org/glassfish/hk2/guice-bridge/2.6.1/guice-bridge-2.6.1.jar:/home/runner/.m2/repository/org/glassfish/jersey/core/jersey-server/2.42/jersey-server-2.42.jar:/home/runner/.m2/repository/org/glassfish/jersey/core/jersey-client/2.42/jersey-client-2.42.jar:/home/runner/.m2/repository/jakarta/validation/jakarta.validation-api/2.0.2/jakarta.validation-api-2.0.2.jar:/home/runner/.m2/repository/org/glassfish/jersey/media/jersey-media-json-jackson/2.42/jersey-media-json-jackson-2.42.jar:/home/runner/.m2/repository/org/glassfish/jersey/ext/jersey-entity-filtering/2.42/jersey-entity-filtering-2.42.jar:/home/runner/.m2/repository/org/jooq/jooq/3.11.10/jooq-3.11.10.jar:/home/runner/.m2/repository/org/jooq/jooq-meta/3.11.10/jooq-meta-3.11.10.jar:/home/runner/.m2/repository/org/jooq/jooq-codegen/3.11.10/jooq-codegen-3.11.10.jar:/home/runner/.m2/repository/com/jolbox/bonecp/0.8.0.RELEASE/bonecp-0.8.0.RELEASE.jar:/home/runner/.m2/repository/org/apache/derby/derby/10.14.2.0/derby-10.14.2.0.jar:/home/runner/.m2/repository/org/xerial/sqlite-jdbc/3.44.1.0/sqlite-jdbc-3.44.1.0.jar:/home/runner/.m2/repository/org/springframework/spring-jdbc/5.3.34/spring-jdbc-5.3.34.jar:/home/runner/.m2/repository/org/springframework/spring-beans/5.3.34/spring-beans-5.3.34.jar:/home/runner/.m2/repository/org/springframework/spring-core/5.3.34/spring-core-5.3.34.jar:/home/runner/.m2/repository/org/springframework/spring-tx/5.3.34/spring-tx-5.3.34.jar:/home/runner/work/ozone/ozone/hadoop-ozone/client/target/classes:/home/runner/work/ozone/ozone/hadoop-hdds/erasurecode/target/classes:/home/runner/work/ozone/ozone/hadoop-ozone/ozonefs/target/classes:/home/runner/work/ozone/ozone/hadoop-ozone/ozonefs-common/target/classes:/home/runner/work/ozone/ozone/hadoop-ozone/tools/target/classes:/home/runner/.m2/repository/com/amazonaws/aws-java-sdk-core/1.12.661/aws-java-sdk-core-1.12.661.jar:/home/runner/.m2/repository/org/apache/httpcomponents/httpclient/4.5.14/httpclient-4.5.14.jar:/home/runner/.m2/repository/org/apache/httpcomponents/httpcore/4.4.16/httpcore-4.4.16.jar:/home/runner/.m2/repository/com/fasterxml/jackson/dataformat/jackson-dataformat-cbor/2.16.1/jackson-dataformat-cbor-2.16.1.jar:/home/runner/.m2/repository/joda-time/joda-time/2.12.7/joda-time-2.12.7.jar:/home/runner/.m2/repository/com/amazonaws/aws-java-sdk-s3/1.12.661/aws-java-sdk-s3-1.12.661.jar:/home/runner/.m2/repository/com/amazonaws/aws-java-sdk-kms/1.12.661/aws-java-sdk-kms-1.12.661.jar:/home/runner/.m2/repository/com/amazonaws/jmespath-java/1.12.661/jmespath-java-1.12.661.jar:/home/runner/.m2/repository/org/kohsuke/metainf-services/metainf-services/1.11/metainf-services-1.11.jar:/home/runner/work/ozone/ozone/hadoop-hdds/tools/target/classes:/home/runner/.m2/repository/org/apache/ratis/ratis-tools/3.0.1/ratis-tools-3.0.1.jar:/home/runner/.m2/repository/commons-cli/commons-cli/1.6.0/commons-cli-1.6.0.jar:/home/runner/.m2/repository/org/apache/commons/commons-lang3/3.14.0/commons-lang3-3.14.0.jar:/home/runner/work/ozone/ozone/hadoop-ozone/ozone-manager/target/test-classes:/home/runner/work/ozone/ozone/hadoop-hdds/common/target/test-classes:/home/runner/work/ozone/ozone/hadoop-hdds/hadoop-dependency-client/target/classes:/home/runner/.m2/repository/info/picocli/picocli/4.7.5/picocli-4.7.5.jar:/home/runner/.m2/repository/com/fasterxml/jackson/core/jackson-annotations/2.16.1/jackson-annotations-2.16.1.jar:/home/runner/work/ozone/ozone/hadoop-hdds/annotations/target/classes:/home/runner/.m2/repository/javax/annotation/javax.annotation-api/1.3.2/javax.annotation-api-1.3.2.jar:/home/runner/.m2/repository/org/apache/ratis/ratis-netty/3.0.1/ratis-netty-3.0.1.jar:/home/runner/.m2/repository/org/apache/ratis/ratis-grpc/3.0.1/ratis-grpc-3.0.1.jar:/home/runner/.m2/repository/org/bouncycastle/bcpkix-jdk18on/1.78.1/bcpkix-jdk18on-1.78.1.jar:/home/runner/.m2/repository/org/bouncycastle/bcutil-jdk18on/1.78.1/bcutil-jdk18on-1.78.1.jar:/home/runner/.m2/repository/commons-validator/commons-validator/1.6/commons-validator-1.6.jar:/home/runner/.m2/repository/commons-beanutils/commons-beanutils/1.9.4/commons-beanutils-1.9.4.jar:/home/runner/.m2/repository/commons-digester/commons-digester/1.8.1/commons-digester-1.8.1.jar:/home/runner/.m2/repository/commons-collections/commons-collections/3.2.2/commons-collections-3.2.2.jar:/home/runner/.m2/repository/io/jaegertracing/jaeger-client/1.8.1/jaeger-client-1.8.1.jar:/home/runner/.m2/repository/io/jaegertracing/jaeger-thrift/1.8.1/jaeger-thrift-1.8.1.jar:/home/runner/.m2/repository/org/apache/thrift/libthrift/0.15.0/libthrift-0.15.0.jar:/home/runner/.m2/repository/io/jaegertracing/jaeger-core/1.8.1/jaeger-core-1.8.1.jar:/home/runner/.m2/repository/io/jaegertracing/jaeger-tracerresolver/1.8.1/jaeger-tracerresolver-1.8.1.jar:/home/runner/.m2/repository/io/opentracing/contrib/opentracing-tracerresolver/0.1.8/opentracing-tracerresolver-0.1.8.jar:/home/runner/.m2/repository/org/jetbrains/kotlin/kotlin-stdlib/1.9.22/kotlin-stdlib-1.9.22.jar:/home/runner/.m2/repository/org/jetbrains/annotations/13.0/annotations-13.0.jar:/home/runner/.m2/repository/io/opentracing/opentracing-util/0.33.0/opentracing-util-0.33.0.jar:/home/runner/.m2/repository/io/opentracing/opentracing-api/0.33.0/opentracing-api-0.33.0.jar:/home/runner/.m2/repository/io/opentracing/opentracing-noop/0.33.0/opentracing-noop-0.33.0.jar:/home/runner/.m2/repository/org/yaml/snakeyaml/2.0/snakeyaml-2.0.jar:/home/runner/.m2/repository/io/grpc/grpc-api/1.58.0/grpc-api-1.58.0.jar:/home/runner/.m2/repository/org/junit/platform/junit-platform-launcher/1.10.2/junit-platform-launcher-1.10.2.jar:/home/runner/.m2/repository/org/junit/platform/junit-platform-engine/1.10.2/junit-platform-engine-1.10.2.jar:/home/runner/.m2/repository/org/apiguardian/apiguardian-api/1.1.2/apiguardian-api-1.1.2.jar:/home/runner/.m2/repository/org/apache/hadoop/hadoop-kms/3.3.6/hadoop-kms-3.3.6.jar:/home/runner/.m2/repository/org/apache/hadoop/hadoop-auth/3.3.6/hadoop-auth-3.3.6.jar:/home/runner/.m2/repository/org/apache/zookeeper/zookeeper/3.8.4/zookeeper-3.8.4.jar:/home/runner/.m2/repository/org/apache/zookeeper/zookeeper-jute/3.8.4/zookeeper-jute-3.8.4.jar:/home/runner/.m2/repository/org/apache/yetus/audience-annotations/0.12.0/audience-annotations-0.12.0.jar:/home/runner/.m2/repository/org/apache/curator/curator-framework/4.2.0/curator-framework-4.2.0.jar:/home/runner/.m2/repository/org/apache/hadoop/thirdparty/hadoop-shaded-guava/1.2.0/hadoop-shaded-guava-1.2.0.jar:/home/runner/.m2/repository/com/sun/jersey/jersey-core/1.19.4/jersey-core-1.19.4.jar:/home/runner/.m2/repository/javax/ws/rs/jsr311-api/1.1.1/jsr311-api-1.1.1.jar:/home/runner/.m2/repository/com/sun/jersey/jersey-server/1.19.4/jersey-server-1.19.4.jar:/home/runner/.m2/repository/javax/servlet/javax.servlet-api/3.1.0/javax.servlet-api-3.1.0.jar:/home/runner/.m2/repository/org/apache/hadoop/hadoop-common/3.3.6/hadoop-common-3.3.6.jar:/home/runner/.m2/repository/org/apache/commons/commons-math3/3.6.1/commons-math3-3.6.1.jar:/home/runner/.m2/repository/commons-net/commons-net/3.10.0/commons-net-3.10.0.jar:/home/runner/.m2/repository/com/sun/jersey/jersey-servlet/1.19.4/jersey-servlet-1.19.4.jar:/home/runner/.m2/repository/com/github/pjfanning/jersey-json/1.20/jersey-json-1.20.jar:/home/runner/.m2/repository/org/codehaus/jettison/jettison/1.1/jettison-1.1.jar:/home/runner/.m2/repository/com/sun/xml/bind/jaxb-impl/2.2.3-1/jaxb-impl-2.2.3-1.jar:/home/runner/.m2/repository/com/google/re2j/re2j/1.7/re2j-1.7.jar:/home/runner/.m2/repository/com/jcraft/jsch/0.1.55/jsch-0.1.55.jar:/home/runner/.m2/repository/org/apache/curator/curator-client/4.2.0/curator-client-4.2.0.jar:/home/runner/.m2/repository/org/apache/curator/curator-recipes/5.2.0/curator-recipes-5.2.0.jar:/home/runner/.m2/repository/com/google/code/findbugs/jsr305/3.0.2/jsr305-3.0.2.jar:/home/runner/.m2/repository/dnsjava/dnsjava/2.1.9/dnsjava-2.1.9.jar:/home/runner/.m2/repository/com/fasterxml/jackson/core/jackson-databind/2.16.1/jackson-databind-2.16.1.jar:/home/runner/.m2/repository/org/apache/hadoop/hadoop-kms/3.3.6/hadoop-kms-3.3.6-tests.jar:/home/runner/work/ozone/ozone/hadoop-hdds/server-scm/target/test-classes:/home/runner/work/ozone/ozone/hadoop-hdds/container-service/target/test-classes:/home/runner/.m2/repository/com/github/luben/zstd-jni/1.5.6-2/zstd-jni-1.5.6-2.jar:/home/runner/.m2/repository/commons-codec/commons-codec/1.15/commons-codec-1.15.jar:/home/runner/.m2/repository/io/netty/netty-codec/4.1.109.Final/netty-codec-4.1.109.Final.jar:/home/runner/.m2/repository/io/netty/netty-handler/4.1.109.Final/netty-handler-4.1.109.Final.jar:/home/runner/work/ozone/ozone/hadoop-hdds/hadoop-dependency-test/target/classes:/home/runner/.m2/repository/org/apache/hadoop/hadoop-common/3.3.6/hadoop-common-3.3.6-tests.jar:/home/runner/.m2/repository/org/apache/hadoop/hadoop-hdfs/3.3.6/hadoop-hdfs-3.3.6-tests.jar:/home/runner/.m2/repository/org/junit/jupiter/junit-jupiter-engine/5.10.2/junit-jupiter-engine-5.10.2.jar:/home/runner/.m2/repository/org/junit/jupiter/junit-jupiter-params/5.10.2/junit-jupiter-params-5.10.2.jar:/home/runner/.m2/repository/org/mockito/mockito-core/4.11.0/mockito-core-4.11.0.jar:/home/runner/.m2/repository/net/bytebuddy/byte-buddy/1.12.19/byte-buddy-1.12.19.jar:/home/runner/.m2/repository/net/bytebuddy/byte-buddy-agent/1.12.19/byte-buddy-agent-1.12.19.jar:/home/runner/.m2/repository/org/objenesis/objenesis/3.3/objenesis-3.3.jar:/home/runner/.m2/repository/org/mockito/mockito-inline/4.11.0/mockito-inline-4.11.0.jar:/home/runner/.m2/repository/org/mockito/mockito-junit-jupiter/4.11.0/mockito-junit-jupiter-4.11.0.jar:/home/runner/.m2/repository/org/apache/hadoop/hadoop-distcp/3.3.6/hadoop-distcp-3.3.6.jar:/home/runner/.m2/repository/org/apache/hadoop/hadoop-mapreduce-client-jobclient/3.3.6/hadoop-mapreduce-client-jobclient-3.3.6.jar:/home/runner/.m2/repository/org/apache/hadoop/hadoop-mapreduce-client-common/3.3.6/hadoop-mapreduce-client-common-3.3.6.jar:/home/runner/.m2/repository/org/apache/hadoop/hadoop-yarn-common/3.3.6/hadoop-yarn-common-3.3.6.jar:/home/runner/.m2/repository/org/apache/hadoop/hadoop-yarn-api/3.3.6/hadoop-yarn-api-3.3.6.jar:/home/runner/.m2/repository/javax/xml/bind/jaxb-api/2.2.11/jaxb-api-2.2.11.jar:/home/runner/.m2/repository/com/sun/jersey/contribs/jersey-guice/1.19.4/jersey-guice-1.19.4.jar:/home/runner/.m2/repository/com/fasterxml/jackson/jaxrs/jackson-jaxrs-json-provider/2.16.1/jackson-jaxrs-json-provider-2.16.1.jar:/home/runner/.m2/repository/com/fasterxml/jackson/jaxrs/jackson-jaxrs-base/2.16.1/jackson-jaxrs-base-2.16.1.jar:/home/runner/.m2/repository/org/apache/hadoop/hadoop-yarn-client/3.3.6/hadoop-yarn-client-3.3.6.jar:/home/runner/.m2/repository/org/eclipse/jetty/websocket/websocket-client/9.4.51.v20230217/websocket-client-9.4.51.v20230217.jar:/home/runner/.m2/repository/org/eclipse/jetty/websocket/websocket-common/9.4.51.v20230217/websocket-common-9.4.51.v20230217.jar:/home/runner/.m2/repository/org/eclipse/jetty/websocket/websocket-api/9.4.51.v20230217/websocket-api-9.4.51.v20230217.jar:/home/runner/.m2/repository/org/jline/jline/3.9.0/jline-3.9.0.jar:/home/runner/.m2/repository/org/apache/hadoop/hadoop-mapreduce-client-core/3.3.6/hadoop-mapreduce-client-core-3.3.6.jar:/home/runner/.m2/repository/org/apache/avro/avro/1.7.7/avro-1.7.7.jar:/home/runner/.m2/repository/com/thoughtworks/paranamer/paranamer/2.3/paranamer-2.3.jar:/home/runner/.m2/repository/org/apache/hadoop/hadoop-annotations/3.3.6/hadoop-annotations-3.3.6.jar:/home/runner/.m2/repository/io/netty/netty/3.10.6.Final/netty-3.10.6.Final.jar:/home/runner/.m2/repository/org/apache/hadoop/hadoop-distcp/3.3.6/hadoop-distcp-3.3.6-tests.jar:/home/runner/.m2/repository/org/hamcrest/hamcrest/2.2/hamcrest-2.2.jar:/home/runner/.m2/repository/org/slf4j/jul-to-slf4j/2.0.12/jul-to-slf4j-2.0.12.jar:/home/runner/work/ozone/ozone/hadoop-ozone/integration-test/target/gradle-enterprise/test-listeners.jar:"/>
    <property name="sun.cpu.endian" value="little"/>
    <property name="user.home" value="/home/runner"/>
    <property name="user.language" value="en"/>
    <property name="java.specification.vendor" value="Oracle Corporation"/>
    <property name="java.version.date" value="2024-01-16"/>
    <property name="java.home" value="/usr/lib/jvm/temurin-17-jdk-amd64"/>
    <property name="java.security.krb5.conf" value="/home/runner/work/ozone/ozone/hadoop-ozone/integration-test/target/test-classes/krb5.conf"/>
    <property name="file.separator" value="/"/>
    <property name="basedir" value="/home/runner/work/ozone/ozone/hadoop-ozone/integration-test"/>
    <property name="java.vm.compressedOopsMode" value="Zero based"/>
    <property name="line.separator" value="&#10;"/>
    <property name="java.vm.specification.vendor" value="Oracle Corporation"/>
    <property name="java.specification.name" value="Java Platform API Specification"/>
    <property name="skip.installnpx" value="true"/>
    <property name="surefire.real.class.path" value="/home/runner/work/ozone/ozone/hadoop-ozone/integration-test/target/surefire/surefirebooter5497077607237298943.jar"/>
    <property name="hadoop.log.dir" value="/home/runner/work/ozone/ozone/hadoop-ozone/integration-test/target/log"/>
    <property name="sun.management.compiler" value="HotSpot 64-Bit Tiered Compilers"/>
    <property name="java.runtime.version" value="17.0.10+7"/>
    <property name="skip.npx" value="true"/>
    <property name="user.name" value="runner"/>
    <property name="java.net.preferIPv4Stack" value="true"/>
    <property name="path.separator" value=":"/>
    <property name="java.security.egd" value="file:///dev/urandom"/>
    <property name="os.version" value="5.15.0-1061-azure"/>
    <property name="java.runtime.name" value="OpenJDK Runtime Environment"/>
    <property name="com.gradle.maven.scan.extension.test.listener.junitplatform.NestedExecutionSafeDelegatingTestExecutionListener" value="4f67eb2a"/>
    <property name="file.encoding" value="UTF-8"/>
    <property name="java.vm.name" value="OpenJDK 64-Bit Server VM"/>
    <property name="java.vendor.version" value="Temurin-17.0.10+7"/>
    <property name="test.build.webapps" value=""/>
    <property name="gradle.enterprise.listener.port" value="39591"/>
    <property name="localRepository" value="/home/runner/.m2/repository"/>
    <property name="java.vendor.url.bug" value="https://github.com/adoptium/adoptium-support/issues"/>
    <property name="jetty.git.hash" value="cef3fbd6d736a21e7d541a5db490381d95a2047d"/>
    <property name="java.io.tmpdir" value="/tmp"/>
    <property name="require.test.libhadoop" value=""/>
    <property name="java.version" value="17.0.10"/>
    <property name="user.dir" value="/home/runner/work/ozone/ozone/hadoop-ozone/integration-test"/>
    <property name="os.arch" value="amd64"/>
    <property name="java.vm.specification.name" value="Java Virtual Machine Specification"/>
    <property name="test.build.classes" value="/home/runner/work/ozone/ozone/hadoop-ozone/integration-test/target/test-classes"/>
    <property name="org.apache.ratis.thirdparty.io.netty.allocator.useCacheForAllThreads" value="false"/>
    <property name="native.encoding" value="UTF-8"/>
    <property name="hadoop.tmp.dir" value="/home/runner/work/ozone/ozone/hadoop-ozone/integration-test/target/tmp"/>
    <property name="java.library.path" value="/usr/java/packages/lib:/usr/lib64:/lib64:/lib:/usr/lib"/>
    <property name="java.vm.info" value="mixed mode, sharing"/>
    <property name="java.vendor" value="Eclipse Adoptium"/>
    <property name="java.vm.version" value="17.0.10+7"/>
    <property name="sun.io.unicode.encoding" value="UnicodeLittle"/>
    <property name="java.class.version" value="61.0"/>
  </properties>
  <testcase name="testReleaseBuffers" classname="org.apache.hadoop.hdds.scm.storage.TestCommitWatcher" time="31.154"/>
  <testcase name="testReleaseBuffersOnException" classname="org.apache.hadoop.hdds.scm.storage.TestCommitWatcher" time="350.171">
    <error type="java.util.concurrent.TimeoutException"><![CDATA[java.util.concurrent.TimeoutException: testReleaseBuffersOnException() timed out after 300 seconds
	at java.base/java.util.ArrayList.forEach(ArrayList.java:1511)
	at java.base/java.util.ArrayList.forEach(ArrayList.java:1511)
]]></error>
    <system-out><![CDATA[2024-05-10 09:17:56,107 [main] WARN  server.ServerUtils (ServerUtils.java:getScmDbDir(143)) - ozone.scm.db.dirs is not configured. We recommend adding this setting. Falling back to ozone.metadata.dirs instead.
2024-05-10 09:17:56,110 [main] WARN  server.ServerUtils (ServerUtils.java:getScmDbDir(143)) - ozone.scm.db.dirs is not configured. We recommend adding this setting. Falling back to ozone.metadata.dirs instead.
2024-05-10 09:17:56,110 [main] INFO  ha.SCMHANodeDetails (SCMHANodeDetails.java:loadSCMHAConfig(207)) - ServiceID for StorageContainerManager is null
2024-05-10 09:17:56,110 [main] INFO  ha.SCMHANodeDetails (SCMHANodeDetails.java:loadSCMHAConfig(212)) - ozone.scm.default.service.id is not defined, falling back to ozone.scm.service.ids to find serviceID for StorageContainerManager if it is HA enabled cluster
2024-05-10 09:17:56,111 [main] WARN  utils.HAUtils (HAUtils.java:getMetaDir(339)) - ozone.scm.db.dirs is not configured. We recommend adding this setting. Falling back to ozone.metadata.dirs instead.
2024-05-10 09:17:56,111 [main] WARN  db.DBStoreBuilder (DBStoreBuilder.java:applyDBDefinition(171)) - ozone.scm.db.dirs is not configured. We recommend adding this setting. Falling back to ozone.metadata.dirs instead.
2024-05-10 09:17:56,211 [main] INFO  net.NodeSchemaLoader (NodeSchemaLoader.java:loadSchemaFromFile(129)) - Loading schema from [file:/home/runner/work/ozone/ozone/hadoop-hdds/common/target/classes/network-topology-default.xml]
2024-05-10 09:17:56,211 [main] INFO  net.NodeSchemaLoader (NodeSchemaLoader.java:loadSchema(176)) - Loading network topology layer schema file
2024-05-10 09:17:56,214 [main] INFO  upgrade.AbstractLayoutVersionManager (AbstractLayoutVersionManager.java:init(83)) - Initializing Layout version manager with metadata layout = HADOOP_PRC_PORTS_IN_DATANODEDETAILS (version = 7), software layout = HADOOP_PRC_PORTS_IN_DATANODEDETAILS (version = 7)
2024-05-10 09:17:56,215 [main] INFO  ha.SequenceIdGenerator (SequenceIdGenerator.java:upgradeToSequenceId(370)) - upgrade localId to 113750153625600000
2024-05-10 09:17:56,216 [main] INFO  ha.SequenceIdGenerator (SequenceIdGenerator.java:upgradeToSequenceId(380)) - upgrade delTxnId to 0
2024-05-10 09:17:56,217 [main] INFO  ha.SequenceIdGenerator (SequenceIdGenerator.java:upgradeToSequenceId(397)) - upgrade containerId to 0
2024-05-10 09:17:56,218 [main] INFO  ha.SequenceIdGenerator (SequenceIdGenerator.java:upgradeToCertificateSequenceId(444)) - upgrade CertificateId to 2
2024-05-10 09:17:56,219 [main] INFO  ha.SequenceIdGenerator (SequenceIdGenerator.java:<init>(241)) - Init the HA SequenceIdGenerator.
2024-05-10 09:17:56,219 [main] WARN  server.ServerUtils (ServerUtils.java:sanitizeUserArgs(73)) - ozone.scm.dead.node.interval value = 600000 is smaller than min = 2000000 based on the key value of ozone.scm.stale.node.interval, reset to the min value 2000000.
2024-05-10 09:17:56,219 [main] INFO  node.SCMNodeManager (SCMNodeManager.java:<init>(177)) - Entering startup safe mode.
2024-05-10 09:17:56,220 [main] INFO  algorithms.ContainerPlacementPolicyFactory (ContainerPlacementPolicyFactory.java:getPolicyInternal(86)) - Create container placement policy of type org.apache.hadoop.hdds.scm.container.placement.algorithms.SCMContainerPlacementRackAware
2024-05-10 09:17:56,220 [main] INFO  algorithms.ContainerPlacementPolicyFactory (ContainerPlacementPolicyFactory.java:getPolicyInternal(86)) - Create container placement policy of type org.apache.hadoop.hdds.scm.container.placement.algorithms.SCMContainerPlacementRackScatter
2024-05-10 09:17:56,220 [main] INFO  pipeline.PipelineStateManagerImpl (PipelineStateManagerImpl.java:initialize(78)) - No pipeline exists in current db
2024-05-10 09:17:56,220 [main] INFO  algorithms.LeaderChoosePolicyFactory (LeaderChoosePolicyFactory.java:getPolicy(57)) - Create leader choose policy of type org.apache.hadoop.hdds.scm.pipeline.leader.choose.algorithms.MinLeaderCountChoosePolicy
2024-05-10 09:17:56,220 [main] INFO  algorithms.ContainerPlacementPolicyFactory (ContainerPlacementPolicyFactory.java:getPolicyInternal(86)) - Create container placement policy of type org.apache.hadoop.hdds.scm.container.placement.algorithms.SCMContainerPlacementRackScatter
2024-05-10 09:17:56,221 [main] INFO  ha.SCMServiceManager (SCMServiceManager.java:register(42)) - Registering service BackgroundPipelineCreator.
2024-05-10 09:17:56,221 [main] INFO  pipeline.BackgroundPipelineCreator (BackgroundPipelineCreator.java:start(127)) - Starting RatisPipelineUtilsThread.
2024-05-10 09:17:56,221 [main] INFO  BackgroundPipelineScrubber (BackgroundSCMService.java:start(65)) - Starting BackgroundPipelineScrubber Service.
2024-05-10 09:17:56,221 [main] INFO  ha.SCMServiceManager (SCMServiceManager.java:register(42)) - Registering service BackgroundPipelineScrubber.
2024-05-10 09:17:56,221 [main] INFO  ExpiredContainerReplicaOpScrubber (BackgroundSCMService.java:start(65)) - Starting ExpiredContainerReplicaOpScrubber Service.
2024-05-10 09:17:56,222 [main] INFO  ha.SCMServiceManager (SCMServiceManager.java:register(42)) - Registering service ExpiredContainerReplicaOpScrubber.
2024-05-10 09:17:56,223 [main] INFO  algorithms.PipelineChoosePolicyFactory (PipelineChoosePolicyFactory.java:createPipelineChoosePolicyFromClass(80)) - Create pipeline choose policy of type org.apache.hadoop.hdds.scm.pipeline.choose.algorithms.RandomPipelineChoosePolicy
2024-05-10 09:17:56,223 [main] INFO  algorithms.PipelineChoosePolicyFactory (PipelineChoosePolicyFactory.java:createPipelineChoosePolicyFromClass(80)) - Create pipeline choose policy of type org.apache.hadoop.hdds.scm.pipeline.choose.algorithms.RandomPipelineChoosePolicy
2024-05-10 09:17:56,223 [main] INFO  ha.SCMServiceManager (SCMServiceManager.java:register(42)) - Registering service SCMBlockDeletingService.
2024-05-10 09:17:56,224 [main] INFO  replication.ReplicationManager (ReplicationManager.java:start(296)) - Starting Replication Monitor Thread.
2024-05-10 09:17:56,224 [main] INFO  ha.SCMServiceManager (SCMServiceManager.java:register(42)) - Registering service ReplicationManager.
2024-05-10 09:17:56,224 [ReplicationMonitor] INFO  replication.ReplicationManager (ReplicationManager.java:processAll(373)) - Replication Manager is not ready to run until 3000ms after safemode exit
2024-05-10 09:17:56,225 [main] INFO  safemode.ContainerSafeModeRule (ContainerSafeModeRule.java:<init>(91)) - containers with one replica threshold count 0
2024-05-10 09:17:56,225 [main] INFO  safemode.HealthyPipelineSafeModeRule (HealthyPipelineSafeModeRule.java:initializeRule(176)) - Total pipeline count is 0, healthy pipeline threshold count is 1
2024-05-10 09:17:56,225 [main] INFO  safemode.OneReplicaPipelineSafeModeRule (OneReplicaPipelineSafeModeRule.java:initializeRule(193)) - Total pipeline count is 0, pipeline's with at least one datanode reported threshold count is 0
2024-05-10 09:17:56,230 [main] INFO  server.StorageContainerManager (StorageContainerManager.java:<init>(440)) - SCM start with adminUsers: [runner]
2024-05-10 09:17:56,231 [main] INFO  ipc.CallQueueManager (CallQueueManager.java:<init>(90)) - Using callQueue: class java.util.concurrent.LinkedBlockingQueue, queueCapacity: 10000, scheduler: class org.apache.hadoop.ipc.DefaultRpcScheduler, ipcBackoff: false.
2024-05-10 09:17:56,231 [main] INFO  ipc.Server (Server.java:<init>(1287)) - Listener at 0.0.0.0:15055
2024-05-10 09:17:56,232 [Socket Reader #1 for port 15055] INFO  ipc.Server (Server.java:run(1323)) - Starting Socket Reader #1 for port 15055
2024-05-10 09:17:56,233 [main] INFO  ipc.CallQueueManager (CallQueueManager.java:<init>(90)) - Using callQueue: class java.util.concurrent.LinkedBlockingQueue, queueCapacity: 10000, scheduler: class org.apache.hadoop.ipc.DefaultRpcScheduler, ipcBackoff: false.
2024-05-10 09:17:56,234 [main] INFO  ipc.Server (Server.java:<init>(1287)) - Listener at 0.0.0.0:15054
2024-05-10 09:17:56,234 [Socket Reader #1 for port 15054] INFO  ipc.Server (Server.java:run(1323)) - Starting Socket Reader #1 for port 15054
2024-05-10 09:17:56,235 [main] INFO  ipc.CallQueueManager (CallQueueManager.java:<init>(90)) - Using callQueue: class java.util.concurrent.LinkedBlockingQueue, queueCapacity: 10000, scheduler: class org.apache.hadoop.ipc.DefaultRpcScheduler, ipcBackoff: false.
2024-05-10 09:17:56,235 [main] INFO  ipc.Server (Server.java:<init>(1287)) - Listener at 0.0.0.0:15053
2024-05-10 09:17:56,238 [Socket Reader #1 for port 15053] INFO  ipc.Server (Server.java:run(1323)) - Starting Socket Reader #1 for port 15053
2024-05-10 09:17:56,245 [main] INFO  ha.SCMServiceManager (SCMServiceManager.java:register(42)) - Registering service ContainerBalancer.
2024-05-10 09:17:56,245 [main] INFO  ha.SCMContext (SCMContext.java:updateSafeModeStatus(225)) - Update SafeModeStatus from SafeModeStatus{safeModeStatus=true, preCheckPassed=false} to SafeModeStatus{safeModeStatus=true, preCheckPassed=false}.
2024-05-10 09:17:56,245 [main] INFO  server.StorageContainerManager (StorageContainerManager.java:start(1545)) - StorageContainerLocationProtocol RPC server is listening at /0.0.0.0:15053
2024-05-10 09:17:56,247 [main] WARN  impl.MetricsConfig (MetricsConfig.java:loadFirst(136)) - Cannot locate configuration: tried hadoop-metrics2-storagecontainermanager.properties,hadoop-metrics2.properties
2024-05-10 09:17:56,247 [main] INFO  impl.MetricsSystemImpl (MetricsSystemImpl.java:startTimer(378)) - Scheduled Metric snapshot period at 10 second(s).
2024-05-10 09:17:56,247 [main] INFO  impl.MetricsSystemImpl (MetricsSystemImpl.java:start(191)) - StorageContainerManager metrics system started
2024-05-10 09:17:56,254 [main] INFO  impl.MetricsSinkAdapter (MetricsSinkAdapter.java:start(204)) - Sink prometheus started
2024-05-10 09:17:56,255 [main] INFO  impl.MetricsSystemImpl (MetricsSystemImpl.java:registerSink(305)) - Registered sink prometheus
2024-05-10 09:17:56,277 [main] INFO  server.SCMClientProtocolServer (SCMClientProtocolServer.java:start(204)) - RPC server for Client  is listening at /0.0.0.0:15053
2024-05-10 09:17:56,278 [IPC Server Responder] INFO  ipc.Server (Server.java:run(1562)) - IPC Server Responder: starting
2024-05-10 09:17:56,278 [IPC Server listener on 15053] INFO  ipc.Server (Server.java:run(1402)) - IPC Server listener on 15053: starting
2024-05-10 09:17:56,289 [main] INFO  server.StorageContainerManager (StorageContainerManager.java:start(1558)) - ScmBlockLocationProtocol RPC server is listening at /0.0.0.0:15054
2024-05-10 09:17:56,289 [main] INFO  server.SCMBlockProtocolServer (SCMBlockProtocolServer.java:start(162)) - RPC server for Block Protocol is listening at /0.0.0.0:15054
2024-05-10 09:17:56,290 [IPC Server Responder] INFO  ipc.Server (Server.java:run(1562)) - IPC Server Responder: starting
2024-05-10 09:17:56,290 [IPC Server listener on 15054] INFO  ipc.Server (Server.java:run(1402)) - IPC Server listener on 15054: starting
2024-05-10 09:17:56,306 [main] INFO  server.SCMDatanodeProtocolServer (SCMDatanodeProtocolServer.java:start(194)) - ScmDatanodeProtocol RPC server for DataNodes is listening at /0.0.0.0:15055
2024-05-10 09:17:56,307 [IPC Server Responder] INFO  ipc.Server (Server.java:run(1562)) - IPC Server Responder: starting
2024-05-10 09:17:56,307 [IPC Server listener on 15055] INFO  ipc.Server (Server.java:run(1402)) - IPC Server listener on 15055: starting
2024-05-10 09:17:56,313 [JvmPauseMonitor7] INFO  util.JvmPauseMonitor (JvmPauseMonitor.java:run(146)) - JvmPauseMonitor-3eb01cd0-d2f7-4f93-bb89-e4e384068db5: Started
2024-05-10 09:17:56,314 [main] INFO  http.BaseHttpServer (BaseHttpServer.java:newHttpServer2BuilderForOzone(223)) - Starting Web-server for scm at: http://0.0.0.0:15056
2024-05-10 09:17:56,314 [main] INFO  http.BaseHttpServer (BaseHttpServer.java:<init>(110)) - Hadoop Security Enabled: false Ozone Security Enabled: false Ozone HTTP Security Enabled: false 
2024-05-10 09:17:56,316 [main] WARN  server.AuthenticationFilter (AuthenticationFilter.java:constructSecretProvider(240)) - Unable to initialize FileSignerSecretProvider, falling back to use random secrets. Reason: Could not read signature secret file: /home/runner/hadoop-http-auth-signature-secret
2024-05-10 09:17:56,316 [main] INFO  http.HttpRequestLog (HttpRequestLog.java:getRequestLog(86)) - Http request log for http.requests.scm is not defined
2024-05-10 09:17:56,317 [main] INFO  http.HttpServer2 (HttpServer2.java:addGlobalFilter(1036)) - Added global filter 'safety' (class=org.apache.hadoop.hdds.server.http.HttpServer2$QuotingInputFilter)
2024-05-10 09:17:56,318 [main] INFO  http.HttpServer2 (HttpServer2.java:addFilter(1012)) - Added filter static_user_filter (class=org.apache.hadoop.http.lib.StaticUserWebFilter$StaticUserFilter) to context scm
2024-05-10 09:17:56,318 [main] INFO  http.HttpServer2 (HttpServer2.java:addFilter(1020)) - Added filter static_user_filter (class=org.apache.hadoop.http.lib.StaticUserWebFilter$StaticUserFilter) to context static
2024-05-10 09:17:56,318 [main] INFO  http.HttpServer2 (HttpServer2.java:addFilter(1020)) - Added filter static_user_filter (class=org.apache.hadoop.http.lib.StaticUserWebFilter$StaticUserFilter) to context logs
2024-05-10 09:17:56,319 [main] INFO  http.BaseHttpServer (BaseHttpServer.java:<init>(189)) - HTTP server of scm uses base directory /home/runner/work/ozone/ozone/hadoop-ozone/integration-test/target/test-dir/MiniOzoneClusterImpl-5c48b7ff-bfdb-407d-b2cb-68403445a4a3/ozone-meta/webserver
2024-05-10 09:17:56,319 [main] INFO  http.HttpServer2 (HttpServer2.java:bindListener(1236)) - Jetty bound to port 15056
2024-05-10 09:17:56,319 [main] INFO  server.Server (Server.java:doStart(375)) - jetty-9.4.54.v20240208; built: 2024-02-08T19:42:39.027Z; git: cef3fbd6d736a21e7d541a5db490381d95a2047d; jvm 17.0.10+7
2024-05-10 09:17:56,320 [main] INFO  server.session (DefaultSessionIdManager.java:doStart(334)) - DefaultSessionIdManager workerName=node0
2024-05-10 09:17:56,320 [main] INFO  server.session (DefaultSessionIdManager.java:doStart(339)) - No SessionScavenger set, using defaults
2024-05-10 09:17:56,321 [main] INFO  server.session (HouseKeeper.java:startScavenging(132)) - node0 Scavenging every 600000ms
2024-05-10 09:17:56,321 [main] INFO  handler.ContextHandler (ContextHandler.java:doStart(921)) - Started o.e.j.s.ServletContextHandler@7b2c8390{logs,/logs,file:///home/runner/work/ozone/ozone/hadoop-ozone/integration-test/target/log,AVAILABLE}
2024-05-10 09:17:56,322 [main] INFO  handler.ContextHandler (ContextHandler.java:doStart(921)) - Started o.e.j.s.ServletContextHandler@4242a0e7{static,/static,file:///home/runner/work/ozone/ozone/hadoop-ozone/integration-test/target/test-classes/webapps/static,AVAILABLE}
2024-05-10 09:17:56,329 [main] INFO  handler.ContextHandler (ContextHandler.java:doStart(921)) - Started o.e.j.w.WebAppContext@3ed3bfcb{scm,/,file:///home/runner/work/ozone/ozone/hadoop-ozone/integration-test/target/test-classes/webapps/scm/,AVAILABLE}{file:/home/runner/work/ozone/ozone/hadoop-ozone/integration-test/target/test-classes/webapps/scm}
2024-05-10 09:17:56,330 [main] INFO  server.AbstractConnector (AbstractConnector.java:doStart(333)) - Started ServerConnector@1bd5577e{HTTP/1.1, (http/1.1)}{0.0.0.0:15056}
2024-05-10 09:17:56,330 [main] INFO  server.Server (Server.java:doStart(415)) - Started @32406ms
2024-05-10 09:17:56,331 [main] WARN  impl.MetricsSystemImpl (MetricsSystemImpl.java:register(279)) - Sink prometheus already exists!
2024-05-10 09:17:56,331 [main] INFO  http.BaseHttpServer (BaseHttpServer.java:updateConnectorAddress(354)) - HTTP server of scm listening at http://0.0.0.0:15056
2024-05-10 09:17:56,332 [main] WARN  server.ServerUtils (ServerUtils.java:getDBPath(299)) - ozone.om.db.dirs is not configured. We recommend adding this setting. Falling back to ozone.metadata.dirs instead.
2024-05-10 09:17:56,333 [main] INFO  ha.OMHANodeDetails (OMHANodeDetails.java:loadOMHAConfig(115)) - ozone.om.internal.service.id is not defined, falling back to ozone.om.service.ids to find serviceID for OzoneManager if it is HA enabled cluster
2024-05-10 09:17:56,333 [main] INFO  ha.OMHANodeDetails (OMHANodeDetails.java:loadOMHAConfig(226)) - Configuration does not have ozone.om.address set. Falling back to the default OM address /127.0.0.1:15057
2024-05-10 09:17:56,333 [main] INFO  ha.OMHANodeDetails (OMHANodeDetails.java:getOMNodeDetailsForNonHA(254)) - OM Service ID is not set. Setting it to the default ID: omServiceIdDefault
2024-05-10 09:17:56,334 [main] INFO  ha.OMHANodeDetails (OMHANodeDetails.java:getOMNodeDetailsForNonHA(261)) - OM Node ID is not set. Setting it to the default ID: om1
2024-05-10 09:17:56,334 [main] WARN  server.ServerUtils (ServerUtils.java:getDBPath(299)) - ozone.om.db.dirs is not configured. We recommend adding this setting. Falling back to ozone.metadata.dirs instead.
2024-05-10 09:17:56,335 [main] INFO  upgrade.AbstractLayoutVersionManager (AbstractLayoutVersionManager.java:init(83)) - Initializing Layout version manager with metadata layout = QUOTA (version = 6), software layout = QUOTA (version = 6)
2024-05-10 09:17:56,380 [main] INFO  reflections.Reflections (Reflections.java:scan(219)) - Reflections took 44 ms to scan 2 urls, producing 188 keys and 545 values
2024-05-10 09:17:56,380 [main] INFO  upgrade.OMLayoutVersionManager (OMLayoutVersionManager.java:lambda$0(113)) - Skipping Upgrade Action QuotaRepairUpgradeAction since it has been finalized.
2024-05-10 09:17:56,380 [main] INFO  upgrade.OMLayoutVersionManager (OMLayoutVersionManager.java:lambda$0(113)) - Skipping Upgrade Action MockOmUpgradeAction since it has been finalized.
2024-05-10 09:17:56,381 [main] WARN  server.ServerUtils (ServerUtils.java:getDBPath(299)) - ozone.om.db.dirs is not configured. We recommend adding this setting. Falling back to ozone.metadata.dirs instead.
2024-05-10 09:17:56,381 [main] INFO  proxy.SCMBlockLocationFailoverProxyProvider (SCMBlockLocationFailoverProxyProvider.java:<init>(115)) - Created block location fail-over proxy with 1 nodes: [nodeId=scmNodeId,nodeAddress=/0.0.0.0:15054]
2024-05-10 09:17:56,383 [main] INFO  proxy.SCMBlockLocationFailoverProxyProvider (SCMBlockLocationFailoverProxyProvider.java:<init>(115)) - Created block location fail-over proxy with 1 nodes: [nodeId=scmNodeId,nodeAddress=/0.0.0.0:15054]
2024-05-10 09:17:56,387 [main] INFO  om.OzoneManager (OzoneManager.java:<init>(677)) - OM start with adminUsers: [runner]
2024-05-10 09:17:56,388 [main] WARN  server.ServerUtils (ServerUtils.java:getDBPath(299)) - ozone.om.db.dirs is not configured. We recommend adding this setting. Falling back to ozone.metadata.dirs instead.
2024-05-10 09:17:56,389 [main] INFO  helpers.OmKeyInfo (OmKeyInfo.java:getCodec(72)) - OmKeyInfo.getCodec ignorePipeline = true
2024-05-10 09:17:56,547 [main] INFO  om.OzoneManager (OzoneManager.java:instantiateServices(811)) - S3 Multi-Tenancy is disabled
2024-05-10 09:17:56,547 [main] INFO  om.OmSnapshotManager (OmSnapshotManager.java:<init>(179)) - Ozone filesystem snapshot feature is enabled.
2024-05-10 09:17:56,547 [main] WARN  server.ServerUtils (ServerUtils.java:getDBPath(299)) - ozone.om.snapshot.diff.db.dir is not configured. We recommend adding this setting. Falling back to ozone.metadata.dirs instead.
2024-05-10 09:17:56,567 [main] INFO  utils.NativeLibraryLoader (NativeLibraryLoader.java:loadLibrary(111)) - Loading Library: ozone_rocksdb_tools
2024-05-10 09:17:56,568 [main] ERROR snapshot.SnapshotDiffManager (SnapshotDiffManager.java:initNativeLibraryForEfficientDiff(287)) - Native Library for raw sst file reading loading failed.
org.apache.hadoop.hdds.utils.NativeLibraryNotLoadedException: Unable to load library ozone_rocksdb_tools from both java.library.path & resource file libozone_rocksdb_tools.so from jar.
	at org.apache.hadoop.hdds.utils.db.managed.ManagedRawSSTFileReader.loadLibrary(ManagedRawSSTFileReader.java:40)
	at org.apache.hadoop.ozone.om.snapshot.SnapshotDiffManager.initNativeLibraryForEfficientDiff(SnapshotDiffManager.java:285)
	at org.apache.hadoop.ozone.om.snapshot.SnapshotDiffManager.<init>(SnapshotDiffManager.java:259)
	at org.apache.hadoop.ozone.om.OmSnapshotManager.<init>(OmSnapshotManager.java:286)
	at org.apache.hadoop.ozone.om.OzoneManager.instantiateServices(OzoneManager.java:863)
	at org.apache.hadoop.ozone.om.OzoneManager.<init>(OzoneManager.java:687)
	at org.apache.hadoop.ozone.om.OzoneManager.createOm(OzoneManager.java:774)
	at org.apache.hadoop.ozone.MiniOzoneClusterImpl$Builder.createOM(MiniOzoneClusterImpl.java:689)
	at org.apache.hadoop.ozone.MiniOzoneClusterImpl$Builder.createAndStartSingleOM(MiniOzoneClusterImpl.java:673)
	at org.apache.hadoop.ozone.MiniOzoneClusterImpl$Builder.build(MiniOzoneClusterImpl.java:535)
	at org.apache.hadoop.hdds.scm.storage.TestCommitWatcher.init(TestCommitWatcher.java:147)
	at java.base/jdk.internal.reflect.NativeMethodAccessorImpl.invoke0(Native Method)
	at java.base/jdk.internal.reflect.NativeMethodAccessorImpl.invoke(NativeMethodAccessorImpl.java:77)
	at java.base/jdk.internal.reflect.DelegatingMethodAccessorImpl.invoke(DelegatingMethodAccessorImpl.java:43)
	at java.base/java.lang.reflect.Method.invoke(Method.java:568)
	at org.junit.platform.commons.util.ReflectionUtils.invokeMethod(ReflectionUtils.java:728)
	at org.junit.jupiter.engine.execution.MethodInvocation.proceed(MethodInvocation.java:60)
	at org.junit.jupiter.engine.execution.InvocationInterceptorChain$ValidatingInvocation.proceed(InvocationInterceptorChain.java:131)
	at org.junit.jupiter.engine.extension.TimeoutExtension.intercept(TimeoutExtension.java:156)
	at org.junit.jupiter.engine.extension.TimeoutExtension.interceptLifecycleMethod(TimeoutExtension.java:128)
	at org.junit.jupiter.engine.extension.TimeoutExtension.interceptBeforeEachMethod(TimeoutExtension.java:78)
	at org.junit.jupiter.engine.execution.InterceptingExecutableInvoker$ReflectiveInterceptorCall.lambda$ofVoidMethod$0(InterceptingExecutableInvoker.java:103)
	at org.junit.jupiter.engine.execution.InterceptingExecutableInvoker.lambda$invoke$0(InterceptingExecutableInvoker.java:93)
	at org.junit.jupiter.engine.execution.InvocationInterceptorChain$InterceptedInvocation.proceed(InvocationInterceptorChain.java:106)
	at org.junit.jupiter.engine.execution.InvocationInterceptorChain.proceed(InvocationInterceptorChain.java:64)
	at org.junit.jupiter.engine.execution.InvocationInterceptorChain.chainAndInvoke(InvocationInterceptorChain.java:45)
	at org.junit.jupiter.engine.execution.InvocationInterceptorChain.invoke(InvocationInterceptorChain.java:37)
	at org.junit.jupiter.engine.execution.InterceptingExecutableInvoker.invoke(InterceptingExecutableInvoker.java:92)
	at org.junit.jupiter.engine.execution.InterceptingExecutableInvoker.invoke(InterceptingExecutableInvoker.java:86)
	at org.junit.jupiter.engine.descriptor.ClassBasedTestDescriptor.invokeMethodInExtensionContext(ClassBasedTestDescriptor.java:521)
	at org.junit.jupiter.engine.descriptor.ClassBasedTestDescriptor.lambda$synthesizeBeforeEachMethodAdapter$23(ClassBasedTestDescriptor.java:506)
	at org.junit.jupiter.engine.descriptor.TestMethodTestDescriptor.lambda$invokeBeforeEachMethods$3(TestMethodTestDescriptor.java:175)
	at org.junit.jupiter.engine.descriptor.TestMethodTestDescriptor.lambda$invokeBeforeMethodsOrCallbacksUntilExceptionOccurs$6(TestMethodTestDescriptor.java:203)
	at org.junit.platform.engine.support.hierarchical.ThrowableCollector.execute(ThrowableCollector.java:73)
	at org.junit.jupiter.engine.descriptor.TestMethodTestDescriptor.invokeBeforeMethodsOrCallbacksUntilExceptionOccurs(TestMethodTestDescriptor.java:203)
	at org.junit.jupiter.engine.descriptor.TestMethodTestDescriptor.invokeBeforeEachMethods(TestMethodTestDescriptor.java:172)
	at org.junit.jupiter.engine.descriptor.TestMethodTestDescriptor.execute(TestMethodTestDescriptor.java:135)
	at org.junit.jupiter.engine.descriptor.TestMethodTestDescriptor.execute(TestMethodTestDescriptor.java:69)
	at org.junit.platform.engine.support.hierarchical.NodeTestTask.lambda$executeRecursively$6(NodeTestTask.java:151)
	at org.junit.platform.engine.support.hierarchical.ThrowableCollector.execute(ThrowableCollector.java:73)
	at org.junit.platform.engine.support.hierarchical.NodeTestTask.lambda$executeRecursively$8(NodeTestTask.java:141)
	at org.junit.platform.engine.support.hierarchical.Node.around(Node.java:137)
	at org.junit.platform.engine.support.hierarchical.NodeTestTask.lambda$executeRecursively$9(NodeTestTask.java:139)
	at org.junit.platform.engine.support.hierarchical.ThrowableCollector.execute(ThrowableCollector.java:73)
	at org.junit.platform.engine.support.hierarchical.NodeTestTask.executeRecursively(NodeTestTask.java:138)
	at org.junit.platform.engine.support.hierarchical.NodeTestTask.execute(NodeTestTask.java:95)
	at java.base/java.util.ArrayList.forEach(ArrayList.java:1511)
	at org.junit.platform.engine.support.hierarchical.SameThreadHierarchicalTestExecutorService.invokeAll(SameThreadHierarchicalTestExecutorService.java:41)
	at org.junit.platform.engine.support.hierarchical.NodeTestTask.lambda$executeRecursively$6(NodeTestTask.java:155)
	at org.junit.platform.engine.support.hierarchical.ThrowableCollector.execute(ThrowableCollector.java:73)
	at org.junit.platform.engine.support.hierarchical.NodeTestTask.lambda$executeRecursively$8(NodeTestTask.java:141)
	at org.junit.platform.engine.support.hierarchical.Node.around(Node.java:137)
	at org.junit.platform.engine.support.hierarchical.NodeTestTask.lambda$executeRecursively$9(NodeTestTask.java:139)
	at org.junit.platform.engine.support.hierarchical.ThrowableCollector.execute(ThrowableCollector.java:73)
	at org.junit.platform.engine.support.hierarchical.NodeTestTask.executeRecursively(NodeTestTask.java:138)
	at org.junit.platform.engine.support.hierarchical.NodeTestTask.execute(NodeTestTask.java:95)
	at java.base/java.util.ArrayList.forEach(ArrayList.java:1511)
	at org.junit.platform.engine.support.hierarchical.SameThreadHierarchicalTestExecutorService.invokeAll(SameThreadHierarchicalTestExecutorService.java:41)
	at org.junit.platform.engine.support.hierarchical.NodeTestTask.lambda$executeRecursively$6(NodeTestTask.java:155)
	at org.junit.platform.engine.support.hierarchical.ThrowableCollector.execute(ThrowableCollector.java:73)
	at org.junit.platform.engine.support.hierarchical.NodeTestTask.lambda$executeRecursively$8(NodeTestTask.java:141)
	at org.junit.platform.engine.support.hierarchical.Node.around(Node.java:137)
	at org.junit.platform.engine.support.hierarchical.NodeTestTask.lambda$executeRecursively$9(NodeTestTask.java:139)
	at org.junit.platform.engine.support.hierarchical.ThrowableCollector.execute(ThrowableCollector.java:73)
	at org.junit.platform.engine.support.hierarchical.NodeTestTask.executeRecursively(NodeTestTask.java:138)
	at org.junit.platform.engine.support.hierarchical.NodeTestTask.execute(NodeTestTask.java:95)
	at org.junit.platform.engine.support.hierarchical.SameThreadHierarchicalTestExecutorService.submit(SameThreadHierarchicalTestExecutorService.java:35)
	at org.junit.platform.engine.support.hierarchical.HierarchicalTestExecutor.execute(HierarchicalTestExecutor.java:57)
	at org.junit.platform.engine.support.hierarchical.HierarchicalTestEngine.execute(HierarchicalTestEngine.java:54)
	at org.junit.platform.launcher.core.EngineExecutionOrchestrator.execute(EngineExecutionOrchestrator.java:198)
	at org.junit.platform.launcher.core.EngineExecutionOrchestrator.execute(EngineExecutionOrchestrator.java:169)
	at org.junit.platform.launcher.core.EngineExecutionOrchestrator.execute(EngineExecutionOrchestrator.java:93)
	at org.junit.platform.launcher.core.EngineExecutionOrchestrator.lambda$execute$0(EngineExecutionOrchestrator.java:58)
	at org.junit.platform.launcher.core.EngineExecutionOrchestrator.withInterceptedStreams(EngineExecutionOrchestrator.java:141)
	at org.junit.platform.launcher.core.EngineExecutionOrchestrator.execute(EngineExecutionOrchestrator.java:57)
	at org.junit.platform.launcher.core.DefaultLauncher.execute(DefaultLauncher.java:103)
	at org.junit.platform.launcher.core.DefaultLauncher.execute(DefaultLauncher.java:85)
	at org.junit.platform.launcher.core.DelegatingLauncher.execute(DelegatingLauncher.java:47)
	at org.junit.platform.launcher.core.SessionPerRequestLauncher.execute(SessionPerRequestLauncher.java:63)
	at org.apache.maven.surefire.junitplatform.JUnitPlatformProvider.invokeAllTests(JUnitPlatformProvider.java:154)
	at org.apache.maven.surefire.junitplatform.JUnitPlatformProvider.invoke(JUnitPlatformProvider.java:123)
	at org.apache.maven.surefire.booter.ForkedBooter.runSuitesInProcess(ForkedBooter.java:377)
	at org.apache.maven.surefire.booter.ForkedBooter.execute(ForkedBooter.java:138)
	at org.apache.maven.surefire.booter.ForkedBooter.run(ForkedBooter.java:465)
	at org.apache.maven.surefire.booter.ForkedBooter.main(ForkedBooter.java:451)
2024-05-10 09:17:56,571 [main] INFO  om.OzoneManager (OzoneManager.java:addS3GVolumeToDB(4463)) - Created Volume s3v With Owner runner required for S3Gateway operations.
2024-05-10 09:17:56,571 [main] WARN  server.ServerUtils (ServerUtils.java:getDefaultRatisDirectory(311)) - Storage directory for Ratis is not configured. It is a good idea to map this to an SSD disk. Falling back to ozone.metadata.dirs
2024-05-10 09:17:56,571 [main] WARN  utils.OzoneManagerRatisUtils (OzoneManagerRatisUtils.java:getOMRatisSnapshotDirectory(476)) - ozone.om.ratis.snapshot.dir is not configured. Falling back to ozone.metadata.dirs config
2024-05-10 09:17:56,572 [main] WARN  server.ServerUtils (ServerUtils.java:getDefaultRatisDirectory(311)) - Storage directory for Ratis is not configured. It is a good idea to map this to an SSD disk. Falling back to ozone.metadata.dirs
2024-05-10 09:17:56,573 [main] INFO  ratis.OzoneManagerRatisServer (OzoneManagerRatisServer.java:<init>(167)) - Instantiating OM Ratis server with groupID: omServiceIdDefault and peers: localhost:15060
2024-05-10 09:17:56,573 [main] INFO  ratis.OzoneManagerStateMachine (OzoneManagerStateMachine.java:loadSnapshotInfoFromDB(589)) - TransactionInfo not found in OM DB.
2024-05-10 09:17:56,574 [main] INFO  server.RaftServer (ConfUtils.java:logGet(46)) - raft.rpc.type = GRPC (default)
2024-05-10 09:17:56,574 [main] INFO  grpc.GrpcConfigKeys (ConfUtils.java:logFallback(53)) - raft.grpc.admin.host = null (fallback to raft.grpc.server.host)
2024-05-10 09:17:56,574 [main] INFO  grpc.GrpcConfigKeys (ConfUtils.java:logFallback(53)) - raft.grpc.admin.port = 15060 (fallback to raft.grpc.server.port)
2024-05-10 09:17:56,574 [main] INFO  grpc.GrpcConfigKeys (ConfUtils.java:logFallback(53)) - raft.grpc.client.host = null (fallback to raft.grpc.server.host)
2024-05-10 09:17:56,574 [main] INFO  grpc.GrpcConfigKeys (ConfUtils.java:logFallback(53)) - raft.grpc.client.port = 15060 (fallback to raft.grpc.server.port)
2024-05-10 09:17:56,574 [main] INFO  grpc.GrpcConfigKeys (ConfUtils.java:logGet(46)) - raft.grpc.server.host = null (default)
2024-05-10 09:17:56,575 [main] INFO  grpc.GrpcConfigKeys (ConfUtils.java:logGet(46)) - raft.grpc.server.port = 15060 (custom)
2024-05-10 09:17:56,575 [main] INFO  server.GrpcService (ConfUtils.java:logGet(46)) - raft.grpc.message.size.max = 4194304 (custom)
2024-05-10 09:17:56,575 [main] INFO  server.RaftServerConfigKeys (ConfUtils.java:logGet(46)) - raft.server.log.appender.buffer.byte-limit = 4194304 (custom)
2024-05-10 09:17:56,575 [main] INFO  server.GrpcService (ConfUtils.java:logGet(46)) - raft.grpc.flow.control.window = 1MB (=1048576) (default)
2024-05-10 09:17:56,575 [main] INFO  server.RaftServerConfigKeys (ConfUtils.java:logGet(46)) - raft.server.rpc.request.timeout = 3000ms (default)
2024-05-10 09:17:56,575 [main] INFO  grpc.GrpcConfigKeys (ConfUtils.java:logGet(46)) - raft.grpc.server.heartbeat.channel = true (default)
2024-05-10 09:17:56,575 [main] INFO  grpc.GrpcConfigKeys (ConfUtils.java:logGet(46)) - raft.grpc.server.async.request.thread.pool.cached = true (default)
2024-05-10 09:17:56,575 [main] INFO  grpc.GrpcConfigKeys (ConfUtils.java:logGet(46)) - raft.grpc.server.async.request.thread.pool.size = 32 (default)
2024-05-10 09:17:56,577 [main] INFO  impl.DataStreamServerImpl (ConfUtils.java:logGet(46)) - raft.datastream.type = DISABLED (default)
2024-05-10 09:17:56,577 [main] INFO  server.RaftServerConfigKeys (ConfUtils.java:logGet(46)) - raft.server.sleep.deviation.threshold = 300ms (default)
2024-05-10 09:17:56,577 [main] INFO  server.RaftServerConfigKeys (ConfUtils.java:logGet(46)) - raft.server.close.threshold = 60s (default)
2024-05-10 09:17:56,577 [main] INFO  server.RaftServerConfigKeys (ConfUtils.java:logGet(46)) - raft.server.leaderelection.leader.step-down.wait-time = 10s (default)
2024-05-10 09:17:56,577 [main] INFO  server.RaftServerConfigKeys (ConfUtils.java:logGet(46)) - raft.server.storage.dir = [/home/runner/work/ozone/ozone/hadoop-ozone/integration-test/target/test-dir/MiniOzoneClusterImpl-5c48b7ff-bfdb-407d-b2cb-68403445a4a3/ozone-meta/ratis] (custom)
2024-05-10 09:17:56,577 [main] INFO  server.RaftServerConfigKeys (ConfUtils.java:logGet(46)) - raft.server.threadpool.proxy.cached = true (default)
2024-05-10 09:17:56,578 [main] INFO  server.RaftServerConfigKeys (ConfUtils.java:logGet(46)) - raft.server.threadpool.proxy.size = 0 (default)
2024-05-10 09:17:56,578 [main] INFO  server.RaftServer (RaftServerProxy.java:addNew(100)) - om1: addNew group-C5BA1605619E:[om1|localhost:15060] returns group-C5BA1605619E:java.util.concurrent.CompletableFuture@22cc2ae5[Not completed]
2024-05-10 09:17:56,578 [om1-groupManagement] INFO  server.RaftServer$Division (RaftServerImpl.java:<init>(256)) - om1: new RaftServerImpl for group-C5BA1605619E:[om1|localhost:15060] with OzoneManagerStateMachine:uninitialized
2024-05-10 09:17:56,578 [om1-groupManagement] INFO  server.RaftServerConfigKeys (ConfUtils.java:logGet(46)) - raft.server.rpc.timeout.min = 1s (custom)
2024-05-10 09:17:56,578 [om1-groupManagement] INFO  server.RaftServerConfigKeys (ConfUtils.java:logGet(46)) - raft.server.rpc.timeout.max = 1200ms (custom)
2024-05-10 09:17:56,579 [om1-groupManagement] INFO  server.RaftServerConfigKeys (ConfUtils.java:logGet(46)) - raft.server.rpc.sleep.time = 25ms (default)
2024-05-10 09:17:56,579 [om1-groupManagement] INFO  server.RaftServerConfigKeys (ConfUtils.java:logGet(46)) - raft.server.rpc.slowness.timeout = 120s (custom)
2024-05-10 09:17:56,579 [om1-groupManagement] INFO  server.RaftServerConfigKeys (ConfUtils.java:logGet(46)) - raft.server.leaderelection.leader.step-down.wait-time = 10s (default)
2024-05-10 09:17:56,579 [om1-groupManagement] INFO  server.RaftServerConfigKeys (ConfUtils.java:logGet(46)) - raft.server.leaderelection.member.majority-add = false (default)
2024-05-10 09:17:56,579 [om1-groupManagement] INFO  server.RaftServerConfigKeys (ConfUtils.java:logGet(46)) - raft.server.sleep.deviation.threshold = 300ms (default)
2024-05-10 09:17:56,580 [om1-groupManagement] INFO  server.RaftServer$Division (ServerState.java:<init>(113)) - om1@group-C5BA1605619E: ConfigurationManager, init=-1: peers:[om1|localhost:15060]|listeners:[], old=null, confs=<EMPTY_MAP>
2024-05-10 09:17:56,580 [om1-groupManagement] INFO  server.RaftServerConfigKeys (ConfUtils.java:logGet(46)) - raft.server.notification.no-leader.timeout = 120s (custom)
2024-05-10 09:17:56,580 [om1-groupManagement] INFO  server.RaftServerConfigKeys (ConfUtils.java:logGet(46)) - raft.server.read.timeout = 10s (default)
2024-05-10 09:17:56,580 [om1-groupManagement] INFO  server.RaftServerConfigKeys (ConfUtils.java:logGet(46)) - raft.server.retrycache.expirytime = 300s (custom)
2024-05-10 09:17:56,580 [om1-groupManagement] INFO  server.RaftServerConfigKeys (ConfUtils.java:logGet(46)) - raft.server.retrycache.statistics.expirytime = 100ms (default)
2024-05-10 09:17:56,578 [main] INFO  om.OzoneManager (OzoneManager.java:initializeRatisServer(2168)) - OzoneManager Ratis server initialized at port 15060
2024-05-10 09:17:56,580 [om1-groupManagement] INFO  server.RaftServerConfigKeys (ConfUtils.java:logGet(46)) - raft.server.read.option = DEFAULT (default)
2024-05-10 09:17:56,581 [main] INFO  om.OzoneManager (OzoneManager.java:getRpcServer(1227)) - Creating RPC Server
2024-05-10 09:17:56,581 [om1-groupManagement] INFO  server.RaftServerConfigKeys (ConfUtils.java:logGet(46)) - raft.server.read.read-after-write-consistent.write-index-cache.expiry-time = 60s (default)
2024-05-10 09:17:56,621 [om1-groupManagement] INFO  server.RaftServerConfigKeys (ConfUtils.java:logGet(46)) - raft.server.rpc.request.timeout = 3000ms (default)
2024-05-10 09:17:56,623 [om1-groupManagement] INFO  server.RaftServerConfigKeys (ConfUtils.java:logGet(46)) - raft.server.log.appender.install.snapshot.enabled = false (custom)
2024-05-10 09:17:56,623 [om1-groupManagement] INFO  server.RaftServerConfigKeys (ConfUtils.java:logGet(46)) - raft.server.threadpool.server.cached = true (default)
2024-05-10 09:17:56,623 [om1-groupManagement] INFO  server.RaftServerConfigKeys (ConfUtils.java:logGet(46)) - raft.server.threadpool.server.size = 0 (default)
2024-05-10 09:17:56,625 [om1-groupManagement] INFO  server.RaftServerConfigKeys (ConfUtils.java:logGet(46)) - raft.server.threadpool.client.cached = true (default)
2024-05-10 09:17:56,626 [om1-groupManagement] INFO  server.RaftServerConfigKeys (ConfUtils.java:logGet(46)) - raft.server.threadpool.client.size = 0 (default)
2024-05-10 09:17:56,932 [main] INFO  reflections.Reflections (Reflections.java:scan(219)) - Reflections took 350 ms to scan 20 urls, producing 58 keys and 6592 values
2024-05-10 09:17:56,933 [main] INFO  ipc.CallQueueManager (CallQueueManager.java:<init>(90)) - Using callQueue: class java.util.concurrent.LinkedBlockingQueue, queueCapacity: 2000, scheduler: class org.apache.hadoop.ipc.DefaultRpcScheduler, ipcBackoff: false.
2024-05-10 09:17:56,934 [main] INFO  ipc.Server (Server.java:<init>(1287)) - Listener at 127.0.0.1:15057
2024-05-10 09:17:56,934 [Socket Reader #1 for port 15057] INFO  ipc.Server (Server.java:run(1323)) - Starting Socket Reader #1 for port 15057
2024-05-10 09:17:56,952 [main] INFO  impl.MetricsSystemImpl (MetricsSystemImpl.java:init(158)) - OzoneManager metrics system started (again)
2024-05-10 09:17:56,960 [main] INFO  om.OzoneManager (OzoneManager.java:start(1649)) - OzoneManager RPC server is listening at localhost/127.0.0.1:15057
2024-05-10 09:17:56,961 [main] INFO  ratis.OzoneManagerRatisServer (OzoneManagerRatisServer.java:start(588)) - Starting OzoneManagerRatisServer om1 at port 15060
2024-05-10 09:17:56,961 [om1-impl-thread1] INFO  server.RaftServerConfigKeys (ConfUtils.java:logGet(46)) - raft.server.storage.free-space.min = 0MB (=0) (default)
2024-05-10 09:17:56,961 [om1-impl-thread1] INFO  server.RaftServerConfigKeys (ConfUtils.java:logGet(46)) - raft.server.log.corruption.policy = EXCEPTION (default)
2024-05-10 09:17:56,961 [om1-impl-thread1] INFO  server.RaftServerConfigKeys (ConfUtils.java:logGet(46)) - raft.server.storage.dir = [/home/runner/work/ozone/ozone/hadoop-ozone/integration-test/target/test-dir/MiniOzoneClusterImpl-5c48b7ff-bfdb-407d-b2cb-68403445a4a3/ozone-meta/ratis] (custom)
2024-05-10 09:17:56,961 [om1-impl-thread1] INFO  storage.RaftStorageDirectory (RaftStorageDirectoryImpl.java:analyzeStorage(138)) - The storage directory /home/runner/work/ozone/ozone/hadoop-ozone/integration-test/target/test-dir/MiniOzoneClusterImpl-5c48b7ff-bfdb-407d-b2cb-68403445a4a3/ozone-meta/ratis/bf265839-605b-3f16-9796-c5ba1605619e does not exist. Creating ...
2024-05-10 09:17:56,962 [om1-impl-thread1] INFO  storage.RaftStorageDirectory (RaftStorageDirectoryImpl.java:tryLock(228)) - Lock on /home/runner/work/ozone/ozone/hadoop-ozone/integration-test/target/test-dir/MiniOzoneClusterImpl-5c48b7ff-bfdb-407d-b2cb-68403445a4a3/ozone-meta/ratis/bf265839-605b-3f16-9796-c5ba1605619e/in_use.lock acquired by nodename 51923@fv-az983-686
2024-05-10 09:17:56,964 [om1-impl-thread1] INFO  storage.RaftStorage (RaftStorageImpl.java:format(99)) - Storage directory /home/runner/work/ozone/ozone/hadoop-ozone/integration-test/target/test-dir/MiniOzoneClusterImpl-5c48b7ff-bfdb-407d-b2cb-68403445a4a3/ozone-meta/ratis/bf265839-605b-3f16-9796-c5ba1605619e has been successfully formatted.
2024-05-10 09:17:56,964 [om1-impl-thread1] WARN  util.FileUtils (LogUtils.java:supplyAndLog(63)) - Failed to Files.newInputStream /home/runner/work/ozone/ozone/hadoop-ozone/integration-test/target/test-dir/MiniOzoneClusterImpl-5c48b7ff-bfdb-407d-b2cb-68403445a4a3/ozone-meta/ratis/bf265839-605b-3f16-9796-c5ba1605619e/current/raft-meta.conf with options []: java.nio.file.NoSuchFileException: /home/runner/work/ozone/ozone/hadoop-ozone/integration-test/target/test-dir/MiniOzoneClusterImpl-5c48b7ff-bfdb-407d-b2cb-68403445a4a3/ozone-meta/ratis/bf265839-605b-3f16-9796-c5ba1605619e/current/raft-meta.conf
2024-05-10 09:17:56,964 [om1-impl-thread1] INFO  server.RaftServerConfigKeys (ConfUtils.java:logGet(46)) - raft.server.log.use.memory = false (default)
2024-05-10 09:17:56,964 [om1-impl-thread1] INFO  server.RaftServerConfigKeys (ConfUtils.java:logGet(46)) - raft.server.log.purge.gap = 1000000 (custom)
2024-05-10 09:17:56,964 [om1-impl-thread1] INFO  server.RaftServerConfigKeys (ConfUtils.java:logGet(46)) - raft.server.log.appender.buffer.byte-limit = 4194304 (custom)
2024-05-10 09:17:56,964 [om1-impl-thread1] INFO  server.RaftServerConfigKeys (ConfUtils.java:logGet(46)) - raft.server.log.statemachine.data.read.timeout = 1000ms (default)
2024-05-10 09:17:56,964 [om1-impl-thread1] INFO  server.RaftServerConfigKeys (ConfUtils.java:logGet(46)) - raft.server.log.purge.preservation.log.num = 0 (default)
2024-05-10 09:17:56,965 [om1-impl-thread1] INFO  server.RaftServerConfigKeys (ConfUtils.java:logGet(46)) - raft.server.log.segment.size.max = 4194304 (custom)
2024-05-10 09:17:56,965 [om1-impl-thread1] INFO  server.RaftServerConfigKeys (ConfUtils.java:logGet(46)) - raft.server.log.segment.cache.num.max = 2 (custom)
2024-05-10 09:17:56,965 [om1-impl-thread1] INFO  server.RaftServerConfigKeys (ConfUtils.java:logGet(46)) - raft.server.log.segment.cache.size.max = 200MB (=209715200) (default)
2024-05-10 09:17:56,965 [om1-impl-thread1] INFO  server.RaftServerConfigKeys (ConfUtils.java:logGet(46)) - raft.server.log.appender.buffer.byte-limit = 4194304 (custom)
2024-05-10 09:17:56,965 [om1-impl-thread1] INFO  util.AwaitToRun (AwaitToRun.java:start(81)) - Thread[om1@group-C5BA1605619E-cacheEviction-AwaitToRun,5,main] started
2024-05-10 09:17:56,966 [om1-impl-thread1] INFO  segmented.SegmentedRaftLogWorker (SegmentedRaftLogWorker.java:<init>(182)) - new om1@group-C5BA1605619E-SegmentedRaftLogWorker for RaftStorageImpl:Storage Directory /home/runner/work/ozone/ozone/hadoop-ozone/integration-test/target/test-dir/MiniOzoneClusterImpl-5c48b7ff-bfdb-407d-b2cb-68403445a4a3/ozone-meta/ratis/bf265839-605b-3f16-9796-c5ba1605619e
2024-05-10 09:17:56,966 [om1-impl-thread1] INFO  server.RaftServerConfigKeys (ConfUtils.java:logGet(46)) - raft.server.log.queue.byte-limit = 64MB (=67108864) (default)
2024-05-10 09:17:56,966 [om1-impl-thread1] INFO  server.RaftServerConfigKeys (ConfUtils.java:logGet(46)) - raft.server.log.queue.element-limit = 4096 (default)
2024-05-10 09:17:56,966 [om1-impl-thread1] INFO  server.RaftServerConfigKeys (ConfUtils.java:logGet(46)) - raft.server.log.segment.size.max = 4194304 (custom)
2024-05-10 09:17:56,966 [om1-impl-thread1] INFO  server.RaftServerConfigKeys (ConfUtils.java:logGet(46)) - raft.server.log.preallocated.size = 4194304 (custom)
2024-05-10 09:17:56,966 [om1-impl-thread1] INFO  server.RaftServerConfigKeys (ConfUtils.java:logGet(46)) - raft.server.log.force.sync.num = 128 (default)
2024-05-10 09:17:56,966 [om1-impl-thread1] INFO  server.RaftServerConfigKeys (ConfUtils.java:logGet(46)) - raft.server.log.statemachine.data.sync = true (default)
2024-05-10 09:17:56,966 [om1-impl-thread1] INFO  server.RaftServerConfigKeys (ConfUtils.java:logGet(46)) - raft.server.log.statemachine.data.sync.timeout = 10s (default)
2024-05-10 09:17:56,966 [om1-impl-thread1] INFO  server.RaftServerConfigKeys (ConfUtils.java:logGet(46)) - raft.server.log.statemachine.data.sync.timeout.retry = -1 (default)
2024-05-10 09:17:56,967 [om1-impl-thread1] INFO  server.RaftServerConfigKeys (ConfUtils.java:logGet(46)) - raft.server.log.write.buffer.size = 4194312 (custom)
2024-05-10 09:17:56,967 [om1-impl-thread1] INFO  server.RaftServerConfigKeys (ConfUtils.java:logGet(46)) - raft.server.log.appender.buffer.byte-limit = 4194304 (custom)
2024-05-10 09:17:56,967 [om1-impl-thread1] INFO  server.RaftServerConfigKeys (ConfUtils.java:logGet(46)) - raft.server.log.unsafe-flush.enabled = false (default)
2024-05-10 09:17:56,967 [om1-impl-thread1] INFO  server.RaftServerConfigKeys (ConfUtils.java:logGet(46)) - raft.server.log.async-flush.enabled = false (default)
2024-05-10 09:17:56,967 [om1-impl-thread1] INFO  server.RaftServerConfigKeys (ConfUtils.java:logGet(46)) - raft.server.log.statemachine.data.caching.enabled = false (default)
2024-05-10 09:17:56,967 [om1-impl-thread1] INFO  segmented.SegmentedRaftLogWorker (SegmentedRaftLogWorker.java:lambda$new$0(134)) - om1@group-C5BA1605619E-SegmentedRaftLogWorker: flushIndex: setUnconditionally 0 -> -1
2024-05-10 09:17:56,968 [om1-impl-thread1] INFO  segmented.SegmentedRaftLogWorker (SegmentedRaftLogWorker.java:lambda$new$0(134)) - om1@group-C5BA1605619E-SegmentedRaftLogWorker: safeCacheEvictIndex: setUnconditionally 0 -> -1
2024-05-10 09:17:56,970 [om1-impl-thread1] INFO  server.RaftServer$Division (RaftServerImpl.java:start(396)) - om1@group-C5BA1605619E: start as a follower, conf=-1: peers:[om1|localhost:15060]|listeners:[], old=null
2024-05-10 09:17:56,970 [om1-impl-thread1] INFO  server.RaftServer$Division (RaftServerImpl.java:setRole(383)) - om1@group-C5BA1605619E: changes role from      null to FOLLOWER at term 0 for startAsFollower
2024-05-10 09:17:56,971 [om1-impl-thread1] INFO  impl.RoleInfo (RoleInfo.java:updateAndGet(139)) - om1: start om1@group-C5BA1605619E-FollowerState
2024-05-10 09:17:56,982 [om1-impl-thread1] INFO  util.JmxRegister (JmxRegister.java:tryRegister(44)) - Successfully registered JMX Bean with object name Ratis:service=RaftServer,group=group-C5BA1605619E,id=om1
2024-05-10 09:17:56,983 [om1-impl-thread1] INFO  server.RaftServerConfigKeys (ConfUtils.java:logGet(46)) - raft.server.snapshot.trigger-when-stop.enabled = true (default)
2024-05-10 09:17:56,983 [om1-impl-thread1] INFO  server.RaftServerConfigKeys (ConfUtils.java:logGet(46)) - raft.server.snapshot.auto.trigger.enabled = true (custom)
2024-05-10 09:17:56,983 [om1-impl-thread1] INFO  server.RaftServerConfigKeys (ConfUtils.java:logGet(46)) - raft.server.snapshot.auto.trigger.threshold = 400000 (default)
2024-05-10 09:17:56,983 [om1-impl-thread1] INFO  server.RaftServerConfigKeys (ConfUtils.java:logGet(46)) - raft.server.snapshot.retention.file.num = -1 (default)
2024-05-10 09:17:56,983 [om1-impl-thread1] INFO  server.RaftServerConfigKeys (ConfUtils.java:logGet(46)) - raft.server.log.purge.upto.snapshot.index = true (custom)
2024-05-10 09:17:56,984 [om1@group-C5BA1605619E-FollowerState] INFO  server.RaftServerConfigKeys (ConfUtils.java:logFallback(53)) - raft.server.rpc.first-election.timeout.min = 1s (fallback to raft.server.rpc.timeout.min)
2024-05-10 09:17:56,984 [om1@group-C5BA1605619E-FollowerState] INFO  server.RaftServerConfigKeys (ConfUtils.java:logFallback(53)) - raft.server.rpc.first-election.timeout.max = 1200ms (fallback to raft.server.rpc.timeout.max)
2024-05-10 09:17:56,986 [main] INFO  server.RaftServer (RaftServerProxy.java:startImpl(406)) - om1: start RPC server
2024-05-10 09:17:56,987 [main] INFO  server.GrpcService (GrpcService.java:startImpl(302)) - om1: GrpcService started, listening on 15060
2024-05-10 09:17:56,988 [main] INFO  om.OzoneManager (OzoneManager.java:start(1665)) - Version File has different layout version (6) than OM DB (null). That is expected if this OM has never been finalized to a newer layout version.
2024-05-10 09:17:56,988 [JvmPauseMonitor8] INFO  util.JvmPauseMonitor (JvmPauseMonitor.java:run(146)) - JvmPauseMonitor-om1: Started
2024-05-10 09:17:56,995 [main] INFO  client.ScmTopologyClient (ScmTopologyClient.java:start(72)) - Initial network topology fetched from SCM: /.
2024-05-10 09:17:56,996 [main] INFO  net.NodeSchemaLoader (NodeSchemaLoader.java:loadSchemaFromFile(129)) - Loading schema from [file:/home/runner/work/ozone/ozone/hadoop-hdds/common/target/classes/network-topology-default.xml]
2024-05-10 09:17:56,996 [main] INFO  net.NodeSchemaLoader (NodeSchemaLoader.java:loadSchema(176)) - Loading network topology layer schema file
2024-05-10 09:17:57,003 [main] INFO  http.BaseHttpServer (BaseHttpServer.java:newHttpServer2BuilderForOzone(223)) - Starting Web-server for ozoneManager at: http://0.0.0.0:15058
2024-05-10 09:17:57,004 [main] INFO  http.BaseHttpServer (BaseHttpServer.java:<init>(110)) - Hadoop Security Enabled: false Ozone Security Enabled: false Ozone HTTP Security Enabled: false 
2024-05-10 09:17:57,005 [main] WARN  server.AuthenticationFilter (AuthenticationFilter.java:constructSecretProvider(240)) - Unable to initialize FileSignerSecretProvider, falling back to use random secrets. Reason: Could not read signature secret file: /home/runner/hadoop-http-auth-signature-secret
2024-05-10 09:17:57,006 [main] INFO  http.HttpRequestLog (HttpRequestLog.java:getRequestLog(86)) - Http request log for http.requests.ozoneManager is not defined
2024-05-10 09:17:57,008 [main] INFO  http.HttpServer2 (HttpServer2.java:addGlobalFilter(1036)) - Added global filter 'safety' (class=org.apache.hadoop.hdds.server.http.HttpServer2$QuotingInputFilter)
2024-05-10 09:17:57,008 [main] INFO  http.HttpServer2 (HttpServer2.java:addFilter(1012)) - Added filter static_user_filter (class=org.apache.hadoop.http.lib.StaticUserWebFilter$StaticUserFilter) to context ozoneManager
2024-05-10 09:17:57,008 [main] INFO  http.HttpServer2 (HttpServer2.java:addFilter(1020)) - Added filter static_user_filter (class=org.apache.hadoop.http.lib.StaticUserWebFilter$StaticUserFilter) to context static
2024-05-10 09:17:57,009 [main] INFO  http.HttpServer2 (HttpServer2.java:addFilter(1020)) - Added filter static_user_filter (class=org.apache.hadoop.http.lib.StaticUserWebFilter$StaticUserFilter) to context logs
2024-05-10 09:17:57,009 [main] INFO  http.BaseHttpServer (BaseHttpServer.java:<init>(189)) - HTTP server of ozoneManager uses base directory /home/runner/work/ozone/ozone/hadoop-ozone/integration-test/target/test-dir/MiniOzoneClusterImpl-5c48b7ff-bfdb-407d-b2cb-68403445a4a3/ozone-meta/webserver
2024-05-10 09:17:57,010 [main] INFO  http.HttpServer2 (HttpServer2.java:bindListener(1236)) - Jetty bound to port 15058
2024-05-10 09:17:57,010 [main] INFO  server.Server (Server.java:doStart(375)) - jetty-9.4.54.v20240208; built: 2024-02-08T19:42:39.027Z; git: cef3fbd6d736a21e7d541a5db490381d95a2047d; jvm 17.0.10+7
2024-05-10 09:17:57,015 [main] INFO  server.session (DefaultSessionIdManager.java:doStart(334)) - DefaultSessionIdManager workerName=node0
2024-05-10 09:17:57,015 [main] INFO  server.session (DefaultSessionIdManager.java:doStart(339)) - No SessionScavenger set, using defaults
2024-05-10 09:17:57,015 [main] INFO  server.session (HouseKeeper.java:startScavenging(132)) - node0 Scavenging every 600000ms
2024-05-10 09:17:57,016 [main] INFO  handler.ContextHandler (ContextHandler.java:doStart(921)) - Started o.e.j.s.ServletContextHandler@29862f60{logs,/logs,file:///home/runner/work/ozone/ozone/hadoop-ozone/integration-test/target/log,AVAILABLE}
2024-05-10 09:17:57,016 [main] INFO  handler.ContextHandler (ContextHandler.java:doStart(921)) - Started o.e.j.s.ServletContextHandler@35b1e5e5{static,/static,file:///home/runner/work/ozone/ozone/hadoop-ozone/integration-test/target/test-classes/webapps/static,AVAILABLE}
2024-05-10 09:17:57,023 [main] INFO  handler.ContextHandler (ContextHandler.java:doStart(921)) - Started o.e.j.w.WebAppContext@3182b7a2{ozoneManager,/,file:///home/runner/work/ozone/ozone/hadoop-ozone/integration-test/target/test-classes/webapps/ozoneManager/,AVAILABLE}{file:/home/runner/work/ozone/ozone/hadoop-ozone/integration-test/target/test-classes/webapps/ozoneManager}
2024-05-10 09:17:57,023 [main] INFO  server.AbstractConnector (AbstractConnector.java:doStart(333)) - Started ServerConnector@6ed836b3{HTTP/1.1, (http/1.1)}{0.0.0.0:15058}
2024-05-10 09:17:57,023 [main] INFO  server.Server (Server.java:doStart(415)) - Started @33099ms
2024-05-10 09:17:57,024 [main] WARN  impl.MetricsSystemImpl (MetricsSystemImpl.java:register(279)) - Sink prometheus already exists!
2024-05-10 09:17:57,024 [main] INFO  http.BaseHttpServer (BaseHttpServer.java:updateConnectorAddress(354)) - HTTP server of ozoneManager listening at http://0.0.0.0:15058
2024-05-10 09:17:57,024 [IPC Server Responder] INFO  ipc.Server (Server.java:run(1562)) - IPC Server Responder: starting
2024-05-10 09:17:57,025 [IPC Server listener on 15057] INFO  ipc.Server (Server.java:run(1402)) - IPC Server listener on 15057: starting
2024-05-10 09:17:57,027 [main] INFO  om.OzoneManager (OzoneManager.java:startTrashEmptier(2121)) - Trash Interval set to 0. Files deleted won't move to trash
2024-05-10 09:17:57,039 [main] WARN  dropwizard3.Dm3MetricRegistriesImpl (Dm3MetricRegistriesImpl.java:addReporterRegistration(113)) - New reporters are added after registries were created. Some metrics will be missing from the reporter. Please add reporter before adding any new registry.
2024-05-10 09:17:57,040 [main] WARN  dropwizard3.Dm3MetricRegistriesImpl (Dm3MetricRegistriesImpl.java:addReporterRegistration(113)) - New reporters are added after registries were created. Some metrics will be missing from the reporter. Please add reporter before adding any new registry.
2024-05-10 09:17:57,040 [main] INFO  impl.MetricsSystemImpl (MetricsSystemImpl.java:init(158)) - HddsDatanode metrics system started (again)
2024-05-10 09:17:57,053 [main] INFO  ozone.HddsDatanodeService (HddsDatanodeService.java:start(240)) - HddsDatanodeService host:fv-az983-686.a2pef1dptxmevgtwlerx3iae4a.cx.internal.cloudapp.net ip:10.1.0.31
2024-05-10 09:17:57,075 [main] INFO  upgrade.AbstractLayoutVersionManager (AbstractLayoutVersionManager.java:init(83)) - Initializing Layout version manager with metadata layout = HADOOP_PRC_PORTS_IN_DATANODEDETAILS (version = 7), software layout = HADOOP_PRC_PORTS_IN_DATANODEDETAILS (version = 7)
2024-05-10 09:17:57,076 [main] INFO  statemachine.DatanodeStateMachine (DatanodeStateMachine.java:getEndPointTaskThreadPoolSize(299)) - Datanode State Machine Task Thread Pool size 2
2024-05-10 09:17:57,080 [main] INFO  volume.HddsVolume (HddsVolume.java:<init>(126)) - Creating HddsVolume: /home/runner/work/ozone/ozone/hadoop-ozone/integration-test/target/test-dir/MiniOzoneClusterImpl-5c48b7ff-bfdb-407d-b2cb-68403445a4a3/ozone-meta/datanode-1/data-0/hdds of storage type : DISK capacity : 9222449699674390527
2024-05-10 09:17:57,081 [main] INFO  volume.MutableVolumeSet (MutableVolumeSet.java:initializeVolumeSet(173)) - Added Volume : /home/runner/work/ozone/ozone/hadoop-ozone/integration-test/target/test-dir/MiniOzoneClusterImpl-5c48b7ff-bfdb-407d-b2cb-68403445a4a3/ozone-meta/datanode-1/data-0/hdds to VolumeSet
2024-05-10 09:17:57,082 [main] INFO  volume.MutableVolumeSet (MutableVolumeSet.java:initializeVolumeSet(173)) - Added Volume : /home/runner/work/ozone/ozone/hadoop-ozone/integration-test/target/test-dir/MiniOzoneClusterImpl-5c48b7ff-bfdb-407d-b2cb-68403445a4a3/ozone-meta/datanode-1/ratis to VolumeSet
2024-05-10 09:17:57,082 [main] INFO  ozoneimpl.OzoneContainer (HddsVolumeUtil.java:loadAllHddsVolumeDbStore(103)) - Load 1 volumes DbStore cost: 0ms
2024-05-10 09:17:57,086 [main] INFO  server.RaftServer (ConfUtils.java:logGet(46)) - raft.rpc.type = GRPC (default)
2024-05-10 09:17:57,086 [main] INFO  grpc.GrpcConfigKeys (ConfUtils.java:logFallback(53)) - raft.grpc.admin.host = null (fallback to raft.grpc.server.host)
2024-05-10 09:17:57,087 [main] INFO  grpc.GrpcConfigKeys (ConfUtils.java:logGet(46)) - raft.grpc.admin.port = 15066 (custom)
2024-05-10 09:17:57,087 [main] INFO  grpc.GrpcConfigKeys (ConfUtils.java:logFallback(53)) - raft.grpc.client.host = null (fallback to raft.grpc.server.host)
2024-05-10 09:17:57,087 [main] INFO  grpc.GrpcConfigKeys (ConfUtils.java:logGet(46)) - raft.grpc.client.port = 15065 (custom)
2024-05-10 09:17:57,088 [main] INFO  grpc.GrpcConfigKeys (ConfUtils.java:logGet(46)) - raft.grpc.server.host = null (default)
2024-05-10 09:17:57,088 [main] INFO  grpc.GrpcConfigKeys (ConfUtils.java:logGet(46)) - raft.grpc.server.port = 15067 (custom)
2024-05-10 09:17:57,089 [main] INFO  server.GrpcService (ConfUtils.java:logGet(46)) - raft.grpc.message.size.max = 32MB (=33554432) (custom)
2024-05-10 09:17:57,089 [main] INFO  server.RaftServerConfigKeys (ConfUtils.java:logGet(46)) - raft.server.log.appender.buffer.byte-limit = 8388608 (custom)
2024-05-10 09:17:57,089 [main] INFO  server.GrpcService (ConfUtils.java:logGet(46)) - raft.grpc.flow.control.window = 5MB (=5242880) (custom)
2024-05-10 09:17:57,090 [main] INFO  server.RaftServerConfigKeys (ConfUtils.java:logGet(46)) - raft.server.rpc.request.timeout = 3000ms (default)
2024-05-10 09:17:57,090 [main] INFO  grpc.GrpcConfigKeys (ConfUtils.java:logGet(46)) - raft.grpc.server.heartbeat.channel = true (default)
2024-05-10 09:17:57,090 [main] INFO  grpc.GrpcConfigKeys (ConfUtils.java:logGet(46)) - raft.grpc.server.async.request.thread.pool.cached = true (default)
2024-05-10 09:17:57,091 [main] INFO  grpc.GrpcConfigKeys (ConfUtils.java:logGet(46)) - raft.grpc.server.async.request.thread.pool.size = 32 (default)
2024-05-10 09:17:57,093 [main] INFO  impl.DataStreamServerImpl (ConfUtils.java:logGet(46)) - raft.datastream.type = NETTY (custom)
2024-05-10 09:17:57,094 [main] INFO  server.RaftServerConfigKeys (ConfUtils.java:logGet(46)) - raft.server.data-stream.async.request.thread.pool.cached = false (default)
2024-05-10 09:17:57,094 [main] INFO  server.RaftServerConfigKeys (ConfUtils.java:logGet(46)) - raft.server.data-stream.async.request.thread.pool.size = 20 (custom)
2024-05-10 09:17:57,094 [main] INFO  server.RaftServerConfigKeys (ConfUtils.java:logGet(46)) - raft.server.data-stream.async.write.thread.pool.size = 16 (default)
2024-05-10 09:17:57,095 [main] INFO  netty.NettyConfigKeys$DataStream (ConfUtils.java:logGet(46)) - raft.netty.dataStream.server.channel.inactive.grace-period = 10min (default)
2024-05-10 09:17:57,095 [main] INFO  server.RaftServerConfigKeys (ConfUtils.java:logGet(46)) - raft.server.data-stream.client.pool.size = 10 (default)
2024-05-10 09:17:57,095 [main] INFO  netty.NettyConfigKeys$DataStream (ConfUtils.java:logGet(46)) - raft.netty.dataStream.server.use-epoll = true (default)
2024-05-10 09:17:57,095 [main] INFO  netty.NettyConfigKeys$DataStream (ConfUtils.java:logGet(46)) - raft.netty.dataStream.server.boss-group.size = 0 (default)
2024-05-10 09:17:57,096 [main] INFO  netty.NettyUtils (NettyUtils.java:newEventLoopGroup(69)) - Create EpollEventLoopGroup for 7c62eaa0-d491-4028-8bb9-25c4215260c7-NettyServerStreamRpc-bossGroup; Thread size is 0.
2024-05-10 09:17:57,096 [main] INFO  netty.NettyConfigKeys$DataStream (ConfUtils.java:logGet(46)) - raft.netty.dataStream.server.worker-group.size = 0 (default)
2024-05-10 09:17:57,096 [main] INFO  netty.NettyUtils (NettyUtils.java:newEventLoopGroup(69)) - Create EpollEventLoopGroup for 7c62eaa0-d491-4028-8bb9-25c4215260c7-NettyServerStreamRpc-workerGroup; Thread size is 0.
2024-05-10 09:17:57,097 [main] INFO  netty.NettyConfigKeys$DataStream (ConfUtils.java:logGet(46)) - raft.netty.dataStream.server.tls.conf = null (default)
2024-05-10 09:17:57,097 [main] INFO  netty.NettyConfigKeys$DataStream (ConfUtils.java:logGet(46)) - raft.netty.dataStream.host = null (default)
2024-05-10 09:17:57,097 [main] INFO  netty.NettyConfigKeys$DataStream (ConfUtils.java:logGet(46)) - raft.netty.dataStream.port = 15068 (custom)
2024-05-10 09:17:57,097 [main] INFO  server.RaftServerConfigKeys (ConfUtils.java:logGet(46)) - raft.server.sleep.deviation.threshold = 300ms (default)
2024-05-10 09:17:57,097 [main] INFO  server.RaftServerConfigKeys (ConfUtils.java:logGet(46)) - raft.server.close.threshold = 60s (default)
2024-05-10 09:17:57,098 [main] INFO  server.RaftServerConfigKeys (ConfUtils.java:logGet(46)) - raft.server.leaderelection.leader.step-down.wait-time = 10s (default)
2024-05-10 09:17:57,098 [main] INFO  server.RaftServerConfigKeys (ConfUtils.java:logGet(46)) - raft.server.storage.dir = [/home/runner/work/ozone/ozone/hadoop-ozone/integration-test/target/test-dir/MiniOzoneClusterImpl-5c48b7ff-bfdb-407d-b2cb-68403445a4a3/ozone-meta/datanode-1/ratis] (custom)
2024-05-10 09:17:57,098 [main] INFO  server.RaftServerConfigKeys (ConfUtils.java:logGet(46)) - raft.server.threadpool.proxy.cached = true (default)
2024-05-10 09:17:57,098 [main] INFO  server.RaftServerConfigKeys (ConfUtils.java:logGet(46)) - raft.server.threadpool.proxy.size = 0 (default)
2024-05-10 09:17:57,098 [7c62eaa0-d491-4028-8bb9-25c4215260c7-impl-thread1] INFO  server.RaftServer (RaftServerProxy.java:initGroupDir(264)) - 7c62eaa0-d491-4028-8bb9-25c4215260c7: found a subdirectory /home/runner/work/ozone/ozone/hadoop-ozone/integration-test/target/test-dir/MiniOzoneClusterImpl-5c48b7ff-bfdb-407d-b2cb-68403445a4a3/ozone-meta/datanode-1/ratis/tmp
2024-05-10 09:17:57,099 [7c62eaa0-d491-4028-8bb9-25c4215260c7-impl-thread1] INFO  server.RaftServer (RaftServerProxy.java:initGroupDir(269)) - 7c62eaa0-d491-4028-8bb9-25c4215260c7: The directory /home/runner/work/ozone/ozone/hadoop-ozone/integration-test/target/test-dir/MiniOzoneClusterImpl-5c48b7ff-bfdb-407d-b2cb-68403445a4a3/ozone-meta/datanode-1/ratis/tmp is not a group directory; ignoring it. 
2024-05-10 09:17:57,099 [main] INFO  replication.ReplicationServer (ReplicationServer.java:<init>(86)) - Initializing replication server with thread count = 10 queue length = 4096
2024-05-10 09:17:57,099 [7c62eaa0-d491-4028-8bb9-25c4215260c7-NettyServerStreamRpc-bossGroup--thread1] INFO  logging.LoggingHandler (AbstractInternalLogger.java:log(148)) - [id: 0x7c40ae84] REGISTERED
2024-05-10 09:17:57,100 [7c62eaa0-d491-4028-8bb9-25c4215260c7-NettyServerStreamRpc-bossGroup--thread1] INFO  logging.LoggingHandler (AbstractInternalLogger.java:log(148)) - [id: 0x7c40ae84] BIND: 0.0.0.0/0.0.0.0:15068
2024-05-10 09:17:57,100 [main] INFO  server.XceiverServerGrpc (XceiverServerGrpc.java:<init>(141)) - GrpcServer channel type EpollServerSocketChannel
2024-05-10 09:17:57,100 [7c62eaa0-d491-4028-8bb9-25c4215260c7-NettyServerStreamRpc-bossGroup--thread1] INFO  logging.LoggingHandler (AbstractInternalLogger.java:log(148)) - [id: 0x7c40ae84, L:/0.0.0.0:15068] ACTIVE
2024-05-10 09:17:57,102 [main] INFO  replication.ReplicationSupervisor (ReplicationSupervisor.java:build(157)) - Initializing replication supervisor with thread count = 10
2024-05-10 09:17:57,102 [main] INFO  replication.ReplicationSupervisor (ReplicationSupervisor.java:nodeStateUpdated(312)) - Node state updated to IN_SERVICE, scaling executor pool size to 10
2024-05-10 09:17:57,104 [main] INFO  http.BaseHttpServer (BaseHttpServer.java:newHttpServer2BuilderForOzone(223)) - Starting Web-server for hddsDatanode at: http://0.0.0.0:15062
2024-05-10 09:17:57,105 [main] INFO  http.BaseHttpServer (BaseHttpServer.java:<init>(110)) - Hadoop Security Enabled: false Ozone Security Enabled: false Ozone HTTP Security Enabled: false 
2024-05-10 09:17:57,106 [main] WARN  server.AuthenticationFilter (AuthenticationFilter.java:constructSecretProvider(240)) - Unable to initialize FileSignerSecretProvider, falling back to use random secrets. Reason: Could not read signature secret file: /home/runner/hadoop-http-auth-signature-secret
2024-05-10 09:17:57,106 [main] INFO  http.HttpRequestLog (HttpRequestLog.java:getRequestLog(86)) - Http request log for http.requests.hddsDatanode is not defined
2024-05-10 09:17:57,108 [main] INFO  http.HttpServer2 (HttpServer2.java:addGlobalFilter(1036)) - Added global filter 'safety' (class=org.apache.hadoop.hdds.server.http.HttpServer2$QuotingInputFilter)
2024-05-10 09:17:57,109 [main] INFO  http.HttpServer2 (HttpServer2.java:addFilter(1012)) - Added filter static_user_filter (class=org.apache.hadoop.http.lib.StaticUserWebFilter$StaticUserFilter) to context hddsDatanode
2024-05-10 09:17:57,109 [main] INFO  http.HttpServer2 (HttpServer2.java:addFilter(1020)) - Added filter static_user_filter (class=org.apache.hadoop.http.lib.StaticUserWebFilter$StaticUserFilter) to context static
2024-05-10 09:17:57,109 [main] INFO  http.HttpServer2 (HttpServer2.java:addFilter(1020)) - Added filter static_user_filter (class=org.apache.hadoop.http.lib.StaticUserWebFilter$StaticUserFilter) to context logs
2024-05-10 09:17:57,109 [main] INFO  http.BaseHttpServer (BaseHttpServer.java:<init>(189)) - HTTP server of hddsDatanode uses base directory /home/runner/work/ozone/ozone/hadoop-ozone/integration-test/target/test-dir/MiniOzoneClusterImpl-5c48b7ff-bfdb-407d-b2cb-68403445a4a3/ozone-meta/datanode-1/meta/webserver
2024-05-10 09:17:57,110 [main] INFO  http.HttpServer2 (HttpServer2.java:bindListener(1236)) - Jetty bound to port 15062
2024-05-10 09:17:57,110 [main] INFO  server.Server (Server.java:doStart(375)) - jetty-9.4.54.v20240208; built: 2024-02-08T19:42:39.027Z; git: cef3fbd6d736a21e7d541a5db490381d95a2047d; jvm 17.0.10+7
2024-05-10 09:17:57,119 [main] INFO  server.session (DefaultSessionIdManager.java:doStart(334)) - DefaultSessionIdManager workerName=node0
2024-05-10 09:17:57,119 [main] INFO  server.session (DefaultSessionIdManager.java:doStart(339)) - No SessionScavenger set, using defaults
2024-05-10 09:17:57,119 [main] INFO  server.session (HouseKeeper.java:startScavenging(132)) - node0 Scavenging every 600000ms
2024-05-10 09:17:57,119 [main] INFO  handler.ContextHandler (ContextHandler.java:doStart(921)) - Started o.e.j.s.ServletContextHandler@7d7a0e06{logs,/logs,file:///home/runner/work/ozone/ozone/hadoop-ozone/integration-test/target/log,AVAILABLE}
2024-05-10 09:17:57,120 [main] INFO  handler.ContextHandler (ContextHandler.java:doStart(921)) - Started o.e.j.s.ServletContextHandler@abe3a3{static,/static,file:///home/runner/work/ozone/ozone/hadoop-hdds/container-service/target/classes/webapps/static,AVAILABLE}
2024-05-10 09:17:57,123 [main] INFO  handler.ContextHandler (ContextHandler.java:doStart(921)) - Started o.e.j.w.WebAppContext@151cbba4{hddsDatanode,/,file:///home/runner/work/ozone/ozone/hadoop-hdds/container-service/target/classes/webapps/hddsDatanode/,AVAILABLE}{file:/home/runner/work/ozone/ozone/hadoop-hdds/container-service/target/classes/webapps/hddsDatanode}
2024-05-10 09:17:57,124 [main] INFO  server.AbstractConnector (AbstractConnector.java:doStart(333)) - Started ServerConnector@ff18823{HTTP/1.1, (http/1.1)}{0.0.0.0:15062}
2024-05-10 09:17:57,124 [main] INFO  server.Server (Server.java:doStart(415)) - Started @33199ms
2024-05-10 09:17:57,124 [main] WARN  impl.MetricsSystemImpl (MetricsSystemImpl.java:register(279)) - Sink prometheus already exists!
2024-05-10 09:17:57,124 [main] INFO  http.BaseHttpServer (BaseHttpServer.java:updateConnectorAddress(354)) - HTTP server of hddsDatanode listening at http://0.0.0.0:15062
2024-05-10 09:17:57,125 [main] INFO  ipc.CallQueueManager (CallQueueManager.java:<init>(90)) - Using callQueue: class java.util.concurrent.LinkedBlockingQueue, queueCapacity: 100, scheduler: class org.apache.hadoop.ipc.DefaultRpcScheduler, ipcBackoff: false.
2024-05-10 09:17:57,125 [main] INFO  ipc.Server (Server.java:<init>(1287)) - Listener at 0.0.0.0:15063
2024-05-10 09:17:57,125 [Socket Reader #1 for port 15063] INFO  ipc.Server (Server.java:run(1323)) - Starting Socket Reader #1 for port 15063
2024-05-10 09:17:57,127 [main] INFO  ozone.HddsDatanodeService (HddsDatanodeService.java:start(327)) - Datanode start with admins: [runner]
2024-05-10 09:17:57,127 [main] INFO  ozone.HddsDatanodeClientProtocolServer (HddsDatanodeClientProtocolServer.java:start(77)) - RPC server for Client /0.0.0.0:15063
2024-05-10 09:17:57,127 [IPC Server Responder] INFO  ipc.Server (Server.java:run(1562)) - IPC Server Responder: starting
2024-05-10 09:17:57,127 [IPC Server listener on 15063] INFO  ipc.Server (Server.java:run(1402)) - IPC Server listener on 15063: starting
2024-05-10 09:17:57,128 [main] WARN  dropwizard3.Dm3MetricRegistriesImpl (Dm3MetricRegistriesImpl.java:addReporterRegistration(113)) - New reporters are added after registries were created. Some metrics will be missing from the reporter. Please add reporter before adding any new registry.
2024-05-10 09:17:57,128 [main] WARN  dropwizard3.Dm3MetricRegistriesImpl (Dm3MetricRegistriesImpl.java:addReporterRegistration(113)) - New reporters are added after registries were created. Some metrics will be missing from the reporter. Please add reporter before adding any new registry.
2024-05-10 09:17:57,128 [main] INFO  impl.MetricsSystemImpl (MetricsSystemImpl.java:init(158)) - HddsDatanode metrics system started (again)
2024-05-10 09:17:57,134 [7c62eaa0-d491-4028-8bb9-25c4215260c7-DatanodeStateMachineDaemonThread] INFO  statemachine.DatanodeStateMachine (DatanodeStateMachine.java:lambda$startDaemon$1(555)) - Ozone container server started.
2024-05-10 09:17:57,137 [7c62eaa0-d491-4028-8bb9-25c4215260c7-DatanodeStateMachineTaskThread-0] INFO  datanode.InitDatanodeState (InitDatanodeState.java:persistContainerDatanodeDetails(139)) - DatanodeDetails is persisted to /home/runner/work/ozone/ozone/hadoop-ozone/integration-test/target/test-dir/MiniOzoneClusterImpl-5c48b7ff-bfdb-407d-b2cb-68403445a4a3/ozone-meta/datanode-1/meta/datanode.id
2024-05-10 09:17:57,140 [main] INFO  ozone.HddsDatanodeService (HddsDatanodeService.java:start(240)) - HddsDatanodeService host:fv-az983-686.a2pef1dptxmevgtwlerx3iae4a.cx.internal.cloudapp.net ip:10.1.0.31
2024-05-10 09:17:57,155 [main] INFO  upgrade.AbstractLayoutVersionManager (AbstractLayoutVersionManager.java:init(83)) - Initializing Layout version manager with metadata layout = HADOOP_PRC_PORTS_IN_DATANODEDETAILS (version = 7), software layout = HADOOP_PRC_PORTS_IN_DATANODEDETAILS (version = 7)
2024-05-10 09:17:57,155 [main] INFO  statemachine.DatanodeStateMachine (DatanodeStateMachine.java:getEndPointTaskThreadPoolSize(299)) - Datanode State Machine Task Thread Pool size 2
2024-05-10 09:17:57,156 [main] INFO  volume.HddsVolume (HddsVolume.java:<init>(126)) - Creating HddsVolume: /home/runner/work/ozone/ozone/hadoop-ozone/integration-test/target/test-dir/MiniOzoneClusterImpl-5c48b7ff-bfdb-407d-b2cb-68403445a4a3/ozone-meta/datanode-2/data-0/hdds of storage type : DISK capacity : 9222449699674390527
2024-05-10 09:17:57,157 [main] INFO  volume.MutableVolumeSet (MutableVolumeSet.java:initializeVolumeSet(173)) - Added Volume : /home/runner/work/ozone/ozone/hadoop-ozone/integration-test/target/test-dir/MiniOzoneClusterImpl-5c48b7ff-bfdb-407d-b2cb-68403445a4a3/ozone-meta/datanode-2/data-0/hdds to VolumeSet
2024-05-10 09:17:57,157 [main] INFO  volume.MutableVolumeSet (MutableVolumeSet.java:initializeVolumeSet(173)) - Added Volume : /home/runner/work/ozone/ozone/hadoop-ozone/integration-test/target/test-dir/MiniOzoneClusterImpl-5c48b7ff-bfdb-407d-b2cb-68403445a4a3/ozone-meta/datanode-2/ratis to VolumeSet
2024-05-10 09:17:57,158 [main] INFO  ozoneimpl.OzoneContainer (HddsVolumeUtil.java:loadAllHddsVolumeDbStore(103)) - Load 1 volumes DbStore cost: 0ms
2024-05-10 09:17:57,160 [main] INFO  server.RaftServer (ConfUtils.java:logGet(46)) - raft.rpc.type = GRPC (default)
2024-05-10 09:17:57,160 [main] INFO  grpc.GrpcConfigKeys (ConfUtils.java:logFallback(53)) - raft.grpc.admin.host = null (fallback to raft.grpc.server.host)
2024-05-10 09:17:57,161 [main] INFO  grpc.GrpcConfigKeys (ConfUtils.java:logGet(46)) - raft.grpc.admin.port = 15075 (custom)
2024-05-10 09:17:57,161 [main] INFO  grpc.GrpcConfigKeys (ConfUtils.java:logFallback(53)) - raft.grpc.client.host = null (fallback to raft.grpc.server.host)
2024-05-10 09:17:57,161 [main] INFO  grpc.GrpcConfigKeys (ConfUtils.java:logGet(46)) - raft.grpc.client.port = 15074 (custom)
2024-05-10 09:17:57,161 [main] INFO  grpc.GrpcConfigKeys (ConfUtils.java:logGet(46)) - raft.grpc.server.host = null (default)
2024-05-10 09:17:57,161 [main] INFO  grpc.GrpcConfigKeys (ConfUtils.java:logGet(46)) - raft.grpc.server.port = 15076 (custom)
2024-05-10 09:17:57,161 [main] INFO  server.GrpcService (ConfUtils.java:logGet(46)) - raft.grpc.message.size.max = 32MB (=33554432) (custom)
2024-05-10 09:17:57,161 [main] INFO  server.RaftServerConfigKeys (ConfUtils.java:logGet(46)) - raft.server.log.appender.buffer.byte-limit = 8388608 (custom)
2024-05-10 09:17:57,161 [main] INFO  server.GrpcService (ConfUtils.java:logGet(46)) - raft.grpc.flow.control.window = 5MB (=5242880) (custom)
2024-05-10 09:17:57,161 [main] INFO  server.RaftServerConfigKeys (ConfUtils.java:logGet(46)) - raft.server.rpc.request.timeout = 3000ms (default)
2024-05-10 09:17:57,161 [main] INFO  grpc.GrpcConfigKeys (ConfUtils.java:logGet(46)) - raft.grpc.server.heartbeat.channel = true (default)
2024-05-10 09:17:57,162 [main] INFO  grpc.GrpcConfigKeys (ConfUtils.java:logGet(46)) - raft.grpc.server.async.request.thread.pool.cached = true (default)
2024-05-10 09:17:57,162 [main] INFO  grpc.GrpcConfigKeys (ConfUtils.java:logGet(46)) - raft.grpc.server.async.request.thread.pool.size = 32 (default)
2024-05-10 09:17:57,164 [main] INFO  impl.DataStreamServerImpl (ConfUtils.java:logGet(46)) - raft.datastream.type = NETTY (custom)
2024-05-10 09:17:57,164 [main] INFO  server.RaftServerConfigKeys (ConfUtils.java:logGet(46)) - raft.server.data-stream.async.request.thread.pool.cached = false (default)
2024-05-10 09:17:57,164 [main] INFO  server.RaftServerConfigKeys (ConfUtils.java:logGet(46)) - raft.server.data-stream.async.request.thread.pool.size = 20 (custom)
2024-05-10 09:17:57,164 [main] INFO  server.RaftServerConfigKeys (ConfUtils.java:logGet(46)) - raft.server.data-stream.async.write.thread.pool.size = 16 (default)
2024-05-10 09:17:57,164 [main] INFO  netty.NettyConfigKeys$DataStream (ConfUtils.java:logGet(46)) - raft.netty.dataStream.server.channel.inactive.grace-period = 10min (default)
2024-05-10 09:17:57,165 [main] INFO  server.RaftServerConfigKeys (ConfUtils.java:logGet(46)) - raft.server.data-stream.client.pool.size = 10 (default)
2024-05-10 09:17:57,165 [main] INFO  netty.NettyConfigKeys$DataStream (ConfUtils.java:logGet(46)) - raft.netty.dataStream.server.use-epoll = true (default)
2024-05-10 09:17:57,165 [main] INFO  netty.NettyConfigKeys$DataStream (ConfUtils.java:logGet(46)) - raft.netty.dataStream.server.boss-group.size = 0 (default)
2024-05-10 09:17:57,165 [main] INFO  netty.NettyUtils (NettyUtils.java:newEventLoopGroup(69)) - Create EpollEventLoopGroup for 7ab25875-5f77-45a1-9004-12eab6369d05-NettyServerStreamRpc-bossGroup; Thread size is 0.
2024-05-10 09:17:57,165 [main] INFO  netty.NettyConfigKeys$DataStream (ConfUtils.java:logGet(46)) - raft.netty.dataStream.server.worker-group.size = 0 (default)
2024-05-10 09:17:57,165 [main] INFO  netty.NettyUtils (NettyUtils.java:newEventLoopGroup(69)) - Create EpollEventLoopGroup for 7ab25875-5f77-45a1-9004-12eab6369d05-NettyServerStreamRpc-workerGroup; Thread size is 0.
2024-05-10 09:17:57,166 [main] INFO  netty.NettyConfigKeys$DataStream (ConfUtils.java:logGet(46)) - raft.netty.dataStream.server.tls.conf = null (default)
2024-05-10 09:17:57,166 [main] INFO  netty.NettyConfigKeys$DataStream (ConfUtils.java:logGet(46)) - raft.netty.dataStream.host = null (default)
2024-05-10 09:17:57,166 [main] INFO  netty.NettyConfigKeys$DataStream (ConfUtils.java:logGet(46)) - raft.netty.dataStream.port = 15077 (custom)
2024-05-10 09:17:57,166 [main] INFO  server.RaftServerConfigKeys (ConfUtils.java:logGet(46)) - raft.server.sleep.deviation.threshold = 300ms (default)
2024-05-10 09:17:57,167 [main] INFO  server.RaftServerConfigKeys (ConfUtils.java:logGet(46)) - raft.server.close.threshold = 60s (default)
2024-05-10 09:17:57,167 [main] INFO  server.RaftServerConfigKeys (ConfUtils.java:logGet(46)) - raft.server.leaderelection.leader.step-down.wait-time = 10s (default)
2024-05-10 09:17:57,167 [main] INFO  server.RaftServerConfigKeys (ConfUtils.java:logGet(46)) - raft.server.storage.dir = [/home/runner/work/ozone/ozone/hadoop-ozone/integration-test/target/test-dir/MiniOzoneClusterImpl-5c48b7ff-bfdb-407d-b2cb-68403445a4a3/ozone-meta/datanode-2/ratis] (custom)
2024-05-10 09:17:57,167 [main] INFO  server.RaftServerConfigKeys (ConfUtils.java:logGet(46)) - raft.server.threadpool.proxy.cached = true (default)
2024-05-10 09:17:57,167 [main] INFO  server.RaftServerConfigKeys (ConfUtils.java:logGet(46)) - raft.server.threadpool.proxy.size = 0 (default)
2024-05-10 09:17:57,167 [7ab25875-5f77-45a1-9004-12eab6369d05-impl-thread1] INFO  server.RaftServer (RaftServerProxy.java:initGroupDir(264)) - 7ab25875-5f77-45a1-9004-12eab6369d05: found a subdirectory /home/runner/work/ozone/ozone/hadoop-ozone/integration-test/target/test-dir/MiniOzoneClusterImpl-5c48b7ff-bfdb-407d-b2cb-68403445a4a3/ozone-meta/datanode-2/ratis/tmp
2024-05-10 09:17:57,168 [7ab25875-5f77-45a1-9004-12eab6369d05-NettyServerStreamRpc-bossGroup--thread1] INFO  logging.LoggingHandler (AbstractInternalLogger.java:log(148)) - [id: 0xe560d246] REGISTERED
2024-05-10 09:17:57,168 [7ab25875-5f77-45a1-9004-12eab6369d05-NettyServerStreamRpc-bossGroup--thread1] INFO  logging.LoggingHandler (AbstractInternalLogger.java:log(148)) - [id: 0xe560d246] BIND: 0.0.0.0/0.0.0.0:15077
2024-05-10 09:17:57,168 [7ab25875-5f77-45a1-9004-12eab6369d05-NettyServerStreamRpc-bossGroup--thread1] INFO  logging.LoggingHandler (AbstractInternalLogger.java:log(148)) - [id: 0xe560d246, L:/0.0.0.0:15077] ACTIVE
2024-05-10 09:17:57,168 [7ab25875-5f77-45a1-9004-12eab6369d05-impl-thread1] INFO  server.RaftServer (RaftServerProxy.java:initGroupDir(269)) - 7ab25875-5f77-45a1-9004-12eab6369d05: The directory /home/runner/work/ozone/ozone/hadoop-ozone/integration-test/target/test-dir/MiniOzoneClusterImpl-5c48b7ff-bfdb-407d-b2cb-68403445a4a3/ozone-meta/datanode-2/ratis/tmp is not a group directory; ignoring it. 
2024-05-10 09:17:57,168 [main] INFO  replication.ReplicationServer (ReplicationServer.java:<init>(86)) - Initializing replication server with thread count = 10 queue length = 4096
2024-05-10 09:17:57,169 [main] INFO  server.XceiverServerGrpc (XceiverServerGrpc.java:<init>(141)) - GrpcServer channel type EpollServerSocketChannel
2024-05-10 09:17:57,171 [main] INFO  replication.ReplicationSupervisor (ReplicationSupervisor.java:build(157)) - Initializing replication supervisor with thread count = 10
2024-05-10 09:17:57,172 [main] INFO  replication.ReplicationSupervisor (ReplicationSupervisor.java:nodeStateUpdated(312)) - Node state updated to IN_SERVICE, scaling executor pool size to 10
2024-05-10 09:17:57,175 [main] INFO  http.BaseHttpServer (BaseHttpServer.java:newHttpServer2BuilderForOzone(223)) - Starting Web-server for hddsDatanode at: http://0.0.0.0:15071
2024-05-10 09:17:57,175 [main] INFO  http.BaseHttpServer (BaseHttpServer.java:<init>(110)) - Hadoop Security Enabled: false Ozone Security Enabled: false Ozone HTTP Security Enabled: false 
2024-05-10 09:17:57,176 [main] WARN  server.AuthenticationFilter (AuthenticationFilter.java:constructSecretProvider(240)) - Unable to initialize FileSignerSecretProvider, falling back to use random secrets. Reason: Could not read signature secret file: /home/runner/hadoop-http-auth-signature-secret
2024-05-10 09:17:57,177 [main] INFO  http.HttpRequestLog (HttpRequestLog.java:getRequestLog(86)) - Http request log for http.requests.hddsDatanode is not defined
2024-05-10 09:17:57,178 [main] INFO  http.HttpServer2 (HttpServer2.java:addGlobalFilter(1036)) - Added global filter 'safety' (class=org.apache.hadoop.hdds.server.http.HttpServer2$QuotingInputFilter)
2024-05-10 09:17:57,179 [main] INFO  http.HttpServer2 (HttpServer2.java:addFilter(1012)) - Added filter static_user_filter (class=org.apache.hadoop.http.lib.StaticUserWebFilter$StaticUserFilter) to context hddsDatanode
2024-05-10 09:17:57,179 [main] INFO  http.HttpServer2 (HttpServer2.java:addFilter(1020)) - Added filter static_user_filter (class=org.apache.hadoop.http.lib.StaticUserWebFilter$StaticUserFilter) to context logs
2024-05-10 09:17:57,179 [main] INFO  http.HttpServer2 (HttpServer2.java:addFilter(1020)) - Added filter static_user_filter (class=org.apache.hadoop.http.lib.StaticUserWebFilter$StaticUserFilter) to context static
2024-05-10 09:17:57,180 [main] INFO  http.BaseHttpServer (BaseHttpServer.java:<init>(189)) - HTTP server of hddsDatanode uses base directory /home/runner/work/ozone/ozone/hadoop-ozone/integration-test/target/test-dir/MiniOzoneClusterImpl-5c48b7ff-bfdb-407d-b2cb-68403445a4a3/ozone-meta/datanode-2/meta/webserver
2024-05-10 09:17:57,180 [main] INFO  http.HttpServer2 (HttpServer2.java:bindListener(1236)) - Jetty bound to port 15071
2024-05-10 09:17:57,180 [main] INFO  server.Server (Server.java:doStart(375)) - jetty-9.4.54.v20240208; built: 2024-02-08T19:42:39.027Z; git: cef3fbd6d736a21e7d541a5db490381d95a2047d; jvm 17.0.10+7
2024-05-10 09:17:57,185 [main] INFO  server.session (DefaultSessionIdManager.java:doStart(334)) - DefaultSessionIdManager workerName=node0
2024-05-10 09:17:57,185 [main] INFO  server.session (DefaultSessionIdManager.java:doStart(339)) - No SessionScavenger set, using defaults
2024-05-10 09:17:57,185 [main] INFO  server.session (HouseKeeper.java:startScavenging(132)) - node0 Scavenging every 600000ms
2024-05-10 09:17:57,186 [main] INFO  handler.ContextHandler (ContextHandler.java:doStart(921)) - Started o.e.j.s.ServletContextHandler@591ad4b3{logs,/logs,file:///home/runner/work/ozone/ozone/hadoop-ozone/integration-test/target/log,AVAILABLE}
2024-05-10 09:17:57,186 [main] INFO  handler.ContextHandler (ContextHandler.java:doStart(921)) - Started o.e.j.s.ServletContextHandler@2ea6687b{static,/static,file:///home/runner/work/ozone/ozone/hadoop-hdds/container-service/target/classes/webapps/static,AVAILABLE}
2024-05-10 09:17:57,190 [main] INFO  handler.ContextHandler (ContextHandler.java:doStart(921)) - Started o.e.j.w.WebAppContext@1d502d6c{hddsDatanode,/,file:///home/runner/work/ozone/ozone/hadoop-hdds/container-service/target/classes/webapps/hddsDatanode/,AVAILABLE}{file:/home/runner/work/ozone/ozone/hadoop-hdds/container-service/target/classes/webapps/hddsDatanode}
2024-05-10 09:17:57,190 [main] INFO  server.AbstractConnector (AbstractConnector.java:doStart(333)) - Started ServerConnector@4be2f788{HTTP/1.1, (http/1.1)}{0.0.0.0:15071}
2024-05-10 09:17:57,190 [main] INFO  server.Server (Server.java:doStart(415)) - Started @33266ms
2024-05-10 09:17:57,190 [main] WARN  impl.MetricsSystemImpl (MetricsSystemImpl.java:register(279)) - Sink prometheus already exists!
2024-05-10 09:17:57,191 [main] INFO  http.BaseHttpServer (BaseHttpServer.java:updateConnectorAddress(354)) - HTTP server of hddsDatanode listening at http://0.0.0.0:15071
2024-05-10 09:17:57,191 [main] INFO  ipc.CallQueueManager (CallQueueManager.java:<init>(90)) - Using callQueue: class java.util.concurrent.LinkedBlockingQueue, queueCapacity: 100, scheduler: class org.apache.hadoop.ipc.DefaultRpcScheduler, ipcBackoff: false.
2024-05-10 09:17:57,191 [main] INFO  ipc.Server (Server.java:<init>(1287)) - Listener at 0.0.0.0:15072
2024-05-10 09:17:57,192 [Socket Reader #1 for port 15072] INFO  ipc.Server (Server.java:run(1323)) - Starting Socket Reader #1 for port 15072
2024-05-10 09:17:57,193 [main] INFO  ozone.HddsDatanodeService (HddsDatanodeService.java:start(327)) - Datanode start with admins: [runner]
2024-05-10 09:17:57,194 [main] INFO  ozone.HddsDatanodeClientProtocolServer (HddsDatanodeClientProtocolServer.java:start(77)) - RPC server for Client /0.0.0.0:15072
2024-05-10 09:17:57,194 [IPC Server Responder] INFO  ipc.Server (Server.java:run(1562)) - IPC Server Responder: starting
2024-05-10 09:17:57,194 [IPC Server listener on 15072] INFO  ipc.Server (Server.java:run(1402)) - IPC Server listener on 15072: starting
2024-05-10 09:17:57,194 [7ab25875-5f77-45a1-9004-12eab6369d05-DatanodeStateMachineDaemonThread] INFO  statemachine.DatanodeStateMachine (DatanodeStateMachine.java:lambda$startDaemon$1(555)) - Ozone container server started.
2024-05-10 09:17:57,195 [main] WARN  dropwizard3.Dm3MetricRegistriesImpl (Dm3MetricRegistriesImpl.java:addReporterRegistration(113)) - New reporters are added after registries were created. Some metrics will be missing from the reporter. Please add reporter before adding any new registry.
2024-05-10 09:17:57,195 [main] WARN  dropwizard3.Dm3MetricRegistriesImpl (Dm3MetricRegistriesImpl.java:addReporterRegistration(113)) - New reporters are added after registries were created. Some metrics will be missing from the reporter. Please add reporter before adding any new registry.
2024-05-10 09:17:57,195 [main] INFO  impl.MetricsSystemImpl (MetricsSystemImpl.java:init(158)) - HddsDatanode metrics system started (again)
2024-05-10 09:17:57,204 [main] INFO  ozone.HddsDatanodeService (HddsDatanodeService.java:start(240)) - HddsDatanodeService host:fv-az983-686.a2pef1dptxmevgtwlerx3iae4a.cx.internal.cloudapp.net ip:10.1.0.31
2024-05-10 09:17:57,207 [7ab25875-5f77-45a1-9004-12eab6369d05-DatanodeStateMachineTaskThread-0] INFO  datanode.InitDatanodeState (InitDatanodeState.java:persistContainerDatanodeDetails(139)) - DatanodeDetails is persisted to /home/runner/work/ozone/ozone/hadoop-ozone/integration-test/target/test-dir/MiniOzoneClusterImpl-5c48b7ff-bfdb-407d-b2cb-68403445a4a3/ozone-meta/datanode-2/meta/datanode.id
2024-05-10 09:17:57,227 [main] INFO  upgrade.AbstractLayoutVersionManager (AbstractLayoutVersionManager.java:init(83)) - Initializing Layout version manager with metadata layout = HADOOP_PRC_PORTS_IN_DATANODEDETAILS (version = 7), software layout = HADOOP_PRC_PORTS_IN_DATANODEDETAILS (version = 7)
2024-05-10 09:17:57,227 [main] INFO  statemachine.DatanodeStateMachine (DatanodeStateMachine.java:getEndPointTaskThreadPoolSize(299)) - Datanode State Machine Task Thread Pool size 2
2024-05-10 09:17:57,229 [main] INFO  volume.HddsVolume (HddsVolume.java:<init>(126)) - Creating HddsVolume: /home/runner/work/ozone/ozone/hadoop-ozone/integration-test/target/test-dir/MiniOzoneClusterImpl-5c48b7ff-bfdb-407d-b2cb-68403445a4a3/ozone-meta/datanode-3/data-0/hdds of storage type : DISK capacity : 9222449699674390527
2024-05-10 09:17:57,229 [main] INFO  volume.MutableVolumeSet (MutableVolumeSet.java:initializeVolumeSet(173)) - Added Volume : /home/runner/work/ozone/ozone/hadoop-ozone/integration-test/target/test-dir/MiniOzoneClusterImpl-5c48b7ff-bfdb-407d-b2cb-68403445a4a3/ozone-meta/datanode-3/data-0/hdds to VolumeSet
2024-05-10 09:17:57,230 [main] INFO  volume.MutableVolumeSet (MutableVolumeSet.java:initializeVolumeSet(173)) - Added Volume : /home/runner/work/ozone/ozone/hadoop-ozone/integration-test/target/test-dir/MiniOzoneClusterImpl-5c48b7ff-bfdb-407d-b2cb-68403445a4a3/ozone-meta/datanode-3/ratis to VolumeSet
2024-05-10 09:17:57,230 [main] INFO  ozoneimpl.OzoneContainer (HddsVolumeUtil.java:loadAllHddsVolumeDbStore(103)) - Load 1 volumes DbStore cost: 0ms
2024-05-10 09:17:57,233 [main] INFO  server.RaftServer (ConfUtils.java:logGet(46)) - raft.rpc.type = GRPC (default)
2024-05-10 09:17:57,233 [main] INFO  grpc.GrpcConfigKeys (ConfUtils.java:logFallback(53)) - raft.grpc.admin.host = null (fallback to raft.grpc.server.host)
2024-05-10 09:17:57,233 [main] INFO  grpc.GrpcConfigKeys (ConfUtils.java:logGet(46)) - raft.grpc.admin.port = 15084 (custom)
2024-05-10 09:17:57,233 [main] INFO  grpc.GrpcConfigKeys (ConfUtils.java:logFallback(53)) - raft.grpc.client.host = null (fallback to raft.grpc.server.host)
2024-05-10 09:17:57,233 [main] INFO  grpc.GrpcConfigKeys (ConfUtils.java:logGet(46)) - raft.grpc.client.port = 15083 (custom)
2024-05-10 09:17:57,233 [main] INFO  grpc.GrpcConfigKeys (ConfUtils.java:logGet(46)) - raft.grpc.server.host = null (default)
2024-05-10 09:17:57,233 [main] INFO  grpc.GrpcConfigKeys (ConfUtils.java:logGet(46)) - raft.grpc.server.port = 15085 (custom)
2024-05-10 09:17:57,233 [main] INFO  server.GrpcService (ConfUtils.java:logGet(46)) - raft.grpc.message.size.max = 32MB (=33554432) (custom)
2024-05-10 09:17:57,233 [main] INFO  server.RaftServerConfigKeys (ConfUtils.java:logGet(46)) - raft.server.log.appender.buffer.byte-limit = 8388608 (custom)
2024-05-10 09:17:57,234 [main] INFO  server.GrpcService (ConfUtils.java:logGet(46)) - raft.grpc.flow.control.window = 5MB (=5242880) (custom)
2024-05-10 09:17:57,234 [main] INFO  server.RaftServerConfigKeys (ConfUtils.java:logGet(46)) - raft.server.rpc.request.timeout = 3000ms (default)
2024-05-10 09:17:57,234 [main] INFO  grpc.GrpcConfigKeys (ConfUtils.java:logGet(46)) - raft.grpc.server.heartbeat.channel = true (default)
2024-05-10 09:17:57,234 [main] INFO  grpc.GrpcConfigKeys (ConfUtils.java:logGet(46)) - raft.grpc.server.async.request.thread.pool.cached = true (default)
2024-05-10 09:17:57,234 [main] INFO  grpc.GrpcConfigKeys (ConfUtils.java:logGet(46)) - raft.grpc.server.async.request.thread.pool.size = 32 (default)
2024-05-10 09:17:57,236 [main] INFO  impl.DataStreamServerImpl (ConfUtils.java:logGet(46)) - raft.datastream.type = NETTY (custom)
2024-05-10 09:17:57,236 [main] INFO  server.RaftServerConfigKeys (ConfUtils.java:logGet(46)) - raft.server.data-stream.async.request.thread.pool.cached = false (default)
2024-05-10 09:17:57,236 [main] INFO  server.RaftServerConfigKeys (ConfUtils.java:logGet(46)) - raft.server.data-stream.async.request.thread.pool.size = 20 (custom)
2024-05-10 09:17:57,237 [main] INFO  server.RaftServerConfigKeys (ConfUtils.java:logGet(46)) - raft.server.data-stream.async.write.thread.pool.size = 16 (default)
2024-05-10 09:17:57,237 [main] INFO  netty.NettyConfigKeys$DataStream (ConfUtils.java:logGet(46)) - raft.netty.dataStream.server.channel.inactive.grace-period = 10min (default)
2024-05-10 09:17:57,237 [main] INFO  server.RaftServerConfigKeys (ConfUtils.java:logGet(46)) - raft.server.data-stream.client.pool.size = 10 (default)
2024-05-10 09:17:57,237 [main] INFO  netty.NettyConfigKeys$DataStream (ConfUtils.java:logGet(46)) - raft.netty.dataStream.server.use-epoll = true (default)
2024-05-10 09:17:57,237 [main] INFO  netty.NettyConfigKeys$DataStream (ConfUtils.java:logGet(46)) - raft.netty.dataStream.server.boss-group.size = 0 (default)
2024-05-10 09:17:57,237 [main] INFO  netty.NettyUtils (NettyUtils.java:newEventLoopGroup(69)) - Create EpollEventLoopGroup for e260e396-598b-44a7-8564-b51448915afe-NettyServerStreamRpc-bossGroup; Thread size is 0.
2024-05-10 09:17:57,238 [main] INFO  netty.NettyConfigKeys$DataStream (ConfUtils.java:logGet(46)) - raft.netty.dataStream.server.worker-group.size = 0 (default)
2024-05-10 09:17:57,238 [main] INFO  netty.NettyUtils (NettyUtils.java:newEventLoopGroup(69)) - Create EpollEventLoopGroup for e260e396-598b-44a7-8564-b51448915afe-NettyServerStreamRpc-workerGroup; Thread size is 0.
2024-05-10 09:17:57,238 [main] INFO  netty.NettyConfigKeys$DataStream (ConfUtils.java:logGet(46)) - raft.netty.dataStream.server.tls.conf = null (default)
2024-05-10 09:17:57,238 [main] INFO  netty.NettyConfigKeys$DataStream (ConfUtils.java:logGet(46)) - raft.netty.dataStream.host = null (default)
2024-05-10 09:17:57,238 [main] INFO  netty.NettyConfigKeys$DataStream (ConfUtils.java:logGet(46)) - raft.netty.dataStream.port = 15086 (custom)
2024-05-10 09:17:57,239 [main] INFO  server.RaftServerConfigKeys (ConfUtils.java:logGet(46)) - raft.server.sleep.deviation.threshold = 300ms (default)
2024-05-10 09:17:57,239 [main] INFO  server.RaftServerConfigKeys (ConfUtils.java:logGet(46)) - raft.server.close.threshold = 60s (default)
2024-05-10 09:17:57,239 [main] INFO  server.RaftServerConfigKeys (ConfUtils.java:logGet(46)) - raft.server.leaderelection.leader.step-down.wait-time = 10s (default)
2024-05-10 09:17:57,239 [main] INFO  server.RaftServerConfigKeys (ConfUtils.java:logGet(46)) - raft.server.storage.dir = [/home/runner/work/ozone/ozone/hadoop-ozone/integration-test/target/test-dir/MiniOzoneClusterImpl-5c48b7ff-bfdb-407d-b2cb-68403445a4a3/ozone-meta/datanode-3/ratis] (custom)
2024-05-10 09:17:57,239 [main] INFO  server.RaftServerConfigKeys (ConfUtils.java:logGet(46)) - raft.server.threadpool.proxy.cached = true (default)
2024-05-10 09:17:57,239 [main] INFO  server.RaftServerConfigKeys (ConfUtils.java:logGet(46)) - raft.server.threadpool.proxy.size = 0 (default)
2024-05-10 09:17:57,240 [e260e396-598b-44a7-8564-b51448915afe-NettyServerStreamRpc-bossGroup--thread1] INFO  logging.LoggingHandler (AbstractInternalLogger.java:log(148)) - [id: 0x5e8529a8] REGISTERED
2024-05-10 09:17:57,240 [e260e396-598b-44a7-8564-b51448915afe-NettyServerStreamRpc-bossGroup--thread1] INFO  logging.LoggingHandler (AbstractInternalLogger.java:log(148)) - [id: 0x5e8529a8] BIND: 0.0.0.0/0.0.0.0:15086
2024-05-10 09:17:57,240 [e260e396-598b-44a7-8564-b51448915afe-NettyServerStreamRpc-bossGroup--thread1] INFO  logging.LoggingHandler (AbstractInternalLogger.java:log(148)) - [id: 0x5e8529a8, L:/0.0.0.0:15086] ACTIVE
2024-05-10 09:17:57,241 [e260e396-598b-44a7-8564-b51448915afe-impl-thread1] INFO  server.RaftServer (RaftServerProxy.java:initGroupDir(264)) - e260e396-598b-44a7-8564-b51448915afe: found a subdirectory /home/runner/work/ozone/ozone/hadoop-ozone/integration-test/target/test-dir/MiniOzoneClusterImpl-5c48b7ff-bfdb-407d-b2cb-68403445a4a3/ozone-meta/datanode-3/ratis/tmp
2024-05-10 09:17:57,241 [e260e396-598b-44a7-8564-b51448915afe-impl-thread1] INFO  server.RaftServer (RaftServerProxy.java:initGroupDir(269)) - e260e396-598b-44a7-8564-b51448915afe: The directory /home/runner/work/ozone/ozone/hadoop-ozone/integration-test/target/test-dir/MiniOzoneClusterImpl-5c48b7ff-bfdb-407d-b2cb-68403445a4a3/ozone-meta/datanode-3/ratis/tmp is not a group directory; ignoring it. 
2024-05-10 09:17:57,242 [main] INFO  replication.ReplicationServer (ReplicationServer.java:<init>(86)) - Initializing replication server with thread count = 10 queue length = 4096
2024-05-10 09:17:57,243 [main] INFO  server.XceiverServerGrpc (XceiverServerGrpc.java:<init>(141)) - GrpcServer channel type EpollServerSocketChannel
2024-05-10 09:17:57,244 [main] INFO  replication.ReplicationSupervisor (ReplicationSupervisor.java:build(157)) - Initializing replication supervisor with thread count = 10
2024-05-10 09:17:57,244 [main] INFO  replication.ReplicationSupervisor (ReplicationSupervisor.java:nodeStateUpdated(312)) - Node state updated to IN_SERVICE, scaling executor pool size to 10
2024-05-10 09:17:57,246 [main] INFO  http.BaseHttpServer (BaseHttpServer.java:newHttpServer2BuilderForOzone(223)) - Starting Web-server for hddsDatanode at: http://0.0.0.0:15080
2024-05-10 09:17:57,246 [main] INFO  http.BaseHttpServer (BaseHttpServer.java:<init>(110)) - Hadoop Security Enabled: false Ozone Security Enabled: false Ozone HTTP Security Enabled: false 
2024-05-10 09:17:57,247 [main] WARN  server.AuthenticationFilter (AuthenticationFilter.java:constructSecretProvider(240)) - Unable to initialize FileSignerSecretProvider, falling back to use random secrets. Reason: Could not read signature secret file: /home/runner/hadoop-http-auth-signature-secret
2024-05-10 09:17:57,248 [main] INFO  http.HttpRequestLog (HttpRequestLog.java:getRequestLog(86)) - Http request log for http.requests.hddsDatanode is not defined
2024-05-10 09:17:57,249 [main] INFO  http.HttpServer2 (HttpServer2.java:addGlobalFilter(1036)) - Added global filter 'safety' (class=org.apache.hadoop.hdds.server.http.HttpServer2$QuotingInputFilter)
2024-05-10 09:17:57,249 [main] INFO  http.HttpServer2 (HttpServer2.java:addFilter(1012)) - Added filter static_user_filter (class=org.apache.hadoop.http.lib.StaticUserWebFilter$StaticUserFilter) to context hddsDatanode
2024-05-10 09:17:57,250 [main] INFO  http.HttpServer2 (HttpServer2.java:addFilter(1020)) - Added filter static_user_filter (class=org.apache.hadoop.http.lib.StaticUserWebFilter$StaticUserFilter) to context static
2024-05-10 09:17:57,250 [main] INFO  http.HttpServer2 (HttpServer2.java:addFilter(1020)) - Added filter static_user_filter (class=org.apache.hadoop.http.lib.StaticUserWebFilter$StaticUserFilter) to context logs
2024-05-10 09:17:57,250 [main] INFO  http.BaseHttpServer (BaseHttpServer.java:<init>(189)) - HTTP server of hddsDatanode uses base directory /home/runner/work/ozone/ozone/hadoop-ozone/integration-test/target/test-dir/MiniOzoneClusterImpl-5c48b7ff-bfdb-407d-b2cb-68403445a4a3/ozone-meta/datanode-3/meta/webserver
2024-05-10 09:17:57,250 [main] INFO  http.HttpServer2 (HttpServer2.java:bindListener(1236)) - Jetty bound to port 15080
2024-05-10 09:17:57,250 [main] INFO  server.Server (Server.java:doStart(375)) - jetty-9.4.54.v20240208; built: 2024-02-08T19:42:39.027Z; git: cef3fbd6d736a21e7d541a5db490381d95a2047d; jvm 17.0.10+7
2024-05-10 09:17:57,255 [main] INFO  server.session (DefaultSessionIdManager.java:doStart(334)) - DefaultSessionIdManager workerName=node0
2024-05-10 09:17:57,255 [main] INFO  server.session (DefaultSessionIdManager.java:doStart(339)) - No SessionScavenger set, using defaults
2024-05-10 09:17:57,255 [main] INFO  server.session (HouseKeeper.java:startScavenging(132)) - node0 Scavenging every 600000ms
2024-05-10 09:17:57,255 [main] INFO  handler.ContextHandler (ContextHandler.java:doStart(921)) - Started o.e.j.s.ServletContextHandler@7a01358f{logs,/logs,file:///home/runner/work/ozone/ozone/hadoop-ozone/integration-test/target/log,AVAILABLE}
2024-05-10 09:17:57,256 [main] INFO  handler.ContextHandler (ContextHandler.java:doStart(921)) - Started o.e.j.s.ServletContextHandler@41854000{static,/static,file:///home/runner/work/ozone/ozone/hadoop-hdds/container-service/target/classes/webapps/static,AVAILABLE}
2024-05-10 09:17:57,259 [main] INFO  handler.ContextHandler (ContextHandler.java:doStart(921)) - Started o.e.j.w.WebAppContext@52fb37d7{hddsDatanode,/,file:///home/runner/work/ozone/ozone/hadoop-hdds/container-service/target/classes/webapps/hddsDatanode/,AVAILABLE}{file:/home/runner/work/ozone/ozone/hadoop-hdds/container-service/target/classes/webapps/hddsDatanode}
2024-05-10 09:17:57,260 [main] INFO  server.AbstractConnector (AbstractConnector.java:doStart(333)) - Started ServerConnector@5e9ae46f{HTTP/1.1, (http/1.1)}{0.0.0.0:15080}
2024-05-10 09:17:57,260 [main] INFO  server.Server (Server.java:doStart(415)) - Started @33335ms
2024-05-10 09:17:57,260 [main] WARN  impl.MetricsSystemImpl (MetricsSystemImpl.java:register(279)) - Sink prometheus already exists!
2024-05-10 09:17:57,260 [main] INFO  http.BaseHttpServer (BaseHttpServer.java:updateConnectorAddress(354)) - HTTP server of hddsDatanode listening at http://0.0.0.0:15080
2024-05-10 09:17:57,261 [main] INFO  ipc.CallQueueManager (CallQueueManager.java:<init>(90)) - Using callQueue: class java.util.concurrent.LinkedBlockingQueue, queueCapacity: 100, scheduler: class org.apache.hadoop.ipc.DefaultRpcScheduler, ipcBackoff: false.
2024-05-10 09:17:57,261 [main] INFO  ipc.Server (Server.java:<init>(1287)) - Listener at 0.0.0.0:15081
2024-05-10 09:17:57,262 [Socket Reader #1 for port 15081] INFO  ipc.Server (Server.java:run(1323)) - Starting Socket Reader #1 for port 15081
2024-05-10 09:17:57,266 [main] INFO  ozone.HddsDatanodeService (HddsDatanodeService.java:start(327)) - Datanode start with admins: [runner]
2024-05-10 09:17:57,266 [main] INFO  ozone.HddsDatanodeClientProtocolServer (HddsDatanodeClientProtocolServer.java:start(77)) - RPC server for Client /0.0.0.0:15081
2024-05-10 09:17:57,269 [IPC Server Responder] INFO  ipc.Server (Server.java:run(1562)) - IPC Server Responder: starting
2024-05-10 09:17:57,269 [IPC Server listener on 15081] INFO  ipc.Server (Server.java:run(1402)) - IPC Server listener on 15081: starting
2024-05-10 09:17:57,269 [e260e396-598b-44a7-8564-b51448915afe-DatanodeStateMachineDaemonThread] INFO  statemachine.DatanodeStateMachine (DatanodeStateMachine.java:lambda$startDaemon$1(555)) - Ozone container server started.
2024-05-10 09:17:57,269 [main] WARN  dropwizard3.Dm3MetricRegistriesImpl (Dm3MetricRegistriesImpl.java:addReporterRegistration(113)) - New reporters are added after registries were created. Some metrics will be missing from the reporter. Please add reporter before adding any new registry.
2024-05-10 09:17:57,269 [main] WARN  dropwizard3.Dm3MetricRegistriesImpl (Dm3MetricRegistriesImpl.java:addReporterRegistration(113)) - New reporters are added after registries were created. Some metrics will be missing from the reporter. Please add reporter before adding any new registry.
2024-05-10 09:17:57,269 [main] INFO  impl.MetricsSystemImpl (MetricsSystemImpl.java:init(158)) - HddsDatanode metrics system started (again)
2024-05-10 09:17:57,275 [e260e396-598b-44a7-8564-b51448915afe-DatanodeStateMachineTaskThread-0] INFO  datanode.InitDatanodeState (InitDatanodeState.java:persistContainerDatanodeDetails(139)) - DatanodeDetails is persisted to /home/runner/work/ozone/ozone/hadoop-ozone/integration-test/target/test-dir/MiniOzoneClusterImpl-5c48b7ff-bfdb-407d-b2cb-68403445a4a3/ozone-meta/datanode-3/meta/datanode.id
2024-05-10 09:17:57,281 [main] INFO  ozone.HddsDatanodeService (HddsDatanodeService.java:start(240)) - HddsDatanodeService host:fv-az983-686.a2pef1dptxmevgtwlerx3iae4a.cx.internal.cloudapp.net ip:10.1.0.31
2024-05-10 09:17:57,299 [main] INFO  upgrade.AbstractLayoutVersionManager (AbstractLayoutVersionManager.java:init(83)) - Initializing Layout version manager with metadata layout = HADOOP_PRC_PORTS_IN_DATANODEDETAILS (version = 7), software layout = HADOOP_PRC_PORTS_IN_DATANODEDETAILS (version = 7)
2024-05-10 09:17:57,300 [main] INFO  statemachine.DatanodeStateMachine (DatanodeStateMachine.java:getEndPointTaskThreadPoolSize(299)) - Datanode State Machine Task Thread Pool size 2
2024-05-10 09:17:57,301 [main] INFO  volume.HddsVolume (HddsVolume.java:<init>(126)) - Creating HddsVolume: /home/runner/work/ozone/ozone/hadoop-ozone/integration-test/target/test-dir/MiniOzoneClusterImpl-5c48b7ff-bfdb-407d-b2cb-68403445a4a3/ozone-meta/datanode-4/data-0/hdds of storage type : DISK capacity : 9222449699674390527
2024-05-10 09:17:57,302 [main] INFO  volume.MutableVolumeSet (MutableVolumeSet.java:initializeVolumeSet(173)) - Added Volume : /home/runner/work/ozone/ozone/hadoop-ozone/integration-test/target/test-dir/MiniOzoneClusterImpl-5c48b7ff-bfdb-407d-b2cb-68403445a4a3/ozone-meta/datanode-4/data-0/hdds to VolumeSet
2024-05-10 09:17:57,302 [main] INFO  volume.MutableVolumeSet (MutableVolumeSet.java:initializeVolumeSet(173)) - Added Volume : /home/runner/work/ozone/ozone/hadoop-ozone/integration-test/target/test-dir/MiniOzoneClusterImpl-5c48b7ff-bfdb-407d-b2cb-68403445a4a3/ozone-meta/datanode-4/ratis to VolumeSet
2024-05-10 09:17:57,303 [main] INFO  ozoneimpl.OzoneContainer (HddsVolumeUtil.java:loadAllHddsVolumeDbStore(103)) - Load 1 volumes DbStore cost: 0ms
2024-05-10 09:17:57,305 [main] INFO  server.RaftServer (ConfUtils.java:logGet(46)) - raft.rpc.type = GRPC (default)
2024-05-10 09:17:57,306 [main] INFO  grpc.GrpcConfigKeys (ConfUtils.java:logFallback(53)) - raft.grpc.admin.host = null (fallback to raft.grpc.server.host)
2024-05-10 09:17:57,306 [main] INFO  grpc.GrpcConfigKeys (ConfUtils.java:logGet(46)) - raft.grpc.admin.port = 15093 (custom)
2024-05-10 09:17:57,306 [main] INFO  grpc.GrpcConfigKeys (ConfUtils.java:logFallback(53)) - raft.grpc.client.host = null (fallback to raft.grpc.server.host)
2024-05-10 09:17:57,306 [main] INFO  grpc.GrpcConfigKeys (ConfUtils.java:logGet(46)) - raft.grpc.client.port = 15092 (custom)
2024-05-10 09:17:57,306 [main] INFO  grpc.GrpcConfigKeys (ConfUtils.java:logGet(46)) - raft.grpc.server.host = null (default)
2024-05-10 09:17:57,306 [main] INFO  grpc.GrpcConfigKeys (ConfUtils.java:logGet(46)) - raft.grpc.server.port = 15094 (custom)
2024-05-10 09:17:57,306 [main] INFO  server.GrpcService (ConfUtils.java:logGet(46)) - raft.grpc.message.size.max = 32MB (=33554432) (custom)
2024-05-10 09:17:57,307 [main] INFO  server.RaftServerConfigKeys (ConfUtils.java:logGet(46)) - raft.server.log.appender.buffer.byte-limit = 8388608 (custom)
2024-05-10 09:17:57,307 [main] INFO  server.GrpcService (ConfUtils.java:logGet(46)) - raft.grpc.flow.control.window = 5MB (=5242880) (custom)
2024-05-10 09:17:57,307 [main] INFO  server.RaftServerConfigKeys (ConfUtils.java:logGet(46)) - raft.server.rpc.request.timeout = 3000ms (default)
2024-05-10 09:17:57,307 [main] INFO  grpc.GrpcConfigKeys (ConfUtils.java:logGet(46)) - raft.grpc.server.heartbeat.channel = true (default)
2024-05-10 09:17:57,307 [main] INFO  grpc.GrpcConfigKeys (ConfUtils.java:logGet(46)) - raft.grpc.server.async.request.thread.pool.cached = true (default)
2024-05-10 09:17:57,308 [main] INFO  grpc.GrpcConfigKeys (ConfUtils.java:logGet(46)) - raft.grpc.server.async.request.thread.pool.size = 32 (default)
2024-05-10 09:17:57,310 [main] INFO  impl.DataStreamServerImpl (ConfUtils.java:logGet(46)) - raft.datastream.type = NETTY (custom)
2024-05-10 09:17:57,310 [main] INFO  server.RaftServerConfigKeys (ConfUtils.java:logGet(46)) - raft.server.data-stream.async.request.thread.pool.cached = false (default)
2024-05-10 09:17:57,310 [main] INFO  server.RaftServerConfigKeys (ConfUtils.java:logGet(46)) - raft.server.data-stream.async.request.thread.pool.size = 20 (custom)
2024-05-10 09:17:57,311 [main] INFO  server.RaftServerConfigKeys (ConfUtils.java:logGet(46)) - raft.server.data-stream.async.write.thread.pool.size = 16 (default)
2024-05-10 09:17:57,311 [main] INFO  netty.NettyConfigKeys$DataStream (ConfUtils.java:logGet(46)) - raft.netty.dataStream.server.channel.inactive.grace-period = 10min (default)
2024-05-10 09:17:57,311 [main] INFO  server.RaftServerConfigKeys (ConfUtils.java:logGet(46)) - raft.server.data-stream.client.pool.size = 10 (default)
2024-05-10 09:17:57,311 [main] INFO  netty.NettyConfigKeys$DataStream (ConfUtils.java:logGet(46)) - raft.netty.dataStream.server.use-epoll = true (default)
2024-05-10 09:17:57,311 [main] INFO  netty.NettyConfigKeys$DataStream (ConfUtils.java:logGet(46)) - raft.netty.dataStream.server.boss-group.size = 0 (default)
2024-05-10 09:17:57,311 [main] INFO  netty.NettyUtils (NettyUtils.java:newEventLoopGroup(69)) - Create EpollEventLoopGroup for 231fae4b-c133-4321-9160-5f63c50cd117-NettyServerStreamRpc-bossGroup; Thread size is 0.
2024-05-10 09:17:57,312 [main] INFO  netty.NettyConfigKeys$DataStream (ConfUtils.java:logGet(46)) - raft.netty.dataStream.server.worker-group.size = 0 (default)
2024-05-10 09:17:57,312 [main] INFO  netty.NettyUtils (NettyUtils.java:newEventLoopGroup(69)) - Create EpollEventLoopGroup for 231fae4b-c133-4321-9160-5f63c50cd117-NettyServerStreamRpc-workerGroup; Thread size is 0.
2024-05-10 09:17:57,313 [main] INFO  netty.NettyConfigKeys$DataStream (ConfUtils.java:logGet(46)) - raft.netty.dataStream.server.tls.conf = null (default)
2024-05-10 09:17:57,313 [main] INFO  netty.NettyConfigKeys$DataStream (ConfUtils.java:logGet(46)) - raft.netty.dataStream.host = null (default)
2024-05-10 09:17:57,313 [main] INFO  netty.NettyConfigKeys$DataStream (ConfUtils.java:logGet(46)) - raft.netty.dataStream.port = 15095 (custom)
2024-05-10 09:17:57,314 [main] INFO  server.RaftServerConfigKeys (ConfUtils.java:logGet(46)) - raft.server.sleep.deviation.threshold = 300ms (default)
2024-05-10 09:17:57,314 [main] INFO  server.RaftServerConfigKeys (ConfUtils.java:logGet(46)) - raft.server.close.threshold = 60s (default)
2024-05-10 09:17:57,314 [main] INFO  server.RaftServerConfigKeys (ConfUtils.java:logGet(46)) - raft.server.leaderelection.leader.step-down.wait-time = 10s (default)
2024-05-10 09:17:57,314 [main] INFO  server.RaftServerConfigKeys (ConfUtils.java:logGet(46)) - raft.server.storage.dir = [/home/runner/work/ozone/ozone/hadoop-ozone/integration-test/target/test-dir/MiniOzoneClusterImpl-5c48b7ff-bfdb-407d-b2cb-68403445a4a3/ozone-meta/datanode-4/ratis] (custom)
2024-05-10 09:17:57,314 [main] INFO  server.RaftServerConfigKeys (ConfUtils.java:logGet(46)) - raft.server.threadpool.proxy.cached = true (default)
2024-05-10 09:17:57,314 [main] INFO  server.RaftServerConfigKeys (ConfUtils.java:logGet(46)) - raft.server.threadpool.proxy.size = 0 (default)
2024-05-10 09:17:57,315 [231fae4b-c133-4321-9160-5f63c50cd117-impl-thread1] INFO  server.RaftServer (RaftServerProxy.java:initGroupDir(264)) - 231fae4b-c133-4321-9160-5f63c50cd117: found a subdirectory /home/runner/work/ozone/ozone/hadoop-ozone/integration-test/target/test-dir/MiniOzoneClusterImpl-5c48b7ff-bfdb-407d-b2cb-68403445a4a3/ozone-meta/datanode-4/ratis/tmp
2024-05-10 09:17:57,315 [231fae4b-c133-4321-9160-5f63c50cd117-impl-thread1] INFO  server.RaftServer (RaftServerProxy.java:initGroupDir(269)) - 231fae4b-c133-4321-9160-5f63c50cd117: The directory /home/runner/work/ozone/ozone/hadoop-ozone/integration-test/target/test-dir/MiniOzoneClusterImpl-5c48b7ff-bfdb-407d-b2cb-68403445a4a3/ozone-meta/datanode-4/ratis/tmp is not a group directory; ignoring it. 
2024-05-10 09:17:57,315 [main] INFO  replication.ReplicationServer (ReplicationServer.java:<init>(86)) - Initializing replication server with thread count = 10 queue length = 4096
2024-05-10 09:17:57,315 [231fae4b-c133-4321-9160-5f63c50cd117-NettyServerStreamRpc-bossGroup--thread1] INFO  logging.LoggingHandler (AbstractInternalLogger.java:log(148)) - [id: 0x87b897c7] REGISTERED
2024-05-10 09:17:57,315 [231fae4b-c133-4321-9160-5f63c50cd117-NettyServerStreamRpc-bossGroup--thread1] INFO  logging.LoggingHandler (AbstractInternalLogger.java:log(148)) - [id: 0x87b897c7] BIND: 0.0.0.0/0.0.0.0:15095
2024-05-10 09:17:57,315 [231fae4b-c133-4321-9160-5f63c50cd117-NettyServerStreamRpc-bossGroup--thread1] INFO  logging.LoggingHandler (AbstractInternalLogger.java:log(148)) - [id: 0x87b897c7, L:/0.0.0.0:15095] ACTIVE
2024-05-10 09:17:57,316 [main] INFO  server.XceiverServerGrpc (XceiverServerGrpc.java:<init>(141)) - GrpcServer channel type EpollServerSocketChannel
2024-05-10 09:17:57,318 [main] INFO  replication.ReplicationSupervisor (ReplicationSupervisor.java:build(157)) - Initializing replication supervisor with thread count = 10
2024-05-10 09:17:57,318 [main] INFO  replication.ReplicationSupervisor (ReplicationSupervisor.java:nodeStateUpdated(312)) - Node state updated to IN_SERVICE, scaling executor pool size to 10
2024-05-10 09:17:57,320 [main] INFO  http.BaseHttpServer (BaseHttpServer.java:newHttpServer2BuilderForOzone(223)) - Starting Web-server for hddsDatanode at: http://0.0.0.0:15089
2024-05-10 09:17:57,320 [main] INFO  http.BaseHttpServer (BaseHttpServer.java:<init>(110)) - Hadoop Security Enabled: false Ozone Security Enabled: false Ozone HTTP Security Enabled: false 
2024-05-10 09:17:57,321 [main] WARN  server.AuthenticationFilter (AuthenticationFilter.java:constructSecretProvider(240)) - Unable to initialize FileSignerSecretProvider, falling back to use random secrets. Reason: Could not read signature secret file: /home/runner/hadoop-http-auth-signature-secret
2024-05-10 09:17:57,322 [main] INFO  http.HttpRequestLog (HttpRequestLog.java:getRequestLog(86)) - Http request log for http.requests.hddsDatanode is not defined
2024-05-10 09:17:57,323 [main] INFO  http.HttpServer2 (HttpServer2.java:addGlobalFilter(1036)) - Added global filter 'safety' (class=org.apache.hadoop.hdds.server.http.HttpServer2$QuotingInputFilter)
2024-05-10 09:17:57,324 [main] INFO  http.HttpServer2 (HttpServer2.java:addFilter(1012)) - Added filter static_user_filter (class=org.apache.hadoop.http.lib.StaticUserWebFilter$StaticUserFilter) to context hddsDatanode
2024-05-10 09:17:57,324 [main] INFO  http.HttpServer2 (HttpServer2.java:addFilter(1020)) - Added filter static_user_filter (class=org.apache.hadoop.http.lib.StaticUserWebFilter$StaticUserFilter) to context logs
2024-05-10 09:17:57,324 [main] INFO  http.HttpServer2 (HttpServer2.java:addFilter(1020)) - Added filter static_user_filter (class=org.apache.hadoop.http.lib.StaticUserWebFilter$StaticUserFilter) to context static
2024-05-10 09:17:57,325 [main] INFO  http.BaseHttpServer (BaseHttpServer.java:<init>(189)) - HTTP server of hddsDatanode uses base directory /home/runner/work/ozone/ozone/hadoop-ozone/integration-test/target/test-dir/MiniOzoneClusterImpl-5c48b7ff-bfdb-407d-b2cb-68403445a4a3/ozone-meta/datanode-4/meta/webserver
2024-05-10 09:17:57,325 [main] INFO  http.HttpServer2 (HttpServer2.java:bindListener(1236)) - Jetty bound to port 15089
2024-05-10 09:17:57,325 [main] INFO  server.Server (Server.java:doStart(375)) - jetty-9.4.54.v20240208; built: 2024-02-08T19:42:39.027Z; git: cef3fbd6d736a21e7d541a5db490381d95a2047d; jvm 17.0.10+7
2024-05-10 09:17:57,327 [main] INFO  server.session (DefaultSessionIdManager.java:doStart(334)) - DefaultSessionIdManager workerName=node0
2024-05-10 09:17:57,327 [main] INFO  server.session (DefaultSessionIdManager.java:doStart(339)) - No SessionScavenger set, using defaults
2024-05-10 09:17:57,327 [main] INFO  server.session (HouseKeeper.java:startScavenging(132)) - node0 Scavenging every 600000ms
2024-05-10 09:17:57,327 [main] INFO  handler.ContextHandler (ContextHandler.java:doStart(921)) - Started o.e.j.s.ServletContextHandler@3cbcd442{logs,/logs,file:///home/runner/work/ozone/ozone/hadoop-ozone/integration-test/target/log,AVAILABLE}
2024-05-10 09:17:57,328 [main] INFO  handler.ContextHandler (ContextHandler.java:doStart(921)) - Started o.e.j.s.ServletContextHandler@e888636{static,/static,file:///home/runner/work/ozone/ozone/hadoop-hdds/container-service/target/classes/webapps/static,AVAILABLE}
2024-05-10 09:17:57,332 [main] INFO  handler.ContextHandler (ContextHandler.java:doStart(921)) - Started o.e.j.w.WebAppContext@1532b1d{hddsDatanode,/,file:///home/runner/work/ozone/ozone/hadoop-hdds/container-service/target/classes/webapps/hddsDatanode/,AVAILABLE}{file:/home/runner/work/ozone/ozone/hadoop-hdds/container-service/target/classes/webapps/hddsDatanode}
2024-05-10 09:17:57,338 [main] INFO  server.AbstractConnector (AbstractConnector.java:doStart(333)) - Started ServerConnector@1717302b{HTTP/1.1, (http/1.1)}{0.0.0.0:15089}
2024-05-10 09:17:57,338 [main] INFO  server.Server (Server.java:doStart(415)) - Started @33414ms
2024-05-10 09:17:57,338 [main] WARN  impl.MetricsSystemImpl (MetricsSystemImpl.java:register(279)) - Sink prometheus already exists!
2024-05-10 09:17:57,340 [main] INFO  http.BaseHttpServer (BaseHttpServer.java:updateConnectorAddress(354)) - HTTP server of hddsDatanode listening at http://0.0.0.0:15089
2024-05-10 09:17:57,340 [main] INFO  ipc.CallQueueManager (CallQueueManager.java:<init>(90)) - Using callQueue: class java.util.concurrent.LinkedBlockingQueue, queueCapacity: 100, scheduler: class org.apache.hadoop.ipc.DefaultRpcScheduler, ipcBackoff: false.
2024-05-10 09:17:57,340 [main] INFO  ipc.Server (Server.java:<init>(1287)) - Listener at 0.0.0.0:15090
2024-05-10 09:17:57,341 [Socket Reader #1 for port 15090] INFO  ipc.Server (Server.java:run(1323)) - Starting Socket Reader #1 for port 15090
2024-05-10 09:17:57,342 [main] INFO  ozone.HddsDatanodeService (HddsDatanodeService.java:start(327)) - Datanode start with admins: [runner]
2024-05-10 09:17:57,342 [main] INFO  ozone.HddsDatanodeClientProtocolServer (HddsDatanodeClientProtocolServer.java:start(77)) - RPC server for Client /0.0.0.0:15090
2024-05-10 09:17:57,342 [IPC Server Responder] INFO  ipc.Server (Server.java:run(1562)) - IPC Server Responder: starting
2024-05-10 09:17:57,342 [IPC Server listener on 15090] INFO  ipc.Server (Server.java:run(1402)) - IPC Server listener on 15090: starting
2024-05-10 09:17:57,345 [231fae4b-c133-4321-9160-5f63c50cd117-DatanodeStateMachineDaemonThread] INFO  statemachine.DatanodeStateMachine (DatanodeStateMachine.java:lambda$startDaemon$1(555)) - Ozone container server started.
2024-05-10 09:17:57,346 [main] WARN  dropwizard3.Dm3MetricRegistriesImpl (Dm3MetricRegistriesImpl.java:addReporterRegistration(113)) - New reporters are added after registries were created. Some metrics will be missing from the reporter. Please add reporter before adding any new registry.
2024-05-10 09:17:57,346 [main] WARN  dropwizard3.Dm3MetricRegistriesImpl (Dm3MetricRegistriesImpl.java:addReporterRegistration(113)) - New reporters are added after registries were created. Some metrics will be missing from the reporter. Please add reporter before adding any new registry.
2024-05-10 09:17:57,346 [main] INFO  impl.MetricsSystemImpl (MetricsSystemImpl.java:init(158)) - HddsDatanode metrics system started (again)
2024-05-10 09:17:57,359 [main] INFO  ozone.HddsDatanodeService (HddsDatanodeService.java:start(240)) - HddsDatanodeService host:fv-az983-686.a2pef1dptxmevgtwlerx3iae4a.cx.internal.cloudapp.net ip:10.1.0.31
2024-05-10 09:17:57,362 [231fae4b-c133-4321-9160-5f63c50cd117-DatanodeStateMachineTaskThread-0] INFO  datanode.InitDatanodeState (InitDatanodeState.java:persistContainerDatanodeDetails(139)) - DatanodeDetails is persisted to /home/runner/work/ozone/ozone/hadoop-ozone/integration-test/target/test-dir/MiniOzoneClusterImpl-5c48b7ff-bfdb-407d-b2cb-68403445a4a3/ozone-meta/datanode-4/meta/datanode.id
2024-05-10 09:17:57,381 [main] INFO  upgrade.AbstractLayoutVersionManager (AbstractLayoutVersionManager.java:init(83)) - Initializing Layout version manager with metadata layout = HADOOP_PRC_PORTS_IN_DATANODEDETAILS (version = 7), software layout = HADOOP_PRC_PORTS_IN_DATANODEDETAILS (version = 7)
2024-05-10 09:17:57,381 [main] INFO  statemachine.DatanodeStateMachine (DatanodeStateMachine.java:getEndPointTaskThreadPoolSize(299)) - Datanode State Machine Task Thread Pool size 2
2024-05-10 09:17:57,382 [main] INFO  volume.HddsVolume (HddsVolume.java:<init>(126)) - Creating HddsVolume: /home/runner/work/ozone/ozone/hadoop-ozone/integration-test/target/test-dir/MiniOzoneClusterImpl-5c48b7ff-bfdb-407d-b2cb-68403445a4a3/ozone-meta/datanode-5/data-0/hdds of storage type : DISK capacity : 9222449699674390527
2024-05-10 09:17:57,383 [main] INFO  volume.MutableVolumeSet (MutableVolumeSet.java:initializeVolumeSet(173)) - Added Volume : /home/runner/work/ozone/ozone/hadoop-ozone/integration-test/target/test-dir/MiniOzoneClusterImpl-5c48b7ff-bfdb-407d-b2cb-68403445a4a3/ozone-meta/datanode-5/data-0/hdds to VolumeSet
2024-05-10 09:17:57,383 [main] INFO  volume.MutableVolumeSet (MutableVolumeSet.java:initializeVolumeSet(173)) - Added Volume : /home/runner/work/ozone/ozone/hadoop-ozone/integration-test/target/test-dir/MiniOzoneClusterImpl-5c48b7ff-bfdb-407d-b2cb-68403445a4a3/ozone-meta/datanode-5/ratis to VolumeSet
2024-05-10 09:17:57,383 [main] INFO  ozoneimpl.OzoneContainer (HddsVolumeUtil.java:loadAllHddsVolumeDbStore(103)) - Load 1 volumes DbStore cost: 0ms
2024-05-10 09:17:57,386 [main] INFO  server.RaftServer (ConfUtils.java:logGet(46)) - raft.rpc.type = GRPC (default)
2024-05-10 09:17:57,386 [main] INFO  grpc.GrpcConfigKeys (ConfUtils.java:logFallback(53)) - raft.grpc.admin.host = null (fallback to raft.grpc.server.host)
2024-05-10 09:17:57,387 [main] INFO  grpc.GrpcConfigKeys (ConfUtils.java:logGet(46)) - raft.grpc.admin.port = 15102 (custom)
2024-05-10 09:17:57,387 [main] INFO  grpc.GrpcConfigKeys (ConfUtils.java:logFallback(53)) - raft.grpc.client.host = null (fallback to raft.grpc.server.host)
2024-05-10 09:17:57,387 [main] INFO  grpc.GrpcConfigKeys (ConfUtils.java:logGet(46)) - raft.grpc.client.port = 15101 (custom)
2024-05-10 09:17:57,387 [main] INFO  grpc.GrpcConfigKeys (ConfUtils.java:logGet(46)) - raft.grpc.server.host = null (default)
2024-05-10 09:17:57,387 [main] INFO  grpc.GrpcConfigKeys (ConfUtils.java:logGet(46)) - raft.grpc.server.port = 15103 (custom)
2024-05-10 09:17:57,387 [main] INFO  server.GrpcService (ConfUtils.java:logGet(46)) - raft.grpc.message.size.max = 32MB (=33554432) (custom)
2024-05-10 09:17:57,387 [main] INFO  server.RaftServerConfigKeys (ConfUtils.java:logGet(46)) - raft.server.log.appender.buffer.byte-limit = 8388608 (custom)
2024-05-10 09:17:57,387 [main] INFO  server.GrpcService (ConfUtils.java:logGet(46)) - raft.grpc.flow.control.window = 5MB (=5242880) (custom)
2024-05-10 09:17:57,387 [main] INFO  server.RaftServerConfigKeys (ConfUtils.java:logGet(46)) - raft.server.rpc.request.timeout = 3000ms (default)
2024-05-10 09:17:57,387 [main] INFO  grpc.GrpcConfigKeys (ConfUtils.java:logGet(46)) - raft.grpc.server.heartbeat.channel = true (default)
2024-05-10 09:17:57,388 [main] INFO  grpc.GrpcConfigKeys (ConfUtils.java:logGet(46)) - raft.grpc.server.async.request.thread.pool.cached = true (default)
2024-05-10 09:17:57,388 [main] INFO  grpc.GrpcConfigKeys (ConfUtils.java:logGet(46)) - raft.grpc.server.async.request.thread.pool.size = 32 (default)
2024-05-10 09:17:57,389 [main] INFO  impl.DataStreamServerImpl (ConfUtils.java:logGet(46)) - raft.datastream.type = NETTY (custom)
2024-05-10 09:17:57,390 [main] INFO  server.RaftServerConfigKeys (ConfUtils.java:logGet(46)) - raft.server.data-stream.async.request.thread.pool.cached = false (default)
2024-05-10 09:17:57,390 [main] INFO  server.RaftServerConfigKeys (ConfUtils.java:logGet(46)) - raft.server.data-stream.async.request.thread.pool.size = 20 (custom)
2024-05-10 09:17:57,390 [main] INFO  server.RaftServerConfigKeys (ConfUtils.java:logGet(46)) - raft.server.data-stream.async.write.thread.pool.size = 16 (default)
2024-05-10 09:17:57,390 [main] INFO  netty.NettyConfigKeys$DataStream (ConfUtils.java:logGet(46)) - raft.netty.dataStream.server.channel.inactive.grace-period = 10min (default)
2024-05-10 09:17:57,390 [main] INFO  server.RaftServerConfigKeys (ConfUtils.java:logGet(46)) - raft.server.data-stream.client.pool.size = 10 (default)
2024-05-10 09:17:57,390 [main] INFO  netty.NettyConfigKeys$DataStream (ConfUtils.java:logGet(46)) - raft.netty.dataStream.server.use-epoll = true (default)
2024-05-10 09:17:57,390 [main] INFO  netty.NettyConfigKeys$DataStream (ConfUtils.java:logGet(46)) - raft.netty.dataStream.server.boss-group.size = 0 (default)
2024-05-10 09:17:57,390 [main] INFO  netty.NettyUtils (NettyUtils.java:newEventLoopGroup(69)) - Create EpollEventLoopGroup for f8145005-1c64-450e-9575-8d23d50c4709-NettyServerStreamRpc-bossGroup; Thread size is 0.
2024-05-10 09:17:57,391 [main] INFO  netty.NettyConfigKeys$DataStream (ConfUtils.java:logGet(46)) - raft.netty.dataStream.server.worker-group.size = 0 (default)
2024-05-10 09:17:57,391 [main] INFO  netty.NettyUtils (NettyUtils.java:newEventLoopGroup(69)) - Create EpollEventLoopGroup for f8145005-1c64-450e-9575-8d23d50c4709-NettyServerStreamRpc-workerGroup; Thread size is 0.
2024-05-10 09:17:57,391 [main] INFO  netty.NettyConfigKeys$DataStream (ConfUtils.java:logGet(46)) - raft.netty.dataStream.server.tls.conf = null (default)
2024-05-10 09:17:57,391 [main] INFO  netty.NettyConfigKeys$DataStream (ConfUtils.java:logGet(46)) - raft.netty.dataStream.host = null (default)
2024-05-10 09:17:57,391 [main] INFO  netty.NettyConfigKeys$DataStream (ConfUtils.java:logGet(46)) - raft.netty.dataStream.port = 15104 (custom)
2024-05-10 09:17:57,392 [main] INFO  server.RaftServerConfigKeys (ConfUtils.java:logGet(46)) - raft.server.sleep.deviation.threshold = 300ms (default)
2024-05-10 09:17:57,392 [main] INFO  server.RaftServerConfigKeys (ConfUtils.java:logGet(46)) - raft.server.close.threshold = 60s (default)
2024-05-10 09:17:57,392 [main] INFO  server.RaftServerConfigKeys (ConfUtils.java:logGet(46)) - raft.server.leaderelection.leader.step-down.wait-time = 10s (default)
2024-05-10 09:17:57,392 [main] INFO  server.RaftServerConfigKeys (ConfUtils.java:logGet(46)) - raft.server.storage.dir = [/home/runner/work/ozone/ozone/hadoop-ozone/integration-test/target/test-dir/MiniOzoneClusterImpl-5c48b7ff-bfdb-407d-b2cb-68403445a4a3/ozone-meta/datanode-5/ratis] (custom)
2024-05-10 09:17:57,392 [main] INFO  server.RaftServerConfigKeys (ConfUtils.java:logGet(46)) - raft.server.threadpool.proxy.cached = true (default)
2024-05-10 09:17:57,392 [main] INFO  server.RaftServerConfigKeys (ConfUtils.java:logGet(46)) - raft.server.threadpool.proxy.size = 0 (default)
2024-05-10 09:17:57,392 [f8145005-1c64-450e-9575-8d23d50c4709-impl-thread1] INFO  server.RaftServer (RaftServerProxy.java:initGroupDir(264)) - f8145005-1c64-450e-9575-8d23d50c4709: found a subdirectory /home/runner/work/ozone/ozone/hadoop-ozone/integration-test/target/test-dir/MiniOzoneClusterImpl-5c48b7ff-bfdb-407d-b2cb-68403445a4a3/ozone-meta/datanode-5/ratis/tmp
2024-05-10 09:17:57,393 [f8145005-1c64-450e-9575-8d23d50c4709-NettyServerStreamRpc-bossGroup--thread1] INFO  logging.LoggingHandler (AbstractInternalLogger.java:log(148)) - [id: 0xc62add1e] REGISTERED
2024-05-10 09:17:57,393 [f8145005-1c64-450e-9575-8d23d50c4709-NettyServerStreamRpc-bossGroup--thread1] INFO  logging.LoggingHandler (AbstractInternalLogger.java:log(148)) - [id: 0xc62add1e] BIND: 0.0.0.0/0.0.0.0:15104
2024-05-10 09:17:57,393 [f8145005-1c64-450e-9575-8d23d50c4709-NettyServerStreamRpc-bossGroup--thread1] INFO  logging.LoggingHandler (AbstractInternalLogger.java:log(148)) - [id: 0xc62add1e, L:/0.0.0.0:15104] ACTIVE
2024-05-10 09:17:57,393 [f8145005-1c64-450e-9575-8d23d50c4709-impl-thread1] INFO  server.RaftServer (RaftServerProxy.java:initGroupDir(269)) - f8145005-1c64-450e-9575-8d23d50c4709: The directory /home/runner/work/ozone/ozone/hadoop-ozone/integration-test/target/test-dir/MiniOzoneClusterImpl-5c48b7ff-bfdb-407d-b2cb-68403445a4a3/ozone-meta/datanode-5/ratis/tmp is not a group directory; ignoring it. 
2024-05-10 09:17:57,393 [main] INFO  replication.ReplicationServer (ReplicationServer.java:<init>(86)) - Initializing replication server with thread count = 10 queue length = 4096
2024-05-10 09:17:57,394 [main] INFO  server.XceiverServerGrpc (XceiverServerGrpc.java:<init>(141)) - GrpcServer channel type EpollServerSocketChannel
2024-05-10 09:17:57,395 [main] INFO  replication.ReplicationSupervisor (ReplicationSupervisor.java:build(157)) - Initializing replication supervisor with thread count = 10
2024-05-10 09:17:57,395 [main] INFO  replication.ReplicationSupervisor (ReplicationSupervisor.java:nodeStateUpdated(312)) - Node state updated to IN_SERVICE, scaling executor pool size to 10
2024-05-10 09:17:57,399 [main] INFO  http.BaseHttpServer (BaseHttpServer.java:newHttpServer2BuilderForOzone(223)) - Starting Web-server for hddsDatanode at: http://0.0.0.0:15098
2024-05-10 09:17:57,399 [main] INFO  http.BaseHttpServer (BaseHttpServer.java:<init>(110)) - Hadoop Security Enabled: false Ozone Security Enabled: false Ozone HTTP Security Enabled: false 
2024-05-10 09:17:57,400 [main] WARN  server.AuthenticationFilter (AuthenticationFilter.java:constructSecretProvider(240)) - Unable to initialize FileSignerSecretProvider, falling back to use random secrets. Reason: Could not read signature secret file: /home/runner/hadoop-http-auth-signature-secret
2024-05-10 09:17:57,401 [main] INFO  http.HttpRequestLog (HttpRequestLog.java:getRequestLog(86)) - Http request log for http.requests.hddsDatanode is not defined
2024-05-10 09:17:57,402 [main] INFO  http.HttpServer2 (HttpServer2.java:addGlobalFilter(1036)) - Added global filter 'safety' (class=org.apache.hadoop.hdds.server.http.HttpServer2$QuotingInputFilter)
2024-05-10 09:17:57,402 [main] INFO  http.HttpServer2 (HttpServer2.java:addFilter(1012)) - Added filter static_user_filter (class=org.apache.hadoop.http.lib.StaticUserWebFilter$StaticUserFilter) to context hddsDatanode
2024-05-10 09:17:57,402 [main] INFO  http.HttpServer2 (HttpServer2.java:addFilter(1020)) - Added filter static_user_filter (class=org.apache.hadoop.http.lib.StaticUserWebFilter$StaticUserFilter) to context static
2024-05-10 09:17:57,402 [main] INFO  http.HttpServer2 (HttpServer2.java:addFilter(1020)) - Added filter static_user_filter (class=org.apache.hadoop.http.lib.StaticUserWebFilter$StaticUserFilter) to context logs
2024-05-10 09:17:57,403 [main] INFO  http.BaseHttpServer (BaseHttpServer.java:<init>(189)) - HTTP server of hddsDatanode uses base directory /home/runner/work/ozone/ozone/hadoop-ozone/integration-test/target/test-dir/MiniOzoneClusterImpl-5c48b7ff-bfdb-407d-b2cb-68403445a4a3/ozone-meta/datanode-5/meta/webserver
2024-05-10 09:17:57,403 [main] INFO  http.HttpServer2 (HttpServer2.java:bindListener(1236)) - Jetty bound to port 15098
2024-05-10 09:17:57,403 [main] INFO  server.Server (Server.java:doStart(375)) - jetty-9.4.54.v20240208; built: 2024-02-08T19:42:39.027Z; git: cef3fbd6d736a21e7d541a5db490381d95a2047d; jvm 17.0.10+7
2024-05-10 09:17:57,407 [main] INFO  server.session (DefaultSessionIdManager.java:doStart(334)) - DefaultSessionIdManager workerName=node0
2024-05-10 09:17:57,407 [main] INFO  server.session (DefaultSessionIdManager.java:doStart(339)) - No SessionScavenger set, using defaults
2024-05-10 09:17:57,407 [main] INFO  server.session (HouseKeeper.java:startScavenging(132)) - node0 Scavenging every 600000ms
2024-05-10 09:17:57,409 [main] INFO  handler.ContextHandler (ContextHandler.java:doStart(921)) - Started o.e.j.s.ServletContextHandler@66325a4d{logs,/logs,file:///home/runner/work/ozone/ozone/hadoop-ozone/integration-test/target/log,AVAILABLE}
2024-05-10 09:17:57,409 [main] INFO  handler.ContextHandler (ContextHandler.java:doStart(921)) - Started o.e.j.s.ServletContextHandler@7f8d4ff4{static,/static,file:///home/runner/work/ozone/ozone/hadoop-hdds/container-service/target/classes/webapps/static,AVAILABLE}
2024-05-10 09:17:57,412 [main] INFO  handler.ContextHandler (ContextHandler.java:doStart(921)) - Started o.e.j.w.WebAppContext@42f814cd{hddsDatanode,/,file:///home/runner/work/ozone/ozone/hadoop-hdds/container-service/target/classes/webapps/hddsDatanode/,AVAILABLE}{file:/home/runner/work/ozone/ozone/hadoop-hdds/container-service/target/classes/webapps/hddsDatanode}
2024-05-10 09:17:57,413 [main] INFO  server.AbstractConnector (AbstractConnector.java:doStart(333)) - Started ServerConnector@52fe8d86{HTTP/1.1, (http/1.1)}{0.0.0.0:15098}
2024-05-10 09:17:57,413 [main] INFO  server.Server (Server.java:doStart(415)) - Started @33488ms
2024-05-10 09:17:57,413 [main] WARN  impl.MetricsSystemImpl (MetricsSystemImpl.java:register(279)) - Sink prometheus already exists!
2024-05-10 09:17:57,413 [main] INFO  http.BaseHttpServer (BaseHttpServer.java:updateConnectorAddress(354)) - HTTP server of hddsDatanode listening at http://0.0.0.0:15098
2024-05-10 09:17:57,414 [main] INFO  ipc.CallQueueManager (CallQueueManager.java:<init>(90)) - Using callQueue: class java.util.concurrent.LinkedBlockingQueue, queueCapacity: 100, scheduler: class org.apache.hadoop.ipc.DefaultRpcScheduler, ipcBackoff: false.
2024-05-10 09:17:57,414 [main] INFO  ipc.Server (Server.java:<init>(1287)) - Listener at 0.0.0.0:15099
2024-05-10 09:17:57,414 [Socket Reader #1 for port 15099] INFO  ipc.Server (Server.java:run(1323)) - Starting Socket Reader #1 for port 15099
2024-05-10 09:17:57,416 [main] INFO  ozone.HddsDatanodeService (HddsDatanodeService.java:start(327)) - Datanode start with admins: [runner]
2024-05-10 09:17:57,416 [main] INFO  ozone.HddsDatanodeClientProtocolServer (HddsDatanodeClientProtocolServer.java:start(77)) - RPC server for Client /0.0.0.0:15099
2024-05-10 09:17:57,416 [IPC Server Responder] INFO  ipc.Server (Server.java:run(1562)) - IPC Server Responder: starting
2024-05-10 09:17:57,416 [IPC Server listener on 15099] INFO  ipc.Server (Server.java:run(1402)) - IPC Server listener on 15099: starting
2024-05-10 09:17:57,418 [f8145005-1c64-450e-9575-8d23d50c4709-DatanodeStateMachineDaemonThread] INFO  statemachine.DatanodeStateMachine (DatanodeStateMachine.java:lambda$startDaemon$1(555)) - Ozone container server started.
2024-05-10 09:17:57,419 [main] INFO  ozone.MiniOzoneClusterImpl (MiniOzoneClusterImpl.java:lambda$waitForClusterToBeReady$0(194)) - Waiting for nodes to be ready. Got 0 of 5 DN Heartbeats.
2024-05-10 09:17:57,419 [main] INFO  ozone.MiniOzoneClusterImpl (MiniOzoneClusterImpl.java:lambda$waitForClusterToBeReady$0(197)) - Waiting for cluster to exit safe mode
2024-05-10 09:17:57,419 [main] INFO  ozone.MiniOzoneClusterImpl (MiniOzoneClusterImpl.java:lambda$waitForClusterToBeReady$0(199)) - SCM became leader
2024-05-10 09:17:57,434 [f8145005-1c64-450e-9575-8d23d50c4709-DatanodeStateMachineTaskThread-0] INFO  datanode.InitDatanodeState (InitDatanodeState.java:persistContainerDatanodeDetails(139)) - DatanodeDetails is persisted to /home/runner/work/ozone/ozone/hadoop-ozone/integration-test/target/test-dir/MiniOzoneClusterImpl-5c48b7ff-bfdb-407d-b2cb-68403445a4a3/ozone-meta/datanode-5/meta/datanode.id
2024-05-10 09:17:58,152 [om1@group-C5BA1605619E-FollowerState] INFO  impl.FollowerState (FollowerState.java:run(143)) - om1@group-C5BA1605619E-FollowerState: change to CANDIDATE, lastRpcElapsedTime:1181240903ns, electionTimeout:1168ms
2024-05-10 09:17:58,152 [om1@group-C5BA1605619E-FollowerState] INFO  impl.RoleInfo (RoleInfo.java:shutdownFollowerState(110)) - om1: shutdown om1@group-C5BA1605619E-FollowerState
2024-05-10 09:17:58,152 [om1@group-C5BA1605619E-FollowerState] INFO  server.RaftServer$Division (RaftServerImpl.java:setRole(383)) - om1@group-C5BA1605619E: changes role from  FOLLOWER to CANDIDATE at term 0 for changeToCandidate
2024-05-10 09:17:58,152 [om1@group-C5BA1605619E-FollowerState] INFO  server.RaftServerConfigKeys (ConfUtils.java:logGet(46)) - raft.server.leaderelection.pre-vote = true (default)
2024-05-10 09:17:58,152 [om1@group-C5BA1605619E-FollowerState] INFO  impl.RoleInfo (RoleInfo.java:updateAndGet(139)) - om1: start om1@group-C5BA1605619E-LeaderElection11
2024-05-10 09:17:58,153 [om1@group-C5BA1605619E-LeaderElection11] INFO  impl.LeaderElection (LeaderElection.java:askForVotes(321)) - om1@group-C5BA1605619E-LeaderElection11 PRE_VOTE round 0: submit vote requests at term 0 for -1: peers:[om1|localhost:15060]|listeners:[], old=null
2024-05-10 09:17:58,153 [om1@group-C5BA1605619E-LeaderElection11] INFO  impl.LeaderElection (LeaderElection.java:askForVotes(323)) - om1@group-C5BA1605619E-LeaderElection11 PRE_VOTE round 0: result PASSED (term=0)
2024-05-10 09:17:58,155 [om1@group-C5BA1605619E-LeaderElection11] INFO  impl.LeaderElection (LeaderElection.java:askForVotes(321)) - om1@group-C5BA1605619E-LeaderElection11 ELECTION round 0: submit vote requests at term 1 for -1: peers:[om1|localhost:15060]|listeners:[], old=null
2024-05-10 09:17:58,155 [om1@group-C5BA1605619E-LeaderElection11] INFO  impl.LeaderElection (LeaderElection.java:askForVotes(323)) - om1@group-C5BA1605619E-LeaderElection11 ELECTION round 0: result PASSED (term=1)
2024-05-10 09:17:58,155 [om1@group-C5BA1605619E-LeaderElection11] INFO  impl.RoleInfo (RoleInfo.java:shutdownLeaderElection(130)) - om1: shutdown om1@group-C5BA1605619E-LeaderElection11
2024-05-10 09:17:58,155 [om1@group-C5BA1605619E-LeaderElection11] INFO  server.RaftServer$Division (RaftServerImpl.java:setRole(383)) - om1@group-C5BA1605619E: changes role from CANDIDATE to LEADER at term 1 for changeToLeader
2024-05-10 09:17:58,155 [om1@group-C5BA1605619E-LeaderElection11] INFO  server.RaftServerConfigKeys (ConfUtils.java:logGet(46)) - raft.server.staging.catchup.gap = 1000 (default)
2024-05-10 09:17:58,155 [om1@group-C5BA1605619E-LeaderElection11] INFO  server.RaftServerConfigKeys (ConfUtils.java:logGet(46)) - raft.server.write.element-limit = 4096 (default)
2024-05-10 09:17:58,155 [om1@group-C5BA1605619E-LeaderElection11] INFO  server.RaftServerConfigKeys (ConfUtils.java:logGet(46)) - raft.server.write.byte-limit = 64MB (=67108864) (default)
2024-05-10 09:17:58,156 [om1@group-C5BA1605619E-LeaderElection11] INFO  server.RaftServerConfigKeys (ConfUtils.java:logGet(46)) - raft.server.watch.timeout = 10s (default)
2024-05-10 09:17:58,156 [om1@group-C5BA1605619E-LeaderElection11] INFO  server.RaftServerConfigKeys (ConfUtils.java:logGet(46)) - raft.server.watch.timeout.denomination = 1s (default)
2024-05-10 09:17:58,156 [om1@group-C5BA1605619E-LeaderElection11] INFO  server.RaftServerConfigKeys (ConfUtils.java:logGet(46)) - raft.server.watch.element-limit = 65536 (default)
2024-05-10 09:17:58,156 [om1@group-C5BA1605619E-LeaderElection11] INFO  server.RaftServerConfigKeys (ConfUtils.java:logGet(46)) - raft.server.read.leader.lease.enabled = false (default)
2024-05-10 09:17:58,156 [om1@group-C5BA1605619E-LeaderElection11] INFO  server.RaftServerConfigKeys (ConfUtils.java:logGet(46)) - raft.server.read.leader.lease.timeout.ratio = 0.9 (default)
2024-05-10 09:17:58,156 [om1@group-C5BA1605619E-LeaderElection11] INFO  server.RaftServerConfigKeys (ConfUtils.java:logGet(46)) - raft.server.rpc.timeout.min = 1s (custom)
2024-05-10 09:17:58,156 [om1@group-C5BA1605619E-LeaderElection11] INFO  server.RaftServerConfigKeys (ConfUtils.java:logGet(46)) - raft.server.write.element-limit = 4096 (default)
2024-05-10 09:17:58,156 [om1@group-C5BA1605619E-LeaderElection11] INFO  server.RaftServerConfigKeys (ConfUtils.java:logGet(46)) - raft.server.write.follower.gap.ratio.max = -1.0 (default)
2024-05-10 09:17:58,156 [om1@group-C5BA1605619E-LeaderElection11] INFO  impl.RoleInfo (RoleInfo.java:updateAndGet(139)) - om1: start om1@group-C5BA1605619E-LeaderStateImpl
2024-05-10 09:17:58,156 [om1@group-C5BA1605619E-LeaderElection11] INFO  server.RaftServer$Division (RaftServerImpl.java:setFirstElection(574)) - om1@group-C5BA1605619E: set firstElectionSinceStartup to false for becomeLeader
2024-05-10 09:17:58,157 [om1@group-C5BA1605619E-LeaderElection11] INFO  server.RaftServer$Division (ServerState.java:setLeader(269)) - om1@group-C5BA1605619E: change Leader from null to om1 at term 1 for becomeLeader, leader elected after 1576ms
2024-05-10 09:17:58,157 [om1@group-C5BA1605619E-LeaderElection11] INFO  segmented.SegmentedRaftLogWorker (SegmentedRaftLogWorker.java:startLogSegment(430)) - om1@group-C5BA1605619E-SegmentedRaftLogWorker: Starting segment from index:0
2024-05-10 09:17:58,157 [om1@group-C5BA1605619E-LeaderElection11] INFO  server.RaftServer$Division (ServerState.java:setRaftConf(386)) - om1@group-C5BA1605619E: set configuration 0: peers:[om1|localhost:15060]|listeners:[], old=null
2024-05-10 09:17:58,157 [om1@group-C5BA1605619E-SegmentedRaftLogWorker] INFO  segmented.BufferedWriteChannel (BufferedWriteChannel.java:open(62)) - open log_inprogress_0 at position 0
2024-05-10 09:17:58,166 [om1@group-C5BA1605619E-SegmentedRaftLogWorker] INFO  segmented.SegmentedRaftLogWorker (SegmentedRaftLogWorker.java:execute(634)) - om1@group-C5BA1605619E-SegmentedRaftLogWorker: created new log segment /home/runner/work/ozone/ozone/hadoop-ozone/integration-test/target/test-dir/MiniOzoneClusterImpl-5c48b7ff-bfdb-407d-b2cb-68403445a4a3/ozone-meta/ratis/bf265839-605b-3f16-9796-c5ba1605619e/current/log_inprogress_0
2024-05-10 09:17:58,169 [om1@group-C5BA1605619E-StateMachineUpdater] INFO  ratis.OzoneManagerStateMachine (OzoneManagerStateMachine.java:notifyConfigurationChanged(212)) - Received Configuration change notification from Ratis. New Peer list:
[id: "om1"
address: "localhost:15060"
startupRole: FOLLOWER
]
2024-05-10 09:17:58,169 [om1@group-C5BA1605619E-StateMachineUpdater] INFO  server.RaftServer$Division (LeaderStateImpl.java:isApplied(320)) - leader is ready since appliedIndex == 0 >= startIndex == 0
2024-05-10 09:17:58,419 [main] INFO  ozone.MiniOzoneClusterImpl (MiniOzoneClusterImpl.java:lambda$waitForClusterToBeReady$0(194)) - Waiting for nodes to be ready. Got 0 of 5 DN Heartbeats.
2024-05-10 09:17:58,420 [main] INFO  ozone.MiniOzoneClusterImpl (MiniOzoneClusterImpl.java:lambda$waitForClusterToBeReady$0(197)) - Waiting for cluster to exit safe mode
2024-05-10 09:17:58,420 [main] INFO  ozone.MiniOzoneClusterImpl (MiniOzoneClusterImpl.java:lambda$waitForClusterToBeReady$0(199)) - SCM became leader
2024-05-10 09:17:59,162 [7c62eaa0-d491-4028-8bb9-25c4215260c7-EndpointStateMachineTaskThread-/0.0.0.0:15055-0 ] INFO  utils.DatanodeStoreCache (DatanodeStoreCache.java:addDB(72)) - Added db /home/runner/work/ozone/ozone/hadoop-ozone/integration-test/target/test-dir/MiniOzoneClusterImpl-5c48b7ff-bfdb-407d-b2cb-68403445a4a3/ozone-meta/datanode-1/data-0/hdds/5c48b7ff-bfdb-407d-b2cb-68403445a4a3/DS-5e8c474a-85e1-4a5b-9a49-5f03f0092ff1/container.db to cache
2024-05-10 09:17:59,162 [7c62eaa0-d491-4028-8bb9-25c4215260c7-EndpointStateMachineTaskThread-/0.0.0.0:15055-0 ] INFO  volume.HddsVolume (HddsVolume.java:createDbStore(437)) - SchemaV3 db is created and loaded at /home/runner/work/ozone/ozone/hadoop-ozone/integration-test/target/test-dir/MiniOzoneClusterImpl-5c48b7ff-bfdb-407d-b2cb-68403445a4a3/ozone-meta/datanode-1/data-0/hdds/5c48b7ff-bfdb-407d-b2cb-68403445a4a3/DS-5e8c474a-85e1-4a5b-9a49-5f03f0092ff1/container.db for volume DS-5e8c474a-85e1-4a5b-9a49-5f03f0092ff1
2024-05-10 09:17:59,164 [7c62eaa0-d491-4028-8bb9-25c4215260c7-ContainerReader-0] INFO  ozoneimpl.ContainerReader (ContainerReader.java:readVolume(148)) - Start to verify containers on volume /home/runner/work/ozone/ozone/hadoop-ozone/integration-test/target/test-dir/MiniOzoneClusterImpl-5c48b7ff-bfdb-407d-b2cb-68403445a4a3/ozone-meta/datanode-1/data-0/hdds
2024-05-10 09:17:59,164 [7c62eaa0-d491-4028-8bb9-25c4215260c7-ContainerReader-0] INFO  ozoneimpl.ContainerReader (ContainerReader.java:readVolume(178)) - Finish verifying containers on volume /home/runner/work/ozone/ozone/hadoop-ozone/integration-test/target/test-dir/MiniOzoneClusterImpl-5c48b7ff-bfdb-407d-b2cb-68403445a4a3/ozone-meta/datanode-1/data-0/hdds
2024-05-10 09:17:59,164 [7c62eaa0-d491-4028-8bb9-25c4215260c7-EndpointStateMachineTaskThread-/0.0.0.0:15055-0 ] INFO  ozoneimpl.OzoneContainer (OzoneContainer.java:buildContainerSet(328)) - Build ContainerSet costs 0s
2024-05-10 09:17:59,164 [7c62eaa0-d491-4028-8bb9-25c4215260c7-EndpointStateMachineTaskThread-/0.0.0.0:15055-0 ] INFO  volume.ThrottledAsyncChecker (ThrottledAsyncChecker.java:schedule(141)) - Scheduling a check for /home/runner/work/ozone/ozone/hadoop-ozone/integration-test/target/test-dir/MiniOzoneClusterImpl-5c48b7ff-bfdb-407d-b2cb-68403445a4a3/ozone-meta/datanode-1/data-0/hdds
2024-05-10 09:17:59,165 [7c62eaa0-d491-4028-8bb9-25c4215260c7-EndpointStateMachineTaskThread-/0.0.0.0:15055-0 ] INFO  volume.StorageVolumeChecker (StorageVolumeChecker.java:checkAllVolumes(218)) - Scheduled health check for volume /home/runner/work/ozone/ozone/hadoop-ozone/integration-test/target/test-dir/MiniOzoneClusterImpl-5c48b7ff-bfdb-407d-b2cb-68403445a4a3/ozone-meta/datanode-1/data-0/hdds
2024-05-10 09:17:59,166 [7c62eaa0-d491-4028-8bb9-25c4215260c7-EndpointStateMachineTaskThread-/0.0.0.0:15055-0 ] INFO  volume.ThrottledAsyncChecker (ThrottledAsyncChecker.java:schedule(141)) - Scheduling a check for /home/runner/work/ozone/ozone/hadoop-ozone/integration-test/target/test-dir/MiniOzoneClusterImpl-5c48b7ff-bfdb-407d-b2cb-68403445a4a3/ozone-meta/datanode-1/ratis
2024-05-10 09:17:59,166 [7c62eaa0-d491-4028-8bb9-25c4215260c7-EndpointStateMachineTaskThread-/0.0.0.0:15055-0 ] INFO  volume.StorageVolumeChecker (StorageVolumeChecker.java:checkAllVolumes(218)) - Scheduled health check for volume /home/runner/work/ozone/ozone/hadoop-ozone/integration-test/target/test-dir/MiniOzoneClusterImpl-5c48b7ff-bfdb-407d-b2cb-68403445a4a3/ozone-meta/datanode-1/ratis
2024-05-10 09:17:59,167 [7c62eaa0-d491-4028-8bb9-25c4215260c7-EndpointStateMachineTaskThread-/0.0.0.0:15055-0 ] INFO  ozoneimpl.OzoneContainer (OzoneContainer.java:start(459)) - Attempting to start container services.
2024-05-10 09:17:59,168 [ContainerMetadataScanner] INFO  ozoneimpl.AbstractBackgroundContainerScanner (AbstractBackgroundContainerScanner.java:runIteration(87)) - Completed an iteration in 0 minutes. Number of iterations (since the data-node restart) : 1, Number of containers scanned in this iteration : 0, Number of unhealthy containers found in this iteration : 0
2024-05-10 09:17:59,169 [7c62eaa0-d491-4028-8bb9-25c4215260c7-EndpointStateMachineTaskThread-/0.0.0.0:15055-0 ] INFO  replication.ReplicationServer (ReplicationServer.java:start(142)) - ReplicationServer is started using port 15069
2024-05-10 09:17:59,169 [7c62eaa0-d491-4028-8bb9-25c4215260c7-EndpointStateMachineTaskThread-/0.0.0.0:15055-0 ] INFO  ratis.XceiverServerRatis (XceiverServerRatis.java:start(566)) - Starting XceiverServerRatis 7c62eaa0-d491-4028-8bb9-25c4215260c7
2024-05-10 09:17:59,169 [ContainerDataScanner(/home/runner/work/ozone/ozone/hadoop-ozone/integration-test/target/test-dir/MiniOzoneClusterImpl-5c48b7ff-bfdb-407d-b2cb-68403445a4a3/ozone-meta/datanode-1/data-0/hdds)] INFO  ozoneimpl.AbstractBackgroundContainerScanner (AbstractBackgroundContainerScanner.java:runIteration(87)) - Completed an iteration in 0 minutes. Number of iterations (since the data-node restart) : 1, Number of containers scanned in this iteration : 0, Number of unhealthy containers found in this iteration : 0
2024-05-10 09:17:59,170 [7c62eaa0-d491-4028-8bb9-25c4215260c7-EndpointStateMachineTaskThread-/0.0.0.0:15055-0 ] INFO  server.RaftServer (RaftServerProxy.java:startImpl(406)) - 7c62eaa0-d491-4028-8bb9-25c4215260c7: start RPC server
2024-05-10 09:17:59,171 [7c62eaa0-d491-4028-8bb9-25c4215260c7-EndpointStateMachineTaskThread-/0.0.0.0:15055-0 ] INFO  server.GrpcService (GrpcService.java:startImpl(302)) - 7c62eaa0-d491-4028-8bb9-25c4215260c7: GrpcService started, listening on 15065
2024-05-10 09:17:59,171 [7c62eaa0-d491-4028-8bb9-25c4215260c7-EndpointStateMachineTaskThread-/0.0.0.0:15055-0 ] INFO  server.GrpcService (GrpcService.java:startImpl(302)) - 7c62eaa0-d491-4028-8bb9-25c4215260c7: GrpcService started, listening on 15067
2024-05-10 09:17:59,171 [7c62eaa0-d491-4028-8bb9-25c4215260c7-EndpointStateMachineTaskThread-/0.0.0.0:15055-0 ] INFO  server.GrpcService (GrpcService.java:startImpl(302)) - 7c62eaa0-d491-4028-8bb9-25c4215260c7: GrpcService started, listening on 15066
2024-05-10 09:17:59,171 [7c62eaa0-d491-4028-8bb9-25c4215260c7-EndpointStateMachineTaskThread-/0.0.0.0:15055-0 ] INFO  ratis.XceiverServerRatis (XceiverServerRatis.java:getRealPort(592)) - XceiverServerRatis 7c62eaa0-d491-4028-8bb9-25c4215260c7 is started using port 15065 for RATIS
2024-05-10 09:17:59,172 [7c62eaa0-d491-4028-8bb9-25c4215260c7-EndpointStateMachineTaskThread-/0.0.0.0:15055-0 ] INFO  ratis.XceiverServerRatis (XceiverServerRatis.java:getRealPort(592)) - XceiverServerRatis 7c62eaa0-d491-4028-8bb9-25c4215260c7 is started using port 15066 for RATIS_ADMIN
2024-05-10 09:17:59,172 [7c62eaa0-d491-4028-8bb9-25c4215260c7-EndpointStateMachineTaskThread-/0.0.0.0:15055-0 ] INFO  ratis.XceiverServerRatis (XceiverServerRatis.java:getRealPort(592)) - XceiverServerRatis 7c62eaa0-d491-4028-8bb9-25c4215260c7 is started using port 15067 for RATIS_SERVER
2024-05-10 09:17:59,172 [7c62eaa0-d491-4028-8bb9-25c4215260c7-EndpointStateMachineTaskThread-/0.0.0.0:15055-0 ] INFO  ratis.XceiverServerRatis (XceiverServerRatis.java:getRealPort(592)) - XceiverServerRatis 7c62eaa0-d491-4028-8bb9-25c4215260c7 is started using port 15068 for RATIS_DATASTREAM
2024-05-10 09:17:59,171 [JvmPauseMonitor9] INFO  util.JvmPauseMonitor (JvmPauseMonitor.java:run(146)) - JvmPauseMonitor-7c62eaa0-d491-4028-8bb9-25c4215260c7: Started
2024-05-10 09:17:59,173 [7c62eaa0-d491-4028-8bb9-25c4215260c7-BlockDeletingService#0] INFO  interfaces.ContainerDeletionChoosingPolicyTemplate (ContainerDeletionChoosingPolicyTemplate.java:chooseContainerForBlockDeletion(85)) - Chosen 0/5000 blocks from 0 candidate containers.
2024-05-10 09:17:59,226 [7ab25875-5f77-45a1-9004-12eab6369d05-EndpointStateMachineTaskThread-/0.0.0.0:15055-0 ] INFO  utils.DatanodeStoreCache (DatanodeStoreCache.java:addDB(72)) - Added db /home/runner/work/ozone/ozone/hadoop-ozone/integration-test/target/test-dir/MiniOzoneClusterImpl-5c48b7ff-bfdb-407d-b2cb-68403445a4a3/ozone-meta/datanode-2/data-0/hdds/5c48b7ff-bfdb-407d-b2cb-68403445a4a3/DS-d49ff403-e605-4945-9855-ba615bd937aa/container.db to cache
2024-05-10 09:17:59,226 [7ab25875-5f77-45a1-9004-12eab6369d05-EndpointStateMachineTaskThread-/0.0.0.0:15055-0 ] INFO  volume.HddsVolume (HddsVolume.java:createDbStore(437)) - SchemaV3 db is created and loaded at /home/runner/work/ozone/ozone/hadoop-ozone/integration-test/target/test-dir/MiniOzoneClusterImpl-5c48b7ff-bfdb-407d-b2cb-68403445a4a3/ozone-meta/datanode-2/data-0/hdds/5c48b7ff-bfdb-407d-b2cb-68403445a4a3/DS-d49ff403-e605-4945-9855-ba615bd937aa/container.db for volume DS-d49ff403-e605-4945-9855-ba615bd937aa
2024-05-10 09:17:59,228 [7ab25875-5f77-45a1-9004-12eab6369d05-ContainerReader-0] INFO  ozoneimpl.ContainerReader (ContainerReader.java:readVolume(148)) - Start to verify containers on volume /home/runner/work/ozone/ozone/hadoop-ozone/integration-test/target/test-dir/MiniOzoneClusterImpl-5c48b7ff-bfdb-407d-b2cb-68403445a4a3/ozone-meta/datanode-2/data-0/hdds
2024-05-10 09:17:59,228 [7ab25875-5f77-45a1-9004-12eab6369d05-ContainerReader-0] INFO  ozoneimpl.ContainerReader (ContainerReader.java:readVolume(178)) - Finish verifying containers on volume /home/runner/work/ozone/ozone/hadoop-ozone/integration-test/target/test-dir/MiniOzoneClusterImpl-5c48b7ff-bfdb-407d-b2cb-68403445a4a3/ozone-meta/datanode-2/data-0/hdds
2024-05-10 09:17:59,228 [7ab25875-5f77-45a1-9004-12eab6369d05-EndpointStateMachineTaskThread-/0.0.0.0:15055-0 ] INFO  ozoneimpl.OzoneContainer (OzoneContainer.java:buildContainerSet(328)) - Build ContainerSet costs 0s
2024-05-10 09:17:59,229 [7ab25875-5f77-45a1-9004-12eab6369d05-EndpointStateMachineTaskThread-/0.0.0.0:15055-0 ] INFO  volume.ThrottledAsyncChecker (ThrottledAsyncChecker.java:schedule(141)) - Scheduling a check for /home/runner/work/ozone/ozone/hadoop-ozone/integration-test/target/test-dir/MiniOzoneClusterImpl-5c48b7ff-bfdb-407d-b2cb-68403445a4a3/ozone-meta/datanode-2/data-0/hdds
2024-05-10 09:17:59,229 [7ab25875-5f77-45a1-9004-12eab6369d05-EndpointStateMachineTaskThread-/0.0.0.0:15055-0 ] INFO  volume.StorageVolumeChecker (StorageVolumeChecker.java:checkAllVolumes(218)) - Scheduled health check for volume /home/runner/work/ozone/ozone/hadoop-ozone/integration-test/target/test-dir/MiniOzoneClusterImpl-5c48b7ff-bfdb-407d-b2cb-68403445a4a3/ozone-meta/datanode-2/data-0/hdds
2024-05-10 09:17:59,230 [7ab25875-5f77-45a1-9004-12eab6369d05-EndpointStateMachineTaskThread-/0.0.0.0:15055-0 ] INFO  volume.ThrottledAsyncChecker (ThrottledAsyncChecker.java:schedule(141)) - Scheduling a check for /home/runner/work/ozone/ozone/hadoop-ozone/integration-test/target/test-dir/MiniOzoneClusterImpl-5c48b7ff-bfdb-407d-b2cb-68403445a4a3/ozone-meta/datanode-2/ratis
2024-05-10 09:17:59,230 [7ab25875-5f77-45a1-9004-12eab6369d05-EndpointStateMachineTaskThread-/0.0.0.0:15055-0 ] INFO  volume.StorageVolumeChecker (StorageVolumeChecker.java:checkAllVolumes(218)) - Scheduled health check for volume /home/runner/work/ozone/ozone/hadoop-ozone/integration-test/target/test-dir/MiniOzoneClusterImpl-5c48b7ff-bfdb-407d-b2cb-68403445a4a3/ozone-meta/datanode-2/ratis
2024-05-10 09:17:59,231 [7ab25875-5f77-45a1-9004-12eab6369d05-EndpointStateMachineTaskThread-/0.0.0.0:15055-0 ] INFO  ozoneimpl.OzoneContainer (OzoneContainer.java:start(459)) - Attempting to start container services.
2024-05-10 09:17:59,231 [7ab25875-5f77-45a1-9004-12eab6369d05-EndpointStateMachineTaskThread-/0.0.0.0:15055-0 ] WARN  ozoneimpl.OnDemandContainerDataScanner (OnDemandContainerDataScanner.java:init(75)) - Trying to initialize on demand scanner a second time on a datanode.
2024-05-10 09:17:59,232 [ContainerMetadataScanner] INFO  ozoneimpl.AbstractBackgroundContainerScanner (AbstractBackgroundContainerScanner.java:runIteration(87)) - Completed an iteration in 0 minutes. Number of iterations (since the data-node restart) : 1, Number of containers scanned in this iteration : 0, Number of unhealthy containers found in this iteration : 0
2024-05-10 09:17:59,232 [ContainerDataScanner(/home/runner/work/ozone/ozone/hadoop-ozone/integration-test/target/test-dir/MiniOzoneClusterImpl-5c48b7ff-bfdb-407d-b2cb-68403445a4a3/ozone-meta/datanode-2/data-0/hdds)] INFO  ozoneimpl.AbstractBackgroundContainerScanner (AbstractBackgroundContainerScanner.java:runIteration(87)) - Completed an iteration in 0 minutes. Number of iterations (since the data-node restart) : 1, Number of containers scanned in this iteration : 0, Number of unhealthy containers found in this iteration : 0
2024-05-10 09:17:59,232 [7ab25875-5f77-45a1-9004-12eab6369d05-EndpointStateMachineTaskThread-/0.0.0.0:15055-0 ] INFO  replication.ReplicationServer (ReplicationServer.java:start(142)) - ReplicationServer is started using port 15078
2024-05-10 09:17:59,233 [7ab25875-5f77-45a1-9004-12eab6369d05-EndpointStateMachineTaskThread-/0.0.0.0:15055-0 ] INFO  ratis.XceiverServerRatis (XceiverServerRatis.java:start(566)) - Starting XceiverServerRatis 7ab25875-5f77-45a1-9004-12eab6369d05
2024-05-10 09:17:59,238 [7ab25875-5f77-45a1-9004-12eab6369d05-EndpointStateMachineTaskThread-/0.0.0.0:15055-0 ] INFO  server.RaftServer (RaftServerProxy.java:startImpl(406)) - 7ab25875-5f77-45a1-9004-12eab6369d05: start RPC server
2024-05-10 09:17:59,239 [7ab25875-5f77-45a1-9004-12eab6369d05-EndpointStateMachineTaskThread-/0.0.0.0:15055-0 ] INFO  server.GrpcService (GrpcService.java:startImpl(302)) - 7ab25875-5f77-45a1-9004-12eab6369d05: GrpcService started, listening on 15074
2024-05-10 09:17:59,239 [7ab25875-5f77-45a1-9004-12eab6369d05-EndpointStateMachineTaskThread-/0.0.0.0:15055-0 ] INFO  server.GrpcService (GrpcService.java:startImpl(302)) - 7ab25875-5f77-45a1-9004-12eab6369d05: GrpcService started, listening on 15076
2024-05-10 09:17:59,239 [7ab25875-5f77-45a1-9004-12eab6369d05-EndpointStateMachineTaskThread-/0.0.0.0:15055-0 ] INFO  server.GrpcService (GrpcService.java:startImpl(302)) - 7ab25875-5f77-45a1-9004-12eab6369d05: GrpcService started, listening on 15075
2024-05-10 09:17:59,239 [7ab25875-5f77-45a1-9004-12eab6369d05-EndpointStateMachineTaskThread-/0.0.0.0:15055-0 ] INFO  ratis.XceiverServerRatis (XceiverServerRatis.java:getRealPort(592)) - XceiverServerRatis 7ab25875-5f77-45a1-9004-12eab6369d05 is started using port 15074 for RATIS
2024-05-10 09:17:59,240 [7ab25875-5f77-45a1-9004-12eab6369d05-EndpointStateMachineTaskThread-/0.0.0.0:15055-0 ] INFO  ratis.XceiverServerRatis (XceiverServerRatis.java:getRealPort(592)) - XceiverServerRatis 7ab25875-5f77-45a1-9004-12eab6369d05 is started using port 15075 for RATIS_ADMIN
2024-05-10 09:17:59,240 [7ab25875-5f77-45a1-9004-12eab6369d05-EndpointStateMachineTaskThread-/0.0.0.0:15055-0 ] INFO  ratis.XceiverServerRatis (XceiverServerRatis.java:getRealPort(592)) - XceiverServerRatis 7ab25875-5f77-45a1-9004-12eab6369d05 is started using port 15076 for RATIS_SERVER
2024-05-10 09:17:59,240 [7ab25875-5f77-45a1-9004-12eab6369d05-EndpointStateMachineTaskThread-/0.0.0.0:15055-0 ] INFO  ratis.XceiverServerRatis (XceiverServerRatis.java:getRealPort(592)) - XceiverServerRatis 7ab25875-5f77-45a1-9004-12eab6369d05 is started using port 15077 for RATIS_DATASTREAM
2024-05-10 09:17:59,241 [7ab25875-5f77-45a1-9004-12eab6369d05-BlockDeletingService#0] INFO  interfaces.ContainerDeletionChoosingPolicyTemplate (ContainerDeletionChoosingPolicyTemplate.java:chooseContainerForBlockDeletion(85)) - Chosen 0/5000 blocks from 0 candidate containers.
2024-05-10 09:17:59,241 [JvmPauseMonitor10] INFO  util.JvmPauseMonitor (JvmPauseMonitor.java:run(146)) - JvmPauseMonitor-7ab25875-5f77-45a1-9004-12eab6369d05: Started
2024-05-10 09:17:59,296 [e260e396-598b-44a7-8564-b51448915afe-EndpointStateMachineTaskThread-/0.0.0.0:15055-0 ] INFO  utils.DatanodeStoreCache (DatanodeStoreCache.java:addDB(72)) - Added db /home/runner/work/ozone/ozone/hadoop-ozone/integration-test/target/test-dir/MiniOzoneClusterImpl-5c48b7ff-bfdb-407d-b2cb-68403445a4a3/ozone-meta/datanode-3/data-0/hdds/5c48b7ff-bfdb-407d-b2cb-68403445a4a3/DS-12cdd499-9d22-47e3-9395-92477653975c/container.db to cache
2024-05-10 09:17:59,296 [e260e396-598b-44a7-8564-b51448915afe-EndpointStateMachineTaskThread-/0.0.0.0:15055-0 ] INFO  volume.HddsVolume (HddsVolume.java:createDbStore(437)) - SchemaV3 db is created and loaded at /home/runner/work/ozone/ozone/hadoop-ozone/integration-test/target/test-dir/MiniOzoneClusterImpl-5c48b7ff-bfdb-407d-b2cb-68403445a4a3/ozone-meta/datanode-3/data-0/hdds/5c48b7ff-bfdb-407d-b2cb-68403445a4a3/DS-12cdd499-9d22-47e3-9395-92477653975c/container.db for volume DS-12cdd499-9d22-47e3-9395-92477653975c
2024-05-10 09:17:59,298 [e260e396-598b-44a7-8564-b51448915afe-ContainerReader-0] INFO  ozoneimpl.ContainerReader (ContainerReader.java:readVolume(148)) - Start to verify containers on volume /home/runner/work/ozone/ozone/hadoop-ozone/integration-test/target/test-dir/MiniOzoneClusterImpl-5c48b7ff-bfdb-407d-b2cb-68403445a4a3/ozone-meta/datanode-3/data-0/hdds
2024-05-10 09:17:59,298 [e260e396-598b-44a7-8564-b51448915afe-ContainerReader-0] INFO  ozoneimpl.ContainerReader (ContainerReader.java:readVolume(178)) - Finish verifying containers on volume /home/runner/work/ozone/ozone/hadoop-ozone/integration-test/target/test-dir/MiniOzoneClusterImpl-5c48b7ff-bfdb-407d-b2cb-68403445a4a3/ozone-meta/datanode-3/data-0/hdds
2024-05-10 09:17:59,298 [e260e396-598b-44a7-8564-b51448915afe-EndpointStateMachineTaskThread-/0.0.0.0:15055-0 ] INFO  ozoneimpl.OzoneContainer (OzoneContainer.java:buildContainerSet(328)) - Build ContainerSet costs 0s
2024-05-10 09:17:59,298 [e260e396-598b-44a7-8564-b51448915afe-EndpointStateMachineTaskThread-/0.0.0.0:15055-0 ] INFO  volume.ThrottledAsyncChecker (ThrottledAsyncChecker.java:schedule(141)) - Scheduling a check for /home/runner/work/ozone/ozone/hadoop-ozone/integration-test/target/test-dir/MiniOzoneClusterImpl-5c48b7ff-bfdb-407d-b2cb-68403445a4a3/ozone-meta/datanode-3/data-0/hdds
2024-05-10 09:17:59,298 [e260e396-598b-44a7-8564-b51448915afe-EndpointStateMachineTaskThread-/0.0.0.0:15055-0 ] INFO  volume.StorageVolumeChecker (StorageVolumeChecker.java:checkAllVolumes(218)) - Scheduled health check for volume /home/runner/work/ozone/ozone/hadoop-ozone/integration-test/target/test-dir/MiniOzoneClusterImpl-5c48b7ff-bfdb-407d-b2cb-68403445a4a3/ozone-meta/datanode-3/data-0/hdds
2024-05-10 09:17:59,299 [e260e396-598b-44a7-8564-b51448915afe-EndpointStateMachineTaskThread-/0.0.0.0:15055-0 ] INFO  volume.ThrottledAsyncChecker (ThrottledAsyncChecker.java:schedule(141)) - Scheduling a check for /home/runner/work/ozone/ozone/hadoop-ozone/integration-test/target/test-dir/MiniOzoneClusterImpl-5c48b7ff-bfdb-407d-b2cb-68403445a4a3/ozone-meta/datanode-3/ratis
2024-05-10 09:17:59,300 [e260e396-598b-44a7-8564-b51448915afe-EndpointStateMachineTaskThread-/0.0.0.0:15055-0 ] INFO  volume.StorageVolumeChecker (StorageVolumeChecker.java:checkAllVolumes(218)) - Scheduled health check for volume /home/runner/work/ozone/ozone/hadoop-ozone/integration-test/target/test-dir/MiniOzoneClusterImpl-5c48b7ff-bfdb-407d-b2cb-68403445a4a3/ozone-meta/datanode-3/ratis
2024-05-10 09:17:59,300 [e260e396-598b-44a7-8564-b51448915afe-EndpointStateMachineTaskThread-/0.0.0.0:15055-0 ] INFO  ozoneimpl.OzoneContainer (OzoneContainer.java:start(459)) - Attempting to start container services.
2024-05-10 09:17:59,300 [e260e396-598b-44a7-8564-b51448915afe-EndpointStateMachineTaskThread-/0.0.0.0:15055-0 ] WARN  ozoneimpl.OnDemandContainerDataScanner (OnDemandContainerDataScanner.java:init(75)) - Trying to initialize on demand scanner a second time on a datanode.
2024-05-10 09:17:59,301 [ContainerMetadataScanner] INFO  ozoneimpl.AbstractBackgroundContainerScanner (AbstractBackgroundContainerScanner.java:runIteration(87)) - Completed an iteration in 0 minutes. Number of iterations (since the data-node restart) : 1, Number of containers scanned in this iteration : 0, Number of unhealthy containers found in this iteration : 0
2024-05-10 09:17:59,301 [ContainerDataScanner(/home/runner/work/ozone/ozone/hadoop-ozone/integration-test/target/test-dir/MiniOzoneClusterImpl-5c48b7ff-bfdb-407d-b2cb-68403445a4a3/ozone-meta/datanode-3/data-0/hdds)] INFO  ozoneimpl.AbstractBackgroundContainerScanner (AbstractBackgroundContainerScanner.java:runIteration(87)) - Completed an iteration in 0 minutes. Number of iterations (since the data-node restart) : 1, Number of containers scanned in this iteration : 0, Number of unhealthy containers found in this iteration : 0
2024-05-10 09:17:59,301 [e260e396-598b-44a7-8564-b51448915afe-EndpointStateMachineTaskThread-/0.0.0.0:15055-0 ] INFO  replication.ReplicationServer (ReplicationServer.java:start(142)) - ReplicationServer is started using port 15087
2024-05-10 09:17:59,301 [e260e396-598b-44a7-8564-b51448915afe-EndpointStateMachineTaskThread-/0.0.0.0:15055-0 ] INFO  ratis.XceiverServerRatis (XceiverServerRatis.java:start(566)) - Starting XceiverServerRatis e260e396-598b-44a7-8564-b51448915afe
2024-05-10 09:17:59,302 [e260e396-598b-44a7-8564-b51448915afe-EndpointStateMachineTaskThread-/0.0.0.0:15055-0 ] INFO  server.RaftServer (RaftServerProxy.java:startImpl(406)) - e260e396-598b-44a7-8564-b51448915afe: start RPC server
2024-05-10 09:17:59,302 [e260e396-598b-44a7-8564-b51448915afe-EndpointStateMachineTaskThread-/0.0.0.0:15055-0 ] INFO  server.GrpcService (GrpcService.java:startImpl(302)) - e260e396-598b-44a7-8564-b51448915afe: GrpcService started, listening on 15083
2024-05-10 09:17:59,303 [e260e396-598b-44a7-8564-b51448915afe-EndpointStateMachineTaskThread-/0.0.0.0:15055-0 ] INFO  server.GrpcService (GrpcService.java:startImpl(302)) - e260e396-598b-44a7-8564-b51448915afe: GrpcService started, listening on 15085
2024-05-10 09:17:59,303 [e260e396-598b-44a7-8564-b51448915afe-EndpointStateMachineTaskThread-/0.0.0.0:15055-0 ] INFO  server.GrpcService (GrpcService.java:startImpl(302)) - e260e396-598b-44a7-8564-b51448915afe: GrpcService started, listening on 15084
2024-05-10 09:17:59,303 [e260e396-598b-44a7-8564-b51448915afe-EndpointStateMachineTaskThread-/0.0.0.0:15055-0 ] INFO  ratis.XceiverServerRatis (XceiverServerRatis.java:getRealPort(592)) - XceiverServerRatis e260e396-598b-44a7-8564-b51448915afe is started using port 15083 for RATIS
2024-05-10 09:17:59,303 [JvmPauseMonitor11] INFO  util.JvmPauseMonitor (JvmPauseMonitor.java:run(146)) - JvmPauseMonitor-e260e396-598b-44a7-8564-b51448915afe: Started
2024-05-10 09:17:59,303 [e260e396-598b-44a7-8564-b51448915afe-EndpointStateMachineTaskThread-/0.0.0.0:15055-0 ] INFO  ratis.XceiverServerRatis (XceiverServerRatis.java:getRealPort(592)) - XceiverServerRatis e260e396-598b-44a7-8564-b51448915afe is started using port 15084 for RATIS_ADMIN
2024-05-10 09:17:59,303 [e260e396-598b-44a7-8564-b51448915afe-EndpointStateMachineTaskThread-/0.0.0.0:15055-0 ] INFO  ratis.XceiverServerRatis (XceiverServerRatis.java:getRealPort(592)) - XceiverServerRatis e260e396-598b-44a7-8564-b51448915afe is started using port 15085 for RATIS_SERVER
2024-05-10 09:17:59,303 [e260e396-598b-44a7-8564-b51448915afe-EndpointStateMachineTaskThread-/0.0.0.0:15055-0 ] INFO  ratis.XceiverServerRatis (XceiverServerRatis.java:getRealPort(592)) - XceiverServerRatis e260e396-598b-44a7-8564-b51448915afe is started using port 15086 for RATIS_DATASTREAM
2024-05-10 09:17:59,304 [e260e396-598b-44a7-8564-b51448915afe-BlockDeletingService#0] INFO  interfaces.ContainerDeletionChoosingPolicyTemplate (ContainerDeletionChoosingPolicyTemplate.java:chooseContainerForBlockDeletion(85)) - Chosen 0/5000 blocks from 0 candidate containers.
2024-05-10 09:17:59,384 [231fae4b-c133-4321-9160-5f63c50cd117-EndpointStateMachineTaskThread-/0.0.0.0:15055-0 ] INFO  utils.DatanodeStoreCache (DatanodeStoreCache.java:addDB(72)) - Added db /home/runner/work/ozone/ozone/hadoop-ozone/integration-test/target/test-dir/MiniOzoneClusterImpl-5c48b7ff-bfdb-407d-b2cb-68403445a4a3/ozone-meta/datanode-4/data-0/hdds/5c48b7ff-bfdb-407d-b2cb-68403445a4a3/DS-83da2910-d8c9-48b2-ada7-71cdaa5a1d6b/container.db to cache
2024-05-10 09:17:59,384 [231fae4b-c133-4321-9160-5f63c50cd117-EndpointStateMachineTaskThread-/0.0.0.0:15055-0 ] INFO  volume.HddsVolume (HddsVolume.java:createDbStore(437)) - SchemaV3 db is created and loaded at /home/runner/work/ozone/ozone/hadoop-ozone/integration-test/target/test-dir/MiniOzoneClusterImpl-5c48b7ff-bfdb-407d-b2cb-68403445a4a3/ozone-meta/datanode-4/data-0/hdds/5c48b7ff-bfdb-407d-b2cb-68403445a4a3/DS-83da2910-d8c9-48b2-ada7-71cdaa5a1d6b/container.db for volume DS-83da2910-d8c9-48b2-ada7-71cdaa5a1d6b
2024-05-10 09:17:59,386 [231fae4b-c133-4321-9160-5f63c50cd117-ContainerReader-0] INFO  ozoneimpl.ContainerReader (ContainerReader.java:readVolume(148)) - Start to verify containers on volume /home/runner/work/ozone/ozone/hadoop-ozone/integration-test/target/test-dir/MiniOzoneClusterImpl-5c48b7ff-bfdb-407d-b2cb-68403445a4a3/ozone-meta/datanode-4/data-0/hdds
2024-05-10 09:17:59,386 [231fae4b-c133-4321-9160-5f63c50cd117-ContainerReader-0] INFO  ozoneimpl.ContainerReader (ContainerReader.java:readVolume(178)) - Finish verifying containers on volume /home/runner/work/ozone/ozone/hadoop-ozone/integration-test/target/test-dir/MiniOzoneClusterImpl-5c48b7ff-bfdb-407d-b2cb-68403445a4a3/ozone-meta/datanode-4/data-0/hdds
2024-05-10 09:17:59,386 [231fae4b-c133-4321-9160-5f63c50cd117-EndpointStateMachineTaskThread-/0.0.0.0:15055-0 ] INFO  ozoneimpl.OzoneContainer (OzoneContainer.java:buildContainerSet(328)) - Build ContainerSet costs 0s
2024-05-10 09:17:59,387 [231fae4b-c133-4321-9160-5f63c50cd117-EndpointStateMachineTaskThread-/0.0.0.0:15055-0 ] INFO  volume.ThrottledAsyncChecker (ThrottledAsyncChecker.java:schedule(141)) - Scheduling a check for /home/runner/work/ozone/ozone/hadoop-ozone/integration-test/target/test-dir/MiniOzoneClusterImpl-5c48b7ff-bfdb-407d-b2cb-68403445a4a3/ozone-meta/datanode-4/data-0/hdds
2024-05-10 09:17:59,387 [231fae4b-c133-4321-9160-5f63c50cd117-EndpointStateMachineTaskThread-/0.0.0.0:15055-0 ] INFO  volume.StorageVolumeChecker (StorageVolumeChecker.java:checkAllVolumes(218)) - Scheduled health check for volume /home/runner/work/ozone/ozone/hadoop-ozone/integration-test/target/test-dir/MiniOzoneClusterImpl-5c48b7ff-bfdb-407d-b2cb-68403445a4a3/ozone-meta/datanode-4/data-0/hdds
2024-05-10 09:17:59,388 [231fae4b-c133-4321-9160-5f63c50cd117-EndpointStateMachineTaskThread-/0.0.0.0:15055-0 ] INFO  volume.ThrottledAsyncChecker (ThrottledAsyncChecker.java:schedule(141)) - Scheduling a check for /home/runner/work/ozone/ozone/hadoop-ozone/integration-test/target/test-dir/MiniOzoneClusterImpl-5c48b7ff-bfdb-407d-b2cb-68403445a4a3/ozone-meta/datanode-4/ratis
2024-05-10 09:17:59,388 [231fae4b-c133-4321-9160-5f63c50cd117-EndpointStateMachineTaskThread-/0.0.0.0:15055-0 ] INFO  volume.StorageVolumeChecker (StorageVolumeChecker.java:checkAllVolumes(218)) - Scheduled health check for volume /home/runner/work/ozone/ozone/hadoop-ozone/integration-test/target/test-dir/MiniOzoneClusterImpl-5c48b7ff-bfdb-407d-b2cb-68403445a4a3/ozone-meta/datanode-4/ratis
2024-05-10 09:17:59,389 [231fae4b-c133-4321-9160-5f63c50cd117-EndpointStateMachineTaskThread-/0.0.0.0:15055-0 ] INFO  ozoneimpl.OzoneContainer (OzoneContainer.java:start(459)) - Attempting to start container services.
2024-05-10 09:17:59,389 [231fae4b-c133-4321-9160-5f63c50cd117-EndpointStateMachineTaskThread-/0.0.0.0:15055-0 ] WARN  ozoneimpl.OnDemandContainerDataScanner (OnDemandContainerDataScanner.java:init(75)) - Trying to initialize on demand scanner a second time on a datanode.
2024-05-10 09:17:59,390 [ContainerMetadataScanner] INFO  ozoneimpl.AbstractBackgroundContainerScanner (AbstractBackgroundContainerScanner.java:runIteration(87)) - Completed an iteration in 0 minutes. Number of iterations (since the data-node restart) : 1, Number of containers scanned in this iteration : 0, Number of unhealthy containers found in this iteration : 0
2024-05-10 09:17:59,390 [ContainerDataScanner(/home/runner/work/ozone/ozone/hadoop-ozone/integration-test/target/test-dir/MiniOzoneClusterImpl-5c48b7ff-bfdb-407d-b2cb-68403445a4a3/ozone-meta/datanode-4/data-0/hdds)] INFO  ozoneimpl.AbstractBackgroundContainerScanner (AbstractBackgroundContainerScanner.java:runIteration(87)) - Completed an iteration in 0 minutes. Number of iterations (since the data-node restart) : 1, Number of containers scanned in this iteration : 0, Number of unhealthy containers found in this iteration : 0
2024-05-10 09:17:59,390 [231fae4b-c133-4321-9160-5f63c50cd117-EndpointStateMachineTaskThread-/0.0.0.0:15055-0 ] INFO  replication.ReplicationServer (ReplicationServer.java:start(142)) - ReplicationServer is started using port 15096
2024-05-10 09:17:59,390 [231fae4b-c133-4321-9160-5f63c50cd117-EndpointStateMachineTaskThread-/0.0.0.0:15055-0 ] INFO  ratis.XceiverServerRatis (XceiverServerRatis.java:start(566)) - Starting XceiverServerRatis 231fae4b-c133-4321-9160-5f63c50cd117
2024-05-10 09:17:59,392 [231fae4b-c133-4321-9160-5f63c50cd117-EndpointStateMachineTaskThread-/0.0.0.0:15055-0 ] INFO  server.RaftServer (RaftServerProxy.java:startImpl(406)) - 231fae4b-c133-4321-9160-5f63c50cd117: start RPC server
2024-05-10 09:17:59,392 [231fae4b-c133-4321-9160-5f63c50cd117-EndpointStateMachineTaskThread-/0.0.0.0:15055-0 ] INFO  server.GrpcService (GrpcService.java:startImpl(302)) - 231fae4b-c133-4321-9160-5f63c50cd117: GrpcService started, listening on 15092
2024-05-10 09:17:59,392 [231fae4b-c133-4321-9160-5f63c50cd117-EndpointStateMachineTaskThread-/0.0.0.0:15055-0 ] INFO  server.GrpcService (GrpcService.java:startImpl(302)) - 231fae4b-c133-4321-9160-5f63c50cd117: GrpcService started, listening on 15094
2024-05-10 09:17:59,392 [231fae4b-c133-4321-9160-5f63c50cd117-EndpointStateMachineTaskThread-/0.0.0.0:15055-0 ] INFO  server.GrpcService (GrpcService.java:startImpl(302)) - 231fae4b-c133-4321-9160-5f63c50cd117: GrpcService started, listening on 15093
2024-05-10 09:17:59,393 [231fae4b-c133-4321-9160-5f63c50cd117-EndpointStateMachineTaskThread-/0.0.0.0:15055-0 ] INFO  ratis.XceiverServerRatis (XceiverServerRatis.java:getRealPort(592)) - XceiverServerRatis 231fae4b-c133-4321-9160-5f63c50cd117 is started using port 15092 for RATIS
2024-05-10 09:17:59,393 [231fae4b-c133-4321-9160-5f63c50cd117-EndpointStateMachineTaskThread-/0.0.0.0:15055-0 ] INFO  ratis.XceiverServerRatis (XceiverServerRatis.java:getRealPort(592)) - XceiverServerRatis 231fae4b-c133-4321-9160-5f63c50cd117 is started using port 15093 for RATIS_ADMIN
2024-05-10 09:17:59,393 [231fae4b-c133-4321-9160-5f63c50cd117-EndpointStateMachineTaskThread-/0.0.0.0:15055-0 ] INFO  ratis.XceiverServerRatis (XceiverServerRatis.java:getRealPort(592)) - XceiverServerRatis 231fae4b-c133-4321-9160-5f63c50cd117 is started using port 15094 for RATIS_SERVER
2024-05-10 09:17:59,393 [231fae4b-c133-4321-9160-5f63c50cd117-EndpointStateMachineTaskThread-/0.0.0.0:15055-0 ] INFO  ratis.XceiverServerRatis (XceiverServerRatis.java:getRealPort(592)) - XceiverServerRatis 231fae4b-c133-4321-9160-5f63c50cd117 is started using port 15095 for RATIS_DATASTREAM
2024-05-10 09:17:59,393 [JvmPauseMonitor12] INFO  util.JvmPauseMonitor (JvmPauseMonitor.java:run(146)) - JvmPauseMonitor-231fae4b-c133-4321-9160-5f63c50cd117: Started
2024-05-10 09:17:59,394 [231fae4b-c133-4321-9160-5f63c50cd117-BlockDeletingService#0] INFO  interfaces.ContainerDeletionChoosingPolicyTemplate (ContainerDeletionChoosingPolicyTemplate.java:chooseContainerForBlockDeletion(85)) - Chosen 0/5000 blocks from 0 candidate containers.
2024-05-10 09:17:59,420 [main] INFO  ozone.MiniOzoneClusterImpl (MiniOzoneClusterImpl.java:lambda$waitForClusterToBeReady$0(194)) - Waiting for nodes to be ready. Got 0 of 5 DN Heartbeats.
2024-05-10 09:17:59,420 [main] INFO  ozone.MiniOzoneClusterImpl (MiniOzoneClusterImpl.java:lambda$waitForClusterToBeReady$0(197)) - Waiting for cluster to exit safe mode
2024-05-10 09:17:59,420 [main] INFO  ozone.MiniOzoneClusterImpl (MiniOzoneClusterImpl.java:lambda$waitForClusterToBeReady$0(199)) - SCM became leader
2024-05-10 09:17:59,454 [f8145005-1c64-450e-9575-8d23d50c4709-EndpointStateMachineTaskThread-/0.0.0.0:15055-0 ] INFO  utils.DatanodeStoreCache (DatanodeStoreCache.java:addDB(72)) - Added db /home/runner/work/ozone/ozone/hadoop-ozone/integration-test/target/test-dir/MiniOzoneClusterImpl-5c48b7ff-bfdb-407d-b2cb-68403445a4a3/ozone-meta/datanode-5/data-0/hdds/5c48b7ff-bfdb-407d-b2cb-68403445a4a3/DS-a1d0fefa-a44a-408a-a0ed-6b07ef7e3f8e/container.db to cache
2024-05-10 09:17:59,454 [f8145005-1c64-450e-9575-8d23d50c4709-EndpointStateMachineTaskThread-/0.0.0.0:15055-0 ] INFO  volume.HddsVolume (HddsVolume.java:createDbStore(437)) - SchemaV3 db is created and loaded at /home/runner/work/ozone/ozone/hadoop-ozone/integration-test/target/test-dir/MiniOzoneClusterImpl-5c48b7ff-bfdb-407d-b2cb-68403445a4a3/ozone-meta/datanode-5/data-0/hdds/5c48b7ff-bfdb-407d-b2cb-68403445a4a3/DS-a1d0fefa-a44a-408a-a0ed-6b07ef7e3f8e/container.db for volume DS-a1d0fefa-a44a-408a-a0ed-6b07ef7e3f8e
2024-05-10 09:17:59,456 [f8145005-1c64-450e-9575-8d23d50c4709-ContainerReader-0] INFO  ozoneimpl.ContainerReader (ContainerReader.java:readVolume(148)) - Start to verify containers on volume /home/runner/work/ozone/ozone/hadoop-ozone/integration-test/target/test-dir/MiniOzoneClusterImpl-5c48b7ff-bfdb-407d-b2cb-68403445a4a3/ozone-meta/datanode-5/data-0/hdds
2024-05-10 09:17:59,456 [f8145005-1c64-450e-9575-8d23d50c4709-ContainerReader-0] INFO  ozoneimpl.ContainerReader (ContainerReader.java:readVolume(178)) - Finish verifying containers on volume /home/runner/work/ozone/ozone/hadoop-ozone/integration-test/target/test-dir/MiniOzoneClusterImpl-5c48b7ff-bfdb-407d-b2cb-68403445a4a3/ozone-meta/datanode-5/data-0/hdds
2024-05-10 09:17:59,457 [f8145005-1c64-450e-9575-8d23d50c4709-EndpointStateMachineTaskThread-/0.0.0.0:15055-0 ] INFO  ozoneimpl.OzoneContainer (OzoneContainer.java:buildContainerSet(328)) - Build ContainerSet costs 0s
2024-05-10 09:17:59,457 [f8145005-1c64-450e-9575-8d23d50c4709-EndpointStateMachineTaskThread-/0.0.0.0:15055-0 ] INFO  volume.ThrottledAsyncChecker (ThrottledAsyncChecker.java:schedule(141)) - Scheduling a check for /home/runner/work/ozone/ozone/hadoop-ozone/integration-test/target/test-dir/MiniOzoneClusterImpl-5c48b7ff-bfdb-407d-b2cb-68403445a4a3/ozone-meta/datanode-5/data-0/hdds
2024-05-10 09:17:59,457 [f8145005-1c64-450e-9575-8d23d50c4709-EndpointStateMachineTaskThread-/0.0.0.0:15055-0 ] INFO  volume.StorageVolumeChecker (StorageVolumeChecker.java:checkAllVolumes(218)) - Scheduled health check for volume /home/runner/work/ozone/ozone/hadoop-ozone/integration-test/target/test-dir/MiniOzoneClusterImpl-5c48b7ff-bfdb-407d-b2cb-68403445a4a3/ozone-meta/datanode-5/data-0/hdds
2024-05-10 09:17:59,459 [f8145005-1c64-450e-9575-8d23d50c4709-EndpointStateMachineTaskThread-/0.0.0.0:15055-0 ] INFO  volume.ThrottledAsyncChecker (ThrottledAsyncChecker.java:schedule(141)) - Scheduling a check for /home/runner/work/ozone/ozone/hadoop-ozone/integration-test/target/test-dir/MiniOzoneClusterImpl-5c48b7ff-bfdb-407d-b2cb-68403445a4a3/ozone-meta/datanode-5/ratis
2024-05-10 09:17:59,459 [f8145005-1c64-450e-9575-8d23d50c4709-EndpointStateMachineTaskThread-/0.0.0.0:15055-0 ] INFO  volume.StorageVolumeChecker (StorageVolumeChecker.java:checkAllVolumes(218)) - Scheduled health check for volume /home/runner/work/ozone/ozone/hadoop-ozone/integration-test/target/test-dir/MiniOzoneClusterImpl-5c48b7ff-bfdb-407d-b2cb-68403445a4a3/ozone-meta/datanode-5/ratis
2024-05-10 09:17:59,460 [f8145005-1c64-450e-9575-8d23d50c4709-EndpointStateMachineTaskThread-/0.0.0.0:15055-0 ] INFO  ozoneimpl.OzoneContainer (OzoneContainer.java:start(459)) - Attempting to start container services.
2024-05-10 09:17:59,461 [f8145005-1c64-450e-9575-8d23d50c4709-EndpointStateMachineTaskThread-/0.0.0.0:15055-0 ] WARN  ozoneimpl.OnDemandContainerDataScanner (OnDemandContainerDataScanner.java:init(75)) - Trying to initialize on demand scanner a second time on a datanode.
2024-05-10 09:17:59,461 [ContainerMetadataScanner] INFO  ozoneimpl.AbstractBackgroundContainerScanner (AbstractBackgroundContainerScanner.java:runIteration(87)) - Completed an iteration in 0 minutes. Number of iterations (since the data-node restart) : 1, Number of containers scanned in this iteration : 0, Number of unhealthy containers found in this iteration : 0
2024-05-10 09:17:59,461 [ContainerDataScanner(/home/runner/work/ozone/ozone/hadoop-ozone/integration-test/target/test-dir/MiniOzoneClusterImpl-5c48b7ff-bfdb-407d-b2cb-68403445a4a3/ozone-meta/datanode-5/data-0/hdds)] INFO  ozoneimpl.AbstractBackgroundContainerScanner (AbstractBackgroundContainerScanner.java:runIteration(87)) - Completed an iteration in 0 minutes. Number of iterations (since the data-node restart) : 1, Number of containers scanned in this iteration : 0, Number of unhealthy containers found in this iteration : 0
2024-05-10 09:17:59,462 [f8145005-1c64-450e-9575-8d23d50c4709-EndpointStateMachineTaskThread-/0.0.0.0:15055-0 ] INFO  replication.ReplicationServer (ReplicationServer.java:start(142)) - ReplicationServer is started using port 15105
2024-05-10 09:17:59,462 [f8145005-1c64-450e-9575-8d23d50c4709-EndpointStateMachineTaskThread-/0.0.0.0:15055-0 ] INFO  ratis.XceiverServerRatis (XceiverServerRatis.java:start(566)) - Starting XceiverServerRatis f8145005-1c64-450e-9575-8d23d50c4709
2024-05-10 09:17:59,463 [f8145005-1c64-450e-9575-8d23d50c4709-EndpointStateMachineTaskThread-/0.0.0.0:15055-0 ] INFO  server.RaftServer (RaftServerProxy.java:startImpl(406)) - f8145005-1c64-450e-9575-8d23d50c4709: start RPC server
2024-05-10 09:17:59,463 [f8145005-1c64-450e-9575-8d23d50c4709-EndpointStateMachineTaskThread-/0.0.0.0:15055-0 ] INFO  server.GrpcService (GrpcService.java:startImpl(302)) - f8145005-1c64-450e-9575-8d23d50c4709: GrpcService started, listening on 15101
2024-05-10 09:17:59,463 [f8145005-1c64-450e-9575-8d23d50c4709-EndpointStateMachineTaskThread-/0.0.0.0:15055-0 ] INFO  server.GrpcService (GrpcService.java:startImpl(302)) - f8145005-1c64-450e-9575-8d23d50c4709: GrpcService started, listening on 15103
2024-05-10 09:17:59,464 [f8145005-1c64-450e-9575-8d23d50c4709-EndpointStateMachineTaskThread-/0.0.0.0:15055-0 ] INFO  server.GrpcService (GrpcService.java:startImpl(302)) - f8145005-1c64-450e-9575-8d23d50c4709: GrpcService started, listening on 15102
2024-05-10 09:17:59,466 [f8145005-1c64-450e-9575-8d23d50c4709-EndpointStateMachineTaskThread-/0.0.0.0:15055-0 ] INFO  ratis.XceiverServerRatis (XceiverServerRatis.java:getRealPort(592)) - XceiverServerRatis f8145005-1c64-450e-9575-8d23d50c4709 is started using port 15101 for RATIS
2024-05-10 09:17:59,466 [f8145005-1c64-450e-9575-8d23d50c4709-EndpointStateMachineTaskThread-/0.0.0.0:15055-0 ] INFO  ratis.XceiverServerRatis (XceiverServerRatis.java:getRealPort(592)) - XceiverServerRatis f8145005-1c64-450e-9575-8d23d50c4709 is started using port 15102 for RATIS_ADMIN
2024-05-10 09:17:59,466 [f8145005-1c64-450e-9575-8d23d50c4709-EndpointStateMachineTaskThread-/0.0.0.0:15055-0 ] INFO  ratis.XceiverServerRatis (XceiverServerRatis.java:getRealPort(592)) - XceiverServerRatis f8145005-1c64-450e-9575-8d23d50c4709 is started using port 15103 for RATIS_SERVER
2024-05-10 09:17:59,466 [f8145005-1c64-450e-9575-8d23d50c4709-EndpointStateMachineTaskThread-/0.0.0.0:15055-0 ] INFO  ratis.XceiverServerRatis (XceiverServerRatis.java:getRealPort(592)) - XceiverServerRatis f8145005-1c64-450e-9575-8d23d50c4709 is started using port 15104 for RATIS_DATASTREAM
2024-05-10 09:17:59,466 [JvmPauseMonitor13] INFO  util.JvmPauseMonitor (JvmPauseMonitor.java:run(146)) - JvmPauseMonitor-f8145005-1c64-450e-9575-8d23d50c4709: Started
2024-05-10 09:17:59,468 [f8145005-1c64-450e-9575-8d23d50c4709-BlockDeletingService#0] INFO  interfaces.ContainerDeletionChoosingPolicyTemplate (ContainerDeletionChoosingPolicyTemplate.java:chooseContainerForBlockDeletion(85)) - Chosen 0/5000 blocks from 0 candidate containers.
2024-05-10 09:18:00,420 [main] INFO  ozone.MiniOzoneClusterImpl (MiniOzoneClusterImpl.java:lambda$waitForClusterToBeReady$0(194)) - Waiting for nodes to be ready. Got 0 of 5 DN Heartbeats.
2024-05-10 09:18:00,420 [main] INFO  ozone.MiniOzoneClusterImpl (MiniOzoneClusterImpl.java:lambda$waitForClusterToBeReady$0(197)) - Waiting for cluster to exit safe mode
2024-05-10 09:18:00,420 [main] INFO  ozone.MiniOzoneClusterImpl (MiniOzoneClusterImpl.java:lambda$waitForClusterToBeReady$0(199)) - SCM became leader
2024-05-10 09:18:01,137 [IPC Server handler 2 on default port 15055] INFO  net.NetworkTopologyImpl (NetworkTopologyImpl.java:add(134)) - Added a new node: /default-rack/7c62eaa0-d491-4028-8bb9-25c4215260c7
2024-05-10 09:18:01,137 [IPC Server handler 2 on default port 15055] INFO  node.SCMNodeManager (SCMNodeManager.java:register(421)) - Registered datanode: 7c62eaa0-d491-4028-8bb9-25c4215260c7{ip: 127.0.0.1, host: localhost, ports: [HTTP=15062, CLIENT_RPC=15063, REPLICATION=15069, RATIS=15065, RATIS_ADMIN=15066, RATIS_SERVER=15067, RATIS_DATASTREAM=15068, STANDALONE=15064], networkLocation: /default-rack, certSerialId: null, persistedOpState: null, persistedOpStateExpiryEpochSec: 0}
2024-05-10 09:18:01,137 [EventQueue-NewNodeForNewNodeHandler] INFO  pipeline.BackgroundPipelineCreator (BackgroundPipelineCreator.java:notifyEventTriggered(280)) - trigger a one-shot run on RatisPipelineUtilsThread.
2024-05-10 09:18:01,138 [RatisPipelineUtilsThread-0] INFO  pipeline.RatisPipelineProvider (RatisPipelineProvider.java:lambda$create$0(205)) - Sending CreatePipelineCommand for pipeline:PipelineID=3a3b602f-45bc-435f-b319-39dcfa677ce1 to datanode:7c62eaa0-d491-4028-8bb9-25c4215260c7
2024-05-10 09:18:01,138 [EventQueue-NodeRegistrationContainerReportForContainerSafeModeRule] INFO  safemode.SCMSafeModeManager (SCMSafeModeManager.java:validateSafeModeExitRules(203)) - ContainerSafeModeRule rule is successfully validated
2024-05-10 09:18:01,138 [EventQueue-NodeRegistrationContainerReportForDataNodeSafeModeRule] INFO  safemode.SCMSafeModeManager (DataNodeSafeModeRule.java:process(71)) - SCM in safe mode. 1 DataNodes registered, 3 required.
2024-05-10 09:18:01,138 [EventQueue-PipelineReportForOneReplicaPipelineSafeModeRule] INFO  safemode.SCMSafeModeManager (SCMSafeModeManager.java:validateSafeModeExitRules(203)) - AtleastOneDatanodeReportedRule rule is successfully validated
2024-05-10 09:18:01,139 [RatisPipelineUtilsThread-0] INFO  pipeline.BackgroundPipelineCreator (BackgroundPipelineCreator.java:createPipelines(236)) - Created new pipeline Pipeline[ Id: 3a3b602f-45bc-435f-b319-39dcfa677ce1, Nodes: 7c62eaa0-d491-4028-8bb9-25c4215260c7(localhost/127.0.0.1), ReplicationConfig: RATIS/ONE, State:ALLOCATED, leaderId:, CreationTimestamp2024-05-10T09:18:01.138282754Z[Etc/UTC]]
2024-05-10 09:18:01,204 [IPC Server handler 3 on default port 15055] INFO  net.NetworkTopologyImpl (NetworkTopologyImpl.java:add(134)) - Added a new node: /default-rack/7ab25875-5f77-45a1-9004-12eab6369d05
2024-05-10 09:18:01,204 [IPC Server handler 3 on default port 15055] INFO  node.SCMNodeManager (SCMNodeManager.java:register(421)) - Registered datanode: 7ab25875-5f77-45a1-9004-12eab6369d05{ip: 127.0.0.1, host: localhost, ports: [HTTP=15071, CLIENT_RPC=15072, REPLICATION=15078, RATIS=15074, RATIS_ADMIN=15075, RATIS_SERVER=15076, RATIS_DATASTREAM=15077, STANDALONE=15073], networkLocation: /default-rack, certSerialId: null, persistedOpState: null, persistedOpStateExpiryEpochSec: 0}
2024-05-10 09:18:01,204 [EventQueue-NewNodeForNewNodeHandler] INFO  pipeline.BackgroundPipelineCreator (BackgroundPipelineCreator.java:notifyEventTriggered(280)) - trigger a one-shot run on RatisPipelineUtilsThread.
2024-05-10 09:18:01,204 [RatisPipelineUtilsThread-0] INFO  pipeline.RatisPipelineProvider (RatisPipelineProvider.java:lambda$create$0(205)) - Sending CreatePipelineCommand for pipeline:PipelineID=0d16adb1-c465-4bd6-905f-2f162207878f to datanode:7ab25875-5f77-45a1-9004-12eab6369d05
2024-05-10 09:18:01,204 [EventQueue-NodeRegistrationContainerReportForDataNodeSafeModeRule] INFO  safemode.SCMSafeModeManager (DataNodeSafeModeRule.java:process(71)) - SCM in safe mode. 2 DataNodes registered, 3 required.
2024-05-10 09:18:01,205 [RatisPipelineUtilsThread-0] INFO  pipeline.BackgroundPipelineCreator (BackgroundPipelineCreator.java:createPipelines(236)) - Created new pipeline Pipeline[ Id: 0d16adb1-c465-4bd6-905f-2f162207878f, Nodes: 7ab25875-5f77-45a1-9004-12eab6369d05(localhost/127.0.0.1), ReplicationConfig: RATIS/ONE, State:ALLOCATED, leaderId:, CreationTimestamp2024-05-10T09:18:01.204888914Z[Etc/UTC]]
2024-05-10 09:18:01,274 [IPC Server handler 4 on default port 15055] INFO  net.NetworkTopologyImpl (NetworkTopologyImpl.java:add(134)) - Added a new node: /default-rack/e260e396-598b-44a7-8564-b51448915afe
2024-05-10 09:18:01,274 [IPC Server handler 4 on default port 15055] INFO  node.SCMNodeManager (SCMNodeManager.java:register(421)) - Registered datanode: e260e396-598b-44a7-8564-b51448915afe{ip: 127.0.0.1, host: localhost, ports: [HTTP=15080, CLIENT_RPC=15081, REPLICATION=15087, RATIS=15083, RATIS_ADMIN=15084, RATIS_SERVER=15085, RATIS_DATASTREAM=15086, STANDALONE=15082], networkLocation: /default-rack, certSerialId: null, persistedOpState: null, persistedOpStateExpiryEpochSec: 0}
2024-05-10 09:18:01,274 [EventQueue-NewNodeForNewNodeHandler] INFO  pipeline.BackgroundPipelineCreator (BackgroundPipelineCreator.java:notifyEventTriggered(280)) - trigger a one-shot run on RatisPipelineUtilsThread.
2024-05-10 09:18:01,275 [EventQueue-NodeRegistrationContainerReportForDataNodeSafeModeRule] INFO  safemode.SCMSafeModeManager (DataNodeSafeModeRule.java:process(71)) - SCM in safe mode. 3 DataNodes registered, 3 required.
2024-05-10 09:18:01,275 [EventQueue-NodeRegistrationContainerReportForDataNodeSafeModeRule] INFO  safemode.SCMSafeModeManager (SCMSafeModeManager.java:validateSafeModeExitRules(203)) - DataNodeSafeModeRule rule is successfully validated
2024-05-10 09:18:01,275 [EventQueue-NodeRegistrationContainerReportForDataNodeSafeModeRule] INFO  safemode.SCMSafeModeManager (SCMSafeModeManager.java:completePreCheck(232)) - All SCM safe mode pre check rules have passed
2024-05-10 09:18:01,275 [RatisPipelineUtilsThread-0] INFO  pipeline.RatisPipelineProvider (RatisPipelineProvider.java:lambda$create$0(205)) - Sending CreatePipelineCommand for pipeline:PipelineID=9bca9582-3816-448c-8743-0bb0747d8a84 to datanode:e260e396-598b-44a7-8564-b51448915afe
2024-05-10 09:18:01,275 [EventQueue-NodeRegistrationContainerReportForDataNodeSafeModeRule] INFO  ha.SCMContext (SCMContext.java:updateSafeModeStatus(225)) - Update SafeModeStatus from SafeModeStatus{safeModeStatus=true, preCheckPassed=false} to SafeModeStatus{safeModeStatus=true, preCheckPassed=true}.
2024-05-10 09:18:01,275 [EventQueue-NodeRegistrationContainerReportForDataNodeSafeModeRule] INFO  pipeline.BackgroundPipelineCreator (BackgroundPipelineCreator.java:notifyEventTriggered(280)) - trigger a one-shot run on RatisPipelineUtilsThread.
2024-05-10 09:18:01,276 [RatisPipelineUtilsThread-0] INFO  pipeline.BackgroundPipelineCreator (BackgroundPipelineCreator.java:createPipelines(236)) - Created new pipeline Pipeline[ Id: 9bca9582-3816-448c-8743-0bb0747d8a84, Nodes: e260e396-598b-44a7-8564-b51448915afe(localhost/127.0.0.1), ReplicationConfig: RATIS/ONE, State:ALLOCATED, leaderId:, CreationTimestamp2024-05-10T09:18:01.275310991Z[Etc/UTC]]
2024-05-10 09:18:01,276 [RatisPipelineUtilsThread-0] INFO  pipeline.RatisPipelineProvider (RatisPipelineProvider.java:lambda$create$0(205)) - Sending CreatePipelineCommand for pipeline:PipelineID=464e5225-acc3-40b0-a04e-611b1f60644d to datanode:e260e396-598b-44a7-8564-b51448915afe
2024-05-10 09:18:01,276 [RatisPipelineUtilsThread-0] INFO  pipeline.RatisPipelineProvider (RatisPipelineProvider.java:lambda$create$0(205)) - Sending CreatePipelineCommand for pipeline:PipelineID=464e5225-acc3-40b0-a04e-611b1f60644d to datanode:7c62eaa0-d491-4028-8bb9-25c4215260c7
2024-05-10 09:18:01,276 [RatisPipelineUtilsThread-0] INFO  pipeline.RatisPipelineProvider (RatisPipelineProvider.java:lambda$create$0(205)) - Sending CreatePipelineCommand for pipeline:PipelineID=464e5225-acc3-40b0-a04e-611b1f60644d to datanode:7ab25875-5f77-45a1-9004-12eab6369d05
2024-05-10 09:18:01,277 [RatisPipelineUtilsThread-0] INFO  pipeline.BackgroundPipelineCreator (BackgroundPipelineCreator.java:createPipelines(236)) - Created new pipeline Pipeline[ Id: 464e5225-acc3-40b0-a04e-611b1f60644d, Nodes: e260e396-598b-44a7-8564-b51448915afe(localhost/127.0.0.1)7c62eaa0-d491-4028-8bb9-25c4215260c7(localhost/127.0.0.1)7ab25875-5f77-45a1-9004-12eab6369d05(localhost/127.0.0.1), ReplicationConfig: RATIS/THREE, State:ALLOCATED, leaderId:, CreationTimestamp2024-05-10T09:18:01.276361457Z[Etc/UTC]]
2024-05-10 09:18:01,277 [RatisPipelineUtilsThread-0] INFO  pipeline.RatisPipelineProvider (RatisPipelineProvider.java:lambda$create$0(205)) - Sending CreatePipelineCommand for pipeline:PipelineID=dcf6396f-50a7-4cc4-8cec-16361c22082a to datanode:7c62eaa0-d491-4028-8bb9-25c4215260c7
2024-05-10 09:18:01,277 [RatisPipelineUtilsThread-0] INFO  pipeline.RatisPipelineProvider (RatisPipelineProvider.java:lambda$create$0(205)) - Sending CreatePipelineCommand for pipeline:PipelineID=dcf6396f-50a7-4cc4-8cec-16361c22082a to datanode:e260e396-598b-44a7-8564-b51448915afe
2024-05-10 09:18:01,277 [RatisPipelineUtilsThread-0] INFO  pipeline.RatisPipelineProvider (RatisPipelineProvider.java:lambda$create$0(205)) - Sending CreatePipelineCommand for pipeline:PipelineID=dcf6396f-50a7-4cc4-8cec-16361c22082a to datanode:7ab25875-5f77-45a1-9004-12eab6369d05
2024-05-10 09:18:01,278 [RatisPipelineUtilsThread-0] INFO  pipeline.PipelineManagerImpl (PipelineManagerImpl.java:recordMetricsForPipeline(916)) - Pipeline: PipelineID=dcf6396f-50a7-4cc4-8cec-16361c22082a contains same datanodes as previous pipelines: PipelineID=464e5225-acc3-40b0-a04e-611b1f60644d nodeIds: 7c62eaa0-d491-4028-8bb9-25c4215260c7, e260e396-598b-44a7-8564-b51448915afe, 7ab25875-5f77-45a1-9004-12eab6369d05
2024-05-10 09:18:01,278 [RatisPipelineUtilsThread-0] INFO  pipeline.BackgroundPipelineCreator (BackgroundPipelineCreator.java:createPipelines(236)) - Created new pipeline Pipeline[ Id: dcf6396f-50a7-4cc4-8cec-16361c22082a, Nodes: 7c62eaa0-d491-4028-8bb9-25c4215260c7(localhost/127.0.0.1)e260e396-598b-44a7-8564-b51448915afe(localhost/127.0.0.1)7ab25875-5f77-45a1-9004-12eab6369d05(localhost/127.0.0.1), ReplicationConfig: RATIS/THREE, State:ALLOCATED, leaderId:, CreationTimestamp2024-05-10T09:18:01.277707160Z[Etc/UTC]]
2024-05-10 09:18:01,359 [IPC Server handler 0 on default port 15055] INFO  net.NetworkTopologyImpl (NetworkTopologyImpl.java:add(134)) - Added a new node: /default-rack/231fae4b-c133-4321-9160-5f63c50cd117
2024-05-10 09:18:01,359 [IPC Server handler 0 on default port 15055] INFO  node.SCMNodeManager (SCMNodeManager.java:register(421)) - Registered datanode: 231fae4b-c133-4321-9160-5f63c50cd117{ip: 127.0.0.1, host: localhost, ports: [HTTP=15089, CLIENT_RPC=15090, REPLICATION=15096, RATIS=15092, RATIS_ADMIN=15093, RATIS_SERVER=15094, RATIS_DATASTREAM=15095, STANDALONE=15091], networkLocation: /default-rack, certSerialId: null, persistedOpState: null, persistedOpStateExpiryEpochSec: 0}
2024-05-10 09:18:01,359 [EventQueue-NewNodeForNewNodeHandler] INFO  pipeline.BackgroundPipelineCreator (BackgroundPipelineCreator.java:notifyEventTriggered(280)) - trigger a one-shot run on RatisPipelineUtilsThread.
2024-05-10 09:18:01,360 [RatisPipelineUtilsThread-0] INFO  pipeline.RatisPipelineProvider (RatisPipelineProvider.java:lambda$create$0(205)) - Sending CreatePipelineCommand for pipeline:PipelineID=acda9b2a-3de6-4af8-b716-791040653f6e to datanode:231fae4b-c133-4321-9160-5f63c50cd117
2024-05-10 09:18:01,361 [RatisPipelineUtilsThread-0] INFO  pipeline.BackgroundPipelineCreator (BackgroundPipelineCreator.java:createPipelines(236)) - Created new pipeline Pipeline[ Id: acda9b2a-3de6-4af8-b716-791040653f6e, Nodes: 231fae4b-c133-4321-9160-5f63c50cd117(localhost/127.0.0.1), ReplicationConfig: RATIS/ONE, State:ALLOCATED, leaderId:, CreationTimestamp2024-05-10T09:18:01.360522422Z[Etc/UTC]]
2024-05-10 09:18:01,421 [main] INFO  ozone.MiniOzoneClusterImpl (MiniOzoneClusterImpl.java:lambda$waitForClusterToBeReady$0(194)) - Waiting for nodes to be ready. Got 4 of 5 DN Heartbeats.
2024-05-10 09:18:01,421 [main] INFO  ozone.MiniOzoneClusterImpl (MiniOzoneClusterImpl.java:lambda$waitForClusterToBeReady$0(197)) - Waiting for cluster to exit safe mode
2024-05-10 09:18:01,421 [main] INFO  ozone.MiniOzoneClusterImpl (MiniOzoneClusterImpl.java:lambda$waitForClusterToBeReady$0(199)) - SCM became leader
2024-05-10 09:18:01,432 [IPC Server handler 1 on default port 15055] INFO  net.NetworkTopologyImpl (NetworkTopologyImpl.java:add(134)) - Added a new node: /default-rack/f8145005-1c64-450e-9575-8d23d50c4709
2024-05-10 09:18:01,432 [IPC Server handler 1 on default port 15055] INFO  node.SCMNodeManager (SCMNodeManager.java:register(421)) - Registered datanode: f8145005-1c64-450e-9575-8d23d50c4709{ip: 127.0.0.1, host: localhost, ports: [HTTP=15098, CLIENT_RPC=15099, REPLICATION=15105, RATIS=15101, RATIS_ADMIN=15102, RATIS_SERVER=15103, RATIS_DATASTREAM=15104, STANDALONE=15100], networkLocation: /default-rack, certSerialId: null, persistedOpState: null, persistedOpStateExpiryEpochSec: 0}
2024-05-10 09:18:01,432 [EventQueue-NewNodeForNewNodeHandler] INFO  pipeline.BackgroundPipelineCreator (BackgroundPipelineCreator.java:notifyEventTriggered(280)) - trigger a one-shot run on RatisPipelineUtilsThread.
2024-05-10 09:18:01,432 [RatisPipelineUtilsThread-0] INFO  pipeline.RatisPipelineProvider (RatisPipelineProvider.java:lambda$create$0(205)) - Sending CreatePipelineCommand for pipeline:PipelineID=03d7bcc0-132f-40b0-a147-0a441cc6f3bc to datanode:f8145005-1c64-450e-9575-8d23d50c4709
2024-05-10 09:18:01,433 [RatisPipelineUtilsThread-0] INFO  pipeline.BackgroundPipelineCreator (BackgroundPipelineCreator.java:createPipelines(236)) - Created new pipeline Pipeline[ Id: 03d7bcc0-132f-40b0-a147-0a441cc6f3bc, Nodes: f8145005-1c64-450e-9575-8d23d50c4709(localhost/127.0.0.1), ReplicationConfig: RATIS/ONE, State:ALLOCATED, leaderId:, CreationTimestamp2024-05-10T09:18:01.432970773Z[Etc/UTC]]
2024-05-10 09:18:02,421 [main] INFO  ozone.MiniOzoneClusterImpl (MiniOzoneClusterImpl.java:lambda$waitForClusterToBeReady$0(194)) - Nodes are ready. Got 5 of 5 DN Heartbeats.
2024-05-10 09:18:02,421 [main] INFO  ozone.MiniOzoneClusterImpl (MiniOzoneClusterImpl.java:lambda$waitForClusterToBeReady$0(197)) - Waiting for cluster to exit safe mode
2024-05-10 09:18:02,421 [main] INFO  ozone.MiniOzoneClusterImpl (MiniOzoneClusterImpl.java:lambda$waitForClusterToBeReady$0(199)) - SCM became leader
2024-05-10 09:18:03,422 [main] INFO  ozone.MiniOzoneClusterImpl (MiniOzoneClusterImpl.java:lambda$waitForClusterToBeReady$0(194)) - Nodes are ready. Got 5 of 5 DN Heartbeats.
2024-05-10 09:18:03,422 [main] INFO  ozone.MiniOzoneClusterImpl (MiniOzoneClusterImpl.java:lambda$waitForClusterToBeReady$0(197)) - Waiting for cluster to exit safe mode
2024-05-10 09:18:03,422 [main] INFO  ozone.MiniOzoneClusterImpl (MiniOzoneClusterImpl.java:lambda$waitForClusterToBeReady$0(199)) - SCM became leader
2024-05-10 09:18:04,135 [7c62eaa0-d491-4028-8bb9-25c4215260c7-PipelineCommandHandlerThread-0] INFO  server.RaftServer (RaftServerProxy.java:addNew(100)) - 7c62eaa0-d491-4028-8bb9-25c4215260c7: addNew group-39DCFA677CE1:[7c62eaa0-d491-4028-8bb9-25c4215260c7|127.0.0.1:15067] returns group-39DCFA677CE1:java.util.concurrent.CompletableFuture@5ddd9cd3[Not completed]
2024-05-10 09:18:04,137 [7c62eaa0-d491-4028-8bb9-25c4215260c7-groupManagement] INFO  server.RaftServer$Division (RaftServerImpl.java:<init>(256)) - 7c62eaa0-d491-4028-8bb9-25c4215260c7: new RaftServerImpl for group-39DCFA677CE1:[7c62eaa0-d491-4028-8bb9-25c4215260c7|127.0.0.1:15067] with ContainerStateMachine:uninitialized
2024-05-10 09:18:04,137 [7c62eaa0-d491-4028-8bb9-25c4215260c7-groupManagement] INFO  server.RaftServerConfigKeys (ConfUtils.java:logGet(46)) - raft.server.rpc.timeout.min = 5s (custom)
2024-05-10 09:18:04,137 [7c62eaa0-d491-4028-8bb9-25c4215260c7-groupManagement] INFO  server.RaftServerConfigKeys (ConfUtils.java:logGet(46)) - raft.server.rpc.timeout.max = 5200ms (custom)
2024-05-10 09:18:04,137 [7c62eaa0-d491-4028-8bb9-25c4215260c7-groupManagement] INFO  server.RaftServerConfigKeys (ConfUtils.java:logGet(46)) - raft.server.rpc.sleep.time = 25ms (default)
2024-05-10 09:18:04,137 [7c62eaa0-d491-4028-8bb9-25c4215260c7-groupManagement] INFO  server.RaftServerConfigKeys (ConfUtils.java:logGet(46)) - raft.server.rpc.slowness.timeout = 300000ms (custom)
2024-05-10 09:18:04,137 [7c62eaa0-d491-4028-8bb9-25c4215260c7-groupManagement] INFO  server.RaftServerConfigKeys (ConfUtils.java:logGet(46)) - raft.server.leaderelection.leader.step-down.wait-time = 10s (default)
2024-05-10 09:18:04,137 [7c62eaa0-d491-4028-8bb9-25c4215260c7-groupManagement] INFO  server.RaftServerConfigKeys (ConfUtils.java:logGet(46)) - raft.server.leaderelection.member.majority-add = false (default)
2024-05-10 09:18:04,137 [7c62eaa0-d491-4028-8bb9-25c4215260c7-groupManagement] INFO  server.RaftServerConfigKeys (ConfUtils.java:logGet(46)) - raft.server.sleep.deviation.threshold = 300ms (default)
2024-05-10 09:18:04,137 [7c62eaa0-d491-4028-8bb9-25c4215260c7-groupManagement] INFO  server.RaftServer$Division (ServerState.java:<init>(113)) - 7c62eaa0-d491-4028-8bb9-25c4215260c7@group-39DCFA677CE1: ConfigurationManager, init=-1: peers:[7c62eaa0-d491-4028-8bb9-25c4215260c7|127.0.0.1:15067]|listeners:[], old=null, confs=<EMPTY_MAP>
2024-05-10 09:18:04,137 [7c62eaa0-d491-4028-8bb9-25c4215260c7-groupManagement] INFO  server.RaftServerConfigKeys (ConfUtils.java:logGet(46)) - raft.server.notification.no-leader.timeout = 300000ms (custom)
2024-05-10 09:18:04,137 [7c62eaa0-d491-4028-8bb9-25c4215260c7-groupManagement] INFO  server.RaftServerConfigKeys (ConfUtils.java:logGet(46)) - raft.server.read.timeout = 10s (default)
2024-05-10 09:18:04,138 [7c62eaa0-d491-4028-8bb9-25c4215260c7-groupManagement] INFO  server.RaftServerConfigKeys (ConfUtils.java:logGet(46)) - raft.server.retrycache.expirytime = 600000ms (custom)
2024-05-10 09:18:04,138 [7c62eaa0-d491-4028-8bb9-25c4215260c7-groupManagement] INFO  server.RaftServerConfigKeys (ConfUtils.java:logGet(46)) - raft.server.retrycache.statistics.expirytime = 100ms (default)
2024-05-10 09:18:04,138 [7c62eaa0-d491-4028-8bb9-25c4215260c7-groupManagement] INFO  server.RaftServerConfigKeys (ConfUtils.java:logGet(46)) - raft.server.read.option = DEFAULT (default)
2024-05-10 09:18:04,138 [7c62eaa0-d491-4028-8bb9-25c4215260c7-groupManagement] INFO  server.RaftServerConfigKeys (ConfUtils.java:logGet(46)) - raft.server.read.read-after-write-consistent.write-index-cache.expiry-time = 60s (default)
2024-05-10 09:18:04,140 [7c62eaa0-d491-4028-8bb9-25c4215260c7-groupManagement] INFO  server.RaftServerConfigKeys (ConfUtils.java:logGet(46)) - raft.server.rpc.request.timeout = 3000ms (default)
2024-05-10 09:18:04,140 [7c62eaa0-d491-4028-8bb9-25c4215260c7-groupManagement] INFO  server.RaftServerConfigKeys (ConfUtils.java:logGet(46)) - raft.server.log.appender.install.snapshot.enabled = false (custom)
2024-05-10 09:18:04,140 [7c62eaa0-d491-4028-8bb9-25c4215260c7-groupManagement] INFO  server.RaftServerConfigKeys (ConfUtils.java:logGet(46)) - raft.server.threadpool.server.cached = true (default)
2024-05-10 09:18:04,140 [7c62eaa0-d491-4028-8bb9-25c4215260c7-groupManagement] INFO  server.RaftServerConfigKeys (ConfUtils.java:logGet(46)) - raft.server.threadpool.server.size = 0 (default)
2024-05-10 09:18:04,140 [7c62eaa0-d491-4028-8bb9-25c4215260c7-groupManagement] INFO  server.RaftServerConfigKeys (ConfUtils.java:logGet(46)) - raft.server.threadpool.client.cached = true (default)
2024-05-10 09:18:04,140 [7c62eaa0-d491-4028-8bb9-25c4215260c7-groupManagement] INFO  server.RaftServerConfigKeys (ConfUtils.java:logGet(46)) - raft.server.threadpool.client.size = 0 (default)
2024-05-10 09:18:04,140 [7c62eaa0-d491-4028-8bb9-25c4215260c7-groupManagement] INFO  server.RaftServerConfigKeys (ConfUtils.java:logGet(46)) - raft.server.storage.free-space.min = 0MB (=0) (default)
2024-05-10 09:18:04,141 [7c62eaa0-d491-4028-8bb9-25c4215260c7-groupManagement] INFO  server.RaftServerConfigKeys (ConfUtils.java:logGet(46)) - raft.server.log.corruption.policy = EXCEPTION (default)
2024-05-10 09:18:04,141 [7c62eaa0-d491-4028-8bb9-25c4215260c7-groupManagement] INFO  server.RaftServerConfigKeys (ConfUtils.java:logGet(46)) - raft.server.storage.dir = [/home/runner/work/ozone/ozone/hadoop-ozone/integration-test/target/test-dir/MiniOzoneClusterImpl-5c48b7ff-bfdb-407d-b2cb-68403445a4a3/ozone-meta/datanode-1/ratis] (custom)
2024-05-10 09:18:04,141 [7c62eaa0-d491-4028-8bb9-25c4215260c7-groupManagement] INFO  storage.RaftStorageDirectory (RaftStorageDirectoryImpl.java:analyzeStorage(138)) - The storage directory /home/runner/work/ozone/ozone/hadoop-ozone/integration-test/target/test-dir/MiniOzoneClusterImpl-5c48b7ff-bfdb-407d-b2cb-68403445a4a3/ozone-meta/datanode-1/ratis/3a3b602f-45bc-435f-b319-39dcfa677ce1 does not exist. Creating ...
2024-05-10 09:18:04,142 [7c62eaa0-d491-4028-8bb9-25c4215260c7-groupManagement] INFO  storage.RaftStorageDirectory (RaftStorageDirectoryImpl.java:tryLock(228)) - Lock on /home/runner/work/ozone/ozone/hadoop-ozone/integration-test/target/test-dir/MiniOzoneClusterImpl-5c48b7ff-bfdb-407d-b2cb-68403445a4a3/ozone-meta/datanode-1/ratis/3a3b602f-45bc-435f-b319-39dcfa677ce1/in_use.lock acquired by nodename 51923@fv-az983-686
2024-05-10 09:18:04,143 [7c62eaa0-d491-4028-8bb9-25c4215260c7-groupManagement] INFO  storage.RaftStorage (RaftStorageImpl.java:format(99)) - Storage directory /home/runner/work/ozone/ozone/hadoop-ozone/integration-test/target/test-dir/MiniOzoneClusterImpl-5c48b7ff-bfdb-407d-b2cb-68403445a4a3/ozone-meta/datanode-1/ratis/3a3b602f-45bc-435f-b319-39dcfa677ce1 has been successfully formatted.
2024-05-10 09:18:04,143 [7c62eaa0-d491-4028-8bb9-25c4215260c7-groupManagement] WARN  util.FileUtils (LogUtils.java:supplyAndLog(63)) - Failed to Files.newInputStream /home/runner/work/ozone/ozone/hadoop-ozone/integration-test/target/test-dir/MiniOzoneClusterImpl-5c48b7ff-bfdb-407d-b2cb-68403445a4a3/ozone-meta/datanode-1/ratis/3a3b602f-45bc-435f-b319-39dcfa677ce1/current/raft-meta.conf with options []: java.nio.file.NoSuchFileException: /home/runner/work/ozone/ozone/hadoop-ozone/integration-test/target/test-dir/MiniOzoneClusterImpl-5c48b7ff-bfdb-407d-b2cb-68403445a4a3/ozone-meta/datanode-1/ratis/3a3b602f-45bc-435f-b319-39dcfa677ce1/current/raft-meta.conf
2024-05-10 09:18:04,144 [7c62eaa0-d491-4028-8bb9-25c4215260c7-groupManagement] INFO  ratis.ContainerStateMachine (ContainerStateMachine.java:loadSnapshot(287)) - group-39DCFA677CE1: The snapshot info is null. Setting the last applied index to:(t:0, i:~)
2024-05-10 09:18:04,144 [7c62eaa0-d491-4028-8bb9-25c4215260c7-groupManagement] INFO  server.RaftServerConfigKeys (ConfUtils.java:logGet(46)) - raft.server.log.use.memory = false (default)
2024-05-10 09:18:04,144 [7c62eaa0-d491-4028-8bb9-25c4215260c7-groupManagement] INFO  server.RaftServerConfigKeys (ConfUtils.java:logGet(46)) - raft.server.log.purge.gap = 1000000 (custom)
2024-05-10 09:18:04,144 [7c62eaa0-d491-4028-8bb9-25c4215260c7-groupManagement] INFO  server.RaftServerConfigKeys (ConfUtils.java:logGet(46)) - raft.server.log.appender.buffer.byte-limit = 8388608 (custom)
2024-05-10 09:18:04,144 [7c62eaa0-d491-4028-8bb9-25c4215260c7-groupManagement] INFO  server.RaftServerConfigKeys (ConfUtils.java:logGet(46)) - raft.server.log.statemachine.data.read.timeout = 1000ms (default)
2024-05-10 09:18:04,144 [7c62eaa0-d491-4028-8bb9-25c4215260c7-groupManagement] INFO  server.RaftServerConfigKeys (ConfUtils.java:logGet(46)) - raft.server.log.purge.preservation.log.num = 0 (default)
2024-05-10 09:18:04,145 [EventQueue-PipelineReportForPipelineReportHandler] INFO  pipeline.PipelineReportHandler (PipelineReportHandler.java:processPipelineReport(136)) - Opened pipeline PipelineID=3a3b602f-45bc-435f-b319-39dcfa677ce1
2024-05-10 09:18:04,146 [7c62eaa0-d491-4028-8bb9-25c4215260c7-groupManagement] INFO  server.RaftServerConfigKeys (ConfUtils.java:logGet(46)) - raft.server.log.segment.size.max = 67108864 (custom)
2024-05-10 09:18:04,146 [7c62eaa0-d491-4028-8bb9-25c4215260c7-groupManagement] INFO  server.RaftServerConfigKeys (ConfUtils.java:logGet(46)) - raft.server.log.segment.cache.num.max = 2 (custom)
2024-05-10 09:18:04,146 [7c62eaa0-d491-4028-8bb9-25c4215260c7-groupManagement] INFO  server.RaftServerConfigKeys (ConfUtils.java:logGet(46)) - raft.server.log.segment.cache.size.max = 200MB (=209715200) (default)
2024-05-10 09:18:04,146 [EventQueue-OpenPipelineForHealthyPipelineSafeModeRule] INFO  safemode.SCMSafeModeManager (HealthyPipelineSafeModeRule.java:process(140)) - SCM in safe mode. Healthy pipelines reported count is 0, required healthy pipeline reported count is 1
2024-05-10 09:18:04,146 [7c62eaa0-d491-4028-8bb9-25c4215260c7-groupManagement] INFO  server.RaftServerConfigKeys (ConfUtils.java:logGet(46)) - raft.server.log.appender.buffer.byte-limit = 8388608 (custom)
2024-05-10 09:18:04,147 [7c62eaa0-d491-4028-8bb9-25c4215260c7-groupManagement] INFO  util.AwaitToRun (AwaitToRun.java:start(81)) - Thread[7c62eaa0-d491-4028-8bb9-25c4215260c7@group-39DCFA677CE1-cacheEviction-AwaitToRun,5,main] started
2024-05-10 09:18:04,147 [7c62eaa0-d491-4028-8bb9-25c4215260c7-groupManagement] INFO  segmented.SegmentedRaftLogWorker (SegmentedRaftLogWorker.java:<init>(182)) - new 7c62eaa0-d491-4028-8bb9-25c4215260c7@group-39DCFA677CE1-SegmentedRaftLogWorker for RaftStorageImpl:Storage Directory /home/runner/work/ozone/ozone/hadoop-ozone/integration-test/target/test-dir/MiniOzoneClusterImpl-5c48b7ff-bfdb-407d-b2cb-68403445a4a3/ozone-meta/datanode-1/ratis/3a3b602f-45bc-435f-b319-39dcfa677ce1
2024-05-10 09:18:04,147 [7c62eaa0-d491-4028-8bb9-25c4215260c7-groupManagement] INFO  server.RaftServerConfigKeys (ConfUtils.java:logGet(46)) - raft.server.log.queue.byte-limit = 4294967296 (custom)
2024-05-10 09:18:04,147 [7c62eaa0-d491-4028-8bb9-25c4215260c7-groupManagement] INFO  server.RaftServerConfigKeys (ConfUtils.java:logGet(46)) - raft.server.log.queue.element-limit = 1024 (custom)
2024-05-10 09:18:04,147 [7c62eaa0-d491-4028-8bb9-25c4215260c7-groupManagement] INFO  server.RaftServerConfigKeys (ConfUtils.java:logGet(46)) - raft.server.log.segment.size.max = 67108864 (custom)
2024-05-10 09:18:04,147 [7c62eaa0-d491-4028-8bb9-25c4215260c7-groupManagement] INFO  server.RaftServerConfigKeys (ConfUtils.java:logGet(46)) - raft.server.log.preallocated.size = 4194304 (custom)
2024-05-10 09:18:04,147 [7c62eaa0-d491-4028-8bb9-25c4215260c7-groupManagement] INFO  server.RaftServerConfigKeys (ConfUtils.java:logGet(46)) - raft.server.log.force.sync.num = 128 (default)
2024-05-10 09:18:04,147 [7c62eaa0-d491-4028-8bb9-25c4215260c7-groupManagement] INFO  server.RaftServerConfigKeys (ConfUtils.java:logGet(46)) - raft.server.log.statemachine.data.sync = true (default)
2024-05-10 09:18:04,147 [7c62eaa0-d491-4028-8bb9-25c4215260c7-groupManagement] INFO  server.RaftServerConfigKeys (ConfUtils.java:logGet(46)) - raft.server.log.statemachine.data.sync.timeout = 10s (default)
2024-05-10 09:18:04,147 [7c62eaa0-d491-4028-8bb9-25c4215260c7-groupManagement] INFO  server.RaftServerConfigKeys (ConfUtils.java:logGet(46)) - raft.server.log.statemachine.data.sync.timeout.retry = 30 (custom)
2024-05-10 09:18:04,148 [7c62eaa0-d491-4028-8bb9-25c4215260c7-groupManagement] INFO  server.RaftServerConfigKeys (ConfUtils.java:logGet(46)) - raft.server.log.write.buffer.size = 8388616 (custom)
2024-05-10 09:18:04,149 [7c62eaa0-d491-4028-8bb9-25c4215260c7-groupManagement] INFO  server.RaftServerConfigKeys (ConfUtils.java:logGet(46)) - raft.server.log.appender.buffer.byte-limit = 8388608 (custom)
2024-05-10 09:18:04,149 [7c62eaa0-d491-4028-8bb9-25c4215260c7-groupManagement] INFO  server.RaftServerConfigKeys (ConfUtils.java:logGet(46)) - raft.server.log.unsafe-flush.enabled = false (default)
2024-05-10 09:18:04,149 [7c62eaa0-d491-4028-8bb9-25c4215260c7-groupManagement] INFO  server.RaftServerConfigKeys (ConfUtils.java:logGet(46)) - raft.server.log.async-flush.enabled = false (default)
2024-05-10 09:18:04,149 [7c62eaa0-d491-4028-8bb9-25c4215260c7-groupManagement] INFO  server.RaftServerConfigKeys (ConfUtils.java:logGet(46)) - raft.server.log.statemachine.data.caching.enabled = true (custom)
2024-05-10 09:18:04,149 [7c62eaa0-d491-4028-8bb9-25c4215260c7-groupManagement] INFO  segmented.SegmentedRaftLogWorker (SegmentedRaftLogWorker.java:lambda$new$0(134)) - 7c62eaa0-d491-4028-8bb9-25c4215260c7@group-39DCFA677CE1-SegmentedRaftLogWorker: flushIndex: setUnconditionally 0 -> -1
2024-05-10 09:18:04,149 [7c62eaa0-d491-4028-8bb9-25c4215260c7-groupManagement] INFO  segmented.SegmentedRaftLogWorker (SegmentedRaftLogWorker.java:lambda$new$0(134)) - 7c62eaa0-d491-4028-8bb9-25c4215260c7@group-39DCFA677CE1-SegmentedRaftLogWorker: safeCacheEvictIndex: setUnconditionally 0 -> -1
2024-05-10 09:18:04,149 [7c62eaa0-d491-4028-8bb9-25c4215260c7-groupManagement] INFO  server.RaftServer$Division (RaftServerImpl.java:start(396)) - 7c62eaa0-d491-4028-8bb9-25c4215260c7@group-39DCFA677CE1: start as a follower, conf=-1: peers:[7c62eaa0-d491-4028-8bb9-25c4215260c7|127.0.0.1:15067]|listeners:[], old=null
2024-05-10 09:18:04,150 [7c62eaa0-d491-4028-8bb9-25c4215260c7-groupManagement] INFO  server.RaftServer$Division (RaftServerImpl.java:setRole(383)) - 7c62eaa0-d491-4028-8bb9-25c4215260c7@group-39DCFA677CE1: changes role from      null to FOLLOWER at term 0 for startAsFollower
2024-05-10 09:18:04,150 [7c62eaa0-d491-4028-8bb9-25c4215260c7-groupManagement] INFO  impl.RoleInfo (RoleInfo.java:updateAndGet(139)) - 7c62eaa0-d491-4028-8bb9-25c4215260c7: start 7c62eaa0-d491-4028-8bb9-25c4215260c7@group-39DCFA677CE1-FollowerState
2024-05-10 09:18:04,150 [7c62eaa0-d491-4028-8bb9-25c4215260c7-groupManagement] INFO  util.JmxRegister (JmxRegister.java:tryRegister(44)) - Successfully registered JMX Bean with object name Ratis:service=RaftServer,group=group-39DCFA677CE1,id=7c62eaa0-d491-4028-8bb9-25c4215260c7
2024-05-10 09:18:04,150 [7c62eaa0-d491-4028-8bb9-25c4215260c7@group-39DCFA677CE1-FollowerState] INFO  server.RaftServerConfigKeys (ConfUtils.java:logFallback(53)) - raft.server.rpc.first-election.timeout.min = 5s (fallback to raft.server.rpc.timeout.min)
2024-05-10 09:18:04,150 [7c62eaa0-d491-4028-8bb9-25c4215260c7-groupManagement] INFO  server.RaftServerConfigKeys (ConfUtils.java:logGet(46)) - raft.server.snapshot.trigger-when-stop.enabled = true (default)
2024-05-10 09:18:04,150 [7c62eaa0-d491-4028-8bb9-25c4215260c7-groupManagement] INFO  server.RaftServerConfigKeys (ConfUtils.java:logGet(46)) - raft.server.snapshot.auto.trigger.enabled = true (custom)
2024-05-10 09:18:04,150 [7c62eaa0-d491-4028-8bb9-25c4215260c7-groupManagement] INFO  server.RaftServerConfigKeys (ConfUtils.java:logGet(46)) - raft.server.snapshot.auto.trigger.threshold = 10000 (custom)
2024-05-10 09:18:04,150 [7c62eaa0-d491-4028-8bb9-25c4215260c7-groupManagement] INFO  server.RaftServerConfigKeys (ConfUtils.java:logGet(46)) - raft.server.snapshot.retention.file.num = 5 (custom)
2024-05-10 09:18:04,150 [7c62eaa0-d491-4028-8bb9-25c4215260c7-groupManagement] INFO  server.RaftServerConfigKeys (ConfUtils.java:logGet(46)) - raft.server.log.purge.upto.snapshot.index = false (default)
2024-05-10 09:18:04,151 [7c62eaa0-d491-4028-8bb9-25c4215260c7@group-39DCFA677CE1-FollowerState] INFO  server.RaftServerConfigKeys (ConfUtils.java:logFallback(53)) - raft.server.rpc.first-election.timeout.max = 5200ms (fallback to raft.server.rpc.timeout.max)
2024-05-10 09:18:04,152 [7c62eaa0-d491-4028-8bb9-25c4215260c7-PipelineCommandHandlerThread-0] INFO  ratis.XceiverServerRatis (XceiverServerRatis.java:addGroup(864)) - Created group PipelineID=3a3b602f-45bc-435f-b319-39dcfa677ce1
2024-05-10 09:18:04,152 [7c62eaa0-d491-4028-8bb9-25c4215260c7-PipelineCommandHandlerThread-0] INFO  commandhandler.CreatePipelineCommandHandler (CreatePipelineCommandHandler.java:lambda$handle$2(124)) - Created Pipeline RATIS ONE PipelineID=3a3b602f-45bc-435f-b319-39dcfa677ce1.
2024-05-10 09:18:04,152 [7c62eaa0-d491-4028-8bb9-25c4215260c7-PipelineCommandHandlerThread-0] INFO  server.RaftServer (RaftServerProxy.java:addNew(100)) - 7c62eaa0-d491-4028-8bb9-25c4215260c7: addNew group-611B1F60644D:[7c62eaa0-d491-4028-8bb9-25c4215260c7|127.0.0.1:15067, e260e396-598b-44a7-8564-b51448915afe|127.0.0.1:15085, 7ab25875-5f77-45a1-9004-12eab6369d05|127.0.0.1:15076] returns group-611B1F60644D:java.util.concurrent.CompletableFuture@59e213b0[Not completed]
2024-05-10 09:18:04,153 [7c62eaa0-d491-4028-8bb9-25c4215260c7-groupManagement] INFO  server.RaftServer$Division (RaftServerImpl.java:<init>(256)) - 7c62eaa0-d491-4028-8bb9-25c4215260c7: new RaftServerImpl for group-611B1F60644D:[7c62eaa0-d491-4028-8bb9-25c4215260c7|127.0.0.1:15067, e260e396-598b-44a7-8564-b51448915afe|127.0.0.1:15085, 7ab25875-5f77-45a1-9004-12eab6369d05|127.0.0.1:15076] with ContainerStateMachine:uninitialized
2024-05-10 09:18:04,153 [7c62eaa0-d491-4028-8bb9-25c4215260c7-groupManagement] INFO  server.RaftServerConfigKeys (ConfUtils.java:logGet(46)) - raft.server.rpc.timeout.min = 5s (custom)
2024-05-10 09:18:04,153 [7c62eaa0-d491-4028-8bb9-25c4215260c7-groupManagement] INFO  server.RaftServerConfigKeys (ConfUtils.java:logGet(46)) - raft.server.rpc.timeout.max = 5200ms (custom)
2024-05-10 09:18:04,153 [7c62eaa0-d491-4028-8bb9-25c4215260c7-groupManagement] INFO  server.RaftServerConfigKeys (ConfUtils.java:logGet(46)) - raft.server.rpc.sleep.time = 25ms (default)
2024-05-10 09:18:04,153 [7c62eaa0-d491-4028-8bb9-25c4215260c7-groupManagement] INFO  server.RaftServerConfigKeys (ConfUtils.java:logGet(46)) - raft.server.rpc.slowness.timeout = 300000ms (custom)
2024-05-10 09:18:04,153 [7c62eaa0-d491-4028-8bb9-25c4215260c7-groupManagement] INFO  server.RaftServerConfigKeys (ConfUtils.java:logGet(46)) - raft.server.leaderelection.leader.step-down.wait-time = 10s (default)
2024-05-10 09:18:04,153 [7c62eaa0-d491-4028-8bb9-25c4215260c7-groupManagement] INFO  server.RaftServerConfigKeys (ConfUtils.java:logGet(46)) - raft.server.leaderelection.member.majority-add = false (default)
2024-05-10 09:18:04,153 [7c62eaa0-d491-4028-8bb9-25c4215260c7-groupManagement] INFO  server.RaftServerConfigKeys (ConfUtils.java:logGet(46)) - raft.server.sleep.deviation.threshold = 300ms (default)
2024-05-10 09:18:04,153 [7c62eaa0-d491-4028-8bb9-25c4215260c7-groupManagement] INFO  server.RaftServer$Division (ServerState.java:<init>(113)) - 7c62eaa0-d491-4028-8bb9-25c4215260c7@group-611B1F60644D: ConfigurationManager, init=-1: peers:[7c62eaa0-d491-4028-8bb9-25c4215260c7|127.0.0.1:15067, e260e396-598b-44a7-8564-b51448915afe|127.0.0.1:15085, 7ab25875-5f77-45a1-9004-12eab6369d05|127.0.0.1:15076]|listeners:[], old=null, confs=<EMPTY_MAP>
2024-05-10 09:18:04,153 [7c62eaa0-d491-4028-8bb9-25c4215260c7-groupManagement] INFO  server.RaftServerConfigKeys (ConfUtils.java:logGet(46)) - raft.server.notification.no-leader.timeout = 300000ms (custom)
2024-05-10 09:18:04,153 [7c62eaa0-d491-4028-8bb9-25c4215260c7-groupManagement] INFO  server.RaftServerConfigKeys (ConfUtils.java:logGet(46)) - raft.server.read.timeout = 10s (default)
2024-05-10 09:18:04,153 [7c62eaa0-d491-4028-8bb9-25c4215260c7-groupManagement] INFO  server.RaftServerConfigKeys (ConfUtils.java:logGet(46)) - raft.server.retrycache.expirytime = 600000ms (custom)
2024-05-10 09:18:04,154 [7c62eaa0-d491-4028-8bb9-25c4215260c7-groupManagement] INFO  server.RaftServerConfigKeys (ConfUtils.java:logGet(46)) - raft.server.retrycache.statistics.expirytime = 100ms (default)
2024-05-10 09:18:04,154 [7c62eaa0-d491-4028-8bb9-25c4215260c7-groupManagement] INFO  server.RaftServerConfigKeys (ConfUtils.java:logGet(46)) - raft.server.read.option = DEFAULT (default)
2024-05-10 09:18:04,154 [7c62eaa0-d491-4028-8bb9-25c4215260c7-groupManagement] INFO  server.RaftServerConfigKeys (ConfUtils.java:logGet(46)) - raft.server.read.read-after-write-consistent.write-index-cache.expiry-time = 60s (default)
2024-05-10 09:18:04,155 [7c62eaa0-d491-4028-8bb9-25c4215260c7-groupManagement] INFO  server.RaftServerConfigKeys (ConfUtils.java:logGet(46)) - raft.server.rpc.request.timeout = 3000ms (default)
2024-05-10 09:18:04,156 [7c62eaa0-d491-4028-8bb9-25c4215260c7-groupManagement] INFO  server.RaftServerConfigKeys (ConfUtils.java:logGet(46)) - raft.server.log.appender.install.snapshot.enabled = false (custom)
2024-05-10 09:18:04,156 [7c62eaa0-d491-4028-8bb9-25c4215260c7-groupManagement] INFO  server.RaftServerConfigKeys (ConfUtils.java:logGet(46)) - raft.server.threadpool.server.cached = true (default)
2024-05-10 09:18:04,156 [7c62eaa0-d491-4028-8bb9-25c4215260c7-groupManagement] INFO  server.RaftServerConfigKeys (ConfUtils.java:logGet(46)) - raft.server.threadpool.server.size = 0 (default)
2024-05-10 09:18:04,156 [7c62eaa0-d491-4028-8bb9-25c4215260c7-groupManagement] INFO  server.RaftServerConfigKeys (ConfUtils.java:logGet(46)) - raft.server.threadpool.client.cached = true (default)
2024-05-10 09:18:04,156 [7c62eaa0-d491-4028-8bb9-25c4215260c7-groupManagement] INFO  server.RaftServerConfigKeys (ConfUtils.java:logGet(46)) - raft.server.threadpool.client.size = 0 (default)
2024-05-10 09:18:04,156 [7c62eaa0-d491-4028-8bb9-25c4215260c7-groupManagement] INFO  server.RaftServerConfigKeys (ConfUtils.java:logGet(46)) - raft.server.storage.free-space.min = 0MB (=0) (default)
2024-05-10 09:18:04,156 [7c62eaa0-d491-4028-8bb9-25c4215260c7-groupManagement] INFO  server.RaftServerConfigKeys (ConfUtils.java:logGet(46)) - raft.server.log.corruption.policy = EXCEPTION (default)
2024-05-10 09:18:04,156 [7c62eaa0-d491-4028-8bb9-25c4215260c7-groupManagement] INFO  server.RaftServerConfigKeys (ConfUtils.java:logGet(46)) - raft.server.storage.dir = [/home/runner/work/ozone/ozone/hadoop-ozone/integration-test/target/test-dir/MiniOzoneClusterImpl-5c48b7ff-bfdb-407d-b2cb-68403445a4a3/ozone-meta/datanode-1/ratis] (custom)
2024-05-10 09:18:04,157 [7c62eaa0-d491-4028-8bb9-25c4215260c7-groupManagement] INFO  storage.RaftStorageDirectory (RaftStorageDirectoryImpl.java:analyzeStorage(138)) - The storage directory /home/runner/work/ozone/ozone/hadoop-ozone/integration-test/target/test-dir/MiniOzoneClusterImpl-5c48b7ff-bfdb-407d-b2cb-68403445a4a3/ozone-meta/datanode-1/ratis/464e5225-acc3-40b0-a04e-611b1f60644d does not exist. Creating ...
2024-05-10 09:18:04,158 [7c62eaa0-d491-4028-8bb9-25c4215260c7-groupManagement] INFO  storage.RaftStorageDirectory (RaftStorageDirectoryImpl.java:tryLock(228)) - Lock on /home/runner/work/ozone/ozone/hadoop-ozone/integration-test/target/test-dir/MiniOzoneClusterImpl-5c48b7ff-bfdb-407d-b2cb-68403445a4a3/ozone-meta/datanode-1/ratis/464e5225-acc3-40b0-a04e-611b1f60644d/in_use.lock acquired by nodename 51923@fv-az983-686
2024-05-10 09:18:04,159 [7c62eaa0-d491-4028-8bb9-25c4215260c7-groupManagement] INFO  storage.RaftStorage (RaftStorageImpl.java:format(99)) - Storage directory /home/runner/work/ozone/ozone/hadoop-ozone/integration-test/target/test-dir/MiniOzoneClusterImpl-5c48b7ff-bfdb-407d-b2cb-68403445a4a3/ozone-meta/datanode-1/ratis/464e5225-acc3-40b0-a04e-611b1f60644d has been successfully formatted.
2024-05-10 09:18:04,159 [7c62eaa0-d491-4028-8bb9-25c4215260c7-groupManagement] WARN  util.FileUtils (LogUtils.java:supplyAndLog(63)) - Failed to Files.newInputStream /home/runner/work/ozone/ozone/hadoop-ozone/integration-test/target/test-dir/MiniOzoneClusterImpl-5c48b7ff-bfdb-407d-b2cb-68403445a4a3/ozone-meta/datanode-1/ratis/464e5225-acc3-40b0-a04e-611b1f60644d/current/raft-meta.conf with options []: java.nio.file.NoSuchFileException: /home/runner/work/ozone/ozone/hadoop-ozone/integration-test/target/test-dir/MiniOzoneClusterImpl-5c48b7ff-bfdb-407d-b2cb-68403445a4a3/ozone-meta/datanode-1/ratis/464e5225-acc3-40b0-a04e-611b1f60644d/current/raft-meta.conf
2024-05-10 09:18:04,159 [7c62eaa0-d491-4028-8bb9-25c4215260c7-groupManagement] INFO  ratis.ContainerStateMachine (ContainerStateMachine.java:loadSnapshot(287)) - group-611B1F60644D: The snapshot info is null. Setting the last applied index to:(t:0, i:~)
2024-05-10 09:18:04,159 [7c62eaa0-d491-4028-8bb9-25c4215260c7-groupManagement] INFO  server.RaftServerConfigKeys (ConfUtils.java:logGet(46)) - raft.server.log.use.memory = false (default)
2024-05-10 09:18:04,159 [7c62eaa0-d491-4028-8bb9-25c4215260c7-groupManagement] INFO  server.RaftServerConfigKeys (ConfUtils.java:logGet(46)) - raft.server.log.purge.gap = 1000000 (custom)
2024-05-10 09:18:04,159 [7c62eaa0-d491-4028-8bb9-25c4215260c7-groupManagement] INFO  server.RaftServerConfigKeys (ConfUtils.java:logGet(46)) - raft.server.log.appender.buffer.byte-limit = 8388608 (custom)
2024-05-10 09:18:04,160 [7c62eaa0-d491-4028-8bb9-25c4215260c7-groupManagement] INFO  server.RaftServerConfigKeys (ConfUtils.java:logGet(46)) - raft.server.log.statemachine.data.read.timeout = 1000ms (default)
2024-05-10 09:18:04,160 [7c62eaa0-d491-4028-8bb9-25c4215260c7-groupManagement] INFO  server.RaftServerConfigKeys (ConfUtils.java:logGet(46)) - raft.server.log.purge.preservation.log.num = 0 (default)
2024-05-10 09:18:04,161 [EventQueue-OpenPipelineForHealthyPipelineSafeModeRule] INFO  safemode.SCMSafeModeManager (HealthyPipelineSafeModeRule.java:process(140)) - SCM in safe mode. Healthy pipelines reported count is 0, required healthy pipeline reported count is 1
2024-05-10 09:18:04,161 [7c62eaa0-d491-4028-8bb9-25c4215260c7-groupManagement] INFO  server.RaftServerConfigKeys (ConfUtils.java:logGet(46)) - raft.server.log.segment.size.max = 67108864 (custom)
2024-05-10 09:18:04,161 [7c62eaa0-d491-4028-8bb9-25c4215260c7-groupManagement] INFO  server.RaftServerConfigKeys (ConfUtils.java:logGet(46)) - raft.server.log.segment.cache.num.max = 2 (custom)
2024-05-10 09:18:04,161 [7c62eaa0-d491-4028-8bb9-25c4215260c7-groupManagement] INFO  server.RaftServerConfigKeys (ConfUtils.java:logGet(46)) - raft.server.log.segment.cache.size.max = 200MB (=209715200) (default)
2024-05-10 09:18:04,161 [7c62eaa0-d491-4028-8bb9-25c4215260c7-groupManagement] INFO  server.RaftServerConfigKeys (ConfUtils.java:logGet(46)) - raft.server.log.appender.buffer.byte-limit = 8388608 (custom)
2024-05-10 09:18:04,162 [7c62eaa0-d491-4028-8bb9-25c4215260c7-groupManagement] INFO  util.AwaitToRun (AwaitToRun.java:start(81)) - Thread[7c62eaa0-d491-4028-8bb9-25c4215260c7@group-611B1F60644D-cacheEviction-AwaitToRun,5,main] started
2024-05-10 09:18:04,162 [7c62eaa0-d491-4028-8bb9-25c4215260c7-groupManagement] INFO  segmented.SegmentedRaftLogWorker (SegmentedRaftLogWorker.java:<init>(182)) - new 7c62eaa0-d491-4028-8bb9-25c4215260c7@group-611B1F60644D-SegmentedRaftLogWorker for RaftStorageImpl:Storage Directory /home/runner/work/ozone/ozone/hadoop-ozone/integration-test/target/test-dir/MiniOzoneClusterImpl-5c48b7ff-bfdb-407d-b2cb-68403445a4a3/ozone-meta/datanode-1/ratis/464e5225-acc3-40b0-a04e-611b1f60644d
2024-05-10 09:18:04,162 [7c62eaa0-d491-4028-8bb9-25c4215260c7-groupManagement] INFO  server.RaftServerConfigKeys (ConfUtils.java:logGet(46)) - raft.server.log.queue.byte-limit = 4294967296 (custom)
2024-05-10 09:18:04,162 [7c62eaa0-d491-4028-8bb9-25c4215260c7-groupManagement] INFO  server.RaftServerConfigKeys (ConfUtils.java:logGet(46)) - raft.server.log.queue.element-limit = 1024 (custom)
2024-05-10 09:18:04,162 [7c62eaa0-d491-4028-8bb9-25c4215260c7-groupManagement] INFO  server.RaftServerConfigKeys (ConfUtils.java:logGet(46)) - raft.server.log.segment.size.max = 67108864 (custom)
2024-05-10 09:18:04,162 [7c62eaa0-d491-4028-8bb9-25c4215260c7-groupManagement] INFO  server.RaftServerConfigKeys (ConfUtils.java:logGet(46)) - raft.server.log.preallocated.size = 4194304 (custom)
2024-05-10 09:18:04,162 [7c62eaa0-d491-4028-8bb9-25c4215260c7-groupManagement] INFO  server.RaftServerConfigKeys (ConfUtils.java:logGet(46)) - raft.server.log.force.sync.num = 128 (default)
2024-05-10 09:18:04,162 [7c62eaa0-d491-4028-8bb9-25c4215260c7-groupManagement] INFO  server.RaftServerConfigKeys (ConfUtils.java:logGet(46)) - raft.server.log.statemachine.data.sync = true (default)
2024-05-10 09:18:04,162 [7c62eaa0-d491-4028-8bb9-25c4215260c7-groupManagement] INFO  server.RaftServerConfigKeys (ConfUtils.java:logGet(46)) - raft.server.log.statemachine.data.sync.timeout = 10s (default)
2024-05-10 09:18:04,162 [7c62eaa0-d491-4028-8bb9-25c4215260c7-groupManagement] INFO  server.RaftServerConfigKeys (ConfUtils.java:logGet(46)) - raft.server.log.statemachine.data.sync.timeout.retry = 30 (custom)
2024-05-10 09:18:04,162 [7c62eaa0-d491-4028-8bb9-25c4215260c7-groupManagement] INFO  server.RaftServerConfigKeys (ConfUtils.java:logGet(46)) - raft.server.log.write.buffer.size = 8388616 (custom)
2024-05-10 09:18:04,163 [7c62eaa0-d491-4028-8bb9-25c4215260c7-groupManagement] INFO  server.RaftServerConfigKeys (ConfUtils.java:logGet(46)) - raft.server.log.appender.buffer.byte-limit = 8388608 (custom)
2024-05-10 09:18:04,163 [7c62eaa0-d491-4028-8bb9-25c4215260c7-groupManagement] INFO  server.RaftServerConfigKeys (ConfUtils.java:logGet(46)) - raft.server.log.unsafe-flush.enabled = false (default)
2024-05-10 09:18:04,164 [7c62eaa0-d491-4028-8bb9-25c4215260c7-groupManagement] INFO  server.RaftServerConfigKeys (ConfUtils.java:logGet(46)) - raft.server.log.async-flush.enabled = false (default)
2024-05-10 09:18:04,164 [7c62eaa0-d491-4028-8bb9-25c4215260c7-groupManagement] INFO  server.RaftServerConfigKeys (ConfUtils.java:logGet(46)) - raft.server.log.statemachine.data.caching.enabled = true (custom)
2024-05-10 09:18:04,164 [7c62eaa0-d491-4028-8bb9-25c4215260c7-groupManagement] INFO  segmented.SegmentedRaftLogWorker (SegmentedRaftLogWorker.java:lambda$new$0(134)) - 7c62eaa0-d491-4028-8bb9-25c4215260c7@group-611B1F60644D-SegmentedRaftLogWorker: flushIndex: setUnconditionally 0 -> -1
2024-05-10 09:18:04,164 [7c62eaa0-d491-4028-8bb9-25c4215260c7-groupManagement] INFO  segmented.SegmentedRaftLogWorker (SegmentedRaftLogWorker.java:lambda$new$0(134)) - 7c62eaa0-d491-4028-8bb9-25c4215260c7@group-611B1F60644D-SegmentedRaftLogWorker: safeCacheEvictIndex: setUnconditionally 0 -> -1
2024-05-10 09:18:04,164 [7c62eaa0-d491-4028-8bb9-25c4215260c7-groupManagement] INFO  server.RaftServer$Division (RaftServerImpl.java:start(396)) - 7c62eaa0-d491-4028-8bb9-25c4215260c7@group-611B1F60644D: start as a follower, conf=-1: peers:[7c62eaa0-d491-4028-8bb9-25c4215260c7|127.0.0.1:15067, e260e396-598b-44a7-8564-b51448915afe|127.0.0.1:15085, 7ab25875-5f77-45a1-9004-12eab6369d05|127.0.0.1:15076]|listeners:[], old=null
2024-05-10 09:18:04,164 [7c62eaa0-d491-4028-8bb9-25c4215260c7-groupManagement] INFO  server.RaftServer$Division (RaftServerImpl.java:setRole(383)) - 7c62eaa0-d491-4028-8bb9-25c4215260c7@group-611B1F60644D: changes role from      null to FOLLOWER at term 0 for startAsFollower
2024-05-10 09:18:04,164 [7c62eaa0-d491-4028-8bb9-25c4215260c7-groupManagement] INFO  impl.RoleInfo (RoleInfo.java:updateAndGet(139)) - 7c62eaa0-d491-4028-8bb9-25c4215260c7: start 7c62eaa0-d491-4028-8bb9-25c4215260c7@group-611B1F60644D-FollowerState
2024-05-10 09:18:04,164 [7c62eaa0-d491-4028-8bb9-25c4215260c7@group-611B1F60644D-FollowerState] INFO  server.RaftServerConfigKeys (ConfUtils.java:logFallback(53)) - raft.server.rpc.first-election.timeout.min = 5s (fallback to raft.server.rpc.timeout.min)
2024-05-10 09:18:04,164 [7c62eaa0-d491-4028-8bb9-25c4215260c7-groupManagement] INFO  util.JmxRegister (JmxRegister.java:tryRegister(44)) - Successfully registered JMX Bean with object name Ratis:service=RaftServer,group=group-611B1F60644D,id=7c62eaa0-d491-4028-8bb9-25c4215260c7
2024-05-10 09:18:04,165 [7c62eaa0-d491-4028-8bb9-25c4215260c7-groupManagement] INFO  server.RaftServerConfigKeys (ConfUtils.java:logGet(46)) - raft.server.snapshot.trigger-when-stop.enabled = true (default)
2024-05-10 09:18:04,165 [7c62eaa0-d491-4028-8bb9-25c4215260c7-groupManagement] INFO  server.RaftServerConfigKeys (ConfUtils.java:logGet(46)) - raft.server.snapshot.auto.trigger.enabled = true (custom)
2024-05-10 09:18:04,165 [7c62eaa0-d491-4028-8bb9-25c4215260c7-groupManagement] INFO  server.RaftServerConfigKeys (ConfUtils.java:logGet(46)) - raft.server.snapshot.auto.trigger.threshold = 10000 (custom)
2024-05-10 09:18:04,165 [7c62eaa0-d491-4028-8bb9-25c4215260c7-groupManagement] INFO  server.RaftServerConfigKeys (ConfUtils.java:logGet(46)) - raft.server.snapshot.retention.file.num = 5 (custom)
2024-05-10 09:18:04,165 [7c62eaa0-d491-4028-8bb9-25c4215260c7-groupManagement] INFO  server.RaftServerConfigKeys (ConfUtils.java:logGet(46)) - raft.server.log.purge.upto.snapshot.index = false (default)
2024-05-10 09:18:04,164 [7c62eaa0-d491-4028-8bb9-25c4215260c7@group-611B1F60644D-FollowerState] INFO  server.RaftServerConfigKeys (ConfUtils.java:logFallback(53)) - raft.server.rpc.first-election.timeout.max = 5200ms (fallback to raft.server.rpc.timeout.max)
2024-05-10 09:18:04,165 [7c62eaa0-d491-4028-8bb9-25c4215260c7-PipelineCommandHandlerThread-0] INFO  ratis.XceiverServerRatis (XceiverServerRatis.java:addGroup(864)) - Created group PipelineID=464e5225-acc3-40b0-a04e-611b1f60644d
2024-05-10 09:18:04,176 [grpc-default-executor-0] INFO  server.RaftServer (RaftServerProxy.java:addNew(100)) - e260e396-598b-44a7-8564-b51448915afe: addNew group-611B1F60644D:[7c62eaa0-d491-4028-8bb9-25c4215260c7|127.0.0.1:15067, e260e396-598b-44a7-8564-b51448915afe|127.0.0.1:15085, 7ab25875-5f77-45a1-9004-12eab6369d05|127.0.0.1:15076] returns group-611B1F60644D:java.util.concurrent.CompletableFuture@b0c04b3[Not completed]
2024-05-10 09:18:04,177 [e260e396-598b-44a7-8564-b51448915afe-groupManagement] INFO  server.RaftServer$Division (RaftServerImpl.java:<init>(256)) - e260e396-598b-44a7-8564-b51448915afe: new RaftServerImpl for group-611B1F60644D:[7c62eaa0-d491-4028-8bb9-25c4215260c7|127.0.0.1:15067, e260e396-598b-44a7-8564-b51448915afe|127.0.0.1:15085, 7ab25875-5f77-45a1-9004-12eab6369d05|127.0.0.1:15076] with ContainerStateMachine:uninitialized
2024-05-10 09:18:04,177 [e260e396-598b-44a7-8564-b51448915afe-groupManagement] INFO  server.RaftServerConfigKeys (ConfUtils.java:logGet(46)) - raft.server.rpc.timeout.min = 5s (custom)
2024-05-10 09:18:04,178 [e260e396-598b-44a7-8564-b51448915afe-groupManagement] INFO  server.RaftServerConfigKeys (ConfUtils.java:logGet(46)) - raft.server.rpc.timeout.max = 5200ms (custom)
2024-05-10 09:18:04,178 [e260e396-598b-44a7-8564-b51448915afe-groupManagement] INFO  server.RaftServerConfigKeys (ConfUtils.java:logGet(46)) - raft.server.rpc.sleep.time = 25ms (default)
2024-05-10 09:18:04,178 [e260e396-598b-44a7-8564-b51448915afe-groupManagement] INFO  server.RaftServerConfigKeys (ConfUtils.java:logGet(46)) - raft.server.rpc.slowness.timeout = 300000ms (custom)
2024-05-10 09:18:04,178 [e260e396-598b-44a7-8564-b51448915afe-groupManagement] INFO  server.RaftServerConfigKeys (ConfUtils.java:logGet(46)) - raft.server.leaderelection.leader.step-down.wait-time = 10s (default)
2024-05-10 09:18:04,178 [e260e396-598b-44a7-8564-b51448915afe-groupManagement] INFO  server.RaftServerConfigKeys (ConfUtils.java:logGet(46)) - raft.server.leaderelection.member.majority-add = false (default)
2024-05-10 09:18:04,178 [e260e396-598b-44a7-8564-b51448915afe-groupManagement] INFO  server.RaftServerConfigKeys (ConfUtils.java:logGet(46)) - raft.server.sleep.deviation.threshold = 300ms (default)
2024-05-10 09:18:04,178 [e260e396-598b-44a7-8564-b51448915afe-groupManagement] INFO  server.RaftServer$Division (ServerState.java:<init>(113)) - e260e396-598b-44a7-8564-b51448915afe@group-611B1F60644D: ConfigurationManager, init=-1: peers:[7c62eaa0-d491-4028-8bb9-25c4215260c7|127.0.0.1:15067, e260e396-598b-44a7-8564-b51448915afe|127.0.0.1:15085, 7ab25875-5f77-45a1-9004-12eab6369d05|127.0.0.1:15076]|listeners:[], old=null, confs=<EMPTY_MAP>
2024-05-10 09:18:04,179 [e260e396-598b-44a7-8564-b51448915afe-groupManagement] INFO  server.RaftServerConfigKeys (ConfUtils.java:logGet(46)) - raft.server.notification.no-leader.timeout = 300000ms (custom)
2024-05-10 09:18:04,179 [e260e396-598b-44a7-8564-b51448915afe-groupManagement] INFO  server.RaftServerConfigKeys (ConfUtils.java:logGet(46)) - raft.server.read.timeout = 10s (default)
2024-05-10 09:18:04,179 [e260e396-598b-44a7-8564-b51448915afe-groupManagement] INFO  server.RaftServerConfigKeys (ConfUtils.java:logGet(46)) - raft.server.retrycache.expirytime = 600000ms (custom)
2024-05-10 09:18:04,179 [e260e396-598b-44a7-8564-b51448915afe-groupManagement] INFO  server.RaftServerConfigKeys (ConfUtils.java:logGet(46)) - raft.server.retrycache.statistics.expirytime = 100ms (default)
2024-05-10 09:18:04,179 [e260e396-598b-44a7-8564-b51448915afe-groupManagement] INFO  server.RaftServerConfigKeys (ConfUtils.java:logGet(46)) - raft.server.read.option = DEFAULT (default)
2024-05-10 09:18:04,179 [e260e396-598b-44a7-8564-b51448915afe-groupManagement] INFO  server.RaftServerConfigKeys (ConfUtils.java:logGet(46)) - raft.server.read.read-after-write-consistent.write-index-cache.expiry-time = 60s (default)
2024-05-10 09:18:04,182 [e260e396-598b-44a7-8564-b51448915afe-groupManagement] INFO  server.RaftServerConfigKeys (ConfUtils.java:logGet(46)) - raft.server.rpc.request.timeout = 3000ms (default)
2024-05-10 09:18:04,182 [e260e396-598b-44a7-8564-b51448915afe-groupManagement] INFO  server.RaftServerConfigKeys (ConfUtils.java:logGet(46)) - raft.server.log.appender.install.snapshot.enabled = false (custom)
2024-05-10 09:18:04,182 [e260e396-598b-44a7-8564-b51448915afe-groupManagement] INFO  server.RaftServerConfigKeys (ConfUtils.java:logGet(46)) - raft.server.threadpool.server.cached = true (default)
2024-05-10 09:18:04,183 [e260e396-598b-44a7-8564-b51448915afe-groupManagement] INFO  server.RaftServerConfigKeys (ConfUtils.java:logGet(46)) - raft.server.threadpool.server.size = 0 (default)
2024-05-10 09:18:04,183 [e260e396-598b-44a7-8564-b51448915afe-groupManagement] INFO  server.RaftServerConfigKeys (ConfUtils.java:logGet(46)) - raft.server.threadpool.client.cached = true (default)
2024-05-10 09:18:04,183 [e260e396-598b-44a7-8564-b51448915afe-groupManagement] INFO  server.RaftServerConfigKeys (ConfUtils.java:logGet(46)) - raft.server.threadpool.client.size = 0 (default)
2024-05-10 09:18:04,183 [e260e396-598b-44a7-8564-b51448915afe-groupManagement] INFO  server.RaftServerConfigKeys (ConfUtils.java:logGet(46)) - raft.server.storage.free-space.min = 0MB (=0) (default)
2024-05-10 09:18:04,183 [e260e396-598b-44a7-8564-b51448915afe-groupManagement] INFO  server.RaftServerConfigKeys (ConfUtils.java:logGet(46)) - raft.server.log.corruption.policy = EXCEPTION (default)
2024-05-10 09:18:04,183 [e260e396-598b-44a7-8564-b51448915afe-groupManagement] INFO  server.RaftServerConfigKeys (ConfUtils.java:logGet(46)) - raft.server.storage.dir = [/home/runner/work/ozone/ozone/hadoop-ozone/integration-test/target/test-dir/MiniOzoneClusterImpl-5c48b7ff-bfdb-407d-b2cb-68403445a4a3/ozone-meta/datanode-3/ratis] (custom)
2024-05-10 09:18:04,184 [e260e396-598b-44a7-8564-b51448915afe-groupManagement] INFO  storage.RaftStorageDirectory (RaftStorageDirectoryImpl.java:analyzeStorage(138)) - The storage directory /home/runner/work/ozone/ozone/hadoop-ozone/integration-test/target/test-dir/MiniOzoneClusterImpl-5c48b7ff-bfdb-407d-b2cb-68403445a4a3/ozone-meta/datanode-3/ratis/464e5225-acc3-40b0-a04e-611b1f60644d does not exist. Creating ...
2024-05-10 09:18:04,185 [e260e396-598b-44a7-8564-b51448915afe-groupManagement] INFO  storage.RaftStorageDirectory (RaftStorageDirectoryImpl.java:tryLock(228)) - Lock on /home/runner/work/ozone/ozone/hadoop-ozone/integration-test/target/test-dir/MiniOzoneClusterImpl-5c48b7ff-bfdb-407d-b2cb-68403445a4a3/ozone-meta/datanode-3/ratis/464e5225-acc3-40b0-a04e-611b1f60644d/in_use.lock acquired by nodename 51923@fv-az983-686
2024-05-10 09:18:04,186 [e260e396-598b-44a7-8564-b51448915afe-groupManagement] INFO  storage.RaftStorage (RaftStorageImpl.java:format(99)) - Storage directory /home/runner/work/ozone/ozone/hadoop-ozone/integration-test/target/test-dir/MiniOzoneClusterImpl-5c48b7ff-bfdb-407d-b2cb-68403445a4a3/ozone-meta/datanode-3/ratis/464e5225-acc3-40b0-a04e-611b1f60644d has been successfully formatted.
2024-05-10 09:18:04,186 [e260e396-598b-44a7-8564-b51448915afe-groupManagement] WARN  util.FileUtils (LogUtils.java:supplyAndLog(63)) - Failed to Files.newInputStream /home/runner/work/ozone/ozone/hadoop-ozone/integration-test/target/test-dir/MiniOzoneClusterImpl-5c48b7ff-bfdb-407d-b2cb-68403445a4a3/ozone-meta/datanode-3/ratis/464e5225-acc3-40b0-a04e-611b1f60644d/current/raft-meta.conf with options []: java.nio.file.NoSuchFileException: /home/runner/work/ozone/ozone/hadoop-ozone/integration-test/target/test-dir/MiniOzoneClusterImpl-5c48b7ff-bfdb-407d-b2cb-68403445a4a3/ozone-meta/datanode-3/ratis/464e5225-acc3-40b0-a04e-611b1f60644d/current/raft-meta.conf
2024-05-10 09:18:04,187 [e260e396-598b-44a7-8564-b51448915afe-groupManagement] INFO  ratis.ContainerStateMachine (ContainerStateMachine.java:loadSnapshot(287)) - group-611B1F60644D: The snapshot info is null. Setting the last applied index to:(t:0, i:~)
2024-05-10 09:18:04,187 [e260e396-598b-44a7-8564-b51448915afe-groupManagement] INFO  server.RaftServerConfigKeys (ConfUtils.java:logGet(46)) - raft.server.log.use.memory = false (default)
2024-05-10 09:18:04,187 [e260e396-598b-44a7-8564-b51448915afe-groupManagement] INFO  server.RaftServerConfigKeys (ConfUtils.java:logGet(46)) - raft.server.log.purge.gap = 1000000 (custom)
2024-05-10 09:18:04,187 [e260e396-598b-44a7-8564-b51448915afe-groupManagement] INFO  server.RaftServerConfigKeys (ConfUtils.java:logGet(46)) - raft.server.log.appender.buffer.byte-limit = 8388608 (custom)
2024-05-10 09:18:04,187 [e260e396-598b-44a7-8564-b51448915afe-groupManagement] INFO  server.RaftServerConfigKeys (ConfUtils.java:logGet(46)) - raft.server.log.statemachine.data.read.timeout = 1000ms (default)
2024-05-10 09:18:04,187 [e260e396-598b-44a7-8564-b51448915afe-groupManagement] INFO  server.RaftServerConfigKeys (ConfUtils.java:logGet(46)) - raft.server.log.purge.preservation.log.num = 0 (default)
2024-05-10 09:18:04,189 [e260e396-598b-44a7-8564-b51448915afe-groupManagement] INFO  server.RaftServerConfigKeys (ConfUtils.java:logGet(46)) - raft.server.log.segment.size.max = 67108864 (custom)
2024-05-10 09:18:04,189 [e260e396-598b-44a7-8564-b51448915afe-groupManagement] INFO  server.RaftServerConfigKeys (ConfUtils.java:logGet(46)) - raft.server.log.segment.cache.num.max = 2 (custom)
2024-05-10 09:18:04,190 [e260e396-598b-44a7-8564-b51448915afe-groupManagement] INFO  server.RaftServerConfigKeys (ConfUtils.java:logGet(46)) - raft.server.log.segment.cache.size.max = 200MB (=209715200) (default)
2024-05-10 09:18:04,190 [e260e396-598b-44a7-8564-b51448915afe-groupManagement] INFO  server.RaftServerConfigKeys (ConfUtils.java:logGet(46)) - raft.server.log.appender.buffer.byte-limit = 8388608 (custom)
2024-05-10 09:18:04,190 [e260e396-598b-44a7-8564-b51448915afe-groupManagement] INFO  util.AwaitToRun (AwaitToRun.java:start(81)) - Thread[e260e396-598b-44a7-8564-b51448915afe@group-611B1F60644D-cacheEviction-AwaitToRun,5,main] started
2024-05-10 09:18:04,190 [e260e396-598b-44a7-8564-b51448915afe-groupManagement] INFO  segmented.SegmentedRaftLogWorker (SegmentedRaftLogWorker.java:<init>(182)) - new e260e396-598b-44a7-8564-b51448915afe@group-611B1F60644D-SegmentedRaftLogWorker for RaftStorageImpl:Storage Directory /home/runner/work/ozone/ozone/hadoop-ozone/integration-test/target/test-dir/MiniOzoneClusterImpl-5c48b7ff-bfdb-407d-b2cb-68403445a4a3/ozone-meta/datanode-3/ratis/464e5225-acc3-40b0-a04e-611b1f60644d
2024-05-10 09:18:04,190 [e260e396-598b-44a7-8564-b51448915afe-groupManagement] INFO  server.RaftServerConfigKeys (ConfUtils.java:logGet(46)) - raft.server.log.queue.byte-limit = 4294967296 (custom)
2024-05-10 09:18:04,190 [e260e396-598b-44a7-8564-b51448915afe-groupManagement] INFO  server.RaftServerConfigKeys (ConfUtils.java:logGet(46)) - raft.server.log.queue.element-limit = 1024 (custom)
2024-05-10 09:18:04,190 [e260e396-598b-44a7-8564-b51448915afe-groupManagement] INFO  server.RaftServerConfigKeys (ConfUtils.java:logGet(46)) - raft.server.log.segment.size.max = 67108864 (custom)
2024-05-10 09:18:04,190 [e260e396-598b-44a7-8564-b51448915afe-groupManagement] INFO  server.RaftServerConfigKeys (ConfUtils.java:logGet(46)) - raft.server.log.preallocated.size = 4194304 (custom)
2024-05-10 09:18:04,191 [e260e396-598b-44a7-8564-b51448915afe-groupManagement] INFO  server.RaftServerConfigKeys (ConfUtils.java:logGet(46)) - raft.server.log.force.sync.num = 128 (default)
2024-05-10 09:18:04,191 [e260e396-598b-44a7-8564-b51448915afe-groupManagement] INFO  server.RaftServerConfigKeys (ConfUtils.java:logGet(46)) - raft.server.log.statemachine.data.sync = true (default)
2024-05-10 09:18:04,191 [e260e396-598b-44a7-8564-b51448915afe-groupManagement] INFO  server.RaftServerConfigKeys (ConfUtils.java:logGet(46)) - raft.server.log.statemachine.data.sync.timeout = 10s (default)
2024-05-10 09:18:04,191 [e260e396-598b-44a7-8564-b51448915afe-groupManagement] INFO  server.RaftServerConfigKeys (ConfUtils.java:logGet(46)) - raft.server.log.statemachine.data.sync.timeout.retry = 30 (custom)
2024-05-10 09:18:04,191 [e260e396-598b-44a7-8564-b51448915afe-groupManagement] INFO  server.RaftServerConfigKeys (ConfUtils.java:logGet(46)) - raft.server.log.write.buffer.size = 8388616 (custom)
2024-05-10 09:18:04,192 [e260e396-598b-44a7-8564-b51448915afe-groupManagement] INFO  server.RaftServerConfigKeys (ConfUtils.java:logGet(46)) - raft.server.log.appender.buffer.byte-limit = 8388608 (custom)
2024-05-10 09:18:04,193 [e260e396-598b-44a7-8564-b51448915afe-groupManagement] INFO  server.RaftServerConfigKeys (ConfUtils.java:logGet(46)) - raft.server.log.unsafe-flush.enabled = false (default)
2024-05-10 09:18:04,193 [e260e396-598b-44a7-8564-b51448915afe-groupManagement] INFO  server.RaftServerConfigKeys (ConfUtils.java:logGet(46)) - raft.server.log.async-flush.enabled = false (default)
2024-05-10 09:18:04,193 [e260e396-598b-44a7-8564-b51448915afe-groupManagement] INFO  server.RaftServerConfigKeys (ConfUtils.java:logGet(46)) - raft.server.log.statemachine.data.caching.enabled = true (custom)
2024-05-10 09:18:04,193 [e260e396-598b-44a7-8564-b51448915afe-groupManagement] INFO  segmented.SegmentedRaftLogWorker (SegmentedRaftLogWorker.java:lambda$new$0(134)) - e260e396-598b-44a7-8564-b51448915afe@group-611B1F60644D-SegmentedRaftLogWorker: flushIndex: setUnconditionally 0 -> -1
2024-05-10 09:18:04,193 [e260e396-598b-44a7-8564-b51448915afe-groupManagement] INFO  segmented.SegmentedRaftLogWorker (SegmentedRaftLogWorker.java:lambda$new$0(134)) - e260e396-598b-44a7-8564-b51448915afe@group-611B1F60644D-SegmentedRaftLogWorker: safeCacheEvictIndex: setUnconditionally 0 -> -1
2024-05-10 09:18:04,193 [e260e396-598b-44a7-8564-b51448915afe-groupManagement] INFO  server.RaftServer$Division (RaftServerImpl.java:start(396)) - e260e396-598b-44a7-8564-b51448915afe@group-611B1F60644D: start as a follower, conf=-1: peers:[7c62eaa0-d491-4028-8bb9-25c4215260c7|127.0.0.1:15067, e260e396-598b-44a7-8564-b51448915afe|127.0.0.1:15085, 7ab25875-5f77-45a1-9004-12eab6369d05|127.0.0.1:15076]|listeners:[], old=null
2024-05-10 09:18:04,193 [e260e396-598b-44a7-8564-b51448915afe-groupManagement] INFO  server.RaftServer$Division (RaftServerImpl.java:setRole(383)) - e260e396-598b-44a7-8564-b51448915afe@group-611B1F60644D: changes role from      null to FOLLOWER at term 0 for startAsFollower
2024-05-10 09:18:04,194 [e260e396-598b-44a7-8564-b51448915afe-groupManagement] INFO  impl.RoleInfo (RoleInfo.java:updateAndGet(139)) - e260e396-598b-44a7-8564-b51448915afe: start e260e396-598b-44a7-8564-b51448915afe@group-611B1F60644D-FollowerState
2024-05-10 09:18:04,194 [e260e396-598b-44a7-8564-b51448915afe-groupManagement] INFO  util.JmxRegister (JmxRegister.java:tryRegister(44)) - Successfully registered JMX Bean with object name Ratis:service=RaftServer,group=group-611B1F60644D,id=e260e396-598b-44a7-8564-b51448915afe
2024-05-10 09:18:04,195 [e260e396-598b-44a7-8564-b51448915afe-groupManagement] INFO  server.RaftServerConfigKeys (ConfUtils.java:logGet(46)) - raft.server.snapshot.trigger-when-stop.enabled = true (default)
2024-05-10 09:18:04,195 [e260e396-598b-44a7-8564-b51448915afe-groupManagement] INFO  server.RaftServerConfigKeys (ConfUtils.java:logGet(46)) - raft.server.snapshot.auto.trigger.enabled = true (custom)
2024-05-10 09:18:04,195 [e260e396-598b-44a7-8564-b51448915afe-groupManagement] INFO  server.RaftServerConfigKeys (ConfUtils.java:logGet(46)) - raft.server.snapshot.auto.trigger.threshold = 10000 (custom)
2024-05-10 09:18:04,195 [e260e396-598b-44a7-8564-b51448915afe-groupManagement] INFO  server.RaftServerConfigKeys (ConfUtils.java:logGet(46)) - raft.server.snapshot.retention.file.num = 5 (custom)
2024-05-10 09:18:04,195 [e260e396-598b-44a7-8564-b51448915afe-groupManagement] INFO  server.RaftServerConfigKeys (ConfUtils.java:logGet(46)) - raft.server.log.purge.upto.snapshot.index = false (default)
2024-05-10 09:18:04,197 [e260e396-598b-44a7-8564-b51448915afe@group-611B1F60644D-FollowerState] INFO  server.RaftServerConfigKeys (ConfUtils.java:logFallback(53)) - raft.server.rpc.first-election.timeout.min = 5s (fallback to raft.server.rpc.timeout.min)
2024-05-10 09:18:04,197 [e260e396-598b-44a7-8564-b51448915afe@group-611B1F60644D-FollowerState] INFO  server.RaftServerConfigKeys (ConfUtils.java:logFallback(53)) - raft.server.rpc.first-election.timeout.max = 5200ms (fallback to raft.server.rpc.timeout.max)
2024-05-10 09:18:04,207 [7ab25875-5f77-45a1-9004-12eab6369d05-PipelineCommandHandlerThread-0] INFO  server.RaftServer (RaftServerProxy.java:addNew(100)) - 7ab25875-5f77-45a1-9004-12eab6369d05: addNew group-2F162207878F:[7ab25875-5f77-45a1-9004-12eab6369d05|127.0.0.1:15076] returns group-2F162207878F:java.util.concurrent.CompletableFuture@70d9d680[Not completed]
2024-05-10 09:18:04,208 [7ab25875-5f77-45a1-9004-12eab6369d05-groupManagement] INFO  server.RaftServer$Division (RaftServerImpl.java:<init>(256)) - 7ab25875-5f77-45a1-9004-12eab6369d05: new RaftServerImpl for group-2F162207878F:[7ab25875-5f77-45a1-9004-12eab6369d05|127.0.0.1:15076] with ContainerStateMachine:uninitialized
2024-05-10 09:18:04,208 [7ab25875-5f77-45a1-9004-12eab6369d05-groupManagement] INFO  server.RaftServerConfigKeys (ConfUtils.java:logGet(46)) - raft.server.rpc.timeout.min = 5s (custom)
2024-05-10 09:18:04,208 [7ab25875-5f77-45a1-9004-12eab6369d05-groupManagement] INFO  server.RaftServerConfigKeys (ConfUtils.java:logGet(46)) - raft.server.rpc.timeout.max = 5200ms (custom)
2024-05-10 09:18:04,209 [7ab25875-5f77-45a1-9004-12eab6369d05-groupManagement] INFO  server.RaftServerConfigKeys (ConfUtils.java:logGet(46)) - raft.server.rpc.sleep.time = 25ms (default)
2024-05-10 09:18:04,209 [7ab25875-5f77-45a1-9004-12eab6369d05-groupManagement] INFO  server.RaftServerConfigKeys (ConfUtils.java:logGet(46)) - raft.server.rpc.slowness.timeout = 300000ms (custom)
2024-05-10 09:18:04,209 [7ab25875-5f77-45a1-9004-12eab6369d05-groupManagement] INFO  server.RaftServerConfigKeys (ConfUtils.java:logGet(46)) - raft.server.leaderelection.leader.step-down.wait-time = 10s (default)
2024-05-10 09:18:04,209 [7ab25875-5f77-45a1-9004-12eab6369d05-groupManagement] INFO  server.RaftServerConfigKeys (ConfUtils.java:logGet(46)) - raft.server.leaderelection.member.majority-add = false (default)
2024-05-10 09:18:04,209 [7ab25875-5f77-45a1-9004-12eab6369d05-groupManagement] INFO  server.RaftServerConfigKeys (ConfUtils.java:logGet(46)) - raft.server.sleep.deviation.threshold = 300ms (default)
2024-05-10 09:18:04,209 [7ab25875-5f77-45a1-9004-12eab6369d05-groupManagement] INFO  server.RaftServer$Division (ServerState.java:<init>(113)) - 7ab25875-5f77-45a1-9004-12eab6369d05@group-2F162207878F: ConfigurationManager, init=-1: peers:[7ab25875-5f77-45a1-9004-12eab6369d05|127.0.0.1:15076]|listeners:[], old=null, confs=<EMPTY_MAP>
2024-05-10 09:18:04,209 [7ab25875-5f77-45a1-9004-12eab6369d05-groupManagement] INFO  server.RaftServerConfigKeys (ConfUtils.java:logGet(46)) - raft.server.notification.no-leader.timeout = 300000ms (custom)
2024-05-10 09:18:04,210 [7ab25875-5f77-45a1-9004-12eab6369d05-groupManagement] INFO  server.RaftServerConfigKeys (ConfUtils.java:logGet(46)) - raft.server.read.timeout = 10s (default)
2024-05-10 09:18:04,210 [7ab25875-5f77-45a1-9004-12eab6369d05-groupManagement] INFO  server.RaftServerConfigKeys (ConfUtils.java:logGet(46)) - raft.server.retrycache.expirytime = 600000ms (custom)
2024-05-10 09:18:04,210 [7ab25875-5f77-45a1-9004-12eab6369d05-groupManagement] INFO  server.RaftServerConfigKeys (ConfUtils.java:logGet(46)) - raft.server.retrycache.statistics.expirytime = 100ms (default)
2024-05-10 09:18:04,210 [7ab25875-5f77-45a1-9004-12eab6369d05-groupManagement] INFO  server.RaftServerConfigKeys (ConfUtils.java:logGet(46)) - raft.server.read.option = DEFAULT (default)
2024-05-10 09:18:04,210 [7ab25875-5f77-45a1-9004-12eab6369d05-groupManagement] INFO  server.RaftServerConfigKeys (ConfUtils.java:logGet(46)) - raft.server.read.read-after-write-consistent.write-index-cache.expiry-time = 60s (default)
2024-05-10 09:18:04,220 [grpc-default-executor-0] INFO  server.RaftServer (RaftServerProxy.java:addNew(100)) - 7ab25875-5f77-45a1-9004-12eab6369d05: addNew group-611B1F60644D:[7c62eaa0-d491-4028-8bb9-25c4215260c7|127.0.0.1:15067, e260e396-598b-44a7-8564-b51448915afe|127.0.0.1:15085, 7ab25875-5f77-45a1-9004-12eab6369d05|127.0.0.1:15076] returns group-611B1F60644D:java.util.concurrent.CompletableFuture@10a31065[Not completed]
2024-05-10 09:18:04,221 [7ab25875-5f77-45a1-9004-12eab6369d05-groupManagement] INFO  server.RaftServerConfigKeys (ConfUtils.java:logGet(46)) - raft.server.rpc.request.timeout = 3000ms (default)
2024-05-10 09:18:04,221 [7ab25875-5f77-45a1-9004-12eab6369d05-groupManagement] INFO  server.RaftServerConfigKeys (ConfUtils.java:logGet(46)) - raft.server.log.appender.install.snapshot.enabled = false (custom)
2024-05-10 09:18:04,221 [7ab25875-5f77-45a1-9004-12eab6369d05-groupManagement] INFO  server.RaftServerConfigKeys (ConfUtils.java:logGet(46)) - raft.server.threadpool.server.cached = true (default)
2024-05-10 09:18:04,222 [7ab25875-5f77-45a1-9004-12eab6369d05-groupManagement] INFO  server.RaftServerConfigKeys (ConfUtils.java:logGet(46)) - raft.server.threadpool.server.size = 0 (default)
2024-05-10 09:18:04,222 [7ab25875-5f77-45a1-9004-12eab6369d05-groupManagement] INFO  server.RaftServerConfigKeys (ConfUtils.java:logGet(46)) - raft.server.threadpool.client.cached = true (default)
2024-05-10 09:18:04,222 [7ab25875-5f77-45a1-9004-12eab6369d05-groupManagement] INFO  server.RaftServerConfigKeys (ConfUtils.java:logGet(46)) - raft.server.threadpool.client.size = 0 (default)
2024-05-10 09:18:04,223 [7ab25875-5f77-45a1-9004-12eab6369d05-groupManagement] INFO  server.RaftServer$Division (RaftServerImpl.java:<init>(256)) - 7ab25875-5f77-45a1-9004-12eab6369d05: new RaftServerImpl for group-611B1F60644D:[7c62eaa0-d491-4028-8bb9-25c4215260c7|127.0.0.1:15067, e260e396-598b-44a7-8564-b51448915afe|127.0.0.1:15085, 7ab25875-5f77-45a1-9004-12eab6369d05|127.0.0.1:15076] with ContainerStateMachine:uninitialized
2024-05-10 09:18:04,224 [7ab25875-5f77-45a1-9004-12eab6369d05-groupManagement] INFO  server.RaftServerConfigKeys (ConfUtils.java:logGet(46)) - raft.server.rpc.timeout.min = 5s (custom)
2024-05-10 09:18:04,224 [7ab25875-5f77-45a1-9004-12eab6369d05-groupManagement] INFO  server.RaftServerConfigKeys (ConfUtils.java:logGet(46)) - raft.server.rpc.timeout.max = 5200ms (custom)
2024-05-10 09:18:04,224 [7ab25875-5f77-45a1-9004-12eab6369d05-groupManagement] INFO  server.RaftServerConfigKeys (ConfUtils.java:logGet(46)) - raft.server.rpc.sleep.time = 25ms (default)
2024-05-10 09:18:04,224 [7ab25875-5f77-45a1-9004-12eab6369d05-groupManagement] INFO  server.RaftServerConfigKeys (ConfUtils.java:logGet(46)) - raft.server.rpc.slowness.timeout = 300000ms (custom)
2024-05-10 09:18:04,224 [7ab25875-5f77-45a1-9004-12eab6369d05-groupManagement] INFO  server.RaftServerConfigKeys (ConfUtils.java:logGet(46)) - raft.server.leaderelection.leader.step-down.wait-time = 10s (default)
2024-05-10 09:18:04,224 [7ab25875-5f77-45a1-9004-12eab6369d05-groupManagement] INFO  server.RaftServerConfigKeys (ConfUtils.java:logGet(46)) - raft.server.leaderelection.member.majority-add = false (default)
2024-05-10 09:18:04,224 [7ab25875-5f77-45a1-9004-12eab6369d05-groupManagement] INFO  server.RaftServerConfigKeys (ConfUtils.java:logGet(46)) - raft.server.sleep.deviation.threshold = 300ms (default)
2024-05-10 09:18:04,224 [7ab25875-5f77-45a1-9004-12eab6369d05-groupManagement] INFO  server.RaftServer$Division (ServerState.java:<init>(113)) - 7ab25875-5f77-45a1-9004-12eab6369d05@group-611B1F60644D: ConfigurationManager, init=-1: peers:[7c62eaa0-d491-4028-8bb9-25c4215260c7|127.0.0.1:15067, e260e396-598b-44a7-8564-b51448915afe|127.0.0.1:15085, 7ab25875-5f77-45a1-9004-12eab6369d05|127.0.0.1:15076]|listeners:[], old=null, confs=<EMPTY_MAP>
2024-05-10 09:18:04,224 [7ab25875-5f77-45a1-9004-12eab6369d05-groupManagement] INFO  server.RaftServerConfigKeys (ConfUtils.java:logGet(46)) - raft.server.notification.no-leader.timeout = 300000ms (custom)
2024-05-10 09:18:04,224 [7ab25875-5f77-45a1-9004-12eab6369d05-groupManagement] INFO  server.RaftServerConfigKeys (ConfUtils.java:logGet(46)) - raft.server.read.timeout = 10s (default)
2024-05-10 09:18:04,225 [7ab25875-5f77-45a1-9004-12eab6369d05-groupManagement] INFO  server.RaftServerConfigKeys (ConfUtils.java:logGet(46)) - raft.server.retrycache.expirytime = 600000ms (custom)
2024-05-10 09:18:04,225 [7ab25875-5f77-45a1-9004-12eab6369d05-groupManagement] INFO  server.RaftServerConfigKeys (ConfUtils.java:logGet(46)) - raft.server.retrycache.statistics.expirytime = 100ms (default)
2024-05-10 09:18:04,225 [7ab25875-5f77-45a1-9004-12eab6369d05-groupManagement] INFO  server.RaftServerConfigKeys (ConfUtils.java:logGet(46)) - raft.server.read.option = DEFAULT (default)
2024-05-10 09:18:04,225 [7ab25875-5f77-45a1-9004-12eab6369d05-groupManagement] INFO  server.RaftServerConfigKeys (ConfUtils.java:logGet(46)) - raft.server.read.read-after-write-consistent.write-index-cache.expiry-time = 60s (default)
2024-05-10 09:18:04,227 [7ab25875-5f77-45a1-9004-12eab6369d05-groupManagement] INFO  server.RaftServerConfigKeys (ConfUtils.java:logGet(46)) - raft.server.rpc.request.timeout = 3000ms (default)
2024-05-10 09:18:04,227 [7ab25875-5f77-45a1-9004-12eab6369d05-groupManagement] INFO  server.RaftServerConfigKeys (ConfUtils.java:logGet(46)) - raft.server.log.appender.install.snapshot.enabled = false (custom)
2024-05-10 09:18:04,227 [7ab25875-5f77-45a1-9004-12eab6369d05-groupManagement] INFO  server.RaftServerConfigKeys (ConfUtils.java:logGet(46)) - raft.server.threadpool.server.cached = true (default)
2024-05-10 09:18:04,227 [7ab25875-5f77-45a1-9004-12eab6369d05-groupManagement] INFO  server.RaftServerConfigKeys (ConfUtils.java:logGet(46)) - raft.server.threadpool.server.size = 0 (default)
2024-05-10 09:18:04,228 [7ab25875-5f77-45a1-9004-12eab6369d05-groupManagement] INFO  server.RaftServerConfigKeys (ConfUtils.java:logGet(46)) - raft.server.threadpool.client.cached = true (default)
2024-05-10 09:18:04,228 [7ab25875-5f77-45a1-9004-12eab6369d05-groupManagement] INFO  server.RaftServerConfigKeys (ConfUtils.java:logGet(46)) - raft.server.threadpool.client.size = 0 (default)
2024-05-10 09:18:04,228 [7ab25875-5f77-45a1-9004-12eab6369d05-groupManagement] INFO  server.RaftServerConfigKeys (ConfUtils.java:logGet(46)) - raft.server.storage.free-space.min = 0MB (=0) (default)
2024-05-10 09:18:04,228 [7ab25875-5f77-45a1-9004-12eab6369d05-groupManagement] INFO  server.RaftServerConfigKeys (ConfUtils.java:logGet(46)) - raft.server.log.corruption.policy = EXCEPTION (default)
2024-05-10 09:18:04,228 [7ab25875-5f77-45a1-9004-12eab6369d05-groupManagement] INFO  server.RaftServerConfigKeys (ConfUtils.java:logGet(46)) - raft.server.storage.dir = [/home/runner/work/ozone/ozone/hadoop-ozone/integration-test/target/test-dir/MiniOzoneClusterImpl-5c48b7ff-bfdb-407d-b2cb-68403445a4a3/ozone-meta/datanode-2/ratis] (custom)
2024-05-10 09:18:04,229 [7ab25875-5f77-45a1-9004-12eab6369d05-groupManagement] INFO  storage.RaftStorageDirectory (RaftStorageDirectoryImpl.java:analyzeStorage(138)) - The storage directory /home/runner/work/ozone/ozone/hadoop-ozone/integration-test/target/test-dir/MiniOzoneClusterImpl-5c48b7ff-bfdb-407d-b2cb-68403445a4a3/ozone-meta/datanode-2/ratis/0d16adb1-c465-4bd6-905f-2f162207878f does not exist. Creating ...
2024-05-10 09:18:04,230 [7ab25875-5f77-45a1-9004-12eab6369d05-groupManagement] INFO  storage.RaftStorageDirectory (RaftStorageDirectoryImpl.java:tryLock(228)) - Lock on /home/runner/work/ozone/ozone/hadoop-ozone/integration-test/target/test-dir/MiniOzoneClusterImpl-5c48b7ff-bfdb-407d-b2cb-68403445a4a3/ozone-meta/datanode-2/ratis/0d16adb1-c465-4bd6-905f-2f162207878f/in_use.lock acquired by nodename 51923@fv-az983-686
2024-05-10 09:18:04,231 [7ab25875-5f77-45a1-9004-12eab6369d05-groupManagement] INFO  storage.RaftStorage (RaftStorageImpl.java:format(99)) - Storage directory /home/runner/work/ozone/ozone/hadoop-ozone/integration-test/target/test-dir/MiniOzoneClusterImpl-5c48b7ff-bfdb-407d-b2cb-68403445a4a3/ozone-meta/datanode-2/ratis/0d16adb1-c465-4bd6-905f-2f162207878f has been successfully formatted.
2024-05-10 09:18:04,232 [7ab25875-5f77-45a1-9004-12eab6369d05-groupManagement] WARN  util.FileUtils (LogUtils.java:supplyAndLog(63)) - Failed to Files.newInputStream /home/runner/work/ozone/ozone/hadoop-ozone/integration-test/target/test-dir/MiniOzoneClusterImpl-5c48b7ff-bfdb-407d-b2cb-68403445a4a3/ozone-meta/datanode-2/ratis/0d16adb1-c465-4bd6-905f-2f162207878f/current/raft-meta.conf with options []: java.nio.file.NoSuchFileException: /home/runner/work/ozone/ozone/hadoop-ozone/integration-test/target/test-dir/MiniOzoneClusterImpl-5c48b7ff-bfdb-407d-b2cb-68403445a4a3/ozone-meta/datanode-2/ratis/0d16adb1-c465-4bd6-905f-2f162207878f/current/raft-meta.conf
2024-05-10 09:18:04,233 [7ab25875-5f77-45a1-9004-12eab6369d05-groupManagement] INFO  ratis.ContainerStateMachine (ContainerStateMachine.java:loadSnapshot(287)) - group-2F162207878F: The snapshot info is null. Setting the last applied index to:(t:0, i:~)
2024-05-10 09:18:04,233 [7ab25875-5f77-45a1-9004-12eab6369d05-groupManagement] INFO  server.RaftServerConfigKeys (ConfUtils.java:logGet(46)) - raft.server.log.use.memory = false (default)
2024-05-10 09:18:04,233 [7ab25875-5f77-45a1-9004-12eab6369d05-groupManagement] INFO  server.RaftServerConfigKeys (ConfUtils.java:logGet(46)) - raft.server.log.purge.gap = 1000000 (custom)
2024-05-10 09:18:04,233 [7ab25875-5f77-45a1-9004-12eab6369d05-groupManagement] INFO  server.RaftServerConfigKeys (ConfUtils.java:logGet(46)) - raft.server.log.appender.buffer.byte-limit = 8388608 (custom)
2024-05-10 09:18:04,234 [7ab25875-5f77-45a1-9004-12eab6369d05-groupManagement] INFO  server.RaftServerConfigKeys (ConfUtils.java:logGet(46)) - raft.server.log.statemachine.data.read.timeout = 1000ms (default)
2024-05-10 09:18:04,234 [7ab25875-5f77-45a1-9004-12eab6369d05-groupManagement] INFO  server.RaftServerConfigKeys (ConfUtils.java:logGet(46)) - raft.server.log.purge.preservation.log.num = 0 (default)
2024-05-10 09:18:04,235 [EventQueue-PipelineReportForPipelineReportHandler] INFO  pipeline.PipelineReportHandler (PipelineReportHandler.java:processPipelineReport(136)) - Opened pipeline PipelineID=0d16adb1-c465-4bd6-905f-2f162207878f
2024-05-10 09:18:04,235 [EventQueue-OpenPipelineForHealthyPipelineSafeModeRule] INFO  safemode.SCMSafeModeManager (HealthyPipelineSafeModeRule.java:process(140)) - SCM in safe mode. Healthy pipelines reported count is 0, required healthy pipeline reported count is 1
2024-05-10 09:18:04,239 [7ab25875-5f77-45a1-9004-12eab6369d05-groupManagement] INFO  server.RaftServerConfigKeys (ConfUtils.java:logGet(46)) - raft.server.log.segment.size.max = 67108864 (custom)
2024-05-10 09:18:04,240 [7ab25875-5f77-45a1-9004-12eab6369d05-groupManagement] INFO  server.RaftServerConfigKeys (ConfUtils.java:logGet(46)) - raft.server.log.segment.cache.num.max = 2 (custom)
2024-05-10 09:18:04,240 [7ab25875-5f77-45a1-9004-12eab6369d05-groupManagement] INFO  server.RaftServerConfigKeys (ConfUtils.java:logGet(46)) - raft.server.log.segment.cache.size.max = 200MB (=209715200) (default)
2024-05-10 09:18:04,240 [7ab25875-5f77-45a1-9004-12eab6369d05-groupManagement] INFO  server.RaftServerConfigKeys (ConfUtils.java:logGet(46)) - raft.server.log.appender.buffer.byte-limit = 8388608 (custom)
2024-05-10 09:18:04,242 [7ab25875-5f77-45a1-9004-12eab6369d05-groupManagement] INFO  util.AwaitToRun (AwaitToRun.java:start(81)) - Thread[7ab25875-5f77-45a1-9004-12eab6369d05@group-2F162207878F-cacheEviction-AwaitToRun,5,main] started
2024-05-10 09:18:04,242 [7ab25875-5f77-45a1-9004-12eab6369d05-groupManagement] INFO  segmented.SegmentedRaftLogWorker (SegmentedRaftLogWorker.java:<init>(182)) - new 7ab25875-5f77-45a1-9004-12eab6369d05@group-2F162207878F-SegmentedRaftLogWorker for RaftStorageImpl:Storage Directory /home/runner/work/ozone/ozone/hadoop-ozone/integration-test/target/test-dir/MiniOzoneClusterImpl-5c48b7ff-bfdb-407d-b2cb-68403445a4a3/ozone-meta/datanode-2/ratis/0d16adb1-c465-4bd6-905f-2f162207878f
2024-05-10 09:18:04,242 [7ab25875-5f77-45a1-9004-12eab6369d05-groupManagement] INFO  server.RaftServerConfigKeys (ConfUtils.java:logGet(46)) - raft.server.log.queue.byte-limit = 4294967296 (custom)
2024-05-10 09:18:04,242 [7ab25875-5f77-45a1-9004-12eab6369d05-groupManagement] INFO  server.RaftServerConfigKeys (ConfUtils.java:logGet(46)) - raft.server.log.queue.element-limit = 1024 (custom)
2024-05-10 09:18:04,243 [7ab25875-5f77-45a1-9004-12eab6369d05-groupManagement] INFO  server.RaftServerConfigKeys (ConfUtils.java:logGet(46)) - raft.server.log.segment.size.max = 67108864 (custom)
2024-05-10 09:18:04,243 [7ab25875-5f77-45a1-9004-12eab6369d05-groupManagement] INFO  server.RaftServerConfigKeys (ConfUtils.java:logGet(46)) - raft.server.log.preallocated.size = 4194304 (custom)
2024-05-10 09:18:04,243 [7ab25875-5f77-45a1-9004-12eab6369d05-groupManagement] INFO  server.RaftServerConfigKeys (ConfUtils.java:logGet(46)) - raft.server.log.force.sync.num = 128 (default)
2024-05-10 09:18:04,243 [7ab25875-5f77-45a1-9004-12eab6369d05-groupManagement] INFO  server.RaftServerConfigKeys (ConfUtils.java:logGet(46)) - raft.server.log.statemachine.data.sync = true (default)
2024-05-10 09:18:04,243 [7ab25875-5f77-45a1-9004-12eab6369d05-groupManagement] INFO  server.RaftServerConfigKeys (ConfUtils.java:logGet(46)) - raft.server.log.statemachine.data.sync.timeout = 10s (default)
2024-05-10 09:18:04,243 [7ab25875-5f77-45a1-9004-12eab6369d05-groupManagement] INFO  server.RaftServerConfigKeys (ConfUtils.java:logGet(46)) - raft.server.log.statemachine.data.sync.timeout.retry = 30 (custom)
2024-05-10 09:18:04,243 [7ab25875-5f77-45a1-9004-12eab6369d05-groupManagement] INFO  server.RaftServerConfigKeys (ConfUtils.java:logGet(46)) - raft.server.log.write.buffer.size = 8388616 (custom)
2024-05-10 09:18:04,245 [7ab25875-5f77-45a1-9004-12eab6369d05-groupManagement] INFO  server.RaftServerConfigKeys (ConfUtils.java:logGet(46)) - raft.server.log.appender.buffer.byte-limit = 8388608 (custom)
2024-05-10 09:18:04,245 [7ab25875-5f77-45a1-9004-12eab6369d05-groupManagement] INFO  server.RaftServerConfigKeys (ConfUtils.java:logGet(46)) - raft.server.log.unsafe-flush.enabled = false (default)
2024-05-10 09:18:04,245 [7ab25875-5f77-45a1-9004-12eab6369d05-groupManagement] INFO  server.RaftServerConfigKeys (ConfUtils.java:logGet(46)) - raft.server.log.async-flush.enabled = false (default)
2024-05-10 09:18:04,245 [7ab25875-5f77-45a1-9004-12eab6369d05-groupManagement] INFO  server.RaftServerConfigKeys (ConfUtils.java:logGet(46)) - raft.server.log.statemachine.data.caching.enabled = true (custom)
2024-05-10 09:18:04,246 [7ab25875-5f77-45a1-9004-12eab6369d05-groupManagement] INFO  segmented.SegmentedRaftLogWorker (SegmentedRaftLogWorker.java:lambda$new$0(134)) - 7ab25875-5f77-45a1-9004-12eab6369d05@group-2F162207878F-SegmentedRaftLogWorker: flushIndex: setUnconditionally 0 -> -1
2024-05-10 09:18:04,246 [7ab25875-5f77-45a1-9004-12eab6369d05-groupManagement] INFO  segmented.SegmentedRaftLogWorker (SegmentedRaftLogWorker.java:lambda$new$0(134)) - 7ab25875-5f77-45a1-9004-12eab6369d05@group-2F162207878F-SegmentedRaftLogWorker: safeCacheEvictIndex: setUnconditionally 0 -> -1
2024-05-10 09:18:04,248 [7ab25875-5f77-45a1-9004-12eab6369d05-groupManagement] INFO  server.RaftServer$Division (RaftServerImpl.java:start(396)) - 7ab25875-5f77-45a1-9004-12eab6369d05@group-2F162207878F: start as a follower, conf=-1: peers:[7ab25875-5f77-45a1-9004-12eab6369d05|127.0.0.1:15076]|listeners:[], old=null
2024-05-10 09:18:04,248 [7ab25875-5f77-45a1-9004-12eab6369d05-groupManagement] INFO  server.RaftServer$Division (RaftServerImpl.java:setRole(383)) - 7ab25875-5f77-45a1-9004-12eab6369d05@group-2F162207878F: changes role from      null to FOLLOWER at term 0 for startAsFollower
2024-05-10 09:18:04,249 [7ab25875-5f77-45a1-9004-12eab6369d05-groupManagement] INFO  impl.RoleInfo (RoleInfo.java:updateAndGet(139)) - 7ab25875-5f77-45a1-9004-12eab6369d05: start 7ab25875-5f77-45a1-9004-12eab6369d05@group-2F162207878F-FollowerState
2024-05-10 09:18:04,250 [7ab25875-5f77-45a1-9004-12eab6369d05@group-2F162207878F-FollowerState] INFO  server.RaftServerConfigKeys (ConfUtils.java:logFallback(53)) - raft.server.rpc.first-election.timeout.min = 5s (fallback to raft.server.rpc.timeout.min)
2024-05-10 09:18:04,250 [7ab25875-5f77-45a1-9004-12eab6369d05@group-2F162207878F-FollowerState] INFO  server.RaftServerConfigKeys (ConfUtils.java:logFallback(53)) - raft.server.rpc.first-election.timeout.max = 5200ms (fallback to raft.server.rpc.timeout.max)
2024-05-10 09:18:04,250 [7ab25875-5f77-45a1-9004-12eab6369d05-groupManagement] INFO  util.JmxRegister (JmxRegister.java:tryRegister(44)) - Successfully registered JMX Bean with object name Ratis:service=RaftServer,group=group-2F162207878F,id=7ab25875-5f77-45a1-9004-12eab6369d05
2024-05-10 09:18:04,251 [7ab25875-5f77-45a1-9004-12eab6369d05-groupManagement] INFO  server.RaftServerConfigKeys (ConfUtils.java:logGet(46)) - raft.server.snapshot.trigger-when-stop.enabled = true (default)
2024-05-10 09:18:04,251 [7ab25875-5f77-45a1-9004-12eab6369d05-groupManagement] INFO  server.RaftServerConfigKeys (ConfUtils.java:logGet(46)) - raft.server.snapshot.auto.trigger.enabled = true (custom)
2024-05-10 09:18:04,251 [7ab25875-5f77-45a1-9004-12eab6369d05-groupManagement] INFO  server.RaftServerConfigKeys (ConfUtils.java:logGet(46)) - raft.server.snapshot.auto.trigger.threshold = 10000 (custom)
2024-05-10 09:18:04,251 [7ab25875-5f77-45a1-9004-12eab6369d05-groupManagement] INFO  server.RaftServerConfigKeys (ConfUtils.java:logGet(46)) - raft.server.snapshot.retention.file.num = 5 (custom)
2024-05-10 09:18:04,251 [7ab25875-5f77-45a1-9004-12eab6369d05-groupManagement] INFO  server.RaftServerConfigKeys (ConfUtils.java:logGet(46)) - raft.server.log.purge.upto.snapshot.index = false (default)
2024-05-10 09:18:04,252 [7ab25875-5f77-45a1-9004-12eab6369d05-groupManagement] INFO  server.RaftServerConfigKeys (ConfUtils.java:logGet(46)) - raft.server.storage.free-space.min = 0MB (=0) (default)
2024-05-10 09:18:04,252 [7ab25875-5f77-45a1-9004-12eab6369d05-PipelineCommandHandlerThread-0] INFO  ratis.XceiverServerRatis (XceiverServerRatis.java:addGroup(864)) - Created group PipelineID=0d16adb1-c465-4bd6-905f-2f162207878f
2024-05-10 09:18:04,252 [7ab25875-5f77-45a1-9004-12eab6369d05-PipelineCommandHandlerThread-0] INFO  commandhandler.CreatePipelineCommandHandler (CreatePipelineCommandHandler.java:lambda$handle$2(124)) - Created Pipeline RATIS ONE PipelineID=0d16adb1-c465-4bd6-905f-2f162207878f.
2024-05-10 09:18:04,252 [7ab25875-5f77-45a1-9004-12eab6369d05-groupManagement] INFO  server.RaftServerConfigKeys (ConfUtils.java:logGet(46)) - raft.server.log.corruption.policy = EXCEPTION (default)
2024-05-10 09:18:04,252 [7ab25875-5f77-45a1-9004-12eab6369d05-groupManagement] INFO  server.RaftServerConfigKeys (ConfUtils.java:logGet(46)) - raft.server.storage.dir = [/home/runner/work/ozone/ozone/hadoop-ozone/integration-test/target/test-dir/MiniOzoneClusterImpl-5c48b7ff-bfdb-407d-b2cb-68403445a4a3/ozone-meta/datanode-2/ratis] (custom)
2024-05-10 09:18:04,252 [7ab25875-5f77-45a1-9004-12eab6369d05-groupManagement] INFO  storage.RaftStorageDirectory (RaftStorageDirectoryImpl.java:analyzeStorage(138)) - The storage directory /home/runner/work/ozone/ozone/hadoop-ozone/integration-test/target/test-dir/MiniOzoneClusterImpl-5c48b7ff-bfdb-407d-b2cb-68403445a4a3/ozone-meta/datanode-2/ratis/464e5225-acc3-40b0-a04e-611b1f60644d does not exist. Creating ...
2024-05-10 09:18:04,252 [7ab25875-5f77-45a1-9004-12eab6369d05-PipelineCommandHandlerThread-0] INFO  server.RaftServer (RaftServerProxy.java:addNew(100)) - 7ab25875-5f77-45a1-9004-12eab6369d05: addNew group-16361C22082A:[7c62eaa0-d491-4028-8bb9-25c4215260c7|127.0.0.1:15067, e260e396-598b-44a7-8564-b51448915afe|127.0.0.1:15085, 7ab25875-5f77-45a1-9004-12eab6369d05|127.0.0.1:15076] returns group-16361C22082A:java.util.concurrent.CompletableFuture@74e64c43[Not completed]
2024-05-10 09:18:04,253 [7ab25875-5f77-45a1-9004-12eab6369d05-groupManagement] INFO  storage.RaftStorageDirectory (RaftStorageDirectoryImpl.java:tryLock(228)) - Lock on /home/runner/work/ozone/ozone/hadoop-ozone/integration-test/target/test-dir/MiniOzoneClusterImpl-5c48b7ff-bfdb-407d-b2cb-68403445a4a3/ozone-meta/datanode-2/ratis/464e5225-acc3-40b0-a04e-611b1f60644d/in_use.lock acquired by nodename 51923@fv-az983-686
2024-05-10 09:18:04,254 [7ab25875-5f77-45a1-9004-12eab6369d05-groupManagement] INFO  storage.RaftStorage (RaftStorageImpl.java:format(99)) - Storage directory /home/runner/work/ozone/ozone/hadoop-ozone/integration-test/target/test-dir/MiniOzoneClusterImpl-5c48b7ff-bfdb-407d-b2cb-68403445a4a3/ozone-meta/datanode-2/ratis/464e5225-acc3-40b0-a04e-611b1f60644d has been successfully formatted.
2024-05-10 09:18:04,255 [7ab25875-5f77-45a1-9004-12eab6369d05-groupManagement] WARN  util.FileUtils (LogUtils.java:supplyAndLog(63)) - Failed to Files.newInputStream /home/runner/work/ozone/ozone/hadoop-ozone/integration-test/target/test-dir/MiniOzoneClusterImpl-5c48b7ff-bfdb-407d-b2cb-68403445a4a3/ozone-meta/datanode-2/ratis/464e5225-acc3-40b0-a04e-611b1f60644d/current/raft-meta.conf with options []: java.nio.file.NoSuchFileException: /home/runner/work/ozone/ozone/hadoop-ozone/integration-test/target/test-dir/MiniOzoneClusterImpl-5c48b7ff-bfdb-407d-b2cb-68403445a4a3/ozone-meta/datanode-2/ratis/464e5225-acc3-40b0-a04e-611b1f60644d/current/raft-meta.conf
2024-05-10 09:18:04,255 [7ab25875-5f77-45a1-9004-12eab6369d05-groupManagement] INFO  ratis.ContainerStateMachine (ContainerStateMachine.java:loadSnapshot(287)) - group-611B1F60644D: The snapshot info is null. Setting the last applied index to:(t:0, i:~)
2024-05-10 09:18:04,255 [7ab25875-5f77-45a1-9004-12eab6369d05-groupManagement] INFO  server.RaftServerConfigKeys (ConfUtils.java:logGet(46)) - raft.server.log.use.memory = false (default)
2024-05-10 09:18:04,255 [7ab25875-5f77-45a1-9004-12eab6369d05-groupManagement] INFO  server.RaftServerConfigKeys (ConfUtils.java:logGet(46)) - raft.server.log.purge.gap = 1000000 (custom)
2024-05-10 09:18:04,256 [7ab25875-5f77-45a1-9004-12eab6369d05-groupManagement] INFO  server.RaftServerConfigKeys (ConfUtils.java:logGet(46)) - raft.server.log.appender.buffer.byte-limit = 8388608 (custom)
2024-05-10 09:18:04,256 [7ab25875-5f77-45a1-9004-12eab6369d05-groupManagement] INFO  server.RaftServerConfigKeys (ConfUtils.java:logGet(46)) - raft.server.log.statemachine.data.read.timeout = 1000ms (default)
2024-05-10 09:18:04,256 [7ab25875-5f77-45a1-9004-12eab6369d05-groupManagement] INFO  server.RaftServerConfigKeys (ConfUtils.java:logGet(46)) - raft.server.log.purge.preservation.log.num = 0 (default)
2024-05-10 09:18:04,257 [EventQueue-OpenPipelineForHealthyPipelineSafeModeRule] INFO  safemode.SCMSafeModeManager (HealthyPipelineSafeModeRule.java:process(140)) - SCM in safe mode. Healthy pipelines reported count is 0, required healthy pipeline reported count is 1
2024-05-10 09:18:04,257 [7ab25875-5f77-45a1-9004-12eab6369d05-groupManagement] INFO  server.RaftServerConfigKeys (ConfUtils.java:logGet(46)) - raft.server.log.segment.size.max = 67108864 (custom)
2024-05-10 09:18:04,258 [7ab25875-5f77-45a1-9004-12eab6369d05-groupManagement] INFO  server.RaftServerConfigKeys (ConfUtils.java:logGet(46)) - raft.server.log.segment.cache.num.max = 2 (custom)
2024-05-10 09:18:04,258 [7ab25875-5f77-45a1-9004-12eab6369d05-groupManagement] INFO  server.RaftServerConfigKeys (ConfUtils.java:logGet(46)) - raft.server.log.segment.cache.size.max = 200MB (=209715200) (default)
2024-05-10 09:18:04,258 [7ab25875-5f77-45a1-9004-12eab6369d05-groupManagement] INFO  server.RaftServerConfigKeys (ConfUtils.java:logGet(46)) - raft.server.log.appender.buffer.byte-limit = 8388608 (custom)
2024-05-10 09:18:04,258 [7ab25875-5f77-45a1-9004-12eab6369d05-groupManagement] INFO  util.AwaitToRun (AwaitToRun.java:start(81)) - Thread[7ab25875-5f77-45a1-9004-12eab6369d05@group-611B1F60644D-cacheEviction-AwaitToRun,5,main] started
2024-05-10 09:18:04,258 [7ab25875-5f77-45a1-9004-12eab6369d05-groupManagement] INFO  segmented.SegmentedRaftLogWorker (SegmentedRaftLogWorker.java:<init>(182)) - new 7ab25875-5f77-45a1-9004-12eab6369d05@group-611B1F60644D-SegmentedRaftLogWorker for RaftStorageImpl:Storage Directory /home/runner/work/ozone/ozone/hadoop-ozone/integration-test/target/test-dir/MiniOzoneClusterImpl-5c48b7ff-bfdb-407d-b2cb-68403445a4a3/ozone-meta/datanode-2/ratis/464e5225-acc3-40b0-a04e-611b1f60644d
2024-05-10 09:18:04,258 [7ab25875-5f77-45a1-9004-12eab6369d05-groupManagement] INFO  server.RaftServerConfigKeys (ConfUtils.java:logGet(46)) - raft.server.log.queue.byte-limit = 4294967296 (custom)
2024-05-10 09:18:04,259 [7ab25875-5f77-45a1-9004-12eab6369d05-groupManagement] INFO  server.RaftServerConfigKeys (ConfUtils.java:logGet(46)) - raft.server.log.queue.element-limit = 1024 (custom)
2024-05-10 09:18:04,259 [7ab25875-5f77-45a1-9004-12eab6369d05-groupManagement] INFO  server.RaftServerConfigKeys (ConfUtils.java:logGet(46)) - raft.server.log.segment.size.max = 67108864 (custom)
2024-05-10 09:18:04,259 [7ab25875-5f77-45a1-9004-12eab6369d05-groupManagement] INFO  server.RaftServerConfigKeys (ConfUtils.java:logGet(46)) - raft.server.log.preallocated.size = 4194304 (custom)
2024-05-10 09:18:04,259 [7ab25875-5f77-45a1-9004-12eab6369d05-groupManagement] INFO  server.RaftServerConfigKeys (ConfUtils.java:logGet(46)) - raft.server.log.force.sync.num = 128 (default)
2024-05-10 09:18:04,259 [7ab25875-5f77-45a1-9004-12eab6369d05-groupManagement] INFO  server.RaftServerConfigKeys (ConfUtils.java:logGet(46)) - raft.server.log.statemachine.data.sync = true (default)
2024-05-10 09:18:04,259 [7ab25875-5f77-45a1-9004-12eab6369d05-groupManagement] INFO  server.RaftServerConfigKeys (ConfUtils.java:logGet(46)) - raft.server.log.statemachine.data.sync.timeout = 10s (default)
2024-05-10 09:18:04,259 [7ab25875-5f77-45a1-9004-12eab6369d05-groupManagement] INFO  server.RaftServerConfigKeys (ConfUtils.java:logGet(46)) - raft.server.log.statemachine.data.sync.timeout.retry = 30 (custom)
2024-05-10 09:18:04,259 [7ab25875-5f77-45a1-9004-12eab6369d05-groupManagement] INFO  server.RaftServerConfigKeys (ConfUtils.java:logGet(46)) - raft.server.log.write.buffer.size = 8388616 (custom)
2024-05-10 09:18:04,261 [7ab25875-5f77-45a1-9004-12eab6369d05-groupManagement] INFO  server.RaftServerConfigKeys (ConfUtils.java:logGet(46)) - raft.server.log.appender.buffer.byte-limit = 8388608 (custom)
2024-05-10 09:18:04,261 [7ab25875-5f77-45a1-9004-12eab6369d05-groupManagement] INFO  server.RaftServerConfigKeys (ConfUtils.java:logGet(46)) - raft.server.log.unsafe-flush.enabled = false (default)
2024-05-10 09:18:04,261 [7ab25875-5f77-45a1-9004-12eab6369d05-groupManagement] INFO  server.RaftServerConfigKeys (ConfUtils.java:logGet(46)) - raft.server.log.async-flush.enabled = false (default)
2024-05-10 09:18:04,261 [7ab25875-5f77-45a1-9004-12eab6369d05-groupManagement] INFO  server.RaftServerConfigKeys (ConfUtils.java:logGet(46)) - raft.server.log.statemachine.data.caching.enabled = true (custom)
2024-05-10 09:18:04,261 [7ab25875-5f77-45a1-9004-12eab6369d05-groupManagement] INFO  segmented.SegmentedRaftLogWorker (SegmentedRaftLogWorker.java:lambda$new$0(134)) - 7ab25875-5f77-45a1-9004-12eab6369d05@group-611B1F60644D-SegmentedRaftLogWorker: flushIndex: setUnconditionally 0 -> -1
2024-05-10 09:18:04,262 [7ab25875-5f77-45a1-9004-12eab6369d05-groupManagement] INFO  segmented.SegmentedRaftLogWorker (SegmentedRaftLogWorker.java:lambda$new$0(134)) - 7ab25875-5f77-45a1-9004-12eab6369d05@group-611B1F60644D-SegmentedRaftLogWorker: safeCacheEvictIndex: setUnconditionally 0 -> -1
2024-05-10 09:18:04,262 [7ab25875-5f77-45a1-9004-12eab6369d05-groupManagement] INFO  server.RaftServer$Division (RaftServerImpl.java:start(396)) - 7ab25875-5f77-45a1-9004-12eab6369d05@group-611B1F60644D: start as a follower, conf=-1: peers:[7c62eaa0-d491-4028-8bb9-25c4215260c7|127.0.0.1:15067, e260e396-598b-44a7-8564-b51448915afe|127.0.0.1:15085, 7ab25875-5f77-45a1-9004-12eab6369d05|127.0.0.1:15076]|listeners:[], old=null
2024-05-10 09:18:04,262 [7ab25875-5f77-45a1-9004-12eab6369d05-groupManagement] INFO  server.RaftServer$Division (RaftServerImpl.java:setRole(383)) - 7ab25875-5f77-45a1-9004-12eab6369d05@group-611B1F60644D: changes role from      null to FOLLOWER at term 0 for startAsFollower
2024-05-10 09:18:04,262 [7ab25875-5f77-45a1-9004-12eab6369d05-groupManagement] INFO  impl.RoleInfo (RoleInfo.java:updateAndGet(139)) - 7ab25875-5f77-45a1-9004-12eab6369d05: start 7ab25875-5f77-45a1-9004-12eab6369d05@group-611B1F60644D-FollowerState
2024-05-10 09:18:04,265 [7ab25875-5f77-45a1-9004-12eab6369d05@group-611B1F60644D-FollowerState] INFO  server.RaftServerConfigKeys (ConfUtils.java:logFallback(53)) - raft.server.rpc.first-election.timeout.min = 5s (fallback to raft.server.rpc.timeout.min)
2024-05-10 09:18:04,265 [7ab25875-5f77-45a1-9004-12eab6369d05-groupManagement] INFO  util.JmxRegister (JmxRegister.java:tryRegister(44)) - Successfully registered JMX Bean with object name Ratis:service=RaftServer,group=group-611B1F60644D,id=7ab25875-5f77-45a1-9004-12eab6369d05
2024-05-10 09:18:04,265 [7ab25875-5f77-45a1-9004-12eab6369d05-groupManagement] INFO  server.RaftServerConfigKeys (ConfUtils.java:logGet(46)) - raft.server.snapshot.trigger-when-stop.enabled = true (default)
2024-05-10 09:18:04,266 [7ab25875-5f77-45a1-9004-12eab6369d05-groupManagement] INFO  server.RaftServerConfigKeys (ConfUtils.java:logGet(46)) - raft.server.snapshot.auto.trigger.enabled = true (custom)
2024-05-10 09:18:04,266 [7ab25875-5f77-45a1-9004-12eab6369d05-groupManagement] INFO  server.RaftServerConfigKeys (ConfUtils.java:logGet(46)) - raft.server.snapshot.auto.trigger.threshold = 10000 (custom)
2024-05-10 09:18:04,266 [7ab25875-5f77-45a1-9004-12eab6369d05-groupManagement] INFO  server.RaftServerConfigKeys (ConfUtils.java:logGet(46)) - raft.server.snapshot.retention.file.num = 5 (custom)
2024-05-10 09:18:04,266 [7ab25875-5f77-45a1-9004-12eab6369d05-groupManagement] INFO  server.RaftServerConfigKeys (ConfUtils.java:logGet(46)) - raft.server.log.purge.upto.snapshot.index = false (default)
2024-05-10 09:18:04,265 [7ab25875-5f77-45a1-9004-12eab6369d05@group-611B1F60644D-FollowerState] INFO  server.RaftServerConfigKeys (ConfUtils.java:logFallback(53)) - raft.server.rpc.first-election.timeout.max = 5200ms (fallback to raft.server.rpc.timeout.max)
2024-05-10 09:18:04,271 [7ab25875-5f77-45a1-9004-12eab6369d05-groupManagement] INFO  server.RaftServer$Division (RaftServerImpl.java:<init>(256)) - 7ab25875-5f77-45a1-9004-12eab6369d05: new RaftServerImpl for group-16361C22082A:[7c62eaa0-d491-4028-8bb9-25c4215260c7|127.0.0.1:15067, e260e396-598b-44a7-8564-b51448915afe|127.0.0.1:15085, 7ab25875-5f77-45a1-9004-12eab6369d05|127.0.0.1:15076] with ContainerStateMachine:uninitialized
2024-05-10 09:18:04,272 [7ab25875-5f77-45a1-9004-12eab6369d05-groupManagement] INFO  server.RaftServerConfigKeys (ConfUtils.java:logGet(46)) - raft.server.rpc.timeout.min = 5s (custom)
2024-05-10 09:18:04,272 [7ab25875-5f77-45a1-9004-12eab6369d05-groupManagement] INFO  server.RaftServerConfigKeys (ConfUtils.java:logGet(46)) - raft.server.rpc.timeout.max = 5200ms (custom)
2024-05-10 09:18:04,272 [7ab25875-5f77-45a1-9004-12eab6369d05-groupManagement] INFO  server.RaftServerConfigKeys (ConfUtils.java:logGet(46)) - raft.server.rpc.sleep.time = 25ms (default)
2024-05-10 09:18:04,273 [7ab25875-5f77-45a1-9004-12eab6369d05-groupManagement] INFO  server.RaftServerConfigKeys (ConfUtils.java:logGet(46)) - raft.server.rpc.slowness.timeout = 300000ms (custom)
2024-05-10 09:18:04,273 [7ab25875-5f77-45a1-9004-12eab6369d05-groupManagement] INFO  server.RaftServerConfigKeys (ConfUtils.java:logGet(46)) - raft.server.leaderelection.leader.step-down.wait-time = 10s (default)
2024-05-10 09:18:04,273 [7ab25875-5f77-45a1-9004-12eab6369d05-groupManagement] INFO  server.RaftServerConfigKeys (ConfUtils.java:logGet(46)) - raft.server.leaderelection.member.majority-add = false (default)
2024-05-10 09:18:04,273 [7ab25875-5f77-45a1-9004-12eab6369d05-groupManagement] INFO  server.RaftServerConfigKeys (ConfUtils.java:logGet(46)) - raft.server.sleep.deviation.threshold = 300ms (default)
2024-05-10 09:18:04,274 [7ab25875-5f77-45a1-9004-12eab6369d05-groupManagement] INFO  server.RaftServer$Division (ServerState.java:<init>(113)) - 7ab25875-5f77-45a1-9004-12eab6369d05@group-16361C22082A: ConfigurationManager, init=-1: peers:[7c62eaa0-d491-4028-8bb9-25c4215260c7|127.0.0.1:15067, e260e396-598b-44a7-8564-b51448915afe|127.0.0.1:15085, 7ab25875-5f77-45a1-9004-12eab6369d05|127.0.0.1:15076]|listeners:[], old=null, confs=<EMPTY_MAP>
2024-05-10 09:18:04,274 [7ab25875-5f77-45a1-9004-12eab6369d05-groupManagement] INFO  server.RaftServerConfigKeys (ConfUtils.java:logGet(46)) - raft.server.notification.no-leader.timeout = 300000ms (custom)
2024-05-10 09:18:04,274 [7ab25875-5f77-45a1-9004-12eab6369d05-groupManagement] INFO  server.RaftServerConfigKeys (ConfUtils.java:logGet(46)) - raft.server.read.timeout = 10s (default)
2024-05-10 09:18:04,274 [7ab25875-5f77-45a1-9004-12eab6369d05-groupManagement] INFO  server.RaftServerConfigKeys (ConfUtils.java:logGet(46)) - raft.server.retrycache.expirytime = 600000ms (custom)
2024-05-10 09:18:04,274 [7ab25875-5f77-45a1-9004-12eab6369d05-groupManagement] INFO  server.RaftServerConfigKeys (ConfUtils.java:logGet(46)) - raft.server.retrycache.statistics.expirytime = 100ms (default)
2024-05-10 09:18:04,274 [7ab25875-5f77-45a1-9004-12eab6369d05-groupManagement] INFO  server.RaftServerConfigKeys (ConfUtils.java:logGet(46)) - raft.server.read.option = DEFAULT (default)
2024-05-10 09:18:04,275 [7ab25875-5f77-45a1-9004-12eab6369d05-groupManagement] INFO  server.RaftServerConfigKeys (ConfUtils.java:logGet(46)) - raft.server.read.read-after-write-consistent.write-index-cache.expiry-time = 60s (default)
2024-05-10 09:18:04,276 [7c62eaa0-d491-4028-8bb9-25c4215260c7-PipelineCommandHandlerThread-0] INFO  commandhandler.CreatePipelineCommandHandler (CreatePipelineCommandHandler.java:lambda$handle$2(124)) - Created Pipeline RATIS THREE PipelineID=464e5225-acc3-40b0-a04e-611b1f60644d.
2024-05-10 09:18:04,276 [7c62eaa0-d491-4028-8bb9-25c4215260c7-PipelineCommandHandlerThread-0] INFO  server.RaftServer (RaftServerProxy.java:addNew(100)) - 7c62eaa0-d491-4028-8bb9-25c4215260c7: addNew group-16361C22082A:[7c62eaa0-d491-4028-8bb9-25c4215260c7|127.0.0.1:15067, e260e396-598b-44a7-8564-b51448915afe|127.0.0.1:15085, 7ab25875-5f77-45a1-9004-12eab6369d05|127.0.0.1:15076] returns group-16361C22082A:java.util.concurrent.CompletableFuture@e391a57[Not completed]
2024-05-10 09:18:04,277 [7c62eaa0-d491-4028-8bb9-25c4215260c7-groupManagement] INFO  server.RaftServer$Division (RaftServerImpl.java:<init>(256)) - 7c62eaa0-d491-4028-8bb9-25c4215260c7: new RaftServerImpl for group-16361C22082A:[7c62eaa0-d491-4028-8bb9-25c4215260c7|127.0.0.1:15067, e260e396-598b-44a7-8564-b51448915afe|127.0.0.1:15085, 7ab25875-5f77-45a1-9004-12eab6369d05|127.0.0.1:15076] with ContainerStateMachine:uninitialized
2024-05-10 09:18:04,278 [7c62eaa0-d491-4028-8bb9-25c4215260c7-groupManagement] INFO  server.RaftServerConfigKeys (ConfUtils.java:logGet(46)) - raft.server.rpc.timeout.min = 5s (custom)
2024-05-10 09:18:04,278 [7c62eaa0-d491-4028-8bb9-25c4215260c7-groupManagement] INFO  server.RaftServerConfigKeys (ConfUtils.java:logGet(46)) - raft.server.rpc.timeout.max = 5200ms (custom)
2024-05-10 09:18:04,278 [7c62eaa0-d491-4028-8bb9-25c4215260c7-groupManagement] INFO  server.RaftServerConfigKeys (ConfUtils.java:logGet(46)) - raft.server.rpc.sleep.time = 25ms (default)
2024-05-10 09:18:04,278 [7c62eaa0-d491-4028-8bb9-25c4215260c7-groupManagement] INFO  server.RaftServerConfigKeys (ConfUtils.java:logGet(46)) - raft.server.rpc.slowness.timeout = 300000ms (custom)
2024-05-10 09:18:04,278 [7c62eaa0-d491-4028-8bb9-25c4215260c7-groupManagement] INFO  server.RaftServerConfigKeys (ConfUtils.java:logGet(46)) - raft.server.leaderelection.leader.step-down.wait-time = 10s (default)
2024-05-10 09:18:04,278 [7c62eaa0-d491-4028-8bb9-25c4215260c7-groupManagement] INFO  server.RaftServerConfigKeys (ConfUtils.java:logGet(46)) - raft.server.leaderelection.member.majority-add = false (default)
2024-05-10 09:18:04,278 [7c62eaa0-d491-4028-8bb9-25c4215260c7-groupManagement] INFO  server.RaftServerConfigKeys (ConfUtils.java:logGet(46)) - raft.server.sleep.deviation.threshold = 300ms (default)
2024-05-10 09:18:04,278 [7c62eaa0-d491-4028-8bb9-25c4215260c7-groupManagement] INFO  server.RaftServer$Division (ServerState.java:<init>(113)) - 7c62eaa0-d491-4028-8bb9-25c4215260c7@group-16361C22082A: ConfigurationManager, init=-1: peers:[7c62eaa0-d491-4028-8bb9-25c4215260c7|127.0.0.1:15067, e260e396-598b-44a7-8564-b51448915afe|127.0.0.1:15085, 7ab25875-5f77-45a1-9004-12eab6369d05|127.0.0.1:15076]|listeners:[], old=null, confs=<EMPTY_MAP>
2024-05-10 09:18:04,278 [7c62eaa0-d491-4028-8bb9-25c4215260c7-groupManagement] INFO  server.RaftServerConfigKeys (ConfUtils.java:logGet(46)) - raft.server.notification.no-leader.timeout = 300000ms (custom)
2024-05-10 09:18:04,278 [7c62eaa0-d491-4028-8bb9-25c4215260c7-groupManagement] INFO  server.RaftServerConfigKeys (ConfUtils.java:logGet(46)) - raft.server.read.timeout = 10s (default)
2024-05-10 09:18:04,278 [7c62eaa0-d491-4028-8bb9-25c4215260c7-groupManagement] INFO  server.RaftServerConfigKeys (ConfUtils.java:logGet(46)) - raft.server.retrycache.expirytime = 600000ms (custom)
2024-05-10 09:18:04,278 [7c62eaa0-d491-4028-8bb9-25c4215260c7-groupManagement] INFO  server.RaftServerConfigKeys (ConfUtils.java:logGet(46)) - raft.server.retrycache.statistics.expirytime = 100ms (default)
2024-05-10 09:18:04,278 [7c62eaa0-d491-4028-8bb9-25c4215260c7-groupManagement] INFO  server.RaftServerConfigKeys (ConfUtils.java:logGet(46)) - raft.server.read.option = DEFAULT (default)
2024-05-10 09:18:04,278 [7c62eaa0-d491-4028-8bb9-25c4215260c7-groupManagement] INFO  server.RaftServerConfigKeys (ConfUtils.java:logGet(46)) - raft.server.read.read-after-write-consistent.write-index-cache.expiry-time = 60s (default)
2024-05-10 09:18:04,280 [e260e396-598b-44a7-8564-b51448915afe-PipelineCommandHandlerThread-0] INFO  server.RaftServer (RaftServerProxy.java:addNew(100)) - e260e396-598b-44a7-8564-b51448915afe: addNew group-0BB0747D8A84:[e260e396-598b-44a7-8564-b51448915afe|127.0.0.1:15085] returns group-0BB0747D8A84:java.util.concurrent.CompletableFuture@40be8aa[Not completed]
2024-05-10 09:18:04,281 [e260e396-598b-44a7-8564-b51448915afe-groupManagement] INFO  server.RaftServer$Division (RaftServerImpl.java:<init>(256)) - e260e396-598b-44a7-8564-b51448915afe: new RaftServerImpl for group-0BB0747D8A84:[e260e396-598b-44a7-8564-b51448915afe|127.0.0.1:15085] with ContainerStateMachine:uninitialized
2024-05-10 09:18:04,282 [e260e396-598b-44a7-8564-b51448915afe-groupManagement] INFO  server.RaftServerConfigKeys (ConfUtils.java:logGet(46)) - raft.server.rpc.timeout.min = 5s (custom)
2024-05-10 09:18:04,282 [e260e396-598b-44a7-8564-b51448915afe-groupManagement] INFO  server.RaftServerConfigKeys (ConfUtils.java:logGet(46)) - raft.server.rpc.timeout.max = 5200ms (custom)
2024-05-10 09:18:04,282 [e260e396-598b-44a7-8564-b51448915afe-groupManagement] INFO  server.RaftServerConfigKeys (ConfUtils.java:logGet(46)) - raft.server.rpc.sleep.time = 25ms (default)
2024-05-10 09:18:04,282 [e260e396-598b-44a7-8564-b51448915afe-groupManagement] INFO  server.RaftServerConfigKeys (ConfUtils.java:logGet(46)) - raft.server.rpc.slowness.timeout = 300000ms (custom)
2024-05-10 09:18:04,282 [e260e396-598b-44a7-8564-b51448915afe-groupManagement] INFO  server.RaftServerConfigKeys (ConfUtils.java:logGet(46)) - raft.server.leaderelection.leader.step-down.wait-time = 10s (default)
2024-05-10 09:18:04,282 [e260e396-598b-44a7-8564-b51448915afe-groupManagement] INFO  server.RaftServerConfigKeys (ConfUtils.java:logGet(46)) - raft.server.leaderelection.member.majority-add = false (default)
2024-05-10 09:18:04,282 [e260e396-598b-44a7-8564-b51448915afe-groupManagement] INFO  server.RaftServerConfigKeys (ConfUtils.java:logGet(46)) - raft.server.sleep.deviation.threshold = 300ms (default)
2024-05-10 09:18:04,283 [e260e396-598b-44a7-8564-b51448915afe-groupManagement] INFO  server.RaftServer$Division (ServerState.java:<init>(113)) - e260e396-598b-44a7-8564-b51448915afe@group-0BB0747D8A84: ConfigurationManager, init=-1: peers:[e260e396-598b-44a7-8564-b51448915afe|127.0.0.1:15085]|listeners:[], old=null, confs=<EMPTY_MAP>
2024-05-10 09:18:04,283 [e260e396-598b-44a7-8564-b51448915afe-groupManagement] INFO  server.RaftServerConfigKeys (ConfUtils.java:logGet(46)) - raft.server.notification.no-leader.timeout = 300000ms (custom)
2024-05-10 09:18:04,283 [e260e396-598b-44a7-8564-b51448915afe-groupManagement] INFO  server.RaftServerConfigKeys (ConfUtils.java:logGet(46)) - raft.server.read.timeout = 10s (default)
2024-05-10 09:18:04,283 [e260e396-598b-44a7-8564-b51448915afe-groupManagement] INFO  server.RaftServerConfigKeys (ConfUtils.java:logGet(46)) - raft.server.retrycache.expirytime = 600000ms (custom)
2024-05-10 09:18:04,283 [e260e396-598b-44a7-8564-b51448915afe-groupManagement] INFO  server.RaftServerConfigKeys (ConfUtils.java:logGet(46)) - raft.server.retrycache.statistics.expirytime = 100ms (default)
2024-05-10 09:18:04,283 [e260e396-598b-44a7-8564-b51448915afe-groupManagement] INFO  server.RaftServerConfigKeys (ConfUtils.java:logGet(46)) - raft.server.read.option = DEFAULT (default)
2024-05-10 09:18:04,283 [e260e396-598b-44a7-8564-b51448915afe-groupManagement] INFO  server.RaftServerConfigKeys (ConfUtils.java:logGet(46)) - raft.server.read.read-after-write-consistent.write-index-cache.expiry-time = 60s (default)
2024-05-10 09:18:04,282 [7c62eaa0-d491-4028-8bb9-25c4215260c7-groupManagement] INFO  server.RaftServerConfigKeys (ConfUtils.java:logGet(46)) - raft.server.rpc.request.timeout = 3000ms (default)
2024-05-10 09:18:04,284 [7c62eaa0-d491-4028-8bb9-25c4215260c7-groupManagement] INFO  server.RaftServerConfigKeys (ConfUtils.java:logGet(46)) - raft.server.log.appender.install.snapshot.enabled = false (custom)
2024-05-10 09:18:04,284 [7c62eaa0-d491-4028-8bb9-25c4215260c7-groupManagement] INFO  server.RaftServerConfigKeys (ConfUtils.java:logGet(46)) - raft.server.threadpool.server.cached = true (default)
2024-05-10 09:18:04,284 [7c62eaa0-d491-4028-8bb9-25c4215260c7-groupManagement] INFO  server.RaftServerConfigKeys (ConfUtils.java:logGet(46)) - raft.server.threadpool.server.size = 0 (default)
2024-05-10 09:18:04,285 [7c62eaa0-d491-4028-8bb9-25c4215260c7-groupManagement] INFO  server.RaftServerConfigKeys (ConfUtils.java:logGet(46)) - raft.server.threadpool.client.cached = true (default)
2024-05-10 09:18:04,285 [7c62eaa0-d491-4028-8bb9-25c4215260c7-groupManagement] INFO  server.RaftServerConfigKeys (ConfUtils.java:logGet(46)) - raft.server.threadpool.client.size = 0 (default)
2024-05-10 09:18:04,285 [7c62eaa0-d491-4028-8bb9-25c4215260c7-groupManagement] INFO  server.RaftServerConfigKeys (ConfUtils.java:logGet(46)) - raft.server.storage.free-space.min = 0MB (=0) (default)
2024-05-10 09:18:04,285 [7c62eaa0-d491-4028-8bb9-25c4215260c7-groupManagement] INFO  server.RaftServerConfigKeys (ConfUtils.java:logGet(46)) - raft.server.log.corruption.policy = EXCEPTION (default)
2024-05-10 09:18:04,285 [7c62eaa0-d491-4028-8bb9-25c4215260c7-groupManagement] INFO  server.RaftServerConfigKeys (ConfUtils.java:logGet(46)) - raft.server.storage.dir = [/home/runner/work/ozone/ozone/hadoop-ozone/integration-test/target/test-dir/MiniOzoneClusterImpl-5c48b7ff-bfdb-407d-b2cb-68403445a4a3/ozone-meta/datanode-1/ratis] (custom)
2024-05-10 09:18:04,285 [7c62eaa0-d491-4028-8bb9-25c4215260c7-groupManagement] INFO  storage.RaftStorageDirectory (RaftStorageDirectoryImpl.java:analyzeStorage(138)) - The storage directory /home/runner/work/ozone/ozone/hadoop-ozone/integration-test/target/test-dir/MiniOzoneClusterImpl-5c48b7ff-bfdb-407d-b2cb-68403445a4a3/ozone-meta/datanode-1/ratis/dcf6396f-50a7-4cc4-8cec-16361c22082a does not exist. Creating ...
2024-05-10 09:18:04,286 [7c62eaa0-d491-4028-8bb9-25c4215260c7-groupManagement] INFO  storage.RaftStorageDirectory (RaftStorageDirectoryImpl.java:tryLock(228)) - Lock on /home/runner/work/ozone/ozone/hadoop-ozone/integration-test/target/test-dir/MiniOzoneClusterImpl-5c48b7ff-bfdb-407d-b2cb-68403445a4a3/ozone-meta/datanode-1/ratis/dcf6396f-50a7-4cc4-8cec-16361c22082a/in_use.lock acquired by nodename 51923@fv-az983-686
2024-05-10 09:18:04,287 [7c62eaa0-d491-4028-8bb9-25c4215260c7-groupManagement] INFO  storage.RaftStorage (RaftStorageImpl.java:format(99)) - Storage directory /home/runner/work/ozone/ozone/hadoop-ozone/integration-test/target/test-dir/MiniOzoneClusterImpl-5c48b7ff-bfdb-407d-b2cb-68403445a4a3/ozone-meta/datanode-1/ratis/dcf6396f-50a7-4cc4-8cec-16361c22082a has been successfully formatted.
2024-05-10 09:18:04,288 [7c62eaa0-d491-4028-8bb9-25c4215260c7-groupManagement] WARN  util.FileUtils (LogUtils.java:supplyAndLog(63)) - Failed to Files.newInputStream /home/runner/work/ozone/ozone/hadoop-ozone/integration-test/target/test-dir/MiniOzoneClusterImpl-5c48b7ff-bfdb-407d-b2cb-68403445a4a3/ozone-meta/datanode-1/ratis/dcf6396f-50a7-4cc4-8cec-16361c22082a/current/raft-meta.conf with options []: java.nio.file.NoSuchFileException: /home/runner/work/ozone/ozone/hadoop-ozone/integration-test/target/test-dir/MiniOzoneClusterImpl-5c48b7ff-bfdb-407d-b2cb-68403445a4a3/ozone-meta/datanode-1/ratis/dcf6396f-50a7-4cc4-8cec-16361c22082a/current/raft-meta.conf
2024-05-10 09:18:04,288 [7c62eaa0-d491-4028-8bb9-25c4215260c7-groupManagement] INFO  ratis.ContainerStateMachine (ContainerStateMachine.java:loadSnapshot(287)) - group-16361C22082A: The snapshot info is null. Setting the last applied index to:(t:0, i:~)
2024-05-10 09:18:04,289 [7c62eaa0-d491-4028-8bb9-25c4215260c7-groupManagement] INFO  server.RaftServerConfigKeys (ConfUtils.java:logGet(46)) - raft.server.log.use.memory = false (default)
2024-05-10 09:18:04,289 [7c62eaa0-d491-4028-8bb9-25c4215260c7-groupManagement] INFO  server.RaftServerConfigKeys (ConfUtils.java:logGet(46)) - raft.server.log.purge.gap = 1000000 (custom)
2024-05-10 09:18:04,289 [7c62eaa0-d491-4028-8bb9-25c4215260c7-groupManagement] INFO  server.RaftServerConfigKeys (ConfUtils.java:logGet(46)) - raft.server.log.appender.buffer.byte-limit = 8388608 (custom)
2024-05-10 09:18:04,289 [7c62eaa0-d491-4028-8bb9-25c4215260c7-groupManagement] INFO  server.RaftServerConfigKeys (ConfUtils.java:logGet(46)) - raft.server.log.statemachine.data.read.timeout = 1000ms (default)
2024-05-10 09:18:04,289 [7c62eaa0-d491-4028-8bb9-25c4215260c7-groupManagement] INFO  server.RaftServerConfigKeys (ConfUtils.java:logGet(46)) - raft.server.log.purge.preservation.log.num = 0 (default)
2024-05-10 09:18:04,289 [EventQueue-OpenPipelineForHealthyPipelineSafeModeRule] INFO  safemode.SCMSafeModeManager (HealthyPipelineSafeModeRule.java:process(140)) - SCM in safe mode. Healthy pipelines reported count is 0, required healthy pipeline reported count is 1
2024-05-10 09:18:04,290 [7ab25875-5f77-45a1-9004-12eab6369d05-groupManagement] INFO  server.RaftServerConfigKeys (ConfUtils.java:logGet(46)) - raft.server.rpc.request.timeout = 3000ms (default)
2024-05-10 09:18:04,291 [7ab25875-5f77-45a1-9004-12eab6369d05-groupManagement] INFO  server.RaftServerConfigKeys (ConfUtils.java:logGet(46)) - raft.server.log.appender.install.snapshot.enabled = false (custom)
2024-05-10 09:18:04,291 [7ab25875-5f77-45a1-9004-12eab6369d05-groupManagement] INFO  server.RaftServerConfigKeys (ConfUtils.java:logGet(46)) - raft.server.threadpool.server.cached = true (default)
2024-05-10 09:18:04,291 [7ab25875-5f77-45a1-9004-12eab6369d05-groupManagement] INFO  server.RaftServerConfigKeys (ConfUtils.java:logGet(46)) - raft.server.threadpool.server.size = 0 (default)
2024-05-10 09:18:04,291 [7ab25875-5f77-45a1-9004-12eab6369d05-groupManagement] INFO  server.RaftServerConfigKeys (ConfUtils.java:logGet(46)) - raft.server.threadpool.client.cached = true (default)
2024-05-10 09:18:04,291 [7ab25875-5f77-45a1-9004-12eab6369d05-groupManagement] INFO  server.RaftServerConfigKeys (ConfUtils.java:logGet(46)) - raft.server.threadpool.client.size = 0 (default)
2024-05-10 09:18:04,292 [7ab25875-5f77-45a1-9004-12eab6369d05-groupManagement] INFO  server.RaftServerConfigKeys (ConfUtils.java:logGet(46)) - raft.server.storage.free-space.min = 0MB (=0) (default)
2024-05-10 09:18:04,292 [7ab25875-5f77-45a1-9004-12eab6369d05-groupManagement] INFO  server.RaftServerConfigKeys (ConfUtils.java:logGet(46)) - raft.server.log.corruption.policy = EXCEPTION (default)
2024-05-10 09:18:04,292 [7ab25875-5f77-45a1-9004-12eab6369d05-groupManagement] INFO  server.RaftServerConfigKeys (ConfUtils.java:logGet(46)) - raft.server.storage.dir = [/home/runner/work/ozone/ozone/hadoop-ozone/integration-test/target/test-dir/MiniOzoneClusterImpl-5c48b7ff-bfdb-407d-b2cb-68403445a4a3/ozone-meta/datanode-2/ratis] (custom)
2024-05-10 09:18:04,292 [7ab25875-5f77-45a1-9004-12eab6369d05-groupManagement] INFO  storage.RaftStorageDirectory (RaftStorageDirectoryImpl.java:analyzeStorage(138)) - The storage directory /home/runner/work/ozone/ozone/hadoop-ozone/integration-test/target/test-dir/MiniOzoneClusterImpl-5c48b7ff-bfdb-407d-b2cb-68403445a4a3/ozone-meta/datanode-2/ratis/dcf6396f-50a7-4cc4-8cec-16361c22082a does not exist. Creating ...
2024-05-10 09:18:04,294 [e260e396-598b-44a7-8564-b51448915afe-groupManagement] INFO  server.RaftServerConfigKeys (ConfUtils.java:logGet(46)) - raft.server.rpc.request.timeout = 3000ms (default)
2024-05-10 09:18:04,294 [e260e396-598b-44a7-8564-b51448915afe-groupManagement] INFO  server.RaftServerConfigKeys (ConfUtils.java:logGet(46)) - raft.server.log.appender.install.snapshot.enabled = false (custom)
2024-05-10 09:18:04,294 [e260e396-598b-44a7-8564-b51448915afe-groupManagement] INFO  server.RaftServerConfigKeys (ConfUtils.java:logGet(46)) - raft.server.threadpool.server.cached = true (default)
2024-05-10 09:18:04,294 [e260e396-598b-44a7-8564-b51448915afe-groupManagement] INFO  server.RaftServerConfigKeys (ConfUtils.java:logGet(46)) - raft.server.threadpool.server.size = 0 (default)
2024-05-10 09:18:04,294 [e260e396-598b-44a7-8564-b51448915afe-groupManagement] INFO  server.RaftServerConfigKeys (ConfUtils.java:logGet(46)) - raft.server.threadpool.client.cached = true (default)
2024-05-10 09:18:04,294 [e260e396-598b-44a7-8564-b51448915afe-groupManagement] INFO  server.RaftServerConfigKeys (ConfUtils.java:logGet(46)) - raft.server.threadpool.client.size = 0 (default)
2024-05-10 09:18:04,294 [e260e396-598b-44a7-8564-b51448915afe-groupManagement] INFO  server.RaftServerConfigKeys (ConfUtils.java:logGet(46)) - raft.server.storage.free-space.min = 0MB (=0) (default)
2024-05-10 09:18:04,294 [e260e396-598b-44a7-8564-b51448915afe-groupManagement] INFO  server.RaftServerConfigKeys (ConfUtils.java:logGet(46)) - raft.server.log.corruption.policy = EXCEPTION (default)
2024-05-10 09:18:04,294 [e260e396-598b-44a7-8564-b51448915afe-groupManagement] INFO  server.RaftServerConfigKeys (ConfUtils.java:logGet(46)) - raft.server.storage.dir = [/home/runner/work/ozone/ozone/hadoop-ozone/integration-test/target/test-dir/MiniOzoneClusterImpl-5c48b7ff-bfdb-407d-b2cb-68403445a4a3/ozone-meta/datanode-3/ratis] (custom)
2024-05-10 09:18:04,295 [e260e396-598b-44a7-8564-b51448915afe-groupManagement] INFO  storage.RaftStorageDirectory (RaftStorageDirectoryImpl.java:analyzeStorage(138)) - The storage directory /home/runner/work/ozone/ozone/hadoop-ozone/integration-test/target/test-dir/MiniOzoneClusterImpl-5c48b7ff-bfdb-407d-b2cb-68403445a4a3/ozone-meta/datanode-3/ratis/9bca9582-3816-448c-8743-0bb0747d8a84 does not exist. Creating ...
2024-05-10 09:18:04,295 [7ab25875-5f77-45a1-9004-12eab6369d05-groupManagement] INFO  storage.RaftStorageDirectory (RaftStorageDirectoryImpl.java:tryLock(228)) - Lock on /home/runner/work/ozone/ozone/hadoop-ozone/integration-test/target/test-dir/MiniOzoneClusterImpl-5c48b7ff-bfdb-407d-b2cb-68403445a4a3/ozone-meta/datanode-2/ratis/dcf6396f-50a7-4cc4-8cec-16361c22082a/in_use.lock acquired by nodename 51923@fv-az983-686
2024-05-10 09:18:04,296 [7c62eaa0-d491-4028-8bb9-25c4215260c7-groupManagement] INFO  server.RaftServerConfigKeys (ConfUtils.java:logGet(46)) - raft.server.log.segment.size.max = 67108864 (custom)
2024-05-10 09:18:04,296 [7c62eaa0-d491-4028-8bb9-25c4215260c7-groupManagement] INFO  server.RaftServerConfigKeys (ConfUtils.java:logGet(46)) - raft.server.log.segment.cache.num.max = 2 (custom)
2024-05-10 09:18:04,296 [e260e396-598b-44a7-8564-b51448915afe-groupManagement] INFO  storage.RaftStorageDirectory (RaftStorageDirectoryImpl.java:tryLock(228)) - Lock on /home/runner/work/ozone/ozone/hadoop-ozone/integration-test/target/test-dir/MiniOzoneClusterImpl-5c48b7ff-bfdb-407d-b2cb-68403445a4a3/ozone-meta/datanode-3/ratis/9bca9582-3816-448c-8743-0bb0747d8a84/in_use.lock acquired by nodename 51923@fv-az983-686
2024-05-10 09:18:04,297 [7ab25875-5f77-45a1-9004-12eab6369d05-groupManagement] INFO  storage.RaftStorage (RaftStorageImpl.java:format(99)) - Storage directory /home/runner/work/ozone/ozone/hadoop-ozone/integration-test/target/test-dir/MiniOzoneClusterImpl-5c48b7ff-bfdb-407d-b2cb-68403445a4a3/ozone-meta/datanode-2/ratis/dcf6396f-50a7-4cc4-8cec-16361c22082a has been successfully formatted.
2024-05-10 09:18:04,297 [7ab25875-5f77-45a1-9004-12eab6369d05-groupManagement] WARN  util.FileUtils (LogUtils.java:supplyAndLog(63)) - Failed to Files.newInputStream /home/runner/work/ozone/ozone/hadoop-ozone/integration-test/target/test-dir/MiniOzoneClusterImpl-5c48b7ff-bfdb-407d-b2cb-68403445a4a3/ozone-meta/datanode-2/ratis/dcf6396f-50a7-4cc4-8cec-16361c22082a/current/raft-meta.conf with options []: java.nio.file.NoSuchFileException: /home/runner/work/ozone/ozone/hadoop-ozone/integration-test/target/test-dir/MiniOzoneClusterImpl-5c48b7ff-bfdb-407d-b2cb-68403445a4a3/ozone-meta/datanode-2/ratis/dcf6396f-50a7-4cc4-8cec-16361c22082a/current/raft-meta.conf
2024-05-10 09:18:04,297 [7ab25875-5f77-45a1-9004-12eab6369d05-groupManagement] INFO  ratis.ContainerStateMachine (ContainerStateMachine.java:loadSnapshot(287)) - group-16361C22082A: The snapshot info is null. Setting the last applied index to:(t:0, i:~)
2024-05-10 09:18:04,297 [7c62eaa0-d491-4028-8bb9-25c4215260c7-groupManagement] INFO  server.RaftServerConfigKeys (ConfUtils.java:logGet(46)) - raft.server.log.segment.cache.size.max = 200MB (=209715200) (default)
2024-05-10 09:18:04,298 [7c62eaa0-d491-4028-8bb9-25c4215260c7-groupManagement] INFO  server.RaftServerConfigKeys (ConfUtils.java:logGet(46)) - raft.server.log.appender.buffer.byte-limit = 8388608 (custom)
2024-05-10 09:18:04,298 [7ab25875-5f77-45a1-9004-12eab6369d05-groupManagement] INFO  server.RaftServerConfigKeys (ConfUtils.java:logGet(46)) - raft.server.log.use.memory = false (default)
2024-05-10 09:18:04,298 [e260e396-598b-44a7-8564-b51448915afe-groupManagement] INFO  storage.RaftStorage (RaftStorageImpl.java:format(99)) - Storage directory /home/runner/work/ozone/ozone/hadoop-ozone/integration-test/target/test-dir/MiniOzoneClusterImpl-5c48b7ff-bfdb-407d-b2cb-68403445a4a3/ozone-meta/datanode-3/ratis/9bca9582-3816-448c-8743-0bb0747d8a84 has been successfully formatted.
2024-05-10 09:18:04,298 [e260e396-598b-44a7-8564-b51448915afe-groupManagement] WARN  util.FileUtils (LogUtils.java:supplyAndLog(63)) - Failed to Files.newInputStream /home/runner/work/ozone/ozone/hadoop-ozone/integration-test/target/test-dir/MiniOzoneClusterImpl-5c48b7ff-bfdb-407d-b2cb-68403445a4a3/ozone-meta/datanode-3/ratis/9bca9582-3816-448c-8743-0bb0747d8a84/current/raft-meta.conf with options []: java.nio.file.NoSuchFileException: /home/runner/work/ozone/ozone/hadoop-ozone/integration-test/target/test-dir/MiniOzoneClusterImpl-5c48b7ff-bfdb-407d-b2cb-68403445a4a3/ozone-meta/datanode-3/ratis/9bca9582-3816-448c-8743-0bb0747d8a84/current/raft-meta.conf
2024-05-10 09:18:04,298 [e260e396-598b-44a7-8564-b51448915afe-groupManagement] INFO  ratis.ContainerStateMachine (ContainerStateMachine.java:loadSnapshot(287)) - group-0BB0747D8A84: The snapshot info is null. Setting the last applied index to:(t:0, i:~)
2024-05-10 09:18:04,298 [e260e396-598b-44a7-8564-b51448915afe-groupManagement] INFO  server.RaftServerConfigKeys (ConfUtils.java:logGet(46)) - raft.server.log.use.memory = false (default)
2024-05-10 09:18:04,298 [e260e396-598b-44a7-8564-b51448915afe-groupManagement] INFO  server.RaftServerConfigKeys (ConfUtils.java:logGet(46)) - raft.server.log.purge.gap = 1000000 (custom)
2024-05-10 09:18:04,298 [e260e396-598b-44a7-8564-b51448915afe-groupManagement] INFO  server.RaftServerConfigKeys (ConfUtils.java:logGet(46)) - raft.server.log.appender.buffer.byte-limit = 8388608 (custom)
2024-05-10 09:18:04,298 [e260e396-598b-44a7-8564-b51448915afe-groupManagement] INFO  server.RaftServerConfigKeys (ConfUtils.java:logGet(46)) - raft.server.log.statemachine.data.read.timeout = 1000ms (default)
2024-05-10 09:18:04,299 [e260e396-598b-44a7-8564-b51448915afe-groupManagement] INFO  server.RaftServerConfigKeys (ConfUtils.java:logGet(46)) - raft.server.log.purge.preservation.log.num = 0 (default)
2024-05-10 09:18:04,299 [EventQueue-OpenPipelineForHealthyPipelineSafeModeRule] INFO  safemode.SCMSafeModeManager (HealthyPipelineSafeModeRule.java:process(140)) - SCM in safe mode. Healthy pipelines reported count is 0, required healthy pipeline reported count is 1
2024-05-10 09:18:04,300 [e260e396-598b-44a7-8564-b51448915afe-groupManagement] INFO  server.RaftServerConfigKeys (ConfUtils.java:logGet(46)) - raft.server.log.segment.size.max = 67108864 (custom)
2024-05-10 09:18:04,300 [EventQueue-PipelineReportForPipelineReportHandler] INFO  pipeline.PipelineReportHandler (PipelineReportHandler.java:processPipelineReport(136)) - Opened pipeline PipelineID=9bca9582-3816-448c-8743-0bb0747d8a84
2024-05-10 09:18:04,300 [EventQueue-OpenPipelineForHealthyPipelineSafeModeRule] INFO  safemode.SCMSafeModeManager (HealthyPipelineSafeModeRule.java:process(140)) - SCM in safe mode. Healthy pipelines reported count is 0, required healthy pipeline reported count is 1
2024-05-10 09:18:04,300 [e260e396-598b-44a7-8564-b51448915afe-groupManagement] INFO  server.RaftServerConfigKeys (ConfUtils.java:logGet(46)) - raft.server.log.segment.cache.num.max = 2 (custom)
2024-05-10 09:18:04,301 [e260e396-598b-44a7-8564-b51448915afe-groupManagement] INFO  server.RaftServerConfigKeys (ConfUtils.java:logGet(46)) - raft.server.log.segment.cache.size.max = 200MB (=209715200) (default)
2024-05-10 09:18:04,301 [7ab25875-5f77-45a1-9004-12eab6369d05-groupManagement] INFO  server.RaftServerConfigKeys (ConfUtils.java:logGet(46)) - raft.server.log.purge.gap = 1000000 (custom)
2024-05-10 09:18:04,301 [7ab25875-5f77-45a1-9004-12eab6369d05-groupManagement] INFO  server.RaftServerConfigKeys (ConfUtils.java:logGet(46)) - raft.server.log.appender.buffer.byte-limit = 8388608 (custom)
2024-05-10 09:18:04,301 [e260e396-598b-44a7-8564-b51448915afe-groupManagement] INFO  server.RaftServerConfigKeys (ConfUtils.java:logGet(46)) - raft.server.log.appender.buffer.byte-limit = 8388608 (custom)
2024-05-10 09:18:04,301 [7ab25875-5f77-45a1-9004-12eab6369d05-groupManagement] INFO  server.RaftServerConfigKeys (ConfUtils.java:logGet(46)) - raft.server.log.statemachine.data.read.timeout = 1000ms (default)
2024-05-10 09:18:04,301 [7ab25875-5f77-45a1-9004-12eab6369d05-groupManagement] INFO  server.RaftServerConfigKeys (ConfUtils.java:logGet(46)) - raft.server.log.purge.preservation.log.num = 0 (default)
2024-05-10 09:18:04,303 [7ab25875-5f77-45a1-9004-12eab6369d05-groupManagement] INFO  server.RaftServerConfigKeys (ConfUtils.java:logGet(46)) - raft.server.log.segment.size.max = 67108864 (custom)
2024-05-10 09:18:04,303 [7ab25875-5f77-45a1-9004-12eab6369d05-groupManagement] INFO  server.RaftServerConfigKeys (ConfUtils.java:logGet(46)) - raft.server.log.segment.cache.num.max = 2 (custom)
2024-05-10 09:18:04,303 [7ab25875-5f77-45a1-9004-12eab6369d05-groupManagement] INFO  server.RaftServerConfigKeys (ConfUtils.java:logGet(46)) - raft.server.log.segment.cache.size.max = 200MB (=209715200) (default)
2024-05-10 09:18:04,303 [7ab25875-5f77-45a1-9004-12eab6369d05-groupManagement] INFO  server.RaftServerConfigKeys (ConfUtils.java:logGet(46)) - raft.server.log.appender.buffer.byte-limit = 8388608 (custom)
2024-05-10 09:18:04,306 [7c62eaa0-d491-4028-8bb9-25c4215260c7-groupManagement] INFO  util.AwaitToRun (AwaitToRun.java:start(81)) - Thread[7c62eaa0-d491-4028-8bb9-25c4215260c7@group-16361C22082A-cacheEviction-AwaitToRun,5,main] started
2024-05-10 09:18:04,306 [7c62eaa0-d491-4028-8bb9-25c4215260c7-groupManagement] INFO  segmented.SegmentedRaftLogWorker (SegmentedRaftLogWorker.java:<init>(182)) - new 7c62eaa0-d491-4028-8bb9-25c4215260c7@group-16361C22082A-SegmentedRaftLogWorker for RaftStorageImpl:Storage Directory /home/runner/work/ozone/ozone/hadoop-ozone/integration-test/target/test-dir/MiniOzoneClusterImpl-5c48b7ff-bfdb-407d-b2cb-68403445a4a3/ozone-meta/datanode-1/ratis/dcf6396f-50a7-4cc4-8cec-16361c22082a
2024-05-10 09:18:04,306 [7c62eaa0-d491-4028-8bb9-25c4215260c7-groupManagement] INFO  server.RaftServerConfigKeys (ConfUtils.java:logGet(46)) - raft.server.log.queue.byte-limit = 4294967296 (custom)
2024-05-10 09:18:04,307 [7c62eaa0-d491-4028-8bb9-25c4215260c7-groupManagement] INFO  server.RaftServerConfigKeys (ConfUtils.java:logGet(46)) - raft.server.log.queue.element-limit = 1024 (custom)
2024-05-10 09:18:04,307 [7c62eaa0-d491-4028-8bb9-25c4215260c7-groupManagement] INFO  server.RaftServerConfigKeys (ConfUtils.java:logGet(46)) - raft.server.log.segment.size.max = 67108864 (custom)
2024-05-10 09:18:04,307 [7c62eaa0-d491-4028-8bb9-25c4215260c7-groupManagement] INFO  server.RaftServerConfigKeys (ConfUtils.java:logGet(46)) - raft.server.log.preallocated.size = 4194304 (custom)
2024-05-10 09:18:04,307 [7c62eaa0-d491-4028-8bb9-25c4215260c7-groupManagement] INFO  server.RaftServerConfigKeys (ConfUtils.java:logGet(46)) - raft.server.log.force.sync.num = 128 (default)
2024-05-10 09:18:04,307 [7c62eaa0-d491-4028-8bb9-25c4215260c7-groupManagement] INFO  server.RaftServerConfigKeys (ConfUtils.java:logGet(46)) - raft.server.log.statemachine.data.sync = true (default)
2024-05-10 09:18:04,307 [7c62eaa0-d491-4028-8bb9-25c4215260c7-groupManagement] INFO  server.RaftServerConfigKeys (ConfUtils.java:logGet(46)) - raft.server.log.statemachine.data.sync.timeout = 10s (default)
2024-05-10 09:18:04,307 [7c62eaa0-d491-4028-8bb9-25c4215260c7-groupManagement] INFO  server.RaftServerConfigKeys (ConfUtils.java:logGet(46)) - raft.server.log.statemachine.data.sync.timeout.retry = 30 (custom)
2024-05-10 09:18:04,307 [7c62eaa0-d491-4028-8bb9-25c4215260c7-groupManagement] INFO  server.RaftServerConfigKeys (ConfUtils.java:logGet(46)) - raft.server.log.write.buffer.size = 8388616 (custom)
2024-05-10 09:18:04,309 [e260e396-598b-44a7-8564-b51448915afe-groupManagement] INFO  util.AwaitToRun (AwaitToRun.java:start(81)) - Thread[e260e396-598b-44a7-8564-b51448915afe@group-0BB0747D8A84-cacheEviction-AwaitToRun,5,main] started
2024-05-10 09:18:04,309 [e260e396-598b-44a7-8564-b51448915afe-groupManagement] INFO  segmented.SegmentedRaftLogWorker (SegmentedRaftLogWorker.java:<init>(182)) - new e260e396-598b-44a7-8564-b51448915afe@group-0BB0747D8A84-SegmentedRaftLogWorker for RaftStorageImpl:Storage Directory /home/runner/work/ozone/ozone/hadoop-ozone/integration-test/target/test-dir/MiniOzoneClusterImpl-5c48b7ff-bfdb-407d-b2cb-68403445a4a3/ozone-meta/datanode-3/ratis/9bca9582-3816-448c-8743-0bb0747d8a84
2024-05-10 09:18:04,309 [e260e396-598b-44a7-8564-b51448915afe-groupManagement] INFO  server.RaftServerConfigKeys (ConfUtils.java:logGet(46)) - raft.server.log.queue.byte-limit = 4294967296 (custom)
2024-05-10 09:18:04,309 [e260e396-598b-44a7-8564-b51448915afe-groupManagement] INFO  server.RaftServerConfigKeys (ConfUtils.java:logGet(46)) - raft.server.log.queue.element-limit = 1024 (custom)
2024-05-10 09:18:04,309 [e260e396-598b-44a7-8564-b51448915afe-groupManagement] INFO  server.RaftServerConfigKeys (ConfUtils.java:logGet(46)) - raft.server.log.segment.size.max = 67108864 (custom)
2024-05-10 09:18:04,310 [e260e396-598b-44a7-8564-b51448915afe-groupManagement] INFO  server.RaftServerConfigKeys (ConfUtils.java:logGet(46)) - raft.server.log.preallocated.size = 4194304 (custom)
2024-05-10 09:18:04,310 [e260e396-598b-44a7-8564-b51448915afe-groupManagement] INFO  server.RaftServerConfigKeys (ConfUtils.java:logGet(46)) - raft.server.log.force.sync.num = 128 (default)
2024-05-10 09:18:04,310 [e260e396-598b-44a7-8564-b51448915afe-groupManagement] INFO  server.RaftServerConfigKeys (ConfUtils.java:logGet(46)) - raft.server.log.statemachine.data.sync = true (default)
2024-05-10 09:18:04,310 [e260e396-598b-44a7-8564-b51448915afe-groupManagement] INFO  server.RaftServerConfigKeys (ConfUtils.java:logGet(46)) - raft.server.log.statemachine.data.sync.timeout = 10s (default)
2024-05-10 09:18:04,310 [e260e396-598b-44a7-8564-b51448915afe-groupManagement] INFO  server.RaftServerConfigKeys (ConfUtils.java:logGet(46)) - raft.server.log.statemachine.data.sync.timeout.retry = 30 (custom)
2024-05-10 09:18:04,311 [e260e396-598b-44a7-8564-b51448915afe-groupManagement] INFO  server.RaftServerConfigKeys (ConfUtils.java:logGet(46)) - raft.server.log.write.buffer.size = 8388616 (custom)
2024-05-10 09:18:04,312 [e260e396-598b-44a7-8564-b51448915afe-groupManagement] INFO  server.RaftServerConfigKeys (ConfUtils.java:logGet(46)) - raft.server.log.appender.buffer.byte-limit = 8388608 (custom)
2024-05-10 09:18:04,313 [7c62eaa0-d491-4028-8bb9-25c4215260c7-groupManagement] INFO  server.RaftServerConfigKeys (ConfUtils.java:logGet(46)) - raft.server.log.appender.buffer.byte-limit = 8388608 (custom)
2024-05-10 09:18:04,313 [7c62eaa0-d491-4028-8bb9-25c4215260c7-groupManagement] INFO  server.RaftServerConfigKeys (ConfUtils.java:logGet(46)) - raft.server.log.unsafe-flush.enabled = false (default)
2024-05-10 09:18:04,313 [7c62eaa0-d491-4028-8bb9-25c4215260c7-groupManagement] INFO  server.RaftServerConfigKeys (ConfUtils.java:logGet(46)) - raft.server.log.async-flush.enabled = false (default)
2024-05-10 09:18:04,313 [7c62eaa0-d491-4028-8bb9-25c4215260c7-groupManagement] INFO  server.RaftServerConfigKeys (ConfUtils.java:logGet(46)) - raft.server.log.statemachine.data.caching.enabled = true (custom)
2024-05-10 09:18:04,313 [7c62eaa0-d491-4028-8bb9-25c4215260c7-groupManagement] INFO  segmented.SegmentedRaftLogWorker (SegmentedRaftLogWorker.java:lambda$new$0(134)) - 7c62eaa0-d491-4028-8bb9-25c4215260c7@group-16361C22082A-SegmentedRaftLogWorker: flushIndex: setUnconditionally 0 -> -1
2024-05-10 09:18:04,313 [7c62eaa0-d491-4028-8bb9-25c4215260c7-groupManagement] INFO  segmented.SegmentedRaftLogWorker (SegmentedRaftLogWorker.java:lambda$new$0(134)) - 7c62eaa0-d491-4028-8bb9-25c4215260c7@group-16361C22082A-SegmentedRaftLogWorker: safeCacheEvictIndex: setUnconditionally 0 -> -1
2024-05-10 09:18:04,313 [e260e396-598b-44a7-8564-b51448915afe-groupManagement] INFO  server.RaftServerConfigKeys (ConfUtils.java:logGet(46)) - raft.server.log.unsafe-flush.enabled = false (default)
2024-05-10 09:18:04,313 [e260e396-598b-44a7-8564-b51448915afe-groupManagement] INFO  server.RaftServerConfigKeys (ConfUtils.java:logGet(46)) - raft.server.log.async-flush.enabled = false (default)
2024-05-10 09:18:04,314 [e260e396-598b-44a7-8564-b51448915afe-groupManagement] INFO  server.RaftServerConfigKeys (ConfUtils.java:logGet(46)) - raft.server.log.statemachine.data.caching.enabled = true (custom)
2024-05-10 09:18:04,314 [e260e396-598b-44a7-8564-b51448915afe-groupManagement] INFO  segmented.SegmentedRaftLogWorker (SegmentedRaftLogWorker.java:lambda$new$0(134)) - e260e396-598b-44a7-8564-b51448915afe@group-0BB0747D8A84-SegmentedRaftLogWorker: flushIndex: setUnconditionally 0 -> -1
2024-05-10 09:18:04,314 [e260e396-598b-44a7-8564-b51448915afe-groupManagement] INFO  segmented.SegmentedRaftLogWorker (SegmentedRaftLogWorker.java:lambda$new$0(134)) - e260e396-598b-44a7-8564-b51448915afe@group-0BB0747D8A84-SegmentedRaftLogWorker: safeCacheEvictIndex: setUnconditionally 0 -> -1
2024-05-10 09:18:04,318 [7ab25875-5f77-45a1-9004-12eab6369d05-groupManagement] INFO  util.AwaitToRun (AwaitToRun.java:start(81)) - Thread[7ab25875-5f77-45a1-9004-12eab6369d05@group-16361C22082A-cacheEviction-AwaitToRun,5,main] started
2024-05-10 09:18:04,318 [7ab25875-5f77-45a1-9004-12eab6369d05-groupManagement] INFO  segmented.SegmentedRaftLogWorker (SegmentedRaftLogWorker.java:<init>(182)) - new 7ab25875-5f77-45a1-9004-12eab6369d05@group-16361C22082A-SegmentedRaftLogWorker for RaftStorageImpl:Storage Directory /home/runner/work/ozone/ozone/hadoop-ozone/integration-test/target/test-dir/MiniOzoneClusterImpl-5c48b7ff-bfdb-407d-b2cb-68403445a4a3/ozone-meta/datanode-2/ratis/dcf6396f-50a7-4cc4-8cec-16361c22082a
2024-05-10 09:18:04,318 [7ab25875-5f77-45a1-9004-12eab6369d05-groupManagement] INFO  server.RaftServerConfigKeys (ConfUtils.java:logGet(46)) - raft.server.log.queue.byte-limit = 4294967296 (custom)
2024-05-10 09:18:04,318 [7ab25875-5f77-45a1-9004-12eab6369d05-groupManagement] INFO  server.RaftServerConfigKeys (ConfUtils.java:logGet(46)) - raft.server.log.queue.element-limit = 1024 (custom)
2024-05-10 09:18:04,318 [7ab25875-5f77-45a1-9004-12eab6369d05-groupManagement] INFO  server.RaftServerConfigKeys (ConfUtils.java:logGet(46)) - raft.server.log.segment.size.max = 67108864 (custom)
2024-05-10 09:18:04,318 [7ab25875-5f77-45a1-9004-12eab6369d05-groupManagement] INFO  server.RaftServerConfigKeys (ConfUtils.java:logGet(46)) - raft.server.log.preallocated.size = 4194304 (custom)
2024-05-10 09:18:04,319 [7ab25875-5f77-45a1-9004-12eab6369d05-groupManagement] INFO  server.RaftServerConfigKeys (ConfUtils.java:logGet(46)) - raft.server.log.force.sync.num = 128 (default)
2024-05-10 09:18:04,319 [7ab25875-5f77-45a1-9004-12eab6369d05-groupManagement] INFO  server.RaftServerConfigKeys (ConfUtils.java:logGet(46)) - raft.server.log.statemachine.data.sync = true (default)
2024-05-10 09:18:04,319 [7ab25875-5f77-45a1-9004-12eab6369d05-groupManagement] INFO  server.RaftServerConfigKeys (ConfUtils.java:logGet(46)) - raft.server.log.statemachine.data.sync.timeout = 10s (default)
2024-05-10 09:18:04,319 [7ab25875-5f77-45a1-9004-12eab6369d05-groupManagement] INFO  server.RaftServerConfigKeys (ConfUtils.java:logGet(46)) - raft.server.log.statemachine.data.sync.timeout.retry = 30 (custom)
2024-05-10 09:18:04,319 [7ab25875-5f77-45a1-9004-12eab6369d05-groupManagement] INFO  server.RaftServerConfigKeys (ConfUtils.java:logGet(46)) - raft.server.log.write.buffer.size = 8388616 (custom)
2024-05-10 09:18:04,321 [7ab25875-5f77-45a1-9004-12eab6369d05-groupManagement] INFO  server.RaftServerConfigKeys (ConfUtils.java:logGet(46)) - raft.server.log.appender.buffer.byte-limit = 8388608 (custom)
2024-05-10 09:18:04,321 [7ab25875-5f77-45a1-9004-12eab6369d05-groupManagement] INFO  server.RaftServerConfigKeys (ConfUtils.java:logGet(46)) - raft.server.log.unsafe-flush.enabled = false (default)
2024-05-10 09:18:04,321 [7ab25875-5f77-45a1-9004-12eab6369d05-groupManagement] INFO  server.RaftServerConfigKeys (ConfUtils.java:logGet(46)) - raft.server.log.async-flush.enabled = false (default)
2024-05-10 09:18:04,321 [7ab25875-5f77-45a1-9004-12eab6369d05-groupManagement] INFO  server.RaftServerConfigKeys (ConfUtils.java:logGet(46)) - raft.server.log.statemachine.data.caching.enabled = true (custom)
2024-05-10 09:18:04,321 [7ab25875-5f77-45a1-9004-12eab6369d05-groupManagement] INFO  segmented.SegmentedRaftLogWorker (SegmentedRaftLogWorker.java:lambda$new$0(134)) - 7ab25875-5f77-45a1-9004-12eab6369d05@group-16361C22082A-SegmentedRaftLogWorker: flushIndex: setUnconditionally 0 -> -1
2024-05-10 09:18:04,321 [7ab25875-5f77-45a1-9004-12eab6369d05-groupManagement] INFO  segmented.SegmentedRaftLogWorker (SegmentedRaftLogWorker.java:lambda$new$0(134)) - 7ab25875-5f77-45a1-9004-12eab6369d05@group-16361C22082A-SegmentedRaftLogWorker: safeCacheEvictIndex: setUnconditionally 0 -> -1
2024-05-10 09:18:04,322 [7c62eaa0-d491-4028-8bb9-25c4215260c7-groupManagement] INFO  server.RaftServer$Division (RaftServerImpl.java:start(396)) - 7c62eaa0-d491-4028-8bb9-25c4215260c7@group-16361C22082A: start as a follower, conf=-1: peers:[7c62eaa0-d491-4028-8bb9-25c4215260c7|127.0.0.1:15067, e260e396-598b-44a7-8564-b51448915afe|127.0.0.1:15085, 7ab25875-5f77-45a1-9004-12eab6369d05|127.0.0.1:15076]|listeners:[], old=null
2024-05-10 09:18:04,322 [7c62eaa0-d491-4028-8bb9-25c4215260c7-groupManagement] INFO  server.RaftServer$Division (RaftServerImpl.java:setRole(383)) - 7c62eaa0-d491-4028-8bb9-25c4215260c7@group-16361C22082A: changes role from      null to FOLLOWER at term 0 for startAsFollower
2024-05-10 09:18:04,322 [7c62eaa0-d491-4028-8bb9-25c4215260c7-groupManagement] INFO  impl.RoleInfo (RoleInfo.java:updateAndGet(139)) - 7c62eaa0-d491-4028-8bb9-25c4215260c7: start 7c62eaa0-d491-4028-8bb9-25c4215260c7@group-16361C22082A-FollowerState
2024-05-10 09:18:04,322 [7c62eaa0-d491-4028-8bb9-25c4215260c7-groupManagement] INFO  util.JmxRegister (JmxRegister.java:tryRegister(44)) - Successfully registered JMX Bean with object name Ratis:service=RaftServer,group=group-16361C22082A,id=7c62eaa0-d491-4028-8bb9-25c4215260c7
2024-05-10 09:18:04,322 [7c62eaa0-d491-4028-8bb9-25c4215260c7-groupManagement] INFO  server.RaftServerConfigKeys (ConfUtils.java:logGet(46)) - raft.server.snapshot.trigger-when-stop.enabled = true (default)
2024-05-10 09:18:04,322 [7c62eaa0-d491-4028-8bb9-25c4215260c7-groupManagement] INFO  server.RaftServerConfigKeys (ConfUtils.java:logGet(46)) - raft.server.snapshot.auto.trigger.enabled = true (custom)
2024-05-10 09:18:04,322 [7c62eaa0-d491-4028-8bb9-25c4215260c7-groupManagement] INFO  server.RaftServerConfigKeys (ConfUtils.java:logGet(46)) - raft.server.snapshot.auto.trigger.threshold = 10000 (custom)
2024-05-10 09:18:04,323 [7c62eaa0-d491-4028-8bb9-25c4215260c7-groupManagement] INFO  server.RaftServerConfigKeys (ConfUtils.java:logGet(46)) - raft.server.snapshot.retention.file.num = 5 (custom)
2024-05-10 09:18:04,323 [7c62eaa0-d491-4028-8bb9-25c4215260c7-groupManagement] INFO  server.RaftServerConfigKeys (ConfUtils.java:logGet(46)) - raft.server.log.purge.upto.snapshot.index = false (default)
2024-05-10 09:18:04,323 [7c62eaa0-d491-4028-8bb9-25c4215260c7@group-16361C22082A-FollowerState] INFO  server.RaftServerConfigKeys (ConfUtils.java:logFallback(53)) - raft.server.rpc.first-election.timeout.min = 5s (fallback to raft.server.rpc.timeout.min)
2024-05-10 09:18:04,323 [7c62eaa0-d491-4028-8bb9-25c4215260c7@group-16361C22082A-FollowerState] INFO  server.RaftServerConfigKeys (ConfUtils.java:logFallback(53)) - raft.server.rpc.first-election.timeout.max = 5200ms (fallback to raft.server.rpc.timeout.max)
2024-05-10 09:18:04,324 [7c62eaa0-d491-4028-8bb9-25c4215260c7-PipelineCommandHandlerThread-0] INFO  ratis.XceiverServerRatis (XceiverServerRatis.java:addGroup(864)) - Created group PipelineID=dcf6396f-50a7-4cc4-8cec-16361c22082a
2024-05-10 09:18:04,325 [e260e396-598b-44a7-8564-b51448915afe-groupManagement] INFO  server.RaftServer$Division (RaftServerImpl.java:start(396)) - e260e396-598b-44a7-8564-b51448915afe@group-0BB0747D8A84: start as a follower, conf=-1: peers:[e260e396-598b-44a7-8564-b51448915afe|127.0.0.1:15085]|listeners:[], old=null
2024-05-10 09:18:04,325 [e260e396-598b-44a7-8564-b51448915afe-groupManagement] INFO  server.RaftServer$Division (RaftServerImpl.java:setRole(383)) - e260e396-598b-44a7-8564-b51448915afe@group-0BB0747D8A84: changes role from      null to FOLLOWER at term 0 for startAsFollower
2024-05-10 09:18:04,325 [e260e396-598b-44a7-8564-b51448915afe-groupManagement] INFO  impl.RoleInfo (RoleInfo.java:updateAndGet(139)) - e260e396-598b-44a7-8564-b51448915afe: start e260e396-598b-44a7-8564-b51448915afe@group-0BB0747D8A84-FollowerState
2024-05-10 09:18:04,325 [e260e396-598b-44a7-8564-b51448915afe-groupManagement] INFO  util.JmxRegister (JmxRegister.java:tryRegister(44)) - Successfully registered JMX Bean with object name Ratis:service=RaftServer,group=group-0BB0747D8A84,id=e260e396-598b-44a7-8564-b51448915afe
2024-05-10 09:18:04,325 [e260e396-598b-44a7-8564-b51448915afe-groupManagement] INFO  server.RaftServerConfigKeys (ConfUtils.java:logGet(46)) - raft.server.snapshot.trigger-when-stop.enabled = true (default)
2024-05-10 09:18:04,325 [e260e396-598b-44a7-8564-b51448915afe-groupManagement] INFO  server.RaftServerConfigKeys (ConfUtils.java:logGet(46)) - raft.server.snapshot.auto.trigger.enabled = true (custom)
2024-05-10 09:18:04,325 [e260e396-598b-44a7-8564-b51448915afe-groupManagement] INFO  server.RaftServerConfigKeys (ConfUtils.java:logGet(46)) - raft.server.snapshot.auto.trigger.threshold = 10000 (custom)
2024-05-10 09:18:04,325 [e260e396-598b-44a7-8564-b51448915afe-groupManagement] INFO  server.RaftServerConfigKeys (ConfUtils.java:logGet(46)) - raft.server.snapshot.retention.file.num = 5 (custom)
2024-05-10 09:18:04,325 [e260e396-598b-44a7-8564-b51448915afe-groupManagement] INFO  server.RaftServerConfigKeys (ConfUtils.java:logGet(46)) - raft.server.log.purge.upto.snapshot.index = false (default)
2024-05-10 09:18:04,326 [e260e396-598b-44a7-8564-b51448915afe@group-0BB0747D8A84-FollowerState] INFO  server.RaftServerConfigKeys (ConfUtils.java:logFallback(53)) - raft.server.rpc.first-election.timeout.min = 5s (fallback to raft.server.rpc.timeout.min)
2024-05-10 09:18:04,327 [e260e396-598b-44a7-8564-b51448915afe@group-0BB0747D8A84-FollowerState] INFO  server.RaftServerConfigKeys (ConfUtils.java:logFallback(53)) - raft.server.rpc.first-election.timeout.max = 5200ms (fallback to raft.server.rpc.timeout.max)
2024-05-10 09:18:04,327 [e260e396-598b-44a7-8564-b51448915afe-PipelineCommandHandlerThread-0] INFO  ratis.XceiverServerRatis (XceiverServerRatis.java:addGroup(864)) - Created group PipelineID=9bca9582-3816-448c-8743-0bb0747d8a84
2024-05-10 09:18:04,327 [e260e396-598b-44a7-8564-b51448915afe-PipelineCommandHandlerThread-0] INFO  commandhandler.CreatePipelineCommandHandler (CreatePipelineCommandHandler.java:lambda$handle$2(124)) - Created Pipeline RATIS ONE PipelineID=9bca9582-3816-448c-8743-0bb0747d8a84.
2024-05-10 09:18:04,328 [e260e396-598b-44a7-8564-b51448915afe-PipelineCommandHandlerThread-0] INFO  server.RaftServer (RaftServerProxy.java:addNew(100)) - e260e396-598b-44a7-8564-b51448915afe: addNew group-16361C22082A:[7c62eaa0-d491-4028-8bb9-25c4215260c7|127.0.0.1:15067, e260e396-598b-44a7-8564-b51448915afe|127.0.0.1:15085, 7ab25875-5f77-45a1-9004-12eab6369d05|127.0.0.1:15076] returns group-16361C22082A:java.util.concurrent.CompletableFuture@acc165b[Not completed]
2024-05-10 09:18:04,328 [e260e396-598b-44a7-8564-b51448915afe-groupManagement] INFO  server.RaftServer$Division (RaftServerImpl.java:<init>(256)) - e260e396-598b-44a7-8564-b51448915afe: new RaftServerImpl for group-16361C22082A:[7c62eaa0-d491-4028-8bb9-25c4215260c7|127.0.0.1:15067, e260e396-598b-44a7-8564-b51448915afe|127.0.0.1:15085, 7ab25875-5f77-45a1-9004-12eab6369d05|127.0.0.1:15076] with ContainerStateMachine:uninitialized
2024-05-10 09:18:04,329 [e260e396-598b-44a7-8564-b51448915afe-groupManagement] INFO  server.RaftServerConfigKeys (ConfUtils.java:logGet(46)) - raft.server.rpc.timeout.min = 5s (custom)
2024-05-10 09:18:04,329 [e260e396-598b-44a7-8564-b51448915afe-groupManagement] INFO  server.RaftServerConfigKeys (ConfUtils.java:logGet(46)) - raft.server.rpc.timeout.max = 5200ms (custom)
2024-05-10 09:18:04,329 [e260e396-598b-44a7-8564-b51448915afe-groupManagement] INFO  server.RaftServerConfigKeys (ConfUtils.java:logGet(46)) - raft.server.rpc.sleep.time = 25ms (default)
2024-05-10 09:18:04,329 [e260e396-598b-44a7-8564-b51448915afe-groupManagement] INFO  server.RaftServerConfigKeys (ConfUtils.java:logGet(46)) - raft.server.rpc.slowness.timeout = 300000ms (custom)
2024-05-10 09:18:04,329 [e260e396-598b-44a7-8564-b51448915afe-groupManagement] INFO  server.RaftServerConfigKeys (ConfUtils.java:logGet(46)) - raft.server.leaderelection.leader.step-down.wait-time = 10s (default)
2024-05-10 09:18:04,329 [e260e396-598b-44a7-8564-b51448915afe-groupManagement] INFO  server.RaftServerConfigKeys (ConfUtils.java:logGet(46)) - raft.server.leaderelection.member.majority-add = false (default)
2024-05-10 09:18:04,329 [e260e396-598b-44a7-8564-b51448915afe-groupManagement] INFO  server.RaftServerConfigKeys (ConfUtils.java:logGet(46)) - raft.server.sleep.deviation.threshold = 300ms (default)
2024-05-10 09:18:04,329 [e260e396-598b-44a7-8564-b51448915afe-groupManagement] INFO  server.RaftServer$Division (ServerState.java:<init>(113)) - e260e396-598b-44a7-8564-b51448915afe@group-16361C22082A: ConfigurationManager, init=-1: peers:[7c62eaa0-d491-4028-8bb9-25c4215260c7|127.0.0.1:15067, e260e396-598b-44a7-8564-b51448915afe|127.0.0.1:15085, 7ab25875-5f77-45a1-9004-12eab6369d05|127.0.0.1:15076]|listeners:[], old=null, confs=<EMPTY_MAP>
2024-05-10 09:18:04,329 [e260e396-598b-44a7-8564-b51448915afe-groupManagement] INFO  server.RaftServerConfigKeys (ConfUtils.java:logGet(46)) - raft.server.notification.no-leader.timeout = 300000ms (custom)
2024-05-10 09:18:04,329 [e260e396-598b-44a7-8564-b51448915afe-groupManagement] INFO  server.RaftServerConfigKeys (ConfUtils.java:logGet(46)) - raft.server.read.timeout = 10s (default)
2024-05-10 09:18:04,329 [e260e396-598b-44a7-8564-b51448915afe-groupManagement] INFO  server.RaftServerConfigKeys (ConfUtils.java:logGet(46)) - raft.server.retrycache.expirytime = 600000ms (custom)
2024-05-10 09:18:04,329 [e260e396-598b-44a7-8564-b51448915afe-groupManagement] INFO  server.RaftServerConfigKeys (ConfUtils.java:logGet(46)) - raft.server.retrycache.statistics.expirytime = 100ms (default)
2024-05-10 09:18:04,329 [e260e396-598b-44a7-8564-b51448915afe-groupManagement] INFO  server.RaftServerConfigKeys (ConfUtils.java:logGet(46)) - raft.server.read.option = DEFAULT (default)
2024-05-10 09:18:04,329 [e260e396-598b-44a7-8564-b51448915afe-groupManagement] INFO  server.RaftServerConfigKeys (ConfUtils.java:logGet(46)) - raft.server.read.read-after-write-consistent.write-index-cache.expiry-time = 60s (default)
2024-05-10 09:18:04,332 [7ab25875-5f77-45a1-9004-12eab6369d05-groupManagement] INFO  server.RaftServer$Division (RaftServerImpl.java:start(396)) - 7ab25875-5f77-45a1-9004-12eab6369d05@group-16361C22082A: start as a follower, conf=-1: peers:[7c62eaa0-d491-4028-8bb9-25c4215260c7|127.0.0.1:15067, e260e396-598b-44a7-8564-b51448915afe|127.0.0.1:15085, 7ab25875-5f77-45a1-9004-12eab6369d05|127.0.0.1:15076]|listeners:[], old=null
2024-05-10 09:18:04,332 [7ab25875-5f77-45a1-9004-12eab6369d05-groupManagement] INFO  server.RaftServer$Division (RaftServerImpl.java:setRole(383)) - 7ab25875-5f77-45a1-9004-12eab6369d05@group-16361C22082A: changes role from      null to FOLLOWER at term 0 for startAsFollower
2024-05-10 09:18:04,332 [7ab25875-5f77-45a1-9004-12eab6369d05-groupManagement] INFO  impl.RoleInfo (RoleInfo.java:updateAndGet(139)) - 7ab25875-5f77-45a1-9004-12eab6369d05: start 7ab25875-5f77-45a1-9004-12eab6369d05@group-16361C22082A-FollowerState
2024-05-10 09:18:04,332 [e260e396-598b-44a7-8564-b51448915afe-groupManagement] INFO  server.RaftServerConfigKeys (ConfUtils.java:logGet(46)) - raft.server.rpc.request.timeout = 3000ms (default)
2024-05-10 09:18:04,333 [e260e396-598b-44a7-8564-b51448915afe-groupManagement] INFO  server.RaftServerConfigKeys (ConfUtils.java:logGet(46)) - raft.server.log.appender.install.snapshot.enabled = false (custom)
2024-05-10 09:18:04,333 [e260e396-598b-44a7-8564-b51448915afe-groupManagement] INFO  server.RaftServerConfigKeys (ConfUtils.java:logGet(46)) - raft.server.threadpool.server.cached = true (default)
2024-05-10 09:18:04,333 [e260e396-598b-44a7-8564-b51448915afe-groupManagement] INFO  server.RaftServerConfigKeys (ConfUtils.java:logGet(46)) - raft.server.threadpool.server.size = 0 (default)
2024-05-10 09:18:04,333 [e260e396-598b-44a7-8564-b51448915afe-groupManagement] INFO  server.RaftServerConfigKeys (ConfUtils.java:logGet(46)) - raft.server.threadpool.client.cached = true (default)
2024-05-10 09:18:04,334 [e260e396-598b-44a7-8564-b51448915afe-groupManagement] INFO  server.RaftServerConfigKeys (ConfUtils.java:logGet(46)) - raft.server.threadpool.client.size = 0 (default)
2024-05-10 09:18:04,334 [e260e396-598b-44a7-8564-b51448915afe-groupManagement] INFO  server.RaftServerConfigKeys (ConfUtils.java:logGet(46)) - raft.server.storage.free-space.min = 0MB (=0) (default)
2024-05-10 09:18:04,334 [e260e396-598b-44a7-8564-b51448915afe-groupManagement] INFO  server.RaftServerConfigKeys (ConfUtils.java:logGet(46)) - raft.server.log.corruption.policy = EXCEPTION (default)
2024-05-10 09:18:04,334 [e260e396-598b-44a7-8564-b51448915afe-groupManagement] INFO  server.RaftServerConfigKeys (ConfUtils.java:logGet(46)) - raft.server.storage.dir = [/home/runner/work/ozone/ozone/hadoop-ozone/integration-test/target/test-dir/MiniOzoneClusterImpl-5c48b7ff-bfdb-407d-b2cb-68403445a4a3/ozone-meta/datanode-3/ratis] (custom)
2024-05-10 09:18:04,334 [7ab25875-5f77-45a1-9004-12eab6369d05-groupManagement] INFO  util.JmxRegister (JmxRegister.java:tryRegister(44)) - Successfully registered JMX Bean with object name Ratis:service=RaftServer,group=group-16361C22082A,id=7ab25875-5f77-45a1-9004-12eab6369d05
2024-05-10 09:18:04,334 [7ab25875-5f77-45a1-9004-12eab6369d05-groupManagement] INFO  server.RaftServerConfigKeys (ConfUtils.java:logGet(46)) - raft.server.snapshot.trigger-when-stop.enabled = true (default)
2024-05-10 09:18:04,334 [7ab25875-5f77-45a1-9004-12eab6369d05-groupManagement] INFO  server.RaftServerConfigKeys (ConfUtils.java:logGet(46)) - raft.server.snapshot.auto.trigger.enabled = true (custom)
2024-05-10 09:18:04,334 [e260e396-598b-44a7-8564-b51448915afe-groupManagement] INFO  storage.RaftStorageDirectory (RaftStorageDirectoryImpl.java:analyzeStorage(138)) - The storage directory /home/runner/work/ozone/ozone/hadoop-ozone/integration-test/target/test-dir/MiniOzoneClusterImpl-5c48b7ff-bfdb-407d-b2cb-68403445a4a3/ozone-meta/datanode-3/ratis/dcf6396f-50a7-4cc4-8cec-16361c22082a does not exist. Creating ...
2024-05-10 09:18:04,335 [7ab25875-5f77-45a1-9004-12eab6369d05-groupManagement] INFO  server.RaftServerConfigKeys (ConfUtils.java:logGet(46)) - raft.server.snapshot.auto.trigger.threshold = 10000 (custom)
2024-05-10 09:18:04,335 [7ab25875-5f77-45a1-9004-12eab6369d05-groupManagement] INFO  server.RaftServerConfigKeys (ConfUtils.java:logGet(46)) - raft.server.snapshot.retention.file.num = 5 (custom)
2024-05-10 09:18:04,335 [7ab25875-5f77-45a1-9004-12eab6369d05-groupManagement] INFO  server.RaftServerConfigKeys (ConfUtils.java:logGet(46)) - raft.server.log.purge.upto.snapshot.index = false (default)
2024-05-10 09:18:04,335 [7ab25875-5f77-45a1-9004-12eab6369d05@group-16361C22082A-FollowerState] INFO  server.RaftServerConfigKeys (ConfUtils.java:logFallback(53)) - raft.server.rpc.first-election.timeout.min = 5s (fallback to raft.server.rpc.timeout.min)
2024-05-10 09:18:04,335 [7ab25875-5f77-45a1-9004-12eab6369d05@group-16361C22082A-FollowerState] INFO  server.RaftServerConfigKeys (ConfUtils.java:logFallback(53)) - raft.server.rpc.first-election.timeout.max = 5200ms (fallback to raft.server.rpc.timeout.max)
2024-05-10 09:18:04,336 [e260e396-598b-44a7-8564-b51448915afe-groupManagement] INFO  storage.RaftStorageDirectory (RaftStorageDirectoryImpl.java:tryLock(228)) - Lock on /home/runner/work/ozone/ozone/hadoop-ozone/integration-test/target/test-dir/MiniOzoneClusterImpl-5c48b7ff-bfdb-407d-b2cb-68403445a4a3/ozone-meta/datanode-3/ratis/dcf6396f-50a7-4cc4-8cec-16361c22082a/in_use.lock acquired by nodename 51923@fv-az983-686
2024-05-10 09:18:04,337 [e260e396-598b-44a7-8564-b51448915afe-groupManagement] INFO  storage.RaftStorage (RaftStorageImpl.java:format(99)) - Storage directory /home/runner/work/ozone/ozone/hadoop-ozone/integration-test/target/test-dir/MiniOzoneClusterImpl-5c48b7ff-bfdb-407d-b2cb-68403445a4a3/ozone-meta/datanode-3/ratis/dcf6396f-50a7-4cc4-8cec-16361c22082a has been successfully formatted.
2024-05-10 09:18:04,337 [e260e396-598b-44a7-8564-b51448915afe-groupManagement] WARN  util.FileUtils (LogUtils.java:supplyAndLog(63)) - Failed to Files.newInputStream /home/runner/work/ozone/ozone/hadoop-ozone/integration-test/target/test-dir/MiniOzoneClusterImpl-5c48b7ff-bfdb-407d-b2cb-68403445a4a3/ozone-meta/datanode-3/ratis/dcf6396f-50a7-4cc4-8cec-16361c22082a/current/raft-meta.conf with options []: java.nio.file.NoSuchFileException: /home/runner/work/ozone/ozone/hadoop-ozone/integration-test/target/test-dir/MiniOzoneClusterImpl-5c48b7ff-bfdb-407d-b2cb-68403445a4a3/ozone-meta/datanode-3/ratis/dcf6396f-50a7-4cc4-8cec-16361c22082a/current/raft-meta.conf
2024-05-10 09:18:04,339 [e260e396-598b-44a7-8564-b51448915afe-groupManagement] INFO  ratis.ContainerStateMachine (ContainerStateMachine.java:loadSnapshot(287)) - group-16361C22082A: The snapshot info is null. Setting the last applied index to:(t:0, i:~)
2024-05-10 09:18:04,339 [e260e396-598b-44a7-8564-b51448915afe-groupManagement] INFO  server.RaftServerConfigKeys (ConfUtils.java:logGet(46)) - raft.server.log.use.memory = false (default)
2024-05-10 09:18:04,339 [e260e396-598b-44a7-8564-b51448915afe-groupManagement] INFO  server.RaftServerConfigKeys (ConfUtils.java:logGet(46)) - raft.server.log.purge.gap = 1000000 (custom)
2024-05-10 09:18:04,339 [e260e396-598b-44a7-8564-b51448915afe-groupManagement] INFO  server.RaftServerConfigKeys (ConfUtils.java:logGet(46)) - raft.server.log.appender.buffer.byte-limit = 8388608 (custom)
2024-05-10 09:18:04,339 [e260e396-598b-44a7-8564-b51448915afe-groupManagement] INFO  server.RaftServerConfigKeys (ConfUtils.java:logGet(46)) - raft.server.log.statemachine.data.read.timeout = 1000ms (default)
2024-05-10 09:18:04,339 [e260e396-598b-44a7-8564-b51448915afe-groupManagement] INFO  server.RaftServerConfigKeys (ConfUtils.java:logGet(46)) - raft.server.log.purge.preservation.log.num = 0 (default)
2024-05-10 09:18:04,340 [EventQueue-OpenPipelineForHealthyPipelineSafeModeRule] INFO  safemode.SCMSafeModeManager (HealthyPipelineSafeModeRule.java:process(140)) - SCM in safe mode. Healthy pipelines reported count is 0, required healthy pipeline reported count is 1
2024-05-10 09:18:04,340 [e260e396-598b-44a7-8564-b51448915afe-groupManagement] INFO  server.RaftServerConfigKeys (ConfUtils.java:logGet(46)) - raft.server.log.segment.size.max = 67108864 (custom)
2024-05-10 09:18:04,341 [7ab25875-5f77-45a1-9004-12eab6369d05-PipelineCommandHandlerThread-0] INFO  ratis.XceiverServerRatis (XceiverServerRatis.java:addGroup(864)) - Created group PipelineID=dcf6396f-50a7-4cc4-8cec-16361c22082a
2024-05-10 09:18:04,345 [e260e396-598b-44a7-8564-b51448915afe-groupManagement] INFO  server.RaftServerConfigKeys (ConfUtils.java:logGet(46)) - raft.server.log.segment.cache.num.max = 2 (custom)
2024-05-10 09:18:04,345 [e260e396-598b-44a7-8564-b51448915afe-groupManagement] INFO  server.RaftServerConfigKeys (ConfUtils.java:logGet(46)) - raft.server.log.segment.cache.size.max = 200MB (=209715200) (default)
2024-05-10 09:18:04,345 [e260e396-598b-44a7-8564-b51448915afe-groupManagement] INFO  server.RaftServerConfigKeys (ConfUtils.java:logGet(46)) - raft.server.log.appender.buffer.byte-limit = 8388608 (custom)
2024-05-10 09:18:04,358 [e260e396-598b-44a7-8564-b51448915afe-groupManagement] INFO  util.AwaitToRun (AwaitToRun.java:start(81)) - Thread[e260e396-598b-44a7-8564-b51448915afe@group-16361C22082A-cacheEviction-AwaitToRun,5,main] started
2024-05-10 09:18:04,358 [e260e396-598b-44a7-8564-b51448915afe-groupManagement] INFO  segmented.SegmentedRaftLogWorker (SegmentedRaftLogWorker.java:<init>(182)) - new e260e396-598b-44a7-8564-b51448915afe@group-16361C22082A-SegmentedRaftLogWorker for RaftStorageImpl:Storage Directory /home/runner/work/ozone/ozone/hadoop-ozone/integration-test/target/test-dir/MiniOzoneClusterImpl-5c48b7ff-bfdb-407d-b2cb-68403445a4a3/ozone-meta/datanode-3/ratis/dcf6396f-50a7-4cc4-8cec-16361c22082a
2024-05-10 09:18:04,358 [e260e396-598b-44a7-8564-b51448915afe-groupManagement] INFO  server.RaftServerConfigKeys (ConfUtils.java:logGet(46)) - raft.server.log.queue.byte-limit = 4294967296 (custom)
2024-05-10 09:18:04,358 [e260e396-598b-44a7-8564-b51448915afe-groupManagement] INFO  server.RaftServerConfigKeys (ConfUtils.java:logGet(46)) - raft.server.log.queue.element-limit = 1024 (custom)
2024-05-10 09:18:04,359 [e260e396-598b-44a7-8564-b51448915afe-groupManagement] INFO  server.RaftServerConfigKeys (ConfUtils.java:logGet(46)) - raft.server.log.segment.size.max = 67108864 (custom)
2024-05-10 09:18:04,359 [e260e396-598b-44a7-8564-b51448915afe-groupManagement] INFO  server.RaftServerConfigKeys (ConfUtils.java:logGet(46)) - raft.server.log.preallocated.size = 4194304 (custom)
2024-05-10 09:18:04,359 [e260e396-598b-44a7-8564-b51448915afe-groupManagement] INFO  server.RaftServerConfigKeys (ConfUtils.java:logGet(46)) - raft.server.log.force.sync.num = 128 (default)
2024-05-10 09:18:04,359 [e260e396-598b-44a7-8564-b51448915afe-groupManagement] INFO  server.RaftServerConfigKeys (ConfUtils.java:logGet(46)) - raft.server.log.statemachine.data.sync = true (default)
2024-05-10 09:18:04,359 [e260e396-598b-44a7-8564-b51448915afe-groupManagement] INFO  server.RaftServerConfigKeys (ConfUtils.java:logGet(46)) - raft.server.log.statemachine.data.sync.timeout = 10s (default)
2024-05-10 09:18:04,359 [e260e396-598b-44a7-8564-b51448915afe-groupManagement] INFO  server.RaftServerConfigKeys (ConfUtils.java:logGet(46)) - raft.server.log.statemachine.data.sync.timeout.retry = 30 (custom)
2024-05-10 09:18:04,359 [e260e396-598b-44a7-8564-b51448915afe-groupManagement] INFO  server.RaftServerConfigKeys (ConfUtils.java:logGet(46)) - raft.server.log.write.buffer.size = 8388616 (custom)
2024-05-10 09:18:04,361 [e260e396-598b-44a7-8564-b51448915afe-groupManagement] INFO  server.RaftServerConfigKeys (ConfUtils.java:logGet(46)) - raft.server.log.appender.buffer.byte-limit = 8388608 (custom)
2024-05-10 09:18:04,361 [e260e396-598b-44a7-8564-b51448915afe-groupManagement] INFO  server.RaftServerConfigKeys (ConfUtils.java:logGet(46)) - raft.server.log.unsafe-flush.enabled = false (default)
2024-05-10 09:18:04,361 [e260e396-598b-44a7-8564-b51448915afe-groupManagement] INFO  server.RaftServerConfigKeys (ConfUtils.java:logGet(46)) - raft.server.log.async-flush.enabled = false (default)
2024-05-10 09:18:04,361 [e260e396-598b-44a7-8564-b51448915afe-groupManagement] INFO  server.RaftServerConfigKeys (ConfUtils.java:logGet(46)) - raft.server.log.statemachine.data.caching.enabled = true (custom)
2024-05-10 09:18:04,361 [e260e396-598b-44a7-8564-b51448915afe-groupManagement] INFO  segmented.SegmentedRaftLogWorker (SegmentedRaftLogWorker.java:lambda$new$0(134)) - e260e396-598b-44a7-8564-b51448915afe@group-16361C22082A-SegmentedRaftLogWorker: flushIndex: setUnconditionally 0 -> -1
2024-05-10 09:18:04,361 [e260e396-598b-44a7-8564-b51448915afe-groupManagement] INFO  segmented.SegmentedRaftLogWorker (SegmentedRaftLogWorker.java:lambda$new$0(134)) - e260e396-598b-44a7-8564-b51448915afe@group-16361C22082A-SegmentedRaftLogWorker: safeCacheEvictIndex: setUnconditionally 0 -> -1
2024-05-10 09:18:04,370 [e260e396-598b-44a7-8564-b51448915afe-groupManagement] INFO  server.RaftServer$Division (RaftServerImpl.java:start(396)) - e260e396-598b-44a7-8564-b51448915afe@group-16361C22082A: start as a follower, conf=-1: peers:[7c62eaa0-d491-4028-8bb9-25c4215260c7|127.0.0.1:15067, e260e396-598b-44a7-8564-b51448915afe|127.0.0.1:15085, 7ab25875-5f77-45a1-9004-12eab6369d05|127.0.0.1:15076]|listeners:[], old=null
2024-05-10 09:18:04,371 [e260e396-598b-44a7-8564-b51448915afe-groupManagement] INFO  server.RaftServer$Division (RaftServerImpl.java:setRole(383)) - e260e396-598b-44a7-8564-b51448915afe@group-16361C22082A: changes role from      null to FOLLOWER at term 0 for startAsFollower
2024-05-10 09:18:04,371 [e260e396-598b-44a7-8564-b51448915afe-groupManagement] INFO  impl.RoleInfo (RoleInfo.java:updateAndGet(139)) - e260e396-598b-44a7-8564-b51448915afe: start e260e396-598b-44a7-8564-b51448915afe@group-16361C22082A-FollowerState
2024-05-10 09:18:04,372 [e260e396-598b-44a7-8564-b51448915afe-groupManagement] INFO  util.JmxRegister (JmxRegister.java:tryRegister(44)) - Successfully registered JMX Bean with object name Ratis:service=RaftServer,group=group-16361C22082A,id=e260e396-598b-44a7-8564-b51448915afe
2024-05-10 09:18:04,372 [e260e396-598b-44a7-8564-b51448915afe-groupManagement] INFO  server.RaftServerConfigKeys (ConfUtils.java:logGet(46)) - raft.server.snapshot.trigger-when-stop.enabled = true (default)
2024-05-10 09:18:04,372 [e260e396-598b-44a7-8564-b51448915afe-groupManagement] INFO  server.RaftServerConfigKeys (ConfUtils.java:logGet(46)) - raft.server.snapshot.auto.trigger.enabled = true (custom)
2024-05-10 09:18:04,372 [e260e396-598b-44a7-8564-b51448915afe-groupManagement] INFO  server.RaftServerConfigKeys (ConfUtils.java:logGet(46)) - raft.server.snapshot.auto.trigger.threshold = 10000 (custom)
2024-05-10 09:18:04,372 [e260e396-598b-44a7-8564-b51448915afe-groupManagement] INFO  server.RaftServerConfigKeys (ConfUtils.java:logGet(46)) - raft.server.snapshot.retention.file.num = 5 (custom)
2024-05-10 09:18:04,372 [e260e396-598b-44a7-8564-b51448915afe-groupManagement] INFO  server.RaftServerConfigKeys (ConfUtils.java:logGet(46)) - raft.server.log.purge.upto.snapshot.index = false (default)
2024-05-10 09:18:04,373 [e260e396-598b-44a7-8564-b51448915afe@group-16361C22082A-FollowerState] INFO  server.RaftServerConfigKeys (ConfUtils.java:logFallback(53)) - raft.server.rpc.first-election.timeout.min = 5s (fallback to raft.server.rpc.timeout.min)
2024-05-10 09:18:04,373 [e260e396-598b-44a7-8564-b51448915afe@group-16361C22082A-FollowerState] INFO  server.RaftServerConfigKeys (ConfUtils.java:logFallback(53)) - raft.server.rpc.first-election.timeout.max = 5200ms (fallback to raft.server.rpc.timeout.max)
2024-05-10 09:18:04,374 [231fae4b-c133-4321-9160-5f63c50cd117-PipelineCommandHandlerThread-0] INFO  server.RaftServer (RaftServerProxy.java:addNew(100)) - 231fae4b-c133-4321-9160-5f63c50cd117: addNew group-791040653F6E:[231fae4b-c133-4321-9160-5f63c50cd117|127.0.0.1:15094] returns group-791040653F6E:java.util.concurrent.CompletableFuture@94c582[Not completed]
2024-05-10 09:18:04,375 [231fae4b-c133-4321-9160-5f63c50cd117-groupManagement] INFO  server.RaftServer$Division (RaftServerImpl.java:<init>(256)) - 231fae4b-c133-4321-9160-5f63c50cd117: new RaftServerImpl for group-791040653F6E:[231fae4b-c133-4321-9160-5f63c50cd117|127.0.0.1:15094] with ContainerStateMachine:uninitialized
2024-05-10 09:18:04,376 [231fae4b-c133-4321-9160-5f63c50cd117-groupManagement] INFO  server.RaftServerConfigKeys (ConfUtils.java:logGet(46)) - raft.server.rpc.timeout.min = 5s (custom)
2024-05-10 09:18:04,376 [231fae4b-c133-4321-9160-5f63c50cd117-groupManagement] INFO  server.RaftServerConfigKeys (ConfUtils.java:logGet(46)) - raft.server.rpc.timeout.max = 5200ms (custom)
2024-05-10 09:18:04,376 [231fae4b-c133-4321-9160-5f63c50cd117-groupManagement] INFO  server.RaftServerConfigKeys (ConfUtils.java:logGet(46)) - raft.server.rpc.sleep.time = 25ms (default)
2024-05-10 09:18:04,376 [231fae4b-c133-4321-9160-5f63c50cd117-groupManagement] INFO  server.RaftServerConfigKeys (ConfUtils.java:logGet(46)) - raft.server.rpc.slowness.timeout = 300000ms (custom)
2024-05-10 09:18:04,377 [231fae4b-c133-4321-9160-5f63c50cd117-groupManagement] INFO  server.RaftServerConfigKeys (ConfUtils.java:logGet(46)) - raft.server.leaderelection.leader.step-down.wait-time = 10s (default)
2024-05-10 09:18:04,377 [231fae4b-c133-4321-9160-5f63c50cd117-groupManagement] INFO  server.RaftServerConfigKeys (ConfUtils.java:logGet(46)) - raft.server.leaderelection.member.majority-add = false (default)
2024-05-10 09:18:04,377 [231fae4b-c133-4321-9160-5f63c50cd117-groupManagement] INFO  server.RaftServerConfigKeys (ConfUtils.java:logGet(46)) - raft.server.sleep.deviation.threshold = 300ms (default)
2024-05-10 09:18:04,378 [231fae4b-c133-4321-9160-5f63c50cd117-groupManagement] INFO  server.RaftServer$Division (ServerState.java:<init>(113)) - 231fae4b-c133-4321-9160-5f63c50cd117@group-791040653F6E: ConfigurationManager, init=-1: peers:[231fae4b-c133-4321-9160-5f63c50cd117|127.0.0.1:15094]|listeners:[], old=null, confs=<EMPTY_MAP>
2024-05-10 09:18:04,378 [231fae4b-c133-4321-9160-5f63c50cd117-groupManagement] INFO  server.RaftServerConfigKeys (ConfUtils.java:logGet(46)) - raft.server.notification.no-leader.timeout = 300000ms (custom)
2024-05-10 09:18:04,378 [231fae4b-c133-4321-9160-5f63c50cd117-groupManagement] INFO  server.RaftServerConfigKeys (ConfUtils.java:logGet(46)) - raft.server.read.timeout = 10s (default)
2024-05-10 09:18:04,379 [231fae4b-c133-4321-9160-5f63c50cd117-groupManagement] INFO  server.RaftServerConfigKeys (ConfUtils.java:logGet(46)) - raft.server.retrycache.expirytime = 600000ms (custom)
2024-05-10 09:18:04,379 [231fae4b-c133-4321-9160-5f63c50cd117-groupManagement] INFO  server.RaftServerConfigKeys (ConfUtils.java:logGet(46)) - raft.server.retrycache.statistics.expirytime = 100ms (default)
2024-05-10 09:18:04,379 [231fae4b-c133-4321-9160-5f63c50cd117-groupManagement] INFO  server.RaftServerConfigKeys (ConfUtils.java:logGet(46)) - raft.server.read.option = DEFAULT (default)
2024-05-10 09:18:04,379 [231fae4b-c133-4321-9160-5f63c50cd117-groupManagement] INFO  server.RaftServerConfigKeys (ConfUtils.java:logGet(46)) - raft.server.read.read-after-write-consistent.write-index-cache.expiry-time = 60s (default)
2024-05-10 09:18:04,382 [231fae4b-c133-4321-9160-5f63c50cd117-groupManagement] INFO  server.RaftServerConfigKeys (ConfUtils.java:logGet(46)) - raft.server.rpc.request.timeout = 3000ms (default)
2024-05-10 09:18:04,382 [231fae4b-c133-4321-9160-5f63c50cd117-groupManagement] INFO  server.RaftServerConfigKeys (ConfUtils.java:logGet(46)) - raft.server.log.appender.install.snapshot.enabled = false (custom)
2024-05-10 09:18:04,382 [231fae4b-c133-4321-9160-5f63c50cd117-groupManagement] INFO  server.RaftServerConfigKeys (ConfUtils.java:logGet(46)) - raft.server.threadpool.server.cached = true (default)
2024-05-10 09:18:04,383 [231fae4b-c133-4321-9160-5f63c50cd117-groupManagement] INFO  server.RaftServerConfigKeys (ConfUtils.java:logGet(46)) - raft.server.threadpool.server.size = 0 (default)
2024-05-10 09:18:04,383 [231fae4b-c133-4321-9160-5f63c50cd117-groupManagement] INFO  server.RaftServerConfigKeys (ConfUtils.java:logGet(46)) - raft.server.threadpool.client.cached = true (default)
2024-05-10 09:18:04,383 [231fae4b-c133-4321-9160-5f63c50cd117-groupManagement] INFO  server.RaftServerConfigKeys (ConfUtils.java:logGet(46)) - raft.server.threadpool.client.size = 0 (default)
2024-05-10 09:18:04,383 [231fae4b-c133-4321-9160-5f63c50cd117-groupManagement] INFO  server.RaftServerConfigKeys (ConfUtils.java:logGet(46)) - raft.server.storage.free-space.min = 0MB (=0) (default)
2024-05-10 09:18:04,384 [231fae4b-c133-4321-9160-5f63c50cd117-groupManagement] INFO  server.RaftServerConfigKeys (ConfUtils.java:logGet(46)) - raft.server.log.corruption.policy = EXCEPTION (default)
2024-05-10 09:18:04,384 [231fae4b-c133-4321-9160-5f63c50cd117-groupManagement] INFO  server.RaftServerConfigKeys (ConfUtils.java:logGet(46)) - raft.server.storage.dir = [/home/runner/work/ozone/ozone/hadoop-ozone/integration-test/target/test-dir/MiniOzoneClusterImpl-5c48b7ff-bfdb-407d-b2cb-68403445a4a3/ozone-meta/datanode-4/ratis] (custom)
2024-05-10 09:18:04,385 [231fae4b-c133-4321-9160-5f63c50cd117-groupManagement] INFO  storage.RaftStorageDirectory (RaftStorageDirectoryImpl.java:analyzeStorage(138)) - The storage directory /home/runner/work/ozone/ozone/hadoop-ozone/integration-test/target/test-dir/MiniOzoneClusterImpl-5c48b7ff-bfdb-407d-b2cb-68403445a4a3/ozone-meta/datanode-4/ratis/acda9b2a-3de6-4af8-b716-791040653f6e does not exist. Creating ...
2024-05-10 09:18:04,386 [e260e396-598b-44a7-8564-b51448915afe-PipelineCommandHandlerThread-0] INFO  ratis.XceiverServerRatis (XceiverServerRatis.java:addGroup(864)) - Created group PipelineID=dcf6396f-50a7-4cc4-8cec-16361c22082a
2024-05-10 09:18:04,386 [231fae4b-c133-4321-9160-5f63c50cd117-groupManagement] INFO  storage.RaftStorageDirectory (RaftStorageDirectoryImpl.java:tryLock(228)) - Lock on /home/runner/work/ozone/ozone/hadoop-ozone/integration-test/target/test-dir/MiniOzoneClusterImpl-5c48b7ff-bfdb-407d-b2cb-68403445a4a3/ozone-meta/datanode-4/ratis/acda9b2a-3de6-4af8-b716-791040653f6e/in_use.lock acquired by nodename 51923@fv-az983-686
2024-05-10 09:18:04,388 [7c62eaa0-d491-4028-8bb9-25c4215260c7-PipelineCommandHandlerThread-0] INFO  commandhandler.CreatePipelineCommandHandler (CreatePipelineCommandHandler.java:lambda$handle$2(124)) - Created Pipeline RATIS THREE PipelineID=dcf6396f-50a7-4cc4-8cec-16361c22082a.
2024-05-10 09:18:04,388 [231fae4b-c133-4321-9160-5f63c50cd117-groupManagement] INFO  storage.RaftStorage (RaftStorageImpl.java:format(99)) - Storage directory /home/runner/work/ozone/ozone/hadoop-ozone/integration-test/target/test-dir/MiniOzoneClusterImpl-5c48b7ff-bfdb-407d-b2cb-68403445a4a3/ozone-meta/datanode-4/ratis/acda9b2a-3de6-4af8-b716-791040653f6e has been successfully formatted.
2024-05-10 09:18:04,389 [231fae4b-c133-4321-9160-5f63c50cd117-groupManagement] WARN  util.FileUtils (LogUtils.java:supplyAndLog(63)) - Failed to Files.newInputStream /home/runner/work/ozone/ozone/hadoop-ozone/integration-test/target/test-dir/MiniOzoneClusterImpl-5c48b7ff-bfdb-407d-b2cb-68403445a4a3/ozone-meta/datanode-4/ratis/acda9b2a-3de6-4af8-b716-791040653f6e/current/raft-meta.conf with options []: java.nio.file.NoSuchFileException: /home/runner/work/ozone/ozone/hadoop-ozone/integration-test/target/test-dir/MiniOzoneClusterImpl-5c48b7ff-bfdb-407d-b2cb-68403445a4a3/ozone-meta/datanode-4/ratis/acda9b2a-3de6-4af8-b716-791040653f6e/current/raft-meta.conf
2024-05-10 09:18:04,390 [231fae4b-c133-4321-9160-5f63c50cd117-groupManagement] INFO  ratis.ContainerStateMachine (ContainerStateMachine.java:loadSnapshot(287)) - group-791040653F6E: The snapshot info is null. Setting the last applied index to:(t:0, i:~)
2024-05-10 09:18:04,390 [231fae4b-c133-4321-9160-5f63c50cd117-groupManagement] INFO  server.RaftServerConfigKeys (ConfUtils.java:logGet(46)) - raft.server.log.use.memory = false (default)
2024-05-10 09:18:04,390 [231fae4b-c133-4321-9160-5f63c50cd117-groupManagement] INFO  server.RaftServerConfigKeys (ConfUtils.java:logGet(46)) - raft.server.log.purge.gap = 1000000 (custom)
2024-05-10 09:18:04,390 [231fae4b-c133-4321-9160-5f63c50cd117-groupManagement] INFO  server.RaftServerConfigKeys (ConfUtils.java:logGet(46)) - raft.server.log.appender.buffer.byte-limit = 8388608 (custom)
2024-05-10 09:18:04,390 [231fae4b-c133-4321-9160-5f63c50cd117-groupManagement] INFO  server.RaftServerConfigKeys (ConfUtils.java:logGet(46)) - raft.server.log.statemachine.data.read.timeout = 1000ms (default)
2024-05-10 09:18:04,390 [231fae4b-c133-4321-9160-5f63c50cd117-groupManagement] INFO  server.RaftServerConfigKeys (ConfUtils.java:logGet(46)) - raft.server.log.purge.preservation.log.num = 0 (default)
2024-05-10 09:18:04,391 [231fae4b-c133-4321-9160-5f63c50cd117-groupManagement] INFO  server.RaftServerConfigKeys (ConfUtils.java:logGet(46)) - raft.server.log.segment.size.max = 67108864 (custom)
2024-05-10 09:18:04,392 [EventQueue-PipelineReportForPipelineReportHandler] INFO  pipeline.PipelineReportHandler (PipelineReportHandler.java:processPipelineReport(136)) - Opened pipeline PipelineID=acda9b2a-3de6-4af8-b716-791040653f6e
2024-05-10 09:18:04,392 [EventQueue-OpenPipelineForHealthyPipelineSafeModeRule] INFO  safemode.SCMSafeModeManager (HealthyPipelineSafeModeRule.java:process(140)) - SCM in safe mode. Healthy pipelines reported count is 0, required healthy pipeline reported count is 1
2024-05-10 09:18:04,392 [231fae4b-c133-4321-9160-5f63c50cd117-groupManagement] INFO  server.RaftServerConfigKeys (ConfUtils.java:logGet(46)) - raft.server.log.segment.cache.num.max = 2 (custom)
2024-05-10 09:18:04,392 [231fae4b-c133-4321-9160-5f63c50cd117-groupManagement] INFO  server.RaftServerConfigKeys (ConfUtils.java:logGet(46)) - raft.server.log.segment.cache.size.max = 200MB (=209715200) (default)
2024-05-10 09:18:04,392 [231fae4b-c133-4321-9160-5f63c50cd117-groupManagement] INFO  server.RaftServerConfigKeys (ConfUtils.java:logGet(46)) - raft.server.log.appender.buffer.byte-limit = 8388608 (custom)
2024-05-10 09:18:04,400 [7ab25875-5f77-45a1-9004-12eab6369d05-PipelineCommandHandlerThread-0] INFO  commandhandler.CreatePipelineCommandHandler (CreatePipelineCommandHandler.java:lambda$handle$2(124)) - Created Pipeline RATIS THREE PipelineID=dcf6396f-50a7-4cc4-8cec-16361c22082a.
2024-05-10 09:18:04,403 [231fae4b-c133-4321-9160-5f63c50cd117-groupManagement] INFO  util.AwaitToRun (AwaitToRun.java:start(81)) - Thread[231fae4b-c133-4321-9160-5f63c50cd117@group-791040653F6E-cacheEviction-AwaitToRun,5,main] started
2024-05-10 09:18:04,403 [231fae4b-c133-4321-9160-5f63c50cd117-groupManagement] INFO  segmented.SegmentedRaftLogWorker (SegmentedRaftLogWorker.java:<init>(182)) - new 231fae4b-c133-4321-9160-5f63c50cd117@group-791040653F6E-SegmentedRaftLogWorker for RaftStorageImpl:Storage Directory /home/runner/work/ozone/ozone/hadoop-ozone/integration-test/target/test-dir/MiniOzoneClusterImpl-5c48b7ff-bfdb-407d-b2cb-68403445a4a3/ozone-meta/datanode-4/ratis/acda9b2a-3de6-4af8-b716-791040653f6e
2024-05-10 09:18:04,403 [231fae4b-c133-4321-9160-5f63c50cd117-groupManagement] INFO  server.RaftServerConfigKeys (ConfUtils.java:logGet(46)) - raft.server.log.queue.byte-limit = 4294967296 (custom)
2024-05-10 09:18:04,403 [231fae4b-c133-4321-9160-5f63c50cd117-groupManagement] INFO  server.RaftServerConfigKeys (ConfUtils.java:logGet(46)) - raft.server.log.queue.element-limit = 1024 (custom)
2024-05-10 09:18:04,403 [231fae4b-c133-4321-9160-5f63c50cd117-groupManagement] INFO  server.RaftServerConfigKeys (ConfUtils.java:logGet(46)) - raft.server.log.segment.size.max = 67108864 (custom)
2024-05-10 09:18:04,403 [231fae4b-c133-4321-9160-5f63c50cd117-groupManagement] INFO  server.RaftServerConfigKeys (ConfUtils.java:logGet(46)) - raft.server.log.preallocated.size = 4194304 (custom)
2024-05-10 09:18:04,403 [231fae4b-c133-4321-9160-5f63c50cd117-groupManagement] INFO  server.RaftServerConfigKeys (ConfUtils.java:logGet(46)) - raft.server.log.force.sync.num = 128 (default)
2024-05-10 09:18:04,403 [231fae4b-c133-4321-9160-5f63c50cd117-groupManagement] INFO  server.RaftServerConfigKeys (ConfUtils.java:logGet(46)) - raft.server.log.statemachine.data.sync = true (default)
2024-05-10 09:18:04,403 [231fae4b-c133-4321-9160-5f63c50cd117-groupManagement] INFO  server.RaftServerConfigKeys (ConfUtils.java:logGet(46)) - raft.server.log.statemachine.data.sync.timeout = 10s (default)
2024-05-10 09:18:04,403 [231fae4b-c133-4321-9160-5f63c50cd117-groupManagement] INFO  server.RaftServerConfigKeys (ConfUtils.java:logGet(46)) - raft.server.log.statemachine.data.sync.timeout.retry = 30 (custom)
2024-05-10 09:18:04,404 [231fae4b-c133-4321-9160-5f63c50cd117-groupManagement] INFO  server.RaftServerConfigKeys (ConfUtils.java:logGet(46)) - raft.server.log.write.buffer.size = 8388616 (custom)
2024-05-10 09:18:04,405 [231fae4b-c133-4321-9160-5f63c50cd117-groupManagement] INFO  server.RaftServerConfigKeys (ConfUtils.java:logGet(46)) - raft.server.log.appender.buffer.byte-limit = 8388608 (custom)
2024-05-10 09:18:04,405 [231fae4b-c133-4321-9160-5f63c50cd117-groupManagement] INFO  server.RaftServerConfigKeys (ConfUtils.java:logGet(46)) - raft.server.log.unsafe-flush.enabled = false (default)
2024-05-10 09:18:04,405 [231fae4b-c133-4321-9160-5f63c50cd117-groupManagement] INFO  server.RaftServerConfigKeys (ConfUtils.java:logGet(46)) - raft.server.log.async-flush.enabled = false (default)
2024-05-10 09:18:04,405 [231fae4b-c133-4321-9160-5f63c50cd117-groupManagement] INFO  server.RaftServerConfigKeys (ConfUtils.java:logGet(46)) - raft.server.log.statemachine.data.caching.enabled = true (custom)
2024-05-10 09:18:04,406 [231fae4b-c133-4321-9160-5f63c50cd117-groupManagement] INFO  segmented.SegmentedRaftLogWorker (SegmentedRaftLogWorker.java:lambda$new$0(134)) - 231fae4b-c133-4321-9160-5f63c50cd117@group-791040653F6E-SegmentedRaftLogWorker: flushIndex: setUnconditionally 0 -> -1
2024-05-10 09:18:04,406 [231fae4b-c133-4321-9160-5f63c50cd117-groupManagement] INFO  segmented.SegmentedRaftLogWorker (SegmentedRaftLogWorker.java:lambda$new$0(134)) - 231fae4b-c133-4321-9160-5f63c50cd117@group-791040653F6E-SegmentedRaftLogWorker: safeCacheEvictIndex: setUnconditionally 0 -> -1
2024-05-10 09:18:04,409 [231fae4b-c133-4321-9160-5f63c50cd117-groupManagement] INFO  server.RaftServer$Division (RaftServerImpl.java:start(396)) - 231fae4b-c133-4321-9160-5f63c50cd117@group-791040653F6E: start as a follower, conf=-1: peers:[231fae4b-c133-4321-9160-5f63c50cd117|127.0.0.1:15094]|listeners:[], old=null
2024-05-10 09:18:04,409 [231fae4b-c133-4321-9160-5f63c50cd117-groupManagement] INFO  server.RaftServer$Division (RaftServerImpl.java:setRole(383)) - 231fae4b-c133-4321-9160-5f63c50cd117@group-791040653F6E: changes role from      null to FOLLOWER at term 0 for startAsFollower
2024-05-10 09:18:04,409 [231fae4b-c133-4321-9160-5f63c50cd117-groupManagement] INFO  impl.RoleInfo (RoleInfo.java:updateAndGet(139)) - 231fae4b-c133-4321-9160-5f63c50cd117: start 231fae4b-c133-4321-9160-5f63c50cd117@group-791040653F6E-FollowerState
2024-05-10 09:18:04,412 [231fae4b-c133-4321-9160-5f63c50cd117-groupManagement] INFO  util.JmxRegister (JmxRegister.java:tryRegister(44)) - Successfully registered JMX Bean with object name Ratis:service=RaftServer,group=group-791040653F6E,id=231fae4b-c133-4321-9160-5f63c50cd117
2024-05-10 09:18:04,412 [231fae4b-c133-4321-9160-5f63c50cd117-groupManagement] INFO  server.RaftServerConfigKeys (ConfUtils.java:logGet(46)) - raft.server.snapshot.trigger-when-stop.enabled = true (default)
2024-05-10 09:18:04,412 [231fae4b-c133-4321-9160-5f63c50cd117-groupManagement] INFO  server.RaftServerConfigKeys (ConfUtils.java:logGet(46)) - raft.server.snapshot.auto.trigger.enabled = true (custom)
2024-05-10 09:18:04,412 [231fae4b-c133-4321-9160-5f63c50cd117-groupManagement] INFO  server.RaftServerConfigKeys (ConfUtils.java:logGet(46)) - raft.server.snapshot.auto.trigger.threshold = 10000 (custom)
2024-05-10 09:18:04,413 [231fae4b-c133-4321-9160-5f63c50cd117-groupManagement] INFO  server.RaftServerConfigKeys (ConfUtils.java:logGet(46)) - raft.server.snapshot.retention.file.num = 5 (custom)
2024-05-10 09:18:04,413 [231fae4b-c133-4321-9160-5f63c50cd117-groupManagement] INFO  server.RaftServerConfigKeys (ConfUtils.java:logGet(46)) - raft.server.log.purge.upto.snapshot.index = false (default)
2024-05-10 09:18:04,413 [231fae4b-c133-4321-9160-5f63c50cd117@group-791040653F6E-FollowerState] INFO  server.RaftServerConfigKeys (ConfUtils.java:logFallback(53)) - raft.server.rpc.first-election.timeout.min = 5s (fallback to raft.server.rpc.timeout.min)
2024-05-10 09:18:04,413 [231fae4b-c133-4321-9160-5f63c50cd117@group-791040653F6E-FollowerState] INFO  server.RaftServerConfigKeys (ConfUtils.java:logFallback(53)) - raft.server.rpc.first-election.timeout.max = 5200ms (fallback to raft.server.rpc.timeout.max)
2024-05-10 09:18:04,414 [231fae4b-c133-4321-9160-5f63c50cd117-PipelineCommandHandlerThread-0] INFO  ratis.XceiverServerRatis (XceiverServerRatis.java:addGroup(864)) - Created group PipelineID=acda9b2a-3de6-4af8-b716-791040653f6e
2024-05-10 09:18:04,414 [231fae4b-c133-4321-9160-5f63c50cd117-PipelineCommandHandlerThread-0] INFO  commandhandler.CreatePipelineCommandHandler (CreatePipelineCommandHandler.java:lambda$handle$2(124)) - Created Pipeline RATIS ONE PipelineID=acda9b2a-3de6-4af8-b716-791040653f6e.
2024-05-10 09:18:04,420 [e260e396-598b-44a7-8564-b51448915afe-PipelineCommandHandlerThread-0] INFO  commandhandler.CreatePipelineCommandHandler (CreatePipelineCommandHandler.java:lambda$handle$2(124)) - Created Pipeline RATIS THREE PipelineID=dcf6396f-50a7-4cc4-8cec-16361c22082a.
2024-05-10 09:18:04,422 [main] INFO  ozone.MiniOzoneClusterImpl (MiniOzoneClusterImpl.java:lambda$waitForClusterToBeReady$0(194)) - Nodes are ready. Got 5 of 5 DN Heartbeats.
2024-05-10 09:18:04,422 [main] INFO  ozone.MiniOzoneClusterImpl (MiniOzoneClusterImpl.java:lambda$waitForClusterToBeReady$0(197)) - Waiting for cluster to exit safe mode
2024-05-10 09:18:04,422 [main] INFO  ozone.MiniOzoneClusterImpl (MiniOzoneClusterImpl.java:lambda$waitForClusterToBeReady$0(199)) - SCM became leader
2024-05-10 09:18:04,431 [f8145005-1c64-450e-9575-8d23d50c4709-PipelineCommandHandlerThread-0] INFO  server.RaftServer (RaftServerProxy.java:addNew(100)) - f8145005-1c64-450e-9575-8d23d50c4709: addNew group-0A441CC6F3BC:[f8145005-1c64-450e-9575-8d23d50c4709|127.0.0.1:15103] returns group-0A441CC6F3BC:java.util.concurrent.CompletableFuture@49ce1e6c[Not completed]
2024-05-10 09:18:04,432 [f8145005-1c64-450e-9575-8d23d50c4709-groupManagement] INFO  server.RaftServer$Division (RaftServerImpl.java:<init>(256)) - f8145005-1c64-450e-9575-8d23d50c4709: new RaftServerImpl for group-0A441CC6F3BC:[f8145005-1c64-450e-9575-8d23d50c4709|127.0.0.1:15103] with ContainerStateMachine:uninitialized
2024-05-10 09:18:04,432 [f8145005-1c64-450e-9575-8d23d50c4709-groupManagement] INFO  server.RaftServerConfigKeys (ConfUtils.java:logGet(46)) - raft.server.rpc.timeout.min = 5s (custom)
2024-05-10 09:18:04,432 [f8145005-1c64-450e-9575-8d23d50c4709-groupManagement] INFO  server.RaftServerConfigKeys (ConfUtils.java:logGet(46)) - raft.server.rpc.timeout.max = 5200ms (custom)
2024-05-10 09:18:04,432 [f8145005-1c64-450e-9575-8d23d50c4709-groupManagement] INFO  server.RaftServerConfigKeys (ConfUtils.java:logGet(46)) - raft.server.rpc.sleep.time = 25ms (default)
2024-05-10 09:18:04,432 [f8145005-1c64-450e-9575-8d23d50c4709-groupManagement] INFO  server.RaftServerConfigKeys (ConfUtils.java:logGet(46)) - raft.server.rpc.slowness.timeout = 300000ms (custom)
2024-05-10 09:18:04,432 [f8145005-1c64-450e-9575-8d23d50c4709-groupManagement] INFO  server.RaftServerConfigKeys (ConfUtils.java:logGet(46)) - raft.server.leaderelection.leader.step-down.wait-time = 10s (default)
2024-05-10 09:18:04,432 [f8145005-1c64-450e-9575-8d23d50c4709-groupManagement] INFO  server.RaftServerConfigKeys (ConfUtils.java:logGet(46)) - raft.server.leaderelection.member.majority-add = false (default)
2024-05-10 09:18:04,433 [f8145005-1c64-450e-9575-8d23d50c4709-groupManagement] INFO  server.RaftServerConfigKeys (ConfUtils.java:logGet(46)) - raft.server.sleep.deviation.threshold = 300ms (default)
2024-05-10 09:18:04,433 [f8145005-1c64-450e-9575-8d23d50c4709-groupManagement] INFO  server.RaftServer$Division (ServerState.java:<init>(113)) - f8145005-1c64-450e-9575-8d23d50c4709@group-0A441CC6F3BC: ConfigurationManager, init=-1: peers:[f8145005-1c64-450e-9575-8d23d50c4709|127.0.0.1:15103]|listeners:[], old=null, confs=<EMPTY_MAP>
2024-05-10 09:18:04,433 [f8145005-1c64-450e-9575-8d23d50c4709-groupManagement] INFO  server.RaftServerConfigKeys (ConfUtils.java:logGet(46)) - raft.server.notification.no-leader.timeout = 300000ms (custom)
2024-05-10 09:18:04,433 [f8145005-1c64-450e-9575-8d23d50c4709-groupManagement] INFO  server.RaftServerConfigKeys (ConfUtils.java:logGet(46)) - raft.server.read.timeout = 10s (default)
2024-05-10 09:18:04,433 [f8145005-1c64-450e-9575-8d23d50c4709-groupManagement] INFO  server.RaftServerConfigKeys (ConfUtils.java:logGet(46)) - raft.server.retrycache.expirytime = 600000ms (custom)
2024-05-10 09:18:04,433 [f8145005-1c64-450e-9575-8d23d50c4709-groupManagement] INFO  server.RaftServerConfigKeys (ConfUtils.java:logGet(46)) - raft.server.retrycache.statistics.expirytime = 100ms (default)
2024-05-10 09:18:04,433 [f8145005-1c64-450e-9575-8d23d50c4709-groupManagement] INFO  server.RaftServerConfigKeys (ConfUtils.java:logGet(46)) - raft.server.read.option = DEFAULT (default)
2024-05-10 09:18:04,433 [f8145005-1c64-450e-9575-8d23d50c4709-groupManagement] INFO  server.RaftServerConfigKeys (ConfUtils.java:logGet(46)) - raft.server.read.read-after-write-consistent.write-index-cache.expiry-time = 60s (default)
2024-05-10 09:18:04,434 [f8145005-1c64-450e-9575-8d23d50c4709-groupManagement] INFO  server.RaftServerConfigKeys (ConfUtils.java:logGet(46)) - raft.server.rpc.request.timeout = 3000ms (default)
2024-05-10 09:18:04,434 [f8145005-1c64-450e-9575-8d23d50c4709-groupManagement] INFO  server.RaftServerConfigKeys (ConfUtils.java:logGet(46)) - raft.server.log.appender.install.snapshot.enabled = false (custom)
2024-05-10 09:18:04,434 [f8145005-1c64-450e-9575-8d23d50c4709-groupManagement] INFO  server.RaftServerConfigKeys (ConfUtils.java:logGet(46)) - raft.server.threadpool.server.cached = true (default)
2024-05-10 09:18:04,435 [f8145005-1c64-450e-9575-8d23d50c4709-groupManagement] INFO  server.RaftServerConfigKeys (ConfUtils.java:logGet(46)) - raft.server.threadpool.server.size = 0 (default)
2024-05-10 09:18:04,435 [f8145005-1c64-450e-9575-8d23d50c4709-groupManagement] INFO  server.RaftServerConfigKeys (ConfUtils.java:logGet(46)) - raft.server.threadpool.client.cached = true (default)
2024-05-10 09:18:04,435 [f8145005-1c64-450e-9575-8d23d50c4709-groupManagement] INFO  server.RaftServerConfigKeys (ConfUtils.java:logGet(46)) - raft.server.threadpool.client.size = 0 (default)
2024-05-10 09:18:04,435 [f8145005-1c64-450e-9575-8d23d50c4709-groupManagement] INFO  server.RaftServerConfigKeys (ConfUtils.java:logGet(46)) - raft.server.storage.free-space.min = 0MB (=0) (default)
2024-05-10 09:18:04,435 [f8145005-1c64-450e-9575-8d23d50c4709-groupManagement] INFO  server.RaftServerConfigKeys (ConfUtils.java:logGet(46)) - raft.server.log.corruption.policy = EXCEPTION (default)
2024-05-10 09:18:04,435 [f8145005-1c64-450e-9575-8d23d50c4709-groupManagement] INFO  server.RaftServerConfigKeys (ConfUtils.java:logGet(46)) - raft.server.storage.dir = [/home/runner/work/ozone/ozone/hadoop-ozone/integration-test/target/test-dir/MiniOzoneClusterImpl-5c48b7ff-bfdb-407d-b2cb-68403445a4a3/ozone-meta/datanode-5/ratis] (custom)
2024-05-10 09:18:04,435 [f8145005-1c64-450e-9575-8d23d50c4709-groupManagement] INFO  storage.RaftStorageDirectory (RaftStorageDirectoryImpl.java:analyzeStorage(138)) - The storage directory /home/runner/work/ozone/ozone/hadoop-ozone/integration-test/target/test-dir/MiniOzoneClusterImpl-5c48b7ff-bfdb-407d-b2cb-68403445a4a3/ozone-meta/datanode-5/ratis/03d7bcc0-132f-40b0-a147-0a441cc6f3bc does not exist. Creating ...
2024-05-10 09:18:04,437 [f8145005-1c64-450e-9575-8d23d50c4709-groupManagement] INFO  storage.RaftStorageDirectory (RaftStorageDirectoryImpl.java:tryLock(228)) - Lock on /home/runner/work/ozone/ozone/hadoop-ozone/integration-test/target/test-dir/MiniOzoneClusterImpl-5c48b7ff-bfdb-407d-b2cb-68403445a4a3/ozone-meta/datanode-5/ratis/03d7bcc0-132f-40b0-a147-0a441cc6f3bc/in_use.lock acquired by nodename 51923@fv-az983-686
2024-05-10 09:18:04,439 [f8145005-1c64-450e-9575-8d23d50c4709-groupManagement] INFO  storage.RaftStorage (RaftStorageImpl.java:format(99)) - Storage directory /home/runner/work/ozone/ozone/hadoop-ozone/integration-test/target/test-dir/MiniOzoneClusterImpl-5c48b7ff-bfdb-407d-b2cb-68403445a4a3/ozone-meta/datanode-5/ratis/03d7bcc0-132f-40b0-a147-0a441cc6f3bc has been successfully formatted.
2024-05-10 09:18:04,440 [f8145005-1c64-450e-9575-8d23d50c4709-groupManagement] WARN  util.FileUtils (LogUtils.java:supplyAndLog(63)) - Failed to Files.newInputStream /home/runner/work/ozone/ozone/hadoop-ozone/integration-test/target/test-dir/MiniOzoneClusterImpl-5c48b7ff-bfdb-407d-b2cb-68403445a4a3/ozone-meta/datanode-5/ratis/03d7bcc0-132f-40b0-a147-0a441cc6f3bc/current/raft-meta.conf with options []: java.nio.file.NoSuchFileException: /home/runner/work/ozone/ozone/hadoop-ozone/integration-test/target/test-dir/MiniOzoneClusterImpl-5c48b7ff-bfdb-407d-b2cb-68403445a4a3/ozone-meta/datanode-5/ratis/03d7bcc0-132f-40b0-a147-0a441cc6f3bc/current/raft-meta.conf
2024-05-10 09:18:04,440 [f8145005-1c64-450e-9575-8d23d50c4709-groupManagement] INFO  ratis.ContainerStateMachine (ContainerStateMachine.java:loadSnapshot(287)) - group-0A441CC6F3BC: The snapshot info is null. Setting the last applied index to:(t:0, i:~)
2024-05-10 09:18:04,440 [f8145005-1c64-450e-9575-8d23d50c4709-groupManagement] INFO  server.RaftServerConfigKeys (ConfUtils.java:logGet(46)) - raft.server.log.use.memory = false (default)
2024-05-10 09:18:04,440 [f8145005-1c64-450e-9575-8d23d50c4709-groupManagement] INFO  server.RaftServerConfigKeys (ConfUtils.java:logGet(46)) - raft.server.log.purge.gap = 1000000 (custom)
2024-05-10 09:18:04,440 [f8145005-1c64-450e-9575-8d23d50c4709-groupManagement] INFO  server.RaftServerConfigKeys (ConfUtils.java:logGet(46)) - raft.server.log.appender.buffer.byte-limit = 8388608 (custom)
2024-05-10 09:18:04,440 [f8145005-1c64-450e-9575-8d23d50c4709-groupManagement] INFO  server.RaftServerConfigKeys (ConfUtils.java:logGet(46)) - raft.server.log.statemachine.data.read.timeout = 1000ms (default)
2024-05-10 09:18:04,440 [f8145005-1c64-450e-9575-8d23d50c4709-groupManagement] INFO  server.RaftServerConfigKeys (ConfUtils.java:logGet(46)) - raft.server.log.purge.preservation.log.num = 0 (default)
2024-05-10 09:18:04,441 [EventQueue-PipelineReportForPipelineReportHandler] INFO  pipeline.PipelineReportHandler (PipelineReportHandler.java:processPipelineReport(136)) - Opened pipeline PipelineID=03d7bcc0-132f-40b0-a147-0a441cc6f3bc
2024-05-10 09:18:04,442 [EventQueue-OpenPipelineForHealthyPipelineSafeModeRule] INFO  safemode.SCMSafeModeManager (HealthyPipelineSafeModeRule.java:process(140)) - SCM in safe mode. Healthy pipelines reported count is 0, required healthy pipeline reported count is 1
2024-05-10 09:18:04,442 [f8145005-1c64-450e-9575-8d23d50c4709-groupManagement] INFO  server.RaftServerConfigKeys (ConfUtils.java:logGet(46)) - raft.server.log.segment.size.max = 67108864 (custom)
2024-05-10 09:18:04,442 [f8145005-1c64-450e-9575-8d23d50c4709-groupManagement] INFO  server.RaftServerConfigKeys (ConfUtils.java:logGet(46)) - raft.server.log.segment.cache.num.max = 2 (custom)
2024-05-10 09:18:04,442 [f8145005-1c64-450e-9575-8d23d50c4709-groupManagement] INFO  server.RaftServerConfigKeys (ConfUtils.java:logGet(46)) - raft.server.log.segment.cache.size.max = 200MB (=209715200) (default)
2024-05-10 09:18:04,442 [f8145005-1c64-450e-9575-8d23d50c4709-groupManagement] INFO  server.RaftServerConfigKeys (ConfUtils.java:logGet(46)) - raft.server.log.appender.buffer.byte-limit = 8388608 (custom)
2024-05-10 09:18:04,443 [f8145005-1c64-450e-9575-8d23d50c4709-groupManagement] INFO  util.AwaitToRun (AwaitToRun.java:start(81)) - Thread[f8145005-1c64-450e-9575-8d23d50c4709@group-0A441CC6F3BC-cacheEviction-AwaitToRun,5,main] started
2024-05-10 09:18:04,443 [f8145005-1c64-450e-9575-8d23d50c4709-groupManagement] INFO  segmented.SegmentedRaftLogWorker (SegmentedRaftLogWorker.java:<init>(182)) - new f8145005-1c64-450e-9575-8d23d50c4709@group-0A441CC6F3BC-SegmentedRaftLogWorker for RaftStorageImpl:Storage Directory /home/runner/work/ozone/ozone/hadoop-ozone/integration-test/target/test-dir/MiniOzoneClusterImpl-5c48b7ff-bfdb-407d-b2cb-68403445a4a3/ozone-meta/datanode-5/ratis/03d7bcc0-132f-40b0-a147-0a441cc6f3bc
2024-05-10 09:18:04,443 [f8145005-1c64-450e-9575-8d23d50c4709-groupManagement] INFO  server.RaftServerConfigKeys (ConfUtils.java:logGet(46)) - raft.server.log.queue.byte-limit = 4294967296 (custom)
2024-05-10 09:18:04,443 [f8145005-1c64-450e-9575-8d23d50c4709-groupManagement] INFO  server.RaftServerConfigKeys (ConfUtils.java:logGet(46)) - raft.server.log.queue.element-limit = 1024 (custom)
2024-05-10 09:18:04,443 [f8145005-1c64-450e-9575-8d23d50c4709-groupManagement] INFO  server.RaftServerConfigKeys (ConfUtils.java:logGet(46)) - raft.server.log.segment.size.max = 67108864 (custom)
2024-05-10 09:18:04,443 [f8145005-1c64-450e-9575-8d23d50c4709-groupManagement] INFO  server.RaftServerConfigKeys (ConfUtils.java:logGet(46)) - raft.server.log.preallocated.size = 4194304 (custom)
2024-05-10 09:18:04,443 [f8145005-1c64-450e-9575-8d23d50c4709-groupManagement] INFO  server.RaftServerConfigKeys (ConfUtils.java:logGet(46)) - raft.server.log.force.sync.num = 128 (default)
2024-05-10 09:18:04,443 [f8145005-1c64-450e-9575-8d23d50c4709-groupManagement] INFO  server.RaftServerConfigKeys (ConfUtils.java:logGet(46)) - raft.server.log.statemachine.data.sync = true (default)
2024-05-10 09:18:04,443 [f8145005-1c64-450e-9575-8d23d50c4709-groupManagement] INFO  server.RaftServerConfigKeys (ConfUtils.java:logGet(46)) - raft.server.log.statemachine.data.sync.timeout = 10s (default)
2024-05-10 09:18:04,443 [f8145005-1c64-450e-9575-8d23d50c4709-groupManagement] INFO  server.RaftServerConfigKeys (ConfUtils.java:logGet(46)) - raft.server.log.statemachine.data.sync.timeout.retry = 30 (custom)
2024-05-10 09:18:04,443 [f8145005-1c64-450e-9575-8d23d50c4709-groupManagement] INFO  server.RaftServerConfigKeys (ConfUtils.java:logGet(46)) - raft.server.log.write.buffer.size = 8388616 (custom)
2024-05-10 09:18:04,444 [f8145005-1c64-450e-9575-8d23d50c4709-groupManagement] INFO  server.RaftServerConfigKeys (ConfUtils.java:logGet(46)) - raft.server.log.appender.buffer.byte-limit = 8388608 (custom)
2024-05-10 09:18:04,444 [f8145005-1c64-450e-9575-8d23d50c4709-groupManagement] INFO  server.RaftServerConfigKeys (ConfUtils.java:logGet(46)) - raft.server.log.unsafe-flush.enabled = false (default)
2024-05-10 09:18:04,445 [f8145005-1c64-450e-9575-8d23d50c4709-groupManagement] INFO  server.RaftServerConfigKeys (ConfUtils.java:logGet(46)) - raft.server.log.async-flush.enabled = false (default)
2024-05-10 09:18:04,445 [f8145005-1c64-450e-9575-8d23d50c4709-groupManagement] INFO  server.RaftServerConfigKeys (ConfUtils.java:logGet(46)) - raft.server.log.statemachine.data.caching.enabled = true (custom)
2024-05-10 09:18:04,445 [f8145005-1c64-450e-9575-8d23d50c4709-groupManagement] INFO  segmented.SegmentedRaftLogWorker (SegmentedRaftLogWorker.java:lambda$new$0(134)) - f8145005-1c64-450e-9575-8d23d50c4709@group-0A441CC6F3BC-SegmentedRaftLogWorker: flushIndex: setUnconditionally 0 -> -1
2024-05-10 09:18:04,445 [f8145005-1c64-450e-9575-8d23d50c4709-groupManagement] INFO  segmented.SegmentedRaftLogWorker (SegmentedRaftLogWorker.java:lambda$new$0(134)) - f8145005-1c64-450e-9575-8d23d50c4709@group-0A441CC6F3BC-SegmentedRaftLogWorker: safeCacheEvictIndex: setUnconditionally 0 -> -1
2024-05-10 09:18:04,445 [f8145005-1c64-450e-9575-8d23d50c4709-groupManagement] INFO  server.RaftServer$Division (RaftServerImpl.java:start(396)) - f8145005-1c64-450e-9575-8d23d50c4709@group-0A441CC6F3BC: start as a follower, conf=-1: peers:[f8145005-1c64-450e-9575-8d23d50c4709|127.0.0.1:15103]|listeners:[], old=null
2024-05-10 09:18:04,445 [f8145005-1c64-450e-9575-8d23d50c4709-groupManagement] INFO  server.RaftServer$Division (RaftServerImpl.java:setRole(383)) - f8145005-1c64-450e-9575-8d23d50c4709@group-0A441CC6F3BC: changes role from      null to FOLLOWER at term 0 for startAsFollower
2024-05-10 09:18:04,445 [f8145005-1c64-450e-9575-8d23d50c4709-groupManagement] INFO  impl.RoleInfo (RoleInfo.java:updateAndGet(139)) - f8145005-1c64-450e-9575-8d23d50c4709: start f8145005-1c64-450e-9575-8d23d50c4709@group-0A441CC6F3BC-FollowerState
2024-05-10 09:18:04,446 [f8145005-1c64-450e-9575-8d23d50c4709@group-0A441CC6F3BC-FollowerState] INFO  server.RaftServerConfigKeys (ConfUtils.java:logFallback(53)) - raft.server.rpc.first-election.timeout.min = 5s (fallback to raft.server.rpc.timeout.min)
2024-05-10 09:18:04,446 [f8145005-1c64-450e-9575-8d23d50c4709-groupManagement] INFO  util.JmxRegister (JmxRegister.java:tryRegister(44)) - Successfully registered JMX Bean with object name Ratis:service=RaftServer,group=group-0A441CC6F3BC,id=f8145005-1c64-450e-9575-8d23d50c4709
2024-05-10 09:18:04,446 [f8145005-1c64-450e-9575-8d23d50c4709-groupManagement] INFO  server.RaftServerConfigKeys (ConfUtils.java:logGet(46)) - raft.server.snapshot.trigger-when-stop.enabled = true (default)
2024-05-10 09:18:04,446 [f8145005-1c64-450e-9575-8d23d50c4709-groupManagement] INFO  server.RaftServerConfigKeys (ConfUtils.java:logGet(46)) - raft.server.snapshot.auto.trigger.enabled = true (custom)
2024-05-10 09:18:04,446 [f8145005-1c64-450e-9575-8d23d50c4709-groupManagement] INFO  server.RaftServerConfigKeys (ConfUtils.java:logGet(46)) - raft.server.snapshot.auto.trigger.threshold = 10000 (custom)
2024-05-10 09:18:04,446 [f8145005-1c64-450e-9575-8d23d50c4709-groupManagement] INFO  server.RaftServerConfigKeys (ConfUtils.java:logGet(46)) - raft.server.snapshot.retention.file.num = 5 (custom)
2024-05-10 09:18:04,446 [f8145005-1c64-450e-9575-8d23d50c4709-groupManagement] INFO  server.RaftServerConfigKeys (ConfUtils.java:logGet(46)) - raft.server.log.purge.upto.snapshot.index = false (default)
2024-05-10 09:18:04,446 [f8145005-1c64-450e-9575-8d23d50c4709@group-0A441CC6F3BC-FollowerState] INFO  server.RaftServerConfigKeys (ConfUtils.java:logFallback(53)) - raft.server.rpc.first-election.timeout.max = 5200ms (fallback to raft.server.rpc.timeout.max)
2024-05-10 09:18:04,450 [f8145005-1c64-450e-9575-8d23d50c4709-PipelineCommandHandlerThread-0] INFO  ratis.XceiverServerRatis (XceiverServerRatis.java:addGroup(864)) - Created group PipelineID=03d7bcc0-132f-40b0-a147-0a441cc6f3bc
2024-05-10 09:18:04,450 [f8145005-1c64-450e-9575-8d23d50c4709-PipelineCommandHandlerThread-0] INFO  commandhandler.CreatePipelineCommandHandler (CreatePipelineCommandHandler.java:lambda$handle$2(124)) - Created Pipeline RATIS ONE PipelineID=03d7bcc0-132f-40b0-a147-0a441cc6f3bc.
2024-05-10 09:18:05,422 [main] INFO  ozone.MiniOzoneClusterImpl (MiniOzoneClusterImpl.java:lambda$waitForClusterToBeReady$0(194)) - Nodes are ready. Got 5 of 5 DN Heartbeats.
2024-05-10 09:18:05,423 [main] INFO  ozone.MiniOzoneClusterImpl (MiniOzoneClusterImpl.java:lambda$waitForClusterToBeReady$0(197)) - Waiting for cluster to exit safe mode
2024-05-10 09:18:05,423 [main] INFO  ozone.MiniOzoneClusterImpl (MiniOzoneClusterImpl.java:lambda$waitForClusterToBeReady$0(199)) - SCM became leader
2024-05-10 09:18:06,423 [main] INFO  ozone.MiniOzoneClusterImpl (MiniOzoneClusterImpl.java:lambda$waitForClusterToBeReady$0(194)) - Nodes are ready. Got 5 of 5 DN Heartbeats.
2024-05-10 09:18:06,423 [main] INFO  ozone.MiniOzoneClusterImpl (MiniOzoneClusterImpl.java:lambda$waitForClusterToBeReady$0(197)) - Waiting for cluster to exit safe mode
2024-05-10 09:18:06,423 [main] INFO  ozone.MiniOzoneClusterImpl (MiniOzoneClusterImpl.java:lambda$waitForClusterToBeReady$0(199)) - SCM became leader
2024-05-10 09:18:07,423 [main] INFO  ozone.MiniOzoneClusterImpl (MiniOzoneClusterImpl.java:lambda$waitForClusterToBeReady$0(194)) - Nodes are ready. Got 5 of 5 DN Heartbeats.
2024-05-10 09:18:07,424 [main] INFO  ozone.MiniOzoneClusterImpl (MiniOzoneClusterImpl.java:lambda$waitForClusterToBeReady$0(197)) - Waiting for cluster to exit safe mode
2024-05-10 09:18:07,424 [main] INFO  ozone.MiniOzoneClusterImpl (MiniOzoneClusterImpl.java:lambda$waitForClusterToBeReady$0(199)) - SCM became leader
2024-05-10 09:18:08,424 [main] INFO  ozone.MiniOzoneClusterImpl (MiniOzoneClusterImpl.java:lambda$waitForClusterToBeReady$0(194)) - Nodes are ready. Got 5 of 5 DN Heartbeats.
2024-05-10 09:18:08,424 [main] INFO  ozone.MiniOzoneClusterImpl (MiniOzoneClusterImpl.java:lambda$waitForClusterToBeReady$0(197)) - Waiting for cluster to exit safe mode
2024-05-10 09:18:08,424 [main] INFO  ozone.MiniOzoneClusterImpl (MiniOzoneClusterImpl.java:lambda$waitForClusterToBeReady$0(199)) - SCM became leader
2024-05-10 09:18:09,207 [7c62eaa0-d491-4028-8bb9-25c4215260c7@group-611B1F60644D-FollowerState] INFO  impl.FollowerState (FollowerState.java:run(143)) - 7c62eaa0-d491-4028-8bb9-25c4215260c7@group-611B1F60644D-FollowerState: change to CANDIDATE, lastRpcElapsedTime:5043234213ns, electionTimeout:5042ms
2024-05-10 09:18:09,208 [7c62eaa0-d491-4028-8bb9-25c4215260c7@group-611B1F60644D-FollowerState] INFO  impl.RoleInfo (RoleInfo.java:shutdownFollowerState(110)) - 7c62eaa0-d491-4028-8bb9-25c4215260c7: shutdown 7c62eaa0-d491-4028-8bb9-25c4215260c7@group-611B1F60644D-FollowerState
2024-05-10 09:18:09,208 [7c62eaa0-d491-4028-8bb9-25c4215260c7@group-611B1F60644D-FollowerState] INFO  server.RaftServer$Division (RaftServerImpl.java:setRole(383)) - 7c62eaa0-d491-4028-8bb9-25c4215260c7@group-611B1F60644D: changes role from  FOLLOWER to CANDIDATE at term 0 for changeToCandidate
2024-05-10 09:18:09,208 [7c62eaa0-d491-4028-8bb9-25c4215260c7@group-611B1F60644D-FollowerState] INFO  server.RaftServerConfigKeys (ConfUtils.java:logGet(46)) - raft.server.leaderelection.pre-vote = true (default)
2024-05-10 09:18:09,208 [7c62eaa0-d491-4028-8bb9-25c4215260c7@group-611B1F60644D-FollowerState] INFO  impl.RoleInfo (RoleInfo.java:updateAndGet(139)) - 7c62eaa0-d491-4028-8bb9-25c4215260c7: start 7c62eaa0-d491-4028-8bb9-25c4215260c7@group-611B1F60644D-LeaderElection12
2024-05-10 09:18:09,208 [7c62eaa0-d491-4028-8bb9-25c4215260c7@group-611B1F60644D-LeaderElection12] INFO  impl.LeaderElection (LeaderElection.java:askForVotes(321)) - 7c62eaa0-d491-4028-8bb9-25c4215260c7@group-611B1F60644D-LeaderElection12 PRE_VOTE round 0: submit vote requests at term 0 for -1: peers:[7c62eaa0-d491-4028-8bb9-25c4215260c7|127.0.0.1:15067, e260e396-598b-44a7-8564-b51448915afe|127.0.0.1:15085, 7ab25875-5f77-45a1-9004-12eab6369d05|127.0.0.1:15076]|listeners:[], old=null
2024-05-10 09:18:09,209 [7c62eaa0-d491-4028-8bb9-25c4215260c7@group-611B1F60644D-LeaderElection12-1] INFO  server.GrpcServerProtocolClient (GrpcServerProtocolClient.java:<init>(65)) - Build channel for e260e396-598b-44a7-8564-b51448915afe|127.0.0.1:15085
2024-05-10 09:18:09,209 [7c62eaa0-d491-4028-8bb9-25c4215260c7@group-611B1F60644D-LeaderElection12-2] INFO  server.GrpcServerProtocolClient (GrpcServerProtocolClient.java:<init>(65)) - Build channel for 7ab25875-5f77-45a1-9004-12eab6369d05|127.0.0.1:15076
2024-05-10 09:18:09,209 [7c62eaa0-d491-4028-8bb9-25c4215260c7@group-611B1F60644D-LeaderElection12] INFO  server.RaftServerConfigKeys (ConfUtils.java:logFallback(53)) - raft.server.rpc.first-election.timeout.min = 5s (fallback to raft.server.rpc.timeout.min)
2024-05-10 09:18:09,209 [7c62eaa0-d491-4028-8bb9-25c4215260c7@group-611B1F60644D-LeaderElection12] INFO  server.RaftServerConfigKeys (ConfUtils.java:logFallback(53)) - raft.server.rpc.first-election.timeout.max = 5200ms (fallback to raft.server.rpc.timeout.max)
2024-05-10 09:18:09,214 [grpc-default-executor-0] INFO  server.RaftServer$Division (RaftServerImpl.java:requestVote(1389)) - 7ab25875-5f77-45a1-9004-12eab6369d05@group-611B1F60644D: receive requestVote(PRE_VOTE, 7c62eaa0-d491-4028-8bb9-25c4215260c7, group-611B1F60644D, 0, (t:0, i:0))
2024-05-10 09:18:09,214 [grpc-default-executor-1] INFO  server.RaftServer$Division (RaftServerImpl.java:requestVote(1389)) - e260e396-598b-44a7-8564-b51448915afe@group-611B1F60644D: receive requestVote(PRE_VOTE, 7c62eaa0-d491-4028-8bb9-25c4215260c7, group-611B1F60644D, 0, (t:0, i:0))
2024-05-10 09:18:09,214 [grpc-default-executor-0] INFO  impl.VoteContext (VoteContext.java:log(49)) - 7ab25875-5f77-45a1-9004-12eab6369d05@group-611B1F60644D-FOLLOWER: accept PRE_VOTE from 7c62eaa0-d491-4028-8bb9-25c4215260c7: our priority 0 <= candidate's priority 1
2024-05-10 09:18:09,214 [grpc-default-executor-1] INFO  impl.VoteContext (VoteContext.java:log(49)) - e260e396-598b-44a7-8564-b51448915afe@group-611B1F60644D-FOLLOWER: accept PRE_VOTE from 7c62eaa0-d491-4028-8bb9-25c4215260c7: our priority 0 <= candidate's priority 1
2024-05-10 09:18:09,214 [grpc-default-executor-0] INFO  server.RaftServer$Division (RaftServerImpl.java:requestVote(1422)) - 7ab25875-5f77-45a1-9004-12eab6369d05@group-611B1F60644D replies to PRE_VOTE vote request: 7c62eaa0-d491-4028-8bb9-25c4215260c7<-7ab25875-5f77-45a1-9004-12eab6369d05#0:OK-t0. Peer's state: 7ab25875-5f77-45a1-9004-12eab6369d05@group-611B1F60644D:t0, leader=null, voted=, raftlog=Memoized:7ab25875-5f77-45a1-9004-12eab6369d05@group-611B1F60644D-SegmentedRaftLog:OPENED:c-1, conf=-1: peers:[7c62eaa0-d491-4028-8bb9-25c4215260c7|127.0.0.1:15067, e260e396-598b-44a7-8564-b51448915afe|127.0.0.1:15085, 7ab25875-5f77-45a1-9004-12eab6369d05|127.0.0.1:15076]|listeners:[], old=null
2024-05-10 09:18:09,214 [grpc-default-executor-1] INFO  server.RaftServer$Division (RaftServerImpl.java:requestVote(1422)) - e260e396-598b-44a7-8564-b51448915afe@group-611B1F60644D replies to PRE_VOTE vote request: 7c62eaa0-d491-4028-8bb9-25c4215260c7<-e260e396-598b-44a7-8564-b51448915afe#0:OK-t0. Peer's state: e260e396-598b-44a7-8564-b51448915afe@group-611B1F60644D:t0, leader=null, voted=, raftlog=Memoized:e260e396-598b-44a7-8564-b51448915afe@group-611B1F60644D-SegmentedRaftLog:OPENED:c-1, conf=-1: peers:[7c62eaa0-d491-4028-8bb9-25c4215260c7|127.0.0.1:15067, e260e396-598b-44a7-8564-b51448915afe|127.0.0.1:15085, 7ab25875-5f77-45a1-9004-12eab6369d05|127.0.0.1:15076]|listeners:[], old=null
2024-05-10 09:18:09,215 [7c62eaa0-d491-4028-8bb9-25c4215260c7@group-611B1F60644D-LeaderElection12] INFO  impl.LeaderElection (LeaderElection.java:logAndReturn(89)) - 7c62eaa0-d491-4028-8bb9-25c4215260c7@group-611B1F60644D-LeaderElection12: PRE_VOTE PASSED received 1 response(s) and 0 exception(s):
2024-05-10 09:18:09,215 [7c62eaa0-d491-4028-8bb9-25c4215260c7@group-611B1F60644D-LeaderElection12] INFO  impl.LeaderElection (LeaderElection.java:logAndReturn(93)) -   Response 0: 7c62eaa0-d491-4028-8bb9-25c4215260c7<-e260e396-598b-44a7-8564-b51448915afe#0:OK-t0
2024-05-10 09:18:09,216 [7c62eaa0-d491-4028-8bb9-25c4215260c7@group-611B1F60644D-LeaderElection12] INFO  impl.LeaderElection (LeaderElection.java:askForVotes(323)) - 7c62eaa0-d491-4028-8bb9-25c4215260c7@group-611B1F60644D-LeaderElection12 PRE_VOTE round 0: result PASSED
2024-05-10 09:18:09,217 [7c62eaa0-d491-4028-8bb9-25c4215260c7@group-611B1F60644D-LeaderElection12] INFO  impl.LeaderElection (LeaderElection.java:askForVotes(321)) - 7c62eaa0-d491-4028-8bb9-25c4215260c7@group-611B1F60644D-LeaderElection12 ELECTION round 0: submit vote requests at term 1 for -1: peers:[7c62eaa0-d491-4028-8bb9-25c4215260c7|127.0.0.1:15067, e260e396-598b-44a7-8564-b51448915afe|127.0.0.1:15085, 7ab25875-5f77-45a1-9004-12eab6369d05|127.0.0.1:15076]|listeners:[], old=null
2024-05-10 09:18:09,218 [7c62eaa0-d491-4028-8bb9-25c4215260c7@group-611B1F60644D-LeaderElection12] INFO  server.RaftServerConfigKeys (ConfUtils.java:logFallback(53)) - raft.server.rpc.first-election.timeout.min = 5s (fallback to raft.server.rpc.timeout.min)
2024-05-10 09:18:09,218 [7c62eaa0-d491-4028-8bb9-25c4215260c7@group-611B1F60644D-LeaderElection12] INFO  server.RaftServerConfigKeys (ConfUtils.java:logFallback(53)) - raft.server.rpc.first-election.timeout.max = 5200ms (fallback to raft.server.rpc.timeout.max)
2024-05-10 09:18:09,219 [grpc-default-executor-0] INFO  server.RaftServer$Division (RaftServerImpl.java:requestVote(1389)) - 7ab25875-5f77-45a1-9004-12eab6369d05@group-611B1F60644D: receive requestVote(ELECTION, 7c62eaa0-d491-4028-8bb9-25c4215260c7, group-611B1F60644D, 1, (t:0, i:0))
2024-05-10 09:18:09,227 [grpc-default-executor-0] INFO  impl.VoteContext (VoteContext.java:log(49)) - 7ab25875-5f77-45a1-9004-12eab6369d05@group-611B1F60644D-FOLLOWER: accept ELECTION from 7c62eaa0-d491-4028-8bb9-25c4215260c7: our priority 0 <= candidate's priority 1
2024-05-10 09:18:09,228 [grpc-default-executor-0] INFO  server.RaftServer$Division (RaftServerImpl.java:setRole(383)) - 7ab25875-5f77-45a1-9004-12eab6369d05@group-611B1F60644D: changes role from  FOLLOWER to FOLLOWER at term 1 for candidate:7c62eaa0-d491-4028-8bb9-25c4215260c7
2024-05-10 09:18:09,228 [grpc-default-executor-0] INFO  impl.RoleInfo (RoleInfo.java:shutdownFollowerState(110)) - 7ab25875-5f77-45a1-9004-12eab6369d05: shutdown 7ab25875-5f77-45a1-9004-12eab6369d05@group-611B1F60644D-FollowerState
2024-05-10 09:18:09,228 [grpc-default-executor-0] INFO  impl.RoleInfo (RoleInfo.java:updateAndGet(139)) - 7ab25875-5f77-45a1-9004-12eab6369d05: start 7ab25875-5f77-45a1-9004-12eab6369d05@group-611B1F60644D-FollowerState
2024-05-10 09:18:09,228 [grpc-default-executor-2] INFO  server.RaftServer$Division (RaftServerImpl.java:requestVote(1389)) - e260e396-598b-44a7-8564-b51448915afe@group-611B1F60644D: receive requestVote(ELECTION, 7c62eaa0-d491-4028-8bb9-25c4215260c7, group-611B1F60644D, 1, (t:0, i:0))
2024-05-10 09:18:09,227 [e260e396-598b-44a7-8564-b51448915afe@group-611B1F60644D-FollowerState] INFO  server.RaftServerConfigKeys (ConfUtils.java:logFallback(53)) - raft.server.rpc.first-election.timeout.min = 5s (fallback to raft.server.rpc.timeout.min)
2024-05-10 09:18:09,228 [grpc-default-executor-2] INFO  impl.VoteContext (VoteContext.java:log(49)) - e260e396-598b-44a7-8564-b51448915afe@group-611B1F60644D-FOLLOWER: accept ELECTION from 7c62eaa0-d491-4028-8bb9-25c4215260c7: our priority 0 <= candidate's priority 1
2024-05-10 09:18:09,228 [7ab25875-5f77-45a1-9004-12eab6369d05@group-611B1F60644D-FollowerState] INFO  impl.FollowerState (FollowerState.java:run(152)) - 7ab25875-5f77-45a1-9004-12eab6369d05@group-611B1F60644D-FollowerState was interrupted
2024-05-10 09:18:09,228 [e260e396-598b-44a7-8564-b51448915afe@group-611B1F60644D-FollowerState] INFO  server.RaftServerConfigKeys (ConfUtils.java:logFallback(53)) - raft.server.rpc.first-election.timeout.max = 5200ms (fallback to raft.server.rpc.timeout.max)
2024-05-10 09:18:09,228 [grpc-default-executor-2] INFO  server.RaftServer$Division (RaftServerImpl.java:setRole(383)) - e260e396-598b-44a7-8564-b51448915afe@group-611B1F60644D: changes role from  FOLLOWER to FOLLOWER at term 1 for candidate:7c62eaa0-d491-4028-8bb9-25c4215260c7
2024-05-10 09:18:09,228 [grpc-default-executor-2] INFO  impl.RoleInfo (RoleInfo.java:shutdownFollowerState(110)) - e260e396-598b-44a7-8564-b51448915afe: shutdown e260e396-598b-44a7-8564-b51448915afe@group-611B1F60644D-FollowerState
2024-05-10 09:18:09,228 [grpc-default-executor-0] INFO  server.RaftServer$Division (RaftServerImpl.java:setFirstElection(574)) - 7ab25875-5f77-45a1-9004-12eab6369d05@group-611B1F60644D: set firstElectionSinceStartup to false for candidate:7c62eaa0-d491-4028-8bb9-25c4215260c7
2024-05-10 09:18:09,229 [grpc-default-executor-2] INFO  impl.RoleInfo (RoleInfo.java:updateAndGet(139)) - e260e396-598b-44a7-8564-b51448915afe: start e260e396-598b-44a7-8564-b51448915afe@group-611B1F60644D-FollowerState
2024-05-10 09:18:09,228 [e260e396-598b-44a7-8564-b51448915afe@group-611B1F60644D-FollowerState] INFO  impl.FollowerState (FollowerState.java:run(152)) - e260e396-598b-44a7-8564-b51448915afe@group-611B1F60644D-FollowerState was interrupted
2024-05-10 09:18:09,229 [grpc-default-executor-2] INFO  server.RaftServer$Division (RaftServerImpl.java:setFirstElection(574)) - e260e396-598b-44a7-8564-b51448915afe@group-611B1F60644D: set firstElectionSinceStartup to false for candidate:7c62eaa0-d491-4028-8bb9-25c4215260c7
2024-05-10 09:18:09,230 [grpc-default-executor-0] INFO  server.RaftServer$Division (RaftServerImpl.java:requestVote(1422)) - 7ab25875-5f77-45a1-9004-12eab6369d05@group-611B1F60644D replies to ELECTION vote request: 7c62eaa0-d491-4028-8bb9-25c4215260c7<-7ab25875-5f77-45a1-9004-12eab6369d05#0:OK-t1. Peer's state: 7ab25875-5f77-45a1-9004-12eab6369d05@group-611B1F60644D:t1, leader=null, voted=7c62eaa0-d491-4028-8bb9-25c4215260c7, raftlog=Memoized:7ab25875-5f77-45a1-9004-12eab6369d05@group-611B1F60644D-SegmentedRaftLog:OPENED:c-1, conf=-1: peers:[7c62eaa0-d491-4028-8bb9-25c4215260c7|127.0.0.1:15067, e260e396-598b-44a7-8564-b51448915afe|127.0.0.1:15085, 7ab25875-5f77-45a1-9004-12eab6369d05|127.0.0.1:15076]|listeners:[], old=null
2024-05-10 09:18:09,230 [grpc-default-executor-2] INFO  server.RaftServer$Division (RaftServerImpl.java:requestVote(1422)) - e260e396-598b-44a7-8564-b51448915afe@group-611B1F60644D replies to ELECTION vote request: 7c62eaa0-d491-4028-8bb9-25c4215260c7<-e260e396-598b-44a7-8564-b51448915afe#0:OK-t1. Peer's state: e260e396-598b-44a7-8564-b51448915afe@group-611B1F60644D:t1, leader=null, voted=7c62eaa0-d491-4028-8bb9-25c4215260c7, raftlog=Memoized:e260e396-598b-44a7-8564-b51448915afe@group-611B1F60644D-SegmentedRaftLog:OPENED:c-1, conf=-1: peers:[7c62eaa0-d491-4028-8bb9-25c4215260c7|127.0.0.1:15067, e260e396-598b-44a7-8564-b51448915afe|127.0.0.1:15085, 7ab25875-5f77-45a1-9004-12eab6369d05|127.0.0.1:15076]|listeners:[], old=null
2024-05-10 09:18:09,231 [7c62eaa0-d491-4028-8bb9-25c4215260c7@group-611B1F60644D-LeaderElection12] INFO  impl.LeaderElection (LeaderElection.java:logAndReturn(89)) - 7c62eaa0-d491-4028-8bb9-25c4215260c7@group-611B1F60644D-LeaderElection12: ELECTION PASSED received 1 response(s) and 0 exception(s):
2024-05-10 09:18:09,231 [7c62eaa0-d491-4028-8bb9-25c4215260c7@group-611B1F60644D-LeaderElection12] INFO  impl.LeaderElection (LeaderElection.java:logAndReturn(93)) -   Response 0: 7c62eaa0-d491-4028-8bb9-25c4215260c7<-e260e396-598b-44a7-8564-b51448915afe#0:OK-t1
2024-05-10 09:18:09,232 [7c62eaa0-d491-4028-8bb9-25c4215260c7@group-611B1F60644D-LeaderElection12] INFO  impl.LeaderElection (LeaderElection.java:askForVotes(323)) - 7c62eaa0-d491-4028-8bb9-25c4215260c7@group-611B1F60644D-LeaderElection12 ELECTION round 0: result PASSED
2024-05-10 09:18:09,232 [7c62eaa0-d491-4028-8bb9-25c4215260c7@group-611B1F60644D-LeaderElection12] INFO  impl.RoleInfo (RoleInfo.java:shutdownLeaderElection(130)) - 7c62eaa0-d491-4028-8bb9-25c4215260c7: shutdown 7c62eaa0-d491-4028-8bb9-25c4215260c7@group-611B1F60644D-LeaderElection12
2024-05-10 09:18:09,232 [7c62eaa0-d491-4028-8bb9-25c4215260c7@group-611B1F60644D-LeaderElection12] INFO  server.RaftServer$Division (RaftServerImpl.java:setRole(383)) - 7c62eaa0-d491-4028-8bb9-25c4215260c7@group-611B1F60644D: changes role from CANDIDATE to LEADER at term 1 for changeToLeader
2024-05-10 09:18:09,232 [7c62eaa0-d491-4028-8bb9-25c4215260c7@group-611B1F60644D-LeaderElection12] INFO  server.RaftServerConfigKeys (ConfUtils.java:logGet(46)) - raft.server.staging.catchup.gap = 1000 (default)
2024-05-10 09:18:09,232 [7c62eaa0-d491-4028-8bb9-25c4215260c7@group-611B1F60644D-LeaderElection12] INFO  server.RaftServerConfigKeys (ConfUtils.java:logGet(46)) - raft.server.write.element-limit = 1024 (custom)
2024-05-10 09:18:09,232 [7c62eaa0-d491-4028-8bb9-25c4215260c7@group-611B1F60644D-LeaderElection12] INFO  server.RaftServerConfigKeys (ConfUtils.java:logGet(46)) - raft.server.write.byte-limit = 1024 M (=1073741824) (custom)
2024-05-10 09:18:09,233 [7c62eaa0-d491-4028-8bb9-25c4215260c7@group-611B1F60644D-LeaderElection12] INFO  server.RaftServerConfigKeys (ConfUtils.java:logGet(46)) - raft.server.watch.timeout = 3000ms (custom)
2024-05-10 09:18:09,233 [7c62eaa0-d491-4028-8bb9-25c4215260c7@group-611B1F60644D-LeaderElection12] INFO  server.RaftServerConfigKeys (ConfUtils.java:logGet(46)) - raft.server.watch.timeout.denomination = 1s (default)
2024-05-10 09:18:09,233 [7c62eaa0-d491-4028-8bb9-25c4215260c7@group-611B1F60644D-LeaderElection12] INFO  server.RaftServerConfigKeys (ConfUtils.java:logGet(46)) - raft.server.watch.element-limit = 65536 (default)
2024-05-10 09:18:09,233 [7c62eaa0-d491-4028-8bb9-25c4215260c7@group-611B1F60644D-LeaderElection12] INFO  server.RaftServerConfigKeys (ConfUtils.java:logGet(46)) - raft.server.read.leader.lease.enabled = false (default)
2024-05-10 09:18:09,233 [7c62eaa0-d491-4028-8bb9-25c4215260c7@group-611B1F60644D-LeaderElection12] INFO  server.RaftServerConfigKeys (ConfUtils.java:logGet(46)) - raft.server.read.leader.lease.timeout.ratio = 0.9 (default)
2024-05-10 09:18:09,233 [7c62eaa0-d491-4028-8bb9-25c4215260c7@group-611B1F60644D-LeaderElection12] INFO  server.RaftServerConfigKeys (ConfUtils.java:logGet(46)) - raft.server.rpc.timeout.min = 5s (custom)
2024-05-10 09:18:09,233 [7c62eaa0-d491-4028-8bb9-25c4215260c7@group-611B1F60644D-LeaderElection12] INFO  server.RaftServerConfigKeys (ConfUtils.java:logGet(46)) - raft.server.write.element-limit = 1024 (custom)
2024-05-10 09:18:09,233 [7c62eaa0-d491-4028-8bb9-25c4215260c7@group-611B1F60644D-LeaderElection12] INFO  server.RaftServerConfigKeys (ConfUtils.java:logGet(46)) - raft.server.write.follower.gap.ratio.max = -1.0 (default)
2024-05-10 09:18:09,234 [7c62eaa0-d491-4028-8bb9-25c4215260c7@group-611B1F60644D-LeaderElection12] INFO  server.RaftServerConfigKeys (ConfUtils.java:logGet(46)) - raft.server.log.appender.snapshot.chunk.size.max = 16MB (=16777216) (default)
2024-05-10 09:18:09,234 [7c62eaa0-d491-4028-8bb9-25c4215260c7@group-611B1F60644D-LeaderElection12] INFO  server.RaftServerConfigKeys (ConfUtils.java:logGet(46)) - raft.server.log.appender.buffer.byte-limit = 8388608 (custom)
2024-05-10 09:18:09,234 [7c62eaa0-d491-4028-8bb9-25c4215260c7@group-611B1F60644D-LeaderElection12] INFO  server.RaftServerConfigKeys (ConfUtils.java:logGet(46)) - raft.server.log.appender.buffer.element-limit = 1 (custom)
2024-05-10 09:18:09,234 [7c62eaa0-d491-4028-8bb9-25c4215260c7@group-611B1F60644D-LeaderElection12] INFO  server.RaftServerConfigKeys (ConfUtils.java:logGet(46)) - raft.server.log.appender.wait-time.min = 0ms (custom)
2024-05-10 09:18:09,234 [7c62eaa0-d491-4028-8bb9-25c4215260c7@group-611B1F60644D-LeaderElection12] INFO  grpc.GrpcConfigKeys (ConfUtils.java:logGet(46)) - raft.grpc.server.leader.outstanding.appends.max = 8 (default)
2024-05-10 09:18:09,234 [7c62eaa0-d491-4028-8bb9-25c4215260c7@group-611B1F60644D-LeaderElection12] INFO  server.RaftServerConfigKeys (ConfUtils.java:logGet(46)) - raft.server.rpc.request.timeout = 3000ms (default)
2024-05-10 09:18:09,234 [7c62eaa0-d491-4028-8bb9-25c4215260c7@group-611B1F60644D-LeaderElection12] INFO  grpc.GrpcConfigKeys (ConfUtils.java:logGet(46)) - raft.grpc.server.install_snapshot.request.element-limit = 8 (default)
2024-05-10 09:18:09,234 [7c62eaa0-d491-4028-8bb9-25c4215260c7@group-611B1F60644D-LeaderElection12] INFO  grpc.GrpcConfigKeys (ConfUtils.java:logGet(46)) - raft.grpc.server.install_snapshot.request.timeout = 3000ms (default)
2024-05-10 09:18:09,234 [7c62eaa0-d491-4028-8bb9-25c4215260c7@group-611B1F60644D-LeaderElection12] INFO  grpc.GrpcConfigKeys (ConfUtils.java:logGet(46)) - raft.grpc.server.log-message.batch.duration = 5s (default)
2024-05-10 09:18:09,234 [7c62eaa0-d491-4028-8bb9-25c4215260c7@group-611B1F60644D-LeaderElection12] INFO  server.RaftServerConfigKeys (ConfUtils.java:logGet(46)) - raft.server.log.appender.install.snapshot.enabled = false (custom)
2024-05-10 09:18:09,234 [7c62eaa0-d491-4028-8bb9-25c4215260c7@group-611B1F60644D-LeaderElection12] INFO  grpc.GrpcConfigKeys (ConfUtils.java:logGet(46)) - raft.grpc.server.heartbeat.channel = true (default)
2024-05-10 09:18:09,235 [7c62eaa0-d491-4028-8bb9-25c4215260c7@group-611B1F60644D-LeaderElection12] INFO  server.RaftServerConfigKeys (ConfUtils.java:logGet(46)) - raft.server.log.appender.snapshot.chunk.size.max = 16MB (=16777216) (default)
2024-05-10 09:18:09,235 [7c62eaa0-d491-4028-8bb9-25c4215260c7@group-611B1F60644D-LeaderElection12] INFO  server.RaftServerConfigKeys (ConfUtils.java:logGet(46)) - raft.server.log.appender.buffer.byte-limit = 8388608 (custom)
2024-05-10 09:18:09,235 [7c62eaa0-d491-4028-8bb9-25c4215260c7@group-611B1F60644D-LeaderElection12] INFO  server.RaftServerConfigKeys (ConfUtils.java:logGet(46)) - raft.server.log.appender.buffer.element-limit = 1 (custom)
2024-05-10 09:18:09,235 [7c62eaa0-d491-4028-8bb9-25c4215260c7@group-611B1F60644D-LeaderElection12] INFO  server.RaftServerConfigKeys (ConfUtils.java:logGet(46)) - raft.server.log.appender.wait-time.min = 0ms (custom)
2024-05-10 09:18:09,236 [7c62eaa0-d491-4028-8bb9-25c4215260c7@group-611B1F60644D-LeaderElection12] INFO  grpc.GrpcConfigKeys (ConfUtils.java:logGet(46)) - raft.grpc.server.leader.outstanding.appends.max = 8 (default)
2024-05-10 09:18:09,236 [7c62eaa0-d491-4028-8bb9-25c4215260c7@group-611B1F60644D-LeaderElection12] INFO  server.RaftServerConfigKeys (ConfUtils.java:logGet(46)) - raft.server.rpc.request.timeout = 3000ms (default)
2024-05-10 09:18:09,236 [7c62eaa0-d491-4028-8bb9-25c4215260c7@group-611B1F60644D-LeaderElection12] INFO  grpc.GrpcConfigKeys (ConfUtils.java:logGet(46)) - raft.grpc.server.install_snapshot.request.element-limit = 8 (default)
2024-05-10 09:18:09,236 [7c62eaa0-d491-4028-8bb9-25c4215260c7@group-611B1F60644D-LeaderElection12] INFO  grpc.GrpcConfigKeys (ConfUtils.java:logGet(46)) - raft.grpc.server.install_snapshot.request.timeout = 3000ms (default)
2024-05-10 09:18:09,236 [7c62eaa0-d491-4028-8bb9-25c4215260c7@group-611B1F60644D-LeaderElection12] INFO  grpc.GrpcConfigKeys (ConfUtils.java:logGet(46)) - raft.grpc.server.log-message.batch.duration = 5s (default)
2024-05-10 09:18:09,236 [7c62eaa0-d491-4028-8bb9-25c4215260c7@group-611B1F60644D-LeaderElection12] INFO  server.RaftServerConfigKeys (ConfUtils.java:logGet(46)) - raft.server.log.appender.install.snapshot.enabled = false (custom)
2024-05-10 09:18:09,236 [7c62eaa0-d491-4028-8bb9-25c4215260c7@group-611B1F60644D-LeaderElection12] INFO  grpc.GrpcConfigKeys (ConfUtils.java:logGet(46)) - raft.grpc.server.heartbeat.channel = true (default)
2024-05-10 09:18:09,236 [7c62eaa0-d491-4028-8bb9-25c4215260c7@group-611B1F60644D-LeaderElection12] INFO  impl.RoleInfo (RoleInfo.java:updateAndGet(139)) - 7c62eaa0-d491-4028-8bb9-25c4215260c7: start 7c62eaa0-d491-4028-8bb9-25c4215260c7@group-611B1F60644D-LeaderStateImpl
2024-05-10 09:18:09,236 [7c62eaa0-d491-4028-8bb9-25c4215260c7@group-611B1F60644D-LeaderElection12] INFO  server.RaftServer$Division (RaftServerImpl.java:setFirstElection(574)) - 7c62eaa0-d491-4028-8bb9-25c4215260c7@group-611B1F60644D: set firstElectionSinceStartup to false for becomeLeader
2024-05-10 09:18:09,236 [7c62eaa0-d491-4028-8bb9-25c4215260c7@group-611B1F60644D-LeaderElection12] INFO  ratis.XceiverServerRatis (XceiverServerRatis.java:handleLeaderChangedNotification(966)) - Leader change notification received for group: group-611B1F60644D with new leaderId: 7c62eaa0-d491-4028-8bb9-25c4215260c7
2024-05-10 09:18:09,236 [7c62eaa0-d491-4028-8bb9-25c4215260c7@group-611B1F60644D-LeaderElection12] INFO  server.RaftServer$Division (ServerState.java:setLeader(269)) - 7c62eaa0-d491-4028-8bb9-25c4215260c7@group-611B1F60644D: change Leader from null to 7c62eaa0-d491-4028-8bb9-25c4215260c7 at term 1 for becomeLeader, leader elected after 5082ms
2024-05-10 09:18:09,237 [7c62eaa0-d491-4028-8bb9-25c4215260c7@group-611B1F60644D-LeaderElection12] INFO  segmented.SegmentedRaftLogWorker (SegmentedRaftLogWorker.java:startLogSegment(430)) - 7c62eaa0-d491-4028-8bb9-25c4215260c7@group-611B1F60644D-SegmentedRaftLogWorker: Starting segment from index:0
2024-05-10 09:18:09,237 [7c62eaa0-d491-4028-8bb9-25c4215260c7@group-611B1F60644D-SegmentedRaftLogWorker] INFO  segmented.BufferedWriteChannel (BufferedWriteChannel.java:open(62)) - open log_inprogress_0 at position 0
2024-05-10 09:18:09,237 [7c62eaa0-d491-4028-8bb9-25c4215260c7@group-611B1F60644D-LeaderElection12] INFO  server.RaftServer$Division (ServerState.java:setRaftConf(386)) - 7c62eaa0-d491-4028-8bb9-25c4215260c7@group-611B1F60644D: set configuration 0: peers:[7c62eaa0-d491-4028-8bb9-25c4215260c7|127.0.0.1:15067, e260e396-598b-44a7-8564-b51448915afe|127.0.0.1:15085, 7ab25875-5f77-45a1-9004-12eab6369d05|127.0.0.1:15076]|listeners:[], old=null
2024-05-10 09:18:09,239 [EventQueue-PipelineReportForPipelineReportHandler] INFO  pipeline.PipelineReportHandler (PipelineReportHandler.java:processPipelineReport(136)) - Opened pipeline PipelineID=464e5225-acc3-40b0-a04e-611b1f60644d
2024-05-10 09:18:09,239 [EventQueue-OpenPipelineForHealthyPipelineSafeModeRule] INFO  safemode.SCMSafeModeManager (HealthyPipelineSafeModeRule.java:process(140)) - SCM in safe mode. Healthy pipelines reported count is 1, required healthy pipeline reported count is 1
2024-05-10 09:18:09,239 [EventQueue-OpenPipelineForHealthyPipelineSafeModeRule] INFO  safemode.SCMSafeModeManager (SCMSafeModeManager.java:validateSafeModeExitRules(203)) - HealthyPipelineSafeModeRule rule is successfully validated
2024-05-10 09:18:09,239 [EventQueue-OpenPipelineForHealthyPipelineSafeModeRule] INFO  safemode.SCMSafeModeManager (SCMSafeModeManager.java:validateSafeModeExitRules(218)) - ScmSafeModeManager, all rules are successfully validated
2024-05-10 09:18:09,239 [EventQueue-OpenPipelineForHealthyPipelineSafeModeRule] INFO  safemode.SCMSafeModeManager (SCMSafeModeManager.java:exitSafeMode(248)) - SCM exiting safe mode.
2024-05-10 09:18:09,239 [EventQueue-OpenPipelineForHealthyPipelineSafeModeRule] INFO  ha.SCMContext (SCMContext.java:updateSafeModeStatus(225)) - Update SafeModeStatus from SafeModeStatus{safeModeStatus=true, preCheckPassed=true} to SafeModeStatus{safeModeStatus=false, preCheckPassed=true}.
2024-05-10 09:18:09,239 [EventQueue-OpenPipelineForHealthyPipelineSafeModeRule] INFO  pipeline.BackgroundPipelineCreator (BackgroundPipelineCreator.java:notifyStatusChanged(258)) - Service BackgroundPipelineCreator transitions to RUNNING.
2024-05-10 09:18:09,239 [EventQueue-OpenPipelineForHealthyPipelineSafeModeRule] INFO  BackgroundPipelineScrubber (BackgroundSCMService.java:notifyStatusChanged(79)) - Service BackgroundPipelineScrubber transitions to RUNNING.
2024-05-10 09:18:09,239 [EventQueue-OpenPipelineForHealthyPipelineSafeModeRule] INFO  ExpiredContainerReplicaOpScrubber (BackgroundSCMService.java:notifyStatusChanged(79)) - Service ExpiredContainerReplicaOpScrubber transitions to RUNNING.
2024-05-10 09:18:09,239 [EventQueue-OpenPipelineForHealthyPipelineSafeModeRule] INFO  block.SCMBlockDeletingService (SCMBlockDeletingService.java:notifyStatusChanged(247)) - notifyStatusChanged:RUNNING
2024-05-10 09:18:09,239 [EventQueue-OpenPipelineForHealthyPipelineSafeModeRule] INFO  replication.ReplicationManager (ReplicationManager.java:notifyStatusChanged(1406)) - Service ReplicationManager transitions to RUNNING.
2024-05-10 09:18:09,240 [EventQueue-OpenPipelineForHealthyPipelineSafeModeRule] WARN  balancer.ContainerBalancer (ContainerBalancer.java:shouldRun(134)) - Could not find persisted configuration for ContainerBalancer when checking if ContainerBalancer should run. ContainerBalancer should not run now.
2024-05-10 09:18:09,246 [7c62eaa0-d491-4028-8bb9-25c4215260c7@group-611B1F60644D-SegmentedRaftLogWorker] INFO  segmented.SegmentedRaftLogWorker (SegmentedRaftLogWorker.java:execute(634)) - 7c62eaa0-d491-4028-8bb9-25c4215260c7@group-611B1F60644D-SegmentedRaftLogWorker: created new log segment /home/runner/work/ozone/ozone/hadoop-ozone/integration-test/target/test-dir/MiniOzoneClusterImpl-5c48b7ff-bfdb-407d-b2cb-68403445a4a3/ozone-meta/datanode-1/ratis/464e5225-acc3-40b0-a04e-611b1f60644d/current/log_inprogress_0
2024-05-10 09:18:09,246 [e260e396-598b-44a7-8564-b51448915afe-server-thread1] INFO  ratis.XceiverServerRatis (XceiverServerRatis.java:handleLeaderChangedNotification(966)) - Leader change notification received for group: group-611B1F60644D with new leaderId: 7c62eaa0-d491-4028-8bb9-25c4215260c7
2024-05-10 09:18:09,246 [e260e396-598b-44a7-8564-b51448915afe-server-thread1] INFO  server.RaftServer$Division (ServerState.java:setLeader(269)) - e260e396-598b-44a7-8564-b51448915afe@group-611B1F60644D: change Leader from null to 7c62eaa0-d491-4028-8bb9-25c4215260c7 at term 1 for appendEntries, leader elected after 5067ms
2024-05-10 09:18:09,247 [7ab25875-5f77-45a1-9004-12eab6369d05-server-thread1] INFO  ratis.XceiverServerRatis (XceiverServerRatis.java:handleLeaderChangedNotification(966)) - Leader change notification received for group: group-611B1F60644D with new leaderId: 7c62eaa0-d491-4028-8bb9-25c4215260c7
2024-05-10 09:18:09,247 [7ab25875-5f77-45a1-9004-12eab6369d05-server-thread1] INFO  server.RaftServer$Division (ServerState.java:setLeader(269)) - 7ab25875-5f77-45a1-9004-12eab6369d05@group-611B1F60644D: change Leader from null to 7c62eaa0-d491-4028-8bb9-25c4215260c7 at term 1 for appendEntries, leader elected after 5022ms
2024-05-10 09:18:09,254 [e260e396-598b-44a7-8564-b51448915afe-server-thread3] INFO  server.RaftServer$Division (ServerState.java:setRaftConf(386)) - e260e396-598b-44a7-8564-b51448915afe@group-611B1F60644D: set configuration 0: peers:[7c62eaa0-d491-4028-8bb9-25c4215260c7|127.0.0.1:15067, e260e396-598b-44a7-8564-b51448915afe|127.0.0.1:15085, 7ab25875-5f77-45a1-9004-12eab6369d05|127.0.0.1:15076]|listeners:[], old=null
2024-05-10 09:18:09,255 [e260e396-598b-44a7-8564-b51448915afe-server-thread3] INFO  segmented.SegmentedRaftLogWorker (SegmentedRaftLogWorker.java:startLogSegment(430)) - e260e396-598b-44a7-8564-b51448915afe@group-611B1F60644D-SegmentedRaftLogWorker: Starting segment from index:0
2024-05-10 09:18:09,255 [7ab25875-5f77-45a1-9004-12eab6369d05-server-thread3] INFO  server.RaftServer$Division (ServerState.java:setRaftConf(386)) - 7ab25875-5f77-45a1-9004-12eab6369d05@group-611B1F60644D: set configuration 0: peers:[7c62eaa0-d491-4028-8bb9-25c4215260c7|127.0.0.1:15067, e260e396-598b-44a7-8564-b51448915afe|127.0.0.1:15085, 7ab25875-5f77-45a1-9004-12eab6369d05|127.0.0.1:15076]|listeners:[], old=null
2024-05-10 09:18:09,255 [7ab25875-5f77-45a1-9004-12eab6369d05-server-thread3] INFO  segmented.SegmentedRaftLogWorker (SegmentedRaftLogWorker.java:startLogSegment(430)) - 7ab25875-5f77-45a1-9004-12eab6369d05@group-611B1F60644D-SegmentedRaftLogWorker: Starting segment from index:0
2024-05-10 09:18:09,255 [e260e396-598b-44a7-8564-b51448915afe@group-611B1F60644D-SegmentedRaftLogWorker] INFO  segmented.BufferedWriteChannel (BufferedWriteChannel.java:open(62)) - open log_inprogress_0 at position 0
2024-05-10 09:18:09,256 [7ab25875-5f77-45a1-9004-12eab6369d05@group-611B1F60644D-SegmentedRaftLogWorker] INFO  segmented.BufferedWriteChannel (BufferedWriteChannel.java:open(62)) - open log_inprogress_0 at position 0
2024-05-10 09:18:09,266 [7ab25875-5f77-45a1-9004-12eab6369d05@group-611B1F60644D-SegmentedRaftLogWorker] INFO  segmented.SegmentedRaftLogWorker (SegmentedRaftLogWorker.java:execute(634)) - 7ab25875-5f77-45a1-9004-12eab6369d05@group-611B1F60644D-SegmentedRaftLogWorker: created new log segment /home/runner/work/ozone/ozone/hadoop-ozone/integration-test/target/test-dir/MiniOzoneClusterImpl-5c48b7ff-bfdb-407d-b2cb-68403445a4a3/ozone-meta/datanode-2/ratis/464e5225-acc3-40b0-a04e-611b1f60644d/current/log_inprogress_0
2024-05-10 09:18:09,266 [e260e396-598b-44a7-8564-b51448915afe@group-611B1F60644D-SegmentedRaftLogWorker] INFO  segmented.SegmentedRaftLogWorker (SegmentedRaftLogWorker.java:execute(634)) - e260e396-598b-44a7-8564-b51448915afe@group-611B1F60644D-SegmentedRaftLogWorker: created new log segment /home/runner/work/ozone/ozone/hadoop-ozone/integration-test/target/test-dir/MiniOzoneClusterImpl-5c48b7ff-bfdb-407d-b2cb-68403445a4a3/ozone-meta/datanode-3/ratis/464e5225-acc3-40b0-a04e-611b1f60644d/current/log_inprogress_0
2024-05-10 09:18:09,269 [7c62eaa0-d491-4028-8bb9-25c4215260c7@group-611B1F60644D-StateMachineUpdater] INFO  server.RaftServer$Division (LeaderStateImpl.java:isApplied(320)) - leader is ready since appliedIndex == 0 >= startIndex == 0
2024-05-10 09:18:09,338 [7c62eaa0-d491-4028-8bb9-25c4215260c7@group-39DCFA677CE1-FollowerState] INFO  impl.FollowerState (FollowerState.java:run(143)) - 7c62eaa0-d491-4028-8bb9-25c4215260c7@group-39DCFA677CE1-FollowerState: change to CANDIDATE, lastRpcElapsedTime:5188198005ns, electionTimeout:5187ms
2024-05-10 09:18:09,338 [7c62eaa0-d491-4028-8bb9-25c4215260c7@group-39DCFA677CE1-FollowerState] INFO  impl.RoleInfo (RoleInfo.java:shutdownFollowerState(110)) - 7c62eaa0-d491-4028-8bb9-25c4215260c7: shutdown 7c62eaa0-d491-4028-8bb9-25c4215260c7@group-39DCFA677CE1-FollowerState
2024-05-10 09:18:09,338 [7c62eaa0-d491-4028-8bb9-25c4215260c7@group-39DCFA677CE1-FollowerState] INFO  server.RaftServer$Division (RaftServerImpl.java:setRole(383)) - 7c62eaa0-d491-4028-8bb9-25c4215260c7@group-39DCFA677CE1: changes role from  FOLLOWER to CANDIDATE at term 0 for changeToCandidate
2024-05-10 09:18:09,338 [7c62eaa0-d491-4028-8bb9-25c4215260c7@group-39DCFA677CE1-FollowerState] INFO  server.RaftServerConfigKeys (ConfUtils.java:logGet(46)) - raft.server.leaderelection.pre-vote = true (default)
2024-05-10 09:18:09,338 [7c62eaa0-d491-4028-8bb9-25c4215260c7@group-39DCFA677CE1-FollowerState] INFO  impl.RoleInfo (RoleInfo.java:updateAndGet(139)) - 7c62eaa0-d491-4028-8bb9-25c4215260c7: start 7c62eaa0-d491-4028-8bb9-25c4215260c7@group-39DCFA677CE1-LeaderElection13
2024-05-10 09:18:09,339 [7c62eaa0-d491-4028-8bb9-25c4215260c7@group-39DCFA677CE1-LeaderElection13] INFO  impl.LeaderElection (LeaderElection.java:askForVotes(321)) - 7c62eaa0-d491-4028-8bb9-25c4215260c7@group-39DCFA677CE1-LeaderElection13 PRE_VOTE round 0: submit vote requests at term 0 for -1: peers:[7c62eaa0-d491-4028-8bb9-25c4215260c7|127.0.0.1:15067]|listeners:[], old=null
2024-05-10 09:18:09,339 [7c62eaa0-d491-4028-8bb9-25c4215260c7@group-39DCFA677CE1-LeaderElection13] INFO  impl.LeaderElection (LeaderElection.java:askForVotes(323)) - 7c62eaa0-d491-4028-8bb9-25c4215260c7@group-39DCFA677CE1-LeaderElection13 PRE_VOTE round 0: result PASSED (term=0)
2024-05-10 09:18:09,341 [7c62eaa0-d491-4028-8bb9-25c4215260c7@group-39DCFA677CE1-LeaderElection13] INFO  impl.LeaderElection (LeaderElection.java:askForVotes(321)) - 7c62eaa0-d491-4028-8bb9-25c4215260c7@group-39DCFA677CE1-LeaderElection13 ELECTION round 0: submit vote requests at term 1 for -1: peers:[7c62eaa0-d491-4028-8bb9-25c4215260c7|127.0.0.1:15067]|listeners:[], old=null
2024-05-10 09:18:09,341 [7c62eaa0-d491-4028-8bb9-25c4215260c7@group-39DCFA677CE1-LeaderElection13] INFO  impl.LeaderElection (LeaderElection.java:askForVotes(323)) - 7c62eaa0-d491-4028-8bb9-25c4215260c7@group-39DCFA677CE1-LeaderElection13 ELECTION round 0: result PASSED (term=1)
2024-05-10 09:18:09,341 [7c62eaa0-d491-4028-8bb9-25c4215260c7@group-39DCFA677CE1-LeaderElection13] INFO  impl.RoleInfo (RoleInfo.java:shutdownLeaderElection(130)) - 7c62eaa0-d491-4028-8bb9-25c4215260c7: shutdown 7c62eaa0-d491-4028-8bb9-25c4215260c7@group-39DCFA677CE1-LeaderElection13
2024-05-10 09:18:09,341 [7c62eaa0-d491-4028-8bb9-25c4215260c7@group-39DCFA677CE1-LeaderElection13] INFO  server.RaftServer$Division (RaftServerImpl.java:setRole(383)) - 7c62eaa0-d491-4028-8bb9-25c4215260c7@group-39DCFA677CE1: changes role from CANDIDATE to LEADER at term 1 for changeToLeader
2024-05-10 09:18:09,341 [7c62eaa0-d491-4028-8bb9-25c4215260c7@group-39DCFA677CE1-LeaderElection13] INFO  server.RaftServerConfigKeys (ConfUtils.java:logGet(46)) - raft.server.staging.catchup.gap = 1000 (default)
2024-05-10 09:18:09,341 [7c62eaa0-d491-4028-8bb9-25c4215260c7@group-39DCFA677CE1-LeaderElection13] INFO  server.RaftServerConfigKeys (ConfUtils.java:logGet(46)) - raft.server.write.element-limit = 1024 (custom)
2024-05-10 09:18:09,341 [7c62eaa0-d491-4028-8bb9-25c4215260c7@group-39DCFA677CE1-LeaderElection13] INFO  server.RaftServerConfigKeys (ConfUtils.java:logGet(46)) - raft.server.write.byte-limit = 1024 M (=1073741824) (custom)
2024-05-10 09:18:09,342 [7c62eaa0-d491-4028-8bb9-25c4215260c7@group-39DCFA677CE1-LeaderElection13] INFO  server.RaftServerConfigKeys (ConfUtils.java:logGet(46)) - raft.server.watch.timeout = 3000ms (custom)
2024-05-10 09:18:09,342 [7c62eaa0-d491-4028-8bb9-25c4215260c7@group-39DCFA677CE1-LeaderElection13] INFO  server.RaftServerConfigKeys (ConfUtils.java:logGet(46)) - raft.server.watch.timeout.denomination = 1s (default)
2024-05-10 09:18:09,342 [7c62eaa0-d491-4028-8bb9-25c4215260c7@group-39DCFA677CE1-LeaderElection13] INFO  server.RaftServerConfigKeys (ConfUtils.java:logGet(46)) - raft.server.watch.element-limit = 65536 (default)
2024-05-10 09:18:09,342 [7c62eaa0-d491-4028-8bb9-25c4215260c7@group-39DCFA677CE1-LeaderElection13] INFO  server.RaftServerConfigKeys (ConfUtils.java:logGet(46)) - raft.server.read.leader.lease.enabled = false (default)
2024-05-10 09:18:09,342 [7c62eaa0-d491-4028-8bb9-25c4215260c7@group-39DCFA677CE1-LeaderElection13] INFO  server.RaftServerConfigKeys (ConfUtils.java:logGet(46)) - raft.server.read.leader.lease.timeout.ratio = 0.9 (default)
2024-05-10 09:18:09,342 [7c62eaa0-d491-4028-8bb9-25c4215260c7@group-39DCFA677CE1-LeaderElection13] INFO  server.RaftServerConfigKeys (ConfUtils.java:logGet(46)) - raft.server.rpc.timeout.min = 5s (custom)
2024-05-10 09:18:09,342 [7c62eaa0-d491-4028-8bb9-25c4215260c7@group-39DCFA677CE1-LeaderElection13] INFO  server.RaftServerConfigKeys (ConfUtils.java:logGet(46)) - raft.server.write.element-limit = 1024 (custom)
2024-05-10 09:18:09,342 [7c62eaa0-d491-4028-8bb9-25c4215260c7@group-39DCFA677CE1-LeaderElection13] INFO  server.RaftServerConfigKeys (ConfUtils.java:logGet(46)) - raft.server.write.follower.gap.ratio.max = -1.0 (default)
2024-05-10 09:18:09,342 [7c62eaa0-d491-4028-8bb9-25c4215260c7@group-39DCFA677CE1-LeaderElection13] INFO  impl.RoleInfo (RoleInfo.java:updateAndGet(139)) - 7c62eaa0-d491-4028-8bb9-25c4215260c7: start 7c62eaa0-d491-4028-8bb9-25c4215260c7@group-39DCFA677CE1-LeaderStateImpl
2024-05-10 09:18:09,342 [7c62eaa0-d491-4028-8bb9-25c4215260c7@group-39DCFA677CE1-LeaderElection13] INFO  server.RaftServer$Division (RaftServerImpl.java:setFirstElection(574)) - 7c62eaa0-d491-4028-8bb9-25c4215260c7@group-39DCFA677CE1: set firstElectionSinceStartup to false for becomeLeader
2024-05-10 09:18:09,342 [7c62eaa0-d491-4028-8bb9-25c4215260c7@group-39DCFA677CE1-LeaderElection13] INFO  ratis.XceiverServerRatis (XceiverServerRatis.java:handleLeaderChangedNotification(966)) - Leader change notification received for group: group-39DCFA677CE1 with new leaderId: 7c62eaa0-d491-4028-8bb9-25c4215260c7
2024-05-10 09:18:09,342 [7c62eaa0-d491-4028-8bb9-25c4215260c7@group-39DCFA677CE1-LeaderElection13] INFO  server.RaftServer$Division (ServerState.java:setLeader(269)) - 7c62eaa0-d491-4028-8bb9-25c4215260c7@group-39DCFA677CE1: change Leader from null to 7c62eaa0-d491-4028-8bb9-25c4215260c7 at term 1 for becomeLeader, leader elected after 5204ms
2024-05-10 09:18:09,343 [7c62eaa0-d491-4028-8bb9-25c4215260c7@group-39DCFA677CE1-LeaderElection13] INFO  segmented.SegmentedRaftLogWorker (SegmentedRaftLogWorker.java:startLogSegment(430)) - 7c62eaa0-d491-4028-8bb9-25c4215260c7@group-39DCFA677CE1-SegmentedRaftLogWorker: Starting segment from index:0
2024-05-10 09:18:09,343 [7c62eaa0-d491-4028-8bb9-25c4215260c7@group-39DCFA677CE1-LeaderElection13] INFO  server.RaftServer$Division (ServerState.java:setRaftConf(386)) - 7c62eaa0-d491-4028-8bb9-25c4215260c7@group-39DCFA677CE1: set configuration 0: peers:[7c62eaa0-d491-4028-8bb9-25c4215260c7|127.0.0.1:15067]|listeners:[], old=null
2024-05-10 09:18:09,343 [7c62eaa0-d491-4028-8bb9-25c4215260c7@group-39DCFA677CE1-SegmentedRaftLogWorker] INFO  segmented.BufferedWriteChannel (BufferedWriteChannel.java:open(62)) - open log_inprogress_0 at position 0
2024-05-10 09:18:09,350 [7c62eaa0-d491-4028-8bb9-25c4215260c7@group-39DCFA677CE1-SegmentedRaftLogWorker] INFO  segmented.SegmentedRaftLogWorker (SegmentedRaftLogWorker.java:execute(634)) - 7c62eaa0-d491-4028-8bb9-25c4215260c7@group-39DCFA677CE1-SegmentedRaftLogWorker: created new log segment /home/runner/work/ozone/ozone/hadoop-ozone/integration-test/target/test-dir/MiniOzoneClusterImpl-5c48b7ff-bfdb-407d-b2cb-68403445a4a3/ozone-meta/datanode-1/ratis/3a3b602f-45bc-435f-b319-39dcfa677ce1/current/log_inprogress_0
2024-05-10 09:18:09,352 [7c62eaa0-d491-4028-8bb9-25c4215260c7@group-39DCFA677CE1-StateMachineUpdater] INFO  server.RaftServer$Division (LeaderStateImpl.java:isApplied(320)) - leader is ready since appliedIndex == 0 >= startIndex == 0
2024-05-10 09:18:09,365 [7ab25875-5f77-45a1-9004-12eab6369d05@group-2F162207878F-FollowerState] INFO  impl.FollowerState (FollowerState.java:run(143)) - 7ab25875-5f77-45a1-9004-12eab6369d05@group-2F162207878F-FollowerState: change to CANDIDATE, lastRpcElapsedTime:5116855028ns, electionTimeout:5115ms
2024-05-10 09:18:09,366 [7ab25875-5f77-45a1-9004-12eab6369d05@group-2F162207878F-FollowerState] INFO  impl.RoleInfo (RoleInfo.java:shutdownFollowerState(110)) - 7ab25875-5f77-45a1-9004-12eab6369d05: shutdown 7ab25875-5f77-45a1-9004-12eab6369d05@group-2F162207878F-FollowerState
2024-05-10 09:18:09,366 [7ab25875-5f77-45a1-9004-12eab6369d05@group-2F162207878F-FollowerState] INFO  server.RaftServer$Division (RaftServerImpl.java:setRole(383)) - 7ab25875-5f77-45a1-9004-12eab6369d05@group-2F162207878F: changes role from  FOLLOWER to CANDIDATE at term 0 for changeToCandidate
2024-05-10 09:18:09,366 [7ab25875-5f77-45a1-9004-12eab6369d05@group-2F162207878F-FollowerState] INFO  server.RaftServerConfigKeys (ConfUtils.java:logGet(46)) - raft.server.leaderelection.pre-vote = true (default)
2024-05-10 09:18:09,366 [7ab25875-5f77-45a1-9004-12eab6369d05@group-2F162207878F-FollowerState] INFO  impl.RoleInfo (RoleInfo.java:updateAndGet(139)) - 7ab25875-5f77-45a1-9004-12eab6369d05: start 7ab25875-5f77-45a1-9004-12eab6369d05@group-2F162207878F-LeaderElection14
2024-05-10 09:18:09,366 [7ab25875-5f77-45a1-9004-12eab6369d05@group-2F162207878F-LeaderElection14] INFO  impl.LeaderElection (LeaderElection.java:askForVotes(321)) - 7ab25875-5f77-45a1-9004-12eab6369d05@group-2F162207878F-LeaderElection14 PRE_VOTE round 0: submit vote requests at term 0 for -1: peers:[7ab25875-5f77-45a1-9004-12eab6369d05|127.0.0.1:15076]|listeners:[], old=null
2024-05-10 09:18:09,366 [7ab25875-5f77-45a1-9004-12eab6369d05@group-2F162207878F-LeaderElection14] INFO  impl.LeaderElection (LeaderElection.java:askForVotes(323)) - 7ab25875-5f77-45a1-9004-12eab6369d05@group-2F162207878F-LeaderElection14 PRE_VOTE round 0: result PASSED (term=0)
2024-05-10 09:18:09,373 [e260e396-598b-44a7-8564-b51448915afe@group-0BB0747D8A84-FollowerState] INFO  impl.FollowerState (FollowerState.java:run(143)) - e260e396-598b-44a7-8564-b51448915afe@group-0BB0747D8A84-FollowerState: change to CANDIDATE, lastRpcElapsedTime:5048380447ns, electionTimeout:5046ms
2024-05-10 09:18:09,373 [e260e396-598b-44a7-8564-b51448915afe@group-0BB0747D8A84-FollowerState] INFO  impl.RoleInfo (RoleInfo.java:shutdownFollowerState(110)) - e260e396-598b-44a7-8564-b51448915afe: shutdown e260e396-598b-44a7-8564-b51448915afe@group-0BB0747D8A84-FollowerState
2024-05-10 09:18:09,373 [e260e396-598b-44a7-8564-b51448915afe@group-0BB0747D8A84-FollowerState] INFO  server.RaftServer$Division (RaftServerImpl.java:setRole(383)) - e260e396-598b-44a7-8564-b51448915afe@group-0BB0747D8A84: changes role from  FOLLOWER to CANDIDATE at term 0 for changeToCandidate
2024-05-10 09:18:09,373 [e260e396-598b-44a7-8564-b51448915afe@group-0BB0747D8A84-FollowerState] INFO  server.RaftServerConfigKeys (ConfUtils.java:logGet(46)) - raft.server.leaderelection.pre-vote = true (default)
2024-05-10 09:18:09,373 [e260e396-598b-44a7-8564-b51448915afe@group-0BB0747D8A84-FollowerState] INFO  impl.RoleInfo (RoleInfo.java:updateAndGet(139)) - e260e396-598b-44a7-8564-b51448915afe: start e260e396-598b-44a7-8564-b51448915afe@group-0BB0747D8A84-LeaderElection15
2024-05-10 09:18:09,374 [e260e396-598b-44a7-8564-b51448915afe@group-0BB0747D8A84-LeaderElection15] INFO  impl.LeaderElection (LeaderElection.java:askForVotes(321)) - e260e396-598b-44a7-8564-b51448915afe@group-0BB0747D8A84-LeaderElection15 PRE_VOTE round 0: submit vote requests at term 0 for -1: peers:[e260e396-598b-44a7-8564-b51448915afe|127.0.0.1:15085]|listeners:[], old=null
2024-05-10 09:18:09,374 [e260e396-598b-44a7-8564-b51448915afe@group-0BB0747D8A84-LeaderElection15] INFO  impl.LeaderElection (LeaderElection.java:askForVotes(323)) - e260e396-598b-44a7-8564-b51448915afe@group-0BB0747D8A84-LeaderElection15 PRE_VOTE round 0: result PASSED (term=0)
2024-05-10 09:18:09,376 [7ab25875-5f77-45a1-9004-12eab6369d05@group-2F162207878F-LeaderElection14] INFO  impl.LeaderElection (LeaderElection.java:askForVotes(321)) - 7ab25875-5f77-45a1-9004-12eab6369d05@group-2F162207878F-LeaderElection14 ELECTION round 0: submit vote requests at term 1 for -1: peers:[7ab25875-5f77-45a1-9004-12eab6369d05|127.0.0.1:15076]|listeners:[], old=null
2024-05-10 09:18:09,376 [7ab25875-5f77-45a1-9004-12eab6369d05@group-2F162207878F-LeaderElection14] INFO  impl.LeaderElection (LeaderElection.java:askForVotes(323)) - 7ab25875-5f77-45a1-9004-12eab6369d05@group-2F162207878F-LeaderElection14 ELECTION round 0: result PASSED (term=1)
2024-05-10 09:18:09,376 [7ab25875-5f77-45a1-9004-12eab6369d05@group-2F162207878F-LeaderElection14] INFO  impl.RoleInfo (RoleInfo.java:shutdownLeaderElection(130)) - 7ab25875-5f77-45a1-9004-12eab6369d05: shutdown 7ab25875-5f77-45a1-9004-12eab6369d05@group-2F162207878F-LeaderElection14
2024-05-10 09:18:09,376 [7ab25875-5f77-45a1-9004-12eab6369d05@group-2F162207878F-LeaderElection14] INFO  server.RaftServer$Division (RaftServerImpl.java:setRole(383)) - 7ab25875-5f77-45a1-9004-12eab6369d05@group-2F162207878F: changes role from CANDIDATE to LEADER at term 1 for changeToLeader
2024-05-10 09:18:09,377 [7ab25875-5f77-45a1-9004-12eab6369d05@group-2F162207878F-LeaderElection14] INFO  server.RaftServerConfigKeys (ConfUtils.java:logGet(46)) - raft.server.staging.catchup.gap = 1000 (default)
2024-05-10 09:18:09,376 [e260e396-598b-44a7-8564-b51448915afe@group-0BB0747D8A84-LeaderElection15] INFO  impl.LeaderElection (LeaderElection.java:askForVotes(321)) - e260e396-598b-44a7-8564-b51448915afe@group-0BB0747D8A84-LeaderElection15 ELECTION round 0: submit vote requests at term 1 for -1: peers:[e260e396-598b-44a7-8564-b51448915afe|127.0.0.1:15085]|listeners:[], old=null
2024-05-10 09:18:09,377 [e260e396-598b-44a7-8564-b51448915afe@group-0BB0747D8A84-LeaderElection15] INFO  impl.LeaderElection (LeaderElection.java:askForVotes(323)) - e260e396-598b-44a7-8564-b51448915afe@group-0BB0747D8A84-LeaderElection15 ELECTION round 0: result PASSED (term=1)
2024-05-10 09:18:09,377 [7ab25875-5f77-45a1-9004-12eab6369d05@group-2F162207878F-LeaderElection14] INFO  server.RaftServerConfigKeys (ConfUtils.java:logGet(46)) - raft.server.write.element-limit = 1024 (custom)
2024-05-10 09:18:09,377 [7ab25875-5f77-45a1-9004-12eab6369d05@group-2F162207878F-LeaderElection14] INFO  server.RaftServerConfigKeys (ConfUtils.java:logGet(46)) - raft.server.write.byte-limit = 1024 M (=1073741824) (custom)
2024-05-10 09:18:09,377 [e260e396-598b-44a7-8564-b51448915afe@group-0BB0747D8A84-LeaderElection15] INFO  impl.RoleInfo (RoleInfo.java:shutdownLeaderElection(130)) - e260e396-598b-44a7-8564-b51448915afe: shutdown e260e396-598b-44a7-8564-b51448915afe@group-0BB0747D8A84-LeaderElection15
2024-05-10 09:18:09,377 [e260e396-598b-44a7-8564-b51448915afe@group-0BB0747D8A84-LeaderElection15] INFO  server.RaftServer$Division (RaftServerImpl.java:setRole(383)) - e260e396-598b-44a7-8564-b51448915afe@group-0BB0747D8A84: changes role from CANDIDATE to LEADER at term 1 for changeToLeader
2024-05-10 09:18:09,377 [e260e396-598b-44a7-8564-b51448915afe@group-0BB0747D8A84-LeaderElection15] INFO  server.RaftServerConfigKeys (ConfUtils.java:logGet(46)) - raft.server.staging.catchup.gap = 1000 (default)
2024-05-10 09:18:09,377 [7ab25875-5f77-45a1-9004-12eab6369d05@group-2F162207878F-LeaderElection14] INFO  server.RaftServerConfigKeys (ConfUtils.java:logGet(46)) - raft.server.watch.timeout = 3000ms (custom)
2024-05-10 09:18:09,377 [7ab25875-5f77-45a1-9004-12eab6369d05@group-2F162207878F-LeaderElection14] INFO  server.RaftServerConfigKeys (ConfUtils.java:logGet(46)) - raft.server.watch.timeout.denomination = 1s (default)
2024-05-10 09:18:09,377 [e260e396-598b-44a7-8564-b51448915afe@group-0BB0747D8A84-LeaderElection15] INFO  server.RaftServerConfigKeys (ConfUtils.java:logGet(46)) - raft.server.write.element-limit = 1024 (custom)
2024-05-10 09:18:09,377 [7ab25875-5f77-45a1-9004-12eab6369d05@group-2F162207878F-LeaderElection14] INFO  server.RaftServerConfigKeys (ConfUtils.java:logGet(46)) - raft.server.watch.element-limit = 65536 (default)
2024-05-10 09:18:09,377 [e260e396-598b-44a7-8564-b51448915afe@group-0BB0747D8A84-LeaderElection15] INFO  server.RaftServerConfigKeys (ConfUtils.java:logGet(46)) - raft.server.write.byte-limit = 1024 M (=1073741824) (custom)
2024-05-10 09:18:09,377 [7ab25875-5f77-45a1-9004-12eab6369d05@group-2F162207878F-LeaderElection14] INFO  server.RaftServerConfigKeys (ConfUtils.java:logGet(46)) - raft.server.read.leader.lease.enabled = false (default)
2024-05-10 09:18:09,378 [7ab25875-5f77-45a1-9004-12eab6369d05@group-2F162207878F-LeaderElection14] INFO  server.RaftServerConfigKeys (ConfUtils.java:logGet(46)) - raft.server.read.leader.lease.timeout.ratio = 0.9 (default)
2024-05-10 09:18:09,378 [e260e396-598b-44a7-8564-b51448915afe@group-0BB0747D8A84-LeaderElection15] INFO  server.RaftServerConfigKeys (ConfUtils.java:logGet(46)) - raft.server.watch.timeout = 3000ms (custom)
2024-05-10 09:18:09,378 [e260e396-598b-44a7-8564-b51448915afe@group-0BB0747D8A84-LeaderElection15] INFO  server.RaftServerConfigKeys (ConfUtils.java:logGet(46)) - raft.server.watch.timeout.denomination = 1s (default)
2024-05-10 09:18:09,378 [e260e396-598b-44a7-8564-b51448915afe@group-0BB0747D8A84-LeaderElection15] INFO  server.RaftServerConfigKeys (ConfUtils.java:logGet(46)) - raft.server.watch.element-limit = 65536 (default)
2024-05-10 09:18:09,378 [e260e396-598b-44a7-8564-b51448915afe@group-0BB0747D8A84-LeaderElection15] INFO  server.RaftServerConfigKeys (ConfUtils.java:logGet(46)) - raft.server.read.leader.lease.enabled = false (default)
2024-05-10 09:18:09,378 [e260e396-598b-44a7-8564-b51448915afe@group-0BB0747D8A84-LeaderElection15] INFO  server.RaftServerConfigKeys (ConfUtils.java:logGet(46)) - raft.server.read.leader.lease.timeout.ratio = 0.9 (default)
2024-05-10 09:18:09,378 [e260e396-598b-44a7-8564-b51448915afe@group-0BB0747D8A84-LeaderElection15] INFO  server.RaftServerConfigKeys (ConfUtils.java:logGet(46)) - raft.server.rpc.timeout.min = 5s (custom)
2024-05-10 09:18:09,378 [e260e396-598b-44a7-8564-b51448915afe@group-0BB0747D8A84-LeaderElection15] INFO  server.RaftServerConfigKeys (ConfUtils.java:logGet(46)) - raft.server.write.element-limit = 1024 (custom)
2024-05-10 09:18:09,378 [e260e396-598b-44a7-8564-b51448915afe@group-0BB0747D8A84-LeaderElection15] INFO  server.RaftServerConfigKeys (ConfUtils.java:logGet(46)) - raft.server.write.follower.gap.ratio.max = -1.0 (default)
2024-05-10 09:18:09,378 [e260e396-598b-44a7-8564-b51448915afe@group-0BB0747D8A84-LeaderElection15] INFO  impl.RoleInfo (RoleInfo.java:updateAndGet(139)) - e260e396-598b-44a7-8564-b51448915afe: start e260e396-598b-44a7-8564-b51448915afe@group-0BB0747D8A84-LeaderStateImpl
2024-05-10 09:18:09,378 [e260e396-598b-44a7-8564-b51448915afe@group-0BB0747D8A84-LeaderElection15] INFO  server.RaftServer$Division (RaftServerImpl.java:setFirstElection(574)) - e260e396-598b-44a7-8564-b51448915afe@group-0BB0747D8A84: set firstElectionSinceStartup to false for becomeLeader
2024-05-10 09:18:09,378 [e260e396-598b-44a7-8564-b51448915afe@group-0BB0747D8A84-LeaderElection15] INFO  ratis.XceiverServerRatis (XceiverServerRatis.java:handleLeaderChangedNotification(966)) - Leader change notification received for group: group-0BB0747D8A84 with new leaderId: e260e396-598b-44a7-8564-b51448915afe
2024-05-10 09:18:09,378 [7ab25875-5f77-45a1-9004-12eab6369d05@group-2F162207878F-LeaderElection14] INFO  server.RaftServerConfigKeys (ConfUtils.java:logGet(46)) - raft.server.rpc.timeout.min = 5s (custom)
2024-05-10 09:18:09,378 [e260e396-598b-44a7-8564-b51448915afe@group-0BB0747D8A84-LeaderElection15] INFO  server.RaftServer$Division (ServerState.java:setLeader(269)) - e260e396-598b-44a7-8564-b51448915afe@group-0BB0747D8A84: change Leader from null to e260e396-598b-44a7-8564-b51448915afe at term 1 for becomeLeader, leader elected after 5095ms
2024-05-10 09:18:09,378 [7ab25875-5f77-45a1-9004-12eab6369d05@group-2F162207878F-LeaderElection14] INFO  server.RaftServerConfigKeys (ConfUtils.java:logGet(46)) - raft.server.write.element-limit = 1024 (custom)
2024-05-10 09:18:09,379 [7ab25875-5f77-45a1-9004-12eab6369d05@group-2F162207878F-LeaderElection14] INFO  server.RaftServerConfigKeys (ConfUtils.java:logGet(46)) - raft.server.write.follower.gap.ratio.max = -1.0 (default)
2024-05-10 09:18:09,379 [7ab25875-5f77-45a1-9004-12eab6369d05@group-2F162207878F-LeaderElection14] INFO  impl.RoleInfo (RoleInfo.java:updateAndGet(139)) - 7ab25875-5f77-45a1-9004-12eab6369d05: start 7ab25875-5f77-45a1-9004-12eab6369d05@group-2F162207878F-LeaderStateImpl
2024-05-10 09:18:09,379 [7ab25875-5f77-45a1-9004-12eab6369d05@group-2F162207878F-LeaderElection14] INFO  server.RaftServer$Division (RaftServerImpl.java:setFirstElection(574)) - 7ab25875-5f77-45a1-9004-12eab6369d05@group-2F162207878F: set firstElectionSinceStartup to false for becomeLeader
2024-05-10 09:18:09,379 [7ab25875-5f77-45a1-9004-12eab6369d05@group-2F162207878F-LeaderElection14] INFO  ratis.XceiverServerRatis (XceiverServerRatis.java:handleLeaderChangedNotification(966)) - Leader change notification received for group: group-2F162207878F with new leaderId: 7ab25875-5f77-45a1-9004-12eab6369d05
2024-05-10 09:18:09,379 [7ab25875-5f77-45a1-9004-12eab6369d05@group-2F162207878F-LeaderElection14] INFO  server.RaftServer$Division (ServerState.java:setLeader(269)) - 7ab25875-5f77-45a1-9004-12eab6369d05@group-2F162207878F: change Leader from null to 7ab25875-5f77-45a1-9004-12eab6369d05 at term 1 for becomeLeader, leader elected after 5169ms
2024-05-10 09:18:09,379 [7ab25875-5f77-45a1-9004-12eab6369d05@group-2F162207878F-LeaderElection14] INFO  segmented.SegmentedRaftLogWorker (SegmentedRaftLogWorker.java:startLogSegment(430)) - 7ab25875-5f77-45a1-9004-12eab6369d05@group-2F162207878F-SegmentedRaftLogWorker: Starting segment from index:0
2024-05-10 09:18:09,379 [e260e396-598b-44a7-8564-b51448915afe@group-0BB0747D8A84-LeaderElection15] INFO  segmented.SegmentedRaftLogWorker (SegmentedRaftLogWorker.java:startLogSegment(430)) - e260e396-598b-44a7-8564-b51448915afe@group-0BB0747D8A84-SegmentedRaftLogWorker: Starting segment from index:0
2024-05-10 09:18:09,379 [e260e396-598b-44a7-8564-b51448915afe@group-0BB0747D8A84-SegmentedRaftLogWorker] INFO  segmented.BufferedWriteChannel (BufferedWriteChannel.java:open(62)) - open log_inprogress_0 at position 0
2024-05-10 09:18:09,380 [7ab25875-5f77-45a1-9004-12eab6369d05@group-2F162207878F-LeaderElection14] INFO  server.RaftServer$Division (ServerState.java:setRaftConf(386)) - 7ab25875-5f77-45a1-9004-12eab6369d05@group-2F162207878F: set configuration 0: peers:[7ab25875-5f77-45a1-9004-12eab6369d05|127.0.0.1:15076]|listeners:[], old=null
2024-05-10 09:18:09,380 [7ab25875-5f77-45a1-9004-12eab6369d05@group-2F162207878F-SegmentedRaftLogWorker] INFO  segmented.BufferedWriteChannel (BufferedWriteChannel.java:open(62)) - open log_inprogress_0 at position 0
2024-05-10 09:18:09,382 [7c62eaa0-d491-4028-8bb9-25c4215260c7@group-16361C22082A-FollowerState] INFO  impl.FollowerState (FollowerState.java:run(143)) - 7c62eaa0-d491-4028-8bb9-25c4215260c7@group-16361C22082A-FollowerState: change to CANDIDATE, lastRpcElapsedTime:5060149335ns, electionTimeout:5056ms
2024-05-10 09:18:09,382 [7c62eaa0-d491-4028-8bb9-25c4215260c7@group-16361C22082A-FollowerState] INFO  impl.RoleInfo (RoleInfo.java:shutdownFollowerState(110)) - 7c62eaa0-d491-4028-8bb9-25c4215260c7: shutdown 7c62eaa0-d491-4028-8bb9-25c4215260c7@group-16361C22082A-FollowerState
2024-05-10 09:18:09,382 [7c62eaa0-d491-4028-8bb9-25c4215260c7@group-16361C22082A-FollowerState] INFO  server.RaftServer$Division (RaftServerImpl.java:setRole(383)) - 7c62eaa0-d491-4028-8bb9-25c4215260c7@group-16361C22082A: changes role from  FOLLOWER to CANDIDATE at term 0 for changeToCandidate
2024-05-10 09:18:09,382 [7c62eaa0-d491-4028-8bb9-25c4215260c7@group-16361C22082A-FollowerState] INFO  server.RaftServerConfigKeys (ConfUtils.java:logGet(46)) - raft.server.leaderelection.pre-vote = true (default)
2024-05-10 09:18:09,382 [7c62eaa0-d491-4028-8bb9-25c4215260c7@group-16361C22082A-FollowerState] INFO  impl.RoleInfo (RoleInfo.java:updateAndGet(139)) - 7c62eaa0-d491-4028-8bb9-25c4215260c7: start 7c62eaa0-d491-4028-8bb9-25c4215260c7@group-16361C22082A-LeaderElection16
2024-05-10 09:18:09,383 [e260e396-598b-44a7-8564-b51448915afe@group-0BB0747D8A84-LeaderElection15] INFO  server.RaftServer$Division (ServerState.java:setRaftConf(386)) - e260e396-598b-44a7-8564-b51448915afe@group-0BB0747D8A84: set configuration 0: peers:[e260e396-598b-44a7-8564-b51448915afe|127.0.0.1:15085]|listeners:[], old=null
2024-05-10 09:18:09,383 [7c62eaa0-d491-4028-8bb9-25c4215260c7@group-16361C22082A-LeaderElection16] INFO  impl.LeaderElection (LeaderElection.java:askForVotes(321)) - 7c62eaa0-d491-4028-8bb9-25c4215260c7@group-16361C22082A-LeaderElection16 PRE_VOTE round 0: submit vote requests at term 0 for -1: peers:[7c62eaa0-d491-4028-8bb9-25c4215260c7|127.0.0.1:15067, e260e396-598b-44a7-8564-b51448915afe|127.0.0.1:15085, 7ab25875-5f77-45a1-9004-12eab6369d05|127.0.0.1:15076]|listeners:[], old=null
2024-05-10 09:18:09,386 [7c62eaa0-d491-4028-8bb9-25c4215260c7@group-16361C22082A-LeaderElection16] INFO  server.RaftServerConfigKeys (ConfUtils.java:logFallback(53)) - raft.server.rpc.first-election.timeout.min = 5s (fallback to raft.server.rpc.timeout.min)
2024-05-10 09:18:09,386 [7c62eaa0-d491-4028-8bb9-25c4215260c7@group-16361C22082A-LeaderElection16] INFO  server.RaftServerConfigKeys (ConfUtils.java:logFallback(53)) - raft.server.rpc.first-election.timeout.max = 5200ms (fallback to raft.server.rpc.timeout.max)
2024-05-10 09:18:09,387 [grpc-default-executor-2] INFO  server.RaftServer$Division (RaftServerImpl.java:requestVote(1389)) - e260e396-598b-44a7-8564-b51448915afe@group-16361C22082A: receive requestVote(PRE_VOTE, 7c62eaa0-d491-4028-8bb9-25c4215260c7, group-16361C22082A, 0, (t:0, i:0))
2024-05-10 09:18:09,387 [grpc-default-executor-3] INFO  server.RaftServer$Division (RaftServerImpl.java:requestVote(1389)) - 7ab25875-5f77-45a1-9004-12eab6369d05@group-16361C22082A: receive requestVote(PRE_VOTE, 7c62eaa0-d491-4028-8bb9-25c4215260c7, group-16361C22082A, 0, (t:0, i:0))
2024-05-10 09:18:09,387 [grpc-default-executor-3] INFO  impl.VoteContext (VoteContext.java:log(49)) - 7ab25875-5f77-45a1-9004-12eab6369d05@group-16361C22082A-FOLLOWER: accept PRE_VOTE from 7c62eaa0-d491-4028-8bb9-25c4215260c7: our priority 0 <= candidate's priority 0
2024-05-10 09:18:09,387 [grpc-default-executor-3] INFO  server.RaftServer$Division (RaftServerImpl.java:requestVote(1422)) - 7ab25875-5f77-45a1-9004-12eab6369d05@group-16361C22082A replies to PRE_VOTE vote request: 7c62eaa0-d491-4028-8bb9-25c4215260c7<-7ab25875-5f77-45a1-9004-12eab6369d05#0:OK-t0. Peer's state: 7ab25875-5f77-45a1-9004-12eab6369d05@group-16361C22082A:t0, leader=null, voted=, raftlog=Memoized:7ab25875-5f77-45a1-9004-12eab6369d05@group-16361C22082A-SegmentedRaftLog:OPENED:c-1, conf=-1: peers:[7c62eaa0-d491-4028-8bb9-25c4215260c7|127.0.0.1:15067, e260e396-598b-44a7-8564-b51448915afe|127.0.0.1:15085, 7ab25875-5f77-45a1-9004-12eab6369d05|127.0.0.1:15076]|listeners:[], old=null
2024-05-10 09:18:09,387 [grpc-default-executor-2] INFO  impl.VoteContext (VoteContext.java:log(49)) - e260e396-598b-44a7-8564-b51448915afe@group-16361C22082A-FOLLOWER: reject PRE_VOTE from 7c62eaa0-d491-4028-8bb9-25c4215260c7: our priority 1 > candidate's priority 0
2024-05-10 09:18:09,388 [grpc-default-executor-2] INFO  server.RaftServer$Division (RaftServerImpl.java:requestVote(1422)) - e260e396-598b-44a7-8564-b51448915afe@group-16361C22082A replies to PRE_VOTE vote request: 7c62eaa0-d491-4028-8bb9-25c4215260c7<-e260e396-598b-44a7-8564-b51448915afe#0:FAIL-t0. Peer's state: e260e396-598b-44a7-8564-b51448915afe@group-16361C22082A:t0, leader=null, voted=, raftlog=Memoized:e260e396-598b-44a7-8564-b51448915afe@group-16361C22082A-SegmentedRaftLog:OPENED:c-1, conf=-1: peers:[7c62eaa0-d491-4028-8bb9-25c4215260c7|127.0.0.1:15067, e260e396-598b-44a7-8564-b51448915afe|127.0.0.1:15085, 7ab25875-5f77-45a1-9004-12eab6369d05|127.0.0.1:15076]|listeners:[], old=null
2024-05-10 09:18:09,389 [7c62eaa0-d491-4028-8bb9-25c4215260c7@group-16361C22082A-LeaderElection16] INFO  impl.LeaderElection (LeaderElection.java:logAndReturn(89)) - 7c62eaa0-d491-4028-8bb9-25c4215260c7@group-16361C22082A-LeaderElection16: PRE_VOTE REJECTED received 2 response(s) and 0 exception(s):
2024-05-10 09:18:09,389 [7c62eaa0-d491-4028-8bb9-25c4215260c7@group-16361C22082A-LeaderElection16] INFO  impl.LeaderElection (LeaderElection.java:logAndReturn(93)) -   Response 0: 7c62eaa0-d491-4028-8bb9-25c4215260c7<-e260e396-598b-44a7-8564-b51448915afe#0:FAIL-t0
2024-05-10 09:18:09,389 [7c62eaa0-d491-4028-8bb9-25c4215260c7@group-16361C22082A-LeaderElection16] INFO  impl.LeaderElection (LeaderElection.java:logAndReturn(93)) -   Response 1: 7c62eaa0-d491-4028-8bb9-25c4215260c7<-7ab25875-5f77-45a1-9004-12eab6369d05#0:OK-t0
2024-05-10 09:18:09,389 [7c62eaa0-d491-4028-8bb9-25c4215260c7@group-16361C22082A-LeaderElection16] INFO  impl.LeaderElection (LeaderElection.java:askForVotes(323)) - 7c62eaa0-d491-4028-8bb9-25c4215260c7@group-16361C22082A-LeaderElection16 PRE_VOTE round 0: result REJECTED
2024-05-10 09:18:09,389 [7c62eaa0-d491-4028-8bb9-25c4215260c7@group-16361C22082A-LeaderElection16] INFO  server.RaftServer$Division (RaftServerImpl.java:setRole(383)) - 7c62eaa0-d491-4028-8bb9-25c4215260c7@group-16361C22082A: changes role from CANDIDATE to FOLLOWER at term 0 for REJECTED
2024-05-10 09:18:09,389 [7c62eaa0-d491-4028-8bb9-25c4215260c7@group-16361C22082A-LeaderElection16] INFO  impl.RoleInfo (RoleInfo.java:shutdownLeaderElection(130)) - 7c62eaa0-d491-4028-8bb9-25c4215260c7: shutdown 7c62eaa0-d491-4028-8bb9-25c4215260c7@group-16361C22082A-LeaderElection16
2024-05-10 09:18:09,389 [7c62eaa0-d491-4028-8bb9-25c4215260c7@group-16361C22082A-LeaderElection16] INFO  impl.RoleInfo (RoleInfo.java:updateAndGet(139)) - 7c62eaa0-d491-4028-8bb9-25c4215260c7: start 7c62eaa0-d491-4028-8bb9-25c4215260c7@group-16361C22082A-FollowerState
2024-05-10 09:18:09,389 [e260e396-598b-44a7-8564-b51448915afe@group-0BB0747D8A84-SegmentedRaftLogWorker] INFO  segmented.SegmentedRaftLogWorker (SegmentedRaftLogWorker.java:execute(634)) - e260e396-598b-44a7-8564-b51448915afe@group-0BB0747D8A84-SegmentedRaftLogWorker: created new log segment /home/runner/work/ozone/ozone/hadoop-ozone/integration-test/target/test-dir/MiniOzoneClusterImpl-5c48b7ff-bfdb-407d-b2cb-68403445a4a3/ozone-meta/datanode-3/ratis/9bca9582-3816-448c-8743-0bb0747d8a84/current/log_inprogress_0
2024-05-10 09:18:09,390 [7c62eaa0-d491-4028-8bb9-25c4215260c7@group-16361C22082A-LeaderElection16] INFO  server.RaftServer$Division (RaftServerImpl.java:setFirstElection(574)) - 7c62eaa0-d491-4028-8bb9-25c4215260c7@group-16361C22082A: set firstElectionSinceStartup to false for REJECTED
2024-05-10 09:18:09,390 [7ab25875-5f77-45a1-9004-12eab6369d05@group-2F162207878F-SegmentedRaftLogWorker] INFO  segmented.SegmentedRaftLogWorker (SegmentedRaftLogWorker.java:execute(634)) - 7ab25875-5f77-45a1-9004-12eab6369d05@group-2F162207878F-SegmentedRaftLogWorker: created new log segment /home/runner/work/ozone/ozone/hadoop-ozone/integration-test/target/test-dir/MiniOzoneClusterImpl-5c48b7ff-bfdb-407d-b2cb-68403445a4a3/ozone-meta/datanode-2/ratis/0d16adb1-c465-4bd6-905f-2f162207878f/current/log_inprogress_0
2024-05-10 09:18:09,392 [7ab25875-5f77-45a1-9004-12eab6369d05@group-2F162207878F-StateMachineUpdater] INFO  server.RaftServer$Division (LeaderStateImpl.java:isApplied(320)) - leader is ready since appliedIndex == 0 >= startIndex == 0
2024-05-10 09:18:09,393 [e260e396-598b-44a7-8564-b51448915afe@group-0BB0747D8A84-StateMachineUpdater] INFO  server.RaftServer$Division (LeaderStateImpl.java:isApplied(320)) - leader is ready since appliedIndex == 0 >= startIndex == 0
2024-05-10 09:18:09,424 [main] INFO  ozone.MiniOzoneClusterImpl (MiniOzoneClusterImpl.java:lambda$waitForClusterToBeReady$0(194)) - Nodes are ready. Got 5 of 5 DN Heartbeats.
2024-05-10 09:18:09,424 [main] INFO  ozone.MiniOzoneClusterImpl (MiniOzoneClusterImpl.java:lambda$waitForClusterToBeReady$0(197)) - Cluster exits safe mode
2024-05-10 09:18:09,425 [main] INFO  ozone.MiniOzoneClusterImpl (MiniOzoneClusterImpl.java:lambda$waitForClusterToBeReady$0(199)) - SCM became leader
2024-05-10 09:18:09,429 [main] INFO  rpc.RpcClient (RpcClient.java:createVolume(470)) - Creating Volume: testblockoutputstream, with runner as owner and space quota set to -1 bytes, counts quota set to -1
2024-05-10 09:18:09,431 [7ab25875-5f77-45a1-9004-12eab6369d05@group-16361C22082A-FollowerState] INFO  server.RaftServerConfigKeys (ConfUtils.java:logFallback(53)) - raft.server.rpc.first-election.timeout.min = 5s (fallback to raft.server.rpc.timeout.min)
2024-05-10 09:18:09,431 [7ab25875-5f77-45a1-9004-12eab6369d05@group-16361C22082A-FollowerState] INFO  server.RaftServerConfigKeys (ConfUtils.java:logFallback(53)) - raft.server.rpc.first-election.timeout.max = 5200ms (fallback to raft.server.rpc.timeout.max)
2024-05-10 09:18:09,433 [om1-OMStateMachineApplyTransactionThread - 0] INFO  volume.OMVolumeCreateRequest (OMVolumeCreateRequest.java:validateAndUpdateCache(198)) - created volume:testblockoutputstream for user:runner
2024-05-10 09:18:09,435 [main] INFO  rpc.RpcClient (RpcClient.java:createBucket(696)) - Creating Bucket: testblockoutputstream/testblockoutputstream, with server-side default bucket layout, runner as owner, Versioning false, Storage Type set to DISK and Encryption set to false, Replication Type set to server-side default replication type, Namespace Quota set to -1, Space Quota set to -1 
2024-05-10 09:18:09,438 [om1-OMStateMachineApplyTransactionThread - 0] INFO  bucket.OMBucketCreateRequest (OMBucketCreateRequest.java:validateAndUpdateCache(293)) - created bucket: testblockoutputstream of layout FILE_SYSTEM_OPTIMIZED in volume: testblockoutputstream
2024-05-10 09:18:09,443 [IPC Server handler 1 on default port 15053] INFO  ha.SequenceIdGenerator (SequenceIdGenerator.java:getNextId(145)) - Allocate a batch for containerId, change lastId from 0 to 1000.
2024-05-10 09:18:09,453 [f8145005-1c64-450e-9575-8d23d50c4709@group-0A441CC6F3BC-FollowerState] INFO  impl.FollowerState (FollowerState.java:run(143)) - f8145005-1c64-450e-9575-8d23d50c4709@group-0A441CC6F3BC-FollowerState: change to CANDIDATE, lastRpcElapsedTime:5008079949ns, electionTimeout:5006ms
2024-05-10 09:18:09,453 [f8145005-1c64-450e-9575-8d23d50c4709@group-0A441CC6F3BC-FollowerState] INFO  impl.RoleInfo (RoleInfo.java:shutdownFollowerState(110)) - f8145005-1c64-450e-9575-8d23d50c4709: shutdown f8145005-1c64-450e-9575-8d23d50c4709@group-0A441CC6F3BC-FollowerState
2024-05-10 09:18:09,453 [f8145005-1c64-450e-9575-8d23d50c4709@group-0A441CC6F3BC-FollowerState] INFO  server.RaftServer$Division (RaftServerImpl.java:setRole(383)) - f8145005-1c64-450e-9575-8d23d50c4709@group-0A441CC6F3BC: changes role from  FOLLOWER to CANDIDATE at term 0 for changeToCandidate
2024-05-10 09:18:09,453 [f8145005-1c64-450e-9575-8d23d50c4709@group-0A441CC6F3BC-FollowerState] INFO  server.RaftServerConfigKeys (ConfUtils.java:logGet(46)) - raft.server.leaderelection.pre-vote = true (default)
2024-05-10 09:18:09,454 [f8145005-1c64-450e-9575-8d23d50c4709@group-0A441CC6F3BC-FollowerState] INFO  impl.RoleInfo (RoleInfo.java:updateAndGet(139)) - f8145005-1c64-450e-9575-8d23d50c4709: start f8145005-1c64-450e-9575-8d23d50c4709@group-0A441CC6F3BC-LeaderElection17
2024-05-10 09:18:09,454 [f8145005-1c64-450e-9575-8d23d50c4709@group-0A441CC6F3BC-LeaderElection17] INFO  impl.LeaderElection (LeaderElection.java:askForVotes(321)) - f8145005-1c64-450e-9575-8d23d50c4709@group-0A441CC6F3BC-LeaderElection17 PRE_VOTE round 0: submit vote requests at term 0 for -1: peers:[f8145005-1c64-450e-9575-8d23d50c4709|127.0.0.1:15103]|listeners:[], old=null
2024-05-10 09:18:09,454 [f8145005-1c64-450e-9575-8d23d50c4709@group-0A441CC6F3BC-LeaderElection17] INFO  impl.LeaderElection (LeaderElection.java:askForVotes(323)) - f8145005-1c64-450e-9575-8d23d50c4709@group-0A441CC6F3BC-LeaderElection17 PRE_VOTE round 0: result PASSED (term=0)
2024-05-10 09:18:09,456 [f8145005-1c64-450e-9575-8d23d50c4709@group-0A441CC6F3BC-LeaderElection17] INFO  impl.LeaderElection (LeaderElection.java:askForVotes(321)) - f8145005-1c64-450e-9575-8d23d50c4709@group-0A441CC6F3BC-LeaderElection17 ELECTION round 0: submit vote requests at term 1 for -1: peers:[f8145005-1c64-450e-9575-8d23d50c4709|127.0.0.1:15103]|listeners:[], old=null
2024-05-10 09:18:09,456 [f8145005-1c64-450e-9575-8d23d50c4709@group-0A441CC6F3BC-LeaderElection17] INFO  impl.LeaderElection (LeaderElection.java:askForVotes(323)) - f8145005-1c64-450e-9575-8d23d50c4709@group-0A441CC6F3BC-LeaderElection17 ELECTION round 0: result PASSED (term=1)
2024-05-10 09:18:09,456 [f8145005-1c64-450e-9575-8d23d50c4709@group-0A441CC6F3BC-LeaderElection17] INFO  impl.RoleInfo (RoleInfo.java:shutdownLeaderElection(130)) - f8145005-1c64-450e-9575-8d23d50c4709: shutdown f8145005-1c64-450e-9575-8d23d50c4709@group-0A441CC6F3BC-LeaderElection17
2024-05-10 09:18:09,456 [f8145005-1c64-450e-9575-8d23d50c4709@group-0A441CC6F3BC-LeaderElection17] INFO  server.RaftServer$Division (RaftServerImpl.java:setRole(383)) - f8145005-1c64-450e-9575-8d23d50c4709@group-0A441CC6F3BC: changes role from CANDIDATE to LEADER at term 1 for changeToLeader
2024-05-10 09:18:09,456 [f8145005-1c64-450e-9575-8d23d50c4709@group-0A441CC6F3BC-LeaderElection17] INFO  server.RaftServerConfigKeys (ConfUtils.java:logGet(46)) - raft.server.staging.catchup.gap = 1000 (default)
2024-05-10 09:18:09,457 [f8145005-1c64-450e-9575-8d23d50c4709@group-0A441CC6F3BC-LeaderElection17] INFO  server.RaftServerConfigKeys (ConfUtils.java:logGet(46)) - raft.server.write.element-limit = 1024 (custom)
2024-05-10 09:18:09,457 [f8145005-1c64-450e-9575-8d23d50c4709@group-0A441CC6F3BC-LeaderElection17] INFO  server.RaftServerConfigKeys (ConfUtils.java:logGet(46)) - raft.server.write.byte-limit = 1024 M (=1073741824) (custom)
2024-05-10 09:18:09,457 [f8145005-1c64-450e-9575-8d23d50c4709@group-0A441CC6F3BC-LeaderElection17] INFO  server.RaftServerConfigKeys (ConfUtils.java:logGet(46)) - raft.server.watch.timeout = 3000ms (custom)
2024-05-10 09:18:09,457 [f8145005-1c64-450e-9575-8d23d50c4709@group-0A441CC6F3BC-LeaderElection17] INFO  server.RaftServerConfigKeys (ConfUtils.java:logGet(46)) - raft.server.watch.timeout.denomination = 1s (default)
2024-05-10 09:18:09,457 [f8145005-1c64-450e-9575-8d23d50c4709@group-0A441CC6F3BC-LeaderElection17] INFO  server.RaftServerConfigKeys (ConfUtils.java:logGet(46)) - raft.server.watch.element-limit = 65536 (default)
2024-05-10 09:18:09,457 [f8145005-1c64-450e-9575-8d23d50c4709@group-0A441CC6F3BC-LeaderElection17] INFO  server.RaftServerConfigKeys (ConfUtils.java:logGet(46)) - raft.server.read.leader.lease.enabled = false (default)
2024-05-10 09:18:09,458 [f8145005-1c64-450e-9575-8d23d50c4709@group-0A441CC6F3BC-LeaderElection17] INFO  server.RaftServerConfigKeys (ConfUtils.java:logGet(46)) - raft.server.read.leader.lease.timeout.ratio = 0.9 (default)
2024-05-10 09:18:09,458 [f8145005-1c64-450e-9575-8d23d50c4709@group-0A441CC6F3BC-LeaderElection17] INFO  server.RaftServerConfigKeys (ConfUtils.java:logGet(46)) - raft.server.rpc.timeout.min = 5s (custom)
2024-05-10 09:18:09,458 [f8145005-1c64-450e-9575-8d23d50c4709@group-0A441CC6F3BC-LeaderElection17] INFO  server.RaftServerConfigKeys (ConfUtils.java:logGet(46)) - raft.server.write.element-limit = 1024 (custom)
2024-05-10 09:18:09,458 [f8145005-1c64-450e-9575-8d23d50c4709@group-0A441CC6F3BC-LeaderElection17] INFO  server.RaftServerConfigKeys (ConfUtils.java:logGet(46)) - raft.server.write.follower.gap.ratio.max = -1.0 (default)
2024-05-10 09:18:09,458 [f8145005-1c64-450e-9575-8d23d50c4709@group-0A441CC6F3BC-LeaderElection17] INFO  impl.RoleInfo (RoleInfo.java:updateAndGet(139)) - f8145005-1c64-450e-9575-8d23d50c4709: start f8145005-1c64-450e-9575-8d23d50c4709@group-0A441CC6F3BC-LeaderStateImpl
2024-05-10 09:18:09,458 [f8145005-1c64-450e-9575-8d23d50c4709@group-0A441CC6F3BC-LeaderElection17] INFO  server.RaftServer$Division (RaftServerImpl.java:setFirstElection(574)) - f8145005-1c64-450e-9575-8d23d50c4709@group-0A441CC6F3BC: set firstElectionSinceStartup to false for becomeLeader
2024-05-10 09:18:09,458 [f8145005-1c64-450e-9575-8d23d50c4709@group-0A441CC6F3BC-LeaderElection17] INFO  ratis.XceiverServerRatis (XceiverServerRatis.java:handleLeaderChangedNotification(966)) - Leader change notification received for group: group-0A441CC6F3BC with new leaderId: f8145005-1c64-450e-9575-8d23d50c4709
2024-05-10 09:18:09,458 [f8145005-1c64-450e-9575-8d23d50c4709@group-0A441CC6F3BC-LeaderElection17] INFO  server.RaftServer$Division (ServerState.java:setLeader(269)) - f8145005-1c64-450e-9575-8d23d50c4709@group-0A441CC6F3BC: change Leader from null to f8145005-1c64-450e-9575-8d23d50c4709 at term 1 for becomeLeader, leader elected after 5025ms
2024-05-10 09:18:09,459 [f8145005-1c64-450e-9575-8d23d50c4709@group-0A441CC6F3BC-LeaderElection17] INFO  segmented.SegmentedRaftLogWorker (SegmentedRaftLogWorker.java:startLogSegment(430)) - f8145005-1c64-450e-9575-8d23d50c4709@group-0A441CC6F3BC-SegmentedRaftLogWorker: Starting segment from index:0
2024-05-10 09:18:09,459 [f8145005-1c64-450e-9575-8d23d50c4709@group-0A441CC6F3BC-SegmentedRaftLogWorker] INFO  segmented.BufferedWriteChannel (BufferedWriteChannel.java:open(62)) - open log_inprogress_0 at position 0
2024-05-10 09:18:09,462 [f8145005-1c64-450e-9575-8d23d50c4709@group-0A441CC6F3BC-LeaderElection17] INFO  server.RaftServer$Division (ServerState.java:setRaftConf(386)) - f8145005-1c64-450e-9575-8d23d50c4709@group-0A441CC6F3BC: set configuration 0: peers:[f8145005-1c64-450e-9575-8d23d50c4709|127.0.0.1:15103]|listeners:[], old=null
2024-05-10 09:18:09,467 [f8145005-1c64-450e-9575-8d23d50c4709@group-0A441CC6F3BC-SegmentedRaftLogWorker] INFO  segmented.SegmentedRaftLogWorker (SegmentedRaftLogWorker.java:execute(634)) - f8145005-1c64-450e-9575-8d23d50c4709@group-0A441CC6F3BC-SegmentedRaftLogWorker: created new log segment /home/runner/work/ozone/ozone/hadoop-ozone/integration-test/target/test-dir/MiniOzoneClusterImpl-5c48b7ff-bfdb-407d-b2cb-68403445a4a3/ozone-meta/datanode-5/ratis/03d7bcc0-132f-40b0-a147-0a441cc6f3bc/current/log_inprogress_0
2024-05-10 09:18:09,470 [f8145005-1c64-450e-9575-8d23d50c4709@group-0A441CC6F3BC-StateMachineUpdater] INFO  server.RaftServer$Division (LeaderStateImpl.java:isApplied(320)) - leader is ready since appliedIndex == 0 >= startIndex == 0
2024-05-10 09:18:09,492 [7c62eaa0-d491-4028-8bb9-25c4215260c7-ChunkWriter-3-0] WARN  helpers.ChunkUtils (ChunkUtils.java:validateChunkForOverwrite(317)) - Duplicate write chunk request. Chunk overwrite without explicit request. ChunkInfo{chunkName='112416043135467523.data.0, offset=0, len=1048576}
2024-05-10 09:18:09,496 [e260e396-598b-44a7-8564-b51448915afe@group-16361C22082A-FollowerState] INFO  impl.FollowerState (FollowerState.java:run(143)) - e260e396-598b-44a7-8564-b51448915afe@group-16361C22082A-FollowerState: change to CANDIDATE, lastRpcElapsedTime:5124885808ns, electionTimeout:5122ms
2024-05-10 09:18:09,496 [e260e396-598b-44a7-8564-b51448915afe@group-16361C22082A-FollowerState] INFO  impl.RoleInfo (RoleInfo.java:shutdownFollowerState(110)) - e260e396-598b-44a7-8564-b51448915afe: shutdown e260e396-598b-44a7-8564-b51448915afe@group-16361C22082A-FollowerState
2024-05-10 09:18:09,496 [e260e396-598b-44a7-8564-b51448915afe@group-16361C22082A-FollowerState] INFO  server.RaftServer$Division (RaftServerImpl.java:setRole(383)) - e260e396-598b-44a7-8564-b51448915afe@group-16361C22082A: changes role from  FOLLOWER to CANDIDATE at term 0 for changeToCandidate
2024-05-10 09:18:09,496 [e260e396-598b-44a7-8564-b51448915afe@group-16361C22082A-FollowerState] INFO  server.RaftServerConfigKeys (ConfUtils.java:logGet(46)) - raft.server.leaderelection.pre-vote = true (default)
2024-05-10 09:18:09,496 [e260e396-598b-44a7-8564-b51448915afe@group-16361C22082A-FollowerState] INFO  impl.RoleInfo (RoleInfo.java:updateAndGet(139)) - e260e396-598b-44a7-8564-b51448915afe: start e260e396-598b-44a7-8564-b51448915afe@group-16361C22082A-LeaderElection18
2024-05-10 09:18:09,499 [e260e396-598b-44a7-8564-b51448915afe@group-16361C22082A-LeaderElection18] INFO  impl.LeaderElection (LeaderElection.java:askForVotes(321)) - e260e396-598b-44a7-8564-b51448915afe@group-16361C22082A-LeaderElection18 PRE_VOTE round 0: submit vote requests at term 0 for -1: peers:[7c62eaa0-d491-4028-8bb9-25c4215260c7|127.0.0.1:15067, e260e396-598b-44a7-8564-b51448915afe|127.0.0.1:15085, 7ab25875-5f77-45a1-9004-12eab6369d05|127.0.0.1:15076]|listeners:[], old=null
2024-05-10 09:18:09,500 [e260e396-598b-44a7-8564-b51448915afe-ChunkWriter-3-0] WARN  helpers.ChunkUtils (ChunkUtils.java:validateChunkForOverwrite(317)) - Duplicate write chunk request. Chunk overwrite without explicit request. ChunkInfo{chunkName='112416043135467523.data.0, offset=0, len=1048576}
2024-05-10 09:18:09,501 [7ab25875-5f77-45a1-9004-12eab6369d05-ChunkWriter-3-0] WARN  helpers.ChunkUtils (ChunkUtils.java:validateChunkForOverwrite(317)) - Duplicate write chunk request. Chunk overwrite without explicit request. ChunkInfo{chunkName='112416043135467523.data.0, offset=0, len=1048576}
2024-05-10 09:18:09,502 [e260e396-598b-44a7-8564-b51448915afe@group-16361C22082A-LeaderElection18-1] INFO  server.GrpcServerProtocolClient (GrpcServerProtocolClient.java:<init>(65)) - Build channel for 7c62eaa0-d491-4028-8bb9-25c4215260c7|127.0.0.1:15067
2024-05-10 09:18:09,509 [e260e396-598b-44a7-8564-b51448915afe@group-16361C22082A-LeaderElection18] INFO  server.RaftServerConfigKeys (ConfUtils.java:logFallback(53)) - raft.server.rpc.first-election.timeout.min = 5s (fallback to raft.server.rpc.timeout.min)
2024-05-10 09:18:09,509 [e260e396-598b-44a7-8564-b51448915afe@group-16361C22082A-LeaderElection18] INFO  server.RaftServerConfigKeys (ConfUtils.java:logFallback(53)) - raft.server.rpc.first-election.timeout.max = 5200ms (fallback to raft.server.rpc.timeout.max)
2024-05-10 09:18:09,510 [e260e396-598b-44a7-8564-b51448915afe@group-16361C22082A-LeaderElection18-2] INFO  server.GrpcServerProtocolClient (GrpcServerProtocolClient.java:<init>(65)) - Build channel for 7ab25875-5f77-45a1-9004-12eab6369d05|127.0.0.1:15076
2024-05-10 09:18:09,511 [grpc-default-executor-0] INFO  server.RaftServer$Division (RaftServerImpl.java:requestVote(1389)) - 7c62eaa0-d491-4028-8bb9-25c4215260c7@group-16361C22082A: receive requestVote(PRE_VOTE, e260e396-598b-44a7-8564-b51448915afe, group-16361C22082A, 0, (t:0, i:0))
2024-05-10 09:18:09,511 [grpc-default-executor-0] INFO  impl.VoteContext (VoteContext.java:log(49)) - 7c62eaa0-d491-4028-8bb9-25c4215260c7@group-16361C22082A-FOLLOWER: accept PRE_VOTE from e260e396-598b-44a7-8564-b51448915afe: our priority 0 <= candidate's priority 1
2024-05-10 09:18:09,511 [grpc-default-executor-0] INFO  server.RaftServer$Division (RaftServerImpl.java:requestVote(1422)) - 7c62eaa0-d491-4028-8bb9-25c4215260c7@group-16361C22082A replies to PRE_VOTE vote request: e260e396-598b-44a7-8564-b51448915afe<-7c62eaa0-d491-4028-8bb9-25c4215260c7#0:OK-t0. Peer's state: 7c62eaa0-d491-4028-8bb9-25c4215260c7@group-16361C22082A:t0, leader=null, voted=, raftlog=Memoized:7c62eaa0-d491-4028-8bb9-25c4215260c7@group-16361C22082A-SegmentedRaftLog:OPENED:c-1, conf=-1: peers:[7c62eaa0-d491-4028-8bb9-25c4215260c7|127.0.0.1:15067, e260e396-598b-44a7-8564-b51448915afe|127.0.0.1:15085, 7ab25875-5f77-45a1-9004-12eab6369d05|127.0.0.1:15076]|listeners:[], old=null
2024-05-10 09:18:09,512 [e260e396-598b-44a7-8564-b51448915afe@group-16361C22082A-LeaderElection18] INFO  impl.LeaderElection (LeaderElection.java:logAndReturn(89)) - e260e396-598b-44a7-8564-b51448915afe@group-16361C22082A-LeaderElection18: PRE_VOTE PASSED received 1 response(s) and 0 exception(s):
2024-05-10 09:18:09,512 [e260e396-598b-44a7-8564-b51448915afe@group-16361C22082A-LeaderElection18] INFO  impl.LeaderElection (LeaderElection.java:logAndReturn(93)) -   Response 0: e260e396-598b-44a7-8564-b51448915afe<-7c62eaa0-d491-4028-8bb9-25c4215260c7#0:OK-t0
2024-05-10 09:18:09,512 [e260e396-598b-44a7-8564-b51448915afe@group-16361C22082A-LeaderElection18] INFO  impl.LeaderElection (LeaderElection.java:askForVotes(323)) - e260e396-598b-44a7-8564-b51448915afe@group-16361C22082A-LeaderElection18 PRE_VOTE round 0: result PASSED
2024-05-10 09:18:09,514 [e260e396-598b-44a7-8564-b51448915afe@group-16361C22082A-LeaderElection18] INFO  impl.LeaderElection (LeaderElection.java:askForVotes(321)) - e260e396-598b-44a7-8564-b51448915afe@group-16361C22082A-LeaderElection18 ELECTION round 0: submit vote requests at term 1 for -1: peers:[7c62eaa0-d491-4028-8bb9-25c4215260c7|127.0.0.1:15067, e260e396-598b-44a7-8564-b51448915afe|127.0.0.1:15085, 7ab25875-5f77-45a1-9004-12eab6369d05|127.0.0.1:15076]|listeners:[], old=null
2024-05-10 09:18:09,517 [grpc-default-executor-0] INFO  server.RaftServer$Division (RaftServerImpl.java:requestVote(1389)) - 7ab25875-5f77-45a1-9004-12eab6369d05@group-16361C22082A: receive requestVote(PRE_VOTE, e260e396-598b-44a7-8564-b51448915afe, group-16361C22082A, 0, (t:0, i:0))
2024-05-10 09:18:09,517 [grpc-default-executor-0] INFO  impl.VoteContext (VoteContext.java:log(49)) - 7ab25875-5f77-45a1-9004-12eab6369d05@group-16361C22082A-FOLLOWER: accept PRE_VOTE from e260e396-598b-44a7-8564-b51448915afe: our priority 0 <= candidate's priority 1
2024-05-10 09:18:09,517 [grpc-default-executor-0] INFO  server.RaftServer$Division (RaftServerImpl.java:requestVote(1422)) - 7ab25875-5f77-45a1-9004-12eab6369d05@group-16361C22082A replies to PRE_VOTE vote request: e260e396-598b-44a7-8564-b51448915afe<-7ab25875-5f77-45a1-9004-12eab6369d05#0:OK-t0. Peer's state: 7ab25875-5f77-45a1-9004-12eab6369d05@group-16361C22082A:t0, leader=null, voted=, raftlog=Memoized:7ab25875-5f77-45a1-9004-12eab6369d05@group-16361C22082A-SegmentedRaftLog:OPENED:c-1, conf=-1: peers:[7c62eaa0-d491-4028-8bb9-25c4215260c7|127.0.0.1:15067, e260e396-598b-44a7-8564-b51448915afe|127.0.0.1:15085, 7ab25875-5f77-45a1-9004-12eab6369d05|127.0.0.1:15076]|listeners:[], old=null
2024-05-10 09:18:09,517 [grpc-default-executor-2] INFO  server.RaftServer$Division (RaftServerImpl.java:requestVote(1389)) - 7c62eaa0-d491-4028-8bb9-25c4215260c7@group-16361C22082A: receive requestVote(ELECTION, e260e396-598b-44a7-8564-b51448915afe, group-16361C22082A, 1, (t:0, i:0))
2024-05-10 09:18:09,517 [grpc-default-executor-2] INFO  impl.VoteContext (VoteContext.java:log(49)) - 7c62eaa0-d491-4028-8bb9-25c4215260c7@group-16361C22082A-FOLLOWER: accept ELECTION from e260e396-598b-44a7-8564-b51448915afe: our priority 0 <= candidate's priority 1
2024-05-10 09:18:09,517 [grpc-default-executor-2] INFO  server.RaftServer$Division (RaftServerImpl.java:setRole(383)) - 7c62eaa0-d491-4028-8bb9-25c4215260c7@group-16361C22082A: changes role from  FOLLOWER to FOLLOWER at term 1 for candidate:e260e396-598b-44a7-8564-b51448915afe
2024-05-10 09:18:09,517 [grpc-default-executor-2] INFO  impl.RoleInfo (RoleInfo.java:shutdownFollowerState(110)) - 7c62eaa0-d491-4028-8bb9-25c4215260c7: shutdown 7c62eaa0-d491-4028-8bb9-25c4215260c7@group-16361C22082A-FollowerState
2024-05-10 09:18:09,517 [grpc-default-executor-2] INFO  impl.RoleInfo (RoleInfo.java:updateAndGet(139)) - 7c62eaa0-d491-4028-8bb9-25c4215260c7: start 7c62eaa0-d491-4028-8bb9-25c4215260c7@group-16361C22082A-FollowerState
2024-05-10 09:18:09,518 [7c62eaa0-d491-4028-8bb9-25c4215260c7@group-16361C22082A-FollowerState] INFO  impl.FollowerState (FollowerState.java:run(152)) - 7c62eaa0-d491-4028-8bb9-25c4215260c7@group-16361C22082A-FollowerState was interrupted
2024-05-10 09:18:09,519 [e260e396-598b-44a7-8564-b51448915afe@group-16361C22082A-LeaderElection18] INFO  server.RaftServerConfigKeys (ConfUtils.java:logFallback(53)) - raft.server.rpc.first-election.timeout.min = 5s (fallback to raft.server.rpc.timeout.min)
2024-05-10 09:18:09,519 [e260e396-598b-44a7-8564-b51448915afe@group-16361C22082A-LeaderElection18] INFO  server.RaftServerConfigKeys (ConfUtils.java:logFallback(53)) - raft.server.rpc.first-election.timeout.max = 5200ms (fallback to raft.server.rpc.timeout.max)
2024-05-10 09:18:09,520 [231fae4b-c133-4321-9160-5f63c50cd117@group-791040653F6E-FollowerState] INFO  impl.FollowerState (FollowerState.java:run(143)) - 231fae4b-c133-4321-9160-5f63c50cd117@group-791040653F6E-FollowerState: change to CANDIDATE, lastRpcElapsedTime:5110505339ns, electionTimeout:5106ms
2024-05-10 09:18:09,520 [231fae4b-c133-4321-9160-5f63c50cd117@group-791040653F6E-FollowerState] INFO  impl.RoleInfo (RoleInfo.java:shutdownFollowerState(110)) - 231fae4b-c133-4321-9160-5f63c50cd117: shutdown 231fae4b-c133-4321-9160-5f63c50cd117@group-791040653F6E-FollowerState
2024-05-10 09:18:09,520 [231fae4b-c133-4321-9160-5f63c50cd117@group-791040653F6E-FollowerState] INFO  server.RaftServer$Division (RaftServerImpl.java:setRole(383)) - 231fae4b-c133-4321-9160-5f63c50cd117@group-791040653F6E: changes role from  FOLLOWER to CANDIDATE at term 0 for changeToCandidate
2024-05-10 09:18:09,520 [231fae4b-c133-4321-9160-5f63c50cd117@group-791040653F6E-FollowerState] INFO  server.RaftServerConfigKeys (ConfUtils.java:logGet(46)) - raft.server.leaderelection.pre-vote = true (default)
2024-05-10 09:18:09,520 [231fae4b-c133-4321-9160-5f63c50cd117@group-791040653F6E-FollowerState] INFO  impl.RoleInfo (RoleInfo.java:updateAndGet(139)) - 231fae4b-c133-4321-9160-5f63c50cd117: start 231fae4b-c133-4321-9160-5f63c50cd117@group-791040653F6E-LeaderElection19
2024-05-10 09:18:09,520 [grpc-default-executor-0] INFO  server.RaftServer$Division (RaftServerImpl.java:requestVote(1389)) - 7ab25875-5f77-45a1-9004-12eab6369d05@group-16361C22082A: receive requestVote(ELECTION, e260e396-598b-44a7-8564-b51448915afe, group-16361C22082A, 1, (t:0, i:0))
2024-05-10 09:18:09,520 [grpc-default-executor-0] INFO  impl.VoteContext (VoteContext.java:log(49)) - 7ab25875-5f77-45a1-9004-12eab6369d05@group-16361C22082A-FOLLOWER: accept ELECTION from e260e396-598b-44a7-8564-b51448915afe: our priority 0 <= candidate's priority 1
2024-05-10 09:18:09,520 [grpc-default-executor-0] INFO  server.RaftServer$Division (RaftServerImpl.java:setRole(383)) - 7ab25875-5f77-45a1-9004-12eab6369d05@group-16361C22082A: changes role from  FOLLOWER to FOLLOWER at term 1 for candidate:e260e396-598b-44a7-8564-b51448915afe
2024-05-10 09:18:09,520 [grpc-default-executor-0] INFO  impl.RoleInfo (RoleInfo.java:shutdownFollowerState(110)) - 7ab25875-5f77-45a1-9004-12eab6369d05: shutdown 7ab25875-5f77-45a1-9004-12eab6369d05@group-16361C22082A-FollowerState
2024-05-10 09:18:09,521 [grpc-default-executor-0] INFO  impl.RoleInfo (RoleInfo.java:updateAndGet(139)) - 7ab25875-5f77-45a1-9004-12eab6369d05: start 7ab25875-5f77-45a1-9004-12eab6369d05@group-16361C22082A-FollowerState
2024-05-10 09:18:09,521 [7ab25875-5f77-45a1-9004-12eab6369d05@group-16361C22082A-FollowerState] INFO  impl.FollowerState (FollowerState.java:run(152)) - 7ab25875-5f77-45a1-9004-12eab6369d05@group-16361C22082A-FollowerState was interrupted
2024-05-10 09:18:09,522 [231fae4b-c133-4321-9160-5f63c50cd117@group-791040653F6E-LeaderElection19] INFO  impl.LeaderElection (LeaderElection.java:askForVotes(321)) - 231fae4b-c133-4321-9160-5f63c50cd117@group-791040653F6E-LeaderElection19 PRE_VOTE round 0: submit vote requests at term 0 for -1: peers:[231fae4b-c133-4321-9160-5f63c50cd117|127.0.0.1:15094]|listeners:[], old=null
2024-05-10 09:18:09,522 [231fae4b-c133-4321-9160-5f63c50cd117@group-791040653F6E-LeaderElection19] INFO  impl.LeaderElection (LeaderElection.java:askForVotes(323)) - 231fae4b-c133-4321-9160-5f63c50cd117@group-791040653F6E-LeaderElection19 PRE_VOTE round 0: result PASSED (term=0)
2024-05-10 09:18:09,523 [231fae4b-c133-4321-9160-5f63c50cd117@group-791040653F6E-LeaderElection19] INFO  impl.LeaderElection (LeaderElection.java:askForVotes(321)) - 231fae4b-c133-4321-9160-5f63c50cd117@group-791040653F6E-LeaderElection19 ELECTION round 0: submit vote requests at term 1 for -1: peers:[231fae4b-c133-4321-9160-5f63c50cd117|127.0.0.1:15094]|listeners:[], old=null
2024-05-10 09:18:09,523 [231fae4b-c133-4321-9160-5f63c50cd117@group-791040653F6E-LeaderElection19] INFO  impl.LeaderElection (LeaderElection.java:askForVotes(323)) - 231fae4b-c133-4321-9160-5f63c50cd117@group-791040653F6E-LeaderElection19 ELECTION round 0: result PASSED (term=1)
2024-05-10 09:18:09,523 [231fae4b-c133-4321-9160-5f63c50cd117@group-791040653F6E-LeaderElection19] INFO  impl.RoleInfo (RoleInfo.java:shutdownLeaderElection(130)) - 231fae4b-c133-4321-9160-5f63c50cd117: shutdown 231fae4b-c133-4321-9160-5f63c50cd117@group-791040653F6E-LeaderElection19
2024-05-10 09:18:09,524 [231fae4b-c133-4321-9160-5f63c50cd117@group-791040653F6E-LeaderElection19] INFO  server.RaftServer$Division (RaftServerImpl.java:setRole(383)) - 231fae4b-c133-4321-9160-5f63c50cd117@group-791040653F6E: changes role from CANDIDATE to LEADER at term 1 for changeToLeader
2024-05-10 09:18:09,524 [231fae4b-c133-4321-9160-5f63c50cd117@group-791040653F6E-LeaderElection19] INFO  server.RaftServerConfigKeys (ConfUtils.java:logGet(46)) - raft.server.staging.catchup.gap = 1000 (default)
2024-05-10 09:18:09,525 [231fae4b-c133-4321-9160-5f63c50cd117@group-791040653F6E-LeaderElection19] INFO  server.RaftServerConfigKeys (ConfUtils.java:logGet(46)) - raft.server.write.element-limit = 1024 (custom)
2024-05-10 09:18:09,525 [231fae4b-c133-4321-9160-5f63c50cd117@group-791040653F6E-LeaderElection19] INFO  server.RaftServerConfigKeys (ConfUtils.java:logGet(46)) - raft.server.write.byte-limit = 1024 M (=1073741824) (custom)
2024-05-10 09:18:09,525 [231fae4b-c133-4321-9160-5f63c50cd117@group-791040653F6E-LeaderElection19] INFO  server.RaftServerConfigKeys (ConfUtils.java:logGet(46)) - raft.server.watch.timeout = 3000ms (custom)
2024-05-10 09:18:09,526 [231fae4b-c133-4321-9160-5f63c50cd117@group-791040653F6E-LeaderElection19] INFO  server.RaftServerConfigKeys (ConfUtils.java:logGet(46)) - raft.server.watch.timeout.denomination = 1s (default)
2024-05-10 09:18:09,526 [231fae4b-c133-4321-9160-5f63c50cd117@group-791040653F6E-LeaderElection19] INFO  server.RaftServerConfigKeys (ConfUtils.java:logGet(46)) - raft.server.watch.element-limit = 65536 (default)
2024-05-10 09:18:09,527 [231fae4b-c133-4321-9160-5f63c50cd117@group-791040653F6E-LeaderElection19] INFO  server.RaftServerConfigKeys (ConfUtils.java:logGet(46)) - raft.server.read.leader.lease.enabled = false (default)
2024-05-10 09:18:09,527 [231fae4b-c133-4321-9160-5f63c50cd117@group-791040653F6E-LeaderElection19] INFO  server.RaftServerConfigKeys (ConfUtils.java:logGet(46)) - raft.server.read.leader.lease.timeout.ratio = 0.9 (default)
2024-05-10 09:18:09,528 [231fae4b-c133-4321-9160-5f63c50cd117@group-791040653F6E-LeaderElection19] INFO  server.RaftServerConfigKeys (ConfUtils.java:logGet(46)) - raft.server.rpc.timeout.min = 5s (custom)
2024-05-10 09:18:09,528 [main] INFO  ozoneimpl.OzoneContainer (OzoneContainer.java:stop(481)) - Attempting to stop container services.
2024-05-10 09:18:09,528 [ContainerMetadataScanner] WARN  ozoneimpl.AbstractBackgroundContainerScanner (AbstractBackgroundContainerScanner.java:handleRemainingSleep(134)) - Background container scan was interrupted.
2024-05-10 09:18:09,528 [ContainerMetadataScanner] INFO  ozoneimpl.AbstractBackgroundContainerScanner (AbstractBackgroundContainerScanner.java:run(61)) - Thread[ContainerMetadataScanner,5,main] exiting.
2024-05-10 09:18:09,528 [main] INFO  ozoneimpl.BackgroundContainerDataScanner (BackgroundContainerDataScanner.java:shutdown(141)) - ContainerDataScanner(/home/runner/work/ozone/ozone/hadoop-ozone/integration-test/target/test-dir/MiniOzoneClusterImpl-5c48b7ff-bfdb-407d-b2cb-68403445a4a3/ozone-meta/datanode-3/data-0/hdds) is shutting down. 
2024-05-10 09:18:09,528 [ContainerDataScanner(/home/runner/work/ozone/ozone/hadoop-ozone/integration-test/target/test-dir/MiniOzoneClusterImpl-5c48b7ff-bfdb-407d-b2cb-68403445a4a3/ozone-meta/datanode-3/data-0/hdds)] WARN  ozoneimpl.AbstractBackgroundContainerScanner (AbstractBackgroundContainerScanner.java:handleRemainingSleep(134)) - Background container scan was interrupted.
2024-05-10 09:18:09,528 [ContainerDataScanner(/home/runner/work/ozone/ozone/hadoop-ozone/integration-test/target/test-dir/MiniOzoneClusterImpl-5c48b7ff-bfdb-407d-b2cb-68403445a4a3/ozone-meta/datanode-3/data-0/hdds)] INFO  ozoneimpl.AbstractBackgroundContainerScanner (AbstractBackgroundContainerScanner.java:run(61)) - ContainerDataScanner(/home/runner/work/ozone/ozone/hadoop-ozone/integration-test/target/test-dir/MiniOzoneClusterImpl-5c48b7ff-bfdb-407d-b2cb-68403445a4a3/ozone-meta/datanode-3/data-0/hdds, DS-12cdd499-9d22-47e3-9395-92477653975c) exiting.
2024-05-10 09:18:09,528 [main] INFO  ozoneimpl.OnDemandContainerDataScanner (OnDemandContainerDataScanner.java:shutdownScanner(206)) - On-demand container scanner is shutting down.
2024-05-10 09:18:09,529 [main] INFO  server.RaftServer (RaftServerProxy.java:lambda$close$9(416)) - e260e396-598b-44a7-8564-b51448915afe: close
2024-05-10 09:18:09,529 [e260e396-598b-44a7-8564-b51448915afe-impl-thread1] INFO  server.RaftServer$Division (RaftServerImpl.java:lambda$close$3(526)) - e260e396-598b-44a7-8564-b51448915afe@group-611B1F60644D: shutdown
2024-05-10 09:18:09,529 [e260e396-598b-44a7-8564-b51448915afe-impl-thread1] INFO  util.JmxRegister (JmxRegister.java:unregister(73)) - Successfully un-registered JMX Bean with object name Ratis:service=RaftServer,group=group-611B1F60644D,id=e260e396-598b-44a7-8564-b51448915afe
2024-05-10 09:18:09,529 [e260e396-598b-44a7-8564-b51448915afe-impl-thread1] INFO  impl.RoleInfo (RoleInfo.java:shutdownFollowerState(110)) - e260e396-598b-44a7-8564-b51448915afe: shutdown e260e396-598b-44a7-8564-b51448915afe@group-611B1F60644D-FollowerState
2024-05-10 09:18:09,529 [e260e396-598b-44a7-8564-b51448915afe-impl-thread1] INFO  impl.StateMachineUpdater (StateMachineUpdater.java:stopAndJoin(157)) - e260e396-598b-44a7-8564-b51448915afe@group-611B1F60644D-StateMachineUpdater: set stopIndex = 4
2024-05-10 09:18:09,529 [e260e396-598b-44a7-8564-b51448915afe@group-611B1F60644D-FollowerState] INFO  impl.FollowerState (FollowerState.java:run(152)) - e260e396-598b-44a7-8564-b51448915afe@group-611B1F60644D-FollowerState was interrupted
2024-05-10 09:18:09,529 [e260e396-598b-44a7-8564-b51448915afe@group-611B1F60644D-StateMachineUpdater] INFO  ratis.ContainerStateMachine (ContainerStateMachine.java:takeSnapshot(355)) - group-611B1F60644D: Taking a snapshot at:(t:1, i:1) file /home/runner/work/ozone/ozone/hadoop-ozone/integration-test/target/test-dir/MiniOzoneClusterImpl-5c48b7ff-bfdb-407d-b2cb-68403445a4a3/ozone-meta/datanode-3/ratis/464e5225-acc3-40b0-a04e-611b1f60644d/sm/snapshot.1_1
2024-05-10 09:18:09,528 [231fae4b-c133-4321-9160-5f63c50cd117@group-791040653F6E-LeaderElection19] INFO  server.RaftServerConfigKeys (ConfUtils.java:logGet(46)) - raft.server.write.element-limit = 1024 (custom)
2024-05-10 09:18:09,530 [231fae4b-c133-4321-9160-5f63c50cd117@group-791040653F6E-LeaderElection19] INFO  server.RaftServerConfigKeys (ConfUtils.java:logGet(46)) - raft.server.write.follower.gap.ratio.max = -1.0 (default)
2024-05-10 09:18:09,530 [231fae4b-c133-4321-9160-5f63c50cd117@group-791040653F6E-LeaderElection19] INFO  impl.RoleInfo (RoleInfo.java:updateAndGet(139)) - 231fae4b-c133-4321-9160-5f63c50cd117: start 231fae4b-c133-4321-9160-5f63c50cd117@group-791040653F6E-LeaderStateImpl
2024-05-10 09:18:09,530 [231fae4b-c133-4321-9160-5f63c50cd117@group-791040653F6E-LeaderElection19] INFO  server.RaftServer$Division (RaftServerImpl.java:setFirstElection(574)) - 231fae4b-c133-4321-9160-5f63c50cd117@group-791040653F6E: set firstElectionSinceStartup to false for becomeLeader
2024-05-10 09:18:09,531 [e260e396-598b-44a7-8564-b51448915afe@group-611B1F60644D-StateMachineUpdater] INFO  ratis.ContainerStateMachine (ContainerStateMachine.java:takeSnapshot(366)) - group-611B1F60644D: Finished taking a snapshot at:(t:1, i:1) file:/home/runner/work/ozone/ozone/hadoop-ozone/integration-test/target/test-dir/MiniOzoneClusterImpl-5c48b7ff-bfdb-407d-b2cb-68403445a4a3/ozone-meta/datanode-3/ratis/464e5225-acc3-40b0-a04e-611b1f60644d/sm/snapshot.1_1 took: 1 ms
2024-05-10 09:18:09,531 [e260e396-598b-44a7-8564-b51448915afe@group-611B1F60644D-StateMachineUpdater] INFO  impl.StateMachineUpdater (StateMachineUpdater.java:takeSnapshot(295)) - e260e396-598b-44a7-8564-b51448915afe@group-611B1F60644D-StateMachineUpdater: Took a snapshot at index 1
2024-05-10 09:18:09,531 [e260e396-598b-44a7-8564-b51448915afe@group-611B1F60644D-StateMachineUpdater] INFO  impl.StateMachineUpdater (StateMachineUpdater.java:lambda$new$0(98)) - e260e396-598b-44a7-8564-b51448915afe@group-611B1F60644D-StateMachineUpdater: snapshotIndex: updateIncreasingly -1 -> 1
2024-05-10 09:18:09,531 [e260e396-598b-44a7-8564-b51448915afe@group-611B1F60644D-StateMachineUpdater] INFO  ratis.ContainerStateMachine (ContainerStateMachine.java:takeSnapshot(355)) - group-611B1F60644D: Taking a snapshot at:(t:1, i:1) file /home/runner/work/ozone/ozone/hadoop-ozone/integration-test/target/test-dir/MiniOzoneClusterImpl-5c48b7ff-bfdb-407d-b2cb-68403445a4a3/ozone-meta/datanode-3/ratis/464e5225-acc3-40b0-a04e-611b1f60644d/sm/snapshot.1_1
2024-05-10 09:18:09,532 [231fae4b-c133-4321-9160-5f63c50cd117@group-791040653F6E-LeaderElection19] INFO  ratis.XceiverServerRatis (XceiverServerRatis.java:handleLeaderChangedNotification(966)) - Leader change notification received for group: group-791040653F6E with new leaderId: 231fae4b-c133-4321-9160-5f63c50cd117
2024-05-10 09:18:09,532 [e260e396-598b-44a7-8564-b51448915afe@group-611B1F60644D-StateMachineUpdater] INFO  ratis.ContainerStateMachine (ContainerStateMachine.java:takeSnapshot(366)) - group-611B1F60644D: Finished taking a snapshot at:(t:1, i:1) file:/home/runner/work/ozone/ozone/hadoop-ozone/integration-test/target/test-dir/MiniOzoneClusterImpl-5c48b7ff-bfdb-407d-b2cb-68403445a4a3/ozone-meta/datanode-3/ratis/464e5225-acc3-40b0-a04e-611b1f60644d/sm/snapshot.1_1 took: 1 ms
2024-05-10 09:18:09,532 [e260e396-598b-44a7-8564-b51448915afe@group-611B1F60644D-StateMachineUpdater] INFO  impl.StateMachineUpdater (StateMachineUpdater.java:takeSnapshot(295)) - e260e396-598b-44a7-8564-b51448915afe@group-611B1F60644D-StateMachineUpdater: Took a snapshot at index 1
2024-05-10 09:18:09,532 [e260e396-598b-44a7-8564-b51448915afe-impl-thread1] INFO  server.RaftServer$Division (ServerState.java:close(427)) - e260e396-598b-44a7-8564-b51448915afe@group-611B1F60644D: applyIndex: 1
2024-05-10 09:18:09,532 [e260e396-598b-44a7-8564-b51448915afe@group-611B1F60644D-cacheEviction-AwaitToRun] INFO  util.AwaitToRun (AwaitToRun.java:run(49)) - e260e396-598b-44a7-8564-b51448915afe@group-611B1F60644D-cacheEviction-AwaitToRun-AwaitForSignal is interrupted
2024-05-10 09:18:09,533 [231fae4b-c133-4321-9160-5f63c50cd117@group-791040653F6E-LeaderElection19] INFO  server.RaftServer$Division (ServerState.java:setLeader(269)) - 231fae4b-c133-4321-9160-5f63c50cd117@group-791040653F6E: change Leader from null to 231fae4b-c133-4321-9160-5f63c50cd117 at term 1 for becomeLeader, leader elected after 5152ms
2024-05-10 09:18:09,533 [231fae4b-c133-4321-9160-5f63c50cd117@group-791040653F6E-LeaderElection19] INFO  segmented.SegmentedRaftLogWorker (SegmentedRaftLogWorker.java:startLogSegment(430)) - 231fae4b-c133-4321-9160-5f63c50cd117@group-791040653F6E-SegmentedRaftLogWorker: Starting segment from index:0
2024-05-10 09:18:09,534 [231fae4b-c133-4321-9160-5f63c50cd117@group-791040653F6E-SegmentedRaftLogWorker] INFO  segmented.BufferedWriteChannel (BufferedWriteChannel.java:open(62)) - open log_inprogress_0 at position 0
2024-05-10 09:18:09,535 [231fae4b-c133-4321-9160-5f63c50cd117@group-791040653F6E-LeaderElection19] INFO  server.RaftServer$Division (ServerState.java:setRaftConf(386)) - 231fae4b-c133-4321-9160-5f63c50cd117@group-791040653F6E: set configuration 0: peers:[231fae4b-c133-4321-9160-5f63c50cd117|127.0.0.1:15094]|listeners:[], old=null
2024-05-10 09:18:09,541 [grpc-default-executor-2] INFO  server.RaftServer$Division (RaftServerImpl.java:requestVote(1422)) - 7c62eaa0-d491-4028-8bb9-25c4215260c7@group-16361C22082A replies to ELECTION vote request: e260e396-598b-44a7-8564-b51448915afe<-7c62eaa0-d491-4028-8bb9-25c4215260c7#0:OK-t1. Peer's state: 7c62eaa0-d491-4028-8bb9-25c4215260c7@group-16361C22082A:t1, leader=null, voted=e260e396-598b-44a7-8564-b51448915afe, raftlog=Memoized:7c62eaa0-d491-4028-8bb9-25c4215260c7@group-16361C22082A-SegmentedRaftLog:OPENED:c-1, conf=-1: peers:[7c62eaa0-d491-4028-8bb9-25c4215260c7|127.0.0.1:15067, e260e396-598b-44a7-8564-b51448915afe|127.0.0.1:15085, 7ab25875-5f77-45a1-9004-12eab6369d05|127.0.0.1:15076]|listeners:[], old=null
2024-05-10 09:18:09,541 [231fae4b-c133-4321-9160-5f63c50cd117@group-791040653F6E-SegmentedRaftLogWorker] INFO  segmented.SegmentedRaftLogWorker (SegmentedRaftLogWorker.java:execute(634)) - 231fae4b-c133-4321-9160-5f63c50cd117@group-791040653F6E-SegmentedRaftLogWorker: created new log segment /home/runner/work/ozone/ozone/hadoop-ozone/integration-test/target/test-dir/MiniOzoneClusterImpl-5c48b7ff-bfdb-407d-b2cb-68403445a4a3/ozone-meta/datanode-4/ratis/acda9b2a-3de6-4af8-b716-791040653f6e/current/log_inprogress_0
2024-05-10 09:18:09,544 [grpc-default-executor-0] INFO  server.RaftServer$Division (RaftServerImpl.java:setFirstElection(574)) - 7ab25875-5f77-45a1-9004-12eab6369d05@group-16361C22082A: set firstElectionSinceStartup to false for candidate:e260e396-598b-44a7-8564-b51448915afe
2024-05-10 09:18:09,545 [grpc-default-executor-0] INFO  server.RaftServer$Division (RaftServerImpl.java:requestVote(1422)) - 7ab25875-5f77-45a1-9004-12eab6369d05@group-16361C22082A replies to ELECTION vote request: e260e396-598b-44a7-8564-b51448915afe<-7ab25875-5f77-45a1-9004-12eab6369d05#0:OK-t1. Peer's state: 7ab25875-5f77-45a1-9004-12eab6369d05@group-16361C22082A:t1, leader=null, voted=e260e396-598b-44a7-8564-b51448915afe, raftlog=Memoized:7ab25875-5f77-45a1-9004-12eab6369d05@group-16361C22082A-SegmentedRaftLog:OPENED:c-1, conf=-1: peers:[7c62eaa0-d491-4028-8bb9-25c4215260c7|127.0.0.1:15067, e260e396-598b-44a7-8564-b51448915afe|127.0.0.1:15085, 7ab25875-5f77-45a1-9004-12eab6369d05|127.0.0.1:15076]|listeners:[], old=null
2024-05-10 09:18:09,547 [e260e396-598b-44a7-8564-b51448915afe-impl-thread2] INFO  server.RaftServer$Division (RaftServerImpl.java:lambda$close$3(526)) - e260e396-598b-44a7-8564-b51448915afe@group-0BB0747D8A84: shutdown
2024-05-10 09:18:09,548 [e260e396-598b-44a7-8564-b51448915afe-impl-thread2] INFO  util.JmxRegister (JmxRegister.java:unregister(73)) - Successfully un-registered JMX Bean with object name Ratis:service=RaftServer,group=group-0BB0747D8A84,id=e260e396-598b-44a7-8564-b51448915afe
2024-05-10 09:18:09,548 [e260e396-598b-44a7-8564-b51448915afe-impl-thread2] INFO  impl.RoleInfo (RoleInfo.java:shutdownLeaderState(94)) - e260e396-598b-44a7-8564-b51448915afe: shutdown e260e396-598b-44a7-8564-b51448915afe@group-0BB0747D8A84-LeaderStateImpl
2024-05-10 09:18:09,548 [e260e396-598b-44a7-8564-b51448915afe-impl-thread2] INFO  impl.PendingRequests (PendingRequests.java:sendNotLeaderResponses(289)) - e260e396-598b-44a7-8564-b51448915afe@group-0BB0747D8A84-PendingRequests: sendNotLeaderResponses
2024-05-10 09:18:09,549 [e260e396-598b-44a7-8564-b51448915afe@group-16361C22082A-LeaderElection18] INFO  impl.LeaderElection (LeaderElection.java:logAndReturn(89)) - e260e396-598b-44a7-8564-b51448915afe@group-16361C22082A-LeaderElection18: ELECTION PASSED received 1 response(s) and 0 exception(s):
2024-05-10 09:18:09,549 [e260e396-598b-44a7-8564-b51448915afe@group-16361C22082A-LeaderElection18] INFO  impl.LeaderElection (LeaderElection.java:logAndReturn(93)) -   Response 0: e260e396-598b-44a7-8564-b51448915afe<-7c62eaa0-d491-4028-8bb9-25c4215260c7#0:OK-t1
2024-05-10 09:18:09,549 [e260e396-598b-44a7-8564-b51448915afe@group-16361C22082A-LeaderElection18] INFO  impl.LeaderElection (LeaderElection.java:askForVotes(323)) - e260e396-598b-44a7-8564-b51448915afe@group-16361C22082A-LeaderElection18 ELECTION round 0: result PASSED
2024-05-10 09:18:09,549 [e260e396-598b-44a7-8564-b51448915afe@group-16361C22082A-LeaderElection18] INFO  impl.RoleInfo (RoleInfo.java:shutdownLeaderElection(130)) - e260e396-598b-44a7-8564-b51448915afe: shutdown e260e396-598b-44a7-8564-b51448915afe@group-16361C22082A-LeaderElection18
2024-05-10 09:18:09,549 [e260e396-598b-44a7-8564-b51448915afe@group-16361C22082A-LeaderElection18] INFO  server.RaftServer$Division (RaftServerImpl.java:setRole(383)) - e260e396-598b-44a7-8564-b51448915afe@group-16361C22082A: changes role from CANDIDATE to LEADER at term 1 for changeToLeader
2024-05-10 09:18:09,549 [e260e396-598b-44a7-8564-b51448915afe@group-16361C22082A-LeaderElection18] INFO  server.RaftServerConfigKeys (ConfUtils.java:logGet(46)) - raft.server.staging.catchup.gap = 1000 (default)
2024-05-10 09:18:09,549 [e260e396-598b-44a7-8564-b51448915afe@group-16361C22082A-LeaderElection18] INFO  server.RaftServerConfigKeys (ConfUtils.java:logGet(46)) - raft.server.write.element-limit = 1024 (custom)
2024-05-10 09:18:09,549 [e260e396-598b-44a7-8564-b51448915afe@group-16361C22082A-LeaderElection18] INFO  server.RaftServerConfigKeys (ConfUtils.java:logGet(46)) - raft.server.write.byte-limit = 1024 M (=1073741824) (custom)
2024-05-10 09:18:09,550 [e260e396-598b-44a7-8564-b51448915afe@group-16361C22082A-LeaderElection18] INFO  server.RaftServerConfigKeys (ConfUtils.java:logGet(46)) - raft.server.watch.timeout = 3000ms (custom)
2024-05-10 09:18:09,550 [e260e396-598b-44a7-8564-b51448915afe@group-16361C22082A-LeaderElection18] INFO  server.RaftServerConfigKeys (ConfUtils.java:logGet(46)) - raft.server.watch.timeout.denomination = 1s (default)
2024-05-10 09:18:09,550 [e260e396-598b-44a7-8564-b51448915afe@group-16361C22082A-LeaderElection18] INFO  server.RaftServerConfigKeys (ConfUtils.java:logGet(46)) - raft.server.watch.element-limit = 65536 (default)
2024-05-10 09:18:09,550 [e260e396-598b-44a7-8564-b51448915afe@group-16361C22082A-LeaderElection18] INFO  server.RaftServerConfigKeys (ConfUtils.java:logGet(46)) - raft.server.read.leader.lease.enabled = false (default)
2024-05-10 09:18:09,550 [e260e396-598b-44a7-8564-b51448915afe@group-16361C22082A-LeaderElection18] INFO  server.RaftServerConfigKeys (ConfUtils.java:logGet(46)) - raft.server.read.leader.lease.timeout.ratio = 0.9 (default)
2024-05-10 09:18:09,550 [e260e396-598b-44a7-8564-b51448915afe@group-16361C22082A-LeaderElection18] INFO  server.RaftServerConfigKeys (ConfUtils.java:logGet(46)) - raft.server.rpc.timeout.min = 5s (custom)
2024-05-10 09:18:09,550 [e260e396-598b-44a7-8564-b51448915afe@group-16361C22082A-LeaderElection18] INFO  server.RaftServerConfigKeys (ConfUtils.java:logGet(46)) - raft.server.write.element-limit = 1024 (custom)
2024-05-10 09:18:09,550 [e260e396-598b-44a7-8564-b51448915afe@group-16361C22082A-LeaderElection18] INFO  server.RaftServerConfigKeys (ConfUtils.java:logGet(46)) - raft.server.write.follower.gap.ratio.max = -1.0 (default)
2024-05-10 09:18:09,550 [e260e396-598b-44a7-8564-b51448915afe@group-16361C22082A-LeaderElection18] INFO  server.RaftServerConfigKeys (ConfUtils.java:logGet(46)) - raft.server.log.appender.snapshot.chunk.size.max = 16MB (=16777216) (default)
2024-05-10 09:18:09,550 [e260e396-598b-44a7-8564-b51448915afe@group-16361C22082A-LeaderElection18] INFO  server.RaftServerConfigKeys (ConfUtils.java:logGet(46)) - raft.server.log.appender.buffer.byte-limit = 8388608 (custom)
2024-05-10 09:18:09,551 [e260e396-598b-44a7-8564-b51448915afe@group-16361C22082A-LeaderElection18] INFO  server.RaftServerConfigKeys (ConfUtils.java:logGet(46)) - raft.server.log.appender.buffer.element-limit = 1 (custom)
2024-05-10 09:18:09,551 [e260e396-598b-44a7-8564-b51448915afe@group-16361C22082A-LeaderElection18] INFO  server.RaftServerConfigKeys (ConfUtils.java:logGet(46)) - raft.server.log.appender.wait-time.min = 0ms (custom)
2024-05-10 09:18:09,551 [e260e396-598b-44a7-8564-b51448915afe@group-16361C22082A-LeaderElection18] INFO  grpc.GrpcConfigKeys (ConfUtils.java:logGet(46)) - raft.grpc.server.leader.outstanding.appends.max = 8 (default)
2024-05-10 09:18:09,551 [e260e396-598b-44a7-8564-b51448915afe@group-16361C22082A-LeaderElection18] INFO  server.RaftServerConfigKeys (ConfUtils.java:logGet(46)) - raft.server.rpc.request.timeout = 3000ms (default)
2024-05-10 09:18:09,551 [e260e396-598b-44a7-8564-b51448915afe@group-16361C22082A-LeaderElection18] INFO  grpc.GrpcConfigKeys (ConfUtils.java:logGet(46)) - raft.grpc.server.install_snapshot.request.element-limit = 8 (default)
2024-05-10 09:18:09,551 [e260e396-598b-44a7-8564-b51448915afe@group-16361C22082A-LeaderElection18] INFO  grpc.GrpcConfigKeys (ConfUtils.java:logGet(46)) - raft.grpc.server.install_snapshot.request.timeout = 3000ms (default)
2024-05-10 09:18:09,551 [e260e396-598b-44a7-8564-b51448915afe@group-16361C22082A-LeaderElection18] INFO  grpc.GrpcConfigKeys (ConfUtils.java:logGet(46)) - raft.grpc.server.log-message.batch.duration = 5s (default)
2024-05-10 09:18:09,551 [e260e396-598b-44a7-8564-b51448915afe@group-16361C22082A-LeaderElection18] INFO  server.RaftServerConfigKeys (ConfUtils.java:logGet(46)) - raft.server.log.appender.install.snapshot.enabled = false (custom)
2024-05-10 09:18:09,551 [e260e396-598b-44a7-8564-b51448915afe@group-16361C22082A-LeaderElection18] INFO  grpc.GrpcConfigKeys (ConfUtils.java:logGet(46)) - raft.grpc.server.heartbeat.channel = true (default)
2024-05-10 09:18:09,551 [231fae4b-c133-4321-9160-5f63c50cd117@group-791040653F6E-StateMachineUpdater] INFO  server.RaftServer$Division (LeaderStateImpl.java:isApplied(320)) - leader is ready since appliedIndex == 0 >= startIndex == 0
2024-05-10 09:18:09,552 [e260e396-598b-44a7-8564-b51448915afe@group-16361C22082A-LeaderElection18] INFO  server.RaftServerConfigKeys (ConfUtils.java:logGet(46)) - raft.server.log.appender.snapshot.chunk.size.max = 16MB (=16777216) (default)
2024-05-10 09:18:09,552 [e260e396-598b-44a7-8564-b51448915afe@group-16361C22082A-LeaderElection18] INFO  server.RaftServerConfigKeys (ConfUtils.java:logGet(46)) - raft.server.log.appender.buffer.byte-limit = 8388608 (custom)
2024-05-10 09:18:09,552 [e260e396-598b-44a7-8564-b51448915afe@group-16361C22082A-LeaderElection18] INFO  server.RaftServerConfigKeys (ConfUtils.java:logGet(46)) - raft.server.log.appender.buffer.element-limit = 1 (custom)
2024-05-10 09:18:09,552 [e260e396-598b-44a7-8564-b51448915afe@group-16361C22082A-LeaderElection18] INFO  server.RaftServerConfigKeys (ConfUtils.java:logGet(46)) - raft.server.log.appender.wait-time.min = 0ms (custom)
2024-05-10 09:18:09,552 [e260e396-598b-44a7-8564-b51448915afe@group-16361C22082A-LeaderElection18] INFO  grpc.GrpcConfigKeys (ConfUtils.java:logGet(46)) - raft.grpc.server.leader.outstanding.appends.max = 8 (default)
2024-05-10 09:18:09,552 [e260e396-598b-44a7-8564-b51448915afe@group-16361C22082A-LeaderElection18] INFO  server.RaftServerConfigKeys (ConfUtils.java:logGet(46)) - raft.server.rpc.request.timeout = 3000ms (default)
2024-05-10 09:18:09,552 [e260e396-598b-44a7-8564-b51448915afe@group-16361C22082A-LeaderElection18] INFO  grpc.GrpcConfigKeys (ConfUtils.java:logGet(46)) - raft.grpc.server.install_snapshot.request.element-limit = 8 (default)
2024-05-10 09:18:09,552 [e260e396-598b-44a7-8564-b51448915afe@group-16361C22082A-LeaderElection18] INFO  grpc.GrpcConfigKeys (ConfUtils.java:logGet(46)) - raft.grpc.server.install_snapshot.request.timeout = 3000ms (default)
2024-05-10 09:18:09,552 [e260e396-598b-44a7-8564-b51448915afe@group-16361C22082A-LeaderElection18] INFO  grpc.GrpcConfigKeys (ConfUtils.java:logGet(46)) - raft.grpc.server.log-message.batch.duration = 5s (default)
2024-05-10 09:18:09,552 [e260e396-598b-44a7-8564-b51448915afe@group-16361C22082A-LeaderElection18] INFO  server.RaftServerConfigKeys (ConfUtils.java:logGet(46)) - raft.server.log.appender.install.snapshot.enabled = false (custom)
2024-05-10 09:18:09,552 [e260e396-598b-44a7-8564-b51448915afe@group-16361C22082A-LeaderElection18] INFO  grpc.GrpcConfigKeys (ConfUtils.java:logGet(46)) - raft.grpc.server.heartbeat.channel = true (default)
2024-05-10 09:18:09,553 [e260e396-598b-44a7-8564-b51448915afe@group-16361C22082A-LeaderElection18] INFO  impl.RoleInfo (RoleInfo.java:updateAndGet(139)) - e260e396-598b-44a7-8564-b51448915afe: start e260e396-598b-44a7-8564-b51448915afe@group-16361C22082A-LeaderStateImpl
2024-05-10 09:18:09,553 [e260e396-598b-44a7-8564-b51448915afe@group-16361C22082A-LeaderElection18] INFO  server.RaftServer$Division (RaftServerImpl.java:setFirstElection(574)) - e260e396-598b-44a7-8564-b51448915afe@group-16361C22082A: set firstElectionSinceStartup to false for becomeLeader
2024-05-10 09:18:09,553 [e260e396-598b-44a7-8564-b51448915afe@group-16361C22082A-LeaderElection18] INFO  ratis.XceiverServerRatis (XceiverServerRatis.java:handleLeaderChangedNotification(966)) - Leader change notification received for group: group-16361C22082A with new leaderId: e260e396-598b-44a7-8564-b51448915afe
2024-05-10 09:18:09,558 [main] INFO  server.GrpcService (GrpcService.java:closeImpl(311)) - e260e396-598b-44a7-8564-b51448915afe: shutdown server org.apache.ratis.grpc.server.GrpcClientProtocolService now
2024-05-10 09:18:09,558 [e260e396-598b-44a7-8564-b51448915afe-impl-thread3] INFO  server.RaftServer$Division (RaftServerImpl.java:lambda$close$3(526)) - e260e396-598b-44a7-8564-b51448915afe@group-16361C22082A: shutdown
2024-05-10 09:18:09,558 [e260e396-598b-44a7-8564-b51448915afe-impl-thread3] INFO  util.JmxRegister (JmxRegister.java:unregister(73)) - Successfully un-registered JMX Bean with object name Ratis:service=RaftServer,group=group-16361C22082A,id=e260e396-598b-44a7-8564-b51448915afe
2024-05-10 09:18:09,559 [e260e396-598b-44a7-8564-b51448915afe-impl-thread3] INFO  impl.RoleInfo (RoleInfo.java:shutdownLeaderState(94)) - e260e396-598b-44a7-8564-b51448915afe: shutdown e260e396-598b-44a7-8564-b51448915afe@group-16361C22082A-LeaderStateImpl
2024-05-10 09:18:09,559 [e260e396-598b-44a7-8564-b51448915afe-impl-thread3] INFO  impl.PendingRequests (PendingRequests.java:sendNotLeaderResponses(289)) - e260e396-598b-44a7-8564-b51448915afe@group-16361C22082A-PendingRequests: sendNotLeaderResponses
2024-05-10 09:18:09,559 [e260e396-598b-44a7-8564-b51448915afe-impl-thread3] INFO  segmented.SegmentedRaftLogWorker (SegmentedRaftLogWorker.java:startLogSegment(430)) - e260e396-598b-44a7-8564-b51448915afe@group-16361C22082A-SegmentedRaftLogWorker: Starting segment from index:0
2024-05-10 09:18:09,559 [e260e396-598b-44a7-8564-b51448915afe-impl-thread3] INFO  server.RaftServer$Division (ServerState.java:setRaftConf(386)) - e260e396-598b-44a7-8564-b51448915afe@group-16361C22082A: set configuration 0: peers:[7c62eaa0-d491-4028-8bb9-25c4215260c7|127.0.0.1:15067, e260e396-598b-44a7-8564-b51448915afe|127.0.0.1:15085, 7ab25875-5f77-45a1-9004-12eab6369d05|127.0.0.1:15076]|listeners:[], old=null
2024-05-10 09:18:09,560 [e260e396-598b-44a7-8564-b51448915afe-impl-thread2] INFO  impl.StateMachineUpdater (StateMachineUpdater.java:stopAndJoin(157)) - e260e396-598b-44a7-8564-b51448915afe@group-0BB0747D8A84-StateMachineUpdater: set stopIndex = 0
2024-05-10 09:18:09,560 [e260e396-598b-44a7-8564-b51448915afe@group-0BB0747D8A84-StateMachineUpdater] INFO  ratis.ContainerStateMachine (ContainerStateMachine.java:takeSnapshot(355)) - group-0BB0747D8A84: Taking a snapshot at:(t:1, i:0) file /home/runner/work/ozone/ozone/hadoop-ozone/integration-test/target/test-dir/MiniOzoneClusterImpl-5c48b7ff-bfdb-407d-b2cb-68403445a4a3/ozone-meta/datanode-3/ratis/9bca9582-3816-448c-8743-0bb0747d8a84/sm/snapshot.1_0
2024-05-10 09:18:09,561 [e260e396-598b-44a7-8564-b51448915afe@group-16361C22082A-LeaderElection18] INFO  server.RaftServer$Division (ServerState.java:setLeader(269)) - e260e396-598b-44a7-8564-b51448915afe@group-16361C22082A: change Leader from null to e260e396-598b-44a7-8564-b51448915afe at term 1 for becomeLeader, leader elected after 5223ms
2024-05-10 09:18:09,561 [e260e396-598b-44a7-8564-b51448915afe@group-16361C22082A-SegmentedRaftLogWorker] INFO  segmented.BufferedWriteChannel (BufferedWriteChannel.java:open(62)) - open log_inprogress_0 at position 0
2024-05-10 09:18:09,561 [e260e396-598b-44a7-8564-b51448915afe@group-0BB0747D8A84-StateMachineUpdater] INFO  ratis.ContainerStateMachine (ContainerStateMachine.java:takeSnapshot(366)) - group-0BB0747D8A84: Finished taking a snapshot at:(t:1, i:0) file:/home/runner/work/ozone/ozone/hadoop-ozone/integration-test/target/test-dir/MiniOzoneClusterImpl-5c48b7ff-bfdb-407d-b2cb-68403445a4a3/ozone-meta/datanode-3/ratis/9bca9582-3816-448c-8743-0bb0747d8a84/sm/snapshot.1_0 took: 0 ms
2024-05-10 09:18:09,561 [e260e396-598b-44a7-8564-b51448915afe@group-0BB0747D8A84-StateMachineUpdater] INFO  impl.StateMachineUpdater (StateMachineUpdater.java:takeSnapshot(295)) - e260e396-598b-44a7-8564-b51448915afe@group-0BB0747D8A84-StateMachineUpdater: Took a snapshot at index 0
2024-05-10 09:18:09,561 [e260e396-598b-44a7-8564-b51448915afe@group-0BB0747D8A84-StateMachineUpdater] INFO  impl.StateMachineUpdater (StateMachineUpdater.java:lambda$new$0(98)) - e260e396-598b-44a7-8564-b51448915afe@group-0BB0747D8A84-StateMachineUpdater: snapshotIndex: updateIncreasingly -1 -> 0
2024-05-10 09:18:09,562 [e260e396-598b-44a7-8564-b51448915afe-impl-thread2] INFO  server.RaftServer$Division (ServerState.java:close(427)) - e260e396-598b-44a7-8564-b51448915afe@group-0BB0747D8A84: applyIndex: 0
2024-05-10 09:18:09,562 [e260e396-598b-44a7-8564-b51448915afe@group-0BB0747D8A84-cacheEviction-AwaitToRun] INFO  util.AwaitToRun (AwaitToRun.java:run(49)) - e260e396-598b-44a7-8564-b51448915afe@group-0BB0747D8A84-cacheEviction-AwaitToRun-AwaitForSignal is interrupted
2024-05-10 09:18:09,565 [Thread-1513] INFO  server.GrpcServerProtocolClient (GrpcServerProtocolClient.java:close(103)) - 7c62eaa0-d491-4028-8bb9-25c4215260c7 Close channels
2024-05-10 09:18:09,567 [Thread-1515] INFO  server.GrpcServerProtocolClient (GrpcServerProtocolClient.java:close(103)) - 7ab25875-5f77-45a1-9004-12eab6369d05 Close channels
2024-05-10 09:18:09,568 [e260e396-598b-44a7-8564-b51448915afe@group-16361C22082A-SegmentedRaftLogWorker] INFO  segmented.SegmentedRaftLogWorker (SegmentedRaftLogWorker.java:execute(634)) - e260e396-598b-44a7-8564-b51448915afe@group-16361C22082A-SegmentedRaftLogWorker: created new log segment /home/runner/work/ozone/ozone/hadoop-ozone/integration-test/target/test-dir/MiniOzoneClusterImpl-5c48b7ff-bfdb-407d-b2cb-68403445a4a3/ozone-meta/datanode-3/ratis/dcf6396f-50a7-4cc4-8cec-16361c22082a/current/log_inprogress_0
2024-05-10 09:18:09,570 [main] INFO  server.GrpcService (GrpcService.java:closeImpl(320)) - e260e396-598b-44a7-8564-b51448915afe: shutdown server org.apache.ratis.grpc.server.GrpcClientProtocolService successfully
2024-05-10 09:18:09,570 [main] INFO  server.GrpcService (GrpcService.java:closeImpl(311)) - e260e396-598b-44a7-8564-b51448915afe: shutdown server GrpcServerProtocolService now
2024-05-10 09:18:09,573 [grpc-default-executor-2] WARN  server.GrpcServerProtocolService (LogUtils.java:warn(121)) - e260e396-598b-44a7-8564-b51448915afe: APPEND_ENTRIES onError, lastRequest: null: org.apache.ratis.thirdparty.io.grpc.StatusRuntimeException: CANCELLED: client cancelled
2024-05-10 09:18:09,573 [grpc-default-executor-2] WARN  server.GrpcLogAppender (LogUtils.java:warn(121)) - 7c62eaa0-d491-4028-8bb9-25c4215260c7@group-611B1F60644D->e260e396-598b-44a7-8564-b51448915afe-AppendLogResponseHandler: Failed appendEntries: org.apache.ratis.thirdparty.io.grpc.StatusRuntimeException: CANCELLED: RST_STREAM closed stream. HTTP/2 error code: CANCEL
2024-05-10 09:18:09,573 [grpc-default-executor-2] WARN  server.GrpcLogAppender (GrpcLogAppender.java:lambda$resetClient$1(217)) - 7c62eaa0-d491-4028-8bb9-25c4215260c7@group-611B1F60644D->e260e396-598b-44a7-8564-b51448915afe-GrpcLogAppender: Follower failed (request=null, errorCount=1); keep nextIndex (8) unchanged and retry.
2024-05-10 09:18:09,574 [grpc-default-executor-0] WARN  server.GrpcServerProtocolService (LogUtils.java:warn(121)) - e260e396-598b-44a7-8564-b51448915afe: APPEND_ENTRIES onError, lastRequest: 7c62eaa0-d491-4028-8bb9-25c4215260c7->e260e396-598b-44a7-8564-b51448915afe#12-t1,previous=(t:1, i:6),leaderCommit=4,initializing? false,entries: size=1, first=(t:1, i:7), METADATAENTRY(c:3): org.apache.ratis.thirdparty.io.grpc.StatusRuntimeException: CANCELLED: client cancelled
2024-05-10 09:18:09,574 [main] INFO  server.GrpcService (GrpcService.java:closeImpl(320)) - e260e396-598b-44a7-8564-b51448915afe: shutdown server GrpcServerProtocolService successfully
2024-05-10 09:18:09,574 [main] INFO  server.GrpcService (GrpcService.java:closeImpl(311)) - e260e396-598b-44a7-8564-b51448915afe: shutdown server org.apache.ratis.grpc.server.GrpcAdminProtocolService now
2024-05-10 09:18:09,575 [main] INFO  server.GrpcService (GrpcService.java:closeImpl(320)) - e260e396-598b-44a7-8564-b51448915afe: shutdown server org.apache.ratis.grpc.server.GrpcAdminProtocolService successfully
2024-05-10 09:18:09,579 [e260e396-598b-44a7-8564-b51448915afe-NettyServerStreamRpc-bossGroup--thread1] INFO  logging.LoggingHandler (AbstractInternalLogger.java:log(148)) - [id: 0x5e8529a8, L:/0.0.0.0:15086] CLOSE
2024-05-10 09:18:09,579 [e260e396-598b-44a7-8564-b51448915afe-NettyServerStreamRpc-bossGroup--thread1] INFO  logging.LoggingHandler (AbstractInternalLogger.java:log(148)) - [id: 0x5e8529a8, L:/0.0.0.0:15086] INACTIVE
2024-05-10 09:18:09,579 [e260e396-598b-44a7-8564-b51448915afe-NettyServerStreamRpc-bossGroup--thread1] INFO  logging.LoggingHandler (AbstractInternalLogger.java:log(148)) - [id: 0x5e8529a8, L:/0.0.0.0:15086] UNREGISTERED
2024-05-10 09:18:10,391 [e260e396-598b-44a7-8564-b51448915afe-impl-thread2] INFO  segmented.SegmentedRaftLogWorker (SegmentedRaftLogWorker.java:close(245)) - e260e396-598b-44a7-8564-b51448915afe@group-0BB0747D8A84-SegmentedRaftLogWorker close()
2024-05-10 09:18:10,507 [e260e396-598b-44a7-8564-b51448915afe-impl-thread1] INFO  segmented.SegmentedRaftLogWorker (SegmentedRaftLogWorker.java:close(245)) - e260e396-598b-44a7-8564-b51448915afe@group-611B1F60644D-SegmentedRaftLogWorker close()
2024-05-10 09:18:14,573 [timer0] WARN  server.GrpcLogAppender (LogUtils.java:warn(121)) - 7c62eaa0-d491-4028-8bb9-25c4215260c7@group-611B1F60644D->e260e396-598b-44a7-8564-b51448915afe-AppendLogResponseHandler: Failed appendEntries (Repeated 8 times in the last 5.000s): org.apache.ratis.thirdparty.io.grpc.StatusRuntimeException: UNAVAILABLE: io exception
2024-05-10 09:18:14,573 [timer1] WARN  server.GrpcLogAppender (GrpcLogAppender.java:lambda$resetClient$1(217)) - 7c62eaa0-d491-4028-8bb9-25c4215260c7@group-611B1F60644D->e260e396-598b-44a7-8564-b51448915afe-GrpcLogAppender: Follower failed (request=null, errorCount=8); keep nextIndex (8) unchanged and retry. (Repeated 8 times in the last 5.000s)
2024-05-10 09:18:15,766 [grpc-default-executor-3] WARN  server.GrpcLogAppender (LogUtils.java:warn(121)) - 7c62eaa0-d491-4028-8bb9-25c4215260c7@group-611B1F60644D->e260e396-598b-44a7-8564-b51448915afe-AppendLogResponseHandler: Failed appendEntries: org.apache.ratis.thirdparty.io.grpc.StatusRuntimeException: UNAVAILABLE: io exception
2024-05-10 09:18:15,766 [grpc-default-executor-0] WARN  server.GrpcLogAppender (GrpcLogAppender.java:lambda$resetClient$1(217)) - 7c62eaa0-d491-4028-8bb9-25c4215260c7@group-611B1F60644D->e260e396-598b-44a7-8564-b51448915afe-GrpcLogAppender: Follower failed (request=null, errorCount=9); keep nextIndex (8) unchanged and retry.
2024-05-10 09:18:19,651 [7c62eaa0-d491-4028-8bb9-25c4215260c7@group-16361C22082A-FollowerState] INFO  impl.FollowerState (FollowerState.java:run(143)) - 7c62eaa0-d491-4028-8bb9-25c4215260c7@group-16361C22082A-FollowerState: change to CANDIDATE, lastRpcElapsedTime:10109876420ns, electionTimeout:5067ms
2024-05-10 09:18:19,651 [7c62eaa0-d491-4028-8bb9-25c4215260c7@group-16361C22082A-FollowerState] INFO  impl.RoleInfo (RoleInfo.java:shutdownFollowerState(110)) - 7c62eaa0-d491-4028-8bb9-25c4215260c7: shutdown 7c62eaa0-d491-4028-8bb9-25c4215260c7@group-16361C22082A-FollowerState
2024-05-10 09:18:19,651 [7c62eaa0-d491-4028-8bb9-25c4215260c7@group-16361C22082A-FollowerState] INFO  server.RaftServer$Division (RaftServerImpl.java:setRole(383)) - 7c62eaa0-d491-4028-8bb9-25c4215260c7@group-16361C22082A: changes role from  FOLLOWER to CANDIDATE at term 1 for changeToCandidate
2024-05-10 09:18:19,651 [7c62eaa0-d491-4028-8bb9-25c4215260c7@group-16361C22082A-FollowerState] INFO  server.RaftServerConfigKeys (ConfUtils.java:logGet(46)) - raft.server.leaderelection.pre-vote = true (default)
2024-05-10 09:18:19,651 [7c62eaa0-d491-4028-8bb9-25c4215260c7@group-16361C22082A-FollowerState] INFO  impl.RoleInfo (RoleInfo.java:updateAndGet(139)) - 7c62eaa0-d491-4028-8bb9-25c4215260c7: start 7c62eaa0-d491-4028-8bb9-25c4215260c7@group-16361C22082A-LeaderElection20
2024-05-10 09:18:19,652 [7c62eaa0-d491-4028-8bb9-25c4215260c7@group-16361C22082A-LeaderElection20] INFO  impl.LeaderElection (LeaderElection.java:askForVotes(321)) - 7c62eaa0-d491-4028-8bb9-25c4215260c7@group-16361C22082A-LeaderElection20 PRE_VOTE round 0: submit vote requests at term 1 for -1: peers:[7c62eaa0-d491-4028-8bb9-25c4215260c7|127.0.0.1:15067, e260e396-598b-44a7-8564-b51448915afe|127.0.0.1:15085, 7ab25875-5f77-45a1-9004-12eab6369d05|127.0.0.1:15076]|listeners:[], old=null
2024-05-10 09:18:19,653 [7c62eaa0-d491-4028-8bb9-25c4215260c7@group-16361C22082A-LeaderElection20] INFO  impl.LeaderElection (LogUtils.java:infoOrTrace(136)) - 7c62eaa0-d491-4028-8bb9-25c4215260c7@group-16361C22082A-LeaderElection20 got exception when requesting votes: java.util.concurrent.ExecutionException: org.apache.ratis.thirdparty.io.grpc.StatusRuntimeException: UNAVAILABLE: io exception
2024-05-10 09:18:19,653 [grpc-default-executor-3] INFO  server.RaftServer$Division (RaftServerImpl.java:requestVote(1389)) - 7ab25875-5f77-45a1-9004-12eab6369d05@group-16361C22082A: receive requestVote(PRE_VOTE, 7c62eaa0-d491-4028-8bb9-25c4215260c7, group-16361C22082A, 1, (t:0, i:0))
2024-05-10 09:18:19,654 [grpc-default-executor-3] INFO  impl.VoteContext (VoteContext.java:log(49)) - 7ab25875-5f77-45a1-9004-12eab6369d05@group-16361C22082A-FOLLOWER: accept PRE_VOTE from 7c62eaa0-d491-4028-8bb9-25c4215260c7: our priority 0 <= candidate's priority 0
2024-05-10 09:18:19,654 [grpc-default-executor-3] INFO  server.RaftServer$Division (RaftServerImpl.java:requestVote(1422)) - 7ab25875-5f77-45a1-9004-12eab6369d05@group-16361C22082A replies to PRE_VOTE vote request: 7c62eaa0-d491-4028-8bb9-25c4215260c7<-7ab25875-5f77-45a1-9004-12eab6369d05#0:OK-t1. Peer's state: 7ab25875-5f77-45a1-9004-12eab6369d05@group-16361C22082A:t1, leader=null, voted=e260e396-598b-44a7-8564-b51448915afe, raftlog=Memoized:7ab25875-5f77-45a1-9004-12eab6369d05@group-16361C22082A-SegmentedRaftLog:OPENED:c-1, conf=-1: peers:[7c62eaa0-d491-4028-8bb9-25c4215260c7|127.0.0.1:15067, e260e396-598b-44a7-8564-b51448915afe|127.0.0.1:15085, 7ab25875-5f77-45a1-9004-12eab6369d05|127.0.0.1:15076]|listeners:[], old=null
2024-05-10 09:18:19,658 [7c62eaa0-d491-4028-8bb9-25c4215260c7@group-16361C22082A-LeaderElection20] INFO  impl.LeaderElection (LeaderElection.java:logAndReturn(89)) - 7c62eaa0-d491-4028-8bb9-25c4215260c7@group-16361C22082A-LeaderElection20: PRE_VOTE PASSED received 1 response(s) and 1 exception(s):
2024-05-10 09:18:19,658 [7c62eaa0-d491-4028-8bb9-25c4215260c7@group-16361C22082A-LeaderElection20] INFO  impl.LeaderElection (LeaderElection.java:logAndReturn(93)) -   Response 0: 7c62eaa0-d491-4028-8bb9-25c4215260c7<-7ab25875-5f77-45a1-9004-12eab6369d05#0:OK-t1
2024-05-10 09:18:19,659 [7c62eaa0-d491-4028-8bb9-25c4215260c7@group-16361C22082A-LeaderElection20] INFO  impl.LeaderElection (LogUtils.java:infoOrTrace(136)) -   Exception 1: java.util.concurrent.ExecutionException: org.apache.ratis.thirdparty.io.grpc.StatusRuntimeException: UNAVAILABLE: io exception
2024-05-10 09:18:19,659 [7c62eaa0-d491-4028-8bb9-25c4215260c7@group-16361C22082A-LeaderElection20] INFO  impl.LeaderElection (LeaderElection.java:askForVotes(323)) - 7c62eaa0-d491-4028-8bb9-25c4215260c7@group-16361C22082A-LeaderElection20 PRE_VOTE round 0: result PASSED
2024-05-10 09:18:19,660 [7c62eaa0-d491-4028-8bb9-25c4215260c7@group-16361C22082A-LeaderElection20] INFO  impl.LeaderElection (LeaderElection.java:askForVotes(321)) - 7c62eaa0-d491-4028-8bb9-25c4215260c7@group-16361C22082A-LeaderElection20 ELECTION round 0: submit vote requests at term 2 for -1: peers:[7c62eaa0-d491-4028-8bb9-25c4215260c7|127.0.0.1:15067, e260e396-598b-44a7-8564-b51448915afe|127.0.0.1:15085, 7ab25875-5f77-45a1-9004-12eab6369d05|127.0.0.1:15076]|listeners:[], old=null
2024-05-10 09:18:19,661 [7c62eaa0-d491-4028-8bb9-25c4215260c7@group-16361C22082A-LeaderElection20] INFO  impl.LeaderElection (LogUtils.java:infoOrTrace(136)) - 7c62eaa0-d491-4028-8bb9-25c4215260c7@group-16361C22082A-LeaderElection20 got exception when requesting votes: java.util.concurrent.ExecutionException: org.apache.ratis.thirdparty.io.grpc.StatusRuntimeException: UNAVAILABLE: io exception
2024-05-10 09:18:19,661 [grpc-default-executor-3] INFO  server.RaftServer$Division (RaftServerImpl.java:requestVote(1389)) - 7ab25875-5f77-45a1-9004-12eab6369d05@group-16361C22082A: receive requestVote(ELECTION, 7c62eaa0-d491-4028-8bb9-25c4215260c7, group-16361C22082A, 2, (t:0, i:0))
2024-05-10 09:18:19,662 [grpc-default-executor-3] INFO  impl.VoteContext (VoteContext.java:log(49)) - 7ab25875-5f77-45a1-9004-12eab6369d05@group-16361C22082A-FOLLOWER: accept ELECTION from 7c62eaa0-d491-4028-8bb9-25c4215260c7: our priority 0 <= candidate's priority 0
2024-05-10 09:18:19,662 [grpc-default-executor-3] INFO  server.RaftServer$Division (RaftServerImpl.java:setRole(383)) - 7ab25875-5f77-45a1-9004-12eab6369d05@group-16361C22082A: changes role from  FOLLOWER to FOLLOWER at term 2 for candidate:7c62eaa0-d491-4028-8bb9-25c4215260c7
2024-05-10 09:18:19,662 [grpc-default-executor-3] INFO  impl.RoleInfo (RoleInfo.java:shutdownFollowerState(110)) - 7ab25875-5f77-45a1-9004-12eab6369d05: shutdown 7ab25875-5f77-45a1-9004-12eab6369d05@group-16361C22082A-FollowerState
2024-05-10 09:18:19,662 [grpc-default-executor-3] INFO  impl.RoleInfo (RoleInfo.java:updateAndGet(139)) - 7ab25875-5f77-45a1-9004-12eab6369d05: start 7ab25875-5f77-45a1-9004-12eab6369d05@group-16361C22082A-FollowerState
2024-05-10 09:18:19,662 [7ab25875-5f77-45a1-9004-12eab6369d05@group-16361C22082A-FollowerState] INFO  impl.FollowerState (FollowerState.java:run(152)) - 7ab25875-5f77-45a1-9004-12eab6369d05@group-16361C22082A-FollowerState was interrupted
2024-05-10 09:18:19,663 [grpc-default-executor-3] INFO  server.RaftServer$Division (RaftServerImpl.java:requestVote(1422)) - 7ab25875-5f77-45a1-9004-12eab6369d05@group-16361C22082A replies to ELECTION vote request: 7c62eaa0-d491-4028-8bb9-25c4215260c7<-7ab25875-5f77-45a1-9004-12eab6369d05#0:OK-t2. Peer's state: 7ab25875-5f77-45a1-9004-12eab6369d05@group-16361C22082A:t2, leader=null, voted=7c62eaa0-d491-4028-8bb9-25c4215260c7, raftlog=Memoized:7ab25875-5f77-45a1-9004-12eab6369d05@group-16361C22082A-SegmentedRaftLog:OPENED:c-1, conf=-1: peers:[7c62eaa0-d491-4028-8bb9-25c4215260c7|127.0.0.1:15067, e260e396-598b-44a7-8564-b51448915afe|127.0.0.1:15085, 7ab25875-5f77-45a1-9004-12eab6369d05|127.0.0.1:15076]|listeners:[], old=null
2024-05-10 09:18:19,664 [7c62eaa0-d491-4028-8bb9-25c4215260c7@group-16361C22082A-LeaderElection20] INFO  impl.LeaderElection (LeaderElection.java:logAndReturn(89)) - 7c62eaa0-d491-4028-8bb9-25c4215260c7@group-16361C22082A-LeaderElection20: ELECTION PASSED received 1 response(s) and 1 exception(s):
2024-05-10 09:18:19,664 [7c62eaa0-d491-4028-8bb9-25c4215260c7@group-16361C22082A-LeaderElection20] INFO  impl.LeaderElection (LeaderElection.java:logAndReturn(93)) -   Response 0: 7c62eaa0-d491-4028-8bb9-25c4215260c7<-7ab25875-5f77-45a1-9004-12eab6369d05#0:OK-t2
2024-05-10 09:18:19,664 [7c62eaa0-d491-4028-8bb9-25c4215260c7@group-16361C22082A-LeaderElection20] INFO  impl.LeaderElection (LogUtils.java:infoOrTrace(136)) -   Exception 1: java.util.concurrent.ExecutionException: org.apache.ratis.thirdparty.io.grpc.StatusRuntimeException: UNAVAILABLE: io exception
2024-05-10 09:18:19,664 [7c62eaa0-d491-4028-8bb9-25c4215260c7@group-16361C22082A-LeaderElection20] INFO  impl.LeaderElection (LeaderElection.java:askForVotes(323)) - 7c62eaa0-d491-4028-8bb9-25c4215260c7@group-16361C22082A-LeaderElection20 ELECTION round 0: result PASSED
2024-05-10 09:18:19,664 [7c62eaa0-d491-4028-8bb9-25c4215260c7@group-16361C22082A-LeaderElection20] INFO  impl.RoleInfo (RoleInfo.java:shutdownLeaderElection(130)) - 7c62eaa0-d491-4028-8bb9-25c4215260c7: shutdown 7c62eaa0-d491-4028-8bb9-25c4215260c7@group-16361C22082A-LeaderElection20
2024-05-10 09:18:19,664 [7c62eaa0-d491-4028-8bb9-25c4215260c7@group-16361C22082A-LeaderElection20] INFO  server.RaftServer$Division (RaftServerImpl.java:setRole(383)) - 7c62eaa0-d491-4028-8bb9-25c4215260c7@group-16361C22082A: changes role from CANDIDATE to LEADER at term 2 for changeToLeader
2024-05-10 09:18:19,664 [7c62eaa0-d491-4028-8bb9-25c4215260c7@group-16361C22082A-LeaderElection20] INFO  server.RaftServerConfigKeys (ConfUtils.java:logGet(46)) - raft.server.staging.catchup.gap = 1000 (default)
2024-05-10 09:18:19,664 [7c62eaa0-d491-4028-8bb9-25c4215260c7@group-16361C22082A-LeaderElection20] INFO  server.RaftServerConfigKeys (ConfUtils.java:logGet(46)) - raft.server.write.element-limit = 1024 (custom)
2024-05-10 09:18:19,664 [7c62eaa0-d491-4028-8bb9-25c4215260c7@group-16361C22082A-LeaderElection20] INFO  server.RaftServerConfigKeys (ConfUtils.java:logGet(46)) - raft.server.write.byte-limit = 1024 M (=1073741824) (custom)
2024-05-10 09:18:19,665 [7c62eaa0-d491-4028-8bb9-25c4215260c7@group-16361C22082A-LeaderElection20] INFO  server.RaftServerConfigKeys (ConfUtils.java:logGet(46)) - raft.server.watch.timeout = 3000ms (custom)
2024-05-10 09:18:19,665 [7c62eaa0-d491-4028-8bb9-25c4215260c7@group-16361C22082A-LeaderElection20] INFO  server.RaftServerConfigKeys (ConfUtils.java:logGet(46)) - raft.server.watch.timeout.denomination = 1s (default)
2024-05-10 09:18:19,665 [7c62eaa0-d491-4028-8bb9-25c4215260c7@group-16361C22082A-LeaderElection20] INFO  server.RaftServerConfigKeys (ConfUtils.java:logGet(46)) - raft.server.watch.element-limit = 65536 (default)
2024-05-10 09:18:19,665 [7c62eaa0-d491-4028-8bb9-25c4215260c7@group-16361C22082A-LeaderElection20] INFO  server.RaftServerConfigKeys (ConfUtils.java:logGet(46)) - raft.server.read.leader.lease.enabled = false (default)
2024-05-10 09:18:19,665 [7c62eaa0-d491-4028-8bb9-25c4215260c7@group-16361C22082A-LeaderElection20] INFO  server.RaftServerConfigKeys (ConfUtils.java:logGet(46)) - raft.server.read.leader.lease.timeout.ratio = 0.9 (default)
2024-05-10 09:18:19,665 [7c62eaa0-d491-4028-8bb9-25c4215260c7@group-16361C22082A-LeaderElection20] INFO  server.RaftServerConfigKeys (ConfUtils.java:logGet(46)) - raft.server.rpc.timeout.min = 5s (custom)
2024-05-10 09:18:19,665 [7c62eaa0-d491-4028-8bb9-25c4215260c7@group-16361C22082A-LeaderElection20] INFO  server.RaftServerConfigKeys (ConfUtils.java:logGet(46)) - raft.server.write.element-limit = 1024 (custom)
2024-05-10 09:18:19,665 [7c62eaa0-d491-4028-8bb9-25c4215260c7@group-16361C22082A-LeaderElection20] INFO  server.RaftServerConfigKeys (ConfUtils.java:logGet(46)) - raft.server.write.follower.gap.ratio.max = -1.0 (default)
2024-05-10 09:18:19,665 [7c62eaa0-d491-4028-8bb9-25c4215260c7@group-16361C22082A-LeaderElection20] INFO  server.RaftServerConfigKeys (ConfUtils.java:logGet(46)) - raft.server.log.appender.snapshot.chunk.size.max = 16MB (=16777216) (default)
2024-05-10 09:18:19,666 [7c62eaa0-d491-4028-8bb9-25c4215260c7@group-16361C22082A-LeaderElection20] INFO  server.RaftServerConfigKeys (ConfUtils.java:logGet(46)) - raft.server.log.appender.buffer.byte-limit = 8388608 (custom)
2024-05-10 09:18:19,666 [7c62eaa0-d491-4028-8bb9-25c4215260c7@group-16361C22082A-LeaderElection20] INFO  server.RaftServerConfigKeys (ConfUtils.java:logGet(46)) - raft.server.log.appender.buffer.element-limit = 1 (custom)
2024-05-10 09:18:19,666 [7c62eaa0-d491-4028-8bb9-25c4215260c7@group-16361C22082A-LeaderElection20] INFO  server.RaftServerConfigKeys (ConfUtils.java:logGet(46)) - raft.server.log.appender.wait-time.min = 0ms (custom)
2024-05-10 09:18:19,666 [7c62eaa0-d491-4028-8bb9-25c4215260c7@group-16361C22082A-LeaderElection20] INFO  grpc.GrpcConfigKeys (ConfUtils.java:logGet(46)) - raft.grpc.server.leader.outstanding.appends.max = 8 (default)
2024-05-10 09:18:19,666 [7c62eaa0-d491-4028-8bb9-25c4215260c7@group-16361C22082A-LeaderElection20] INFO  server.RaftServerConfigKeys (ConfUtils.java:logGet(46)) - raft.server.rpc.request.timeout = 3000ms (default)
2024-05-10 09:18:19,666 [7c62eaa0-d491-4028-8bb9-25c4215260c7@group-16361C22082A-LeaderElection20] INFO  grpc.GrpcConfigKeys (ConfUtils.java:logGet(46)) - raft.grpc.server.install_snapshot.request.element-limit = 8 (default)
2024-05-10 09:18:19,666 [7c62eaa0-d491-4028-8bb9-25c4215260c7@group-16361C22082A-LeaderElection20] INFO  grpc.GrpcConfigKeys (ConfUtils.java:logGet(46)) - raft.grpc.server.install_snapshot.request.timeout = 3000ms (default)
2024-05-10 09:18:19,666 [7c62eaa0-d491-4028-8bb9-25c4215260c7@group-16361C22082A-LeaderElection20] INFO  grpc.GrpcConfigKeys (ConfUtils.java:logGet(46)) - raft.grpc.server.log-message.batch.duration = 5s (default)
2024-05-10 09:18:19,666 [7c62eaa0-d491-4028-8bb9-25c4215260c7@group-16361C22082A-LeaderElection20] INFO  server.RaftServerConfigKeys (ConfUtils.java:logGet(46)) - raft.server.log.appender.install.snapshot.enabled = false (custom)
2024-05-10 09:18:19,666 [7c62eaa0-d491-4028-8bb9-25c4215260c7@group-16361C22082A-LeaderElection20] INFO  grpc.GrpcConfigKeys (ConfUtils.java:logGet(46)) - raft.grpc.server.heartbeat.channel = true (default)
2024-05-10 09:18:19,667 [7c62eaa0-d491-4028-8bb9-25c4215260c7@group-16361C22082A-LeaderElection20] INFO  server.RaftServerConfigKeys (ConfUtils.java:logGet(46)) - raft.server.log.appender.snapshot.chunk.size.max = 16MB (=16777216) (default)
2024-05-10 09:18:19,667 [7c62eaa0-d491-4028-8bb9-25c4215260c7@group-16361C22082A-LeaderElection20] INFO  server.RaftServerConfigKeys (ConfUtils.java:logGet(46)) - raft.server.log.appender.buffer.byte-limit = 8388608 (custom)
2024-05-10 09:18:19,667 [7c62eaa0-d491-4028-8bb9-25c4215260c7@group-16361C22082A-LeaderElection20] INFO  server.RaftServerConfigKeys (ConfUtils.java:logGet(46)) - raft.server.log.appender.buffer.element-limit = 1 (custom)
2024-05-10 09:18:19,667 [7c62eaa0-d491-4028-8bb9-25c4215260c7@group-16361C22082A-LeaderElection20] INFO  server.RaftServerConfigKeys (ConfUtils.java:logGet(46)) - raft.server.log.appender.wait-time.min = 0ms (custom)
2024-05-10 09:18:19,667 [7c62eaa0-d491-4028-8bb9-25c4215260c7@group-16361C22082A-LeaderElection20] INFO  grpc.GrpcConfigKeys (ConfUtils.java:logGet(46)) - raft.grpc.server.leader.outstanding.appends.max = 8 (default)
2024-05-10 09:18:19,667 [7c62eaa0-d491-4028-8bb9-25c4215260c7@group-16361C22082A-LeaderElection20] INFO  server.RaftServerConfigKeys (ConfUtils.java:logGet(46)) - raft.server.rpc.request.timeout = 3000ms (default)
2024-05-10 09:18:19,667 [7c62eaa0-d491-4028-8bb9-25c4215260c7@group-16361C22082A-LeaderElection20] INFO  grpc.GrpcConfigKeys (ConfUtils.java:logGet(46)) - raft.grpc.server.install_snapshot.request.element-limit = 8 (default)
2024-05-10 09:18:19,667 [7c62eaa0-d491-4028-8bb9-25c4215260c7@group-16361C22082A-LeaderElection20] INFO  grpc.GrpcConfigKeys (ConfUtils.java:logGet(46)) - raft.grpc.server.install_snapshot.request.timeout = 3000ms (default)
2024-05-10 09:18:19,667 [7c62eaa0-d491-4028-8bb9-25c4215260c7@group-16361C22082A-LeaderElection20] INFO  grpc.GrpcConfigKeys (ConfUtils.java:logGet(46)) - raft.grpc.server.log-message.batch.duration = 5s (default)
2024-05-10 09:18:19,667 [7c62eaa0-d491-4028-8bb9-25c4215260c7@group-16361C22082A-LeaderElection20] INFO  server.RaftServerConfigKeys (ConfUtils.java:logGet(46)) - raft.server.log.appender.install.snapshot.enabled = false (custom)
2024-05-10 09:18:19,667 [7c62eaa0-d491-4028-8bb9-25c4215260c7@group-16361C22082A-LeaderElection20] INFO  grpc.GrpcConfigKeys (ConfUtils.java:logGet(46)) - raft.grpc.server.heartbeat.channel = true (default)
2024-05-10 09:18:19,668 [7c62eaa0-d491-4028-8bb9-25c4215260c7@group-16361C22082A-LeaderElection20] INFO  impl.RoleInfo (RoleInfo.java:updateAndGet(139)) - 7c62eaa0-d491-4028-8bb9-25c4215260c7: start 7c62eaa0-d491-4028-8bb9-25c4215260c7@group-16361C22082A-LeaderStateImpl
2024-05-10 09:18:19,668 [7c62eaa0-d491-4028-8bb9-25c4215260c7@group-16361C22082A-LeaderElection20] INFO  ratis.XceiverServerRatis (XceiverServerRatis.java:handleLeaderChangedNotification(966)) - Leader change notification received for group: group-16361C22082A with new leaderId: 7c62eaa0-d491-4028-8bb9-25c4215260c7
2024-05-10 09:18:19,668 [7c62eaa0-d491-4028-8bb9-25c4215260c7@group-16361C22082A-LeaderElection20] INFO  server.RaftServer$Division (ServerState.java:setLeader(269)) - 7c62eaa0-d491-4028-8bb9-25c4215260c7@group-16361C22082A: change Leader from null to 7c62eaa0-d491-4028-8bb9-25c4215260c7 at term 2 for becomeLeader, leader elected after 15389ms
2024-05-10 09:18:19,668 [7c62eaa0-d491-4028-8bb9-25c4215260c7@group-16361C22082A-LeaderElection20] INFO  segmented.SegmentedRaftLogWorker (SegmentedRaftLogWorker.java:startLogSegment(430)) - 7c62eaa0-d491-4028-8bb9-25c4215260c7@group-16361C22082A-SegmentedRaftLogWorker: Starting segment from index:0
2024-05-10 09:18:19,668 [7c62eaa0-d491-4028-8bb9-25c4215260c7@group-16361C22082A-LeaderElection20] INFO  server.RaftServer$Division (ServerState.java:setRaftConf(386)) - 7c62eaa0-d491-4028-8bb9-25c4215260c7@group-16361C22082A: set configuration 0: peers:[7c62eaa0-d491-4028-8bb9-25c4215260c7|127.0.0.1:15067, e260e396-598b-44a7-8564-b51448915afe|127.0.0.1:15085, 7ab25875-5f77-45a1-9004-12eab6369d05|127.0.0.1:15076]|listeners:[], old=null
2024-05-10 09:18:19,668 [7c62eaa0-d491-4028-8bb9-25c4215260c7@group-16361C22082A-SegmentedRaftLogWorker] INFO  segmented.BufferedWriteChannel (BufferedWriteChannel.java:open(62)) - open log_inprogress_0 at position 0
2024-05-10 09:18:19,670 [grpc-default-executor-0] WARN  server.GrpcLogAppender (LogUtils.java:warn(121)) - 7c62eaa0-d491-4028-8bb9-25c4215260c7@group-16361C22082A->e260e396-598b-44a7-8564-b51448915afe-AppendLogResponseHandler: Failed appendEntries: org.apache.ratis.thirdparty.io.grpc.StatusRuntimeException: UNAVAILABLE: io exception
2024-05-10 09:18:19,671 [grpc-default-executor-0] WARN  server.GrpcLogAppender (GrpcLogAppender.java:lambda$resetClient$1(217)) - 7c62eaa0-d491-4028-8bb9-25c4215260c7@group-16361C22082A->e260e396-598b-44a7-8564-b51448915afe-GrpcLogAppender: Follower failed (request=null, errorCount=1); keep nextIndex (0) unchanged and retry.
2024-05-10 09:18:19,673 [7ab25875-5f77-45a1-9004-12eab6369d05-server-thread1] INFO  ratis.XceiverServerRatis (XceiverServerRatis.java:handleLeaderChangedNotification(966)) - Leader change notification received for group: group-16361C22082A with new leaderId: 7c62eaa0-d491-4028-8bb9-25c4215260c7
2024-05-10 09:18:19,673 [7ab25875-5f77-45a1-9004-12eab6369d05-server-thread1] INFO  server.RaftServer$Division (ServerState.java:setLeader(269)) - 7ab25875-5f77-45a1-9004-12eab6369d05@group-16361C22082A: change Leader from null to 7c62eaa0-d491-4028-8bb9-25c4215260c7 at term 2 for appendEntries, leader elected after 15398ms
2024-05-10 09:18:19,674 [EventQueue-PipelineReportForPipelineReportHandler] INFO  pipeline.PipelineReportHandler (PipelineReportHandler.java:processPipelineReport(136)) - Opened pipeline PipelineID=dcf6396f-50a7-4cc4-8cec-16361c22082a
2024-05-10 09:18:19,675 [7ab25875-5f77-45a1-9004-12eab6369d05-server-thread2] INFO  server.RaftServer$Division (ServerState.java:setRaftConf(386)) - 7ab25875-5f77-45a1-9004-12eab6369d05@group-16361C22082A: set configuration 0: peers:[7c62eaa0-d491-4028-8bb9-25c4215260c7|127.0.0.1:15067, e260e396-598b-44a7-8564-b51448915afe|127.0.0.1:15085, 7ab25875-5f77-45a1-9004-12eab6369d05|127.0.0.1:15076]|listeners:[], old=null
2024-05-10 09:18:19,675 [7ab25875-5f77-45a1-9004-12eab6369d05-server-thread2] INFO  segmented.SegmentedRaftLogWorker (SegmentedRaftLogWorker.java:startLogSegment(430)) - 7ab25875-5f77-45a1-9004-12eab6369d05@group-16361C22082A-SegmentedRaftLogWorker: Starting segment from index:0
2024-05-10 09:18:19,676 [grpc-default-executor-0] WARN  server.GrpcLogAppender (GrpcLogAppender.java:lambda$resetClient$1(217)) - 7c62eaa0-d491-4028-8bb9-25c4215260c7@group-16361C22082A->e260e396-598b-44a7-8564-b51448915afe-GrpcLogAppender: Follower failed (request=null, errorCount=3); keep nextIndex (1) unchanged and retry.
2024-05-10 09:18:19,677 [7ab25875-5f77-45a1-9004-12eab6369d05@group-16361C22082A-SegmentedRaftLogWorker] INFO  segmented.BufferedWriteChannel (BufferedWriteChannel.java:open(62)) - open log_inprogress_0 at position 0
2024-05-10 09:18:19,677 [7c62eaa0-d491-4028-8bb9-25c4215260c7@group-16361C22082A-SegmentedRaftLogWorker] INFO  segmented.SegmentedRaftLogWorker (SegmentedRaftLogWorker.java:execute(634)) - 7c62eaa0-d491-4028-8bb9-25c4215260c7@group-16361C22082A-SegmentedRaftLogWorker: created new log segment /home/runner/work/ozone/ozone/hadoop-ozone/integration-test/target/test-dir/MiniOzoneClusterImpl-5c48b7ff-bfdb-407d-b2cb-68403445a4a3/ozone-meta/datanode-1/ratis/dcf6396f-50a7-4cc4-8cec-16361c22082a/current/log_inprogress_0
2024-05-10 09:18:19,685 [7ab25875-5f77-45a1-9004-12eab6369d05@group-16361C22082A-SegmentedRaftLogWorker] INFO  segmented.SegmentedRaftLogWorker (SegmentedRaftLogWorker.java:execute(634)) - 7ab25875-5f77-45a1-9004-12eab6369d05@group-16361C22082A-SegmentedRaftLogWorker: created new log segment /home/runner/work/ozone/ozone/hadoop-ozone/integration-test/target/test-dir/MiniOzoneClusterImpl-5c48b7ff-bfdb-407d-b2cb-68403445a4a3/ozone-meta/datanode-2/ratis/dcf6396f-50a7-4cc4-8cec-16361c22082a/current/log_inprogress_0
2024-05-10 09:18:19,687 [7c62eaa0-d491-4028-8bb9-25c4215260c7@group-16361C22082A-StateMachineUpdater] INFO  server.RaftServer$Division (LeaderStateImpl.java:isApplied(320)) - leader is ready since appliedIndex == 0 >= startIndex == 0
2024-05-10 09:18:20,766 [timer4] WARN  server.GrpcLogAppender (LogUtils.java:warn(121)) - 7c62eaa0-d491-4028-8bb9-25c4215260c7@group-611B1F60644D->e260e396-598b-44a7-8564-b51448915afe-AppendLogResponseHandler: Failed appendEntries (Repeated 6 times in the last 5.000s): org.apache.ratis.thirdparty.io.grpc.StatusRuntimeException: UNAVAILABLE: io exception
2024-05-10 09:18:20,767 [timer5] WARN  server.GrpcLogAppender (GrpcLogAppender.java:lambda$resetClient$1(217)) - 7c62eaa0-d491-4028-8bb9-25c4215260c7@group-611B1F60644D->e260e396-598b-44a7-8564-b51448915afe-GrpcLogAppender: Follower failed (request=null, errorCount=14); keep nextIndex (8) unchanged and retry. (Repeated 6 times in the last 5.001s)
2024-05-10 09:18:22,020 [grpc-default-executor-2] WARN  server.GrpcLogAppender (LogUtils.java:warn(121)) - 7c62eaa0-d491-4028-8bb9-25c4215260c7@group-611B1F60644D->e260e396-598b-44a7-8564-b51448915afe-AppendLogResponseHandler: Failed appendEntries: org.apache.ratis.thirdparty.io.grpc.StatusRuntimeException: UNAVAILABLE: io exception
2024-05-10 09:18:22,020 [grpc-default-executor-4] WARN  server.GrpcLogAppender (GrpcLogAppender.java:lambda$resetClient$1(217)) - 7c62eaa0-d491-4028-8bb9-25c4215260c7@group-611B1F60644D->e260e396-598b-44a7-8564-b51448915afe-GrpcLogAppender: Follower failed (request=null, errorCount=15); keep nextIndex (8) unchanged and retry.
2024-05-10 09:18:24,670 [timer7] WARN  server.GrpcLogAppender (LogUtils.java:warn(121)) - 7c62eaa0-d491-4028-8bb9-25c4215260c7@group-16361C22082A->e260e396-598b-44a7-8564-b51448915afe-AppendLogResponseHandler: Failed appendEntries (Repeated 10 times in the last 4.999s): org.apache.ratis.thirdparty.io.grpc.StatusRuntimeException: UNAVAILABLE: io exception
2024-05-10 09:18:24,672 [timer0] WARN  server.GrpcLogAppender (GrpcLogAppender.java:lambda$resetClient$1(217)) - 7c62eaa0-d491-4028-8bb9-25c4215260c7@group-16361C22082A->e260e396-598b-44a7-8564-b51448915afe-GrpcLogAppender: Follower failed (request=null, errorCount=2); keep nextIndex (0) unchanged and retry. (Repeated 2 times in the last 5.000s)
2024-05-10 09:18:24,677 [timer4] WARN  server.GrpcLogAppender (GrpcLogAppender.java:lambda$resetClient$1(217)) - 7c62eaa0-d491-4028-8bb9-25c4215260c7@group-16361C22082A->e260e396-598b-44a7-8564-b51448915afe-GrpcLogAppender: Follower failed (request=null, errorCount=10); keep nextIndex (1) unchanged and retry. (Repeated 8 times in the last 5.001s)
2024-05-10 09:18:24,678 [grpc-default-executor-4] WARN  server.GrpcLogAppender (LogUtils.java:warn(121)) - 7c62eaa0-d491-4028-8bb9-25c4215260c7@group-16361C22082A->e260e396-598b-44a7-8564-b51448915afe-AppendLogResponseHandler: Failed appendEntries: org.apache.ratis.thirdparty.io.grpc.StatusRuntimeException: UNAVAILABLE: io exception
2024-05-10 09:18:24,679 [grpc-default-executor-2] WARN  server.GrpcLogAppender (GrpcLogAppender.java:lambda$resetClient$1(217)) - 7c62eaa0-d491-4028-8bb9-25c4215260c7@group-16361C22082A->e260e396-598b-44a7-8564-b51448915afe-GrpcLogAppender: Follower failed (request=null, errorCount=11); keep nextIndex (1) unchanged and retry.
2024-05-10 09:18:27,020 [timer3] WARN  server.GrpcLogAppender (GrpcLogAppender.java:lambda$resetClient$1(217)) - 7c62eaa0-d491-4028-8bb9-25c4215260c7@group-611B1F60644D->e260e396-598b-44a7-8564-b51448915afe-GrpcLogAppender: Follower failed (request=null, errorCount=22); keep nextIndex (8) unchanged and retry. (Repeated 8 times in the last 5.000s)
2024-05-10 09:18:27,020 [timer2] WARN  server.GrpcLogAppender (LogUtils.java:warn(121)) - 7c62eaa0-d491-4028-8bb9-25c4215260c7@group-611B1F60644D->e260e396-598b-44a7-8564-b51448915afe-AppendLogResponseHandler: Failed appendEntries (Repeated 8 times in the last 5.001s): org.apache.ratis.thirdparty.io.grpc.StatusRuntimeException: UNAVAILABLE: io exception
2024-05-10 09:18:28,313 [grpc-default-executor-2] WARN  server.GrpcLogAppender (LogUtils.java:warn(121)) - 7c62eaa0-d491-4028-8bb9-25c4215260c7@group-611B1F60644D->e260e396-598b-44a7-8564-b51448915afe-AppendLogResponseHandler: Failed appendEntries: org.apache.ratis.thirdparty.io.grpc.StatusRuntimeException: UNAVAILABLE: io exception
2024-05-10 09:18:28,313 [grpc-default-executor-4] WARN  server.GrpcLogAppender (GrpcLogAppender.java:lambda$resetClient$1(217)) - 7c62eaa0-d491-4028-8bb9-25c4215260c7@group-611B1F60644D->e260e396-598b-44a7-8564-b51448915afe-GrpcLogAppender: Follower failed (request=null, errorCount=23); keep nextIndex (8) unchanged and retry.
2024-05-10 09:18:29,679 [timer2] WARN  server.GrpcLogAppender (LogUtils.java:warn(121)) - 7c62eaa0-d491-4028-8bb9-25c4215260c7@group-16361C22082A->e260e396-598b-44a7-8564-b51448915afe-AppendLogResponseHandler: Failed appendEntries (Repeated 6 times in the last 5.001s): org.apache.ratis.thirdparty.io.grpc.StatusRuntimeException: UNAVAILABLE: io exception
2024-05-10 09:18:29,679 [timer3] WARN  server.GrpcLogAppender (GrpcLogAppender.java:lambda$resetClient$1(217)) - 7c62eaa0-d491-4028-8bb9-25c4215260c7@group-16361C22082A->e260e396-598b-44a7-8564-b51448915afe-GrpcLogAppender: Follower failed (request=null, errorCount=16); keep nextIndex (1) unchanged and retry. (Repeated 6 times in the last 5.001s)
2024-05-10 09:18:29,980 [grpc-default-executor-4] WARN  server.GrpcLogAppender (LogUtils.java:warn(121)) - 7c62eaa0-d491-4028-8bb9-25c4215260c7@group-16361C22082A->e260e396-598b-44a7-8564-b51448915afe-AppendLogResponseHandler: Failed appendEntries: org.apache.ratis.thirdparty.io.grpc.StatusRuntimeException: UNAVAILABLE: io exception
2024-05-10 09:18:29,981 [grpc-default-executor-2] WARN  server.GrpcLogAppender (GrpcLogAppender.java:lambda$resetClient$1(217)) - 7c62eaa0-d491-4028-8bb9-25c4215260c7@group-16361C22082A->e260e396-598b-44a7-8564-b51448915afe-GrpcLogAppender: Follower failed (request=null, errorCount=17); keep nextIndex (1) unchanged and retry.
2024-05-10 09:18:33,313 [timer1] WARN  server.GrpcLogAppender (GrpcLogAppender.java:lambda$resetClient$1(217)) - 7c62eaa0-d491-4028-8bb9-25c4215260c7@group-611B1F60644D->e260e396-598b-44a7-8564-b51448915afe-GrpcLogAppender: Follower failed (request=null, errorCount=30); keep nextIndex (8) unchanged and retry. (Repeated 8 times in the last 4.999s)
2024-05-10 09:18:33,313 [timer0] WARN  server.GrpcLogAppender (LogUtils.java:warn(121)) - 7c62eaa0-d491-4028-8bb9-25c4215260c7@group-611B1F60644D->e260e396-598b-44a7-8564-b51448915afe-AppendLogResponseHandler: Failed appendEntries (Repeated 8 times in the last 5.001s): org.apache.ratis.thirdparty.io.grpc.StatusRuntimeException: UNAVAILABLE: io exception
2024-05-10 09:18:34,800 [grpc-default-executor-4] WARN  server.GrpcLogAppender (LogUtils.java:warn(121)) - 7c62eaa0-d491-4028-8bb9-25c4215260c7@group-611B1F60644D->e260e396-598b-44a7-8564-b51448915afe-AppendLogResponseHandler: Failed appendEntries: org.apache.ratis.thirdparty.io.grpc.StatusRuntimeException: UNAVAILABLE: io exception
2024-05-10 09:18:34,801 [grpc-default-executor-2] WARN  server.GrpcLogAppender (GrpcLogAppender.java:lambda$resetClient$1(217)) - 7c62eaa0-d491-4028-8bb9-25c4215260c7@group-611B1F60644D->e260e396-598b-44a7-8564-b51448915afe-GrpcLogAppender: Follower failed (request=null, errorCount=31); keep nextIndex (8) unchanged and retry.
2024-05-10 09:18:34,981 [timer2] WARN  server.GrpcLogAppender (LogUtils.java:warn(121)) - 7c62eaa0-d491-4028-8bb9-25c4215260c7@group-16361C22082A->e260e396-598b-44a7-8564-b51448915afe-AppendLogResponseHandler: Failed appendEntries (Repeated 6 times in the last 5.001s): org.apache.ratis.thirdparty.io.grpc.StatusRuntimeException: UNAVAILABLE: io exception
2024-05-10 09:18:34,982 [timer3] WARN  server.GrpcLogAppender (GrpcLogAppender.java:lambda$resetClient$1(217)) - 7c62eaa0-d491-4028-8bb9-25c4215260c7@group-16361C22082A->e260e396-598b-44a7-8564-b51448915afe-GrpcLogAppender: Follower failed (request=null, errorCount=22); keep nextIndex (1) unchanged and retry. (Repeated 6 times in the last 5.000s)
2024-05-10 09:18:35,408 [grpc-default-executor-4] WARN  server.GrpcLogAppender (LogUtils.java:warn(121)) - 7c62eaa0-d491-4028-8bb9-25c4215260c7@group-16361C22082A->e260e396-598b-44a7-8564-b51448915afe-AppendLogResponseHandler: Failed appendEntries: org.apache.ratis.thirdparty.io.grpc.StatusRuntimeException: UNAVAILABLE: io exception
2024-05-10 09:18:35,408 [grpc-default-executor-2] WARN  server.GrpcLogAppender (GrpcLogAppender.java:lambda$resetClient$1(217)) - 7c62eaa0-d491-4028-8bb9-25c4215260c7@group-16361C22082A->e260e396-598b-44a7-8564-b51448915afe-GrpcLogAppender: Follower failed (request=null, errorCount=23); keep nextIndex (1) unchanged and retry.
2024-05-10 09:18:39,800 [timer2] WARN  server.GrpcLogAppender (LogUtils.java:warn(121)) - 7c62eaa0-d491-4028-8bb9-25c4215260c7@group-611B1F60644D->e260e396-598b-44a7-8564-b51448915afe-AppendLogResponseHandler: Failed appendEntries (Repeated 4 times in the last 5.000s): org.apache.ratis.thirdparty.io.grpc.StatusRuntimeException: UNAVAILABLE: io exception
2024-05-10 09:18:39,801 [timer3] WARN  server.GrpcLogAppender (GrpcLogAppender.java:lambda$resetClient$1(217)) - 7c62eaa0-d491-4028-8bb9-25c4215260c7@group-611B1F60644D->e260e396-598b-44a7-8564-b51448915afe-GrpcLogAppender: Follower failed (request=null, errorCount=34); keep nextIndex (8) unchanged and retry. (Repeated 4 times in the last 5.000s)
2024-05-10 09:18:40,408 [timer0] WARN  server.GrpcLogAppender (LogUtils.java:warn(121)) - 7c62eaa0-d491-4028-8bb9-25c4215260c7@group-16361C22082A->e260e396-598b-44a7-8564-b51448915afe-AppendLogResponseHandler: Failed appendEntries (Repeated 6 times in the last 5.001s): org.apache.ratis.thirdparty.io.grpc.StatusRuntimeException: UNAVAILABLE: io exception
2024-05-10 09:18:40,408 [timer1] WARN  server.GrpcLogAppender (GrpcLogAppender.java:lambda$resetClient$1(217)) - 7c62eaa0-d491-4028-8bb9-25c4215260c7@group-16361C22082A->e260e396-598b-44a7-8564-b51448915afe-GrpcLogAppender: Follower failed (request=null, errorCount=28); keep nextIndex (1) unchanged and retry. (Repeated 6 times in the last 5.000s)
2024-05-10 09:18:40,993 [grpc-default-executor-2] WARN  server.GrpcLogAppender (LogUtils.java:warn(121)) - 7c62eaa0-d491-4028-8bb9-25c4215260c7@group-16361C22082A->e260e396-598b-44a7-8564-b51448915afe-AppendLogResponseHandler: Failed appendEntries: org.apache.ratis.thirdparty.io.grpc.StatusRuntimeException: UNAVAILABLE: io exception
2024-05-10 09:18:40,993 [grpc-default-executor-4] WARN  server.GrpcLogAppender (GrpcLogAppender.java:lambda$resetClient$1(217)) - 7c62eaa0-d491-4028-8bb9-25c4215260c7@group-16361C22082A->e260e396-598b-44a7-8564-b51448915afe-GrpcLogAppender: Follower failed (request=null, errorCount=29); keep nextIndex (1) unchanged and retry.
2024-05-10 09:18:43,505 [grpc-default-executor-4] WARN  server.GrpcLogAppender (LogUtils.java:warn(121)) - 7c62eaa0-d491-4028-8bb9-25c4215260c7@group-611B1F60644D->e260e396-598b-44a7-8564-b51448915afe-AppendLogResponseHandler: Failed appendEntries: org.apache.ratis.thirdparty.io.grpc.StatusRuntimeException: UNAVAILABLE: io exception
2024-05-10 09:18:43,506 [grpc-default-executor-2] WARN  server.GrpcLogAppender (GrpcLogAppender.java:lambda$resetClient$1(217)) - 7c62eaa0-d491-4028-8bb9-25c4215260c7@group-611B1F60644D->e260e396-598b-44a7-8564-b51448915afe-GrpcLogAppender: Follower failed (request=null, errorCount=35); keep nextIndex (8) unchanged and retry.
2024-05-10 09:18:45,993 [timer5] WARN  server.GrpcLogAppender (LogUtils.java:warn(121)) - 7c62eaa0-d491-4028-8bb9-25c4215260c7@group-16361C22082A->e260e396-598b-44a7-8564-b51448915afe-AppendLogResponseHandler: Failed appendEntries (Repeated 4 times in the last 5.000s): org.apache.ratis.thirdparty.io.grpc.StatusRuntimeException: UNAVAILABLE: io exception
2024-05-10 09:18:45,994 [timer6] WARN  server.GrpcLogAppender (GrpcLogAppender.java:lambda$resetClient$1(217)) - 7c62eaa0-d491-4028-8bb9-25c4215260c7@group-16361C22082A->e260e396-598b-44a7-8564-b51448915afe-GrpcLogAppender: Follower failed (request=null, errorCount=32); keep nextIndex (1) unchanged and retry. (Repeated 4 times in the last 5.001s)
2024-05-10 09:18:48,382 [grpc-default-executor-2] WARN  server.GrpcLogAppender (LogUtils.java:warn(121)) - 7c62eaa0-d491-4028-8bb9-25c4215260c7@group-16361C22082A->e260e396-598b-44a7-8564-b51448915afe-AppendLogResponseHandler: Failed appendEntries: org.apache.ratis.thirdparty.io.grpc.StatusRuntimeException: UNAVAILABLE: io exception
2024-05-10 09:18:48,383 [grpc-default-executor-4] WARN  server.GrpcLogAppender (GrpcLogAppender.java:lambda$resetClient$1(217)) - 7c62eaa0-d491-4028-8bb9-25c4215260c7@group-16361C22082A->e260e396-598b-44a7-8564-b51448915afe-GrpcLogAppender: Follower failed (request=null, errorCount=33); keep nextIndex (1) unchanged and retry.
2024-05-10 09:18:48,506 [timer7] WARN  server.GrpcLogAppender (LogUtils.java:warn(121)) - 7c62eaa0-d491-4028-8bb9-25c4215260c7@group-611B1F60644D->e260e396-598b-44a7-8564-b51448915afe-AppendLogResponseHandler: Failed appendEntries (Repeated 4 times in the last 5.000s): org.apache.ratis.thirdparty.io.grpc.StatusRuntimeException: UNAVAILABLE: io exception
2024-05-10 09:18:48,506 [timer0] WARN  server.GrpcLogAppender (GrpcLogAppender.java:lambda$resetClient$1(217)) - 7c62eaa0-d491-4028-8bb9-25c4215260c7@group-611B1F60644D->e260e396-598b-44a7-8564-b51448915afe-GrpcLogAppender: Follower failed (request=null, errorCount=38); keep nextIndex (8) unchanged and retry. (Repeated 4 times in the last 5.000s)
2024-05-10 09:18:53,382 [timer6] WARN  server.GrpcLogAppender (LogUtils.java:warn(121)) - 7c62eaa0-d491-4028-8bb9-25c4215260c7@group-16361C22082A->e260e396-598b-44a7-8564-b51448915afe-AppendLogResponseHandler: Failed appendEntries (Repeated 2 times in the last 5.000s): org.apache.ratis.thirdparty.io.grpc.StatusRuntimeException: UNAVAILABLE: io exception
2024-05-10 09:18:53,383 [timer7] WARN  server.GrpcLogAppender (GrpcLogAppender.java:lambda$resetClient$1(217)) - 7c62eaa0-d491-4028-8bb9-25c4215260c7@group-16361C22082A->e260e396-598b-44a7-8564-b51448915afe-GrpcLogAppender: Follower failed (request=null, errorCount=34); keep nextIndex (1) unchanged and retry. (Repeated 2 times in the last 5.000s)
2024-05-10 09:18:53,422 [grpc-default-executor-2] WARN  server.GrpcLogAppender (LogUtils.java:warn(121)) - 7c62eaa0-d491-4028-8bb9-25c4215260c7@group-611B1F60644D->e260e396-598b-44a7-8564-b51448915afe-AppendLogResponseHandler: Failed appendEntries: org.apache.ratis.thirdparty.io.grpc.StatusRuntimeException: UNAVAILABLE: io exception
2024-05-10 09:18:53,423 [grpc-default-executor-4] WARN  server.GrpcLogAppender (GrpcLogAppender.java:lambda$resetClient$1(217)) - 7c62eaa0-d491-4028-8bb9-25c4215260c7@group-611B1F60644D->e260e396-598b-44a7-8564-b51448915afe-GrpcLogAppender: Follower failed (request=null, errorCount=39); keep nextIndex (8) unchanged and retry.
2024-05-10 09:18:55,725 [grpc-default-executor-2] WARN  server.GrpcLogAppender (LogUtils.java:warn(121)) - 7c62eaa0-d491-4028-8bb9-25c4215260c7@group-16361C22082A->e260e396-598b-44a7-8564-b51448915afe-AppendLogResponseHandler: Failed appendEntries: org.apache.ratis.thirdparty.io.grpc.StatusRuntimeException: UNAVAILABLE: io exception
2024-05-10 09:18:55,725 [grpc-default-executor-4] WARN  server.GrpcLogAppender (GrpcLogAppender.java:lambda$resetClient$1(217)) - 7c62eaa0-d491-4028-8bb9-25c4215260c7@group-16361C22082A->e260e396-598b-44a7-8564-b51448915afe-GrpcLogAppender: Follower failed (request=null, errorCount=35); keep nextIndex (1) unchanged and retry.
2024-05-10 09:18:58,422 [timer3] WARN  server.GrpcLogAppender (LogUtils.java:warn(121)) - 7c62eaa0-d491-4028-8bb9-25c4215260c7@group-611B1F60644D->e260e396-598b-44a7-8564-b51448915afe-AppendLogResponseHandler: Failed appendEntries (Repeated 4 times in the last 5.000s): org.apache.ratis.thirdparty.io.grpc.StatusRuntimeException: UNAVAILABLE: io exception
2024-05-10 09:18:58,423 [timer4] WARN  server.GrpcLogAppender (GrpcLogAppender.java:lambda$resetClient$1(217)) - 7c62eaa0-d491-4028-8bb9-25c4215260c7@group-611B1F60644D->e260e396-598b-44a7-8564-b51448915afe-GrpcLogAppender: Follower failed (request=null, errorCount=42); keep nextIndex (8) unchanged and retry. (Repeated 4 times in the last 5.001s)
2024-05-10 09:18:59,173 [7c62eaa0-d491-4028-8bb9-25c4215260c7-BlockDeletingService#0] INFO  interfaces.ContainerDeletionChoosingPolicyTemplate (ContainerDeletionChoosingPolicyTemplate.java:chooseContainerForBlockDeletion(85)) - Chosen 0/5000 blocks from 0 candidate containers.
2024-05-10 09:18:59,241 [7ab25875-5f77-45a1-9004-12eab6369d05-BlockDeletingService#0] INFO  interfaces.ContainerDeletionChoosingPolicyTemplate (ContainerDeletionChoosingPolicyTemplate.java:chooseContainerForBlockDeletion(85)) - Chosen 0/5000 blocks from 0 candidate containers.
2024-05-10 09:18:59,304 [e260e396-598b-44a7-8564-b51448915afe-BlockDeletingService#0] INFO  interfaces.ContainerDeletionChoosingPolicyTemplate (ContainerDeletionChoosingPolicyTemplate.java:chooseContainerForBlockDeletion(85)) - Chosen 0/5000 blocks from 0 candidate containers.
2024-05-10 09:18:59,394 [231fae4b-c133-4321-9160-5f63c50cd117-BlockDeletingService#0] INFO  interfaces.ContainerDeletionChoosingPolicyTemplate (ContainerDeletionChoosingPolicyTemplate.java:chooseContainerForBlockDeletion(85)) - Chosen 0/5000 blocks from 0 candidate containers.
2024-05-10 09:18:59,468 [f8145005-1c64-450e-9575-8d23d50c4709-BlockDeletingService#0] INFO  interfaces.ContainerDeletionChoosingPolicyTemplate (ContainerDeletionChoosingPolicyTemplate.java:chooseContainerForBlockDeletion(85)) - Chosen 0/5000 blocks from 0 candidate containers.
2024-05-10 09:19:00,725 [timer7] WARN  server.GrpcLogAppender (GrpcLogAppender.java:lambda$resetClient$1(217)) - 7c62eaa0-d491-4028-8bb9-25c4215260c7@group-16361C22082A->e260e396-598b-44a7-8564-b51448915afe-GrpcLogAppender: Follower failed (request=null, errorCount=36); keep nextIndex (1) unchanged and retry. (Repeated 2 times in the last 5.000s)
2024-05-10 09:19:00,725 [timer6] WARN  server.GrpcLogAppender (LogUtils.java:warn(121)) - 7c62eaa0-d491-4028-8bb9-25c4215260c7@group-16361C22082A->e260e396-598b-44a7-8564-b51448915afe-AppendLogResponseHandler: Failed appendEntries (Repeated 2 times in the last 5.001s): org.apache.ratis.thirdparty.io.grpc.StatusRuntimeException: UNAVAILABLE: io exception
2024-05-10 09:19:02,598 [grpc-default-executor-4] WARN  server.GrpcLogAppender (LogUtils.java:warn(121)) - 7c62eaa0-d491-4028-8bb9-25c4215260c7@group-16361C22082A->e260e396-598b-44a7-8564-b51448915afe-AppendLogResponseHandler: Failed appendEntries: org.apache.ratis.thirdparty.io.grpc.StatusRuntimeException: UNAVAILABLE: io exception
2024-05-10 09:19:02,599 [grpc-default-executor-2] WARN  server.GrpcLogAppender (GrpcLogAppender.java:lambda$resetClient$1(217)) - 7c62eaa0-d491-4028-8bb9-25c4215260c7@group-16361C22082A->e260e396-598b-44a7-8564-b51448915afe-GrpcLogAppender: Follower failed (request=null, errorCount=37); keep nextIndex (1) unchanged and retry.
2024-05-10 09:19:03,399 [grpc-default-executor-4] WARN  server.GrpcLogAppender (LogUtils.java:warn(121)) - 7c62eaa0-d491-4028-8bb9-25c4215260c7@group-611B1F60644D->e260e396-598b-44a7-8564-b51448915afe-AppendLogResponseHandler: Failed appendEntries: org.apache.ratis.thirdparty.io.grpc.StatusRuntimeException: UNAVAILABLE: io exception
2024-05-10 09:19:03,400 [grpc-default-executor-2] WARN  server.GrpcLogAppender (GrpcLogAppender.java:lambda$resetClient$1(217)) - 7c62eaa0-d491-4028-8bb9-25c4215260c7@group-611B1F60644D->e260e396-598b-44a7-8564-b51448915afe-GrpcLogAppender: Follower failed (request=null, errorCount=43); keep nextIndex (8) unchanged and retry.
2024-05-10 09:19:07,598 [timer4] WARN  server.GrpcLogAppender (LogUtils.java:warn(121)) - 7c62eaa0-d491-4028-8bb9-25c4215260c7@group-16361C22082A->e260e396-598b-44a7-8564-b51448915afe-AppendLogResponseHandler: Failed appendEntries (Repeated 4 times in the last 5.000s): org.apache.ratis.thirdparty.io.grpc.StatusRuntimeException: UNAVAILABLE: io exception
2024-05-10 09:19:07,599 [timer5] WARN  server.GrpcLogAppender (GrpcLogAppender.java:lambda$resetClient$1(217)) - 7c62eaa0-d491-4028-8bb9-25c4215260c7@group-16361C22082A->e260e396-598b-44a7-8564-b51448915afe-GrpcLogAppender: Follower failed (request=null, errorCount=40); keep nextIndex (1) unchanged and retry. (Repeated 4 times in the last 5.000s)
2024-05-10 09:19:08,157 [grpc-default-executor-2] WARN  server.GrpcLogAppender (LogUtils.java:warn(121)) - 7c62eaa0-d491-4028-8bb9-25c4215260c7@group-16361C22082A->e260e396-598b-44a7-8564-b51448915afe-AppendLogResponseHandler: Failed appendEntries: org.apache.ratis.thirdparty.io.grpc.StatusRuntimeException: UNAVAILABLE: io exception
2024-05-10 09:19:08,158 [grpc-default-executor-4] WARN  server.GrpcLogAppender (GrpcLogAppender.java:lambda$resetClient$1(217)) - 7c62eaa0-d491-4028-8bb9-25c4215260c7@group-16361C22082A->e260e396-598b-44a7-8564-b51448915afe-GrpcLogAppender: Follower failed (request=null, errorCount=41); keep nextIndex (1) unchanged and retry.
2024-05-10 09:19:08,400 [timer6] WARN  server.GrpcLogAppender (LogUtils.java:warn(121)) - 7c62eaa0-d491-4028-8bb9-25c4215260c7@group-611B1F60644D->e260e396-598b-44a7-8564-b51448915afe-AppendLogResponseHandler: Failed appendEntries (Repeated 2 times in the last 5.001s): org.apache.ratis.thirdparty.io.grpc.StatusRuntimeException: UNAVAILABLE: io exception
2024-05-10 09:19:08,400 [timer7] WARN  server.GrpcLogAppender (GrpcLogAppender.java:lambda$resetClient$1(217)) - 7c62eaa0-d491-4028-8bb9-25c4215260c7@group-611B1F60644D->e260e396-598b-44a7-8564-b51448915afe-GrpcLogAppender: Follower failed (request=null, errorCount=44); keep nextIndex (8) unchanged and retry. (Repeated 2 times in the last 5.000s)
2024-05-10 09:19:10,646 [grpc-default-executor-2] WARN  server.GrpcLogAppender (LogUtils.java:warn(121)) - 7c62eaa0-d491-4028-8bb9-25c4215260c7@group-611B1F60644D->e260e396-598b-44a7-8564-b51448915afe-AppendLogResponseHandler: Failed appendEntries: org.apache.ratis.thirdparty.io.grpc.StatusRuntimeException: UNAVAILABLE: io exception
2024-05-10 09:19:10,647 [grpc-default-executor-4] WARN  server.GrpcLogAppender (GrpcLogAppender.java:lambda$resetClient$1(217)) - 7c62eaa0-d491-4028-8bb9-25c4215260c7@group-611B1F60644D->e260e396-598b-44a7-8564-b51448915afe-GrpcLogAppender: Follower failed (request=null, errorCount=45); keep nextIndex (8) unchanged and retry.
2024-05-10 09:19:13,157 [timer6] WARN  server.GrpcLogAppender (LogUtils.java:warn(121)) - 7c62eaa0-d491-4028-8bb9-25c4215260c7@group-16361C22082A->e260e396-598b-44a7-8564-b51448915afe-AppendLogResponseHandler: Failed appendEntries (Repeated 2 times in the last 5.000s): org.apache.ratis.thirdparty.io.grpc.StatusRuntimeException: UNAVAILABLE: io exception
2024-05-10 09:19:13,158 [timer7] WARN  server.GrpcLogAppender (GrpcLogAppender.java:lambda$resetClient$1(217)) - 7c62eaa0-d491-4028-8bb9-25c4215260c7@group-16361C22082A->e260e396-598b-44a7-8564-b51448915afe-GrpcLogAppender: Follower failed (request=null, errorCount=42); keep nextIndex (1) unchanged and retry. (Repeated 2 times in the last 5.001s)
2024-05-10 09:19:14,469 [grpc-default-executor-2] WARN  server.GrpcLogAppender (LogUtils.java:warn(121)) - 7c62eaa0-d491-4028-8bb9-25c4215260c7@group-16361C22082A->e260e396-598b-44a7-8564-b51448915afe-AppendLogResponseHandler: Failed appendEntries: org.apache.ratis.thirdparty.io.grpc.StatusRuntimeException: UNAVAILABLE: io exception
2024-05-10 09:19:14,469 [grpc-default-executor-4] WARN  server.GrpcLogAppender (GrpcLogAppender.java:lambda$resetClient$1(217)) - 7c62eaa0-d491-4028-8bb9-25c4215260c7@group-16361C22082A->e260e396-598b-44a7-8564-b51448915afe-GrpcLogAppender: Follower failed (request=null, errorCount=43); keep nextIndex (1) unchanged and retry.
2024-05-10 09:19:15,647 [timer6] WARN  server.GrpcLogAppender (LogUtils.java:warn(121)) - 7c62eaa0-d491-4028-8bb9-25c4215260c7@group-611B1F60644D->e260e396-598b-44a7-8564-b51448915afe-AppendLogResponseHandler: Failed appendEntries (Repeated 2 times in the last 5.000s): org.apache.ratis.thirdparty.io.grpc.StatusRuntimeException: UNAVAILABLE: io exception
2024-05-10 09:19:15,648 [timer7] WARN  server.GrpcLogAppender (GrpcLogAppender.java:lambda$resetClient$1(217)) - 7c62eaa0-d491-4028-8bb9-25c4215260c7@group-611B1F60644D->e260e396-598b-44a7-8564-b51448915afe-GrpcLogAppender: Follower failed (request=null, errorCount=46); keep nextIndex (8) unchanged and retry. (Repeated 2 times in the last 5.000s)
2024-05-10 09:19:16,582 [grpc-default-executor-2] WARN  server.GrpcLogAppender (LogUtils.java:warn(121)) - 7c62eaa0-d491-4028-8bb9-25c4215260c7@group-611B1F60644D->e260e396-598b-44a7-8564-b51448915afe-AppendLogResponseHandler: Failed appendEntries: org.apache.ratis.thirdparty.io.grpc.StatusRuntimeException: UNAVAILABLE: io exception
2024-05-10 09:19:16,583 [grpc-default-executor-4] WARN  server.GrpcLogAppender (GrpcLogAppender.java:lambda$resetClient$1(217)) - 7c62eaa0-d491-4028-8bb9-25c4215260c7@group-611B1F60644D->e260e396-598b-44a7-8564-b51448915afe-GrpcLogAppender: Follower failed (request=null, errorCount=47); keep nextIndex (8) unchanged and retry.
2024-05-10 09:19:19,469 [timer5] WARN  server.GrpcLogAppender (LogUtils.java:warn(121)) - 7c62eaa0-d491-4028-8bb9-25c4215260c7@group-16361C22082A->e260e396-598b-44a7-8564-b51448915afe-AppendLogResponseHandler: Failed appendEntries (Repeated 4 times in the last 5.000s): org.apache.ratis.thirdparty.io.grpc.StatusRuntimeException: UNAVAILABLE: io exception
2024-05-10 09:19:19,469 [timer6] WARN  server.GrpcLogAppender (GrpcLogAppender.java:lambda$resetClient$1(217)) - 7c62eaa0-d491-4028-8bb9-25c4215260c7@group-16361C22082A->e260e396-598b-44a7-8564-b51448915afe-GrpcLogAppender: Follower failed (request=null, errorCount=46); keep nextIndex (1) unchanged and retry. (Repeated 4 times in the last 5.000s)
2024-05-10 09:19:21,583 [timer6] WARN  server.GrpcLogAppender (LogUtils.java:warn(121)) - 7c62eaa0-d491-4028-8bb9-25c4215260c7@group-611B1F60644D->e260e396-598b-44a7-8564-b51448915afe-AppendLogResponseHandler: Failed appendEntries (Repeated 4 times in the last 5.000s): org.apache.ratis.thirdparty.io.grpc.StatusRuntimeException: UNAVAILABLE: io exception
2024-05-10 09:19:21,583 [timer7] WARN  server.GrpcLogAppender (GrpcLogAppender.java:lambda$resetClient$1(217)) - 7c62eaa0-d491-4028-8bb9-25c4215260c7@group-611B1F60644D->e260e396-598b-44a7-8564-b51448915afe-GrpcLogAppender: Follower failed (request=null, errorCount=50); keep nextIndex (8) unchanged and retry. (Repeated 4 times in the last 5.000s)
2024-05-10 09:19:24,425 [grpc-default-executor-2] WARN  server.GrpcLogAppender (LogUtils.java:warn(121)) - 7c62eaa0-d491-4028-8bb9-25c4215260c7@group-16361C22082A->e260e396-598b-44a7-8564-b51448915afe-AppendLogResponseHandler: Failed appendEntries: org.apache.ratis.thirdparty.io.grpc.StatusRuntimeException: UNAVAILABLE: io exception
2024-05-10 09:19:24,426 [grpc-default-executor-4] WARN  server.GrpcLogAppender (GrpcLogAppender.java:lambda$resetClient$1(217)) - 7c62eaa0-d491-4028-8bb9-25c4215260c7@group-16361C22082A->e260e396-598b-44a7-8564-b51448915afe-GrpcLogAppender: Follower failed (request=null, errorCount=47); keep nextIndex (1) unchanged and retry.
2024-05-10 09:19:25,991 [grpc-default-executor-2] WARN  server.GrpcLogAppender (LogUtils.java:warn(121)) - 7c62eaa0-d491-4028-8bb9-25c4215260c7@group-611B1F60644D->e260e396-598b-44a7-8564-b51448915afe-AppendLogResponseHandler: Failed appendEntries: org.apache.ratis.thirdparty.io.grpc.StatusRuntimeException: UNAVAILABLE: io exception
2024-05-10 09:19:25,992 [grpc-default-executor-4] WARN  server.GrpcLogAppender (GrpcLogAppender.java:lambda$resetClient$1(217)) - 7c62eaa0-d491-4028-8bb9-25c4215260c7@group-611B1F60644D->e260e396-598b-44a7-8564-b51448915afe-GrpcLogAppender: Follower failed (request=null, errorCount=51); keep nextIndex (8) unchanged and retry.
2024-05-10 09:19:29,426 [timer3] WARN  server.GrpcLogAppender (LogUtils.java:warn(121)) - 7c62eaa0-d491-4028-8bb9-25c4215260c7@group-16361C22082A->e260e396-598b-44a7-8564-b51448915afe-AppendLogResponseHandler: Failed appendEntries (Repeated 2 times in the last 5.000s): org.apache.ratis.thirdparty.io.grpc.StatusRuntimeException: UNAVAILABLE: io exception
2024-05-10 09:19:29,426 [timer4] WARN  server.GrpcLogAppender (GrpcLogAppender.java:lambda$resetClient$1(217)) - 7c62eaa0-d491-4028-8bb9-25c4215260c7@group-16361C22082A->e260e396-598b-44a7-8564-b51448915afe-GrpcLogAppender: Follower failed (request=null, errorCount=48); keep nextIndex (1) unchanged and retry. (Repeated 2 times in the last 5.000s)
2024-05-10 09:19:30,022 [grpc-default-executor-2] WARN  server.GrpcLogAppender (LogUtils.java:warn(121)) - 7c62eaa0-d491-4028-8bb9-25c4215260c7@group-16361C22082A->e260e396-598b-44a7-8564-b51448915afe-AppendLogResponseHandler: Failed appendEntries: org.apache.ratis.thirdparty.io.grpc.StatusRuntimeException: UNAVAILABLE: io exception
2024-05-10 09:19:30,023 [grpc-default-executor-4] WARN  server.GrpcLogAppender (GrpcLogAppender.java:lambda$resetClient$1(217)) - 7c62eaa0-d491-4028-8bb9-25c4215260c7@group-16361C22082A->e260e396-598b-44a7-8564-b51448915afe-GrpcLogAppender: Follower failed (request=null, errorCount=49); keep nextIndex (1) unchanged and retry.
2024-05-10 09:19:30,992 [timer6] WARN  server.GrpcLogAppender (LogUtils.java:warn(121)) - 7c62eaa0-d491-4028-8bb9-25c4215260c7@group-611B1F60644D->e260e396-598b-44a7-8564-b51448915afe-AppendLogResponseHandler: Failed appendEntries (Repeated 2 times in the last 5.000s): org.apache.ratis.thirdparty.io.grpc.StatusRuntimeException: UNAVAILABLE: io exception
2024-05-10 09:19:30,992 [timer7] WARN  server.GrpcLogAppender (GrpcLogAppender.java:lambda$resetClient$1(217)) - 7c62eaa0-d491-4028-8bb9-25c4215260c7@group-611B1F60644D->e260e396-598b-44a7-8564-b51448915afe-GrpcLogAppender: Follower failed (request=null, errorCount=52); keep nextIndex (8) unchanged and retry. (Repeated 2 times in the last 5.000s)
2024-05-10 09:19:32,625 [grpc-default-executor-2] WARN  server.GrpcLogAppender (LogUtils.java:warn(121)) - 7c62eaa0-d491-4028-8bb9-25c4215260c7@group-611B1F60644D->e260e396-598b-44a7-8564-b51448915afe-AppendLogResponseHandler: Failed appendEntries: org.apache.ratis.thirdparty.io.grpc.StatusRuntimeException: UNAVAILABLE: io exception
2024-05-10 09:19:32,625 [grpc-default-executor-4] WARN  server.GrpcLogAppender (GrpcLogAppender.java:lambda$resetClient$1(217)) - 7c62eaa0-d491-4028-8bb9-25c4215260c7@group-611B1F60644D->e260e396-598b-44a7-8564-b51448915afe-GrpcLogAppender: Follower failed (request=null, errorCount=53); keep nextIndex (8) unchanged and retry.
2024-05-10 09:19:35,023 [timer7] WARN  server.GrpcLogAppender (LogUtils.java:warn(121)) - 7c62eaa0-d491-4028-8bb9-25c4215260c7@group-16361C22082A->e260e396-598b-44a7-8564-b51448915afe-AppendLogResponseHandler: Failed appendEntries (Repeated 2 times in the last 5.000s): org.apache.ratis.thirdparty.io.grpc.StatusRuntimeException: UNAVAILABLE: io exception
2024-05-10 09:19:35,023 [timer0] WARN  server.GrpcLogAppender (GrpcLogAppender.java:lambda$resetClient$1(217)) - 7c62eaa0-d491-4028-8bb9-25c4215260c7@group-16361C22082A->e260e396-598b-44a7-8564-b51448915afe-GrpcLogAppender: Follower failed (request=null, errorCount=50); keep nextIndex (1) unchanged and retry. (Repeated 2 times in the last 5.000s)
2024-05-10 09:19:37,416 [grpc-default-executor-2] WARN  server.GrpcLogAppender (LogUtils.java:warn(121)) - 7c62eaa0-d491-4028-8bb9-25c4215260c7@group-16361C22082A->e260e396-598b-44a7-8564-b51448915afe-AppendLogResponseHandler: Failed appendEntries: org.apache.ratis.thirdparty.io.grpc.StatusRuntimeException: UNAVAILABLE: io exception
2024-05-10 09:19:37,416 [grpc-default-executor-4] WARN  server.GrpcLogAppender (GrpcLogAppender.java:lambda$resetClient$1(217)) - 7c62eaa0-d491-4028-8bb9-25c4215260c7@group-16361C22082A->e260e396-598b-44a7-8564-b51448915afe-GrpcLogAppender: Follower failed (request=null, errorCount=51); keep nextIndex (1) unchanged and retry.
2024-05-10 09:19:37,625 [timer7] WARN  server.GrpcLogAppender (LogUtils.java:warn(121)) - 7c62eaa0-d491-4028-8bb9-25c4215260c7@group-611B1F60644D->e260e396-598b-44a7-8564-b51448915afe-AppendLogResponseHandler: Failed appendEntries (Repeated 2 times in the last 5.000s): org.apache.ratis.thirdparty.io.grpc.StatusRuntimeException: UNAVAILABLE: io exception
2024-05-10 09:19:37,625 [timer0] WARN  server.GrpcLogAppender (GrpcLogAppender.java:lambda$resetClient$1(217)) - 7c62eaa0-d491-4028-8bb9-25c4215260c7@group-611B1F60644D->e260e396-598b-44a7-8564-b51448915afe-GrpcLogAppender: Follower failed (request=null, errorCount=54); keep nextIndex (8) unchanged and retry. (Repeated 2 times in the last 5.000s)
2024-05-10 09:19:39,417 [grpc-default-executor-2] WARN  server.GrpcLogAppender (LogUtils.java:warn(121)) - 7c62eaa0-d491-4028-8bb9-25c4215260c7@group-611B1F60644D->e260e396-598b-44a7-8564-b51448915afe-AppendLogResponseHandler: Failed appendEntries: org.apache.ratis.thirdparty.io.grpc.StatusRuntimeException: UNAVAILABLE: io exception
2024-05-10 09:19:39,418 [grpc-default-executor-4] WARN  server.GrpcLogAppender (GrpcLogAppender.java:lambda$resetClient$1(217)) - 7c62eaa0-d491-4028-8bb9-25c4215260c7@group-611B1F60644D->e260e396-598b-44a7-8564-b51448915afe-GrpcLogAppender: Follower failed (request=null, errorCount=55); keep nextIndex (8) unchanged and retry.
2024-05-10 09:19:42,416 [timer7] WARN  server.GrpcLogAppender (LogUtils.java:warn(121)) - 7c62eaa0-d491-4028-8bb9-25c4215260c7@group-16361C22082A->e260e396-598b-44a7-8564-b51448915afe-AppendLogResponseHandler: Failed appendEntries (Repeated 2 times in the last 5.001s): org.apache.ratis.thirdparty.io.grpc.StatusRuntimeException: UNAVAILABLE: io exception
2024-05-10 09:19:42,417 [timer0] WARN  server.GrpcLogAppender (GrpcLogAppender.java:lambda$resetClient$1(217)) - 7c62eaa0-d491-4028-8bb9-25c4215260c7@group-16361C22082A->e260e396-598b-44a7-8564-b51448915afe-GrpcLogAppender: Follower failed (request=null, errorCount=52); keep nextIndex (1) unchanged and retry. (Repeated 2 times in the last 5.000s)
2024-05-10 09:19:44,417 [timer6] WARN  server.GrpcLogAppender (LogUtils.java:warn(121)) - 7c62eaa0-d491-4028-8bb9-25c4215260c7@group-611B1F60644D->e260e396-598b-44a7-8564-b51448915afe-AppendLogResponseHandler: Failed appendEntries (Repeated 2 times in the last 5.000s): org.apache.ratis.thirdparty.io.grpc.StatusRuntimeException: UNAVAILABLE: io exception
2024-05-10 09:19:44,419 [timer7] WARN  server.GrpcLogAppender (GrpcLogAppender.java:lambda$resetClient$1(217)) - 7c62eaa0-d491-4028-8bb9-25c4215260c7@group-611B1F60644D->e260e396-598b-44a7-8564-b51448915afe-GrpcLogAppender: Follower failed (request=null, errorCount=56); keep nextIndex (8) unchanged and retry. (Repeated 2 times in the last 5.001s)
2024-05-10 09:19:44,679 [grpc-default-executor-2] WARN  server.GrpcLogAppender (LogUtils.java:warn(121)) - 7c62eaa0-d491-4028-8bb9-25c4215260c7@group-16361C22082A->e260e396-598b-44a7-8564-b51448915afe-AppendLogResponseHandler: Failed appendEntries: org.apache.ratis.thirdparty.io.grpc.StatusRuntimeException: UNAVAILABLE: io exception
2024-05-10 09:19:44,679 [grpc-default-executor-4] WARN  server.GrpcLogAppender (GrpcLogAppender.java:lambda$resetClient$1(217)) - 7c62eaa0-d491-4028-8bb9-25c4215260c7@group-16361C22082A->e260e396-598b-44a7-8564-b51448915afe-GrpcLogAppender: Follower failed (request=null, errorCount=53); keep nextIndex (1) unchanged and retry.
2024-05-10 09:19:46,565 [grpc-default-executor-2] WARN  server.GrpcLogAppender (LogUtils.java:warn(121)) - 7c62eaa0-d491-4028-8bb9-25c4215260c7@group-611B1F60644D->e260e396-598b-44a7-8564-b51448915afe-AppendLogResponseHandler: Failed appendEntries: org.apache.ratis.thirdparty.io.grpc.StatusRuntimeException: UNAVAILABLE: io exception
2024-05-10 09:19:46,565 [grpc-default-executor-4] WARN  server.GrpcLogAppender (GrpcLogAppender.java:lambda$resetClient$1(217)) - 7c62eaa0-d491-4028-8bb9-25c4215260c7@group-611B1F60644D->e260e396-598b-44a7-8564-b51448915afe-GrpcLogAppender: Follower failed (request=null, errorCount=57); keep nextIndex (8) unchanged and retry.
2024-05-10 09:19:49,679 [timer4] WARN  server.GrpcLogAppender (LogUtils.java:warn(121)) - 7c62eaa0-d491-4028-8bb9-25c4215260c7@group-16361C22082A->e260e396-598b-44a7-8564-b51448915afe-AppendLogResponseHandler: Failed appendEntries (Repeated 4 times in the last 5.000s): org.apache.ratis.thirdparty.io.grpc.StatusRuntimeException: UNAVAILABLE: io exception
2024-05-10 09:19:49,680 [timer5] WARN  server.GrpcLogAppender (GrpcLogAppender.java:lambda$resetClient$1(217)) - 7c62eaa0-d491-4028-8bb9-25c4215260c7@group-16361C22082A->e260e396-598b-44a7-8564-b51448915afe-GrpcLogAppender: Follower failed (request=null, errorCount=56); keep nextIndex (1) unchanged and retry. (Repeated 4 times in the last 5.000s)
2024-05-10 09:19:51,565 [timer7] WARN  server.GrpcLogAppender (GrpcLogAppender.java:lambda$resetClient$1(217)) - 7c62eaa0-d491-4028-8bb9-25c4215260c7@group-611B1F60644D->e260e396-598b-44a7-8564-b51448915afe-GrpcLogAppender: Follower failed (request=null, errorCount=58); keep nextIndex (8) unchanged and retry. (Repeated 2 times in the last 5.000s)
2024-05-10 09:19:51,565 [timer6] WARN  server.GrpcLogAppender (LogUtils.java:warn(121)) - 7c62eaa0-d491-4028-8bb9-25c4215260c7@group-611B1F60644D->e260e396-598b-44a7-8564-b51448915afe-AppendLogResponseHandler: Failed appendEntries (Repeated 2 times in the last 5.001s): org.apache.ratis.thirdparty.io.grpc.StatusRuntimeException: UNAVAILABLE: io exception
2024-05-10 09:19:53,132 [grpc-default-executor-4] WARN  server.GrpcLogAppender (LogUtils.java:warn(121)) - 7c62eaa0-d491-4028-8bb9-25c4215260c7@group-611B1F60644D->e260e396-598b-44a7-8564-b51448915afe-AppendLogResponseHandler: Failed appendEntries: org.apache.ratis.thirdparty.io.grpc.StatusRuntimeException: UNAVAILABLE: io exception
2024-05-10 09:19:53,133 [grpc-default-executor-2] WARN  server.GrpcLogAppender (GrpcLogAppender.java:lambda$resetClient$1(217)) - 7c62eaa0-d491-4028-8bb9-25c4215260c7@group-611B1F60644D->e260e396-598b-44a7-8564-b51448915afe-GrpcLogAppender: Follower failed (request=null, errorCount=59); keep nextIndex (8) unchanged and retry.
2024-05-10 09:19:53,434 [grpc-default-executor-4] WARN  server.GrpcLogAppender (LogUtils.java:warn(121)) - 7c62eaa0-d491-4028-8bb9-25c4215260c7@group-16361C22082A->e260e396-598b-44a7-8564-b51448915afe-AppendLogResponseHandler: Failed appendEntries: org.apache.ratis.thirdparty.io.grpc.StatusRuntimeException: UNAVAILABLE: io exception
2024-05-10 09:19:53,435 [grpc-default-executor-2] WARN  server.GrpcLogAppender (GrpcLogAppender.java:lambda$resetClient$1(217)) - 7c62eaa0-d491-4028-8bb9-25c4215260c7@group-16361C22082A->e260e396-598b-44a7-8564-b51448915afe-GrpcLogAppender: Follower failed (request=null, errorCount=57); keep nextIndex (1) unchanged and retry.
2024-05-10 09:19:58,133 [timer3] WARN  server.GrpcLogAppender (LogUtils.java:warn(121)) - 7c62eaa0-d491-4028-8bb9-25c4215260c7@group-611B1F60644D->e260e396-598b-44a7-8564-b51448915afe-AppendLogResponseHandler: Failed appendEntries (Repeated 4 times in the last 5.000s): org.apache.ratis.thirdparty.io.grpc.StatusRuntimeException: UNAVAILABLE: io exception
2024-05-10 09:19:58,134 [timer4] WARN  server.GrpcLogAppender (GrpcLogAppender.java:lambda$resetClient$1(217)) - 7c62eaa0-d491-4028-8bb9-25c4215260c7@group-611B1F60644D->e260e396-598b-44a7-8564-b51448915afe-GrpcLogAppender: Follower failed (request=null, errorCount=62); keep nextIndex (8) unchanged and retry. (Repeated 4 times in the last 5.001s)
2024-05-10 09:19:58,435 [timer6] WARN  server.GrpcLogAppender (LogUtils.java:warn(121)) - 7c62eaa0-d491-4028-8bb9-25c4215260c7@group-16361C22082A->e260e396-598b-44a7-8564-b51448915afe-AppendLogResponseHandler: Failed appendEntries (Repeated 2 times in the last 5.000s): org.apache.ratis.thirdparty.io.grpc.StatusRuntimeException: UNAVAILABLE: io exception
2024-05-10 09:19:58,435 [timer7] WARN  server.GrpcLogAppender (GrpcLogAppender.java:lambda$resetClient$1(217)) - 7c62eaa0-d491-4028-8bb9-25c4215260c7@group-16361C22082A->e260e396-598b-44a7-8564-b51448915afe-GrpcLogAppender: Follower failed (request=null, errorCount=58); keep nextIndex (1) unchanged and retry. (Repeated 2 times in the last 5.000s)
2024-05-10 09:19:58,582 [grpc-default-executor-2] WARN  server.GrpcLogAppender (LogUtils.java:warn(121)) - 7c62eaa0-d491-4028-8bb9-25c4215260c7@group-611B1F60644D->e260e396-598b-44a7-8564-b51448915afe-AppendLogResponseHandler: Failed appendEntries: org.apache.ratis.thirdparty.io.grpc.StatusRuntimeException: UNAVAILABLE: io exception
2024-05-10 09:19:58,583 [grpc-default-executor-4] WARN  server.GrpcLogAppender (GrpcLogAppender.java:lambda$resetClient$1(217)) - 7c62eaa0-d491-4028-8bb9-25c4215260c7@group-611B1F60644D->e260e396-598b-44a7-8564-b51448915afe-GrpcLogAppender: Follower failed (request=null, errorCount=63); keep nextIndex (8) unchanged and retry.
2024-05-10 09:19:59,173 [7c62eaa0-d491-4028-8bb9-25c4215260c7-BlockDeletingService#1] INFO  interfaces.ContainerDeletionChoosingPolicyTemplate (ContainerDeletionChoosingPolicyTemplate.java:chooseContainerForBlockDeletion(85)) - Chosen 0/5000 blocks from 0 candidate containers.
2024-05-10 09:19:59,241 [7ab25875-5f77-45a1-9004-12eab6369d05-BlockDeletingService#1] INFO  interfaces.ContainerDeletionChoosingPolicyTemplate (ContainerDeletionChoosingPolicyTemplate.java:chooseContainerForBlockDeletion(85)) - Chosen 0/5000 blocks from 0 candidate containers.
2024-05-10 09:19:59,305 [e260e396-598b-44a7-8564-b51448915afe-BlockDeletingService#1] INFO  interfaces.ContainerDeletionChoosingPolicyTemplate (ContainerDeletionChoosingPolicyTemplate.java:chooseContainerForBlockDeletion(85)) - Chosen 0/5000 blocks from 0 candidate containers.
2024-05-10 09:19:59,395 [231fae4b-c133-4321-9160-5f63c50cd117-BlockDeletingService#1] INFO  interfaces.ContainerDeletionChoosingPolicyTemplate (ContainerDeletionChoosingPolicyTemplate.java:chooseContainerForBlockDeletion(85)) - Chosen 0/5000 blocks from 0 candidate containers.
2024-05-10 09:19:59,468 [f8145005-1c64-450e-9575-8d23d50c4709-BlockDeletingService#1] INFO  interfaces.ContainerDeletionChoosingPolicyTemplate (ContainerDeletionChoosingPolicyTemplate.java:chooseContainerForBlockDeletion(85)) - Chosen 0/5000 blocks from 0 candidate containers.
2024-05-10 09:20:00,311 [grpc-default-executor-2] WARN  server.GrpcLogAppender (LogUtils.java:warn(121)) - 7c62eaa0-d491-4028-8bb9-25c4215260c7@group-16361C22082A->e260e396-598b-44a7-8564-b51448915afe-AppendLogResponseHandler: Failed appendEntries: org.apache.ratis.thirdparty.io.grpc.StatusRuntimeException: UNAVAILABLE: io exception
2024-05-10 09:20:00,311 [grpc-default-executor-4] WARN  server.GrpcLogAppender (GrpcLogAppender.java:lambda$resetClient$1(217)) - 7c62eaa0-d491-4028-8bb9-25c4215260c7@group-16361C22082A->e260e396-598b-44a7-8564-b51448915afe-GrpcLogAppender: Follower failed (request=null, errorCount=59); keep nextIndex (1) unchanged and retry.
2024-05-10 09:20:03,583 [timer4] WARN  server.GrpcLogAppender (LogUtils.java:warn(121)) - 7c62eaa0-d491-4028-8bb9-25c4215260c7@group-611B1F60644D->e260e396-598b-44a7-8564-b51448915afe-AppendLogResponseHandler: Failed appendEntries (Repeated 2 times in the last 5.000s): org.apache.ratis.thirdparty.io.grpc.StatusRuntimeException: UNAVAILABLE: io exception
2024-05-10 09:20:03,583 [timer5] WARN  server.GrpcLogAppender (GrpcLogAppender.java:lambda$resetClient$1(217)) - 7c62eaa0-d491-4028-8bb9-25c4215260c7@group-611B1F60644D->e260e396-598b-44a7-8564-b51448915afe-GrpcLogAppender: Follower failed (request=null, errorCount=64); keep nextIndex (8) unchanged and retry. (Repeated 2 times in the last 5.000s)
2024-05-10 09:20:03,879 [grpc-default-executor-2] WARN  server.GrpcLogAppender (LogUtils.java:warn(121)) - 7c62eaa0-d491-4028-8bb9-25c4215260c7@group-611B1F60644D->e260e396-598b-44a7-8564-b51448915afe-AppendLogResponseHandler: Failed appendEntries: org.apache.ratis.thirdparty.io.grpc.StatusRuntimeException: UNAVAILABLE: io exception
2024-05-10 09:20:03,880 [grpc-default-executor-4] WARN  server.GrpcLogAppender (GrpcLogAppender.java:lambda$resetClient$1(217)) - 7c62eaa0-d491-4028-8bb9-25c4215260c7@group-611B1F60644D->e260e396-598b-44a7-8564-b51448915afe-GrpcLogAppender: Follower failed (request=null, errorCount=65); keep nextIndex (8) unchanged and retry.
2024-05-10 09:20:05,311 [timer7] WARN  server.GrpcLogAppender (GrpcLogAppender.java:lambda$resetClient$1(217)) - 7c62eaa0-d491-4028-8bb9-25c4215260c7@group-16361C22082A->e260e396-598b-44a7-8564-b51448915afe-GrpcLogAppender: Follower failed (request=null, errorCount=60); keep nextIndex (1) unchanged and retry. (Repeated 2 times in the last 4.999s)
2024-05-10 09:20:05,311 [timer6] WARN  server.GrpcLogAppender (LogUtils.java:warn(121)) - 7c62eaa0-d491-4028-8bb9-25c4215260c7@group-16361C22082A->e260e396-598b-44a7-8564-b51448915afe-AppendLogResponseHandler: Failed appendEntries (Repeated 2 times in the last 5.001s): org.apache.ratis.thirdparty.io.grpc.StatusRuntimeException: UNAVAILABLE: io exception
2024-05-10 09:20:07,536 [grpc-default-executor-4] WARN  server.GrpcLogAppender (LogUtils.java:warn(121)) - 7c62eaa0-d491-4028-8bb9-25c4215260c7@group-16361C22082A->e260e396-598b-44a7-8564-b51448915afe-AppendLogResponseHandler: Failed appendEntries: org.apache.ratis.thirdparty.io.grpc.StatusRuntimeException: UNAVAILABLE: io exception
2024-05-10 09:20:07,537 [grpc-default-executor-2] WARN  server.GrpcLogAppender (GrpcLogAppender.java:lambda$resetClient$1(217)) - 7c62eaa0-d491-4028-8bb9-25c4215260c7@group-16361C22082A->e260e396-598b-44a7-8564-b51448915afe-GrpcLogAppender: Follower failed (request=null, errorCount=61); keep nextIndex (1) unchanged and retry.
2024-05-10 09:20:08,880 [timer5] WARN  server.GrpcLogAppender (LogUtils.java:warn(121)) - 7c62eaa0-d491-4028-8bb9-25c4215260c7@group-611B1F60644D->e260e396-598b-44a7-8564-b51448915afe-AppendLogResponseHandler: Failed appendEntries (Repeated 4 times in the last 5.000s): org.apache.ratis.thirdparty.io.grpc.StatusRuntimeException: UNAVAILABLE: io exception
2024-05-10 09:20:08,881 [timer6] WARN  server.GrpcLogAppender (GrpcLogAppender.java:lambda$resetClient$1(217)) - 7c62eaa0-d491-4028-8bb9-25c4215260c7@group-611B1F60644D->e260e396-598b-44a7-8564-b51448915afe-GrpcLogAppender: Follower failed (request=null, errorCount=68); keep nextIndex (8) unchanged and retry. (Repeated 4 times in the last 5.001s)
2024-05-10 09:20:12,537 [timer0] WARN  server.GrpcLogAppender (LogUtils.java:warn(121)) - 7c62eaa0-d491-4028-8bb9-25c4215260c7@group-16361C22082A->e260e396-598b-44a7-8564-b51448915afe-AppendLogResponseHandler: Failed appendEntries (Repeated 2 times in the last 5.000s): org.apache.ratis.thirdparty.io.grpc.StatusRuntimeException: UNAVAILABLE: io exception
2024-05-10 09:20:12,537 [timer1] WARN  server.GrpcLogAppender (GrpcLogAppender.java:lambda$resetClient$1(217)) - 7c62eaa0-d491-4028-8bb9-25c4215260c7@group-16361C22082A->e260e396-598b-44a7-8564-b51448915afe-GrpcLogAppender: Follower failed (request=null, errorCount=62); keep nextIndex (1) unchanged and retry. (Repeated 2 times in the last 5.001s)
2024-05-10 09:20:12,769 [grpc-default-executor-4] WARN  server.GrpcLogAppender (LogUtils.java:warn(121)) - 7c62eaa0-d491-4028-8bb9-25c4215260c7@group-611B1F60644D->e260e396-598b-44a7-8564-b51448915afe-AppendLogResponseHandler: Failed appendEntries: org.apache.ratis.thirdparty.io.grpc.StatusRuntimeException: UNAVAILABLE: io exception
2024-05-10 09:20:12,770 [grpc-default-executor-2] WARN  server.GrpcLogAppender (GrpcLogAppender.java:lambda$resetClient$1(217)) - 7c62eaa0-d491-4028-8bb9-25c4215260c7@group-611B1F60644D->e260e396-598b-44a7-8564-b51448915afe-GrpcLogAppender: Follower failed (request=null, errorCount=69); keep nextIndex (8) unchanged and retry.
2024-05-10 09:20:14,621 [grpc-default-executor-4] WARN  server.GrpcLogAppender (LogUtils.java:warn(121)) - 7c62eaa0-d491-4028-8bb9-25c4215260c7@group-16361C22082A->e260e396-598b-44a7-8564-b51448915afe-AppendLogResponseHandler: Failed appendEntries: org.apache.ratis.thirdparty.io.grpc.StatusRuntimeException: UNAVAILABLE: io exception
2024-05-10 09:20:14,621 [grpc-default-executor-2] WARN  server.GrpcLogAppender (GrpcLogAppender.java:lambda$resetClient$1(217)) - 7c62eaa0-d491-4028-8bb9-25c4215260c7@group-16361C22082A->e260e396-598b-44a7-8564-b51448915afe-GrpcLogAppender: Follower failed (request=null, errorCount=63); keep nextIndex (1) unchanged and retry.
2024-05-10 09:20:17,769 [timer3] WARN  server.GrpcLogAppender (LogUtils.java:warn(121)) - 7c62eaa0-d491-4028-8bb9-25c4215260c7@group-611B1F60644D->e260e396-598b-44a7-8564-b51448915afe-AppendLogResponseHandler: Failed appendEntries (Repeated 4 times in the last 4.999s): org.apache.ratis.thirdparty.io.grpc.StatusRuntimeException: UNAVAILABLE: io exception
2024-05-10 09:20:17,770 [timer4] WARN  server.GrpcLogAppender (GrpcLogAppender.java:lambda$resetClient$1(217)) - 7c62eaa0-d491-4028-8bb9-25c4215260c7@group-611B1F60644D->e260e396-598b-44a7-8564-b51448915afe-GrpcLogAppender: Follower failed (request=null, errorCount=72); keep nextIndex (8) unchanged and retry. (Repeated 4 times in the last 5.000s)
2024-05-10 09:20:19,621 [timer7] WARN  server.GrpcLogAppender (LogUtils.java:warn(121)) - 7c62eaa0-d491-4028-8bb9-25c4215260c7@group-16361C22082A->e260e396-598b-44a7-8564-b51448915afe-AppendLogResponseHandler: Failed appendEntries (Repeated 4 times in the last 5.000s): org.apache.ratis.thirdparty.io.grpc.StatusRuntimeException: UNAVAILABLE: io exception
2024-05-10 09:20:19,621 [timer0] WARN  server.GrpcLogAppender (GrpcLogAppender.java:lambda$resetClient$1(217)) - 7c62eaa0-d491-4028-8bb9-25c4215260c7@group-16361C22082A->e260e396-598b-44a7-8564-b51448915afe-GrpcLogAppender: Follower failed (request=null, errorCount=66); keep nextIndex (1) unchanged and retry. (Repeated 4 times in the last 5.000s)
2024-05-10 09:20:21,150 [grpc-default-executor-4] WARN  server.GrpcLogAppender (LogUtils.java:warn(121)) - 7c62eaa0-d491-4028-8bb9-25c4215260c7@group-611B1F60644D->e260e396-598b-44a7-8564-b51448915afe-AppendLogResponseHandler: Failed appendEntries: org.apache.ratis.thirdparty.io.grpc.StatusRuntimeException: UNAVAILABLE: io exception
2024-05-10 09:20:21,151 [grpc-default-executor-2] WARN  server.GrpcLogAppender (GrpcLogAppender.java:lambda$resetClient$1(217)) - 7c62eaa0-d491-4028-8bb9-25c4215260c7@group-611B1F60644D->e260e396-598b-44a7-8564-b51448915afe-GrpcLogAppender: Follower failed (request=null, errorCount=73); keep nextIndex (8) unchanged and retry.
2024-05-10 09:20:22,477 [grpc-default-executor-4] WARN  server.GrpcLogAppender (LogUtils.java:warn(121)) - 7c62eaa0-d491-4028-8bb9-25c4215260c7@group-16361C22082A->e260e396-598b-44a7-8564-b51448915afe-AppendLogResponseHandler: Failed appendEntries: org.apache.ratis.thirdparty.io.grpc.StatusRuntimeException: UNAVAILABLE: io exception
2024-05-10 09:20:22,478 [grpc-default-executor-2] WARN  server.GrpcLogAppender (GrpcLogAppender.java:lambda$resetClient$1(217)) - 7c62eaa0-d491-4028-8bb9-25c4215260c7@group-16361C22082A->e260e396-598b-44a7-8564-b51448915afe-GrpcLogAppender: Follower failed (request=null, errorCount=67); keep nextIndex (1) unchanged and retry.
2024-05-10 09:20:26,151 [timer3] WARN  server.GrpcLogAppender (LogUtils.java:warn(121)) - 7c62eaa0-d491-4028-8bb9-25c4215260c7@group-611B1F60644D->e260e396-598b-44a7-8564-b51448915afe-AppendLogResponseHandler: Failed appendEntries (Repeated 2 times in the last 5.000s): org.apache.ratis.thirdparty.io.grpc.StatusRuntimeException: UNAVAILABLE: io exception
2024-05-10 09:20:26,151 [timer4] WARN  server.GrpcLogAppender (GrpcLogAppender.java:lambda$resetClient$1(217)) - 7c62eaa0-d491-4028-8bb9-25c4215260c7@group-611B1F60644D->e260e396-598b-44a7-8564-b51448915afe-GrpcLogAppender: Follower failed (request=null, errorCount=74); keep nextIndex (8) unchanged and retry. (Repeated 2 times in the last 5.000s)
2024-05-10 09:20:26,192 [grpc-default-executor-4] WARN  server.GrpcLogAppender (LogUtils.java:warn(121)) - 7c62eaa0-d491-4028-8bb9-25c4215260c7@group-611B1F60644D->e260e396-598b-44a7-8564-b51448915afe-AppendLogResponseHandler: Failed appendEntries: org.apache.ratis.thirdparty.io.grpc.StatusRuntimeException: UNAVAILABLE: io exception
2024-05-10 09:20:26,192 [grpc-default-executor-2] WARN  server.GrpcLogAppender (GrpcLogAppender.java:lambda$resetClient$1(217)) - 7c62eaa0-d491-4028-8bb9-25c4215260c7@group-611B1F60644D->e260e396-598b-44a7-8564-b51448915afe-GrpcLogAppender: Follower failed (request=null, errorCount=75); keep nextIndex (8) unchanged and retry.
2024-05-10 09:20:27,478 [timer0] WARN  server.GrpcLogAppender (LogUtils.java:warn(121)) - 7c62eaa0-d491-4028-8bb9-25c4215260c7@group-16361C22082A->e260e396-598b-44a7-8564-b51448915afe-AppendLogResponseHandler: Failed appendEntries (Repeated 4 times in the last 5.000s): org.apache.ratis.thirdparty.io.grpc.StatusRuntimeException: UNAVAILABLE: io exception
2024-05-10 09:20:27,478 [timer1] WARN  server.GrpcLogAppender (GrpcLogAppender.java:lambda$resetClient$1(217)) - 7c62eaa0-d491-4028-8bb9-25c4215260c7@group-16361C22082A->e260e396-598b-44a7-8564-b51448915afe-GrpcLogAppender: Follower failed (request=null, errorCount=70); keep nextIndex (1) unchanged and retry. (Repeated 4 times in the last 5.000s)
2024-05-10 09:20:30,416 [grpc-default-executor-4] WARN  server.GrpcLogAppender (LogUtils.java:warn(121)) - 7c62eaa0-d491-4028-8bb9-25c4215260c7@group-16361C22082A->e260e396-598b-44a7-8564-b51448915afe-AppendLogResponseHandler: Failed appendEntries: org.apache.ratis.thirdparty.io.grpc.StatusRuntimeException: UNAVAILABLE: io exception
2024-05-10 09:20:30,417 [grpc-default-executor-2] WARN  server.GrpcLogAppender (GrpcLogAppender.java:lambda$resetClient$1(217)) - 7c62eaa0-d491-4028-8bb9-25c4215260c7@group-16361C22082A->e260e396-598b-44a7-8564-b51448915afe-GrpcLogAppender: Follower failed (request=null, errorCount=71); keep nextIndex (1) unchanged and retry.
2024-05-10 09:20:31,192 [timer5] WARN  server.GrpcLogAppender (LogUtils.java:warn(121)) - 7c62eaa0-d491-4028-8bb9-25c4215260c7@group-611B1F60644D->e260e396-598b-44a7-8564-b51448915afe-AppendLogResponseHandler: Failed appendEntries (Repeated 4 times in the last 5.000s): org.apache.ratis.thirdparty.io.grpc.StatusRuntimeException: UNAVAILABLE: io exception
2024-05-10 09:20:31,193 [timer6] WARN  server.GrpcLogAppender (GrpcLogAppender.java:lambda$resetClient$1(217)) - 7c62eaa0-d491-4028-8bb9-25c4215260c7@group-611B1F60644D->e260e396-598b-44a7-8564-b51448915afe-GrpcLogAppender: Follower failed (request=null, errorCount=78); keep nextIndex (8) unchanged and retry. (Repeated 4 times in the last 5.000s)
2024-05-10 09:20:35,417 [timer6] WARN  server.GrpcLogAppender (LogUtils.java:warn(121)) - 7c62eaa0-d491-4028-8bb9-25c4215260c7@group-16361C22082A->e260e396-598b-44a7-8564-b51448915afe-AppendLogResponseHandler: Failed appendEntries (Repeated 2 times in the last 5.000s): org.apache.ratis.thirdparty.io.grpc.StatusRuntimeException: UNAVAILABLE: io exception
2024-05-10 09:20:35,418 [timer7] WARN  server.GrpcLogAppender (GrpcLogAppender.java:lambda$resetClient$1(217)) - 7c62eaa0-d491-4028-8bb9-25c4215260c7@group-16361C22082A->e260e396-598b-44a7-8564-b51448915afe-GrpcLogAppender: Follower failed (request=null, errorCount=72); keep nextIndex (1) unchanged and retry. (Repeated 2 times in the last 5.001s)
2024-05-10 09:20:35,998 [grpc-default-executor-4] WARN  server.GrpcLogAppender (LogUtils.java:warn(121)) - 7c62eaa0-d491-4028-8bb9-25c4215260c7@group-16361C22082A->e260e396-598b-44a7-8564-b51448915afe-AppendLogResponseHandler: Failed appendEntries: org.apache.ratis.thirdparty.io.grpc.StatusRuntimeException: UNAVAILABLE: io exception
2024-05-10 09:20:35,998 [grpc-default-executor-2] WARN  server.GrpcLogAppender (GrpcLogAppender.java:lambda$resetClient$1(217)) - 7c62eaa0-d491-4028-8bb9-25c4215260c7@group-16361C22082A->e260e396-598b-44a7-8564-b51448915afe-GrpcLogAppender: Follower failed (request=null, errorCount=73); keep nextIndex (1) unchanged and retry.
2024-05-10 09:20:36,827 [grpc-default-executor-4] WARN  server.GrpcLogAppender (LogUtils.java:warn(121)) - 7c62eaa0-d491-4028-8bb9-25c4215260c7@group-611B1F60644D->e260e396-598b-44a7-8564-b51448915afe-AppendLogResponseHandler: Failed appendEntries: org.apache.ratis.thirdparty.io.grpc.StatusRuntimeException: UNAVAILABLE: io exception
2024-05-10 09:20:36,827 [grpc-default-executor-2] WARN  server.GrpcLogAppender (GrpcLogAppender.java:lambda$resetClient$1(217)) - 7c62eaa0-d491-4028-8bb9-25c4215260c7@group-611B1F60644D->e260e396-598b-44a7-8564-b51448915afe-GrpcLogAppender: Follower failed (request=null, errorCount=79); keep nextIndex (8) unchanged and retry.
2024-05-10 09:20:40,998 [timer4] WARN  server.GrpcLogAppender (GrpcLogAppender.java:lambda$resetClient$1(217)) - 7c62eaa0-d491-4028-8bb9-25c4215260c7@group-16361C22082A->e260e396-598b-44a7-8564-b51448915afe-GrpcLogAppender: Follower failed (request=null, errorCount=76); keep nextIndex (1) unchanged and retry. (Repeated 4 times in the last 4.999s)
2024-05-10 09:20:40,998 [timer3] WARN  server.GrpcLogAppender (LogUtils.java:warn(121)) - 7c62eaa0-d491-4028-8bb9-25c4215260c7@group-16361C22082A->e260e396-598b-44a7-8564-b51448915afe-AppendLogResponseHandler: Failed appendEntries (Repeated 4 times in the last 5.000s): org.apache.ratis.thirdparty.io.grpc.StatusRuntimeException: UNAVAILABLE: io exception
2024-05-10 09:20:41,827 [timer6] WARN  server.GrpcLogAppender (LogUtils.java:warn(121)) - 7c62eaa0-d491-4028-8bb9-25c4215260c7@group-611B1F60644D->e260e396-598b-44a7-8564-b51448915afe-AppendLogResponseHandler: Failed appendEntries (Repeated 2 times in the last 5.001s): org.apache.ratis.thirdparty.io.grpc.StatusRuntimeException: UNAVAILABLE: io exception
2024-05-10 09:20:41,827 [timer7] WARN  server.GrpcLogAppender (GrpcLogAppender.java:lambda$resetClient$1(217)) - 7c62eaa0-d491-4028-8bb9-25c4215260c7@group-611B1F60644D->e260e396-598b-44a7-8564-b51448915afe-GrpcLogAppender: Follower failed (request=null, errorCount=80); keep nextIndex (8) unchanged and retry. (Repeated 2 times in the last 5.000s)
2024-05-10 09:20:44,266 [grpc-default-executor-2] WARN  server.GrpcLogAppender (LogUtils.java:warn(121)) - 7c62eaa0-d491-4028-8bb9-25c4215260c7@group-611B1F60644D->e260e396-598b-44a7-8564-b51448915afe-AppendLogResponseHandler: Failed appendEntries: org.apache.ratis.thirdparty.io.grpc.StatusRuntimeException: UNAVAILABLE: io exception
2024-05-10 09:20:44,267 [grpc-default-executor-4] WARN  server.GrpcLogAppender (GrpcLogAppender.java:lambda$resetClient$1(217)) - 7c62eaa0-d491-4028-8bb9-25c4215260c7@group-611B1F60644D->e260e396-598b-44a7-8564-b51448915afe-GrpcLogAppender: Follower failed (request=null, errorCount=81); keep nextIndex (8) unchanged and retry.
2024-05-10 09:20:45,970 [grpc-default-executor-2] WARN  server.GrpcLogAppender (LogUtils.java:warn(121)) - 7c62eaa0-d491-4028-8bb9-25c4215260c7@group-16361C22082A->e260e396-598b-44a7-8564-b51448915afe-AppendLogResponseHandler: Failed appendEntries: org.apache.ratis.thirdparty.io.grpc.StatusRuntimeException: UNAVAILABLE: io exception
2024-05-10 09:20:45,970 [grpc-default-executor-5] WARN  server.GrpcLogAppender (GrpcLogAppender.java:lambda$resetClient$1(217)) - 7c62eaa0-d491-4028-8bb9-25c4215260c7@group-16361C22082A->e260e396-598b-44a7-8564-b51448915afe-GrpcLogAppender: Follower failed (request=null, errorCount=77); keep nextIndex (1) unchanged and retry.
2024-05-10 09:20:49,267 [timer3] WARN  server.GrpcLogAppender (LogUtils.java:warn(121)) - 7c62eaa0-d491-4028-8bb9-25c4215260c7@group-611B1F60644D->e260e396-598b-44a7-8564-b51448915afe-AppendLogResponseHandler: Failed appendEntries (Repeated 2 times in the last 5.000s): org.apache.ratis.thirdparty.io.grpc.StatusRuntimeException: UNAVAILABLE: io exception
2024-05-10 09:20:49,267 [timer4] WARN  server.GrpcLogAppender (GrpcLogAppender.java:lambda$resetClient$1(217)) - 7c62eaa0-d491-4028-8bb9-25c4215260c7@group-611B1F60644D->e260e396-598b-44a7-8564-b51448915afe-GrpcLogAppender: Follower failed (request=null, errorCount=82); keep nextIndex (8) unchanged and retry. (Repeated 2 times in the last 5.001s)
2024-05-10 09:20:50,434 [grpc-default-executor-2] WARN  server.GrpcLogAppender (LogUtils.java:warn(121)) - 7c62eaa0-d491-4028-8bb9-25c4215260c7@group-611B1F60644D->e260e396-598b-44a7-8564-b51448915afe-AppendLogResponseHandler: Failed appendEntries: org.apache.ratis.thirdparty.io.grpc.StatusRuntimeException: UNAVAILABLE: io exception
2024-05-10 09:20:50,434 [grpc-default-executor-5] WARN  server.GrpcLogAppender (GrpcLogAppender.java:lambda$resetClient$1(217)) - 7c62eaa0-d491-4028-8bb9-25c4215260c7@group-611B1F60644D->e260e396-598b-44a7-8564-b51448915afe-GrpcLogAppender: Follower failed (request=null, errorCount=83); keep nextIndex (8) unchanged and retry.
2024-05-10 09:20:50,970 [timer6] WARN  server.GrpcLogAppender (LogUtils.java:warn(121)) - 7c62eaa0-d491-4028-8bb9-25c4215260c7@group-16361C22082A->e260e396-598b-44a7-8564-b51448915afe-AppendLogResponseHandler: Failed appendEntries (Repeated 2 times in the last 5.000s): org.apache.ratis.thirdparty.io.grpc.StatusRuntimeException: UNAVAILABLE: io exception
2024-05-10 09:20:50,970 [timer7] WARN  server.GrpcLogAppender (GrpcLogAppender.java:lambda$resetClient$1(217)) - 7c62eaa0-d491-4028-8bb9-25c4215260c7@group-16361C22082A->e260e396-598b-44a7-8564-b51448915afe-GrpcLogAppender: Follower failed (request=null, errorCount=78); keep nextIndex (1) unchanged and retry. (Repeated 2 times in the last 5.000s)
2024-05-10 09:20:53,125 [grpc-default-executor-2] WARN  server.GrpcLogAppender (LogUtils.java:warn(121)) - 7c62eaa0-d491-4028-8bb9-25c4215260c7@group-16361C22082A->e260e396-598b-44a7-8564-b51448915afe-AppendLogResponseHandler: Failed appendEntries: org.apache.ratis.thirdparty.io.grpc.StatusRuntimeException: UNAVAILABLE: io exception
2024-05-10 09:20:53,126 [grpc-default-executor-5] WARN  server.GrpcLogAppender (GrpcLogAppender.java:lambda$resetClient$1(217)) - 7c62eaa0-d491-4028-8bb9-25c4215260c7@group-16361C22082A->e260e396-598b-44a7-8564-b51448915afe-GrpcLogAppender: Follower failed (request=null, errorCount=79); keep nextIndex (1) unchanged and retry.
2024-05-10 09:20:55,434 [timer5] WARN  server.GrpcLogAppender (LogUtils.java:warn(121)) - 7c62eaa0-d491-4028-8bb9-25c4215260c7@group-611B1F60644D->e260e396-598b-44a7-8564-b51448915afe-AppendLogResponseHandler: Failed appendEntries (Repeated 2 times in the last 5.000s): org.apache.ratis.thirdparty.io.grpc.StatusRuntimeException: UNAVAILABLE: io exception
2024-05-10 09:20:55,434 [timer6] WARN  server.GrpcLogAppender (GrpcLogAppender.java:lambda$resetClient$1(217)) - 7c62eaa0-d491-4028-8bb9-25c4215260c7@group-611B1F60644D->e260e396-598b-44a7-8564-b51448915afe-GrpcLogAppender: Follower failed (request=null, errorCount=84); keep nextIndex (8) unchanged and retry. (Repeated 2 times in the last 5.000s)
2024-05-10 09:20:57,143 [grpc-default-executor-2] WARN  server.GrpcLogAppender (LogUtils.java:warn(121)) - 7c62eaa0-d491-4028-8bb9-25c4215260c7@group-611B1F60644D->e260e396-598b-44a7-8564-b51448915afe-AppendLogResponseHandler: Failed appendEntries: org.apache.ratis.thirdparty.io.grpc.StatusRuntimeException: UNAVAILABLE: io exception
2024-05-10 09:20:57,144 [grpc-default-executor-5] WARN  server.GrpcLogAppender (GrpcLogAppender.java:lambda$resetClient$1(217)) - 7c62eaa0-d491-4028-8bb9-25c4215260c7@group-611B1F60644D->e260e396-598b-44a7-8564-b51448915afe-GrpcLogAppender: Follower failed (request=null, errorCount=85); keep nextIndex (8) unchanged and retry.
2024-05-10 09:20:58,126 [timer6] WARN  server.GrpcLogAppender (LogUtils.java:warn(121)) - 7c62eaa0-d491-4028-8bb9-25c4215260c7@group-16361C22082A->e260e396-598b-44a7-8564-b51448915afe-AppendLogResponseHandler: Failed appendEntries (Repeated 4 times in the last 5.000s): org.apache.ratis.thirdparty.io.grpc.StatusRuntimeException: UNAVAILABLE: io exception
2024-05-10 09:20:58,126 [timer7] WARN  server.GrpcLogAppender (GrpcLogAppender.java:lambda$resetClient$1(217)) - 7c62eaa0-d491-4028-8bb9-25c4215260c7@group-16361C22082A->e260e396-598b-44a7-8564-b51448915afe-GrpcLogAppender: Follower failed (request=null, errorCount=82); keep nextIndex (1) unchanged and retry. (Repeated 4 times in the last 5.000s)
2024-05-10 09:20:59,174 [7c62eaa0-d491-4028-8bb9-25c4215260c7-BlockDeletingService#0] INFO  interfaces.ContainerDeletionChoosingPolicyTemplate (ContainerDeletionChoosingPolicyTemplate.java:chooseContainerForBlockDeletion(85)) - Chosen 0/5000 blocks from 0 candidate containers.
2024-05-10 09:20:59,241 [7ab25875-5f77-45a1-9004-12eab6369d05-BlockDeletingService#0] INFO  interfaces.ContainerDeletionChoosingPolicyTemplate (ContainerDeletionChoosingPolicyTemplate.java:chooseContainerForBlockDeletion(85)) - Chosen 0/5000 blocks from 0 candidate containers.
2024-05-10 09:20:59,305 [e260e396-598b-44a7-8564-b51448915afe-BlockDeletingService#0] INFO  interfaces.ContainerDeletionChoosingPolicyTemplate (ContainerDeletionChoosingPolicyTemplate.java:chooseContainerForBlockDeletion(85)) - Chosen 0/5000 blocks from 0 candidate containers.
2024-05-10 09:20:59,395 [231fae4b-c133-4321-9160-5f63c50cd117-BlockDeletingService#0] INFO  interfaces.ContainerDeletionChoosingPolicyTemplate (ContainerDeletionChoosingPolicyTemplate.java:chooseContainerForBlockDeletion(85)) - Chosen 0/5000 blocks from 0 candidate containers.
2024-05-10 09:20:59,468 [f8145005-1c64-450e-9575-8d23d50c4709-BlockDeletingService#0] INFO  interfaces.ContainerDeletionChoosingPolicyTemplate (ContainerDeletionChoosingPolicyTemplate.java:chooseContainerForBlockDeletion(85)) - Chosen 0/5000 blocks from 0 candidate containers.
2024-05-10 09:21:01,030 [grpc-default-executor-5] WARN  server.GrpcLogAppender (LogUtils.java:warn(121)) - 7c62eaa0-d491-4028-8bb9-25c4215260c7@group-16361C22082A->e260e396-598b-44a7-8564-b51448915afe-AppendLogResponseHandler: Failed appendEntries: org.apache.ratis.thirdparty.io.grpc.StatusRuntimeException: UNAVAILABLE: io exception
2024-05-10 09:21:01,031 [grpc-default-executor-2] WARN  server.GrpcLogAppender (GrpcLogAppender.java:lambda$resetClient$1(217)) - 7c62eaa0-d491-4028-8bb9-25c4215260c7@group-16361C22082A->e260e396-598b-44a7-8564-b51448915afe-GrpcLogAppender: Follower failed (request=null, errorCount=83); keep nextIndex (1) unchanged and retry.
2024-05-10 09:21:02,143 [timer7] WARN  server.GrpcLogAppender (LogUtils.java:warn(121)) - 7c62eaa0-d491-4028-8bb9-25c4215260c7@group-611B1F60644D->e260e396-598b-44a7-8564-b51448915afe-AppendLogResponseHandler: Failed appendEntries (Repeated 4 times in the last 5.000s): org.apache.ratis.thirdparty.io.grpc.StatusRuntimeException: UNAVAILABLE: io exception
2024-05-10 09:21:02,145 [timer0] WARN  server.GrpcLogAppender (GrpcLogAppender.java:lambda$resetClient$1(217)) - 7c62eaa0-d491-4028-8bb9-25c4215260c7@group-611B1F60644D->e260e396-598b-44a7-8564-b51448915afe-GrpcLogAppender: Follower failed (request=null, errorCount=88); keep nextIndex (8) unchanged and retry. (Repeated 4 times in the last 5.001s)
2024-05-10 09:21:06,031 [timer5] WARN  server.GrpcLogAppender (LogUtils.java:warn(121)) - 7c62eaa0-d491-4028-8bb9-25c4215260c7@group-16361C22082A->e260e396-598b-44a7-8564-b51448915afe-AppendLogResponseHandler: Failed appendEntries (Repeated 2 times in the last 5.000s): org.apache.ratis.thirdparty.io.grpc.StatusRuntimeException: UNAVAILABLE: io exception
2024-05-10 09:21:06,031 [timer6] WARN  server.GrpcLogAppender (GrpcLogAppender.java:lambda$resetClient$1(217)) - 7c62eaa0-d491-4028-8bb9-25c4215260c7@group-16361C22082A->e260e396-598b-44a7-8564-b51448915afe-GrpcLogAppender: Follower failed (request=null, errorCount=84); keep nextIndex (1) unchanged and retry. (Repeated 2 times in the last 5.000s)
2024-05-10 09:21:06,941 [grpc-default-executor-2] WARN  server.GrpcLogAppender (LogUtils.java:warn(121)) - 7c62eaa0-d491-4028-8bb9-25c4215260c7@group-16361C22082A->e260e396-598b-44a7-8564-b51448915afe-AppendLogResponseHandler: Failed appendEntries: org.apache.ratis.thirdparty.io.grpc.StatusRuntimeException: UNAVAILABLE: io exception
2024-05-10 09:21:06,941 [grpc-default-executor-5] WARN  server.GrpcLogAppender (GrpcLogAppender.java:lambda$resetClient$1(217)) - 7c62eaa0-d491-4028-8bb9-25c4215260c7@group-16361C22082A->e260e396-598b-44a7-8564-b51448915afe-GrpcLogAppender: Follower failed (request=null, errorCount=85); keep nextIndex (1) unchanged and retry.
2024-05-10 09:21:08,871 [grpc-default-executor-2] WARN  server.GrpcLogAppender (LogUtils.java:warn(121)) - 7c62eaa0-d491-4028-8bb9-25c4215260c7@group-611B1F60644D->e260e396-598b-44a7-8564-b51448915afe-AppendLogResponseHandler: Failed appendEntries: org.apache.ratis.thirdparty.io.grpc.StatusRuntimeException: UNAVAILABLE: io exception
2024-05-10 09:21:08,871 [grpc-default-executor-5] WARN  server.GrpcLogAppender (GrpcLogAppender.java:lambda$resetClient$1(217)) - 7c62eaa0-d491-4028-8bb9-25c4215260c7@group-611B1F60644D->e260e396-598b-44a7-8564-b51448915afe-GrpcLogAppender: Follower failed (request=null, errorCount=89); keep nextIndex (8) unchanged and retry.
2024-05-10 09:21:11,941 [timer3] WARN  server.GrpcLogAppender (LogUtils.java:warn(121)) - 7c62eaa0-d491-4028-8bb9-25c4215260c7@group-16361C22082A->e260e396-598b-44a7-8564-b51448915afe-AppendLogResponseHandler: Failed appendEntries (Repeated 4 times in the last 5.000s): org.apache.ratis.thirdparty.io.grpc.StatusRuntimeException: UNAVAILABLE: io exception
2024-05-10 09:21:11,941 [timer4] WARN  server.GrpcLogAppender (GrpcLogAppender.java:lambda$resetClient$1(217)) - 7c62eaa0-d491-4028-8bb9-25c4215260c7@group-16361C22082A->e260e396-598b-44a7-8564-b51448915afe-GrpcLogAppender: Follower failed (request=null, errorCount=88); keep nextIndex (1) unchanged and retry. (Repeated 4 times in the last 5.000s)
2024-05-10 09:21:13,871 [timer6] WARN  server.GrpcLogAppender (LogUtils.java:warn(121)) - 7c62eaa0-d491-4028-8bb9-25c4215260c7@group-611B1F60644D->e260e396-598b-44a7-8564-b51448915afe-AppendLogResponseHandler: Failed appendEntries (Repeated 2 times in the last 5.000s): org.apache.ratis.thirdparty.io.grpc.StatusRuntimeException: UNAVAILABLE: io exception
2024-05-10 09:21:13,871 [timer7] WARN  server.GrpcLogAppender (GrpcLogAppender.java:lambda$resetClient$1(217)) - 7c62eaa0-d491-4028-8bb9-25c4215260c7@group-611B1F60644D->e260e396-598b-44a7-8564-b51448915afe-GrpcLogAppender: Follower failed (request=null, errorCount=90); keep nextIndex (8) unchanged and retry. (Repeated 2 times in the last 5.000s)
2024-05-10 09:21:15,496 [grpc-default-executor-5] WARN  server.GrpcLogAppender (LogUtils.java:warn(121)) - 7c62eaa0-d491-4028-8bb9-25c4215260c7@group-611B1F60644D->e260e396-598b-44a7-8564-b51448915afe-AppendLogResponseHandler: Failed appendEntries: org.apache.ratis.thirdparty.io.grpc.StatusRuntimeException: UNAVAILABLE: io exception
2024-05-10 09:21:15,497 [grpc-default-executor-2] WARN  server.GrpcLogAppender (GrpcLogAppender.java:lambda$resetClient$1(217)) - 7c62eaa0-d491-4028-8bb9-25c4215260c7@group-611B1F60644D->e260e396-598b-44a7-8564-b51448915afe-GrpcLogAppender: Follower failed (request=null, errorCount=91); keep nextIndex (8) unchanged and retry.
2024-05-10 09:21:19,155 [grpc-default-executor-2] WARN  server.GrpcLogAppender (LogUtils.java:warn(121)) - 7c62eaa0-d491-4028-8bb9-25c4215260c7@group-16361C22082A->e260e396-598b-44a7-8564-b51448915afe-AppendLogResponseHandler: Failed appendEntries: org.apache.ratis.thirdparty.io.grpc.StatusRuntimeException: UNAVAILABLE: io exception
2024-05-10 09:21:19,156 [grpc-default-executor-5] WARN  server.GrpcLogAppender (GrpcLogAppender.java:lambda$resetClient$1(217)) - 7c62eaa0-d491-4028-8bb9-25c4215260c7@group-16361C22082A->e260e396-598b-44a7-8564-b51448915afe-GrpcLogAppender: Follower failed (request=null, errorCount=89); keep nextIndex (1) unchanged and retry.
2024-05-10 09:21:20,497 [timer3] WARN  server.GrpcLogAppender (LogUtils.java:warn(121)) - 7c62eaa0-d491-4028-8bb9-25c4215260c7@group-611B1F60644D->e260e396-598b-44a7-8564-b51448915afe-AppendLogResponseHandler: Failed appendEntries (Repeated 2 times in the last 5.000s): org.apache.ratis.thirdparty.io.grpc.StatusRuntimeException: UNAVAILABLE: io exception
2024-05-10 09:21:20,497 [timer4] WARN  server.GrpcLogAppender (GrpcLogAppender.java:lambda$resetClient$1(217)) - 7c62eaa0-d491-4028-8bb9-25c4215260c7@group-611B1F60644D->e260e396-598b-44a7-8564-b51448915afe-GrpcLogAppender: Follower failed (request=null, errorCount=92); keep nextIndex (8) unchanged and retry. (Repeated 2 times in the last 5.001s)
2024-05-10 09:21:21,703 [grpc-default-executor-2] WARN  server.GrpcLogAppender (LogUtils.java:warn(121)) - 7c62eaa0-d491-4028-8bb9-25c4215260c7@group-611B1F60644D->e260e396-598b-44a7-8564-b51448915afe-AppendLogResponseHandler: Failed appendEntries: org.apache.ratis.thirdparty.io.grpc.StatusRuntimeException: UNAVAILABLE: io exception
2024-05-10 09:21:21,703 [grpc-default-executor-5] WARN  server.GrpcLogAppender (GrpcLogAppender.java:lambda$resetClient$1(217)) - 7c62eaa0-d491-4028-8bb9-25c4215260c7@group-611B1F60644D->e260e396-598b-44a7-8564-b51448915afe-GrpcLogAppender: Follower failed (request=null, errorCount=93); keep nextIndex (8) unchanged and retry.
2024-05-10 09:21:24,156 [timer5] WARN  server.GrpcLogAppender (LogUtils.java:warn(121)) - 7c62eaa0-d491-4028-8bb9-25c4215260c7@group-16361C22082A->e260e396-598b-44a7-8564-b51448915afe-AppendLogResponseHandler: Failed appendEntries (Repeated 4 times in the last 5.001s): org.apache.ratis.thirdparty.io.grpc.StatusRuntimeException: UNAVAILABLE: io exception
2024-05-10 09:21:24,157 [timer6] WARN  server.GrpcLogAppender (GrpcLogAppender.java:lambda$resetClient$1(217)) - 7c62eaa0-d491-4028-8bb9-25c4215260c7@group-16361C22082A->e260e396-598b-44a7-8564-b51448915afe-GrpcLogAppender: Follower failed (request=null, errorCount=92); keep nextIndex (1) unchanged and retry. (Repeated 4 times in the last 5.001s)
2024-05-10 09:21:26,703 [timer6] WARN  server.GrpcLogAppender (LogUtils.java:warn(121)) - 7c62eaa0-d491-4028-8bb9-25c4215260c7@group-611B1F60644D->e260e396-598b-44a7-8564-b51448915afe-AppendLogResponseHandler: Failed appendEntries (Repeated 4 times in the last 5.000s): org.apache.ratis.thirdparty.io.grpc.StatusRuntimeException: UNAVAILABLE: io exception
2024-05-10 09:21:26,703 [timer7] WARN  server.GrpcLogAppender (GrpcLogAppender.java:lambda$resetClient$1(217)) - 7c62eaa0-d491-4028-8bb9-25c4215260c7@group-611B1F60644D->e260e396-598b-44a7-8564-b51448915afe-GrpcLogAppender: Follower failed (request=null, errorCount=96); keep nextIndex (8) unchanged and retry. (Repeated 4 times in the last 5.000s)
2024-05-10 09:21:28,656 [grpc-default-executor-2] WARN  server.GrpcLogAppender (LogUtils.java:warn(121)) - 7c62eaa0-d491-4028-8bb9-25c4215260c7@group-611B1F60644D->e260e396-598b-44a7-8564-b51448915afe-AppendLogResponseHandler: Failed appendEntries: org.apache.ratis.thirdparty.io.grpc.StatusRuntimeException: UNAVAILABLE: io exception
2024-05-10 09:21:28,656 [grpc-default-executor-5] WARN  server.GrpcLogAppender (GrpcLogAppender.java:lambda$resetClient$1(217)) - 7c62eaa0-d491-4028-8bb9-25c4215260c7@group-611B1F60644D->e260e396-598b-44a7-8564-b51448915afe-GrpcLogAppender: Follower failed (request=null, errorCount=97); keep nextIndex (8) unchanged and retry.
2024-05-10 09:21:31,321 [grpc-default-executor-2] WARN  server.GrpcLogAppender (LogUtils.java:warn(121)) - 7c62eaa0-d491-4028-8bb9-25c4215260c7@group-16361C22082A->e260e396-598b-44a7-8564-b51448915afe-AppendLogResponseHandler: Failed appendEntries: org.apache.ratis.thirdparty.io.grpc.StatusRuntimeException: UNAVAILABLE: io exception
2024-05-10 09:21:31,322 [grpc-default-executor-5] WARN  server.GrpcLogAppender (GrpcLogAppender.java:lambda$resetClient$1(217)) - 7c62eaa0-d491-4028-8bb9-25c4215260c7@group-16361C22082A->e260e396-598b-44a7-8564-b51448915afe-GrpcLogAppender: Follower failed (request=null, errorCount=93); keep nextIndex (1) unchanged and retry.
2024-05-10 09:21:33,656 [timer5] WARN  server.GrpcLogAppender (GrpcLogAppender.java:lambda$resetClient$1(217)) - 7c62eaa0-d491-4028-8bb9-25c4215260c7@group-611B1F60644D->e260e396-598b-44a7-8564-b51448915afe-GrpcLogAppender: Follower failed (request=null, errorCount=100); keep nextIndex (8) unchanged and retry. (Repeated 4 times in the last 5.000s)
2024-05-10 09:21:33,656 [timer4] WARN  server.GrpcLogAppender (LogUtils.java:warn(121)) - 7c62eaa0-d491-4028-8bb9-25c4215260c7@group-611B1F60644D->e260e396-598b-44a7-8564-b51448915afe-AppendLogResponseHandler: Failed appendEntries (Repeated 4 times in the last 5.001s): org.apache.ratis.thirdparty.io.grpc.StatusRuntimeException: UNAVAILABLE: io exception
2024-05-10 09:21:35,969 [grpc-default-executor-5] WARN  server.GrpcLogAppender (LogUtils.java:warn(121)) - 7c62eaa0-d491-4028-8bb9-25c4215260c7@group-611B1F60644D->e260e396-598b-44a7-8564-b51448915afe-AppendLogResponseHandler: Failed appendEntries: org.apache.ratis.thirdparty.io.grpc.StatusRuntimeException: UNAVAILABLE: io exception
2024-05-10 09:21:35,970 [grpc-default-executor-2] WARN  server.GrpcLogAppender (GrpcLogAppender.java:lambda$resetClient$1(217)) - 7c62eaa0-d491-4028-8bb9-25c4215260c7@group-611B1F60644D->e260e396-598b-44a7-8564-b51448915afe-GrpcLogAppender: Follower failed (request=null, errorCount=101); keep nextIndex (8) unchanged and retry.
2024-05-10 09:21:36,322 [timer6] WARN  server.GrpcLogAppender (LogUtils.java:warn(121)) - 7c62eaa0-d491-4028-8bb9-25c4215260c7@group-16361C22082A->e260e396-598b-44a7-8564-b51448915afe-AppendLogResponseHandler: Failed appendEntries (Repeated 2 times in the last 5.000s): org.apache.ratis.thirdparty.io.grpc.StatusRuntimeException: UNAVAILABLE: io exception
2024-05-10 09:21:36,322 [timer7] WARN  server.GrpcLogAppender (GrpcLogAppender.java:lambda$resetClient$1(217)) - 7c62eaa0-d491-4028-8bb9-25c4215260c7@group-16361C22082A->e260e396-598b-44a7-8564-b51448915afe-GrpcLogAppender: Follower failed (request=null, errorCount=94); keep nextIndex (1) unchanged and retry. (Repeated 2 times in the last 5.000s)
2024-05-10 09:21:36,486 [grpc-default-executor-5] WARN  server.GrpcLogAppender (LogUtils.java:warn(121)) - 7c62eaa0-d491-4028-8bb9-25c4215260c7@group-16361C22082A->e260e396-598b-44a7-8564-b51448915afe-AppendLogResponseHandler: Failed appendEntries: org.apache.ratis.thirdparty.io.grpc.StatusRuntimeException: UNAVAILABLE: io exception
2024-05-10 09:21:36,486 [grpc-default-executor-2] WARN  server.GrpcLogAppender (GrpcLogAppender.java:lambda$resetClient$1(217)) - 7c62eaa0-d491-4028-8bb9-25c4215260c7@group-16361C22082A->e260e396-598b-44a7-8564-b51448915afe-GrpcLogAppender: Follower failed (request=null, errorCount=95); keep nextIndex (1) unchanged and retry.
2024-05-10 09:21:40,970 [timer5] WARN  server.GrpcLogAppender (LogUtils.java:warn(121)) - 7c62eaa0-d491-4028-8bb9-25c4215260c7@group-611B1F60644D->e260e396-598b-44a7-8564-b51448915afe-AppendLogResponseHandler: Failed appendEntries (Repeated 2 times in the last 5.000s): org.apache.ratis.thirdparty.io.grpc.StatusRuntimeException: UNAVAILABLE: io exception
2024-05-10 09:21:40,970 [timer6] WARN  server.GrpcLogAppender (GrpcLogAppender.java:lambda$resetClient$1(217)) - 7c62eaa0-d491-4028-8bb9-25c4215260c7@group-611B1F60644D->e260e396-598b-44a7-8564-b51448915afe-GrpcLogAppender: Follower failed (request=null, errorCount=102); keep nextIndex (8) unchanged and retry. (Repeated 2 times in the last 5.000s)
2024-05-10 09:21:41,486 [timer6] WARN  server.GrpcLogAppender (LogUtils.java:warn(121)) - 7c62eaa0-d491-4028-8bb9-25c4215260c7@group-16361C22082A->e260e396-598b-44a7-8564-b51448915afe-AppendLogResponseHandler: Failed appendEntries (Repeated 2 times in the last 5.000s): org.apache.ratis.thirdparty.io.grpc.StatusRuntimeException: UNAVAILABLE: io exception
2024-05-10 09:21:41,486 [timer7] WARN  server.GrpcLogAppender (GrpcLogAppender.java:lambda$resetClient$1(217)) - 7c62eaa0-d491-4028-8bb9-25c4215260c7@group-16361C22082A->e260e396-598b-44a7-8564-b51448915afe-GrpcLogAppender: Follower failed (request=null, errorCount=96); keep nextIndex (1) unchanged and retry. (Repeated 2 times in the last 5.000s)
2024-05-10 09:21:42,764 [grpc-default-executor-5] WARN  server.GrpcLogAppender (LogUtils.java:warn(121)) - 7c62eaa0-d491-4028-8bb9-25c4215260c7@group-16361C22082A->e260e396-598b-44a7-8564-b51448915afe-AppendLogResponseHandler: Failed appendEntries: org.apache.ratis.thirdparty.io.grpc.StatusRuntimeException: UNAVAILABLE: io exception
2024-05-10 09:21:42,764 [grpc-default-executor-2] WARN  server.GrpcLogAppender (GrpcLogAppender.java:lambda$resetClient$1(217)) - 7c62eaa0-d491-4028-8bb9-25c4215260c7@group-16361C22082A->e260e396-598b-44a7-8564-b51448915afe-GrpcLogAppender: Follower failed (request=null, errorCount=97); keep nextIndex (1) unchanged and retry.
2024-05-10 09:21:42,805 [grpc-default-executor-5] WARN  server.GrpcLogAppender (LogUtils.java:warn(121)) - 7c62eaa0-d491-4028-8bb9-25c4215260c7@group-611B1F60644D->e260e396-598b-44a7-8564-b51448915afe-AppendLogResponseHandler: Failed appendEntries: org.apache.ratis.thirdparty.io.grpc.StatusRuntimeException: UNAVAILABLE: io exception
2024-05-10 09:21:42,805 [grpc-default-executor-2] WARN  server.GrpcLogAppender (GrpcLogAppender.java:lambda$resetClient$1(217)) - 7c62eaa0-d491-4028-8bb9-25c4215260c7@group-611B1F60644D->e260e396-598b-44a7-8564-b51448915afe-GrpcLogAppender: Follower failed (request=null, errorCount=103); keep nextIndex (8) unchanged and retry.
2024-05-10 09:21:47,764 [timer4] WARN  server.GrpcLogAppender (LogUtils.java:warn(121)) - 7c62eaa0-d491-4028-8bb9-25c4215260c7@group-16361C22082A->e260e396-598b-44a7-8564-b51448915afe-AppendLogResponseHandler: Failed appendEntries (Repeated 4 times in the last 5.000s): org.apache.ratis.thirdparty.io.grpc.StatusRuntimeException: UNAVAILABLE: io exception
2024-05-10 09:21:47,765 [timer5] WARN  server.GrpcLogAppender (GrpcLogAppender.java:lambda$resetClient$1(217)) - 7c62eaa0-d491-4028-8bb9-25c4215260c7@group-16361C22082A->e260e396-598b-44a7-8564-b51448915afe-GrpcLogAppender: Follower failed (request=null, errorCount=100); keep nextIndex (1) unchanged and retry. (Repeated 4 times in the last 5.000s)
2024-05-10 09:21:47,805 [timer0] WARN  server.GrpcLogAppender (GrpcLogAppender.java:lambda$resetClient$1(217)) - 7c62eaa0-d491-4028-8bb9-25c4215260c7@group-611B1F60644D->e260e396-598b-44a7-8564-b51448915afe-GrpcLogAppender: Follower failed (request=null, errorCount=104); keep nextIndex (8) unchanged and retry. (Repeated 2 times in the last 5.000s)
2024-05-10 09:21:47,805 [timer7] WARN  server.GrpcLogAppender (LogUtils.java:warn(121)) - 7c62eaa0-d491-4028-8bb9-25c4215260c7@group-611B1F60644D->e260e396-598b-44a7-8564-b51448915afe-AppendLogResponseHandler: Failed appendEntries (Repeated 2 times in the last 5.000s): org.apache.ratis.thirdparty.io.grpc.StatusRuntimeException: UNAVAILABLE: io exception
2024-05-10 09:21:47,992 [grpc-default-executor-2] WARN  server.GrpcLogAppender (LogUtils.java:warn(121)) - 7c62eaa0-d491-4028-8bb9-25c4215260c7@group-611B1F60644D->e260e396-598b-44a7-8564-b51448915afe-AppendLogResponseHandler: Failed appendEntries: org.apache.ratis.thirdparty.io.grpc.StatusRuntimeException: UNAVAILABLE: io exception
2024-05-10 09:21:47,992 [grpc-default-executor-5] WARN  server.GrpcLogAppender (GrpcLogAppender.java:lambda$resetClient$1(217)) - 7c62eaa0-d491-4028-8bb9-25c4215260c7@group-611B1F60644D->e260e396-598b-44a7-8564-b51448915afe-GrpcLogAppender: Follower failed (request=null, errorCount=105); keep nextIndex (8) unchanged and retry.
2024-05-10 09:21:51,609 [grpc-default-executor-2] WARN  server.GrpcLogAppender (LogUtils.java:warn(121)) - 7c62eaa0-d491-4028-8bb9-25c4215260c7@group-16361C22082A->e260e396-598b-44a7-8564-b51448915afe-AppendLogResponseHandler: Failed appendEntries: org.apache.ratis.thirdparty.io.grpc.StatusRuntimeException: UNAVAILABLE: io exception
2024-05-10 09:21:51,609 [grpc-default-executor-5] WARN  server.GrpcLogAppender (GrpcLogAppender.java:lambda$resetClient$1(217)) - 7c62eaa0-d491-4028-8bb9-25c4215260c7@group-16361C22082A->e260e396-598b-44a7-8564-b51448915afe-GrpcLogAppender: Follower failed (request=null, errorCount=101); keep nextIndex (1) unchanged and retry.
2024-05-10 09:21:52,992 [timer4] WARN  server.GrpcLogAppender (LogUtils.java:warn(121)) - 7c62eaa0-d491-4028-8bb9-25c4215260c7@group-611B1F60644D->e260e396-598b-44a7-8564-b51448915afe-AppendLogResponseHandler: Failed appendEntries (Repeated 2 times in the last 5.000s): org.apache.ratis.thirdparty.io.grpc.StatusRuntimeException: UNAVAILABLE: io exception
2024-05-10 09:21:52,993 [timer5] WARN  server.GrpcLogAppender (GrpcLogAppender.java:lambda$resetClient$1(217)) - 7c62eaa0-d491-4028-8bb9-25c4215260c7@group-611B1F60644D->e260e396-598b-44a7-8564-b51448915afe-GrpcLogAppender: Follower failed (request=null, errorCount=106); keep nextIndex (8) unchanged and retry. (Repeated 2 times in the last 5.000s)
2024-05-10 09:21:54,188 [grpc-default-executor-2] WARN  server.GrpcLogAppender (LogUtils.java:warn(121)) - 7c62eaa0-d491-4028-8bb9-25c4215260c7@group-611B1F60644D->e260e396-598b-44a7-8564-b51448915afe-AppendLogResponseHandler: Failed appendEntries: org.apache.ratis.thirdparty.io.grpc.StatusRuntimeException: UNAVAILABLE: io exception
2024-05-10 09:21:54,189 [grpc-default-executor-5] WARN  server.GrpcLogAppender (GrpcLogAppender.java:lambda$resetClient$1(217)) - 7c62eaa0-d491-4028-8bb9-25c4215260c7@group-611B1F60644D->e260e396-598b-44a7-8564-b51448915afe-GrpcLogAppender: Follower failed (request=null, errorCount=107); keep nextIndex (8) unchanged and retry.
2024-05-10 09:21:56,609 [timer5] WARN  server.GrpcLogAppender (LogUtils.java:warn(121)) - 7c62eaa0-d491-4028-8bb9-25c4215260c7@group-16361C22082A->e260e396-598b-44a7-8564-b51448915afe-AppendLogResponseHandler: Failed appendEntries (Repeated 2 times in the last 5.000s): org.apache.ratis.thirdparty.io.grpc.StatusRuntimeException: UNAVAILABLE: io exception
2024-05-10 09:21:56,609 [timer6] WARN  server.GrpcLogAppender (GrpcLogAppender.java:lambda$resetClient$1(217)) - 7c62eaa0-d491-4028-8bb9-25c4215260c7@group-16361C22082A->e260e396-598b-44a7-8564-b51448915afe-GrpcLogAppender: Follower failed (request=null, errorCount=102); keep nextIndex (1) unchanged and retry. (Repeated 2 times in the last 5.000s)
2024-05-10 09:21:56,966 [grpc-default-executor-2] WARN  server.GrpcLogAppender (LogUtils.java:warn(121)) - 7c62eaa0-d491-4028-8bb9-25c4215260c7@group-16361C22082A->e260e396-598b-44a7-8564-b51448915afe-AppendLogResponseHandler: Failed appendEntries: org.apache.ratis.thirdparty.io.grpc.StatusRuntimeException: UNAVAILABLE: io exception
2024-05-10 09:21:56,967 [grpc-default-executor-5] WARN  server.GrpcLogAppender (GrpcLogAppender.java:lambda$resetClient$1(217)) - 7c62eaa0-d491-4028-8bb9-25c4215260c7@group-16361C22082A->e260e396-598b-44a7-8564-b51448915afe-GrpcLogAppender: Follower failed (request=null, errorCount=103); keep nextIndex (1) unchanged and retry.
2024-05-10 09:21:59,174 [7c62eaa0-d491-4028-8bb9-25c4215260c7-BlockDeletingService#2] INFO  interfaces.ContainerDeletionChoosingPolicyTemplate (ContainerDeletionChoosingPolicyTemplate.java:chooseContainerForBlockDeletion(85)) - Chosen 0/5000 blocks from 0 candidate containers.
2024-05-10 09:21:59,189 [timer6] WARN  server.GrpcLogAppender (LogUtils.java:warn(121)) - 7c62eaa0-d491-4028-8bb9-25c4215260c7@group-611B1F60644D->e260e396-598b-44a7-8564-b51448915afe-AppendLogResponseHandler: Failed appendEntries (Repeated 4 times in the last 5.000s): org.apache.ratis.thirdparty.io.grpc.StatusRuntimeException: UNAVAILABLE: io exception
2024-05-10 09:21:59,189 [timer7] WARN  server.GrpcLogAppender (GrpcLogAppender.java:lambda$resetClient$1(217)) - 7c62eaa0-d491-4028-8bb9-25c4215260c7@group-611B1F60644D->e260e396-598b-44a7-8564-b51448915afe-GrpcLogAppender: Follower failed (request=null, errorCount=110); keep nextIndex (8) unchanged and retry. (Repeated 4 times in the last 5.000s)
2024-05-10 09:21:59,242 [7ab25875-5f77-45a1-9004-12eab6369d05-BlockDeletingService#2] INFO  interfaces.ContainerDeletionChoosingPolicyTemplate (ContainerDeletionChoosingPolicyTemplate.java:chooseContainerForBlockDeletion(85)) - Chosen 0/5000 blocks from 0 candidate containers.
2024-05-10 09:21:59,305 [e260e396-598b-44a7-8564-b51448915afe-BlockDeletingService#2] INFO  interfaces.ContainerDeletionChoosingPolicyTemplate (ContainerDeletionChoosingPolicyTemplate.java:chooseContainerForBlockDeletion(85)) - Chosen 0/5000 blocks from 0 candidate containers.
2024-05-10 09:21:59,395 [231fae4b-c133-4321-9160-5f63c50cd117-BlockDeletingService#2] INFO  interfaces.ContainerDeletionChoosingPolicyTemplate (ContainerDeletionChoosingPolicyTemplate.java:chooseContainerForBlockDeletion(85)) - Chosen 0/5000 blocks from 0 candidate containers.
2024-05-10 09:21:59,469 [f8145005-1c64-450e-9575-8d23d50c4709-BlockDeletingService#2] INFO  interfaces.ContainerDeletionChoosingPolicyTemplate (ContainerDeletionChoosingPolicyTemplate.java:chooseContainerForBlockDeletion(85)) - Chosen 0/5000 blocks from 0 candidate containers.
2024-05-10 09:22:01,966 [timer6] WARN  server.GrpcLogAppender (LogUtils.java:warn(121)) - 7c62eaa0-d491-4028-8bb9-25c4215260c7@group-16361C22082A->e260e396-598b-44a7-8564-b51448915afe-AppendLogResponseHandler: Failed appendEntries (Repeated 2 times in the last 5.000s): org.apache.ratis.thirdparty.io.grpc.StatusRuntimeException: UNAVAILABLE: io exception
2024-05-10 09:22:01,967 [timer7] WARN  server.GrpcLogAppender (GrpcLogAppender.java:lambda$resetClient$1(217)) - 7c62eaa0-d491-4028-8bb9-25c4215260c7@group-16361C22082A->e260e396-598b-44a7-8564-b51448915afe-GrpcLogAppender: Follower failed (request=null, errorCount=104); keep nextIndex (1) unchanged and retry. (Repeated 2 times in the last 5.001s)
2024-05-10 09:22:04,321 [grpc-default-executor-5] WARN  server.GrpcLogAppender (LogUtils.java:warn(121)) - 7c62eaa0-d491-4028-8bb9-25c4215260c7@group-16361C22082A->e260e396-598b-44a7-8564-b51448915afe-AppendLogResponseHandler: Failed appendEntries: org.apache.ratis.thirdparty.io.grpc.StatusRuntimeException: UNAVAILABLE: io exception
2024-05-10 09:22:04,321 [grpc-default-executor-2] WARN  server.GrpcLogAppender (GrpcLogAppender.java:lambda$resetClient$1(217)) - 7c62eaa0-d491-4028-8bb9-25c4215260c7@group-16361C22082A->e260e396-598b-44a7-8564-b51448915afe-GrpcLogAppender: Follower failed (request=null, errorCount=105); keep nextIndex (1) unchanged and retry.
2024-05-10 09:22:04,763 [grpc-default-executor-5] WARN  server.GrpcLogAppender (LogUtils.java:warn(121)) - 7c62eaa0-d491-4028-8bb9-25c4215260c7@group-611B1F60644D->e260e396-598b-44a7-8564-b51448915afe-AppendLogResponseHandler: Failed appendEntries: org.apache.ratis.thirdparty.io.grpc.StatusRuntimeException: UNAVAILABLE: io exception
2024-05-10 09:22:04,764 [grpc-default-executor-2] WARN  server.GrpcLogAppender (GrpcLogAppender.java:lambda$resetClient$1(217)) - 7c62eaa0-d491-4028-8bb9-25c4215260c7@group-611B1F60644D->e260e396-598b-44a7-8564-b51448915afe-GrpcLogAppender: Follower failed (request=null, errorCount=111); keep nextIndex (8) unchanged and retry.
2024-05-10 09:22:09,321 [timer4] WARN  server.GrpcLogAppender (GrpcLogAppender.java:lambda$resetClient$1(217)) - 7c62eaa0-d491-4028-8bb9-25c4215260c7@group-16361C22082A->e260e396-598b-44a7-8564-b51448915afe-GrpcLogAppender: Follower failed (request=null, errorCount=106); keep nextIndex (1) unchanged and retry. (Repeated 2 times in the last 5.000s)
2024-05-10 09:22:09,321 [timer3] WARN  server.GrpcLogAppender (LogUtils.java:warn(121)) - 7c62eaa0-d491-4028-8bb9-25c4215260c7@group-16361C22082A->e260e396-598b-44a7-8564-b51448915afe-AppendLogResponseHandler: Failed appendEntries (Repeated 2 times in the last 5.001s): org.apache.ratis.thirdparty.io.grpc.StatusRuntimeException: UNAVAILABLE: io exception
2024-05-10 09:22:09,669 [grpc-default-executor-2] WARN  server.GrpcLogAppender (LogUtils.java:warn(121)) - 7c62eaa0-d491-4028-8bb9-25c4215260c7@group-16361C22082A->e260e396-598b-44a7-8564-b51448915afe-AppendLogResponseHandler: Failed appendEntries: org.apache.ratis.thirdparty.io.grpc.StatusRuntimeException: UNAVAILABLE: io exception
2024-05-10 09:22:09,669 [grpc-default-executor-5] WARN  server.GrpcLogAppender (GrpcLogAppender.java:lambda$resetClient$1(217)) - 7c62eaa0-d491-4028-8bb9-25c4215260c7@group-16361C22082A->e260e396-598b-44a7-8564-b51448915afe-GrpcLogAppender: Follower failed (request=null, errorCount=107); keep nextIndex (1) unchanged and retry.
2024-05-10 09:22:09,764 [timer7] WARN  server.GrpcLogAppender (LogUtils.java:warn(121)) - 7c62eaa0-d491-4028-8bb9-25c4215260c7@group-611B1F60644D->e260e396-598b-44a7-8564-b51448915afe-AppendLogResponseHandler: Failed appendEntries (Repeated 4 times in the last 5.000s): org.apache.ratis.thirdparty.io.grpc.StatusRuntimeException: UNAVAILABLE: io exception
2024-05-10 09:22:09,764 [timer0] WARN  server.GrpcLogAppender (GrpcLogAppender.java:lambda$resetClient$1(217)) - 7c62eaa0-d491-4028-8bb9-25c4215260c7@group-611B1F60644D->e260e396-598b-44a7-8564-b51448915afe-GrpcLogAppender: Follower failed (request=null, errorCount=114); keep nextIndex (8) unchanged and retry. (Repeated 4 times in the last 5.000s)
2024-05-10 09:22:10,994 [grpc-default-executor-2] WARN  server.GrpcLogAppender (LogUtils.java:warn(121)) - 7c62eaa0-d491-4028-8bb9-25c4215260c7@group-611B1F60644D->e260e396-598b-44a7-8564-b51448915afe-AppendLogResponseHandler: Failed appendEntries: org.apache.ratis.thirdparty.io.grpc.StatusRuntimeException: UNAVAILABLE: io exception
2024-05-10 09:22:10,994 [grpc-default-executor-5] WARN  server.GrpcLogAppender (GrpcLogAppender.java:lambda$resetClient$1(217)) - 7c62eaa0-d491-4028-8bb9-25c4215260c7@group-611B1F60644D->e260e396-598b-44a7-8564-b51448915afe-GrpcLogAppender: Follower failed (request=null, errorCount=115); keep nextIndex (8) unchanged and retry.
2024-05-10 09:22:14,670 [timer6] WARN  server.GrpcLogAppender (LogUtils.java:warn(121)) - 7c62eaa0-d491-4028-8bb9-25c4215260c7@group-16361C22082A->e260e396-598b-44a7-8564-b51448915afe-AppendLogResponseHandler: Failed appendEntries (Repeated 4 times in the last 5.000s): org.apache.ratis.thirdparty.io.grpc.StatusRuntimeException: UNAVAILABLE: io exception
2024-05-10 09:22:14,670 [timer7] WARN  server.GrpcLogAppender (GrpcLogAppender.java:lambda$resetClient$1(217)) - 7c62eaa0-d491-4028-8bb9-25c4215260c7@group-16361C22082A->e260e396-598b-44a7-8564-b51448915afe-GrpcLogAppender: Follower failed (request=null, errorCount=110); keep nextIndex (1) unchanged and retry. (Repeated 4 times in the last 5.000s)
2024-05-10 09:22:15,994 [timer6] WARN  server.GrpcLogAppender (LogUtils.java:warn(121)) - 7c62eaa0-d491-4028-8bb9-25c4215260c7@group-611B1F60644D->e260e396-598b-44a7-8564-b51448915afe-AppendLogResponseHandler: Failed appendEntries (Repeated 4 times in the last 5.000s): org.apache.ratis.thirdparty.io.grpc.StatusRuntimeException: UNAVAILABLE: io exception
2024-05-10 09:22:15,994 [timer7] WARN  server.GrpcLogAppender (GrpcLogAppender.java:lambda$resetClient$1(217)) - 7c62eaa0-d491-4028-8bb9-25c4215260c7@group-611B1F60644D->e260e396-598b-44a7-8564-b51448915afe-GrpcLogAppender: Follower failed (request=null, errorCount=118); keep nextIndex (8) unchanged and retry. (Repeated 4 times in the last 5.000s)
2024-05-10 09:22:16,541 [grpc-default-executor-5] WARN  server.GrpcLogAppender (LogUtils.java:warn(121)) - 7c62eaa0-d491-4028-8bb9-25c4215260c7@group-16361C22082A->e260e396-598b-44a7-8564-b51448915afe-AppendLogResponseHandler: Failed appendEntries: org.apache.ratis.thirdparty.io.grpc.StatusRuntimeException: UNAVAILABLE: io exception
2024-05-10 09:22:16,541 [grpc-default-executor-2] WARN  server.GrpcLogAppender (GrpcLogAppender.java:lambda$resetClient$1(217)) - 7c62eaa0-d491-4028-8bb9-25c4215260c7@group-16361C22082A->e260e396-598b-44a7-8564-b51448915afe-GrpcLogAppender: Follower failed (request=null, errorCount=111); keep nextIndex (1) unchanged and retry.
2024-05-10 09:22:20,704 [grpc-default-executor-6] WARN  server.GrpcLogAppender (LogUtils.java:warn(121)) - 7c62eaa0-d491-4028-8bb9-25c4215260c7@group-611B1F60644D->e260e396-598b-44a7-8564-b51448915afe-AppendLogResponseHandler: Failed appendEntries: org.apache.ratis.thirdparty.io.grpc.StatusRuntimeException: UNAVAILABLE: io exception
2024-05-10 09:22:20,704 [grpc-default-executor-5] WARN  server.GrpcLogAppender (GrpcLogAppender.java:lambda$resetClient$1(217)) - 7c62eaa0-d491-4028-8bb9-25c4215260c7@group-611B1F60644D->e260e396-598b-44a7-8564-b51448915afe-GrpcLogAppender: Follower failed (request=null, errorCount=119); keep nextIndex (8) unchanged and retry.
2024-05-10 09:22:21,541 [timer5] WARN  server.GrpcLogAppender (LogUtils.java:warn(121)) - 7c62eaa0-d491-4028-8bb9-25c4215260c7@group-16361C22082A->e260e396-598b-44a7-8564-b51448915afe-AppendLogResponseHandler: Failed appendEntries (Repeated 2 times in the last 5.000s): org.apache.ratis.thirdparty.io.grpc.StatusRuntimeException: UNAVAILABLE: io exception
2024-05-10 09:22:21,542 [timer6] WARN  server.GrpcLogAppender (GrpcLogAppender.java:lambda$resetClient$1(217)) - 7c62eaa0-d491-4028-8bb9-25c4215260c7@group-16361C22082A->e260e396-598b-44a7-8564-b51448915afe-GrpcLogAppender: Follower failed (request=null, errorCount=112); keep nextIndex (1) unchanged and retry. (Repeated 2 times in the last 5.000s)
2024-05-10 09:22:22,843 [grpc-default-executor-6] WARN  server.GrpcLogAppender (LogUtils.java:warn(121)) - 7c62eaa0-d491-4028-8bb9-25c4215260c7@group-16361C22082A->e260e396-598b-44a7-8564-b51448915afe-AppendLogResponseHandler: Failed appendEntries: org.apache.ratis.thirdparty.io.grpc.StatusRuntimeException: UNAVAILABLE: io exception
2024-05-10 09:22:22,844 [grpc-default-executor-5] WARN  server.GrpcLogAppender (GrpcLogAppender.java:lambda$resetClient$1(217)) - 7c62eaa0-d491-4028-8bb9-25c4215260c7@group-16361C22082A->e260e396-598b-44a7-8564-b51448915afe-GrpcLogAppender: Follower failed (request=null, errorCount=113); keep nextIndex (1) unchanged and retry.
2024-05-10 09:22:25,704 [timer5] WARN  server.GrpcLogAppender (LogUtils.java:warn(121)) - 7c62eaa0-d491-4028-8bb9-25c4215260c7@group-611B1F60644D->e260e396-598b-44a7-8564-b51448915afe-AppendLogResponseHandler: Failed appendEntries (Repeated 4 times in the last 5.000s): org.apache.ratis.thirdparty.io.grpc.StatusRuntimeException: UNAVAILABLE: io exception
2024-05-10 09:22:25,704 [timer6] WARN  server.GrpcLogAppender (GrpcLogAppender.java:lambda$resetClient$1(217)) - 7c62eaa0-d491-4028-8bb9-25c4215260c7@group-611B1F60644D->e260e396-598b-44a7-8564-b51448915afe-GrpcLogAppender: Follower failed (request=null, errorCount=122); keep nextIndex (8) unchanged and retry. (Repeated 4 times in the last 5.000s)
2024-05-10 09:22:27,843 [timer7] WARN  server.GrpcLogAppender (LogUtils.java:warn(121)) - 7c62eaa0-d491-4028-8bb9-25c4215260c7@group-16361C22082A->e260e396-598b-44a7-8564-b51448915afe-AppendLogResponseHandler: Failed appendEntries (Repeated 4 times in the last 5.000s): org.apache.ratis.thirdparty.io.grpc.StatusRuntimeException: UNAVAILABLE: io exception
2024-05-10 09:22:27,844 [timer0] WARN  server.GrpcLogAppender (GrpcLogAppender.java:lambda$resetClient$1(217)) - 7c62eaa0-d491-4028-8bb9-25c4215260c7@group-16361C22082A->e260e396-598b-44a7-8564-b51448915afe-GrpcLogAppender: Follower failed (request=null, errorCount=116); keep nextIndex (1) unchanged and retry. (Repeated 4 times in the last 5.001s)
2024-05-10 09:22:29,823 [grpc-default-executor-6] WARN  server.GrpcLogAppender (LogUtils.java:warn(121)) - 7c62eaa0-d491-4028-8bb9-25c4215260c7@group-611B1F60644D->e260e396-598b-44a7-8564-b51448915afe-AppendLogResponseHandler: Failed appendEntries: org.apache.ratis.thirdparty.io.grpc.StatusRuntimeException: UNAVAILABLE: io exception
2024-05-10 09:22:29,824 [grpc-default-executor-5] WARN  server.GrpcLogAppender (GrpcLogAppender.java:lambda$resetClient$1(217)) - 7c62eaa0-d491-4028-8bb9-25c4215260c7@group-611B1F60644D->e260e396-598b-44a7-8564-b51448915afe-GrpcLogAppender: Follower failed (request=null, errorCount=123); keep nextIndex (8) unchanged and retry.
2024-05-10 09:22:30,720 [grpc-default-executor-6] WARN  server.GrpcLogAppender (LogUtils.java:warn(121)) - 7c62eaa0-d491-4028-8bb9-25c4215260c7@group-16361C22082A->e260e396-598b-44a7-8564-b51448915afe-AppendLogResponseHandler: Failed appendEntries: org.apache.ratis.thirdparty.io.grpc.StatusRuntimeException: UNAVAILABLE: io exception
2024-05-10 09:22:30,720 [grpc-default-executor-5] WARN  server.GrpcLogAppender (GrpcLogAppender.java:lambda$resetClient$1(217)) - 7c62eaa0-d491-4028-8bb9-25c4215260c7@group-16361C22082A->e260e396-598b-44a7-8564-b51448915afe-GrpcLogAppender: Follower failed (request=null, errorCount=117); keep nextIndex (1) unchanged and retry.
2024-05-10 09:22:34,824 [timer4] WARN  server.GrpcLogAppender (LogUtils.java:warn(121)) - 7c62eaa0-d491-4028-8bb9-25c4215260c7@group-611B1F60644D->e260e396-598b-44a7-8564-b51448915afe-AppendLogResponseHandler: Failed appendEntries (Repeated 2 times in the last 5.000s): org.apache.ratis.thirdparty.io.grpc.StatusRuntimeException: UNAVAILABLE: io exception
2024-05-10 09:22:34,824 [timer5] WARN  server.GrpcLogAppender (GrpcLogAppender.java:lambda$resetClient$1(217)) - 7c62eaa0-d491-4028-8bb9-25c4215260c7@group-611B1F60644D->e260e396-598b-44a7-8564-b51448915afe-GrpcLogAppender: Follower failed (request=null, errorCount=124); keep nextIndex (8) unchanged and retry. (Repeated 2 times in the last 5.000s)
2024-05-10 09:22:35,720 [timer6] WARN  server.GrpcLogAppender (LogUtils.java:warn(121)) - 7c62eaa0-d491-4028-8bb9-25c4215260c7@group-16361C22082A->e260e396-598b-44a7-8564-b51448915afe-AppendLogResponseHandler: Failed appendEntries (Repeated 2 times in the last 4.999s): org.apache.ratis.thirdparty.io.grpc.StatusRuntimeException: UNAVAILABLE: io exception
2024-05-10 09:22:35,722 [timer7] WARN  server.GrpcLogAppender (GrpcLogAppender.java:lambda$resetClient$1(217)) - 7c62eaa0-d491-4028-8bb9-25c4215260c7@group-16361C22082A->e260e396-598b-44a7-8564-b51448915afe-GrpcLogAppender: Follower failed (request=null, errorCount=118); keep nextIndex (1) unchanged and retry. (Repeated 2 times in the last 5.001s)
2024-05-10 09:22:36,143 [grpc-default-executor-6] WARN  server.GrpcLogAppender (LogUtils.java:warn(121)) - 7c62eaa0-d491-4028-8bb9-25c4215260c7@group-16361C22082A->e260e396-598b-44a7-8564-b51448915afe-AppendLogResponseHandler: Failed appendEntries: org.apache.ratis.thirdparty.io.grpc.StatusRuntimeException: UNAVAILABLE: io exception
2024-05-10 09:22:36,143 [grpc-default-executor-6] WARN  server.GrpcLogAppender (GrpcLogAppender.java:lambda$resetClient$1(217)) - 7c62eaa0-d491-4028-8bb9-25c4215260c7@group-16361C22082A->e260e396-598b-44a7-8564-b51448915afe-GrpcLogAppender: Follower failed (request=null, errorCount=119); keep nextIndex (1) unchanged and retry.
2024-05-10 09:22:36,650 [grpc-default-executor-5] WARN  server.GrpcLogAppender (LogUtils.java:warn(121)) - 7c62eaa0-d491-4028-8bb9-25c4215260c7@group-611B1F60644D->e260e396-598b-44a7-8564-b51448915afe-AppendLogResponseHandler: Failed appendEntries: org.apache.ratis.thirdparty.io.grpc.StatusRuntimeException: UNAVAILABLE: io exception
2024-05-10 09:22:36,650 [grpc-default-executor-6] WARN  server.GrpcLogAppender (GrpcLogAppender.java:lambda$resetClient$1(217)) - 7c62eaa0-d491-4028-8bb9-25c4215260c7@group-611B1F60644D->e260e396-598b-44a7-8564-b51448915afe-GrpcLogAppender: Follower failed (request=null, errorCount=125); keep nextIndex (8) unchanged and retry.
2024-05-10 09:22:41,143 [timer3] WARN  server.GrpcLogAppender (LogUtils.java:warn(121)) - 7c62eaa0-d491-4028-8bb9-25c4215260c7@group-16361C22082A->e260e396-598b-44a7-8564-b51448915afe-AppendLogResponseHandler: Failed appendEntries (Repeated 2 times in the last 5.000s): org.apache.ratis.thirdparty.io.grpc.StatusRuntimeException: UNAVAILABLE: io exception
2024-05-10 09:22:41,143 [timer4] WARN  server.GrpcLogAppender (GrpcLogAppender.java:lambda$resetClient$1(217)) - 7c62eaa0-d491-4028-8bb9-25c4215260c7@group-16361C22082A->e260e396-598b-44a7-8564-b51448915afe-GrpcLogAppender: Follower failed (request=null, errorCount=120); keep nextIndex (1) unchanged and retry. (Repeated 2 times in the last 5.000s)
2024-05-10 09:22:41,650 [timer7] WARN  server.GrpcLogAppender (GrpcLogAppender.java:lambda$resetClient$1(217)) - 7c62eaa0-d491-4028-8bb9-25c4215260c7@group-611B1F60644D->e260e396-598b-44a7-8564-b51448915afe-GrpcLogAppender: Follower failed (request=null, errorCount=128); keep nextIndex (8) unchanged and retry. (Repeated 4 times in the last 5.000s)
2024-05-10 09:22:41,650 [timer6] WARN  server.GrpcLogAppender (LogUtils.java:warn(121)) - 7c62eaa0-d491-4028-8bb9-25c4215260c7@group-611B1F60644D->e260e396-598b-44a7-8564-b51448915afe-AppendLogResponseHandler: Failed appendEntries (Repeated 4 times in the last 5.000s): org.apache.ratis.thirdparty.io.grpc.StatusRuntimeException: UNAVAILABLE: io exception
2024-05-10 09:22:42,418 [grpc-default-executor-6] WARN  server.GrpcLogAppender (LogUtils.java:warn(121)) - 7c62eaa0-d491-4028-8bb9-25c4215260c7@group-16361C22082A->e260e396-598b-44a7-8564-b51448915afe-AppendLogResponseHandler: Failed appendEntries: org.apache.ratis.thirdparty.io.grpc.StatusRuntimeException: UNAVAILABLE: io exception
2024-05-10 09:22:42,418 [grpc-default-executor-5] WARN  server.GrpcLogAppender (GrpcLogAppender.java:lambda$resetClient$1(217)) - 7c62eaa0-d491-4028-8bb9-25c4215260c7@group-16361C22082A->e260e396-598b-44a7-8564-b51448915afe-GrpcLogAppender: Follower failed (request=null, errorCount=121); keep nextIndex (1) unchanged and retry.
2024-05-10 09:22:44,094 [grpc-default-executor-6] WARN  server.GrpcLogAppender (LogUtils.java:warn(121)) - 7c62eaa0-d491-4028-8bb9-25c4215260c7@group-611B1F60644D->e260e396-598b-44a7-8564-b51448915afe-AppendLogResponseHandler: Failed appendEntries: org.apache.ratis.thirdparty.io.grpc.StatusRuntimeException: UNAVAILABLE: io exception
2024-05-10 09:22:44,095 [grpc-default-executor-5] WARN  server.GrpcLogAppender (GrpcLogAppender.java:lambda$resetClient$1(217)) - 7c62eaa0-d491-4028-8bb9-25c4215260c7@group-611B1F60644D->e260e396-598b-44a7-8564-b51448915afe-GrpcLogAppender: Follower failed (request=null, errorCount=129); keep nextIndex (8) unchanged and retry.
2024-05-10 09:22:47,418 [timer7] WARN  server.GrpcLogAppender (GrpcLogAppender.java:lambda$resetClient$1(217)) - 7c62eaa0-d491-4028-8bb9-25c4215260c7@group-16361C22082A->e260e396-598b-44a7-8564-b51448915afe-GrpcLogAppender: Follower failed (request=null, errorCount=122); keep nextIndex (1) unchanged and retry. (Repeated 2 times in the last 5.000s)
2024-05-10 09:22:47,418 [timer6] WARN  server.GrpcLogAppender (LogUtils.java:warn(121)) - 7c62eaa0-d491-4028-8bb9-25c4215260c7@group-16361C22082A->e260e396-598b-44a7-8564-b51448915afe-AppendLogResponseHandler: Failed appendEntries (Repeated 2 times in the last 5.000s): org.apache.ratis.thirdparty.io.grpc.StatusRuntimeException: UNAVAILABLE: io exception
2024-05-10 09:22:48,189 [grpc-default-executor-6] WARN  server.GrpcLogAppender (LogUtils.java:warn(121)) - 7c62eaa0-d491-4028-8bb9-25c4215260c7@group-16361C22082A->e260e396-598b-44a7-8564-b51448915afe-AppendLogResponseHandler: Failed appendEntries: org.apache.ratis.thirdparty.io.grpc.StatusRuntimeException: UNAVAILABLE: io exception
2024-05-10 09:22:48,190 [grpc-default-executor-5] WARN  server.GrpcLogAppender (GrpcLogAppender.java:lambda$resetClient$1(217)) - 7c62eaa0-d491-4028-8bb9-25c4215260c7@group-16361C22082A->e260e396-598b-44a7-8564-b51448915afe-GrpcLogAppender: Follower failed (request=null, errorCount=123); keep nextIndex (1) unchanged and retry.
2024-05-10 09:22:49,095 [timer0] WARN  server.GrpcLogAppender (GrpcLogAppender.java:lambda$resetClient$1(217)) - 7c62eaa0-d491-4028-8bb9-25c4215260c7@group-611B1F60644D->e260e396-598b-44a7-8564-b51448915afe-GrpcLogAppender: Follower failed (request=null, errorCount=130); keep nextIndex (8) unchanged and retry. (Repeated 2 times in the last 5.000s)
2024-05-10 09:22:49,096 [timer7] WARN  server.GrpcLogAppender (LogUtils.java:warn(121)) - 7c62eaa0-d491-4028-8bb9-25c4215260c7@group-611B1F60644D->e260e396-598b-44a7-8564-b51448915afe-AppendLogResponseHandler: Failed appendEntries (Repeated 2 times in the last 5.001s): org.apache.ratis.thirdparty.io.grpc.StatusRuntimeException: UNAVAILABLE: io exception
2024-05-10 09:22:49,904 [grpc-default-executor-6] WARN  server.GrpcLogAppender (LogUtils.java:warn(121)) - 7c62eaa0-d491-4028-8bb9-25c4215260c7@group-611B1F60644D->e260e396-598b-44a7-8564-b51448915afe-AppendLogResponseHandler: Failed appendEntries: org.apache.ratis.thirdparty.io.grpc.StatusRuntimeException: UNAVAILABLE: io exception
2024-05-10 09:22:49,904 [grpc-default-executor-2] WARN  server.GrpcLogAppender (GrpcLogAppender.java:lambda$resetClient$1(217)) - 7c62eaa0-d491-4028-8bb9-25c4215260c7@group-611B1F60644D->e260e396-598b-44a7-8564-b51448915afe-GrpcLogAppender: Follower failed (request=null, errorCount=131); keep nextIndex (8) unchanged and retry.
2024-05-10 09:22:53,190 [timer5] WARN  server.GrpcLogAppender (LogUtils.java:warn(121)) - 7c62eaa0-d491-4028-8bb9-25c4215260c7@group-16361C22082A->e260e396-598b-44a7-8564-b51448915afe-AppendLogResponseHandler: Failed appendEntries (Repeated 2 times in the last 5.000s): org.apache.ratis.thirdparty.io.grpc.StatusRuntimeException: UNAVAILABLE: io exception
2024-05-10 09:22:53,190 [timer6] WARN  server.GrpcLogAppender (GrpcLogAppender.java:lambda$resetClient$1(217)) - 7c62eaa0-d491-4028-8bb9-25c4215260c7@group-16361C22082A->e260e396-598b-44a7-8564-b51448915afe-GrpcLogAppender: Follower failed (request=null, errorCount=124); keep nextIndex (1) unchanged and retry. (Repeated 2 times in the last 5.001s)
2024-05-10 09:22:54,723 [grpc-default-executor-6] WARN  server.GrpcLogAppender (LogUtils.java:warn(121)) - 7c62eaa0-d491-4028-8bb9-25c4215260c7@group-16361C22082A->e260e396-598b-44a7-8564-b51448915afe-AppendLogResponseHandler: Failed appendEntries: org.apache.ratis.thirdparty.io.grpc.StatusRuntimeException: UNAVAILABLE: io exception
2024-05-10 09:22:54,724 [grpc-default-executor-2] WARN  server.GrpcLogAppender (GrpcLogAppender.java:lambda$resetClient$1(217)) - 7c62eaa0-d491-4028-8bb9-25c4215260c7@group-16361C22082A->e260e396-598b-44a7-8564-b51448915afe-GrpcLogAppender: Follower failed (request=null, errorCount=125); keep nextIndex (1) unchanged and retry.
2024-05-10 09:22:54,904 [timer1] WARN  server.GrpcLogAppender (GrpcLogAppender.java:lambda$resetClient$1(217)) - 7c62eaa0-d491-4028-8bb9-25c4215260c7@group-611B1F60644D->e260e396-598b-44a7-8564-b51448915afe-GrpcLogAppender: Follower failed (request=null, errorCount=132); keep nextIndex (8) unchanged and retry. (Repeated 2 times in the last 5.000s)
2024-05-10 09:22:54,904 [timer0] WARN  server.GrpcLogAppender (LogUtils.java:warn(121)) - 7c62eaa0-d491-4028-8bb9-25c4215260c7@group-611B1F60644D->e260e396-598b-44a7-8564-b51448915afe-AppendLogResponseHandler: Failed appendEntries (Repeated 2 times in the last 5.001s): org.apache.ratis.thirdparty.io.grpc.StatusRuntimeException: UNAVAILABLE: io exception
2024-05-10 09:22:56,227 [ReplicationMonitor] INFO  replication.ReplicationManager (ReplicationManager.java:processAll(402)) - Replication Monitor Thread took 2 milliseconds for processing 1 containers.
2024-05-10 09:22:56,977 [grpc-default-executor-6] WARN  server.GrpcLogAppender (LogUtils.java:warn(121)) - 7c62eaa0-d491-4028-8bb9-25c4215260c7@group-611B1F60644D->e260e396-598b-44a7-8564-b51448915afe-AppendLogResponseHandler: Failed appendEntries: org.apache.ratis.thirdparty.io.grpc.StatusRuntimeException: UNAVAILABLE: io exception
2024-05-10 09:22:56,977 [grpc-default-executor-2] WARN  server.GrpcLogAppender (GrpcLogAppender.java:lambda$resetClient$1(217)) - 7c62eaa0-d491-4028-8bb9-25c4215260c7@group-611B1F60644D->e260e396-598b-44a7-8564-b51448915afe-GrpcLogAppender: Follower failed (request=null, errorCount=133); keep nextIndex (8) unchanged and retry.
2024-05-10 09:22:59,175 [7c62eaa0-d491-4028-8bb9-25c4215260c7-BlockDeletingService#1] INFO  interfaces.ContainerDeletionChoosingPolicyTemplate (ContainerDeletionChoosingPolicyTemplate.java:chooseContainerForBlockDeletion(85)) - Chosen 0/5000 blocks from 0 candidate containers.
2024-05-10 09:22:59,242 [7ab25875-5f77-45a1-9004-12eab6369d05-BlockDeletingService#1] INFO  interfaces.ContainerDeletionChoosingPolicyTemplate (ContainerDeletionChoosingPolicyTemplate.java:chooseContainerForBlockDeletion(85)) - Chosen 0/5000 blocks from 0 candidate containers.
2024-05-10 09:22:59,305 [e260e396-598b-44a7-8564-b51448915afe-BlockDeletingService#1] INFO  interfaces.ContainerDeletionChoosingPolicyTemplate (ContainerDeletionChoosingPolicyTemplate.java:chooseContainerForBlockDeletion(85)) - Chosen 0/5000 blocks from 0 candidate containers.
2024-05-10 09:22:59,395 [231fae4b-c133-4321-9160-5f63c50cd117-BlockDeletingService#1] INFO  interfaces.ContainerDeletionChoosingPolicyTemplate (ContainerDeletionChoosingPolicyTemplate.java:chooseContainerForBlockDeletion(85)) - Chosen 0/5000 blocks from 0 candidate containers.
2024-05-10 09:22:59,469 [f8145005-1c64-450e-9575-8d23d50c4709-BlockDeletingService#1] INFO  interfaces.ContainerDeletionChoosingPolicyTemplate (ContainerDeletionChoosingPolicyTemplate.java:chooseContainerForBlockDeletion(85)) - Chosen 0/5000 blocks from 0 candidate containers.
2024-05-10 09:22:59,724 [timer6] WARN  server.GrpcLogAppender (LogUtils.java:warn(121)) - 7c62eaa0-d491-4028-8bb9-25c4215260c7@group-16361C22082A->e260e396-598b-44a7-8564-b51448915afe-AppendLogResponseHandler: Failed appendEntries (Repeated 4 times in the last 5.000s): org.apache.ratis.thirdparty.io.grpc.StatusRuntimeException: UNAVAILABLE: io exception
2024-05-10 09:22:59,724 [timer7] WARN  server.GrpcLogAppender (GrpcLogAppender.java:lambda$resetClient$1(217)) - 7c62eaa0-d491-4028-8bb9-25c4215260c7@group-16361C22082A->e260e396-598b-44a7-8564-b51448915afe-GrpcLogAppender: Follower failed (request=null, errorCount=128); keep nextIndex (1) unchanged and retry. (Repeated 4 times in the last 5.000s)
2024-05-10 09:23:01,977 [timer6] WARN  server.GrpcLogAppender (LogUtils.java:warn(121)) - 7c62eaa0-d491-4028-8bb9-25c4215260c7@group-611B1F60644D->e260e396-598b-44a7-8564-b51448915afe-AppendLogResponseHandler: Failed appendEntries (Repeated 2 times in the last 5.000s): org.apache.ratis.thirdparty.io.grpc.StatusRuntimeException: UNAVAILABLE: io exception
2024-05-10 09:23:01,977 [timer7] WARN  server.GrpcLogAppender (GrpcLogAppender.java:lambda$resetClient$1(217)) - 7c62eaa0-d491-4028-8bb9-25c4215260c7@group-611B1F60644D->e260e396-598b-44a7-8564-b51448915afe-GrpcLogAppender: Follower failed (request=null, errorCount=134); keep nextIndex (8) unchanged and retry. (Repeated 2 times in the last 5.000s)
2024-05-10 09:23:03,242 [grpc-default-executor-6] WARN  server.GrpcLogAppender (LogUtils.java:warn(121)) - 7c62eaa0-d491-4028-8bb9-25c4215260c7@group-16361C22082A->e260e396-598b-44a7-8564-b51448915afe-AppendLogResponseHandler: Failed appendEntries: org.apache.ratis.thirdparty.io.grpc.StatusRuntimeException: UNAVAILABLE: io exception
2024-05-10 09:23:03,242 [grpc-default-executor-2] WARN  server.GrpcLogAppender (GrpcLogAppender.java:lambda$resetClient$1(217)) - 7c62eaa0-d491-4028-8bb9-25c4215260c7@group-16361C22082A->e260e396-598b-44a7-8564-b51448915afe-GrpcLogAppender: Follower failed (request=null, errorCount=129); keep nextIndex (1) unchanged and retry.
2024-05-10 09:23:03,280 [grpc-default-executor-6] WARN  server.GrpcLogAppender (LogUtils.java:warn(121)) - 7c62eaa0-d491-4028-8bb9-25c4215260c7@group-611B1F60644D->e260e396-598b-44a7-8564-b51448915afe-AppendLogResponseHandler: Failed appendEntries: org.apache.ratis.thirdparty.io.grpc.StatusRuntimeException: UNAVAILABLE: io exception
2024-05-10 09:23:03,280 [grpc-default-executor-2] WARN  server.GrpcLogAppender (GrpcLogAppender.java:lambda$resetClient$1(217)) - 7c62eaa0-d491-4028-8bb9-25c4215260c7@group-611B1F60644D->e260e396-598b-44a7-8564-b51448915afe-GrpcLogAppender: Follower failed (request=null, errorCount=135); keep nextIndex (8) unchanged and retry.
2024-05-10 09:23:08,243 [timer4] WARN  server.GrpcLogAppender (GrpcLogAppender.java:lambda$resetClient$1(217)) - 7c62eaa0-d491-4028-8bb9-25c4215260c7@group-16361C22082A->e260e396-598b-44a7-8564-b51448915afe-GrpcLogAppender: Follower failed (request=null, errorCount=130); keep nextIndex (1) unchanged and retry. (Repeated 2 times in the last 5.000s)
2024-05-10 09:23:08,243 [timer3] WARN  server.GrpcLogAppender (LogUtils.java:warn(121)) - 7c62eaa0-d491-4028-8bb9-25c4215260c7@group-16361C22082A->e260e396-598b-44a7-8564-b51448915afe-AppendLogResponseHandler: Failed appendEntries (Repeated 2 times in the last 5.000s): org.apache.ratis.thirdparty.io.grpc.StatusRuntimeException: UNAVAILABLE: io exception
2024-05-10 09:23:08,280 [timer6] WARN  server.GrpcLogAppender (LogUtils.java:warn(121)) - 7c62eaa0-d491-4028-8bb9-25c4215260c7@group-611B1F60644D->e260e396-598b-44a7-8564-b51448915afe-AppendLogResponseHandler: Failed appendEntries (Repeated 4 times in the last 5.000s): org.apache.ratis.thirdparty.io.grpc.StatusRuntimeException: UNAVAILABLE: io exception
2024-05-10 09:23:08,281 [timer7] WARN  server.GrpcLogAppender (GrpcLogAppender.java:lambda$resetClient$1(217)) - 7c62eaa0-d491-4028-8bb9-25c4215260c7@group-611B1F60644D->e260e396-598b-44a7-8564-b51448915afe-GrpcLogAppender: Follower failed (request=null, errorCount=138); keep nextIndex (8) unchanged and retry. (Repeated 4 times in the last 5.000s)
2024-05-10 09:23:09,440 [JvmPauseMonitor11] INFO  util.JvmPauseMonitor (JvmPauseMonitor.java:run(152)) - JvmPauseMonitor-e260e396-598b-44a7-8564-b51448915afe: Stopped
2024-05-10 09:23:09,440 [main] ERROR server.XceiverServerGrpc (XceiverServerGrpc.java:stop(216)) - failed to shutdown XceiverServerGrpc
java.lang.InterruptedException
	at java.base/java.lang.Object.wait(Native Method)
	at java.base/java.lang.Object.wait(Object.java:472)
	at java.base/java.util.concurrent.TimeUnit.timedWait(TimeUnit.java:408)
	at org.apache.ratis.thirdparty.io.grpc.internal.ServerImpl.awaitTermination(ServerImpl.java:312)
	at org.apache.hadoop.ozone.container.common.transport.server.XceiverServerGrpc.stop(XceiverServerGrpc.java:213)
	at org.apache.hadoop.ozone.container.ozoneimpl.OzoneContainer.stop(OzoneContainer.java:485)
	at org.apache.hadoop.ozone.container.common.statemachine.DatanodeStateMachine.close(DatanodeStateMachine.java:447)
	at org.apache.hadoop.ozone.container.common.statemachine.DatanodeStateMachine.stopDaemon(DatanodeStateMachine.java:637)
	at org.apache.hadoop.ozone.HddsDatanodeService.stop(HddsDatanodeService.java:550)
	at org.apache.hadoop.ozone.MiniOzoneClusterImpl.stopDatanode(MiniOzoneClusterImpl.java:479)
	at org.apache.hadoop.ozone.MiniOzoneClusterImpl.shutdownHddsDatanode(MiniOzoneClusterImpl.java:381)
	at org.apache.hadoop.ozone.MiniOzoneClusterImpl.shutdownHddsDatanode(MiniOzoneClusterImpl.java:386)
	at org.apache.hadoop.hdds.scm.storage.TestCommitWatcher.testReleaseBuffersOnException(TestCommitWatcher.java:305)
	at java.base/jdk.internal.reflect.NativeMethodAccessorImpl.invoke0(Native Method)
	at java.base/jdk.internal.reflect.NativeMethodAccessorImpl.invoke(NativeMethodAccessorImpl.java:77)
	at java.base/jdk.internal.reflect.DelegatingMethodAccessorImpl.invoke(DelegatingMethodAccessorImpl.java:43)
	at java.base/java.lang.reflect.Method.invoke(Method.java:568)
	at org.junit.platform.commons.util.ReflectionUtils.invokeMethod(ReflectionUtils.java:728)
	at org.junit.jupiter.engine.execution.MethodInvocation.proceed(MethodInvocation.java:60)
	at org.junit.jupiter.engine.execution.InvocationInterceptorChain$ValidatingInvocation.proceed(InvocationInterceptorChain.java:131)
	at org.junit.jupiter.engine.extension.SameThreadTimeoutInvocation.proceed(SameThreadTimeoutInvocation.java:45)
	at org.junit.jupiter.engine.extension.TimeoutExtension.intercept(TimeoutExtension.java:156)
	at org.junit.jupiter.engine.extension.TimeoutExtension.interceptTestableMethod(TimeoutExtension.java:147)
	at org.junit.jupiter.engine.extension.TimeoutExtension.interceptTestMethod(TimeoutExtension.java:86)
	at org.junit.jupiter.engine.execution.InterceptingExecutableInvoker$ReflectiveInterceptorCall.lambda$ofVoidMethod$0(InterceptingExecutableInvoker.java:103)
	at org.junit.jupiter.engine.execution.InterceptingExecutableInvoker.lambda$invoke$0(InterceptingExecutableInvoker.java:93)
	at org.junit.jupiter.engine.execution.InvocationInterceptorChain$InterceptedInvocation.proceed(InvocationInterceptorChain.java:106)
	at org.junit.jupiter.engine.execution.InvocationInterceptorChain.proceed(InvocationInterceptorChain.java:64)
	at org.junit.jupiter.engine.execution.InvocationInterceptorChain.chainAndInvoke(InvocationInterceptorChain.java:45)
	at org.junit.jupiter.engine.execution.InvocationInterceptorChain.invoke(InvocationInterceptorChain.java:37)
	at org.junit.jupiter.engine.execution.InterceptingExecutableInvoker.invoke(InterceptingExecutableInvoker.java:92)
	at org.junit.jupiter.engine.execution.InterceptingExecutableInvoker.invoke(InterceptingExecutableInvoker.java:86)
	at org.junit.jupiter.engine.descriptor.TestMethodTestDescriptor.lambda$invokeTestMethod$7(TestMethodTestDescriptor.java:218)
	at org.junit.platform.engine.support.hierarchical.ThrowableCollector.execute(ThrowableCollector.java:73)
	at org.junit.jupiter.engine.descriptor.TestMethodTestDescriptor.invokeTestMethod(TestMethodTestDescriptor.java:214)
	at org.junit.jupiter.engine.descriptor.TestMethodTestDescriptor.execute(TestMethodTestDescriptor.java:139)
	at org.junit.jupiter.engine.descriptor.TestMethodTestDescriptor.execute(TestMethodTestDescriptor.java:69)
	at org.junit.platform.engine.support.hierarchical.NodeTestTask.lambda$executeRecursively$6(NodeTestTask.java:151)
	at org.junit.platform.engine.support.hierarchical.ThrowableCollector.execute(ThrowableCollector.java:73)
	at org.junit.platform.engine.support.hierarchical.NodeTestTask.lambda$executeRecursively$8(NodeTestTask.java:141)
	at org.junit.platform.engine.support.hierarchical.Node.around(Node.java:137)
	at org.junit.platform.engine.support.hierarchical.NodeTestTask.lambda$executeRecursively$9(NodeTestTask.java:139)
	at org.junit.platform.engine.support.hierarchical.ThrowableCollector.execute(ThrowableCollector.java:73)
	at org.junit.platform.engine.support.hierarchical.NodeTestTask.executeRecursively(NodeTestTask.java:138)
	at org.junit.platform.engine.support.hierarchical.NodeTestTask.execute(NodeTestTask.java:95)
	at java.base/java.util.ArrayList.forEach(ArrayList.java:1511)
	at org.junit.platform.engine.support.hierarchical.SameThreadHierarchicalTestExecutorService.invokeAll(SameThreadHierarchicalTestExecutorService.java:41)
	at org.junit.platform.engine.support.hierarchical.NodeTestTask.lambda$executeRecursively$6(NodeTestTask.java:155)
	at org.junit.platform.engine.support.hierarchical.ThrowableCollector.execute(ThrowableCollector.java:73)
	at org.junit.platform.engine.support.hierarchical.NodeTestTask.lambda$executeRecursively$8(NodeTestTask.java:141)
	at org.junit.platform.engine.support.hierarchical.Node.around(Node.java:137)
	at org.junit.platform.engine.support.hierarchical.NodeTestTask.lambda$executeRecursively$9(NodeTestTask.java:139)
	at org.junit.platform.engine.support.hierarchical.ThrowableCollector.execute(ThrowableCollector.java:73)
	at org.junit.platform.engine.support.hierarchical.NodeTestTask.executeRecursively(NodeTestTask.java:138)
	at org.junit.platform.engine.support.hierarchical.NodeTestTask.execute(NodeTestTask.java:95)
	at java.base/java.util.ArrayList.forEach(ArrayList.java:1511)
	at org.junit.platform.engine.support.hierarchical.SameThreadHierarchicalTestExecutorService.invokeAll(SameThreadHierarchicalTestExecutorService.java:41)
	at org.junit.platform.engine.support.hierarchical.NodeTestTask.lambda$executeRecursively$6(NodeTestTask.java:155)
	at org.junit.platform.engine.support.hierarchical.ThrowableCollector.execute(ThrowableCollector.java:73)
	at org.junit.platform.engine.support.hierarchical.NodeTestTask.lambda$executeRecursively$8(NodeTestTask.java:141)
	at org.junit.platform.engine.support.hierarchical.Node.around(Node.java:137)
	at org.junit.platform.engine.support.hierarchical.NodeTestTask.lambda$executeRecursively$9(NodeTestTask.java:139)
	at org.junit.platform.engine.support.hierarchical.ThrowableCollector.execute(ThrowableCollector.java:73)
	at org.junit.platform.engine.support.hierarchical.NodeTestTask.executeRecursively(NodeTestTask.java:138)
	at org.junit.platform.engine.support.hierarchical.NodeTestTask.execute(NodeTestTask.java:95)
	at org.junit.platform.engine.support.hierarchical.SameThreadHierarchicalTestExecutorService.submit(SameThreadHierarchicalTestExecutorService.java:35)
	at org.junit.platform.engine.support.hierarchical.HierarchicalTestExecutor.execute(HierarchicalTestExecutor.java:57)
	at org.junit.platform.engine.support.hierarchical.HierarchicalTestEngine.execute(HierarchicalTestEngine.java:54)
	at org.junit.platform.launcher.core.EngineExecutionOrchestrator.execute(EngineExecutionOrchestrator.java:198)
	at org.junit.platform.launcher.core.EngineExecutionOrchestrator.execute(EngineExecutionOrchestrator.java:169)
	at org.junit.platform.launcher.core.EngineExecutionOrchestrator.execute(EngineExecutionOrchestrator.java:93)
	at org.junit.platform.launcher.core.EngineExecutionOrchestrator.lambda$execute$0(EngineExecutionOrchestrator.java:58)
	at org.junit.platform.launcher.core.EngineExecutionOrchestrator.withInterceptedStreams(EngineExecutionOrchestrator.java:141)
	at org.junit.platform.launcher.core.EngineExecutionOrchestrator.execute(EngineExecutionOrchestrator.java:57)
	at org.junit.platform.launcher.core.DefaultLauncher.execute(DefaultLauncher.java:103)
	at org.junit.platform.launcher.core.DefaultLauncher.execute(DefaultLauncher.java:85)
	at org.junit.platform.launcher.core.DelegatingLauncher.execute(DelegatingLauncher.java:47)
	at org.junit.platform.launcher.core.SessionPerRequestLauncher.execute(SessionPerRequestLauncher.java:63)
	at org.apache.maven.surefire.junitplatform.JUnitPlatformProvider.invokeAllTests(JUnitPlatformProvider.java:154)
	at org.apache.maven.surefire.junitplatform.JUnitPlatformProvider.invoke(JUnitPlatformProvider.java:123)
	at org.apache.maven.surefire.booter.ForkedBooter.runSuitesInProcess(ForkedBooter.java:377)
	at org.apache.maven.surefire.booter.ForkedBooter.execute(ForkedBooter.java:138)
	at org.apache.maven.surefire.booter.ForkedBooter.run(ForkedBooter.java:465)
	at org.apache.maven.surefire.booter.ForkedBooter.main(ForkedBooter.java:451)
2024-05-10 09:23:09,441 [main] INFO  utils.DatanodeStoreCache (DatanodeStoreCache.java:shutdownCache(116)) - Skip clearing cache in mini cluster mode. Entries left: [/home/runner/work/ozone/ozone/hadoop-ozone/integration-test/target/test-dir/MiniOzoneClusterImpl-5c48b7ff-bfdb-407d-b2cb-68403445a4a3/ozone-meta/datanode-1/data-0/hdds/5c48b7ff-bfdb-407d-b2cb-68403445a4a3/DS-5e8c474a-85e1-4a5b-9a49-5f03f0092ff1/container.db, /home/runner/work/ozone/ozone/hadoop-ozone/integration-test/target/test-dir/MiniOzoneClusterImpl-5c48b7ff-bfdb-407d-b2cb-68403445a4a3/ozone-meta/datanode-2/data-0/hdds/5c48b7ff-bfdb-407d-b2cb-68403445a4a3/DS-d49ff403-e605-4945-9855-ba615bd937aa/container.db, /home/runner/work/ozone/ozone/hadoop-ozone/integration-test/target/test-dir/MiniOzoneClusterImpl-5c48b7ff-bfdb-407d-b2cb-68403445a4a3/ozone-meta/datanode-3/data-0/hdds/5c48b7ff-bfdb-407d-b2cb-68403445a4a3/DS-12cdd499-9d22-47e3-9395-92477653975c/container.db, /home/runner/work/ozone/ozone/hadoop-ozone/integration-test/target/test-dir/MiniOzoneClusterImpl-5c48b7ff-bfdb-407d-b2cb-68403445a4a3/ozone-meta/datanode-4/data-0/hdds/5c48b7ff-bfdb-407d-b2cb-68403445a4a3/DS-83da2910-d8c9-48b2-ada7-71cdaa5a1d6b/container.db, /home/runner/work/ozone/ozone/hadoop-ozone/integration-test/target/test-dir/MiniOzoneClusterImpl-5c48b7ff-bfdb-407d-b2cb-68403445a4a3/ozone-meta/datanode-5/data-0/hdds/5c48b7ff-bfdb-407d-b2cb-68403445a4a3/DS-a1d0fefa-a44a-408a-a0ed-6b07ef7e3f8e/container.db]
2024-05-10 09:23:09,443 [main] INFO  utils.DatanodeStoreCache (DatanodeStoreCache.java:removeDB(110)) - Removed db /home/runner/work/ozone/ozone/hadoop-ozone/integration-test/target/test-dir/MiniOzoneClusterImpl-5c48b7ff-bfdb-407d-b2cb-68403445a4a3/ozone-meta/datanode-3/data-0/hdds/5c48b7ff-bfdb-407d-b2cb-68403445a4a3/DS-12cdd499-9d22-47e3-9395-92477653975c/container.db from cache
2024-05-10 09:23:09,443 [main] INFO  volume.HddsVolume (HddsVolume.java:closeDbStore(470)) - SchemaV3 db is stopped at /home/runner/work/ozone/ozone/hadoop-ozone/integration-test/target/test-dir/MiniOzoneClusterImpl-5c48b7ff-bfdb-407d-b2cb-68403445a4a3/ozone-meta/datanode-3/data-0/hdds/5c48b7ff-bfdb-407d-b2cb-68403445a4a3/DS-12cdd499-9d22-47e3-9395-92477653975c/container.db for volume DS-12cdd499-9d22-47e3-9395-92477653975c
2024-05-10 09:23:09,443 [main] INFO  utils.BackgroundService (BackgroundService.java:shutdown(160)) - Shutting down service BlockDeletingService
2024-05-10 09:23:09,444 [main] INFO  utils.BackgroundService (BackgroundService.java:shutdown(160)) - Shutting down service StaleRecoveringContainerScrubbingService
2024-05-10 09:23:09,445 [main] INFO  statemachine.DatanodeStateMachine (DatanodeStateMachine.java:stopDaemon(638)) - Ozone container server stopped.
2024-05-10 09:23:09,445 [main] INFO  handler.ContextHandler (ContextHandler.java:doStop(1159)) - Stopped o.e.j.w.WebAppContext@52fb37d7{hddsDatanode,/,null,STOPPED}{file:/home/runner/work/ozone/ozone/hadoop-hdds/container-service/target/classes/webapps/hddsDatanode}
2024-05-10 09:23:09,446 [main] INFO  server.session (HouseKeeper.java:stopScavenging(149)) - node0 Stopped scavenging
2024-05-10 09:23:09,446 [main] INFO  server.AbstractConnector (AbstractConnector.java:doStop(383)) - Stopped ServerConnector@5e9ae46f{HTTP/1.1, (http/1.1)}{0.0.0.0:15080}
2024-05-10 09:23:09,446 [main] INFO  handler.ContextHandler (ContextHandler.java:doStop(1159)) - Stopped o.e.j.s.ServletContextHandler@41854000{static,/static,file:///home/runner/work/ozone/ozone/hadoop-hdds/container-service/target/classes/webapps/static,STOPPED}
2024-05-10 09:23:09,446 [main] INFO  handler.ContextHandler (ContextHandler.java:doStop(1159)) - Stopped o.e.j.s.ServletContextHandler@7a01358f{logs,/logs,file:///home/runner/work/ozone/ozone/hadoop-ozone/integration-test/target/log,STOPPED}
2024-05-10 09:23:09,447 [main] ERROR http.HttpServer2 (HttpServer2.java:stop(1366)) - Error while stopping web server for webapp hddsDatanode
java.lang.InterruptedException
	at java.base/java.util.concurrent.locks.AbstractQueuedSynchronizer.tryAcquireSharedNanos(AbstractQueuedSynchronizer.java:1081)
	at java.base/java.util.concurrent.CountDownLatch.await(CountDownLatch.java:276)
	at org.eclipse.jetty.server.AbstractConnector.doStop(AbstractConnector.java:373)
	at org.eclipse.jetty.server.AbstractNetworkConnector.doStop(AbstractNetworkConnector.java:88)
	at org.eclipse.jetty.server.ServerConnector.doStop(ServerConnector.java:246)
	at org.eclipse.jetty.util.component.AbstractLifeCycle.stop(AbstractLifeCycle.java:94)
	at org.eclipse.jetty.server.Server.doStop(Server.java:459)
	at org.eclipse.jetty.util.component.AbstractLifeCycle.stop(AbstractLifeCycle.java:94)
	at org.apache.hadoop.hdds.server.http.HttpServer2.stop(HttpServer2.java:1364)
	at org.apache.hadoop.hdds.server.http.BaseHttpServer.stop(BaseHttpServer.java:339)
	at org.apache.hadoop.ozone.HddsDatanodeService.stop(HddsDatanodeService.java:554)
	at org.apache.hadoop.ozone.MiniOzoneClusterImpl.stopDatanode(MiniOzoneClusterImpl.java:479)
	at org.apache.hadoop.ozone.MiniOzoneClusterImpl.shutdownHddsDatanode(MiniOzoneClusterImpl.java:381)
	at org.apache.hadoop.ozone.MiniOzoneClusterImpl.shutdownHddsDatanode(MiniOzoneClusterImpl.java:386)
	at org.apache.hadoop.hdds.scm.storage.TestCommitWatcher.testReleaseBuffersOnException(TestCommitWatcher.java:305)
	at java.base/jdk.internal.reflect.NativeMethodAccessorImpl.invoke0(Native Method)
	at java.base/jdk.internal.reflect.NativeMethodAccessorImpl.invoke(NativeMethodAccessorImpl.java:77)
	at java.base/jdk.internal.reflect.DelegatingMethodAccessorImpl.invoke(DelegatingMethodAccessorImpl.java:43)
	at java.base/java.lang.reflect.Method.invoke(Method.java:568)
	at org.junit.platform.commons.util.ReflectionUtils.invokeMethod(ReflectionUtils.java:728)
	at org.junit.jupiter.engine.execution.MethodInvocation.proceed(MethodInvocation.java:60)
	at org.junit.jupiter.engine.execution.InvocationInterceptorChain$ValidatingInvocation.proceed(InvocationInterceptorChain.java:131)
	at org.junit.jupiter.engine.extension.SameThreadTimeoutInvocation.proceed(SameThreadTimeoutInvocation.java:45)
	at org.junit.jupiter.engine.extension.TimeoutExtension.intercept(TimeoutExtension.java:156)
	at org.junit.jupiter.engine.extension.TimeoutExtension.interceptTestableMethod(TimeoutExtension.java:147)
	at org.junit.jupiter.engine.extension.TimeoutExtension.interceptTestMethod(TimeoutExtension.java:86)
	at org.junit.jupiter.engine.execution.InterceptingExecutableInvoker$ReflectiveInterceptorCall.lambda$ofVoidMethod$0(InterceptingExecutableInvoker.java:103)
	at org.junit.jupiter.engine.execution.InterceptingExecutableInvoker.lambda$invoke$0(InterceptingExecutableInvoker.java:93)
	at org.junit.jupiter.engine.execution.InvocationInterceptorChain$InterceptedInvocation.proceed(InvocationInterceptorChain.java:106)
	at org.junit.jupiter.engine.execution.InvocationInterceptorChain.proceed(InvocationInterceptorChain.java:64)
	at org.junit.jupiter.engine.execution.InvocationInterceptorChain.chainAndInvoke(InvocationInterceptorChain.java:45)
	at org.junit.jupiter.engine.execution.InvocationInterceptorChain.invoke(InvocationInterceptorChain.java:37)
	at org.junit.jupiter.engine.execution.InterceptingExecutableInvoker.invoke(InterceptingExecutableInvoker.java:92)
	at org.junit.jupiter.engine.execution.InterceptingExecutableInvoker.invoke(InterceptingExecutableInvoker.java:86)
	at org.junit.jupiter.engine.descriptor.TestMethodTestDescriptor.lambda$invokeTestMethod$7(TestMethodTestDescriptor.java:218)
	at org.junit.platform.engine.support.hierarchical.ThrowableCollector.execute(ThrowableCollector.java:73)
	at org.junit.jupiter.engine.descriptor.TestMethodTestDescriptor.invokeTestMethod(TestMethodTestDescriptor.java:214)
	at org.junit.jupiter.engine.descriptor.TestMethodTestDescriptor.execute(TestMethodTestDescriptor.java:139)
	at org.junit.jupiter.engine.descriptor.TestMethodTestDescriptor.execute(TestMethodTestDescriptor.java:69)
	at org.junit.platform.engine.support.hierarchical.NodeTestTask.lambda$executeRecursively$6(NodeTestTask.java:151)
	at org.junit.platform.engine.support.hierarchical.ThrowableCollector.execute(ThrowableCollector.java:73)
	at org.junit.platform.engine.support.hierarchical.NodeTestTask.lambda$executeRecursively$8(NodeTestTask.java:141)
	at org.junit.platform.engine.support.hierarchical.Node.around(Node.java:137)
	at org.junit.platform.engine.support.hierarchical.NodeTestTask.lambda$executeRecursively$9(NodeTestTask.java:139)
	at org.junit.platform.engine.support.hierarchical.ThrowableCollector.execute(ThrowableCollector.java:73)
	at org.junit.platform.engine.support.hierarchical.NodeTestTask.executeRecursively(NodeTestTask.java:138)
	at org.junit.platform.engine.support.hierarchical.NodeTestTask.execute(NodeTestTask.java:95)
	at java.base/java.util.ArrayList.forEach(ArrayList.java:1511)
	at org.junit.platform.engine.support.hierarchical.SameThreadHierarchicalTestExecutorService.invokeAll(SameThreadHierarchicalTestExecutorService.java:41)
	at org.junit.platform.engine.support.hierarchical.NodeTestTask.lambda$executeRecursively$6(NodeTestTask.java:155)
	at org.junit.platform.engine.support.hierarchical.ThrowableCollector.execute(ThrowableCollector.java:73)
	at org.junit.platform.engine.support.hierarchical.NodeTestTask.lambda$executeRecursively$8(NodeTestTask.java:141)
	at org.junit.platform.engine.support.hierarchical.Node.around(Node.java:137)
	at org.junit.platform.engine.support.hierarchical.NodeTestTask.lambda$executeRecursively$9(NodeTestTask.java:139)
	at org.junit.platform.engine.support.hierarchical.ThrowableCollector.execute(ThrowableCollector.java:73)
	at org.junit.platform.engine.support.hierarchical.NodeTestTask.executeRecursively(NodeTestTask.java:138)
	at org.junit.platform.engine.support.hierarchical.NodeTestTask.execute(NodeTestTask.java:95)
	at java.base/java.util.ArrayList.forEach(ArrayList.java:1511)
	at org.junit.platform.engine.support.hierarchical.SameThreadHierarchicalTestExecutorService.invokeAll(SameThreadHierarchicalTestExecutorService.java:41)
	at org.junit.platform.engine.support.hierarchical.NodeTestTask.lambda$executeRecursively$6(NodeTestTask.java:155)
	at org.junit.platform.engine.support.hierarchical.ThrowableCollector.execute(ThrowableCollector.java:73)
	at org.junit.platform.engine.support.hierarchical.NodeTestTask.lambda$executeRecursively$8(NodeTestTask.java:141)
	at org.junit.platform.engine.support.hierarchical.Node.around(Node.java:137)
	at org.junit.platform.engine.support.hierarchical.NodeTestTask.lambda$executeRecursively$9(NodeTestTask.java:139)
	at org.junit.platform.engine.support.hierarchical.ThrowableCollector.execute(ThrowableCollector.java:73)
	at org.junit.platform.engine.support.hierarchical.NodeTestTask.executeRecursively(NodeTestTask.java:138)
	at org.junit.platform.engine.support.hierarchical.NodeTestTask.execute(NodeTestTask.java:95)
	at org.junit.platform.engine.support.hierarchical.SameThreadHierarchicalTestExecutorService.submit(SameThreadHierarchicalTestExecutorService.java:35)
	at org.junit.platform.engine.support.hierarchical.HierarchicalTestExecutor.execute(HierarchicalTestExecutor.java:57)
	at org.junit.platform.engine.support.hierarchical.HierarchicalTestEngine.execute(HierarchicalTestEngine.java:54)
	at org.junit.platform.launcher.core.EngineExecutionOrchestrator.execute(EngineExecutionOrchestrator.java:198)
	at org.junit.platform.launcher.core.EngineExecutionOrchestrator.execute(EngineExecutionOrchestrator.java:169)
	at org.junit.platform.launcher.core.EngineExecutionOrchestrator.execute(EngineExecutionOrchestrator.java:93)
	at org.junit.platform.launcher.core.EngineExecutionOrchestrator.lambda$execute$0(EngineExecutionOrchestrator.java:58)
	at org.junit.platform.launcher.core.EngineExecutionOrchestrator.withInterceptedStreams(EngineExecutionOrchestrator.java:141)
	at org.junit.platform.launcher.core.EngineExecutionOrchestrator.execute(EngineExecutionOrchestrator.java:57)
	at org.junit.platform.launcher.core.DefaultLauncher.execute(DefaultLauncher.java:103)
	at org.junit.platform.launcher.core.DefaultLauncher.execute(DefaultLauncher.java:85)
	at org.junit.platform.launcher.core.DelegatingLauncher.execute(DelegatingLauncher.java:47)
	at org.junit.platform.launcher.core.SessionPerRequestLauncher.execute(SessionPerRequestLauncher.java:63)
	at org.apache.maven.surefire.junitplatform.JUnitPlatformProvider.invokeAllTests(JUnitPlatformProvider.java:154)
	at org.apache.maven.surefire.junitplatform.JUnitPlatformProvider.invoke(JUnitPlatformProvider.java:123)
	at org.apache.maven.surefire.booter.ForkedBooter.runSuitesInProcess(ForkedBooter.java:377)
	at org.apache.maven.surefire.booter.ForkedBooter.execute(ForkedBooter.java:138)
	at org.apache.maven.surefire.booter.ForkedBooter.run(ForkedBooter.java:465)
	at org.apache.maven.surefire.booter.ForkedBooter.main(ForkedBooter.java:451)
2024-05-10 09:23:09,447 [main] ERROR ozone.HddsDatanodeService (HddsDatanodeService.java:stop(556)) - Stopping HttpServer is failed.
java.lang.InterruptedException
	at java.base/java.util.concurrent.locks.AbstractQueuedSynchronizer.tryAcquireSharedNanos(AbstractQueuedSynchronizer.java:1081)
	at java.base/java.util.concurrent.CountDownLatch.await(CountDownLatch.java:276)
	at org.eclipse.jetty.server.AbstractConnector.doStop(AbstractConnector.java:373)
	at org.eclipse.jetty.server.AbstractNetworkConnector.doStop(AbstractNetworkConnector.java:88)
	at org.eclipse.jetty.server.ServerConnector.doStop(ServerConnector.java:246)
	at org.eclipse.jetty.util.component.AbstractLifeCycle.stop(AbstractLifeCycle.java:94)
	at org.eclipse.jetty.server.Server.doStop(Server.java:459)
	at org.eclipse.jetty.util.component.AbstractLifeCycle.stop(AbstractLifeCycle.java:94)
	at org.apache.hadoop.hdds.server.http.HttpServer2.stop(HttpServer2.java:1364)
	at org.apache.hadoop.hdds.server.http.BaseHttpServer.stop(BaseHttpServer.java:339)
	at org.apache.hadoop.ozone.HddsDatanodeService.stop(HddsDatanodeService.java:554)
	at org.apache.hadoop.ozone.MiniOzoneClusterImpl.stopDatanode(MiniOzoneClusterImpl.java:479)
	at org.apache.hadoop.ozone.MiniOzoneClusterImpl.shutdownHddsDatanode(MiniOzoneClusterImpl.java:381)
	at org.apache.hadoop.ozone.MiniOzoneClusterImpl.shutdownHddsDatanode(MiniOzoneClusterImpl.java:386)
	at org.apache.hadoop.hdds.scm.storage.TestCommitWatcher.testReleaseBuffersOnException(TestCommitWatcher.java:305)
	at java.base/jdk.internal.reflect.NativeMethodAccessorImpl.invoke0(Native Method)
	at java.base/jdk.internal.reflect.NativeMethodAccessorImpl.invoke(NativeMethodAccessorImpl.java:77)
	at java.base/jdk.internal.reflect.DelegatingMethodAccessorImpl.invoke(DelegatingMethodAccessorImpl.java:43)
	at java.base/java.lang.reflect.Method.invoke(Method.java:568)
	at org.junit.platform.commons.util.ReflectionUtils.invokeMethod(ReflectionUtils.java:728)
	at org.junit.jupiter.engine.execution.MethodInvocation.proceed(MethodInvocation.java:60)
	at org.junit.jupiter.engine.execution.InvocationInterceptorChain$ValidatingInvocation.proceed(InvocationInterceptorChain.java:131)
	at org.junit.jupiter.engine.extension.SameThreadTimeoutInvocation.proceed(SameThreadTimeoutInvocation.java:45)
	at org.junit.jupiter.engine.extension.TimeoutExtension.intercept(TimeoutExtension.java:156)
	at org.junit.jupiter.engine.extension.TimeoutExtension.interceptTestableMethod(TimeoutExtension.java:147)
	at org.junit.jupiter.engine.extension.TimeoutExtension.interceptTestMethod(TimeoutExtension.java:86)
	at org.junit.jupiter.engine.execution.InterceptingExecutableInvoker$ReflectiveInterceptorCall.lambda$ofVoidMethod$0(InterceptingExecutableInvoker.java:103)
	at org.junit.jupiter.engine.execution.InterceptingExecutableInvoker.lambda$invoke$0(InterceptingExecutableInvoker.java:93)
	at org.junit.jupiter.engine.execution.InvocationInterceptorChain$InterceptedInvocation.proceed(InvocationInterceptorChain.java:106)
	at org.junit.jupiter.engine.execution.InvocationInterceptorChain.proceed(InvocationInterceptorChain.java:64)
	at org.junit.jupiter.engine.execution.InvocationInterceptorChain.chainAndInvoke(InvocationInterceptorChain.java:45)
	at org.junit.jupiter.engine.execution.InvocationInterceptorChain.invoke(InvocationInterceptorChain.java:37)
	at org.junit.jupiter.engine.execution.InterceptingExecutableInvoker.invoke(InterceptingExecutableInvoker.java:92)
	at org.junit.jupiter.engine.execution.InterceptingExecutableInvoker.invoke(InterceptingExecutableInvoker.java:86)
	at org.junit.jupiter.engine.descriptor.TestMethodTestDescriptor.lambda$invokeTestMethod$7(TestMethodTestDescriptor.java:218)
	at org.junit.platform.engine.support.hierarchical.ThrowableCollector.execute(ThrowableCollector.java:73)
	at org.junit.jupiter.engine.descriptor.TestMethodTestDescriptor.invokeTestMethod(TestMethodTestDescriptor.java:214)
	at org.junit.jupiter.engine.descriptor.TestMethodTestDescriptor.execute(TestMethodTestDescriptor.java:139)
	at org.junit.jupiter.engine.descriptor.TestMethodTestDescriptor.execute(TestMethodTestDescriptor.java:69)
	at org.junit.platform.engine.support.hierarchical.NodeTestTask.lambda$executeRecursively$6(NodeTestTask.java:151)
	at org.junit.platform.engine.support.hierarchical.ThrowableCollector.execute(ThrowableCollector.java:73)
	at org.junit.platform.engine.support.hierarchical.NodeTestTask.lambda$executeRecursively$8(NodeTestTask.java:141)
	at org.junit.platform.engine.support.hierarchical.Node.around(Node.java:137)
	at org.junit.platform.engine.support.hierarchical.NodeTestTask.lambda$executeRecursively$9(NodeTestTask.java:139)
	at org.junit.platform.engine.support.hierarchical.ThrowableCollector.execute(ThrowableCollector.java:73)
	at org.junit.platform.engine.support.hierarchical.NodeTestTask.executeRecursively(NodeTestTask.java:138)
	at org.junit.platform.engine.support.hierarchical.NodeTestTask.execute(NodeTestTask.java:95)
	at java.base/java.util.ArrayList.forEach(ArrayList.java:1511)
	at org.junit.platform.engine.support.hierarchical.SameThreadHierarchicalTestExecutorService.invokeAll(SameThreadHierarchicalTestExecutorService.java:41)
	at org.junit.platform.engine.support.hierarchical.NodeTestTask.lambda$executeRecursively$6(NodeTestTask.java:155)
	at org.junit.platform.engine.support.hierarchical.ThrowableCollector.execute(ThrowableCollector.java:73)
	at org.junit.platform.engine.support.hierarchical.NodeTestTask.lambda$executeRecursively$8(NodeTestTask.java:141)
	at org.junit.platform.engine.support.hierarchical.Node.around(Node.java:137)
	at org.junit.platform.engine.support.hierarchical.NodeTestTask.lambda$executeRecursively$9(NodeTestTask.java:139)
	at org.junit.platform.engine.support.hierarchical.ThrowableCollector.execute(ThrowableCollector.java:73)
	at org.junit.platform.engine.support.hierarchical.NodeTestTask.executeRecursively(NodeTestTask.java:138)
	at org.junit.platform.engine.support.hierarchical.NodeTestTask.execute(NodeTestTask.java:95)
	at java.base/java.util.ArrayList.forEach(ArrayList.java:1511)
	at org.junit.platform.engine.support.hierarchical.SameThreadHierarchicalTestExecutorService.invokeAll(SameThreadHierarchicalTestExecutorService.java:41)
	at org.junit.platform.engine.support.hierarchical.NodeTestTask.lambda$executeRecursively$6(NodeTestTask.java:155)
	at org.junit.platform.engine.support.hierarchical.ThrowableCollector.execute(ThrowableCollector.java:73)
	at org.junit.platform.engine.support.hierarchical.NodeTestTask.lambda$executeRecursively$8(NodeTestTask.java:141)
	at org.junit.platform.engine.support.hierarchical.Node.around(Node.java:137)
	at org.junit.platform.engine.support.hierarchical.NodeTestTask.lambda$executeRecursively$9(NodeTestTask.java:139)
	at org.junit.platform.engine.support.hierarchical.ThrowableCollector.execute(ThrowableCollector.java:73)
	at org.junit.platform.engine.support.hierarchical.NodeTestTask.executeRecursively(NodeTestTask.java:138)
	at org.junit.platform.engine.support.hierarchical.NodeTestTask.execute(NodeTestTask.java:95)
	at org.junit.platform.engine.support.hierarchical.SameThreadHierarchicalTestExecutorService.submit(SameThreadHierarchicalTestExecutorService.java:35)
	at org.junit.platform.engine.support.hierarchical.HierarchicalTestExecutor.execute(HierarchicalTestExecutor.java:57)
	at org.junit.platform.engine.support.hierarchical.HierarchicalTestEngine.execute(HierarchicalTestEngine.java:54)
	at org.junit.platform.launcher.core.EngineExecutionOrchestrator.execute(EngineExecutionOrchestrator.java:198)
	at org.junit.platform.launcher.core.EngineExecutionOrchestrator.execute(EngineExecutionOrchestrator.java:169)
	at org.junit.platform.launcher.core.EngineExecutionOrchestrator.execute(EngineExecutionOrchestrator.java:93)
	at org.junit.platform.launcher.core.EngineExecutionOrchestrator.lambda$execute$0(EngineExecutionOrchestrator.java:58)
	at org.junit.platform.launcher.core.EngineExecutionOrchestrator.withInterceptedStreams(EngineExecutionOrchestrator.java:141)
	at org.junit.platform.launcher.core.EngineExecutionOrchestrator.execute(EngineExecutionOrchestrator.java:57)
	at org.junit.platform.launcher.core.DefaultLauncher.execute(DefaultLauncher.java:103)
	at org.junit.platform.launcher.core.DefaultLauncher.execute(DefaultLauncher.java:85)
	at org.junit.platform.launcher.core.DelegatingLauncher.execute(DelegatingLauncher.java:47)
	at org.junit.platform.launcher.core.SessionPerRequestLauncher.execute(SessionPerRequestLauncher.java:63)
	at org.apache.maven.surefire.junitplatform.JUnitPlatformProvider.invokeAllTests(JUnitPlatformProvider.java:154)
	at org.apache.maven.surefire.junitplatform.JUnitPlatformProvider.invoke(JUnitPlatformProvider.java:123)
	at org.apache.maven.surefire.booter.ForkedBooter.runSuitesInProcess(ForkedBooter.java:377)
	at org.apache.maven.surefire.booter.ForkedBooter.execute(ForkedBooter.java:138)
	at org.apache.maven.surefire.booter.ForkedBooter.run(ForkedBooter.java:465)
	at org.apache.maven.surefire.booter.ForkedBooter.main(ForkedBooter.java:451)
2024-05-10 09:23:09,448 [main] INFO  ozone.HddsDatanodeClientProtocolServer (HddsDatanodeClientProtocolServer.java:stop(83)) - Stopping the RPC server for Client Protocol
2024-05-10 09:23:09,448 [main] INFO  ipc.Server (Server.java:stop(3523)) - Stopping server on 15081
2024-05-10 09:23:09,448 [IPC Server Responder] INFO  ipc.Server (Server.java:run(1567)) - Stopping IPC Server Responder
2024-05-10 09:23:09,448 [IPC Server listener on 15081] INFO  ipc.Server (Server.java:run(1434)) - Stopping IPC Server listener on 15081
2024-05-10 09:23:09,450 [main] INFO  ozoneimpl.OzoneContainer (OzoneContainer.java:stop(481)) - Attempting to stop container services.
2024-05-10 09:23:09,450 [ContainerMetadataScanner] WARN  ozoneimpl.AbstractBackgroundContainerScanner (AbstractBackgroundContainerScanner.java:handleRemainingSleep(134)) - Background container scan was interrupted.
2024-05-10 09:23:09,450 [ContainerMetadataScanner] INFO  ozoneimpl.AbstractBackgroundContainerScanner (AbstractBackgroundContainerScanner.java:run(61)) - Thread[ContainerMetadataScanner,5,main] exiting.
2024-05-10 09:23:09,450 [main] INFO  ozoneimpl.BackgroundContainerDataScanner (BackgroundContainerDataScanner.java:shutdown(141)) - ContainerDataScanner(/home/runner/work/ozone/ozone/hadoop-ozone/integration-test/target/test-dir/MiniOzoneClusterImpl-5c48b7ff-bfdb-407d-b2cb-68403445a4a3/ozone-meta/datanode-1/data-0/hdds) is shutting down. 
2024-05-10 09:23:09,451 [ContainerDataScanner(/home/runner/work/ozone/ozone/hadoop-ozone/integration-test/target/test-dir/MiniOzoneClusterImpl-5c48b7ff-bfdb-407d-b2cb-68403445a4a3/ozone-meta/datanode-1/data-0/hdds)] WARN  ozoneimpl.AbstractBackgroundContainerScanner (AbstractBackgroundContainerScanner.java:handleRemainingSleep(134)) - Background container scan was interrupted.
2024-05-10 09:23:09,451 [ContainerDataScanner(/home/runner/work/ozone/ozone/hadoop-ozone/integration-test/target/test-dir/MiniOzoneClusterImpl-5c48b7ff-bfdb-407d-b2cb-68403445a4a3/ozone-meta/datanode-1/data-0/hdds)] INFO  ozoneimpl.AbstractBackgroundContainerScanner (AbstractBackgroundContainerScanner.java:run(61)) - ContainerDataScanner(/home/runner/work/ozone/ozone/hadoop-ozone/integration-test/target/test-dir/MiniOzoneClusterImpl-5c48b7ff-bfdb-407d-b2cb-68403445a4a3/ozone-meta/datanode-1/data-0/hdds, DS-5e8c474a-85e1-4a5b-9a49-5f03f0092ff1) exiting.
2024-05-10 09:23:09,451 [main] INFO  server.RaftServer (RaftServerProxy.java:lambda$close$9(416)) - 7c62eaa0-d491-4028-8bb9-25c4215260c7: close
2024-05-10 09:23:09,451 [7c62eaa0-d491-4028-8bb9-25c4215260c7-impl-thread2] INFO  server.RaftServer$Division (RaftServerImpl.java:lambda$close$3(526)) - 7c62eaa0-d491-4028-8bb9-25c4215260c7@group-611B1F60644D: shutdown
2024-05-10 09:23:09,452 [7c62eaa0-d491-4028-8bb9-25c4215260c7-impl-thread4] INFO  server.RaftServer$Division (RaftServerImpl.java:lambda$close$3(526)) - 7c62eaa0-d491-4028-8bb9-25c4215260c7@group-16361C22082A: shutdown
2024-05-10 09:23:09,452 [main] INFO  server.GrpcService (GrpcService.java:closeImpl(311)) - 7c62eaa0-d491-4028-8bb9-25c4215260c7: shutdown server org.apache.ratis.grpc.server.GrpcClientProtocolService now
2024-05-10 09:23:09,451 [7c62eaa0-d491-4028-8bb9-25c4215260c7-impl-thread3] INFO  server.RaftServer$Division (RaftServerImpl.java:lambda$close$3(526)) - 7c62eaa0-d491-4028-8bb9-25c4215260c7@group-39DCFA677CE1: shutdown
2024-05-10 09:23:09,452 [7c62eaa0-d491-4028-8bb9-25c4215260c7-impl-thread4] INFO  util.JmxRegister (JmxRegister.java:unregister(73)) - Successfully un-registered JMX Bean with object name Ratis:service=RaftServer,group=group-16361C22082A,id=7c62eaa0-d491-4028-8bb9-25c4215260c7
2024-05-10 09:23:09,452 [7c62eaa0-d491-4028-8bb9-25c4215260c7-impl-thread4] INFO  impl.RoleInfo (RoleInfo.java:shutdownLeaderState(94)) - 7c62eaa0-d491-4028-8bb9-25c4215260c7: shutdown 7c62eaa0-d491-4028-8bb9-25c4215260c7@group-16361C22082A-LeaderStateImpl
2024-05-10 09:23:09,452 [7c62eaa0-d491-4028-8bb9-25c4215260c7-impl-thread4] INFO  impl.PendingRequests (PendingRequests.java:sendNotLeaderResponses(289)) - 7c62eaa0-d491-4028-8bb9-25c4215260c7@group-16361C22082A-PendingRequests: sendNotLeaderResponses
2024-05-10 09:23:09,452 [7c62eaa0-d491-4028-8bb9-25c4215260c7@group-16361C22082A->e260e396-598b-44a7-8564-b51448915afe-GrpcLogAppender-LogAppenderDaemon] WARN  server.GrpcLogAppender (GrpcLogAppender.java:mayWait(289)) - 7c62eaa0-d491-4028-8bb9-25c4215260c7@group-16361C22082A->e260e396-598b-44a7-8564-b51448915afe-GrpcLogAppender: Wait interrupted by java.lang.InterruptedException
2024-05-10 09:23:09,452 [7c62eaa0-d491-4028-8bb9-25c4215260c7-impl-thread3] INFO  util.JmxRegister (JmxRegister.java:unregister(73)) - Successfully un-registered JMX Bean with object name Ratis:service=RaftServer,group=group-39DCFA677CE1,id=7c62eaa0-d491-4028-8bb9-25c4215260c7
2024-05-10 09:23:09,453 [7c62eaa0-d491-4028-8bb9-25c4215260c7-impl-thread3] INFO  impl.RoleInfo (RoleInfo.java:shutdownLeaderState(94)) - 7c62eaa0-d491-4028-8bb9-25c4215260c7: shutdown 7c62eaa0-d491-4028-8bb9-25c4215260c7@group-39DCFA677CE1-LeaderStateImpl
2024-05-10 09:23:09,453 [7c62eaa0-d491-4028-8bb9-25c4215260c7-impl-thread3] INFO  impl.PendingRequests (PendingRequests.java:sendNotLeaderResponses(289)) - 7c62eaa0-d491-4028-8bb9-25c4215260c7@group-39DCFA677CE1-PendingRequests: sendNotLeaderResponses
2024-05-10 09:23:09,452 [7c62eaa0-d491-4028-8bb9-25c4215260c7-impl-thread2] INFO  util.JmxRegister (JmxRegister.java:unregister(73)) - Successfully un-registered JMX Bean with object name Ratis:service=RaftServer,group=group-611B1F60644D,id=7c62eaa0-d491-4028-8bb9-25c4215260c7
2024-05-10 09:23:09,452 [7c62eaa0-d491-4028-8bb9-25c4215260c7@group-16361C22082A->7ab25875-5f77-45a1-9004-12eab6369d05-GrpcLogAppender-LogAppenderDaemon] WARN  server.GrpcLogAppender (GrpcLogAppender.java:mayWait(289)) - 7c62eaa0-d491-4028-8bb9-25c4215260c7@group-16361C22082A->7ab25875-5f77-45a1-9004-12eab6369d05-GrpcLogAppender: Wait interrupted by java.lang.InterruptedException
2024-05-10 09:23:09,453 [7c62eaa0-d491-4028-8bb9-25c4215260c7-impl-thread3] INFO  impl.StateMachineUpdater (StateMachineUpdater.java:stopAndJoin(157)) - 7c62eaa0-d491-4028-8bb9-25c4215260c7@group-39DCFA677CE1-StateMachineUpdater: set stopIndex = 0
2024-05-10 09:23:09,453 [7c62eaa0-d491-4028-8bb9-25c4215260c7@group-39DCFA677CE1-StateMachineUpdater] INFO  ratis.ContainerStateMachine (ContainerStateMachine.java:takeSnapshot(355)) - group-39DCFA677CE1: Taking a snapshot at:(t:1, i:0) file /home/runner/work/ozone/ozone/hadoop-ozone/integration-test/target/test-dir/MiniOzoneClusterImpl-5c48b7ff-bfdb-407d-b2cb-68403445a4a3/ozone-meta/datanode-1/ratis/3a3b602f-45bc-435f-b319-39dcfa677ce1/sm/snapshot.1_0
2024-05-10 09:23:09,454 [grpc-default-executor-6] INFO  server.GrpcServerProtocolService (GrpcServerProtocolService.java:onCompleted(157)) - 7ab25875-5f77-45a1-9004-12eab6369d05: Completed APPEND_ENTRIES, lastRequest: null
2024-05-10 09:23:09,453 [7c62eaa0-d491-4028-8bb9-25c4215260c7-impl-thread2] INFO  impl.RoleInfo (RoleInfo.java:shutdownLeaderState(94)) - 7c62eaa0-d491-4028-8bb9-25c4215260c7: shutdown 7c62eaa0-d491-4028-8bb9-25c4215260c7@group-611B1F60644D-LeaderStateImpl
2024-05-10 09:23:09,453 [7c62eaa0-d491-4028-8bb9-25c4215260c7-impl-thread4] INFO  impl.StateMachineUpdater (StateMachineUpdater.java:stopAndJoin(157)) - 7c62eaa0-d491-4028-8bb9-25c4215260c7@group-16361C22082A-StateMachineUpdater: set stopIndex = 0
2024-05-10 09:23:09,454 [7c62eaa0-d491-4028-8bb9-25c4215260c7@group-39DCFA677CE1-StateMachineUpdater] INFO  ratis.ContainerStateMachine (ContainerStateMachine.java:takeSnapshot(366)) - group-39DCFA677CE1: Finished taking a snapshot at:(t:1, i:0) file:/home/runner/work/ozone/ozone/hadoop-ozone/integration-test/target/test-dir/MiniOzoneClusterImpl-5c48b7ff-bfdb-407d-b2cb-68403445a4a3/ozone-meta/datanode-1/ratis/3a3b602f-45bc-435f-b319-39dcfa677ce1/sm/snapshot.1_0 took: 1 ms
2024-05-10 09:23:09,454 [grpc-default-executor-6] INFO  server.GrpcServerProtocolService (GrpcServerProtocolService.java:lambda$onCompleted$5(159)) - 7ab25875-5f77-45a1-9004-12eab6369d05: Completed APPEND_ENTRIES, lastReply: serverReply {
  requestorId: "7c62eaa0-d491-4028-8bb9-25c4215260c7"
  replyId: "7ab25875-5f77-45a1-9004-12eab6369d05"
  raftGroupId {
    id: "\334\3669oP\247L\304\214\354\0266\034\"\b*"
  }
  callId: 118
  success: true
}
term: 2
nextIndex: 1
matchIndex: 18446744073709551615
isHearbeat: true

2024-05-10 09:23:09,455 [7c62eaa0-d491-4028-8bb9-25c4215260c7@group-16361C22082A-StateMachineUpdater] INFO  ratis.ContainerStateMachine (ContainerStateMachine.java:takeSnapshot(355)) - group-16361C22082A: Taking a snapshot at:(t:2, i:0) file /home/runner/work/ozone/ozone/hadoop-ozone/integration-test/target/test-dir/MiniOzoneClusterImpl-5c48b7ff-bfdb-407d-b2cb-68403445a4a3/ozone-meta/datanode-1/ratis/dcf6396f-50a7-4cc4-8cec-16361c22082a/sm/snapshot.2_0
2024-05-10 09:23:09,455 [7c62eaa0-d491-4028-8bb9-25c4215260c7@group-39DCFA677CE1-StateMachineUpdater] INFO  impl.StateMachineUpdater (StateMachineUpdater.java:takeSnapshot(295)) - 7c62eaa0-d491-4028-8bb9-25c4215260c7@group-39DCFA677CE1-StateMachineUpdater: Took a snapshot at index 0
2024-05-10 09:23:09,455 [7c62eaa0-d491-4028-8bb9-25c4215260c7@group-39DCFA677CE1-StateMachineUpdater] INFO  impl.StateMachineUpdater (StateMachineUpdater.java:lambda$new$0(98)) - 7c62eaa0-d491-4028-8bb9-25c4215260c7@group-39DCFA677CE1-StateMachineUpdater: snapshotIndex: updateIncreasingly -1 -> 0
2024-05-10 09:23:09,455 [grpc-default-executor-5] WARN  server.GrpcClientProtocolService (LogUtils.java:warn(121)) - 0-OrderedRequestStreamObserver0: onError: org.apache.ratis.thirdparty.io.grpc.StatusRuntimeException: CANCELLED: client cancelled
2024-05-10 09:23:09,455 [7c62eaa0-d491-4028-8bb9-25c4215260c7@group-611B1F60644D->e260e396-598b-44a7-8564-b51448915afe-GrpcLogAppender-LogAppenderDaemon] WARN  server.GrpcLogAppender (GrpcLogAppender.java:mayWait(289)) - 7c62eaa0-d491-4028-8bb9-25c4215260c7@group-611B1F60644D->e260e396-598b-44a7-8564-b51448915afe-GrpcLogAppender: Wait interrupted by java.lang.InterruptedException
2024-05-10 09:23:09,455 [7c62eaa0-d491-4028-8bb9-25c4215260c7@group-611B1F60644D->7ab25875-5f77-45a1-9004-12eab6369d05-GrpcLogAppender-LogAppenderDaemon] WARN  server.GrpcLogAppender (GrpcLogAppender.java:mayWait(289)) - 7c62eaa0-d491-4028-8bb9-25c4215260c7@group-611B1F60644D->7ab25875-5f77-45a1-9004-12eab6369d05-GrpcLogAppender: Wait interrupted by java.lang.InterruptedException
2024-05-10 09:23:09,455 [7c62eaa0-d491-4028-8bb9-25c4215260c7-impl-thread3] INFO  server.RaftServer$Division (ServerState.java:close(427)) - 7c62eaa0-d491-4028-8bb9-25c4215260c7@group-39DCFA677CE1: applyIndex: 0
2024-05-10 09:23:09,455 [7c62eaa0-d491-4028-8bb9-25c4215260c7@group-16361C22082A-StateMachineUpdater] INFO  ratis.ContainerStateMachine (ContainerStateMachine.java:takeSnapshot(366)) - group-16361C22082A: Finished taking a snapshot at:(t:2, i:0) file:/home/runner/work/ozone/ozone/hadoop-ozone/integration-test/target/test-dir/MiniOzoneClusterImpl-5c48b7ff-bfdb-407d-b2cb-68403445a4a3/ozone-meta/datanode-1/ratis/dcf6396f-50a7-4cc4-8cec-16361c22082a/sm/snapshot.2_0 took: 1 ms
2024-05-10 09:23:09,455 [7c62eaa0-d491-4028-8bb9-25c4215260c7-impl-thread2] INFO  impl.PendingRequests (PendingRequests.java:sendNotLeaderResponses(289)) - 7c62eaa0-d491-4028-8bb9-25c4215260c7@group-611B1F60644D-PendingRequests: sendNotLeaderResponses
2024-05-10 09:23:09,456 [7c62eaa0-d491-4028-8bb9-25c4215260c7@group-16361C22082A-StateMachineUpdater] INFO  impl.StateMachineUpdater (StateMachineUpdater.java:takeSnapshot(295)) - 7c62eaa0-d491-4028-8bb9-25c4215260c7@group-16361C22082A-StateMachineUpdater: Took a snapshot at index 0
2024-05-10 09:23:09,455 [7c62eaa0-d491-4028-8bb9-25c4215260c7@group-39DCFA677CE1-cacheEviction-AwaitToRun] INFO  util.AwaitToRun (AwaitToRun.java:run(49)) - 7c62eaa0-d491-4028-8bb9-25c4215260c7@group-39DCFA677CE1-cacheEviction-AwaitToRun-AwaitForSignal is interrupted
2024-05-10 09:23:09,456 [7c62eaa0-d491-4028-8bb9-25c4215260c7@group-16361C22082A-StateMachineUpdater] INFO  impl.StateMachineUpdater (StateMachineUpdater.java:lambda$new$0(98)) - 7c62eaa0-d491-4028-8bb9-25c4215260c7@group-16361C22082A-StateMachineUpdater: snapshotIndex: updateIncreasingly -1 -> 0
2024-05-10 09:23:09,456 [7c62eaa0-d491-4028-8bb9-25c4215260c7-impl-thread4] INFO  server.RaftServer$Division (ServerState.java:close(427)) - 7c62eaa0-d491-4028-8bb9-25c4215260c7@group-16361C22082A: applyIndex: 0
2024-05-10 09:23:09,456 [7c62eaa0-d491-4028-8bb9-25c4215260c7@group-16361C22082A-cacheEviction-AwaitToRun] INFO  util.AwaitToRun (AwaitToRun.java:run(49)) - 7c62eaa0-d491-4028-8bb9-25c4215260c7@group-16361C22082A-cacheEviction-AwaitToRun-AwaitForSignal is interrupted
2024-05-10 09:23:09,456 [7c62eaa0-d491-4028-8bb9-25c4215260c7-impl-thread2] INFO  impl.StateMachineUpdater (StateMachineUpdater.java:stopAndJoin(157)) - 7c62eaa0-d491-4028-8bb9-25c4215260c7@group-611B1F60644D-StateMachineUpdater: set stopIndex = 7
2024-05-10 09:23:09,456 [7c62eaa0-d491-4028-8bb9-25c4215260c7@group-611B1F60644D-StateMachineUpdater] INFO  ratis.ContainerStateMachine (ContainerStateMachine.java:takeSnapshot(355)) - group-611B1F60644D: Taking a snapshot at:(t:1, i:7) file /home/runner/work/ozone/ozone/hadoop-ozone/integration-test/target/test-dir/MiniOzoneClusterImpl-5c48b7ff-bfdb-407d-b2cb-68403445a4a3/ozone-meta/datanode-1/ratis/464e5225-acc3-40b0-a04e-611b1f60644d/sm/snapshot.1_7
2024-05-10 09:23:09,457 [7c62eaa0-d491-4028-8bb9-25c4215260c7@group-611B1F60644D-StateMachineUpdater] INFO  ratis.ContainerStateMachine (ContainerStateMachine.java:takeSnapshot(366)) - group-611B1F60644D: Finished taking a snapshot at:(t:1, i:7) file:/home/runner/work/ozone/ozone/hadoop-ozone/integration-test/target/test-dir/MiniOzoneClusterImpl-5c48b7ff-bfdb-407d-b2cb-68403445a4a3/ozone-meta/datanode-1/ratis/464e5225-acc3-40b0-a04e-611b1f60644d/sm/snapshot.1_7 took: 0 ms
2024-05-10 09:23:09,457 [7c62eaa0-d491-4028-8bb9-25c4215260c7@group-611B1F60644D-StateMachineUpdater] INFO  impl.StateMachineUpdater (StateMachineUpdater.java:takeSnapshot(295)) - 7c62eaa0-d491-4028-8bb9-25c4215260c7@group-611B1F60644D-StateMachineUpdater: Took a snapshot at index 7
2024-05-10 09:23:09,457 [7c62eaa0-d491-4028-8bb9-25c4215260c7@group-611B1F60644D-StateMachineUpdater] INFO  impl.StateMachineUpdater (StateMachineUpdater.java:lambda$new$0(98)) - 7c62eaa0-d491-4028-8bb9-25c4215260c7@group-611B1F60644D-StateMachineUpdater: snapshotIndex: updateIncreasingly -1 -> 7
2024-05-10 09:23:09,457 [7c62eaa0-d491-4028-8bb9-25c4215260c7-impl-thread2] INFO  server.RaftServer$Division (ServerState.java:close(427)) - 7c62eaa0-d491-4028-8bb9-25c4215260c7@group-611B1F60644D: applyIndex: 7
2024-05-10 09:23:09,457 [7c62eaa0-d491-4028-8bb9-25c4215260c7@group-611B1F60644D-cacheEviction-AwaitToRun] INFO  util.AwaitToRun (AwaitToRun.java:run(49)) - 7c62eaa0-d491-4028-8bb9-25c4215260c7@group-611B1F60644D-cacheEviction-AwaitToRun-AwaitForSignal is interrupted
2024-05-10 09:23:09,458 [Thread-1623] INFO  server.GrpcServerProtocolClient (GrpcServerProtocolClient.java:close(103)) - e260e396-598b-44a7-8564-b51448915afe Close channels
2024-05-10 09:23:09,459 [Thread-1624] INFO  server.GrpcServerProtocolClient (GrpcServerProtocolClient.java:close(103)) - 7ab25875-5f77-45a1-9004-12eab6369d05 Close channels
2024-05-10 09:23:09,459 [grpc-default-executor-6] INFO  server.GrpcServerProtocolService (GrpcServerProtocolService.java:onCompleted(157)) - 7ab25875-5f77-45a1-9004-12eab6369d05: Completed APPEND_ENTRIES, lastRequest: null
2024-05-10 09:23:09,459 [grpc-default-executor-5] INFO  server.GrpcServerProtocolService (GrpcServerProtocolService.java:onCompleted(157)) - 7ab25875-5f77-45a1-9004-12eab6369d05: Completed APPEND_ENTRIES, lastRequest: 7c62eaa0-d491-4028-8bb9-25c4215260c7->7ab25875-5f77-45a1-9004-12eab6369d05#10-t1,previous=(t:1, i:6),leaderCommit=3,initializing? false,entries: size=1, first=(t:1, i:7), METADATAENTRY(c:3)
2024-05-10 09:23:09,459 [grpc-default-executor-5] INFO  server.GrpcServerProtocolService (GrpcServerProtocolService.java:lambda$onCompleted$5(159)) - 7ab25875-5f77-45a1-9004-12eab6369d05: Completed APPEND_ENTRIES, lastReply: null
2024-05-10 09:23:09,460 [grpc-default-executor-6] INFO  server.GrpcServerProtocolService (GrpcServerProtocolService.java:lambda$onCompleted$5(159)) - 7ab25875-5f77-45a1-9004-12eab6369d05: Completed APPEND_ENTRIES, lastReply: serverReply {
  requestorId: "7c62eaa0-d491-4028-8bb9-25c4215260c7"
  replyId: "7ab25875-5f77-45a1-9004-12eab6369d05"
  raftGroupId {
    id: "FNR%\254\303@\260\240Na\033\037`dM"
  }
  callId: 137
  success: true
}
term: 1
nextIndex: 8
followerCommit: 7
matchIndex: 18446744073709551615
isHearbeat: true

2024-05-10 09:23:09,460 [grpc-default-executor-8] INFO  server.GrpcLogAppender (GrpcLogAppender.java:onCompleted(546)) - 7c62eaa0-d491-4028-8bb9-25c4215260c7@group-16361C22082A->7ab25875-5f77-45a1-9004-12eab6369d05-AppendLogResponseHandler: follower responses appendEntries COMPLETED
2024-05-10 09:23:09,460 [grpc-default-executor-8] WARN  server.GrpcLogAppender (GrpcLogAppender.java:resetClient(226)) - 7c62eaa0-d491-4028-8bb9-25c4215260c7@group-16361C22082A->7ab25875-5f77-45a1-9004-12eab6369d05-GrpcLogAppender: Failed to getClient for 7ab25875-5f77-45a1-9004-12eab6369d05
org.apache.ratis.protocol.exceptions.AlreadyClosedException: 7c62eaa0-d491-4028-8bb9-25c4215260c7 is already CLOSED
	at org.apache.ratis.util.PeerProxyMap$PeerAndProxy.getProxy(PeerProxyMap.java:65)
	at org.apache.ratis.util.PeerProxyMap.getProxy(PeerProxyMap.java:114)
	at org.apache.ratis.grpc.server.GrpcLogAppender.getClient(GrpcLogAppender.java:196)
	at org.apache.ratis.grpc.server.GrpcLogAppender.resetClient(GrpcLogAppender.java:201)
	at org.apache.ratis.grpc.server.GrpcLogAppender.access$800(GrpcLogAppender.java:62)
	at org.apache.ratis.grpc.server.GrpcLogAppender$AppendLogResponseHandler.onCompleted(GrpcLogAppender.java:547)
	at org.apache.ratis.thirdparty.io.grpc.stub.ClientCalls$StreamObserverToCallListenerAdapter.onClose(ClientCalls.java:479)
	at org.apache.ratis.thirdparty.io.grpc.internal.ClientCallImpl.closeObserver(ClientCallImpl.java:567)
	at org.apache.ratis.thirdparty.io.grpc.internal.ClientCallImpl.access$300(ClientCallImpl.java:71)
	at org.apache.ratis.thirdparty.io.grpc.internal.ClientCallImpl$ClientStreamListenerImpl$1StreamClosed.runInternal(ClientCallImpl.java:735)
	at org.apache.ratis.thirdparty.io.grpc.internal.ClientCallImpl$ClientStreamListenerImpl$1StreamClosed.runInContext(ClientCallImpl.java:716)
	at org.apache.ratis.thirdparty.io.grpc.internal.ContextRunnable.run(ContextRunnable.java:37)
	at org.apache.ratis.thirdparty.io.grpc.internal.SerializingExecutor.run(SerializingExecutor.java:133)
	at java.base/java.util.concurrent.ThreadPoolExecutor.runWorker(ThreadPoolExecutor.java:1136)
	at java.base/java.util.concurrent.ThreadPoolExecutor$Worker.run(ThreadPoolExecutor.java:635)
	at java.base/java.lang.Thread.run(Thread.java:840)
2024-05-10 09:23:09,460 [grpc-default-executor-2] INFO  server.GrpcServerProtocolService (GrpcServerProtocolService.java:onCompleted(157)) - 7ab25875-5f77-45a1-9004-12eab6369d05: Completed APPEND_ENTRIES, lastRequest: 7c62eaa0-d491-4028-8bb9-25c4215260c7->7ab25875-5f77-45a1-9004-12eab6369d05#1-t2,previous=(t:0, i:0),leaderCommit=-1,initializing? false,entries: size=1, first=(t:2, i:0), CONFIGURATIONENTRY(current:id: "7c62eaa0-d491-4028-8bb9-25c4215260c7"
address: "127.0.0.1:15067"
dataStreamAddress: "127.0.0.1:15068"
clientAddress: "127.0.0.1:15065"
adminAddress: "127.0.0.1:15066"
startupRole: FOLLOWER
,id: "e260e396-598b-44a7-8564-b51448915afe"
address: "127.0.0.1:15085"
priority: 1
dataStreamAddress: "127.0.0.1:15086"
clientAddress: "127.0.0.1:15083"
adminAddress: "127.0.0.1:15084"
startupRole: FOLLOWER
,id: "7ab25875-5f77-45a1-9004-12eab6369d05"
address: "127.0.0.1:15076"
dataStreamAddress: "127.0.0.1:15077"
clientAddress: "127.0.0.1:15074"
adminAddress: "127.0.0.1:15075"
startupRole: FOLLOWER
, old:)
2024-05-10 09:23:09,460 [grpc-default-executor-2] INFO  server.GrpcServerProtocolService (GrpcServerProtocolService.java:lambda$onCompleted$5(159)) - 7ab25875-5f77-45a1-9004-12eab6369d05: Completed APPEND_ENTRIES, lastReply: null
2024-05-10 09:23:09,461 [grpc-default-executor-2] INFO  server.GrpcLogAppender (GrpcLogAppender.java:onCompleted(546)) - 7c62eaa0-d491-4028-8bb9-25c4215260c7@group-611B1F60644D->7ab25875-5f77-45a1-9004-12eab6369d05-AppendLogResponseHandler: follower responses appendEntries COMPLETED
2024-05-10 09:23:09,461 [grpc-default-executor-2] WARN  server.GrpcLogAppender (GrpcLogAppender.java:resetClient(226)) - 7c62eaa0-d491-4028-8bb9-25c4215260c7@group-611B1F60644D->7ab25875-5f77-45a1-9004-12eab6369d05-GrpcLogAppender: Failed to getClient for 7ab25875-5f77-45a1-9004-12eab6369d05
org.apache.ratis.protocol.exceptions.AlreadyClosedException: 7c62eaa0-d491-4028-8bb9-25c4215260c7 is already CLOSED
	at org.apache.ratis.util.PeerProxyMap$PeerAndProxy.getProxy(PeerProxyMap.java:65)
	at org.apache.ratis.util.PeerProxyMap.getProxy(PeerProxyMap.java:114)
	at org.apache.ratis.grpc.server.GrpcLogAppender.getClient(GrpcLogAppender.java:196)
	at org.apache.ratis.grpc.server.GrpcLogAppender.resetClient(GrpcLogAppender.java:201)
	at org.apache.ratis.grpc.server.GrpcLogAppender.access$800(GrpcLogAppender.java:62)
	at org.apache.ratis.grpc.server.GrpcLogAppender$AppendLogResponseHandler.onCompleted(GrpcLogAppender.java:547)
	at org.apache.ratis.thirdparty.io.grpc.stub.ClientCalls$StreamObserverToCallListenerAdapter.onClose(ClientCalls.java:479)
	at org.apache.ratis.thirdparty.io.grpc.internal.ClientCallImpl.closeObserver(ClientCallImpl.java:567)
	at org.apache.ratis.thirdparty.io.grpc.internal.ClientCallImpl.access$300(ClientCallImpl.java:71)
	at org.apache.ratis.thirdparty.io.grpc.internal.ClientCallImpl$ClientStreamListenerImpl$1StreamClosed.runInternal(ClientCallImpl.java:735)
	at org.apache.ratis.thirdparty.io.grpc.internal.ClientCallImpl$ClientStreamListenerImpl$1StreamClosed.runInContext(ClientCallImpl.java:716)
	at org.apache.ratis.thirdparty.io.grpc.internal.ContextRunnable.run(ContextRunnable.java:37)
	at org.apache.ratis.thirdparty.io.grpc.internal.SerializingExecutor.run(SerializingExecutor.java:133)
	at java.base/java.util.concurrent.ThreadPoolExecutor.runWorker(ThreadPoolExecutor.java:1136)
	at java.base/java.util.concurrent.ThreadPoolExecutor$Worker.run(ThreadPoolExecutor.java:635)
	at java.base/java.lang.Thread.run(Thread.java:840)
2024-05-10 09:23:09,461 [grpc-default-executor-2] INFO  server.GrpcLogAppender (GrpcLogAppender.java:onCompleted(546)) - 7c62eaa0-d491-4028-8bb9-25c4215260c7@group-16361C22082A->7ab25875-5f77-45a1-9004-12eab6369d05-AppendLogResponseHandler: follower responses appendEntries COMPLETED
2024-05-10 09:23:09,461 [grpc-default-executor-2] WARN  server.GrpcLogAppender (GrpcLogAppender.java:resetClient(226)) - 7c62eaa0-d491-4028-8bb9-25c4215260c7@group-16361C22082A->7ab25875-5f77-45a1-9004-12eab6369d05-GrpcLogAppender: Failed to getClient for 7ab25875-5f77-45a1-9004-12eab6369d05
org.apache.ratis.protocol.exceptions.AlreadyClosedException: 7c62eaa0-d491-4028-8bb9-25c4215260c7 is already CLOSED
	at org.apache.ratis.util.PeerProxyMap$PeerAndProxy.getProxy(PeerProxyMap.java:65)
	at org.apache.ratis.util.PeerProxyMap.getProxy(PeerProxyMap.java:114)
	at org.apache.ratis.grpc.server.GrpcLogAppender.getClient(GrpcLogAppender.java:196)
	at org.apache.ratis.grpc.server.GrpcLogAppender.resetClient(GrpcLogAppender.java:201)
	at org.apache.ratis.grpc.server.GrpcLogAppender.access$800(GrpcLogAppender.java:62)
	at org.apache.ratis.grpc.server.GrpcLogAppender$AppendLogResponseHandler.onCompleted(GrpcLogAppender.java:547)
	at org.apache.ratis.thirdparty.io.grpc.stub.ClientCalls$StreamObserverToCallListenerAdapter.onClose(ClientCalls.java:479)
	at org.apache.ratis.thirdparty.io.grpc.internal.ClientCallImpl.closeObserver(ClientCallImpl.java:567)
	at org.apache.ratis.thirdparty.io.grpc.internal.ClientCallImpl.access$300(ClientCallImpl.java:71)
	at org.apache.ratis.thirdparty.io.grpc.internal.ClientCallImpl$ClientStreamListenerImpl$1StreamClosed.runInternal(ClientCallImpl.java:735)
	at org.apache.ratis.thirdparty.io.grpc.internal.ClientCallImpl$ClientStreamListenerImpl$1StreamClosed.runInContext(ClientCallImpl.java:716)
	at org.apache.ratis.thirdparty.io.grpc.internal.ContextRunnable.run(ContextRunnable.java:37)
	at org.apache.ratis.thirdparty.io.grpc.internal.SerializingExecutor.run(SerializingExecutor.java:133)
	at java.base/java.util.concurrent.ThreadPoolExecutor.runWorker(ThreadPoolExecutor.java:1136)
	at java.base/java.util.concurrent.ThreadPoolExecutor$Worker.run(ThreadPoolExecutor.java:635)
	at java.base/java.lang.Thread.run(Thread.java:840)
2024-05-10 09:23:09,462 [grpc-default-executor-9] INFO  server.GrpcLogAppender (GrpcLogAppender.java:onCompleted(546)) - 7c62eaa0-d491-4028-8bb9-25c4215260c7@group-611B1F60644D->7ab25875-5f77-45a1-9004-12eab6369d05-AppendLogResponseHandler: follower responses appendEntries COMPLETED
2024-05-10 09:23:09,462 [grpc-default-executor-9] WARN  server.GrpcLogAppender (GrpcLogAppender.java:resetClient(226)) - 7c62eaa0-d491-4028-8bb9-25c4215260c7@group-611B1F60644D->7ab25875-5f77-45a1-9004-12eab6369d05-GrpcLogAppender: Failed to getClient for 7ab25875-5f77-45a1-9004-12eab6369d05
org.apache.ratis.protocol.exceptions.AlreadyClosedException: 7c62eaa0-d491-4028-8bb9-25c4215260c7 is already CLOSED
	at org.apache.ratis.util.PeerProxyMap$PeerAndProxy.getProxy(PeerProxyMap.java:65)
	at org.apache.ratis.util.PeerProxyMap.getProxy(PeerProxyMap.java:114)
	at org.apache.ratis.grpc.server.GrpcLogAppender.getClient(GrpcLogAppender.java:196)
	at org.apache.ratis.grpc.server.GrpcLogAppender.resetClient(GrpcLogAppender.java:201)
	at org.apache.ratis.grpc.server.GrpcLogAppender.access$800(GrpcLogAppender.java:62)
	at org.apache.ratis.grpc.server.GrpcLogAppender$AppendLogResponseHandler.onCompleted(GrpcLogAppender.java:547)
	at org.apache.ratis.thirdparty.io.grpc.stub.ClientCalls$StreamObserverToCallListenerAdapter.onClose(ClientCalls.java:479)
	at org.apache.ratis.thirdparty.io.grpc.internal.DelayedClientCall$DelayedListener$3.run(DelayedClientCall.java:489)
	at org.apache.ratis.thirdparty.io.grpc.internal.DelayedClientCall$DelayedListener.delayOrExecute(DelayedClientCall.java:453)
	at org.apache.ratis.thirdparty.io.grpc.internal.DelayedClientCall$DelayedListener.onClose(DelayedClientCall.java:486)
	at org.apache.ratis.thirdparty.io.grpc.internal.ClientCallImpl.closeObserver(ClientCallImpl.java:567)
	at org.apache.ratis.thirdparty.io.grpc.internal.ClientCallImpl.access$300(ClientCallImpl.java:71)
	at org.apache.ratis.thirdparty.io.grpc.internal.ClientCallImpl$ClientStreamListenerImpl$1StreamClosed.runInternal(ClientCallImpl.java:735)
	at org.apache.ratis.thirdparty.io.grpc.internal.ClientCallImpl$ClientStreamListenerImpl$1StreamClosed.runInContext(ClientCallImpl.java:716)
	at org.apache.ratis.thirdparty.io.grpc.internal.ContextRunnable.run(ContextRunnable.java:37)
	at org.apache.ratis.thirdparty.io.grpc.internal.SerializingExecutor.run(SerializingExecutor.java:133)
	at java.base/java.util.concurrent.ThreadPoolExecutor.runWorker(ThreadPoolExecutor.java:1136)
	at java.base/java.util.concurrent.ThreadPoolExecutor$Worker.run(ThreadPoolExecutor.java:635)
	at java.base/java.lang.Thread.run(Thread.java:840)
2024-05-10 09:23:09,463 [main] INFO  server.GrpcService (GrpcService.java:closeImpl(320)) - 7c62eaa0-d491-4028-8bb9-25c4215260c7: shutdown server org.apache.ratis.grpc.server.GrpcClientProtocolService successfully
2024-05-10 09:23:09,463 [main] INFO  server.GrpcService (GrpcService.java:closeImpl(311)) - 7c62eaa0-d491-4028-8bb9-25c4215260c7: shutdown server GrpcServerProtocolService now
2024-05-10 09:23:09,464 [main] INFO  server.GrpcService (GrpcService.java:closeImpl(320)) - 7c62eaa0-d491-4028-8bb9-25c4215260c7: shutdown server GrpcServerProtocolService successfully
2024-05-10 09:23:09,464 [main] INFO  server.GrpcService (GrpcService.java:closeImpl(311)) - 7c62eaa0-d491-4028-8bb9-25c4215260c7: shutdown server org.apache.ratis.grpc.server.GrpcAdminProtocolService now
2024-05-10 09:23:09,466 [main] INFO  server.GrpcService (GrpcService.java:closeImpl(320)) - 7c62eaa0-d491-4028-8bb9-25c4215260c7: shutdown server org.apache.ratis.grpc.server.GrpcAdminProtocolService successfully
2024-05-10 09:23:09,469 [7c62eaa0-d491-4028-8bb9-25c4215260c7-NettyServerStreamRpc-bossGroup--thread1] INFO  logging.LoggingHandler (AbstractInternalLogger.java:log(148)) - [id: 0x7c40ae84, L:/0.0.0.0:15068] CLOSE
2024-05-10 09:23:09,469 [7c62eaa0-d491-4028-8bb9-25c4215260c7-NettyServerStreamRpc-bossGroup--thread1] INFO  logging.LoggingHandler (AbstractInternalLogger.java:log(148)) - [id: 0x7c40ae84, L:/0.0.0.0:15068] INACTIVE
2024-05-10 09:23:09,469 [7c62eaa0-d491-4028-8bb9-25c4215260c7-NettyServerStreamRpc-bossGroup--thread1] INFO  logging.LoggingHandler (AbstractInternalLogger.java:log(148)) - [id: 0x7c40ae84, L:/0.0.0.0:15068] UNREGISTERED
2024-05-10 09:23:09,523 [7c62eaa0-d491-4028-8bb9-25c4215260c7-impl-thread2] INFO  segmented.SegmentedRaftLogWorker (SegmentedRaftLogWorker.java:close(245)) - 7c62eaa0-d491-4028-8bb9-25c4215260c7@group-611B1F60644D-SegmentedRaftLogWorker close()
2024-05-10 09:23:09,696 [7c62eaa0-d491-4028-8bb9-25c4215260c7-impl-thread4] INFO  segmented.SegmentedRaftLogWorker (SegmentedRaftLogWorker.java:close(245)) - 7c62eaa0-d491-4028-8bb9-25c4215260c7@group-16361C22082A-SegmentedRaftLogWorker close()
2024-05-10 09:23:10,372 [7c62eaa0-d491-4028-8bb9-25c4215260c7-impl-thread3] INFO  segmented.SegmentedRaftLogWorker (SegmentedRaftLogWorker.java:close(245)) - 7c62eaa0-d491-4028-8bb9-25c4215260c7@group-39DCFA677CE1-SegmentedRaftLogWorker close()
2024-05-10 09:23:10,372 [JvmPauseMonitor9] INFO  util.JvmPauseMonitor (JvmPauseMonitor.java:run(152)) - JvmPauseMonitor-7c62eaa0-d491-4028-8bb9-25c4215260c7: Stopped
2024-05-10 09:23:12,375 [main] INFO  utils.DatanodeStoreCache (DatanodeStoreCache.java:shutdownCache(116)) - Skip clearing cache in mini cluster mode. Entries left: [/home/runner/work/ozone/ozone/hadoop-ozone/integration-test/target/test-dir/MiniOzoneClusterImpl-5c48b7ff-bfdb-407d-b2cb-68403445a4a3/ozone-meta/datanode-1/data-0/hdds/5c48b7ff-bfdb-407d-b2cb-68403445a4a3/DS-5e8c474a-85e1-4a5b-9a49-5f03f0092ff1/container.db, /home/runner/work/ozone/ozone/hadoop-ozone/integration-test/target/test-dir/MiniOzoneClusterImpl-5c48b7ff-bfdb-407d-b2cb-68403445a4a3/ozone-meta/datanode-2/data-0/hdds/5c48b7ff-bfdb-407d-b2cb-68403445a4a3/DS-d49ff403-e605-4945-9855-ba615bd937aa/container.db, /home/runner/work/ozone/ozone/hadoop-ozone/integration-test/target/test-dir/MiniOzoneClusterImpl-5c48b7ff-bfdb-407d-b2cb-68403445a4a3/ozone-meta/datanode-4/data-0/hdds/5c48b7ff-bfdb-407d-b2cb-68403445a4a3/DS-83da2910-d8c9-48b2-ada7-71cdaa5a1d6b/container.db, /home/runner/work/ozone/ozone/hadoop-ozone/integration-test/target/test-dir/MiniOzoneClusterImpl-5c48b7ff-bfdb-407d-b2cb-68403445a4a3/ozone-meta/datanode-5/data-0/hdds/5c48b7ff-bfdb-407d-b2cb-68403445a4a3/DS-a1d0fefa-a44a-408a-a0ed-6b07ef7e3f8e/container.db]
2024-05-10 09:23:12,376 [main] INFO  utils.DatanodeStoreCache (DatanodeStoreCache.java:removeDB(110)) - Removed db /home/runner/work/ozone/ozone/hadoop-ozone/integration-test/target/test-dir/MiniOzoneClusterImpl-5c48b7ff-bfdb-407d-b2cb-68403445a4a3/ozone-meta/datanode-1/data-0/hdds/5c48b7ff-bfdb-407d-b2cb-68403445a4a3/DS-5e8c474a-85e1-4a5b-9a49-5f03f0092ff1/container.db from cache
2024-05-10 09:23:12,376 [main] INFO  volume.HddsVolume (HddsVolume.java:closeDbStore(470)) - SchemaV3 db is stopped at /home/runner/work/ozone/ozone/hadoop-ozone/integration-test/target/test-dir/MiniOzoneClusterImpl-5c48b7ff-bfdb-407d-b2cb-68403445a4a3/ozone-meta/datanode-1/data-0/hdds/5c48b7ff-bfdb-407d-b2cb-68403445a4a3/DS-5e8c474a-85e1-4a5b-9a49-5f03f0092ff1/container.db for volume DS-5e8c474a-85e1-4a5b-9a49-5f03f0092ff1
2024-05-10 09:23:12,376 [main] INFO  utils.BackgroundService (BackgroundService.java:shutdown(160)) - Shutting down service BlockDeletingService
2024-05-10 09:23:12,376 [main] INFO  utils.BackgroundService (BackgroundService.java:shutdown(160)) - Shutting down service StaleRecoveringContainerScrubbingService
2024-05-10 09:23:12,377 [main] INFO  statemachine.DatanodeStateMachine (DatanodeStateMachine.java:stopDaemon(638)) - Ozone container server stopped.
2024-05-10 09:23:12,378 [main] INFO  handler.ContextHandler (ContextHandler.java:doStop(1159)) - Stopped o.e.j.w.WebAppContext@151cbba4{hddsDatanode,/,null,STOPPED}{file:/home/runner/work/ozone/ozone/hadoop-hdds/container-service/target/classes/webapps/hddsDatanode}
2024-05-10 09:23:12,378 [main] INFO  server.AbstractConnector (AbstractConnector.java:doStop(383)) - Stopped ServerConnector@ff18823{HTTP/1.1, (http/1.1)}{0.0.0.0:15062}
2024-05-10 09:23:12,378 [main] INFO  server.session (HouseKeeper.java:stopScavenging(149)) - node0 Stopped scavenging
2024-05-10 09:23:12,378 [main] INFO  handler.ContextHandler (ContextHandler.java:doStop(1159)) - Stopped o.e.j.s.ServletContextHandler@abe3a3{static,/static,file:///home/runner/work/ozone/ozone/hadoop-hdds/container-service/target/classes/webapps/static,STOPPED}
2024-05-10 09:23:12,379 [main] INFO  handler.ContextHandler (ContextHandler.java:doStop(1159)) - Stopped o.e.j.s.ServletContextHandler@7d7a0e06{logs,/logs,file:///home/runner/work/ozone/ozone/hadoop-ozone/integration-test/target/log,STOPPED}
2024-05-10 09:23:12,379 [main] INFO  ozone.HddsDatanodeClientProtocolServer (HddsDatanodeClientProtocolServer.java:stop(83)) - Stopping the RPC server for Client Protocol
2024-05-10 09:23:12,379 [main] INFO  ipc.Server (Server.java:stop(3523)) - Stopping server on 15063
2024-05-10 09:23:12,380 [IPC Server Responder] INFO  ipc.Server (Server.java:run(1567)) - Stopping IPC Server Responder
2024-05-10 09:23:12,380 [IPC Server listener on 15063] INFO  ipc.Server (Server.java:run(1434)) - Stopping IPC Server listener on 15063
2024-05-10 09:23:15,613 [7ab25875-5f77-45a1-9004-12eab6369d05@group-611B1F60644D-FollowerState] INFO  impl.FollowerState (FollowerState.java:run(143)) - 7ab25875-5f77-45a1-9004-12eab6369d05@group-611B1F60644D-FollowerState: change to CANDIDATE, lastRpcElapsedTime:8386186444ns, electionTimeout:5142ms
2024-05-10 09:23:15,613 [7ab25875-5f77-45a1-9004-12eab6369d05@group-611B1F60644D-FollowerState] INFO  impl.RoleInfo (RoleInfo.java:shutdownFollowerState(110)) - 7ab25875-5f77-45a1-9004-12eab6369d05: shutdown 7ab25875-5f77-45a1-9004-12eab6369d05@group-611B1F60644D-FollowerState
2024-05-10 09:23:15,613 [7ab25875-5f77-45a1-9004-12eab6369d05@group-611B1F60644D-FollowerState] INFO  server.RaftServer$Division (RaftServerImpl.java:setRole(383)) - 7ab25875-5f77-45a1-9004-12eab6369d05@group-611B1F60644D: changes role from  FOLLOWER to CANDIDATE at term 1 for changeToCandidate
2024-05-10 09:23:15,613 [7ab25875-5f77-45a1-9004-12eab6369d05@group-611B1F60644D-FollowerState] INFO  server.RaftServerConfigKeys (ConfUtils.java:logGet(46)) - raft.server.leaderelection.pre-vote = true (default)
2024-05-10 09:23:15,613 [7ab25875-5f77-45a1-9004-12eab6369d05@group-611B1F60644D-FollowerState] INFO  impl.RoleInfo (RoleInfo.java:updateAndGet(139)) - 7ab25875-5f77-45a1-9004-12eab6369d05: start 7ab25875-5f77-45a1-9004-12eab6369d05@group-611B1F60644D-LeaderElection21
2024-05-10 09:23:15,614 [7ab25875-5f77-45a1-9004-12eab6369d05@group-611B1F60644D-LeaderElection21] INFO  server.RaftServer$Division (ServerState.java:setLeader(269)) - 7ab25875-5f77-45a1-9004-12eab6369d05@group-611B1F60644D: change Leader from 7c62eaa0-d491-4028-8bb9-25c4215260c7 to null at term 1 for PRE_VOTE
2024-05-10 09:23:15,614 [7ab25875-5f77-45a1-9004-12eab6369d05@group-611B1F60644D-LeaderElection21] INFO  impl.LeaderElection (LeaderElection.java:askForVotes(321)) - 7ab25875-5f77-45a1-9004-12eab6369d05@group-611B1F60644D-LeaderElection21 PRE_VOTE round 0: submit vote requests at term 1 for 0: peers:[7c62eaa0-d491-4028-8bb9-25c4215260c7|127.0.0.1:15067, e260e396-598b-44a7-8564-b51448915afe|127.0.0.1:15085, 7ab25875-5f77-45a1-9004-12eab6369d05|127.0.0.1:15076]|listeners:[], old=null
2024-05-10 09:23:15,614 [7ab25875-5f77-45a1-9004-12eab6369d05@group-611B1F60644D-LeaderElection21-1] INFO  server.GrpcServerProtocolClient (GrpcServerProtocolClient.java:<init>(65)) - Build channel for 7c62eaa0-d491-4028-8bb9-25c4215260c7|127.0.0.1:15067
2024-05-10 09:23:15,614 [7ab25875-5f77-45a1-9004-12eab6369d05@group-611B1F60644D-LeaderElection21-2] INFO  server.GrpcServerProtocolClient (GrpcServerProtocolClient.java:<init>(65)) - Build channel for e260e396-598b-44a7-8564-b51448915afe|127.0.0.1:15085
2024-05-10 09:23:15,617 [7ab25875-5f77-45a1-9004-12eab6369d05@group-611B1F60644D-LeaderElection21] INFO  impl.LeaderElection (LogUtils.java:infoOrTrace(136)) - 7ab25875-5f77-45a1-9004-12eab6369d05@group-611B1F60644D-LeaderElection21 got exception when requesting votes: java.util.concurrent.ExecutionException: org.apache.ratis.thirdparty.io.grpc.StatusRuntimeException: UNAVAILABLE: io exception
2024-05-10 09:23:15,617 [7ab25875-5f77-45a1-9004-12eab6369d05@group-611B1F60644D-LeaderElection21] INFO  impl.LeaderElection (LogUtils.java:infoOrTrace(136)) - 7ab25875-5f77-45a1-9004-12eab6369d05@group-611B1F60644D-LeaderElection21 got exception when requesting votes: java.util.concurrent.ExecutionException: org.apache.ratis.thirdparty.io.grpc.StatusRuntimeException: UNAVAILABLE: io exception
2024-05-10 09:23:15,617 [7ab25875-5f77-45a1-9004-12eab6369d05@group-611B1F60644D-LeaderElection21] INFO  impl.LeaderElection (LeaderElection.java:logAndReturn(89)) - 7ab25875-5f77-45a1-9004-12eab6369d05@group-611B1F60644D-LeaderElection21: PRE_VOTE REJECTED received 0 response(s) and 2 exception(s):
2024-05-10 09:23:15,617 [7ab25875-5f77-45a1-9004-12eab6369d05@group-611B1F60644D-LeaderElection21] INFO  impl.LeaderElection (LogUtils.java:infoOrTrace(136)) -   Exception 0: java.util.concurrent.ExecutionException: org.apache.ratis.thirdparty.io.grpc.StatusRuntimeException: UNAVAILABLE: io exception
2024-05-10 09:23:15,617 [7ab25875-5f77-45a1-9004-12eab6369d05@group-611B1F60644D-LeaderElection21] INFO  impl.LeaderElection (LogUtils.java:infoOrTrace(136)) -   Exception 1: java.util.concurrent.ExecutionException: org.apache.ratis.thirdparty.io.grpc.StatusRuntimeException: UNAVAILABLE: io exception
2024-05-10 09:23:15,617 [7ab25875-5f77-45a1-9004-12eab6369d05@group-611B1F60644D-LeaderElection21] INFO  impl.LeaderElection (LeaderElection.java:askForVotes(323)) - 7ab25875-5f77-45a1-9004-12eab6369d05@group-611B1F60644D-LeaderElection21 PRE_VOTE round 0: result REJECTED
2024-05-10 09:23:15,617 [7ab25875-5f77-45a1-9004-12eab6369d05@group-611B1F60644D-LeaderElection21] INFO  server.RaftServer$Division (RaftServerImpl.java:setRole(383)) - 7ab25875-5f77-45a1-9004-12eab6369d05@group-611B1F60644D: changes role from CANDIDATE to FOLLOWER at term 1 for REJECTED
2024-05-10 09:23:15,617 [7ab25875-5f77-45a1-9004-12eab6369d05@group-611B1F60644D-LeaderElection21] INFO  impl.RoleInfo (RoleInfo.java:shutdownLeaderElection(130)) - 7ab25875-5f77-45a1-9004-12eab6369d05: shutdown 7ab25875-5f77-45a1-9004-12eab6369d05@group-611B1F60644D-LeaderElection21
2024-05-10 09:23:15,618 [7ab25875-5f77-45a1-9004-12eab6369d05@group-611B1F60644D-LeaderElection21] INFO  impl.RoleInfo (RoleInfo.java:updateAndGet(139)) - 7ab25875-5f77-45a1-9004-12eab6369d05: start 7ab25875-5f77-45a1-9004-12eab6369d05@group-611B1F60644D-FollowerState
2024-05-10 09:23:15,649 [7ab25875-5f77-45a1-9004-12eab6369d05@group-16361C22082A-FollowerState] INFO  impl.FollowerState (FollowerState.java:run(143)) - 7ab25875-5f77-45a1-9004-12eab6369d05@group-16361C22082A-FollowerState: change to CANDIDATE, lastRpcElapsedTime:8266342702ns, electionTimeout:5040ms
2024-05-10 09:23:15,649 [7ab25875-5f77-45a1-9004-12eab6369d05@group-16361C22082A-FollowerState] INFO  impl.RoleInfo (RoleInfo.java:shutdownFollowerState(110)) - 7ab25875-5f77-45a1-9004-12eab6369d05: shutdown 7ab25875-5f77-45a1-9004-12eab6369d05@group-16361C22082A-FollowerState
2024-05-10 09:23:15,649 [7ab25875-5f77-45a1-9004-12eab6369d05@group-16361C22082A-FollowerState] INFO  server.RaftServer$Division (RaftServerImpl.java:setRole(383)) - 7ab25875-5f77-45a1-9004-12eab6369d05@group-16361C22082A: changes role from  FOLLOWER to CANDIDATE at term 2 for changeToCandidate
2024-05-10 09:23:15,649 [7ab25875-5f77-45a1-9004-12eab6369d05@group-16361C22082A-FollowerState] INFO  server.RaftServerConfigKeys (ConfUtils.java:logGet(46)) - raft.server.leaderelection.pre-vote = true (default)
2024-05-10 09:23:15,649 [7ab25875-5f77-45a1-9004-12eab6369d05@group-16361C22082A-FollowerState] INFO  impl.RoleInfo (RoleInfo.java:updateAndGet(139)) - 7ab25875-5f77-45a1-9004-12eab6369d05: start 7ab25875-5f77-45a1-9004-12eab6369d05@group-16361C22082A-LeaderElection22
2024-05-10 09:23:15,649 [7ab25875-5f77-45a1-9004-12eab6369d05@group-16361C22082A-LeaderElection22] INFO  server.RaftServer$Division (ServerState.java:setLeader(269)) - 7ab25875-5f77-45a1-9004-12eab6369d05@group-16361C22082A: change Leader from 7c62eaa0-d491-4028-8bb9-25c4215260c7 to null at term 2 for PRE_VOTE
2024-05-10 09:23:15,650 [7ab25875-5f77-45a1-9004-12eab6369d05@group-16361C22082A-LeaderElection22] INFO  impl.LeaderElection (LeaderElection.java:askForVotes(321)) - 7ab25875-5f77-45a1-9004-12eab6369d05@group-16361C22082A-LeaderElection22 PRE_VOTE round 0: submit vote requests at term 2 for 0: peers:[7c62eaa0-d491-4028-8bb9-25c4215260c7|127.0.0.1:15067, e260e396-598b-44a7-8564-b51448915afe|127.0.0.1:15085, 7ab25875-5f77-45a1-9004-12eab6369d05|127.0.0.1:15076]|listeners:[], old=null
2024-05-10 09:23:15,650 [7ab25875-5f77-45a1-9004-12eab6369d05@group-16361C22082A-LeaderElection22] INFO  impl.LeaderElection (LogUtils.java:infoOrTrace(136)) - 7ab25875-5f77-45a1-9004-12eab6369d05@group-16361C22082A-LeaderElection22 got exception when requesting votes: java.util.concurrent.ExecutionException: org.apache.ratis.thirdparty.io.grpc.StatusRuntimeException: UNAVAILABLE: io exception
2024-05-10 09:23:15,650 [7ab25875-5f77-45a1-9004-12eab6369d05@group-16361C22082A-LeaderElection22] INFO  impl.LeaderElection (LogUtils.java:infoOrTrace(136)) - 7ab25875-5f77-45a1-9004-12eab6369d05@group-16361C22082A-LeaderElection22 got exception when requesting votes: java.util.concurrent.ExecutionException: org.apache.ratis.thirdparty.io.grpc.StatusRuntimeException: UNAVAILABLE: io exception
2024-05-10 09:23:15,650 [7ab25875-5f77-45a1-9004-12eab6369d05@group-16361C22082A-LeaderElection22] INFO  impl.LeaderElection (LeaderElection.java:logAndReturn(89)) - 7ab25875-5f77-45a1-9004-12eab6369d05@group-16361C22082A-LeaderElection22: PRE_VOTE REJECTED received 0 response(s) and 2 exception(s):
2024-05-10 09:23:15,650 [7ab25875-5f77-45a1-9004-12eab6369d05@group-16361C22082A-LeaderElection22] INFO  impl.LeaderElection (LogUtils.java:infoOrTrace(136)) -   Exception 0: java.util.concurrent.ExecutionException: org.apache.ratis.thirdparty.io.grpc.StatusRuntimeException: UNAVAILABLE: io exception
2024-05-10 09:23:15,650 [7ab25875-5f77-45a1-9004-12eab6369d05@group-16361C22082A-LeaderElection22] INFO  impl.LeaderElection (LogUtils.java:infoOrTrace(136)) -   Exception 1: java.util.concurrent.ExecutionException: org.apache.ratis.thirdparty.io.grpc.StatusRuntimeException: UNAVAILABLE: io exception
2024-05-10 09:23:15,650 [7ab25875-5f77-45a1-9004-12eab6369d05@group-16361C22082A-LeaderElection22] INFO  impl.LeaderElection (LeaderElection.java:askForVotes(323)) - 7ab25875-5f77-45a1-9004-12eab6369d05@group-16361C22082A-LeaderElection22 PRE_VOTE round 0: result REJECTED
2024-05-10 09:23:15,650 [7ab25875-5f77-45a1-9004-12eab6369d05@group-16361C22082A-LeaderElection22] INFO  server.RaftServer$Division (RaftServerImpl.java:setRole(383)) - 7ab25875-5f77-45a1-9004-12eab6369d05@group-16361C22082A: changes role from CANDIDATE to FOLLOWER at term 2 for REJECTED
2024-05-10 09:23:15,651 [7ab25875-5f77-45a1-9004-12eab6369d05@group-16361C22082A-LeaderElection22] INFO  impl.RoleInfo (RoleInfo.java:shutdownLeaderElection(130)) - 7ab25875-5f77-45a1-9004-12eab6369d05: shutdown 7ab25875-5f77-45a1-9004-12eab6369d05@group-16361C22082A-LeaderElection22
2024-05-10 09:23:15,651 [7ab25875-5f77-45a1-9004-12eab6369d05@group-16361C22082A-LeaderElection22] INFO  impl.RoleInfo (RoleInfo.java:updateAndGet(139)) - 7ab25875-5f77-45a1-9004-12eab6369d05: start 7ab25875-5f77-45a1-9004-12eab6369d05@group-16361C22082A-FollowerState
2024-05-10 09:23:20,696 [7ab25875-5f77-45a1-9004-12eab6369d05@group-611B1F60644D-FollowerState] INFO  impl.FollowerState (FollowerState.java:run(143)) - 7ab25875-5f77-45a1-9004-12eab6369d05@group-611B1F60644D-FollowerState: change to CANDIDATE, lastRpcElapsedTime:5078380360ns, electionTimeout:5078ms
2024-05-10 09:23:20,696 [7ab25875-5f77-45a1-9004-12eab6369d05@group-611B1F60644D-FollowerState] INFO  impl.RoleInfo (RoleInfo.java:shutdownFollowerState(110)) - 7ab25875-5f77-45a1-9004-12eab6369d05: shutdown 7ab25875-5f77-45a1-9004-12eab6369d05@group-611B1F60644D-FollowerState
2024-05-10 09:23:20,696 [7ab25875-5f77-45a1-9004-12eab6369d05@group-611B1F60644D-FollowerState] INFO  server.RaftServer$Division (RaftServerImpl.java:setRole(383)) - 7ab25875-5f77-45a1-9004-12eab6369d05@group-611B1F60644D: changes role from  FOLLOWER to CANDIDATE at term 1 for changeToCandidate
2024-05-10 09:23:20,696 [7ab25875-5f77-45a1-9004-12eab6369d05@group-611B1F60644D-FollowerState] INFO  server.RaftServerConfigKeys (ConfUtils.java:logGet(46)) - raft.server.leaderelection.pre-vote = true (default)
2024-05-10 09:23:20,696 [7ab25875-5f77-45a1-9004-12eab6369d05@group-611B1F60644D-FollowerState] INFO  impl.RoleInfo (RoleInfo.java:updateAndGet(139)) - 7ab25875-5f77-45a1-9004-12eab6369d05: start 7ab25875-5f77-45a1-9004-12eab6369d05@group-611B1F60644D-LeaderElection23
2024-05-10 09:23:20,697 [7ab25875-5f77-45a1-9004-12eab6369d05@group-611B1F60644D-LeaderElection23] INFO  impl.LeaderElection (LeaderElection.java:askForVotes(321)) - 7ab25875-5f77-45a1-9004-12eab6369d05@group-611B1F60644D-LeaderElection23 PRE_VOTE round 0: submit vote requests at term 1 for 0: peers:[7c62eaa0-d491-4028-8bb9-25c4215260c7|127.0.0.1:15067, e260e396-598b-44a7-8564-b51448915afe|127.0.0.1:15085, 7ab25875-5f77-45a1-9004-12eab6369d05|127.0.0.1:15076]|listeners:[], old=null
2024-05-10 09:23:20,697 [7ab25875-5f77-45a1-9004-12eab6369d05@group-611B1F60644D-LeaderElection23] INFO  impl.LeaderElection (LogUtils.java:infoOrTrace(136)) - 7ab25875-5f77-45a1-9004-12eab6369d05@group-611B1F60644D-LeaderElection23 got exception when requesting votes: java.util.concurrent.ExecutionException: org.apache.ratis.thirdparty.io.grpc.StatusRuntimeException: UNAVAILABLE: io exception
2024-05-10 09:23:20,697 [7ab25875-5f77-45a1-9004-12eab6369d05@group-611B1F60644D-LeaderElection23] INFO  impl.LeaderElection (LogUtils.java:infoOrTrace(136)) - 7ab25875-5f77-45a1-9004-12eab6369d05@group-611B1F60644D-LeaderElection23 got exception when requesting votes: java.util.concurrent.ExecutionException: org.apache.ratis.thirdparty.io.grpc.StatusRuntimeException: UNAVAILABLE: io exception
2024-05-10 09:23:20,698 [7ab25875-5f77-45a1-9004-12eab6369d05@group-611B1F60644D-LeaderElection23] INFO  impl.LeaderElection (LeaderElection.java:logAndReturn(89)) - 7ab25875-5f77-45a1-9004-12eab6369d05@group-611B1F60644D-LeaderElection23: PRE_VOTE REJECTED received 0 response(s) and 2 exception(s):
2024-05-10 09:23:20,698 [7ab25875-5f77-45a1-9004-12eab6369d05@group-611B1F60644D-LeaderElection23] INFO  impl.LeaderElection (LogUtils.java:infoOrTrace(136)) -   Exception 0: java.util.concurrent.ExecutionException: org.apache.ratis.thirdparty.io.grpc.StatusRuntimeException: UNAVAILABLE: io exception
2024-05-10 09:23:20,698 [7ab25875-5f77-45a1-9004-12eab6369d05@group-611B1F60644D-LeaderElection23] INFO  impl.LeaderElection (LogUtils.java:infoOrTrace(136)) -   Exception 1: java.util.concurrent.ExecutionException: org.apache.ratis.thirdparty.io.grpc.StatusRuntimeException: UNAVAILABLE: io exception
2024-05-10 09:23:20,698 [7ab25875-5f77-45a1-9004-12eab6369d05@group-611B1F60644D-LeaderElection23] INFO  impl.LeaderElection (LeaderElection.java:askForVotes(323)) - 7ab25875-5f77-45a1-9004-12eab6369d05@group-611B1F60644D-LeaderElection23 PRE_VOTE round 0: result REJECTED
2024-05-10 09:23:20,698 [7ab25875-5f77-45a1-9004-12eab6369d05@group-611B1F60644D-LeaderElection23] INFO  server.RaftServer$Division (RaftServerImpl.java:setRole(383)) - 7ab25875-5f77-45a1-9004-12eab6369d05@group-611B1F60644D: changes role from CANDIDATE to FOLLOWER at term 1 for REJECTED
2024-05-10 09:23:20,698 [7ab25875-5f77-45a1-9004-12eab6369d05@group-611B1F60644D-LeaderElection23] INFO  impl.RoleInfo (RoleInfo.java:shutdownLeaderElection(130)) - 7ab25875-5f77-45a1-9004-12eab6369d05: shutdown 7ab25875-5f77-45a1-9004-12eab6369d05@group-611B1F60644D-LeaderElection23
2024-05-10 09:23:20,698 [7ab25875-5f77-45a1-9004-12eab6369d05@group-611B1F60644D-LeaderElection23] INFO  impl.RoleInfo (RoleInfo.java:updateAndGet(139)) - 7ab25875-5f77-45a1-9004-12eab6369d05: start 7ab25875-5f77-45a1-9004-12eab6369d05@group-611B1F60644D-FollowerState
2024-05-10 09:23:20,745 [7ab25875-5f77-45a1-9004-12eab6369d05@group-16361C22082A-FollowerState] INFO  impl.FollowerState (FollowerState.java:run(143)) - 7ab25875-5f77-45a1-9004-12eab6369d05@group-16361C22082A-FollowerState: change to CANDIDATE, lastRpcElapsedTime:5094252555ns, electionTimeout:5094ms
2024-05-10 09:23:20,745 [7ab25875-5f77-45a1-9004-12eab6369d05@group-16361C22082A-FollowerState] INFO  impl.RoleInfo (RoleInfo.java:shutdownFollowerState(110)) - 7ab25875-5f77-45a1-9004-12eab6369d05: shutdown 7ab25875-5f77-45a1-9004-12eab6369d05@group-16361C22082A-FollowerState
2024-05-10 09:23:20,745 [7ab25875-5f77-45a1-9004-12eab6369d05@group-16361C22082A-FollowerState] INFO  server.RaftServer$Division (RaftServerImpl.java:setRole(383)) - 7ab25875-5f77-45a1-9004-12eab6369d05@group-16361C22082A: changes role from  FOLLOWER to CANDIDATE at term 2 for changeToCandidate
2024-05-10 09:23:20,745 [7ab25875-5f77-45a1-9004-12eab6369d05@group-16361C22082A-FollowerState] INFO  server.RaftServerConfigKeys (ConfUtils.java:logGet(46)) - raft.server.leaderelection.pre-vote = true (default)
2024-05-10 09:23:20,745 [7ab25875-5f77-45a1-9004-12eab6369d05@group-16361C22082A-FollowerState] INFO  impl.RoleInfo (RoleInfo.java:updateAndGet(139)) - 7ab25875-5f77-45a1-9004-12eab6369d05: start 7ab25875-5f77-45a1-9004-12eab6369d05@group-16361C22082A-LeaderElection24
2024-05-10 09:23:20,746 [7ab25875-5f77-45a1-9004-12eab6369d05@group-16361C22082A-LeaderElection24] INFO  impl.LeaderElection (LeaderElection.java:askForVotes(321)) - 7ab25875-5f77-45a1-9004-12eab6369d05@group-16361C22082A-LeaderElection24 PRE_VOTE round 0: submit vote requests at term 2 for 0: peers:[7c62eaa0-d491-4028-8bb9-25c4215260c7|127.0.0.1:15067, e260e396-598b-44a7-8564-b51448915afe|127.0.0.1:15085, 7ab25875-5f77-45a1-9004-12eab6369d05|127.0.0.1:15076]|listeners:[], old=null
2024-05-10 09:23:20,746 [7ab25875-5f77-45a1-9004-12eab6369d05@group-16361C22082A-LeaderElection24] INFO  impl.LeaderElection (LogUtils.java:infoOrTrace(136)) - 7ab25875-5f77-45a1-9004-12eab6369d05@group-16361C22082A-LeaderElection24 got exception when requesting votes: java.util.concurrent.ExecutionException: org.apache.ratis.thirdparty.io.grpc.StatusRuntimeException: UNAVAILABLE: io exception
2024-05-10 09:23:20,746 [7ab25875-5f77-45a1-9004-12eab6369d05@group-16361C22082A-LeaderElection24] INFO  impl.LeaderElection (LogUtils.java:infoOrTrace(136)) - 7ab25875-5f77-45a1-9004-12eab6369d05@group-16361C22082A-LeaderElection24 got exception when requesting votes: java.util.concurrent.ExecutionException: org.apache.ratis.thirdparty.io.grpc.StatusRuntimeException: UNAVAILABLE: io exception
2024-05-10 09:23:20,746 [7ab25875-5f77-45a1-9004-12eab6369d05@group-16361C22082A-LeaderElection24] INFO  impl.LeaderElection (LeaderElection.java:logAndReturn(89)) - 7ab25875-5f77-45a1-9004-12eab6369d05@group-16361C22082A-LeaderElection24: PRE_VOTE REJECTED received 0 response(s) and 2 exception(s):
2024-05-10 09:23:20,746 [7ab25875-5f77-45a1-9004-12eab6369d05@group-16361C22082A-LeaderElection24] INFO  impl.LeaderElection (LogUtils.java:infoOrTrace(136)) -   Exception 0: java.util.concurrent.ExecutionException: org.apache.ratis.thirdparty.io.grpc.StatusRuntimeException: UNAVAILABLE: io exception
2024-05-10 09:23:20,746 [7ab25875-5f77-45a1-9004-12eab6369d05@group-16361C22082A-LeaderElection24] INFO  impl.LeaderElection (LogUtils.java:infoOrTrace(136)) -   Exception 1: java.util.concurrent.ExecutionException: org.apache.ratis.thirdparty.io.grpc.StatusRuntimeException: UNAVAILABLE: io exception
2024-05-10 09:23:20,747 [7ab25875-5f77-45a1-9004-12eab6369d05@group-16361C22082A-LeaderElection24] INFO  impl.LeaderElection (LeaderElection.java:askForVotes(323)) - 7ab25875-5f77-45a1-9004-12eab6369d05@group-16361C22082A-LeaderElection24 PRE_VOTE round 0: result REJECTED
2024-05-10 09:23:20,747 [7ab25875-5f77-45a1-9004-12eab6369d05@group-16361C22082A-LeaderElection24] INFO  server.RaftServer$Division (RaftServerImpl.java:setRole(383)) - 7ab25875-5f77-45a1-9004-12eab6369d05@group-16361C22082A: changes role from CANDIDATE to FOLLOWER at term 2 for REJECTED
2024-05-10 09:23:20,747 [7ab25875-5f77-45a1-9004-12eab6369d05@group-16361C22082A-LeaderElection24] INFO  impl.RoleInfo (RoleInfo.java:shutdownLeaderElection(130)) - 7ab25875-5f77-45a1-9004-12eab6369d05: shutdown 7ab25875-5f77-45a1-9004-12eab6369d05@group-16361C22082A-LeaderElection24
2024-05-10 09:23:20,747 [7ab25875-5f77-45a1-9004-12eab6369d05@group-16361C22082A-LeaderElection24] INFO  impl.RoleInfo (RoleInfo.java:updateAndGet(139)) - 7ab25875-5f77-45a1-9004-12eab6369d05: start 7ab25875-5f77-45a1-9004-12eab6369d05@group-16361C22082A-FollowerState
2024-05-10 09:23:25,806 [7ab25875-5f77-45a1-9004-12eab6369d05@group-611B1F60644D-FollowerState] INFO  impl.FollowerState (FollowerState.java:run(143)) - 7ab25875-5f77-45a1-9004-12eab6369d05@group-611B1F60644D-FollowerState: change to CANDIDATE, lastRpcElapsedTime:5108373425ns, electionTimeout:5108ms
2024-05-10 09:23:25,806 [7ab25875-5f77-45a1-9004-12eab6369d05@group-611B1F60644D-FollowerState] INFO  impl.RoleInfo (RoleInfo.java:shutdownFollowerState(110)) - 7ab25875-5f77-45a1-9004-12eab6369d05: shutdown 7ab25875-5f77-45a1-9004-12eab6369d05@group-611B1F60644D-FollowerState
2024-05-10 09:23:25,806 [7ab25875-5f77-45a1-9004-12eab6369d05@group-611B1F60644D-FollowerState] INFO  server.RaftServer$Division (RaftServerImpl.java:setRole(383)) - 7ab25875-5f77-45a1-9004-12eab6369d05@group-611B1F60644D: changes role from  FOLLOWER to CANDIDATE at term 1 for changeToCandidate
2024-05-10 09:23:25,807 [7ab25875-5f77-45a1-9004-12eab6369d05@group-611B1F60644D-FollowerState] INFO  server.RaftServerConfigKeys (ConfUtils.java:logGet(46)) - raft.server.leaderelection.pre-vote = true (default)
2024-05-10 09:23:25,807 [7ab25875-5f77-45a1-9004-12eab6369d05@group-611B1F60644D-FollowerState] INFO  impl.RoleInfo (RoleInfo.java:updateAndGet(139)) - 7ab25875-5f77-45a1-9004-12eab6369d05: start 7ab25875-5f77-45a1-9004-12eab6369d05@group-611B1F60644D-LeaderElection25
2024-05-10 09:23:25,807 [7ab25875-5f77-45a1-9004-12eab6369d05@group-611B1F60644D-LeaderElection25] INFO  impl.LeaderElection (LeaderElection.java:askForVotes(321)) - 7ab25875-5f77-45a1-9004-12eab6369d05@group-611B1F60644D-LeaderElection25 PRE_VOTE round 0: submit vote requests at term 1 for 0: peers:[7c62eaa0-d491-4028-8bb9-25c4215260c7|127.0.0.1:15067, e260e396-598b-44a7-8564-b51448915afe|127.0.0.1:15085, 7ab25875-5f77-45a1-9004-12eab6369d05|127.0.0.1:15076]|listeners:[], old=null
2024-05-10 09:23:25,808 [7ab25875-5f77-45a1-9004-12eab6369d05@group-611B1F60644D-LeaderElection25] INFO  impl.LeaderElection (LogUtils.java:infoOrTrace(136)) - 7ab25875-5f77-45a1-9004-12eab6369d05@group-611B1F60644D-LeaderElection25 got exception when requesting votes: java.util.concurrent.ExecutionException: org.apache.ratis.thirdparty.io.grpc.StatusRuntimeException: UNAVAILABLE: io exception
2024-05-10 09:23:25,808 [7ab25875-5f77-45a1-9004-12eab6369d05@group-611B1F60644D-LeaderElection25] INFO  impl.LeaderElection (LogUtils.java:infoOrTrace(136)) - 7ab25875-5f77-45a1-9004-12eab6369d05@group-611B1F60644D-LeaderElection25 got exception when requesting votes: java.util.concurrent.ExecutionException: org.apache.ratis.thirdparty.io.grpc.StatusRuntimeException: UNAVAILABLE: io exception
2024-05-10 09:23:25,808 [7ab25875-5f77-45a1-9004-12eab6369d05@group-611B1F60644D-LeaderElection25] INFO  impl.LeaderElection (LeaderElection.java:logAndReturn(89)) - 7ab25875-5f77-45a1-9004-12eab6369d05@group-611B1F60644D-LeaderElection25: PRE_VOTE REJECTED received 0 response(s) and 2 exception(s):
2024-05-10 09:23:25,808 [7ab25875-5f77-45a1-9004-12eab6369d05@group-611B1F60644D-LeaderElection25] INFO  impl.LeaderElection (LogUtils.java:infoOrTrace(136)) -   Exception 0: java.util.concurrent.ExecutionException: org.apache.ratis.thirdparty.io.grpc.StatusRuntimeException: UNAVAILABLE: io exception
2024-05-10 09:23:25,808 [7ab25875-5f77-45a1-9004-12eab6369d05@group-611B1F60644D-LeaderElection25] INFO  impl.LeaderElection (LogUtils.java:infoOrTrace(136)) -   Exception 1: java.util.concurrent.ExecutionException: org.apache.ratis.thirdparty.io.grpc.StatusRuntimeException: UNAVAILABLE: io exception
2024-05-10 09:23:25,808 [7ab25875-5f77-45a1-9004-12eab6369d05@group-611B1F60644D-LeaderElection25] INFO  impl.LeaderElection (LeaderElection.java:askForVotes(323)) - 7ab25875-5f77-45a1-9004-12eab6369d05@group-611B1F60644D-LeaderElection25 PRE_VOTE round 0: result REJECTED
2024-05-10 09:23:25,808 [7ab25875-5f77-45a1-9004-12eab6369d05@group-611B1F60644D-LeaderElection25] INFO  server.RaftServer$Division (RaftServerImpl.java:setRole(383)) - 7ab25875-5f77-45a1-9004-12eab6369d05@group-611B1F60644D: changes role from CANDIDATE to FOLLOWER at term 1 for REJECTED
2024-05-10 09:23:25,808 [7ab25875-5f77-45a1-9004-12eab6369d05@group-611B1F60644D-LeaderElection25] INFO  impl.RoleInfo (RoleInfo.java:shutdownLeaderElection(130)) - 7ab25875-5f77-45a1-9004-12eab6369d05: shutdown 7ab25875-5f77-45a1-9004-12eab6369d05@group-611B1F60644D-LeaderElection25
2024-05-10 09:23:25,808 [7ab25875-5f77-45a1-9004-12eab6369d05@group-611B1F60644D-LeaderElection25] INFO  impl.RoleInfo (RoleInfo.java:updateAndGet(139)) - 7ab25875-5f77-45a1-9004-12eab6369d05: start 7ab25875-5f77-45a1-9004-12eab6369d05@group-611B1F60644D-FollowerState
2024-05-10 09:23:25,835 [7ab25875-5f77-45a1-9004-12eab6369d05@group-16361C22082A-FollowerState] INFO  impl.FollowerState (FollowerState.java:run(143)) - 7ab25875-5f77-45a1-9004-12eab6369d05@group-16361C22082A-FollowerState: change to CANDIDATE, lastRpcElapsedTime:5088309748ns, electionTimeout:5088ms
2024-05-10 09:23:25,835 [7ab25875-5f77-45a1-9004-12eab6369d05@group-16361C22082A-FollowerState] INFO  impl.RoleInfo (RoleInfo.java:shutdownFollowerState(110)) - 7ab25875-5f77-45a1-9004-12eab6369d05: shutdown 7ab25875-5f77-45a1-9004-12eab6369d05@group-16361C22082A-FollowerState
2024-05-10 09:23:25,835 [7ab25875-5f77-45a1-9004-12eab6369d05@group-16361C22082A-FollowerState] INFO  server.RaftServer$Division (RaftServerImpl.java:setRole(383)) - 7ab25875-5f77-45a1-9004-12eab6369d05@group-16361C22082A: changes role from  FOLLOWER to CANDIDATE at term 2 for changeToCandidate
2024-05-10 09:23:25,835 [7ab25875-5f77-45a1-9004-12eab6369d05@group-16361C22082A-FollowerState] INFO  server.RaftServerConfigKeys (ConfUtils.java:logGet(46)) - raft.server.leaderelection.pre-vote = true (default)
2024-05-10 09:23:25,835 [7ab25875-5f77-45a1-9004-12eab6369d05@group-16361C22082A-FollowerState] INFO  impl.RoleInfo (RoleInfo.java:updateAndGet(139)) - 7ab25875-5f77-45a1-9004-12eab6369d05: start 7ab25875-5f77-45a1-9004-12eab6369d05@group-16361C22082A-LeaderElection26
2024-05-10 09:23:25,836 [7ab25875-5f77-45a1-9004-12eab6369d05@group-16361C22082A-LeaderElection26] INFO  impl.LeaderElection (LeaderElection.java:askForVotes(321)) - 7ab25875-5f77-45a1-9004-12eab6369d05@group-16361C22082A-LeaderElection26 PRE_VOTE round 0: submit vote requests at term 2 for 0: peers:[7c62eaa0-d491-4028-8bb9-25c4215260c7|127.0.0.1:15067, e260e396-598b-44a7-8564-b51448915afe|127.0.0.1:15085, 7ab25875-5f77-45a1-9004-12eab6369d05|127.0.0.1:15076]|listeners:[], old=null
2024-05-10 09:23:25,836 [7ab25875-5f77-45a1-9004-12eab6369d05@group-16361C22082A-LeaderElection26] INFO  impl.LeaderElection (LogUtils.java:infoOrTrace(136)) - 7ab25875-5f77-45a1-9004-12eab6369d05@group-16361C22082A-LeaderElection26 got exception when requesting votes: java.util.concurrent.ExecutionException: org.apache.ratis.thirdparty.io.grpc.StatusRuntimeException: UNAVAILABLE: io exception
2024-05-10 09:23:25,836 [7ab25875-5f77-45a1-9004-12eab6369d05@group-16361C22082A-LeaderElection26] INFO  impl.LeaderElection (LogUtils.java:infoOrTrace(136)) - 7ab25875-5f77-45a1-9004-12eab6369d05@group-16361C22082A-LeaderElection26 got exception when requesting votes: java.util.concurrent.ExecutionException: org.apache.ratis.thirdparty.io.grpc.StatusRuntimeException: UNAVAILABLE: io exception
2024-05-10 09:23:25,836 [7ab25875-5f77-45a1-9004-12eab6369d05@group-16361C22082A-LeaderElection26] INFO  impl.LeaderElection (LeaderElection.java:logAndReturn(89)) - 7ab25875-5f77-45a1-9004-12eab6369d05@group-16361C22082A-LeaderElection26: PRE_VOTE REJECTED received 0 response(s) and 2 exception(s):
2024-05-10 09:23:25,836 [7ab25875-5f77-45a1-9004-12eab6369d05@group-16361C22082A-LeaderElection26] INFO  impl.LeaderElection (LogUtils.java:infoOrTrace(136)) -   Exception 0: java.util.concurrent.ExecutionException: org.apache.ratis.thirdparty.io.grpc.StatusRuntimeException: UNAVAILABLE: io exception
2024-05-10 09:23:25,836 [7ab25875-5f77-45a1-9004-12eab6369d05@group-16361C22082A-LeaderElection26] INFO  impl.LeaderElection (LogUtils.java:infoOrTrace(136)) -   Exception 1: java.util.concurrent.ExecutionException: org.apache.ratis.thirdparty.io.grpc.StatusRuntimeException: UNAVAILABLE: io exception
2024-05-10 09:23:25,836 [7ab25875-5f77-45a1-9004-12eab6369d05@group-16361C22082A-LeaderElection26] INFO  impl.LeaderElection (LeaderElection.java:askForVotes(323)) - 7ab25875-5f77-45a1-9004-12eab6369d05@group-16361C22082A-LeaderElection26 PRE_VOTE round 0: result REJECTED
2024-05-10 09:23:25,836 [7ab25875-5f77-45a1-9004-12eab6369d05@group-16361C22082A-LeaderElection26] INFO  server.RaftServer$Division (RaftServerImpl.java:setRole(383)) - 7ab25875-5f77-45a1-9004-12eab6369d05@group-16361C22082A: changes role from CANDIDATE to FOLLOWER at term 2 for REJECTED
2024-05-10 09:23:25,836 [7ab25875-5f77-45a1-9004-12eab6369d05@group-16361C22082A-LeaderElection26] INFO  impl.RoleInfo (RoleInfo.java:shutdownLeaderElection(130)) - 7ab25875-5f77-45a1-9004-12eab6369d05: shutdown 7ab25875-5f77-45a1-9004-12eab6369d05@group-16361C22082A-LeaderElection26
2024-05-10 09:23:25,837 [7ab25875-5f77-45a1-9004-12eab6369d05@group-16361C22082A-LeaderElection26] INFO  impl.RoleInfo (RoleInfo.java:updateAndGet(139)) - 7ab25875-5f77-45a1-9004-12eab6369d05: start 7ab25875-5f77-45a1-9004-12eab6369d05@group-16361C22082A-FollowerState
2024-05-10 09:23:28,848 [null-request--thread1] INFO  server.GrpcClientProtocolService (GrpcClientProtocolService.java:lambda$processClientRequest$0(284)) - Failed RaftClientRequest:client-D96461C55027->7ab25875-5f77-45a1-9004-12eab6369d05@group-611B1F60644D, cid=31, seq=null, Watch-ALL_COMMITTED(106), Message:<EMPTY>, reply=RaftClientReply:client-D96461C55027->7ab25875-5f77-45a1-9004-12eab6369d05@group-611B1F60644D, cid=31, FAILED org.apache.ratis.protocol.exceptions.NotLeaderException: Server 7ab25875-5f77-45a1-9004-12eab6369d05@group-611B1F60644D is not the leader, logIndex=0, commits[7ab25875-5f77-45a1-9004-12eab6369d05:c7, 7c62eaa0-d491-4028-8bb9-25c4215260c7:c7, e260e396-598b-44a7-8564-b51448915afe:c4]
2024-05-10 09:23:28,858 [main] WARN  scm.XceiverClientRatis (XceiverClientRatis.java:watchForCommit(285)) - 3 way commit failed on pipeline Pipeline[ Id: 464e5225-acc3-40b0-a04e-611b1f60644d, Nodes: e260e396-598b-44a7-8564-b51448915afe(localhost/127.0.0.1)7c62eaa0-d491-4028-8bb9-25c4215260c7(localhost/127.0.0.1)7ab25875-5f77-45a1-9004-12eab6369d05(localhost/127.0.0.1), ReplicationConfig: RATIS/THREE, State:OPEN, leaderId:7c62eaa0-d491-4028-8bb9-25c4215260c7, CreationTimestamp2024-05-10T09:18:01.276Z[Etc/UTC]]
java.util.concurrent.ExecutionException: org.apache.ratis.protocol.exceptions.RaftRetryFailureException: Failed RaftClientRequest:client-D96461C55027->7ab25875-5f77-45a1-9004-12eab6369d05@group-611B1F60644D, cid=31, seq=null, Watch-ALL_COMMITTED(106), null for 4 attempts with RequestTypeDependentRetryPolicy{WRITE->ExceptionDependentRetry(maxAttempts=2147483647; defaultPolicy=MultipleLinearRandomRetry[5x5s, 5x10s, 5x15s, 5x20s, 5x25s, 10x60s]; map={org.apache.ratis.protocol.exceptions.GroupMismatchException->NoRetry, org.apache.ratis.protocol.exceptions.NotReplicatedException->NoRetry, org.apache.ratis.protocol.exceptions.ResourceUnavailableException->org.apache.ratis.retry.ExponentialBackoffRetry@2083a314, org.apache.ratis.protocol.exceptions.StateMachineException->NoRetry, org.apache.ratis.protocol.exceptions.TimeoutIOException->org.apache.ratis.retry.ExponentialBackoffRetry@2083a314}), WATCH->ExceptionDependentRetry(maxAttempts=2147483647; defaultPolicy=MultipleLinearRandomRetry[5x5s, 5x10s, 5x15s, 5x20s, 5x25s, 10x60s]; map={org.apache.ratis.protocol.exceptions.GroupMismatchException->NoRetry, org.apache.ratis.protocol.exceptions.NotReplicatedException->NoRetry, org.apache.ratis.protocol.exceptions.ResourceUnavailableException->org.apache.ratis.retry.ExponentialBackoffRetry@2083a314, org.apache.ratis.protocol.exceptions.StateMachineException->NoRetry, org.apache.ratis.protocol.exceptions.TimeoutIOException->NoRetry})}
	at java.base/java.util.concurrent.CompletableFuture.reportGet(CompletableFuture.java:396)
	at java.base/java.util.concurrent.CompletableFuture.get(CompletableFuture.java:2073)
	at org.apache.hadoop.hdds.scm.XceiverClientRatis.watchForCommit(XceiverClientRatis.java:280)
	at org.apache.hadoop.hdds.scm.storage.AbstractCommitWatcher.watchForCommit(AbstractCommitWatcher.java:142)
	at org.apache.hadoop.hdds.scm.storage.TestCommitWatcher.lambda$testReleaseBuffersOnException$2(TestCommitWatcher.java:311)
	at org.junit.jupiter.api.AssertThrows.assertThrows(AssertThrows.java:53)
	at org.junit.jupiter.api.AssertThrows.assertThrows(AssertThrows.java:35)
	at org.junit.jupiter.api.Assertions.assertThrows(Assertions.java:3115)
	at org.apache.hadoop.hdds.scm.storage.TestCommitWatcher.testReleaseBuffersOnException(TestCommitWatcher.java:311)
	at java.base/jdk.internal.reflect.NativeMethodAccessorImpl.invoke0(Native Method)
	at java.base/jdk.internal.reflect.NativeMethodAccessorImpl.invoke(NativeMethodAccessorImpl.java:77)
	at java.base/jdk.internal.reflect.DelegatingMethodAccessorImpl.invoke(DelegatingMethodAccessorImpl.java:43)
	at java.base/java.lang.reflect.Method.invoke(Method.java:568)
	at org.junit.platform.commons.util.ReflectionUtils.invokeMethod(ReflectionUtils.java:728)
	at org.junit.jupiter.engine.execution.MethodInvocation.proceed(MethodInvocation.java:60)
	at org.junit.jupiter.engine.execution.InvocationInterceptorChain$ValidatingInvocation.proceed(InvocationInterceptorChain.java:131)
	at org.junit.jupiter.engine.extension.SameThreadTimeoutInvocation.proceed(SameThreadTimeoutInvocation.java:45)
	at org.junit.jupiter.engine.extension.TimeoutExtension.intercept(TimeoutExtension.java:156)
	at org.junit.jupiter.engine.extension.TimeoutExtension.interceptTestableMethod(TimeoutExtension.java:147)
	at org.junit.jupiter.engine.extension.TimeoutExtension.interceptTestMethod(TimeoutExtension.java:86)
	at org.junit.jupiter.engine.execution.InterceptingExecutableInvoker$ReflectiveInterceptorCall.lambda$ofVoidMethod$0(InterceptingExecutableInvoker.java:103)
	at org.junit.jupiter.engine.execution.InterceptingExecutableInvoker.lambda$invoke$0(InterceptingExecutableInvoker.java:93)
	at org.junit.jupiter.engine.execution.InvocationInterceptorChain$InterceptedInvocation.proceed(InvocationInterceptorChain.java:106)
	at org.junit.jupiter.engine.execution.InvocationInterceptorChain.proceed(InvocationInterceptorChain.java:64)
	at org.junit.jupiter.engine.execution.InvocationInterceptorChain.chainAndInvoke(InvocationInterceptorChain.java:45)
	at org.junit.jupiter.engine.execution.InvocationInterceptorChain.invoke(InvocationInterceptorChain.java:37)
	at org.junit.jupiter.engine.execution.InterceptingExecutableInvoker.invoke(InterceptingExecutableInvoker.java:92)
	at org.junit.jupiter.engine.execution.InterceptingExecutableInvoker.invoke(InterceptingExecutableInvoker.java:86)
	at org.junit.jupiter.engine.descriptor.TestMethodTestDescriptor.lambda$invokeTestMethod$7(TestMethodTestDescriptor.java:218)
	at org.junit.platform.engine.support.hierarchical.ThrowableCollector.execute(ThrowableCollector.java:73)
	at org.junit.jupiter.engine.descriptor.TestMethodTestDescriptor.invokeTestMethod(TestMethodTestDescriptor.java:214)
	at org.junit.jupiter.engine.descriptor.TestMethodTestDescriptor.execute(TestMethodTestDescriptor.java:139)
	at org.junit.jupiter.engine.descriptor.TestMethodTestDescriptor.execute(TestMethodTestDescriptor.java:69)
	at org.junit.platform.engine.support.hierarchical.NodeTestTask.lambda$executeRecursively$6(NodeTestTask.java:151)
	at org.junit.platform.engine.support.hierarchical.ThrowableCollector.execute(ThrowableCollector.java:73)
	at org.junit.platform.engine.support.hierarchical.NodeTestTask.lambda$executeRecursively$8(NodeTestTask.java:141)
	at org.junit.platform.engine.support.hierarchical.Node.around(Node.java:137)
	at org.junit.platform.engine.support.hierarchical.NodeTestTask.lambda$executeRecursively$9(NodeTestTask.java:139)
	at org.junit.platform.engine.support.hierarchical.ThrowableCollector.execute(ThrowableCollector.java:73)
	at org.junit.platform.engine.support.hierarchical.NodeTestTask.executeRecursively(NodeTestTask.java:138)
	at org.junit.platform.engine.support.hierarchical.NodeTestTask.execute(NodeTestTask.java:95)
	at java.base/java.util.ArrayList.forEach(ArrayList.java:1511)
	at org.junit.platform.engine.support.hierarchical.SameThreadHierarchicalTestExecutorService.invokeAll(SameThreadHierarchicalTestExecutorService.java:41)
	at org.junit.platform.engine.support.hierarchical.NodeTestTask.lambda$executeRecursively$6(NodeTestTask.java:155)
	at org.junit.platform.engine.support.hierarchical.ThrowableCollector.execute(ThrowableCollector.java:73)
	at org.junit.platform.engine.support.hierarchical.NodeTestTask.lambda$executeRecursively$8(NodeTestTask.java:141)
	at org.junit.platform.engine.support.hierarchical.Node.around(Node.java:137)
	at org.junit.platform.engine.support.hierarchical.NodeTestTask.lambda$executeRecursively$9(NodeTestTask.java:139)
	at org.junit.platform.engine.support.hierarchical.ThrowableCollector.execute(ThrowableCollector.java:73)
	at org.junit.platform.engine.support.hierarchical.NodeTestTask.executeRecursively(NodeTestTask.java:138)
	at org.junit.platform.engine.support.hierarchical.NodeTestTask.execute(NodeTestTask.java:95)
	at java.base/java.util.ArrayList.forEach(ArrayList.java:1511)
	at org.junit.platform.engine.support.hierarchical.SameThreadHierarchicalTestExecutorService.invokeAll(SameThreadHierarchicalTestExecutorService.java:41)
	at org.junit.platform.engine.support.hierarchical.NodeTestTask.lambda$executeRecursively$6(NodeTestTask.java:155)
	at org.junit.platform.engine.support.hierarchical.ThrowableCollector.execute(ThrowableCollector.java:73)
	at org.junit.platform.engine.support.hierarchical.NodeTestTask.lambda$executeRecursively$8(NodeTestTask.java:141)
	at org.junit.platform.engine.support.hierarchical.Node.around(Node.java:137)
	at org.junit.platform.engine.support.hierarchical.NodeTestTask.lambda$executeRecursively$9(NodeTestTask.java:139)
	at org.junit.platform.engine.support.hierarchical.ThrowableCollector.execute(ThrowableCollector.java:73)
	at org.junit.platform.engine.support.hierarchical.NodeTestTask.executeRecursively(NodeTestTask.java:138)
	at org.junit.platform.engine.support.hierarchical.NodeTestTask.execute(NodeTestTask.java:95)
	at org.junit.platform.engine.support.hierarchical.SameThreadHierarchicalTestExecutorService.submit(SameThreadHierarchicalTestExecutorService.java:35)
	at org.junit.platform.engine.support.hierarchical.HierarchicalTestExecutor.execute(HierarchicalTestExecutor.java:57)
	at org.junit.platform.engine.support.hierarchical.HierarchicalTestEngine.execute(HierarchicalTestEngine.java:54)
	at org.junit.platform.launcher.core.EngineExecutionOrchestrator.execute(EngineExecutionOrchestrator.java:198)
	at org.junit.platform.launcher.core.EngineExecutionOrchestrator.execute(EngineExecutionOrchestrator.java:169)
	at org.junit.platform.launcher.core.EngineExecutionOrchestrator.execute(EngineExecutionOrchestrator.java:93)
	at org.junit.platform.launcher.core.EngineExecutionOrchestrator.lambda$execute$0(EngineExecutionOrchestrator.java:58)
	at org.junit.platform.launcher.core.EngineExecutionOrchestrator.withInterceptedStreams(EngineExecutionOrchestrator.java:141)
	at org.junit.platform.launcher.core.EngineExecutionOrchestrator.execute(EngineExecutionOrchestrator.java:57)
	at org.junit.platform.launcher.core.DefaultLauncher.execute(DefaultLauncher.java:103)
	at org.junit.platform.launcher.core.DefaultLauncher.execute(DefaultLauncher.java:85)
	at org.junit.platform.launcher.core.DelegatingLauncher.execute(DelegatingLauncher.java:47)
	at org.junit.platform.launcher.core.SessionPerRequestLauncher.execute(SessionPerRequestLauncher.java:63)
	at org.apache.maven.surefire.junitplatform.JUnitPlatformProvider.invokeAllTests(JUnitPlatformProvider.java:154)
	at org.apache.maven.surefire.junitplatform.JUnitPlatformProvider.invoke(JUnitPlatformProvider.java:123)
	at org.apache.maven.surefire.booter.ForkedBooter.runSuitesInProcess(ForkedBooter.java:377)
	at org.apache.maven.surefire.booter.ForkedBooter.execute(ForkedBooter.java:138)
	at org.apache.maven.surefire.booter.ForkedBooter.run(ForkedBooter.java:465)
	at org.apache.maven.surefire.booter.ForkedBooter.main(ForkedBooter.java:451)
Caused by: org.apache.ratis.protocol.exceptions.RaftRetryFailureException: Failed RaftClientRequest:client-D96461C55027->7ab25875-5f77-45a1-9004-12eab6369d05@group-611B1F60644D, cid=31, seq=null, Watch-ALL_COMMITTED(106), null for 4 attempts with RequestTypeDependentRetryPolicy{WRITE->ExceptionDependentRetry(maxAttempts=2147483647; defaultPolicy=MultipleLinearRandomRetry[5x5s, 5x10s, 5x15s, 5x20s, 5x25s, 10x60s]; map={org.apache.ratis.protocol.exceptions.GroupMismatchException->NoRetry, org.apache.ratis.protocol.exceptions.NotReplicatedException->NoRetry, org.apache.ratis.protocol.exceptions.ResourceUnavailableException->org.apache.ratis.retry.ExponentialBackoffRetry@2083a314, org.apache.ratis.protocol.exceptions.StateMachineException->NoRetry, org.apache.ratis.protocol.exceptions.TimeoutIOException->org.apache.ratis.retry.ExponentialBackoffRetry@2083a314}), WATCH->ExceptionDependentRetry(maxAttempts=2147483647; defaultPolicy=MultipleLinearRandomRetry[5x5s, 5x10s, 5x15s, 5x20s, 5x25s, 10x60s]; map={org.apache.ratis.protocol.exceptions.GroupMismatchException->NoRetry, org.apache.ratis.protocol.exceptions.NotReplicatedException->NoRetry, org.apache.ratis.protocol.exceptions.ResourceUnavailableException->org.apache.ratis.retry.ExponentialBackoffRetry@2083a314, org.apache.ratis.protocol.exceptions.StateMachineException->NoRetry, org.apache.ratis.protocol.exceptions.TimeoutIOException->NoRetry})}
	at org.apache.ratis.client.impl.RaftClientImpl.noMoreRetries(RaftClientImpl.java:353)
	at org.apache.ratis.client.impl.UnorderedAsync.lambda$sendRequestWithRetry$4(UnorderedAsync.java:98)
	at java.base/java.util.concurrent.CompletableFuture.uniWhenComplete(CompletableFuture.java:863)
	at java.base/java.util.concurrent.CompletableFuture$UniWhenComplete.tryFire(CompletableFuture.java:841)
	at java.base/java.util.concurrent.CompletableFuture$Completion.exec(CompletableFuture.java:483)
	at java.base/java.util.concurrent.ForkJoinTask.doExec(ForkJoinTask.java:373)
	at java.base/java.util.concurrent.ForkJoinPool$WorkQueue.topLevelExec(ForkJoinPool.java:1182)
	at java.base/java.util.concurrent.ForkJoinPool.scan(ForkJoinPool.java:1655)
	at java.base/java.util.concurrent.ForkJoinPool.runWorker(ForkJoinPool.java:1622)
	at java.base/java.util.concurrent.ForkJoinWorkerThread.run(ForkJoinWorkerThread.java:165)
Caused by: org.apache.ratis.protocol.exceptions.NotLeaderException: Server 7ab25875-5f77-45a1-9004-12eab6369d05@group-611B1F60644D is not the leader
	at org.apache.ratis.client.impl.ClientProtoUtils.toRaftClientReply(ClientProtoUtils.java:397)
	at org.apache.ratis.grpc.client.GrpcClientProtocolClient$AsyncStreamObservers$1.onNext(GrpcClientProtocolClient.java:310)
	at org.apache.ratis.grpc.client.GrpcClientProtocolClient$AsyncStreamObservers$1.onNext(GrpcClientProtocolClient.java:305)
	at org.apache.ratis.thirdparty.io.grpc.stub.ClientCalls$StreamObserverToCallListenerAdapter.onMessage(ClientCalls.java:468)
	at org.apache.ratis.thirdparty.io.grpc.ForwardingClientCallListener.onMessage(ForwardingClientCallListener.java:33)
	at org.apache.ratis.thirdparty.io.grpc.internal.DelayedClientCall$DelayedListener.onMessage(DelayedClientCall.java:473)
	at org.apache.ratis.thirdparty.io.grpc.internal.ClientCallImpl$ClientStreamListenerImpl$1MessagesAvailable.runInternal(ClientCallImpl.java:660)
	at org.apache.ratis.thirdparty.io.grpc.internal.ClientCallImpl$ClientStreamListenerImpl$1MessagesAvailable.runInContext(ClientCallImpl.java:647)
	at org.apache.ratis.thirdparty.io.grpc.internal.ContextRunnable.run(ContextRunnable.java:37)
	at org.apache.ratis.thirdparty.io.grpc.internal.SerializingExecutor.run(SerializingExecutor.java:133)
	at java.base/java.util.concurrent.ThreadPoolExecutor.runWorker(ThreadPoolExecutor.java:1136)
	at java.base/java.util.concurrent.ThreadPoolExecutor$Worker.run(ThreadPoolExecutor.java:635)
	at java.base/java.lang.Thread.run(Thread.java:840)
2024-05-10 09:23:30,875 [7ab25875-5f77-45a1-9004-12eab6369d05@group-611B1F60644D-FollowerState] INFO  impl.FollowerState (FollowerState.java:run(143)) - 7ab25875-5f77-45a1-9004-12eab6369d05@group-611B1F60644D-FollowerState: change to CANDIDATE, lastRpcElapsedTime:5067192048ns, electionTimeout:5067ms
2024-05-10 09:23:30,875 [7ab25875-5f77-45a1-9004-12eab6369d05@group-611B1F60644D-FollowerState] INFO  impl.RoleInfo (RoleInfo.java:shutdownFollowerState(110)) - 7ab25875-5f77-45a1-9004-12eab6369d05: shutdown 7ab25875-5f77-45a1-9004-12eab6369d05@group-611B1F60644D-FollowerState
2024-05-10 09:23:30,875 [7ab25875-5f77-45a1-9004-12eab6369d05@group-611B1F60644D-FollowerState] INFO  server.RaftServer$Division (RaftServerImpl.java:setRole(383)) - 7ab25875-5f77-45a1-9004-12eab6369d05@group-611B1F60644D: changes role from  FOLLOWER to CANDIDATE at term 1 for changeToCandidate
2024-05-10 09:23:30,876 [7ab25875-5f77-45a1-9004-12eab6369d05@group-611B1F60644D-FollowerState] INFO  server.RaftServerConfigKeys (ConfUtils.java:logGet(46)) - raft.server.leaderelection.pre-vote = true (default)
2024-05-10 09:23:30,876 [7ab25875-5f77-45a1-9004-12eab6369d05@group-611B1F60644D-FollowerState] INFO  impl.RoleInfo (RoleInfo.java:updateAndGet(139)) - 7ab25875-5f77-45a1-9004-12eab6369d05: start 7ab25875-5f77-45a1-9004-12eab6369d05@group-611B1F60644D-LeaderElection27
2024-05-10 09:23:30,876 [7ab25875-5f77-45a1-9004-12eab6369d05@group-611B1F60644D-LeaderElection27] INFO  impl.LeaderElection (LeaderElection.java:askForVotes(321)) - 7ab25875-5f77-45a1-9004-12eab6369d05@group-611B1F60644D-LeaderElection27 PRE_VOTE round 0: submit vote requests at term 1 for 0: peers:[7c62eaa0-d491-4028-8bb9-25c4215260c7|127.0.0.1:15067, e260e396-598b-44a7-8564-b51448915afe|127.0.0.1:15085, 7ab25875-5f77-45a1-9004-12eab6369d05|127.0.0.1:15076]|listeners:[], old=null
2024-05-10 09:23:30,877 [7ab25875-5f77-45a1-9004-12eab6369d05@group-611B1F60644D-LeaderElection27] INFO  impl.LeaderElection (LogUtils.java:infoOrTrace(136)) - 7ab25875-5f77-45a1-9004-12eab6369d05@group-611B1F60644D-LeaderElection27 got exception when requesting votes: java.util.concurrent.ExecutionException: org.apache.ratis.thirdparty.io.grpc.StatusRuntimeException: UNAVAILABLE: io exception
2024-05-10 09:23:30,877 [7ab25875-5f77-45a1-9004-12eab6369d05@group-611B1F60644D-LeaderElection27] INFO  impl.LeaderElection (LogUtils.java:infoOrTrace(136)) - 7ab25875-5f77-45a1-9004-12eab6369d05@group-611B1F60644D-LeaderElection27 got exception when requesting votes: java.util.concurrent.ExecutionException: org.apache.ratis.thirdparty.io.grpc.StatusRuntimeException: UNAVAILABLE: io exception
2024-05-10 09:23:30,877 [7ab25875-5f77-45a1-9004-12eab6369d05@group-611B1F60644D-LeaderElection27] INFO  impl.LeaderElection (LeaderElection.java:logAndReturn(89)) - 7ab25875-5f77-45a1-9004-12eab6369d05@group-611B1F60644D-LeaderElection27: PRE_VOTE REJECTED received 0 response(s) and 2 exception(s):
2024-05-10 09:23:30,877 [7ab25875-5f77-45a1-9004-12eab6369d05@group-611B1F60644D-LeaderElection27] INFO  impl.LeaderElection (LogUtils.java:infoOrTrace(136)) -   Exception 0: java.util.concurrent.ExecutionException: org.apache.ratis.thirdparty.io.grpc.StatusRuntimeException: UNAVAILABLE: io exception
2024-05-10 09:23:30,877 [7ab25875-5f77-45a1-9004-12eab6369d05@group-611B1F60644D-LeaderElection27] INFO  impl.LeaderElection (LogUtils.java:infoOrTrace(136)) -   Exception 1: java.util.concurrent.ExecutionException: org.apache.ratis.thirdparty.io.grpc.StatusRuntimeException: UNAVAILABLE: io exception
2024-05-10 09:23:30,877 [7ab25875-5f77-45a1-9004-12eab6369d05@group-611B1F60644D-LeaderElection27] INFO  impl.LeaderElection (LeaderElection.java:askForVotes(323)) - 7ab25875-5f77-45a1-9004-12eab6369d05@group-611B1F60644D-LeaderElection27 PRE_VOTE round 0: result REJECTED
2024-05-10 09:23:30,877 [7ab25875-5f77-45a1-9004-12eab6369d05@group-611B1F60644D-LeaderElection27] INFO  server.RaftServer$Division (RaftServerImpl.java:setRole(383)) - 7ab25875-5f77-45a1-9004-12eab6369d05@group-611B1F60644D: changes role from CANDIDATE to FOLLOWER at term 1 for REJECTED
2024-05-10 09:23:30,877 [7ab25875-5f77-45a1-9004-12eab6369d05@group-611B1F60644D-LeaderElection27] INFO  impl.RoleInfo (RoleInfo.java:shutdownLeaderElection(130)) - 7ab25875-5f77-45a1-9004-12eab6369d05: shutdown 7ab25875-5f77-45a1-9004-12eab6369d05@group-611B1F60644D-LeaderElection27
2024-05-10 09:23:30,877 [7ab25875-5f77-45a1-9004-12eab6369d05@group-611B1F60644D-LeaderElection27] INFO  impl.RoleInfo (RoleInfo.java:updateAndGet(139)) - 7ab25875-5f77-45a1-9004-12eab6369d05: start 7ab25875-5f77-45a1-9004-12eab6369d05@group-611B1F60644D-FollowerState
2024-05-10 09:23:30,909 [7ab25875-5f77-45a1-9004-12eab6369d05@group-16361C22082A-FollowerState] INFO  impl.FollowerState (FollowerState.java:run(143)) - 7ab25875-5f77-45a1-9004-12eab6369d05@group-16361C22082A-FollowerState: change to CANDIDATE, lastRpcElapsedTime:5072254714ns, electionTimeout:5072ms
2024-05-10 09:23:30,909 [7ab25875-5f77-45a1-9004-12eab6369d05@group-16361C22082A-FollowerState] INFO  impl.RoleInfo (RoleInfo.java:shutdownFollowerState(110)) - 7ab25875-5f77-45a1-9004-12eab6369d05: shutdown 7ab25875-5f77-45a1-9004-12eab6369d05@group-16361C22082A-FollowerState
2024-05-10 09:23:30,909 [7ab25875-5f77-45a1-9004-12eab6369d05@group-16361C22082A-FollowerState] INFO  server.RaftServer$Division (RaftServerImpl.java:setRole(383)) - 7ab25875-5f77-45a1-9004-12eab6369d05@group-16361C22082A: changes role from  FOLLOWER to CANDIDATE at term 2 for changeToCandidate
2024-05-10 09:23:30,909 [7ab25875-5f77-45a1-9004-12eab6369d05@group-16361C22082A-FollowerState] INFO  server.RaftServerConfigKeys (ConfUtils.java:logGet(46)) - raft.server.leaderelection.pre-vote = true (default)
2024-05-10 09:23:30,909 [7ab25875-5f77-45a1-9004-12eab6369d05@group-16361C22082A-FollowerState] INFO  impl.RoleInfo (RoleInfo.java:updateAndGet(139)) - 7ab25875-5f77-45a1-9004-12eab6369d05: start 7ab25875-5f77-45a1-9004-12eab6369d05@group-16361C22082A-LeaderElection28
2024-05-10 09:23:30,909 [7ab25875-5f77-45a1-9004-12eab6369d05@group-16361C22082A-LeaderElection28] INFO  impl.LeaderElection (LeaderElection.java:askForVotes(321)) - 7ab25875-5f77-45a1-9004-12eab6369d05@group-16361C22082A-LeaderElection28 PRE_VOTE round 0: submit vote requests at term 2 for 0: peers:[7c62eaa0-d491-4028-8bb9-25c4215260c7|127.0.0.1:15067, e260e396-598b-44a7-8564-b51448915afe|127.0.0.1:15085, 7ab25875-5f77-45a1-9004-12eab6369d05|127.0.0.1:15076]|listeners:[], old=null
2024-05-10 09:23:30,910 [7ab25875-5f77-45a1-9004-12eab6369d05@group-16361C22082A-LeaderElection28] INFO  impl.LeaderElection (LogUtils.java:infoOrTrace(136)) - 7ab25875-5f77-45a1-9004-12eab6369d05@group-16361C22082A-LeaderElection28 got exception when requesting votes: java.util.concurrent.ExecutionException: org.apache.ratis.thirdparty.io.grpc.StatusRuntimeException: UNAVAILABLE: io exception
2024-05-10 09:23:30,910 [7ab25875-5f77-45a1-9004-12eab6369d05@group-16361C22082A-LeaderElection28] INFO  impl.LeaderElection (LogUtils.java:infoOrTrace(136)) - 7ab25875-5f77-45a1-9004-12eab6369d05@group-16361C22082A-LeaderElection28 got exception when requesting votes: java.util.concurrent.ExecutionException: org.apache.ratis.thirdparty.io.grpc.StatusRuntimeException: UNAVAILABLE: io exception
2024-05-10 09:23:30,910 [7ab25875-5f77-45a1-9004-12eab6369d05@group-16361C22082A-LeaderElection28] INFO  impl.LeaderElection (LeaderElection.java:logAndReturn(89)) - 7ab25875-5f77-45a1-9004-12eab6369d05@group-16361C22082A-LeaderElection28: PRE_VOTE REJECTED received 0 response(s) and 2 exception(s):
2024-05-10 09:23:30,910 [7ab25875-5f77-45a1-9004-12eab6369d05@group-16361C22082A-LeaderElection28] INFO  impl.LeaderElection (LogUtils.java:infoOrTrace(136)) -   Exception 0: java.util.concurrent.ExecutionException: org.apache.ratis.thirdparty.io.grpc.StatusRuntimeException: UNAVAILABLE: io exception
2024-05-10 09:23:30,910 [7ab25875-5f77-45a1-9004-12eab6369d05@group-16361C22082A-LeaderElection28] INFO  impl.LeaderElection (LogUtils.java:infoOrTrace(136)) -   Exception 1: java.util.concurrent.ExecutionException: org.apache.ratis.thirdparty.io.grpc.StatusRuntimeException: UNAVAILABLE: io exception
2024-05-10 09:23:30,910 [7ab25875-5f77-45a1-9004-12eab6369d05@group-16361C22082A-LeaderElection28] INFO  impl.LeaderElection (LeaderElection.java:askForVotes(323)) - 7ab25875-5f77-45a1-9004-12eab6369d05@group-16361C22082A-LeaderElection28 PRE_VOTE round 0: result REJECTED
2024-05-10 09:23:30,910 [7ab25875-5f77-45a1-9004-12eab6369d05@group-16361C22082A-LeaderElection28] INFO  server.RaftServer$Division (RaftServerImpl.java:setRole(383)) - 7ab25875-5f77-45a1-9004-12eab6369d05@group-16361C22082A: changes role from CANDIDATE to FOLLOWER at term 2 for REJECTED
2024-05-10 09:23:30,910 [7ab25875-5f77-45a1-9004-12eab6369d05@group-16361C22082A-LeaderElection28] INFO  impl.RoleInfo (RoleInfo.java:shutdownLeaderElection(130)) - 7ab25875-5f77-45a1-9004-12eab6369d05: shutdown 7ab25875-5f77-45a1-9004-12eab6369d05@group-16361C22082A-LeaderElection28
2024-05-10 09:23:30,910 [7ab25875-5f77-45a1-9004-12eab6369d05@group-16361C22082A-LeaderElection28] INFO  impl.RoleInfo (RoleInfo.java:updateAndGet(139)) - 7ab25875-5f77-45a1-9004-12eab6369d05: start 7ab25875-5f77-45a1-9004-12eab6369d05@group-16361C22082A-FollowerState
2024-05-10 09:23:36,003 [7ab25875-5f77-45a1-9004-12eab6369d05@group-16361C22082A-FollowerState] INFO  impl.FollowerState (FollowerState.java:run(143)) - 7ab25875-5f77-45a1-9004-12eab6369d05@group-16361C22082A-FollowerState: change to CANDIDATE, lastRpcElapsedTime:5092268733ns, electionTimeout:5092ms
2024-05-10 09:23:36,003 [7ab25875-5f77-45a1-9004-12eab6369d05@group-16361C22082A-FollowerState] INFO  impl.RoleInfo (RoleInfo.java:shutdownFollowerState(110)) - 7ab25875-5f77-45a1-9004-12eab6369d05: shutdown 7ab25875-5f77-45a1-9004-12eab6369d05@group-16361C22082A-FollowerState
2024-05-10 09:23:36,003 [7ab25875-5f77-45a1-9004-12eab6369d05@group-16361C22082A-FollowerState] INFO  server.RaftServer$Division (RaftServerImpl.java:setRole(383)) - 7ab25875-5f77-45a1-9004-12eab6369d05@group-16361C22082A: changes role from  FOLLOWER to CANDIDATE at term 2 for changeToCandidate
2024-05-10 09:23:36,003 [7ab25875-5f77-45a1-9004-12eab6369d05@group-16361C22082A-FollowerState] INFO  server.RaftServerConfigKeys (ConfUtils.java:logGet(46)) - raft.server.leaderelection.pre-vote = true (default)
2024-05-10 09:23:36,003 [7ab25875-5f77-45a1-9004-12eab6369d05@group-16361C22082A-FollowerState] INFO  impl.RoleInfo (RoleInfo.java:updateAndGet(139)) - 7ab25875-5f77-45a1-9004-12eab6369d05: start 7ab25875-5f77-45a1-9004-12eab6369d05@group-16361C22082A-LeaderElection29
2024-05-10 09:23:36,003 [7ab25875-5f77-45a1-9004-12eab6369d05@group-16361C22082A-LeaderElection29] INFO  impl.LeaderElection (LeaderElection.java:askForVotes(321)) - 7ab25875-5f77-45a1-9004-12eab6369d05@group-16361C22082A-LeaderElection29 PRE_VOTE round 0: submit vote requests at term 2 for 0: peers:[7c62eaa0-d491-4028-8bb9-25c4215260c7|127.0.0.1:15067, e260e396-598b-44a7-8564-b51448915afe|127.0.0.1:15085, 7ab25875-5f77-45a1-9004-12eab6369d05|127.0.0.1:15076]|listeners:[], old=null
2024-05-10 09:23:36,004 [7ab25875-5f77-45a1-9004-12eab6369d05@group-16361C22082A-LeaderElection29] INFO  impl.LeaderElection (LogUtils.java:infoOrTrace(136)) - 7ab25875-5f77-45a1-9004-12eab6369d05@group-16361C22082A-LeaderElection29 got exception when requesting votes: java.util.concurrent.ExecutionException: org.apache.ratis.thirdparty.io.grpc.StatusRuntimeException: UNAVAILABLE: io exception
2024-05-10 09:23:36,004 [7ab25875-5f77-45a1-9004-12eab6369d05@group-16361C22082A-LeaderElection29] INFO  impl.LeaderElection (LogUtils.java:infoOrTrace(136)) - 7ab25875-5f77-45a1-9004-12eab6369d05@group-16361C22082A-LeaderElection29 got exception when requesting votes: java.util.concurrent.ExecutionException: org.apache.ratis.thirdparty.io.grpc.StatusRuntimeException: UNAVAILABLE: io exception
2024-05-10 09:23:36,004 [7ab25875-5f77-45a1-9004-12eab6369d05@group-16361C22082A-LeaderElection29] INFO  impl.LeaderElection (LeaderElection.java:logAndReturn(89)) - 7ab25875-5f77-45a1-9004-12eab6369d05@group-16361C22082A-LeaderElection29: PRE_VOTE REJECTED received 0 response(s) and 2 exception(s):
2024-05-10 09:23:36,004 [7ab25875-5f77-45a1-9004-12eab6369d05@group-16361C22082A-LeaderElection29] INFO  impl.LeaderElection (LogUtils.java:infoOrTrace(136)) -   Exception 0: java.util.concurrent.ExecutionException: org.apache.ratis.thirdparty.io.grpc.StatusRuntimeException: UNAVAILABLE: io exception
2024-05-10 09:23:36,004 [7ab25875-5f77-45a1-9004-12eab6369d05@group-16361C22082A-LeaderElection29] INFO  impl.LeaderElection (LogUtils.java:infoOrTrace(136)) -   Exception 1: java.util.concurrent.ExecutionException: org.apache.ratis.thirdparty.io.grpc.StatusRuntimeException: UNAVAILABLE: io exception
2024-05-10 09:23:36,004 [7ab25875-5f77-45a1-9004-12eab6369d05@group-16361C22082A-LeaderElection29] INFO  impl.LeaderElection (LeaderElection.java:askForVotes(323)) - 7ab25875-5f77-45a1-9004-12eab6369d05@group-16361C22082A-LeaderElection29 PRE_VOTE round 0: result REJECTED
2024-05-10 09:23:36,004 [7ab25875-5f77-45a1-9004-12eab6369d05@group-16361C22082A-LeaderElection29] INFO  server.RaftServer$Division (RaftServerImpl.java:setRole(383)) - 7ab25875-5f77-45a1-9004-12eab6369d05@group-16361C22082A: changes role from CANDIDATE to FOLLOWER at term 2 for REJECTED
2024-05-10 09:23:36,004 [7ab25875-5f77-45a1-9004-12eab6369d05@group-16361C22082A-LeaderElection29] INFO  impl.RoleInfo (RoleInfo.java:shutdownLeaderElection(130)) - 7ab25875-5f77-45a1-9004-12eab6369d05: shutdown 7ab25875-5f77-45a1-9004-12eab6369d05@group-16361C22082A-LeaderElection29
2024-05-10 09:23:36,004 [7ab25875-5f77-45a1-9004-12eab6369d05@group-16361C22082A-LeaderElection29] INFO  impl.RoleInfo (RoleInfo.java:updateAndGet(139)) - 7ab25875-5f77-45a1-9004-12eab6369d05: start 7ab25875-5f77-45a1-9004-12eab6369d05@group-16361C22082A-FollowerState
2024-05-10 09:23:36,026 [7ab25875-5f77-45a1-9004-12eab6369d05@group-611B1F60644D-FollowerState] INFO  impl.FollowerState (FollowerState.java:run(143)) - 7ab25875-5f77-45a1-9004-12eab6369d05@group-611B1F60644D-FollowerState: change to CANDIDATE, lastRpcElapsedTime:5148265800ns, electionTimeout:5148ms
2024-05-10 09:23:36,026 [7ab25875-5f77-45a1-9004-12eab6369d05@group-611B1F60644D-FollowerState] INFO  impl.RoleInfo (RoleInfo.java:shutdownFollowerState(110)) - 7ab25875-5f77-45a1-9004-12eab6369d05: shutdown 7ab25875-5f77-45a1-9004-12eab6369d05@group-611B1F60644D-FollowerState
2024-05-10 09:23:36,026 [7ab25875-5f77-45a1-9004-12eab6369d05@group-611B1F60644D-FollowerState] INFO  server.RaftServer$Division (RaftServerImpl.java:setRole(383)) - 7ab25875-5f77-45a1-9004-12eab6369d05@group-611B1F60644D: changes role from  FOLLOWER to CANDIDATE at term 1 for changeToCandidate
2024-05-10 09:23:36,026 [7ab25875-5f77-45a1-9004-12eab6369d05@group-611B1F60644D-FollowerState] INFO  server.RaftServerConfigKeys (ConfUtils.java:logGet(46)) - raft.server.leaderelection.pre-vote = true (default)
2024-05-10 09:23:36,026 [7ab25875-5f77-45a1-9004-12eab6369d05@group-611B1F60644D-FollowerState] INFO  impl.RoleInfo (RoleInfo.java:updateAndGet(139)) - 7ab25875-5f77-45a1-9004-12eab6369d05: start 7ab25875-5f77-45a1-9004-12eab6369d05@group-611B1F60644D-LeaderElection30
2024-05-10 09:23:36,026 [7ab25875-5f77-45a1-9004-12eab6369d05@group-611B1F60644D-LeaderElection30] INFO  impl.LeaderElection (LeaderElection.java:askForVotes(321)) - 7ab25875-5f77-45a1-9004-12eab6369d05@group-611B1F60644D-LeaderElection30 PRE_VOTE round 0: submit vote requests at term 1 for 0: peers:[7c62eaa0-d491-4028-8bb9-25c4215260c7|127.0.0.1:15067, e260e396-598b-44a7-8564-b51448915afe|127.0.0.1:15085, 7ab25875-5f77-45a1-9004-12eab6369d05|127.0.0.1:15076]|listeners:[], old=null
2024-05-10 09:23:36,026 [7ab25875-5f77-45a1-9004-12eab6369d05@group-611B1F60644D-LeaderElection30] INFO  impl.LeaderElection (LogUtils.java:infoOrTrace(136)) - 7ab25875-5f77-45a1-9004-12eab6369d05@group-611B1F60644D-LeaderElection30 got exception when requesting votes: java.util.concurrent.ExecutionException: org.apache.ratis.thirdparty.io.grpc.StatusRuntimeException: UNAVAILABLE: io exception
2024-05-10 09:23:36,027 [7ab25875-5f77-45a1-9004-12eab6369d05@group-611B1F60644D-LeaderElection30] INFO  impl.LeaderElection (LogUtils.java:infoOrTrace(136)) - 7ab25875-5f77-45a1-9004-12eab6369d05@group-611B1F60644D-LeaderElection30 got exception when requesting votes: java.util.concurrent.ExecutionException: org.apache.ratis.thirdparty.io.grpc.StatusRuntimeException: UNAVAILABLE: io exception
2024-05-10 09:23:36,027 [7ab25875-5f77-45a1-9004-12eab6369d05@group-611B1F60644D-LeaderElection30] INFO  impl.LeaderElection (LeaderElection.java:logAndReturn(89)) - 7ab25875-5f77-45a1-9004-12eab6369d05@group-611B1F60644D-LeaderElection30: PRE_VOTE REJECTED received 0 response(s) and 2 exception(s):
2024-05-10 09:23:36,027 [7ab25875-5f77-45a1-9004-12eab6369d05@group-611B1F60644D-LeaderElection30] INFO  impl.LeaderElection (LogUtils.java:infoOrTrace(136)) -   Exception 0: java.util.concurrent.ExecutionException: org.apache.ratis.thirdparty.io.grpc.StatusRuntimeException: UNAVAILABLE: io exception
2024-05-10 09:23:36,027 [7ab25875-5f77-45a1-9004-12eab6369d05@group-611B1F60644D-LeaderElection30] INFO  impl.LeaderElection (LogUtils.java:infoOrTrace(136)) -   Exception 1: java.util.concurrent.ExecutionException: org.apache.ratis.thirdparty.io.grpc.StatusRuntimeException: UNAVAILABLE: io exception
2024-05-10 09:23:36,027 [7ab25875-5f77-45a1-9004-12eab6369d05@group-611B1F60644D-LeaderElection30] INFO  impl.LeaderElection (LeaderElection.java:askForVotes(323)) - 7ab25875-5f77-45a1-9004-12eab6369d05@group-611B1F60644D-LeaderElection30 PRE_VOTE round 0: result REJECTED
2024-05-10 09:23:36,027 [7ab25875-5f77-45a1-9004-12eab6369d05@group-611B1F60644D-LeaderElection30] INFO  server.RaftServer$Division (RaftServerImpl.java:setRole(383)) - 7ab25875-5f77-45a1-9004-12eab6369d05@group-611B1F60644D: changes role from CANDIDATE to FOLLOWER at term 1 for REJECTED
2024-05-10 09:23:36,027 [7ab25875-5f77-45a1-9004-12eab6369d05@group-611B1F60644D-LeaderElection30] INFO  impl.RoleInfo (RoleInfo.java:shutdownLeaderElection(130)) - 7ab25875-5f77-45a1-9004-12eab6369d05: shutdown 7ab25875-5f77-45a1-9004-12eab6369d05@group-611B1F60644D-LeaderElection30
2024-05-10 09:23:36,027 [7ab25875-5f77-45a1-9004-12eab6369d05@group-611B1F60644D-LeaderElection30] INFO  impl.RoleInfo (RoleInfo.java:updateAndGet(139)) - 7ab25875-5f77-45a1-9004-12eab6369d05: start 7ab25875-5f77-45a1-9004-12eab6369d05@group-611B1F60644D-FollowerState
2024-05-10 09:23:41,068 [7ab25875-5f77-45a1-9004-12eab6369d05@group-16361C22082A-FollowerState] INFO  impl.FollowerState (FollowerState.java:run(143)) - 7ab25875-5f77-45a1-9004-12eab6369d05@group-16361C22082A-FollowerState: change to CANDIDATE, lastRpcElapsedTime:5063250946ns, electionTimeout:5063ms
2024-05-10 09:23:41,068 [7ab25875-5f77-45a1-9004-12eab6369d05@group-16361C22082A-FollowerState] INFO  impl.RoleInfo (RoleInfo.java:shutdownFollowerState(110)) - 7ab25875-5f77-45a1-9004-12eab6369d05: shutdown 7ab25875-5f77-45a1-9004-12eab6369d05@group-16361C22082A-FollowerState
2024-05-10 09:23:41,068 [7ab25875-5f77-45a1-9004-12eab6369d05@group-16361C22082A-FollowerState] INFO  server.RaftServer$Division (RaftServerImpl.java:setRole(383)) - 7ab25875-5f77-45a1-9004-12eab6369d05@group-16361C22082A: changes role from  FOLLOWER to CANDIDATE at term 2 for changeToCandidate
2024-05-10 09:23:41,068 [7ab25875-5f77-45a1-9004-12eab6369d05@group-16361C22082A-FollowerState] INFO  server.RaftServerConfigKeys (ConfUtils.java:logGet(46)) - raft.server.leaderelection.pre-vote = true (default)
2024-05-10 09:23:41,068 [7ab25875-5f77-45a1-9004-12eab6369d05@group-16361C22082A-FollowerState] INFO  impl.RoleInfo (RoleInfo.java:updateAndGet(139)) - 7ab25875-5f77-45a1-9004-12eab6369d05: start 7ab25875-5f77-45a1-9004-12eab6369d05@group-16361C22082A-LeaderElection31
2024-05-10 09:23:41,068 [7ab25875-5f77-45a1-9004-12eab6369d05@group-16361C22082A-LeaderElection31] INFO  impl.LeaderElection (LeaderElection.java:askForVotes(321)) - 7ab25875-5f77-45a1-9004-12eab6369d05@group-16361C22082A-LeaderElection31 PRE_VOTE round 0: submit vote requests at term 2 for 0: peers:[7c62eaa0-d491-4028-8bb9-25c4215260c7|127.0.0.1:15067, e260e396-598b-44a7-8564-b51448915afe|127.0.0.1:15085, 7ab25875-5f77-45a1-9004-12eab6369d05|127.0.0.1:15076]|listeners:[], old=null
2024-05-10 09:23:41,069 [7ab25875-5f77-45a1-9004-12eab6369d05@group-16361C22082A-LeaderElection31] INFO  impl.LeaderElection (LogUtils.java:infoOrTrace(136)) - 7ab25875-5f77-45a1-9004-12eab6369d05@group-16361C22082A-LeaderElection31 got exception when requesting votes: java.util.concurrent.ExecutionException: org.apache.ratis.thirdparty.io.grpc.StatusRuntimeException: UNAVAILABLE: io exception
2024-05-10 09:23:41,069 [7ab25875-5f77-45a1-9004-12eab6369d05@group-16361C22082A-LeaderElection31] INFO  impl.LeaderElection (LogUtils.java:infoOrTrace(136)) - 7ab25875-5f77-45a1-9004-12eab6369d05@group-16361C22082A-LeaderElection31 got exception when requesting votes: java.util.concurrent.ExecutionException: org.apache.ratis.thirdparty.io.grpc.StatusRuntimeException: UNAVAILABLE: io exception
2024-05-10 09:23:41,069 [7ab25875-5f77-45a1-9004-12eab6369d05@group-16361C22082A-LeaderElection31] INFO  impl.LeaderElection (LeaderElection.java:logAndReturn(89)) - 7ab25875-5f77-45a1-9004-12eab6369d05@group-16361C22082A-LeaderElection31: PRE_VOTE REJECTED received 0 response(s) and 2 exception(s):
2024-05-10 09:23:41,069 [7ab25875-5f77-45a1-9004-12eab6369d05@group-16361C22082A-LeaderElection31] INFO  impl.LeaderElection (LogUtils.java:infoOrTrace(136)) -   Exception 0: java.util.concurrent.ExecutionException: org.apache.ratis.thirdparty.io.grpc.StatusRuntimeException: UNAVAILABLE: io exception
2024-05-10 09:23:41,069 [7ab25875-5f77-45a1-9004-12eab6369d05@group-16361C22082A-LeaderElection31] INFO  impl.LeaderElection (LogUtils.java:infoOrTrace(136)) -   Exception 1: java.util.concurrent.ExecutionException: org.apache.ratis.thirdparty.io.grpc.StatusRuntimeException: UNAVAILABLE: io exception
2024-05-10 09:23:41,069 [7ab25875-5f77-45a1-9004-12eab6369d05@group-16361C22082A-LeaderElection31] INFO  impl.LeaderElection (LeaderElection.java:askForVotes(323)) - 7ab25875-5f77-45a1-9004-12eab6369d05@group-16361C22082A-LeaderElection31 PRE_VOTE round 0: result REJECTED
2024-05-10 09:23:41,069 [7ab25875-5f77-45a1-9004-12eab6369d05@group-16361C22082A-LeaderElection31] INFO  server.RaftServer$Division (RaftServerImpl.java:setRole(383)) - 7ab25875-5f77-45a1-9004-12eab6369d05@group-16361C22082A: changes role from CANDIDATE to FOLLOWER at term 2 for REJECTED
2024-05-10 09:23:41,069 [7ab25875-5f77-45a1-9004-12eab6369d05@group-16361C22082A-LeaderElection31] INFO  impl.RoleInfo (RoleInfo.java:shutdownLeaderElection(130)) - 7ab25875-5f77-45a1-9004-12eab6369d05: shutdown 7ab25875-5f77-45a1-9004-12eab6369d05@group-16361C22082A-LeaderElection31
2024-05-10 09:23:41,070 [7ab25875-5f77-45a1-9004-12eab6369d05@group-16361C22082A-LeaderElection31] INFO  impl.RoleInfo (RoleInfo.java:updateAndGet(139)) - 7ab25875-5f77-45a1-9004-12eab6369d05: start 7ab25875-5f77-45a1-9004-12eab6369d05@group-16361C22082A-FollowerState
2024-05-10 09:23:41,221 [7ab25875-5f77-45a1-9004-12eab6369d05@group-611B1F60644D-FollowerState] INFO  impl.FollowerState (FollowerState.java:run(143)) - 7ab25875-5f77-45a1-9004-12eab6369d05@group-611B1F60644D-FollowerState: change to CANDIDATE, lastRpcElapsedTime:5194266134ns, electionTimeout:5194ms
2024-05-10 09:23:41,221 [7ab25875-5f77-45a1-9004-12eab6369d05@group-611B1F60644D-FollowerState] INFO  impl.RoleInfo (RoleInfo.java:shutdownFollowerState(110)) - 7ab25875-5f77-45a1-9004-12eab6369d05: shutdown 7ab25875-5f77-45a1-9004-12eab6369d05@group-611B1F60644D-FollowerState
2024-05-10 09:23:41,221 [7ab25875-5f77-45a1-9004-12eab6369d05@group-611B1F60644D-FollowerState] INFO  server.RaftServer$Division (RaftServerImpl.java:setRole(383)) - 7ab25875-5f77-45a1-9004-12eab6369d05@group-611B1F60644D: changes role from  FOLLOWER to CANDIDATE at term 1 for changeToCandidate
2024-05-10 09:23:41,222 [7ab25875-5f77-45a1-9004-12eab6369d05@group-611B1F60644D-FollowerState] INFO  server.RaftServerConfigKeys (ConfUtils.java:logGet(46)) - raft.server.leaderelection.pre-vote = true (default)
2024-05-10 09:23:41,222 [7ab25875-5f77-45a1-9004-12eab6369d05@group-611B1F60644D-FollowerState] INFO  impl.RoleInfo (RoleInfo.java:updateAndGet(139)) - 7ab25875-5f77-45a1-9004-12eab6369d05: start 7ab25875-5f77-45a1-9004-12eab6369d05@group-611B1F60644D-LeaderElection32
2024-05-10 09:23:41,222 [7ab25875-5f77-45a1-9004-12eab6369d05@group-611B1F60644D-LeaderElection32] INFO  impl.LeaderElection (LeaderElection.java:askForVotes(321)) - 7ab25875-5f77-45a1-9004-12eab6369d05@group-611B1F60644D-LeaderElection32 PRE_VOTE round 0: submit vote requests at term 1 for 0: peers:[7c62eaa0-d491-4028-8bb9-25c4215260c7|127.0.0.1:15067, e260e396-598b-44a7-8564-b51448915afe|127.0.0.1:15085, 7ab25875-5f77-45a1-9004-12eab6369d05|127.0.0.1:15076]|listeners:[], old=null
2024-05-10 09:23:41,222 [7ab25875-5f77-45a1-9004-12eab6369d05@group-611B1F60644D-LeaderElection32] INFO  impl.LeaderElection (LogUtils.java:infoOrTrace(136)) - 7ab25875-5f77-45a1-9004-12eab6369d05@group-611B1F60644D-LeaderElection32 got exception when requesting votes: java.util.concurrent.ExecutionException: org.apache.ratis.thirdparty.io.grpc.StatusRuntimeException: UNAVAILABLE: io exception
2024-05-10 09:23:41,222 [7ab25875-5f77-45a1-9004-12eab6369d05@group-611B1F60644D-LeaderElection32] INFO  impl.LeaderElection (LogUtils.java:infoOrTrace(136)) - 7ab25875-5f77-45a1-9004-12eab6369d05@group-611B1F60644D-LeaderElection32 got exception when requesting votes: java.util.concurrent.ExecutionException: org.apache.ratis.thirdparty.io.grpc.StatusRuntimeException: UNAVAILABLE: io exception
2024-05-10 09:23:41,223 [7ab25875-5f77-45a1-9004-12eab6369d05@group-611B1F60644D-LeaderElection32] INFO  impl.LeaderElection (LeaderElection.java:logAndReturn(89)) - 7ab25875-5f77-45a1-9004-12eab6369d05@group-611B1F60644D-LeaderElection32: PRE_VOTE REJECTED received 0 response(s) and 2 exception(s):
2024-05-10 09:23:41,223 [7ab25875-5f77-45a1-9004-12eab6369d05@group-611B1F60644D-LeaderElection32] INFO  impl.LeaderElection (LogUtils.java:infoOrTrace(136)) -   Exception 0: java.util.concurrent.ExecutionException: org.apache.ratis.thirdparty.io.grpc.StatusRuntimeException: UNAVAILABLE: io exception
2024-05-10 09:23:41,223 [7ab25875-5f77-45a1-9004-12eab6369d05@group-611B1F60644D-LeaderElection32] INFO  impl.LeaderElection (LogUtils.java:infoOrTrace(136)) -   Exception 1: java.util.concurrent.ExecutionException: org.apache.ratis.thirdparty.io.grpc.StatusRuntimeException: UNAVAILABLE: io exception
2024-05-10 09:23:41,223 [7ab25875-5f77-45a1-9004-12eab6369d05@group-611B1F60644D-LeaderElection32] INFO  impl.LeaderElection (LeaderElection.java:askForVotes(323)) - 7ab25875-5f77-45a1-9004-12eab6369d05@group-611B1F60644D-LeaderElection32 PRE_VOTE round 0: result REJECTED
2024-05-10 09:23:41,223 [7ab25875-5f77-45a1-9004-12eab6369d05@group-611B1F60644D-LeaderElection32] INFO  server.RaftServer$Division (RaftServerImpl.java:setRole(383)) - 7ab25875-5f77-45a1-9004-12eab6369d05@group-611B1F60644D: changes role from CANDIDATE to FOLLOWER at term 1 for REJECTED
2024-05-10 09:23:41,223 [7ab25875-5f77-45a1-9004-12eab6369d05@group-611B1F60644D-LeaderElection32] INFO  impl.RoleInfo (RoleInfo.java:shutdownLeaderElection(130)) - 7ab25875-5f77-45a1-9004-12eab6369d05: shutdown 7ab25875-5f77-45a1-9004-12eab6369d05@group-611B1F60644D-LeaderElection32
2024-05-10 09:23:41,223 [7ab25875-5f77-45a1-9004-12eab6369d05@group-611B1F60644D-LeaderElection32] INFO  impl.RoleInfo (RoleInfo.java:updateAndGet(139)) - 7ab25875-5f77-45a1-9004-12eab6369d05: start 7ab25875-5f77-45a1-9004-12eab6369d05@group-611B1F60644D-FollowerState
2024-05-10 09:23:42,033 [main] WARN  storage.AbstractCommitWatcher (AbstractCommitWatcher.java:getIOExceptionForWatchForCommit(180)) - watchForCommit failed for index 106
java.util.concurrent.ExecutionException: org.apache.ratis.protocol.exceptions.RaftRetryFailureException: Failed RaftClientRequest:client-D96461C55027->e260e396-598b-44a7-8564-b51448915afe@group-611B1F60644D, cid=32, seq=null, Watch-MAJORITY_COMMITTED(106), null for 3 attempts with RequestTypeDependentRetryPolicy{WRITE->ExceptionDependentRetry(maxAttempts=2147483647; defaultPolicy=MultipleLinearRandomRetry[5x5s, 5x10s, 5x15s, 5x20s, 5x25s, 10x60s]; map={org.apache.ratis.protocol.exceptions.GroupMismatchException->NoRetry, org.apache.ratis.protocol.exceptions.NotReplicatedException->NoRetry, org.apache.ratis.protocol.exceptions.ResourceUnavailableException->org.apache.ratis.retry.ExponentialBackoffRetry@2083a314, org.apache.ratis.protocol.exceptions.StateMachineException->NoRetry, org.apache.ratis.protocol.exceptions.TimeoutIOException->org.apache.ratis.retry.ExponentialBackoffRetry@2083a314}), WATCH->ExceptionDependentRetry(maxAttempts=2147483647; defaultPolicy=MultipleLinearRandomRetry[5x5s, 5x10s, 5x15s, 5x20s, 5x25s, 10x60s]; map={org.apache.ratis.protocol.exceptions.GroupMismatchException->NoRetry, org.apache.ratis.protocol.exceptions.NotReplicatedException->NoRetry, org.apache.ratis.protocol.exceptions.ResourceUnavailableException->org.apache.ratis.retry.ExponentialBackoffRetry@2083a314, org.apache.ratis.protocol.exceptions.StateMachineException->NoRetry, org.apache.ratis.protocol.exceptions.TimeoutIOException->NoRetry})}
	at java.base/java.util.concurrent.CompletableFuture.reportGet(CompletableFuture.java:396)
	at java.base/java.util.concurrent.CompletableFuture.get(CompletableFuture.java:2073)
	at org.apache.hadoop.hdds.scm.XceiverClientRatis.watchForCommit(XceiverClientRatis.java:293)
	at org.apache.hadoop.hdds.scm.storage.AbstractCommitWatcher.watchForCommit(AbstractCommitWatcher.java:142)
	at org.apache.hadoop.hdds.scm.storage.TestCommitWatcher.lambda$testReleaseBuffersOnException$2(TestCommitWatcher.java:311)
	at org.junit.jupiter.api.AssertThrows.assertThrows(AssertThrows.java:53)
	at org.junit.jupiter.api.AssertThrows.assertThrows(AssertThrows.java:35)
	at org.junit.jupiter.api.Assertions.assertThrows(Assertions.java:3115)
	at org.apache.hadoop.hdds.scm.storage.TestCommitWatcher.testReleaseBuffersOnException(TestCommitWatcher.java:311)
	at java.base/jdk.internal.reflect.NativeMethodAccessorImpl.invoke0(Native Method)
	at java.base/jdk.internal.reflect.NativeMethodAccessorImpl.invoke(NativeMethodAccessorImpl.java:77)
	at java.base/jdk.internal.reflect.DelegatingMethodAccessorImpl.invoke(DelegatingMethodAccessorImpl.java:43)
	at java.base/java.lang.reflect.Method.invoke(Method.java:568)
	at org.junit.platform.commons.util.ReflectionUtils.invokeMethod(ReflectionUtils.java:728)
	at org.junit.jupiter.engine.execution.MethodInvocation.proceed(MethodInvocation.java:60)
	at org.junit.jupiter.engine.execution.InvocationInterceptorChain$ValidatingInvocation.proceed(InvocationInterceptorChain.java:131)
	at org.junit.jupiter.engine.extension.SameThreadTimeoutInvocation.proceed(SameThreadTimeoutInvocation.java:45)
	at org.junit.jupiter.engine.extension.TimeoutExtension.intercept(TimeoutExtension.java:156)
	at org.junit.jupiter.engine.extension.TimeoutExtension.interceptTestableMethod(TimeoutExtension.java:147)
	at org.junit.jupiter.engine.extension.TimeoutExtension.interceptTestMethod(TimeoutExtension.java:86)
	at org.junit.jupiter.engine.execution.InterceptingExecutableInvoker$ReflectiveInterceptorCall.lambda$ofVoidMethod$0(InterceptingExecutableInvoker.java:103)
	at org.junit.jupiter.engine.execution.InterceptingExecutableInvoker.lambda$invoke$0(InterceptingExecutableInvoker.java:93)
	at org.junit.jupiter.engine.execution.InvocationInterceptorChain$InterceptedInvocation.proceed(InvocationInterceptorChain.java:106)
	at org.junit.jupiter.engine.execution.InvocationInterceptorChain.proceed(InvocationInterceptorChain.java:64)
	at org.junit.jupiter.engine.execution.InvocationInterceptorChain.chainAndInvoke(InvocationInterceptorChain.java:45)
	at org.junit.jupiter.engine.execution.InvocationInterceptorChain.invoke(InvocationInterceptorChain.java:37)
	at org.junit.jupiter.engine.execution.InterceptingExecutableInvoker.invoke(InterceptingExecutableInvoker.java:92)
	at org.junit.jupiter.engine.execution.InterceptingExecutableInvoker.invoke(InterceptingExecutableInvoker.java:86)
	at org.junit.jupiter.engine.descriptor.TestMethodTestDescriptor.lambda$invokeTestMethod$7(TestMethodTestDescriptor.java:218)
	at org.junit.platform.engine.support.hierarchical.ThrowableCollector.execute(ThrowableCollector.java:73)
	at org.junit.jupiter.engine.descriptor.TestMethodTestDescriptor.invokeTestMethod(TestMethodTestDescriptor.java:214)
	at org.junit.jupiter.engine.descriptor.TestMethodTestDescriptor.execute(TestMethodTestDescriptor.java:139)
	at org.junit.jupiter.engine.descriptor.TestMethodTestDescriptor.execute(TestMethodTestDescriptor.java:69)
	at org.junit.platform.engine.support.hierarchical.NodeTestTask.lambda$executeRecursively$6(NodeTestTask.java:151)
	at org.junit.platform.engine.support.hierarchical.ThrowableCollector.execute(ThrowableCollector.java:73)
	at org.junit.platform.engine.support.hierarchical.NodeTestTask.lambda$executeRecursively$8(NodeTestTask.java:141)
	at org.junit.platform.engine.support.hierarchical.Node.around(Node.java:137)
	at org.junit.platform.engine.support.hierarchical.NodeTestTask.lambda$executeRecursively$9(NodeTestTask.java:139)
	at org.junit.platform.engine.support.hierarchical.ThrowableCollector.execute(ThrowableCollector.java:73)
	at org.junit.platform.engine.support.hierarchical.NodeTestTask.executeRecursively(NodeTestTask.java:138)
	at org.junit.platform.engine.support.hierarchical.NodeTestTask.execute(NodeTestTask.java:95)
	at java.base/java.util.ArrayList.forEach(ArrayList.java:1511)
	at org.junit.platform.engine.support.hierarchical.SameThreadHierarchicalTestExecutorService.invokeAll(SameThreadHierarchicalTestExecutorService.java:41)
	at org.junit.platform.engine.support.hierarchical.NodeTestTask.lambda$executeRecursively$6(NodeTestTask.java:155)
	at org.junit.platform.engine.support.hierarchical.ThrowableCollector.execute(ThrowableCollector.java:73)
	at org.junit.platform.engine.support.hierarchical.NodeTestTask.lambda$executeRecursively$8(NodeTestTask.java:141)
	at org.junit.platform.engine.support.hierarchical.Node.around(Node.java:137)
	at org.junit.platform.engine.support.hierarchical.NodeTestTask.lambda$executeRecursively$9(NodeTestTask.java:139)
	at org.junit.platform.engine.support.hierarchical.ThrowableCollector.execute(ThrowableCollector.java:73)
	at org.junit.platform.engine.support.hierarchical.NodeTestTask.executeRecursively(NodeTestTask.java:138)
	at org.junit.platform.engine.support.hierarchical.NodeTestTask.execute(NodeTestTask.java:95)
	at java.base/java.util.ArrayList.forEach(ArrayList.java:1511)
	at org.junit.platform.engine.support.hierarchical.SameThreadHierarchicalTestExecutorService.invokeAll(SameThreadHierarchicalTestExecutorService.java:41)
	at org.junit.platform.engine.support.hierarchical.NodeTestTask.lambda$executeRecursively$6(NodeTestTask.java:155)
	at org.junit.platform.engine.support.hierarchical.ThrowableCollector.execute(ThrowableCollector.java:73)
	at org.junit.platform.engine.support.hierarchical.NodeTestTask.lambda$executeRecursively$8(NodeTestTask.java:141)
	at org.junit.platform.engine.support.hierarchical.Node.around(Node.java:137)
	at org.junit.platform.engine.support.hierarchical.NodeTestTask.lambda$executeRecursively$9(NodeTestTask.java:139)
	at org.junit.platform.engine.support.hierarchical.ThrowableCollector.execute(ThrowableCollector.java:73)
	at org.junit.platform.engine.support.hierarchical.NodeTestTask.executeRecursively(NodeTestTask.java:138)
	at org.junit.platform.engine.support.hierarchical.NodeTestTask.execute(NodeTestTask.java:95)
	at org.junit.platform.engine.support.hierarchical.SameThreadHierarchicalTestExecutorService.submit(SameThreadHierarchicalTestExecutorService.java:35)
	at org.junit.platform.engine.support.hierarchical.HierarchicalTestExecutor.execute(HierarchicalTestExecutor.java:57)
	at org.junit.platform.engine.support.hierarchical.HierarchicalTestEngine.execute(HierarchicalTestEngine.java:54)
	at org.junit.platform.launcher.core.EngineExecutionOrchestrator.execute(EngineExecutionOrchestrator.java:198)
	at org.junit.platform.launcher.core.EngineExecutionOrchestrator.execute(EngineExecutionOrchestrator.java:169)
	at org.junit.platform.launcher.core.EngineExecutionOrchestrator.execute(EngineExecutionOrchestrator.java:93)
	at org.junit.platform.launcher.core.EngineExecutionOrchestrator.lambda$execute$0(EngineExecutionOrchestrator.java:58)
	at org.junit.platform.launcher.core.EngineExecutionOrchestrator.withInterceptedStreams(EngineExecutionOrchestrator.java:141)
	at org.junit.platform.launcher.core.EngineExecutionOrchestrator.execute(EngineExecutionOrchestrator.java:57)
	at org.junit.platform.launcher.core.DefaultLauncher.execute(DefaultLauncher.java:103)
	at org.junit.platform.launcher.core.DefaultLauncher.execute(DefaultLauncher.java:85)
	at org.junit.platform.launcher.core.DelegatingLauncher.execute(DelegatingLauncher.java:47)
	at org.junit.platform.launcher.core.SessionPerRequestLauncher.execute(SessionPerRequestLauncher.java:63)
	at org.apache.maven.surefire.junitplatform.JUnitPlatformProvider.invokeAllTests(JUnitPlatformProvider.java:154)
	at org.apache.maven.surefire.junitplatform.JUnitPlatformProvider.invoke(JUnitPlatformProvider.java:123)
	at org.apache.maven.surefire.booter.ForkedBooter.runSuitesInProcess(ForkedBooter.java:377)
	at org.apache.maven.surefire.booter.ForkedBooter.execute(ForkedBooter.java:138)
	at org.apache.maven.surefire.booter.ForkedBooter.run(ForkedBooter.java:465)
	at org.apache.maven.surefire.booter.ForkedBooter.main(ForkedBooter.java:451)
Caused by: org.apache.ratis.protocol.exceptions.RaftRetryFailureException: Failed RaftClientRequest:client-D96461C55027->e260e396-598b-44a7-8564-b51448915afe@group-611B1F60644D, cid=32, seq=null, Watch-MAJORITY_COMMITTED(106), null for 3 attempts with RequestTypeDependentRetryPolicy{WRITE->ExceptionDependentRetry(maxAttempts=2147483647; defaultPolicy=MultipleLinearRandomRetry[5x5s, 5x10s, 5x15s, 5x20s, 5x25s, 10x60s]; map={org.apache.ratis.protocol.exceptions.GroupMismatchException->NoRetry, org.apache.ratis.protocol.exceptions.NotReplicatedException->NoRetry, org.apache.ratis.protocol.exceptions.ResourceUnavailableException->org.apache.ratis.retry.ExponentialBackoffRetry@2083a314, org.apache.ratis.protocol.exceptions.StateMachineException->NoRetry, org.apache.ratis.protocol.exceptions.TimeoutIOException->org.apache.ratis.retry.ExponentialBackoffRetry@2083a314}), WATCH->ExceptionDependentRetry(maxAttempts=2147483647; defaultPolicy=MultipleLinearRandomRetry[5x5s, 5x10s, 5x15s, 5x20s, 5x25s, 10x60s]; map={org.apache.ratis.protocol.exceptions.GroupMismatchException->NoRetry, org.apache.ratis.protocol.exceptions.NotReplicatedException->NoRetry, org.apache.ratis.protocol.exceptions.ResourceUnavailableException->org.apache.ratis.retry.ExponentialBackoffRetry@2083a314, org.apache.ratis.protocol.exceptions.StateMachineException->NoRetry, org.apache.ratis.protocol.exceptions.TimeoutIOException->NoRetry})}
	at org.apache.ratis.client.impl.RaftClientImpl.noMoreRetries(RaftClientImpl.java:353)
	at org.apache.ratis.client.impl.UnorderedAsync.lambda$sendRequestWithRetry$4(UnorderedAsync.java:98)
	at java.base/java.util.concurrent.CompletableFuture.uniWhenComplete(CompletableFuture.java:863)
	at java.base/java.util.concurrent.CompletableFuture$UniWhenComplete.tryFire(CompletableFuture.java:841)
	at java.base/java.util.concurrent.CompletableFuture$Completion.exec(CompletableFuture.java:483)
	at java.base/java.util.concurrent.ForkJoinTask.doExec(ForkJoinTask.java:373)
	at java.base/java.util.concurrent.ForkJoinPool$WorkQueue.topLevelExec(ForkJoinPool.java:1182)
	at java.base/java.util.concurrent.ForkJoinPool.scan(ForkJoinPool.java:1655)
	at java.base/java.util.concurrent.ForkJoinPool.runWorker(ForkJoinPool.java:1622)
	at java.base/java.util.concurrent.ForkJoinWorkerThread.run(ForkJoinWorkerThread.java:165)
Caused by: java.io.IOException: org.apache.ratis.thirdparty.io.grpc.StatusRuntimeException: UNAVAILABLE: io exception
	at org.apache.ratis.grpc.GrpcUtil.unwrapException(GrpcUtil.java:99)
	at org.apache.ratis.grpc.GrpcUtil.unwrapIOException(GrpcUtil.java:159)
	at org.apache.ratis.grpc.client.GrpcClientProtocolClient$AsyncStreamObservers$1.onError(GrpcClientProtocolClient.java:330)
	at org.apache.ratis.thirdparty.io.grpc.stub.ClientCalls$StreamObserverToCallListenerAdapter.onClose(ClientCalls.java:481)
	at org.apache.ratis.thirdparty.io.grpc.PartialForwardingClientCallListener.onClose(PartialForwardingClientCallListener.java:39)
	at org.apache.ratis.thirdparty.io.grpc.ForwardingClientCallListener.onClose(ForwardingClientCallListener.java:23)
	at org.apache.ratis.grpc.metrics.intercept.client.MetricClientCallListener.onClose(MetricClientCallListener.java:47)
	at org.apache.ratis.thirdparty.io.grpc.internal.DelayedClientCall$DelayedListener$3.run(DelayedClientCall.java:489)
	at org.apache.ratis.thirdparty.io.grpc.internal.DelayedClientCall$DelayedListener.delayOrExecute(DelayedClientCall.java:453)
	at org.apache.ratis.thirdparty.io.grpc.internal.DelayedClientCall$DelayedListener.onClose(DelayedClientCall.java:486)
	at org.apache.ratis.thirdparty.io.grpc.internal.ClientCallImpl.closeObserver(ClientCallImpl.java:567)
	at org.apache.ratis.thirdparty.io.grpc.internal.ClientCallImpl.access$300(ClientCallImpl.java:71)
	at org.apache.ratis.thirdparty.io.grpc.internal.ClientCallImpl$ClientStreamListenerImpl$1StreamClosed.runInternal(ClientCallImpl.java:735)
	at org.apache.ratis.thirdparty.io.grpc.internal.ClientCallImpl$ClientStreamListenerImpl$1StreamClosed.runInContext(ClientCallImpl.java:716)
	at org.apache.ratis.thirdparty.io.grpc.internal.ContextRunnable.run(ContextRunnable.java:37)
	at org.apache.ratis.thirdparty.io.grpc.internal.SerializingExecutor.run(SerializingExecutor.java:133)
	at java.base/java.util.concurrent.ThreadPoolExecutor.runWorker(ThreadPoolExecutor.java:1136)
	at java.base/java.util.concurrent.ThreadPoolExecutor$Worker.run(ThreadPoolExecutor.java:635)
	at java.base/java.lang.Thread.run(Thread.java:840)
Caused by: org.apache.ratis.thirdparty.io.grpc.StatusRuntimeException: UNAVAILABLE: io exception
	at org.apache.ratis.thirdparty.io.grpc.Status.asRuntimeException(Status.java:537)
	... 16 more
Caused by: org.apache.ratis.thirdparty.io.netty.channel.AbstractChannel$AnnotatedConnectException: finishConnect(..) failed: Connection refused: /127.0.0.1:15083
Caused by: java.net.ConnectException: finishConnect(..) failed: Connection refused
	at org.apache.ratis.thirdparty.io.netty.channel.unix.Errors.newConnectException0(Errors.java:166)
	at org.apache.ratis.thirdparty.io.netty.channel.unix.Errors.handleConnectErrno(Errors.java:131)
	at org.apache.ratis.thirdparty.io.netty.channel.unix.Socket.finishConnect(Socket.java:359)
	at org.apache.ratis.thirdparty.io.netty.channel.epoll.AbstractEpollChannel$AbstractEpollUnsafe.doFinishConnect(AbstractEpollChannel.java:710)
	at org.apache.ratis.thirdparty.io.netty.channel.epoll.AbstractEpollChannel$AbstractEpollUnsafe.finishConnect(AbstractEpollChannel.java:687)
	at org.apache.ratis.thirdparty.io.netty.channel.epoll.AbstractEpollChannel$AbstractEpollUnsafe.epollOutReady(AbstractEpollChannel.java:567)
	at org.apache.ratis.thirdparty.io.netty.channel.epoll.EpollEventLoop.processReady(EpollEventLoop.java:499)
	at org.apache.ratis.thirdparty.io.netty.channel.epoll.EpollEventLoop.run(EpollEventLoop.java:407)
	at org.apache.ratis.thirdparty.io.netty.util.concurrent.SingleThreadEventExecutor$4.run(SingleThreadEventExecutor.java:997)
	at org.apache.ratis.thirdparty.io.netty.util.internal.ThreadExecutorMap$2.run(ThreadExecutorMap.java:74)
	at org.apache.ratis.thirdparty.io.netty.util.concurrent.FastThreadLocalRunnable.run(FastThreadLocalRunnable.java:30)
	at java.base/java.lang.Thread.run(Thread.java:840)
2024-05-10 09:23:42,038 [main] INFO  ozone.MiniOzoneClusterImpl (MiniOzoneClusterImpl.java:shutdown(396)) - Shutting down the Mini Ozone Cluster
2024-05-10 09:23:42,038 [main] INFO  db.CodecTestUtil (CodecTestUtil.java:gc(50)) - gc 0
2024-05-10 09:23:42,202 [main] INFO  ozone.MiniOzoneClusterImpl (MiniOzoneClusterImpl.java:stop(412)) - Stopping the Mini Ozone Cluster
2024-05-10 09:23:42,203 [main] INFO  om.OzoneManager (OzoneManager.java:stop(2232)) - om1[localhost:15057]: Stopping Ozone Manager
2024-05-10 09:23:42,203 [main] INFO  ipc.Server (Server.java:stop(3523)) - Stopping server on 15057
2024-05-10 09:23:42,203 [IPC Server Responder] INFO  ipc.Server (Server.java:run(1567)) - Stopping IPC Server Responder
2024-05-10 09:23:42,204 [IPC Server listener on 15057] INFO  ipc.Server (Server.java:run(1434)) - Stopping IPC Server listener on 15057
2024-05-10 09:23:42,204 [main] INFO  ratis.OzoneManagerRatisServer (OzoneManagerRatisServer.java:stop(594)) - Stopping org.apache.hadoop.ozone.om.ratis.OzoneManagerRatisServer@2f6acdcc at port 15060
2024-05-10 09:23:42,204 [main] INFO  server.RaftServer (RaftServerProxy.java:lambda$close$9(416)) - om1: close
2024-05-10 09:23:42,204 [main] INFO  server.GrpcService (GrpcService.java:closeImpl(311)) - om1: shutdown server GrpcServerProtocolService now
2024-05-10 09:23:42,204 [om1-impl-thread2] INFO  server.RaftServer$Division (RaftServerImpl.java:lambda$close$3(526)) - om1@group-C5BA1605619E: shutdown
2024-05-10 09:23:42,205 [om1-impl-thread2] INFO  util.JmxRegister (JmxRegister.java:unregister(73)) - Successfully un-registered JMX Bean with object name Ratis:service=RaftServer,group=group-C5BA1605619E,id=om1
2024-05-10 09:23:42,205 [om1-impl-thread2] INFO  impl.RoleInfo (RoleInfo.java:shutdownLeaderState(94)) - om1: shutdown om1@group-C5BA1605619E-LeaderStateImpl
2024-05-10 09:23:42,205 [om1-impl-thread2] INFO  impl.PendingRequests (PendingRequests.java:sendNotLeaderResponses(289)) - om1@group-C5BA1605619E-PendingRequests: sendNotLeaderResponses
2024-05-10 09:23:42,205 [main] INFO  server.GrpcService (GrpcService.java:closeImpl(320)) - om1: shutdown server GrpcServerProtocolService successfully
2024-05-10 09:23:42,206 [om1-impl-thread2] INFO  impl.StateMachineUpdater (StateMachineUpdater.java:stopAndJoin(157)) - om1@group-C5BA1605619E-StateMachineUpdater: set stopIndex = 4
2024-05-10 09:23:42,206 [om1@group-C5BA1605619E-StateMachineUpdater] INFO  ratis.OzoneManagerStateMachine (OzoneManagerStateMachine.java:takeSnapshotImpl(481)) -  applied = (t:1, i:4)
2024-05-10 09:23:42,206 [om1@group-C5BA1605619E-StateMachineUpdater] INFO  ratis.OzoneManagerStateMachine (OzoneManagerStateMachine.java:takeSnapshotImpl(482)) -  skipped = 3
2024-05-10 09:23:42,206 [om1@group-C5BA1605619E-StateMachineUpdater] INFO  ratis.OzoneManagerStateMachine (OzoneManagerStateMachine.java:takeSnapshotImpl(483)) - notified = (t:1, i:4)
2024-05-10 09:23:42,206 [om1@group-C5BA1605619E-StateMachineUpdater] INFO  ratis.OzoneManagerStateMachine (OzoneManagerStateMachine.java:takeSnapshotImpl(484)) - snapshot = (t:1, i:4)
2024-05-10 09:23:42,217 [om1@group-C5BA1605619E-StateMachineUpdater] INFO  impl.StateMachineUpdater (StateMachineUpdater.java:takeSnapshot(295)) - om1@group-C5BA1605619E-StateMachineUpdater: Took a snapshot at index 4
2024-05-10 09:23:42,217 [om1@group-C5BA1605619E-StateMachineUpdater] INFO  impl.StateMachineUpdater (StateMachineUpdater.java:lambda$new$0(98)) - om1@group-C5BA1605619E-StateMachineUpdater: snapshotIndex: updateIncreasingly -1 -> 4
2024-05-10 09:23:42,217 [om1@group-C5BA1605619E-StateMachineUpdater] INFO  ratis.OzoneManagerStateMachine (OzoneManagerStateMachine.java:close(527)) - Stopping OzoneManagerStateMachine:om1:group-C5BA1605619E.
2024-05-10 09:23:42,217 [om1@group-C5BA1605619E-StateMachineUpdater] INFO  ratis.OzoneManagerDoubleBuffer (OzoneManagerDoubleBuffer.java:stopDaemon(517)) - Stopping OMDoubleBuffer flush thread
2024-05-10 09:23:42,217 [om1-OMDoubleBufferFlushThread] INFO  ratis.OzoneManagerDoubleBuffer (OzoneManagerDoubleBuffer.java:canFlush(581)) - OMDoubleBuffer flush thread om1-OMDoubleBufferFlushThread is interrupted and will exit.
2024-05-10 09:23:42,217 [om1-impl-thread2] INFO  server.RaftServer$Division (ServerState.java:close(427)) - om1@group-C5BA1605619E: applyIndex: 4
2024-05-10 09:23:42,218 [om1@group-C5BA1605619E-cacheEviction-AwaitToRun] INFO  util.AwaitToRun (AwaitToRun.java:run(49)) - om1@group-C5BA1605619E-cacheEviction-AwaitToRun-AwaitForSignal is interrupted
2024-05-10 09:23:42,460 [om1-impl-thread2] INFO  segmented.SegmentedRaftLogWorker (SegmentedRaftLogWorker.java:close(245)) - om1@group-C5BA1605619E-SegmentedRaftLogWorker close()
2024-05-10 09:23:42,460 [JvmPauseMonitor8] INFO  util.JvmPauseMonitor (JvmPauseMonitor.java:run(152)) - JvmPauseMonitor-om1: Stopped
2024-05-10 09:23:42,460 [main] INFO  utils.BackgroundService (BackgroundService.java:shutdown(160)) - Shutting down service KeyDeletingService
2024-05-10 09:23:42,460 [main] INFO  utils.BackgroundService (BackgroundService.java:shutdown(160)) - Shutting down service DirectoryDeletingService
2024-05-10 09:23:42,461 [main] INFO  utils.BackgroundService (BackgroundService.java:shutdown(160)) - Shutting down service OpenKeyCleanupService
2024-05-10 09:23:42,461 [main] INFO  utils.BackgroundService (BackgroundService.java:shutdown(160)) - Shutting down service SstFilteringService
2024-05-10 09:23:42,461 [main] INFO  utils.BackgroundService (BackgroundService.java:shutdown(160)) - Shutting down service SnapshotDeletingService
2024-05-10 09:23:42,461 [main] INFO  utils.BackgroundService (BackgroundService.java:shutdown(160)) - Shutting down service MultipartUploadCleanupService
2024-05-10 09:23:42,461 [main] INFO  utils.BackgroundService (BackgroundService.java:shutdown(160)) - Shutting down service SnapshotDirectoryCleaningService
2024-05-10 09:23:42,462 [main] INFO  handler.ContextHandler (ContextHandler.java:doStop(1159)) - Stopped o.e.j.w.WebAppContext@3182b7a2{ozoneManager,/,null,STOPPED}{file:/home/runner/work/ozone/ozone/hadoop-ozone/integration-test/target/test-classes/webapps/ozoneManager}
2024-05-10 09:23:42,463 [main] INFO  server.AbstractConnector (AbstractConnector.java:doStop(383)) - Stopped ServerConnector@6ed836b3{HTTP/1.1, (http/1.1)}{0.0.0.0:15058}
2024-05-10 09:23:42,463 [main] INFO  server.session (HouseKeeper.java:stopScavenging(149)) - node0 Stopped scavenging
2024-05-10 09:23:42,463 [main] INFO  handler.ContextHandler (ContextHandler.java:doStop(1159)) - Stopped o.e.j.s.ServletContextHandler@35b1e5e5{static,/static,file:///home/runner/work/ozone/ozone/hadoop-ozone/integration-test/target/test-classes/webapps/static,STOPPED}
2024-05-10 09:23:42,463 [main] INFO  handler.ContextHandler (ContextHandler.java:doStop(1159)) - Stopped o.e.j.s.ServletContextHandler@29862f60{logs,/logs,file:///home/runner/work/ozone/ozone/hadoop-ozone/integration-test/target/log,STOPPED}
2024-05-10 09:23:42,464 [main] INFO  rocksdiff.RocksDBCheckpointDiffer (RocksDBCheckpointDiffer.java:close(309)) - Shutting down CompactionDagPruningService.
2024-05-10 09:23:42,465 [main] INFO  snapshot.SnapshotDiffManager (SnapshotDiffManager.java:closeExecutorService(1657)) - Shutting down executorService: 'SnapDiffExecutor'
2024-05-10 09:23:42,466 [main] INFO  utils.BackgroundService (BackgroundService.java:shutdown(160)) - Shutting down service SnapshotDiffCleanupService
2024-05-10 09:23:42,466 [main] INFO  ozone.MiniOzoneClusterImpl (MiniOzoneClusterImpl.java:stopDatanodes(471)) - Stopping the HddsDatanodes
2024-05-10 09:23:42,468 [ForkJoinPool.commonPool-worker-6] INFO  ozoneimpl.OzoneContainer (OzoneContainer.java:stop(481)) - Attempting to stop container services.
2024-05-10 09:23:42,468 [main] INFO  ozoneimpl.OzoneContainer (OzoneContainer.java:stop(481)) - Attempting to stop container services.
2024-05-10 09:23:42,468 [ContainerMetadataScanner] WARN  ozoneimpl.AbstractBackgroundContainerScanner (AbstractBackgroundContainerScanner.java:handleRemainingSleep(134)) - Background container scan was interrupted.
2024-05-10 09:23:42,468 [ContainerMetadataScanner] INFO  ozoneimpl.AbstractBackgroundContainerScanner (AbstractBackgroundContainerScanner.java:run(61)) - Thread[ContainerMetadataScanner,5,main] exiting.
2024-05-10 09:23:42,468 [ContainerMetadataScanner] WARN  ozoneimpl.AbstractBackgroundContainerScanner (AbstractBackgroundContainerScanner.java:handleRemainingSleep(134)) - Background container scan was interrupted.
2024-05-10 09:23:42,468 [ContainerMetadataScanner] INFO  ozoneimpl.AbstractBackgroundContainerScanner (AbstractBackgroundContainerScanner.java:run(61)) - Thread[ContainerMetadataScanner,5,main] exiting.
2024-05-10 09:23:42,468 [ForkJoinPool.commonPool-worker-6] INFO  ozoneimpl.BackgroundContainerDataScanner (BackgroundContainerDataScanner.java:shutdown(141)) - ContainerDataScanner(/home/runner/work/ozone/ozone/hadoop-ozone/integration-test/target/test-dir/MiniOzoneClusterImpl-5c48b7ff-bfdb-407d-b2cb-68403445a4a3/ozone-meta/datanode-2/data-0/hdds) is shutting down. 
2024-05-10 09:23:42,468 [main] INFO  ozoneimpl.BackgroundContainerDataScanner (BackgroundContainerDataScanner.java:shutdown(141)) - ContainerDataScanner(/home/runner/work/ozone/ozone/hadoop-ozone/integration-test/target/test-dir/MiniOzoneClusterImpl-5c48b7ff-bfdb-407d-b2cb-68403445a4a3/ozone-meta/datanode-5/data-0/hdds) is shutting down. 
2024-05-10 09:23:42,469 [ContainerDataScanner(/home/runner/work/ozone/ozone/hadoop-ozone/integration-test/target/test-dir/MiniOzoneClusterImpl-5c48b7ff-bfdb-407d-b2cb-68403445a4a3/ozone-meta/datanode-2/data-0/hdds)] WARN  ozoneimpl.AbstractBackgroundContainerScanner (AbstractBackgroundContainerScanner.java:handleRemainingSleep(134)) - Background container scan was interrupted.
2024-05-10 09:23:42,469 [ContainerDataScanner(/home/runner/work/ozone/ozone/hadoop-ozone/integration-test/target/test-dir/MiniOzoneClusterImpl-5c48b7ff-bfdb-407d-b2cb-68403445a4a3/ozone-meta/datanode-5/data-0/hdds)] WARN  ozoneimpl.AbstractBackgroundContainerScanner (AbstractBackgroundContainerScanner.java:handleRemainingSleep(134)) - Background container scan was interrupted.
2024-05-10 09:23:42,469 [ContainerDataScanner(/home/runner/work/ozone/ozone/hadoop-ozone/integration-test/target/test-dir/MiniOzoneClusterImpl-5c48b7ff-bfdb-407d-b2cb-68403445a4a3/ozone-meta/datanode-5/data-0/hdds)] INFO  ozoneimpl.AbstractBackgroundContainerScanner (AbstractBackgroundContainerScanner.java:run(61)) - ContainerDataScanner(/home/runner/work/ozone/ozone/hadoop-ozone/integration-test/target/test-dir/MiniOzoneClusterImpl-5c48b7ff-bfdb-407d-b2cb-68403445a4a3/ozone-meta/datanode-5/data-0/hdds, DS-a1d0fefa-a44a-408a-a0ed-6b07ef7e3f8e) exiting.
2024-05-10 09:23:42,469 [ContainerDataScanner(/home/runner/work/ozone/ozone/hadoop-ozone/integration-test/target/test-dir/MiniOzoneClusterImpl-5c48b7ff-bfdb-407d-b2cb-68403445a4a3/ozone-meta/datanode-2/data-0/hdds)] INFO  ozoneimpl.AbstractBackgroundContainerScanner (AbstractBackgroundContainerScanner.java:run(61)) - ContainerDataScanner(/home/runner/work/ozone/ozone/hadoop-ozone/integration-test/target/test-dir/MiniOzoneClusterImpl-5c48b7ff-bfdb-407d-b2cb-68403445a4a3/ozone-meta/datanode-2/data-0/hdds, DS-d49ff403-e605-4945-9855-ba615bd937aa) exiting.
2024-05-10 09:23:42,469 [main] INFO  server.RaftServer (RaftServerProxy.java:lambda$close$9(416)) - f8145005-1c64-450e-9575-8d23d50c4709: close
2024-05-10 09:23:42,469 [ForkJoinPool.commonPool-worker-1] INFO  ozoneimpl.OzoneContainer (OzoneContainer.java:stop(481)) - Attempting to stop container services.
2024-05-10 09:23:42,469 [ContainerMetadataScanner] WARN  ozoneimpl.AbstractBackgroundContainerScanner (AbstractBackgroundContainerScanner.java:handleRemainingSleep(134)) - Background container scan was interrupted.
2024-05-10 09:23:42,470 [ContainerMetadataScanner] INFO  ozoneimpl.AbstractBackgroundContainerScanner (AbstractBackgroundContainerScanner.java:run(61)) - Thread[ContainerMetadataScanner,5,main] exiting.
2024-05-10 09:23:42,470 [main] INFO  server.GrpcService (GrpcService.java:closeImpl(311)) - f8145005-1c64-450e-9575-8d23d50c4709: shutdown server org.apache.ratis.grpc.server.GrpcClientProtocolService now
2024-05-10 09:23:42,470 [ForkJoinPool.commonPool-worker-6] INFO  server.RaftServer (RaftServerProxy.java:lambda$close$9(416)) - 7ab25875-5f77-45a1-9004-12eab6369d05: close
2024-05-10 09:23:42,470 [ForkJoinPool.commonPool-worker-1] INFO  ozoneimpl.BackgroundContainerDataScanner (BackgroundContainerDataScanner.java:shutdown(141)) - ContainerDataScanner(/home/runner/work/ozone/ozone/hadoop-ozone/integration-test/target/test-dir/MiniOzoneClusterImpl-5c48b7ff-bfdb-407d-b2cb-68403445a4a3/ozone-meta/datanode-4/data-0/hdds) is shutting down. 
2024-05-10 09:23:42,470 [f8145005-1c64-450e-9575-8d23d50c4709-impl-thread2] INFO  server.RaftServer$Division (RaftServerImpl.java:lambda$close$3(526)) - f8145005-1c64-450e-9575-8d23d50c4709@group-0A441CC6F3BC: shutdown
2024-05-10 09:23:42,470 [ContainerDataScanner(/home/runner/work/ozone/ozone/hadoop-ozone/integration-test/target/test-dir/MiniOzoneClusterImpl-5c48b7ff-bfdb-407d-b2cb-68403445a4a3/ozone-meta/datanode-4/data-0/hdds)] WARN  ozoneimpl.AbstractBackgroundContainerScanner (AbstractBackgroundContainerScanner.java:handleRemainingSleep(134)) - Background container scan was interrupted.
2024-05-10 09:23:42,470 [f8145005-1c64-450e-9575-8d23d50c4709-impl-thread2] INFO  util.JmxRegister (JmxRegister.java:unregister(73)) - Successfully un-registered JMX Bean with object name Ratis:service=RaftServer,group=group-0A441CC6F3BC,id=f8145005-1c64-450e-9575-8d23d50c4709
2024-05-10 09:23:42,470 [ContainerDataScanner(/home/runner/work/ozone/ozone/hadoop-ozone/integration-test/target/test-dir/MiniOzoneClusterImpl-5c48b7ff-bfdb-407d-b2cb-68403445a4a3/ozone-meta/datanode-4/data-0/hdds)] INFO  ozoneimpl.AbstractBackgroundContainerScanner (AbstractBackgroundContainerScanner.java:run(61)) - ContainerDataScanner(/home/runner/work/ozone/ozone/hadoop-ozone/integration-test/target/test-dir/MiniOzoneClusterImpl-5c48b7ff-bfdb-407d-b2cb-68403445a4a3/ozone-meta/datanode-4/data-0/hdds, DS-83da2910-d8c9-48b2-ada7-71cdaa5a1d6b) exiting.
2024-05-10 09:23:42,470 [f8145005-1c64-450e-9575-8d23d50c4709-impl-thread2] INFO  impl.RoleInfo (RoleInfo.java:shutdownLeaderState(94)) - f8145005-1c64-450e-9575-8d23d50c4709: shutdown f8145005-1c64-450e-9575-8d23d50c4709@group-0A441CC6F3BC-LeaderStateImpl
2024-05-10 09:23:42,470 [f8145005-1c64-450e-9575-8d23d50c4709-impl-thread2] INFO  impl.PendingRequests (PendingRequests.java:sendNotLeaderResponses(289)) - f8145005-1c64-450e-9575-8d23d50c4709@group-0A441CC6F3BC-PendingRequests: sendNotLeaderResponses
2024-05-10 09:23:42,470 [7ab25875-5f77-45a1-9004-12eab6369d05-impl-thread2] INFO  server.RaftServer$Division (RaftServerImpl.java:lambda$close$3(526)) - 7ab25875-5f77-45a1-9004-12eab6369d05@group-611B1F60644D: shutdown
2024-05-10 09:23:42,470 [7ab25875-5f77-45a1-9004-12eab6369d05-impl-thread2] INFO  util.JmxRegister (JmxRegister.java:unregister(73)) - Successfully un-registered JMX Bean with object name Ratis:service=RaftServer,group=group-611B1F60644D,id=7ab25875-5f77-45a1-9004-12eab6369d05
2024-05-10 09:23:42,470 [7ab25875-5f77-45a1-9004-12eab6369d05-impl-thread2] INFO  impl.RoleInfo (RoleInfo.java:shutdownFollowerState(110)) - 7ab25875-5f77-45a1-9004-12eab6369d05: shutdown 7ab25875-5f77-45a1-9004-12eab6369d05@group-611B1F60644D-FollowerState
2024-05-10 09:23:42,471 [f8145005-1c64-450e-9575-8d23d50c4709-impl-thread2] INFO  impl.StateMachineUpdater (StateMachineUpdater.java:stopAndJoin(157)) - f8145005-1c64-450e-9575-8d23d50c4709@group-0A441CC6F3BC-StateMachineUpdater: set stopIndex = 0
2024-05-10 09:23:42,471 [7ab25875-5f77-45a1-9004-12eab6369d05@group-611B1F60644D-FollowerState] INFO  impl.FollowerState (FollowerState.java:run(152)) - 7ab25875-5f77-45a1-9004-12eab6369d05@group-611B1F60644D-FollowerState was interrupted
2024-05-10 09:23:42,471 [7ab25875-5f77-45a1-9004-12eab6369d05-impl-thread2] INFO  impl.StateMachineUpdater (StateMachineUpdater.java:stopAndJoin(157)) - 7ab25875-5f77-45a1-9004-12eab6369d05@group-611B1F60644D-StateMachineUpdater: set stopIndex = 7
2024-05-10 09:23:42,471 [7ab25875-5f77-45a1-9004-12eab6369d05@group-611B1F60644D-StateMachineUpdater] INFO  ratis.ContainerStateMachine (ContainerStateMachine.java:takeSnapshot(355)) - group-611B1F60644D: Taking a snapshot at:(t:1, i:7) file /home/runner/work/ozone/ozone/hadoop-ozone/integration-test/target/test-dir/MiniOzoneClusterImpl-5c48b7ff-bfdb-407d-b2cb-68403445a4a3/ozone-meta/datanode-2/ratis/464e5225-acc3-40b0-a04e-611b1f60644d/sm/snapshot.1_7
2024-05-10 09:23:42,471 [ForkJoinPool.commonPool-worker-1] INFO  server.RaftServer (RaftServerProxy.java:lambda$close$9(416)) - 231fae4b-c133-4321-9160-5f63c50cd117: close
2024-05-10 09:23:42,471 [f8145005-1c64-450e-9575-8d23d50c4709@group-0A441CC6F3BC-StateMachineUpdater] INFO  ratis.ContainerStateMachine (ContainerStateMachine.java:takeSnapshot(355)) - group-0A441CC6F3BC: Taking a snapshot at:(t:1, i:0) file /home/runner/work/ozone/ozone/hadoop-ozone/integration-test/target/test-dir/MiniOzoneClusterImpl-5c48b7ff-bfdb-407d-b2cb-68403445a4a3/ozone-meta/datanode-5/ratis/03d7bcc0-132f-40b0-a147-0a441cc6f3bc/sm/snapshot.1_0
2024-05-10 09:23:42,471 [7ab25875-5f77-45a1-9004-12eab6369d05-impl-thread3] INFO  server.RaftServer$Division (RaftServerImpl.java:lambda$close$3(526)) - 7ab25875-5f77-45a1-9004-12eab6369d05@group-2F162207878F: shutdown
2024-05-10 09:23:42,471 [7ab25875-5f77-45a1-9004-12eab6369d05-impl-thread3] INFO  util.JmxRegister (JmxRegister.java:unregister(73)) - Successfully un-registered JMX Bean with object name Ratis:service=RaftServer,group=group-2F162207878F,id=7ab25875-5f77-45a1-9004-12eab6369d05
2024-05-10 09:23:42,472 [7ab25875-5f77-45a1-9004-12eab6369d05-impl-thread3] INFO  impl.RoleInfo (RoleInfo.java:shutdownLeaderState(94)) - 7ab25875-5f77-45a1-9004-12eab6369d05: shutdown 7ab25875-5f77-45a1-9004-12eab6369d05@group-2F162207878F-LeaderStateImpl
2024-05-10 09:23:42,472 [7ab25875-5f77-45a1-9004-12eab6369d05-impl-thread3] INFO  impl.PendingRequests (PendingRequests.java:sendNotLeaderResponses(289)) - 7ab25875-5f77-45a1-9004-12eab6369d05@group-2F162207878F-PendingRequests: sendNotLeaderResponses
2024-05-10 09:23:42,472 [f8145005-1c64-450e-9575-8d23d50c4709@group-0A441CC6F3BC-StateMachineUpdater] INFO  ratis.ContainerStateMachine (ContainerStateMachine.java:takeSnapshot(366)) - group-0A441CC6F3BC: Finished taking a snapshot at:(t:1, i:0) file:/home/runner/work/ozone/ozone/hadoop-ozone/integration-test/target/test-dir/MiniOzoneClusterImpl-5c48b7ff-bfdb-407d-b2cb-68403445a4a3/ozone-meta/datanode-5/ratis/03d7bcc0-132f-40b0-a147-0a441cc6f3bc/sm/snapshot.1_0 took: 1 ms
2024-05-10 09:23:42,472 [ForkJoinPool.commonPool-worker-6] INFO  server.GrpcService (GrpcService.java:closeImpl(311)) - 7ab25875-5f77-45a1-9004-12eab6369d05: shutdown server org.apache.ratis.grpc.server.GrpcClientProtocolService now
2024-05-10 09:23:42,472 [f8145005-1c64-450e-9575-8d23d50c4709@group-0A441CC6F3BC-StateMachineUpdater] INFO  impl.StateMachineUpdater (StateMachineUpdater.java:takeSnapshot(295)) - f8145005-1c64-450e-9575-8d23d50c4709@group-0A441CC6F3BC-StateMachineUpdater: Took a snapshot at index 0
2024-05-10 09:23:42,472 [f8145005-1c64-450e-9575-8d23d50c4709@group-0A441CC6F3BC-StateMachineUpdater] INFO  impl.StateMachineUpdater (StateMachineUpdater.java:lambda$new$0(98)) - f8145005-1c64-450e-9575-8d23d50c4709@group-0A441CC6F3BC-StateMachineUpdater: snapshotIndex: updateIncreasingly -1 -> 0
2024-05-10 09:23:42,472 [7ab25875-5f77-45a1-9004-12eab6369d05@group-611B1F60644D-StateMachineUpdater] INFO  ratis.ContainerStateMachine (ContainerStateMachine.java:takeSnapshot(366)) - group-611B1F60644D: Finished taking a snapshot at:(t:1, i:7) file:/home/runner/work/ozone/ozone/hadoop-ozone/integration-test/target/test-dir/MiniOzoneClusterImpl-5c48b7ff-bfdb-407d-b2cb-68403445a4a3/ozone-meta/datanode-2/ratis/464e5225-acc3-40b0-a04e-611b1f60644d/sm/snapshot.1_7 took: 1 ms
2024-05-10 09:23:42,472 [7ab25875-5f77-45a1-9004-12eab6369d05@group-611B1F60644D-StateMachineUpdater] INFO  impl.StateMachineUpdater (StateMachineUpdater.java:takeSnapshot(295)) - 7ab25875-5f77-45a1-9004-12eab6369d05@group-611B1F60644D-StateMachineUpdater: Took a snapshot at index 7
2024-05-10 09:23:42,472 [7ab25875-5f77-45a1-9004-12eab6369d05@group-611B1F60644D-StateMachineUpdater] INFO  impl.StateMachineUpdater (StateMachineUpdater.java:lambda$new$0(98)) - 7ab25875-5f77-45a1-9004-12eab6369d05@group-611B1F60644D-StateMachineUpdater: snapshotIndex: updateIncreasingly -1 -> 7
2024-05-10 09:23:42,472 [Thread-1775] INFO  server.GrpcServerProtocolClient (GrpcServerProtocolClient.java:close(103)) - 7c62eaa0-d491-4028-8bb9-25c4215260c7 Close channels
2024-05-10 09:23:42,472 [7ab25875-5f77-45a1-9004-12eab6369d05-impl-thread4] INFO  server.RaftServer$Division (RaftServerImpl.java:lambda$close$3(526)) - 7ab25875-5f77-45a1-9004-12eab6369d05@group-16361C22082A: shutdown
2024-05-10 09:23:42,472 [f8145005-1c64-450e-9575-8d23d50c4709-impl-thread2] INFO  server.RaftServer$Division (ServerState.java:close(427)) - f8145005-1c64-450e-9575-8d23d50c4709@group-0A441CC6F3BC: applyIndex: 0
2024-05-10 09:23:42,472 [7ab25875-5f77-45a1-9004-12eab6369d05-impl-thread4] INFO  util.JmxRegister (JmxRegister.java:unregister(73)) - Successfully un-registered JMX Bean with object name Ratis:service=RaftServer,group=group-16361C22082A,id=7ab25875-5f77-45a1-9004-12eab6369d05
2024-05-10 09:23:42,472 [7ab25875-5f77-45a1-9004-12eab6369d05-impl-thread4] INFO  impl.RoleInfo (RoleInfo.java:shutdownFollowerState(110)) - 7ab25875-5f77-45a1-9004-12eab6369d05: shutdown 7ab25875-5f77-45a1-9004-12eab6369d05@group-16361C22082A-FollowerState
2024-05-10 09:23:42,473 [7ab25875-5f77-45a1-9004-12eab6369d05@group-16361C22082A-FollowerState] INFO  impl.FollowerState (FollowerState.java:run(152)) - 7ab25875-5f77-45a1-9004-12eab6369d05@group-16361C22082A-FollowerState was interrupted
2024-05-10 09:23:42,473 [7ab25875-5f77-45a1-9004-12eab6369d05-impl-thread4] INFO  impl.StateMachineUpdater (StateMachineUpdater.java:stopAndJoin(157)) - 7ab25875-5f77-45a1-9004-12eab6369d05@group-16361C22082A-StateMachineUpdater: set stopIndex = 0
2024-05-10 09:23:42,473 [7ab25875-5f77-45a1-9004-12eab6369d05@group-16361C22082A-StateMachineUpdater] INFO  ratis.ContainerStateMachine (ContainerStateMachine.java:takeSnapshot(355)) - group-16361C22082A: Taking a snapshot at:(t:2, i:0) file /home/runner/work/ozone/ozone/hadoop-ozone/integration-test/target/test-dir/MiniOzoneClusterImpl-5c48b7ff-bfdb-407d-b2cb-68403445a4a3/ozone-meta/datanode-2/ratis/dcf6396f-50a7-4cc4-8cec-16361c22082a/sm/snapshot.2_0
2024-05-10 09:23:42,473 [Thread-1776] INFO  server.GrpcServerProtocolClient (GrpcServerProtocolClient.java:close(103)) - e260e396-598b-44a7-8564-b51448915afe Close channels
2024-05-10 09:23:42,473 [f8145005-1c64-450e-9575-8d23d50c4709@group-0A441CC6F3BC-cacheEviction-AwaitToRun] INFO  util.AwaitToRun (AwaitToRun.java:run(49)) - f8145005-1c64-450e-9575-8d23d50c4709@group-0A441CC6F3BC-cacheEviction-AwaitToRun-AwaitForSignal is interrupted
2024-05-10 09:23:42,473 [7ab25875-5f77-45a1-9004-12eab6369d05@group-16361C22082A-StateMachineUpdater] INFO  ratis.ContainerStateMachine (ContainerStateMachine.java:takeSnapshot(366)) - group-16361C22082A: Finished taking a snapshot at:(t:2, i:0) file:/home/runner/work/ozone/ozone/hadoop-ozone/integration-test/target/test-dir/MiniOzoneClusterImpl-5c48b7ff-bfdb-407d-b2cb-68403445a4a3/ozone-meta/datanode-2/ratis/dcf6396f-50a7-4cc4-8cec-16361c22082a/sm/snapshot.2_0 took: 1 ms
2024-05-10 09:23:42,473 [7ab25875-5f77-45a1-9004-12eab6369d05@group-16361C22082A-StateMachineUpdater] INFO  impl.StateMachineUpdater (StateMachineUpdater.java:takeSnapshot(295)) - 7ab25875-5f77-45a1-9004-12eab6369d05@group-16361C22082A-StateMachineUpdater: Took a snapshot at index 0
2024-05-10 09:23:42,473 [7ab25875-5f77-45a1-9004-12eab6369d05@group-16361C22082A-StateMachineUpdater] INFO  impl.StateMachineUpdater (StateMachineUpdater.java:lambda$new$0(98)) - 7ab25875-5f77-45a1-9004-12eab6369d05@group-16361C22082A-StateMachineUpdater: snapshotIndex: updateIncreasingly -1 -> 0
2024-05-10 09:23:42,473 [ForkJoinPool.commonPool-worker-1] INFO  server.GrpcService (GrpcService.java:closeImpl(311)) - 231fae4b-c133-4321-9160-5f63c50cd117: shutdown server org.apache.ratis.grpc.server.GrpcClientProtocolService now
2024-05-10 09:23:42,473 [7ab25875-5f77-45a1-9004-12eab6369d05-impl-thread4] INFO  server.RaftServer$Division (ServerState.java:close(427)) - 7ab25875-5f77-45a1-9004-12eab6369d05@group-16361C22082A: applyIndex: 0
2024-05-10 09:23:42,474 [main] INFO  server.GrpcService (GrpcService.java:closeImpl(320)) - f8145005-1c64-450e-9575-8d23d50c4709: shutdown server org.apache.ratis.grpc.server.GrpcClientProtocolService successfully
2024-05-10 09:23:42,474 [7ab25875-5f77-45a1-9004-12eab6369d05@group-16361C22082A-cacheEviction-AwaitToRun] INFO  util.AwaitToRun (AwaitToRun.java:run(49)) - 7ab25875-5f77-45a1-9004-12eab6369d05@group-16361C22082A-cacheEviction-AwaitToRun-AwaitForSignal is interrupted
2024-05-10 09:23:42,474 [ForkJoinPool.commonPool-worker-1] INFO  server.GrpcService (GrpcService.java:closeImpl(320)) - 231fae4b-c133-4321-9160-5f63c50cd117: shutdown server org.apache.ratis.grpc.server.GrpcClientProtocolService successfully
2024-05-10 09:23:42,474 [ForkJoinPool.commonPool-worker-1] INFO  server.GrpcService (GrpcService.java:closeImpl(311)) - 231fae4b-c133-4321-9160-5f63c50cd117: shutdown server GrpcServerProtocolService now
2024-05-10 09:23:42,474 [7ab25875-5f77-45a1-9004-12eab6369d05-impl-thread3] INFO  impl.StateMachineUpdater (StateMachineUpdater.java:stopAndJoin(157)) - 7ab25875-5f77-45a1-9004-12eab6369d05@group-2F162207878F-StateMachineUpdater: set stopIndex = 0
2024-05-10 09:23:42,474 [main] INFO  server.GrpcService (GrpcService.java:closeImpl(311)) - f8145005-1c64-450e-9575-8d23d50c4709: shutdown server GrpcServerProtocolService now
2024-05-10 09:23:42,474 [7ab25875-5f77-45a1-9004-12eab6369d05@group-2F162207878F-StateMachineUpdater] INFO  ratis.ContainerStateMachine (ContainerStateMachine.java:takeSnapshot(355)) - group-2F162207878F: Taking a snapshot at:(t:1, i:0) file /home/runner/work/ozone/ozone/hadoop-ozone/integration-test/target/test-dir/MiniOzoneClusterImpl-5c48b7ff-bfdb-407d-b2cb-68403445a4a3/ozone-meta/datanode-2/ratis/0d16adb1-c465-4bd6-905f-2f162207878f/sm/snapshot.1_0
2024-05-10 09:23:42,474 [231fae4b-c133-4321-9160-5f63c50cd117-impl-thread2] INFO  server.RaftServer$Division (RaftServerImpl.java:lambda$close$3(526)) - 231fae4b-c133-4321-9160-5f63c50cd117@group-791040653F6E: shutdown
2024-05-10 09:23:42,475 [231fae4b-c133-4321-9160-5f63c50cd117-impl-thread2] INFO  util.JmxRegister (JmxRegister.java:unregister(73)) - Successfully un-registered JMX Bean with object name Ratis:service=RaftServer,group=group-791040653F6E,id=231fae4b-c133-4321-9160-5f63c50cd117
2024-05-10 09:23:42,475 [231fae4b-c133-4321-9160-5f63c50cd117-impl-thread2] INFO  impl.RoleInfo (RoleInfo.java:shutdownLeaderState(94)) - 231fae4b-c133-4321-9160-5f63c50cd117: shutdown 231fae4b-c133-4321-9160-5f63c50cd117@group-791040653F6E-LeaderStateImpl
2024-05-10 09:23:42,475 [231fae4b-c133-4321-9160-5f63c50cd117-impl-thread2] INFO  impl.PendingRequests (PendingRequests.java:sendNotLeaderResponses(289)) - 231fae4b-c133-4321-9160-5f63c50cd117@group-791040653F6E-PendingRequests: sendNotLeaderResponses
2024-05-10 09:23:42,475 [7ab25875-5f77-45a1-9004-12eab6369d05-impl-thread2] INFO  server.RaftServer$Division (ServerState.java:close(427)) - 7ab25875-5f77-45a1-9004-12eab6369d05@group-611B1F60644D: applyIndex: 7
2024-05-10 09:23:42,475 [7ab25875-5f77-45a1-9004-12eab6369d05@group-2F162207878F-StateMachineUpdater] INFO  ratis.ContainerStateMachine (ContainerStateMachine.java:takeSnapshot(366)) - group-2F162207878F: Finished taking a snapshot at:(t:1, i:0) file:/home/runner/work/ozone/ozone/hadoop-ozone/integration-test/target/test-dir/MiniOzoneClusterImpl-5c48b7ff-bfdb-407d-b2cb-68403445a4a3/ozone-meta/datanode-2/ratis/0d16adb1-c465-4bd6-905f-2f162207878f/sm/snapshot.1_0 took: 0 ms
2024-05-10 09:23:42,475 [7ab25875-5f77-45a1-9004-12eab6369d05@group-611B1F60644D-cacheEviction-AwaitToRun] INFO  util.AwaitToRun (AwaitToRun.java:run(49)) - 7ab25875-5f77-45a1-9004-12eab6369d05@group-611B1F60644D-cacheEviction-AwaitToRun-AwaitForSignal is interrupted
2024-05-10 09:23:42,475 [231fae4b-c133-4321-9160-5f63c50cd117@group-791040653F6E-StateMachineUpdater] INFO  ratis.ContainerStateMachine (ContainerStateMachine.java:takeSnapshot(355)) - group-791040653F6E: Taking a snapshot at:(t:1, i:0) file /home/runner/work/ozone/ozone/hadoop-ozone/integration-test/target/test-dir/MiniOzoneClusterImpl-5c48b7ff-bfdb-407d-b2cb-68403445a4a3/ozone-meta/datanode-4/ratis/acda9b2a-3de6-4af8-b716-791040653f6e/sm/snapshot.1_0
2024-05-10 09:23:42,475 [ForkJoinPool.commonPool-worker-6] INFO  server.GrpcService (GrpcService.java:closeImpl(320)) - 7ab25875-5f77-45a1-9004-12eab6369d05: shutdown server org.apache.ratis.grpc.server.GrpcClientProtocolService successfully
2024-05-10 09:23:42,475 [ForkJoinPool.commonPool-worker-6] INFO  server.GrpcService (GrpcService.java:closeImpl(311)) - 7ab25875-5f77-45a1-9004-12eab6369d05: shutdown server GrpcServerProtocolService now
2024-05-10 09:23:42,476 [231fae4b-c133-4321-9160-5f63c50cd117@group-791040653F6E-StateMachineUpdater] INFO  ratis.ContainerStateMachine (ContainerStateMachine.java:takeSnapshot(366)) - group-791040653F6E: Finished taking a snapshot at:(t:1, i:0) file:/home/runner/work/ozone/ozone/hadoop-ozone/integration-test/target/test-dir/MiniOzoneClusterImpl-5c48b7ff-bfdb-407d-b2cb-68403445a4a3/ozone-meta/datanode-4/ratis/acda9b2a-3de6-4af8-b716-791040653f6e/sm/snapshot.1_0 took: 1 ms
2024-05-10 09:23:42,476 [231fae4b-c133-4321-9160-5f63c50cd117@group-791040653F6E-StateMachineUpdater] INFO  impl.StateMachineUpdater (StateMachineUpdater.java:takeSnapshot(295)) - 231fae4b-c133-4321-9160-5f63c50cd117@group-791040653F6E-StateMachineUpdater: Took a snapshot at index 0
2024-05-10 09:23:42,476 [231fae4b-c133-4321-9160-5f63c50cd117@group-791040653F6E-StateMachineUpdater] INFO  impl.StateMachineUpdater (StateMachineUpdater.java:lambda$new$0(98)) - 231fae4b-c133-4321-9160-5f63c50cd117@group-791040653F6E-StateMachineUpdater: snapshotIndex: updateIncreasingly -1 -> 0
2024-05-10 09:23:42,475 [7ab25875-5f77-45a1-9004-12eab6369d05@group-2F162207878F-StateMachineUpdater] INFO  impl.StateMachineUpdater (StateMachineUpdater.java:takeSnapshot(295)) - 7ab25875-5f77-45a1-9004-12eab6369d05@group-2F162207878F-StateMachineUpdater: Took a snapshot at index 0
2024-05-10 09:23:42,475 [231fae4b-c133-4321-9160-5f63c50cd117-impl-thread2] INFO  impl.StateMachineUpdater (StateMachineUpdater.java:stopAndJoin(157)) - 231fae4b-c133-4321-9160-5f63c50cd117@group-791040653F6E-StateMachineUpdater: set stopIndex = 0
2024-05-10 09:23:42,476 [231fae4b-c133-4321-9160-5f63c50cd117-impl-thread2] INFO  server.RaftServer$Division (ServerState.java:close(427)) - 231fae4b-c133-4321-9160-5f63c50cd117@group-791040653F6E: applyIndex: 0
2024-05-10 09:23:42,476 [main] INFO  server.GrpcService (GrpcService.java:closeImpl(320)) - f8145005-1c64-450e-9575-8d23d50c4709: shutdown server GrpcServerProtocolService successfully
2024-05-10 09:23:42,476 [main] INFO  server.GrpcService (GrpcService.java:closeImpl(311)) - f8145005-1c64-450e-9575-8d23d50c4709: shutdown server org.apache.ratis.grpc.server.GrpcAdminProtocolService now
2024-05-10 09:23:42,477 [ForkJoinPool.commonPool-worker-6] INFO  server.GrpcService (GrpcService.java:closeImpl(320)) - 7ab25875-5f77-45a1-9004-12eab6369d05: shutdown server GrpcServerProtocolService successfully
2024-05-10 09:23:42,477 [ForkJoinPool.commonPool-worker-6] INFO  server.GrpcService (GrpcService.java:closeImpl(311)) - 7ab25875-5f77-45a1-9004-12eab6369d05: shutdown server org.apache.ratis.grpc.server.GrpcAdminProtocolService now
2024-05-10 09:23:42,476 [7ab25875-5f77-45a1-9004-12eab6369d05@group-2F162207878F-StateMachineUpdater] INFO  impl.StateMachineUpdater (StateMachineUpdater.java:lambda$new$0(98)) - 7ab25875-5f77-45a1-9004-12eab6369d05@group-2F162207878F-StateMachineUpdater: snapshotIndex: updateIncreasingly -1 -> 0
2024-05-10 09:23:42,475 [ForkJoinPool.commonPool-worker-1] INFO  server.GrpcService (GrpcService.java:closeImpl(320)) - 231fae4b-c133-4321-9160-5f63c50cd117: shutdown server GrpcServerProtocolService successfully
2024-05-10 09:23:42,477 [ForkJoinPool.commonPool-worker-1] INFO  server.GrpcService (GrpcService.java:closeImpl(311)) - 231fae4b-c133-4321-9160-5f63c50cd117: shutdown server org.apache.ratis.grpc.server.GrpcAdminProtocolService now
2024-05-10 09:23:42,477 [main] INFO  server.GrpcService (GrpcService.java:closeImpl(320)) - f8145005-1c64-450e-9575-8d23d50c4709: shutdown server org.apache.ratis.grpc.server.GrpcAdminProtocolService successfully
2024-05-10 09:23:42,476 [231fae4b-c133-4321-9160-5f63c50cd117@group-791040653F6E-cacheEviction-AwaitToRun] INFO  util.AwaitToRun (AwaitToRun.java:run(49)) - 231fae4b-c133-4321-9160-5f63c50cd117@group-791040653F6E-cacheEviction-AwaitToRun-AwaitForSignal is interrupted
2024-05-10 09:23:42,477 [7ab25875-5f77-45a1-9004-12eab6369d05-impl-thread3] INFO  server.RaftServer$Division (ServerState.java:close(427)) - 7ab25875-5f77-45a1-9004-12eab6369d05@group-2F162207878F: applyIndex: 0
2024-05-10 09:23:42,477 [f8145005-1c64-450e-9575-8d23d50c4709-NettyServerStreamRpc-bossGroup--thread1] INFO  logging.LoggingHandler (AbstractInternalLogger.java:log(148)) - [id: 0xc62add1e, L:/0.0.0.0:15104] CLOSE
2024-05-10 09:23:42,478 [f8145005-1c64-450e-9575-8d23d50c4709-NettyServerStreamRpc-bossGroup--thread1] INFO  logging.LoggingHandler (AbstractInternalLogger.java:log(148)) - [id: 0xc62add1e, L:/0.0.0.0:15104] INACTIVE
2024-05-10 09:23:42,478 [f8145005-1c64-450e-9575-8d23d50c4709-NettyServerStreamRpc-bossGroup--thread1] INFO  logging.LoggingHandler (AbstractInternalLogger.java:log(148)) - [id: 0xc62add1e, L:/0.0.0.0:15104] UNREGISTERED
2024-05-10 09:23:42,477 [7ab25875-5f77-45a1-9004-12eab6369d05@group-2F162207878F-cacheEviction-AwaitToRun] INFO  util.AwaitToRun (AwaitToRun.java:run(49)) - 7ab25875-5f77-45a1-9004-12eab6369d05@group-2F162207878F-cacheEviction-AwaitToRun-AwaitForSignal is interrupted
2024-05-10 09:23:42,479 [ForkJoinPool.commonPool-worker-6] INFO  server.GrpcService (GrpcService.java:closeImpl(320)) - 7ab25875-5f77-45a1-9004-12eab6369d05: shutdown server org.apache.ratis.grpc.server.GrpcAdminProtocolService successfully
2024-05-10 09:23:42,483 [ForkJoinPool.commonPool-worker-1] INFO  server.GrpcService (GrpcService.java:closeImpl(320)) - 231fae4b-c133-4321-9160-5f63c50cd117: shutdown server org.apache.ratis.grpc.server.GrpcAdminProtocolService successfully
2024-05-10 09:23:42,484 [231fae4b-c133-4321-9160-5f63c50cd117-NettyServerStreamRpc-bossGroup--thread1] INFO  logging.LoggingHandler (AbstractInternalLogger.java:log(148)) - [id: 0x87b897c7, L:/0.0.0.0:15095] CLOSE
2024-05-10 09:23:42,484 [231fae4b-c133-4321-9160-5f63c50cd117-NettyServerStreamRpc-bossGroup--thread1] INFO  logging.LoggingHandler (AbstractInternalLogger.java:log(148)) - [id: 0x87b897c7, L:/0.0.0.0:15095] INACTIVE
2024-05-10 09:23:42,484 [231fae4b-c133-4321-9160-5f63c50cd117-NettyServerStreamRpc-bossGroup--thread1] INFO  logging.LoggingHandler (AbstractInternalLogger.java:log(148)) - [id: 0x87b897c7, L:/0.0.0.0:15095] UNREGISTERED
2024-05-10 09:23:42,489 [f8145005-1c64-450e-9575-8d23d50c4709-impl-thread2] INFO  segmented.SegmentedRaftLogWorker (SegmentedRaftLogWorker.java:close(245)) - f8145005-1c64-450e-9575-8d23d50c4709@group-0A441CC6F3BC-SegmentedRaftLogWorker close()
2024-05-10 09:23:42,497 [JvmPauseMonitor13] INFO  util.JvmPauseMonitor (JvmPauseMonitor.java:run(152)) - JvmPauseMonitor-f8145005-1c64-450e-9575-8d23d50c4709: Stopped
2024-05-10 09:23:42,500 [7ab25875-5f77-45a1-9004-12eab6369d05-NettyServerStreamRpc-bossGroup--thread1] INFO  logging.LoggingHandler (AbstractInternalLogger.java:log(148)) - [id: 0xe560d246, L:/0.0.0.0:15077] CLOSE
2024-05-10 09:23:42,500 [7ab25875-5f77-45a1-9004-12eab6369d05-NettyServerStreamRpc-bossGroup--thread1] INFO  logging.LoggingHandler (AbstractInternalLogger.java:log(148)) - [id: 0xe560d246, L:/0.0.0.0:15077] INACTIVE
2024-05-10 09:23:42,500 [7ab25875-5f77-45a1-9004-12eab6369d05-NettyServerStreamRpc-bossGroup--thread1] INFO  logging.LoggingHandler (AbstractInternalLogger.java:log(148)) - [id: 0xe560d246, L:/0.0.0.0:15077] UNREGISTERED
2024-05-10 09:23:42,532 [7ab25875-5f77-45a1-9004-12eab6369d05-impl-thread2] INFO  segmented.SegmentedRaftLogWorker (SegmentedRaftLogWorker.java:close(245)) - 7ab25875-5f77-45a1-9004-12eab6369d05@group-611B1F60644D-SegmentedRaftLogWorker close()
2024-05-10 09:23:42,563 [231fae4b-c133-4321-9160-5f63c50cd117-impl-thread2] INFO  segmented.SegmentedRaftLogWorker (SegmentedRaftLogWorker.java:close(245)) - 231fae4b-c133-4321-9160-5f63c50cd117@group-791040653F6E-SegmentedRaftLogWorker close()
2024-05-10 09:23:42,563 [JvmPauseMonitor12] INFO  util.JvmPauseMonitor (JvmPauseMonitor.java:run(152)) - JvmPauseMonitor-231fae4b-c133-4321-9160-5f63c50cd117: Stopped
2024-05-10 09:23:42,706 [7ab25875-5f77-45a1-9004-12eab6369d05-impl-thread4] INFO  segmented.SegmentedRaftLogWorker (SegmentedRaftLogWorker.java:close(245)) - 7ab25875-5f77-45a1-9004-12eab6369d05@group-16361C22082A-SegmentedRaftLogWorker close()
2024-05-10 09:23:43,412 [7ab25875-5f77-45a1-9004-12eab6369d05-impl-thread3] INFO  segmented.SegmentedRaftLogWorker (SegmentedRaftLogWorker.java:close(245)) - 7ab25875-5f77-45a1-9004-12eab6369d05@group-2F162207878F-SegmentedRaftLogWorker close()
2024-05-10 09:23:43,412 [JvmPauseMonitor10] INFO  util.JvmPauseMonitor (JvmPauseMonitor.java:run(152)) - JvmPauseMonitor-7ab25875-5f77-45a1-9004-12eab6369d05: Stopped
2024-05-10 09:23:44,499 [main] INFO  utils.DatanodeStoreCache (DatanodeStoreCache.java:shutdownCache(116)) - Skip clearing cache in mini cluster mode. Entries left: [/home/runner/work/ozone/ozone/hadoop-ozone/integration-test/target/test-dir/MiniOzoneClusterImpl-5c48b7ff-bfdb-407d-b2cb-68403445a4a3/ozone-meta/datanode-2/data-0/hdds/5c48b7ff-bfdb-407d-b2cb-68403445a4a3/DS-d49ff403-e605-4945-9855-ba615bd937aa/container.db, /home/runner/work/ozone/ozone/hadoop-ozone/integration-test/target/test-dir/MiniOzoneClusterImpl-5c48b7ff-bfdb-407d-b2cb-68403445a4a3/ozone-meta/datanode-4/data-0/hdds/5c48b7ff-bfdb-407d-b2cb-68403445a4a3/DS-83da2910-d8c9-48b2-ada7-71cdaa5a1d6b/container.db, /home/runner/work/ozone/ozone/hadoop-ozone/integration-test/target/test-dir/MiniOzoneClusterImpl-5c48b7ff-bfdb-407d-b2cb-68403445a4a3/ozone-meta/datanode-5/data-0/hdds/5c48b7ff-bfdb-407d-b2cb-68403445a4a3/DS-a1d0fefa-a44a-408a-a0ed-6b07ef7e3f8e/container.db]
2024-05-10 09:23:44,500 [main] INFO  utils.DatanodeStoreCache (DatanodeStoreCache.java:removeDB(110)) - Removed db /home/runner/work/ozone/ozone/hadoop-ozone/integration-test/target/test-dir/MiniOzoneClusterImpl-5c48b7ff-bfdb-407d-b2cb-68403445a4a3/ozone-meta/datanode-5/data-0/hdds/5c48b7ff-bfdb-407d-b2cb-68403445a4a3/DS-a1d0fefa-a44a-408a-a0ed-6b07ef7e3f8e/container.db from cache
2024-05-10 09:23:44,500 [main] INFO  volume.HddsVolume (HddsVolume.java:closeDbStore(470)) - SchemaV3 db is stopped at /home/runner/work/ozone/ozone/hadoop-ozone/integration-test/target/test-dir/MiniOzoneClusterImpl-5c48b7ff-bfdb-407d-b2cb-68403445a4a3/ozone-meta/datanode-5/data-0/hdds/5c48b7ff-bfdb-407d-b2cb-68403445a4a3/DS-a1d0fefa-a44a-408a-a0ed-6b07ef7e3f8e/container.db for volume DS-a1d0fefa-a44a-408a-a0ed-6b07ef7e3f8e
2024-05-10 09:23:44,500 [main] INFO  utils.BackgroundService (BackgroundService.java:shutdown(160)) - Shutting down service BlockDeletingService
2024-05-10 09:23:44,501 [main] INFO  utils.BackgroundService (BackgroundService.java:shutdown(160)) - Shutting down service StaleRecoveringContainerScrubbingService
2024-05-10 09:23:44,502 [main] INFO  statemachine.DatanodeStateMachine (DatanodeStateMachine.java:stopDaemon(638)) - Ozone container server stopped.
2024-05-10 09:23:44,502 [main] INFO  handler.ContextHandler (ContextHandler.java:doStop(1159)) - Stopped o.e.j.w.WebAppContext@42f814cd{hddsDatanode,/,null,STOPPED}{file:/home/runner/work/ozone/ozone/hadoop-hdds/container-service/target/classes/webapps/hddsDatanode}
2024-05-10 09:23:44,502 [main] INFO  server.AbstractConnector (AbstractConnector.java:doStop(383)) - Stopped ServerConnector@52fe8d86{HTTP/1.1, (http/1.1)}{0.0.0.0:15098}
2024-05-10 09:23:44,503 [main] INFO  server.session (HouseKeeper.java:stopScavenging(149)) - node0 Stopped scavenging
2024-05-10 09:23:44,503 [main] INFO  handler.ContextHandler (ContextHandler.java:doStop(1159)) - Stopped o.e.j.s.ServletContextHandler@7f8d4ff4{static,/static,file:///home/runner/work/ozone/ozone/hadoop-hdds/container-service/target/classes/webapps/static,STOPPED}
2024-05-10 09:23:44,503 [main] INFO  handler.ContextHandler (ContextHandler.java:doStop(1159)) - Stopped o.e.j.s.ServletContextHandler@66325a4d{logs,/logs,file:///home/runner/work/ozone/ozone/hadoop-ozone/integration-test/target/log,STOPPED}
2024-05-10 09:23:44,505 [main] INFO  ozone.HddsDatanodeClientProtocolServer (HddsDatanodeClientProtocolServer.java:stop(83)) - Stopping the RPC server for Client Protocol
2024-05-10 09:23:44,505 [main] INFO  ipc.Server (Server.java:stop(3523)) - Stopping server on 15099
2024-05-10 09:23:44,505 [IPC Server listener on 15099] INFO  ipc.Server (Server.java:run(1434)) - Stopping IPC Server listener on 15099
2024-05-10 09:23:44,505 [IPC Server Responder] INFO  ipc.Server (Server.java:run(1567)) - Stopping IPC Server Responder
2024-05-10 09:23:44,565 [ForkJoinPool.commonPool-worker-1] INFO  utils.DatanodeStoreCache (DatanodeStoreCache.java:shutdownCache(116)) - Skip clearing cache in mini cluster mode. Entries left: [/home/runner/work/ozone/ozone/hadoop-ozone/integration-test/target/test-dir/MiniOzoneClusterImpl-5c48b7ff-bfdb-407d-b2cb-68403445a4a3/ozone-meta/datanode-2/data-0/hdds/5c48b7ff-bfdb-407d-b2cb-68403445a4a3/DS-d49ff403-e605-4945-9855-ba615bd937aa/container.db, /home/runner/work/ozone/ozone/hadoop-ozone/integration-test/target/test-dir/MiniOzoneClusterImpl-5c48b7ff-bfdb-407d-b2cb-68403445a4a3/ozone-meta/datanode-4/data-0/hdds/5c48b7ff-bfdb-407d-b2cb-68403445a4a3/DS-83da2910-d8c9-48b2-ada7-71cdaa5a1d6b/container.db]
2024-05-10 09:23:44,566 [ForkJoinPool.commonPool-worker-1] INFO  utils.DatanodeStoreCache (DatanodeStoreCache.java:removeDB(110)) - Removed db /home/runner/work/ozone/ozone/hadoop-ozone/integration-test/target/test-dir/MiniOzoneClusterImpl-5c48b7ff-bfdb-407d-b2cb-68403445a4a3/ozone-meta/datanode-4/data-0/hdds/5c48b7ff-bfdb-407d-b2cb-68403445a4a3/DS-83da2910-d8c9-48b2-ada7-71cdaa5a1d6b/container.db from cache
2024-05-10 09:23:44,566 [ForkJoinPool.commonPool-worker-1] INFO  volume.HddsVolume (HddsVolume.java:closeDbStore(470)) - SchemaV3 db is stopped at /home/runner/work/ozone/ozone/hadoop-ozone/integration-test/target/test-dir/MiniOzoneClusterImpl-5c48b7ff-bfdb-407d-b2cb-68403445a4a3/ozone-meta/datanode-4/data-0/hdds/5c48b7ff-bfdb-407d-b2cb-68403445a4a3/DS-83da2910-d8c9-48b2-ada7-71cdaa5a1d6b/container.db for volume DS-83da2910-d8c9-48b2-ada7-71cdaa5a1d6b
2024-05-10 09:23:44,566 [ForkJoinPool.commonPool-worker-1] INFO  utils.BackgroundService (BackgroundService.java:shutdown(160)) - Shutting down service BlockDeletingService
2024-05-10 09:23:44,566 [ForkJoinPool.commonPool-worker-1] INFO  utils.BackgroundService (BackgroundService.java:shutdown(160)) - Shutting down service StaleRecoveringContainerScrubbingService
2024-05-10 09:23:44,567 [ForkJoinPool.commonPool-worker-1] INFO  statemachine.DatanodeStateMachine (DatanodeStateMachine.java:stopDaemon(638)) - Ozone container server stopped.
2024-05-10 09:23:44,567 [ForkJoinPool.commonPool-worker-1] INFO  handler.ContextHandler (ContextHandler.java:doStop(1159)) - Stopped o.e.j.w.WebAppContext@1532b1d{hddsDatanode,/,null,STOPPED}{file:/home/runner/work/ozone/ozone/hadoop-hdds/container-service/target/classes/webapps/hddsDatanode}
2024-05-10 09:23:44,568 [ForkJoinPool.commonPool-worker-1] INFO  server.AbstractConnector (AbstractConnector.java:doStop(383)) - Stopped ServerConnector@1717302b{HTTP/1.1, (http/1.1)}{0.0.0.0:15089}
2024-05-10 09:23:44,568 [ForkJoinPool.commonPool-worker-1] INFO  server.session (HouseKeeper.java:stopScavenging(149)) - node0 Stopped scavenging
2024-05-10 09:23:44,568 [ForkJoinPool.commonPool-worker-1] INFO  handler.ContextHandler (ContextHandler.java:doStop(1159)) - Stopped o.e.j.s.ServletContextHandler@e888636{static,/static,file:///home/runner/work/ozone/ozone/hadoop-hdds/container-service/target/classes/webapps/static,STOPPED}
2024-05-10 09:23:44,568 [ForkJoinPool.commonPool-worker-1] INFO  handler.ContextHandler (ContextHandler.java:doStop(1159)) - Stopped o.e.j.s.ServletContextHandler@3cbcd442{logs,/logs,file:///home/runner/work/ozone/ozone/hadoop-ozone/integration-test/target/log,STOPPED}
2024-05-10 09:23:44,568 [ForkJoinPool.commonPool-worker-1] INFO  ozone.HddsDatanodeClientProtocolServer (HddsDatanodeClientProtocolServer.java:stop(83)) - Stopping the RPC server for Client Protocol
2024-05-10 09:23:44,568 [ForkJoinPool.commonPool-worker-1] INFO  ipc.Server (Server.java:stop(3523)) - Stopping server on 15090
2024-05-10 09:23:44,569 [IPC Server Responder] INFO  ipc.Server (Server.java:run(1567)) - Stopping IPC Server Responder
2024-05-10 09:23:44,569 [IPC Server listener on 15090] INFO  ipc.Server (Server.java:run(1434)) - Stopping IPC Server listener on 15090
2024-05-10 09:23:45,415 [ForkJoinPool.commonPool-worker-6] INFO  utils.DatanodeStoreCache (DatanodeStoreCache.java:shutdownCache(116)) - Skip clearing cache in mini cluster mode. Entries left: [/home/runner/work/ozone/ozone/hadoop-ozone/integration-test/target/test-dir/MiniOzoneClusterImpl-5c48b7ff-bfdb-407d-b2cb-68403445a4a3/ozone-meta/datanode-2/data-0/hdds/5c48b7ff-bfdb-407d-b2cb-68403445a4a3/DS-d49ff403-e605-4945-9855-ba615bd937aa/container.db]
2024-05-10 09:23:45,416 [ForkJoinPool.commonPool-worker-6] INFO  utils.DatanodeStoreCache (DatanodeStoreCache.java:removeDB(110)) - Removed db /home/runner/work/ozone/ozone/hadoop-ozone/integration-test/target/test-dir/MiniOzoneClusterImpl-5c48b7ff-bfdb-407d-b2cb-68403445a4a3/ozone-meta/datanode-2/data-0/hdds/5c48b7ff-bfdb-407d-b2cb-68403445a4a3/DS-d49ff403-e605-4945-9855-ba615bd937aa/container.db from cache
2024-05-10 09:23:45,416 [ForkJoinPool.commonPool-worker-6] INFO  volume.HddsVolume (HddsVolume.java:closeDbStore(470)) - SchemaV3 db is stopped at /home/runner/work/ozone/ozone/hadoop-ozone/integration-test/target/test-dir/MiniOzoneClusterImpl-5c48b7ff-bfdb-407d-b2cb-68403445a4a3/ozone-meta/datanode-2/data-0/hdds/5c48b7ff-bfdb-407d-b2cb-68403445a4a3/DS-d49ff403-e605-4945-9855-ba615bd937aa/container.db for volume DS-d49ff403-e605-4945-9855-ba615bd937aa
2024-05-10 09:23:45,416 [ForkJoinPool.commonPool-worker-6] INFO  utils.BackgroundService (BackgroundService.java:shutdown(160)) - Shutting down service BlockDeletingService
2024-05-10 09:23:45,417 [ForkJoinPool.commonPool-worker-6] INFO  utils.BackgroundService (BackgroundService.java:shutdown(160)) - Shutting down service StaleRecoveringContainerScrubbingService
2024-05-10 09:23:45,417 [ForkJoinPool.commonPool-worker-6] INFO  statemachine.DatanodeStateMachine (DatanodeStateMachine.java:stopDaemon(638)) - Ozone container server stopped.
2024-05-10 09:23:45,418 [ForkJoinPool.commonPool-worker-6] INFO  handler.ContextHandler (ContextHandler.java:doStop(1159)) - Stopped o.e.j.w.WebAppContext@1d502d6c{hddsDatanode,/,null,STOPPED}{file:/home/runner/work/ozone/ozone/hadoop-hdds/container-service/target/classes/webapps/hddsDatanode}
2024-05-10 09:23:45,418 [ForkJoinPool.commonPool-worker-6] INFO  server.AbstractConnector (AbstractConnector.java:doStop(383)) - Stopped ServerConnector@4be2f788{HTTP/1.1, (http/1.1)}{0.0.0.0:15071}
2024-05-10 09:23:45,418 [ForkJoinPool.commonPool-worker-6] INFO  server.session (HouseKeeper.java:stopScavenging(149)) - node0 Stopped scavenging
2024-05-10 09:23:45,418 [ForkJoinPool.commonPool-worker-6] INFO  handler.ContextHandler (ContextHandler.java:doStop(1159)) - Stopped o.e.j.s.ServletContextHandler@2ea6687b{static,/static,file:///home/runner/work/ozone/ozone/hadoop-hdds/container-service/target/classes/webapps/static,STOPPED}
2024-05-10 09:23:45,418 [ForkJoinPool.commonPool-worker-6] INFO  handler.ContextHandler (ContextHandler.java:doStop(1159)) - Stopped o.e.j.s.ServletContextHandler@591ad4b3{logs,/logs,file:///home/runner/work/ozone/ozone/hadoop-ozone/integration-test/target/log,STOPPED}
2024-05-10 09:23:45,419 [ForkJoinPool.commonPool-worker-6] INFO  ozone.HddsDatanodeClientProtocolServer (HddsDatanodeClientProtocolServer.java:stop(83)) - Stopping the RPC server for Client Protocol
2024-05-10 09:23:45,419 [ForkJoinPool.commonPool-worker-6] INFO  ipc.Server (Server.java:stop(3523)) - Stopping server on 15072
2024-05-10 09:23:45,419 [IPC Server listener on 15072] INFO  ipc.Server (Server.java:run(1434)) - Stopping IPC Server listener on 15072
2024-05-10 09:23:45,419 [IPC Server Responder] INFO  ipc.Server (Server.java:run(1567)) - Stopping IPC Server Responder
2024-05-10 09:23:45,420 [main] INFO  ozone.MiniOzoneClusterImpl (MiniOzoneClusterImpl.java:stopSCM(486)) - Stopping the StorageContainerManager
2024-05-10 09:23:45,420 [main] INFO  server.StorageContainerManager (StorageContainerManager.java:stop(1653)) - Container Balancer is not running.
2024-05-10 09:23:45,420 [main] INFO  server.StorageContainerManager (StorageContainerManager.java:stopReplicationManager(1786)) - Stopping Replication Manager Service.
2024-05-10 09:23:45,420 [main] INFO  replication.ReplicationManager (ReplicationManager.java:stop(329)) - Stopping Replication Monitor Thread.
2024-05-10 09:23:45,420 [main] INFO  server.StorageContainerManager (StorageContainerManager.java:stop(1662)) - Stopping the Datanode Admin Monitor.
2024-05-10 09:23:45,421 [main] INFO  server.StorageContainerManager (StorageContainerManager.java:stop(1669)) - Stopping datanode service RPC server
2024-05-10 09:23:45,421 [main] INFO  server.SCMDatanodeProtocolServer (SCMDatanodeProtocolServer.java:stop(425)) - Stopping the RPC server for DataNodes
2024-05-10 09:23:45,421 [main] INFO  ipc.Server (Server.java:stop(3523)) - Stopping server on 15055
2024-05-10 09:23:45,421 [OverReplicatedProcessor] WARN  replication.UnhealthyReplicationProcessor (UnhealthyReplicationProcessor.java:run(180)) - OverReplicatedProcessor interrupted. Exiting...
2024-05-10 09:23:45,420 [ReplicationMonitor] INFO  replication.ReplicationManager (ReplicationManager.java:run(938)) - Replication Monitor Thread is stopped
2024-05-10 09:23:45,420 [UnderReplicatedProcessor] WARN  replication.UnhealthyReplicationProcessor (UnhealthyReplicationProcessor.java:run(180)) - UnderReplicatedProcessor interrupted. Exiting...
2024-05-10 09:23:45,422 [IPC Server Responder] INFO  ipc.Server (Server.java:run(1567)) - Stopping IPC Server Responder
2024-05-10 09:23:45,422 [IPC Server listener on 15055] INFO  ipc.Server (Server.java:run(1434)) - Stopping IPC Server listener on 15055
2024-05-10 09:23:46,224 [SCMHeartbeatProcessor-0] WARN  node.NodeStateManager (NodeStateManager.java:scheduleNextHealthCheck(878)) - Current Thread is interrupted, shutting down HB processing thread for Node Manager.
2024-05-10 09:23:46,224 [main] INFO  server.StorageContainerManager (StorageContainerManager.java:stop(1677)) - Stopping block service RPC server
2024-05-10 09:23:46,224 [main] INFO  server.SCMBlockProtocolServer (SCMBlockProtocolServer.java:stop(171)) - Stopping the RPC server for Block Protocol
2024-05-10 09:23:46,225 [main] INFO  ipc.Server (Server.java:stop(3523)) - Stopping server on 15054
2024-05-10 09:23:46,226 [IPC Server listener on 15054] INFO  ipc.Server (Server.java:run(1434)) - Stopping IPC Server listener on 15054
2024-05-10 09:23:46,226 [IPC Server Responder] INFO  ipc.Server (Server.java:run(1567)) - Stopping IPC Server Responder
2024-05-10 09:23:46,226 [main] INFO  server.StorageContainerManager (StorageContainerManager.java:stop(1684)) - Stopping the StorageContainerLocationProtocol RPC server
2024-05-10 09:23:46,227 [main] INFO  server.SCMClientProtocolServer (SCMClientProtocolServer.java:stop(213)) - Stopping the RPC server for Client Protocol
2024-05-10 09:23:46,227 [main] INFO  ipc.Server (Server.java:stop(3523)) - Stopping server on 15053
2024-05-10 09:23:46,228 [IPC Server Responder] INFO  ipc.Server (Server.java:run(1567)) - Stopping IPC Server Responder
2024-05-10 09:23:46,228 [main] INFO  server.StorageContainerManager (StorageContainerManager.java:stop(1691)) - Stopping Storage Container Manager HTTP server.
2024-05-10 09:23:46,228 [main] INFO  handler.ContextHandler (ContextHandler.java:doStop(1159)) - Stopped o.e.j.w.WebAppContext@3ed3bfcb{scm,/,null,STOPPED}{file:/home/runner/work/ozone/ozone/hadoop-ozone/integration-test/target/test-classes/webapps/scm}
2024-05-10 09:23:46,228 [IPC Server listener on 15053] INFO  ipc.Server (Server.java:run(1434)) - Stopping IPC Server listener on 15053
2024-05-10 09:23:46,229 [main] INFO  server.AbstractConnector (AbstractConnector.java:doStop(383)) - Stopped ServerConnector@1bd5577e{HTTP/1.1, (http/1.1)}{0.0.0.0:15056}
2024-05-10 09:23:46,229 [main] INFO  server.session (HouseKeeper.java:stopScavenging(149)) - node0 Stopped scavenging
2024-05-10 09:23:46,229 [main] INFO  handler.ContextHandler (ContextHandler.java:doStop(1159)) - Stopped o.e.j.s.ServletContextHandler@4242a0e7{static,/static,file:///home/runner/work/ozone/ozone/hadoop-ozone/integration-test/target/test-classes/webapps/static,STOPPED}
2024-05-10 09:23:46,230 [main] INFO  handler.ContextHandler (ContextHandler.java:doStop(1159)) - Stopped o.e.j.s.ServletContextHandler@7b2c8390{logs,/logs,file:///home/runner/work/ozone/ozone/hadoop-ozone/integration-test/target/log,STOPPED}
2024-05-10 09:23:46,231 [main] INFO  server.StorageContainerManager (StorageContainerManager.java:stop(1699)) - Stopping SCM LayoutVersionManager Service.
2024-05-10 09:23:46,231 [main] INFO  server.StorageContainerManager (StorageContainerManager.java:stop(1711)) - Stopping Block Manager Service.
2024-05-10 09:23:46,231 [main] INFO  utils.BackgroundService (BackgroundService.java:shutdown(160)) - Shutting down service SCMBlockDeletingService
2024-05-10 09:23:46,232 [main] INFO  utils.BackgroundService (BackgroundService.java:shutdown(160)) - Shutting down service SCMBlockDeletingService
2024-05-10 09:23:46,232 [main] INFO  server.StorageContainerManager (StorageContainerManager.java:stop(1731)) - Stopping SCM Event Queue.
2024-05-10 09:23:46,233 [JvmPauseMonitor7] INFO  util.JvmPauseMonitor (JvmPauseMonitor.java:run(152)) - JvmPauseMonitor-3eb01cd0-d2f7-4f93-bb89-e4e384068db5: Stopped
2024-05-10 09:23:46,233 [main] INFO  server.StorageContainerManager (StorageContainerManager.java:stop(1742)) - Stopping SCM HA services.
2024-05-10 09:23:46,234 [main] INFO  pipeline.BackgroundPipelineCreator (BackgroundPipelineCreator.java:stop(152)) - Stopping RatisPipelineUtilsThread.
2024-05-10 09:23:46,234 [RatisPipelineUtilsThread-0] WARN  pipeline.BackgroundPipelineCreator (BackgroundPipelineCreator.java:run(183)) - RatisPipelineUtilsThread is interrupted.
2024-05-10 09:23:46,234 [BackgroundPipelineScrubber] WARN  BackgroundPipelineScrubber (BackgroundSCMService.java:run(112)) - BackgroundPipelineScrubber is interrupted, exit
2024-05-10 09:23:46,234 [main] INFO  BackgroundPipelineScrubber (BackgroundSCMService.java:stop(128)) - Stopping BackgroundPipelineScrubber Service.
2024-05-10 09:23:46,235 [main] INFO  impl.MetricsSystemImpl (MetricsSystemImpl.java:stop(210)) - Stopping HddsDatanode metrics system...
2024-05-10 09:23:46,236 [prometheus] INFO  impl.MetricsSinkAdapter (MetricsSinkAdapter.java:publishMetricsFromQueue(141)) - prometheus thread interrupted.
2024-05-10 09:23:46,236 [main] INFO  impl.MetricsSystemImpl (MetricsSystemImpl.java:stop(216)) - HddsDatanode metrics system stopped.
2024-05-10 09:23:46,236 [main] WARN  pipeline.BackgroundPipelineCreator (BackgroundPipelineCreator.java:stop(148)) - RatisPipelineUtilsThread is not running, just ignore.
2024-05-10 09:23:46,236 [main] INFO  BackgroundPipelineScrubber (BackgroundSCMService.java:stop(123)) - BackgroundPipelineScrubber Service is not running, skip stop.
2024-05-10 09:23:46,237 [ExpiredContainerReplicaOpScrubber] WARN  ExpiredContainerReplicaOpScrubber (BackgroundSCMService.java:run(112)) - ExpiredContainerReplicaOpScrubber is interrupted, exit
2024-05-10 09:23:46,237 [main] INFO  ExpiredContainerReplicaOpScrubber (BackgroundSCMService.java:stop(128)) - Stopping ExpiredContainerReplicaOpScrubber Service.
2024-05-10 09:23:46,237 [main] INFO  utils.BackgroundService (BackgroundService.java:shutdown(160)) - Shutting down service SCMBlockDeletingService
2024-05-10 09:23:46,237 [main] INFO  replication.ReplicationManager (ReplicationManager.java:stop(339)) - Replication Monitor Thread is not running.
2024-05-10 09:23:46,237 [main] WARN  balancer.ContainerBalancer (ContainerBalancer.java:stop(327)) - Cannot stop Container Balancer because it's not running or stopping
2024-05-10 09:23:46,237 [LeaseManager#LeaseMonitor] WARN  lease.LeaseManager (LeaseManager.java:run(287)) - Lease manager is interrupted. Shutting down...
java.lang.InterruptedException
	at java.base/java.util.concurrent.locks.AbstractQueuedSynchronizer.tryAcquireSharedNanos(AbstractQueuedSynchronizer.java:1081)
	at java.base/java.util.concurrent.Semaphore.tryAcquire(Semaphore.java:415)
	at org.apache.hadoop.ozone.lease.LeaseManager$LeaseMonitor.run(LeaseManager.java:285)
	at java.base/java.lang.Thread.run(Thread.java:840)
2024-05-10 09:23:46,237 [main] INFO  server.StorageContainerManager (StorageContainerManager.java:stop(1777)) - Stopping SCM MetadataStore.
]]></system-out>
  </testcase>
</testsuite>