<?xml version="1.0" encoding="UTF-8"?>
<testsuite xmlns:xsi="http://www.w3.org/2001/XMLSchema-instance" xsi:noNamespaceSchemaLocation="https://maven.apache.org/surefire/maven-surefire-plugin/xsd/surefire-test-report.xsd" name="org.apache.hadoop.ozone.client.rpc.TestWatchForCommit" time="208.684" tests="4" errors="1" skipped="0" failures="0">
  <properties>
    <property name="awt.toolkit" value="sun.awt.X11.XToolkit"/>
    <property name="file.encoding.pkg" value="sun.io"/>
    <property name="java.specification.version" value="1.8"/>
    <property name="sun.cpu.isalist" value=""/>
    <property name="sun.jnu.encoding" value="ANSI_X3.4-1968"/>
    <property name="java.class.path" value="/github/workspace/mnt/ozone/hadoop-ozone/integration-test/target/test-classes:/github/workspace/mnt/ozone/hadoop-ozone/integration-test/target/classes:/home/user/.m2/repository/org/apache/hadoop/hadoop-ozone-common/0.6.0-SNAPSHOT/hadoop-ozone-common-0.6.0-SNAPSHOT.jar:/home/user/.m2/repository/org/apache/commons/commons-compress/1.4.1/commons-compress-1.4.1.jar:/home/user/.m2/repository/org/tukaani/xz/1.0/xz-1.0.jar:/home/user/.m2/repository/org/apache/hadoop/hadoop-hdds-common/0.6.0-SNAPSHOT/hadoop-hdds-common-0.6.0-SNAPSHOT.jar:/home/user/.m2/repository/org/apache/hadoop/hadoop-hdds-hadoop-dependency-client/0.6.0-SNAPSHOT/hadoop-hdds-hadoop-dependency-client-0.6.0-SNAPSHOT.jar:/home/user/.m2/repository/info/picocli/picocli/3.9.6/picocli-3.9.6.jar:/home/user/.m2/repository/com/fasterxml/jackson/core/jackson-annotations/2.10.3/jackson-annotations-2.10.3.jar:/home/user/.m2/repository/javax/annotation/javax.annotation-api/1.2/javax.annotation-api-1.2.jar:/home/user/.m2/repository/org/apache/ratis/ratis-server/0.6.0-6ab75ae-SNAPSHOT/ratis-server-0.6.0-6ab75ae-SNAPSHOT.jar:/home/user/.m2/repository/org/apache/ratis/ratis-client/0.6.0-6ab75ae-SNAPSHOT/ratis-client-0.6.0-6ab75ae-SNAPSHOT.jar:/home/user/.m2/repository/org/apache/ratis/ratis-metrics/0.6.0-6ab75ae-SNAPSHOT/ratis-metrics-0.6.0-6ab75ae-SNAPSHOT.jar:/home/user/.m2/repository/org/apache/ratis/ratis-netty/0.6.0-6ab75ae-SNAPSHOT/ratis-netty-0.6.0-6ab75ae-SNAPSHOT.jar:/home/user/.m2/repository/org/apache/ratis/ratis-grpc/0.6.0-6ab75ae-SNAPSHOT/ratis-grpc-0.6.0-6ab75ae-SNAPSHOT.jar:/home/user/.m2/repository/org/apache/logging/log4j/log4j-api/2.11.0/log4j-api-2.11.0.jar:/home/user/.m2/repository/org/apache/logging/log4j/log4j-core/2.11.0/log4j-core-2.11.0.jar:/home/user/.m2/repository/com/lmax/disruptor/3.4.2/disruptor-3.4.2.jar:/home/user/.m2/repository/org/apache/commons/commons-pool2/2.6.0/commons-pool2-2.6.0.jar:/home/user/.m2/repository/org/bouncycastle/bcpkix-jdk15on/1.60/bcpkix-jdk15on-1.60.jar:/home/user/.m2/repository/commons-validator/commons-validator/1.6/commons-validator-1.6.jar:/home/user/.m2/repository/commons-digester/commons-digester/1.8.1/commons-digester-1.8.1.jar:/home/user/.m2/repository/io/jaegertracing/jaeger-client/1.2.0/jaeger-client-1.2.0.jar:/home/user/.m2/repository/io/jaegertracing/jaeger-thrift/1.2.0/jaeger-thrift-1.2.0.jar:/home/user/.m2/repository/org/apache/thrift/libthrift/0.13.0/libthrift-0.13.0.jar:/home/user/.m2/repository/com/squareup/okhttp3/okhttp/4.2.2/okhttp-4.2.2.jar:/home/user/.m2/repository/com/squareup/okio/okio/2.2.2/okio-2.2.2.jar:/home/user/.m2/repository/org/jetbrains/kotlin/kotlin-stdlib/1.3.50/kotlin-stdlib-1.3.50.jar:/home/user/.m2/repository/org/jetbrains/kotlin/kotlin-stdlib-common/1.3.50/kotlin-stdlib-common-1.3.50.jar:/home/user/.m2/repository/org/jetbrains/annotations/13.0/annotations-13.0.jar:/home/user/.m2/repository/io/jaegertracing/jaeger-core/1.2.0/jaeger-core-1.2.0.jar:/home/user/.m2/repository/io/jaegertracing/jaeger-tracerresolver/1.2.0/jaeger-tracerresolver-1.2.0.jar:/home/user/.m2/repository/io/opentracing/contrib/opentracing-tracerresolver/0.1.8/opentracing-tracerresolver-0.1.8.jar:/home/user/.m2/repository/io/opentracing/opentracing-util/0.33.0/opentracing-util-0.33.0.jar:/home/user/.m2/repository/io/opentracing/opentracing-api/0.33.0/opentracing-api-0.33.0.jar:/home/user/.m2/repository/io/opentracing/opentracing-noop/0.33.0/opentracing-noop-0.33.0.jar:/home/user/.m2/repository/org/apache/hadoop/hadoop-hdds-client/0.6.0-SNAPSHOT/hadoop-hdds-client-0.6.0-SNAPSHOT.jar:/home/user/.m2/repository/org/apache/hadoop/hadoop-ozone-interface-client/0.6.0-SNAPSHOT/hadoop-ozone-interface-client-0.6.0-SNAPSHOT.jar:/home/user/.m2/repository/org/apache/hadoop/hadoop-hdds-test-utils/0.6.0-SNAPSHOT/hadoop-hdds-test-utils-0.6.0-SNAPSHOT.jar:/home/user/.m2/repository/com/google/guava/guava/28.2-jre/guava-28.2-jre.jar:/home/user/.m2/repository/com/google/guava/failureaccess/1.0.1/failureaccess-1.0.1.jar:/home/user/.m2/repository/com/google/guava/listenablefuture/9999.0-empty-to-avoid-conflict-with-guava/listenablefuture-9999.0-empty-to-avoid-conflict-with-guava.jar:/home/user/.m2/repository/com/google/code/findbugs/jsr305/3.0.0/jsr305-3.0.0.jar:/home/user/.m2/repository/org/checkerframework/checker-qual/2.10.0/checker-qual-2.10.0.jar:/home/user/.m2/repository/com/google/errorprone/error_prone_annotations/2.2.0/error_prone_annotations-2.2.0.jar:/home/user/.m2/repository/com/google/j2objc/j2objc-annotations/1.3/j2objc-annotations-1.3.jar:/home/user/.m2/repository/commons-io/commons-io/2.5/commons-io-2.5.jar:/home/user/.m2/repository/commons-logging/commons-logging/1.2/commons-logging-1.2.jar:/home/user/.m2/repository/log4j/log4j/1.2.17/log4j-1.2.17.jar:/home/user/.m2/repository/org/slf4j/slf4j-api/1.7.25/slf4j-api-1.7.25.jar:/home/user/.m2/repository/org/apache/hadoop/hadoop-hdds-server-scm/0.6.0-SNAPSHOT/hadoop-hdds-server-scm-0.6.0-SNAPSHOT.jar:/home/user/.m2/repository/org/apache/hadoop/hadoop-hdds-container-service/0.6.0-SNAPSHOT/hadoop-hdds-container-service-0.6.0-SNAPSHOT.jar:/home/user/.m2/repository/org/apache/hadoop/hadoop-hdds-hadoop-dependency-server/0.6.0-SNAPSHOT/hadoop-hdds-hadoop-dependency-server-0.6.0-SNAPSHOT.jar:/home/user/.m2/repository/org/apache/hadoop/hadoop-hdds-server-framework/0.6.0-SNAPSHOT/hadoop-hdds-server-framework-0.6.0-SNAPSHOT.jar:/home/user/.m2/repository/org/apache/hadoop/hadoop-hdds-interface-server/0.6.0-SNAPSHOT/hadoop-hdds-interface-server-0.6.0-SNAPSHOT.jar:/home/user/.m2/repository/org/apache/hadoop/hadoop-hdds-interface-admin/0.6.0-SNAPSHOT/hadoop-hdds-interface-admin-0.6.0-SNAPSHOT.jar:/home/user/.m2/repository/org/rocksdb/rocksdbjni/6.8.1/rocksdbjni-6.8.1.jar:/home/user/.m2/repository/io/prometheus/simpleclient_dropwizard/0.7.0/simpleclient_dropwizard-0.7.0.jar:/home/user/.m2/repository/io/prometheus/simpleclient/0.7.0/simpleclient-0.7.0.jar:/home/user/.m2/repository/io/prometheus/simpleclient_common/0.7.0/simpleclient_common-0.7.0.jar:/home/user/.m2/repository/com/fasterxml/jackson/datatype/jackson-datatype-jsr310/2.10.3/jackson-datatype-jsr310-2.10.3.jar:/home/user/.m2/repository/org/apache/hadoop/hadoop-hdds-docs/0.6.0-SNAPSHOT/hadoop-hdds-docs-0.6.0-SNAPSHOT.jar:/home/user/.m2/repository/io/dropwizard/metrics/metrics-core/3.2.4/metrics-core-3.2.4.jar:/home/user/.m2/repository/org/apache/hadoop/hadoop-hdfs-client/3.2.1/hadoop-hdfs-client-3.2.1.jar:/home/user/.m2/repository/org/bouncycastle/bcprov-jdk15on/1.60/bcprov-jdk15on-1.60.jar:/home/user/.m2/repository/org/apache/hadoop/hadoop-ozone-ozone-manager/0.6.0-SNAPSHOT/hadoop-ozone-ozone-manager-0.6.0-SNAPSHOT.jar:/home/user/.m2/repository/org/apache/hadoop/hadoop-hdds-interface-client/0.6.0-SNAPSHOT/hadoop-hdds-interface-client-0.6.0-SNAPSHOT.jar:/home/user/.m2/repository/org/apache/ratis/ratis-thirdparty-misc/0.4.0/ratis-thirdparty-misc-0.4.0.jar:/home/user/.m2/repository/org/apache/hadoop/hadoop-minikdc/3.2.1/hadoop-minikdc-3.2.1.jar:/home/user/.m2/repository/org/apache/kerby/kerb-simplekdc/1.0.1/kerb-simplekdc-1.0.1.jar:/home/user/.m2/repository/org/apache/kerby/kerb-client/1.0.1/kerb-client-1.0.1.jar:/home/user/.m2/repository/org/apache/kerby/kerby-config/1.0.1/kerby-config-1.0.1.jar:/home/user/.m2/repository/org/apache/kerby/kerb-core/1.0.1/kerb-core-1.0.1.jar:/home/user/.m2/repository/org/apache/kerby/kerby-pkix/1.0.1/kerby-pkix-1.0.1.jar:/home/user/.m2/repository/org/apache/kerby/kerby-asn1/1.0.1/kerby-asn1-1.0.1.jar:/home/user/.m2/repository/org/apache/kerby/kerby-util/1.0.1/kerby-util-1.0.1.jar:/home/user/.m2/repository/org/apache/kerby/kerb-common/1.0.1/kerb-common-1.0.1.jar:/home/user/.m2/repository/org/apache/kerby/kerb-crypto/1.0.1/kerb-crypto-1.0.1.jar:/home/user/.m2/repository/org/apache/kerby/kerb-util/1.0.1/kerb-util-1.0.1.jar:/home/user/.m2/repository/org/apache/kerby/token-provider/1.0.1/token-provider-1.0.1.jar:/home/user/.m2/repository/org/apache/kerby/kerb-admin/1.0.1/kerb-admin-1.0.1.jar:/home/user/.m2/repository/org/apache/kerby/kerb-server/1.0.1/kerb-server-1.0.1.jar:/home/user/.m2/repository/org/apache/kerby/kerb-identity/1.0.1/kerb-identity-1.0.1.jar:/home/user/.m2/repository/org/apache/kerby/kerby-xdr/1.0.1/kerby-xdr-1.0.1.jar:/home/user/.m2/repository/org/slf4j/slf4j-log4j12/1.7.25/slf4j-log4j12-1.7.25.jar:/home/user/.m2/repository/org/apache/hadoop/hadoop-ozone-s3gateway/0.6.0-SNAPSHOT/hadoop-ozone-s3gateway-0.6.0-SNAPSHOT.jar:/home/user/.m2/repository/org/jboss/weld/servlet/weld-servlet/2.4.7.Final/weld-servlet-2.4.7.Final.jar:/home/user/.m2/repository/org/glassfish/jersey/containers/jersey-container-servlet-core/2.27/jersey-container-servlet-core-2.27.jar:/home/user/.m2/repository/org/glassfish/hk2/external/javax.inject/2.5.0-b42/javax.inject-2.5.0-b42.jar:/home/user/.m2/repository/org/glassfish/jersey/core/jersey-common/2.27/jersey-common-2.27.jar:/home/user/.m2/repository/org/glassfish/hk2/osgi-resource-locator/1.0.1/osgi-resource-locator-1.0.1.jar:/home/user/.m2/repository/javax/ws/rs/javax.ws.rs-api/2.1/javax.ws.rs-api-2.1.jar:/home/user/.m2/repository/org/glassfish/jersey/ext/cdi/jersey-cdi1x/2.27/jersey-cdi1x-2.27.jar:/home/user/.m2/repository/org/glassfish/jersey/inject/jersey-hk2/2.27/jersey-hk2-2.27.jar:/home/user/.m2/repository/org/glassfish/hk2/hk2-locator/2.5.0-b42/hk2-locator-2.5.0-b42.jar:/home/user/.m2/repository/org/javassist/javassist/3.22.0-CR2/javassist-3.22.0-CR2.jar:/home/user/.m2/repository/org/glassfish/hk2/hk2-api/2.5.0/hk2-api-2.5.0.jar:/home/user/.m2/repository/org/glassfish/hk2/external/jakarta.inject/2.5.0/jakarta.inject-2.5.0.jar:/home/user/.m2/repository/org/glassfish/hk2/hk2-utils/2.5.0/hk2-utils-2.5.0.jar:/home/user/.m2/repository/jakarta/annotation/jakarta.annotation-api/1.3.4/jakarta.annotation-api-1.3.4.jar:/home/user/.m2/repository/org/glassfish/hk2/external/aopalliance-repackaged/2.5.0/aopalliance-repackaged-2.5.0.jar:/home/user/.m2/repository/com/fasterxml/jackson/dataformat/jackson-dataformat-xml/2.10.3/jackson-dataformat-xml-2.10.3.jar:/home/user/.m2/repository/com/fasterxml/jackson/core/jackson-core/2.10.3/jackson-core-2.10.3.jar:/home/user/.m2/repository/com/fasterxml/jackson/module/jackson-module-jaxb-annotations/2.10.3/jackson-module-jaxb-annotations-2.10.3.jar:/home/user/.m2/repository/jakarta/xml/bind/jakarta.xml.bind-api/2.3.2/jakarta.xml.bind-api-2.3.2.jar:/home/user/.m2/repository/jakarta/activation/jakarta.activation-api/1.2.1/jakarta.activation-api-1.2.1.jar:/home/user/.m2/repository/org/codehaus/woodstox/stax2-api/3.1.4/stax2-api-3.1.4.jar:/home/user/.m2/repository/com/fasterxml/woodstox/woodstox-core/5.0.3/woodstox-core-5.0.3.jar:/home/user/.m2/repository/javax/enterprise/cdi-api/1.2/cdi-api-1.2.jar:/home/user/.m2/repository/javax/el/javax.el-api/3.0.0/javax.el-api-3.0.0.jar:/home/user/.m2/repository/javax/interceptor/javax.interceptor-api/1.2/javax.interceptor-api-1.2.jar:/home/user/.m2/repository/javax/inject/javax.inject/1/javax.inject-1.jar:/home/user/.m2/repository/com/sun/xml/bind/jaxb-impl/2.3.0.1/jaxb-impl-2.3.0.1.jar:/home/user/.m2/repository/com/sun/xml/bind/jaxb-core/2.3.0.1/jaxb-core-2.3.0.1.jar:/home/user/.m2/repository/javax/xml/bind/jaxb-api/2.3.0/jaxb-api-2.3.0.jar:/home/user/.m2/repository/javax/activation/activation/1.1.1/activation-1.1.1.jar:/home/user/.m2/repository/org/apache/hadoop/hadoop-ozone-csi/0.6.0-SNAPSHOT/hadoop-ozone-csi-0.6.0-SNAPSHOT.jar:/home/user/.m2/repository/com/google/protobuf/protobuf-java-util/3.11.0/protobuf-java-util-3.11.0.jar:/home/user/.m2/repository/com/google/code/gson/gson/2.2.4/gson-2.2.4.jar:/home/user/.m2/repository/org/apache/hadoop/hadoop-hdds-config/0.6.0-SNAPSHOT/hadoop-hdds-config-0.6.0-SNAPSHOT.jar:/home/user/.m2/repository/com/google/protobuf/protobuf-java/2.5.0/protobuf-java-2.5.0.jar:/home/user/.m2/repository/io/grpc/grpc-netty/1.29.0/grpc-netty-1.29.0.jar:/home/user/.m2/repository/io/grpc/grpc-core/1.29.0/grpc-core-1.29.0.jar:/home/user/.m2/repository/com/google/android/annotations/4.1.1.4/annotations-4.1.1.4.jar:/home/user/.m2/repository/io/perfmark/perfmark-api/0.19.0/perfmark-api-0.19.0.jar:/home/user/.m2/repository/io/netty/netty-codec-http2/4.1.48.Final/netty-codec-http2-4.1.48.Final.jar:/home/user/.m2/repository/io/netty/netty-codec/4.1.48.Final/netty-codec-4.1.48.Final.jar:/home/user/.m2/repository/io/netty/netty-handler/4.1.48.Final/netty-handler-4.1.48.Final.jar:/home/user/.m2/repository/io/netty/netty-codec-http/4.1.48.Final/netty-codec-http-4.1.48.Final.jar:/home/user/.m2/repository/io/netty/netty-handler-proxy/4.1.48.Final/netty-handler-proxy-4.1.48.Final.jar:/home/user/.m2/repository/io/netty/netty-codec-socks/4.1.48.Final/netty-codec-socks-4.1.48.Final.jar:/home/user/.m2/repository/io/netty/netty-transport-native-epoll/4.1.48.Final/netty-transport-native-epoll-4.1.48.Final.jar:/home/user/.m2/repository/io/netty/netty-common/4.1.48.Final/netty-common-4.1.48.Final.jar:/home/user/.m2/repository/io/netty/netty-buffer/4.1.48.Final/netty-buffer-4.1.48.Final.jar:/home/user/.m2/repository/io/netty/netty-transport/4.1.48.Final/netty-transport-4.1.48.Final.jar:/home/user/.m2/repository/io/netty/netty-resolver/4.1.48.Final/netty-resolver-4.1.48.Final.jar:/home/user/.m2/repository/io/netty/netty-transport-native-unix-common/4.1.48.Final/netty-transport-native-unix-common-4.1.48.Final.jar:/home/user/.m2/repository/io/grpc/grpc-protobuf/1.29.0/grpc-protobuf-1.29.0.jar:/home/user/.m2/repository/io/grpc/grpc-api/1.29.0/grpc-api-1.29.0.jar:/home/user/.m2/repository/io/grpc/grpc-context/1.29.0/grpc-context-1.29.0.jar:/home/user/.m2/repository/org/codehaus/mojo/animal-sniffer-annotations/1.18/animal-sniffer-annotations-1.18.jar:/home/user/.m2/repository/com/google/api/grpc/proto-google-common-protos/1.17.0/proto-google-common-protos-1.17.0.jar:/home/user/.m2/repository/io/grpc/grpc-protobuf-lite/1.29.0/grpc-protobuf-lite-1.29.0.jar:/home/user/.m2/repository/io/grpc/grpc-stub/1.29.0/grpc-stub-1.29.0.jar:/home/user/.m2/repository/org/apache/hadoop/hadoop-ozone-recon/0.6.0-SNAPSHOT/hadoop-ozone-recon-0.6.0-SNAPSHOT.jar:/home/user/.m2/repository/org/apache/hadoop/hadoop-ozone-reconcodegen/0.6.0-SNAPSHOT/hadoop-ozone-reconcodegen-0.6.0-SNAPSHOT.jar:/home/user/.m2/repository/com/google/inject/extensions/guice-multibindings/4.0/guice-multibindings-4.0.jar:/home/user/.m2/repository/com/google/inject/guice/4.0/guice-4.0.jar:/home/user/.m2/repository/aopalliance/aopalliance/1.0/aopalliance-1.0.jar:/home/user/.m2/repository/com/google/inject/extensions/guice-assistedinject/4.0/guice-assistedinject-4.0.jar:/home/user/.m2/repository/com/google/inject/extensions/guice-servlet/4.0/guice-servlet-4.0.jar:/home/user/.m2/repository/org/glassfish/jersey/containers/jersey-container-servlet/2.27/jersey-container-servlet-2.27.jar:/home/user/.m2/repository/org/glassfish/hk2/guice-bridge/2.5.0/guice-bridge-2.5.0.jar:/home/user/.m2/repository/org/glassfish/jersey/core/jersey-server/2.27/jersey-server-2.27.jar:/home/user/.m2/repository/org/glassfish/jersey/core/jersey-client/2.27/jersey-client-2.27.jar:/home/user/.m2/repository/org/glassfish/jersey/media/jersey-media-jaxb/2.27/jersey-media-jaxb-2.27.jar:/home/user/.m2/repository/javax/validation/validation-api/1.1.0.Final/validation-api-1.1.0.Final.jar:/home/user/.m2/repository/org/glassfish/jersey/media/jersey-media-json-jackson/2.27/jersey-media-json-jackson-2.27.jar:/home/user/.m2/repository/org/glassfish/jersey/ext/jersey-entity-filtering/2.27/jersey-entity-filtering-2.27.jar:/home/user/.m2/repository/org/jooq/jooq/3.11.10/jooq-3.11.10.jar:/home/user/.m2/repository/org/jooq/jooq-meta/3.11.10/jooq-meta-3.11.10.jar:/home/user/.m2/repository/org/jooq/jooq-codegen/3.11.10/jooq-codegen-3.11.10.jar:/home/user/.m2/repository/com/jolbox/bonecp/0.8.0.RELEASE/bonecp-0.8.0.RELEASE.jar:/home/user/.m2/repository/org/apache/derby/derby/10.14.2.0/derby-10.14.2.0.jar:/home/user/.m2/repository/org/xerial/sqlite-jdbc/3.25.2/sqlite-jdbc-3.25.2.jar:/home/user/.m2/repository/org/springframework/spring-jdbc/5.2.5.RELEASE/spring-jdbc-5.2.5.RELEASE.jar:/home/user/.m2/repository/org/springframework/spring-beans/5.2.5.RELEASE/spring-beans-5.2.5.RELEASE.jar:/home/user/.m2/repository/org/springframework/spring-core/5.2.5.RELEASE/spring-core-5.2.5.RELEASE.jar:/home/user/.m2/repository/org/springframework/spring-jcl/5.2.5.RELEASE/spring-jcl-5.2.5.RELEASE.jar:/home/user/.m2/repository/org/springframework/spring-tx/5.2.5.RELEASE/spring-tx-5.2.5.RELEASE.jar:/home/user/.m2/repository/org/apache/hadoop/hadoop-ozone-client/0.6.0-SNAPSHOT/hadoop-ozone-client-0.6.0-SNAPSHOT.jar:/home/user/.m2/repository/org/apache/hadoop/hadoop-ozone-filesystem/0.6.0-SNAPSHOT/hadoop-ozone-filesystem-0.6.0-SNAPSHOT.jar:/home/user/.m2/repository/org/apache/hadoop/hadoop-ozone-filesystem-common/0.6.0-SNAPSHOT/hadoop-ozone-filesystem-common-0.6.0-SNAPSHOT.jar:/home/user/.m2/repository/org/apache/hadoop/hadoop-ozone-tools/0.6.0-SNAPSHOT/hadoop-ozone-tools-0.6.0-SNAPSHOT.jar:/home/user/.m2/repository/org/apache/hadoop/hadoop-hdfs/3.2.1/hadoop-hdfs-3.2.1.jar:/home/user/.m2/repository/org/apache/ratis/ratis-tools/0.6.0-6ab75ae-SNAPSHOT/ratis-tools-0.6.0-6ab75ae-SNAPSHOT.jar:/home/user/.m2/repository/org/apache/ratis/ratis-proto/0.6.0-6ab75ae-SNAPSHOT/ratis-proto-0.6.0-6ab75ae-SNAPSHOT.jar:/home/user/.m2/repository/org/apache/ratis/ratis-common/0.6.0-6ab75ae-SNAPSHOT/ratis-common-0.6.0-6ab75ae-SNAPSHOT.jar:/home/user/.m2/repository/com/amazonaws/aws-java-sdk-core/1.11.615/aws-java-sdk-core-1.11.615.jar:/home/user/.m2/repository/org/apache/httpcomponents/httpclient/4.5.2/httpclient-4.5.2.jar:/home/user/.m2/repository/org/apache/httpcomponents/httpcore/4.4.4/httpcore-4.4.4.jar:/home/user/.m2/repository/software/amazon/ion/ion-java/1.0.2/ion-java-1.0.2.jar:/home/user/.m2/repository/com/fasterxml/jackson/dataformat/jackson-dataformat-cbor/2.10.3/jackson-dataformat-cbor-2.10.3.jar:/home/user/.m2/repository/joda-time/joda-time/2.8.1/joda-time-2.8.1.jar:/home/user/.m2/repository/com/amazonaws/aws-java-sdk-s3/1.11.615/aws-java-sdk-s3-1.11.615.jar:/home/user/.m2/repository/com/amazonaws/aws-java-sdk-kms/1.11.615/aws-java-sdk-kms-1.11.615.jar:/home/user/.m2/repository/com/amazonaws/jmespath-java/1.11.615/jmespath-java-1.11.615.jar:/home/user/.m2/repository/org/apache/hadoop/hadoop-hdds-tools/0.6.0-SNAPSHOT/hadoop-hdds-tools-0.6.0-SNAPSHOT.jar:/home/user/.m2/repository/commons-cli/commons-cli/1.2/commons-cli-1.2.jar:/home/user/.m2/repository/org/apache/commons/commons-lang3/3.7/commons-lang3-3.7.jar:/home/user/.m2/repository/org/apache/hadoop/hadoop-ozone-ozone-manager/0.6.0-SNAPSHOT/hadoop-ozone-ozone-manager-0.6.0-SNAPSHOT-tests.jar:/home/user/.m2/repository/junit/junit/4.11/junit-4.11.jar:/home/user/.m2/repository/org/hamcrest/hamcrest-core/1.3/hamcrest-core-1.3.jar:/home/user/.m2/repository/org/openjdk/jmh/jmh-core/1.19/jmh-core-1.19.jar:/home/user/.m2/repository/net/sf/jopt-simple/jopt-simple/4.6/jopt-simple-4.6.jar:/home/user/.m2/repository/org/apache/commons/commons-math3/3.1.1/commons-math3-3.1.1.jar:/home/user/.m2/repository/org/openjdk/jmh/jmh-generator-annprocess/1.19/jmh-generator-annprocess-1.19.jar:/home/user/.m2/repository/org/mockito/mockito-all/1.8.5/mockito-all-1.8.5.jar:/home/user/.m2/repository/org/apache/hadoop/hadoop-kms/3.2.1/hadoop-kms-3.2.1.jar:/home/user/.m2/repository/org/apache/hadoop/hadoop-auth/3.2.1/hadoop-auth-3.2.1.jar:/home/user/.m2/repository/com/nimbusds/nimbus-jose-jwt/7.9/nimbus-jose-jwt-7.9.jar:/home/user/.m2/repository/com/github/stephenc/jcip/jcip-annotations/1.0-1/jcip-annotations-1.0-1.jar:/home/user/.m2/repository/net/minidev/json-smart/2.3/json-smart-2.3.jar:/home/user/.m2/repository/net/minidev/accessors-smart/1.2/accessors-smart-1.2.jar:/home/user/.m2/repository/org/ow2/asm/asm/5.0.4/asm-5.0.4.jar:/home/user/.m2/repository/org/apache/zookeeper/zookeeper/3.4.13/zookeeper-3.4.13.jar:/home/user/.m2/repository/org/apache/yetus/audience-annotations/0.5.0/audience-annotations-0.5.0.jar:/home/user/.m2/repository/org/apache/curator/curator-framework/2.13.0/curator-framework-2.13.0.jar:/home/user/.m2/repository/com/sun/jersey/jersey-core/1.19/jersey-core-1.19.jar:/home/user/.m2/repository/javax/ws/rs/jsr311-api/1.1.1/jsr311-api-1.1.1.jar:/home/user/.m2/repository/com/sun/jersey/jersey-server/1.19/jersey-server-1.19.jar:/home/user/.m2/repository/javax/servlet/javax.servlet-api/3.1.0/javax.servlet-api-3.1.0.jar:/home/user/.m2/repository/org/eclipse/jetty/jetty-server/9.4.26.v20200117/jetty-server-9.4.26.v20200117.jar:/home/user/.m2/repository/org/eclipse/jetty/jetty-http/9.4.26.v20200117/jetty-http-9.4.26.v20200117.jar:/home/user/.m2/repository/org/eclipse/jetty/jetty-io/9.4.26.v20200117/jetty-io-9.4.26.v20200117.jar:/home/user/.m2/repository/org/eclipse/jetty/jetty-webapp/9.4.26.v20200117/jetty-webapp-9.4.26.v20200117.jar:/home/user/.m2/repository/org/eclipse/jetty/jetty-xml/9.4.26.v20200117/jetty-xml-9.4.26.v20200117.jar:/home/user/.m2/repository/org/eclipse/jetty/jetty-servlet/9.4.26.v20200117/jetty-servlet-9.4.26.v20200117.jar:/home/user/.m2/repository/org/eclipse/jetty/jetty-security/9.4.26.v20200117/jetty-security-9.4.26.v20200117.jar:/home/user/.m2/repository/org/apache/hadoop/hadoop-common/3.2.1/hadoop-common-3.2.1.jar:/home/user/.m2/repository/commons-net/commons-net/3.6/commons-net-3.6.jar:/home/user/.m2/repository/commons-collections/commons-collections/3.2.2/commons-collections-3.2.2.jar:/home/user/.m2/repository/com/sun/jersey/jersey-servlet/1.19/jersey-servlet-1.19.jar:/home/user/.m2/repository/com/sun/jersey/jersey-json/1.19/jersey-json-1.19.jar:/home/user/.m2/repository/org/codehaus/jettison/jettison/1.1/jettison-1.1.jar:/home/user/.m2/repository/org/codehaus/jackson/jackson-jaxrs/1.9.2/jackson-jaxrs-1.9.2.jar:/home/user/.m2/repository/org/codehaus/jackson/jackson-xc/1.9.2/jackson-xc-1.9.2.jar:/home/user/.m2/repository/commons-beanutils/commons-beanutils/1.9.4/commons-beanutils-1.9.4.jar:/home/user/.m2/repository/org/apache/commons/commons-configuration2/2.1.1/commons-configuration2-2.1.1.jar:/home/user/.m2/repository/org/apache/commons/commons-text/1.4/commons-text-1.4.jar:/home/user/.m2/repository/com/google/re2j/re2j/1.1/re2j-1.1.jar:/home/user/.m2/repository/com/jcraft/jsch/0.1.54/jsch-0.1.54.jar:/home/user/.m2/repository/org/apache/curator/curator-client/2.13.0/curator-client-2.13.0.jar:/home/user/.m2/repository/org/apache/curator/curator-recipes/2.13.0/curator-recipes-2.13.0.jar:/home/user/.m2/repository/dnsjava/dnsjava/2.1.7/dnsjava-2.1.7.jar:/home/user/.m2/repository/org/slf4j/jul-to-slf4j/1.7.25/jul-to-slf4j-1.7.25.jar:/home/user/.m2/repository/org/eclipse/jetty/jetty-util/9.4.26.v20200117/jetty-util-9.4.26.v20200117.jar:/home/user/.m2/repository/com/fasterxml/jackson/core/jackson-databind/2.10.3/jackson-databind-2.10.3.jar:/home/user/.m2/repository/org/apache/hadoop/hadoop-kms/3.2.1/hadoop-kms-3.2.1-tests.jar:/home/user/.m2/repository/org/apache/hadoop/hadoop-hdds-server-scm/0.6.0-SNAPSHOT/hadoop-hdds-server-scm-0.6.0-SNAPSHOT-tests.jar:/home/user/.m2/repository/org/apache/hadoop/hadoop-hdds-container-service/0.6.0-SNAPSHOT/hadoop-hdds-container-service-0.6.0-SNAPSHOT-tests.jar:/home/user/.m2/repository/org/apache/hadoop/hadoop-hdds-common/0.6.0-SNAPSHOT/hadoop-hdds-common-0.6.0-SNAPSHOT-tests.jar:/home/user/.m2/repository/org/yaml/snakeyaml/1.16/snakeyaml-1.16.jar:/home/user/.m2/repository/org/apache/hadoop/hadoop-hdds-hadoop-dependency-test/0.6.0-SNAPSHOT/hadoop-hdds-hadoop-dependency-test-0.6.0-SNAPSHOT.jar:/home/user/.m2/repository/org/apache/hadoop/hadoop-common/3.2.1/hadoop-common-3.2.1-tests.jar:/home/user/.m2/repository/javax/servlet/jsp/jsp-api/2.1/jsp-api-2.1.jar:/home/user/.m2/repository/org/apache/hadoop/hadoop-hdfs/3.2.1/hadoop-hdfs-3.2.1-tests.jar:/home/user/.m2/repository/org/eclipse/jetty/jetty-util-ajax/9.4.26.v20200117/jetty-util-ajax-9.4.26.v20200117.jar:/home/user/.m2/repository/commons-codec/commons-codec/1.11/commons-codec-1.11.jar:/home/user/.m2/repository/commons-daemon/commons-daemon/1.0.13/commons-daemon-1.0.13.jar:/home/user/.m2/repository/io/netty/netty/3.10.5.Final/netty-3.10.5.Final.jar:/home/user/.m2/repository/io/netty/netty-all/4.1.48.Final/netty-all-4.1.48.Final.jar:/home/user/.m2/repository/org/apache/htrace/htrace-core4/4.1.0-incubating/htrace-core4-4.1.0-incubating.jar:/home/user/.m2/repository/org/fusesource/leveldbjni/leveldbjni-all/1.8/leveldbjni-all-1.8.jar:/home/user/.m2/repository/org/apache/hadoop/hadoop-distcp/3.2.1/hadoop-distcp-3.2.1.jar:/home/user/.m2/repository/org/apache/hadoop/hadoop-mapreduce-client-jobclient/3.2.1/hadoop-mapreduce-client-jobclient-3.2.1.jar:/home/user/.m2/repository/org/apache/hadoop/hadoop-mapreduce-client-common/3.2.1/hadoop-mapreduce-client-common-3.2.1.jar:/home/user/.m2/repository/org/apache/hadoop/hadoop-yarn-common/3.2.1/hadoop-yarn-common-3.2.1.jar:/home/user/.m2/repository/org/apache/hadoop/hadoop-yarn-api/3.2.1/hadoop-yarn-api-3.2.1.jar:/home/user/.m2/repository/com/sun/jersey/jersey-client/1.19/jersey-client-1.19.jar:/home/user/.m2/repository/com/sun/jersey/contribs/jersey-guice/1.19/jersey-guice-1.19.jar:/home/user/.m2/repository/com/fasterxml/jackson/jaxrs/jackson-jaxrs-json-provider/2.10.3/jackson-jaxrs-json-provider-2.10.3.jar:/home/user/.m2/repository/com/fasterxml/jackson/jaxrs/jackson-jaxrs-base/2.10.3/jackson-jaxrs-base-2.10.3.jar:/home/user/.m2/repository/org/apache/hadoop/hadoop-yarn-client/3.2.1/hadoop-yarn-client-3.2.1.jar:/home/user/.m2/repository/org/apache/hadoop/hadoop-mapreduce-client-core/3.2.1/hadoop-mapreduce-client-core-3.2.1.jar:/home/user/.m2/repository/org/apache/avro/avro/1.7.7/avro-1.7.7.jar:/home/user/.m2/repository/org/codehaus/jackson/jackson-core-asl/1.9.13/jackson-core-asl-1.9.13.jar:/home/user/.m2/repository/org/codehaus/jackson/jackson-mapper-asl/1.9.13/jackson-mapper-asl-1.9.13.jar:/home/user/.m2/repository/com/thoughtworks/paranamer/paranamer/2.3/paranamer-2.3.jar:/home/user/.m2/repository/org/xerial/snappy/snappy-java/1.0.5/snappy-java-1.0.5.jar:/home/user/.m2/repository/org/apache/hadoop/hadoop-annotations/3.2.1/hadoop-annotations-3.2.1.jar:/usr/lib/jvm/java-1.8.0-openjdk-1.8.0.232.b09-0.el7_7.x86_64/jre/../lib/tools.jar:/home/user/.m2/repository/org/apache/hadoop/hadoop-distcp/3.2.1/hadoop-distcp-3.2.1-tests.jar:"/>
    <property name="java.vm.vendor" value="Oracle Corporation"/>
    <property name="sun.arch.data.model" value="64"/>
    <property name="test.build.dir" value="/github/workspace/mnt/ozone/hadoop-ozone/integration-test/target/test-dir"/>
    <property name="test.cache.data" value=""/>
    <property name="java.vendor.url" value="http://java.oracle.com/"/>
    <property name="user.timezone" value=""/>
    <property name="java.vm.specification.version" value="1.8"/>
    <property name="os.name" value="Linux"/>
    <property name="test.build.data" value="/github/workspace/mnt/ozone/hadoop-ozone/integration-test/target/test-dir"/>
    <property name="user.country" value="US"/>
    <property name="sun.java.launcher" value="SUN_STANDARD"/>
    <property name="sun.boot.library.path" value="/usr/lib/jvm/java-1.8.0-openjdk-1.8.0.232.b09-0.el7_7.x86_64/jre/lib/amd64"/>
    <property name="sun.java.command" value="/github/workspace/mnt/ozone/hadoop-ozone/integration-test/target/surefire/surefirebooter5477386222599900178.jar /github/workspace/mnt/ozone/hadoop-ozone/integration-test/target/surefire 2020-06-27T08-10-11_583-jvmRun1 surefire6158533585606254137tmp surefire_68138527465531264626tmp"/>
    <property name="surefire.test.class.path" value="/github/workspace/mnt/ozone/hadoop-ozone/integration-test/target/test-classes:/github/workspace/mnt/ozone/hadoop-ozone/integration-test/target/classes:/home/user/.m2/repository/org/apache/hadoop/hadoop-ozone-common/0.6.0-SNAPSHOT/hadoop-ozone-common-0.6.0-SNAPSHOT.jar:/home/user/.m2/repository/org/apache/commons/commons-compress/1.4.1/commons-compress-1.4.1.jar:/home/user/.m2/repository/org/tukaani/xz/1.0/xz-1.0.jar:/home/user/.m2/repository/org/apache/hadoop/hadoop-hdds-common/0.6.0-SNAPSHOT/hadoop-hdds-common-0.6.0-SNAPSHOT.jar:/home/user/.m2/repository/org/apache/hadoop/hadoop-hdds-hadoop-dependency-client/0.6.0-SNAPSHOT/hadoop-hdds-hadoop-dependency-client-0.6.0-SNAPSHOT.jar:/home/user/.m2/repository/info/picocli/picocli/3.9.6/picocli-3.9.6.jar:/home/user/.m2/repository/com/fasterxml/jackson/core/jackson-annotations/2.10.3/jackson-annotations-2.10.3.jar:/home/user/.m2/repository/javax/annotation/javax.annotation-api/1.2/javax.annotation-api-1.2.jar:/home/user/.m2/repository/org/apache/ratis/ratis-server/0.6.0-6ab75ae-SNAPSHOT/ratis-server-0.6.0-6ab75ae-SNAPSHOT.jar:/home/user/.m2/repository/org/apache/ratis/ratis-client/0.6.0-6ab75ae-SNAPSHOT/ratis-client-0.6.0-6ab75ae-SNAPSHOT.jar:/home/user/.m2/repository/org/apache/ratis/ratis-metrics/0.6.0-6ab75ae-SNAPSHOT/ratis-metrics-0.6.0-6ab75ae-SNAPSHOT.jar:/home/user/.m2/repository/org/apache/ratis/ratis-netty/0.6.0-6ab75ae-SNAPSHOT/ratis-netty-0.6.0-6ab75ae-SNAPSHOT.jar:/home/user/.m2/repository/org/apache/ratis/ratis-grpc/0.6.0-6ab75ae-SNAPSHOT/ratis-grpc-0.6.0-6ab75ae-SNAPSHOT.jar:/home/user/.m2/repository/org/apache/logging/log4j/log4j-api/2.11.0/log4j-api-2.11.0.jar:/home/user/.m2/repository/org/apache/logging/log4j/log4j-core/2.11.0/log4j-core-2.11.0.jar:/home/user/.m2/repository/com/lmax/disruptor/3.4.2/disruptor-3.4.2.jar:/home/user/.m2/repository/org/apache/commons/commons-pool2/2.6.0/commons-pool2-2.6.0.jar:/home/user/.m2/repository/org/bouncycastle/bcpkix-jdk15on/1.60/bcpkix-jdk15on-1.60.jar:/home/user/.m2/repository/commons-validator/commons-validator/1.6/commons-validator-1.6.jar:/home/user/.m2/repository/commons-digester/commons-digester/1.8.1/commons-digester-1.8.1.jar:/home/user/.m2/repository/io/jaegertracing/jaeger-client/1.2.0/jaeger-client-1.2.0.jar:/home/user/.m2/repository/io/jaegertracing/jaeger-thrift/1.2.0/jaeger-thrift-1.2.0.jar:/home/user/.m2/repository/org/apache/thrift/libthrift/0.13.0/libthrift-0.13.0.jar:/home/user/.m2/repository/com/squareup/okhttp3/okhttp/4.2.2/okhttp-4.2.2.jar:/home/user/.m2/repository/com/squareup/okio/okio/2.2.2/okio-2.2.2.jar:/home/user/.m2/repository/org/jetbrains/kotlin/kotlin-stdlib/1.3.50/kotlin-stdlib-1.3.50.jar:/home/user/.m2/repository/org/jetbrains/kotlin/kotlin-stdlib-common/1.3.50/kotlin-stdlib-common-1.3.50.jar:/home/user/.m2/repository/org/jetbrains/annotations/13.0/annotations-13.0.jar:/home/user/.m2/repository/io/jaegertracing/jaeger-core/1.2.0/jaeger-core-1.2.0.jar:/home/user/.m2/repository/io/jaegertracing/jaeger-tracerresolver/1.2.0/jaeger-tracerresolver-1.2.0.jar:/home/user/.m2/repository/io/opentracing/contrib/opentracing-tracerresolver/0.1.8/opentracing-tracerresolver-0.1.8.jar:/home/user/.m2/repository/io/opentracing/opentracing-util/0.33.0/opentracing-util-0.33.0.jar:/home/user/.m2/repository/io/opentracing/opentracing-api/0.33.0/opentracing-api-0.33.0.jar:/home/user/.m2/repository/io/opentracing/opentracing-noop/0.33.0/opentracing-noop-0.33.0.jar:/home/user/.m2/repository/org/apache/hadoop/hadoop-hdds-client/0.6.0-SNAPSHOT/hadoop-hdds-client-0.6.0-SNAPSHOT.jar:/home/user/.m2/repository/org/apache/hadoop/hadoop-ozone-interface-client/0.6.0-SNAPSHOT/hadoop-ozone-interface-client-0.6.0-SNAPSHOT.jar:/home/user/.m2/repository/org/apache/hadoop/hadoop-hdds-test-utils/0.6.0-SNAPSHOT/hadoop-hdds-test-utils-0.6.0-SNAPSHOT.jar:/home/user/.m2/repository/com/google/guava/guava/28.2-jre/guava-28.2-jre.jar:/home/user/.m2/repository/com/google/guava/failureaccess/1.0.1/failureaccess-1.0.1.jar:/home/user/.m2/repository/com/google/guava/listenablefuture/9999.0-empty-to-avoid-conflict-with-guava/listenablefuture-9999.0-empty-to-avoid-conflict-with-guava.jar:/home/user/.m2/repository/com/google/code/findbugs/jsr305/3.0.0/jsr305-3.0.0.jar:/home/user/.m2/repository/org/checkerframework/checker-qual/2.10.0/checker-qual-2.10.0.jar:/home/user/.m2/repository/com/google/errorprone/error_prone_annotations/2.2.0/error_prone_annotations-2.2.0.jar:/home/user/.m2/repository/com/google/j2objc/j2objc-annotations/1.3/j2objc-annotations-1.3.jar:/home/user/.m2/repository/commons-io/commons-io/2.5/commons-io-2.5.jar:/home/user/.m2/repository/commons-logging/commons-logging/1.2/commons-logging-1.2.jar:/home/user/.m2/repository/log4j/log4j/1.2.17/log4j-1.2.17.jar:/home/user/.m2/repository/org/slf4j/slf4j-api/1.7.25/slf4j-api-1.7.25.jar:/home/user/.m2/repository/org/apache/hadoop/hadoop-hdds-server-scm/0.6.0-SNAPSHOT/hadoop-hdds-server-scm-0.6.0-SNAPSHOT.jar:/home/user/.m2/repository/org/apache/hadoop/hadoop-hdds-container-service/0.6.0-SNAPSHOT/hadoop-hdds-container-service-0.6.0-SNAPSHOT.jar:/home/user/.m2/repository/org/apache/hadoop/hadoop-hdds-hadoop-dependency-server/0.6.0-SNAPSHOT/hadoop-hdds-hadoop-dependency-server-0.6.0-SNAPSHOT.jar:/home/user/.m2/repository/org/apache/hadoop/hadoop-hdds-server-framework/0.6.0-SNAPSHOT/hadoop-hdds-server-framework-0.6.0-SNAPSHOT.jar:/home/user/.m2/repository/org/apache/hadoop/hadoop-hdds-interface-server/0.6.0-SNAPSHOT/hadoop-hdds-interface-server-0.6.0-SNAPSHOT.jar:/home/user/.m2/repository/org/apache/hadoop/hadoop-hdds-interface-admin/0.6.0-SNAPSHOT/hadoop-hdds-interface-admin-0.6.0-SNAPSHOT.jar:/home/user/.m2/repository/org/rocksdb/rocksdbjni/6.8.1/rocksdbjni-6.8.1.jar:/home/user/.m2/repository/io/prometheus/simpleclient_dropwizard/0.7.0/simpleclient_dropwizard-0.7.0.jar:/home/user/.m2/repository/io/prometheus/simpleclient/0.7.0/simpleclient-0.7.0.jar:/home/user/.m2/repository/io/prometheus/simpleclient_common/0.7.0/simpleclient_common-0.7.0.jar:/home/user/.m2/repository/com/fasterxml/jackson/datatype/jackson-datatype-jsr310/2.10.3/jackson-datatype-jsr310-2.10.3.jar:/home/user/.m2/repository/org/apache/hadoop/hadoop-hdds-docs/0.6.0-SNAPSHOT/hadoop-hdds-docs-0.6.0-SNAPSHOT.jar:/home/user/.m2/repository/io/dropwizard/metrics/metrics-core/3.2.4/metrics-core-3.2.4.jar:/home/user/.m2/repository/org/apache/hadoop/hadoop-hdfs-client/3.2.1/hadoop-hdfs-client-3.2.1.jar:/home/user/.m2/repository/org/bouncycastle/bcprov-jdk15on/1.60/bcprov-jdk15on-1.60.jar:/home/user/.m2/repository/org/apache/hadoop/hadoop-ozone-ozone-manager/0.6.0-SNAPSHOT/hadoop-ozone-ozone-manager-0.6.0-SNAPSHOT.jar:/home/user/.m2/repository/org/apache/hadoop/hadoop-hdds-interface-client/0.6.0-SNAPSHOT/hadoop-hdds-interface-client-0.6.0-SNAPSHOT.jar:/home/user/.m2/repository/org/apache/ratis/ratis-thirdparty-misc/0.4.0/ratis-thirdparty-misc-0.4.0.jar:/home/user/.m2/repository/org/apache/hadoop/hadoop-minikdc/3.2.1/hadoop-minikdc-3.2.1.jar:/home/user/.m2/repository/org/apache/kerby/kerb-simplekdc/1.0.1/kerb-simplekdc-1.0.1.jar:/home/user/.m2/repository/org/apache/kerby/kerb-client/1.0.1/kerb-client-1.0.1.jar:/home/user/.m2/repository/org/apache/kerby/kerby-config/1.0.1/kerby-config-1.0.1.jar:/home/user/.m2/repository/org/apache/kerby/kerb-core/1.0.1/kerb-core-1.0.1.jar:/home/user/.m2/repository/org/apache/kerby/kerby-pkix/1.0.1/kerby-pkix-1.0.1.jar:/home/user/.m2/repository/org/apache/kerby/kerby-asn1/1.0.1/kerby-asn1-1.0.1.jar:/home/user/.m2/repository/org/apache/kerby/kerby-util/1.0.1/kerby-util-1.0.1.jar:/home/user/.m2/repository/org/apache/kerby/kerb-common/1.0.1/kerb-common-1.0.1.jar:/home/user/.m2/repository/org/apache/kerby/kerb-crypto/1.0.1/kerb-crypto-1.0.1.jar:/home/user/.m2/repository/org/apache/kerby/kerb-util/1.0.1/kerb-util-1.0.1.jar:/home/user/.m2/repository/org/apache/kerby/token-provider/1.0.1/token-provider-1.0.1.jar:/home/user/.m2/repository/org/apache/kerby/kerb-admin/1.0.1/kerb-admin-1.0.1.jar:/home/user/.m2/repository/org/apache/kerby/kerb-server/1.0.1/kerb-server-1.0.1.jar:/home/user/.m2/repository/org/apache/kerby/kerb-identity/1.0.1/kerb-identity-1.0.1.jar:/home/user/.m2/repository/org/apache/kerby/kerby-xdr/1.0.1/kerby-xdr-1.0.1.jar:/home/user/.m2/repository/org/slf4j/slf4j-log4j12/1.7.25/slf4j-log4j12-1.7.25.jar:/home/user/.m2/repository/org/apache/hadoop/hadoop-ozone-s3gateway/0.6.0-SNAPSHOT/hadoop-ozone-s3gateway-0.6.0-SNAPSHOT.jar:/home/user/.m2/repository/org/jboss/weld/servlet/weld-servlet/2.4.7.Final/weld-servlet-2.4.7.Final.jar:/home/user/.m2/repository/org/glassfish/jersey/containers/jersey-container-servlet-core/2.27/jersey-container-servlet-core-2.27.jar:/home/user/.m2/repository/org/glassfish/hk2/external/javax.inject/2.5.0-b42/javax.inject-2.5.0-b42.jar:/home/user/.m2/repository/org/glassfish/jersey/core/jersey-common/2.27/jersey-common-2.27.jar:/home/user/.m2/repository/org/glassfish/hk2/osgi-resource-locator/1.0.1/osgi-resource-locator-1.0.1.jar:/home/user/.m2/repository/javax/ws/rs/javax.ws.rs-api/2.1/javax.ws.rs-api-2.1.jar:/home/user/.m2/repository/org/glassfish/jersey/ext/cdi/jersey-cdi1x/2.27/jersey-cdi1x-2.27.jar:/home/user/.m2/repository/org/glassfish/jersey/inject/jersey-hk2/2.27/jersey-hk2-2.27.jar:/home/user/.m2/repository/org/glassfish/hk2/hk2-locator/2.5.0-b42/hk2-locator-2.5.0-b42.jar:/home/user/.m2/repository/org/javassist/javassist/3.22.0-CR2/javassist-3.22.0-CR2.jar:/home/user/.m2/repository/org/glassfish/hk2/hk2-api/2.5.0/hk2-api-2.5.0.jar:/home/user/.m2/repository/org/glassfish/hk2/external/jakarta.inject/2.5.0/jakarta.inject-2.5.0.jar:/home/user/.m2/repository/org/glassfish/hk2/hk2-utils/2.5.0/hk2-utils-2.5.0.jar:/home/user/.m2/repository/jakarta/annotation/jakarta.annotation-api/1.3.4/jakarta.annotation-api-1.3.4.jar:/home/user/.m2/repository/org/glassfish/hk2/external/aopalliance-repackaged/2.5.0/aopalliance-repackaged-2.5.0.jar:/home/user/.m2/repository/com/fasterxml/jackson/dataformat/jackson-dataformat-xml/2.10.3/jackson-dataformat-xml-2.10.3.jar:/home/user/.m2/repository/com/fasterxml/jackson/core/jackson-core/2.10.3/jackson-core-2.10.3.jar:/home/user/.m2/repository/com/fasterxml/jackson/module/jackson-module-jaxb-annotations/2.10.3/jackson-module-jaxb-annotations-2.10.3.jar:/home/user/.m2/repository/jakarta/xml/bind/jakarta.xml.bind-api/2.3.2/jakarta.xml.bind-api-2.3.2.jar:/home/user/.m2/repository/jakarta/activation/jakarta.activation-api/1.2.1/jakarta.activation-api-1.2.1.jar:/home/user/.m2/repository/org/codehaus/woodstox/stax2-api/3.1.4/stax2-api-3.1.4.jar:/home/user/.m2/repository/com/fasterxml/woodstox/woodstox-core/5.0.3/woodstox-core-5.0.3.jar:/home/user/.m2/repository/javax/enterprise/cdi-api/1.2/cdi-api-1.2.jar:/home/user/.m2/repository/javax/el/javax.el-api/3.0.0/javax.el-api-3.0.0.jar:/home/user/.m2/repository/javax/interceptor/javax.interceptor-api/1.2/javax.interceptor-api-1.2.jar:/home/user/.m2/repository/javax/inject/javax.inject/1/javax.inject-1.jar:/home/user/.m2/repository/com/sun/xml/bind/jaxb-impl/2.3.0.1/jaxb-impl-2.3.0.1.jar:/home/user/.m2/repository/com/sun/xml/bind/jaxb-core/2.3.0.1/jaxb-core-2.3.0.1.jar:/home/user/.m2/repository/javax/xml/bind/jaxb-api/2.3.0/jaxb-api-2.3.0.jar:/home/user/.m2/repository/javax/activation/activation/1.1.1/activation-1.1.1.jar:/home/user/.m2/repository/org/apache/hadoop/hadoop-ozone-csi/0.6.0-SNAPSHOT/hadoop-ozone-csi-0.6.0-SNAPSHOT.jar:/home/user/.m2/repository/com/google/protobuf/protobuf-java-util/3.11.0/protobuf-java-util-3.11.0.jar:/home/user/.m2/repository/com/google/code/gson/gson/2.2.4/gson-2.2.4.jar:/home/user/.m2/repository/org/apache/hadoop/hadoop-hdds-config/0.6.0-SNAPSHOT/hadoop-hdds-config-0.6.0-SNAPSHOT.jar:/home/user/.m2/repository/com/google/protobuf/protobuf-java/2.5.0/protobuf-java-2.5.0.jar:/home/user/.m2/repository/io/grpc/grpc-netty/1.29.0/grpc-netty-1.29.0.jar:/home/user/.m2/repository/io/grpc/grpc-core/1.29.0/grpc-core-1.29.0.jar:/home/user/.m2/repository/com/google/android/annotations/4.1.1.4/annotations-4.1.1.4.jar:/home/user/.m2/repository/io/perfmark/perfmark-api/0.19.0/perfmark-api-0.19.0.jar:/home/user/.m2/repository/io/netty/netty-codec-http2/4.1.48.Final/netty-codec-http2-4.1.48.Final.jar:/home/user/.m2/repository/io/netty/netty-codec/4.1.48.Final/netty-codec-4.1.48.Final.jar:/home/user/.m2/repository/io/netty/netty-handler/4.1.48.Final/netty-handler-4.1.48.Final.jar:/home/user/.m2/repository/io/netty/netty-codec-http/4.1.48.Final/netty-codec-http-4.1.48.Final.jar:/home/user/.m2/repository/io/netty/netty-handler-proxy/4.1.48.Final/netty-handler-proxy-4.1.48.Final.jar:/home/user/.m2/repository/io/netty/netty-codec-socks/4.1.48.Final/netty-codec-socks-4.1.48.Final.jar:/home/user/.m2/repository/io/netty/netty-transport-native-epoll/4.1.48.Final/netty-transport-native-epoll-4.1.48.Final.jar:/home/user/.m2/repository/io/netty/netty-common/4.1.48.Final/netty-common-4.1.48.Final.jar:/home/user/.m2/repository/io/netty/netty-buffer/4.1.48.Final/netty-buffer-4.1.48.Final.jar:/home/user/.m2/repository/io/netty/netty-transport/4.1.48.Final/netty-transport-4.1.48.Final.jar:/home/user/.m2/repository/io/netty/netty-resolver/4.1.48.Final/netty-resolver-4.1.48.Final.jar:/home/user/.m2/repository/io/netty/netty-transport-native-unix-common/4.1.48.Final/netty-transport-native-unix-common-4.1.48.Final.jar:/home/user/.m2/repository/io/grpc/grpc-protobuf/1.29.0/grpc-protobuf-1.29.0.jar:/home/user/.m2/repository/io/grpc/grpc-api/1.29.0/grpc-api-1.29.0.jar:/home/user/.m2/repository/io/grpc/grpc-context/1.29.0/grpc-context-1.29.0.jar:/home/user/.m2/repository/org/codehaus/mojo/animal-sniffer-annotations/1.18/animal-sniffer-annotations-1.18.jar:/home/user/.m2/repository/com/google/api/grpc/proto-google-common-protos/1.17.0/proto-google-common-protos-1.17.0.jar:/home/user/.m2/repository/io/grpc/grpc-protobuf-lite/1.29.0/grpc-protobuf-lite-1.29.0.jar:/home/user/.m2/repository/io/grpc/grpc-stub/1.29.0/grpc-stub-1.29.0.jar:/home/user/.m2/repository/org/apache/hadoop/hadoop-ozone-recon/0.6.0-SNAPSHOT/hadoop-ozone-recon-0.6.0-SNAPSHOT.jar:/home/user/.m2/repository/org/apache/hadoop/hadoop-ozone-reconcodegen/0.6.0-SNAPSHOT/hadoop-ozone-reconcodegen-0.6.0-SNAPSHOT.jar:/home/user/.m2/repository/com/google/inject/extensions/guice-multibindings/4.0/guice-multibindings-4.0.jar:/home/user/.m2/repository/com/google/inject/guice/4.0/guice-4.0.jar:/home/user/.m2/repository/aopalliance/aopalliance/1.0/aopalliance-1.0.jar:/home/user/.m2/repository/com/google/inject/extensions/guice-assistedinject/4.0/guice-assistedinject-4.0.jar:/home/user/.m2/repository/com/google/inject/extensions/guice-servlet/4.0/guice-servlet-4.0.jar:/home/user/.m2/repository/org/glassfish/jersey/containers/jersey-container-servlet/2.27/jersey-container-servlet-2.27.jar:/home/user/.m2/repository/org/glassfish/hk2/guice-bridge/2.5.0/guice-bridge-2.5.0.jar:/home/user/.m2/repository/org/glassfish/jersey/core/jersey-server/2.27/jersey-server-2.27.jar:/home/user/.m2/repository/org/glassfish/jersey/core/jersey-client/2.27/jersey-client-2.27.jar:/home/user/.m2/repository/org/glassfish/jersey/media/jersey-media-jaxb/2.27/jersey-media-jaxb-2.27.jar:/home/user/.m2/repository/javax/validation/validation-api/1.1.0.Final/validation-api-1.1.0.Final.jar:/home/user/.m2/repository/org/glassfish/jersey/media/jersey-media-json-jackson/2.27/jersey-media-json-jackson-2.27.jar:/home/user/.m2/repository/org/glassfish/jersey/ext/jersey-entity-filtering/2.27/jersey-entity-filtering-2.27.jar:/home/user/.m2/repository/org/jooq/jooq/3.11.10/jooq-3.11.10.jar:/home/user/.m2/repository/org/jooq/jooq-meta/3.11.10/jooq-meta-3.11.10.jar:/home/user/.m2/repository/org/jooq/jooq-codegen/3.11.10/jooq-codegen-3.11.10.jar:/home/user/.m2/repository/com/jolbox/bonecp/0.8.0.RELEASE/bonecp-0.8.0.RELEASE.jar:/home/user/.m2/repository/org/apache/derby/derby/10.14.2.0/derby-10.14.2.0.jar:/home/user/.m2/repository/org/xerial/sqlite-jdbc/3.25.2/sqlite-jdbc-3.25.2.jar:/home/user/.m2/repository/org/springframework/spring-jdbc/5.2.5.RELEASE/spring-jdbc-5.2.5.RELEASE.jar:/home/user/.m2/repository/org/springframework/spring-beans/5.2.5.RELEASE/spring-beans-5.2.5.RELEASE.jar:/home/user/.m2/repository/org/springframework/spring-core/5.2.5.RELEASE/spring-core-5.2.5.RELEASE.jar:/home/user/.m2/repository/org/springframework/spring-jcl/5.2.5.RELEASE/spring-jcl-5.2.5.RELEASE.jar:/home/user/.m2/repository/org/springframework/spring-tx/5.2.5.RELEASE/spring-tx-5.2.5.RELEASE.jar:/home/user/.m2/repository/org/apache/hadoop/hadoop-ozone-client/0.6.0-SNAPSHOT/hadoop-ozone-client-0.6.0-SNAPSHOT.jar:/home/user/.m2/repository/org/apache/hadoop/hadoop-ozone-filesystem/0.6.0-SNAPSHOT/hadoop-ozone-filesystem-0.6.0-SNAPSHOT.jar:/home/user/.m2/repository/org/apache/hadoop/hadoop-ozone-filesystem-common/0.6.0-SNAPSHOT/hadoop-ozone-filesystem-common-0.6.0-SNAPSHOT.jar:/home/user/.m2/repository/org/apache/hadoop/hadoop-ozone-tools/0.6.0-SNAPSHOT/hadoop-ozone-tools-0.6.0-SNAPSHOT.jar:/home/user/.m2/repository/org/apache/hadoop/hadoop-hdfs/3.2.1/hadoop-hdfs-3.2.1.jar:/home/user/.m2/repository/org/apache/ratis/ratis-tools/0.6.0-6ab75ae-SNAPSHOT/ratis-tools-0.6.0-6ab75ae-SNAPSHOT.jar:/home/user/.m2/repository/org/apache/ratis/ratis-proto/0.6.0-6ab75ae-SNAPSHOT/ratis-proto-0.6.0-6ab75ae-SNAPSHOT.jar:/home/user/.m2/repository/org/apache/ratis/ratis-common/0.6.0-6ab75ae-SNAPSHOT/ratis-common-0.6.0-6ab75ae-SNAPSHOT.jar:/home/user/.m2/repository/com/amazonaws/aws-java-sdk-core/1.11.615/aws-java-sdk-core-1.11.615.jar:/home/user/.m2/repository/org/apache/httpcomponents/httpclient/4.5.2/httpclient-4.5.2.jar:/home/user/.m2/repository/org/apache/httpcomponents/httpcore/4.4.4/httpcore-4.4.4.jar:/home/user/.m2/repository/software/amazon/ion/ion-java/1.0.2/ion-java-1.0.2.jar:/home/user/.m2/repository/com/fasterxml/jackson/dataformat/jackson-dataformat-cbor/2.10.3/jackson-dataformat-cbor-2.10.3.jar:/home/user/.m2/repository/joda-time/joda-time/2.8.1/joda-time-2.8.1.jar:/home/user/.m2/repository/com/amazonaws/aws-java-sdk-s3/1.11.615/aws-java-sdk-s3-1.11.615.jar:/home/user/.m2/repository/com/amazonaws/aws-java-sdk-kms/1.11.615/aws-java-sdk-kms-1.11.615.jar:/home/user/.m2/repository/com/amazonaws/jmespath-java/1.11.615/jmespath-java-1.11.615.jar:/home/user/.m2/repository/org/apache/hadoop/hadoop-hdds-tools/0.6.0-SNAPSHOT/hadoop-hdds-tools-0.6.0-SNAPSHOT.jar:/home/user/.m2/repository/commons-cli/commons-cli/1.2/commons-cli-1.2.jar:/home/user/.m2/repository/org/apache/commons/commons-lang3/3.7/commons-lang3-3.7.jar:/home/user/.m2/repository/org/apache/hadoop/hadoop-ozone-ozone-manager/0.6.0-SNAPSHOT/hadoop-ozone-ozone-manager-0.6.0-SNAPSHOT-tests.jar:/home/user/.m2/repository/junit/junit/4.11/junit-4.11.jar:/home/user/.m2/repository/org/hamcrest/hamcrest-core/1.3/hamcrest-core-1.3.jar:/home/user/.m2/repository/org/openjdk/jmh/jmh-core/1.19/jmh-core-1.19.jar:/home/user/.m2/repository/net/sf/jopt-simple/jopt-simple/4.6/jopt-simple-4.6.jar:/home/user/.m2/repository/org/apache/commons/commons-math3/3.1.1/commons-math3-3.1.1.jar:/home/user/.m2/repository/org/openjdk/jmh/jmh-generator-annprocess/1.19/jmh-generator-annprocess-1.19.jar:/home/user/.m2/repository/org/mockito/mockito-all/1.8.5/mockito-all-1.8.5.jar:/home/user/.m2/repository/org/apache/hadoop/hadoop-kms/3.2.1/hadoop-kms-3.2.1.jar:/home/user/.m2/repository/org/apache/hadoop/hadoop-auth/3.2.1/hadoop-auth-3.2.1.jar:/home/user/.m2/repository/com/nimbusds/nimbus-jose-jwt/7.9/nimbus-jose-jwt-7.9.jar:/home/user/.m2/repository/com/github/stephenc/jcip/jcip-annotations/1.0-1/jcip-annotations-1.0-1.jar:/home/user/.m2/repository/net/minidev/json-smart/2.3/json-smart-2.3.jar:/home/user/.m2/repository/net/minidev/accessors-smart/1.2/accessors-smart-1.2.jar:/home/user/.m2/repository/org/ow2/asm/asm/5.0.4/asm-5.0.4.jar:/home/user/.m2/repository/org/apache/zookeeper/zookeeper/3.4.13/zookeeper-3.4.13.jar:/home/user/.m2/repository/org/apache/yetus/audience-annotations/0.5.0/audience-annotations-0.5.0.jar:/home/user/.m2/repository/org/apache/curator/curator-framework/2.13.0/curator-framework-2.13.0.jar:/home/user/.m2/repository/com/sun/jersey/jersey-core/1.19/jersey-core-1.19.jar:/home/user/.m2/repository/javax/ws/rs/jsr311-api/1.1.1/jsr311-api-1.1.1.jar:/home/user/.m2/repository/com/sun/jersey/jersey-server/1.19/jersey-server-1.19.jar:/home/user/.m2/repository/javax/servlet/javax.servlet-api/3.1.0/javax.servlet-api-3.1.0.jar:/home/user/.m2/repository/org/eclipse/jetty/jetty-server/9.4.26.v20200117/jetty-server-9.4.26.v20200117.jar:/home/user/.m2/repository/org/eclipse/jetty/jetty-http/9.4.26.v20200117/jetty-http-9.4.26.v20200117.jar:/home/user/.m2/repository/org/eclipse/jetty/jetty-io/9.4.26.v20200117/jetty-io-9.4.26.v20200117.jar:/home/user/.m2/repository/org/eclipse/jetty/jetty-webapp/9.4.26.v20200117/jetty-webapp-9.4.26.v20200117.jar:/home/user/.m2/repository/org/eclipse/jetty/jetty-xml/9.4.26.v20200117/jetty-xml-9.4.26.v20200117.jar:/home/user/.m2/repository/org/eclipse/jetty/jetty-servlet/9.4.26.v20200117/jetty-servlet-9.4.26.v20200117.jar:/home/user/.m2/repository/org/eclipse/jetty/jetty-security/9.4.26.v20200117/jetty-security-9.4.26.v20200117.jar:/home/user/.m2/repository/org/apache/hadoop/hadoop-common/3.2.1/hadoop-common-3.2.1.jar:/home/user/.m2/repository/commons-net/commons-net/3.6/commons-net-3.6.jar:/home/user/.m2/repository/commons-collections/commons-collections/3.2.2/commons-collections-3.2.2.jar:/home/user/.m2/repository/com/sun/jersey/jersey-servlet/1.19/jersey-servlet-1.19.jar:/home/user/.m2/repository/com/sun/jersey/jersey-json/1.19/jersey-json-1.19.jar:/home/user/.m2/repository/org/codehaus/jettison/jettison/1.1/jettison-1.1.jar:/home/user/.m2/repository/org/codehaus/jackson/jackson-jaxrs/1.9.2/jackson-jaxrs-1.9.2.jar:/home/user/.m2/repository/org/codehaus/jackson/jackson-xc/1.9.2/jackson-xc-1.9.2.jar:/home/user/.m2/repository/commons-beanutils/commons-beanutils/1.9.4/commons-beanutils-1.9.4.jar:/home/user/.m2/repository/org/apache/commons/commons-configuration2/2.1.1/commons-configuration2-2.1.1.jar:/home/user/.m2/repository/org/apache/commons/commons-text/1.4/commons-text-1.4.jar:/home/user/.m2/repository/com/google/re2j/re2j/1.1/re2j-1.1.jar:/home/user/.m2/repository/com/jcraft/jsch/0.1.54/jsch-0.1.54.jar:/home/user/.m2/repository/org/apache/curator/curator-client/2.13.0/curator-client-2.13.0.jar:/home/user/.m2/repository/org/apache/curator/curator-recipes/2.13.0/curator-recipes-2.13.0.jar:/home/user/.m2/repository/dnsjava/dnsjava/2.1.7/dnsjava-2.1.7.jar:/home/user/.m2/repository/org/slf4j/jul-to-slf4j/1.7.25/jul-to-slf4j-1.7.25.jar:/home/user/.m2/repository/org/eclipse/jetty/jetty-util/9.4.26.v20200117/jetty-util-9.4.26.v20200117.jar:/home/user/.m2/repository/com/fasterxml/jackson/core/jackson-databind/2.10.3/jackson-databind-2.10.3.jar:/home/user/.m2/repository/org/apache/hadoop/hadoop-kms/3.2.1/hadoop-kms-3.2.1-tests.jar:/home/user/.m2/repository/org/apache/hadoop/hadoop-hdds-server-scm/0.6.0-SNAPSHOT/hadoop-hdds-server-scm-0.6.0-SNAPSHOT-tests.jar:/home/user/.m2/repository/org/apache/hadoop/hadoop-hdds-container-service/0.6.0-SNAPSHOT/hadoop-hdds-container-service-0.6.0-SNAPSHOT-tests.jar:/home/user/.m2/repository/org/apache/hadoop/hadoop-hdds-common/0.6.0-SNAPSHOT/hadoop-hdds-common-0.6.0-SNAPSHOT-tests.jar:/home/user/.m2/repository/org/yaml/snakeyaml/1.16/snakeyaml-1.16.jar:/home/user/.m2/repository/org/apache/hadoop/hadoop-hdds-hadoop-dependency-test/0.6.0-SNAPSHOT/hadoop-hdds-hadoop-dependency-test-0.6.0-SNAPSHOT.jar:/home/user/.m2/repository/org/apache/hadoop/hadoop-common/3.2.1/hadoop-common-3.2.1-tests.jar:/home/user/.m2/repository/javax/servlet/jsp/jsp-api/2.1/jsp-api-2.1.jar:/home/user/.m2/repository/org/apache/hadoop/hadoop-hdfs/3.2.1/hadoop-hdfs-3.2.1-tests.jar:/home/user/.m2/repository/org/eclipse/jetty/jetty-util-ajax/9.4.26.v20200117/jetty-util-ajax-9.4.26.v20200117.jar:/home/user/.m2/repository/commons-codec/commons-codec/1.11/commons-codec-1.11.jar:/home/user/.m2/repository/commons-daemon/commons-daemon/1.0.13/commons-daemon-1.0.13.jar:/home/user/.m2/repository/io/netty/netty/3.10.5.Final/netty-3.10.5.Final.jar:/home/user/.m2/repository/io/netty/netty-all/4.1.48.Final/netty-all-4.1.48.Final.jar:/home/user/.m2/repository/org/apache/htrace/htrace-core4/4.1.0-incubating/htrace-core4-4.1.0-incubating.jar:/home/user/.m2/repository/org/fusesource/leveldbjni/leveldbjni-all/1.8/leveldbjni-all-1.8.jar:/home/user/.m2/repository/org/apache/hadoop/hadoop-distcp/3.2.1/hadoop-distcp-3.2.1.jar:/home/user/.m2/repository/org/apache/hadoop/hadoop-mapreduce-client-jobclient/3.2.1/hadoop-mapreduce-client-jobclient-3.2.1.jar:/home/user/.m2/repository/org/apache/hadoop/hadoop-mapreduce-client-common/3.2.1/hadoop-mapreduce-client-common-3.2.1.jar:/home/user/.m2/repository/org/apache/hadoop/hadoop-yarn-common/3.2.1/hadoop-yarn-common-3.2.1.jar:/home/user/.m2/repository/org/apache/hadoop/hadoop-yarn-api/3.2.1/hadoop-yarn-api-3.2.1.jar:/home/user/.m2/repository/com/sun/jersey/jersey-client/1.19/jersey-client-1.19.jar:/home/user/.m2/repository/com/sun/jersey/contribs/jersey-guice/1.19/jersey-guice-1.19.jar:/home/user/.m2/repository/com/fasterxml/jackson/jaxrs/jackson-jaxrs-json-provider/2.10.3/jackson-jaxrs-json-provider-2.10.3.jar:/home/user/.m2/repository/com/fasterxml/jackson/jaxrs/jackson-jaxrs-base/2.10.3/jackson-jaxrs-base-2.10.3.jar:/home/user/.m2/repository/org/apache/hadoop/hadoop-yarn-client/3.2.1/hadoop-yarn-client-3.2.1.jar:/home/user/.m2/repository/org/apache/hadoop/hadoop-mapreduce-client-core/3.2.1/hadoop-mapreduce-client-core-3.2.1.jar:/home/user/.m2/repository/org/apache/avro/avro/1.7.7/avro-1.7.7.jar:/home/user/.m2/repository/org/codehaus/jackson/jackson-core-asl/1.9.13/jackson-core-asl-1.9.13.jar:/home/user/.m2/repository/org/codehaus/jackson/jackson-mapper-asl/1.9.13/jackson-mapper-asl-1.9.13.jar:/home/user/.m2/repository/com/thoughtworks/paranamer/paranamer/2.3/paranamer-2.3.jar:/home/user/.m2/repository/org/xerial/snappy/snappy-java/1.0.5/snappy-java-1.0.5.jar:/home/user/.m2/repository/org/apache/hadoop/hadoop-annotations/3.2.1/hadoop-annotations-3.2.1.jar:/usr/lib/jvm/java-1.8.0-openjdk-1.8.0.232.b09-0.el7_7.x86_64/jre/../lib/tools.jar:/home/user/.m2/repository/org/apache/hadoop/hadoop-distcp/3.2.1/hadoop-distcp-3.2.1-tests.jar:"/>
    <property name="sun.cpu.endian" value="little"/>
    <property name="user.home" value="/home/user"/>
    <property name="user.language" value="en"/>
    <property name="java.specification.vendor" value="Oracle Corporation"/>
    <property name="java.home" value="/usr/lib/jvm/java-1.8.0-openjdk-1.8.0.232.b09-0.el7_7.x86_64/jre"/>
    <property name="java.security.krb5.conf" value="/github/workspace/mnt/ozone/hadoop-ozone/integration-test/target/test-classes/krb5.conf"/>
    <property name="basedir" value="/github/workspace/mnt/ozone/hadoop-ozone/integration-test"/>
    <property name="file.separator" value="/"/>
    <property name="line.separator" value="&#10;"/>
    <property name="java.vm.specification.vendor" value="Oracle Corporation"/>
    <property name="java.specification.name" value="Java Platform API Specification"/>
    <property name="java.awt.graphicsenv" value="sun.awt.X11GraphicsEnvironment"/>
    <property name="skip.installnpx" value="true"/>
    <property name="surefire.real.class.path" value="/github/workspace/mnt/ozone/hadoop-ozone/integration-test/target/surefire/surefirebooter5477386222599900178.jar:/home/user/.m2/repository/org/jacoco/org.jacoco.agent/0.8.5/org.jacoco.agent-0.8.5-runtime.jar"/>
    <property name="hadoop.log.dir" value="/github/workspace/mnt/ozone/hadoop-ozone/integration-test/target/log"/>
    <property name="sun.boot.class.path" value="/usr/lib/jvm/java-1.8.0-openjdk-1.8.0.232.b09-0.el7_7.x86_64/jre/lib/resources.jar:/usr/lib/jvm/java-1.8.0-openjdk-1.8.0.232.b09-0.el7_7.x86_64/jre/lib/rt.jar:/usr/lib/jvm/java-1.8.0-openjdk-1.8.0.232.b09-0.el7_7.x86_64/jre/lib/sunrsasign.jar:/usr/lib/jvm/java-1.8.0-openjdk-1.8.0.232.b09-0.el7_7.x86_64/jre/lib/jsse.jar:/usr/lib/jvm/java-1.8.0-openjdk-1.8.0.232.b09-0.el7_7.x86_64/jre/lib/jce.jar:/usr/lib/jvm/java-1.8.0-openjdk-1.8.0.232.b09-0.el7_7.x86_64/jre/lib/charsets.jar:/usr/lib/jvm/java-1.8.0-openjdk-1.8.0.232.b09-0.el7_7.x86_64/jre/lib/jfr.jar:/usr/lib/jvm/java-1.8.0-openjdk-1.8.0.232.b09-0.el7_7.x86_64/jre/classes"/>
    <property name="sun.management.compiler" value="HotSpot 64-Bit Tiered Compilers"/>
    <property name="skip.npx" value="true"/>
    <property name="java.runtime.version" value="1.8.0_232-b09"/>
    <property name="java.net.preferIPv4Stack" value="true"/>
    <property name="user.name" value="jenkins1001"/>
    <property name="path.separator" value=":"/>
    <property name="java.security.egd" value="file:///dev/urandom"/>
    <property name="os.version" value="5.3.0-1028-azure"/>
    <property name="java.endorsed.dirs" value="/usr/lib/jvm/java-1.8.0-openjdk-1.8.0.232.b09-0.el7_7.x86_64/jre/lib/endorsed"/>
    <property name="java.runtime.name" value="OpenJDK Runtime Environment"/>
    <property name="file.encoding" value="ANSI_X3.4-1968"/>
    <property name="java.vm.name" value="OpenJDK 64-Bit Server VM"/>
    <property name="test.build.webapps" value=""/>
    <property name="localRepository" value="/home/user/.m2/repository"/>
    <property name="java.vendor.url.bug" value="http://bugreport.sun.com/bugreport/"/>
    <property name="java.io.tmpdir" value="/tmp"/>
    <property name="require.test.libhadoop" value=""/>
    <property name="java.version" value="1.8.0_232"/>
    <property name="user.dir" value="/github/workspace/mnt/ozone/hadoop-ozone/integration-test"/>
    <property name="os.arch" value="amd64"/>
    <property name="java.vm.specification.name" value="Java Virtual Machine Specification"/>
    <property name="test.build.classes" value="/github/workspace/mnt/ozone/hadoop-ozone/integration-test/target/test-classes"/>
    <property name="java.awt.printerjob" value="sun.print.PSPrinterJob"/>
    <property name="sun.os.patch.level" value="unknown"/>
    <property name="hadoop.tmp.dir" value="/github/workspace/mnt/ozone/hadoop-ozone/integration-test/target/tmp"/>
    <property name="java.library.path" value="/usr/lib:/usr/java/packages/lib/amd64:/usr/lib64:/lib64:/lib:/usr/lib"/>
    <property name="java.vm.info" value="mixed mode"/>
    <property name="java.vendor" value="Oracle Corporation"/>
    <property name="java.vm.version" value="25.232-b09"/>
    <property name="java.ext.dirs" value="/usr/lib/jvm/java-1.8.0-openjdk-1.8.0.232.b09-0.el7_7.x86_64/jre/lib/ext:/usr/java/packages/lib/ext"/>
    <property name="sun.io.unicode.encoding" value="UnicodeLittle"/>
    <property name="java.class.version" value="52.0"/>
  </properties>
  <testcase name="testWatchForCommitWithKeyWrite" classname="org.apache.hadoop.ozone.client.rpc.TestWatchForCommit" time="65.227"/>
  <testcase name="testWatchForCommitForRetryfailure" classname="org.apache.hadoop.ozone.client.rpc.TestWatchForCommit" time="66.714"/>
  <testcase name="testWatchForCommitForGroupMismatchException" classname="org.apache.hadoop.ozone.client.rpc.TestWatchForCommit" time="38.374"/>
  <testcase name="test2WayCommitForTimeoutException" classname="org.apache.hadoop.ozone.client.rpc.TestWatchForCommit" time="38.262">
    <error message="1678e861-f681-42e2-b20b-e04f00d52311: group-E9D3221C1EB6 not found." type="org.apache.ratis.protocol.GroupMismatchException">org.apache.ratis.protocol.GroupMismatchException: 1678e861-f681-42e2-b20b-e04f00d52311: group-E9D3221C1EB6 not found.
	at org.apache.ratis.server.impl.RaftServerProxy$ImplMap.get(RaftServerProxy.java:127)
	at org.apache.ratis.server.impl.RaftServerProxy.getImplFuture(RaftServerProxy.java:274)
	at org.apache.ratis.server.impl.RaftServerProxy.getImpl(RaftServerProxy.java:283)
	at org.apache.hadoop.ozone.container.ContainerTestHelper.getRaftServerImpl(ContainerTestHelper.java:593)
	at org.apache.hadoop.ozone.container.ContainerTestHelper.isRatisFollower(ContainerTestHelper.java:608)
	at org.apache.hadoop.ozone.client.rpc.TestWatchForCommit.test2WayCommitForTimeoutException(TestWatchForCommit.java:303)
	at sun.reflect.NativeMethodAccessorImpl.invoke0(Native Method)
	at sun.reflect.NativeMethodAccessorImpl.invoke(NativeMethodAccessorImpl.java:62)
	at sun.reflect.DelegatingMethodAccessorImpl.invoke(DelegatingMethodAccessorImpl.java:43)
	at java.lang.reflect.Method.invoke(Method.java:498)
	at org.junit.runners.model.FrameworkMethod$1.runReflectiveCall(FrameworkMethod.java:47)
	at org.junit.internal.runners.model.ReflectiveCallable.run(ReflectiveCallable.java:12)
	at org.junit.runners.model.FrameworkMethod.invokeExplosively(FrameworkMethod.java:44)
	at org.junit.internal.runners.statements.InvokeMethod.evaluate(InvokeMethod.java:17)
	at org.junit.internal.runners.statements.RunBefores.evaluate(RunBefores.java:26)
	at org.junit.internal.runners.statements.RunAfters.evaluate(RunAfters.java:27)
	at org.junit.runners.ParentRunner.runLeaf(ParentRunner.java:271)
	at org.junit.runners.BlockJUnit4ClassRunner.runChild(BlockJUnit4ClassRunner.java:70)
	at org.junit.runners.BlockJUnit4ClassRunner.runChild(BlockJUnit4ClassRunner.java:50)
	at org.junit.runners.ParentRunner$3.run(ParentRunner.java:238)
	at org.junit.runners.ParentRunner$1.schedule(ParentRunner.java:63)
	at org.junit.runners.ParentRunner.runChildren(ParentRunner.java:236)
	at org.junit.runners.ParentRunner.access$000(ParentRunner.java:53)
	at org.junit.runners.ParentRunner$2.evaluate(ParentRunner.java:229)
	at org.junit.runners.ParentRunner.run(ParentRunner.java:309)
	at org.apache.maven.surefire.junit4.JUnit4Provider.execute(JUnit4Provider.java:365)
	at org.apache.maven.surefire.junit4.JUnit4Provider.executeWithRerun(JUnit4Provider.java:273)
	at org.apache.maven.surefire.junit4.JUnit4Provider.executeTestSet(JUnit4Provider.java:238)
	at org.apache.maven.surefire.junit4.JUnit4Provider.invoke(JUnit4Provider.java:159)
	at org.apache.maven.surefire.booter.ForkedBooter.invokeProviderInSameClassLoader(ForkedBooter.java:384)
	at org.apache.maven.surefire.booter.ForkedBooter.runSuitesInProcess(ForkedBooter.java:345)
	at org.apache.maven.surefire.booter.ForkedBooter.execute(ForkedBooter.java:126)
	at org.apache.maven.surefire.booter.ForkedBooter.main(ForkedBooter.java:418)
</error>
    <system-out><![CDATA[2020-06-27 08:19:32,136 [Listener at 127.0.0.1/37851] WARN  server.ServerUtils (ServerUtils.java:getScmDbDir(148)) - ozone.scm.db.dirs is not configured. We recommend adding this setting. Falling back to ozone.metadata.dirs instead.
2020-06-27 08:19:32,137 [Listener at 127.0.0.1/37851] WARN  server.ServerUtils (ServerUtils.java:getScmDbDir(148)) - ozone.scm.db.dirs is not configured. We recommend adding this setting. Falling back to ozone.metadata.dirs instead.
2020-06-27 08:19:32,138 [Listener at 127.0.0.1/37851] WARN  db.DBStoreBuilder (DBStoreBuilder.java:createDBStoreBuilder(277)) - ozone.scm.db.dirs is not configured. We recommend adding this setting. Falling back to ozone.metadata.dirs instead.
2020-06-27 08:19:32,167 [Listener at 127.0.0.1/37851] INFO  net.NodeSchemaLoader (NodeSchemaLoader.java:loadSchemaFromFile(126)) - Loading file from sun.misc.CompoundEnumeration@596559cf
2020-06-27 08:19:32,167 [Listener at 127.0.0.1/37851] INFO  net.NodeSchemaLoader (NodeSchemaLoader.java:loadSchema(172)) - Loading network topology layer schema file
2020-06-27 08:19:32,173 [Listener at 127.0.0.1/37851] INFO  node.SCMNodeManager (SCMNodeManager.java:<init>(116)) - Entering startup safe mode.
2020-06-27 08:19:32,173 [Listener at 127.0.0.1/37851] INFO  algorithms.ContainerPlacementPolicyFactory (ContainerPlacementPolicyFactory.java:getPolicy(60)) - Create container placement policy of type org.apache.hadoop.hdds.scm.container.placement.algorithms.SCMContainerPlacementRandom
2020-06-27 08:19:32,174 [Listener at 127.0.0.1/37851] INFO  pipeline.SCMPipelineManager (SCMPipelineManager.java:initializePipelineState(158)) - No pipeline exists in current db
2020-06-27 08:19:32,175 [Listener at 127.0.0.1/37851] INFO  safemode.HealthyPipelineSafeModeRule (HealthyPipelineSafeModeRule.java:<init>(89)) - Total pipeline count is 0, healthy pipeline threshold count is 0
2020-06-27 08:19:32,175 [Listener at 127.0.0.1/37851] INFO  safemode.OneReplicaPipelineSafeModeRule (OneReplicaPipelineSafeModeRule.java:<init>(79)) - Total pipeline count is 0, pipeline's with at least one datanode reported threshold count is 0
2020-06-27 08:19:32,176 [Listener at 127.0.0.1/37851] INFO  ipc.CallQueueManager (CallQueueManager.java:<init>(84)) - Using callQueue: class java.util.concurrent.LinkedBlockingQueue, queueCapacity: 2000, scheduler: class org.apache.hadoop.ipc.DefaultRpcScheduler, ipcBackoff: false.
2020-06-27 08:19:32,176 [Socket Reader #1 for port 0] INFO  ipc.Server (Server.java:run(1219)) - Starting Socket Reader #1 for port 0
2020-06-27 08:19:32,176 [RatisPipelineUtilsThread] ERROR pipeline.SCMPipelineManager (SCMPipelineManager.java:createPipeline(222)) - Failed to create pipeline of type RATIS and factor ONE. Exception: Cannot create pipeline of factor 1 using 0 nodes. Used 0 nodes. Healthy nodes 0
2020-06-27 08:19:32,181 [Listener at 0.0.0.0/44577] INFO  ipc.CallQueueManager (CallQueueManager.java:<init>(84)) - Using callQueue: class java.util.concurrent.LinkedBlockingQueue, queueCapacity: 2000, scheduler: class org.apache.hadoop.ipc.DefaultRpcScheduler, ipcBackoff: false.
2020-06-27 08:19:32,182 [Socket Reader #1 for port 0] INFO  ipc.Server (Server.java:run(1219)) - Starting Socket Reader #1 for port 0
2020-06-27 08:19:32,183 [Listener at 0.0.0.0/39671] INFO  ipc.CallQueueManager (CallQueueManager.java:<init>(84)) - Using callQueue: class java.util.concurrent.LinkedBlockingQueue, queueCapacity: 2000, scheduler: class org.apache.hadoop.ipc.DefaultRpcScheduler, ipcBackoff: false.
2020-06-27 08:19:32,183 [Socket Reader #1 for port 0] INFO  ipc.Server (Server.java:run(1219)) - Starting Socket Reader #1 for port 0
2020-06-27 08:19:32,187 [Listener at 0.0.0.0/43071] INFO  http.BaseHttpServer (BaseHttpServer.java:newHttpServer2BuilderForOzone(207)) - Starting Web-server for scm at: http://0.0.0.0:0
2020-06-27 08:19:32,187 [Listener at 0.0.0.0/43071] INFO  http.BaseHttpServer (BaseHttpServer.java:<init>(106)) - Hadoop Security Enabled: false Ozone Security Enabled: false Ozone HTTP Security Enabled: false 
2020-06-27 08:19:32,188 [Listener at 0.0.0.0/43071] INFO  server.AuthenticationFilter (AuthenticationFilter.java:constructSecretProvider(240)) - Unable to initialize FileSignerSecretProvider, falling back to use random secrets.
2020-06-27 08:19:32,189 [Listener at 0.0.0.0/43071] WARN  http.HttpRequestLog (HttpRequestLog.java:getRequestLog(103)) - Jetty request log can only be enabled using Log4j
2020-06-27 08:19:32,189 [Listener at 0.0.0.0/43071] INFO  http.HttpServer2 (HttpServer2.java:addGlobalFilter(997)) - Added global filter 'safety' (class=org.apache.hadoop.hdds.server.http.HttpServer2$QuotingInputFilter)
2020-06-27 08:19:32,190 [Listener at 0.0.0.0/43071] INFO  http.HttpServer2 (HttpServer2.java:addFilter(973)) - Added filter static_user_filter (class=org.apache.hadoop.http.lib.StaticUserWebFilter$StaticUserFilter) to context scm
2020-06-27 08:19:32,190 [Listener at 0.0.0.0/43071] INFO  http.HttpServer2 (HttpServer2.java:addFilter(981)) - Added filter static_user_filter (class=org.apache.hadoop.http.lib.StaticUserWebFilter$StaticUserFilter) to context static
2020-06-27 08:19:32,190 [Listener at 0.0.0.0/43071] INFO  http.HttpServer2 (HttpServer2.java:addFilter(981)) - Added filter static_user_filter (class=org.apache.hadoop.http.lib.StaticUserWebFilter$StaticUserFilter) to context logs
2020-06-27 08:19:32,196 [Listener at 0.0.0.0/43071] INFO  server.StorageContainerManager (StorageContainerManager.java:start(782)) - StorageContainerLocationProtocol RPC server is listening at /0.0.0.0:43071
2020-06-27 08:19:32,198 [Listener at 0.0.0.0/43071] WARN  impl.MetricsConfig (MetricsConfig.java:loadFirst(134)) - Cannot locate configuration: tried hadoop-metrics2-storagecontainermanager.properties,hadoop-metrics2.properties
2020-06-27 08:19:32,199 [Listener at 0.0.0.0/43071] INFO  impl.MetricsSystemImpl (MetricsSystemImpl.java:startTimer(374)) - Scheduled Metric snapshot period at 10 second(s).
2020-06-27 08:19:32,199 [Listener at 0.0.0.0/43071] INFO  impl.MetricsSystemImpl (MetricsSystemImpl.java:start(191)) - StorageContainerManager metrics system started
2020-06-27 08:19:32,233 [Listener at 0.0.0.0/43071] WARN  impl.MetricsSystemImpl (MetricsSystemImpl.java:register(276)) - Sink prometheus already exists!
2020-06-27 08:19:32,236 [Listener at 0.0.0.0/43071] INFO  server.SCMClientProtocolServer (SCMClientProtocolServer.java:start(156)) - RPC server for Client  is listening at /0.0.0.0:43071
2020-06-27 08:19:32,240 [IPC Server Responder] INFO  ipc.Server (Server.java:run(1460)) - IPC Server Responder: starting
2020-06-27 08:19:32,240 [IPC Server listener on 0] INFO  ipc.Server (Server.java:run(1298)) - IPC Server listener on 0: starting
2020-06-27 08:19:32,251 [Listener at 0.0.0.0/43071] INFO  server.StorageContainerManager (StorageContainerManager.java:start(794)) - ScmBlockLocationProtocol RPC server is listening at /0.0.0.0:39671
2020-06-27 08:19:32,251 [Listener at 0.0.0.0/43071] INFO  server.SCMBlockProtocolServer (SCMBlockProtocolServer.java:start(149)) - RPC server for Block Protocol is listening at /0.0.0.0:39671
2020-06-27 08:19:32,255 [IPC Server listener on 0] INFO  ipc.Server (Server.java:run(1298)) - IPC Server listener on 0: starting
2020-06-27 08:19:32,255 [IPC Server Responder] INFO  ipc.Server (Server.java:run(1460)) - IPC Server Responder: starting
2020-06-27 08:19:32,261 [Listener at 0.0.0.0/43071] INFO  server.StorageContainerManager (StorageContainerManager.java:start(800)) - ScmDatanodeProtocl RPC server is listening at /0.0.0.0:44577
2020-06-27 08:19:32,261 [Listener at 0.0.0.0/43071] INFO  server.SCMDatanodeProtocolServer (SCMDatanodeProtocolServer.java:start(172)) - RPC server for DataNodes is listening at /0.0.0.0:44577
2020-06-27 08:19:32,262 [IPC Server Responder] INFO  ipc.Server (Server.java:run(1460)) - IPC Server Responder: starting
2020-06-27 08:19:32,264 [IPC Server listener on 0] INFO  ipc.Server (Server.java:run(1298)) - IPC Server listener on 0: starting
2020-06-27 08:19:32,273 [Listener at 0.0.0.0/43071] INFO  http.HttpServer2 (HttpServer2.java:bindListener(1215)) - Jetty bound to port 45179
2020-06-27 08:19:32,273 [Listener at 0.0.0.0/43071] INFO  server.Server (Server.java:doStart(359)) - jetty-9.4.26.v20200117; built: 2020-01-17T12:35:33.676Z; git: 7b38981d25d14afb4a12ff1f2596756144edf695; jvm 1.8.0_232-b09
2020-06-27 08:19:32,275 [Listener at 0.0.0.0/43071] INFO  server.session (DefaultSessionIdManager.java:doStart(333)) - DefaultSessionIdManager workerName=node0
2020-06-27 08:19:32,275 [Listener at 0.0.0.0/43071] INFO  server.session (DefaultSessionIdManager.java:doStart(338)) - No SessionScavenger set, using defaults
2020-06-27 08:19:32,275 [Listener at 0.0.0.0/43071] INFO  server.session (HouseKeeper.java:startScavenging(140)) - node0 Scavenging every 600000ms
2020-06-27 08:19:32,276 [Listener at 0.0.0.0/43071] INFO  handler.ContextHandler (ContextHandler.java:doStart(825)) - Started o.e.j.s.ServletContextHandler@309ae326{logs,/logs,file:///github/workspace/mnt/ozone/hadoop-ozone/integration-test/target/log,AVAILABLE}
2020-06-27 08:19:32,276 [Listener at 0.0.0.0/43071] INFO  handler.ContextHandler (ContextHandler.java:doStart(825)) - Started o.e.j.s.ServletContextHandler@5db94eaf{static,/static,file:///github/workspace/mnt/ozone/hadoop-ozone/integration-test/target/test-classes/webapps/static,AVAILABLE}
2020-06-27 08:19:32,279 [Listener at 0.0.0.0/43071] INFO  handler.ContextHandler (ContextHandler.java:doStart(825)) - Started o.e.j.w.WebAppContext@228ec493{scm,/,file:///github/workspace/mnt/ozone/hadoop-ozone/integration-test/target/test-classes/webapps/scm/,AVAILABLE}{file:/github/workspace/mnt/ozone/hadoop-ozone/integration-test/target/test-classes/webapps/scm}
2020-06-27 08:19:32,284 [Listener at 0.0.0.0/43071] INFO  server.AbstractConnector (AbstractConnector.java:doStart(330)) - Started ServerConnector@6cfa6a04{HTTP/1.1,[http/1.1]}{0.0.0.0:45179}
2020-06-27 08:19:32,284 [Listener at 0.0.0.0/43071] INFO  server.Server (Server.java:doStart(399)) - Started @171203ms
2020-06-27 08:19:32,284 [Listener at 0.0.0.0/43071] WARN  impl.MetricsSystemImpl (MetricsSystemImpl.java:register(276)) - Sink prometheus already exists!
2020-06-27 08:19:32,288 [Listener at 0.0.0.0/43071] INFO  http.BaseHttpServer (BaseHttpServer.java:updateConnectorAddress(327)) - HTTP server of scm listening at http://0.0.0.0:45179
2020-06-27 08:19:32,290 [Listener at 0.0.0.0/43071] WARN  server.ServerUtils (ServerUtils.java:getDBPath(225)) - ozone.om.db.dirs is not configured. We recommend adding this setting. Falling back to ozone.metadata.dirs instead.
2020-06-27 08:19:32,292 [org.apache.hadoop.util.JvmPauseMonitor$Monitor@26b37ec] INFO  util.JvmPauseMonitor (JvmPauseMonitor.java:run(188)) - Starting JVM pause monitor
2020-06-27 08:19:32,292 [Listener at 0.0.0.0/43071] INFO  ha.OMHANodeDetails (OMHANodeDetails.java:loadOMHAConfig(104)) - ozone.om.internal.service.id is not defined, falling back to ozone.om.service.ids to find serviceID for OzoneManager if it is HA enabled cluster
2020-06-27 08:19:32,292 [Listener at 0.0.0.0/43071] INFO  ha.OMHANodeDetails (OMHANodeDetails.java:loadOMHAConfig(213)) - Configuration either no ozone.om.address set. Falling back to the default OM address /127.0.0.1:0
2020-06-27 08:19:32,292 [Listener at 0.0.0.0/43071] INFO  ha.OMHANodeDetails (OMHANodeDetails.java:getOMNodeDetails(241)) - OM Service ID is not set. Setting it to the default ID: omServiceIdDefault
2020-06-27 08:19:32,292 [Listener at 0.0.0.0/43071] WARN  server.ServerUtils (ServerUtils.java:getDBPath(225)) - ozone.om.db.dirs is not configured. We recommend adding this setting. Falling back to ozone.metadata.dirs instead.
2020-06-27 08:19:32,293 [Listener at 0.0.0.0/43071] WARN  server.ServerUtils (ServerUtils.java:getDBPath(225)) - ozone.om.db.dirs is not configured. We recommend adding this setting. Falling back to ozone.metadata.dirs instead.
2020-06-27 08:19:32,297 [Listener at 0.0.0.0/43071] WARN  server.ServerUtils (ServerUtils.java:getDBPath(225)) - ozone.om.db.dirs is not configured. We recommend adding this setting. Falling back to ozone.metadata.dirs instead.
2020-06-27 08:19:32,351 [Listener at 0.0.0.0/43071] INFO  ipc.CallQueueManager (CallQueueManager.java:<init>(84)) - Using callQueue: class java.util.concurrent.LinkedBlockingQueue, queueCapacity: 2000, scheduler: class org.apache.hadoop.ipc.DefaultRpcScheduler, ipcBackoff: false.
2020-06-27 08:19:32,352 [Socket Reader #1 for port 0] INFO  ipc.Server (Server.java:run(1219)) - Starting Socket Reader #1 for port 0
2020-06-27 08:19:32,370 [Listener at 127.0.0.1/34065] INFO  impl.MetricsSystemImpl (MetricsSystemImpl.java:init(158)) - OzoneManager metrics system started (again)
2020-06-27 08:19:32,370 [Listener at 127.0.0.1/34065] INFO  om.OzoneManager (OzoneManager.java:start(1083)) - OzoneManager RPC server is listening at localhost/127.0.0.1:34065
2020-06-27 08:19:32,373 [IPC Server Responder] INFO  ipc.Server (Server.java:run(1460)) - IPC Server Responder: starting
2020-06-27 08:19:32,374 [IPC Server listener on 0] INFO  ipc.Server (Server.java:run(1298)) - IPC Server listener on 0: starting
2020-06-27 08:19:32,384 [Listener at 127.0.0.1/34065] INFO  http.BaseHttpServer (BaseHttpServer.java:newHttpServer2BuilderForOzone(207)) - Starting Web-server for ozoneManager at: http://0.0.0.0:0
2020-06-27 08:19:32,385 [Listener at 127.0.0.1/34065] INFO  http.BaseHttpServer (BaseHttpServer.java:<init>(106)) - Hadoop Security Enabled: false Ozone Security Enabled: false Ozone HTTP Security Enabled: false 
2020-06-27 08:19:32,385 [Listener at 127.0.0.1/34065] INFO  server.AuthenticationFilter (AuthenticationFilter.java:constructSecretProvider(240)) - Unable to initialize FileSignerSecretProvider, falling back to use random secrets.
2020-06-27 08:19:32,386 [Listener at 127.0.0.1/34065] WARN  http.HttpRequestLog (HttpRequestLog.java:getRequestLog(103)) - Jetty request log can only be enabled using Log4j
2020-06-27 08:19:32,386 [Listener at 127.0.0.1/34065] INFO  http.HttpServer2 (HttpServer2.java:addGlobalFilter(997)) - Added global filter 'safety' (class=org.apache.hadoop.hdds.server.http.HttpServer2$QuotingInputFilter)
2020-06-27 08:19:32,387 [Listener at 127.0.0.1/34065] INFO  http.HttpServer2 (HttpServer2.java:addFilter(973)) - Added filter static_user_filter (class=org.apache.hadoop.http.lib.StaticUserWebFilter$StaticUserFilter) to context ozoneManager
2020-06-27 08:19:32,387 [Listener at 127.0.0.1/34065] INFO  http.HttpServer2 (HttpServer2.java:addFilter(981)) - Added filter static_user_filter (class=org.apache.hadoop.http.lib.StaticUserWebFilter$StaticUserFilter) to context logs
2020-06-27 08:19:32,387 [Listener at 127.0.0.1/34065] INFO  http.HttpServer2 (HttpServer2.java:addFilter(981)) - Added filter static_user_filter (class=org.apache.hadoop.http.lib.StaticUserWebFilter$StaticUserFilter) to context static
2020-06-27 08:19:32,388 [Listener at 127.0.0.1/34065] INFO  http.HttpServer2 (HttpServer2.java:bindListener(1215)) - Jetty bound to port 41631
2020-06-27 08:19:32,388 [Listener at 127.0.0.1/34065] INFO  server.Server (Server.java:doStart(359)) - jetty-9.4.26.v20200117; built: 2020-01-17T12:35:33.676Z; git: 7b38981d25d14afb4a12ff1f2596756144edf695; jvm 1.8.0_232-b09
2020-06-27 08:19:32,389 [Listener at 127.0.0.1/34065] INFO  server.session (DefaultSessionIdManager.java:doStart(333)) - DefaultSessionIdManager workerName=node0
2020-06-27 08:19:32,389 [Listener at 127.0.0.1/34065] INFO  server.session (DefaultSessionIdManager.java:doStart(338)) - No SessionScavenger set, using defaults
2020-06-27 08:19:32,389 [Listener at 127.0.0.1/34065] INFO  server.session (HouseKeeper.java:startScavenging(140)) - node0 Scavenging every 600000ms
2020-06-27 08:19:32,391 [Listener at 127.0.0.1/34065] INFO  handler.ContextHandler (ContextHandler.java:doStart(825)) - Started o.e.j.s.ServletContextHandler@70fd1f5c{logs,/logs,file:///github/workspace/mnt/ozone/hadoop-ozone/integration-test/target/log,AVAILABLE}
2020-06-27 08:19:32,391 [Listener at 127.0.0.1/34065] INFO  handler.ContextHandler (ContextHandler.java:doStart(825)) - Started o.e.j.s.ServletContextHandler@26d443e3{static,/static,file:///github/workspace/mnt/ozone/hadoop-ozone/integration-test/target/test-classes/webapps/static,AVAILABLE}
2020-06-27 08:19:32,394 [Listener at 127.0.0.1/34065] INFO  handler.ContextHandler (ContextHandler.java:doStart(825)) - Started o.e.j.w.WebAppContext@247c43c6{ozoneManager,/,file:///github/workspace/mnt/ozone/hadoop-ozone/integration-test/target/test-classes/webapps/ozoneManager/,AVAILABLE}{file:/github/workspace/mnt/ozone/hadoop-ozone/integration-test/target/test-classes/webapps/ozoneManager}
2020-06-27 08:19:32,394 [Listener at 127.0.0.1/34065] INFO  server.AbstractConnector (AbstractConnector.java:doStart(330)) - Started ServerConnector@d34c3be{HTTP/1.1,[http/1.1]}{0.0.0.0:41631}
2020-06-27 08:19:32,395 [Listener at 127.0.0.1/34065] INFO  server.Server (Server.java:doStart(399)) - Started @171313ms
2020-06-27 08:19:32,395 [Listener at 127.0.0.1/34065] WARN  impl.MetricsSystemImpl (MetricsSystemImpl.java:register(276)) - Sink prometheus already exists!
2020-06-27 08:19:32,398 [Listener at 127.0.0.1/34065] INFO  http.BaseHttpServer (BaseHttpServer.java:updateConnectorAddress(327)) - HTTP server of ozoneManager listening at http://0.0.0.0:41631
2020-06-27 08:19:32,411 [Listener at 127.0.0.1/34065] INFO  impl.MetricsSystemImpl (MetricsSystemImpl.java:init(158)) - HddsDatanode metrics system started (again)
2020-06-27 08:19:32,412 [org.apache.hadoop.util.JvmPauseMonitor$Monitor@1ee2b6c3] INFO  util.JvmPauseMonitor (JvmPauseMonitor.java:run(188)) - Starting JVM pause monitor
2020-06-27 08:19:32,412 [Listener at 127.0.0.1/34065] INFO  ozone.HddsDatanodeService (HddsDatanodeService.java:start(197)) - HddsDatanodeService host:23863634748d ip:172.17.0.2
2020-06-27 08:19:32,413 [Listener at 127.0.0.1/34065] INFO  volume.HddsVolume (HddsVolume.java:<init>(176)) - Creating Volume: /github/workspace/mnt/ozone/hadoop-ozone/integration-test/target/test-dir/MiniOzoneClusterImpl-1d3054ed-691e-4733-a773-d2ff76104d42/datanode-0/data-0/containers/hdds of storage type : DISK and capacity : 9223372036854775807
2020-06-27 08:19:32,413 [Listener at 127.0.0.1/34065] INFO  volume.MutableVolumeSet (MutableVolumeSet.java:initializeVolumeSet(181)) - Added Volume : /github/workspace/mnt/ozone/hadoop-ozone/integration-test/target/test-dir/MiniOzoneClusterImpl-1d3054ed-691e-4733-a773-d2ff76104d42/datanode-0/data-0/containers/hdds to VolumeSet
2020-06-27 08:19:32,413 [Listener at 127.0.0.1/34065] INFO  volume.ThrottledAsyncChecker (ThrottledAsyncChecker.java:schedule(141)) - Scheduling a check for /github/workspace/mnt/ozone/hadoop-ozone/integration-test/target/test-dir/MiniOzoneClusterImpl-1d3054ed-691e-4733-a773-d2ff76104d42/datanode-0/data-0/containers/hdds
2020-06-27 08:19:32,414 [Listener at 127.0.0.1/34065] INFO  volume.HddsVolumeChecker (HddsVolumeChecker.java:checkAllVolumes(200)) - Scheduled health check for volume /github/workspace/mnt/ozone/hadoop-ozone/integration-test/target/test-dir/MiniOzoneClusterImpl-1d3054ed-691e-4733-a773-d2ff76104d42/datanode-0/data-0/containers/hdds
2020-06-27 08:19:32,429 [Listener at 127.0.0.1/34065] INFO  impl.RaftServerProxy (ConfUtils.java:logGet(44)) - raft.rpc.type = GRPC (default)
2020-06-27 08:19:32,430 [Listener at 127.0.0.1/34065] INFO  grpc.GrpcFactory (GrpcFactory.java:checkPooledByteBufAllocatorUseCacheForAllThreads(45)) - PERFORMANCE WARNING: useCacheForAllThreads is true that may cause Netty to create a lot garbage objects and, as a result, trigger GC.
	It is recommended to disable useCacheForAllThreads by setting -Dorg.apache.ratis.thirdparty.io.netty.allocator.useCacheForAllThreads=false in command line.
2020-06-27 08:19:32,430 [Listener at 127.0.0.1/34065] INFO  grpc.GrpcConfigKeys (ConfUtils.java:logGet(44)) - raft.grpc.server.port = 0 (default)
2020-06-27 08:19:32,430 [Listener at 127.0.0.1/34065] INFO  server.GrpcService (ConfUtils.java:logGet(44)) - raft.grpc.message.size.max = 32MB (=33554432) (custom)
2020-06-27 08:19:32,430 [Listener at 127.0.0.1/34065] INFO  server.RaftServerConfigKeys (ConfUtils.java:logGet(44)) - raft.server.log.appender.buffer.byte-limit = 33554432 (custom)
2020-06-27 08:19:32,430 [Listener at 127.0.0.1/34065] INFO  server.GrpcService (ConfUtils.java:logGet(44)) - raft.grpc.flow.control.window = 5MB (=5242880) (custom)
2020-06-27 08:19:32,430 [Listener at 127.0.0.1/34065] INFO  server.RaftServerConfigKeys (ConfUtils.java:logGet(44)) - raft.server.rpc.request.timeout = 3s (default)
2020-06-27 08:19:32,431 [Listener at 127.0.0.1/34065] INFO  server.RaftServerConfigKeys (ConfUtils.java:logGet(44)) - raft.server.storage.dir = [/github/workspace/mnt/ozone/hadoop-ozone/integration-test/target/test-dir/MiniOzoneClusterImpl-1d3054ed-691e-4733-a773-d2ff76104d42/datanode-0/data/ratis] (custom)
2020-06-27 08:19:32,435 [Listener at 127.0.0.1/34065] INFO  http.BaseHttpServer (BaseHttpServer.java:newHttpServer2BuilderForOzone(207)) - Starting Web-server for hddsDatanode at: http://0.0.0.0:0
2020-06-27 08:19:32,435 [Listener at 127.0.0.1/34065] INFO  http.BaseHttpServer (BaseHttpServer.java:<init>(106)) - Hadoop Security Enabled: false Ozone Security Enabled: false Ozone HTTP Security Enabled: false 
2020-06-27 08:19:32,436 [Listener at 127.0.0.1/34065] INFO  server.AuthenticationFilter (AuthenticationFilter.java:constructSecretProvider(240)) - Unable to initialize FileSignerSecretProvider, falling back to use random secrets.
2020-06-27 08:19:32,436 [Listener at 127.0.0.1/34065] WARN  http.HttpRequestLog (HttpRequestLog.java:getRequestLog(103)) - Jetty request log can only be enabled using Log4j
2020-06-27 08:19:32,437 [Listener at 127.0.0.1/34065] INFO  http.HttpServer2 (HttpServer2.java:addGlobalFilter(997)) - Added global filter 'safety' (class=org.apache.hadoop.hdds.server.http.HttpServer2$QuotingInputFilter)
2020-06-27 08:19:32,438 [Listener at 127.0.0.1/34065] INFO  http.HttpServer2 (HttpServer2.java:addFilter(973)) - Added filter static_user_filter (class=org.apache.hadoop.http.lib.StaticUserWebFilter$StaticUserFilter) to context hddsDatanode
2020-06-27 08:19:32,438 [Listener at 127.0.0.1/34065] INFO  http.HttpServer2 (HttpServer2.java:addFilter(981)) - Added filter static_user_filter (class=org.apache.hadoop.http.lib.StaticUserWebFilter$StaticUserFilter) to context logs
2020-06-27 08:19:32,438 [Listener at 127.0.0.1/34065] INFO  http.HttpServer2 (HttpServer2.java:addFilter(981)) - Added filter static_user_filter (class=org.apache.hadoop.http.lib.StaticUserWebFilter$StaticUserFilter) to context static
2020-06-27 08:19:32,438 [Listener at 127.0.0.1/34065] INFO  http.HttpServer2 (HttpServer2.java:bindListener(1215)) - Jetty bound to port 39627
2020-06-27 08:19:32,438 [Listener at 127.0.0.1/34065] INFO  server.Server (Server.java:doStart(359)) - jetty-9.4.26.v20200117; built: 2020-01-17T12:35:33.676Z; git: 7b38981d25d14afb4a12ff1f2596756144edf695; jvm 1.8.0_232-b09
2020-06-27 08:19:32,440 [Listener at 127.0.0.1/34065] INFO  server.session (DefaultSessionIdManager.java:doStart(333)) - DefaultSessionIdManager workerName=node0
2020-06-27 08:19:32,440 [Listener at 127.0.0.1/34065] INFO  server.session (DefaultSessionIdManager.java:doStart(338)) - No SessionScavenger set, using defaults
2020-06-27 08:19:32,440 [Listener at 127.0.0.1/34065] INFO  server.session (HouseKeeper.java:startScavenging(140)) - node0 Scavenging every 660000ms
2020-06-27 08:19:32,441 [Listener at 127.0.0.1/34065] INFO  handler.ContextHandler (ContextHandler.java:doStart(825)) - Started o.e.j.s.ServletContextHandler@132b00bb{logs,/logs,file:///github/workspace/mnt/ozone/hadoop-ozone/integration-test/target/log,AVAILABLE}
2020-06-27 08:19:32,441 [Listener at 127.0.0.1/34065] INFO  handler.ContextHandler (ContextHandler.java:doStart(825)) - Started o.e.j.s.ServletContextHandler@6015326{static,/static,jar:file:/home/user/.m2/repository/org/apache/hadoop/hadoop-hdds-container-service/0.6.0-SNAPSHOT/hadoop-hdds-container-service-0.6.0-SNAPSHOT.jar!/webapps/static,AVAILABLE}
2020-06-27 08:19:32,456 [Listener at 127.0.0.1/34065] INFO  handler.ContextHandler (ContextHandler.java:doStart(825)) - Started o.e.j.w.WebAppContext@4cb7b531{hddsDatanode,/,file:///tmp/jetty-0_0_0_0-39627-hadoop-hdds-container-service-0_6_0-SNAPSHOT_jar-_-any-1798035021477813018.dir/webapp/,AVAILABLE}{jar:file:/home/user/.m2/repository/org/apache/hadoop/hadoop-hdds-container-service/0.6.0-SNAPSHOT/hadoop-hdds-container-service-0.6.0-SNAPSHOT.jar!/webapps/hddsDatanode}
2020-06-27 08:19:32,457 [Listener at 127.0.0.1/34065] INFO  server.AbstractConnector (AbstractConnector.java:doStart(330)) - Started ServerConnector@c2ef25b{HTTP/1.1,[http/1.1]}{0.0.0.0:39627}
2020-06-27 08:19:32,457 [Listener at 127.0.0.1/34065] INFO  server.Server (Server.java:doStart(399)) - Started @171376ms
2020-06-27 08:19:32,457 [Listener at 127.0.0.1/34065] WARN  impl.MetricsSystemImpl (MetricsSystemImpl.java:register(276)) - Sink prometheus already exists!
2020-06-27 08:19:32,460 [Listener at 127.0.0.1/34065] INFO  http.BaseHttpServer (BaseHttpServer.java:updateConnectorAddress(327)) - HTTP server of hddsDatanode listening at http://0.0.0.0:39627
2020-06-27 08:19:32,461 [Listener at 127.0.0.1/34065] INFO  impl.MetricsSystemImpl (MetricsSystemImpl.java:init(158)) - HddsDatanode metrics system started (again)
2020-06-27 08:19:32,462 [Listener at 127.0.0.1/34065] INFO  ozone.HddsDatanodeService (HddsDatanodeService.java:start(197)) - HddsDatanodeService host:23863634748d ip:172.17.0.2
2020-06-27 08:19:32,464 [org.apache.hadoop.util.JvmPauseMonitor$Monitor@628ac7b3] INFO  util.JvmPauseMonitor (JvmPauseMonitor.java:run(188)) - Starting JVM pause monitor
2020-06-27 08:19:32,465 [Listener at 127.0.0.1/34065] INFO  volume.HddsVolume (HddsVolume.java:<init>(176)) - Creating Volume: /github/workspace/mnt/ozone/hadoop-ozone/integration-test/target/test-dir/MiniOzoneClusterImpl-1d3054ed-691e-4733-a773-d2ff76104d42/datanode-1/data-0/containers/hdds of storage type : DISK and capacity : 9223372036854775807
2020-06-27 08:19:32,465 [Listener at 127.0.0.1/34065] INFO  volume.MutableVolumeSet (MutableVolumeSet.java:initializeVolumeSet(181)) - Added Volume : /github/workspace/mnt/ozone/hadoop-ozone/integration-test/target/test-dir/MiniOzoneClusterImpl-1d3054ed-691e-4733-a773-d2ff76104d42/datanode-1/data-0/containers/hdds to VolumeSet
2020-06-27 08:19:32,465 [Datanode State Machine Thread - 0] INFO  datanode.InitDatanodeState (InitDatanodeState.java:persistContainerDatanodeDetails(145)) - DatanodeDetails is persisted to /github/workspace/mnt/ozone/hadoop-ozone/integration-test/target/test-dir/MiniOzoneClusterImpl-1d3054ed-691e-4733-a773-d2ff76104d42/datanode-0/meta/datanode.id
2020-06-27 08:19:32,465 [Listener at 127.0.0.1/34065] INFO  volume.ThrottledAsyncChecker (ThrottledAsyncChecker.java:schedule(141)) - Scheduling a check for /github/workspace/mnt/ozone/hadoop-ozone/integration-test/target/test-dir/MiniOzoneClusterImpl-1d3054ed-691e-4733-a773-d2ff76104d42/datanode-1/data-0/containers/hdds
2020-06-27 08:19:32,466 [Listener at 127.0.0.1/34065] INFO  volume.HddsVolumeChecker (HddsVolumeChecker.java:checkAllVolumes(200)) - Scheduled health check for volume /github/workspace/mnt/ozone/hadoop-ozone/integration-test/target/test-dir/MiniOzoneClusterImpl-1d3054ed-691e-4733-a773-d2ff76104d42/datanode-1/data-0/containers/hdds
2020-06-27 08:19:32,480 [Listener at 127.0.0.1/34065] INFO  impl.RaftServerProxy (ConfUtils.java:logGet(44)) - raft.rpc.type = GRPC (default)
2020-06-27 08:19:32,480 [Listener at 127.0.0.1/34065] INFO  grpc.GrpcFactory (GrpcFactory.java:checkPooledByteBufAllocatorUseCacheForAllThreads(45)) - PERFORMANCE WARNING: useCacheForAllThreads is true that may cause Netty to create a lot garbage objects and, as a result, trigger GC.
	It is recommended to disable useCacheForAllThreads by setting -Dorg.apache.ratis.thirdparty.io.netty.allocator.useCacheForAllThreads=false in command line.
2020-06-27 08:19:32,480 [Listener at 127.0.0.1/34065] INFO  grpc.GrpcConfigKeys (ConfUtils.java:logGet(44)) - raft.grpc.server.port = 0 (default)
2020-06-27 08:19:32,480 [Listener at 127.0.0.1/34065] INFO  server.GrpcService (ConfUtils.java:logGet(44)) - raft.grpc.message.size.max = 32MB (=33554432) (custom)
2020-06-27 08:19:32,480 [Listener at 127.0.0.1/34065] INFO  server.RaftServerConfigKeys (ConfUtils.java:logGet(44)) - raft.server.log.appender.buffer.byte-limit = 33554432 (custom)
2020-06-27 08:19:32,481 [Listener at 127.0.0.1/34065] INFO  server.GrpcService (ConfUtils.java:logGet(44)) - raft.grpc.flow.control.window = 5MB (=5242880) (custom)
2020-06-27 08:19:32,481 [Listener at 127.0.0.1/34065] INFO  server.RaftServerConfigKeys (ConfUtils.java:logGet(44)) - raft.server.rpc.request.timeout = 3s (default)
2020-06-27 08:19:32,482 [Listener at 127.0.0.1/34065] INFO  server.RaftServerConfigKeys (ConfUtils.java:logGet(44)) - raft.server.storage.dir = [/github/workspace/mnt/ozone/hadoop-ozone/integration-test/target/test-dir/MiniOzoneClusterImpl-1d3054ed-691e-4733-a773-d2ff76104d42/datanode-1/data/ratis] (custom)
2020-06-27 08:19:32,485 [Listener at 127.0.0.1/34065] INFO  http.BaseHttpServer (BaseHttpServer.java:newHttpServer2BuilderForOzone(207)) - Starting Web-server for hddsDatanode at: http://0.0.0.0:0
2020-06-27 08:19:32,485 [Listener at 127.0.0.1/34065] INFO  http.BaseHttpServer (BaseHttpServer.java:<init>(106)) - Hadoop Security Enabled: false Ozone Security Enabled: false Ozone HTTP Security Enabled: false 
2020-06-27 08:19:32,486 [Listener at 127.0.0.1/34065] INFO  server.AuthenticationFilter (AuthenticationFilter.java:constructSecretProvider(240)) - Unable to initialize FileSignerSecretProvider, falling back to use random secrets.
2020-06-27 08:19:32,486 [Listener at 127.0.0.1/34065] WARN  http.HttpRequestLog (HttpRequestLog.java:getRequestLog(103)) - Jetty request log can only be enabled using Log4j
2020-06-27 08:19:32,487 [Listener at 127.0.0.1/34065] INFO  http.HttpServer2 (HttpServer2.java:addGlobalFilter(997)) - Added global filter 'safety' (class=org.apache.hadoop.hdds.server.http.HttpServer2$QuotingInputFilter)
2020-06-27 08:19:32,487 [Listener at 127.0.0.1/34065] INFO  http.HttpServer2 (HttpServer2.java:addFilter(973)) - Added filter static_user_filter (class=org.apache.hadoop.http.lib.StaticUserWebFilter$StaticUserFilter) to context hddsDatanode
2020-06-27 08:19:32,488 [Listener at 127.0.0.1/34065] INFO  http.HttpServer2 (HttpServer2.java:addFilter(981)) - Added filter static_user_filter (class=org.apache.hadoop.http.lib.StaticUserWebFilter$StaticUserFilter) to context logs
2020-06-27 08:19:32,488 [Listener at 127.0.0.1/34065] INFO  http.HttpServer2 (HttpServer2.java:addFilter(981)) - Added filter static_user_filter (class=org.apache.hadoop.http.lib.StaticUserWebFilter$StaticUserFilter) to context static
2020-06-27 08:19:32,488 [Listener at 127.0.0.1/34065] INFO  http.HttpServer2 (HttpServer2.java:bindListener(1215)) - Jetty bound to port 43625
2020-06-27 08:19:32,488 [Listener at 127.0.0.1/34065] INFO  server.Server (Server.java:doStart(359)) - jetty-9.4.26.v20200117; built: 2020-01-17T12:35:33.676Z; git: 7b38981d25d14afb4a12ff1f2596756144edf695; jvm 1.8.0_232-b09
2020-06-27 08:19:32,490 [Listener at 127.0.0.1/34065] INFO  server.session (DefaultSessionIdManager.java:doStart(333)) - DefaultSessionIdManager workerName=node0
2020-06-27 08:19:32,490 [Listener at 127.0.0.1/34065] INFO  server.session (DefaultSessionIdManager.java:doStart(338)) - No SessionScavenger set, using defaults
2020-06-27 08:19:32,490 [Listener at 127.0.0.1/34065] INFO  server.session (HouseKeeper.java:startScavenging(140)) - node0 Scavenging every 660000ms
2020-06-27 08:19:32,491 [Listener at 127.0.0.1/34065] INFO  handler.ContextHandler (ContextHandler.java:doStart(825)) - Started o.e.j.s.ServletContextHandler@7b601e55{logs,/logs,file:///github/workspace/mnt/ozone/hadoop-ozone/integration-test/target/log,AVAILABLE}
2020-06-27 08:19:32,491 [Listener at 127.0.0.1/34065] INFO  handler.ContextHandler (ContextHandler.java:doStart(825)) - Started o.e.j.s.ServletContextHandler@1db8ec3{static,/static,jar:file:/home/user/.m2/repository/org/apache/hadoop/hadoop-hdds-container-service/0.6.0-SNAPSHOT/hadoop-hdds-container-service-0.6.0-SNAPSHOT.jar!/webapps/static,AVAILABLE}
2020-06-27 08:19:32,506 [Listener at 127.0.0.1/34065] INFO  handler.ContextHandler (ContextHandler.java:doStart(825)) - Started o.e.j.w.WebAppContext@50bf00c2{hddsDatanode,/,file:///tmp/jetty-0_0_0_0-43625-hadoop-hdds-container-service-0_6_0-SNAPSHOT_jar-_-any-5438645302390180126.dir/webapp/,AVAILABLE}{jar:file:/home/user/.m2/repository/org/apache/hadoop/hadoop-hdds-container-service/0.6.0-SNAPSHOT/hadoop-hdds-container-service-0.6.0-SNAPSHOT.jar!/webapps/hddsDatanode}
2020-06-27 08:19:32,507 [Listener at 127.0.0.1/34065] INFO  server.AbstractConnector (AbstractConnector.java:doStart(330)) - Started ServerConnector@2a59034e{HTTP/1.1,[http/1.1]}{0.0.0.0:43625}
2020-06-27 08:19:32,507 [Listener at 127.0.0.1/34065] INFO  server.Server (Server.java:doStart(399)) - Started @171426ms
2020-06-27 08:19:32,507 [Listener at 127.0.0.1/34065] WARN  impl.MetricsSystemImpl (MetricsSystemImpl.java:register(276)) - Sink prometheus already exists!
2020-06-27 08:19:32,510 [Listener at 127.0.0.1/34065] INFO  http.BaseHttpServer (BaseHttpServer.java:updateConnectorAddress(327)) - HTTP server of hddsDatanode listening at http://0.0.0.0:43625
2020-06-27 08:19:32,510 [Listener at 127.0.0.1/34065] INFO  impl.MetricsSystemImpl (MetricsSystemImpl.java:init(158)) - HddsDatanode metrics system started (again)
2020-06-27 08:19:32,511 [Listener at 127.0.0.1/34065] INFO  ozone.HddsDatanodeService (HddsDatanodeService.java:start(197)) - HddsDatanodeService host:23863634748d ip:172.17.0.2
2020-06-27 08:19:32,516 [org.apache.hadoop.util.JvmPauseMonitor$Monitor@68dfd8ea] INFO  util.JvmPauseMonitor (JvmPauseMonitor.java:run(188)) - Starting JVM pause monitor
2020-06-27 08:19:32,517 [Datanode State Machine Thread - 0] INFO  datanode.InitDatanodeState (InitDatanodeState.java:persistContainerDatanodeDetails(145)) - DatanodeDetails is persisted to /github/workspace/mnt/ozone/hadoop-ozone/integration-test/target/test-dir/MiniOzoneClusterImpl-1d3054ed-691e-4733-a773-d2ff76104d42/datanode-1/meta/datanode.id
2020-06-27 08:19:32,517 [Listener at 127.0.0.1/34065] INFO  volume.HddsVolume (HddsVolume.java:<init>(176)) - Creating Volume: /github/workspace/mnt/ozone/hadoop-ozone/integration-test/target/test-dir/MiniOzoneClusterImpl-1d3054ed-691e-4733-a773-d2ff76104d42/datanode-2/data-0/containers/hdds of storage type : DISK and capacity : 9223372036854775807
2020-06-27 08:19:32,517 [Listener at 127.0.0.1/34065] INFO  volume.MutableVolumeSet (MutableVolumeSet.java:initializeVolumeSet(181)) - Added Volume : /github/workspace/mnt/ozone/hadoop-ozone/integration-test/target/test-dir/MiniOzoneClusterImpl-1d3054ed-691e-4733-a773-d2ff76104d42/datanode-2/data-0/containers/hdds to VolumeSet
2020-06-27 08:19:32,517 [Listener at 127.0.0.1/34065] INFO  volume.ThrottledAsyncChecker (ThrottledAsyncChecker.java:schedule(141)) - Scheduling a check for /github/workspace/mnt/ozone/hadoop-ozone/integration-test/target/test-dir/MiniOzoneClusterImpl-1d3054ed-691e-4733-a773-d2ff76104d42/datanode-2/data-0/containers/hdds
2020-06-27 08:19:32,518 [Listener at 127.0.0.1/34065] INFO  volume.HddsVolumeChecker (HddsVolumeChecker.java:checkAllVolumes(200)) - Scheduled health check for volume /github/workspace/mnt/ozone/hadoop-ozone/integration-test/target/test-dir/MiniOzoneClusterImpl-1d3054ed-691e-4733-a773-d2ff76104d42/datanode-2/data-0/containers/hdds
2020-06-27 08:19:32,531 [Listener at 127.0.0.1/34065] INFO  impl.RaftServerProxy (ConfUtils.java:logGet(44)) - raft.rpc.type = GRPC (default)
2020-06-27 08:19:32,531 [Listener at 127.0.0.1/34065] INFO  grpc.GrpcFactory (GrpcFactory.java:checkPooledByteBufAllocatorUseCacheForAllThreads(45)) - PERFORMANCE WARNING: useCacheForAllThreads is true that may cause Netty to create a lot garbage objects and, as a result, trigger GC.
	It is recommended to disable useCacheForAllThreads by setting -Dorg.apache.ratis.thirdparty.io.netty.allocator.useCacheForAllThreads=false in command line.
2020-06-27 08:19:32,532 [Listener at 127.0.0.1/34065] INFO  grpc.GrpcConfigKeys (ConfUtils.java:logGet(44)) - raft.grpc.server.port = 0 (default)
2020-06-27 08:19:32,532 [Listener at 127.0.0.1/34065] INFO  server.GrpcService (ConfUtils.java:logGet(44)) - raft.grpc.message.size.max = 32MB (=33554432) (custom)
2020-06-27 08:19:32,532 [Listener at 127.0.0.1/34065] INFO  server.RaftServerConfigKeys (ConfUtils.java:logGet(44)) - raft.server.log.appender.buffer.byte-limit = 33554432 (custom)
2020-06-27 08:19:32,532 [Listener at 127.0.0.1/34065] INFO  server.GrpcService (ConfUtils.java:logGet(44)) - raft.grpc.flow.control.window = 5MB (=5242880) (custom)
2020-06-27 08:19:32,532 [Listener at 127.0.0.1/34065] INFO  server.RaftServerConfigKeys (ConfUtils.java:logGet(44)) - raft.server.rpc.request.timeout = 3s (default)
2020-06-27 08:19:32,533 [Listener at 127.0.0.1/34065] INFO  server.RaftServerConfigKeys (ConfUtils.java:logGet(44)) - raft.server.storage.dir = [/github/workspace/mnt/ozone/hadoop-ozone/integration-test/target/test-dir/MiniOzoneClusterImpl-1d3054ed-691e-4733-a773-d2ff76104d42/datanode-2/data/ratis] (custom)
2020-06-27 08:19:32,537 [Listener at 127.0.0.1/34065] INFO  http.BaseHttpServer (BaseHttpServer.java:newHttpServer2BuilderForOzone(207)) - Starting Web-server for hddsDatanode at: http://0.0.0.0:0
2020-06-27 08:19:32,537 [Listener at 127.0.0.1/34065] INFO  http.BaseHttpServer (BaseHttpServer.java:<init>(106)) - Hadoop Security Enabled: false Ozone Security Enabled: false Ozone HTTP Security Enabled: false 
2020-06-27 08:19:32,537 [Listener at 127.0.0.1/34065] INFO  server.AuthenticationFilter (AuthenticationFilter.java:constructSecretProvider(240)) - Unable to initialize FileSignerSecretProvider, falling back to use random secrets.
2020-06-27 08:19:32,538 [Listener at 127.0.0.1/34065] WARN  http.HttpRequestLog (HttpRequestLog.java:getRequestLog(103)) - Jetty request log can only be enabled using Log4j
2020-06-27 08:19:32,539 [Listener at 127.0.0.1/34065] INFO  http.HttpServer2 (HttpServer2.java:addGlobalFilter(997)) - Added global filter 'safety' (class=org.apache.hadoop.hdds.server.http.HttpServer2$QuotingInputFilter)
2020-06-27 08:19:32,539 [Listener at 127.0.0.1/34065] INFO  http.HttpServer2 (HttpServer2.java:addFilter(973)) - Added filter static_user_filter (class=org.apache.hadoop.http.lib.StaticUserWebFilter$StaticUserFilter) to context hddsDatanode
2020-06-27 08:19:32,539 [Listener at 127.0.0.1/34065] INFO  http.HttpServer2 (HttpServer2.java:addFilter(981)) - Added filter static_user_filter (class=org.apache.hadoop.http.lib.StaticUserWebFilter$StaticUserFilter) to context logs
2020-06-27 08:19:32,539 [Listener at 127.0.0.1/34065] INFO  http.HttpServer2 (HttpServer2.java:addFilter(981)) - Added filter static_user_filter (class=org.apache.hadoop.http.lib.StaticUserWebFilter$StaticUserFilter) to context static
2020-06-27 08:19:32,540 [Listener at 127.0.0.1/34065] INFO  http.HttpServer2 (HttpServer2.java:bindListener(1215)) - Jetty bound to port 44781
2020-06-27 08:19:32,540 [Listener at 127.0.0.1/34065] INFO  server.Server (Server.java:doStart(359)) - jetty-9.4.26.v20200117; built: 2020-01-17T12:35:33.676Z; git: 7b38981d25d14afb4a12ff1f2596756144edf695; jvm 1.8.0_232-b09
2020-06-27 08:19:32,541 [Listener at 127.0.0.1/34065] INFO  server.session (DefaultSessionIdManager.java:doStart(333)) - DefaultSessionIdManager workerName=node0
2020-06-27 08:19:32,541 [Listener at 127.0.0.1/34065] INFO  server.session (DefaultSessionIdManager.java:doStart(338)) - No SessionScavenger set, using defaults
2020-06-27 08:19:32,541 [Listener at 127.0.0.1/34065] INFO  server.session (HouseKeeper.java:startScavenging(140)) - node0 Scavenging every 600000ms
2020-06-27 08:19:32,542 [Listener at 127.0.0.1/34065] INFO  handler.ContextHandler (ContextHandler.java:doStart(825)) - Started o.e.j.s.ServletContextHandler@242b48ef{logs,/logs,file:///github/workspace/mnt/ozone/hadoop-ozone/integration-test/target/log,AVAILABLE}
2020-06-27 08:19:32,542 [Listener at 127.0.0.1/34065] INFO  handler.ContextHandler (ContextHandler.java:doStart(825)) - Started o.e.j.s.ServletContextHandler@5b00d92c{static,/static,jar:file:/home/user/.m2/repository/org/apache/hadoop/hadoop-hdds-container-service/0.6.0-SNAPSHOT/hadoop-hdds-container-service-0.6.0-SNAPSHOT.jar!/webapps/static,AVAILABLE}
2020-06-27 08:19:32,558 [Listener at 127.0.0.1/34065] INFO  handler.ContextHandler (ContextHandler.java:doStart(825)) - Started o.e.j.w.WebAppContext@20f1cf40{hddsDatanode,/,file:///tmp/jetty-0_0_0_0-44781-hadoop-hdds-container-service-0_6_0-SNAPSHOT_jar-_-any-197248587740265906.dir/webapp/,AVAILABLE}{jar:file:/home/user/.m2/repository/org/apache/hadoop/hadoop-hdds-container-service/0.6.0-SNAPSHOT/hadoop-hdds-container-service-0.6.0-SNAPSHOT.jar!/webapps/hddsDatanode}
2020-06-27 08:19:32,559 [Listener at 127.0.0.1/34065] INFO  server.AbstractConnector (AbstractConnector.java:doStart(330)) - Started ServerConnector@3220ea38{HTTP/1.1,[http/1.1]}{0.0.0.0:44781}
2020-06-27 08:19:32,559 [Listener at 127.0.0.1/34065] INFO  server.Server (Server.java:doStart(399)) - Started @171478ms
2020-06-27 08:19:32,559 [Listener at 127.0.0.1/34065] WARN  impl.MetricsSystemImpl (MetricsSystemImpl.java:register(276)) - Sink prometheus already exists!
2020-06-27 08:19:32,562 [Listener at 127.0.0.1/34065] INFO  http.BaseHttpServer (BaseHttpServer.java:updateConnectorAddress(327)) - HTTP server of hddsDatanode listening at http://0.0.0.0:44781
2020-06-27 08:19:32,564 [Listener at 127.0.0.1/34065] INFO  impl.MetricsSystemImpl (MetricsSystemImpl.java:init(158)) - HddsDatanode metrics system started (again)
2020-06-27 08:19:32,565 [Listener at 127.0.0.1/34065] INFO  ozone.HddsDatanodeService (HddsDatanodeService.java:start(197)) - HddsDatanodeService host:23863634748d ip:172.17.0.2
2020-06-27 08:19:32,568 [Listener at 127.0.0.1/34065] INFO  volume.HddsVolume (HddsVolume.java:<init>(176)) - Creating Volume: /github/workspace/mnt/ozone/hadoop-ozone/integration-test/target/test-dir/MiniOzoneClusterImpl-1d3054ed-691e-4733-a773-d2ff76104d42/datanode-3/data-0/containers/hdds of storage type : DISK and capacity : 9223372036854775807
2020-06-27 08:19:32,568 [Listener at 127.0.0.1/34065] INFO  volume.MutableVolumeSet (MutableVolumeSet.java:initializeVolumeSet(181)) - Added Volume : /github/workspace/mnt/ozone/hadoop-ozone/integration-test/target/test-dir/MiniOzoneClusterImpl-1d3054ed-691e-4733-a773-d2ff76104d42/datanode-3/data-0/containers/hdds to VolumeSet
2020-06-27 08:19:32,569 [Listener at 127.0.0.1/34065] INFO  volume.ThrottledAsyncChecker (ThrottledAsyncChecker.java:schedule(141)) - Scheduling a check for /github/workspace/mnt/ozone/hadoop-ozone/integration-test/target/test-dir/MiniOzoneClusterImpl-1d3054ed-691e-4733-a773-d2ff76104d42/datanode-3/data-0/containers/hdds
2020-06-27 08:19:32,569 [Listener at 127.0.0.1/34065] INFO  volume.HddsVolumeChecker (HddsVolumeChecker.java:checkAllVolumes(200)) - Scheduled health check for volume /github/workspace/mnt/ozone/hadoop-ozone/integration-test/target/test-dir/MiniOzoneClusterImpl-1d3054ed-691e-4733-a773-d2ff76104d42/datanode-3/data-0/containers/hdds
2020-06-27 08:19:32,589 [org.apache.hadoop.util.JvmPauseMonitor$Monitor@2c95431] INFO  util.JvmPauseMonitor (JvmPauseMonitor.java:run(188)) - Starting JVM pause monitor
2020-06-27 08:19:32,589 [Datanode State Machine Thread - 0] INFO  datanode.InitDatanodeState (InitDatanodeState.java:persistContainerDatanodeDetails(145)) - DatanodeDetails is persisted to /github/workspace/mnt/ozone/hadoop-ozone/integration-test/target/test-dir/MiniOzoneClusterImpl-1d3054ed-691e-4733-a773-d2ff76104d42/datanode-2/meta/datanode.id
2020-06-27 08:19:32,591 [Listener at 127.0.0.1/34065] INFO  impl.RaftServerProxy (ConfUtils.java:logGet(44)) - raft.rpc.type = GRPC (default)
2020-06-27 08:19:32,591 [Listener at 127.0.0.1/34065] INFO  grpc.GrpcFactory (GrpcFactory.java:checkPooledByteBufAllocatorUseCacheForAllThreads(45)) - PERFORMANCE WARNING: useCacheForAllThreads is true that may cause Netty to create a lot garbage objects and, as a result, trigger GC.
	It is recommended to disable useCacheForAllThreads by setting -Dorg.apache.ratis.thirdparty.io.netty.allocator.useCacheForAllThreads=false in command line.
2020-06-27 08:19:32,592 [Listener at 127.0.0.1/34065] INFO  grpc.GrpcConfigKeys (ConfUtils.java:logGet(44)) - raft.grpc.server.port = 0 (default)
2020-06-27 08:19:32,592 [Listener at 127.0.0.1/34065] INFO  server.GrpcService (ConfUtils.java:logGet(44)) - raft.grpc.message.size.max = 32MB (=33554432) (custom)
2020-06-27 08:19:32,592 [Listener at 127.0.0.1/34065] INFO  server.RaftServerConfigKeys (ConfUtils.java:logGet(44)) - raft.server.log.appender.buffer.byte-limit = 33554432 (custom)
2020-06-27 08:19:32,592 [Listener at 127.0.0.1/34065] INFO  server.GrpcService (ConfUtils.java:logGet(44)) - raft.grpc.flow.control.window = 5MB (=5242880) (custom)
2020-06-27 08:19:32,592 [Listener at 127.0.0.1/34065] INFO  server.RaftServerConfigKeys (ConfUtils.java:logGet(44)) - raft.server.rpc.request.timeout = 3s (default)
2020-06-27 08:19:32,593 [Listener at 127.0.0.1/34065] INFO  server.RaftServerConfigKeys (ConfUtils.java:logGet(44)) - raft.server.storage.dir = [/github/workspace/mnt/ozone/hadoop-ozone/integration-test/target/test-dir/MiniOzoneClusterImpl-1d3054ed-691e-4733-a773-d2ff76104d42/datanode-3/data/ratis] (custom)
2020-06-27 08:19:32,597 [Listener at 127.0.0.1/34065] INFO  http.BaseHttpServer (BaseHttpServer.java:newHttpServer2BuilderForOzone(207)) - Starting Web-server for hddsDatanode at: http://0.0.0.0:0
2020-06-27 08:19:32,597 [Listener at 127.0.0.1/34065] INFO  http.BaseHttpServer (BaseHttpServer.java:<init>(106)) - Hadoop Security Enabled: false Ozone Security Enabled: false Ozone HTTP Security Enabled: false 
2020-06-27 08:19:32,598 [Listener at 127.0.0.1/34065] INFO  server.AuthenticationFilter (AuthenticationFilter.java:constructSecretProvider(240)) - Unable to initialize FileSignerSecretProvider, falling back to use random secrets.
2020-06-27 08:19:32,598 [Listener at 127.0.0.1/34065] WARN  http.HttpRequestLog (HttpRequestLog.java:getRequestLog(103)) - Jetty request log can only be enabled using Log4j
2020-06-27 08:19:32,599 [Listener at 127.0.0.1/34065] INFO  http.HttpServer2 (HttpServer2.java:addGlobalFilter(997)) - Added global filter 'safety' (class=org.apache.hadoop.hdds.server.http.HttpServer2$QuotingInputFilter)
2020-06-27 08:19:32,599 [Listener at 127.0.0.1/34065] INFO  http.HttpServer2 (HttpServer2.java:addFilter(973)) - Added filter static_user_filter (class=org.apache.hadoop.http.lib.StaticUserWebFilter$StaticUserFilter) to context hddsDatanode
2020-06-27 08:19:32,599 [Listener at 127.0.0.1/34065] INFO  http.HttpServer2 (HttpServer2.java:addFilter(981)) - Added filter static_user_filter (class=org.apache.hadoop.http.lib.StaticUserWebFilter$StaticUserFilter) to context logs
2020-06-27 08:19:32,599 [Listener at 127.0.0.1/34065] INFO  http.HttpServer2 (HttpServer2.java:addFilter(981)) - Added filter static_user_filter (class=org.apache.hadoop.http.lib.StaticUserWebFilter$StaticUserFilter) to context static
2020-06-27 08:19:32,600 [Listener at 127.0.0.1/34065] INFO  http.HttpServer2 (HttpServer2.java:bindListener(1215)) - Jetty bound to port 35477
2020-06-27 08:19:32,600 [Listener at 127.0.0.1/34065] INFO  server.Server (Server.java:doStart(359)) - jetty-9.4.26.v20200117; built: 2020-01-17T12:35:33.676Z; git: 7b38981d25d14afb4a12ff1f2596756144edf695; jvm 1.8.0_232-b09
2020-06-27 08:19:32,605 [Listener at 127.0.0.1/34065] INFO  server.session (DefaultSessionIdManager.java:doStart(333)) - DefaultSessionIdManager workerName=node0
2020-06-27 08:19:32,605 [Listener at 127.0.0.1/34065] INFO  server.session (DefaultSessionIdManager.java:doStart(338)) - No SessionScavenger set, using defaults
2020-06-27 08:19:32,605 [Listener at 127.0.0.1/34065] INFO  server.session (HouseKeeper.java:startScavenging(140)) - node0 Scavenging every 600000ms
2020-06-27 08:19:32,606 [Listener at 127.0.0.1/34065] INFO  handler.ContextHandler (ContextHandler.java:doStart(825)) - Started o.e.j.s.ServletContextHandler@1e4b197f{logs,/logs,file:///github/workspace/mnt/ozone/hadoop-ozone/integration-test/target/log,AVAILABLE}
2020-06-27 08:19:32,606 [Listener at 127.0.0.1/34065] INFO  handler.ContextHandler (ContextHandler.java:doStart(825)) - Started o.e.j.s.ServletContextHandler@35353b68{static,/static,jar:file:/home/user/.m2/repository/org/apache/hadoop/hadoop-hdds-container-service/0.6.0-SNAPSHOT/hadoop-hdds-container-service-0.6.0-SNAPSHOT.jar!/webapps/static,AVAILABLE}
2020-06-27 08:19:32,621 [Listener at 127.0.0.1/34065] INFO  handler.ContextHandler (ContextHandler.java:doStart(825)) - Started o.e.j.w.WebAppContext@430344bf{hddsDatanode,/,file:///tmp/jetty-0_0_0_0-35477-hadoop-hdds-container-service-0_6_0-SNAPSHOT_jar-_-any-7759031332728457799.dir/webapp/,AVAILABLE}{jar:file:/home/user/.m2/repository/org/apache/hadoop/hadoop-hdds-container-service/0.6.0-SNAPSHOT/hadoop-hdds-container-service-0.6.0-SNAPSHOT.jar!/webapps/hddsDatanode}
2020-06-27 08:19:32,628 [Listener at 127.0.0.1/34065] INFO  server.AbstractConnector (AbstractConnector.java:doStart(330)) - Started ServerConnector@18f94d41{HTTP/1.1,[http/1.1]}{0.0.0.0:35477}
2020-06-27 08:19:32,628 [Listener at 127.0.0.1/34065] INFO  server.Server (Server.java:doStart(399)) - Started @171547ms
2020-06-27 08:19:32,628 [Listener at 127.0.0.1/34065] WARN  impl.MetricsSystemImpl (MetricsSystemImpl.java:register(276)) - Sink prometheus already exists!
2020-06-27 08:19:32,631 [Listener at 127.0.0.1/34065] INFO  http.BaseHttpServer (BaseHttpServer.java:updateConnectorAddress(327)) - HTTP server of hddsDatanode listening at http://0.0.0.0:35477
2020-06-27 08:19:32,631 [Listener at 127.0.0.1/34065] INFO  impl.MetricsSystemImpl (MetricsSystemImpl.java:init(158)) - HddsDatanode metrics system started (again)
2020-06-27 08:19:32,633 [Listener at 127.0.0.1/34065] INFO  ozone.HddsDatanodeService (HddsDatanodeService.java:start(197)) - HddsDatanodeService host:23863634748d ip:172.17.0.2
2020-06-27 08:19:32,634 [Listener at 127.0.0.1/34065] INFO  volume.HddsVolume (HddsVolume.java:<init>(176)) - Creating Volume: /github/workspace/mnt/ozone/hadoop-ozone/integration-test/target/test-dir/MiniOzoneClusterImpl-1d3054ed-691e-4733-a773-d2ff76104d42/datanode-4/data-0/containers/hdds of storage type : DISK and capacity : 9223372036854775807
2020-06-27 08:19:32,634 [Listener at 127.0.0.1/34065] INFO  volume.MutableVolumeSet (MutableVolumeSet.java:initializeVolumeSet(181)) - Added Volume : /github/workspace/mnt/ozone/hadoop-ozone/integration-test/target/test-dir/MiniOzoneClusterImpl-1d3054ed-691e-4733-a773-d2ff76104d42/datanode-4/data-0/containers/hdds to VolumeSet
2020-06-27 08:19:32,634 [Listener at 127.0.0.1/34065] INFO  volume.ThrottledAsyncChecker (ThrottledAsyncChecker.java:schedule(141)) - Scheduling a check for /github/workspace/mnt/ozone/hadoop-ozone/integration-test/target/test-dir/MiniOzoneClusterImpl-1d3054ed-691e-4733-a773-d2ff76104d42/datanode-4/data-0/containers/hdds
2020-06-27 08:19:32,635 [Listener at 127.0.0.1/34065] INFO  volume.HddsVolumeChecker (HddsVolumeChecker.java:checkAllVolumes(200)) - Scheduled health check for volume /github/workspace/mnt/ozone/hadoop-ozone/integration-test/target/test-dir/MiniOzoneClusterImpl-1d3054ed-691e-4733-a773-d2ff76104d42/datanode-4/data-0/containers/hdds
2020-06-27 08:19:32,655 [org.apache.hadoop.util.JvmPauseMonitor$Monitor@6a2b58ca] INFO  util.JvmPauseMonitor (JvmPauseMonitor.java:run(188)) - Starting JVM pause monitor
2020-06-27 08:19:32,657 [Listener at 127.0.0.1/34065] INFO  impl.RaftServerProxy (ConfUtils.java:logGet(44)) - raft.rpc.type = GRPC (default)
2020-06-27 08:19:32,657 [Listener at 127.0.0.1/34065] INFO  grpc.GrpcFactory (GrpcFactory.java:checkPooledByteBufAllocatorUseCacheForAllThreads(45)) - PERFORMANCE WARNING: useCacheForAllThreads is true that may cause Netty to create a lot garbage objects and, as a result, trigger GC.
	It is recommended to disable useCacheForAllThreads by setting -Dorg.apache.ratis.thirdparty.io.netty.allocator.useCacheForAllThreads=false in command line.
2020-06-27 08:19:32,657 [Listener at 127.0.0.1/34065] INFO  grpc.GrpcConfigKeys (ConfUtils.java:logGet(44)) - raft.grpc.server.port = 0 (default)
2020-06-27 08:19:32,657 [Listener at 127.0.0.1/34065] INFO  server.GrpcService (ConfUtils.java:logGet(44)) - raft.grpc.message.size.max = 32MB (=33554432) (custom)
2020-06-27 08:19:32,657 [Listener at 127.0.0.1/34065] INFO  server.RaftServerConfigKeys (ConfUtils.java:logGet(44)) - raft.server.log.appender.buffer.byte-limit = 33554432 (custom)
2020-06-27 08:19:32,657 [Listener at 127.0.0.1/34065] INFO  server.GrpcService (ConfUtils.java:logGet(44)) - raft.grpc.flow.control.window = 5MB (=5242880) (custom)
2020-06-27 08:19:32,658 [Listener at 127.0.0.1/34065] INFO  server.RaftServerConfigKeys (ConfUtils.java:logGet(44)) - raft.server.rpc.request.timeout = 3s (default)
2020-06-27 08:19:32,658 [Listener at 127.0.0.1/34065] INFO  server.RaftServerConfigKeys (ConfUtils.java:logGet(44)) - raft.server.storage.dir = [/github/workspace/mnt/ozone/hadoop-ozone/integration-test/target/test-dir/MiniOzoneClusterImpl-1d3054ed-691e-4733-a773-d2ff76104d42/datanode-4/data/ratis] (custom)
2020-06-27 08:19:32,661 [Datanode State Machine Thread - 0] INFO  datanode.InitDatanodeState (InitDatanodeState.java:persistContainerDatanodeDetails(145)) - DatanodeDetails is persisted to /github/workspace/mnt/ozone/hadoop-ozone/integration-test/target/test-dir/MiniOzoneClusterImpl-1d3054ed-691e-4733-a773-d2ff76104d42/datanode-3/meta/datanode.id
2020-06-27 08:19:32,662 [Listener at 127.0.0.1/34065] INFO  http.BaseHttpServer (BaseHttpServer.java:newHttpServer2BuilderForOzone(207)) - Starting Web-server for hddsDatanode at: http://0.0.0.0:0
2020-06-27 08:19:32,663 [Listener at 127.0.0.1/34065] INFO  http.BaseHttpServer (BaseHttpServer.java:<init>(106)) - Hadoop Security Enabled: false Ozone Security Enabled: false Ozone HTTP Security Enabled: false 
2020-06-27 08:19:32,663 [Listener at 127.0.0.1/34065] INFO  server.AuthenticationFilter (AuthenticationFilter.java:constructSecretProvider(240)) - Unable to initialize FileSignerSecretProvider, falling back to use random secrets.
2020-06-27 08:19:32,664 [Listener at 127.0.0.1/34065] WARN  http.HttpRequestLog (HttpRequestLog.java:getRequestLog(103)) - Jetty request log can only be enabled using Log4j
2020-06-27 08:19:32,664 [Listener at 127.0.0.1/34065] INFO  http.HttpServer2 (HttpServer2.java:addGlobalFilter(997)) - Added global filter 'safety' (class=org.apache.hadoop.hdds.server.http.HttpServer2$QuotingInputFilter)
2020-06-27 08:19:32,665 [Listener at 127.0.0.1/34065] INFO  http.HttpServer2 (HttpServer2.java:addFilter(973)) - Added filter static_user_filter (class=org.apache.hadoop.http.lib.StaticUserWebFilter$StaticUserFilter) to context hddsDatanode
2020-06-27 08:19:32,665 [Listener at 127.0.0.1/34065] INFO  http.HttpServer2 (HttpServer2.java:addFilter(981)) - Added filter static_user_filter (class=org.apache.hadoop.http.lib.StaticUserWebFilter$StaticUserFilter) to context static
2020-06-27 08:19:32,665 [Listener at 127.0.0.1/34065] INFO  http.HttpServer2 (HttpServer2.java:addFilter(981)) - Added filter static_user_filter (class=org.apache.hadoop.http.lib.StaticUserWebFilter$StaticUserFilter) to context logs
2020-06-27 08:19:32,665 [Listener at 127.0.0.1/34065] INFO  http.HttpServer2 (HttpServer2.java:bindListener(1215)) - Jetty bound to port 39071
2020-06-27 08:19:32,665 [Listener at 127.0.0.1/34065] INFO  server.Server (Server.java:doStart(359)) - jetty-9.4.26.v20200117; built: 2020-01-17T12:35:33.676Z; git: 7b38981d25d14afb4a12ff1f2596756144edf695; jvm 1.8.0_232-b09
2020-06-27 08:19:32,667 [Listener at 127.0.0.1/34065] INFO  server.session (DefaultSessionIdManager.java:doStart(333)) - DefaultSessionIdManager workerName=node0
2020-06-27 08:19:32,667 [Listener at 127.0.0.1/34065] INFO  server.session (DefaultSessionIdManager.java:doStart(338)) - No SessionScavenger set, using defaults
2020-06-27 08:19:32,667 [Listener at 127.0.0.1/34065] INFO  server.session (HouseKeeper.java:startScavenging(140)) - node0 Scavenging every 600000ms
2020-06-27 08:19:32,668 [Listener at 127.0.0.1/34065] INFO  handler.ContextHandler (ContextHandler.java:doStart(825)) - Started o.e.j.s.ServletContextHandler@6f22784d{logs,/logs,file:///github/workspace/mnt/ozone/hadoop-ozone/integration-test/target/log,AVAILABLE}
2020-06-27 08:19:32,668 [Listener at 127.0.0.1/34065] INFO  handler.ContextHandler (ContextHandler.java:doStart(825)) - Started o.e.j.s.ServletContextHandler@2eb4a3ec{static,/static,jar:file:/home/user/.m2/repository/org/apache/hadoop/hadoop-hdds-container-service/0.6.0-SNAPSHOT/hadoop-hdds-container-service-0.6.0-SNAPSHOT.jar!/webapps/static,AVAILABLE}
2020-06-27 08:19:32,684 [Listener at 127.0.0.1/34065] INFO  handler.ContextHandler (ContextHandler.java:doStart(825)) - Started o.e.j.w.WebAppContext@7c644bd5{hddsDatanode,/,file:///tmp/jetty-0_0_0_0-39071-hadoop-hdds-container-service-0_6_0-SNAPSHOT_jar-_-any-6690994047634130053.dir/webapp/,AVAILABLE}{jar:file:/home/user/.m2/repository/org/apache/hadoop/hadoop-hdds-container-service/0.6.0-SNAPSHOT/hadoop-hdds-container-service-0.6.0-SNAPSHOT.jar!/webapps/hddsDatanode}
2020-06-27 08:19:32,685 [Listener at 127.0.0.1/34065] INFO  server.AbstractConnector (AbstractConnector.java:doStart(330)) - Started ServerConnector@3df88e84{HTTP/1.1,[http/1.1]}{0.0.0.0:39071}
2020-06-27 08:19:32,685 [Listener at 127.0.0.1/34065] INFO  server.Server (Server.java:doStart(399)) - Started @171604ms
2020-06-27 08:19:32,685 [Listener at 127.0.0.1/34065] WARN  impl.MetricsSystemImpl (MetricsSystemImpl.java:register(276)) - Sink prometheus already exists!
2020-06-27 08:19:32,688 [Listener at 127.0.0.1/34065] INFO  http.BaseHttpServer (BaseHttpServer.java:updateConnectorAddress(327)) - HTTP server of hddsDatanode listening at http://0.0.0.0:39071
2020-06-27 08:19:32,688 [Listener at 127.0.0.1/34065] INFO  impl.MetricsSystemImpl (MetricsSystemImpl.java:init(158)) - HddsDatanode metrics system started (again)
2020-06-27 08:19:32,690 [Listener at 127.0.0.1/34065] INFO  ozone.HddsDatanodeService (HddsDatanodeService.java:start(197)) - HddsDatanodeService host:23863634748d ip:172.17.0.2
2020-06-27 08:19:32,691 [org.apache.hadoop.util.JvmPauseMonitor$Monitor@7f4180d2] INFO  util.JvmPauseMonitor (JvmPauseMonitor.java:run(188)) - Starting JVM pause monitor
2020-06-27 08:19:32,692 [Datanode State Machine Thread - 0] INFO  datanode.InitDatanodeState (InitDatanodeState.java:persistContainerDatanodeDetails(145)) - DatanodeDetails is persisted to /github/workspace/mnt/ozone/hadoop-ozone/integration-test/target/test-dir/MiniOzoneClusterImpl-1d3054ed-691e-4733-a773-d2ff76104d42/datanode-4/meta/datanode.id
2020-06-27 08:19:32,692 [Listener at 127.0.0.1/34065] INFO  volume.HddsVolume (HddsVolume.java:<init>(176)) - Creating Volume: /github/workspace/mnt/ozone/hadoop-ozone/integration-test/target/test-dir/MiniOzoneClusterImpl-1d3054ed-691e-4733-a773-d2ff76104d42/datanode-5/data-0/containers/hdds of storage type : DISK and capacity : 9223372036854775807
2020-06-27 08:19:32,692 [Listener at 127.0.0.1/34065] INFO  volume.MutableVolumeSet (MutableVolumeSet.java:initializeVolumeSet(181)) - Added Volume : /github/workspace/mnt/ozone/hadoop-ozone/integration-test/target/test-dir/MiniOzoneClusterImpl-1d3054ed-691e-4733-a773-d2ff76104d42/datanode-5/data-0/containers/hdds to VolumeSet
2020-06-27 08:19:32,692 [Listener at 127.0.0.1/34065] INFO  volume.ThrottledAsyncChecker (ThrottledAsyncChecker.java:schedule(141)) - Scheduling a check for /github/workspace/mnt/ozone/hadoop-ozone/integration-test/target/test-dir/MiniOzoneClusterImpl-1d3054ed-691e-4733-a773-d2ff76104d42/datanode-5/data-0/containers/hdds
2020-06-27 08:19:32,693 [Listener at 127.0.0.1/34065] INFO  volume.HddsVolumeChecker (HddsVolumeChecker.java:checkAllVolumes(200)) - Scheduled health check for volume /github/workspace/mnt/ozone/hadoop-ozone/integration-test/target/test-dir/MiniOzoneClusterImpl-1d3054ed-691e-4733-a773-d2ff76104d42/datanode-5/data-0/containers/hdds
2020-06-27 08:19:32,754 [Listener at 127.0.0.1/34065] INFO  impl.RaftServerProxy (ConfUtils.java:logGet(44)) - raft.rpc.type = GRPC (default)
2020-06-27 08:19:32,755 [Listener at 127.0.0.1/34065] INFO  grpc.GrpcFactory (GrpcFactory.java:checkPooledByteBufAllocatorUseCacheForAllThreads(45)) - PERFORMANCE WARNING: useCacheForAllThreads is true that may cause Netty to create a lot garbage objects and, as a result, trigger GC.
	It is recommended to disable useCacheForAllThreads by setting -Dorg.apache.ratis.thirdparty.io.netty.allocator.useCacheForAllThreads=false in command line.
2020-06-27 08:19:32,755 [Listener at 127.0.0.1/34065] INFO  grpc.GrpcConfigKeys (ConfUtils.java:logGet(44)) - raft.grpc.server.port = 0 (default)
2020-06-27 08:19:32,755 [Listener at 127.0.0.1/34065] INFO  server.GrpcService (ConfUtils.java:logGet(44)) - raft.grpc.message.size.max = 32MB (=33554432) (custom)
2020-06-27 08:19:32,755 [Listener at 127.0.0.1/34065] INFO  server.RaftServerConfigKeys (ConfUtils.java:logGet(44)) - raft.server.log.appender.buffer.byte-limit = 33554432 (custom)
2020-06-27 08:19:32,755 [Listener at 127.0.0.1/34065] INFO  server.GrpcService (ConfUtils.java:logGet(44)) - raft.grpc.flow.control.window = 5MB (=5242880) (custom)
2020-06-27 08:19:32,755 [Listener at 127.0.0.1/34065] INFO  server.RaftServerConfigKeys (ConfUtils.java:logGet(44)) - raft.server.rpc.request.timeout = 3s (default)
2020-06-27 08:19:32,756 [Listener at 127.0.0.1/34065] INFO  server.RaftServerConfigKeys (ConfUtils.java:logGet(44)) - raft.server.storage.dir = [/github/workspace/mnt/ozone/hadoop-ozone/integration-test/target/test-dir/MiniOzoneClusterImpl-1d3054ed-691e-4733-a773-d2ff76104d42/datanode-5/data/ratis] (custom)
2020-06-27 08:19:32,760 [Listener at 127.0.0.1/34065] INFO  http.BaseHttpServer (BaseHttpServer.java:newHttpServer2BuilderForOzone(207)) - Starting Web-server for hddsDatanode at: http://0.0.0.0:0
2020-06-27 08:19:32,760 [Listener at 127.0.0.1/34065] INFO  http.BaseHttpServer (BaseHttpServer.java:<init>(106)) - Hadoop Security Enabled: false Ozone Security Enabled: false Ozone HTTP Security Enabled: false 
2020-06-27 08:19:32,761 [Listener at 127.0.0.1/34065] INFO  server.AuthenticationFilter (AuthenticationFilter.java:constructSecretProvider(240)) - Unable to initialize FileSignerSecretProvider, falling back to use random secrets.
2020-06-27 08:19:32,761 [Listener at 127.0.0.1/34065] WARN  http.HttpRequestLog (HttpRequestLog.java:getRequestLog(103)) - Jetty request log can only be enabled using Log4j
2020-06-27 08:19:32,762 [Listener at 127.0.0.1/34065] INFO  http.HttpServer2 (HttpServer2.java:addGlobalFilter(997)) - Added global filter 'safety' (class=org.apache.hadoop.hdds.server.http.HttpServer2$QuotingInputFilter)
2020-06-27 08:19:32,762 [Listener at 127.0.0.1/34065] INFO  http.HttpServer2 (HttpServer2.java:addFilter(973)) - Added filter static_user_filter (class=org.apache.hadoop.http.lib.StaticUserWebFilter$StaticUserFilter) to context hddsDatanode
2020-06-27 08:19:32,763 [Listener at 127.0.0.1/34065] INFO  http.HttpServer2 (HttpServer2.java:addFilter(981)) - Added filter static_user_filter (class=org.apache.hadoop.http.lib.StaticUserWebFilter$StaticUserFilter) to context static
2020-06-27 08:19:32,763 [Listener at 127.0.0.1/34065] INFO  http.HttpServer2 (HttpServer2.java:addFilter(981)) - Added filter static_user_filter (class=org.apache.hadoop.http.lib.StaticUserWebFilter$StaticUserFilter) to context logs
2020-06-27 08:19:32,763 [Listener at 127.0.0.1/34065] INFO  http.HttpServer2 (HttpServer2.java:bindListener(1215)) - Jetty bound to port 43967
2020-06-27 08:19:32,763 [Listener at 127.0.0.1/34065] INFO  server.Server (Server.java:doStart(359)) - jetty-9.4.26.v20200117; built: 2020-01-17T12:35:33.676Z; git: 7b38981d25d14afb4a12ff1f2596756144edf695; jvm 1.8.0_232-b09
2020-06-27 08:19:32,769 [Listener at 127.0.0.1/34065] INFO  server.session (DefaultSessionIdManager.java:doStart(333)) - DefaultSessionIdManager workerName=node0
2020-06-27 08:19:32,769 [Listener at 127.0.0.1/34065] INFO  server.session (DefaultSessionIdManager.java:doStart(338)) - No SessionScavenger set, using defaults
2020-06-27 08:19:32,769 [Listener at 127.0.0.1/34065] INFO  server.session (HouseKeeper.java:startScavenging(140)) - node0 Scavenging every 600000ms
2020-06-27 08:19:32,769 [Listener at 127.0.0.1/34065] INFO  handler.ContextHandler (ContextHandler.java:doStart(825)) - Started o.e.j.s.ServletContextHandler@1d1071bb{logs,/logs,file:///github/workspace/mnt/ozone/hadoop-ozone/integration-test/target/log,AVAILABLE}
2020-06-27 08:19:32,770 [Listener at 127.0.0.1/34065] INFO  handler.ContextHandler (ContextHandler.java:doStart(825)) - Started o.e.j.s.ServletContextHandler@4a83736a{static,/static,jar:file:/home/user/.m2/repository/org/apache/hadoop/hadoop-hdds-container-service/0.6.0-SNAPSHOT/hadoop-hdds-container-service-0.6.0-SNAPSHOT.jar!/webapps/static,AVAILABLE}
2020-06-27 08:19:32,790 [Listener at 127.0.0.1/34065] INFO  handler.ContextHandler (ContextHandler.java:doStart(825)) - Started o.e.j.w.WebAppContext@1a9797f2{hddsDatanode,/,file:///tmp/jetty-0_0_0_0-43967-hadoop-hdds-container-service-0_6_0-SNAPSHOT_jar-_-any-6936003510055606430.dir/webapp/,AVAILABLE}{jar:file:/home/user/.m2/repository/org/apache/hadoop/hadoop-hdds-container-service/0.6.0-SNAPSHOT/hadoop-hdds-container-service-0.6.0-SNAPSHOT.jar!/webapps/hddsDatanode}
2020-06-27 08:19:32,792 [Listener at 127.0.0.1/34065] INFO  server.AbstractConnector (AbstractConnector.java:doStart(330)) - Started ServerConnector@399ebdee{HTTP/1.1,[http/1.1]}{0.0.0.0:43967}
2020-06-27 08:19:32,793 [Listener at 127.0.0.1/34065] INFO  server.Server (Server.java:doStart(399)) - Started @171711ms
2020-06-27 08:19:32,793 [Listener at 127.0.0.1/34065] WARN  impl.MetricsSystemImpl (MetricsSystemImpl.java:register(276)) - Sink prometheus already exists!
2020-06-27 08:19:32,796 [Listener at 127.0.0.1/34065] INFO  http.BaseHttpServer (BaseHttpServer.java:updateConnectorAddress(327)) - HTTP server of hddsDatanode listening at http://0.0.0.0:43967
2020-06-27 08:19:32,796 [Listener at 127.0.0.1/34065] INFO  impl.MetricsSystemImpl (MetricsSystemImpl.java:init(158)) - HddsDatanode metrics system started (again)
2020-06-27 08:19:32,798 [Listener at 127.0.0.1/34065] INFO  ozone.HddsDatanodeService (HddsDatanodeService.java:start(197)) - HddsDatanodeService host:23863634748d ip:172.17.0.2
2020-06-27 08:19:32,798 [org.apache.hadoop.util.JvmPauseMonitor$Monitor@56856040] INFO  util.JvmPauseMonitor (JvmPauseMonitor.java:run(188)) - Starting JVM pause monitor
2020-06-27 08:19:32,799 [Datanode State Machine Thread - 0] INFO  datanode.InitDatanodeState (InitDatanodeState.java:persistContainerDatanodeDetails(145)) - DatanodeDetails is persisted to /github/workspace/mnt/ozone/hadoop-ozone/integration-test/target/test-dir/MiniOzoneClusterImpl-1d3054ed-691e-4733-a773-d2ff76104d42/datanode-5/meta/datanode.id
2020-06-27 08:19:32,799 [Listener at 127.0.0.1/34065] INFO  volume.HddsVolume (HddsVolume.java:<init>(176)) - Creating Volume: /github/workspace/mnt/ozone/hadoop-ozone/integration-test/target/test-dir/MiniOzoneClusterImpl-1d3054ed-691e-4733-a773-d2ff76104d42/datanode-6/data-0/containers/hdds of storage type : DISK and capacity : 9223372036854775807
2020-06-27 08:19:32,799 [Listener at 127.0.0.1/34065] INFO  volume.MutableVolumeSet (MutableVolumeSet.java:initializeVolumeSet(181)) - Added Volume : /github/workspace/mnt/ozone/hadoop-ozone/integration-test/target/test-dir/MiniOzoneClusterImpl-1d3054ed-691e-4733-a773-d2ff76104d42/datanode-6/data-0/containers/hdds to VolumeSet
2020-06-27 08:19:32,800 [Listener at 127.0.0.1/34065] INFO  volume.ThrottledAsyncChecker (ThrottledAsyncChecker.java:schedule(141)) - Scheduling a check for /github/workspace/mnt/ozone/hadoop-ozone/integration-test/target/test-dir/MiniOzoneClusterImpl-1d3054ed-691e-4733-a773-d2ff76104d42/datanode-6/data-0/containers/hdds
2020-06-27 08:19:32,800 [Listener at 127.0.0.1/34065] INFO  volume.HddsVolumeChecker (HddsVolumeChecker.java:checkAllVolumes(200)) - Scheduled health check for volume /github/workspace/mnt/ozone/hadoop-ozone/integration-test/target/test-dir/MiniOzoneClusterImpl-1d3054ed-691e-4733-a773-d2ff76104d42/datanode-6/data-0/containers/hdds
2020-06-27 08:19:32,814 [Listener at 127.0.0.1/34065] INFO  impl.RaftServerProxy (ConfUtils.java:logGet(44)) - raft.rpc.type = GRPC (default)
2020-06-27 08:19:32,814 [Listener at 127.0.0.1/34065] INFO  grpc.GrpcFactory (GrpcFactory.java:checkPooledByteBufAllocatorUseCacheForAllThreads(45)) - PERFORMANCE WARNING: useCacheForAllThreads is true that may cause Netty to create a lot garbage objects and, as a result, trigger GC.
	It is recommended to disable useCacheForAllThreads by setting -Dorg.apache.ratis.thirdparty.io.netty.allocator.useCacheForAllThreads=false in command line.
2020-06-27 08:19:32,814 [Listener at 127.0.0.1/34065] INFO  grpc.GrpcConfigKeys (ConfUtils.java:logGet(44)) - raft.grpc.server.port = 0 (default)
2020-06-27 08:19:32,814 [Listener at 127.0.0.1/34065] INFO  server.GrpcService (ConfUtils.java:logGet(44)) - raft.grpc.message.size.max = 32MB (=33554432) (custom)
2020-06-27 08:19:32,814 [Listener at 127.0.0.1/34065] INFO  server.RaftServerConfigKeys (ConfUtils.java:logGet(44)) - raft.server.log.appender.buffer.byte-limit = 33554432 (custom)
2020-06-27 08:19:32,814 [Listener at 127.0.0.1/34065] INFO  server.GrpcService (ConfUtils.java:logGet(44)) - raft.grpc.flow.control.window = 5MB (=5242880) (custom)
2020-06-27 08:19:32,815 [Listener at 127.0.0.1/34065] INFO  server.RaftServerConfigKeys (ConfUtils.java:logGet(44)) - raft.server.rpc.request.timeout = 3s (default)
2020-06-27 08:19:32,815 [Listener at 127.0.0.1/34065] INFO  server.RaftServerConfigKeys (ConfUtils.java:logGet(44)) - raft.server.storage.dir = [/github/workspace/mnt/ozone/hadoop-ozone/integration-test/target/test-dir/MiniOzoneClusterImpl-1d3054ed-691e-4733-a773-d2ff76104d42/datanode-6/data/ratis] (custom)
2020-06-27 08:19:32,819 [Listener at 127.0.0.1/34065] INFO  http.BaseHttpServer (BaseHttpServer.java:newHttpServer2BuilderForOzone(207)) - Starting Web-server for hddsDatanode at: http://0.0.0.0:0
2020-06-27 08:19:32,819 [Listener at 127.0.0.1/34065] INFO  http.BaseHttpServer (BaseHttpServer.java:<init>(106)) - Hadoop Security Enabled: false Ozone Security Enabled: false Ozone HTTP Security Enabled: false 
2020-06-27 08:19:32,822 [Listener at 127.0.0.1/34065] INFO  server.AuthenticationFilter (AuthenticationFilter.java:constructSecretProvider(240)) - Unable to initialize FileSignerSecretProvider, falling back to use random secrets.
2020-06-27 08:19:32,822 [Listener at 127.0.0.1/34065] WARN  http.HttpRequestLog (HttpRequestLog.java:getRequestLog(103)) - Jetty request log can only be enabled using Log4j
2020-06-27 08:19:32,823 [Listener at 127.0.0.1/34065] INFO  http.HttpServer2 (HttpServer2.java:addGlobalFilter(997)) - Added global filter 'safety' (class=org.apache.hadoop.hdds.server.http.HttpServer2$QuotingInputFilter)
2020-06-27 08:19:32,823 [Listener at 127.0.0.1/34065] INFO  http.HttpServer2 (HttpServer2.java:addFilter(973)) - Added filter static_user_filter (class=org.apache.hadoop.http.lib.StaticUserWebFilter$StaticUserFilter) to context hddsDatanode
2020-06-27 08:19:32,823 [Listener at 127.0.0.1/34065] INFO  http.HttpServer2 (HttpServer2.java:addFilter(981)) - Added filter static_user_filter (class=org.apache.hadoop.http.lib.StaticUserWebFilter$StaticUserFilter) to context logs
2020-06-27 08:19:32,823 [Listener at 127.0.0.1/34065] INFO  http.HttpServer2 (HttpServer2.java:addFilter(981)) - Added filter static_user_filter (class=org.apache.hadoop.http.lib.StaticUserWebFilter$StaticUserFilter) to context static
2020-06-27 08:19:32,823 [Listener at 127.0.0.1/34065] INFO  http.HttpServer2 (HttpServer2.java:bindListener(1215)) - Jetty bound to port 43129
2020-06-27 08:19:32,824 [Listener at 127.0.0.1/34065] INFO  server.Server (Server.java:doStart(359)) - jetty-9.4.26.v20200117; built: 2020-01-17T12:35:33.676Z; git: 7b38981d25d14afb4a12ff1f2596756144edf695; jvm 1.8.0_232-b09
2020-06-27 08:19:32,825 [Listener at 127.0.0.1/34065] INFO  server.session (DefaultSessionIdManager.java:doStart(333)) - DefaultSessionIdManager workerName=node0
2020-06-27 08:19:32,825 [Listener at 127.0.0.1/34065] INFO  server.session (DefaultSessionIdManager.java:doStart(338)) - No SessionScavenger set, using defaults
2020-06-27 08:19:32,825 [Listener at 127.0.0.1/34065] INFO  server.session (HouseKeeper.java:startScavenging(140)) - node0 Scavenging every 600000ms
2020-06-27 08:19:32,826 [Listener at 127.0.0.1/34065] INFO  handler.ContextHandler (ContextHandler.java:doStart(825)) - Started o.e.j.s.ServletContextHandler@4d026a3a{logs,/logs,file:///github/workspace/mnt/ozone/hadoop-ozone/integration-test/target/log,AVAILABLE}
2020-06-27 08:19:32,826 [Listener at 127.0.0.1/34065] INFO  handler.ContextHandler (ContextHandler.java:doStart(825)) - Started o.e.j.s.ServletContextHandler@5cacf095{static,/static,jar:file:/home/user/.m2/repository/org/apache/hadoop/hadoop-hdds-container-service/0.6.0-SNAPSHOT/hadoop-hdds-container-service-0.6.0-SNAPSHOT.jar!/webapps/static,AVAILABLE}
2020-06-27 08:19:32,841 [Listener at 127.0.0.1/34065] INFO  handler.ContextHandler (ContextHandler.java:doStart(825)) - Started o.e.j.w.WebAppContext@676bccaa{hddsDatanode,/,file:///tmp/jetty-0_0_0_0-43129-hadoop-hdds-container-service-0_6_0-SNAPSHOT_jar-_-any-396674310466656655.dir/webapp/,AVAILABLE}{jar:file:/home/user/.m2/repository/org/apache/hadoop/hadoop-hdds-container-service/0.6.0-SNAPSHOT/hadoop-hdds-container-service-0.6.0-SNAPSHOT.jar!/webapps/hddsDatanode}
2020-06-27 08:19:32,842 [Listener at 127.0.0.1/34065] INFO  server.AbstractConnector (AbstractConnector.java:doStart(330)) - Started ServerConnector@13d305e4{HTTP/1.1,[http/1.1]}{0.0.0.0:43129}
2020-06-27 08:19:32,843 [Listener at 127.0.0.1/34065] INFO  server.Server (Server.java:doStart(399)) - Started @171761ms
2020-06-27 08:19:32,843 [Listener at 127.0.0.1/34065] WARN  impl.MetricsSystemImpl (MetricsSystemImpl.java:register(276)) - Sink prometheus already exists!
2020-06-27 08:19:32,847 [Listener at 127.0.0.1/34065] INFO  http.BaseHttpServer (BaseHttpServer.java:updateConnectorAddress(327)) - HTTP server of hddsDatanode listening at http://0.0.0.0:43129
2020-06-27 08:19:32,847 [Listener at 127.0.0.1/34065] INFO  impl.MetricsSystemImpl (MetricsSystemImpl.java:init(158)) - HddsDatanode metrics system started (again)
2020-06-27 08:19:32,849 [Listener at 127.0.0.1/34065] INFO  ozone.HddsDatanodeService (HddsDatanodeService.java:start(197)) - HddsDatanodeService host:23863634748d ip:172.17.0.2
2020-06-27 08:19:32,849 [org.apache.hadoop.util.JvmPauseMonitor$Monitor@6c8f0be] INFO  util.JvmPauseMonitor (JvmPauseMonitor.java:run(188)) - Starting JVM pause monitor
2020-06-27 08:19:32,850 [Listener at 127.0.0.1/34065] INFO  volume.HddsVolume (HddsVolume.java:<init>(176)) - Creating Volume: /github/workspace/mnt/ozone/hadoop-ozone/integration-test/target/test-dir/MiniOzoneClusterImpl-1d3054ed-691e-4733-a773-d2ff76104d42/datanode-7/data-0/containers/hdds of storage type : DISK and capacity : 9223372036854775807
2020-06-27 08:19:32,850 [Listener at 127.0.0.1/34065] INFO  volume.MutableVolumeSet (MutableVolumeSet.java:initializeVolumeSet(181)) - Added Volume : /github/workspace/mnt/ozone/hadoop-ozone/integration-test/target/test-dir/MiniOzoneClusterImpl-1d3054ed-691e-4733-a773-d2ff76104d42/datanode-7/data-0/containers/hdds to VolumeSet
2020-06-27 08:19:32,850 [Datanode State Machine Thread - 0] INFO  datanode.InitDatanodeState (InitDatanodeState.java:persistContainerDatanodeDetails(145)) - DatanodeDetails is persisted to /github/workspace/mnt/ozone/hadoop-ozone/integration-test/target/test-dir/MiniOzoneClusterImpl-1d3054ed-691e-4733-a773-d2ff76104d42/datanode-6/meta/datanode.id
2020-06-27 08:19:32,850 [Listener at 127.0.0.1/34065] INFO  volume.ThrottledAsyncChecker (ThrottledAsyncChecker.java:schedule(141)) - Scheduling a check for /github/workspace/mnt/ozone/hadoop-ozone/integration-test/target/test-dir/MiniOzoneClusterImpl-1d3054ed-691e-4733-a773-d2ff76104d42/datanode-7/data-0/containers/hdds
2020-06-27 08:19:32,850 [Listener at 127.0.0.1/34065] INFO  volume.HddsVolumeChecker (HddsVolumeChecker.java:checkAllVolumes(200)) - Scheduled health check for volume /github/workspace/mnt/ozone/hadoop-ozone/integration-test/target/test-dir/MiniOzoneClusterImpl-1d3054ed-691e-4733-a773-d2ff76104d42/datanode-7/data-0/containers/hdds
2020-06-27 08:19:32,864 [Listener at 127.0.0.1/34065] INFO  impl.RaftServerProxy (ConfUtils.java:logGet(44)) - raft.rpc.type = GRPC (default)
2020-06-27 08:19:32,865 [Listener at 127.0.0.1/34065] INFO  grpc.GrpcFactory (GrpcFactory.java:checkPooledByteBufAllocatorUseCacheForAllThreads(45)) - PERFORMANCE WARNING: useCacheForAllThreads is true that may cause Netty to create a lot garbage objects and, as a result, trigger GC.
	It is recommended to disable useCacheForAllThreads by setting -Dorg.apache.ratis.thirdparty.io.netty.allocator.useCacheForAllThreads=false in command line.
2020-06-27 08:19:32,865 [Listener at 127.0.0.1/34065] INFO  grpc.GrpcConfigKeys (ConfUtils.java:logGet(44)) - raft.grpc.server.port = 0 (default)
2020-06-27 08:19:32,865 [Listener at 127.0.0.1/34065] INFO  server.GrpcService (ConfUtils.java:logGet(44)) - raft.grpc.message.size.max = 32MB (=33554432) (custom)
2020-06-27 08:19:32,865 [Listener at 127.0.0.1/34065] INFO  server.RaftServerConfigKeys (ConfUtils.java:logGet(44)) - raft.server.log.appender.buffer.byte-limit = 33554432 (custom)
2020-06-27 08:19:32,865 [Listener at 127.0.0.1/34065] INFO  server.GrpcService (ConfUtils.java:logGet(44)) - raft.grpc.flow.control.window = 5MB (=5242880) (custom)
2020-06-27 08:19:32,865 [Listener at 127.0.0.1/34065] INFO  server.RaftServerConfigKeys (ConfUtils.java:logGet(44)) - raft.server.rpc.request.timeout = 3s (default)
2020-06-27 08:19:32,866 [Listener at 127.0.0.1/34065] INFO  server.RaftServerConfigKeys (ConfUtils.java:logGet(44)) - raft.server.storage.dir = [/github/workspace/mnt/ozone/hadoop-ozone/integration-test/target/test-dir/MiniOzoneClusterImpl-1d3054ed-691e-4733-a773-d2ff76104d42/datanode-7/data/ratis] (custom)
2020-06-27 08:19:32,869 [Listener at 127.0.0.1/34065] INFO  http.BaseHttpServer (BaseHttpServer.java:newHttpServer2BuilderForOzone(207)) - Starting Web-server for hddsDatanode at: http://0.0.0.0:0
2020-06-27 08:19:32,870 [Listener at 127.0.0.1/34065] INFO  http.BaseHttpServer (BaseHttpServer.java:<init>(106)) - Hadoop Security Enabled: false Ozone Security Enabled: false Ozone HTTP Security Enabled: false 
2020-06-27 08:19:32,870 [Listener at 127.0.0.1/34065] INFO  server.AuthenticationFilter (AuthenticationFilter.java:constructSecretProvider(240)) - Unable to initialize FileSignerSecretProvider, falling back to use random secrets.
2020-06-27 08:19:32,871 [Listener at 127.0.0.1/34065] WARN  http.HttpRequestLog (HttpRequestLog.java:getRequestLog(103)) - Jetty request log can only be enabled using Log4j
2020-06-27 08:19:32,871 [Listener at 127.0.0.1/34065] INFO  http.HttpServer2 (HttpServer2.java:addGlobalFilter(997)) - Added global filter 'safety' (class=org.apache.hadoop.hdds.server.http.HttpServer2$QuotingInputFilter)
2020-06-27 08:19:32,872 [Listener at 127.0.0.1/34065] INFO  http.HttpServer2 (HttpServer2.java:addFilter(973)) - Added filter static_user_filter (class=org.apache.hadoop.http.lib.StaticUserWebFilter$StaticUserFilter) to context hddsDatanode
2020-06-27 08:19:32,872 [Listener at 127.0.0.1/34065] INFO  http.HttpServer2 (HttpServer2.java:addFilter(981)) - Added filter static_user_filter (class=org.apache.hadoop.http.lib.StaticUserWebFilter$StaticUserFilter) to context logs
2020-06-27 08:19:32,872 [Listener at 127.0.0.1/34065] INFO  http.HttpServer2 (HttpServer2.java:addFilter(981)) - Added filter static_user_filter (class=org.apache.hadoop.http.lib.StaticUserWebFilter$StaticUserFilter) to context static
2020-06-27 08:19:32,873 [Listener at 127.0.0.1/34065] INFO  http.HttpServer2 (HttpServer2.java:bindListener(1215)) - Jetty bound to port 46261
2020-06-27 08:19:32,873 [Listener at 127.0.0.1/34065] INFO  server.Server (Server.java:doStart(359)) - jetty-9.4.26.v20200117; built: 2020-01-17T12:35:33.676Z; git: 7b38981d25d14afb4a12ff1f2596756144edf695; jvm 1.8.0_232-b09
2020-06-27 08:19:32,874 [Listener at 127.0.0.1/34065] INFO  server.session (DefaultSessionIdManager.java:doStart(333)) - DefaultSessionIdManager workerName=node0
2020-06-27 08:19:32,874 [Listener at 127.0.0.1/34065] INFO  server.session (DefaultSessionIdManager.java:doStart(338)) - No SessionScavenger set, using defaults
2020-06-27 08:19:32,874 [Listener at 127.0.0.1/34065] INFO  server.session (HouseKeeper.java:startScavenging(140)) - node0 Scavenging every 660000ms
2020-06-27 08:19:32,875 [Listener at 127.0.0.1/34065] INFO  handler.ContextHandler (ContextHandler.java:doStart(825)) - Started o.e.j.s.ServletContextHandler@6bc8ce0c{logs,/logs,file:///github/workspace/mnt/ozone/hadoop-ozone/integration-test/target/log,AVAILABLE}
2020-06-27 08:19:32,876 [Listener at 127.0.0.1/34065] INFO  handler.ContextHandler (ContextHandler.java:doStart(825)) - Started o.e.j.s.ServletContextHandler@7da48c4c{static,/static,jar:file:/home/user/.m2/repository/org/apache/hadoop/hadoop-hdds-container-service/0.6.0-SNAPSHOT/hadoop-hdds-container-service-0.6.0-SNAPSHOT.jar!/webapps/static,AVAILABLE}
2020-06-27 08:19:32,891 [Listener at 127.0.0.1/34065] INFO  handler.ContextHandler (ContextHandler.java:doStart(825)) - Started o.e.j.w.WebAppContext@5c781425{hddsDatanode,/,file:///tmp/jetty-0_0_0_0-46261-hadoop-hdds-container-service-0_6_0-SNAPSHOT_jar-_-any-5834334397590165194.dir/webapp/,AVAILABLE}{jar:file:/home/user/.m2/repository/org/apache/hadoop/hadoop-hdds-container-service/0.6.0-SNAPSHOT/hadoop-hdds-container-service-0.6.0-SNAPSHOT.jar!/webapps/hddsDatanode}
2020-06-27 08:19:32,892 [Listener at 127.0.0.1/34065] INFO  server.AbstractConnector (AbstractConnector.java:doStart(330)) - Started ServerConnector@2ff19416{HTTP/1.1,[http/1.1]}{0.0.0.0:46261}
2020-06-27 08:19:32,893 [Listener at 127.0.0.1/34065] INFO  server.Server (Server.java:doStart(399)) - Started @171811ms
2020-06-27 08:19:32,893 [Listener at 127.0.0.1/34065] WARN  impl.MetricsSystemImpl (MetricsSystemImpl.java:register(276)) - Sink prometheus already exists!
2020-06-27 08:19:32,895 [Listener at 127.0.0.1/34065] INFO  http.BaseHttpServer (BaseHttpServer.java:updateConnectorAddress(327)) - HTTP server of hddsDatanode listening at http://0.0.0.0:46261
2020-06-27 08:19:32,896 [Listener at 127.0.0.1/34065] INFO  impl.MetricsSystemImpl (MetricsSystemImpl.java:init(158)) - HddsDatanode metrics system started (again)
2020-06-27 08:19:32,897 [Listener at 127.0.0.1/34065] INFO  ozone.HddsDatanodeService (HddsDatanodeService.java:start(197)) - HddsDatanodeService host:23863634748d ip:172.17.0.2
2020-06-27 08:19:32,900 [Listener at 127.0.0.1/34065] INFO  volume.HddsVolume (HddsVolume.java:<init>(176)) - Creating Volume: /github/workspace/mnt/ozone/hadoop-ozone/integration-test/target/test-dir/MiniOzoneClusterImpl-1d3054ed-691e-4733-a773-d2ff76104d42/datanode-8/data-0/containers/hdds of storage type : DISK and capacity : 9223372036854775807
2020-06-27 08:19:32,900 [Listener at 127.0.0.1/34065] INFO  volume.MutableVolumeSet (MutableVolumeSet.java:initializeVolumeSet(181)) - Added Volume : /github/workspace/mnt/ozone/hadoop-ozone/integration-test/target/test-dir/MiniOzoneClusterImpl-1d3054ed-691e-4733-a773-d2ff76104d42/datanode-8/data-0/containers/hdds to VolumeSet
2020-06-27 08:19:32,900 [Listener at 127.0.0.1/34065] INFO  volume.ThrottledAsyncChecker (ThrottledAsyncChecker.java:schedule(141)) - Scheduling a check for /github/workspace/mnt/ozone/hadoop-ozone/integration-test/target/test-dir/MiniOzoneClusterImpl-1d3054ed-691e-4733-a773-d2ff76104d42/datanode-8/data-0/containers/hdds
2020-06-27 08:19:32,901 [Listener at 127.0.0.1/34065] INFO  volume.HddsVolumeChecker (HddsVolumeChecker.java:checkAllVolumes(200)) - Scheduled health check for volume /github/workspace/mnt/ozone/hadoop-ozone/integration-test/target/test-dir/MiniOzoneClusterImpl-1d3054ed-691e-4733-a773-d2ff76104d42/datanode-8/data-0/containers/hdds
2020-06-27 08:19:32,912 [org.apache.hadoop.util.JvmPauseMonitor$Monitor@464c7b91] INFO  util.JvmPauseMonitor (JvmPauseMonitor.java:run(188)) - Starting JVM pause monitor
2020-06-27 08:19:32,913 [Datanode State Machine Thread - 0] INFO  datanode.InitDatanodeState (InitDatanodeState.java:persistContainerDatanodeDetails(145)) - DatanodeDetails is persisted to /github/workspace/mnt/ozone/hadoop-ozone/integration-test/target/test-dir/MiniOzoneClusterImpl-1d3054ed-691e-4733-a773-d2ff76104d42/datanode-7/meta/datanode.id
2020-06-27 08:19:32,915 [Listener at 127.0.0.1/34065] INFO  impl.RaftServerProxy (ConfUtils.java:logGet(44)) - raft.rpc.type = GRPC (default)
2020-06-27 08:19:32,915 [Listener at 127.0.0.1/34065] INFO  grpc.GrpcFactory (GrpcFactory.java:checkPooledByteBufAllocatorUseCacheForAllThreads(45)) - PERFORMANCE WARNING: useCacheForAllThreads is true that may cause Netty to create a lot garbage objects and, as a result, trigger GC.
	It is recommended to disable useCacheForAllThreads by setting -Dorg.apache.ratis.thirdparty.io.netty.allocator.useCacheForAllThreads=false in command line.
2020-06-27 08:19:32,915 [Listener at 127.0.0.1/34065] INFO  grpc.GrpcConfigKeys (ConfUtils.java:logGet(44)) - raft.grpc.server.port = 0 (default)
2020-06-27 08:19:32,915 [Listener at 127.0.0.1/34065] INFO  server.GrpcService (ConfUtils.java:logGet(44)) - raft.grpc.message.size.max = 32MB (=33554432) (custom)
2020-06-27 08:19:32,915 [Listener at 127.0.0.1/34065] INFO  server.RaftServerConfigKeys (ConfUtils.java:logGet(44)) - raft.server.log.appender.buffer.byte-limit = 33554432 (custom)
2020-06-27 08:19:32,915 [Listener at 127.0.0.1/34065] INFO  server.GrpcService (ConfUtils.java:logGet(44)) - raft.grpc.flow.control.window = 5MB (=5242880) (custom)
2020-06-27 08:19:32,915 [Listener at 127.0.0.1/34065] INFO  server.RaftServerConfigKeys (ConfUtils.java:logGet(44)) - raft.server.rpc.request.timeout = 3s (default)
2020-06-27 08:19:32,916 [Listener at 127.0.0.1/34065] INFO  server.RaftServerConfigKeys (ConfUtils.java:logGet(44)) - raft.server.storage.dir = [/github/workspace/mnt/ozone/hadoop-ozone/integration-test/target/test-dir/MiniOzoneClusterImpl-1d3054ed-691e-4733-a773-d2ff76104d42/datanode-8/data/ratis] (custom)
2020-06-27 08:19:32,923 [Listener at 127.0.0.1/34065] INFO  http.BaseHttpServer (BaseHttpServer.java:newHttpServer2BuilderForOzone(207)) - Starting Web-server for hddsDatanode at: http://0.0.0.0:0
2020-06-27 08:19:32,923 [Listener at 127.0.0.1/34065] INFO  http.BaseHttpServer (BaseHttpServer.java:<init>(106)) - Hadoop Security Enabled: false Ozone Security Enabled: false Ozone HTTP Security Enabled: false 
2020-06-27 08:19:32,924 [Listener at 127.0.0.1/34065] INFO  server.AuthenticationFilter (AuthenticationFilter.java:constructSecretProvider(240)) - Unable to initialize FileSignerSecretProvider, falling back to use random secrets.
2020-06-27 08:19:32,924 [Listener at 127.0.0.1/34065] WARN  http.HttpRequestLog (HttpRequestLog.java:getRequestLog(103)) - Jetty request log can only be enabled using Log4j
2020-06-27 08:19:32,925 [Listener at 127.0.0.1/34065] INFO  http.HttpServer2 (HttpServer2.java:addGlobalFilter(997)) - Added global filter 'safety' (class=org.apache.hadoop.hdds.server.http.HttpServer2$QuotingInputFilter)
2020-06-27 08:19:32,925 [Listener at 127.0.0.1/34065] INFO  http.HttpServer2 (HttpServer2.java:addFilter(973)) - Added filter static_user_filter (class=org.apache.hadoop.http.lib.StaticUserWebFilter$StaticUserFilter) to context hddsDatanode
2020-06-27 08:19:32,925 [Listener at 127.0.0.1/34065] INFO  http.HttpServer2 (HttpServer2.java:addFilter(981)) - Added filter static_user_filter (class=org.apache.hadoop.http.lib.StaticUserWebFilter$StaticUserFilter) to context logs
2020-06-27 08:19:32,925 [Listener at 127.0.0.1/34065] INFO  http.HttpServer2 (HttpServer2.java:addFilter(981)) - Added filter static_user_filter (class=org.apache.hadoop.http.lib.StaticUserWebFilter$StaticUserFilter) to context static
2020-06-27 08:19:32,926 [Listener at 127.0.0.1/34065] INFO  http.HttpServer2 (HttpServer2.java:bindListener(1215)) - Jetty bound to port 46683
2020-06-27 08:19:32,926 [Listener at 127.0.0.1/34065] INFO  server.Server (Server.java:doStart(359)) - jetty-9.4.26.v20200117; built: 2020-01-17T12:35:33.676Z; git: 7b38981d25d14afb4a12ff1f2596756144edf695; jvm 1.8.0_232-b09
2020-06-27 08:19:32,927 [Listener at 127.0.0.1/34065] INFO  server.session (DefaultSessionIdManager.java:doStart(333)) - DefaultSessionIdManager workerName=node0
2020-06-27 08:19:32,927 [Listener at 127.0.0.1/34065] INFO  server.session (DefaultSessionIdManager.java:doStart(338)) - No SessionScavenger set, using defaults
2020-06-27 08:19:32,927 [Listener at 127.0.0.1/34065] INFO  server.session (HouseKeeper.java:startScavenging(140)) - node0 Scavenging every 600000ms
2020-06-27 08:19:32,928 [Listener at 127.0.0.1/34065] INFO  handler.ContextHandler (ContextHandler.java:doStart(825)) - Started o.e.j.s.ServletContextHandler@7679a54b{logs,/logs,file:///github/workspace/mnt/ozone/hadoop-ozone/integration-test/target/log,AVAILABLE}
2020-06-27 08:19:32,928 [Listener at 127.0.0.1/34065] INFO  handler.ContextHandler (ContextHandler.java:doStart(825)) - Started o.e.j.s.ServletContextHandler@30b3d9ef{static,/static,jar:file:/home/user/.m2/repository/org/apache/hadoop/hadoop-hdds-container-service/0.6.0-SNAPSHOT/hadoop-hdds-container-service-0.6.0-SNAPSHOT.jar!/webapps/static,AVAILABLE}
2020-06-27 08:19:32,943 [Listener at 127.0.0.1/34065] INFO  handler.ContextHandler (ContextHandler.java:doStart(825)) - Started o.e.j.w.WebAppContext@19a13874{hddsDatanode,/,file:///tmp/jetty-0_0_0_0-46683-hadoop-hdds-container-service-0_6_0-SNAPSHOT_jar-_-any-6799461533183080127.dir/webapp/,AVAILABLE}{jar:file:/home/user/.m2/repository/org/apache/hadoop/hadoop-hdds-container-service/0.6.0-SNAPSHOT/hadoop-hdds-container-service-0.6.0-SNAPSHOT.jar!/webapps/hddsDatanode}
2020-06-27 08:19:32,945 [Listener at 127.0.0.1/34065] INFO  server.AbstractConnector (AbstractConnector.java:doStart(330)) - Started ServerConnector@749a3925{HTTP/1.1,[http/1.1]}{0.0.0.0:46683}
2020-06-27 08:19:32,945 [Listener at 127.0.0.1/34065] INFO  server.Server (Server.java:doStart(399)) - Started @171864ms
2020-06-27 08:19:32,945 [Listener at 127.0.0.1/34065] WARN  impl.MetricsSystemImpl (MetricsSystemImpl.java:register(276)) - Sink prometheus already exists!
2020-06-27 08:19:32,948 [Listener at 127.0.0.1/34065] INFO  http.BaseHttpServer (BaseHttpServer.java:updateConnectorAddress(327)) - HTTP server of hddsDatanode listening at http://0.0.0.0:46683
2020-06-27 08:19:32,952 [Listener at 127.0.0.1/34065] INFO  ozone.MiniOzoneClusterImpl (MiniOzoneClusterImpl.java:lambda$waitForClusterToBeReady$0(177)) - Waiting for nodes to be ready. Got 0 of 9 DN Heartbeats.
2020-06-27 08:19:32,952 [Listener at 127.0.0.1/34065] INFO  ozone.MiniOzoneClusterImpl (MiniOzoneClusterImpl.java:lambda$waitForClusterToBeReady$0(180)) - Waiting for cluster to exit safe mode
2020-06-27 08:19:32,956 [org.apache.hadoop.util.JvmPauseMonitor$Monitor@1facfb92] INFO  util.JvmPauseMonitor (JvmPauseMonitor.java:run(188)) - Starting JVM pause monitor
2020-06-27 08:19:32,957 [Datanode State Machine Thread - 0] INFO  datanode.InitDatanodeState (InitDatanodeState.java:persistContainerDatanodeDetails(145)) - DatanodeDetails is persisted to /github/workspace/mnt/ozone/hadoop-ozone/integration-test/target/test-dir/MiniOzoneClusterImpl-1d3054ed-691e-4733-a773-d2ff76104d42/datanode-8/meta/datanode.id
2020-06-27 08:19:33,952 [Listener at 127.0.0.1/34065] INFO  ozone.MiniOzoneClusterImpl (MiniOzoneClusterImpl.java:lambda$waitForClusterToBeReady$0(177)) - Waiting for nodes to be ready. Got 0 of 9 DN Heartbeats.
2020-06-27 08:19:33,952 [Listener at 127.0.0.1/34065] INFO  ozone.MiniOzoneClusterImpl (MiniOzoneClusterImpl.java:lambda$waitForClusterToBeReady$0(180)) - Waiting for cluster to exit safe mode
2020-06-27 08:19:34,470 [Datanode State Machine Thread - 0] INFO  ozoneimpl.OzoneContainer (OzoneContainer.java:start(232)) - Attempting to start container services.
2020-06-27 08:19:34,470 [Datanode State Machine Thread - 0] INFO  ozoneimpl.OzoneContainer (OzoneContainer.java:startContainerScrub(196)) - Background container scanner has been disabled.
2020-06-27 08:19:34,470 [Datanode State Machine Thread - 0] INFO  ratis.XceiverServerRatis (XceiverServerRatis.java:start(425)) - Starting XceiverServerRatis 1678e861-f681-42e2-b20b-e04f00d52311 at port 0
2020-06-27 08:19:34,471 [Datanode State Machine Thread - 0] INFO  impl.RaftServerProxy (RaftServerProxy.java:lambda$start$3(304)) - 1678e861-f681-42e2-b20b-e04f00d52311: start RPC server
2020-06-27 08:19:34,472 [Datanode State Machine Thread - 0] INFO  server.GrpcService (GrpcService.java:startImpl(160)) - 1678e861-f681-42e2-b20b-e04f00d52311: GrpcService started, listening on 0.0.0.0/0.0.0.0:44129
2020-06-27 08:19:34,472 [Datanode State Machine Thread - 0] INFO  ratis.XceiverServerRatis (XceiverServerRatis.java:start(437)) - XceiverServerRatis 1678e861-f681-42e2-b20b-e04f00d52311 is started using port 44129
2020-06-27 08:19:34,474 [Datanode State Machine Thread - 0] INFO  server.XceiverServerGrpc (XceiverServerGrpc.java:start(145)) - XceiverServerGrpc 1678e861-f681-42e2-b20b-e04f00d52311 is started using port 43819
2020-06-27 08:19:34,519 [Datanode State Machine Thread - 0] INFO  ozoneimpl.OzoneContainer (OzoneContainer.java:start(232)) - Attempting to start container services.
2020-06-27 08:19:34,519 [Datanode State Machine Thread - 0] INFO  ozoneimpl.OzoneContainer (OzoneContainer.java:startContainerScrub(196)) - Background container scanner has been disabled.
2020-06-27 08:19:34,519 [Datanode State Machine Thread - 0] INFO  ratis.XceiverServerRatis (XceiverServerRatis.java:start(425)) - Starting XceiverServerRatis 56bfd1ae-fa2f-4839-ba3b-0401545d2b7a at port 0
2020-06-27 08:19:34,520 [Datanode State Machine Thread - 0] INFO  impl.RaftServerProxy (RaftServerProxy.java:lambda$start$3(304)) - 56bfd1ae-fa2f-4839-ba3b-0401545d2b7a: start RPC server
2020-06-27 08:19:34,521 [Datanode State Machine Thread - 0] INFO  server.GrpcService (GrpcService.java:startImpl(160)) - 56bfd1ae-fa2f-4839-ba3b-0401545d2b7a: GrpcService started, listening on 0.0.0.0/0.0.0.0:37091
2020-06-27 08:19:34,521 [Datanode State Machine Thread - 0] INFO  ratis.XceiverServerRatis (XceiverServerRatis.java:start(437)) - XceiverServerRatis 56bfd1ae-fa2f-4839-ba3b-0401545d2b7a is started using port 37091
2020-06-27 08:19:34,521 [Datanode State Machine Thread - 0] INFO  server.XceiverServerGrpc (XceiverServerGrpc.java:start(145)) - XceiverServerGrpc 56bfd1ae-fa2f-4839-ba3b-0401545d2b7a is started using port 33327
2020-06-27 08:19:34,590 [Datanode State Machine Thread - 0] INFO  ozoneimpl.OzoneContainer (OzoneContainer.java:start(232)) - Attempting to start container services.
2020-06-27 08:19:34,590 [Datanode State Machine Thread - 0] INFO  ozoneimpl.OzoneContainer (OzoneContainer.java:startContainerScrub(196)) - Background container scanner has been disabled.
2020-06-27 08:19:34,590 [Datanode State Machine Thread - 0] INFO  ratis.XceiverServerRatis (XceiverServerRatis.java:start(425)) - Starting XceiverServerRatis e3ff1c2c-6f58-4f63-bc65-22c0097003cb at port 0
2020-06-27 08:19:34,591 [Datanode State Machine Thread - 0] INFO  impl.RaftServerProxy (RaftServerProxy.java:lambda$start$3(304)) - e3ff1c2c-6f58-4f63-bc65-22c0097003cb: start RPC server
2020-06-27 08:19:34,592 [Datanode State Machine Thread - 0] INFO  server.GrpcService (GrpcService.java:startImpl(160)) - e3ff1c2c-6f58-4f63-bc65-22c0097003cb: GrpcService started, listening on 0.0.0.0/0.0.0.0:44705
2020-06-27 08:19:34,592 [Datanode State Machine Thread - 0] INFO  ratis.XceiverServerRatis (XceiverServerRatis.java:start(437)) - XceiverServerRatis e3ff1c2c-6f58-4f63-bc65-22c0097003cb is started using port 44705
2020-06-27 08:19:34,592 [Datanode State Machine Thread - 0] INFO  server.XceiverServerGrpc (XceiverServerGrpc.java:start(145)) - XceiverServerGrpc e3ff1c2c-6f58-4f63-bc65-22c0097003cb is started using port 44155
2020-06-27 08:19:34,657 [Datanode State Machine Thread - 0] INFO  ozoneimpl.OzoneContainer (OzoneContainer.java:start(232)) - Attempting to start container services.
2020-06-27 08:19:34,657 [Datanode State Machine Thread - 0] INFO  ozoneimpl.OzoneContainer (OzoneContainer.java:startContainerScrub(196)) - Background container scanner has been disabled.
2020-06-27 08:19:34,657 [Datanode State Machine Thread - 0] INFO  ratis.XceiverServerRatis (XceiverServerRatis.java:start(425)) - Starting XceiverServerRatis bf10b53c-012b-4fa1-b197-82d4c3bdb60c at port 0
2020-06-27 08:19:34,658 [Datanode State Machine Thread - 0] INFO  impl.RaftServerProxy (RaftServerProxy.java:lambda$start$3(304)) - bf10b53c-012b-4fa1-b197-82d4c3bdb60c: start RPC server
2020-06-27 08:19:34,659 [Datanode State Machine Thread - 0] INFO  server.GrpcService (GrpcService.java:startImpl(160)) - bf10b53c-012b-4fa1-b197-82d4c3bdb60c: GrpcService started, listening on 0.0.0.0/0.0.0.0:34043
2020-06-27 08:19:34,659 [Datanode State Machine Thread - 0] INFO  ratis.XceiverServerRatis (XceiverServerRatis.java:start(437)) - XceiverServerRatis bf10b53c-012b-4fa1-b197-82d4c3bdb60c is started using port 34043
2020-06-27 08:19:34,659 [Datanode State Machine Thread - 0] INFO  server.XceiverServerGrpc (XceiverServerGrpc.java:start(145)) - XceiverServerGrpc bf10b53c-012b-4fa1-b197-82d4c3bdb60c is started using port 44739
2020-06-27 08:19:34,693 [Datanode State Machine Thread - 0] INFO  ozoneimpl.OzoneContainer (OzoneContainer.java:start(232)) - Attempting to start container services.
2020-06-27 08:19:34,693 [Datanode State Machine Thread - 0] INFO  ozoneimpl.OzoneContainer (OzoneContainer.java:startContainerScrub(196)) - Background container scanner has been disabled.
2020-06-27 08:19:34,693 [Datanode State Machine Thread - 0] INFO  ratis.XceiverServerRatis (XceiverServerRatis.java:start(425)) - Starting XceiverServerRatis 1cf265a5-6a03-47fd-ad13-ec32897c6af9 at port 0
2020-06-27 08:19:34,694 [Datanode State Machine Thread - 0] INFO  impl.RaftServerProxy (RaftServerProxy.java:lambda$start$3(304)) - 1cf265a5-6a03-47fd-ad13-ec32897c6af9: start RPC server
2020-06-27 08:19:34,695 [Datanode State Machine Thread - 0] INFO  server.GrpcService (GrpcService.java:startImpl(160)) - 1cf265a5-6a03-47fd-ad13-ec32897c6af9: GrpcService started, listening on 0.0.0.0/0.0.0.0:37877
2020-06-27 08:19:34,695 [Datanode State Machine Thread - 0] INFO  ratis.XceiverServerRatis (XceiverServerRatis.java:start(437)) - XceiverServerRatis 1cf265a5-6a03-47fd-ad13-ec32897c6af9 is started using port 37877
2020-06-27 08:19:34,695 [Datanode State Machine Thread - 0] INFO  server.XceiverServerGrpc (XceiverServerGrpc.java:start(145)) - XceiverServerGrpc 1cf265a5-6a03-47fd-ad13-ec32897c6af9 is started using port 42825
2020-06-27 08:19:34,804 [Datanode State Machine Thread - 0] INFO  ozoneimpl.OzoneContainer (OzoneContainer.java:start(232)) - Attempting to start container services.
2020-06-27 08:19:34,804 [Datanode State Machine Thread - 0] INFO  ozoneimpl.OzoneContainer (OzoneContainer.java:startContainerScrub(196)) - Background container scanner has been disabled.
2020-06-27 08:19:34,804 [Datanode State Machine Thread - 0] INFO  ratis.XceiverServerRatis (XceiverServerRatis.java:start(425)) - Starting XceiverServerRatis dbedbf7e-64a3-44c7-b6dd-b08f95c937b2 at port 0
2020-06-27 08:19:34,807 [Datanode State Machine Thread - 0] INFO  impl.RaftServerProxy (RaftServerProxy.java:lambda$start$3(304)) - dbedbf7e-64a3-44c7-b6dd-b08f95c937b2: start RPC server
2020-06-27 08:19:34,808 [Datanode State Machine Thread - 0] INFO  server.GrpcService (GrpcService.java:startImpl(160)) - dbedbf7e-64a3-44c7-b6dd-b08f95c937b2: GrpcService started, listening on 0.0.0.0/0.0.0.0:45687
2020-06-27 08:19:34,808 [Datanode State Machine Thread - 0] INFO  ratis.XceiverServerRatis (XceiverServerRatis.java:start(437)) - XceiverServerRatis dbedbf7e-64a3-44c7-b6dd-b08f95c937b2 is started using port 45687
2020-06-27 08:19:34,808 [Datanode State Machine Thread - 0] INFO  server.XceiverServerGrpc (XceiverServerGrpc.java:start(145)) - XceiverServerGrpc dbedbf7e-64a3-44c7-b6dd-b08f95c937b2 is started using port 45921
2020-06-27 08:19:34,853 [Datanode State Machine Thread - 0] INFO  ozoneimpl.OzoneContainer (OzoneContainer.java:start(232)) - Attempting to start container services.
2020-06-27 08:19:34,853 [Datanode State Machine Thread - 0] INFO  ozoneimpl.OzoneContainer (OzoneContainer.java:startContainerScrub(196)) - Background container scanner has been disabled.
2020-06-27 08:19:34,853 [Datanode State Machine Thread - 0] INFO  ratis.XceiverServerRatis (XceiverServerRatis.java:start(425)) - Starting XceiverServerRatis 93ff5c27-cf24-4d90-9a81-2a4e4904b019 at port 0
2020-06-27 08:19:34,854 [Datanode State Machine Thread - 0] INFO  impl.RaftServerProxy (RaftServerProxy.java:lambda$start$3(304)) - 93ff5c27-cf24-4d90-9a81-2a4e4904b019: start RPC server
2020-06-27 08:19:34,856 [Datanode State Machine Thread - 0] INFO  server.GrpcService (GrpcService.java:startImpl(160)) - 93ff5c27-cf24-4d90-9a81-2a4e4904b019: GrpcService started, listening on 0.0.0.0/0.0.0.0:43727
2020-06-27 08:19:34,856 [Datanode State Machine Thread - 0] INFO  ratis.XceiverServerRatis (XceiverServerRatis.java:start(437)) - XceiverServerRatis 93ff5c27-cf24-4d90-9a81-2a4e4904b019 is started using port 43727
2020-06-27 08:19:34,856 [Datanode State Machine Thread - 0] INFO  server.XceiverServerGrpc (XceiverServerGrpc.java:start(145)) - XceiverServerGrpc 93ff5c27-cf24-4d90-9a81-2a4e4904b019 is started using port 33421
2020-06-27 08:19:34,914 [Datanode State Machine Thread - 0] INFO  ozoneimpl.OzoneContainer (OzoneContainer.java:start(232)) - Attempting to start container services.
2020-06-27 08:19:34,915 [Datanode State Machine Thread - 0] INFO  ozoneimpl.OzoneContainer (OzoneContainer.java:startContainerScrub(196)) - Background container scanner has been disabled.
2020-06-27 08:19:34,915 [Datanode State Machine Thread - 0] INFO  ratis.XceiverServerRatis (XceiverServerRatis.java:start(425)) - Starting XceiverServerRatis bd28fdde-8be9-44b6-aac4-f5ad5eca5270 at port 0
2020-06-27 08:19:34,915 [Datanode State Machine Thread - 0] INFO  impl.RaftServerProxy (RaftServerProxy.java:lambda$start$3(304)) - bd28fdde-8be9-44b6-aac4-f5ad5eca5270: start RPC server
2020-06-27 08:19:34,916 [Datanode State Machine Thread - 0] INFO  server.GrpcService (GrpcService.java:startImpl(160)) - bd28fdde-8be9-44b6-aac4-f5ad5eca5270: GrpcService started, listening on 0.0.0.0/0.0.0.0:39899
2020-06-27 08:19:34,916 [Datanode State Machine Thread - 0] INFO  ratis.XceiverServerRatis (XceiverServerRatis.java:start(437)) - XceiverServerRatis bd28fdde-8be9-44b6-aac4-f5ad5eca5270 is started using port 39899
2020-06-27 08:19:34,917 [Datanode State Machine Thread - 0] INFO  server.XceiverServerGrpc (XceiverServerGrpc.java:start(145)) - XceiverServerGrpc bd28fdde-8be9-44b6-aac4-f5ad5eca5270 is started using port 42217
2020-06-27 08:19:34,953 [Listener at 127.0.0.1/34065] INFO  ozone.MiniOzoneClusterImpl (MiniOzoneClusterImpl.java:lambda$waitForClusterToBeReady$0(177)) - Waiting for nodes to be ready. Got 0 of 9 DN Heartbeats.
2020-06-27 08:19:34,953 [Listener at 127.0.0.1/34065] INFO  ozone.MiniOzoneClusterImpl (MiniOzoneClusterImpl.java:lambda$waitForClusterToBeReady$0(180)) - Waiting for cluster to exit safe mode
2020-06-27 08:19:34,958 [Datanode State Machine Thread - 0] INFO  ozoneimpl.OzoneContainer (OzoneContainer.java:start(232)) - Attempting to start container services.
2020-06-27 08:19:34,958 [Datanode State Machine Thread - 0] INFO  ozoneimpl.OzoneContainer (OzoneContainer.java:startContainerScrub(196)) - Background container scanner has been disabled.
2020-06-27 08:19:34,958 [Datanode State Machine Thread - 0] INFO  ratis.XceiverServerRatis (XceiverServerRatis.java:start(425)) - Starting XceiverServerRatis 99a07450-395a-4667-b554-43c43076656b at port 0
2020-06-27 08:19:34,959 [Datanode State Machine Thread - 0] INFO  impl.RaftServerProxy (RaftServerProxy.java:lambda$start$3(304)) - 99a07450-395a-4667-b554-43c43076656b: start RPC server
2020-06-27 08:19:34,959 [Datanode State Machine Thread - 0] INFO  server.GrpcService (GrpcService.java:startImpl(160)) - 99a07450-395a-4667-b554-43c43076656b: GrpcService started, listening on 0.0.0.0/0.0.0.0:33341
2020-06-27 08:19:34,960 [Datanode State Machine Thread - 0] INFO  ratis.XceiverServerRatis (XceiverServerRatis.java:start(437)) - XceiverServerRatis 99a07450-395a-4667-b554-43c43076656b is started using port 33341
2020-06-27 08:19:34,960 [Datanode State Machine Thread - 0] INFO  server.XceiverServerGrpc (XceiverServerGrpc.java:start(145)) - XceiverServerGrpc 99a07450-395a-4667-b554-43c43076656b is started using port 45939
2020-06-27 08:19:35,953 [Listener at 127.0.0.1/34065] INFO  ozone.MiniOzoneClusterImpl (MiniOzoneClusterImpl.java:lambda$waitForClusterToBeReady$0(177)) - Waiting for nodes to be ready. Got 0 of 9 DN Heartbeats.
2020-06-27 08:19:35,953 [Listener at 127.0.0.1/34065] INFO  ozone.MiniOzoneClusterImpl (MiniOzoneClusterImpl.java:lambda$waitForClusterToBeReady$0(180)) - Waiting for cluster to exit safe mode
2020-06-27 08:19:36,467 [IPC Server handler 0 on default port 44577] INFO  net.NetworkTopology (NetworkTopologyImpl.java:add(111)) - Added a new node: /default-rack/1678e861-f681-42e2-b20b-e04f00d52311
2020-06-27 08:19:36,467 [IPC Server handler 0 on default port 44577] INFO  node.SCMNodeManager (SCMNodeManager.java:register(268)) - Registered Data node : 1678e861-f681-42e2-b20b-e04f00d52311{ip: 172.17.0.2, host: 23863634748d, networkLocation: /default-rack, certSerialId: null}
2020-06-27 08:19:36,468 [RatisPipelineUtilsThread] INFO  pipeline.RatisPipelineProvider (RatisPipelineProvider.java:lambda$create$0(138)) - Sending CreatePipelineCommand for pipeline:PipelineID=4208b5b4-fb5b-4582-9405-a4a31f6c7020 to datanode:1678e861-f681-42e2-b20b-e04f00d52311
2020-06-27 08:19:36,468 [EventQueue-NodeRegistrationContainerReportForContainerSafeModeRule] INFO  safemode.SCMSafeModeManager (SCMSafeModeManager.java:validateSafeModeExitRules(214)) - ContainerSafeModeRule rule is successfully validated
2020-06-27 08:19:36,471 [RatisPipelineUtilsThread] INFO  pipeline.PipelineStateManager (PipelineStateManager.java:addPipeline(54)) - Created pipeline Pipeline[ Id: 4208b5b4-fb5b-4582-9405-a4a31f6c7020, Nodes: 1678e861-f681-42e2-b20b-e04f00d52311{ip: 172.17.0.2, host: 23863634748d, networkLocation: /default-rack, certSerialId: null}, Type:RATIS, Factor:ONE, State:ALLOCATED, leaderId:, CreationTimestamp2020-06-27T08:19:36.467Z]
2020-06-27 08:19:36,472 [RatisPipelineUtilsThread] ERROR pipeline.SCMPipelineManager (SCMPipelineManager.java:createPipeline(222)) - Failed to create pipeline of type RATIS and factor ONE. Exception: Cannot create pipeline of factor 1 using 0 nodes. Used 1 nodes. Healthy nodes 1
2020-06-27 08:19:36,472 [EventQueue-NodeRegistrationContainerReportForDataNodeSafeModeRule] INFO  safemode.SCMSafeModeManager (DataNodeSafeModeRule.java:process(71)) - SCM in safe mode. 1 DataNodes registered, 1 required.
2020-06-27 08:19:36,474 [EventQueue-NodeRegistrationContainerReportForDataNodeSafeModeRule] INFO  safemode.SCMSafeModeManager (SCMSafeModeManager.java:validateSafeModeExitRules(214)) - DataNodeSafeModeRule rule is successfully validated
2020-06-27 08:19:36,474 [EventQueue-NodeRegistrationContainerReportForDataNodeSafeModeRule] INFO  safemode.SCMSafeModeManager (SCMSafeModeManager.java:completePreCheck(242)) - All SCM safe mode pre check rules have passed
2020-06-27 08:19:36,474 [RatisPipelineUtilsThread] ERROR pipeline.SCMPipelineManager (SCMPipelineManager.java:createPipeline(222)) - Failed to create pipeline of type RATIS and factor ONE. Exception: Cannot create pipeline of factor 1 using 0 nodes. Used 1 nodes. Healthy nodes 1
2020-06-27 08:19:36,474 [RatisPipelineUtilsThread] WARN  pipeline.PipelinePlacementPolicy (PipelinePlacementPolicy.java:filterViableNodes(133)) - Pipeline creation failed due to no sufficient healthy datanodes. Required 3. Found 1.
2020-06-27 08:19:36,474 [RatisPipelineUtilsThread] ERROR pipeline.SCMPipelineManager (SCMPipelineManager.java:createPipeline(222)) - Failed to create pipeline of type RATIS and factor THREE. Exception: Pipeline creation failed due to no sufficient healthy datanodes. Required 3. Found 1.
2020-06-27 08:19:36,517 [IPC Server handler 1 on default port 44577] INFO  net.NetworkTopology (NetworkTopologyImpl.java:add(111)) - Added a new node: /default-rack/56bfd1ae-fa2f-4839-ba3b-0401545d2b7a
2020-06-27 08:19:36,517 [IPC Server handler 1 on default port 44577] INFO  node.SCMNodeManager (SCMNodeManager.java:register(268)) - Registered Data node : 56bfd1ae-fa2f-4839-ba3b-0401545d2b7a{ip: 172.17.0.2, host: 23863634748d, networkLocation: /default-rack, certSerialId: null}
2020-06-27 08:19:36,517 [RatisPipelineUtilsThread] INFO  pipeline.RatisPipelineProvider (RatisPipelineProvider.java:lambda$create$0(138)) - Sending CreatePipelineCommand for pipeline:PipelineID=7ebfc387-0101-4f31-ac68-9529e82e8af8 to datanode:56bfd1ae-fa2f-4839-ba3b-0401545d2b7a
2020-06-27 08:19:36,518 [EventQueue-NodeRegistrationContainerReportForContainerSafeModeRule] INFO  safemode.SCMSafeModeManager (SCMSafeModeManager.java:validateSafeModeExitRules(214)) - ContainerSafeModeRule rule is successfully validated
2020-06-27 08:19:36,518 [RatisPipelineUtilsThread] INFO  pipeline.PipelineStateManager (PipelineStateManager.java:addPipeline(54)) - Created pipeline Pipeline[ Id: 7ebfc387-0101-4f31-ac68-9529e82e8af8, Nodes: 56bfd1ae-fa2f-4839-ba3b-0401545d2b7a{ip: 172.17.0.2, host: 23863634748d, networkLocation: /default-rack, certSerialId: null}, Type:RATIS, Factor:ONE, State:ALLOCATED, leaderId:, CreationTimestamp2020-06-27T08:19:36.517Z]
2020-06-27 08:19:36,518 [RatisPipelineUtilsThread] ERROR pipeline.SCMPipelineManager (SCMPipelineManager.java:createPipeline(222)) - Failed to create pipeline of type RATIS and factor ONE. Exception: Cannot create pipeline of factor 1 using 0 nodes. Used 2 nodes. Healthy nodes 2
2020-06-27 08:19:36,518 [RatisPipelineUtilsThread] WARN  pipeline.PipelinePlacementPolicy (PipelinePlacementPolicy.java:filterViableNodes(133)) - Pipeline creation failed due to no sufficient healthy datanodes. Required 3. Found 2.
2020-06-27 08:19:36,518 [RatisPipelineUtilsThread] ERROR pipeline.SCMPipelineManager (SCMPipelineManager.java:createPipeline(222)) - Failed to create pipeline of type RATIS and factor THREE. Exception: Pipeline creation failed due to no sufficient healthy datanodes. Required 3. Found 2.
2020-06-27 08:19:36,518 [EventQueue-NodeRegistrationContainerReportForDataNodeSafeModeRule] INFO  safemode.SCMSafeModeManager (SCMSafeModeManager.java:validateSafeModeExitRules(214)) - DataNodeSafeModeRule rule is successfully validated
2020-06-27 08:19:36,589 [IPC Server handler 2 on default port 44577] INFO  net.NetworkTopology (NetworkTopologyImpl.java:add(111)) - Added a new node: /default-rack/e3ff1c2c-6f58-4f63-bc65-22c0097003cb
2020-06-27 08:19:36,589 [IPC Server handler 2 on default port 44577] INFO  node.SCMNodeManager (SCMNodeManager.java:register(268)) - Registered Data node : e3ff1c2c-6f58-4f63-bc65-22c0097003cb{ip: 172.17.0.2, host: 23863634748d, networkLocation: /default-rack, certSerialId: null}
2020-06-27 08:19:36,589 [RatisPipelineUtilsThread] INFO  pipeline.RatisPipelineProvider (RatisPipelineProvider.java:lambda$create$0(138)) - Sending CreatePipelineCommand for pipeline:PipelineID=7de8c4e6-29bd-4d64-99c3-2bbd8e13ad66 to datanode:e3ff1c2c-6f58-4f63-bc65-22c0097003cb
2020-06-27 08:19:36,589 [EventQueue-NodeRegistrationContainerReportForContainerSafeModeRule] INFO  safemode.SCMSafeModeManager (SCMSafeModeManager.java:validateSafeModeExitRules(214)) - ContainerSafeModeRule rule is successfully validated
2020-06-27 08:19:36,589 [RatisPipelineUtilsThread] INFO  pipeline.PipelineStateManager (PipelineStateManager.java:addPipeline(54)) - Created pipeline Pipeline[ Id: 7de8c4e6-29bd-4d64-99c3-2bbd8e13ad66, Nodes: e3ff1c2c-6f58-4f63-bc65-22c0097003cb{ip: 172.17.0.2, host: 23863634748d, networkLocation: /default-rack, certSerialId: null}, Type:RATIS, Factor:ONE, State:ALLOCATED, leaderId:, CreationTimestamp2020-06-27T08:19:36.589Z]
2020-06-27 08:19:36,590 [RatisPipelineUtilsThread] ERROR pipeline.SCMPipelineManager (SCMPipelineManager.java:createPipeline(222)) - Failed to create pipeline of type RATIS and factor ONE. Exception: Cannot create pipeline of factor 1 using 0 nodes. Used 3 nodes. Healthy nodes 3
2020-06-27 08:19:36,590 [RatisPipelineUtilsThread] INFO  pipeline.RatisPipelineProvider (RatisPipelineProvider.java:lambda$create$0(138)) - Sending CreatePipelineCommand for pipeline:PipelineID=24909f19-af55-4f04-a402-7aaf34fa3258 to datanode:e3ff1c2c-6f58-4f63-bc65-22c0097003cb
2020-06-27 08:19:36,590 [RatisPipelineUtilsThread] INFO  pipeline.RatisPipelineProvider (RatisPipelineProvider.java:lambda$create$0(138)) - Sending CreatePipelineCommand for pipeline:PipelineID=24909f19-af55-4f04-a402-7aaf34fa3258 to datanode:1678e861-f681-42e2-b20b-e04f00d52311
2020-06-27 08:19:36,590 [RatisPipelineUtilsThread] INFO  pipeline.RatisPipelineProvider (RatisPipelineProvider.java:lambda$create$0(138)) - Sending CreatePipelineCommand for pipeline:PipelineID=24909f19-af55-4f04-a402-7aaf34fa3258 to datanode:56bfd1ae-fa2f-4839-ba3b-0401545d2b7a
2020-06-27 08:19:36,590 [RatisPipelineUtilsThread] INFO  pipeline.PipelineStateManager (PipelineStateManager.java:addPipeline(54)) - Created pipeline Pipeline[ Id: 24909f19-af55-4f04-a402-7aaf34fa3258, Nodes: e3ff1c2c-6f58-4f63-bc65-22c0097003cb{ip: 172.17.0.2, host: 23863634748d, networkLocation: /default-rack, certSerialId: null}1678e861-f681-42e2-b20b-e04f00d52311{ip: 172.17.0.2, host: 23863634748d, networkLocation: /default-rack, certSerialId: null}56bfd1ae-fa2f-4839-ba3b-0401545d2b7a{ip: 172.17.0.2, host: 23863634748d, networkLocation: /default-rack, certSerialId: null}, Type:RATIS, Factor:THREE, State:ALLOCATED, leaderId:, CreationTimestamp2020-06-27T08:19:36.590Z]
2020-06-27 08:19:36,590 [RatisPipelineUtilsThread] ERROR pipeline.SCMPipelineManager (SCMPipelineManager.java:createPipeline(222)) - Failed to create pipeline of type RATIS and factor THREE. Exception: Pipeline creation failed because nodes are engaged in other pipelines and every node can only be engaged in max 2 pipelines. Required 3. Found 0
2020-06-27 08:19:36,591 [EventQueue-NodeRegistrationContainerReportForDataNodeSafeModeRule] INFO  safemode.SCMSafeModeManager (SCMSafeModeManager.java:validateSafeModeExitRules(214)) - DataNodeSafeModeRule rule is successfully validated
2020-06-27 08:19:36,656 [IPC Server handler 3 on default port 44577] INFO  net.NetworkTopology (NetworkTopologyImpl.java:add(111)) - Added a new node: /default-rack/bf10b53c-012b-4fa1-b197-82d4c3bdb60c
2020-06-27 08:19:36,656 [IPC Server handler 3 on default port 44577] INFO  node.SCMNodeManager (SCMNodeManager.java:register(268)) - Registered Data node : bf10b53c-012b-4fa1-b197-82d4c3bdb60c{ip: 172.17.0.2, host: 23863634748d, networkLocation: /default-rack, certSerialId: null}
2020-06-27 08:19:36,656 [RatisPipelineUtilsThread] INFO  pipeline.RatisPipelineProvider (RatisPipelineProvider.java:lambda$create$0(138)) - Sending CreatePipelineCommand for pipeline:PipelineID=65b1506e-eaca-41ac-b70c-4d63d0116d0d to datanode:bf10b53c-012b-4fa1-b197-82d4c3bdb60c
2020-06-27 08:19:36,656 [EventQueue-NodeRegistrationContainerReportForContainerSafeModeRule] INFO  safemode.SCMSafeModeManager (SCMSafeModeManager.java:validateSafeModeExitRules(214)) - ContainerSafeModeRule rule is successfully validated
2020-06-27 08:19:36,656 [EventQueue-NodeRegistrationContainerReportForDataNodeSafeModeRule] INFO  safemode.SCMSafeModeManager (SCMSafeModeManager.java:validateSafeModeExitRules(214)) - DataNodeSafeModeRule rule is successfully validated
2020-06-27 08:19:36,657 [RatisPipelineUtilsThread] INFO  pipeline.PipelineStateManager (PipelineStateManager.java:addPipeline(54)) - Created pipeline Pipeline[ Id: 65b1506e-eaca-41ac-b70c-4d63d0116d0d, Nodes: bf10b53c-012b-4fa1-b197-82d4c3bdb60c{ip: 172.17.0.2, host: 23863634748d, networkLocation: /default-rack, certSerialId: null}, Type:RATIS, Factor:ONE, State:ALLOCATED, leaderId:, CreationTimestamp2020-06-27T08:19:36.656Z]
2020-06-27 08:19:36,657 [RatisPipelineUtilsThread] ERROR pipeline.SCMPipelineManager (SCMPipelineManager.java:createPipeline(222)) - Failed to create pipeline of type RATIS and factor ONE. Exception: Cannot create pipeline of factor 1 using 0 nodes. Used 4 nodes. Healthy nodes 4
2020-06-27 08:19:36,657 [RatisPipelineUtilsThread] ERROR pipeline.SCMPipelineManager (SCMPipelineManager.java:createPipeline(222)) - Failed to create pipeline of type RATIS and factor THREE. Exception: Pipeline creation failed because nodes are engaged in other pipelines and every node can only be engaged in max 2 pipelines. Required 3. Found 1
2020-06-27 08:19:36,691 [IPC Server handler 4 on default port 44577] INFO  net.NetworkTopology (NetworkTopologyImpl.java:add(111)) - Added a new node: /default-rack/1cf265a5-6a03-47fd-ad13-ec32897c6af9
2020-06-27 08:19:36,692 [IPC Server handler 4 on default port 44577] INFO  node.SCMNodeManager (SCMNodeManager.java:register(268)) - Registered Data node : 1cf265a5-6a03-47fd-ad13-ec32897c6af9{ip: 172.17.0.2, host: 23863634748d, networkLocation: /default-rack, certSerialId: null}
2020-06-27 08:19:36,692 [EventQueue-NodeRegistrationContainerReportForContainerSafeModeRule] INFO  safemode.SCMSafeModeManager (SCMSafeModeManager.java:validateSafeModeExitRules(214)) - ContainerSafeModeRule rule is successfully validated
2020-06-27 08:19:36,692 [EventQueue-NodeRegistrationContainerReportForDataNodeSafeModeRule] INFO  safemode.SCMSafeModeManager (SCMSafeModeManager.java:validateSafeModeExitRules(214)) - DataNodeSafeModeRule rule is successfully validated
2020-06-27 08:19:36,693 [RatisPipelineUtilsThread] INFO  pipeline.RatisPipelineProvider (RatisPipelineProvider.java:lambda$create$0(138)) - Sending CreatePipelineCommand for pipeline:PipelineID=d52a4eec-7a19-43c1-8dee-712e98ce9349 to datanode:1cf265a5-6a03-47fd-ad13-ec32897c6af9
2020-06-27 08:19:36,693 [RatisPipelineUtilsThread] INFO  pipeline.PipelineStateManager (PipelineStateManager.java:addPipeline(54)) - Created pipeline Pipeline[ Id: d52a4eec-7a19-43c1-8dee-712e98ce9349, Nodes: 1cf265a5-6a03-47fd-ad13-ec32897c6af9{ip: 172.17.0.2, host: 23863634748d, networkLocation: /default-rack, certSerialId: null}, Type:RATIS, Factor:ONE, State:ALLOCATED, leaderId:, CreationTimestamp2020-06-27T08:19:36.693Z]
2020-06-27 08:19:36,693 [RatisPipelineUtilsThread] ERROR pipeline.SCMPipelineManager (SCMPipelineManager.java:createPipeline(222)) - Failed to create pipeline of type RATIS and factor ONE. Exception: Cannot create pipeline of factor 1 using 0 nodes. Used 5 nodes. Healthy nodes 5
2020-06-27 08:19:36,694 [RatisPipelineUtilsThread] ERROR pipeline.SCMPipelineManager (SCMPipelineManager.java:createPipeline(222)) - Failed to create pipeline of type RATIS and factor THREE. Exception: Pipeline creation failed because nodes are engaged in other pipelines and every node can only be engaged in max 2 pipelines. Required 3. Found 2
2020-06-27 08:19:36,799 [IPC Server handler 5 on default port 44577] INFO  net.NetworkTopology (NetworkTopologyImpl.java:add(111)) - Added a new node: /default-rack/dbedbf7e-64a3-44c7-b6dd-b08f95c937b2
2020-06-27 08:19:36,799 [IPC Server handler 5 on default port 44577] INFO  node.SCMNodeManager (SCMNodeManager.java:register(268)) - Registered Data node : dbedbf7e-64a3-44c7-b6dd-b08f95c937b2{ip: 172.17.0.2, host: 23863634748d, networkLocation: /default-rack, certSerialId: null}
2020-06-27 08:19:36,799 [RatisPipelineUtilsThread] INFO  pipeline.RatisPipelineProvider (RatisPipelineProvider.java:lambda$create$0(138)) - Sending CreatePipelineCommand for pipeline:PipelineID=32a5caaf-d8af-424c-8ae1-43dbbf309b5d to datanode:dbedbf7e-64a3-44c7-b6dd-b08f95c937b2
2020-06-27 08:19:36,799 [EventQueue-NodeRegistrationContainerReportForContainerSafeModeRule] INFO  safemode.SCMSafeModeManager (SCMSafeModeManager.java:validateSafeModeExitRules(214)) - ContainerSafeModeRule rule is successfully validated
2020-06-27 08:19:36,799 [RatisPipelineUtilsThread] INFO  pipeline.PipelineStateManager (PipelineStateManager.java:addPipeline(54)) - Created pipeline Pipeline[ Id: 32a5caaf-d8af-424c-8ae1-43dbbf309b5d, Nodes: dbedbf7e-64a3-44c7-b6dd-b08f95c937b2{ip: 172.17.0.2, host: 23863634748d, networkLocation: /default-rack, certSerialId: null}, Type:RATIS, Factor:ONE, State:ALLOCATED, leaderId:, CreationTimestamp2020-06-27T08:19:36.799Z]
2020-06-27 08:19:36,800 [EventQueue-NodeRegistrationContainerReportForDataNodeSafeModeRule] INFO  safemode.SCMSafeModeManager (SCMSafeModeManager.java:validateSafeModeExitRules(214)) - DataNodeSafeModeRule rule is successfully validated
2020-06-27 08:19:36,800 [RatisPipelineUtilsThread] ERROR pipeline.SCMPipelineManager (SCMPipelineManager.java:createPipeline(222)) - Failed to create pipeline of type RATIS and factor ONE. Exception: Cannot create pipeline of factor 1 using 0 nodes. Used 6 nodes. Healthy nodes 6
2020-06-27 08:19:36,800 [RatisPipelineUtilsThread] INFO  pipeline.RatisPipelineProvider (RatisPipelineProvider.java:lambda$create$0(138)) - Sending CreatePipelineCommand for pipeline:PipelineID=dbc16d53-8caf-44f8-a700-e9d3221c1eb6 to datanode:bf10b53c-012b-4fa1-b197-82d4c3bdb60c
2020-06-27 08:19:36,800 [RatisPipelineUtilsThread] INFO  pipeline.RatisPipelineProvider (RatisPipelineProvider.java:lambda$create$0(138)) - Sending CreatePipelineCommand for pipeline:PipelineID=dbc16d53-8caf-44f8-a700-e9d3221c1eb6 to datanode:1cf265a5-6a03-47fd-ad13-ec32897c6af9
2020-06-27 08:19:36,800 [RatisPipelineUtilsThread] INFO  pipeline.RatisPipelineProvider (RatisPipelineProvider.java:lambda$create$0(138)) - Sending CreatePipelineCommand for pipeline:PipelineID=dbc16d53-8caf-44f8-a700-e9d3221c1eb6 to datanode:dbedbf7e-64a3-44c7-b6dd-b08f95c937b2
2020-06-27 08:19:36,800 [RatisPipelineUtilsThread] INFO  pipeline.PipelineStateManager (PipelineStateManager.java:addPipeline(54)) - Created pipeline Pipeline[ Id: dbc16d53-8caf-44f8-a700-e9d3221c1eb6, Nodes: bf10b53c-012b-4fa1-b197-82d4c3bdb60c{ip: 172.17.0.2, host: 23863634748d, networkLocation: /default-rack, certSerialId: null}1cf265a5-6a03-47fd-ad13-ec32897c6af9{ip: 172.17.0.2, host: 23863634748d, networkLocation: /default-rack, certSerialId: null}dbedbf7e-64a3-44c7-b6dd-b08f95c937b2{ip: 172.17.0.2, host: 23863634748d, networkLocation: /default-rack, certSerialId: null}, Type:RATIS, Factor:THREE, State:ALLOCATED, leaderId:, CreationTimestamp2020-06-27T08:19:36.800Z]
2020-06-27 08:19:36,801 [RatisPipelineUtilsThread] ERROR pipeline.SCMPipelineManager (SCMPipelineManager.java:createPipeline(222)) - Failed to create pipeline of type RATIS and factor THREE. Exception: Pipeline creation failed because nodes are engaged in other pipelines and every node can only be engaged in max 2 pipelines. Required 3. Found 0
2020-06-27 08:19:36,851 [IPC Server handler 9 on default port 44577] INFO  net.NetworkTopology (NetworkTopologyImpl.java:add(111)) - Added a new node: /default-rack/93ff5c27-cf24-4d90-9a81-2a4e4904b019
2020-06-27 08:19:36,854 [RatisPipelineUtilsThread] INFO  pipeline.RatisPipelineProvider (RatisPipelineProvider.java:lambda$create$0(138)) - Sending CreatePipelineCommand for pipeline:PipelineID=3d4cd47d-f386-42e6-96c0-c61816794598 to datanode:93ff5c27-cf24-4d90-9a81-2a4e4904b019
2020-06-27 08:19:36,854 [IPC Server handler 9 on default port 44577] INFO  node.SCMNodeManager (SCMNodeManager.java:register(268)) - Registered Data node : 93ff5c27-cf24-4d90-9a81-2a4e4904b019{ip: 172.17.0.2, host: 23863634748d, networkLocation: /default-rack, certSerialId: null}
2020-06-27 08:19:36,854 [RatisPipelineUtilsThread] INFO  pipeline.PipelineStateManager (PipelineStateManager.java:addPipeline(54)) - Created pipeline Pipeline[ Id: 3d4cd47d-f386-42e6-96c0-c61816794598, Nodes: 93ff5c27-cf24-4d90-9a81-2a4e4904b019{ip: 172.17.0.2, host: 23863634748d, networkLocation: /default-rack, certSerialId: null}, Type:RATIS, Factor:ONE, State:ALLOCATED, leaderId:, CreationTimestamp2020-06-27T08:19:36.854Z]
2020-06-27 08:19:36,854 [EventQueue-NodeRegistrationContainerReportForContainerSafeModeRule] INFO  safemode.SCMSafeModeManager (SCMSafeModeManager.java:validateSafeModeExitRules(214)) - ContainerSafeModeRule rule is successfully validated
2020-06-27 08:19:36,854 [RatisPipelineUtilsThread] ERROR pipeline.SCMPipelineManager (SCMPipelineManager.java:createPipeline(222)) - Failed to create pipeline of type RATIS and factor ONE. Exception: Cannot create pipeline of factor 1 using 0 nodes. Used 7 nodes. Healthy nodes 7
2020-06-27 08:19:36,855 [EventQueue-NodeRegistrationContainerReportForDataNodeSafeModeRule] INFO  safemode.SCMSafeModeManager (SCMSafeModeManager.java:validateSafeModeExitRules(214)) - DataNodeSafeModeRule rule is successfully validated
2020-06-27 08:19:36,855 [RatisPipelineUtilsThread] ERROR pipeline.SCMPipelineManager (SCMPipelineManager.java:createPipeline(222)) - Failed to create pipeline of type RATIS and factor THREE. Exception: Pipeline creation failed because nodes are engaged in other pipelines and every node can only be engaged in max 2 pipelines. Required 3. Found 1
2020-06-27 08:19:36,913 [IPC Server handler 8 on default port 44577] INFO  net.NetworkTopology (NetworkTopologyImpl.java:add(111)) - Added a new node: /default-rack/bd28fdde-8be9-44b6-aac4-f5ad5eca5270
2020-06-27 08:19:36,913 [IPC Server handler 8 on default port 44577] INFO  node.SCMNodeManager (SCMNodeManager.java:register(268)) - Registered Data node : bd28fdde-8be9-44b6-aac4-f5ad5eca5270{ip: 172.17.0.2, host: 23863634748d, networkLocation: /default-rack, certSerialId: null}
2020-06-27 08:19:36,914 [EventQueue-NodeRegistrationContainerReportForContainerSafeModeRule] INFO  safemode.SCMSafeModeManager (SCMSafeModeManager.java:validateSafeModeExitRules(214)) - ContainerSafeModeRule rule is successfully validated
2020-06-27 08:19:36,914 [EventQueue-NodeRegistrationContainerReportForDataNodeSafeModeRule] INFO  safemode.SCMSafeModeManager (SCMSafeModeManager.java:validateSafeModeExitRules(214)) - DataNodeSafeModeRule rule is successfully validated
2020-06-27 08:19:36,914 [RatisPipelineUtilsThread] INFO  pipeline.RatisPipelineProvider (RatisPipelineProvider.java:lambda$create$0(138)) - Sending CreatePipelineCommand for pipeline:PipelineID=934c1afe-c925-4e72-95c9-e4fbdeb1f4ec to datanode:bd28fdde-8be9-44b6-aac4-f5ad5eca5270
2020-06-27 08:19:36,914 [RatisPipelineUtilsThread] INFO  pipeline.PipelineStateManager (PipelineStateManager.java:addPipeline(54)) - Created pipeline Pipeline[ Id: 934c1afe-c925-4e72-95c9-e4fbdeb1f4ec, Nodes: bd28fdde-8be9-44b6-aac4-f5ad5eca5270{ip: 172.17.0.2, host: 23863634748d, networkLocation: /default-rack, certSerialId: null}, Type:RATIS, Factor:ONE, State:ALLOCATED, leaderId:, CreationTimestamp2020-06-27T08:19:36.914Z]
2020-06-27 08:19:36,915 [RatisPipelineUtilsThread] ERROR pipeline.SCMPipelineManager (SCMPipelineManager.java:createPipeline(222)) - Failed to create pipeline of type RATIS and factor ONE. Exception: Cannot create pipeline of factor 1 using 0 nodes. Used 8 nodes. Healthy nodes 8
2020-06-27 08:19:36,915 [RatisPipelineUtilsThread] ERROR pipeline.SCMPipelineManager (SCMPipelineManager.java:createPipeline(222)) - Failed to create pipeline of type RATIS and factor THREE. Exception: Pipeline creation failed because nodes are engaged in other pipelines and every node can only be engaged in max 2 pipelines. Required 3. Found 2
2020-06-27 08:19:36,953 [Listener at 127.0.0.1/34065] INFO  ozone.MiniOzoneClusterImpl (MiniOzoneClusterImpl.java:lambda$waitForClusterToBeReady$0(177)) - Waiting for nodes to be ready. Got 8 of 9 DN Heartbeats.
2020-06-27 08:19:36,954 [Listener at 127.0.0.1/34065] INFO  ozone.MiniOzoneClusterImpl (MiniOzoneClusterImpl.java:lambda$waitForClusterToBeReady$0(180)) - Waiting for cluster to exit safe mode
2020-06-27 08:19:36,957 [IPC Server handler 10 on default port 44577] INFO  net.NetworkTopology (NetworkTopologyImpl.java:add(111)) - Added a new node: /default-rack/99a07450-395a-4667-b554-43c43076656b
2020-06-27 08:19:36,957 [IPC Server handler 10 on default port 44577] INFO  node.SCMNodeManager (SCMNodeManager.java:register(268)) - Registered Data node : 99a07450-395a-4667-b554-43c43076656b{ip: 172.17.0.2, host: 23863634748d, networkLocation: /default-rack, certSerialId: null}
2020-06-27 08:19:36,957 [EventQueue-NodeRegistrationContainerReportForContainerSafeModeRule] INFO  safemode.SCMSafeModeManager (SCMSafeModeManager.java:validateSafeModeExitRules(214)) - ContainerSafeModeRule rule is successfully validated
2020-06-27 08:19:36,957 [RatisPipelineUtilsThread] INFO  pipeline.RatisPipelineProvider (RatisPipelineProvider.java:lambda$create$0(138)) - Sending CreatePipelineCommand for pipeline:PipelineID=51c1be0b-4cee-4c25-bdca-605ed3440294 to datanode:99a07450-395a-4667-b554-43c43076656b
2020-06-27 08:19:36,957 [RatisPipelineUtilsThread] INFO  pipeline.PipelineStateManager (PipelineStateManager.java:addPipeline(54)) - Created pipeline Pipeline[ Id: 51c1be0b-4cee-4c25-bdca-605ed3440294, Nodes: 99a07450-395a-4667-b554-43c43076656b{ip: 172.17.0.2, host: 23863634748d, networkLocation: /default-rack, certSerialId: null}, Type:RATIS, Factor:ONE, State:ALLOCATED, leaderId:, CreationTimestamp2020-06-27T08:19:36.957Z]
2020-06-27 08:19:36,958 [RatisPipelineUtilsThread] ERROR pipeline.SCMPipelineManager (SCMPipelineManager.java:createPipeline(222)) - Failed to create pipeline of type RATIS and factor ONE. Exception: Cannot create pipeline of factor 1 using 0 nodes. Used 9 nodes. Healthy nodes 9
2020-06-27 08:19:36,958 [EventQueue-NodeRegistrationContainerReportForDataNodeSafeModeRule] INFO  safemode.SCMSafeModeManager (SCMSafeModeManager.java:validateSafeModeExitRules(214)) - DataNodeSafeModeRule rule is successfully validated
2020-06-27 08:19:36,958 [RatisPipelineUtilsThread] INFO  pipeline.RatisPipelineProvider (RatisPipelineProvider.java:lambda$create$0(138)) - Sending CreatePipelineCommand for pipeline:PipelineID=ac5d7b3c-5ee7-483f-b489-ceed09a8ad4a to datanode:99a07450-395a-4667-b554-43c43076656b
2020-06-27 08:19:36,958 [RatisPipelineUtilsThread] INFO  pipeline.RatisPipelineProvider (RatisPipelineProvider.java:lambda$create$0(138)) - Sending CreatePipelineCommand for pipeline:PipelineID=ac5d7b3c-5ee7-483f-b489-ceed09a8ad4a to datanode:bd28fdde-8be9-44b6-aac4-f5ad5eca5270
2020-06-27 08:19:36,958 [RatisPipelineUtilsThread] INFO  pipeline.RatisPipelineProvider (RatisPipelineProvider.java:lambda$create$0(138)) - Sending CreatePipelineCommand for pipeline:PipelineID=ac5d7b3c-5ee7-483f-b489-ceed09a8ad4a to datanode:93ff5c27-cf24-4d90-9a81-2a4e4904b019
2020-06-27 08:19:36,958 [RatisPipelineUtilsThread] INFO  pipeline.PipelineStateManager (PipelineStateManager.java:addPipeline(54)) - Created pipeline Pipeline[ Id: ac5d7b3c-5ee7-483f-b489-ceed09a8ad4a, Nodes: 99a07450-395a-4667-b554-43c43076656b{ip: 172.17.0.2, host: 23863634748d, networkLocation: /default-rack, certSerialId: null}bd28fdde-8be9-44b6-aac4-f5ad5eca5270{ip: 172.17.0.2, host: 23863634748d, networkLocation: /default-rack, certSerialId: null}93ff5c27-cf24-4d90-9a81-2a4e4904b019{ip: 172.17.0.2, host: 23863634748d, networkLocation: /default-rack, certSerialId: null}, Type:RATIS, Factor:THREE, State:ALLOCATED, leaderId:, CreationTimestamp2020-06-27T08:19:36.958Z]
2020-06-27 08:19:36,959 [RatisPipelineUtilsThread] ERROR pipeline.SCMPipelineManager (SCMPipelineManager.java:createPipeline(222)) - Failed to create pipeline of type RATIS and factor THREE. Exception: Pipeline creation failed because nodes are engaged in other pipelines and every node can only be engaged in max 2 pipelines. Required 3. Found 0
2020-06-27 08:19:37,954 [Listener at 127.0.0.1/34065] INFO  ozone.MiniOzoneClusterImpl (MiniOzoneClusterImpl.java:lambda$waitForClusterToBeReady$0(177)) - Nodes are ready. Got 9 of 9 DN Heartbeats.
2020-06-27 08:19:37,955 [Listener at 127.0.0.1/34065] INFO  ozone.MiniOzoneClusterImpl (MiniOzoneClusterImpl.java:lambda$waitForClusterToBeReady$0(180)) - Waiting for cluster to exit safe mode
2020-06-27 08:19:38,956 [Listener at 127.0.0.1/34065] INFO  ozone.MiniOzoneClusterImpl (MiniOzoneClusterImpl.java:lambda$waitForClusterToBeReady$0(177)) - Nodes are ready. Got 9 of 9 DN Heartbeats.
2020-06-27 08:19:38,956 [Listener at 127.0.0.1/34065] INFO  ozone.MiniOzoneClusterImpl (MiniOzoneClusterImpl.java:lambda$waitForClusterToBeReady$0(180)) - Waiting for cluster to exit safe mode
2020-06-27 08:19:39,467 [Command processor thread] INFO  impl.RaftServerProxy (RaftServerProxy.java:addNew(89)) - 1678e861-f681-42e2-b20b-e04f00d52311: addNew group-A4A31F6C7020:[1678e861-f681-42e2-b20b-e04f00d52311:172.17.0.2:44129] returns group-A4A31F6C7020:java.util.concurrent.CompletableFuture@2ffe2d18[Not completed]
2020-06-27 08:19:39,468 [pool-502-thread-1] INFO  impl.RaftServerImpl (RaftServerImpl.java:<init>(99)) - 1678e861-f681-42e2-b20b-e04f00d52311: new RaftServerImpl for group-A4A31F6C7020:[1678e861-f681-42e2-b20b-e04f00d52311:172.17.0.2:44129] with ContainerStateMachine:uninitialized
2020-06-27 08:19:39,468 [pool-502-thread-1] INFO  server.RaftServerConfigKeys (ConfUtils.java:logGet(44)) - raft.server.rpc.timeout.min = 5s (custom)
2020-06-27 08:19:39,468 [pool-502-thread-1] INFO  server.RaftServerConfigKeys (ConfUtils.java:logGet(44)) - raft.server.rpc.timeout.max = 5200ms (custom)
2020-06-27 08:19:39,468 [pool-502-thread-1] INFO  server.RaftServerConfigKeys (ConfUtils.java:logGet(44)) - raft.server.rpcslowness.timeout = 300s (custom)
2020-06-27 08:19:39,468 [pool-502-thread-1] INFO  server.RaftServerConfigKeys (ConfUtils.java:logGet(44)) - raft.server.sleep.deviation.threshold = 300 (default)
2020-06-27 08:19:39,468 [pool-502-thread-1] INFO  server.RaftServerConfigKeys (ConfUtils.java:logGet(44)) - raft.server.log.appender.install.snapshot.enabled = false (custom)
2020-06-27 08:19:39,468 [pool-502-thread-1] INFO  impl.RaftServerImpl (ServerState.java:<init>(103)) - 1678e861-f681-42e2-b20b-e04f00d52311@group-A4A31F6C7020: ConfigurationManager, init=-1: [1678e861-f681-42e2-b20b-e04f00d52311:172.17.0.2:44129], old=null, confs=<EMPTY_MAP>
2020-06-27 08:19:39,468 [pool-502-thread-1] INFO  server.RaftServerConfigKeys (ConfUtils.java:logGet(44)) - raft.server.storage.dir = [/github/workspace/mnt/ozone/hadoop-ozone/integration-test/target/test-dir/MiniOzoneClusterImpl-1d3054ed-691e-4733-a773-d2ff76104d42/datanode-0/data/ratis] (custom)
2020-06-27 08:19:39,469 [pool-502-thread-1] INFO  server.RaftServerConfigKeys (ConfUtils.java:logGet(44)) - raft.server.log.corruption.policy = EXCEPTION (default)
2020-06-27 08:19:39,469 [pool-502-thread-1] INFO  storage.RaftStorageDirectory (RaftStorageDirectory.java:analyzeStorage(261)) - The storage directory /github/workspace/mnt/ozone/hadoop-ozone/integration-test/target/test-dir/MiniOzoneClusterImpl-1d3054ed-691e-4733-a773-d2ff76104d42/datanode-0/data/ratis/4208b5b4-fb5b-4582-9405-a4a31f6c7020 does not exist. Creating ...
2020-06-27 08:19:39,470 [pool-502-thread-1] INFO  storage.RaftStorageDirectory (RaftStorageDirectory.java:tryLock(343)) - Lock on /github/workspace/mnt/ozone/hadoop-ozone/integration-test/target/test-dir/MiniOzoneClusterImpl-1d3054ed-691e-4733-a773-d2ff76104d42/datanode-0/data/ratis/4208b5b4-fb5b-4582-9405-a4a31f6c7020/in_use.lock acquired by nodename 8206@23863634748d
2020-06-27 08:19:39,471 [pool-502-thread-1] INFO  storage.RaftStorage (RaftStorage.java:format(84)) - Storage directory /github/workspace/mnt/ozone/hadoop-ozone/integration-test/target/test-dir/MiniOzoneClusterImpl-1d3054ed-691e-4733-a773-d2ff76104d42/datanode-0/data/ratis/4208b5b4-fb5b-4582-9405-a4a31f6c7020 has been successfully formatted.
2020-06-27 08:19:39,476 [pool-502-thread-1] INFO  ratis.ContainerStateMachine (ContainerStateMachine.java:loadSnapshot(226)) - group-A4A31F6C7020: The snapshot info is null. Setting the last applied indexto:(t:0, i:~)
2020-06-27 08:19:39,477 [EventQueue-PipelineReportForPipelineReportHandler] INFO  pipeline.PipelineStateManager (PipelineStateManager.java:openPipeline(131)) - Pipeline Pipeline[ Id: 4208b5b4-fb5b-4582-9405-a4a31f6c7020, Nodes: 1678e861-f681-42e2-b20b-e04f00d52311{ip: 172.17.0.2, host: 23863634748d, networkLocation: /default-rack, certSerialId: null}, Type:RATIS, Factor:ONE, State:ALLOCATED, leaderId:1678e861-f681-42e2-b20b-e04f00d52311, CreationTimestamp2020-06-27T08:19:36.467Z] moved to OPEN state
2020-06-27 08:19:39,484 [pool-502-thread-1] INFO  server.RaftServerConfigKeys (ConfUtils.java:logGet(44)) - raft.server.notification.no-leader.timeout = 60s (default)
2020-06-27 08:19:39,484 [pool-502-thread-1] INFO  server.RaftServerConfigKeys (ConfUtils.java:logGet(44)) - raft.server.log.use.memory = false (default)
2020-06-27 08:19:39,484 [pool-502-thread-1] INFO  server.RaftServerConfigKeys (ConfUtils.java:logGet(44)) - raft.server.log.purge.gap = 1000000 (custom)
2020-06-27 08:19:39,485 [pool-502-thread-1] INFO  server.RaftServerConfigKeys (ConfUtils.java:logGet(44)) - raft.server.log.appender.buffer.byte-limit = 33554432 (custom)
2020-06-27 08:19:39,485 [pool-502-thread-1] INFO  server.RaftServerConfigKeys (ConfUtils.java:logGet(44)) - raft.server.log.segment.size.max = 1048576 (custom)
2020-06-27 08:19:39,485 [pool-502-thread-1] INFO  metrics.RatisMetrics (RatisMetrics.java:lambda$create$0(36)) - Creating Metrics Registry : ratis.log_worker.1678e861-f681-42e2-b20b-e04f00d52311@group-A4A31F6C7020
2020-06-27 08:19:39,485 [pool-502-thread-1] INFO  server.RaftServerConfigKeys (ConfUtils.java:logGet(44)) - raft.server.log.segment.cache.num.max = 2 (custom)
2020-06-27 08:19:39,485 [pool-502-thread-1] INFO  segmented.SegmentedRaftLogWorker (SegmentedRaftLogWorker.java:<init>(180)) - new 1678e861-f681-42e2-b20b-e04f00d52311@group-A4A31F6C7020-SegmentedRaftLogWorker for RaftStorage:Storage Directory /github/workspace/mnt/ozone/hadoop-ozone/integration-test/target/test-dir/MiniOzoneClusterImpl-1d3054ed-691e-4733-a773-d2ff76104d42/datanode-0/data/ratis/4208b5b4-fb5b-4582-9405-a4a31f6c7020
2020-06-27 08:19:39,485 [pool-502-thread-1] INFO  server.RaftServerConfigKeys (ConfUtils.java:logGet(44)) - raft.server.log.queue.byte-limit = 2147483647 (custom)
2020-06-27 08:19:39,485 [pool-502-thread-1] INFO  server.RaftServerConfigKeys (ConfUtils.java:logGet(44)) - raft.server.log.queue.element-limit = 1024 (custom)
2020-06-27 08:19:39,485 [pool-502-thread-1] INFO  server.RaftServerConfigKeys (ConfUtils.java:logGet(44)) - raft.server.log.segment.size.max = 1048576 (custom)
2020-06-27 08:19:39,485 [pool-502-thread-1] INFO  server.RaftServerConfigKeys (ConfUtils.java:logGet(44)) - raft.server.log.preallocated.size = 16384 (custom)
2020-06-27 08:19:39,485 [pool-502-thread-1] INFO  server.RaftServerConfigKeys (ConfUtils.java:logGet(44)) - raft.server.log.write.buffer.size = 1048576 (custom)
2020-06-27 08:19:39,485 [pool-502-thread-1] INFO  server.RaftServerConfigKeys (ConfUtils.java:logGet(44)) - raft.server.log.force.sync.num = 128 (default)
2020-06-27 08:19:39,486 [pool-502-thread-1] INFO  server.RaftServerConfigKeys (ConfUtils.java:logGet(44)) - raft.server.log.statemachine.data.sync = true (default)
2020-06-27 08:19:39,486 [pool-502-thread-1] INFO  server.RaftServerConfigKeys (ConfUtils.java:logGet(44)) - raft.server.log.statemachine.data.sync.timeout = 10s (default)
2020-06-27 08:19:39,486 [pool-502-thread-1] INFO  server.RaftServerConfigKeys (ConfUtils.java:logGet(44)) - raft.server.log.statemachine.data.sync.timeout.retry = -1 (default)
2020-06-27 08:19:39,486 [EventQueue-OpenPipelineForHealthyPipelineSafeModeRule] INFO  safemode.SCMSafeModeManager (HealthyPipelineSafeModeRule.java:process(132)) - SCM in safe mode. Healthy pipelines reported count is 0, required healthy pipeline reported count is 1
2020-06-27 08:19:39,488 [EventQueue-OpenPipelineForOneReplicaPipelineSafeModeRule] INFO  safemode.SCMSafeModeManager (SCMSafeModeManager.java:validateSafeModeExitRules(214)) - AtleastOneDatanodeReportedRule rule is successfully validated
2020-06-27 08:19:39,489 [pool-502-thread-1] INFO  server.RaftServerConfigKeys (ConfUtils.java:logGet(44)) - raft.server.log.statemachine.data.caching.enabled = true (custom)
2020-06-27 08:19:39,489 [pool-502-thread-1] INFO  segmented.SegmentedRaftLogWorker (SegmentedRaftLogWorker.java:lambda$new$0(129)) - 1678e861-f681-42e2-b20b-e04f00d52311@group-A4A31F6C7020-SegmentedRaftLogWorker: flushIndex: setUnconditionally 0 -> -1
2020-06-27 08:19:39,489 [pool-502-thread-1] INFO  segmented.SegmentedRaftLogWorker (SegmentedRaftLogWorker.java:lambda$new$0(129)) - 1678e861-f681-42e2-b20b-e04f00d52311@group-A4A31F6C7020-SegmentedRaftLogWorker: safeCacheEvictIndex: setUnconditionally 0 -> -1
2020-06-27 08:19:39,489 [pool-502-thread-1] INFO  server.RaftServerConfigKeys (ConfUtils.java:logGet(44)) - raft.server.snapshot.auto.trigger.enabled = true (custom)
2020-06-27 08:19:39,489 [pool-502-thread-1] INFO  server.RaftServerConfigKeys (ConfUtils.java:logGet(44)) - raft.server.snapshot.auto.trigger.threshold = 10000 (custom)
2020-06-27 08:19:39,489 [pool-502-thread-1] INFO  server.RaftServerConfigKeys (ConfUtils.java:logGet(44)) - raft.server.snapshot.retention.file.num = 5 (custom)
2020-06-27 08:19:39,489 [pool-502-thread-1] INFO  server.RaftServerConfigKeys (ConfUtils.java:logGet(44)) - raft.server.log.purge.upto.snapshot.index = false (default)
2020-06-27 08:19:39,489 [pool-502-thread-1] INFO  server.RaftServerConfigKeys (ConfUtils.java:logGet(44)) - raft.server.retrycache.expirytime = 600000ms (custom)
2020-06-27 08:19:39,489 [pool-502-thread-1] INFO  metrics.RatisMetrics (RatisMetrics.java:lambda$create$0(36)) - Creating Metrics Registry : ratis.leader_election.1678e861-f681-42e2-b20b-e04f00d52311@group-A4A31F6C7020
2020-06-27 08:19:39,490 [pool-502-thread-1] INFO  metrics.RatisMetrics (RatisMetrics.java:lambda$create$0(36)) - Creating Metrics Registry : ratis.server.1678e861-f681-42e2-b20b-e04f00d52311@group-A4A31F6C7020
2020-06-27 08:19:39,492 [pool-502-thread-1] INFO  impl.RaftServerImpl (RaftServerImpl.java:start(186)) - 1678e861-f681-42e2-b20b-e04f00d52311@group-A4A31F6C7020: start as a follower, conf=-1: [1678e861-f681-42e2-b20b-e04f00d52311:172.17.0.2:44129], old=null
2020-06-27 08:19:39,492 [pool-502-thread-1] INFO  impl.RaftServerImpl (RaftServerImpl.java:setRole(175)) - 1678e861-f681-42e2-b20b-e04f00d52311@group-A4A31F6C7020: changes role from      null to FOLLOWER at term 0 for startAsFollower
2020-06-27 08:19:39,492 [pool-502-thread-1] INFO  impl.RoleInfo (RoleInfo.java:updateAndGet(143)) - 1678e861-f681-42e2-b20b-e04f00d52311: start FollowerState
2020-06-27 08:19:39,492 [pool-502-thread-1] INFO  util.JmxRegister (JmxRegister.java:tryRegister(44)) - Successfully registered JMX Bean with object name Ratis:service=RaftServer,group=group-A4A31F6C7020,id=1678e861-f681-42e2-b20b-e04f00d52311
2020-06-27 08:19:39,492 [pool-502-thread-1] INFO  metrics.RatisMetrics (RatisMetrics.java:lambda$create$0(36)) - Creating Metrics Registry : ratis.state_machine.1678e861-f681-42e2-b20b-e04f00d52311@group-A4A31F6C7020
2020-06-27 08:19:39,493 [Command processor thread] INFO  commandhandler.CreatePipelineCommandHandler (CreatePipelineCommandHandler.java:handle(109)) - Created Pipeline RATIS ONE #id: "4208b5b4-fb5b-4582-9405-a4a31f6c7020"
.
2020-06-27 08:19:39,493 [Command processor thread] INFO  impl.RaftServerProxy (RaftServerProxy.java:addNew(89)) - 1678e861-f681-42e2-b20b-e04f00d52311: addNew group-7AAF34FA3258:[1678e861-f681-42e2-b20b-e04f00d52311:172.17.0.2:44129, 56bfd1ae-fa2f-4839-ba3b-0401545d2b7a:172.17.0.2:37091, e3ff1c2c-6f58-4f63-bc65-22c0097003cb:172.17.0.2:44705] returns group-7AAF34FA3258:java.util.concurrent.CompletableFuture@2bc1ac3f[Not completed]
2020-06-27 08:19:39,494 [pool-502-thread-1] INFO  impl.RaftServerImpl (RaftServerImpl.java:<init>(99)) - 1678e861-f681-42e2-b20b-e04f00d52311: new RaftServerImpl for group-7AAF34FA3258:[1678e861-f681-42e2-b20b-e04f00d52311:172.17.0.2:44129, 56bfd1ae-fa2f-4839-ba3b-0401545d2b7a:172.17.0.2:37091, e3ff1c2c-6f58-4f63-bc65-22c0097003cb:172.17.0.2:44705] with ContainerStateMachine:uninitialized
2020-06-27 08:19:39,494 [pool-502-thread-1] INFO  server.RaftServerConfigKeys (ConfUtils.java:logGet(44)) - raft.server.rpc.timeout.min = 5s (custom)
2020-06-27 08:19:39,494 [pool-502-thread-1] INFO  server.RaftServerConfigKeys (ConfUtils.java:logGet(44)) - raft.server.rpc.timeout.max = 5200ms (custom)
2020-06-27 08:19:39,494 [pool-502-thread-1] INFO  server.RaftServerConfigKeys (ConfUtils.java:logGet(44)) - raft.server.rpcslowness.timeout = 300s (custom)
2020-06-27 08:19:39,494 [pool-502-thread-1] INFO  server.RaftServerConfigKeys (ConfUtils.java:logGet(44)) - raft.server.sleep.deviation.threshold = 300 (default)
2020-06-27 08:19:39,494 [pool-502-thread-1] INFO  server.RaftServerConfigKeys (ConfUtils.java:logGet(44)) - raft.server.log.appender.install.snapshot.enabled = false (custom)
2020-06-27 08:19:39,494 [pool-502-thread-1] INFO  impl.RaftServerImpl (ServerState.java:<init>(103)) - 1678e861-f681-42e2-b20b-e04f00d52311@group-7AAF34FA3258: ConfigurationManager, init=-1: [1678e861-f681-42e2-b20b-e04f00d52311:172.17.0.2:44129, 56bfd1ae-fa2f-4839-ba3b-0401545d2b7a:172.17.0.2:37091, e3ff1c2c-6f58-4f63-bc65-22c0097003cb:172.17.0.2:44705], old=null, confs=<EMPTY_MAP>
2020-06-27 08:19:39,494 [pool-502-thread-1] INFO  server.RaftServerConfigKeys (ConfUtils.java:logGet(44)) - raft.server.storage.dir = [/github/workspace/mnt/ozone/hadoop-ozone/integration-test/target/test-dir/MiniOzoneClusterImpl-1d3054ed-691e-4733-a773-d2ff76104d42/datanode-0/data/ratis] (custom)
2020-06-27 08:19:39,494 [pool-502-thread-1] INFO  server.RaftServerConfigKeys (ConfUtils.java:logGet(44)) - raft.server.log.corruption.policy = EXCEPTION (default)
2020-06-27 08:19:39,495 [pool-502-thread-1] INFO  storage.RaftStorageDirectory (RaftStorageDirectory.java:analyzeStorage(261)) - The storage directory /github/workspace/mnt/ozone/hadoop-ozone/integration-test/target/test-dir/MiniOzoneClusterImpl-1d3054ed-691e-4733-a773-d2ff76104d42/datanode-0/data/ratis/24909f19-af55-4f04-a402-7aaf34fa3258 does not exist. Creating ...
2020-06-27 08:19:39,496 [pool-502-thread-1] INFO  storage.RaftStorageDirectory (RaftStorageDirectory.java:tryLock(343)) - Lock on /github/workspace/mnt/ozone/hadoop-ozone/integration-test/target/test-dir/MiniOzoneClusterImpl-1d3054ed-691e-4733-a773-d2ff76104d42/datanode-0/data/ratis/24909f19-af55-4f04-a402-7aaf34fa3258/in_use.lock acquired by nodename 8206@23863634748d
2020-06-27 08:19:39,497 [pool-502-thread-1] INFO  storage.RaftStorage (RaftStorage.java:format(84)) - Storage directory /github/workspace/mnt/ozone/hadoop-ozone/integration-test/target/test-dir/MiniOzoneClusterImpl-1d3054ed-691e-4733-a773-d2ff76104d42/datanode-0/data/ratis/24909f19-af55-4f04-a402-7aaf34fa3258 has been successfully formatted.
2020-06-27 08:19:39,497 [pool-502-thread-1] INFO  ratis.ContainerStateMachine (ContainerStateMachine.java:loadSnapshot(226)) - group-7AAF34FA3258: The snapshot info is null. Setting the last applied indexto:(t:0, i:~)
2020-06-27 08:19:39,497 [pool-502-thread-1] INFO  server.RaftServerConfigKeys (ConfUtils.java:logGet(44)) - raft.server.notification.no-leader.timeout = 60s (default)
2020-06-27 08:19:39,497 [pool-502-thread-1] INFO  server.RaftServerConfigKeys (ConfUtils.java:logGet(44)) - raft.server.log.use.memory = false (default)
2020-06-27 08:19:39,497 [pool-502-thread-1] INFO  server.RaftServerConfigKeys (ConfUtils.java:logGet(44)) - raft.server.log.purge.gap = 1000000 (custom)
2020-06-27 08:19:39,497 [pool-502-thread-1] INFO  server.RaftServerConfigKeys (ConfUtils.java:logGet(44)) - raft.server.log.appender.buffer.byte-limit = 33554432 (custom)
2020-06-27 08:19:39,498 [pool-502-thread-1] INFO  server.RaftServerConfigKeys (ConfUtils.java:logGet(44)) - raft.server.log.segment.size.max = 1048576 (custom)
2020-06-27 08:19:39,498 [pool-502-thread-1] INFO  metrics.RatisMetrics (RatisMetrics.java:lambda$create$0(36)) - Creating Metrics Registry : ratis.log_worker.1678e861-f681-42e2-b20b-e04f00d52311@group-7AAF34FA3258
2020-06-27 08:19:39,499 [pool-502-thread-1] INFO  server.RaftServerConfigKeys (ConfUtils.java:logGet(44)) - raft.server.log.segment.cache.num.max = 2 (custom)
2020-06-27 08:19:39,499 [pool-502-thread-1] INFO  segmented.SegmentedRaftLogWorker (SegmentedRaftLogWorker.java:<init>(180)) - new 1678e861-f681-42e2-b20b-e04f00d52311@group-7AAF34FA3258-SegmentedRaftLogWorker for RaftStorage:Storage Directory /github/workspace/mnt/ozone/hadoop-ozone/integration-test/target/test-dir/MiniOzoneClusterImpl-1d3054ed-691e-4733-a773-d2ff76104d42/datanode-0/data/ratis/24909f19-af55-4f04-a402-7aaf34fa3258
2020-06-27 08:19:39,499 [pool-502-thread-1] INFO  server.RaftServerConfigKeys (ConfUtils.java:logGet(44)) - raft.server.log.queue.byte-limit = 2147483647 (custom)
2020-06-27 08:19:39,499 [pool-502-thread-1] INFO  server.RaftServerConfigKeys (ConfUtils.java:logGet(44)) - raft.server.log.queue.element-limit = 1024 (custom)
2020-06-27 08:19:39,500 [pool-502-thread-1] INFO  server.RaftServerConfigKeys (ConfUtils.java:logGet(44)) - raft.server.log.segment.size.max = 1048576 (custom)
2020-06-27 08:19:39,500 [pool-502-thread-1] INFO  server.RaftServerConfigKeys (ConfUtils.java:logGet(44)) - raft.server.log.preallocated.size = 16384 (custom)
2020-06-27 08:19:39,500 [pool-502-thread-1] INFO  server.RaftServerConfigKeys (ConfUtils.java:logGet(44)) - raft.server.log.write.buffer.size = 1048576 (custom)
2020-06-27 08:19:39,500 [pool-502-thread-1] INFO  server.RaftServerConfigKeys (ConfUtils.java:logGet(44)) - raft.server.log.force.sync.num = 128 (default)
2020-06-27 08:19:39,500 [pool-502-thread-1] INFO  server.RaftServerConfigKeys (ConfUtils.java:logGet(44)) - raft.server.log.statemachine.data.sync = true (default)
2020-06-27 08:19:39,500 [pool-502-thread-1] INFO  server.RaftServerConfigKeys (ConfUtils.java:logGet(44)) - raft.server.log.statemachine.data.sync.timeout = 10s (default)
2020-06-27 08:19:39,500 [pool-502-thread-1] INFO  server.RaftServerConfigKeys (ConfUtils.java:logGet(44)) - raft.server.log.statemachine.data.sync.timeout.retry = -1 (default)
2020-06-27 08:19:39,502 [pool-502-thread-1] INFO  server.RaftServerConfigKeys (ConfUtils.java:logGet(44)) - raft.server.log.statemachine.data.caching.enabled = true (custom)
2020-06-27 08:19:39,502 [pool-502-thread-1] INFO  segmented.SegmentedRaftLogWorker (SegmentedRaftLogWorker.java:lambda$new$0(129)) - 1678e861-f681-42e2-b20b-e04f00d52311@group-7AAF34FA3258-SegmentedRaftLogWorker: flushIndex: setUnconditionally 0 -> -1
2020-06-27 08:19:39,502 [pool-502-thread-1] INFO  segmented.SegmentedRaftLogWorker (SegmentedRaftLogWorker.java:lambda$new$0(129)) - 1678e861-f681-42e2-b20b-e04f00d52311@group-7AAF34FA3258-SegmentedRaftLogWorker: safeCacheEvictIndex: setUnconditionally 0 -> -1
2020-06-27 08:19:39,502 [pool-502-thread-1] INFO  server.RaftServerConfigKeys (ConfUtils.java:logGet(44)) - raft.server.snapshot.auto.trigger.enabled = true (custom)
2020-06-27 08:19:39,502 [pool-502-thread-1] INFO  server.RaftServerConfigKeys (ConfUtils.java:logGet(44)) - raft.server.snapshot.auto.trigger.threshold = 10000 (custom)
2020-06-27 08:19:39,502 [pool-502-thread-1] INFO  server.RaftServerConfigKeys (ConfUtils.java:logGet(44)) - raft.server.snapshot.retention.file.num = 5 (custom)
2020-06-27 08:19:39,502 [pool-502-thread-1] INFO  server.RaftServerConfigKeys (ConfUtils.java:logGet(44)) - raft.server.log.purge.upto.snapshot.index = false (default)
2020-06-27 08:19:39,502 [pool-502-thread-1] INFO  server.RaftServerConfigKeys (ConfUtils.java:logGet(44)) - raft.server.retrycache.expirytime = 600000ms (custom)
2020-06-27 08:19:39,503 [pool-502-thread-1] INFO  metrics.RatisMetrics (RatisMetrics.java:lambda$create$0(36)) - Creating Metrics Registry : ratis.leader_election.1678e861-f681-42e2-b20b-e04f00d52311@group-7AAF34FA3258
2020-06-27 08:19:39,503 [pool-502-thread-1] INFO  metrics.RatisMetrics (RatisMetrics.java:lambda$create$0(36)) - Creating Metrics Registry : ratis.server.1678e861-f681-42e2-b20b-e04f00d52311@group-7AAF34FA3258
2020-06-27 08:19:39,505 [pool-502-thread-1] INFO  impl.RaftServerImpl (RaftServerImpl.java:start(186)) - 1678e861-f681-42e2-b20b-e04f00d52311@group-7AAF34FA3258: start as a follower, conf=-1: [1678e861-f681-42e2-b20b-e04f00d52311:172.17.0.2:44129, 56bfd1ae-fa2f-4839-ba3b-0401545d2b7a:172.17.0.2:37091, e3ff1c2c-6f58-4f63-bc65-22c0097003cb:172.17.0.2:44705], old=null
2020-06-27 08:19:39,505 [pool-502-thread-1] INFO  impl.RaftServerImpl (RaftServerImpl.java:setRole(175)) - 1678e861-f681-42e2-b20b-e04f00d52311@group-7AAF34FA3258: changes role from      null to FOLLOWER at term 0 for startAsFollower
2020-06-27 08:19:39,505 [pool-502-thread-1] INFO  impl.RoleInfo (RoleInfo.java:updateAndGet(143)) - 1678e861-f681-42e2-b20b-e04f00d52311: start FollowerState
2020-06-27 08:19:39,508 [pool-502-thread-1] INFO  util.JmxRegister (JmxRegister.java:tryRegister(44)) - Successfully registered JMX Bean with object name Ratis:service=RaftServer,group=group-7AAF34FA3258,id=1678e861-f681-42e2-b20b-e04f00d52311
2020-06-27 08:19:39,508 [pool-502-thread-1] INFO  metrics.RatisMetrics (RatisMetrics.java:lambda$create$0(36)) - Creating Metrics Registry : ratis.state_machine.1678e861-f681-42e2-b20b-e04f00d52311@group-7AAF34FA3258
2020-06-27 08:19:39,517 [Command processor thread] INFO  impl.RaftServerProxy (RaftServerProxy.java:addNew(89)) - 56bfd1ae-fa2f-4839-ba3b-0401545d2b7a: addNew group-9529E82E8AF8:[56bfd1ae-fa2f-4839-ba3b-0401545d2b7a:172.17.0.2:37091] returns group-9529E82E8AF8:java.util.concurrent.CompletableFuture@757956d7[Not completed]
2020-06-27 08:19:39,525 [grpc-default-executor-6] INFO  impl.RaftServerProxy (RaftServerProxy.java:addNew(89)) - e3ff1c2c-6f58-4f63-bc65-22c0097003cb: addNew group-7AAF34FA3258:[1678e861-f681-42e2-b20b-e04f00d52311:172.17.0.2:44129, 56bfd1ae-fa2f-4839-ba3b-0401545d2b7a:172.17.0.2:37091, e3ff1c2c-6f58-4f63-bc65-22c0097003cb:172.17.0.2:44705] returns group-7AAF34FA3258:java.util.concurrent.CompletableFuture@cac7fc[Not completed]
2020-06-27 08:19:39,525 [pool-517-thread-1] INFO  impl.RaftServerImpl (RaftServerImpl.java:<init>(99)) - 56bfd1ae-fa2f-4839-ba3b-0401545d2b7a: new RaftServerImpl for group-9529E82E8AF8:[56bfd1ae-fa2f-4839-ba3b-0401545d2b7a:172.17.0.2:37091] with ContainerStateMachine:uninitialized
2020-06-27 08:19:39,525 [pool-517-thread-1] INFO  server.RaftServerConfigKeys (ConfUtils.java:logGet(44)) - raft.server.rpc.timeout.min = 5s (custom)
2020-06-27 08:19:39,525 [pool-517-thread-1] INFO  server.RaftServerConfigKeys (ConfUtils.java:logGet(44)) - raft.server.rpc.timeout.max = 5200ms (custom)
2020-06-27 08:19:39,525 [pool-517-thread-1] INFO  server.RaftServerConfigKeys (ConfUtils.java:logGet(44)) - raft.server.rpcslowness.timeout = 300s (custom)
2020-06-27 08:19:39,525 [pool-517-thread-1] INFO  server.RaftServerConfigKeys (ConfUtils.java:logGet(44)) - raft.server.sleep.deviation.threshold = 300 (default)
2020-06-27 08:19:39,525 [pool-517-thread-1] INFO  server.RaftServerConfigKeys (ConfUtils.java:logGet(44)) - raft.server.log.appender.install.snapshot.enabled = false (custom)
2020-06-27 08:19:39,525 [pool-517-thread-1] INFO  impl.RaftServerImpl (ServerState.java:<init>(103)) - 56bfd1ae-fa2f-4839-ba3b-0401545d2b7a@group-9529E82E8AF8: ConfigurationManager, init=-1: [56bfd1ae-fa2f-4839-ba3b-0401545d2b7a:172.17.0.2:37091], old=null, confs=<EMPTY_MAP>
2020-06-27 08:19:39,526 [pool-532-thread-1] INFO  impl.RaftServerImpl (RaftServerImpl.java:<init>(99)) - e3ff1c2c-6f58-4f63-bc65-22c0097003cb: new RaftServerImpl for group-7AAF34FA3258:[1678e861-f681-42e2-b20b-e04f00d52311:172.17.0.2:44129, 56bfd1ae-fa2f-4839-ba3b-0401545d2b7a:172.17.0.2:37091, e3ff1c2c-6f58-4f63-bc65-22c0097003cb:172.17.0.2:44705] with ContainerStateMachine:uninitialized
2020-06-27 08:19:39,526 [pool-532-thread-1] INFO  server.RaftServerConfigKeys (ConfUtils.java:logGet(44)) - raft.server.rpc.timeout.min = 5s (custom)
2020-06-27 08:19:39,526 [pool-532-thread-1] INFO  server.RaftServerConfigKeys (ConfUtils.java:logGet(44)) - raft.server.rpc.timeout.max = 5200ms (custom)
2020-06-27 08:19:39,526 [pool-532-thread-1] INFO  server.RaftServerConfigKeys (ConfUtils.java:logGet(44)) - raft.server.rpcslowness.timeout = 300s (custom)
2020-06-27 08:19:39,526 [pool-532-thread-1] INFO  server.RaftServerConfigKeys (ConfUtils.java:logGet(44)) - raft.server.sleep.deviation.threshold = 300 (default)
2020-06-27 08:19:39,526 [pool-532-thread-1] INFO  server.RaftServerConfigKeys (ConfUtils.java:logGet(44)) - raft.server.log.appender.install.snapshot.enabled = false (custom)
2020-06-27 08:19:39,526 [pool-532-thread-1] INFO  impl.RaftServerImpl (ServerState.java:<init>(103)) - e3ff1c2c-6f58-4f63-bc65-22c0097003cb@group-7AAF34FA3258: ConfigurationManager, init=-1: [1678e861-f681-42e2-b20b-e04f00d52311:172.17.0.2:44129, 56bfd1ae-fa2f-4839-ba3b-0401545d2b7a:172.17.0.2:37091, e3ff1c2c-6f58-4f63-bc65-22c0097003cb:172.17.0.2:44705], old=null, confs=<EMPTY_MAP>
2020-06-27 08:19:39,526 [pool-532-thread-1] INFO  server.RaftServerConfigKeys (ConfUtils.java:logGet(44)) - raft.server.storage.dir = [/github/workspace/mnt/ozone/hadoop-ozone/integration-test/target/test-dir/MiniOzoneClusterImpl-1d3054ed-691e-4733-a773-d2ff76104d42/datanode-2/data/ratis] (custom)
2020-06-27 08:19:39,526 [pool-532-thread-1] INFO  server.RaftServerConfigKeys (ConfUtils.java:logGet(44)) - raft.server.log.corruption.policy = EXCEPTION (default)
2020-06-27 08:19:39,526 [pool-532-thread-1] INFO  storage.RaftStorageDirectory (RaftStorageDirectory.java:analyzeStorage(261)) - The storage directory /github/workspace/mnt/ozone/hadoop-ozone/integration-test/target/test-dir/MiniOzoneClusterImpl-1d3054ed-691e-4733-a773-d2ff76104d42/datanode-2/data/ratis/24909f19-af55-4f04-a402-7aaf34fa3258 does not exist. Creating ...
2020-06-27 08:19:39,526 [pool-517-thread-1] INFO  server.RaftServerConfigKeys (ConfUtils.java:logGet(44)) - raft.server.storage.dir = [/github/workspace/mnt/ozone/hadoop-ozone/integration-test/target/test-dir/MiniOzoneClusterImpl-1d3054ed-691e-4733-a773-d2ff76104d42/datanode-1/data/ratis] (custom)
2020-06-27 08:19:39,536 [pool-517-thread-1] INFO  server.RaftServerConfigKeys (ConfUtils.java:logGet(44)) - raft.server.log.corruption.policy = EXCEPTION (default)
2020-06-27 08:19:39,536 [pool-517-thread-1] INFO  storage.RaftStorageDirectory (RaftStorageDirectory.java:analyzeStorage(261)) - The storage directory /github/workspace/mnt/ozone/hadoop-ozone/integration-test/target/test-dir/MiniOzoneClusterImpl-1d3054ed-691e-4733-a773-d2ff76104d42/datanode-1/data/ratis/7ebfc387-0101-4f31-ac68-9529e82e8af8 does not exist. Creating ...
2020-06-27 08:19:39,536 [pool-532-thread-1] INFO  storage.RaftStorageDirectory (RaftStorageDirectory.java:tryLock(343)) - Lock on /github/workspace/mnt/ozone/hadoop-ozone/integration-test/target/test-dir/MiniOzoneClusterImpl-1d3054ed-691e-4733-a773-d2ff76104d42/datanode-2/data/ratis/24909f19-af55-4f04-a402-7aaf34fa3258/in_use.lock acquired by nodename 8206@23863634748d
2020-06-27 08:19:39,537 [pool-532-thread-1] INFO  storage.RaftStorage (RaftStorage.java:format(84)) - Storage directory /github/workspace/mnt/ozone/hadoop-ozone/integration-test/target/test-dir/MiniOzoneClusterImpl-1d3054ed-691e-4733-a773-d2ff76104d42/datanode-2/data/ratis/24909f19-af55-4f04-a402-7aaf34fa3258 has been successfully formatted.
2020-06-27 08:19:39,538 [pool-517-thread-1] INFO  storage.RaftStorageDirectory (RaftStorageDirectory.java:tryLock(343)) - Lock on /github/workspace/mnt/ozone/hadoop-ozone/integration-test/target/test-dir/MiniOzoneClusterImpl-1d3054ed-691e-4733-a773-d2ff76104d42/datanode-1/data/ratis/7ebfc387-0101-4f31-ac68-9529e82e8af8/in_use.lock acquired by nodename 8206@23863634748d
2020-06-27 08:19:39,539 [pool-532-thread-1] INFO  ratis.ContainerStateMachine (ContainerStateMachine.java:loadSnapshot(226)) - group-7AAF34FA3258: The snapshot info is null. Setting the last applied indexto:(t:0, i:~)
2020-06-27 08:19:39,539 [pool-532-thread-1] INFO  server.RaftServerConfigKeys (ConfUtils.java:logGet(44)) - raft.server.notification.no-leader.timeout = 60s (default)
2020-06-27 08:19:39,539 [pool-532-thread-1] INFO  server.RaftServerConfigKeys (ConfUtils.java:logGet(44)) - raft.server.log.use.memory = false (default)
2020-06-27 08:19:39,539 [pool-532-thread-1] INFO  server.RaftServerConfigKeys (ConfUtils.java:logGet(44)) - raft.server.log.purge.gap = 1000000 (custom)
2020-06-27 08:19:39,539 [pool-532-thread-1] INFO  server.RaftServerConfigKeys (ConfUtils.java:logGet(44)) - raft.server.log.appender.buffer.byte-limit = 33554432 (custom)
2020-06-27 08:19:39,539 [pool-532-thread-1] INFO  server.RaftServerConfigKeys (ConfUtils.java:logGet(44)) - raft.server.log.segment.size.max = 1048576 (custom)
2020-06-27 08:19:39,539 [pool-532-thread-1] INFO  metrics.RatisMetrics (RatisMetrics.java:lambda$create$0(36)) - Creating Metrics Registry : ratis.log_worker.e3ff1c2c-6f58-4f63-bc65-22c0097003cb@group-7AAF34FA3258
2020-06-27 08:19:39,539 [pool-532-thread-1] INFO  server.RaftServerConfigKeys (ConfUtils.java:logGet(44)) - raft.server.log.segment.cache.num.max = 2 (custom)
2020-06-27 08:19:39,539 [pool-532-thread-1] INFO  segmented.SegmentedRaftLogWorker (SegmentedRaftLogWorker.java:<init>(180)) - new e3ff1c2c-6f58-4f63-bc65-22c0097003cb@group-7AAF34FA3258-SegmentedRaftLogWorker for RaftStorage:Storage Directory /github/workspace/mnt/ozone/hadoop-ozone/integration-test/target/test-dir/MiniOzoneClusterImpl-1d3054ed-691e-4733-a773-d2ff76104d42/datanode-2/data/ratis/24909f19-af55-4f04-a402-7aaf34fa3258
2020-06-27 08:19:39,539 [pool-532-thread-1] INFO  server.RaftServerConfigKeys (ConfUtils.java:logGet(44)) - raft.server.log.queue.byte-limit = 2147483647 (custom)
2020-06-27 08:19:39,539 [pool-532-thread-1] INFO  server.RaftServerConfigKeys (ConfUtils.java:logGet(44)) - raft.server.log.queue.element-limit = 1024 (custom)
2020-06-27 08:19:39,539 [pool-532-thread-1] INFO  server.RaftServerConfigKeys (ConfUtils.java:logGet(44)) - raft.server.log.segment.size.max = 1048576 (custom)
2020-06-27 08:19:39,539 [pool-532-thread-1] INFO  server.RaftServerConfigKeys (ConfUtils.java:logGet(44)) - raft.server.log.preallocated.size = 16384 (custom)
2020-06-27 08:19:39,539 [pool-532-thread-1] INFO  server.RaftServerConfigKeys (ConfUtils.java:logGet(44)) - raft.server.log.write.buffer.size = 1048576 (custom)
2020-06-27 08:19:39,540 [pool-532-thread-1] INFO  server.RaftServerConfigKeys (ConfUtils.java:logGet(44)) - raft.server.log.force.sync.num = 128 (default)
2020-06-27 08:19:39,540 [pool-532-thread-1] INFO  server.RaftServerConfigKeys (ConfUtils.java:logGet(44)) - raft.server.log.statemachine.data.sync = true (default)
2020-06-27 08:19:39,540 [pool-532-thread-1] INFO  server.RaftServerConfigKeys (ConfUtils.java:logGet(44)) - raft.server.log.statemachine.data.sync.timeout = 10s (default)
2020-06-27 08:19:39,540 [pool-532-thread-1] INFO  server.RaftServerConfigKeys (ConfUtils.java:logGet(44)) - raft.server.log.statemachine.data.sync.timeout.retry = -1 (default)
2020-06-27 08:19:39,542 [pool-532-thread-1] INFO  server.RaftServerConfigKeys (ConfUtils.java:logGet(44)) - raft.server.log.statemachine.data.caching.enabled = true (custom)
2020-06-27 08:19:39,542 [pool-532-thread-1] INFO  segmented.SegmentedRaftLogWorker (SegmentedRaftLogWorker.java:lambda$new$0(129)) - e3ff1c2c-6f58-4f63-bc65-22c0097003cb@group-7AAF34FA3258-SegmentedRaftLogWorker: flushIndex: setUnconditionally 0 -> -1
2020-06-27 08:19:39,542 [pool-532-thread-1] INFO  segmented.SegmentedRaftLogWorker (SegmentedRaftLogWorker.java:lambda$new$0(129)) - e3ff1c2c-6f58-4f63-bc65-22c0097003cb@group-7AAF34FA3258-SegmentedRaftLogWorker: safeCacheEvictIndex: setUnconditionally 0 -> -1
2020-06-27 08:19:39,543 [pool-517-thread-1] INFO  storage.RaftStorage (RaftStorage.java:format(84)) - Storage directory /github/workspace/mnt/ozone/hadoop-ozone/integration-test/target/test-dir/MiniOzoneClusterImpl-1d3054ed-691e-4733-a773-d2ff76104d42/datanode-1/data/ratis/7ebfc387-0101-4f31-ac68-9529e82e8af8 has been successfully formatted.
2020-06-27 08:19:39,543 [pool-532-thread-1] INFO  server.RaftServerConfigKeys (ConfUtils.java:logGet(44)) - raft.server.snapshot.auto.trigger.enabled = true (custom)
2020-06-27 08:19:39,544 [pool-532-thread-1] INFO  server.RaftServerConfigKeys (ConfUtils.java:logGet(44)) - raft.server.snapshot.auto.trigger.threshold = 10000 (custom)
2020-06-27 08:19:39,544 [pool-532-thread-1] INFO  server.RaftServerConfigKeys (ConfUtils.java:logGet(44)) - raft.server.snapshot.retention.file.num = 5 (custom)
2020-06-27 08:19:39,545 [pool-532-thread-1] INFO  server.RaftServerConfigKeys (ConfUtils.java:logGet(44)) - raft.server.log.purge.upto.snapshot.index = false (default)
2020-06-27 08:19:39,545 [pool-532-thread-1] INFO  server.RaftServerConfigKeys (ConfUtils.java:logGet(44)) - raft.server.retrycache.expirytime = 600000ms (custom)
2020-06-27 08:19:39,545 [pool-532-thread-1] INFO  metrics.RatisMetrics (RatisMetrics.java:lambda$create$0(36)) - Creating Metrics Registry : ratis.leader_election.e3ff1c2c-6f58-4f63-bc65-22c0097003cb@group-7AAF34FA3258
2020-06-27 08:19:39,546 [pool-532-thread-1] INFO  metrics.RatisMetrics (RatisMetrics.java:lambda$create$0(36)) - Creating Metrics Registry : ratis.server.e3ff1c2c-6f58-4f63-bc65-22c0097003cb@group-7AAF34FA3258
2020-06-27 08:19:39,554 [pool-532-thread-1] INFO  impl.RaftServerImpl (RaftServerImpl.java:start(186)) - e3ff1c2c-6f58-4f63-bc65-22c0097003cb@group-7AAF34FA3258: start as a follower, conf=-1: [1678e861-f681-42e2-b20b-e04f00d52311:172.17.0.2:44129, 56bfd1ae-fa2f-4839-ba3b-0401545d2b7a:172.17.0.2:37091, e3ff1c2c-6f58-4f63-bc65-22c0097003cb:172.17.0.2:44705], old=null
2020-06-27 08:19:39,560 [pool-532-thread-1] INFO  impl.RaftServerImpl (RaftServerImpl.java:setRole(175)) - e3ff1c2c-6f58-4f63-bc65-22c0097003cb@group-7AAF34FA3258: changes role from      null to FOLLOWER at term 0 for startAsFollower
2020-06-27 08:19:39,560 [pool-532-thread-1] INFO  impl.RoleInfo (RoleInfo.java:updateAndGet(143)) - e3ff1c2c-6f58-4f63-bc65-22c0097003cb: start FollowerState
2020-06-27 08:19:39,563 [pool-532-thread-1] INFO  util.JmxRegister (JmxRegister.java:tryRegister(44)) - Successfully registered JMX Bean with object name Ratis:service=RaftServer,group=group-7AAF34FA3258,id=e3ff1c2c-6f58-4f63-bc65-22c0097003cb
2020-06-27 08:19:39,564 [pool-532-thread-1] INFO  metrics.RatisMetrics (RatisMetrics.java:lambda$create$0(36)) - Creating Metrics Registry : ratis.state_machine.e3ff1c2c-6f58-4f63-bc65-22c0097003cb@group-7AAF34FA3258
2020-06-27 08:19:39,565 [pool-517-thread-1] INFO  ratis.ContainerStateMachine (ContainerStateMachine.java:loadSnapshot(226)) - group-9529E82E8AF8: The snapshot info is null. Setting the last applied indexto:(t:0, i:~)
2020-06-27 08:19:39,565 [pool-517-thread-1] INFO  server.RaftServerConfigKeys (ConfUtils.java:logGet(44)) - raft.server.notification.no-leader.timeout = 60s (default)
2020-06-27 08:19:39,565 [pool-517-thread-1] INFO  server.RaftServerConfigKeys (ConfUtils.java:logGet(44)) - raft.server.log.use.memory = false (default)
2020-06-27 08:19:39,565 [pool-517-thread-1] INFO  server.RaftServerConfigKeys (ConfUtils.java:logGet(44)) - raft.server.log.purge.gap = 1000000 (custom)
2020-06-27 08:19:39,565 [pool-517-thread-1] INFO  server.RaftServerConfigKeys (ConfUtils.java:logGet(44)) - raft.server.log.appender.buffer.byte-limit = 33554432 (custom)
2020-06-27 08:19:39,565 [pool-517-thread-1] INFO  server.RaftServerConfigKeys (ConfUtils.java:logGet(44)) - raft.server.log.segment.size.max = 1048576 (custom)
2020-06-27 08:19:39,565 [pool-517-thread-1] INFO  metrics.RatisMetrics (RatisMetrics.java:lambda$create$0(36)) - Creating Metrics Registry : ratis.log_worker.56bfd1ae-fa2f-4839-ba3b-0401545d2b7a@group-9529E82E8AF8
2020-06-27 08:19:39,565 [pool-517-thread-1] INFO  server.RaftServerConfigKeys (ConfUtils.java:logGet(44)) - raft.server.log.segment.cache.num.max = 2 (custom)
2020-06-27 08:19:39,565 [pool-517-thread-1] INFO  segmented.SegmentedRaftLogWorker (SegmentedRaftLogWorker.java:<init>(180)) - new 56bfd1ae-fa2f-4839-ba3b-0401545d2b7a@group-9529E82E8AF8-SegmentedRaftLogWorker for RaftStorage:Storage Directory /github/workspace/mnt/ozone/hadoop-ozone/integration-test/target/test-dir/MiniOzoneClusterImpl-1d3054ed-691e-4733-a773-d2ff76104d42/datanode-1/data/ratis/7ebfc387-0101-4f31-ac68-9529e82e8af8
2020-06-27 08:19:39,565 [pool-517-thread-1] INFO  server.RaftServerConfigKeys (ConfUtils.java:logGet(44)) - raft.server.log.queue.byte-limit = 2147483647 (custom)
2020-06-27 08:19:39,565 [pool-517-thread-1] INFO  server.RaftServerConfigKeys (ConfUtils.java:logGet(44)) - raft.server.log.queue.element-limit = 1024 (custom)
2020-06-27 08:19:39,565 [pool-517-thread-1] INFO  server.RaftServerConfigKeys (ConfUtils.java:logGet(44)) - raft.server.log.segment.size.max = 1048576 (custom)
2020-06-27 08:19:39,566 [pool-517-thread-1] INFO  server.RaftServerConfigKeys (ConfUtils.java:logGet(44)) - raft.server.log.preallocated.size = 16384 (custom)
2020-06-27 08:19:39,566 [pool-517-thread-1] INFO  server.RaftServerConfigKeys (ConfUtils.java:logGet(44)) - raft.server.log.write.buffer.size = 1048576 (custom)
2020-06-27 08:19:39,566 [pool-517-thread-1] INFO  server.RaftServerConfigKeys (ConfUtils.java:logGet(44)) - raft.server.log.force.sync.num = 128 (default)
2020-06-27 08:19:39,566 [pool-517-thread-1] INFO  server.RaftServerConfigKeys (ConfUtils.java:logGet(44)) - raft.server.log.statemachine.data.sync = true (default)
2020-06-27 08:19:39,566 [pool-517-thread-1] INFO  server.RaftServerConfigKeys (ConfUtils.java:logGet(44)) - raft.server.log.statemachine.data.sync.timeout = 10s (default)
2020-06-27 08:19:39,566 [pool-517-thread-1] INFO  server.RaftServerConfigKeys (ConfUtils.java:logGet(44)) - raft.server.log.statemachine.data.sync.timeout.retry = -1 (default)
2020-06-27 08:19:39,568 [EventQueue-PipelineReportForPipelineReportHandler] INFO  pipeline.PipelineStateManager (PipelineStateManager.java:openPipeline(131)) - Pipeline Pipeline[ Id: 7ebfc387-0101-4f31-ac68-9529e82e8af8, Nodes: 56bfd1ae-fa2f-4839-ba3b-0401545d2b7a{ip: 172.17.0.2, host: 23863634748d, networkLocation: /default-rack, certSerialId: null}, Type:RATIS, Factor:ONE, State:ALLOCATED, leaderId:56bfd1ae-fa2f-4839-ba3b-0401545d2b7a, CreationTimestamp2020-06-27T08:19:36.517Z] moved to OPEN state
2020-06-27 08:19:39,569 [EventQueue-OpenPipelineForHealthyPipelineSafeModeRule] INFO  safemode.SCMSafeModeManager (HealthyPipelineSafeModeRule.java:process(132)) - SCM in safe mode. Healthy pipelines reported count is 0, required healthy pipeline reported count is 1
2020-06-27 08:19:39,569 [EventQueue-OpenPipelineForOneReplicaPipelineSafeModeRule] INFO  safemode.SCMSafeModeManager (SCMSafeModeManager.java:validateSafeModeExitRules(214)) - AtleastOneDatanodeReportedRule rule is successfully validated
2020-06-27 08:19:39,569 [pool-517-thread-1] INFO  server.RaftServerConfigKeys (ConfUtils.java:logGet(44)) - raft.server.log.statemachine.data.caching.enabled = true (custom)
2020-06-27 08:19:39,569 [pool-517-thread-1] INFO  segmented.SegmentedRaftLogWorker (SegmentedRaftLogWorker.java:lambda$new$0(129)) - 56bfd1ae-fa2f-4839-ba3b-0401545d2b7a@group-9529E82E8AF8-SegmentedRaftLogWorker: flushIndex: setUnconditionally 0 -> -1
2020-06-27 08:19:39,569 [pool-517-thread-1] INFO  segmented.SegmentedRaftLogWorker (SegmentedRaftLogWorker.java:lambda$new$0(129)) - 56bfd1ae-fa2f-4839-ba3b-0401545d2b7a@group-9529E82E8AF8-SegmentedRaftLogWorker: safeCacheEvictIndex: setUnconditionally 0 -> -1
2020-06-27 08:19:39,572 [pool-517-thread-1] INFO  server.RaftServerConfigKeys (ConfUtils.java:logGet(44)) - raft.server.snapshot.auto.trigger.enabled = true (custom)
2020-06-27 08:19:39,572 [pool-517-thread-1] INFO  server.RaftServerConfigKeys (ConfUtils.java:logGet(44)) - raft.server.snapshot.auto.trigger.threshold = 10000 (custom)
2020-06-27 08:19:39,572 [pool-517-thread-1] INFO  server.RaftServerConfigKeys (ConfUtils.java:logGet(44)) - raft.server.snapshot.retention.file.num = 5 (custom)
2020-06-27 08:19:39,572 [pool-517-thread-1] INFO  server.RaftServerConfigKeys (ConfUtils.java:logGet(44)) - raft.server.log.purge.upto.snapshot.index = false (default)
2020-06-27 08:19:39,572 [pool-517-thread-1] INFO  server.RaftServerConfigKeys (ConfUtils.java:logGet(44)) - raft.server.retrycache.expirytime = 600000ms (custom)
2020-06-27 08:19:39,572 [pool-517-thread-1] INFO  metrics.RatisMetrics (RatisMetrics.java:lambda$create$0(36)) - Creating Metrics Registry : ratis.leader_election.56bfd1ae-fa2f-4839-ba3b-0401545d2b7a@group-9529E82E8AF8
2020-06-27 08:19:39,573 [pool-517-thread-1] INFO  metrics.RatisMetrics (RatisMetrics.java:lambda$create$0(36)) - Creating Metrics Registry : ratis.server.56bfd1ae-fa2f-4839-ba3b-0401545d2b7a@group-9529E82E8AF8
2020-06-27 08:19:39,574 [pool-517-thread-1] INFO  impl.RaftServerImpl (RaftServerImpl.java:start(186)) - 56bfd1ae-fa2f-4839-ba3b-0401545d2b7a@group-9529E82E8AF8: start as a follower, conf=-1: [56bfd1ae-fa2f-4839-ba3b-0401545d2b7a:172.17.0.2:37091], old=null
2020-06-27 08:19:39,575 [pool-517-thread-1] INFO  impl.RaftServerImpl (RaftServerImpl.java:setRole(175)) - 56bfd1ae-fa2f-4839-ba3b-0401545d2b7a@group-9529E82E8AF8: changes role from      null to FOLLOWER at term 0 for startAsFollower
2020-06-27 08:19:39,575 [pool-517-thread-1] INFO  impl.RoleInfo (RoleInfo.java:updateAndGet(143)) - 56bfd1ae-fa2f-4839-ba3b-0401545d2b7a: start FollowerState
2020-06-27 08:19:39,585 [pool-517-thread-1] INFO  util.JmxRegister (JmxRegister.java:tryRegister(44)) - Successfully registered JMX Bean with object name Ratis:service=RaftServer,group=group-9529E82E8AF8,id=56bfd1ae-fa2f-4839-ba3b-0401545d2b7a
2020-06-27 08:19:39,585 [pool-517-thread-1] INFO  metrics.RatisMetrics (RatisMetrics.java:lambda$create$0(36)) - Creating Metrics Registry : ratis.state_machine.56bfd1ae-fa2f-4839-ba3b-0401545d2b7a@group-9529E82E8AF8
2020-06-27 08:19:39,587 [Command processor thread] INFO  commandhandler.CreatePipelineCommandHandler (CreatePipelineCommandHandler.java:handle(109)) - Created Pipeline RATIS ONE #id: "7ebfc387-0101-4f31-ac68-9529e82e8af8"
.
2020-06-27 08:19:39,587 [Command processor thread] INFO  impl.RaftServerProxy (RaftServerProxy.java:addNew(89)) - 56bfd1ae-fa2f-4839-ba3b-0401545d2b7a: addNew group-7AAF34FA3258:[1678e861-f681-42e2-b20b-e04f00d52311:172.17.0.2:44129, 56bfd1ae-fa2f-4839-ba3b-0401545d2b7a:172.17.0.2:37091, e3ff1c2c-6f58-4f63-bc65-22c0097003cb:172.17.0.2:44705] returns group-7AAF34FA3258:java.util.concurrent.CompletableFuture@7146cca0[Not completed]
2020-06-27 08:19:39,588 [pool-517-thread-1] INFO  impl.RaftServerImpl (RaftServerImpl.java:<init>(99)) - 56bfd1ae-fa2f-4839-ba3b-0401545d2b7a: new RaftServerImpl for group-7AAF34FA3258:[1678e861-f681-42e2-b20b-e04f00d52311:172.17.0.2:44129, 56bfd1ae-fa2f-4839-ba3b-0401545d2b7a:172.17.0.2:37091, e3ff1c2c-6f58-4f63-bc65-22c0097003cb:172.17.0.2:44705] with ContainerStateMachine:uninitialized
2020-06-27 08:19:39,588 [pool-517-thread-1] INFO  server.RaftServerConfigKeys (ConfUtils.java:logGet(44)) - raft.server.rpc.timeout.min = 5s (custom)
2020-06-27 08:19:39,588 [pool-517-thread-1] INFO  server.RaftServerConfigKeys (ConfUtils.java:logGet(44)) - raft.server.rpc.timeout.max = 5200ms (custom)
2020-06-27 08:19:39,588 [pool-517-thread-1] INFO  server.RaftServerConfigKeys (ConfUtils.java:logGet(44)) - raft.server.rpcslowness.timeout = 300s (custom)
2020-06-27 08:19:39,588 [pool-517-thread-1] INFO  server.RaftServerConfigKeys (ConfUtils.java:logGet(44)) - raft.server.sleep.deviation.threshold = 300 (default)
2020-06-27 08:19:39,588 [pool-517-thread-1] INFO  server.RaftServerConfigKeys (ConfUtils.java:logGet(44)) - raft.server.log.appender.install.snapshot.enabled = false (custom)
2020-06-27 08:19:39,588 [pool-517-thread-1] INFO  impl.RaftServerImpl (ServerState.java:<init>(103)) - 56bfd1ae-fa2f-4839-ba3b-0401545d2b7a@group-7AAF34FA3258: ConfigurationManager, init=-1: [1678e861-f681-42e2-b20b-e04f00d52311:172.17.0.2:44129, 56bfd1ae-fa2f-4839-ba3b-0401545d2b7a:172.17.0.2:37091, e3ff1c2c-6f58-4f63-bc65-22c0097003cb:172.17.0.2:44705], old=null, confs=<EMPTY_MAP>
2020-06-27 08:19:39,588 [pool-517-thread-1] INFO  server.RaftServerConfigKeys (ConfUtils.java:logGet(44)) - raft.server.storage.dir = [/github/workspace/mnt/ozone/hadoop-ozone/integration-test/target/test-dir/MiniOzoneClusterImpl-1d3054ed-691e-4733-a773-d2ff76104d42/datanode-1/data/ratis] (custom)
2020-06-27 08:19:39,589 [pool-517-thread-1] INFO  server.RaftServerConfigKeys (ConfUtils.java:logGet(44)) - raft.server.log.corruption.policy = EXCEPTION (default)
2020-06-27 08:19:39,589 [pool-517-thread-1] INFO  storage.RaftStorageDirectory (RaftStorageDirectory.java:analyzeStorage(261)) - The storage directory /github/workspace/mnt/ozone/hadoop-ozone/integration-test/target/test-dir/MiniOzoneClusterImpl-1d3054ed-691e-4733-a773-d2ff76104d42/datanode-1/data/ratis/24909f19-af55-4f04-a402-7aaf34fa3258 does not exist. Creating ...
2020-06-27 08:19:39,590 [pool-517-thread-1] INFO  storage.RaftStorageDirectory (RaftStorageDirectory.java:tryLock(343)) - Lock on /github/workspace/mnt/ozone/hadoop-ozone/integration-test/target/test-dir/MiniOzoneClusterImpl-1d3054ed-691e-4733-a773-d2ff76104d42/datanode-1/data/ratis/24909f19-af55-4f04-a402-7aaf34fa3258/in_use.lock acquired by nodename 8206@23863634748d
2020-06-27 08:19:39,591 [Command processor thread] INFO  impl.RaftServerProxy (RaftServerProxy.java:addNew(89)) - e3ff1c2c-6f58-4f63-bc65-22c0097003cb: addNew group-2BBD8E13AD66:[e3ff1c2c-6f58-4f63-bc65-22c0097003cb:172.17.0.2:44705] returns group-2BBD8E13AD66:java.util.concurrent.CompletableFuture@34e354ff[Not completed]
2020-06-27 08:19:39,592 [pool-517-thread-1] INFO  storage.RaftStorage (RaftStorage.java:format(84)) - Storage directory /github/workspace/mnt/ozone/hadoop-ozone/integration-test/target/test-dir/MiniOzoneClusterImpl-1d3054ed-691e-4733-a773-d2ff76104d42/datanode-1/data/ratis/24909f19-af55-4f04-a402-7aaf34fa3258 has been successfully formatted.
2020-06-27 08:19:39,592 [pool-517-thread-1] INFO  ratis.ContainerStateMachine (ContainerStateMachine.java:loadSnapshot(226)) - group-7AAF34FA3258: The snapshot info is null. Setting the last applied indexto:(t:0, i:~)
2020-06-27 08:19:39,592 [pool-517-thread-1] INFO  server.RaftServerConfigKeys (ConfUtils.java:logGet(44)) - raft.server.notification.no-leader.timeout = 60s (default)
2020-06-27 08:19:39,592 [pool-517-thread-1] INFO  server.RaftServerConfigKeys (ConfUtils.java:logGet(44)) - raft.server.log.use.memory = false (default)
2020-06-27 08:19:39,592 [pool-517-thread-1] INFO  server.RaftServerConfigKeys (ConfUtils.java:logGet(44)) - raft.server.log.purge.gap = 1000000 (custom)
2020-06-27 08:19:39,593 [pool-517-thread-1] INFO  server.RaftServerConfigKeys (ConfUtils.java:logGet(44)) - raft.server.log.appender.buffer.byte-limit = 33554432 (custom)
2020-06-27 08:19:39,593 [pool-517-thread-1] INFO  server.RaftServerConfigKeys (ConfUtils.java:logGet(44)) - raft.server.log.segment.size.max = 1048576 (custom)
2020-06-27 08:19:39,593 [pool-517-thread-1] INFO  metrics.RatisMetrics (RatisMetrics.java:lambda$create$0(36)) - Creating Metrics Registry : ratis.log_worker.56bfd1ae-fa2f-4839-ba3b-0401545d2b7a@group-7AAF34FA3258
2020-06-27 08:19:39,593 [pool-517-thread-1] INFO  server.RaftServerConfigKeys (ConfUtils.java:logGet(44)) - raft.server.log.segment.cache.num.max = 2 (custom)
2020-06-27 08:19:39,593 [pool-517-thread-1] INFO  segmented.SegmentedRaftLogWorker (SegmentedRaftLogWorker.java:<init>(180)) - new 56bfd1ae-fa2f-4839-ba3b-0401545d2b7a@group-7AAF34FA3258-SegmentedRaftLogWorker for RaftStorage:Storage Directory /github/workspace/mnt/ozone/hadoop-ozone/integration-test/target/test-dir/MiniOzoneClusterImpl-1d3054ed-691e-4733-a773-d2ff76104d42/datanode-1/data/ratis/24909f19-af55-4f04-a402-7aaf34fa3258
2020-06-27 08:19:39,593 [pool-517-thread-1] INFO  server.RaftServerConfigKeys (ConfUtils.java:logGet(44)) - raft.server.log.queue.byte-limit = 2147483647 (custom)
2020-06-27 08:19:39,593 [pool-517-thread-1] INFO  server.RaftServerConfigKeys (ConfUtils.java:logGet(44)) - raft.server.log.queue.element-limit = 1024 (custom)
2020-06-27 08:19:39,593 [pool-517-thread-1] INFO  server.RaftServerConfigKeys (ConfUtils.java:logGet(44)) - raft.server.log.segment.size.max = 1048576 (custom)
2020-06-27 08:19:39,593 [pool-517-thread-1] INFO  server.RaftServerConfigKeys (ConfUtils.java:logGet(44)) - raft.server.log.preallocated.size = 16384 (custom)
2020-06-27 08:19:39,594 [pool-517-thread-1] INFO  server.RaftServerConfigKeys (ConfUtils.java:logGet(44)) - raft.server.log.write.buffer.size = 1048576 (custom)
2020-06-27 08:19:39,594 [pool-517-thread-1] INFO  server.RaftServerConfigKeys (ConfUtils.java:logGet(44)) - raft.server.log.force.sync.num = 128 (default)
2020-06-27 08:19:39,594 [pool-517-thread-1] INFO  server.RaftServerConfigKeys (ConfUtils.java:logGet(44)) - raft.server.log.statemachine.data.sync = true (default)
2020-06-27 08:19:39,594 [pool-517-thread-1] INFO  server.RaftServerConfigKeys (ConfUtils.java:logGet(44)) - raft.server.log.statemachine.data.sync.timeout = 10s (default)
2020-06-27 08:19:39,594 [pool-517-thread-1] INFO  server.RaftServerConfigKeys (ConfUtils.java:logGet(44)) - raft.server.log.statemachine.data.sync.timeout.retry = -1 (default)
2020-06-27 08:19:39,597 [pool-517-thread-1] INFO  server.RaftServerConfigKeys (ConfUtils.java:logGet(44)) - raft.server.log.statemachine.data.caching.enabled = true (custom)
2020-06-27 08:19:39,597 [pool-532-thread-1] INFO  impl.RaftServerImpl (RaftServerImpl.java:<init>(99)) - e3ff1c2c-6f58-4f63-bc65-22c0097003cb: new RaftServerImpl for group-2BBD8E13AD66:[e3ff1c2c-6f58-4f63-bc65-22c0097003cb:172.17.0.2:44705] with ContainerStateMachine:uninitialized
2020-06-27 08:19:39,597 [pool-532-thread-1] INFO  server.RaftServerConfigKeys (ConfUtils.java:logGet(44)) - raft.server.rpc.timeout.min = 5s (custom)
2020-06-27 08:19:39,597 [pool-532-thread-1] INFO  server.RaftServerConfigKeys (ConfUtils.java:logGet(44)) - raft.server.rpc.timeout.max = 5200ms (custom)
2020-06-27 08:19:39,597 [pool-532-thread-1] INFO  server.RaftServerConfigKeys (ConfUtils.java:logGet(44)) - raft.server.rpcslowness.timeout = 300s (custom)
2020-06-27 08:19:39,597 [pool-532-thread-1] INFO  server.RaftServerConfigKeys (ConfUtils.java:logGet(44)) - raft.server.sleep.deviation.threshold = 300 (default)
2020-06-27 08:19:39,597 [pool-532-thread-1] INFO  server.RaftServerConfigKeys (ConfUtils.java:logGet(44)) - raft.server.log.appender.install.snapshot.enabled = false (custom)
2020-06-27 08:19:39,597 [pool-517-thread-1] INFO  segmented.SegmentedRaftLogWorker (SegmentedRaftLogWorker.java:lambda$new$0(129)) - 56bfd1ae-fa2f-4839-ba3b-0401545d2b7a@group-7AAF34FA3258-SegmentedRaftLogWorker: flushIndex: setUnconditionally 0 -> -1
2020-06-27 08:19:39,598 [pool-517-thread-1] INFO  segmented.SegmentedRaftLogWorker (SegmentedRaftLogWorker.java:lambda$new$0(129)) - 56bfd1ae-fa2f-4839-ba3b-0401545d2b7a@group-7AAF34FA3258-SegmentedRaftLogWorker: safeCacheEvictIndex: setUnconditionally 0 -> -1
2020-06-27 08:19:39,598 [pool-532-thread-1] INFO  impl.RaftServerImpl (ServerState.java:<init>(103)) - e3ff1c2c-6f58-4f63-bc65-22c0097003cb@group-2BBD8E13AD66: ConfigurationManager, init=-1: [e3ff1c2c-6f58-4f63-bc65-22c0097003cb:172.17.0.2:44705], old=null, confs=<EMPTY_MAP>
2020-06-27 08:19:39,598 [pool-517-thread-1] INFO  server.RaftServerConfigKeys (ConfUtils.java:logGet(44)) - raft.server.snapshot.auto.trigger.enabled = true (custom)
2020-06-27 08:19:39,598 [pool-517-thread-1] INFO  server.RaftServerConfigKeys (ConfUtils.java:logGet(44)) - raft.server.snapshot.auto.trigger.threshold = 10000 (custom)
2020-06-27 08:19:39,598 [pool-517-thread-1] INFO  server.RaftServerConfigKeys (ConfUtils.java:logGet(44)) - raft.server.snapshot.retention.file.num = 5 (custom)
2020-06-27 08:19:39,598 [pool-517-thread-1] INFO  server.RaftServerConfigKeys (ConfUtils.java:logGet(44)) - raft.server.log.purge.upto.snapshot.index = false (default)
2020-06-27 08:19:39,598 [pool-517-thread-1] INFO  server.RaftServerConfigKeys (ConfUtils.java:logGet(44)) - raft.server.retrycache.expirytime = 600000ms (custom)
2020-06-27 08:19:39,598 [pool-517-thread-1] INFO  metrics.RatisMetrics (RatisMetrics.java:lambda$create$0(36)) - Creating Metrics Registry : ratis.leader_election.56bfd1ae-fa2f-4839-ba3b-0401545d2b7a@group-7AAF34FA3258
2020-06-27 08:19:39,599 [pool-517-thread-1] INFO  metrics.RatisMetrics (RatisMetrics.java:lambda$create$0(36)) - Creating Metrics Registry : ratis.server.56bfd1ae-fa2f-4839-ba3b-0401545d2b7a@group-7AAF34FA3258
2020-06-27 08:19:39,598 [pool-532-thread-1] INFO  server.RaftServerConfigKeys (ConfUtils.java:logGet(44)) - raft.server.storage.dir = [/github/workspace/mnt/ozone/hadoop-ozone/integration-test/target/test-dir/MiniOzoneClusterImpl-1d3054ed-691e-4733-a773-d2ff76104d42/datanode-2/data/ratis] (custom)
2020-06-27 08:19:39,600 [pool-532-thread-1] INFO  server.RaftServerConfigKeys (ConfUtils.java:logGet(44)) - raft.server.log.corruption.policy = EXCEPTION (default)
2020-06-27 08:19:39,600 [pool-532-thread-1] INFO  storage.RaftStorageDirectory (RaftStorageDirectory.java:analyzeStorage(261)) - The storage directory /github/workspace/mnt/ozone/hadoop-ozone/integration-test/target/test-dir/MiniOzoneClusterImpl-1d3054ed-691e-4733-a773-d2ff76104d42/datanode-2/data/ratis/7de8c4e6-29bd-4d64-99c3-2bbd8e13ad66 does not exist. Creating ...
2020-06-27 08:19:39,600 [pool-517-thread-1] INFO  impl.RaftServerImpl (RaftServerImpl.java:start(186)) - 56bfd1ae-fa2f-4839-ba3b-0401545d2b7a@group-7AAF34FA3258: start as a follower, conf=-1: [1678e861-f681-42e2-b20b-e04f00d52311:172.17.0.2:44129, 56bfd1ae-fa2f-4839-ba3b-0401545d2b7a:172.17.0.2:37091, e3ff1c2c-6f58-4f63-bc65-22c0097003cb:172.17.0.2:44705], old=null
2020-06-27 08:19:39,600 [pool-517-thread-1] INFO  impl.RaftServerImpl (RaftServerImpl.java:setRole(175)) - 56bfd1ae-fa2f-4839-ba3b-0401545d2b7a@group-7AAF34FA3258: changes role from      null to FOLLOWER at term 0 for startAsFollower
2020-06-27 08:19:39,600 [pool-517-thread-1] INFO  impl.RoleInfo (RoleInfo.java:updateAndGet(143)) - 56bfd1ae-fa2f-4839-ba3b-0401545d2b7a: start FollowerState
2020-06-27 08:19:39,601 [pool-532-thread-1] INFO  storage.RaftStorageDirectory (RaftStorageDirectory.java:tryLock(343)) - Lock on /github/workspace/mnt/ozone/hadoop-ozone/integration-test/target/test-dir/MiniOzoneClusterImpl-1d3054ed-691e-4733-a773-d2ff76104d42/datanode-2/data/ratis/7de8c4e6-29bd-4d64-99c3-2bbd8e13ad66/in_use.lock acquired by nodename 8206@23863634748d
2020-06-27 08:19:39,604 [pool-532-thread-1] INFO  storage.RaftStorage (RaftStorage.java:format(84)) - Storage directory /github/workspace/mnt/ozone/hadoop-ozone/integration-test/target/test-dir/MiniOzoneClusterImpl-1d3054ed-691e-4733-a773-d2ff76104d42/datanode-2/data/ratis/7de8c4e6-29bd-4d64-99c3-2bbd8e13ad66 has been successfully formatted.
2020-06-27 08:19:39,604 [pool-517-thread-1] INFO  util.JmxRegister (JmxRegister.java:tryRegister(44)) - Successfully registered JMX Bean with object name Ratis:service=RaftServer,group=group-7AAF34FA3258,id=56bfd1ae-fa2f-4839-ba3b-0401545d2b7a
2020-06-27 08:19:39,604 [pool-517-thread-1] INFO  metrics.RatisMetrics (RatisMetrics.java:lambda$create$0(36)) - Creating Metrics Registry : ratis.state_machine.56bfd1ae-fa2f-4839-ba3b-0401545d2b7a@group-7AAF34FA3258
2020-06-27 08:19:39,604 [pool-532-thread-1] INFO  ratis.ContainerStateMachine (ContainerStateMachine.java:loadSnapshot(226)) - group-2BBD8E13AD66: The snapshot info is null. Setting the last applied indexto:(t:0, i:~)
2020-06-27 08:19:39,604 [pool-532-thread-1] INFO  server.RaftServerConfigKeys (ConfUtils.java:logGet(44)) - raft.server.notification.no-leader.timeout = 60s (default)
2020-06-27 08:19:39,604 [pool-532-thread-1] INFO  server.RaftServerConfigKeys (ConfUtils.java:logGet(44)) - raft.server.log.use.memory = false (default)
2020-06-27 08:19:39,604 [pool-532-thread-1] INFO  server.RaftServerConfigKeys (ConfUtils.java:logGet(44)) - raft.server.log.purge.gap = 1000000 (custom)
2020-06-27 08:19:39,604 [pool-532-thread-1] INFO  server.RaftServerConfigKeys (ConfUtils.java:logGet(44)) - raft.server.log.appender.buffer.byte-limit = 33554432 (custom)
2020-06-27 08:19:39,604 [pool-532-thread-1] INFO  server.RaftServerConfigKeys (ConfUtils.java:logGet(44)) - raft.server.log.segment.size.max = 1048576 (custom)
2020-06-27 08:19:39,604 [pool-532-thread-1] INFO  metrics.RatisMetrics (RatisMetrics.java:lambda$create$0(36)) - Creating Metrics Registry : ratis.log_worker.e3ff1c2c-6f58-4f63-bc65-22c0097003cb@group-2BBD8E13AD66
2020-06-27 08:19:39,605 [pool-532-thread-1] INFO  server.RaftServerConfigKeys (ConfUtils.java:logGet(44)) - raft.server.log.segment.cache.num.max = 2 (custom)
2020-06-27 08:19:39,605 [pool-532-thread-1] INFO  segmented.SegmentedRaftLogWorker (SegmentedRaftLogWorker.java:<init>(180)) - new e3ff1c2c-6f58-4f63-bc65-22c0097003cb@group-2BBD8E13AD66-SegmentedRaftLogWorker for RaftStorage:Storage Directory /github/workspace/mnt/ozone/hadoop-ozone/integration-test/target/test-dir/MiniOzoneClusterImpl-1d3054ed-691e-4733-a773-d2ff76104d42/datanode-2/data/ratis/7de8c4e6-29bd-4d64-99c3-2bbd8e13ad66
2020-06-27 08:19:39,605 [EventQueue-PipelineReportForPipelineReportHandler] INFO  pipeline.PipelineStateManager (PipelineStateManager.java:openPipeline(131)) - Pipeline Pipeline[ Id: 7de8c4e6-29bd-4d64-99c3-2bbd8e13ad66, Nodes: e3ff1c2c-6f58-4f63-bc65-22c0097003cb{ip: 172.17.0.2, host: 23863634748d, networkLocation: /default-rack, certSerialId: null}, Type:RATIS, Factor:ONE, State:ALLOCATED, leaderId:e3ff1c2c-6f58-4f63-bc65-22c0097003cb, CreationTimestamp2020-06-27T08:19:36.589Z] moved to OPEN state
2020-06-27 08:19:39,605 [EventQueue-OpenPipelineForHealthyPipelineSafeModeRule] INFO  safemode.SCMSafeModeManager (HealthyPipelineSafeModeRule.java:process(132)) - SCM in safe mode. Healthy pipelines reported count is 0, required healthy pipeline reported count is 1
2020-06-27 08:19:39,605 [EventQueue-OpenPipelineForOneReplicaPipelineSafeModeRule] INFO  safemode.SCMSafeModeManager (SCMSafeModeManager.java:validateSafeModeExitRules(214)) - AtleastOneDatanodeReportedRule rule is successfully validated
2020-06-27 08:19:39,606 [pool-532-thread-1] INFO  server.RaftServerConfigKeys (ConfUtils.java:logGet(44)) - raft.server.log.queue.byte-limit = 2147483647 (custom)
2020-06-27 08:19:39,606 [pool-532-thread-1] INFO  server.RaftServerConfigKeys (ConfUtils.java:logGet(44)) - raft.server.log.queue.element-limit = 1024 (custom)
2020-06-27 08:19:39,606 [pool-532-thread-1] INFO  server.RaftServerConfigKeys (ConfUtils.java:logGet(44)) - raft.server.log.segment.size.max = 1048576 (custom)
2020-06-27 08:19:39,606 [pool-532-thread-1] INFO  server.RaftServerConfigKeys (ConfUtils.java:logGet(44)) - raft.server.log.preallocated.size = 16384 (custom)
2020-06-27 08:19:39,606 [pool-532-thread-1] INFO  server.RaftServerConfigKeys (ConfUtils.java:logGet(44)) - raft.server.log.write.buffer.size = 1048576 (custom)
2020-06-27 08:19:39,606 [pool-532-thread-1] INFO  server.RaftServerConfigKeys (ConfUtils.java:logGet(44)) - raft.server.log.force.sync.num = 128 (default)
2020-06-27 08:19:39,606 [pool-532-thread-1] INFO  server.RaftServerConfigKeys (ConfUtils.java:logGet(44)) - raft.server.log.statemachine.data.sync = true (default)
2020-06-27 08:19:39,606 [pool-532-thread-1] INFO  server.RaftServerConfigKeys (ConfUtils.java:logGet(44)) - raft.server.log.statemachine.data.sync.timeout = 10s (default)
2020-06-27 08:19:39,606 [pool-532-thread-1] INFO  server.RaftServerConfigKeys (ConfUtils.java:logGet(44)) - raft.server.log.statemachine.data.sync.timeout.retry = -1 (default)
2020-06-27 08:19:39,616 [Command processor thread] INFO  commandhandler.CreatePipelineCommandHandler (CreatePipelineCommandHandler.java:handle(109)) - Created Pipeline RATIS THREE #id: "24909f19-af55-4f04-a402-7aaf34fa3258"
.
2020-06-27 08:19:39,618 [pool-532-thread-1] INFO  server.RaftServerConfigKeys (ConfUtils.java:logGet(44)) - raft.server.log.statemachine.data.caching.enabled = true (custom)
2020-06-27 08:19:39,618 [pool-532-thread-1] INFO  segmented.SegmentedRaftLogWorker (SegmentedRaftLogWorker.java:lambda$new$0(129)) - e3ff1c2c-6f58-4f63-bc65-22c0097003cb@group-2BBD8E13AD66-SegmentedRaftLogWorker: flushIndex: setUnconditionally 0 -> -1
2020-06-27 08:19:39,618 [pool-532-thread-1] INFO  segmented.SegmentedRaftLogWorker (SegmentedRaftLogWorker.java:lambda$new$0(129)) - e3ff1c2c-6f58-4f63-bc65-22c0097003cb@group-2BBD8E13AD66-SegmentedRaftLogWorker: safeCacheEvictIndex: setUnconditionally 0 -> -1
2020-06-27 08:19:39,618 [pool-532-thread-1] INFO  server.RaftServerConfigKeys (ConfUtils.java:logGet(44)) - raft.server.snapshot.auto.trigger.enabled = true (custom)
2020-06-27 08:19:39,618 [pool-532-thread-1] INFO  server.RaftServerConfigKeys (ConfUtils.java:logGet(44)) - raft.server.snapshot.auto.trigger.threshold = 10000 (custom)
2020-06-27 08:19:39,618 [pool-532-thread-1] INFO  server.RaftServerConfigKeys (ConfUtils.java:logGet(44)) - raft.server.snapshot.retention.file.num = 5 (custom)
2020-06-27 08:19:39,618 [pool-532-thread-1] INFO  server.RaftServerConfigKeys (ConfUtils.java:logGet(44)) - raft.server.log.purge.upto.snapshot.index = false (default)
2020-06-27 08:19:39,618 [pool-532-thread-1] INFO  server.RaftServerConfigKeys (ConfUtils.java:logGet(44)) - raft.server.retrycache.expirytime = 600000ms (custom)
2020-06-27 08:19:39,618 [pool-532-thread-1] INFO  metrics.RatisMetrics (RatisMetrics.java:lambda$create$0(36)) - Creating Metrics Registry : ratis.leader_election.e3ff1c2c-6f58-4f63-bc65-22c0097003cb@group-2BBD8E13AD66
2020-06-27 08:19:39,619 [pool-532-thread-1] INFO  metrics.RatisMetrics (RatisMetrics.java:lambda$create$0(36)) - Creating Metrics Registry : ratis.server.e3ff1c2c-6f58-4f63-bc65-22c0097003cb@group-2BBD8E13AD66
2020-06-27 08:19:39,620 [pool-532-thread-1] INFO  impl.RaftServerImpl (RaftServerImpl.java:start(186)) - e3ff1c2c-6f58-4f63-bc65-22c0097003cb@group-2BBD8E13AD66: start as a follower, conf=-1: [e3ff1c2c-6f58-4f63-bc65-22c0097003cb:172.17.0.2:44705], old=null
2020-06-27 08:19:39,620 [pool-532-thread-1] INFO  impl.RaftServerImpl (RaftServerImpl.java:setRole(175)) - e3ff1c2c-6f58-4f63-bc65-22c0097003cb@group-2BBD8E13AD66: changes role from      null to FOLLOWER at term 0 for startAsFollower
2020-06-27 08:19:39,621 [pool-532-thread-1] INFO  impl.RoleInfo (RoleInfo.java:updateAndGet(143)) - e3ff1c2c-6f58-4f63-bc65-22c0097003cb: start FollowerState
2020-06-27 08:19:39,621 [pool-532-thread-1] INFO  util.JmxRegister (JmxRegister.java:tryRegister(44)) - Successfully registered JMX Bean with object name Ratis:service=RaftServer,group=group-2BBD8E13AD66,id=e3ff1c2c-6f58-4f63-bc65-22c0097003cb
2020-06-27 08:19:39,621 [pool-532-thread-1] INFO  metrics.RatisMetrics (RatisMetrics.java:lambda$create$0(36)) - Creating Metrics Registry : ratis.state_machine.e3ff1c2c-6f58-4f63-bc65-22c0097003cb@group-2BBD8E13AD66
2020-06-27 08:19:39,625 [Command processor thread] INFO  commandhandler.CreatePipelineCommandHandler (CreatePipelineCommandHandler.java:handle(109)) - Created Pipeline RATIS ONE #id: "7de8c4e6-29bd-4d64-99c3-2bbd8e13ad66"
.
2020-06-27 08:19:39,639 [Command processor thread] INFO  commandhandler.CreatePipelineCommandHandler (CreatePipelineCommandHandler.java:handle(109)) - Created Pipeline RATIS THREE #id: "24909f19-af55-4f04-a402-7aaf34fa3258"
.
2020-06-27 08:19:39,656 [Command processor thread] INFO  impl.RaftServerProxy (RaftServerProxy.java:addNew(89)) - bf10b53c-012b-4fa1-b197-82d4c3bdb60c: addNew group-4D63D0116D0D:[bf10b53c-012b-4fa1-b197-82d4c3bdb60c:172.17.0.2:34043] returns group-4D63D0116D0D:java.util.concurrent.CompletableFuture@5ff57d1[Not completed]
2020-06-27 08:19:39,657 [pool-547-thread-1] INFO  impl.RaftServerImpl (RaftServerImpl.java:<init>(99)) - bf10b53c-012b-4fa1-b197-82d4c3bdb60c: new RaftServerImpl for group-4D63D0116D0D:[bf10b53c-012b-4fa1-b197-82d4c3bdb60c:172.17.0.2:34043] with ContainerStateMachine:uninitialized
2020-06-27 08:19:39,658 [pool-547-thread-1] INFO  server.RaftServerConfigKeys (ConfUtils.java:logGet(44)) - raft.server.rpc.timeout.min = 5s (custom)
2020-06-27 08:19:39,658 [pool-547-thread-1] INFO  server.RaftServerConfigKeys (ConfUtils.java:logGet(44)) - raft.server.rpc.timeout.max = 5200ms (custom)
2020-06-27 08:19:39,658 [pool-547-thread-1] INFO  server.RaftServerConfigKeys (ConfUtils.java:logGet(44)) - raft.server.rpcslowness.timeout = 300s (custom)
2020-06-27 08:19:39,658 [pool-547-thread-1] INFO  server.RaftServerConfigKeys (ConfUtils.java:logGet(44)) - raft.server.sleep.deviation.threshold = 300 (default)
2020-06-27 08:19:39,658 [pool-547-thread-1] INFO  server.RaftServerConfigKeys (ConfUtils.java:logGet(44)) - raft.server.log.appender.install.snapshot.enabled = false (custom)
2020-06-27 08:19:39,658 [pool-547-thread-1] INFO  impl.RaftServerImpl (ServerState.java:<init>(103)) - bf10b53c-012b-4fa1-b197-82d4c3bdb60c@group-4D63D0116D0D: ConfigurationManager, init=-1: [bf10b53c-012b-4fa1-b197-82d4c3bdb60c:172.17.0.2:34043], old=null, confs=<EMPTY_MAP>
2020-06-27 08:19:39,658 [pool-547-thread-1] INFO  server.RaftServerConfigKeys (ConfUtils.java:logGet(44)) - raft.server.storage.dir = [/github/workspace/mnt/ozone/hadoop-ozone/integration-test/target/test-dir/MiniOzoneClusterImpl-1d3054ed-691e-4733-a773-d2ff76104d42/datanode-3/data/ratis] (custom)
2020-06-27 08:19:39,658 [pool-547-thread-1] INFO  server.RaftServerConfigKeys (ConfUtils.java:logGet(44)) - raft.server.log.corruption.policy = EXCEPTION (default)
2020-06-27 08:19:39,658 [pool-547-thread-1] INFO  storage.RaftStorageDirectory (RaftStorageDirectory.java:analyzeStorage(261)) - The storage directory /github/workspace/mnt/ozone/hadoop-ozone/integration-test/target/test-dir/MiniOzoneClusterImpl-1d3054ed-691e-4733-a773-d2ff76104d42/datanode-3/data/ratis/65b1506e-eaca-41ac-b70c-4d63d0116d0d does not exist. Creating ...
2020-06-27 08:19:39,659 [pool-547-thread-1] INFO  storage.RaftStorageDirectory (RaftStorageDirectory.java:tryLock(343)) - Lock on /github/workspace/mnt/ozone/hadoop-ozone/integration-test/target/test-dir/MiniOzoneClusterImpl-1d3054ed-691e-4733-a773-d2ff76104d42/datanode-3/data/ratis/65b1506e-eaca-41ac-b70c-4d63d0116d0d/in_use.lock acquired by nodename 8206@23863634748d
2020-06-27 08:19:39,660 [pool-547-thread-1] INFO  storage.RaftStorage (RaftStorage.java:format(84)) - Storage directory /github/workspace/mnt/ozone/hadoop-ozone/integration-test/target/test-dir/MiniOzoneClusterImpl-1d3054ed-691e-4733-a773-d2ff76104d42/datanode-3/data/ratis/65b1506e-eaca-41ac-b70c-4d63d0116d0d has been successfully formatted.
2020-06-27 08:19:39,661 [pool-547-thread-1] INFO  ratis.ContainerStateMachine (ContainerStateMachine.java:loadSnapshot(226)) - group-4D63D0116D0D: The snapshot info is null. Setting the last applied indexto:(t:0, i:~)
2020-06-27 08:19:39,661 [pool-547-thread-1] INFO  server.RaftServerConfigKeys (ConfUtils.java:logGet(44)) - raft.server.notification.no-leader.timeout = 60s (default)
2020-06-27 08:19:39,661 [pool-547-thread-1] INFO  server.RaftServerConfigKeys (ConfUtils.java:logGet(44)) - raft.server.log.use.memory = false (default)
2020-06-27 08:19:39,661 [EventQueue-PipelineReportForPipelineReportHandler] INFO  pipeline.PipelineStateManager (PipelineStateManager.java:openPipeline(131)) - Pipeline Pipeline[ Id: 65b1506e-eaca-41ac-b70c-4d63d0116d0d, Nodes: bf10b53c-012b-4fa1-b197-82d4c3bdb60c{ip: 172.17.0.2, host: 23863634748d, networkLocation: /default-rack, certSerialId: null}, Type:RATIS, Factor:ONE, State:ALLOCATED, leaderId:bf10b53c-012b-4fa1-b197-82d4c3bdb60c, CreationTimestamp2020-06-27T08:19:36.656Z] moved to OPEN state
2020-06-27 08:19:39,662 [EventQueue-OpenPipelineForHealthyPipelineSafeModeRule] INFO  safemode.SCMSafeModeManager (HealthyPipelineSafeModeRule.java:process(132)) - SCM in safe mode. Healthy pipelines reported count is 0, required healthy pipeline reported count is 1
2020-06-27 08:19:39,662 [EventQueue-OpenPipelineForOneReplicaPipelineSafeModeRule] INFO  safemode.SCMSafeModeManager (SCMSafeModeManager.java:validateSafeModeExitRules(214)) - AtleastOneDatanodeReportedRule rule is successfully validated
2020-06-27 08:19:39,662 [pool-547-thread-1] INFO  server.RaftServerConfigKeys (ConfUtils.java:logGet(44)) - raft.server.log.purge.gap = 1000000 (custom)
2020-06-27 08:19:39,662 [pool-547-thread-1] INFO  server.RaftServerConfigKeys (ConfUtils.java:logGet(44)) - raft.server.log.appender.buffer.byte-limit = 33554432 (custom)
2020-06-27 08:19:39,662 [pool-547-thread-1] INFO  server.RaftServerConfigKeys (ConfUtils.java:logGet(44)) - raft.server.log.segment.size.max = 1048576 (custom)
2020-06-27 08:19:39,662 [pool-547-thread-1] INFO  metrics.RatisMetrics (RatisMetrics.java:lambda$create$0(36)) - Creating Metrics Registry : ratis.log_worker.bf10b53c-012b-4fa1-b197-82d4c3bdb60c@group-4D63D0116D0D
2020-06-27 08:19:39,662 [pool-547-thread-1] INFO  server.RaftServerConfigKeys (ConfUtils.java:logGet(44)) - raft.server.log.segment.cache.num.max = 2 (custom)
2020-06-27 08:19:39,662 [pool-547-thread-1] INFO  segmented.SegmentedRaftLogWorker (SegmentedRaftLogWorker.java:<init>(180)) - new bf10b53c-012b-4fa1-b197-82d4c3bdb60c@group-4D63D0116D0D-SegmentedRaftLogWorker for RaftStorage:Storage Directory /github/workspace/mnt/ozone/hadoop-ozone/integration-test/target/test-dir/MiniOzoneClusterImpl-1d3054ed-691e-4733-a773-d2ff76104d42/datanode-3/data/ratis/65b1506e-eaca-41ac-b70c-4d63d0116d0d
2020-06-27 08:19:39,662 [pool-547-thread-1] INFO  server.RaftServerConfigKeys (ConfUtils.java:logGet(44)) - raft.server.log.queue.byte-limit = 2147483647 (custom)
2020-06-27 08:19:39,663 [pool-547-thread-1] INFO  server.RaftServerConfigKeys (ConfUtils.java:logGet(44)) - raft.server.log.queue.element-limit = 1024 (custom)
2020-06-27 08:19:39,663 [pool-547-thread-1] INFO  server.RaftServerConfigKeys (ConfUtils.java:logGet(44)) - raft.server.log.segment.size.max = 1048576 (custom)
2020-06-27 08:19:39,663 [pool-547-thread-1] INFO  server.RaftServerConfigKeys (ConfUtils.java:logGet(44)) - raft.server.log.preallocated.size = 16384 (custom)
2020-06-27 08:19:39,663 [pool-547-thread-1] INFO  server.RaftServerConfigKeys (ConfUtils.java:logGet(44)) - raft.server.log.write.buffer.size = 1048576 (custom)
2020-06-27 08:19:39,663 [pool-547-thread-1] INFO  server.RaftServerConfigKeys (ConfUtils.java:logGet(44)) - raft.server.log.force.sync.num = 128 (default)
2020-06-27 08:19:39,663 [pool-547-thread-1] INFO  server.RaftServerConfigKeys (ConfUtils.java:logGet(44)) - raft.server.log.statemachine.data.sync = true (default)
2020-06-27 08:19:39,663 [pool-547-thread-1] INFO  server.RaftServerConfigKeys (ConfUtils.java:logGet(44)) - raft.server.log.statemachine.data.sync.timeout = 10s (default)
2020-06-27 08:19:39,663 [pool-547-thread-1] INFO  server.RaftServerConfigKeys (ConfUtils.java:logGet(44)) - raft.server.log.statemachine.data.sync.timeout.retry = -1 (default)
2020-06-27 08:19:39,665 [pool-547-thread-1] INFO  server.RaftServerConfigKeys (ConfUtils.java:logGet(44)) - raft.server.log.statemachine.data.caching.enabled = true (custom)
2020-06-27 08:19:39,666 [pool-547-thread-1] INFO  segmented.SegmentedRaftLogWorker (SegmentedRaftLogWorker.java:lambda$new$0(129)) - bf10b53c-012b-4fa1-b197-82d4c3bdb60c@group-4D63D0116D0D-SegmentedRaftLogWorker: flushIndex: setUnconditionally 0 -> -1
2020-06-27 08:19:39,666 [pool-547-thread-1] INFO  segmented.SegmentedRaftLogWorker (SegmentedRaftLogWorker.java:lambda$new$0(129)) - bf10b53c-012b-4fa1-b197-82d4c3bdb60c@group-4D63D0116D0D-SegmentedRaftLogWorker: safeCacheEvictIndex: setUnconditionally 0 -> -1
2020-06-27 08:19:39,666 [pool-547-thread-1] INFO  server.RaftServerConfigKeys (ConfUtils.java:logGet(44)) - raft.server.snapshot.auto.trigger.enabled = true (custom)
2020-06-27 08:19:39,666 [pool-547-thread-1] INFO  server.RaftServerConfigKeys (ConfUtils.java:logGet(44)) - raft.server.snapshot.auto.trigger.threshold = 10000 (custom)
2020-06-27 08:19:39,666 [pool-547-thread-1] INFO  server.RaftServerConfigKeys (ConfUtils.java:logGet(44)) - raft.server.snapshot.retention.file.num = 5 (custom)
2020-06-27 08:19:39,666 [pool-547-thread-1] INFO  server.RaftServerConfigKeys (ConfUtils.java:logGet(44)) - raft.server.log.purge.upto.snapshot.index = false (default)
2020-06-27 08:19:39,666 [pool-547-thread-1] INFO  server.RaftServerConfigKeys (ConfUtils.java:logGet(44)) - raft.server.retrycache.expirytime = 600000ms (custom)
2020-06-27 08:19:39,666 [pool-547-thread-1] INFO  metrics.RatisMetrics (RatisMetrics.java:lambda$create$0(36)) - Creating Metrics Registry : ratis.leader_election.bf10b53c-012b-4fa1-b197-82d4c3bdb60c@group-4D63D0116D0D
2020-06-27 08:19:39,667 [pool-547-thread-1] INFO  metrics.RatisMetrics (RatisMetrics.java:lambda$create$0(36)) - Creating Metrics Registry : ratis.server.bf10b53c-012b-4fa1-b197-82d4c3bdb60c@group-4D63D0116D0D
2020-06-27 08:19:39,668 [pool-547-thread-1] INFO  impl.RaftServerImpl (RaftServerImpl.java:start(186)) - bf10b53c-012b-4fa1-b197-82d4c3bdb60c@group-4D63D0116D0D: start as a follower, conf=-1: [bf10b53c-012b-4fa1-b197-82d4c3bdb60c:172.17.0.2:34043], old=null
2020-06-27 08:19:39,668 [pool-547-thread-1] INFO  impl.RaftServerImpl (RaftServerImpl.java:setRole(175)) - bf10b53c-012b-4fa1-b197-82d4c3bdb60c@group-4D63D0116D0D: changes role from      null to FOLLOWER at term 0 for startAsFollower
2020-06-27 08:19:39,668 [pool-547-thread-1] INFO  impl.RoleInfo (RoleInfo.java:updateAndGet(143)) - bf10b53c-012b-4fa1-b197-82d4c3bdb60c: start FollowerState
2020-06-27 08:19:39,669 [pool-547-thread-1] INFO  util.JmxRegister (JmxRegister.java:tryRegister(44)) - Successfully registered JMX Bean with object name Ratis:service=RaftServer,group=group-4D63D0116D0D,id=bf10b53c-012b-4fa1-b197-82d4c3bdb60c
2020-06-27 08:19:39,669 [pool-547-thread-1] INFO  metrics.RatisMetrics (RatisMetrics.java:lambda$create$0(36)) - Creating Metrics Registry : ratis.state_machine.bf10b53c-012b-4fa1-b197-82d4c3bdb60c@group-4D63D0116D0D
2020-06-27 08:19:39,670 [Command processor thread] INFO  commandhandler.CreatePipelineCommandHandler (CreatePipelineCommandHandler.java:handle(109)) - Created Pipeline RATIS ONE #id: "65b1506e-eaca-41ac-b70c-4d63d0116d0d"
.
2020-06-27 08:19:39,670 [Command processor thread] INFO  impl.RaftServerProxy (RaftServerProxy.java:addNew(89)) - bf10b53c-012b-4fa1-b197-82d4c3bdb60c: addNew group-E9D3221C1EB6:[bf10b53c-012b-4fa1-b197-82d4c3bdb60c:172.17.0.2:34043, 1cf265a5-6a03-47fd-ad13-ec32897c6af9:172.17.0.2:37877, dbedbf7e-64a3-44c7-b6dd-b08f95c937b2:172.17.0.2:45687] returns group-E9D3221C1EB6:java.util.concurrent.CompletableFuture@1c0d3b6[Not completed]
2020-06-27 08:19:39,670 [pool-547-thread-1] INFO  impl.RaftServerImpl (RaftServerImpl.java:<init>(99)) - bf10b53c-012b-4fa1-b197-82d4c3bdb60c: new RaftServerImpl for group-E9D3221C1EB6:[bf10b53c-012b-4fa1-b197-82d4c3bdb60c:172.17.0.2:34043, 1cf265a5-6a03-47fd-ad13-ec32897c6af9:172.17.0.2:37877, dbedbf7e-64a3-44c7-b6dd-b08f95c937b2:172.17.0.2:45687] with ContainerStateMachine:uninitialized
2020-06-27 08:19:39,671 [pool-547-thread-1] INFO  server.RaftServerConfigKeys (ConfUtils.java:logGet(44)) - raft.server.rpc.timeout.min = 5s (custom)
2020-06-27 08:19:39,671 [pool-547-thread-1] INFO  server.RaftServerConfigKeys (ConfUtils.java:logGet(44)) - raft.server.rpc.timeout.max = 5200ms (custom)
2020-06-27 08:19:39,671 [pool-547-thread-1] INFO  server.RaftServerConfigKeys (ConfUtils.java:logGet(44)) - raft.server.rpcslowness.timeout = 300s (custom)
2020-06-27 08:19:39,671 [pool-547-thread-1] INFO  server.RaftServerConfigKeys (ConfUtils.java:logGet(44)) - raft.server.sleep.deviation.threshold = 300 (default)
2020-06-27 08:19:39,671 [pool-547-thread-1] INFO  server.RaftServerConfigKeys (ConfUtils.java:logGet(44)) - raft.server.log.appender.install.snapshot.enabled = false (custom)
2020-06-27 08:19:39,671 [pool-547-thread-1] INFO  impl.RaftServerImpl (ServerState.java:<init>(103)) - bf10b53c-012b-4fa1-b197-82d4c3bdb60c@group-E9D3221C1EB6: ConfigurationManager, init=-1: [bf10b53c-012b-4fa1-b197-82d4c3bdb60c:172.17.0.2:34043, 1cf265a5-6a03-47fd-ad13-ec32897c6af9:172.17.0.2:37877, dbedbf7e-64a3-44c7-b6dd-b08f95c937b2:172.17.0.2:45687], old=null, confs=<EMPTY_MAP>
2020-06-27 08:19:39,671 [pool-547-thread-1] INFO  server.RaftServerConfigKeys (ConfUtils.java:logGet(44)) - raft.server.storage.dir = [/github/workspace/mnt/ozone/hadoop-ozone/integration-test/target/test-dir/MiniOzoneClusterImpl-1d3054ed-691e-4733-a773-d2ff76104d42/datanode-3/data/ratis] (custom)
2020-06-27 08:19:39,671 [pool-547-thread-1] INFO  server.RaftServerConfigKeys (ConfUtils.java:logGet(44)) - raft.server.log.corruption.policy = EXCEPTION (default)
2020-06-27 08:19:39,671 [pool-547-thread-1] INFO  storage.RaftStorageDirectory (RaftStorageDirectory.java:analyzeStorage(261)) - The storage directory /github/workspace/mnt/ozone/hadoop-ozone/integration-test/target/test-dir/MiniOzoneClusterImpl-1d3054ed-691e-4733-a773-d2ff76104d42/datanode-3/data/ratis/dbc16d53-8caf-44f8-a700-e9d3221c1eb6 does not exist. Creating ...
2020-06-27 08:19:39,672 [pool-547-thread-1] INFO  storage.RaftStorageDirectory (RaftStorageDirectory.java:tryLock(343)) - Lock on /github/workspace/mnt/ozone/hadoop-ozone/integration-test/target/test-dir/MiniOzoneClusterImpl-1d3054ed-691e-4733-a773-d2ff76104d42/datanode-3/data/ratis/dbc16d53-8caf-44f8-a700-e9d3221c1eb6/in_use.lock acquired by nodename 8206@23863634748d
2020-06-27 08:19:39,673 [pool-547-thread-1] INFO  storage.RaftStorage (RaftStorage.java:format(84)) - Storage directory /github/workspace/mnt/ozone/hadoop-ozone/integration-test/target/test-dir/MiniOzoneClusterImpl-1d3054ed-691e-4733-a773-d2ff76104d42/datanode-3/data/ratis/dbc16d53-8caf-44f8-a700-e9d3221c1eb6 has been successfully formatted.
2020-06-27 08:19:39,673 [pool-547-thread-1] INFO  ratis.ContainerStateMachine (ContainerStateMachine.java:loadSnapshot(226)) - group-E9D3221C1EB6: The snapshot info is null. Setting the last applied indexto:(t:0, i:~)
2020-06-27 08:19:39,673 [pool-547-thread-1] INFO  server.RaftServerConfigKeys (ConfUtils.java:logGet(44)) - raft.server.notification.no-leader.timeout = 60s (default)
2020-06-27 08:19:39,673 [pool-547-thread-1] INFO  server.RaftServerConfigKeys (ConfUtils.java:logGet(44)) - raft.server.log.use.memory = false (default)
2020-06-27 08:19:39,674 [pool-547-thread-1] INFO  server.RaftServerConfigKeys (ConfUtils.java:logGet(44)) - raft.server.log.purge.gap = 1000000 (custom)
2020-06-27 08:19:39,674 [pool-547-thread-1] INFO  server.RaftServerConfigKeys (ConfUtils.java:logGet(44)) - raft.server.log.appender.buffer.byte-limit = 33554432 (custom)
2020-06-27 08:19:39,674 [pool-547-thread-1] INFO  server.RaftServerConfigKeys (ConfUtils.java:logGet(44)) - raft.server.log.segment.size.max = 1048576 (custom)
2020-06-27 08:19:39,674 [pool-547-thread-1] INFO  metrics.RatisMetrics (RatisMetrics.java:lambda$create$0(36)) - Creating Metrics Registry : ratis.log_worker.bf10b53c-012b-4fa1-b197-82d4c3bdb60c@group-E9D3221C1EB6
2020-06-27 08:19:39,674 [pool-547-thread-1] INFO  server.RaftServerConfigKeys (ConfUtils.java:logGet(44)) - raft.server.log.segment.cache.num.max = 2 (custom)
2020-06-27 08:19:39,674 [pool-547-thread-1] INFO  segmented.SegmentedRaftLogWorker (SegmentedRaftLogWorker.java:<init>(180)) - new bf10b53c-012b-4fa1-b197-82d4c3bdb60c@group-E9D3221C1EB6-SegmentedRaftLogWorker for RaftStorage:Storage Directory /github/workspace/mnt/ozone/hadoop-ozone/integration-test/target/test-dir/MiniOzoneClusterImpl-1d3054ed-691e-4733-a773-d2ff76104d42/datanode-3/data/ratis/dbc16d53-8caf-44f8-a700-e9d3221c1eb6
2020-06-27 08:19:39,674 [pool-547-thread-1] INFO  server.RaftServerConfigKeys (ConfUtils.java:logGet(44)) - raft.server.log.queue.byte-limit = 2147483647 (custom)
2020-06-27 08:19:39,674 [pool-547-thread-1] INFO  server.RaftServerConfigKeys (ConfUtils.java:logGet(44)) - raft.server.log.queue.element-limit = 1024 (custom)
2020-06-27 08:19:39,674 [pool-547-thread-1] INFO  server.RaftServerConfigKeys (ConfUtils.java:logGet(44)) - raft.server.log.segment.size.max = 1048576 (custom)
2020-06-27 08:19:39,674 [pool-547-thread-1] INFO  server.RaftServerConfigKeys (ConfUtils.java:logGet(44)) - raft.server.log.preallocated.size = 16384 (custom)
2020-06-27 08:19:39,674 [pool-547-thread-1] INFO  server.RaftServerConfigKeys (ConfUtils.java:logGet(44)) - raft.server.log.write.buffer.size = 1048576 (custom)
2020-06-27 08:19:39,674 [pool-547-thread-1] INFO  server.RaftServerConfigKeys (ConfUtils.java:logGet(44)) - raft.server.log.force.sync.num = 128 (default)
2020-06-27 08:19:39,675 [pool-547-thread-1] INFO  server.RaftServerConfigKeys (ConfUtils.java:logGet(44)) - raft.server.log.statemachine.data.sync = true (default)
2020-06-27 08:19:39,675 [pool-547-thread-1] INFO  server.RaftServerConfigKeys (ConfUtils.java:logGet(44)) - raft.server.log.statemachine.data.sync.timeout = 10s (default)
2020-06-27 08:19:39,675 [pool-547-thread-1] INFO  server.RaftServerConfigKeys (ConfUtils.java:logGet(44)) - raft.server.log.statemachine.data.sync.timeout.retry = -1 (default)
2020-06-27 08:19:39,676 [pool-547-thread-1] INFO  server.RaftServerConfigKeys (ConfUtils.java:logGet(44)) - raft.server.log.statemachine.data.caching.enabled = true (custom)
2020-06-27 08:19:39,677 [pool-547-thread-1] INFO  segmented.SegmentedRaftLogWorker (SegmentedRaftLogWorker.java:lambda$new$0(129)) - bf10b53c-012b-4fa1-b197-82d4c3bdb60c@group-E9D3221C1EB6-SegmentedRaftLogWorker: flushIndex: setUnconditionally 0 -> -1
2020-06-27 08:19:39,677 [pool-547-thread-1] INFO  segmented.SegmentedRaftLogWorker (SegmentedRaftLogWorker.java:lambda$new$0(129)) - bf10b53c-012b-4fa1-b197-82d4c3bdb60c@group-E9D3221C1EB6-SegmentedRaftLogWorker: safeCacheEvictIndex: setUnconditionally 0 -> -1
2020-06-27 08:19:39,677 [pool-547-thread-1] INFO  server.RaftServerConfigKeys (ConfUtils.java:logGet(44)) - raft.server.snapshot.auto.trigger.enabled = true (custom)
2020-06-27 08:19:39,677 [pool-547-thread-1] INFO  server.RaftServerConfigKeys (ConfUtils.java:logGet(44)) - raft.server.snapshot.auto.trigger.threshold = 10000 (custom)
2020-06-27 08:19:39,677 [pool-547-thread-1] INFO  server.RaftServerConfigKeys (ConfUtils.java:logGet(44)) - raft.server.snapshot.retention.file.num = 5 (custom)
2020-06-27 08:19:39,677 [pool-547-thread-1] INFO  server.RaftServerConfigKeys (ConfUtils.java:logGet(44)) - raft.server.log.purge.upto.snapshot.index = false (default)
2020-06-27 08:19:39,677 [pool-547-thread-1] INFO  server.RaftServerConfigKeys (ConfUtils.java:logGet(44)) - raft.server.retrycache.expirytime = 600000ms (custom)
2020-06-27 08:19:39,677 [pool-547-thread-1] INFO  metrics.RatisMetrics (RatisMetrics.java:lambda$create$0(36)) - Creating Metrics Registry : ratis.leader_election.bf10b53c-012b-4fa1-b197-82d4c3bdb60c@group-E9D3221C1EB6
2020-06-27 08:19:39,678 [pool-547-thread-1] INFO  metrics.RatisMetrics (RatisMetrics.java:lambda$create$0(36)) - Creating Metrics Registry : ratis.server.bf10b53c-012b-4fa1-b197-82d4c3bdb60c@group-E9D3221C1EB6
2020-06-27 08:19:39,679 [pool-547-thread-1] INFO  impl.RaftServerImpl (RaftServerImpl.java:start(186)) - bf10b53c-012b-4fa1-b197-82d4c3bdb60c@group-E9D3221C1EB6: start as a follower, conf=-1: [bf10b53c-012b-4fa1-b197-82d4c3bdb60c:172.17.0.2:34043, 1cf265a5-6a03-47fd-ad13-ec32897c6af9:172.17.0.2:37877, dbedbf7e-64a3-44c7-b6dd-b08f95c937b2:172.17.0.2:45687], old=null
2020-06-27 08:19:39,679 [pool-547-thread-1] INFO  impl.RaftServerImpl (RaftServerImpl.java:setRole(175)) - bf10b53c-012b-4fa1-b197-82d4c3bdb60c@group-E9D3221C1EB6: changes role from      null to FOLLOWER at term 0 for startAsFollower
2020-06-27 08:19:39,680 [pool-547-thread-1] INFO  impl.RoleInfo (RoleInfo.java:updateAndGet(143)) - bf10b53c-012b-4fa1-b197-82d4c3bdb60c: start FollowerState
2020-06-27 08:19:39,680 [pool-547-thread-1] INFO  util.JmxRegister (JmxRegister.java:tryRegister(44)) - Successfully registered JMX Bean with object name Ratis:service=RaftServer,group=group-E9D3221C1EB6,id=bf10b53c-012b-4fa1-b197-82d4c3bdb60c
2020-06-27 08:19:39,680 [pool-547-thread-1] INFO  metrics.RatisMetrics (RatisMetrics.java:lambda$create$0(36)) - Creating Metrics Registry : ratis.state_machine.bf10b53c-012b-4fa1-b197-82d4c3bdb60c@group-E9D3221C1EB6
2020-06-27 08:19:39,691 [grpc-default-executor-6] INFO  impl.RaftServerProxy (RaftServerProxy.java:addNew(89)) - 1cf265a5-6a03-47fd-ad13-ec32897c6af9: addNew group-E9D3221C1EB6:[bf10b53c-012b-4fa1-b197-82d4c3bdb60c:172.17.0.2:34043, 1cf265a5-6a03-47fd-ad13-ec32897c6af9:172.17.0.2:37877, dbedbf7e-64a3-44c7-b6dd-b08f95c937b2:172.17.0.2:45687] returns group-E9D3221C1EB6:java.util.concurrent.CompletableFuture@74970229[Not completed]
2020-06-27 08:19:39,691 [Command processor thread] INFO  impl.RaftServerProxy (RaftServerProxy.java:addNew(89)) - 1cf265a5-6a03-47fd-ad13-ec32897c6af9: addNew group-712E98CE9349:[1cf265a5-6a03-47fd-ad13-ec32897c6af9:172.17.0.2:37877] returns group-712E98CE9349:java.util.concurrent.CompletableFuture@7cb3163e[Not completed]
2020-06-27 08:19:39,694 [pool-562-thread-1] INFO  impl.RaftServerImpl (RaftServerImpl.java:<init>(99)) - 1cf265a5-6a03-47fd-ad13-ec32897c6af9: new RaftServerImpl for group-E9D3221C1EB6:[bf10b53c-012b-4fa1-b197-82d4c3bdb60c:172.17.0.2:34043, 1cf265a5-6a03-47fd-ad13-ec32897c6af9:172.17.0.2:37877, dbedbf7e-64a3-44c7-b6dd-b08f95c937b2:172.17.0.2:45687] with ContainerStateMachine:uninitialized
2020-06-27 08:19:39,694 [pool-562-thread-1] INFO  server.RaftServerConfigKeys (ConfUtils.java:logGet(44)) - raft.server.rpc.timeout.min = 5s (custom)
2020-06-27 08:19:39,694 [pool-562-thread-1] INFO  server.RaftServerConfigKeys (ConfUtils.java:logGet(44)) - raft.server.rpc.timeout.max = 5200ms (custom)
2020-06-27 08:19:39,694 [pool-562-thread-1] INFO  server.RaftServerConfigKeys (ConfUtils.java:logGet(44)) - raft.server.rpcslowness.timeout = 300s (custom)
2020-06-27 08:19:39,694 [pool-562-thread-1] INFO  server.RaftServerConfigKeys (ConfUtils.java:logGet(44)) - raft.server.sleep.deviation.threshold = 300 (default)
2020-06-27 08:19:39,694 [pool-562-thread-1] INFO  server.RaftServerConfigKeys (ConfUtils.java:logGet(44)) - raft.server.log.appender.install.snapshot.enabled = false (custom)
2020-06-27 08:19:39,695 [pool-562-thread-1] INFO  impl.RaftServerImpl (ServerState.java:<init>(103)) - 1cf265a5-6a03-47fd-ad13-ec32897c6af9@group-E9D3221C1EB6: ConfigurationManager, init=-1: [bf10b53c-012b-4fa1-b197-82d4c3bdb60c:172.17.0.2:34043, 1cf265a5-6a03-47fd-ad13-ec32897c6af9:172.17.0.2:37877, dbedbf7e-64a3-44c7-b6dd-b08f95c937b2:172.17.0.2:45687], old=null, confs=<EMPTY_MAP>
2020-06-27 08:19:39,695 [pool-562-thread-1] INFO  server.RaftServerConfigKeys (ConfUtils.java:logGet(44)) - raft.server.storage.dir = [/github/workspace/mnt/ozone/hadoop-ozone/integration-test/target/test-dir/MiniOzoneClusterImpl-1d3054ed-691e-4733-a773-d2ff76104d42/datanode-4/data/ratis] (custom)
2020-06-27 08:19:39,695 [pool-562-thread-1] INFO  server.RaftServerConfigKeys (ConfUtils.java:logGet(44)) - raft.server.log.corruption.policy = EXCEPTION (default)
2020-06-27 08:19:39,695 [pool-562-thread-1] INFO  storage.RaftStorageDirectory (RaftStorageDirectory.java:analyzeStorage(261)) - The storage directory /github/workspace/mnt/ozone/hadoop-ozone/integration-test/target/test-dir/MiniOzoneClusterImpl-1d3054ed-691e-4733-a773-d2ff76104d42/datanode-4/data/ratis/dbc16d53-8caf-44f8-a700-e9d3221c1eb6 does not exist. Creating ...
2020-06-27 08:19:39,696 [pool-562-thread-1] INFO  storage.RaftStorageDirectory (RaftStorageDirectory.java:tryLock(343)) - Lock on /github/workspace/mnt/ozone/hadoop-ozone/integration-test/target/test-dir/MiniOzoneClusterImpl-1d3054ed-691e-4733-a773-d2ff76104d42/datanode-4/data/ratis/dbc16d53-8caf-44f8-a700-e9d3221c1eb6/in_use.lock acquired by nodename 8206@23863634748d
2020-06-27 08:19:39,697 [pool-562-thread-1] INFO  storage.RaftStorage (RaftStorage.java:format(84)) - Storage directory /github/workspace/mnt/ozone/hadoop-ozone/integration-test/target/test-dir/MiniOzoneClusterImpl-1d3054ed-691e-4733-a773-d2ff76104d42/datanode-4/data/ratis/dbc16d53-8caf-44f8-a700-e9d3221c1eb6 has been successfully formatted.
2020-06-27 08:19:39,698 [pool-562-thread-1] INFO  ratis.ContainerStateMachine (ContainerStateMachine.java:loadSnapshot(226)) - group-E9D3221C1EB6: The snapshot info is null. Setting the last applied indexto:(t:0, i:~)
2020-06-27 08:19:39,698 [pool-562-thread-1] INFO  server.RaftServerConfigKeys (ConfUtils.java:logGet(44)) - raft.server.notification.no-leader.timeout = 60s (default)
2020-06-27 08:19:39,698 [pool-562-thread-1] INFO  server.RaftServerConfigKeys (ConfUtils.java:logGet(44)) - raft.server.log.use.memory = false (default)
2020-06-27 08:19:39,698 [pool-562-thread-1] INFO  server.RaftServerConfigKeys (ConfUtils.java:logGet(44)) - raft.server.log.purge.gap = 1000000 (custom)
2020-06-27 08:19:39,698 [pool-562-thread-1] INFO  server.RaftServerConfigKeys (ConfUtils.java:logGet(44)) - raft.server.log.appender.buffer.byte-limit = 33554432 (custom)
2020-06-27 08:19:39,698 [pool-562-thread-1] INFO  server.RaftServerConfigKeys (ConfUtils.java:logGet(44)) - raft.server.log.segment.size.max = 1048576 (custom)
2020-06-27 08:19:39,698 [pool-562-thread-1] INFO  metrics.RatisMetrics (RatisMetrics.java:lambda$create$0(36)) - Creating Metrics Registry : ratis.log_worker.1cf265a5-6a03-47fd-ad13-ec32897c6af9@group-E9D3221C1EB6
2020-06-27 08:19:39,698 [EventQueue-PipelineReportForPipelineReportHandler] INFO  pipeline.PipelineStateManager (PipelineStateManager.java:openPipeline(131)) - Pipeline Pipeline[ Id: d52a4eec-7a19-43c1-8dee-712e98ce9349, Nodes: 1cf265a5-6a03-47fd-ad13-ec32897c6af9{ip: 172.17.0.2, host: 23863634748d, networkLocation: /default-rack, certSerialId: null}, Type:RATIS, Factor:ONE, State:ALLOCATED, leaderId:1cf265a5-6a03-47fd-ad13-ec32897c6af9, CreationTimestamp2020-06-27T08:19:36.693Z] moved to OPEN state
2020-06-27 08:19:39,699 [EventQueue-OpenPipelineForOneReplicaPipelineSafeModeRule] INFO  safemode.SCMSafeModeManager (SCMSafeModeManager.java:validateSafeModeExitRules(214)) - AtleastOneDatanodeReportedRule rule is successfully validated
2020-06-27 08:19:39,699 [EventQueue-OpenPipelineForHealthyPipelineSafeModeRule] INFO  safemode.SCMSafeModeManager (HealthyPipelineSafeModeRule.java:process(132)) - SCM in safe mode. Healthy pipelines reported count is 0, required healthy pipeline reported count is 1
2020-06-27 08:19:39,699 [pool-562-thread-1] INFO  server.RaftServerConfigKeys (ConfUtils.java:logGet(44)) - raft.server.log.segment.cache.num.max = 2 (custom)
2020-06-27 08:19:39,699 [pool-562-thread-1] INFO  segmented.SegmentedRaftLogWorker (SegmentedRaftLogWorker.java:<init>(180)) - new 1cf265a5-6a03-47fd-ad13-ec32897c6af9@group-E9D3221C1EB6-SegmentedRaftLogWorker for RaftStorage:Storage Directory /github/workspace/mnt/ozone/hadoop-ozone/integration-test/target/test-dir/MiniOzoneClusterImpl-1d3054ed-691e-4733-a773-d2ff76104d42/datanode-4/data/ratis/dbc16d53-8caf-44f8-a700-e9d3221c1eb6
2020-06-27 08:19:39,700 [pool-562-thread-1] INFO  server.RaftServerConfigKeys (ConfUtils.java:logGet(44)) - raft.server.log.queue.byte-limit = 2147483647 (custom)
2020-06-27 08:19:39,700 [pool-562-thread-1] INFO  server.RaftServerConfigKeys (ConfUtils.java:logGet(44)) - raft.server.log.queue.element-limit = 1024 (custom)
2020-06-27 08:19:39,700 [pool-562-thread-1] INFO  server.RaftServerConfigKeys (ConfUtils.java:logGet(44)) - raft.server.log.segment.size.max = 1048576 (custom)
2020-06-27 08:19:39,700 [pool-562-thread-1] INFO  server.RaftServerConfigKeys (ConfUtils.java:logGet(44)) - raft.server.log.preallocated.size = 16384 (custom)
2020-06-27 08:19:39,700 [pool-562-thread-1] INFO  server.RaftServerConfigKeys (ConfUtils.java:logGet(44)) - raft.server.log.write.buffer.size = 1048576 (custom)
2020-06-27 08:19:39,700 [pool-562-thread-1] INFO  server.RaftServerConfigKeys (ConfUtils.java:logGet(44)) - raft.server.log.force.sync.num = 128 (default)
2020-06-27 08:19:39,700 [pool-562-thread-1] INFO  server.RaftServerConfigKeys (ConfUtils.java:logGet(44)) - raft.server.log.statemachine.data.sync = true (default)
2020-06-27 08:19:39,700 [pool-562-thread-1] INFO  server.RaftServerConfigKeys (ConfUtils.java:logGet(44)) - raft.server.log.statemachine.data.sync.timeout = 10s (default)
2020-06-27 08:19:39,700 [pool-562-thread-1] INFO  server.RaftServerConfigKeys (ConfUtils.java:logGet(44)) - raft.server.log.statemachine.data.sync.timeout.retry = -1 (default)
2020-06-27 08:19:39,702 [pool-562-thread-1] INFO  server.RaftServerConfigKeys (ConfUtils.java:logGet(44)) - raft.server.log.statemachine.data.caching.enabled = true (custom)
2020-06-27 08:19:39,703 [pool-562-thread-1] INFO  segmented.SegmentedRaftLogWorker (SegmentedRaftLogWorker.java:lambda$new$0(129)) - 1cf265a5-6a03-47fd-ad13-ec32897c6af9@group-E9D3221C1EB6-SegmentedRaftLogWorker: flushIndex: setUnconditionally 0 -> -1
2020-06-27 08:19:39,703 [pool-562-thread-1] INFO  segmented.SegmentedRaftLogWorker (SegmentedRaftLogWorker.java:lambda$new$0(129)) - 1cf265a5-6a03-47fd-ad13-ec32897c6af9@group-E9D3221C1EB6-SegmentedRaftLogWorker: safeCacheEvictIndex: setUnconditionally 0 -> -1
2020-06-27 08:19:39,703 [pool-562-thread-1] INFO  server.RaftServerConfigKeys (ConfUtils.java:logGet(44)) - raft.server.snapshot.auto.trigger.enabled = true (custom)
2020-06-27 08:19:39,703 [pool-562-thread-1] INFO  server.RaftServerConfigKeys (ConfUtils.java:logGet(44)) - raft.server.snapshot.auto.trigger.threshold = 10000 (custom)
2020-06-27 08:19:39,704 [pool-562-thread-1] INFO  server.RaftServerConfigKeys (ConfUtils.java:logGet(44)) - raft.server.snapshot.retention.file.num = 5 (custom)
2020-06-27 08:19:39,704 [pool-562-thread-1] INFO  server.RaftServerConfigKeys (ConfUtils.java:logGet(44)) - raft.server.log.purge.upto.snapshot.index = false (default)
2020-06-27 08:19:39,704 [pool-562-thread-1] INFO  server.RaftServerConfigKeys (ConfUtils.java:logGet(44)) - raft.server.retrycache.expirytime = 600000ms (custom)
2020-06-27 08:19:39,704 [pool-562-thread-1] INFO  metrics.RatisMetrics (RatisMetrics.java:lambda$create$0(36)) - Creating Metrics Registry : ratis.leader_election.1cf265a5-6a03-47fd-ad13-ec32897c6af9@group-E9D3221C1EB6
2020-06-27 08:19:39,705 [pool-562-thread-1] INFO  metrics.RatisMetrics (RatisMetrics.java:lambda$create$0(36)) - Creating Metrics Registry : ratis.server.1cf265a5-6a03-47fd-ad13-ec32897c6af9@group-E9D3221C1EB6
2020-06-27 08:19:39,707 [pool-562-thread-1] INFO  impl.RaftServerImpl (RaftServerImpl.java:<init>(99)) - 1cf265a5-6a03-47fd-ad13-ec32897c6af9: new RaftServerImpl for group-712E98CE9349:[1cf265a5-6a03-47fd-ad13-ec32897c6af9:172.17.0.2:37877] with ContainerStateMachine:uninitialized
2020-06-27 08:19:39,707 [pool-562-thread-1] INFO  server.RaftServerConfigKeys (ConfUtils.java:logGet(44)) - raft.server.rpc.timeout.min = 5s (custom)
2020-06-27 08:19:39,707 [pool-562-thread-1] INFO  server.RaftServerConfigKeys (ConfUtils.java:logGet(44)) - raft.server.rpc.timeout.max = 5200ms (custom)
2020-06-27 08:19:39,708 [pool-562-thread-1] INFO  server.RaftServerConfigKeys (ConfUtils.java:logGet(44)) - raft.server.rpcslowness.timeout = 300s (custom)
2020-06-27 08:19:39,708 [pool-562-thread-1] INFO  server.RaftServerConfigKeys (ConfUtils.java:logGet(44)) - raft.server.sleep.deviation.threshold = 300 (default)
2020-06-27 08:19:39,708 [pool-562-thread-1] INFO  server.RaftServerConfigKeys (ConfUtils.java:logGet(44)) - raft.server.log.appender.install.snapshot.enabled = false (custom)
2020-06-27 08:19:39,708 [pool-562-thread-1] INFO  impl.RaftServerImpl (ServerState.java:<init>(103)) - 1cf265a5-6a03-47fd-ad13-ec32897c6af9@group-712E98CE9349: ConfigurationManager, init=-1: [1cf265a5-6a03-47fd-ad13-ec32897c6af9:172.17.0.2:37877], old=null, confs=<EMPTY_MAP>
2020-06-27 08:19:39,708 [pool-562-thread-1] INFO  server.RaftServerConfigKeys (ConfUtils.java:logGet(44)) - raft.server.storage.dir = [/github/workspace/mnt/ozone/hadoop-ozone/integration-test/target/test-dir/MiniOzoneClusterImpl-1d3054ed-691e-4733-a773-d2ff76104d42/datanode-4/data/ratis] (custom)
2020-06-27 08:19:39,708 [pool-562-thread-1] INFO  server.RaftServerConfigKeys (ConfUtils.java:logGet(44)) - raft.server.log.corruption.policy = EXCEPTION (default)
2020-06-27 08:19:39,708 [pool-562-thread-1] INFO  storage.RaftStorageDirectory (RaftStorageDirectory.java:analyzeStorage(261)) - The storage directory /github/workspace/mnt/ozone/hadoop-ozone/integration-test/target/test-dir/MiniOzoneClusterImpl-1d3054ed-691e-4733-a773-d2ff76104d42/datanode-4/data/ratis/d52a4eec-7a19-43c1-8dee-712e98ce9349 does not exist. Creating ...
2020-06-27 08:19:39,709 [pool-562-thread-1] INFO  storage.RaftStorageDirectory (RaftStorageDirectory.java:tryLock(343)) - Lock on /github/workspace/mnt/ozone/hadoop-ozone/integration-test/target/test-dir/MiniOzoneClusterImpl-1d3054ed-691e-4733-a773-d2ff76104d42/datanode-4/data/ratis/d52a4eec-7a19-43c1-8dee-712e98ce9349/in_use.lock acquired by nodename 8206@23863634748d
2020-06-27 08:19:39,712 [pool-562-thread-1] INFO  storage.RaftStorage (RaftStorage.java:format(84)) - Storage directory /github/workspace/mnt/ozone/hadoop-ozone/integration-test/target/test-dir/MiniOzoneClusterImpl-1d3054ed-691e-4733-a773-d2ff76104d42/datanode-4/data/ratis/d52a4eec-7a19-43c1-8dee-712e98ce9349 has been successfully formatted.
2020-06-27 08:19:39,712 [pool-562-thread-1] INFO  ratis.ContainerStateMachine (ContainerStateMachine.java:loadSnapshot(226)) - group-712E98CE9349: The snapshot info is null. Setting the last applied indexto:(t:0, i:~)
2020-06-27 08:19:39,712 [pool-562-thread-1] INFO  server.RaftServerConfigKeys (ConfUtils.java:logGet(44)) - raft.server.notification.no-leader.timeout = 60s (default)
2020-06-27 08:19:39,712 [pool-562-thread-1] INFO  server.RaftServerConfigKeys (ConfUtils.java:logGet(44)) - raft.server.log.use.memory = false (default)
2020-06-27 08:19:39,712 [pool-562-thread-1] INFO  server.RaftServerConfigKeys (ConfUtils.java:logGet(44)) - raft.server.log.purge.gap = 1000000 (custom)
2020-06-27 08:19:39,712 [pool-562-thread-1] INFO  server.RaftServerConfigKeys (ConfUtils.java:logGet(44)) - raft.server.log.appender.buffer.byte-limit = 33554432 (custom)
2020-06-27 08:19:39,712 [pool-562-thread-1] INFO  server.RaftServerConfigKeys (ConfUtils.java:logGet(44)) - raft.server.log.segment.size.max = 1048576 (custom)
2020-06-27 08:19:39,712 [pool-562-thread-1] INFO  metrics.RatisMetrics (RatisMetrics.java:lambda$create$0(36)) - Creating Metrics Registry : ratis.log_worker.1cf265a5-6a03-47fd-ad13-ec32897c6af9@group-712E98CE9349
2020-06-27 08:19:39,713 [pool-562-thread-1] INFO  server.RaftServerConfigKeys (ConfUtils.java:logGet(44)) - raft.server.log.segment.cache.num.max = 2 (custom)
2020-06-27 08:19:39,713 [pool-562-thread-1] INFO  segmented.SegmentedRaftLogWorker (SegmentedRaftLogWorker.java:<init>(180)) - new 1cf265a5-6a03-47fd-ad13-ec32897c6af9@group-712E98CE9349-SegmentedRaftLogWorker for RaftStorage:Storage Directory /github/workspace/mnt/ozone/hadoop-ozone/integration-test/target/test-dir/MiniOzoneClusterImpl-1d3054ed-691e-4733-a773-d2ff76104d42/datanode-4/data/ratis/d52a4eec-7a19-43c1-8dee-712e98ce9349
2020-06-27 08:19:39,713 [pool-562-thread-1] INFO  server.RaftServerConfigKeys (ConfUtils.java:logGet(44)) - raft.server.log.queue.byte-limit = 2147483647 (custom)
2020-06-27 08:19:39,713 [pool-562-thread-1] INFO  server.RaftServerConfigKeys (ConfUtils.java:logGet(44)) - raft.server.log.queue.element-limit = 1024 (custom)
2020-06-27 08:19:39,713 [pool-562-thread-1] INFO  server.RaftServerConfigKeys (ConfUtils.java:logGet(44)) - raft.server.log.segment.size.max = 1048576 (custom)
2020-06-27 08:19:39,713 [pool-562-thread-1] INFO  server.RaftServerConfigKeys (ConfUtils.java:logGet(44)) - raft.server.log.preallocated.size = 16384 (custom)
2020-06-27 08:19:39,713 [pool-562-thread-1] INFO  server.RaftServerConfigKeys (ConfUtils.java:logGet(44)) - raft.server.log.write.buffer.size = 1048576 (custom)
2020-06-27 08:19:39,713 [pool-562-thread-1] INFO  server.RaftServerConfigKeys (ConfUtils.java:logGet(44)) - raft.server.log.force.sync.num = 128 (default)
2020-06-27 08:19:39,713 [pool-562-thread-1] INFO  server.RaftServerConfigKeys (ConfUtils.java:logGet(44)) - raft.server.log.statemachine.data.sync = true (default)
2020-06-27 08:19:39,713 [pool-562-thread-1] INFO  server.RaftServerConfigKeys (ConfUtils.java:logGet(44)) - raft.server.log.statemachine.data.sync.timeout = 10s (default)
2020-06-27 08:19:39,713 [pool-562-thread-1] INFO  server.RaftServerConfigKeys (ConfUtils.java:logGet(44)) - raft.server.log.statemachine.data.sync.timeout.retry = -1 (default)
2020-06-27 08:19:39,715 [pool-562-thread-1] INFO  server.RaftServerConfigKeys (ConfUtils.java:logGet(44)) - raft.server.log.statemachine.data.caching.enabled = true (custom)
2020-06-27 08:19:39,715 [pool-562-thread-1] INFO  segmented.SegmentedRaftLogWorker (SegmentedRaftLogWorker.java:lambda$new$0(129)) - 1cf265a5-6a03-47fd-ad13-ec32897c6af9@group-712E98CE9349-SegmentedRaftLogWorker: flushIndex: setUnconditionally 0 -> -1
2020-06-27 08:19:39,715 [pool-562-thread-1] INFO  segmented.SegmentedRaftLogWorker (SegmentedRaftLogWorker.java:lambda$new$0(129)) - 1cf265a5-6a03-47fd-ad13-ec32897c6af9@group-712E98CE9349-SegmentedRaftLogWorker: safeCacheEvictIndex: setUnconditionally 0 -> -1
2020-06-27 08:19:39,717 [pool-562-thread-1] INFO  server.RaftServerConfigKeys (ConfUtils.java:logGet(44)) - raft.server.snapshot.auto.trigger.enabled = true (custom)
2020-06-27 08:19:39,717 [pool-562-thread-1] INFO  server.RaftServerConfigKeys (ConfUtils.java:logGet(44)) - raft.server.snapshot.auto.trigger.threshold = 10000 (custom)
2020-06-27 08:19:39,717 [pool-562-thread-1] INFO  server.RaftServerConfigKeys (ConfUtils.java:logGet(44)) - raft.server.snapshot.retention.file.num = 5 (custom)
2020-06-27 08:19:39,717 [pool-562-thread-1] INFO  server.RaftServerConfigKeys (ConfUtils.java:logGet(44)) - raft.server.log.purge.upto.snapshot.index = false (default)
2020-06-27 08:19:39,717 [pool-562-thread-1] INFO  server.RaftServerConfigKeys (ConfUtils.java:logGet(44)) - raft.server.retrycache.expirytime = 600000ms (custom)
2020-06-27 08:19:39,717 [pool-562-thread-1] INFO  metrics.RatisMetrics (RatisMetrics.java:lambda$create$0(36)) - Creating Metrics Registry : ratis.leader_election.1cf265a5-6a03-47fd-ad13-ec32897c6af9@group-712E98CE9349
2020-06-27 08:19:39,718 [pool-562-thread-1] INFO  metrics.RatisMetrics (RatisMetrics.java:lambda$create$0(36)) - Creating Metrics Registry : ratis.server.1cf265a5-6a03-47fd-ad13-ec32897c6af9@group-712E98CE9349
2020-06-27 08:19:39,719 [pool-562-thread-1] INFO  impl.RaftServerImpl (RaftServerImpl.java:start(186)) - 1cf265a5-6a03-47fd-ad13-ec32897c6af9@group-E9D3221C1EB6: start as a follower, conf=-1: [bf10b53c-012b-4fa1-b197-82d4c3bdb60c:172.17.0.2:34043, 1cf265a5-6a03-47fd-ad13-ec32897c6af9:172.17.0.2:37877, dbedbf7e-64a3-44c7-b6dd-b08f95c937b2:172.17.0.2:45687], old=null
2020-06-27 08:19:39,719 [pool-562-thread-1] INFO  impl.RaftServerImpl (RaftServerImpl.java:setRole(175)) - 1cf265a5-6a03-47fd-ad13-ec32897c6af9@group-E9D3221C1EB6: changes role from      null to FOLLOWER at term 0 for startAsFollower
2020-06-27 08:19:39,719 [pool-562-thread-1] INFO  impl.RoleInfo (RoleInfo.java:updateAndGet(143)) - 1cf265a5-6a03-47fd-ad13-ec32897c6af9: start FollowerState
2020-06-27 08:19:39,719 [pool-562-thread-1] INFO  util.JmxRegister (JmxRegister.java:tryRegister(44)) - Successfully registered JMX Bean with object name Ratis:service=RaftServer,group=group-E9D3221C1EB6,id=1cf265a5-6a03-47fd-ad13-ec32897c6af9
2020-06-27 08:19:39,719 [pool-562-thread-1] INFO  metrics.RatisMetrics (RatisMetrics.java:lambda$create$0(36)) - Creating Metrics Registry : ratis.state_machine.1cf265a5-6a03-47fd-ad13-ec32897c6af9@group-E9D3221C1EB6
2020-06-27 08:19:39,721 [pool-562-thread-1] INFO  impl.RaftServerImpl (RaftServerImpl.java:start(186)) - 1cf265a5-6a03-47fd-ad13-ec32897c6af9@group-712E98CE9349: start as a follower, conf=-1: [1cf265a5-6a03-47fd-ad13-ec32897c6af9:172.17.0.2:37877], old=null
2020-06-27 08:19:39,721 [pool-562-thread-1] INFO  impl.RaftServerImpl (RaftServerImpl.java:setRole(175)) - 1cf265a5-6a03-47fd-ad13-ec32897c6af9@group-712E98CE9349: changes role from      null to FOLLOWER at term 0 for startAsFollower
2020-06-27 08:19:39,721 [pool-562-thread-1] INFO  impl.RoleInfo (RoleInfo.java:updateAndGet(143)) - 1cf265a5-6a03-47fd-ad13-ec32897c6af9: start FollowerState
2020-06-27 08:19:39,725 [pool-562-thread-1] INFO  util.JmxRegister (JmxRegister.java:tryRegister(44)) - Successfully registered JMX Bean with object name Ratis:service=RaftServer,group=group-712E98CE9349,id=1cf265a5-6a03-47fd-ad13-ec32897c6af9
2020-06-27 08:19:39,725 [pool-562-thread-1] INFO  metrics.RatisMetrics (RatisMetrics.java:lambda$create$0(36)) - Creating Metrics Registry : ratis.state_machine.1cf265a5-6a03-47fd-ad13-ec32897c6af9@group-712E98CE9349
2020-06-27 08:19:39,733 [Command processor thread] INFO  commandhandler.CreatePipelineCommandHandler (CreatePipelineCommandHandler.java:handle(109)) - Created Pipeline RATIS ONE #id: "d52a4eec-7a19-43c1-8dee-712e98ce9349"
.
2020-06-27 08:19:39,741 [grpc-default-executor-6] INFO  impl.RaftServerProxy (RaftServerProxy.java:addNew(89)) - dbedbf7e-64a3-44c7-b6dd-b08f95c937b2: addNew group-E9D3221C1EB6:[bf10b53c-012b-4fa1-b197-82d4c3bdb60c:172.17.0.2:34043, 1cf265a5-6a03-47fd-ad13-ec32897c6af9:172.17.0.2:37877, dbedbf7e-64a3-44c7-b6dd-b08f95c937b2:172.17.0.2:45687] returns group-E9D3221C1EB6:java.util.concurrent.CompletableFuture@cb4983b[Not completed]
2020-06-27 08:19:39,742 [pool-577-thread-1] INFO  impl.RaftServerImpl (RaftServerImpl.java:<init>(99)) - dbedbf7e-64a3-44c7-b6dd-b08f95c937b2: new RaftServerImpl for group-E9D3221C1EB6:[bf10b53c-012b-4fa1-b197-82d4c3bdb60c:172.17.0.2:34043, 1cf265a5-6a03-47fd-ad13-ec32897c6af9:172.17.0.2:37877, dbedbf7e-64a3-44c7-b6dd-b08f95c937b2:172.17.0.2:45687] with ContainerStateMachine:uninitialized
2020-06-27 08:19:39,742 [pool-577-thread-1] INFO  server.RaftServerConfigKeys (ConfUtils.java:logGet(44)) - raft.server.rpc.timeout.min = 5s (custom)
2020-06-27 08:19:39,742 [pool-577-thread-1] INFO  server.RaftServerConfigKeys (ConfUtils.java:logGet(44)) - raft.server.rpc.timeout.max = 5200ms (custom)
2020-06-27 08:19:39,742 [pool-577-thread-1] INFO  server.RaftServerConfigKeys (ConfUtils.java:logGet(44)) - raft.server.rpcslowness.timeout = 300s (custom)
2020-06-27 08:19:39,742 [pool-577-thread-1] INFO  server.RaftServerConfigKeys (ConfUtils.java:logGet(44)) - raft.server.sleep.deviation.threshold = 300 (default)
2020-06-27 08:19:39,742 [pool-577-thread-1] INFO  server.RaftServerConfigKeys (ConfUtils.java:logGet(44)) - raft.server.log.appender.install.snapshot.enabled = false (custom)
2020-06-27 08:19:39,742 [pool-577-thread-1] INFO  impl.RaftServerImpl (ServerState.java:<init>(103)) - dbedbf7e-64a3-44c7-b6dd-b08f95c937b2@group-E9D3221C1EB6: ConfigurationManager, init=-1: [bf10b53c-012b-4fa1-b197-82d4c3bdb60c:172.17.0.2:34043, 1cf265a5-6a03-47fd-ad13-ec32897c6af9:172.17.0.2:37877, dbedbf7e-64a3-44c7-b6dd-b08f95c937b2:172.17.0.2:45687], old=null, confs=<EMPTY_MAP>
2020-06-27 08:19:39,743 [pool-577-thread-1] INFO  server.RaftServerConfigKeys (ConfUtils.java:logGet(44)) - raft.server.storage.dir = [/github/workspace/mnt/ozone/hadoop-ozone/integration-test/target/test-dir/MiniOzoneClusterImpl-1d3054ed-691e-4733-a773-d2ff76104d42/datanode-5/data/ratis] (custom)
2020-06-27 08:19:39,743 [pool-577-thread-1] INFO  server.RaftServerConfigKeys (ConfUtils.java:logGet(44)) - raft.server.log.corruption.policy = EXCEPTION (default)
2020-06-27 08:19:39,743 [pool-577-thread-1] INFO  storage.RaftStorageDirectory (RaftStorageDirectory.java:analyzeStorage(261)) - The storage directory /github/workspace/mnt/ozone/hadoop-ozone/integration-test/target/test-dir/MiniOzoneClusterImpl-1d3054ed-691e-4733-a773-d2ff76104d42/datanode-5/data/ratis/dbc16d53-8caf-44f8-a700-e9d3221c1eb6 does not exist. Creating ...
2020-06-27 08:19:39,744 [pool-577-thread-1] INFO  storage.RaftStorageDirectory (RaftStorageDirectory.java:tryLock(343)) - Lock on /github/workspace/mnt/ozone/hadoop-ozone/integration-test/target/test-dir/MiniOzoneClusterImpl-1d3054ed-691e-4733-a773-d2ff76104d42/datanode-5/data/ratis/dbc16d53-8caf-44f8-a700-e9d3221c1eb6/in_use.lock acquired by nodename 8206@23863634748d
2020-06-27 08:19:39,745 [pool-577-thread-1] INFO  storage.RaftStorage (RaftStorage.java:format(84)) - Storage directory /github/workspace/mnt/ozone/hadoop-ozone/integration-test/target/test-dir/MiniOzoneClusterImpl-1d3054ed-691e-4733-a773-d2ff76104d42/datanode-5/data/ratis/dbc16d53-8caf-44f8-a700-e9d3221c1eb6 has been successfully formatted.
2020-06-27 08:19:39,746 [pool-577-thread-1] INFO  ratis.ContainerStateMachine (ContainerStateMachine.java:loadSnapshot(226)) - group-E9D3221C1EB6: The snapshot info is null. Setting the last applied indexto:(t:0, i:~)
2020-06-27 08:19:39,746 [pool-577-thread-1] INFO  server.RaftServerConfigKeys (ConfUtils.java:logGet(44)) - raft.server.notification.no-leader.timeout = 60s (default)
2020-06-27 08:19:39,746 [pool-577-thread-1] INFO  server.RaftServerConfigKeys (ConfUtils.java:logGet(44)) - raft.server.log.use.memory = false (default)
2020-06-27 08:19:39,746 [pool-577-thread-1] INFO  server.RaftServerConfigKeys (ConfUtils.java:logGet(44)) - raft.server.log.purge.gap = 1000000 (custom)
2020-06-27 08:19:39,746 [pool-577-thread-1] INFO  server.RaftServerConfigKeys (ConfUtils.java:logGet(44)) - raft.server.log.appender.buffer.byte-limit = 33554432 (custom)
2020-06-27 08:19:39,746 [pool-577-thread-1] INFO  server.RaftServerConfigKeys (ConfUtils.java:logGet(44)) - raft.server.log.segment.size.max = 1048576 (custom)
2020-06-27 08:19:39,746 [pool-577-thread-1] INFO  metrics.RatisMetrics (RatisMetrics.java:lambda$create$0(36)) - Creating Metrics Registry : ratis.log_worker.dbedbf7e-64a3-44c7-b6dd-b08f95c937b2@group-E9D3221C1EB6
2020-06-27 08:19:39,747 [pool-577-thread-1] INFO  server.RaftServerConfigKeys (ConfUtils.java:logGet(44)) - raft.server.log.segment.cache.num.max = 2 (custom)
2020-06-27 08:19:39,747 [pool-577-thread-1] INFO  segmented.SegmentedRaftLogWorker (SegmentedRaftLogWorker.java:<init>(180)) - new dbedbf7e-64a3-44c7-b6dd-b08f95c937b2@group-E9D3221C1EB6-SegmentedRaftLogWorker for RaftStorage:Storage Directory /github/workspace/mnt/ozone/hadoop-ozone/integration-test/target/test-dir/MiniOzoneClusterImpl-1d3054ed-691e-4733-a773-d2ff76104d42/datanode-5/data/ratis/dbc16d53-8caf-44f8-a700-e9d3221c1eb6
2020-06-27 08:19:39,747 [pool-577-thread-1] INFO  server.RaftServerConfigKeys (ConfUtils.java:logGet(44)) - raft.server.log.queue.byte-limit = 2147483647 (custom)
2020-06-27 08:19:39,747 [pool-577-thread-1] INFO  server.RaftServerConfigKeys (ConfUtils.java:logGet(44)) - raft.server.log.queue.element-limit = 1024 (custom)
2020-06-27 08:19:39,747 [pool-577-thread-1] INFO  server.RaftServerConfigKeys (ConfUtils.java:logGet(44)) - raft.server.log.segment.size.max = 1048576 (custom)
2020-06-27 08:19:39,747 [pool-577-thread-1] INFO  server.RaftServerConfigKeys (ConfUtils.java:logGet(44)) - raft.server.log.preallocated.size = 16384 (custom)
2020-06-27 08:19:39,747 [pool-577-thread-1] INFO  server.RaftServerConfigKeys (ConfUtils.java:logGet(44)) - raft.server.log.write.buffer.size = 1048576 (custom)
2020-06-27 08:19:39,747 [pool-577-thread-1] INFO  server.RaftServerConfigKeys (ConfUtils.java:logGet(44)) - raft.server.log.force.sync.num = 128 (default)
2020-06-27 08:19:39,747 [pool-577-thread-1] INFO  server.RaftServerConfigKeys (ConfUtils.java:logGet(44)) - raft.server.log.statemachine.data.sync = true (default)
2020-06-27 08:19:39,747 [pool-577-thread-1] INFO  server.RaftServerConfigKeys (ConfUtils.java:logGet(44)) - raft.server.log.statemachine.data.sync.timeout = 10s (default)
2020-06-27 08:19:39,747 [pool-577-thread-1] INFO  server.RaftServerConfigKeys (ConfUtils.java:logGet(44)) - raft.server.log.statemachine.data.sync.timeout.retry = -1 (default)
2020-06-27 08:19:39,749 [pool-577-thread-1] INFO  server.RaftServerConfigKeys (ConfUtils.java:logGet(44)) - raft.server.log.statemachine.data.caching.enabled = true (custom)
2020-06-27 08:19:39,750 [pool-577-thread-1] INFO  segmented.SegmentedRaftLogWorker (SegmentedRaftLogWorker.java:lambda$new$0(129)) - dbedbf7e-64a3-44c7-b6dd-b08f95c937b2@group-E9D3221C1EB6-SegmentedRaftLogWorker: flushIndex: setUnconditionally 0 -> -1
2020-06-27 08:19:39,750 [pool-577-thread-1] INFO  segmented.SegmentedRaftLogWorker (SegmentedRaftLogWorker.java:lambda$new$0(129)) - dbedbf7e-64a3-44c7-b6dd-b08f95c937b2@group-E9D3221C1EB6-SegmentedRaftLogWorker: safeCacheEvictIndex: setUnconditionally 0 -> -1
2020-06-27 08:19:39,750 [pool-577-thread-1] INFO  server.RaftServerConfigKeys (ConfUtils.java:logGet(44)) - raft.server.snapshot.auto.trigger.enabled = true (custom)
2020-06-27 08:19:39,750 [pool-577-thread-1] INFO  server.RaftServerConfigKeys (ConfUtils.java:logGet(44)) - raft.server.snapshot.auto.trigger.threshold = 10000 (custom)
2020-06-27 08:19:39,750 [pool-577-thread-1] INFO  server.RaftServerConfigKeys (ConfUtils.java:logGet(44)) - raft.server.snapshot.retention.file.num = 5 (custom)
2020-06-27 08:19:39,750 [pool-577-thread-1] INFO  server.RaftServerConfigKeys (ConfUtils.java:logGet(44)) - raft.server.log.purge.upto.snapshot.index = false (default)
2020-06-27 08:19:39,750 [pool-577-thread-1] INFO  server.RaftServerConfigKeys (ConfUtils.java:logGet(44)) - raft.server.retrycache.expirytime = 600000ms (custom)
2020-06-27 08:19:39,750 [pool-577-thread-1] INFO  metrics.RatisMetrics (RatisMetrics.java:lambda$create$0(36)) - Creating Metrics Registry : ratis.leader_election.dbedbf7e-64a3-44c7-b6dd-b08f95c937b2@group-E9D3221C1EB6
2020-06-27 08:19:39,751 [pool-577-thread-1] INFO  metrics.RatisMetrics (RatisMetrics.java:lambda$create$0(36)) - Creating Metrics Registry : ratis.server.dbedbf7e-64a3-44c7-b6dd-b08f95c937b2@group-E9D3221C1EB6
2020-06-27 08:19:39,752 [pool-577-thread-1] INFO  impl.RaftServerImpl (RaftServerImpl.java:start(186)) - dbedbf7e-64a3-44c7-b6dd-b08f95c937b2@group-E9D3221C1EB6: start as a follower, conf=-1: [bf10b53c-012b-4fa1-b197-82d4c3bdb60c:172.17.0.2:34043, 1cf265a5-6a03-47fd-ad13-ec32897c6af9:172.17.0.2:37877, dbedbf7e-64a3-44c7-b6dd-b08f95c937b2:172.17.0.2:45687], old=null
2020-06-27 08:19:39,752 [pool-577-thread-1] INFO  impl.RaftServerImpl (RaftServerImpl.java:setRole(175)) - dbedbf7e-64a3-44c7-b6dd-b08f95c937b2@group-E9D3221C1EB6: changes role from      null to FOLLOWER at term 0 for startAsFollower
2020-06-27 08:19:39,753 [pool-577-thread-1] INFO  impl.RoleInfo (RoleInfo.java:updateAndGet(143)) - dbedbf7e-64a3-44c7-b6dd-b08f95c937b2: start FollowerState
2020-06-27 08:19:39,753 [pool-577-thread-1] INFO  util.JmxRegister (JmxRegister.java:tryRegister(44)) - Successfully registered JMX Bean with object name Ratis:service=RaftServer,group=group-E9D3221C1EB6,id=dbedbf7e-64a3-44c7-b6dd-b08f95c937b2
2020-06-27 08:19:39,753 [pool-577-thread-1] INFO  metrics.RatisMetrics (RatisMetrics.java:lambda$create$0(36)) - Creating Metrics Registry : ratis.state_machine.dbedbf7e-64a3-44c7-b6dd-b08f95c937b2@group-E9D3221C1EB6
2020-06-27 08:19:39,770 [Command processor thread] INFO  commandhandler.CreatePipelineCommandHandler (CreatePipelineCommandHandler.java:handle(109)) - Created Pipeline RATIS THREE #id: "dbc16d53-8caf-44f8-a700-e9d3221c1eb6"
.
2020-06-27 08:19:39,799 [Command processor thread] INFO  impl.RaftServerProxy (RaftServerProxy.java:addNew(89)) - dbedbf7e-64a3-44c7-b6dd-b08f95c937b2: addNew group-43DBBF309B5D:[dbedbf7e-64a3-44c7-b6dd-b08f95c937b2:172.17.0.2:45687] returns group-43DBBF309B5D:java.util.concurrent.CompletableFuture@5c1536ef[Not completed]
2020-06-27 08:19:39,799 [pool-577-thread-1] INFO  impl.RaftServerImpl (RaftServerImpl.java:<init>(99)) - dbedbf7e-64a3-44c7-b6dd-b08f95c937b2: new RaftServerImpl for group-43DBBF309B5D:[dbedbf7e-64a3-44c7-b6dd-b08f95c937b2:172.17.0.2:45687] with ContainerStateMachine:uninitialized
2020-06-27 08:19:39,799 [pool-577-thread-1] INFO  server.RaftServerConfigKeys (ConfUtils.java:logGet(44)) - raft.server.rpc.timeout.min = 5s (custom)
2020-06-27 08:19:39,799 [pool-577-thread-1] INFO  server.RaftServerConfigKeys (ConfUtils.java:logGet(44)) - raft.server.rpc.timeout.max = 5200ms (custom)
2020-06-27 08:19:39,799 [pool-577-thread-1] INFO  server.RaftServerConfigKeys (ConfUtils.java:logGet(44)) - raft.server.rpcslowness.timeout = 300s (custom)
2020-06-27 08:19:39,799 [pool-577-thread-1] INFO  server.RaftServerConfigKeys (ConfUtils.java:logGet(44)) - raft.server.sleep.deviation.threshold = 300 (default)
2020-06-27 08:19:39,800 [pool-577-thread-1] INFO  server.RaftServerConfigKeys (ConfUtils.java:logGet(44)) - raft.server.log.appender.install.snapshot.enabled = false (custom)
2020-06-27 08:19:39,800 [pool-577-thread-1] INFO  impl.RaftServerImpl (ServerState.java:<init>(103)) - dbedbf7e-64a3-44c7-b6dd-b08f95c937b2@group-43DBBF309B5D: ConfigurationManager, init=-1: [dbedbf7e-64a3-44c7-b6dd-b08f95c937b2:172.17.0.2:45687], old=null, confs=<EMPTY_MAP>
2020-06-27 08:19:39,800 [pool-577-thread-1] INFO  server.RaftServerConfigKeys (ConfUtils.java:logGet(44)) - raft.server.storage.dir = [/github/workspace/mnt/ozone/hadoop-ozone/integration-test/target/test-dir/MiniOzoneClusterImpl-1d3054ed-691e-4733-a773-d2ff76104d42/datanode-5/data/ratis] (custom)
2020-06-27 08:19:39,800 [pool-577-thread-1] INFO  server.RaftServerConfigKeys (ConfUtils.java:logGet(44)) - raft.server.log.corruption.policy = EXCEPTION (default)
2020-06-27 08:19:39,800 [pool-577-thread-1] INFO  storage.RaftStorageDirectory (RaftStorageDirectory.java:analyzeStorage(261)) - The storage directory /github/workspace/mnt/ozone/hadoop-ozone/integration-test/target/test-dir/MiniOzoneClusterImpl-1d3054ed-691e-4733-a773-d2ff76104d42/datanode-5/data/ratis/32a5caaf-d8af-424c-8ae1-43dbbf309b5d does not exist. Creating ...
2020-06-27 08:19:39,801 [pool-577-thread-1] INFO  storage.RaftStorageDirectory (RaftStorageDirectory.java:tryLock(343)) - Lock on /github/workspace/mnt/ozone/hadoop-ozone/integration-test/target/test-dir/MiniOzoneClusterImpl-1d3054ed-691e-4733-a773-d2ff76104d42/datanode-5/data/ratis/32a5caaf-d8af-424c-8ae1-43dbbf309b5d/in_use.lock acquired by nodename 8206@23863634748d
2020-06-27 08:19:39,802 [pool-577-thread-1] INFO  storage.RaftStorage (RaftStorage.java:format(84)) - Storage directory /github/workspace/mnt/ozone/hadoop-ozone/integration-test/target/test-dir/MiniOzoneClusterImpl-1d3054ed-691e-4733-a773-d2ff76104d42/datanode-5/data/ratis/32a5caaf-d8af-424c-8ae1-43dbbf309b5d has been successfully formatted.
2020-06-27 08:19:39,802 [pool-577-thread-1] INFO  ratis.ContainerStateMachine (ContainerStateMachine.java:loadSnapshot(226)) - group-43DBBF309B5D: The snapshot info is null. Setting the last applied indexto:(t:0, i:~)
2020-06-27 08:19:39,802 [pool-577-thread-1] INFO  server.RaftServerConfigKeys (ConfUtils.java:logGet(44)) - raft.server.notification.no-leader.timeout = 60s (default)
2020-06-27 08:19:39,802 [pool-577-thread-1] INFO  server.RaftServerConfigKeys (ConfUtils.java:logGet(44)) - raft.server.log.use.memory = false (default)
2020-06-27 08:19:39,802 [pool-577-thread-1] INFO  server.RaftServerConfigKeys (ConfUtils.java:logGet(44)) - raft.server.log.purge.gap = 1000000 (custom)
2020-06-27 08:19:39,803 [pool-577-thread-1] INFO  server.RaftServerConfigKeys (ConfUtils.java:logGet(44)) - raft.server.log.appender.buffer.byte-limit = 33554432 (custom)
2020-06-27 08:19:39,803 [pool-577-thread-1] INFO  server.RaftServerConfigKeys (ConfUtils.java:logGet(44)) - raft.server.log.segment.size.max = 1048576 (custom)
2020-06-27 08:19:39,803 [pool-577-thread-1] INFO  metrics.RatisMetrics (RatisMetrics.java:lambda$create$0(36)) - Creating Metrics Registry : ratis.log_worker.dbedbf7e-64a3-44c7-b6dd-b08f95c937b2@group-43DBBF309B5D
2020-06-27 08:19:39,803 [pool-577-thread-1] INFO  server.RaftServerConfigKeys (ConfUtils.java:logGet(44)) - raft.server.log.segment.cache.num.max = 2 (custom)
2020-06-27 08:19:39,803 [EventQueue-PipelineReportForPipelineReportHandler] INFO  pipeline.PipelineStateManager (PipelineStateManager.java:openPipeline(131)) - Pipeline Pipeline[ Id: 32a5caaf-d8af-424c-8ae1-43dbbf309b5d, Nodes: dbedbf7e-64a3-44c7-b6dd-b08f95c937b2{ip: 172.17.0.2, host: 23863634748d, networkLocation: /default-rack, certSerialId: null}, Type:RATIS, Factor:ONE, State:ALLOCATED, leaderId:dbedbf7e-64a3-44c7-b6dd-b08f95c937b2, CreationTimestamp2020-06-27T08:19:36.799Z] moved to OPEN state
2020-06-27 08:19:39,803 [EventQueue-OpenPipelineForHealthyPipelineSafeModeRule] INFO  safemode.SCMSafeModeManager (HealthyPipelineSafeModeRule.java:process(132)) - SCM in safe mode. Healthy pipelines reported count is 0, required healthy pipeline reported count is 1
2020-06-27 08:19:39,803 [pool-577-thread-1] INFO  segmented.SegmentedRaftLogWorker (SegmentedRaftLogWorker.java:<init>(180)) - new dbedbf7e-64a3-44c7-b6dd-b08f95c937b2@group-43DBBF309B5D-SegmentedRaftLogWorker for RaftStorage:Storage Directory /github/workspace/mnt/ozone/hadoop-ozone/integration-test/target/test-dir/MiniOzoneClusterImpl-1d3054ed-691e-4733-a773-d2ff76104d42/datanode-5/data/ratis/32a5caaf-d8af-424c-8ae1-43dbbf309b5d
2020-06-27 08:19:39,803 [EventQueue-OpenPipelineForOneReplicaPipelineSafeModeRule] INFO  safemode.SCMSafeModeManager (SCMSafeModeManager.java:validateSafeModeExitRules(214)) - AtleastOneDatanodeReportedRule rule is successfully validated
2020-06-27 08:19:39,803 [pool-577-thread-1] INFO  server.RaftServerConfigKeys (ConfUtils.java:logGet(44)) - raft.server.log.queue.byte-limit = 2147483647 (custom)
2020-06-27 08:19:39,803 [pool-577-thread-1] INFO  server.RaftServerConfigKeys (ConfUtils.java:logGet(44)) - raft.server.log.queue.element-limit = 1024 (custom)
2020-06-27 08:19:39,804 [pool-577-thread-1] INFO  server.RaftServerConfigKeys (ConfUtils.java:logGet(44)) - raft.server.log.segment.size.max = 1048576 (custom)
2020-06-27 08:19:39,804 [pool-577-thread-1] INFO  server.RaftServerConfigKeys (ConfUtils.java:logGet(44)) - raft.server.log.preallocated.size = 16384 (custom)
2020-06-27 08:19:39,804 [pool-577-thread-1] INFO  server.RaftServerConfigKeys (ConfUtils.java:logGet(44)) - raft.server.log.write.buffer.size = 1048576 (custom)
2020-06-27 08:19:39,804 [pool-577-thread-1] INFO  server.RaftServerConfigKeys (ConfUtils.java:logGet(44)) - raft.server.log.force.sync.num = 128 (default)
2020-06-27 08:19:39,804 [pool-577-thread-1] INFO  server.RaftServerConfigKeys (ConfUtils.java:logGet(44)) - raft.server.log.statemachine.data.sync = true (default)
2020-06-27 08:19:39,804 [pool-577-thread-1] INFO  server.RaftServerConfigKeys (ConfUtils.java:logGet(44)) - raft.server.log.statemachine.data.sync.timeout = 10s (default)
2020-06-27 08:19:39,804 [pool-577-thread-1] INFO  server.RaftServerConfigKeys (ConfUtils.java:logGet(44)) - raft.server.log.statemachine.data.sync.timeout.retry = -1 (default)
2020-06-27 08:19:39,806 [pool-577-thread-1] INFO  server.RaftServerConfigKeys (ConfUtils.java:logGet(44)) - raft.server.log.statemachine.data.caching.enabled = true (custom)
2020-06-27 08:19:39,806 [pool-577-thread-1] INFO  segmented.SegmentedRaftLogWorker (SegmentedRaftLogWorker.java:lambda$new$0(129)) - dbedbf7e-64a3-44c7-b6dd-b08f95c937b2@group-43DBBF309B5D-SegmentedRaftLogWorker: flushIndex: setUnconditionally 0 -> -1
2020-06-27 08:19:39,806 [pool-577-thread-1] INFO  segmented.SegmentedRaftLogWorker (SegmentedRaftLogWorker.java:lambda$new$0(129)) - dbedbf7e-64a3-44c7-b6dd-b08f95c937b2@group-43DBBF309B5D-SegmentedRaftLogWorker: safeCacheEvictIndex: setUnconditionally 0 -> -1
2020-06-27 08:19:39,806 [pool-577-thread-1] INFO  server.RaftServerConfigKeys (ConfUtils.java:logGet(44)) - raft.server.snapshot.auto.trigger.enabled = true (custom)
2020-06-27 08:19:39,806 [pool-577-thread-1] INFO  server.RaftServerConfigKeys (ConfUtils.java:logGet(44)) - raft.server.snapshot.auto.trigger.threshold = 10000 (custom)
2020-06-27 08:19:39,806 [pool-577-thread-1] INFO  server.RaftServerConfigKeys (ConfUtils.java:logGet(44)) - raft.server.snapshot.retention.file.num = 5 (custom)
2020-06-27 08:19:39,806 [pool-577-thread-1] INFO  server.RaftServerConfigKeys (ConfUtils.java:logGet(44)) - raft.server.log.purge.upto.snapshot.index = false (default)
2020-06-27 08:19:39,806 [pool-577-thread-1] INFO  server.RaftServerConfigKeys (ConfUtils.java:logGet(44)) - raft.server.retrycache.expirytime = 600000ms (custom)
2020-06-27 08:19:39,806 [pool-577-thread-1] INFO  metrics.RatisMetrics (RatisMetrics.java:lambda$create$0(36)) - Creating Metrics Registry : ratis.leader_election.dbedbf7e-64a3-44c7-b6dd-b08f95c937b2@group-43DBBF309B5D
2020-06-27 08:19:39,807 [pool-577-thread-1] INFO  metrics.RatisMetrics (RatisMetrics.java:lambda$create$0(36)) - Creating Metrics Registry : ratis.server.dbedbf7e-64a3-44c7-b6dd-b08f95c937b2@group-43DBBF309B5D
2020-06-27 08:19:39,808 [pool-577-thread-1] INFO  impl.RaftServerImpl (RaftServerImpl.java:start(186)) - dbedbf7e-64a3-44c7-b6dd-b08f95c937b2@group-43DBBF309B5D: start as a follower, conf=-1: [dbedbf7e-64a3-44c7-b6dd-b08f95c937b2:172.17.0.2:45687], old=null
2020-06-27 08:19:39,808 [pool-577-thread-1] INFO  impl.RaftServerImpl (RaftServerImpl.java:setRole(175)) - dbedbf7e-64a3-44c7-b6dd-b08f95c937b2@group-43DBBF309B5D: changes role from      null to FOLLOWER at term 0 for startAsFollower
2020-06-27 08:19:39,809 [pool-577-thread-1] INFO  impl.RoleInfo (RoleInfo.java:updateAndGet(143)) - dbedbf7e-64a3-44c7-b6dd-b08f95c937b2: start FollowerState
2020-06-27 08:19:39,809 [pool-577-thread-1] INFO  util.JmxRegister (JmxRegister.java:tryRegister(44)) - Successfully registered JMX Bean with object name Ratis:service=RaftServer,group=group-43DBBF309B5D,id=dbedbf7e-64a3-44c7-b6dd-b08f95c937b2
2020-06-27 08:19:39,809 [pool-577-thread-1] INFO  metrics.RatisMetrics (RatisMetrics.java:lambda$create$0(36)) - Creating Metrics Registry : ratis.state_machine.dbedbf7e-64a3-44c7-b6dd-b08f95c937b2@group-43DBBF309B5D
2020-06-27 08:19:39,810 [Command processor thread] INFO  commandhandler.CreatePipelineCommandHandler (CreatePipelineCommandHandler.java:handle(109)) - Created Pipeline RATIS ONE #id: "32a5caaf-d8af-424c-8ae1-43dbbf309b5d"
.
2020-06-27 08:19:39,851 [Command processor thread] INFO  impl.RaftServerProxy (RaftServerProxy.java:addNew(89)) - 93ff5c27-cf24-4d90-9a81-2a4e4904b019: addNew group-C61816794598:[93ff5c27-cf24-4d90-9a81-2a4e4904b019:172.17.0.2:43727] returns group-C61816794598:java.util.concurrent.CompletableFuture@6efe4b3d[Not completed]
2020-06-27 08:19:39,852 [pool-592-thread-1] INFO  impl.RaftServerImpl (RaftServerImpl.java:<init>(99)) - 93ff5c27-cf24-4d90-9a81-2a4e4904b019: new RaftServerImpl for group-C61816794598:[93ff5c27-cf24-4d90-9a81-2a4e4904b019:172.17.0.2:43727] with ContainerStateMachine:uninitialized
2020-06-27 08:19:39,852 [pool-592-thread-1] INFO  server.RaftServerConfigKeys (ConfUtils.java:logGet(44)) - raft.server.rpc.timeout.min = 5s (custom)
2020-06-27 08:19:39,853 [pool-592-thread-1] INFO  server.RaftServerConfigKeys (ConfUtils.java:logGet(44)) - raft.server.rpc.timeout.max = 5200ms (custom)
2020-06-27 08:19:39,853 [pool-592-thread-1] INFO  server.RaftServerConfigKeys (ConfUtils.java:logGet(44)) - raft.server.rpcslowness.timeout = 300s (custom)
2020-06-27 08:19:39,853 [pool-592-thread-1] INFO  server.RaftServerConfigKeys (ConfUtils.java:logGet(44)) - raft.server.sleep.deviation.threshold = 300 (default)
2020-06-27 08:19:39,853 [pool-592-thread-1] INFO  server.RaftServerConfigKeys (ConfUtils.java:logGet(44)) - raft.server.log.appender.install.snapshot.enabled = false (custom)
2020-06-27 08:19:39,853 [pool-592-thread-1] INFO  impl.RaftServerImpl (ServerState.java:<init>(103)) - 93ff5c27-cf24-4d90-9a81-2a4e4904b019@group-C61816794598: ConfigurationManager, init=-1: [93ff5c27-cf24-4d90-9a81-2a4e4904b019:172.17.0.2:43727], old=null, confs=<EMPTY_MAP>
2020-06-27 08:19:39,853 [pool-592-thread-1] INFO  server.RaftServerConfigKeys (ConfUtils.java:logGet(44)) - raft.server.storage.dir = [/github/workspace/mnt/ozone/hadoop-ozone/integration-test/target/test-dir/MiniOzoneClusterImpl-1d3054ed-691e-4733-a773-d2ff76104d42/datanode-6/data/ratis] (custom)
2020-06-27 08:19:39,853 [pool-592-thread-1] INFO  server.RaftServerConfigKeys (ConfUtils.java:logGet(44)) - raft.server.log.corruption.policy = EXCEPTION (default)
2020-06-27 08:19:39,853 [pool-592-thread-1] INFO  storage.RaftStorageDirectory (RaftStorageDirectory.java:analyzeStorage(261)) - The storage directory /github/workspace/mnt/ozone/hadoop-ozone/integration-test/target/test-dir/MiniOzoneClusterImpl-1d3054ed-691e-4733-a773-d2ff76104d42/datanode-6/data/ratis/3d4cd47d-f386-42e6-96c0-c61816794598 does not exist. Creating ...
2020-06-27 08:19:39,855 [pool-592-thread-1] INFO  storage.RaftStorageDirectory (RaftStorageDirectory.java:tryLock(343)) - Lock on /github/workspace/mnt/ozone/hadoop-ozone/integration-test/target/test-dir/MiniOzoneClusterImpl-1d3054ed-691e-4733-a773-d2ff76104d42/datanode-6/data/ratis/3d4cd47d-f386-42e6-96c0-c61816794598/in_use.lock acquired by nodename 8206@23863634748d
2020-06-27 08:19:39,855 [pool-592-thread-1] INFO  storage.RaftStorage (RaftStorage.java:format(84)) - Storage directory /github/workspace/mnt/ozone/hadoop-ozone/integration-test/target/test-dir/MiniOzoneClusterImpl-1d3054ed-691e-4733-a773-d2ff76104d42/datanode-6/data/ratis/3d4cd47d-f386-42e6-96c0-c61816794598 has been successfully formatted.
2020-06-27 08:19:39,857 [pool-592-thread-1] INFO  ratis.ContainerStateMachine (ContainerStateMachine.java:loadSnapshot(226)) - group-C61816794598: The snapshot info is null. Setting the last applied indexto:(t:0, i:~)
2020-06-27 08:19:39,857 [pool-592-thread-1] INFO  server.RaftServerConfigKeys (ConfUtils.java:logGet(44)) - raft.server.notification.no-leader.timeout = 60s (default)
2020-06-27 08:19:39,857 [pool-592-thread-1] INFO  server.RaftServerConfigKeys (ConfUtils.java:logGet(44)) - raft.server.log.use.memory = false (default)
2020-06-27 08:19:39,857 [pool-592-thread-1] INFO  server.RaftServerConfigKeys (ConfUtils.java:logGet(44)) - raft.server.log.purge.gap = 1000000 (custom)
2020-06-27 08:19:39,857 [pool-592-thread-1] INFO  server.RaftServerConfigKeys (ConfUtils.java:logGet(44)) - raft.server.log.appender.buffer.byte-limit = 33554432 (custom)
2020-06-27 08:19:39,857 [EventQueue-PipelineReportForPipelineReportHandler] INFO  pipeline.PipelineStateManager (PipelineStateManager.java:openPipeline(131)) - Pipeline Pipeline[ Id: 3d4cd47d-f386-42e6-96c0-c61816794598, Nodes: 93ff5c27-cf24-4d90-9a81-2a4e4904b019{ip: 172.17.0.2, host: 23863634748d, networkLocation: /default-rack, certSerialId: null}, Type:RATIS, Factor:ONE, State:ALLOCATED, leaderId:93ff5c27-cf24-4d90-9a81-2a4e4904b019, CreationTimestamp2020-06-27T08:19:36.854Z] moved to OPEN state
2020-06-27 08:19:39,857 [pool-592-thread-1] INFO  server.RaftServerConfigKeys (ConfUtils.java:logGet(44)) - raft.server.log.segment.size.max = 1048576 (custom)
2020-06-27 08:19:39,858 [pool-592-thread-1] INFO  metrics.RatisMetrics (RatisMetrics.java:lambda$create$0(36)) - Creating Metrics Registry : ratis.log_worker.93ff5c27-cf24-4d90-9a81-2a4e4904b019@group-C61816794598
2020-06-27 08:19:39,857 [EventQueue-OpenPipelineForHealthyPipelineSafeModeRule] INFO  safemode.SCMSafeModeManager (HealthyPipelineSafeModeRule.java:process(132)) - SCM in safe mode. Healthy pipelines reported count is 0, required healthy pipeline reported count is 1
2020-06-27 08:19:39,857 [EventQueue-OpenPipelineForOneReplicaPipelineSafeModeRule] INFO  safemode.SCMSafeModeManager (SCMSafeModeManager.java:validateSafeModeExitRules(214)) - AtleastOneDatanodeReportedRule rule is successfully validated
2020-06-27 08:19:39,858 [pool-592-thread-1] INFO  server.RaftServerConfigKeys (ConfUtils.java:logGet(44)) - raft.server.log.segment.cache.num.max = 2 (custom)
2020-06-27 08:19:39,858 [pool-592-thread-1] INFO  segmented.SegmentedRaftLogWorker (SegmentedRaftLogWorker.java:<init>(180)) - new 93ff5c27-cf24-4d90-9a81-2a4e4904b019@group-C61816794598-SegmentedRaftLogWorker for RaftStorage:Storage Directory /github/workspace/mnt/ozone/hadoop-ozone/integration-test/target/test-dir/MiniOzoneClusterImpl-1d3054ed-691e-4733-a773-d2ff76104d42/datanode-6/data/ratis/3d4cd47d-f386-42e6-96c0-c61816794598
2020-06-27 08:19:39,858 [pool-592-thread-1] INFO  server.RaftServerConfigKeys (ConfUtils.java:logGet(44)) - raft.server.log.queue.byte-limit = 2147483647 (custom)
2020-06-27 08:19:39,858 [pool-592-thread-1] INFO  server.RaftServerConfigKeys (ConfUtils.java:logGet(44)) - raft.server.log.queue.element-limit = 1024 (custom)
2020-06-27 08:19:39,858 [pool-592-thread-1] INFO  server.RaftServerConfigKeys (ConfUtils.java:logGet(44)) - raft.server.log.segment.size.max = 1048576 (custom)
2020-06-27 08:19:39,858 [pool-592-thread-1] INFO  server.RaftServerConfigKeys (ConfUtils.java:logGet(44)) - raft.server.log.preallocated.size = 16384 (custom)
2020-06-27 08:19:39,858 [pool-592-thread-1] INFO  server.RaftServerConfigKeys (ConfUtils.java:logGet(44)) - raft.server.log.write.buffer.size = 1048576 (custom)
2020-06-27 08:19:39,858 [pool-592-thread-1] INFO  server.RaftServerConfigKeys (ConfUtils.java:logGet(44)) - raft.server.log.force.sync.num = 128 (default)
2020-06-27 08:19:39,858 [pool-592-thread-1] INFO  server.RaftServerConfigKeys (ConfUtils.java:logGet(44)) - raft.server.log.statemachine.data.sync = true (default)
2020-06-27 08:19:39,858 [pool-592-thread-1] INFO  server.RaftServerConfigKeys (ConfUtils.java:logGet(44)) - raft.server.log.statemachine.data.sync.timeout = 10s (default)
2020-06-27 08:19:39,859 [pool-592-thread-1] INFO  server.RaftServerConfigKeys (ConfUtils.java:logGet(44)) - raft.server.log.statemachine.data.sync.timeout.retry = -1 (default)
2020-06-27 08:19:39,861 [pool-592-thread-1] INFO  server.RaftServerConfigKeys (ConfUtils.java:logGet(44)) - raft.server.log.statemachine.data.caching.enabled = true (custom)
2020-06-27 08:19:39,861 [pool-592-thread-1] INFO  segmented.SegmentedRaftLogWorker (SegmentedRaftLogWorker.java:lambda$new$0(129)) - 93ff5c27-cf24-4d90-9a81-2a4e4904b019@group-C61816794598-SegmentedRaftLogWorker: flushIndex: setUnconditionally 0 -> -1
2020-06-27 08:19:39,861 [pool-592-thread-1] INFO  segmented.SegmentedRaftLogWorker (SegmentedRaftLogWorker.java:lambda$new$0(129)) - 93ff5c27-cf24-4d90-9a81-2a4e4904b019@group-C61816794598-SegmentedRaftLogWorker: safeCacheEvictIndex: setUnconditionally 0 -> -1
2020-06-27 08:19:39,861 [pool-592-thread-1] INFO  server.RaftServerConfigKeys (ConfUtils.java:logGet(44)) - raft.server.snapshot.auto.trigger.enabled = true (custom)
2020-06-27 08:19:39,861 [pool-592-thread-1] INFO  server.RaftServerConfigKeys (ConfUtils.java:logGet(44)) - raft.server.snapshot.auto.trigger.threshold = 10000 (custom)
2020-06-27 08:19:39,862 [pool-592-thread-1] INFO  server.RaftServerConfigKeys (ConfUtils.java:logGet(44)) - raft.server.snapshot.retention.file.num = 5 (custom)
2020-06-27 08:19:39,862 [pool-592-thread-1] INFO  server.RaftServerConfigKeys (ConfUtils.java:logGet(44)) - raft.server.log.purge.upto.snapshot.index = false (default)
2020-06-27 08:19:39,862 [pool-592-thread-1] INFO  server.RaftServerConfigKeys (ConfUtils.java:logGet(44)) - raft.server.retrycache.expirytime = 600000ms (custom)
2020-06-27 08:19:39,862 [pool-592-thread-1] INFO  metrics.RatisMetrics (RatisMetrics.java:lambda$create$0(36)) - Creating Metrics Registry : ratis.leader_election.93ff5c27-cf24-4d90-9a81-2a4e4904b019@group-C61816794598
2020-06-27 08:19:39,862 [pool-592-thread-1] INFO  metrics.RatisMetrics (RatisMetrics.java:lambda$create$0(36)) - Creating Metrics Registry : ratis.server.93ff5c27-cf24-4d90-9a81-2a4e4904b019@group-C61816794598
2020-06-27 08:19:39,864 [pool-592-thread-1] INFO  impl.RaftServerImpl (RaftServerImpl.java:start(186)) - 93ff5c27-cf24-4d90-9a81-2a4e4904b019@group-C61816794598: start as a follower, conf=-1: [93ff5c27-cf24-4d90-9a81-2a4e4904b019:172.17.0.2:43727], old=null
2020-06-27 08:19:39,864 [pool-592-thread-1] INFO  impl.RaftServerImpl (RaftServerImpl.java:setRole(175)) - 93ff5c27-cf24-4d90-9a81-2a4e4904b019@group-C61816794598: changes role from      null to FOLLOWER at term 0 for startAsFollower
2020-06-27 08:19:39,864 [pool-592-thread-1] INFO  impl.RoleInfo (RoleInfo.java:updateAndGet(143)) - 93ff5c27-cf24-4d90-9a81-2a4e4904b019: start FollowerState
2020-06-27 08:19:39,864 [pool-592-thread-1] INFO  util.JmxRegister (JmxRegister.java:tryRegister(44)) - Successfully registered JMX Bean with object name Ratis:service=RaftServer,group=group-C61816794598,id=93ff5c27-cf24-4d90-9a81-2a4e4904b019
2020-06-27 08:19:39,864 [pool-592-thread-1] INFO  metrics.RatisMetrics (RatisMetrics.java:lambda$create$0(36)) - Creating Metrics Registry : ratis.state_machine.93ff5c27-cf24-4d90-9a81-2a4e4904b019@group-C61816794598
2020-06-27 08:19:39,865 [Command processor thread] INFO  commandhandler.CreatePipelineCommandHandler (CreatePipelineCommandHandler.java:handle(109)) - Created Pipeline RATIS ONE #id: "3d4cd47d-f386-42e6-96c0-c61816794598"
.
2020-06-27 08:19:39,865 [Command processor thread] INFO  impl.RaftServerProxy (RaftServerProxy.java:addNew(89)) - 93ff5c27-cf24-4d90-9a81-2a4e4904b019: addNew group-CEED09A8AD4A:[99a07450-395a-4667-b554-43c43076656b:172.17.0.2:33341, 93ff5c27-cf24-4d90-9a81-2a4e4904b019:172.17.0.2:43727, bd28fdde-8be9-44b6-aac4-f5ad5eca5270:172.17.0.2:39899] returns group-CEED09A8AD4A:java.util.concurrent.CompletableFuture@6ac1d23a[Not completed]
2020-06-27 08:19:39,866 [pool-592-thread-1] INFO  impl.RaftServerImpl (RaftServerImpl.java:<init>(99)) - 93ff5c27-cf24-4d90-9a81-2a4e4904b019: new RaftServerImpl for group-CEED09A8AD4A:[99a07450-395a-4667-b554-43c43076656b:172.17.0.2:33341, 93ff5c27-cf24-4d90-9a81-2a4e4904b019:172.17.0.2:43727, bd28fdde-8be9-44b6-aac4-f5ad5eca5270:172.17.0.2:39899] with ContainerStateMachine:uninitialized
2020-06-27 08:19:39,866 [pool-592-thread-1] INFO  server.RaftServerConfigKeys (ConfUtils.java:logGet(44)) - raft.server.rpc.timeout.min = 5s (custom)
2020-06-27 08:19:39,866 [pool-592-thread-1] INFO  server.RaftServerConfigKeys (ConfUtils.java:logGet(44)) - raft.server.rpc.timeout.max = 5200ms (custom)
2020-06-27 08:19:39,866 [pool-592-thread-1] INFO  server.RaftServerConfigKeys (ConfUtils.java:logGet(44)) - raft.server.rpcslowness.timeout = 300s (custom)
2020-06-27 08:19:39,866 [pool-592-thread-1] INFO  server.RaftServerConfigKeys (ConfUtils.java:logGet(44)) - raft.server.sleep.deviation.threshold = 300 (default)
2020-06-27 08:19:39,866 [pool-592-thread-1] INFO  server.RaftServerConfigKeys (ConfUtils.java:logGet(44)) - raft.server.log.appender.install.snapshot.enabled = false (custom)
2020-06-27 08:19:39,866 [pool-592-thread-1] INFO  impl.RaftServerImpl (ServerState.java:<init>(103)) - 93ff5c27-cf24-4d90-9a81-2a4e4904b019@group-CEED09A8AD4A: ConfigurationManager, init=-1: [99a07450-395a-4667-b554-43c43076656b:172.17.0.2:33341, 93ff5c27-cf24-4d90-9a81-2a4e4904b019:172.17.0.2:43727, bd28fdde-8be9-44b6-aac4-f5ad5eca5270:172.17.0.2:39899], old=null, confs=<EMPTY_MAP>
2020-06-27 08:19:39,866 [pool-592-thread-1] INFO  server.RaftServerConfigKeys (ConfUtils.java:logGet(44)) - raft.server.storage.dir = [/github/workspace/mnt/ozone/hadoop-ozone/integration-test/target/test-dir/MiniOzoneClusterImpl-1d3054ed-691e-4733-a773-d2ff76104d42/datanode-6/data/ratis] (custom)
2020-06-27 08:19:39,867 [pool-592-thread-1] INFO  server.RaftServerConfigKeys (ConfUtils.java:logGet(44)) - raft.server.log.corruption.policy = EXCEPTION (default)
2020-06-27 08:19:39,867 [pool-592-thread-1] INFO  storage.RaftStorageDirectory (RaftStorageDirectory.java:analyzeStorage(261)) - The storage directory /github/workspace/mnt/ozone/hadoop-ozone/integration-test/target/test-dir/MiniOzoneClusterImpl-1d3054ed-691e-4733-a773-d2ff76104d42/datanode-6/data/ratis/ac5d7b3c-5ee7-483f-b489-ceed09a8ad4a does not exist. Creating ...
2020-06-27 08:19:39,868 [pool-592-thread-1] INFO  storage.RaftStorageDirectory (RaftStorageDirectory.java:tryLock(343)) - Lock on /github/workspace/mnt/ozone/hadoop-ozone/integration-test/target/test-dir/MiniOzoneClusterImpl-1d3054ed-691e-4733-a773-d2ff76104d42/datanode-6/data/ratis/ac5d7b3c-5ee7-483f-b489-ceed09a8ad4a/in_use.lock acquired by nodename 8206@23863634748d
2020-06-27 08:19:39,869 [pool-592-thread-1] INFO  storage.RaftStorage (RaftStorage.java:format(84)) - Storage directory /github/workspace/mnt/ozone/hadoop-ozone/integration-test/target/test-dir/MiniOzoneClusterImpl-1d3054ed-691e-4733-a773-d2ff76104d42/datanode-6/data/ratis/ac5d7b3c-5ee7-483f-b489-ceed09a8ad4a has been successfully formatted.
2020-06-27 08:19:39,869 [pool-592-thread-1] INFO  ratis.ContainerStateMachine (ContainerStateMachine.java:loadSnapshot(226)) - group-CEED09A8AD4A: The snapshot info is null. Setting the last applied indexto:(t:0, i:~)
2020-06-27 08:19:39,869 [pool-592-thread-1] INFO  server.RaftServerConfigKeys (ConfUtils.java:logGet(44)) - raft.server.notification.no-leader.timeout = 60s (default)
2020-06-27 08:19:39,869 [pool-592-thread-1] INFO  server.RaftServerConfigKeys (ConfUtils.java:logGet(44)) - raft.server.log.use.memory = false (default)
2020-06-27 08:19:39,869 [pool-592-thread-1] INFO  server.RaftServerConfigKeys (ConfUtils.java:logGet(44)) - raft.server.log.purge.gap = 1000000 (custom)
2020-06-27 08:19:39,869 [pool-592-thread-1] INFO  server.RaftServerConfigKeys (ConfUtils.java:logGet(44)) - raft.server.log.appender.buffer.byte-limit = 33554432 (custom)
2020-06-27 08:19:39,869 [pool-592-thread-1] INFO  server.RaftServerConfigKeys (ConfUtils.java:logGet(44)) - raft.server.log.segment.size.max = 1048576 (custom)
2020-06-27 08:19:39,870 [pool-592-thread-1] INFO  metrics.RatisMetrics (RatisMetrics.java:lambda$create$0(36)) - Creating Metrics Registry : ratis.log_worker.93ff5c27-cf24-4d90-9a81-2a4e4904b019@group-CEED09A8AD4A
2020-06-27 08:19:39,870 [pool-592-thread-1] INFO  server.RaftServerConfigKeys (ConfUtils.java:logGet(44)) - raft.server.log.segment.cache.num.max = 2 (custom)
2020-06-27 08:19:39,870 [pool-592-thread-1] INFO  segmented.SegmentedRaftLogWorker (SegmentedRaftLogWorker.java:<init>(180)) - new 93ff5c27-cf24-4d90-9a81-2a4e4904b019@group-CEED09A8AD4A-SegmentedRaftLogWorker for RaftStorage:Storage Directory /github/workspace/mnt/ozone/hadoop-ozone/integration-test/target/test-dir/MiniOzoneClusterImpl-1d3054ed-691e-4733-a773-d2ff76104d42/datanode-6/data/ratis/ac5d7b3c-5ee7-483f-b489-ceed09a8ad4a
2020-06-27 08:19:39,870 [pool-592-thread-1] INFO  server.RaftServerConfigKeys (ConfUtils.java:logGet(44)) - raft.server.log.queue.byte-limit = 2147483647 (custom)
2020-06-27 08:19:39,870 [pool-592-thread-1] INFO  server.RaftServerConfigKeys (ConfUtils.java:logGet(44)) - raft.server.log.queue.element-limit = 1024 (custom)
2020-06-27 08:19:39,870 [pool-592-thread-1] INFO  server.RaftServerConfigKeys (ConfUtils.java:logGet(44)) - raft.server.log.segment.size.max = 1048576 (custom)
2020-06-27 08:19:39,870 [pool-592-thread-1] INFO  server.RaftServerConfigKeys (ConfUtils.java:logGet(44)) - raft.server.log.preallocated.size = 16384 (custom)
2020-06-27 08:19:39,870 [pool-592-thread-1] INFO  server.RaftServerConfigKeys (ConfUtils.java:logGet(44)) - raft.server.log.write.buffer.size = 1048576 (custom)
2020-06-27 08:19:39,870 [pool-592-thread-1] INFO  server.RaftServerConfigKeys (ConfUtils.java:logGet(44)) - raft.server.log.force.sync.num = 128 (default)
2020-06-27 08:19:39,870 [pool-592-thread-1] INFO  server.RaftServerConfigKeys (ConfUtils.java:logGet(44)) - raft.server.log.statemachine.data.sync = true (default)
2020-06-27 08:19:39,870 [pool-592-thread-1] INFO  server.RaftServerConfigKeys (ConfUtils.java:logGet(44)) - raft.server.log.statemachine.data.sync.timeout = 10s (default)
2020-06-27 08:19:39,870 [pool-592-thread-1] INFO  server.RaftServerConfigKeys (ConfUtils.java:logGet(44)) - raft.server.log.statemachine.data.sync.timeout.retry = -1 (default)
2020-06-27 08:19:39,872 [pool-592-thread-1] INFO  server.RaftServerConfigKeys (ConfUtils.java:logGet(44)) - raft.server.log.statemachine.data.caching.enabled = true (custom)
2020-06-27 08:19:39,872 [pool-592-thread-1] INFO  segmented.SegmentedRaftLogWorker (SegmentedRaftLogWorker.java:lambda$new$0(129)) - 93ff5c27-cf24-4d90-9a81-2a4e4904b019@group-CEED09A8AD4A-SegmentedRaftLogWorker: flushIndex: setUnconditionally 0 -> -1
2020-06-27 08:19:39,873 [pool-592-thread-1] INFO  segmented.SegmentedRaftLogWorker (SegmentedRaftLogWorker.java:lambda$new$0(129)) - 93ff5c27-cf24-4d90-9a81-2a4e4904b019@group-CEED09A8AD4A-SegmentedRaftLogWorker: safeCacheEvictIndex: setUnconditionally 0 -> -1
2020-06-27 08:19:39,873 [pool-592-thread-1] INFO  server.RaftServerConfigKeys (ConfUtils.java:logGet(44)) - raft.server.snapshot.auto.trigger.enabled = true (custom)
2020-06-27 08:19:39,873 [pool-592-thread-1] INFO  server.RaftServerConfigKeys (ConfUtils.java:logGet(44)) - raft.server.snapshot.auto.trigger.threshold = 10000 (custom)
2020-06-27 08:19:39,873 [pool-592-thread-1] INFO  server.RaftServerConfigKeys (ConfUtils.java:logGet(44)) - raft.server.snapshot.retention.file.num = 5 (custom)
2020-06-27 08:19:39,873 [pool-592-thread-1] INFO  server.RaftServerConfigKeys (ConfUtils.java:logGet(44)) - raft.server.log.purge.upto.snapshot.index = false (default)
2020-06-27 08:19:39,873 [pool-592-thread-1] INFO  server.RaftServerConfigKeys (ConfUtils.java:logGet(44)) - raft.server.retrycache.expirytime = 600000ms (custom)
2020-06-27 08:19:39,873 [pool-592-thread-1] INFO  metrics.RatisMetrics (RatisMetrics.java:lambda$create$0(36)) - Creating Metrics Registry : ratis.leader_election.93ff5c27-cf24-4d90-9a81-2a4e4904b019@group-CEED09A8AD4A
2020-06-27 08:19:39,874 [pool-592-thread-1] INFO  metrics.RatisMetrics (RatisMetrics.java:lambda$create$0(36)) - Creating Metrics Registry : ratis.server.93ff5c27-cf24-4d90-9a81-2a4e4904b019@group-CEED09A8AD4A
2020-06-27 08:19:39,875 [pool-592-thread-1] INFO  impl.RaftServerImpl (RaftServerImpl.java:start(186)) - 93ff5c27-cf24-4d90-9a81-2a4e4904b019@group-CEED09A8AD4A: start as a follower, conf=-1: [99a07450-395a-4667-b554-43c43076656b:172.17.0.2:33341, 93ff5c27-cf24-4d90-9a81-2a4e4904b019:172.17.0.2:43727, bd28fdde-8be9-44b6-aac4-f5ad5eca5270:172.17.0.2:39899], old=null
2020-06-27 08:19:39,875 [pool-592-thread-1] INFO  impl.RaftServerImpl (RaftServerImpl.java:setRole(175)) - 93ff5c27-cf24-4d90-9a81-2a4e4904b019@group-CEED09A8AD4A: changes role from      null to FOLLOWER at term 0 for startAsFollower
2020-06-27 08:19:39,875 [pool-592-thread-1] INFO  impl.RoleInfo (RoleInfo.java:updateAndGet(143)) - 93ff5c27-cf24-4d90-9a81-2a4e4904b019: start FollowerState
2020-06-27 08:19:39,876 [pool-592-thread-1] INFO  util.JmxRegister (JmxRegister.java:tryRegister(44)) - Successfully registered JMX Bean with object name Ratis:service=RaftServer,group=group-CEED09A8AD4A,id=93ff5c27-cf24-4d90-9a81-2a4e4904b019
2020-06-27 08:19:39,876 [pool-592-thread-1] INFO  metrics.RatisMetrics (RatisMetrics.java:lambda$create$0(36)) - Creating Metrics Registry : ratis.state_machine.93ff5c27-cf24-4d90-9a81-2a4e4904b019@group-CEED09A8AD4A
2020-06-27 08:19:39,887 [grpc-default-executor-6] INFO  impl.RaftServerProxy (RaftServerProxy.java:addNew(89)) - 99a07450-395a-4667-b554-43c43076656b: addNew group-CEED09A8AD4A:[99a07450-395a-4667-b554-43c43076656b:172.17.0.2:33341, 93ff5c27-cf24-4d90-9a81-2a4e4904b019:172.17.0.2:43727, bd28fdde-8be9-44b6-aac4-f5ad5eca5270:172.17.0.2:39899] returns group-CEED09A8AD4A:java.util.concurrent.CompletableFuture@1d50d453[Not completed]
2020-06-27 08:19:39,888 [pool-622-thread-1] INFO  impl.RaftServerImpl (RaftServerImpl.java:<init>(99)) - 99a07450-395a-4667-b554-43c43076656b: new RaftServerImpl for group-CEED09A8AD4A:[99a07450-395a-4667-b554-43c43076656b:172.17.0.2:33341, 93ff5c27-cf24-4d90-9a81-2a4e4904b019:172.17.0.2:43727, bd28fdde-8be9-44b6-aac4-f5ad5eca5270:172.17.0.2:39899] with ContainerStateMachine:uninitialized
2020-06-27 08:19:39,888 [pool-622-thread-1] INFO  server.RaftServerConfigKeys (ConfUtils.java:logGet(44)) - raft.server.rpc.timeout.min = 5s (custom)
2020-06-27 08:19:39,888 [pool-622-thread-1] INFO  server.RaftServerConfigKeys (ConfUtils.java:logGet(44)) - raft.server.rpc.timeout.max = 5200ms (custom)
2020-06-27 08:19:39,888 [pool-622-thread-1] INFO  server.RaftServerConfigKeys (ConfUtils.java:logGet(44)) - raft.server.rpcslowness.timeout = 300s (custom)
2020-06-27 08:19:39,888 [pool-622-thread-1] INFO  server.RaftServerConfigKeys (ConfUtils.java:logGet(44)) - raft.server.sleep.deviation.threshold = 300 (default)
2020-06-27 08:19:39,888 [pool-622-thread-1] INFO  server.RaftServerConfigKeys (ConfUtils.java:logGet(44)) - raft.server.log.appender.install.snapshot.enabled = false (custom)
2020-06-27 08:19:39,888 [pool-622-thread-1] INFO  impl.RaftServerImpl (ServerState.java:<init>(103)) - 99a07450-395a-4667-b554-43c43076656b@group-CEED09A8AD4A: ConfigurationManager, init=-1: [99a07450-395a-4667-b554-43c43076656b:172.17.0.2:33341, 93ff5c27-cf24-4d90-9a81-2a4e4904b019:172.17.0.2:43727, bd28fdde-8be9-44b6-aac4-f5ad5eca5270:172.17.0.2:39899], old=null, confs=<EMPTY_MAP>
2020-06-27 08:19:39,888 [pool-622-thread-1] INFO  server.RaftServerConfigKeys (ConfUtils.java:logGet(44)) - raft.server.storage.dir = [/github/workspace/mnt/ozone/hadoop-ozone/integration-test/target/test-dir/MiniOzoneClusterImpl-1d3054ed-691e-4733-a773-d2ff76104d42/datanode-8/data/ratis] (custom)
2020-06-27 08:19:39,888 [pool-622-thread-1] INFO  server.RaftServerConfigKeys (ConfUtils.java:logGet(44)) - raft.server.log.corruption.policy = EXCEPTION (default)
2020-06-27 08:19:39,889 [pool-622-thread-1] INFO  storage.RaftStorageDirectory (RaftStorageDirectory.java:analyzeStorage(261)) - The storage directory /github/workspace/mnt/ozone/hadoop-ozone/integration-test/target/test-dir/MiniOzoneClusterImpl-1d3054ed-691e-4733-a773-d2ff76104d42/datanode-8/data/ratis/ac5d7b3c-5ee7-483f-b489-ceed09a8ad4a does not exist. Creating ...
2020-06-27 08:19:39,890 [pool-622-thread-1] INFO  storage.RaftStorageDirectory (RaftStorageDirectory.java:tryLock(343)) - Lock on /github/workspace/mnt/ozone/hadoop-ozone/integration-test/target/test-dir/MiniOzoneClusterImpl-1d3054ed-691e-4733-a773-d2ff76104d42/datanode-8/data/ratis/ac5d7b3c-5ee7-483f-b489-ceed09a8ad4a/in_use.lock acquired by nodename 8206@23863634748d
2020-06-27 08:19:39,890 [pool-622-thread-1] INFO  storage.RaftStorage (RaftStorage.java:format(84)) - Storage directory /github/workspace/mnt/ozone/hadoop-ozone/integration-test/target/test-dir/MiniOzoneClusterImpl-1d3054ed-691e-4733-a773-d2ff76104d42/datanode-8/data/ratis/ac5d7b3c-5ee7-483f-b489-ceed09a8ad4a has been successfully formatted.
2020-06-27 08:19:39,891 [pool-622-thread-1] INFO  ratis.ContainerStateMachine (ContainerStateMachine.java:loadSnapshot(226)) - group-CEED09A8AD4A: The snapshot info is null. Setting the last applied indexto:(t:0, i:~)
2020-06-27 08:19:39,891 [pool-622-thread-1] INFO  server.RaftServerConfigKeys (ConfUtils.java:logGet(44)) - raft.server.notification.no-leader.timeout = 60s (default)
2020-06-27 08:19:39,891 [pool-622-thread-1] INFO  server.RaftServerConfigKeys (ConfUtils.java:logGet(44)) - raft.server.log.use.memory = false (default)
2020-06-27 08:19:39,891 [pool-622-thread-1] INFO  server.RaftServerConfigKeys (ConfUtils.java:logGet(44)) - raft.server.log.purge.gap = 1000000 (custom)
2020-06-27 08:19:39,891 [pool-622-thread-1] INFO  server.RaftServerConfigKeys (ConfUtils.java:logGet(44)) - raft.server.log.appender.buffer.byte-limit = 33554432 (custom)
2020-06-27 08:19:39,892 [pool-622-thread-1] INFO  server.RaftServerConfigKeys (ConfUtils.java:logGet(44)) - raft.server.log.segment.size.max = 1048576 (custom)
2020-06-27 08:19:39,892 [pool-622-thread-1] INFO  metrics.RatisMetrics (RatisMetrics.java:lambda$create$0(36)) - Creating Metrics Registry : ratis.log_worker.99a07450-395a-4667-b554-43c43076656b@group-CEED09A8AD4A
2020-06-27 08:19:39,892 [pool-622-thread-1] INFO  server.RaftServerConfigKeys (ConfUtils.java:logGet(44)) - raft.server.log.segment.cache.num.max = 2 (custom)
2020-06-27 08:19:39,892 [pool-622-thread-1] INFO  segmented.SegmentedRaftLogWorker (SegmentedRaftLogWorker.java:<init>(180)) - new 99a07450-395a-4667-b554-43c43076656b@group-CEED09A8AD4A-SegmentedRaftLogWorker for RaftStorage:Storage Directory /github/workspace/mnt/ozone/hadoop-ozone/integration-test/target/test-dir/MiniOzoneClusterImpl-1d3054ed-691e-4733-a773-d2ff76104d42/datanode-8/data/ratis/ac5d7b3c-5ee7-483f-b489-ceed09a8ad4a
2020-06-27 08:19:39,892 [pool-622-thread-1] INFO  server.RaftServerConfigKeys (ConfUtils.java:logGet(44)) - raft.server.log.queue.byte-limit = 2147483647 (custom)
2020-06-27 08:19:39,892 [pool-622-thread-1] INFO  server.RaftServerConfigKeys (ConfUtils.java:logGet(44)) - raft.server.log.queue.element-limit = 1024 (custom)
2020-06-27 08:19:39,892 [pool-622-thread-1] INFO  server.RaftServerConfigKeys (ConfUtils.java:logGet(44)) - raft.server.log.segment.size.max = 1048576 (custom)
2020-06-27 08:19:39,893 [pool-622-thread-1] INFO  server.RaftServerConfigKeys (ConfUtils.java:logGet(44)) - raft.server.log.preallocated.size = 16384 (custom)
2020-06-27 08:19:39,893 [pool-622-thread-1] INFO  server.RaftServerConfigKeys (ConfUtils.java:logGet(44)) - raft.server.log.write.buffer.size = 1048576 (custom)
2020-06-27 08:19:39,893 [pool-622-thread-1] INFO  server.RaftServerConfigKeys (ConfUtils.java:logGet(44)) - raft.server.log.force.sync.num = 128 (default)
2020-06-27 08:19:39,893 [pool-622-thread-1] INFO  server.RaftServerConfigKeys (ConfUtils.java:logGet(44)) - raft.server.log.statemachine.data.sync = true (default)
2020-06-27 08:19:39,893 [pool-622-thread-1] INFO  server.RaftServerConfigKeys (ConfUtils.java:logGet(44)) - raft.server.log.statemachine.data.sync.timeout = 10s (default)
2020-06-27 08:19:39,893 [pool-622-thread-1] INFO  server.RaftServerConfigKeys (ConfUtils.java:logGet(44)) - raft.server.log.statemachine.data.sync.timeout.retry = -1 (default)
2020-06-27 08:19:39,895 [pool-622-thread-1] INFO  server.RaftServerConfigKeys (ConfUtils.java:logGet(44)) - raft.server.log.statemachine.data.caching.enabled = true (custom)
2020-06-27 08:19:39,895 [pool-622-thread-1] INFO  segmented.SegmentedRaftLogWorker (SegmentedRaftLogWorker.java:lambda$new$0(129)) - 99a07450-395a-4667-b554-43c43076656b@group-CEED09A8AD4A-SegmentedRaftLogWorker: flushIndex: setUnconditionally 0 -> -1
2020-06-27 08:19:39,895 [pool-622-thread-1] INFO  segmented.SegmentedRaftLogWorker (SegmentedRaftLogWorker.java:lambda$new$0(129)) - 99a07450-395a-4667-b554-43c43076656b@group-CEED09A8AD4A-SegmentedRaftLogWorker: safeCacheEvictIndex: setUnconditionally 0 -> -1
2020-06-27 08:19:39,896 [pool-622-thread-1] INFO  server.RaftServerConfigKeys (ConfUtils.java:logGet(44)) - raft.server.snapshot.auto.trigger.enabled = true (custom)
2020-06-27 08:19:39,896 [pool-622-thread-1] INFO  server.RaftServerConfigKeys (ConfUtils.java:logGet(44)) - raft.server.snapshot.auto.trigger.threshold = 10000 (custom)
2020-06-27 08:19:39,896 [pool-622-thread-1] INFO  server.RaftServerConfigKeys (ConfUtils.java:logGet(44)) - raft.server.snapshot.retention.file.num = 5 (custom)
2020-06-27 08:19:39,896 [pool-622-thread-1] INFO  server.RaftServerConfigKeys (ConfUtils.java:logGet(44)) - raft.server.log.purge.upto.snapshot.index = false (default)
2020-06-27 08:19:39,896 [pool-622-thread-1] INFO  server.RaftServerConfigKeys (ConfUtils.java:logGet(44)) - raft.server.retrycache.expirytime = 600000ms (custom)
2020-06-27 08:19:39,896 [pool-622-thread-1] INFO  metrics.RatisMetrics (RatisMetrics.java:lambda$create$0(36)) - Creating Metrics Registry : ratis.leader_election.99a07450-395a-4667-b554-43c43076656b@group-CEED09A8AD4A
2020-06-27 08:19:39,897 [pool-622-thread-1] INFO  metrics.RatisMetrics (RatisMetrics.java:lambda$create$0(36)) - Creating Metrics Registry : ratis.server.99a07450-395a-4667-b554-43c43076656b@group-CEED09A8AD4A
2020-06-27 08:19:39,898 [pool-622-thread-1] INFO  impl.RaftServerImpl (RaftServerImpl.java:start(186)) - 99a07450-395a-4667-b554-43c43076656b@group-CEED09A8AD4A: start as a follower, conf=-1: [99a07450-395a-4667-b554-43c43076656b:172.17.0.2:33341, 93ff5c27-cf24-4d90-9a81-2a4e4904b019:172.17.0.2:43727, bd28fdde-8be9-44b6-aac4-f5ad5eca5270:172.17.0.2:39899], old=null
2020-06-27 08:19:39,898 [pool-622-thread-1] INFO  impl.RaftServerImpl (RaftServerImpl.java:setRole(175)) - 99a07450-395a-4667-b554-43c43076656b@group-CEED09A8AD4A: changes role from      null to FOLLOWER at term 0 for startAsFollower
2020-06-27 08:19:39,898 [pool-622-thread-1] INFO  impl.RoleInfo (RoleInfo.java:updateAndGet(143)) - 99a07450-395a-4667-b554-43c43076656b: start FollowerState
2020-06-27 08:19:39,900 [pool-622-thread-1] INFO  util.JmxRegister (JmxRegister.java:tryRegister(44)) - Successfully registered JMX Bean with object name Ratis:service=RaftServer,group=group-CEED09A8AD4A,id=99a07450-395a-4667-b554-43c43076656b
2020-06-27 08:19:39,900 [pool-622-thread-1] INFO  metrics.RatisMetrics (RatisMetrics.java:lambda$create$0(36)) - Creating Metrics Registry : ratis.state_machine.99a07450-395a-4667-b554-43c43076656b@group-CEED09A8AD4A
2020-06-27 08:19:39,917 [Command processor thread] INFO  impl.RaftServerProxy (RaftServerProxy.java:addNew(89)) - bd28fdde-8be9-44b6-aac4-f5ad5eca5270: addNew group-E4FBDEB1F4EC:[bd28fdde-8be9-44b6-aac4-f5ad5eca5270:172.17.0.2:39899] returns group-E4FBDEB1F4EC:java.util.concurrent.CompletableFuture@45202ae8[Not completed]
2020-06-27 08:19:39,922 [grpc-default-executor-6] INFO  impl.RaftServerProxy (RaftServerProxy.java:addNew(89)) - bd28fdde-8be9-44b6-aac4-f5ad5eca5270: addNew group-CEED09A8AD4A:[99a07450-395a-4667-b554-43c43076656b:172.17.0.2:33341, 93ff5c27-cf24-4d90-9a81-2a4e4904b019:172.17.0.2:43727, bd28fdde-8be9-44b6-aac4-f5ad5eca5270:172.17.0.2:39899] returns group-CEED09A8AD4A:java.util.concurrent.CompletableFuture@358df282[Not completed]
2020-06-27 08:19:39,922 [pool-607-thread-1] INFO  impl.RaftServerImpl (RaftServerImpl.java:<init>(99)) - bd28fdde-8be9-44b6-aac4-f5ad5eca5270: new RaftServerImpl for group-E4FBDEB1F4EC:[bd28fdde-8be9-44b6-aac4-f5ad5eca5270:172.17.0.2:39899] with ContainerStateMachine:uninitialized
2020-06-27 08:19:39,924 [pool-607-thread-1] INFO  server.RaftServerConfigKeys (ConfUtils.java:logGet(44)) - raft.server.rpc.timeout.min = 5s (custom)
2020-06-27 08:19:39,924 [pool-607-thread-1] INFO  server.RaftServerConfigKeys (ConfUtils.java:logGet(44)) - raft.server.rpc.timeout.max = 5200ms (custom)
2020-06-27 08:19:39,924 [pool-607-thread-1] INFO  server.RaftServerConfigKeys (ConfUtils.java:logGet(44)) - raft.server.rpcslowness.timeout = 300s (custom)
2020-06-27 08:19:39,924 [pool-607-thread-1] INFO  server.RaftServerConfigKeys (ConfUtils.java:logGet(44)) - raft.server.sleep.deviation.threshold = 300 (default)
2020-06-27 08:19:39,924 [pool-607-thread-1] INFO  server.RaftServerConfigKeys (ConfUtils.java:logGet(44)) - raft.server.log.appender.install.snapshot.enabled = false (custom)
2020-06-27 08:19:39,924 [pool-607-thread-1] INFO  impl.RaftServerImpl (ServerState.java:<init>(103)) - bd28fdde-8be9-44b6-aac4-f5ad5eca5270@group-E4FBDEB1F4EC: ConfigurationManager, init=-1: [bd28fdde-8be9-44b6-aac4-f5ad5eca5270:172.17.0.2:39899], old=null, confs=<EMPTY_MAP>
2020-06-27 08:19:39,924 [pool-607-thread-1] INFO  server.RaftServerConfigKeys (ConfUtils.java:logGet(44)) - raft.server.storage.dir = [/github/workspace/mnt/ozone/hadoop-ozone/integration-test/target/test-dir/MiniOzoneClusterImpl-1d3054ed-691e-4733-a773-d2ff76104d42/datanode-7/data/ratis] (custom)
2020-06-27 08:19:39,924 [pool-607-thread-1] INFO  server.RaftServerConfigKeys (ConfUtils.java:logGet(44)) - raft.server.log.corruption.policy = EXCEPTION (default)
2020-06-27 08:19:39,925 [pool-607-thread-1] INFO  storage.RaftStorageDirectory (RaftStorageDirectory.java:analyzeStorage(261)) - The storage directory /github/workspace/mnt/ozone/hadoop-ozone/integration-test/target/test-dir/MiniOzoneClusterImpl-1d3054ed-691e-4733-a773-d2ff76104d42/datanode-7/data/ratis/934c1afe-c925-4e72-95c9-e4fbdeb1f4ec does not exist. Creating ...
2020-06-27 08:19:39,926 [pool-607-thread-1] INFO  storage.RaftStorageDirectory (RaftStorageDirectory.java:tryLock(343)) - Lock on /github/workspace/mnt/ozone/hadoop-ozone/integration-test/target/test-dir/MiniOzoneClusterImpl-1d3054ed-691e-4733-a773-d2ff76104d42/datanode-7/data/ratis/934c1afe-c925-4e72-95c9-e4fbdeb1f4ec/in_use.lock acquired by nodename 8206@23863634748d
2020-06-27 08:19:39,927 [pool-607-thread-1] INFO  storage.RaftStorage (RaftStorage.java:format(84)) - Storage directory /github/workspace/mnt/ozone/hadoop-ozone/integration-test/target/test-dir/MiniOzoneClusterImpl-1d3054ed-691e-4733-a773-d2ff76104d42/datanode-7/data/ratis/934c1afe-c925-4e72-95c9-e4fbdeb1f4ec has been successfully formatted.
2020-06-27 08:19:39,928 [EventQueue-PipelineReportForPipelineReportHandler] INFO  pipeline.PipelineStateManager (PipelineStateManager.java:openPipeline(131)) - Pipeline Pipeline[ Id: 934c1afe-c925-4e72-95c9-e4fbdeb1f4ec, Nodes: bd28fdde-8be9-44b6-aac4-f5ad5eca5270{ip: 172.17.0.2, host: 23863634748d, networkLocation: /default-rack, certSerialId: null}, Type:RATIS, Factor:ONE, State:ALLOCATED, leaderId:bd28fdde-8be9-44b6-aac4-f5ad5eca5270, CreationTimestamp2020-06-27T08:19:36.914Z] moved to OPEN state
2020-06-27 08:19:39,928 [EventQueue-OpenPipelineForHealthyPipelineSafeModeRule] INFO  safemode.SCMSafeModeManager (HealthyPipelineSafeModeRule.java:process(132)) - SCM in safe mode. Healthy pipelines reported count is 0, required healthy pipeline reported count is 1
2020-06-27 08:19:39,928 [EventQueue-OpenPipelineForOneReplicaPipelineSafeModeRule] INFO  safemode.SCMSafeModeManager (SCMSafeModeManager.java:validateSafeModeExitRules(214)) - AtleastOneDatanodeReportedRule rule is successfully validated
2020-06-27 08:19:39,929 [pool-607-thread-1] INFO  ratis.ContainerStateMachine (ContainerStateMachine.java:loadSnapshot(226)) - group-E4FBDEB1F4EC: The snapshot info is null. Setting the last applied indexto:(t:0, i:~)
2020-06-27 08:19:39,929 [pool-607-thread-1] INFO  server.RaftServerConfigKeys (ConfUtils.java:logGet(44)) - raft.server.notification.no-leader.timeout = 60s (default)
2020-06-27 08:19:39,929 [pool-607-thread-1] INFO  server.RaftServerConfigKeys (ConfUtils.java:logGet(44)) - raft.server.log.use.memory = false (default)
2020-06-27 08:19:39,929 [pool-607-thread-1] INFO  server.RaftServerConfigKeys (ConfUtils.java:logGet(44)) - raft.server.log.purge.gap = 1000000 (custom)
2020-06-27 08:19:39,929 [pool-607-thread-1] INFO  server.RaftServerConfigKeys (ConfUtils.java:logGet(44)) - raft.server.log.appender.buffer.byte-limit = 33554432 (custom)
2020-06-27 08:19:39,929 [pool-607-thread-1] INFO  server.RaftServerConfigKeys (ConfUtils.java:logGet(44)) - raft.server.log.segment.size.max = 1048576 (custom)
2020-06-27 08:19:39,929 [pool-607-thread-1] INFO  metrics.RatisMetrics (RatisMetrics.java:lambda$create$0(36)) - Creating Metrics Registry : ratis.log_worker.bd28fdde-8be9-44b6-aac4-f5ad5eca5270@group-E4FBDEB1F4EC
2020-06-27 08:19:39,929 [pool-607-thread-1] INFO  server.RaftServerConfigKeys (ConfUtils.java:logGet(44)) - raft.server.log.segment.cache.num.max = 2 (custom)
2020-06-27 08:19:39,929 [pool-607-thread-1] INFO  segmented.SegmentedRaftLogWorker (SegmentedRaftLogWorker.java:<init>(180)) - new bd28fdde-8be9-44b6-aac4-f5ad5eca5270@group-E4FBDEB1F4EC-SegmentedRaftLogWorker for RaftStorage:Storage Directory /github/workspace/mnt/ozone/hadoop-ozone/integration-test/target/test-dir/MiniOzoneClusterImpl-1d3054ed-691e-4733-a773-d2ff76104d42/datanode-7/data/ratis/934c1afe-c925-4e72-95c9-e4fbdeb1f4ec
2020-06-27 08:19:39,929 [pool-607-thread-1] INFO  server.RaftServerConfigKeys (ConfUtils.java:logGet(44)) - raft.server.log.queue.byte-limit = 2147483647 (custom)
2020-06-27 08:19:39,929 [pool-607-thread-1] INFO  server.RaftServerConfigKeys (ConfUtils.java:logGet(44)) - raft.server.log.queue.element-limit = 1024 (custom)
2020-06-27 08:19:39,930 [pool-607-thread-1] INFO  server.RaftServerConfigKeys (ConfUtils.java:logGet(44)) - raft.server.log.segment.size.max = 1048576 (custom)
2020-06-27 08:19:39,930 [pool-607-thread-1] INFO  server.RaftServerConfigKeys (ConfUtils.java:logGet(44)) - raft.server.log.preallocated.size = 16384 (custom)
2020-06-27 08:19:39,930 [pool-607-thread-1] INFO  server.RaftServerConfigKeys (ConfUtils.java:logGet(44)) - raft.server.log.write.buffer.size = 1048576 (custom)
2020-06-27 08:19:39,930 [pool-607-thread-1] INFO  server.RaftServerConfigKeys (ConfUtils.java:logGet(44)) - raft.server.log.force.sync.num = 128 (default)
2020-06-27 08:19:39,930 [pool-607-thread-1] INFO  server.RaftServerConfigKeys (ConfUtils.java:logGet(44)) - raft.server.log.statemachine.data.sync = true (default)
2020-06-27 08:19:39,930 [pool-607-thread-1] INFO  server.RaftServerConfigKeys (ConfUtils.java:logGet(44)) - raft.server.log.statemachine.data.sync.timeout = 10s (default)
2020-06-27 08:19:39,930 [pool-607-thread-1] INFO  server.RaftServerConfigKeys (ConfUtils.java:logGet(44)) - raft.server.log.statemachine.data.sync.timeout.retry = -1 (default)
2020-06-27 08:19:39,932 [pool-607-thread-1] INFO  server.RaftServerConfigKeys (ConfUtils.java:logGet(44)) - raft.server.log.statemachine.data.caching.enabled = true (custom)
2020-06-27 08:19:39,932 [pool-607-thread-1] INFO  segmented.SegmentedRaftLogWorker (SegmentedRaftLogWorker.java:lambda$new$0(129)) - bd28fdde-8be9-44b6-aac4-f5ad5eca5270@group-E4FBDEB1F4EC-SegmentedRaftLogWorker: flushIndex: setUnconditionally 0 -> -1
2020-06-27 08:19:39,933 [pool-607-thread-1] INFO  segmented.SegmentedRaftLogWorker (SegmentedRaftLogWorker.java:lambda$new$0(129)) - bd28fdde-8be9-44b6-aac4-f5ad5eca5270@group-E4FBDEB1F4EC-SegmentedRaftLogWorker: safeCacheEvictIndex: setUnconditionally 0 -> -1
2020-06-27 08:19:39,933 [pool-607-thread-1] INFO  server.RaftServerConfigKeys (ConfUtils.java:logGet(44)) - raft.server.snapshot.auto.trigger.enabled = true (custom)
2020-06-27 08:19:39,933 [pool-607-thread-1] INFO  server.RaftServerConfigKeys (ConfUtils.java:logGet(44)) - raft.server.snapshot.auto.trigger.threshold = 10000 (custom)
2020-06-27 08:19:39,933 [pool-607-thread-1] INFO  server.RaftServerConfigKeys (ConfUtils.java:logGet(44)) - raft.server.snapshot.retention.file.num = 5 (custom)
2020-06-27 08:19:39,933 [pool-607-thread-1] INFO  server.RaftServerConfigKeys (ConfUtils.java:logGet(44)) - raft.server.log.purge.upto.snapshot.index = false (default)
2020-06-27 08:19:39,933 [pool-607-thread-1] INFO  server.RaftServerConfigKeys (ConfUtils.java:logGet(44)) - raft.server.retrycache.expirytime = 600000ms (custom)
2020-06-27 08:19:39,933 [pool-607-thread-1] INFO  metrics.RatisMetrics (RatisMetrics.java:lambda$create$0(36)) - Creating Metrics Registry : ratis.leader_election.bd28fdde-8be9-44b6-aac4-f5ad5eca5270@group-E4FBDEB1F4EC
2020-06-27 08:19:39,934 [pool-607-thread-1] INFO  metrics.RatisMetrics (RatisMetrics.java:lambda$create$0(36)) - Creating Metrics Registry : ratis.server.bd28fdde-8be9-44b6-aac4-f5ad5eca5270@group-E4FBDEB1F4EC
2020-06-27 08:19:39,936 [pool-607-thread-1] INFO  impl.RaftServerImpl (RaftServerImpl.java:<init>(99)) - bd28fdde-8be9-44b6-aac4-f5ad5eca5270: new RaftServerImpl for group-CEED09A8AD4A:[99a07450-395a-4667-b554-43c43076656b:172.17.0.2:33341, 93ff5c27-cf24-4d90-9a81-2a4e4904b019:172.17.0.2:43727, bd28fdde-8be9-44b6-aac4-f5ad5eca5270:172.17.0.2:39899] with ContainerStateMachine:uninitialized
2020-06-27 08:19:39,936 [pool-607-thread-1] INFO  server.RaftServerConfigKeys (ConfUtils.java:logGet(44)) - raft.server.rpc.timeout.min = 5s (custom)
2020-06-27 08:19:39,936 [pool-607-thread-1] INFO  server.RaftServerConfigKeys (ConfUtils.java:logGet(44)) - raft.server.rpc.timeout.max = 5200ms (custom)
2020-06-27 08:19:39,936 [pool-607-thread-1] INFO  server.RaftServerConfigKeys (ConfUtils.java:logGet(44)) - raft.server.rpcslowness.timeout = 300s (custom)
2020-06-27 08:19:39,936 [pool-607-thread-1] INFO  server.RaftServerConfigKeys (ConfUtils.java:logGet(44)) - raft.server.sleep.deviation.threshold = 300 (default)
2020-06-27 08:19:39,936 [pool-607-thread-1] INFO  server.RaftServerConfigKeys (ConfUtils.java:logGet(44)) - raft.server.log.appender.install.snapshot.enabled = false (custom)
2020-06-27 08:19:39,936 [pool-607-thread-1] INFO  impl.RaftServerImpl (ServerState.java:<init>(103)) - bd28fdde-8be9-44b6-aac4-f5ad5eca5270@group-CEED09A8AD4A: ConfigurationManager, init=-1: [99a07450-395a-4667-b554-43c43076656b:172.17.0.2:33341, 93ff5c27-cf24-4d90-9a81-2a4e4904b019:172.17.0.2:43727, bd28fdde-8be9-44b6-aac4-f5ad5eca5270:172.17.0.2:39899], old=null, confs=<EMPTY_MAP>
2020-06-27 08:19:39,936 [pool-607-thread-1] INFO  server.RaftServerConfigKeys (ConfUtils.java:logGet(44)) - raft.server.storage.dir = [/github/workspace/mnt/ozone/hadoop-ozone/integration-test/target/test-dir/MiniOzoneClusterImpl-1d3054ed-691e-4733-a773-d2ff76104d42/datanode-7/data/ratis] (custom)
2020-06-27 08:19:39,936 [pool-607-thread-1] INFO  server.RaftServerConfigKeys (ConfUtils.java:logGet(44)) - raft.server.log.corruption.policy = EXCEPTION (default)
2020-06-27 08:19:39,936 [pool-607-thread-1] INFO  storage.RaftStorageDirectory (RaftStorageDirectory.java:analyzeStorage(261)) - The storage directory /github/workspace/mnt/ozone/hadoop-ozone/integration-test/target/test-dir/MiniOzoneClusterImpl-1d3054ed-691e-4733-a773-d2ff76104d42/datanode-7/data/ratis/ac5d7b3c-5ee7-483f-b489-ceed09a8ad4a does not exist. Creating ...
2020-06-27 08:19:39,937 [pool-607-thread-1] INFO  storage.RaftStorageDirectory (RaftStorageDirectory.java:tryLock(343)) - Lock on /github/workspace/mnt/ozone/hadoop-ozone/integration-test/target/test-dir/MiniOzoneClusterImpl-1d3054ed-691e-4733-a773-d2ff76104d42/datanode-7/data/ratis/ac5d7b3c-5ee7-483f-b489-ceed09a8ad4a/in_use.lock acquired by nodename 8206@23863634748d
2020-06-27 08:19:39,938 [pool-607-thread-1] INFO  storage.RaftStorage (RaftStorage.java:format(84)) - Storage directory /github/workspace/mnt/ozone/hadoop-ozone/integration-test/target/test-dir/MiniOzoneClusterImpl-1d3054ed-691e-4733-a773-d2ff76104d42/datanode-7/data/ratis/ac5d7b3c-5ee7-483f-b489-ceed09a8ad4a has been successfully formatted.
2020-06-27 08:19:39,939 [pool-607-thread-1] INFO  ratis.ContainerStateMachine (ContainerStateMachine.java:loadSnapshot(226)) - group-CEED09A8AD4A: The snapshot info is null. Setting the last applied indexto:(t:0, i:~)
2020-06-27 08:19:39,939 [pool-607-thread-1] INFO  server.RaftServerConfigKeys (ConfUtils.java:logGet(44)) - raft.server.notification.no-leader.timeout = 60s (default)
2020-06-27 08:19:39,939 [pool-607-thread-1] INFO  server.RaftServerConfigKeys (ConfUtils.java:logGet(44)) - raft.server.log.use.memory = false (default)
2020-06-27 08:19:39,939 [pool-607-thread-1] INFO  server.RaftServerConfigKeys (ConfUtils.java:logGet(44)) - raft.server.log.purge.gap = 1000000 (custom)
2020-06-27 08:19:39,939 [pool-607-thread-1] INFO  server.RaftServerConfigKeys (ConfUtils.java:logGet(44)) - raft.server.log.appender.buffer.byte-limit = 33554432 (custom)
2020-06-27 08:19:39,939 [pool-607-thread-1] INFO  server.RaftServerConfigKeys (ConfUtils.java:logGet(44)) - raft.server.log.segment.size.max = 1048576 (custom)
2020-06-27 08:19:39,939 [pool-607-thread-1] INFO  metrics.RatisMetrics (RatisMetrics.java:lambda$create$0(36)) - Creating Metrics Registry : ratis.log_worker.bd28fdde-8be9-44b6-aac4-f5ad5eca5270@group-CEED09A8AD4A
2020-06-27 08:19:39,940 [pool-607-thread-1] INFO  server.RaftServerConfigKeys (ConfUtils.java:logGet(44)) - raft.server.log.segment.cache.num.max = 2 (custom)
2020-06-27 08:19:39,940 [pool-607-thread-1] INFO  segmented.SegmentedRaftLogWorker (SegmentedRaftLogWorker.java:<init>(180)) - new bd28fdde-8be9-44b6-aac4-f5ad5eca5270@group-CEED09A8AD4A-SegmentedRaftLogWorker for RaftStorage:Storage Directory /github/workspace/mnt/ozone/hadoop-ozone/integration-test/target/test-dir/MiniOzoneClusterImpl-1d3054ed-691e-4733-a773-d2ff76104d42/datanode-7/data/ratis/ac5d7b3c-5ee7-483f-b489-ceed09a8ad4a
2020-06-27 08:19:39,940 [pool-607-thread-1] INFO  server.RaftServerConfigKeys (ConfUtils.java:logGet(44)) - raft.server.log.queue.byte-limit = 2147483647 (custom)
2020-06-27 08:19:39,940 [pool-607-thread-1] INFO  server.RaftServerConfigKeys (ConfUtils.java:logGet(44)) - raft.server.log.queue.element-limit = 1024 (custom)
2020-06-27 08:19:39,940 [pool-607-thread-1] INFO  server.RaftServerConfigKeys (ConfUtils.java:logGet(44)) - raft.server.log.segment.size.max = 1048576 (custom)
2020-06-27 08:19:39,940 [pool-607-thread-1] INFO  server.RaftServerConfigKeys (ConfUtils.java:logGet(44)) - raft.server.log.preallocated.size = 16384 (custom)
2020-06-27 08:19:39,940 [pool-607-thread-1] INFO  server.RaftServerConfigKeys (ConfUtils.java:logGet(44)) - raft.server.log.write.buffer.size = 1048576 (custom)
2020-06-27 08:19:39,940 [pool-607-thread-1] INFO  server.RaftServerConfigKeys (ConfUtils.java:logGet(44)) - raft.server.log.force.sync.num = 128 (default)
2020-06-27 08:19:39,940 [pool-607-thread-1] INFO  server.RaftServerConfigKeys (ConfUtils.java:logGet(44)) - raft.server.log.statemachine.data.sync = true (default)
2020-06-27 08:19:39,940 [pool-607-thread-1] INFO  server.RaftServerConfigKeys (ConfUtils.java:logGet(44)) - raft.server.log.statemachine.data.sync.timeout = 10s (default)
2020-06-27 08:19:39,940 [pool-607-thread-1] INFO  server.RaftServerConfigKeys (ConfUtils.java:logGet(44)) - raft.server.log.statemachine.data.sync.timeout.retry = -1 (default)
2020-06-27 08:19:39,942 [pool-607-thread-1] INFO  server.RaftServerConfigKeys (ConfUtils.java:logGet(44)) - raft.server.log.statemachine.data.caching.enabled = true (custom)
2020-06-27 08:19:39,942 [pool-607-thread-1] INFO  segmented.SegmentedRaftLogWorker (SegmentedRaftLogWorker.java:lambda$new$0(129)) - bd28fdde-8be9-44b6-aac4-f5ad5eca5270@group-CEED09A8AD4A-SegmentedRaftLogWorker: flushIndex: setUnconditionally 0 -> -1
2020-06-27 08:19:39,942 [pool-607-thread-1] INFO  segmented.SegmentedRaftLogWorker (SegmentedRaftLogWorker.java:lambda$new$0(129)) - bd28fdde-8be9-44b6-aac4-f5ad5eca5270@group-CEED09A8AD4A-SegmentedRaftLogWorker: safeCacheEvictIndex: setUnconditionally 0 -> -1
2020-06-27 08:19:39,943 [pool-607-thread-1] INFO  server.RaftServerConfigKeys (ConfUtils.java:logGet(44)) - raft.server.snapshot.auto.trigger.enabled = true (custom)
2020-06-27 08:19:39,943 [pool-607-thread-1] INFO  server.RaftServerConfigKeys (ConfUtils.java:logGet(44)) - raft.server.snapshot.auto.trigger.threshold = 10000 (custom)
2020-06-27 08:19:39,943 [pool-607-thread-1] INFO  server.RaftServerConfigKeys (ConfUtils.java:logGet(44)) - raft.server.snapshot.retention.file.num = 5 (custom)
2020-06-27 08:19:39,943 [pool-607-thread-1] INFO  server.RaftServerConfigKeys (ConfUtils.java:logGet(44)) - raft.server.log.purge.upto.snapshot.index = false (default)
2020-06-27 08:19:39,943 [pool-607-thread-1] INFO  server.RaftServerConfigKeys (ConfUtils.java:logGet(44)) - raft.server.retrycache.expirytime = 600000ms (custom)
2020-06-27 08:19:39,943 [pool-607-thread-1] INFO  metrics.RatisMetrics (RatisMetrics.java:lambda$create$0(36)) - Creating Metrics Registry : ratis.leader_election.bd28fdde-8be9-44b6-aac4-f5ad5eca5270@group-CEED09A8AD4A
2020-06-27 08:19:39,944 [pool-607-thread-1] INFO  metrics.RatisMetrics (RatisMetrics.java:lambda$create$0(36)) - Creating Metrics Registry : ratis.server.bd28fdde-8be9-44b6-aac4-f5ad5eca5270@group-CEED09A8AD4A
2020-06-27 08:19:39,945 [pool-607-thread-1] INFO  impl.RaftServerImpl (RaftServerImpl.java:start(186)) - bd28fdde-8be9-44b6-aac4-f5ad5eca5270@group-E4FBDEB1F4EC: start as a follower, conf=-1: [bd28fdde-8be9-44b6-aac4-f5ad5eca5270:172.17.0.2:39899], old=null
2020-06-27 08:19:39,945 [pool-607-thread-1] INFO  impl.RaftServerImpl (RaftServerImpl.java:setRole(175)) - bd28fdde-8be9-44b6-aac4-f5ad5eca5270@group-E4FBDEB1F4EC: changes role from      null to FOLLOWER at term 0 for startAsFollower
2020-06-27 08:19:39,945 [pool-607-thread-1] INFO  impl.RoleInfo (RoleInfo.java:updateAndGet(143)) - bd28fdde-8be9-44b6-aac4-f5ad5eca5270: start FollowerState
2020-06-27 08:19:39,945 [pool-607-thread-1] INFO  util.JmxRegister (JmxRegister.java:tryRegister(44)) - Successfully registered JMX Bean with object name Ratis:service=RaftServer,group=group-E4FBDEB1F4EC,id=bd28fdde-8be9-44b6-aac4-f5ad5eca5270
2020-06-27 08:19:39,945 [pool-607-thread-1] INFO  metrics.RatisMetrics (RatisMetrics.java:lambda$create$0(36)) - Creating Metrics Registry : ratis.state_machine.bd28fdde-8be9-44b6-aac4-f5ad5eca5270@group-E4FBDEB1F4EC
2020-06-27 08:19:39,946 [pool-607-thread-1] INFO  impl.RaftServerImpl (RaftServerImpl.java:start(186)) - bd28fdde-8be9-44b6-aac4-f5ad5eca5270@group-CEED09A8AD4A: start as a follower, conf=-1: [99a07450-395a-4667-b554-43c43076656b:172.17.0.2:33341, 93ff5c27-cf24-4d90-9a81-2a4e4904b019:172.17.0.2:43727, bd28fdde-8be9-44b6-aac4-f5ad5eca5270:172.17.0.2:39899], old=null
2020-06-27 08:19:39,946 [pool-607-thread-1] INFO  impl.RaftServerImpl (RaftServerImpl.java:setRole(175)) - bd28fdde-8be9-44b6-aac4-f5ad5eca5270@group-CEED09A8AD4A: changes role from      null to FOLLOWER at term 0 for startAsFollower
2020-06-27 08:19:39,946 [pool-607-thread-1] INFO  impl.RoleInfo (RoleInfo.java:updateAndGet(143)) - bd28fdde-8be9-44b6-aac4-f5ad5eca5270: start FollowerState
2020-06-27 08:19:39,947 [Command processor thread] INFO  commandhandler.CreatePipelineCommandHandler (CreatePipelineCommandHandler.java:handle(109)) - Created Pipeline RATIS ONE #id: "934c1afe-c925-4e72-95c9-e4fbdeb1f4ec"
.
2020-06-27 08:19:39,947 [pool-607-thread-1] INFO  util.JmxRegister (JmxRegister.java:tryRegister(44)) - Successfully registered JMX Bean with object name Ratis:service=RaftServer,group=group-CEED09A8AD4A,id=bd28fdde-8be9-44b6-aac4-f5ad5eca5270
2020-06-27 08:19:39,947 [pool-607-thread-1] INFO  metrics.RatisMetrics (RatisMetrics.java:lambda$create$0(36)) - Creating Metrics Registry : ratis.state_machine.bd28fdde-8be9-44b6-aac4-f5ad5eca5270@group-CEED09A8AD4A
2020-06-27 08:19:39,953 [Command processor thread] INFO  commandhandler.CreatePipelineCommandHandler (CreatePipelineCommandHandler.java:handle(109)) - Created Pipeline RATIS THREE #id: "ac5d7b3c-5ee7-483f-b489-ceed09a8ad4a"
.
2020-06-27 08:19:39,956 [Listener at 127.0.0.1/34065] INFO  ozone.MiniOzoneClusterImpl (MiniOzoneClusterImpl.java:lambda$waitForClusterToBeReady$0(177)) - Nodes are ready. Got 9 of 9 DN Heartbeats.
2020-06-27 08:19:39,956 [Listener at 127.0.0.1/34065] INFO  ozone.MiniOzoneClusterImpl (MiniOzoneClusterImpl.java:lambda$waitForClusterToBeReady$0(180)) - Waiting for cluster to exit safe mode
2020-06-27 08:19:39,956 [Command processor thread] INFO  impl.RaftServerProxy (RaftServerProxy.java:addNew(89)) - 99a07450-395a-4667-b554-43c43076656b: addNew group-605ED3440294:[99a07450-395a-4667-b554-43c43076656b:172.17.0.2:33341] returns group-605ED3440294:java.util.concurrent.CompletableFuture@67c4888e[Not completed]
2020-06-27 08:19:39,957 [pool-622-thread-1] INFO  impl.RaftServerImpl (RaftServerImpl.java:<init>(99)) - 99a07450-395a-4667-b554-43c43076656b: new RaftServerImpl for group-605ED3440294:[99a07450-395a-4667-b554-43c43076656b:172.17.0.2:33341] with ContainerStateMachine:uninitialized
2020-06-27 08:19:39,957 [pool-622-thread-1] INFO  server.RaftServerConfigKeys (ConfUtils.java:logGet(44)) - raft.server.rpc.timeout.min = 5s (custom)
2020-06-27 08:19:39,957 [pool-622-thread-1] INFO  server.RaftServerConfigKeys (ConfUtils.java:logGet(44)) - raft.server.rpc.timeout.max = 5200ms (custom)
2020-06-27 08:19:39,957 [pool-622-thread-1] INFO  server.RaftServerConfigKeys (ConfUtils.java:logGet(44)) - raft.server.rpcslowness.timeout = 300s (custom)
2020-06-27 08:19:39,957 [pool-622-thread-1] INFO  server.RaftServerConfigKeys (ConfUtils.java:logGet(44)) - raft.server.sleep.deviation.threshold = 300 (default)
2020-06-27 08:19:39,957 [pool-622-thread-1] INFO  server.RaftServerConfigKeys (ConfUtils.java:logGet(44)) - raft.server.log.appender.install.snapshot.enabled = false (custom)
2020-06-27 08:19:39,957 [pool-622-thread-1] INFO  impl.RaftServerImpl (ServerState.java:<init>(103)) - 99a07450-395a-4667-b554-43c43076656b@group-605ED3440294: ConfigurationManager, init=-1: [99a07450-395a-4667-b554-43c43076656b:172.17.0.2:33341], old=null, confs=<EMPTY_MAP>
2020-06-27 08:19:39,957 [pool-622-thread-1] INFO  server.RaftServerConfigKeys (ConfUtils.java:logGet(44)) - raft.server.storage.dir = [/github/workspace/mnt/ozone/hadoop-ozone/integration-test/target/test-dir/MiniOzoneClusterImpl-1d3054ed-691e-4733-a773-d2ff76104d42/datanode-8/data/ratis] (custom)
2020-06-27 08:19:39,958 [pool-622-thread-1] INFO  server.RaftServerConfigKeys (ConfUtils.java:logGet(44)) - raft.server.log.corruption.policy = EXCEPTION (default)
2020-06-27 08:19:39,958 [pool-622-thread-1] INFO  storage.RaftStorageDirectory (RaftStorageDirectory.java:analyzeStorage(261)) - The storage directory /github/workspace/mnt/ozone/hadoop-ozone/integration-test/target/test-dir/MiniOzoneClusterImpl-1d3054ed-691e-4733-a773-d2ff76104d42/datanode-8/data/ratis/51c1be0b-4cee-4c25-bdca-605ed3440294 does not exist. Creating ...
2020-06-27 08:19:39,959 [pool-622-thread-1] INFO  storage.RaftStorageDirectory (RaftStorageDirectory.java:tryLock(343)) - Lock on /github/workspace/mnt/ozone/hadoop-ozone/integration-test/target/test-dir/MiniOzoneClusterImpl-1d3054ed-691e-4733-a773-d2ff76104d42/datanode-8/data/ratis/51c1be0b-4cee-4c25-bdca-605ed3440294/in_use.lock acquired by nodename 8206@23863634748d
2020-06-27 08:19:39,960 [pool-622-thread-1] INFO  storage.RaftStorage (RaftStorage.java:format(84)) - Storage directory /github/workspace/mnt/ozone/hadoop-ozone/integration-test/target/test-dir/MiniOzoneClusterImpl-1d3054ed-691e-4733-a773-d2ff76104d42/datanode-8/data/ratis/51c1be0b-4cee-4c25-bdca-605ed3440294 has been successfully formatted.
2020-06-27 08:19:39,960 [pool-622-thread-1] INFO  ratis.ContainerStateMachine (ContainerStateMachine.java:loadSnapshot(226)) - group-605ED3440294: The snapshot info is null. Setting the last applied indexto:(t:0, i:~)
2020-06-27 08:19:39,960 [pool-622-thread-1] INFO  server.RaftServerConfigKeys (ConfUtils.java:logGet(44)) - raft.server.notification.no-leader.timeout = 60s (default)
2020-06-27 08:19:39,960 [pool-622-thread-1] INFO  server.RaftServerConfigKeys (ConfUtils.java:logGet(44)) - raft.server.log.use.memory = false (default)
2020-06-27 08:19:39,960 [pool-622-thread-1] INFO  server.RaftServerConfigKeys (ConfUtils.java:logGet(44)) - raft.server.log.purge.gap = 1000000 (custom)
2020-06-27 08:19:39,960 [pool-622-thread-1] INFO  server.RaftServerConfigKeys (ConfUtils.java:logGet(44)) - raft.server.log.appender.buffer.byte-limit = 33554432 (custom)
2020-06-27 08:19:39,960 [pool-622-thread-1] INFO  server.RaftServerConfigKeys (ConfUtils.java:logGet(44)) - raft.server.log.segment.size.max = 1048576 (custom)
2020-06-27 08:19:39,960 [pool-622-thread-1] INFO  metrics.RatisMetrics (RatisMetrics.java:lambda$create$0(36)) - Creating Metrics Registry : ratis.log_worker.99a07450-395a-4667-b554-43c43076656b@group-605ED3440294
2020-06-27 08:19:39,960 [pool-622-thread-1] INFO  server.RaftServerConfigKeys (ConfUtils.java:logGet(44)) - raft.server.log.segment.cache.num.max = 2 (custom)
2020-06-27 08:19:39,960 [pool-622-thread-1] INFO  segmented.SegmentedRaftLogWorker (SegmentedRaftLogWorker.java:<init>(180)) - new 99a07450-395a-4667-b554-43c43076656b@group-605ED3440294-SegmentedRaftLogWorker for RaftStorage:Storage Directory /github/workspace/mnt/ozone/hadoop-ozone/integration-test/target/test-dir/MiniOzoneClusterImpl-1d3054ed-691e-4733-a773-d2ff76104d42/datanode-8/data/ratis/51c1be0b-4cee-4c25-bdca-605ed3440294
2020-06-27 08:19:39,960 [pool-622-thread-1] INFO  server.RaftServerConfigKeys (ConfUtils.java:logGet(44)) - raft.server.log.queue.byte-limit = 2147483647 (custom)
2020-06-27 08:19:39,961 [pool-622-thread-1] INFO  server.RaftServerConfigKeys (ConfUtils.java:logGet(44)) - raft.server.log.queue.element-limit = 1024 (custom)
2020-06-27 08:19:39,961 [EventQueue-PipelineReportForPipelineReportHandler] INFO  pipeline.PipelineStateManager (PipelineStateManager.java:openPipeline(131)) - Pipeline Pipeline[ Id: 51c1be0b-4cee-4c25-bdca-605ed3440294, Nodes: 99a07450-395a-4667-b554-43c43076656b{ip: 172.17.0.2, host: 23863634748d, networkLocation: /default-rack, certSerialId: null}, Type:RATIS, Factor:ONE, State:ALLOCATED, leaderId:99a07450-395a-4667-b554-43c43076656b, CreationTimestamp2020-06-27T08:19:36.957Z] moved to OPEN state
2020-06-27 08:19:39,961 [EventQueue-OpenPipelineForHealthyPipelineSafeModeRule] INFO  safemode.SCMSafeModeManager (HealthyPipelineSafeModeRule.java:process(132)) - SCM in safe mode. Healthy pipelines reported count is 0, required healthy pipeline reported count is 1
2020-06-27 08:19:39,961 [EventQueue-OpenPipelineForOneReplicaPipelineSafeModeRule] INFO  safemode.SCMSafeModeManager (SCMSafeModeManager.java:validateSafeModeExitRules(214)) - AtleastOneDatanodeReportedRule rule is successfully validated
2020-06-27 08:19:39,961 [pool-622-thread-1] INFO  server.RaftServerConfigKeys (ConfUtils.java:logGet(44)) - raft.server.log.segment.size.max = 1048576 (custom)
2020-06-27 08:19:39,961 [pool-622-thread-1] INFO  server.RaftServerConfigKeys (ConfUtils.java:logGet(44)) - raft.server.log.preallocated.size = 16384 (custom)
2020-06-27 08:19:39,961 [pool-622-thread-1] INFO  server.RaftServerConfigKeys (ConfUtils.java:logGet(44)) - raft.server.log.write.buffer.size = 1048576 (custom)
2020-06-27 08:19:39,961 [pool-622-thread-1] INFO  server.RaftServerConfigKeys (ConfUtils.java:logGet(44)) - raft.server.log.force.sync.num = 128 (default)
2020-06-27 08:19:39,961 [pool-622-thread-1] INFO  server.RaftServerConfigKeys (ConfUtils.java:logGet(44)) - raft.server.log.statemachine.data.sync = true (default)
2020-06-27 08:19:39,961 [pool-622-thread-1] INFO  server.RaftServerConfigKeys (ConfUtils.java:logGet(44)) - raft.server.log.statemachine.data.sync.timeout = 10s (default)
2020-06-27 08:19:39,962 [pool-622-thread-1] INFO  server.RaftServerConfigKeys (ConfUtils.java:logGet(44)) - raft.server.log.statemachine.data.sync.timeout.retry = -1 (default)
2020-06-27 08:19:39,964 [pool-622-thread-1] INFO  server.RaftServerConfigKeys (ConfUtils.java:logGet(44)) - raft.server.log.statemachine.data.caching.enabled = true (custom)
2020-06-27 08:19:39,964 [pool-622-thread-1] INFO  segmented.SegmentedRaftLogWorker (SegmentedRaftLogWorker.java:lambda$new$0(129)) - 99a07450-395a-4667-b554-43c43076656b@group-605ED3440294-SegmentedRaftLogWorker: flushIndex: setUnconditionally 0 -> -1
2020-06-27 08:19:39,964 [pool-622-thread-1] INFO  segmented.SegmentedRaftLogWorker (SegmentedRaftLogWorker.java:lambda$new$0(129)) - 99a07450-395a-4667-b554-43c43076656b@group-605ED3440294-SegmentedRaftLogWorker: safeCacheEvictIndex: setUnconditionally 0 -> -1
2020-06-27 08:19:39,964 [pool-622-thread-1] INFO  server.RaftServerConfigKeys (ConfUtils.java:logGet(44)) - raft.server.snapshot.auto.trigger.enabled = true (custom)
2020-06-27 08:19:39,964 [pool-622-thread-1] INFO  server.RaftServerConfigKeys (ConfUtils.java:logGet(44)) - raft.server.snapshot.auto.trigger.threshold = 10000 (custom)
2020-06-27 08:19:39,964 [pool-622-thread-1] INFO  server.RaftServerConfigKeys (ConfUtils.java:logGet(44)) - raft.server.snapshot.retention.file.num = 5 (custom)
2020-06-27 08:19:39,964 [pool-622-thread-1] INFO  server.RaftServerConfigKeys (ConfUtils.java:logGet(44)) - raft.server.log.purge.upto.snapshot.index = false (default)
2020-06-27 08:19:39,964 [pool-622-thread-1] INFO  server.RaftServerConfigKeys (ConfUtils.java:logGet(44)) - raft.server.retrycache.expirytime = 600000ms (custom)
2020-06-27 08:19:39,965 [pool-622-thread-1] INFO  metrics.RatisMetrics (RatisMetrics.java:lambda$create$0(36)) - Creating Metrics Registry : ratis.leader_election.99a07450-395a-4667-b554-43c43076656b@group-605ED3440294
2020-06-27 08:19:39,965 [pool-622-thread-1] INFO  metrics.RatisMetrics (RatisMetrics.java:lambda$create$0(36)) - Creating Metrics Registry : ratis.server.99a07450-395a-4667-b554-43c43076656b@group-605ED3440294
2020-06-27 08:19:39,967 [pool-622-thread-1] INFO  impl.RaftServerImpl (RaftServerImpl.java:start(186)) - 99a07450-395a-4667-b554-43c43076656b@group-605ED3440294: start as a follower, conf=-1: [99a07450-395a-4667-b554-43c43076656b:172.17.0.2:33341], old=null
2020-06-27 08:19:39,967 [pool-622-thread-1] INFO  impl.RaftServerImpl (RaftServerImpl.java:setRole(175)) - 99a07450-395a-4667-b554-43c43076656b@group-605ED3440294: changes role from      null to FOLLOWER at term 0 for startAsFollower
2020-06-27 08:19:39,967 [pool-622-thread-1] INFO  impl.RoleInfo (RoleInfo.java:updateAndGet(143)) - 99a07450-395a-4667-b554-43c43076656b: start FollowerState
2020-06-27 08:19:39,967 [pool-622-thread-1] INFO  util.JmxRegister (JmxRegister.java:tryRegister(44)) - Successfully registered JMX Bean with object name Ratis:service=RaftServer,group=group-605ED3440294,id=99a07450-395a-4667-b554-43c43076656b
2020-06-27 08:19:39,967 [pool-622-thread-1] INFO  metrics.RatisMetrics (RatisMetrics.java:lambda$create$0(36)) - Creating Metrics Registry : ratis.state_machine.99a07450-395a-4667-b554-43c43076656b@group-605ED3440294
2020-06-27 08:19:39,970 [Command processor thread] INFO  commandhandler.CreatePipelineCommandHandler (CreatePipelineCommandHandler.java:handle(109)) - Created Pipeline RATIS ONE #id: "51c1be0b-4cee-4c25-bdca-605ed3440294"
.
2020-06-27 08:19:40,957 [Listener at 127.0.0.1/34065] INFO  ozone.MiniOzoneClusterImpl (MiniOzoneClusterImpl.java:lambda$waitForClusterToBeReady$0(177)) - Nodes are ready. Got 9 of 9 DN Heartbeats.
2020-06-27 08:19:40,957 [Listener at 127.0.0.1/34065] INFO  ozone.MiniOzoneClusterImpl (MiniOzoneClusterImpl.java:lambda$waitForClusterToBeReady$0(180)) - Waiting for cluster to exit safe mode
2020-06-27 08:19:41,957 [Listener at 127.0.0.1/34065] INFO  ozone.MiniOzoneClusterImpl (MiniOzoneClusterImpl.java:lambda$waitForClusterToBeReady$0(177)) - Nodes are ready. Got 9 of 9 DN Heartbeats.
2020-06-27 08:19:41,957 [Listener at 127.0.0.1/34065] INFO  ozone.MiniOzoneClusterImpl (MiniOzoneClusterImpl.java:lambda$waitForClusterToBeReady$0(180)) - Waiting for cluster to exit safe mode
2020-06-27 08:19:42,957 [Listener at 127.0.0.1/34065] INFO  ozone.MiniOzoneClusterImpl (MiniOzoneClusterImpl.java:lambda$waitForClusterToBeReady$0(177)) - Nodes are ready. Got 9 of 9 DN Heartbeats.
2020-06-27 08:19:42,958 [Listener at 127.0.0.1/34065] INFO  ozone.MiniOzoneClusterImpl (MiniOzoneClusterImpl.java:lambda$waitForClusterToBeReady$0(180)) - Waiting for cluster to exit safe mode
2020-06-27 08:19:43,958 [Listener at 127.0.0.1/34065] INFO  ozone.MiniOzoneClusterImpl (MiniOzoneClusterImpl.java:lambda$waitForClusterToBeReady$0(177)) - Nodes are ready. Got 9 of 9 DN Heartbeats.
2020-06-27 08:19:43,958 [Listener at 127.0.0.1/34065] INFO  ozone.MiniOzoneClusterImpl (MiniOzoneClusterImpl.java:lambda$waitForClusterToBeReady$0(180)) - Waiting for cluster to exit safe mode
2020-06-27 08:19:44,643 [Thread-1713] INFO  impl.FollowerState (FollowerState.java:run(108)) - 1678e861-f681-42e2-b20b-e04f00d52311@group-A4A31F6C7020-FollowerState: change to CANDIDATE, lastRpcTime:5151ms, electionTimeout:5151ms
2020-06-27 08:19:44,644 [Thread-1713] INFO  impl.RoleInfo (RoleInfo.java:shutdownFollowerState(121)) - 1678e861-f681-42e2-b20b-e04f00d52311: shutdown FollowerState
2020-06-27 08:19:44,644 [Thread-1713] INFO  impl.RaftServerImpl (RaftServerImpl.java:setRole(175)) - 1678e861-f681-42e2-b20b-e04f00d52311@group-A4A31F6C7020: changes role from  FOLLOWER to CANDIDATE at term 0 for changeToCandidate
2020-06-27 08:19:44,644 [Thread-1713] INFO  impl.RoleInfo (RoleInfo.java:updateAndGet(143)) - 1678e861-f681-42e2-b20b-e04f00d52311: start LeaderElection
2020-06-27 08:19:44,647 [1678e861-f681-42e2-b20b-e04f00d52311@group-A4A31F6C7020-LeaderElection56] INFO  impl.LeaderElection (LeaderElection.java:askForVotes(206)) - 1678e861-f681-42e2-b20b-e04f00d52311@group-A4A31F6C7020-LeaderElection56: begin an election at term 1 for -1: [1678e861-f681-42e2-b20b-e04f00d52311:172.17.0.2:44129], old=null
2020-06-27 08:19:44,647 [1678e861-f681-42e2-b20b-e04f00d52311@group-A4A31F6C7020-LeaderElection56] INFO  impl.RoleInfo (RoleInfo.java:shutdownLeaderElection(134)) - 1678e861-f681-42e2-b20b-e04f00d52311: shutdown LeaderElection
2020-06-27 08:19:44,647 [1678e861-f681-42e2-b20b-e04f00d52311@group-A4A31F6C7020-LeaderElection56] INFO  impl.RaftServerImpl (RaftServerImpl.java:setRole(175)) - 1678e861-f681-42e2-b20b-e04f00d52311@group-A4A31F6C7020: changes role from CANDIDATE to LEADER at term 1 for changeToLeader
2020-06-27 08:19:44,648 [1678e861-f681-42e2-b20b-e04f00d52311@group-A4A31F6C7020-LeaderElection56] INFO  ratis.XceiverServerRatis (XceiverServerRatis.java:handleLeaderChangedNotification(762)) - Leader change notification received for group: group-A4A31F6C7020 with new leaderId: 1678e861-f681-42e2-b20b-e04f00d52311
2020-06-27 08:19:44,648 [1678e861-f681-42e2-b20b-e04f00d52311@group-A4A31F6C7020-LeaderElection56] INFO  impl.RaftServerImpl (ServerState.java:setLeader(255)) - 1678e861-f681-42e2-b20b-e04f00d52311@group-A4A31F6C7020: change Leader from null to 1678e861-f681-42e2-b20b-e04f00d52311 at term 1 for becomeLeader, leader elected after 5171ms
2020-06-27 08:19:44,648 [1678e861-f681-42e2-b20b-e04f00d52311@group-A4A31F6C7020-LeaderElection56] INFO  server.RaftServerConfigKeys (ConfUtils.java:logGet(44)) - raft.server.staging.catchup.gap = 1000 (default)
2020-06-27 08:19:44,648 [1678e861-f681-42e2-b20b-e04f00d52311@group-A4A31F6C7020-LeaderElection56] INFO  server.RaftServerConfigKeys (ConfUtils.java:logGet(44)) - raft.server.rpc.sleep.time = 25ms (default)
2020-06-27 08:19:44,648 [1678e861-f681-42e2-b20b-e04f00d52311@group-A4A31F6C7020-LeaderElection56] INFO  metrics.RatisMetrics (RatisMetrics.java:lambda$create$0(36)) - Creating Metrics Registry : ratis.log_appender.1678e861-f681-42e2-b20b-e04f00d52311@group-A4A31F6C7020
2020-06-27 08:19:44,649 [1678e861-f681-42e2-b20b-e04f00d52311@group-A4A31F6C7020-LeaderElection56] INFO  server.RaftServerConfigKeys (ConfUtils.java:logGet(44)) - raft.server.write.element-limit = 1024 (custom)
2020-06-27 08:19:44,649 [1678e861-f681-42e2-b20b-e04f00d52311@group-A4A31F6C7020-LeaderElection56] INFO  server.RaftServerConfigKeys (ConfUtils.java:logGet(44)) - raft.server.write.byte-limit = 1073741824 (custom)
2020-06-27 08:19:44,649 [1678e861-f681-42e2-b20b-e04f00d52311@group-A4A31F6C7020-LeaderElection56] INFO  server.RaftServerConfigKeys (ConfUtils.java:logGet(44)) - raft.server.watch.timeout = 3s (custom)
2020-06-27 08:19:44,649 [1678e861-f681-42e2-b20b-e04f00d52311@group-A4A31F6C7020-LeaderElection56] INFO  server.RaftServerConfigKeys (ConfUtils.java:logGet(44)) - raft.server.watch.timeout.denomination = 1s (default)
2020-06-27 08:19:44,649 [1678e861-f681-42e2-b20b-e04f00d52311@group-A4A31F6C7020-LeaderElection56] INFO  server.RaftServerConfigKeys (ConfUtils.java:logGet(44)) - raft.server.watch.element-limit = 65536 (default)
2020-06-27 08:19:44,650 [1678e861-f681-42e2-b20b-e04f00d52311@group-A4A31F6C7020-LeaderElection56] INFO  impl.RoleInfo (RoleInfo.java:updateAndGet(143)) - 1678e861-f681-42e2-b20b-e04f00d52311: start LeaderState
2020-06-27 08:19:44,650 [1678e861-f681-42e2-b20b-e04f00d52311@group-A4A31F6C7020-LeaderElection56] INFO  segmented.SegmentedRaftLogWorker (SegmentedRaftLogWorker.java:startLogSegment(397)) - 1678e861-f681-42e2-b20b-e04f00d52311@group-A4A31F6C7020-SegmentedRaftLogWorker: Starting segment from index:0
2020-06-27 08:19:44,651 [1678e861-f681-42e2-b20b-e04f00d52311@group-A4A31F6C7020-LeaderElection56] INFO  impl.RaftServerImpl (ServerState.java:setRaftConf(356)) - 1678e861-f681-42e2-b20b-e04f00d52311@group-A4A31F6C7020: set configuration 0: [1678e861-f681-42e2-b20b-e04f00d52311:172.17.0.2:44129], old=null at 0
2020-06-27 08:19:44,651 [1678e861-f681-42e2-b20b-e04f00d52311@group-A4A31F6C7020-SegmentedRaftLogWorker] INFO  segmented.SegmentedRaftLogWorker (SegmentedRaftLogWorker.java:execute(596)) - 1678e861-f681-42e2-b20b-e04f00d52311@group-A4A31F6C7020-SegmentedRaftLogWorker: created new log segment /github/workspace/mnt/ozone/hadoop-ozone/integration-test/target/test-dir/MiniOzoneClusterImpl-1d3054ed-691e-4733-a773-d2ff76104d42/datanode-0/data/ratis/4208b5b4-fb5b-4582-9405-a4a31f6c7020/current/log_inprogress_0
2020-06-27 08:19:44,654 [Thread-1717] INFO  impl.FollowerState (FollowerState.java:run(108)) - e3ff1c2c-6f58-4f63-bc65-22c0097003cb@group-7AAF34FA3258-FollowerState: change to CANDIDATE, lastRpcTime:5093ms, electionTimeout:5089ms
2020-06-27 08:19:44,654 [Thread-1717] INFO  impl.RoleInfo (RoleInfo.java:shutdownFollowerState(121)) - e3ff1c2c-6f58-4f63-bc65-22c0097003cb: shutdown FollowerState
2020-06-27 08:19:44,654 [Thread-1717] INFO  impl.RaftServerImpl (RaftServerImpl.java:setRole(175)) - e3ff1c2c-6f58-4f63-bc65-22c0097003cb@group-7AAF34FA3258: changes role from  FOLLOWER to CANDIDATE at term 0 for changeToCandidate
2020-06-27 08:19:44,654 [Thread-1717] INFO  impl.RoleInfo (RoleInfo.java:updateAndGet(143)) - e3ff1c2c-6f58-4f63-bc65-22c0097003cb: start LeaderElection
2020-06-27 08:19:44,657 [e3ff1c2c-6f58-4f63-bc65-22c0097003cb@group-7AAF34FA3258-LeaderElection57] INFO  impl.LeaderElection (LeaderElection.java:askForVotes(206)) - e3ff1c2c-6f58-4f63-bc65-22c0097003cb@group-7AAF34FA3258-LeaderElection57: begin an election at term 1 for -1: [1678e861-f681-42e2-b20b-e04f00d52311:172.17.0.2:44129, 56bfd1ae-fa2f-4839-ba3b-0401545d2b7a:172.17.0.2:37091, e3ff1c2c-6f58-4f63-bc65-22c0097003cb:172.17.0.2:44705], old=null
2020-06-27 08:19:44,659 [Thread-1722] INFO  impl.FollowerState (FollowerState.java:run(108)) - 56bfd1ae-fa2f-4839-ba3b-0401545d2b7a@group-7AAF34FA3258-FollowerState: change to CANDIDATE, lastRpcTime:5059ms, electionTimeout:5054ms
2020-06-27 08:19:44,660 [Thread-1722] INFO  impl.RoleInfo (RoleInfo.java:shutdownFollowerState(121)) - 56bfd1ae-fa2f-4839-ba3b-0401545d2b7a: shutdown FollowerState
2020-06-27 08:19:44,660 [Thread-1722] INFO  impl.RaftServerImpl (RaftServerImpl.java:setRole(175)) - 56bfd1ae-fa2f-4839-ba3b-0401545d2b7a@group-7AAF34FA3258: changes role from  FOLLOWER to CANDIDATE at term 0 for changeToCandidate
2020-06-27 08:19:44,660 [Thread-1722] INFO  impl.RoleInfo (RoleInfo.java:updateAndGet(143)) - 56bfd1ae-fa2f-4839-ba3b-0401545d2b7a: start LeaderElection
2020-06-27 08:19:44,663 [Thread-1715] INFO  impl.FollowerState (FollowerState.java:run(108)) - 1678e861-f681-42e2-b20b-e04f00d52311@group-7AAF34FA3258-FollowerState: change to CANDIDATE, lastRpcTime:5157ms, electionTimeout:5153ms
2020-06-27 08:19:44,663 [Thread-1715] INFO  impl.RoleInfo (RoleInfo.java:shutdownFollowerState(121)) - 1678e861-f681-42e2-b20b-e04f00d52311: shutdown FollowerState
2020-06-27 08:19:44,663 [Thread-1715] INFO  impl.RaftServerImpl (RaftServerImpl.java:setRole(175)) - 1678e861-f681-42e2-b20b-e04f00d52311@group-7AAF34FA3258: changes role from  FOLLOWER to CANDIDATE at term 0 for changeToCandidate
2020-06-27 08:19:44,669 [Thread-1715] INFO  impl.RoleInfo (RoleInfo.java:updateAndGet(143)) - 1678e861-f681-42e2-b20b-e04f00d52311: start LeaderElection
2020-06-27 08:19:44,677 [grpc-default-executor-6] DEBUG impl.RaftServerImpl (RaftServerImpl.java:requestVote(821)) - 1678e861-f681-42e2-b20b-e04f00d52311@group-7AAF34FA3258: receive requestVote(e3ff1c2c-6f58-4f63-bc65-22c0097003cb, group-7AAF34FA3258, 1, (t:0, i:0))
2020-06-27 08:19:44,677 [Thread-1729] INFO  impl.FollowerState (FollowerState.java:run(108)) - bf10b53c-012b-4fa1-b197-82d4c3bdb60c@group-4D63D0116D0D-FollowerState: change to CANDIDATE, lastRpcTime:5008ms, electionTimeout:5007ms
2020-06-27 08:19:44,684 [Thread-1729] INFO  impl.RoleInfo (RoleInfo.java:shutdownFollowerState(121)) - bf10b53c-012b-4fa1-b197-82d4c3bdb60c: shutdown FollowerState
2020-06-27 08:19:44,684 [Thread-1729] INFO  impl.RaftServerImpl (RaftServerImpl.java:setRole(175)) - bf10b53c-012b-4fa1-b197-82d4c3bdb60c@group-4D63D0116D0D: changes role from  FOLLOWER to CANDIDATE at term 0 for changeToCandidate
2020-06-27 08:19:44,684 [Thread-1729] INFO  impl.RoleInfo (RoleInfo.java:updateAndGet(143)) - bf10b53c-012b-4fa1-b197-82d4c3bdb60c: start LeaderElection
2020-06-27 08:19:44,684 [grpc-default-executor-6] INFO  impl.RaftServerImpl (RaftServerImpl.java:setRole(175)) - 1678e861-f681-42e2-b20b-e04f00d52311@group-7AAF34FA3258: changes role from CANDIDATE to FOLLOWER at term 1 for recognizeCandidate:e3ff1c2c-6f58-4f63-bc65-22c0097003cb
2020-06-27 08:19:44,684 [grpc-default-executor-6] INFO  impl.RoleInfo (RoleInfo.java:shutdownLeaderElection(134)) - 1678e861-f681-42e2-b20b-e04f00d52311: shutdown LeaderElection
2020-06-27 08:19:44,685 [grpc-default-executor-6] INFO  impl.RoleInfo (RoleInfo.java:updateAndGet(143)) - 1678e861-f681-42e2-b20b-e04f00d52311: start FollowerState
2020-06-27 08:19:44,693 [grpc-default-executor-6] DEBUG impl.RaftServerImpl (RaftServerImpl.java:requestVote(853)) - 1678e861-f681-42e2-b20b-e04f00d52311@group-7AAF34FA3258 replies to vote request: e3ff1c2c-6f58-4f63-bc65-22c0097003cb<-1678e861-f681-42e2-b20b-e04f00d52311#0:FAIL-t1. Peer's state: 1678e861-f681-42e2-b20b-e04f00d52311@group-7AAF34FA3258:t1, leader=null, voted=null, raftlog=1678e861-f681-42e2-b20b-e04f00d52311@group-7AAF34FA3258-SegmentedRaftLog:OPENED:c-1,f-1,i0, conf=-1: [1678e861-f681-42e2-b20b-e04f00d52311:172.17.0.2:44129, 56bfd1ae-fa2f-4839-ba3b-0401545d2b7a:172.17.0.2:37091, e3ff1c2c-6f58-4f63-bc65-22c0097003cb:172.17.0.2:44705], old=null
2020-06-27 08:19:44,694 [56bfd1ae-fa2f-4839-ba3b-0401545d2b7a@group-7AAF34FA3258-LeaderElection58] INFO  impl.LeaderElection (LeaderElection.java:askForVotes(206)) - 56bfd1ae-fa2f-4839-ba3b-0401545d2b7a@group-7AAF34FA3258-LeaderElection58: begin an election at term 1 for -1: [1678e861-f681-42e2-b20b-e04f00d52311:172.17.0.2:44129, 56bfd1ae-fa2f-4839-ba3b-0401545d2b7a:172.17.0.2:37091, e3ff1c2c-6f58-4f63-bc65-22c0097003cb:172.17.0.2:44705], old=null
2020-06-27 08:19:44,694 [1678e861-f681-42e2-b20b-e04f00d52311@group-7AAF34FA3258-LeaderElection59] INFO  impl.LeaderElection (LeaderElection.java:askForVotes(206)) - 1678e861-f681-42e2-b20b-e04f00d52311@group-7AAF34FA3258-LeaderElection59: begin an election at term 2 for -1: [1678e861-f681-42e2-b20b-e04f00d52311:172.17.0.2:44129, 56bfd1ae-fa2f-4839-ba3b-0401545d2b7a:172.17.0.2:37091, e3ff1c2c-6f58-4f63-bc65-22c0097003cb:172.17.0.2:44705], old=null
2020-06-27 08:19:44,700 [grpc-default-executor-6] DEBUG impl.RaftServerImpl (RaftServerImpl.java:requestVote(821)) - 56bfd1ae-fa2f-4839-ba3b-0401545d2b7a@group-7AAF34FA3258: receive requestVote(e3ff1c2c-6f58-4f63-bc65-22c0097003cb, group-7AAF34FA3258, 1, (t:0, i:0))
2020-06-27 08:19:44,700 [grpc-default-executor-6] DEBUG impl.RaftServerImpl (RaftServerImpl.java:requestVote(853)) - 56bfd1ae-fa2f-4839-ba3b-0401545d2b7a@group-7AAF34FA3258 replies to vote request: e3ff1c2c-6f58-4f63-bc65-22c0097003cb<-56bfd1ae-fa2f-4839-ba3b-0401545d2b7a#0:FAIL-t1. Peer's state: 56bfd1ae-fa2f-4839-ba3b-0401545d2b7a@group-7AAF34FA3258:t1, leader=null, voted=56bfd1ae-fa2f-4839-ba3b-0401545d2b7a, raftlog=56bfd1ae-fa2f-4839-ba3b-0401545d2b7a@group-7AAF34FA3258-SegmentedRaftLog:OPENED:c-1,f-1,i0, conf=-1: [1678e861-f681-42e2-b20b-e04f00d52311:172.17.0.2:44129, 56bfd1ae-fa2f-4839-ba3b-0401545d2b7a:172.17.0.2:37091, e3ff1c2c-6f58-4f63-bc65-22c0097003cb:172.17.0.2:44705], old=null
2020-06-27 08:19:44,700 [1678e861-f681-42e2-b20b-e04f00d52311@group-7AAF34FA3258-LeaderElection59] INFO  impl.LeaderElection (LeaderElection.java:logAndReturn(61)) - 1678e861-f681-42e2-b20b-e04f00d52311@group-7AAF34FA3258-LeaderElection59: Election REJECTED; received 0 response(s) [] and 0 exception(s); 1678e861-f681-42e2-b20b-e04f00d52311@group-7AAF34FA3258:t2, leader=null, voted=1678e861-f681-42e2-b20b-e04f00d52311, raftlog=1678e861-f681-42e2-b20b-e04f00d52311@group-7AAF34FA3258-SegmentedRaftLog:OPENED:c-1,f-1,i0, conf=-1: [1678e861-f681-42e2-b20b-e04f00d52311:172.17.0.2:44129, 56bfd1ae-fa2f-4839-ba3b-0401545d2b7a:172.17.0.2:37091, e3ff1c2c-6f58-4f63-bc65-22c0097003cb:172.17.0.2:44705], old=null
2020-06-27 08:19:44,694 [bf10b53c-012b-4fa1-b197-82d4c3bdb60c@group-4D63D0116D0D-LeaderElection60] INFO  impl.LeaderElection (LeaderElection.java:askForVotes(206)) - bf10b53c-012b-4fa1-b197-82d4c3bdb60c@group-4D63D0116D0D-LeaderElection60: begin an election at term 1 for -1: [bf10b53c-012b-4fa1-b197-82d4c3bdb60c:172.17.0.2:34043], old=null
2020-06-27 08:19:44,701 [bf10b53c-012b-4fa1-b197-82d4c3bdb60c@group-4D63D0116D0D-LeaderElection60] INFO  impl.RoleInfo (RoleInfo.java:shutdownLeaderElection(134)) - bf10b53c-012b-4fa1-b197-82d4c3bdb60c: shutdown LeaderElection
2020-06-27 08:19:44,701 [bf10b53c-012b-4fa1-b197-82d4c3bdb60c@group-4D63D0116D0D-LeaderElection60] INFO  impl.RaftServerImpl (RaftServerImpl.java:setRole(175)) - bf10b53c-012b-4fa1-b197-82d4c3bdb60c@group-4D63D0116D0D: changes role from CANDIDATE to LEADER at term 1 for changeToLeader
2020-06-27 08:19:44,701 [bf10b53c-012b-4fa1-b197-82d4c3bdb60c@group-4D63D0116D0D-LeaderElection60] INFO  ratis.XceiverServerRatis (XceiverServerRatis.java:handleLeaderChangedNotification(762)) - Leader change notification received for group: group-4D63D0116D0D with new leaderId: bf10b53c-012b-4fa1-b197-82d4c3bdb60c
2020-06-27 08:19:44,702 [bf10b53c-012b-4fa1-b197-82d4c3bdb60c@group-4D63D0116D0D-LeaderElection60] INFO  impl.RaftServerImpl (ServerState.java:setLeader(255)) - bf10b53c-012b-4fa1-b197-82d4c3bdb60c@group-4D63D0116D0D: change Leader from null to bf10b53c-012b-4fa1-b197-82d4c3bdb60c at term 1 for becomeLeader, leader elected after 5040ms
2020-06-27 08:19:44,702 [bf10b53c-012b-4fa1-b197-82d4c3bdb60c@group-4D63D0116D0D-LeaderElection60] INFO  server.RaftServerConfigKeys (ConfUtils.java:logGet(44)) - raft.server.staging.catchup.gap = 1000 (default)
2020-06-27 08:19:44,702 [bf10b53c-012b-4fa1-b197-82d4c3bdb60c@group-4D63D0116D0D-LeaderElection60] INFO  server.RaftServerConfigKeys (ConfUtils.java:logGet(44)) - raft.server.rpc.sleep.time = 25ms (default)
2020-06-27 08:19:44,702 [bf10b53c-012b-4fa1-b197-82d4c3bdb60c@group-4D63D0116D0D-LeaderElection60] INFO  metrics.RatisMetrics (RatisMetrics.java:lambda$create$0(36)) - Creating Metrics Registry : ratis.log_appender.bf10b53c-012b-4fa1-b197-82d4c3bdb60c@group-4D63D0116D0D
2020-06-27 08:19:44,702 [bf10b53c-012b-4fa1-b197-82d4c3bdb60c@group-4D63D0116D0D-LeaderElection60] INFO  server.RaftServerConfigKeys (ConfUtils.java:logGet(44)) - raft.server.write.element-limit = 1024 (custom)
2020-06-27 08:19:44,707 [bf10b53c-012b-4fa1-b197-82d4c3bdb60c@group-4D63D0116D0D-LeaderElection60] INFO  server.RaftServerConfigKeys (ConfUtils.java:logGet(44)) - raft.server.write.byte-limit = 1073741824 (custom)
2020-06-27 08:19:44,707 [bf10b53c-012b-4fa1-b197-82d4c3bdb60c@group-4D63D0116D0D-LeaderElection60] INFO  server.RaftServerConfigKeys (ConfUtils.java:logGet(44)) - raft.server.watch.timeout = 3s (custom)
2020-06-27 08:19:44,707 [bf10b53c-012b-4fa1-b197-82d4c3bdb60c@group-4D63D0116D0D-LeaderElection60] INFO  server.RaftServerConfigKeys (ConfUtils.java:logGet(44)) - raft.server.watch.timeout.denomination = 1s (default)
2020-06-27 08:19:44,708 [bf10b53c-012b-4fa1-b197-82d4c3bdb60c@group-4D63D0116D0D-LeaderElection60] INFO  server.RaftServerConfigKeys (ConfUtils.java:logGet(44)) - raft.server.watch.element-limit = 65536 (default)
2020-06-27 08:19:44,708 [bf10b53c-012b-4fa1-b197-82d4c3bdb60c@group-4D63D0116D0D-LeaderElection60] INFO  impl.RoleInfo (RoleInfo.java:updateAndGet(143)) - bf10b53c-012b-4fa1-b197-82d4c3bdb60c: start LeaderState
2020-06-27 08:19:44,708 [bf10b53c-012b-4fa1-b197-82d4c3bdb60c@group-4D63D0116D0D-LeaderElection60] INFO  segmented.SegmentedRaftLogWorker (SegmentedRaftLogWorker.java:startLogSegment(397)) - bf10b53c-012b-4fa1-b197-82d4c3bdb60c@group-4D63D0116D0D-SegmentedRaftLogWorker: Starting segment from index:0
2020-06-27 08:19:44,709 [bf10b53c-012b-4fa1-b197-82d4c3bdb60c@group-4D63D0116D0D-SegmentedRaftLogWorker] INFO  segmented.SegmentedRaftLogWorker (SegmentedRaftLogWorker.java:execute(596)) - bf10b53c-012b-4fa1-b197-82d4c3bdb60c@group-4D63D0116D0D-SegmentedRaftLogWorker: created new log segment /github/workspace/mnt/ozone/hadoop-ozone/integration-test/target/test-dir/MiniOzoneClusterImpl-1d3054ed-691e-4733-a773-d2ff76104d42/datanode-3/data/ratis/65b1506e-eaca-41ac-b70c-4d63d0116d0d/current/log_inprogress_0
2020-06-27 08:19:44,717 [e3ff1c2c-6f58-4f63-bc65-22c0097003cb@group-7AAF34FA3258-LeaderElection57] INFO  impl.LeaderElection (LeaderElection.java:logAndReturn(61)) - e3ff1c2c-6f58-4f63-bc65-22c0097003cb@group-7AAF34FA3258-LeaderElection57: Election REJECTED; received 2 response(s) [e3ff1c2c-6f58-4f63-bc65-22c0097003cb<-56bfd1ae-fa2f-4839-ba3b-0401545d2b7a#0:FAIL-t1, e3ff1c2c-6f58-4f63-bc65-22c0097003cb<-1678e861-f681-42e2-b20b-e04f00d52311#0:FAIL-t1] and 0 exception(s); e3ff1c2c-6f58-4f63-bc65-22c0097003cb@group-7AAF34FA3258:t1, leader=null, voted=e3ff1c2c-6f58-4f63-bc65-22c0097003cb, raftlog=e3ff1c2c-6f58-4f63-bc65-22c0097003cb@group-7AAF34FA3258-SegmentedRaftLog:OPENED:c-1,f-1,i0, conf=-1: [1678e861-f681-42e2-b20b-e04f00d52311:172.17.0.2:44129, 56bfd1ae-fa2f-4839-ba3b-0401545d2b7a:172.17.0.2:37091, e3ff1c2c-6f58-4f63-bc65-22c0097003cb:172.17.0.2:44705], old=null
2020-06-27 08:19:44,722 [Thread-1726] INFO  impl.FollowerState (FollowerState.java:run(108)) - e3ff1c2c-6f58-4f63-bc65-22c0097003cb@group-2BBD8E13AD66-FollowerState: change to CANDIDATE, lastRpcTime:5101ms, electionTimeout:5095ms
2020-06-27 08:19:44,716 [bf10b53c-012b-4fa1-b197-82d4c3bdb60c@group-4D63D0116D0D-LeaderElection60] INFO  impl.RaftServerImpl (ServerState.java:setRaftConf(356)) - bf10b53c-012b-4fa1-b197-82d4c3bdb60c@group-4D63D0116D0D: set configuration 0: [bf10b53c-012b-4fa1-b197-82d4c3bdb60c:172.17.0.2:34043], old=null at 0
2020-06-27 08:19:44,722 [Thread-1726] INFO  impl.RoleInfo (RoleInfo.java:shutdownFollowerState(121)) - e3ff1c2c-6f58-4f63-bc65-22c0097003cb: shutdown FollowerState
2020-06-27 08:19:44,724 [Thread-1726] INFO  impl.RaftServerImpl (RaftServerImpl.java:setRole(175)) - e3ff1c2c-6f58-4f63-bc65-22c0097003cb@group-2BBD8E13AD66: changes role from  FOLLOWER to CANDIDATE at term 0 for changeToCandidate
2020-06-27 08:19:44,724 [Thread-1726] INFO  impl.RoleInfo (RoleInfo.java:updateAndGet(143)) - e3ff1c2c-6f58-4f63-bc65-22c0097003cb: start LeaderElection
2020-06-27 08:19:44,722 [e3ff1c2c-6f58-4f63-bc65-22c0097003cb@group-7AAF34FA3258-LeaderElection57] INFO  impl.RaftServerImpl (RaftServerImpl.java:setRole(175)) - e3ff1c2c-6f58-4f63-bc65-22c0097003cb@group-7AAF34FA3258: changes role from CANDIDATE to FOLLOWER at term 1 for DISCOVERED_A_NEW_TERM
2020-06-27 08:19:44,724 [e3ff1c2c-6f58-4f63-bc65-22c0097003cb@group-7AAF34FA3258-LeaderElection57] INFO  impl.RoleInfo (RoleInfo.java:shutdownLeaderElection(134)) - e3ff1c2c-6f58-4f63-bc65-22c0097003cb: shutdown LeaderElection
2020-06-27 08:19:44,726 [grpc-default-executor-6] DEBUG impl.RaftServerImpl (RaftServerImpl.java:requestVote(821)) - e3ff1c2c-6f58-4f63-bc65-22c0097003cb@group-7AAF34FA3258: receive requestVote(56bfd1ae-fa2f-4839-ba3b-0401545d2b7a, group-7AAF34FA3258, 1, (t:0, i:0))
2020-06-27 08:19:44,727 [e3ff1c2c-6f58-4f63-bc65-22c0097003cb@group-7AAF34FA3258-LeaderElection57] INFO  impl.RoleInfo (RoleInfo.java:updateAndGet(143)) - e3ff1c2c-6f58-4f63-bc65-22c0097003cb: start FollowerState
2020-06-27 08:19:44,728 [grpc-default-executor-6] DEBUG impl.RaftServerImpl (RaftServerImpl.java:requestVote(853)) - e3ff1c2c-6f58-4f63-bc65-22c0097003cb@group-7AAF34FA3258 replies to vote request: 56bfd1ae-fa2f-4839-ba3b-0401545d2b7a<-e3ff1c2c-6f58-4f63-bc65-22c0097003cb#0:FAIL-t1. Peer's state: e3ff1c2c-6f58-4f63-bc65-22c0097003cb@group-7AAF34FA3258:t1, leader=null, voted=e3ff1c2c-6f58-4f63-bc65-22c0097003cb, raftlog=e3ff1c2c-6f58-4f63-bc65-22c0097003cb@group-7AAF34FA3258-SegmentedRaftLog:OPENED:c-1,f-1,i0, conf=-1: [1678e861-f681-42e2-b20b-e04f00d52311:172.17.0.2:44129, 56bfd1ae-fa2f-4839-ba3b-0401545d2b7a:172.17.0.2:37091, e3ff1c2c-6f58-4f63-bc65-22c0097003cb:172.17.0.2:44705], old=null
2020-06-27 08:19:44,728 [grpc-default-executor-7] DEBUG impl.RaftServerImpl (RaftServerImpl.java:requestVote(821)) - 1678e861-f681-42e2-b20b-e04f00d52311@group-7AAF34FA3258: receive requestVote(56bfd1ae-fa2f-4839-ba3b-0401545d2b7a, group-7AAF34FA3258, 1, (t:0, i:0))
2020-06-27 08:19:44,728 [grpc-default-executor-7] DEBUG impl.RaftServerImpl (RaftServerImpl.java:requestVote(853)) - 1678e861-f681-42e2-b20b-e04f00d52311@group-7AAF34FA3258 replies to vote request: 56bfd1ae-fa2f-4839-ba3b-0401545d2b7a<-1678e861-f681-42e2-b20b-e04f00d52311#0:FAIL-t2. Peer's state: 1678e861-f681-42e2-b20b-e04f00d52311@group-7AAF34FA3258:t2, leader=null, voted=1678e861-f681-42e2-b20b-e04f00d52311, raftlog=1678e861-f681-42e2-b20b-e04f00d52311@group-7AAF34FA3258-SegmentedRaftLog:OPENED:c-1,f-1,i0, conf=-1: [1678e861-f681-42e2-b20b-e04f00d52311:172.17.0.2:44129, 56bfd1ae-fa2f-4839-ba3b-0401545d2b7a:172.17.0.2:37091, e3ff1c2c-6f58-4f63-bc65-22c0097003cb:172.17.0.2:44705], old=null
2020-06-27 08:19:44,728 [grpc-default-executor-5] DEBUG impl.RaftServerImpl (RaftServerImpl.java:requestVote(821)) - 56bfd1ae-fa2f-4839-ba3b-0401545d2b7a@group-7AAF34FA3258: receive requestVote(1678e861-f681-42e2-b20b-e04f00d52311, group-7AAF34FA3258, 2, (t:0, i:0))
2020-06-27 08:19:44,729 [grpc-default-executor-5] INFO  impl.RaftServerImpl (RaftServerImpl.java:setRole(175)) - 56bfd1ae-fa2f-4839-ba3b-0401545d2b7a@group-7AAF34FA3258: changes role from CANDIDATE to FOLLOWER at term 2 for recognizeCandidate:1678e861-f681-42e2-b20b-e04f00d52311
2020-06-27 08:19:44,729 [grpc-default-executor-5] INFO  impl.RoleInfo (RoleInfo.java:shutdownLeaderElection(134)) - 56bfd1ae-fa2f-4839-ba3b-0401545d2b7a: shutdown LeaderElection
2020-06-27 08:19:44,729 [grpc-default-executor-5] INFO  impl.RoleInfo (RoleInfo.java:updateAndGet(143)) - 56bfd1ae-fa2f-4839-ba3b-0401545d2b7a: start FollowerState
2020-06-27 08:19:44,730 [grpc-default-executor-4] DEBUG impl.RaftServerImpl (RaftServerImpl.java:requestVote(821)) - e3ff1c2c-6f58-4f63-bc65-22c0097003cb@group-7AAF34FA3258: receive requestVote(1678e861-f681-42e2-b20b-e04f00d52311, group-7AAF34FA3258, 2, (t:0, i:0))
2020-06-27 08:19:44,731 [grpc-default-executor-4] INFO  impl.RaftServerImpl (RaftServerImpl.java:setRole(175)) - e3ff1c2c-6f58-4f63-bc65-22c0097003cb@group-7AAF34FA3258: changes role from  FOLLOWER to FOLLOWER at term 2 for recognizeCandidate:1678e861-f681-42e2-b20b-e04f00d52311
2020-06-27 08:19:44,731 [grpc-default-executor-5] DEBUG impl.RaftServerImpl (RaftServerImpl.java:requestVote(853)) - 56bfd1ae-fa2f-4839-ba3b-0401545d2b7a@group-7AAF34FA3258 replies to vote request: 1678e861-f681-42e2-b20b-e04f00d52311<-56bfd1ae-fa2f-4839-ba3b-0401545d2b7a#0:FAIL-t2. Peer's state: 56bfd1ae-fa2f-4839-ba3b-0401545d2b7a@group-7AAF34FA3258:t2, leader=null, voted=null, raftlog=56bfd1ae-fa2f-4839-ba3b-0401545d2b7a@group-7AAF34FA3258-SegmentedRaftLog:OPENED:c-1,f-1,i0, conf=-1: [1678e861-f681-42e2-b20b-e04f00d52311:172.17.0.2:44129, 56bfd1ae-fa2f-4839-ba3b-0401545d2b7a:172.17.0.2:37091, e3ff1c2c-6f58-4f63-bc65-22c0097003cb:172.17.0.2:44705], old=null
2020-06-27 08:19:44,731 [grpc-default-executor-4] INFO  impl.RoleInfo (RoleInfo.java:shutdownFollowerState(121)) - e3ff1c2c-6f58-4f63-bc65-22c0097003cb: shutdown FollowerState
2020-06-27 08:19:44,731 [grpc-default-executor-4] INFO  impl.RoleInfo (RoleInfo.java:updateAndGet(143)) - e3ff1c2c-6f58-4f63-bc65-22c0097003cb: start FollowerState
2020-06-27 08:19:44,731 [Thread-1771] INFO  impl.FollowerState (FollowerState.java:run(117)) - e3ff1c2c-6f58-4f63-bc65-22c0097003cb@group-7AAF34FA3258-FollowerState was interrupted: java.lang.InterruptedException: sleep interrupted
2020-06-27 08:19:44,733 [grpc-default-executor-4] DEBUG impl.RaftServerImpl (RaftServerImpl.java:requestVote(853)) - e3ff1c2c-6f58-4f63-bc65-22c0097003cb@group-7AAF34FA3258 replies to vote request: 1678e861-f681-42e2-b20b-e04f00d52311<-e3ff1c2c-6f58-4f63-bc65-22c0097003cb#0:OK-t2. Peer's state: e3ff1c2c-6f58-4f63-bc65-22c0097003cb@group-7AAF34FA3258:t2, leader=null, voted=1678e861-f681-42e2-b20b-e04f00d52311, raftlog=e3ff1c2c-6f58-4f63-bc65-22c0097003cb@group-7AAF34FA3258-SegmentedRaftLog:OPENED:c-1,f-1,i0, conf=-1: [1678e861-f681-42e2-b20b-e04f00d52311:172.17.0.2:44129, 56bfd1ae-fa2f-4839-ba3b-0401545d2b7a:172.17.0.2:37091, e3ff1c2c-6f58-4f63-bc65-22c0097003cb:172.17.0.2:44705], old=null
2020-06-27 08:19:44,741 [56bfd1ae-fa2f-4839-ba3b-0401545d2b7a@group-7AAF34FA3258-LeaderElection58] INFO  impl.LeaderElection (LeaderElection.java:logAndReturn(61)) - 56bfd1ae-fa2f-4839-ba3b-0401545d2b7a@group-7AAF34FA3258-LeaderElection58: Election DISCOVERED_A_NEW_TERM; received 1 response(s) [56bfd1ae-fa2f-4839-ba3b-0401545d2b7a<-1678e861-f681-42e2-b20b-e04f00d52311#0:FAIL-t2] and 0 exception(s); 56bfd1ae-fa2f-4839-ba3b-0401545d2b7a@group-7AAF34FA3258:t2, leader=null, voted=null, raftlog=56bfd1ae-fa2f-4839-ba3b-0401545d2b7a@group-7AAF34FA3258-SegmentedRaftLog:OPENED:c-1,f-1,i0, conf=-1: [1678e861-f681-42e2-b20b-e04f00d52311:172.17.0.2:44129, 56bfd1ae-fa2f-4839-ba3b-0401545d2b7a:172.17.0.2:37091, e3ff1c2c-6f58-4f63-bc65-22c0097003cb:172.17.0.2:44705], old=null
2020-06-27 08:19:44,742 [e3ff1c2c-6f58-4f63-bc65-22c0097003cb@group-2BBD8E13AD66-LeaderElection61] INFO  impl.LeaderElection (LeaderElection.java:askForVotes(206)) - e3ff1c2c-6f58-4f63-bc65-22c0097003cb@group-2BBD8E13AD66-LeaderElection61: begin an election at term 1 for -1: [e3ff1c2c-6f58-4f63-bc65-22c0097003cb:172.17.0.2:44705], old=null
2020-06-27 08:19:44,743 [e3ff1c2c-6f58-4f63-bc65-22c0097003cb@group-2BBD8E13AD66-LeaderElection61] INFO  impl.RoleInfo (RoleInfo.java:shutdownLeaderElection(134)) - e3ff1c2c-6f58-4f63-bc65-22c0097003cb: shutdown LeaderElection
2020-06-27 08:19:44,743 [e3ff1c2c-6f58-4f63-bc65-22c0097003cb@group-2BBD8E13AD66-LeaderElection61] INFO  impl.RaftServerImpl (RaftServerImpl.java:setRole(175)) - e3ff1c2c-6f58-4f63-bc65-22c0097003cb@group-2BBD8E13AD66: changes role from CANDIDATE to LEADER at term 1 for changeToLeader
2020-06-27 08:19:44,743 [e3ff1c2c-6f58-4f63-bc65-22c0097003cb@group-2BBD8E13AD66-LeaderElection61] INFO  ratis.XceiverServerRatis (XceiverServerRatis.java:handleLeaderChangedNotification(762)) - Leader change notification received for group: group-2BBD8E13AD66 with new leaderId: e3ff1c2c-6f58-4f63-bc65-22c0097003cb
2020-06-27 08:19:44,743 [e3ff1c2c-6f58-4f63-bc65-22c0097003cb@group-2BBD8E13AD66-LeaderElection61] INFO  impl.RaftServerImpl (ServerState.java:setLeader(255)) - e3ff1c2c-6f58-4f63-bc65-22c0097003cb@group-2BBD8E13AD66: change Leader from null to e3ff1c2c-6f58-4f63-bc65-22c0097003cb at term 1 for becomeLeader, leader elected after 5138ms
2020-06-27 08:19:44,743 [e3ff1c2c-6f58-4f63-bc65-22c0097003cb@group-2BBD8E13AD66-LeaderElection61] INFO  server.RaftServerConfigKeys (ConfUtils.java:logGet(44)) - raft.server.staging.catchup.gap = 1000 (default)
2020-06-27 08:19:44,744 [e3ff1c2c-6f58-4f63-bc65-22c0097003cb@group-2BBD8E13AD66-LeaderElection61] INFO  server.RaftServerConfigKeys (ConfUtils.java:logGet(44)) - raft.server.rpc.sleep.time = 25ms (default)
2020-06-27 08:19:44,744 [e3ff1c2c-6f58-4f63-bc65-22c0097003cb@group-2BBD8E13AD66-LeaderElection61] INFO  metrics.RatisMetrics (RatisMetrics.java:lambda$create$0(36)) - Creating Metrics Registry : ratis.log_appender.e3ff1c2c-6f58-4f63-bc65-22c0097003cb@group-2BBD8E13AD66
2020-06-27 08:19:44,744 [e3ff1c2c-6f58-4f63-bc65-22c0097003cb@group-2BBD8E13AD66-LeaderElection61] INFO  server.RaftServerConfigKeys (ConfUtils.java:logGet(44)) - raft.server.write.element-limit = 1024 (custom)
2020-06-27 08:19:44,744 [e3ff1c2c-6f58-4f63-bc65-22c0097003cb@group-2BBD8E13AD66-LeaderElection61] INFO  server.RaftServerConfigKeys (ConfUtils.java:logGet(44)) - raft.server.write.byte-limit = 1073741824 (custom)
2020-06-27 08:19:44,745 [e3ff1c2c-6f58-4f63-bc65-22c0097003cb@group-2BBD8E13AD66-LeaderElection61] INFO  server.RaftServerConfigKeys (ConfUtils.java:logGet(44)) - raft.server.watch.timeout = 3s (custom)
2020-06-27 08:19:44,745 [e3ff1c2c-6f58-4f63-bc65-22c0097003cb@group-2BBD8E13AD66-LeaderElection61] INFO  server.RaftServerConfigKeys (ConfUtils.java:logGet(44)) - raft.server.watch.timeout.denomination = 1s (default)
2020-06-27 08:19:44,745 [e3ff1c2c-6f58-4f63-bc65-22c0097003cb@group-2BBD8E13AD66-LeaderElection61] INFO  server.RaftServerConfigKeys (ConfUtils.java:logGet(44)) - raft.server.watch.element-limit = 65536 (default)
2020-06-27 08:19:44,745 [e3ff1c2c-6f58-4f63-bc65-22c0097003cb@group-2BBD8E13AD66-LeaderElection61] INFO  impl.RoleInfo (RoleInfo.java:updateAndGet(143)) - e3ff1c2c-6f58-4f63-bc65-22c0097003cb: start LeaderState
2020-06-27 08:19:44,745 [e3ff1c2c-6f58-4f63-bc65-22c0097003cb@group-2BBD8E13AD66-LeaderElection61] INFO  segmented.SegmentedRaftLogWorker (SegmentedRaftLogWorker.java:startLogSegment(397)) - e3ff1c2c-6f58-4f63-bc65-22c0097003cb@group-2BBD8E13AD66-SegmentedRaftLogWorker: Starting segment from index:0
2020-06-27 08:19:44,746 [e3ff1c2c-6f58-4f63-bc65-22c0097003cb@group-2BBD8E13AD66-LeaderElection61] INFO  impl.RaftServerImpl (ServerState.java:setRaftConf(356)) - e3ff1c2c-6f58-4f63-bc65-22c0097003cb@group-2BBD8E13AD66: set configuration 0: [e3ff1c2c-6f58-4f63-bc65-22c0097003cb:172.17.0.2:44705], old=null at 0
2020-06-27 08:19:44,746 [e3ff1c2c-6f58-4f63-bc65-22c0097003cb@group-2BBD8E13AD66-SegmentedRaftLogWorker] INFO  segmented.SegmentedRaftLogWorker (SegmentedRaftLogWorker.java:execute(596)) - e3ff1c2c-6f58-4f63-bc65-22c0097003cb@group-2BBD8E13AD66-SegmentedRaftLogWorker: created new log segment /github/workspace/mnt/ozone/hadoop-ozone/integration-test/target/test-dir/MiniOzoneClusterImpl-1d3054ed-691e-4733-a773-d2ff76104d42/datanode-2/data/ratis/7de8c4e6-29bd-4d64-99c3-2bbd8e13ad66/current/log_inprogress_0
2020-06-27 08:19:44,750 [Thread-1720] INFO  impl.FollowerState (FollowerState.java:run(108)) - 56bfd1ae-fa2f-4839-ba3b-0401545d2b7a@group-9529E82E8AF8-FollowerState: change to CANDIDATE, lastRpcTime:5175ms, electionTimeout:5164ms
2020-06-27 08:19:44,751 [Thread-1720] INFO  impl.RoleInfo (RoleInfo.java:shutdownFollowerState(121)) - 56bfd1ae-fa2f-4839-ba3b-0401545d2b7a: shutdown FollowerState
2020-06-27 08:19:44,751 [Thread-1720] INFO  impl.RaftServerImpl (RaftServerImpl.java:setRole(175)) - 56bfd1ae-fa2f-4839-ba3b-0401545d2b7a@group-9529E82E8AF8: changes role from  FOLLOWER to CANDIDATE at term 0 for changeToCandidate
2020-06-27 08:19:44,751 [Thread-1720] INFO  impl.RoleInfo (RoleInfo.java:updateAndGet(143)) - 56bfd1ae-fa2f-4839-ba3b-0401545d2b7a: start LeaderElection
2020-06-27 08:19:44,753 [56bfd1ae-fa2f-4839-ba3b-0401545d2b7a@group-9529E82E8AF8-LeaderElection62] INFO  impl.LeaderElection (LeaderElection.java:askForVotes(206)) - 56bfd1ae-fa2f-4839-ba3b-0401545d2b7a@group-9529E82E8AF8-LeaderElection62: begin an election at term 1 for -1: [56bfd1ae-fa2f-4839-ba3b-0401545d2b7a:172.17.0.2:37091], old=null
2020-06-27 08:19:44,753 [56bfd1ae-fa2f-4839-ba3b-0401545d2b7a@group-9529E82E8AF8-LeaderElection62] INFO  impl.RoleInfo (RoleInfo.java:shutdownLeaderElection(134)) - 56bfd1ae-fa2f-4839-ba3b-0401545d2b7a: shutdown LeaderElection
2020-06-27 08:19:44,753 [56bfd1ae-fa2f-4839-ba3b-0401545d2b7a@group-9529E82E8AF8-LeaderElection62] INFO  impl.RaftServerImpl (RaftServerImpl.java:setRole(175)) - 56bfd1ae-fa2f-4839-ba3b-0401545d2b7a@group-9529E82E8AF8: changes role from CANDIDATE to LEADER at term 1 for changeToLeader
2020-06-27 08:19:44,753 [56bfd1ae-fa2f-4839-ba3b-0401545d2b7a@group-9529E82E8AF8-LeaderElection62] INFO  ratis.XceiverServerRatis (XceiverServerRatis.java:handleLeaderChangedNotification(762)) - Leader change notification received for group: group-9529E82E8AF8 with new leaderId: 56bfd1ae-fa2f-4839-ba3b-0401545d2b7a
2020-06-27 08:19:44,753 [56bfd1ae-fa2f-4839-ba3b-0401545d2b7a@group-9529E82E8AF8-LeaderElection62] INFO  impl.RaftServerImpl (ServerState.java:setLeader(255)) - 56bfd1ae-fa2f-4839-ba3b-0401545d2b7a@group-9529E82E8AF8: change Leader from null to 56bfd1ae-fa2f-4839-ba3b-0401545d2b7a at term 1 for becomeLeader, leader elected after 5188ms
2020-06-27 08:19:44,753 [56bfd1ae-fa2f-4839-ba3b-0401545d2b7a@group-9529E82E8AF8-LeaderElection62] INFO  server.RaftServerConfigKeys (ConfUtils.java:logGet(44)) - raft.server.staging.catchup.gap = 1000 (default)
2020-06-27 08:19:44,754 [56bfd1ae-fa2f-4839-ba3b-0401545d2b7a@group-9529E82E8AF8-LeaderElection62] INFO  server.RaftServerConfigKeys (ConfUtils.java:logGet(44)) - raft.server.rpc.sleep.time = 25ms (default)
2020-06-27 08:19:44,754 [56bfd1ae-fa2f-4839-ba3b-0401545d2b7a@group-9529E82E8AF8-LeaderElection62] INFO  metrics.RatisMetrics (RatisMetrics.java:lambda$create$0(36)) - Creating Metrics Registry : ratis.log_appender.56bfd1ae-fa2f-4839-ba3b-0401545d2b7a@group-9529E82E8AF8
2020-06-27 08:19:44,754 [56bfd1ae-fa2f-4839-ba3b-0401545d2b7a@group-9529E82E8AF8-LeaderElection62] INFO  server.RaftServerConfigKeys (ConfUtils.java:logGet(44)) - raft.server.write.element-limit = 1024 (custom)
2020-06-27 08:19:44,754 [56bfd1ae-fa2f-4839-ba3b-0401545d2b7a@group-9529E82E8AF8-LeaderElection62] INFO  server.RaftServerConfigKeys (ConfUtils.java:logGet(44)) - raft.server.write.byte-limit = 1073741824 (custom)
2020-06-27 08:19:44,755 [56bfd1ae-fa2f-4839-ba3b-0401545d2b7a@group-9529E82E8AF8-LeaderElection62] INFO  server.RaftServerConfigKeys (ConfUtils.java:logGet(44)) - raft.server.watch.timeout = 3s (custom)
2020-06-27 08:19:44,755 [56bfd1ae-fa2f-4839-ba3b-0401545d2b7a@group-9529E82E8AF8-LeaderElection62] INFO  server.RaftServerConfigKeys (ConfUtils.java:logGet(44)) - raft.server.watch.timeout.denomination = 1s (default)
2020-06-27 08:19:44,755 [56bfd1ae-fa2f-4839-ba3b-0401545d2b7a@group-9529E82E8AF8-LeaderElection62] INFO  server.RaftServerConfigKeys (ConfUtils.java:logGet(44)) - raft.server.watch.element-limit = 65536 (default)
2020-06-27 08:19:44,755 [56bfd1ae-fa2f-4839-ba3b-0401545d2b7a@group-9529E82E8AF8-LeaderElection62] INFO  impl.RoleInfo (RoleInfo.java:updateAndGet(143)) - 56bfd1ae-fa2f-4839-ba3b-0401545d2b7a: start LeaderState
2020-06-27 08:19:44,755 [56bfd1ae-fa2f-4839-ba3b-0401545d2b7a@group-9529E82E8AF8-LeaderElection62] INFO  segmented.SegmentedRaftLogWorker (SegmentedRaftLogWorker.java:startLogSegment(397)) - 56bfd1ae-fa2f-4839-ba3b-0401545d2b7a@group-9529E82E8AF8-SegmentedRaftLogWorker: Starting segment from index:0
2020-06-27 08:19:44,756 [56bfd1ae-fa2f-4839-ba3b-0401545d2b7a@group-9529E82E8AF8-LeaderElection62] INFO  impl.RaftServerImpl (ServerState.java:setRaftConf(356)) - 56bfd1ae-fa2f-4839-ba3b-0401545d2b7a@group-9529E82E8AF8: set configuration 0: [56bfd1ae-fa2f-4839-ba3b-0401545d2b7a:172.17.0.2:37091], old=null at 0
2020-06-27 08:19:44,756 [56bfd1ae-fa2f-4839-ba3b-0401545d2b7a@group-9529E82E8AF8-SegmentedRaftLogWorker] INFO  segmented.SegmentedRaftLogWorker (SegmentedRaftLogWorker.java:execute(596)) - 56bfd1ae-fa2f-4839-ba3b-0401545d2b7a@group-9529E82E8AF8-SegmentedRaftLogWorker: created new log segment /github/workspace/mnt/ozone/hadoop-ozone/integration-test/target/test-dir/MiniOzoneClusterImpl-1d3054ed-691e-4733-a773-d2ff76104d42/datanode-1/data/ratis/7ebfc387-0101-4f31-ac68-9529e82e8af8/current/log_inprogress_0
2020-06-27 08:19:44,775 [Thread-1734] INFO  impl.FollowerState (FollowerState.java:run(108)) - 1cf265a5-6a03-47fd-ad13-ec32897c6af9@group-E9D3221C1EB6-FollowerState: change to CANDIDATE, lastRpcTime:5055ms, electionTimeout:5055ms
2020-06-27 08:19:44,775 [Thread-1734] INFO  impl.RoleInfo (RoleInfo.java:shutdownFollowerState(121)) - 1cf265a5-6a03-47fd-ad13-ec32897c6af9: shutdown FollowerState
2020-06-27 08:19:44,775 [Thread-1734] INFO  impl.RaftServerImpl (RaftServerImpl.java:setRole(175)) - 1cf265a5-6a03-47fd-ad13-ec32897c6af9@group-E9D3221C1EB6: changes role from  FOLLOWER to CANDIDATE at term 0 for changeToCandidate
2020-06-27 08:19:44,775 [Thread-1734] INFO  impl.RoleInfo (RoleInfo.java:updateAndGet(143)) - 1cf265a5-6a03-47fd-ad13-ec32897c6af9: start LeaderElection
2020-06-27 08:19:44,778 [1cf265a5-6a03-47fd-ad13-ec32897c6af9@group-E9D3221C1EB6-LeaderElection63] INFO  impl.LeaderElection (LeaderElection.java:askForVotes(206)) - 1cf265a5-6a03-47fd-ad13-ec32897c6af9@group-E9D3221C1EB6-LeaderElection63: begin an election at term 1 for -1: [bf10b53c-012b-4fa1-b197-82d4c3bdb60c:172.17.0.2:34043, 1cf265a5-6a03-47fd-ad13-ec32897c6af9:172.17.0.2:37877, dbedbf7e-64a3-44c7-b6dd-b08f95c937b2:172.17.0.2:45687], old=null
2020-06-27 08:19:44,788 [grpc-default-executor-6] DEBUG impl.RaftServerImpl (RaftServerImpl.java:requestVote(821)) - dbedbf7e-64a3-44c7-b6dd-b08f95c937b2@group-E9D3221C1EB6: receive requestVote(1cf265a5-6a03-47fd-ad13-ec32897c6af9, group-E9D3221C1EB6, 1, (t:0, i:0))
2020-06-27 08:19:44,788 [grpc-default-executor-4] DEBUG impl.RaftServerImpl (RaftServerImpl.java:requestVote(821)) - bf10b53c-012b-4fa1-b197-82d4c3bdb60c@group-E9D3221C1EB6: receive requestVote(1cf265a5-6a03-47fd-ad13-ec32897c6af9, group-E9D3221C1EB6, 1, (t:0, i:0))
2020-06-27 08:19:44,789 [grpc-default-executor-6] INFO  impl.RaftServerImpl (RaftServerImpl.java:setRole(175)) - dbedbf7e-64a3-44c7-b6dd-b08f95c937b2@group-E9D3221C1EB6: changes role from  FOLLOWER to FOLLOWER at term 1 for recognizeCandidate:1cf265a5-6a03-47fd-ad13-ec32897c6af9
2020-06-27 08:19:44,789 [grpc-default-executor-4] INFO  impl.RaftServerImpl (RaftServerImpl.java:setRole(175)) - bf10b53c-012b-4fa1-b197-82d4c3bdb60c@group-E9D3221C1EB6: changes role from  FOLLOWER to FOLLOWER at term 1 for recognizeCandidate:1cf265a5-6a03-47fd-ad13-ec32897c6af9
2020-06-27 08:19:44,789 [grpc-default-executor-4] INFO  impl.RoleInfo (RoleInfo.java:shutdownFollowerState(121)) - bf10b53c-012b-4fa1-b197-82d4c3bdb60c: shutdown FollowerState
2020-06-27 08:19:44,789 [grpc-default-executor-4] INFO  impl.RoleInfo (RoleInfo.java:updateAndGet(143)) - bf10b53c-012b-4fa1-b197-82d4c3bdb60c: start FollowerState
2020-06-27 08:19:44,789 [grpc-default-executor-6] INFO  impl.RoleInfo (RoleInfo.java:shutdownFollowerState(121)) - dbedbf7e-64a3-44c7-b6dd-b08f95c937b2: shutdown FollowerState
2020-06-27 08:19:44,789 [Thread-1731] INFO  impl.FollowerState (FollowerState.java:run(117)) - bf10b53c-012b-4fa1-b197-82d4c3bdb60c@group-E9D3221C1EB6-FollowerState was interrupted: java.lang.InterruptedException: sleep interrupted
2020-06-27 08:19:44,790 [grpc-default-executor-6] INFO  impl.RoleInfo (RoleInfo.java:updateAndGet(143)) - dbedbf7e-64a3-44c7-b6dd-b08f95c937b2: start FollowerState
2020-06-27 08:19:44,790 [Thread-1738] INFO  impl.FollowerState (FollowerState.java:run(117)) - dbedbf7e-64a3-44c7-b6dd-b08f95c937b2@group-E9D3221C1EB6-FollowerState was interrupted: java.lang.InterruptedException: sleep interrupted
2020-06-27 08:19:44,790 [grpc-default-executor-4] DEBUG impl.RaftServerImpl (RaftServerImpl.java:requestVote(853)) - bf10b53c-012b-4fa1-b197-82d4c3bdb60c@group-E9D3221C1EB6 replies to vote request: 1cf265a5-6a03-47fd-ad13-ec32897c6af9<-bf10b53c-012b-4fa1-b197-82d4c3bdb60c#0:OK-t1. Peer's state: bf10b53c-012b-4fa1-b197-82d4c3bdb60c@group-E9D3221C1EB6:t1, leader=null, voted=1cf265a5-6a03-47fd-ad13-ec32897c6af9, raftlog=bf10b53c-012b-4fa1-b197-82d4c3bdb60c@group-E9D3221C1EB6-SegmentedRaftLog:OPENED:c-1,f-1,i0, conf=-1: [bf10b53c-012b-4fa1-b197-82d4c3bdb60c:172.17.0.2:34043, 1cf265a5-6a03-47fd-ad13-ec32897c6af9:172.17.0.2:37877, dbedbf7e-64a3-44c7-b6dd-b08f95c937b2:172.17.0.2:45687], old=null
2020-06-27 08:19:44,793 [grpc-default-executor-6] DEBUG impl.RaftServerImpl (RaftServerImpl.java:requestVote(853)) - dbedbf7e-64a3-44c7-b6dd-b08f95c937b2@group-E9D3221C1EB6 replies to vote request: 1cf265a5-6a03-47fd-ad13-ec32897c6af9<-dbedbf7e-64a3-44c7-b6dd-b08f95c937b2#0:OK-t1. Peer's state: dbedbf7e-64a3-44c7-b6dd-b08f95c937b2@group-E9D3221C1EB6:t1, leader=null, voted=1cf265a5-6a03-47fd-ad13-ec32897c6af9, raftlog=dbedbf7e-64a3-44c7-b6dd-b08f95c937b2@group-E9D3221C1EB6-SegmentedRaftLog:OPENED:c-1,f-1,i0, conf=-1: [bf10b53c-012b-4fa1-b197-82d4c3bdb60c:172.17.0.2:34043, 1cf265a5-6a03-47fd-ad13-ec32897c6af9:172.17.0.2:37877, dbedbf7e-64a3-44c7-b6dd-b08f95c937b2:172.17.0.2:45687], old=null
2020-06-27 08:19:44,794 [1cf265a5-6a03-47fd-ad13-ec32897c6af9@group-E9D3221C1EB6-LeaderElection63] INFO  impl.LeaderElection (LeaderElection.java:logAndReturn(61)) - 1cf265a5-6a03-47fd-ad13-ec32897c6af9@group-E9D3221C1EB6-LeaderElection63: Election PASSED; received 1 response(s) [1cf265a5-6a03-47fd-ad13-ec32897c6af9<-bf10b53c-012b-4fa1-b197-82d4c3bdb60c#0:OK-t1] and 0 exception(s); 1cf265a5-6a03-47fd-ad13-ec32897c6af9@group-E9D3221C1EB6:t1, leader=null, voted=1cf265a5-6a03-47fd-ad13-ec32897c6af9, raftlog=1cf265a5-6a03-47fd-ad13-ec32897c6af9@group-E9D3221C1EB6-SegmentedRaftLog:OPENED:c-1,f-1,i0, conf=-1: [bf10b53c-012b-4fa1-b197-82d4c3bdb60c:172.17.0.2:34043, 1cf265a5-6a03-47fd-ad13-ec32897c6af9:172.17.0.2:37877, dbedbf7e-64a3-44c7-b6dd-b08f95c937b2:172.17.0.2:45687], old=null
2020-06-27 08:19:44,795 [1cf265a5-6a03-47fd-ad13-ec32897c6af9@group-E9D3221C1EB6-LeaderElection63] INFO  impl.RoleInfo (RoleInfo.java:shutdownLeaderElection(134)) - 1cf265a5-6a03-47fd-ad13-ec32897c6af9: shutdown LeaderElection
2020-06-27 08:19:44,795 [1cf265a5-6a03-47fd-ad13-ec32897c6af9@group-E9D3221C1EB6-LeaderElection63] INFO  impl.RaftServerImpl (RaftServerImpl.java:setRole(175)) - 1cf265a5-6a03-47fd-ad13-ec32897c6af9@group-E9D3221C1EB6: changes role from CANDIDATE to LEADER at term 1 for changeToLeader
2020-06-27 08:19:44,795 [1cf265a5-6a03-47fd-ad13-ec32897c6af9@group-E9D3221C1EB6-LeaderElection63] INFO  ratis.XceiverServerRatis (XceiverServerRatis.java:handleLeaderChangedNotification(762)) - Leader change notification received for group: group-E9D3221C1EB6 with new leaderId: 1cf265a5-6a03-47fd-ad13-ec32897c6af9
2020-06-27 08:19:44,795 [1cf265a5-6a03-47fd-ad13-ec32897c6af9@group-E9D3221C1EB6-LeaderElection63] INFO  impl.RaftServerImpl (ServerState.java:setLeader(255)) - 1cf265a5-6a03-47fd-ad13-ec32897c6af9@group-E9D3221C1EB6: change Leader from null to 1cf265a5-6a03-47fd-ad13-ec32897c6af9 at term 1 for becomeLeader, leader elected after 5096ms
2020-06-27 08:19:44,795 [1cf265a5-6a03-47fd-ad13-ec32897c6af9@group-E9D3221C1EB6-LeaderElection63] INFO  server.RaftServerConfigKeys (ConfUtils.java:logGet(44)) - raft.server.staging.catchup.gap = 1000 (default)
2020-06-27 08:19:44,795 [1cf265a5-6a03-47fd-ad13-ec32897c6af9@group-E9D3221C1EB6-LeaderElection63] INFO  server.RaftServerConfigKeys (ConfUtils.java:logGet(44)) - raft.server.rpc.sleep.time = 25ms (default)
2020-06-27 08:19:44,795 [1cf265a5-6a03-47fd-ad13-ec32897c6af9@group-E9D3221C1EB6-LeaderElection63] INFO  metrics.RatisMetrics (RatisMetrics.java:lambda$create$0(36)) - Creating Metrics Registry : ratis.log_appender.1cf265a5-6a03-47fd-ad13-ec32897c6af9@group-E9D3221C1EB6
2020-06-27 08:19:44,795 [1cf265a5-6a03-47fd-ad13-ec32897c6af9@group-E9D3221C1EB6-LeaderElection63] INFO  server.RaftServerConfigKeys (ConfUtils.java:logGet(44)) - raft.server.write.element-limit = 1024 (custom)
2020-06-27 08:19:44,795 [1cf265a5-6a03-47fd-ad13-ec32897c6af9@group-E9D3221C1EB6-LeaderElection63] INFO  server.RaftServerConfigKeys (ConfUtils.java:logGet(44)) - raft.server.write.byte-limit = 1073741824 (custom)
2020-06-27 08:19:44,796 [1cf265a5-6a03-47fd-ad13-ec32897c6af9@group-E9D3221C1EB6-LeaderElection63] INFO  server.RaftServerConfigKeys (ConfUtils.java:logGet(44)) - raft.server.watch.timeout = 3s (custom)
2020-06-27 08:19:44,796 [1cf265a5-6a03-47fd-ad13-ec32897c6af9@group-E9D3221C1EB6-LeaderElection63] INFO  server.RaftServerConfigKeys (ConfUtils.java:logGet(44)) - raft.server.watch.timeout.denomination = 1s (default)
2020-06-27 08:19:44,796 [1cf265a5-6a03-47fd-ad13-ec32897c6af9@group-E9D3221C1EB6-LeaderElection63] INFO  server.RaftServerConfigKeys (ConfUtils.java:logGet(44)) - raft.server.watch.element-limit = 65536 (default)
2020-06-27 08:19:44,796 [1cf265a5-6a03-47fd-ad13-ec32897c6af9@group-E9D3221C1EB6-LeaderElection63] INFO  server.RaftServerConfigKeys (ConfUtils.java:logGet(44)) - raft.server.log.appender.snapshot.chunk.size.max = 16MB (=16777216) (default)
2020-06-27 08:19:44,796 [1cf265a5-6a03-47fd-ad13-ec32897c6af9@group-E9D3221C1EB6-LeaderElection63] INFO  server.RaftServerConfigKeys (ConfUtils.java:logGet(44)) - raft.server.log.appender.buffer.byte-limit = 33554432 (custom)
2020-06-27 08:19:44,796 [1cf265a5-6a03-47fd-ad13-ec32897c6af9@group-E9D3221C1EB6-LeaderElection63] INFO  server.RaftServerConfigKeys (ConfUtils.java:logGet(44)) - raft.server.log.appender.buffer.element-limit = 1 (custom)
2020-06-27 08:19:44,796 [1cf265a5-6a03-47fd-ad13-ec32897c6af9@group-E9D3221C1EB6-LeaderElection63] INFO  grpc.GrpcConfigKeys (ConfUtils.java:logGet(44)) - raft.grpc.server.leader.outstanding.appends.max = 128 (default)
2020-06-27 08:19:44,796 [1cf265a5-6a03-47fd-ad13-ec32897c6af9@group-E9D3221C1EB6-LeaderElection63] INFO  server.RaftServerConfigKeys (ConfUtils.java:logGet(44)) - raft.server.rpc.request.timeout = 3s (default)
2020-06-27 08:19:44,796 [1cf265a5-6a03-47fd-ad13-ec32897c6af9@group-E9D3221C1EB6-LeaderElection63] INFO  server.RaftServerConfigKeys (ConfUtils.java:logGet(44)) - raft.server.log.appender.install.snapshot.enabled = false (custom)
2020-06-27 08:19:44,796 [1cf265a5-6a03-47fd-ad13-ec32897c6af9@group-E9D3221C1EB6-LeaderElection63] INFO  metrics.RatisMetrics (RatisMetrics.java:lambda$create$0(36)) - Creating Metrics Registry : ratis_grpc.log_appender.1cf265a5-6a03-47fd-ad13-ec32897c6af9@group-E9D3221C1EB6
2020-06-27 08:19:44,798 [1cf265a5-6a03-47fd-ad13-ec32897c6af9@group-E9D3221C1EB6-LeaderElection63] INFO  server.RaftServerConfigKeys (ConfUtils.java:logGet(44)) - raft.server.log.appender.snapshot.chunk.size.max = 16MB (=16777216) (default)
2020-06-27 08:19:44,798 [1cf265a5-6a03-47fd-ad13-ec32897c6af9@group-E9D3221C1EB6-LeaderElection63] INFO  server.RaftServerConfigKeys (ConfUtils.java:logGet(44)) - raft.server.log.appender.buffer.byte-limit = 33554432 (custom)
2020-06-27 08:19:44,798 [1cf265a5-6a03-47fd-ad13-ec32897c6af9@group-E9D3221C1EB6-LeaderElection63] INFO  server.RaftServerConfigKeys (ConfUtils.java:logGet(44)) - raft.server.log.appender.buffer.element-limit = 1 (custom)
2020-06-27 08:19:44,798 [1cf265a5-6a03-47fd-ad13-ec32897c6af9@group-E9D3221C1EB6-LeaderElection63] INFO  grpc.GrpcConfigKeys (ConfUtils.java:logGet(44)) - raft.grpc.server.leader.outstanding.appends.max = 128 (default)
2020-06-27 08:19:44,799 [1cf265a5-6a03-47fd-ad13-ec32897c6af9@group-E9D3221C1EB6-LeaderElection63] INFO  server.RaftServerConfigKeys (ConfUtils.java:logGet(44)) - raft.server.rpc.request.timeout = 3s (default)
2020-06-27 08:19:44,799 [1cf265a5-6a03-47fd-ad13-ec32897c6af9@group-E9D3221C1EB6-LeaderElection63] INFO  server.RaftServerConfigKeys (ConfUtils.java:logGet(44)) - raft.server.log.appender.install.snapshot.enabled = false (custom)
2020-06-27 08:19:44,800 [1cf265a5-6a03-47fd-ad13-ec32897c6af9@group-E9D3221C1EB6-LeaderElection63] INFO  impl.RoleInfo (RoleInfo.java:updateAndGet(143)) - 1cf265a5-6a03-47fd-ad13-ec32897c6af9: start LeaderState
2020-06-27 08:19:44,801 [1cf265a5-6a03-47fd-ad13-ec32897c6af9@group-E9D3221C1EB6-LeaderElection63] INFO  segmented.SegmentedRaftLogWorker (SegmentedRaftLogWorker.java:startLogSegment(397)) - 1cf265a5-6a03-47fd-ad13-ec32897c6af9@group-E9D3221C1EB6-SegmentedRaftLogWorker: Starting segment from index:0
2020-06-27 08:19:44,801 [EventQueue-PipelineReportForPipelineReportHandler] INFO  pipeline.PipelineStateManager (PipelineStateManager.java:openPipeline(131)) - Pipeline Pipeline[ Id: dbc16d53-8caf-44f8-a700-e9d3221c1eb6, Nodes: bf10b53c-012b-4fa1-b197-82d4c3bdb60c{ip: 172.17.0.2, host: 23863634748d, networkLocation: /default-rack, certSerialId: null}1cf265a5-6a03-47fd-ad13-ec32897c6af9{ip: 172.17.0.2, host: 23863634748d, networkLocation: /default-rack, certSerialId: null}dbedbf7e-64a3-44c7-b6dd-b08f95c937b2{ip: 172.17.0.2, host: 23863634748d, networkLocation: /default-rack, certSerialId: null}, Type:RATIS, Factor:THREE, State:ALLOCATED, leaderId:1cf265a5-6a03-47fd-ad13-ec32897c6af9, CreationTimestamp2020-06-27T08:19:36.800Z] moved to OPEN state
2020-06-27 08:19:44,808 [EventQueue-OpenPipelineForOneReplicaPipelineSafeModeRule] INFO  safemode.SCMSafeModeManager (SCMSafeModeManager.java:validateSafeModeExitRules(214)) - AtleastOneDatanodeReportedRule rule is successfully validated
2020-06-27 08:19:44,808 [EventQueue-OpenPipelineForHealthyPipelineSafeModeRule] INFO  safemode.SCMSafeModeManager (HealthyPipelineSafeModeRule.java:process(132)) - SCM in safe mode. Healthy pipelines reported count is 1, required healthy pipeline reported count is 1
2020-06-27 08:19:44,809 [EventQueue-OpenPipelineForHealthyPipelineSafeModeRule] INFO  safemode.SCMSafeModeManager (SCMSafeModeManager.java:validateSafeModeExitRules(214)) - HealthyPipelineSafeModeRule rule is successfully validated
2020-06-27 08:19:44,809 [EventQueue-OpenPipelineForHealthyPipelineSafeModeRule] INFO  safemode.SCMSafeModeManager (SCMSafeModeManager.java:validateSafeModeExitRules(228)) - ScmSafeModeManager, all rules are successfully validated
2020-06-27 08:19:44,809 [EventQueue-OpenPipelineForHealthyPipelineSafeModeRule] INFO  safemode.SCMSafeModeManager (SCMSafeModeManager.java:exitSafeMode(257)) - SCM exiting safe mode.
2020-06-27 08:19:44,809 [1cf265a5-6a03-47fd-ad13-ec32897c6af9@group-E9D3221C1EB6-SegmentedRaftLogWorker] INFO  segmented.SegmentedRaftLogWorker (SegmentedRaftLogWorker.java:execute(596)) - 1cf265a5-6a03-47fd-ad13-ec32897c6af9@group-E9D3221C1EB6-SegmentedRaftLogWorker: created new log segment /github/workspace/mnt/ozone/hadoop-ozone/integration-test/target/test-dir/MiniOzoneClusterImpl-1d3054ed-691e-4733-a773-d2ff76104d42/datanode-4/data/ratis/dbc16d53-8caf-44f8-a700-e9d3221c1eb6/current/log_inprogress_0
2020-06-27 08:19:44,812 [1cf265a5-6a03-47fd-ad13-ec32897c6af9@group-E9D3221C1EB6-LeaderElection63] INFO  impl.RaftServerImpl (ServerState.java:setRaftConf(356)) - 1cf265a5-6a03-47fd-ad13-ec32897c6af9@group-E9D3221C1EB6: set configuration 0: [bf10b53c-012b-4fa1-b197-82d4c3bdb60c:172.17.0.2:34043, 1cf265a5-6a03-47fd-ad13-ec32897c6af9:172.17.0.2:37877, dbedbf7e-64a3-44c7-b6dd-b08f95c937b2:172.17.0.2:45687], old=null at 0
2020-06-27 08:19:44,817 [Thread-1736] INFO  impl.FollowerState (FollowerState.java:run(108)) - 1cf265a5-6a03-47fd-ad13-ec32897c6af9@group-712E98CE9349-FollowerState: change to CANDIDATE, lastRpcTime:5096ms, electionTimeout:5092ms
2020-06-27 08:19:44,817 [Thread-1736] INFO  impl.RoleInfo (RoleInfo.java:shutdownFollowerState(121)) - 1cf265a5-6a03-47fd-ad13-ec32897c6af9: shutdown FollowerState
2020-06-27 08:19:44,817 [Thread-1736] INFO  impl.RaftServerImpl (RaftServerImpl.java:setRole(175)) - 1cf265a5-6a03-47fd-ad13-ec32897c6af9@group-712E98CE9349: changes role from  FOLLOWER to CANDIDATE at term 0 for changeToCandidate
2020-06-27 08:19:44,818 [Thread-1736] INFO  impl.RoleInfo (RoleInfo.java:updateAndGet(143)) - 1cf265a5-6a03-47fd-ad13-ec32897c6af9: start LeaderElection
2020-06-27 08:19:44,836 [grpc-default-executor-6] INFO  ratis.XceiverServerRatis (XceiverServerRatis.java:handleLeaderChangedNotification(762)) - Leader change notification received for group: group-E9D3221C1EB6 with new leaderId: 1cf265a5-6a03-47fd-ad13-ec32897c6af9
2020-06-27 08:19:44,836 [grpc-default-executor-6] INFO  impl.RaftServerImpl (ServerState.java:setLeader(255)) - bf10b53c-012b-4fa1-b197-82d4c3bdb60c@group-E9D3221C1EB6: change Leader from null to 1cf265a5-6a03-47fd-ad13-ec32897c6af9 at term 1 for appendEntries, leader elected after 5162ms
2020-06-27 08:19:44,836 [1cf265a5-6a03-47fd-ad13-ec32897c6af9@group-712E98CE9349-LeaderElection64] INFO  impl.LeaderElection (LeaderElection.java:askForVotes(206)) - 1cf265a5-6a03-47fd-ad13-ec32897c6af9@group-712E98CE9349-LeaderElection64: begin an election at term 1 for -1: [1cf265a5-6a03-47fd-ad13-ec32897c6af9:172.17.0.2:37877], old=null
2020-06-27 08:19:44,836 [grpc-default-executor-4] INFO  ratis.XceiverServerRatis (XceiverServerRatis.java:handleLeaderChangedNotification(762)) - Leader change notification received for group: group-E9D3221C1EB6 with new leaderId: 1cf265a5-6a03-47fd-ad13-ec32897c6af9
2020-06-27 08:19:44,836 [grpc-default-executor-4] INFO  impl.RaftServerImpl (ServerState.java:setLeader(255)) - dbedbf7e-64a3-44c7-b6dd-b08f95c937b2@group-E9D3221C1EB6: change Leader from null to 1cf265a5-6a03-47fd-ad13-ec32897c6af9 at term 1 for appendEntries, leader elected after 5089ms
2020-06-27 08:19:44,837 [grpc-default-executor-6] DEBUG impl.RaftServerImpl (RaftServerImpl.java:logAppendEntries(928)) - bf10b53c-012b-4fa1-b197-82d4c3bdb60c@group-E9D3221C1EB6: receive appendEntries(1cf265a5-6a03-47fd-ad13-ec32897c6af9, 1, null, 0, false, commits[1cf265a5-6a03-47fd-ad13-ec32897c6af9:c0, bf10b53c-012b-4fa1-b197-82d4c3bdb60c:c-1, dbedbf7e-64a3-44c7-b6dd-b08f95c937b2:c-1], entries: (t:1, i:0), CONFIGURATIONENTRY
2020-06-27 08:19:44,838 [grpc-default-executor-6] INFO  impl.RaftServerImpl (ServerState.java:setRaftConf(356)) - bf10b53c-012b-4fa1-b197-82d4c3bdb60c@group-E9D3221C1EB6: set configuration 0: [bf10b53c-012b-4fa1-b197-82d4c3bdb60c:172.17.0.2:34043, 1cf265a5-6a03-47fd-ad13-ec32897c6af9:172.17.0.2:37877, dbedbf7e-64a3-44c7-b6dd-b08f95c937b2:172.17.0.2:45687], old=null at 0
2020-06-27 08:19:44,838 [grpc-default-executor-5] DEBUG server.GrpcLogAppender (GrpcLogAppender.java:onNext(257)) - 1cf265a5-6a03-47fd-ad13-ec32897c6af9@group-E9D3221C1EB6->bf10b53c-012b-4fa1-b197-82d4c3bdb60c-AppendLogResponseHandler: received the first reply 1cf265a5-6a03-47fd-ad13-ec32897c6af9<-bf10b53c-012b-4fa1-b197-82d4c3bdb60c#0:OK,SUCCESS,nextIndex:0,term:1,followerCommit:-1, request=AppendEntriesRequest:cid=0,entriesCount=0,lastEntry=null
2020-06-27 08:19:44,845 [grpc-default-executor-4] DEBUG impl.RaftServerImpl (RaftServerImpl.java:logAppendEntries(928)) - dbedbf7e-64a3-44c7-b6dd-b08f95c937b2@group-E9D3221C1EB6: receive appendEntries(1cf265a5-6a03-47fd-ad13-ec32897c6af9, 1, null, 0, false, commits[1cf265a5-6a03-47fd-ad13-ec32897c6af9:c0, bf10b53c-012b-4fa1-b197-82d4c3bdb60c:c-1, dbedbf7e-64a3-44c7-b6dd-b08f95c937b2:c-1], entries: (t:1, i:0), CONFIGURATIONENTRY
2020-06-27 08:19:44,845 [grpc-default-executor-7] DEBUG server.GrpcLogAppender (GrpcLogAppender.java:onNext(257)) - 1cf265a5-6a03-47fd-ad13-ec32897c6af9@group-E9D3221C1EB6->dbedbf7e-64a3-44c7-b6dd-b08f95c937b2-AppendLogResponseHandler: received the first reply 1cf265a5-6a03-47fd-ad13-ec32897c6af9<-dbedbf7e-64a3-44c7-b6dd-b08f95c937b2#0:OK,SUCCESS,nextIndex:0,term:1,followerCommit:-1, request=AppendEntriesRequest:cid=0,entriesCount=0,lastEntry=null
2020-06-27 08:19:44,845 [1cf265a5-6a03-47fd-ad13-ec32897c6af9@group-712E98CE9349-LeaderElection64] INFO  impl.RoleInfo (RoleInfo.java:shutdownLeaderElection(134)) - 1cf265a5-6a03-47fd-ad13-ec32897c6af9: shutdown LeaderElection
2020-06-27 08:19:44,845 [1cf265a5-6a03-47fd-ad13-ec32897c6af9@group-712E98CE9349-LeaderElection64] INFO  impl.RaftServerImpl (RaftServerImpl.java:setRole(175)) - 1cf265a5-6a03-47fd-ad13-ec32897c6af9@group-712E98CE9349: changes role from CANDIDATE to LEADER at term 1 for changeToLeader
2020-06-27 08:19:44,845 [1cf265a5-6a03-47fd-ad13-ec32897c6af9@group-712E98CE9349-LeaderElection64] INFO  ratis.XceiverServerRatis (XceiverServerRatis.java:handleLeaderChangedNotification(762)) - Leader change notification received for group: group-712E98CE9349 with new leaderId: 1cf265a5-6a03-47fd-ad13-ec32897c6af9
2020-06-27 08:19:44,846 [grpc-default-executor-6] INFO  segmented.SegmentedRaftLogWorker (SegmentedRaftLogWorker.java:startLogSegment(397)) - bf10b53c-012b-4fa1-b197-82d4c3bdb60c@group-E9D3221C1EB6-SegmentedRaftLogWorker: Starting segment from index:0
2020-06-27 08:19:44,846 [1cf265a5-6a03-47fd-ad13-ec32897c6af9@group-712E98CE9349-LeaderElection64] INFO  impl.RaftServerImpl (ServerState.java:setLeader(255)) - 1cf265a5-6a03-47fd-ad13-ec32897c6af9@group-712E98CE9349: change Leader from null to 1cf265a5-6a03-47fd-ad13-ec32897c6af9 at term 1 for becomeLeader, leader elected after 5133ms
2020-06-27 08:19:44,846 [1cf265a5-6a03-47fd-ad13-ec32897c6af9@group-712E98CE9349-LeaderElection64] INFO  server.RaftServerConfigKeys (ConfUtils.java:logGet(44)) - raft.server.staging.catchup.gap = 1000 (default)
2020-06-27 08:19:44,846 [1cf265a5-6a03-47fd-ad13-ec32897c6af9@group-712E98CE9349-LeaderElection64] INFO  server.RaftServerConfigKeys (ConfUtils.java:logGet(44)) - raft.server.rpc.sleep.time = 25ms (default)
2020-06-27 08:19:44,847 [1cf265a5-6a03-47fd-ad13-ec32897c6af9@group-712E98CE9349-LeaderElection64] INFO  metrics.RatisMetrics (RatisMetrics.java:lambda$create$0(36)) - Creating Metrics Registry : ratis.log_appender.1cf265a5-6a03-47fd-ad13-ec32897c6af9@group-712E98CE9349
2020-06-27 08:19:44,847 [1cf265a5-6a03-47fd-ad13-ec32897c6af9@group-712E98CE9349-LeaderElection64] INFO  server.RaftServerConfigKeys (ConfUtils.java:logGet(44)) - raft.server.write.element-limit = 1024 (custom)
2020-06-27 08:19:44,848 [1cf265a5-6a03-47fd-ad13-ec32897c6af9@group-712E98CE9349-LeaderElection64] INFO  server.RaftServerConfigKeys (ConfUtils.java:logGet(44)) - raft.server.write.byte-limit = 1073741824 (custom)
2020-06-27 08:19:44,848 [grpc-default-executor-4] INFO  impl.RaftServerImpl (ServerState.java:setRaftConf(356)) - dbedbf7e-64a3-44c7-b6dd-b08f95c937b2@group-E9D3221C1EB6: set configuration 0: [bf10b53c-012b-4fa1-b197-82d4c3bdb60c:172.17.0.2:34043, 1cf265a5-6a03-47fd-ad13-ec32897c6af9:172.17.0.2:37877, dbedbf7e-64a3-44c7-b6dd-b08f95c937b2:172.17.0.2:45687], old=null at 0
2020-06-27 08:19:44,850 [bf10b53c-012b-4fa1-b197-82d4c3bdb60c@group-E9D3221C1EB6-SegmentedRaftLogWorker] INFO  segmented.SegmentedRaftLogWorker (SegmentedRaftLogWorker.java:execute(596)) - bf10b53c-012b-4fa1-b197-82d4c3bdb60c@group-E9D3221C1EB6-SegmentedRaftLogWorker: created new log segment /github/workspace/mnt/ozone/hadoop-ozone/integration-test/target/test-dir/MiniOzoneClusterImpl-1d3054ed-691e-4733-a773-d2ff76104d42/datanode-3/data/ratis/dbc16d53-8caf-44f8-a700-e9d3221c1eb6/current/log_inprogress_0
2020-06-27 08:19:44,850 [grpc-default-executor-4] INFO  segmented.SegmentedRaftLogWorker (SegmentedRaftLogWorker.java:startLogSegment(397)) - dbedbf7e-64a3-44c7-b6dd-b08f95c937b2@group-E9D3221C1EB6-SegmentedRaftLogWorker: Starting segment from index:0
2020-06-27 08:19:44,852 [1cf265a5-6a03-47fd-ad13-ec32897c6af9@group-712E98CE9349-LeaderElection64] INFO  server.RaftServerConfigKeys (ConfUtils.java:logGet(44)) - raft.server.watch.timeout = 3s (custom)
2020-06-27 08:19:44,852 [1cf265a5-6a03-47fd-ad13-ec32897c6af9@group-712E98CE9349-LeaderElection64] INFO  server.RaftServerConfigKeys (ConfUtils.java:logGet(44)) - raft.server.watch.timeout.denomination = 1s (default)
2020-06-27 08:19:44,852 [dbedbf7e-64a3-44c7-b6dd-b08f95c937b2@group-E9D3221C1EB6-SegmentedRaftLogWorker] INFO  segmented.SegmentedRaftLogWorker (SegmentedRaftLogWorker.java:execute(596)) - dbedbf7e-64a3-44c7-b6dd-b08f95c937b2@group-E9D3221C1EB6-SegmentedRaftLogWorker: created new log segment /github/workspace/mnt/ozone/hadoop-ozone/integration-test/target/test-dir/MiniOzoneClusterImpl-1d3054ed-691e-4733-a773-d2ff76104d42/datanode-5/data/ratis/dbc16d53-8caf-44f8-a700-e9d3221c1eb6/current/log_inprogress_0
2020-06-27 08:19:44,853 [1cf265a5-6a03-47fd-ad13-ec32897c6af9@group-712E98CE9349-LeaderElection64] INFO  server.RaftServerConfigKeys (ConfUtils.java:logGet(44)) - raft.server.watch.element-limit = 65536 (default)
2020-06-27 08:19:44,853 [1cf265a5-6a03-47fd-ad13-ec32897c6af9@group-712E98CE9349-LeaderElection64] INFO  impl.RoleInfo (RoleInfo.java:updateAndGet(143)) - 1cf265a5-6a03-47fd-ad13-ec32897c6af9: start LeaderState
2020-06-27 08:19:44,854 [1cf265a5-6a03-47fd-ad13-ec32897c6af9@group-712E98CE9349-LeaderElection64] INFO  segmented.SegmentedRaftLogWorker (SegmentedRaftLogWorker.java:startLogSegment(397)) - 1cf265a5-6a03-47fd-ad13-ec32897c6af9@group-712E98CE9349-SegmentedRaftLogWorker: Starting segment from index:0
2020-06-27 08:19:44,855 [Thread-1791] DEBUG impl.RaftServerImpl (RaftServerImpl.java:logAppendEntries(928)) - bf10b53c-012b-4fa1-b197-82d4c3bdb60c@group-E9D3221C1EB6: succeeded to handle AppendEntries. Reply: 1cf265a5-6a03-47fd-ad13-ec32897c6af9<-bf10b53c-012b-4fa1-b197-82d4c3bdb60c#1:OK,SUCCESS,nextIndex:1,term:1,followerCommit:0
2020-06-27 08:19:44,856 [grpc-default-executor-4] DEBUG server.GrpcLogAppender (GrpcLogAppender.java:onNext(257)) - 1cf265a5-6a03-47fd-ad13-ec32897c6af9@group-E9D3221C1EB6->bf10b53c-012b-4fa1-b197-82d4c3bdb60c-AppendLogResponseHandler: received a reply 1cf265a5-6a03-47fd-ad13-ec32897c6af9<-bf10b53c-012b-4fa1-b197-82d4c3bdb60c#1:OK,SUCCESS,nextIndex:1,term:1,followerCommit:0, request=AppendEntriesRequest:cid=1,entriesCount=1,lastEntry=(t:1, i:0)
2020-06-27 08:19:44,856 [1cf265a5-6a03-47fd-ad13-ec32897c6af9@group-712E98CE9349-SegmentedRaftLogWorker] INFO  segmented.SegmentedRaftLogWorker (SegmentedRaftLogWorker.java:execute(596)) - 1cf265a5-6a03-47fd-ad13-ec32897c6af9@group-712E98CE9349-SegmentedRaftLogWorker: created new log segment /github/workspace/mnt/ozone/hadoop-ozone/integration-test/target/test-dir/MiniOzoneClusterImpl-1d3054ed-691e-4733-a773-d2ff76104d42/datanode-4/data/ratis/d52a4eec-7a19-43c1-8dee-712e98ce9349/current/log_inprogress_0
2020-06-27 08:19:44,858 [Thread-1792] DEBUG impl.RaftServerImpl (RaftServerImpl.java:logAppendEntries(928)) - dbedbf7e-64a3-44c7-b6dd-b08f95c937b2@group-E9D3221C1EB6: succeeded to handle AppendEntries. Reply: 1cf265a5-6a03-47fd-ad13-ec32897c6af9<-dbedbf7e-64a3-44c7-b6dd-b08f95c937b2#1:OK,SUCCESS,nextIndex:1,term:1,followerCommit:0
2020-06-27 08:19:44,858 [1cf265a5-6a03-47fd-ad13-ec32897c6af9@group-712E98CE9349-LeaderElection64] INFO  impl.RaftServerImpl (ServerState.java:setRaftConf(356)) - 1cf265a5-6a03-47fd-ad13-ec32897c6af9@group-712E98CE9349: set configuration 0: [1cf265a5-6a03-47fd-ad13-ec32897c6af9:172.17.0.2:37877], old=null at 0
2020-06-27 08:19:44,858 [grpc-default-executor-4] DEBUG server.GrpcLogAppender (GrpcLogAppender.java:onNext(257)) - 1cf265a5-6a03-47fd-ad13-ec32897c6af9@group-E9D3221C1EB6->dbedbf7e-64a3-44c7-b6dd-b08f95c937b2-AppendLogResponseHandler: received a reply 1cf265a5-6a03-47fd-ad13-ec32897c6af9<-dbedbf7e-64a3-44c7-b6dd-b08f95c937b2#1:OK,SUCCESS,nextIndex:1,term:1,followerCommit:0, request=AppendEntriesRequest:cid=1,entriesCount=1,lastEntry=(t:1, i:0)
2020-06-27 08:19:44,870 [Thread-1743] INFO  impl.FollowerState (FollowerState.java:run(108)) - 93ff5c27-cf24-4d90-9a81-2a4e4904b019@group-C61816794598-FollowerState: change to CANDIDATE, lastRpcTime:5006ms, electionTimeout:5006ms
2020-06-27 08:19:44,871 [Thread-1743] INFO  impl.RoleInfo (RoleInfo.java:shutdownFollowerState(121)) - 93ff5c27-cf24-4d90-9a81-2a4e4904b019: shutdown FollowerState
2020-06-27 08:19:44,871 [Thread-1743] INFO  impl.RaftServerImpl (RaftServerImpl.java:setRole(175)) - 93ff5c27-cf24-4d90-9a81-2a4e4904b019@group-C61816794598: changes role from  FOLLOWER to CANDIDATE at term 0 for changeToCandidate
2020-06-27 08:19:44,871 [Thread-1743] INFO  impl.RoleInfo (RoleInfo.java:updateAndGet(143)) - 93ff5c27-cf24-4d90-9a81-2a4e4904b019: start LeaderElection
2020-06-27 08:19:44,875 [93ff5c27-cf24-4d90-9a81-2a4e4904b019@group-C61816794598-LeaderElection65] INFO  impl.LeaderElection (LeaderElection.java:askForVotes(206)) - 93ff5c27-cf24-4d90-9a81-2a4e4904b019@group-C61816794598-LeaderElection65: begin an election at term 1 for -1: [93ff5c27-cf24-4d90-9a81-2a4e4904b019:172.17.0.2:43727], old=null
2020-06-27 08:19:44,875 [93ff5c27-cf24-4d90-9a81-2a4e4904b019@group-C61816794598-LeaderElection65] INFO  impl.RoleInfo (RoleInfo.java:shutdownLeaderElection(134)) - 93ff5c27-cf24-4d90-9a81-2a4e4904b019: shutdown LeaderElection
2020-06-27 08:19:44,875 [93ff5c27-cf24-4d90-9a81-2a4e4904b019@group-C61816794598-LeaderElection65] INFO  impl.RaftServerImpl (RaftServerImpl.java:setRole(175)) - 93ff5c27-cf24-4d90-9a81-2a4e4904b019@group-C61816794598: changes role from CANDIDATE to LEADER at term 1 for changeToLeader
2020-06-27 08:19:44,875 [93ff5c27-cf24-4d90-9a81-2a4e4904b019@group-C61816794598-LeaderElection65] INFO  ratis.XceiverServerRatis (XceiverServerRatis.java:handleLeaderChangedNotification(762)) - Leader change notification received for group: group-C61816794598 with new leaderId: 93ff5c27-cf24-4d90-9a81-2a4e4904b019
2020-06-27 08:19:44,875 [93ff5c27-cf24-4d90-9a81-2a4e4904b019@group-C61816794598-LeaderElection65] INFO  impl.RaftServerImpl (ServerState.java:setLeader(255)) - 93ff5c27-cf24-4d90-9a81-2a4e4904b019@group-C61816794598: change Leader from null to 93ff5c27-cf24-4d90-9a81-2a4e4904b019 at term 1 for becomeLeader, leader elected after 5018ms
2020-06-27 08:19:44,875 [93ff5c27-cf24-4d90-9a81-2a4e4904b019@group-C61816794598-LeaderElection65] INFO  server.RaftServerConfigKeys (ConfUtils.java:logGet(44)) - raft.server.staging.catchup.gap = 1000 (default)
2020-06-27 08:19:44,875 [93ff5c27-cf24-4d90-9a81-2a4e4904b019@group-C61816794598-LeaderElection65] INFO  server.RaftServerConfigKeys (ConfUtils.java:logGet(44)) - raft.server.rpc.sleep.time = 25ms (default)
2020-06-27 08:19:44,875 [93ff5c27-cf24-4d90-9a81-2a4e4904b019@group-C61816794598-LeaderElection65] INFO  metrics.RatisMetrics (RatisMetrics.java:lambda$create$0(36)) - Creating Metrics Registry : ratis.log_appender.93ff5c27-cf24-4d90-9a81-2a4e4904b019@group-C61816794598
2020-06-27 08:19:44,876 [93ff5c27-cf24-4d90-9a81-2a4e4904b019@group-C61816794598-LeaderElection65] INFO  server.RaftServerConfigKeys (ConfUtils.java:logGet(44)) - raft.server.write.element-limit = 1024 (custom)
2020-06-27 08:19:44,876 [93ff5c27-cf24-4d90-9a81-2a4e4904b019@group-C61816794598-LeaderElection65] INFO  server.RaftServerConfigKeys (ConfUtils.java:logGet(44)) - raft.server.write.byte-limit = 1073741824 (custom)
2020-06-27 08:19:44,876 [93ff5c27-cf24-4d90-9a81-2a4e4904b019@group-C61816794598-LeaderElection65] INFO  server.RaftServerConfigKeys (ConfUtils.java:logGet(44)) - raft.server.watch.timeout = 3s (custom)
2020-06-27 08:19:44,876 [93ff5c27-cf24-4d90-9a81-2a4e4904b019@group-C61816794598-LeaderElection65] INFO  server.RaftServerConfigKeys (ConfUtils.java:logGet(44)) - raft.server.watch.timeout.denomination = 1s (default)
2020-06-27 08:19:44,877 [93ff5c27-cf24-4d90-9a81-2a4e4904b019@group-C61816794598-LeaderElection65] INFO  server.RaftServerConfigKeys (ConfUtils.java:logGet(44)) - raft.server.watch.element-limit = 65536 (default)
2020-06-27 08:19:44,877 [93ff5c27-cf24-4d90-9a81-2a4e4904b019@group-C61816794598-LeaderElection65] INFO  impl.RoleInfo (RoleInfo.java:updateAndGet(143)) - 93ff5c27-cf24-4d90-9a81-2a4e4904b019: start LeaderState
2020-06-27 08:19:44,877 [93ff5c27-cf24-4d90-9a81-2a4e4904b019@group-C61816794598-LeaderElection65] INFO  segmented.SegmentedRaftLogWorker (SegmentedRaftLogWorker.java:startLogSegment(397)) - 93ff5c27-cf24-4d90-9a81-2a4e4904b019@group-C61816794598-SegmentedRaftLogWorker: Starting segment from index:0
2020-06-27 08:19:44,878 [93ff5c27-cf24-4d90-9a81-2a4e4904b019@group-C61816794598-LeaderElection65] INFO  impl.RaftServerImpl (ServerState.java:setRaftConf(356)) - 93ff5c27-cf24-4d90-9a81-2a4e4904b019@group-C61816794598: set configuration 0: [93ff5c27-cf24-4d90-9a81-2a4e4904b019:172.17.0.2:43727], old=null at 0
2020-06-27 08:19:44,878 [93ff5c27-cf24-4d90-9a81-2a4e4904b019@group-C61816794598-SegmentedRaftLogWorker] INFO  segmented.SegmentedRaftLogWorker (SegmentedRaftLogWorker.java:execute(596)) - 93ff5c27-cf24-4d90-9a81-2a4e4904b019@group-C61816794598-SegmentedRaftLogWorker: created new log segment /github/workspace/mnt/ozone/hadoop-ozone/integration-test/target/test-dir/MiniOzoneClusterImpl-1d3054ed-691e-4733-a773-d2ff76104d42/datanode-6/data/ratis/3d4cd47d-f386-42e6-96c0-c61816794598/current/log_inprogress_0
2020-06-27 08:19:44,937 [Thread-1745] INFO  impl.FollowerState (FollowerState.java:run(108)) - 93ff5c27-cf24-4d90-9a81-2a4e4904b019@group-CEED09A8AD4A-FollowerState: change to CANDIDATE, lastRpcTime:5061ms, electionTimeout:5060ms
2020-06-27 08:19:44,937 [Thread-1745] INFO  impl.RoleInfo (RoleInfo.java:shutdownFollowerState(121)) - 93ff5c27-cf24-4d90-9a81-2a4e4904b019: shutdown FollowerState
2020-06-27 08:19:44,937 [Thread-1745] INFO  impl.RaftServerImpl (RaftServerImpl.java:setRole(175)) - 93ff5c27-cf24-4d90-9a81-2a4e4904b019@group-CEED09A8AD4A: changes role from  FOLLOWER to CANDIDATE at term 0 for changeToCandidate
2020-06-27 08:19:44,937 [Thread-1745] INFO  impl.RoleInfo (RoleInfo.java:updateAndGet(143)) - 93ff5c27-cf24-4d90-9a81-2a4e4904b019: start LeaderElection
2020-06-27 08:19:44,944 [93ff5c27-cf24-4d90-9a81-2a4e4904b019@group-CEED09A8AD4A-LeaderElection66] INFO  impl.LeaderElection (LeaderElection.java:askForVotes(206)) - 93ff5c27-cf24-4d90-9a81-2a4e4904b019@group-CEED09A8AD4A-LeaderElection66: begin an election at term 1 for -1: [99a07450-395a-4667-b554-43c43076656b:172.17.0.2:33341, 93ff5c27-cf24-4d90-9a81-2a4e4904b019:172.17.0.2:43727, bd28fdde-8be9-44b6-aac4-f5ad5eca5270:172.17.0.2:39899], old=null
2020-06-27 08:19:44,958 [Listener at 127.0.0.1/34065] INFO  ozone.MiniOzoneClusterImpl (MiniOzoneClusterImpl.java:lambda$waitForClusterToBeReady$0(177)) - Nodes are ready. Got 9 of 9 DN Heartbeats.
2020-06-27 08:19:44,958 [Listener at 127.0.0.1/34065] INFO  ozone.MiniOzoneClusterImpl (MiniOzoneClusterImpl.java:lambda$waitForClusterToBeReady$0(180)) - Cluster exits safe mode
2020-06-27 08:19:44,958 [grpc-default-executor-4] DEBUG impl.RaftServerImpl (RaftServerImpl.java:requestVote(821)) - 99a07450-395a-4667-b554-43c43076656b@group-CEED09A8AD4A: receive requestVote(93ff5c27-cf24-4d90-9a81-2a4e4904b019, group-CEED09A8AD4A, 1, (t:0, i:0))
2020-06-27 08:19:44,963 [grpc-default-executor-4] INFO  impl.RaftServerImpl (RaftServerImpl.java:setRole(175)) - 99a07450-395a-4667-b554-43c43076656b@group-CEED09A8AD4A: changes role from  FOLLOWER to FOLLOWER at term 1 for recognizeCandidate:93ff5c27-cf24-4d90-9a81-2a4e4904b019
2020-06-27 08:19:44,963 [grpc-default-executor-4] INFO  impl.RoleInfo (RoleInfo.java:shutdownFollowerState(121)) - 99a07450-395a-4667-b554-43c43076656b: shutdown FollowerState
2020-06-27 08:19:44,963 [grpc-default-executor-4] INFO  impl.RoleInfo (RoleInfo.java:updateAndGet(143)) - 99a07450-395a-4667-b554-43c43076656b: start FollowerState
2020-06-27 08:19:44,963 [Thread-1747] INFO  impl.FollowerState (FollowerState.java:run(117)) - 99a07450-395a-4667-b554-43c43076656b@group-CEED09A8AD4A-FollowerState was interrupted: java.lang.InterruptedException: sleep interrupted
2020-06-27 08:19:44,968 [grpc-default-executor-4] DEBUG impl.RaftServerImpl (RaftServerImpl.java:requestVote(853)) - 99a07450-395a-4667-b554-43c43076656b@group-CEED09A8AD4A replies to vote request: 93ff5c27-cf24-4d90-9a81-2a4e4904b019<-99a07450-395a-4667-b554-43c43076656b#0:OK-t1. Peer's state: 99a07450-395a-4667-b554-43c43076656b@group-CEED09A8AD4A:t1, leader=null, voted=93ff5c27-cf24-4d90-9a81-2a4e4904b019, raftlog=99a07450-395a-4667-b554-43c43076656b@group-CEED09A8AD4A-SegmentedRaftLog:OPENED:c-1,f-1,i0, conf=-1: [99a07450-395a-4667-b554-43c43076656b:172.17.0.2:33341, 93ff5c27-cf24-4d90-9a81-2a4e4904b019:172.17.0.2:43727, bd28fdde-8be9-44b6-aac4-f5ad5eca5270:172.17.0.2:39899], old=null
2020-06-27 08:19:44,970 [grpc-default-executor-7] DEBUG impl.RaftServerImpl (RaftServerImpl.java:requestVote(821)) - bd28fdde-8be9-44b6-aac4-f5ad5eca5270@group-CEED09A8AD4A: receive requestVote(93ff5c27-cf24-4d90-9a81-2a4e4904b019, group-CEED09A8AD4A, 1, (t:0, i:0))
2020-06-27 08:19:44,971 [grpc-default-executor-7] INFO  impl.RaftServerImpl (RaftServerImpl.java:setRole(175)) - bd28fdde-8be9-44b6-aac4-f5ad5eca5270@group-CEED09A8AD4A: changes role from  FOLLOWER to FOLLOWER at term 1 for recognizeCandidate:93ff5c27-cf24-4d90-9a81-2a4e4904b019
2020-06-27 08:19:44,971 [93ff5c27-cf24-4d90-9a81-2a4e4904b019@group-CEED09A8AD4A-LeaderElection66] INFO  impl.LeaderElection (LeaderElection.java:logAndReturn(61)) - 93ff5c27-cf24-4d90-9a81-2a4e4904b019@group-CEED09A8AD4A-LeaderElection66: Election PASSED; received 1 response(s) [93ff5c27-cf24-4d90-9a81-2a4e4904b019<-99a07450-395a-4667-b554-43c43076656b#0:OK-t1] and 0 exception(s); 93ff5c27-cf24-4d90-9a81-2a4e4904b019@group-CEED09A8AD4A:t1, leader=null, voted=93ff5c27-cf24-4d90-9a81-2a4e4904b019, raftlog=93ff5c27-cf24-4d90-9a81-2a4e4904b019@group-CEED09A8AD4A-SegmentedRaftLog:OPENED:c-1,f-1,i0, conf=-1: [99a07450-395a-4667-b554-43c43076656b:172.17.0.2:33341, 93ff5c27-cf24-4d90-9a81-2a4e4904b019:172.17.0.2:43727, bd28fdde-8be9-44b6-aac4-f5ad5eca5270:172.17.0.2:39899], old=null
2020-06-27 08:19:44,971 [grpc-default-executor-7] INFO  impl.RoleInfo (RoleInfo.java:shutdownFollowerState(121)) - bd28fdde-8be9-44b6-aac4-f5ad5eca5270: shutdown FollowerState
2020-06-27 08:19:44,971 [grpc-default-executor-7] INFO  impl.RoleInfo (RoleInfo.java:updateAndGet(143)) - bd28fdde-8be9-44b6-aac4-f5ad5eca5270: start FollowerState
2020-06-27 08:19:44,971 [Thread-1752] INFO  impl.FollowerState (FollowerState.java:run(117)) - bd28fdde-8be9-44b6-aac4-f5ad5eca5270@group-CEED09A8AD4A-FollowerState was interrupted: java.lang.InterruptedException: sleep interrupted
2020-06-27 08:19:44,971 [93ff5c27-cf24-4d90-9a81-2a4e4904b019@group-CEED09A8AD4A-LeaderElection66] INFO  impl.RoleInfo (RoleInfo.java:shutdownLeaderElection(134)) - 93ff5c27-cf24-4d90-9a81-2a4e4904b019: shutdown LeaderElection
2020-06-27 08:19:44,980 [93ff5c27-cf24-4d90-9a81-2a4e4904b019@group-CEED09A8AD4A-LeaderElection66] INFO  impl.RaftServerImpl (RaftServerImpl.java:setRole(175)) - 93ff5c27-cf24-4d90-9a81-2a4e4904b019@group-CEED09A8AD4A: changes role from CANDIDATE to LEADER at term 1 for changeToLeader
2020-06-27 08:19:44,981 [93ff5c27-cf24-4d90-9a81-2a4e4904b019@group-CEED09A8AD4A-LeaderElection66] INFO  ratis.XceiverServerRatis (XceiverServerRatis.java:handleLeaderChangedNotification(762)) - Leader change notification received for group: group-CEED09A8AD4A with new leaderId: 93ff5c27-cf24-4d90-9a81-2a4e4904b019
2020-06-27 08:19:44,981 [93ff5c27-cf24-4d90-9a81-2a4e4904b019@group-CEED09A8AD4A-LeaderElection66] INFO  impl.RaftServerImpl (ServerState.java:setLeader(255)) - 93ff5c27-cf24-4d90-9a81-2a4e4904b019@group-CEED09A8AD4A: change Leader from null to 93ff5c27-cf24-4d90-9a81-2a4e4904b019 at term 1 for becomeLeader, leader elected after 5111ms
2020-06-27 08:19:44,981 [93ff5c27-cf24-4d90-9a81-2a4e4904b019@group-CEED09A8AD4A-LeaderElection66] INFO  server.RaftServerConfigKeys (ConfUtils.java:logGet(44)) - raft.server.staging.catchup.gap = 1000 (default)
2020-06-27 08:19:44,981 [93ff5c27-cf24-4d90-9a81-2a4e4904b019@group-CEED09A8AD4A-LeaderElection66] INFO  server.RaftServerConfigKeys (ConfUtils.java:logGet(44)) - raft.server.rpc.sleep.time = 25ms (default)
2020-06-27 08:19:44,981 [93ff5c27-cf24-4d90-9a81-2a4e4904b019@group-CEED09A8AD4A-LeaderElection66] INFO  metrics.RatisMetrics (RatisMetrics.java:lambda$create$0(36)) - Creating Metrics Registry : ratis.log_appender.93ff5c27-cf24-4d90-9a81-2a4e4904b019@group-CEED09A8AD4A
2020-06-27 08:19:44,981 [93ff5c27-cf24-4d90-9a81-2a4e4904b019@group-CEED09A8AD4A-LeaderElection66] INFO  server.RaftServerConfigKeys (ConfUtils.java:logGet(44)) - raft.server.write.element-limit = 1024 (custom)
2020-06-27 08:19:44,981 [93ff5c27-cf24-4d90-9a81-2a4e4904b019@group-CEED09A8AD4A-LeaderElection66] INFO  server.RaftServerConfigKeys (ConfUtils.java:logGet(44)) - raft.server.write.byte-limit = 1073741824 (custom)
2020-06-27 08:19:44,982 [93ff5c27-cf24-4d90-9a81-2a4e4904b019@group-CEED09A8AD4A-LeaderElection66] INFO  server.RaftServerConfigKeys (ConfUtils.java:logGet(44)) - raft.server.watch.timeout = 3s (custom)
2020-06-27 08:19:44,982 [93ff5c27-cf24-4d90-9a81-2a4e4904b019@group-CEED09A8AD4A-LeaderElection66] INFO  server.RaftServerConfigKeys (ConfUtils.java:logGet(44)) - raft.server.watch.timeout.denomination = 1s (default)
2020-06-27 08:19:44,982 [93ff5c27-cf24-4d90-9a81-2a4e4904b019@group-CEED09A8AD4A-LeaderElection66] INFO  server.RaftServerConfigKeys (ConfUtils.java:logGet(44)) - raft.server.watch.element-limit = 65536 (default)
2020-06-27 08:19:44,982 [93ff5c27-cf24-4d90-9a81-2a4e4904b019@group-CEED09A8AD4A-LeaderElection66] INFO  server.RaftServerConfigKeys (ConfUtils.java:logGet(44)) - raft.server.log.appender.snapshot.chunk.size.max = 16MB (=16777216) (default)
2020-06-27 08:19:44,982 [93ff5c27-cf24-4d90-9a81-2a4e4904b019@group-CEED09A8AD4A-LeaderElection66] INFO  server.RaftServerConfigKeys (ConfUtils.java:logGet(44)) - raft.server.log.appender.buffer.byte-limit = 33554432 (custom)
2020-06-27 08:19:44,982 [93ff5c27-cf24-4d90-9a81-2a4e4904b019@group-CEED09A8AD4A-LeaderElection66] INFO  server.RaftServerConfigKeys (ConfUtils.java:logGet(44)) - raft.server.log.appender.buffer.element-limit = 1 (custom)
2020-06-27 08:19:44,982 [93ff5c27-cf24-4d90-9a81-2a4e4904b019@group-CEED09A8AD4A-LeaderElection66] INFO  grpc.GrpcConfigKeys (ConfUtils.java:logGet(44)) - raft.grpc.server.leader.outstanding.appends.max = 128 (default)
2020-06-27 08:19:44,982 [93ff5c27-cf24-4d90-9a81-2a4e4904b019@group-CEED09A8AD4A-LeaderElection66] INFO  server.RaftServerConfigKeys (ConfUtils.java:logGet(44)) - raft.server.rpc.request.timeout = 3s (default)
2020-06-27 08:19:44,982 [93ff5c27-cf24-4d90-9a81-2a4e4904b019@group-CEED09A8AD4A-LeaderElection66] INFO  server.RaftServerConfigKeys (ConfUtils.java:logGet(44)) - raft.server.log.appender.install.snapshot.enabled = false (custom)
2020-06-27 08:19:44,982 [93ff5c27-cf24-4d90-9a81-2a4e4904b019@group-CEED09A8AD4A-LeaderElection66] INFO  metrics.RatisMetrics (RatisMetrics.java:lambda$create$0(36)) - Creating Metrics Registry : ratis_grpc.log_appender.93ff5c27-cf24-4d90-9a81-2a4e4904b019@group-CEED09A8AD4A
2020-06-27 08:19:44,973 [grpc-default-executor-7] DEBUG impl.RaftServerImpl (RaftServerImpl.java:requestVote(853)) - bd28fdde-8be9-44b6-aac4-f5ad5eca5270@group-CEED09A8AD4A replies to vote request: 93ff5c27-cf24-4d90-9a81-2a4e4904b019<-bd28fdde-8be9-44b6-aac4-f5ad5eca5270#0:OK-t1. Peer's state: bd28fdde-8be9-44b6-aac4-f5ad5eca5270@group-CEED09A8AD4A:t1, leader=null, voted=93ff5c27-cf24-4d90-9a81-2a4e4904b019, raftlog=bd28fdde-8be9-44b6-aac4-f5ad5eca5270@group-CEED09A8AD4A-SegmentedRaftLog:OPENED:c-1,f-1,i0, conf=-1: [99a07450-395a-4667-b554-43c43076656b:172.17.0.2:33341, 93ff5c27-cf24-4d90-9a81-2a4e4904b019:172.17.0.2:43727, bd28fdde-8be9-44b6-aac4-f5ad5eca5270:172.17.0.2:39899], old=null
2020-06-27 08:19:44,984 [Thread-1741] INFO  impl.FollowerState (FollowerState.java:run(108)) - dbedbf7e-64a3-44c7-b6dd-b08f95c937b2@group-43DBBF309B5D-FollowerState: change to CANDIDATE, lastRpcTime:5175ms, electionTimeout:5166ms
2020-06-27 08:19:44,985 [Listener at 127.0.0.1/34065] INFO  rpc.RpcClient (RpcClient.java:createVolume(310)) - Creating Volume: watchforcommithandlingtest, with jenkins1001 as owner.
2020-06-27 08:19:44,988 [93ff5c27-cf24-4d90-9a81-2a4e4904b019@group-CEED09A8AD4A-LeaderElection66] INFO  server.RaftServerConfigKeys (ConfUtils.java:logGet(44)) - raft.server.log.appender.snapshot.chunk.size.max = 16MB (=16777216) (default)
2020-06-27 08:19:44,988 [Thread-1741] INFO  impl.RoleInfo (RoleInfo.java:shutdownFollowerState(121)) - dbedbf7e-64a3-44c7-b6dd-b08f95c937b2: shutdown FollowerState
2020-06-27 08:19:44,990 [Thread-1741] INFO  impl.RaftServerImpl (RaftServerImpl.java:setRole(175)) - dbedbf7e-64a3-44c7-b6dd-b08f95c937b2@group-43DBBF309B5D: changes role from  FOLLOWER to CANDIDATE at term 0 for changeToCandidate
2020-06-27 08:19:44,990 [Thread-1741] INFO  impl.RoleInfo (RoleInfo.java:updateAndGet(143)) - dbedbf7e-64a3-44c7-b6dd-b08f95c937b2: start LeaderElection
2020-06-27 08:19:44,985 [EventQueue-PipelineReportForPipelineReportHandler] INFO  pipeline.PipelineStateManager (PipelineStateManager.java:openPipeline(131)) - Pipeline Pipeline[ Id: ac5d7b3c-5ee7-483f-b489-ceed09a8ad4a, Nodes: 99a07450-395a-4667-b554-43c43076656b{ip: 172.17.0.2, host: 23863634748d, networkLocation: /default-rack, certSerialId: null}bd28fdde-8be9-44b6-aac4-f5ad5eca5270{ip: 172.17.0.2, host: 23863634748d, networkLocation: /default-rack, certSerialId: null}93ff5c27-cf24-4d90-9a81-2a4e4904b019{ip: 172.17.0.2, host: 23863634748d, networkLocation: /default-rack, certSerialId: null}, Type:RATIS, Factor:THREE, State:ALLOCATED, leaderId:93ff5c27-cf24-4d90-9a81-2a4e4904b019, CreationTimestamp2020-06-27T08:19:36.958Z] moved to OPEN state
2020-06-27 08:19:44,990 [93ff5c27-cf24-4d90-9a81-2a4e4904b019@group-CEED09A8AD4A-LeaderElection66] INFO  server.RaftServerConfigKeys (ConfUtils.java:logGet(44)) - raft.server.log.appender.buffer.byte-limit = 33554432 (custom)
2020-06-27 08:19:44,990 [93ff5c27-cf24-4d90-9a81-2a4e4904b019@group-CEED09A8AD4A-LeaderElection66] INFO  server.RaftServerConfigKeys (ConfUtils.java:logGet(44)) - raft.server.log.appender.buffer.element-limit = 1 (custom)
2020-06-27 08:19:44,990 [IPC Server handler 1 on default port 34065] INFO  volume.OMVolumeCreateRequest (OMVolumeCreateRequest.java:validateAndUpdateCache(208)) - created volume:watchforcommithandlingtest for user:jenkins1001
2020-06-27 08:19:44,995 [93ff5c27-cf24-4d90-9a81-2a4e4904b019@group-CEED09A8AD4A-LeaderElection66] INFO  grpc.GrpcConfigKeys (ConfUtils.java:logGet(44)) - raft.grpc.server.leader.outstanding.appends.max = 128 (default)
2020-06-27 08:19:44,995 [93ff5c27-cf24-4d90-9a81-2a4e4904b019@group-CEED09A8AD4A-LeaderElection66] INFO  server.RaftServerConfigKeys (ConfUtils.java:logGet(44)) - raft.server.rpc.request.timeout = 3s (default)
2020-06-27 08:19:44,995 [93ff5c27-cf24-4d90-9a81-2a4e4904b019@group-CEED09A8AD4A-LeaderElection66] INFO  server.RaftServerConfigKeys (ConfUtils.java:logGet(44)) - raft.server.log.appender.install.snapshot.enabled = false (custom)
2020-06-27 08:19:44,995 [Thread-1755] INFO  impl.FollowerState (FollowerState.java:run(108)) - 99a07450-395a-4667-b554-43c43076656b@group-605ED3440294-FollowerState: change to CANDIDATE, lastRpcTime:5028ms, electionTimeout:5025ms
2020-06-27 08:19:44,997 [Thread-1755] INFO  impl.RoleInfo (RoleInfo.java:shutdownFollowerState(121)) - 99a07450-395a-4667-b554-43c43076656b: shutdown FollowerState
2020-06-27 08:19:44,997 [Thread-1755] INFO  impl.RaftServerImpl (RaftServerImpl.java:setRole(175)) - 99a07450-395a-4667-b554-43c43076656b@group-605ED3440294: changes role from  FOLLOWER to CANDIDATE at term 0 for changeToCandidate
2020-06-27 08:19:44,997 [Thread-1755] INFO  impl.RoleInfo (RoleInfo.java:updateAndGet(143)) - 99a07450-395a-4667-b554-43c43076656b: start LeaderElection
2020-06-27 08:19:44,999 [93ff5c27-cf24-4d90-9a81-2a4e4904b019@group-CEED09A8AD4A-LeaderElection66] INFO  impl.RoleInfo (RoleInfo.java:updateAndGet(143)) - 93ff5c27-cf24-4d90-9a81-2a4e4904b019: start LeaderState
2020-06-27 08:19:44,999 [93ff5c27-cf24-4d90-9a81-2a4e4904b019@group-CEED09A8AD4A-LeaderElection66] INFO  segmented.SegmentedRaftLogWorker (SegmentedRaftLogWorker.java:startLogSegment(397)) - 93ff5c27-cf24-4d90-9a81-2a4e4904b019@group-CEED09A8AD4A-SegmentedRaftLogWorker: Starting segment from index:0
2020-06-27 08:19:45,004 [dbedbf7e-64a3-44c7-b6dd-b08f95c937b2@group-43DBBF309B5D-LeaderElection67] INFO  impl.LeaderElection (LeaderElection.java:askForVotes(206)) - dbedbf7e-64a3-44c7-b6dd-b08f95c937b2@group-43DBBF309B5D-LeaderElection67: begin an election at term 1 for -1: [dbedbf7e-64a3-44c7-b6dd-b08f95c937b2:172.17.0.2:45687], old=null
2020-06-27 08:19:45,004 [dbedbf7e-64a3-44c7-b6dd-b08f95c937b2@group-43DBBF309B5D-LeaderElection67] INFO  impl.RoleInfo (RoleInfo.java:shutdownLeaderElection(134)) - dbedbf7e-64a3-44c7-b6dd-b08f95c937b2: shutdown LeaderElection
2020-06-27 08:19:45,004 [dbedbf7e-64a3-44c7-b6dd-b08f95c937b2@group-43DBBF309B5D-LeaderElection67] INFO  impl.RaftServerImpl (RaftServerImpl.java:setRole(175)) - dbedbf7e-64a3-44c7-b6dd-b08f95c937b2@group-43DBBF309B5D: changes role from CANDIDATE to LEADER at term 1 for changeToLeader
2020-06-27 08:19:45,004 [dbedbf7e-64a3-44c7-b6dd-b08f95c937b2@group-43DBBF309B5D-LeaderElection67] INFO  ratis.XceiverServerRatis (XceiverServerRatis.java:handleLeaderChangedNotification(762)) - Leader change notification received for group: group-43DBBF309B5D with new leaderId: dbedbf7e-64a3-44c7-b6dd-b08f95c937b2
2020-06-27 08:19:45,004 [dbedbf7e-64a3-44c7-b6dd-b08f95c937b2@group-43DBBF309B5D-LeaderElection67] INFO  impl.RaftServerImpl (ServerState.java:setLeader(255)) - dbedbf7e-64a3-44c7-b6dd-b08f95c937b2@group-43DBBF309B5D: change Leader from null to dbedbf7e-64a3-44c7-b6dd-b08f95c937b2 at term 1 for becomeLeader, leader elected after 5201ms
2020-06-27 08:19:45,004 [dbedbf7e-64a3-44c7-b6dd-b08f95c937b2@group-43DBBF309B5D-LeaderElection67] INFO  server.RaftServerConfigKeys (ConfUtils.java:logGet(44)) - raft.server.staging.catchup.gap = 1000 (default)
2020-06-27 08:19:45,004 [dbedbf7e-64a3-44c7-b6dd-b08f95c937b2@group-43DBBF309B5D-LeaderElection67] INFO  server.RaftServerConfigKeys (ConfUtils.java:logGet(44)) - raft.server.rpc.sleep.time = 25ms (default)
2020-06-27 08:19:45,004 [dbedbf7e-64a3-44c7-b6dd-b08f95c937b2@group-43DBBF309B5D-LeaderElection67] INFO  metrics.RatisMetrics (RatisMetrics.java:lambda$create$0(36)) - Creating Metrics Registry : ratis.log_appender.dbedbf7e-64a3-44c7-b6dd-b08f95c937b2@group-43DBBF309B5D
2020-06-27 08:19:45,004 [dbedbf7e-64a3-44c7-b6dd-b08f95c937b2@group-43DBBF309B5D-LeaderElection67] INFO  server.RaftServerConfigKeys (ConfUtils.java:logGet(44)) - raft.server.write.element-limit = 1024 (custom)
2020-06-27 08:19:45,004 [dbedbf7e-64a3-44c7-b6dd-b08f95c937b2@group-43DBBF309B5D-LeaderElection67] INFO  server.RaftServerConfigKeys (ConfUtils.java:logGet(44)) - raft.server.write.byte-limit = 1073741824 (custom)
2020-06-27 08:19:45,005 [dbedbf7e-64a3-44c7-b6dd-b08f95c937b2@group-43DBBF309B5D-LeaderElection67] INFO  server.RaftServerConfigKeys (ConfUtils.java:logGet(44)) - raft.server.watch.timeout = 3s (custom)
2020-06-27 08:19:45,005 [dbedbf7e-64a3-44c7-b6dd-b08f95c937b2@group-43DBBF309B5D-LeaderElection67] INFO  server.RaftServerConfigKeys (ConfUtils.java:logGet(44)) - raft.server.watch.timeout.denomination = 1s (default)
2020-06-27 08:19:45,005 [dbedbf7e-64a3-44c7-b6dd-b08f95c937b2@group-43DBBF309B5D-LeaderElection67] INFO  server.RaftServerConfigKeys (ConfUtils.java:logGet(44)) - raft.server.watch.element-limit = 65536 (default)
2020-06-27 08:19:45,005 [dbedbf7e-64a3-44c7-b6dd-b08f95c937b2@group-43DBBF309B5D-LeaderElection67] INFO  impl.RoleInfo (RoleInfo.java:updateAndGet(143)) - dbedbf7e-64a3-44c7-b6dd-b08f95c937b2: start LeaderState
2020-06-27 08:19:45,006 [dbedbf7e-64a3-44c7-b6dd-b08f95c937b2@group-43DBBF309B5D-LeaderElection67] INFO  segmented.SegmentedRaftLogWorker (SegmentedRaftLogWorker.java:startLogSegment(397)) - dbedbf7e-64a3-44c7-b6dd-b08f95c937b2@group-43DBBF309B5D-SegmentedRaftLogWorker: Starting segment from index:0
2020-06-27 08:19:45,006 [93ff5c27-cf24-4d90-9a81-2a4e4904b019@group-CEED09A8AD4A-SegmentedRaftLogWorker] INFO  segmented.SegmentedRaftLogWorker (SegmentedRaftLogWorker.java:execute(596)) - 93ff5c27-cf24-4d90-9a81-2a4e4904b019@group-CEED09A8AD4A-SegmentedRaftLogWorker: created new log segment /github/workspace/mnt/ozone/hadoop-ozone/integration-test/target/test-dir/MiniOzoneClusterImpl-1d3054ed-691e-4733-a773-d2ff76104d42/datanode-6/data/ratis/ac5d7b3c-5ee7-483f-b489-ceed09a8ad4a/current/log_inprogress_0
2020-06-27 08:19:45,007 [dbedbf7e-64a3-44c7-b6dd-b08f95c937b2@group-43DBBF309B5D-LeaderElection67] INFO  impl.RaftServerImpl (ServerState.java:setRaftConf(356)) - dbedbf7e-64a3-44c7-b6dd-b08f95c937b2@group-43DBBF309B5D: set configuration 0: [dbedbf7e-64a3-44c7-b6dd-b08f95c937b2:172.17.0.2:45687], old=null at 0
2020-06-27 08:19:45,007 [dbedbf7e-64a3-44c7-b6dd-b08f95c937b2@group-43DBBF309B5D-SegmentedRaftLogWorker] INFO  segmented.SegmentedRaftLogWorker (SegmentedRaftLogWorker.java:execute(596)) - dbedbf7e-64a3-44c7-b6dd-b08f95c937b2@group-43DBBF309B5D-SegmentedRaftLogWorker: created new log segment /github/workspace/mnt/ozone/hadoop-ozone/integration-test/target/test-dir/MiniOzoneClusterImpl-1d3054ed-691e-4733-a773-d2ff76104d42/datanode-5/data/ratis/32a5caaf-d8af-424c-8ae1-43dbbf309b5d/current/log_inprogress_0
2020-06-27 08:19:45,015 [Thread-1751] INFO  impl.FollowerState (FollowerState.java:run(108)) - bd28fdde-8be9-44b6-aac4-f5ad5eca5270@group-E4FBDEB1F4EC-FollowerState: change to CANDIDATE, lastRpcTime:5070ms, electionTimeout:5070ms
2020-06-27 08:19:45,016 [93ff5c27-cf24-4d90-9a81-2a4e4904b019@group-CEED09A8AD4A-LeaderElection66] INFO  impl.RaftServerImpl (ServerState.java:setRaftConf(356)) - 93ff5c27-cf24-4d90-9a81-2a4e4904b019@group-CEED09A8AD4A: set configuration 0: [99a07450-395a-4667-b554-43c43076656b:172.17.0.2:33341, 93ff5c27-cf24-4d90-9a81-2a4e4904b019:172.17.0.2:43727, bd28fdde-8be9-44b6-aac4-f5ad5eca5270:172.17.0.2:39899], old=null at 0
2020-06-27 08:19:45,021 [Listener at 127.0.0.1/34065] INFO  rpc.RpcClient (RpcClient.java:createBucket(453)) - Creating Bucket: watchforcommithandlingtest/watchforcommithandlingtest, with Versioning false and Storage Type set to DISK and Encryption set to false 
2020-06-27 08:19:45,023 [Listener at 127.0.0.1/34065] INFO  ozone.MiniOzoneClusterImpl (MiniOzoneClusterImpl.java:getStorageContainerLocationClient(289)) - Creating StorageContainerLocationProtocol RPC client with address /0.0.0.0:43071
2020-06-27 08:19:45,029 [Thread-1751] INFO  impl.RoleInfo (RoleInfo.java:shutdownFollowerState(121)) - bd28fdde-8be9-44b6-aac4-f5ad5eca5270: shutdown FollowerState
2020-06-27 08:19:45,029 [Thread-1751] INFO  impl.RaftServerImpl (RaftServerImpl.java:setRole(175)) - bd28fdde-8be9-44b6-aac4-f5ad5eca5270@group-E4FBDEB1F4EC: changes role from  FOLLOWER to CANDIDATE at term 0 for changeToCandidate
2020-06-27 08:19:45,029 [Thread-1751] INFO  impl.RoleInfo (RoleInfo.java:updateAndGet(143)) - bd28fdde-8be9-44b6-aac4-f5ad5eca5270: start LeaderElection
2020-06-27 08:19:45,032 [99a07450-395a-4667-b554-43c43076656b@group-605ED3440294-LeaderElection68] INFO  impl.LeaderElection (LeaderElection.java:askForVotes(206)) - 99a07450-395a-4667-b554-43c43076656b@group-605ED3440294-LeaderElection68: begin an election at term 1 for -1: [99a07450-395a-4667-b554-43c43076656b:172.17.0.2:33341], old=null
2020-06-27 08:19:45,032 [99a07450-395a-4667-b554-43c43076656b@group-605ED3440294-LeaderElection68] INFO  impl.RoleInfo (RoleInfo.java:shutdownLeaderElection(134)) - 99a07450-395a-4667-b554-43c43076656b: shutdown LeaderElection
2020-06-27 08:19:45,032 [99a07450-395a-4667-b554-43c43076656b@group-605ED3440294-LeaderElection68] INFO  impl.RaftServerImpl (RaftServerImpl.java:setRole(175)) - 99a07450-395a-4667-b554-43c43076656b@group-605ED3440294: changes role from CANDIDATE to LEADER at term 1 for changeToLeader
2020-06-27 08:19:45,032 [99a07450-395a-4667-b554-43c43076656b@group-605ED3440294-LeaderElection68] INFO  ratis.XceiverServerRatis (XceiverServerRatis.java:handleLeaderChangedNotification(762)) - Leader change notification received for group: group-605ED3440294 with new leaderId: 99a07450-395a-4667-b554-43c43076656b
2020-06-27 08:19:45,033 [99a07450-395a-4667-b554-43c43076656b@group-605ED3440294-LeaderElection68] INFO  impl.RaftServerImpl (ServerState.java:setLeader(255)) - 99a07450-395a-4667-b554-43c43076656b@group-605ED3440294: change Leader from null to 99a07450-395a-4667-b554-43c43076656b at term 1 for becomeLeader, leader elected after 5072ms
2020-06-27 08:19:45,034 [99a07450-395a-4667-b554-43c43076656b@group-605ED3440294-LeaderElection68] INFO  server.RaftServerConfigKeys (ConfUtils.java:logGet(44)) - raft.server.staging.catchup.gap = 1000 (default)
2020-06-27 08:19:45,034 [99a07450-395a-4667-b554-43c43076656b@group-605ED3440294-LeaderElection68] INFO  server.RaftServerConfigKeys (ConfUtils.java:logGet(44)) - raft.server.rpc.sleep.time = 25ms (default)
2020-06-27 08:19:45,034 [99a07450-395a-4667-b554-43c43076656b@group-605ED3440294-LeaderElection68] INFO  metrics.RatisMetrics (RatisMetrics.java:lambda$create$0(36)) - Creating Metrics Registry : ratis.log_appender.99a07450-395a-4667-b554-43c43076656b@group-605ED3440294
2020-06-27 08:19:45,034 [99a07450-395a-4667-b554-43c43076656b@group-605ED3440294-LeaderElection68] INFO  server.RaftServerConfigKeys (ConfUtils.java:logGet(44)) - raft.server.write.element-limit = 1024 (custom)
2020-06-27 08:19:45,034 [99a07450-395a-4667-b554-43c43076656b@group-605ED3440294-LeaderElection68] INFO  server.RaftServerConfigKeys (ConfUtils.java:logGet(44)) - raft.server.write.byte-limit = 1073741824 (custom)
2020-06-27 08:19:45,035 [99a07450-395a-4667-b554-43c43076656b@group-605ED3440294-LeaderElection68] INFO  server.RaftServerConfigKeys (ConfUtils.java:logGet(44)) - raft.server.watch.timeout = 3s (custom)
2020-06-27 08:19:45,035 [99a07450-395a-4667-b554-43c43076656b@group-605ED3440294-LeaderElection68] INFO  server.RaftServerConfigKeys (ConfUtils.java:logGet(44)) - raft.server.watch.timeout.denomination = 1s (default)
2020-06-27 08:19:45,035 [99a07450-395a-4667-b554-43c43076656b@group-605ED3440294-LeaderElection68] INFO  server.RaftServerConfigKeys (ConfUtils.java:logGet(44)) - raft.server.watch.element-limit = 65536 (default)
2020-06-27 08:19:45,035 [99a07450-395a-4667-b554-43c43076656b@group-605ED3440294-LeaderElection68] INFO  impl.RoleInfo (RoleInfo.java:updateAndGet(143)) - 99a07450-395a-4667-b554-43c43076656b: start LeaderState
2020-06-27 08:19:45,035 [99a07450-395a-4667-b554-43c43076656b@group-605ED3440294-LeaderElection68] INFO  segmented.SegmentedRaftLogWorker (SegmentedRaftLogWorker.java:startLogSegment(397)) - 99a07450-395a-4667-b554-43c43076656b@group-605ED3440294-SegmentedRaftLogWorker: Starting segment from index:0
2020-06-27 08:19:45,036 [99a07450-395a-4667-b554-43c43076656b@group-605ED3440294-LeaderElection68] INFO  impl.RaftServerImpl (ServerState.java:setRaftConf(356)) - 99a07450-395a-4667-b554-43c43076656b@group-605ED3440294: set configuration 0: [99a07450-395a-4667-b554-43c43076656b:172.17.0.2:33341], old=null at 0
2020-06-27 08:19:45,037 [grpc-default-executor-7] INFO  ratis.XceiverServerRatis (XceiverServerRatis.java:handleLeaderChangedNotification(762)) - Leader change notification received for group: group-CEED09A8AD4A with new leaderId: 93ff5c27-cf24-4d90-9a81-2a4e4904b019
2020-06-27 08:19:45,037 [grpc-default-executor-7] INFO  impl.RaftServerImpl (ServerState.java:setLeader(255)) - 99a07450-395a-4667-b554-43c43076656b@group-CEED09A8AD4A: change Leader from null to 93ff5c27-cf24-4d90-9a81-2a4e4904b019 at term 1 for appendEntries, leader elected after 5145ms
2020-06-27 08:19:45,040 [grpc-default-executor-5] DEBUG impl.RaftServerImpl (RaftServerImpl.java:submitClientRequestAsync(575)) - 1cf265a5-6a03-47fd-ad13-ec32897c6af9@group-E9D3221C1EB6: receive client request(RaftClientRequest:client-9EEE033E50A4->1cf265a5-6a03-47fd-ad13-ec32897c6af9@group-E9D3221C1EB6, cid=76, seq=1*, Watch(0), Message:<EMPTY>)
2020-06-27 08:19:45,040 [grpc-default-executor-5] DEBUG impl.RaftServerImpl (LeaderState.java:addWatchReqeust(353)) - 1cf265a5-6a03-47fd-ad13-ec32897c6af9@group-E9D3221C1EB6-LeaderState: addWatchRequest RaftClientRequest:client-9EEE033E50A4->1cf265a5-6a03-47fd-ad13-ec32897c6af9@group-E9D3221C1EB6, cid=76, seq=1*, Watch(0), Message:<EMPTY>
2020-06-27 08:19:45,040 [99a07450-395a-4667-b554-43c43076656b@group-605ED3440294-SegmentedRaftLogWorker] INFO  segmented.SegmentedRaftLogWorker (SegmentedRaftLogWorker.java:execute(596)) - 99a07450-395a-4667-b554-43c43076656b@group-605ED3440294-SegmentedRaftLogWorker: created new log segment /github/workspace/mnt/ozone/hadoop-ozone/integration-test/target/test-dir/MiniOzoneClusterImpl-1d3054ed-691e-4733-a773-d2ff76104d42/datanode-8/data/ratis/51c1be0b-4cee-4c25-bdca-605ed3440294/current/log_inprogress_0
2020-06-27 08:19:45,041 [grpc-default-executor-7] DEBUG impl.RaftServerImpl (RaftServerImpl.java:logAppendEntries(928)) - 99a07450-395a-4667-b554-43c43076656b@group-CEED09A8AD4A: receive appendEntries(93ff5c27-cf24-4d90-9a81-2a4e4904b019, 1, null, -1, false, commits[93ff5c27-cf24-4d90-9a81-2a4e4904b019:c-1, 99a07450-395a-4667-b554-43c43076656b:c-1, bd28fdde-8be9-44b6-aac4-f5ad5eca5270:c-1], entries: (t:1, i:0), CONFIGURATIONENTRY
2020-06-27 08:19:45,042 [grpc-default-executor-7] INFO  impl.RaftServerImpl (ServerState.java:setRaftConf(356)) - 99a07450-395a-4667-b554-43c43076656b@group-CEED09A8AD4A: set configuration 0: [99a07450-395a-4667-b554-43c43076656b:172.17.0.2:33341, 93ff5c27-cf24-4d90-9a81-2a4e4904b019:172.17.0.2:43727, bd28fdde-8be9-44b6-aac4-f5ad5eca5270:172.17.0.2:39899], old=null at 0
2020-06-27 08:19:45,044 [grpc-default-executor-4] INFO  ratis.XceiverServerRatis (XceiverServerRatis.java:handleLeaderChangedNotification(762)) - Leader change notification received for group: group-CEED09A8AD4A with new leaderId: 93ff5c27-cf24-4d90-9a81-2a4e4904b019
2020-06-27 08:19:45,044 [grpc-default-executor-4] INFO  impl.RaftServerImpl (ServerState.java:setLeader(255)) - bd28fdde-8be9-44b6-aac4-f5ad5eca5270@group-CEED09A8AD4A: change Leader from null to 93ff5c27-cf24-4d90-9a81-2a4e4904b019 at term 1 for appendEntries, leader elected after 5104ms
2020-06-27 08:19:45,045 [grpc-default-executor-7] INFO  segmented.SegmentedRaftLogWorker (SegmentedRaftLogWorker.java:startLogSegment(397)) - 99a07450-395a-4667-b554-43c43076656b@group-CEED09A8AD4A-SegmentedRaftLogWorker: Starting segment from index:0
2020-06-27 08:19:45,045 [bd28fdde-8be9-44b6-aac4-f5ad5eca5270@group-E4FBDEB1F4EC-LeaderElection69] INFO  impl.LeaderElection (LeaderElection.java:askForVotes(206)) - bd28fdde-8be9-44b6-aac4-f5ad5eca5270@group-E4FBDEB1F4EC-LeaderElection69: begin an election at term 1 for -1: [bd28fdde-8be9-44b6-aac4-f5ad5eca5270:172.17.0.2:39899], old=null
2020-06-27 08:19:45,045 [bd28fdde-8be9-44b6-aac4-f5ad5eca5270@group-E4FBDEB1F4EC-LeaderElection69] INFO  impl.RoleInfo (RoleInfo.java:shutdownLeaderElection(134)) - bd28fdde-8be9-44b6-aac4-f5ad5eca5270: shutdown LeaderElection
2020-06-27 08:19:45,045 [bd28fdde-8be9-44b6-aac4-f5ad5eca5270@group-E4FBDEB1F4EC-LeaderElection69] INFO  impl.RaftServerImpl (RaftServerImpl.java:setRole(175)) - bd28fdde-8be9-44b6-aac4-f5ad5eca5270@group-E4FBDEB1F4EC: changes role from CANDIDATE to LEADER at term 1 for changeToLeader
2020-06-27 08:19:45,045 [bd28fdde-8be9-44b6-aac4-f5ad5eca5270@group-E4FBDEB1F4EC-LeaderElection69] INFO  ratis.XceiverServerRatis (XceiverServerRatis.java:handleLeaderChangedNotification(762)) - Leader change notification received for group: group-E4FBDEB1F4EC with new leaderId: bd28fdde-8be9-44b6-aac4-f5ad5eca5270
2020-06-27 08:19:45,045 [bd28fdde-8be9-44b6-aac4-f5ad5eca5270@group-E4FBDEB1F4EC-LeaderElection69] INFO  impl.RaftServerImpl (ServerState.java:setLeader(255)) - bd28fdde-8be9-44b6-aac4-f5ad5eca5270@group-E4FBDEB1F4EC: change Leader from null to bd28fdde-8be9-44b6-aac4-f5ad5eca5270 at term 1 for becomeLeader, leader elected after 5116ms
2020-06-27 08:19:45,046 [bd28fdde-8be9-44b6-aac4-f5ad5eca5270@group-E4FBDEB1F4EC-LeaderElection69] INFO  server.RaftServerConfigKeys (ConfUtils.java:logGet(44)) - raft.server.staging.catchup.gap = 1000 (default)
2020-06-27 08:19:45,046 [bd28fdde-8be9-44b6-aac4-f5ad5eca5270@group-E4FBDEB1F4EC-LeaderElection69] INFO  server.RaftServerConfigKeys (ConfUtils.java:logGet(44)) - raft.server.rpc.sleep.time = 25ms (default)
2020-06-27 08:19:45,046 [bd28fdde-8be9-44b6-aac4-f5ad5eca5270@group-E4FBDEB1F4EC-LeaderElection69] INFO  metrics.RatisMetrics (RatisMetrics.java:lambda$create$0(36)) - Creating Metrics Registry : ratis.log_appender.bd28fdde-8be9-44b6-aac4-f5ad5eca5270@group-E4FBDEB1F4EC
2020-06-27 08:19:45,046 [bd28fdde-8be9-44b6-aac4-f5ad5eca5270@group-E4FBDEB1F4EC-LeaderElection69] INFO  server.RaftServerConfigKeys (ConfUtils.java:logGet(44)) - raft.server.write.element-limit = 1024 (custom)
2020-06-27 08:19:45,046 [bd28fdde-8be9-44b6-aac4-f5ad5eca5270@group-E4FBDEB1F4EC-LeaderElection69] INFO  server.RaftServerConfigKeys (ConfUtils.java:logGet(44)) - raft.server.write.byte-limit = 1073741824 (custom)
2020-06-27 08:19:45,046 [99a07450-395a-4667-b554-43c43076656b@group-CEED09A8AD4A-SegmentedRaftLogWorker] INFO  segmented.SegmentedRaftLogWorker (SegmentedRaftLogWorker.java:execute(596)) - 99a07450-395a-4667-b554-43c43076656b@group-CEED09A8AD4A-SegmentedRaftLogWorker: created new log segment /github/workspace/mnt/ozone/hadoop-ozone/integration-test/target/test-dir/MiniOzoneClusterImpl-1d3054ed-691e-4733-a773-d2ff76104d42/datanode-8/data/ratis/ac5d7b3c-5ee7-483f-b489-ceed09a8ad4a/current/log_inprogress_0
2020-06-27 08:19:45,053 [grpc-default-executor-7] DEBUG impl.RaftServerImpl (RaftServerImpl.java:logAppendEntries(928)) - bd28fdde-8be9-44b6-aac4-f5ad5eca5270@group-CEED09A8AD4A: receive appendEntries(93ff5c27-cf24-4d90-9a81-2a4e4904b019, 1, null, 0, false, commits[93ff5c27-cf24-4d90-9a81-2a4e4904b019:c0, 99a07450-395a-4667-b554-43c43076656b:c-1, bd28fdde-8be9-44b6-aac4-f5ad5eca5270:c-1], entries: (t:1, i:0), CONFIGURATIONENTRY
2020-06-27 08:19:45,053 [grpc-default-executor-5] DEBUG server.GrpcLogAppender (GrpcLogAppender.java:onNext(257)) - 93ff5c27-cf24-4d90-9a81-2a4e4904b019@group-CEED09A8AD4A->bd28fdde-8be9-44b6-aac4-f5ad5eca5270-AppendLogResponseHandler: received the first reply 93ff5c27-cf24-4d90-9a81-2a4e4904b019<-bd28fdde-8be9-44b6-aac4-f5ad5eca5270#0:OK,SUCCESS,nextIndex:0,term:1,followerCommit:-1, request=AppendEntriesRequest:cid=0,entriesCount=0,lastEntry=null
2020-06-27 08:19:45,053 [grpc-default-executor-4] DEBUG server.GrpcLogAppender (GrpcLogAppender.java:onNext(257)) - 93ff5c27-cf24-4d90-9a81-2a4e4904b019@group-CEED09A8AD4A->99a07450-395a-4667-b554-43c43076656b-AppendLogResponseHandler: received the first reply 93ff5c27-cf24-4d90-9a81-2a4e4904b019<-99a07450-395a-4667-b554-43c43076656b#0:OK,SUCCESS,nextIndex:1,term:1,followerCommit:-1, request=AppendEntriesRequest:cid=0,entriesCount=0,lastEntry=null
2020-06-27 08:19:45,056 [grpc-default-executor-6] DEBUG impl.RaftServerImpl (RaftServerImpl.java:submitClientRequestAsync(575)) - 1cf265a5-6a03-47fd-ad13-ec32897c6af9@group-E9D3221C1EB6: receive client request(RaftClientRequest:client-9EEE033E50A4->1cf265a5-6a03-47fd-ad13-ec32897c6af9@group-E9D3221C1EB6, cid=77, seq=2, RW, Message:0000002e080112001801...(size=50))
2020-06-27 08:19:45,061 [bd28fdde-8be9-44b6-aac4-f5ad5eca5270@group-E4FBDEB1F4EC-LeaderElection69] INFO  server.RaftServerConfigKeys (ConfUtils.java:logGet(44)) - raft.server.watch.timeout = 3s (custom)
2020-06-27 08:19:45,061 [bd28fdde-8be9-44b6-aac4-f5ad5eca5270@group-E4FBDEB1F4EC-LeaderElection69] INFO  server.RaftServerConfigKeys (ConfUtils.java:logGet(44)) - raft.server.watch.timeout.denomination = 1s (default)
2020-06-27 08:19:45,062 [bd28fdde-8be9-44b6-aac4-f5ad5eca5270@group-E4FBDEB1F4EC-LeaderElection69] INFO  server.RaftServerConfigKeys (ConfUtils.java:logGet(44)) - raft.server.watch.element-limit = 65536 (default)
2020-06-27 08:19:45,062 [bd28fdde-8be9-44b6-aac4-f5ad5eca5270@group-E4FBDEB1F4EC-LeaderElection69] INFO  impl.RoleInfo (RoleInfo.java:updateAndGet(143)) - bd28fdde-8be9-44b6-aac4-f5ad5eca5270: start LeaderState
2020-06-27 08:19:45,063 [grpc-default-executor-7] INFO  impl.RaftServerImpl (ServerState.java:setRaftConf(356)) - bd28fdde-8be9-44b6-aac4-f5ad5eca5270@group-CEED09A8AD4A: set configuration 0: [99a07450-395a-4667-b554-43c43076656b:172.17.0.2:33341, 93ff5c27-cf24-4d90-9a81-2a4e4904b019:172.17.0.2:43727, bd28fdde-8be9-44b6-aac4-f5ad5eca5270:172.17.0.2:39899], old=null at 0
2020-06-27 08:19:45,064 [grpc-default-executor-6] DEBUG impl.RaftServerImpl (LeaderState.java:addPendingRequest(335)) - 1cf265a5-6a03-47fd-ad13-ec32897c6af9@group-E9D3221C1EB6-LeaderState: addPendingRequest at RaftClientRequest:client-9EEE033E50A4->1cf265a5-6a03-47fd-ad13-ec32897c6af9@group-E9D3221C1EB6, cid=77, seq=2, RW, Message:0000002e080112001801...(size=50), entry=(t:1, i:1), STATEMACHINELOGENTRY, client-9EEE033E50A4, cid=77
2020-06-27 08:19:45,065 [grpc-default-executor-4] DEBUG impl.RaftServerImpl (RaftServerImpl.java:logAppendEntries(928)) - bf10b53c-012b-4fa1-b197-82d4c3bdb60c@group-E9D3221C1EB6: receive appendEntries(1cf265a5-6a03-47fd-ad13-ec32897c6af9, 1, (t:1, i:0), 0, false, commits[1cf265a5-6a03-47fd-ad13-ec32897c6af9:c0, bf10b53c-012b-4fa1-b197-82d4c3bdb60c:c0, dbedbf7e-64a3-44c7-b6dd-b08f95c937b2:c0], entries: (t:1, i:1), STATEMACHINELOGENTRY, client-9EEE033E50A4, cid=77
2020-06-27 08:19:45,065 [grpc-default-executor-5] DEBUG impl.RaftServerImpl (RaftServerImpl.java:logAppendEntries(928)) - dbedbf7e-64a3-44c7-b6dd-b08f95c937b2@group-E9D3221C1EB6: receive appendEntries(1cf265a5-6a03-47fd-ad13-ec32897c6af9, 1, (t:1, i:0), 0, false, commits[1cf265a5-6a03-47fd-ad13-ec32897c6af9:c0, bf10b53c-012b-4fa1-b197-82d4c3bdb60c:c0, dbedbf7e-64a3-44c7-b6dd-b08f95c937b2:c0], entries: (t:1, i:1), STATEMACHINELOGENTRY, client-9EEE033E50A4, cid=77
2020-06-27 08:19:45,066 [Thread-1814] DEBUG impl.RaftServerImpl (RaftServerImpl.java:logAppendEntries(928)) - bf10b53c-012b-4fa1-b197-82d4c3bdb60c@group-E9D3221C1EB6: succeeded to handle AppendEntries. Reply: 1cf265a5-6a03-47fd-ad13-ec32897c6af9<-bf10b53c-012b-4fa1-b197-82d4c3bdb60c#2:OK,SUCCESS,nextIndex:2,term:1,followerCommit:0
2020-06-27 08:19:45,066 [Thread-1815] DEBUG impl.RaftServerImpl (RaftServerImpl.java:logAppendEntries(928)) - dbedbf7e-64a3-44c7-b6dd-b08f95c937b2@group-E9D3221C1EB6: succeeded to handle AppendEntries. Reply: 1cf265a5-6a03-47fd-ad13-ec32897c6af9<-dbedbf7e-64a3-44c7-b6dd-b08f95c937b2#2:OK,SUCCESS,nextIndex:2,term:1,followerCommit:0
2020-06-27 08:19:45,067 [grpc-default-executor-5] DEBUG server.GrpcLogAppender (GrpcLogAppender.java:onNext(257)) - 1cf265a5-6a03-47fd-ad13-ec32897c6af9@group-E9D3221C1EB6->bf10b53c-012b-4fa1-b197-82d4c3bdb60c-AppendLogResponseHandler: received a reply 1cf265a5-6a03-47fd-ad13-ec32897c6af9<-bf10b53c-012b-4fa1-b197-82d4c3bdb60c#2:OK,SUCCESS,nextIndex:2,term:1,followerCommit:0, request=AppendEntriesRequest:cid=2,entriesCount=1,lastEntry=(t:1, i:1)
2020-06-27 08:19:45,067 [grpc-default-executor-6] DEBUG server.GrpcLogAppender (GrpcLogAppender.java:onNext(257)) - 1cf265a5-6a03-47fd-ad13-ec32897c6af9@group-E9D3221C1EB6->dbedbf7e-64a3-44c7-b6dd-b08f95c937b2-AppendLogResponseHandler: received a reply 1cf265a5-6a03-47fd-ad13-ec32897c6af9<-dbedbf7e-64a3-44c7-b6dd-b08f95c937b2#2:OK,SUCCESS,nextIndex:2,term:1,followerCommit:0, request=AppendEntriesRequest:cid=2,entriesCount=1,lastEntry=(t:1, i:1)
2020-06-27 08:19:45,068 [grpc-default-executor-6] DEBUG impl.RaftServerImpl (RaftServerImpl.java:logAppendEntries(928)) - bf10b53c-012b-4fa1-b197-82d4c3bdb60c@group-E9D3221C1EB6: receive appendEntries(1cf265a5-6a03-47fd-ad13-ec32897c6af9, 1, (t:1, i:1), 1, false, commits[1cf265a5-6a03-47fd-ad13-ec32897c6af9:c1, bf10b53c-012b-4fa1-b197-82d4c3bdb60c:c0, dbedbf7e-64a3-44c7-b6dd-b08f95c937b2:c0], entries: (t:1, i:2), METADATAENTRY(c:1)
2020-06-27 08:19:45,069 [grpc-default-executor-6] DEBUG impl.RaftServerImpl (RaftServerImpl.java:logAppendEntries(928)) - dbedbf7e-64a3-44c7-b6dd-b08f95c937b2@group-E9D3221C1EB6: receive appendEntries(1cf265a5-6a03-47fd-ad13-ec32897c6af9, 1, (t:1, i:1), 1, false, commits[1cf265a5-6a03-47fd-ad13-ec32897c6af9:c1, bf10b53c-012b-4fa1-b197-82d4c3bdb60c:c0, dbedbf7e-64a3-44c7-b6dd-b08f95c937b2:c0], entries: (t:1, i:2), METADATAENTRY(c:1)
2020-06-27 08:19:45,072 [Thread-1817] DEBUG impl.RaftServerImpl (RaftServerImpl.java:logAppendEntries(928)) - bf10b53c-012b-4fa1-b197-82d4c3bdb60c@group-E9D3221C1EB6: succeeded to handle AppendEntries. Reply: 1cf265a5-6a03-47fd-ad13-ec32897c6af9<-bf10b53c-012b-4fa1-b197-82d4c3bdb60c#3:OK,SUCCESS,nextIndex:3,term:1,followerCommit:1
2020-06-27 08:19:45,072 [bd28fdde-8be9-44b6-aac4-f5ad5eca5270@group-E4FBDEB1F4EC-LeaderElection69] INFO  segmented.SegmentedRaftLogWorker (SegmentedRaftLogWorker.java:startLogSegment(397)) - bd28fdde-8be9-44b6-aac4-f5ad5eca5270@group-E4FBDEB1F4EC-SegmentedRaftLogWorker: Starting segment from index:0
2020-06-27 08:19:45,072 [grpc-default-executor-7] INFO  segmented.SegmentedRaftLogWorker (SegmentedRaftLogWorker.java:startLogSegment(397)) - bd28fdde-8be9-44b6-aac4-f5ad5eca5270@group-CEED09A8AD4A-SegmentedRaftLogWorker: Starting segment from index:0
2020-06-27 08:19:45,073 [grpc-default-executor-7] DEBUG server.GrpcLogAppender (GrpcLogAppender.java:onNext(257)) - 1cf265a5-6a03-47fd-ad13-ec32897c6af9@group-E9D3221C1EB6->bf10b53c-012b-4fa1-b197-82d4c3bdb60c-AppendLogResponseHandler: received a reply 1cf265a5-6a03-47fd-ad13-ec32897c6af9<-bf10b53c-012b-4fa1-b197-82d4c3bdb60c#3:OK,SUCCESS,nextIndex:3,term:1,followerCommit:1, request=AppendEntriesRequest:cid=3,entriesCount=1,lastEntry=(t:1, i:2)
2020-06-27 08:19:45,073 [bd28fdde-8be9-44b6-aac4-f5ad5eca5270@group-E4FBDEB1F4EC-LeaderElection69] INFO  impl.RaftServerImpl (ServerState.java:setRaftConf(356)) - bd28fdde-8be9-44b6-aac4-f5ad5eca5270@group-E4FBDEB1F4EC: set configuration 0: [bd28fdde-8be9-44b6-aac4-f5ad5eca5270:172.17.0.2:39899], old=null at 0
2020-06-27 08:19:45,075 [Thread-1818] DEBUG impl.RaftServerImpl (RaftServerImpl.java:logAppendEntries(928)) - dbedbf7e-64a3-44c7-b6dd-b08f95c937b2@group-E9D3221C1EB6: succeeded to handle AppendEntries. Reply: 1cf265a5-6a03-47fd-ad13-ec32897c6af9<-dbedbf7e-64a3-44c7-b6dd-b08f95c937b2#3:OK,SUCCESS,nextIndex:3,term:1,followerCommit:1
2020-06-27 08:19:45,076 [grpc-default-executor-7] DEBUG server.GrpcLogAppender (GrpcLogAppender.java:onNext(257)) - 1cf265a5-6a03-47fd-ad13-ec32897c6af9@group-E9D3221C1EB6->dbedbf7e-64a3-44c7-b6dd-b08f95c937b2-AppendLogResponseHandler: received a reply 1cf265a5-6a03-47fd-ad13-ec32897c6af9<-dbedbf7e-64a3-44c7-b6dd-b08f95c937b2#3:OK,SUCCESS,nextIndex:3,term:1,followerCommit:1, request=AppendEntriesRequest:cid=3,entriesCount=1,lastEntry=(t:1, i:2)
2020-06-27 08:19:45,077 [bd28fdde-8be9-44b6-aac4-f5ad5eca5270@group-CEED09A8AD4A-SegmentedRaftLogWorker] INFO  segmented.SegmentedRaftLogWorker (SegmentedRaftLogWorker.java:execute(596)) - bd28fdde-8be9-44b6-aac4-f5ad5eca5270@group-CEED09A8AD4A-SegmentedRaftLogWorker: created new log segment /github/workspace/mnt/ozone/hadoop-ozone/integration-test/target/test-dir/MiniOzoneClusterImpl-1d3054ed-691e-4733-a773-d2ff76104d42/datanode-7/data/ratis/ac5d7b3c-5ee7-483f-b489-ceed09a8ad4a/current/log_inprogress_0
2020-06-27 08:19:45,078 [bd28fdde-8be9-44b6-aac4-f5ad5eca5270@group-E4FBDEB1F4EC-SegmentedRaftLogWorker] INFO  segmented.SegmentedRaftLogWorker (SegmentedRaftLogWorker.java:execute(596)) - bd28fdde-8be9-44b6-aac4-f5ad5eca5270@group-E4FBDEB1F4EC-SegmentedRaftLogWorker: created new log segment /github/workspace/mnt/ozone/hadoop-ozone/integration-test/target/test-dir/MiniOzoneClusterImpl-1d3054ed-691e-4733-a773-d2ff76104d42/datanode-7/data/ratis/934c1afe-c925-4e72-95c9-e4fbdeb1f4ec/current/log_inprogress_0
2020-06-27 08:19:45,078 [Thread-1821] DEBUG impl.RaftServerImpl (RaftServerImpl.java:logAppendEntries(928)) - 99a07450-395a-4667-b554-43c43076656b@group-CEED09A8AD4A: succeeded to handle AppendEntries. Reply: 93ff5c27-cf24-4d90-9a81-2a4e4904b019<-99a07450-395a-4667-b554-43c43076656b#1:OK,SUCCESS,nextIndex:1,term:1,followerCommit:-1
2020-06-27 08:19:45,079 [grpc-default-executor-7] DEBUG server.GrpcLogAppender (GrpcLogAppender.java:onNext(257)) - 93ff5c27-cf24-4d90-9a81-2a4e4904b019@group-CEED09A8AD4A->99a07450-395a-4667-b554-43c43076656b-AppendLogResponseHandler: received a reply 93ff5c27-cf24-4d90-9a81-2a4e4904b019<-99a07450-395a-4667-b554-43c43076656b#1:OK,SUCCESS,nextIndex:1,term:1,followerCommit:-1, request=AppendEntriesRequest:cid=1,entriesCount=1,lastEntry=(t:1, i:0)
2020-06-27 08:19:45,083 [Thread-1822] DEBUG impl.RaftServerImpl (RaftServerImpl.java:logAppendEntries(928)) - bd28fdde-8be9-44b6-aac4-f5ad5eca5270@group-CEED09A8AD4A: succeeded to handle AppendEntries. Reply: 93ff5c27-cf24-4d90-9a81-2a4e4904b019<-bd28fdde-8be9-44b6-aac4-f5ad5eca5270#1:OK,SUCCESS,nextIndex:1,term:1,followerCommit:0
2020-06-27 08:19:45,088 [grpc-default-executor-7] DEBUG server.GrpcLogAppender (GrpcLogAppender.java:onNext(257)) - 93ff5c27-cf24-4d90-9a81-2a4e4904b019@group-CEED09A8AD4A->bd28fdde-8be9-44b6-aac4-f5ad5eca5270-AppendLogResponseHandler: received a reply 93ff5c27-cf24-4d90-9a81-2a4e4904b019<-bd28fdde-8be9-44b6-aac4-f5ad5eca5270#1:OK,SUCCESS,nextIndex:1,term:1,followerCommit:0, request=AppendEntriesRequest:cid=1,entriesCount=1,lastEntry=(t:1, i:0)
2020-06-27 08:19:45,090 [Listener at 127.0.0.1/34065] INFO  ozone.MiniOzoneClusterImpl (MiniOzoneClusterImpl.java:shutdown(387)) - Shutting down the Mini Ozone Cluster
2020-06-27 08:19:45,090 [Listener at 127.0.0.1/34065] INFO  ozone.MiniOzoneClusterImpl (MiniOzoneClusterImpl.java:stop(402)) - Stopping the Mini Ozone Cluster
2020-06-27 08:19:45,090 [Listener at 127.0.0.1/34065] INFO  ozone.MiniOzoneClusterImpl (MiniOzoneClusterImpl.java:stopOM(484)) - Stopping the OzoneManager
2020-06-27 08:19:45,090 [Listener at 127.0.0.1/34065] INFO  ipc.Server (Server.java:stop(3359)) - Stopping server on 34065
2020-06-27 08:19:45,095 [Listener at 127.0.0.1/34065] INFO  ratis.OzoneManagerDoubleBuffer (OzoneManagerDoubleBuffer.java:stop(458)) - Stopping OMDoubleBuffer flush thread
2020-06-27 08:19:45,097 [IPC Server listener on 0] INFO  ipc.Server (Server.java:run(1330)) - Stopping IPC Server listener on 0
2020-06-27 08:19:45,097 [OMDoubleBufferFlushThread] INFO  ratis.OzoneManagerDoubleBuffer (OzoneManagerDoubleBuffer.java:flushTransactions(357)) - OMDoubleBuffer flush thread OMDoubleBufferFlushThread is interrupted and will exit. OMDoubleBufferFlushThread
2020-06-27 08:19:45,098 [Listener at 127.0.0.1/34065] INFO  utils.BackgroundService (BackgroundService.java:shutdown(157)) - Shutting down service KeyDeletingService
2020-06-27 08:19:45,101 [IPC Server Responder] INFO  ipc.Server (Server.java:run(1465)) - Stopping IPC Server Responder
2020-06-27 08:19:45,105 [Listener at 127.0.0.1/34065] INFO  handler.ContextHandler (ContextHandler.java:doStop(1016)) - Stopped o.e.j.w.WebAppContext@247c43c6{ozoneManager,/,null,UNAVAILABLE}{file:/github/workspace/mnt/ozone/hadoop-ozone/integration-test/target/test-classes/webapps/ozoneManager}
2020-06-27 08:19:45,106 [Listener at 127.0.0.1/34065] INFO  server.AbstractConnector (AbstractConnector.java:doStop(380)) - Stopped ServerConnector@d34c3be{HTTP/1.1,[http/1.1]}{0.0.0.0:0}
2020-06-27 08:19:45,106 [Listener at 127.0.0.1/34065] INFO  server.session (HouseKeeper.java:stopScavenging(158)) - node0 Stopped scavenging
2020-06-27 08:19:45,107 [Listener at 127.0.0.1/34065] INFO  handler.ContextHandler (ContextHandler.java:doStop(1016)) - Stopped o.e.j.s.ServletContextHandler@26d443e3{static,/static,file:///github/workspace/mnt/ozone/hadoop-ozone/integration-test/target/test-classes/webapps/static,UNAVAILABLE}
2020-06-27 08:19:45,107 [Listener at 127.0.0.1/34065] INFO  handler.ContextHandler (ContextHandler.java:doStop(1016)) - Stopped o.e.j.s.ServletContextHandler@70fd1f5c{logs,/logs,file:///github/workspace/mnt/ozone/hadoop-ozone/integration-test/target/log,UNAVAILABLE}
2020-06-27 08:19:45,108 [Listener at 127.0.0.1/34065] INFO  ozone.MiniOzoneClusterImpl (MiniOzoneClusterImpl.java:stopDatanodes(461)) - Stopping the HddsDatanodes
2020-06-27 08:19:45,743 [Datanode State Machine Thread - 0] INFO  statemachine.DatanodeStateMachine (DatanodeStateMachine.java:lambda$startDaemon$0(380)) - Ozone container server started.
2020-06-27 08:19:46,080 [Datanode State Machine Thread - 0] INFO  statemachine.DatanodeStateMachine (DatanodeStateMachine.java:lambda$startDaemon$0(380)) - Ozone container server started.
2020-06-27 08:19:47,575 [grpc-default-executor-7] DEBUG server.GrpcLogAppender (GrpcLogAppender.java:onNext(257)) - 1cf265a5-6a03-47fd-ad13-ec32897c6af9@group-E9D3221C1EB6->bf10b53c-012b-4fa1-b197-82d4c3bdb60c-AppendLogResponseHandler: received a reply 1cf265a5-6a03-47fd-ad13-ec32897c6af9<-bf10b53c-012b-4fa1-b197-82d4c3bdb60c#4:OK,SUCCESS,nextIndex:3,term:1,followerCommit:2, request=AppendEntriesRequest:cid=4,entriesCount=0,lastEntry=null
2020-06-27 08:19:47,578 [grpc-default-executor-7] DEBUG server.GrpcLogAppender (GrpcLogAppender.java:onNext(257)) - 1cf265a5-6a03-47fd-ad13-ec32897c6af9@group-E9D3221C1EB6->dbedbf7e-64a3-44c7-b6dd-b08f95c937b2-AppendLogResponseHandler: received a reply 1cf265a5-6a03-47fd-ad13-ec32897c6af9<-dbedbf7e-64a3-44c7-b6dd-b08f95c937b2#4:OK,SUCCESS,nextIndex:3,term:1,followerCommit:2, request=AppendEntriesRequest:cid=4,entriesCount=0,lastEntry=null
2020-06-27 08:19:47,581 [grpc-default-executor-7] DEBUG server.GrpcLogAppender (GrpcLogAppender.java:onNext(257)) - 93ff5c27-cf24-4d90-9a81-2a4e4904b019@group-CEED09A8AD4A->99a07450-395a-4667-b554-43c43076656b-AppendLogResponseHandler: received a reply 93ff5c27-cf24-4d90-9a81-2a4e4904b019<-99a07450-395a-4667-b554-43c43076656b#2:OK,SUCCESS,nextIndex:1,term:1,followerCommit:0, request=AppendEntriesRequest:cid=2,entriesCount=0,lastEntry=null
2020-06-27 08:19:47,590 [grpc-default-executor-7] DEBUG server.GrpcLogAppender (GrpcLogAppender.java:onNext(257)) - 93ff5c27-cf24-4d90-9a81-2a4e4904b019@group-CEED09A8AD4A->bd28fdde-8be9-44b6-aac4-f5ad5eca5270-AppendLogResponseHandler: received a reply 93ff5c27-cf24-4d90-9a81-2a4e4904b019<-bd28fdde-8be9-44b6-aac4-f5ad5eca5270#2:OK,SUCCESS,nextIndex:1,term:1,followerCommit:0, request=AppendEntriesRequest:cid=2,entriesCount=0,lastEntry=null
2020-06-27 08:19:47,822 [EventQueue-Delayed safe mode statusForReplicationManager] INFO  container.ReplicationManager (ReplicationManager.java:start(176)) - Starting Replication Monitor Thread.
2020-06-27 08:19:47,825 [ReplicationMonitor] INFO  container.ReplicationManager (ReplicationManager.java:run(240)) - Replication Monitor Thread took 1 milliseconds for processing 1 containers.
2020-06-27 08:19:49,801 [Thread-1764] INFO  impl.FollowerState (FollowerState.java:run(108)) - 1678e861-f681-42e2-b20b-e04f00d52311@group-7AAF34FA3258-FollowerState: change to CANDIDATE, lastRpcTime:5115ms, electionTimeout:5107ms
2020-06-27 08:19:49,801 [Thread-1764] INFO  impl.RoleInfo (RoleInfo.java:shutdownFollowerState(121)) - 1678e861-f681-42e2-b20b-e04f00d52311: shutdown FollowerState
2020-06-27 08:19:49,801 [Thread-1764] INFO  impl.RaftServerImpl (RaftServerImpl.java:setRole(175)) - 1678e861-f681-42e2-b20b-e04f00d52311@group-7AAF34FA3258: changes role from  FOLLOWER to CANDIDATE at term 2 for changeToCandidate
2020-06-27 08:19:49,801 [Thread-1764] INFO  impl.RoleInfo (RoleInfo.java:updateAndGet(143)) - 1678e861-f681-42e2-b20b-e04f00d52311: start LeaderElection
2020-06-27 08:19:49,806 [1678e861-f681-42e2-b20b-e04f00d52311@group-7AAF34FA3258-LeaderElection70] INFO  impl.LeaderElection (LeaderElection.java:askForVotes(206)) - 1678e861-f681-42e2-b20b-e04f00d52311@group-7AAF34FA3258-LeaderElection70: begin an election at term 3 for -1: [1678e861-f681-42e2-b20b-e04f00d52311:172.17.0.2:44129, 56bfd1ae-fa2f-4839-ba3b-0401545d2b7a:172.17.0.2:37091, e3ff1c2c-6f58-4f63-bc65-22c0097003cb:172.17.0.2:44705], old=null
2020-06-27 08:19:49,811 [grpc-default-executor-7] DEBUG impl.RaftServerImpl (RaftServerImpl.java:requestVote(821)) - 56bfd1ae-fa2f-4839-ba3b-0401545d2b7a@group-7AAF34FA3258: receive requestVote(1678e861-f681-42e2-b20b-e04f00d52311, group-7AAF34FA3258, 3, (t:0, i:0))
2020-06-27 08:19:49,811 [grpc-default-executor-7] INFO  impl.RaftServerImpl (RaftServerImpl.java:setRole(175)) - 56bfd1ae-fa2f-4839-ba3b-0401545d2b7a@group-7AAF34FA3258: changes role from  FOLLOWER to FOLLOWER at term 3 for recognizeCandidate:1678e861-f681-42e2-b20b-e04f00d52311
2020-06-27 08:19:49,811 [grpc-default-executor-7] INFO  impl.RoleInfo (RoleInfo.java:shutdownFollowerState(121)) - 56bfd1ae-fa2f-4839-ba3b-0401545d2b7a: shutdown FollowerState
2020-06-27 08:19:49,811 [grpc-default-executor-7] INFO  impl.RoleInfo (RoleInfo.java:updateAndGet(143)) - 56bfd1ae-fa2f-4839-ba3b-0401545d2b7a: start FollowerState
2020-06-27 08:19:49,811 [Thread-1772] INFO  impl.FollowerState (FollowerState.java:run(117)) - 56bfd1ae-fa2f-4839-ba3b-0401545d2b7a@group-7AAF34FA3258-FollowerState was interrupted: java.lang.InterruptedException: sleep interrupted
2020-06-27 08:19:49,813 [grpc-default-executor-7] DEBUG impl.RaftServerImpl (RaftServerImpl.java:requestVote(853)) - 56bfd1ae-fa2f-4839-ba3b-0401545d2b7a@group-7AAF34FA3258 replies to vote request: 1678e861-f681-42e2-b20b-e04f00d52311<-56bfd1ae-fa2f-4839-ba3b-0401545d2b7a#0:OK-t3. Peer's state: 56bfd1ae-fa2f-4839-ba3b-0401545d2b7a@group-7AAF34FA3258:t3, leader=null, voted=1678e861-f681-42e2-b20b-e04f00d52311, raftlog=56bfd1ae-fa2f-4839-ba3b-0401545d2b7a@group-7AAF34FA3258-SegmentedRaftLog:OPENED:c-1,f-1,i0, conf=-1: [1678e861-f681-42e2-b20b-e04f00d52311:172.17.0.2:44129, 56bfd1ae-fa2f-4839-ba3b-0401545d2b7a:172.17.0.2:37091, e3ff1c2c-6f58-4f63-bc65-22c0097003cb:172.17.0.2:44705], old=null
2020-06-27 08:19:49,817 [grpc-default-executor-7] DEBUG impl.RaftServerImpl (RaftServerImpl.java:requestVote(821)) - e3ff1c2c-6f58-4f63-bc65-22c0097003cb@group-7AAF34FA3258: receive requestVote(1678e861-f681-42e2-b20b-e04f00d52311, group-7AAF34FA3258, 3, (t:0, i:0))
2020-06-27 08:19:49,817 [grpc-default-executor-7] INFO  impl.RaftServerImpl (RaftServerImpl.java:setRole(175)) - e3ff1c2c-6f58-4f63-bc65-22c0097003cb@group-7AAF34FA3258: changes role from  FOLLOWER to FOLLOWER at term 3 for recognizeCandidate:1678e861-f681-42e2-b20b-e04f00d52311
2020-06-27 08:19:49,817 [grpc-default-executor-7] INFO  impl.RoleInfo (RoleInfo.java:shutdownFollowerState(121)) - e3ff1c2c-6f58-4f63-bc65-22c0097003cb: shutdown FollowerState
2020-06-27 08:19:49,817 [grpc-default-executor-7] INFO  impl.RoleInfo (RoleInfo.java:updateAndGet(143)) - e3ff1c2c-6f58-4f63-bc65-22c0097003cb: start FollowerState
2020-06-27 08:19:49,817 [Thread-1773] INFO  impl.FollowerState (FollowerState.java:run(117)) - e3ff1c2c-6f58-4f63-bc65-22c0097003cb@group-7AAF34FA3258-FollowerState was interrupted: java.lang.InterruptedException: sleep interrupted
2020-06-27 08:19:49,820 [grpc-default-executor-7] DEBUG impl.RaftServerImpl (RaftServerImpl.java:requestVote(853)) - e3ff1c2c-6f58-4f63-bc65-22c0097003cb@group-7AAF34FA3258 replies to vote request: 1678e861-f681-42e2-b20b-e04f00d52311<-e3ff1c2c-6f58-4f63-bc65-22c0097003cb#0:OK-t3. Peer's state: e3ff1c2c-6f58-4f63-bc65-22c0097003cb@group-7AAF34FA3258:t3, leader=null, voted=1678e861-f681-42e2-b20b-e04f00d52311, raftlog=e3ff1c2c-6f58-4f63-bc65-22c0097003cb@group-7AAF34FA3258-SegmentedRaftLog:OPENED:c-1,f-1,i0, conf=-1: [1678e861-f681-42e2-b20b-e04f00d52311:172.17.0.2:44129, 56bfd1ae-fa2f-4839-ba3b-0401545d2b7a:172.17.0.2:37091, e3ff1c2c-6f58-4f63-bc65-22c0097003cb:172.17.0.2:44705], old=null
2020-06-27 08:19:49,821 [1678e861-f681-42e2-b20b-e04f00d52311@group-7AAF34FA3258-LeaderElection70] INFO  impl.LeaderElection (LeaderElection.java:logAndReturn(61)) - 1678e861-f681-42e2-b20b-e04f00d52311@group-7AAF34FA3258-LeaderElection70: Election PASSED; received 1 response(s) [1678e861-f681-42e2-b20b-e04f00d52311<-56bfd1ae-fa2f-4839-ba3b-0401545d2b7a#0:OK-t3] and 0 exception(s); 1678e861-f681-42e2-b20b-e04f00d52311@group-7AAF34FA3258:t3, leader=null, voted=1678e861-f681-42e2-b20b-e04f00d52311, raftlog=1678e861-f681-42e2-b20b-e04f00d52311@group-7AAF34FA3258-SegmentedRaftLog:OPENED:c-1,f-1,i0, conf=-1: [1678e861-f681-42e2-b20b-e04f00d52311:172.17.0.2:44129, 56bfd1ae-fa2f-4839-ba3b-0401545d2b7a:172.17.0.2:37091, e3ff1c2c-6f58-4f63-bc65-22c0097003cb:172.17.0.2:44705], old=null
2020-06-27 08:19:49,821 [1678e861-f681-42e2-b20b-e04f00d52311@group-7AAF34FA3258-LeaderElection70] INFO  impl.RoleInfo (RoleInfo.java:shutdownLeaderElection(134)) - 1678e861-f681-42e2-b20b-e04f00d52311: shutdown LeaderElection
2020-06-27 08:19:49,821 [1678e861-f681-42e2-b20b-e04f00d52311@group-7AAF34FA3258-LeaderElection70] INFO  impl.RaftServerImpl (RaftServerImpl.java:setRole(175)) - 1678e861-f681-42e2-b20b-e04f00d52311@group-7AAF34FA3258: changes role from CANDIDATE to LEADER at term 3 for changeToLeader
2020-06-27 08:19:49,821 [1678e861-f681-42e2-b20b-e04f00d52311@group-7AAF34FA3258-LeaderElection70] INFO  ratis.XceiverServerRatis (XceiverServerRatis.java:handleLeaderChangedNotification(762)) - Leader change notification received for group: group-7AAF34FA3258 with new leaderId: 1678e861-f681-42e2-b20b-e04f00d52311
2020-06-27 08:19:49,822 [1678e861-f681-42e2-b20b-e04f00d52311@group-7AAF34FA3258-LeaderElection70] INFO  impl.RaftServerImpl (ServerState.java:setLeader(255)) - 1678e861-f681-42e2-b20b-e04f00d52311@group-7AAF34FA3258: change Leader from null to 1678e861-f681-42e2-b20b-e04f00d52311 at term 3 for becomeLeader, leader elected after 10324ms
2020-06-27 08:19:49,822 [1678e861-f681-42e2-b20b-e04f00d52311@group-7AAF34FA3258-LeaderElection70] INFO  server.RaftServerConfigKeys (ConfUtils.java:logGet(44)) - raft.server.staging.catchup.gap = 1000 (default)
2020-06-27 08:19:49,824 [1678e861-f681-42e2-b20b-e04f00d52311@group-7AAF34FA3258-LeaderElection70] INFO  server.RaftServerConfigKeys (ConfUtils.java:logGet(44)) - raft.server.rpc.sleep.time = 25ms (default)
2020-06-27 08:19:49,823 [EventQueue-PipelineReportForPipelineReportHandler] INFO  pipeline.PipelineStateManager (PipelineStateManager.java:openPipeline(131)) - Pipeline Pipeline[ Id: 24909f19-af55-4f04-a402-7aaf34fa3258, Nodes: e3ff1c2c-6f58-4f63-bc65-22c0097003cb{ip: 172.17.0.2, host: 23863634748d, networkLocation: /default-rack, certSerialId: null}1678e861-f681-42e2-b20b-e04f00d52311{ip: 172.17.0.2, host: 23863634748d, networkLocation: /default-rack, certSerialId: null}56bfd1ae-fa2f-4839-ba3b-0401545d2b7a{ip: 172.17.0.2, host: 23863634748d, networkLocation: /default-rack, certSerialId: null}, Type:RATIS, Factor:THREE, State:ALLOCATED, leaderId:1678e861-f681-42e2-b20b-e04f00d52311, CreationTimestamp2020-06-27T08:19:36.590Z] moved to OPEN state
2020-06-27 08:19:49,824 [1678e861-f681-42e2-b20b-e04f00d52311@group-7AAF34FA3258-LeaderElection70] INFO  metrics.RatisMetrics (RatisMetrics.java:lambda$create$0(36)) - Creating Metrics Registry : ratis.log_appender.1678e861-f681-42e2-b20b-e04f00d52311@group-7AAF34FA3258
2020-06-27 08:19:49,825 [1678e861-f681-42e2-b20b-e04f00d52311@group-7AAF34FA3258-LeaderElection70] INFO  server.RaftServerConfigKeys (ConfUtils.java:logGet(44)) - raft.server.write.element-limit = 1024 (custom)
2020-06-27 08:19:49,825 [1678e861-f681-42e2-b20b-e04f00d52311@group-7AAF34FA3258-LeaderElection70] INFO  server.RaftServerConfigKeys (ConfUtils.java:logGet(44)) - raft.server.write.byte-limit = 1073741824 (custom)
2020-06-27 08:19:49,826 [1678e861-f681-42e2-b20b-e04f00d52311@group-7AAF34FA3258-LeaderElection70] INFO  server.RaftServerConfigKeys (ConfUtils.java:logGet(44)) - raft.server.watch.timeout = 3s (custom)
2020-06-27 08:19:49,826 [1678e861-f681-42e2-b20b-e04f00d52311@group-7AAF34FA3258-LeaderElection70] INFO  server.RaftServerConfigKeys (ConfUtils.java:logGet(44)) - raft.server.watch.timeout.denomination = 1s (default)
2020-06-27 08:19:49,826 [1678e861-f681-42e2-b20b-e04f00d52311@group-7AAF34FA3258-LeaderElection70] INFO  server.RaftServerConfigKeys (ConfUtils.java:logGet(44)) - raft.server.watch.element-limit = 65536 (default)
2020-06-27 08:19:49,826 [1678e861-f681-42e2-b20b-e04f00d52311@group-7AAF34FA3258-LeaderElection70] INFO  server.RaftServerConfigKeys (ConfUtils.java:logGet(44)) - raft.server.log.appender.snapshot.chunk.size.max = 16MB (=16777216) (default)
2020-06-27 08:19:49,826 [1678e861-f681-42e2-b20b-e04f00d52311@group-7AAF34FA3258-LeaderElection70] INFO  server.RaftServerConfigKeys (ConfUtils.java:logGet(44)) - raft.server.log.appender.buffer.byte-limit = 33554432 (custom)
2020-06-27 08:19:49,826 [1678e861-f681-42e2-b20b-e04f00d52311@group-7AAF34FA3258-LeaderElection70] INFO  server.RaftServerConfigKeys (ConfUtils.java:logGet(44)) - raft.server.log.appender.buffer.element-limit = 1 (custom)
2020-06-27 08:19:49,826 [1678e861-f681-42e2-b20b-e04f00d52311@group-7AAF34FA3258-LeaderElection70] INFO  grpc.GrpcConfigKeys (ConfUtils.java:logGet(44)) - raft.grpc.server.leader.outstanding.appends.max = 128 (default)
2020-06-27 08:19:49,826 [1678e861-f681-42e2-b20b-e04f00d52311@group-7AAF34FA3258-LeaderElection70] INFO  server.RaftServerConfigKeys (ConfUtils.java:logGet(44)) - raft.server.rpc.request.timeout = 3s (default)
2020-06-27 08:19:49,826 [1678e861-f681-42e2-b20b-e04f00d52311@group-7AAF34FA3258-LeaderElection70] INFO  server.RaftServerConfigKeys (ConfUtils.java:logGet(44)) - raft.server.log.appender.install.snapshot.enabled = false (custom)
2020-06-27 08:19:49,826 [1678e861-f681-42e2-b20b-e04f00d52311@group-7AAF34FA3258-LeaderElection70] INFO  metrics.RatisMetrics (RatisMetrics.java:lambda$create$0(36)) - Creating Metrics Registry : ratis_grpc.log_appender.1678e861-f681-42e2-b20b-e04f00d52311@group-7AAF34FA3258
2020-06-27 08:19:49,828 [1678e861-f681-42e2-b20b-e04f00d52311@group-7AAF34FA3258-LeaderElection70] INFO  server.RaftServerConfigKeys (ConfUtils.java:logGet(44)) - raft.server.log.appender.snapshot.chunk.size.max = 16MB (=16777216) (default)
2020-06-27 08:19:49,828 [1678e861-f681-42e2-b20b-e04f00d52311@group-7AAF34FA3258-LeaderElection70] INFO  server.RaftServerConfigKeys (ConfUtils.java:logGet(44)) - raft.server.log.appender.buffer.byte-limit = 33554432 (custom)
2020-06-27 08:19:49,828 [1678e861-f681-42e2-b20b-e04f00d52311@group-7AAF34FA3258-LeaderElection70] INFO  server.RaftServerConfigKeys (ConfUtils.java:logGet(44)) - raft.server.log.appender.buffer.element-limit = 1 (custom)
2020-06-27 08:19:49,828 [1678e861-f681-42e2-b20b-e04f00d52311@group-7AAF34FA3258-LeaderElection70] INFO  grpc.GrpcConfigKeys (ConfUtils.java:logGet(44)) - raft.grpc.server.leader.outstanding.appends.max = 128 (default)
2020-06-27 08:19:49,829 [1678e861-f681-42e2-b20b-e04f00d52311@group-7AAF34FA3258-LeaderElection70] INFO  server.RaftServerConfigKeys (ConfUtils.java:logGet(44)) - raft.server.rpc.request.timeout = 3s (default)
2020-06-27 08:19:49,829 [1678e861-f681-42e2-b20b-e04f00d52311@group-7AAF34FA3258-LeaderElection70] INFO  server.RaftServerConfigKeys (ConfUtils.java:logGet(44)) - raft.server.log.appender.install.snapshot.enabled = false (custom)
2020-06-27 08:19:49,830 [1678e861-f681-42e2-b20b-e04f00d52311@group-7AAF34FA3258-LeaderElection70] INFO  impl.RoleInfo (RoleInfo.java:updateAndGet(143)) - 1678e861-f681-42e2-b20b-e04f00d52311: start LeaderState
2020-06-27 08:19:49,831 [1678e861-f681-42e2-b20b-e04f00d52311@group-7AAF34FA3258-LeaderElection70] INFO  segmented.SegmentedRaftLogWorker (SegmentedRaftLogWorker.java:startLogSegment(397)) - 1678e861-f681-42e2-b20b-e04f00d52311@group-7AAF34FA3258-SegmentedRaftLogWorker: Starting segment from index:0
2020-06-27 08:19:49,832 [1678e861-f681-42e2-b20b-e04f00d52311@group-7AAF34FA3258-SegmentedRaftLogWorker] INFO  segmented.SegmentedRaftLogWorker (SegmentedRaftLogWorker.java:execute(596)) - 1678e861-f681-42e2-b20b-e04f00d52311@group-7AAF34FA3258-SegmentedRaftLogWorker: created new log segment /github/workspace/mnt/ozone/hadoop-ozone/integration-test/target/test-dir/MiniOzoneClusterImpl-1d3054ed-691e-4733-a773-d2ff76104d42/datanode-0/data/ratis/24909f19-af55-4f04-a402-7aaf34fa3258/current/log_inprogress_0
2020-06-27 08:19:49,834 [1678e861-f681-42e2-b20b-e04f00d52311@group-7AAF34FA3258-LeaderElection70] INFO  impl.RaftServerImpl (ServerState.java:setRaftConf(356)) - 1678e861-f681-42e2-b20b-e04f00d52311@group-7AAF34FA3258: set configuration 0: [1678e861-f681-42e2-b20b-e04f00d52311:172.17.0.2:44129, 56bfd1ae-fa2f-4839-ba3b-0401545d2b7a:172.17.0.2:37091, e3ff1c2c-6f58-4f63-bc65-22c0097003cb:172.17.0.2:44705], old=null at 0
2020-06-27 08:19:49,835 [grpc-default-executor-7] INFO  ratis.XceiverServerRatis (XceiverServerRatis.java:handleLeaderChangedNotification(762)) - Leader change notification received for group: group-7AAF34FA3258 with new leaderId: 1678e861-f681-42e2-b20b-e04f00d52311
2020-06-27 08:19:49,835 [grpc-default-executor-7] INFO  impl.RaftServerImpl (ServerState.java:setLeader(255)) - 56bfd1ae-fa2f-4839-ba3b-0401545d2b7a@group-7AAF34FA3258: change Leader from null to 1678e861-f681-42e2-b20b-e04f00d52311 at term 3 for appendEntries, leader elected after 10242ms
2020-06-27 08:19:49,836 [grpc-default-executor-7] DEBUG server.GrpcLogAppender (GrpcLogAppender.java:onNext(257)) - 1678e861-f681-42e2-b20b-e04f00d52311@group-7AAF34FA3258->56bfd1ae-fa2f-4839-ba3b-0401545d2b7a-AppendLogResponseHandler: received the first reply 1678e861-f681-42e2-b20b-e04f00d52311<-56bfd1ae-fa2f-4839-ba3b-0401545d2b7a#0:OK,SUCCESS,nextIndex:0,term:3,followerCommit:-1, request=AppendEntriesRequest:cid=0,entriesCount=0,lastEntry=null
2020-06-27 08:19:49,841 [grpc-default-executor-7] DEBUG impl.RaftServerImpl (RaftServerImpl.java:logAppendEntries(928)) - 56bfd1ae-fa2f-4839-ba3b-0401545d2b7a@group-7AAF34FA3258: receive appendEntries(1678e861-f681-42e2-b20b-e04f00d52311, 3, null, -1, false, commits[1678e861-f681-42e2-b20b-e04f00d52311:c-1, 56bfd1ae-fa2f-4839-ba3b-0401545d2b7a:c-1, e3ff1c2c-6f58-4f63-bc65-22c0097003cb:c-1], entries: (t:3, i:0), CONFIGURATIONENTRY
2020-06-27 08:19:49,842 [grpc-default-executor-6] INFO  ratis.XceiverServerRatis (XceiverServerRatis.java:handleLeaderChangedNotification(762)) - Leader change notification received for group: group-7AAF34FA3258 with new leaderId: 1678e861-f681-42e2-b20b-e04f00d52311
2020-06-27 08:19:49,842 [grpc-default-executor-6] INFO  impl.RaftServerImpl (ServerState.java:setLeader(255)) - e3ff1c2c-6f58-4f63-bc65-22c0097003cb@group-7AAF34FA3258: change Leader from null to 1678e861-f681-42e2-b20b-e04f00d52311 at term 3 for appendEntries, leader elected after 10303ms
2020-06-27 08:19:49,843 [grpc-default-executor-7] INFO  impl.RaftServerImpl (ServerState.java:setRaftConf(356)) - 56bfd1ae-fa2f-4839-ba3b-0401545d2b7a@group-7AAF34FA3258: set configuration 0: [1678e861-f681-42e2-b20b-e04f00d52311:172.17.0.2:44129, 56bfd1ae-fa2f-4839-ba3b-0401545d2b7a:172.17.0.2:37091, e3ff1c2c-6f58-4f63-bc65-22c0097003cb:172.17.0.2:44705], old=null at 0
2020-06-27 08:19:49,845 [grpc-default-executor-6] DEBUG server.GrpcLogAppender (GrpcLogAppender.java:onNext(257)) - 1678e861-f681-42e2-b20b-e04f00d52311@group-7AAF34FA3258->e3ff1c2c-6f58-4f63-bc65-22c0097003cb-AppendLogResponseHandler: received the first reply 1678e861-f681-42e2-b20b-e04f00d52311<-e3ff1c2c-6f58-4f63-bc65-22c0097003cb#0:OK,SUCCESS,nextIndex:0,term:3,followerCommit:-1, request=AppendEntriesRequest:cid=0,entriesCount=0,lastEntry=null
2020-06-27 08:19:49,845 [grpc-default-executor-7] INFO  segmented.SegmentedRaftLogWorker (SegmentedRaftLogWorker.java:startLogSegment(397)) - 56bfd1ae-fa2f-4839-ba3b-0401545d2b7a@group-7AAF34FA3258-SegmentedRaftLogWorker: Starting segment from index:0
2020-06-27 08:19:49,849 [56bfd1ae-fa2f-4839-ba3b-0401545d2b7a@group-7AAF34FA3258-SegmentedRaftLogWorker] INFO  segmented.SegmentedRaftLogWorker (SegmentedRaftLogWorker.java:execute(596)) - 56bfd1ae-fa2f-4839-ba3b-0401545d2b7a@group-7AAF34FA3258-SegmentedRaftLogWorker: created new log segment /github/workspace/mnt/ozone/hadoop-ozone/integration-test/target/test-dir/MiniOzoneClusterImpl-1d3054ed-691e-4733-a773-d2ff76104d42/datanode-1/data/ratis/24909f19-af55-4f04-a402-7aaf34fa3258/current/log_inprogress_0
2020-06-27 08:19:49,850 [Thread-1840] DEBUG impl.RaftServerImpl (RaftServerImpl.java:logAppendEntries(928)) - 56bfd1ae-fa2f-4839-ba3b-0401545d2b7a@group-7AAF34FA3258: succeeded to handle AppendEntries. Reply: 1678e861-f681-42e2-b20b-e04f00d52311<-56bfd1ae-fa2f-4839-ba3b-0401545d2b7a#1:OK,SUCCESS,nextIndex:1,term:3,followerCommit:-1
2020-06-27 08:19:49,850 [grpc-default-executor-7] DEBUG server.GrpcLogAppender (GrpcLogAppender.java:onNext(257)) - 1678e861-f681-42e2-b20b-e04f00d52311@group-7AAF34FA3258->56bfd1ae-fa2f-4839-ba3b-0401545d2b7a-AppendLogResponseHandler: received a reply 1678e861-f681-42e2-b20b-e04f00d52311<-56bfd1ae-fa2f-4839-ba3b-0401545d2b7a#1:OK,SUCCESS,nextIndex:1,term:3,followerCommit:-1, request=AppendEntriesRequest:cid=1,entriesCount=1,lastEntry=(t:3, i:0)
2020-06-27 08:19:49,851 [grpc-default-executor-6] DEBUG impl.RaftServerImpl (RaftServerImpl.java:logAppendEntries(928)) - e3ff1c2c-6f58-4f63-bc65-22c0097003cb@group-7AAF34FA3258: receive appendEntries(1678e861-f681-42e2-b20b-e04f00d52311, 3, null, -1, false, commits[1678e861-f681-42e2-b20b-e04f00d52311:c-1, 56bfd1ae-fa2f-4839-ba3b-0401545d2b7a:c-1, e3ff1c2c-6f58-4f63-bc65-22c0097003cb:c-1], entries: (t:3, i:0), CONFIGURATIONENTRY
2020-06-27 08:19:49,852 [grpc-default-executor-6] INFO  impl.RaftServerImpl (ServerState.java:setRaftConf(356)) - e3ff1c2c-6f58-4f63-bc65-22c0097003cb@group-7AAF34FA3258: set configuration 0: [1678e861-f681-42e2-b20b-e04f00d52311:172.17.0.2:44129, 56bfd1ae-fa2f-4839-ba3b-0401545d2b7a:172.17.0.2:37091, e3ff1c2c-6f58-4f63-bc65-22c0097003cb:172.17.0.2:44705], old=null at 0
2020-06-27 08:19:49,852 [grpc-default-executor-6] INFO  segmented.SegmentedRaftLogWorker (SegmentedRaftLogWorker.java:startLogSegment(397)) - e3ff1c2c-6f58-4f63-bc65-22c0097003cb@group-7AAF34FA3258-SegmentedRaftLogWorker: Starting segment from index:0
2020-06-27 08:19:49,854 [e3ff1c2c-6f58-4f63-bc65-22c0097003cb@group-7AAF34FA3258-SegmentedRaftLogWorker] INFO  segmented.SegmentedRaftLogWorker (SegmentedRaftLogWorker.java:execute(596)) - e3ff1c2c-6f58-4f63-bc65-22c0097003cb@group-7AAF34FA3258-SegmentedRaftLogWorker: created new log segment /github/workspace/mnt/ozone/hadoop-ozone/integration-test/target/test-dir/MiniOzoneClusterImpl-1d3054ed-691e-4733-a773-d2ff76104d42/datanode-2/data/ratis/24909f19-af55-4f04-a402-7aaf34fa3258/current/log_inprogress_0
2020-06-27 08:19:49,855 [Thread-1841] DEBUG impl.RaftServerImpl (RaftServerImpl.java:logAppendEntries(928)) - e3ff1c2c-6f58-4f63-bc65-22c0097003cb@group-7AAF34FA3258: succeeded to handle AppendEntries. Reply: 1678e861-f681-42e2-b20b-e04f00d52311<-e3ff1c2c-6f58-4f63-bc65-22c0097003cb#1:OK,SUCCESS,nextIndex:1,term:3,followerCommit:-1
2020-06-27 08:19:49,855 [grpc-default-executor-6] DEBUG server.GrpcLogAppender (GrpcLogAppender.java:onNext(257)) - 1678e861-f681-42e2-b20b-e04f00d52311@group-7AAF34FA3258->e3ff1c2c-6f58-4f63-bc65-22c0097003cb-AppendLogResponseHandler: received a reply 1678e861-f681-42e2-b20b-e04f00d52311<-e3ff1c2c-6f58-4f63-bc65-22c0097003cb#1:OK,SUCCESS,nextIndex:1,term:3,followerCommit:-1, request=AppendEntriesRequest:cid=1,entriesCount=1,lastEntry=(t:3, i:0)
2020-06-27 08:19:50,079 [grpc-default-executor-7] DEBUG server.GrpcLogAppender (GrpcLogAppender.java:onNext(257)) - 1cf265a5-6a03-47fd-ad13-ec32897c6af9@group-E9D3221C1EB6->bf10b53c-012b-4fa1-b197-82d4c3bdb60c-AppendLogResponseHandler: received a reply 1cf265a5-6a03-47fd-ad13-ec32897c6af9<-bf10b53c-012b-4fa1-b197-82d4c3bdb60c#5:OK,SUCCESS,nextIndex:3,term:1,followerCommit:2, request=AppendEntriesRequest:cid=5,entriesCount=0,lastEntry=null
2020-06-27 08:19:50,080 [grpc-default-executor-6] DEBUG server.GrpcLogAppender (GrpcLogAppender.java:onNext(257)) - 1cf265a5-6a03-47fd-ad13-ec32897c6af9@group-E9D3221C1EB6->dbedbf7e-64a3-44c7-b6dd-b08f95c937b2-AppendLogResponseHandler: received a reply 1cf265a5-6a03-47fd-ad13-ec32897c6af9<-dbedbf7e-64a3-44c7-b6dd-b08f95c937b2#5:OK,SUCCESS,nextIndex:3,term:1,followerCommit:2, request=AppendEntriesRequest:cid=5,entriesCount=0,lastEntry=null
2020-06-27 08:19:50,084 [grpc-default-executor-6] DEBUG server.GrpcLogAppender (GrpcLogAppender.java:onNext(257)) - 93ff5c27-cf24-4d90-9a81-2a4e4904b019@group-CEED09A8AD4A->99a07450-395a-4667-b554-43c43076656b-AppendLogResponseHandler: received a reply 93ff5c27-cf24-4d90-9a81-2a4e4904b019<-99a07450-395a-4667-b554-43c43076656b#3:OK,SUCCESS,nextIndex:1,term:1,followerCommit:0, request=AppendEntriesRequest:cid=3,entriesCount=0,lastEntry=null
2020-06-27 08:19:50,092 [grpc-default-executor-6] DEBUG server.GrpcLogAppender (GrpcLogAppender.java:onNext(257)) - 93ff5c27-cf24-4d90-9a81-2a4e4904b019@group-CEED09A8AD4A->bd28fdde-8be9-44b6-aac4-f5ad5eca5270-AppendLogResponseHandler: received a reply 93ff5c27-cf24-4d90-9a81-2a4e4904b019<-bd28fdde-8be9-44b6-aac4-f5ad5eca5270#3:OK,SUCCESS,nextIndex:1,term:1,followerCommit:0, request=AppendEntriesRequest:cid=3,entriesCount=0,lastEntry=null
2020-06-27 08:19:50,109 [Listener at 127.0.0.1/34065] INFO  ozoneimpl.OzoneContainer (OzoneContainer.java:stop(246)) - Attempting to stop container services.
2020-06-27 08:19:50,109 [ForkJoinPool.commonPool-worker-1] INFO  ozoneimpl.OzoneContainer (OzoneContainer.java:stop(246)) - Attempting to stop container services.
2020-06-27 08:19:50,110 [ForkJoinPool.commonPool-worker-1] INFO  impl.RaftServerProxy (RaftServerProxy.java:lambda$close$4(319)) - e3ff1c2c-6f58-4f63-bc65-22c0097003cb: close
2020-06-27 08:19:50,110 [Listener at 127.0.0.1/34065] INFO  impl.RaftServerProxy (RaftServerProxy.java:lambda$close$4(319)) - 1cf265a5-6a03-47fd-ad13-ec32897c6af9: close
2020-06-27 08:19:50,110 [ForkJoinPool.commonPool-worker-1] INFO  impl.RaftServerImpl (RaftServerImpl.java:lambda$shutdown$3(252)) - e3ff1c2c-6f58-4f63-bc65-22c0097003cb@group-7AAF34FA3258: shutdown
2020-06-27 08:19:50,110 [ForkJoinPool.commonPool-worker-1] INFO  util.JmxRegister (JmxRegister.java:unregister(73)) - Successfully un-registered JMX Bean with object name Ratis:service=RaftServer,group=group-7AAF34FA3258,id=e3ff1c2c-6f58-4f63-bc65-22c0097003cb
2020-06-27 08:19:50,110 [ForkJoinPool.commonPool-worker-1] INFO  impl.RoleInfo (RoleInfo.java:shutdownFollowerState(121)) - e3ff1c2c-6f58-4f63-bc65-22c0097003cb: shutdown FollowerState
2020-06-27 08:19:50,110 [ForkJoinPool.commonPool-worker-1] INFO  impl.StateMachineUpdater (StateMachineUpdater.java:stopAndJoin(142)) - e3ff1c2c-6f58-4f63-bc65-22c0097003cb@group-7AAF34FA3258-StateMachineUpdater: set stopIndex = -1
2020-06-27 08:19:50,110 [Listener at 127.0.0.1/34065] INFO  impl.RaftServerImpl (RaftServerImpl.java:lambda$shutdown$3(252)) - 1cf265a5-6a03-47fd-ad13-ec32897c6af9@group-712E98CE9349: shutdown
2020-06-27 08:19:50,111 [Listener at 127.0.0.1/34065] INFO  util.JmxRegister (JmxRegister.java:unregister(73)) - Successfully un-registered JMX Bean with object name Ratis:service=RaftServer,group=group-712E98CE9349,id=1cf265a5-6a03-47fd-ad13-ec32897c6af9
2020-06-27 08:19:50,111 [Listener at 127.0.0.1/34065] INFO  impl.RoleInfo (RoleInfo.java:shutdownLeaderState(104)) - 1cf265a5-6a03-47fd-ad13-ec32897c6af9: shutdown LeaderState
2020-06-27 08:19:50,111 [Listener at 127.0.0.1/34065] INFO  impl.PendingRequests (PendingRequests.java:sendNotLeaderResponses(249)) - 1cf265a5-6a03-47fd-ad13-ec32897c6af9@group-712E98CE9349-PendingRequests: sendNotLeaderResponses
2020-06-27 08:19:50,111 [Listener at 127.0.0.1/34065] INFO  metrics.RatisMetrics (RatisMetrics.java:unregister(43)) - Unregistering Metrics Registry : ratis.log_appender.1cf265a5-6a03-47fd-ad13-ec32897c6af9@group-712E98CE9349
2020-06-27 08:19:50,111 [Listener at 127.0.0.1/34065] INFO  metrics.RatisMetrics (RatisMetrics.java:unregister(43)) - Unregistering Metrics Registry : ratis.server.1cf265a5-6a03-47fd-ad13-ec32897c6af9@group-712E98CE9349
2020-06-27 08:19:50,112 [Listener at 127.0.0.1/34065] INFO  impl.StateMachineUpdater (StateMachineUpdater.java:stopAndJoin(142)) - 1cf265a5-6a03-47fd-ad13-ec32897c6af9@group-712E98CE9349-StateMachineUpdater: set stopIndex = 0
2020-06-27 08:19:50,110 [e3ff1c2c-6f58-4f63-bc65-22c0097003cb@group-7AAF34FA3258-StateMachineUpdater] INFO  metrics.RatisMetrics (RatisMetrics.java:unregister(43)) - Unregistering Metrics Registry : ratis.state_machine.e3ff1c2c-6f58-4f63-bc65-22c0097003cb@group-7AAF34FA3258
2020-06-27 08:19:50,113 [1cf265a5-6a03-47fd-ad13-ec32897c6af9@group-712E98CE9349-StateMachineUpdater] INFO  ratis.ContainerStateMachine (ContainerStateMachine.java:takeSnapshot(294)) - group-712E98CE9349: Taking a snapshot at:(t:1, i:0) file /github/workspace/mnt/ozone/hadoop-ozone/integration-test/target/test-dir/MiniOzoneClusterImpl-1d3054ed-691e-4733-a773-d2ff76104d42/datanode-4/data/ratis/d52a4eec-7a19-43c1-8dee-712e98ce9349/sm/snapshot.1_0
2020-06-27 08:19:50,110 [Thread-1834] INFO  impl.FollowerState (FollowerState.java:run(117)) - e3ff1c2c-6f58-4f63-bc65-22c0097003cb@group-7AAF34FA3258-FollowerState was interrupted: java.lang.InterruptedException: sleep interrupted
2020-06-27 08:19:50,113 [ForkJoinPool.commonPool-worker-1] INFO  impl.RaftServerImpl (ServerState.java:close(387)) - e3ff1c2c-6f58-4f63-bc65-22c0097003cb@group-7AAF34FA3258: closes. applyIndex: -1
2020-06-27 08:19:50,114 [1cf265a5-6a03-47fd-ad13-ec32897c6af9@group-712E98CE9349-StateMachineUpdater] INFO  ratis.ContainerStateMachine (ContainerStateMachine.java:takeSnapshot(305)) - group-712E98CE9349: Finished taking a snapshot at:(t:1, i:0) file:/github/workspace/mnt/ozone/hadoop-ozone/integration-test/target/test-dir/MiniOzoneClusterImpl-1d3054ed-691e-4733-a773-d2ff76104d42/datanode-4/data/ratis/d52a4eec-7a19-43c1-8dee-712e98ce9349/sm/snapshot.1_0 time:1
2020-06-27 08:19:50,114 [1cf265a5-6a03-47fd-ad13-ec32897c6af9@group-712E98CE9349-StateMachineUpdater] INFO  impl.StateMachineUpdater (StateMachineUpdater.java:takeSnapshot(277)) - 1cf265a5-6a03-47fd-ad13-ec32897c6af9@group-712E98CE9349-StateMachineUpdater: Took a snapshot at index 0
2020-06-27 08:19:50,114 [1cf265a5-6a03-47fd-ad13-ec32897c6af9@group-712E98CE9349-StateMachineUpdater] INFO  impl.StateMachineUpdater (StateMachineUpdater.java:lambda$new$0(87)) - 1cf265a5-6a03-47fd-ad13-ec32897c6af9@group-712E98CE9349-StateMachineUpdater: snapshotIndex: updateIncreasingly -1 -> 0
2020-06-27 08:19:50,114 [1cf265a5-6a03-47fd-ad13-ec32897c6af9@group-712E98CE9349-StateMachineUpdater] INFO  metrics.RatisMetrics (RatisMetrics.java:unregister(43)) - Unregistering Metrics Registry : ratis.state_machine.1cf265a5-6a03-47fd-ad13-ec32897c6af9@group-712E98CE9349
2020-06-27 08:19:50,115 [Listener at 127.0.0.1/34065] INFO  impl.RaftServerImpl (ServerState.java:close(387)) - 1cf265a5-6a03-47fd-ad13-ec32897c6af9@group-712E98CE9349: closes. applyIndex: 0
2020-06-27 08:19:50,115 [e3ff1c2c-6f58-4f63-bc65-22c0097003cb@group-7AAF34FA3258-SegmentedRaftLogWorker] INFO  segmented.SegmentedRaftLogWorker (SegmentedRaftLogWorker.java:run(327)) - e3ff1c2c-6f58-4f63-bc65-22c0097003cb@group-7AAF34FA3258-SegmentedRaftLogWorker was interrupted, exiting. There are 0 tasks remaining in the queue.
2020-06-27 08:19:50,115 [1cf265a5-6a03-47fd-ad13-ec32897c6af9@group-712E98CE9349-SegmentedRaftLogWorker] INFO  segmented.SegmentedRaftLogWorker (SegmentedRaftLogWorker.java:run(327)) - 1cf265a5-6a03-47fd-ad13-ec32897c6af9@group-712E98CE9349-SegmentedRaftLogWorker was interrupted, exiting. There are 0 tasks remaining in the queue.
2020-06-27 08:19:50,116 [ForkJoinPool.commonPool-worker-1] INFO  segmented.SegmentedRaftLogWorker (SegmentedRaftLogWorker.java:close(234)) - e3ff1c2c-6f58-4f63-bc65-22c0097003cb@group-7AAF34FA3258-SegmentedRaftLogWorker close()
2020-06-27 08:19:50,117 [ForkJoinPool.commonPool-worker-1] INFO  metrics.RatisMetrics (RatisMetrics.java:unregister(43)) - Unregistering Metrics Registry : ratis.log_worker.e3ff1c2c-6f58-4f63-bc65-22c0097003cb@group-7AAF34FA3258
2020-06-27 08:19:50,117 [ForkJoinPool.commonPool-worker-1] INFO  metrics.RatisMetrics (RatisMetrics.java:unregister(43)) - Unregistering Metrics Registry : ratis.leader_election.e3ff1c2c-6f58-4f63-bc65-22c0097003cb@group-7AAF34FA3258
2020-06-27 08:19:50,117 [ForkJoinPool.commonPool-worker-1] INFO  metrics.RatisMetrics (RatisMetrics.java:unregister(43)) - Unregistering Metrics Registry : ratis.server.e3ff1c2c-6f58-4f63-bc65-22c0097003cb@group-7AAF34FA3258
2020-06-27 08:19:50,117 [ForkJoinPool.commonPool-worker-1] INFO  impl.RaftServerImpl (RaftServerImpl.java:lambda$shutdown$3(252)) - e3ff1c2c-6f58-4f63-bc65-22c0097003cb@group-2BBD8E13AD66: shutdown
2020-06-27 08:19:50,117 [ForkJoinPool.commonPool-worker-1] INFO  util.JmxRegister (JmxRegister.java:unregister(73)) - Successfully un-registered JMX Bean with object name Ratis:service=RaftServer,group=group-2BBD8E13AD66,id=e3ff1c2c-6f58-4f63-bc65-22c0097003cb
2020-06-27 08:19:50,117 [ForkJoinPool.commonPool-worker-1] INFO  impl.RoleInfo (RoleInfo.java:shutdownLeaderState(104)) - e3ff1c2c-6f58-4f63-bc65-22c0097003cb: shutdown LeaderState
2020-06-27 08:19:50,117 [ForkJoinPool.commonPool-worker-1] INFO  impl.PendingRequests (PendingRequests.java:sendNotLeaderResponses(249)) - e3ff1c2c-6f58-4f63-bc65-22c0097003cb@group-2BBD8E13AD66-PendingRequests: sendNotLeaderResponses
2020-06-27 08:19:50,118 [ForkJoinPool.commonPool-worker-1] INFO  metrics.RatisMetrics (RatisMetrics.java:unregister(43)) - Unregistering Metrics Registry : ratis.log_appender.e3ff1c2c-6f58-4f63-bc65-22c0097003cb@group-2BBD8E13AD66
2020-06-27 08:19:50,118 [ForkJoinPool.commonPool-worker-1] INFO  metrics.RatisMetrics (RatisMetrics.java:unregister(43)) - Unregistering Metrics Registry : ratis.server.e3ff1c2c-6f58-4f63-bc65-22c0097003cb@group-2BBD8E13AD66
2020-06-27 08:19:50,119 [ForkJoinPool.commonPool-worker-1] INFO  impl.StateMachineUpdater (StateMachineUpdater.java:stopAndJoin(142)) - e3ff1c2c-6f58-4f63-bc65-22c0097003cb@group-2BBD8E13AD66-StateMachineUpdater: set stopIndex = 0
2020-06-27 08:19:50,119 [Listener at 127.0.0.1/34065] INFO  segmented.SegmentedRaftLogWorker (SegmentedRaftLogWorker.java:close(234)) - 1cf265a5-6a03-47fd-ad13-ec32897c6af9@group-712E98CE9349-SegmentedRaftLogWorker close()
2020-06-27 08:19:50,119 [e3ff1c2c-6f58-4f63-bc65-22c0097003cb@group-2BBD8E13AD66-StateMachineUpdater] INFO  ratis.ContainerStateMachine (ContainerStateMachine.java:takeSnapshot(294)) - group-2BBD8E13AD66: Taking a snapshot at:(t:1, i:0) file /github/workspace/mnt/ozone/hadoop-ozone/integration-test/target/test-dir/MiniOzoneClusterImpl-1d3054ed-691e-4733-a773-d2ff76104d42/datanode-2/data/ratis/7de8c4e6-29bd-4d64-99c3-2bbd8e13ad66/sm/snapshot.1_0
2020-06-27 08:19:50,120 [Listener at 127.0.0.1/34065] INFO  metrics.RatisMetrics (RatisMetrics.java:unregister(43)) - Unregistering Metrics Registry : ratis.log_worker.1cf265a5-6a03-47fd-ad13-ec32897c6af9@group-712E98CE9349
2020-06-27 08:19:50,120 [Listener at 127.0.0.1/34065] INFO  metrics.RatisMetrics (RatisMetrics.java:unregister(43)) - Unregistering Metrics Registry : ratis.leader_election.1cf265a5-6a03-47fd-ad13-ec32897c6af9@group-712E98CE9349
2020-06-27 08:19:50,120 [Listener at 127.0.0.1/34065] INFO  metrics.RatisMetrics (RatisMetrics.java:unregister(43)) - Unregistering Metrics Registry : ratis.server.1cf265a5-6a03-47fd-ad13-ec32897c6af9@group-712E98CE9349
2020-06-27 08:19:50,120 [Listener at 127.0.0.1/34065] INFO  impl.RaftServerImpl (RaftServerImpl.java:lambda$shutdown$3(252)) - 1cf265a5-6a03-47fd-ad13-ec32897c6af9@group-E9D3221C1EB6: shutdown
2020-06-27 08:19:50,121 [Listener at 127.0.0.1/34065] INFO  util.JmxRegister (JmxRegister.java:unregister(73)) - Successfully un-registered JMX Bean with object name Ratis:service=RaftServer,group=group-E9D3221C1EB6,id=1cf265a5-6a03-47fd-ad13-ec32897c6af9
2020-06-27 08:19:50,121 [Listener at 127.0.0.1/34065] INFO  impl.RoleInfo (RoleInfo.java:shutdownLeaderState(104)) - 1cf265a5-6a03-47fd-ad13-ec32897c6af9: shutdown LeaderState
2020-06-27 08:19:50,121 [Listener at 127.0.0.1/34065] INFO  metrics.RatisMetrics (RatisMetrics.java:unregister(43)) - Unregistering Metrics Registry : ratis_grpc.log_appender.1cf265a5-6a03-47fd-ad13-ec32897c6af9@group-E9D3221C1EB6
2020-06-27 08:19:50,121 [e3ff1c2c-6f58-4f63-bc65-22c0097003cb@group-2BBD8E13AD66-StateMachineUpdater] INFO  ratis.ContainerStateMachine (ContainerStateMachine.java:takeSnapshot(305)) - group-2BBD8E13AD66: Finished taking a snapshot at:(t:1, i:0) file:/github/workspace/mnt/ozone/hadoop-ozone/integration-test/target/test-dir/MiniOzoneClusterImpl-1d3054ed-691e-4733-a773-d2ff76104d42/datanode-2/data/ratis/7de8c4e6-29bd-4d64-99c3-2bbd8e13ad66/sm/snapshot.1_0 time:2
2020-06-27 08:19:50,121 [Listener at 127.0.0.1/34065] INFO  metrics.RatisMetrics (RatisMetrics.java:unregister(43)) - Unregistering Metrics Registry : ratis_grpc.log_appender.1cf265a5-6a03-47fd-ad13-ec32897c6af9@group-E9D3221C1EB6
2020-06-27 08:19:50,122 [org.apache.ratis.server.impl.LogAppender$AppenderDaemon$$Lambda$436/638701736@3a1de2af] WARN  server.GrpcLogAppender (GrpcLogAppender.java:mayWait(153)) - 1cf265a5-6a03-47fd-ad13-ec32897c6af9@group-E9D3221C1EB6->bf10b53c-012b-4fa1-b197-82d4c3bdb60c-GrpcLogAppender: Wait interrupted by java.lang.InterruptedException
2020-06-27 08:19:50,122 [org.apache.ratis.server.impl.LogAppender$AppenderDaemon$$Lambda$436/638701736@4fd50824] WARN  server.GrpcLogAppender (GrpcLogAppender.java:mayWait(153)) - 1cf265a5-6a03-47fd-ad13-ec32897c6af9@group-E9D3221C1EB6->dbedbf7e-64a3-44c7-b6dd-b08f95c937b2-GrpcLogAppender: Wait interrupted by java.lang.InterruptedException
2020-06-27 08:19:50,123 [grpc-default-executor-6] INFO  server.GrpcServerProtocolService (GrpcServerProtocolService.java:onCompleted(138)) - dbedbf7e-64a3-44c7-b6dd-b08f95c937b2: Completed APPEND_ENTRIES, lastRequest: 1cf265a5-6a03-47fd-ad13-ec32897c6af9->dbedbf7e-64a3-44c7-b6dd-b08f95c937b2#3-t1, previous=(t:1, i:1), leaderCommit=1, initializing? false, entries: size=1, first=(t:1, i:2), METADATAENTRY(c:1)
2020-06-27 08:19:50,122 [e3ff1c2c-6f58-4f63-bc65-22c0097003cb@group-2BBD8E13AD66-StateMachineUpdater] INFO  impl.StateMachineUpdater (StateMachineUpdater.java:takeSnapshot(277)) - e3ff1c2c-6f58-4f63-bc65-22c0097003cb@group-2BBD8E13AD66-StateMachineUpdater: Took a snapshot at index 0
2020-06-27 08:19:50,123 [e3ff1c2c-6f58-4f63-bc65-22c0097003cb@group-2BBD8E13AD66-StateMachineUpdater] INFO  impl.StateMachineUpdater (StateMachineUpdater.java:lambda$new$0(87)) - e3ff1c2c-6f58-4f63-bc65-22c0097003cb@group-2BBD8E13AD66-StateMachineUpdater: snapshotIndex: updateIncreasingly -1 -> 0
2020-06-27 08:19:50,123 [e3ff1c2c-6f58-4f63-bc65-22c0097003cb@group-2BBD8E13AD66-StateMachineUpdater] INFO  metrics.RatisMetrics (RatisMetrics.java:unregister(43)) - Unregistering Metrics Registry : ratis.state_machine.e3ff1c2c-6f58-4f63-bc65-22c0097003cb@group-2BBD8E13AD66
2020-06-27 08:19:50,123 [grpc-default-executor-7] INFO  server.GrpcServerProtocolService (GrpcServerProtocolService.java:onCompleted(138)) - bf10b53c-012b-4fa1-b197-82d4c3bdb60c: Completed APPEND_ENTRIES, lastRequest: 1cf265a5-6a03-47fd-ad13-ec32897c6af9->bf10b53c-012b-4fa1-b197-82d4c3bdb60c#3-t1, previous=(t:1, i:1), leaderCommit=1, initializing? false, entries: size=1, first=(t:1, i:2), METADATAENTRY(c:1)
2020-06-27 08:19:50,123 [grpc-default-executor-7] INFO  server.GrpcLogAppender (GrpcLogAppender.java:onCompleted(319)) - 1cf265a5-6a03-47fd-ad13-ec32897c6af9@group-E9D3221C1EB6->dbedbf7e-64a3-44c7-b6dd-b08f95c937b2-AppendLogResponseHandler: follower responses appendEntries COMPLETED
2020-06-27 08:19:50,122 [Listener at 127.0.0.1/34065] INFO  impl.PendingRequests (PendingRequests.java:sendNotLeaderResponses(249)) - 1cf265a5-6a03-47fd-ad13-ec32897c6af9@group-E9D3221C1EB6-PendingRequests: sendNotLeaderResponses
2020-06-27 08:19:50,125 [ForkJoinPool.commonPool-worker-1] INFO  impl.RaftServerImpl (ServerState.java:close(387)) - e3ff1c2c-6f58-4f63-bc65-22c0097003cb@group-2BBD8E13AD66: closes. applyIndex: 0
2020-06-27 08:19:50,125 [grpc-default-executor-6] INFO  server.GrpcLogAppender (GrpcLogAppender.java:onCompleted(319)) - 1cf265a5-6a03-47fd-ad13-ec32897c6af9@group-E9D3221C1EB6->bf10b53c-012b-4fa1-b197-82d4c3bdb60c-AppendLogResponseHandler: follower responses appendEntries COMPLETED
2020-06-27 08:19:50,126 [e3ff1c2c-6f58-4f63-bc65-22c0097003cb@group-2BBD8E13AD66-SegmentedRaftLogWorker] INFO  segmented.SegmentedRaftLogWorker (SegmentedRaftLogWorker.java:run(327)) - e3ff1c2c-6f58-4f63-bc65-22c0097003cb@group-2BBD8E13AD66-SegmentedRaftLogWorker was interrupted, exiting. There are 0 tasks remaining in the queue.
2020-06-27 08:19:50,129 [grpc-default-executor-7] INFO  impl.FollowerInfo (FollowerInfo.java:lambda$new$0(51)) - 1cf265a5-6a03-47fd-ad13-ec32897c6af9@group-E9D3221C1EB6->dbedbf7e-64a3-44c7-b6dd-b08f95c937b2: nextIndex: updateUnconditionally 3 -> 2
2020-06-27 08:19:50,130 [ForkJoinPool.commonPool-worker-1] INFO  segmented.SegmentedRaftLogWorker (SegmentedRaftLogWorker.java:close(234)) - e3ff1c2c-6f58-4f63-bc65-22c0097003cb@group-2BBD8E13AD66-SegmentedRaftLogWorker close()
2020-06-27 08:19:50,131 [grpc-default-executor-6] INFO  impl.FollowerInfo (FollowerInfo.java:lambda$new$0(51)) - 1cf265a5-6a03-47fd-ad13-ec32897c6af9@group-E9D3221C1EB6->bf10b53c-012b-4fa1-b197-82d4c3bdb60c: nextIndex: updateUnconditionally 3 -> 2
2020-06-27 08:19:50,132 [ForkJoinPool.commonPool-worker-1] INFO  metrics.RatisMetrics (RatisMetrics.java:unregister(43)) - Unregistering Metrics Registry : ratis.log_worker.e3ff1c2c-6f58-4f63-bc65-22c0097003cb@group-2BBD8E13AD66
2020-06-27 08:19:50,132 [ForkJoinPool.commonPool-worker-1] INFO  metrics.RatisMetrics (RatisMetrics.java:unregister(43)) - Unregistering Metrics Registry : ratis.leader_election.e3ff1c2c-6f58-4f63-bc65-22c0097003cb@group-2BBD8E13AD66
2020-06-27 08:19:50,132 [Listener at 127.0.0.1/34065] INFO  metrics.RatisMetrics (RatisMetrics.java:unregister(43)) - Unregistering Metrics Registry : ratis.log_appender.1cf265a5-6a03-47fd-ad13-ec32897c6af9@group-E9D3221C1EB6
2020-06-27 08:19:50,133 [Listener at 127.0.0.1/34065] INFO  metrics.RatisMetrics (RatisMetrics.java:unregister(43)) - Unregistering Metrics Registry : ratis.server.1cf265a5-6a03-47fd-ad13-ec32897c6af9@group-E9D3221C1EB6
2020-06-27 08:19:50,134 [Listener at 127.0.0.1/34065] INFO  impl.StateMachineUpdater (StateMachineUpdater.java:stopAndJoin(142)) - 1cf265a5-6a03-47fd-ad13-ec32897c6af9@group-E9D3221C1EB6-StateMachineUpdater: set stopIndex = 2
2020-06-27 08:19:50,132 [ForkJoinPool.commonPool-worker-1] INFO  metrics.RatisMetrics (RatisMetrics.java:unregister(43)) - Unregistering Metrics Registry : ratis.server.e3ff1c2c-6f58-4f63-bc65-22c0097003cb@group-2BBD8E13AD66
2020-06-27 08:19:50,134 [ForkJoinPool.commonPool-worker-1] INFO  server.GrpcService (GrpcService.java:closeImpl(166)) - e3ff1c2c-6f58-4f63-bc65-22c0097003cb: shutdown server with port 44705 now
2020-06-27 08:19:50,134 [1cf265a5-6a03-47fd-ad13-ec32897c6af9@group-E9D3221C1EB6-StateMachineUpdater] INFO  ratis.ContainerStateMachine (ContainerStateMachine.java:takeSnapshot(294)) - group-E9D3221C1EB6: Taking a snapshot at:(t:1, i:2) file /github/workspace/mnt/ozone/hadoop-ozone/integration-test/target/test-dir/MiniOzoneClusterImpl-1d3054ed-691e-4733-a773-d2ff76104d42/datanode-4/data/ratis/dbc16d53-8caf-44f8-a700-e9d3221c1eb6/sm/snapshot.1_2
2020-06-27 08:19:50,135 [grpc-default-executor-7] WARN  server.GrpcServerProtocolService (LogUtils.java:warn(122)) - e3ff1c2c-6f58-4f63-bc65-22c0097003cb: installSnapshot onError, lastRequest: 1678e861-f681-42e2-b20b-e04f00d52311->e3ff1c2c-6f58-4f63-bc65-22c0097003cb#1-t3, previous=(t:0, i:0), leaderCommit=-1, initializing? false, entries: size=1, first=(t:3, i:0), CONFIGURATIONENTRY: org.apache.ratis.thirdparty.io.grpc.StatusRuntimeException: CANCELLED: cancelled before receiving half close
2020-06-27 08:19:50,135 [1cf265a5-6a03-47fd-ad13-ec32897c6af9@group-E9D3221C1EB6-StateMachineUpdater] INFO  ratis.ContainerStateMachine (ContainerStateMachine.java:takeSnapshot(305)) - group-E9D3221C1EB6: Finished taking a snapshot at:(t:1, i:2) file:/github/workspace/mnt/ozone/hadoop-ozone/integration-test/target/test-dir/MiniOzoneClusterImpl-1d3054ed-691e-4733-a773-d2ff76104d42/datanode-4/data/ratis/dbc16d53-8caf-44f8-a700-e9d3221c1eb6/sm/snapshot.1_2 time:1
2020-06-27 08:19:50,135 [grpc-default-executor-5] WARN  server.GrpcLogAppender (LogUtils.java:warn(122)) - 1678e861-f681-42e2-b20b-e04f00d52311@group-7AAF34FA3258->e3ff1c2c-6f58-4f63-bc65-22c0097003cb-AppendLogResponseHandler: Failed appendEntries: org.apache.ratis.thirdparty.io.grpc.StatusRuntimeException: CANCELLED: HTTP/2 error code: CANCEL
Received Rst Stream
2020-06-27 08:19:50,135 [1cf265a5-6a03-47fd-ad13-ec32897c6af9@group-E9D3221C1EB6-StateMachineUpdater] INFO  impl.StateMachineUpdater (StateMachineUpdater.java:takeSnapshot(277)) - 1cf265a5-6a03-47fd-ad13-ec32897c6af9@group-E9D3221C1EB6-StateMachineUpdater: Took a snapshot at index 2
2020-06-27 08:19:50,135 [1cf265a5-6a03-47fd-ad13-ec32897c6af9@group-E9D3221C1EB6-StateMachineUpdater] INFO  impl.StateMachineUpdater (StateMachineUpdater.java:lambda$new$0(87)) - 1cf265a5-6a03-47fd-ad13-ec32897c6af9@group-E9D3221C1EB6-StateMachineUpdater: snapshotIndex: updateIncreasingly -1 -> 2
2020-06-27 08:19:50,135 [1cf265a5-6a03-47fd-ad13-ec32897c6af9@group-E9D3221C1EB6-StateMachineUpdater] INFO  metrics.RatisMetrics (RatisMetrics.java:unregister(43)) - Unregistering Metrics Registry : ratis.state_machine.1cf265a5-6a03-47fd-ad13-ec32897c6af9@group-E9D3221C1EB6
2020-06-27 08:19:50,136 [Listener at 127.0.0.1/34065] INFO  impl.RaftServerImpl (ServerState.java:close(387)) - 1cf265a5-6a03-47fd-ad13-ec32897c6af9@group-E9D3221C1EB6: closes. applyIndex: 2
2020-06-27 08:19:50,136 [1cf265a5-6a03-47fd-ad13-ec32897c6af9@group-E9D3221C1EB6-SegmentedRaftLogWorker] INFO  segmented.SegmentedRaftLogWorker (SegmentedRaftLogWorker.java:run(327)) - 1cf265a5-6a03-47fd-ad13-ec32897c6af9@group-E9D3221C1EB6-SegmentedRaftLogWorker was interrupted, exiting. There are 0 tasks remaining in the queue.
2020-06-27 08:19:50,137 [grpc-default-executor-5] INFO  impl.FollowerInfo (FollowerInfo.java:lambda$new$0(51)) - 1678e861-f681-42e2-b20b-e04f00d52311@group-7AAF34FA3258->e3ff1c2c-6f58-4f63-bc65-22c0097003cb: nextIndex: updateUnconditionally 1 -> 0
2020-06-27 08:19:50,138 [Listener at 127.0.0.1/34065] INFO  segmented.SegmentedRaftLogWorker (SegmentedRaftLogWorker.java:close(234)) - 1cf265a5-6a03-47fd-ad13-ec32897c6af9@group-E9D3221C1EB6-SegmentedRaftLogWorker close()
2020-06-27 08:19:50,149 [Listener at 127.0.0.1/34065] INFO  metrics.RatisMetrics (RatisMetrics.java:unregister(43)) - Unregistering Metrics Registry : ratis.log_worker.1cf265a5-6a03-47fd-ad13-ec32897c6af9@group-E9D3221C1EB6
2020-06-27 08:19:50,149 [Listener at 127.0.0.1/34065] INFO  metrics.RatisMetrics (RatisMetrics.java:unregister(43)) - Unregistering Metrics Registry : ratis.leader_election.1cf265a5-6a03-47fd-ad13-ec32897c6af9@group-E9D3221C1EB6
2020-06-27 08:19:50,149 [Listener at 127.0.0.1/34065] INFO  metrics.RatisMetrics (RatisMetrics.java:unregister(43)) - Unregistering Metrics Registry : ratis.server.1cf265a5-6a03-47fd-ad13-ec32897c6af9@group-E9D3221C1EB6
2020-06-27 08:19:50,149 [Listener at 127.0.0.1/34065] INFO  server.GrpcService (GrpcService.java:closeImpl(166)) - 1cf265a5-6a03-47fd-ad13-ec32897c6af9: shutdown server with port 37877 now
2020-06-27 08:19:50,152 [Listener at 127.0.0.1/34065] INFO  server.GrpcService (GrpcService.java:closeImpl(174)) - 1cf265a5-6a03-47fd-ad13-ec32897c6af9: shutdown server with port 37877 successfully
2020-06-27 08:19:50,154 [ForkJoinPool.commonPool-worker-1] INFO  server.GrpcService (GrpcService.java:closeImpl(174)) - e3ff1c2c-6f58-4f63-bc65-22c0097003cb: shutdown server with port 44705 successfully
2020-06-27 08:19:50,158 [Listener at 127.0.0.1/34065] INFO  utils.BackgroundService (BackgroundService.java:shutdown(157)) - Shutting down service BlockDeletingService
2020-06-27 08:19:50,158 [ForkJoinPool.commonPool-worker-1] INFO  utils.BackgroundService (BackgroundService.java:shutdown(157)) - Shutting down service BlockDeletingService
2020-06-27 08:19:50,165 [ForkJoinPool.commonPool-worker-1] INFO  statemachine.DatanodeStateMachine (DatanodeStateMachine.java:stopDaemon(428)) - Ozone container server stopped.
2020-06-27 08:19:50,165 [Listener at 127.0.0.1/34065] INFO  statemachine.DatanodeStateMachine (DatanodeStateMachine.java:stopDaemon(428)) - Ozone container server stopped.
2020-06-27 08:19:50,166 [Listener at 127.0.0.1/34065] INFO  handler.ContextHandler (ContextHandler.java:doStop(1016)) - Stopped o.e.j.w.WebAppContext@7c644bd5{hddsDatanode,/,null,UNAVAILABLE}{jar:file:/home/user/.m2/repository/org/apache/hadoop/hadoop-hdds-container-service/0.6.0-SNAPSHOT/hadoop-hdds-container-service-0.6.0-SNAPSHOT.jar!/webapps/hddsDatanode}
2020-06-27 08:19:50,167 [Listener at 127.0.0.1/34065] INFO  server.AbstractConnector (AbstractConnector.java:doStop(380)) - Stopped ServerConnector@3df88e84{HTTP/1.1,[http/1.1]}{0.0.0.0:0}
2020-06-27 08:19:50,167 [Listener at 127.0.0.1/34065] INFO  server.session (HouseKeeper.java:stopScavenging(158)) - node0 Stopped scavenging
2020-06-27 08:19:50,168 [Listener at 127.0.0.1/34065] INFO  handler.ContextHandler (ContextHandler.java:doStop(1016)) - Stopped o.e.j.s.ServletContextHandler@2eb4a3ec{static,/static,jar:file:/home/user/.m2/repository/org/apache/hadoop/hadoop-hdds-container-service/0.6.0-SNAPSHOT/hadoop-hdds-container-service-0.6.0-SNAPSHOT.jar!/webapps/static,UNAVAILABLE}
2020-06-27 08:19:50,168 [Listener at 127.0.0.1/34065] INFO  handler.ContextHandler (ContextHandler.java:doStop(1016)) - Stopped o.e.j.s.ServletContextHandler@6f22784d{logs,/logs,file:///github/workspace/mnt/ozone/hadoop-ozone/integration-test/target/log,UNAVAILABLE}
2020-06-27 08:19:50,170 [ForkJoinPool.commonPool-worker-1] INFO  handler.ContextHandler (ContextHandler.java:doStop(1016)) - Stopped o.e.j.w.WebAppContext@20f1cf40{hddsDatanode,/,null,UNAVAILABLE}{jar:file:/home/user/.m2/repository/org/apache/hadoop/hadoop-hdds-container-service/0.6.0-SNAPSHOT/hadoop-hdds-container-service-0.6.0-SNAPSHOT.jar!/webapps/hddsDatanode}
2020-06-27 08:19:50,176 [ForkJoinPool.commonPool-worker-1] INFO  server.AbstractConnector (AbstractConnector.java:doStop(380)) - Stopped ServerConnector@3220ea38{HTTP/1.1,[http/1.1]}{0.0.0.0:0}
2020-06-27 08:19:50,176 [ForkJoinPool.commonPool-worker-1] INFO  server.session (HouseKeeper.java:stopScavenging(158)) - node0 Stopped scavenging
2020-06-27 08:19:50,177 [ForkJoinPool.commonPool-worker-1] INFO  handler.ContextHandler (ContextHandler.java:doStop(1016)) - Stopped o.e.j.s.ServletContextHandler@5b00d92c{static,/static,jar:file:/home/user/.m2/repository/org/apache/hadoop/hadoop-hdds-container-service/0.6.0-SNAPSHOT/hadoop-hdds-container-service-0.6.0-SNAPSHOT.jar!/webapps/static,UNAVAILABLE}
2020-06-27 08:19:50,178 [ForkJoinPool.commonPool-worker-1] INFO  handler.ContextHandler (ContextHandler.java:doStop(1016)) - Stopped o.e.j.s.ServletContextHandler@242b48ef{logs,/logs,file:///github/workspace/mnt/ozone/hadoop-ozone/integration-test/target/log,UNAVAILABLE}
2020-06-27 08:19:51,101 [Datanode State Machine Thread - 0] INFO  statemachine.DatanodeStateMachine (DatanodeStateMachine.java:lambda$startDaemon$0(380)) - Ozone container server started.
2020-06-27 08:19:51,102 [Datanode State Machine Thread - 0] INFO  statemachine.DatanodeStateMachine (DatanodeStateMachine.java:lambda$startDaemon$0(380)) - Ozone container server started.
2020-06-27 08:19:52,353 [grpc-default-executor-5] DEBUG server.GrpcLogAppender (GrpcLogAppender.java:onNext(257)) - 1678e861-f681-42e2-b20b-e04f00d52311@group-7AAF34FA3258->56bfd1ae-fa2f-4839-ba3b-0401545d2b7a-AppendLogResponseHandler: received a reply 1678e861-f681-42e2-b20b-e04f00d52311<-56bfd1ae-fa2f-4839-ba3b-0401545d2b7a#2:OK,SUCCESS,nextIndex:1,term:3,followerCommit:0, request=AppendEntriesRequest:cid=2,entriesCount=0,lastEntry=null
2020-06-27 08:19:52,358 [grpc-default-executor-6] WARN  server.GrpcLogAppender (LogUtils.java:warn(122)) - 1678e861-f681-42e2-b20b-e04f00d52311@group-7AAF34FA3258->e3ff1c2c-6f58-4f63-bc65-22c0097003cb-AppendLogResponseHandler: Failed appendEntries: org.apache.ratis.thirdparty.io.grpc.StatusRuntimeException: UNAVAILABLE: io exception
2020-06-27 08:19:52,360 [grpc-default-executor-6] INFO  impl.FollowerInfo (FollowerInfo.java:lambda$new$0(51)) - 1678e861-f681-42e2-b20b-e04f00d52311@group-7AAF34FA3258->e3ff1c2c-6f58-4f63-bc65-22c0097003cb: nextIndex: updateUnconditionally 1 -> 0
2020-06-27 08:19:52,585 [grpc-default-executor-6] DEBUG server.GrpcLogAppender (GrpcLogAppender.java:onNext(257)) - 93ff5c27-cf24-4d90-9a81-2a4e4904b019@group-CEED09A8AD4A->99a07450-395a-4667-b554-43c43076656b-AppendLogResponseHandler: received a reply 93ff5c27-cf24-4d90-9a81-2a4e4904b019<-99a07450-395a-4667-b554-43c43076656b#4:OK,SUCCESS,nextIndex:1,term:1,followerCommit:0, request=AppendEntriesRequest:cid=4,entriesCount=0,lastEntry=null
2020-06-27 08:19:52,595 [grpc-default-executor-6] DEBUG server.GrpcLogAppender (GrpcLogAppender.java:onNext(257)) - 93ff5c27-cf24-4d90-9a81-2a4e4904b019@group-CEED09A8AD4A->bd28fdde-8be9-44b6-aac4-f5ad5eca5270-AppendLogResponseHandler: received a reply 93ff5c27-cf24-4d90-9a81-2a4e4904b019<-bd28fdde-8be9-44b6-aac4-f5ad5eca5270#4:OK,SUCCESS,nextIndex:1,term:1,followerCommit:0, request=AppendEntriesRequest:cid=4,entriesCount=0,lastEntry=null
2020-06-27 08:19:54,855 [grpc-default-executor-6] DEBUG server.GrpcLogAppender (GrpcLogAppender.java:onNext(257)) - 1678e861-f681-42e2-b20b-e04f00d52311@group-7AAF34FA3258->56bfd1ae-fa2f-4839-ba3b-0401545d2b7a-AppendLogResponseHandler: received a reply 1678e861-f681-42e2-b20b-e04f00d52311<-56bfd1ae-fa2f-4839-ba3b-0401545d2b7a#3:OK,SUCCESS,nextIndex:1,term:3,followerCommit:0, request=AppendEntriesRequest:cid=3,entriesCount=0,lastEntry=null
2020-06-27 08:19:54,860 [grpc-default-executor-5] WARN  server.GrpcLogAppender (LogUtils.java:warn(122)) - 1678e861-f681-42e2-b20b-e04f00d52311@group-7AAF34FA3258->e3ff1c2c-6f58-4f63-bc65-22c0097003cb-AppendLogResponseHandler: Failed appendEntries: org.apache.ratis.thirdparty.io.grpc.StatusRuntimeException: UNAVAILABLE: io exception
2020-06-27 08:19:54,861 [grpc-default-executor-5] INFO  impl.FollowerInfo (FollowerInfo.java:lambda$new$0(51)) - 1678e861-f681-42e2-b20b-e04f00d52311@group-7AAF34FA3258->e3ff1c2c-6f58-4f63-bc65-22c0097003cb: nextIndex: updateUnconditionally 1 -> 0
2020-06-27 08:19:55,087 [grpc-default-executor-5] DEBUG server.GrpcLogAppender (GrpcLogAppender.java:onNext(257)) - 93ff5c27-cf24-4d90-9a81-2a4e4904b019@group-CEED09A8AD4A->99a07450-395a-4667-b554-43c43076656b-AppendLogResponseHandler: received a reply 93ff5c27-cf24-4d90-9a81-2a4e4904b019<-99a07450-395a-4667-b554-43c43076656b#5:OK,SUCCESS,nextIndex:1,term:1,followerCommit:0, request=AppendEntriesRequest:cid=5,entriesCount=0,lastEntry=null
2020-06-27 08:19:55,097 [grpc-default-executor-5] DEBUG server.GrpcLogAppender (GrpcLogAppender.java:onNext(257)) - 93ff5c27-cf24-4d90-9a81-2a4e4904b019@group-CEED09A8AD4A->bd28fdde-8be9-44b6-aac4-f5ad5eca5270-AppendLogResponseHandler: received a reply 93ff5c27-cf24-4d90-9a81-2a4e4904b019<-bd28fdde-8be9-44b6-aac4-f5ad5eca5270#5:OK,SUCCESS,nextIndex:1,term:1,followerCommit:0, request=AppendEntriesRequest:cid=5,entriesCount=0,lastEntry=null
2020-06-27 08:19:55,171 [Listener at 127.0.0.1/34065] INFO  ozoneimpl.OzoneContainer (OzoneContainer.java:stop(246)) - Attempting to stop container services.
2020-06-27 08:19:55,171 [Listener at 127.0.0.1/34065] INFO  impl.RaftServerProxy (RaftServerProxy.java:lambda$close$4(319)) - dbedbf7e-64a3-44c7-b6dd-b08f95c937b2: close
2020-06-27 08:19:55,171 [Listener at 127.0.0.1/34065] INFO  impl.RaftServerImpl (RaftServerImpl.java:lambda$shutdown$3(252)) - dbedbf7e-64a3-44c7-b6dd-b08f95c937b2@group-E9D3221C1EB6: shutdown
2020-06-27 08:19:55,172 [Listener at 127.0.0.1/34065] INFO  util.JmxRegister (JmxRegister.java:unregister(73)) - Successfully un-registered JMX Bean with object name Ratis:service=RaftServer,group=group-E9D3221C1EB6,id=dbedbf7e-64a3-44c7-b6dd-b08f95c937b2
2020-06-27 08:19:55,172 [Listener at 127.0.0.1/34065] INFO  impl.RoleInfo (RoleInfo.java:shutdownFollowerState(121)) - dbedbf7e-64a3-44c7-b6dd-b08f95c937b2: shutdown FollowerState
2020-06-27 08:19:55,172 [Listener at 127.0.0.1/34065] INFO  impl.StateMachineUpdater (StateMachineUpdater.java:stopAndJoin(142)) - dbedbf7e-64a3-44c7-b6dd-b08f95c937b2@group-E9D3221C1EB6-StateMachineUpdater: set stopIndex = 2
2020-06-27 08:19:55,172 [Thread-1781] INFO  impl.FollowerState (FollowerState.java:run(117)) - dbedbf7e-64a3-44c7-b6dd-b08f95c937b2@group-E9D3221C1EB6-FollowerState was interrupted: java.lang.InterruptedException: sleep interrupted
2020-06-27 08:19:55,173 [dbedbf7e-64a3-44c7-b6dd-b08f95c937b2@group-E9D3221C1EB6-StateMachineUpdater] INFO  ratis.ContainerStateMachine (ContainerStateMachine.java:takeSnapshot(294)) - group-E9D3221C1EB6: Taking a snapshot at:(t:1, i:2) file /github/workspace/mnt/ozone/hadoop-ozone/integration-test/target/test-dir/MiniOzoneClusterImpl-1d3054ed-691e-4733-a773-d2ff76104d42/datanode-5/data/ratis/dbc16d53-8caf-44f8-a700-e9d3221c1eb6/sm/snapshot.1_2
2020-06-27 08:19:55,175 [dbedbf7e-64a3-44c7-b6dd-b08f95c937b2@group-E9D3221C1EB6-StateMachineUpdater] INFO  ratis.ContainerStateMachine (ContainerStateMachine.java:takeSnapshot(305)) - group-E9D3221C1EB6: Finished taking a snapshot at:(t:1, i:2) file:/github/workspace/mnt/ozone/hadoop-ozone/integration-test/target/test-dir/MiniOzoneClusterImpl-1d3054ed-691e-4733-a773-d2ff76104d42/datanode-5/data/ratis/dbc16d53-8caf-44f8-a700-e9d3221c1eb6/sm/snapshot.1_2 time:2
2020-06-27 08:19:55,175 [dbedbf7e-64a3-44c7-b6dd-b08f95c937b2@group-E9D3221C1EB6-StateMachineUpdater] INFO  impl.StateMachineUpdater (StateMachineUpdater.java:takeSnapshot(277)) - dbedbf7e-64a3-44c7-b6dd-b08f95c937b2@group-E9D3221C1EB6-StateMachineUpdater: Took a snapshot at index 2
2020-06-27 08:19:55,175 [dbedbf7e-64a3-44c7-b6dd-b08f95c937b2@group-E9D3221C1EB6-StateMachineUpdater] INFO  impl.StateMachineUpdater (StateMachineUpdater.java:lambda$new$0(87)) - dbedbf7e-64a3-44c7-b6dd-b08f95c937b2@group-E9D3221C1EB6-StateMachineUpdater: snapshotIndex: updateIncreasingly -1 -> 2
2020-06-27 08:19:55,175 [dbedbf7e-64a3-44c7-b6dd-b08f95c937b2@group-E9D3221C1EB6-StateMachineUpdater] INFO  metrics.RatisMetrics (RatisMetrics.java:unregister(43)) - Unregistering Metrics Registry : ratis.state_machine.dbedbf7e-64a3-44c7-b6dd-b08f95c937b2@group-E9D3221C1EB6
2020-06-27 08:19:55,175 [Listener at 127.0.0.1/34065] INFO  impl.RaftServerImpl (ServerState.java:close(387)) - dbedbf7e-64a3-44c7-b6dd-b08f95c937b2@group-E9D3221C1EB6: closes. applyIndex: 2
2020-06-27 08:19:55,176 [dbedbf7e-64a3-44c7-b6dd-b08f95c937b2@group-E9D3221C1EB6-SegmentedRaftLogWorker] INFO  segmented.SegmentedRaftLogWorker (SegmentedRaftLogWorker.java:run(327)) - dbedbf7e-64a3-44c7-b6dd-b08f95c937b2@group-E9D3221C1EB6-SegmentedRaftLogWorker was interrupted, exiting. There are 0 tasks remaining in the queue.
2020-06-27 08:19:55,177 [Listener at 127.0.0.1/34065] INFO  segmented.SegmentedRaftLogWorker (SegmentedRaftLogWorker.java:close(234)) - dbedbf7e-64a3-44c7-b6dd-b08f95c937b2@group-E9D3221C1EB6-SegmentedRaftLogWorker close()
2020-06-27 08:19:55,178 [Listener at 127.0.0.1/34065] INFO  metrics.RatisMetrics (RatisMetrics.java:unregister(43)) - Unregistering Metrics Registry : ratis.log_worker.dbedbf7e-64a3-44c7-b6dd-b08f95c937b2@group-E9D3221C1EB6
2020-06-27 08:19:55,178 [Listener at 127.0.0.1/34065] INFO  metrics.RatisMetrics (RatisMetrics.java:unregister(43)) - Unregistering Metrics Registry : ratis.leader_election.dbedbf7e-64a3-44c7-b6dd-b08f95c937b2@group-E9D3221C1EB6
2020-06-27 08:19:55,179 [Listener at 127.0.0.1/34065] INFO  metrics.RatisMetrics (RatisMetrics.java:unregister(43)) - Unregistering Metrics Registry : ratis.server.dbedbf7e-64a3-44c7-b6dd-b08f95c937b2@group-E9D3221C1EB6
2020-06-27 08:19:55,179 [Listener at 127.0.0.1/34065] INFO  impl.RaftServerImpl (RaftServerImpl.java:lambda$shutdown$3(252)) - dbedbf7e-64a3-44c7-b6dd-b08f95c937b2@group-43DBBF309B5D: shutdown
2020-06-27 08:19:55,179 [Listener at 127.0.0.1/34065] INFO  util.JmxRegister (JmxRegister.java:unregister(73)) - Successfully un-registered JMX Bean with object name Ratis:service=RaftServer,group=group-43DBBF309B5D,id=dbedbf7e-64a3-44c7-b6dd-b08f95c937b2
2020-06-27 08:19:55,179 [Listener at 127.0.0.1/34065] INFO  impl.RoleInfo (RoleInfo.java:shutdownLeaderState(104)) - dbedbf7e-64a3-44c7-b6dd-b08f95c937b2: shutdown LeaderState
2020-06-27 08:19:55,179 [Listener at 127.0.0.1/34065] INFO  impl.PendingRequests (PendingRequests.java:sendNotLeaderResponses(249)) - dbedbf7e-64a3-44c7-b6dd-b08f95c937b2@group-43DBBF309B5D-PendingRequests: sendNotLeaderResponses
2020-06-27 08:19:55,179 [Listener at 127.0.0.1/34065] INFO  metrics.RatisMetrics (RatisMetrics.java:unregister(43)) - Unregistering Metrics Registry : ratis.log_appender.dbedbf7e-64a3-44c7-b6dd-b08f95c937b2@group-43DBBF309B5D
2020-06-27 08:19:55,180 [Listener at 127.0.0.1/34065] INFO  metrics.RatisMetrics (RatisMetrics.java:unregister(43)) - Unregistering Metrics Registry : ratis.server.dbedbf7e-64a3-44c7-b6dd-b08f95c937b2@group-43DBBF309B5D
2020-06-27 08:19:55,180 [ForkJoinPool.commonPool-worker-1] INFO  ozoneimpl.OzoneContainer (OzoneContainer.java:stop(246)) - Attempting to stop container services.
2020-06-27 08:19:55,180 [ForkJoinPool.commonPool-worker-1] INFO  impl.RaftServerProxy (RaftServerProxy.java:lambda$close$4(319)) - bf10b53c-012b-4fa1-b197-82d4c3bdb60c: close
2020-06-27 08:19:55,180 [ForkJoinPool.commonPool-worker-1] INFO  impl.RaftServerImpl (RaftServerImpl.java:lambda$shutdown$3(252)) - bf10b53c-012b-4fa1-b197-82d4c3bdb60c@group-4D63D0116D0D: shutdown
2020-06-27 08:19:55,180 [ForkJoinPool.commonPool-worker-1] INFO  util.JmxRegister (JmxRegister.java:unregister(73)) - Successfully un-registered JMX Bean with object name Ratis:service=RaftServer,group=group-4D63D0116D0D,id=bf10b53c-012b-4fa1-b197-82d4c3bdb60c
2020-06-27 08:19:55,181 [ForkJoinPool.commonPool-worker-1] INFO  impl.RoleInfo (RoleInfo.java:shutdownLeaderState(104)) - bf10b53c-012b-4fa1-b197-82d4c3bdb60c: shutdown LeaderState
2020-06-27 08:19:55,181 [ForkJoinPool.commonPool-worker-1] INFO  impl.PendingRequests (PendingRequests.java:sendNotLeaderResponses(249)) - bf10b53c-012b-4fa1-b197-82d4c3bdb60c@group-4D63D0116D0D-PendingRequests: sendNotLeaderResponses
2020-06-27 08:19:55,181 [ForkJoinPool.commonPool-worker-1] INFO  metrics.RatisMetrics (RatisMetrics.java:unregister(43)) - Unregistering Metrics Registry : ratis.log_appender.bf10b53c-012b-4fa1-b197-82d4c3bdb60c@group-4D63D0116D0D
2020-06-27 08:19:55,181 [ForkJoinPool.commonPool-worker-1] INFO  metrics.RatisMetrics (RatisMetrics.java:unregister(43)) - Unregistering Metrics Registry : ratis.server.bf10b53c-012b-4fa1-b197-82d4c3bdb60c@group-4D63D0116D0D
2020-06-27 08:19:55,182 [ForkJoinPool.commonPool-worker-1] INFO  impl.StateMachineUpdater (StateMachineUpdater.java:stopAndJoin(142)) - bf10b53c-012b-4fa1-b197-82d4c3bdb60c@group-4D63D0116D0D-StateMachineUpdater: set stopIndex = 0
2020-06-27 08:19:55,182 [bf10b53c-012b-4fa1-b197-82d4c3bdb60c@group-4D63D0116D0D-StateMachineUpdater] INFO  ratis.ContainerStateMachine (ContainerStateMachine.java:takeSnapshot(294)) - group-4D63D0116D0D: Taking a snapshot at:(t:1, i:0) file /github/workspace/mnt/ozone/hadoop-ozone/integration-test/target/test-dir/MiniOzoneClusterImpl-1d3054ed-691e-4733-a773-d2ff76104d42/datanode-3/data/ratis/65b1506e-eaca-41ac-b70c-4d63d0116d0d/sm/snapshot.1_0
2020-06-27 08:19:55,182 [Listener at 127.0.0.1/34065] INFO  impl.StateMachineUpdater (StateMachineUpdater.java:stopAndJoin(142)) - dbedbf7e-64a3-44c7-b6dd-b08f95c937b2@group-43DBBF309B5D-StateMachineUpdater: set stopIndex = 0
2020-06-27 08:19:55,183 [dbedbf7e-64a3-44c7-b6dd-b08f95c937b2@group-43DBBF309B5D-StateMachineUpdater] INFO  ratis.ContainerStateMachine (ContainerStateMachine.java:takeSnapshot(294)) - group-43DBBF309B5D: Taking a snapshot at:(t:1, i:0) file /github/workspace/mnt/ozone/hadoop-ozone/integration-test/target/test-dir/MiniOzoneClusterImpl-1d3054ed-691e-4733-a773-d2ff76104d42/datanode-5/data/ratis/32a5caaf-d8af-424c-8ae1-43dbbf309b5d/sm/snapshot.1_0
2020-06-27 08:19:55,183 [bf10b53c-012b-4fa1-b197-82d4c3bdb60c@group-4D63D0116D0D-StateMachineUpdater] INFO  ratis.ContainerStateMachine (ContainerStateMachine.java:takeSnapshot(305)) - group-4D63D0116D0D: Finished taking a snapshot at:(t:1, i:0) file:/github/workspace/mnt/ozone/hadoop-ozone/integration-test/target/test-dir/MiniOzoneClusterImpl-1d3054ed-691e-4733-a773-d2ff76104d42/datanode-3/data/ratis/65b1506e-eaca-41ac-b70c-4d63d0116d0d/sm/snapshot.1_0 time:1
2020-06-27 08:19:55,183 [bf10b53c-012b-4fa1-b197-82d4c3bdb60c@group-4D63D0116D0D-StateMachineUpdater] INFO  impl.StateMachineUpdater (StateMachineUpdater.java:takeSnapshot(277)) - bf10b53c-012b-4fa1-b197-82d4c3bdb60c@group-4D63D0116D0D-StateMachineUpdater: Took a snapshot at index 0
2020-06-27 08:19:55,183 [bf10b53c-012b-4fa1-b197-82d4c3bdb60c@group-4D63D0116D0D-StateMachineUpdater] INFO  impl.StateMachineUpdater (StateMachineUpdater.java:lambda$new$0(87)) - bf10b53c-012b-4fa1-b197-82d4c3bdb60c@group-4D63D0116D0D-StateMachineUpdater: snapshotIndex: updateIncreasingly -1 -> 0
2020-06-27 08:19:55,183 [dbedbf7e-64a3-44c7-b6dd-b08f95c937b2@group-43DBBF309B5D-StateMachineUpdater] INFO  ratis.ContainerStateMachine (ContainerStateMachine.java:takeSnapshot(305)) - group-43DBBF309B5D: Finished taking a snapshot at:(t:1, i:0) file:/github/workspace/mnt/ozone/hadoop-ozone/integration-test/target/test-dir/MiniOzoneClusterImpl-1d3054ed-691e-4733-a773-d2ff76104d42/datanode-5/data/ratis/32a5caaf-d8af-424c-8ae1-43dbbf309b5d/sm/snapshot.1_0 time:0
2020-06-27 08:19:55,183 [bf10b53c-012b-4fa1-b197-82d4c3bdb60c@group-4D63D0116D0D-StateMachineUpdater] INFO  metrics.RatisMetrics (RatisMetrics.java:unregister(43)) - Unregistering Metrics Registry : ratis.state_machine.bf10b53c-012b-4fa1-b197-82d4c3bdb60c@group-4D63D0116D0D
2020-06-27 08:19:55,183 [dbedbf7e-64a3-44c7-b6dd-b08f95c937b2@group-43DBBF309B5D-StateMachineUpdater] INFO  impl.StateMachineUpdater (StateMachineUpdater.java:takeSnapshot(277)) - dbedbf7e-64a3-44c7-b6dd-b08f95c937b2@group-43DBBF309B5D-StateMachineUpdater: Took a snapshot at index 0
2020-06-27 08:19:55,183 [dbedbf7e-64a3-44c7-b6dd-b08f95c937b2@group-43DBBF309B5D-StateMachineUpdater] INFO  impl.StateMachineUpdater (StateMachineUpdater.java:lambda$new$0(87)) - dbedbf7e-64a3-44c7-b6dd-b08f95c937b2@group-43DBBF309B5D-StateMachineUpdater: snapshotIndex: updateIncreasingly -1 -> 0
2020-06-27 08:19:55,183 [dbedbf7e-64a3-44c7-b6dd-b08f95c937b2@group-43DBBF309B5D-StateMachineUpdater] INFO  metrics.RatisMetrics (RatisMetrics.java:unregister(43)) - Unregistering Metrics Registry : ratis.state_machine.dbedbf7e-64a3-44c7-b6dd-b08f95c937b2@group-43DBBF309B5D
2020-06-27 08:19:55,184 [ForkJoinPool.commonPool-worker-1] INFO  impl.RaftServerImpl (ServerState.java:close(387)) - bf10b53c-012b-4fa1-b197-82d4c3bdb60c@group-4D63D0116D0D: closes. applyIndex: 0
2020-06-27 08:19:55,184 [Listener at 127.0.0.1/34065] INFO  impl.RaftServerImpl (ServerState.java:close(387)) - dbedbf7e-64a3-44c7-b6dd-b08f95c937b2@group-43DBBF309B5D: closes. applyIndex: 0
2020-06-27 08:19:55,184 [bf10b53c-012b-4fa1-b197-82d4c3bdb60c@group-4D63D0116D0D-SegmentedRaftLogWorker] INFO  segmented.SegmentedRaftLogWorker (SegmentedRaftLogWorker.java:run(327)) - bf10b53c-012b-4fa1-b197-82d4c3bdb60c@group-4D63D0116D0D-SegmentedRaftLogWorker was interrupted, exiting. There are 0 tasks remaining in the queue.
2020-06-27 08:19:55,184 [dbedbf7e-64a3-44c7-b6dd-b08f95c937b2@group-43DBBF309B5D-SegmentedRaftLogWorker] INFO  segmented.SegmentedRaftLogWorker (SegmentedRaftLogWorker.java:run(327)) - dbedbf7e-64a3-44c7-b6dd-b08f95c937b2@group-43DBBF309B5D-SegmentedRaftLogWorker was interrupted, exiting. There are 0 tasks remaining in the queue.
2020-06-27 08:19:55,186 [ForkJoinPool.commonPool-worker-1] INFO  segmented.SegmentedRaftLogWorker (SegmentedRaftLogWorker.java:close(234)) - bf10b53c-012b-4fa1-b197-82d4c3bdb60c@group-4D63D0116D0D-SegmentedRaftLogWorker close()
2020-06-27 08:19:55,187 [Listener at 127.0.0.1/34065] INFO  segmented.SegmentedRaftLogWorker (SegmentedRaftLogWorker.java:close(234)) - dbedbf7e-64a3-44c7-b6dd-b08f95c937b2@group-43DBBF309B5D-SegmentedRaftLogWorker close()
2020-06-27 08:19:55,187 [ForkJoinPool.commonPool-worker-1] INFO  metrics.RatisMetrics (RatisMetrics.java:unregister(43)) - Unregistering Metrics Registry : ratis.log_worker.bf10b53c-012b-4fa1-b197-82d4c3bdb60c@group-4D63D0116D0D
2020-06-27 08:19:55,187 [ForkJoinPool.commonPool-worker-1] INFO  metrics.RatisMetrics (RatisMetrics.java:unregister(43)) - Unregistering Metrics Registry : ratis.leader_election.bf10b53c-012b-4fa1-b197-82d4c3bdb60c@group-4D63D0116D0D
2020-06-27 08:19:55,187 [ForkJoinPool.commonPool-worker-1] INFO  metrics.RatisMetrics (RatisMetrics.java:unregister(43)) - Unregistering Metrics Registry : ratis.server.bf10b53c-012b-4fa1-b197-82d4c3bdb60c@group-4D63D0116D0D
2020-06-27 08:19:55,187 [ForkJoinPool.commonPool-worker-1] INFO  impl.RaftServerImpl (RaftServerImpl.java:lambda$shutdown$3(252)) - bf10b53c-012b-4fa1-b197-82d4c3bdb60c@group-E9D3221C1EB6: shutdown
2020-06-27 08:19:55,187 [ForkJoinPool.commonPool-worker-1] INFO  util.JmxRegister (JmxRegister.java:unregister(73)) - Successfully un-registered JMX Bean with object name Ratis:service=RaftServer,group=group-E9D3221C1EB6,id=bf10b53c-012b-4fa1-b197-82d4c3bdb60c
2020-06-27 08:19:55,187 [ForkJoinPool.commonPool-worker-1] INFO  impl.RoleInfo (RoleInfo.java:shutdownFollowerState(121)) - bf10b53c-012b-4fa1-b197-82d4c3bdb60c: shutdown FollowerState
2020-06-27 08:19:55,188 [Thread-1780] INFO  impl.FollowerState (FollowerState.java:run(117)) - bf10b53c-012b-4fa1-b197-82d4c3bdb60c@group-E9D3221C1EB6-FollowerState was interrupted: java.lang.InterruptedException: sleep interrupted
2020-06-27 08:19:55,188 [bf10b53c-012b-4fa1-b197-82d4c3bdb60c@group-E9D3221C1EB6-StateMachineUpdater] INFO  ratis.ContainerStateMachine (ContainerStateMachine.java:takeSnapshot(294)) - group-E9D3221C1EB6: Taking a snapshot at:(t:1, i:2) file /github/workspace/mnt/ozone/hadoop-ozone/integration-test/target/test-dir/MiniOzoneClusterImpl-1d3054ed-691e-4733-a773-d2ff76104d42/datanode-3/data/ratis/dbc16d53-8caf-44f8-a700-e9d3221c1eb6/sm/snapshot.1_2
2020-06-27 08:19:55,188 [ForkJoinPool.commonPool-worker-1] INFO  impl.StateMachineUpdater (StateMachineUpdater.java:stopAndJoin(142)) - bf10b53c-012b-4fa1-b197-82d4c3bdb60c@group-E9D3221C1EB6-StateMachineUpdater: set stopIndex = 2
2020-06-27 08:19:55,189 [bf10b53c-012b-4fa1-b197-82d4c3bdb60c@group-E9D3221C1EB6-StateMachineUpdater] INFO  ratis.ContainerStateMachine (ContainerStateMachine.java:takeSnapshot(305)) - group-E9D3221C1EB6: Finished taking a snapshot at:(t:1, i:2) file:/github/workspace/mnt/ozone/hadoop-ozone/integration-test/target/test-dir/MiniOzoneClusterImpl-1d3054ed-691e-4733-a773-d2ff76104d42/datanode-3/data/ratis/dbc16d53-8caf-44f8-a700-e9d3221c1eb6/sm/snapshot.1_2 time:1
2020-06-27 08:19:55,189 [bf10b53c-012b-4fa1-b197-82d4c3bdb60c@group-E9D3221C1EB6-StateMachineUpdater] INFO  impl.StateMachineUpdater (StateMachineUpdater.java:takeSnapshot(277)) - bf10b53c-012b-4fa1-b197-82d4c3bdb60c@group-E9D3221C1EB6-StateMachineUpdater: Took a snapshot at index 2
2020-06-27 08:19:55,189 [bf10b53c-012b-4fa1-b197-82d4c3bdb60c@group-E9D3221C1EB6-StateMachineUpdater] INFO  impl.StateMachineUpdater (StateMachineUpdater.java:lambda$new$0(87)) - bf10b53c-012b-4fa1-b197-82d4c3bdb60c@group-E9D3221C1EB6-StateMachineUpdater: snapshotIndex: updateIncreasingly -1 -> 2
2020-06-27 08:19:55,189 [bf10b53c-012b-4fa1-b197-82d4c3bdb60c@group-E9D3221C1EB6-StateMachineUpdater] INFO  metrics.RatisMetrics (RatisMetrics.java:unregister(43)) - Unregistering Metrics Registry : ratis.state_machine.bf10b53c-012b-4fa1-b197-82d4c3bdb60c@group-E9D3221C1EB6
2020-06-27 08:19:55,189 [ForkJoinPool.commonPool-worker-1] INFO  impl.RaftServerImpl (ServerState.java:close(387)) - bf10b53c-012b-4fa1-b197-82d4c3bdb60c@group-E9D3221C1EB6: closes. applyIndex: 2
2020-06-27 08:19:55,189 [bf10b53c-012b-4fa1-b197-82d4c3bdb60c@group-E9D3221C1EB6-SegmentedRaftLogWorker] INFO  segmented.SegmentedRaftLogWorker (SegmentedRaftLogWorker.java:run(327)) - bf10b53c-012b-4fa1-b197-82d4c3bdb60c@group-E9D3221C1EB6-SegmentedRaftLogWorker was interrupted, exiting. There are 0 tasks remaining in the queue.
2020-06-27 08:19:55,190 [Listener at 127.0.0.1/34065] INFO  metrics.RatisMetrics (RatisMetrics.java:unregister(43)) - Unregistering Metrics Registry : ratis.log_worker.dbedbf7e-64a3-44c7-b6dd-b08f95c937b2@group-43DBBF309B5D
2020-06-27 08:19:55,190 [ForkJoinPool.commonPool-worker-1] INFO  segmented.SegmentedRaftLogWorker (SegmentedRaftLogWorker.java:close(234)) - bf10b53c-012b-4fa1-b197-82d4c3bdb60c@group-E9D3221C1EB6-SegmentedRaftLogWorker close()
2020-06-27 08:19:55,191 [Listener at 127.0.0.1/34065] INFO  metrics.RatisMetrics (RatisMetrics.java:unregister(43)) - Unregistering Metrics Registry : ratis.leader_election.dbedbf7e-64a3-44c7-b6dd-b08f95c937b2@group-43DBBF309B5D
2020-06-27 08:19:55,191 [ForkJoinPool.commonPool-worker-1] INFO  metrics.RatisMetrics (RatisMetrics.java:unregister(43)) - Unregistering Metrics Registry : ratis.log_worker.bf10b53c-012b-4fa1-b197-82d4c3bdb60c@group-E9D3221C1EB6
2020-06-27 08:19:55,191 [ForkJoinPool.commonPool-worker-1] INFO  metrics.RatisMetrics (RatisMetrics.java:unregister(43)) - Unregistering Metrics Registry : ratis.leader_election.bf10b53c-012b-4fa1-b197-82d4c3bdb60c@group-E9D3221C1EB6
2020-06-27 08:19:55,191 [ForkJoinPool.commonPool-worker-1] INFO  metrics.RatisMetrics (RatisMetrics.java:unregister(43)) - Unregistering Metrics Registry : ratis.server.bf10b53c-012b-4fa1-b197-82d4c3bdb60c@group-E9D3221C1EB6
2020-06-27 08:19:55,192 [ForkJoinPool.commonPool-worker-1] INFO  server.GrpcService (GrpcService.java:closeImpl(166)) - bf10b53c-012b-4fa1-b197-82d4c3bdb60c: shutdown server with port 34043 now
2020-06-27 08:19:55,192 [Listener at 127.0.0.1/34065] INFO  metrics.RatisMetrics (RatisMetrics.java:unregister(43)) - Unregistering Metrics Registry : ratis.server.dbedbf7e-64a3-44c7-b6dd-b08f95c937b2@group-43DBBF309B5D
2020-06-27 08:19:55,192 [ForkJoinPool.commonPool-worker-1] INFO  server.GrpcService (GrpcService.java:closeImpl(174)) - bf10b53c-012b-4fa1-b197-82d4c3bdb60c: shutdown server with port 34043 successfully
2020-06-27 08:19:55,193 [Listener at 127.0.0.1/34065] INFO  server.GrpcService (GrpcService.java:closeImpl(166)) - dbedbf7e-64a3-44c7-b6dd-b08f95c937b2: shutdown server with port 45687 now
2020-06-27 08:19:55,194 [Listener at 127.0.0.1/34065] INFO  server.GrpcService (GrpcService.java:closeImpl(174)) - dbedbf7e-64a3-44c7-b6dd-b08f95c937b2: shutdown server with port 45687 successfully
2020-06-27 08:19:55,194 [ForkJoinPool.commonPool-worker-1] INFO  utils.BackgroundService (BackgroundService.java:shutdown(157)) - Shutting down service BlockDeletingService
2020-06-27 08:19:55,196 [Listener at 127.0.0.1/34065] INFO  utils.BackgroundService (BackgroundService.java:shutdown(157)) - Shutting down service BlockDeletingService
2020-06-27 08:19:55,197 [ForkJoinPool.commonPool-worker-1] INFO  statemachine.DatanodeStateMachine (DatanodeStateMachine.java:stopDaemon(428)) - Ozone container server stopped.
2020-06-27 08:19:55,200 [ForkJoinPool.commonPool-worker-1] INFO  handler.ContextHandler (ContextHandler.java:doStop(1016)) - Stopped o.e.j.w.WebAppContext@430344bf{hddsDatanode,/,null,UNAVAILABLE}{jar:file:/home/user/.m2/repository/org/apache/hadoop/hadoop-hdds-container-service/0.6.0-SNAPSHOT/hadoop-hdds-container-service-0.6.0-SNAPSHOT.jar!/webapps/hddsDatanode}
2020-06-27 08:19:55,200 [Listener at 127.0.0.1/34065] INFO  statemachine.DatanodeStateMachine (DatanodeStateMachine.java:stopDaemon(428)) - Ozone container server stopped.
2020-06-27 08:19:55,200 [Listener at 127.0.0.1/34065] INFO  handler.ContextHandler (ContextHandler.java:doStop(1016)) - Stopped o.e.j.w.WebAppContext@1a9797f2{hddsDatanode,/,null,UNAVAILABLE}{jar:file:/home/user/.m2/repository/org/apache/hadoop/hadoop-hdds-container-service/0.6.0-SNAPSHOT/hadoop-hdds-container-service-0.6.0-SNAPSHOT.jar!/webapps/hddsDatanode}
2020-06-27 08:19:55,201 [ForkJoinPool.commonPool-worker-1] INFO  server.AbstractConnector (AbstractConnector.java:doStop(380)) - Stopped ServerConnector@18f94d41{HTTP/1.1,[http/1.1]}{0.0.0.0:0}
2020-06-27 08:19:55,201 [ForkJoinPool.commonPool-worker-1] INFO  server.session (HouseKeeper.java:stopScavenging(158)) - node0 Stopped scavenging
2020-06-27 08:19:55,203 [ForkJoinPool.commonPool-worker-1] INFO  handler.ContextHandler (ContextHandler.java:doStop(1016)) - Stopped o.e.j.s.ServletContextHandler@35353b68{static,/static,jar:file:/home/user/.m2/repository/org/apache/hadoop/hadoop-hdds-container-service/0.6.0-SNAPSHOT/hadoop-hdds-container-service-0.6.0-SNAPSHOT.jar!/webapps/static,UNAVAILABLE}
2020-06-27 08:19:55,203 [Listener at 127.0.0.1/34065] INFO  server.AbstractConnector (AbstractConnector.java:doStop(380)) - Stopped ServerConnector@399ebdee{HTTP/1.1,[http/1.1]}{0.0.0.0:0}
2020-06-27 08:19:55,204 [ForkJoinPool.commonPool-worker-1] INFO  handler.ContextHandler (ContextHandler.java:doStop(1016)) - Stopped o.e.j.s.ServletContextHandler@1e4b197f{logs,/logs,file:///github/workspace/mnt/ozone/hadoop-ozone/integration-test/target/log,UNAVAILABLE}
2020-06-27 08:19:55,204 [Listener at 127.0.0.1/34065] INFO  server.session (HouseKeeper.java:stopScavenging(158)) - node0 Stopped scavenging
2020-06-27 08:19:55,205 [Listener at 127.0.0.1/34065] INFO  handler.ContextHandler (ContextHandler.java:doStop(1016)) - Stopped o.e.j.s.ServletContextHandler@4a83736a{static,/static,jar:file:/home/user/.m2/repository/org/apache/hadoop/hadoop-hdds-container-service/0.6.0-SNAPSHOT/hadoop-hdds-container-service-0.6.0-SNAPSHOT.jar!/webapps/static,UNAVAILABLE}
2020-06-27 08:19:55,205 [Listener at 127.0.0.1/34065] INFO  handler.ContextHandler (ContextHandler.java:doStop(1016)) - Stopped o.e.j.s.ServletContextHandler@1d1071bb{logs,/logs,file:///github/workspace/mnt/ozone/hadoop-ozone/integration-test/target/log,UNAVAILABLE}
2020-06-27 08:19:55,822 [Datanode State Machine Thread - 0] INFO  statemachine.DatanodeStateMachine (DatanodeStateMachine.java:lambda$startDaemon$0(380)) - Ozone container server started.
2020-06-27 08:19:56,047 [Datanode State Machine Thread - 0] INFO  statemachine.DatanodeStateMachine (DatanodeStateMachine.java:lambda$startDaemon$0(380)) - Ozone container server started.
2020-06-27 08:19:57,358 [grpc-default-executor-5] DEBUG server.GrpcLogAppender (GrpcLogAppender.java:onNext(257)) - 1678e861-f681-42e2-b20b-e04f00d52311@group-7AAF34FA3258->56bfd1ae-fa2f-4839-ba3b-0401545d2b7a-AppendLogResponseHandler: received a reply 1678e861-f681-42e2-b20b-e04f00d52311<-56bfd1ae-fa2f-4839-ba3b-0401545d2b7a#4:OK,SUCCESS,nextIndex:1,term:3,followerCommit:0, request=AppendEntriesRequest:cid=4,entriesCount=0,lastEntry=null
2020-06-27 08:19:57,362 [grpc-default-executor-6] WARN  server.GrpcLogAppender (LogUtils.java:warn(122)) - 1678e861-f681-42e2-b20b-e04f00d52311@group-7AAF34FA3258->e3ff1c2c-6f58-4f63-bc65-22c0097003cb-AppendLogResponseHandler: Failed appendEntries: org.apache.ratis.thirdparty.io.grpc.StatusRuntimeException: UNAVAILABLE: io exception
2020-06-27 08:19:57,363 [grpc-default-executor-6] INFO  impl.FollowerInfo (FollowerInfo.java:lambda$new$0(51)) - 1678e861-f681-42e2-b20b-e04f00d52311@group-7AAF34FA3258->e3ff1c2c-6f58-4f63-bc65-22c0097003cb: nextIndex: updateUnconditionally 1 -> 0
2020-06-27 08:19:57,589 [grpc-default-executor-6] DEBUG server.GrpcLogAppender (GrpcLogAppender.java:onNext(257)) - 93ff5c27-cf24-4d90-9a81-2a4e4904b019@group-CEED09A8AD4A->99a07450-395a-4667-b554-43c43076656b-AppendLogResponseHandler: received a reply 93ff5c27-cf24-4d90-9a81-2a4e4904b019<-99a07450-395a-4667-b554-43c43076656b#6:OK,SUCCESS,nextIndex:1,term:1,followerCommit:0, request=AppendEntriesRequest:cid=6,entriesCount=0,lastEntry=null
2020-06-27 08:19:57,598 [grpc-default-executor-6] DEBUG server.GrpcLogAppender (GrpcLogAppender.java:onNext(257)) - 93ff5c27-cf24-4d90-9a81-2a4e4904b019@group-CEED09A8AD4A->bd28fdde-8be9-44b6-aac4-f5ad5eca5270-AppendLogResponseHandler: received a reply 93ff5c27-cf24-4d90-9a81-2a4e4904b019<-bd28fdde-8be9-44b6-aac4-f5ad5eca5270#6:OK,SUCCESS,nextIndex:1,term:1,followerCommit:0, request=AppendEntriesRequest:cid=6,entriesCount=0,lastEntry=null
2020-06-27 08:19:59,860 [grpc-default-executor-6] DEBUG server.GrpcLogAppender (GrpcLogAppender.java:onNext(257)) - 1678e861-f681-42e2-b20b-e04f00d52311@group-7AAF34FA3258->56bfd1ae-fa2f-4839-ba3b-0401545d2b7a-AppendLogResponseHandler: received a reply 1678e861-f681-42e2-b20b-e04f00d52311<-56bfd1ae-fa2f-4839-ba3b-0401545d2b7a#5:OK,SUCCESS,nextIndex:1,term:3,followerCommit:0, request=AppendEntriesRequest:cid=5,entriesCount=0,lastEntry=null
2020-06-27 08:19:59,864 [grpc-default-executor-5] WARN  server.GrpcLogAppender (LogUtils.java:warn(122)) - 1678e861-f681-42e2-b20b-e04f00d52311@group-7AAF34FA3258->e3ff1c2c-6f58-4f63-bc65-22c0097003cb-AppendLogResponseHandler: Failed appendEntries: org.apache.ratis.thirdparty.io.grpc.StatusRuntimeException: UNAVAILABLE: io exception
2020-06-27 08:19:59,866 [grpc-default-executor-5] INFO  impl.FollowerInfo (FollowerInfo.java:lambda$new$0(51)) - 1678e861-f681-42e2-b20b-e04f00d52311@group-7AAF34FA3258->e3ff1c2c-6f58-4f63-bc65-22c0097003cb: nextIndex: updateUnconditionally 1 -> 0
2020-06-27 08:20:00,091 [grpc-default-executor-5] DEBUG server.GrpcLogAppender (GrpcLogAppender.java:onNext(257)) - 93ff5c27-cf24-4d90-9a81-2a4e4904b019@group-CEED09A8AD4A->99a07450-395a-4667-b554-43c43076656b-AppendLogResponseHandler: received a reply 93ff5c27-cf24-4d90-9a81-2a4e4904b019<-99a07450-395a-4667-b554-43c43076656b#7:OK,SUCCESS,nextIndex:1,term:1,followerCommit:0, request=AppendEntriesRequest:cid=7,entriesCount=0,lastEntry=null
2020-06-27 08:20:00,100 [grpc-default-executor-5] DEBUG server.GrpcLogAppender (GrpcLogAppender.java:onNext(257)) - 93ff5c27-cf24-4d90-9a81-2a4e4904b019@group-CEED09A8AD4A->bd28fdde-8be9-44b6-aac4-f5ad5eca5270-AppendLogResponseHandler: received a reply 93ff5c27-cf24-4d90-9a81-2a4e4904b019<-bd28fdde-8be9-44b6-aac4-f5ad5eca5270#7:OK,SUCCESS,nextIndex:1,term:1,followerCommit:0, request=AppendEntriesRequest:cid=7,entriesCount=0,lastEntry=null
2020-06-27 08:20:00,206 [ForkJoinPool.commonPool-worker-1] INFO  ozoneimpl.OzoneContainer (OzoneContainer.java:stop(246)) - Attempting to stop container services.
2020-06-27 08:20:00,206 [ForkJoinPool.commonPool-worker-1] INFO  impl.RaftServerProxy (RaftServerProxy.java:lambda$close$4(319)) - 1678e861-f681-42e2-b20b-e04f00d52311: close
2020-06-27 08:20:00,207 [ForkJoinPool.commonPool-worker-1] INFO  impl.RaftServerImpl (RaftServerImpl.java:lambda$shutdown$3(252)) - 1678e861-f681-42e2-b20b-e04f00d52311@group-7AAF34FA3258: shutdown
2020-06-27 08:20:00,207 [ForkJoinPool.commonPool-worker-1] INFO  util.JmxRegister (JmxRegister.java:unregister(73)) - Successfully un-registered JMX Bean with object name Ratis:service=RaftServer,group=group-7AAF34FA3258,id=1678e861-f681-42e2-b20b-e04f00d52311
2020-06-27 08:20:00,207 [ForkJoinPool.commonPool-worker-1] INFO  impl.RoleInfo (RoleInfo.java:shutdownLeaderState(104)) - 1678e861-f681-42e2-b20b-e04f00d52311: shutdown LeaderState
2020-06-27 08:20:00,207 [ForkJoinPool.commonPool-worker-1] INFO  metrics.RatisMetrics (RatisMetrics.java:unregister(43)) - Unregistering Metrics Registry : ratis_grpc.log_appender.1678e861-f681-42e2-b20b-e04f00d52311@group-7AAF34FA3258
2020-06-27 08:20:00,208 [Listener at 127.0.0.1/34065] INFO  ozoneimpl.OzoneContainer (OzoneContainer.java:stop(246)) - Attempting to stop container services.
2020-06-27 08:20:00,208 [org.apache.ratis.server.impl.LogAppender$AppenderDaemon$$Lambda$436/638701736@60af97df] WARN  server.GrpcLogAppender (GrpcLogAppender.java:mayWait(153)) - 1678e861-f681-42e2-b20b-e04f00d52311@group-7AAF34FA3258->56bfd1ae-fa2f-4839-ba3b-0401545d2b7a-GrpcLogAppender: Wait interrupted by java.lang.InterruptedException
2020-06-27 08:20:00,208 [ForkJoinPool.commonPool-worker-1] INFO  metrics.RatisMetrics (RatisMetrics.java:unregister(43)) - Unregistering Metrics Registry : ratis_grpc.log_appender.1678e861-f681-42e2-b20b-e04f00d52311@group-7AAF34FA3258
2020-06-27 08:20:00,209 [Listener at 127.0.0.1/34065] INFO  impl.RaftServerProxy (RaftServerProxy.java:lambda$close$4(319)) - bd28fdde-8be9-44b6-aac4-f5ad5eca5270: close
2020-06-27 08:20:00,210 [Listener at 127.0.0.1/34065] INFO  impl.RaftServerImpl (RaftServerImpl.java:lambda$shutdown$3(252)) - bd28fdde-8be9-44b6-aac4-f5ad5eca5270@group-E4FBDEB1F4EC: shutdown
2020-06-27 08:20:00,210 [org.apache.ratis.server.impl.LogAppender$AppenderDaemon$$Lambda$436/638701736@4c9e189a] WARN  server.GrpcLogAppender (GrpcLogAppender.java:mayWait(153)) - 1678e861-f681-42e2-b20b-e04f00d52311@group-7AAF34FA3258->e3ff1c2c-6f58-4f63-bc65-22c0097003cb-GrpcLogAppender: Wait interrupted by java.lang.InterruptedException
2020-06-27 08:20:00,209 [ForkJoinPool.commonPool-worker-1] INFO  impl.PendingRequests (PendingRequests.java:sendNotLeaderResponses(249)) - 1678e861-f681-42e2-b20b-e04f00d52311@group-7AAF34FA3258-PendingRequests: sendNotLeaderResponses
2020-06-27 08:20:00,210 [ForkJoinPool.commonPool-worker-1] INFO  metrics.RatisMetrics (RatisMetrics.java:unregister(43)) - Unregistering Metrics Registry : ratis.log_appender.1678e861-f681-42e2-b20b-e04f00d52311@group-7AAF34FA3258
2020-06-27 08:20:00,210 [ForkJoinPool.commonPool-worker-1] INFO  metrics.RatisMetrics (RatisMetrics.java:unregister(43)) - Unregistering Metrics Registry : ratis.server.1678e861-f681-42e2-b20b-e04f00d52311@group-7AAF34FA3258
2020-06-27 08:20:00,211 [ForkJoinPool.commonPool-worker-1] INFO  impl.StateMachineUpdater (StateMachineUpdater.java:stopAndJoin(142)) - 1678e861-f681-42e2-b20b-e04f00d52311@group-7AAF34FA3258-StateMachineUpdater: set stopIndex = 0
2020-06-27 08:20:00,210 [Listener at 127.0.0.1/34065] INFO  util.JmxRegister (JmxRegister.java:unregister(73)) - Successfully un-registered JMX Bean with object name Ratis:service=RaftServer,group=group-E4FBDEB1F4EC,id=bd28fdde-8be9-44b6-aac4-f5ad5eca5270
2020-06-27 08:20:00,212 [Listener at 127.0.0.1/34065] INFO  impl.RoleInfo (RoleInfo.java:shutdownLeaderState(104)) - bd28fdde-8be9-44b6-aac4-f5ad5eca5270: shutdown LeaderState
2020-06-27 08:20:00,210 [grpc-default-executor-5] INFO  server.GrpcServerProtocolService (GrpcServerProtocolService.java:onCompleted(138)) - 56bfd1ae-fa2f-4839-ba3b-0401545d2b7a: Completed APPEND_ENTRIES, lastRequest: 1678e861-f681-42e2-b20b-e04f00d52311->56bfd1ae-fa2f-4839-ba3b-0401545d2b7a#1-t3, previous=(t:0, i:0), leaderCommit=-1, initializing? false, entries: size=1, first=(t:3, i:0), CONFIGURATIONENTRY
2020-06-27 08:20:00,212 [Listener at 127.0.0.1/34065] INFO  impl.PendingRequests (PendingRequests.java:sendNotLeaderResponses(249)) - bd28fdde-8be9-44b6-aac4-f5ad5eca5270@group-E4FBDEB1F4EC-PendingRequests: sendNotLeaderResponses
2020-06-27 08:20:00,212 [Listener at 127.0.0.1/34065] INFO  metrics.RatisMetrics (RatisMetrics.java:unregister(43)) - Unregistering Metrics Registry : ratis.log_appender.bd28fdde-8be9-44b6-aac4-f5ad5eca5270@group-E4FBDEB1F4EC
2020-06-27 08:20:00,212 [grpc-default-executor-6] INFO  server.GrpcLogAppender (GrpcLogAppender.java:onCompleted(319)) - 1678e861-f681-42e2-b20b-e04f00d52311@group-7AAF34FA3258->56bfd1ae-fa2f-4839-ba3b-0401545d2b7a-AppendLogResponseHandler: follower responses appendEntries COMPLETED
2020-06-27 08:20:00,212 [1678e861-f681-42e2-b20b-e04f00d52311@group-7AAF34FA3258-StateMachineUpdater] INFO  ratis.ContainerStateMachine (ContainerStateMachine.java:takeSnapshot(294)) - group-7AAF34FA3258: Taking a snapshot at:(t:3, i:0) file /github/workspace/mnt/ozone/hadoop-ozone/integration-test/target/test-dir/MiniOzoneClusterImpl-1d3054ed-691e-4733-a773-d2ff76104d42/datanode-0/data/ratis/24909f19-af55-4f04-a402-7aaf34fa3258/sm/snapshot.3_0
2020-06-27 08:20:00,212 [Listener at 127.0.0.1/34065] INFO  metrics.RatisMetrics (RatisMetrics.java:unregister(43)) - Unregistering Metrics Registry : ratis.server.bd28fdde-8be9-44b6-aac4-f5ad5eca5270@group-E4FBDEB1F4EC
2020-06-27 08:20:00,215 [grpc-default-executor-6] INFO  impl.FollowerInfo (FollowerInfo.java:lambda$new$0(51)) - 1678e861-f681-42e2-b20b-e04f00d52311@group-7AAF34FA3258->56bfd1ae-fa2f-4839-ba3b-0401545d2b7a: nextIndex: updateUnconditionally 1 -> 0
2020-06-27 08:20:00,213 [1678e861-f681-42e2-b20b-e04f00d52311@group-7AAF34FA3258-StateMachineUpdater] INFO  ratis.ContainerStateMachine (ContainerStateMachine.java:takeSnapshot(305)) - group-7AAF34FA3258: Finished taking a snapshot at:(t:3, i:0) file:/github/workspace/mnt/ozone/hadoop-ozone/integration-test/target/test-dir/MiniOzoneClusterImpl-1d3054ed-691e-4733-a773-d2ff76104d42/datanode-0/data/ratis/24909f19-af55-4f04-a402-7aaf34fa3258/sm/snapshot.3_0 time:2
2020-06-27 08:20:00,215 [1678e861-f681-42e2-b20b-e04f00d52311@group-7AAF34FA3258-StateMachineUpdater] INFO  impl.StateMachineUpdater (StateMachineUpdater.java:takeSnapshot(277)) - 1678e861-f681-42e2-b20b-e04f00d52311@group-7AAF34FA3258-StateMachineUpdater: Took a snapshot at index 0
2020-06-27 08:20:00,215 [1678e861-f681-42e2-b20b-e04f00d52311@group-7AAF34FA3258-StateMachineUpdater] INFO  impl.StateMachineUpdater (StateMachineUpdater.java:lambda$new$0(87)) - 1678e861-f681-42e2-b20b-e04f00d52311@group-7AAF34FA3258-StateMachineUpdater: snapshotIndex: updateIncreasingly -1 -> 0
2020-06-27 08:20:00,215 [1678e861-f681-42e2-b20b-e04f00d52311@group-7AAF34FA3258-StateMachineUpdater] INFO  metrics.RatisMetrics (RatisMetrics.java:unregister(43)) - Unregistering Metrics Registry : ratis.state_machine.1678e861-f681-42e2-b20b-e04f00d52311@group-7AAF34FA3258
2020-06-27 08:20:00,216 [Listener at 127.0.0.1/34065] INFO  impl.StateMachineUpdater (StateMachineUpdater.java:stopAndJoin(142)) - bd28fdde-8be9-44b6-aac4-f5ad5eca5270@group-E4FBDEB1F4EC-StateMachineUpdater: set stopIndex = 0
2020-06-27 08:20:00,216 [bd28fdde-8be9-44b6-aac4-f5ad5eca5270@group-E4FBDEB1F4EC-StateMachineUpdater] INFO  ratis.ContainerStateMachine (ContainerStateMachine.java:takeSnapshot(294)) - group-E4FBDEB1F4EC: Taking a snapshot at:(t:1, i:0) file /github/workspace/mnt/ozone/hadoop-ozone/integration-test/target/test-dir/MiniOzoneClusterImpl-1d3054ed-691e-4733-a773-d2ff76104d42/datanode-7/data/ratis/934c1afe-c925-4e72-95c9-e4fbdeb1f4ec/sm/snapshot.1_0
2020-06-27 08:20:00,217 [bd28fdde-8be9-44b6-aac4-f5ad5eca5270@group-E4FBDEB1F4EC-StateMachineUpdater] INFO  ratis.ContainerStateMachine (ContainerStateMachine.java:takeSnapshot(305)) - group-E4FBDEB1F4EC: Finished taking a snapshot at:(t:1, i:0) file:/github/workspace/mnt/ozone/hadoop-ozone/integration-test/target/test-dir/MiniOzoneClusterImpl-1d3054ed-691e-4733-a773-d2ff76104d42/datanode-7/data/ratis/934c1afe-c925-4e72-95c9-e4fbdeb1f4ec/sm/snapshot.1_0 time:1
2020-06-27 08:20:00,217 [ForkJoinPool.commonPool-worker-1] INFO  impl.RaftServerImpl (ServerState.java:close(387)) - 1678e861-f681-42e2-b20b-e04f00d52311@group-7AAF34FA3258: closes. applyIndex: 0
2020-06-27 08:20:00,217 [bd28fdde-8be9-44b6-aac4-f5ad5eca5270@group-E4FBDEB1F4EC-StateMachineUpdater] INFO  impl.StateMachineUpdater (StateMachineUpdater.java:takeSnapshot(277)) - bd28fdde-8be9-44b6-aac4-f5ad5eca5270@group-E4FBDEB1F4EC-StateMachineUpdater: Took a snapshot at index 0
2020-06-27 08:20:00,217 [bd28fdde-8be9-44b6-aac4-f5ad5eca5270@group-E4FBDEB1F4EC-StateMachineUpdater] INFO  impl.StateMachineUpdater (StateMachineUpdater.java:lambda$new$0(87)) - bd28fdde-8be9-44b6-aac4-f5ad5eca5270@group-E4FBDEB1F4EC-StateMachineUpdater: snapshotIndex: updateIncreasingly -1 -> 0
2020-06-27 08:20:00,217 [1678e861-f681-42e2-b20b-e04f00d52311@group-7AAF34FA3258-SegmentedRaftLogWorker] INFO  segmented.SegmentedRaftLogWorker (SegmentedRaftLogWorker.java:run(327)) - 1678e861-f681-42e2-b20b-e04f00d52311@group-7AAF34FA3258-SegmentedRaftLogWorker was interrupted, exiting. There are 0 tasks remaining in the queue.
2020-06-27 08:20:00,218 [bd28fdde-8be9-44b6-aac4-f5ad5eca5270@group-E4FBDEB1F4EC-StateMachineUpdater] INFO  metrics.RatisMetrics (RatisMetrics.java:unregister(43)) - Unregistering Metrics Registry : ratis.state_machine.bd28fdde-8be9-44b6-aac4-f5ad5eca5270@group-E4FBDEB1F4EC
2020-06-27 08:20:00,218 [Listener at 127.0.0.1/34065] INFO  impl.RaftServerImpl (ServerState.java:close(387)) - bd28fdde-8be9-44b6-aac4-f5ad5eca5270@group-E4FBDEB1F4EC: closes. applyIndex: 0
2020-06-27 08:20:00,218 [ForkJoinPool.commonPool-worker-1] INFO  segmented.SegmentedRaftLogWorker (SegmentedRaftLogWorker.java:close(234)) - 1678e861-f681-42e2-b20b-e04f00d52311@group-7AAF34FA3258-SegmentedRaftLogWorker close()
2020-06-27 08:20:00,218 [bd28fdde-8be9-44b6-aac4-f5ad5eca5270@group-E4FBDEB1F4EC-SegmentedRaftLogWorker] INFO  segmented.SegmentedRaftLogWorker (SegmentedRaftLogWorker.java:run(327)) - bd28fdde-8be9-44b6-aac4-f5ad5eca5270@group-E4FBDEB1F4EC-SegmentedRaftLogWorker was interrupted, exiting. There are 0 tasks remaining in the queue.
2020-06-27 08:20:00,219 [Listener at 127.0.0.1/34065] INFO  segmented.SegmentedRaftLogWorker (SegmentedRaftLogWorker.java:close(234)) - bd28fdde-8be9-44b6-aac4-f5ad5eca5270@group-E4FBDEB1F4EC-SegmentedRaftLogWorker close()
2020-06-27 08:20:00,221 [ForkJoinPool.commonPool-worker-1] INFO  metrics.RatisMetrics (RatisMetrics.java:unregister(43)) - Unregistering Metrics Registry : ratis.log_worker.1678e861-f681-42e2-b20b-e04f00d52311@group-7AAF34FA3258
2020-06-27 08:20:00,222 [ForkJoinPool.commonPool-worker-1] INFO  metrics.RatisMetrics (RatisMetrics.java:unregister(43)) - Unregistering Metrics Registry : ratis.leader_election.1678e861-f681-42e2-b20b-e04f00d52311@group-7AAF34FA3258
2020-06-27 08:20:00,222 [ForkJoinPool.commonPool-worker-1] INFO  metrics.RatisMetrics (RatisMetrics.java:unregister(43)) - Unregistering Metrics Registry : ratis.server.1678e861-f681-42e2-b20b-e04f00d52311@group-7AAF34FA3258
2020-06-27 08:20:00,222 [ForkJoinPool.commonPool-worker-1] INFO  impl.RaftServerImpl (RaftServerImpl.java:lambda$shutdown$3(252)) - 1678e861-f681-42e2-b20b-e04f00d52311@group-A4A31F6C7020: shutdown
2020-06-27 08:20:00,222 [ForkJoinPool.commonPool-worker-1] INFO  util.JmxRegister (JmxRegister.java:unregister(73)) - Successfully un-registered JMX Bean with object name Ratis:service=RaftServer,group=group-A4A31F6C7020,id=1678e861-f681-42e2-b20b-e04f00d52311
2020-06-27 08:20:00,222 [ForkJoinPool.commonPool-worker-1] INFO  impl.RoleInfo (RoleInfo.java:shutdownLeaderState(104)) - 1678e861-f681-42e2-b20b-e04f00d52311: shutdown LeaderState
2020-06-27 08:20:00,222 [ForkJoinPool.commonPool-worker-1] INFO  impl.PendingRequests (PendingRequests.java:sendNotLeaderResponses(249)) - 1678e861-f681-42e2-b20b-e04f00d52311@group-A4A31F6C7020-PendingRequests: sendNotLeaderResponses
2020-06-27 08:20:00,222 [ForkJoinPool.commonPool-worker-1] INFO  metrics.RatisMetrics (RatisMetrics.java:unregister(43)) - Unregistering Metrics Registry : ratis.log_appender.1678e861-f681-42e2-b20b-e04f00d52311@group-A4A31F6C7020
2020-06-27 08:20:00,222 [ForkJoinPool.commonPool-worker-1] INFO  metrics.RatisMetrics (RatisMetrics.java:unregister(43)) - Unregistering Metrics Registry : ratis.server.1678e861-f681-42e2-b20b-e04f00d52311@group-A4A31F6C7020
2020-06-27 08:20:00,223 [ForkJoinPool.commonPool-worker-1] INFO  impl.StateMachineUpdater (StateMachineUpdater.java:stopAndJoin(142)) - 1678e861-f681-42e2-b20b-e04f00d52311@group-A4A31F6C7020-StateMachineUpdater: set stopIndex = 0
2020-06-27 08:20:00,223 [1678e861-f681-42e2-b20b-e04f00d52311@group-A4A31F6C7020-StateMachineUpdater] INFO  ratis.ContainerStateMachine (ContainerStateMachine.java:takeSnapshot(294)) - group-A4A31F6C7020: Taking a snapshot at:(t:1, i:0) file /github/workspace/mnt/ozone/hadoop-ozone/integration-test/target/test-dir/MiniOzoneClusterImpl-1d3054ed-691e-4733-a773-d2ff76104d42/datanode-0/data/ratis/4208b5b4-fb5b-4582-9405-a4a31f6c7020/sm/snapshot.1_0
2020-06-27 08:20:00,224 [1678e861-f681-42e2-b20b-e04f00d52311@group-A4A31F6C7020-StateMachineUpdater] INFO  ratis.ContainerStateMachine (ContainerStateMachine.java:takeSnapshot(305)) - group-A4A31F6C7020: Finished taking a snapshot at:(t:1, i:0) file:/github/workspace/mnt/ozone/hadoop-ozone/integration-test/target/test-dir/MiniOzoneClusterImpl-1d3054ed-691e-4733-a773-d2ff76104d42/datanode-0/data/ratis/4208b5b4-fb5b-4582-9405-a4a31f6c7020/sm/snapshot.1_0 time:0
2020-06-27 08:20:00,221 [Listener at 127.0.0.1/34065] INFO  metrics.RatisMetrics (RatisMetrics.java:unregister(43)) - Unregistering Metrics Registry : ratis.log_worker.bd28fdde-8be9-44b6-aac4-f5ad5eca5270@group-E4FBDEB1F4EC
2020-06-27 08:20:00,224 [1678e861-f681-42e2-b20b-e04f00d52311@group-A4A31F6C7020-StateMachineUpdater] INFO  impl.StateMachineUpdater (StateMachineUpdater.java:takeSnapshot(277)) - 1678e861-f681-42e2-b20b-e04f00d52311@group-A4A31F6C7020-StateMachineUpdater: Took a snapshot at index 0
2020-06-27 08:20:00,224 [Listener at 127.0.0.1/34065] INFO  metrics.RatisMetrics (RatisMetrics.java:unregister(43)) - Unregistering Metrics Registry : ratis.leader_election.bd28fdde-8be9-44b6-aac4-f5ad5eca5270@group-E4FBDEB1F4EC
2020-06-27 08:20:00,224 [1678e861-f681-42e2-b20b-e04f00d52311@group-A4A31F6C7020-StateMachineUpdater] INFO  impl.StateMachineUpdater (StateMachineUpdater.java:lambda$new$0(87)) - 1678e861-f681-42e2-b20b-e04f00d52311@group-A4A31F6C7020-StateMachineUpdater: snapshotIndex: updateIncreasingly -1 -> 0
2020-06-27 08:20:00,225 [Listener at 127.0.0.1/34065] INFO  metrics.RatisMetrics (RatisMetrics.java:unregister(43)) - Unregistering Metrics Registry : ratis.server.bd28fdde-8be9-44b6-aac4-f5ad5eca5270@group-E4FBDEB1F4EC
2020-06-27 08:20:00,225 [1678e861-f681-42e2-b20b-e04f00d52311@group-A4A31F6C7020-StateMachineUpdater] INFO  metrics.RatisMetrics (RatisMetrics.java:unregister(43)) - Unregistering Metrics Registry : ratis.state_machine.1678e861-f681-42e2-b20b-e04f00d52311@group-A4A31F6C7020
2020-06-27 08:20:00,225 [Listener at 127.0.0.1/34065] INFO  impl.RaftServerImpl (RaftServerImpl.java:lambda$shutdown$3(252)) - bd28fdde-8be9-44b6-aac4-f5ad5eca5270@group-CEED09A8AD4A: shutdown
2020-06-27 08:20:00,225 [Listener at 127.0.0.1/34065] INFO  util.JmxRegister (JmxRegister.java:unregister(73)) - Successfully un-registered JMX Bean with object name Ratis:service=RaftServer,group=group-CEED09A8AD4A,id=bd28fdde-8be9-44b6-aac4-f5ad5eca5270
2020-06-27 08:20:00,225 [Listener at 127.0.0.1/34065] INFO  impl.RoleInfo (RoleInfo.java:shutdownFollowerState(121)) - bd28fdde-8be9-44b6-aac4-f5ad5eca5270: shutdown FollowerState
2020-06-27 08:20:00,225 [Listener at 127.0.0.1/34065] INFO  impl.StateMachineUpdater (StateMachineUpdater.java:stopAndJoin(142)) - bd28fdde-8be9-44b6-aac4-f5ad5eca5270@group-CEED09A8AD4A-StateMachineUpdater: set stopIndex = 0
2020-06-27 08:20:00,225 [ForkJoinPool.commonPool-worker-1] INFO  impl.RaftServerImpl (ServerState.java:close(387)) - 1678e861-f681-42e2-b20b-e04f00d52311@group-A4A31F6C7020: closes. applyIndex: 0
2020-06-27 08:20:00,226 [bd28fdde-8be9-44b6-aac4-f5ad5eca5270@group-CEED09A8AD4A-StateMachineUpdater] INFO  ratis.ContainerStateMachine (ContainerStateMachine.java:takeSnapshot(294)) - group-CEED09A8AD4A: Taking a snapshot at:(t:1, i:0) file /github/workspace/mnt/ozone/hadoop-ozone/integration-test/target/test-dir/MiniOzoneClusterImpl-1d3054ed-691e-4733-a773-d2ff76104d42/datanode-7/data/ratis/ac5d7b3c-5ee7-483f-b489-ceed09a8ad4a/sm/snapshot.1_0
2020-06-27 08:20:00,226 [1678e861-f681-42e2-b20b-e04f00d52311@group-A4A31F6C7020-SegmentedRaftLogWorker] INFO  segmented.SegmentedRaftLogWorker (SegmentedRaftLogWorker.java:run(327)) - 1678e861-f681-42e2-b20b-e04f00d52311@group-A4A31F6C7020-SegmentedRaftLogWorker was interrupted, exiting. There are 0 tasks remaining in the queue.
2020-06-27 08:20:00,225 [Thread-1800] INFO  impl.FollowerState (FollowerState.java:run(117)) - bd28fdde-8be9-44b6-aac4-f5ad5eca5270@group-CEED09A8AD4A-FollowerState was interrupted: java.lang.InterruptedException: sleep interrupted
2020-06-27 08:20:00,226 [ForkJoinPool.commonPool-worker-1] INFO  segmented.SegmentedRaftLogWorker (SegmentedRaftLogWorker.java:close(234)) - 1678e861-f681-42e2-b20b-e04f00d52311@group-A4A31F6C7020-SegmentedRaftLogWorker close()
2020-06-27 08:20:00,226 [bd28fdde-8be9-44b6-aac4-f5ad5eca5270@group-CEED09A8AD4A-StateMachineUpdater] INFO  ratis.ContainerStateMachine (ContainerStateMachine.java:takeSnapshot(305)) - group-CEED09A8AD4A: Finished taking a snapshot at:(t:1, i:0) file:/github/workspace/mnt/ozone/hadoop-ozone/integration-test/target/test-dir/MiniOzoneClusterImpl-1d3054ed-691e-4733-a773-d2ff76104d42/datanode-7/data/ratis/ac5d7b3c-5ee7-483f-b489-ceed09a8ad4a/sm/snapshot.1_0 time:0
2020-06-27 08:20:00,227 [bd28fdde-8be9-44b6-aac4-f5ad5eca5270@group-CEED09A8AD4A-StateMachineUpdater] INFO  impl.StateMachineUpdater (StateMachineUpdater.java:takeSnapshot(277)) - bd28fdde-8be9-44b6-aac4-f5ad5eca5270@group-CEED09A8AD4A-StateMachineUpdater: Took a snapshot at index 0
2020-06-27 08:20:00,227 [bd28fdde-8be9-44b6-aac4-f5ad5eca5270@group-CEED09A8AD4A-StateMachineUpdater] INFO  impl.StateMachineUpdater (StateMachineUpdater.java:lambda$new$0(87)) - bd28fdde-8be9-44b6-aac4-f5ad5eca5270@group-CEED09A8AD4A-StateMachineUpdater: snapshotIndex: updateIncreasingly -1 -> 0
2020-06-27 08:20:00,227 [bd28fdde-8be9-44b6-aac4-f5ad5eca5270@group-CEED09A8AD4A-StateMachineUpdater] INFO  metrics.RatisMetrics (RatisMetrics.java:unregister(43)) - Unregistering Metrics Registry : ratis.state_machine.bd28fdde-8be9-44b6-aac4-f5ad5eca5270@group-CEED09A8AD4A
2020-06-27 08:20:00,227 [Listener at 127.0.0.1/34065] INFO  impl.RaftServerImpl (ServerState.java:close(387)) - bd28fdde-8be9-44b6-aac4-f5ad5eca5270@group-CEED09A8AD4A: closes. applyIndex: 0
2020-06-27 08:20:00,227 [ForkJoinPool.commonPool-worker-1] INFO  metrics.RatisMetrics (RatisMetrics.java:unregister(43)) - Unregistering Metrics Registry : ratis.log_worker.1678e861-f681-42e2-b20b-e04f00d52311@group-A4A31F6C7020
2020-06-27 08:20:00,227 [bd28fdde-8be9-44b6-aac4-f5ad5eca5270@group-CEED09A8AD4A-SegmentedRaftLogWorker] INFO  segmented.SegmentedRaftLogWorker (SegmentedRaftLogWorker.java:run(327)) - bd28fdde-8be9-44b6-aac4-f5ad5eca5270@group-CEED09A8AD4A-SegmentedRaftLogWorker was interrupted, exiting. There are 0 tasks remaining in the queue.
2020-06-27 08:20:00,228 [ForkJoinPool.commonPool-worker-1] INFO  metrics.RatisMetrics (RatisMetrics.java:unregister(43)) - Unregistering Metrics Registry : ratis.leader_election.1678e861-f681-42e2-b20b-e04f00d52311@group-A4A31F6C7020
2020-06-27 08:20:00,228 [ForkJoinPool.commonPool-worker-1] INFO  metrics.RatisMetrics (RatisMetrics.java:unregister(43)) - Unregistering Metrics Registry : ratis.server.1678e861-f681-42e2-b20b-e04f00d52311@group-A4A31F6C7020
2020-06-27 08:20:00,228 [Listener at 127.0.0.1/34065] INFO  segmented.SegmentedRaftLogWorker (SegmentedRaftLogWorker.java:close(234)) - bd28fdde-8be9-44b6-aac4-f5ad5eca5270@group-CEED09A8AD4A-SegmentedRaftLogWorker close()
2020-06-27 08:20:00,228 [ForkJoinPool.commonPool-worker-1] INFO  server.GrpcService (GrpcService.java:closeImpl(166)) - 1678e861-f681-42e2-b20b-e04f00d52311: shutdown server with port 44129 now
2020-06-27 08:20:00,228 [Listener at 127.0.0.1/34065] INFO  metrics.RatisMetrics (RatisMetrics.java:unregister(43)) - Unregistering Metrics Registry : ratis.log_worker.bd28fdde-8be9-44b6-aac4-f5ad5eca5270@group-CEED09A8AD4A
2020-06-27 08:20:00,229 [Listener at 127.0.0.1/34065] INFO  metrics.RatisMetrics (RatisMetrics.java:unregister(43)) - Unregistering Metrics Registry : ratis.leader_election.bd28fdde-8be9-44b6-aac4-f5ad5eca5270@group-CEED09A8AD4A
2020-06-27 08:20:00,229 [Listener at 127.0.0.1/34065] INFO  metrics.RatisMetrics (RatisMetrics.java:unregister(43)) - Unregistering Metrics Registry : ratis.server.bd28fdde-8be9-44b6-aac4-f5ad5eca5270@group-CEED09A8AD4A
2020-06-27 08:20:00,229 [Listener at 127.0.0.1/34065] INFO  server.GrpcService (GrpcService.java:closeImpl(166)) - bd28fdde-8be9-44b6-aac4-f5ad5eca5270: shutdown server with port 39899 now
2020-06-27 08:20:00,237 [grpc-default-executor-5] WARN  server.GrpcServerProtocolService (LogUtils.java:warn(122)) - bd28fdde-8be9-44b6-aac4-f5ad5eca5270: installSnapshot onError, lastRequest: 93ff5c27-cf24-4d90-9a81-2a4e4904b019->bd28fdde-8be9-44b6-aac4-f5ad5eca5270#1-t1, previous=(t:0, i:0), leaderCommit=0, initializing? false, entries: size=1, first=(t:1, i:0), CONFIGURATIONENTRY: org.apache.ratis.thirdparty.io.grpc.StatusRuntimeException: CANCELLED: cancelled before receiving half close
2020-06-27 08:20:00,237 [grpc-default-executor-7] WARN  server.GrpcLogAppender (LogUtils.java:warn(122)) - 93ff5c27-cf24-4d90-9a81-2a4e4904b019@group-CEED09A8AD4A->bd28fdde-8be9-44b6-aac4-f5ad5eca5270-AppendLogResponseHandler: Failed appendEntries: org.apache.ratis.thirdparty.io.grpc.StatusRuntimeException: CANCELLED: HTTP/2 error code: CANCEL
Received Rst Stream
2020-06-27 08:20:00,238 [Listener at 127.0.0.1/34065] INFO  server.GrpcService (GrpcService.java:closeImpl(174)) - bd28fdde-8be9-44b6-aac4-f5ad5eca5270: shutdown server with port 39899 successfully
2020-06-27 08:20:00,238 [Listener at 127.0.0.1/34065] INFO  utils.BackgroundService (BackgroundService.java:shutdown(157)) - Shutting down service BlockDeletingService
2020-06-27 08:20:00,239 [grpc-default-executor-7] INFO  impl.FollowerInfo (FollowerInfo.java:lambda$new$0(51)) - 93ff5c27-cf24-4d90-9a81-2a4e4904b019@group-CEED09A8AD4A->bd28fdde-8be9-44b6-aac4-f5ad5eca5270: nextIndex: updateUnconditionally 1 -> 0
2020-06-27 08:20:00,240 [ForkJoinPool.commonPool-worker-1] INFO  server.GrpcService (GrpcService.java:closeImpl(174)) - 1678e861-f681-42e2-b20b-e04f00d52311: shutdown server with port 44129 successfully
2020-06-27 08:20:00,243 [ForkJoinPool.commonPool-worker-1] INFO  utils.BackgroundService (BackgroundService.java:shutdown(157)) - Shutting down service BlockDeletingService
2020-06-27 08:20:00,245 [Listener at 127.0.0.1/34065] INFO  statemachine.DatanodeStateMachine (DatanodeStateMachine.java:stopDaemon(428)) - Ozone container server stopped.
2020-06-27 08:20:00,246 [ForkJoinPool.commonPool-worker-1] INFO  statemachine.DatanodeStateMachine (DatanodeStateMachine.java:stopDaemon(428)) - Ozone container server stopped.
2020-06-27 08:20:00,246 [Listener at 127.0.0.1/34065] INFO  handler.ContextHandler (ContextHandler.java:doStop(1016)) - Stopped o.e.j.w.WebAppContext@5c781425{hddsDatanode,/,null,UNAVAILABLE}{jar:file:/home/user/.m2/repository/org/apache/hadoop/hadoop-hdds-container-service/0.6.0-SNAPSHOT/hadoop-hdds-container-service-0.6.0-SNAPSHOT.jar!/webapps/hddsDatanode}
2020-06-27 08:20:00,248 [Listener at 127.0.0.1/34065] INFO  server.AbstractConnector (AbstractConnector.java:doStop(380)) - Stopped ServerConnector@2ff19416{HTTP/1.1,[http/1.1]}{0.0.0.0:0}
2020-06-27 08:20:00,249 [Listener at 127.0.0.1/34065] INFO  server.session (HouseKeeper.java:stopScavenging(158)) - node0 Stopped scavenging
2020-06-27 08:20:00,249 [ForkJoinPool.commonPool-worker-1] INFO  handler.ContextHandler (ContextHandler.java:doStop(1016)) - Stopped o.e.j.w.WebAppContext@4cb7b531{hddsDatanode,/,null,UNAVAILABLE}{jar:file:/home/user/.m2/repository/org/apache/hadoop/hadoop-hdds-container-service/0.6.0-SNAPSHOT/hadoop-hdds-container-service-0.6.0-SNAPSHOT.jar!/webapps/hddsDatanode}
2020-06-27 08:20:00,250 [Listener at 127.0.0.1/34065] INFO  handler.ContextHandler (ContextHandler.java:doStop(1016)) - Stopped o.e.j.s.ServletContextHandler@7da48c4c{static,/static,jar:file:/home/user/.m2/repository/org/apache/hadoop/hadoop-hdds-container-service/0.6.0-SNAPSHOT/hadoop-hdds-container-service-0.6.0-SNAPSHOT.jar!/webapps/static,UNAVAILABLE}
2020-06-27 08:20:00,250 [ForkJoinPool.commonPool-worker-1] INFO  server.AbstractConnector (AbstractConnector.java:doStop(380)) - Stopped ServerConnector@c2ef25b{HTTP/1.1,[http/1.1]}{0.0.0.0:0}
2020-06-27 08:20:00,250 [Listener at 127.0.0.1/34065] INFO  handler.ContextHandler (ContextHandler.java:doStop(1016)) - Stopped o.e.j.s.ServletContextHandler@6bc8ce0c{logs,/logs,file:///github/workspace/mnt/ozone/hadoop-ozone/integration-test/target/log,UNAVAILABLE}
2020-06-27 08:20:00,250 [ForkJoinPool.commonPool-worker-1] INFO  server.session (HouseKeeper.java:stopScavenging(158)) - node0 Stopped scavenging
2020-06-27 08:20:00,251 [ForkJoinPool.commonPool-worker-1] INFO  handler.ContextHandler (ContextHandler.java:doStop(1016)) - Stopped o.e.j.s.ServletContextHandler@6015326{static,/static,jar:file:/home/user/.m2/repository/org/apache/hadoop/hadoop-hdds-container-service/0.6.0-SNAPSHOT/hadoop-hdds-container-service-0.6.0-SNAPSHOT.jar!/webapps/static,UNAVAILABLE}
2020-06-27 08:20:00,255 [ForkJoinPool.commonPool-worker-1] INFO  handler.ContextHandler (ContextHandler.java:doStop(1016)) - Stopped o.e.j.s.ServletContextHandler@132b00bb{logs,/logs,file:///github/workspace/mnt/ozone/hadoop-ozone/integration-test/target/log,UNAVAILABLE}
2020-06-27 08:20:00,754 [Datanode State Machine Thread - 0] INFO  statemachine.DatanodeStateMachine (DatanodeStateMachine.java:lambda$startDaemon$0(380)) - Ozone container server started.
2020-06-27 08:20:01,035 [Datanode State Machine Thread - 0] INFO  statemachine.DatanodeStateMachine (DatanodeStateMachine.java:lambda$startDaemon$0(380)) - Ozone container server started.
2020-06-27 08:20:02,593 [grpc-default-executor-7] DEBUG server.GrpcLogAppender (GrpcLogAppender.java:onNext(257)) - 93ff5c27-cf24-4d90-9a81-2a4e4904b019@group-CEED09A8AD4A->99a07450-395a-4667-b554-43c43076656b-AppendLogResponseHandler: received a reply 93ff5c27-cf24-4d90-9a81-2a4e4904b019<-99a07450-395a-4667-b554-43c43076656b#8:OK,SUCCESS,nextIndex:1,term:1,followerCommit:0, request=AppendEntriesRequest:cid=8,entriesCount=0,lastEntry=null
2020-06-27 08:20:02,603 [grpc-default-executor-5] WARN  server.GrpcLogAppender (LogUtils.java:warn(122)) - 93ff5c27-cf24-4d90-9a81-2a4e4904b019@group-CEED09A8AD4A->bd28fdde-8be9-44b6-aac4-f5ad5eca5270-AppendLogResponseHandler: Failed appendEntries: org.apache.ratis.thirdparty.io.grpc.StatusRuntimeException: UNAVAILABLE: io exception
2020-06-27 08:20:02,604 [grpc-default-executor-5] INFO  impl.FollowerInfo (FollowerInfo.java:lambda$new$0(51)) - 93ff5c27-cf24-4d90-9a81-2a4e4904b019@group-CEED09A8AD4A->bd28fdde-8be9-44b6-aac4-f5ad5eca5270: nextIndex: updateUnconditionally 1 -> 0
2020-06-27 08:20:05,095 [grpc-default-executor-5] DEBUG server.GrpcLogAppender (GrpcLogAppender.java:onNext(257)) - 93ff5c27-cf24-4d90-9a81-2a4e4904b019@group-CEED09A8AD4A->99a07450-395a-4667-b554-43c43076656b-AppendLogResponseHandler: received a reply 93ff5c27-cf24-4d90-9a81-2a4e4904b019<-99a07450-395a-4667-b554-43c43076656b#9:OK,SUCCESS,nextIndex:1,term:1,followerCommit:0, request=AppendEntriesRequest:cid=9,entriesCount=0,lastEntry=null
2020-06-27 08:20:05,105 [grpc-default-executor-7] WARN  server.GrpcLogAppender (LogUtils.java:warn(122)) - 93ff5c27-cf24-4d90-9a81-2a4e4904b019@group-CEED09A8AD4A->bd28fdde-8be9-44b6-aac4-f5ad5eca5270-AppendLogResponseHandler: Failed appendEntries: org.apache.ratis.thirdparty.io.grpc.StatusRuntimeException: UNAVAILABLE: io exception
2020-06-27 08:20:05,106 [grpc-default-executor-7] INFO  impl.FollowerInfo (FollowerInfo.java:lambda$new$0(51)) - 93ff5c27-cf24-4d90-9a81-2a4e4904b019@group-CEED09A8AD4A->bd28fdde-8be9-44b6-aac4-f5ad5eca5270: nextIndex: updateUnconditionally 1 -> 0
2020-06-27 08:20:05,252 [Listener at 127.0.0.1/34065] INFO  ozoneimpl.OzoneContainer (OzoneContainer.java:stop(246)) - Attempting to stop container services.
2020-06-27 08:20:05,252 [Thread-1833] INFO  impl.FollowerState (FollowerState.java:run(108)) - 56bfd1ae-fa2f-4839-ba3b-0401545d2b7a@group-7AAF34FA3258-FollowerState: change to CANDIDATE, lastRpcTime:5393ms, electionTimeout:5194ms
2020-06-27 08:20:05,253 [Thread-1833] INFO  impl.RoleInfo (RoleInfo.java:shutdownFollowerState(121)) - 56bfd1ae-fa2f-4839-ba3b-0401545d2b7a: shutdown FollowerState
2020-06-27 08:20:05,253 [Listener at 127.0.0.1/34065] INFO  impl.RaftServerProxy (RaftServerProxy.java:lambda$close$4(319)) - 99a07450-395a-4667-b554-43c43076656b: close
2020-06-27 08:20:05,253 [Thread-1833] INFO  impl.RaftServerImpl (RaftServerImpl.java:setRole(175)) - 56bfd1ae-fa2f-4839-ba3b-0401545d2b7a@group-7AAF34FA3258: changes role from  FOLLOWER to CANDIDATE at term 3 for changeToCandidate
2020-06-27 08:20:05,253 [Thread-1833] INFO  impl.RoleInfo (RoleInfo.java:updateAndGet(143)) - 56bfd1ae-fa2f-4839-ba3b-0401545d2b7a: start LeaderElection
2020-06-27 08:20:05,253 [56bfd1ae-fa2f-4839-ba3b-0401545d2b7a@group-7AAF34FA3258-LeaderElection71] INFO  impl.RaftServerImpl (ServerState.java:setLeader(255)) - 56bfd1ae-fa2f-4839-ba3b-0401545d2b7a@group-7AAF34FA3258: change Leader from 1678e861-f681-42e2-b20b-e04f00d52311 to null at term 3 for initElection
2020-06-27 08:20:05,253 [Listener at 127.0.0.1/34065] INFO  impl.RaftServerImpl (RaftServerImpl.java:lambda$shutdown$3(252)) - 99a07450-395a-4667-b554-43c43076656b@group-605ED3440294: shutdown
2020-06-27 08:20:05,254 [Listener at 127.0.0.1/34065] INFO  util.JmxRegister (JmxRegister.java:unregister(73)) - Successfully un-registered JMX Bean with object name Ratis:service=RaftServer,group=group-605ED3440294,id=99a07450-395a-4667-b554-43c43076656b
2020-06-27 08:20:05,255 [Listener at 127.0.0.1/34065] INFO  impl.RoleInfo (RoleInfo.java:shutdownLeaderState(104)) - 99a07450-395a-4667-b554-43c43076656b: shutdown LeaderState
2020-06-27 08:20:05,255 [Listener at 127.0.0.1/34065] INFO  impl.PendingRequests (PendingRequests.java:sendNotLeaderResponses(249)) - 99a07450-395a-4667-b554-43c43076656b@group-605ED3440294-PendingRequests: sendNotLeaderResponses
2020-06-27 08:20:05,255 [Listener at 127.0.0.1/34065] INFO  metrics.RatisMetrics (RatisMetrics.java:unregister(43)) - Unregistering Metrics Registry : ratis.log_appender.99a07450-395a-4667-b554-43c43076656b@group-605ED3440294
2020-06-27 08:20:05,255 [Listener at 127.0.0.1/34065] INFO  metrics.RatisMetrics (RatisMetrics.java:unregister(43)) - Unregistering Metrics Registry : ratis.server.99a07450-395a-4667-b554-43c43076656b@group-605ED3440294
2020-06-27 08:20:05,256 [ForkJoinPool.commonPool-worker-1] INFO  ozoneimpl.OzoneContainer (OzoneContainer.java:stop(246)) - Attempting to stop container services.
2020-06-27 08:20:05,256 [ForkJoinPool.commonPool-worker-1] INFO  impl.RaftServerProxy (RaftServerProxy.java:lambda$close$4(319)) - 56bfd1ae-fa2f-4839-ba3b-0401545d2b7a: close
2020-06-27 08:20:05,256 [ForkJoinPool.commonPool-worker-1] INFO  impl.RaftServerImpl (RaftServerImpl.java:lambda$shutdown$3(252)) - 56bfd1ae-fa2f-4839-ba3b-0401545d2b7a@group-7AAF34FA3258: shutdown
2020-06-27 08:20:05,257 [ForkJoinPool.commonPool-worker-1] INFO  util.JmxRegister (JmxRegister.java:unregister(73)) - Successfully un-registered JMX Bean with object name Ratis:service=RaftServer,group=group-7AAF34FA3258,id=56bfd1ae-fa2f-4839-ba3b-0401545d2b7a
2020-06-27 08:20:05,257 [56bfd1ae-fa2f-4839-ba3b-0401545d2b7a@group-7AAF34FA3258-LeaderElection71] INFO  impl.LeaderElection (LeaderElection.java:askForVotes(206)) - 56bfd1ae-fa2f-4839-ba3b-0401545d2b7a@group-7AAF34FA3258-LeaderElection71: begin an election at term 4 for 0: [1678e861-f681-42e2-b20b-e04f00d52311:172.17.0.2:44129, 56bfd1ae-fa2f-4839-ba3b-0401545d2b7a:172.17.0.2:37091, e3ff1c2c-6f58-4f63-bc65-22c0097003cb:172.17.0.2:44705], old=null
2020-06-27 08:20:05,257 [ForkJoinPool.commonPool-worker-1] INFO  impl.RoleInfo (RoleInfo.java:shutdownLeaderElection(134)) - 56bfd1ae-fa2f-4839-ba3b-0401545d2b7a: shutdown LeaderElection
2020-06-27 08:20:05,257 [ForkJoinPool.commonPool-worker-1] INFO  impl.StateMachineUpdater (StateMachineUpdater.java:stopAndJoin(142)) - 56bfd1ae-fa2f-4839-ba3b-0401545d2b7a@group-7AAF34FA3258-StateMachineUpdater: set stopIndex = 0
2020-06-27 08:20:05,257 [56bfd1ae-fa2f-4839-ba3b-0401545d2b7a@group-7AAF34FA3258-StateMachineUpdater] INFO  ratis.ContainerStateMachine (ContainerStateMachine.java:takeSnapshot(294)) - group-7AAF34FA3258: Taking a snapshot at:(t:3, i:0) file /github/workspace/mnt/ozone/hadoop-ozone/integration-test/target/test-dir/MiniOzoneClusterImpl-1d3054ed-691e-4733-a773-d2ff76104d42/datanode-1/data/ratis/24909f19-af55-4f04-a402-7aaf34fa3258/sm/snapshot.3_0
2020-06-27 08:20:05,258 [Listener at 127.0.0.1/34065] INFO  impl.StateMachineUpdater (StateMachineUpdater.java:stopAndJoin(142)) - 99a07450-395a-4667-b554-43c43076656b@group-605ED3440294-StateMachineUpdater: set stopIndex = 0
2020-06-27 08:20:05,258 [56bfd1ae-fa2f-4839-ba3b-0401545d2b7a@group-7AAF34FA3258-StateMachineUpdater] INFO  ratis.ContainerStateMachine (ContainerStateMachine.java:takeSnapshot(305)) - group-7AAF34FA3258: Finished taking a snapshot at:(t:3, i:0) file:/github/workspace/mnt/ozone/hadoop-ozone/integration-test/target/test-dir/MiniOzoneClusterImpl-1d3054ed-691e-4733-a773-d2ff76104d42/datanode-1/data/ratis/24909f19-af55-4f04-a402-7aaf34fa3258/sm/snapshot.3_0 time:1
2020-06-27 08:20:05,258 [99a07450-395a-4667-b554-43c43076656b@group-605ED3440294-StateMachineUpdater] INFO  ratis.ContainerStateMachine (ContainerStateMachine.java:takeSnapshot(294)) - group-605ED3440294: Taking a snapshot at:(t:1, i:0) file /github/workspace/mnt/ozone/hadoop-ozone/integration-test/target/test-dir/MiniOzoneClusterImpl-1d3054ed-691e-4733-a773-d2ff76104d42/datanode-8/data/ratis/51c1be0b-4cee-4c25-bdca-605ed3440294/sm/snapshot.1_0
2020-06-27 08:20:05,258 [56bfd1ae-fa2f-4839-ba3b-0401545d2b7a@group-7AAF34FA3258-StateMachineUpdater] INFO  impl.StateMachineUpdater (StateMachineUpdater.java:takeSnapshot(277)) - 56bfd1ae-fa2f-4839-ba3b-0401545d2b7a@group-7AAF34FA3258-StateMachineUpdater: Took a snapshot at index 0
2020-06-27 08:20:05,258 [56bfd1ae-fa2f-4839-ba3b-0401545d2b7a@group-7AAF34FA3258-StateMachineUpdater] INFO  impl.StateMachineUpdater (StateMachineUpdater.java:lambda$new$0(87)) - 56bfd1ae-fa2f-4839-ba3b-0401545d2b7a@group-7AAF34FA3258-StateMachineUpdater: snapshotIndex: updateIncreasingly -1 -> 0
2020-06-27 08:20:05,258 [56bfd1ae-fa2f-4839-ba3b-0401545d2b7a@group-7AAF34FA3258-StateMachineUpdater] INFO  metrics.RatisMetrics (RatisMetrics.java:unregister(43)) - Unregistering Metrics Registry : ratis.state_machine.56bfd1ae-fa2f-4839-ba3b-0401545d2b7a@group-7AAF34FA3258
2020-06-27 08:20:05,258 [99a07450-395a-4667-b554-43c43076656b@group-605ED3440294-StateMachineUpdater] INFO  ratis.ContainerStateMachine (ContainerStateMachine.java:takeSnapshot(305)) - group-605ED3440294: Finished taking a snapshot at:(t:1, i:0) file:/github/workspace/mnt/ozone/hadoop-ozone/integration-test/target/test-dir/MiniOzoneClusterImpl-1d3054ed-691e-4733-a773-d2ff76104d42/datanode-8/data/ratis/51c1be0b-4cee-4c25-bdca-605ed3440294/sm/snapshot.1_0 time:1
2020-06-27 08:20:05,258 [ForkJoinPool.commonPool-worker-1] INFO  impl.RaftServerImpl (ServerState.java:close(387)) - 56bfd1ae-fa2f-4839-ba3b-0401545d2b7a@group-7AAF34FA3258: closes. applyIndex: 0
2020-06-27 08:20:05,259 [99a07450-395a-4667-b554-43c43076656b@group-605ED3440294-StateMachineUpdater] INFO  impl.StateMachineUpdater (StateMachineUpdater.java:takeSnapshot(277)) - 99a07450-395a-4667-b554-43c43076656b@group-605ED3440294-StateMachineUpdater: Took a snapshot at index 0
2020-06-27 08:20:05,259 [99a07450-395a-4667-b554-43c43076656b@group-605ED3440294-StateMachineUpdater] INFO  impl.StateMachineUpdater (StateMachineUpdater.java:lambda$new$0(87)) - 99a07450-395a-4667-b554-43c43076656b@group-605ED3440294-StateMachineUpdater: snapshotIndex: updateIncreasingly -1 -> 0
2020-06-27 08:20:05,259 [99a07450-395a-4667-b554-43c43076656b@group-605ED3440294-StateMachineUpdater] INFO  metrics.RatisMetrics (RatisMetrics.java:unregister(43)) - Unregistering Metrics Registry : ratis.state_machine.99a07450-395a-4667-b554-43c43076656b@group-605ED3440294
2020-06-27 08:20:05,259 [Listener at 127.0.0.1/34065] INFO  impl.RaftServerImpl (ServerState.java:close(387)) - 99a07450-395a-4667-b554-43c43076656b@group-605ED3440294: closes. applyIndex: 0
2020-06-27 08:20:05,259 [99a07450-395a-4667-b554-43c43076656b@group-605ED3440294-SegmentedRaftLogWorker] INFO  segmented.SegmentedRaftLogWorker (SegmentedRaftLogWorker.java:run(327)) - 99a07450-395a-4667-b554-43c43076656b@group-605ED3440294-SegmentedRaftLogWorker was interrupted, exiting. There are 0 tasks remaining in the queue.
2020-06-27 08:20:05,259 [56bfd1ae-fa2f-4839-ba3b-0401545d2b7a@group-7AAF34FA3258-LeaderElection71] INFO  impl.LeaderElection (LeaderElection.java:logAndReturn(61)) - 56bfd1ae-fa2f-4839-ba3b-0401545d2b7a@group-7AAF34FA3258-LeaderElection71: Election REJECTED; received 0 response(s) [] and 0 exception(s); 56bfd1ae-fa2f-4839-ba3b-0401545d2b7a@group-7AAF34FA3258:t4, leader=null, voted=56bfd1ae-fa2f-4839-ba3b-0401545d2b7a, raftlog=56bfd1ae-fa2f-4839-ba3b-0401545d2b7a@group-7AAF34FA3258-SegmentedRaftLog:CLOSED:c0, conf=0: [1678e861-f681-42e2-b20b-e04f00d52311:172.17.0.2:44129, 56bfd1ae-fa2f-4839-ba3b-0401545d2b7a:172.17.0.2:37091, e3ff1c2c-6f58-4f63-bc65-22c0097003cb:172.17.0.2:44705], old=null
2020-06-27 08:20:05,260 [Listener at 127.0.0.1/34065] INFO  segmented.SegmentedRaftLogWorker (SegmentedRaftLogWorker.java:close(234)) - 99a07450-395a-4667-b554-43c43076656b@group-605ED3440294-SegmentedRaftLogWorker close()
2020-06-27 08:20:05,259 [56bfd1ae-fa2f-4839-ba3b-0401545d2b7a@group-7AAF34FA3258-SegmentedRaftLogWorker] INFO  segmented.SegmentedRaftLogWorker (SegmentedRaftLogWorker.java:run(327)) - 56bfd1ae-fa2f-4839-ba3b-0401545d2b7a@group-7AAF34FA3258-SegmentedRaftLogWorker was interrupted, exiting. There are 0 tasks remaining in the queue.
2020-06-27 08:20:05,261 [ForkJoinPool.commonPool-worker-1] INFO  segmented.SegmentedRaftLogWorker (SegmentedRaftLogWorker.java:close(234)) - 56bfd1ae-fa2f-4839-ba3b-0401545d2b7a@group-7AAF34FA3258-SegmentedRaftLogWorker close()
2020-06-27 08:20:05,261 [Listener at 127.0.0.1/34065] INFO  metrics.RatisMetrics (RatisMetrics.java:unregister(43)) - Unregistering Metrics Registry : ratis.log_worker.99a07450-395a-4667-b554-43c43076656b@group-605ED3440294
2020-06-27 08:20:05,261 [Listener at 127.0.0.1/34065] INFO  metrics.RatisMetrics (RatisMetrics.java:unregister(43)) - Unregistering Metrics Registry : ratis.leader_election.99a07450-395a-4667-b554-43c43076656b@group-605ED3440294
2020-06-27 08:20:05,262 [Listener at 127.0.0.1/34065] INFO  metrics.RatisMetrics (RatisMetrics.java:unregister(43)) - Unregistering Metrics Registry : ratis.server.99a07450-395a-4667-b554-43c43076656b@group-605ED3440294
2020-06-27 08:20:05,262 [Listener at 127.0.0.1/34065] INFO  impl.RaftServerImpl (RaftServerImpl.java:lambda$shutdown$3(252)) - 99a07450-395a-4667-b554-43c43076656b@group-CEED09A8AD4A: shutdown
2020-06-27 08:20:05,262 [Listener at 127.0.0.1/34065] INFO  util.JmxRegister (JmxRegister.java:unregister(73)) - Successfully un-registered JMX Bean with object name Ratis:service=RaftServer,group=group-CEED09A8AD4A,id=99a07450-395a-4667-b554-43c43076656b
2020-06-27 08:20:05,262 [Listener at 127.0.0.1/34065] INFO  impl.RoleInfo (RoleInfo.java:shutdownFollowerState(121)) - 99a07450-395a-4667-b554-43c43076656b: shutdown FollowerState
2020-06-27 08:20:05,262 [Listener at 127.0.0.1/34065] INFO  impl.StateMachineUpdater (StateMachineUpdater.java:stopAndJoin(142)) - 99a07450-395a-4667-b554-43c43076656b@group-CEED09A8AD4A-StateMachineUpdater: set stopIndex = 0
2020-06-27 08:20:05,263 [Thread-1799] INFO  impl.FollowerState (FollowerState.java:run(117)) - 99a07450-395a-4667-b554-43c43076656b@group-CEED09A8AD4A-FollowerState was interrupted: java.lang.InterruptedException: sleep interrupted
2020-06-27 08:20:05,263 [99a07450-395a-4667-b554-43c43076656b@group-CEED09A8AD4A-StateMachineUpdater] INFO  ratis.ContainerStateMachine (ContainerStateMachine.java:takeSnapshot(294)) - group-CEED09A8AD4A: Taking a snapshot at:(t:1, i:0) file /github/workspace/mnt/ozone/hadoop-ozone/integration-test/target/test-dir/MiniOzoneClusterImpl-1d3054ed-691e-4733-a773-d2ff76104d42/datanode-8/data/ratis/ac5d7b3c-5ee7-483f-b489-ceed09a8ad4a/sm/snapshot.1_0
2020-06-27 08:20:05,264 [99a07450-395a-4667-b554-43c43076656b@group-CEED09A8AD4A-StateMachineUpdater] INFO  ratis.ContainerStateMachine (ContainerStateMachine.java:takeSnapshot(305)) - group-CEED09A8AD4A: Finished taking a snapshot at:(t:1, i:0) file:/github/workspace/mnt/ozone/hadoop-ozone/integration-test/target/test-dir/MiniOzoneClusterImpl-1d3054ed-691e-4733-a773-d2ff76104d42/datanode-8/data/ratis/ac5d7b3c-5ee7-483f-b489-ceed09a8ad4a/sm/snapshot.1_0 time:1
2020-06-27 08:20:05,264 [ForkJoinPool.commonPool-worker-1] INFO  metrics.RatisMetrics (RatisMetrics.java:unregister(43)) - Unregistering Metrics Registry : ratis.log_worker.56bfd1ae-fa2f-4839-ba3b-0401545d2b7a@group-7AAF34FA3258
2020-06-27 08:20:05,264 [ForkJoinPool.commonPool-worker-1] INFO  metrics.RatisMetrics (RatisMetrics.java:unregister(43)) - Unregistering Metrics Registry : ratis.leader_election.56bfd1ae-fa2f-4839-ba3b-0401545d2b7a@group-7AAF34FA3258
2020-06-27 08:20:05,264 [ForkJoinPool.commonPool-worker-1] INFO  metrics.RatisMetrics (RatisMetrics.java:unregister(43)) - Unregistering Metrics Registry : ratis.server.56bfd1ae-fa2f-4839-ba3b-0401545d2b7a@group-7AAF34FA3258
2020-06-27 08:20:05,264 [99a07450-395a-4667-b554-43c43076656b@group-CEED09A8AD4A-StateMachineUpdater] INFO  impl.StateMachineUpdater (StateMachineUpdater.java:takeSnapshot(277)) - 99a07450-395a-4667-b554-43c43076656b@group-CEED09A8AD4A-StateMachineUpdater: Took a snapshot at index 0
2020-06-27 08:20:05,265 [ForkJoinPool.commonPool-worker-1] INFO  impl.RaftServerImpl (RaftServerImpl.java:lambda$shutdown$3(252)) - 56bfd1ae-fa2f-4839-ba3b-0401545d2b7a@group-9529E82E8AF8: shutdown
2020-06-27 08:20:05,265 [ForkJoinPool.commonPool-worker-1] INFO  util.JmxRegister (JmxRegister.java:unregister(73)) - Successfully un-registered JMX Bean with object name Ratis:service=RaftServer,group=group-9529E82E8AF8,id=56bfd1ae-fa2f-4839-ba3b-0401545d2b7a
2020-06-27 08:20:05,265 [ForkJoinPool.commonPool-worker-1] INFO  impl.RoleInfo (RoleInfo.java:shutdownLeaderState(104)) - 56bfd1ae-fa2f-4839-ba3b-0401545d2b7a: shutdown LeaderState
2020-06-27 08:20:05,265 [99a07450-395a-4667-b554-43c43076656b@group-CEED09A8AD4A-StateMachineUpdater] INFO  impl.StateMachineUpdater (StateMachineUpdater.java:lambda$new$0(87)) - 99a07450-395a-4667-b554-43c43076656b@group-CEED09A8AD4A-StateMachineUpdater: snapshotIndex: updateIncreasingly -1 -> 0
2020-06-27 08:20:05,265 [ForkJoinPool.commonPool-worker-1] INFO  impl.PendingRequests (PendingRequests.java:sendNotLeaderResponses(249)) - 56bfd1ae-fa2f-4839-ba3b-0401545d2b7a@group-9529E82E8AF8-PendingRequests: sendNotLeaderResponses
2020-06-27 08:20:05,265 [99a07450-395a-4667-b554-43c43076656b@group-CEED09A8AD4A-StateMachineUpdater] INFO  metrics.RatisMetrics (RatisMetrics.java:unregister(43)) - Unregistering Metrics Registry : ratis.state_machine.99a07450-395a-4667-b554-43c43076656b@group-CEED09A8AD4A
2020-06-27 08:20:05,265 [ForkJoinPool.commonPool-worker-1] INFO  metrics.RatisMetrics (RatisMetrics.java:unregister(43)) - Unregistering Metrics Registry : ratis.log_appender.56bfd1ae-fa2f-4839-ba3b-0401545d2b7a@group-9529E82E8AF8
2020-06-27 08:20:05,266 [Listener at 127.0.0.1/34065] INFO  impl.RaftServerImpl (ServerState.java:close(387)) - 99a07450-395a-4667-b554-43c43076656b@group-CEED09A8AD4A: closes. applyIndex: 0
2020-06-27 08:20:05,266 [ForkJoinPool.commonPool-worker-1] INFO  metrics.RatisMetrics (RatisMetrics.java:unregister(43)) - Unregistering Metrics Registry : ratis.server.56bfd1ae-fa2f-4839-ba3b-0401545d2b7a@group-9529E82E8AF8
2020-06-27 08:20:05,266 [99a07450-395a-4667-b554-43c43076656b@group-CEED09A8AD4A-SegmentedRaftLogWorker] INFO  segmented.SegmentedRaftLogWorker (SegmentedRaftLogWorker.java:run(327)) - 99a07450-395a-4667-b554-43c43076656b@group-CEED09A8AD4A-SegmentedRaftLogWorker was interrupted, exiting. There are 0 tasks remaining in the queue.
2020-06-27 08:20:05,267 [ForkJoinPool.commonPool-worker-1] INFO  impl.StateMachineUpdater (StateMachineUpdater.java:stopAndJoin(142)) - 56bfd1ae-fa2f-4839-ba3b-0401545d2b7a@group-9529E82E8AF8-StateMachineUpdater: set stopIndex = 0
2020-06-27 08:20:05,267 [Listener at 127.0.0.1/34065] INFO  segmented.SegmentedRaftLogWorker (SegmentedRaftLogWorker.java:close(234)) - 99a07450-395a-4667-b554-43c43076656b@group-CEED09A8AD4A-SegmentedRaftLogWorker close()
2020-06-27 08:20:05,267 [56bfd1ae-fa2f-4839-ba3b-0401545d2b7a@group-9529E82E8AF8-StateMachineUpdater] INFO  ratis.ContainerStateMachine (ContainerStateMachine.java:takeSnapshot(294)) - group-9529E82E8AF8: Taking a snapshot at:(t:1, i:0) file /github/workspace/mnt/ozone/hadoop-ozone/integration-test/target/test-dir/MiniOzoneClusterImpl-1d3054ed-691e-4733-a773-d2ff76104d42/datanode-1/data/ratis/7ebfc387-0101-4f31-ac68-9529e82e8af8/sm/snapshot.1_0
2020-06-27 08:20:05,268 [Listener at 127.0.0.1/34065] INFO  metrics.RatisMetrics (RatisMetrics.java:unregister(43)) - Unregistering Metrics Registry : ratis.log_worker.99a07450-395a-4667-b554-43c43076656b@group-CEED09A8AD4A
2020-06-27 08:20:05,268 [Listener at 127.0.0.1/34065] INFO  metrics.RatisMetrics (RatisMetrics.java:unregister(43)) - Unregistering Metrics Registry : ratis.leader_election.99a07450-395a-4667-b554-43c43076656b@group-CEED09A8AD4A
2020-06-27 08:20:05,268 [Listener at 127.0.0.1/34065] INFO  metrics.RatisMetrics (RatisMetrics.java:unregister(43)) - Unregistering Metrics Registry : ratis.server.99a07450-395a-4667-b554-43c43076656b@group-CEED09A8AD4A
2020-06-27 08:20:05,268 [Listener at 127.0.0.1/34065] INFO  server.GrpcService (GrpcService.java:closeImpl(166)) - 99a07450-395a-4667-b554-43c43076656b: shutdown server with port 33341 now
2020-06-27 08:20:05,268 [56bfd1ae-fa2f-4839-ba3b-0401545d2b7a@group-9529E82E8AF8-StateMachineUpdater] INFO  ratis.ContainerStateMachine (ContainerStateMachine.java:takeSnapshot(305)) - group-9529E82E8AF8: Finished taking a snapshot at:(t:1, i:0) file:/github/workspace/mnt/ozone/hadoop-ozone/integration-test/target/test-dir/MiniOzoneClusterImpl-1d3054ed-691e-4733-a773-d2ff76104d42/datanode-1/data/ratis/7ebfc387-0101-4f31-ac68-9529e82e8af8/sm/snapshot.1_0 time:2
2020-06-27 08:20:05,270 [56bfd1ae-fa2f-4839-ba3b-0401545d2b7a@group-9529E82E8AF8-StateMachineUpdater] INFO  impl.StateMachineUpdater (StateMachineUpdater.java:takeSnapshot(277)) - 56bfd1ae-fa2f-4839-ba3b-0401545d2b7a@group-9529E82E8AF8-StateMachineUpdater: Took a snapshot at index 0
2020-06-27 08:20:05,270 [56bfd1ae-fa2f-4839-ba3b-0401545d2b7a@group-9529E82E8AF8-StateMachineUpdater] INFO  impl.StateMachineUpdater (StateMachineUpdater.java:lambda$new$0(87)) - 56bfd1ae-fa2f-4839-ba3b-0401545d2b7a@group-9529E82E8AF8-StateMachineUpdater: snapshotIndex: updateIncreasingly -1 -> 0
2020-06-27 08:20:05,270 [56bfd1ae-fa2f-4839-ba3b-0401545d2b7a@group-9529E82E8AF8-StateMachineUpdater] INFO  metrics.RatisMetrics (RatisMetrics.java:unregister(43)) - Unregistering Metrics Registry : ratis.state_machine.56bfd1ae-fa2f-4839-ba3b-0401545d2b7a@group-9529E82E8AF8
2020-06-27 08:20:05,270 [ForkJoinPool.commonPool-worker-1] INFO  impl.RaftServerImpl (ServerState.java:close(387)) - 56bfd1ae-fa2f-4839-ba3b-0401545d2b7a@group-9529E82E8AF8: closes. applyIndex: 0
2020-06-27 08:20:05,271 [grpc-default-executor-6] WARN  server.GrpcLogAppender (LogUtils.java:warn(122)) - 93ff5c27-cf24-4d90-9a81-2a4e4904b019@group-CEED09A8AD4A->99a07450-395a-4667-b554-43c43076656b-AppendLogResponseHandler: Failed appendEntries: org.apache.ratis.thirdparty.io.grpc.StatusRuntimeException: CANCELLED: HTTP/2 error code: CANCEL
Received Rst Stream
2020-06-27 08:20:05,271 [grpc-default-executor-5] WARN  server.GrpcServerProtocolService (LogUtils.java:warn(122)) - 99a07450-395a-4667-b554-43c43076656b: installSnapshot onError, lastRequest: 93ff5c27-cf24-4d90-9a81-2a4e4904b019->99a07450-395a-4667-b554-43c43076656b#1-t1, previous=(t:0, i:0), leaderCommit=-1, initializing? false, entries: size=1, first=(t:1, i:0), CONFIGURATIONENTRY: org.apache.ratis.thirdparty.io.grpc.StatusRuntimeException: CANCELLED: cancelled before receiving half close
2020-06-27 08:20:05,272 [56bfd1ae-fa2f-4839-ba3b-0401545d2b7a@group-9529E82E8AF8-SegmentedRaftLogWorker] INFO  segmented.SegmentedRaftLogWorker (SegmentedRaftLogWorker.java:run(327)) - 56bfd1ae-fa2f-4839-ba3b-0401545d2b7a@group-9529E82E8AF8-SegmentedRaftLogWorker was interrupted, exiting. There are 0 tasks remaining in the queue.
2020-06-27 08:20:05,272 [Listener at 127.0.0.1/34065] INFO  server.GrpcService (GrpcService.java:closeImpl(174)) - 99a07450-395a-4667-b554-43c43076656b: shutdown server with port 33341 successfully
2020-06-27 08:20:05,273 [grpc-default-executor-6] INFO  impl.FollowerInfo (FollowerInfo.java:lambda$new$0(51)) - 93ff5c27-cf24-4d90-9a81-2a4e4904b019@group-CEED09A8AD4A->99a07450-395a-4667-b554-43c43076656b: nextIndex: updateUnconditionally 1 -> 0
2020-06-27 08:20:05,274 [Listener at 127.0.0.1/34065] INFO  utils.BackgroundService (BackgroundService.java:shutdown(157)) - Shutting down service BlockDeletingService
2020-06-27 08:20:05,275 [ForkJoinPool.commonPool-worker-1] INFO  segmented.SegmentedRaftLogWorker (SegmentedRaftLogWorker.java:close(234)) - 56bfd1ae-fa2f-4839-ba3b-0401545d2b7a@group-9529E82E8AF8-SegmentedRaftLogWorker close()
2020-06-27 08:20:05,275 [Listener at 127.0.0.1/34065] INFO  statemachine.DatanodeStateMachine (DatanodeStateMachine.java:stopDaemon(428)) - Ozone container server stopped.
2020-06-27 08:20:05,276 [Listener at 127.0.0.1/34065] INFO  handler.ContextHandler (ContextHandler.java:doStop(1016)) - Stopped o.e.j.w.WebAppContext@19a13874{hddsDatanode,/,null,UNAVAILABLE}{jar:file:/home/user/.m2/repository/org/apache/hadoop/hadoop-hdds-container-service/0.6.0-SNAPSHOT/hadoop-hdds-container-service-0.6.0-SNAPSHOT.jar!/webapps/hddsDatanode}
2020-06-27 08:20:05,276 [ForkJoinPool.commonPool-worker-1] INFO  metrics.RatisMetrics (RatisMetrics.java:unregister(43)) - Unregistering Metrics Registry : ratis.log_worker.56bfd1ae-fa2f-4839-ba3b-0401545d2b7a@group-9529E82E8AF8
2020-06-27 08:20:05,277 [Listener at 127.0.0.1/34065] INFO  server.AbstractConnector (AbstractConnector.java:doStop(380)) - Stopped ServerConnector@749a3925{HTTP/1.1,[http/1.1]}{0.0.0.0:0}
2020-06-27 08:20:05,277 [Listener at 127.0.0.1/34065] INFO  server.session (HouseKeeper.java:stopScavenging(158)) - node0 Stopped scavenging
2020-06-27 08:20:05,277 [ForkJoinPool.commonPool-worker-1] INFO  metrics.RatisMetrics (RatisMetrics.java:unregister(43)) - Unregistering Metrics Registry : ratis.leader_election.56bfd1ae-fa2f-4839-ba3b-0401545d2b7a@group-9529E82E8AF8
2020-06-27 08:20:05,278 [ForkJoinPool.commonPool-worker-1] INFO  metrics.RatisMetrics (RatisMetrics.java:unregister(43)) - Unregistering Metrics Registry : ratis.server.56bfd1ae-fa2f-4839-ba3b-0401545d2b7a@group-9529E82E8AF8
2020-06-27 08:20:05,278 [Listener at 127.0.0.1/34065] INFO  handler.ContextHandler (ContextHandler.java:doStop(1016)) - Stopped o.e.j.s.ServletContextHandler@30b3d9ef{static,/static,jar:file:/home/user/.m2/repository/org/apache/hadoop/hadoop-hdds-container-service/0.6.0-SNAPSHOT/hadoop-hdds-container-service-0.6.0-SNAPSHOT.jar!/webapps/static,UNAVAILABLE}
2020-06-27 08:20:05,278 [ForkJoinPool.commonPool-worker-1] INFO  server.GrpcService (GrpcService.java:closeImpl(166)) - 56bfd1ae-fa2f-4839-ba3b-0401545d2b7a: shutdown server with port 37091 now
2020-06-27 08:20:05,278 [Listener at 127.0.0.1/34065] INFO  handler.ContextHandler (ContextHandler.java:doStop(1016)) - Stopped o.e.j.s.ServletContextHandler@7679a54b{logs,/logs,file:///github/workspace/mnt/ozone/hadoop-ozone/integration-test/target/log,UNAVAILABLE}
2020-06-27 08:20:05,281 [ForkJoinPool.commonPool-worker-1] INFO  server.GrpcService (GrpcService.java:closeImpl(174)) - 56bfd1ae-fa2f-4839-ba3b-0401545d2b7a: shutdown server with port 37091 successfully
2020-06-27 08:20:05,282 [ForkJoinPool.commonPool-worker-1] INFO  utils.BackgroundService (BackgroundService.java:shutdown(157)) - Shutting down service BlockDeletingService
2020-06-27 08:20:05,283 [ForkJoinPool.commonPool-worker-1] INFO  statemachine.DatanodeStateMachine (DatanodeStateMachine.java:stopDaemon(428)) - Ozone container server stopped.
2020-06-27 08:20:05,286 [ForkJoinPool.commonPool-worker-1] INFO  handler.ContextHandler (ContextHandler.java:doStop(1016)) - Stopped o.e.j.w.WebAppContext@50bf00c2{hddsDatanode,/,null,UNAVAILABLE}{jar:file:/home/user/.m2/repository/org/apache/hadoop/hadoop-hdds-container-service/0.6.0-SNAPSHOT/hadoop-hdds-container-service-0.6.0-SNAPSHOT.jar!/webapps/hddsDatanode}
2020-06-27 08:20:05,292 [ForkJoinPool.commonPool-worker-1] INFO  server.AbstractConnector (AbstractConnector.java:doStop(380)) - Stopped ServerConnector@2a59034e{HTTP/1.1,[http/1.1]}{0.0.0.0:0}
2020-06-27 08:20:05,292 [ForkJoinPool.commonPool-worker-1] INFO  server.session (HouseKeeper.java:stopScavenging(158)) - node0 Stopped scavenging
2020-06-27 08:20:05,293 [ForkJoinPool.commonPool-worker-1] INFO  handler.ContextHandler (ContextHandler.java:doStop(1016)) - Stopped o.e.j.s.ServletContextHandler@1db8ec3{static,/static,jar:file:/home/user/.m2/repository/org/apache/hadoop/hadoop-hdds-container-service/0.6.0-SNAPSHOT/hadoop-hdds-container-service-0.6.0-SNAPSHOT.jar!/webapps/static,UNAVAILABLE}
2020-06-27 08:20:05,294 [ForkJoinPool.commonPool-worker-1] INFO  handler.ContextHandler (ContextHandler.java:doStop(1016)) - Stopped o.e.j.s.ServletContextHandler@7b601e55{logs,/logs,file:///github/workspace/mnt/ozone/hadoop-ozone/integration-test/target/log,UNAVAILABLE}
2020-06-27 08:20:05,981 [Datanode State Machine Thread - 0] INFO  statemachine.DatanodeStateMachine (DatanodeStateMachine.java:lambda$startDaemon$0(380)) - Ozone container server started.
2020-06-27 08:20:07,598 [grpc-default-executor-5] WARN  server.GrpcLogAppender (LogUtils.java:warn(122)) - 93ff5c27-cf24-4d90-9a81-2a4e4904b019@group-CEED09A8AD4A->99a07450-395a-4667-b554-43c43076656b-AppendLogResponseHandler: Failed appendEntries: org.apache.ratis.thirdparty.io.grpc.StatusRuntimeException: UNAVAILABLE: io exception
2020-06-27 08:20:07,599 [grpc-default-executor-5] INFO  impl.FollowerInfo (FollowerInfo.java:lambda$new$0(51)) - 93ff5c27-cf24-4d90-9a81-2a4e4904b019@group-CEED09A8AD4A->99a07450-395a-4667-b554-43c43076656b: nextIndex: updateUnconditionally 1 -> 0
2020-06-27 08:20:07,606 [grpc-default-executor-6] WARN  server.GrpcLogAppender (LogUtils.java:warn(122)) - 93ff5c27-cf24-4d90-9a81-2a4e4904b019@group-CEED09A8AD4A->bd28fdde-8be9-44b6-aac4-f5ad5eca5270-AppendLogResponseHandler: Failed appendEntries: org.apache.ratis.thirdparty.io.grpc.StatusRuntimeException: UNAVAILABLE: io exception
2020-06-27 08:20:07,607 [grpc-default-executor-6] INFO  impl.FollowerInfo (FollowerInfo.java:lambda$new$0(51)) - 93ff5c27-cf24-4d90-9a81-2a4e4904b019@group-CEED09A8AD4A->bd28fdde-8be9-44b6-aac4-f5ad5eca5270: nextIndex: updateUnconditionally 1 -> 0
2020-06-27 08:20:10,101 [grpc-default-executor-5] WARN  server.GrpcLogAppender (LogUtils.java:warn(122)) - 93ff5c27-cf24-4d90-9a81-2a4e4904b019@group-CEED09A8AD4A->99a07450-395a-4667-b554-43c43076656b-AppendLogResponseHandler: Failed appendEntries: org.apache.ratis.thirdparty.io.grpc.StatusRuntimeException: UNAVAILABLE: io exception
2020-06-27 08:20:10,103 [grpc-default-executor-5] INFO  impl.FollowerInfo (FollowerInfo.java:lambda$new$0(51)) - 93ff5c27-cf24-4d90-9a81-2a4e4904b019@group-CEED09A8AD4A->99a07450-395a-4667-b554-43c43076656b: nextIndex: updateUnconditionally 1 -> 0
2020-06-27 08:20:10,108 [grpc-default-executor-6] WARN  server.GrpcLogAppender (LogUtils.java:warn(122)) - 93ff5c27-cf24-4d90-9a81-2a4e4904b019@group-CEED09A8AD4A->bd28fdde-8be9-44b6-aac4-f5ad5eca5270-AppendLogResponseHandler: Failed appendEntries: org.apache.ratis.thirdparty.io.grpc.StatusRuntimeException: UNAVAILABLE: io exception
2020-06-27 08:20:10,109 [grpc-default-executor-6] INFO  impl.FollowerInfo (FollowerInfo.java:lambda$new$0(51)) - 93ff5c27-cf24-4d90-9a81-2a4e4904b019@group-CEED09A8AD4A->bd28fdde-8be9-44b6-aac4-f5ad5eca5270: nextIndex: updateUnconditionally 1 -> 0
2020-06-27 08:20:10,281 [Listener at 127.0.0.1/34065] INFO  ozoneimpl.OzoneContainer (OzoneContainer.java:stop(246)) - Attempting to stop container services.
2020-06-27 08:20:10,281 [Listener at 127.0.0.1/34065] INFO  impl.RaftServerProxy (RaftServerProxy.java:lambda$close$4(319)) - 93ff5c27-cf24-4d90-9a81-2a4e4904b019: close
2020-06-27 08:20:10,282 [Listener at 127.0.0.1/34065] INFO  impl.RaftServerImpl (RaftServerImpl.java:lambda$shutdown$3(252)) - 93ff5c27-cf24-4d90-9a81-2a4e4904b019@group-C61816794598: shutdown
2020-06-27 08:20:10,282 [Listener at 127.0.0.1/34065] INFO  util.JmxRegister (JmxRegister.java:unregister(73)) - Successfully un-registered JMX Bean with object name Ratis:service=RaftServer,group=group-C61816794598,id=93ff5c27-cf24-4d90-9a81-2a4e4904b019
2020-06-27 08:20:10,282 [Listener at 127.0.0.1/34065] INFO  impl.RoleInfo (RoleInfo.java:shutdownLeaderState(104)) - 93ff5c27-cf24-4d90-9a81-2a4e4904b019: shutdown LeaderState
2020-06-27 08:20:10,282 [Listener at 127.0.0.1/34065] INFO  impl.PendingRequests (PendingRequests.java:sendNotLeaderResponses(249)) - 93ff5c27-cf24-4d90-9a81-2a4e4904b019@group-C61816794598-PendingRequests: sendNotLeaderResponses
2020-06-27 08:20:10,282 [Listener at 127.0.0.1/34065] INFO  metrics.RatisMetrics (RatisMetrics.java:unregister(43)) - Unregistering Metrics Registry : ratis.log_appender.93ff5c27-cf24-4d90-9a81-2a4e4904b019@group-C61816794598
2020-06-27 08:20:10,283 [Listener at 127.0.0.1/34065] INFO  metrics.RatisMetrics (RatisMetrics.java:unregister(43)) - Unregistering Metrics Registry : ratis.server.93ff5c27-cf24-4d90-9a81-2a4e4904b019@group-C61816794598
2020-06-27 08:20:10,284 [Listener at 127.0.0.1/34065] INFO  impl.StateMachineUpdater (StateMachineUpdater.java:stopAndJoin(142)) - 93ff5c27-cf24-4d90-9a81-2a4e4904b019@group-C61816794598-StateMachineUpdater: set stopIndex = 0
2020-06-27 08:20:10,284 [93ff5c27-cf24-4d90-9a81-2a4e4904b019@group-C61816794598-StateMachineUpdater] INFO  ratis.ContainerStateMachine (ContainerStateMachine.java:takeSnapshot(294)) - group-C61816794598: Taking a snapshot at:(t:1, i:0) file /github/workspace/mnt/ozone/hadoop-ozone/integration-test/target/test-dir/MiniOzoneClusterImpl-1d3054ed-691e-4733-a773-d2ff76104d42/datanode-6/data/ratis/3d4cd47d-f386-42e6-96c0-c61816794598/sm/snapshot.1_0
2020-06-27 08:20:10,285 [93ff5c27-cf24-4d90-9a81-2a4e4904b019@group-C61816794598-StateMachineUpdater] INFO  ratis.ContainerStateMachine (ContainerStateMachine.java:takeSnapshot(305)) - group-C61816794598: Finished taking a snapshot at:(t:1, i:0) file:/github/workspace/mnt/ozone/hadoop-ozone/integration-test/target/test-dir/MiniOzoneClusterImpl-1d3054ed-691e-4733-a773-d2ff76104d42/datanode-6/data/ratis/3d4cd47d-f386-42e6-96c0-c61816794598/sm/snapshot.1_0 time:1
2020-06-27 08:20:10,285 [93ff5c27-cf24-4d90-9a81-2a4e4904b019@group-C61816794598-StateMachineUpdater] INFO  impl.StateMachineUpdater (StateMachineUpdater.java:takeSnapshot(277)) - 93ff5c27-cf24-4d90-9a81-2a4e4904b019@group-C61816794598-StateMachineUpdater: Took a snapshot at index 0
2020-06-27 08:20:10,285 [93ff5c27-cf24-4d90-9a81-2a4e4904b019@group-C61816794598-StateMachineUpdater] INFO  impl.StateMachineUpdater (StateMachineUpdater.java:lambda$new$0(87)) - 93ff5c27-cf24-4d90-9a81-2a4e4904b019@group-C61816794598-StateMachineUpdater: snapshotIndex: updateIncreasingly -1 -> 0
2020-06-27 08:20:10,285 [93ff5c27-cf24-4d90-9a81-2a4e4904b019@group-C61816794598-StateMachineUpdater] INFO  metrics.RatisMetrics (RatisMetrics.java:unregister(43)) - Unregistering Metrics Registry : ratis.state_machine.93ff5c27-cf24-4d90-9a81-2a4e4904b019@group-C61816794598
2020-06-27 08:20:10,286 [Listener at 127.0.0.1/34065] INFO  impl.RaftServerImpl (ServerState.java:close(387)) - 93ff5c27-cf24-4d90-9a81-2a4e4904b019@group-C61816794598: closes. applyIndex: 0
2020-06-27 08:20:10,286 [93ff5c27-cf24-4d90-9a81-2a4e4904b019@group-C61816794598-SegmentedRaftLogWorker] INFO  segmented.SegmentedRaftLogWorker (SegmentedRaftLogWorker.java:run(327)) - 93ff5c27-cf24-4d90-9a81-2a4e4904b019@group-C61816794598-SegmentedRaftLogWorker was interrupted, exiting. There are 0 tasks remaining in the queue.
2020-06-27 08:20:10,286 [Listener at 127.0.0.1/34065] INFO  segmented.SegmentedRaftLogWorker (SegmentedRaftLogWorker.java:close(234)) - 93ff5c27-cf24-4d90-9a81-2a4e4904b019@group-C61816794598-SegmentedRaftLogWorker close()
2020-06-27 08:20:10,287 [Listener at 127.0.0.1/34065] INFO  metrics.RatisMetrics (RatisMetrics.java:unregister(43)) - Unregistering Metrics Registry : ratis.log_worker.93ff5c27-cf24-4d90-9a81-2a4e4904b019@group-C61816794598
2020-06-27 08:20:10,287 [Listener at 127.0.0.1/34065] INFO  metrics.RatisMetrics (RatisMetrics.java:unregister(43)) - Unregistering Metrics Registry : ratis.leader_election.93ff5c27-cf24-4d90-9a81-2a4e4904b019@group-C61816794598
2020-06-27 08:20:10,287 [Listener at 127.0.0.1/34065] INFO  metrics.RatisMetrics (RatisMetrics.java:unregister(43)) - Unregistering Metrics Registry : ratis.server.93ff5c27-cf24-4d90-9a81-2a4e4904b019@group-C61816794598
2020-06-27 08:20:10,287 [Listener at 127.0.0.1/34065] INFO  impl.RaftServerImpl (RaftServerImpl.java:lambda$shutdown$3(252)) - 93ff5c27-cf24-4d90-9a81-2a4e4904b019@group-CEED09A8AD4A: shutdown
2020-06-27 08:20:10,287 [Listener at 127.0.0.1/34065] INFO  util.JmxRegister (JmxRegister.java:unregister(73)) - Successfully un-registered JMX Bean with object name Ratis:service=RaftServer,group=group-CEED09A8AD4A,id=93ff5c27-cf24-4d90-9a81-2a4e4904b019
2020-06-27 08:20:10,288 [Listener at 127.0.0.1/34065] INFO  impl.RoleInfo (RoleInfo.java:shutdownLeaderState(104)) - 93ff5c27-cf24-4d90-9a81-2a4e4904b019: shutdown LeaderState
2020-06-27 08:20:10,288 [Listener at 127.0.0.1/34065] INFO  metrics.RatisMetrics (RatisMetrics.java:unregister(43)) - Unregistering Metrics Registry : ratis_grpc.log_appender.93ff5c27-cf24-4d90-9a81-2a4e4904b019@group-CEED09A8AD4A
2020-06-27 08:20:10,288 [Listener at 127.0.0.1/34065] INFO  metrics.RatisMetrics (RatisMetrics.java:unregister(43)) - Unregistering Metrics Registry : ratis_grpc.log_appender.93ff5c27-cf24-4d90-9a81-2a4e4904b019@group-CEED09A8AD4A
2020-06-27 08:20:10,288 [org.apache.ratis.server.impl.LogAppender$AppenderDaemon$$Lambda$436/638701736@36222303] WARN  server.GrpcLogAppender (GrpcLogAppender.java:mayWait(153)) - 93ff5c27-cf24-4d90-9a81-2a4e4904b019@group-CEED09A8AD4A->99a07450-395a-4667-b554-43c43076656b-GrpcLogAppender: Wait interrupted by java.lang.InterruptedException
2020-06-27 08:20:10,289 [Listener at 127.0.0.1/34065] INFO  impl.PendingRequests (PendingRequests.java:sendNotLeaderResponses(249)) - 93ff5c27-cf24-4d90-9a81-2a4e4904b019@group-CEED09A8AD4A-PendingRequests: sendNotLeaderResponses
2020-06-27 08:20:10,289 [org.apache.ratis.server.impl.LogAppender$AppenderDaemon$$Lambda$436/638701736@b381e1f] WARN  server.GrpcLogAppender (GrpcLogAppender.java:mayWait(153)) - 93ff5c27-cf24-4d90-9a81-2a4e4904b019@group-CEED09A8AD4A->bd28fdde-8be9-44b6-aac4-f5ad5eca5270-GrpcLogAppender: Wait interrupted by java.lang.InterruptedException
2020-06-27 08:20:10,289 [Listener at 127.0.0.1/34065] INFO  metrics.RatisMetrics (RatisMetrics.java:unregister(43)) - Unregistering Metrics Registry : ratis.log_appender.93ff5c27-cf24-4d90-9a81-2a4e4904b019@group-CEED09A8AD4A
2020-06-27 08:20:10,289 [Listener at 127.0.0.1/34065] INFO  metrics.RatisMetrics (RatisMetrics.java:unregister(43)) - Unregistering Metrics Registry : ratis.server.93ff5c27-cf24-4d90-9a81-2a4e4904b019@group-CEED09A8AD4A
2020-06-27 08:20:10,295 [Listener at 127.0.0.1/34065] INFO  impl.StateMachineUpdater (StateMachineUpdater.java:stopAndJoin(142)) - 93ff5c27-cf24-4d90-9a81-2a4e4904b019@group-CEED09A8AD4A-StateMachineUpdater: set stopIndex = 0
2020-06-27 08:20:10,295 [93ff5c27-cf24-4d90-9a81-2a4e4904b019@group-CEED09A8AD4A-StateMachineUpdater] INFO  ratis.ContainerStateMachine (ContainerStateMachine.java:takeSnapshot(294)) - group-CEED09A8AD4A: Taking a snapshot at:(t:1, i:0) file /github/workspace/mnt/ozone/hadoop-ozone/integration-test/target/test-dir/MiniOzoneClusterImpl-1d3054ed-691e-4733-a773-d2ff76104d42/datanode-6/data/ratis/ac5d7b3c-5ee7-483f-b489-ceed09a8ad4a/sm/snapshot.1_0
2020-06-27 08:20:10,296 [93ff5c27-cf24-4d90-9a81-2a4e4904b019@group-CEED09A8AD4A-StateMachineUpdater] INFO  ratis.ContainerStateMachine (ContainerStateMachine.java:takeSnapshot(305)) - group-CEED09A8AD4A: Finished taking a snapshot at:(t:1, i:0) file:/github/workspace/mnt/ozone/hadoop-ozone/integration-test/target/test-dir/MiniOzoneClusterImpl-1d3054ed-691e-4733-a773-d2ff76104d42/datanode-6/data/ratis/ac5d7b3c-5ee7-483f-b489-ceed09a8ad4a/sm/snapshot.1_0 time:1
2020-06-27 08:20:10,296 [93ff5c27-cf24-4d90-9a81-2a4e4904b019@group-CEED09A8AD4A-StateMachineUpdater] INFO  impl.StateMachineUpdater (StateMachineUpdater.java:takeSnapshot(277)) - 93ff5c27-cf24-4d90-9a81-2a4e4904b019@group-CEED09A8AD4A-StateMachineUpdater: Took a snapshot at index 0
2020-06-27 08:20:10,296 [93ff5c27-cf24-4d90-9a81-2a4e4904b019@group-CEED09A8AD4A-StateMachineUpdater] INFO  impl.StateMachineUpdater (StateMachineUpdater.java:lambda$new$0(87)) - 93ff5c27-cf24-4d90-9a81-2a4e4904b019@group-CEED09A8AD4A-StateMachineUpdater: snapshotIndex: updateIncreasingly -1 -> 0
2020-06-27 08:20:10,296 [93ff5c27-cf24-4d90-9a81-2a4e4904b019@group-CEED09A8AD4A-StateMachineUpdater] INFO  metrics.RatisMetrics (RatisMetrics.java:unregister(43)) - Unregistering Metrics Registry : ratis.state_machine.93ff5c27-cf24-4d90-9a81-2a4e4904b019@group-CEED09A8AD4A
2020-06-27 08:20:10,296 [Listener at 127.0.0.1/34065] INFO  impl.RaftServerImpl (ServerState.java:close(387)) - 93ff5c27-cf24-4d90-9a81-2a4e4904b019@group-CEED09A8AD4A: closes. applyIndex: 0
2020-06-27 08:20:10,296 [93ff5c27-cf24-4d90-9a81-2a4e4904b019@group-CEED09A8AD4A-SegmentedRaftLogWorker] INFO  segmented.SegmentedRaftLogWorker (SegmentedRaftLogWorker.java:run(327)) - 93ff5c27-cf24-4d90-9a81-2a4e4904b019@group-CEED09A8AD4A-SegmentedRaftLogWorker was interrupted, exiting. There are 0 tasks remaining in the queue.
2020-06-27 08:20:10,296 [Listener at 127.0.0.1/34065] INFO  segmented.SegmentedRaftLogWorker (SegmentedRaftLogWorker.java:close(234)) - 93ff5c27-cf24-4d90-9a81-2a4e4904b019@group-CEED09A8AD4A-SegmentedRaftLogWorker close()
2020-06-27 08:20:10,297 [Listener at 127.0.0.1/34065] INFO  metrics.RatisMetrics (RatisMetrics.java:unregister(43)) - Unregistering Metrics Registry : ratis.log_worker.93ff5c27-cf24-4d90-9a81-2a4e4904b019@group-CEED09A8AD4A
2020-06-27 08:20:10,297 [Listener at 127.0.0.1/34065] INFO  metrics.RatisMetrics (RatisMetrics.java:unregister(43)) - Unregistering Metrics Registry : ratis.leader_election.93ff5c27-cf24-4d90-9a81-2a4e4904b019@group-CEED09A8AD4A
2020-06-27 08:20:10,297 [Listener at 127.0.0.1/34065] INFO  metrics.RatisMetrics (RatisMetrics.java:unregister(43)) - Unregistering Metrics Registry : ratis.server.93ff5c27-cf24-4d90-9a81-2a4e4904b019@group-CEED09A8AD4A
2020-06-27 08:20:10,297 [Listener at 127.0.0.1/34065] INFO  server.GrpcService (GrpcService.java:closeImpl(166)) - 93ff5c27-cf24-4d90-9a81-2a4e4904b019: shutdown server with port 43727 now
2020-06-27 08:20:10,298 [Listener at 127.0.0.1/34065] INFO  server.GrpcService (GrpcService.java:closeImpl(174)) - 93ff5c27-cf24-4d90-9a81-2a4e4904b019: shutdown server with port 43727 successfully
2020-06-27 08:20:10,299 [Listener at 127.0.0.1/34065] INFO  utils.BackgroundService (BackgroundService.java:shutdown(157)) - Shutting down service BlockDeletingService
2020-06-27 08:20:10,304 [Listener at 127.0.0.1/34065] INFO  statemachine.DatanodeStateMachine (DatanodeStateMachine.java:stopDaemon(428)) - Ozone container server stopped.
2020-06-27 08:20:10,305 [Listener at 127.0.0.1/34065] INFO  handler.ContextHandler (ContextHandler.java:doStop(1016)) - Stopped o.e.j.w.WebAppContext@676bccaa{hddsDatanode,/,null,UNAVAILABLE}{jar:file:/home/user/.m2/repository/org/apache/hadoop/hadoop-hdds-container-service/0.6.0-SNAPSHOT/hadoop-hdds-container-service-0.6.0-SNAPSHOT.jar!/webapps/hddsDatanode}
2020-06-27 08:20:10,305 [Listener at 127.0.0.1/34065] INFO  server.AbstractConnector (AbstractConnector.java:doStop(380)) - Stopped ServerConnector@13d305e4{HTTP/1.1,[http/1.1]}{0.0.0.0:0}
2020-06-27 08:20:10,306 [Listener at 127.0.0.1/34065] INFO  server.session (HouseKeeper.java:stopScavenging(158)) - node0 Stopped scavenging
2020-06-27 08:20:10,306 [Listener at 127.0.0.1/34065] INFO  handler.ContextHandler (ContextHandler.java:doStop(1016)) - Stopped o.e.j.s.ServletContextHandler@5cacf095{static,/static,jar:file:/home/user/.m2/repository/org/apache/hadoop/hadoop-hdds-container-service/0.6.0-SNAPSHOT/hadoop-hdds-container-service-0.6.0-SNAPSHOT.jar!/webapps/static,UNAVAILABLE}
2020-06-27 08:20:10,306 [Listener at 127.0.0.1/34065] INFO  handler.ContextHandler (ContextHandler.java:doStop(1016)) - Stopped o.e.j.s.ServletContextHandler@4d026a3a{logs,/logs,file:///github/workspace/mnt/ozone/hadoop-ozone/integration-test/target/log,UNAVAILABLE}
2020-06-27 08:20:10,307 [Listener at 127.0.0.1/34065] INFO  ozone.MiniOzoneClusterImpl (MiniOzoneClusterImpl.java:stopSCM(476)) - Stopping the StorageContainerManager
2020-06-27 08:20:10,307 [Listener at 127.0.0.1/34065] INFO  server.StorageContainerManager (StorageContainerManager.java:stop(825)) - Stopping Replication Manager Service.
2020-06-27 08:20:10,307 [Listener at 127.0.0.1/34065] INFO  container.ReplicationManager (ReplicationManager.java:stop(217)) - Stopping Replication Monitor Thread.
2020-06-27 08:20:10,307 [Listener at 127.0.0.1/34065] INFO  server.StorageContainerManager (StorageContainerManager.java:stop(832)) - Stopping Lease Manager of the command watchers
2020-06-27 08:20:10,308 [Listener at 127.0.0.1/34065] INFO  server.StorageContainerManager (StorageContainerManager.java:stop(839)) - Stopping datanode service RPC server
2020-06-27 08:20:10,308 [CommandWatcher-LeaseManager#LeaseMonitor] ERROR lease.LeaseManager (LeaseManager.java:run(238)) - Execution was interrupted 
java.lang.InterruptedException: sleep interrupted
	at java.lang.Thread.sleep(Native Method)
	at org.apache.hadoop.ozone.lease.LeaseManager$LeaseMonitor.run(LeaseManager.java:234)
	at java.lang.Thread.run(Thread.java:748)
2020-06-27 08:20:10,308 [Listener at 127.0.0.1/34065] INFO  server.SCMDatanodeProtocolServer (SCMDatanodeProtocolServer.java:stop(361)) - Stopping the RPC server for DataNodes
2020-06-27 08:20:10,308 [Listener at 127.0.0.1/34065] INFO  ipc.Server (Server.java:stop(3359)) - Stopping server on 44577
2020-06-27 08:20:10,309 [IPC Server listener on 0] INFO  ipc.Server (Server.java:run(1330)) - Stopping IPC Server listener on 0
2020-06-27 08:20:10,311 [IPC Server Responder] INFO  ipc.Server (Server.java:run(1465)) - Stopping IPC Server Responder
2020-06-27 08:20:10,342 [SCM Heartbeat Processing Thread - 0] WARN  node.NodeStateManager (NodeStateManager.java:scheduleNextHealthCheck(661)) - Current Thread is interrupted, shutting down HB processing thread for Node Manager.
2020-06-27 08:20:10,343 [Listener at 127.0.0.1/34065] INFO  server.StorageContainerManager (StorageContainerManager.java:stop(847)) - Stopping block service RPC server
2020-06-27 08:20:10,343 [Listener at 127.0.0.1/34065] INFO  server.SCMBlockProtocolServer (SCMBlockProtocolServer.java:stop(158)) - Stopping the RPC server for Block Protocol
2020-06-27 08:20:10,343 [Listener at 127.0.0.1/34065] INFO  ipc.Server (Server.java:stop(3359)) - Stopping server on 39671
2020-06-27 08:20:10,344 [IPC Server listener on 0] INFO  ipc.Server (Server.java:run(1330)) - Stopping IPC Server listener on 0
2020-06-27 08:20:10,344 [IPC Server Responder] INFO  ipc.Server (Server.java:run(1465)) - Stopping IPC Server Responder
2020-06-27 08:20:10,346 [Listener at 127.0.0.1/34065] INFO  server.StorageContainerManager (StorageContainerManager.java:stop(854)) - Stopping the StorageContainerLocationProtocol RPC server
2020-06-27 08:20:10,346 [Listener at 127.0.0.1/34065] INFO  server.SCMClientProtocolServer (SCMClientProtocolServer.java:stop(165)) - Stopping the RPC server for Client Protocol
2020-06-27 08:20:10,346 [Listener at 127.0.0.1/34065] INFO  ipc.Server (Server.java:stop(3359)) - Stopping server on 43071
2020-06-27 08:20:10,347 [IPC Server listener on 0] INFO  ipc.Server (Server.java:run(1330)) - Stopping IPC Server listener on 0
2020-06-27 08:20:10,348 [IPC Server Responder] INFO  ipc.Server (Server.java:run(1465)) - Stopping IPC Server Responder
2020-06-27 08:20:10,348 [Listener at 127.0.0.1/34065] INFO  server.StorageContainerManager (StorageContainerManager.java:stop(861)) - Stopping Storage Container Manager HTTP server.
2020-06-27 08:20:10,349 [Listener at 127.0.0.1/34065] INFO  handler.ContextHandler (ContextHandler.java:doStop(1016)) - Stopped o.e.j.w.WebAppContext@228ec493{scm,/,null,UNAVAILABLE}{file:/github/workspace/mnt/ozone/hadoop-ozone/integration-test/target/test-classes/webapps/scm}
2020-06-27 08:20:10,349 [Listener at 127.0.0.1/34065] INFO  server.AbstractConnector (AbstractConnector.java:doStop(380)) - Stopped ServerConnector@6cfa6a04{HTTP/1.1,[http/1.1]}{0.0.0.0:0}
2020-06-27 08:20:10,349 [Listener at 127.0.0.1/34065] INFO  server.session (HouseKeeper.java:stopScavenging(158)) - node0 Stopped scavenging
2020-06-27 08:20:10,350 [Listener at 127.0.0.1/34065] INFO  handler.ContextHandler (ContextHandler.java:doStop(1016)) - Stopped o.e.j.s.ServletContextHandler@5db94eaf{static,/static,file:///github/workspace/mnt/ozone/hadoop-ozone/integration-test/target/test-classes/webapps/static,UNAVAILABLE}
2020-06-27 08:20:10,350 [Listener at 127.0.0.1/34065] INFO  handler.ContextHandler (ContextHandler.java:doStop(1016)) - Stopped o.e.j.s.ServletContextHandler@309ae326{logs,/logs,file:///github/workspace/mnt/ozone/hadoop-ozone/integration-test/target/log,UNAVAILABLE}
2020-06-27 08:20:10,350 [Listener at 127.0.0.1/34065] INFO  server.StorageContainerManager (StorageContainerManager.java:stop(872)) - Stopping Block Manager Service.
2020-06-27 08:20:10,350 [Listener at 127.0.0.1/34065] INFO  utils.BackgroundService (BackgroundService.java:shutdown(157)) - Shutting down service SCMBlockDeletingService
2020-06-27 08:20:10,351 [Listener at 127.0.0.1/34065] INFO  utils.BackgroundService (BackgroundService.java:shutdown(157)) - Shutting down service SCMBlockDeletingService
2020-06-27 08:20:10,351 [Listener at 127.0.0.1/34065] INFO  server.StorageContainerManager (StorageContainerManager.java:stop(897)) - Stopping SCM Event Queue.
2020-06-27 08:20:10,353 [Listener at 127.0.0.1/34065] INFO  impl.MetricsSystemImpl (MetricsSystemImpl.java:stop(210)) - Stopping HddsDatanode metrics system...
2020-06-27 08:20:10,360 [Listener at 127.0.0.1/34065] INFO  impl.MetricsSystemImpl (MetricsSystemImpl.java:stop(216)) - HddsDatanode metrics system stopped.
]]></system-out>
    <system-err><![CDATA[Jun 27, 2020 8:19:39 AM org.apache.ratis.thirdparty.io.grpc.internal.ManagedChannelOrphanWrapper$ManagedChannelReference cleanQueue
SEVERE: *~*~*~ Channel ManagedChannelImpl{logId=576, target=172.17.0.2:38219} was not shutdown properly!!! ~*~*~*
    Make sure to call shutdown()/shutdownNow() and wait until awaitTermination() returns true.
java.lang.RuntimeException: ManagedChannel allocation site
	at org.apache.ratis.thirdparty.io.grpc.internal.ManagedChannelOrphanWrapper$ManagedChannelReference.<init>(ManagedChannelOrphanWrapper.java:94)
	at org.apache.ratis.thirdparty.io.grpc.internal.ManagedChannelOrphanWrapper.<init>(ManagedChannelOrphanWrapper.java:52)
	at org.apache.ratis.thirdparty.io.grpc.internal.ManagedChannelOrphanWrapper.<init>(ManagedChannelOrphanWrapper.java:43)
	at org.apache.ratis.thirdparty.io.grpc.internal.AbstractManagedChannelImplBuilder.build(AbstractManagedChannelImplBuilder.java:518)
	at org.apache.ratis.grpc.client.GrpcClientProtocolClient.<init>(GrpcClientProtocolClient.java:129)
	at org.apache.ratis.grpc.client.GrpcClientRpc.lambda$new$0(GrpcClientRpc.java:55)
	at org.apache.ratis.util.PeerProxyMap$PeerAndProxy.lambda$getProxy$0(PeerProxyMap.java:62)
	at org.apache.ratis.util.LifeCycle.startAndTransition(LifeCycle.java:214)
	at org.apache.ratis.util.PeerProxyMap$PeerAndProxy.getProxy(PeerProxyMap.java:61)
	at org.apache.ratis.util.PeerProxyMap.getProxy(PeerProxyMap.java:109)
	at org.apache.ratis.grpc.client.GrpcClientRpc.sendRequestAsync(GrpcClientRpc.java:66)
	at org.apache.ratis.client.impl.OrderedAsync.sendRequest(OrderedAsync.java:233)
	at org.apache.ratis.client.impl.OrderedAsync.sendRequestWithRetry(OrderedAsync.java:187)
	at org.apache.ratis.util.SlidingWindow$Client.sendOrDelayRequest(SlidingWindow.java:278)
	at org.apache.ratis.util.SlidingWindow$Client.submitNewRequest(SlidingWindow.java:257)
	at org.apache.ratis.client.impl.OrderedAsync.send(OrderedAsync.java:168)
	at org.apache.ratis.client.impl.OrderedAsync.newInstance(OrderedAsync.java:117)
	at org.apache.ratis.client.impl.RaftClientImpl.lambda$new$0(RaftClientImpl.java:127)
	at org.apache.ratis.util.MemoizedSupplier.get(MemoizedSupplier.java:62)
	at org.apache.ratis.client.impl.RaftClientImpl.getOrderedAsync(RaftClientImpl.java:150)
	at org.apache.ratis.client.impl.RaftClientImpl.sendAsync(RaftClientImpl.java:188)
	at org.apache.ratis.client.impl.RaftClientImpl.sendAsync(RaftClientImpl.java:160)
	at org.apache.hadoop.hdds.scm.XceiverClientRatis.lambda$sendRequestAsync$3(XceiverClientRatis.java:224)
	at org.apache.hadoop.hdds.tracing.TracingUtil.executeInNewSpan(TracingUtil.java:159)
	at org.apache.hadoop.hdds.scm.XceiverClientRatis.sendRequestAsync(XceiverClientRatis.java:209)
	at org.apache.hadoop.hdds.scm.XceiverClientRatis.sendCommandAsync(XceiverClientRatis.java:305)
	at org.apache.hadoop.ozone.client.rpc.TestWatchForCommit.testWatchForCommitForGroupMismatchException(TestWatchForCommit.java:338)
	at sun.reflect.NativeMethodAccessorImpl.invoke0(Native Method)
	at sun.reflect.NativeMethodAccessorImpl.invoke(NativeMethodAccessorImpl.java:62)
	at sun.reflect.DelegatingMethodAccessorImpl.invoke(DelegatingMethodAccessorImpl.java:43)
	at java.lang.reflect.Method.invoke(Method.java:498)
	at org.junit.runners.model.FrameworkMethod$1.runReflectiveCall(FrameworkMethod.java:47)
	at org.junit.internal.runners.model.ReflectiveCallable.run(ReflectiveCallable.java:12)
	at org.junit.runners.model.FrameworkMethod.invokeExplosively(FrameworkMethod.java:44)
	at org.junit.internal.runners.statements.InvokeMethod.evaluate(InvokeMethod.java:17)
	at org.junit.internal.runners.statements.RunBefores.evaluate(RunBefores.java:26)
	at org.junit.internal.runners.statements.RunAfters.evaluate(RunAfters.java:27)
	at org.junit.runners.ParentRunner.runLeaf(ParentRunner.java:271)
	at org.junit.runners.BlockJUnit4ClassRunner.runChild(BlockJUnit4ClassRunner.java:70)
	at org.junit.runners.BlockJUnit4ClassRunner.runChild(BlockJUnit4ClassRunner.java:50)
	at org.junit.runners.ParentRunner$3.run(ParentRunner.java:238)
	at org.junit.runners.ParentRunner$1.schedule(ParentRunner.java:63)
	at org.junit.runners.ParentRunner.runChildren(ParentRunner.java:236)
	at org.junit.runners.ParentRunner.access$000(ParentRunner.java:53)
	at org.junit.runners.ParentRunner$2.evaluate(ParentRunner.java:229)
	at org.junit.runners.ParentRunner.run(ParentRunner.java:309)
	at org.apache.maven.surefire.junit4.JUnit4Provider.execute(JUnit4Provider.java:365)
	at org.apache.maven.surefire.junit4.JUnit4Provider.executeWithRerun(JUnit4Provider.java:273)
	at org.apache.maven.surefire.junit4.JUnit4Provider.executeTestSet(JUnit4Provider.java:238)
	at org.apache.maven.surefire.junit4.JUnit4Provider.invoke(JUnit4Provider.java:159)
	at org.apache.maven.surefire.booter.ForkedBooter.invokeProviderInSameClassLoader(ForkedBooter.java:384)
	at org.apache.maven.surefire.booter.ForkedBooter.runSuitesInProcess(ForkedBooter.java:345)
	at org.apache.maven.surefire.booter.ForkedBooter.execute(ForkedBooter.java:126)
	at org.apache.maven.surefire.booter.ForkedBooter.main(ForkedBooter.java:418)

]]></system-err>
  </testcase>
</testsuite>