<?xml version="1.0" encoding="UTF-8"?>
<testsuite xmlns:xsi="http://www.w3.org/2001/XMLSchema-instance" xsi:noNamespaceSchemaLocation="https://maven.apache.org/surefire/maven-surefire-plugin/xsd/surefire-test-report.xsd" name="org.apache.hadoop.ozone.client.rpc.TestBlockOutputStreamWithFailuresFlushDelay" time="405.199" tests="8" errors="0" skipped="0" failures="1">
  <properties>
    <property name="awt.toolkit" value="sun.awt.X11.XToolkit"/>
    <property name="file.encoding.pkg" value="sun.io"/>
    <property name="java.specification.version" value="1.8"/>
    <property name="sun.cpu.isalist" value=""/>
    <property name="sun.jnu.encoding" value="ANSI_X3.4-1968"/>
    <property name="java.class.path" value="/github/workspace/mnt/ozone/hadoop-ozone/integration-test/target/test-classes:/github/workspace/mnt/ozone/hadoop-ozone/integration-test/target/classes:/home/user/.m2/repository/org/apache/hadoop/hadoop-ozone-common/0.6.0-SNAPSHOT/hadoop-ozone-common-0.6.0-SNAPSHOT.jar:/home/user/.m2/repository/org/apache/commons/commons-compress/1.4.1/commons-compress-1.4.1.jar:/home/user/.m2/repository/org/tukaani/xz/1.0/xz-1.0.jar:/home/user/.m2/repository/org/apache/hadoop/hadoop-hdds-common/0.6.0-SNAPSHOT/hadoop-hdds-common-0.6.0-SNAPSHOT.jar:/home/user/.m2/repository/org/apache/hadoop/hadoop-hdds-hadoop-dependency-client/0.6.0-SNAPSHOT/hadoop-hdds-hadoop-dependency-client-0.6.0-SNAPSHOT.jar:/home/user/.m2/repository/info/picocli/picocli/3.9.6/picocli-3.9.6.jar:/home/user/.m2/repository/com/fasterxml/jackson/core/jackson-annotations/2.10.3/jackson-annotations-2.10.3.jar:/home/user/.m2/repository/javax/annotation/javax.annotation-api/1.2/javax.annotation-api-1.2.jar:/home/user/.m2/repository/org/apache/ratis/ratis-server/0.6.0-6ab75ae-SNAPSHOT/ratis-server-0.6.0-6ab75ae-SNAPSHOT.jar:/home/user/.m2/repository/org/apache/ratis/ratis-client/0.6.0-6ab75ae-SNAPSHOT/ratis-client-0.6.0-6ab75ae-SNAPSHOT.jar:/home/user/.m2/repository/org/apache/ratis/ratis-metrics/0.6.0-6ab75ae-SNAPSHOT/ratis-metrics-0.6.0-6ab75ae-SNAPSHOT.jar:/home/user/.m2/repository/org/apache/ratis/ratis-netty/0.6.0-6ab75ae-SNAPSHOT/ratis-netty-0.6.0-6ab75ae-SNAPSHOT.jar:/home/user/.m2/repository/org/apache/ratis/ratis-grpc/0.6.0-6ab75ae-SNAPSHOT/ratis-grpc-0.6.0-6ab75ae-SNAPSHOT.jar:/home/user/.m2/repository/org/apache/logging/log4j/log4j-api/2.11.0/log4j-api-2.11.0.jar:/home/user/.m2/repository/org/apache/logging/log4j/log4j-core/2.11.0/log4j-core-2.11.0.jar:/home/user/.m2/repository/com/lmax/disruptor/3.4.2/disruptor-3.4.2.jar:/home/user/.m2/repository/org/apache/commons/commons-pool2/2.6.0/commons-pool2-2.6.0.jar:/home/user/.m2/repository/org/bouncycastle/bcpkix-jdk15on/1.60/bcpkix-jdk15on-1.60.jar:/home/user/.m2/repository/commons-validator/commons-validator/1.6/commons-validator-1.6.jar:/home/user/.m2/repository/commons-digester/commons-digester/1.8.1/commons-digester-1.8.1.jar:/home/user/.m2/repository/io/jaegertracing/jaeger-client/1.2.0/jaeger-client-1.2.0.jar:/home/user/.m2/repository/io/jaegertracing/jaeger-thrift/1.2.0/jaeger-thrift-1.2.0.jar:/home/user/.m2/repository/org/apache/thrift/libthrift/0.13.0/libthrift-0.13.0.jar:/home/user/.m2/repository/com/squareup/okhttp3/okhttp/4.2.2/okhttp-4.2.2.jar:/home/user/.m2/repository/com/squareup/okio/okio/2.2.2/okio-2.2.2.jar:/home/user/.m2/repository/org/jetbrains/kotlin/kotlin-stdlib/1.3.50/kotlin-stdlib-1.3.50.jar:/home/user/.m2/repository/org/jetbrains/kotlin/kotlin-stdlib-common/1.3.50/kotlin-stdlib-common-1.3.50.jar:/home/user/.m2/repository/org/jetbrains/annotations/13.0/annotations-13.0.jar:/home/user/.m2/repository/io/jaegertracing/jaeger-core/1.2.0/jaeger-core-1.2.0.jar:/home/user/.m2/repository/io/jaegertracing/jaeger-tracerresolver/1.2.0/jaeger-tracerresolver-1.2.0.jar:/home/user/.m2/repository/io/opentracing/contrib/opentracing-tracerresolver/0.1.8/opentracing-tracerresolver-0.1.8.jar:/home/user/.m2/repository/io/opentracing/opentracing-util/0.33.0/opentracing-util-0.33.0.jar:/home/user/.m2/repository/io/opentracing/opentracing-api/0.33.0/opentracing-api-0.33.0.jar:/home/user/.m2/repository/io/opentracing/opentracing-noop/0.33.0/opentracing-noop-0.33.0.jar:/home/user/.m2/repository/org/apache/hadoop/hadoop-hdds-client/0.6.0-SNAPSHOT/hadoop-hdds-client-0.6.0-SNAPSHOT.jar:/home/user/.m2/repository/org/apache/hadoop/hadoop-ozone-interface-client/0.6.0-SNAPSHOT/hadoop-ozone-interface-client-0.6.0-SNAPSHOT.jar:/home/user/.m2/repository/org/apache/hadoop/hadoop-hdds-test-utils/0.6.0-SNAPSHOT/hadoop-hdds-test-utils-0.6.0-SNAPSHOT.jar:/home/user/.m2/repository/com/google/guava/guava/28.2-jre/guava-28.2-jre.jar:/home/user/.m2/repository/com/google/guava/failureaccess/1.0.1/failureaccess-1.0.1.jar:/home/user/.m2/repository/com/google/guava/listenablefuture/9999.0-empty-to-avoid-conflict-with-guava/listenablefuture-9999.0-empty-to-avoid-conflict-with-guava.jar:/home/user/.m2/repository/com/google/code/findbugs/jsr305/3.0.0/jsr305-3.0.0.jar:/home/user/.m2/repository/org/checkerframework/checker-qual/2.10.0/checker-qual-2.10.0.jar:/home/user/.m2/repository/com/google/errorprone/error_prone_annotations/2.2.0/error_prone_annotations-2.2.0.jar:/home/user/.m2/repository/com/google/j2objc/j2objc-annotations/1.3/j2objc-annotations-1.3.jar:/home/user/.m2/repository/commons-io/commons-io/2.5/commons-io-2.5.jar:/home/user/.m2/repository/commons-logging/commons-logging/1.2/commons-logging-1.2.jar:/home/user/.m2/repository/log4j/log4j/1.2.17/log4j-1.2.17.jar:/home/user/.m2/repository/org/slf4j/slf4j-api/1.7.25/slf4j-api-1.7.25.jar:/home/user/.m2/repository/org/apache/hadoop/hadoop-hdds-server-scm/0.6.0-SNAPSHOT/hadoop-hdds-server-scm-0.6.0-SNAPSHOT.jar:/home/user/.m2/repository/org/apache/hadoop/hadoop-hdds-container-service/0.6.0-SNAPSHOT/hadoop-hdds-container-service-0.6.0-SNAPSHOT.jar:/home/user/.m2/repository/org/apache/hadoop/hadoop-hdds-hadoop-dependency-server/0.6.0-SNAPSHOT/hadoop-hdds-hadoop-dependency-server-0.6.0-SNAPSHOT.jar:/home/user/.m2/repository/org/apache/hadoop/hadoop-hdds-server-framework/0.6.0-SNAPSHOT/hadoop-hdds-server-framework-0.6.0-SNAPSHOT.jar:/home/user/.m2/repository/org/apache/hadoop/hadoop-hdds-interface-server/0.6.0-SNAPSHOT/hadoop-hdds-interface-server-0.6.0-SNAPSHOT.jar:/home/user/.m2/repository/org/apache/hadoop/hadoop-hdds-interface-admin/0.6.0-SNAPSHOT/hadoop-hdds-interface-admin-0.6.0-SNAPSHOT.jar:/home/user/.m2/repository/org/rocksdb/rocksdbjni/6.8.1/rocksdbjni-6.8.1.jar:/home/user/.m2/repository/io/prometheus/simpleclient_dropwizard/0.7.0/simpleclient_dropwizard-0.7.0.jar:/home/user/.m2/repository/io/prometheus/simpleclient/0.7.0/simpleclient-0.7.0.jar:/home/user/.m2/repository/io/prometheus/simpleclient_common/0.7.0/simpleclient_common-0.7.0.jar:/home/user/.m2/repository/com/fasterxml/jackson/datatype/jackson-datatype-jsr310/2.10.3/jackson-datatype-jsr310-2.10.3.jar:/home/user/.m2/repository/org/apache/hadoop/hadoop-hdds-docs/0.6.0-SNAPSHOT/hadoop-hdds-docs-0.6.0-SNAPSHOT.jar:/home/user/.m2/repository/io/dropwizard/metrics/metrics-core/3.2.4/metrics-core-3.2.4.jar:/home/user/.m2/repository/org/apache/hadoop/hadoop-hdfs-client/3.2.1/hadoop-hdfs-client-3.2.1.jar:/home/user/.m2/repository/org/bouncycastle/bcprov-jdk15on/1.60/bcprov-jdk15on-1.60.jar:/home/user/.m2/repository/org/apache/hadoop/hadoop-ozone-ozone-manager/0.6.0-SNAPSHOT/hadoop-ozone-ozone-manager-0.6.0-SNAPSHOT.jar:/home/user/.m2/repository/org/apache/hadoop/hadoop-hdds-interface-client/0.6.0-SNAPSHOT/hadoop-hdds-interface-client-0.6.0-SNAPSHOT.jar:/home/user/.m2/repository/org/apache/ratis/ratis-thirdparty-misc/0.4.0/ratis-thirdparty-misc-0.4.0.jar:/home/user/.m2/repository/org/apache/hadoop/hadoop-minikdc/3.2.1/hadoop-minikdc-3.2.1.jar:/home/user/.m2/repository/org/apache/kerby/kerb-simplekdc/1.0.1/kerb-simplekdc-1.0.1.jar:/home/user/.m2/repository/org/apache/kerby/kerb-client/1.0.1/kerb-client-1.0.1.jar:/home/user/.m2/repository/org/apache/kerby/kerby-config/1.0.1/kerby-config-1.0.1.jar:/home/user/.m2/repository/org/apache/kerby/kerb-core/1.0.1/kerb-core-1.0.1.jar:/home/user/.m2/repository/org/apache/kerby/kerby-pkix/1.0.1/kerby-pkix-1.0.1.jar:/home/user/.m2/repository/org/apache/kerby/kerby-asn1/1.0.1/kerby-asn1-1.0.1.jar:/home/user/.m2/repository/org/apache/kerby/kerby-util/1.0.1/kerby-util-1.0.1.jar:/home/user/.m2/repository/org/apache/kerby/kerb-common/1.0.1/kerb-common-1.0.1.jar:/home/user/.m2/repository/org/apache/kerby/kerb-crypto/1.0.1/kerb-crypto-1.0.1.jar:/home/user/.m2/repository/org/apache/kerby/kerb-util/1.0.1/kerb-util-1.0.1.jar:/home/user/.m2/repository/org/apache/kerby/token-provider/1.0.1/token-provider-1.0.1.jar:/home/user/.m2/repository/org/apache/kerby/kerb-admin/1.0.1/kerb-admin-1.0.1.jar:/home/user/.m2/repository/org/apache/kerby/kerb-server/1.0.1/kerb-server-1.0.1.jar:/home/user/.m2/repository/org/apache/kerby/kerb-identity/1.0.1/kerb-identity-1.0.1.jar:/home/user/.m2/repository/org/apache/kerby/kerby-xdr/1.0.1/kerby-xdr-1.0.1.jar:/home/user/.m2/repository/org/slf4j/slf4j-log4j12/1.7.25/slf4j-log4j12-1.7.25.jar:/home/user/.m2/repository/org/apache/hadoop/hadoop-ozone-s3gateway/0.6.0-SNAPSHOT/hadoop-ozone-s3gateway-0.6.0-SNAPSHOT.jar:/home/user/.m2/repository/org/jboss/weld/servlet/weld-servlet/2.4.7.Final/weld-servlet-2.4.7.Final.jar:/home/user/.m2/repository/org/glassfish/jersey/containers/jersey-container-servlet-core/2.27/jersey-container-servlet-core-2.27.jar:/home/user/.m2/repository/org/glassfish/hk2/external/javax.inject/2.5.0-b42/javax.inject-2.5.0-b42.jar:/home/user/.m2/repository/org/glassfish/jersey/core/jersey-common/2.27/jersey-common-2.27.jar:/home/user/.m2/repository/org/glassfish/hk2/osgi-resource-locator/1.0.1/osgi-resource-locator-1.0.1.jar:/home/user/.m2/repository/javax/ws/rs/javax.ws.rs-api/2.1/javax.ws.rs-api-2.1.jar:/home/user/.m2/repository/org/glassfish/jersey/ext/cdi/jersey-cdi1x/2.27/jersey-cdi1x-2.27.jar:/home/user/.m2/repository/org/glassfish/jersey/inject/jersey-hk2/2.27/jersey-hk2-2.27.jar:/home/user/.m2/repository/org/glassfish/hk2/hk2-locator/2.5.0-b42/hk2-locator-2.5.0-b42.jar:/home/user/.m2/repository/org/javassist/javassist/3.22.0-CR2/javassist-3.22.0-CR2.jar:/home/user/.m2/repository/org/glassfish/hk2/hk2-api/2.5.0/hk2-api-2.5.0.jar:/home/user/.m2/repository/org/glassfish/hk2/external/jakarta.inject/2.5.0/jakarta.inject-2.5.0.jar:/home/user/.m2/repository/org/glassfish/hk2/hk2-utils/2.5.0/hk2-utils-2.5.0.jar:/home/user/.m2/repository/jakarta/annotation/jakarta.annotation-api/1.3.4/jakarta.annotation-api-1.3.4.jar:/home/user/.m2/repository/org/glassfish/hk2/external/aopalliance-repackaged/2.5.0/aopalliance-repackaged-2.5.0.jar:/home/user/.m2/repository/com/fasterxml/jackson/dataformat/jackson-dataformat-xml/2.10.3/jackson-dataformat-xml-2.10.3.jar:/home/user/.m2/repository/com/fasterxml/jackson/core/jackson-core/2.10.3/jackson-core-2.10.3.jar:/home/user/.m2/repository/com/fasterxml/jackson/module/jackson-module-jaxb-annotations/2.10.3/jackson-module-jaxb-annotations-2.10.3.jar:/home/user/.m2/repository/jakarta/xml/bind/jakarta.xml.bind-api/2.3.2/jakarta.xml.bind-api-2.3.2.jar:/home/user/.m2/repository/jakarta/activation/jakarta.activation-api/1.2.1/jakarta.activation-api-1.2.1.jar:/home/user/.m2/repository/org/codehaus/woodstox/stax2-api/3.1.4/stax2-api-3.1.4.jar:/home/user/.m2/repository/com/fasterxml/woodstox/woodstox-core/5.0.3/woodstox-core-5.0.3.jar:/home/user/.m2/repository/javax/enterprise/cdi-api/1.2/cdi-api-1.2.jar:/home/user/.m2/repository/javax/el/javax.el-api/3.0.0/javax.el-api-3.0.0.jar:/home/user/.m2/repository/javax/interceptor/javax.interceptor-api/1.2/javax.interceptor-api-1.2.jar:/home/user/.m2/repository/javax/inject/javax.inject/1/javax.inject-1.jar:/home/user/.m2/repository/com/sun/xml/bind/jaxb-impl/2.3.0.1/jaxb-impl-2.3.0.1.jar:/home/user/.m2/repository/com/sun/xml/bind/jaxb-core/2.3.0.1/jaxb-core-2.3.0.1.jar:/home/user/.m2/repository/javax/xml/bind/jaxb-api/2.3.0/jaxb-api-2.3.0.jar:/home/user/.m2/repository/javax/activation/activation/1.1.1/activation-1.1.1.jar:/home/user/.m2/repository/org/apache/hadoop/hadoop-ozone-csi/0.6.0-SNAPSHOT/hadoop-ozone-csi-0.6.0-SNAPSHOT.jar:/home/user/.m2/repository/com/google/protobuf/protobuf-java-util/3.11.0/protobuf-java-util-3.11.0.jar:/home/user/.m2/repository/com/google/code/gson/gson/2.2.4/gson-2.2.4.jar:/home/user/.m2/repository/org/apache/hadoop/hadoop-hdds-config/0.6.0-SNAPSHOT/hadoop-hdds-config-0.6.0-SNAPSHOT.jar:/home/user/.m2/repository/com/google/protobuf/protobuf-java/2.5.0/protobuf-java-2.5.0.jar:/home/user/.m2/repository/io/grpc/grpc-netty/1.29.0/grpc-netty-1.29.0.jar:/home/user/.m2/repository/io/grpc/grpc-core/1.29.0/grpc-core-1.29.0.jar:/home/user/.m2/repository/com/google/android/annotations/4.1.1.4/annotations-4.1.1.4.jar:/home/user/.m2/repository/io/perfmark/perfmark-api/0.19.0/perfmark-api-0.19.0.jar:/home/user/.m2/repository/io/netty/netty-codec-http2/4.1.48.Final/netty-codec-http2-4.1.48.Final.jar:/home/user/.m2/repository/io/netty/netty-codec/4.1.48.Final/netty-codec-4.1.48.Final.jar:/home/user/.m2/repository/io/netty/netty-handler/4.1.48.Final/netty-handler-4.1.48.Final.jar:/home/user/.m2/repository/io/netty/netty-codec-http/4.1.48.Final/netty-codec-http-4.1.48.Final.jar:/home/user/.m2/repository/io/netty/netty-handler-proxy/4.1.48.Final/netty-handler-proxy-4.1.48.Final.jar:/home/user/.m2/repository/io/netty/netty-codec-socks/4.1.48.Final/netty-codec-socks-4.1.48.Final.jar:/home/user/.m2/repository/io/netty/netty-transport-native-epoll/4.1.48.Final/netty-transport-native-epoll-4.1.48.Final.jar:/home/user/.m2/repository/io/netty/netty-common/4.1.48.Final/netty-common-4.1.48.Final.jar:/home/user/.m2/repository/io/netty/netty-buffer/4.1.48.Final/netty-buffer-4.1.48.Final.jar:/home/user/.m2/repository/io/netty/netty-transport/4.1.48.Final/netty-transport-4.1.48.Final.jar:/home/user/.m2/repository/io/netty/netty-resolver/4.1.48.Final/netty-resolver-4.1.48.Final.jar:/home/user/.m2/repository/io/netty/netty-transport-native-unix-common/4.1.48.Final/netty-transport-native-unix-common-4.1.48.Final.jar:/home/user/.m2/repository/io/grpc/grpc-protobuf/1.29.0/grpc-protobuf-1.29.0.jar:/home/user/.m2/repository/io/grpc/grpc-api/1.29.0/grpc-api-1.29.0.jar:/home/user/.m2/repository/io/grpc/grpc-context/1.29.0/grpc-context-1.29.0.jar:/home/user/.m2/repository/org/codehaus/mojo/animal-sniffer-annotations/1.18/animal-sniffer-annotations-1.18.jar:/home/user/.m2/repository/com/google/api/grpc/proto-google-common-protos/1.17.0/proto-google-common-protos-1.17.0.jar:/home/user/.m2/repository/io/grpc/grpc-protobuf-lite/1.29.0/grpc-protobuf-lite-1.29.0.jar:/home/user/.m2/repository/io/grpc/grpc-stub/1.29.0/grpc-stub-1.29.0.jar:/home/user/.m2/repository/org/apache/hadoop/hadoop-ozone-recon/0.6.0-SNAPSHOT/hadoop-ozone-recon-0.6.0-SNAPSHOT.jar:/home/user/.m2/repository/org/apache/hadoop/hadoop-ozone-reconcodegen/0.6.0-SNAPSHOT/hadoop-ozone-reconcodegen-0.6.0-SNAPSHOT.jar:/home/user/.m2/repository/com/google/inject/extensions/guice-multibindings/4.0/guice-multibindings-4.0.jar:/home/user/.m2/repository/com/google/inject/guice/4.0/guice-4.0.jar:/home/user/.m2/repository/aopalliance/aopalliance/1.0/aopalliance-1.0.jar:/home/user/.m2/repository/com/google/inject/extensions/guice-assistedinject/4.0/guice-assistedinject-4.0.jar:/home/user/.m2/repository/com/google/inject/extensions/guice-servlet/4.0/guice-servlet-4.0.jar:/home/user/.m2/repository/org/glassfish/jersey/containers/jersey-container-servlet/2.27/jersey-container-servlet-2.27.jar:/home/user/.m2/repository/org/glassfish/hk2/guice-bridge/2.5.0/guice-bridge-2.5.0.jar:/home/user/.m2/repository/org/glassfish/jersey/core/jersey-server/2.27/jersey-server-2.27.jar:/home/user/.m2/repository/org/glassfish/jersey/core/jersey-client/2.27/jersey-client-2.27.jar:/home/user/.m2/repository/org/glassfish/jersey/media/jersey-media-jaxb/2.27/jersey-media-jaxb-2.27.jar:/home/user/.m2/repository/javax/validation/validation-api/1.1.0.Final/validation-api-1.1.0.Final.jar:/home/user/.m2/repository/org/glassfish/jersey/media/jersey-media-json-jackson/2.27/jersey-media-json-jackson-2.27.jar:/home/user/.m2/repository/org/glassfish/jersey/ext/jersey-entity-filtering/2.27/jersey-entity-filtering-2.27.jar:/home/user/.m2/repository/org/jooq/jooq/3.11.10/jooq-3.11.10.jar:/home/user/.m2/repository/org/jooq/jooq-meta/3.11.10/jooq-meta-3.11.10.jar:/home/user/.m2/repository/org/jooq/jooq-codegen/3.11.10/jooq-codegen-3.11.10.jar:/home/user/.m2/repository/com/jolbox/bonecp/0.8.0.RELEASE/bonecp-0.8.0.RELEASE.jar:/home/user/.m2/repository/org/apache/derby/derby/10.14.2.0/derby-10.14.2.0.jar:/home/user/.m2/repository/org/xerial/sqlite-jdbc/3.25.2/sqlite-jdbc-3.25.2.jar:/home/user/.m2/repository/org/springframework/spring-jdbc/5.2.5.RELEASE/spring-jdbc-5.2.5.RELEASE.jar:/home/user/.m2/repository/org/springframework/spring-beans/5.2.5.RELEASE/spring-beans-5.2.5.RELEASE.jar:/home/user/.m2/repository/org/springframework/spring-core/5.2.5.RELEASE/spring-core-5.2.5.RELEASE.jar:/home/user/.m2/repository/org/springframework/spring-jcl/5.2.5.RELEASE/spring-jcl-5.2.5.RELEASE.jar:/home/user/.m2/repository/org/springframework/spring-tx/5.2.5.RELEASE/spring-tx-5.2.5.RELEASE.jar:/home/user/.m2/repository/org/apache/hadoop/hadoop-ozone-client/0.6.0-SNAPSHOT/hadoop-ozone-client-0.6.0-SNAPSHOT.jar:/home/user/.m2/repository/org/apache/hadoop/hadoop-ozone-filesystem/0.6.0-SNAPSHOT/hadoop-ozone-filesystem-0.6.0-SNAPSHOT.jar:/home/user/.m2/repository/org/apache/hadoop/hadoop-ozone-filesystem-common/0.6.0-SNAPSHOT/hadoop-ozone-filesystem-common-0.6.0-SNAPSHOT.jar:/home/user/.m2/repository/org/apache/hadoop/hadoop-ozone-tools/0.6.0-SNAPSHOT/hadoop-ozone-tools-0.6.0-SNAPSHOT.jar:/home/user/.m2/repository/org/apache/hadoop/hadoop-hdfs/3.2.1/hadoop-hdfs-3.2.1.jar:/home/user/.m2/repository/org/apache/ratis/ratis-tools/0.6.0-6ab75ae-SNAPSHOT/ratis-tools-0.6.0-6ab75ae-SNAPSHOT.jar:/home/user/.m2/repository/org/apache/ratis/ratis-proto/0.6.0-6ab75ae-SNAPSHOT/ratis-proto-0.6.0-6ab75ae-SNAPSHOT.jar:/home/user/.m2/repository/org/apache/ratis/ratis-common/0.6.0-6ab75ae-SNAPSHOT/ratis-common-0.6.0-6ab75ae-SNAPSHOT.jar:/home/user/.m2/repository/com/amazonaws/aws-java-sdk-core/1.11.615/aws-java-sdk-core-1.11.615.jar:/home/user/.m2/repository/org/apache/httpcomponents/httpclient/4.5.2/httpclient-4.5.2.jar:/home/user/.m2/repository/org/apache/httpcomponents/httpcore/4.4.4/httpcore-4.4.4.jar:/home/user/.m2/repository/software/amazon/ion/ion-java/1.0.2/ion-java-1.0.2.jar:/home/user/.m2/repository/com/fasterxml/jackson/dataformat/jackson-dataformat-cbor/2.10.3/jackson-dataformat-cbor-2.10.3.jar:/home/user/.m2/repository/joda-time/joda-time/2.8.1/joda-time-2.8.1.jar:/home/user/.m2/repository/com/amazonaws/aws-java-sdk-s3/1.11.615/aws-java-sdk-s3-1.11.615.jar:/home/user/.m2/repository/com/amazonaws/aws-java-sdk-kms/1.11.615/aws-java-sdk-kms-1.11.615.jar:/home/user/.m2/repository/com/amazonaws/jmespath-java/1.11.615/jmespath-java-1.11.615.jar:/home/user/.m2/repository/org/apache/hadoop/hadoop-hdds-tools/0.6.0-SNAPSHOT/hadoop-hdds-tools-0.6.0-SNAPSHOT.jar:/home/user/.m2/repository/commons-cli/commons-cli/1.2/commons-cli-1.2.jar:/home/user/.m2/repository/org/apache/commons/commons-lang3/3.7/commons-lang3-3.7.jar:/home/user/.m2/repository/org/apache/hadoop/hadoop-ozone-ozone-manager/0.6.0-SNAPSHOT/hadoop-ozone-ozone-manager-0.6.0-SNAPSHOT-tests.jar:/home/user/.m2/repository/junit/junit/4.11/junit-4.11.jar:/home/user/.m2/repository/org/hamcrest/hamcrest-core/1.3/hamcrest-core-1.3.jar:/home/user/.m2/repository/org/openjdk/jmh/jmh-core/1.19/jmh-core-1.19.jar:/home/user/.m2/repository/net/sf/jopt-simple/jopt-simple/4.6/jopt-simple-4.6.jar:/home/user/.m2/repository/org/apache/commons/commons-math3/3.1.1/commons-math3-3.1.1.jar:/home/user/.m2/repository/org/openjdk/jmh/jmh-generator-annprocess/1.19/jmh-generator-annprocess-1.19.jar:/home/user/.m2/repository/org/mockito/mockito-all/1.8.5/mockito-all-1.8.5.jar:/home/user/.m2/repository/org/apache/hadoop/hadoop-kms/3.2.1/hadoop-kms-3.2.1.jar:/home/user/.m2/repository/org/apache/hadoop/hadoop-auth/3.2.1/hadoop-auth-3.2.1.jar:/home/user/.m2/repository/com/nimbusds/nimbus-jose-jwt/7.9/nimbus-jose-jwt-7.9.jar:/home/user/.m2/repository/com/github/stephenc/jcip/jcip-annotations/1.0-1/jcip-annotations-1.0-1.jar:/home/user/.m2/repository/net/minidev/json-smart/2.3/json-smart-2.3.jar:/home/user/.m2/repository/net/minidev/accessors-smart/1.2/accessors-smart-1.2.jar:/home/user/.m2/repository/org/ow2/asm/asm/5.0.4/asm-5.0.4.jar:/home/user/.m2/repository/org/apache/zookeeper/zookeeper/3.4.13/zookeeper-3.4.13.jar:/home/user/.m2/repository/org/apache/yetus/audience-annotations/0.5.0/audience-annotations-0.5.0.jar:/home/user/.m2/repository/org/apache/curator/curator-framework/2.13.0/curator-framework-2.13.0.jar:/home/user/.m2/repository/com/sun/jersey/jersey-core/1.19/jersey-core-1.19.jar:/home/user/.m2/repository/javax/ws/rs/jsr311-api/1.1.1/jsr311-api-1.1.1.jar:/home/user/.m2/repository/com/sun/jersey/jersey-server/1.19/jersey-server-1.19.jar:/home/user/.m2/repository/javax/servlet/javax.servlet-api/3.1.0/javax.servlet-api-3.1.0.jar:/home/user/.m2/repository/org/eclipse/jetty/jetty-server/9.4.26.v20200117/jetty-server-9.4.26.v20200117.jar:/home/user/.m2/repository/org/eclipse/jetty/jetty-http/9.4.26.v20200117/jetty-http-9.4.26.v20200117.jar:/home/user/.m2/repository/org/eclipse/jetty/jetty-io/9.4.26.v20200117/jetty-io-9.4.26.v20200117.jar:/home/user/.m2/repository/org/eclipse/jetty/jetty-webapp/9.4.26.v20200117/jetty-webapp-9.4.26.v20200117.jar:/home/user/.m2/repository/org/eclipse/jetty/jetty-xml/9.4.26.v20200117/jetty-xml-9.4.26.v20200117.jar:/home/user/.m2/repository/org/eclipse/jetty/jetty-servlet/9.4.26.v20200117/jetty-servlet-9.4.26.v20200117.jar:/home/user/.m2/repository/org/eclipse/jetty/jetty-security/9.4.26.v20200117/jetty-security-9.4.26.v20200117.jar:/home/user/.m2/repository/org/apache/hadoop/hadoop-common/3.2.1/hadoop-common-3.2.1.jar:/home/user/.m2/repository/commons-net/commons-net/3.6/commons-net-3.6.jar:/home/user/.m2/repository/commons-collections/commons-collections/3.2.2/commons-collections-3.2.2.jar:/home/user/.m2/repository/com/sun/jersey/jersey-servlet/1.19/jersey-servlet-1.19.jar:/home/user/.m2/repository/com/sun/jersey/jersey-json/1.19/jersey-json-1.19.jar:/home/user/.m2/repository/org/codehaus/jettison/jettison/1.1/jettison-1.1.jar:/home/user/.m2/repository/org/codehaus/jackson/jackson-jaxrs/1.9.2/jackson-jaxrs-1.9.2.jar:/home/user/.m2/repository/org/codehaus/jackson/jackson-xc/1.9.2/jackson-xc-1.9.2.jar:/home/user/.m2/repository/commons-beanutils/commons-beanutils/1.9.4/commons-beanutils-1.9.4.jar:/home/user/.m2/repository/org/apache/commons/commons-configuration2/2.1.1/commons-configuration2-2.1.1.jar:/home/user/.m2/repository/org/apache/commons/commons-text/1.4/commons-text-1.4.jar:/home/user/.m2/repository/com/google/re2j/re2j/1.1/re2j-1.1.jar:/home/user/.m2/repository/com/jcraft/jsch/0.1.54/jsch-0.1.54.jar:/home/user/.m2/repository/org/apache/curator/curator-client/2.13.0/curator-client-2.13.0.jar:/home/user/.m2/repository/org/apache/curator/curator-recipes/2.13.0/curator-recipes-2.13.0.jar:/home/user/.m2/repository/dnsjava/dnsjava/2.1.7/dnsjava-2.1.7.jar:/home/user/.m2/repository/org/slf4j/jul-to-slf4j/1.7.25/jul-to-slf4j-1.7.25.jar:/home/user/.m2/repository/org/eclipse/jetty/jetty-util/9.4.26.v20200117/jetty-util-9.4.26.v20200117.jar:/home/user/.m2/repository/com/fasterxml/jackson/core/jackson-databind/2.10.3/jackson-databind-2.10.3.jar:/home/user/.m2/repository/org/apache/hadoop/hadoop-kms/3.2.1/hadoop-kms-3.2.1-tests.jar:/home/user/.m2/repository/org/apache/hadoop/hadoop-hdds-server-scm/0.6.0-SNAPSHOT/hadoop-hdds-server-scm-0.6.0-SNAPSHOT-tests.jar:/home/user/.m2/repository/org/apache/hadoop/hadoop-hdds-container-service/0.6.0-SNAPSHOT/hadoop-hdds-container-service-0.6.0-SNAPSHOT-tests.jar:/home/user/.m2/repository/org/apache/hadoop/hadoop-hdds-common/0.6.0-SNAPSHOT/hadoop-hdds-common-0.6.0-SNAPSHOT-tests.jar:/home/user/.m2/repository/org/yaml/snakeyaml/1.16/snakeyaml-1.16.jar:/home/user/.m2/repository/org/apache/hadoop/hadoop-hdds-hadoop-dependency-test/0.6.0-SNAPSHOT/hadoop-hdds-hadoop-dependency-test-0.6.0-SNAPSHOT.jar:/home/user/.m2/repository/org/apache/hadoop/hadoop-common/3.2.1/hadoop-common-3.2.1-tests.jar:/home/user/.m2/repository/javax/servlet/jsp/jsp-api/2.1/jsp-api-2.1.jar:/home/user/.m2/repository/org/apache/hadoop/hadoop-hdfs/3.2.1/hadoop-hdfs-3.2.1-tests.jar:/home/user/.m2/repository/org/eclipse/jetty/jetty-util-ajax/9.4.26.v20200117/jetty-util-ajax-9.4.26.v20200117.jar:/home/user/.m2/repository/commons-codec/commons-codec/1.11/commons-codec-1.11.jar:/home/user/.m2/repository/commons-daemon/commons-daemon/1.0.13/commons-daemon-1.0.13.jar:/home/user/.m2/repository/io/netty/netty/3.10.5.Final/netty-3.10.5.Final.jar:/home/user/.m2/repository/io/netty/netty-all/4.1.48.Final/netty-all-4.1.48.Final.jar:/home/user/.m2/repository/org/apache/htrace/htrace-core4/4.1.0-incubating/htrace-core4-4.1.0-incubating.jar:/home/user/.m2/repository/org/fusesource/leveldbjni/leveldbjni-all/1.8/leveldbjni-all-1.8.jar:/home/user/.m2/repository/org/apache/hadoop/hadoop-distcp/3.2.1/hadoop-distcp-3.2.1.jar:/home/user/.m2/repository/org/apache/hadoop/hadoop-mapreduce-client-jobclient/3.2.1/hadoop-mapreduce-client-jobclient-3.2.1.jar:/home/user/.m2/repository/org/apache/hadoop/hadoop-mapreduce-client-common/3.2.1/hadoop-mapreduce-client-common-3.2.1.jar:/home/user/.m2/repository/org/apache/hadoop/hadoop-yarn-common/3.2.1/hadoop-yarn-common-3.2.1.jar:/home/user/.m2/repository/org/apache/hadoop/hadoop-yarn-api/3.2.1/hadoop-yarn-api-3.2.1.jar:/home/user/.m2/repository/com/sun/jersey/jersey-client/1.19/jersey-client-1.19.jar:/home/user/.m2/repository/com/sun/jersey/contribs/jersey-guice/1.19/jersey-guice-1.19.jar:/home/user/.m2/repository/com/fasterxml/jackson/jaxrs/jackson-jaxrs-json-provider/2.10.3/jackson-jaxrs-json-provider-2.10.3.jar:/home/user/.m2/repository/com/fasterxml/jackson/jaxrs/jackson-jaxrs-base/2.10.3/jackson-jaxrs-base-2.10.3.jar:/home/user/.m2/repository/org/apache/hadoop/hadoop-yarn-client/3.2.1/hadoop-yarn-client-3.2.1.jar:/home/user/.m2/repository/org/apache/hadoop/hadoop-mapreduce-client-core/3.2.1/hadoop-mapreduce-client-core-3.2.1.jar:/home/user/.m2/repository/org/apache/avro/avro/1.7.7/avro-1.7.7.jar:/home/user/.m2/repository/org/codehaus/jackson/jackson-core-asl/1.9.13/jackson-core-asl-1.9.13.jar:/home/user/.m2/repository/org/codehaus/jackson/jackson-mapper-asl/1.9.13/jackson-mapper-asl-1.9.13.jar:/home/user/.m2/repository/com/thoughtworks/paranamer/paranamer/2.3/paranamer-2.3.jar:/home/user/.m2/repository/org/xerial/snappy/snappy-java/1.0.5/snappy-java-1.0.5.jar:/home/user/.m2/repository/org/apache/hadoop/hadoop-annotations/3.2.1/hadoop-annotations-3.2.1.jar:/usr/lib/jvm/java-1.8.0-openjdk-1.8.0.232.b09-0.el7_7.x86_64/jre/../lib/tools.jar:/home/user/.m2/repository/org/apache/hadoop/hadoop-distcp/3.2.1/hadoop-distcp-3.2.1-tests.jar:"/>
    <property name="java.vm.vendor" value="Oracle Corporation"/>
    <property name="sun.arch.data.model" value="64"/>
    <property name="test.build.dir" value="/github/workspace/mnt/ozone/hadoop-ozone/integration-test/target/test-dir"/>
    <property name="test.cache.data" value=""/>
    <property name="java.vendor.url" value="http://java.oracle.com/"/>
    <property name="user.timezone" value=""/>
    <property name="java.vm.specification.version" value="1.8"/>
    <property name="os.name" value="Linux"/>
    <property name="test.build.data" value="/github/workspace/mnt/ozone/hadoop-ozone/integration-test/target/test-dir"/>
    <property name="user.country" value="US"/>
    <property name="sun.java.launcher" value="SUN_STANDARD"/>
    <property name="sun.boot.library.path" value="/usr/lib/jvm/java-1.8.0-openjdk-1.8.0.232.b09-0.el7_7.x86_64/jre/lib/amd64"/>
    <property name="sun.java.command" value="/github/workspace/mnt/ozone/hadoop-ozone/integration-test/target/surefire/surefirebooter7519006113651471632.jar /github/workspace/mnt/ozone/hadoop-ozone/integration-test/target/surefire 2020-06-27T08-10-11_583-jvmRun1 surefire7954557912282264629tmp surefire_163545827086967692601tmp"/>
    <property name="surefire.test.class.path" value="/github/workspace/mnt/ozone/hadoop-ozone/integration-test/target/test-classes:/github/workspace/mnt/ozone/hadoop-ozone/integration-test/target/classes:/home/user/.m2/repository/org/apache/hadoop/hadoop-ozone-common/0.6.0-SNAPSHOT/hadoop-ozone-common-0.6.0-SNAPSHOT.jar:/home/user/.m2/repository/org/apache/commons/commons-compress/1.4.1/commons-compress-1.4.1.jar:/home/user/.m2/repository/org/tukaani/xz/1.0/xz-1.0.jar:/home/user/.m2/repository/org/apache/hadoop/hadoop-hdds-common/0.6.0-SNAPSHOT/hadoop-hdds-common-0.6.0-SNAPSHOT.jar:/home/user/.m2/repository/org/apache/hadoop/hadoop-hdds-hadoop-dependency-client/0.6.0-SNAPSHOT/hadoop-hdds-hadoop-dependency-client-0.6.0-SNAPSHOT.jar:/home/user/.m2/repository/info/picocli/picocli/3.9.6/picocli-3.9.6.jar:/home/user/.m2/repository/com/fasterxml/jackson/core/jackson-annotations/2.10.3/jackson-annotations-2.10.3.jar:/home/user/.m2/repository/javax/annotation/javax.annotation-api/1.2/javax.annotation-api-1.2.jar:/home/user/.m2/repository/org/apache/ratis/ratis-server/0.6.0-6ab75ae-SNAPSHOT/ratis-server-0.6.0-6ab75ae-SNAPSHOT.jar:/home/user/.m2/repository/org/apache/ratis/ratis-client/0.6.0-6ab75ae-SNAPSHOT/ratis-client-0.6.0-6ab75ae-SNAPSHOT.jar:/home/user/.m2/repository/org/apache/ratis/ratis-metrics/0.6.0-6ab75ae-SNAPSHOT/ratis-metrics-0.6.0-6ab75ae-SNAPSHOT.jar:/home/user/.m2/repository/org/apache/ratis/ratis-netty/0.6.0-6ab75ae-SNAPSHOT/ratis-netty-0.6.0-6ab75ae-SNAPSHOT.jar:/home/user/.m2/repository/org/apache/ratis/ratis-grpc/0.6.0-6ab75ae-SNAPSHOT/ratis-grpc-0.6.0-6ab75ae-SNAPSHOT.jar:/home/user/.m2/repository/org/apache/logging/log4j/log4j-api/2.11.0/log4j-api-2.11.0.jar:/home/user/.m2/repository/org/apache/logging/log4j/log4j-core/2.11.0/log4j-core-2.11.0.jar:/home/user/.m2/repository/com/lmax/disruptor/3.4.2/disruptor-3.4.2.jar:/home/user/.m2/repository/org/apache/commons/commons-pool2/2.6.0/commons-pool2-2.6.0.jar:/home/user/.m2/repository/org/bouncycastle/bcpkix-jdk15on/1.60/bcpkix-jdk15on-1.60.jar:/home/user/.m2/repository/commons-validator/commons-validator/1.6/commons-validator-1.6.jar:/home/user/.m2/repository/commons-digester/commons-digester/1.8.1/commons-digester-1.8.1.jar:/home/user/.m2/repository/io/jaegertracing/jaeger-client/1.2.0/jaeger-client-1.2.0.jar:/home/user/.m2/repository/io/jaegertracing/jaeger-thrift/1.2.0/jaeger-thrift-1.2.0.jar:/home/user/.m2/repository/org/apache/thrift/libthrift/0.13.0/libthrift-0.13.0.jar:/home/user/.m2/repository/com/squareup/okhttp3/okhttp/4.2.2/okhttp-4.2.2.jar:/home/user/.m2/repository/com/squareup/okio/okio/2.2.2/okio-2.2.2.jar:/home/user/.m2/repository/org/jetbrains/kotlin/kotlin-stdlib/1.3.50/kotlin-stdlib-1.3.50.jar:/home/user/.m2/repository/org/jetbrains/kotlin/kotlin-stdlib-common/1.3.50/kotlin-stdlib-common-1.3.50.jar:/home/user/.m2/repository/org/jetbrains/annotations/13.0/annotations-13.0.jar:/home/user/.m2/repository/io/jaegertracing/jaeger-core/1.2.0/jaeger-core-1.2.0.jar:/home/user/.m2/repository/io/jaegertracing/jaeger-tracerresolver/1.2.0/jaeger-tracerresolver-1.2.0.jar:/home/user/.m2/repository/io/opentracing/contrib/opentracing-tracerresolver/0.1.8/opentracing-tracerresolver-0.1.8.jar:/home/user/.m2/repository/io/opentracing/opentracing-util/0.33.0/opentracing-util-0.33.0.jar:/home/user/.m2/repository/io/opentracing/opentracing-api/0.33.0/opentracing-api-0.33.0.jar:/home/user/.m2/repository/io/opentracing/opentracing-noop/0.33.0/opentracing-noop-0.33.0.jar:/home/user/.m2/repository/org/apache/hadoop/hadoop-hdds-client/0.6.0-SNAPSHOT/hadoop-hdds-client-0.6.0-SNAPSHOT.jar:/home/user/.m2/repository/org/apache/hadoop/hadoop-ozone-interface-client/0.6.0-SNAPSHOT/hadoop-ozone-interface-client-0.6.0-SNAPSHOT.jar:/home/user/.m2/repository/org/apache/hadoop/hadoop-hdds-test-utils/0.6.0-SNAPSHOT/hadoop-hdds-test-utils-0.6.0-SNAPSHOT.jar:/home/user/.m2/repository/com/google/guava/guava/28.2-jre/guava-28.2-jre.jar:/home/user/.m2/repository/com/google/guava/failureaccess/1.0.1/failureaccess-1.0.1.jar:/home/user/.m2/repository/com/google/guava/listenablefuture/9999.0-empty-to-avoid-conflict-with-guava/listenablefuture-9999.0-empty-to-avoid-conflict-with-guava.jar:/home/user/.m2/repository/com/google/code/findbugs/jsr305/3.0.0/jsr305-3.0.0.jar:/home/user/.m2/repository/org/checkerframework/checker-qual/2.10.0/checker-qual-2.10.0.jar:/home/user/.m2/repository/com/google/errorprone/error_prone_annotations/2.2.0/error_prone_annotations-2.2.0.jar:/home/user/.m2/repository/com/google/j2objc/j2objc-annotations/1.3/j2objc-annotations-1.3.jar:/home/user/.m2/repository/commons-io/commons-io/2.5/commons-io-2.5.jar:/home/user/.m2/repository/commons-logging/commons-logging/1.2/commons-logging-1.2.jar:/home/user/.m2/repository/log4j/log4j/1.2.17/log4j-1.2.17.jar:/home/user/.m2/repository/org/slf4j/slf4j-api/1.7.25/slf4j-api-1.7.25.jar:/home/user/.m2/repository/org/apache/hadoop/hadoop-hdds-server-scm/0.6.0-SNAPSHOT/hadoop-hdds-server-scm-0.6.0-SNAPSHOT.jar:/home/user/.m2/repository/org/apache/hadoop/hadoop-hdds-container-service/0.6.0-SNAPSHOT/hadoop-hdds-container-service-0.6.0-SNAPSHOT.jar:/home/user/.m2/repository/org/apache/hadoop/hadoop-hdds-hadoop-dependency-server/0.6.0-SNAPSHOT/hadoop-hdds-hadoop-dependency-server-0.6.0-SNAPSHOT.jar:/home/user/.m2/repository/org/apache/hadoop/hadoop-hdds-server-framework/0.6.0-SNAPSHOT/hadoop-hdds-server-framework-0.6.0-SNAPSHOT.jar:/home/user/.m2/repository/org/apache/hadoop/hadoop-hdds-interface-server/0.6.0-SNAPSHOT/hadoop-hdds-interface-server-0.6.0-SNAPSHOT.jar:/home/user/.m2/repository/org/apache/hadoop/hadoop-hdds-interface-admin/0.6.0-SNAPSHOT/hadoop-hdds-interface-admin-0.6.0-SNAPSHOT.jar:/home/user/.m2/repository/org/rocksdb/rocksdbjni/6.8.1/rocksdbjni-6.8.1.jar:/home/user/.m2/repository/io/prometheus/simpleclient_dropwizard/0.7.0/simpleclient_dropwizard-0.7.0.jar:/home/user/.m2/repository/io/prometheus/simpleclient/0.7.0/simpleclient-0.7.0.jar:/home/user/.m2/repository/io/prometheus/simpleclient_common/0.7.0/simpleclient_common-0.7.0.jar:/home/user/.m2/repository/com/fasterxml/jackson/datatype/jackson-datatype-jsr310/2.10.3/jackson-datatype-jsr310-2.10.3.jar:/home/user/.m2/repository/org/apache/hadoop/hadoop-hdds-docs/0.6.0-SNAPSHOT/hadoop-hdds-docs-0.6.0-SNAPSHOT.jar:/home/user/.m2/repository/io/dropwizard/metrics/metrics-core/3.2.4/metrics-core-3.2.4.jar:/home/user/.m2/repository/org/apache/hadoop/hadoop-hdfs-client/3.2.1/hadoop-hdfs-client-3.2.1.jar:/home/user/.m2/repository/org/bouncycastle/bcprov-jdk15on/1.60/bcprov-jdk15on-1.60.jar:/home/user/.m2/repository/org/apache/hadoop/hadoop-ozone-ozone-manager/0.6.0-SNAPSHOT/hadoop-ozone-ozone-manager-0.6.0-SNAPSHOT.jar:/home/user/.m2/repository/org/apache/hadoop/hadoop-hdds-interface-client/0.6.0-SNAPSHOT/hadoop-hdds-interface-client-0.6.0-SNAPSHOT.jar:/home/user/.m2/repository/org/apache/ratis/ratis-thirdparty-misc/0.4.0/ratis-thirdparty-misc-0.4.0.jar:/home/user/.m2/repository/org/apache/hadoop/hadoop-minikdc/3.2.1/hadoop-minikdc-3.2.1.jar:/home/user/.m2/repository/org/apache/kerby/kerb-simplekdc/1.0.1/kerb-simplekdc-1.0.1.jar:/home/user/.m2/repository/org/apache/kerby/kerb-client/1.0.1/kerb-client-1.0.1.jar:/home/user/.m2/repository/org/apache/kerby/kerby-config/1.0.1/kerby-config-1.0.1.jar:/home/user/.m2/repository/org/apache/kerby/kerb-core/1.0.1/kerb-core-1.0.1.jar:/home/user/.m2/repository/org/apache/kerby/kerby-pkix/1.0.1/kerby-pkix-1.0.1.jar:/home/user/.m2/repository/org/apache/kerby/kerby-asn1/1.0.1/kerby-asn1-1.0.1.jar:/home/user/.m2/repository/org/apache/kerby/kerby-util/1.0.1/kerby-util-1.0.1.jar:/home/user/.m2/repository/org/apache/kerby/kerb-common/1.0.1/kerb-common-1.0.1.jar:/home/user/.m2/repository/org/apache/kerby/kerb-crypto/1.0.1/kerb-crypto-1.0.1.jar:/home/user/.m2/repository/org/apache/kerby/kerb-util/1.0.1/kerb-util-1.0.1.jar:/home/user/.m2/repository/org/apache/kerby/token-provider/1.0.1/token-provider-1.0.1.jar:/home/user/.m2/repository/org/apache/kerby/kerb-admin/1.0.1/kerb-admin-1.0.1.jar:/home/user/.m2/repository/org/apache/kerby/kerb-server/1.0.1/kerb-server-1.0.1.jar:/home/user/.m2/repository/org/apache/kerby/kerb-identity/1.0.1/kerb-identity-1.0.1.jar:/home/user/.m2/repository/org/apache/kerby/kerby-xdr/1.0.1/kerby-xdr-1.0.1.jar:/home/user/.m2/repository/org/slf4j/slf4j-log4j12/1.7.25/slf4j-log4j12-1.7.25.jar:/home/user/.m2/repository/org/apache/hadoop/hadoop-ozone-s3gateway/0.6.0-SNAPSHOT/hadoop-ozone-s3gateway-0.6.0-SNAPSHOT.jar:/home/user/.m2/repository/org/jboss/weld/servlet/weld-servlet/2.4.7.Final/weld-servlet-2.4.7.Final.jar:/home/user/.m2/repository/org/glassfish/jersey/containers/jersey-container-servlet-core/2.27/jersey-container-servlet-core-2.27.jar:/home/user/.m2/repository/org/glassfish/hk2/external/javax.inject/2.5.0-b42/javax.inject-2.5.0-b42.jar:/home/user/.m2/repository/org/glassfish/jersey/core/jersey-common/2.27/jersey-common-2.27.jar:/home/user/.m2/repository/org/glassfish/hk2/osgi-resource-locator/1.0.1/osgi-resource-locator-1.0.1.jar:/home/user/.m2/repository/javax/ws/rs/javax.ws.rs-api/2.1/javax.ws.rs-api-2.1.jar:/home/user/.m2/repository/org/glassfish/jersey/ext/cdi/jersey-cdi1x/2.27/jersey-cdi1x-2.27.jar:/home/user/.m2/repository/org/glassfish/jersey/inject/jersey-hk2/2.27/jersey-hk2-2.27.jar:/home/user/.m2/repository/org/glassfish/hk2/hk2-locator/2.5.0-b42/hk2-locator-2.5.0-b42.jar:/home/user/.m2/repository/org/javassist/javassist/3.22.0-CR2/javassist-3.22.0-CR2.jar:/home/user/.m2/repository/org/glassfish/hk2/hk2-api/2.5.0/hk2-api-2.5.0.jar:/home/user/.m2/repository/org/glassfish/hk2/external/jakarta.inject/2.5.0/jakarta.inject-2.5.0.jar:/home/user/.m2/repository/org/glassfish/hk2/hk2-utils/2.5.0/hk2-utils-2.5.0.jar:/home/user/.m2/repository/jakarta/annotation/jakarta.annotation-api/1.3.4/jakarta.annotation-api-1.3.4.jar:/home/user/.m2/repository/org/glassfish/hk2/external/aopalliance-repackaged/2.5.0/aopalliance-repackaged-2.5.0.jar:/home/user/.m2/repository/com/fasterxml/jackson/dataformat/jackson-dataformat-xml/2.10.3/jackson-dataformat-xml-2.10.3.jar:/home/user/.m2/repository/com/fasterxml/jackson/core/jackson-core/2.10.3/jackson-core-2.10.3.jar:/home/user/.m2/repository/com/fasterxml/jackson/module/jackson-module-jaxb-annotations/2.10.3/jackson-module-jaxb-annotations-2.10.3.jar:/home/user/.m2/repository/jakarta/xml/bind/jakarta.xml.bind-api/2.3.2/jakarta.xml.bind-api-2.3.2.jar:/home/user/.m2/repository/jakarta/activation/jakarta.activation-api/1.2.1/jakarta.activation-api-1.2.1.jar:/home/user/.m2/repository/org/codehaus/woodstox/stax2-api/3.1.4/stax2-api-3.1.4.jar:/home/user/.m2/repository/com/fasterxml/woodstox/woodstox-core/5.0.3/woodstox-core-5.0.3.jar:/home/user/.m2/repository/javax/enterprise/cdi-api/1.2/cdi-api-1.2.jar:/home/user/.m2/repository/javax/el/javax.el-api/3.0.0/javax.el-api-3.0.0.jar:/home/user/.m2/repository/javax/interceptor/javax.interceptor-api/1.2/javax.interceptor-api-1.2.jar:/home/user/.m2/repository/javax/inject/javax.inject/1/javax.inject-1.jar:/home/user/.m2/repository/com/sun/xml/bind/jaxb-impl/2.3.0.1/jaxb-impl-2.3.0.1.jar:/home/user/.m2/repository/com/sun/xml/bind/jaxb-core/2.3.0.1/jaxb-core-2.3.0.1.jar:/home/user/.m2/repository/javax/xml/bind/jaxb-api/2.3.0/jaxb-api-2.3.0.jar:/home/user/.m2/repository/javax/activation/activation/1.1.1/activation-1.1.1.jar:/home/user/.m2/repository/org/apache/hadoop/hadoop-ozone-csi/0.6.0-SNAPSHOT/hadoop-ozone-csi-0.6.0-SNAPSHOT.jar:/home/user/.m2/repository/com/google/protobuf/protobuf-java-util/3.11.0/protobuf-java-util-3.11.0.jar:/home/user/.m2/repository/com/google/code/gson/gson/2.2.4/gson-2.2.4.jar:/home/user/.m2/repository/org/apache/hadoop/hadoop-hdds-config/0.6.0-SNAPSHOT/hadoop-hdds-config-0.6.0-SNAPSHOT.jar:/home/user/.m2/repository/com/google/protobuf/protobuf-java/2.5.0/protobuf-java-2.5.0.jar:/home/user/.m2/repository/io/grpc/grpc-netty/1.29.0/grpc-netty-1.29.0.jar:/home/user/.m2/repository/io/grpc/grpc-core/1.29.0/grpc-core-1.29.0.jar:/home/user/.m2/repository/com/google/android/annotations/4.1.1.4/annotations-4.1.1.4.jar:/home/user/.m2/repository/io/perfmark/perfmark-api/0.19.0/perfmark-api-0.19.0.jar:/home/user/.m2/repository/io/netty/netty-codec-http2/4.1.48.Final/netty-codec-http2-4.1.48.Final.jar:/home/user/.m2/repository/io/netty/netty-codec/4.1.48.Final/netty-codec-4.1.48.Final.jar:/home/user/.m2/repository/io/netty/netty-handler/4.1.48.Final/netty-handler-4.1.48.Final.jar:/home/user/.m2/repository/io/netty/netty-codec-http/4.1.48.Final/netty-codec-http-4.1.48.Final.jar:/home/user/.m2/repository/io/netty/netty-handler-proxy/4.1.48.Final/netty-handler-proxy-4.1.48.Final.jar:/home/user/.m2/repository/io/netty/netty-codec-socks/4.1.48.Final/netty-codec-socks-4.1.48.Final.jar:/home/user/.m2/repository/io/netty/netty-transport-native-epoll/4.1.48.Final/netty-transport-native-epoll-4.1.48.Final.jar:/home/user/.m2/repository/io/netty/netty-common/4.1.48.Final/netty-common-4.1.48.Final.jar:/home/user/.m2/repository/io/netty/netty-buffer/4.1.48.Final/netty-buffer-4.1.48.Final.jar:/home/user/.m2/repository/io/netty/netty-transport/4.1.48.Final/netty-transport-4.1.48.Final.jar:/home/user/.m2/repository/io/netty/netty-resolver/4.1.48.Final/netty-resolver-4.1.48.Final.jar:/home/user/.m2/repository/io/netty/netty-transport-native-unix-common/4.1.48.Final/netty-transport-native-unix-common-4.1.48.Final.jar:/home/user/.m2/repository/io/grpc/grpc-protobuf/1.29.0/grpc-protobuf-1.29.0.jar:/home/user/.m2/repository/io/grpc/grpc-api/1.29.0/grpc-api-1.29.0.jar:/home/user/.m2/repository/io/grpc/grpc-context/1.29.0/grpc-context-1.29.0.jar:/home/user/.m2/repository/org/codehaus/mojo/animal-sniffer-annotations/1.18/animal-sniffer-annotations-1.18.jar:/home/user/.m2/repository/com/google/api/grpc/proto-google-common-protos/1.17.0/proto-google-common-protos-1.17.0.jar:/home/user/.m2/repository/io/grpc/grpc-protobuf-lite/1.29.0/grpc-protobuf-lite-1.29.0.jar:/home/user/.m2/repository/io/grpc/grpc-stub/1.29.0/grpc-stub-1.29.0.jar:/home/user/.m2/repository/org/apache/hadoop/hadoop-ozone-recon/0.6.0-SNAPSHOT/hadoop-ozone-recon-0.6.0-SNAPSHOT.jar:/home/user/.m2/repository/org/apache/hadoop/hadoop-ozone-reconcodegen/0.6.0-SNAPSHOT/hadoop-ozone-reconcodegen-0.6.0-SNAPSHOT.jar:/home/user/.m2/repository/com/google/inject/extensions/guice-multibindings/4.0/guice-multibindings-4.0.jar:/home/user/.m2/repository/com/google/inject/guice/4.0/guice-4.0.jar:/home/user/.m2/repository/aopalliance/aopalliance/1.0/aopalliance-1.0.jar:/home/user/.m2/repository/com/google/inject/extensions/guice-assistedinject/4.0/guice-assistedinject-4.0.jar:/home/user/.m2/repository/com/google/inject/extensions/guice-servlet/4.0/guice-servlet-4.0.jar:/home/user/.m2/repository/org/glassfish/jersey/containers/jersey-container-servlet/2.27/jersey-container-servlet-2.27.jar:/home/user/.m2/repository/org/glassfish/hk2/guice-bridge/2.5.0/guice-bridge-2.5.0.jar:/home/user/.m2/repository/org/glassfish/jersey/core/jersey-server/2.27/jersey-server-2.27.jar:/home/user/.m2/repository/org/glassfish/jersey/core/jersey-client/2.27/jersey-client-2.27.jar:/home/user/.m2/repository/org/glassfish/jersey/media/jersey-media-jaxb/2.27/jersey-media-jaxb-2.27.jar:/home/user/.m2/repository/javax/validation/validation-api/1.1.0.Final/validation-api-1.1.0.Final.jar:/home/user/.m2/repository/org/glassfish/jersey/media/jersey-media-json-jackson/2.27/jersey-media-json-jackson-2.27.jar:/home/user/.m2/repository/org/glassfish/jersey/ext/jersey-entity-filtering/2.27/jersey-entity-filtering-2.27.jar:/home/user/.m2/repository/org/jooq/jooq/3.11.10/jooq-3.11.10.jar:/home/user/.m2/repository/org/jooq/jooq-meta/3.11.10/jooq-meta-3.11.10.jar:/home/user/.m2/repository/org/jooq/jooq-codegen/3.11.10/jooq-codegen-3.11.10.jar:/home/user/.m2/repository/com/jolbox/bonecp/0.8.0.RELEASE/bonecp-0.8.0.RELEASE.jar:/home/user/.m2/repository/org/apache/derby/derby/10.14.2.0/derby-10.14.2.0.jar:/home/user/.m2/repository/org/xerial/sqlite-jdbc/3.25.2/sqlite-jdbc-3.25.2.jar:/home/user/.m2/repository/org/springframework/spring-jdbc/5.2.5.RELEASE/spring-jdbc-5.2.5.RELEASE.jar:/home/user/.m2/repository/org/springframework/spring-beans/5.2.5.RELEASE/spring-beans-5.2.5.RELEASE.jar:/home/user/.m2/repository/org/springframework/spring-core/5.2.5.RELEASE/spring-core-5.2.5.RELEASE.jar:/home/user/.m2/repository/org/springframework/spring-jcl/5.2.5.RELEASE/spring-jcl-5.2.5.RELEASE.jar:/home/user/.m2/repository/org/springframework/spring-tx/5.2.5.RELEASE/spring-tx-5.2.5.RELEASE.jar:/home/user/.m2/repository/org/apache/hadoop/hadoop-ozone-client/0.6.0-SNAPSHOT/hadoop-ozone-client-0.6.0-SNAPSHOT.jar:/home/user/.m2/repository/org/apache/hadoop/hadoop-ozone-filesystem/0.6.0-SNAPSHOT/hadoop-ozone-filesystem-0.6.0-SNAPSHOT.jar:/home/user/.m2/repository/org/apache/hadoop/hadoop-ozone-filesystem-common/0.6.0-SNAPSHOT/hadoop-ozone-filesystem-common-0.6.0-SNAPSHOT.jar:/home/user/.m2/repository/org/apache/hadoop/hadoop-ozone-tools/0.6.0-SNAPSHOT/hadoop-ozone-tools-0.6.0-SNAPSHOT.jar:/home/user/.m2/repository/org/apache/hadoop/hadoop-hdfs/3.2.1/hadoop-hdfs-3.2.1.jar:/home/user/.m2/repository/org/apache/ratis/ratis-tools/0.6.0-6ab75ae-SNAPSHOT/ratis-tools-0.6.0-6ab75ae-SNAPSHOT.jar:/home/user/.m2/repository/org/apache/ratis/ratis-proto/0.6.0-6ab75ae-SNAPSHOT/ratis-proto-0.6.0-6ab75ae-SNAPSHOT.jar:/home/user/.m2/repository/org/apache/ratis/ratis-common/0.6.0-6ab75ae-SNAPSHOT/ratis-common-0.6.0-6ab75ae-SNAPSHOT.jar:/home/user/.m2/repository/com/amazonaws/aws-java-sdk-core/1.11.615/aws-java-sdk-core-1.11.615.jar:/home/user/.m2/repository/org/apache/httpcomponents/httpclient/4.5.2/httpclient-4.5.2.jar:/home/user/.m2/repository/org/apache/httpcomponents/httpcore/4.4.4/httpcore-4.4.4.jar:/home/user/.m2/repository/software/amazon/ion/ion-java/1.0.2/ion-java-1.0.2.jar:/home/user/.m2/repository/com/fasterxml/jackson/dataformat/jackson-dataformat-cbor/2.10.3/jackson-dataformat-cbor-2.10.3.jar:/home/user/.m2/repository/joda-time/joda-time/2.8.1/joda-time-2.8.1.jar:/home/user/.m2/repository/com/amazonaws/aws-java-sdk-s3/1.11.615/aws-java-sdk-s3-1.11.615.jar:/home/user/.m2/repository/com/amazonaws/aws-java-sdk-kms/1.11.615/aws-java-sdk-kms-1.11.615.jar:/home/user/.m2/repository/com/amazonaws/jmespath-java/1.11.615/jmespath-java-1.11.615.jar:/home/user/.m2/repository/org/apache/hadoop/hadoop-hdds-tools/0.6.0-SNAPSHOT/hadoop-hdds-tools-0.6.0-SNAPSHOT.jar:/home/user/.m2/repository/commons-cli/commons-cli/1.2/commons-cli-1.2.jar:/home/user/.m2/repository/org/apache/commons/commons-lang3/3.7/commons-lang3-3.7.jar:/home/user/.m2/repository/org/apache/hadoop/hadoop-ozone-ozone-manager/0.6.0-SNAPSHOT/hadoop-ozone-ozone-manager-0.6.0-SNAPSHOT-tests.jar:/home/user/.m2/repository/junit/junit/4.11/junit-4.11.jar:/home/user/.m2/repository/org/hamcrest/hamcrest-core/1.3/hamcrest-core-1.3.jar:/home/user/.m2/repository/org/openjdk/jmh/jmh-core/1.19/jmh-core-1.19.jar:/home/user/.m2/repository/net/sf/jopt-simple/jopt-simple/4.6/jopt-simple-4.6.jar:/home/user/.m2/repository/org/apache/commons/commons-math3/3.1.1/commons-math3-3.1.1.jar:/home/user/.m2/repository/org/openjdk/jmh/jmh-generator-annprocess/1.19/jmh-generator-annprocess-1.19.jar:/home/user/.m2/repository/org/mockito/mockito-all/1.8.5/mockito-all-1.8.5.jar:/home/user/.m2/repository/org/apache/hadoop/hadoop-kms/3.2.1/hadoop-kms-3.2.1.jar:/home/user/.m2/repository/org/apache/hadoop/hadoop-auth/3.2.1/hadoop-auth-3.2.1.jar:/home/user/.m2/repository/com/nimbusds/nimbus-jose-jwt/7.9/nimbus-jose-jwt-7.9.jar:/home/user/.m2/repository/com/github/stephenc/jcip/jcip-annotations/1.0-1/jcip-annotations-1.0-1.jar:/home/user/.m2/repository/net/minidev/json-smart/2.3/json-smart-2.3.jar:/home/user/.m2/repository/net/minidev/accessors-smart/1.2/accessors-smart-1.2.jar:/home/user/.m2/repository/org/ow2/asm/asm/5.0.4/asm-5.0.4.jar:/home/user/.m2/repository/org/apache/zookeeper/zookeeper/3.4.13/zookeeper-3.4.13.jar:/home/user/.m2/repository/org/apache/yetus/audience-annotations/0.5.0/audience-annotations-0.5.0.jar:/home/user/.m2/repository/org/apache/curator/curator-framework/2.13.0/curator-framework-2.13.0.jar:/home/user/.m2/repository/com/sun/jersey/jersey-core/1.19/jersey-core-1.19.jar:/home/user/.m2/repository/javax/ws/rs/jsr311-api/1.1.1/jsr311-api-1.1.1.jar:/home/user/.m2/repository/com/sun/jersey/jersey-server/1.19/jersey-server-1.19.jar:/home/user/.m2/repository/javax/servlet/javax.servlet-api/3.1.0/javax.servlet-api-3.1.0.jar:/home/user/.m2/repository/org/eclipse/jetty/jetty-server/9.4.26.v20200117/jetty-server-9.4.26.v20200117.jar:/home/user/.m2/repository/org/eclipse/jetty/jetty-http/9.4.26.v20200117/jetty-http-9.4.26.v20200117.jar:/home/user/.m2/repository/org/eclipse/jetty/jetty-io/9.4.26.v20200117/jetty-io-9.4.26.v20200117.jar:/home/user/.m2/repository/org/eclipse/jetty/jetty-webapp/9.4.26.v20200117/jetty-webapp-9.4.26.v20200117.jar:/home/user/.m2/repository/org/eclipse/jetty/jetty-xml/9.4.26.v20200117/jetty-xml-9.4.26.v20200117.jar:/home/user/.m2/repository/org/eclipse/jetty/jetty-servlet/9.4.26.v20200117/jetty-servlet-9.4.26.v20200117.jar:/home/user/.m2/repository/org/eclipse/jetty/jetty-security/9.4.26.v20200117/jetty-security-9.4.26.v20200117.jar:/home/user/.m2/repository/org/apache/hadoop/hadoop-common/3.2.1/hadoop-common-3.2.1.jar:/home/user/.m2/repository/commons-net/commons-net/3.6/commons-net-3.6.jar:/home/user/.m2/repository/commons-collections/commons-collections/3.2.2/commons-collections-3.2.2.jar:/home/user/.m2/repository/com/sun/jersey/jersey-servlet/1.19/jersey-servlet-1.19.jar:/home/user/.m2/repository/com/sun/jersey/jersey-json/1.19/jersey-json-1.19.jar:/home/user/.m2/repository/org/codehaus/jettison/jettison/1.1/jettison-1.1.jar:/home/user/.m2/repository/org/codehaus/jackson/jackson-jaxrs/1.9.2/jackson-jaxrs-1.9.2.jar:/home/user/.m2/repository/org/codehaus/jackson/jackson-xc/1.9.2/jackson-xc-1.9.2.jar:/home/user/.m2/repository/commons-beanutils/commons-beanutils/1.9.4/commons-beanutils-1.9.4.jar:/home/user/.m2/repository/org/apache/commons/commons-configuration2/2.1.1/commons-configuration2-2.1.1.jar:/home/user/.m2/repository/org/apache/commons/commons-text/1.4/commons-text-1.4.jar:/home/user/.m2/repository/com/google/re2j/re2j/1.1/re2j-1.1.jar:/home/user/.m2/repository/com/jcraft/jsch/0.1.54/jsch-0.1.54.jar:/home/user/.m2/repository/org/apache/curator/curator-client/2.13.0/curator-client-2.13.0.jar:/home/user/.m2/repository/org/apache/curator/curator-recipes/2.13.0/curator-recipes-2.13.0.jar:/home/user/.m2/repository/dnsjava/dnsjava/2.1.7/dnsjava-2.1.7.jar:/home/user/.m2/repository/org/slf4j/jul-to-slf4j/1.7.25/jul-to-slf4j-1.7.25.jar:/home/user/.m2/repository/org/eclipse/jetty/jetty-util/9.4.26.v20200117/jetty-util-9.4.26.v20200117.jar:/home/user/.m2/repository/com/fasterxml/jackson/core/jackson-databind/2.10.3/jackson-databind-2.10.3.jar:/home/user/.m2/repository/org/apache/hadoop/hadoop-kms/3.2.1/hadoop-kms-3.2.1-tests.jar:/home/user/.m2/repository/org/apache/hadoop/hadoop-hdds-server-scm/0.6.0-SNAPSHOT/hadoop-hdds-server-scm-0.6.0-SNAPSHOT-tests.jar:/home/user/.m2/repository/org/apache/hadoop/hadoop-hdds-container-service/0.6.0-SNAPSHOT/hadoop-hdds-container-service-0.6.0-SNAPSHOT-tests.jar:/home/user/.m2/repository/org/apache/hadoop/hadoop-hdds-common/0.6.0-SNAPSHOT/hadoop-hdds-common-0.6.0-SNAPSHOT-tests.jar:/home/user/.m2/repository/org/yaml/snakeyaml/1.16/snakeyaml-1.16.jar:/home/user/.m2/repository/org/apache/hadoop/hadoop-hdds-hadoop-dependency-test/0.6.0-SNAPSHOT/hadoop-hdds-hadoop-dependency-test-0.6.0-SNAPSHOT.jar:/home/user/.m2/repository/org/apache/hadoop/hadoop-common/3.2.1/hadoop-common-3.2.1-tests.jar:/home/user/.m2/repository/javax/servlet/jsp/jsp-api/2.1/jsp-api-2.1.jar:/home/user/.m2/repository/org/apache/hadoop/hadoop-hdfs/3.2.1/hadoop-hdfs-3.2.1-tests.jar:/home/user/.m2/repository/org/eclipse/jetty/jetty-util-ajax/9.4.26.v20200117/jetty-util-ajax-9.4.26.v20200117.jar:/home/user/.m2/repository/commons-codec/commons-codec/1.11/commons-codec-1.11.jar:/home/user/.m2/repository/commons-daemon/commons-daemon/1.0.13/commons-daemon-1.0.13.jar:/home/user/.m2/repository/io/netty/netty/3.10.5.Final/netty-3.10.5.Final.jar:/home/user/.m2/repository/io/netty/netty-all/4.1.48.Final/netty-all-4.1.48.Final.jar:/home/user/.m2/repository/org/apache/htrace/htrace-core4/4.1.0-incubating/htrace-core4-4.1.0-incubating.jar:/home/user/.m2/repository/org/fusesource/leveldbjni/leveldbjni-all/1.8/leveldbjni-all-1.8.jar:/home/user/.m2/repository/org/apache/hadoop/hadoop-distcp/3.2.1/hadoop-distcp-3.2.1.jar:/home/user/.m2/repository/org/apache/hadoop/hadoop-mapreduce-client-jobclient/3.2.1/hadoop-mapreduce-client-jobclient-3.2.1.jar:/home/user/.m2/repository/org/apache/hadoop/hadoop-mapreduce-client-common/3.2.1/hadoop-mapreduce-client-common-3.2.1.jar:/home/user/.m2/repository/org/apache/hadoop/hadoop-yarn-common/3.2.1/hadoop-yarn-common-3.2.1.jar:/home/user/.m2/repository/org/apache/hadoop/hadoop-yarn-api/3.2.1/hadoop-yarn-api-3.2.1.jar:/home/user/.m2/repository/com/sun/jersey/jersey-client/1.19/jersey-client-1.19.jar:/home/user/.m2/repository/com/sun/jersey/contribs/jersey-guice/1.19/jersey-guice-1.19.jar:/home/user/.m2/repository/com/fasterxml/jackson/jaxrs/jackson-jaxrs-json-provider/2.10.3/jackson-jaxrs-json-provider-2.10.3.jar:/home/user/.m2/repository/com/fasterxml/jackson/jaxrs/jackson-jaxrs-base/2.10.3/jackson-jaxrs-base-2.10.3.jar:/home/user/.m2/repository/org/apache/hadoop/hadoop-yarn-client/3.2.1/hadoop-yarn-client-3.2.1.jar:/home/user/.m2/repository/org/apache/hadoop/hadoop-mapreduce-client-core/3.2.1/hadoop-mapreduce-client-core-3.2.1.jar:/home/user/.m2/repository/org/apache/avro/avro/1.7.7/avro-1.7.7.jar:/home/user/.m2/repository/org/codehaus/jackson/jackson-core-asl/1.9.13/jackson-core-asl-1.9.13.jar:/home/user/.m2/repository/org/codehaus/jackson/jackson-mapper-asl/1.9.13/jackson-mapper-asl-1.9.13.jar:/home/user/.m2/repository/com/thoughtworks/paranamer/paranamer/2.3/paranamer-2.3.jar:/home/user/.m2/repository/org/xerial/snappy/snappy-java/1.0.5/snappy-java-1.0.5.jar:/home/user/.m2/repository/org/apache/hadoop/hadoop-annotations/3.2.1/hadoop-annotations-3.2.1.jar:/usr/lib/jvm/java-1.8.0-openjdk-1.8.0.232.b09-0.el7_7.x86_64/jre/../lib/tools.jar:/home/user/.m2/repository/org/apache/hadoop/hadoop-distcp/3.2.1/hadoop-distcp-3.2.1-tests.jar:"/>
    <property name="sun.cpu.endian" value="little"/>
    <property name="user.home" value="/home/user"/>
    <property name="user.language" value="en"/>
    <property name="java.specification.vendor" value="Oracle Corporation"/>
    <property name="java.home" value="/usr/lib/jvm/java-1.8.0-openjdk-1.8.0.232.b09-0.el7_7.x86_64/jre"/>
    <property name="java.security.krb5.conf" value="/github/workspace/mnt/ozone/hadoop-ozone/integration-test/target/test-classes/krb5.conf"/>
    <property name="basedir" value="/github/workspace/mnt/ozone/hadoop-ozone/integration-test"/>
    <property name="file.separator" value="/"/>
    <property name="line.separator" value="&#10;"/>
    <property name="java.vm.specification.vendor" value="Oracle Corporation"/>
    <property name="java.specification.name" value="Java Platform API Specification"/>
    <property name="java.awt.graphicsenv" value="sun.awt.X11GraphicsEnvironment"/>
    <property name="skip.installnpx" value="true"/>
    <property name="surefire.real.class.path" value="/github/workspace/mnt/ozone/hadoop-ozone/integration-test/target/surefire/surefirebooter7519006113651471632.jar:/home/user/.m2/repository/org/jacoco/org.jacoco.agent/0.8.5/org.jacoco.agent-0.8.5-runtime.jar"/>
    <property name="hadoop.log.dir" value="/github/workspace/mnt/ozone/hadoop-ozone/integration-test/target/log"/>
    <property name="sun.boot.class.path" value="/usr/lib/jvm/java-1.8.0-openjdk-1.8.0.232.b09-0.el7_7.x86_64/jre/lib/resources.jar:/usr/lib/jvm/java-1.8.0-openjdk-1.8.0.232.b09-0.el7_7.x86_64/jre/lib/rt.jar:/usr/lib/jvm/java-1.8.0-openjdk-1.8.0.232.b09-0.el7_7.x86_64/jre/lib/sunrsasign.jar:/usr/lib/jvm/java-1.8.0-openjdk-1.8.0.232.b09-0.el7_7.x86_64/jre/lib/jsse.jar:/usr/lib/jvm/java-1.8.0-openjdk-1.8.0.232.b09-0.el7_7.x86_64/jre/lib/jce.jar:/usr/lib/jvm/java-1.8.0-openjdk-1.8.0.232.b09-0.el7_7.x86_64/jre/lib/charsets.jar:/usr/lib/jvm/java-1.8.0-openjdk-1.8.0.232.b09-0.el7_7.x86_64/jre/lib/jfr.jar:/usr/lib/jvm/java-1.8.0-openjdk-1.8.0.232.b09-0.el7_7.x86_64/jre/classes"/>
    <property name="sun.management.compiler" value="HotSpot 64-Bit Tiered Compilers"/>
    <property name="skip.npx" value="true"/>
    <property name="java.runtime.version" value="1.8.0_232-b09"/>
    <property name="java.net.preferIPv4Stack" value="true"/>
    <property name="user.name" value="jenkins1001"/>
    <property name="path.separator" value=":"/>
    <property name="java.security.egd" value="file:///dev/urandom"/>
    <property name="os.version" value="5.3.0-1028-azure"/>
    <property name="java.endorsed.dirs" value="/usr/lib/jvm/java-1.8.0-openjdk-1.8.0.232.b09-0.el7_7.x86_64/jre/lib/endorsed"/>
    <property name="java.runtime.name" value="OpenJDK Runtime Environment"/>
    <property name="file.encoding" value="ANSI_X3.4-1968"/>
    <property name="java.vm.name" value="OpenJDK 64-Bit Server VM"/>
    <property name="test.build.webapps" value=""/>
    <property name="localRepository" value="/home/user/.m2/repository"/>
    <property name="java.vendor.url.bug" value="http://bugreport.sun.com/bugreport/"/>
    <property name="java.io.tmpdir" value="/tmp"/>
    <property name="require.test.libhadoop" value=""/>
    <property name="java.version" value="1.8.0_232"/>
    <property name="user.dir" value="/github/workspace/mnt/ozone/hadoop-ozone/integration-test"/>
    <property name="os.arch" value="amd64"/>
    <property name="java.vm.specification.name" value="Java Virtual Machine Specification"/>
    <property name="test.build.classes" value="/github/workspace/mnt/ozone/hadoop-ozone/integration-test/target/test-classes"/>
    <property name="java.awt.printerjob" value="sun.print.PSPrinterJob"/>
    <property name="sun.os.patch.level" value="unknown"/>
    <property name="hadoop.tmp.dir" value="/github/workspace/mnt/ozone/hadoop-ozone/integration-test/target/tmp"/>
    <property name="java.library.path" value="/usr/lib:/usr/java/packages/lib/amd64:/usr/lib64:/lib64:/lib:/usr/lib"/>
    <property name="java.vm.info" value="mixed mode"/>
    <property name="java.vendor" value="Oracle Corporation"/>
    <property name="java.vm.version" value="25.232-b09"/>
    <property name="java.ext.dirs" value="/usr/lib/jvm/java-1.8.0-openjdk-1.8.0.232.b09-0.el7_7.x86_64/jre/lib/ext:/usr/java/packages/lib/ext"/>
    <property name="sun.io.unicode.encoding" value="UnicodeLittle"/>
    <property name="java.class.version" value="52.0"/>
  </properties>
  <testcase name="test2DatanodesFailure" classname="org.apache.hadoop.ozone.client.rpc.TestBlockOutputStreamWithFailuresFlushDelay" time="51.106">
    <failure message="expected:&lt;500&gt; but was:&lt;400&gt;" type="java.lang.AssertionError"><![CDATA[java.lang.AssertionError: expected:<500> but was:<400>
	at org.junit.Assert.fail(Assert.java:88)
	at org.junit.Assert.failNotEquals(Assert.java:743)
	at org.junit.Assert.assertEquals(Assert.java:118)
	at org.junit.Assert.assertEquals(Assert.java:555)
	at org.junit.Assert.assertEquals(Assert.java:542)
	at org.apache.hadoop.ozone.client.rpc.TestBlockOutputStreamWithFailuresFlushDelay.test2DatanodesFailure(TestBlockOutputStreamWithFailuresFlushDelay.java:354)
	at sun.reflect.NativeMethodAccessorImpl.invoke0(Native Method)
	at sun.reflect.NativeMethodAccessorImpl.invoke(NativeMethodAccessorImpl.java:62)
	at sun.reflect.DelegatingMethodAccessorImpl.invoke(DelegatingMethodAccessorImpl.java:43)
	at java.lang.reflect.Method.invoke(Method.java:498)
	at org.junit.runners.model.FrameworkMethod$1.runReflectiveCall(FrameworkMethod.java:47)
	at org.junit.internal.runners.model.ReflectiveCallable.run(ReflectiveCallable.java:12)
	at org.junit.runners.model.FrameworkMethod.invokeExplosively(FrameworkMethod.java:44)
	at org.junit.internal.runners.statements.InvokeMethod.evaluate(InvokeMethod.java:17)
	at org.junit.internal.runners.statements.RunBefores.evaluate(RunBefores.java:26)
	at org.junit.internal.runners.statements.RunAfters.evaluate(RunAfters.java:27)
	at org.junit.internal.runners.statements.FailOnTimeout$StatementThread.run(FailOnTimeout.java:74)
]]></failure>
    <system-out><![CDATA[2020-06-27 08:27:39,486 [Thread-1] WARN  server.ServerUtils (ServerUtils.java:getScmDbDir(148)) - ozone.scm.db.dirs is not configured. We recommend adding this setting. Falling back to ozone.metadata.dirs instead.
2020-06-27 08:27:39,592 [Thread-1] WARN  server.ServerUtils (ServerUtils.java:getScmDbDir(148)) - ozone.scm.db.dirs is not configured. We recommend adding this setting. Falling back to ozone.metadata.dirs instead.
2020-06-27 08:27:39,742 [Thread-1] WARN  db.DBStoreBuilder (DBStoreBuilder.java:createDBStoreBuilder(277)) - ozone.scm.db.dirs is not configured. We recommend adding this setting. Falling back to ozone.metadata.dirs instead.
2020-06-27 08:27:39,869 [Thread-1] INFO  net.NodeSchemaLoader (NodeSchemaLoader.java:loadSchemaFromFile(126)) - Loading file from sun.misc.CompoundEnumeration@29866ade
2020-06-27 08:27:39,870 [Thread-1] INFO  net.NodeSchemaLoader (NodeSchemaLoader.java:loadSchema(172)) - Loading network topology layer schema file
2020-06-27 08:27:39,941 [Thread-1] WARN  server.ServerUtils (ServerUtils.java:sanitizeUserArgs(67)) - ozone.scm.dead.node.interval value = 10000 is smaller than min = 20000 based on the key value of ozone.scm.stale.node.interval, reset to the min value 20000.
2020-06-27 08:27:39,945 [Thread-1] INFO  node.SCMNodeManager (SCMNodeManager.java:<init>(116)) - Entering startup safe mode.
2020-06-27 08:27:40,111 [Thread-1] INFO  algorithms.ContainerPlacementPolicyFactory (ContainerPlacementPolicyFactory.java:getPolicy(60)) - Create container placement policy of type org.apache.hadoop.hdds.scm.container.placement.algorithms.SCMContainerPlacementRandom
2020-06-27 08:27:40,153 [Thread-1] INFO  pipeline.SCMPipelineManager (SCMPipelineManager.java:initializePipelineState(158)) - No pipeline exists in current db
2020-06-27 08:27:40,261 [Thread-1] INFO  safemode.HealthyPipelineSafeModeRule (HealthyPipelineSafeModeRule.java:<init>(89)) - Total pipeline count is 0, healthy pipeline threshold count is 0
2020-06-27 08:27:40,267 [Thread-1] INFO  safemode.OneReplicaPipelineSafeModeRule (OneReplicaPipelineSafeModeRule.java:<init>(79)) - Total pipeline count is 0, pipeline's with at least one datanode reported threshold count is 0
2020-06-27 08:27:40,317 [RatisPipelineUtilsThread] ERROR pipeline.SCMPipelineManager (SCMPipelineManager.java:createPipeline(222)) - Failed to create pipeline of type RATIS and factor ONE. Exception: Cannot create pipeline of factor 1 using 0 nodes. Used 0 nodes. Healthy nodes 0
2020-06-27 08:27:40,707 [Thread-1] INFO  ipc.CallQueueManager (CallQueueManager.java:<init>(84)) - Using callQueue: class java.util.concurrent.LinkedBlockingQueue, queueCapacity: 2000, scheduler: class org.apache.hadoop.ipc.DefaultRpcScheduler, ipcBackoff: false.
2020-06-27 08:27:40,732 [Socket Reader #1 for port 0] INFO  ipc.Server (Server.java:run(1219)) - Starting Socket Reader #1 for port 0
2020-06-27 08:27:40,763 [Listener at 0.0.0.0/36417] INFO  ipc.CallQueueManager (CallQueueManager.java:<init>(84)) - Using callQueue: class java.util.concurrent.LinkedBlockingQueue, queueCapacity: 2000, scheduler: class org.apache.hadoop.ipc.DefaultRpcScheduler, ipcBackoff: false.
2020-06-27 08:27:40,764 [Socket Reader #1 for port 0] INFO  ipc.Server (Server.java:run(1219)) - Starting Socket Reader #1 for port 0
2020-06-27 08:27:40,777 [Listener at 0.0.0.0/45733] INFO  ipc.CallQueueManager (CallQueueManager.java:<init>(84)) - Using callQueue: class java.util.concurrent.LinkedBlockingQueue, queueCapacity: 2000, scheduler: class org.apache.hadoop.ipc.DefaultRpcScheduler, ipcBackoff: false.
2020-06-27 08:27:40,777 [Socket Reader #1 for port 0] INFO  ipc.Server (Server.java:run(1219)) - Starting Socket Reader #1 for port 0
2020-06-27 08:27:40,795 [Listener at 0.0.0.0/33215] INFO  http.BaseHttpServer (BaseHttpServer.java:newHttpServer2BuilderForOzone(207)) - Starting Web-server for scm at: http://0.0.0.0:0
2020-06-27 08:27:40,795 [Listener at 0.0.0.0/33215] INFO  http.BaseHttpServer (BaseHttpServer.java:<init>(106)) - Hadoop Security Enabled: false Ozone Security Enabled: false Ozone HTTP Security Enabled: false 
2020-06-27 08:27:40,820 [Listener at 0.0.0.0/33215] INFO  util.log (Log.java:initialized(169)) - Logging initialized @2374ms to org.eclipse.jetty.util.log.Slf4jLog
2020-06-27 08:27:40,935 [Listener at 0.0.0.0/33215] INFO  server.AuthenticationFilter (AuthenticationFilter.java:constructSecretProvider(240)) - Unable to initialize FileSignerSecretProvider, falling back to use random secrets.
2020-06-27 08:27:40,950 [Listener at 0.0.0.0/33215] WARN  http.HttpRequestLog (HttpRequestLog.java:getRequestLog(103)) - Jetty request log can only be enabled using Log4j
2020-06-27 08:27:40,956 [Listener at 0.0.0.0/33215] INFO  http.HttpServer2 (HttpServer2.java:addGlobalFilter(997)) - Added global filter 'safety' (class=org.apache.hadoop.hdds.server.http.HttpServer2$QuotingInputFilter)
2020-06-27 08:27:40,958 [Listener at 0.0.0.0/33215] INFO  http.HttpServer2 (HttpServer2.java:addFilter(973)) - Added filter static_user_filter (class=org.apache.hadoop.http.lib.StaticUserWebFilter$StaticUserFilter) to context scm
2020-06-27 08:27:40,958 [Listener at 0.0.0.0/33215] INFO  http.HttpServer2 (HttpServer2.java:addFilter(981)) - Added filter static_user_filter (class=org.apache.hadoop.http.lib.StaticUserWebFilter$StaticUserFilter) to context static
2020-06-27 08:27:40,958 [Listener at 0.0.0.0/33215] INFO  http.HttpServer2 (HttpServer2.java:addFilter(981)) - Added filter static_user_filter (class=org.apache.hadoop.http.lib.StaticUserWebFilter$StaticUserFilter) to context logs
2020-06-27 08:27:41,003 [Listener at 0.0.0.0/33215] INFO  server.StorageContainerManager (StorageContainerManager.java:start(782)) - StorageContainerLocationProtocol RPC server is listening at /0.0.0.0:33215
2020-06-27 08:27:41,054 [Listener at 0.0.0.0/33215] WARN  impl.MetricsConfig (MetricsConfig.java:loadFirst(134)) - Cannot locate configuration: tried hadoop-metrics2-storagecontainermanager.properties,hadoop-metrics2.properties
2020-06-27 08:27:41,074 [Listener at 0.0.0.0/33215] INFO  impl.MetricsSystemImpl (MetricsSystemImpl.java:startTimer(374)) - Scheduled Metric snapshot period at 10 second(s).
2020-06-27 08:27:41,074 [Listener at 0.0.0.0/33215] INFO  impl.MetricsSystemImpl (MetricsSystemImpl.java:start(191)) - StorageContainerManager metrics system started
2020-06-27 08:27:41,299 [Listener at 0.0.0.0/33215] INFO  server.SCMClientProtocolServer (SCMClientProtocolServer.java:start(156)) - RPC server for Client  is listening at /0.0.0.0:33215
2020-06-27 08:27:41,299 [IPC Server Responder] INFO  ipc.Server (Server.java:run(1460)) - IPC Server Responder: starting
2020-06-27 08:27:41,301 [IPC Server listener on 0] INFO  ipc.Server (Server.java:run(1298)) - IPC Server listener on 0: starting
2020-06-27 08:27:41,309 [Listener at 0.0.0.0/33215] INFO  server.StorageContainerManager (StorageContainerManager.java:start(794)) - ScmBlockLocationProtocol RPC server is listening at /0.0.0.0:45733
2020-06-27 08:27:41,310 [Listener at 0.0.0.0/33215] INFO  server.SCMBlockProtocolServer (SCMBlockProtocolServer.java:start(149)) - RPC server for Block Protocol is listening at /0.0.0.0:45733
2020-06-27 08:27:41,311 [IPC Server Responder] INFO  ipc.Server (Server.java:run(1460)) - IPC Server Responder: starting
2020-06-27 08:27:41,311 [IPC Server listener on 0] INFO  ipc.Server (Server.java:run(1298)) - IPC Server listener on 0: starting
2020-06-27 08:27:41,314 [Listener at 0.0.0.0/33215] INFO  server.StorageContainerManager (StorageContainerManager.java:start(800)) - ScmDatanodeProtocl RPC server is listening at /0.0.0.0:36417
2020-06-27 08:27:41,315 [Listener at 0.0.0.0/33215] INFO  server.SCMDatanodeProtocolServer (SCMDatanodeProtocolServer.java:start(172)) - RPC server for DataNodes is listening at /0.0.0.0:36417
2020-06-27 08:27:41,315 [IPC Server Responder] INFO  ipc.Server (Server.java:run(1460)) - IPC Server Responder: starting
2020-06-27 08:27:41,316 [IPC Server listener on 0] INFO  ipc.Server (Server.java:run(1298)) - IPC Server listener on 0: starting
2020-06-27 08:27:41,319 [Listener at 0.0.0.0/33215] INFO  http.HttpServer2 (HttpServer2.java:bindListener(1215)) - Jetty bound to port 32777
2020-06-27 08:27:41,321 [Listener at 0.0.0.0/33215] INFO  server.Server (Server.java:doStart(359)) - jetty-9.4.26.v20200117; built: 2020-01-17T12:35:33.676Z; git: 7b38981d25d14afb4a12ff1f2596756144edf695; jvm 1.8.0_232-b09
2020-06-27 08:27:41,353 [Listener at 0.0.0.0/33215] INFO  server.session (DefaultSessionIdManager.java:doStart(333)) - DefaultSessionIdManager workerName=node0
2020-06-27 08:27:41,353 [Listener at 0.0.0.0/33215] INFO  server.session (DefaultSessionIdManager.java:doStart(338)) - No SessionScavenger set, using defaults
2020-06-27 08:27:41,355 [Listener at 0.0.0.0/33215] INFO  server.session (HouseKeeper.java:startScavenging(140)) - node0 Scavenging every 660000ms
2020-06-27 08:27:41,367 [Listener at 0.0.0.0/33215] INFO  handler.ContextHandler (ContextHandler.java:doStart(825)) - Started o.e.j.s.ServletContextHandler@241a8fc{logs,/logs,file:///github/workspace/mnt/ozone/hadoop-ozone/integration-test/target/log,AVAILABLE}
2020-06-27 08:27:41,369 [Listener at 0.0.0.0/33215] INFO  handler.ContextHandler (ContextHandler.java:doStart(825)) - Started o.e.j.s.ServletContextHandler@58003abb{static,/static,file:///github/workspace/mnt/ozone/hadoop-ozone/integration-test/target/test-classes/webapps/static,AVAILABLE}
2020-06-27 08:27:41,407 [Listener at 0.0.0.0/33215] INFO  handler.ContextHandler (ContextHandler.java:doStart(825)) - Started o.e.j.w.WebAppContext@1eb8088c{scm,/,file:///github/workspace/mnt/ozone/hadoop-ozone/integration-test/target/test-classes/webapps/scm/,AVAILABLE}{file:/github/workspace/mnt/ozone/hadoop-ozone/integration-test/target/test-classes/webapps/scm}
2020-06-27 08:27:41,414 [Listener at 0.0.0.0/33215] INFO  server.AbstractConnector (AbstractConnector.java:doStart(330)) - Started ServerConnector@14d86726{HTTP/1.1,[http/1.1]}{0.0.0.0:32777}
2020-06-27 08:27:41,414 [Listener at 0.0.0.0/33215] INFO  server.Server (Server.java:doStart(399)) - Started @2968ms
2020-06-27 08:27:41,416 [Listener at 0.0.0.0/33215] INFO  impl.MetricsSinkAdapter (MetricsSinkAdapter.java:start(204)) - Sink prometheus started
2020-06-27 08:27:41,416 [Listener at 0.0.0.0/33215] INFO  impl.MetricsSystemImpl (MetricsSystemImpl.java:registerSink(301)) - Registered sink prometheus
2020-06-27 08:27:41,420 [Listener at 0.0.0.0/33215] INFO  http.BaseHttpServer (BaseHttpServer.java:updateConnectorAddress(327)) - HTTP server of scm listening at http://0.0.0.0:32777
2020-06-27 08:27:41,428 [Listener at 0.0.0.0/33215] WARN  server.ServerUtils (ServerUtils.java:getDBPath(225)) - ozone.om.db.dirs is not configured. We recommend adding this setting. Falling back to ozone.metadata.dirs instead.
2020-06-27 08:27:41,436 [org.apache.hadoop.util.JvmPauseMonitor$Monitor@349cd6ff] INFO  util.JvmPauseMonitor (JvmPauseMonitor.java:run(188)) - Starting JVM pause monitor
2020-06-27 08:27:41,523 [Listener at 0.0.0.0/33215] INFO  ha.OMHANodeDetails (OMHANodeDetails.java:loadOMHAConfig(104)) - ozone.om.internal.service.id is not defined, falling back to ozone.om.service.ids to find serviceID for OzoneManager if it is HA enabled cluster
2020-06-27 08:27:41,525 [Listener at 0.0.0.0/33215] INFO  ha.OMHANodeDetails (OMHANodeDetails.java:loadOMHAConfig(213)) - Configuration either no ozone.om.address set. Falling back to the default OM address /127.0.0.1:0
2020-06-27 08:27:41,525 [Listener at 0.0.0.0/33215] INFO  ha.OMHANodeDetails (OMHANodeDetails.java:getOMNodeDetails(241)) - OM Service ID is not set. Setting it to the default ID: omServiceIdDefault
2020-06-27 08:27:41,527 [Listener at 0.0.0.0/33215] WARN  server.ServerUtils (ServerUtils.java:getDBPath(225)) - ozone.om.db.dirs is not configured. We recommend adding this setting. Falling back to ozone.metadata.dirs instead.
2020-06-27 08:27:41,528 [Listener at 0.0.0.0/33215] WARN  server.ServerUtils (ServerUtils.java:getDBPath(225)) - ozone.om.db.dirs is not configured. We recommend adding this setting. Falling back to ozone.metadata.dirs instead.
2020-06-27 08:27:42,278 [Listener at 0.0.0.0/33215] WARN  server.ServerUtils (ServerUtils.java:getDBPath(225)) - ozone.om.db.dirs is not configured. We recommend adding this setting. Falling back to ozone.metadata.dirs instead.
2020-06-27 08:27:42,414 [Listener at 0.0.0.0/33215] INFO  ipc.CallQueueManager (CallQueueManager.java:<init>(84)) - Using callQueue: class java.util.concurrent.LinkedBlockingQueue, queueCapacity: 2000, scheduler: class org.apache.hadoop.ipc.DefaultRpcScheduler, ipcBackoff: false.
2020-06-27 08:27:42,415 [Socket Reader #1 for port 0] INFO  ipc.Server (Server.java:run(1219)) - Starting Socket Reader #1 for port 0
2020-06-27 08:27:42,443 [Listener at 127.0.0.1/46381] INFO  impl.MetricsSystemImpl (MetricsSystemImpl.java:init(158)) - OzoneManager metrics system started (again)
2020-06-27 08:27:42,445 [Listener at 127.0.0.1/46381] INFO  om.OzoneManager (OzoneManager.java:start(1083)) - OzoneManager RPC server is listening at localhost/127.0.0.1:46381
2020-06-27 08:27:42,466 [IPC Server Responder] INFO  ipc.Server (Server.java:run(1460)) - IPC Server Responder: starting
2020-06-27 08:27:42,466 [IPC Server listener on 0] INFO  ipc.Server (Server.java:run(1298)) - IPC Server listener on 0: starting
2020-06-27 08:27:42,474 [Listener at 127.0.0.1/46381] INFO  http.BaseHttpServer (BaseHttpServer.java:newHttpServer2BuilderForOzone(207)) - Starting Web-server for ozoneManager at: http://0.0.0.0:0
2020-06-27 08:27:42,474 [Listener at 127.0.0.1/46381] INFO  http.BaseHttpServer (BaseHttpServer.java:<init>(106)) - Hadoop Security Enabled: false Ozone Security Enabled: false Ozone HTTP Security Enabled: false 
2020-06-27 08:27:42,476 [Listener at 127.0.0.1/46381] INFO  server.AuthenticationFilter (AuthenticationFilter.java:constructSecretProvider(240)) - Unable to initialize FileSignerSecretProvider, falling back to use random secrets.
2020-06-27 08:27:42,476 [Listener at 127.0.0.1/46381] WARN  http.HttpRequestLog (HttpRequestLog.java:getRequestLog(103)) - Jetty request log can only be enabled using Log4j
2020-06-27 08:27:42,477 [Listener at 127.0.0.1/46381] INFO  http.HttpServer2 (HttpServer2.java:addGlobalFilter(997)) - Added global filter 'safety' (class=org.apache.hadoop.hdds.server.http.HttpServer2$QuotingInputFilter)
2020-06-27 08:27:42,478 [Listener at 127.0.0.1/46381] INFO  http.HttpServer2 (HttpServer2.java:addFilter(973)) - Added filter static_user_filter (class=org.apache.hadoop.http.lib.StaticUserWebFilter$StaticUserFilter) to context ozoneManager
2020-06-27 08:27:42,478 [Listener at 127.0.0.1/46381] INFO  http.HttpServer2 (HttpServer2.java:addFilter(981)) - Added filter static_user_filter (class=org.apache.hadoop.http.lib.StaticUserWebFilter$StaticUserFilter) to context logs
2020-06-27 08:27:42,478 [Listener at 127.0.0.1/46381] INFO  http.HttpServer2 (HttpServer2.java:addFilter(981)) - Added filter static_user_filter (class=org.apache.hadoop.http.lib.StaticUserWebFilter$StaticUserFilter) to context static
2020-06-27 08:27:42,481 [Listener at 127.0.0.1/46381] INFO  http.HttpServer2 (HttpServer2.java:bindListener(1215)) - Jetty bound to port 44763
2020-06-27 08:27:42,481 [Listener at 127.0.0.1/46381] INFO  server.Server (Server.java:doStart(359)) - jetty-9.4.26.v20200117; built: 2020-01-17T12:35:33.676Z; git: 7b38981d25d14afb4a12ff1f2596756144edf695; jvm 1.8.0_232-b09
2020-06-27 08:27:42,483 [Listener at 127.0.0.1/46381] INFO  server.session (DefaultSessionIdManager.java:doStart(333)) - DefaultSessionIdManager workerName=node0
2020-06-27 08:27:42,483 [Listener at 127.0.0.1/46381] INFO  server.session (DefaultSessionIdManager.java:doStart(338)) - No SessionScavenger set, using defaults
2020-06-27 08:27:42,483 [Listener at 127.0.0.1/46381] INFO  server.session (HouseKeeper.java:startScavenging(140)) - node0 Scavenging every 600000ms
2020-06-27 08:27:42,484 [Listener at 127.0.0.1/46381] INFO  handler.ContextHandler (ContextHandler.java:doStart(825)) - Started o.e.j.s.ServletContextHandler@2597d46b{logs,/logs,file:///github/workspace/mnt/ozone/hadoop-ozone/integration-test/target/log,AVAILABLE}
2020-06-27 08:27:42,484 [Listener at 127.0.0.1/46381] INFO  handler.ContextHandler (ContextHandler.java:doStart(825)) - Started o.e.j.s.ServletContextHandler@1f090ad{static,/static,file:///github/workspace/mnt/ozone/hadoop-ozone/integration-test/target/test-classes/webapps/static,AVAILABLE}
2020-06-27 08:27:42,488 [Listener at 127.0.0.1/46381] INFO  handler.ContextHandler (ContextHandler.java:doStart(825)) - Started o.e.j.w.WebAppContext@68441b9c{ozoneManager,/,file:///github/workspace/mnt/ozone/hadoop-ozone/integration-test/target/test-classes/webapps/ozoneManager/,AVAILABLE}{file:/github/workspace/mnt/ozone/hadoop-ozone/integration-test/target/test-classes/webapps/ozoneManager}
2020-06-27 08:27:42,489 [Listener at 127.0.0.1/46381] INFO  server.AbstractConnector (AbstractConnector.java:doStart(330)) - Started ServerConnector@332b410d{HTTP/1.1,[http/1.1]}{0.0.0.0:44763}
2020-06-27 08:27:42,489 [Listener at 127.0.0.1/46381] INFO  server.Server (Server.java:doStart(399)) - Started @4043ms
2020-06-27 08:27:42,489 [Listener at 127.0.0.1/46381] WARN  impl.MetricsSystemImpl (MetricsSystemImpl.java:register(276)) - Sink prometheus already exists!
2020-06-27 08:27:42,492 [Listener at 127.0.0.1/46381] INFO  http.BaseHttpServer (BaseHttpServer.java:updateConnectorAddress(327)) - HTTP server of ozoneManager listening at http://0.0.0.0:44763
2020-06-27 08:27:42,505 [org.apache.hadoop.util.JvmPauseMonitor$Monitor@3f336fd4] INFO  util.JvmPauseMonitor (JvmPauseMonitor.java:run(188)) - Starting JVM pause monitor
2020-06-27 08:27:42,645 [Listener at 127.0.0.1/46381] INFO  metrics.MetricRegistries (MetricRegistriesLoader.java:load(64)) - Loaded MetricRegistries class org.apache.ratis.metrics.impl.MetricRegistriesImpl
2020-06-27 08:27:42,647 [Listener at 127.0.0.1/46381] INFO  impl.MetricsSystemImpl (MetricsSystemImpl.java:init(158)) - HddsDatanode metrics system started (again)
2020-06-27 08:27:42,651 [Listener at 127.0.0.1/46381] INFO  ozone.HddsDatanodeService (HddsDatanodeService.java:start(197)) - HddsDatanodeService host:23863634748d ip:172.17.0.2
2020-06-27 08:27:42,713 [Listener at 127.0.0.1/46381] INFO  volume.HddsVolume (HddsVolume.java:<init>(176)) - Creating Volume: /github/workspace/mnt/ozone/hadoop-ozone/integration-test/target/test-dir/MiniOzoneClusterImpl-8eb50a3f-c1ff-437a-8e18-e0505f09b26f/datanode-0/data-0/containers/hdds of storage type : DISK and capacity : 9223372036854775807
2020-06-27 08:27:42,715 [Listener at 127.0.0.1/46381] INFO  volume.MutableVolumeSet (MutableVolumeSet.java:initializeVolumeSet(181)) - Added Volume : /github/workspace/mnt/ozone/hadoop-ozone/integration-test/target/test-dir/MiniOzoneClusterImpl-8eb50a3f-c1ff-437a-8e18-e0505f09b26f/datanode-0/data-0/containers/hdds to VolumeSet
2020-06-27 08:27:42,717 [Listener at 127.0.0.1/46381] INFO  volume.ThrottledAsyncChecker (ThrottledAsyncChecker.java:schedule(141)) - Scheduling a check for /github/workspace/mnt/ozone/hadoop-ozone/integration-test/target/test-dir/MiniOzoneClusterImpl-8eb50a3f-c1ff-437a-8e18-e0505f09b26f/datanode-0/data-0/containers/hdds
2020-06-27 08:27:42,745 [Listener at 127.0.0.1/46381] INFO  volume.HddsVolumeChecker (HddsVolumeChecker.java:checkAllVolumes(200)) - Scheduled health check for volume /github/workspace/mnt/ozone/hadoop-ozone/integration-test/target/test-dir/MiniOzoneClusterImpl-8eb50a3f-c1ff-437a-8e18-e0505f09b26f/datanode-0/data-0/containers/hdds
2020-06-27 08:27:42,909 [Listener at 127.0.0.1/46381] INFO  impl.RaftServerProxy (ConfUtils.java:logGet(44)) - raft.rpc.type = GRPC (default)
2020-06-27 08:27:42,982 [Listener at 127.0.0.1/46381] INFO  grpc.GrpcFactory (GrpcFactory.java:checkPooledByteBufAllocatorUseCacheForAllThreads(45)) - PERFORMANCE WARNING: useCacheForAllThreads is true that may cause Netty to create a lot garbage objects and, as a result, trigger GC.
	It is recommended to disable useCacheForAllThreads by setting -Dorg.apache.ratis.thirdparty.io.netty.allocator.useCacheForAllThreads=false in command line.
2020-06-27 08:27:42,990 [Listener at 127.0.0.1/46381] INFO  grpc.GrpcConfigKeys (ConfUtils.java:logGet(44)) - raft.grpc.server.port = 0 (default)
2020-06-27 08:27:42,991 [Listener at 127.0.0.1/46381] INFO  server.GrpcService (ConfUtils.java:logGet(44)) - raft.grpc.message.size.max = 32MB (=33554432) (custom)
2020-06-27 08:27:42,992 [Listener at 127.0.0.1/46381] INFO  server.RaftServerConfigKeys (ConfUtils.java:logGet(44)) - raft.server.log.appender.buffer.byte-limit = 33554432 (custom)
2020-06-27 08:27:42,992 [Listener at 127.0.0.1/46381] INFO  server.GrpcService (ConfUtils.java:logGet(44)) - raft.grpc.flow.control.window = 5MB (=5242880) (custom)
2020-06-27 08:27:42,994 [Listener at 127.0.0.1/46381] INFO  server.RaftServerConfigKeys (ConfUtils.java:logGet(44)) - raft.server.rpc.request.timeout = 3s (default)
2020-06-27 08:27:43,209 [Listener at 127.0.0.1/46381] INFO  server.RaftServerConfigKeys (ConfUtils.java:logGet(44)) - raft.server.storage.dir = [/github/workspace/mnt/ozone/hadoop-ozone/integration-test/target/test-dir/MiniOzoneClusterImpl-8eb50a3f-c1ff-437a-8e18-e0505f09b26f/datanode-0/data/ratis] (custom)
2020-06-27 08:27:43,285 [Listener at 127.0.0.1/46381] INFO  http.BaseHttpServer (BaseHttpServer.java:newHttpServer2BuilderForOzone(207)) - Starting Web-server for hddsDatanode at: http://0.0.0.0:0
2020-06-27 08:27:43,286 [Listener at 127.0.0.1/46381] INFO  http.BaseHttpServer (BaseHttpServer.java:<init>(106)) - Hadoop Security Enabled: false Ozone Security Enabled: false Ozone HTTP Security Enabled: false 
2020-06-27 08:27:43,287 [Listener at 127.0.0.1/46381] INFO  server.AuthenticationFilter (AuthenticationFilter.java:constructSecretProvider(240)) - Unable to initialize FileSignerSecretProvider, falling back to use random secrets.
2020-06-27 08:27:43,287 [Listener at 127.0.0.1/46381] WARN  http.HttpRequestLog (HttpRequestLog.java:getRequestLog(103)) - Jetty request log can only be enabled using Log4j
2020-06-27 08:27:43,289 [Listener at 127.0.0.1/46381] INFO  http.HttpServer2 (HttpServer2.java:addGlobalFilter(997)) - Added global filter 'safety' (class=org.apache.hadoop.hdds.server.http.HttpServer2$QuotingInputFilter)
2020-06-27 08:27:43,290 [Listener at 127.0.0.1/46381] INFO  http.HttpServer2 (HttpServer2.java:addFilter(973)) - Added filter static_user_filter (class=org.apache.hadoop.http.lib.StaticUserWebFilter$StaticUserFilter) to context hddsDatanode
2020-06-27 08:27:43,290 [Listener at 127.0.0.1/46381] INFO  http.HttpServer2 (HttpServer2.java:addFilter(981)) - Added filter static_user_filter (class=org.apache.hadoop.http.lib.StaticUserWebFilter$StaticUserFilter) to context static
2020-06-27 08:27:43,290 [Listener at 127.0.0.1/46381] INFO  http.HttpServer2 (HttpServer2.java:addFilter(981)) - Added filter static_user_filter (class=org.apache.hadoop.http.lib.StaticUserWebFilter$StaticUserFilter) to context logs
2020-06-27 08:27:43,290 [Listener at 127.0.0.1/46381] INFO  http.HttpServer2 (HttpServer2.java:bindListener(1215)) - Jetty bound to port 36763
2020-06-27 08:27:43,291 [Listener at 127.0.0.1/46381] INFO  server.Server (Server.java:doStart(359)) - jetty-9.4.26.v20200117; built: 2020-01-17T12:35:33.676Z; git: 7b38981d25d14afb4a12ff1f2596756144edf695; jvm 1.8.0_232-b09
2020-06-27 08:27:43,293 [Listener at 127.0.0.1/46381] INFO  server.session (DefaultSessionIdManager.java:doStart(333)) - DefaultSessionIdManager workerName=node0
2020-06-27 08:27:43,293 [Listener at 127.0.0.1/46381] INFO  server.session (DefaultSessionIdManager.java:doStart(338)) - No SessionScavenger set, using defaults
2020-06-27 08:27:43,293 [Listener at 127.0.0.1/46381] INFO  server.session (HouseKeeper.java:startScavenging(140)) - node0 Scavenging every 600000ms
2020-06-27 08:27:43,294 [Listener at 127.0.0.1/46381] INFO  handler.ContextHandler (ContextHandler.java:doStart(825)) - Started o.e.j.s.ServletContextHandler@1b076d9b{logs,/logs,file:///github/workspace/mnt/ozone/hadoop-ozone/integration-test/target/log,AVAILABLE}
2020-06-27 08:27:43,294 [Listener at 127.0.0.1/46381] INFO  handler.ContextHandler (ContextHandler.java:doStart(825)) - Started o.e.j.s.ServletContextHandler@2805173{static,/static,jar:file:/home/user/.m2/repository/org/apache/hadoop/hadoop-hdds-container-service/0.6.0-SNAPSHOT/hadoop-hdds-container-service-0.6.0-SNAPSHOT.jar!/webapps/static,AVAILABLE}
2020-06-27 08:27:43,314 [Listener at 127.0.0.1/46381] INFO  handler.ContextHandler (ContextHandler.java:doStart(825)) - Started o.e.j.w.WebAppContext@31e7aea9{hddsDatanode,/,file:///tmp/jetty-0_0_0_0-36763-hadoop-hdds-container-service-0_6_0-SNAPSHOT_jar-_-any-3442323153067508114.dir/webapp/,AVAILABLE}{jar:file:/home/user/.m2/repository/org/apache/hadoop/hadoop-hdds-container-service/0.6.0-SNAPSHOT/hadoop-hdds-container-service-0.6.0-SNAPSHOT.jar!/webapps/hddsDatanode}
2020-06-27 08:27:43,316 [Listener at 127.0.0.1/46381] INFO  server.AbstractConnector (AbstractConnector.java:doStart(330)) - Started ServerConnector@25fd5a66{HTTP/1.1,[http/1.1]}{0.0.0.0:36763}
2020-06-27 08:27:43,317 [Listener at 127.0.0.1/46381] INFO  server.Server (Server.java:doStart(399)) - Started @4871ms
2020-06-27 08:27:43,317 [Listener at 127.0.0.1/46381] WARN  impl.MetricsSystemImpl (MetricsSystemImpl.java:register(276)) - Sink prometheus already exists!
2020-06-27 08:27:43,319 [Listener at 127.0.0.1/46381] INFO  http.BaseHttpServer (BaseHttpServer.java:updateConnectorAddress(327)) - HTTP server of hddsDatanode listening at http://0.0.0.0:36763
2020-06-27 08:27:43,320 [Listener at 127.0.0.1/46381] INFO  impl.MetricsSystemImpl (MetricsSystemImpl.java:init(158)) - HddsDatanode metrics system started (again)
2020-06-27 08:27:43,322 [Listener at 127.0.0.1/46381] INFO  ozone.HddsDatanodeService (HddsDatanodeService.java:start(197)) - HddsDatanodeService host:23863634748d ip:172.17.0.2
2020-06-27 08:27:43,324 [Listener at 127.0.0.1/46381] INFO  volume.HddsVolume (HddsVolume.java:<init>(176)) - Creating Volume: /github/workspace/mnt/ozone/hadoop-ozone/integration-test/target/test-dir/MiniOzoneClusterImpl-8eb50a3f-c1ff-437a-8e18-e0505f09b26f/datanode-1/data-0/containers/hdds of storage type : DISK and capacity : 9223372036854775807
2020-06-27 08:27:43,324 [Listener at 127.0.0.1/46381] INFO  volume.MutableVolumeSet (MutableVolumeSet.java:initializeVolumeSet(181)) - Added Volume : /github/workspace/mnt/ozone/hadoop-ozone/integration-test/target/test-dir/MiniOzoneClusterImpl-8eb50a3f-c1ff-437a-8e18-e0505f09b26f/datanode-1/data-0/containers/hdds to VolumeSet
2020-06-27 08:27:43,326 [Listener at 127.0.0.1/46381] INFO  volume.ThrottledAsyncChecker (ThrottledAsyncChecker.java:schedule(141)) - Scheduling a check for /github/workspace/mnt/ozone/hadoop-ozone/integration-test/target/test-dir/MiniOzoneClusterImpl-8eb50a3f-c1ff-437a-8e18-e0505f09b26f/datanode-1/data-0/containers/hdds
2020-06-27 08:27:43,327 [Listener at 127.0.0.1/46381] INFO  volume.HddsVolumeChecker (HddsVolumeChecker.java:checkAllVolumes(200)) - Scheduled health check for volume /github/workspace/mnt/ozone/hadoop-ozone/integration-test/target/test-dir/MiniOzoneClusterImpl-8eb50a3f-c1ff-437a-8e18-e0505f09b26f/datanode-1/data-0/containers/hdds
2020-06-27 08:27:43,345 [org.apache.hadoop.util.JvmPauseMonitor$Monitor@6959e7ad] INFO  util.JvmPauseMonitor (JvmPauseMonitor.java:run(188)) - Starting JVM pause monitor
2020-06-27 08:27:43,363 [Listener at 127.0.0.1/46381] INFO  impl.RaftServerProxy (ConfUtils.java:logGet(44)) - raft.rpc.type = GRPC (default)
2020-06-27 08:27:43,363 [Listener at 127.0.0.1/46381] INFO  grpc.GrpcFactory (GrpcFactory.java:checkPooledByteBufAllocatorUseCacheForAllThreads(45)) - PERFORMANCE WARNING: useCacheForAllThreads is true that may cause Netty to create a lot garbage objects and, as a result, trigger GC.
	It is recommended to disable useCacheForAllThreads by setting -Dorg.apache.ratis.thirdparty.io.netty.allocator.useCacheForAllThreads=false in command line.
2020-06-27 08:27:43,364 [Listener at 127.0.0.1/46381] INFO  grpc.GrpcConfigKeys (ConfUtils.java:logGet(44)) - raft.grpc.server.port = 0 (default)
2020-06-27 08:27:43,364 [Listener at 127.0.0.1/46381] INFO  server.GrpcService (ConfUtils.java:logGet(44)) - raft.grpc.message.size.max = 32MB (=33554432) (custom)
2020-06-27 08:27:43,364 [Listener at 127.0.0.1/46381] INFO  server.RaftServerConfigKeys (ConfUtils.java:logGet(44)) - raft.server.log.appender.buffer.byte-limit = 33554432 (custom)
2020-06-27 08:27:43,365 [Listener at 127.0.0.1/46381] INFO  server.GrpcService (ConfUtils.java:logGet(44)) - raft.grpc.flow.control.window = 5MB (=5242880) (custom)
2020-06-27 08:27:43,365 [Listener at 127.0.0.1/46381] INFO  server.RaftServerConfigKeys (ConfUtils.java:logGet(44)) - raft.server.rpc.request.timeout = 3s (default)
2020-06-27 08:27:43,366 [Listener at 127.0.0.1/46381] INFO  server.RaftServerConfigKeys (ConfUtils.java:logGet(44)) - raft.server.storage.dir = [/github/workspace/mnt/ozone/hadoop-ozone/integration-test/target/test-dir/MiniOzoneClusterImpl-8eb50a3f-c1ff-437a-8e18-e0505f09b26f/datanode-1/data/ratis] (custom)
2020-06-27 08:27:43,376 [Listener at 127.0.0.1/46381] INFO  http.BaseHttpServer (BaseHttpServer.java:newHttpServer2BuilderForOzone(207)) - Starting Web-server for hddsDatanode at: http://0.0.0.0:0
2020-06-27 08:27:43,376 [Listener at 127.0.0.1/46381] INFO  http.BaseHttpServer (BaseHttpServer.java:<init>(106)) - Hadoop Security Enabled: false Ozone Security Enabled: false Ozone HTTP Security Enabled: false 
2020-06-27 08:27:43,377 [Listener at 127.0.0.1/46381] INFO  server.AuthenticationFilter (AuthenticationFilter.java:constructSecretProvider(240)) - Unable to initialize FileSignerSecretProvider, falling back to use random secrets.
2020-06-27 08:27:43,380 [Listener at 127.0.0.1/46381] WARN  http.HttpRequestLog (HttpRequestLog.java:getRequestLog(103)) - Jetty request log can only be enabled using Log4j
2020-06-27 08:27:43,381 [Listener at 127.0.0.1/46381] INFO  http.HttpServer2 (HttpServer2.java:addGlobalFilter(997)) - Added global filter 'safety' (class=org.apache.hadoop.hdds.server.http.HttpServer2$QuotingInputFilter)
2020-06-27 08:27:43,382 [Listener at 127.0.0.1/46381] INFO  http.HttpServer2 (HttpServer2.java:addFilter(973)) - Added filter static_user_filter (class=org.apache.hadoop.http.lib.StaticUserWebFilter$StaticUserFilter) to context hddsDatanode
2020-06-27 08:27:43,382 [Listener at 127.0.0.1/46381] INFO  http.HttpServer2 (HttpServer2.java:addFilter(981)) - Added filter static_user_filter (class=org.apache.hadoop.http.lib.StaticUserWebFilter$StaticUserFilter) to context static
2020-06-27 08:27:43,382 [Listener at 127.0.0.1/46381] INFO  http.HttpServer2 (HttpServer2.java:addFilter(981)) - Added filter static_user_filter (class=org.apache.hadoop.http.lib.StaticUserWebFilter$StaticUserFilter) to context logs
2020-06-27 08:27:43,383 [Listener at 127.0.0.1/46381] INFO  http.HttpServer2 (HttpServer2.java:bindListener(1215)) - Jetty bound to port 46687
2020-06-27 08:27:43,383 [Listener at 127.0.0.1/46381] INFO  server.Server (Server.java:doStart(359)) - jetty-9.4.26.v20200117; built: 2020-01-17T12:35:33.676Z; git: 7b38981d25d14afb4a12ff1f2596756144edf695; jvm 1.8.0_232-b09
2020-06-27 08:27:43,431 [Listener at 127.0.0.1/46381] INFO  server.session (DefaultSessionIdManager.java:doStart(333)) - DefaultSessionIdManager workerName=node0
2020-06-27 08:27:43,431 [Listener at 127.0.0.1/46381] INFO  server.session (DefaultSessionIdManager.java:doStart(338)) - No SessionScavenger set, using defaults
2020-06-27 08:27:43,431 [Listener at 127.0.0.1/46381] INFO  server.session (HouseKeeper.java:startScavenging(140)) - node0 Scavenging every 600000ms
2020-06-27 08:27:43,434 [Listener at 127.0.0.1/46381] INFO  handler.ContextHandler (ContextHandler.java:doStart(825)) - Started o.e.j.s.ServletContextHandler@6d52b9c{logs,/logs,file:///github/workspace/mnt/ozone/hadoop-ozone/integration-test/target/log,AVAILABLE}
2020-06-27 08:27:43,435 [Listener at 127.0.0.1/46381] INFO  handler.ContextHandler (ContextHandler.java:doStart(825)) - Started o.e.j.s.ServletContextHandler@6b72e6ca{static,/static,jar:file:/home/user/.m2/repository/org/apache/hadoop/hadoop-hdds-container-service/0.6.0-SNAPSHOT/hadoop-hdds-container-service-0.6.0-SNAPSHOT.jar!/webapps/static,AVAILABLE}
2020-06-27 08:27:43,463 [Listener at 127.0.0.1/46381] INFO  handler.ContextHandler (ContextHandler.java:doStart(825)) - Started o.e.j.w.WebAppContext@4f9ac18d{hddsDatanode,/,file:///tmp/jetty-0_0_0_0-46687-hadoop-hdds-container-service-0_6_0-SNAPSHOT_jar-_-any-3235888770843655057.dir/webapp/,AVAILABLE}{jar:file:/home/user/.m2/repository/org/apache/hadoop/hadoop-hdds-container-service/0.6.0-SNAPSHOT/hadoop-hdds-container-service-0.6.0-SNAPSHOT.jar!/webapps/hddsDatanode}
2020-06-27 08:27:43,468 [Listener at 127.0.0.1/46381] INFO  server.AbstractConnector (AbstractConnector.java:doStart(330)) - Started ServerConnector@692610c0{HTTP/1.1,[http/1.1]}{0.0.0.0:46687}
2020-06-27 08:27:43,472 [Listener at 127.0.0.1/46381] INFO  server.Server (Server.java:doStart(399)) - Started @5026ms
2020-06-27 08:27:43,472 [Listener at 127.0.0.1/46381] WARN  impl.MetricsSystemImpl (MetricsSystemImpl.java:register(276)) - Sink prometheus already exists!
2020-06-27 08:27:43,482 [Listener at 127.0.0.1/46381] INFO  http.BaseHttpServer (BaseHttpServer.java:updateConnectorAddress(327)) - HTTP server of hddsDatanode listening at http://0.0.0.0:46687
2020-06-27 08:27:43,484 [Datanode State Machine Thread - 0] INFO  datanode.InitDatanodeState (InitDatanodeState.java:persistContainerDatanodeDetails(145)) - DatanodeDetails is persisted to /github/workspace/mnt/ozone/hadoop-ozone/integration-test/target/test-dir/MiniOzoneClusterImpl-8eb50a3f-c1ff-437a-8e18-e0505f09b26f/datanode-0/meta/datanode.id
2020-06-27 08:27:43,484 [Listener at 127.0.0.1/46381] INFO  impl.MetricsSystemImpl (MetricsSystemImpl.java:init(158)) - HddsDatanode metrics system started (again)
2020-06-27 08:27:43,486 [Listener at 127.0.0.1/46381] INFO  ozone.HddsDatanodeService (HddsDatanodeService.java:start(197)) - HddsDatanodeService host:23863634748d ip:172.17.0.2
2020-06-27 08:27:43,492 [Listener at 127.0.0.1/46381] INFO  volume.HddsVolume (HddsVolume.java:<init>(176)) - Creating Volume: /github/workspace/mnt/ozone/hadoop-ozone/integration-test/target/test-dir/MiniOzoneClusterImpl-8eb50a3f-c1ff-437a-8e18-e0505f09b26f/datanode-2/data-0/containers/hdds of storage type : DISK and capacity : 9223372036854775807
2020-06-27 08:27:43,493 [Listener at 127.0.0.1/46381] INFO  volume.MutableVolumeSet (MutableVolumeSet.java:initializeVolumeSet(181)) - Added Volume : /github/workspace/mnt/ozone/hadoop-ozone/integration-test/target/test-dir/MiniOzoneClusterImpl-8eb50a3f-c1ff-437a-8e18-e0505f09b26f/datanode-2/data-0/containers/hdds to VolumeSet
2020-06-27 08:27:43,493 [Listener at 127.0.0.1/46381] INFO  volume.ThrottledAsyncChecker (ThrottledAsyncChecker.java:schedule(141)) - Scheduling a check for /github/workspace/mnt/ozone/hadoop-ozone/integration-test/target/test-dir/MiniOzoneClusterImpl-8eb50a3f-c1ff-437a-8e18-e0505f09b26f/datanode-2/data-0/containers/hdds
2020-06-27 08:27:43,496 [Listener at 127.0.0.1/46381] INFO  volume.HddsVolumeChecker (HddsVolumeChecker.java:checkAllVolumes(200)) - Scheduled health check for volume /github/workspace/mnt/ozone/hadoop-ozone/integration-test/target/test-dir/MiniOzoneClusterImpl-8eb50a3f-c1ff-437a-8e18-e0505f09b26f/datanode-2/data-0/containers/hdds
2020-06-27 08:27:43,504 [org.apache.hadoop.util.JvmPauseMonitor$Monitor@5184cb25] INFO  util.JvmPauseMonitor (JvmPauseMonitor.java:run(188)) - Starting JVM pause monitor
2020-06-27 08:27:43,529 [Datanode State Machine Thread - 0] INFO  datanode.InitDatanodeState (InitDatanodeState.java:persistContainerDatanodeDetails(145)) - DatanodeDetails is persisted to /github/workspace/mnt/ozone/hadoop-ozone/integration-test/target/test-dir/MiniOzoneClusterImpl-8eb50a3f-c1ff-437a-8e18-e0505f09b26f/datanode-1/meta/datanode.id
2020-06-27 08:27:43,540 [Listener at 127.0.0.1/46381] INFO  impl.RaftServerProxy (ConfUtils.java:logGet(44)) - raft.rpc.type = GRPC (default)
2020-06-27 08:27:43,540 [Listener at 127.0.0.1/46381] INFO  grpc.GrpcFactory (GrpcFactory.java:checkPooledByteBufAllocatorUseCacheForAllThreads(45)) - PERFORMANCE WARNING: useCacheForAllThreads is true that may cause Netty to create a lot garbage objects and, as a result, trigger GC.
	It is recommended to disable useCacheForAllThreads by setting -Dorg.apache.ratis.thirdparty.io.netty.allocator.useCacheForAllThreads=false in command line.
2020-06-27 08:27:43,540 [Listener at 127.0.0.1/46381] INFO  grpc.GrpcConfigKeys (ConfUtils.java:logGet(44)) - raft.grpc.server.port = 0 (default)
2020-06-27 08:27:43,541 [Listener at 127.0.0.1/46381] INFO  server.GrpcService (ConfUtils.java:logGet(44)) - raft.grpc.message.size.max = 32MB (=33554432) (custom)
2020-06-27 08:27:43,541 [Listener at 127.0.0.1/46381] INFO  server.RaftServerConfigKeys (ConfUtils.java:logGet(44)) - raft.server.log.appender.buffer.byte-limit = 33554432 (custom)
2020-06-27 08:27:43,541 [Listener at 127.0.0.1/46381] INFO  server.GrpcService (ConfUtils.java:logGet(44)) - raft.grpc.flow.control.window = 5MB (=5242880) (custom)
2020-06-27 08:27:43,541 [Listener at 127.0.0.1/46381] INFO  server.RaftServerConfigKeys (ConfUtils.java:logGet(44)) - raft.server.rpc.request.timeout = 3s (default)
2020-06-27 08:27:43,542 [Listener at 127.0.0.1/46381] INFO  server.RaftServerConfigKeys (ConfUtils.java:logGet(44)) - raft.server.storage.dir = [/github/workspace/mnt/ozone/hadoop-ozone/integration-test/target/test-dir/MiniOzoneClusterImpl-8eb50a3f-c1ff-437a-8e18-e0505f09b26f/datanode-2/data/ratis] (custom)
2020-06-27 08:27:43,546 [Listener at 127.0.0.1/46381] INFO  http.BaseHttpServer (BaseHttpServer.java:newHttpServer2BuilderForOzone(207)) - Starting Web-server for hddsDatanode at: http://0.0.0.0:0
2020-06-27 08:27:43,547 [Listener at 127.0.0.1/46381] INFO  http.BaseHttpServer (BaseHttpServer.java:<init>(106)) - Hadoop Security Enabled: false Ozone Security Enabled: false Ozone HTTP Security Enabled: false 
2020-06-27 08:27:43,548 [Listener at 127.0.0.1/46381] INFO  server.AuthenticationFilter (AuthenticationFilter.java:constructSecretProvider(240)) - Unable to initialize FileSignerSecretProvider, falling back to use random secrets.
2020-06-27 08:27:43,549 [Listener at 127.0.0.1/46381] WARN  http.HttpRequestLog (HttpRequestLog.java:getRequestLog(103)) - Jetty request log can only be enabled using Log4j
2020-06-27 08:27:43,550 [Listener at 127.0.0.1/46381] INFO  http.HttpServer2 (HttpServer2.java:addGlobalFilter(997)) - Added global filter 'safety' (class=org.apache.hadoop.hdds.server.http.HttpServer2$QuotingInputFilter)
2020-06-27 08:27:43,551 [Listener at 127.0.0.1/46381] INFO  http.HttpServer2 (HttpServer2.java:addFilter(973)) - Added filter static_user_filter (class=org.apache.hadoop.http.lib.StaticUserWebFilter$StaticUserFilter) to context hddsDatanode
2020-06-27 08:27:43,551 [Listener at 127.0.0.1/46381] INFO  http.HttpServer2 (HttpServer2.java:addFilter(981)) - Added filter static_user_filter (class=org.apache.hadoop.http.lib.StaticUserWebFilter$StaticUserFilter) to context logs
2020-06-27 08:27:43,551 [Listener at 127.0.0.1/46381] INFO  http.HttpServer2 (HttpServer2.java:addFilter(981)) - Added filter static_user_filter (class=org.apache.hadoop.http.lib.StaticUserWebFilter$StaticUserFilter) to context static
2020-06-27 08:27:43,551 [Listener at 127.0.0.1/46381] INFO  http.HttpServer2 (HttpServer2.java:bindListener(1215)) - Jetty bound to port 42687
2020-06-27 08:27:43,551 [Listener at 127.0.0.1/46381] INFO  server.Server (Server.java:doStart(359)) - jetty-9.4.26.v20200117; built: 2020-01-17T12:35:33.676Z; git: 7b38981d25d14afb4a12ff1f2596756144edf695; jvm 1.8.0_232-b09
2020-06-27 08:27:43,554 [Listener at 127.0.0.1/46381] INFO  server.session (DefaultSessionIdManager.java:doStart(333)) - DefaultSessionIdManager workerName=node0
2020-06-27 08:27:43,554 [Listener at 127.0.0.1/46381] INFO  server.session (DefaultSessionIdManager.java:doStart(338)) - No SessionScavenger set, using defaults
2020-06-27 08:27:43,554 [Listener at 127.0.0.1/46381] INFO  server.session (HouseKeeper.java:startScavenging(140)) - node0 Scavenging every 660000ms
2020-06-27 08:27:43,555 [Listener at 127.0.0.1/46381] INFO  handler.ContextHandler (ContextHandler.java:doStart(825)) - Started o.e.j.s.ServletContextHandler@60c21f31{logs,/logs,file:///github/workspace/mnt/ozone/hadoop-ozone/integration-test/target/log,AVAILABLE}
2020-06-27 08:27:43,556 [Listener at 127.0.0.1/46381] INFO  handler.ContextHandler (ContextHandler.java:doStart(825)) - Started o.e.j.s.ServletContextHandler@457de2b9{static,/static,jar:file:/home/user/.m2/repository/org/apache/hadoop/hadoop-hdds-container-service/0.6.0-SNAPSHOT/hadoop-hdds-container-service-0.6.0-SNAPSHOT.jar!/webapps/static,AVAILABLE}
2020-06-27 08:27:43,574 [Listener at 127.0.0.1/46381] INFO  handler.ContextHandler (ContextHandler.java:doStart(825)) - Started o.e.j.w.WebAppContext@22a04e0a{hddsDatanode,/,file:///tmp/jetty-0_0_0_0-42687-hadoop-hdds-container-service-0_6_0-SNAPSHOT_jar-_-any-3020775269180584458.dir/webapp/,AVAILABLE}{jar:file:/home/user/.m2/repository/org/apache/hadoop/hadoop-hdds-container-service/0.6.0-SNAPSHOT/hadoop-hdds-container-service-0.6.0-SNAPSHOT.jar!/webapps/hddsDatanode}
2020-06-27 08:27:43,576 [Listener at 127.0.0.1/46381] INFO  server.AbstractConnector (AbstractConnector.java:doStart(330)) - Started ServerConnector@17240ec1{HTTP/1.1,[http/1.1]}{0.0.0.0:42687}
2020-06-27 08:27:43,576 [Listener at 127.0.0.1/46381] INFO  server.Server (Server.java:doStart(399)) - Started @5130ms
2020-06-27 08:27:43,576 [Listener at 127.0.0.1/46381] WARN  impl.MetricsSystemImpl (MetricsSystemImpl.java:register(276)) - Sink prometheus already exists!
2020-06-27 08:27:43,579 [Listener at 127.0.0.1/46381] INFO  http.BaseHttpServer (BaseHttpServer.java:updateConnectorAddress(327)) - HTTP server of hddsDatanode listening at http://0.0.0.0:42687
2020-06-27 08:27:43,580 [Listener at 127.0.0.1/46381] INFO  impl.MetricsSystemImpl (MetricsSystemImpl.java:init(158)) - HddsDatanode metrics system started (again)
2020-06-27 08:27:43,581 [Listener at 127.0.0.1/46381] INFO  ozone.HddsDatanodeService (HddsDatanodeService.java:start(197)) - HddsDatanodeService host:23863634748d ip:172.17.0.2
2020-06-27 08:27:43,583 [Listener at 127.0.0.1/46381] INFO  volume.HddsVolume (HddsVolume.java:<init>(176)) - Creating Volume: /github/workspace/mnt/ozone/hadoop-ozone/integration-test/target/test-dir/MiniOzoneClusterImpl-8eb50a3f-c1ff-437a-8e18-e0505f09b26f/datanode-3/data-0/containers/hdds of storage type : DISK and capacity : 9223372036854775807
2020-06-27 08:27:43,583 [Listener at 127.0.0.1/46381] INFO  volume.MutableVolumeSet (MutableVolumeSet.java:initializeVolumeSet(181)) - Added Volume : /github/workspace/mnt/ozone/hadoop-ozone/integration-test/target/test-dir/MiniOzoneClusterImpl-8eb50a3f-c1ff-437a-8e18-e0505f09b26f/datanode-3/data-0/containers/hdds to VolumeSet
2020-06-27 08:27:43,583 [Listener at 127.0.0.1/46381] INFO  volume.ThrottledAsyncChecker (ThrottledAsyncChecker.java:schedule(141)) - Scheduling a check for /github/workspace/mnt/ozone/hadoop-ozone/integration-test/target/test-dir/MiniOzoneClusterImpl-8eb50a3f-c1ff-437a-8e18-e0505f09b26f/datanode-3/data-0/containers/hdds
2020-06-27 08:27:43,585 [Listener at 127.0.0.1/46381] INFO  volume.HddsVolumeChecker (HddsVolumeChecker.java:checkAllVolumes(200)) - Scheduled health check for volume /github/workspace/mnt/ozone/hadoop-ozone/integration-test/target/test-dir/MiniOzoneClusterImpl-8eb50a3f-c1ff-437a-8e18-e0505f09b26f/datanode-3/data-0/containers/hdds
2020-06-27 08:27:43,612 [org.apache.hadoop.util.JvmPauseMonitor$Monitor@b45bf4a] INFO  util.JvmPauseMonitor (JvmPauseMonitor.java:run(188)) - Starting JVM pause monitor
2020-06-27 08:27:43,614 [Datanode State Machine Thread - 0] INFO  datanode.InitDatanodeState (InitDatanodeState.java:persistContainerDatanodeDetails(145)) - DatanodeDetails is persisted to /github/workspace/mnt/ozone/hadoop-ozone/integration-test/target/test-dir/MiniOzoneClusterImpl-8eb50a3f-c1ff-437a-8e18-e0505f09b26f/datanode-2/meta/datanode.id
2020-06-27 08:27:43,618 [Listener at 127.0.0.1/46381] INFO  impl.RaftServerProxy (ConfUtils.java:logGet(44)) - raft.rpc.type = GRPC (default)
2020-06-27 08:27:43,619 [Listener at 127.0.0.1/46381] INFO  grpc.GrpcFactory (GrpcFactory.java:checkPooledByteBufAllocatorUseCacheForAllThreads(45)) - PERFORMANCE WARNING: useCacheForAllThreads is true that may cause Netty to create a lot garbage objects and, as a result, trigger GC.
	It is recommended to disable useCacheForAllThreads by setting -Dorg.apache.ratis.thirdparty.io.netty.allocator.useCacheForAllThreads=false in command line.
2020-06-27 08:27:43,619 [Listener at 127.0.0.1/46381] INFO  grpc.GrpcConfigKeys (ConfUtils.java:logGet(44)) - raft.grpc.server.port = 0 (default)
2020-06-27 08:27:43,620 [Listener at 127.0.0.1/46381] INFO  server.GrpcService (ConfUtils.java:logGet(44)) - raft.grpc.message.size.max = 32MB (=33554432) (custom)
2020-06-27 08:27:43,620 [Listener at 127.0.0.1/46381] INFO  server.RaftServerConfigKeys (ConfUtils.java:logGet(44)) - raft.server.log.appender.buffer.byte-limit = 33554432 (custom)
2020-06-27 08:27:43,620 [Listener at 127.0.0.1/46381] INFO  server.GrpcService (ConfUtils.java:logGet(44)) - raft.grpc.flow.control.window = 5MB (=5242880) (custom)
2020-06-27 08:27:43,620 [Listener at 127.0.0.1/46381] INFO  server.RaftServerConfigKeys (ConfUtils.java:logGet(44)) - raft.server.rpc.request.timeout = 3s (default)
2020-06-27 08:27:43,621 [Listener at 127.0.0.1/46381] INFO  server.RaftServerConfigKeys (ConfUtils.java:logGet(44)) - raft.server.storage.dir = [/github/workspace/mnt/ozone/hadoop-ozone/integration-test/target/test-dir/MiniOzoneClusterImpl-8eb50a3f-c1ff-437a-8e18-e0505f09b26f/datanode-3/data/ratis] (custom)
2020-06-27 08:27:43,626 [Listener at 127.0.0.1/46381] INFO  http.BaseHttpServer (BaseHttpServer.java:newHttpServer2BuilderForOzone(207)) - Starting Web-server for hddsDatanode at: http://0.0.0.0:0
2020-06-27 08:27:43,626 [Listener at 127.0.0.1/46381] INFO  http.BaseHttpServer (BaseHttpServer.java:<init>(106)) - Hadoop Security Enabled: false Ozone Security Enabled: false Ozone HTTP Security Enabled: false 
2020-06-27 08:27:43,627 [Listener at 127.0.0.1/46381] INFO  server.AuthenticationFilter (AuthenticationFilter.java:constructSecretProvider(240)) - Unable to initialize FileSignerSecretProvider, falling back to use random secrets.
2020-06-27 08:27:43,629 [Listener at 127.0.0.1/46381] WARN  http.HttpRequestLog (HttpRequestLog.java:getRequestLog(103)) - Jetty request log can only be enabled using Log4j
2020-06-27 08:27:43,630 [Listener at 127.0.0.1/46381] INFO  http.HttpServer2 (HttpServer2.java:addGlobalFilter(997)) - Added global filter 'safety' (class=org.apache.hadoop.hdds.server.http.HttpServer2$QuotingInputFilter)
2020-06-27 08:27:43,631 [Listener at 127.0.0.1/46381] INFO  http.HttpServer2 (HttpServer2.java:addFilter(973)) - Added filter static_user_filter (class=org.apache.hadoop.http.lib.StaticUserWebFilter$StaticUserFilter) to context hddsDatanode
2020-06-27 08:27:43,631 [Listener at 127.0.0.1/46381] INFO  http.HttpServer2 (HttpServer2.java:addFilter(981)) - Added filter static_user_filter (class=org.apache.hadoop.http.lib.StaticUserWebFilter$StaticUserFilter) to context static
2020-06-27 08:27:43,631 [Listener at 127.0.0.1/46381] INFO  http.HttpServer2 (HttpServer2.java:addFilter(981)) - Added filter static_user_filter (class=org.apache.hadoop.http.lib.StaticUserWebFilter$StaticUserFilter) to context logs
2020-06-27 08:27:43,631 [Listener at 127.0.0.1/46381] INFO  http.HttpServer2 (HttpServer2.java:bindListener(1215)) - Jetty bound to port 36493
2020-06-27 08:27:43,631 [Listener at 127.0.0.1/46381] INFO  server.Server (Server.java:doStart(359)) - jetty-9.4.26.v20200117; built: 2020-01-17T12:35:33.676Z; git: 7b38981d25d14afb4a12ff1f2596756144edf695; jvm 1.8.0_232-b09
2020-06-27 08:27:43,635 [Listener at 127.0.0.1/46381] INFO  server.session (DefaultSessionIdManager.java:doStart(333)) - DefaultSessionIdManager workerName=node0
2020-06-27 08:27:43,635 [Listener at 127.0.0.1/46381] INFO  server.session (DefaultSessionIdManager.java:doStart(338)) - No SessionScavenger set, using defaults
2020-06-27 08:27:43,635 [Listener at 127.0.0.1/46381] INFO  server.session (HouseKeeper.java:startScavenging(140)) - node0 Scavenging every 600000ms
2020-06-27 08:27:43,637 [Listener at 127.0.0.1/46381] INFO  handler.ContextHandler (ContextHandler.java:doStart(825)) - Started o.e.j.s.ServletContextHandler@7bef02d1{logs,/logs,file:///github/workspace/mnt/ozone/hadoop-ozone/integration-test/target/log,AVAILABLE}
2020-06-27 08:27:43,637 [Listener at 127.0.0.1/46381] INFO  handler.ContextHandler (ContextHandler.java:doStart(825)) - Started o.e.j.s.ServletContextHandler@6e9f84ff{static,/static,jar:file:/home/user/.m2/repository/org/apache/hadoop/hadoop-hdds-container-service/0.6.0-SNAPSHOT/hadoop-hdds-container-service-0.6.0-SNAPSHOT.jar!/webapps/static,AVAILABLE}
2020-06-27 08:27:43,661 [Listener at 127.0.0.1/46381] INFO  handler.ContextHandler (ContextHandler.java:doStart(825)) - Started o.e.j.w.WebAppContext@4d9048c5{hddsDatanode,/,file:///tmp/jetty-0_0_0_0-36493-hadoop-hdds-container-service-0_6_0-SNAPSHOT_jar-_-any-3669561486814319152.dir/webapp/,AVAILABLE}{jar:file:/home/user/.m2/repository/org/apache/hadoop/hadoop-hdds-container-service/0.6.0-SNAPSHOT/hadoop-hdds-container-service-0.6.0-SNAPSHOT.jar!/webapps/hddsDatanode}
2020-06-27 08:27:43,663 [Listener at 127.0.0.1/46381] INFO  server.AbstractConnector (AbstractConnector.java:doStart(330)) - Started ServerConnector@49b502f3{HTTP/1.1,[http/1.1]}{0.0.0.0:36493}
2020-06-27 08:27:43,664 [Listener at 127.0.0.1/46381] INFO  server.Server (Server.java:doStart(399)) - Started @5218ms
2020-06-27 08:27:43,664 [Listener at 127.0.0.1/46381] WARN  impl.MetricsSystemImpl (MetricsSystemImpl.java:register(276)) - Sink prometheus already exists!
2020-06-27 08:27:43,667 [Listener at 127.0.0.1/46381] INFO  http.BaseHttpServer (BaseHttpServer.java:updateConnectorAddress(327)) - HTTP server of hddsDatanode listening at http://0.0.0.0:36493
2020-06-27 08:27:43,667 [Listener at 127.0.0.1/46381] INFO  impl.MetricsSystemImpl (MetricsSystemImpl.java:init(158)) - HddsDatanode metrics system started (again)
2020-06-27 08:27:43,668 [Listener at 127.0.0.1/46381] INFO  ozone.HddsDatanodeService (HddsDatanodeService.java:start(197)) - HddsDatanodeService host:23863634748d ip:172.17.0.2
2020-06-27 08:27:43,672 [Listener at 127.0.0.1/46381] INFO  volume.HddsVolume (HddsVolume.java:<init>(176)) - Creating Volume: /github/workspace/mnt/ozone/hadoop-ozone/integration-test/target/test-dir/MiniOzoneClusterImpl-8eb50a3f-c1ff-437a-8e18-e0505f09b26f/datanode-4/data-0/containers/hdds of storage type : DISK and capacity : 9223372036854775807
2020-06-27 08:27:43,672 [Listener at 127.0.0.1/46381] INFO  volume.MutableVolumeSet (MutableVolumeSet.java:initializeVolumeSet(181)) - Added Volume : /github/workspace/mnt/ozone/hadoop-ozone/integration-test/target/test-dir/MiniOzoneClusterImpl-8eb50a3f-c1ff-437a-8e18-e0505f09b26f/datanode-4/data-0/containers/hdds to VolumeSet
2020-06-27 08:27:43,673 [Listener at 127.0.0.1/46381] INFO  volume.ThrottledAsyncChecker (ThrottledAsyncChecker.java:schedule(141)) - Scheduling a check for /github/workspace/mnt/ozone/hadoop-ozone/integration-test/target/test-dir/MiniOzoneClusterImpl-8eb50a3f-c1ff-437a-8e18-e0505f09b26f/datanode-4/data-0/containers/hdds
2020-06-27 08:27:43,673 [Listener at 127.0.0.1/46381] INFO  volume.HddsVolumeChecker (HddsVolumeChecker.java:checkAllVolumes(200)) - Scheduled health check for volume /github/workspace/mnt/ozone/hadoop-ozone/integration-test/target/test-dir/MiniOzoneClusterImpl-8eb50a3f-c1ff-437a-8e18-e0505f09b26f/datanode-4/data-0/containers/hdds
2020-06-27 08:27:43,704 [org.apache.hadoop.util.JvmPauseMonitor$Monitor@29ea698b] INFO  util.JvmPauseMonitor (JvmPauseMonitor.java:run(188)) - Starting JVM pause monitor
2020-06-27 08:27:43,718 [Datanode State Machine Thread - 0] INFO  datanode.InitDatanodeState (InitDatanodeState.java:persistContainerDatanodeDetails(145)) - DatanodeDetails is persisted to /github/workspace/mnt/ozone/hadoop-ozone/integration-test/target/test-dir/MiniOzoneClusterImpl-8eb50a3f-c1ff-437a-8e18-e0505f09b26f/datanode-3/meta/datanode.id
2020-06-27 08:27:43,722 [Listener at 127.0.0.1/46381] INFO  impl.RaftServerProxy (ConfUtils.java:logGet(44)) - raft.rpc.type = GRPC (default)
2020-06-27 08:27:43,723 [Listener at 127.0.0.1/46381] INFO  grpc.GrpcFactory (GrpcFactory.java:checkPooledByteBufAllocatorUseCacheForAllThreads(45)) - PERFORMANCE WARNING: useCacheForAllThreads is true that may cause Netty to create a lot garbage objects and, as a result, trigger GC.
	It is recommended to disable useCacheForAllThreads by setting -Dorg.apache.ratis.thirdparty.io.netty.allocator.useCacheForAllThreads=false in command line.
2020-06-27 08:27:43,723 [Listener at 127.0.0.1/46381] INFO  grpc.GrpcConfigKeys (ConfUtils.java:logGet(44)) - raft.grpc.server.port = 0 (default)
2020-06-27 08:27:43,723 [Listener at 127.0.0.1/46381] INFO  server.GrpcService (ConfUtils.java:logGet(44)) - raft.grpc.message.size.max = 32MB (=33554432) (custom)
2020-06-27 08:27:43,723 [Listener at 127.0.0.1/46381] INFO  server.RaftServerConfigKeys (ConfUtils.java:logGet(44)) - raft.server.log.appender.buffer.byte-limit = 33554432 (custom)
2020-06-27 08:27:43,724 [Listener at 127.0.0.1/46381] INFO  server.GrpcService (ConfUtils.java:logGet(44)) - raft.grpc.flow.control.window = 5MB (=5242880) (custom)
2020-06-27 08:27:43,724 [Listener at 127.0.0.1/46381] INFO  server.RaftServerConfigKeys (ConfUtils.java:logGet(44)) - raft.server.rpc.request.timeout = 3s (default)
2020-06-27 08:27:43,725 [Listener at 127.0.0.1/46381] INFO  server.RaftServerConfigKeys (ConfUtils.java:logGet(44)) - raft.server.storage.dir = [/github/workspace/mnt/ozone/hadoop-ozone/integration-test/target/test-dir/MiniOzoneClusterImpl-8eb50a3f-c1ff-437a-8e18-e0505f09b26f/datanode-4/data/ratis] (custom)
2020-06-27 08:27:43,748 [Listener at 127.0.0.1/46381] INFO  http.BaseHttpServer (BaseHttpServer.java:newHttpServer2BuilderForOzone(207)) - Starting Web-server for hddsDatanode at: http://0.0.0.0:0
2020-06-27 08:27:43,748 [Listener at 127.0.0.1/46381] INFO  http.BaseHttpServer (BaseHttpServer.java:<init>(106)) - Hadoop Security Enabled: false Ozone Security Enabled: false Ozone HTTP Security Enabled: false 
2020-06-27 08:27:43,750 [Listener at 127.0.0.1/46381] INFO  server.AuthenticationFilter (AuthenticationFilter.java:constructSecretProvider(240)) - Unable to initialize FileSignerSecretProvider, falling back to use random secrets.
2020-06-27 08:27:43,751 [Listener at 127.0.0.1/46381] WARN  http.HttpRequestLog (HttpRequestLog.java:getRequestLog(103)) - Jetty request log can only be enabled using Log4j
2020-06-27 08:27:43,752 [Listener at 127.0.0.1/46381] INFO  http.HttpServer2 (HttpServer2.java:addGlobalFilter(997)) - Added global filter 'safety' (class=org.apache.hadoop.hdds.server.http.HttpServer2$QuotingInputFilter)
2020-06-27 08:27:43,753 [Listener at 127.0.0.1/46381] INFO  http.HttpServer2 (HttpServer2.java:addFilter(973)) - Added filter static_user_filter (class=org.apache.hadoop.http.lib.StaticUserWebFilter$StaticUserFilter) to context hddsDatanode
2020-06-27 08:27:43,753 [Listener at 127.0.0.1/46381] INFO  http.HttpServer2 (HttpServer2.java:addFilter(981)) - Added filter static_user_filter (class=org.apache.hadoop.http.lib.StaticUserWebFilter$StaticUserFilter) to context logs
2020-06-27 08:27:43,753 [Listener at 127.0.0.1/46381] INFO  http.HttpServer2 (HttpServer2.java:addFilter(981)) - Added filter static_user_filter (class=org.apache.hadoop.http.lib.StaticUserWebFilter$StaticUserFilter) to context static
2020-06-27 08:27:43,754 [Listener at 127.0.0.1/46381] INFO  http.HttpServer2 (HttpServer2.java:bindListener(1215)) - Jetty bound to port 39399
2020-06-27 08:27:43,754 [Listener at 127.0.0.1/46381] INFO  server.Server (Server.java:doStart(359)) - jetty-9.4.26.v20200117; built: 2020-01-17T12:35:33.676Z; git: 7b38981d25d14afb4a12ff1f2596756144edf695; jvm 1.8.0_232-b09
2020-06-27 08:27:43,758 [Listener at 127.0.0.1/46381] INFO  server.session (DefaultSessionIdManager.java:doStart(333)) - DefaultSessionIdManager workerName=node0
2020-06-27 08:27:43,758 [Listener at 127.0.0.1/46381] INFO  server.session (DefaultSessionIdManager.java:doStart(338)) - No SessionScavenger set, using defaults
2020-06-27 08:27:43,758 [Listener at 127.0.0.1/46381] INFO  server.session (HouseKeeper.java:startScavenging(140)) - node0 Scavenging every 660000ms
2020-06-27 08:27:43,760 [Listener at 127.0.0.1/46381] INFO  handler.ContextHandler (ContextHandler.java:doStart(825)) - Started o.e.j.s.ServletContextHandler@4ca85f49{logs,/logs,file:///github/workspace/mnt/ozone/hadoop-ozone/integration-test/target/log,AVAILABLE}
2020-06-27 08:27:43,760 [Listener at 127.0.0.1/46381] INFO  handler.ContextHandler (ContextHandler.java:doStart(825)) - Started o.e.j.s.ServletContextHandler@67a69c7{static,/static,jar:file:/home/user/.m2/repository/org/apache/hadoop/hadoop-hdds-container-service/0.6.0-SNAPSHOT/hadoop-hdds-container-service-0.6.0-SNAPSHOT.jar!/webapps/static,AVAILABLE}
2020-06-27 08:27:43,780 [Listener at 127.0.0.1/46381] INFO  handler.ContextHandler (ContextHandler.java:doStart(825)) - Started o.e.j.w.WebAppContext@4b101c1a{hddsDatanode,/,file:///tmp/jetty-0_0_0_0-39399-hadoop-hdds-container-service-0_6_0-SNAPSHOT_jar-_-any-7431343969108870250.dir/webapp/,AVAILABLE}{jar:file:/home/user/.m2/repository/org/apache/hadoop/hadoop-hdds-container-service/0.6.0-SNAPSHOT/hadoop-hdds-container-service-0.6.0-SNAPSHOT.jar!/webapps/hddsDatanode}
2020-06-27 08:27:43,783 [Listener at 127.0.0.1/46381] INFO  server.AbstractConnector (AbstractConnector.java:doStart(330)) - Started ServerConnector@2fa5481a{HTTP/1.1,[http/1.1]}{0.0.0.0:39399}
2020-06-27 08:27:43,784 [Listener at 127.0.0.1/46381] INFO  server.Server (Server.java:doStart(399)) - Started @5338ms
2020-06-27 08:27:43,784 [Listener at 127.0.0.1/46381] WARN  impl.MetricsSystemImpl (MetricsSystemImpl.java:register(276)) - Sink prometheus already exists!
2020-06-27 08:27:43,787 [Listener at 127.0.0.1/46381] INFO  http.BaseHttpServer (BaseHttpServer.java:updateConnectorAddress(327)) - HTTP server of hddsDatanode listening at http://0.0.0.0:39399
2020-06-27 08:27:43,787 [Listener at 127.0.0.1/46381] INFO  impl.MetricsSystemImpl (MetricsSystemImpl.java:init(158)) - HddsDatanode metrics system started (again)
2020-06-27 08:27:43,789 [Listener at 127.0.0.1/46381] INFO  ozone.HddsDatanodeService (HddsDatanodeService.java:start(197)) - HddsDatanodeService host:23863634748d ip:172.17.0.2
2020-06-27 08:27:43,790 [Listener at 127.0.0.1/46381] INFO  volume.HddsVolume (HddsVolume.java:<init>(176)) - Creating Volume: /github/workspace/mnt/ozone/hadoop-ozone/integration-test/target/test-dir/MiniOzoneClusterImpl-8eb50a3f-c1ff-437a-8e18-e0505f09b26f/datanode-5/data-0/containers/hdds of storage type : DISK and capacity : 9223372036854775807
2020-06-27 08:27:43,790 [Listener at 127.0.0.1/46381] INFO  volume.MutableVolumeSet (MutableVolumeSet.java:initializeVolumeSet(181)) - Added Volume : /github/workspace/mnt/ozone/hadoop-ozone/integration-test/target/test-dir/MiniOzoneClusterImpl-8eb50a3f-c1ff-437a-8e18-e0505f09b26f/datanode-5/data-0/containers/hdds to VolumeSet
2020-06-27 08:27:43,790 [Listener at 127.0.0.1/46381] INFO  volume.ThrottledAsyncChecker (ThrottledAsyncChecker.java:schedule(141)) - Scheduling a check for /github/workspace/mnt/ozone/hadoop-ozone/integration-test/target/test-dir/MiniOzoneClusterImpl-8eb50a3f-c1ff-437a-8e18-e0505f09b26f/datanode-5/data-0/containers/hdds
2020-06-27 08:27:43,792 [Listener at 127.0.0.1/46381] INFO  volume.HddsVolumeChecker (HddsVolumeChecker.java:checkAllVolumes(200)) - Scheduled health check for volume /github/workspace/mnt/ozone/hadoop-ozone/integration-test/target/test-dir/MiniOzoneClusterImpl-8eb50a3f-c1ff-437a-8e18-e0505f09b26f/datanode-5/data-0/containers/hdds
2020-06-27 08:27:43,816 [org.apache.hadoop.util.JvmPauseMonitor$Monitor@1e192f5c] INFO  util.JvmPauseMonitor (JvmPauseMonitor.java:run(188)) - Starting JVM pause monitor
2020-06-27 08:27:43,822 [Datanode State Machine Thread - 0] INFO  datanode.InitDatanodeState (InitDatanodeState.java:persistContainerDatanodeDetails(145)) - DatanodeDetails is persisted to /github/workspace/mnt/ozone/hadoop-ozone/integration-test/target/test-dir/MiniOzoneClusterImpl-8eb50a3f-c1ff-437a-8e18-e0505f09b26f/datanode-4/meta/datanode.id
2020-06-27 08:27:43,825 [Listener at 127.0.0.1/46381] INFO  impl.RaftServerProxy (ConfUtils.java:logGet(44)) - raft.rpc.type = GRPC (default)
2020-06-27 08:27:43,826 [Listener at 127.0.0.1/46381] INFO  grpc.GrpcFactory (GrpcFactory.java:checkPooledByteBufAllocatorUseCacheForAllThreads(45)) - PERFORMANCE WARNING: useCacheForAllThreads is true that may cause Netty to create a lot garbage objects and, as a result, trigger GC.
	It is recommended to disable useCacheForAllThreads by setting -Dorg.apache.ratis.thirdparty.io.netty.allocator.useCacheForAllThreads=false in command line.
2020-06-27 08:27:43,826 [Listener at 127.0.0.1/46381] INFO  grpc.GrpcConfigKeys (ConfUtils.java:logGet(44)) - raft.grpc.server.port = 0 (default)
2020-06-27 08:27:43,826 [Listener at 127.0.0.1/46381] INFO  server.GrpcService (ConfUtils.java:logGet(44)) - raft.grpc.message.size.max = 32MB (=33554432) (custom)
2020-06-27 08:27:43,826 [Listener at 127.0.0.1/46381] INFO  server.RaftServerConfigKeys (ConfUtils.java:logGet(44)) - raft.server.log.appender.buffer.byte-limit = 33554432 (custom)
2020-06-27 08:27:43,826 [Listener at 127.0.0.1/46381] INFO  server.GrpcService (ConfUtils.java:logGet(44)) - raft.grpc.flow.control.window = 5MB (=5242880) (custom)
2020-06-27 08:27:43,827 [Listener at 127.0.0.1/46381] INFO  server.RaftServerConfigKeys (ConfUtils.java:logGet(44)) - raft.server.rpc.request.timeout = 3s (default)
2020-06-27 08:27:43,828 [Listener at 127.0.0.1/46381] INFO  server.RaftServerConfigKeys (ConfUtils.java:logGet(44)) - raft.server.storage.dir = [/github/workspace/mnt/ozone/hadoop-ozone/integration-test/target/test-dir/MiniOzoneClusterImpl-8eb50a3f-c1ff-437a-8e18-e0505f09b26f/datanode-5/data/ratis] (custom)
2020-06-27 08:27:43,832 [Listener at 127.0.0.1/46381] INFO  http.BaseHttpServer (BaseHttpServer.java:newHttpServer2BuilderForOzone(207)) - Starting Web-server for hddsDatanode at: http://0.0.0.0:0
2020-06-27 08:27:43,833 [Listener at 127.0.0.1/46381] INFO  http.BaseHttpServer (BaseHttpServer.java:<init>(106)) - Hadoop Security Enabled: false Ozone Security Enabled: false Ozone HTTP Security Enabled: false 
2020-06-27 08:27:43,834 [Listener at 127.0.0.1/46381] INFO  server.AuthenticationFilter (AuthenticationFilter.java:constructSecretProvider(240)) - Unable to initialize FileSignerSecretProvider, falling back to use random secrets.
2020-06-27 08:27:43,835 [Listener at 127.0.0.1/46381] WARN  http.HttpRequestLog (HttpRequestLog.java:getRequestLog(103)) - Jetty request log can only be enabled using Log4j
2020-06-27 08:27:43,836 [Listener at 127.0.0.1/46381] INFO  http.HttpServer2 (HttpServer2.java:addGlobalFilter(997)) - Added global filter 'safety' (class=org.apache.hadoop.hdds.server.http.HttpServer2$QuotingInputFilter)
2020-06-27 08:27:43,837 [Listener at 127.0.0.1/46381] INFO  http.HttpServer2 (HttpServer2.java:addFilter(973)) - Added filter static_user_filter (class=org.apache.hadoop.http.lib.StaticUserWebFilter$StaticUserFilter) to context hddsDatanode
2020-06-27 08:27:43,837 [Listener at 127.0.0.1/46381] INFO  http.HttpServer2 (HttpServer2.java:addFilter(981)) - Added filter static_user_filter (class=org.apache.hadoop.http.lib.StaticUserWebFilter$StaticUserFilter) to context static
2020-06-27 08:27:43,837 [Listener at 127.0.0.1/46381] INFO  http.HttpServer2 (HttpServer2.java:addFilter(981)) - Added filter static_user_filter (class=org.apache.hadoop.http.lib.StaticUserWebFilter$StaticUserFilter) to context logs
2020-06-27 08:27:43,837 [Listener at 127.0.0.1/46381] INFO  http.HttpServer2 (HttpServer2.java:bindListener(1215)) - Jetty bound to port 45057
2020-06-27 08:27:43,837 [Listener at 127.0.0.1/46381] INFO  server.Server (Server.java:doStart(359)) - jetty-9.4.26.v20200117; built: 2020-01-17T12:35:33.676Z; git: 7b38981d25d14afb4a12ff1f2596756144edf695; jvm 1.8.0_232-b09
2020-06-27 08:27:43,840 [Listener at 127.0.0.1/46381] INFO  server.session (DefaultSessionIdManager.java:doStart(333)) - DefaultSessionIdManager workerName=node0
2020-06-27 08:27:43,840 [Listener at 127.0.0.1/46381] INFO  server.session (DefaultSessionIdManager.java:doStart(338)) - No SessionScavenger set, using defaults
2020-06-27 08:27:43,840 [Listener at 127.0.0.1/46381] INFO  server.session (HouseKeeper.java:startScavenging(140)) - node0 Scavenging every 660000ms
2020-06-27 08:27:43,841 [Listener at 127.0.0.1/46381] INFO  handler.ContextHandler (ContextHandler.java:doStart(825)) - Started o.e.j.s.ServletContextHandler@60c67008{logs,/logs,file:///github/workspace/mnt/ozone/hadoop-ozone/integration-test/target/log,AVAILABLE}
2020-06-27 08:27:43,841 [Listener at 127.0.0.1/46381] INFO  handler.ContextHandler (ContextHandler.java:doStart(825)) - Started o.e.j.s.ServletContextHandler@90080e2{static,/static,jar:file:/home/user/.m2/repository/org/apache/hadoop/hadoop-hdds-container-service/0.6.0-SNAPSHOT/hadoop-hdds-container-service-0.6.0-SNAPSHOT.jar!/webapps/static,AVAILABLE}
2020-06-27 08:27:43,862 [Listener at 127.0.0.1/46381] INFO  handler.ContextHandler (ContextHandler.java:doStart(825)) - Started o.e.j.w.WebAppContext@55cb54c5{hddsDatanode,/,file:///tmp/jetty-0_0_0_0-45057-hadoop-hdds-container-service-0_6_0-SNAPSHOT_jar-_-any-1899987562705881977.dir/webapp/,AVAILABLE}{jar:file:/home/user/.m2/repository/org/apache/hadoop/hadoop-hdds-container-service/0.6.0-SNAPSHOT/hadoop-hdds-container-service-0.6.0-SNAPSHOT.jar!/webapps/hddsDatanode}
2020-06-27 08:27:43,865 [Listener at 127.0.0.1/46381] INFO  server.AbstractConnector (AbstractConnector.java:doStart(330)) - Started ServerConnector@60cb446a{HTTP/1.1,[http/1.1]}{0.0.0.0:45057}
2020-06-27 08:27:43,865 [Listener at 127.0.0.1/46381] INFO  server.Server (Server.java:doStart(399)) - Started @5419ms
2020-06-27 08:27:43,865 [Listener at 127.0.0.1/46381] WARN  impl.MetricsSystemImpl (MetricsSystemImpl.java:register(276)) - Sink prometheus already exists!
2020-06-27 08:27:43,868 [Listener at 127.0.0.1/46381] INFO  http.BaseHttpServer (BaseHttpServer.java:updateConnectorAddress(327)) - HTTP server of hddsDatanode listening at http://0.0.0.0:45057
2020-06-27 08:27:43,869 [Listener at 127.0.0.1/46381] INFO  impl.MetricsSystemImpl (MetricsSystemImpl.java:init(158)) - HddsDatanode metrics system started (again)
2020-06-27 08:27:43,870 [Listener at 127.0.0.1/46381] INFO  ozone.HddsDatanodeService (HddsDatanodeService.java:start(197)) - HddsDatanodeService host:23863634748d ip:172.17.0.2
2020-06-27 08:27:43,872 [Listener at 127.0.0.1/46381] INFO  volume.HddsVolume (HddsVolume.java:<init>(176)) - Creating Volume: /github/workspace/mnt/ozone/hadoop-ozone/integration-test/target/test-dir/MiniOzoneClusterImpl-8eb50a3f-c1ff-437a-8e18-e0505f09b26f/datanode-6/data-0/containers/hdds of storage type : DISK and capacity : 9223372036854775807
2020-06-27 08:27:43,872 [Listener at 127.0.0.1/46381] INFO  volume.MutableVolumeSet (MutableVolumeSet.java:initializeVolumeSet(181)) - Added Volume : /github/workspace/mnt/ozone/hadoop-ozone/integration-test/target/test-dir/MiniOzoneClusterImpl-8eb50a3f-c1ff-437a-8e18-e0505f09b26f/datanode-6/data-0/containers/hdds to VolumeSet
2020-06-27 08:27:43,872 [Listener at 127.0.0.1/46381] INFO  volume.ThrottledAsyncChecker (ThrottledAsyncChecker.java:schedule(141)) - Scheduling a check for /github/workspace/mnt/ozone/hadoop-ozone/integration-test/target/test-dir/MiniOzoneClusterImpl-8eb50a3f-c1ff-437a-8e18-e0505f09b26f/datanode-6/data-0/containers/hdds
2020-06-27 08:27:43,874 [Listener at 127.0.0.1/46381] INFO  volume.HddsVolumeChecker (HddsVolumeChecker.java:checkAllVolumes(200)) - Scheduled health check for volume /github/workspace/mnt/ozone/hadoop-ozone/integration-test/target/test-dir/MiniOzoneClusterImpl-8eb50a3f-c1ff-437a-8e18-e0505f09b26f/datanode-6/data-0/containers/hdds
2020-06-27 08:27:43,900 [org.apache.hadoop.util.JvmPauseMonitor$Monitor@4d0c1be1] INFO  util.JvmPauseMonitor (JvmPauseMonitor.java:run(188)) - Starting JVM pause monitor
2020-06-27 08:27:43,903 [Datanode State Machine Thread - 0] INFO  datanode.InitDatanodeState (InitDatanodeState.java:persistContainerDatanodeDetails(145)) - DatanodeDetails is persisted to /github/workspace/mnt/ozone/hadoop-ozone/integration-test/target/test-dir/MiniOzoneClusterImpl-8eb50a3f-c1ff-437a-8e18-e0505f09b26f/datanode-5/meta/datanode.id
2020-06-27 08:27:43,906 [Listener at 127.0.0.1/46381] INFO  impl.RaftServerProxy (ConfUtils.java:logGet(44)) - raft.rpc.type = GRPC (default)
2020-06-27 08:27:43,907 [Listener at 127.0.0.1/46381] INFO  grpc.GrpcFactory (GrpcFactory.java:checkPooledByteBufAllocatorUseCacheForAllThreads(45)) - PERFORMANCE WARNING: useCacheForAllThreads is true that may cause Netty to create a lot garbage objects and, as a result, trigger GC.
	It is recommended to disable useCacheForAllThreads by setting -Dorg.apache.ratis.thirdparty.io.netty.allocator.useCacheForAllThreads=false in command line.
2020-06-27 08:27:43,908 [Listener at 127.0.0.1/46381] INFO  grpc.GrpcConfigKeys (ConfUtils.java:logGet(44)) - raft.grpc.server.port = 0 (default)
2020-06-27 08:27:43,908 [Listener at 127.0.0.1/46381] INFO  server.GrpcService (ConfUtils.java:logGet(44)) - raft.grpc.message.size.max = 32MB (=33554432) (custom)
2020-06-27 08:27:43,908 [Listener at 127.0.0.1/46381] INFO  server.RaftServerConfigKeys (ConfUtils.java:logGet(44)) - raft.server.log.appender.buffer.byte-limit = 33554432 (custom)
2020-06-27 08:27:43,908 [Listener at 127.0.0.1/46381] INFO  server.GrpcService (ConfUtils.java:logGet(44)) - raft.grpc.flow.control.window = 5MB (=5242880) (custom)
2020-06-27 08:27:43,908 [Listener at 127.0.0.1/46381] INFO  server.RaftServerConfigKeys (ConfUtils.java:logGet(44)) - raft.server.rpc.request.timeout = 3s (default)
2020-06-27 08:27:43,909 [Listener at 127.0.0.1/46381] INFO  server.RaftServerConfigKeys (ConfUtils.java:logGet(44)) - raft.server.storage.dir = [/github/workspace/mnt/ozone/hadoop-ozone/integration-test/target/test-dir/MiniOzoneClusterImpl-8eb50a3f-c1ff-437a-8e18-e0505f09b26f/datanode-6/data/ratis] (custom)
2020-06-27 08:27:43,914 [Listener at 127.0.0.1/46381] INFO  http.BaseHttpServer (BaseHttpServer.java:newHttpServer2BuilderForOzone(207)) - Starting Web-server for hddsDatanode at: http://0.0.0.0:0
2020-06-27 08:27:43,914 [Listener at 127.0.0.1/46381] INFO  http.BaseHttpServer (BaseHttpServer.java:<init>(106)) - Hadoop Security Enabled: false Ozone Security Enabled: false Ozone HTTP Security Enabled: false 
2020-06-27 08:27:43,915 [Listener at 127.0.0.1/46381] INFO  server.AuthenticationFilter (AuthenticationFilter.java:constructSecretProvider(240)) - Unable to initialize FileSignerSecretProvider, falling back to use random secrets.
2020-06-27 08:27:43,916 [Listener at 127.0.0.1/46381] WARN  http.HttpRequestLog (HttpRequestLog.java:getRequestLog(103)) - Jetty request log can only be enabled using Log4j
2020-06-27 08:27:43,917 [Listener at 127.0.0.1/46381] INFO  http.HttpServer2 (HttpServer2.java:addGlobalFilter(997)) - Added global filter 'safety' (class=org.apache.hadoop.hdds.server.http.HttpServer2$QuotingInputFilter)
2020-06-27 08:27:43,917 [Listener at 127.0.0.1/46381] INFO  http.HttpServer2 (HttpServer2.java:addFilter(973)) - Added filter static_user_filter (class=org.apache.hadoop.http.lib.StaticUserWebFilter$StaticUserFilter) to context hddsDatanode
2020-06-27 08:27:43,918 [Listener at 127.0.0.1/46381] INFO  http.HttpServer2 (HttpServer2.java:addFilter(981)) - Added filter static_user_filter (class=org.apache.hadoop.http.lib.StaticUserWebFilter$StaticUserFilter) to context static
2020-06-27 08:27:43,918 [Listener at 127.0.0.1/46381] INFO  http.HttpServer2 (HttpServer2.java:addFilter(981)) - Added filter static_user_filter (class=org.apache.hadoop.http.lib.StaticUserWebFilter$StaticUserFilter) to context logs
2020-06-27 08:27:43,918 [Listener at 127.0.0.1/46381] INFO  http.HttpServer2 (HttpServer2.java:bindListener(1215)) - Jetty bound to port 34481
2020-06-27 08:27:43,918 [Listener at 127.0.0.1/46381] INFO  server.Server (Server.java:doStart(359)) - jetty-9.4.26.v20200117; built: 2020-01-17T12:35:33.676Z; git: 7b38981d25d14afb4a12ff1f2596756144edf695; jvm 1.8.0_232-b09
2020-06-27 08:27:43,921 [Listener at 127.0.0.1/46381] INFO  server.session (DefaultSessionIdManager.java:doStart(333)) - DefaultSessionIdManager workerName=node0
2020-06-27 08:27:43,921 [Listener at 127.0.0.1/46381] INFO  server.session (DefaultSessionIdManager.java:doStart(338)) - No SessionScavenger set, using defaults
2020-06-27 08:27:43,921 [Listener at 127.0.0.1/46381] INFO  server.session (HouseKeeper.java:startScavenging(140)) - node0 Scavenging every 600000ms
2020-06-27 08:27:43,924 [Listener at 127.0.0.1/46381] INFO  handler.ContextHandler (ContextHandler.java:doStart(825)) - Started o.e.j.s.ServletContextHandler@71376c5f{logs,/logs,file:///github/workspace/mnt/ozone/hadoop-ozone/integration-test/target/log,AVAILABLE}
2020-06-27 08:27:43,924 [Listener at 127.0.0.1/46381] INFO  handler.ContextHandler (ContextHandler.java:doStart(825)) - Started o.e.j.s.ServletContextHandler@644b4e0{static,/static,jar:file:/home/user/.m2/repository/org/apache/hadoop/hadoop-hdds-container-service/0.6.0-SNAPSHOT/hadoop-hdds-container-service-0.6.0-SNAPSHOT.jar!/webapps/static,AVAILABLE}
2020-06-27 08:27:43,950 [Listener at 127.0.0.1/46381] INFO  handler.ContextHandler (ContextHandler.java:doStart(825)) - Started o.e.j.w.WebAppContext@35940af1{hddsDatanode,/,file:///tmp/jetty-0_0_0_0-34481-hadoop-hdds-container-service-0_6_0-SNAPSHOT_jar-_-any-5976231688564953795.dir/webapp/,AVAILABLE}{jar:file:/home/user/.m2/repository/org/apache/hadoop/hadoop-hdds-container-service/0.6.0-SNAPSHOT/hadoop-hdds-container-service-0.6.0-SNAPSHOT.jar!/webapps/hddsDatanode}
2020-06-27 08:27:43,954 [Listener at 127.0.0.1/46381] INFO  server.AbstractConnector (AbstractConnector.java:doStart(330)) - Started ServerConnector@56ab7448{HTTP/1.1,[http/1.1]}{0.0.0.0:34481}
2020-06-27 08:27:43,954 [Listener at 127.0.0.1/46381] INFO  server.Server (Server.java:doStart(399)) - Started @5508ms
2020-06-27 08:27:43,954 [Listener at 127.0.0.1/46381] WARN  impl.MetricsSystemImpl (MetricsSystemImpl.java:register(276)) - Sink prometheus already exists!
2020-06-27 08:27:43,957 [Listener at 127.0.0.1/46381] INFO  http.BaseHttpServer (BaseHttpServer.java:updateConnectorAddress(327)) - HTTP server of hddsDatanode listening at http://0.0.0.0:34481
2020-06-27 08:27:43,958 [Listener at 127.0.0.1/46381] INFO  ozone.MiniOzoneClusterImpl (MiniOzoneClusterImpl.java:lambda$waitForClusterToBeReady$0(177)) - Waiting for nodes to be ready. Got 0 of 7 DN Heartbeats.
2020-06-27 08:27:43,958 [Listener at 127.0.0.1/46381] INFO  ozone.MiniOzoneClusterImpl (MiniOzoneClusterImpl.java:lambda$waitForClusterToBeReady$0(180)) - Waiting for cluster to exit safe mode
2020-06-27 08:27:43,965 [org.apache.hadoop.util.JvmPauseMonitor$Monitor@7a8e60ac] INFO  util.JvmPauseMonitor (JvmPauseMonitor.java:run(188)) - Starting JVM pause monitor
2020-06-27 08:27:43,974 [Datanode State Machine Thread - 0] INFO  datanode.InitDatanodeState (InitDatanodeState.java:persistContainerDatanodeDetails(145)) - DatanodeDetails is persisted to /github/workspace/mnt/ozone/hadoop-ozone/integration-test/target/test-dir/MiniOzoneClusterImpl-8eb50a3f-c1ff-437a-8e18-e0505f09b26f/datanode-6/meta/datanode.id
2020-06-27 08:27:44,958 [Listener at 127.0.0.1/46381] INFO  ozone.MiniOzoneClusterImpl (MiniOzoneClusterImpl.java:lambda$waitForClusterToBeReady$0(177)) - Waiting for nodes to be ready. Got 0 of 7 DN Heartbeats.
2020-06-27 08:27:44,958 [Listener at 127.0.0.1/46381] INFO  ozone.MiniOzoneClusterImpl (MiniOzoneClusterImpl.java:lambda$waitForClusterToBeReady$0(180)) - Waiting for cluster to exit safe mode
2020-06-27 08:27:45,415 [Datanode State Machine Thread - 0] INFO  ozoneimpl.OzoneContainer (OzoneContainer.java:start(232)) - Attempting to start container services.
2020-06-27 08:27:45,417 [Datanode State Machine Thread - 0] INFO  ozoneimpl.OzoneContainer (OzoneContainer.java:startContainerScrub(196)) - Background container scanner has been disabled.
2020-06-27 08:27:45,417 [Datanode State Machine Thread - 0] INFO  ratis.XceiverServerRatis (XceiverServerRatis.java:start(425)) - Starting XceiverServerRatis addd0e4b-8b83-4fcf-9561-846eae7ff551 at port 0
2020-06-27 08:27:45,432 [Datanode State Machine Thread - 0] INFO  impl.RaftServerProxy (RaftServerProxy.java:lambda$start$3(304)) - addd0e4b-8b83-4fcf-9561-846eae7ff551: start RPC server
2020-06-27 08:27:45,495 [Datanode State Machine Thread - 0] INFO  server.GrpcService (GrpcService.java:startImpl(160)) - addd0e4b-8b83-4fcf-9561-846eae7ff551: GrpcService started, listening on 0.0.0.0/0.0.0.0:35621
2020-06-27 08:27:45,496 [Datanode State Machine Thread - 0] INFO  ratis.XceiverServerRatis (XceiverServerRatis.java:start(437)) - XceiverServerRatis addd0e4b-8b83-4fcf-9561-846eae7ff551 is started using port 35621
2020-06-27 08:27:45,499 [Datanode State Machine Thread - 0] INFO  server.XceiverServerGrpc (XceiverServerGrpc.java:start(145)) - XceiverServerGrpc addd0e4b-8b83-4fcf-9561-846eae7ff551 is started using port 33633
2020-06-27 08:27:45,508 [Datanode State Machine Thread - 0] INFO  ozoneimpl.OzoneContainer (OzoneContainer.java:start(232)) - Attempting to start container services.
2020-06-27 08:27:45,511 [Datanode State Machine Thread - 0] INFO  ozoneimpl.OzoneContainer (OzoneContainer.java:startContainerScrub(196)) - Background container scanner has been disabled.
2020-06-27 08:27:45,511 [Datanode State Machine Thread - 0] INFO  ratis.XceiverServerRatis (XceiverServerRatis.java:start(425)) - Starting XceiverServerRatis 7ac2bac4-ea14-4a92-ad00-7ecf8c69770d at port 0
2020-06-27 08:27:45,517 [Datanode State Machine Thread - 0] INFO  impl.RaftServerProxy (RaftServerProxy.java:lambda$start$3(304)) - 7ac2bac4-ea14-4a92-ad00-7ecf8c69770d: start RPC server
2020-06-27 08:27:45,520 [Datanode State Machine Thread - 0] INFO  server.GrpcService (GrpcService.java:startImpl(160)) - 7ac2bac4-ea14-4a92-ad00-7ecf8c69770d: GrpcService started, listening on 0.0.0.0/0.0.0.0:39381
2020-06-27 08:27:45,521 [Datanode State Machine Thread - 0] INFO  ratis.XceiverServerRatis (XceiverServerRatis.java:start(437)) - XceiverServerRatis 7ac2bac4-ea14-4a92-ad00-7ecf8c69770d is started using port 39381
2020-06-27 08:27:45,522 [Datanode State Machine Thread - 0] INFO  server.XceiverServerGrpc (XceiverServerGrpc.java:start(145)) - XceiverServerGrpc 7ac2bac4-ea14-4a92-ad00-7ecf8c69770d is started using port 37321
2020-06-27 08:27:45,615 [Datanode State Machine Thread - 0] INFO  ozoneimpl.OzoneContainer (OzoneContainer.java:start(232)) - Attempting to start container services.
2020-06-27 08:27:45,616 [Datanode State Machine Thread - 0] INFO  ozoneimpl.OzoneContainer (OzoneContainer.java:startContainerScrub(196)) - Background container scanner has been disabled.
2020-06-27 08:27:45,616 [Datanode State Machine Thread - 0] INFO  ratis.XceiverServerRatis (XceiverServerRatis.java:start(425)) - Starting XceiverServerRatis 21e928e7-b178-40d2-b19b-ea853389ee6e at port 0
2020-06-27 08:27:45,617 [Datanode State Machine Thread - 0] INFO  impl.RaftServerProxy (RaftServerProxy.java:lambda$start$3(304)) - 21e928e7-b178-40d2-b19b-ea853389ee6e: start RPC server
2020-06-27 08:27:45,624 [Datanode State Machine Thread - 0] INFO  server.GrpcService (GrpcService.java:startImpl(160)) - 21e928e7-b178-40d2-b19b-ea853389ee6e: GrpcService started, listening on 0.0.0.0/0.0.0.0:38179
2020-06-27 08:27:45,624 [Datanode State Machine Thread - 0] INFO  ratis.XceiverServerRatis (XceiverServerRatis.java:start(437)) - XceiverServerRatis 21e928e7-b178-40d2-b19b-ea853389ee6e is started using port 38179
2020-06-27 08:27:45,625 [Datanode State Machine Thread - 0] INFO  server.XceiverServerGrpc (XceiverServerGrpc.java:start(145)) - XceiverServerGrpc 21e928e7-b178-40d2-b19b-ea853389ee6e is started using port 40105
2020-06-27 08:27:45,707 [Datanode State Machine Thread - 0] INFO  ozoneimpl.OzoneContainer (OzoneContainer.java:start(232)) - Attempting to start container services.
2020-06-27 08:27:45,708 [Datanode State Machine Thread - 0] INFO  ozoneimpl.OzoneContainer (OzoneContainer.java:startContainerScrub(196)) - Background container scanner has been disabled.
2020-06-27 08:27:45,708 [Datanode State Machine Thread - 0] INFO  ratis.XceiverServerRatis (XceiverServerRatis.java:start(425)) - Starting XceiverServerRatis 34efc206-1f67-4a18-aa05-bd0f2a1ef0e4 at port 0
2020-06-27 08:27:45,709 [Datanode State Machine Thread - 0] INFO  impl.RaftServerProxy (RaftServerProxy.java:lambda$start$3(304)) - 34efc206-1f67-4a18-aa05-bd0f2a1ef0e4: start RPC server
2020-06-27 08:27:45,710 [Datanode State Machine Thread - 0] INFO  server.GrpcService (GrpcService.java:startImpl(160)) - 34efc206-1f67-4a18-aa05-bd0f2a1ef0e4: GrpcService started, listening on 0.0.0.0/0.0.0.0:36253
2020-06-27 08:27:45,710 [Datanode State Machine Thread - 0] INFO  ratis.XceiverServerRatis (XceiverServerRatis.java:start(437)) - XceiverServerRatis 34efc206-1f67-4a18-aa05-bd0f2a1ef0e4 is started using port 36253
2020-06-27 08:27:45,711 [Datanode State Machine Thread - 0] INFO  server.XceiverServerGrpc (XceiverServerGrpc.java:start(145)) - XceiverServerGrpc 34efc206-1f67-4a18-aa05-bd0f2a1ef0e4 is started using port 33231
2020-06-27 08:27:45,820 [Datanode State Machine Thread - 0] INFO  ozoneimpl.OzoneContainer (OzoneContainer.java:start(232)) - Attempting to start container services.
2020-06-27 08:27:45,820 [Datanode State Machine Thread - 0] INFO  ozoneimpl.OzoneContainer (OzoneContainer.java:startContainerScrub(196)) - Background container scanner has been disabled.
2020-06-27 08:27:45,820 [Datanode State Machine Thread - 0] INFO  ratis.XceiverServerRatis (XceiverServerRatis.java:start(425)) - Starting XceiverServerRatis 7f53e279-916a-4fed-90de-23e9c25f9e31 at port 0
2020-06-27 08:27:45,823 [Datanode State Machine Thread - 0] INFO  impl.RaftServerProxy (RaftServerProxy.java:lambda$start$3(304)) - 7f53e279-916a-4fed-90de-23e9c25f9e31: start RPC server
2020-06-27 08:27:45,825 [Datanode State Machine Thread - 0] INFO  server.GrpcService (GrpcService.java:startImpl(160)) - 7f53e279-916a-4fed-90de-23e9c25f9e31: GrpcService started, listening on 0.0.0.0/0.0.0.0:39157
2020-06-27 08:27:45,825 [Datanode State Machine Thread - 0] INFO  ratis.XceiverServerRatis (XceiverServerRatis.java:start(437)) - XceiverServerRatis 7f53e279-916a-4fed-90de-23e9c25f9e31 is started using port 39157
2020-06-27 08:27:45,826 [Datanode State Machine Thread - 0] INFO  server.XceiverServerGrpc (XceiverServerGrpc.java:start(145)) - XceiverServerGrpc 7f53e279-916a-4fed-90de-23e9c25f9e31 is started using port 40471
2020-06-27 08:27:45,904 [Datanode State Machine Thread - 0] INFO  ozoneimpl.OzoneContainer (OzoneContainer.java:start(232)) - Attempting to start container services.
2020-06-27 08:27:45,904 [Datanode State Machine Thread - 0] INFO  ozoneimpl.OzoneContainer (OzoneContainer.java:startContainerScrub(196)) - Background container scanner has been disabled.
2020-06-27 08:27:45,904 [Datanode State Machine Thread - 0] INFO  ratis.XceiverServerRatis (XceiverServerRatis.java:start(425)) - Starting XceiverServerRatis a99a18fa-a15b-4cd6-a5fd-78034dfd05b4 at port 0
2020-06-27 08:27:45,908 [Datanode State Machine Thread - 0] INFO  impl.RaftServerProxy (RaftServerProxy.java:lambda$start$3(304)) - a99a18fa-a15b-4cd6-a5fd-78034dfd05b4: start RPC server
2020-06-27 08:27:45,910 [Datanode State Machine Thread - 0] INFO  server.GrpcService (GrpcService.java:startImpl(160)) - a99a18fa-a15b-4cd6-a5fd-78034dfd05b4: GrpcService started, listening on 0.0.0.0/0.0.0.0:33739
2020-06-27 08:27:45,910 [Datanode State Machine Thread - 0] INFO  ratis.XceiverServerRatis (XceiverServerRatis.java:start(437)) - XceiverServerRatis a99a18fa-a15b-4cd6-a5fd-78034dfd05b4 is started using port 33739
2020-06-27 08:27:45,911 [Datanode State Machine Thread - 0] INFO  server.XceiverServerGrpc (XceiverServerGrpc.java:start(145)) - XceiverServerGrpc a99a18fa-a15b-4cd6-a5fd-78034dfd05b4 is started using port 33801
2020-06-27 08:27:45,958 [Listener at 127.0.0.1/46381] INFO  ozone.MiniOzoneClusterImpl (MiniOzoneClusterImpl.java:lambda$waitForClusterToBeReady$0(177)) - Waiting for nodes to be ready. Got 0 of 7 DN Heartbeats.
2020-06-27 08:27:45,959 [Listener at 127.0.0.1/46381] INFO  ozone.MiniOzoneClusterImpl (MiniOzoneClusterImpl.java:lambda$waitForClusterToBeReady$0(180)) - Waiting for cluster to exit safe mode
2020-06-27 08:27:45,969 [Datanode State Machine Thread - 0] INFO  ozoneimpl.OzoneContainer (OzoneContainer.java:start(232)) - Attempting to start container services.
2020-06-27 08:27:45,969 [Datanode State Machine Thread - 0] INFO  ozoneimpl.OzoneContainer (OzoneContainer.java:startContainerScrub(196)) - Background container scanner has been disabled.
2020-06-27 08:27:45,969 [Datanode State Machine Thread - 0] INFO  ratis.XceiverServerRatis (XceiverServerRatis.java:start(425)) - Starting XceiverServerRatis b9f13683-3178-4f3b-aaab-40506ece2b5f at port 0
2020-06-27 08:27:45,970 [Datanode State Machine Thread - 0] INFO  impl.RaftServerProxy (RaftServerProxy.java:lambda$start$3(304)) - b9f13683-3178-4f3b-aaab-40506ece2b5f: start RPC server
2020-06-27 08:27:45,977 [Datanode State Machine Thread - 0] INFO  server.GrpcService (GrpcService.java:startImpl(160)) - b9f13683-3178-4f3b-aaab-40506ece2b5f: GrpcService started, listening on 0.0.0.0/0.0.0.0:45173
2020-06-27 08:27:45,977 [Datanode State Machine Thread - 0] INFO  ratis.XceiverServerRatis (XceiverServerRatis.java:start(437)) - XceiverServerRatis b9f13683-3178-4f3b-aaab-40506ece2b5f is started using port 45173
2020-06-27 08:27:45,983 [Datanode State Machine Thread - 0] INFO  server.XceiverServerGrpc (XceiverServerGrpc.java:start(145)) - XceiverServerGrpc b9f13683-3178-4f3b-aaab-40506ece2b5f is started using port 40073
2020-06-27 08:27:46,959 [Listener at 127.0.0.1/46381] INFO  ozone.MiniOzoneClusterImpl (MiniOzoneClusterImpl.java:lambda$waitForClusterToBeReady$0(177)) - Waiting for nodes to be ready. Got 0 of 7 DN Heartbeats.
2020-06-27 08:27:46,959 [Listener at 127.0.0.1/46381] INFO  ozone.MiniOzoneClusterImpl (MiniOzoneClusterImpl.java:lambda$waitForClusterToBeReady$0(180)) - Waiting for cluster to exit safe mode
2020-06-27 08:27:47,373 [IPC Server handler 0 on default port 36417] INFO  net.NetworkTopology (NetworkTopologyImpl.java:add(111)) - Added a new node: /default-rack/addd0e4b-8b83-4fcf-9561-846eae7ff551
2020-06-27 08:27:47,373 [IPC Server handler 0 on default port 36417] INFO  node.SCMNodeManager (SCMNodeManager.java:register(268)) - Registered Data node : addd0e4b-8b83-4fcf-9561-846eae7ff551{ip: 172.17.0.2, host: 23863634748d, networkLocation: /default-rack, certSerialId: null}
2020-06-27 08:27:47,379 [EventQueue-NodeRegistrationContainerReportForContainerSafeModeRule] INFO  safemode.SCMSafeModeManager (SCMSafeModeManager.java:validateSafeModeExitRules(214)) - ContainerSafeModeRule rule is successfully validated
2020-06-27 08:27:47,379 [EventQueue-NodeRegistrationContainerReportForDataNodeSafeModeRule] INFO  safemode.SCMSafeModeManager (DataNodeSafeModeRule.java:process(71)) - SCM in safe mode. 1 DataNodes registered, 1 required.
2020-06-27 08:27:47,379 [EventQueue-NodeRegistrationContainerReportForDataNodeSafeModeRule] INFO  safemode.SCMSafeModeManager (SCMSafeModeManager.java:validateSafeModeExitRules(214)) - DataNodeSafeModeRule rule is successfully validated
2020-06-27 08:27:47,379 [EventQueue-NodeRegistrationContainerReportForDataNodeSafeModeRule] INFO  safemode.SCMSafeModeManager (SCMSafeModeManager.java:completePreCheck(242)) - All SCM safe mode pre check rules have passed
2020-06-27 08:27:47,392 [RatisPipelineUtilsThread] INFO  pipeline.RatisPipelineProvider (RatisPipelineProvider.java:lambda$create$0(138)) - Sending CreatePipelineCommand for pipeline:PipelineID=fdba43ff-668e-480b-8ad7-f3bc6e991ada to datanode:addd0e4b-8b83-4fcf-9561-846eae7ff551
2020-06-27 08:27:47,405 [RatisPipelineUtilsThread] INFO  pipeline.PipelineStateManager (PipelineStateManager.java:addPipeline(54)) - Created pipeline Pipeline[ Id: fdba43ff-668e-480b-8ad7-f3bc6e991ada, Nodes: addd0e4b-8b83-4fcf-9561-846eae7ff551{ip: 172.17.0.2, host: 23863634748d, networkLocation: /default-rack, certSerialId: null}, Type:RATIS, Factor:ONE, State:ALLOCATED, leaderId:, CreationTimestamp2020-06-27T08:27:47.386Z]
2020-06-27 08:27:47,407 [RatisPipelineUtilsThread] ERROR pipeline.SCMPipelineManager (SCMPipelineManager.java:createPipeline(222)) - Failed to create pipeline of type RATIS and factor ONE. Exception: Cannot create pipeline of factor 1 using 0 nodes. Used 1 nodes. Healthy nodes 1
2020-06-27 08:27:47,407 [RatisPipelineUtilsThread] WARN  pipeline.PipelinePlacementPolicy (PipelinePlacementPolicy.java:filterViableNodes(133)) - Pipeline creation failed due to no sufficient healthy datanodes. Required 3. Found 1.
2020-06-27 08:27:47,407 [RatisPipelineUtilsThread] ERROR pipeline.SCMPipelineManager (SCMPipelineManager.java:createPipeline(222)) - Failed to create pipeline of type RATIS and factor THREE. Exception: Pipeline creation failed due to no sufficient healthy datanodes. Required 3. Found 1.
2020-06-27 08:27:47,508 [IPC Server handler 2 on default port 36417] INFO  net.NetworkTopology (NetworkTopologyImpl.java:add(111)) - Added a new node: /default-rack/7ac2bac4-ea14-4a92-ad00-7ecf8c69770d
2020-06-27 08:27:47,508 [IPC Server handler 2 on default port 36417] INFO  node.SCMNodeManager (SCMNodeManager.java:register(268)) - Registered Data node : 7ac2bac4-ea14-4a92-ad00-7ecf8c69770d{ip: 172.17.0.2, host: 23863634748d, networkLocation: /default-rack, certSerialId: null}
2020-06-27 08:27:47,508 [EventQueue-NodeRegistrationContainerReportForContainerSafeModeRule] INFO  safemode.SCMSafeModeManager (SCMSafeModeManager.java:validateSafeModeExitRules(214)) - ContainerSafeModeRule rule is successfully validated
2020-06-27 08:27:47,509 [EventQueue-NodeRegistrationContainerReportForDataNodeSafeModeRule] INFO  safemode.SCMSafeModeManager (SCMSafeModeManager.java:validateSafeModeExitRules(214)) - DataNodeSafeModeRule rule is successfully validated
2020-06-27 08:27:47,509 [RatisPipelineUtilsThread] INFO  pipeline.RatisPipelineProvider (RatisPipelineProvider.java:lambda$create$0(138)) - Sending CreatePipelineCommand for pipeline:PipelineID=8e577ec2-9b88-4076-9040-420ad1130d14 to datanode:7ac2bac4-ea14-4a92-ad00-7ecf8c69770d
2020-06-27 08:27:47,509 [RatisPipelineUtilsThread] INFO  pipeline.PipelineStateManager (PipelineStateManager.java:addPipeline(54)) - Created pipeline Pipeline[ Id: 8e577ec2-9b88-4076-9040-420ad1130d14, Nodes: 7ac2bac4-ea14-4a92-ad00-7ecf8c69770d{ip: 172.17.0.2, host: 23863634748d, networkLocation: /default-rack, certSerialId: null}, Type:RATIS, Factor:ONE, State:ALLOCATED, leaderId:, CreationTimestamp2020-06-27T08:27:47.509Z]
2020-06-27 08:27:47,510 [RatisPipelineUtilsThread] ERROR pipeline.SCMPipelineManager (SCMPipelineManager.java:createPipeline(222)) - Failed to create pipeline of type RATIS and factor ONE. Exception: Cannot create pipeline of factor 1 using 0 nodes. Used 2 nodes. Healthy nodes 2
2020-06-27 08:27:47,510 [RatisPipelineUtilsThread] WARN  pipeline.PipelinePlacementPolicy (PipelinePlacementPolicy.java:filterViableNodes(133)) - Pipeline creation failed due to no sufficient healthy datanodes. Required 3. Found 2.
2020-06-27 08:27:47,510 [RatisPipelineUtilsThread] ERROR pipeline.SCMPipelineManager (SCMPipelineManager.java:createPipeline(222)) - Failed to create pipeline of type RATIS and factor THREE. Exception: Pipeline creation failed due to no sufficient healthy datanodes. Required 3. Found 2.
2020-06-27 08:27:47,614 [IPC Server handler 3 on default port 36417] INFO  net.NetworkTopology (NetworkTopologyImpl.java:add(111)) - Added a new node: /default-rack/21e928e7-b178-40d2-b19b-ea853389ee6e
2020-06-27 08:27:47,614 [IPC Server handler 3 on default port 36417] INFO  node.SCMNodeManager (SCMNodeManager.java:register(268)) - Registered Data node : 21e928e7-b178-40d2-b19b-ea853389ee6e{ip: 172.17.0.2, host: 23863634748d, networkLocation: /default-rack, certSerialId: null}
2020-06-27 08:27:47,615 [RatisPipelineUtilsThread] INFO  pipeline.RatisPipelineProvider (RatisPipelineProvider.java:lambda$create$0(138)) - Sending CreatePipelineCommand for pipeline:PipelineID=2d02a235-a3a0-4b96-b0c1-0bb294c9a031 to datanode:21e928e7-b178-40d2-b19b-ea853389ee6e
2020-06-27 08:27:47,615 [EventQueue-NodeRegistrationContainerReportForContainerSafeModeRule] INFO  safemode.SCMSafeModeManager (SCMSafeModeManager.java:validateSafeModeExitRules(214)) - ContainerSafeModeRule rule is successfully validated
2020-06-27 08:27:47,615 [EventQueue-NodeRegistrationContainerReportForDataNodeSafeModeRule] INFO  safemode.SCMSafeModeManager (SCMSafeModeManager.java:validateSafeModeExitRules(214)) - DataNodeSafeModeRule rule is successfully validated
2020-06-27 08:27:47,615 [RatisPipelineUtilsThread] INFO  pipeline.PipelineStateManager (PipelineStateManager.java:addPipeline(54)) - Created pipeline Pipeline[ Id: 2d02a235-a3a0-4b96-b0c1-0bb294c9a031, Nodes: 21e928e7-b178-40d2-b19b-ea853389ee6e{ip: 172.17.0.2, host: 23863634748d, networkLocation: /default-rack, certSerialId: null}, Type:RATIS, Factor:ONE, State:ALLOCATED, leaderId:, CreationTimestamp2020-06-27T08:27:47.615Z]
2020-06-27 08:27:47,615 [RatisPipelineUtilsThread] ERROR pipeline.SCMPipelineManager (SCMPipelineManager.java:createPipeline(222)) - Failed to create pipeline of type RATIS and factor ONE. Exception: Cannot create pipeline of factor 1 using 0 nodes. Used 3 nodes. Healthy nodes 3
2020-06-27 08:27:47,623 [RatisPipelineUtilsThread] INFO  pipeline.RatisPipelineProvider (RatisPipelineProvider.java:lambda$create$0(138)) - Sending CreatePipelineCommand for pipeline:PipelineID=19f6dbb0-0442-4a6e-86d0-de40dcd8ee57 to datanode:addd0e4b-8b83-4fcf-9561-846eae7ff551
2020-06-27 08:27:47,623 [RatisPipelineUtilsThread] INFO  pipeline.RatisPipelineProvider (RatisPipelineProvider.java:lambda$create$0(138)) - Sending CreatePipelineCommand for pipeline:PipelineID=19f6dbb0-0442-4a6e-86d0-de40dcd8ee57 to datanode:7ac2bac4-ea14-4a92-ad00-7ecf8c69770d
2020-06-27 08:27:47,623 [RatisPipelineUtilsThread] INFO  pipeline.RatisPipelineProvider (RatisPipelineProvider.java:lambda$create$0(138)) - Sending CreatePipelineCommand for pipeline:PipelineID=19f6dbb0-0442-4a6e-86d0-de40dcd8ee57 to datanode:21e928e7-b178-40d2-b19b-ea853389ee6e
2020-06-27 08:27:47,623 [RatisPipelineUtilsThread] INFO  pipeline.PipelineStateManager (PipelineStateManager.java:addPipeline(54)) - Created pipeline Pipeline[ Id: 19f6dbb0-0442-4a6e-86d0-de40dcd8ee57, Nodes: addd0e4b-8b83-4fcf-9561-846eae7ff551{ip: 172.17.0.2, host: 23863634748d, networkLocation: /default-rack, certSerialId: null}7ac2bac4-ea14-4a92-ad00-7ecf8c69770d{ip: 172.17.0.2, host: 23863634748d, networkLocation: /default-rack, certSerialId: null}21e928e7-b178-40d2-b19b-ea853389ee6e{ip: 172.17.0.2, host: 23863634748d, networkLocation: /default-rack, certSerialId: null}, Type:RATIS, Factor:THREE, State:ALLOCATED, leaderId:, CreationTimestamp2020-06-27T08:27:47.622Z]
2020-06-27 08:27:47,624 [RatisPipelineUtilsThread] INFO  pipeline.RatisPipelineProvider (RatisPipelineProvider.java:lambda$create$0(138)) - Sending CreatePipelineCommand for pipeline:PipelineID=92f35736-c11e-4ed1-be08-4f5e8ec33368 to datanode:addd0e4b-8b83-4fcf-9561-846eae7ff551
2020-06-27 08:27:47,624 [RatisPipelineUtilsThread] INFO  pipeline.RatisPipelineProvider (RatisPipelineProvider.java:lambda$create$0(138)) - Sending CreatePipelineCommand for pipeline:PipelineID=92f35736-c11e-4ed1-be08-4f5e8ec33368 to datanode:7ac2bac4-ea14-4a92-ad00-7ecf8c69770d
2020-06-27 08:27:47,624 [RatisPipelineUtilsThread] INFO  pipeline.RatisPipelineProvider (RatisPipelineProvider.java:lambda$create$0(138)) - Sending CreatePipelineCommand for pipeline:PipelineID=92f35736-c11e-4ed1-be08-4f5e8ec33368 to datanode:21e928e7-b178-40d2-b19b-ea853389ee6e
2020-06-27 08:27:47,625 [RatisPipelineUtilsThread] INFO  pipeline.PipelineStateManager (PipelineStateManager.java:addPipeline(54)) - Created pipeline Pipeline[ Id: 92f35736-c11e-4ed1-be08-4f5e8ec33368, Nodes: addd0e4b-8b83-4fcf-9561-846eae7ff551{ip: 172.17.0.2, host: 23863634748d, networkLocation: /default-rack, certSerialId: null}7ac2bac4-ea14-4a92-ad00-7ecf8c69770d{ip: 172.17.0.2, host: 23863634748d, networkLocation: /default-rack, certSerialId: null}21e928e7-b178-40d2-b19b-ea853389ee6e{ip: 172.17.0.2, host: 23863634748d, networkLocation: /default-rack, certSerialId: null}, Type:RATIS, Factor:THREE, State:ALLOCATED, leaderId:, CreationTimestamp2020-06-27T08:27:47.624Z]
2020-06-27 08:27:47,625 [RatisPipelineUtilsThread] INFO  pipeline.SCMPipelineManager (SCMPipelineManager.java:recordMetricsForPipeline(187)) - Pipeline: PipelineID=92f35736-c11e-4ed1-be08-4f5e8ec33368 contains same datanodes as previous pipelines: PipelineID=19f6dbb0-0442-4a6e-86d0-de40dcd8ee57 nodeIds: addd0e4b-8b83-4fcf-9561-846eae7ff551, 7ac2bac4-ea14-4a92-ad00-7ecf8c69770d, 21e928e7-b178-40d2-b19b-ea853389ee6e
2020-06-27 08:27:47,626 [RatisPipelineUtilsThread] ERROR pipeline.SCMPipelineManager (SCMPipelineManager.java:createPipeline(222)) - Failed to create pipeline of type RATIS and factor THREE. Exception: Pipeline creation failed because nodes are engaged in other pipelines and every node can only be engaged in max 3 pipelines. Required 3. Found 0
2020-06-27 08:27:47,706 [IPC Server handler 4 on default port 36417] INFO  net.NetworkTopology (NetworkTopologyImpl.java:add(111)) - Added a new node: /default-rack/34efc206-1f67-4a18-aa05-bd0f2a1ef0e4
2020-06-27 08:27:47,707 [IPC Server handler 4 on default port 36417] INFO  node.SCMNodeManager (SCMNodeManager.java:register(268)) - Registered Data node : 34efc206-1f67-4a18-aa05-bd0f2a1ef0e4{ip: 172.17.0.2, host: 23863634748d, networkLocation: /default-rack, certSerialId: null}
2020-06-27 08:27:47,707 [EventQueue-NodeRegistrationContainerReportForContainerSafeModeRule] INFO  safemode.SCMSafeModeManager (SCMSafeModeManager.java:validateSafeModeExitRules(214)) - ContainerSafeModeRule rule is successfully validated
2020-06-27 08:27:47,707 [EventQueue-NodeRegistrationContainerReportForDataNodeSafeModeRule] INFO  safemode.SCMSafeModeManager (SCMSafeModeManager.java:validateSafeModeExitRules(214)) - DataNodeSafeModeRule rule is successfully validated
2020-06-27 08:27:47,709 [RatisPipelineUtilsThread] INFO  pipeline.RatisPipelineProvider (RatisPipelineProvider.java:lambda$create$0(138)) - Sending CreatePipelineCommand for pipeline:PipelineID=8943729a-9837-4ba3-8905-e5f7ca26c789 to datanode:34efc206-1f67-4a18-aa05-bd0f2a1ef0e4
2020-06-27 08:27:47,709 [RatisPipelineUtilsThread] INFO  pipeline.PipelineStateManager (PipelineStateManager.java:addPipeline(54)) - Created pipeline Pipeline[ Id: 8943729a-9837-4ba3-8905-e5f7ca26c789, Nodes: 34efc206-1f67-4a18-aa05-bd0f2a1ef0e4{ip: 172.17.0.2, host: 23863634748d, networkLocation: /default-rack, certSerialId: null}, Type:RATIS, Factor:ONE, State:ALLOCATED, leaderId:, CreationTimestamp2020-06-27T08:27:47.709Z]
2020-06-27 08:27:47,710 [RatisPipelineUtilsThread] ERROR pipeline.SCMPipelineManager (SCMPipelineManager.java:createPipeline(222)) - Failed to create pipeline of type RATIS and factor ONE. Exception: Cannot create pipeline of factor 1 using 0 nodes. Used 4 nodes. Healthy nodes 4
2020-06-27 08:27:47,710 [RatisPipelineUtilsThread] ERROR pipeline.SCMPipelineManager (SCMPipelineManager.java:createPipeline(222)) - Failed to create pipeline of type RATIS and factor THREE. Exception: Pipeline creation failed because nodes are engaged in other pipelines and every node can only be engaged in max 3 pipelines. Required 3. Found 1
2020-06-27 08:27:47,819 [IPC Server handler 5 on default port 36417] INFO  net.NetworkTopology (NetworkTopologyImpl.java:add(111)) - Added a new node: /default-rack/7f53e279-916a-4fed-90de-23e9c25f9e31
2020-06-27 08:27:47,819 [IPC Server handler 5 on default port 36417] INFO  node.SCMNodeManager (SCMNodeManager.java:register(268)) - Registered Data node : 7f53e279-916a-4fed-90de-23e9c25f9e31{ip: 172.17.0.2, host: 23863634748d, networkLocation: /default-rack, certSerialId: null}
2020-06-27 08:27:47,819 [RatisPipelineUtilsThread] INFO  pipeline.RatisPipelineProvider (RatisPipelineProvider.java:lambda$create$0(138)) - Sending CreatePipelineCommand for pipeline:PipelineID=fd90656e-7391-4305-8f48-20229f0e4a6c to datanode:7f53e279-916a-4fed-90de-23e9c25f9e31
2020-06-27 08:27:47,820 [EventQueue-NodeRegistrationContainerReportForContainerSafeModeRule] INFO  safemode.SCMSafeModeManager (SCMSafeModeManager.java:validateSafeModeExitRules(214)) - ContainerSafeModeRule rule is successfully validated
2020-06-27 08:27:47,820 [EventQueue-NodeRegistrationContainerReportForDataNodeSafeModeRule] INFO  safemode.SCMSafeModeManager (SCMSafeModeManager.java:validateSafeModeExitRules(214)) - DataNodeSafeModeRule rule is successfully validated
2020-06-27 08:27:47,820 [RatisPipelineUtilsThread] INFO  pipeline.PipelineStateManager (PipelineStateManager.java:addPipeline(54)) - Created pipeline Pipeline[ Id: fd90656e-7391-4305-8f48-20229f0e4a6c, Nodes: 7f53e279-916a-4fed-90de-23e9c25f9e31{ip: 172.17.0.2, host: 23863634748d, networkLocation: /default-rack, certSerialId: null}, Type:RATIS, Factor:ONE, State:ALLOCATED, leaderId:, CreationTimestamp2020-06-27T08:27:47.819Z]
2020-06-27 08:27:47,821 [RatisPipelineUtilsThread] ERROR pipeline.SCMPipelineManager (SCMPipelineManager.java:createPipeline(222)) - Failed to create pipeline of type RATIS and factor ONE. Exception: Cannot create pipeline of factor 1 using 0 nodes. Used 5 nodes. Healthy nodes 5
2020-06-27 08:27:47,821 [RatisPipelineUtilsThread] ERROR pipeline.SCMPipelineManager (SCMPipelineManager.java:createPipeline(222)) - Failed to create pipeline of type RATIS and factor THREE. Exception: Pipeline creation failed because nodes are engaged in other pipelines and every node can only be engaged in max 3 pipelines. Required 3. Found 2
2020-06-27 08:27:47,902 [IPC Server handler 6 on default port 36417] INFO  net.NetworkTopology (NetworkTopologyImpl.java:add(111)) - Added a new node: /default-rack/a99a18fa-a15b-4cd6-a5fd-78034dfd05b4
2020-06-27 08:27:47,902 [IPC Server handler 6 on default port 36417] INFO  node.SCMNodeManager (SCMNodeManager.java:register(268)) - Registered Data node : a99a18fa-a15b-4cd6-a5fd-78034dfd05b4{ip: 172.17.0.2, host: 23863634748d, networkLocation: /default-rack, certSerialId: null}
2020-06-27 08:27:47,903 [RatisPipelineUtilsThread] INFO  pipeline.RatisPipelineProvider (RatisPipelineProvider.java:lambda$create$0(138)) - Sending CreatePipelineCommand for pipeline:PipelineID=7b34d530-10b7-4c87-8cc3-696dc5c5cf56 to datanode:a99a18fa-a15b-4cd6-a5fd-78034dfd05b4
2020-06-27 08:27:47,903 [EventQueue-NodeRegistrationContainerReportForContainerSafeModeRule] INFO  safemode.SCMSafeModeManager (SCMSafeModeManager.java:validateSafeModeExitRules(214)) - ContainerSafeModeRule rule is successfully validated
2020-06-27 08:27:47,903 [EventQueue-NodeRegistrationContainerReportForDataNodeSafeModeRule] INFO  safemode.SCMSafeModeManager (SCMSafeModeManager.java:validateSafeModeExitRules(214)) - DataNodeSafeModeRule rule is successfully validated
2020-06-27 08:27:47,904 [RatisPipelineUtilsThread] INFO  pipeline.PipelineStateManager (PipelineStateManager.java:addPipeline(54)) - Created pipeline Pipeline[ Id: 7b34d530-10b7-4c87-8cc3-696dc5c5cf56, Nodes: a99a18fa-a15b-4cd6-a5fd-78034dfd05b4{ip: 172.17.0.2, host: 23863634748d, networkLocation: /default-rack, certSerialId: null}, Type:RATIS, Factor:ONE, State:ALLOCATED, leaderId:, CreationTimestamp2020-06-27T08:27:47.903Z]
2020-06-27 08:27:47,906 [RatisPipelineUtilsThread] ERROR pipeline.SCMPipelineManager (SCMPipelineManager.java:createPipeline(222)) - Failed to create pipeline of type RATIS and factor ONE. Exception: Cannot create pipeline of factor 1 using 0 nodes. Used 6 nodes. Healthy nodes 6
2020-06-27 08:27:47,907 [RatisPipelineUtilsThread] INFO  pipeline.RatisPipelineProvider (RatisPipelineProvider.java:lambda$create$0(138)) - Sending CreatePipelineCommand for pipeline:PipelineID=9a651e83-1ed9-467f-9369-edae14bfb10f to datanode:7f53e279-916a-4fed-90de-23e9c25f9e31
2020-06-27 08:27:47,907 [RatisPipelineUtilsThread] INFO  pipeline.RatisPipelineProvider (RatisPipelineProvider.java:lambda$create$0(138)) - Sending CreatePipelineCommand for pipeline:PipelineID=9a651e83-1ed9-467f-9369-edae14bfb10f to datanode:34efc206-1f67-4a18-aa05-bd0f2a1ef0e4
2020-06-27 08:27:47,907 [RatisPipelineUtilsThread] INFO  pipeline.RatisPipelineProvider (RatisPipelineProvider.java:lambda$create$0(138)) - Sending CreatePipelineCommand for pipeline:PipelineID=9a651e83-1ed9-467f-9369-edae14bfb10f to datanode:a99a18fa-a15b-4cd6-a5fd-78034dfd05b4
2020-06-27 08:27:47,908 [RatisPipelineUtilsThread] INFO  pipeline.PipelineStateManager (PipelineStateManager.java:addPipeline(54)) - Created pipeline Pipeline[ Id: 9a651e83-1ed9-467f-9369-edae14bfb10f, Nodes: 7f53e279-916a-4fed-90de-23e9c25f9e31{ip: 172.17.0.2, host: 23863634748d, networkLocation: /default-rack, certSerialId: null}34efc206-1f67-4a18-aa05-bd0f2a1ef0e4{ip: 172.17.0.2, host: 23863634748d, networkLocation: /default-rack, certSerialId: null}a99a18fa-a15b-4cd6-a5fd-78034dfd05b4{ip: 172.17.0.2, host: 23863634748d, networkLocation: /default-rack, certSerialId: null}, Type:RATIS, Factor:THREE, State:ALLOCATED, leaderId:, CreationTimestamp2020-06-27T08:27:47.907Z]
2020-06-27 08:27:47,908 [RatisPipelineUtilsThread] INFO  pipeline.RatisPipelineProvider (RatisPipelineProvider.java:lambda$create$0(138)) - Sending CreatePipelineCommand for pipeline:PipelineID=d5ffc3a5-e291-47c0-a340-11d1a0db352f to datanode:7f53e279-916a-4fed-90de-23e9c25f9e31
2020-06-27 08:27:47,908 [RatisPipelineUtilsThread] INFO  pipeline.RatisPipelineProvider (RatisPipelineProvider.java:lambda$create$0(138)) - Sending CreatePipelineCommand for pipeline:PipelineID=d5ffc3a5-e291-47c0-a340-11d1a0db352f to datanode:34efc206-1f67-4a18-aa05-bd0f2a1ef0e4
2020-06-27 08:27:47,908 [RatisPipelineUtilsThread] INFO  pipeline.RatisPipelineProvider (RatisPipelineProvider.java:lambda$create$0(138)) - Sending CreatePipelineCommand for pipeline:PipelineID=d5ffc3a5-e291-47c0-a340-11d1a0db352f to datanode:a99a18fa-a15b-4cd6-a5fd-78034dfd05b4
2020-06-27 08:27:47,909 [RatisPipelineUtilsThread] INFO  pipeline.PipelineStateManager (PipelineStateManager.java:addPipeline(54)) - Created pipeline Pipeline[ Id: d5ffc3a5-e291-47c0-a340-11d1a0db352f, Nodes: 7f53e279-916a-4fed-90de-23e9c25f9e31{ip: 172.17.0.2, host: 23863634748d, networkLocation: /default-rack, certSerialId: null}34efc206-1f67-4a18-aa05-bd0f2a1ef0e4{ip: 172.17.0.2, host: 23863634748d, networkLocation: /default-rack, certSerialId: null}a99a18fa-a15b-4cd6-a5fd-78034dfd05b4{ip: 172.17.0.2, host: 23863634748d, networkLocation: /default-rack, certSerialId: null}, Type:RATIS, Factor:THREE, State:ALLOCATED, leaderId:, CreationTimestamp2020-06-27T08:27:47.908Z]
2020-06-27 08:27:47,911 [RatisPipelineUtilsThread] INFO  pipeline.SCMPipelineManager (SCMPipelineManager.java:recordMetricsForPipeline(187)) - Pipeline: PipelineID=d5ffc3a5-e291-47c0-a340-11d1a0db352f contains same datanodes as previous pipelines: PipelineID=9a651e83-1ed9-467f-9369-edae14bfb10f nodeIds: 7f53e279-916a-4fed-90de-23e9c25f9e31, 34efc206-1f67-4a18-aa05-bd0f2a1ef0e4, a99a18fa-a15b-4cd6-a5fd-78034dfd05b4
2020-06-27 08:27:47,912 [RatisPipelineUtilsThread] ERROR pipeline.SCMPipelineManager (SCMPipelineManager.java:createPipeline(222)) - Failed to create pipeline of type RATIS and factor THREE. Exception: Pipeline creation failed because nodes are engaged in other pipelines and every node can only be engaged in max 3 pipelines. Required 3. Found 0
2020-06-27 08:27:47,959 [Listener at 127.0.0.1/46381] INFO  ozone.MiniOzoneClusterImpl (MiniOzoneClusterImpl.java:lambda$waitForClusterToBeReady$0(177)) - Waiting for nodes to be ready. Got 6 of 7 DN Heartbeats.
2020-06-27 08:27:47,960 [Listener at 127.0.0.1/46381] INFO  ozone.MiniOzoneClusterImpl (MiniOzoneClusterImpl.java:lambda$waitForClusterToBeReady$0(180)) - Waiting for cluster to exit safe mode
2020-06-27 08:27:47,968 [IPC Server handler 7 on default port 36417] INFO  net.NetworkTopology (NetworkTopologyImpl.java:add(111)) - Added a new node: /default-rack/b9f13683-3178-4f3b-aaab-40506ece2b5f
2020-06-27 08:27:47,968 [IPC Server handler 7 on default port 36417] INFO  node.SCMNodeManager (SCMNodeManager.java:register(268)) - Registered Data node : b9f13683-3178-4f3b-aaab-40506ece2b5f{ip: 172.17.0.2, host: 23863634748d, networkLocation: /default-rack, certSerialId: null}
2020-06-27 08:27:47,969 [EventQueue-NodeRegistrationContainerReportForContainerSafeModeRule] INFO  safemode.SCMSafeModeManager (SCMSafeModeManager.java:validateSafeModeExitRules(214)) - ContainerSafeModeRule rule is successfully validated
2020-06-27 08:27:47,969 [EventQueue-NodeRegistrationContainerReportForDataNodeSafeModeRule] INFO  safemode.SCMSafeModeManager (SCMSafeModeManager.java:validateSafeModeExitRules(214)) - DataNodeSafeModeRule rule is successfully validated
2020-06-27 08:27:47,970 [RatisPipelineUtilsThread] INFO  pipeline.RatisPipelineProvider (RatisPipelineProvider.java:lambda$create$0(138)) - Sending CreatePipelineCommand for pipeline:PipelineID=b3332d01-4ea2-4ad5-8758-8f61066d079e to datanode:b9f13683-3178-4f3b-aaab-40506ece2b5f
2020-06-27 08:27:47,970 [RatisPipelineUtilsThread] INFO  pipeline.PipelineStateManager (PipelineStateManager.java:addPipeline(54)) - Created pipeline Pipeline[ Id: b3332d01-4ea2-4ad5-8758-8f61066d079e, Nodes: b9f13683-3178-4f3b-aaab-40506ece2b5f{ip: 172.17.0.2, host: 23863634748d, networkLocation: /default-rack, certSerialId: null}, Type:RATIS, Factor:ONE, State:ALLOCATED, leaderId:, CreationTimestamp2020-06-27T08:27:47.970Z]
2020-06-27 08:27:47,971 [RatisPipelineUtilsThread] ERROR pipeline.SCMPipelineManager (SCMPipelineManager.java:createPipeline(222)) - Failed to create pipeline of type RATIS and factor ONE. Exception: Cannot create pipeline of factor 1 using 0 nodes. Used 7 nodes. Healthy nodes 7
2020-06-27 08:27:47,971 [RatisPipelineUtilsThread] ERROR pipeline.SCMPipelineManager (SCMPipelineManager.java:createPipeline(222)) - Failed to create pipeline of type RATIS and factor THREE. Exception: Pipeline creation failed because nodes are engaged in other pipelines and every node can only be engaged in max 3 pipelines. Required 3. Found 1
2020-06-27 08:27:48,961 [Listener at 127.0.0.1/46381] INFO  ozone.MiniOzoneClusterImpl (MiniOzoneClusterImpl.java:lambda$waitForClusterToBeReady$0(177)) - Nodes are ready. Got 7 of 7 DN Heartbeats.
2020-06-27 08:27:48,961 [Listener at 127.0.0.1/46381] INFO  ozone.MiniOzoneClusterImpl (MiniOzoneClusterImpl.java:lambda$waitForClusterToBeReady$0(180)) - Waiting for cluster to exit safe mode
2020-06-27 08:27:49,961 [Listener at 127.0.0.1/46381] INFO  ozone.MiniOzoneClusterImpl (MiniOzoneClusterImpl.java:lambda$waitForClusterToBeReady$0(177)) - Nodes are ready. Got 7 of 7 DN Heartbeats.
2020-06-27 08:27:49,961 [Listener at 127.0.0.1/46381] INFO  ozone.MiniOzoneClusterImpl (MiniOzoneClusterImpl.java:lambda$waitForClusterToBeReady$0(180)) - Waiting for cluster to exit safe mode
2020-06-27 08:27:50,365 [Command processor thread] INFO  impl.RaftServerProxy (RaftServerProxy.java:addNew(89)) - addd0e4b-8b83-4fcf-9561-846eae7ff551: addNew group-F3BC6E991ADA:[addd0e4b-8b83-4fcf-9561-846eae7ff551:172.17.0.2:35621] returns group-F3BC6E991ADA:java.util.concurrent.CompletableFuture@35b981bd[Not completed]
2020-06-27 08:27:50,390 [pool-33-thread-1] INFO  impl.RaftServerImpl (RaftServerImpl.java:<init>(99)) - addd0e4b-8b83-4fcf-9561-846eae7ff551: new RaftServerImpl for group-F3BC6E991ADA:[addd0e4b-8b83-4fcf-9561-846eae7ff551:172.17.0.2:35621] with ContainerStateMachine:uninitialized
2020-06-27 08:27:50,391 [pool-33-thread-1] INFO  server.RaftServerConfigKeys (ConfUtils.java:logGet(44)) - raft.server.rpc.timeout.min = 5s (custom)
2020-06-27 08:27:50,392 [pool-33-thread-1] INFO  server.RaftServerConfigKeys (ConfUtils.java:logGet(44)) - raft.server.rpc.timeout.max = 5200ms (custom)
2020-06-27 08:27:50,392 [pool-33-thread-1] INFO  server.RaftServerConfigKeys (ConfUtils.java:logGet(44)) - raft.server.rpcslowness.timeout = 300s (custom)
2020-06-27 08:27:50,393 [pool-33-thread-1] INFO  server.RaftServerConfigKeys (ConfUtils.java:logGet(44)) - raft.server.sleep.deviation.threshold = 300 (default)
2020-06-27 08:27:50,393 [pool-33-thread-1] INFO  server.RaftServerConfigKeys (ConfUtils.java:logGet(44)) - raft.server.log.appender.install.snapshot.enabled = false (custom)
2020-06-27 08:27:50,399 [pool-33-thread-1] INFO  impl.RaftServerImpl (ServerState.java:<init>(103)) - addd0e4b-8b83-4fcf-9561-846eae7ff551@group-F3BC6E991ADA: ConfigurationManager, init=-1: [addd0e4b-8b83-4fcf-9561-846eae7ff551:172.17.0.2:35621], old=null, confs=<EMPTY_MAP>
2020-06-27 08:27:50,399 [pool-33-thread-1] INFO  server.RaftServerConfigKeys (ConfUtils.java:logGet(44)) - raft.server.storage.dir = [/github/workspace/mnt/ozone/hadoop-ozone/integration-test/target/test-dir/MiniOzoneClusterImpl-8eb50a3f-c1ff-437a-8e18-e0505f09b26f/datanode-0/data/ratis] (custom)
2020-06-27 08:27:50,403 [pool-33-thread-1] INFO  server.RaftServerConfigKeys (ConfUtils.java:logGet(44)) - raft.server.log.corruption.policy = EXCEPTION (default)
2020-06-27 08:27:50,405 [pool-33-thread-1] INFO  storage.RaftStorageDirectory (RaftStorageDirectory.java:analyzeStorage(261)) - The storage directory /github/workspace/mnt/ozone/hadoop-ozone/integration-test/target/test-dir/MiniOzoneClusterImpl-8eb50a3f-c1ff-437a-8e18-e0505f09b26f/datanode-0/data/ratis/fdba43ff-668e-480b-8ad7-f3bc6e991ada does not exist. Creating ...
2020-06-27 08:27:50,409 [pool-33-thread-1] INFO  storage.RaftStorageDirectory (RaftStorageDirectory.java:tryLock(343)) - Lock on /github/workspace/mnt/ozone/hadoop-ozone/integration-test/target/test-dir/MiniOzoneClusterImpl-8eb50a3f-c1ff-437a-8e18-e0505f09b26f/datanode-0/data/ratis/fdba43ff-668e-480b-8ad7-f3bc6e991ada/in_use.lock acquired by nodename 20861@23863634748d
2020-06-27 08:27:50,412 [pool-33-thread-1] INFO  storage.RaftStorage (RaftStorage.java:format(84)) - Storage directory /github/workspace/mnt/ozone/hadoop-ozone/integration-test/target/test-dir/MiniOzoneClusterImpl-8eb50a3f-c1ff-437a-8e18-e0505f09b26f/datanode-0/data/ratis/fdba43ff-668e-480b-8ad7-f3bc6e991ada has been successfully formatted.
2020-06-27 08:27:50,422 [pool-33-thread-1] INFO  ratis.ContainerStateMachine (ContainerStateMachine.java:loadSnapshot(226)) - group-F3BC6E991ADA: The snapshot info is null. Setting the last applied indexto:(t:0, i:~)
2020-06-27 08:27:50,422 [pool-33-thread-1] INFO  server.RaftServerConfigKeys (ConfUtils.java:logGet(44)) - raft.server.notification.no-leader.timeout = 60s (default)
2020-06-27 08:27:50,426 [pool-33-thread-1] INFO  server.RaftServerConfigKeys (ConfUtils.java:logGet(44)) - raft.server.log.use.memory = false (default)
2020-06-27 08:27:50,434 [pool-33-thread-1] INFO  server.RaftServerConfigKeys (ConfUtils.java:logGet(44)) - raft.server.log.purge.gap = 1000000 (custom)
2020-06-27 08:27:50,436 [pool-33-thread-1] INFO  server.RaftServerConfigKeys (ConfUtils.java:logGet(44)) - raft.server.log.appender.buffer.byte-limit = 33554432 (custom)
2020-06-27 08:27:50,437 [EventQueue-PipelineReportForPipelineReportHandler] INFO  pipeline.PipelineStateManager (PipelineStateManager.java:openPipeline(131)) - Pipeline Pipeline[ Id: fdba43ff-668e-480b-8ad7-f3bc6e991ada, Nodes: addd0e4b-8b83-4fcf-9561-846eae7ff551{ip: 172.17.0.2, host: 23863634748d, networkLocation: /default-rack, certSerialId: null}, Type:RATIS, Factor:ONE, State:ALLOCATED, leaderId:addd0e4b-8b83-4fcf-9561-846eae7ff551, CreationTimestamp2020-06-27T08:27:47.386Z] moved to OPEN state
2020-06-27 08:27:50,438 [EventQueue-OpenPipelineForHealthyPipelineSafeModeRule] INFO  safemode.SCMSafeModeManager (HealthyPipelineSafeModeRule.java:process(132)) - SCM in safe mode. Healthy pipelines reported count is 0, required healthy pipeline reported count is 1
2020-06-27 08:27:50,447 [pool-33-thread-1] INFO  server.RaftServerConfigKeys (ConfUtils.java:logGet(44)) - raft.server.log.segment.size.max = 1048576 (custom)
2020-06-27 08:27:50,450 [pool-33-thread-1] INFO  metrics.RatisMetrics (RatisMetrics.java:lambda$create$0(36)) - Creating Metrics Registry : ratis.log_worker.addd0e4b-8b83-4fcf-9561-846eae7ff551@group-F3BC6E991ADA
2020-06-27 08:27:50,451 [EventQueue-OpenPipelineForOneReplicaPipelineSafeModeRule] INFO  safemode.SCMSafeModeManager (SCMSafeModeManager.java:validateSafeModeExitRules(214)) - AtleastOneDatanodeReportedRule rule is successfully validated
2020-06-27 08:27:50,462 [pool-33-thread-1] INFO  server.RaftServerConfigKeys (ConfUtils.java:logGet(44)) - raft.server.log.segment.cache.num.max = 2 (custom)
2020-06-27 08:27:50,473 [pool-33-thread-1] INFO  segmented.SegmentedRaftLogWorker (SegmentedRaftLogWorker.java:<init>(180)) - new addd0e4b-8b83-4fcf-9561-846eae7ff551@group-F3BC6E991ADA-SegmentedRaftLogWorker for RaftStorage:Storage Directory /github/workspace/mnt/ozone/hadoop-ozone/integration-test/target/test-dir/MiniOzoneClusterImpl-8eb50a3f-c1ff-437a-8e18-e0505f09b26f/datanode-0/data/ratis/fdba43ff-668e-480b-8ad7-f3bc6e991ada
2020-06-27 08:27:50,475 [pool-33-thread-1] INFO  server.RaftServerConfigKeys (ConfUtils.java:logGet(44)) - raft.server.log.queue.byte-limit = 2147483647 (custom)
2020-06-27 08:27:50,475 [pool-33-thread-1] INFO  server.RaftServerConfigKeys (ConfUtils.java:logGet(44)) - raft.server.log.queue.element-limit = 1024 (custom)
2020-06-27 08:27:50,477 [pool-33-thread-1] INFO  server.RaftServerConfigKeys (ConfUtils.java:logGet(44)) - raft.server.log.segment.size.max = 1048576 (custom)
2020-06-27 08:27:50,483 [pool-33-thread-1] INFO  server.RaftServerConfigKeys (ConfUtils.java:logGet(44)) - raft.server.log.preallocated.size = 16384 (custom)
2020-06-27 08:27:50,484 [pool-33-thread-1] INFO  server.RaftServerConfigKeys (ConfUtils.java:logGet(44)) - raft.server.log.write.buffer.size = 1048576 (custom)
2020-06-27 08:27:50,484 [pool-33-thread-1] INFO  server.RaftServerConfigKeys (ConfUtils.java:logGet(44)) - raft.server.log.force.sync.num = 128 (default)
2020-06-27 08:27:50,485 [pool-33-thread-1] INFO  server.RaftServerConfigKeys (ConfUtils.java:logGet(44)) - raft.server.log.statemachine.data.sync = true (default)
2020-06-27 08:27:50,485 [pool-33-thread-1] INFO  server.RaftServerConfigKeys (ConfUtils.java:logGet(44)) - raft.server.log.statemachine.data.sync.timeout = 10s (default)
2020-06-27 08:27:50,486 [pool-33-thread-1] INFO  server.RaftServerConfigKeys (ConfUtils.java:logGet(44)) - raft.server.log.statemachine.data.sync.timeout.retry = -1 (default)
2020-06-27 08:27:50,502 [pool-33-thread-1] INFO  server.RaftServerConfigKeys (ConfUtils.java:logGet(44)) - raft.server.log.statemachine.data.caching.enabled = true (custom)
2020-06-27 08:27:50,509 [Command processor thread] INFO  impl.RaftServerProxy (RaftServerProxy.java:addNew(89)) - 7ac2bac4-ea14-4a92-ad00-7ecf8c69770d: addNew group-420AD1130D14:[7ac2bac4-ea14-4a92-ad00-7ecf8c69770d:172.17.0.2:39381] returns group-420AD1130D14:java.util.concurrent.CompletableFuture@738f888b[Not completed]
2020-06-27 08:27:50,511 [pool-33-thread-1] INFO  segmented.SegmentedRaftLogWorker (SegmentedRaftLogWorker.java:lambda$new$0(129)) - addd0e4b-8b83-4fcf-9561-846eae7ff551@group-F3BC6E991ADA-SegmentedRaftLogWorker: flushIndex: setUnconditionally 0 -> -1
2020-06-27 08:27:50,511 [pool-33-thread-1] INFO  segmented.SegmentedRaftLogWorker (SegmentedRaftLogWorker.java:lambda$new$0(129)) - addd0e4b-8b83-4fcf-9561-846eae7ff551@group-F3BC6E991ADA-SegmentedRaftLogWorker: safeCacheEvictIndex: setUnconditionally 0 -> -1
2020-06-27 08:27:50,515 [pool-33-thread-1] INFO  server.RaftServerConfigKeys (ConfUtils.java:logGet(44)) - raft.server.snapshot.auto.trigger.enabled = true (custom)
2020-06-27 08:27:50,526 [pool-48-thread-1] INFO  impl.RaftServerImpl (RaftServerImpl.java:<init>(99)) - 7ac2bac4-ea14-4a92-ad00-7ecf8c69770d: new RaftServerImpl for group-420AD1130D14:[7ac2bac4-ea14-4a92-ad00-7ecf8c69770d:172.17.0.2:39381] with ContainerStateMachine:uninitialized
2020-06-27 08:27:50,526 [pool-48-thread-1] INFO  server.RaftServerConfigKeys (ConfUtils.java:logGet(44)) - raft.server.rpc.timeout.min = 5s (custom)
2020-06-27 08:27:50,527 [pool-48-thread-1] INFO  server.RaftServerConfigKeys (ConfUtils.java:logGet(44)) - raft.server.rpc.timeout.max = 5200ms (custom)
2020-06-27 08:27:50,527 [pool-48-thread-1] INFO  server.RaftServerConfigKeys (ConfUtils.java:logGet(44)) - raft.server.rpcslowness.timeout = 300s (custom)
2020-06-27 08:27:50,527 [pool-48-thread-1] INFO  server.RaftServerConfigKeys (ConfUtils.java:logGet(44)) - raft.server.sleep.deviation.threshold = 300 (default)
2020-06-27 08:27:50,527 [pool-48-thread-1] INFO  server.RaftServerConfigKeys (ConfUtils.java:logGet(44)) - raft.server.log.appender.install.snapshot.enabled = false (custom)
2020-06-27 08:27:50,527 [pool-48-thread-1] INFO  impl.RaftServerImpl (ServerState.java:<init>(103)) - 7ac2bac4-ea14-4a92-ad00-7ecf8c69770d@group-420AD1130D14: ConfigurationManager, init=-1: [7ac2bac4-ea14-4a92-ad00-7ecf8c69770d:172.17.0.2:39381], old=null, confs=<EMPTY_MAP>
2020-06-27 08:27:50,527 [pool-48-thread-1] INFO  server.RaftServerConfigKeys (ConfUtils.java:logGet(44)) - raft.server.storage.dir = [/github/workspace/mnt/ozone/hadoop-ozone/integration-test/target/test-dir/MiniOzoneClusterImpl-8eb50a3f-c1ff-437a-8e18-e0505f09b26f/datanode-1/data/ratis] (custom)
2020-06-27 08:27:50,527 [pool-48-thread-1] INFO  server.RaftServerConfigKeys (ConfUtils.java:logGet(44)) - raft.server.log.corruption.policy = EXCEPTION (default)
2020-06-27 08:27:50,527 [pool-48-thread-1] INFO  storage.RaftStorageDirectory (RaftStorageDirectory.java:analyzeStorage(261)) - The storage directory /github/workspace/mnt/ozone/hadoop-ozone/integration-test/target/test-dir/MiniOzoneClusterImpl-8eb50a3f-c1ff-437a-8e18-e0505f09b26f/datanode-1/data/ratis/8e577ec2-9b88-4076-9040-420ad1130d14 does not exist. Creating ...
2020-06-27 08:27:50,529 [pool-33-thread-1] INFO  server.RaftServerConfigKeys (ConfUtils.java:logGet(44)) - raft.server.snapshot.auto.trigger.threshold = 10000 (custom)
2020-06-27 08:27:50,530 [pool-33-thread-1] INFO  server.RaftServerConfigKeys (ConfUtils.java:logGet(44)) - raft.server.snapshot.retention.file.num = 5 (custom)
2020-06-27 08:27:50,530 [pool-33-thread-1] INFO  server.RaftServerConfigKeys (ConfUtils.java:logGet(44)) - raft.server.log.purge.upto.snapshot.index = false (default)
2020-06-27 08:27:50,531 [pool-33-thread-1] INFO  server.RaftServerConfigKeys (ConfUtils.java:logGet(44)) - raft.server.retrycache.expirytime = 600000ms (custom)
2020-06-27 08:27:50,532 [pool-48-thread-1] INFO  storage.RaftStorageDirectory (RaftStorageDirectory.java:tryLock(343)) - Lock on /github/workspace/mnt/ozone/hadoop-ozone/integration-test/target/test-dir/MiniOzoneClusterImpl-8eb50a3f-c1ff-437a-8e18-e0505f09b26f/datanode-1/data/ratis/8e577ec2-9b88-4076-9040-420ad1130d14/in_use.lock acquired by nodename 20861@23863634748d
2020-06-27 08:27:50,540 [pool-48-thread-1] INFO  storage.RaftStorage (RaftStorage.java:format(84)) - Storage directory /github/workspace/mnt/ozone/hadoop-ozone/integration-test/target/test-dir/MiniOzoneClusterImpl-8eb50a3f-c1ff-437a-8e18-e0505f09b26f/datanode-1/data/ratis/8e577ec2-9b88-4076-9040-420ad1130d14 has been successfully formatted.
2020-06-27 08:27:50,553 [pool-48-thread-1] INFO  ratis.ContainerStateMachine (ContainerStateMachine.java:loadSnapshot(226)) - group-420AD1130D14: The snapshot info is null. Setting the last applied indexto:(t:0, i:~)
2020-06-27 08:27:50,554 [pool-48-thread-1] INFO  server.RaftServerConfigKeys (ConfUtils.java:logGet(44)) - raft.server.notification.no-leader.timeout = 60s (default)
2020-06-27 08:27:50,554 [pool-48-thread-1] INFO  server.RaftServerConfigKeys (ConfUtils.java:logGet(44)) - raft.server.log.use.memory = false (default)
2020-06-27 08:27:50,554 [pool-48-thread-1] INFO  server.RaftServerConfigKeys (ConfUtils.java:logGet(44)) - raft.server.log.purge.gap = 1000000 (custom)
2020-06-27 08:27:50,554 [pool-48-thread-1] INFO  server.RaftServerConfigKeys (ConfUtils.java:logGet(44)) - raft.server.log.appender.buffer.byte-limit = 33554432 (custom)
2020-06-27 08:27:50,554 [pool-48-thread-1] INFO  server.RaftServerConfigKeys (ConfUtils.java:logGet(44)) - raft.server.log.segment.size.max = 1048576 (custom)
2020-06-27 08:27:50,554 [pool-48-thread-1] INFO  metrics.RatisMetrics (RatisMetrics.java:lambda$create$0(36)) - Creating Metrics Registry : ratis.log_worker.7ac2bac4-ea14-4a92-ad00-7ecf8c69770d@group-420AD1130D14
2020-06-27 08:27:50,555 [pool-48-thread-1] INFO  server.RaftServerConfigKeys (ConfUtils.java:logGet(44)) - raft.server.log.segment.cache.num.max = 2 (custom)
2020-06-27 08:27:50,555 [pool-48-thread-1] INFO  segmented.SegmentedRaftLogWorker (SegmentedRaftLogWorker.java:<init>(180)) - new 7ac2bac4-ea14-4a92-ad00-7ecf8c69770d@group-420AD1130D14-SegmentedRaftLogWorker for RaftStorage:Storage Directory /github/workspace/mnt/ozone/hadoop-ozone/integration-test/target/test-dir/MiniOzoneClusterImpl-8eb50a3f-c1ff-437a-8e18-e0505f09b26f/datanode-1/data/ratis/8e577ec2-9b88-4076-9040-420ad1130d14
2020-06-27 08:27:50,555 [pool-48-thread-1] INFO  server.RaftServerConfigKeys (ConfUtils.java:logGet(44)) - raft.server.log.queue.byte-limit = 2147483647 (custom)
2020-06-27 08:27:50,555 [pool-48-thread-1] INFO  server.RaftServerConfigKeys (ConfUtils.java:logGet(44)) - raft.server.log.queue.element-limit = 1024 (custom)
2020-06-27 08:27:50,555 [pool-48-thread-1] INFO  server.RaftServerConfigKeys (ConfUtils.java:logGet(44)) - raft.server.log.segment.size.max = 1048576 (custom)
2020-06-27 08:27:50,555 [pool-48-thread-1] INFO  server.RaftServerConfigKeys (ConfUtils.java:logGet(44)) - raft.server.log.preallocated.size = 16384 (custom)
2020-06-27 08:27:50,555 [pool-48-thread-1] INFO  server.RaftServerConfigKeys (ConfUtils.java:logGet(44)) - raft.server.log.write.buffer.size = 1048576 (custom)
2020-06-27 08:27:50,556 [pool-48-thread-1] INFO  server.RaftServerConfigKeys (ConfUtils.java:logGet(44)) - raft.server.log.force.sync.num = 128 (default)
2020-06-27 08:27:50,556 [pool-48-thread-1] INFO  server.RaftServerConfigKeys (ConfUtils.java:logGet(44)) - raft.server.log.statemachine.data.sync = true (default)
2020-06-27 08:27:50,556 [pool-48-thread-1] INFO  server.RaftServerConfigKeys (ConfUtils.java:logGet(44)) - raft.server.log.statemachine.data.sync.timeout = 10s (default)
2020-06-27 08:27:50,556 [pool-48-thread-1] INFO  server.RaftServerConfigKeys (ConfUtils.java:logGet(44)) - raft.server.log.statemachine.data.sync.timeout.retry = -1 (default)
2020-06-27 08:27:50,558 [pool-48-thread-1] INFO  server.RaftServerConfigKeys (ConfUtils.java:logGet(44)) - raft.server.log.statemachine.data.caching.enabled = true (custom)
2020-06-27 08:27:50,558 [pool-48-thread-1] INFO  segmented.SegmentedRaftLogWorker (SegmentedRaftLogWorker.java:lambda$new$0(129)) - 7ac2bac4-ea14-4a92-ad00-7ecf8c69770d@group-420AD1130D14-SegmentedRaftLogWorker: flushIndex: setUnconditionally 0 -> -1
2020-06-27 08:27:50,558 [pool-48-thread-1] INFO  segmented.SegmentedRaftLogWorker (SegmentedRaftLogWorker.java:lambda$new$0(129)) - 7ac2bac4-ea14-4a92-ad00-7ecf8c69770d@group-420AD1130D14-SegmentedRaftLogWorker: safeCacheEvictIndex: setUnconditionally 0 -> -1
2020-06-27 08:27:50,560 [pool-48-thread-1] INFO  server.RaftServerConfigKeys (ConfUtils.java:logGet(44)) - raft.server.snapshot.auto.trigger.enabled = true (custom)
2020-06-27 08:27:50,560 [pool-48-thread-1] INFO  server.RaftServerConfigKeys (ConfUtils.java:logGet(44)) - raft.server.snapshot.auto.trigger.threshold = 10000 (custom)
2020-06-27 08:27:50,560 [pool-48-thread-1] INFO  server.RaftServerConfigKeys (ConfUtils.java:logGet(44)) - raft.server.snapshot.retention.file.num = 5 (custom)
2020-06-27 08:27:50,560 [pool-48-thread-1] INFO  server.RaftServerConfigKeys (ConfUtils.java:logGet(44)) - raft.server.log.purge.upto.snapshot.index = false (default)
2020-06-27 08:27:50,560 [pool-48-thread-1] INFO  server.RaftServerConfigKeys (ConfUtils.java:logGet(44)) - raft.server.retrycache.expirytime = 600000ms (custom)
2020-06-27 08:27:50,563 [EventQueue-PipelineReportForPipelineReportHandler] INFO  pipeline.PipelineStateManager (PipelineStateManager.java:openPipeline(131)) - Pipeline Pipeline[ Id: 8e577ec2-9b88-4076-9040-420ad1130d14, Nodes: 7ac2bac4-ea14-4a92-ad00-7ecf8c69770d{ip: 172.17.0.2, host: 23863634748d, networkLocation: /default-rack, certSerialId: null}, Type:RATIS, Factor:ONE, State:ALLOCATED, leaderId:7ac2bac4-ea14-4a92-ad00-7ecf8c69770d, CreationTimestamp2020-06-27T08:27:47.509Z] moved to OPEN state
2020-06-27 08:27:50,564 [EventQueue-OpenPipelineForOneReplicaPipelineSafeModeRule] INFO  safemode.SCMSafeModeManager (SCMSafeModeManager.java:validateSafeModeExitRules(214)) - AtleastOneDatanodeReportedRule rule is successfully validated
2020-06-27 08:27:50,564 [EventQueue-OpenPipelineForHealthyPipelineSafeModeRule] INFO  safemode.SCMSafeModeManager (HealthyPipelineSafeModeRule.java:process(132)) - SCM in safe mode. Healthy pipelines reported count is 0, required healthy pipeline reported count is 1
2020-06-27 08:27:50,565 [pool-48-thread-1] INFO  metrics.RatisMetrics (RatisMetrics.java:lambda$create$0(36)) - Creating Metrics Registry : ratis.leader_election.7ac2bac4-ea14-4a92-ad00-7ecf8c69770d@group-420AD1130D14
2020-06-27 08:27:50,568 [pool-48-thread-1] INFO  metrics.RatisMetrics (RatisMetrics.java:lambda$create$0(36)) - Creating Metrics Registry : ratis.server.7ac2bac4-ea14-4a92-ad00-7ecf8c69770d@group-420AD1130D14
2020-06-27 08:27:50,568 [pool-33-thread-1] INFO  metrics.RatisMetrics (RatisMetrics.java:lambda$create$0(36)) - Creating Metrics Registry : ratis.leader_election.addd0e4b-8b83-4fcf-9561-846eae7ff551@group-F3BC6E991ADA
2020-06-27 08:27:50,572 [pool-33-thread-1] INFO  metrics.RatisMetrics (RatisMetrics.java:lambda$create$0(36)) - Creating Metrics Registry : ratis.server.addd0e4b-8b83-4fcf-9561-846eae7ff551@group-F3BC6E991ADA
2020-06-27 08:27:50,575 [pool-33-thread-1] INFO  impl.RaftServerImpl (RaftServerImpl.java:start(186)) - addd0e4b-8b83-4fcf-9561-846eae7ff551@group-F3BC6E991ADA: start as a follower, conf=-1: [addd0e4b-8b83-4fcf-9561-846eae7ff551:172.17.0.2:35621], old=null
2020-06-27 08:27:50,576 [pool-33-thread-1] INFO  impl.RaftServerImpl (RaftServerImpl.java:setRole(175)) - addd0e4b-8b83-4fcf-9561-846eae7ff551@group-F3BC6E991ADA: changes role from      null to FOLLOWER at term 0 for startAsFollower
2020-06-27 08:27:50,577 [pool-48-thread-1] INFO  impl.RaftServerImpl (RaftServerImpl.java:start(186)) - 7ac2bac4-ea14-4a92-ad00-7ecf8c69770d@group-420AD1130D14: start as a follower, conf=-1: [7ac2bac4-ea14-4a92-ad00-7ecf8c69770d:172.17.0.2:39381], old=null
2020-06-27 08:27:50,578 [pool-48-thread-1] INFO  impl.RaftServerImpl (RaftServerImpl.java:setRole(175)) - 7ac2bac4-ea14-4a92-ad00-7ecf8c69770d@group-420AD1130D14: changes role from      null to FOLLOWER at term 0 for startAsFollower
2020-06-27 08:27:50,579 [pool-48-thread-1] INFO  impl.RoleInfo (RoleInfo.java:updateAndGet(143)) - 7ac2bac4-ea14-4a92-ad00-7ecf8c69770d: start FollowerState
2020-06-27 08:27:50,579 [pool-33-thread-1] INFO  impl.RoleInfo (RoleInfo.java:updateAndGet(143)) - addd0e4b-8b83-4fcf-9561-846eae7ff551: start FollowerState
2020-06-27 08:27:50,581 [pool-33-thread-1] INFO  util.JmxRegister (JmxRegister.java:tryRegister(44)) - Successfully registered JMX Bean with object name Ratis:service=RaftServer,group=group-F3BC6E991ADA,id=addd0e4b-8b83-4fcf-9561-846eae7ff551
2020-06-27 08:27:50,582 [pool-33-thread-1] INFO  metrics.RatisMetrics (RatisMetrics.java:lambda$create$0(36)) - Creating Metrics Registry : ratis.state_machine.addd0e4b-8b83-4fcf-9561-846eae7ff551@group-F3BC6E991ADA
2020-06-27 08:27:50,584 [pool-48-thread-1] INFO  util.JmxRegister (JmxRegister.java:tryRegister(44)) - Successfully registered JMX Bean with object name Ratis:service=RaftServer,group=group-420AD1130D14,id=7ac2bac4-ea14-4a92-ad00-7ecf8c69770d
2020-06-27 08:27:50,585 [pool-48-thread-1] INFO  metrics.RatisMetrics (RatisMetrics.java:lambda$create$0(36)) - Creating Metrics Registry : ratis.state_machine.7ac2bac4-ea14-4a92-ad00-7ecf8c69770d@group-420AD1130D14
2020-06-27 08:27:50,609 [Command processor thread] INFO  commandhandler.CreatePipelineCommandHandler (CreatePipelineCommandHandler.java:handle(109)) - Created Pipeline RATIS ONE #id: "8e577ec2-9b88-4076-9040-420ad1130d14"
.
2020-06-27 08:27:50,610 [Command processor thread] INFO  impl.RaftServerProxy (RaftServerProxy.java:addNew(89)) - 7ac2bac4-ea14-4a92-ad00-7ecf8c69770d: addNew group-DE40DCD8EE57:[7ac2bac4-ea14-4a92-ad00-7ecf8c69770d:172.17.0.2:39381, 21e928e7-b178-40d2-b19b-ea853389ee6e:172.17.0.2:38179, addd0e4b-8b83-4fcf-9561-846eae7ff551:172.17.0.2:35621] returns group-DE40DCD8EE57:java.util.concurrent.CompletableFuture@32b282b0[Not completed]
2020-06-27 08:27:50,612 [pool-48-thread-1] INFO  impl.RaftServerImpl (RaftServerImpl.java:<init>(99)) - 7ac2bac4-ea14-4a92-ad00-7ecf8c69770d: new RaftServerImpl for group-DE40DCD8EE57:[7ac2bac4-ea14-4a92-ad00-7ecf8c69770d:172.17.0.2:39381, 21e928e7-b178-40d2-b19b-ea853389ee6e:172.17.0.2:38179, addd0e4b-8b83-4fcf-9561-846eae7ff551:172.17.0.2:35621] with ContainerStateMachine:uninitialized
2020-06-27 08:27:50,613 [pool-48-thread-1] INFO  server.RaftServerConfigKeys (ConfUtils.java:logGet(44)) - raft.server.rpc.timeout.min = 5s (custom)
2020-06-27 08:27:50,614 [pool-48-thread-1] INFO  server.RaftServerConfigKeys (ConfUtils.java:logGet(44)) - raft.server.rpc.timeout.max = 5200ms (custom)
2020-06-27 08:27:50,614 [pool-48-thread-1] INFO  server.RaftServerConfigKeys (ConfUtils.java:logGet(44)) - raft.server.rpcslowness.timeout = 300s (custom)
2020-06-27 08:27:50,614 [pool-48-thread-1] INFO  server.RaftServerConfigKeys (ConfUtils.java:logGet(44)) - raft.server.sleep.deviation.threshold = 300 (default)
2020-06-27 08:27:50,614 [pool-48-thread-1] INFO  server.RaftServerConfigKeys (ConfUtils.java:logGet(44)) - raft.server.log.appender.install.snapshot.enabled = false (custom)
2020-06-27 08:27:50,614 [pool-48-thread-1] INFO  impl.RaftServerImpl (ServerState.java:<init>(103)) - 7ac2bac4-ea14-4a92-ad00-7ecf8c69770d@group-DE40DCD8EE57: ConfigurationManager, init=-1: [7ac2bac4-ea14-4a92-ad00-7ecf8c69770d:172.17.0.2:39381, 21e928e7-b178-40d2-b19b-ea853389ee6e:172.17.0.2:38179, addd0e4b-8b83-4fcf-9561-846eae7ff551:172.17.0.2:35621], old=null, confs=<EMPTY_MAP>
2020-06-27 08:27:50,614 [pool-48-thread-1] INFO  server.RaftServerConfigKeys (ConfUtils.java:logGet(44)) - raft.server.storage.dir = [/github/workspace/mnt/ozone/hadoop-ozone/integration-test/target/test-dir/MiniOzoneClusterImpl-8eb50a3f-c1ff-437a-8e18-e0505f09b26f/datanode-1/data/ratis] (custom)
2020-06-27 08:27:50,614 [pool-48-thread-1] INFO  server.RaftServerConfigKeys (ConfUtils.java:logGet(44)) - raft.server.log.corruption.policy = EXCEPTION (default)
2020-06-27 08:27:50,614 [pool-48-thread-1] INFO  storage.RaftStorageDirectory (RaftStorageDirectory.java:analyzeStorage(261)) - The storage directory /github/workspace/mnt/ozone/hadoop-ozone/integration-test/target/test-dir/MiniOzoneClusterImpl-8eb50a3f-c1ff-437a-8e18-e0505f09b26f/datanode-1/data/ratis/19f6dbb0-0442-4a6e-86d0-de40dcd8ee57 does not exist. Creating ...
2020-06-27 08:27:50,616 [pool-48-thread-1] INFO  storage.RaftStorageDirectory (RaftStorageDirectory.java:tryLock(343)) - Lock on /github/workspace/mnt/ozone/hadoop-ozone/integration-test/target/test-dir/MiniOzoneClusterImpl-8eb50a3f-c1ff-437a-8e18-e0505f09b26f/datanode-1/data/ratis/19f6dbb0-0442-4a6e-86d0-de40dcd8ee57/in_use.lock acquired by nodename 20861@23863634748d
2020-06-27 08:27:50,611 [Command processor thread] INFO  commandhandler.CreatePipelineCommandHandler (CreatePipelineCommandHandler.java:handle(109)) - Created Pipeline RATIS ONE #id: "fdba43ff-668e-480b-8ad7-f3bc6e991ada"
.
2020-06-27 08:27:50,619 [Command processor thread] INFO  impl.RaftServerProxy (RaftServerProxy.java:addNew(89)) - addd0e4b-8b83-4fcf-9561-846eae7ff551: addNew group-DE40DCD8EE57:[7ac2bac4-ea14-4a92-ad00-7ecf8c69770d:172.17.0.2:39381, 21e928e7-b178-40d2-b19b-ea853389ee6e:172.17.0.2:38179, addd0e4b-8b83-4fcf-9561-846eae7ff551:172.17.0.2:35621] returns group-DE40DCD8EE57:java.util.concurrent.CompletableFuture@c771b[Not completed]
2020-06-27 08:27:50,621 [pool-48-thread-1] INFO  storage.RaftStorage (RaftStorage.java:format(84)) - Storage directory /github/workspace/mnt/ozone/hadoop-ozone/integration-test/target/test-dir/MiniOzoneClusterImpl-8eb50a3f-c1ff-437a-8e18-e0505f09b26f/datanode-1/data/ratis/19f6dbb0-0442-4a6e-86d0-de40dcd8ee57 has been successfully formatted.
2020-06-27 08:27:50,625 [pool-48-thread-1] INFO  ratis.ContainerStateMachine (ContainerStateMachine.java:loadSnapshot(226)) - group-DE40DCD8EE57: The snapshot info is null. Setting the last applied indexto:(t:0, i:~)
2020-06-27 08:27:50,625 [pool-48-thread-1] INFO  server.RaftServerConfigKeys (ConfUtils.java:logGet(44)) - raft.server.notification.no-leader.timeout = 60s (default)
2020-06-27 08:27:50,625 [pool-48-thread-1] INFO  server.RaftServerConfigKeys (ConfUtils.java:logGet(44)) - raft.server.log.use.memory = false (default)
2020-06-27 08:27:50,625 [pool-48-thread-1] INFO  server.RaftServerConfigKeys (ConfUtils.java:logGet(44)) - raft.server.log.purge.gap = 1000000 (custom)
2020-06-27 08:27:50,625 [pool-48-thread-1] INFO  server.RaftServerConfigKeys (ConfUtils.java:logGet(44)) - raft.server.log.appender.buffer.byte-limit = 33554432 (custom)
2020-06-27 08:27:50,625 [pool-48-thread-1] INFO  server.RaftServerConfigKeys (ConfUtils.java:logGet(44)) - raft.server.log.segment.size.max = 1048576 (custom)
2020-06-27 08:27:50,625 [Command processor thread] INFO  impl.RaftServerProxy (RaftServerProxy.java:addNew(89)) - 21e928e7-b178-40d2-b19b-ea853389ee6e: addNew group-0BB294C9A031:[21e928e7-b178-40d2-b19b-ea853389ee6e:172.17.0.2:38179] returns group-0BB294C9A031:java.util.concurrent.CompletableFuture@50676153[Not completed]
2020-06-27 08:27:50,625 [pool-48-thread-1] INFO  metrics.RatisMetrics (RatisMetrics.java:lambda$create$0(36)) - Creating Metrics Registry : ratis.log_worker.7ac2bac4-ea14-4a92-ad00-7ecf8c69770d@group-DE40DCD8EE57
2020-06-27 08:27:50,627 [pool-48-thread-1] INFO  server.RaftServerConfigKeys (ConfUtils.java:logGet(44)) - raft.server.log.segment.cache.num.max = 2 (custom)
2020-06-27 08:27:50,627 [pool-48-thread-1] INFO  segmented.SegmentedRaftLogWorker (SegmentedRaftLogWorker.java:<init>(180)) - new 7ac2bac4-ea14-4a92-ad00-7ecf8c69770d@group-DE40DCD8EE57-SegmentedRaftLogWorker for RaftStorage:Storage Directory /github/workspace/mnt/ozone/hadoop-ozone/integration-test/target/test-dir/MiniOzoneClusterImpl-8eb50a3f-c1ff-437a-8e18-e0505f09b26f/datanode-1/data/ratis/19f6dbb0-0442-4a6e-86d0-de40dcd8ee57
2020-06-27 08:27:50,627 [pool-48-thread-1] INFO  server.RaftServerConfigKeys (ConfUtils.java:logGet(44)) - raft.server.log.queue.byte-limit = 2147483647 (custom)
2020-06-27 08:27:50,627 [pool-48-thread-1] INFO  server.RaftServerConfigKeys (ConfUtils.java:logGet(44)) - raft.server.log.queue.element-limit = 1024 (custom)
2020-06-27 08:27:50,627 [pool-48-thread-1] INFO  server.RaftServerConfigKeys (ConfUtils.java:logGet(44)) - raft.server.log.segment.size.max = 1048576 (custom)
2020-06-27 08:27:50,627 [pool-48-thread-1] INFO  server.RaftServerConfigKeys (ConfUtils.java:logGet(44)) - raft.server.log.preallocated.size = 16384 (custom)
2020-06-27 08:27:50,627 [pool-48-thread-1] INFO  server.RaftServerConfigKeys (ConfUtils.java:logGet(44)) - raft.server.log.write.buffer.size = 1048576 (custom)
2020-06-27 08:27:50,627 [pool-48-thread-1] INFO  server.RaftServerConfigKeys (ConfUtils.java:logGet(44)) - raft.server.log.force.sync.num = 128 (default)
2020-06-27 08:27:50,627 [pool-48-thread-1] INFO  server.RaftServerConfigKeys (ConfUtils.java:logGet(44)) - raft.server.log.statemachine.data.sync = true (default)
2020-06-27 08:27:50,628 [pool-48-thread-1] INFO  server.RaftServerConfigKeys (ConfUtils.java:logGet(44)) - raft.server.log.statemachine.data.sync.timeout = 10s (default)
2020-06-27 08:27:50,628 [pool-48-thread-1] INFO  server.RaftServerConfigKeys (ConfUtils.java:logGet(44)) - raft.server.log.statemachine.data.sync.timeout.retry = -1 (default)
2020-06-27 08:27:50,630 [pool-48-thread-1] INFO  server.RaftServerConfigKeys (ConfUtils.java:logGet(44)) - raft.server.log.statemachine.data.caching.enabled = true (custom)
2020-06-27 08:27:50,637 [pool-48-thread-1] INFO  segmented.SegmentedRaftLogWorker (SegmentedRaftLogWorker.java:lambda$new$0(129)) - 7ac2bac4-ea14-4a92-ad00-7ecf8c69770d@group-DE40DCD8EE57-SegmentedRaftLogWorker: flushIndex: setUnconditionally 0 -> -1
2020-06-27 08:27:50,637 [pool-48-thread-1] INFO  segmented.SegmentedRaftLogWorker (SegmentedRaftLogWorker.java:lambda$new$0(129)) - 7ac2bac4-ea14-4a92-ad00-7ecf8c69770d@group-DE40DCD8EE57-SegmentedRaftLogWorker: safeCacheEvictIndex: setUnconditionally 0 -> -1
2020-06-27 08:27:50,644 [pool-48-thread-1] INFO  server.RaftServerConfigKeys (ConfUtils.java:logGet(44)) - raft.server.snapshot.auto.trigger.enabled = true (custom)
2020-06-27 08:27:50,644 [pool-48-thread-1] INFO  server.RaftServerConfigKeys (ConfUtils.java:logGet(44)) - raft.server.snapshot.auto.trigger.threshold = 10000 (custom)
2020-06-27 08:27:50,644 [pool-48-thread-1] INFO  server.RaftServerConfigKeys (ConfUtils.java:logGet(44)) - raft.server.snapshot.retention.file.num = 5 (custom)
2020-06-27 08:27:50,644 [pool-48-thread-1] INFO  server.RaftServerConfigKeys (ConfUtils.java:logGet(44)) - raft.server.log.purge.upto.snapshot.index = false (default)
2020-06-27 08:27:50,644 [pool-48-thread-1] INFO  server.RaftServerConfigKeys (ConfUtils.java:logGet(44)) - raft.server.retrycache.expirytime = 600000ms (custom)
2020-06-27 08:27:50,644 [pool-48-thread-1] INFO  metrics.RatisMetrics (RatisMetrics.java:lambda$create$0(36)) - Creating Metrics Registry : ratis.leader_election.7ac2bac4-ea14-4a92-ad00-7ecf8c69770d@group-DE40DCD8EE57
2020-06-27 08:27:50,645 [pool-48-thread-1] INFO  metrics.RatisMetrics (RatisMetrics.java:lambda$create$0(36)) - Creating Metrics Registry : ratis.server.7ac2bac4-ea14-4a92-ad00-7ecf8c69770d@group-DE40DCD8EE57
2020-06-27 08:27:50,647 [pool-63-thread-1] INFO  impl.RaftServerImpl (RaftServerImpl.java:<init>(99)) - 21e928e7-b178-40d2-b19b-ea853389ee6e: new RaftServerImpl for group-0BB294C9A031:[21e928e7-b178-40d2-b19b-ea853389ee6e:172.17.0.2:38179] with ContainerStateMachine:uninitialized
2020-06-27 08:27:50,652 [pool-63-thread-1] INFO  server.RaftServerConfigKeys (ConfUtils.java:logGet(44)) - raft.server.rpc.timeout.min = 5s (custom)
2020-06-27 08:27:50,652 [pool-63-thread-1] INFO  server.RaftServerConfigKeys (ConfUtils.java:logGet(44)) - raft.server.rpc.timeout.max = 5200ms (custom)
2020-06-27 08:27:50,652 [pool-63-thread-1] INFO  server.RaftServerConfigKeys (ConfUtils.java:logGet(44)) - raft.server.rpcslowness.timeout = 300s (custom)
2020-06-27 08:27:50,652 [pool-63-thread-1] INFO  server.RaftServerConfigKeys (ConfUtils.java:logGet(44)) - raft.server.sleep.deviation.threshold = 300 (default)
2020-06-27 08:27:50,652 [pool-63-thread-1] INFO  server.RaftServerConfigKeys (ConfUtils.java:logGet(44)) - raft.server.log.appender.install.snapshot.enabled = false (custom)
2020-06-27 08:27:50,652 [pool-63-thread-1] INFO  impl.RaftServerImpl (ServerState.java:<init>(103)) - 21e928e7-b178-40d2-b19b-ea853389ee6e@group-0BB294C9A031: ConfigurationManager, init=-1: [21e928e7-b178-40d2-b19b-ea853389ee6e:172.17.0.2:38179], old=null, confs=<EMPTY_MAP>
2020-06-27 08:27:50,652 [pool-33-thread-1] INFO  impl.RaftServerImpl (RaftServerImpl.java:<init>(99)) - addd0e4b-8b83-4fcf-9561-846eae7ff551: new RaftServerImpl for group-DE40DCD8EE57:[7ac2bac4-ea14-4a92-ad00-7ecf8c69770d:172.17.0.2:39381, 21e928e7-b178-40d2-b19b-ea853389ee6e:172.17.0.2:38179, addd0e4b-8b83-4fcf-9561-846eae7ff551:172.17.0.2:35621] with ContainerStateMachine:uninitialized
2020-06-27 08:27:50,652 [pool-33-thread-1] INFO  server.RaftServerConfigKeys (ConfUtils.java:logGet(44)) - raft.server.rpc.timeout.min = 5s (custom)
2020-06-27 08:27:50,653 [pool-33-thread-1] INFO  server.RaftServerConfigKeys (ConfUtils.java:logGet(44)) - raft.server.rpc.timeout.max = 5200ms (custom)
2020-06-27 08:27:50,653 [pool-33-thread-1] INFO  server.RaftServerConfigKeys (ConfUtils.java:logGet(44)) - raft.server.rpcslowness.timeout = 300s (custom)
2020-06-27 08:27:50,653 [pool-33-thread-1] INFO  server.RaftServerConfigKeys (ConfUtils.java:logGet(44)) - raft.server.sleep.deviation.threshold = 300 (default)
2020-06-27 08:27:50,653 [pool-33-thread-1] INFO  server.RaftServerConfigKeys (ConfUtils.java:logGet(44)) - raft.server.log.appender.install.snapshot.enabled = false (custom)
2020-06-27 08:27:50,655 [pool-33-thread-1] INFO  impl.RaftServerImpl (ServerState.java:<init>(103)) - addd0e4b-8b83-4fcf-9561-846eae7ff551@group-DE40DCD8EE57: ConfigurationManager, init=-1: [7ac2bac4-ea14-4a92-ad00-7ecf8c69770d:172.17.0.2:39381, 21e928e7-b178-40d2-b19b-ea853389ee6e:172.17.0.2:38179, addd0e4b-8b83-4fcf-9561-846eae7ff551:172.17.0.2:35621], old=null, confs=<EMPTY_MAP>
2020-06-27 08:27:50,655 [pool-33-thread-1] INFO  server.RaftServerConfigKeys (ConfUtils.java:logGet(44)) - raft.server.storage.dir = [/github/workspace/mnt/ozone/hadoop-ozone/integration-test/target/test-dir/MiniOzoneClusterImpl-8eb50a3f-c1ff-437a-8e18-e0505f09b26f/datanode-0/data/ratis] (custom)
2020-06-27 08:27:50,655 [pool-33-thread-1] INFO  server.RaftServerConfigKeys (ConfUtils.java:logGet(44)) - raft.server.log.corruption.policy = EXCEPTION (default)
2020-06-27 08:27:50,655 [pool-33-thread-1] INFO  storage.RaftStorageDirectory (RaftStorageDirectory.java:analyzeStorage(261)) - The storage directory /github/workspace/mnt/ozone/hadoop-ozone/integration-test/target/test-dir/MiniOzoneClusterImpl-8eb50a3f-c1ff-437a-8e18-e0505f09b26f/datanode-0/data/ratis/19f6dbb0-0442-4a6e-86d0-de40dcd8ee57 does not exist. Creating ...
2020-06-27 08:27:50,654 [pool-48-thread-1] INFO  impl.RaftServerImpl (RaftServerImpl.java:start(186)) - 7ac2bac4-ea14-4a92-ad00-7ecf8c69770d@group-DE40DCD8EE57: start as a follower, conf=-1: [7ac2bac4-ea14-4a92-ad00-7ecf8c69770d:172.17.0.2:39381, 21e928e7-b178-40d2-b19b-ea853389ee6e:172.17.0.2:38179, addd0e4b-8b83-4fcf-9561-846eae7ff551:172.17.0.2:35621], old=null
2020-06-27 08:27:50,656 [pool-48-thread-1] INFO  impl.RaftServerImpl (RaftServerImpl.java:setRole(175)) - 7ac2bac4-ea14-4a92-ad00-7ecf8c69770d@group-DE40DCD8EE57: changes role from      null to FOLLOWER at term 0 for startAsFollower
2020-06-27 08:27:50,656 [pool-48-thread-1] INFO  impl.RoleInfo (RoleInfo.java:updateAndGet(143)) - 7ac2bac4-ea14-4a92-ad00-7ecf8c69770d: start FollowerState
2020-06-27 08:27:50,653 [pool-63-thread-1] INFO  server.RaftServerConfigKeys (ConfUtils.java:logGet(44)) - raft.server.storage.dir = [/github/workspace/mnt/ozone/hadoop-ozone/integration-test/target/test-dir/MiniOzoneClusterImpl-8eb50a3f-c1ff-437a-8e18-e0505f09b26f/datanode-2/data/ratis] (custom)
2020-06-27 08:27:50,656 [pool-63-thread-1] INFO  server.RaftServerConfigKeys (ConfUtils.java:logGet(44)) - raft.server.log.corruption.policy = EXCEPTION (default)
2020-06-27 08:27:50,656 [pool-63-thread-1] INFO  storage.RaftStorageDirectory (RaftStorageDirectory.java:analyzeStorage(261)) - The storage directory /github/workspace/mnt/ozone/hadoop-ozone/integration-test/target/test-dir/MiniOzoneClusterImpl-8eb50a3f-c1ff-437a-8e18-e0505f09b26f/datanode-2/data/ratis/2d02a235-a3a0-4b96-b0c1-0bb294c9a031 does not exist. Creating ...
2020-06-27 08:27:50,658 [pool-63-thread-1] INFO  storage.RaftStorageDirectory (RaftStorageDirectory.java:tryLock(343)) - Lock on /github/workspace/mnt/ozone/hadoop-ozone/integration-test/target/test-dir/MiniOzoneClusterImpl-8eb50a3f-c1ff-437a-8e18-e0505f09b26f/datanode-2/data/ratis/2d02a235-a3a0-4b96-b0c1-0bb294c9a031/in_use.lock acquired by nodename 20861@23863634748d
2020-06-27 08:27:50,658 [pool-33-thread-1] INFO  storage.RaftStorageDirectory (RaftStorageDirectory.java:tryLock(343)) - Lock on /github/workspace/mnt/ozone/hadoop-ozone/integration-test/target/test-dir/MiniOzoneClusterImpl-8eb50a3f-c1ff-437a-8e18-e0505f09b26f/datanode-0/data/ratis/19f6dbb0-0442-4a6e-86d0-de40dcd8ee57/in_use.lock acquired by nodename 20861@23863634748d
2020-06-27 08:27:50,659 [pool-63-thread-1] INFO  storage.RaftStorage (RaftStorage.java:format(84)) - Storage directory /github/workspace/mnt/ozone/hadoop-ozone/integration-test/target/test-dir/MiniOzoneClusterImpl-8eb50a3f-c1ff-437a-8e18-e0505f09b26f/datanode-2/data/ratis/2d02a235-a3a0-4b96-b0c1-0bb294c9a031 has been successfully formatted.
2020-06-27 08:27:50,659 [pool-33-thread-1] INFO  storage.RaftStorage (RaftStorage.java:format(84)) - Storage directory /github/workspace/mnt/ozone/hadoop-ozone/integration-test/target/test-dir/MiniOzoneClusterImpl-8eb50a3f-c1ff-437a-8e18-e0505f09b26f/datanode-0/data/ratis/19f6dbb0-0442-4a6e-86d0-de40dcd8ee57 has been successfully formatted.
2020-06-27 08:27:50,660 [pool-48-thread-1] INFO  util.JmxRegister (JmxRegister.java:tryRegister(44)) - Successfully registered JMX Bean with object name Ratis:service=RaftServer,group=group-DE40DCD8EE57,id=7ac2bac4-ea14-4a92-ad00-7ecf8c69770d
2020-06-27 08:27:50,660 [pool-48-thread-1] INFO  metrics.RatisMetrics (RatisMetrics.java:lambda$create$0(36)) - Creating Metrics Registry : ratis.state_machine.7ac2bac4-ea14-4a92-ad00-7ecf8c69770d@group-DE40DCD8EE57
2020-06-27 08:27:50,679 [pool-33-thread-1] INFO  ratis.ContainerStateMachine (ContainerStateMachine.java:loadSnapshot(226)) - group-DE40DCD8EE57: The snapshot info is null. Setting the last applied indexto:(t:0, i:~)
2020-06-27 08:27:50,679 [pool-33-thread-1] INFO  server.RaftServerConfigKeys (ConfUtils.java:logGet(44)) - raft.server.notification.no-leader.timeout = 60s (default)
2020-06-27 08:27:50,679 [pool-33-thread-1] INFO  server.RaftServerConfigKeys (ConfUtils.java:logGet(44)) - raft.server.log.use.memory = false (default)
2020-06-27 08:27:50,679 [pool-33-thread-1] INFO  server.RaftServerConfigKeys (ConfUtils.java:logGet(44)) - raft.server.log.purge.gap = 1000000 (custom)
2020-06-27 08:27:50,679 [pool-33-thread-1] INFO  server.RaftServerConfigKeys (ConfUtils.java:logGet(44)) - raft.server.log.appender.buffer.byte-limit = 33554432 (custom)
2020-06-27 08:27:50,679 [pool-33-thread-1] INFO  server.RaftServerConfigKeys (ConfUtils.java:logGet(44)) - raft.server.log.segment.size.max = 1048576 (custom)
2020-06-27 08:27:50,679 [pool-33-thread-1] INFO  metrics.RatisMetrics (RatisMetrics.java:lambda$create$0(36)) - Creating Metrics Registry : ratis.log_worker.addd0e4b-8b83-4fcf-9561-846eae7ff551@group-DE40DCD8EE57
2020-06-27 08:27:50,679 [pool-63-thread-1] INFO  ratis.ContainerStateMachine (ContainerStateMachine.java:loadSnapshot(226)) - group-0BB294C9A031: The snapshot info is null. Setting the last applied indexto:(t:0, i:~)
2020-06-27 08:27:50,679 [pool-63-thread-1] INFO  server.RaftServerConfigKeys (ConfUtils.java:logGet(44)) - raft.server.notification.no-leader.timeout = 60s (default)
2020-06-27 08:27:50,679 [pool-63-thread-1] INFO  server.RaftServerConfigKeys (ConfUtils.java:logGet(44)) - raft.server.log.use.memory = false (default)
2020-06-27 08:27:50,680 [pool-63-thread-1] INFO  server.RaftServerConfigKeys (ConfUtils.java:logGet(44)) - raft.server.log.purge.gap = 1000000 (custom)
2020-06-27 08:27:50,680 [pool-63-thread-1] INFO  server.RaftServerConfigKeys (ConfUtils.java:logGet(44)) - raft.server.log.appender.buffer.byte-limit = 33554432 (custom)
2020-06-27 08:27:50,680 [pool-63-thread-1] INFO  server.RaftServerConfigKeys (ConfUtils.java:logGet(44)) - raft.server.log.segment.size.max = 1048576 (custom)
2020-06-27 08:27:50,680 [pool-63-thread-1] INFO  metrics.RatisMetrics (RatisMetrics.java:lambda$create$0(36)) - Creating Metrics Registry : ratis.log_worker.21e928e7-b178-40d2-b19b-ea853389ee6e@group-0BB294C9A031
2020-06-27 08:27:50,690 [EventQueue-PipelineReportForPipelineReportHandler] INFO  pipeline.PipelineStateManager (PipelineStateManager.java:openPipeline(131)) - Pipeline Pipeline[ Id: 2d02a235-a3a0-4b96-b0c1-0bb294c9a031, Nodes: 21e928e7-b178-40d2-b19b-ea853389ee6e{ip: 172.17.0.2, host: 23863634748d, networkLocation: /default-rack, certSerialId: null}, Type:RATIS, Factor:ONE, State:ALLOCATED, leaderId:21e928e7-b178-40d2-b19b-ea853389ee6e, CreationTimestamp2020-06-27T08:27:47.615Z] moved to OPEN state
2020-06-27 08:27:50,690 [EventQueue-OpenPipelineForOneReplicaPipelineSafeModeRule] INFO  safemode.SCMSafeModeManager (SCMSafeModeManager.java:validateSafeModeExitRules(214)) - AtleastOneDatanodeReportedRule rule is successfully validated
2020-06-27 08:27:50,690 [EventQueue-OpenPipelineForHealthyPipelineSafeModeRule] INFO  safemode.SCMSafeModeManager (HealthyPipelineSafeModeRule.java:process(132)) - SCM in safe mode. Healthy pipelines reported count is 0, required healthy pipeline reported count is 1
2020-06-27 08:27:50,692 [pool-63-thread-1] INFO  server.RaftServerConfigKeys (ConfUtils.java:logGet(44)) - raft.server.log.segment.cache.num.max = 2 (custom)
2020-06-27 08:27:50,692 [pool-63-thread-1] INFO  segmented.SegmentedRaftLogWorker (SegmentedRaftLogWorker.java:<init>(180)) - new 21e928e7-b178-40d2-b19b-ea853389ee6e@group-0BB294C9A031-SegmentedRaftLogWorker for RaftStorage:Storage Directory /github/workspace/mnt/ozone/hadoop-ozone/integration-test/target/test-dir/MiniOzoneClusterImpl-8eb50a3f-c1ff-437a-8e18-e0505f09b26f/datanode-2/data/ratis/2d02a235-a3a0-4b96-b0c1-0bb294c9a031
2020-06-27 08:27:50,692 [pool-63-thread-1] INFO  server.RaftServerConfigKeys (ConfUtils.java:logGet(44)) - raft.server.log.queue.byte-limit = 2147483647 (custom)
2020-06-27 08:27:50,692 [pool-63-thread-1] INFO  server.RaftServerConfigKeys (ConfUtils.java:logGet(44)) - raft.server.log.queue.element-limit = 1024 (custom)
2020-06-27 08:27:50,692 [pool-63-thread-1] INFO  server.RaftServerConfigKeys (ConfUtils.java:logGet(44)) - raft.server.log.segment.size.max = 1048576 (custom)
2020-06-27 08:27:50,692 [pool-63-thread-1] INFO  server.RaftServerConfigKeys (ConfUtils.java:logGet(44)) - raft.server.log.preallocated.size = 16384 (custom)
2020-06-27 08:27:50,692 [pool-63-thread-1] INFO  server.RaftServerConfigKeys (ConfUtils.java:logGet(44)) - raft.server.log.write.buffer.size = 1048576 (custom)
2020-06-27 08:27:50,692 [pool-63-thread-1] INFO  server.RaftServerConfigKeys (ConfUtils.java:logGet(44)) - raft.server.log.force.sync.num = 128 (default)
2020-06-27 08:27:50,693 [pool-63-thread-1] INFO  server.RaftServerConfigKeys (ConfUtils.java:logGet(44)) - raft.server.log.statemachine.data.sync = true (default)
2020-06-27 08:27:50,693 [pool-63-thread-1] INFO  server.RaftServerConfigKeys (ConfUtils.java:logGet(44)) - raft.server.log.statemachine.data.sync.timeout = 10s (default)
2020-06-27 08:27:50,693 [pool-63-thread-1] INFO  server.RaftServerConfigKeys (ConfUtils.java:logGet(44)) - raft.server.log.statemachine.data.sync.timeout.retry = -1 (default)
2020-06-27 08:27:50,695 [pool-63-thread-1] INFO  server.RaftServerConfigKeys (ConfUtils.java:logGet(44)) - raft.server.log.statemachine.data.caching.enabled = true (custom)
2020-06-27 08:27:50,695 [pool-63-thread-1] INFO  segmented.SegmentedRaftLogWorker (SegmentedRaftLogWorker.java:lambda$new$0(129)) - 21e928e7-b178-40d2-b19b-ea853389ee6e@group-0BB294C9A031-SegmentedRaftLogWorker: flushIndex: setUnconditionally 0 -> -1
2020-06-27 08:27:50,695 [pool-63-thread-1] INFO  segmented.SegmentedRaftLogWorker (SegmentedRaftLogWorker.java:lambda$new$0(129)) - 21e928e7-b178-40d2-b19b-ea853389ee6e@group-0BB294C9A031-SegmentedRaftLogWorker: safeCacheEvictIndex: setUnconditionally 0 -> -1
2020-06-27 08:27:50,700 [pool-63-thread-1] INFO  server.RaftServerConfigKeys (ConfUtils.java:logGet(44)) - raft.server.snapshot.auto.trigger.enabled = true (custom)
2020-06-27 08:27:50,700 [pool-63-thread-1] INFO  server.RaftServerConfigKeys (ConfUtils.java:logGet(44)) - raft.server.snapshot.auto.trigger.threshold = 10000 (custom)
2020-06-27 08:27:50,700 [pool-63-thread-1] INFO  server.RaftServerConfigKeys (ConfUtils.java:logGet(44)) - raft.server.snapshot.retention.file.num = 5 (custom)
2020-06-27 08:27:50,700 [pool-63-thread-1] INFO  server.RaftServerConfigKeys (ConfUtils.java:logGet(44)) - raft.server.log.purge.upto.snapshot.index = false (default)
2020-06-27 08:27:50,701 [pool-63-thread-1] INFO  server.RaftServerConfigKeys (ConfUtils.java:logGet(44)) - raft.server.retrycache.expirytime = 600000ms (custom)
2020-06-27 08:27:50,701 [pool-63-thread-1] INFO  metrics.RatisMetrics (RatisMetrics.java:lambda$create$0(36)) - Creating Metrics Registry : ratis.leader_election.21e928e7-b178-40d2-b19b-ea853389ee6e@group-0BB294C9A031
2020-06-27 08:27:50,701 [pool-63-thread-1] INFO  metrics.RatisMetrics (RatisMetrics.java:lambda$create$0(36)) - Creating Metrics Registry : ratis.server.21e928e7-b178-40d2-b19b-ea853389ee6e@group-0BB294C9A031
2020-06-27 08:27:50,703 [pool-33-thread-1] INFO  server.RaftServerConfigKeys (ConfUtils.java:logGet(44)) - raft.server.log.segment.cache.num.max = 2 (custom)
2020-06-27 08:27:50,703 [pool-33-thread-1] INFO  segmented.SegmentedRaftLogWorker (SegmentedRaftLogWorker.java:<init>(180)) - new addd0e4b-8b83-4fcf-9561-846eae7ff551@group-DE40DCD8EE57-SegmentedRaftLogWorker for RaftStorage:Storage Directory /github/workspace/mnt/ozone/hadoop-ozone/integration-test/target/test-dir/MiniOzoneClusterImpl-8eb50a3f-c1ff-437a-8e18-e0505f09b26f/datanode-0/data/ratis/19f6dbb0-0442-4a6e-86d0-de40dcd8ee57
2020-06-27 08:27:50,703 [pool-33-thread-1] INFO  server.RaftServerConfigKeys (ConfUtils.java:logGet(44)) - raft.server.log.queue.byte-limit = 2147483647 (custom)
2020-06-27 08:27:50,703 [pool-33-thread-1] INFO  server.RaftServerConfigKeys (ConfUtils.java:logGet(44)) - raft.server.log.queue.element-limit = 1024 (custom)
2020-06-27 08:27:50,703 [pool-33-thread-1] INFO  server.RaftServerConfigKeys (ConfUtils.java:logGet(44)) - raft.server.log.segment.size.max = 1048576 (custom)
2020-06-27 08:27:50,703 [pool-33-thread-1] INFO  server.RaftServerConfigKeys (ConfUtils.java:logGet(44)) - raft.server.log.preallocated.size = 16384 (custom)
2020-06-27 08:27:50,703 [pool-33-thread-1] INFO  server.RaftServerConfigKeys (ConfUtils.java:logGet(44)) - raft.server.log.write.buffer.size = 1048576 (custom)
2020-06-27 08:27:50,703 [pool-33-thread-1] INFO  server.RaftServerConfigKeys (ConfUtils.java:logGet(44)) - raft.server.log.force.sync.num = 128 (default)
2020-06-27 08:27:50,703 [pool-33-thread-1] INFO  server.RaftServerConfigKeys (ConfUtils.java:logGet(44)) - raft.server.log.statemachine.data.sync = true (default)
2020-06-27 08:27:50,703 [pool-33-thread-1] INFO  server.RaftServerConfigKeys (ConfUtils.java:logGet(44)) - raft.server.log.statemachine.data.sync.timeout = 10s (default)
2020-06-27 08:27:50,704 [pool-33-thread-1] INFO  server.RaftServerConfigKeys (ConfUtils.java:logGet(44)) - raft.server.log.statemachine.data.sync.timeout.retry = -1 (default)
2020-06-27 08:27:50,705 [pool-63-thread-1] INFO  impl.RaftServerImpl (RaftServerImpl.java:start(186)) - 21e928e7-b178-40d2-b19b-ea853389ee6e@group-0BB294C9A031: start as a follower, conf=-1: [21e928e7-b178-40d2-b19b-ea853389ee6e:172.17.0.2:38179], old=null
2020-06-27 08:27:50,705 [pool-63-thread-1] INFO  impl.RaftServerImpl (RaftServerImpl.java:setRole(175)) - 21e928e7-b178-40d2-b19b-ea853389ee6e@group-0BB294C9A031: changes role from      null to FOLLOWER at term 0 for startAsFollower
2020-06-27 08:27:50,705 [pool-63-thread-1] INFO  impl.RoleInfo (RoleInfo.java:updateAndGet(143)) - 21e928e7-b178-40d2-b19b-ea853389ee6e: start FollowerState
2020-06-27 08:27:50,720 [Command processor thread] INFO  impl.RaftServerProxy (RaftServerProxy.java:addNew(89)) - 34efc206-1f67-4a18-aa05-bd0f2a1ef0e4: addNew group-E5F7CA26C789:[34efc206-1f67-4a18-aa05-bd0f2a1ef0e4:172.17.0.2:36253] returns group-E5F7CA26C789:java.util.concurrent.CompletableFuture@737a5921[Not completed]
2020-06-27 08:27:50,721 [pool-63-thread-1] INFO  util.JmxRegister (JmxRegister.java:tryRegister(44)) - Successfully registered JMX Bean with object name Ratis:service=RaftServer,group=group-0BB294C9A031,id=21e928e7-b178-40d2-b19b-ea853389ee6e
2020-06-27 08:27:50,721 [pool-63-thread-1] INFO  metrics.RatisMetrics (RatisMetrics.java:lambda$create$0(36)) - Creating Metrics Registry : ratis.state_machine.21e928e7-b178-40d2-b19b-ea853389ee6e@group-0BB294C9A031
2020-06-27 08:27:50,729 [pool-33-thread-1] INFO  server.RaftServerConfigKeys (ConfUtils.java:logGet(44)) - raft.server.log.statemachine.data.caching.enabled = true (custom)
2020-06-27 08:27:50,730 [pool-33-thread-1] INFO  segmented.SegmentedRaftLogWorker (SegmentedRaftLogWorker.java:lambda$new$0(129)) - addd0e4b-8b83-4fcf-9561-846eae7ff551@group-DE40DCD8EE57-SegmentedRaftLogWorker: flushIndex: setUnconditionally 0 -> -1
2020-06-27 08:27:50,730 [pool-33-thread-1] INFO  segmented.SegmentedRaftLogWorker (SegmentedRaftLogWorker.java:lambda$new$0(129)) - addd0e4b-8b83-4fcf-9561-846eae7ff551@group-DE40DCD8EE57-SegmentedRaftLogWorker: safeCacheEvictIndex: setUnconditionally 0 -> -1
2020-06-27 08:27:50,733 [Command processor thread] INFO  commandhandler.CreatePipelineCommandHandler (CreatePipelineCommandHandler.java:handle(109)) - Created Pipeline RATIS ONE #id: "2d02a235-a3a0-4b96-b0c1-0bb294c9a031"
.
2020-06-27 08:27:50,733 [Command processor thread] INFO  impl.RaftServerProxy (RaftServerProxy.java:addNew(89)) - 21e928e7-b178-40d2-b19b-ea853389ee6e: addNew group-DE40DCD8EE57:[7ac2bac4-ea14-4a92-ad00-7ecf8c69770d:172.17.0.2:39381, 21e928e7-b178-40d2-b19b-ea853389ee6e:172.17.0.2:38179, addd0e4b-8b83-4fcf-9561-846eae7ff551:172.17.0.2:35621] returns group-DE40DCD8EE57:java.util.concurrent.CompletableFuture@5458ef87[Not completed]
2020-06-27 08:27:50,734 [pool-63-thread-1] INFO  impl.RaftServerImpl (RaftServerImpl.java:<init>(99)) - 21e928e7-b178-40d2-b19b-ea853389ee6e: new RaftServerImpl for group-DE40DCD8EE57:[7ac2bac4-ea14-4a92-ad00-7ecf8c69770d:172.17.0.2:39381, 21e928e7-b178-40d2-b19b-ea853389ee6e:172.17.0.2:38179, addd0e4b-8b83-4fcf-9561-846eae7ff551:172.17.0.2:35621] with ContainerStateMachine:uninitialized
2020-06-27 08:27:50,734 [pool-63-thread-1] INFO  server.RaftServerConfigKeys (ConfUtils.java:logGet(44)) - raft.server.rpc.timeout.min = 5s (custom)
2020-06-27 08:27:50,734 [pool-63-thread-1] INFO  server.RaftServerConfigKeys (ConfUtils.java:logGet(44)) - raft.server.rpc.timeout.max = 5200ms (custom)
2020-06-27 08:27:50,734 [pool-63-thread-1] INFO  server.RaftServerConfigKeys (ConfUtils.java:logGet(44)) - raft.server.rpcslowness.timeout = 300s (custom)
2020-06-27 08:27:50,734 [pool-63-thread-1] INFO  server.RaftServerConfigKeys (ConfUtils.java:logGet(44)) - raft.server.sleep.deviation.threshold = 300 (default)
2020-06-27 08:27:50,734 [pool-63-thread-1] INFO  server.RaftServerConfigKeys (ConfUtils.java:logGet(44)) - raft.server.log.appender.install.snapshot.enabled = false (custom)
2020-06-27 08:27:50,735 [pool-63-thread-1] INFO  impl.RaftServerImpl (ServerState.java:<init>(103)) - 21e928e7-b178-40d2-b19b-ea853389ee6e@group-DE40DCD8EE57: ConfigurationManager, init=-1: [7ac2bac4-ea14-4a92-ad00-7ecf8c69770d:172.17.0.2:39381, 21e928e7-b178-40d2-b19b-ea853389ee6e:172.17.0.2:38179, addd0e4b-8b83-4fcf-9561-846eae7ff551:172.17.0.2:35621], old=null, confs=<EMPTY_MAP>
2020-06-27 08:27:50,735 [pool-63-thread-1] INFO  server.RaftServerConfigKeys (ConfUtils.java:logGet(44)) - raft.server.storage.dir = [/github/workspace/mnt/ozone/hadoop-ozone/integration-test/target/test-dir/MiniOzoneClusterImpl-8eb50a3f-c1ff-437a-8e18-e0505f09b26f/datanode-2/data/ratis] (custom)
2020-06-27 08:27:50,735 [pool-63-thread-1] INFO  server.RaftServerConfigKeys (ConfUtils.java:logGet(44)) - raft.server.log.corruption.policy = EXCEPTION (default)
2020-06-27 08:27:50,735 [pool-63-thread-1] INFO  storage.RaftStorageDirectory (RaftStorageDirectory.java:analyzeStorage(261)) - The storage directory /github/workspace/mnt/ozone/hadoop-ozone/integration-test/target/test-dir/MiniOzoneClusterImpl-8eb50a3f-c1ff-437a-8e18-e0505f09b26f/datanode-2/data/ratis/19f6dbb0-0442-4a6e-86d0-de40dcd8ee57 does not exist. Creating ...
2020-06-27 08:27:50,736 [pool-78-thread-1] INFO  impl.RaftServerImpl (RaftServerImpl.java:<init>(99)) - 34efc206-1f67-4a18-aa05-bd0f2a1ef0e4: new RaftServerImpl for group-E5F7CA26C789:[34efc206-1f67-4a18-aa05-bd0f2a1ef0e4:172.17.0.2:36253] with ContainerStateMachine:uninitialized
2020-06-27 08:27:50,736 [pool-33-thread-1] INFO  server.RaftServerConfigKeys (ConfUtils.java:logGet(44)) - raft.server.snapshot.auto.trigger.enabled = true (custom)
2020-06-27 08:27:50,744 [pool-33-thread-1] INFO  server.RaftServerConfigKeys (ConfUtils.java:logGet(44)) - raft.server.snapshot.auto.trigger.threshold = 10000 (custom)
2020-06-27 08:27:50,744 [pool-33-thread-1] INFO  server.RaftServerConfigKeys (ConfUtils.java:logGet(44)) - raft.server.snapshot.retention.file.num = 5 (custom)
2020-06-27 08:27:50,744 [pool-33-thread-1] INFO  server.RaftServerConfigKeys (ConfUtils.java:logGet(44)) - raft.server.log.purge.upto.snapshot.index = false (default)
2020-06-27 08:27:50,744 [pool-33-thread-1] INFO  server.RaftServerConfigKeys (ConfUtils.java:logGet(44)) - raft.server.retrycache.expirytime = 600000ms (custom)
2020-06-27 08:27:50,744 [pool-33-thread-1] INFO  metrics.RatisMetrics (RatisMetrics.java:lambda$create$0(36)) - Creating Metrics Registry : ratis.leader_election.addd0e4b-8b83-4fcf-9561-846eae7ff551@group-DE40DCD8EE57
2020-06-27 08:27:50,745 [pool-33-thread-1] INFO  metrics.RatisMetrics (RatisMetrics.java:lambda$create$0(36)) - Creating Metrics Registry : ratis.server.addd0e4b-8b83-4fcf-9561-846eae7ff551@group-DE40DCD8EE57
2020-06-27 08:27:50,746 [pool-33-thread-1] INFO  impl.RaftServerImpl (RaftServerImpl.java:start(186)) - addd0e4b-8b83-4fcf-9561-846eae7ff551@group-DE40DCD8EE57: start as a follower, conf=-1: [7ac2bac4-ea14-4a92-ad00-7ecf8c69770d:172.17.0.2:39381, 21e928e7-b178-40d2-b19b-ea853389ee6e:172.17.0.2:38179, addd0e4b-8b83-4fcf-9561-846eae7ff551:172.17.0.2:35621], old=null
2020-06-27 08:27:50,746 [pool-33-thread-1] INFO  impl.RaftServerImpl (RaftServerImpl.java:setRole(175)) - addd0e4b-8b83-4fcf-9561-846eae7ff551@group-DE40DCD8EE57: changes role from      null to FOLLOWER at term 0 for startAsFollower
2020-06-27 08:27:50,746 [pool-33-thread-1] INFO  impl.RoleInfo (RoleInfo.java:updateAndGet(143)) - addd0e4b-8b83-4fcf-9561-846eae7ff551: start FollowerState
2020-06-27 08:27:50,744 [pool-63-thread-1] INFO  storage.RaftStorageDirectory (RaftStorageDirectory.java:tryLock(343)) - Lock on /github/workspace/mnt/ozone/hadoop-ozone/integration-test/target/test-dir/MiniOzoneClusterImpl-8eb50a3f-c1ff-437a-8e18-e0505f09b26f/datanode-2/data/ratis/19f6dbb0-0442-4a6e-86d0-de40dcd8ee57/in_use.lock acquired by nodename 20861@23863634748d
2020-06-27 08:27:50,740 [pool-78-thread-1] INFO  server.RaftServerConfigKeys (ConfUtils.java:logGet(44)) - raft.server.rpc.timeout.min = 5s (custom)
2020-06-27 08:27:50,747 [pool-78-thread-1] INFO  server.RaftServerConfigKeys (ConfUtils.java:logGet(44)) - raft.server.rpc.timeout.max = 5200ms (custom)
2020-06-27 08:27:50,747 [pool-78-thread-1] INFO  server.RaftServerConfigKeys (ConfUtils.java:logGet(44)) - raft.server.rpcslowness.timeout = 300s (custom)
2020-06-27 08:27:50,747 [pool-78-thread-1] INFO  server.RaftServerConfigKeys (ConfUtils.java:logGet(44)) - raft.server.sleep.deviation.threshold = 300 (default)
2020-06-27 08:27:50,747 [pool-78-thread-1] INFO  server.RaftServerConfigKeys (ConfUtils.java:logGet(44)) - raft.server.log.appender.install.snapshot.enabled = false (custom)
2020-06-27 08:27:50,747 [pool-78-thread-1] INFO  impl.RaftServerImpl (ServerState.java:<init>(103)) - 34efc206-1f67-4a18-aa05-bd0f2a1ef0e4@group-E5F7CA26C789: ConfigurationManager, init=-1: [34efc206-1f67-4a18-aa05-bd0f2a1ef0e4:172.17.0.2:36253], old=null, confs=<EMPTY_MAP>
2020-06-27 08:27:50,747 [pool-78-thread-1] INFO  server.RaftServerConfigKeys (ConfUtils.java:logGet(44)) - raft.server.storage.dir = [/github/workspace/mnt/ozone/hadoop-ozone/integration-test/target/test-dir/MiniOzoneClusterImpl-8eb50a3f-c1ff-437a-8e18-e0505f09b26f/datanode-3/data/ratis] (custom)
2020-06-27 08:27:50,747 [pool-78-thread-1] INFO  server.RaftServerConfigKeys (ConfUtils.java:logGet(44)) - raft.server.log.corruption.policy = EXCEPTION (default)
2020-06-27 08:27:50,747 [pool-78-thread-1] INFO  storage.RaftStorageDirectory (RaftStorageDirectory.java:analyzeStorage(261)) - The storage directory /github/workspace/mnt/ozone/hadoop-ozone/integration-test/target/test-dir/MiniOzoneClusterImpl-8eb50a3f-c1ff-437a-8e18-e0505f09b26f/datanode-3/data/ratis/8943729a-9837-4ba3-8905-e5f7ca26c789 does not exist. Creating ...
2020-06-27 08:27:50,748 [pool-63-thread-1] INFO  storage.RaftStorage (RaftStorage.java:format(84)) - Storage directory /github/workspace/mnt/ozone/hadoop-ozone/integration-test/target/test-dir/MiniOzoneClusterImpl-8eb50a3f-c1ff-437a-8e18-e0505f09b26f/datanode-2/data/ratis/19f6dbb0-0442-4a6e-86d0-de40dcd8ee57 has been successfully formatted.
2020-06-27 08:27:50,748 [pool-78-thread-1] INFO  storage.RaftStorageDirectory (RaftStorageDirectory.java:tryLock(343)) - Lock on /github/workspace/mnt/ozone/hadoop-ozone/integration-test/target/test-dir/MiniOzoneClusterImpl-8eb50a3f-c1ff-437a-8e18-e0505f09b26f/datanode-3/data/ratis/8943729a-9837-4ba3-8905-e5f7ca26c789/in_use.lock acquired by nodename 20861@23863634748d
2020-06-27 08:27:50,749 [pool-78-thread-1] INFO  storage.RaftStorage (RaftStorage.java:format(84)) - Storage directory /github/workspace/mnt/ozone/hadoop-ozone/integration-test/target/test-dir/MiniOzoneClusterImpl-8eb50a3f-c1ff-437a-8e18-e0505f09b26f/datanode-3/data/ratis/8943729a-9837-4ba3-8905-e5f7ca26c789 has been successfully formatted.
2020-06-27 08:27:50,754 [pool-63-thread-1] INFO  ratis.ContainerStateMachine (ContainerStateMachine.java:loadSnapshot(226)) - group-DE40DCD8EE57: The snapshot info is null. Setting the last applied indexto:(t:0, i:~)
2020-06-27 08:27:50,754 [pool-63-thread-1] INFO  server.RaftServerConfigKeys (ConfUtils.java:logGet(44)) - raft.server.notification.no-leader.timeout = 60s (default)
2020-06-27 08:27:50,754 [pool-63-thread-1] INFO  server.RaftServerConfigKeys (ConfUtils.java:logGet(44)) - raft.server.log.use.memory = false (default)
2020-06-27 08:27:50,754 [pool-63-thread-1] INFO  server.RaftServerConfigKeys (ConfUtils.java:logGet(44)) - raft.server.log.purge.gap = 1000000 (custom)
2020-06-27 08:27:50,754 [pool-63-thread-1] INFO  server.RaftServerConfigKeys (ConfUtils.java:logGet(44)) - raft.server.log.appender.buffer.byte-limit = 33554432 (custom)
2020-06-27 08:27:50,754 [pool-63-thread-1] INFO  server.RaftServerConfigKeys (ConfUtils.java:logGet(44)) - raft.server.log.segment.size.max = 1048576 (custom)
2020-06-27 08:27:50,754 [pool-63-thread-1] INFO  metrics.RatisMetrics (RatisMetrics.java:lambda$create$0(36)) - Creating Metrics Registry : ratis.log_worker.21e928e7-b178-40d2-b19b-ea853389ee6e@group-DE40DCD8EE57
2020-06-27 08:27:50,754 [pool-78-thread-1] INFO  ratis.ContainerStateMachine (ContainerStateMachine.java:loadSnapshot(226)) - group-E5F7CA26C789: The snapshot info is null. Setting the last applied indexto:(t:0, i:~)
2020-06-27 08:27:50,755 [pool-78-thread-1] INFO  server.RaftServerConfigKeys (ConfUtils.java:logGet(44)) - raft.server.notification.no-leader.timeout = 60s (default)
2020-06-27 08:27:50,755 [pool-78-thread-1] INFO  server.RaftServerConfigKeys (ConfUtils.java:logGet(44)) - raft.server.log.use.memory = false (default)
2020-06-27 08:27:50,755 [pool-78-thread-1] INFO  server.RaftServerConfigKeys (ConfUtils.java:logGet(44)) - raft.server.log.purge.gap = 1000000 (custom)
2020-06-27 08:27:50,755 [pool-78-thread-1] INFO  server.RaftServerConfigKeys (ConfUtils.java:logGet(44)) - raft.server.log.appender.buffer.byte-limit = 33554432 (custom)
2020-06-27 08:27:50,755 [pool-78-thread-1] INFO  server.RaftServerConfigKeys (ConfUtils.java:logGet(44)) - raft.server.log.segment.size.max = 1048576 (custom)
2020-06-27 08:27:50,755 [pool-78-thread-1] INFO  metrics.RatisMetrics (RatisMetrics.java:lambda$create$0(36)) - Creating Metrics Registry : ratis.log_worker.34efc206-1f67-4a18-aa05-bd0f2a1ef0e4@group-E5F7CA26C789
2020-06-27 08:27:50,755 [pool-78-thread-1] INFO  server.RaftServerConfigKeys (ConfUtils.java:logGet(44)) - raft.server.log.segment.cache.num.max = 2 (custom)
2020-06-27 08:27:50,755 [pool-78-thread-1] INFO  segmented.SegmentedRaftLogWorker (SegmentedRaftLogWorker.java:<init>(180)) - new 34efc206-1f67-4a18-aa05-bd0f2a1ef0e4@group-E5F7CA26C789-SegmentedRaftLogWorker for RaftStorage:Storage Directory /github/workspace/mnt/ozone/hadoop-ozone/integration-test/target/test-dir/MiniOzoneClusterImpl-8eb50a3f-c1ff-437a-8e18-e0505f09b26f/datanode-3/data/ratis/8943729a-9837-4ba3-8905-e5f7ca26c789
2020-06-27 08:27:50,755 [pool-78-thread-1] INFO  server.RaftServerConfigKeys (ConfUtils.java:logGet(44)) - raft.server.log.queue.byte-limit = 2147483647 (custom)
2020-06-27 08:27:50,755 [pool-78-thread-1] INFO  server.RaftServerConfigKeys (ConfUtils.java:logGet(44)) - raft.server.log.queue.element-limit = 1024 (custom)
2020-06-27 08:27:50,755 [pool-78-thread-1] INFO  server.RaftServerConfigKeys (ConfUtils.java:logGet(44)) - raft.server.log.segment.size.max = 1048576 (custom)
2020-06-27 08:27:50,755 [pool-78-thread-1] INFO  server.RaftServerConfigKeys (ConfUtils.java:logGet(44)) - raft.server.log.preallocated.size = 16384 (custom)
2020-06-27 08:27:50,755 [pool-78-thread-1] INFO  server.RaftServerConfigKeys (ConfUtils.java:logGet(44)) - raft.server.log.write.buffer.size = 1048576 (custom)
2020-06-27 08:27:50,755 [pool-78-thread-1] INFO  server.RaftServerConfigKeys (ConfUtils.java:logGet(44)) - raft.server.log.force.sync.num = 128 (default)
2020-06-27 08:27:50,755 [pool-78-thread-1] INFO  server.RaftServerConfigKeys (ConfUtils.java:logGet(44)) - raft.server.log.statemachine.data.sync = true (default)
2020-06-27 08:27:50,756 [pool-78-thread-1] INFO  server.RaftServerConfigKeys (ConfUtils.java:logGet(44)) - raft.server.log.statemachine.data.sync.timeout = 10s (default)
2020-06-27 08:27:50,756 [pool-78-thread-1] INFO  server.RaftServerConfigKeys (ConfUtils.java:logGet(44)) - raft.server.log.statemachine.data.sync.timeout.retry = -1 (default)
2020-06-27 08:27:50,756 [pool-33-thread-1] INFO  util.JmxRegister (JmxRegister.java:tryRegister(44)) - Successfully registered JMX Bean with object name Ratis:service=RaftServer,group=group-DE40DCD8EE57,id=addd0e4b-8b83-4fcf-9561-846eae7ff551
2020-06-27 08:27:50,756 [pool-33-thread-1] INFO  metrics.RatisMetrics (RatisMetrics.java:lambda$create$0(36)) - Creating Metrics Registry : ratis.state_machine.addd0e4b-8b83-4fcf-9561-846eae7ff551@group-DE40DCD8EE57
2020-06-27 08:27:50,757 [pool-63-thread-1] INFO  server.RaftServerConfigKeys (ConfUtils.java:logGet(44)) - raft.server.log.segment.cache.num.max = 2 (custom)
2020-06-27 08:27:50,757 [pool-63-thread-1] INFO  segmented.SegmentedRaftLogWorker (SegmentedRaftLogWorker.java:<init>(180)) - new 21e928e7-b178-40d2-b19b-ea853389ee6e@group-DE40DCD8EE57-SegmentedRaftLogWorker for RaftStorage:Storage Directory /github/workspace/mnt/ozone/hadoop-ozone/integration-test/target/test-dir/MiniOzoneClusterImpl-8eb50a3f-c1ff-437a-8e18-e0505f09b26f/datanode-2/data/ratis/19f6dbb0-0442-4a6e-86d0-de40dcd8ee57
2020-06-27 08:27:50,757 [pool-63-thread-1] INFO  server.RaftServerConfigKeys (ConfUtils.java:logGet(44)) - raft.server.log.queue.byte-limit = 2147483647 (custom)
2020-06-27 08:27:50,757 [pool-63-thread-1] INFO  server.RaftServerConfigKeys (ConfUtils.java:logGet(44)) - raft.server.log.queue.element-limit = 1024 (custom)
2020-06-27 08:27:50,757 [pool-63-thread-1] INFO  server.RaftServerConfigKeys (ConfUtils.java:logGet(44)) - raft.server.log.segment.size.max = 1048576 (custom)
2020-06-27 08:27:50,757 [pool-63-thread-1] INFO  server.RaftServerConfigKeys (ConfUtils.java:logGet(44)) - raft.server.log.preallocated.size = 16384 (custom)
2020-06-27 08:27:50,757 [pool-63-thread-1] INFO  server.RaftServerConfigKeys (ConfUtils.java:logGet(44)) - raft.server.log.write.buffer.size = 1048576 (custom)
2020-06-27 08:27:50,757 [pool-63-thread-1] INFO  server.RaftServerConfigKeys (ConfUtils.java:logGet(44)) - raft.server.log.force.sync.num = 128 (default)
2020-06-27 08:27:50,758 [pool-63-thread-1] INFO  server.RaftServerConfigKeys (ConfUtils.java:logGet(44)) - raft.server.log.statemachine.data.sync = true (default)
2020-06-27 08:27:50,758 [pool-63-thread-1] INFO  server.RaftServerConfigKeys (ConfUtils.java:logGet(44)) - raft.server.log.statemachine.data.sync.timeout = 10s (default)
2020-06-27 08:27:50,758 [pool-63-thread-1] INFO  server.RaftServerConfigKeys (ConfUtils.java:logGet(44)) - raft.server.log.statemachine.data.sync.timeout.retry = -1 (default)
2020-06-27 08:27:50,773 [EventQueue-PipelineReportForPipelineReportHandler] INFO  pipeline.PipelineStateManager (PipelineStateManager.java:openPipeline(131)) - Pipeline Pipeline[ Id: 8943729a-9837-4ba3-8905-e5f7ca26c789, Nodes: 34efc206-1f67-4a18-aa05-bd0f2a1ef0e4{ip: 172.17.0.2, host: 23863634748d, networkLocation: /default-rack, certSerialId: null}, Type:RATIS, Factor:ONE, State:ALLOCATED, leaderId:34efc206-1f67-4a18-aa05-bd0f2a1ef0e4, CreationTimestamp2020-06-27T08:27:47.709Z] moved to OPEN state
2020-06-27 08:27:50,773 [EventQueue-OpenPipelineForHealthyPipelineSafeModeRule] INFO  safemode.SCMSafeModeManager (HealthyPipelineSafeModeRule.java:process(132)) - SCM in safe mode. Healthy pipelines reported count is 0, required healthy pipeline reported count is 1
2020-06-27 08:27:50,773 [EventQueue-OpenPipelineForOneReplicaPipelineSafeModeRule] INFO  safemode.SCMSafeModeManager (SCMSafeModeManager.java:validateSafeModeExitRules(214)) - AtleastOneDatanodeReportedRule rule is successfully validated
2020-06-27 08:27:50,777 [pool-63-thread-1] INFO  server.RaftServerConfigKeys (ConfUtils.java:logGet(44)) - raft.server.log.statemachine.data.caching.enabled = true (custom)
2020-06-27 08:27:50,778 [pool-63-thread-1] INFO  segmented.SegmentedRaftLogWorker (SegmentedRaftLogWorker.java:lambda$new$0(129)) - 21e928e7-b178-40d2-b19b-ea853389ee6e@group-DE40DCD8EE57-SegmentedRaftLogWorker: flushIndex: setUnconditionally 0 -> -1
2020-06-27 08:27:50,779 [pool-63-thread-1] INFO  segmented.SegmentedRaftLogWorker (SegmentedRaftLogWorker.java:lambda$new$0(129)) - 21e928e7-b178-40d2-b19b-ea853389ee6e@group-DE40DCD8EE57-SegmentedRaftLogWorker: safeCacheEvictIndex: setUnconditionally 0 -> -1
2020-06-27 08:27:50,778 [pool-78-thread-1] INFO  server.RaftServerConfigKeys (ConfUtils.java:logGet(44)) - raft.server.log.statemachine.data.caching.enabled = true (custom)
2020-06-27 08:27:50,779 [pool-78-thread-1] INFO  segmented.SegmentedRaftLogWorker (SegmentedRaftLogWorker.java:lambda$new$0(129)) - 34efc206-1f67-4a18-aa05-bd0f2a1ef0e4@group-E5F7CA26C789-SegmentedRaftLogWorker: flushIndex: setUnconditionally 0 -> -1
2020-06-27 08:27:50,779 [pool-78-thread-1] INFO  segmented.SegmentedRaftLogWorker (SegmentedRaftLogWorker.java:lambda$new$0(129)) - 34efc206-1f67-4a18-aa05-bd0f2a1ef0e4@group-E5F7CA26C789-SegmentedRaftLogWorker: safeCacheEvictIndex: setUnconditionally 0 -> -1
2020-06-27 08:27:50,793 [pool-63-thread-1] INFO  server.RaftServerConfigKeys (ConfUtils.java:logGet(44)) - raft.server.snapshot.auto.trigger.enabled = true (custom)
2020-06-27 08:27:50,793 [pool-78-thread-1] INFO  server.RaftServerConfigKeys (ConfUtils.java:logGet(44)) - raft.server.snapshot.auto.trigger.enabled = true (custom)
2020-06-27 08:27:50,793 [pool-78-thread-1] INFO  server.RaftServerConfigKeys (ConfUtils.java:logGet(44)) - raft.server.snapshot.auto.trigger.threshold = 10000 (custom)
2020-06-27 08:27:50,793 [pool-78-thread-1] INFO  server.RaftServerConfigKeys (ConfUtils.java:logGet(44)) - raft.server.snapshot.retention.file.num = 5 (custom)
2020-06-27 08:27:50,793 [pool-78-thread-1] INFO  server.RaftServerConfigKeys (ConfUtils.java:logGet(44)) - raft.server.log.purge.upto.snapshot.index = false (default)
2020-06-27 08:27:50,793 [pool-78-thread-1] INFO  server.RaftServerConfigKeys (ConfUtils.java:logGet(44)) - raft.server.retrycache.expirytime = 600000ms (custom)
2020-06-27 08:27:50,793 [pool-78-thread-1] INFO  metrics.RatisMetrics (RatisMetrics.java:lambda$create$0(36)) - Creating Metrics Registry : ratis.leader_election.34efc206-1f67-4a18-aa05-bd0f2a1ef0e4@group-E5F7CA26C789
2020-06-27 08:27:50,794 [pool-78-thread-1] INFO  metrics.RatisMetrics (RatisMetrics.java:lambda$create$0(36)) - Creating Metrics Registry : ratis.server.34efc206-1f67-4a18-aa05-bd0f2a1ef0e4@group-E5F7CA26C789
2020-06-27 08:27:50,795 [pool-78-thread-1] INFO  impl.RaftServerImpl (RaftServerImpl.java:start(186)) - 34efc206-1f67-4a18-aa05-bd0f2a1ef0e4@group-E5F7CA26C789: start as a follower, conf=-1: [34efc206-1f67-4a18-aa05-bd0f2a1ef0e4:172.17.0.2:36253], old=null
2020-06-27 08:27:50,795 [pool-78-thread-1] INFO  impl.RaftServerImpl (RaftServerImpl.java:setRole(175)) - 34efc206-1f67-4a18-aa05-bd0f2a1ef0e4@group-E5F7CA26C789: changes role from      null to FOLLOWER at term 0 for startAsFollower
2020-06-27 08:27:50,795 [pool-78-thread-1] INFO  impl.RoleInfo (RoleInfo.java:updateAndGet(143)) - 34efc206-1f67-4a18-aa05-bd0f2a1ef0e4: start FollowerState
2020-06-27 08:27:50,793 [pool-63-thread-1] INFO  server.RaftServerConfigKeys (ConfUtils.java:logGet(44)) - raft.server.snapshot.auto.trigger.threshold = 10000 (custom)
2020-06-27 08:27:50,795 [pool-63-thread-1] INFO  server.RaftServerConfigKeys (ConfUtils.java:logGet(44)) - raft.server.snapshot.retention.file.num = 5 (custom)
2020-06-27 08:27:50,795 [pool-63-thread-1] INFO  server.RaftServerConfigKeys (ConfUtils.java:logGet(44)) - raft.server.log.purge.upto.snapshot.index = false (default)
2020-06-27 08:27:50,804 [pool-78-thread-1] INFO  util.JmxRegister (JmxRegister.java:tryRegister(44)) - Successfully registered JMX Bean with object name Ratis:service=RaftServer,group=group-E5F7CA26C789,id=34efc206-1f67-4a18-aa05-bd0f2a1ef0e4
2020-06-27 08:27:50,804 [pool-78-thread-1] INFO  metrics.RatisMetrics (RatisMetrics.java:lambda$create$0(36)) - Creating Metrics Registry : ratis.state_machine.34efc206-1f67-4a18-aa05-bd0f2a1ef0e4@group-E5F7CA26C789
2020-06-27 08:27:50,825 [pool-63-thread-1] INFO  server.RaftServerConfigKeys (ConfUtils.java:logGet(44)) - raft.server.retrycache.expirytime = 600000ms (custom)
2020-06-27 08:27:50,825 [pool-63-thread-1] INFO  metrics.RatisMetrics (RatisMetrics.java:lambda$create$0(36)) - Creating Metrics Registry : ratis.leader_election.21e928e7-b178-40d2-b19b-ea853389ee6e@group-DE40DCD8EE57
2020-06-27 08:27:50,826 [pool-63-thread-1] INFO  metrics.RatisMetrics (RatisMetrics.java:lambda$create$0(36)) - Creating Metrics Registry : ratis.server.21e928e7-b178-40d2-b19b-ea853389ee6e@group-DE40DCD8EE57
2020-06-27 08:27:50,827 [pool-63-thread-1] INFO  impl.RaftServerImpl (RaftServerImpl.java:start(186)) - 21e928e7-b178-40d2-b19b-ea853389ee6e@group-DE40DCD8EE57: start as a follower, conf=-1: [7ac2bac4-ea14-4a92-ad00-7ecf8c69770d:172.17.0.2:39381, 21e928e7-b178-40d2-b19b-ea853389ee6e:172.17.0.2:38179, addd0e4b-8b83-4fcf-9561-846eae7ff551:172.17.0.2:35621], old=null
2020-06-27 08:27:50,827 [pool-63-thread-1] INFO  impl.RaftServerImpl (RaftServerImpl.java:setRole(175)) - 21e928e7-b178-40d2-b19b-ea853389ee6e@group-DE40DCD8EE57: changes role from      null to FOLLOWER at term 0 for startAsFollower
2020-06-27 08:27:50,827 [pool-63-thread-1] INFO  impl.RoleInfo (RoleInfo.java:updateAndGet(143)) - 21e928e7-b178-40d2-b19b-ea853389ee6e: start FollowerState
2020-06-27 08:27:50,827 [pool-63-thread-1] INFO  util.JmxRegister (JmxRegister.java:tryRegister(44)) - Successfully registered JMX Bean with object name Ratis:service=RaftServer,group=group-DE40DCD8EE57,id=21e928e7-b178-40d2-b19b-ea853389ee6e
2020-06-27 08:27:50,827 [pool-63-thread-1] INFO  metrics.RatisMetrics (RatisMetrics.java:lambda$create$0(36)) - Creating Metrics Registry : ratis.state_machine.21e928e7-b178-40d2-b19b-ea853389ee6e@group-DE40DCD8EE57
2020-06-27 08:27:50,838 [Command processor thread] INFO  commandhandler.CreatePipelineCommandHandler (CreatePipelineCommandHandler.java:handle(109)) - Created Pipeline RATIS ONE #id: "8943729a-9837-4ba3-8905-e5f7ca26c789"
.
2020-06-27 08:27:50,838 [Command processor thread] INFO  impl.RaftServerProxy (RaftServerProxy.java:addNew(89)) - 34efc206-1f67-4a18-aa05-bd0f2a1ef0e4: addNew group-EDAE14BFB10F:[7f53e279-916a-4fed-90de-23e9c25f9e31:172.17.0.2:39157, 34efc206-1f67-4a18-aa05-bd0f2a1ef0e4:172.17.0.2:36253, a99a18fa-a15b-4cd6-a5fd-78034dfd05b4:172.17.0.2:33739] returns group-EDAE14BFB10F:java.util.concurrent.CompletableFuture@7745d396[Not completed]
2020-06-27 08:27:50,839 [pool-78-thread-1] INFO  impl.RaftServerImpl (RaftServerImpl.java:<init>(99)) - 34efc206-1f67-4a18-aa05-bd0f2a1ef0e4: new RaftServerImpl for group-EDAE14BFB10F:[7f53e279-916a-4fed-90de-23e9c25f9e31:172.17.0.2:39157, 34efc206-1f67-4a18-aa05-bd0f2a1ef0e4:172.17.0.2:36253, a99a18fa-a15b-4cd6-a5fd-78034dfd05b4:172.17.0.2:33739] with ContainerStateMachine:uninitialized
2020-06-27 08:27:50,840 [pool-78-thread-1] INFO  server.RaftServerConfigKeys (ConfUtils.java:logGet(44)) - raft.server.rpc.timeout.min = 5s (custom)
2020-06-27 08:27:50,840 [pool-78-thread-1] INFO  server.RaftServerConfigKeys (ConfUtils.java:logGet(44)) - raft.server.rpc.timeout.max = 5200ms (custom)
2020-06-27 08:27:50,840 [pool-78-thread-1] INFO  server.RaftServerConfigKeys (ConfUtils.java:logGet(44)) - raft.server.rpcslowness.timeout = 300s (custom)
2020-06-27 08:27:50,840 [pool-78-thread-1] INFO  server.RaftServerConfigKeys (ConfUtils.java:logGet(44)) - raft.server.sleep.deviation.threshold = 300 (default)
2020-06-27 08:27:50,840 [pool-78-thread-1] INFO  server.RaftServerConfigKeys (ConfUtils.java:logGet(44)) - raft.server.log.appender.install.snapshot.enabled = false (custom)
2020-06-27 08:27:50,840 [pool-78-thread-1] INFO  impl.RaftServerImpl (ServerState.java:<init>(103)) - 34efc206-1f67-4a18-aa05-bd0f2a1ef0e4@group-EDAE14BFB10F: ConfigurationManager, init=-1: [7f53e279-916a-4fed-90de-23e9c25f9e31:172.17.0.2:39157, 34efc206-1f67-4a18-aa05-bd0f2a1ef0e4:172.17.0.2:36253, a99a18fa-a15b-4cd6-a5fd-78034dfd05b4:172.17.0.2:33739], old=null, confs=<EMPTY_MAP>
2020-06-27 08:27:50,840 [pool-78-thread-1] INFO  server.RaftServerConfigKeys (ConfUtils.java:logGet(44)) - raft.server.storage.dir = [/github/workspace/mnt/ozone/hadoop-ozone/integration-test/target/test-dir/MiniOzoneClusterImpl-8eb50a3f-c1ff-437a-8e18-e0505f09b26f/datanode-3/data/ratis] (custom)
2020-06-27 08:27:50,840 [pool-78-thread-1] INFO  server.RaftServerConfigKeys (ConfUtils.java:logGet(44)) - raft.server.log.corruption.policy = EXCEPTION (default)
2020-06-27 08:27:50,840 [pool-78-thread-1] INFO  storage.RaftStorageDirectory (RaftStorageDirectory.java:analyzeStorage(261)) - The storage directory /github/workspace/mnt/ozone/hadoop-ozone/integration-test/target/test-dir/MiniOzoneClusterImpl-8eb50a3f-c1ff-437a-8e18-e0505f09b26f/datanode-3/data/ratis/9a651e83-1ed9-467f-9369-edae14bfb10f does not exist. Creating ...
2020-06-27 08:27:50,843 [pool-78-thread-1] INFO  storage.RaftStorageDirectory (RaftStorageDirectory.java:tryLock(343)) - Lock on /github/workspace/mnt/ozone/hadoop-ozone/integration-test/target/test-dir/MiniOzoneClusterImpl-8eb50a3f-c1ff-437a-8e18-e0505f09b26f/datanode-3/data/ratis/9a651e83-1ed9-467f-9369-edae14bfb10f/in_use.lock acquired by nodename 20861@23863634748d
2020-06-27 08:27:50,847 [pool-78-thread-1] INFO  storage.RaftStorage (RaftStorage.java:format(84)) - Storage directory /github/workspace/mnt/ozone/hadoop-ozone/integration-test/target/test-dir/MiniOzoneClusterImpl-8eb50a3f-c1ff-437a-8e18-e0505f09b26f/datanode-3/data/ratis/9a651e83-1ed9-467f-9369-edae14bfb10f has been successfully formatted.
2020-06-27 08:27:50,848 [pool-78-thread-1] INFO  ratis.ContainerStateMachine (ContainerStateMachine.java:loadSnapshot(226)) - group-EDAE14BFB10F: The snapshot info is null. Setting the last applied indexto:(t:0, i:~)
2020-06-27 08:27:50,848 [pool-78-thread-1] INFO  server.RaftServerConfigKeys (ConfUtils.java:logGet(44)) - raft.server.notification.no-leader.timeout = 60s (default)
2020-06-27 08:27:50,848 [pool-78-thread-1] INFO  server.RaftServerConfigKeys (ConfUtils.java:logGet(44)) - raft.server.log.use.memory = false (default)
2020-06-27 08:27:50,848 [pool-78-thread-1] INFO  server.RaftServerConfigKeys (ConfUtils.java:logGet(44)) - raft.server.log.purge.gap = 1000000 (custom)
2020-06-27 08:27:50,848 [pool-78-thread-1] INFO  server.RaftServerConfigKeys (ConfUtils.java:logGet(44)) - raft.server.log.appender.buffer.byte-limit = 33554432 (custom)
2020-06-27 08:27:50,848 [pool-78-thread-1] INFO  server.RaftServerConfigKeys (ConfUtils.java:logGet(44)) - raft.server.log.segment.size.max = 1048576 (custom)
2020-06-27 08:27:50,848 [pool-78-thread-1] INFO  metrics.RatisMetrics (RatisMetrics.java:lambda$create$0(36)) - Creating Metrics Registry : ratis.log_worker.34efc206-1f67-4a18-aa05-bd0f2a1ef0e4@group-EDAE14BFB10F
2020-06-27 08:27:50,848 [pool-78-thread-1] INFO  server.RaftServerConfigKeys (ConfUtils.java:logGet(44)) - raft.server.log.segment.cache.num.max = 2 (custom)
2020-06-27 08:27:50,849 [pool-78-thread-1] INFO  segmented.SegmentedRaftLogWorker (SegmentedRaftLogWorker.java:<init>(180)) - new 34efc206-1f67-4a18-aa05-bd0f2a1ef0e4@group-EDAE14BFB10F-SegmentedRaftLogWorker for RaftStorage:Storage Directory /github/workspace/mnt/ozone/hadoop-ozone/integration-test/target/test-dir/MiniOzoneClusterImpl-8eb50a3f-c1ff-437a-8e18-e0505f09b26f/datanode-3/data/ratis/9a651e83-1ed9-467f-9369-edae14bfb10f
2020-06-27 08:27:50,849 [pool-78-thread-1] INFO  server.RaftServerConfigKeys (ConfUtils.java:logGet(44)) - raft.server.log.queue.byte-limit = 2147483647 (custom)
2020-06-27 08:27:50,849 [pool-78-thread-1] INFO  server.RaftServerConfigKeys (ConfUtils.java:logGet(44)) - raft.server.log.queue.element-limit = 1024 (custom)
2020-06-27 08:27:50,849 [pool-78-thread-1] INFO  server.RaftServerConfigKeys (ConfUtils.java:logGet(44)) - raft.server.log.segment.size.max = 1048576 (custom)
2020-06-27 08:27:50,849 [pool-78-thread-1] INFO  server.RaftServerConfigKeys (ConfUtils.java:logGet(44)) - raft.server.log.preallocated.size = 16384 (custom)
2020-06-27 08:27:50,849 [pool-78-thread-1] INFO  server.RaftServerConfigKeys (ConfUtils.java:logGet(44)) - raft.server.log.write.buffer.size = 1048576 (custom)
2020-06-27 08:27:50,849 [pool-78-thread-1] INFO  server.RaftServerConfigKeys (ConfUtils.java:logGet(44)) - raft.server.log.force.sync.num = 128 (default)
2020-06-27 08:27:50,849 [pool-78-thread-1] INFO  server.RaftServerConfigKeys (ConfUtils.java:logGet(44)) - raft.server.log.statemachine.data.sync = true (default)
2020-06-27 08:27:50,849 [pool-78-thread-1] INFO  server.RaftServerConfigKeys (ConfUtils.java:logGet(44)) - raft.server.log.statemachine.data.sync.timeout = 10s (default)
2020-06-27 08:27:50,849 [pool-78-thread-1] INFO  server.RaftServerConfigKeys (ConfUtils.java:logGet(44)) - raft.server.log.statemachine.data.sync.timeout.retry = -1 (default)
2020-06-27 08:27:50,853 [Command processor thread] INFO  impl.RaftServerProxy (RaftServerProxy.java:addNew(89)) - 7f53e279-916a-4fed-90de-23e9c25f9e31: addNew group-20229F0E4A6C:[7f53e279-916a-4fed-90de-23e9c25f9e31:172.17.0.2:39157] returns group-20229F0E4A6C:java.util.concurrent.CompletableFuture@57d359bf[Not completed]
2020-06-27 08:27:50,856 [pool-78-thread-1] INFO  server.RaftServerConfigKeys (ConfUtils.java:logGet(44)) - raft.server.log.statemachine.data.caching.enabled = true (custom)
2020-06-27 08:27:50,856 [pool-78-thread-1] INFO  segmented.SegmentedRaftLogWorker (SegmentedRaftLogWorker.java:lambda$new$0(129)) - 34efc206-1f67-4a18-aa05-bd0f2a1ef0e4@group-EDAE14BFB10F-SegmentedRaftLogWorker: flushIndex: setUnconditionally 0 -> -1
2020-06-27 08:27:50,856 [pool-78-thread-1] INFO  segmented.SegmentedRaftLogWorker (SegmentedRaftLogWorker.java:lambda$new$0(129)) - 34efc206-1f67-4a18-aa05-bd0f2a1ef0e4@group-EDAE14BFB10F-SegmentedRaftLogWorker: safeCacheEvictIndex: setUnconditionally 0 -> -1
2020-06-27 08:27:50,856 [pool-78-thread-1] INFO  server.RaftServerConfigKeys (ConfUtils.java:logGet(44)) - raft.server.snapshot.auto.trigger.enabled = true (custom)
2020-06-27 08:27:50,856 [pool-78-thread-1] INFO  server.RaftServerConfigKeys (ConfUtils.java:logGet(44)) - raft.server.snapshot.auto.trigger.threshold = 10000 (custom)
2020-06-27 08:27:50,857 [pool-78-thread-1] INFO  server.RaftServerConfigKeys (ConfUtils.java:logGet(44)) - raft.server.snapshot.retention.file.num = 5 (custom)
2020-06-27 08:27:50,857 [pool-78-thread-1] INFO  server.RaftServerConfigKeys (ConfUtils.java:logGet(44)) - raft.server.log.purge.upto.snapshot.index = false (default)
2020-06-27 08:27:50,857 [pool-78-thread-1] INFO  server.RaftServerConfigKeys (ConfUtils.java:logGet(44)) - raft.server.retrycache.expirytime = 600000ms (custom)
2020-06-27 08:27:50,857 [pool-78-thread-1] INFO  metrics.RatisMetrics (RatisMetrics.java:lambda$create$0(36)) - Creating Metrics Registry : ratis.leader_election.34efc206-1f67-4a18-aa05-bd0f2a1ef0e4@group-EDAE14BFB10F
2020-06-27 08:27:50,857 [pool-78-thread-1] INFO  metrics.RatisMetrics (RatisMetrics.java:lambda$create$0(36)) - Creating Metrics Registry : ratis.server.34efc206-1f67-4a18-aa05-bd0f2a1ef0e4@group-EDAE14BFB10F
2020-06-27 08:27:50,858 [pool-78-thread-1] INFO  impl.RaftServerImpl (RaftServerImpl.java:start(186)) - 34efc206-1f67-4a18-aa05-bd0f2a1ef0e4@group-EDAE14BFB10F: start as a follower, conf=-1: [7f53e279-916a-4fed-90de-23e9c25f9e31:172.17.0.2:39157, 34efc206-1f67-4a18-aa05-bd0f2a1ef0e4:172.17.0.2:36253, a99a18fa-a15b-4cd6-a5fd-78034dfd05b4:172.17.0.2:33739], old=null
2020-06-27 08:27:50,858 [pool-78-thread-1] INFO  impl.RaftServerImpl (RaftServerImpl.java:setRole(175)) - 34efc206-1f67-4a18-aa05-bd0f2a1ef0e4@group-EDAE14BFB10F: changes role from      null to FOLLOWER at term 0 for startAsFollower
2020-06-27 08:27:50,858 [pool-78-thread-1] INFO  impl.RoleInfo (RoleInfo.java:updateAndGet(143)) - 34efc206-1f67-4a18-aa05-bd0f2a1ef0e4: start FollowerState
2020-06-27 08:27:50,859 [pool-78-thread-1] INFO  util.JmxRegister (JmxRegister.java:tryRegister(44)) - Successfully registered JMX Bean with object name Ratis:service=RaftServer,group=group-EDAE14BFB10F,id=34efc206-1f67-4a18-aa05-bd0f2a1ef0e4
2020-06-27 08:27:50,859 [pool-78-thread-1] INFO  metrics.RatisMetrics (RatisMetrics.java:lambda$create$0(36)) - Creating Metrics Registry : ratis.state_machine.34efc206-1f67-4a18-aa05-bd0f2a1ef0e4@group-EDAE14BFB10F
2020-06-27 08:27:50,869 [pool-93-thread-1] INFO  impl.RaftServerImpl (RaftServerImpl.java:<init>(99)) - 7f53e279-916a-4fed-90de-23e9c25f9e31: new RaftServerImpl for group-20229F0E4A6C:[7f53e279-916a-4fed-90de-23e9c25f9e31:172.17.0.2:39157] with ContainerStateMachine:uninitialized
2020-06-27 08:27:50,870 [pool-93-thread-1] INFO  server.RaftServerConfigKeys (ConfUtils.java:logGet(44)) - raft.server.rpc.timeout.min = 5s (custom)
2020-06-27 08:27:50,870 [pool-93-thread-1] INFO  server.RaftServerConfigKeys (ConfUtils.java:logGet(44)) - raft.server.rpc.timeout.max = 5200ms (custom)
2020-06-27 08:27:50,870 [pool-93-thread-1] INFO  server.RaftServerConfigKeys (ConfUtils.java:logGet(44)) - raft.server.rpcslowness.timeout = 300s (custom)
2020-06-27 08:27:50,870 [pool-93-thread-1] INFO  server.RaftServerConfigKeys (ConfUtils.java:logGet(44)) - raft.server.sleep.deviation.threshold = 300 (default)
2020-06-27 08:27:50,870 [pool-93-thread-1] INFO  server.RaftServerConfigKeys (ConfUtils.java:logGet(44)) - raft.server.log.appender.install.snapshot.enabled = false (custom)
2020-06-27 08:27:50,870 [pool-93-thread-1] INFO  impl.RaftServerImpl (ServerState.java:<init>(103)) - 7f53e279-916a-4fed-90de-23e9c25f9e31@group-20229F0E4A6C: ConfigurationManager, init=-1: [7f53e279-916a-4fed-90de-23e9c25f9e31:172.17.0.2:39157], old=null, confs=<EMPTY_MAP>
2020-06-27 08:27:50,870 [pool-93-thread-1] INFO  server.RaftServerConfigKeys (ConfUtils.java:logGet(44)) - raft.server.storage.dir = [/github/workspace/mnt/ozone/hadoop-ozone/integration-test/target/test-dir/MiniOzoneClusterImpl-8eb50a3f-c1ff-437a-8e18-e0505f09b26f/datanode-4/data/ratis] (custom)
2020-06-27 08:27:50,871 [pool-93-thread-1] INFO  server.RaftServerConfigKeys (ConfUtils.java:logGet(44)) - raft.server.log.corruption.policy = EXCEPTION (default)
2020-06-27 08:27:50,871 [pool-93-thread-1] INFO  storage.RaftStorageDirectory (RaftStorageDirectory.java:analyzeStorage(261)) - The storage directory /github/workspace/mnt/ozone/hadoop-ozone/integration-test/target/test-dir/MiniOzoneClusterImpl-8eb50a3f-c1ff-437a-8e18-e0505f09b26f/datanode-4/data/ratis/fd90656e-7391-4305-8f48-20229f0e4a6c does not exist. Creating ...
2020-06-27 08:27:50,872 [pool-93-thread-1] INFO  storage.RaftStorageDirectory (RaftStorageDirectory.java:tryLock(343)) - Lock on /github/workspace/mnt/ozone/hadoop-ozone/integration-test/target/test-dir/MiniOzoneClusterImpl-8eb50a3f-c1ff-437a-8e18-e0505f09b26f/datanode-4/data/ratis/fd90656e-7391-4305-8f48-20229f0e4a6c/in_use.lock acquired by nodename 20861@23863634748d
2020-06-27 08:27:50,873 [pool-93-thread-1] INFO  storage.RaftStorage (RaftStorage.java:format(84)) - Storage directory /github/workspace/mnt/ozone/hadoop-ozone/integration-test/target/test-dir/MiniOzoneClusterImpl-8eb50a3f-c1ff-437a-8e18-e0505f09b26f/datanode-4/data/ratis/fd90656e-7391-4305-8f48-20229f0e4a6c has been successfully formatted.
2020-06-27 08:27:50,877 [pool-93-thread-1] INFO  ratis.ContainerStateMachine (ContainerStateMachine.java:loadSnapshot(226)) - group-20229F0E4A6C: The snapshot info is null. Setting the last applied indexto:(t:0, i:~)
2020-06-27 08:27:50,877 [pool-93-thread-1] INFO  server.RaftServerConfigKeys (ConfUtils.java:logGet(44)) - raft.server.notification.no-leader.timeout = 60s (default)
2020-06-27 08:27:50,877 [pool-93-thread-1] INFO  server.RaftServerConfigKeys (ConfUtils.java:logGet(44)) - raft.server.log.use.memory = false (default)
2020-06-27 08:27:50,877 [pool-93-thread-1] INFO  server.RaftServerConfigKeys (ConfUtils.java:logGet(44)) - raft.server.log.purge.gap = 1000000 (custom)
2020-06-27 08:27:50,877 [pool-93-thread-1] INFO  server.RaftServerConfigKeys (ConfUtils.java:logGet(44)) - raft.server.log.appender.buffer.byte-limit = 33554432 (custom)
2020-06-27 08:27:50,877 [pool-93-thread-1] INFO  server.RaftServerConfigKeys (ConfUtils.java:logGet(44)) - raft.server.log.segment.size.max = 1048576 (custom)
2020-06-27 08:27:50,877 [pool-93-thread-1] INFO  metrics.RatisMetrics (RatisMetrics.java:lambda$create$0(36)) - Creating Metrics Registry : ratis.log_worker.7f53e279-916a-4fed-90de-23e9c25f9e31@group-20229F0E4A6C
2020-06-27 08:27:50,877 [pool-93-thread-1] INFO  server.RaftServerConfigKeys (ConfUtils.java:logGet(44)) - raft.server.log.segment.cache.num.max = 2 (custom)
2020-06-27 08:27:50,877 [pool-93-thread-1] INFO  segmented.SegmentedRaftLogWorker (SegmentedRaftLogWorker.java:<init>(180)) - new 7f53e279-916a-4fed-90de-23e9c25f9e31@group-20229F0E4A6C-SegmentedRaftLogWorker for RaftStorage:Storage Directory /github/workspace/mnt/ozone/hadoop-ozone/integration-test/target/test-dir/MiniOzoneClusterImpl-8eb50a3f-c1ff-437a-8e18-e0505f09b26f/datanode-4/data/ratis/fd90656e-7391-4305-8f48-20229f0e4a6c
2020-06-27 08:27:50,878 [pool-93-thread-1] INFO  server.RaftServerConfigKeys (ConfUtils.java:logGet(44)) - raft.server.log.queue.byte-limit = 2147483647 (custom)
2020-06-27 08:27:50,878 [pool-93-thread-1] INFO  server.RaftServerConfigKeys (ConfUtils.java:logGet(44)) - raft.server.log.queue.element-limit = 1024 (custom)
2020-06-27 08:27:50,878 [pool-93-thread-1] INFO  server.RaftServerConfigKeys (ConfUtils.java:logGet(44)) - raft.server.log.segment.size.max = 1048576 (custom)
2020-06-27 08:27:50,878 [pool-93-thread-1] INFO  server.RaftServerConfigKeys (ConfUtils.java:logGet(44)) - raft.server.log.preallocated.size = 16384 (custom)
2020-06-27 08:27:50,878 [pool-93-thread-1] INFO  server.RaftServerConfigKeys (ConfUtils.java:logGet(44)) - raft.server.log.write.buffer.size = 1048576 (custom)
2020-06-27 08:27:50,878 [pool-93-thread-1] INFO  server.RaftServerConfigKeys (ConfUtils.java:logGet(44)) - raft.server.log.force.sync.num = 128 (default)
2020-06-27 08:27:50,878 [pool-93-thread-1] INFO  server.RaftServerConfigKeys (ConfUtils.java:logGet(44)) - raft.server.log.statemachine.data.sync = true (default)
2020-06-27 08:27:50,878 [pool-93-thread-1] INFO  server.RaftServerConfigKeys (ConfUtils.java:logGet(44)) - raft.server.log.statemachine.data.sync.timeout = 10s (default)
2020-06-27 08:27:50,878 [pool-93-thread-1] INFO  server.RaftServerConfigKeys (ConfUtils.java:logGet(44)) - raft.server.log.statemachine.data.sync.timeout.retry = -1 (default)
2020-06-27 08:27:50,880 [pool-93-thread-1] INFO  server.RaftServerConfigKeys (ConfUtils.java:logGet(44)) - raft.server.log.statemachine.data.caching.enabled = true (custom)
2020-06-27 08:27:50,891 [pool-93-thread-1] INFO  segmented.SegmentedRaftLogWorker (SegmentedRaftLogWorker.java:lambda$new$0(129)) - 7f53e279-916a-4fed-90de-23e9c25f9e31@group-20229F0E4A6C-SegmentedRaftLogWorker: flushIndex: setUnconditionally 0 -> -1
2020-06-27 08:27:50,891 [pool-93-thread-1] INFO  segmented.SegmentedRaftLogWorker (SegmentedRaftLogWorker.java:lambda$new$0(129)) - 7f53e279-916a-4fed-90de-23e9c25f9e31@group-20229F0E4A6C-SegmentedRaftLogWorker: safeCacheEvictIndex: setUnconditionally 0 -> -1
2020-06-27 08:27:50,891 [pool-93-thread-1] INFO  server.RaftServerConfigKeys (ConfUtils.java:logGet(44)) - raft.server.snapshot.auto.trigger.enabled = true (custom)
2020-06-27 08:27:50,892 [pool-93-thread-1] INFO  server.RaftServerConfigKeys (ConfUtils.java:logGet(44)) - raft.server.snapshot.auto.trigger.threshold = 10000 (custom)
2020-06-27 08:27:50,892 [pool-93-thread-1] INFO  server.RaftServerConfigKeys (ConfUtils.java:logGet(44)) - raft.server.snapshot.retention.file.num = 5 (custom)
2020-06-27 08:27:50,892 [pool-93-thread-1] INFO  server.RaftServerConfigKeys (ConfUtils.java:logGet(44)) - raft.server.log.purge.upto.snapshot.index = false (default)
2020-06-27 08:27:50,892 [pool-93-thread-1] INFO  server.RaftServerConfigKeys (ConfUtils.java:logGet(44)) - raft.server.retrycache.expirytime = 600000ms (custom)
2020-06-27 08:27:50,892 [pool-93-thread-1] INFO  metrics.RatisMetrics (RatisMetrics.java:lambda$create$0(36)) - Creating Metrics Registry : ratis.leader_election.7f53e279-916a-4fed-90de-23e9c25f9e31@group-20229F0E4A6C
2020-06-27 08:27:50,892 [pool-93-thread-1] INFO  metrics.RatisMetrics (RatisMetrics.java:lambda$create$0(36)) - Creating Metrics Registry : ratis.server.7f53e279-916a-4fed-90de-23e9c25f9e31@group-20229F0E4A6C
2020-06-27 08:27:50,893 [pool-93-thread-1] INFO  impl.RaftServerImpl (RaftServerImpl.java:start(186)) - 7f53e279-916a-4fed-90de-23e9c25f9e31@group-20229F0E4A6C: start as a follower, conf=-1: [7f53e279-916a-4fed-90de-23e9c25f9e31:172.17.0.2:39157], old=null
2020-06-27 08:27:50,893 [pool-93-thread-1] INFO  impl.RaftServerImpl (RaftServerImpl.java:setRole(175)) - 7f53e279-916a-4fed-90de-23e9c25f9e31@group-20229F0E4A6C: changes role from      null to FOLLOWER at term 0 for startAsFollower
2020-06-27 08:27:50,893 [pool-93-thread-1] INFO  impl.RoleInfo (RoleInfo.java:updateAndGet(143)) - 7f53e279-916a-4fed-90de-23e9c25f9e31: start FollowerState
2020-06-27 08:27:50,894 [pool-93-thread-1] INFO  util.JmxRegister (JmxRegister.java:tryRegister(44)) - Successfully registered JMX Bean with object name Ratis:service=RaftServer,group=group-20229F0E4A6C,id=7f53e279-916a-4fed-90de-23e9c25f9e31
2020-06-27 08:27:50,894 [pool-93-thread-1] INFO  metrics.RatisMetrics (RatisMetrics.java:lambda$create$0(36)) - Creating Metrics Registry : ratis.state_machine.7f53e279-916a-4fed-90de-23e9c25f9e31@group-20229F0E4A6C
2020-06-27 08:27:50,903 [EventQueue-PipelineReportForPipelineReportHandler] INFO  pipeline.PipelineStateManager (PipelineStateManager.java:openPipeline(131)) - Pipeline Pipeline[ Id: fd90656e-7391-4305-8f48-20229f0e4a6c, Nodes: 7f53e279-916a-4fed-90de-23e9c25f9e31{ip: 172.17.0.2, host: 23863634748d, networkLocation: /default-rack, certSerialId: null}, Type:RATIS, Factor:ONE, State:ALLOCATED, leaderId:7f53e279-916a-4fed-90de-23e9c25f9e31, CreationTimestamp2020-06-27T08:27:47.819Z] moved to OPEN state
2020-06-27 08:27:50,903 [EventQueue-OpenPipelineForHealthyPipelineSafeModeRule] INFO  safemode.SCMSafeModeManager (HealthyPipelineSafeModeRule.java:process(132)) - SCM in safe mode. Healthy pipelines reported count is 0, required healthy pipeline reported count is 1
2020-06-27 08:27:50,903 [EventQueue-OpenPipelineForOneReplicaPipelineSafeModeRule] INFO  safemode.SCMSafeModeManager (SCMSafeModeManager.java:validateSafeModeExitRules(214)) - AtleastOneDatanodeReportedRule rule is successfully validated
2020-06-27 08:27:50,904 [Command processor thread] INFO  commandhandler.CreatePipelineCommandHandler (CreatePipelineCommandHandler.java:handle(109)) - Created Pipeline RATIS ONE #id: "fd90656e-7391-4305-8f48-20229f0e4a6c"
.
2020-06-27 08:27:50,904 [Command processor thread] INFO  impl.RaftServerProxy (RaftServerProxy.java:addNew(89)) - 7f53e279-916a-4fed-90de-23e9c25f9e31: addNew group-EDAE14BFB10F:[7f53e279-916a-4fed-90de-23e9c25f9e31:172.17.0.2:39157, 34efc206-1f67-4a18-aa05-bd0f2a1ef0e4:172.17.0.2:36253, a99a18fa-a15b-4cd6-a5fd-78034dfd05b4:172.17.0.2:33739] returns group-EDAE14BFB10F:java.util.concurrent.CompletableFuture@53ecd79d[Not completed]
2020-06-27 08:27:50,905 [pool-93-thread-1] INFO  impl.RaftServerImpl (RaftServerImpl.java:<init>(99)) - 7f53e279-916a-4fed-90de-23e9c25f9e31: new RaftServerImpl for group-EDAE14BFB10F:[7f53e279-916a-4fed-90de-23e9c25f9e31:172.17.0.2:39157, 34efc206-1f67-4a18-aa05-bd0f2a1ef0e4:172.17.0.2:36253, a99a18fa-a15b-4cd6-a5fd-78034dfd05b4:172.17.0.2:33739] with ContainerStateMachine:uninitialized
2020-06-27 08:27:50,905 [pool-93-thread-1] INFO  server.RaftServerConfigKeys (ConfUtils.java:logGet(44)) - raft.server.rpc.timeout.min = 5s (custom)
2020-06-27 08:27:50,905 [pool-93-thread-1] INFO  server.RaftServerConfigKeys (ConfUtils.java:logGet(44)) - raft.server.rpc.timeout.max = 5200ms (custom)
2020-06-27 08:27:50,906 [pool-93-thread-1] INFO  server.RaftServerConfigKeys (ConfUtils.java:logGet(44)) - raft.server.rpcslowness.timeout = 300s (custom)
2020-06-27 08:27:50,906 [pool-93-thread-1] INFO  server.RaftServerConfigKeys (ConfUtils.java:logGet(44)) - raft.server.sleep.deviation.threshold = 300 (default)
2020-06-27 08:27:50,906 [pool-93-thread-1] INFO  server.RaftServerConfigKeys (ConfUtils.java:logGet(44)) - raft.server.log.appender.install.snapshot.enabled = false (custom)
2020-06-27 08:27:50,906 [pool-93-thread-1] INFO  impl.RaftServerImpl (ServerState.java:<init>(103)) - 7f53e279-916a-4fed-90de-23e9c25f9e31@group-EDAE14BFB10F: ConfigurationManager, init=-1: [7f53e279-916a-4fed-90de-23e9c25f9e31:172.17.0.2:39157, 34efc206-1f67-4a18-aa05-bd0f2a1ef0e4:172.17.0.2:36253, a99a18fa-a15b-4cd6-a5fd-78034dfd05b4:172.17.0.2:33739], old=null, confs=<EMPTY_MAP>
2020-06-27 08:27:50,906 [pool-93-thread-1] INFO  server.RaftServerConfigKeys (ConfUtils.java:logGet(44)) - raft.server.storage.dir = [/github/workspace/mnt/ozone/hadoop-ozone/integration-test/target/test-dir/MiniOzoneClusterImpl-8eb50a3f-c1ff-437a-8e18-e0505f09b26f/datanode-4/data/ratis] (custom)
2020-06-27 08:27:50,906 [pool-93-thread-1] INFO  server.RaftServerConfigKeys (ConfUtils.java:logGet(44)) - raft.server.log.corruption.policy = EXCEPTION (default)
2020-06-27 08:27:50,906 [pool-93-thread-1] INFO  storage.RaftStorageDirectory (RaftStorageDirectory.java:analyzeStorage(261)) - The storage directory /github/workspace/mnt/ozone/hadoop-ozone/integration-test/target/test-dir/MiniOzoneClusterImpl-8eb50a3f-c1ff-437a-8e18-e0505f09b26f/datanode-4/data/ratis/9a651e83-1ed9-467f-9369-edae14bfb10f does not exist. Creating ...
2020-06-27 08:27:50,907 [pool-93-thread-1] INFO  storage.RaftStorageDirectory (RaftStorageDirectory.java:tryLock(343)) - Lock on /github/workspace/mnt/ozone/hadoop-ozone/integration-test/target/test-dir/MiniOzoneClusterImpl-8eb50a3f-c1ff-437a-8e18-e0505f09b26f/datanode-4/data/ratis/9a651e83-1ed9-467f-9369-edae14bfb10f/in_use.lock acquired by nodename 20861@23863634748d
2020-06-27 08:27:50,912 [pool-93-thread-1] INFO  storage.RaftStorage (RaftStorage.java:format(84)) - Storage directory /github/workspace/mnt/ozone/hadoop-ozone/integration-test/target/test-dir/MiniOzoneClusterImpl-8eb50a3f-c1ff-437a-8e18-e0505f09b26f/datanode-4/data/ratis/9a651e83-1ed9-467f-9369-edae14bfb10f has been successfully formatted.
2020-06-27 08:27:50,932 [Command processor thread] INFO  impl.RaftServerProxy (RaftServerProxy.java:addNew(89)) - a99a18fa-a15b-4cd6-a5fd-78034dfd05b4: addNew group-696DC5C5CF56:[a99a18fa-a15b-4cd6-a5fd-78034dfd05b4:172.17.0.2:33739] returns group-696DC5C5CF56:java.util.concurrent.CompletableFuture@7251a517[Not completed]
2020-06-27 08:27:50,933 [pool-93-thread-1] INFO  ratis.ContainerStateMachine (ContainerStateMachine.java:loadSnapshot(226)) - group-EDAE14BFB10F: The snapshot info is null. Setting the last applied indexto:(t:0, i:~)
2020-06-27 08:27:50,933 [pool-93-thread-1] INFO  server.RaftServerConfigKeys (ConfUtils.java:logGet(44)) - raft.server.notification.no-leader.timeout = 60s (default)
2020-06-27 08:27:50,933 [pool-93-thread-1] INFO  server.RaftServerConfigKeys (ConfUtils.java:logGet(44)) - raft.server.log.use.memory = false (default)
2020-06-27 08:27:50,933 [pool-93-thread-1] INFO  server.RaftServerConfigKeys (ConfUtils.java:logGet(44)) - raft.server.log.purge.gap = 1000000 (custom)
2020-06-27 08:27:50,933 [pool-93-thread-1] INFO  server.RaftServerConfigKeys (ConfUtils.java:logGet(44)) - raft.server.log.appender.buffer.byte-limit = 33554432 (custom)
2020-06-27 08:27:50,933 [pool-93-thread-1] INFO  server.RaftServerConfigKeys (ConfUtils.java:logGet(44)) - raft.server.log.segment.size.max = 1048576 (custom)
2020-06-27 08:27:50,933 [pool-93-thread-1] INFO  metrics.RatisMetrics (RatisMetrics.java:lambda$create$0(36)) - Creating Metrics Registry : ratis.log_worker.7f53e279-916a-4fed-90de-23e9c25f9e31@group-EDAE14BFB10F
2020-06-27 08:27:50,933 [pool-93-thread-1] INFO  server.RaftServerConfigKeys (ConfUtils.java:logGet(44)) - raft.server.log.segment.cache.num.max = 2 (custom)
2020-06-27 08:27:50,933 [pool-93-thread-1] INFO  segmented.SegmentedRaftLogWorker (SegmentedRaftLogWorker.java:<init>(180)) - new 7f53e279-916a-4fed-90de-23e9c25f9e31@group-EDAE14BFB10F-SegmentedRaftLogWorker for RaftStorage:Storage Directory /github/workspace/mnt/ozone/hadoop-ozone/integration-test/target/test-dir/MiniOzoneClusterImpl-8eb50a3f-c1ff-437a-8e18-e0505f09b26f/datanode-4/data/ratis/9a651e83-1ed9-467f-9369-edae14bfb10f
2020-06-27 08:27:50,934 [pool-93-thread-1] INFO  server.RaftServerConfigKeys (ConfUtils.java:logGet(44)) - raft.server.log.queue.byte-limit = 2147483647 (custom)
2020-06-27 08:27:50,934 [pool-93-thread-1] INFO  server.RaftServerConfigKeys (ConfUtils.java:logGet(44)) - raft.server.log.queue.element-limit = 1024 (custom)
2020-06-27 08:27:50,934 [pool-93-thread-1] INFO  server.RaftServerConfigKeys (ConfUtils.java:logGet(44)) - raft.server.log.segment.size.max = 1048576 (custom)
2020-06-27 08:27:50,934 [pool-93-thread-1] INFO  server.RaftServerConfigKeys (ConfUtils.java:logGet(44)) - raft.server.log.preallocated.size = 16384 (custom)
2020-06-27 08:27:50,934 [pool-93-thread-1] INFO  server.RaftServerConfigKeys (ConfUtils.java:logGet(44)) - raft.server.log.write.buffer.size = 1048576 (custom)
2020-06-27 08:27:50,934 [pool-93-thread-1] INFO  server.RaftServerConfigKeys (ConfUtils.java:logGet(44)) - raft.server.log.force.sync.num = 128 (default)
2020-06-27 08:27:50,934 [pool-93-thread-1] INFO  server.RaftServerConfigKeys (ConfUtils.java:logGet(44)) - raft.server.log.statemachine.data.sync = true (default)
2020-06-27 08:27:50,934 [pool-93-thread-1] INFO  server.RaftServerConfigKeys (ConfUtils.java:logGet(44)) - raft.server.log.statemachine.data.sync.timeout = 10s (default)
2020-06-27 08:27:50,934 [pool-93-thread-1] INFO  server.RaftServerConfigKeys (ConfUtils.java:logGet(44)) - raft.server.log.statemachine.data.sync.timeout.retry = -1 (default)
2020-06-27 08:27:50,935 [pool-93-thread-1] INFO  server.RaftServerConfigKeys (ConfUtils.java:logGet(44)) - raft.server.log.statemachine.data.caching.enabled = true (custom)
2020-06-27 08:27:50,935 [pool-93-thread-1] INFO  segmented.SegmentedRaftLogWorker (SegmentedRaftLogWorker.java:lambda$new$0(129)) - 7f53e279-916a-4fed-90de-23e9c25f9e31@group-EDAE14BFB10F-SegmentedRaftLogWorker: flushIndex: setUnconditionally 0 -> -1
2020-06-27 08:27:50,935 [pool-93-thread-1] INFO  segmented.SegmentedRaftLogWorker (SegmentedRaftLogWorker.java:lambda$new$0(129)) - 7f53e279-916a-4fed-90de-23e9c25f9e31@group-EDAE14BFB10F-SegmentedRaftLogWorker: safeCacheEvictIndex: setUnconditionally 0 -> -1
2020-06-27 08:27:50,937 [pool-108-thread-1] INFO  impl.RaftServerImpl (RaftServerImpl.java:<init>(99)) - a99a18fa-a15b-4cd6-a5fd-78034dfd05b4: new RaftServerImpl for group-696DC5C5CF56:[a99a18fa-a15b-4cd6-a5fd-78034dfd05b4:172.17.0.2:33739] with ContainerStateMachine:uninitialized
2020-06-27 08:27:50,940 [pool-93-thread-1] INFO  server.RaftServerConfigKeys (ConfUtils.java:logGet(44)) - raft.server.snapshot.auto.trigger.enabled = true (custom)
2020-06-27 08:27:50,949 [pool-93-thread-1] INFO  server.RaftServerConfigKeys (ConfUtils.java:logGet(44)) - raft.server.snapshot.auto.trigger.threshold = 10000 (custom)
2020-06-27 08:27:50,949 [pool-93-thread-1] INFO  server.RaftServerConfigKeys (ConfUtils.java:logGet(44)) - raft.server.snapshot.retention.file.num = 5 (custom)
2020-06-27 08:27:50,949 [pool-93-thread-1] INFO  server.RaftServerConfigKeys (ConfUtils.java:logGet(44)) - raft.server.log.purge.upto.snapshot.index = false (default)
2020-06-27 08:27:50,960 [pool-93-thread-1] INFO  server.RaftServerConfigKeys (ConfUtils.java:logGet(44)) - raft.server.retrycache.expirytime = 600000ms (custom)
2020-06-27 08:27:50,961 [pool-93-thread-1] INFO  metrics.RatisMetrics (RatisMetrics.java:lambda$create$0(36)) - Creating Metrics Registry : ratis.leader_election.7f53e279-916a-4fed-90de-23e9c25f9e31@group-EDAE14BFB10F
2020-06-27 08:27:50,961 [pool-93-thread-1] INFO  metrics.RatisMetrics (RatisMetrics.java:lambda$create$0(36)) - Creating Metrics Registry : ratis.server.7f53e279-916a-4fed-90de-23e9c25f9e31@group-EDAE14BFB10F
2020-06-27 08:27:50,962 [pool-93-thread-1] INFO  impl.RaftServerImpl (RaftServerImpl.java:start(186)) - 7f53e279-916a-4fed-90de-23e9c25f9e31@group-EDAE14BFB10F: start as a follower, conf=-1: [7f53e279-916a-4fed-90de-23e9c25f9e31:172.17.0.2:39157, 34efc206-1f67-4a18-aa05-bd0f2a1ef0e4:172.17.0.2:36253, a99a18fa-a15b-4cd6-a5fd-78034dfd05b4:172.17.0.2:33739], old=null
2020-06-27 08:27:50,962 [pool-93-thread-1] INFO  impl.RaftServerImpl (RaftServerImpl.java:setRole(175)) - 7f53e279-916a-4fed-90de-23e9c25f9e31@group-EDAE14BFB10F: changes role from      null to FOLLOWER at term 0 for startAsFollower
2020-06-27 08:27:50,962 [pool-93-thread-1] INFO  impl.RoleInfo (RoleInfo.java:updateAndGet(143)) - 7f53e279-916a-4fed-90de-23e9c25f9e31: start FollowerState
2020-06-27 08:27:50,962 [pool-108-thread-1] INFO  server.RaftServerConfigKeys (ConfUtils.java:logGet(44)) - raft.server.rpc.timeout.min = 5s (custom)
2020-06-27 08:27:50,962 [pool-108-thread-1] INFO  server.RaftServerConfigKeys (ConfUtils.java:logGet(44)) - raft.server.rpc.timeout.max = 5200ms (custom)
2020-06-27 08:27:50,962 [pool-108-thread-1] INFO  server.RaftServerConfigKeys (ConfUtils.java:logGet(44)) - raft.server.rpcslowness.timeout = 300s (custom)
2020-06-27 08:27:50,962 [pool-108-thread-1] INFO  server.RaftServerConfigKeys (ConfUtils.java:logGet(44)) - raft.server.sleep.deviation.threshold = 300 (default)
2020-06-27 08:27:50,962 [pool-108-thread-1] INFO  server.RaftServerConfigKeys (ConfUtils.java:logGet(44)) - raft.server.log.appender.install.snapshot.enabled = false (custom)
2020-06-27 08:27:50,965 [pool-108-thread-1] INFO  impl.RaftServerImpl (ServerState.java:<init>(103)) - a99a18fa-a15b-4cd6-a5fd-78034dfd05b4@group-696DC5C5CF56: ConfigurationManager, init=-1: [a99a18fa-a15b-4cd6-a5fd-78034dfd05b4:172.17.0.2:33739], old=null, confs=<EMPTY_MAP>
2020-06-27 08:27:50,965 [pool-108-thread-1] INFO  server.RaftServerConfigKeys (ConfUtils.java:logGet(44)) - raft.server.storage.dir = [/github/workspace/mnt/ozone/hadoop-ozone/integration-test/target/test-dir/MiniOzoneClusterImpl-8eb50a3f-c1ff-437a-8e18-e0505f09b26f/datanode-5/data/ratis] (custom)
2020-06-27 08:27:50,965 [pool-108-thread-1] INFO  server.RaftServerConfigKeys (ConfUtils.java:logGet(44)) - raft.server.log.corruption.policy = EXCEPTION (default)
2020-06-27 08:27:50,965 [pool-108-thread-1] INFO  storage.RaftStorageDirectory (RaftStorageDirectory.java:analyzeStorage(261)) - The storage directory /github/workspace/mnt/ozone/hadoop-ozone/integration-test/target/test-dir/MiniOzoneClusterImpl-8eb50a3f-c1ff-437a-8e18-e0505f09b26f/datanode-5/data/ratis/7b34d530-10b7-4c87-8cc3-696dc5c5cf56 does not exist. Creating ...
2020-06-27 08:27:50,965 [Listener at 127.0.0.1/46381] INFO  ozone.MiniOzoneClusterImpl (MiniOzoneClusterImpl.java:lambda$waitForClusterToBeReady$0(177)) - Nodes are ready. Got 7 of 7 DN Heartbeats.
2020-06-27 08:27:50,966 [Listener at 127.0.0.1/46381] INFO  ozone.MiniOzoneClusterImpl (MiniOzoneClusterImpl.java:lambda$waitForClusterToBeReady$0(180)) - Waiting for cluster to exit safe mode
2020-06-27 08:27:50,967 [pool-108-thread-1] INFO  storage.RaftStorageDirectory (RaftStorageDirectory.java:tryLock(343)) - Lock on /github/workspace/mnt/ozone/hadoop-ozone/integration-test/target/test-dir/MiniOzoneClusterImpl-8eb50a3f-c1ff-437a-8e18-e0505f09b26f/datanode-5/data/ratis/7b34d530-10b7-4c87-8cc3-696dc5c5cf56/in_use.lock acquired by nodename 20861@23863634748d
2020-06-27 08:27:50,968 [pool-108-thread-1] INFO  storage.RaftStorage (RaftStorage.java:format(84)) - Storage directory /github/workspace/mnt/ozone/hadoop-ozone/integration-test/target/test-dir/MiniOzoneClusterImpl-8eb50a3f-c1ff-437a-8e18-e0505f09b26f/datanode-5/data/ratis/7b34d530-10b7-4c87-8cc3-696dc5c5cf56 has been successfully formatted.
2020-06-27 08:27:50,976 [pool-93-thread-1] INFO  util.JmxRegister (JmxRegister.java:tryRegister(44)) - Successfully registered JMX Bean with object name Ratis:service=RaftServer,group=group-EDAE14BFB10F,id=7f53e279-916a-4fed-90de-23e9c25f9e31
2020-06-27 08:27:50,976 [pool-93-thread-1] INFO  metrics.RatisMetrics (RatisMetrics.java:lambda$create$0(36)) - Creating Metrics Registry : ratis.state_machine.7f53e279-916a-4fed-90de-23e9c25f9e31@group-EDAE14BFB10F
2020-06-27 08:27:51,029 [Command processor thread] INFO  impl.RaftServerProxy (RaftServerProxy.java:addNew(89)) - b9f13683-3178-4f3b-aaab-40506ece2b5f: addNew group-8F61066D079E:[b9f13683-3178-4f3b-aaab-40506ece2b5f:172.17.0.2:45173] returns group-8F61066D079E:java.util.concurrent.CompletableFuture@5de230fb[Not completed]
2020-06-27 08:27:51,030 [pool-108-thread-1] INFO  ratis.ContainerStateMachine (ContainerStateMachine.java:loadSnapshot(226)) - group-696DC5C5CF56: The snapshot info is null. Setting the last applied indexto:(t:0, i:~)
2020-06-27 08:27:51,031 [pool-108-thread-1] INFO  server.RaftServerConfigKeys (ConfUtils.java:logGet(44)) - raft.server.notification.no-leader.timeout = 60s (default)
2020-06-27 08:27:51,031 [pool-108-thread-1] INFO  server.RaftServerConfigKeys (ConfUtils.java:logGet(44)) - raft.server.log.use.memory = false (default)
2020-06-27 08:27:51,031 [pool-123-thread-1] INFO  impl.RaftServerImpl (RaftServerImpl.java:<init>(99)) - b9f13683-3178-4f3b-aaab-40506ece2b5f: new RaftServerImpl for group-8F61066D079E:[b9f13683-3178-4f3b-aaab-40506ece2b5f:172.17.0.2:45173] with ContainerStateMachine:uninitialized
2020-06-27 08:27:51,031 [pool-108-thread-1] INFO  server.RaftServerConfigKeys (ConfUtils.java:logGet(44)) - raft.server.log.purge.gap = 1000000 (custom)
2020-06-27 08:27:51,031 [pool-108-thread-1] INFO  server.RaftServerConfigKeys (ConfUtils.java:logGet(44)) - raft.server.log.appender.buffer.byte-limit = 33554432 (custom)
2020-06-27 08:27:51,031 [pool-108-thread-1] INFO  server.RaftServerConfigKeys (ConfUtils.java:logGet(44)) - raft.server.log.segment.size.max = 1048576 (custom)
2020-06-27 08:27:51,031 [pool-108-thread-1] INFO  metrics.RatisMetrics (RatisMetrics.java:lambda$create$0(36)) - Creating Metrics Registry : ratis.log_worker.a99a18fa-a15b-4cd6-a5fd-78034dfd05b4@group-696DC5C5CF56
2020-06-27 08:27:51,031 [pool-108-thread-1] INFO  server.RaftServerConfigKeys (ConfUtils.java:logGet(44)) - raft.server.log.segment.cache.num.max = 2 (custom)
2020-06-27 08:27:51,031 [pool-108-thread-1] INFO  segmented.SegmentedRaftLogWorker (SegmentedRaftLogWorker.java:<init>(180)) - new a99a18fa-a15b-4cd6-a5fd-78034dfd05b4@group-696DC5C5CF56-SegmentedRaftLogWorker for RaftStorage:Storage Directory /github/workspace/mnt/ozone/hadoop-ozone/integration-test/target/test-dir/MiniOzoneClusterImpl-8eb50a3f-c1ff-437a-8e18-e0505f09b26f/datanode-5/data/ratis/7b34d530-10b7-4c87-8cc3-696dc5c5cf56
2020-06-27 08:27:51,031 [pool-108-thread-1] INFO  server.RaftServerConfigKeys (ConfUtils.java:logGet(44)) - raft.server.log.queue.byte-limit = 2147483647 (custom)
2020-06-27 08:27:51,031 [pool-108-thread-1] INFO  server.RaftServerConfigKeys (ConfUtils.java:logGet(44)) - raft.server.log.queue.element-limit = 1024 (custom)
2020-06-27 08:27:51,032 [pool-108-thread-1] INFO  server.RaftServerConfigKeys (ConfUtils.java:logGet(44)) - raft.server.log.segment.size.max = 1048576 (custom)
2020-06-27 08:27:51,032 [pool-108-thread-1] INFO  server.RaftServerConfigKeys (ConfUtils.java:logGet(44)) - raft.server.log.preallocated.size = 16384 (custom)
2020-06-27 08:27:51,032 [pool-108-thread-1] INFO  server.RaftServerConfigKeys (ConfUtils.java:logGet(44)) - raft.server.log.write.buffer.size = 1048576 (custom)
2020-06-27 08:27:51,032 [pool-108-thread-1] INFO  server.RaftServerConfigKeys (ConfUtils.java:logGet(44)) - raft.server.log.force.sync.num = 128 (default)
2020-06-27 08:27:51,032 [pool-108-thread-1] INFO  server.RaftServerConfigKeys (ConfUtils.java:logGet(44)) - raft.server.log.statemachine.data.sync = true (default)
2020-06-27 08:27:51,032 [pool-108-thread-1] INFO  server.RaftServerConfigKeys (ConfUtils.java:logGet(44)) - raft.server.log.statemachine.data.sync.timeout = 10s (default)
2020-06-27 08:27:51,032 [pool-108-thread-1] INFO  server.RaftServerConfigKeys (ConfUtils.java:logGet(44)) - raft.server.log.statemachine.data.sync.timeout.retry = -1 (default)
2020-06-27 08:27:51,033 [pool-108-thread-1] INFO  server.RaftServerConfigKeys (ConfUtils.java:logGet(44)) - raft.server.log.statemachine.data.caching.enabled = true (custom)
2020-06-27 08:27:51,034 [pool-108-thread-1] INFO  segmented.SegmentedRaftLogWorker (SegmentedRaftLogWorker.java:lambda$new$0(129)) - a99a18fa-a15b-4cd6-a5fd-78034dfd05b4@group-696DC5C5CF56-SegmentedRaftLogWorker: flushIndex: setUnconditionally 0 -> -1
2020-06-27 08:27:51,034 [pool-108-thread-1] INFO  segmented.SegmentedRaftLogWorker (SegmentedRaftLogWorker.java:lambda$new$0(129)) - a99a18fa-a15b-4cd6-a5fd-78034dfd05b4@group-696DC5C5CF56-SegmentedRaftLogWorker: safeCacheEvictIndex: setUnconditionally 0 -> -1
2020-06-27 08:27:51,034 [pool-108-thread-1] INFO  server.RaftServerConfigKeys (ConfUtils.java:logGet(44)) - raft.server.snapshot.auto.trigger.enabled = true (custom)
2020-06-27 08:27:51,034 [pool-108-thread-1] INFO  server.RaftServerConfigKeys (ConfUtils.java:logGet(44)) - raft.server.snapshot.auto.trigger.threshold = 10000 (custom)
2020-06-27 08:27:51,034 [pool-108-thread-1] INFO  server.RaftServerConfigKeys (ConfUtils.java:logGet(44)) - raft.server.snapshot.retention.file.num = 5 (custom)
2020-06-27 08:27:51,034 [pool-108-thread-1] INFO  server.RaftServerConfigKeys (ConfUtils.java:logGet(44)) - raft.server.log.purge.upto.snapshot.index = false (default)
2020-06-27 08:27:51,034 [pool-108-thread-1] INFO  server.RaftServerConfigKeys (ConfUtils.java:logGet(44)) - raft.server.retrycache.expirytime = 600000ms (custom)
2020-06-27 08:27:51,034 [pool-108-thread-1] INFO  metrics.RatisMetrics (RatisMetrics.java:lambda$create$0(36)) - Creating Metrics Registry : ratis.leader_election.a99a18fa-a15b-4cd6-a5fd-78034dfd05b4@group-696DC5C5CF56
2020-06-27 08:27:51,035 [pool-108-thread-1] INFO  metrics.RatisMetrics (RatisMetrics.java:lambda$create$0(36)) - Creating Metrics Registry : ratis.server.a99a18fa-a15b-4cd6-a5fd-78034dfd05b4@group-696DC5C5CF56
2020-06-27 08:27:51,035 [pool-108-thread-1] INFO  impl.RaftServerImpl (RaftServerImpl.java:start(186)) - a99a18fa-a15b-4cd6-a5fd-78034dfd05b4@group-696DC5C5CF56: start as a follower, conf=-1: [a99a18fa-a15b-4cd6-a5fd-78034dfd05b4:172.17.0.2:33739], old=null
2020-06-27 08:27:51,035 [pool-108-thread-1] INFO  impl.RaftServerImpl (RaftServerImpl.java:setRole(175)) - a99a18fa-a15b-4cd6-a5fd-78034dfd05b4@group-696DC5C5CF56: changes role from      null to FOLLOWER at term 0 for startAsFollower
2020-06-27 08:27:51,036 [pool-108-thread-1] INFO  impl.RoleInfo (RoleInfo.java:updateAndGet(143)) - a99a18fa-a15b-4cd6-a5fd-78034dfd05b4: start FollowerState
2020-06-27 08:27:51,036 [pool-108-thread-1] INFO  util.JmxRegister (JmxRegister.java:tryRegister(44)) - Successfully registered JMX Bean with object name Ratis:service=RaftServer,group=group-696DC5C5CF56,id=a99a18fa-a15b-4cd6-a5fd-78034dfd05b4
2020-06-27 08:27:51,036 [pool-108-thread-1] INFO  metrics.RatisMetrics (RatisMetrics.java:lambda$create$0(36)) - Creating Metrics Registry : ratis.state_machine.a99a18fa-a15b-4cd6-a5fd-78034dfd05b4@group-696DC5C5CF56
2020-06-27 08:27:51,052 [Command processor thread] INFO  commandhandler.CreatePipelineCommandHandler (CreatePipelineCommandHandler.java:handle(109)) - Created Pipeline RATIS ONE #id: "7b34d530-10b7-4c87-8cc3-696dc5c5cf56"
.
2020-06-27 08:27:51,053 [Command processor thread] INFO  impl.RaftServerProxy (RaftServerProxy.java:addNew(89)) - a99a18fa-a15b-4cd6-a5fd-78034dfd05b4: addNew group-EDAE14BFB10F:[7f53e279-916a-4fed-90de-23e9c25f9e31:172.17.0.2:39157, 34efc206-1f67-4a18-aa05-bd0f2a1ef0e4:172.17.0.2:36253, a99a18fa-a15b-4cd6-a5fd-78034dfd05b4:172.17.0.2:33739] returns group-EDAE14BFB10F:java.util.concurrent.CompletableFuture@766e3f85[Not completed]
2020-06-27 08:27:51,054 [pool-108-thread-1] INFO  impl.RaftServerImpl (RaftServerImpl.java:<init>(99)) - a99a18fa-a15b-4cd6-a5fd-78034dfd05b4: new RaftServerImpl for group-EDAE14BFB10F:[7f53e279-916a-4fed-90de-23e9c25f9e31:172.17.0.2:39157, 34efc206-1f67-4a18-aa05-bd0f2a1ef0e4:172.17.0.2:36253, a99a18fa-a15b-4cd6-a5fd-78034dfd05b4:172.17.0.2:33739] with ContainerStateMachine:uninitialized
2020-06-27 08:27:51,054 [pool-108-thread-1] INFO  server.RaftServerConfigKeys (ConfUtils.java:logGet(44)) - raft.server.rpc.timeout.min = 5s (custom)
2020-06-27 08:27:51,054 [pool-108-thread-1] INFO  server.RaftServerConfigKeys (ConfUtils.java:logGet(44)) - raft.server.rpc.timeout.max = 5200ms (custom)
2020-06-27 08:27:51,054 [pool-108-thread-1] INFO  server.RaftServerConfigKeys (ConfUtils.java:logGet(44)) - raft.server.rpcslowness.timeout = 300s (custom)
2020-06-27 08:27:51,054 [pool-108-thread-1] INFO  server.RaftServerConfigKeys (ConfUtils.java:logGet(44)) - raft.server.sleep.deviation.threshold = 300 (default)
2020-06-27 08:27:51,054 [pool-108-thread-1] INFO  server.RaftServerConfigKeys (ConfUtils.java:logGet(44)) - raft.server.log.appender.install.snapshot.enabled = false (custom)
2020-06-27 08:27:51,054 [pool-108-thread-1] INFO  impl.RaftServerImpl (ServerState.java:<init>(103)) - a99a18fa-a15b-4cd6-a5fd-78034dfd05b4@group-EDAE14BFB10F: ConfigurationManager, init=-1: [7f53e279-916a-4fed-90de-23e9c25f9e31:172.17.0.2:39157, 34efc206-1f67-4a18-aa05-bd0f2a1ef0e4:172.17.0.2:36253, a99a18fa-a15b-4cd6-a5fd-78034dfd05b4:172.17.0.2:33739], old=null, confs=<EMPTY_MAP>
2020-06-27 08:27:51,054 [pool-108-thread-1] INFO  server.RaftServerConfigKeys (ConfUtils.java:logGet(44)) - raft.server.storage.dir = [/github/workspace/mnt/ozone/hadoop-ozone/integration-test/target/test-dir/MiniOzoneClusterImpl-8eb50a3f-c1ff-437a-8e18-e0505f09b26f/datanode-5/data/ratis] (custom)
2020-06-27 08:27:51,055 [pool-108-thread-1] INFO  server.RaftServerConfigKeys (ConfUtils.java:logGet(44)) - raft.server.log.corruption.policy = EXCEPTION (default)
2020-06-27 08:27:51,055 [pool-108-thread-1] INFO  storage.RaftStorageDirectory (RaftStorageDirectory.java:analyzeStorage(261)) - The storage directory /github/workspace/mnt/ozone/hadoop-ozone/integration-test/target/test-dir/MiniOzoneClusterImpl-8eb50a3f-c1ff-437a-8e18-e0505f09b26f/datanode-5/data/ratis/9a651e83-1ed9-467f-9369-edae14bfb10f does not exist. Creating ...
2020-06-27 08:27:51,060 [pool-123-thread-1] INFO  server.RaftServerConfigKeys (ConfUtils.java:logGet(44)) - raft.server.rpc.timeout.min = 5s (custom)
2020-06-27 08:27:51,060 [pool-123-thread-1] INFO  server.RaftServerConfigKeys (ConfUtils.java:logGet(44)) - raft.server.rpc.timeout.max = 5200ms (custom)
2020-06-27 08:27:51,060 [pool-123-thread-1] INFO  server.RaftServerConfigKeys (ConfUtils.java:logGet(44)) - raft.server.rpcslowness.timeout = 300s (custom)
2020-06-27 08:27:51,060 [pool-123-thread-1] INFO  server.RaftServerConfigKeys (ConfUtils.java:logGet(44)) - raft.server.sleep.deviation.threshold = 300 (default)
2020-06-27 08:27:51,060 [pool-123-thread-1] INFO  server.RaftServerConfigKeys (ConfUtils.java:logGet(44)) - raft.server.log.appender.install.snapshot.enabled = false (custom)
2020-06-27 08:27:51,060 [pool-123-thread-1] INFO  impl.RaftServerImpl (ServerState.java:<init>(103)) - b9f13683-3178-4f3b-aaab-40506ece2b5f@group-8F61066D079E: ConfigurationManager, init=-1: [b9f13683-3178-4f3b-aaab-40506ece2b5f:172.17.0.2:45173], old=null, confs=<EMPTY_MAP>
2020-06-27 08:27:51,060 [pool-123-thread-1] INFO  server.RaftServerConfigKeys (ConfUtils.java:logGet(44)) - raft.server.storage.dir = [/github/workspace/mnt/ozone/hadoop-ozone/integration-test/target/test-dir/MiniOzoneClusterImpl-8eb50a3f-c1ff-437a-8e18-e0505f09b26f/datanode-6/data/ratis] (custom)
2020-06-27 08:27:51,061 [pool-123-thread-1] INFO  server.RaftServerConfigKeys (ConfUtils.java:logGet(44)) - raft.server.log.corruption.policy = EXCEPTION (default)
2020-06-27 08:27:51,061 [pool-123-thread-1] INFO  storage.RaftStorageDirectory (RaftStorageDirectory.java:analyzeStorage(261)) - The storage directory /github/workspace/mnt/ozone/hadoop-ozone/integration-test/target/test-dir/MiniOzoneClusterImpl-8eb50a3f-c1ff-437a-8e18-e0505f09b26f/datanode-6/data/ratis/b3332d01-4ea2-4ad5-8758-8f61066d079e does not exist. Creating ...
2020-06-27 08:27:51,061 [pool-108-thread-1] INFO  storage.RaftStorageDirectory (RaftStorageDirectory.java:tryLock(343)) - Lock on /github/workspace/mnt/ozone/hadoop-ozone/integration-test/target/test-dir/MiniOzoneClusterImpl-8eb50a3f-c1ff-437a-8e18-e0505f09b26f/datanode-5/data/ratis/9a651e83-1ed9-467f-9369-edae14bfb10f/in_use.lock acquired by nodename 20861@23863634748d
2020-06-27 08:27:51,064 [pool-123-thread-1] INFO  storage.RaftStorageDirectory (RaftStorageDirectory.java:tryLock(343)) - Lock on /github/workspace/mnt/ozone/hadoop-ozone/integration-test/target/test-dir/MiniOzoneClusterImpl-8eb50a3f-c1ff-437a-8e18-e0505f09b26f/datanode-6/data/ratis/b3332d01-4ea2-4ad5-8758-8f61066d079e/in_use.lock acquired by nodename 20861@23863634748d
2020-06-27 08:27:51,064 [pool-108-thread-1] INFO  storage.RaftStorage (RaftStorage.java:format(84)) - Storage directory /github/workspace/mnt/ozone/hadoop-ozone/integration-test/target/test-dir/MiniOzoneClusterImpl-8eb50a3f-c1ff-437a-8e18-e0505f09b26f/datanode-5/data/ratis/9a651e83-1ed9-467f-9369-edae14bfb10f has been successfully formatted.
2020-06-27 08:27:51,065 [pool-108-thread-1] INFO  ratis.ContainerStateMachine (ContainerStateMachine.java:loadSnapshot(226)) - group-EDAE14BFB10F: The snapshot info is null. Setting the last applied indexto:(t:0, i:~)
2020-06-27 08:27:51,065 [pool-108-thread-1] INFO  server.RaftServerConfigKeys (ConfUtils.java:logGet(44)) - raft.server.notification.no-leader.timeout = 60s (default)
2020-06-27 08:27:51,065 [pool-108-thread-1] INFO  server.RaftServerConfigKeys (ConfUtils.java:logGet(44)) - raft.server.log.use.memory = false (default)
2020-06-27 08:27:51,065 [pool-108-thread-1] INFO  server.RaftServerConfigKeys (ConfUtils.java:logGet(44)) - raft.server.log.purge.gap = 1000000 (custom)
2020-06-27 08:27:51,065 [EventQueue-PipelineReportForPipelineReportHandler] INFO  pipeline.PipelineStateManager (PipelineStateManager.java:openPipeline(131)) - Pipeline Pipeline[ Id: 7b34d530-10b7-4c87-8cc3-696dc5c5cf56, Nodes: a99a18fa-a15b-4cd6-a5fd-78034dfd05b4{ip: 172.17.0.2, host: 23863634748d, networkLocation: /default-rack, certSerialId: null}, Type:RATIS, Factor:ONE, State:ALLOCATED, leaderId:a99a18fa-a15b-4cd6-a5fd-78034dfd05b4, CreationTimestamp2020-06-27T08:27:47.903Z] moved to OPEN state
2020-06-27 08:27:51,066 [EventQueue-OpenPipelineForHealthyPipelineSafeModeRule] INFO  safemode.SCMSafeModeManager (HealthyPipelineSafeModeRule.java:process(132)) - SCM in safe mode. Healthy pipelines reported count is 0, required healthy pipeline reported count is 1
2020-06-27 08:27:51,066 [EventQueue-OpenPipelineForOneReplicaPipelineSafeModeRule] INFO  safemode.SCMSafeModeManager (SCMSafeModeManager.java:validateSafeModeExitRules(214)) - AtleastOneDatanodeReportedRule rule is successfully validated
2020-06-27 08:27:51,068 [pool-123-thread-1] INFO  storage.RaftStorage (RaftStorage.java:format(84)) - Storage directory /github/workspace/mnt/ozone/hadoop-ozone/integration-test/target/test-dir/MiniOzoneClusterImpl-8eb50a3f-c1ff-437a-8e18-e0505f09b26f/datanode-6/data/ratis/b3332d01-4ea2-4ad5-8758-8f61066d079e has been successfully formatted.
2020-06-27 08:27:51,065 [pool-108-thread-1] INFO  server.RaftServerConfigKeys (ConfUtils.java:logGet(44)) - raft.server.log.appender.buffer.byte-limit = 33554432 (custom)
2020-06-27 08:27:51,068 [pool-108-thread-1] INFO  server.RaftServerConfigKeys (ConfUtils.java:logGet(44)) - raft.server.log.segment.size.max = 1048576 (custom)
2020-06-27 08:27:51,068 [pool-108-thread-1] INFO  metrics.RatisMetrics (RatisMetrics.java:lambda$create$0(36)) - Creating Metrics Registry : ratis.log_worker.a99a18fa-a15b-4cd6-a5fd-78034dfd05b4@group-EDAE14BFB10F
2020-06-27 08:27:51,068 [pool-108-thread-1] INFO  server.RaftServerConfigKeys (ConfUtils.java:logGet(44)) - raft.server.log.segment.cache.num.max = 2 (custom)
2020-06-27 08:27:51,068 [pool-108-thread-1] INFO  segmented.SegmentedRaftLogWorker (SegmentedRaftLogWorker.java:<init>(180)) - new a99a18fa-a15b-4cd6-a5fd-78034dfd05b4@group-EDAE14BFB10F-SegmentedRaftLogWorker for RaftStorage:Storage Directory /github/workspace/mnt/ozone/hadoop-ozone/integration-test/target/test-dir/MiniOzoneClusterImpl-8eb50a3f-c1ff-437a-8e18-e0505f09b26f/datanode-5/data/ratis/9a651e83-1ed9-467f-9369-edae14bfb10f
2020-06-27 08:27:51,068 [pool-108-thread-1] INFO  server.RaftServerConfigKeys (ConfUtils.java:logGet(44)) - raft.server.log.queue.byte-limit = 2147483647 (custom)
2020-06-27 08:27:51,069 [pool-108-thread-1] INFO  server.RaftServerConfigKeys (ConfUtils.java:logGet(44)) - raft.server.log.queue.element-limit = 1024 (custom)
2020-06-27 08:27:51,069 [pool-108-thread-1] INFO  server.RaftServerConfigKeys (ConfUtils.java:logGet(44)) - raft.server.log.segment.size.max = 1048576 (custom)
2020-06-27 08:27:51,069 [pool-108-thread-1] INFO  server.RaftServerConfigKeys (ConfUtils.java:logGet(44)) - raft.server.log.preallocated.size = 16384 (custom)
2020-06-27 08:27:51,069 [pool-108-thread-1] INFO  server.RaftServerConfigKeys (ConfUtils.java:logGet(44)) - raft.server.log.write.buffer.size = 1048576 (custom)
2020-06-27 08:27:51,069 [pool-108-thread-1] INFO  server.RaftServerConfigKeys (ConfUtils.java:logGet(44)) - raft.server.log.force.sync.num = 128 (default)
2020-06-27 08:27:51,069 [pool-108-thread-1] INFO  server.RaftServerConfigKeys (ConfUtils.java:logGet(44)) - raft.server.log.statemachine.data.sync = true (default)
2020-06-27 08:27:51,069 [pool-108-thread-1] INFO  server.RaftServerConfigKeys (ConfUtils.java:logGet(44)) - raft.server.log.statemachine.data.sync.timeout = 10s (default)
2020-06-27 08:27:51,069 [pool-108-thread-1] INFO  server.RaftServerConfigKeys (ConfUtils.java:logGet(44)) - raft.server.log.statemachine.data.sync.timeout.retry = -1 (default)
2020-06-27 08:27:51,070 [pool-108-thread-1] INFO  server.RaftServerConfigKeys (ConfUtils.java:logGet(44)) - raft.server.log.statemachine.data.caching.enabled = true (custom)
2020-06-27 08:27:51,071 [pool-108-thread-1] INFO  segmented.SegmentedRaftLogWorker (SegmentedRaftLogWorker.java:lambda$new$0(129)) - a99a18fa-a15b-4cd6-a5fd-78034dfd05b4@group-EDAE14BFB10F-SegmentedRaftLogWorker: flushIndex: setUnconditionally 0 -> -1
2020-06-27 08:27:51,071 [pool-108-thread-1] INFO  segmented.SegmentedRaftLogWorker (SegmentedRaftLogWorker.java:lambda$new$0(129)) - a99a18fa-a15b-4cd6-a5fd-78034dfd05b4@group-EDAE14BFB10F-SegmentedRaftLogWorker: safeCacheEvictIndex: setUnconditionally 0 -> -1
2020-06-27 08:27:51,072 [pool-108-thread-1] INFO  server.RaftServerConfigKeys (ConfUtils.java:logGet(44)) - raft.server.snapshot.auto.trigger.enabled = true (custom)
2020-06-27 08:27:51,072 [pool-108-thread-1] INFO  server.RaftServerConfigKeys (ConfUtils.java:logGet(44)) - raft.server.snapshot.auto.trigger.threshold = 10000 (custom)
2020-06-27 08:27:51,072 [pool-108-thread-1] INFO  server.RaftServerConfigKeys (ConfUtils.java:logGet(44)) - raft.server.snapshot.retention.file.num = 5 (custom)
2020-06-27 08:27:51,072 [pool-108-thread-1] INFO  server.RaftServerConfigKeys (ConfUtils.java:logGet(44)) - raft.server.log.purge.upto.snapshot.index = false (default)
2020-06-27 08:27:51,072 [pool-108-thread-1] INFO  server.RaftServerConfigKeys (ConfUtils.java:logGet(44)) - raft.server.retrycache.expirytime = 600000ms (custom)
2020-06-27 08:27:51,072 [pool-108-thread-1] INFO  metrics.RatisMetrics (RatisMetrics.java:lambda$create$0(36)) - Creating Metrics Registry : ratis.leader_election.a99a18fa-a15b-4cd6-a5fd-78034dfd05b4@group-EDAE14BFB10F
2020-06-27 08:27:51,073 [pool-108-thread-1] INFO  metrics.RatisMetrics (RatisMetrics.java:lambda$create$0(36)) - Creating Metrics Registry : ratis.server.a99a18fa-a15b-4cd6-a5fd-78034dfd05b4@group-EDAE14BFB10F
2020-06-27 08:27:51,073 [pool-108-thread-1] INFO  impl.RaftServerImpl (RaftServerImpl.java:start(186)) - a99a18fa-a15b-4cd6-a5fd-78034dfd05b4@group-EDAE14BFB10F: start as a follower, conf=-1: [7f53e279-916a-4fed-90de-23e9c25f9e31:172.17.0.2:39157, 34efc206-1f67-4a18-aa05-bd0f2a1ef0e4:172.17.0.2:36253, a99a18fa-a15b-4cd6-a5fd-78034dfd05b4:172.17.0.2:33739], old=null
2020-06-27 08:27:51,080 [pool-108-thread-1] INFO  impl.RaftServerImpl (RaftServerImpl.java:setRole(175)) - a99a18fa-a15b-4cd6-a5fd-78034dfd05b4@group-EDAE14BFB10F: changes role from      null to FOLLOWER at term 0 for startAsFollower
2020-06-27 08:27:51,080 [pool-108-thread-1] INFO  impl.RoleInfo (RoleInfo.java:updateAndGet(143)) - a99a18fa-a15b-4cd6-a5fd-78034dfd05b4: start FollowerState
2020-06-27 08:27:51,088 [pool-108-thread-1] INFO  util.JmxRegister (JmxRegister.java:tryRegister(44)) - Successfully registered JMX Bean with object name Ratis:service=RaftServer,group=group-EDAE14BFB10F,id=a99a18fa-a15b-4cd6-a5fd-78034dfd05b4
2020-06-27 08:27:51,088 [pool-108-thread-1] INFO  metrics.RatisMetrics (RatisMetrics.java:lambda$create$0(36)) - Creating Metrics Registry : ratis.state_machine.a99a18fa-a15b-4cd6-a5fd-78034dfd05b4@group-EDAE14BFB10F
2020-06-27 08:27:51,100 [pool-123-thread-1] INFO  ratis.ContainerStateMachine (ContainerStateMachine.java:loadSnapshot(226)) - group-8F61066D079E: The snapshot info is null. Setting the last applied indexto:(t:0, i:~)
2020-06-27 08:27:51,100 [pool-123-thread-1] INFO  server.RaftServerConfigKeys (ConfUtils.java:logGet(44)) - raft.server.notification.no-leader.timeout = 60s (default)
2020-06-27 08:27:51,100 [pool-123-thread-1] INFO  server.RaftServerConfigKeys (ConfUtils.java:logGet(44)) - raft.server.log.use.memory = false (default)
2020-06-27 08:27:51,101 [pool-123-thread-1] INFO  server.RaftServerConfigKeys (ConfUtils.java:logGet(44)) - raft.server.log.purge.gap = 1000000 (custom)
2020-06-27 08:27:51,101 [pool-123-thread-1] INFO  server.RaftServerConfigKeys (ConfUtils.java:logGet(44)) - raft.server.log.appender.buffer.byte-limit = 33554432 (custom)
2020-06-27 08:27:51,101 [pool-123-thread-1] INFO  server.RaftServerConfigKeys (ConfUtils.java:logGet(44)) - raft.server.log.segment.size.max = 1048576 (custom)
2020-06-27 08:27:51,101 [pool-123-thread-1] INFO  metrics.RatisMetrics (RatisMetrics.java:lambda$create$0(36)) - Creating Metrics Registry : ratis.log_worker.b9f13683-3178-4f3b-aaab-40506ece2b5f@group-8F61066D079E
2020-06-27 08:27:51,101 [pool-123-thread-1] INFO  server.RaftServerConfigKeys (ConfUtils.java:logGet(44)) - raft.server.log.segment.cache.num.max = 2 (custom)
2020-06-27 08:27:51,101 [pool-123-thread-1] INFO  segmented.SegmentedRaftLogWorker (SegmentedRaftLogWorker.java:<init>(180)) - new b9f13683-3178-4f3b-aaab-40506ece2b5f@group-8F61066D079E-SegmentedRaftLogWorker for RaftStorage:Storage Directory /github/workspace/mnt/ozone/hadoop-ozone/integration-test/target/test-dir/MiniOzoneClusterImpl-8eb50a3f-c1ff-437a-8e18-e0505f09b26f/datanode-6/data/ratis/b3332d01-4ea2-4ad5-8758-8f61066d079e
2020-06-27 08:27:51,101 [pool-123-thread-1] INFO  server.RaftServerConfigKeys (ConfUtils.java:logGet(44)) - raft.server.log.queue.byte-limit = 2147483647 (custom)
2020-06-27 08:27:51,101 [pool-123-thread-1] INFO  server.RaftServerConfigKeys (ConfUtils.java:logGet(44)) - raft.server.log.queue.element-limit = 1024 (custom)
2020-06-27 08:27:51,101 [pool-123-thread-1] INFO  server.RaftServerConfigKeys (ConfUtils.java:logGet(44)) - raft.server.log.segment.size.max = 1048576 (custom)
2020-06-27 08:27:51,101 [pool-123-thread-1] INFO  server.RaftServerConfigKeys (ConfUtils.java:logGet(44)) - raft.server.log.preallocated.size = 16384 (custom)
2020-06-27 08:27:51,101 [pool-123-thread-1] INFO  server.RaftServerConfigKeys (ConfUtils.java:logGet(44)) - raft.server.log.write.buffer.size = 1048576 (custom)
2020-06-27 08:27:51,101 [pool-123-thread-1] INFO  server.RaftServerConfigKeys (ConfUtils.java:logGet(44)) - raft.server.log.force.sync.num = 128 (default)
2020-06-27 08:27:51,101 [pool-123-thread-1] INFO  server.RaftServerConfigKeys (ConfUtils.java:logGet(44)) - raft.server.log.statemachine.data.sync = true (default)
2020-06-27 08:27:51,101 [pool-123-thread-1] INFO  server.RaftServerConfigKeys (ConfUtils.java:logGet(44)) - raft.server.log.statemachine.data.sync.timeout = 10s (default)
2020-06-27 08:27:51,101 [pool-123-thread-1] INFO  server.RaftServerConfigKeys (ConfUtils.java:logGet(44)) - raft.server.log.statemachine.data.sync.timeout.retry = -1 (default)
2020-06-27 08:27:51,103 [pool-123-thread-1] INFO  server.RaftServerConfigKeys (ConfUtils.java:logGet(44)) - raft.server.log.statemachine.data.caching.enabled = true (custom)
2020-06-27 08:27:51,103 [pool-123-thread-1] INFO  segmented.SegmentedRaftLogWorker (SegmentedRaftLogWorker.java:lambda$new$0(129)) - b9f13683-3178-4f3b-aaab-40506ece2b5f@group-8F61066D079E-SegmentedRaftLogWorker: flushIndex: setUnconditionally 0 -> -1
2020-06-27 08:27:51,103 [pool-123-thread-1] INFO  segmented.SegmentedRaftLogWorker (SegmentedRaftLogWorker.java:lambda$new$0(129)) - b9f13683-3178-4f3b-aaab-40506ece2b5f@group-8F61066D079E-SegmentedRaftLogWorker: safeCacheEvictIndex: setUnconditionally 0 -> -1
2020-06-27 08:27:51,105 [pool-123-thread-1] INFO  server.RaftServerConfigKeys (ConfUtils.java:logGet(44)) - raft.server.snapshot.auto.trigger.enabled = true (custom)
2020-06-27 08:27:51,105 [pool-123-thread-1] INFO  server.RaftServerConfigKeys (ConfUtils.java:logGet(44)) - raft.server.snapshot.auto.trigger.threshold = 10000 (custom)
2020-06-27 08:27:51,105 [pool-123-thread-1] INFO  server.RaftServerConfigKeys (ConfUtils.java:logGet(44)) - raft.server.snapshot.retention.file.num = 5 (custom)
2020-06-27 08:27:51,105 [pool-123-thread-1] INFO  server.RaftServerConfigKeys (ConfUtils.java:logGet(44)) - raft.server.log.purge.upto.snapshot.index = false (default)
2020-06-27 08:27:51,106 [pool-123-thread-1] INFO  server.RaftServerConfigKeys (ConfUtils.java:logGet(44)) - raft.server.retrycache.expirytime = 600000ms (custom)
2020-06-27 08:27:51,106 [pool-123-thread-1] INFO  metrics.RatisMetrics (RatisMetrics.java:lambda$create$0(36)) - Creating Metrics Registry : ratis.leader_election.b9f13683-3178-4f3b-aaab-40506ece2b5f@group-8F61066D079E
2020-06-27 08:27:51,106 [pool-123-thread-1] INFO  metrics.RatisMetrics (RatisMetrics.java:lambda$create$0(36)) - Creating Metrics Registry : ratis.server.b9f13683-3178-4f3b-aaab-40506ece2b5f@group-8F61066D079E
2020-06-27 08:27:51,107 [pool-123-thread-1] INFO  impl.RaftServerImpl (RaftServerImpl.java:start(186)) - b9f13683-3178-4f3b-aaab-40506ece2b5f@group-8F61066D079E: start as a follower, conf=-1: [b9f13683-3178-4f3b-aaab-40506ece2b5f:172.17.0.2:45173], old=null
2020-06-27 08:27:51,107 [pool-123-thread-1] INFO  impl.RaftServerImpl (RaftServerImpl.java:setRole(175)) - b9f13683-3178-4f3b-aaab-40506ece2b5f@group-8F61066D079E: changes role from      null to FOLLOWER at term 0 for startAsFollower
2020-06-27 08:27:51,107 [pool-123-thread-1] INFO  impl.RoleInfo (RoleInfo.java:updateAndGet(143)) - b9f13683-3178-4f3b-aaab-40506ece2b5f: start FollowerState
2020-06-27 08:27:51,108 [pool-123-thread-1] INFO  util.JmxRegister (JmxRegister.java:tryRegister(44)) - Successfully registered JMX Bean with object name Ratis:service=RaftServer,group=group-8F61066D079E,id=b9f13683-3178-4f3b-aaab-40506ece2b5f
2020-06-27 08:27:51,109 [pool-123-thread-1] INFO  metrics.RatisMetrics (RatisMetrics.java:lambda$create$0(36)) - Creating Metrics Registry : ratis.state_machine.b9f13683-3178-4f3b-aaab-40506ece2b5f@group-8F61066D079E
2020-06-27 08:27:51,110 [Command processor thread] INFO  commandhandler.CreatePipelineCommandHandler (CreatePipelineCommandHandler.java:handle(109)) - Created Pipeline RATIS ONE #id: "b3332d01-4ea2-4ad5-8758-8f61066d079e"
.
2020-06-27 08:27:51,129 [EventQueue-PipelineReportForPipelineReportHandler] INFO  pipeline.PipelineStateManager (PipelineStateManager.java:openPipeline(131)) - Pipeline Pipeline[ Id: b3332d01-4ea2-4ad5-8758-8f61066d079e, Nodes: b9f13683-3178-4f3b-aaab-40506ece2b5f{ip: 172.17.0.2, host: 23863634748d, networkLocation: /default-rack, certSerialId: null}, Type:RATIS, Factor:ONE, State:ALLOCATED, leaderId:b9f13683-3178-4f3b-aaab-40506ece2b5f, CreationTimestamp2020-06-27T08:27:47.970Z] moved to OPEN state
2020-06-27 08:27:51,129 [EventQueue-OpenPipelineForHealthyPipelineSafeModeRule] INFO  safemode.SCMSafeModeManager (HealthyPipelineSafeModeRule.java:process(132)) - SCM in safe mode. Healthy pipelines reported count is 0, required healthy pipeline reported count is 1
2020-06-27 08:27:51,129 [EventQueue-OpenPipelineForOneReplicaPipelineSafeModeRule] INFO  safemode.SCMSafeModeManager (SCMSafeModeManager.java:validateSafeModeExitRules(214)) - AtleastOneDatanodeReportedRule rule is successfully validated
2020-06-27 08:27:51,619 [Command processor thread] INFO  commandhandler.CreatePipelineCommandHandler (CreatePipelineCommandHandler.java:handle(109)) - Created Pipeline RATIS THREE #id: "9a651e83-1ed9-467f-9369-edae14bfb10f"
.
2020-06-27 08:27:51,619 [Command processor thread] INFO  impl.RaftServerProxy (RaftServerProxy.java:addNew(89)) - a99a18fa-a15b-4cd6-a5fd-78034dfd05b4: addNew group-11D1A0DB352F:[7f53e279-916a-4fed-90de-23e9c25f9e31:172.17.0.2:39157, 34efc206-1f67-4a18-aa05-bd0f2a1ef0e4:172.17.0.2:36253, a99a18fa-a15b-4cd6-a5fd-78034dfd05b4:172.17.0.2:33739] returns group-11D1A0DB352F:java.util.concurrent.CompletableFuture@6292d595[Not completed]
2020-06-27 08:27:51,622 [pool-108-thread-1] INFO  impl.RaftServerImpl (RaftServerImpl.java:<init>(99)) - a99a18fa-a15b-4cd6-a5fd-78034dfd05b4: new RaftServerImpl for group-11D1A0DB352F:[7f53e279-916a-4fed-90de-23e9c25f9e31:172.17.0.2:39157, 34efc206-1f67-4a18-aa05-bd0f2a1ef0e4:172.17.0.2:36253, a99a18fa-a15b-4cd6-a5fd-78034dfd05b4:172.17.0.2:33739] with ContainerStateMachine:uninitialized
2020-06-27 08:27:51,622 [pool-108-thread-1] INFO  server.RaftServerConfigKeys (ConfUtils.java:logGet(44)) - raft.server.rpc.timeout.min = 5s (custom)
2020-06-27 08:27:51,623 [pool-108-thread-1] INFO  server.RaftServerConfigKeys (ConfUtils.java:logGet(44)) - raft.server.rpc.timeout.max = 5200ms (custom)
2020-06-27 08:27:51,623 [pool-108-thread-1] INFO  server.RaftServerConfigKeys (ConfUtils.java:logGet(44)) - raft.server.rpcslowness.timeout = 300s (custom)
2020-06-27 08:27:51,623 [pool-108-thread-1] INFO  server.RaftServerConfigKeys (ConfUtils.java:logGet(44)) - raft.server.sleep.deviation.threshold = 300 (default)
2020-06-27 08:27:51,623 [pool-108-thread-1] INFO  server.RaftServerConfigKeys (ConfUtils.java:logGet(44)) - raft.server.log.appender.install.snapshot.enabled = false (custom)
2020-06-27 08:27:51,623 [pool-108-thread-1] INFO  impl.RaftServerImpl (ServerState.java:<init>(103)) - a99a18fa-a15b-4cd6-a5fd-78034dfd05b4@group-11D1A0DB352F: ConfigurationManager, init=-1: [7f53e279-916a-4fed-90de-23e9c25f9e31:172.17.0.2:39157, 34efc206-1f67-4a18-aa05-bd0f2a1ef0e4:172.17.0.2:36253, a99a18fa-a15b-4cd6-a5fd-78034dfd05b4:172.17.0.2:33739], old=null, confs=<EMPTY_MAP>
2020-06-27 08:27:51,623 [pool-108-thread-1] INFO  server.RaftServerConfigKeys (ConfUtils.java:logGet(44)) - raft.server.storage.dir = [/github/workspace/mnt/ozone/hadoop-ozone/integration-test/target/test-dir/MiniOzoneClusterImpl-8eb50a3f-c1ff-437a-8e18-e0505f09b26f/datanode-5/data/ratis] (custom)
2020-06-27 08:27:51,623 [pool-108-thread-1] INFO  server.RaftServerConfigKeys (ConfUtils.java:logGet(44)) - raft.server.log.corruption.policy = EXCEPTION (default)
2020-06-27 08:27:51,623 [pool-108-thread-1] INFO  storage.RaftStorageDirectory (RaftStorageDirectory.java:analyzeStorage(261)) - The storage directory /github/workspace/mnt/ozone/hadoop-ozone/integration-test/target/test-dir/MiniOzoneClusterImpl-8eb50a3f-c1ff-437a-8e18-e0505f09b26f/datanode-5/data/ratis/d5ffc3a5-e291-47c0-a340-11d1a0db352f does not exist. Creating ...
2020-06-27 08:27:51,624 [Command processor thread] INFO  commandhandler.CreatePipelineCommandHandler (CreatePipelineCommandHandler.java:handle(109)) - Created Pipeline RATIS THREE #id: "9a651e83-1ed9-467f-9369-edae14bfb10f"
.
2020-06-27 08:27:51,625 [Command processor thread] INFO  impl.RaftServerProxy (RaftServerProxy.java:addNew(89)) - 34efc206-1f67-4a18-aa05-bd0f2a1ef0e4: addNew group-11D1A0DB352F:[7f53e279-916a-4fed-90de-23e9c25f9e31:172.17.0.2:39157, 34efc206-1f67-4a18-aa05-bd0f2a1ef0e4:172.17.0.2:36253, a99a18fa-a15b-4cd6-a5fd-78034dfd05b4:172.17.0.2:33739] returns group-11D1A0DB352F:java.util.concurrent.CompletableFuture@47898a6[Not completed]
2020-06-27 08:27:51,625 [pool-108-thread-1] INFO  storage.RaftStorageDirectory (RaftStorageDirectory.java:tryLock(343)) - Lock on /github/workspace/mnt/ozone/hadoop-ozone/integration-test/target/test-dir/MiniOzoneClusterImpl-8eb50a3f-c1ff-437a-8e18-e0505f09b26f/datanode-5/data/ratis/d5ffc3a5-e291-47c0-a340-11d1a0db352f/in_use.lock acquired by nodename 20861@23863634748d
2020-06-27 08:27:51,626 [pool-78-thread-1] INFO  impl.RaftServerImpl (RaftServerImpl.java:<init>(99)) - 34efc206-1f67-4a18-aa05-bd0f2a1ef0e4: new RaftServerImpl for group-11D1A0DB352F:[7f53e279-916a-4fed-90de-23e9c25f9e31:172.17.0.2:39157, 34efc206-1f67-4a18-aa05-bd0f2a1ef0e4:172.17.0.2:36253, a99a18fa-a15b-4cd6-a5fd-78034dfd05b4:172.17.0.2:33739] with ContainerStateMachine:uninitialized
2020-06-27 08:27:51,626 [pool-78-thread-1] INFO  server.RaftServerConfigKeys (ConfUtils.java:logGet(44)) - raft.server.rpc.timeout.min = 5s (custom)
2020-06-27 08:27:51,626 [pool-78-thread-1] INFO  server.RaftServerConfigKeys (ConfUtils.java:logGet(44)) - raft.server.rpc.timeout.max = 5200ms (custom)
2020-06-27 08:27:51,626 [pool-78-thread-1] INFO  server.RaftServerConfigKeys (ConfUtils.java:logGet(44)) - raft.server.rpcslowness.timeout = 300s (custom)
2020-06-27 08:27:51,626 [pool-78-thread-1] INFO  server.RaftServerConfigKeys (ConfUtils.java:logGet(44)) - raft.server.sleep.deviation.threshold = 300 (default)
2020-06-27 08:27:51,626 [pool-78-thread-1] INFO  server.RaftServerConfigKeys (ConfUtils.java:logGet(44)) - raft.server.log.appender.install.snapshot.enabled = false (custom)
2020-06-27 08:27:51,626 [pool-78-thread-1] INFO  impl.RaftServerImpl (ServerState.java:<init>(103)) - 34efc206-1f67-4a18-aa05-bd0f2a1ef0e4@group-11D1A0DB352F: ConfigurationManager, init=-1: [7f53e279-916a-4fed-90de-23e9c25f9e31:172.17.0.2:39157, 34efc206-1f67-4a18-aa05-bd0f2a1ef0e4:172.17.0.2:36253, a99a18fa-a15b-4cd6-a5fd-78034dfd05b4:172.17.0.2:33739], old=null, confs=<EMPTY_MAP>
2020-06-27 08:27:51,626 [pool-78-thread-1] INFO  server.RaftServerConfigKeys (ConfUtils.java:logGet(44)) - raft.server.storage.dir = [/github/workspace/mnt/ozone/hadoop-ozone/integration-test/target/test-dir/MiniOzoneClusterImpl-8eb50a3f-c1ff-437a-8e18-e0505f09b26f/datanode-3/data/ratis] (custom)
2020-06-27 08:27:51,626 [pool-78-thread-1] INFO  server.RaftServerConfigKeys (ConfUtils.java:logGet(44)) - raft.server.log.corruption.policy = EXCEPTION (default)
2020-06-27 08:27:51,627 [Command processor thread] INFO  commandhandler.CreatePipelineCommandHandler (CreatePipelineCommandHandler.java:handle(109)) - Created Pipeline RATIS THREE #id: "19f6dbb0-0442-4a6e-86d0-de40dcd8ee57"
.
2020-06-27 08:27:51,627 [Command processor thread] INFO  impl.RaftServerProxy (RaftServerProxy.java:addNew(89)) - 21e928e7-b178-40d2-b19b-ea853389ee6e: addNew group-4F5E8EC33368:[7ac2bac4-ea14-4a92-ad00-7ecf8c69770d:172.17.0.2:39381, 21e928e7-b178-40d2-b19b-ea853389ee6e:172.17.0.2:38179, addd0e4b-8b83-4fcf-9561-846eae7ff551:172.17.0.2:35621] returns group-4F5E8EC33368:java.util.concurrent.CompletableFuture@52195ed8[Not completed]
2020-06-27 08:27:51,628 [pool-78-thread-1] INFO  storage.RaftStorageDirectory (RaftStorageDirectory.java:analyzeStorage(261)) - The storage directory /github/workspace/mnt/ozone/hadoop-ozone/integration-test/target/test-dir/MiniOzoneClusterImpl-8eb50a3f-c1ff-437a-8e18-e0505f09b26f/datanode-3/data/ratis/d5ffc3a5-e291-47c0-a340-11d1a0db352f does not exist. Creating ...
2020-06-27 08:27:51,628 [pool-63-thread-1] INFO  impl.RaftServerImpl (RaftServerImpl.java:<init>(99)) - 21e928e7-b178-40d2-b19b-ea853389ee6e: new RaftServerImpl for group-4F5E8EC33368:[7ac2bac4-ea14-4a92-ad00-7ecf8c69770d:172.17.0.2:39381, 21e928e7-b178-40d2-b19b-ea853389ee6e:172.17.0.2:38179, addd0e4b-8b83-4fcf-9561-846eae7ff551:172.17.0.2:35621] with ContainerStateMachine:uninitialized
2020-06-27 08:27:51,628 [pool-63-thread-1] INFO  server.RaftServerConfigKeys (ConfUtils.java:logGet(44)) - raft.server.rpc.timeout.min = 5s (custom)
2020-06-27 08:27:51,628 [pool-63-thread-1] INFO  server.RaftServerConfigKeys (ConfUtils.java:logGet(44)) - raft.server.rpc.timeout.max = 5200ms (custom)
2020-06-27 08:27:51,628 [pool-63-thread-1] INFO  server.RaftServerConfigKeys (ConfUtils.java:logGet(44)) - raft.server.rpcslowness.timeout = 300s (custom)
2020-06-27 08:27:51,628 [pool-63-thread-1] INFO  server.RaftServerConfigKeys (ConfUtils.java:logGet(44)) - raft.server.sleep.deviation.threshold = 300 (default)
2020-06-27 08:27:51,629 [pool-63-thread-1] INFO  server.RaftServerConfigKeys (ConfUtils.java:logGet(44)) - raft.server.log.appender.install.snapshot.enabled = false (custom)
2020-06-27 08:27:51,629 [pool-63-thread-1] INFO  impl.RaftServerImpl (ServerState.java:<init>(103)) - 21e928e7-b178-40d2-b19b-ea853389ee6e@group-4F5E8EC33368: ConfigurationManager, init=-1: [7ac2bac4-ea14-4a92-ad00-7ecf8c69770d:172.17.0.2:39381, 21e928e7-b178-40d2-b19b-ea853389ee6e:172.17.0.2:38179, addd0e4b-8b83-4fcf-9561-846eae7ff551:172.17.0.2:35621], old=null, confs=<EMPTY_MAP>
2020-06-27 08:27:51,629 [pool-63-thread-1] INFO  server.RaftServerConfigKeys (ConfUtils.java:logGet(44)) - raft.server.storage.dir = [/github/workspace/mnt/ozone/hadoop-ozone/integration-test/target/test-dir/MiniOzoneClusterImpl-8eb50a3f-c1ff-437a-8e18-e0505f09b26f/datanode-2/data/ratis] (custom)
2020-06-27 08:27:51,629 [pool-78-thread-1] INFO  storage.RaftStorageDirectory (RaftStorageDirectory.java:tryLock(343)) - Lock on /github/workspace/mnt/ozone/hadoop-ozone/integration-test/target/test-dir/MiniOzoneClusterImpl-8eb50a3f-c1ff-437a-8e18-e0505f09b26f/datanode-3/data/ratis/d5ffc3a5-e291-47c0-a340-11d1a0db352f/in_use.lock acquired by nodename 20861@23863634748d
2020-06-27 08:27:51,629 [pool-63-thread-1] INFO  server.RaftServerConfigKeys (ConfUtils.java:logGet(44)) - raft.server.log.corruption.policy = EXCEPTION (default)
2020-06-27 08:27:51,629 [pool-63-thread-1] INFO  storage.RaftStorageDirectory (RaftStorageDirectory.java:analyzeStorage(261)) - The storage directory /github/workspace/mnt/ozone/hadoop-ozone/integration-test/target/test-dir/MiniOzoneClusterImpl-8eb50a3f-c1ff-437a-8e18-e0505f09b26f/datanode-2/data/ratis/92f35736-c11e-4ed1-be08-4f5e8ec33368 does not exist. Creating ...
2020-06-27 08:27:51,630 [pool-78-thread-1] INFO  storage.RaftStorage (RaftStorage.java:format(84)) - Storage directory /github/workspace/mnt/ozone/hadoop-ozone/integration-test/target/test-dir/MiniOzoneClusterImpl-8eb50a3f-c1ff-437a-8e18-e0505f09b26f/datanode-3/data/ratis/d5ffc3a5-e291-47c0-a340-11d1a0db352f has been successfully formatted.
2020-06-27 08:27:51,630 [pool-78-thread-1] INFO  ratis.ContainerStateMachine (ContainerStateMachine.java:loadSnapshot(226)) - group-11D1A0DB352F: The snapshot info is null. Setting the last applied indexto:(t:0, i:~)
2020-06-27 08:27:51,630 [pool-78-thread-1] INFO  server.RaftServerConfigKeys (ConfUtils.java:logGet(44)) - raft.server.notification.no-leader.timeout = 60s (default)
2020-06-27 08:27:51,630 [pool-78-thread-1] INFO  server.RaftServerConfigKeys (ConfUtils.java:logGet(44)) - raft.server.log.use.memory = false (default)
2020-06-27 08:27:51,630 [pool-78-thread-1] INFO  server.RaftServerConfigKeys (ConfUtils.java:logGet(44)) - raft.server.log.purge.gap = 1000000 (custom)
2020-06-27 08:27:51,630 [pool-78-thread-1] INFO  server.RaftServerConfigKeys (ConfUtils.java:logGet(44)) - raft.server.log.appender.buffer.byte-limit = 33554432 (custom)
2020-06-27 08:27:51,630 [pool-78-thread-1] INFO  server.RaftServerConfigKeys (ConfUtils.java:logGet(44)) - raft.server.log.segment.size.max = 1048576 (custom)
2020-06-27 08:27:51,630 [pool-78-thread-1] INFO  metrics.RatisMetrics (RatisMetrics.java:lambda$create$0(36)) - Creating Metrics Registry : ratis.log_worker.34efc206-1f67-4a18-aa05-bd0f2a1ef0e4@group-11D1A0DB352F
2020-06-27 08:27:51,631 [pool-78-thread-1] INFO  server.RaftServerConfigKeys (ConfUtils.java:logGet(44)) - raft.server.log.segment.cache.num.max = 2 (custom)
2020-06-27 08:27:51,631 [pool-78-thread-1] INFO  segmented.SegmentedRaftLogWorker (SegmentedRaftLogWorker.java:<init>(180)) - new 34efc206-1f67-4a18-aa05-bd0f2a1ef0e4@group-11D1A0DB352F-SegmentedRaftLogWorker for RaftStorage:Storage Directory /github/workspace/mnt/ozone/hadoop-ozone/integration-test/target/test-dir/MiniOzoneClusterImpl-8eb50a3f-c1ff-437a-8e18-e0505f09b26f/datanode-3/data/ratis/d5ffc3a5-e291-47c0-a340-11d1a0db352f
2020-06-27 08:27:51,631 [pool-78-thread-1] INFO  server.RaftServerConfigKeys (ConfUtils.java:logGet(44)) - raft.server.log.queue.byte-limit = 2147483647 (custom)
2020-06-27 08:27:51,631 [pool-78-thread-1] INFO  server.RaftServerConfigKeys (ConfUtils.java:logGet(44)) - raft.server.log.queue.element-limit = 1024 (custom)
2020-06-27 08:27:51,631 [pool-78-thread-1] INFO  server.RaftServerConfigKeys (ConfUtils.java:logGet(44)) - raft.server.log.segment.size.max = 1048576 (custom)
2020-06-27 08:27:51,631 [pool-78-thread-1] INFO  server.RaftServerConfigKeys (ConfUtils.java:logGet(44)) - raft.server.log.preallocated.size = 16384 (custom)
2020-06-27 08:27:51,631 [pool-78-thread-1] INFO  server.RaftServerConfigKeys (ConfUtils.java:logGet(44)) - raft.server.log.write.buffer.size = 1048576 (custom)
2020-06-27 08:27:51,631 [pool-78-thread-1] INFO  server.RaftServerConfigKeys (ConfUtils.java:logGet(44)) - raft.server.log.force.sync.num = 128 (default)
2020-06-27 08:27:51,631 [pool-78-thread-1] INFO  server.RaftServerConfigKeys (ConfUtils.java:logGet(44)) - raft.server.log.statemachine.data.sync = true (default)
2020-06-27 08:27:51,632 [pool-78-thread-1] INFO  server.RaftServerConfigKeys (ConfUtils.java:logGet(44)) - raft.server.log.statemachine.data.sync.timeout = 10s (default)
2020-06-27 08:27:51,632 [pool-78-thread-1] INFO  server.RaftServerConfigKeys (ConfUtils.java:logGet(44)) - raft.server.log.statemachine.data.sync.timeout.retry = -1 (default)
2020-06-27 08:27:51,633 [pool-78-thread-1] INFO  server.RaftServerConfigKeys (ConfUtils.java:logGet(44)) - raft.server.log.statemachine.data.caching.enabled = true (custom)
2020-06-27 08:27:51,637 [pool-108-thread-1] INFO  storage.RaftStorage (RaftStorage.java:format(84)) - Storage directory /github/workspace/mnt/ozone/hadoop-ozone/integration-test/target/test-dir/MiniOzoneClusterImpl-8eb50a3f-c1ff-437a-8e18-e0505f09b26f/datanode-5/data/ratis/d5ffc3a5-e291-47c0-a340-11d1a0db352f has been successfully formatted.
2020-06-27 08:27:51,637 [Command processor thread] INFO  commandhandler.CreatePipelineCommandHandler (CreatePipelineCommandHandler.java:handle(109)) - Created Pipeline RATIS THREE #id: "9a651e83-1ed9-467f-9369-edae14bfb10f"
.
2020-06-27 08:27:51,637 [pool-108-thread-1] INFO  ratis.ContainerStateMachine (ContainerStateMachine.java:loadSnapshot(226)) - group-11D1A0DB352F: The snapshot info is null. Setting the last applied indexto:(t:0, i:~)
2020-06-27 08:27:51,640 [pool-108-thread-1] INFO  server.RaftServerConfigKeys (ConfUtils.java:logGet(44)) - raft.server.notification.no-leader.timeout = 60s (default)
2020-06-27 08:27:51,640 [pool-108-thread-1] INFO  server.RaftServerConfigKeys (ConfUtils.java:logGet(44)) - raft.server.log.use.memory = false (default)
2020-06-27 08:27:51,640 [pool-108-thread-1] INFO  server.RaftServerConfigKeys (ConfUtils.java:logGet(44)) - raft.server.log.purge.gap = 1000000 (custom)
2020-06-27 08:27:51,640 [pool-108-thread-1] INFO  server.RaftServerConfigKeys (ConfUtils.java:logGet(44)) - raft.server.log.appender.buffer.byte-limit = 33554432 (custom)
2020-06-27 08:27:51,640 [pool-108-thread-1] INFO  server.RaftServerConfigKeys (ConfUtils.java:logGet(44)) - raft.server.log.segment.size.max = 1048576 (custom)
2020-06-27 08:27:51,641 [pool-108-thread-1] INFO  metrics.RatisMetrics (RatisMetrics.java:lambda$create$0(36)) - Creating Metrics Registry : ratis.log_worker.a99a18fa-a15b-4cd6-a5fd-78034dfd05b4@group-11D1A0DB352F
2020-06-27 08:27:51,641 [pool-108-thread-1] INFO  server.RaftServerConfigKeys (ConfUtils.java:logGet(44)) - raft.server.log.segment.cache.num.max = 2 (custom)
2020-06-27 08:27:51,641 [pool-108-thread-1] INFO  segmented.SegmentedRaftLogWorker (SegmentedRaftLogWorker.java:<init>(180)) - new a99a18fa-a15b-4cd6-a5fd-78034dfd05b4@group-11D1A0DB352F-SegmentedRaftLogWorker for RaftStorage:Storage Directory /github/workspace/mnt/ozone/hadoop-ozone/integration-test/target/test-dir/MiniOzoneClusterImpl-8eb50a3f-c1ff-437a-8e18-e0505f09b26f/datanode-5/data/ratis/d5ffc3a5-e291-47c0-a340-11d1a0db352f
2020-06-27 08:27:51,641 [pool-108-thread-1] INFO  server.RaftServerConfigKeys (ConfUtils.java:logGet(44)) - raft.server.log.queue.byte-limit = 2147483647 (custom)
2020-06-27 08:27:51,641 [pool-108-thread-1] INFO  server.RaftServerConfigKeys (ConfUtils.java:logGet(44)) - raft.server.log.queue.element-limit = 1024 (custom)
2020-06-27 08:27:51,641 [pool-108-thread-1] INFO  server.RaftServerConfigKeys (ConfUtils.java:logGet(44)) - raft.server.log.segment.size.max = 1048576 (custom)
2020-06-27 08:27:51,641 [pool-108-thread-1] INFO  server.RaftServerConfigKeys (ConfUtils.java:logGet(44)) - raft.server.log.preallocated.size = 16384 (custom)
2020-06-27 08:27:51,641 [pool-108-thread-1] INFO  server.RaftServerConfigKeys (ConfUtils.java:logGet(44)) - raft.server.log.write.buffer.size = 1048576 (custom)
2020-06-27 08:27:51,641 [pool-108-thread-1] INFO  server.RaftServerConfigKeys (ConfUtils.java:logGet(44)) - raft.server.log.force.sync.num = 128 (default)
2020-06-27 08:27:51,641 [pool-108-thread-1] INFO  server.RaftServerConfigKeys (ConfUtils.java:logGet(44)) - raft.server.log.statemachine.data.sync = true (default)
2020-06-27 08:27:51,641 [pool-108-thread-1] INFO  server.RaftServerConfigKeys (ConfUtils.java:logGet(44)) - raft.server.log.statemachine.data.sync.timeout = 10s (default)
2020-06-27 08:27:51,641 [pool-108-thread-1] INFO  server.RaftServerConfigKeys (ConfUtils.java:logGet(44)) - raft.server.log.statemachine.data.sync.timeout.retry = -1 (default)
2020-06-27 08:27:51,643 [pool-108-thread-1] INFO  server.RaftServerConfigKeys (ConfUtils.java:logGet(44)) - raft.server.log.statemachine.data.caching.enabled = true (custom)
2020-06-27 08:27:51,643 [pool-108-thread-1] INFO  segmented.SegmentedRaftLogWorker (SegmentedRaftLogWorker.java:lambda$new$0(129)) - a99a18fa-a15b-4cd6-a5fd-78034dfd05b4@group-11D1A0DB352F-SegmentedRaftLogWorker: flushIndex: setUnconditionally 0 -> -1
2020-06-27 08:27:51,643 [pool-108-thread-1] INFO  segmented.SegmentedRaftLogWorker (SegmentedRaftLogWorker.java:lambda$new$0(129)) - a99a18fa-a15b-4cd6-a5fd-78034dfd05b4@group-11D1A0DB352F-SegmentedRaftLogWorker: safeCacheEvictIndex: setUnconditionally 0 -> -1
2020-06-27 08:27:51,639 [pool-93-thread-1] INFO  impl.RaftServerImpl (RaftServerImpl.java:<init>(99)) - 7f53e279-916a-4fed-90de-23e9c25f9e31: new RaftServerImpl for group-11D1A0DB352F:[7f53e279-916a-4fed-90de-23e9c25f9e31:172.17.0.2:39157, 34efc206-1f67-4a18-aa05-bd0f2a1ef0e4:172.17.0.2:36253, a99a18fa-a15b-4cd6-a5fd-78034dfd05b4:172.17.0.2:33739] with ContainerStateMachine:uninitialized
2020-06-27 08:27:51,638 [pool-63-thread-1] INFO  storage.RaftStorageDirectory (RaftStorageDirectory.java:tryLock(343)) - Lock on /github/workspace/mnt/ozone/hadoop-ozone/integration-test/target/test-dir/MiniOzoneClusterImpl-8eb50a3f-c1ff-437a-8e18-e0505f09b26f/datanode-2/data/ratis/92f35736-c11e-4ed1-be08-4f5e8ec33368/in_use.lock acquired by nodename 20861@23863634748d
2020-06-27 08:27:51,637 [Command processor thread] INFO  impl.RaftServerProxy (RaftServerProxy.java:addNew(89)) - 7f53e279-916a-4fed-90de-23e9c25f9e31: addNew group-11D1A0DB352F:[7f53e279-916a-4fed-90de-23e9c25f9e31:172.17.0.2:39157, 34efc206-1f67-4a18-aa05-bd0f2a1ef0e4:172.17.0.2:36253, a99a18fa-a15b-4cd6-a5fd-78034dfd05b4:172.17.0.2:33739] returns group-11D1A0DB352F:java.util.concurrent.CompletableFuture@74a852[Not completed]
2020-06-27 08:27:51,643 [pool-93-thread-1] INFO  server.RaftServerConfigKeys (ConfUtils.java:logGet(44)) - raft.server.rpc.timeout.min = 5s (custom)
2020-06-27 08:27:51,643 [pool-93-thread-1] INFO  server.RaftServerConfigKeys (ConfUtils.java:logGet(44)) - raft.server.rpc.timeout.max = 5200ms (custom)
2020-06-27 08:27:51,643 [pool-93-thread-1] INFO  server.RaftServerConfigKeys (ConfUtils.java:logGet(44)) - raft.server.rpcslowness.timeout = 300s (custom)
2020-06-27 08:27:51,643 [pool-93-thread-1] INFO  server.RaftServerConfigKeys (ConfUtils.java:logGet(44)) - raft.server.sleep.deviation.threshold = 300 (default)
2020-06-27 08:27:51,643 [pool-93-thread-1] INFO  server.RaftServerConfigKeys (ConfUtils.java:logGet(44)) - raft.server.log.appender.install.snapshot.enabled = false (custom)
2020-06-27 08:27:51,644 [pool-93-thread-1] INFO  impl.RaftServerImpl (ServerState.java:<init>(103)) - 7f53e279-916a-4fed-90de-23e9c25f9e31@group-11D1A0DB352F: ConfigurationManager, init=-1: [7f53e279-916a-4fed-90de-23e9c25f9e31:172.17.0.2:39157, 34efc206-1f67-4a18-aa05-bd0f2a1ef0e4:172.17.0.2:36253, a99a18fa-a15b-4cd6-a5fd-78034dfd05b4:172.17.0.2:33739], old=null, confs=<EMPTY_MAP>
2020-06-27 08:27:51,644 [pool-93-thread-1] INFO  server.RaftServerConfigKeys (ConfUtils.java:logGet(44)) - raft.server.storage.dir = [/github/workspace/mnt/ozone/hadoop-ozone/integration-test/target/test-dir/MiniOzoneClusterImpl-8eb50a3f-c1ff-437a-8e18-e0505f09b26f/datanode-4/data/ratis] (custom)
2020-06-27 08:27:51,644 [pool-93-thread-1] INFO  server.RaftServerConfigKeys (ConfUtils.java:logGet(44)) - raft.server.log.corruption.policy = EXCEPTION (default)
2020-06-27 08:27:51,644 [pool-93-thread-1] INFO  storage.RaftStorageDirectory (RaftStorageDirectory.java:analyzeStorage(261)) - The storage directory /github/workspace/mnt/ozone/hadoop-ozone/integration-test/target/test-dir/MiniOzoneClusterImpl-8eb50a3f-c1ff-437a-8e18-e0505f09b26f/datanode-4/data/ratis/d5ffc3a5-e291-47c0-a340-11d1a0db352f does not exist. Creating ...
2020-06-27 08:27:51,644 [pool-63-thread-1] INFO  storage.RaftStorage (RaftStorage.java:format(84)) - Storage directory /github/workspace/mnt/ozone/hadoop-ozone/integration-test/target/test-dir/MiniOzoneClusterImpl-8eb50a3f-c1ff-437a-8e18-e0505f09b26f/datanode-2/data/ratis/92f35736-c11e-4ed1-be08-4f5e8ec33368 has been successfully formatted.
2020-06-27 08:27:51,644 [pool-108-thread-1] INFO  server.RaftServerConfigKeys (ConfUtils.java:logGet(44)) - raft.server.snapshot.auto.trigger.enabled = true (custom)
2020-06-27 08:27:51,644 [pool-63-thread-1] INFO  ratis.ContainerStateMachine (ContainerStateMachine.java:loadSnapshot(226)) - group-4F5E8EC33368: The snapshot info is null. Setting the last applied indexto:(t:0, i:~)
2020-06-27 08:27:51,645 [pool-93-thread-1] INFO  storage.RaftStorageDirectory (RaftStorageDirectory.java:tryLock(343)) - Lock on /github/workspace/mnt/ozone/hadoop-ozone/integration-test/target/test-dir/MiniOzoneClusterImpl-8eb50a3f-c1ff-437a-8e18-e0505f09b26f/datanode-4/data/ratis/d5ffc3a5-e291-47c0-a340-11d1a0db352f/in_use.lock acquired by nodename 20861@23863634748d
2020-06-27 08:27:51,644 [pool-108-thread-1] INFO  server.RaftServerConfigKeys (ConfUtils.java:logGet(44)) - raft.server.snapshot.auto.trigger.threshold = 10000 (custom)
2020-06-27 08:27:51,646 [pool-108-thread-1] INFO  server.RaftServerConfigKeys (ConfUtils.java:logGet(44)) - raft.server.snapshot.retention.file.num = 5 (custom)
2020-06-27 08:27:51,646 [pool-108-thread-1] INFO  server.RaftServerConfigKeys (ConfUtils.java:logGet(44)) - raft.server.log.purge.upto.snapshot.index = false (default)
2020-06-27 08:27:51,646 [pool-78-thread-1] INFO  segmented.SegmentedRaftLogWorker (SegmentedRaftLogWorker.java:lambda$new$0(129)) - 34efc206-1f67-4a18-aa05-bd0f2a1ef0e4@group-11D1A0DB352F-SegmentedRaftLogWorker: flushIndex: setUnconditionally 0 -> -1
2020-06-27 08:27:51,646 [pool-78-thread-1] INFO  segmented.SegmentedRaftLogWorker (SegmentedRaftLogWorker.java:lambda$new$0(129)) - 34efc206-1f67-4a18-aa05-bd0f2a1ef0e4@group-11D1A0DB352F-SegmentedRaftLogWorker: safeCacheEvictIndex: setUnconditionally 0 -> -1
2020-06-27 08:27:51,645 [pool-63-thread-1] INFO  server.RaftServerConfigKeys (ConfUtils.java:logGet(44)) - raft.server.notification.no-leader.timeout = 60s (default)
2020-06-27 08:27:51,648 [pool-63-thread-1] INFO  server.RaftServerConfigKeys (ConfUtils.java:logGet(44)) - raft.server.log.use.memory = false (default)
2020-06-27 08:27:51,648 [pool-63-thread-1] INFO  server.RaftServerConfigKeys (ConfUtils.java:logGet(44)) - raft.server.log.purge.gap = 1000000 (custom)
2020-06-27 08:27:51,648 [pool-63-thread-1] INFO  server.RaftServerConfigKeys (ConfUtils.java:logGet(44)) - raft.server.log.appender.buffer.byte-limit = 33554432 (custom)
2020-06-27 08:27:51,648 [pool-63-thread-1] INFO  server.RaftServerConfigKeys (ConfUtils.java:logGet(44)) - raft.server.log.segment.size.max = 1048576 (custom)
2020-06-27 08:27:51,648 [pool-63-thread-1] INFO  metrics.RatisMetrics (RatisMetrics.java:lambda$create$0(36)) - Creating Metrics Registry : ratis.log_worker.21e928e7-b178-40d2-b19b-ea853389ee6e@group-4F5E8EC33368
2020-06-27 08:27:51,648 [pool-63-thread-1] INFO  server.RaftServerConfigKeys (ConfUtils.java:logGet(44)) - raft.server.log.segment.cache.num.max = 2 (custom)
2020-06-27 08:27:51,648 [pool-63-thread-1] INFO  segmented.SegmentedRaftLogWorker (SegmentedRaftLogWorker.java:<init>(180)) - new 21e928e7-b178-40d2-b19b-ea853389ee6e@group-4F5E8EC33368-SegmentedRaftLogWorker for RaftStorage:Storage Directory /github/workspace/mnt/ozone/hadoop-ozone/integration-test/target/test-dir/MiniOzoneClusterImpl-8eb50a3f-c1ff-437a-8e18-e0505f09b26f/datanode-2/data/ratis/92f35736-c11e-4ed1-be08-4f5e8ec33368
2020-06-27 08:27:51,648 [pool-63-thread-1] INFO  server.RaftServerConfigKeys (ConfUtils.java:logGet(44)) - raft.server.log.queue.byte-limit = 2147483647 (custom)
2020-06-27 08:27:51,647 [pool-93-thread-1] INFO  storage.RaftStorage (RaftStorage.java:format(84)) - Storage directory /github/workspace/mnt/ozone/hadoop-ozone/integration-test/target/test-dir/MiniOzoneClusterImpl-8eb50a3f-c1ff-437a-8e18-e0505f09b26f/datanode-4/data/ratis/d5ffc3a5-e291-47c0-a340-11d1a0db352f has been successfully formatted.
2020-06-27 08:27:51,647 [Command processor thread] INFO  commandhandler.CreatePipelineCommandHandler (CreatePipelineCommandHandler.java:handle(109)) - Created Pipeline RATIS THREE #id: "19f6dbb0-0442-4a6e-86d0-de40dcd8ee57"
.
2020-06-27 08:27:51,646 [pool-108-thread-1] INFO  server.RaftServerConfigKeys (ConfUtils.java:logGet(44)) - raft.server.retrycache.expirytime = 600000ms (custom)
2020-06-27 08:27:51,649 [pool-108-thread-1] INFO  metrics.RatisMetrics (RatisMetrics.java:lambda$create$0(36)) - Creating Metrics Registry : ratis.leader_election.a99a18fa-a15b-4cd6-a5fd-78034dfd05b4@group-11D1A0DB352F
2020-06-27 08:27:51,648 [pool-63-thread-1] INFO  server.RaftServerConfigKeys (ConfUtils.java:logGet(44)) - raft.server.log.queue.element-limit = 1024 (custom)
2020-06-27 08:27:51,650 [pool-63-thread-1] INFO  server.RaftServerConfigKeys (ConfUtils.java:logGet(44)) - raft.server.log.segment.size.max = 1048576 (custom)
2020-06-27 08:27:51,650 [pool-63-thread-1] INFO  server.RaftServerConfigKeys (ConfUtils.java:logGet(44)) - raft.server.log.preallocated.size = 16384 (custom)
2020-06-27 08:27:51,650 [pool-63-thread-1] INFO  server.RaftServerConfigKeys (ConfUtils.java:logGet(44)) - raft.server.log.write.buffer.size = 1048576 (custom)
2020-06-27 08:27:51,650 [pool-63-thread-1] INFO  server.RaftServerConfigKeys (ConfUtils.java:logGet(44)) - raft.server.log.force.sync.num = 128 (default)
2020-06-27 08:27:51,650 [pool-63-thread-1] INFO  server.RaftServerConfigKeys (ConfUtils.java:logGet(44)) - raft.server.log.statemachine.data.sync = true (default)
2020-06-27 08:27:51,650 [pool-63-thread-1] INFO  server.RaftServerConfigKeys (ConfUtils.java:logGet(44)) - raft.server.log.statemachine.data.sync.timeout = 10s (default)
2020-06-27 08:27:51,650 [pool-63-thread-1] INFO  server.RaftServerConfigKeys (ConfUtils.java:logGet(44)) - raft.server.log.statemachine.data.sync.timeout.retry = -1 (default)
2020-06-27 08:27:51,649 [pool-48-thread-1] INFO  impl.RaftServerImpl (RaftServerImpl.java:<init>(99)) - 7ac2bac4-ea14-4a92-ad00-7ecf8c69770d: new RaftServerImpl for group-4F5E8EC33368:[7ac2bac4-ea14-4a92-ad00-7ecf8c69770d:172.17.0.2:39381, 21e928e7-b178-40d2-b19b-ea853389ee6e:172.17.0.2:38179, addd0e4b-8b83-4fcf-9561-846eae7ff551:172.17.0.2:35621] with ContainerStateMachine:uninitialized
2020-06-27 08:27:51,650 [pool-48-thread-1] INFO  server.RaftServerConfigKeys (ConfUtils.java:logGet(44)) - raft.server.rpc.timeout.min = 5s (custom)
2020-06-27 08:27:51,650 [pool-48-thread-1] INFO  server.RaftServerConfigKeys (ConfUtils.java:logGet(44)) - raft.server.rpc.timeout.max = 5200ms (custom)
2020-06-27 08:27:51,650 [pool-48-thread-1] INFO  server.RaftServerConfigKeys (ConfUtils.java:logGet(44)) - raft.server.rpcslowness.timeout = 300s (custom)
2020-06-27 08:27:51,650 [pool-48-thread-1] INFO  server.RaftServerConfigKeys (ConfUtils.java:logGet(44)) - raft.server.sleep.deviation.threshold = 300 (default)
2020-06-27 08:27:51,650 [pool-48-thread-1] INFO  server.RaftServerConfigKeys (ConfUtils.java:logGet(44)) - raft.server.log.appender.install.snapshot.enabled = false (custom)
2020-06-27 08:27:51,651 [pool-48-thread-1] INFO  impl.RaftServerImpl (ServerState.java:<init>(103)) - 7ac2bac4-ea14-4a92-ad00-7ecf8c69770d@group-4F5E8EC33368: ConfigurationManager, init=-1: [7ac2bac4-ea14-4a92-ad00-7ecf8c69770d:172.17.0.2:39381, 21e928e7-b178-40d2-b19b-ea853389ee6e:172.17.0.2:38179, addd0e4b-8b83-4fcf-9561-846eae7ff551:172.17.0.2:35621], old=null, confs=<EMPTY_MAP>
2020-06-27 08:27:51,651 [pool-48-thread-1] INFO  server.RaftServerConfigKeys (ConfUtils.java:logGet(44)) - raft.server.storage.dir = [/github/workspace/mnt/ozone/hadoop-ozone/integration-test/target/test-dir/MiniOzoneClusterImpl-8eb50a3f-c1ff-437a-8e18-e0505f09b26f/datanode-1/data/ratis] (custom)
2020-06-27 08:27:51,651 [pool-48-thread-1] INFO  server.RaftServerConfigKeys (ConfUtils.java:logGet(44)) - raft.server.log.corruption.policy = EXCEPTION (default)
2020-06-27 08:27:51,651 [pool-48-thread-1] INFO  storage.RaftStorageDirectory (RaftStorageDirectory.java:analyzeStorage(261)) - The storage directory /github/workspace/mnt/ozone/hadoop-ozone/integration-test/target/test-dir/MiniOzoneClusterImpl-8eb50a3f-c1ff-437a-8e18-e0505f09b26f/datanode-1/data/ratis/92f35736-c11e-4ed1-be08-4f5e8ec33368 does not exist. Creating ...
2020-06-27 08:27:51,649 [Command processor thread] INFO  impl.RaftServerProxy (RaftServerProxy.java:addNew(89)) - 7ac2bac4-ea14-4a92-ad00-7ecf8c69770d: addNew group-4F5E8EC33368:[7ac2bac4-ea14-4a92-ad00-7ecf8c69770d:172.17.0.2:39381, 21e928e7-b178-40d2-b19b-ea853389ee6e:172.17.0.2:38179, addd0e4b-8b83-4fcf-9561-846eae7ff551:172.17.0.2:35621] returns group-4F5E8EC33368:java.util.concurrent.CompletableFuture@66a60aa7[Not completed]
2020-06-27 08:27:51,650 [pool-108-thread-1] INFO  metrics.RatisMetrics (RatisMetrics.java:lambda$create$0(36)) - Creating Metrics Registry : ratis.server.a99a18fa-a15b-4cd6-a5fd-78034dfd05b4@group-11D1A0DB352F
2020-06-27 08:27:51,652 [pool-48-thread-1] INFO  storage.RaftStorageDirectory (RaftStorageDirectory.java:tryLock(343)) - Lock on /github/workspace/mnt/ozone/hadoop-ozone/integration-test/target/test-dir/MiniOzoneClusterImpl-8eb50a3f-c1ff-437a-8e18-e0505f09b26f/datanode-1/data/ratis/92f35736-c11e-4ed1-be08-4f5e8ec33368/in_use.lock acquired by nodename 20861@23863634748d
2020-06-27 08:27:51,652 [pool-108-thread-1] INFO  impl.RaftServerImpl (RaftServerImpl.java:start(186)) - a99a18fa-a15b-4cd6-a5fd-78034dfd05b4@group-11D1A0DB352F: start as a follower, conf=-1: [7f53e279-916a-4fed-90de-23e9c25f9e31:172.17.0.2:39157, 34efc206-1f67-4a18-aa05-bd0f2a1ef0e4:172.17.0.2:36253, a99a18fa-a15b-4cd6-a5fd-78034dfd05b4:172.17.0.2:33739], old=null
2020-06-27 08:27:51,652 [pool-108-thread-1] INFO  impl.RaftServerImpl (RaftServerImpl.java:setRole(175)) - a99a18fa-a15b-4cd6-a5fd-78034dfd05b4@group-11D1A0DB352F: changes role from      null to FOLLOWER at term 0 for startAsFollower
2020-06-27 08:27:51,656 [pool-48-thread-1] INFO  storage.RaftStorage (RaftStorage.java:format(84)) - Storage directory /github/workspace/mnt/ozone/hadoop-ozone/integration-test/target/test-dir/MiniOzoneClusterImpl-8eb50a3f-c1ff-437a-8e18-e0505f09b26f/datanode-1/data/ratis/92f35736-c11e-4ed1-be08-4f5e8ec33368 has been successfully formatted.
2020-06-27 08:27:51,663 [pool-78-thread-1] INFO  server.RaftServerConfigKeys (ConfUtils.java:logGet(44)) - raft.server.snapshot.auto.trigger.enabled = true (custom)
2020-06-27 08:27:51,663 [pool-48-thread-1] INFO  ratis.ContainerStateMachine (ContainerStateMachine.java:loadSnapshot(226)) - group-4F5E8EC33368: The snapshot info is null. Setting the last applied indexto:(t:0, i:~)
2020-06-27 08:27:51,664 [pool-108-thread-1] INFO  impl.RoleInfo (RoleInfo.java:updateAndGet(143)) - a99a18fa-a15b-4cd6-a5fd-78034dfd05b4: start FollowerState
2020-06-27 08:27:51,665 [pool-78-thread-1] INFO  server.RaftServerConfigKeys (ConfUtils.java:logGet(44)) - raft.server.snapshot.auto.trigger.threshold = 10000 (custom)
2020-06-27 08:27:51,665 [pool-78-thread-1] INFO  server.RaftServerConfigKeys (ConfUtils.java:logGet(44)) - raft.server.snapshot.retention.file.num = 5 (custom)
2020-06-27 08:27:51,665 [pool-78-thread-1] INFO  server.RaftServerConfigKeys (ConfUtils.java:logGet(44)) - raft.server.log.purge.upto.snapshot.index = false (default)
2020-06-27 08:27:51,665 [pool-48-thread-1] INFO  server.RaftServerConfigKeys (ConfUtils.java:logGet(44)) - raft.server.notification.no-leader.timeout = 60s (default)
2020-06-27 08:27:51,665 [pool-48-thread-1] INFO  server.RaftServerConfigKeys (ConfUtils.java:logGet(44)) - raft.server.log.use.memory = false (default)
2020-06-27 08:27:51,665 [pool-48-thread-1] INFO  server.RaftServerConfigKeys (ConfUtils.java:logGet(44)) - raft.server.log.purge.gap = 1000000 (custom)
2020-06-27 08:27:51,665 [pool-108-thread-1] INFO  util.JmxRegister (JmxRegister.java:tryRegister(44)) - Successfully registered JMX Bean with object name Ratis:service=RaftServer,group=group-11D1A0DB352F,id=a99a18fa-a15b-4cd6-a5fd-78034dfd05b4
2020-06-27 08:27:51,665 [pool-108-thread-1] INFO  metrics.RatisMetrics (RatisMetrics.java:lambda$create$0(36)) - Creating Metrics Registry : ratis.state_machine.a99a18fa-a15b-4cd6-a5fd-78034dfd05b4@group-11D1A0DB352F
2020-06-27 08:27:51,665 [pool-48-thread-1] INFO  server.RaftServerConfigKeys (ConfUtils.java:logGet(44)) - raft.server.log.appender.buffer.byte-limit = 33554432 (custom)
2020-06-27 08:27:51,669 [pool-48-thread-1] INFO  server.RaftServerConfigKeys (ConfUtils.java:logGet(44)) - raft.server.log.segment.size.max = 1048576 (custom)
2020-06-27 08:27:51,669 [pool-48-thread-1] INFO  metrics.RatisMetrics (RatisMetrics.java:lambda$create$0(36)) - Creating Metrics Registry : ratis.log_worker.7ac2bac4-ea14-4a92-ad00-7ecf8c69770d@group-4F5E8EC33368
2020-06-27 08:27:51,670 [pool-78-thread-1] INFO  server.RaftServerConfigKeys (ConfUtils.java:logGet(44)) - raft.server.retrycache.expirytime = 600000ms (custom)
2020-06-27 08:27:51,670 [pool-48-thread-1] INFO  server.RaftServerConfigKeys (ConfUtils.java:logGet(44)) - raft.server.log.segment.cache.num.max = 2 (custom)
2020-06-27 08:27:51,670 [pool-48-thread-1] INFO  segmented.SegmentedRaftLogWorker (SegmentedRaftLogWorker.java:<init>(180)) - new 7ac2bac4-ea14-4a92-ad00-7ecf8c69770d@group-4F5E8EC33368-SegmentedRaftLogWorker for RaftStorage:Storage Directory /github/workspace/mnt/ozone/hadoop-ozone/integration-test/target/test-dir/MiniOzoneClusterImpl-8eb50a3f-c1ff-437a-8e18-e0505f09b26f/datanode-1/data/ratis/92f35736-c11e-4ed1-be08-4f5e8ec33368
2020-06-27 08:27:51,670 [pool-48-thread-1] INFO  server.RaftServerConfigKeys (ConfUtils.java:logGet(44)) - raft.server.log.queue.byte-limit = 2147483647 (custom)
2020-06-27 08:27:51,670 [pool-48-thread-1] INFO  server.RaftServerConfigKeys (ConfUtils.java:logGet(44)) - raft.server.log.queue.element-limit = 1024 (custom)
2020-06-27 08:27:51,670 [pool-48-thread-1] INFO  server.RaftServerConfigKeys (ConfUtils.java:logGet(44)) - raft.server.log.segment.size.max = 1048576 (custom)
2020-06-27 08:27:51,670 [pool-48-thread-1] INFO  server.RaftServerConfigKeys (ConfUtils.java:logGet(44)) - raft.server.log.preallocated.size = 16384 (custom)
2020-06-27 08:27:51,670 [pool-48-thread-1] INFO  server.RaftServerConfigKeys (ConfUtils.java:logGet(44)) - raft.server.log.write.buffer.size = 1048576 (custom)
2020-06-27 08:27:51,670 [pool-48-thread-1] INFO  server.RaftServerConfigKeys (ConfUtils.java:logGet(44)) - raft.server.log.force.sync.num = 128 (default)
2020-06-27 08:27:51,670 [pool-48-thread-1] INFO  server.RaftServerConfigKeys (ConfUtils.java:logGet(44)) - raft.server.log.statemachine.data.sync = true (default)
2020-06-27 08:27:51,670 [pool-48-thread-1] INFO  server.RaftServerConfigKeys (ConfUtils.java:logGet(44)) - raft.server.log.statemachine.data.sync.timeout = 10s (default)
2020-06-27 08:27:51,670 [pool-48-thread-1] INFO  server.RaftServerConfigKeys (ConfUtils.java:logGet(44)) - raft.server.log.statemachine.data.sync.timeout.retry = -1 (default)
2020-06-27 08:27:51,669 [Command processor thread] INFO  commandhandler.CreatePipelineCommandHandler (CreatePipelineCommandHandler.java:handle(109)) - Created Pipeline RATIS THREE #id: "19f6dbb0-0442-4a6e-86d0-de40dcd8ee57"
.
2020-06-27 08:27:51,671 [Command processor thread] INFO  impl.RaftServerProxy (RaftServerProxy.java:addNew(89)) - addd0e4b-8b83-4fcf-9561-846eae7ff551: addNew group-4F5E8EC33368:[7ac2bac4-ea14-4a92-ad00-7ecf8c69770d:172.17.0.2:39381, 21e928e7-b178-40d2-b19b-ea853389ee6e:172.17.0.2:38179, addd0e4b-8b83-4fcf-9561-846eae7ff551:172.17.0.2:35621] returns group-4F5E8EC33368:java.util.concurrent.CompletableFuture@24b17908[Not completed]
2020-06-27 08:27:51,671 [pool-63-thread-1] INFO  server.RaftServerConfigKeys (ConfUtils.java:logGet(44)) - raft.server.log.statemachine.data.caching.enabled = true (custom)
2020-06-27 08:27:51,671 [pool-63-thread-1] INFO  segmented.SegmentedRaftLogWorker (SegmentedRaftLogWorker.java:lambda$new$0(129)) - 21e928e7-b178-40d2-b19b-ea853389ee6e@group-4F5E8EC33368-SegmentedRaftLogWorker: flushIndex: setUnconditionally 0 -> -1
2020-06-27 08:27:51,671 [pool-63-thread-1] INFO  segmented.SegmentedRaftLogWorker (SegmentedRaftLogWorker.java:lambda$new$0(129)) - 21e928e7-b178-40d2-b19b-ea853389ee6e@group-4F5E8EC33368-SegmentedRaftLogWorker: safeCacheEvictIndex: setUnconditionally 0 -> -1
2020-06-27 08:27:51,668 [pool-93-thread-1] INFO  ratis.ContainerStateMachine (ContainerStateMachine.java:loadSnapshot(226)) - group-11D1A0DB352F: The snapshot info is null. Setting the last applied indexto:(t:0, i:~)
2020-06-27 08:27:51,672 [pool-93-thread-1] INFO  server.RaftServerConfigKeys (ConfUtils.java:logGet(44)) - raft.server.notification.no-leader.timeout = 60s (default)
2020-06-27 08:27:51,672 [pool-93-thread-1] INFO  server.RaftServerConfigKeys (ConfUtils.java:logGet(44)) - raft.server.log.use.memory = false (default)
2020-06-27 08:27:51,672 [pool-93-thread-1] INFO  server.RaftServerConfigKeys (ConfUtils.java:logGet(44)) - raft.server.log.purge.gap = 1000000 (custom)
2020-06-27 08:27:51,672 [pool-33-thread-1] INFO  impl.RaftServerImpl (RaftServerImpl.java:<init>(99)) - addd0e4b-8b83-4fcf-9561-846eae7ff551: new RaftServerImpl for group-4F5E8EC33368:[7ac2bac4-ea14-4a92-ad00-7ecf8c69770d:172.17.0.2:39381, 21e928e7-b178-40d2-b19b-ea853389ee6e:172.17.0.2:38179, addd0e4b-8b83-4fcf-9561-846eae7ff551:172.17.0.2:35621] with ContainerStateMachine:uninitialized
2020-06-27 08:27:51,670 [pool-78-thread-1] INFO  metrics.RatisMetrics (RatisMetrics.java:lambda$create$0(36)) - Creating Metrics Registry : ratis.leader_election.34efc206-1f67-4a18-aa05-bd0f2a1ef0e4@group-11D1A0DB352F
2020-06-27 08:27:51,672 [pool-78-thread-1] INFO  metrics.RatisMetrics (RatisMetrics.java:lambda$create$0(36)) - Creating Metrics Registry : ratis.server.34efc206-1f67-4a18-aa05-bd0f2a1ef0e4@group-11D1A0DB352F
2020-06-27 08:27:51,673 [pool-78-thread-1] INFO  impl.RaftServerImpl (RaftServerImpl.java:start(186)) - 34efc206-1f67-4a18-aa05-bd0f2a1ef0e4@group-11D1A0DB352F: start as a follower, conf=-1: [7f53e279-916a-4fed-90de-23e9c25f9e31:172.17.0.2:39157, 34efc206-1f67-4a18-aa05-bd0f2a1ef0e4:172.17.0.2:36253, a99a18fa-a15b-4cd6-a5fd-78034dfd05b4:172.17.0.2:33739], old=null
2020-06-27 08:27:51,673 [pool-78-thread-1] INFO  impl.RaftServerImpl (RaftServerImpl.java:setRole(175)) - 34efc206-1f67-4a18-aa05-bd0f2a1ef0e4@group-11D1A0DB352F: changes role from      null to FOLLOWER at term 0 for startAsFollower
2020-06-27 08:27:51,672 [pool-33-thread-1] INFO  server.RaftServerConfigKeys (ConfUtils.java:logGet(44)) - raft.server.rpc.timeout.min = 5s (custom)
2020-06-27 08:27:51,673 [pool-33-thread-1] INFO  server.RaftServerConfigKeys (ConfUtils.java:logGet(44)) - raft.server.rpc.timeout.max = 5200ms (custom)
2020-06-27 08:27:51,673 [pool-33-thread-1] INFO  server.RaftServerConfigKeys (ConfUtils.java:logGet(44)) - raft.server.rpcslowness.timeout = 300s (custom)
2020-06-27 08:27:51,673 [pool-33-thread-1] INFO  server.RaftServerConfigKeys (ConfUtils.java:logGet(44)) - raft.server.sleep.deviation.threshold = 300 (default)
2020-06-27 08:27:51,673 [pool-33-thread-1] INFO  server.RaftServerConfigKeys (ConfUtils.java:logGet(44)) - raft.server.log.appender.install.snapshot.enabled = false (custom)
2020-06-27 08:27:51,673 [pool-33-thread-1] INFO  impl.RaftServerImpl (ServerState.java:<init>(103)) - addd0e4b-8b83-4fcf-9561-846eae7ff551@group-4F5E8EC33368: ConfigurationManager, init=-1: [7ac2bac4-ea14-4a92-ad00-7ecf8c69770d:172.17.0.2:39381, 21e928e7-b178-40d2-b19b-ea853389ee6e:172.17.0.2:38179, addd0e4b-8b83-4fcf-9561-846eae7ff551:172.17.0.2:35621], old=null, confs=<EMPTY_MAP>
2020-06-27 08:27:51,673 [pool-33-thread-1] INFO  server.RaftServerConfigKeys (ConfUtils.java:logGet(44)) - raft.server.storage.dir = [/github/workspace/mnt/ozone/hadoop-ozone/integration-test/target/test-dir/MiniOzoneClusterImpl-8eb50a3f-c1ff-437a-8e18-e0505f09b26f/datanode-0/data/ratis] (custom)
2020-06-27 08:27:51,674 [pool-33-thread-1] INFO  server.RaftServerConfigKeys (ConfUtils.java:logGet(44)) - raft.server.log.corruption.policy = EXCEPTION (default)
2020-06-27 08:27:51,674 [pool-33-thread-1] INFO  storage.RaftStorageDirectory (RaftStorageDirectory.java:analyzeStorage(261)) - The storage directory /github/workspace/mnt/ozone/hadoop-ozone/integration-test/target/test-dir/MiniOzoneClusterImpl-8eb50a3f-c1ff-437a-8e18-e0505f09b26f/datanode-0/data/ratis/92f35736-c11e-4ed1-be08-4f5e8ec33368 does not exist. Creating ...
2020-06-27 08:27:51,672 [pool-93-thread-1] INFO  server.RaftServerConfigKeys (ConfUtils.java:logGet(44)) - raft.server.log.appender.buffer.byte-limit = 33554432 (custom)
2020-06-27 08:27:51,674 [pool-93-thread-1] INFO  server.RaftServerConfigKeys (ConfUtils.java:logGet(44)) - raft.server.log.segment.size.max = 1048576 (custom)
2020-06-27 08:27:51,674 [pool-93-thread-1] INFO  metrics.RatisMetrics (RatisMetrics.java:lambda$create$0(36)) - Creating Metrics Registry : ratis.log_worker.7f53e279-916a-4fed-90de-23e9c25f9e31@group-11D1A0DB352F
2020-06-27 08:27:51,675 [pool-93-thread-1] INFO  server.RaftServerConfigKeys (ConfUtils.java:logGet(44)) - raft.server.log.segment.cache.num.max = 2 (custom)
2020-06-27 08:27:51,675 [pool-93-thread-1] INFO  segmented.SegmentedRaftLogWorker (SegmentedRaftLogWorker.java:<init>(180)) - new 7f53e279-916a-4fed-90de-23e9c25f9e31@group-11D1A0DB352F-SegmentedRaftLogWorker for RaftStorage:Storage Directory /github/workspace/mnt/ozone/hadoop-ozone/integration-test/target/test-dir/MiniOzoneClusterImpl-8eb50a3f-c1ff-437a-8e18-e0505f09b26f/datanode-4/data/ratis/d5ffc3a5-e291-47c0-a340-11d1a0db352f
2020-06-27 08:27:51,675 [pool-93-thread-1] INFO  server.RaftServerConfigKeys (ConfUtils.java:logGet(44)) - raft.server.log.queue.byte-limit = 2147483647 (custom)
2020-06-27 08:27:51,675 [pool-33-thread-1] INFO  storage.RaftStorageDirectory (RaftStorageDirectory.java:tryLock(343)) - Lock on /github/workspace/mnt/ozone/hadoop-ozone/integration-test/target/test-dir/MiniOzoneClusterImpl-8eb50a3f-c1ff-437a-8e18-e0505f09b26f/datanode-0/data/ratis/92f35736-c11e-4ed1-be08-4f5e8ec33368/in_use.lock acquired by nodename 20861@23863634748d
2020-06-27 08:27:51,675 [pool-93-thread-1] INFO  server.RaftServerConfigKeys (ConfUtils.java:logGet(44)) - raft.server.log.queue.element-limit = 1024 (custom)
2020-06-27 08:27:51,675 [pool-93-thread-1] INFO  server.RaftServerConfigKeys (ConfUtils.java:logGet(44)) - raft.server.log.segment.size.max = 1048576 (custom)
2020-06-27 08:27:51,675 [pool-93-thread-1] INFO  server.RaftServerConfigKeys (ConfUtils.java:logGet(44)) - raft.server.log.preallocated.size = 16384 (custom)
2020-06-27 08:27:51,675 [pool-93-thread-1] INFO  server.RaftServerConfigKeys (ConfUtils.java:logGet(44)) - raft.server.log.write.buffer.size = 1048576 (custom)
2020-06-27 08:27:51,675 [pool-93-thread-1] INFO  server.RaftServerConfigKeys (ConfUtils.java:logGet(44)) - raft.server.log.force.sync.num = 128 (default)
2020-06-27 08:27:51,675 [pool-93-thread-1] INFO  server.RaftServerConfigKeys (ConfUtils.java:logGet(44)) - raft.server.log.statemachine.data.sync = true (default)
2020-06-27 08:27:51,675 [pool-93-thread-1] INFO  server.RaftServerConfigKeys (ConfUtils.java:logGet(44)) - raft.server.log.statemachine.data.sync.timeout = 10s (default)
2020-06-27 08:27:51,675 [pool-93-thread-1] INFO  server.RaftServerConfigKeys (ConfUtils.java:logGet(44)) - raft.server.log.statemachine.data.sync.timeout.retry = -1 (default)
2020-06-27 08:27:51,676 [pool-93-thread-1] INFO  server.RaftServerConfigKeys (ConfUtils.java:logGet(44)) - raft.server.log.statemachine.data.caching.enabled = true (custom)
2020-06-27 08:27:51,676 [pool-93-thread-1] INFO  segmented.SegmentedRaftLogWorker (SegmentedRaftLogWorker.java:lambda$new$0(129)) - 7f53e279-916a-4fed-90de-23e9c25f9e31@group-11D1A0DB352F-SegmentedRaftLogWorker: flushIndex: setUnconditionally 0 -> -1
2020-06-27 08:27:51,676 [pool-93-thread-1] INFO  segmented.SegmentedRaftLogWorker (SegmentedRaftLogWorker.java:lambda$new$0(129)) - 7f53e279-916a-4fed-90de-23e9c25f9e31@group-11D1A0DB352F-SegmentedRaftLogWorker: safeCacheEvictIndex: setUnconditionally 0 -> -1
2020-06-27 08:27:51,677 [pool-33-thread-1] INFO  storage.RaftStorage (RaftStorage.java:format(84)) - Storage directory /github/workspace/mnt/ozone/hadoop-ozone/integration-test/target/test-dir/MiniOzoneClusterImpl-8eb50a3f-c1ff-437a-8e18-e0505f09b26f/datanode-0/data/ratis/92f35736-c11e-4ed1-be08-4f5e8ec33368 has been successfully formatted.
2020-06-27 08:27:51,679 [pool-93-thread-1] INFO  server.RaftServerConfigKeys (ConfUtils.java:logGet(44)) - raft.server.snapshot.auto.trigger.enabled = true (custom)
2020-06-27 08:27:51,679 [pool-93-thread-1] INFO  server.RaftServerConfigKeys (ConfUtils.java:logGet(44)) - raft.server.snapshot.auto.trigger.threshold = 10000 (custom)
2020-06-27 08:27:51,679 [pool-93-thread-1] INFO  server.RaftServerConfigKeys (ConfUtils.java:logGet(44)) - raft.server.snapshot.retention.file.num = 5 (custom)
2020-06-27 08:27:51,679 [pool-93-thread-1] INFO  server.RaftServerConfigKeys (ConfUtils.java:logGet(44)) - raft.server.log.purge.upto.snapshot.index = false (default)
2020-06-27 08:27:51,679 [pool-78-thread-1] INFO  impl.RoleInfo (RoleInfo.java:updateAndGet(143)) - 34efc206-1f67-4a18-aa05-bd0f2a1ef0e4: start FollowerState
2020-06-27 08:27:51,680 [pool-78-thread-1] INFO  util.JmxRegister (JmxRegister.java:tryRegister(44)) - Successfully registered JMX Bean with object name Ratis:service=RaftServer,group=group-11D1A0DB352F,id=34efc206-1f67-4a18-aa05-bd0f2a1ef0e4
2020-06-27 08:27:51,680 [pool-78-thread-1] INFO  metrics.RatisMetrics (RatisMetrics.java:lambda$create$0(36)) - Creating Metrics Registry : ratis.state_machine.34efc206-1f67-4a18-aa05-bd0f2a1ef0e4@group-11D1A0DB352F
2020-06-27 08:27:51,681 [pool-63-thread-1] INFO  server.RaftServerConfigKeys (ConfUtils.java:logGet(44)) - raft.server.snapshot.auto.trigger.enabled = true (custom)
2020-06-27 08:27:51,681 [pool-63-thread-1] INFO  server.RaftServerConfigKeys (ConfUtils.java:logGet(44)) - raft.server.snapshot.auto.trigger.threshold = 10000 (custom)
2020-06-27 08:27:51,681 [pool-63-thread-1] INFO  server.RaftServerConfigKeys (ConfUtils.java:logGet(44)) - raft.server.snapshot.retention.file.num = 5 (custom)
2020-06-27 08:27:51,681 [pool-63-thread-1] INFO  server.RaftServerConfigKeys (ConfUtils.java:logGet(44)) - raft.server.log.purge.upto.snapshot.index = false (default)
2020-06-27 08:27:51,681 [pool-63-thread-1] INFO  server.RaftServerConfigKeys (ConfUtils.java:logGet(44)) - raft.server.retrycache.expirytime = 600000ms (custom)
2020-06-27 08:27:51,681 [pool-63-thread-1] INFO  metrics.RatisMetrics (RatisMetrics.java:lambda$create$0(36)) - Creating Metrics Registry : ratis.leader_election.21e928e7-b178-40d2-b19b-ea853389ee6e@group-4F5E8EC33368
2020-06-27 08:27:51,681 [pool-63-thread-1] INFO  metrics.RatisMetrics (RatisMetrics.java:lambda$create$0(36)) - Creating Metrics Registry : ratis.server.21e928e7-b178-40d2-b19b-ea853389ee6e@group-4F5E8EC33368
2020-06-27 08:27:51,682 [pool-63-thread-1] INFO  impl.RaftServerImpl (RaftServerImpl.java:start(186)) - 21e928e7-b178-40d2-b19b-ea853389ee6e@group-4F5E8EC33368: start as a follower, conf=-1: [7ac2bac4-ea14-4a92-ad00-7ecf8c69770d:172.17.0.2:39381, 21e928e7-b178-40d2-b19b-ea853389ee6e:172.17.0.2:38179, addd0e4b-8b83-4fcf-9561-846eae7ff551:172.17.0.2:35621], old=null
2020-06-27 08:27:51,682 [pool-63-thread-1] INFO  impl.RaftServerImpl (RaftServerImpl.java:setRole(175)) - 21e928e7-b178-40d2-b19b-ea853389ee6e@group-4F5E8EC33368: changes role from      null to FOLLOWER at term 0 for startAsFollower
2020-06-27 08:27:51,682 [pool-63-thread-1] INFO  impl.RoleInfo (RoleInfo.java:updateAndGet(143)) - 21e928e7-b178-40d2-b19b-ea853389ee6e: start FollowerState
2020-06-27 08:27:51,682 [pool-63-thread-1] INFO  util.JmxRegister (JmxRegister.java:tryRegister(44)) - Successfully registered JMX Bean with object name Ratis:service=RaftServer,group=group-4F5E8EC33368,id=21e928e7-b178-40d2-b19b-ea853389ee6e
2020-06-27 08:27:51,683 [pool-63-thread-1] INFO  metrics.RatisMetrics (RatisMetrics.java:lambda$create$0(36)) - Creating Metrics Registry : ratis.state_machine.21e928e7-b178-40d2-b19b-ea853389ee6e@group-4F5E8EC33368
2020-06-27 08:27:51,684 [pool-93-thread-1] INFO  server.RaftServerConfigKeys (ConfUtils.java:logGet(44)) - raft.server.retrycache.expirytime = 600000ms (custom)
2020-06-27 08:27:51,684 [pool-93-thread-1] INFO  metrics.RatisMetrics (RatisMetrics.java:lambda$create$0(36)) - Creating Metrics Registry : ratis.leader_election.7f53e279-916a-4fed-90de-23e9c25f9e31@group-11D1A0DB352F
2020-06-27 08:27:51,685 [pool-93-thread-1] INFO  metrics.RatisMetrics (RatisMetrics.java:lambda$create$0(36)) - Creating Metrics Registry : ratis.server.7f53e279-916a-4fed-90de-23e9c25f9e31@group-11D1A0DB352F
2020-06-27 08:27:51,685 [pool-93-thread-1] INFO  impl.RaftServerImpl (RaftServerImpl.java:start(186)) - 7f53e279-916a-4fed-90de-23e9c25f9e31@group-11D1A0DB352F: start as a follower, conf=-1: [7f53e279-916a-4fed-90de-23e9c25f9e31:172.17.0.2:39157, 34efc206-1f67-4a18-aa05-bd0f2a1ef0e4:172.17.0.2:36253, a99a18fa-a15b-4cd6-a5fd-78034dfd05b4:172.17.0.2:33739], old=null
2020-06-27 08:27:51,686 [pool-33-thread-1] INFO  ratis.ContainerStateMachine (ContainerStateMachine.java:loadSnapshot(226)) - group-4F5E8EC33368: The snapshot info is null. Setting the last applied indexto:(t:0, i:~)
2020-06-27 08:27:51,686 [pool-33-thread-1] INFO  server.RaftServerConfigKeys (ConfUtils.java:logGet(44)) - raft.server.notification.no-leader.timeout = 60s (default)
2020-06-27 08:27:51,686 [pool-33-thread-1] INFO  server.RaftServerConfigKeys (ConfUtils.java:logGet(44)) - raft.server.log.use.memory = false (default)
2020-06-27 08:27:51,686 [pool-33-thread-1] INFO  server.RaftServerConfigKeys (ConfUtils.java:logGet(44)) - raft.server.log.purge.gap = 1000000 (custom)
2020-06-27 08:27:51,686 [pool-33-thread-1] INFO  server.RaftServerConfigKeys (ConfUtils.java:logGet(44)) - raft.server.log.appender.buffer.byte-limit = 33554432 (custom)
2020-06-27 08:27:51,686 [pool-93-thread-1] INFO  impl.RaftServerImpl (RaftServerImpl.java:setRole(175)) - 7f53e279-916a-4fed-90de-23e9c25f9e31@group-11D1A0DB352F: changes role from      null to FOLLOWER at term 0 for startAsFollower
2020-06-27 08:27:51,689 [pool-48-thread-1] INFO  server.RaftServerConfigKeys (ConfUtils.java:logGet(44)) - raft.server.log.statemachine.data.caching.enabled = true (custom)
2020-06-27 08:27:51,690 [pool-48-thread-1] INFO  segmented.SegmentedRaftLogWorker (SegmentedRaftLogWorker.java:lambda$new$0(129)) - 7ac2bac4-ea14-4a92-ad00-7ecf8c69770d@group-4F5E8EC33368-SegmentedRaftLogWorker: flushIndex: setUnconditionally 0 -> -1
2020-06-27 08:27:51,690 [pool-48-thread-1] INFO  segmented.SegmentedRaftLogWorker (SegmentedRaftLogWorker.java:lambda$new$0(129)) - 7ac2bac4-ea14-4a92-ad00-7ecf8c69770d@group-4F5E8EC33368-SegmentedRaftLogWorker: safeCacheEvictIndex: setUnconditionally 0 -> -1
2020-06-27 08:27:51,686 [pool-33-thread-1] INFO  server.RaftServerConfigKeys (ConfUtils.java:logGet(44)) - raft.server.log.segment.size.max = 1048576 (custom)
2020-06-27 08:27:51,690 [pool-33-thread-1] INFO  metrics.RatisMetrics (RatisMetrics.java:lambda$create$0(36)) - Creating Metrics Registry : ratis.log_worker.addd0e4b-8b83-4fcf-9561-846eae7ff551@group-4F5E8EC33368
2020-06-27 08:27:51,690 [pool-33-thread-1] INFO  server.RaftServerConfigKeys (ConfUtils.java:logGet(44)) - raft.server.log.segment.cache.num.max = 2 (custom)
2020-06-27 08:27:51,690 [pool-33-thread-1] INFO  segmented.SegmentedRaftLogWorker (SegmentedRaftLogWorker.java:<init>(180)) - new addd0e4b-8b83-4fcf-9561-846eae7ff551@group-4F5E8EC33368-SegmentedRaftLogWorker for RaftStorage:Storage Directory /github/workspace/mnt/ozone/hadoop-ozone/integration-test/target/test-dir/MiniOzoneClusterImpl-8eb50a3f-c1ff-437a-8e18-e0505f09b26f/datanode-0/data/ratis/92f35736-c11e-4ed1-be08-4f5e8ec33368
2020-06-27 08:27:51,690 [pool-33-thread-1] INFO  server.RaftServerConfigKeys (ConfUtils.java:logGet(44)) - raft.server.log.queue.byte-limit = 2147483647 (custom)
2020-06-27 08:27:51,690 [pool-33-thread-1] INFO  server.RaftServerConfigKeys (ConfUtils.java:logGet(44)) - raft.server.log.queue.element-limit = 1024 (custom)
2020-06-27 08:27:51,690 [pool-33-thread-1] INFO  server.RaftServerConfigKeys (ConfUtils.java:logGet(44)) - raft.server.log.segment.size.max = 1048576 (custom)
2020-06-27 08:27:51,690 [pool-33-thread-1] INFO  server.RaftServerConfigKeys (ConfUtils.java:logGet(44)) - raft.server.log.preallocated.size = 16384 (custom)
2020-06-27 08:27:51,690 [pool-33-thread-1] INFO  server.RaftServerConfigKeys (ConfUtils.java:logGet(44)) - raft.server.log.write.buffer.size = 1048576 (custom)
2020-06-27 08:27:51,690 [pool-33-thread-1] INFO  server.RaftServerConfigKeys (ConfUtils.java:logGet(44)) - raft.server.log.force.sync.num = 128 (default)
2020-06-27 08:27:51,690 [pool-33-thread-1] INFO  server.RaftServerConfigKeys (ConfUtils.java:logGet(44)) - raft.server.log.statemachine.data.sync = true (default)
2020-06-27 08:27:51,691 [pool-33-thread-1] INFO  server.RaftServerConfigKeys (ConfUtils.java:logGet(44)) - raft.server.log.statemachine.data.sync.timeout = 10s (default)
2020-06-27 08:27:51,691 [pool-33-thread-1] INFO  server.RaftServerConfigKeys (ConfUtils.java:logGet(44)) - raft.server.log.statemachine.data.sync.timeout.retry = -1 (default)
2020-06-27 08:27:51,698 [pool-48-thread-1] INFO  server.RaftServerConfigKeys (ConfUtils.java:logGet(44)) - raft.server.snapshot.auto.trigger.enabled = true (custom)
2020-06-27 08:27:51,698 [pool-48-thread-1] INFO  server.RaftServerConfigKeys (ConfUtils.java:logGet(44)) - raft.server.snapshot.auto.trigger.threshold = 10000 (custom)
2020-06-27 08:27:51,698 [pool-48-thread-1] INFO  server.RaftServerConfigKeys (ConfUtils.java:logGet(44)) - raft.server.snapshot.retention.file.num = 5 (custom)
2020-06-27 08:27:51,698 [pool-48-thread-1] INFO  server.RaftServerConfigKeys (ConfUtils.java:logGet(44)) - raft.server.log.purge.upto.snapshot.index = false (default)
2020-06-27 08:27:51,698 [pool-48-thread-1] INFO  server.RaftServerConfigKeys (ConfUtils.java:logGet(44)) - raft.server.retrycache.expirytime = 600000ms (custom)
2020-06-27 08:27:51,698 [pool-48-thread-1] INFO  metrics.RatisMetrics (RatisMetrics.java:lambda$create$0(36)) - Creating Metrics Registry : ratis.leader_election.7ac2bac4-ea14-4a92-ad00-7ecf8c69770d@group-4F5E8EC33368
2020-06-27 08:27:51,699 [pool-48-thread-1] INFO  metrics.RatisMetrics (RatisMetrics.java:lambda$create$0(36)) - Creating Metrics Registry : ratis.server.7ac2bac4-ea14-4a92-ad00-7ecf8c69770d@group-4F5E8EC33368
2020-06-27 08:27:51,699 [pool-48-thread-1] INFO  impl.RaftServerImpl (RaftServerImpl.java:start(186)) - 7ac2bac4-ea14-4a92-ad00-7ecf8c69770d@group-4F5E8EC33368: start as a follower, conf=-1: [7ac2bac4-ea14-4a92-ad00-7ecf8c69770d:172.17.0.2:39381, 21e928e7-b178-40d2-b19b-ea853389ee6e:172.17.0.2:38179, addd0e4b-8b83-4fcf-9561-846eae7ff551:172.17.0.2:35621], old=null
2020-06-27 08:27:51,700 [pool-48-thread-1] INFO  impl.RaftServerImpl (RaftServerImpl.java:setRole(175)) - 7ac2bac4-ea14-4a92-ad00-7ecf8c69770d@group-4F5E8EC33368: changes role from      null to FOLLOWER at term 0 for startAsFollower
2020-06-27 08:27:51,700 [pool-48-thread-1] INFO  impl.RoleInfo (RoleInfo.java:updateAndGet(143)) - 7ac2bac4-ea14-4a92-ad00-7ecf8c69770d: start FollowerState
2020-06-27 08:27:51,700 [pool-93-thread-1] INFO  impl.RoleInfo (RoleInfo.java:updateAndGet(143)) - 7f53e279-916a-4fed-90de-23e9c25f9e31: start FollowerState
2020-06-27 08:27:51,700 [pool-48-thread-1] INFO  util.JmxRegister (JmxRegister.java:tryRegister(44)) - Successfully registered JMX Bean with object name Ratis:service=RaftServer,group=group-4F5E8EC33368,id=7ac2bac4-ea14-4a92-ad00-7ecf8c69770d
2020-06-27 08:27:51,700 [pool-48-thread-1] INFO  metrics.RatisMetrics (RatisMetrics.java:lambda$create$0(36)) - Creating Metrics Registry : ratis.state_machine.7ac2bac4-ea14-4a92-ad00-7ecf8c69770d@group-4F5E8EC33368
2020-06-27 08:27:51,702 [pool-93-thread-1] INFO  util.JmxRegister (JmxRegister.java:tryRegister(44)) - Successfully registered JMX Bean with object name Ratis:service=RaftServer,group=group-11D1A0DB352F,id=7f53e279-916a-4fed-90de-23e9c25f9e31
2020-06-27 08:27:51,702 [pool-93-thread-1] INFO  metrics.RatisMetrics (RatisMetrics.java:lambda$create$0(36)) - Creating Metrics Registry : ratis.state_machine.7f53e279-916a-4fed-90de-23e9c25f9e31@group-11D1A0DB352F
2020-06-27 08:27:51,704 [pool-33-thread-1] INFO  server.RaftServerConfigKeys (ConfUtils.java:logGet(44)) - raft.server.log.statemachine.data.caching.enabled = true (custom)
2020-06-27 08:27:51,704 [pool-33-thread-1] INFO  segmented.SegmentedRaftLogWorker (SegmentedRaftLogWorker.java:lambda$new$0(129)) - addd0e4b-8b83-4fcf-9561-846eae7ff551@group-4F5E8EC33368-SegmentedRaftLogWorker: flushIndex: setUnconditionally 0 -> -1
2020-06-27 08:27:51,704 [pool-33-thread-1] INFO  segmented.SegmentedRaftLogWorker (SegmentedRaftLogWorker.java:lambda$new$0(129)) - addd0e4b-8b83-4fcf-9561-846eae7ff551@group-4F5E8EC33368-SegmentedRaftLogWorker: safeCacheEvictIndex: setUnconditionally 0 -> -1
2020-06-27 08:27:51,708 [pool-33-thread-1] INFO  server.RaftServerConfigKeys (ConfUtils.java:logGet(44)) - raft.server.snapshot.auto.trigger.enabled = true (custom)
2020-06-27 08:27:51,708 [pool-33-thread-1] INFO  server.RaftServerConfigKeys (ConfUtils.java:logGet(44)) - raft.server.snapshot.auto.trigger.threshold = 10000 (custom)
2020-06-27 08:27:51,708 [pool-33-thread-1] INFO  server.RaftServerConfigKeys (ConfUtils.java:logGet(44)) - raft.server.snapshot.retention.file.num = 5 (custom)
2020-06-27 08:27:51,708 [pool-33-thread-1] INFO  server.RaftServerConfigKeys (ConfUtils.java:logGet(44)) - raft.server.log.purge.upto.snapshot.index = false (default)
2020-06-27 08:27:51,708 [pool-33-thread-1] INFO  server.RaftServerConfigKeys (ConfUtils.java:logGet(44)) - raft.server.retrycache.expirytime = 600000ms (custom)
2020-06-27 08:27:51,708 [pool-33-thread-1] INFO  metrics.RatisMetrics (RatisMetrics.java:lambda$create$0(36)) - Creating Metrics Registry : ratis.leader_election.addd0e4b-8b83-4fcf-9561-846eae7ff551@group-4F5E8EC33368
2020-06-27 08:27:51,709 [pool-33-thread-1] INFO  metrics.RatisMetrics (RatisMetrics.java:lambda$create$0(36)) - Creating Metrics Registry : ratis.server.addd0e4b-8b83-4fcf-9561-846eae7ff551@group-4F5E8EC33368
2020-06-27 08:27:51,710 [pool-33-thread-1] INFO  impl.RaftServerImpl (RaftServerImpl.java:start(186)) - addd0e4b-8b83-4fcf-9561-846eae7ff551@group-4F5E8EC33368: start as a follower, conf=-1: [7ac2bac4-ea14-4a92-ad00-7ecf8c69770d:172.17.0.2:39381, 21e928e7-b178-40d2-b19b-ea853389ee6e:172.17.0.2:38179, addd0e4b-8b83-4fcf-9561-846eae7ff551:172.17.0.2:35621], old=null
2020-06-27 08:27:51,710 [pool-33-thread-1] INFO  impl.RaftServerImpl (RaftServerImpl.java:setRole(175)) - addd0e4b-8b83-4fcf-9561-846eae7ff551@group-4F5E8EC33368: changes role from      null to FOLLOWER at term 0 for startAsFollower
2020-06-27 08:27:51,710 [pool-33-thread-1] INFO  impl.RoleInfo (RoleInfo.java:updateAndGet(143)) - addd0e4b-8b83-4fcf-9561-846eae7ff551: start FollowerState
2020-06-27 08:27:51,711 [pool-33-thread-1] INFO  util.JmxRegister (JmxRegister.java:tryRegister(44)) - Successfully registered JMX Bean with object name Ratis:service=RaftServer,group=group-4F5E8EC33368,id=addd0e4b-8b83-4fcf-9561-846eae7ff551
2020-06-27 08:27:51,711 [pool-33-thread-1] INFO  metrics.RatisMetrics (RatisMetrics.java:lambda$create$0(36)) - Creating Metrics Registry : ratis.state_machine.addd0e4b-8b83-4fcf-9561-846eae7ff551@group-4F5E8EC33368
2020-06-27 08:27:51,836 [Command processor thread] INFO  commandhandler.CreatePipelineCommandHandler (CreatePipelineCommandHandler.java:handle(109)) - Created Pipeline RATIS THREE #id: "d5ffc3a5-e291-47c0-a340-11d1a0db352f"
.
2020-06-27 08:27:51,841 [Command processor thread] INFO  commandhandler.CreatePipelineCommandHandler (CreatePipelineCommandHandler.java:handle(109)) - Created Pipeline RATIS THREE #id: "92f35736-c11e-4ed1-be08-4f5e8ec33368"
.
2020-06-27 08:27:51,842 [Command processor thread] INFO  commandhandler.CreatePipelineCommandHandler (CreatePipelineCommandHandler.java:handle(109)) - Created Pipeline RATIS THREE #id: "d5ffc3a5-e291-47c0-a340-11d1a0db352f"
.
2020-06-27 08:27:51,844 [Command processor thread] INFO  commandhandler.CreatePipelineCommandHandler (CreatePipelineCommandHandler.java:handle(109)) - Created Pipeline RATIS THREE #id: "92f35736-c11e-4ed1-be08-4f5e8ec33368"
.
2020-06-27 08:27:51,844 [Command processor thread] INFO  commandhandler.CreatePipelineCommandHandler (CreatePipelineCommandHandler.java:handle(109)) - Created Pipeline RATIS THREE #id: "d5ffc3a5-e291-47c0-a340-11d1a0db352f"
.
2020-06-27 08:27:51,844 [Command processor thread] INFO  commandhandler.CreatePipelineCommandHandler (CreatePipelineCommandHandler.java:handle(109)) - Created Pipeline RATIS THREE #id: "92f35736-c11e-4ed1-be08-4f5e8ec33368"
.
2020-06-27 08:27:51,966 [Listener at 127.0.0.1/46381] INFO  ozone.MiniOzoneClusterImpl (MiniOzoneClusterImpl.java:lambda$waitForClusterToBeReady$0(177)) - Nodes are ready. Got 7 of 7 DN Heartbeats.
2020-06-27 08:27:51,967 [Listener at 127.0.0.1/46381] INFO  ozone.MiniOzoneClusterImpl (MiniOzoneClusterImpl.java:lambda$waitForClusterToBeReady$0(180)) - Waiting for cluster to exit safe mode
2020-06-27 08:27:52,967 [Listener at 127.0.0.1/46381] INFO  ozone.MiniOzoneClusterImpl (MiniOzoneClusterImpl.java:lambda$waitForClusterToBeReady$0(177)) - Nodes are ready. Got 7 of 7 DN Heartbeats.
2020-06-27 08:27:52,967 [Listener at 127.0.0.1/46381] INFO  ozone.MiniOzoneClusterImpl (MiniOzoneClusterImpl.java:lambda$waitForClusterToBeReady$0(180)) - Waiting for cluster to exit safe mode
2020-06-27 08:27:53,968 [Listener at 127.0.0.1/46381] INFO  ozone.MiniOzoneClusterImpl (MiniOzoneClusterImpl.java:lambda$waitForClusterToBeReady$0(177)) - Nodes are ready. Got 7 of 7 DN Heartbeats.
2020-06-27 08:27:53,968 [Listener at 127.0.0.1/46381] INFO  ozone.MiniOzoneClusterImpl (MiniOzoneClusterImpl.java:lambda$waitForClusterToBeReady$0(180)) - Waiting for cluster to exit safe mode
2020-06-27 08:27:54,968 [Listener at 127.0.0.1/46381] INFO  ozone.MiniOzoneClusterImpl (MiniOzoneClusterImpl.java:lambda$waitForClusterToBeReady$0(177)) - Nodes are ready. Got 7 of 7 DN Heartbeats.
2020-06-27 08:27:54,968 [Listener at 127.0.0.1/46381] INFO  ozone.MiniOzoneClusterImpl (MiniOzoneClusterImpl.java:lambda$waitForClusterToBeReady$0(180)) - Waiting for cluster to exit safe mode
2020-06-27 08:27:55,658 [Thread-233] INFO  impl.FollowerState (FollowerState.java:run(108)) - 7ac2bac4-ea14-4a92-ad00-7ecf8c69770d@group-420AD1130D14-FollowerState: change to CANDIDATE, lastRpcTime:5079ms, electionTimeout:5067ms
2020-06-27 08:27:55,659 [Thread-233] INFO  impl.RoleInfo (RoleInfo.java:shutdownFollowerState(121)) - 7ac2bac4-ea14-4a92-ad00-7ecf8c69770d: shutdown FollowerState
2020-06-27 08:27:55,659 [Thread-233] INFO  impl.RaftServerImpl (RaftServerImpl.java:setRole(175)) - 7ac2bac4-ea14-4a92-ad00-7ecf8c69770d@group-420AD1130D14: changes role from  FOLLOWER to CANDIDATE at term 0 for changeToCandidate
2020-06-27 08:27:55,661 [Thread-233] INFO  impl.RoleInfo (RoleInfo.java:updateAndGet(143)) - 7ac2bac4-ea14-4a92-ad00-7ecf8c69770d: start LeaderElection
2020-06-27 08:27:55,665 [7ac2bac4-ea14-4a92-ad00-7ecf8c69770d@group-420AD1130D14-LeaderElection1] INFO  impl.LeaderElection (LeaderElection.java:askForVotes(206)) - 7ac2bac4-ea14-4a92-ad00-7ecf8c69770d@group-420AD1130D14-LeaderElection1: begin an election at term 1 for -1: [7ac2bac4-ea14-4a92-ad00-7ecf8c69770d:172.17.0.2:39381], old=null
2020-06-27 08:27:55,666 [7ac2bac4-ea14-4a92-ad00-7ecf8c69770d@group-420AD1130D14-LeaderElection1] INFO  impl.RoleInfo (RoleInfo.java:shutdownLeaderElection(134)) - 7ac2bac4-ea14-4a92-ad00-7ecf8c69770d: shutdown LeaderElection
2020-06-27 08:27:55,666 [7ac2bac4-ea14-4a92-ad00-7ecf8c69770d@group-420AD1130D14-LeaderElection1] INFO  impl.RaftServerImpl (RaftServerImpl.java:setRole(175)) - 7ac2bac4-ea14-4a92-ad00-7ecf8c69770d@group-420AD1130D14: changes role from CANDIDATE to LEADER at term 1 for changeToLeader
2020-06-27 08:27:55,666 [7ac2bac4-ea14-4a92-ad00-7ecf8c69770d@group-420AD1130D14-LeaderElection1] INFO  ratis.XceiverServerRatis (XceiverServerRatis.java:handleLeaderChangedNotification(762)) - Leader change notification received for group: group-420AD1130D14 with new leaderId: 7ac2bac4-ea14-4a92-ad00-7ecf8c69770d
2020-06-27 08:27:55,667 [7ac2bac4-ea14-4a92-ad00-7ecf8c69770d@group-420AD1130D14-LeaderElection1] INFO  impl.RaftServerImpl (ServerState.java:setLeader(255)) - 7ac2bac4-ea14-4a92-ad00-7ecf8c69770d@group-420AD1130D14: change Leader from null to 7ac2bac4-ea14-4a92-ad00-7ecf8c69770d at term 1 for becomeLeader, leader elected after 5112ms
2020-06-27 08:27:55,671 [7ac2bac4-ea14-4a92-ad00-7ecf8c69770d@group-420AD1130D14-LeaderElection1] INFO  server.RaftServerConfigKeys (ConfUtils.java:logGet(44)) - raft.server.staging.catchup.gap = 1000 (default)
2020-06-27 08:27:55,671 [7ac2bac4-ea14-4a92-ad00-7ecf8c69770d@group-420AD1130D14-LeaderElection1] INFO  server.RaftServerConfigKeys (ConfUtils.java:logGet(44)) - raft.server.rpc.sleep.time = 25ms (default)
2020-06-27 08:27:55,673 [7ac2bac4-ea14-4a92-ad00-7ecf8c69770d@group-420AD1130D14-LeaderElection1] INFO  metrics.RatisMetrics (RatisMetrics.java:lambda$create$0(36)) - Creating Metrics Registry : ratis.log_appender.7ac2bac4-ea14-4a92-ad00-7ecf8c69770d@group-420AD1130D14
2020-06-27 08:27:55,674 [7ac2bac4-ea14-4a92-ad00-7ecf8c69770d@group-420AD1130D14-LeaderElection1] INFO  server.RaftServerConfigKeys (ConfUtils.java:logGet(44)) - raft.server.write.element-limit = 1024 (custom)
2020-06-27 08:27:55,675 [7ac2bac4-ea14-4a92-ad00-7ecf8c69770d@group-420AD1130D14-LeaderElection1] INFO  server.RaftServerConfigKeys (ConfUtils.java:logGet(44)) - raft.server.write.byte-limit = 1073741824 (custom)
2020-06-27 08:27:55,679 [7ac2bac4-ea14-4a92-ad00-7ecf8c69770d@group-420AD1130D14-LeaderElection1] INFO  server.RaftServerConfigKeys (ConfUtils.java:logGet(44)) - raft.server.watch.timeout = 3s (custom)
2020-06-27 08:27:55,680 [7ac2bac4-ea14-4a92-ad00-7ecf8c69770d@group-420AD1130D14-LeaderElection1] INFO  server.RaftServerConfigKeys (ConfUtils.java:logGet(44)) - raft.server.watch.timeout.denomination = 1s (default)
2020-06-27 08:27:55,680 [7ac2bac4-ea14-4a92-ad00-7ecf8c69770d@group-420AD1130D14-LeaderElection1] INFO  server.RaftServerConfigKeys (ConfUtils.java:logGet(44)) - raft.server.watch.element-limit = 65536 (default)
2020-06-27 08:27:55,685 [7ac2bac4-ea14-4a92-ad00-7ecf8c69770d@group-420AD1130D14-LeaderElection1] INFO  impl.RoleInfo (RoleInfo.java:updateAndGet(143)) - 7ac2bac4-ea14-4a92-ad00-7ecf8c69770d: start LeaderState
2020-06-27 08:27:55,703 [7ac2bac4-ea14-4a92-ad00-7ecf8c69770d@group-420AD1130D14-LeaderElection1] INFO  segmented.SegmentedRaftLogWorker (SegmentedRaftLogWorker.java:startLogSegment(397)) - 7ac2bac4-ea14-4a92-ad00-7ecf8c69770d@group-420AD1130D14-SegmentedRaftLogWorker: Starting segment from index:0
2020-06-27 08:27:55,711 [Thread-235] INFO  impl.FollowerState (FollowerState.java:run(108)) - 7ac2bac4-ea14-4a92-ad00-7ecf8c69770d@group-DE40DCD8EE57-FollowerState: change to CANDIDATE, lastRpcTime:5055ms, electionTimeout:5050ms
2020-06-27 08:27:55,712 [Thread-235] INFO  impl.RoleInfo (RoleInfo.java:shutdownFollowerState(121)) - 7ac2bac4-ea14-4a92-ad00-7ecf8c69770d: shutdown FollowerState
2020-06-27 08:27:55,712 [Thread-235] INFO  impl.RaftServerImpl (RaftServerImpl.java:setRole(175)) - 7ac2bac4-ea14-4a92-ad00-7ecf8c69770d@group-DE40DCD8EE57: changes role from  FOLLOWER to CANDIDATE at term 0 for changeToCandidate
2020-06-27 08:27:55,712 [Thread-235] INFO  impl.RoleInfo (RoleInfo.java:updateAndGet(143)) - 7ac2bac4-ea14-4a92-ad00-7ecf8c69770d: start LeaderElection
2020-06-27 08:27:55,712 [Thread-232] INFO  impl.FollowerState (FollowerState.java:run(108)) - addd0e4b-8b83-4fcf-9561-846eae7ff551@group-F3BC6E991ADA-FollowerState: change to CANDIDATE, lastRpcTime:5134ms, electionTimeout:5128ms
2020-06-27 08:27:55,712 [Thread-232] INFO  impl.RoleInfo (RoleInfo.java:shutdownFollowerState(121)) - addd0e4b-8b83-4fcf-9561-846eae7ff551: shutdown FollowerState
2020-06-27 08:27:55,712 [Thread-232] INFO  impl.RaftServerImpl (RaftServerImpl.java:setRole(175)) - addd0e4b-8b83-4fcf-9561-846eae7ff551@group-F3BC6E991ADA: changes role from  FOLLOWER to CANDIDATE at term 0 for changeToCandidate
2020-06-27 08:27:55,717 [Thread-232] INFO  impl.RoleInfo (RoleInfo.java:updateAndGet(143)) - addd0e4b-8b83-4fcf-9561-846eae7ff551: start LeaderElection
2020-06-27 08:27:55,726 [7ac2bac4-ea14-4a92-ad00-7ecf8c69770d@group-420AD1130D14-LeaderElection1] INFO  impl.RaftServerImpl (ServerState.java:setRaftConf(356)) - 7ac2bac4-ea14-4a92-ad00-7ecf8c69770d@group-420AD1130D14: set configuration 0: [7ac2bac4-ea14-4a92-ad00-7ecf8c69770d:172.17.0.2:39381], old=null at 0
2020-06-27 08:27:55,728 [7ac2bac4-ea14-4a92-ad00-7ecf8c69770d@group-DE40DCD8EE57-LeaderElection2] INFO  impl.LeaderElection (LeaderElection.java:askForVotes(206)) - 7ac2bac4-ea14-4a92-ad00-7ecf8c69770d@group-DE40DCD8EE57-LeaderElection2: begin an election at term 1 for -1: [7ac2bac4-ea14-4a92-ad00-7ecf8c69770d:172.17.0.2:39381, 21e928e7-b178-40d2-b19b-ea853389ee6e:172.17.0.2:38179, addd0e4b-8b83-4fcf-9561-846eae7ff551:172.17.0.2:35621], old=null
2020-06-27 08:27:55,728 [addd0e4b-8b83-4fcf-9561-846eae7ff551@group-F3BC6E991ADA-LeaderElection3] INFO  impl.LeaderElection (LeaderElection.java:askForVotes(206)) - addd0e4b-8b83-4fcf-9561-846eae7ff551@group-F3BC6E991ADA-LeaderElection3: begin an election at term 1 for -1: [addd0e4b-8b83-4fcf-9561-846eae7ff551:172.17.0.2:35621], old=null
2020-06-27 08:27:55,729 [addd0e4b-8b83-4fcf-9561-846eae7ff551@group-F3BC6E991ADA-LeaderElection3] INFO  impl.RoleInfo (RoleInfo.java:shutdownLeaderElection(134)) - addd0e4b-8b83-4fcf-9561-846eae7ff551: shutdown LeaderElection
2020-06-27 08:27:55,729 [addd0e4b-8b83-4fcf-9561-846eae7ff551@group-F3BC6E991ADA-LeaderElection3] INFO  impl.RaftServerImpl (RaftServerImpl.java:setRole(175)) - addd0e4b-8b83-4fcf-9561-846eae7ff551@group-F3BC6E991ADA: changes role from CANDIDATE to LEADER at term 1 for changeToLeader
2020-06-27 08:27:55,729 [addd0e4b-8b83-4fcf-9561-846eae7ff551@group-F3BC6E991ADA-LeaderElection3] INFO  ratis.XceiverServerRatis (XceiverServerRatis.java:handleLeaderChangedNotification(762)) - Leader change notification received for group: group-F3BC6E991ADA with new leaderId: addd0e4b-8b83-4fcf-9561-846eae7ff551
2020-06-27 08:27:55,729 [addd0e4b-8b83-4fcf-9561-846eae7ff551@group-F3BC6E991ADA-LeaderElection3] INFO  impl.RaftServerImpl (ServerState.java:setLeader(255)) - addd0e4b-8b83-4fcf-9561-846eae7ff551@group-F3BC6E991ADA: change Leader from null to addd0e4b-8b83-4fcf-9561-846eae7ff551 at term 1 for becomeLeader, leader elected after 5307ms
2020-06-27 08:27:55,729 [addd0e4b-8b83-4fcf-9561-846eae7ff551@group-F3BC6E991ADA-LeaderElection3] INFO  server.RaftServerConfigKeys (ConfUtils.java:logGet(44)) - raft.server.staging.catchup.gap = 1000 (default)
2020-06-27 08:27:55,729 [addd0e4b-8b83-4fcf-9561-846eae7ff551@group-F3BC6E991ADA-LeaderElection3] INFO  server.RaftServerConfigKeys (ConfUtils.java:logGet(44)) - raft.server.rpc.sleep.time = 25ms (default)
2020-06-27 08:27:55,729 [addd0e4b-8b83-4fcf-9561-846eae7ff551@group-F3BC6E991ADA-LeaderElection3] INFO  metrics.RatisMetrics (RatisMetrics.java:lambda$create$0(36)) - Creating Metrics Registry : ratis.log_appender.addd0e4b-8b83-4fcf-9561-846eae7ff551@group-F3BC6E991ADA
2020-06-27 08:27:55,730 [addd0e4b-8b83-4fcf-9561-846eae7ff551@group-F3BC6E991ADA-LeaderElection3] INFO  server.RaftServerConfigKeys (ConfUtils.java:logGet(44)) - raft.server.write.element-limit = 1024 (custom)
2020-06-27 08:27:55,733 [addd0e4b-8b83-4fcf-9561-846eae7ff551@group-F3BC6E991ADA-LeaderElection3] INFO  server.RaftServerConfigKeys (ConfUtils.java:logGet(44)) - raft.server.write.byte-limit = 1073741824 (custom)
2020-06-27 08:27:55,734 [addd0e4b-8b83-4fcf-9561-846eae7ff551@group-F3BC6E991ADA-LeaderElection3] INFO  server.RaftServerConfigKeys (ConfUtils.java:logGet(44)) - raft.server.watch.timeout = 3s (custom)
2020-06-27 08:27:55,734 [addd0e4b-8b83-4fcf-9561-846eae7ff551@group-F3BC6E991ADA-LeaderElection3] INFO  server.RaftServerConfigKeys (ConfUtils.java:logGet(44)) - raft.server.watch.timeout.denomination = 1s (default)
2020-06-27 08:27:55,734 [addd0e4b-8b83-4fcf-9561-846eae7ff551@group-F3BC6E991ADA-LeaderElection3] INFO  server.RaftServerConfigKeys (ConfUtils.java:logGet(44)) - raft.server.watch.element-limit = 65536 (default)
2020-06-27 08:27:55,734 [addd0e4b-8b83-4fcf-9561-846eae7ff551@group-F3BC6E991ADA-LeaderElection3] INFO  impl.RoleInfo (RoleInfo.java:updateAndGet(143)) - addd0e4b-8b83-4fcf-9561-846eae7ff551: start LeaderState
2020-06-27 08:27:55,735 [addd0e4b-8b83-4fcf-9561-846eae7ff551@group-F3BC6E991ADA-LeaderElection3] INFO  segmented.SegmentedRaftLogWorker (SegmentedRaftLogWorker.java:startLogSegment(397)) - addd0e4b-8b83-4fcf-9561-846eae7ff551@group-F3BC6E991ADA-SegmentedRaftLogWorker: Starting segment from index:0
2020-06-27 08:27:55,736 [addd0e4b-8b83-4fcf-9561-846eae7ff551@group-F3BC6E991ADA-LeaderElection3] INFO  impl.RaftServerImpl (ServerState.java:setRaftConf(356)) - addd0e4b-8b83-4fcf-9561-846eae7ff551@group-F3BC6E991ADA: set configuration 0: [addd0e4b-8b83-4fcf-9561-846eae7ff551:172.17.0.2:35621], old=null at 0
2020-06-27 08:27:55,766 [grpc-default-executor-3] DEBUG impl.RaftServerImpl (RaftServerImpl.java:requestVote(821)) - 21e928e7-b178-40d2-b19b-ea853389ee6e@group-DE40DCD8EE57: receive requestVote(7ac2bac4-ea14-4a92-ad00-7ecf8c69770d, group-DE40DCD8EE57, 1, (t:0, i:0))
2020-06-27 08:27:55,767 [grpc-default-executor-3] INFO  impl.RaftServerImpl (RaftServerImpl.java:setRole(175)) - 21e928e7-b178-40d2-b19b-ea853389ee6e@group-DE40DCD8EE57: changes role from  FOLLOWER to FOLLOWER at term 1 for recognizeCandidate:7ac2bac4-ea14-4a92-ad00-7ecf8c69770d
2020-06-27 08:27:55,767 [grpc-default-executor-3] INFO  impl.RoleInfo (RoleInfo.java:shutdownFollowerState(121)) - 21e928e7-b178-40d2-b19b-ea853389ee6e: shutdown FollowerState
2020-06-27 08:27:55,767 [Thread-243] INFO  impl.FollowerState (FollowerState.java:run(117)) - 21e928e7-b178-40d2-b19b-ea853389ee6e@group-DE40DCD8EE57-FollowerState was interrupted: java.lang.InterruptedException: sleep interrupted
2020-06-27 08:27:55,768 [grpc-default-executor-3] INFO  impl.RoleInfo (RoleInfo.java:updateAndGet(143)) - 21e928e7-b178-40d2-b19b-ea853389ee6e: start FollowerState
2020-06-27 08:27:55,777 [grpc-default-executor-5] DEBUG impl.RaftServerImpl (RaftServerImpl.java:requestVote(821)) - addd0e4b-8b83-4fcf-9561-846eae7ff551@group-DE40DCD8EE57: receive requestVote(7ac2bac4-ea14-4a92-ad00-7ecf8c69770d, group-DE40DCD8EE57, 1, (t:0, i:0))
2020-06-27 08:27:55,793 [grpc-default-executor-3] DEBUG impl.RaftServerImpl (RaftServerImpl.java:requestVote(853)) - 21e928e7-b178-40d2-b19b-ea853389ee6e@group-DE40DCD8EE57 replies to vote request: 7ac2bac4-ea14-4a92-ad00-7ecf8c69770d<-21e928e7-b178-40d2-b19b-ea853389ee6e#0:OK-t1. Peer's state: 21e928e7-b178-40d2-b19b-ea853389ee6e@group-DE40DCD8EE57:t1, leader=null, voted=7ac2bac4-ea14-4a92-ad00-7ecf8c69770d, raftlog=21e928e7-b178-40d2-b19b-ea853389ee6e@group-DE40DCD8EE57-SegmentedRaftLog:OPENED:c-1,f-1,i0, conf=-1: [7ac2bac4-ea14-4a92-ad00-7ecf8c69770d:172.17.0.2:39381, 21e928e7-b178-40d2-b19b-ea853389ee6e:172.17.0.2:38179, addd0e4b-8b83-4fcf-9561-846eae7ff551:172.17.0.2:35621], old=null
2020-06-27 08:27:55,794 [grpc-default-executor-5] INFO  impl.RaftServerImpl (RaftServerImpl.java:setRole(175)) - addd0e4b-8b83-4fcf-9561-846eae7ff551@group-DE40DCD8EE57: changes role from  FOLLOWER to FOLLOWER at term 1 for recognizeCandidate:7ac2bac4-ea14-4a92-ad00-7ecf8c69770d
2020-06-27 08:27:55,795 [grpc-default-executor-5] INFO  impl.RoleInfo (RoleInfo.java:shutdownFollowerState(121)) - addd0e4b-8b83-4fcf-9561-846eae7ff551: shutdown FollowerState
2020-06-27 08:27:55,795 [grpc-default-executor-5] INFO  impl.RoleInfo (RoleInfo.java:updateAndGet(143)) - addd0e4b-8b83-4fcf-9561-846eae7ff551: start FollowerState
2020-06-27 08:27:55,795 [Thread-239] INFO  impl.FollowerState (FollowerState.java:run(117)) - addd0e4b-8b83-4fcf-9561-846eae7ff551@group-DE40DCD8EE57-FollowerState was interrupted: java.lang.InterruptedException: sleep interrupted
2020-06-27 08:27:55,808 [grpc-default-executor-5] DEBUG impl.RaftServerImpl (RaftServerImpl.java:requestVote(853)) - addd0e4b-8b83-4fcf-9561-846eae7ff551@group-DE40DCD8EE57 replies to vote request: 7ac2bac4-ea14-4a92-ad00-7ecf8c69770d<-addd0e4b-8b83-4fcf-9561-846eae7ff551#0:OK-t1. Peer's state: addd0e4b-8b83-4fcf-9561-846eae7ff551@group-DE40DCD8EE57:t1, leader=null, voted=7ac2bac4-ea14-4a92-ad00-7ecf8c69770d, raftlog=addd0e4b-8b83-4fcf-9561-846eae7ff551@group-DE40DCD8EE57-SegmentedRaftLog:OPENED:c-1,f-1,i0, conf=-1: [7ac2bac4-ea14-4a92-ad00-7ecf8c69770d:172.17.0.2:39381, 21e928e7-b178-40d2-b19b-ea853389ee6e:172.17.0.2:38179, addd0e4b-8b83-4fcf-9561-846eae7ff551:172.17.0.2:35621], old=null
2020-06-27 08:27:55,815 [7ac2bac4-ea14-4a92-ad00-7ecf8c69770d@group-DE40DCD8EE57-LeaderElection2] INFO  impl.LeaderElection (LeaderElection.java:logAndReturn(61)) - 7ac2bac4-ea14-4a92-ad00-7ecf8c69770d@group-DE40DCD8EE57-LeaderElection2: Election PASSED; received 1 response(s) [7ac2bac4-ea14-4a92-ad00-7ecf8c69770d<-21e928e7-b178-40d2-b19b-ea853389ee6e#0:OK-t1] and 0 exception(s); 7ac2bac4-ea14-4a92-ad00-7ecf8c69770d@group-DE40DCD8EE57:t1, leader=null, voted=7ac2bac4-ea14-4a92-ad00-7ecf8c69770d, raftlog=7ac2bac4-ea14-4a92-ad00-7ecf8c69770d@group-DE40DCD8EE57-SegmentedRaftLog:OPENED:c-1,f-1,i0, conf=-1: [7ac2bac4-ea14-4a92-ad00-7ecf8c69770d:172.17.0.2:39381, 21e928e7-b178-40d2-b19b-ea853389ee6e:172.17.0.2:38179, addd0e4b-8b83-4fcf-9561-846eae7ff551:172.17.0.2:35621], old=null
2020-06-27 08:27:55,816 [7ac2bac4-ea14-4a92-ad00-7ecf8c69770d@group-DE40DCD8EE57-LeaderElection2] INFO  impl.RoleInfo (RoleInfo.java:shutdownLeaderElection(134)) - 7ac2bac4-ea14-4a92-ad00-7ecf8c69770d: shutdown LeaderElection
2020-06-27 08:27:55,816 [7ac2bac4-ea14-4a92-ad00-7ecf8c69770d@group-DE40DCD8EE57-LeaderElection2] INFO  impl.RaftServerImpl (RaftServerImpl.java:setRole(175)) - 7ac2bac4-ea14-4a92-ad00-7ecf8c69770d@group-DE40DCD8EE57: changes role from CANDIDATE to LEADER at term 1 for changeToLeader
2020-06-27 08:27:55,816 [7ac2bac4-ea14-4a92-ad00-7ecf8c69770d@group-DE40DCD8EE57-LeaderElection2] INFO  ratis.XceiverServerRatis (XceiverServerRatis.java:handleLeaderChangedNotification(762)) - Leader change notification received for group: group-DE40DCD8EE57 with new leaderId: 7ac2bac4-ea14-4a92-ad00-7ecf8c69770d
2020-06-27 08:27:55,816 [7ac2bac4-ea14-4a92-ad00-7ecf8c69770d@group-DE40DCD8EE57-LeaderElection2] INFO  impl.RaftServerImpl (ServerState.java:setLeader(255)) - 7ac2bac4-ea14-4a92-ad00-7ecf8c69770d@group-DE40DCD8EE57: change Leader from null to 7ac2bac4-ea14-4a92-ad00-7ecf8c69770d at term 1 for becomeLeader, leader elected after 5190ms
2020-06-27 08:27:55,816 [7ac2bac4-ea14-4a92-ad00-7ecf8c69770d@group-DE40DCD8EE57-LeaderElection2] INFO  server.RaftServerConfigKeys (ConfUtils.java:logGet(44)) - raft.server.staging.catchup.gap = 1000 (default)
2020-06-27 08:27:55,816 [7ac2bac4-ea14-4a92-ad00-7ecf8c69770d@group-DE40DCD8EE57-LeaderElection2] INFO  server.RaftServerConfigKeys (ConfUtils.java:logGet(44)) - raft.server.rpc.sleep.time = 25ms (default)
2020-06-27 08:27:55,816 [7ac2bac4-ea14-4a92-ad00-7ecf8c69770d@group-DE40DCD8EE57-LeaderElection2] INFO  metrics.RatisMetrics (RatisMetrics.java:lambda$create$0(36)) - Creating Metrics Registry : ratis.log_appender.7ac2bac4-ea14-4a92-ad00-7ecf8c69770d@group-DE40DCD8EE57
2020-06-27 08:27:55,816 [7ac2bac4-ea14-4a92-ad00-7ecf8c69770d@group-DE40DCD8EE57-LeaderElection2] INFO  server.RaftServerConfigKeys (ConfUtils.java:logGet(44)) - raft.server.write.element-limit = 1024 (custom)
2020-06-27 08:27:55,816 [7ac2bac4-ea14-4a92-ad00-7ecf8c69770d@group-DE40DCD8EE57-LeaderElection2] INFO  server.RaftServerConfigKeys (ConfUtils.java:logGet(44)) - raft.server.write.byte-limit = 1073741824 (custom)
2020-06-27 08:27:55,817 [7ac2bac4-ea14-4a92-ad00-7ecf8c69770d@group-DE40DCD8EE57-LeaderElection2] INFO  server.RaftServerConfigKeys (ConfUtils.java:logGet(44)) - raft.server.watch.timeout = 3s (custom)
2020-06-27 08:27:55,817 [7ac2bac4-ea14-4a92-ad00-7ecf8c69770d@group-DE40DCD8EE57-LeaderElection2] INFO  server.RaftServerConfigKeys (ConfUtils.java:logGet(44)) - raft.server.watch.timeout.denomination = 1s (default)
2020-06-27 08:27:55,817 [7ac2bac4-ea14-4a92-ad00-7ecf8c69770d@group-DE40DCD8EE57-LeaderElection2] INFO  server.RaftServerConfigKeys (ConfUtils.java:logGet(44)) - raft.server.watch.element-limit = 65536 (default)
2020-06-27 08:27:55,819 [7ac2bac4-ea14-4a92-ad00-7ecf8c69770d@group-DE40DCD8EE57-LeaderElection2] INFO  server.RaftServerConfigKeys (ConfUtils.java:logGet(44)) - raft.server.log.appender.snapshot.chunk.size.max = 16MB (=16777216) (default)
2020-06-27 08:27:55,819 [7ac2bac4-ea14-4a92-ad00-7ecf8c69770d@group-DE40DCD8EE57-LeaderElection2] INFO  server.RaftServerConfigKeys (ConfUtils.java:logGet(44)) - raft.server.log.appender.buffer.byte-limit = 33554432 (custom)
2020-06-27 08:27:55,819 [7ac2bac4-ea14-4a92-ad00-7ecf8c69770d@group-DE40DCD8EE57-LeaderElection2] INFO  server.RaftServerConfigKeys (ConfUtils.java:logGet(44)) - raft.server.log.appender.buffer.element-limit = 1 (custom)
2020-06-27 08:27:55,824 [Thread-237] INFO  impl.FollowerState (FollowerState.java:run(108)) - 21e928e7-b178-40d2-b19b-ea853389ee6e@group-0BB294C9A031-FollowerState: change to CANDIDATE, lastRpcTime:5119ms, electionTimeout:5103ms
2020-06-27 08:27:55,825 [Thread-237] INFO  impl.RoleInfo (RoleInfo.java:shutdownFollowerState(121)) - 21e928e7-b178-40d2-b19b-ea853389ee6e: shutdown FollowerState
2020-06-27 08:27:55,825 [Thread-237] INFO  impl.RaftServerImpl (RaftServerImpl.java:setRole(175)) - 21e928e7-b178-40d2-b19b-ea853389ee6e@group-0BB294C9A031: changes role from  FOLLOWER to CANDIDATE at term 0 for changeToCandidate
2020-06-27 08:27:55,825 [Thread-237] INFO  impl.RoleInfo (RoleInfo.java:updateAndGet(143)) - 21e928e7-b178-40d2-b19b-ea853389ee6e: start LeaderElection
2020-06-27 08:27:55,826 [EventQueue-PipelineReportForPipelineReportHandler] INFO  pipeline.PipelineStateManager (PipelineStateManager.java:openPipeline(131)) - Pipeline Pipeline[ Id: 19f6dbb0-0442-4a6e-86d0-de40dcd8ee57, Nodes: addd0e4b-8b83-4fcf-9561-846eae7ff551{ip: 172.17.0.2, host: 23863634748d, networkLocation: /default-rack, certSerialId: null}7ac2bac4-ea14-4a92-ad00-7ecf8c69770d{ip: 172.17.0.2, host: 23863634748d, networkLocation: /default-rack, certSerialId: null}21e928e7-b178-40d2-b19b-ea853389ee6e{ip: 172.17.0.2, host: 23863634748d, networkLocation: /default-rack, certSerialId: null}, Type:RATIS, Factor:THREE, State:ALLOCATED, leaderId:7ac2bac4-ea14-4a92-ad00-7ecf8c69770d, CreationTimestamp2020-06-27T08:27:47.622Z] moved to OPEN state
2020-06-27 08:27:55,827 [EventQueue-OpenPipelineForHealthyPipelineSafeModeRule] INFO  safemode.SCMSafeModeManager (HealthyPipelineSafeModeRule.java:process(132)) - SCM in safe mode. Healthy pipelines reported count is 1, required healthy pipeline reported count is 1
2020-06-27 08:27:55,827 [EventQueue-OpenPipelineForHealthyPipelineSafeModeRule] INFO  safemode.SCMSafeModeManager (SCMSafeModeManager.java:validateSafeModeExitRules(214)) - HealthyPipelineSafeModeRule rule is successfully validated
2020-06-27 08:27:55,827 [EventQueue-OpenPipelineForHealthyPipelineSafeModeRule] INFO  safemode.SCMSafeModeManager (SCMSafeModeManager.java:validateSafeModeExitRules(228)) - ScmSafeModeManager, all rules are successfully validated
2020-06-27 08:27:55,827 [EventQueue-OpenPipelineForHealthyPipelineSafeModeRule] INFO  safemode.SCMSafeModeManager (SCMSafeModeManager.java:exitSafeMode(257)) - SCM exiting safe mode.
2020-06-27 08:27:55,828 [Thread-241] INFO  impl.FollowerState (FollowerState.java:run(108)) - 34efc206-1f67-4a18-aa05-bd0f2a1ef0e4@group-E5F7CA26C789-FollowerState: change to CANDIDATE, lastRpcTime:5032ms, electionTimeout:5023ms
2020-06-27 08:27:55,828 [Thread-241] INFO  impl.RoleInfo (RoleInfo.java:shutdownFollowerState(121)) - 34efc206-1f67-4a18-aa05-bd0f2a1ef0e4: shutdown FollowerState
2020-06-27 08:27:55,829 [Thread-241] INFO  impl.RaftServerImpl (RaftServerImpl.java:setRole(175)) - 34efc206-1f67-4a18-aa05-bd0f2a1ef0e4@group-E5F7CA26C789: changes role from  FOLLOWER to CANDIDATE at term 0 for changeToCandidate
2020-06-27 08:27:55,829 [Thread-241] INFO  impl.RoleInfo (RoleInfo.java:updateAndGet(143)) - 34efc206-1f67-4a18-aa05-bd0f2a1ef0e4: start LeaderElection
2020-06-27 08:27:55,834 [7ac2bac4-ea14-4a92-ad00-7ecf8c69770d@group-DE40DCD8EE57-LeaderElection2] INFO  grpc.GrpcConfigKeys (ConfUtils.java:logGet(44)) - raft.grpc.server.leader.outstanding.appends.max = 128 (default)
2020-06-27 08:27:55,834 [7ac2bac4-ea14-4a92-ad00-7ecf8c69770d@group-DE40DCD8EE57-LeaderElection2] INFO  server.RaftServerConfigKeys (ConfUtils.java:logGet(44)) - raft.server.rpc.request.timeout = 3s (default)
2020-06-27 08:27:55,835 [7ac2bac4-ea14-4a92-ad00-7ecf8c69770d@group-DE40DCD8EE57-LeaderElection2] INFO  server.RaftServerConfigKeys (ConfUtils.java:logGet(44)) - raft.server.log.appender.install.snapshot.enabled = false (custom)
2020-06-27 08:27:55,835 [7ac2bac4-ea14-4a92-ad00-7ecf8c69770d@group-DE40DCD8EE57-LeaderElection2] INFO  metrics.RatisMetrics (RatisMetrics.java:lambda$create$0(36)) - Creating Metrics Registry : ratis_grpc.log_appender.7ac2bac4-ea14-4a92-ad00-7ecf8c69770d@group-DE40DCD8EE57
2020-06-27 08:27:55,838 [21e928e7-b178-40d2-b19b-ea853389ee6e@group-0BB294C9A031-LeaderElection4] INFO  impl.LeaderElection (LeaderElection.java:askForVotes(206)) - 21e928e7-b178-40d2-b19b-ea853389ee6e@group-0BB294C9A031-LeaderElection4: begin an election at term 1 for -1: [21e928e7-b178-40d2-b19b-ea853389ee6e:172.17.0.2:38179], old=null
2020-06-27 08:27:55,838 [21e928e7-b178-40d2-b19b-ea853389ee6e@group-0BB294C9A031-LeaderElection4] INFO  impl.RoleInfo (RoleInfo.java:shutdownLeaderElection(134)) - 21e928e7-b178-40d2-b19b-ea853389ee6e: shutdown LeaderElection
2020-06-27 08:27:55,838 [21e928e7-b178-40d2-b19b-ea853389ee6e@group-0BB294C9A031-LeaderElection4] INFO  impl.RaftServerImpl (RaftServerImpl.java:setRole(175)) - 21e928e7-b178-40d2-b19b-ea853389ee6e@group-0BB294C9A031: changes role from CANDIDATE to LEADER at term 1 for changeToLeader
2020-06-27 08:27:55,838 [21e928e7-b178-40d2-b19b-ea853389ee6e@group-0BB294C9A031-LeaderElection4] INFO  ratis.XceiverServerRatis (XceiverServerRatis.java:handleLeaderChangedNotification(762)) - Leader change notification received for group: group-0BB294C9A031 with new leaderId: 21e928e7-b178-40d2-b19b-ea853389ee6e
2020-06-27 08:27:55,838 [21e928e7-b178-40d2-b19b-ea853389ee6e@group-0BB294C9A031-LeaderElection4] INFO  impl.RaftServerImpl (ServerState.java:setLeader(255)) - 21e928e7-b178-40d2-b19b-ea853389ee6e@group-0BB294C9A031: change Leader from null to 21e928e7-b178-40d2-b19b-ea853389ee6e at term 1 for becomeLeader, leader elected after 5158ms
2020-06-27 08:27:55,838 [21e928e7-b178-40d2-b19b-ea853389ee6e@group-0BB294C9A031-LeaderElection4] INFO  server.RaftServerConfigKeys (ConfUtils.java:logGet(44)) - raft.server.staging.catchup.gap = 1000 (default)
2020-06-27 08:27:55,838 [21e928e7-b178-40d2-b19b-ea853389ee6e@group-0BB294C9A031-LeaderElection4] INFO  server.RaftServerConfigKeys (ConfUtils.java:logGet(44)) - raft.server.rpc.sleep.time = 25ms (default)
2020-06-27 08:27:55,838 [21e928e7-b178-40d2-b19b-ea853389ee6e@group-0BB294C9A031-LeaderElection4] INFO  metrics.RatisMetrics (RatisMetrics.java:lambda$create$0(36)) - Creating Metrics Registry : ratis.log_appender.21e928e7-b178-40d2-b19b-ea853389ee6e@group-0BB294C9A031
2020-06-27 08:27:55,838 [21e928e7-b178-40d2-b19b-ea853389ee6e@group-0BB294C9A031-LeaderElection4] INFO  server.RaftServerConfigKeys (ConfUtils.java:logGet(44)) - raft.server.write.element-limit = 1024 (custom)
2020-06-27 08:27:55,839 [21e928e7-b178-40d2-b19b-ea853389ee6e@group-0BB294C9A031-LeaderElection4] INFO  server.RaftServerConfigKeys (ConfUtils.java:logGet(44)) - raft.server.write.byte-limit = 1073741824 (custom)
2020-06-27 08:27:55,839 [21e928e7-b178-40d2-b19b-ea853389ee6e@group-0BB294C9A031-LeaderElection4] INFO  server.RaftServerConfigKeys (ConfUtils.java:logGet(44)) - raft.server.watch.timeout = 3s (custom)
2020-06-27 08:27:55,840 [21e928e7-b178-40d2-b19b-ea853389ee6e@group-0BB294C9A031-LeaderElection4] INFO  server.RaftServerConfigKeys (ConfUtils.java:logGet(44)) - raft.server.watch.timeout.denomination = 1s (default)
2020-06-27 08:27:55,840 [21e928e7-b178-40d2-b19b-ea853389ee6e@group-0BB294C9A031-LeaderElection4] INFO  server.RaftServerConfigKeys (ConfUtils.java:logGet(44)) - raft.server.watch.element-limit = 65536 (default)
2020-06-27 08:27:55,840 [21e928e7-b178-40d2-b19b-ea853389ee6e@group-0BB294C9A031-LeaderElection4] INFO  impl.RoleInfo (RoleInfo.java:updateAndGet(143)) - 21e928e7-b178-40d2-b19b-ea853389ee6e: start LeaderState
2020-06-27 08:27:55,840 [21e928e7-b178-40d2-b19b-ea853389ee6e@group-0BB294C9A031-LeaderElection4] INFO  segmented.SegmentedRaftLogWorker (SegmentedRaftLogWorker.java:startLogSegment(397)) - 21e928e7-b178-40d2-b19b-ea853389ee6e@group-0BB294C9A031-SegmentedRaftLogWorker: Starting segment from index:0
2020-06-27 08:27:55,842 [7ac2bac4-ea14-4a92-ad00-7ecf8c69770d@group-DE40DCD8EE57-LeaderElection2] INFO  server.RaftServerConfigKeys (ConfUtils.java:logGet(44)) - raft.server.log.appender.snapshot.chunk.size.max = 16MB (=16777216) (default)
2020-06-27 08:27:55,842 [7ac2bac4-ea14-4a92-ad00-7ecf8c69770d@group-DE40DCD8EE57-LeaderElection2] INFO  server.RaftServerConfigKeys (ConfUtils.java:logGet(44)) - raft.server.log.appender.buffer.byte-limit = 33554432 (custom)
2020-06-27 08:27:55,842 [7ac2bac4-ea14-4a92-ad00-7ecf8c69770d@group-DE40DCD8EE57-LeaderElection2] INFO  server.RaftServerConfigKeys (ConfUtils.java:logGet(44)) - raft.server.log.appender.buffer.element-limit = 1 (custom)
2020-06-27 08:27:55,842 [7ac2bac4-ea14-4a92-ad00-7ecf8c69770d@group-DE40DCD8EE57-LeaderElection2] INFO  grpc.GrpcConfigKeys (ConfUtils.java:logGet(44)) - raft.grpc.server.leader.outstanding.appends.max = 128 (default)
2020-06-27 08:27:55,842 [7ac2bac4-ea14-4a92-ad00-7ecf8c69770d@group-DE40DCD8EE57-LeaderElection2] INFO  server.RaftServerConfigKeys (ConfUtils.java:logGet(44)) - raft.server.rpc.request.timeout = 3s (default)
2020-06-27 08:27:55,842 [7ac2bac4-ea14-4a92-ad00-7ecf8c69770d@group-DE40DCD8EE57-LeaderElection2] INFO  server.RaftServerConfigKeys (ConfUtils.java:logGet(44)) - raft.server.log.appender.install.snapshot.enabled = false (custom)
2020-06-27 08:27:55,845 [21e928e7-b178-40d2-b19b-ea853389ee6e@group-0BB294C9A031-LeaderElection4] INFO  impl.RaftServerImpl (ServerState.java:setRaftConf(356)) - 21e928e7-b178-40d2-b19b-ea853389ee6e@group-0BB294C9A031: set configuration 0: [21e928e7-b178-40d2-b19b-ea853389ee6e:172.17.0.2:38179], old=null at 0
2020-06-27 08:27:55,849 [34efc206-1f67-4a18-aa05-bd0f2a1ef0e4@group-E5F7CA26C789-LeaderElection5] INFO  impl.LeaderElection (LeaderElection.java:askForVotes(206)) - 34efc206-1f67-4a18-aa05-bd0f2a1ef0e4@group-E5F7CA26C789-LeaderElection5: begin an election at term 1 for -1: [34efc206-1f67-4a18-aa05-bd0f2a1ef0e4:172.17.0.2:36253], old=null
2020-06-27 08:27:55,849 [34efc206-1f67-4a18-aa05-bd0f2a1ef0e4@group-E5F7CA26C789-LeaderElection5] INFO  impl.RoleInfo (RoleInfo.java:shutdownLeaderElection(134)) - 34efc206-1f67-4a18-aa05-bd0f2a1ef0e4: shutdown LeaderElection
2020-06-27 08:27:55,849 [34efc206-1f67-4a18-aa05-bd0f2a1ef0e4@group-E5F7CA26C789-LeaderElection5] INFO  impl.RaftServerImpl (RaftServerImpl.java:setRole(175)) - 34efc206-1f67-4a18-aa05-bd0f2a1ef0e4@group-E5F7CA26C789: changes role from CANDIDATE to LEADER at term 1 for changeToLeader
2020-06-27 08:27:55,849 [34efc206-1f67-4a18-aa05-bd0f2a1ef0e4@group-E5F7CA26C789-LeaderElection5] INFO  ratis.XceiverServerRatis (XceiverServerRatis.java:handleLeaderChangedNotification(762)) - Leader change notification received for group: group-E5F7CA26C789 with new leaderId: 34efc206-1f67-4a18-aa05-bd0f2a1ef0e4
2020-06-27 08:27:55,849 [34efc206-1f67-4a18-aa05-bd0f2a1ef0e4@group-E5F7CA26C789-LeaderElection5] INFO  impl.RaftServerImpl (ServerState.java:setLeader(255)) - 34efc206-1f67-4a18-aa05-bd0f2a1ef0e4@group-E5F7CA26C789: change Leader from null to 34efc206-1f67-4a18-aa05-bd0f2a1ef0e4 at term 1 for becomeLeader, leader elected after 5094ms
2020-06-27 08:27:55,849 [34efc206-1f67-4a18-aa05-bd0f2a1ef0e4@group-E5F7CA26C789-LeaderElection5] INFO  server.RaftServerConfigKeys (ConfUtils.java:logGet(44)) - raft.server.staging.catchup.gap = 1000 (default)
2020-06-27 08:27:55,849 [34efc206-1f67-4a18-aa05-bd0f2a1ef0e4@group-E5F7CA26C789-LeaderElection5] INFO  server.RaftServerConfigKeys (ConfUtils.java:logGet(44)) - raft.server.rpc.sleep.time = 25ms (default)
2020-06-27 08:27:55,852 [34efc206-1f67-4a18-aa05-bd0f2a1ef0e4@group-E5F7CA26C789-LeaderElection5] INFO  metrics.RatisMetrics (RatisMetrics.java:lambda$create$0(36)) - Creating Metrics Registry : ratis.log_appender.34efc206-1f67-4a18-aa05-bd0f2a1ef0e4@group-E5F7CA26C789
2020-06-27 08:27:55,856 [34efc206-1f67-4a18-aa05-bd0f2a1ef0e4@group-E5F7CA26C789-LeaderElection5] INFO  server.RaftServerConfigKeys (ConfUtils.java:logGet(44)) - raft.server.write.element-limit = 1024 (custom)
2020-06-27 08:27:55,856 [34efc206-1f67-4a18-aa05-bd0f2a1ef0e4@group-E5F7CA26C789-LeaderElection5] INFO  server.RaftServerConfigKeys (ConfUtils.java:logGet(44)) - raft.server.write.byte-limit = 1073741824 (custom)
2020-06-27 08:27:55,856 [34efc206-1f67-4a18-aa05-bd0f2a1ef0e4@group-E5F7CA26C789-LeaderElection5] INFO  server.RaftServerConfigKeys (ConfUtils.java:logGet(44)) - raft.server.watch.timeout = 3s (custom)
2020-06-27 08:27:55,856 [34efc206-1f67-4a18-aa05-bd0f2a1ef0e4@group-E5F7CA26C789-LeaderElection5] INFO  server.RaftServerConfigKeys (ConfUtils.java:logGet(44)) - raft.server.watch.timeout.denomination = 1s (default)
2020-06-27 08:27:55,856 [34efc206-1f67-4a18-aa05-bd0f2a1ef0e4@group-E5F7CA26C789-LeaderElection5] INFO  server.RaftServerConfigKeys (ConfUtils.java:logGet(44)) - raft.server.watch.element-limit = 65536 (default)
2020-06-27 08:27:55,857 [34efc206-1f67-4a18-aa05-bd0f2a1ef0e4@group-E5F7CA26C789-LeaderElection5] INFO  impl.RoleInfo (RoleInfo.java:updateAndGet(143)) - 34efc206-1f67-4a18-aa05-bd0f2a1ef0e4: start LeaderState
2020-06-27 08:27:55,860 [34efc206-1f67-4a18-aa05-bd0f2a1ef0e4@group-E5F7CA26C789-LeaderElection5] INFO  segmented.SegmentedRaftLogWorker (SegmentedRaftLogWorker.java:startLogSegment(397)) - 34efc206-1f67-4a18-aa05-bd0f2a1ef0e4@group-E5F7CA26C789-SegmentedRaftLogWorker: Starting segment from index:0
2020-06-27 08:27:55,861 [7ac2bac4-ea14-4a92-ad00-7ecf8c69770d@group-DE40DCD8EE57-LeaderElection2] INFO  impl.RoleInfo (RoleInfo.java:updateAndGet(143)) - 7ac2bac4-ea14-4a92-ad00-7ecf8c69770d: start LeaderState
2020-06-27 08:27:55,861 [7ac2bac4-ea14-4a92-ad00-7ecf8c69770d@group-DE40DCD8EE57-LeaderElection2] INFO  segmented.SegmentedRaftLogWorker (SegmentedRaftLogWorker.java:startLogSegment(397)) - 7ac2bac4-ea14-4a92-ad00-7ecf8c69770d@group-DE40DCD8EE57-SegmentedRaftLogWorker: Starting segment from index:0
2020-06-27 08:27:55,869 [34efc206-1f67-4a18-aa05-bd0f2a1ef0e4@group-E5F7CA26C789-LeaderElection5] INFO  impl.RaftServerImpl (ServerState.java:setRaftConf(356)) - 34efc206-1f67-4a18-aa05-bd0f2a1ef0e4@group-E5F7CA26C789: set configuration 0: [34efc206-1f67-4a18-aa05-bd0f2a1ef0e4:172.17.0.2:36253], old=null at 0
2020-06-27 08:27:55,893 [7ac2bac4-ea14-4a92-ad00-7ecf8c69770d@group-DE40DCD8EE57-LeaderElection2] INFO  impl.RaftServerImpl (ServerState.java:setRaftConf(356)) - 7ac2bac4-ea14-4a92-ad00-7ecf8c69770d@group-DE40DCD8EE57: set configuration 0: [7ac2bac4-ea14-4a92-ad00-7ecf8c69770d:172.17.0.2:39381, 21e928e7-b178-40d2-b19b-ea853389ee6e:172.17.0.2:38179, addd0e4b-8b83-4fcf-9561-846eae7ff551:172.17.0.2:35621], old=null at 0
2020-06-27 08:27:55,912 [grpc-default-executor-5] INFO  ratis.XceiverServerRatis (XceiverServerRatis.java:handleLeaderChangedNotification(762)) - Leader change notification received for group: group-DE40DCD8EE57 with new leaderId: 7ac2bac4-ea14-4a92-ad00-7ecf8c69770d
2020-06-27 08:27:55,912 [grpc-default-executor-5] INFO  impl.RaftServerImpl (ServerState.java:setLeader(255)) - 21e928e7-b178-40d2-b19b-ea853389ee6e@group-DE40DCD8EE57: change Leader from null to 7ac2bac4-ea14-4a92-ad00-7ecf8c69770d at term 1 for appendEntries, leader elected after 5158ms
2020-06-27 08:27:55,913 [grpc-default-executor-3] INFO  ratis.XceiverServerRatis (XceiverServerRatis.java:handleLeaderChangedNotification(762)) - Leader change notification received for group: group-DE40DCD8EE57 with new leaderId: 7ac2bac4-ea14-4a92-ad00-7ecf8c69770d
2020-06-27 08:27:55,914 [grpc-default-executor-3] INFO  impl.RaftServerImpl (ServerState.java:setLeader(255)) - addd0e4b-8b83-4fcf-9561-846eae7ff551@group-DE40DCD8EE57: change Leader from null to 7ac2bac4-ea14-4a92-ad00-7ecf8c69770d at term 1 for appendEntries, leader elected after 5234ms
2020-06-27 08:27:55,931 [7ac2bac4-ea14-4a92-ad00-7ecf8c69770d@group-DE40DCD8EE57-SegmentedRaftLogWorker] INFO  segmented.SegmentedRaftLogWorker (SegmentedRaftLogWorker.java:execute(596)) - 7ac2bac4-ea14-4a92-ad00-7ecf8c69770d@group-DE40DCD8EE57-SegmentedRaftLogWorker: created new log segment /github/workspace/mnt/ozone/hadoop-ozone/integration-test/target/test-dir/MiniOzoneClusterImpl-8eb50a3f-c1ff-437a-8e18-e0505f09b26f/datanode-1/data/ratis/19f6dbb0-0442-4a6e-86d0-de40dcd8ee57/current/log_inprogress_0
2020-06-27 08:27:55,931 [21e928e7-b178-40d2-b19b-ea853389ee6e@group-0BB294C9A031-SegmentedRaftLogWorker] INFO  segmented.SegmentedRaftLogWorker (SegmentedRaftLogWorker.java:execute(596)) - 21e928e7-b178-40d2-b19b-ea853389ee6e@group-0BB294C9A031-SegmentedRaftLogWorker: created new log segment /github/workspace/mnt/ozone/hadoop-ozone/integration-test/target/test-dir/MiniOzoneClusterImpl-8eb50a3f-c1ff-437a-8e18-e0505f09b26f/datanode-2/data/ratis/2d02a235-a3a0-4b96-b0c1-0bb294c9a031/current/log_inprogress_0
2020-06-27 08:27:55,931 [34efc206-1f67-4a18-aa05-bd0f2a1ef0e4@group-E5F7CA26C789-SegmentedRaftLogWorker] INFO  segmented.SegmentedRaftLogWorker (SegmentedRaftLogWorker.java:execute(596)) - 34efc206-1f67-4a18-aa05-bd0f2a1ef0e4@group-E5F7CA26C789-SegmentedRaftLogWorker: created new log segment /github/workspace/mnt/ozone/hadoop-ozone/integration-test/target/test-dir/MiniOzoneClusterImpl-8eb50a3f-c1ff-437a-8e18-e0505f09b26f/datanode-3/data/ratis/8943729a-9837-4ba3-8905-e5f7ca26c789/current/log_inprogress_0
2020-06-27 08:27:55,931 [7ac2bac4-ea14-4a92-ad00-7ecf8c69770d@group-420AD1130D14-SegmentedRaftLogWorker] INFO  segmented.SegmentedRaftLogWorker (SegmentedRaftLogWorker.java:execute(596)) - 7ac2bac4-ea14-4a92-ad00-7ecf8c69770d@group-420AD1130D14-SegmentedRaftLogWorker: created new log segment /github/workspace/mnt/ozone/hadoop-ozone/integration-test/target/test-dir/MiniOzoneClusterImpl-8eb50a3f-c1ff-437a-8e18-e0505f09b26f/datanode-1/data/ratis/8e577ec2-9b88-4076-9040-420ad1130d14/current/log_inprogress_0
2020-06-27 08:27:55,932 [addd0e4b-8b83-4fcf-9561-846eae7ff551@group-F3BC6E991ADA-SegmentedRaftLogWorker] INFO  segmented.SegmentedRaftLogWorker (SegmentedRaftLogWorker.java:execute(596)) - addd0e4b-8b83-4fcf-9561-846eae7ff551@group-F3BC6E991ADA-SegmentedRaftLogWorker: created new log segment /github/workspace/mnt/ozone/hadoop-ozone/integration-test/target/test-dir/MiniOzoneClusterImpl-8eb50a3f-c1ff-437a-8e18-e0505f09b26f/datanode-0/data/ratis/fdba43ff-668e-480b-8ad7-f3bc6e991ada/current/log_inprogress_0
2020-06-27 08:27:55,934 [grpc-default-executor-3] DEBUG impl.RaftServerImpl (RaftServerImpl.java:logAppendEntries(928)) - addd0e4b-8b83-4fcf-9561-846eae7ff551@group-DE40DCD8EE57: receive appendEntries(7ac2bac4-ea14-4a92-ad00-7ecf8c69770d, 1, null, -1, false, commits[7ac2bac4-ea14-4a92-ad00-7ecf8c69770d:c-1, 21e928e7-b178-40d2-b19b-ea853389ee6e:c-1, addd0e4b-8b83-4fcf-9561-846eae7ff551:c-1], entries: (t:1, i:0), CONFIGURATIONENTRY
2020-06-27 08:27:55,938 [grpc-default-executor-4] DEBUG server.GrpcLogAppender (GrpcLogAppender.java:onNext(257)) - 7ac2bac4-ea14-4a92-ad00-7ecf8c69770d@group-DE40DCD8EE57->21e928e7-b178-40d2-b19b-ea853389ee6e-AppendLogResponseHandler: received the first reply 7ac2bac4-ea14-4a92-ad00-7ecf8c69770d<-21e928e7-b178-40d2-b19b-ea853389ee6e#0:OK,SUCCESS,nextIndex:0,term:1,followerCommit:-1, request=AppendEntriesRequest:cid=0,entriesCount=0,lastEntry=null
2020-06-27 08:27:55,939 [grpc-default-executor-5] DEBUG impl.RaftServerImpl (RaftServerImpl.java:logAppendEntries(928)) - 21e928e7-b178-40d2-b19b-ea853389ee6e@group-DE40DCD8EE57: receive appendEntries(7ac2bac4-ea14-4a92-ad00-7ecf8c69770d, 1, null, -1, false, commits[7ac2bac4-ea14-4a92-ad00-7ecf8c69770d:c-1, 21e928e7-b178-40d2-b19b-ea853389ee6e:c-1, addd0e4b-8b83-4fcf-9561-846eae7ff551:c-1], entries: (t:1, i:0), CONFIGURATIONENTRY
2020-06-27 08:27:55,947 [grpc-default-executor-3] INFO  impl.RaftServerImpl (ServerState.java:setRaftConf(356)) - addd0e4b-8b83-4fcf-9561-846eae7ff551@group-DE40DCD8EE57: set configuration 0: [7ac2bac4-ea14-4a92-ad00-7ecf8c69770d:172.17.0.2:39381, 21e928e7-b178-40d2-b19b-ea853389ee6e:172.17.0.2:38179, addd0e4b-8b83-4fcf-9561-846eae7ff551:172.17.0.2:35621], old=null at 0
2020-06-27 08:27:55,948 [grpc-default-executor-5] INFO  impl.RaftServerImpl (ServerState.java:setRaftConf(356)) - 21e928e7-b178-40d2-b19b-ea853389ee6e@group-DE40DCD8EE57: set configuration 0: [7ac2bac4-ea14-4a92-ad00-7ecf8c69770d:172.17.0.2:39381, 21e928e7-b178-40d2-b19b-ea853389ee6e:172.17.0.2:38179, addd0e4b-8b83-4fcf-9561-846eae7ff551:172.17.0.2:35621], old=null at 0
2020-06-27 08:27:55,951 [grpc-default-executor-3] INFO  segmented.SegmentedRaftLogWorker (SegmentedRaftLogWorker.java:startLogSegment(397)) - addd0e4b-8b83-4fcf-9561-846eae7ff551@group-DE40DCD8EE57-SegmentedRaftLogWorker: Starting segment from index:0
2020-06-27 08:27:55,954 [grpc-default-executor-5] INFO  segmented.SegmentedRaftLogWorker (SegmentedRaftLogWorker.java:startLogSegment(397)) - 21e928e7-b178-40d2-b19b-ea853389ee6e@group-DE40DCD8EE57-SegmentedRaftLogWorker: Starting segment from index:0
2020-06-27 08:27:55,954 [grpc-default-executor-3] DEBUG server.GrpcLogAppender (GrpcLogAppender.java:onNext(257)) - 7ac2bac4-ea14-4a92-ad00-7ecf8c69770d@group-DE40DCD8EE57->addd0e4b-8b83-4fcf-9561-846eae7ff551-AppendLogResponseHandler: received the first reply 7ac2bac4-ea14-4a92-ad00-7ecf8c69770d<-addd0e4b-8b83-4fcf-9561-846eae7ff551#0:OK,SUCCESS,nextIndex:1,term:1,followerCommit:-1, request=AppendEntriesRequest:cid=0,entriesCount=0,lastEntry=null
2020-06-27 08:27:55,954 [addd0e4b-8b83-4fcf-9561-846eae7ff551@group-DE40DCD8EE57-SegmentedRaftLogWorker] INFO  segmented.SegmentedRaftLogWorker (SegmentedRaftLogWorker.java:execute(596)) - addd0e4b-8b83-4fcf-9561-846eae7ff551@group-DE40DCD8EE57-SegmentedRaftLogWorker: created new log segment /github/workspace/mnt/ozone/hadoop-ozone/integration-test/target/test-dir/MiniOzoneClusterImpl-8eb50a3f-c1ff-437a-8e18-e0505f09b26f/datanode-0/data/ratis/19f6dbb0-0442-4a6e-86d0-de40dcd8ee57/current/log_inprogress_0
2020-06-27 08:27:55,955 [21e928e7-b178-40d2-b19b-ea853389ee6e@group-DE40DCD8EE57-SegmentedRaftLogWorker] INFO  segmented.SegmentedRaftLogWorker (SegmentedRaftLogWorker.java:execute(596)) - 21e928e7-b178-40d2-b19b-ea853389ee6e@group-DE40DCD8EE57-SegmentedRaftLogWorker: created new log segment /github/workspace/mnt/ozone/hadoop-ozone/integration-test/target/test-dir/MiniOzoneClusterImpl-8eb50a3f-c1ff-437a-8e18-e0505f09b26f/datanode-2/data/ratis/19f6dbb0-0442-4a6e-86d0-de40dcd8ee57/current/log_inprogress_0
2020-06-27 08:27:55,960 [Thread-312] DEBUG impl.RaftServerImpl (RaftServerImpl.java:logAppendEntries(928)) - addd0e4b-8b83-4fcf-9561-846eae7ff551@group-DE40DCD8EE57: succeeded to handle AppendEntries. Reply: 7ac2bac4-ea14-4a92-ad00-7ecf8c69770d<-addd0e4b-8b83-4fcf-9561-846eae7ff551#1:OK,SUCCESS,nextIndex:1,term:1,followerCommit:-1
2020-06-27 08:27:55,961 [grpc-default-executor-3] DEBUG server.GrpcLogAppender (GrpcLogAppender.java:onNext(257)) - 7ac2bac4-ea14-4a92-ad00-7ecf8c69770d@group-DE40DCD8EE57->addd0e4b-8b83-4fcf-9561-846eae7ff551-AppendLogResponseHandler: received a reply 7ac2bac4-ea14-4a92-ad00-7ecf8c69770d<-addd0e4b-8b83-4fcf-9561-846eae7ff551#1:OK,SUCCESS,nextIndex:1,term:1,followerCommit:-1, request=AppendEntriesRequest:cid=1,entriesCount=1,lastEntry=(t:1, i:0)
2020-06-27 08:27:55,964 [Thread-313] DEBUG impl.RaftServerImpl (RaftServerImpl.java:logAppendEntries(928)) - 21e928e7-b178-40d2-b19b-ea853389ee6e@group-DE40DCD8EE57: succeeded to handle AppendEntries. Reply: 7ac2bac4-ea14-4a92-ad00-7ecf8c69770d<-21e928e7-b178-40d2-b19b-ea853389ee6e#1:OK,SUCCESS,nextIndex:1,term:1,followerCommit:-1
2020-06-27 08:27:55,965 [grpc-default-executor-3] DEBUG server.GrpcLogAppender (GrpcLogAppender.java:onNext(257)) - 7ac2bac4-ea14-4a92-ad00-7ecf8c69770d@group-DE40DCD8EE57->21e928e7-b178-40d2-b19b-ea853389ee6e-AppendLogResponseHandler: received a reply 7ac2bac4-ea14-4a92-ad00-7ecf8c69770d<-21e928e7-b178-40d2-b19b-ea853389ee6e#1:OK,SUCCESS,nextIndex:1,term:1,followerCommit:-1, request=AppendEntriesRequest:cid=1,entriesCount=1,lastEntry=(t:1, i:0)
2020-06-27 08:27:55,968 [Listener at 127.0.0.1/46381] INFO  ozone.MiniOzoneClusterImpl (MiniOzoneClusterImpl.java:lambda$waitForClusterToBeReady$0(177)) - Nodes are ready. Got 7 of 7 DN Heartbeats.
2020-06-27 08:27:55,969 [Listener at 127.0.0.1/46381] INFO  ozone.MiniOzoneClusterImpl (MiniOzoneClusterImpl.java:lambda$waitForClusterToBeReady$0(180)) - Cluster exits safe mode
2020-06-27 08:27:56,164 [Thread-255] INFO  impl.FollowerState (FollowerState.java:run(108)) - b9f13683-3178-4f3b-aaab-40506ece2b5f@group-8F61066D079E-FollowerState: change to CANDIDATE, lastRpcTime:5056ms, electionTimeout:5045ms
2020-06-27 08:27:56,164 [Thread-255] INFO  impl.RoleInfo (RoleInfo.java:shutdownFollowerState(121)) - b9f13683-3178-4f3b-aaab-40506ece2b5f: shutdown FollowerState
2020-06-27 08:27:56,164 [Thread-255] INFO  impl.RaftServerImpl (RaftServerImpl.java:setRole(175)) - b9f13683-3178-4f3b-aaab-40506ece2b5f@group-8F61066D079E: changes role from  FOLLOWER to CANDIDATE at term 0 for changeToCandidate
2020-06-27 08:27:56,165 [Thread-255] INFO  impl.RoleInfo (RoleInfo.java:updateAndGet(143)) - b9f13683-3178-4f3b-aaab-40506ece2b5f: start LeaderElection
2020-06-27 08:27:56,166 [Thread-249] INFO  impl.FollowerState (FollowerState.java:run(108)) - 7f53e279-916a-4fed-90de-23e9c25f9e31@group-EDAE14BFB10F-FollowerState: change to CANDIDATE, lastRpcTime:5203ms, electionTimeout:5104ms
2020-06-27 08:27:56,166 [Thread-245] INFO  impl.FollowerState (FollowerState.java:run(108)) - 34efc206-1f67-4a18-aa05-bd0f2a1ef0e4@group-EDAE14BFB10F-FollowerState: change to CANDIDATE, lastRpcTime:5307ms, electionTimeout:5179ms
2020-06-27 08:27:56,166 [Thread-247] INFO  impl.FollowerState (FollowerState.java:run(108)) - 7f53e279-916a-4fed-90de-23e9c25f9e31@group-20229F0E4A6C-FollowerState: change to CANDIDATE, lastRpcTime:5272ms, electionTimeout:5132ms
2020-06-27 08:27:56,167 [Thread-249] INFO  impl.RoleInfo (RoleInfo.java:shutdownFollowerState(121)) - 7f53e279-916a-4fed-90de-23e9c25f9e31: shutdown FollowerState
2020-06-27 08:27:56,167 [Thread-249] INFO  impl.RaftServerImpl (RaftServerImpl.java:setRole(175)) - 7f53e279-916a-4fed-90de-23e9c25f9e31@group-EDAE14BFB10F: changes role from  FOLLOWER to CANDIDATE at term 0 for changeToCandidate
2020-06-27 08:27:56,167 [Thread-249] INFO  impl.RoleInfo (RoleInfo.java:updateAndGet(143)) - 7f53e279-916a-4fed-90de-23e9c25f9e31: start LeaderElection
2020-06-27 08:27:56,167 [Thread-245] INFO  impl.RoleInfo (RoleInfo.java:shutdownFollowerState(121)) - 34efc206-1f67-4a18-aa05-bd0f2a1ef0e4: shutdown FollowerState
2020-06-27 08:27:56,167 [Thread-245] INFO  impl.RaftServerImpl (RaftServerImpl.java:setRole(175)) - 34efc206-1f67-4a18-aa05-bd0f2a1ef0e4@group-EDAE14BFB10F: changes role from  FOLLOWER to CANDIDATE at term 0 for changeToCandidate
2020-06-27 08:27:56,176 [Thread-245] INFO  impl.RoleInfo (RoleInfo.java:updateAndGet(143)) - 34efc206-1f67-4a18-aa05-bd0f2a1ef0e4: start LeaderElection
2020-06-27 08:27:56,177 [Thread-253] INFO  impl.FollowerState (FollowerState.java:run(108)) - a99a18fa-a15b-4cd6-a5fd-78034dfd05b4@group-EDAE14BFB10F-FollowerState: change to CANDIDATE, lastRpcTime:5096ms, electionTimeout:5083ms
2020-06-27 08:27:56,177 [Thread-253] INFO  impl.RoleInfo (RoleInfo.java:shutdownFollowerState(121)) - a99a18fa-a15b-4cd6-a5fd-78034dfd05b4: shutdown FollowerState
2020-06-27 08:27:56,177 [Thread-253] INFO  impl.RaftServerImpl (RaftServerImpl.java:setRole(175)) - a99a18fa-a15b-4cd6-a5fd-78034dfd05b4@group-EDAE14BFB10F: changes role from  FOLLOWER to CANDIDATE at term 0 for changeToCandidate
2020-06-27 08:27:56,179 [Thread-247] INFO  impl.RoleInfo (RoleInfo.java:shutdownFollowerState(121)) - 7f53e279-916a-4fed-90de-23e9c25f9e31: shutdown FollowerState
2020-06-27 08:27:56,180 [Thread-247] INFO  impl.RaftServerImpl (RaftServerImpl.java:setRole(175)) - 7f53e279-916a-4fed-90de-23e9c25f9e31@group-20229F0E4A6C: changes role from  FOLLOWER to CANDIDATE at term 0 for changeToCandidate
2020-06-27 08:27:56,180 [Thread-247] INFO  impl.RoleInfo (RoleInfo.java:updateAndGet(143)) - 7f53e279-916a-4fed-90de-23e9c25f9e31: start LeaderElection
2020-06-27 08:27:56,180 [Thread-253] INFO  impl.RoleInfo (RoleInfo.java:updateAndGet(143)) - a99a18fa-a15b-4cd6-a5fd-78034dfd05b4: start LeaderElection
2020-06-27 08:27:56,198 [Thread-251] INFO  impl.FollowerState (FollowerState.java:run(108)) - a99a18fa-a15b-4cd6-a5fd-78034dfd05b4@group-696DC5C5CF56-FollowerState: change to CANDIDATE, lastRpcTime:5162ms, electionTimeout:5154ms
2020-06-27 08:27:56,198 [Thread-251] INFO  impl.RoleInfo (RoleInfo.java:shutdownFollowerState(121)) - a99a18fa-a15b-4cd6-a5fd-78034dfd05b4: shutdown FollowerState
2020-06-27 08:27:56,198 [Thread-251] INFO  impl.RaftServerImpl (RaftServerImpl.java:setRole(175)) - a99a18fa-a15b-4cd6-a5fd-78034dfd05b4@group-696DC5C5CF56: changes role from  FOLLOWER to CANDIDATE at term 0 for changeToCandidate
2020-06-27 08:27:56,198 [Thread-251] INFO  impl.RoleInfo (RoleInfo.java:updateAndGet(143)) - a99a18fa-a15b-4cd6-a5fd-78034dfd05b4: start LeaderElection
2020-06-27 08:27:56,205 [7f53e279-916a-4fed-90de-23e9c25f9e31@group-EDAE14BFB10F-LeaderElection7] INFO  impl.LeaderElection (LeaderElection.java:askForVotes(206)) - 7f53e279-916a-4fed-90de-23e9c25f9e31@group-EDAE14BFB10F-LeaderElection7: begin an election at term 1 for -1: [7f53e279-916a-4fed-90de-23e9c25f9e31:172.17.0.2:39157, 34efc206-1f67-4a18-aa05-bd0f2a1ef0e4:172.17.0.2:36253, a99a18fa-a15b-4cd6-a5fd-78034dfd05b4:172.17.0.2:33739], old=null
2020-06-27 08:27:56,205 [b9f13683-3178-4f3b-aaab-40506ece2b5f@group-8F61066D079E-LeaderElection6] INFO  impl.LeaderElection (LeaderElection.java:askForVotes(206)) - b9f13683-3178-4f3b-aaab-40506ece2b5f@group-8F61066D079E-LeaderElection6: begin an election at term 1 for -1: [b9f13683-3178-4f3b-aaab-40506ece2b5f:172.17.0.2:45173], old=null
2020-06-27 08:27:56,205 [b9f13683-3178-4f3b-aaab-40506ece2b5f@group-8F61066D079E-LeaderElection6] INFO  impl.RoleInfo (RoleInfo.java:shutdownLeaderElection(134)) - b9f13683-3178-4f3b-aaab-40506ece2b5f: shutdown LeaderElection
2020-06-27 08:27:56,205 [b9f13683-3178-4f3b-aaab-40506ece2b5f@group-8F61066D079E-LeaderElection6] INFO  impl.RaftServerImpl (RaftServerImpl.java:setRole(175)) - b9f13683-3178-4f3b-aaab-40506ece2b5f@group-8F61066D079E: changes role from CANDIDATE to LEADER at term 1 for changeToLeader
2020-06-27 08:27:56,205 [b9f13683-3178-4f3b-aaab-40506ece2b5f@group-8F61066D079E-LeaderElection6] INFO  ratis.XceiverServerRatis (XceiverServerRatis.java:handleLeaderChangedNotification(762)) - Leader change notification received for group: group-8F61066D079E with new leaderId: b9f13683-3178-4f3b-aaab-40506ece2b5f
2020-06-27 08:27:56,208 [b9f13683-3178-4f3b-aaab-40506ece2b5f@group-8F61066D079E-LeaderElection6] INFO  impl.RaftServerImpl (ServerState.java:setLeader(255)) - b9f13683-3178-4f3b-aaab-40506ece2b5f@group-8F61066D079E: change Leader from null to b9f13683-3178-4f3b-aaab-40506ece2b5f at term 1 for becomeLeader, leader elected after 5104ms
2020-06-27 08:27:56,208 [b9f13683-3178-4f3b-aaab-40506ece2b5f@group-8F61066D079E-LeaderElection6] INFO  server.RaftServerConfigKeys (ConfUtils.java:logGet(44)) - raft.server.staging.catchup.gap = 1000 (default)
2020-06-27 08:27:56,208 [b9f13683-3178-4f3b-aaab-40506ece2b5f@group-8F61066D079E-LeaderElection6] INFO  server.RaftServerConfigKeys (ConfUtils.java:logGet(44)) - raft.server.rpc.sleep.time = 25ms (default)
2020-06-27 08:27:56,208 [b9f13683-3178-4f3b-aaab-40506ece2b5f@group-8F61066D079E-LeaderElection6] INFO  metrics.RatisMetrics (RatisMetrics.java:lambda$create$0(36)) - Creating Metrics Registry : ratis.log_appender.b9f13683-3178-4f3b-aaab-40506ece2b5f@group-8F61066D079E
2020-06-27 08:27:56,209 [b9f13683-3178-4f3b-aaab-40506ece2b5f@group-8F61066D079E-LeaderElection6] INFO  server.RaftServerConfigKeys (ConfUtils.java:logGet(44)) - raft.server.write.element-limit = 1024 (custom)
2020-06-27 08:27:56,209 [b9f13683-3178-4f3b-aaab-40506ece2b5f@group-8F61066D079E-LeaderElection6] INFO  server.RaftServerConfigKeys (ConfUtils.java:logGet(44)) - raft.server.write.byte-limit = 1073741824 (custom)
2020-06-27 08:27:56,209 [b9f13683-3178-4f3b-aaab-40506ece2b5f@group-8F61066D079E-LeaderElection6] INFO  server.RaftServerConfigKeys (ConfUtils.java:logGet(44)) - raft.server.watch.timeout = 3s (custom)
2020-06-27 08:27:56,209 [b9f13683-3178-4f3b-aaab-40506ece2b5f@group-8F61066D079E-LeaderElection6] INFO  server.RaftServerConfigKeys (ConfUtils.java:logGet(44)) - raft.server.watch.timeout.denomination = 1s (default)
2020-06-27 08:27:56,209 [b9f13683-3178-4f3b-aaab-40506ece2b5f@group-8F61066D079E-LeaderElection6] INFO  server.RaftServerConfigKeys (ConfUtils.java:logGet(44)) - raft.server.watch.element-limit = 65536 (default)
2020-06-27 08:27:56,209 [b9f13683-3178-4f3b-aaab-40506ece2b5f@group-8F61066D079E-LeaderElection6] INFO  impl.RoleInfo (RoleInfo.java:updateAndGet(143)) - b9f13683-3178-4f3b-aaab-40506ece2b5f: start LeaderState
2020-06-27 08:27:56,210 [b9f13683-3178-4f3b-aaab-40506ece2b5f@group-8F61066D079E-LeaderElection6] INFO  segmented.SegmentedRaftLogWorker (SegmentedRaftLogWorker.java:startLogSegment(397)) - b9f13683-3178-4f3b-aaab-40506ece2b5f@group-8F61066D079E-SegmentedRaftLogWorker: Starting segment from index:0
2020-06-27 08:27:56,211 [b9f13683-3178-4f3b-aaab-40506ece2b5f@group-8F61066D079E-SegmentedRaftLogWorker] INFO  segmented.SegmentedRaftLogWorker (SegmentedRaftLogWorker.java:execute(596)) - b9f13683-3178-4f3b-aaab-40506ece2b5f@group-8F61066D079E-SegmentedRaftLogWorker: created new log segment /github/workspace/mnt/ozone/hadoop-ozone/integration-test/target/test-dir/MiniOzoneClusterImpl-8eb50a3f-c1ff-437a-8e18-e0505f09b26f/datanode-6/data/ratis/b3332d01-4ea2-4ad5-8758-8f61066d079e/current/log_inprogress_0
2020-06-27 08:27:56,212 [34efc206-1f67-4a18-aa05-bd0f2a1ef0e4@group-EDAE14BFB10F-LeaderElection8] INFO  impl.LeaderElection (LeaderElection.java:askForVotes(206)) - 34efc206-1f67-4a18-aa05-bd0f2a1ef0e4@group-EDAE14BFB10F-LeaderElection8: begin an election at term 1 for -1: [7f53e279-916a-4fed-90de-23e9c25f9e31:172.17.0.2:39157, 34efc206-1f67-4a18-aa05-bd0f2a1ef0e4:172.17.0.2:36253, a99a18fa-a15b-4cd6-a5fd-78034dfd05b4:172.17.0.2:33739], old=null
2020-06-27 08:27:56,212 [a99a18fa-a15b-4cd6-a5fd-78034dfd05b4@group-EDAE14BFB10F-LeaderElection9] INFO  impl.LeaderElection (LeaderElection.java:askForVotes(206)) - a99a18fa-a15b-4cd6-a5fd-78034dfd05b4@group-EDAE14BFB10F-LeaderElection9: begin an election at term 1 for -1: [7f53e279-916a-4fed-90de-23e9c25f9e31:172.17.0.2:39157, 34efc206-1f67-4a18-aa05-bd0f2a1ef0e4:172.17.0.2:36253, a99a18fa-a15b-4cd6-a5fd-78034dfd05b4:172.17.0.2:33739], old=null
2020-06-27 08:27:56,215 [7f53e279-916a-4fed-90de-23e9c25f9e31@group-20229F0E4A6C-LeaderElection10] INFO  impl.LeaderElection (LeaderElection.java:askForVotes(206)) - 7f53e279-916a-4fed-90de-23e9c25f9e31@group-20229F0E4A6C-LeaderElection10: begin an election at term 1 for -1: [7f53e279-916a-4fed-90de-23e9c25f9e31:172.17.0.2:39157], old=null
2020-06-27 08:27:56,215 [7f53e279-916a-4fed-90de-23e9c25f9e31@group-20229F0E4A6C-LeaderElection10] INFO  impl.RoleInfo (RoleInfo.java:shutdownLeaderElection(134)) - 7f53e279-916a-4fed-90de-23e9c25f9e31: shutdown LeaderElection
2020-06-27 08:27:56,215 [7f53e279-916a-4fed-90de-23e9c25f9e31@group-20229F0E4A6C-LeaderElection10] INFO  impl.RaftServerImpl (RaftServerImpl.java:setRole(175)) - 7f53e279-916a-4fed-90de-23e9c25f9e31@group-20229F0E4A6C: changes role from CANDIDATE to LEADER at term 1 for changeToLeader
2020-06-27 08:27:56,215 [7f53e279-916a-4fed-90de-23e9c25f9e31@group-20229F0E4A6C-LeaderElection10] INFO  ratis.XceiverServerRatis (XceiverServerRatis.java:handleLeaderChangedNotification(762)) - Leader change notification received for group: group-20229F0E4A6C with new leaderId: 7f53e279-916a-4fed-90de-23e9c25f9e31
2020-06-27 08:27:56,221 [b9f13683-3178-4f3b-aaab-40506ece2b5f@group-8F61066D079E-LeaderElection6] INFO  impl.RaftServerImpl (ServerState.java:setRaftConf(356)) - b9f13683-3178-4f3b-aaab-40506ece2b5f@group-8F61066D079E: set configuration 0: [b9f13683-3178-4f3b-aaab-40506ece2b5f:172.17.0.2:45173], old=null at 0
2020-06-27 08:27:56,222 [7f53e279-916a-4fed-90de-23e9c25f9e31@group-20229F0E4A6C-LeaderElection10] INFO  impl.RaftServerImpl (ServerState.java:setLeader(255)) - 7f53e279-916a-4fed-90de-23e9c25f9e31@group-20229F0E4A6C: change Leader from null to 7f53e279-916a-4fed-90de-23e9c25f9e31 at term 1 for becomeLeader, leader elected after 5338ms
2020-06-27 08:27:56,223 [7f53e279-916a-4fed-90de-23e9c25f9e31@group-20229F0E4A6C-LeaderElection10] INFO  server.RaftServerConfigKeys (ConfUtils.java:logGet(44)) - raft.server.staging.catchup.gap = 1000 (default)
2020-06-27 08:27:56,223 [7f53e279-916a-4fed-90de-23e9c25f9e31@group-20229F0E4A6C-LeaderElection10] INFO  server.RaftServerConfigKeys (ConfUtils.java:logGet(44)) - raft.server.rpc.sleep.time = 25ms (default)
2020-06-27 08:27:56,223 [7f53e279-916a-4fed-90de-23e9c25f9e31@group-20229F0E4A6C-LeaderElection10] INFO  metrics.RatisMetrics (RatisMetrics.java:lambda$create$0(36)) - Creating Metrics Registry : ratis.log_appender.7f53e279-916a-4fed-90de-23e9c25f9e31@group-20229F0E4A6C
2020-06-27 08:27:56,223 [7f53e279-916a-4fed-90de-23e9c25f9e31@group-20229F0E4A6C-LeaderElection10] INFO  server.RaftServerConfigKeys (ConfUtils.java:logGet(44)) - raft.server.write.element-limit = 1024 (custom)
2020-06-27 08:27:56,223 [7f53e279-916a-4fed-90de-23e9c25f9e31@group-20229F0E4A6C-LeaderElection10] INFO  server.RaftServerConfigKeys (ConfUtils.java:logGet(44)) - raft.server.write.byte-limit = 1073741824 (custom)
2020-06-27 08:27:56,223 [7f53e279-916a-4fed-90de-23e9c25f9e31@group-20229F0E4A6C-LeaderElection10] INFO  server.RaftServerConfigKeys (ConfUtils.java:logGet(44)) - raft.server.watch.timeout = 3s (custom)
2020-06-27 08:27:56,223 [7f53e279-916a-4fed-90de-23e9c25f9e31@group-20229F0E4A6C-LeaderElection10] INFO  server.RaftServerConfigKeys (ConfUtils.java:logGet(44)) - raft.server.watch.timeout.denomination = 1s (default)
2020-06-27 08:27:56,223 [7f53e279-916a-4fed-90de-23e9c25f9e31@group-20229F0E4A6C-LeaderElection10] INFO  server.RaftServerConfigKeys (ConfUtils.java:logGet(44)) - raft.server.watch.element-limit = 65536 (default)
2020-06-27 08:27:56,223 [7f53e279-916a-4fed-90de-23e9c25f9e31@group-20229F0E4A6C-LeaderElection10] INFO  impl.RoleInfo (RoleInfo.java:updateAndGet(143)) - 7f53e279-916a-4fed-90de-23e9c25f9e31: start LeaderState
2020-06-27 08:27:56,224 [7f53e279-916a-4fed-90de-23e9c25f9e31@group-20229F0E4A6C-LeaderElection10] INFO  segmented.SegmentedRaftLogWorker (SegmentedRaftLogWorker.java:startLogSegment(397)) - 7f53e279-916a-4fed-90de-23e9c25f9e31@group-20229F0E4A6C-SegmentedRaftLogWorker: Starting segment from index:0
2020-06-27 08:27:56,227 [7f53e279-916a-4fed-90de-23e9c25f9e31@group-20229F0E4A6C-SegmentedRaftLogWorker] INFO  segmented.SegmentedRaftLogWorker (SegmentedRaftLogWorker.java:execute(596)) - 7f53e279-916a-4fed-90de-23e9c25f9e31@group-20229F0E4A6C-SegmentedRaftLogWorker: created new log segment /github/workspace/mnt/ozone/hadoop-ozone/integration-test/target/test-dir/MiniOzoneClusterImpl-8eb50a3f-c1ff-437a-8e18-e0505f09b26f/datanode-4/data/ratis/fd90656e-7391-4305-8f48-20229f0e4a6c/current/log_inprogress_0
2020-06-27 08:27:56,231 [7f53e279-916a-4fed-90de-23e9c25f9e31@group-20229F0E4A6C-LeaderElection10] INFO  impl.RaftServerImpl (ServerState.java:setRaftConf(356)) - 7f53e279-916a-4fed-90de-23e9c25f9e31@group-20229F0E4A6C: set configuration 0: [7f53e279-916a-4fed-90de-23e9c25f9e31:172.17.0.2:39157], old=null at 0
2020-06-27 08:27:56,260 [a99a18fa-a15b-4cd6-a5fd-78034dfd05b4@group-696DC5C5CF56-LeaderElection11] INFO  impl.LeaderElection (LeaderElection.java:askForVotes(206)) - a99a18fa-a15b-4cd6-a5fd-78034dfd05b4@group-696DC5C5CF56-LeaderElection11: begin an election at term 1 for -1: [a99a18fa-a15b-4cd6-a5fd-78034dfd05b4:172.17.0.2:33739], old=null
2020-06-27 08:27:56,261 [a99a18fa-a15b-4cd6-a5fd-78034dfd05b4@group-696DC5C5CF56-LeaderElection11] INFO  impl.RoleInfo (RoleInfo.java:shutdownLeaderElection(134)) - a99a18fa-a15b-4cd6-a5fd-78034dfd05b4: shutdown LeaderElection
2020-06-27 08:27:56,261 [a99a18fa-a15b-4cd6-a5fd-78034dfd05b4@group-696DC5C5CF56-LeaderElection11] INFO  impl.RaftServerImpl (RaftServerImpl.java:setRole(175)) - a99a18fa-a15b-4cd6-a5fd-78034dfd05b4@group-696DC5C5CF56: changes role from CANDIDATE to LEADER at term 1 for changeToLeader
2020-06-27 08:27:56,261 [a99a18fa-a15b-4cd6-a5fd-78034dfd05b4@group-696DC5C5CF56-LeaderElection11] INFO  ratis.XceiverServerRatis (XceiverServerRatis.java:handleLeaderChangedNotification(762)) - Leader change notification received for group: group-696DC5C5CF56 with new leaderId: a99a18fa-a15b-4cd6-a5fd-78034dfd05b4
2020-06-27 08:27:56,261 [a99a18fa-a15b-4cd6-a5fd-78034dfd05b4@group-696DC5C5CF56-LeaderElection11] INFO  impl.RaftServerImpl (ServerState.java:setLeader(255)) - a99a18fa-a15b-4cd6-a5fd-78034dfd05b4@group-696DC5C5CF56: change Leader from null to a99a18fa-a15b-4cd6-a5fd-78034dfd05b4 at term 1 for becomeLeader, leader elected after 5230ms
2020-06-27 08:27:56,261 [a99a18fa-a15b-4cd6-a5fd-78034dfd05b4@group-696DC5C5CF56-LeaderElection11] INFO  server.RaftServerConfigKeys (ConfUtils.java:logGet(44)) - raft.server.staging.catchup.gap = 1000 (default)
2020-06-27 08:27:56,261 [a99a18fa-a15b-4cd6-a5fd-78034dfd05b4@group-696DC5C5CF56-LeaderElection11] INFO  server.RaftServerConfigKeys (ConfUtils.java:logGet(44)) - raft.server.rpc.sleep.time = 25ms (default)
2020-06-27 08:27:56,261 [a99a18fa-a15b-4cd6-a5fd-78034dfd05b4@group-696DC5C5CF56-LeaderElection11] INFO  metrics.RatisMetrics (RatisMetrics.java:lambda$create$0(36)) - Creating Metrics Registry : ratis.log_appender.a99a18fa-a15b-4cd6-a5fd-78034dfd05b4@group-696DC5C5CF56
2020-06-27 08:27:56,261 [a99a18fa-a15b-4cd6-a5fd-78034dfd05b4@group-696DC5C5CF56-LeaderElection11] INFO  server.RaftServerConfigKeys (ConfUtils.java:logGet(44)) - raft.server.write.element-limit = 1024 (custom)
2020-06-27 08:27:56,261 [a99a18fa-a15b-4cd6-a5fd-78034dfd05b4@group-696DC5C5CF56-LeaderElection11] INFO  server.RaftServerConfigKeys (ConfUtils.java:logGet(44)) - raft.server.write.byte-limit = 1073741824 (custom)
2020-06-27 08:27:56,262 [a99a18fa-a15b-4cd6-a5fd-78034dfd05b4@group-696DC5C5CF56-LeaderElection11] INFO  server.RaftServerConfigKeys (ConfUtils.java:logGet(44)) - raft.server.watch.timeout = 3s (custom)
2020-06-27 08:27:56,262 [a99a18fa-a15b-4cd6-a5fd-78034dfd05b4@group-696DC5C5CF56-LeaderElection11] INFO  server.RaftServerConfigKeys (ConfUtils.java:logGet(44)) - raft.server.watch.timeout.denomination = 1s (default)
2020-06-27 08:27:56,262 [a99a18fa-a15b-4cd6-a5fd-78034dfd05b4@group-696DC5C5CF56-LeaderElection11] INFO  server.RaftServerConfigKeys (ConfUtils.java:logGet(44)) - raft.server.watch.element-limit = 65536 (default)
2020-06-27 08:27:56,262 [a99a18fa-a15b-4cd6-a5fd-78034dfd05b4@group-696DC5C5CF56-LeaderElection11] INFO  impl.RoleInfo (RoleInfo.java:updateAndGet(143)) - a99a18fa-a15b-4cd6-a5fd-78034dfd05b4: start LeaderState
2020-06-27 08:27:56,262 [a99a18fa-a15b-4cd6-a5fd-78034dfd05b4@group-696DC5C5CF56-LeaderElection11] INFO  segmented.SegmentedRaftLogWorker (SegmentedRaftLogWorker.java:startLogSegment(397)) - a99a18fa-a15b-4cd6-a5fd-78034dfd05b4@group-696DC5C5CF56-SegmentedRaftLogWorker: Starting segment from index:0
2020-06-27 08:27:56,264 [grpc-default-executor-3] DEBUG impl.RaftServerImpl (RaftServerImpl.java:requestVote(821)) - a99a18fa-a15b-4cd6-a5fd-78034dfd05b4@group-EDAE14BFB10F: receive requestVote(7f53e279-916a-4fed-90de-23e9c25f9e31, group-EDAE14BFB10F, 1, (t:0, i:0))
2020-06-27 08:27:56,265 [grpc-default-executor-3] DEBUG impl.RaftServerImpl (RaftServerImpl.java:requestVote(853)) - a99a18fa-a15b-4cd6-a5fd-78034dfd05b4@group-EDAE14BFB10F replies to vote request: 7f53e279-916a-4fed-90de-23e9c25f9e31<-a99a18fa-a15b-4cd6-a5fd-78034dfd05b4#0:FAIL-t1. Peer's state: a99a18fa-a15b-4cd6-a5fd-78034dfd05b4@group-EDAE14BFB10F:t1, leader=null, voted=a99a18fa-a15b-4cd6-a5fd-78034dfd05b4, raftlog=a99a18fa-a15b-4cd6-a5fd-78034dfd05b4@group-EDAE14BFB10F-SegmentedRaftLog:OPENED:c-1,f-1,i0, conf=-1: [7f53e279-916a-4fed-90de-23e9c25f9e31:172.17.0.2:39157, 34efc206-1f67-4a18-aa05-bd0f2a1ef0e4:172.17.0.2:36253, a99a18fa-a15b-4cd6-a5fd-78034dfd05b4:172.17.0.2:33739], old=null
2020-06-27 08:27:56,265 [a99a18fa-a15b-4cd6-a5fd-78034dfd05b4@group-696DC5C5CF56-SegmentedRaftLogWorker] INFO  segmented.SegmentedRaftLogWorker (SegmentedRaftLogWorker.java:execute(596)) - a99a18fa-a15b-4cd6-a5fd-78034dfd05b4@group-696DC5C5CF56-SegmentedRaftLogWorker: created new log segment /github/workspace/mnt/ozone/hadoop-ozone/integration-test/target/test-dir/MiniOzoneClusterImpl-8eb50a3f-c1ff-437a-8e18-e0505f09b26f/datanode-5/data/ratis/7b34d530-10b7-4c87-8cc3-696dc5c5cf56/current/log_inprogress_0
2020-06-27 08:27:56,267 [a99a18fa-a15b-4cd6-a5fd-78034dfd05b4@group-696DC5C5CF56-LeaderElection11] INFO  impl.RaftServerImpl (ServerState.java:setRaftConf(356)) - a99a18fa-a15b-4cd6-a5fd-78034dfd05b4@group-696DC5C5CF56: set configuration 0: [a99a18fa-a15b-4cd6-a5fd-78034dfd05b4:172.17.0.2:33739], old=null at 0
2020-06-27 08:27:56,292 [grpc-default-executor-5] DEBUG impl.RaftServerImpl (RaftServerImpl.java:requestVote(821)) - 34efc206-1f67-4a18-aa05-bd0f2a1ef0e4@group-EDAE14BFB10F: receive requestVote(7f53e279-916a-4fed-90de-23e9c25f9e31, group-EDAE14BFB10F, 1, (t:0, i:0))
2020-06-27 08:27:56,292 [grpc-default-executor-5] DEBUG impl.RaftServerImpl (RaftServerImpl.java:requestVote(853)) - 34efc206-1f67-4a18-aa05-bd0f2a1ef0e4@group-EDAE14BFB10F replies to vote request: 7f53e279-916a-4fed-90de-23e9c25f9e31<-34efc206-1f67-4a18-aa05-bd0f2a1ef0e4#0:FAIL-t1. Peer's state: 34efc206-1f67-4a18-aa05-bd0f2a1ef0e4@group-EDAE14BFB10F:t1, leader=null, voted=34efc206-1f67-4a18-aa05-bd0f2a1ef0e4, raftlog=34efc206-1f67-4a18-aa05-bd0f2a1ef0e4@group-EDAE14BFB10F-SegmentedRaftLog:OPENED:c-1,f-1,i0, conf=-1: [7f53e279-916a-4fed-90de-23e9c25f9e31:172.17.0.2:39157, 34efc206-1f67-4a18-aa05-bd0f2a1ef0e4:172.17.0.2:36253, a99a18fa-a15b-4cd6-a5fd-78034dfd05b4:172.17.0.2:33739], old=null
2020-06-27 08:27:56,301 [grpc-default-executor-3] DEBUG impl.RaftServerImpl (RaftServerImpl.java:requestVote(821)) - 7f53e279-916a-4fed-90de-23e9c25f9e31@group-EDAE14BFB10F: receive requestVote(34efc206-1f67-4a18-aa05-bd0f2a1ef0e4, group-EDAE14BFB10F, 1, (t:0, i:0))
2020-06-27 08:27:56,301 [grpc-default-executor-3] DEBUG impl.RaftServerImpl (RaftServerImpl.java:requestVote(853)) - 7f53e279-916a-4fed-90de-23e9c25f9e31@group-EDAE14BFB10F replies to vote request: 34efc206-1f67-4a18-aa05-bd0f2a1ef0e4<-7f53e279-916a-4fed-90de-23e9c25f9e31#0:FAIL-t1. Peer's state: 7f53e279-916a-4fed-90de-23e9c25f9e31@group-EDAE14BFB10F:t1, leader=null, voted=7f53e279-916a-4fed-90de-23e9c25f9e31, raftlog=7f53e279-916a-4fed-90de-23e9c25f9e31@group-EDAE14BFB10F-SegmentedRaftLog:OPENED:c-1,f-1,i0, conf=-1: [7f53e279-916a-4fed-90de-23e9c25f9e31:172.17.0.2:39157, 34efc206-1f67-4a18-aa05-bd0f2a1ef0e4:172.17.0.2:36253, a99a18fa-a15b-4cd6-a5fd-78034dfd05b4:172.17.0.2:33739], old=null
2020-06-27 08:27:56,311 [grpc-default-executor-5] DEBUG impl.RaftServerImpl (RaftServerImpl.java:requestVote(821)) - 7f53e279-916a-4fed-90de-23e9c25f9e31@group-EDAE14BFB10F: receive requestVote(a99a18fa-a15b-4cd6-a5fd-78034dfd05b4, group-EDAE14BFB10F, 1, (t:0, i:0))
2020-06-27 08:27:56,324 [grpc-default-executor-4] DEBUG impl.RaftServerImpl (RaftServerImpl.java:requestVote(821)) - a99a18fa-a15b-4cd6-a5fd-78034dfd05b4@group-EDAE14BFB10F: receive requestVote(34efc206-1f67-4a18-aa05-bd0f2a1ef0e4, group-EDAE14BFB10F, 1, (t:0, i:0))
2020-06-27 08:27:56,325 [grpc-default-executor-5] DEBUG impl.RaftServerImpl (RaftServerImpl.java:requestVote(853)) - 7f53e279-916a-4fed-90de-23e9c25f9e31@group-EDAE14BFB10F replies to vote request: a99a18fa-a15b-4cd6-a5fd-78034dfd05b4<-7f53e279-916a-4fed-90de-23e9c25f9e31#0:FAIL-t1. Peer's state: 7f53e279-916a-4fed-90de-23e9c25f9e31@group-EDAE14BFB10F:t1, leader=null, voted=7f53e279-916a-4fed-90de-23e9c25f9e31, raftlog=7f53e279-916a-4fed-90de-23e9c25f9e31@group-EDAE14BFB10F-SegmentedRaftLog:OPENED:c-1,f-1,i0, conf=-1: [7f53e279-916a-4fed-90de-23e9c25f9e31:172.17.0.2:39157, 34efc206-1f67-4a18-aa05-bd0f2a1ef0e4:172.17.0.2:36253, a99a18fa-a15b-4cd6-a5fd-78034dfd05b4:172.17.0.2:33739], old=null
2020-06-27 08:27:56,311 [7f53e279-916a-4fed-90de-23e9c25f9e31@group-EDAE14BFB10F-LeaderElection7] INFO  impl.LeaderElection (LeaderElection.java:logAndReturn(61)) - 7f53e279-916a-4fed-90de-23e9c25f9e31@group-EDAE14BFB10F-LeaderElection7: Election REJECTED; received 2 response(s) [7f53e279-916a-4fed-90de-23e9c25f9e31<-34efc206-1f67-4a18-aa05-bd0f2a1ef0e4#0:FAIL-t1, 7f53e279-916a-4fed-90de-23e9c25f9e31<-a99a18fa-a15b-4cd6-a5fd-78034dfd05b4#0:FAIL-t1] and 0 exception(s); 7f53e279-916a-4fed-90de-23e9c25f9e31@group-EDAE14BFB10F:t1, leader=null, voted=7f53e279-916a-4fed-90de-23e9c25f9e31, raftlog=7f53e279-916a-4fed-90de-23e9c25f9e31@group-EDAE14BFB10F-SegmentedRaftLog:OPENED:c-1,f-1,i0, conf=-1: [7f53e279-916a-4fed-90de-23e9c25f9e31:172.17.0.2:39157, 34efc206-1f67-4a18-aa05-bd0f2a1ef0e4:172.17.0.2:36253, a99a18fa-a15b-4cd6-a5fd-78034dfd05b4:172.17.0.2:33739], old=null
2020-06-27 08:27:56,326 [7f53e279-916a-4fed-90de-23e9c25f9e31@group-EDAE14BFB10F-LeaderElection7] INFO  impl.RaftServerImpl (RaftServerImpl.java:setRole(175)) - 7f53e279-916a-4fed-90de-23e9c25f9e31@group-EDAE14BFB10F: changes role from CANDIDATE to FOLLOWER at term 1 for DISCOVERED_A_NEW_TERM
2020-06-27 08:27:56,326 [7f53e279-916a-4fed-90de-23e9c25f9e31@group-EDAE14BFB10F-LeaderElection7] INFO  impl.RoleInfo (RoleInfo.java:shutdownLeaderElection(134)) - 7f53e279-916a-4fed-90de-23e9c25f9e31: shutdown LeaderElection
2020-06-27 08:27:56,326 [7f53e279-916a-4fed-90de-23e9c25f9e31@group-EDAE14BFB10F-LeaderElection7] INFO  impl.RoleInfo (RoleInfo.java:updateAndGet(143)) - 7f53e279-916a-4fed-90de-23e9c25f9e31: start FollowerState
2020-06-27 08:27:56,325 [grpc-default-executor-4] DEBUG impl.RaftServerImpl (RaftServerImpl.java:requestVote(853)) - a99a18fa-a15b-4cd6-a5fd-78034dfd05b4@group-EDAE14BFB10F replies to vote request: 34efc206-1f67-4a18-aa05-bd0f2a1ef0e4<-a99a18fa-a15b-4cd6-a5fd-78034dfd05b4#0:FAIL-t1. Peer's state: a99a18fa-a15b-4cd6-a5fd-78034dfd05b4@group-EDAE14BFB10F:t1, leader=null, voted=a99a18fa-a15b-4cd6-a5fd-78034dfd05b4, raftlog=a99a18fa-a15b-4cd6-a5fd-78034dfd05b4@group-EDAE14BFB10F-SegmentedRaftLog:OPENED:c-1,f-1,i0, conf=-1: [7f53e279-916a-4fed-90de-23e9c25f9e31:172.17.0.2:39157, 34efc206-1f67-4a18-aa05-bd0f2a1ef0e4:172.17.0.2:36253, a99a18fa-a15b-4cd6-a5fd-78034dfd05b4:172.17.0.2:33739], old=null
2020-06-27 08:27:56,340 [grpc-default-executor-5] DEBUG impl.RaftServerImpl (RaftServerImpl.java:requestVote(821)) - 34efc206-1f67-4a18-aa05-bd0f2a1ef0e4@group-EDAE14BFB10F: receive requestVote(a99a18fa-a15b-4cd6-a5fd-78034dfd05b4, group-EDAE14BFB10F, 1, (t:0, i:0))
2020-06-27 08:27:56,340 [grpc-default-executor-5] DEBUG impl.RaftServerImpl (RaftServerImpl.java:requestVote(853)) - 34efc206-1f67-4a18-aa05-bd0f2a1ef0e4@group-EDAE14BFB10F replies to vote request: a99a18fa-a15b-4cd6-a5fd-78034dfd05b4<-34efc206-1f67-4a18-aa05-bd0f2a1ef0e4#0:FAIL-t1. Peer's state: 34efc206-1f67-4a18-aa05-bd0f2a1ef0e4@group-EDAE14BFB10F:t1, leader=null, voted=34efc206-1f67-4a18-aa05-bd0f2a1ef0e4, raftlog=34efc206-1f67-4a18-aa05-bd0f2a1ef0e4@group-EDAE14BFB10F-SegmentedRaftLog:OPENED:c-1,f-1,i0, conf=-1: [7f53e279-916a-4fed-90de-23e9c25f9e31:172.17.0.2:39157, 34efc206-1f67-4a18-aa05-bd0f2a1ef0e4:172.17.0.2:36253, a99a18fa-a15b-4cd6-a5fd-78034dfd05b4:172.17.0.2:33739], old=null
2020-06-27 08:27:56,353 [a99a18fa-a15b-4cd6-a5fd-78034dfd05b4@group-EDAE14BFB10F-LeaderElection9] INFO  impl.LeaderElection (LeaderElection.java:logAndReturn(61)) - a99a18fa-a15b-4cd6-a5fd-78034dfd05b4@group-EDAE14BFB10F-LeaderElection9: Election REJECTED; received 2 response(s) [a99a18fa-a15b-4cd6-a5fd-78034dfd05b4<-7f53e279-916a-4fed-90de-23e9c25f9e31#0:FAIL-t1, a99a18fa-a15b-4cd6-a5fd-78034dfd05b4<-34efc206-1f67-4a18-aa05-bd0f2a1ef0e4#0:FAIL-t1] and 0 exception(s); a99a18fa-a15b-4cd6-a5fd-78034dfd05b4@group-EDAE14BFB10F:t1, leader=null, voted=a99a18fa-a15b-4cd6-a5fd-78034dfd05b4, raftlog=a99a18fa-a15b-4cd6-a5fd-78034dfd05b4@group-EDAE14BFB10F-SegmentedRaftLog:OPENED:c-1,f-1,i0, conf=-1: [7f53e279-916a-4fed-90de-23e9c25f9e31:172.17.0.2:39157, 34efc206-1f67-4a18-aa05-bd0f2a1ef0e4:172.17.0.2:36253, a99a18fa-a15b-4cd6-a5fd-78034dfd05b4:172.17.0.2:33739], old=null
2020-06-27 08:27:56,355 [a99a18fa-a15b-4cd6-a5fd-78034dfd05b4@group-EDAE14BFB10F-LeaderElection9] INFO  impl.RaftServerImpl (RaftServerImpl.java:setRole(175)) - a99a18fa-a15b-4cd6-a5fd-78034dfd05b4@group-EDAE14BFB10F: changes role from CANDIDATE to FOLLOWER at term 1 for DISCOVERED_A_NEW_TERM
2020-06-27 08:27:56,355 [a99a18fa-a15b-4cd6-a5fd-78034dfd05b4@group-EDAE14BFB10F-LeaderElection9] INFO  impl.RoleInfo (RoleInfo.java:shutdownLeaderElection(134)) - a99a18fa-a15b-4cd6-a5fd-78034dfd05b4: shutdown LeaderElection
2020-06-27 08:27:56,355 [a99a18fa-a15b-4cd6-a5fd-78034dfd05b4@group-EDAE14BFB10F-LeaderElection9] INFO  impl.RoleInfo (RoleInfo.java:updateAndGet(143)) - a99a18fa-a15b-4cd6-a5fd-78034dfd05b4: start FollowerState
2020-06-27 08:27:56,357 [34efc206-1f67-4a18-aa05-bd0f2a1ef0e4@group-EDAE14BFB10F-LeaderElection8] INFO  impl.LeaderElection (LeaderElection.java:logAndReturn(61)) - 34efc206-1f67-4a18-aa05-bd0f2a1ef0e4@group-EDAE14BFB10F-LeaderElection8: Election REJECTED; received 2 response(s) [34efc206-1f67-4a18-aa05-bd0f2a1ef0e4<-7f53e279-916a-4fed-90de-23e9c25f9e31#0:FAIL-t1, 34efc206-1f67-4a18-aa05-bd0f2a1ef0e4<-a99a18fa-a15b-4cd6-a5fd-78034dfd05b4#0:FAIL-t1] and 0 exception(s); 34efc206-1f67-4a18-aa05-bd0f2a1ef0e4@group-EDAE14BFB10F:t1, leader=null, voted=34efc206-1f67-4a18-aa05-bd0f2a1ef0e4, raftlog=34efc206-1f67-4a18-aa05-bd0f2a1ef0e4@group-EDAE14BFB10F-SegmentedRaftLog:OPENED:c-1,f-1,i0, conf=-1: [7f53e279-916a-4fed-90de-23e9c25f9e31:172.17.0.2:39157, 34efc206-1f67-4a18-aa05-bd0f2a1ef0e4:172.17.0.2:36253, a99a18fa-a15b-4cd6-a5fd-78034dfd05b4:172.17.0.2:33739], old=null
2020-06-27 08:27:56,360 [34efc206-1f67-4a18-aa05-bd0f2a1ef0e4@group-EDAE14BFB10F-LeaderElection8] INFO  impl.RaftServerImpl (RaftServerImpl.java:setRole(175)) - 34efc206-1f67-4a18-aa05-bd0f2a1ef0e4@group-EDAE14BFB10F: changes role from CANDIDATE to FOLLOWER at term 1 for DISCOVERED_A_NEW_TERM
2020-06-27 08:27:56,360 [34efc206-1f67-4a18-aa05-bd0f2a1ef0e4@group-EDAE14BFB10F-LeaderElection8] INFO  impl.RoleInfo (RoleInfo.java:shutdownLeaderElection(134)) - 34efc206-1f67-4a18-aa05-bd0f2a1ef0e4: shutdown LeaderElection
2020-06-27 08:27:56,360 [34efc206-1f67-4a18-aa05-bd0f2a1ef0e4@group-EDAE14BFB10F-LeaderElection8] INFO  impl.RoleInfo (RoleInfo.java:updateAndGet(143)) - 34efc206-1f67-4a18-aa05-bd0f2a1ef0e4: start FollowerState
2020-06-27 08:27:56,694 [Thread-271] INFO  impl.FollowerState (FollowerState.java:run(108)) - 34efc206-1f67-4a18-aa05-bd0f2a1ef0e4@group-11D1A0DB352F-FollowerState: change to CANDIDATE, lastRpcTime:5014ms, electionTimeout:5013ms
2020-06-27 08:27:56,698 [Thread-271] INFO  impl.RoleInfo (RoleInfo.java:shutdownFollowerState(121)) - 34efc206-1f67-4a18-aa05-bd0f2a1ef0e4: shutdown FollowerState
2020-06-27 08:27:56,698 [Thread-271] INFO  impl.RaftServerImpl (RaftServerImpl.java:setRole(175)) - 34efc206-1f67-4a18-aa05-bd0f2a1ef0e4@group-11D1A0DB352F: changes role from  FOLLOWER to CANDIDATE at term 0 for changeToCandidate
2020-06-27 08:27:56,698 [Thread-271] INFO  impl.RoleInfo (RoleInfo.java:updateAndGet(143)) - 34efc206-1f67-4a18-aa05-bd0f2a1ef0e4: start LeaderElection
2020-06-27 08:27:56,708 [34efc206-1f67-4a18-aa05-bd0f2a1ef0e4@group-11D1A0DB352F-LeaderElection12] INFO  impl.LeaderElection (LeaderElection.java:askForVotes(206)) - 34efc206-1f67-4a18-aa05-bd0f2a1ef0e4@group-11D1A0DB352F-LeaderElection12: begin an election at term 1 for -1: [7f53e279-916a-4fed-90de-23e9c25f9e31:172.17.0.2:39157, 34efc206-1f67-4a18-aa05-bd0f2a1ef0e4:172.17.0.2:36253, a99a18fa-a15b-4cd6-a5fd-78034dfd05b4:172.17.0.2:33739], old=null
2020-06-27 08:27:56,726 [grpc-default-executor-4] DEBUG impl.RaftServerImpl (RaftServerImpl.java:requestVote(821)) - a99a18fa-a15b-4cd6-a5fd-78034dfd05b4@group-11D1A0DB352F: receive requestVote(34efc206-1f67-4a18-aa05-bd0f2a1ef0e4, group-11D1A0DB352F, 1, (t:0, i:0))
2020-06-27 08:27:56,727 [grpc-default-executor-5] DEBUG impl.RaftServerImpl (RaftServerImpl.java:requestVote(821)) - 7f53e279-916a-4fed-90de-23e9c25f9e31@group-11D1A0DB352F: receive requestVote(34efc206-1f67-4a18-aa05-bd0f2a1ef0e4, group-11D1A0DB352F, 1, (t:0, i:0))
2020-06-27 08:27:56,729 [grpc-default-executor-4] INFO  impl.RaftServerImpl (RaftServerImpl.java:setRole(175)) - a99a18fa-a15b-4cd6-a5fd-78034dfd05b4@group-11D1A0DB352F: changes role from  FOLLOWER to FOLLOWER at term 1 for recognizeCandidate:34efc206-1f67-4a18-aa05-bd0f2a1ef0e4
2020-06-27 08:27:56,729 [grpc-default-executor-4] INFO  impl.RoleInfo (RoleInfo.java:shutdownFollowerState(121)) - a99a18fa-a15b-4cd6-a5fd-78034dfd05b4: shutdown FollowerState
2020-06-27 08:27:56,730 [grpc-default-executor-4] INFO  impl.RoleInfo (RoleInfo.java:updateAndGet(143)) - a99a18fa-a15b-4cd6-a5fd-78034dfd05b4: start FollowerState
2020-06-27 08:27:56,730 [Thread-269] INFO  impl.FollowerState (FollowerState.java:run(117)) - a99a18fa-a15b-4cd6-a5fd-78034dfd05b4@group-11D1A0DB352F-FollowerState was interrupted: java.lang.InterruptedException: sleep interrupted
2020-06-27 08:27:56,730 [grpc-default-executor-5] INFO  impl.RaftServerImpl (RaftServerImpl.java:setRole(175)) - 7f53e279-916a-4fed-90de-23e9c25f9e31@group-11D1A0DB352F: changes role from  FOLLOWER to FOLLOWER at term 1 for recognizeCandidate:34efc206-1f67-4a18-aa05-bd0f2a1ef0e4
2020-06-27 08:27:56,730 [grpc-default-executor-5] INFO  impl.RoleInfo (RoleInfo.java:shutdownFollowerState(121)) - 7f53e279-916a-4fed-90de-23e9c25f9e31: shutdown FollowerState
2020-06-27 08:27:56,734 [Listener at 127.0.0.1/46381] INFO  rpc.RpcClient (RpcClient.java:createVolume(310)) - Creating Volume: testblockoutputstream, with jenkins1001 as owner.
2020-06-27 08:27:56,744 [grpc-default-executor-5] INFO  impl.RoleInfo (RoleInfo.java:updateAndGet(143)) - 7f53e279-916a-4fed-90de-23e9c25f9e31: start FollowerState
2020-06-27 08:27:56,744 [Thread-275] INFO  impl.FollowerState (FollowerState.java:run(117)) - 7f53e279-916a-4fed-90de-23e9c25f9e31@group-11D1A0DB352F-FollowerState was interrupted: java.lang.InterruptedException: sleep interrupted
2020-06-27 08:27:56,745 [grpc-default-executor-4] DEBUG impl.RaftServerImpl (RaftServerImpl.java:requestVote(853)) - a99a18fa-a15b-4cd6-a5fd-78034dfd05b4@group-11D1A0DB352F replies to vote request: 34efc206-1f67-4a18-aa05-bd0f2a1ef0e4<-a99a18fa-a15b-4cd6-a5fd-78034dfd05b4#0:OK-t1. Peer's state: a99a18fa-a15b-4cd6-a5fd-78034dfd05b4@group-11D1A0DB352F:t1, leader=null, voted=34efc206-1f67-4a18-aa05-bd0f2a1ef0e4, raftlog=a99a18fa-a15b-4cd6-a5fd-78034dfd05b4@group-11D1A0DB352F-SegmentedRaftLog:OPENED:c-1,f-1,i0, conf=-1: [7f53e279-916a-4fed-90de-23e9c25f9e31:172.17.0.2:39157, 34efc206-1f67-4a18-aa05-bd0f2a1ef0e4:172.17.0.2:36253, a99a18fa-a15b-4cd6-a5fd-78034dfd05b4:172.17.0.2:33739], old=null
2020-06-27 08:27:56,747 [34efc206-1f67-4a18-aa05-bd0f2a1ef0e4@group-11D1A0DB352F-LeaderElection12] INFO  impl.LeaderElection (LeaderElection.java:logAndReturn(61)) - 34efc206-1f67-4a18-aa05-bd0f2a1ef0e4@group-11D1A0DB352F-LeaderElection12: Election PASSED; received 1 response(s) [34efc206-1f67-4a18-aa05-bd0f2a1ef0e4<-a99a18fa-a15b-4cd6-a5fd-78034dfd05b4#0:OK-t1] and 0 exception(s); 34efc206-1f67-4a18-aa05-bd0f2a1ef0e4@group-11D1A0DB352F:t1, leader=null, voted=34efc206-1f67-4a18-aa05-bd0f2a1ef0e4, raftlog=34efc206-1f67-4a18-aa05-bd0f2a1ef0e4@group-11D1A0DB352F-SegmentedRaftLog:OPENED:c-1,f-1,i0, conf=-1: [7f53e279-916a-4fed-90de-23e9c25f9e31:172.17.0.2:39157, 34efc206-1f67-4a18-aa05-bd0f2a1ef0e4:172.17.0.2:36253, a99a18fa-a15b-4cd6-a5fd-78034dfd05b4:172.17.0.2:33739], old=null
2020-06-27 08:27:56,747 [34efc206-1f67-4a18-aa05-bd0f2a1ef0e4@group-11D1A0DB352F-LeaderElection12] INFO  impl.RoleInfo (RoleInfo.java:shutdownLeaderElection(134)) - 34efc206-1f67-4a18-aa05-bd0f2a1ef0e4: shutdown LeaderElection
2020-06-27 08:27:56,747 [34efc206-1f67-4a18-aa05-bd0f2a1ef0e4@group-11D1A0DB352F-LeaderElection12] INFO  impl.RaftServerImpl (RaftServerImpl.java:setRole(175)) - 34efc206-1f67-4a18-aa05-bd0f2a1ef0e4@group-11D1A0DB352F: changes role from CANDIDATE to LEADER at term 1 for changeToLeader
2020-06-27 08:27:56,748 [34efc206-1f67-4a18-aa05-bd0f2a1ef0e4@group-11D1A0DB352F-LeaderElection12] INFO  ratis.XceiverServerRatis (XceiverServerRatis.java:handleLeaderChangedNotification(762)) - Leader change notification received for group: group-11D1A0DB352F with new leaderId: 34efc206-1f67-4a18-aa05-bd0f2a1ef0e4
2020-06-27 08:27:56,748 [grpc-default-executor-5] DEBUG impl.RaftServerImpl (RaftServerImpl.java:requestVote(853)) - 7f53e279-916a-4fed-90de-23e9c25f9e31@group-11D1A0DB352F replies to vote request: 34efc206-1f67-4a18-aa05-bd0f2a1ef0e4<-7f53e279-916a-4fed-90de-23e9c25f9e31#0:OK-t1. Peer's state: 7f53e279-916a-4fed-90de-23e9c25f9e31@group-11D1A0DB352F:t1, leader=null, voted=34efc206-1f67-4a18-aa05-bd0f2a1ef0e4, raftlog=7f53e279-916a-4fed-90de-23e9c25f9e31@group-11D1A0DB352F-SegmentedRaftLog:OPENED:c-1,f-1,i0, conf=-1: [7f53e279-916a-4fed-90de-23e9c25f9e31:172.17.0.2:39157, 34efc206-1f67-4a18-aa05-bd0f2a1ef0e4:172.17.0.2:36253, a99a18fa-a15b-4cd6-a5fd-78034dfd05b4:172.17.0.2:33739], old=null
2020-06-27 08:27:56,756 [EventQueue-PipelineReportForPipelineReportHandler] INFO  pipeline.PipelineStateManager (PipelineStateManager.java:openPipeline(131)) - Pipeline Pipeline[ Id: d5ffc3a5-e291-47c0-a340-11d1a0db352f, Nodes: 7f53e279-916a-4fed-90de-23e9c25f9e31{ip: 172.17.0.2, host: 23863634748d, networkLocation: /default-rack, certSerialId: null}34efc206-1f67-4a18-aa05-bd0f2a1ef0e4{ip: 172.17.0.2, host: 23863634748d, networkLocation: /default-rack, certSerialId: null}a99a18fa-a15b-4cd6-a5fd-78034dfd05b4{ip: 172.17.0.2, host: 23863634748d, networkLocation: /default-rack, certSerialId: null}, Type:RATIS, Factor:THREE, State:ALLOCATED, leaderId:34efc206-1f67-4a18-aa05-bd0f2a1ef0e4, CreationTimestamp2020-06-27T08:27:47.908Z] moved to OPEN state
2020-06-27 08:27:56,748 [34efc206-1f67-4a18-aa05-bd0f2a1ef0e4@group-11D1A0DB352F-LeaderElection12] INFO  impl.RaftServerImpl (ServerState.java:setLeader(255)) - 34efc206-1f67-4a18-aa05-bd0f2a1ef0e4@group-11D1A0DB352F: change Leader from null to 34efc206-1f67-4a18-aa05-bd0f2a1ef0e4 at term 1 for becomeLeader, leader elected after 5117ms
2020-06-27 08:27:56,759 [34efc206-1f67-4a18-aa05-bd0f2a1ef0e4@group-11D1A0DB352F-LeaderElection12] INFO  server.RaftServerConfigKeys (ConfUtils.java:logGet(44)) - raft.server.staging.catchup.gap = 1000 (default)
2020-06-27 08:27:56,759 [34efc206-1f67-4a18-aa05-bd0f2a1ef0e4@group-11D1A0DB352F-LeaderElection12] INFO  server.RaftServerConfigKeys (ConfUtils.java:logGet(44)) - raft.server.rpc.sleep.time = 25ms (default)
2020-06-27 08:27:56,759 [34efc206-1f67-4a18-aa05-bd0f2a1ef0e4@group-11D1A0DB352F-LeaderElection12] INFO  metrics.RatisMetrics (RatisMetrics.java:lambda$create$0(36)) - Creating Metrics Registry : ratis.log_appender.34efc206-1f67-4a18-aa05-bd0f2a1ef0e4@group-11D1A0DB352F
2020-06-27 08:27:56,759 [34efc206-1f67-4a18-aa05-bd0f2a1ef0e4@group-11D1A0DB352F-LeaderElection12] INFO  server.RaftServerConfigKeys (ConfUtils.java:logGet(44)) - raft.server.write.element-limit = 1024 (custom)
2020-06-27 08:27:56,760 [34efc206-1f67-4a18-aa05-bd0f2a1ef0e4@group-11D1A0DB352F-LeaderElection12] INFO  server.RaftServerConfigKeys (ConfUtils.java:logGet(44)) - raft.server.write.byte-limit = 1073741824 (custom)
2020-06-27 08:27:56,760 [34efc206-1f67-4a18-aa05-bd0f2a1ef0e4@group-11D1A0DB352F-LeaderElection12] INFO  server.RaftServerConfigKeys (ConfUtils.java:logGet(44)) - raft.server.watch.timeout = 3s (custom)
2020-06-27 08:27:56,760 [34efc206-1f67-4a18-aa05-bd0f2a1ef0e4@group-11D1A0DB352F-LeaderElection12] INFO  server.RaftServerConfigKeys (ConfUtils.java:logGet(44)) - raft.server.watch.timeout.denomination = 1s (default)
2020-06-27 08:27:56,760 [34efc206-1f67-4a18-aa05-bd0f2a1ef0e4@group-11D1A0DB352F-LeaderElection12] INFO  server.RaftServerConfigKeys (ConfUtils.java:logGet(44)) - raft.server.watch.element-limit = 65536 (default)
2020-06-27 08:27:56,760 [34efc206-1f67-4a18-aa05-bd0f2a1ef0e4@group-11D1A0DB352F-LeaderElection12] INFO  server.RaftServerConfigKeys (ConfUtils.java:logGet(44)) - raft.server.log.appender.snapshot.chunk.size.max = 16MB (=16777216) (default)
2020-06-27 08:27:56,760 [34efc206-1f67-4a18-aa05-bd0f2a1ef0e4@group-11D1A0DB352F-LeaderElection12] INFO  server.RaftServerConfigKeys (ConfUtils.java:logGet(44)) - raft.server.log.appender.buffer.byte-limit = 33554432 (custom)
2020-06-27 08:27:56,760 [34efc206-1f67-4a18-aa05-bd0f2a1ef0e4@group-11D1A0DB352F-LeaderElection12] INFO  server.RaftServerConfigKeys (ConfUtils.java:logGet(44)) - raft.server.log.appender.buffer.element-limit = 1 (custom)
2020-06-27 08:27:56,760 [34efc206-1f67-4a18-aa05-bd0f2a1ef0e4@group-11D1A0DB352F-LeaderElection12] INFO  grpc.GrpcConfigKeys (ConfUtils.java:logGet(44)) - raft.grpc.server.leader.outstanding.appends.max = 128 (default)
2020-06-27 08:27:56,761 [34efc206-1f67-4a18-aa05-bd0f2a1ef0e4@group-11D1A0DB352F-LeaderElection12] INFO  server.RaftServerConfigKeys (ConfUtils.java:logGet(44)) - raft.server.rpc.request.timeout = 3s (default)
2020-06-27 08:27:56,761 [34efc206-1f67-4a18-aa05-bd0f2a1ef0e4@group-11D1A0DB352F-LeaderElection12] INFO  server.RaftServerConfigKeys (ConfUtils.java:logGet(44)) - raft.server.log.appender.install.snapshot.enabled = false (custom)
2020-06-27 08:27:56,761 [34efc206-1f67-4a18-aa05-bd0f2a1ef0e4@group-11D1A0DB352F-LeaderElection12] INFO  metrics.RatisMetrics (RatisMetrics.java:lambda$create$0(36)) - Creating Metrics Registry : ratis_grpc.log_appender.34efc206-1f67-4a18-aa05-bd0f2a1ef0e4@group-11D1A0DB352F
2020-06-27 08:27:56,761 [34efc206-1f67-4a18-aa05-bd0f2a1ef0e4@group-11D1A0DB352F-LeaderElection12] INFO  server.RaftServerConfigKeys (ConfUtils.java:logGet(44)) - raft.server.log.appender.snapshot.chunk.size.max = 16MB (=16777216) (default)
2020-06-27 08:27:56,761 [34efc206-1f67-4a18-aa05-bd0f2a1ef0e4@group-11D1A0DB352F-LeaderElection12] INFO  server.RaftServerConfigKeys (ConfUtils.java:logGet(44)) - raft.server.log.appender.buffer.byte-limit = 33554432 (custom)
2020-06-27 08:27:56,762 [34efc206-1f67-4a18-aa05-bd0f2a1ef0e4@group-11D1A0DB352F-LeaderElection12] INFO  server.RaftServerConfigKeys (ConfUtils.java:logGet(44)) - raft.server.log.appender.buffer.element-limit = 1 (custom)
2020-06-27 08:27:56,762 [34efc206-1f67-4a18-aa05-bd0f2a1ef0e4@group-11D1A0DB352F-LeaderElection12] INFO  grpc.GrpcConfigKeys (ConfUtils.java:logGet(44)) - raft.grpc.server.leader.outstanding.appends.max = 128 (default)
2020-06-27 08:27:56,762 [34efc206-1f67-4a18-aa05-bd0f2a1ef0e4@group-11D1A0DB352F-LeaderElection12] INFO  server.RaftServerConfigKeys (ConfUtils.java:logGet(44)) - raft.server.rpc.request.timeout = 3s (default)
2020-06-27 08:27:56,762 [34efc206-1f67-4a18-aa05-bd0f2a1ef0e4@group-11D1A0DB352F-LeaderElection12] INFO  server.RaftServerConfigKeys (ConfUtils.java:logGet(44)) - raft.server.log.appender.install.snapshot.enabled = false (custom)
2020-06-27 08:27:56,762 [34efc206-1f67-4a18-aa05-bd0f2a1ef0e4@group-11D1A0DB352F-LeaderElection12] INFO  impl.RoleInfo (RoleInfo.java:updateAndGet(143)) - 34efc206-1f67-4a18-aa05-bd0f2a1ef0e4: start LeaderState
2020-06-27 08:27:56,763 [34efc206-1f67-4a18-aa05-bd0f2a1ef0e4@group-11D1A0DB352F-LeaderElection12] INFO  segmented.SegmentedRaftLogWorker (SegmentedRaftLogWorker.java:startLogSegment(397)) - 34efc206-1f67-4a18-aa05-bd0f2a1ef0e4@group-11D1A0DB352F-SegmentedRaftLogWorker: Starting segment from index:0
2020-06-27 08:27:56,770 [34efc206-1f67-4a18-aa05-bd0f2a1ef0e4@group-11D1A0DB352F-SegmentedRaftLogWorker] INFO  segmented.SegmentedRaftLogWorker (SegmentedRaftLogWorker.java:execute(596)) - 34efc206-1f67-4a18-aa05-bd0f2a1ef0e4@group-11D1A0DB352F-SegmentedRaftLogWorker: created new log segment /github/workspace/mnt/ozone/hadoop-ozone/integration-test/target/test-dir/MiniOzoneClusterImpl-8eb50a3f-c1ff-437a-8e18-e0505f09b26f/datanode-3/data/ratis/d5ffc3a5-e291-47c0-a340-11d1a0db352f/current/log_inprogress_0
2020-06-27 08:27:56,783 [34efc206-1f67-4a18-aa05-bd0f2a1ef0e4@group-11D1A0DB352F-LeaderElection12] INFO  impl.RaftServerImpl (ServerState.java:setRaftConf(356)) - 34efc206-1f67-4a18-aa05-bd0f2a1ef0e4@group-11D1A0DB352F: set configuration 0: [7f53e279-916a-4fed-90de-23e9c25f9e31:172.17.0.2:39157, 34efc206-1f67-4a18-aa05-bd0f2a1ef0e4:172.17.0.2:36253, a99a18fa-a15b-4cd6-a5fd-78034dfd05b4:172.17.0.2:33739], old=null at 0
2020-06-27 08:27:56,775 [Thread-277] INFO  impl.FollowerState (FollowerState.java:run(108)) - 7ac2bac4-ea14-4a92-ad00-7ecf8c69770d@group-4F5E8EC33368-FollowerState: change to CANDIDATE, lastRpcTime:5075ms, electionTimeout:5074ms
2020-06-27 08:27:56,789 [Thread-277] INFO  impl.RoleInfo (RoleInfo.java:shutdownFollowerState(121)) - 7ac2bac4-ea14-4a92-ad00-7ecf8c69770d: shutdown FollowerState
2020-06-27 08:27:56,789 [Thread-277] INFO  impl.RaftServerImpl (RaftServerImpl.java:setRole(175)) - 7ac2bac4-ea14-4a92-ad00-7ecf8c69770d@group-4F5E8EC33368: changes role from  FOLLOWER to CANDIDATE at term 0 for changeToCandidate
2020-06-27 08:27:56,789 [Thread-277] INFO  impl.RoleInfo (RoleInfo.java:updateAndGet(143)) - 7ac2bac4-ea14-4a92-ad00-7ecf8c69770d: start LeaderElection
2020-06-27 08:27:56,792 [Thread-274] INFO  impl.FollowerState (FollowerState.java:run(108)) - 21e928e7-b178-40d2-b19b-ea853389ee6e@group-4F5E8EC33368-FollowerState: change to CANDIDATE, lastRpcTime:5110ms, electionTimeout:5109ms
2020-06-27 08:27:56,793 [Thread-274] INFO  impl.RoleInfo (RoleInfo.java:shutdownFollowerState(121)) - 21e928e7-b178-40d2-b19b-ea853389ee6e: shutdown FollowerState
2020-06-27 08:27:56,793 [Thread-274] INFO  impl.RaftServerImpl (RaftServerImpl.java:setRole(175)) - 21e928e7-b178-40d2-b19b-ea853389ee6e@group-4F5E8EC33368: changes role from  FOLLOWER to CANDIDATE at term 0 for changeToCandidate
2020-06-27 08:27:56,793 [Thread-274] INFO  impl.RoleInfo (RoleInfo.java:updateAndGet(143)) - 21e928e7-b178-40d2-b19b-ea853389ee6e: start LeaderElection
2020-06-27 08:27:56,804 [grpc-default-executor-5] INFO  ratis.XceiverServerRatis (XceiverServerRatis.java:handleLeaderChangedNotification(762)) - Leader change notification received for group: group-11D1A0DB352F with new leaderId: 34efc206-1f67-4a18-aa05-bd0f2a1ef0e4
2020-06-27 08:27:56,804 [grpc-default-executor-5] INFO  impl.RaftServerImpl (ServerState.java:setLeader(255)) - 7f53e279-916a-4fed-90de-23e9c25f9e31@group-11D1A0DB352F: change Leader from null to 34efc206-1f67-4a18-aa05-bd0f2a1ef0e4 at term 1 for appendEntries, leader elected after 5132ms
2020-06-27 08:27:56,812 [7ac2bac4-ea14-4a92-ad00-7ecf8c69770d@group-4F5E8EC33368-LeaderElection13] INFO  impl.LeaderElection (LeaderElection.java:askForVotes(206)) - 7ac2bac4-ea14-4a92-ad00-7ecf8c69770d@group-4F5E8EC33368-LeaderElection13: begin an election at term 1 for -1: [7ac2bac4-ea14-4a92-ad00-7ecf8c69770d:172.17.0.2:39381, 21e928e7-b178-40d2-b19b-ea853389ee6e:172.17.0.2:38179, addd0e4b-8b83-4fcf-9561-846eae7ff551:172.17.0.2:35621], old=null
2020-06-27 08:27:56,816 [grpc-default-executor-5] DEBUG impl.RaftServerImpl (RaftServerImpl.java:logAppendEntries(928)) - 7f53e279-916a-4fed-90de-23e9c25f9e31@group-11D1A0DB352F: receive appendEntries(34efc206-1f67-4a18-aa05-bd0f2a1ef0e4, 1, null, -1, false, commits[34efc206-1f67-4a18-aa05-bd0f2a1ef0e4:c-1, 7f53e279-916a-4fed-90de-23e9c25f9e31:c-1, a99a18fa-a15b-4cd6-a5fd-78034dfd05b4:c-1], entries: (t:1, i:0), CONFIGURATIONENTRY
2020-06-27 08:27:56,817 [grpc-default-executor-5] INFO  impl.RaftServerImpl (ServerState.java:setRaftConf(356)) - 7f53e279-916a-4fed-90de-23e9c25f9e31@group-11D1A0DB352F: set configuration 0: [7f53e279-916a-4fed-90de-23e9c25f9e31:172.17.0.2:39157, 34efc206-1f67-4a18-aa05-bd0f2a1ef0e4:172.17.0.2:36253, a99a18fa-a15b-4cd6-a5fd-78034dfd05b4:172.17.0.2:33739], old=null at 0
2020-06-27 08:27:56,817 [grpc-default-executor-5] INFO  segmented.SegmentedRaftLogWorker (SegmentedRaftLogWorker.java:startLogSegment(397)) - 7f53e279-916a-4fed-90de-23e9c25f9e31@group-11D1A0DB352F-SegmentedRaftLogWorker: Starting segment from index:0
2020-06-27 08:27:56,822 [21e928e7-b178-40d2-b19b-ea853389ee6e@group-4F5E8EC33368-LeaderElection14] INFO  impl.LeaderElection (LeaderElection.java:askForVotes(206)) - 21e928e7-b178-40d2-b19b-ea853389ee6e@group-4F5E8EC33368-LeaderElection14: begin an election at term 1 for -1: [7ac2bac4-ea14-4a92-ad00-7ecf8c69770d:172.17.0.2:39381, 21e928e7-b178-40d2-b19b-ea853389ee6e:172.17.0.2:38179, addd0e4b-8b83-4fcf-9561-846eae7ff551:172.17.0.2:35621], old=null
2020-06-27 08:27:56,836 [7f53e279-916a-4fed-90de-23e9c25f9e31@group-11D1A0DB352F-SegmentedRaftLogWorker] INFO  segmented.SegmentedRaftLogWorker (SegmentedRaftLogWorker.java:execute(596)) - 7f53e279-916a-4fed-90de-23e9c25f9e31@group-11D1A0DB352F-SegmentedRaftLogWorker: created new log segment /github/workspace/mnt/ozone/hadoop-ozone/integration-test/target/test-dir/MiniOzoneClusterImpl-8eb50a3f-c1ff-437a-8e18-e0505f09b26f/datanode-4/data/ratis/d5ffc3a5-e291-47c0-a340-11d1a0db352f/current/log_inprogress_0
2020-06-27 08:27:56,837 [grpc-default-executor-4] DEBUG impl.RaftServerImpl (RaftServerImpl.java:requestVote(821)) - 21e928e7-b178-40d2-b19b-ea853389ee6e@group-4F5E8EC33368: receive requestVote(7ac2bac4-ea14-4a92-ad00-7ecf8c69770d, group-4F5E8EC33368, 1, (t:0, i:0))
2020-06-27 08:27:56,837 [grpc-default-executor-4] DEBUG impl.RaftServerImpl (RaftServerImpl.java:requestVote(853)) - 21e928e7-b178-40d2-b19b-ea853389ee6e@group-4F5E8EC33368 replies to vote request: 7ac2bac4-ea14-4a92-ad00-7ecf8c69770d<-21e928e7-b178-40d2-b19b-ea853389ee6e#0:FAIL-t1. Peer's state: 21e928e7-b178-40d2-b19b-ea853389ee6e@group-4F5E8EC33368:t1, leader=null, voted=21e928e7-b178-40d2-b19b-ea853389ee6e, raftlog=21e928e7-b178-40d2-b19b-ea853389ee6e@group-4F5E8EC33368-SegmentedRaftLog:OPENED:c-1,f-1,i0, conf=-1: [7ac2bac4-ea14-4a92-ad00-7ecf8c69770d:172.17.0.2:39381, 21e928e7-b178-40d2-b19b-ea853389ee6e:172.17.0.2:38179, addd0e4b-8b83-4fcf-9561-846eae7ff551:172.17.0.2:35621], old=null
2020-06-27 08:27:56,837 [grpc-default-executor-3] INFO  ratis.XceiverServerRatis (XceiverServerRatis.java:handleLeaderChangedNotification(762)) - Leader change notification received for group: group-11D1A0DB352F with new leaderId: 34efc206-1f67-4a18-aa05-bd0f2a1ef0e4
2020-06-27 08:27:56,837 [grpc-default-executor-3] INFO  impl.RaftServerImpl (ServerState.java:setLeader(255)) - a99a18fa-a15b-4cd6-a5fd-78034dfd05b4@group-11D1A0DB352F: change Leader from null to 34efc206-1f67-4a18-aa05-bd0f2a1ef0e4 at term 1 for appendEntries, leader elected after 5196ms
2020-06-27 08:27:56,837 [grpc-default-executor-2] DEBUG impl.RaftServerImpl (RaftServerImpl.java:requestVote(821)) - addd0e4b-8b83-4fcf-9561-846eae7ff551@group-4F5E8EC33368: receive requestVote(7ac2bac4-ea14-4a92-ad00-7ecf8c69770d, group-4F5E8EC33368, 1, (t:0, i:0))
2020-06-27 08:27:56,838 [grpc-default-executor-4] DEBUG impl.RaftServerImpl (RaftServerImpl.java:logAppendEntries(928)) - a99a18fa-a15b-4cd6-a5fd-78034dfd05b4@group-11D1A0DB352F: receive appendEntries(34efc206-1f67-4a18-aa05-bd0f2a1ef0e4, 1, null, -1, false, commits[34efc206-1f67-4a18-aa05-bd0f2a1ef0e4:c-1, 7f53e279-916a-4fed-90de-23e9c25f9e31:c-1, a99a18fa-a15b-4cd6-a5fd-78034dfd05b4:c-1], entries: (t:1, i:0), CONFIGURATIONENTRY
2020-06-27 08:27:56,839 [grpc-default-executor-4] INFO  impl.RaftServerImpl (ServerState.java:setRaftConf(356)) - a99a18fa-a15b-4cd6-a5fd-78034dfd05b4@group-11D1A0DB352F: set configuration 0: [7f53e279-916a-4fed-90de-23e9c25f9e31:172.17.0.2:39157, 34efc206-1f67-4a18-aa05-bd0f2a1ef0e4:172.17.0.2:36253, a99a18fa-a15b-4cd6-a5fd-78034dfd05b4:172.17.0.2:33739], old=null at 0
2020-06-27 08:27:56,839 [grpc-default-executor-4] INFO  segmented.SegmentedRaftLogWorker (SegmentedRaftLogWorker.java:startLogSegment(397)) - a99a18fa-a15b-4cd6-a5fd-78034dfd05b4@group-11D1A0DB352F-SegmentedRaftLogWorker: Starting segment from index:0
2020-06-27 08:27:56,841 [a99a18fa-a15b-4cd6-a5fd-78034dfd05b4@group-11D1A0DB352F-SegmentedRaftLogWorker] INFO  segmented.SegmentedRaftLogWorker (SegmentedRaftLogWorker.java:execute(596)) - a99a18fa-a15b-4cd6-a5fd-78034dfd05b4@group-11D1A0DB352F-SegmentedRaftLogWorker: created new log segment /github/workspace/mnt/ozone/hadoop-ozone/integration-test/target/test-dir/MiniOzoneClusterImpl-8eb50a3f-c1ff-437a-8e18-e0505f09b26f/datanode-5/data/ratis/d5ffc3a5-e291-47c0-a340-11d1a0db352f/current/log_inprogress_0
2020-06-27 08:27:56,844 [grpc-default-executor-4] DEBUG server.GrpcLogAppender (GrpcLogAppender.java:onNext(257)) - 34efc206-1f67-4a18-aa05-bd0f2a1ef0e4@group-11D1A0DB352F->7f53e279-916a-4fed-90de-23e9c25f9e31-AppendLogResponseHandler: received the first reply 34efc206-1f67-4a18-aa05-bd0f2a1ef0e4<-7f53e279-916a-4fed-90de-23e9c25f9e31#0:OK,SUCCESS,nextIndex:1,term:1,followerCommit:-1, request=AppendEntriesRequest:cid=0,entriesCount=0,lastEntry=null
2020-06-27 08:27:56,848 [Thread-351] DEBUG impl.RaftServerImpl (RaftServerImpl.java:logAppendEntries(928)) - a99a18fa-a15b-4cd6-a5fd-78034dfd05b4@group-11D1A0DB352F: succeeded to handle AppendEntries. Reply: 34efc206-1f67-4a18-aa05-bd0f2a1ef0e4<-a99a18fa-a15b-4cd6-a5fd-78034dfd05b4#1:OK,SUCCESS,nextIndex:1,term:1,followerCommit:-1
2020-06-27 08:27:56,851 [grpc-default-executor-5] DEBUG server.GrpcLogAppender (GrpcLogAppender.java:onNext(257)) - 34efc206-1f67-4a18-aa05-bd0f2a1ef0e4@group-11D1A0DB352F->a99a18fa-a15b-4cd6-a5fd-78034dfd05b4-AppendLogResponseHandler: received the first reply 34efc206-1f67-4a18-aa05-bd0f2a1ef0e4<-a99a18fa-a15b-4cd6-a5fd-78034dfd05b4#1:OK,SUCCESS,nextIndex:1,term:1,followerCommit:-1, request=AppendEntriesRequest:cid=1,entriesCount=1,lastEntry=(t:1, i:0)
2020-06-27 08:27:56,857 [grpc-default-executor-2] INFO  impl.RaftServerImpl (RaftServerImpl.java:setRole(175)) - addd0e4b-8b83-4fcf-9561-846eae7ff551@group-4F5E8EC33368: changes role from  FOLLOWER to FOLLOWER at term 1 for recognizeCandidate:7ac2bac4-ea14-4a92-ad00-7ecf8c69770d
2020-06-27 08:27:56,857 [grpc-default-executor-2] INFO  impl.RoleInfo (RoleInfo.java:shutdownFollowerState(121)) - addd0e4b-8b83-4fcf-9561-846eae7ff551: shutdown FollowerState
2020-06-27 08:27:56,857 [grpc-default-executor-5] DEBUG impl.RaftServerImpl (RaftServerImpl.java:requestVote(821)) - addd0e4b-8b83-4fcf-9561-846eae7ff551@group-4F5E8EC33368: receive requestVote(21e928e7-b178-40d2-b19b-ea853389ee6e, group-4F5E8EC33368, 1, (t:0, i:0))
2020-06-27 08:27:56,857 [grpc-default-executor-2] INFO  impl.RoleInfo (RoleInfo.java:updateAndGet(143)) - addd0e4b-8b83-4fcf-9561-846eae7ff551: start FollowerState
2020-06-27 08:27:56,857 [Thread-279] INFO  impl.FollowerState (FollowerState.java:run(117)) - addd0e4b-8b83-4fcf-9561-846eae7ff551@group-4F5E8EC33368-FollowerState was interrupted: java.lang.InterruptedException: sleep interrupted
2020-06-27 08:27:56,860 [Thread-350] DEBUG impl.RaftServerImpl (RaftServerImpl.java:logAppendEntries(928)) - 7f53e279-916a-4fed-90de-23e9c25f9e31@group-11D1A0DB352F: succeeded to handle AppendEntries. Reply: 34efc206-1f67-4a18-aa05-bd0f2a1ef0e4<-7f53e279-916a-4fed-90de-23e9c25f9e31#1:OK,SUCCESS,nextIndex:1,term:1,followerCommit:-1
2020-06-27 08:27:56,861 [grpc-default-executor-3] DEBUG impl.RaftServerImpl (RaftServerImpl.java:requestVote(821)) - 7ac2bac4-ea14-4a92-ad00-7ecf8c69770d@group-4F5E8EC33368: receive requestVote(21e928e7-b178-40d2-b19b-ea853389ee6e, group-4F5E8EC33368, 1, (t:0, i:0))
2020-06-27 08:27:56,861 [grpc-default-executor-2] DEBUG impl.RaftServerImpl (RaftServerImpl.java:requestVote(853)) - addd0e4b-8b83-4fcf-9561-846eae7ff551@group-4F5E8EC33368 replies to vote request: 7ac2bac4-ea14-4a92-ad00-7ecf8c69770d<-addd0e4b-8b83-4fcf-9561-846eae7ff551#0:OK-t1. Peer's state: addd0e4b-8b83-4fcf-9561-846eae7ff551@group-4F5E8EC33368:t1, leader=null, voted=7ac2bac4-ea14-4a92-ad00-7ecf8c69770d, raftlog=addd0e4b-8b83-4fcf-9561-846eae7ff551@group-4F5E8EC33368-SegmentedRaftLog:OPENED:c-1,f-1,i0, conf=-1: [7ac2bac4-ea14-4a92-ad00-7ecf8c69770d:172.17.0.2:39381, 21e928e7-b178-40d2-b19b-ea853389ee6e:172.17.0.2:38179, addd0e4b-8b83-4fcf-9561-846eae7ff551:172.17.0.2:35621], old=null
2020-06-27 08:27:56,861 [grpc-default-executor-3] DEBUG impl.RaftServerImpl (RaftServerImpl.java:requestVote(853)) - 7ac2bac4-ea14-4a92-ad00-7ecf8c69770d@group-4F5E8EC33368 replies to vote request: 21e928e7-b178-40d2-b19b-ea853389ee6e<-7ac2bac4-ea14-4a92-ad00-7ecf8c69770d#0:FAIL-t1. Peer's state: 7ac2bac4-ea14-4a92-ad00-7ecf8c69770d@group-4F5E8EC33368:t1, leader=null, voted=7ac2bac4-ea14-4a92-ad00-7ecf8c69770d, raftlog=7ac2bac4-ea14-4a92-ad00-7ecf8c69770d@group-4F5E8EC33368-SegmentedRaftLog:OPENED:c-1,f-1,i0, conf=-1: [7ac2bac4-ea14-4a92-ad00-7ecf8c69770d:172.17.0.2:39381, 21e928e7-b178-40d2-b19b-ea853389ee6e:172.17.0.2:38179, addd0e4b-8b83-4fcf-9561-846eae7ff551:172.17.0.2:35621], old=null
2020-06-27 08:27:56,861 [grpc-default-executor-5] DEBUG impl.RaftServerImpl (RaftServerImpl.java:requestVote(853)) - addd0e4b-8b83-4fcf-9561-846eae7ff551@group-4F5E8EC33368 replies to vote request: 21e928e7-b178-40d2-b19b-ea853389ee6e<-addd0e4b-8b83-4fcf-9561-846eae7ff551#0:FAIL-t1. Peer's state: addd0e4b-8b83-4fcf-9561-846eae7ff551@group-4F5E8EC33368:t1, leader=null, voted=7ac2bac4-ea14-4a92-ad00-7ecf8c69770d, raftlog=addd0e4b-8b83-4fcf-9561-846eae7ff551@group-4F5E8EC33368-SegmentedRaftLog:OPENED:c-1,f-1,i0, conf=-1: [7ac2bac4-ea14-4a92-ad00-7ecf8c69770d:172.17.0.2:39381, 21e928e7-b178-40d2-b19b-ea853389ee6e:172.17.0.2:38179, addd0e4b-8b83-4fcf-9561-846eae7ff551:172.17.0.2:35621], old=null
2020-06-27 08:27:56,863 [grpc-default-executor-5] DEBUG server.GrpcLogAppender (GrpcLogAppender.java:onNext(257)) - 34efc206-1f67-4a18-aa05-bd0f2a1ef0e4@group-11D1A0DB352F->7f53e279-916a-4fed-90de-23e9c25f9e31-AppendLogResponseHandler: received a reply 34efc206-1f67-4a18-aa05-bd0f2a1ef0e4<-7f53e279-916a-4fed-90de-23e9c25f9e31#1:OK,SUCCESS,nextIndex:1,term:1,followerCommit:-1, request=AppendEntriesRequest:cid=1,entriesCount=1,lastEntry=(t:1, i:0)
2020-06-27 08:27:56,864 [7ac2bac4-ea14-4a92-ad00-7ecf8c69770d@group-4F5E8EC33368-LeaderElection13] INFO  impl.LeaderElection (LeaderElection.java:logAndReturn(61)) - 7ac2bac4-ea14-4a92-ad00-7ecf8c69770d@group-4F5E8EC33368-LeaderElection13: Election PASSED; received 2 response(s) [7ac2bac4-ea14-4a92-ad00-7ecf8c69770d<-21e928e7-b178-40d2-b19b-ea853389ee6e#0:FAIL-t1, 7ac2bac4-ea14-4a92-ad00-7ecf8c69770d<-addd0e4b-8b83-4fcf-9561-846eae7ff551#0:OK-t1] and 0 exception(s); 7ac2bac4-ea14-4a92-ad00-7ecf8c69770d@group-4F5E8EC33368:t1, leader=null, voted=7ac2bac4-ea14-4a92-ad00-7ecf8c69770d, raftlog=7ac2bac4-ea14-4a92-ad00-7ecf8c69770d@group-4F5E8EC33368-SegmentedRaftLog:OPENED:c-1,f-1,i0, conf=-1: [7ac2bac4-ea14-4a92-ad00-7ecf8c69770d:172.17.0.2:39381, 21e928e7-b178-40d2-b19b-ea853389ee6e:172.17.0.2:38179, addd0e4b-8b83-4fcf-9561-846eae7ff551:172.17.0.2:35621], old=null
2020-06-27 08:27:56,868 [7ac2bac4-ea14-4a92-ad00-7ecf8c69770d@group-4F5E8EC33368-LeaderElection13] INFO  impl.RoleInfo (RoleInfo.java:shutdownLeaderElection(134)) - 7ac2bac4-ea14-4a92-ad00-7ecf8c69770d: shutdown LeaderElection
2020-06-27 08:27:56,868 [7ac2bac4-ea14-4a92-ad00-7ecf8c69770d@group-4F5E8EC33368-LeaderElection13] INFO  impl.RaftServerImpl (RaftServerImpl.java:setRole(175)) - 7ac2bac4-ea14-4a92-ad00-7ecf8c69770d@group-4F5E8EC33368: changes role from CANDIDATE to LEADER at term 1 for changeToLeader
2020-06-27 08:27:56,868 [7ac2bac4-ea14-4a92-ad00-7ecf8c69770d@group-4F5E8EC33368-LeaderElection13] INFO  ratis.XceiverServerRatis (XceiverServerRatis.java:handleLeaderChangedNotification(762)) - Leader change notification received for group: group-4F5E8EC33368 with new leaderId: 7ac2bac4-ea14-4a92-ad00-7ecf8c69770d
2020-06-27 08:27:56,869 [7ac2bac4-ea14-4a92-ad00-7ecf8c69770d@group-4F5E8EC33368-LeaderElection13] INFO  impl.RaftServerImpl (ServerState.java:setLeader(255)) - 7ac2bac4-ea14-4a92-ad00-7ecf8c69770d@group-4F5E8EC33368: change Leader from null to 7ac2bac4-ea14-4a92-ad00-7ecf8c69770d at term 1 for becomeLeader, leader elected after 5205ms
2020-06-27 08:27:56,869 [7ac2bac4-ea14-4a92-ad00-7ecf8c69770d@group-4F5E8EC33368-LeaderElection13] INFO  server.RaftServerConfigKeys (ConfUtils.java:logGet(44)) - raft.server.staging.catchup.gap = 1000 (default)
2020-06-27 08:27:56,869 [7ac2bac4-ea14-4a92-ad00-7ecf8c69770d@group-4F5E8EC33368-LeaderElection13] INFO  server.RaftServerConfigKeys (ConfUtils.java:logGet(44)) - raft.server.rpc.sleep.time = 25ms (default)
2020-06-27 08:27:56,869 [7ac2bac4-ea14-4a92-ad00-7ecf8c69770d@group-4F5E8EC33368-LeaderElection13] INFO  metrics.RatisMetrics (RatisMetrics.java:lambda$create$0(36)) - Creating Metrics Registry : ratis.log_appender.7ac2bac4-ea14-4a92-ad00-7ecf8c69770d@group-4F5E8EC33368
2020-06-27 08:27:56,869 [7ac2bac4-ea14-4a92-ad00-7ecf8c69770d@group-4F5E8EC33368-LeaderElection13] INFO  server.RaftServerConfigKeys (ConfUtils.java:logGet(44)) - raft.server.write.element-limit = 1024 (custom)
2020-06-27 08:27:56,869 [7ac2bac4-ea14-4a92-ad00-7ecf8c69770d@group-4F5E8EC33368-LeaderElection13] INFO  server.RaftServerConfigKeys (ConfUtils.java:logGet(44)) - raft.server.write.byte-limit = 1073741824 (custom)
2020-06-27 08:27:56,869 [7ac2bac4-ea14-4a92-ad00-7ecf8c69770d@group-4F5E8EC33368-LeaderElection13] INFO  server.RaftServerConfigKeys (ConfUtils.java:logGet(44)) - raft.server.watch.timeout = 3s (custom)
2020-06-27 08:27:56,869 [7ac2bac4-ea14-4a92-ad00-7ecf8c69770d@group-4F5E8EC33368-LeaderElection13] INFO  server.RaftServerConfigKeys (ConfUtils.java:logGet(44)) - raft.server.watch.timeout.denomination = 1s (default)
2020-06-27 08:27:56,869 [7ac2bac4-ea14-4a92-ad00-7ecf8c69770d@group-4F5E8EC33368-LeaderElection13] INFO  server.RaftServerConfigKeys (ConfUtils.java:logGet(44)) - raft.server.watch.element-limit = 65536 (default)
2020-06-27 08:27:56,870 [7ac2bac4-ea14-4a92-ad00-7ecf8c69770d@group-4F5E8EC33368-LeaderElection13] INFO  server.RaftServerConfigKeys (ConfUtils.java:logGet(44)) - raft.server.log.appender.snapshot.chunk.size.max = 16MB (=16777216) (default)
2020-06-27 08:27:56,870 [7ac2bac4-ea14-4a92-ad00-7ecf8c69770d@group-4F5E8EC33368-LeaderElection13] INFO  server.RaftServerConfigKeys (ConfUtils.java:logGet(44)) - raft.server.log.appender.buffer.byte-limit = 33554432 (custom)
2020-06-27 08:27:56,870 [7ac2bac4-ea14-4a92-ad00-7ecf8c69770d@group-4F5E8EC33368-LeaderElection13] INFO  server.RaftServerConfigKeys (ConfUtils.java:logGet(44)) - raft.server.log.appender.buffer.element-limit = 1 (custom)
2020-06-27 08:27:56,872 [7ac2bac4-ea14-4a92-ad00-7ecf8c69770d@group-4F5E8EC33368-LeaderElection13] INFO  grpc.GrpcConfigKeys (ConfUtils.java:logGet(44)) - raft.grpc.server.leader.outstanding.appends.max = 128 (default)
2020-06-27 08:27:56,872 [7ac2bac4-ea14-4a92-ad00-7ecf8c69770d@group-4F5E8EC33368-LeaderElection13] INFO  server.RaftServerConfigKeys (ConfUtils.java:logGet(44)) - raft.server.rpc.request.timeout = 3s (default)
2020-06-27 08:27:56,872 [7ac2bac4-ea14-4a92-ad00-7ecf8c69770d@group-4F5E8EC33368-LeaderElection13] INFO  server.RaftServerConfigKeys (ConfUtils.java:logGet(44)) - raft.server.log.appender.install.snapshot.enabled = false (custom)
2020-06-27 08:27:56,872 [7ac2bac4-ea14-4a92-ad00-7ecf8c69770d@group-4F5E8EC33368-LeaderElection13] INFO  metrics.RatisMetrics (RatisMetrics.java:lambda$create$0(36)) - Creating Metrics Registry : ratis_grpc.log_appender.7ac2bac4-ea14-4a92-ad00-7ecf8c69770d@group-4F5E8EC33368
2020-06-27 08:27:56,873 [7ac2bac4-ea14-4a92-ad00-7ecf8c69770d@group-4F5E8EC33368-LeaderElection13] INFO  server.RaftServerConfigKeys (ConfUtils.java:logGet(44)) - raft.server.log.appender.snapshot.chunk.size.max = 16MB (=16777216) (default)
2020-06-27 08:27:56,873 [7ac2bac4-ea14-4a92-ad00-7ecf8c69770d@group-4F5E8EC33368-LeaderElection13] INFO  server.RaftServerConfigKeys (ConfUtils.java:logGet(44)) - raft.server.log.appender.buffer.byte-limit = 33554432 (custom)
2020-06-27 08:27:56,873 [7ac2bac4-ea14-4a92-ad00-7ecf8c69770d@group-4F5E8EC33368-LeaderElection13] INFO  server.RaftServerConfigKeys (ConfUtils.java:logGet(44)) - raft.server.log.appender.buffer.element-limit = 1 (custom)
2020-06-27 08:27:56,873 [7ac2bac4-ea14-4a92-ad00-7ecf8c69770d@group-4F5E8EC33368-LeaderElection13] INFO  grpc.GrpcConfigKeys (ConfUtils.java:logGet(44)) - raft.grpc.server.leader.outstanding.appends.max = 128 (default)
2020-06-27 08:27:56,873 [7ac2bac4-ea14-4a92-ad00-7ecf8c69770d@group-4F5E8EC33368-LeaderElection13] INFO  server.RaftServerConfigKeys (ConfUtils.java:logGet(44)) - raft.server.rpc.request.timeout = 3s (default)
2020-06-27 08:27:56,873 [7ac2bac4-ea14-4a92-ad00-7ecf8c69770d@group-4F5E8EC33368-LeaderElection13] INFO  server.RaftServerConfigKeys (ConfUtils.java:logGet(44)) - raft.server.log.appender.install.snapshot.enabled = false (custom)
2020-06-27 08:27:56,874 [7ac2bac4-ea14-4a92-ad00-7ecf8c69770d@group-4F5E8EC33368-LeaderElection13] INFO  impl.RoleInfo (RoleInfo.java:updateAndGet(143)) - 7ac2bac4-ea14-4a92-ad00-7ecf8c69770d: start LeaderState
2020-06-27 08:27:56,874 [7ac2bac4-ea14-4a92-ad00-7ecf8c69770d@group-4F5E8EC33368-LeaderElection13] INFO  segmented.SegmentedRaftLogWorker (SegmentedRaftLogWorker.java:startLogSegment(397)) - 7ac2bac4-ea14-4a92-ad00-7ecf8c69770d@group-4F5E8EC33368-SegmentedRaftLogWorker: Starting segment from index:0
2020-06-27 08:27:56,871 [EventQueue-PipelineReportForPipelineReportHandler] INFO  pipeline.PipelineStateManager (PipelineStateManager.java:openPipeline(131)) - Pipeline Pipeline[ Id: 92f35736-c11e-4ed1-be08-4f5e8ec33368, Nodes: addd0e4b-8b83-4fcf-9561-846eae7ff551{ip: 172.17.0.2, host: 23863634748d, networkLocation: /default-rack, certSerialId: null}7ac2bac4-ea14-4a92-ad00-7ecf8c69770d{ip: 172.17.0.2, host: 23863634748d, networkLocation: /default-rack, certSerialId: null}21e928e7-b178-40d2-b19b-ea853389ee6e{ip: 172.17.0.2, host: 23863634748d, networkLocation: /default-rack, certSerialId: null}, Type:RATIS, Factor:THREE, State:ALLOCATED, leaderId:7ac2bac4-ea14-4a92-ad00-7ecf8c69770d, CreationTimestamp2020-06-27T08:27:47.624Z] moved to OPEN state
2020-06-27 08:27:56,871 [21e928e7-b178-40d2-b19b-ea853389ee6e@group-4F5E8EC33368-LeaderElection14] INFO  impl.LeaderElection (LeaderElection.java:logAndReturn(61)) - 21e928e7-b178-40d2-b19b-ea853389ee6e@group-4F5E8EC33368-LeaderElection14: Election REJECTED; received 2 response(s) [21e928e7-b178-40d2-b19b-ea853389ee6e<-7ac2bac4-ea14-4a92-ad00-7ecf8c69770d#0:FAIL-t1, 21e928e7-b178-40d2-b19b-ea853389ee6e<-addd0e4b-8b83-4fcf-9561-846eae7ff551#0:FAIL-t1] and 0 exception(s); 21e928e7-b178-40d2-b19b-ea853389ee6e@group-4F5E8EC33368:t1, leader=null, voted=21e928e7-b178-40d2-b19b-ea853389ee6e, raftlog=21e928e7-b178-40d2-b19b-ea853389ee6e@group-4F5E8EC33368-SegmentedRaftLog:OPENED:c-1,f-1,i0, conf=-1: [7ac2bac4-ea14-4a92-ad00-7ecf8c69770d:172.17.0.2:39381, 21e928e7-b178-40d2-b19b-ea853389ee6e:172.17.0.2:38179, addd0e4b-8b83-4fcf-9561-846eae7ff551:172.17.0.2:35621], old=null
2020-06-27 08:27:56,879 [21e928e7-b178-40d2-b19b-ea853389ee6e@group-4F5E8EC33368-LeaderElection14] INFO  impl.RaftServerImpl (RaftServerImpl.java:setRole(175)) - 21e928e7-b178-40d2-b19b-ea853389ee6e@group-4F5E8EC33368: changes role from CANDIDATE to FOLLOWER at term 1 for DISCOVERED_A_NEW_TERM
2020-06-27 08:27:56,879 [21e928e7-b178-40d2-b19b-ea853389ee6e@group-4F5E8EC33368-LeaderElection14] INFO  impl.RoleInfo (RoleInfo.java:shutdownLeaderElection(134)) - 21e928e7-b178-40d2-b19b-ea853389ee6e: shutdown LeaderElection
2020-06-27 08:27:56,879 [21e928e7-b178-40d2-b19b-ea853389ee6e@group-4F5E8EC33368-LeaderElection14] INFO  impl.RoleInfo (RoleInfo.java:updateAndGet(143)) - 21e928e7-b178-40d2-b19b-ea853389ee6e: start FollowerState
2020-06-27 08:27:56,880 [7ac2bac4-ea14-4a92-ad00-7ecf8c69770d@group-4F5E8EC33368-SegmentedRaftLogWorker] INFO  segmented.SegmentedRaftLogWorker (SegmentedRaftLogWorker.java:execute(596)) - 7ac2bac4-ea14-4a92-ad00-7ecf8c69770d@group-4F5E8EC33368-SegmentedRaftLogWorker: created new log segment /github/workspace/mnt/ozone/hadoop-ozone/integration-test/target/test-dir/MiniOzoneClusterImpl-8eb50a3f-c1ff-437a-8e18-e0505f09b26f/datanode-1/data/ratis/92f35736-c11e-4ed1-be08-4f5e8ec33368/current/log_inprogress_0
2020-06-27 08:27:56,894 [grpc-default-executor-5] INFO  ratis.XceiverServerRatis (XceiverServerRatis.java:handleLeaderChangedNotification(762)) - Leader change notification received for group: group-4F5E8EC33368 with new leaderId: 7ac2bac4-ea14-4a92-ad00-7ecf8c69770d
2020-06-27 08:27:56,896 [grpc-default-executor-5] INFO  impl.RaftServerImpl (ServerState.java:setLeader(255)) - 21e928e7-b178-40d2-b19b-ea853389ee6e@group-4F5E8EC33368: change Leader from null to 7ac2bac4-ea14-4a92-ad00-7ecf8c69770d at term 1 for appendEntries, leader elected after 5248ms
2020-06-27 08:27:56,897 [grpc-default-executor-5] DEBUG impl.RaftServerImpl (RaftServerImpl.java:logAppendEntries(928)) - 21e928e7-b178-40d2-b19b-ea853389ee6e@group-4F5E8EC33368: receive appendEntries(7ac2bac4-ea14-4a92-ad00-7ecf8c69770d, 1, null, -1, false, commits[7ac2bac4-ea14-4a92-ad00-7ecf8c69770d:c-1, 21e928e7-b178-40d2-b19b-ea853389ee6e:c-1, addd0e4b-8b83-4fcf-9561-846eae7ff551:c-1], entries: (t:1, i:0), CONFIGURATIONENTRY
2020-06-27 08:27:56,897 [grpc-default-executor-5] INFO  impl.RaftServerImpl (ServerState.java:setRaftConf(356)) - 21e928e7-b178-40d2-b19b-ea853389ee6e@group-4F5E8EC33368: set configuration 0: [7ac2bac4-ea14-4a92-ad00-7ecf8c69770d:172.17.0.2:39381, 21e928e7-b178-40d2-b19b-ea853389ee6e:172.17.0.2:38179, addd0e4b-8b83-4fcf-9561-846eae7ff551:172.17.0.2:35621], old=null at 0
2020-06-27 08:27:56,898 [grpc-default-executor-5] INFO  segmented.SegmentedRaftLogWorker (SegmentedRaftLogWorker.java:startLogSegment(397)) - 21e928e7-b178-40d2-b19b-ea853389ee6e@group-4F5E8EC33368-SegmentedRaftLogWorker: Starting segment from index:0
2020-06-27 08:27:56,894 [7ac2bac4-ea14-4a92-ad00-7ecf8c69770d@group-4F5E8EC33368-LeaderElection13] INFO  impl.RaftServerImpl (ServerState.java:setRaftConf(356)) - 7ac2bac4-ea14-4a92-ad00-7ecf8c69770d@group-4F5E8EC33368: set configuration 0: [7ac2bac4-ea14-4a92-ad00-7ecf8c69770d:172.17.0.2:39381, 21e928e7-b178-40d2-b19b-ea853389ee6e:172.17.0.2:38179, addd0e4b-8b83-4fcf-9561-846eae7ff551:172.17.0.2:35621], old=null at 0
2020-06-27 08:27:56,912 [21e928e7-b178-40d2-b19b-ea853389ee6e@group-4F5E8EC33368-SegmentedRaftLogWorker] INFO  segmented.SegmentedRaftLogWorker (SegmentedRaftLogWorker.java:execute(596)) - 21e928e7-b178-40d2-b19b-ea853389ee6e@group-4F5E8EC33368-SegmentedRaftLogWorker: created new log segment /github/workspace/mnt/ozone/hadoop-ozone/integration-test/target/test-dir/MiniOzoneClusterImpl-8eb50a3f-c1ff-437a-8e18-e0505f09b26f/datanode-2/data/ratis/92f35736-c11e-4ed1-be08-4f5e8ec33368/current/log_inprogress_0
2020-06-27 08:27:56,912 [IPC Server handler 12 on default port 46381] INFO  volume.OMVolumeCreateRequest (OMVolumeCreateRequest.java:validateAndUpdateCache(208)) - created volume:testblockoutputstream for user:jenkins1001
2020-06-27 08:27:56,920 [grpc-default-executor-3] INFO  ratis.XceiverServerRatis (XceiverServerRatis.java:handleLeaderChangedNotification(762)) - Leader change notification received for group: group-4F5E8EC33368 with new leaderId: 7ac2bac4-ea14-4a92-ad00-7ecf8c69770d
2020-06-27 08:27:56,920 [grpc-default-executor-3] INFO  impl.RaftServerImpl (ServerState.java:setLeader(255)) - addd0e4b-8b83-4fcf-9561-846eae7ff551@group-4F5E8EC33368: change Leader from null to 7ac2bac4-ea14-4a92-ad00-7ecf8c69770d at term 1 for appendEntries, leader elected after 5234ms
2020-06-27 08:27:56,921 [grpc-default-executor-5] DEBUG server.GrpcLogAppender (GrpcLogAppender.java:onNext(257)) - 7ac2bac4-ea14-4a92-ad00-7ecf8c69770d@group-4F5E8EC33368->21e928e7-b178-40d2-b19b-ea853389ee6e-AppendLogResponseHandler: received the first reply 7ac2bac4-ea14-4a92-ad00-7ecf8c69770d<-21e928e7-b178-40d2-b19b-ea853389ee6e#0:OK,SUCCESS,nextIndex:1,term:1,followerCommit:-1, request=AppendEntriesRequest:cid=0,entriesCount=0,lastEntry=null
2020-06-27 08:27:56,922 [Thread-358] DEBUG impl.RaftServerImpl (RaftServerImpl.java:logAppendEntries(928)) - 21e928e7-b178-40d2-b19b-ea853389ee6e@group-4F5E8EC33368: succeeded to handle AppendEntries. Reply: 7ac2bac4-ea14-4a92-ad00-7ecf8c69770d<-21e928e7-b178-40d2-b19b-ea853389ee6e#1:OK,SUCCESS,nextIndex:1,term:1,followerCommit:-1
2020-06-27 08:27:56,923 [grpc-default-executor-5] DEBUG server.GrpcLogAppender (GrpcLogAppender.java:onNext(257)) - 7ac2bac4-ea14-4a92-ad00-7ecf8c69770d@group-4F5E8EC33368->21e928e7-b178-40d2-b19b-ea853389ee6e-AppendLogResponseHandler: received a reply 7ac2bac4-ea14-4a92-ad00-7ecf8c69770d<-21e928e7-b178-40d2-b19b-ea853389ee6e#1:OK,SUCCESS,nextIndex:1,term:1,followerCommit:-1, request=AppendEntriesRequest:cid=1,entriesCount=1,lastEntry=(t:1, i:0)
2020-06-27 08:27:56,924 [grpc-default-executor-3] DEBUG impl.RaftServerImpl (RaftServerImpl.java:logAppendEntries(928)) - addd0e4b-8b83-4fcf-9561-846eae7ff551@group-4F5E8EC33368: receive appendEntries(7ac2bac4-ea14-4a92-ad00-7ecf8c69770d, 1, null, 0, false, commits[7ac2bac4-ea14-4a92-ad00-7ecf8c69770d:c0, 21e928e7-b178-40d2-b19b-ea853389ee6e:c-1, addd0e4b-8b83-4fcf-9561-846eae7ff551:c-1], entries: (t:1, i:0), CONFIGURATIONENTRY
2020-06-27 08:27:56,925 [grpc-default-executor-3] INFO  impl.RaftServerImpl (ServerState.java:setRaftConf(356)) - addd0e4b-8b83-4fcf-9561-846eae7ff551@group-4F5E8EC33368: set configuration 0: [7ac2bac4-ea14-4a92-ad00-7ecf8c69770d:172.17.0.2:39381, 21e928e7-b178-40d2-b19b-ea853389ee6e:172.17.0.2:38179, addd0e4b-8b83-4fcf-9561-846eae7ff551:172.17.0.2:35621], old=null at 0
2020-06-27 08:27:56,925 [grpc-default-executor-3] INFO  segmented.SegmentedRaftLogWorker (SegmentedRaftLogWorker.java:startLogSegment(397)) - addd0e4b-8b83-4fcf-9561-846eae7ff551@group-4F5E8EC33368-SegmentedRaftLogWorker: Starting segment from index:0
2020-06-27 08:27:56,929 [addd0e4b-8b83-4fcf-9561-846eae7ff551@group-4F5E8EC33368-SegmentedRaftLogWorker] INFO  segmented.SegmentedRaftLogWorker (SegmentedRaftLogWorker.java:execute(596)) - addd0e4b-8b83-4fcf-9561-846eae7ff551@group-4F5E8EC33368-SegmentedRaftLogWorker: created new log segment /github/workspace/mnt/ozone/hadoop-ozone/integration-test/target/test-dir/MiniOzoneClusterImpl-8eb50a3f-c1ff-437a-8e18-e0505f09b26f/datanode-0/data/ratis/92f35736-c11e-4ed1-be08-4f5e8ec33368/current/log_inprogress_0
2020-06-27 08:27:56,934 [Thread-360] DEBUG impl.RaftServerImpl (RaftServerImpl.java:logAppendEntries(928)) - addd0e4b-8b83-4fcf-9561-846eae7ff551@group-4F5E8EC33368: succeeded to handle AppendEntries. Reply: 7ac2bac4-ea14-4a92-ad00-7ecf8c69770d<-addd0e4b-8b83-4fcf-9561-846eae7ff551#1:OK,SUCCESS,nextIndex:1,term:1,followerCommit:0
2020-06-27 08:27:56,935 [Listener at 127.0.0.1/46381] INFO  rpc.RpcClient (RpcClient.java:createBucket(453)) - Creating Bucket: testblockoutputstream/testblockoutputstream, with Versioning false and Storage Type set to DISK and Encryption set to false 
2020-06-27 08:27:56,937 [grpc-default-executor-3] WARN  server.GrpcLogAppender (LogUtils.java:warn(122)) - 7ac2bac4-ea14-4a92-ad00-7ecf8c69770d@group-4F5E8EC33368->addd0e4b-8b83-4fcf-9561-846eae7ff551-AppendLogResponseHandler: Failed appendEntries: org.apache.ratis.thirdparty.io.grpc.StatusRuntimeException: CANCELLED: Failed to read message.
2020-06-27 08:27:56,942 [grpc-default-executor-2] WARN  server.GrpcServerProtocolService (LogUtils.java:warn(122)) - addd0e4b-8b83-4fcf-9561-846eae7ff551: installSnapshot onError, lastRequest: 7ac2bac4-ea14-4a92-ad00-7ecf8c69770d->addd0e4b-8b83-4fcf-9561-846eae7ff551#1-t1, previous=(t:0, i:0), leaderCommit=0, initializing? false, entries: size=1, first=(t:1, i:0), CONFIGURATIONENTRY: org.apache.ratis.thirdparty.io.grpc.StatusRuntimeException: CANCELLED: cancelled before receiving half close
2020-06-27 08:27:57,079 [Listener at 127.0.0.1/46381] INFO  impl.MetricsSystemImpl (MetricsSystemImpl.java:init(158)) - XceiverClientMetrics metrics system started (again)
2020-06-27 08:27:57,181 [grpc-default-executor-2] DEBUG impl.RaftServerImpl (RaftServerImpl.java:submitClientRequestAsync(575)) - 7ac2bac4-ea14-4a92-ad00-7ecf8c69770d@group-4F5E8EC33368: receive client request(RaftClientRequest:client-08B5AFD2DA9D->7ac2bac4-ea14-4a92-ad00-7ecf8c69770d@group-4F5E8EC33368, cid=24, seq=1*, Watch(0), Message:<EMPTY>)
2020-06-27 08:27:57,182 [grpc-default-executor-2] DEBUG impl.RaftServerImpl (LeaderState.java:addWatchReqeust(353)) - 7ac2bac4-ea14-4a92-ad00-7ecf8c69770d@group-4F5E8EC33368-LeaderState: addWatchRequest RaftClientRequest:client-08B5AFD2DA9D->7ac2bac4-ea14-4a92-ad00-7ecf8c69770d@group-4F5E8EC33368, cid=24, seq=1*, Watch(0), Message:<EMPTY>
2020-06-27 08:27:57,221 [grpc-default-executor-5] DEBUG impl.RaftServerImpl (RaftServerImpl.java:submitClientRequestAsync(575)) - 7ac2bac4-ea14-4a92-ad00-7ecf8c69770d@group-4F5E8EC33368: receive client request(RaftClientRequest:client-08B5AFD2DA9D->7ac2bac4-ea14-4a92-ad00-7ecf8c69770d@group-4F5E8EC33368, cid=25, seq=2, RW, Message:00000069080c12001801...(size=209))
2020-06-27 08:27:57,306 [grpc-default-executor-5] DEBUG impl.RaftServerImpl (LeaderState.java:addPendingRequest(335)) - 7ac2bac4-ea14-4a92-ad00-7ecf8c69770d@group-4F5E8EC33368-LeaderState: addPendingRequest at RaftClientRequest:client-08B5AFD2DA9D->7ac2bac4-ea14-4a92-ad00-7ecf8c69770d@group-4F5E8EC33368, cid=25, seq=2, RW, Message:00000069080c12001801...(size=209), entry=(t:1, i:1), STATEMACHINELOGENTRY, client-08B5AFD2DA9D, cid=25
2020-06-27 08:27:57,312 [grpc-default-executor-2] DEBUG impl.RaftServerImpl (RaftServerImpl.java:logAppendEntries(928)) - 21e928e7-b178-40d2-b19b-ea853389ee6e@group-4F5E8EC33368: receive appendEntries(7ac2bac4-ea14-4a92-ad00-7ecf8c69770d, 1, (t:1, i:0), 0, false, commits[7ac2bac4-ea14-4a92-ad00-7ecf8c69770d:c0, 21e928e7-b178-40d2-b19b-ea853389ee6e:c-1, addd0e4b-8b83-4fcf-9561-846eae7ff551:c-1], entries: (t:1, i:1), STATEMACHINELOGENTRY, client-08B5AFD2DA9D, cid=25
2020-06-27 08:27:57,415 [Thread-364] DEBUG impl.RaftServerImpl (RaftServerImpl.java:logAppendEntries(928)) - 21e928e7-b178-40d2-b19b-ea853389ee6e@group-4F5E8EC33368: succeeded to handle AppendEntries. Reply: 7ac2bac4-ea14-4a92-ad00-7ecf8c69770d<-21e928e7-b178-40d2-b19b-ea853389ee6e#2:OK,SUCCESS,nextIndex:2,term:1,followerCommit:0
2020-06-27 08:27:57,418 [grpc-default-executor-2] DEBUG server.GrpcLogAppender (GrpcLogAppender.java:onNext(257)) - 7ac2bac4-ea14-4a92-ad00-7ecf8c69770d@group-4F5E8EC33368->21e928e7-b178-40d2-b19b-ea853389ee6e-AppendLogResponseHandler: received a reply 7ac2bac4-ea14-4a92-ad00-7ecf8c69770d<-21e928e7-b178-40d2-b19b-ea853389ee6e#2:OK,SUCCESS,nextIndex:2,term:1,followerCommit:0, request=AppendEntriesRequest:cid=2,entriesCount=1,lastEntry=(t:1, i:1)
2020-06-27 08:27:58,464 [grpc-default-executor-2] DEBUG server.GrpcLogAppender (GrpcLogAppender.java:onNext(257)) - 7ac2bac4-ea14-4a92-ad00-7ecf8c69770d@group-DE40DCD8EE57->addd0e4b-8b83-4fcf-9561-846eae7ff551-AppendLogResponseHandler: received a reply 7ac2bac4-ea14-4a92-ad00-7ecf8c69770d<-addd0e4b-8b83-4fcf-9561-846eae7ff551#2:OK,SUCCESS,nextIndex:1,term:1,followerCommit:0, request=AppendEntriesRequest:cid=2,entriesCount=0,lastEntry=null
2020-06-27 08:27:58,468 [grpc-default-executor-2] DEBUG server.GrpcLogAppender (GrpcLogAppender.java:onNext(257)) - 7ac2bac4-ea14-4a92-ad00-7ecf8c69770d@group-DE40DCD8EE57->21e928e7-b178-40d2-b19b-ea853389ee6e-AppendLogResponseHandler: received a reply 7ac2bac4-ea14-4a92-ad00-7ecf8c69770d<-21e928e7-b178-40d2-b19b-ea853389ee6e#2:OK,SUCCESS,nextIndex:1,term:1,followerCommit:0, request=AppendEntriesRequest:cid=2,entriesCount=0,lastEntry=null
2020-06-27 08:27:58,830 [EventQueue-Delayed safe mode statusForReplicationManager] INFO  container.ReplicationManager (ReplicationManager.java:start(176)) - Starting Replication Monitor Thread.
2020-06-27 08:27:58,832 [ReplicationMonitor] INFO  container.ReplicationManager (ReplicationManager.java:run(240)) - Replication Monitor Thread took 1 milliseconds for processing 1 containers.
2020-06-27 08:27:58,832 [EventQueue-CloseContainerForCloseContainerEventHandler] INFO  container.CloseContainerEventHandler (CloseContainerEventHandler.java:onMessage(61)) - Close container Event triggered for container : #1
2020-06-27 08:27:59,354 [grpc-default-executor-2] DEBUG server.GrpcLogAppender (GrpcLogAppender.java:onNext(257)) - 34efc206-1f67-4a18-aa05-bd0f2a1ef0e4@group-11D1A0DB352F->a99a18fa-a15b-4cd6-a5fd-78034dfd05b4-AppendLogResponseHandler: received a reply 34efc206-1f67-4a18-aa05-bd0f2a1ef0e4<-a99a18fa-a15b-4cd6-a5fd-78034dfd05b4#2:OK,SUCCESS,nextIndex:1,term:1,followerCommit:0, request=AppendEntriesRequest:cid=2,entriesCount=0,lastEntry=null
2020-06-27 08:27:59,366 [grpc-default-executor-2] DEBUG server.GrpcLogAppender (GrpcLogAppender.java:onNext(257)) - 34efc206-1f67-4a18-aa05-bd0f2a1ef0e4@group-11D1A0DB352F->7f53e279-916a-4fed-90de-23e9c25f9e31-AppendLogResponseHandler: received a reply 34efc206-1f67-4a18-aa05-bd0f2a1ef0e4<-7f53e279-916a-4fed-90de-23e9c25f9e31#2:OK,SUCCESS,nextIndex:1,term:1,followerCommit:0, request=AppendEntriesRequest:cid=2,entriesCount=0,lastEntry=null
2020-06-27 08:27:59,802 [java.util.concurrent.ThreadPoolExecutor$Worker@147faaa9[State = -1, empty queue]] WARN  server.GrpcLogAppender (GrpcLogAppender.java:timeoutAppendRequest(219)) - 34efc206-1f67-4a18-aa05-bd0f2a1ef0e4@group-11D1A0DB352F->a99a18fa-a15b-4cd6-a5fd-78034dfd05b4-GrpcLogAppender: HEARTBEAT appendEntries Timeout, request=AppendEntriesRequest:cid=0,entriesCount=0,lastEntry=null
2020-06-27 08:27:59,921 [java.util.concurrent.ThreadPoolExecutor$Worker@147faaa9[State = -1, empty queue]] WARN  server.GrpcLogAppender (GrpcLogAppender.java:timeoutAppendRequest(219)) - 7ac2bac4-ea14-4a92-ad00-7ecf8c69770d@group-4F5E8EC33368->addd0e4b-8b83-4fcf-9561-846eae7ff551-GrpcLogAppender: HEARTBEAT appendEntries Timeout, request=AppendEntriesRequest:cid=0,entriesCount=0,lastEntry=null
2020-06-27 08:27:59,922 [java.util.concurrent.ThreadPoolExecutor$Worker@147faaa9[State = -1, empty queue]] WARN  server.GrpcLogAppender (GrpcLogAppender.java:timeoutAppendRequest(219)) - 7ac2bac4-ea14-4a92-ad00-7ecf8c69770d@group-4F5E8EC33368->addd0e4b-8b83-4fcf-9561-846eae7ff551-GrpcLogAppender:  appendEntries Timeout, request=AppendEntriesRequest:cid=1,entriesCount=1,lastEntry=(t:1, i:0)
2020-06-27 08:27:59,922 [grpc-default-executor-2] DEBUG server.GrpcLogAppender (GrpcLogAppender.java:onNext(257)) - 7ac2bac4-ea14-4a92-ad00-7ecf8c69770d@group-4F5E8EC33368->21e928e7-b178-40d2-b19b-ea853389ee6e-AppendLogResponseHandler: received a reply 7ac2bac4-ea14-4a92-ad00-7ecf8c69770d<-21e928e7-b178-40d2-b19b-ea853389ee6e#3:OK,SUCCESS,nextIndex:2,term:1,followerCommit:0, request=AppendEntriesRequest:cid=3,entriesCount=0,lastEntry=null
2020-06-27 08:28:00,729 [Command processor thread] ERROR commandhandler.CloseContainerCommandHandler (CloseContainerCommandHandler.java:handle(85)) - Container #1 does not exist in datanode. Container close failed.
2020-06-27 08:28:00,969 [grpc-default-executor-2] DEBUG server.GrpcLogAppender (GrpcLogAppender.java:onNext(257)) - 7ac2bac4-ea14-4a92-ad00-7ecf8c69770d@group-DE40DCD8EE57->addd0e4b-8b83-4fcf-9561-846eae7ff551-AppendLogResponseHandler: received a reply 7ac2bac4-ea14-4a92-ad00-7ecf8c69770d<-addd0e4b-8b83-4fcf-9561-846eae7ff551#3:OK,SUCCESS,nextIndex:1,term:1,followerCommit:0, request=AppendEntriesRequest:cid=3,entriesCount=0,lastEntry=null
2020-06-27 08:28:00,970 [grpc-default-executor-4] DEBUG server.GrpcLogAppender (GrpcLogAppender.java:onNext(257)) - 7ac2bac4-ea14-4a92-ad00-7ecf8c69770d@group-DE40DCD8EE57->21e928e7-b178-40d2-b19b-ea853389ee6e-AppendLogResponseHandler: received a reply 7ac2bac4-ea14-4a92-ad00-7ecf8c69770d<-21e928e7-b178-40d2-b19b-ea853389ee6e#3:OK,SUCCESS,nextIndex:1,term:1,followerCommit:0, request=AppendEntriesRequest:cid=3,entriesCount=0,lastEntry=null
2020-06-27 08:28:01,383 [Thread-330] INFO  impl.FollowerState (FollowerState.java:run(108)) - a99a18fa-a15b-4cd6-a5fd-78034dfd05b4@group-EDAE14BFB10F-FollowerState: change to CANDIDATE, lastRpcTime:5027ms, electionTimeout:5017ms
2020-06-27 08:28:01,383 [Thread-330] INFO  impl.RoleInfo (RoleInfo.java:shutdownFollowerState(121)) - a99a18fa-a15b-4cd6-a5fd-78034dfd05b4: shutdown FollowerState
2020-06-27 08:28:01,383 [Thread-330] INFO  impl.RaftServerImpl (RaftServerImpl.java:setRole(175)) - a99a18fa-a15b-4cd6-a5fd-78034dfd05b4@group-EDAE14BFB10F: changes role from  FOLLOWER to CANDIDATE at term 1 for changeToCandidate
2020-06-27 08:28:01,383 [Thread-330] INFO  impl.RoleInfo (RoleInfo.java:updateAndGet(143)) - a99a18fa-a15b-4cd6-a5fd-78034dfd05b4: start LeaderElection
2020-06-27 08:28:01,401 [a99a18fa-a15b-4cd6-a5fd-78034dfd05b4@group-EDAE14BFB10F-LeaderElection15] INFO  impl.LeaderElection (LeaderElection.java:askForVotes(206)) - a99a18fa-a15b-4cd6-a5fd-78034dfd05b4@group-EDAE14BFB10F-LeaderElection15: begin an election at term 2 for -1: [7f53e279-916a-4fed-90de-23e9c25f9e31:172.17.0.2:39157, 34efc206-1f67-4a18-aa05-bd0f2a1ef0e4:172.17.0.2:36253, a99a18fa-a15b-4cd6-a5fd-78034dfd05b4:172.17.0.2:33739], old=null
2020-06-27 08:28:01,405 [grpc-default-executor-4] DEBUG impl.RaftServerImpl (RaftServerImpl.java:requestVote(821)) - 7f53e279-916a-4fed-90de-23e9c25f9e31@group-EDAE14BFB10F: receive requestVote(a99a18fa-a15b-4cd6-a5fd-78034dfd05b4, group-EDAE14BFB10F, 2, (t:0, i:0))
2020-06-27 08:28:01,405 [grpc-default-executor-4] INFO  impl.RaftServerImpl (RaftServerImpl.java:setRole(175)) - 7f53e279-916a-4fed-90de-23e9c25f9e31@group-EDAE14BFB10F: changes role from  FOLLOWER to FOLLOWER at term 2 for recognizeCandidate:a99a18fa-a15b-4cd6-a5fd-78034dfd05b4
2020-06-27 08:28:01,405 [grpc-default-executor-4] INFO  impl.RoleInfo (RoleInfo.java:shutdownFollowerState(121)) - 7f53e279-916a-4fed-90de-23e9c25f9e31: shutdown FollowerState
2020-06-27 08:28:01,405 [grpc-default-executor-4] INFO  impl.RoleInfo (RoleInfo.java:updateAndGet(143)) - 7f53e279-916a-4fed-90de-23e9c25f9e31: start FollowerState
2020-06-27 08:28:01,405 [Thread-329] INFO  impl.FollowerState (FollowerState.java:run(117)) - 7f53e279-916a-4fed-90de-23e9c25f9e31@group-EDAE14BFB10F-FollowerState was interrupted: java.lang.InterruptedException: sleep interrupted
2020-06-27 08:28:01,405 [grpc-default-executor-2] DEBUG impl.RaftServerImpl (RaftServerImpl.java:requestVote(821)) - 34efc206-1f67-4a18-aa05-bd0f2a1ef0e4@group-EDAE14BFB10F: receive requestVote(a99a18fa-a15b-4cd6-a5fd-78034dfd05b4, group-EDAE14BFB10F, 2, (t:0, i:0))
2020-06-27 08:28:01,405 [grpc-default-executor-2] INFO  impl.RaftServerImpl (RaftServerImpl.java:setRole(175)) - 34efc206-1f67-4a18-aa05-bd0f2a1ef0e4@group-EDAE14BFB10F: changes role from  FOLLOWER to FOLLOWER at term 2 for recognizeCandidate:a99a18fa-a15b-4cd6-a5fd-78034dfd05b4
2020-06-27 08:28:01,406 [grpc-default-executor-2] INFO  impl.RoleInfo (RoleInfo.java:shutdownFollowerState(121)) - 34efc206-1f67-4a18-aa05-bd0f2a1ef0e4: shutdown FollowerState
2020-06-27 08:28:01,408 [grpc-default-executor-2] INFO  impl.RoleInfo (RoleInfo.java:updateAndGet(143)) - 34efc206-1f67-4a18-aa05-bd0f2a1ef0e4: start FollowerState
2020-06-27 08:28:01,408 [Thread-331] INFO  impl.FollowerState (FollowerState.java:run(117)) - 34efc206-1f67-4a18-aa05-bd0f2a1ef0e4@group-EDAE14BFB10F-FollowerState was interrupted: java.lang.InterruptedException: sleep interrupted
2020-06-27 08:28:01,409 [grpc-default-executor-4] DEBUG impl.RaftServerImpl (RaftServerImpl.java:requestVote(853)) - 7f53e279-916a-4fed-90de-23e9c25f9e31@group-EDAE14BFB10F replies to vote request: a99a18fa-a15b-4cd6-a5fd-78034dfd05b4<-7f53e279-916a-4fed-90de-23e9c25f9e31#0:OK-t2. Peer's state: 7f53e279-916a-4fed-90de-23e9c25f9e31@group-EDAE14BFB10F:t2, leader=null, voted=a99a18fa-a15b-4cd6-a5fd-78034dfd05b4, raftlog=7f53e279-916a-4fed-90de-23e9c25f9e31@group-EDAE14BFB10F-SegmentedRaftLog:OPENED:c-1,f-1,i0, conf=-1: [7f53e279-916a-4fed-90de-23e9c25f9e31:172.17.0.2:39157, 34efc206-1f67-4a18-aa05-bd0f2a1ef0e4:172.17.0.2:36253, a99a18fa-a15b-4cd6-a5fd-78034dfd05b4:172.17.0.2:33739], old=null
2020-06-27 08:28:01,410 [a99a18fa-a15b-4cd6-a5fd-78034dfd05b4@group-EDAE14BFB10F-LeaderElection15] INFO  impl.LeaderElection (LeaderElection.java:logAndReturn(61)) - a99a18fa-a15b-4cd6-a5fd-78034dfd05b4@group-EDAE14BFB10F-LeaderElection15: Election PASSED; received 1 response(s) [a99a18fa-a15b-4cd6-a5fd-78034dfd05b4<-7f53e279-916a-4fed-90de-23e9c25f9e31#0:OK-t2] and 0 exception(s); a99a18fa-a15b-4cd6-a5fd-78034dfd05b4@group-EDAE14BFB10F:t2, leader=null, voted=a99a18fa-a15b-4cd6-a5fd-78034dfd05b4, raftlog=a99a18fa-a15b-4cd6-a5fd-78034dfd05b4@group-EDAE14BFB10F-SegmentedRaftLog:OPENED:c-1,f-1,i0, conf=-1: [7f53e279-916a-4fed-90de-23e9c25f9e31:172.17.0.2:39157, 34efc206-1f67-4a18-aa05-bd0f2a1ef0e4:172.17.0.2:36253, a99a18fa-a15b-4cd6-a5fd-78034dfd05b4:172.17.0.2:33739], old=null
2020-06-27 08:28:01,410 [a99a18fa-a15b-4cd6-a5fd-78034dfd05b4@group-EDAE14BFB10F-LeaderElection15] INFO  impl.RoleInfo (RoleInfo.java:shutdownLeaderElection(134)) - a99a18fa-a15b-4cd6-a5fd-78034dfd05b4: shutdown LeaderElection
2020-06-27 08:28:01,410 [a99a18fa-a15b-4cd6-a5fd-78034dfd05b4@group-EDAE14BFB10F-LeaderElection15] INFO  impl.RaftServerImpl (RaftServerImpl.java:setRole(175)) - a99a18fa-a15b-4cd6-a5fd-78034dfd05b4@group-EDAE14BFB10F: changes role from CANDIDATE to LEADER at term 2 for changeToLeader
2020-06-27 08:28:01,410 [a99a18fa-a15b-4cd6-a5fd-78034dfd05b4@group-EDAE14BFB10F-LeaderElection15] INFO  ratis.XceiverServerRatis (XceiverServerRatis.java:handleLeaderChangedNotification(762)) - Leader change notification received for group: group-EDAE14BFB10F with new leaderId: a99a18fa-a15b-4cd6-a5fd-78034dfd05b4
2020-06-27 08:28:01,410 [a99a18fa-a15b-4cd6-a5fd-78034dfd05b4@group-EDAE14BFB10F-LeaderElection15] INFO  impl.RaftServerImpl (ServerState.java:setLeader(255)) - a99a18fa-a15b-4cd6-a5fd-78034dfd05b4@group-EDAE14BFB10F: change Leader from null to a99a18fa-a15b-4cd6-a5fd-78034dfd05b4 at term 2 for becomeLeader, leader elected after 10345ms
2020-06-27 08:28:01,411 [a99a18fa-a15b-4cd6-a5fd-78034dfd05b4@group-EDAE14BFB10F-LeaderElection15] INFO  server.RaftServerConfigKeys (ConfUtils.java:logGet(44)) - raft.server.staging.catchup.gap = 1000 (default)
2020-06-27 08:28:01,411 [a99a18fa-a15b-4cd6-a5fd-78034dfd05b4@group-EDAE14BFB10F-LeaderElection15] INFO  server.RaftServerConfigKeys (ConfUtils.java:logGet(44)) - raft.server.rpc.sleep.time = 25ms (default)
2020-06-27 08:28:01,411 [a99a18fa-a15b-4cd6-a5fd-78034dfd05b4@group-EDAE14BFB10F-LeaderElection15] INFO  metrics.RatisMetrics (RatisMetrics.java:lambda$create$0(36)) - Creating Metrics Registry : ratis.log_appender.a99a18fa-a15b-4cd6-a5fd-78034dfd05b4@group-EDAE14BFB10F
2020-06-27 08:28:01,411 [a99a18fa-a15b-4cd6-a5fd-78034dfd05b4@group-EDAE14BFB10F-LeaderElection15] INFO  server.RaftServerConfigKeys (ConfUtils.java:logGet(44)) - raft.server.write.element-limit = 1024 (custom)
2020-06-27 08:28:01,411 [a99a18fa-a15b-4cd6-a5fd-78034dfd05b4@group-EDAE14BFB10F-LeaderElection15] INFO  server.RaftServerConfigKeys (ConfUtils.java:logGet(44)) - raft.server.write.byte-limit = 1073741824 (custom)
2020-06-27 08:28:01,411 [a99a18fa-a15b-4cd6-a5fd-78034dfd05b4@group-EDAE14BFB10F-LeaderElection15] INFO  server.RaftServerConfigKeys (ConfUtils.java:logGet(44)) - raft.server.watch.timeout = 3s (custom)
2020-06-27 08:28:01,411 [a99a18fa-a15b-4cd6-a5fd-78034dfd05b4@group-EDAE14BFB10F-LeaderElection15] INFO  server.RaftServerConfigKeys (ConfUtils.java:logGet(44)) - raft.server.watch.timeout.denomination = 1s (default)
2020-06-27 08:28:01,411 [a99a18fa-a15b-4cd6-a5fd-78034dfd05b4@group-EDAE14BFB10F-LeaderElection15] INFO  server.RaftServerConfigKeys (ConfUtils.java:logGet(44)) - raft.server.watch.element-limit = 65536 (default)
2020-06-27 08:28:01,412 [a99a18fa-a15b-4cd6-a5fd-78034dfd05b4@group-EDAE14BFB10F-LeaderElection15] INFO  server.RaftServerConfigKeys (ConfUtils.java:logGet(44)) - raft.server.log.appender.snapshot.chunk.size.max = 16MB (=16777216) (default)
2020-06-27 08:28:01,412 [a99a18fa-a15b-4cd6-a5fd-78034dfd05b4@group-EDAE14BFB10F-LeaderElection15] INFO  server.RaftServerConfigKeys (ConfUtils.java:logGet(44)) - raft.server.log.appender.buffer.byte-limit = 33554432 (custom)
2020-06-27 08:28:01,412 [a99a18fa-a15b-4cd6-a5fd-78034dfd05b4@group-EDAE14BFB10F-LeaderElection15] INFO  server.RaftServerConfigKeys (ConfUtils.java:logGet(44)) - raft.server.log.appender.buffer.element-limit = 1 (custom)
2020-06-27 08:28:01,417 [EventQueue-PipelineReportForPipelineReportHandler] INFO  pipeline.PipelineStateManager (PipelineStateManager.java:openPipeline(131)) - Pipeline Pipeline[ Id: 9a651e83-1ed9-467f-9369-edae14bfb10f, Nodes: 7f53e279-916a-4fed-90de-23e9c25f9e31{ip: 172.17.0.2, host: 23863634748d, networkLocation: /default-rack, certSerialId: null}34efc206-1f67-4a18-aa05-bd0f2a1ef0e4{ip: 172.17.0.2, host: 23863634748d, networkLocation: /default-rack, certSerialId: null}a99a18fa-a15b-4cd6-a5fd-78034dfd05b4{ip: 172.17.0.2, host: 23863634748d, networkLocation: /default-rack, certSerialId: null}, Type:RATIS, Factor:THREE, State:ALLOCATED, leaderId:a99a18fa-a15b-4cd6-a5fd-78034dfd05b4, CreationTimestamp2020-06-27T08:27:47.907Z] moved to OPEN state
2020-06-27 08:28:01,418 [a99a18fa-a15b-4cd6-a5fd-78034dfd05b4@group-EDAE14BFB10F-LeaderElection15] INFO  grpc.GrpcConfigKeys (ConfUtils.java:logGet(44)) - raft.grpc.server.leader.outstanding.appends.max = 128 (default)
2020-06-27 08:28:01,419 [a99a18fa-a15b-4cd6-a5fd-78034dfd05b4@group-EDAE14BFB10F-LeaderElection15] INFO  server.RaftServerConfigKeys (ConfUtils.java:logGet(44)) - raft.server.rpc.request.timeout = 3s (default)
2020-06-27 08:28:01,419 [a99a18fa-a15b-4cd6-a5fd-78034dfd05b4@group-EDAE14BFB10F-LeaderElection15] INFO  server.RaftServerConfigKeys (ConfUtils.java:logGet(44)) - raft.server.log.appender.install.snapshot.enabled = false (custom)
2020-06-27 08:28:01,419 [a99a18fa-a15b-4cd6-a5fd-78034dfd05b4@group-EDAE14BFB10F-LeaderElection15] INFO  metrics.RatisMetrics (RatisMetrics.java:lambda$create$0(36)) - Creating Metrics Registry : ratis_grpc.log_appender.a99a18fa-a15b-4cd6-a5fd-78034dfd05b4@group-EDAE14BFB10F
2020-06-27 08:28:01,420 [a99a18fa-a15b-4cd6-a5fd-78034dfd05b4@group-EDAE14BFB10F-LeaderElection15] INFO  server.RaftServerConfigKeys (ConfUtils.java:logGet(44)) - raft.server.log.appender.snapshot.chunk.size.max = 16MB (=16777216) (default)
2020-06-27 08:28:01,420 [grpc-default-executor-2] DEBUG impl.RaftServerImpl (RaftServerImpl.java:requestVote(853)) - 34efc206-1f67-4a18-aa05-bd0f2a1ef0e4@group-EDAE14BFB10F replies to vote request: a99a18fa-a15b-4cd6-a5fd-78034dfd05b4<-34efc206-1f67-4a18-aa05-bd0f2a1ef0e4#0:OK-t2. Peer's state: 34efc206-1f67-4a18-aa05-bd0f2a1ef0e4@group-EDAE14BFB10F:t2, leader=null, voted=a99a18fa-a15b-4cd6-a5fd-78034dfd05b4, raftlog=34efc206-1f67-4a18-aa05-bd0f2a1ef0e4@group-EDAE14BFB10F-SegmentedRaftLog:OPENED:c-1,f-1,i0, conf=-1: [7f53e279-916a-4fed-90de-23e9c25f9e31:172.17.0.2:39157, 34efc206-1f67-4a18-aa05-bd0f2a1ef0e4:172.17.0.2:36253, a99a18fa-a15b-4cd6-a5fd-78034dfd05b4:172.17.0.2:33739], old=null
2020-06-27 08:28:01,422 [a99a18fa-a15b-4cd6-a5fd-78034dfd05b4@group-EDAE14BFB10F-LeaderElection15] INFO  server.RaftServerConfigKeys (ConfUtils.java:logGet(44)) - raft.server.log.appender.buffer.byte-limit = 33554432 (custom)
2020-06-27 08:28:01,428 [a99a18fa-a15b-4cd6-a5fd-78034dfd05b4@group-EDAE14BFB10F-LeaderElection15] INFO  server.RaftServerConfigKeys (ConfUtils.java:logGet(44)) - raft.server.log.appender.buffer.element-limit = 1 (custom)
2020-06-27 08:28:01,428 [a99a18fa-a15b-4cd6-a5fd-78034dfd05b4@group-EDAE14BFB10F-LeaderElection15] INFO  grpc.GrpcConfigKeys (ConfUtils.java:logGet(44)) - raft.grpc.server.leader.outstanding.appends.max = 128 (default)
2020-06-27 08:28:01,428 [a99a18fa-a15b-4cd6-a5fd-78034dfd05b4@group-EDAE14BFB10F-LeaderElection15] INFO  server.RaftServerConfigKeys (ConfUtils.java:logGet(44)) - raft.server.rpc.request.timeout = 3s (default)
2020-06-27 08:28:01,428 [a99a18fa-a15b-4cd6-a5fd-78034dfd05b4@group-EDAE14BFB10F-LeaderElection15] INFO  server.RaftServerConfigKeys (ConfUtils.java:logGet(44)) - raft.server.log.appender.install.snapshot.enabled = false (custom)
2020-06-27 08:28:01,429 [a99a18fa-a15b-4cd6-a5fd-78034dfd05b4@group-EDAE14BFB10F-LeaderElection15] INFO  impl.RoleInfo (RoleInfo.java:updateAndGet(143)) - a99a18fa-a15b-4cd6-a5fd-78034dfd05b4: start LeaderState
2020-06-27 08:28:01,429 [a99a18fa-a15b-4cd6-a5fd-78034dfd05b4@group-EDAE14BFB10F-LeaderElection15] INFO  segmented.SegmentedRaftLogWorker (SegmentedRaftLogWorker.java:startLogSegment(397)) - a99a18fa-a15b-4cd6-a5fd-78034dfd05b4@group-EDAE14BFB10F-SegmentedRaftLogWorker: Starting segment from index:0
2020-06-27 08:28:01,431 [a99a18fa-a15b-4cd6-a5fd-78034dfd05b4@group-EDAE14BFB10F-SegmentedRaftLogWorker] INFO  segmented.SegmentedRaftLogWorker (SegmentedRaftLogWorker.java:execute(596)) - a99a18fa-a15b-4cd6-a5fd-78034dfd05b4@group-EDAE14BFB10F-SegmentedRaftLogWorker: created new log segment /github/workspace/mnt/ozone/hadoop-ozone/integration-test/target/test-dir/MiniOzoneClusterImpl-8eb50a3f-c1ff-437a-8e18-e0505f09b26f/datanode-5/data/ratis/9a651e83-1ed9-467f-9369-edae14bfb10f/current/log_inprogress_0
2020-06-27 08:28:01,443 [Command processor thread] DEBUG impl.RaftServerImpl (RaftServerImpl.java:submitClientRequestAsync(575)) - 7ac2bac4-ea14-4a92-ad00-7ecf8c69770d@group-4F5E8EC33368: receive client request(RaftClientRequest:client-DAA878F840C5->7ac2bac4-ea14-4a92-ad00-7ecf8c69770d@group-4F5E8EC33368, cid=19, seq=0, RW, cmdType: CloseContainer
traceID: ""
containerID: 1
datanodeUuid: "7ac2bac4-ea14-4a92-ad00-7ecf8c69770d"
closeContainer {
}
, data.size=0)
2020-06-27 08:28:01,442 [a99a18fa-a15b-4cd6-a5fd-78034dfd05b4@group-EDAE14BFB10F-LeaderElection15] INFO  impl.RaftServerImpl (ServerState.java:setRaftConf(356)) - a99a18fa-a15b-4cd6-a5fd-78034dfd05b4@group-EDAE14BFB10F: set configuration 0: [7f53e279-916a-4fed-90de-23e9c25f9e31:172.17.0.2:39157, 34efc206-1f67-4a18-aa05-bd0f2a1ef0e4:172.17.0.2:36253, a99a18fa-a15b-4cd6-a5fd-78034dfd05b4:172.17.0.2:33739], old=null at 0
2020-06-27 08:28:01,441 [grpc-default-executor-4] INFO  ratis.XceiverServerRatis (XceiverServerRatis.java:handleLeaderChangedNotification(762)) - Leader change notification received for group: group-EDAE14BFB10F with new leaderId: a99a18fa-a15b-4cd6-a5fd-78034dfd05b4
2020-06-27 08:28:01,444 [grpc-default-executor-4] INFO  impl.RaftServerImpl (ServerState.java:setLeader(255)) - 7f53e279-916a-4fed-90de-23e9c25f9e31@group-EDAE14BFB10F: change Leader from null to a99a18fa-a15b-4cd6-a5fd-78034dfd05b4 at term 2 for appendEntries, leader elected after 10507ms
2020-06-27 08:28:01,440 [Command processor thread] DEBUG impl.RaftServerImpl (RaftServerImpl.java:submitClientRequestAsync(575)) - 21e928e7-b178-40d2-b19b-ea853389ee6e@group-4F5E8EC33368: receive client request(RaftClientRequest:client-CB41A5F26E64->21e928e7-b178-40d2-b19b-ea853389ee6e@group-4F5E8EC33368, cid=20, seq=0, RW, cmdType: CloseContainer
traceID: ""
containerID: 1
datanodeUuid: "21e928e7-b178-40d2-b19b-ea853389ee6e"
closeContainer {
}
, data.size=0)
2020-06-27 08:28:01,450 [grpc-default-executor-4] DEBUG impl.RaftServerImpl (RaftServerImpl.java:logAppendEntries(928)) - 7f53e279-916a-4fed-90de-23e9c25f9e31@group-EDAE14BFB10F: receive appendEntries(a99a18fa-a15b-4cd6-a5fd-78034dfd05b4, 2, null, -1, false, commits[a99a18fa-a15b-4cd6-a5fd-78034dfd05b4:c-1, 7f53e279-916a-4fed-90de-23e9c25f9e31:c-1, 34efc206-1f67-4a18-aa05-bd0f2a1ef0e4:c-1], entries: (t:2, i:0), CONFIGURATIONENTRY
2020-06-27 08:28:01,450 [grpc-default-executor-4] INFO  impl.RaftServerImpl (ServerState.java:setRaftConf(356)) - 7f53e279-916a-4fed-90de-23e9c25f9e31@group-EDAE14BFB10F: set configuration 0: [7f53e279-916a-4fed-90de-23e9c25f9e31:172.17.0.2:39157, 34efc206-1f67-4a18-aa05-bd0f2a1ef0e4:172.17.0.2:36253, a99a18fa-a15b-4cd6-a5fd-78034dfd05b4:172.17.0.2:33739], old=null at 0
2020-06-27 08:28:01,450 [grpc-default-executor-4] INFO  segmented.SegmentedRaftLogWorker (SegmentedRaftLogWorker.java:startLogSegment(397)) - 7f53e279-916a-4fed-90de-23e9c25f9e31@group-EDAE14BFB10F-SegmentedRaftLogWorker: Starting segment from index:0
2020-06-27 08:28:01,452 [7f53e279-916a-4fed-90de-23e9c25f9e31@group-EDAE14BFB10F-SegmentedRaftLogWorker] INFO  segmented.SegmentedRaftLogWorker (SegmentedRaftLogWorker.java:execute(596)) - 7f53e279-916a-4fed-90de-23e9c25f9e31@group-EDAE14BFB10F-SegmentedRaftLogWorker: created new log segment /github/workspace/mnt/ozone/hadoop-ozone/integration-test/target/test-dir/MiniOzoneClusterImpl-8eb50a3f-c1ff-437a-8e18-e0505f09b26f/datanode-4/data/ratis/9a651e83-1ed9-467f-9369-edae14bfb10f/current/log_inprogress_0
2020-06-27 08:28:01,453 [grpc-default-executor-4] INFO  ratis.XceiverServerRatis (XceiverServerRatis.java:handleLeaderChangedNotification(762)) - Leader change notification received for group: group-EDAE14BFB10F with new leaderId: a99a18fa-a15b-4cd6-a5fd-78034dfd05b4
2020-06-27 08:28:01,453 [grpc-default-executor-4] INFO  impl.RaftServerImpl (ServerState.java:setLeader(255)) - 34efc206-1f67-4a18-aa05-bd0f2a1ef0e4@group-EDAE14BFB10F: change Leader from null to a99a18fa-a15b-4cd6-a5fd-78034dfd05b4 at term 2 for appendEntries, leader elected after 10604ms
2020-06-27 08:28:01,454 [grpc-default-executor-2] DEBUG server.GrpcLogAppender (GrpcLogAppender.java:onNext(257)) - a99a18fa-a15b-4cd6-a5fd-78034dfd05b4@group-EDAE14BFB10F->7f53e279-916a-4fed-90de-23e9c25f9e31-AppendLogResponseHandler: received the first reply a99a18fa-a15b-4cd6-a5fd-78034dfd05b4<-7f53e279-916a-4fed-90de-23e9c25f9e31#0:OK,SUCCESS,nextIndex:1,term:2,followerCommit:-1, request=AppendEntriesRequest:cid=0,entriesCount=0,lastEntry=null
2020-06-27 08:28:01,455 [grpc-default-executor-4] DEBUG impl.RaftServerImpl (RaftServerImpl.java:logAppendEntries(928)) - 34efc206-1f67-4a18-aa05-bd0f2a1ef0e4@group-EDAE14BFB10F: receive appendEntries(a99a18fa-a15b-4cd6-a5fd-78034dfd05b4, 2, null, 0, false, commits[a99a18fa-a15b-4cd6-a5fd-78034dfd05b4:c0, 7f53e279-916a-4fed-90de-23e9c25f9e31:c-1, 34efc206-1f67-4a18-aa05-bd0f2a1ef0e4:c-1], entries: (t:2, i:0), CONFIGURATIONENTRY
2020-06-27 08:28:01,455 [grpc-default-executor-4] INFO  impl.RaftServerImpl (ServerState.java:setRaftConf(356)) - 34efc206-1f67-4a18-aa05-bd0f2a1ef0e4@group-EDAE14BFB10F: set configuration 0: [7f53e279-916a-4fed-90de-23e9c25f9e31:172.17.0.2:39157, 34efc206-1f67-4a18-aa05-bd0f2a1ef0e4:172.17.0.2:36253, a99a18fa-a15b-4cd6-a5fd-78034dfd05b4:172.17.0.2:33739], old=null at 0
2020-06-27 08:28:01,456 [grpc-default-executor-4] INFO  segmented.SegmentedRaftLogWorker (SegmentedRaftLogWorker.java:startLogSegment(397)) - 34efc206-1f67-4a18-aa05-bd0f2a1ef0e4@group-EDAE14BFB10F-SegmentedRaftLogWorker: Starting segment from index:0
2020-06-27 08:28:01,456 [grpc-default-executor-4] DEBUG server.GrpcLogAppender (GrpcLogAppender.java:onNext(257)) - a99a18fa-a15b-4cd6-a5fd-78034dfd05b4@group-EDAE14BFB10F->34efc206-1f67-4a18-aa05-bd0f2a1ef0e4-AppendLogResponseHandler: received the first reply a99a18fa-a15b-4cd6-a5fd-78034dfd05b4<-34efc206-1f67-4a18-aa05-bd0f2a1ef0e4#0:OK,SUCCESS,nextIndex:0,term:2,followerCommit:-1, request=AppendEntriesRequest:cid=0,entriesCount=0,lastEntry=null
2020-06-27 08:28:01,457 [Thread-384] DEBUG impl.RaftServerImpl (RaftServerImpl.java:logAppendEntries(928)) - 7f53e279-916a-4fed-90de-23e9c25f9e31@group-EDAE14BFB10F: succeeded to handle AppendEntries. Reply: a99a18fa-a15b-4cd6-a5fd-78034dfd05b4<-7f53e279-916a-4fed-90de-23e9c25f9e31#1:OK,SUCCESS,nextIndex:1,term:2,followerCommit:-1
2020-06-27 08:28:01,457 [34efc206-1f67-4a18-aa05-bd0f2a1ef0e4@group-EDAE14BFB10F-SegmentedRaftLogWorker] INFO  segmented.SegmentedRaftLogWorker (SegmentedRaftLogWorker.java:execute(596)) - 34efc206-1f67-4a18-aa05-bd0f2a1ef0e4@group-EDAE14BFB10F-SegmentedRaftLogWorker: created new log segment /github/workspace/mnt/ozone/hadoop-ozone/integration-test/target/test-dir/MiniOzoneClusterImpl-8eb50a3f-c1ff-437a-8e18-e0505f09b26f/datanode-3/data/ratis/9a651e83-1ed9-467f-9369-edae14bfb10f/current/log_inprogress_0
2020-06-27 08:28:01,458 [grpc-default-executor-4] DEBUG server.GrpcLogAppender (GrpcLogAppender.java:onNext(257)) - a99a18fa-a15b-4cd6-a5fd-78034dfd05b4@group-EDAE14BFB10F->7f53e279-916a-4fed-90de-23e9c25f9e31-AppendLogResponseHandler: received a reply a99a18fa-a15b-4cd6-a5fd-78034dfd05b4<-7f53e279-916a-4fed-90de-23e9c25f9e31#1:OK,SUCCESS,nextIndex:1,term:2,followerCommit:-1, request=AppendEntriesRequest:cid=1,entriesCount=1,lastEntry=(t:2, i:0)
2020-06-27 08:28:01,459 [Thread-385] DEBUG impl.RaftServerImpl (RaftServerImpl.java:logAppendEntries(928)) - 34efc206-1f67-4a18-aa05-bd0f2a1ef0e4@group-EDAE14BFB10F: succeeded to handle AppendEntries. Reply: a99a18fa-a15b-4cd6-a5fd-78034dfd05b4<-34efc206-1f67-4a18-aa05-bd0f2a1ef0e4#1:OK,SUCCESS,nextIndex:1,term:2,followerCommit:0
2020-06-27 08:28:01,460 [grpc-default-executor-4] DEBUG server.GrpcLogAppender (GrpcLogAppender.java:onNext(257)) - a99a18fa-a15b-4cd6-a5fd-78034dfd05b4@group-EDAE14BFB10F->34efc206-1f67-4a18-aa05-bd0f2a1ef0e4-AppendLogResponseHandler: received a reply a99a18fa-a15b-4cd6-a5fd-78034dfd05b4<-34efc206-1f67-4a18-aa05-bd0f2a1ef0e4#1:OK,SUCCESS,nextIndex:1,term:2,followerCommit:0, request=AppendEntriesRequest:cid=1,entriesCount=1,lastEntry=(t:2, i:0)
2020-06-27 08:28:01,858 [grpc-default-executor-4] DEBUG server.GrpcLogAppender (GrpcLogAppender.java:onNext(257)) - 34efc206-1f67-4a18-aa05-bd0f2a1ef0e4@group-11D1A0DB352F->a99a18fa-a15b-4cd6-a5fd-78034dfd05b4-AppendLogResponseHandler: received a reply 34efc206-1f67-4a18-aa05-bd0f2a1ef0e4<-a99a18fa-a15b-4cd6-a5fd-78034dfd05b4#3:OK,SUCCESS,nextIndex:1,term:1,followerCommit:0, request=AppendEntriesRequest:cid=3,entriesCount=0,lastEntry=null
2020-06-27 08:28:01,868 [grpc-default-executor-4] DEBUG server.GrpcLogAppender (GrpcLogAppender.java:onNext(257)) - 34efc206-1f67-4a18-aa05-bd0f2a1ef0e4@group-11D1A0DB352F->7f53e279-916a-4fed-90de-23e9c25f9e31-AppendLogResponseHandler: received a reply 34efc206-1f67-4a18-aa05-bd0f2a1ef0e4<-7f53e279-916a-4fed-90de-23e9c25f9e31#3:OK,SUCCESS,nextIndex:1,term:1,followerCommit:0, request=AppendEntriesRequest:cid=3,entriesCount=0,lastEntry=null
2020-06-27 08:28:01,940 [grpc-default-executor-3] INFO  impl.FollowerInfo (FollowerInfo.java:lambda$new$0(51)) - 7ac2bac4-ea14-4a92-ad00-7ecf8c69770d@group-4F5E8EC33368->addd0e4b-8b83-4fcf-9561-846eae7ff551: nextIndex: updateUnconditionally 1 -> 0
2020-06-27 08:28:01,940 [grpc-default-executor-5] DEBUG impl.RaftServerImpl (RaftServerImpl.java:submitClientRequestAsync(575)) - 7ac2bac4-ea14-4a92-ad00-7ecf8c69770d@group-4F5E8EC33368: receive client request(RaftClientRequest:client-08B5AFD2DA9D->7ac2bac4-ea14-4a92-ad00-7ecf8c69770d@group-4F5E8EC33368, cid=26, seq=3, RW, Message:00000069080c12001801...(size=209))
2020-06-27 08:28:01,944 [Command processor thread] DEBUG impl.RaftServerImpl (LeaderState.java:addPendingRequest(335)) - 7ac2bac4-ea14-4a92-ad00-7ecf8c69770d@group-4F5E8EC33368-LeaderState: addPendingRequest at RaftClientRequest:client-DAA878F840C5->7ac2bac4-ea14-4a92-ad00-7ecf8c69770d@group-4F5E8EC33368, cid=19, seq=0, RW, cmdType: CloseContainer
traceID: ""
containerID: 1
datanodeUuid: "7ac2bac4-ea14-4a92-ad00-7ecf8c69770d"
closeContainer {
}
, data.size=0, entry=(t:1, i:2), STATEMACHINELOGENTRY, client-DAA878F840C5, cid=19
2020-06-27 08:28:01,960 [grpc-default-executor-3] DEBUG impl.RaftServerImpl (RaftServerImpl.java:logAppendEntries(928)) - 21e928e7-b178-40d2-b19b-ea853389ee6e@group-4F5E8EC33368: receive appendEntries(7ac2bac4-ea14-4a92-ad00-7ecf8c69770d, 1, (t:1, i:1), 1, false, commits[7ac2bac4-ea14-4a92-ad00-7ecf8c69770d:c1, 21e928e7-b178-40d2-b19b-ea853389ee6e:c0, addd0e4b-8b83-4fcf-9561-846eae7ff551:c-1], entries: (t:1, i:2), STATEMACHINELOGENTRY, client-DAA878F840C5, cid=19
08:28:01.942 [grpc-default-executor-5] ERROR DNAudit - user=null | ip=null | op=WRITE_CHUNK {blockData=conID: 1 locID: 104415001117130752 bcsId: 0} | ret=FAILURE
org.apache.hadoop.hdds.scm.container.common.helpers.ContainerNotOpenException: Container 1 in CLOSING state
	at org.apache.hadoop.ozone.container.common.impl.HddsDispatcher.validateContainerCommand(HddsDispatcher.java:479) ~[hadoop-hdds-container-service-0.6.0-SNAPSHOT.jar:?]
	at org.apache.hadoop.ozone.container.common.transport.server.ratis.ContainerStateMachine.startTransaction(ContainerStateMachine.java:320) ~[hadoop-hdds-container-service-0.6.0-SNAPSHOT.jar:?]
	at org.apache.ratis.server.impl.RaftServerImpl.submitClientRequestAsync(RaftServerImpl.java:623) ~[ratis-server-0.6.0-6ab75ae-SNAPSHOT.jar:0.6.0-6ab75ae-SNAPSHOT]
	at org.apache.ratis.server.impl.RaftServerProxy.lambda$submitClientRequestAsync$7(RaftServerProxy.java:338) ~[ratis-server-0.6.0-6ab75ae-SNAPSHOT.jar:0.6.0-6ab75ae-SNAPSHOT]
	at org.apache.ratis.server.impl.RaftServerProxy.lambda$null$5(RaftServerProxy.java:333) ~[ratis-server-0.6.0-6ab75ae-SNAPSHOT.jar:0.6.0-6ab75ae-SNAPSHOT]
	at org.apache.ratis.util.JavaUtils.callAsUnchecked(JavaUtils.java:109) ~[ratis-common-0.6.0-6ab75ae-SNAPSHOT.jar:0.6.0-6ab75ae-SNAPSHOT]
	at org.apache.ratis.server.impl.RaftServerProxy.lambda$submitRequest$6(RaftServerProxy.java:333) ~[ratis-server-0.6.0-6ab75ae-SNAPSHOT.jar:0.6.0-6ab75ae-SNAPSHOT]
	at java.util.concurrent.CompletableFuture.uniComposeStage(CompletableFuture.java:995) ~[?:1.8.0_232]
	at java.util.concurrent.CompletableFuture.thenCompose(CompletableFuture.java:2137) ~[?:1.8.0_232]
	at org.apache.ratis.server.impl.RaftServerProxy.submitRequest(RaftServerProxy.java:332) ~[ratis-server-0.6.0-6ab75ae-SNAPSHOT.jar:0.6.0-6ab75ae-SNAPSHOT]
	at org.apache.ratis.server.impl.RaftServerProxy.submitClientRequestAsync(RaftServerProxy.java:338) ~[ratis-server-0.6.0-6ab75ae-SNAPSHOT.jar:0.6.0-6ab75ae-SNAPSHOT]
	at org.apache.ratis.grpc.client.GrpcClientProtocolService$RequestStreamObserver.processClientRequest(GrpcClientProtocolService.java:225) ~[ratis-grpc-0.6.0-6ab75ae-SNAPSHOT.jar:0.6.0-6ab75ae-SNAPSHOT]
	at org.apache.ratis.grpc.client.GrpcClientProtocolService$OrderedRequestStreamObserver.processClientRequest(GrpcClientProtocolService.java:331) ~[ratis-grpc-0.6.0-6ab75ae-SNAPSHOT.jar:0.6.0-6ab75ae-SNAPSHOT]
	at org.apache.ratis.util.SlidingWindow$Server.processRequestsFromHead(SlidingWindow.java:429) [ratis-common-0.6.0-6ab75ae-SNAPSHOT.jar:0.6.0-6ab75ae-SNAPSHOT]
	at org.apache.ratis.util.SlidingWindow$Server.receivedRequest(SlidingWindow.java:421) [ratis-common-0.6.0-6ab75ae-SNAPSHOT.jar:0.6.0-6ab75ae-SNAPSHOT]
	at org.apache.ratis.grpc.client.GrpcClientProtocolService$OrderedRequestStreamObserver.processClientRequest(GrpcClientProtocolService.java:355) [ratis-grpc-0.6.0-6ab75ae-SNAPSHOT.jar:0.6.0-6ab75ae-SNAPSHOT]
	at org.apache.ratis.grpc.client.GrpcClientProtocolService$RequestStreamObserver.onNext(GrpcClientProtocolService.java:245) [ratis-grpc-0.6.0-6ab75ae-SNAPSHOT.jar:0.6.0-6ab75ae-SNAPSHOT]
	at org.apache.ratis.grpc.client.GrpcClientProtocolService$RequestStreamObserver.onNext(GrpcClientProtocolService.java:168) [ratis-grpc-0.6.0-6ab75ae-SNAPSHOT.jar:0.6.0-6ab75ae-SNAPSHOT]
	at org.apache.ratis.thirdparty.io.grpc.stub.ServerCalls$StreamingServerCallHandler$StreamingServerCallListener.onMessage(ServerCalls.java:251) [ratis-thirdparty-misc-0.4.0.jar:0.4.0]
	at org.apache.ratis.thirdparty.io.grpc.internal.ServerCallImpl$ServerStreamListenerImpl.messagesAvailableInternal(ServerCallImpl.java:309) [ratis-thirdparty-misc-0.4.0.jar:0.4.0]
	at org.apache.ratis.thirdparty.io.grpc.internal.ServerCallImpl$ServerStreamListenerImpl.messagesAvailable(ServerCallImpl.java:292) [ratis-thirdparty-misc-0.4.0.jar:0.4.0]
	at org.apache.ratis.thirdparty.io.grpc.internal.ServerImpl$JumpToApplicationThreadServerStreamListener$1MessagesAvailable.runInContext(ServerImpl.java:782) [ratis-thirdparty-misc-0.4.0.jar:0.4.0]
	at org.apache.ratis.thirdparty.io.grpc.internal.ContextRunnable.run(ContextRunnable.java:37) [ratis-thirdparty-misc-0.4.0.jar:0.4.0]
	at org.apache.ratis.thirdparty.io.grpc.internal.SerializingExecutor.run(SerializingExecutor.java:123) [ratis-thirdparty-misc-0.4.0.jar:0.4.0]
	at java.util.concurrent.ThreadPoolExecutor.runWorker(ThreadPoolExecutor.java:1149) [?:1.8.0_232]
	at java.util.concurrent.ThreadPoolExecutor$Worker.run(ThreadPoolExecutor.java:624) [?:1.8.0_232]
	at java.lang.Thread.run(Thread.java:748) [?:1.8.0_232]
2020-06-27 08:28:01,967 [grpc-default-executor-3] DEBUG impl.RaftServerImpl (RaftServerImpl.java:logAppendEntries(928)) - 21e928e7-b178-40d2-b19b-ea853389ee6e@group-4F5E8EC33368: receive appendEntries(7ac2bac4-ea14-4a92-ad00-7ecf8c69770d, 1, (t:1, i:2), 1, false, commits[7ac2bac4-ea14-4a92-ad00-7ecf8c69770d:c1, 21e928e7-b178-40d2-b19b-ea853389ee6e:c0, addd0e4b-8b83-4fcf-9561-846eae7ff551:c-1], entries: (t:1, i:3), METADATAENTRY(c:1)
2020-06-27 08:28:01,971 [Thread-390] DEBUG impl.RaftServerImpl (RaftServerImpl.java:logAppendEntries(928)) - 21e928e7-b178-40d2-b19b-ea853389ee6e@group-4F5E8EC33368: succeeded to handle AppendEntries. Reply: 7ac2bac4-ea14-4a92-ad00-7ecf8c69770d<-21e928e7-b178-40d2-b19b-ea853389ee6e#4:OK,SUCCESS,nextIndex:3,term:1,followerCommit:1
2020-06-27 08:28:01,973 [grpc-default-executor-5] DEBUG impl.RaftServerImpl (RaftServerImpl.java:submitClientRequestAsync(575)) - 7ac2bac4-ea14-4a92-ad00-7ecf8c69770d@group-4F5E8EC33368: receive client request(RaftClientRequest:client-08B5AFD2DA9D->7ac2bac4-ea14-4a92-ad00-7ecf8c69770d@group-4F5E8EC33368, cid=27, seq=4, RW, Message:000000a3080612001801...(size=167))
2020-06-27 08:28:01,976 [grpc-default-executor-4] DEBUG server.GrpcLogAppender (GrpcLogAppender.java:onNext(257)) - 7ac2bac4-ea14-4a92-ad00-7ecf8c69770d@group-4F5E8EC33368->addd0e4b-8b83-4fcf-9561-846eae7ff551-AppendLogResponseHandler: received the first reply 7ac2bac4-ea14-4a92-ad00-7ecf8c69770d<-addd0e4b-8b83-4fcf-9561-846eae7ff551#2:OK,SUCCESS,nextIndex:1,term:1,followerCommit:0, request=AppendEntriesRequest:cid=2,entriesCount=0,lastEntry=null
2020-06-27 08:28:01,971 [grpc-default-executor-3] DEBUG impl.RaftServerImpl (RaftServerImpl.java:logAppendEntries(928)) - addd0e4b-8b83-4fcf-9561-846eae7ff551@group-4F5E8EC33368: receive appendEntries(7ac2bac4-ea14-4a92-ad00-7ecf8c69770d, 1, null, 0, false, commits[7ac2bac4-ea14-4a92-ad00-7ecf8c69770d:c0, 21e928e7-b178-40d2-b19b-ea853389ee6e:c0, addd0e4b-8b83-4fcf-9561-846eae7ff551:c-1], entries: (t:1, i:0), CONFIGURATIONENTRY
2020-06-27 08:28:01,979 [grpc-default-executor-3] INFO  impl.RaftServerImpl (ServerState.java:setRaftConf(356)) - addd0e4b-8b83-4fcf-9561-846eae7ff551@group-4F5E8EC33368: set configuration 0: [7ac2bac4-ea14-4a92-ad00-7ecf8c69770d:172.17.0.2:39381, 21e928e7-b178-40d2-b19b-ea853389ee6e:172.17.0.2:38179, addd0e4b-8b83-4fcf-9561-846eae7ff551:172.17.0.2:35621], old=null at 0
2020-06-27 08:28:01,980 [grpc-default-executor-4] DEBUG server.GrpcLogAppender (GrpcLogAppender.java:onNext(257)) - 7ac2bac4-ea14-4a92-ad00-7ecf8c69770d@group-4F5E8EC33368->21e928e7-b178-40d2-b19b-ea853389ee6e-AppendLogResponseHandler: received a reply 7ac2bac4-ea14-4a92-ad00-7ecf8c69770d<-21e928e7-b178-40d2-b19b-ea853389ee6e#4:OK,SUCCESS,nextIndex:3,term:1,followerCommit:1, request=AppendEntriesRequest:cid=4,entriesCount=1,lastEntry=(t:1, i:2)
2020-06-27 08:28:01,981 [grpc-default-executor-4] DEBUG impl.RaftServerImpl (RaftServerImpl.java:logAppendEntries(928)) - 21e928e7-b178-40d2-b19b-ea853389ee6e@group-4F5E8EC33368: receive appendEntries(7ac2bac4-ea14-4a92-ad00-7ecf8c69770d, 1, (t:1, i:3), 2, false, commits[7ac2bac4-ea14-4a92-ad00-7ecf8c69770d:c2, 21e928e7-b178-40d2-b19b-ea853389ee6e:c1, addd0e4b-8b83-4fcf-9561-846eae7ff551:c0], entries: (t:1, i:4), METADATAENTRY(c:2)
2020-06-27 08:28:01,985 [Thread-395] DEBUG impl.RaftServerImpl (RaftServerImpl.java:logAppendEntries(928)) - addd0e4b-8b83-4fcf-9561-846eae7ff551@group-4F5E8EC33368: succeeded to handle AppendEntries. Reply: 7ac2bac4-ea14-4a92-ad00-7ecf8c69770d<-addd0e4b-8b83-4fcf-9561-846eae7ff551#3:OK,SUCCESS,nextIndex:1,term:1,followerCommit:0
2020-06-27 08:28:01,986 [grpc-default-executor-3] DEBUG server.GrpcLogAppender (GrpcLogAppender.java:onNext(257)) - 7ac2bac4-ea14-4a92-ad00-7ecf8c69770d@group-4F5E8EC33368->addd0e4b-8b83-4fcf-9561-846eae7ff551-AppendLogResponseHandler: received a reply 7ac2bac4-ea14-4a92-ad00-7ecf8c69770d<-addd0e4b-8b83-4fcf-9561-846eae7ff551#3:OK,SUCCESS,nextIndex:1,term:1,followerCommit:0, request=AppendEntriesRequest:cid=3,entriesCount=1,lastEntry=(t:1, i:0)
2020-06-27 08:28:01,986 [Thread-393] DEBUG impl.RaftServerImpl (RaftServerImpl.java:logAppendEntries(928)) - 21e928e7-b178-40d2-b19b-ea853389ee6e@group-4F5E8EC33368: succeeded to handle AppendEntries. Reply: 7ac2bac4-ea14-4a92-ad00-7ecf8c69770d<-21e928e7-b178-40d2-b19b-ea853389ee6e#5:OK,SUCCESS,nextIndex:4,term:1,followerCommit:1
2020-06-27 08:28:01,989 [Thread-396] DEBUG impl.RaftServerImpl (RaftServerImpl.java:logAppendEntries(928)) - 21e928e7-b178-40d2-b19b-ea853389ee6e@group-4F5E8EC33368: succeeded to handle AppendEntries. Reply: 7ac2bac4-ea14-4a92-ad00-7ecf8c69770d<-21e928e7-b178-40d2-b19b-ea853389ee6e#6:OK,SUCCESS,nextIndex:5,term:1,followerCommit:2
2020-06-27 08:28:01,992 [grpc-default-executor-4] DEBUG server.GrpcLogAppender (GrpcLogAppender.java:onNext(257)) - 7ac2bac4-ea14-4a92-ad00-7ecf8c69770d@group-4F5E8EC33368->21e928e7-b178-40d2-b19b-ea853389ee6e-AppendLogResponseHandler: received a reply 7ac2bac4-ea14-4a92-ad00-7ecf8c69770d<-21e928e7-b178-40d2-b19b-ea853389ee6e#5:OK,SUCCESS,nextIndex:4,term:1,followerCommit:1, request=AppendEntriesRequest:cid=5,entriesCount=1,lastEntry=(t:1, i:3)
2020-06-27 08:28:01,989 [RatisApplyTransactionExecutor 1] INFO  interfaces.Container (KeyValueContainer.java:flushAndSyncDB(387)) - Container 1 is synced with bcsId 0.
2020-06-27 08:28:01,992 [RatisApplyTransactionExecutor 1] INFO  interfaces.Container (KeyValueContainer.java:flushAndSyncDB(387)) - Container 1 is synced with bcsId 0.
08:28:01.992 [grpc-default-executor-5] ERROR DNAudit - user=null | ip=null | op=PUT_BLOCK {blockData=[blockId=conID: 1 locID: 104415001117130752 bcsId: 0,size=200]} | ret=FAILURE
org.apache.hadoop.hdds.scm.container.common.helpers.ContainerNotOpenException: Container 1 in CLOSING state
	at org.apache.hadoop.ozone.container.common.impl.HddsDispatcher.validateContainerCommand(HddsDispatcher.java:479) ~[hadoop-hdds-container-service-0.6.0-SNAPSHOT.jar:?]
	at org.apache.hadoop.ozone.container.common.transport.server.ratis.ContainerStateMachine.startTransaction(ContainerStateMachine.java:320) ~[hadoop-hdds-container-service-0.6.0-SNAPSHOT.jar:?]
	at org.apache.ratis.server.impl.RaftServerImpl.submitClientRequestAsync(RaftServerImpl.java:623) ~[ratis-server-0.6.0-6ab75ae-SNAPSHOT.jar:0.6.0-6ab75ae-SNAPSHOT]
	at org.apache.ratis.server.impl.RaftServerProxy.lambda$submitClientRequestAsync$7(RaftServerProxy.java:338) ~[ratis-server-0.6.0-6ab75ae-SNAPSHOT.jar:0.6.0-6ab75ae-SNAPSHOT]
	at org.apache.ratis.server.impl.RaftServerProxy.lambda$null$5(RaftServerProxy.java:333) ~[ratis-server-0.6.0-6ab75ae-SNAPSHOT.jar:0.6.0-6ab75ae-SNAPSHOT]
	at org.apache.ratis.util.JavaUtils.callAsUnchecked(JavaUtils.java:109) ~[ratis-common-0.6.0-6ab75ae-SNAPSHOT.jar:0.6.0-6ab75ae-SNAPSHOT]
	at org.apache.ratis.server.impl.RaftServerProxy.lambda$submitRequest$6(RaftServerProxy.java:333) ~[ratis-server-0.6.0-6ab75ae-SNAPSHOT.jar:0.6.0-6ab75ae-SNAPSHOT]
	at java.util.concurrent.CompletableFuture.uniComposeStage(CompletableFuture.java:995) ~[?:1.8.0_232]
	at java.util.concurrent.CompletableFuture.thenCompose(CompletableFuture.java:2137) ~[?:1.8.0_232]
	at org.apache.ratis.server.impl.RaftServerProxy.submitRequest(RaftServerProxy.java:332) ~[ratis-server-0.6.0-6ab75ae-SNAPSHOT.jar:0.6.0-6ab75ae-SNAPSHOT]
	at org.apache.ratis.server.impl.RaftServerProxy.submitClientRequestAsync(RaftServerProxy.java:338) ~[ratis-server-0.6.0-6ab75ae-SNAPSHOT.jar:0.6.0-6ab75ae-SNAPSHOT]
	at org.apache.ratis.grpc.client.GrpcClientProtocolService$RequestStreamObserver.processClientRequest(GrpcClientProtocolService.java:225) ~[ratis-grpc-0.6.0-6ab75ae-SNAPSHOT.jar:0.6.0-6ab75ae-SNAPSHOT]
	at org.apache.ratis.grpc.client.GrpcClientProtocolService$OrderedRequestStreamObserver.processClientRequest(GrpcClientProtocolService.java:331) ~[ratis-grpc-0.6.0-6ab75ae-SNAPSHOT.jar:0.6.0-6ab75ae-SNAPSHOT]
	at org.apache.ratis.util.SlidingWindow$Server.processRequestsFromHead(SlidingWindow.java:429) [ratis-common-0.6.0-6ab75ae-SNAPSHOT.jar:0.6.0-6ab75ae-SNAPSHOT]
	at org.apache.ratis.util.SlidingWindow$Server.receivedRequest(SlidingWindow.java:421) [ratis-common-0.6.0-6ab75ae-SNAPSHOT.jar:0.6.0-6ab75ae-SNAPSHOT]
	at org.apache.ratis.grpc.client.GrpcClientProtocolService$OrderedRequestStreamObserver.processClientRequest(GrpcClientProtocolService.java:355) [ratis-grpc-0.6.0-6ab75ae-SNAPSHOT.jar:0.6.0-6ab75ae-SNAPSHOT]
	at org.apache.ratis.grpc.client.GrpcClientProtocolService$RequestStreamObserver.onNext(GrpcClientProtocolService.java:245) [ratis-grpc-0.6.0-6ab75ae-SNAPSHOT.jar:0.6.0-6ab75ae-SNAPSHOT]
	at org.apache.ratis.grpc.client.GrpcClientProtocolService$RequestStreamObserver.onNext(GrpcClientProtocolService.java:168) [ratis-grpc-0.6.0-6ab75ae-SNAPSHOT.jar:0.6.0-6ab75ae-SNAPSHOT]
	at org.apache.ratis.thirdparty.io.grpc.stub.ServerCalls$StreamingServerCallHandler$StreamingServerCallListener.onMessage(ServerCalls.java:251) [ratis-thirdparty-misc-0.4.0.jar:0.4.0]
	at org.apache.ratis.thirdparty.io.grpc.internal.ServerCallImpl$ServerStreamListenerImpl.messagesAvailableInternal(ServerCallImpl.java:309) [ratis-thirdparty-misc-0.4.0.jar:0.4.0]
	at org.apache.ratis.thirdparty.io.grpc.internal.ServerCallImpl$ServerStreamListenerImpl.messagesAvailable(ServerCallImpl.java:292) [ratis-thirdparty-misc-0.4.0.jar:0.4.0]
	at org.apache.ratis.thirdparty.io.grpc.internal.ServerImpl$JumpToApplicationThreadServerStreamListener$1MessagesAvailable.runInContext(ServerImpl.java:782) [ratis-thirdparty-misc-0.4.0.jar:0.4.0]
	at org.apache.ratis.thirdparty.io.grpc.internal.ContextRunnable.run(ContextRunnable.java:37) [ratis-thirdparty-misc-0.4.0.jar:0.4.0]
	at org.apache.ratis.thirdparty.io.grpc.internal.SerializingExecutor.run(SerializingExecutor.java:123) [ratis-thirdparty-misc-0.4.0.jar:0.4.0]
	at java.util.concurrent.ThreadPoolExecutor.runWorker(ThreadPoolExecutor.java:1149) [?:1.8.0_232]
	at java.util.concurrent.ThreadPoolExecutor$Worker.run(ThreadPoolExecutor.java:624) [?:1.8.0_232]
	at java.lang.Thread.run(Thread.java:748) [?:1.8.0_232]
2020-06-27 08:28:01,993 [grpc-default-executor-4] DEBUG server.GrpcLogAppender (GrpcLogAppender.java:onNext(257)) - 7ac2bac4-ea14-4a92-ad00-7ecf8c69770d@group-4F5E8EC33368->21e928e7-b178-40d2-b19b-ea853389ee6e-AppendLogResponseHandler: received a reply 7ac2bac4-ea14-4a92-ad00-7ecf8c69770d<-21e928e7-b178-40d2-b19b-ea853389ee6e#6:OK,SUCCESS,nextIndex:5,term:1,followerCommit:2, request=AppendEntriesRequest:cid=6,entriesCount=1,lastEntry=(t:1, i:4)
2020-06-27 08:28:02,005 [grpc-default-executor-5] DEBUG impl.RaftServerImpl (RaftServerImpl.java:submitClientRequestAsync(575)) - 7ac2bac4-ea14-4a92-ad00-7ecf8c69770d@group-4F5E8EC33368: receive client request(RaftClientRequest:client-08B5AFD2DA9D->7ac2bac4-ea14-4a92-ad00-7ecf8c69770d@group-4F5E8EC33368, cid=28, seq=5, RW, Message:0000006a080c12001801...(size=210))
08:28:02.005 [grpc-default-executor-5] ERROR DNAudit - user=null | ip=null | op=WRITE_CHUNK {blockData=conID: 1 locID: 104415001117130752 bcsId: 0} | ret=FAILURE
org.apache.hadoop.hdds.scm.container.common.helpers.ContainerNotOpenException: Container 1 in CLOSED state
	at org.apache.hadoop.ozone.container.common.impl.HddsDispatcher.validateContainerCommand(HddsDispatcher.java:479) ~[hadoop-hdds-container-service-0.6.0-SNAPSHOT.jar:?]
	at org.apache.hadoop.ozone.container.common.transport.server.ratis.ContainerStateMachine.startTransaction(ContainerStateMachine.java:320) ~[hadoop-hdds-container-service-0.6.0-SNAPSHOT.jar:?]
	at org.apache.ratis.server.impl.RaftServerImpl.submitClientRequestAsync(RaftServerImpl.java:623) ~[ratis-server-0.6.0-6ab75ae-SNAPSHOT.jar:0.6.0-6ab75ae-SNAPSHOT]
	at org.apache.ratis.server.impl.RaftServerProxy.lambda$submitClientRequestAsync$7(RaftServerProxy.java:338) ~[ratis-server-0.6.0-6ab75ae-SNAPSHOT.jar:0.6.0-6ab75ae-SNAPSHOT]
	at org.apache.ratis.server.impl.RaftServerProxy.lambda$null$5(RaftServerProxy.java:333) ~[ratis-server-0.6.0-6ab75ae-SNAPSHOT.jar:0.6.0-6ab75ae-SNAPSHOT]
	at org.apache.ratis.util.JavaUtils.callAsUnchecked(JavaUtils.java:109) ~[ratis-common-0.6.0-6ab75ae-SNAPSHOT.jar:0.6.0-6ab75ae-SNAPSHOT]
	at org.apache.ratis.server.impl.RaftServerProxy.lambda$submitRequest$6(RaftServerProxy.java:333) ~[ratis-server-0.6.0-6ab75ae-SNAPSHOT.jar:0.6.0-6ab75ae-SNAPSHOT]
	at java.util.concurrent.CompletableFuture.uniComposeStage(CompletableFuture.java:995) ~[?:1.8.0_232]
	at java.util.concurrent.CompletableFuture.thenCompose(CompletableFuture.java:2137) ~[?:1.8.0_232]
	at org.apache.ratis.server.impl.RaftServerProxy.submitRequest(RaftServerProxy.java:332) ~[ratis-server-0.6.0-6ab75ae-SNAPSHOT.jar:0.6.0-6ab75ae-SNAPSHOT]
	at org.apache.ratis.server.impl.RaftServerProxy.submitClientRequestAsync(RaftServerProxy.java:338) ~[ratis-server-0.6.0-6ab75ae-SNAPSHOT.jar:0.6.0-6ab75ae-SNAPSHOT]
	at org.apache.ratis.grpc.client.GrpcClientProtocolService$RequestStreamObserver.processClientRequest(GrpcClientProtocolService.java:225) ~[ratis-grpc-0.6.0-6ab75ae-SNAPSHOT.jar:0.6.0-6ab75ae-SNAPSHOT]
	at org.apache.ratis.grpc.client.GrpcClientProtocolService$OrderedRequestStreamObserver.processClientRequest(GrpcClientProtocolService.java:331) ~[ratis-grpc-0.6.0-6ab75ae-SNAPSHOT.jar:0.6.0-6ab75ae-SNAPSHOT]
	at org.apache.ratis.util.SlidingWindow$Server.processRequestsFromHead(SlidingWindow.java:429) [ratis-common-0.6.0-6ab75ae-SNAPSHOT.jar:0.6.0-6ab75ae-SNAPSHOT]
	at org.apache.ratis.util.SlidingWindow$Server.receivedRequest(SlidingWindow.java:421) [ratis-common-0.6.0-6ab75ae-SNAPSHOT.jar:0.6.0-6ab75ae-SNAPSHOT]
	at org.apache.ratis.grpc.client.GrpcClientProtocolService$OrderedRequestStreamObserver.processClientRequest(GrpcClientProtocolService.java:355) [ratis-grpc-0.6.0-6ab75ae-SNAPSHOT.jar:0.6.0-6ab75ae-SNAPSHOT]
	at org.apache.ratis.grpc.client.GrpcClientProtocolService$RequestStreamObserver.onNext(GrpcClientProtocolService.java:245) [ratis-grpc-0.6.0-6ab75ae-SNAPSHOT.jar:0.6.0-6ab75ae-SNAPSHOT]
	at org.apache.ratis.grpc.client.GrpcClientProtocolService$RequestStreamObserver.onNext(GrpcClientProtocolService.java:168) [ratis-grpc-0.6.0-6ab75ae-SNAPSHOT.jar:0.6.0-6ab75ae-SNAPSHOT]
	at org.apache.ratis.thirdparty.io.grpc.stub.ServerCalls$StreamingServerCallHandler$StreamingServerCallListener.onMessage(ServerCalls.java:251) [ratis-thirdparty-misc-0.4.0.jar:0.4.0]
	at org.apache.ratis.thirdparty.io.grpc.internal.ServerCallImpl$ServerStreamListenerImpl.messagesAvailableInternal(ServerCallImpl.java:309) [ratis-thirdparty-misc-0.4.0.jar:0.4.0]
	at org.apache.ratis.thirdparty.io.grpc.internal.ServerCallImpl$ServerStreamListenerImpl.messagesAvailable(ServerCallImpl.java:292) [ratis-thirdparty-misc-0.4.0.jar:0.4.0]
	at org.apache.ratis.thirdparty.io.grpc.internal.ServerImpl$JumpToApplicationThreadServerStreamListener$1MessagesAvailable.runInContext(ServerImpl.java:782) [ratis-thirdparty-misc-0.4.0.jar:0.4.0]
	at org.apache.ratis.thirdparty.io.grpc.internal.ContextRunnable.run(ContextRunnable.java:37) [ratis-thirdparty-misc-0.4.0.jar:0.4.0]
	at org.apache.ratis.thirdparty.io.grpc.internal.SerializingExecutor.run(SerializingExecutor.java:123) [ratis-thirdparty-misc-0.4.0.jar:0.4.0]
	at java.util.concurrent.ThreadPoolExecutor.runWorker(ThreadPoolExecutor.java:1149) [?:1.8.0_232]
	at java.util.concurrent.ThreadPoolExecutor$Worker.run(ThreadPoolExecutor.java:624) [?:1.8.0_232]
	at java.lang.Thread.run(Thread.java:748) [?:1.8.0_232]
2020-06-27 08:28:02,008 [RatisApplyTransactionExecutor 1] INFO  interfaces.Container (KeyValueContainer.java:close(325)) - Container 1 is closed with bcsId 0.
2020-06-27 08:28:02,010 [EventQueue-IncrementalContainerReportForIncrementalContainerReportHandler] INFO  container.IncrementalContainerReportHandler (AbstractContainerReportHandler.java:updateContainerState(171)) - Moving container #1 to CLOSED state, datanode 7ac2bac4-ea14-4a92-ad00-7ecf8c69770d{ip: 172.17.0.2, host: 23863634748d, networkLocation: /default-rack, certSerialId: null} reported CLOSED replica.
2020-06-27 08:28:02,006 [RatisApplyTransactionExecutor 1] INFO  interfaces.Container (KeyValueContainer.java:flushAndSyncDB(387)) - Container 1 is synced with bcsId 0.
2020-06-27 08:28:02,013 [RatisApplyTransactionExecutor 1] INFO  interfaces.Container (KeyValueContainer.java:flushAndSyncDB(387)) - Container 1 is synced with bcsId 0.
2020-06-27 08:28:02,014 [grpc-default-executor-3] DEBUG impl.RaftServerImpl (RaftServerImpl.java:logAppendEntries(928)) - addd0e4b-8b83-4fcf-9561-846eae7ff551@group-4F5E8EC33368: receive appendEntries(7ac2bac4-ea14-4a92-ad00-7ecf8c69770d, 1, (t:1, i:0), 2, false, commits[7ac2bac4-ea14-4a92-ad00-7ecf8c69770d:c2, 21e928e7-b178-40d2-b19b-ea853389ee6e:c2, addd0e4b-8b83-4fcf-9561-846eae7ff551:c0], entries: (t:1, i:1), STATEMACHINELOGENTRY, client-08B5AFD2DA9D, cid=25
2020-06-27 08:28:02,015 [grpc-default-executor-5] DEBUG impl.RaftServerImpl (RaftServerImpl.java:submitClientRequestAsync(575)) - 7ac2bac4-ea14-4a92-ad00-7ecf8c69770d@group-4F5E8EC33368: receive client request(RaftClientRequest:client-08B5AFD2DA9D->7ac2bac4-ea14-4a92-ad00-7ecf8c69770d@group-4F5E8EC33368, cid=29, seq=6, RW, Message:0000006a080c12001801...(size=210))
08:28:02.016 [grpc-default-executor-5] ERROR DNAudit - user=null | ip=null | op=WRITE_CHUNK {blockData=conID: 1 locID: 104415001117130752 bcsId: 0} | ret=FAILURE
org.apache.hadoop.hdds.scm.container.common.helpers.ContainerNotOpenException: Container 1 in CLOSED state
	at org.apache.hadoop.ozone.container.common.impl.HddsDispatcher.validateContainerCommand(HddsDispatcher.java:479) ~[hadoop-hdds-container-service-0.6.0-SNAPSHOT.jar:?]
	at org.apache.hadoop.ozone.container.common.transport.server.ratis.ContainerStateMachine.startTransaction(ContainerStateMachine.java:320) ~[hadoop-hdds-container-service-0.6.0-SNAPSHOT.jar:?]
	at org.apache.ratis.server.impl.RaftServerImpl.submitClientRequestAsync(RaftServerImpl.java:623) ~[ratis-server-0.6.0-6ab75ae-SNAPSHOT.jar:0.6.0-6ab75ae-SNAPSHOT]
	at org.apache.ratis.server.impl.RaftServerProxy.lambda$submitClientRequestAsync$7(RaftServerProxy.java:338) ~[ratis-server-0.6.0-6ab75ae-SNAPSHOT.jar:0.6.0-6ab75ae-SNAPSHOT]
	at org.apache.ratis.server.impl.RaftServerProxy.lambda$null$5(RaftServerProxy.java:333) ~[ratis-server-0.6.0-6ab75ae-SNAPSHOT.jar:0.6.0-6ab75ae-SNAPSHOT]
	at org.apache.ratis.util.JavaUtils.callAsUnchecked(JavaUtils.java:109) ~[ratis-common-0.6.0-6ab75ae-SNAPSHOT.jar:0.6.0-6ab75ae-SNAPSHOT]
	at org.apache.ratis.server.impl.RaftServerProxy.lambda$submitRequest$6(RaftServerProxy.java:333) ~[ratis-server-0.6.0-6ab75ae-SNAPSHOT.jar:0.6.0-6ab75ae-SNAPSHOT]
	at java.util.concurrent.CompletableFuture.uniComposeStage(CompletableFuture.java:995) ~[?:1.8.0_232]
	at java.util.concurrent.CompletableFuture.thenCompose(CompletableFuture.java:2137) ~[?:1.8.0_232]
	at org.apache.ratis.server.impl.RaftServerProxy.submitRequest(RaftServerProxy.java:332) ~[ratis-server-0.6.0-6ab75ae-SNAPSHOT.jar:0.6.0-6ab75ae-SNAPSHOT]
	at org.apache.ratis.server.impl.RaftServerProxy.submitClientRequestAsync(RaftServerProxy.java:338) ~[ratis-server-0.6.0-6ab75ae-SNAPSHOT.jar:0.6.0-6ab75ae-SNAPSHOT]
	at org.apache.ratis.grpc.client.GrpcClientProtocolService$RequestStreamObserver.processClientRequest(GrpcClientProtocolService.java:225) ~[ratis-grpc-0.6.0-6ab75ae-SNAPSHOT.jar:0.6.0-6ab75ae-SNAPSHOT]
	at org.apache.ratis.grpc.client.GrpcClientProtocolService$OrderedRequestStreamObserver.processClientRequest(GrpcClientProtocolService.java:331) ~[ratis-grpc-0.6.0-6ab75ae-SNAPSHOT.jar:0.6.0-6ab75ae-SNAPSHOT]
	at org.apache.ratis.util.SlidingWindow$Server.processRequestsFromHead(SlidingWindow.java:429) [ratis-common-0.6.0-6ab75ae-SNAPSHOT.jar:0.6.0-6ab75ae-SNAPSHOT]
	at org.apache.ratis.util.SlidingWindow$Server.receivedRequest(SlidingWindow.java:421) [ratis-common-0.6.0-6ab75ae-SNAPSHOT.jar:0.6.0-6ab75ae-SNAPSHOT]
	at org.apache.ratis.grpc.client.GrpcClientProtocolService$OrderedRequestStreamObserver.processClientRequest(GrpcClientProtocolService.java:355) [ratis-grpc-0.6.0-6ab75ae-SNAPSHOT.jar:0.6.0-6ab75ae-SNAPSHOT]
	at org.apache.ratis.grpc.client.GrpcClientProtocolService$RequestStreamObserver.onNext(GrpcClientProtocolService.java:245) [ratis-grpc-0.6.0-6ab75ae-SNAPSHOT.jar:0.6.0-6ab75ae-SNAPSHOT]
	at org.apache.ratis.grpc.client.GrpcClientProtocolService$RequestStreamObserver.onNext(GrpcClientProtocolService.java:168) [ratis-grpc-0.6.0-6ab75ae-SNAPSHOT.jar:0.6.0-6ab75ae-SNAPSHOT]
	at org.apache.ratis.thirdparty.io.grpc.stub.ServerCalls$StreamingServerCallHandler$StreamingServerCallListener.onMessage(ServerCalls.java:251) [ratis-thirdparty-misc-0.4.0.jar:0.4.0]
	at org.apache.ratis.thirdparty.io.grpc.internal.ServerCallImpl$ServerStreamListenerImpl.messagesAvailableInternal(ServerCallImpl.java:309) [ratis-thirdparty-misc-0.4.0.jar:0.4.0]
	at org.apache.ratis.thirdparty.io.grpc.internal.ServerCallImpl$ServerStreamListenerImpl.messagesAvailable(ServerCallImpl.java:292) [ratis-thirdparty-misc-0.4.0.jar:0.4.0]
	at org.apache.ratis.thirdparty.io.grpc.internal.ServerImpl$JumpToApplicationThreadServerStreamListener$1MessagesAvailable.runInContext(ServerImpl.java:782) [ratis-thirdparty-misc-0.4.0.jar:0.4.0]
	at org.apache.ratis.thirdparty.io.grpc.internal.ContextRunnable.run(ContextRunnable.java:37) [ratis-thirdparty-misc-0.4.0.jar:0.4.0]
	at org.apache.ratis.thirdparty.io.grpc.internal.SerializingExecutor.run(SerializingExecutor.java:123) [ratis-thirdparty-misc-0.4.0.jar:0.4.0]
	at java.util.concurrent.ThreadPoolExecutor.runWorker(ThreadPoolExecutor.java:1149) [?:1.8.0_232]
	at java.util.concurrent.ThreadPoolExecutor$Worker.run(ThreadPoolExecutor.java:624) [?:1.8.0_232]
	at java.lang.Thread.run(Thread.java:748) [?:1.8.0_232]
2020-06-27 08:28:02,017 [grpc-default-executor-3] DEBUG impl.RaftServerImpl (RaftServerImpl.java:logAppendEntries(928)) - addd0e4b-8b83-4fcf-9561-846eae7ff551@group-4F5E8EC33368: receive appendEntries(7ac2bac4-ea14-4a92-ad00-7ecf8c69770d, 1, (t:1, i:1), 2, false, commits[7ac2bac4-ea14-4a92-ad00-7ecf8c69770d:c2, 21e928e7-b178-40d2-b19b-ea853389ee6e:c2, addd0e4b-8b83-4fcf-9561-846eae7ff551:c0], entries: (t:1, i:2), STATEMACHINELOGENTRY, client-DAA878F840C5, cid=19
2020-06-27 08:28:02,017 [grpc-default-executor-4] DEBUG impl.RaftServerImpl (RaftServerImpl.java:logAppendEntries(928)) - addd0e4b-8b83-4fcf-9561-846eae7ff551@group-4F5E8EC33368: receive appendEntries(7ac2bac4-ea14-4a92-ad00-7ecf8c69770d, 1, (t:1, i:2), 2, false, commits[7ac2bac4-ea14-4a92-ad00-7ecf8c69770d:c2, 21e928e7-b178-40d2-b19b-ea853389ee6e:c2, addd0e4b-8b83-4fcf-9561-846eae7ff551:c0], entries: (t:1, i:3), METADATAENTRY(c:1)
2020-06-27 08:28:02,019 [grpc-default-executor-4] DEBUG impl.RaftServerImpl (RaftServerImpl.java:logAppendEntries(928)) - addd0e4b-8b83-4fcf-9561-846eae7ff551@group-4F5E8EC33368: receive appendEntries(7ac2bac4-ea14-4a92-ad00-7ecf8c69770d, 1, (t:1, i:3), 2, false, commits[7ac2bac4-ea14-4a92-ad00-7ecf8c69770d:c2, 21e928e7-b178-40d2-b19b-ea853389ee6e:c2, addd0e4b-8b83-4fcf-9561-846eae7ff551:c0], entries: (t:1, i:4), METADATAENTRY(c:2)
2020-06-27 08:28:02,021 [RatisApplyTransactionExecutor 1] INFO  interfaces.Container (KeyValueContainer.java:close(325)) - Container 1 is closed with bcsId 0.
2020-06-27 08:28:02,034 [grpc-default-executor-5] DEBUG impl.RaftServerImpl (RaftServerImpl.java:submitClientRequestAsync(575)) - 7ac2bac4-ea14-4a92-ad00-7ecf8c69770d@group-4F5E8EC33368: receive client request(RaftClientRequest:client-08B5AFD2DA9D->7ac2bac4-ea14-4a92-ad00-7ecf8c69770d@group-4F5E8EC33368, cid=30, seq=7, RW, Message:000000fb080612001801...(size=255))
08:28:02.035 [grpc-default-executor-5] ERROR DNAudit - user=null | ip=null | op=PUT_BLOCK {blockData=[blockId=conID: 1 locID: 104415001117130752 bcsId: 0,size=400]} | ret=FAILURE
org.apache.hadoop.hdds.scm.container.common.helpers.ContainerNotOpenException: Container 1 in CLOSED state
	at org.apache.hadoop.ozone.container.common.impl.HddsDispatcher.validateContainerCommand(HddsDispatcher.java:479) ~[hadoop-hdds-container-service-0.6.0-SNAPSHOT.jar:?]
	at org.apache.hadoop.ozone.container.common.transport.server.ratis.ContainerStateMachine.startTransaction(ContainerStateMachine.java:320) ~[hadoop-hdds-container-service-0.6.0-SNAPSHOT.jar:?]
	at org.apache.ratis.server.impl.RaftServerImpl.submitClientRequestAsync(RaftServerImpl.java:623) ~[ratis-server-0.6.0-6ab75ae-SNAPSHOT.jar:0.6.0-6ab75ae-SNAPSHOT]
	at org.apache.ratis.server.impl.RaftServerProxy.lambda$submitClientRequestAsync$7(RaftServerProxy.java:338) ~[ratis-server-0.6.0-6ab75ae-SNAPSHOT.jar:0.6.0-6ab75ae-SNAPSHOT]
	at org.apache.ratis.server.impl.RaftServerProxy.lambda$null$5(RaftServerProxy.java:333) ~[ratis-server-0.6.0-6ab75ae-SNAPSHOT.jar:0.6.0-6ab75ae-SNAPSHOT]
	at org.apache.ratis.util.JavaUtils.callAsUnchecked(JavaUtils.java:109) ~[ratis-common-0.6.0-6ab75ae-SNAPSHOT.jar:0.6.0-6ab75ae-SNAPSHOT]
	at org.apache.ratis.server.impl.RaftServerProxy.lambda$submitRequest$6(RaftServerProxy.java:333) ~[ratis-server-0.6.0-6ab75ae-SNAPSHOT.jar:0.6.0-6ab75ae-SNAPSHOT]
	at java.util.concurrent.CompletableFuture.uniComposeStage(CompletableFuture.java:995) ~[?:1.8.0_232]
	at java.util.concurrent.CompletableFuture.thenCompose(CompletableFuture.java:2137) ~[?:1.8.0_232]
	at org.apache.ratis.server.impl.RaftServerProxy.submitRequest(RaftServerProxy.java:332) ~[ratis-server-0.6.0-6ab75ae-SNAPSHOT.jar:0.6.0-6ab75ae-SNAPSHOT]
	at org.apache.ratis.server.impl.RaftServerProxy.submitClientRequestAsync(RaftServerProxy.java:338) ~[ratis-server-0.6.0-6ab75ae-SNAPSHOT.jar:0.6.0-6ab75ae-SNAPSHOT]
	at org.apache.ratis.grpc.client.GrpcClientProtocolService$RequestStreamObserver.processClientRequest(GrpcClientProtocolService.java:225) ~[ratis-grpc-0.6.0-6ab75ae-SNAPSHOT.jar:0.6.0-6ab75ae-SNAPSHOT]
	at org.apache.ratis.grpc.client.GrpcClientProtocolService$OrderedRequestStreamObserver.processClientRequest(GrpcClientProtocolService.java:331) ~[ratis-grpc-0.6.0-6ab75ae-SNAPSHOT.jar:0.6.0-6ab75ae-SNAPSHOT]
	at org.apache.ratis.util.SlidingWindow$Server.processRequestsFromHead(SlidingWindow.java:429) [ratis-common-0.6.0-6ab75ae-SNAPSHOT.jar:0.6.0-6ab75ae-SNAPSHOT]
	at org.apache.ratis.util.SlidingWindow$Server.receivedRequest(SlidingWindow.java:421) [ratis-common-0.6.0-6ab75ae-SNAPSHOT.jar:0.6.0-6ab75ae-SNAPSHOT]
	at org.apache.ratis.grpc.client.GrpcClientProtocolService$OrderedRequestStreamObserver.processClientRequest(GrpcClientProtocolService.java:355) [ratis-grpc-0.6.0-6ab75ae-SNAPSHOT.jar:0.6.0-6ab75ae-SNAPSHOT]
	at org.apache.ratis.grpc.client.GrpcClientProtocolService$RequestStreamObserver.onNext(GrpcClientProtocolService.java:245) [ratis-grpc-0.6.0-6ab75ae-SNAPSHOT.jar:0.6.0-6ab75ae-SNAPSHOT]
	at org.apache.ratis.grpc.client.GrpcClientProtocolService$RequestStreamObserver.onNext(GrpcClientProtocolService.java:168) [ratis-grpc-0.6.0-6ab75ae-SNAPSHOT.jar:0.6.0-6ab75ae-SNAPSHOT]
	at org.apache.ratis.thirdparty.io.grpc.stub.ServerCalls$StreamingServerCallHandler$StreamingServerCallListener.onMessage(ServerCalls.java:251) [ratis-thirdparty-misc-0.4.0.jar:0.4.0]
	at org.apache.ratis.thirdparty.io.grpc.internal.ServerCallImpl$ServerStreamListenerImpl.messagesAvailableInternal(ServerCallImpl.java:309) [ratis-thirdparty-misc-0.4.0.jar:0.4.0]
	at org.apache.ratis.thirdparty.io.grpc.internal.ServerCallImpl$ServerStreamListenerImpl.messagesAvailable(ServerCallImpl.java:292) [ratis-thirdparty-misc-0.4.0.jar:0.4.0]
	at org.apache.ratis.thirdparty.io.grpc.internal.ServerImpl$JumpToApplicationThreadServerStreamListener$1MessagesAvailable.runInContext(ServerImpl.java:782) [ratis-thirdparty-misc-0.4.0.jar:0.4.0]
	at org.apache.ratis.thirdparty.io.grpc.internal.ContextRunnable.run(ContextRunnable.java:37) [ratis-thirdparty-misc-0.4.0.jar:0.4.0]
	at org.apache.ratis.thirdparty.io.grpc.internal.SerializingExecutor.run(SerializingExecutor.java:123) [ratis-thirdparty-misc-0.4.0.jar:0.4.0]
	at java.util.concurrent.ThreadPoolExecutor.runWorker(ThreadPoolExecutor.java:1149) [?:1.8.0_232]
	at java.util.concurrent.ThreadPoolExecutor$Worker.run(ThreadPoolExecutor.java:624) [?:1.8.0_232]
	at java.lang.Thread.run(Thread.java:748) [?:1.8.0_232]
2020-06-27 08:28:02,038 [Thread-401] DEBUG impl.RaftServerImpl (RaftServerImpl.java:logAppendEntries(928)) - addd0e4b-8b83-4fcf-9561-846eae7ff551@group-4F5E8EC33368: succeeded to handle AppendEntries. Reply: 7ac2bac4-ea14-4a92-ad00-7ecf8c69770d<-addd0e4b-8b83-4fcf-9561-846eae7ff551#4:OK,SUCCESS,nextIndex:2,term:1,followerCommit:2
2020-06-27 08:28:02,039 [grpc-default-executor-5] DEBUG server.GrpcLogAppender (GrpcLogAppender.java:onNext(257)) - 7ac2bac4-ea14-4a92-ad00-7ecf8c69770d@group-4F5E8EC33368->addd0e4b-8b83-4fcf-9561-846eae7ff551-AppendLogResponseHandler: received a reply 7ac2bac4-ea14-4a92-ad00-7ecf8c69770d<-addd0e4b-8b83-4fcf-9561-846eae7ff551#4:OK,SUCCESS,nextIndex:2,term:1,followerCommit:2, request=AppendEntriesRequest:cid=4,entriesCount=1,lastEntry=(t:1, i:1)
2020-06-27 08:28:02,039 [Thread-402] DEBUG impl.RaftServerImpl (RaftServerImpl.java:logAppendEntries(928)) - addd0e4b-8b83-4fcf-9561-846eae7ff551@group-4F5E8EC33368: succeeded to handle AppendEntries. Reply: 7ac2bac4-ea14-4a92-ad00-7ecf8c69770d<-addd0e4b-8b83-4fcf-9561-846eae7ff551#5:OK,SUCCESS,nextIndex:3,term:1,followerCommit:2
2020-06-27 08:28:02,040 [grpc-default-executor-5] DEBUG server.GrpcLogAppender (GrpcLogAppender.java:onNext(257)) - 7ac2bac4-ea14-4a92-ad00-7ecf8c69770d@group-4F5E8EC33368->addd0e4b-8b83-4fcf-9561-846eae7ff551-AppendLogResponseHandler: received a reply 7ac2bac4-ea14-4a92-ad00-7ecf8c69770d<-addd0e4b-8b83-4fcf-9561-846eae7ff551#5:OK,SUCCESS,nextIndex:3,term:1,followerCommit:2, request=AppendEntriesRequest:cid=5,entriesCount=1,lastEntry=(t:1, i:2)
2020-06-27 08:28:02,051 [Thread-404] DEBUG impl.RaftServerImpl (RaftServerImpl.java:logAppendEntries(928)) - addd0e4b-8b83-4fcf-9561-846eae7ff551@group-4F5E8EC33368: succeeded to handle AppendEntries. Reply: 7ac2bac4-ea14-4a92-ad00-7ecf8c69770d<-addd0e4b-8b83-4fcf-9561-846eae7ff551#6:OK,SUCCESS,nextIndex:4,term:1,followerCommit:2
2020-06-27 08:28:02,070 [Thread-405] DEBUG impl.RaftServerImpl (RaftServerImpl.java:logAppendEntries(928)) - addd0e4b-8b83-4fcf-9561-846eae7ff551@group-4F5E8EC33368: succeeded to handle AppendEntries. Reply: 7ac2bac4-ea14-4a92-ad00-7ecf8c69770d<-addd0e4b-8b83-4fcf-9561-846eae7ff551#7:OK,SUCCESS,nextIndex:5,term:1,followerCommit:2
2020-06-27 08:28:02,070 [grpc-default-executor-5] DEBUG server.GrpcLogAppender (GrpcLogAppender.java:onNext(257)) - 7ac2bac4-ea14-4a92-ad00-7ecf8c69770d@group-4F5E8EC33368->addd0e4b-8b83-4fcf-9561-846eae7ff551-AppendLogResponseHandler: received a reply 7ac2bac4-ea14-4a92-ad00-7ecf8c69770d<-addd0e4b-8b83-4fcf-9561-846eae7ff551#6:OK,SUCCESS,nextIndex:4,term:1,followerCommit:2, request=AppendEntriesRequest:cid=6,entriesCount=1,lastEntry=(t:1, i:3)
2020-06-27 08:28:02,072 [grpc-default-executor-5] DEBUG server.GrpcLogAppender (GrpcLogAppender.java:onNext(257)) - 7ac2bac4-ea14-4a92-ad00-7ecf8c69770d@group-4F5E8EC33368->addd0e4b-8b83-4fcf-9561-846eae7ff551-AppendLogResponseHandler: received a reply 7ac2bac4-ea14-4a92-ad00-7ecf8c69770d<-addd0e4b-8b83-4fcf-9561-846eae7ff551#7:OK,SUCCESS,nextIndex:5,term:1,followerCommit:2, request=AppendEntriesRequest:cid=7,entriesCount=1,lastEntry=(t:1, i:4)
2020-06-27 08:28:02,073 [RatisApplyTransactionExecutor 1] INFO  interfaces.Container (KeyValueContainer.java:flushAndSyncDB(387)) - Container 1 is synced with bcsId 0.
2020-06-27 08:28:02,073 [RatisApplyTransactionExecutor 1] INFO  interfaces.Container (KeyValueContainer.java:flushAndSyncDB(387)) - Container 1 is synced with bcsId 0.
2020-06-27 08:28:02,075 [RatisApplyTransactionExecutor 1] INFO  interfaces.Container (KeyValueContainer.java:close(325)) - Container 1 is closed with bcsId 0.
2020-06-27 08:28:03,473 [grpc-default-executor-5] DEBUG server.GrpcLogAppender (GrpcLogAppender.java:onNext(257)) - 7ac2bac4-ea14-4a92-ad00-7ecf8c69770d@group-DE40DCD8EE57->addd0e4b-8b83-4fcf-9561-846eae7ff551-AppendLogResponseHandler: received a reply 7ac2bac4-ea14-4a92-ad00-7ecf8c69770d<-addd0e4b-8b83-4fcf-9561-846eae7ff551#4:OK,SUCCESS,nextIndex:1,term:1,followerCommit:0, request=AppendEntriesRequest:cid=4,entriesCount=0,lastEntry=null
2020-06-27 08:28:03,478 [grpc-default-executor-4] DEBUG server.GrpcLogAppender (GrpcLogAppender.java:onNext(257)) - 7ac2bac4-ea14-4a92-ad00-7ecf8c69770d@group-DE40DCD8EE57->21e928e7-b178-40d2-b19b-ea853389ee6e-AppendLogResponseHandler: received a reply 7ac2bac4-ea14-4a92-ad00-7ecf8c69770d<-21e928e7-b178-40d2-b19b-ea853389ee6e#4:OK,SUCCESS,nextIndex:1,term:1,followerCommit:0, request=AppendEntriesRequest:cid=4,entriesCount=0,lastEntry=null
2020-06-27 08:28:03,962 [grpc-default-executor-5] DEBUG server.GrpcLogAppender (GrpcLogAppender.java:onNext(257)) - a99a18fa-a15b-4cd6-a5fd-78034dfd05b4@group-EDAE14BFB10F->7f53e279-916a-4fed-90de-23e9c25f9e31-AppendLogResponseHandler: received a reply a99a18fa-a15b-4cd6-a5fd-78034dfd05b4<-7f53e279-916a-4fed-90de-23e9c25f9e31#2:OK,SUCCESS,nextIndex:1,term:2,followerCommit:0, request=AppendEntriesRequest:cid=2,entriesCount=0,lastEntry=null
2020-06-27 08:28:03,963 [grpc-default-executor-5] DEBUG server.GrpcLogAppender (GrpcLogAppender.java:onNext(257)) - a99a18fa-a15b-4cd6-a5fd-78034dfd05b4@group-EDAE14BFB10F->34efc206-1f67-4a18-aa05-bd0f2a1ef0e4-AppendLogResponseHandler: received a reply a99a18fa-a15b-4cd6-a5fd-78034dfd05b4<-34efc206-1f67-4a18-aa05-bd0f2a1ef0e4#2:OK,SUCCESS,nextIndex:1,term:2,followerCommit:0, request=AppendEntriesRequest:cid=2,entriesCount=0,lastEntry=null
2020-06-27 08:28:04,365 [grpc-default-executor-5] DEBUG server.GrpcLogAppender (GrpcLogAppender.java:onNext(257)) - 34efc206-1f67-4a18-aa05-bd0f2a1ef0e4@group-11D1A0DB352F->a99a18fa-a15b-4cd6-a5fd-78034dfd05b4-AppendLogResponseHandler: received a reply 34efc206-1f67-4a18-aa05-bd0f2a1ef0e4<-a99a18fa-a15b-4cd6-a5fd-78034dfd05b4#4:OK,SUCCESS,nextIndex:1,term:1,followerCommit:0, request=AppendEntriesRequest:cid=4,entriesCount=0,lastEntry=null
2020-06-27 08:28:04,377 [grpc-default-executor-5] DEBUG server.GrpcLogAppender (GrpcLogAppender.java:onNext(257)) - 34efc206-1f67-4a18-aa05-bd0f2a1ef0e4@group-11D1A0DB352F->7f53e279-916a-4fed-90de-23e9c25f9e31-AppendLogResponseHandler: received a reply 34efc206-1f67-4a18-aa05-bd0f2a1ef0e4<-7f53e279-916a-4fed-90de-23e9c25f9e31#4:OK,SUCCESS,nextIndex:1,term:1,followerCommit:0, request=AppendEntriesRequest:cid=4,entriesCount=0,lastEntry=null
2020-06-27 08:28:04,497 [grpc-default-executor-5] DEBUG server.GrpcLogAppender (GrpcLogAppender.java:onNext(257)) - 7ac2bac4-ea14-4a92-ad00-7ecf8c69770d@group-4F5E8EC33368->21e928e7-b178-40d2-b19b-ea853389ee6e-AppendLogResponseHandler: received a reply 7ac2bac4-ea14-4a92-ad00-7ecf8c69770d<-21e928e7-b178-40d2-b19b-ea853389ee6e#7:OK,SUCCESS,nextIndex:5,term:1,followerCommit:4, request=AppendEntriesRequest:cid=7,entriesCount=0,lastEntry=null
2020-06-27 08:28:04,575 [grpc-default-executor-5] DEBUG server.GrpcLogAppender (GrpcLogAppender.java:onNext(257)) - 7ac2bac4-ea14-4a92-ad00-7ecf8c69770d@group-4F5E8EC33368->addd0e4b-8b83-4fcf-9561-846eae7ff551-AppendLogResponseHandler: received a reply 7ac2bac4-ea14-4a92-ad00-7ecf8c69770d<-addd0e4b-8b83-4fcf-9561-846eae7ff551#8:OK,SUCCESS,nextIndex:5,term:1,followerCommit:4, request=AppendEntriesRequest:cid=8,entriesCount=0,lastEntry=null
2020-06-27 08:28:05,976 [grpc-default-executor-5] DEBUG server.GrpcLogAppender (GrpcLogAppender.java:onNext(257)) - 7ac2bac4-ea14-4a92-ad00-7ecf8c69770d@group-DE40DCD8EE57->addd0e4b-8b83-4fcf-9561-846eae7ff551-AppendLogResponseHandler: received a reply 7ac2bac4-ea14-4a92-ad00-7ecf8c69770d<-addd0e4b-8b83-4fcf-9561-846eae7ff551#5:OK,SUCCESS,nextIndex:1,term:1,followerCommit:0, request=AppendEntriesRequest:cid=5,entriesCount=0,lastEntry=null
2020-06-27 08:28:05,982 [grpc-default-executor-5] DEBUG server.GrpcLogAppender (GrpcLogAppender.java:onNext(257)) - 7ac2bac4-ea14-4a92-ad00-7ecf8c69770d@group-DE40DCD8EE57->21e928e7-b178-40d2-b19b-ea853389ee6e-AppendLogResponseHandler: received a reply 7ac2bac4-ea14-4a92-ad00-7ecf8c69770d<-21e928e7-b178-40d2-b19b-ea853389ee6e#5:OK,SUCCESS,nextIndex:1,term:1,followerCommit:0, request=AppendEntriesRequest:cid=5,entriesCount=0,lastEntry=null
2020-06-27 08:28:06,465 [grpc-default-executor-4] DEBUG server.GrpcLogAppender (GrpcLogAppender.java:onNext(257)) - a99a18fa-a15b-4cd6-a5fd-78034dfd05b4@group-EDAE14BFB10F->34efc206-1f67-4a18-aa05-bd0f2a1ef0e4-AppendLogResponseHandler: received a reply a99a18fa-a15b-4cd6-a5fd-78034dfd05b4<-34efc206-1f67-4a18-aa05-bd0f2a1ef0e4#3:OK,SUCCESS,nextIndex:1,term:2,followerCommit:0, request=AppendEntriesRequest:cid=3,entriesCount=0,lastEntry=null
2020-06-27 08:28:06,469 [grpc-default-executor-4] DEBUG server.GrpcLogAppender (GrpcLogAppender.java:onNext(257)) - a99a18fa-a15b-4cd6-a5fd-78034dfd05b4@group-EDAE14BFB10F->7f53e279-916a-4fed-90de-23e9c25f9e31-AppendLogResponseHandler: received a reply a99a18fa-a15b-4cd6-a5fd-78034dfd05b4<-7f53e279-916a-4fed-90de-23e9c25f9e31#3:OK,SUCCESS,nextIndex:1,term:2,followerCommit:0, request=AppendEntriesRequest:cid=3,entriesCount=0,lastEntry=null
2020-06-27 08:28:06,867 [grpc-default-executor-4] DEBUG server.GrpcLogAppender (GrpcLogAppender.java:onNext(257)) - 34efc206-1f67-4a18-aa05-bd0f2a1ef0e4@group-11D1A0DB352F->a99a18fa-a15b-4cd6-a5fd-78034dfd05b4-AppendLogResponseHandler: received a reply 34efc206-1f67-4a18-aa05-bd0f2a1ef0e4<-a99a18fa-a15b-4cd6-a5fd-78034dfd05b4#5:OK,SUCCESS,nextIndex:1,term:1,followerCommit:0, request=AppendEntriesRequest:cid=5,entriesCount=0,lastEntry=null
2020-06-27 08:28:06,879 [grpc-default-executor-4] DEBUG server.GrpcLogAppender (GrpcLogAppender.java:onNext(257)) - 34efc206-1f67-4a18-aa05-bd0f2a1ef0e4@group-11D1A0DB352F->7f53e279-916a-4fed-90de-23e9c25f9e31-AppendLogResponseHandler: received a reply 34efc206-1f67-4a18-aa05-bd0f2a1ef0e4<-7f53e279-916a-4fed-90de-23e9c25f9e31#5:OK,SUCCESS,nextIndex:1,term:1,followerCommit:0, request=AppendEntriesRequest:cid=5,entriesCount=0,lastEntry=null
2020-06-27 08:28:07,000 [grpc-default-executor-4] DEBUG server.GrpcLogAppender (GrpcLogAppender.java:onNext(257)) - 7ac2bac4-ea14-4a92-ad00-7ecf8c69770d@group-4F5E8EC33368->21e928e7-b178-40d2-b19b-ea853389ee6e-AppendLogResponseHandler: received a reply 7ac2bac4-ea14-4a92-ad00-7ecf8c69770d<-21e928e7-b178-40d2-b19b-ea853389ee6e#8:OK,SUCCESS,nextIndex:5,term:1,followerCommit:4, request=AppendEntriesRequest:cid=8,entriesCount=0,lastEntry=null
2020-06-27 08:28:07,078 [grpc-default-executor-4] DEBUG server.GrpcLogAppender (GrpcLogAppender.java:onNext(257)) - 7ac2bac4-ea14-4a92-ad00-7ecf8c69770d@group-4F5E8EC33368->addd0e4b-8b83-4fcf-9561-846eae7ff551-AppendLogResponseHandler: received a reply 7ac2bac4-ea14-4a92-ad00-7ecf8c69770d<-addd0e4b-8b83-4fcf-9561-846eae7ff551#9:OK,SUCCESS,nextIndex:5,term:1,followerCommit:4, request=AppendEntriesRequest:cid=9,entriesCount=0,lastEntry=null
2020-06-27 08:28:08,479 [grpc-default-executor-4] DEBUG server.GrpcLogAppender (GrpcLogAppender.java:onNext(257)) - 7ac2bac4-ea14-4a92-ad00-7ecf8c69770d@group-DE40DCD8EE57->addd0e4b-8b83-4fcf-9561-846eae7ff551-AppendLogResponseHandler: received a reply 7ac2bac4-ea14-4a92-ad00-7ecf8c69770d<-addd0e4b-8b83-4fcf-9561-846eae7ff551#6:OK,SUCCESS,nextIndex:1,term:1,followerCommit:0, request=AppendEntriesRequest:cid=6,entriesCount=0,lastEntry=null
2020-06-27 08:28:08,484 [grpc-default-executor-4] DEBUG server.GrpcLogAppender (GrpcLogAppender.java:onNext(257)) - 7ac2bac4-ea14-4a92-ad00-7ecf8c69770d@group-DE40DCD8EE57->21e928e7-b178-40d2-b19b-ea853389ee6e-AppendLogResponseHandler: received a reply 7ac2bac4-ea14-4a92-ad00-7ecf8c69770d<-21e928e7-b178-40d2-b19b-ea853389ee6e#6:OK,SUCCESS,nextIndex:1,term:1,followerCommit:0, request=AppendEntriesRequest:cid=6,entriesCount=0,lastEntry=null
2020-06-27 08:28:08,968 [grpc-default-executor-4] DEBUG server.GrpcLogAppender (GrpcLogAppender.java:onNext(257)) - a99a18fa-a15b-4cd6-a5fd-78034dfd05b4@group-EDAE14BFB10F->34efc206-1f67-4a18-aa05-bd0f2a1ef0e4-AppendLogResponseHandler: received a reply a99a18fa-a15b-4cd6-a5fd-78034dfd05b4<-34efc206-1f67-4a18-aa05-bd0f2a1ef0e4#4:OK,SUCCESS,nextIndex:1,term:2,followerCommit:0, request=AppendEntriesRequest:cid=4,entriesCount=0,lastEntry=null
2020-06-27 08:28:08,971 [grpc-default-executor-4] DEBUG server.GrpcLogAppender (GrpcLogAppender.java:onNext(257)) - a99a18fa-a15b-4cd6-a5fd-78034dfd05b4@group-EDAE14BFB10F->7f53e279-916a-4fed-90de-23e9c25f9e31-AppendLogResponseHandler: received a reply a99a18fa-a15b-4cd6-a5fd-78034dfd05b4<-7f53e279-916a-4fed-90de-23e9c25f9e31#4:OK,SUCCESS,nextIndex:1,term:2,followerCommit:0, request=AppendEntriesRequest:cid=4,entriesCount=0,lastEntry=null
2020-06-27 08:28:09,370 [grpc-default-executor-4] DEBUG server.GrpcLogAppender (GrpcLogAppender.java:onNext(257)) - 34efc206-1f67-4a18-aa05-bd0f2a1ef0e4@group-11D1A0DB352F->a99a18fa-a15b-4cd6-a5fd-78034dfd05b4-AppendLogResponseHandler: received a reply 34efc206-1f67-4a18-aa05-bd0f2a1ef0e4<-a99a18fa-a15b-4cd6-a5fd-78034dfd05b4#6:OK,SUCCESS,nextIndex:1,term:1,followerCommit:0, request=AppendEntriesRequest:cid=6,entriesCount=0,lastEntry=null
2020-06-27 08:28:09,381 [grpc-default-executor-4] DEBUG server.GrpcLogAppender (GrpcLogAppender.java:onNext(257)) - 34efc206-1f67-4a18-aa05-bd0f2a1ef0e4@group-11D1A0DB352F->7f53e279-916a-4fed-90de-23e9c25f9e31-AppendLogResponseHandler: received a reply 34efc206-1f67-4a18-aa05-bd0f2a1ef0e4<-7f53e279-916a-4fed-90de-23e9c25f9e31#6:OK,SUCCESS,nextIndex:1,term:1,followerCommit:0, request=AppendEntriesRequest:cid=6,entriesCount=0,lastEntry=null
2020-06-27 08:28:09,502 [grpc-default-executor-4] DEBUG server.GrpcLogAppender (GrpcLogAppender.java:onNext(257)) - 7ac2bac4-ea14-4a92-ad00-7ecf8c69770d@group-4F5E8EC33368->21e928e7-b178-40d2-b19b-ea853389ee6e-AppendLogResponseHandler: received a reply 7ac2bac4-ea14-4a92-ad00-7ecf8c69770d<-21e928e7-b178-40d2-b19b-ea853389ee6e#9:OK,SUCCESS,nextIndex:5,term:1,followerCommit:4, request=AppendEntriesRequest:cid=9,entriesCount=0,lastEntry=null
2020-06-27 08:28:09,582 [grpc-default-executor-4] DEBUG server.GrpcLogAppender (GrpcLogAppender.java:onNext(257)) - 7ac2bac4-ea14-4a92-ad00-7ecf8c69770d@group-4F5E8EC33368->addd0e4b-8b83-4fcf-9561-846eae7ff551-AppendLogResponseHandler: received a reply 7ac2bac4-ea14-4a92-ad00-7ecf8c69770d<-addd0e4b-8b83-4fcf-9561-846eae7ff551#10:OK,SUCCESS,nextIndex:5,term:1,followerCommit:4, request=AppendEntriesRequest:cid=10,entriesCount=0,lastEntry=null
2020-06-27 08:28:09,807 [grpc-default-executor-4] DEBUG impl.RaftServerImpl (RaftServerImpl.java:submitClientRequestAsync(575)) - addd0e4b-8b83-4fcf-9561-846eae7ff551@group-4F5E8EC33368: receive client request(RaftClientRequest:client-08B5AFD2DA9D->addd0e4b-8b83-4fcf-9561-846eae7ff551@group-4F5E8EC33368, cid=25, seq=2*, RW, Message:00000069080c12001801...(size=209))
2020-06-27 08:28:09,821 [grpc-default-executor-4] DEBUG impl.RaftServerImpl (RaftServerImpl.java:submitClientRequestAsync(575)) - 7ac2bac4-ea14-4a92-ad00-7ecf8c69770d@group-4F5E8EC33368: receive client request(RaftClientRequest:client-08B5AFD2DA9D->7ac2bac4-ea14-4a92-ad00-7ecf8c69770d@group-4F5E8EC33368, cid=25, seq=2*, RW, Message:00000069080c12001801...(size=209))
2020-06-27 08:28:09,830 [grpc-default-executor-4] DEBUG impl.RaftServerImpl (RaftServerImpl.java:submitClientRequestAsync(575)) - 7ac2bac4-ea14-4a92-ad00-7ecf8c69770d@group-4F5E8EC33368: receive client request(RaftClientRequest:client-08B5AFD2DA9D->7ac2bac4-ea14-4a92-ad00-7ecf8c69770d@group-4F5E8EC33368, cid=26, seq=3, RW, Message:00000069080c12001801...(size=209))
08:28:09.831 [grpc-default-executor-4] ERROR DNAudit - user=null | ip=null | op=WRITE_CHUNK {blockData=conID: 1 locID: 104415001117130752 bcsId: 0} | ret=FAILURE
org.apache.hadoop.hdds.scm.container.common.helpers.ContainerNotOpenException: Container 1 in CLOSED state
	at org.apache.hadoop.ozone.container.common.impl.HddsDispatcher.validateContainerCommand(HddsDispatcher.java:479) ~[hadoop-hdds-container-service-0.6.0-SNAPSHOT.jar:?]
	at org.apache.hadoop.ozone.container.common.transport.server.ratis.ContainerStateMachine.startTransaction(ContainerStateMachine.java:320) ~[hadoop-hdds-container-service-0.6.0-SNAPSHOT.jar:?]
	at org.apache.ratis.server.impl.RaftServerImpl.submitClientRequestAsync(RaftServerImpl.java:623) ~[ratis-server-0.6.0-6ab75ae-SNAPSHOT.jar:0.6.0-6ab75ae-SNAPSHOT]
	at org.apache.ratis.server.impl.RaftServerProxy.lambda$submitClientRequestAsync$7(RaftServerProxy.java:338) ~[ratis-server-0.6.0-6ab75ae-SNAPSHOT.jar:0.6.0-6ab75ae-SNAPSHOT]
	at org.apache.ratis.server.impl.RaftServerProxy.lambda$null$5(RaftServerProxy.java:333) ~[ratis-server-0.6.0-6ab75ae-SNAPSHOT.jar:0.6.0-6ab75ae-SNAPSHOT]
	at org.apache.ratis.util.JavaUtils.callAsUnchecked(JavaUtils.java:109) ~[ratis-common-0.6.0-6ab75ae-SNAPSHOT.jar:0.6.0-6ab75ae-SNAPSHOT]
	at org.apache.ratis.server.impl.RaftServerProxy.lambda$submitRequest$6(RaftServerProxy.java:333) ~[ratis-server-0.6.0-6ab75ae-SNAPSHOT.jar:0.6.0-6ab75ae-SNAPSHOT]
	at java.util.concurrent.CompletableFuture.uniComposeStage(CompletableFuture.java:995) ~[?:1.8.0_232]
	at java.util.concurrent.CompletableFuture.thenCompose(CompletableFuture.java:2137) ~[?:1.8.0_232]
	at org.apache.ratis.server.impl.RaftServerProxy.submitRequest(RaftServerProxy.java:332) ~[ratis-server-0.6.0-6ab75ae-SNAPSHOT.jar:0.6.0-6ab75ae-SNAPSHOT]
	at org.apache.ratis.server.impl.RaftServerProxy.submitClientRequestAsync(RaftServerProxy.java:338) ~[ratis-server-0.6.0-6ab75ae-SNAPSHOT.jar:0.6.0-6ab75ae-SNAPSHOT]
	at org.apache.ratis.grpc.client.GrpcClientProtocolService$RequestStreamObserver.processClientRequest(GrpcClientProtocolService.java:225) ~[ratis-grpc-0.6.0-6ab75ae-SNAPSHOT.jar:0.6.0-6ab75ae-SNAPSHOT]
	at org.apache.ratis.grpc.client.GrpcClientProtocolService$OrderedRequestStreamObserver.processClientRequest(GrpcClientProtocolService.java:331) ~[ratis-grpc-0.6.0-6ab75ae-SNAPSHOT.jar:0.6.0-6ab75ae-SNAPSHOT]
	at org.apache.ratis.util.SlidingWindow$Server.processRequestsFromHead(SlidingWindow.java:429) [ratis-common-0.6.0-6ab75ae-SNAPSHOT.jar:0.6.0-6ab75ae-SNAPSHOT]
	at org.apache.ratis.util.SlidingWindow$Server.receivedRequest(SlidingWindow.java:421) [ratis-common-0.6.0-6ab75ae-SNAPSHOT.jar:0.6.0-6ab75ae-SNAPSHOT]
	at org.apache.ratis.grpc.client.GrpcClientProtocolService$OrderedRequestStreamObserver.processClientRequest(GrpcClientProtocolService.java:355) [ratis-grpc-0.6.0-6ab75ae-SNAPSHOT.jar:0.6.0-6ab75ae-SNAPSHOT]
	at org.apache.ratis.grpc.client.GrpcClientProtocolService$RequestStreamObserver.onNext(GrpcClientProtocolService.java:245) [ratis-grpc-0.6.0-6ab75ae-SNAPSHOT.jar:0.6.0-6ab75ae-SNAPSHOT]
	at org.apache.ratis.grpc.client.GrpcClientProtocolService$RequestStreamObserver.onNext(GrpcClientProtocolService.java:168) [ratis-grpc-0.6.0-6ab75ae-SNAPSHOT.jar:0.6.0-6ab75ae-SNAPSHOT]
	at org.apache.ratis.thirdparty.io.grpc.stub.ServerCalls$StreamingServerCallHandler$StreamingServerCallListener.onMessage(ServerCalls.java:251) [ratis-thirdparty-misc-0.4.0.jar:0.4.0]
	at org.apache.ratis.thirdparty.io.grpc.internal.ServerCallImpl$ServerStreamListenerImpl.messagesAvailableInternal(ServerCallImpl.java:309) [ratis-thirdparty-misc-0.4.0.jar:0.4.0]
	at org.apache.ratis.thirdparty.io.grpc.internal.ServerCallImpl$ServerStreamListenerImpl.messagesAvailable(ServerCallImpl.java:292) [ratis-thirdparty-misc-0.4.0.jar:0.4.0]
	at org.apache.ratis.thirdparty.io.grpc.internal.ServerImpl$JumpToApplicationThreadServerStreamListener$1MessagesAvailable.runInContext(ServerImpl.java:782) [ratis-thirdparty-misc-0.4.0.jar:0.4.0]
	at org.apache.ratis.thirdparty.io.grpc.internal.ContextRunnable.run(ContextRunnable.java:37) [ratis-thirdparty-misc-0.4.0.jar:0.4.0]
	at org.apache.ratis.thirdparty.io.grpc.internal.SerializingExecutor.run(SerializingExecutor.java:123) [ratis-thirdparty-misc-0.4.0.jar:0.4.0]
	at java.util.concurrent.ThreadPoolExecutor.runWorker(ThreadPoolExecutor.java:1149) [?:1.8.0_232]
	at java.util.concurrent.ThreadPoolExecutor$Worker.run(ThreadPoolExecutor.java:624) [?:1.8.0_232]
	at java.lang.Thread.run(Thread.java:748) [?:1.8.0_232]
2020-06-27 08:28:09,834 [grpc-default-executor-4] DEBUG impl.RaftServerImpl (RaftServerImpl.java:submitClientRequestAsync(575)) - 7ac2bac4-ea14-4a92-ad00-7ecf8c69770d@group-4F5E8EC33368: receive client request(RaftClientRequest:client-08B5AFD2DA9D->7ac2bac4-ea14-4a92-ad00-7ecf8c69770d@group-4F5E8EC33368, cid=27, seq=4, RW, Message:000000a3080612001801...(size=167))
08:28:09.836 [grpc-default-executor-4] ERROR DNAudit - user=null | ip=null | op=PUT_BLOCK {blockData=[blockId=conID: 1 locID: 104415001117130752 bcsId: 0,size=200]} | ret=FAILURE
org.apache.hadoop.hdds.scm.container.common.helpers.ContainerNotOpenException: Container 1 in CLOSED state
	at org.apache.hadoop.ozone.container.common.impl.HddsDispatcher.validateContainerCommand(HddsDispatcher.java:479) ~[hadoop-hdds-container-service-0.6.0-SNAPSHOT.jar:?]
	at org.apache.hadoop.ozone.container.common.transport.server.ratis.ContainerStateMachine.startTransaction(ContainerStateMachine.java:320) ~[hadoop-hdds-container-service-0.6.0-SNAPSHOT.jar:?]
	at org.apache.ratis.server.impl.RaftServerImpl.submitClientRequestAsync(RaftServerImpl.java:623) ~[ratis-server-0.6.0-6ab75ae-SNAPSHOT.jar:0.6.0-6ab75ae-SNAPSHOT]
	at org.apache.ratis.server.impl.RaftServerProxy.lambda$submitClientRequestAsync$7(RaftServerProxy.java:338) ~[ratis-server-0.6.0-6ab75ae-SNAPSHOT.jar:0.6.0-6ab75ae-SNAPSHOT]
	at org.apache.ratis.server.impl.RaftServerProxy.lambda$null$5(RaftServerProxy.java:333) ~[ratis-server-0.6.0-6ab75ae-SNAPSHOT.jar:0.6.0-6ab75ae-SNAPSHOT]
	at org.apache.ratis.util.JavaUtils.callAsUnchecked(JavaUtils.java:109) ~[ratis-common-0.6.0-6ab75ae-SNAPSHOT.jar:0.6.0-6ab75ae-SNAPSHOT]
	at org.apache.ratis.server.impl.RaftServerProxy.lambda$submitRequest$6(RaftServerProxy.java:333) ~[ratis-server-0.6.0-6ab75ae-SNAPSHOT.jar:0.6.0-6ab75ae-SNAPSHOT]
	at java.util.concurrent.CompletableFuture.uniComposeStage(CompletableFuture.java:995) ~[?:1.8.0_232]
	at java.util.concurrent.CompletableFuture.thenCompose(CompletableFuture.java:2137) ~[?:1.8.0_232]
	at org.apache.ratis.server.impl.RaftServerProxy.submitRequest(RaftServerProxy.java:332) ~[ratis-server-0.6.0-6ab75ae-SNAPSHOT.jar:0.6.0-6ab75ae-SNAPSHOT]
	at org.apache.ratis.server.impl.RaftServerProxy.submitClientRequestAsync(RaftServerProxy.java:338) ~[ratis-server-0.6.0-6ab75ae-SNAPSHOT.jar:0.6.0-6ab75ae-SNAPSHOT]
	at org.apache.ratis.grpc.client.GrpcClientProtocolService$RequestStreamObserver.processClientRequest(GrpcClientProtocolService.java:225) ~[ratis-grpc-0.6.0-6ab75ae-SNAPSHOT.jar:0.6.0-6ab75ae-SNAPSHOT]
	at org.apache.ratis.grpc.client.GrpcClientProtocolService$OrderedRequestStreamObserver.processClientRequest(GrpcClientProtocolService.java:331) ~[ratis-grpc-0.6.0-6ab75ae-SNAPSHOT.jar:0.6.0-6ab75ae-SNAPSHOT]
	at org.apache.ratis.util.SlidingWindow$Server.processRequestsFromHead(SlidingWindow.java:429) [ratis-common-0.6.0-6ab75ae-SNAPSHOT.jar:0.6.0-6ab75ae-SNAPSHOT]
	at org.apache.ratis.util.SlidingWindow$Server.receivedRequest(SlidingWindow.java:421) [ratis-common-0.6.0-6ab75ae-SNAPSHOT.jar:0.6.0-6ab75ae-SNAPSHOT]
	at org.apache.ratis.grpc.client.GrpcClientProtocolService$OrderedRequestStreamObserver.processClientRequest(GrpcClientProtocolService.java:355) [ratis-grpc-0.6.0-6ab75ae-SNAPSHOT.jar:0.6.0-6ab75ae-SNAPSHOT]
	at org.apache.ratis.grpc.client.GrpcClientProtocolService$RequestStreamObserver.onNext(GrpcClientProtocolService.java:245) [ratis-grpc-0.6.0-6ab75ae-SNAPSHOT.jar:0.6.0-6ab75ae-SNAPSHOT]
	at org.apache.ratis.grpc.client.GrpcClientProtocolService$RequestStreamObserver.onNext(GrpcClientProtocolService.java:168) [ratis-grpc-0.6.0-6ab75ae-SNAPSHOT.jar:0.6.0-6ab75ae-SNAPSHOT]
	at org.apache.ratis.thirdparty.io.grpc.stub.ServerCalls$StreamingServerCallHandler$StreamingServerCallListener.onMessage(ServerCalls.java:251) [ratis-thirdparty-misc-0.4.0.jar:0.4.0]
	at org.apache.ratis.thirdparty.io.grpc.internal.ServerCallImpl$ServerStreamListenerImpl.messagesAvailableInternal(ServerCallImpl.java:309) [ratis-thirdparty-misc-0.4.0.jar:0.4.0]
	at org.apache.ratis.thirdparty.io.grpc.internal.ServerCallImpl$ServerStreamListenerImpl.messagesAvailable(ServerCallImpl.java:292) [ratis-thirdparty-misc-0.4.0.jar:0.4.0]
	at org.apache.ratis.thirdparty.io.grpc.internal.ServerImpl$JumpToApplicationThreadServerStreamListener$1MessagesAvailable.runInContext(ServerImpl.java:782) [ratis-thirdparty-misc-0.4.0.jar:0.4.0]
	at org.apache.ratis.thirdparty.io.grpc.internal.ContextRunnable.run(ContextRunnable.java:37) [ratis-thirdparty-misc-0.4.0.jar:0.4.0]
	at org.apache.ratis.thirdparty.io.grpc.internal.SerializingExecutor.run(SerializingExecutor.java:123) [ratis-thirdparty-misc-0.4.0.jar:0.4.0]
	at java.util.concurrent.ThreadPoolExecutor.runWorker(ThreadPoolExecutor.java:1149) [?:1.8.0_232]
	at java.util.concurrent.ThreadPoolExecutor$Worker.run(ThreadPoolExecutor.java:624) [?:1.8.0_232]
	at java.lang.Thread.run(Thread.java:748) [?:1.8.0_232]
2020-06-27 08:28:09,846 [grpc-default-executor-4] DEBUG impl.RaftServerImpl (RaftServerImpl.java:submitClientRequestAsync(575)) - 7ac2bac4-ea14-4a92-ad00-7ecf8c69770d@group-4F5E8EC33368: receive client request(RaftClientRequest:client-08B5AFD2DA9D->7ac2bac4-ea14-4a92-ad00-7ecf8c69770d@group-4F5E8EC33368, cid=28, seq=5, RW, Message:0000006a080c12001801...(size=210))
08:28:09.846 [grpc-default-executor-4] ERROR DNAudit - user=null | ip=null | op=WRITE_CHUNK {blockData=conID: 1 locID: 104415001117130752 bcsId: 0} | ret=FAILURE
org.apache.hadoop.hdds.scm.container.common.helpers.ContainerNotOpenException: Container 1 in CLOSED state
	at org.apache.hadoop.ozone.container.common.impl.HddsDispatcher.validateContainerCommand(HddsDispatcher.java:479) ~[hadoop-hdds-container-service-0.6.0-SNAPSHOT.jar:?]
	at org.apache.hadoop.ozone.container.common.transport.server.ratis.ContainerStateMachine.startTransaction(ContainerStateMachine.java:320) ~[hadoop-hdds-container-service-0.6.0-SNAPSHOT.jar:?]
	at org.apache.ratis.server.impl.RaftServerImpl.submitClientRequestAsync(RaftServerImpl.java:623) ~[ratis-server-0.6.0-6ab75ae-SNAPSHOT.jar:0.6.0-6ab75ae-SNAPSHOT]
	at org.apache.ratis.server.impl.RaftServerProxy.lambda$submitClientRequestAsync$7(RaftServerProxy.java:338) ~[ratis-server-0.6.0-6ab75ae-SNAPSHOT.jar:0.6.0-6ab75ae-SNAPSHOT]
	at org.apache.ratis.server.impl.RaftServerProxy.lambda$null$5(RaftServerProxy.java:333) ~[ratis-server-0.6.0-6ab75ae-SNAPSHOT.jar:0.6.0-6ab75ae-SNAPSHOT]
	at org.apache.ratis.util.JavaUtils.callAsUnchecked(JavaUtils.java:109) ~[ratis-common-0.6.0-6ab75ae-SNAPSHOT.jar:0.6.0-6ab75ae-SNAPSHOT]
	at org.apache.ratis.server.impl.RaftServerProxy.lambda$submitRequest$6(RaftServerProxy.java:333) ~[ratis-server-0.6.0-6ab75ae-SNAPSHOT.jar:0.6.0-6ab75ae-SNAPSHOT]
	at java.util.concurrent.CompletableFuture.uniComposeStage(CompletableFuture.java:995) ~[?:1.8.0_232]
	at java.util.concurrent.CompletableFuture.thenCompose(CompletableFuture.java:2137) ~[?:1.8.0_232]
	at org.apache.ratis.server.impl.RaftServerProxy.submitRequest(RaftServerProxy.java:332) ~[ratis-server-0.6.0-6ab75ae-SNAPSHOT.jar:0.6.0-6ab75ae-SNAPSHOT]
	at org.apache.ratis.server.impl.RaftServerProxy.submitClientRequestAsync(RaftServerProxy.java:338) ~[ratis-server-0.6.0-6ab75ae-SNAPSHOT.jar:0.6.0-6ab75ae-SNAPSHOT]
	at org.apache.ratis.grpc.client.GrpcClientProtocolService$RequestStreamObserver.processClientRequest(GrpcClientProtocolService.java:225) ~[ratis-grpc-0.6.0-6ab75ae-SNAPSHOT.jar:0.6.0-6ab75ae-SNAPSHOT]
	at org.apache.ratis.grpc.client.GrpcClientProtocolService$OrderedRequestStreamObserver.processClientRequest(GrpcClientProtocolService.java:331) ~[ratis-grpc-0.6.0-6ab75ae-SNAPSHOT.jar:0.6.0-6ab75ae-SNAPSHOT]
	at org.apache.ratis.util.SlidingWindow$Server.processRequestsFromHead(SlidingWindow.java:429) [ratis-common-0.6.0-6ab75ae-SNAPSHOT.jar:0.6.0-6ab75ae-SNAPSHOT]
	at org.apache.ratis.util.SlidingWindow$Server.receivedRequest(SlidingWindow.java:421) [ratis-common-0.6.0-6ab75ae-SNAPSHOT.jar:0.6.0-6ab75ae-SNAPSHOT]
	at org.apache.ratis.grpc.client.GrpcClientProtocolService$OrderedRequestStreamObserver.processClientRequest(GrpcClientProtocolService.java:355) [ratis-grpc-0.6.0-6ab75ae-SNAPSHOT.jar:0.6.0-6ab75ae-SNAPSHOT]
	at org.apache.ratis.grpc.client.GrpcClientProtocolService$RequestStreamObserver.onNext(GrpcClientProtocolService.java:245) [ratis-grpc-0.6.0-6ab75ae-SNAPSHOT.jar:0.6.0-6ab75ae-SNAPSHOT]
	at org.apache.ratis.grpc.client.GrpcClientProtocolService$RequestStreamObserver.onNext(GrpcClientProtocolService.java:168) [ratis-grpc-0.6.0-6ab75ae-SNAPSHOT.jar:0.6.0-6ab75ae-SNAPSHOT]
	at org.apache.ratis.thirdparty.io.grpc.stub.ServerCalls$StreamingServerCallHandler$StreamingServerCallListener.onMessage(ServerCalls.java:251) [ratis-thirdparty-misc-0.4.0.jar:0.4.0]
	at org.apache.ratis.thirdparty.io.grpc.internal.ServerCallImpl$ServerStreamListenerImpl.messagesAvailableInternal(ServerCallImpl.java:309) [ratis-thirdparty-misc-0.4.0.jar:0.4.0]
	at org.apache.ratis.thirdparty.io.grpc.internal.ServerCallImpl$ServerStreamListenerImpl.messagesAvailable(ServerCallImpl.java:292) [ratis-thirdparty-misc-0.4.0.jar:0.4.0]
	at org.apache.ratis.thirdparty.io.grpc.internal.ServerImpl$JumpToApplicationThreadServerStreamListener$1MessagesAvailable.runInContext(ServerImpl.java:782) [ratis-thirdparty-misc-0.4.0.jar:0.4.0]
	at org.apache.ratis.thirdparty.io.grpc.internal.ContextRunnable.run(ContextRunnable.java:37) [ratis-thirdparty-misc-0.4.0.jar:0.4.0]
	at org.apache.ratis.thirdparty.io.grpc.internal.SerializingExecutor.run(SerializingExecutor.java:123) [ratis-thirdparty-misc-0.4.0.jar:0.4.0]
	at java.util.concurrent.ThreadPoolExecutor.runWorker(ThreadPoolExecutor.java:1149) [?:1.8.0_232]
	at java.util.concurrent.ThreadPoolExecutor$Worker.run(ThreadPoolExecutor.java:624) [?:1.8.0_232]
	at java.lang.Thread.run(Thread.java:748) [?:1.8.0_232]
2020-06-27 08:28:09,848 [grpc-default-executor-4] DEBUG impl.RaftServerImpl (RaftServerImpl.java:submitClientRequestAsync(575)) - 7ac2bac4-ea14-4a92-ad00-7ecf8c69770d@group-4F5E8EC33368: receive client request(RaftClientRequest:client-08B5AFD2DA9D->7ac2bac4-ea14-4a92-ad00-7ecf8c69770d@group-4F5E8EC33368, cid=29, seq=6, RW, Message:0000006a080c12001801...(size=210))
08:28:09.848 [grpc-default-executor-4] ERROR DNAudit - user=null | ip=null | op=WRITE_CHUNK {blockData=conID: 1 locID: 104415001117130752 bcsId: 0} | ret=FAILURE
org.apache.hadoop.hdds.scm.container.common.helpers.ContainerNotOpenException: Container 1 in CLOSED state
	at org.apache.hadoop.ozone.container.common.impl.HddsDispatcher.validateContainerCommand(HddsDispatcher.java:479) ~[hadoop-hdds-container-service-0.6.0-SNAPSHOT.jar:?]
	at org.apache.hadoop.ozone.container.common.transport.server.ratis.ContainerStateMachine.startTransaction(ContainerStateMachine.java:320) ~[hadoop-hdds-container-service-0.6.0-SNAPSHOT.jar:?]
	at org.apache.ratis.server.impl.RaftServerImpl.submitClientRequestAsync(RaftServerImpl.java:623) ~[ratis-server-0.6.0-6ab75ae-SNAPSHOT.jar:0.6.0-6ab75ae-SNAPSHOT]
	at org.apache.ratis.server.impl.RaftServerProxy.lambda$submitClientRequestAsync$7(RaftServerProxy.java:338) ~[ratis-server-0.6.0-6ab75ae-SNAPSHOT.jar:0.6.0-6ab75ae-SNAPSHOT]
	at org.apache.ratis.server.impl.RaftServerProxy.lambda$null$5(RaftServerProxy.java:333) ~[ratis-server-0.6.0-6ab75ae-SNAPSHOT.jar:0.6.0-6ab75ae-SNAPSHOT]
	at org.apache.ratis.util.JavaUtils.callAsUnchecked(JavaUtils.java:109) ~[ratis-common-0.6.0-6ab75ae-SNAPSHOT.jar:0.6.0-6ab75ae-SNAPSHOT]
	at org.apache.ratis.server.impl.RaftServerProxy.lambda$submitRequest$6(RaftServerProxy.java:333) ~[ratis-server-0.6.0-6ab75ae-SNAPSHOT.jar:0.6.0-6ab75ae-SNAPSHOT]
	at java.util.concurrent.CompletableFuture.uniComposeStage(CompletableFuture.java:995) ~[?:1.8.0_232]
	at java.util.concurrent.CompletableFuture.thenCompose(CompletableFuture.java:2137) ~[?:1.8.0_232]
	at org.apache.ratis.server.impl.RaftServerProxy.submitRequest(RaftServerProxy.java:332) ~[ratis-server-0.6.0-6ab75ae-SNAPSHOT.jar:0.6.0-6ab75ae-SNAPSHOT]
	at org.apache.ratis.server.impl.RaftServerProxy.submitClientRequestAsync(RaftServerProxy.java:338) ~[ratis-server-0.6.0-6ab75ae-SNAPSHOT.jar:0.6.0-6ab75ae-SNAPSHOT]
	at org.apache.ratis.grpc.client.GrpcClientProtocolService$RequestStreamObserver.processClientRequest(GrpcClientProtocolService.java:225) ~[ratis-grpc-0.6.0-6ab75ae-SNAPSHOT.jar:0.6.0-6ab75ae-SNAPSHOT]
	at org.apache.ratis.grpc.client.GrpcClientProtocolService$OrderedRequestStreamObserver.processClientRequest(GrpcClientProtocolService.java:331) ~[ratis-grpc-0.6.0-6ab75ae-SNAPSHOT.jar:0.6.0-6ab75ae-SNAPSHOT]
	at org.apache.ratis.util.SlidingWindow$Server.processRequestsFromHead(SlidingWindow.java:429) [ratis-common-0.6.0-6ab75ae-SNAPSHOT.jar:0.6.0-6ab75ae-SNAPSHOT]
	at org.apache.ratis.util.SlidingWindow$Server.receivedRequest(SlidingWindow.java:421) [ratis-common-0.6.0-6ab75ae-SNAPSHOT.jar:0.6.0-6ab75ae-SNAPSHOT]
	at org.apache.ratis.grpc.client.GrpcClientProtocolService$OrderedRequestStreamObserver.processClientRequest(GrpcClientProtocolService.java:355) [ratis-grpc-0.6.0-6ab75ae-SNAPSHOT.jar:0.6.0-6ab75ae-SNAPSHOT]
	at org.apache.ratis.grpc.client.GrpcClientProtocolService$RequestStreamObserver.onNext(GrpcClientProtocolService.java:245) [ratis-grpc-0.6.0-6ab75ae-SNAPSHOT.jar:0.6.0-6ab75ae-SNAPSHOT]
	at org.apache.ratis.grpc.client.GrpcClientProtocolService$RequestStreamObserver.onNext(GrpcClientProtocolService.java:168) [ratis-grpc-0.6.0-6ab75ae-SNAPSHOT.jar:0.6.0-6ab75ae-SNAPSHOT]
	at org.apache.ratis.thirdparty.io.grpc.stub.ServerCalls$StreamingServerCallHandler$StreamingServerCallListener.onMessage(ServerCalls.java:251) [ratis-thirdparty-misc-0.4.0.jar:0.4.0]
	at org.apache.ratis.thirdparty.io.grpc.internal.ServerCallImpl$ServerStreamListenerImpl.messagesAvailableInternal(ServerCallImpl.java:309) [ratis-thirdparty-misc-0.4.0.jar:0.4.0]
	at org.apache.ratis.thirdparty.io.grpc.internal.ServerCallImpl$ServerStreamListenerImpl.messagesAvailable(ServerCallImpl.java:292) [ratis-thirdparty-misc-0.4.0.jar:0.4.0]
	at org.apache.ratis.thirdparty.io.grpc.internal.ServerImpl$JumpToApplicationThreadServerStreamListener$1MessagesAvailable.runInContext(ServerImpl.java:782) [ratis-thirdparty-misc-0.4.0.jar:0.4.0]
	at org.apache.ratis.thirdparty.io.grpc.internal.ContextRunnable.run(ContextRunnable.java:37) [ratis-thirdparty-misc-0.4.0.jar:0.4.0]
	at org.apache.ratis.thirdparty.io.grpc.internal.SerializingExecutor.run(SerializingExecutor.java:123) [ratis-thirdparty-misc-0.4.0.jar:0.4.0]
	at java.util.concurrent.ThreadPoolExecutor.runWorker(ThreadPoolExecutor.java:1149) [?:1.8.0_232]
	at java.util.concurrent.ThreadPoolExecutor$Worker.run(ThreadPoolExecutor.java:624) [?:1.8.0_232]
	at java.lang.Thread.run(Thread.java:748) [?:1.8.0_232]
2020-06-27 08:28:09,851 [grpc-default-executor-4] DEBUG impl.RaftServerImpl (RaftServerImpl.java:submitClientRequestAsync(575)) - 7ac2bac4-ea14-4a92-ad00-7ecf8c69770d@group-4F5E8EC33368: receive client request(RaftClientRequest:client-08B5AFD2DA9D->7ac2bac4-ea14-4a92-ad00-7ecf8c69770d@group-4F5E8EC33368, cid=30, seq=7, RW, Message:000000fb080612001801...(size=255))
08:28:09.851 [grpc-default-executor-4] ERROR DNAudit - user=null | ip=null | op=PUT_BLOCK {blockData=[blockId=conID: 1 locID: 104415001117130752 bcsId: 0,size=400]} | ret=FAILURE
org.apache.hadoop.hdds.scm.container.common.helpers.ContainerNotOpenException: Container 1 in CLOSED state
	at org.apache.hadoop.ozone.container.common.impl.HddsDispatcher.validateContainerCommand(HddsDispatcher.java:479) ~[hadoop-hdds-container-service-0.6.0-SNAPSHOT.jar:?]
	at org.apache.hadoop.ozone.container.common.transport.server.ratis.ContainerStateMachine.startTransaction(ContainerStateMachine.java:320) ~[hadoop-hdds-container-service-0.6.0-SNAPSHOT.jar:?]
	at org.apache.ratis.server.impl.RaftServerImpl.submitClientRequestAsync(RaftServerImpl.java:623) ~[ratis-server-0.6.0-6ab75ae-SNAPSHOT.jar:0.6.0-6ab75ae-SNAPSHOT]
	at org.apache.ratis.server.impl.RaftServerProxy.lambda$submitClientRequestAsync$7(RaftServerProxy.java:338) ~[ratis-server-0.6.0-6ab75ae-SNAPSHOT.jar:0.6.0-6ab75ae-SNAPSHOT]
	at org.apache.ratis.server.impl.RaftServerProxy.lambda$null$5(RaftServerProxy.java:333) ~[ratis-server-0.6.0-6ab75ae-SNAPSHOT.jar:0.6.0-6ab75ae-SNAPSHOT]
	at org.apache.ratis.util.JavaUtils.callAsUnchecked(JavaUtils.java:109) ~[ratis-common-0.6.0-6ab75ae-SNAPSHOT.jar:0.6.0-6ab75ae-SNAPSHOT]
	at org.apache.ratis.server.impl.RaftServerProxy.lambda$submitRequest$6(RaftServerProxy.java:333) ~[ratis-server-0.6.0-6ab75ae-SNAPSHOT.jar:0.6.0-6ab75ae-SNAPSHOT]
	at java.util.concurrent.CompletableFuture.uniComposeStage(CompletableFuture.java:995) ~[?:1.8.0_232]
	at java.util.concurrent.CompletableFuture.thenCompose(CompletableFuture.java:2137) ~[?:1.8.0_232]
	at org.apache.ratis.server.impl.RaftServerProxy.submitRequest(RaftServerProxy.java:332) ~[ratis-server-0.6.0-6ab75ae-SNAPSHOT.jar:0.6.0-6ab75ae-SNAPSHOT]
	at org.apache.ratis.server.impl.RaftServerProxy.submitClientRequestAsync(RaftServerProxy.java:338) ~[ratis-server-0.6.0-6ab75ae-SNAPSHOT.jar:0.6.0-6ab75ae-SNAPSHOT]
	at org.apache.ratis.grpc.client.GrpcClientProtocolService$RequestStreamObserver.processClientRequest(GrpcClientProtocolService.java:225) ~[ratis-grpc-0.6.0-6ab75ae-SNAPSHOT.jar:0.6.0-6ab75ae-SNAPSHOT]
	at org.apache.ratis.grpc.client.GrpcClientProtocolService$OrderedRequestStreamObserver.processClientRequest(GrpcClientProtocolService.java:331) ~[ratis-grpc-0.6.0-6ab75ae-SNAPSHOT.jar:0.6.0-6ab75ae-SNAPSHOT]
	at org.apache.ratis.util.SlidingWindow$Server.processRequestsFromHead(SlidingWindow.java:429) [ratis-common-0.6.0-6ab75ae-SNAPSHOT.jar:0.6.0-6ab75ae-SNAPSHOT]
	at org.apache.ratis.util.SlidingWindow$Server.receivedRequest(SlidingWindow.java:421) [ratis-common-0.6.0-6ab75ae-SNAPSHOT.jar:0.6.0-6ab75ae-SNAPSHOT]
	at org.apache.ratis.grpc.client.GrpcClientProtocolService$OrderedRequestStreamObserver.processClientRequest(GrpcClientProtocolService.java:355) [ratis-grpc-0.6.0-6ab75ae-SNAPSHOT.jar:0.6.0-6ab75ae-SNAPSHOT]
	at org.apache.ratis.grpc.client.GrpcClientProtocolService$RequestStreamObserver.onNext(GrpcClientProtocolService.java:245) [ratis-grpc-0.6.0-6ab75ae-SNAPSHOT.jar:0.6.0-6ab75ae-SNAPSHOT]
	at org.apache.ratis.grpc.client.GrpcClientProtocolService$RequestStreamObserver.onNext(GrpcClientProtocolService.java:168) [ratis-grpc-0.6.0-6ab75ae-SNAPSHOT.jar:0.6.0-6ab75ae-SNAPSHOT]
	at org.apache.ratis.thirdparty.io.grpc.stub.ServerCalls$StreamingServerCallHandler$StreamingServerCallListener.onMessage(ServerCalls.java:251) [ratis-thirdparty-misc-0.4.0.jar:0.4.0]
	at org.apache.ratis.thirdparty.io.grpc.internal.ServerCallImpl$ServerStreamListenerImpl.messagesAvailableInternal(ServerCallImpl.java:309) [ratis-thirdparty-misc-0.4.0.jar:0.4.0]
	at org.apache.ratis.thirdparty.io.grpc.internal.ServerCallImpl$ServerStreamListenerImpl.messagesAvailable(ServerCallImpl.java:292) [ratis-thirdparty-misc-0.4.0.jar:0.4.0]
	at org.apache.ratis.thirdparty.io.grpc.internal.ServerImpl$JumpToApplicationThreadServerStreamListener$1MessagesAvailable.runInContext(ServerImpl.java:782) [ratis-thirdparty-misc-0.4.0.jar:0.4.0]
	at org.apache.ratis.thirdparty.io.grpc.internal.ContextRunnable.run(ContextRunnable.java:37) [ratis-thirdparty-misc-0.4.0.jar:0.4.0]
	at org.apache.ratis.thirdparty.io.grpc.internal.SerializingExecutor.run(SerializingExecutor.java:123) [ratis-thirdparty-misc-0.4.0.jar:0.4.0]
	at java.util.concurrent.ThreadPoolExecutor.runWorker(ThreadPoolExecutor.java:1149) [?:1.8.0_232]
	at java.util.concurrent.ThreadPoolExecutor$Worker.run(ThreadPoolExecutor.java:624) [?:1.8.0_232]
	at java.lang.Thread.run(Thread.java:748) [?:1.8.0_232]
2020-06-27 08:28:09,878 [Listener at 127.0.0.1/46381] INFO  io.BlockOutputStreamEntryPool (BlockOutputStreamEntryPool.java:allocateNewBlock(284)) - Allocating block with ExcludeList {datanodes = [], containerIds = [#1], pipelineIds = []}
2020-06-27 08:28:09,907 [grpc-default-executor-4] DEBUG impl.RaftServerImpl (RaftServerImpl.java:submitClientRequestAsync(575)) - a99a18fa-a15b-4cd6-a5fd-78034dfd05b4@group-EDAE14BFB10F: receive client request(RaftClientRequest:client-76C3E27EF3B2->a99a18fa-a15b-4cd6-a5fd-78034dfd05b4@group-EDAE14BFB10F, cid=31, seq=1*, Watch(0), Message:<EMPTY>)
2020-06-27 08:28:09,907 [grpc-default-executor-4] DEBUG impl.RaftServerImpl (LeaderState.java:addWatchReqeust(353)) - a99a18fa-a15b-4cd6-a5fd-78034dfd05b4@group-EDAE14BFB10F-LeaderState: addWatchRequest RaftClientRequest:client-76C3E27EF3B2->a99a18fa-a15b-4cd6-a5fd-78034dfd05b4@group-EDAE14BFB10F, cid=31, seq=1*, Watch(0), Message:<EMPTY>
2020-06-27 08:28:09,913 [grpc-default-executor-5] DEBUG impl.RaftServerImpl (RaftServerImpl.java:submitClientRequestAsync(575)) - a99a18fa-a15b-4cd6-a5fd-78034dfd05b4@group-EDAE14BFB10F: receive client request(RaftClientRequest:client-76C3E27EF3B2->a99a18fa-a15b-4cd6-a5fd-78034dfd05b4@group-EDAE14BFB10F, cid=32, seq=2, RW, Message:00000069080c12001802...(size=209))
2020-06-27 08:28:09,914 [grpc-default-executor-5] DEBUG impl.RaftServerImpl (LeaderState.java:addPendingRequest(335)) - a99a18fa-a15b-4cd6-a5fd-78034dfd05b4@group-EDAE14BFB10F-LeaderState: addPendingRequest at RaftClientRequest:client-76C3E27EF3B2->a99a18fa-a15b-4cd6-a5fd-78034dfd05b4@group-EDAE14BFB10F, cid=32, seq=2, RW, Message:00000069080c12001802...(size=209), entry=(t:2, i:1), STATEMACHINELOGENTRY, client-76C3E27EF3B2, cid=32
2020-06-27 08:28:09,916 [grpc-default-executor-4] DEBUG impl.RaftServerImpl (RaftServerImpl.java:logAppendEntries(928)) - 7f53e279-916a-4fed-90de-23e9c25f9e31@group-EDAE14BFB10F: receive appendEntries(a99a18fa-a15b-4cd6-a5fd-78034dfd05b4, 2, (t:2, i:0), 0, false, commits[a99a18fa-a15b-4cd6-a5fd-78034dfd05b4:c0, 7f53e279-916a-4fed-90de-23e9c25f9e31:c0, 34efc206-1f67-4a18-aa05-bd0f2a1ef0e4:c0], entries: (t:2, i:1), STATEMACHINELOGENTRY, client-76C3E27EF3B2, cid=32
2020-06-27 08:28:09,916 [grpc-default-executor-3] DEBUG impl.RaftServerImpl (RaftServerImpl.java:logAppendEntries(928)) - 34efc206-1f67-4a18-aa05-bd0f2a1ef0e4@group-EDAE14BFB10F: receive appendEntries(a99a18fa-a15b-4cd6-a5fd-78034dfd05b4, 2, (t:2, i:0), 0, false, commits[a99a18fa-a15b-4cd6-a5fd-78034dfd05b4:c0, 7f53e279-916a-4fed-90de-23e9c25f9e31:c0, 34efc206-1f67-4a18-aa05-bd0f2a1ef0e4:c0], entries: (t:2, i:1), STATEMACHINELOGENTRY, client-76C3E27EF3B2, cid=32
2020-06-27 08:28:09,919 [grpc-default-executor-5] DEBUG impl.RaftServerImpl (RaftServerImpl.java:submitClientRequestAsync(575)) - a99a18fa-a15b-4cd6-a5fd-78034dfd05b4@group-EDAE14BFB10F: receive client request(RaftClientRequest:client-76C3E27EF3B2->a99a18fa-a15b-4cd6-a5fd-78034dfd05b4@group-EDAE14BFB10F, cid=33, seq=3, RW, Message:00000069080c12001802...(size=209))
2020-06-27 08:28:09,920 [grpc-default-executor-5] DEBUG impl.RaftServerImpl (LeaderState.java:addPendingRequest(335)) - a99a18fa-a15b-4cd6-a5fd-78034dfd05b4@group-EDAE14BFB10F-LeaderState: addPendingRequest at RaftClientRequest:client-76C3E27EF3B2->a99a18fa-a15b-4cd6-a5fd-78034dfd05b4@group-EDAE14BFB10F, cid=33, seq=3, RW, Message:00000069080c12001802...(size=209), entry=(t:2, i:2), STATEMACHINELOGENTRY, client-76C3E27EF3B2, cid=33
2020-06-27 08:28:09,921 [grpc-default-executor-3] DEBUG impl.RaftServerImpl (RaftServerImpl.java:logAppendEntries(928)) - 7f53e279-916a-4fed-90de-23e9c25f9e31@group-EDAE14BFB10F: receive appendEntries(a99a18fa-a15b-4cd6-a5fd-78034dfd05b4, 2, (t:2, i:1), 0, false, commits[a99a18fa-a15b-4cd6-a5fd-78034dfd05b4:c0, 7f53e279-916a-4fed-90de-23e9c25f9e31:c0, 34efc206-1f67-4a18-aa05-bd0f2a1ef0e4:c0], entries: (t:2, i:2), STATEMACHINELOGENTRY, client-76C3E27EF3B2, cid=33
2020-06-27 08:28:09,924 [grpc-default-executor-3] DEBUG impl.RaftServerImpl (RaftServerImpl.java:logAppendEntries(928)) - 34efc206-1f67-4a18-aa05-bd0f2a1ef0e4@group-EDAE14BFB10F: receive appendEntries(a99a18fa-a15b-4cd6-a5fd-78034dfd05b4, 2, (t:2, i:1), 0, false, commits[a99a18fa-a15b-4cd6-a5fd-78034dfd05b4:c0, 7f53e279-916a-4fed-90de-23e9c25f9e31:c0, 34efc206-1f67-4a18-aa05-bd0f2a1ef0e4:c0], entries: (t:2, i:2), STATEMACHINELOGENTRY, client-76C3E27EF3B2, cid=33
2020-06-27 08:28:09,926 [grpc-default-executor-5] DEBUG impl.RaftServerImpl (RaftServerImpl.java:submitClientRequestAsync(575)) - a99a18fa-a15b-4cd6-a5fd-78034dfd05b4@group-EDAE14BFB10F: receive client request(RaftClientRequest:client-76C3E27EF3B2->a99a18fa-a15b-4cd6-a5fd-78034dfd05b4@group-EDAE14BFB10F, cid=34, seq=4, RW, Message:000000a3080612001802...(size=167))
2020-06-27 08:28:09,926 [grpc-default-executor-5] DEBUG impl.RaftServerImpl (LeaderState.java:addPendingRequest(335)) - a99a18fa-a15b-4cd6-a5fd-78034dfd05b4@group-EDAE14BFB10F-LeaderState: addPendingRequest at RaftClientRequest:client-76C3E27EF3B2->a99a18fa-a15b-4cd6-a5fd-78034dfd05b4@group-EDAE14BFB10F, cid=34, seq=4, RW, Message:000000a3080612001802...(size=167), entry=(t:2, i:3), STATEMACHINELOGENTRY, client-76C3E27EF3B2, cid=34
2020-06-27 08:28:09,928 [grpc-default-executor-3] DEBUG impl.RaftServerImpl (RaftServerImpl.java:logAppendEntries(928)) - 7f53e279-916a-4fed-90de-23e9c25f9e31@group-EDAE14BFB10F: receive appendEntries(a99a18fa-a15b-4cd6-a5fd-78034dfd05b4, 2, (t:2, i:2), 0, false, commits[a99a18fa-a15b-4cd6-a5fd-78034dfd05b4:c0, 7f53e279-916a-4fed-90de-23e9c25f9e31:c0, 34efc206-1f67-4a18-aa05-bd0f2a1ef0e4:c0], entries: (t:2, i:3), STATEMACHINELOGENTRY, client-76C3E27EF3B2, cid=34
2020-06-27 08:28:09,932 [grpc-default-executor-5] DEBUG impl.RaftServerImpl (RaftServerImpl.java:submitClientRequestAsync(575)) - a99a18fa-a15b-4cd6-a5fd-78034dfd05b4@group-EDAE14BFB10F: receive client request(RaftClientRequest:client-76C3E27EF3B2->a99a18fa-a15b-4cd6-a5fd-78034dfd05b4@group-EDAE14BFB10F, cid=35, seq=5, RW, Message:0000006a080c12001802...(size=210))
2020-06-27 08:28:09,933 [grpc-default-executor-5] DEBUG impl.RaftServerImpl (LeaderState.java:addPendingRequest(335)) - a99a18fa-a15b-4cd6-a5fd-78034dfd05b4@group-EDAE14BFB10F-LeaderState: addPendingRequest at RaftClientRequest:client-76C3E27EF3B2->a99a18fa-a15b-4cd6-a5fd-78034dfd05b4@group-EDAE14BFB10F, cid=35, seq=5, RW, Message:0000006a080c12001802...(size=210), entry=(t:2, i:4), STATEMACHINELOGENTRY, client-76C3E27EF3B2, cid=35
2020-06-27 08:28:09,934 [grpc-default-executor-3] DEBUG impl.RaftServerImpl (RaftServerImpl.java:logAppendEntries(928)) - 34efc206-1f67-4a18-aa05-bd0f2a1ef0e4@group-EDAE14BFB10F: receive appendEntries(a99a18fa-a15b-4cd6-a5fd-78034dfd05b4, 2, (t:2, i:2), 0, false, commits[a99a18fa-a15b-4cd6-a5fd-78034dfd05b4:c0, 7f53e279-916a-4fed-90de-23e9c25f9e31:c0, 34efc206-1f67-4a18-aa05-bd0f2a1ef0e4:c0], entries: (t:2, i:3), STATEMACHINELOGENTRY, client-76C3E27EF3B2, cid=34
2020-06-27 08:28:09,937 [grpc-default-executor-5] DEBUG impl.RaftServerImpl (RaftServerImpl.java:submitClientRequestAsync(575)) - a99a18fa-a15b-4cd6-a5fd-78034dfd05b4@group-EDAE14BFB10F: receive client request(RaftClientRequest:client-76C3E27EF3B2->a99a18fa-a15b-4cd6-a5fd-78034dfd05b4@group-EDAE14BFB10F, cid=36, seq=6, RW, Message:0000006a080c12001802...(size=210))
2020-06-27 08:28:09,938 [grpc-default-executor-4] DEBUG impl.RaftServerImpl (RaftServerImpl.java:logAppendEntries(928)) - 34efc206-1f67-4a18-aa05-bd0f2a1ef0e4@group-EDAE14BFB10F: receive appendEntries(a99a18fa-a15b-4cd6-a5fd-78034dfd05b4, 2, (t:2, i:3), 0, false, commits[a99a18fa-a15b-4cd6-a5fd-78034dfd05b4:c0, 7f53e279-916a-4fed-90de-23e9c25f9e31:c0, 34efc206-1f67-4a18-aa05-bd0f2a1ef0e4:c0], entries: (t:2, i:4), STATEMACHINELOGENTRY, client-76C3E27EF3B2, cid=35
2020-06-27 08:28:09,937 [grpc-default-executor-3] DEBUG impl.RaftServerImpl (RaftServerImpl.java:logAppendEntries(928)) - 7f53e279-916a-4fed-90de-23e9c25f9e31@group-EDAE14BFB10F: receive appendEntries(a99a18fa-a15b-4cd6-a5fd-78034dfd05b4, 2, (t:2, i:3), 0, false, commits[a99a18fa-a15b-4cd6-a5fd-78034dfd05b4:c0, 7f53e279-916a-4fed-90de-23e9c25f9e31:c0, 34efc206-1f67-4a18-aa05-bd0f2a1ef0e4:c0], entries: (t:2, i:4), STATEMACHINELOGENTRY, client-76C3E27EF3B2, cid=35
2020-06-27 08:28:09,940 [grpc-default-executor-5] DEBUG impl.RaftServerImpl (LeaderState.java:addPendingRequest(335)) - a99a18fa-a15b-4cd6-a5fd-78034dfd05b4@group-EDAE14BFB10F-LeaderState: addPendingRequest at RaftClientRequest:client-76C3E27EF3B2->a99a18fa-a15b-4cd6-a5fd-78034dfd05b4@group-EDAE14BFB10F, cid=36, seq=6, RW, Message:0000006a080c12001802...(size=210), entry=(t:2, i:5), STATEMACHINELOGENTRY, client-76C3E27EF3B2, cid=36
2020-06-27 08:28:09,943 [grpc-default-executor-4] DEBUG impl.RaftServerImpl (RaftServerImpl.java:logAppendEntries(928)) - 7f53e279-916a-4fed-90de-23e9c25f9e31@group-EDAE14BFB10F: receive appendEntries(a99a18fa-a15b-4cd6-a5fd-78034dfd05b4, 2, (t:2, i:4), 0, false, commits[a99a18fa-a15b-4cd6-a5fd-78034dfd05b4:c0, 7f53e279-916a-4fed-90de-23e9c25f9e31:c0, 34efc206-1f67-4a18-aa05-bd0f2a1ef0e4:c0], entries: (t:2, i:5), STATEMACHINELOGENTRY, client-76C3E27EF3B2, cid=36
2020-06-27 08:28:09,943 [grpc-default-executor-3] DEBUG impl.RaftServerImpl (RaftServerImpl.java:logAppendEntries(928)) - 34efc206-1f67-4a18-aa05-bd0f2a1ef0e4@group-EDAE14BFB10F: receive appendEntries(a99a18fa-a15b-4cd6-a5fd-78034dfd05b4, 2, (t:2, i:4), 0, false, commits[a99a18fa-a15b-4cd6-a5fd-78034dfd05b4:c0, 7f53e279-916a-4fed-90de-23e9c25f9e31:c0, 34efc206-1f67-4a18-aa05-bd0f2a1ef0e4:c0], entries: (t:2, i:5), STATEMACHINELOGENTRY, client-76C3E27EF3B2, cid=36
2020-06-27 08:28:09,944 [grpc-default-executor-5] DEBUG impl.RaftServerImpl (RaftServerImpl.java:submitClientRequestAsync(575)) - a99a18fa-a15b-4cd6-a5fd-78034dfd05b4@group-EDAE14BFB10F: receive client request(RaftClientRequest:client-76C3E27EF3B2->a99a18fa-a15b-4cd6-a5fd-78034dfd05b4@group-EDAE14BFB10F, cid=37, seq=7, RW, Message:000000fb080612001802...(size=255))
2020-06-27 08:28:09,945 [Thread-442] DEBUG impl.RaftServerImpl (RaftServerImpl.java:logAppendEntries(928)) - 34efc206-1f67-4a18-aa05-bd0f2a1ef0e4@group-EDAE14BFB10F: succeeded to handle AppendEntries. Reply: a99a18fa-a15b-4cd6-a5fd-78034dfd05b4<-34efc206-1f67-4a18-aa05-bd0f2a1ef0e4#5:OK,SUCCESS,nextIndex:2,term:2,followerCommit:0
2020-06-27 08:28:09,946 [Thread-444] DEBUG impl.RaftServerImpl (RaftServerImpl.java:logAppendEntries(928)) - 34efc206-1f67-4a18-aa05-bd0f2a1ef0e4@group-EDAE14BFB10F: succeeded to handle AppendEntries. Reply: a99a18fa-a15b-4cd6-a5fd-78034dfd05b4<-34efc206-1f67-4a18-aa05-bd0f2a1ef0e4#6:OK,SUCCESS,nextIndex:3,term:2,followerCommit:0
2020-06-27 08:28:09,946 [grpc-default-executor-3] DEBUG server.GrpcLogAppender (GrpcLogAppender.java:onNext(257)) - a99a18fa-a15b-4cd6-a5fd-78034dfd05b4@group-EDAE14BFB10F->34efc206-1f67-4a18-aa05-bd0f2a1ef0e4-AppendLogResponseHandler: received a reply a99a18fa-a15b-4cd6-a5fd-78034dfd05b4<-34efc206-1f67-4a18-aa05-bd0f2a1ef0e4#5:OK,SUCCESS,nextIndex:2,term:2,followerCommit:0, request=AppendEntriesRequest:cid=5,entriesCount=1,lastEntry=(t:2, i:1)
2020-06-27 08:28:09,946 [grpc-default-executor-3] DEBUG server.GrpcLogAppender (GrpcLogAppender.java:onNext(257)) - a99a18fa-a15b-4cd6-a5fd-78034dfd05b4@group-EDAE14BFB10F->34efc206-1f67-4a18-aa05-bd0f2a1ef0e4-AppendLogResponseHandler: received a reply a99a18fa-a15b-4cd6-a5fd-78034dfd05b4<-34efc206-1f67-4a18-aa05-bd0f2a1ef0e4#6:OK,SUCCESS,nextIndex:3,term:2,followerCommit:0, request=AppendEntriesRequest:cid=6,entriesCount=1,lastEntry=(t:2, i:2)
2020-06-27 08:28:09,950 [Thread-445] DEBUG impl.RaftServerImpl (RaftServerImpl.java:logAppendEntries(928)) - 34efc206-1f67-4a18-aa05-bd0f2a1ef0e4@group-EDAE14BFB10F: succeeded to handle AppendEntries. Reply: a99a18fa-a15b-4cd6-a5fd-78034dfd05b4<-34efc206-1f67-4a18-aa05-bd0f2a1ef0e4#7:OK,SUCCESS,nextIndex:4,term:2,followerCommit:0
2020-06-27 08:28:09,951 [Thread-443] DEBUG impl.RaftServerImpl (RaftServerImpl.java:logAppendEntries(928)) - 7f53e279-916a-4fed-90de-23e9c25f9e31@group-EDAE14BFB10F: succeeded to handle AppendEntries. Reply: a99a18fa-a15b-4cd6-a5fd-78034dfd05b4<-7f53e279-916a-4fed-90de-23e9c25f9e31#5:OK,SUCCESS,nextIndex:2,term:2,followerCommit:0
2020-06-27 08:28:09,951 [grpc-default-executor-3] DEBUG server.GrpcLogAppender (GrpcLogAppender.java:onNext(257)) - a99a18fa-a15b-4cd6-a5fd-78034dfd05b4@group-EDAE14BFB10F->34efc206-1f67-4a18-aa05-bd0f2a1ef0e4-AppendLogResponseHandler: received a reply a99a18fa-a15b-4cd6-a5fd-78034dfd05b4<-34efc206-1f67-4a18-aa05-bd0f2a1ef0e4#7:OK,SUCCESS,nextIndex:4,term:2,followerCommit:0, request=AppendEntriesRequest:cid=7,entriesCount=1,lastEntry=(t:2, i:3)
2020-06-27 08:28:09,952 [grpc-default-executor-4] DEBUG server.GrpcLogAppender (GrpcLogAppender.java:onNext(257)) - a99a18fa-a15b-4cd6-a5fd-78034dfd05b4@group-EDAE14BFB10F->7f53e279-916a-4fed-90de-23e9c25f9e31-AppendLogResponseHandler: received a reply a99a18fa-a15b-4cd6-a5fd-78034dfd05b4<-7f53e279-916a-4fed-90de-23e9c25f9e31#5:OK,SUCCESS,nextIndex:2,term:2,followerCommit:0, request=AppendEntriesRequest:cid=5,entriesCount=1,lastEntry=(t:2, i:1)
2020-06-27 08:28:09,953 [Thread-447] DEBUG impl.RaftServerImpl (RaftServerImpl.java:logAppendEntries(928)) - 7f53e279-916a-4fed-90de-23e9c25f9e31@group-EDAE14BFB10F: succeeded to handle AppendEntries. Reply: a99a18fa-a15b-4cd6-a5fd-78034dfd05b4<-7f53e279-916a-4fed-90de-23e9c25f9e31#6:OK,SUCCESS,nextIndex:3,term:2,followerCommit:0
2020-06-27 08:28:09,955 [grpc-default-executor-4] DEBUG impl.RaftServerImpl (RaftServerImpl.java:logAppendEntries(928)) - 7f53e279-916a-4fed-90de-23e9c25f9e31@group-EDAE14BFB10F: receive appendEntries(a99a18fa-a15b-4cd6-a5fd-78034dfd05b4, 2, (t:2, i:5), 3, false, commits[a99a18fa-a15b-4cd6-a5fd-78034dfd05b4:c3, 7f53e279-916a-4fed-90de-23e9c25f9e31:c0, 34efc206-1f67-4a18-aa05-bd0f2a1ef0e4:c0], entries: (t:2, i:6), METADATAENTRY(c:3)
2020-06-27 08:28:09,956 [grpc-default-executor-3] DEBUG impl.RaftServerImpl (RaftServerImpl.java:logAppendEntries(928)) - 34efc206-1f67-4a18-aa05-bd0f2a1ef0e4@group-EDAE14BFB10F: receive appendEntries(a99a18fa-a15b-4cd6-a5fd-78034dfd05b4, 2, (t:2, i:5), 3, false, commits[a99a18fa-a15b-4cd6-a5fd-78034dfd05b4:c3, 7f53e279-916a-4fed-90de-23e9c25f9e31:c0, 34efc206-1f67-4a18-aa05-bd0f2a1ef0e4:c0], entries: (t:2, i:6), METADATAENTRY(c:3)
2020-06-27 08:28:09,958 [grpc-default-executor-3] DEBUG server.GrpcLogAppender (GrpcLogAppender.java:onNext(257)) - a99a18fa-a15b-4cd6-a5fd-78034dfd05b4@group-EDAE14BFB10F->7f53e279-916a-4fed-90de-23e9c25f9e31-AppendLogResponseHandler: received a reply a99a18fa-a15b-4cd6-a5fd-78034dfd05b4<-7f53e279-916a-4fed-90de-23e9c25f9e31#6:OK,SUCCESS,nextIndex:3,term:2,followerCommit:0, request=AppendEntriesRequest:cid=6,entriesCount=1,lastEntry=(t:2, i:2)
2020-06-27 08:28:09,959 [Thread-448] DEBUG impl.RaftServerImpl (RaftServerImpl.java:logAppendEntries(928)) - 7f53e279-916a-4fed-90de-23e9c25f9e31@group-EDAE14BFB10F: succeeded to handle AppendEntries. Reply: a99a18fa-a15b-4cd6-a5fd-78034dfd05b4<-7f53e279-916a-4fed-90de-23e9c25f9e31#7:OK,SUCCESS,nextIndex:4,term:2,followerCommit:0
2020-06-27 08:28:09,960 [grpc-default-executor-3] DEBUG server.GrpcLogAppender (GrpcLogAppender.java:onNext(257)) - a99a18fa-a15b-4cd6-a5fd-78034dfd05b4@group-EDAE14BFB10F->7f53e279-916a-4fed-90de-23e9c25f9e31-AppendLogResponseHandler: received a reply a99a18fa-a15b-4cd6-a5fd-78034dfd05b4<-7f53e279-916a-4fed-90de-23e9c25f9e31#7:OK,SUCCESS,nextIndex:4,term:2,followerCommit:0, request=AppendEntriesRequest:cid=7,entriesCount=1,lastEntry=(t:2, i:3)
2020-06-27 08:28:09,962 [Thread-450] DEBUG impl.RaftServerImpl (RaftServerImpl.java:logAppendEntries(928)) - 7f53e279-916a-4fed-90de-23e9c25f9e31@group-EDAE14BFB10F: succeeded to handle AppendEntries. Reply: a99a18fa-a15b-4cd6-a5fd-78034dfd05b4<-7f53e279-916a-4fed-90de-23e9c25f9e31#8:OK,SUCCESS,nextIndex:5,term:2,followerCommit:0
2020-06-27 08:28:09,963 [Thread-446] DEBUG impl.RaftServerImpl (RaftServerImpl.java:logAppendEntries(928)) - 34efc206-1f67-4a18-aa05-bd0f2a1ef0e4@group-EDAE14BFB10F: succeeded to handle AppendEntries. Reply: a99a18fa-a15b-4cd6-a5fd-78034dfd05b4<-34efc206-1f67-4a18-aa05-bd0f2a1ef0e4#8:OK,SUCCESS,nextIndex:5,term:2,followerCommit:0
2020-06-27 08:28:09,963 [grpc-default-executor-3] DEBUG server.GrpcLogAppender (GrpcLogAppender.java:onNext(257)) - a99a18fa-a15b-4cd6-a5fd-78034dfd05b4@group-EDAE14BFB10F->7f53e279-916a-4fed-90de-23e9c25f9e31-AppendLogResponseHandler: received a reply a99a18fa-a15b-4cd6-a5fd-78034dfd05b4<-7f53e279-916a-4fed-90de-23e9c25f9e31#8:OK,SUCCESS,nextIndex:5,term:2,followerCommit:0, request=AppendEntriesRequest:cid=8,entriesCount=1,lastEntry=(t:2, i:4)
2020-06-27 08:28:09,964 [grpc-default-executor-4] DEBUG impl.RaftServerImpl (RaftServerImpl.java:logAppendEntries(928)) - 34efc206-1f67-4a18-aa05-bd0f2a1ef0e4@group-EDAE14BFB10F: receive appendEntries(a99a18fa-a15b-4cd6-a5fd-78034dfd05b4, 2, (t:2, i:6), 4, false, commits[a99a18fa-a15b-4cd6-a5fd-78034dfd05b4:c4, 7f53e279-916a-4fed-90de-23e9c25f9e31:c0, 34efc206-1f67-4a18-aa05-bd0f2a1ef0e4:c0], entries: (t:2, i:7), METADATAENTRY(c:4)
2020-06-27 08:28:09,965 [grpc-default-executor-4] DEBUG impl.RaftServerImpl (RaftServerImpl.java:logAppendEntries(928)) - 7f53e279-916a-4fed-90de-23e9c25f9e31@group-EDAE14BFB10F: receive appendEntries(a99a18fa-a15b-4cd6-a5fd-78034dfd05b4, 2, (t:2, i:6), 4, false, commits[a99a18fa-a15b-4cd6-a5fd-78034dfd05b4:c4, 7f53e279-916a-4fed-90de-23e9c25f9e31:c0, 34efc206-1f67-4a18-aa05-bd0f2a1ef0e4:c0], entries: (t:2, i:7), METADATAENTRY(c:4)
2020-06-27 08:28:09,969 [Thread-453] DEBUG impl.RaftServerImpl (RaftServerImpl.java:logAppendEntries(928)) - 34efc206-1f67-4a18-aa05-bd0f2a1ef0e4@group-EDAE14BFB10F: succeeded to handle AppendEntries. Reply: a99a18fa-a15b-4cd6-a5fd-78034dfd05b4<-34efc206-1f67-4a18-aa05-bd0f2a1ef0e4#10:OK,SUCCESS,nextIndex:7,term:2,followerCommit:3
2020-06-27 08:28:09,969 [grpc-default-executor-5] DEBUG impl.RaftServerImpl (LeaderState.java:addPendingRequest(335)) - a99a18fa-a15b-4cd6-a5fd-78034dfd05b4@group-EDAE14BFB10F-LeaderState: addPendingRequest at RaftClientRequest:client-76C3E27EF3B2->a99a18fa-a15b-4cd6-a5fd-78034dfd05b4@group-EDAE14BFB10F, cid=37, seq=7, RW, Message:000000fb080612001802...(size=255), entry=(t:2, i:8), STATEMACHINELOGENTRY, client-76C3E27EF3B2, cid=37
2020-06-27 08:28:09,970 [grpc-default-executor-3] DEBUG server.GrpcLogAppender (GrpcLogAppender.java:onNext(257)) - a99a18fa-a15b-4cd6-a5fd-78034dfd05b4@group-EDAE14BFB10F->34efc206-1f67-4a18-aa05-bd0f2a1ef0e4-AppendLogResponseHandler: received a reply a99a18fa-a15b-4cd6-a5fd-78034dfd05b4<-34efc206-1f67-4a18-aa05-bd0f2a1ef0e4#8:OK,SUCCESS,nextIndex:5,term:2,followerCommit:0, request=AppendEntriesRequest:cid=8,entriesCount=1,lastEntry=(t:2, i:4)
2020-06-27 08:28:09,970 [grpc-default-executor-4] DEBUG impl.RaftServerImpl (RaftServerImpl.java:logAppendEntries(928)) - 7f53e279-916a-4fed-90de-23e9c25f9e31@group-EDAE14BFB10F: receive appendEntries(a99a18fa-a15b-4cd6-a5fd-78034dfd05b4, 2, (t:2, i:7), 4, false, commits[a99a18fa-a15b-4cd6-a5fd-78034dfd05b4:c4, 7f53e279-916a-4fed-90de-23e9c25f9e31:c0, 34efc206-1f67-4a18-aa05-bd0f2a1ef0e4:c0], entries: (t:2, i:8), STATEMACHINELOGENTRY, client-76C3E27EF3B2, cid=37
2020-06-27 08:28:09,970 [grpc-default-executor-5] DEBUG impl.RaftServerImpl (RaftServerImpl.java:logAppendEntries(928)) - 34efc206-1f67-4a18-aa05-bd0f2a1ef0e4@group-EDAE14BFB10F: receive appendEntries(a99a18fa-a15b-4cd6-a5fd-78034dfd05b4, 2, (t:2, i:7), 4, false, commits[a99a18fa-a15b-4cd6-a5fd-78034dfd05b4:c4, 7f53e279-916a-4fed-90de-23e9c25f9e31:c0, 34efc206-1f67-4a18-aa05-bd0f2a1ef0e4:c0], entries: (t:2, i:8), STATEMACHINELOGENTRY, client-76C3E27EF3B2, cid=37
2020-06-27 08:28:09,971 [Thread-454] DEBUG impl.RaftServerImpl (RaftServerImpl.java:logAppendEntries(928)) - 34efc206-1f67-4a18-aa05-bd0f2a1ef0e4@group-EDAE14BFB10F: succeeded to handle AppendEntries. Reply: a99a18fa-a15b-4cd6-a5fd-78034dfd05b4<-34efc206-1f67-4a18-aa05-bd0f2a1ef0e4#11:OK,SUCCESS,nextIndex:8,term:2,followerCommit:4
2020-06-27 08:28:09,972 [Thread-456] DEBUG impl.RaftServerImpl (RaftServerImpl.java:logAppendEntries(928)) - 34efc206-1f67-4a18-aa05-bd0f2a1ef0e4@group-EDAE14BFB10F: succeeded to handle AppendEntries. Reply: a99a18fa-a15b-4cd6-a5fd-78034dfd05b4<-34efc206-1f67-4a18-aa05-bd0f2a1ef0e4#12:OK,SUCCESS,nextIndex:9,term:2,followerCommit:4
2020-06-27 08:28:09,974 [Thread-452] DEBUG impl.RaftServerImpl (RaftServerImpl.java:logAppendEntries(928)) - 34efc206-1f67-4a18-aa05-bd0f2a1ef0e4@group-EDAE14BFB10F: succeeded to handle AppendEntries. Reply: a99a18fa-a15b-4cd6-a5fd-78034dfd05b4<-34efc206-1f67-4a18-aa05-bd0f2a1ef0e4#9:OK,SUCCESS,nextIndex:6,term:2,followerCommit:4
2020-06-27 08:28:09,975 [grpc-default-executor-5] DEBUG server.GrpcLogAppender (GrpcLogAppender.java:onNext(257)) - a99a18fa-a15b-4cd6-a5fd-78034dfd05b4@group-EDAE14BFB10F->34efc206-1f67-4a18-aa05-bd0f2a1ef0e4-AppendLogResponseHandler: received a reply a99a18fa-a15b-4cd6-a5fd-78034dfd05b4<-34efc206-1f67-4a18-aa05-bd0f2a1ef0e4#9:OK,SUCCESS,nextIndex:6,term:2,followerCommit:4, request=AppendEntriesRequest:cid=9,entriesCount=1,lastEntry=(t:2, i:5)
2020-06-27 08:28:09,976 [grpc-default-executor-4] DEBUG impl.RaftServerImpl (RaftServerImpl.java:logAppendEntries(928)) - 7f53e279-916a-4fed-90de-23e9c25f9e31@group-EDAE14BFB10F: receive appendEntries(a99a18fa-a15b-4cd6-a5fd-78034dfd05b4, 2, (t:2, i:8), 5, false, commits[a99a18fa-a15b-4cd6-a5fd-78034dfd05b4:c5, 7f53e279-916a-4fed-90de-23e9c25f9e31:c0, 34efc206-1f67-4a18-aa05-bd0f2a1ef0e4:c4], entries: (t:2, i:9), METADATAENTRY(c:5)
2020-06-27 08:28:09,976 [grpc-default-executor-5] DEBUG server.GrpcLogAppender (GrpcLogAppender.java:onNext(257)) - a99a18fa-a15b-4cd6-a5fd-78034dfd05b4@group-EDAE14BFB10F->34efc206-1f67-4a18-aa05-bd0f2a1ef0e4-AppendLogResponseHandler: received a reply a99a18fa-a15b-4cd6-a5fd-78034dfd05b4<-34efc206-1f67-4a18-aa05-bd0f2a1ef0e4#10:OK,SUCCESS,nextIndex:7,term:2,followerCommit:3, request=AppendEntriesRequest:cid=10,entriesCount=1,lastEntry=(t:2, i:6)
2020-06-27 08:28:09,977 [grpc-default-executor-4] DEBUG impl.RaftServerImpl (RaftServerImpl.java:logAppendEntries(928)) - 34efc206-1f67-4a18-aa05-bd0f2a1ef0e4@group-EDAE14BFB10F: receive appendEntries(a99a18fa-a15b-4cd6-a5fd-78034dfd05b4, 2, (t:2, i:8), 5, false, commits[a99a18fa-a15b-4cd6-a5fd-78034dfd05b4:c5, 7f53e279-916a-4fed-90de-23e9c25f9e31:c0, 34efc206-1f67-4a18-aa05-bd0f2a1ef0e4:c4], entries: (t:2, i:9), METADATAENTRY(c:5)
2020-06-27 08:28:09,979 [Thread-451] DEBUG impl.RaftServerImpl (RaftServerImpl.java:logAppendEntries(928)) - 7f53e279-916a-4fed-90de-23e9c25f9e31@group-EDAE14BFB10F: succeeded to handle AppendEntries. Reply: a99a18fa-a15b-4cd6-a5fd-78034dfd05b4<-7f53e279-916a-4fed-90de-23e9c25f9e31#9:OK,SUCCESS,nextIndex:6,term:2,followerCommit:0
2020-06-27 08:28:09,979 [grpc-default-executor-4] DEBUG server.GrpcLogAppender (GrpcLogAppender.java:onNext(257)) - a99a18fa-a15b-4cd6-a5fd-78034dfd05b4@group-EDAE14BFB10F->34efc206-1f67-4a18-aa05-bd0f2a1ef0e4-AppendLogResponseHandler: received a reply a99a18fa-a15b-4cd6-a5fd-78034dfd05b4<-34efc206-1f67-4a18-aa05-bd0f2a1ef0e4#11:OK,SUCCESS,nextIndex:8,term:2,followerCommit:4, request=AppendEntriesRequest:cid=11,entriesCount=1,lastEntry=(t:2, i:7)
2020-06-27 08:28:09,979 [grpc-default-executor-4] DEBUG server.GrpcLogAppender (GrpcLogAppender.java:onNext(257)) - a99a18fa-a15b-4cd6-a5fd-78034dfd05b4@group-EDAE14BFB10F->34efc206-1f67-4a18-aa05-bd0f2a1ef0e4-AppendLogResponseHandler: received a reply a99a18fa-a15b-4cd6-a5fd-78034dfd05b4<-34efc206-1f67-4a18-aa05-bd0f2a1ef0e4#12:OK,SUCCESS,nextIndex:9,term:2,followerCommit:4, request=AppendEntriesRequest:cid=12,entriesCount=1,lastEntry=(t:2, i:8)
2020-06-27 08:28:09,980 [grpc-default-executor-4] DEBUG server.GrpcLogAppender (GrpcLogAppender.java:onNext(257)) - a99a18fa-a15b-4cd6-a5fd-78034dfd05b4@group-EDAE14BFB10F->7f53e279-916a-4fed-90de-23e9c25f9e31-AppendLogResponseHandler: received a reply a99a18fa-a15b-4cd6-a5fd-78034dfd05b4<-7f53e279-916a-4fed-90de-23e9c25f9e31#9:OK,SUCCESS,nextIndex:6,term:2,followerCommit:0, request=AppendEntriesRequest:cid=9,entriesCount=1,lastEntry=(t:2, i:5)
2020-06-27 08:28:09,981 [grpc-default-executor-5] DEBUG impl.RaftServerImpl (RaftServerImpl.java:logAppendEntries(928)) - 7f53e279-916a-4fed-90de-23e9c25f9e31@group-EDAE14BFB10F: receive appendEntries(a99a18fa-a15b-4cd6-a5fd-78034dfd05b4, 2, (t:2, i:9), 8, false, commits[a99a18fa-a15b-4cd6-a5fd-78034dfd05b4:c8, 7f53e279-916a-4fed-90de-23e9c25f9e31:c0, 34efc206-1f67-4a18-aa05-bd0f2a1ef0e4:c4], entries: (t:2, i:10), METADATAENTRY(c:8)
2020-06-27 08:28:09,981 [grpc-default-executor-4] DEBUG impl.RaftServerImpl (RaftServerImpl.java:logAppendEntries(928)) - 34efc206-1f67-4a18-aa05-bd0f2a1ef0e4@group-EDAE14BFB10F: receive appendEntries(a99a18fa-a15b-4cd6-a5fd-78034dfd05b4, 2, (t:2, i:9), 8, false, commits[a99a18fa-a15b-4cd6-a5fd-78034dfd05b4:c8, 7f53e279-916a-4fed-90de-23e9c25f9e31:c0, 34efc206-1f67-4a18-aa05-bd0f2a1ef0e4:c4], entries: (t:2, i:10), METADATAENTRY(c:8)
2020-06-27 08:28:09,982 [Thread-458] DEBUG impl.RaftServerImpl (RaftServerImpl.java:logAppendEntries(928)) - 7f53e279-916a-4fed-90de-23e9c25f9e31@group-EDAE14BFB10F: succeeded to handle AppendEntries. Reply: a99a18fa-a15b-4cd6-a5fd-78034dfd05b4<-7f53e279-916a-4fed-90de-23e9c25f9e31#10:OK,SUCCESS,nextIndex:7,term:2,followerCommit:3
2020-06-27 08:28:09,983 [grpc-default-executor-4] DEBUG server.GrpcLogAppender (GrpcLogAppender.java:onNext(257)) - a99a18fa-a15b-4cd6-a5fd-78034dfd05b4@group-EDAE14BFB10F->7f53e279-916a-4fed-90de-23e9c25f9e31-AppendLogResponseHandler: received a reply a99a18fa-a15b-4cd6-a5fd-78034dfd05b4<-7f53e279-916a-4fed-90de-23e9c25f9e31#10:OK,SUCCESS,nextIndex:7,term:2,followerCommit:3, request=AppendEntriesRequest:cid=10,entriesCount=1,lastEntry=(t:2, i:6)
2020-06-27 08:28:09,992 [Thread-457] DEBUG impl.RaftServerImpl (RaftServerImpl.java:logAppendEntries(928)) - 34efc206-1f67-4a18-aa05-bd0f2a1ef0e4@group-EDAE14BFB10F: succeeded to handle AppendEntries. Reply: a99a18fa-a15b-4cd6-a5fd-78034dfd05b4<-34efc206-1f67-4a18-aa05-bd0f2a1ef0e4#13:OK,SUCCESS,nextIndex:10,term:2,followerCommit:5
2020-06-27 08:28:09,993 [grpc-default-executor-4] DEBUG server.GrpcLogAppender (GrpcLogAppender.java:onNext(257)) - a99a18fa-a15b-4cd6-a5fd-78034dfd05b4@group-EDAE14BFB10F->34efc206-1f67-4a18-aa05-bd0f2a1ef0e4-AppendLogResponseHandler: received a reply a99a18fa-a15b-4cd6-a5fd-78034dfd05b4<-34efc206-1f67-4a18-aa05-bd0f2a1ef0e4#13:OK,SUCCESS,nextIndex:10,term:2,followerCommit:5, request=AppendEntriesRequest:cid=13,entriesCount=1,lastEntry=(t:2, i:9)
2020-06-27 08:28:09,993 [Thread-462] DEBUG impl.RaftServerImpl (RaftServerImpl.java:logAppendEntries(928)) - 34efc206-1f67-4a18-aa05-bd0f2a1ef0e4@group-EDAE14BFB10F: succeeded to handle AppendEntries. Reply: a99a18fa-a15b-4cd6-a5fd-78034dfd05b4<-34efc206-1f67-4a18-aa05-bd0f2a1ef0e4#14:OK,SUCCESS,nextIndex:11,term:2,followerCommit:8
2020-06-27 08:28:10,001 [Thread-459] DEBUG impl.RaftServerImpl (RaftServerImpl.java:logAppendEntries(928)) - 7f53e279-916a-4fed-90de-23e9c25f9e31@group-EDAE14BFB10F: succeeded to handle AppendEntries. Reply: a99a18fa-a15b-4cd6-a5fd-78034dfd05b4<-7f53e279-916a-4fed-90de-23e9c25f9e31#11:OK,SUCCESS,nextIndex:8,term:2,followerCommit:4
2020-06-27 08:28:10,002 [grpc-default-executor-5] DEBUG server.GrpcLogAppender (GrpcLogAppender.java:onNext(257)) - a99a18fa-a15b-4cd6-a5fd-78034dfd05b4@group-EDAE14BFB10F->7f53e279-916a-4fed-90de-23e9c25f9e31-AppendLogResponseHandler: received a reply a99a18fa-a15b-4cd6-a5fd-78034dfd05b4<-7f53e279-916a-4fed-90de-23e9c25f9e31#11:OK,SUCCESS,nextIndex:8,term:2,followerCommit:4, request=AppendEntriesRequest:cid=11,entriesCount=1,lastEntry=(t:2, i:7)
2020-06-27 08:28:10,002 [Thread-463] DEBUG impl.RaftServerImpl (RaftServerImpl.java:logAppendEntries(928)) - 7f53e279-916a-4fed-90de-23e9c25f9e31@group-EDAE14BFB10F: succeeded to handle AppendEntries. Reply: a99a18fa-a15b-4cd6-a5fd-78034dfd05b4<-7f53e279-916a-4fed-90de-23e9c25f9e31#12:OK,SUCCESS,nextIndex:9,term:2,followerCommit:4
2020-06-27 08:28:10,005 [Thread-464] DEBUG impl.RaftServerImpl (RaftServerImpl.java:logAppendEntries(928)) - 7f53e279-916a-4fed-90de-23e9c25f9e31@group-EDAE14BFB10F: succeeded to handle AppendEntries. Reply: a99a18fa-a15b-4cd6-a5fd-78034dfd05b4<-7f53e279-916a-4fed-90de-23e9c25f9e31#13:OK,SUCCESS,nextIndex:10,term:2,followerCommit:5
2020-06-27 08:28:10,006 [grpc-default-executor-4] DEBUG server.GrpcLogAppender (GrpcLogAppender.java:onNext(257)) - a99a18fa-a15b-4cd6-a5fd-78034dfd05b4@group-EDAE14BFB10F->34efc206-1f67-4a18-aa05-bd0f2a1ef0e4-AppendLogResponseHandler: received a reply a99a18fa-a15b-4cd6-a5fd-78034dfd05b4<-34efc206-1f67-4a18-aa05-bd0f2a1ef0e4#14:OK,SUCCESS,nextIndex:11,term:2,followerCommit:8, request=AppendEntriesRequest:cid=14,entriesCount=1,lastEntry=(t:2, i:10)
2020-06-27 08:28:10,007 [Thread-465] DEBUG impl.RaftServerImpl (RaftServerImpl.java:logAppendEntries(928)) - 7f53e279-916a-4fed-90de-23e9c25f9e31@group-EDAE14BFB10F: succeeded to handle AppendEntries. Reply: a99a18fa-a15b-4cd6-a5fd-78034dfd05b4<-7f53e279-916a-4fed-90de-23e9c25f9e31#14:OK,SUCCESS,nextIndex:11,term:2,followerCommit:8
2020-06-27 08:28:10,013 [grpc-default-executor-5] DEBUG server.GrpcLogAppender (GrpcLogAppender.java:onNext(257)) - a99a18fa-a15b-4cd6-a5fd-78034dfd05b4@group-EDAE14BFB10F->7f53e279-916a-4fed-90de-23e9c25f9e31-AppendLogResponseHandler: received a reply a99a18fa-a15b-4cd6-a5fd-78034dfd05b4<-7f53e279-916a-4fed-90de-23e9c25f9e31#12:OK,SUCCESS,nextIndex:9,term:2,followerCommit:4, request=AppendEntriesRequest:cid=12,entriesCount=1,lastEntry=(t:2, i:8)
2020-06-27 08:28:10,014 [grpc-default-executor-5] DEBUG server.GrpcLogAppender (GrpcLogAppender.java:onNext(257)) - a99a18fa-a15b-4cd6-a5fd-78034dfd05b4@group-EDAE14BFB10F->7f53e279-916a-4fed-90de-23e9c25f9e31-AppendLogResponseHandler: received a reply a99a18fa-a15b-4cd6-a5fd-78034dfd05b4<-7f53e279-916a-4fed-90de-23e9c25f9e31#13:OK,SUCCESS,nextIndex:10,term:2,followerCommit:5, request=AppendEntriesRequest:cid=13,entriesCount=1,lastEntry=(t:2, i:9)
2020-06-27 08:28:10,014 [grpc-default-executor-5] DEBUG server.GrpcLogAppender (GrpcLogAppender.java:onNext(257)) - a99a18fa-a15b-4cd6-a5fd-78034dfd05b4@group-EDAE14BFB10F->7f53e279-916a-4fed-90de-23e9c25f9e31-AppendLogResponseHandler: received a reply a99a18fa-a15b-4cd6-a5fd-78034dfd05b4<-7f53e279-916a-4fed-90de-23e9c25f9e31#14:OK,SUCCESS,nextIndex:11,term:2,followerCommit:8, request=AppendEntriesRequest:cid=14,entriesCount=1,lastEntry=(t:2, i:10)
2020-06-27 08:28:10,028 [Listener at 127.0.0.1/46381] INFO  ozone.MiniOzoneClusterImpl (MiniOzoneClusterImpl.java:shutdown(387)) - Shutting down the Mini Ozone Cluster
2020-06-27 08:28:10,028 [Listener at 127.0.0.1/46381] INFO  ozone.MiniOzoneClusterImpl (MiniOzoneClusterImpl.java:stop(402)) - Stopping the Mini Ozone Cluster
2020-06-27 08:28:10,029 [Listener at 127.0.0.1/46381] INFO  ozone.MiniOzoneClusterImpl (MiniOzoneClusterImpl.java:stopOM(484)) - Stopping the OzoneManager
2020-06-27 08:28:10,029 [grpc-default-executor-3] DEBUG impl.RaftServerImpl (RaftServerImpl.java:submitClientRequestAsync(575)) - a99a18fa-a15b-4cd6-a5fd-78034dfd05b4@group-EDAE14BFB10F: receive client request(RaftClientRequest:client-76C3E27EF3B2->a99a18fa-a15b-4cd6-a5fd-78034dfd05b4@group-EDAE14BFB10F, cid=38, seq=8, RW, Message:0000006a080c12001802...(size=210))
2020-06-27 08:28:10,030 [Listener at 127.0.0.1/46381] INFO  ipc.Server (Server.java:stop(3359)) - Stopping server on 46381
2020-06-27 08:28:10,033 [Listener at 127.0.0.1/46381] INFO  ratis.OzoneManagerDoubleBuffer (OzoneManagerDoubleBuffer.java:stop(458)) - Stopping OMDoubleBuffer flush thread
2020-06-27 08:28:10,033 [IPC Server Responder] INFO  ipc.Server (Server.java:run(1465)) - Stopping IPC Server Responder
2020-06-27 08:28:10,033 [IPC Server listener on 0] INFO  ipc.Server (Server.java:run(1330)) - Stopping IPC Server listener on 0
2020-06-27 08:28:10,033 [grpc-default-executor-3] DEBUG impl.RaftServerImpl (LeaderState.java:addPendingRequest(335)) - a99a18fa-a15b-4cd6-a5fd-78034dfd05b4@group-EDAE14BFB10F-LeaderState: addPendingRequest at RaftClientRequest:client-76C3E27EF3B2->a99a18fa-a15b-4cd6-a5fd-78034dfd05b4@group-EDAE14BFB10F, cid=38, seq=8, RW, Message:0000006a080c12001802...(size=210), entry=(t:2, i:11), STATEMACHINELOGENTRY, client-76C3E27EF3B2, cid=38
2020-06-27 08:28:10,034 [grpc-default-executor-5] DEBUG impl.RaftServerImpl (RaftServerImpl.java:logAppendEntries(928)) - 7f53e279-916a-4fed-90de-23e9c25f9e31@group-EDAE14BFB10F: receive appendEntries(a99a18fa-a15b-4cd6-a5fd-78034dfd05b4, 2, (t:2, i:10), 10, false, commits[a99a18fa-a15b-4cd6-a5fd-78034dfd05b4:c10, 7f53e279-916a-4fed-90de-23e9c25f9e31:c8, 34efc206-1f67-4a18-aa05-bd0f2a1ef0e4:c8], entries: (t:2, i:11), STATEMACHINELOGENTRY, client-76C3E27EF3B2, cid=38
2020-06-27 08:28:10,036 [grpc-default-executor-5] DEBUG impl.RaftServerImpl (RaftServerImpl.java:logAppendEntries(928)) - 34efc206-1f67-4a18-aa05-bd0f2a1ef0e4@group-EDAE14BFB10F: receive appendEntries(a99a18fa-a15b-4cd6-a5fd-78034dfd05b4, 2, (t:2, i:10), 10, false, commits[a99a18fa-a15b-4cd6-a5fd-78034dfd05b4:c10, 7f53e279-916a-4fed-90de-23e9c25f9e31:c8, 34efc206-1f67-4a18-aa05-bd0f2a1ef0e4:c8], entries: (t:2, i:11), STATEMACHINELOGENTRY, client-76C3E27EF3B2, cid=38
2020-06-27 08:28:10,038 [OMDoubleBufferFlushThread] INFO  ratis.OzoneManagerDoubleBuffer (OzoneManagerDoubleBuffer.java:flushTransactions(357)) - OMDoubleBuffer flush thread OMDoubleBufferFlushThread is interrupted and will exit. OMDoubleBufferFlushThread
2020-06-27 08:28:10,039 [Listener at 127.0.0.1/46381] INFO  utils.BackgroundService (BackgroundService.java:shutdown(157)) - Shutting down service KeyDeletingService
2020-06-27 08:28:10,039 [Thread-472] DEBUG impl.RaftServerImpl (RaftServerImpl.java:logAppendEntries(928)) - 34efc206-1f67-4a18-aa05-bd0f2a1ef0e4@group-EDAE14BFB10F: succeeded to handle AppendEntries. Reply: a99a18fa-a15b-4cd6-a5fd-78034dfd05b4<-34efc206-1f67-4a18-aa05-bd0f2a1ef0e4#15:OK,SUCCESS,nextIndex:12,term:2,followerCommit:10
2020-06-27 08:28:10,041 [Listener at 127.0.0.1/46381] INFO  handler.ContextHandler (ContextHandler.java:doStop(1016)) - Stopped o.e.j.w.WebAppContext@68441b9c{ozoneManager,/,null,UNAVAILABLE}{file:/github/workspace/mnt/ozone/hadoop-ozone/integration-test/target/test-classes/webapps/ozoneManager}
2020-06-27 08:28:10,041 [Thread-471] DEBUG impl.RaftServerImpl (RaftServerImpl.java:logAppendEntries(928)) - 7f53e279-916a-4fed-90de-23e9c25f9e31@group-EDAE14BFB10F: succeeded to handle AppendEntries. Reply: a99a18fa-a15b-4cd6-a5fd-78034dfd05b4<-7f53e279-916a-4fed-90de-23e9c25f9e31#15:OK,SUCCESS,nextIndex:12,term:2,followerCommit:10
2020-06-27 08:28:10,043 [grpc-default-executor-3] DEBUG server.GrpcLogAppender (GrpcLogAppender.java:onNext(257)) - a99a18fa-a15b-4cd6-a5fd-78034dfd05b4@group-EDAE14BFB10F->7f53e279-916a-4fed-90de-23e9c25f9e31-AppendLogResponseHandler: received a reply a99a18fa-a15b-4cd6-a5fd-78034dfd05b4<-7f53e279-916a-4fed-90de-23e9c25f9e31#15:OK,SUCCESS,nextIndex:12,term:2,followerCommit:10, request=AppendEntriesRequest:cid=15,entriesCount=1,lastEntry=(t:2, i:11)
2020-06-27 08:28:10,044 [grpc-default-executor-3] DEBUG impl.RaftServerImpl (RaftServerImpl.java:logAppendEntries(928)) - 34efc206-1f67-4a18-aa05-bd0f2a1ef0e4@group-EDAE14BFB10F: receive appendEntries(a99a18fa-a15b-4cd6-a5fd-78034dfd05b4, 2, (t:2, i:11), 11, false, commits[a99a18fa-a15b-4cd6-a5fd-78034dfd05b4:c11, 7f53e279-916a-4fed-90de-23e9c25f9e31:c10, 34efc206-1f67-4a18-aa05-bd0f2a1ef0e4:c8], entries: (t:2, i:12), METADATAENTRY(c:11)
2020-06-27 08:28:10,045 [grpc-default-executor-5] DEBUG impl.RaftServerImpl (RaftServerImpl.java:logAppendEntries(928)) - 7f53e279-916a-4fed-90de-23e9c25f9e31@group-EDAE14BFB10F: receive appendEntries(a99a18fa-a15b-4cd6-a5fd-78034dfd05b4, 2, (t:2, i:11), 11, false, commits[a99a18fa-a15b-4cd6-a5fd-78034dfd05b4:c11, 7f53e279-916a-4fed-90de-23e9c25f9e31:c10, 34efc206-1f67-4a18-aa05-bd0f2a1ef0e4:c8], entries: (t:2, i:12), METADATAENTRY(c:11)
2020-06-27 08:28:10,048 [grpc-default-executor-5] DEBUG server.GrpcLogAppender (GrpcLogAppender.java:onNext(257)) - a99a18fa-a15b-4cd6-a5fd-78034dfd05b4@group-EDAE14BFB10F->34efc206-1f67-4a18-aa05-bd0f2a1ef0e4-AppendLogResponseHandler: received a reply a99a18fa-a15b-4cd6-a5fd-78034dfd05b4<-34efc206-1f67-4a18-aa05-bd0f2a1ef0e4#15:OK,SUCCESS,nextIndex:12,term:2,followerCommit:10, request=AppendEntriesRequest:cid=15,entriesCount=1,lastEntry=(t:2, i:11)
2020-06-27 08:28:10,048 [Thread-475] DEBUG impl.RaftServerImpl (RaftServerImpl.java:logAppendEntries(928)) - 7f53e279-916a-4fed-90de-23e9c25f9e31@group-EDAE14BFB10F: succeeded to handle AppendEntries. Reply: a99a18fa-a15b-4cd6-a5fd-78034dfd05b4<-7f53e279-916a-4fed-90de-23e9c25f9e31#16:OK,SUCCESS,nextIndex:13,term:2,followerCommit:11
2020-06-27 08:28:10,049 [Listener at 127.0.0.1/46381] INFO  server.AbstractConnector (AbstractConnector.java:doStop(380)) - Stopped ServerConnector@332b410d{HTTP/1.1,[http/1.1]}{0.0.0.0:0}
2020-06-27 08:28:10,049 [grpc-default-executor-5] DEBUG server.GrpcLogAppender (GrpcLogAppender.java:onNext(257)) - a99a18fa-a15b-4cd6-a5fd-78034dfd05b4@group-EDAE14BFB10F->7f53e279-916a-4fed-90de-23e9c25f9e31-AppendLogResponseHandler: received a reply a99a18fa-a15b-4cd6-a5fd-78034dfd05b4<-7f53e279-916a-4fed-90de-23e9c25f9e31#16:OK,SUCCESS,nextIndex:13,term:2,followerCommit:11, request=AppendEntriesRequest:cid=16,entriesCount=1,lastEntry=(t:2, i:12)
2020-06-27 08:28:10,050 [Listener at 127.0.0.1/46381] INFO  server.session (HouseKeeper.java:stopScavenging(158)) - node0 Stopped scavenging
2020-06-27 08:28:10,050 [Thread-474] DEBUG impl.RaftServerImpl (RaftServerImpl.java:logAppendEntries(928)) - 34efc206-1f67-4a18-aa05-bd0f2a1ef0e4@group-EDAE14BFB10F: succeeded to handle AppendEntries. Reply: a99a18fa-a15b-4cd6-a5fd-78034dfd05b4<-34efc206-1f67-4a18-aa05-bd0f2a1ef0e4#16:OK,SUCCESS,nextIndex:13,term:2,followerCommit:11
2020-06-27 08:28:10,051 [grpc-default-executor-5] DEBUG server.GrpcLogAppender (GrpcLogAppender.java:onNext(257)) - a99a18fa-a15b-4cd6-a5fd-78034dfd05b4@group-EDAE14BFB10F->34efc206-1f67-4a18-aa05-bd0f2a1ef0e4-AppendLogResponseHandler: received a reply a99a18fa-a15b-4cd6-a5fd-78034dfd05b4<-34efc206-1f67-4a18-aa05-bd0f2a1ef0e4#16:OK,SUCCESS,nextIndex:13,term:2,followerCommit:11, request=AppendEntriesRequest:cid=16,entriesCount=1,lastEntry=(t:2, i:12)
2020-06-27 08:28:10,052 [Listener at 127.0.0.1/46381] INFO  handler.ContextHandler (ContextHandler.java:doStop(1016)) - Stopped o.e.j.s.ServletContextHandler@1f090ad{static,/static,file:///github/workspace/mnt/ozone/hadoop-ozone/integration-test/target/test-classes/webapps/static,UNAVAILABLE}
2020-06-27 08:28:10,052 [Listener at 127.0.0.1/46381] INFO  handler.ContextHandler (ContextHandler.java:doStop(1016)) - Stopped o.e.j.s.ServletContextHandler@2597d46b{logs,/logs,file:///github/workspace/mnt/ozone/hadoop-ozone/integration-test/target/log,UNAVAILABLE}
2020-06-27 08:28:10,055 [Listener at 127.0.0.1/46381] INFO  ozone.MiniOzoneClusterImpl (MiniOzoneClusterImpl.java:stopDatanodes(461)) - Stopping the HddsDatanodes
2020-06-27 08:28:10,942 [Datanode State Machine Thread - 0] INFO  statemachine.DatanodeStateMachine (DatanodeStateMachine.java:lambda$startDaemon$0(380)) - Ozone container server started.
2020-06-27 08:28:10,981 [grpc-default-executor-5] DEBUG server.GrpcLogAppender (GrpcLogAppender.java:onNext(257)) - 7ac2bac4-ea14-4a92-ad00-7ecf8c69770d@group-DE40DCD8EE57->addd0e4b-8b83-4fcf-9561-846eae7ff551-AppendLogResponseHandler: received a reply 7ac2bac4-ea14-4a92-ad00-7ecf8c69770d<-addd0e4b-8b83-4fcf-9561-846eae7ff551#7:OK,SUCCESS,nextIndex:1,term:1,followerCommit:0, request=AppendEntriesRequest:cid=7,entriesCount=0,lastEntry=null
2020-06-27 08:28:10,986 [grpc-default-executor-5] DEBUG server.GrpcLogAppender (GrpcLogAppender.java:onNext(257)) - 7ac2bac4-ea14-4a92-ad00-7ecf8c69770d@group-DE40DCD8EE57->21e928e7-b178-40d2-b19b-ea853389ee6e-AppendLogResponseHandler: received a reply 7ac2bac4-ea14-4a92-ad00-7ecf8c69770d<-21e928e7-b178-40d2-b19b-ea853389ee6e#7:OK,SUCCESS,nextIndex:1,term:1,followerCommit:0, request=AppendEntriesRequest:cid=7,entriesCount=0,lastEntry=null
2020-06-27 08:28:11,012 [Datanode State Machine Thread - 0] INFO  statemachine.DatanodeStateMachine (DatanodeStateMachine.java:lambda$startDaemon$0(380)) - Ozone container server started.
2020-06-27 08:28:11,878 [grpc-default-executor-5] DEBUG server.GrpcLogAppender (GrpcLogAppender.java:onNext(257)) - 34efc206-1f67-4a18-aa05-bd0f2a1ef0e4@group-11D1A0DB352F->a99a18fa-a15b-4cd6-a5fd-78034dfd05b4-AppendLogResponseHandler: received a reply 34efc206-1f67-4a18-aa05-bd0f2a1ef0e4<-a99a18fa-a15b-4cd6-a5fd-78034dfd05b4#7:OK,SUCCESS,nextIndex:1,term:1,followerCommit:0, request=AppendEntriesRequest:cid=7,entriesCount=0,lastEntry=null
2020-06-27 08:28:11,883 [grpc-default-executor-5] DEBUG server.GrpcLogAppender (GrpcLogAppender.java:onNext(257)) - 34efc206-1f67-4a18-aa05-bd0f2a1ef0e4@group-11D1A0DB352F->7f53e279-916a-4fed-90de-23e9c25f9e31-AppendLogResponseHandler: received a reply 34efc206-1f67-4a18-aa05-bd0f2a1ef0e4<-7f53e279-916a-4fed-90de-23e9c25f9e31#7:OK,SUCCESS,nextIndex:1,term:1,followerCommit:0, request=AppendEntriesRequest:cid=7,entriesCount=0,lastEntry=null
2020-06-27 08:28:12,006 [grpc-default-executor-5] DEBUG server.GrpcLogAppender (GrpcLogAppender.java:onNext(257)) - 7ac2bac4-ea14-4a92-ad00-7ecf8c69770d@group-4F5E8EC33368->21e928e7-b178-40d2-b19b-ea853389ee6e-AppendLogResponseHandler: received a reply 7ac2bac4-ea14-4a92-ad00-7ecf8c69770d<-21e928e7-b178-40d2-b19b-ea853389ee6e#10:OK,SUCCESS,nextIndex:5,term:1,followerCommit:4, request=AppendEntriesRequest:cid=10,entriesCount=0,lastEntry=null
2020-06-27 08:28:12,085 [grpc-default-executor-5] DEBUG server.GrpcLogAppender (GrpcLogAppender.java:onNext(257)) - 7ac2bac4-ea14-4a92-ad00-7ecf8c69770d@group-4F5E8EC33368->addd0e4b-8b83-4fcf-9561-846eae7ff551-AppendLogResponseHandler: received a reply 7ac2bac4-ea14-4a92-ad00-7ecf8c69770d<-addd0e4b-8b83-4fcf-9561-846eae7ff551#11:OK,SUCCESS,nextIndex:5,term:1,followerCommit:4, request=AppendEntriesRequest:cid=11,entriesCount=0,lastEntry=null
2020-06-27 08:28:12,556 [grpc-default-executor-5] DEBUG server.GrpcLogAppender (GrpcLogAppender.java:onNext(257)) - a99a18fa-a15b-4cd6-a5fd-78034dfd05b4@group-EDAE14BFB10F->7f53e279-916a-4fed-90de-23e9c25f9e31-AppendLogResponseHandler: received a reply a99a18fa-a15b-4cd6-a5fd-78034dfd05b4<-7f53e279-916a-4fed-90de-23e9c25f9e31#17:OK,SUCCESS,nextIndex:13,term:2,followerCommit:12, request=AppendEntriesRequest:cid=17,entriesCount=0,lastEntry=null
2020-06-27 08:28:12,559 [grpc-default-executor-3] DEBUG server.GrpcLogAppender (GrpcLogAppender.java:onNext(257)) - a99a18fa-a15b-4cd6-a5fd-78034dfd05b4@group-EDAE14BFB10F->34efc206-1f67-4a18-aa05-bd0f2a1ef0e4-AppendLogResponseHandler: received a reply a99a18fa-a15b-4cd6-a5fd-78034dfd05b4<-34efc206-1f67-4a18-aa05-bd0f2a1ef0e4#17:OK,SUCCESS,nextIndex:13,term:2,followerCommit:12, request=AppendEntriesRequest:cid=17,entriesCount=0,lastEntry=null
2020-06-27 08:28:13,484 [grpc-default-executor-3] DEBUG server.GrpcLogAppender (GrpcLogAppender.java:onNext(257)) - 7ac2bac4-ea14-4a92-ad00-7ecf8c69770d@group-DE40DCD8EE57->addd0e4b-8b83-4fcf-9561-846eae7ff551-AppendLogResponseHandler: received a reply 7ac2bac4-ea14-4a92-ad00-7ecf8c69770d<-addd0e4b-8b83-4fcf-9561-846eae7ff551#8:OK,SUCCESS,nextIndex:1,term:1,followerCommit:0, request=AppendEntriesRequest:cid=8,entriesCount=0,lastEntry=null
2020-06-27 08:28:13,487 [grpc-default-executor-3] DEBUG server.GrpcLogAppender (GrpcLogAppender.java:onNext(257)) - 7ac2bac4-ea14-4a92-ad00-7ecf8c69770d@group-DE40DCD8EE57->21e928e7-b178-40d2-b19b-ea853389ee6e-AppendLogResponseHandler: received a reply 7ac2bac4-ea14-4a92-ad00-7ecf8c69770d<-21e928e7-b178-40d2-b19b-ea853389ee6e#8:OK,SUCCESS,nextIndex:1,term:1,followerCommit:0, request=AppendEntriesRequest:cid=8,entriesCount=0,lastEntry=null
2020-06-27 08:28:14,381 [grpc-default-executor-3] DEBUG server.GrpcLogAppender (GrpcLogAppender.java:onNext(257)) - 34efc206-1f67-4a18-aa05-bd0f2a1ef0e4@group-11D1A0DB352F->a99a18fa-a15b-4cd6-a5fd-78034dfd05b4-AppendLogResponseHandler: received a reply 34efc206-1f67-4a18-aa05-bd0f2a1ef0e4<-a99a18fa-a15b-4cd6-a5fd-78034dfd05b4#8:OK,SUCCESS,nextIndex:1,term:1,followerCommit:0, request=AppendEntriesRequest:cid=8,entriesCount=0,lastEntry=null
2020-06-27 08:28:14,385 [grpc-default-executor-3] DEBUG server.GrpcLogAppender (GrpcLogAppender.java:onNext(257)) - 34efc206-1f67-4a18-aa05-bd0f2a1ef0e4@group-11D1A0DB352F->7f53e279-916a-4fed-90de-23e9c25f9e31-AppendLogResponseHandler: received a reply 34efc206-1f67-4a18-aa05-bd0f2a1ef0e4<-7f53e279-916a-4fed-90de-23e9c25f9e31#8:OK,SUCCESS,nextIndex:1,term:1,followerCommit:0, request=AppendEntriesRequest:cid=8,entriesCount=0,lastEntry=null
2020-06-27 08:28:14,508 [grpc-default-executor-3] DEBUG server.GrpcLogAppender (GrpcLogAppender.java:onNext(257)) - 7ac2bac4-ea14-4a92-ad00-7ecf8c69770d@group-4F5E8EC33368->21e928e7-b178-40d2-b19b-ea853389ee6e-AppendLogResponseHandler: received a reply 7ac2bac4-ea14-4a92-ad00-7ecf8c69770d<-21e928e7-b178-40d2-b19b-ea853389ee6e#11:OK,SUCCESS,nextIndex:5,term:1,followerCommit:4, request=AppendEntriesRequest:cid=11,entriesCount=0,lastEntry=null
2020-06-27 08:28:14,587 [grpc-default-executor-3] DEBUG server.GrpcLogAppender (GrpcLogAppender.java:onNext(257)) - 7ac2bac4-ea14-4a92-ad00-7ecf8c69770d@group-4F5E8EC33368->addd0e4b-8b83-4fcf-9561-846eae7ff551-AppendLogResponseHandler: received a reply 7ac2bac4-ea14-4a92-ad00-7ecf8c69770d<-addd0e4b-8b83-4fcf-9561-846eae7ff551#12:OK,SUCCESS,nextIndex:5,term:1,followerCommit:4, request=AppendEntriesRequest:cid=12,entriesCount=0,lastEntry=null
2020-06-27 08:28:15,056 [ForkJoinPool.commonPool-worker-0] INFO  ozoneimpl.OzoneContainer (OzoneContainer.java:stop(246)) - Attempting to stop container services.
2020-06-27 08:28:15,056 [Listener at 127.0.0.1/46381] INFO  ozoneimpl.OzoneContainer (OzoneContainer.java:stop(246)) - Attempting to stop container services.
2020-06-27 08:28:15,058 [Listener at 127.0.0.1/46381] INFO  impl.RaftServerProxy (RaftServerProxy.java:lambda$close$4(319)) - 7f53e279-916a-4fed-90de-23e9c25f9e31: close
2020-06-27 08:28:15,059 [Listener at 127.0.0.1/46381] INFO  impl.RaftServerImpl (RaftServerImpl.java:lambda$shutdown$3(252)) - 7f53e279-916a-4fed-90de-23e9c25f9e31@group-20229F0E4A6C: shutdown
2020-06-27 08:28:15,061 [Listener at 127.0.0.1/46381] INFO  util.JmxRegister (JmxRegister.java:unregister(73)) - Successfully un-registered JMX Bean with object name Ratis:service=RaftServer,group=group-20229F0E4A6C,id=7f53e279-916a-4fed-90de-23e9c25f9e31
2020-06-27 08:28:15,061 [Listener at 127.0.0.1/46381] INFO  impl.RoleInfo (RoleInfo.java:shutdownLeaderState(104)) - 7f53e279-916a-4fed-90de-23e9c25f9e31: shutdown LeaderState
2020-06-27 08:28:15,061 [Listener at 127.0.0.1/46381] INFO  impl.PendingRequests (PendingRequests.java:sendNotLeaderResponses(249)) - 7f53e279-916a-4fed-90de-23e9c25f9e31@group-20229F0E4A6C-PendingRequests: sendNotLeaderResponses
2020-06-27 08:28:15,062 [ForkJoinPool.commonPool-worker-0] INFO  impl.RaftServerProxy (RaftServerProxy.java:lambda$close$4(319)) - 7ac2bac4-ea14-4a92-ad00-7ecf8c69770d: close
2020-06-27 08:28:15,062 [ForkJoinPool.commonPool-worker-0] INFO  impl.RaftServerImpl (RaftServerImpl.java:lambda$shutdown$3(252)) - 7ac2bac4-ea14-4a92-ad00-7ecf8c69770d@group-DE40DCD8EE57: shutdown
2020-06-27 08:28:15,062 [ForkJoinPool.commonPool-worker-0] INFO  util.JmxRegister (JmxRegister.java:unregister(73)) - Successfully un-registered JMX Bean with object name Ratis:service=RaftServer,group=group-DE40DCD8EE57,id=7ac2bac4-ea14-4a92-ad00-7ecf8c69770d
2020-06-27 08:28:15,062 [ForkJoinPool.commonPool-worker-0] INFO  impl.RoleInfo (RoleInfo.java:shutdownLeaderState(104)) - 7ac2bac4-ea14-4a92-ad00-7ecf8c69770d: shutdown LeaderState
2020-06-27 08:28:15,062 [ForkJoinPool.commonPool-worker-0] INFO  metrics.RatisMetrics (RatisMetrics.java:unregister(43)) - Unregistering Metrics Registry : ratis_grpc.log_appender.7ac2bac4-ea14-4a92-ad00-7ecf8c69770d@group-DE40DCD8EE57
2020-06-27 08:28:15,065 [Listener at 127.0.0.1/46381] INFO  metrics.RatisMetrics (RatisMetrics.java:unregister(43)) - Unregistering Metrics Registry : ratis.log_appender.7f53e279-916a-4fed-90de-23e9c25f9e31@group-20229F0E4A6C
2020-06-27 08:28:15,066 [Listener at 127.0.0.1/46381] INFO  metrics.RatisMetrics (RatisMetrics.java:unregister(43)) - Unregistering Metrics Registry : ratis.server.7f53e279-916a-4fed-90de-23e9c25f9e31@group-20229F0E4A6C
2020-06-27 08:28:15,066 [Listener at 127.0.0.1/46381] INFO  impl.StateMachineUpdater (StateMachineUpdater.java:stopAndJoin(142)) - 7f53e279-916a-4fed-90de-23e9c25f9e31@group-20229F0E4A6C-StateMachineUpdater: set stopIndex = 0
2020-06-27 08:28:15,067 [7f53e279-916a-4fed-90de-23e9c25f9e31@group-20229F0E4A6C-StateMachineUpdater] INFO  ratis.ContainerStateMachine (ContainerStateMachine.java:takeSnapshot(294)) - group-20229F0E4A6C: Taking a snapshot at:(t:1, i:0) file /github/workspace/mnt/ozone/hadoop-ozone/integration-test/target/test-dir/MiniOzoneClusterImpl-8eb50a3f-c1ff-437a-8e18-e0505f09b26f/datanode-4/data/ratis/fd90656e-7391-4305-8f48-20229f0e4a6c/sm/snapshot.1_0
2020-06-27 08:28:15,076 [grpc-default-executor-5] DEBUG server.GrpcLogAppender (GrpcLogAppender.java:onNext(257)) - a99a18fa-a15b-4cd6-a5fd-78034dfd05b4@group-EDAE14BFB10F->34efc206-1f67-4a18-aa05-bd0f2a1ef0e4-AppendLogResponseHandler: received a reply a99a18fa-a15b-4cd6-a5fd-78034dfd05b4<-34efc206-1f67-4a18-aa05-bd0f2a1ef0e4#18:OK,SUCCESS,nextIndex:13,term:2,followerCommit:12, request=AppendEntriesRequest:cid=18,entriesCount=0,lastEntry=null
2020-06-27 08:28:15,076 [org.apache.ratis.server.impl.LogAppender$AppenderDaemon$$Lambda$438/1414974630@7028b24b] WARN  server.GrpcLogAppender (GrpcLogAppender.java:mayWait(153)) - 7ac2bac4-ea14-4a92-ad00-7ecf8c69770d@group-DE40DCD8EE57->21e928e7-b178-40d2-b19b-ea853389ee6e-GrpcLogAppender: Wait interrupted by java.lang.InterruptedException
2020-06-27 08:28:15,076 [ForkJoinPool.commonPool-worker-0] INFO  metrics.RatisMetrics (RatisMetrics.java:unregister(43)) - Unregistering Metrics Registry : ratis_grpc.log_appender.7ac2bac4-ea14-4a92-ad00-7ecf8c69770d@group-DE40DCD8EE57
2020-06-27 08:28:15,077 [ForkJoinPool.commonPool-worker-0] INFO  impl.PendingRequests (PendingRequests.java:sendNotLeaderResponses(249)) - 7ac2bac4-ea14-4a92-ad00-7ecf8c69770d@group-DE40DCD8EE57-PendingRequests: sendNotLeaderResponses
2020-06-27 08:28:15,080 [ForkJoinPool.commonPool-worker-0] INFO  metrics.RatisMetrics (RatisMetrics.java:unregister(43)) - Unregistering Metrics Registry : ratis.log_appender.7ac2bac4-ea14-4a92-ad00-7ecf8c69770d@group-DE40DCD8EE57
2020-06-27 08:28:15,080 [ForkJoinPool.commonPool-worker-0] INFO  metrics.RatisMetrics (RatisMetrics.java:unregister(43)) - Unregistering Metrics Registry : ratis.server.7ac2bac4-ea14-4a92-ad00-7ecf8c69770d@group-DE40DCD8EE57
2020-06-27 08:28:15,080 [org.apache.ratis.server.impl.LogAppender$AppenderDaemon$$Lambda$438/1414974630@58cc5ba1] WARN  server.GrpcLogAppender (GrpcLogAppender.java:mayWait(153)) - 7ac2bac4-ea14-4a92-ad00-7ecf8c69770d@group-DE40DCD8EE57->addd0e4b-8b83-4fcf-9561-846eae7ff551-GrpcLogAppender: Wait interrupted by java.lang.InterruptedException
2020-06-27 08:28:15,080 [ForkJoinPool.commonPool-worker-0] INFO  impl.StateMachineUpdater (StateMachineUpdater.java:stopAndJoin(142)) - 7ac2bac4-ea14-4a92-ad00-7ecf8c69770d@group-DE40DCD8EE57-StateMachineUpdater: set stopIndex = 0
2020-06-27 08:28:15,081 [grpc-default-executor-3] DEBUG server.GrpcLogAppender (GrpcLogAppender.java:onNext(257)) - a99a18fa-a15b-4cd6-a5fd-78034dfd05b4@group-EDAE14BFB10F->7f53e279-916a-4fed-90de-23e9c25f9e31-AppendLogResponseHandler: received a reply a99a18fa-a15b-4cd6-a5fd-78034dfd05b4<-7f53e279-916a-4fed-90de-23e9c25f9e31#18:OK,SUCCESS,nextIndex:13,term:2,followerCommit:12, request=AppendEntriesRequest:cid=18,entriesCount=0,lastEntry=null
2020-06-27 08:28:15,081 [7ac2bac4-ea14-4a92-ad00-7ecf8c69770d@group-DE40DCD8EE57-StateMachineUpdater] INFO  ratis.ContainerStateMachine (ContainerStateMachine.java:takeSnapshot(294)) - group-DE40DCD8EE57: Taking a snapshot at:(t:1, i:0) file /github/workspace/mnt/ozone/hadoop-ozone/integration-test/target/test-dir/MiniOzoneClusterImpl-8eb50a3f-c1ff-437a-8e18-e0505f09b26f/datanode-1/data/ratis/19f6dbb0-0442-4a6e-86d0-de40dcd8ee57/sm/snapshot.1_0
2020-06-27 08:28:15,078 [grpc-default-executor-5] INFO  server.GrpcServerProtocolService (GrpcServerProtocolService.java:onCompleted(138)) - 21e928e7-b178-40d2-b19b-ea853389ee6e: Completed APPEND_ENTRIES, lastRequest: 7ac2bac4-ea14-4a92-ad00-7ecf8c69770d->21e928e7-b178-40d2-b19b-ea853389ee6e#1-t1, previous=(t:0, i:0), leaderCommit=-1, initializing? false, entries: size=1, first=(t:1, i:0), CONFIGURATIONENTRY
2020-06-27 08:28:15,082 [7ac2bac4-ea14-4a92-ad00-7ecf8c69770d@group-DE40DCD8EE57-StateMachineUpdater] INFO  ratis.ContainerStateMachine (ContainerStateMachine.java:takeSnapshot(305)) - group-DE40DCD8EE57: Finished taking a snapshot at:(t:1, i:0) file:/github/workspace/mnt/ozone/hadoop-ozone/integration-test/target/test-dir/MiniOzoneClusterImpl-8eb50a3f-c1ff-437a-8e18-e0505f09b26f/datanode-1/data/ratis/19f6dbb0-0442-4a6e-86d0-de40dcd8ee57/sm/snapshot.1_0 time:1
2020-06-27 08:28:15,081 [grpc-default-executor-4] INFO  server.GrpcServerProtocolService (GrpcServerProtocolService.java:onCompleted(138)) - addd0e4b-8b83-4fcf-9561-846eae7ff551: Completed APPEND_ENTRIES, lastRequest: 7ac2bac4-ea14-4a92-ad00-7ecf8c69770d->addd0e4b-8b83-4fcf-9561-846eae7ff551#1-t1, previous=(t:0, i:0), leaderCommit=-1, initializing? false, entries: size=1, first=(t:1, i:0), CONFIGURATIONENTRY
2020-06-27 08:28:15,083 [7ac2bac4-ea14-4a92-ad00-7ecf8c69770d@group-DE40DCD8EE57-StateMachineUpdater] INFO  impl.StateMachineUpdater (StateMachineUpdater.java:takeSnapshot(277)) - 7ac2bac4-ea14-4a92-ad00-7ecf8c69770d@group-DE40DCD8EE57-StateMachineUpdater: Took a snapshot at index 0
2020-06-27 08:28:15,085 [7ac2bac4-ea14-4a92-ad00-7ecf8c69770d@group-DE40DCD8EE57-StateMachineUpdater] INFO  impl.StateMachineUpdater (StateMachineUpdater.java:lambda$new$0(87)) - 7ac2bac4-ea14-4a92-ad00-7ecf8c69770d@group-DE40DCD8EE57-StateMachineUpdater: snapshotIndex: updateIncreasingly -1 -> 0
2020-06-27 08:28:15,085 [grpc-default-executor-3] INFO  server.GrpcLogAppender (GrpcLogAppender.java:onCompleted(319)) - 7ac2bac4-ea14-4a92-ad00-7ecf8c69770d@group-DE40DCD8EE57->21e928e7-b178-40d2-b19b-ea853389ee6e-AppendLogResponseHandler: follower responses appendEntries COMPLETED
2020-06-27 08:28:15,090 [7f53e279-916a-4fed-90de-23e9c25f9e31@group-20229F0E4A6C-StateMachineUpdater] INFO  ratis.ContainerStateMachine (ContainerStateMachine.java:takeSnapshot(305)) - group-20229F0E4A6C: Finished taking a snapshot at:(t:1, i:0) file:/github/workspace/mnt/ozone/hadoop-ozone/integration-test/target/test-dir/MiniOzoneClusterImpl-8eb50a3f-c1ff-437a-8e18-e0505f09b26f/datanode-4/data/ratis/fd90656e-7391-4305-8f48-20229f0e4a6c/sm/snapshot.1_0 time:23
2020-06-27 08:28:15,094 [grpc-default-executor-4] INFO  server.GrpcLogAppender (GrpcLogAppender.java:onCompleted(319)) - 7ac2bac4-ea14-4a92-ad00-7ecf8c69770d@group-DE40DCD8EE57->addd0e4b-8b83-4fcf-9561-846eae7ff551-AppendLogResponseHandler: follower responses appendEntries COMPLETED
2020-06-27 08:28:15,093 [7ac2bac4-ea14-4a92-ad00-7ecf8c69770d@group-DE40DCD8EE57-StateMachineUpdater] INFO  metrics.RatisMetrics (RatisMetrics.java:unregister(43)) - Unregistering Metrics Registry : ratis.state_machine.7ac2bac4-ea14-4a92-ad00-7ecf8c69770d@group-DE40DCD8EE57
2020-06-27 08:28:15,095 [ForkJoinPool.commonPool-worker-0] INFO  impl.RaftServerImpl (ServerState.java:close(387)) - 7ac2bac4-ea14-4a92-ad00-7ecf8c69770d@group-DE40DCD8EE57: closes. applyIndex: 0
2020-06-27 08:28:15,096 [7ac2bac4-ea14-4a92-ad00-7ecf8c69770d@group-DE40DCD8EE57-SegmentedRaftLogWorker] INFO  segmented.SegmentedRaftLogWorker (SegmentedRaftLogWorker.java:run(327)) - 7ac2bac4-ea14-4a92-ad00-7ecf8c69770d@group-DE40DCD8EE57-SegmentedRaftLogWorker was interrupted, exiting. There are 0 tasks remaining in the queue.
2020-06-27 08:28:15,097 [7f53e279-916a-4fed-90de-23e9c25f9e31@group-20229F0E4A6C-StateMachineUpdater] INFO  impl.StateMachineUpdater (StateMachineUpdater.java:takeSnapshot(277)) - 7f53e279-916a-4fed-90de-23e9c25f9e31@group-20229F0E4A6C-StateMachineUpdater: Took a snapshot at index 0
2020-06-27 08:28:15,097 [7f53e279-916a-4fed-90de-23e9c25f9e31@group-20229F0E4A6C-StateMachineUpdater] INFO  impl.StateMachineUpdater (StateMachineUpdater.java:lambda$new$0(87)) - 7f53e279-916a-4fed-90de-23e9c25f9e31@group-20229F0E4A6C-StateMachineUpdater: snapshotIndex: updateIncreasingly -1 -> 0
2020-06-27 08:28:15,097 [7f53e279-916a-4fed-90de-23e9c25f9e31@group-20229F0E4A6C-StateMachineUpdater] INFO  metrics.RatisMetrics (RatisMetrics.java:unregister(43)) - Unregistering Metrics Registry : ratis.state_machine.7f53e279-916a-4fed-90de-23e9c25f9e31@group-20229F0E4A6C
2020-06-27 08:28:15,097 [Listener at 127.0.0.1/46381] INFO  impl.RaftServerImpl (ServerState.java:close(387)) - 7f53e279-916a-4fed-90de-23e9c25f9e31@group-20229F0E4A6C: closes. applyIndex: 0
2020-06-27 08:28:15,097 [7f53e279-916a-4fed-90de-23e9c25f9e31@group-20229F0E4A6C-SegmentedRaftLogWorker] INFO  segmented.SegmentedRaftLogWorker (SegmentedRaftLogWorker.java:run(327)) - 7f53e279-916a-4fed-90de-23e9c25f9e31@group-20229F0E4A6C-SegmentedRaftLogWorker was interrupted, exiting. There are 0 tasks remaining in the queue.
2020-06-27 08:28:15,109 [ForkJoinPool.commonPool-worker-0] INFO  segmented.SegmentedRaftLogWorker (SegmentedRaftLogWorker.java:close(234)) - 7ac2bac4-ea14-4a92-ad00-7ecf8c69770d@group-DE40DCD8EE57-SegmentedRaftLogWorker close()
2020-06-27 08:28:15,109 [Listener at 127.0.0.1/46381] INFO  segmented.SegmentedRaftLogWorker (SegmentedRaftLogWorker.java:close(234)) - 7f53e279-916a-4fed-90de-23e9c25f9e31@group-20229F0E4A6C-SegmentedRaftLogWorker close()
2020-06-27 08:28:15,112 [ForkJoinPool.commonPool-worker-0] INFO  metrics.RatisMetrics (RatisMetrics.java:unregister(43)) - Unregistering Metrics Registry : ratis.log_worker.7ac2bac4-ea14-4a92-ad00-7ecf8c69770d@group-DE40DCD8EE57
2020-06-27 08:28:15,112 [ForkJoinPool.commonPool-worker-0] INFO  metrics.RatisMetrics (RatisMetrics.java:unregister(43)) - Unregistering Metrics Registry : ratis.leader_election.7ac2bac4-ea14-4a92-ad00-7ecf8c69770d@group-DE40DCD8EE57
2020-06-27 08:28:15,112 [ForkJoinPool.commonPool-worker-0] INFO  metrics.RatisMetrics (RatisMetrics.java:unregister(43)) - Unregistering Metrics Registry : ratis.server.7ac2bac4-ea14-4a92-ad00-7ecf8c69770d@group-DE40DCD8EE57
2020-06-27 08:28:15,113 [ForkJoinPool.commonPool-worker-0] INFO  impl.RaftServerImpl (RaftServerImpl.java:lambda$shutdown$3(252)) - 7ac2bac4-ea14-4a92-ad00-7ecf8c69770d@group-420AD1130D14: shutdown
2020-06-27 08:28:15,113 [ForkJoinPool.commonPool-worker-0] INFO  util.JmxRegister (JmxRegister.java:unregister(73)) - Successfully un-registered JMX Bean with object name Ratis:service=RaftServer,group=group-420AD1130D14,id=7ac2bac4-ea14-4a92-ad00-7ecf8c69770d
2020-06-27 08:28:15,113 [ForkJoinPool.commonPool-worker-0] INFO  impl.RoleInfo (RoleInfo.java:shutdownLeaderState(104)) - 7ac2bac4-ea14-4a92-ad00-7ecf8c69770d: shutdown LeaderState
2020-06-27 08:28:15,113 [ForkJoinPool.commonPool-worker-0] INFO  impl.PendingRequests (PendingRequests.java:sendNotLeaderResponses(249)) - 7ac2bac4-ea14-4a92-ad00-7ecf8c69770d@group-420AD1130D14-PendingRequests: sendNotLeaderResponses
2020-06-27 08:28:15,113 [ForkJoinPool.commonPool-worker-0] INFO  metrics.RatisMetrics (RatisMetrics.java:unregister(43)) - Unregistering Metrics Registry : ratis.log_appender.7ac2bac4-ea14-4a92-ad00-7ecf8c69770d@group-420AD1130D14
2020-06-27 08:28:15,113 [ForkJoinPool.commonPool-worker-0] INFO  metrics.RatisMetrics (RatisMetrics.java:unregister(43)) - Unregistering Metrics Registry : ratis.server.7ac2bac4-ea14-4a92-ad00-7ecf8c69770d@group-420AD1130D14
2020-06-27 08:28:15,114 [Listener at 127.0.0.1/46381] INFO  metrics.RatisMetrics (RatisMetrics.java:unregister(43)) - Unregistering Metrics Registry : ratis.log_worker.7f53e279-916a-4fed-90de-23e9c25f9e31@group-20229F0E4A6C
2020-06-27 08:28:15,114 [Listener at 127.0.0.1/46381] INFO  metrics.RatisMetrics (RatisMetrics.java:unregister(43)) - Unregistering Metrics Registry : ratis.leader_election.7f53e279-916a-4fed-90de-23e9c25f9e31@group-20229F0E4A6C
2020-06-27 08:28:15,114 [Listener at 127.0.0.1/46381] INFO  metrics.RatisMetrics (RatisMetrics.java:unregister(43)) - Unregistering Metrics Registry : ratis.server.7f53e279-916a-4fed-90de-23e9c25f9e31@group-20229F0E4A6C
2020-06-27 08:28:15,114 [Listener at 127.0.0.1/46381] INFO  impl.RaftServerImpl (RaftServerImpl.java:lambda$shutdown$3(252)) - 7f53e279-916a-4fed-90de-23e9c25f9e31@group-EDAE14BFB10F: shutdown
2020-06-27 08:28:15,114 [Listener at 127.0.0.1/46381] INFO  util.JmxRegister (JmxRegister.java:unregister(73)) - Successfully un-registered JMX Bean with object name Ratis:service=RaftServer,group=group-EDAE14BFB10F,id=7f53e279-916a-4fed-90de-23e9c25f9e31
2020-06-27 08:28:15,114 [Listener at 127.0.0.1/46381] INFO  impl.RoleInfo (RoleInfo.java:shutdownFollowerState(121)) - 7f53e279-916a-4fed-90de-23e9c25f9e31: shutdown FollowerState
2020-06-27 08:28:15,114 [Listener at 127.0.0.1/46381] INFO  impl.StateMachineUpdater (StateMachineUpdater.java:stopAndJoin(142)) - 7f53e279-916a-4fed-90de-23e9c25f9e31@group-EDAE14BFB10F-StateMachineUpdater: set stopIndex = 12
2020-06-27 08:28:15,114 [Thread-377] INFO  impl.FollowerState (FollowerState.java:run(117)) - 7f53e279-916a-4fed-90de-23e9c25f9e31@group-EDAE14BFB10F-FollowerState was interrupted: java.lang.InterruptedException: sleep interrupted
2020-06-27 08:28:15,115 [ForkJoinPool.commonPool-worker-0] INFO  impl.StateMachineUpdater (StateMachineUpdater.java:stopAndJoin(142)) - 7ac2bac4-ea14-4a92-ad00-7ecf8c69770d@group-420AD1130D14-StateMachineUpdater: set stopIndex = 0
2020-06-27 08:28:15,115 [7f53e279-916a-4fed-90de-23e9c25f9e31@group-EDAE14BFB10F-StateMachineUpdater] INFO  ratis.ContainerStateMachine (ContainerStateMachine.java:takeSnapshot(294)) - group-EDAE14BFB10F: Taking a snapshot at:(t:2, i:12) file /github/workspace/mnt/ozone/hadoop-ozone/integration-test/target/test-dir/MiniOzoneClusterImpl-8eb50a3f-c1ff-437a-8e18-e0505f09b26f/datanode-4/data/ratis/9a651e83-1ed9-467f-9369-edae14bfb10f/sm/snapshot.2_12
2020-06-27 08:28:15,115 [7ac2bac4-ea14-4a92-ad00-7ecf8c69770d@group-420AD1130D14-StateMachineUpdater] INFO  ratis.ContainerStateMachine (ContainerStateMachine.java:takeSnapshot(294)) - group-420AD1130D14: Taking a snapshot at:(t:1, i:0) file /github/workspace/mnt/ozone/hadoop-ozone/integration-test/target/test-dir/MiniOzoneClusterImpl-8eb50a3f-c1ff-437a-8e18-e0505f09b26f/datanode-1/data/ratis/8e577ec2-9b88-4076-9040-420ad1130d14/sm/snapshot.1_0
2020-06-27 08:28:15,116 [7ac2bac4-ea14-4a92-ad00-7ecf8c69770d@group-420AD1130D14-StateMachineUpdater] INFO  ratis.ContainerStateMachine (ContainerStateMachine.java:takeSnapshot(305)) - group-420AD1130D14: Finished taking a snapshot at:(t:1, i:0) file:/github/workspace/mnt/ozone/hadoop-ozone/integration-test/target/test-dir/MiniOzoneClusterImpl-8eb50a3f-c1ff-437a-8e18-e0505f09b26f/datanode-1/data/ratis/8e577ec2-9b88-4076-9040-420ad1130d14/sm/snapshot.1_0 time:2
2020-06-27 08:28:15,117 [7ac2bac4-ea14-4a92-ad00-7ecf8c69770d@group-420AD1130D14-StateMachineUpdater] INFO  impl.StateMachineUpdater (StateMachineUpdater.java:takeSnapshot(277)) - 7ac2bac4-ea14-4a92-ad00-7ecf8c69770d@group-420AD1130D14-StateMachineUpdater: Took a snapshot at index 0
2020-06-27 08:28:15,117 [7ac2bac4-ea14-4a92-ad00-7ecf8c69770d@group-420AD1130D14-StateMachineUpdater] INFO  impl.StateMachineUpdater (StateMachineUpdater.java:lambda$new$0(87)) - 7ac2bac4-ea14-4a92-ad00-7ecf8c69770d@group-420AD1130D14-StateMachineUpdater: snapshotIndex: updateIncreasingly -1 -> 0
2020-06-27 08:28:15,117 [7ac2bac4-ea14-4a92-ad00-7ecf8c69770d@group-420AD1130D14-StateMachineUpdater] INFO  metrics.RatisMetrics (RatisMetrics.java:unregister(43)) - Unregistering Metrics Registry : ratis.state_machine.7ac2bac4-ea14-4a92-ad00-7ecf8c69770d@group-420AD1130D14
2020-06-27 08:28:15,117 [ForkJoinPool.commonPool-worker-0] INFO  impl.RaftServerImpl (ServerState.java:close(387)) - 7ac2bac4-ea14-4a92-ad00-7ecf8c69770d@group-420AD1130D14: closes. applyIndex: 0
2020-06-27 08:28:15,117 [7ac2bac4-ea14-4a92-ad00-7ecf8c69770d@group-420AD1130D14-SegmentedRaftLogWorker] INFO  segmented.SegmentedRaftLogWorker (SegmentedRaftLogWorker.java:run(327)) - 7ac2bac4-ea14-4a92-ad00-7ecf8c69770d@group-420AD1130D14-SegmentedRaftLogWorker was interrupted, exiting. There are 0 tasks remaining in the queue.
2020-06-27 08:28:15,119 [ForkJoinPool.commonPool-worker-0] INFO  segmented.SegmentedRaftLogWorker (SegmentedRaftLogWorker.java:close(234)) - 7ac2bac4-ea14-4a92-ad00-7ecf8c69770d@group-420AD1130D14-SegmentedRaftLogWorker close()
2020-06-27 08:28:15,119 [7f53e279-916a-4fed-90de-23e9c25f9e31@group-EDAE14BFB10F-StateMachineUpdater] INFO  ratis.ContainerStateMachine (ContainerStateMachine.java:takeSnapshot(305)) - group-EDAE14BFB10F: Finished taking a snapshot at:(t:2, i:12) file:/github/workspace/mnt/ozone/hadoop-ozone/integration-test/target/test-dir/MiniOzoneClusterImpl-8eb50a3f-c1ff-437a-8e18-e0505f09b26f/datanode-4/data/ratis/9a651e83-1ed9-467f-9369-edae14bfb10f/sm/snapshot.2_12 time:4
2020-06-27 08:28:15,119 [7f53e279-916a-4fed-90de-23e9c25f9e31@group-EDAE14BFB10F-StateMachineUpdater] INFO  impl.StateMachineUpdater (StateMachineUpdater.java:takeSnapshot(277)) - 7f53e279-916a-4fed-90de-23e9c25f9e31@group-EDAE14BFB10F-StateMachineUpdater: Took a snapshot at index 12
2020-06-27 08:28:15,119 [7f53e279-916a-4fed-90de-23e9c25f9e31@group-EDAE14BFB10F-StateMachineUpdater] INFO  impl.StateMachineUpdater (StateMachineUpdater.java:lambda$new$0(87)) - 7f53e279-916a-4fed-90de-23e9c25f9e31@group-EDAE14BFB10F-StateMachineUpdater: snapshotIndex: updateIncreasingly -1 -> 12
2020-06-27 08:28:15,121 [ForkJoinPool.commonPool-worker-0] INFO  metrics.RatisMetrics (RatisMetrics.java:unregister(43)) - Unregistering Metrics Registry : ratis.log_worker.7ac2bac4-ea14-4a92-ad00-7ecf8c69770d@group-420AD1130D14
2020-06-27 08:28:15,121 [ForkJoinPool.commonPool-worker-0] INFO  metrics.RatisMetrics (RatisMetrics.java:unregister(43)) - Unregistering Metrics Registry : ratis.leader_election.7ac2bac4-ea14-4a92-ad00-7ecf8c69770d@group-420AD1130D14
2020-06-27 08:28:15,121 [ForkJoinPool.commonPool-worker-0] INFO  metrics.RatisMetrics (RatisMetrics.java:unregister(43)) - Unregistering Metrics Registry : ratis.server.7ac2bac4-ea14-4a92-ad00-7ecf8c69770d@group-420AD1130D14
2020-06-27 08:28:15,122 [ForkJoinPool.commonPool-worker-0] INFO  impl.RaftServerImpl (RaftServerImpl.java:lambda$shutdown$3(252)) - 7ac2bac4-ea14-4a92-ad00-7ecf8c69770d@group-4F5E8EC33368: shutdown
2020-06-27 08:28:15,122 [ForkJoinPool.commonPool-worker-0] INFO  util.JmxRegister (JmxRegister.java:unregister(73)) - Successfully un-registered JMX Bean with object name Ratis:service=RaftServer,group=group-4F5E8EC33368,id=7ac2bac4-ea14-4a92-ad00-7ecf8c69770d
2020-06-27 08:28:15,122 [ForkJoinPool.commonPool-worker-0] INFO  impl.RoleInfo (RoleInfo.java:shutdownLeaderState(104)) - 7ac2bac4-ea14-4a92-ad00-7ecf8c69770d: shutdown LeaderState
2020-06-27 08:28:15,122 [ForkJoinPool.commonPool-worker-0] INFO  metrics.RatisMetrics (RatisMetrics.java:unregister(43)) - Unregistering Metrics Registry : ratis_grpc.log_appender.7ac2bac4-ea14-4a92-ad00-7ecf8c69770d@group-4F5E8EC33368
2020-06-27 08:28:15,122 [org.apache.ratis.server.impl.LogAppender$AppenderDaemon$$Lambda$438/1414974630@4ed20620] WARN  server.GrpcLogAppender (GrpcLogAppender.java:mayWait(153)) - 7ac2bac4-ea14-4a92-ad00-7ecf8c69770d@group-4F5E8EC33368->21e928e7-b178-40d2-b19b-ea853389ee6e-GrpcLogAppender: Wait interrupted by java.lang.InterruptedException
2020-06-27 08:28:15,123 [grpc-default-executor-5] INFO  server.GrpcServerProtocolService (GrpcServerProtocolService.java:onCompleted(138)) - 21e928e7-b178-40d2-b19b-ea853389ee6e: Completed APPEND_ENTRIES, lastRequest: 7ac2bac4-ea14-4a92-ad00-7ecf8c69770d->21e928e7-b178-40d2-b19b-ea853389ee6e#6-t1, previous=(t:1, i:3), leaderCommit=2, initializing? false, entries: size=1, first=(t:1, i:4), METADATAENTRY(c:2)
2020-06-27 08:28:15,124 [grpc-default-executor-5] INFO  server.GrpcLogAppender (GrpcLogAppender.java:onCompleted(319)) - 7ac2bac4-ea14-4a92-ad00-7ecf8c69770d@group-4F5E8EC33368->21e928e7-b178-40d2-b19b-ea853389ee6e-AppendLogResponseHandler: follower responses appendEntries COMPLETED
2020-06-27 08:28:15,124 [grpc-default-executor-5] INFO  impl.FollowerInfo (FollowerInfo.java:lambda$new$0(51)) - 7ac2bac4-ea14-4a92-ad00-7ecf8c69770d@group-4F5E8EC33368->21e928e7-b178-40d2-b19b-ea853389ee6e: nextIndex: updateUnconditionally 5 -> 4
2020-06-27 08:28:15,124 [ForkJoinPool.commonPool-worker-0] INFO  metrics.RatisMetrics (RatisMetrics.java:unregister(43)) - Unregistering Metrics Registry : ratis_grpc.log_appender.7ac2bac4-ea14-4a92-ad00-7ecf8c69770d@group-4F5E8EC33368
2020-06-27 08:28:15,124 [7f53e279-916a-4fed-90de-23e9c25f9e31@group-EDAE14BFB10F-StateMachineUpdater] INFO  metrics.RatisMetrics (RatisMetrics.java:unregister(43)) - Unregistering Metrics Registry : ratis.state_machine.7f53e279-916a-4fed-90de-23e9c25f9e31@group-EDAE14BFB10F
2020-06-27 08:28:15,125 [Listener at 127.0.0.1/46381] INFO  impl.RaftServerImpl (ServerState.java:close(387)) - 7f53e279-916a-4fed-90de-23e9c25f9e31@group-EDAE14BFB10F: closes. applyIndex: 12
2020-06-27 08:28:15,125 [7f53e279-916a-4fed-90de-23e9c25f9e31@group-EDAE14BFB10F-SegmentedRaftLogWorker] INFO  segmented.SegmentedRaftLogWorker (SegmentedRaftLogWorker.java:run(327)) - 7f53e279-916a-4fed-90de-23e9c25f9e31@group-EDAE14BFB10F-SegmentedRaftLogWorker was interrupted, exiting. There are 0 tasks remaining in the queue.
2020-06-27 08:28:15,127 [Listener at 127.0.0.1/46381] INFO  segmented.SegmentedRaftLogWorker (SegmentedRaftLogWorker.java:close(234)) - 7f53e279-916a-4fed-90de-23e9c25f9e31@group-EDAE14BFB10F-SegmentedRaftLogWorker close()
2020-06-27 08:28:15,127 [ForkJoinPool.commonPool-worker-0] INFO  impl.PendingRequests (PendingRequests.java:sendNotLeaderResponses(249)) - 7ac2bac4-ea14-4a92-ad00-7ecf8c69770d@group-4F5E8EC33368-PendingRequests: sendNotLeaderResponses
2020-06-27 08:28:15,127 [org.apache.ratis.server.impl.LogAppender$AppenderDaemon$$Lambda$438/1414974630@558b9327] WARN  server.GrpcLogAppender (GrpcLogAppender.java:mayWait(153)) - 7ac2bac4-ea14-4a92-ad00-7ecf8c69770d@group-4F5E8EC33368->addd0e4b-8b83-4fcf-9561-846eae7ff551-GrpcLogAppender: Wait interrupted by java.lang.InterruptedException
2020-06-27 08:28:15,127 [grpc-default-executor-3] INFO  impl.FollowerInfo (FollowerInfo.java:lambda$new$0(51)) - 7ac2bac4-ea14-4a92-ad00-7ecf8c69770d@group-DE40DCD8EE57->21e928e7-b178-40d2-b19b-ea853389ee6e: nextIndex: updateUnconditionally 1 -> 0
2020-06-27 08:28:15,128 [grpc-default-executor-3] INFO  server.GrpcServerProtocolService (GrpcServerProtocolService.java:onCompleted(138)) - addd0e4b-8b83-4fcf-9561-846eae7ff551: Completed APPEND_ENTRIES, lastRequest: 7ac2bac4-ea14-4a92-ad00-7ecf8c69770d->addd0e4b-8b83-4fcf-9561-846eae7ff551#7-t1, previous=(t:1, i:3), leaderCommit=2, initializing? false, entries: size=1, first=(t:1, i:4), METADATAENTRY(c:2)
2020-06-27 08:28:15,128 [grpc-default-executor-3] INFO  server.GrpcLogAppender (GrpcLogAppender.java:onCompleted(319)) - 7ac2bac4-ea14-4a92-ad00-7ecf8c69770d@group-4F5E8EC33368->addd0e4b-8b83-4fcf-9561-846eae7ff551-AppendLogResponseHandler: follower responses appendEntries COMPLETED
2020-06-27 08:28:15,129 [grpc-default-executor-3] INFO  impl.FollowerInfo (FollowerInfo.java:lambda$new$0(51)) - 7ac2bac4-ea14-4a92-ad00-7ecf8c69770d@group-4F5E8EC33368->addd0e4b-8b83-4fcf-9561-846eae7ff551: nextIndex: updateUnconditionally 5 -> 4
2020-06-27 08:28:15,136 [Listener at 127.0.0.1/46381] INFO  metrics.RatisMetrics (RatisMetrics.java:unregister(43)) - Unregistering Metrics Registry : ratis.log_worker.7f53e279-916a-4fed-90de-23e9c25f9e31@group-EDAE14BFB10F
2020-06-27 08:28:15,137 [Listener at 127.0.0.1/46381] INFO  metrics.RatisMetrics (RatisMetrics.java:unregister(43)) - Unregistering Metrics Registry : ratis.leader_election.7f53e279-916a-4fed-90de-23e9c25f9e31@group-EDAE14BFB10F
2020-06-27 08:28:15,137 [Listener at 127.0.0.1/46381] INFO  metrics.RatisMetrics (RatisMetrics.java:unregister(43)) - Unregistering Metrics Registry : ratis.server.7f53e279-916a-4fed-90de-23e9c25f9e31@group-EDAE14BFB10F
2020-06-27 08:28:15,137 [Listener at 127.0.0.1/46381] INFO  impl.RaftServerImpl (RaftServerImpl.java:lambda$shutdown$3(252)) - 7f53e279-916a-4fed-90de-23e9c25f9e31@group-11D1A0DB352F: shutdown
2020-06-27 08:28:15,137 [Listener at 127.0.0.1/46381] INFO  util.JmxRegister (JmxRegister.java:unregister(73)) - Successfully un-registered JMX Bean with object name Ratis:service=RaftServer,group=group-11D1A0DB352F,id=7f53e279-916a-4fed-90de-23e9c25f9e31
2020-06-27 08:28:15,137 [Listener at 127.0.0.1/46381] INFO  impl.RoleInfo (RoleInfo.java:shutdownFollowerState(121)) - 7f53e279-916a-4fed-90de-23e9c25f9e31: shutdown FollowerState
2020-06-27 08:28:15,137 [Listener at 127.0.0.1/46381] INFO  impl.StateMachineUpdater (StateMachineUpdater.java:stopAndJoin(142)) - 7f53e279-916a-4fed-90de-23e9c25f9e31@group-11D1A0DB352F-StateMachineUpdater: set stopIndex = 0
2020-06-27 08:28:15,137 [Thread-338] INFO  impl.FollowerState (FollowerState.java:run(117)) - 7f53e279-916a-4fed-90de-23e9c25f9e31@group-11D1A0DB352F-FollowerState was interrupted: java.lang.InterruptedException: sleep interrupted
2020-06-27 08:28:15,138 [ForkJoinPool.commonPool-worker-0] INFO  metrics.RatisMetrics (RatisMetrics.java:unregister(43)) - Unregistering Metrics Registry : ratis.log_appender.7ac2bac4-ea14-4a92-ad00-7ecf8c69770d@group-4F5E8EC33368
2020-06-27 08:28:15,138 [ForkJoinPool.commonPool-worker-0] INFO  metrics.RatisMetrics (RatisMetrics.java:unregister(43)) - Unregistering Metrics Registry : ratis.server.7ac2bac4-ea14-4a92-ad00-7ecf8c69770d@group-4F5E8EC33368
2020-06-27 08:28:15,139 [ForkJoinPool.commonPool-worker-0] INFO  impl.StateMachineUpdater (StateMachineUpdater.java:stopAndJoin(142)) - 7ac2bac4-ea14-4a92-ad00-7ecf8c69770d@group-4F5E8EC33368-StateMachineUpdater: set stopIndex = 4
2020-06-27 08:28:15,139 [7ac2bac4-ea14-4a92-ad00-7ecf8c69770d@group-4F5E8EC33368-StateMachineUpdater] INFO  ratis.ContainerStateMachine (ContainerStateMachine.java:takeSnapshot(294)) - group-4F5E8EC33368: Taking a snapshot at:(t:1, i:4) file /github/workspace/mnt/ozone/hadoop-ozone/integration-test/target/test-dir/MiniOzoneClusterImpl-8eb50a3f-c1ff-437a-8e18-e0505f09b26f/datanode-1/data/ratis/92f35736-c11e-4ed1-be08-4f5e8ec33368/sm/snapshot.1_4
2020-06-27 08:28:15,140 [grpc-default-executor-4] INFO  impl.FollowerInfo (FollowerInfo.java:lambda$new$0(51)) - 7ac2bac4-ea14-4a92-ad00-7ecf8c69770d@group-DE40DCD8EE57->addd0e4b-8b83-4fcf-9561-846eae7ff551: nextIndex: updateUnconditionally 1 -> 0
2020-06-27 08:28:15,140 [7ac2bac4-ea14-4a92-ad00-7ecf8c69770d@group-4F5E8EC33368-StateMachineUpdater] INFO  ratis.ContainerStateMachine (ContainerStateMachine.java:takeSnapshot(305)) - group-4F5E8EC33368: Finished taking a snapshot at:(t:1, i:4) file:/github/workspace/mnt/ozone/hadoop-ozone/integration-test/target/test-dir/MiniOzoneClusterImpl-8eb50a3f-c1ff-437a-8e18-e0505f09b26f/datanode-1/data/ratis/92f35736-c11e-4ed1-be08-4f5e8ec33368/sm/snapshot.1_4 time:1
2020-06-27 08:28:15,140 [7ac2bac4-ea14-4a92-ad00-7ecf8c69770d@group-4F5E8EC33368-StateMachineUpdater] INFO  impl.StateMachineUpdater (StateMachineUpdater.java:takeSnapshot(277)) - 7ac2bac4-ea14-4a92-ad00-7ecf8c69770d@group-4F5E8EC33368-StateMachineUpdater: Took a snapshot at index 4
2020-06-27 08:28:15,140 [7ac2bac4-ea14-4a92-ad00-7ecf8c69770d@group-4F5E8EC33368-StateMachineUpdater] INFO  impl.StateMachineUpdater (StateMachineUpdater.java:lambda$new$0(87)) - 7ac2bac4-ea14-4a92-ad00-7ecf8c69770d@group-4F5E8EC33368-StateMachineUpdater: snapshotIndex: updateIncreasingly -1 -> 4
2020-06-27 08:28:15,140 [7ac2bac4-ea14-4a92-ad00-7ecf8c69770d@group-4F5E8EC33368-StateMachineUpdater] INFO  metrics.RatisMetrics (RatisMetrics.java:unregister(43)) - Unregistering Metrics Registry : ratis.state_machine.7ac2bac4-ea14-4a92-ad00-7ecf8c69770d@group-4F5E8EC33368
2020-06-27 08:28:15,141 [7f53e279-916a-4fed-90de-23e9c25f9e31@group-11D1A0DB352F-StateMachineUpdater] INFO  ratis.ContainerStateMachine (ContainerStateMachine.java:takeSnapshot(294)) - group-11D1A0DB352F: Taking a snapshot at:(t:1, i:0) file /github/workspace/mnt/ozone/hadoop-ozone/integration-test/target/test-dir/MiniOzoneClusterImpl-8eb50a3f-c1ff-437a-8e18-e0505f09b26f/datanode-4/data/ratis/d5ffc3a5-e291-47c0-a340-11d1a0db352f/sm/snapshot.1_0
2020-06-27 08:28:15,141 [7f53e279-916a-4fed-90de-23e9c25f9e31@group-11D1A0DB352F-StateMachineUpdater] INFO  ratis.ContainerStateMachine (ContainerStateMachine.java:takeSnapshot(305)) - group-11D1A0DB352F: Finished taking a snapshot at:(t:1, i:0) file:/github/workspace/mnt/ozone/hadoop-ozone/integration-test/target/test-dir/MiniOzoneClusterImpl-8eb50a3f-c1ff-437a-8e18-e0505f09b26f/datanode-4/data/ratis/d5ffc3a5-e291-47c0-a340-11d1a0db352f/sm/snapshot.1_0 time:0
2020-06-27 08:28:15,141 [7f53e279-916a-4fed-90de-23e9c25f9e31@group-11D1A0DB352F-StateMachineUpdater] INFO  impl.StateMachineUpdater (StateMachineUpdater.java:takeSnapshot(277)) - 7f53e279-916a-4fed-90de-23e9c25f9e31@group-11D1A0DB352F-StateMachineUpdater: Took a snapshot at index 0
2020-06-27 08:28:15,141 [7f53e279-916a-4fed-90de-23e9c25f9e31@group-11D1A0DB352F-StateMachineUpdater] INFO  impl.StateMachineUpdater (StateMachineUpdater.java:lambda$new$0(87)) - 7f53e279-916a-4fed-90de-23e9c25f9e31@group-11D1A0DB352F-StateMachineUpdater: snapshotIndex: updateIncreasingly -1 -> 0
2020-06-27 08:28:15,141 [7f53e279-916a-4fed-90de-23e9c25f9e31@group-11D1A0DB352F-StateMachineUpdater] INFO  metrics.RatisMetrics (RatisMetrics.java:unregister(43)) - Unregistering Metrics Registry : ratis.state_machine.7f53e279-916a-4fed-90de-23e9c25f9e31@group-11D1A0DB352F
2020-06-27 08:28:15,142 [ForkJoinPool.commonPool-worker-0] INFO  impl.RaftServerImpl (ServerState.java:close(387)) - 7ac2bac4-ea14-4a92-ad00-7ecf8c69770d@group-4F5E8EC33368: closes. applyIndex: 4
2020-06-27 08:28:15,142 [7ac2bac4-ea14-4a92-ad00-7ecf8c69770d@group-4F5E8EC33368-SegmentedRaftLogWorker] INFO  segmented.SegmentedRaftLogWorker (SegmentedRaftLogWorker.java:run(327)) - 7ac2bac4-ea14-4a92-ad00-7ecf8c69770d@group-4F5E8EC33368-SegmentedRaftLogWorker was interrupted, exiting. There are 0 tasks remaining in the queue.
2020-06-27 08:28:15,142 [ForkJoinPool.commonPool-worker-0] INFO  segmented.SegmentedRaftLogWorker (SegmentedRaftLogWorker.java:close(234)) - 7ac2bac4-ea14-4a92-ad00-7ecf8c69770d@group-4F5E8EC33368-SegmentedRaftLogWorker close()
2020-06-27 08:28:15,143 [Listener at 127.0.0.1/46381] INFO  impl.RaftServerImpl (ServerState.java:close(387)) - 7f53e279-916a-4fed-90de-23e9c25f9e31@group-11D1A0DB352F: closes. applyIndex: 0
2020-06-27 08:28:15,143 [7f53e279-916a-4fed-90de-23e9c25f9e31@group-11D1A0DB352F-SegmentedRaftLogWorker] INFO  segmented.SegmentedRaftLogWorker (SegmentedRaftLogWorker.java:run(327)) - 7f53e279-916a-4fed-90de-23e9c25f9e31@group-11D1A0DB352F-SegmentedRaftLogWorker was interrupted, exiting. There are 0 tasks remaining in the queue.
2020-06-27 08:28:15,144 [ForkJoinPool.commonPool-worker-0] INFO  metrics.RatisMetrics (RatisMetrics.java:unregister(43)) - Unregistering Metrics Registry : ratis.log_worker.7ac2bac4-ea14-4a92-ad00-7ecf8c69770d@group-4F5E8EC33368
2020-06-27 08:28:15,144 [ForkJoinPool.commonPool-worker-0] INFO  metrics.RatisMetrics (RatisMetrics.java:unregister(43)) - Unregistering Metrics Registry : ratis.leader_election.7ac2bac4-ea14-4a92-ad00-7ecf8c69770d@group-4F5E8EC33368
2020-06-27 08:28:15,144 [Listener at 127.0.0.1/46381] INFO  segmented.SegmentedRaftLogWorker (SegmentedRaftLogWorker.java:close(234)) - 7f53e279-916a-4fed-90de-23e9c25f9e31@group-11D1A0DB352F-SegmentedRaftLogWorker close()
2020-06-27 08:28:15,145 [Listener at 127.0.0.1/46381] INFO  metrics.RatisMetrics (RatisMetrics.java:unregister(43)) - Unregistering Metrics Registry : ratis.log_worker.7f53e279-916a-4fed-90de-23e9c25f9e31@group-11D1A0DB352F
2020-06-27 08:28:15,145 [Listener at 127.0.0.1/46381] INFO  metrics.RatisMetrics (RatisMetrics.java:unregister(43)) - Unregistering Metrics Registry : ratis.leader_election.7f53e279-916a-4fed-90de-23e9c25f9e31@group-11D1A0DB352F
2020-06-27 08:28:15,145 [Listener at 127.0.0.1/46381] INFO  metrics.RatisMetrics (RatisMetrics.java:unregister(43)) - Unregistering Metrics Registry : ratis.server.7f53e279-916a-4fed-90de-23e9c25f9e31@group-11D1A0DB352F
2020-06-27 08:28:15,146 [Listener at 127.0.0.1/46381] INFO  server.GrpcService (GrpcService.java:closeImpl(166)) - 7f53e279-916a-4fed-90de-23e9c25f9e31: shutdown server with port 39157 now
2020-06-27 08:28:15,145 [ForkJoinPool.commonPool-worker-0] INFO  metrics.RatisMetrics (RatisMetrics.java:unregister(43)) - Unregistering Metrics Registry : ratis.server.7ac2bac4-ea14-4a92-ad00-7ecf8c69770d@group-4F5E8EC33368
2020-06-27 08:28:15,147 [ForkJoinPool.commonPool-worker-0] INFO  server.GrpcService (GrpcService.java:closeImpl(166)) - 7ac2bac4-ea14-4a92-ad00-7ecf8c69770d: shutdown server with port 39381 now
2020-06-27 08:28:15,150 [ForkJoinPool.commonPool-worker-0] INFO  server.GrpcService (GrpcService.java:closeImpl(174)) - 7ac2bac4-ea14-4a92-ad00-7ecf8c69770d: shutdown server with port 39381 successfully
2020-06-27 08:28:15,161 [grpc-default-executor-3] WARN  server.GrpcServerProtocolService (LogUtils.java:warn(122)) - 7f53e279-916a-4fed-90de-23e9c25f9e31: installSnapshot onError, lastRequest: 34efc206-1f67-4a18-aa05-bd0f2a1ef0e4->7f53e279-916a-4fed-90de-23e9c25f9e31#1-t1, previous=(t:0, i:0), leaderCommit=-1, initializing? false, entries: size=1, first=(t:1, i:0), CONFIGURATIONENTRY: org.apache.ratis.thirdparty.io.grpc.StatusRuntimeException: CANCELLED: cancelled before receiving half close
2020-06-27 08:28:15,162 [grpc-default-executor-5] WARN  server.GrpcServerProtocolService (LogUtils.java:warn(122)) - 7f53e279-916a-4fed-90de-23e9c25f9e31: installSnapshot onError, lastRequest: a99a18fa-a15b-4cd6-a5fd-78034dfd05b4->7f53e279-916a-4fed-90de-23e9c25f9e31#16-t2, previous=(t:2, i:11), leaderCommit=11, initializing? false, entries: size=1, first=(t:2, i:12), METADATAENTRY(c:11): org.apache.ratis.thirdparty.io.grpc.StatusRuntimeException: CANCELLED: cancelled before receiving half close
2020-06-27 08:28:15,164 [grpc-default-executor-4] WARN  server.GrpcLogAppender (LogUtils.java:warn(122)) - a99a18fa-a15b-4cd6-a5fd-78034dfd05b4@group-EDAE14BFB10F->7f53e279-916a-4fed-90de-23e9c25f9e31-AppendLogResponseHandler: Failed appendEntries: org.apache.ratis.thirdparty.io.grpc.StatusRuntimeException: CANCELLED: HTTP/2 error code: CANCEL
Received Rst Stream
2020-06-27 08:28:15,169 [ForkJoinPool.commonPool-worker-0] INFO  utils.BackgroundService (BackgroundService.java:shutdown(157)) - Shutting down service BlockDeletingService
2020-06-27 08:28:15,171 [grpc-default-executor-5] WARN  server.GrpcLogAppender (LogUtils.java:warn(122)) - 34efc206-1f67-4a18-aa05-bd0f2a1ef0e4@group-11D1A0DB352F->7f53e279-916a-4fed-90de-23e9c25f9e31-AppendLogResponseHandler: Failed appendEntries: org.apache.ratis.thirdparty.io.grpc.StatusRuntimeException: CANCELLED: HTTP/2 error code: CANCEL
Received Rst Stream
2020-06-27 08:28:15,172 [grpc-default-executor-4] INFO  impl.FollowerInfo (FollowerInfo.java:lambda$new$0(51)) - a99a18fa-a15b-4cd6-a5fd-78034dfd05b4@group-EDAE14BFB10F->7f53e279-916a-4fed-90de-23e9c25f9e31: nextIndex: updateUnconditionally 13 -> 12
2020-06-27 08:28:15,173 [grpc-default-executor-5] INFO  impl.FollowerInfo (FollowerInfo.java:lambda$new$0(51)) - 34efc206-1f67-4a18-aa05-bd0f2a1ef0e4@group-11D1A0DB352F->7f53e279-916a-4fed-90de-23e9c25f9e31: nextIndex: updateUnconditionally 1 -> 0
2020-06-27 08:28:15,173 [ForkJoinPool.commonPool-worker-0] INFO  statemachine.DatanodeStateMachine (DatanodeStateMachine.java:stopDaemon(428)) - Ozone container server stopped.
2020-06-27 08:28:15,174 [Listener at 127.0.0.1/46381] INFO  server.GrpcService (GrpcService.java:closeImpl(174)) - 7f53e279-916a-4fed-90de-23e9c25f9e31: shutdown server with port 39157 successfully
2020-06-27 08:28:15,176 [Listener at 127.0.0.1/46381] INFO  utils.BackgroundService (BackgroundService.java:shutdown(157)) - Shutting down service BlockDeletingService
2020-06-27 08:28:15,177 [Listener at 127.0.0.1/46381] INFO  statemachine.DatanodeStateMachine (DatanodeStateMachine.java:stopDaemon(428)) - Ozone container server stopped.
2020-06-27 08:28:15,178 [Listener at 127.0.0.1/46381] INFO  handler.ContextHandler (ContextHandler.java:doStop(1016)) - Stopped o.e.j.w.WebAppContext@4b101c1a{hddsDatanode,/,null,UNAVAILABLE}{jar:file:/home/user/.m2/repository/org/apache/hadoop/hadoop-hdds-container-service/0.6.0-SNAPSHOT/hadoop-hdds-container-service-0.6.0-SNAPSHOT.jar!/webapps/hddsDatanode}
2020-06-27 08:28:15,179 [ForkJoinPool.commonPool-worker-0] INFO  handler.ContextHandler (ContextHandler.java:doStop(1016)) - Stopped o.e.j.w.WebAppContext@4f9ac18d{hddsDatanode,/,null,UNAVAILABLE}{jar:file:/home/user/.m2/repository/org/apache/hadoop/hadoop-hdds-container-service/0.6.0-SNAPSHOT/hadoop-hdds-container-service-0.6.0-SNAPSHOT.jar!/webapps/hddsDatanode}
2020-06-27 08:28:15,180 [ForkJoinPool.commonPool-worker-0] INFO  server.AbstractConnector (AbstractConnector.java:doStop(380)) - Stopped ServerConnector@692610c0{HTTP/1.1,[http/1.1]}{0.0.0.0:0}
2020-06-27 08:28:15,180 [ForkJoinPool.commonPool-worker-0] INFO  server.session (HouseKeeper.java:stopScavenging(158)) - node0 Stopped scavenging
2020-06-27 08:28:15,181 [Listener at 127.0.0.1/46381] INFO  server.AbstractConnector (AbstractConnector.java:doStop(380)) - Stopped ServerConnector@2fa5481a{HTTP/1.1,[http/1.1]}{0.0.0.0:0}
2020-06-27 08:28:15,181 [Listener at 127.0.0.1/46381] INFO  server.session (HouseKeeper.java:stopScavenging(158)) - node0 Stopped scavenging
2020-06-27 08:28:15,181 [Listener at 127.0.0.1/46381] INFO  handler.ContextHandler (ContextHandler.java:doStop(1016)) - Stopped o.e.j.s.ServletContextHandler@67a69c7{static,/static,jar:file:/home/user/.m2/repository/org/apache/hadoop/hadoop-hdds-container-service/0.6.0-SNAPSHOT/hadoop-hdds-container-service-0.6.0-SNAPSHOT.jar!/webapps/static,UNAVAILABLE}
2020-06-27 08:28:15,182 [Listener at 127.0.0.1/46381] INFO  handler.ContextHandler (ContextHandler.java:doStop(1016)) - Stopped o.e.j.s.ServletContextHandler@4ca85f49{logs,/logs,file:///github/workspace/mnt/ozone/hadoop-ozone/integration-test/target/log,UNAVAILABLE}
2020-06-27 08:28:15,181 [ForkJoinPool.commonPool-worker-0] INFO  handler.ContextHandler (ContextHandler.java:doStop(1016)) - Stopped o.e.j.s.ServletContextHandler@6b72e6ca{static,/static,jar:file:/home/user/.m2/repository/org/apache/hadoop/hadoop-hdds-container-service/0.6.0-SNAPSHOT/hadoop-hdds-container-service-0.6.0-SNAPSHOT.jar!/webapps/static,UNAVAILABLE}
2020-06-27 08:28:15,183 [ForkJoinPool.commonPool-worker-0] INFO  handler.ContextHandler (ContextHandler.java:doStop(1016)) - Stopped o.e.j.s.ServletContextHandler@6d52b9c{logs,/logs,file:///github/workspace/mnt/ozone/hadoop-ozone/integration-test/target/log,UNAVAILABLE}
2020-06-27 08:28:15,941 [Datanode State Machine Thread - 0] INFO  statemachine.DatanodeStateMachine (DatanodeStateMachine.java:lambda$startDaemon$0(380)) - Ozone container server started.
2020-06-27 08:28:16,025 [Datanode State Machine Thread - 0] INFO  statemachine.DatanodeStateMachine (DatanodeStateMachine.java:lambda$startDaemon$0(380)) - Ozone container server started.
2020-06-27 08:28:16,883 [grpc-default-executor-5] DEBUG server.GrpcLogAppender (GrpcLogAppender.java:onNext(257)) - 34efc206-1f67-4a18-aa05-bd0f2a1ef0e4@group-11D1A0DB352F->a99a18fa-a15b-4cd6-a5fd-78034dfd05b4-AppendLogResponseHandler: received a reply 34efc206-1f67-4a18-aa05-bd0f2a1ef0e4<-a99a18fa-a15b-4cd6-a5fd-78034dfd05b4#9:OK,SUCCESS,nextIndex:1,term:1,followerCommit:0, request=AppendEntriesRequest:cid=9,entriesCount=0,lastEntry=null
2020-06-27 08:28:16,891 [grpc-default-executor-4] WARN  server.GrpcLogAppender (LogUtils.java:warn(122)) - 34efc206-1f67-4a18-aa05-bd0f2a1ef0e4@group-11D1A0DB352F->7f53e279-916a-4fed-90de-23e9c25f9e31-AppendLogResponseHandler: Failed appendEntries: org.apache.ratis.thirdparty.io.grpc.StatusRuntimeException: UNAVAILABLE: io exception
2020-06-27 08:28:16,893 [grpc-default-executor-4] INFO  impl.FollowerInfo (FollowerInfo.java:lambda$new$0(51)) - 34efc206-1f67-4a18-aa05-bd0f2a1ef0e4@group-11D1A0DB352F->7f53e279-916a-4fed-90de-23e9c25f9e31: nextIndex: updateUnconditionally 1 -> 0
2020-06-27 08:28:17,578 [grpc-default-executor-4] DEBUG server.GrpcLogAppender (GrpcLogAppender.java:onNext(257)) - a99a18fa-a15b-4cd6-a5fd-78034dfd05b4@group-EDAE14BFB10F->34efc206-1f67-4a18-aa05-bd0f2a1ef0e4-AppendLogResponseHandler: received a reply a99a18fa-a15b-4cd6-a5fd-78034dfd05b4<-34efc206-1f67-4a18-aa05-bd0f2a1ef0e4#19:OK,SUCCESS,nextIndex:13,term:2,followerCommit:12, request=AppendEntriesRequest:cid=19,entriesCount=0,lastEntry=null
2020-06-27 08:28:17,584 [grpc-default-executor-5] WARN  server.GrpcLogAppender (LogUtils.java:warn(122)) - a99a18fa-a15b-4cd6-a5fd-78034dfd05b4@group-EDAE14BFB10F->7f53e279-916a-4fed-90de-23e9c25f9e31-AppendLogResponseHandler: Failed appendEntries: org.apache.ratis.thirdparty.io.grpc.StatusRuntimeException: UNAVAILABLE: io exception
2020-06-27 08:28:17,586 [grpc-default-executor-5] INFO  impl.FollowerInfo (FollowerInfo.java:lambda$new$0(51)) - a99a18fa-a15b-4cd6-a5fd-78034dfd05b4@group-EDAE14BFB10F->7f53e279-916a-4fed-90de-23e9c25f9e31: nextIndex: updateUnconditionally 13 -> 12
2020-06-27 08:28:19,386 [grpc-default-executor-5] DEBUG server.GrpcLogAppender (GrpcLogAppender.java:onNext(257)) - 34efc206-1f67-4a18-aa05-bd0f2a1ef0e4@group-11D1A0DB352F->a99a18fa-a15b-4cd6-a5fd-78034dfd05b4-AppendLogResponseHandler: received a reply 34efc206-1f67-4a18-aa05-bd0f2a1ef0e4<-a99a18fa-a15b-4cd6-a5fd-78034dfd05b4#10:OK,SUCCESS,nextIndex:1,term:1,followerCommit:0, request=AppendEntriesRequest:cid=10,entriesCount=0,lastEntry=null
2020-06-27 08:28:19,390 [grpc-default-executor-4] WARN  server.GrpcLogAppender (LogUtils.java:warn(122)) - 34efc206-1f67-4a18-aa05-bd0f2a1ef0e4@group-11D1A0DB352F->7f53e279-916a-4fed-90de-23e9c25f9e31-AppendLogResponseHandler: Failed appendEntries: org.apache.ratis.thirdparty.io.grpc.StatusRuntimeException: UNAVAILABLE: io exception
2020-06-27 08:28:19,391 [grpc-default-executor-4] INFO  impl.FollowerInfo (FollowerInfo.java:lambda$new$0(51)) - 34efc206-1f67-4a18-aa05-bd0f2a1ef0e4@group-11D1A0DB352F->7f53e279-916a-4fed-90de-23e9c25f9e31: nextIndex: updateUnconditionally 1 -> 0
2020-06-27 08:28:20,018 [EventQueue-StaleNodeForStaleNodeHandler] INFO  node.StaleNodeHandler (StaleNodeHandler.java:onMessage(58)) - Datanode 7f53e279-916a-4fed-90de-23e9c25f9e31{ip: 172.17.0.2, host: 23863634748d, networkLocation: /default-rack, certSerialId: null} moved to stale state. Finalizing its pipelines [PipelineID=fd90656e-7391-4305-8f48-20229f0e4a6c, PipelineID=9a651e83-1ed9-467f-9369-edae14bfb10f, PipelineID=d5ffc3a5-e291-47c0-a340-11d1a0db352f]
2020-06-27 08:28:20,019 [EventQueue-StaleNodeForStaleNodeHandler] INFO  pipeline.SCMPipelineManager (SCMPipelineManager.java:finalizeAndDestroyPipeline(397)) - Destroying pipeline:Pipeline[ Id: fd90656e-7391-4305-8f48-20229f0e4a6c, Nodes: 7f53e279-916a-4fed-90de-23e9c25f9e31{ip: 172.17.0.2, host: 23863634748d, networkLocation: /default-rack, certSerialId: null}, Type:RATIS, Factor:ONE, State:OPEN, leaderId:7f53e279-916a-4fed-90de-23e9c25f9e31, CreationTimestamp2020-06-27T08:27:47.819Z]
2020-06-27 08:28:20,019 [EventQueue-StaleNodeForStaleNodeHandler] INFO  pipeline.PipelineStateManager (PipelineStateManager.java:finalizePipeline(120)) - Pipeline Pipeline[ Id: fd90656e-7391-4305-8f48-20229f0e4a6c, Nodes: 7f53e279-916a-4fed-90de-23e9c25f9e31{ip: 172.17.0.2, host: 23863634748d, networkLocation: /default-rack, certSerialId: null}, Type:RATIS, Factor:ONE, State:CLOSED, leaderId:7f53e279-916a-4fed-90de-23e9c25f9e31, CreationTimestamp2020-06-27T08:27:47.819Z] moved to CLOSED state
2020-06-27 08:28:20,020 [EventQueue-StaleNodeForStaleNodeHandler] INFO  pipeline.SCMPipelineManager (SCMPipelineManager.java:finalizeAndDestroyPipeline(397)) - Destroying pipeline:Pipeline[ Id: 9a651e83-1ed9-467f-9369-edae14bfb10f, Nodes: 7f53e279-916a-4fed-90de-23e9c25f9e31{ip: 172.17.0.2, host: 23863634748d, networkLocation: /default-rack, certSerialId: null}34efc206-1f67-4a18-aa05-bd0f2a1ef0e4{ip: 172.17.0.2, host: 23863634748d, networkLocation: /default-rack, certSerialId: null}a99a18fa-a15b-4cd6-a5fd-78034dfd05b4{ip: 172.17.0.2, host: 23863634748d, networkLocation: /default-rack, certSerialId: null}, Type:RATIS, Factor:THREE, State:OPEN, leaderId:a99a18fa-a15b-4cd6-a5fd-78034dfd05b4, CreationTimestamp2020-06-27T08:27:47.907Z]
2020-06-27 08:28:20,020 [EventQueue-StaleNodeForStaleNodeHandler] INFO  pipeline.PipelineStateManager (PipelineStateManager.java:finalizePipeline(120)) - Pipeline Pipeline[ Id: 9a651e83-1ed9-467f-9369-edae14bfb10f, Nodes: 7f53e279-916a-4fed-90de-23e9c25f9e31{ip: 172.17.0.2, host: 23863634748d, networkLocation: /default-rack, certSerialId: null}34efc206-1f67-4a18-aa05-bd0f2a1ef0e4{ip: 172.17.0.2, host: 23863634748d, networkLocation: /default-rack, certSerialId: null}a99a18fa-a15b-4cd6-a5fd-78034dfd05b4{ip: 172.17.0.2, host: 23863634748d, networkLocation: /default-rack, certSerialId: null}, Type:RATIS, Factor:THREE, State:CLOSED, leaderId:a99a18fa-a15b-4cd6-a5fd-78034dfd05b4, CreationTimestamp2020-06-27T08:27:47.907Z] moved to CLOSED state
2020-06-27 08:28:20,021 [EventQueue-StaleNodeForStaleNodeHandler] INFO  pipeline.SCMPipelineManager (SCMPipelineManager.java:finalizeAndDestroyPipeline(397)) - Destroying pipeline:Pipeline[ Id: d5ffc3a5-e291-47c0-a340-11d1a0db352f, Nodes: 7f53e279-916a-4fed-90de-23e9c25f9e31{ip: 172.17.0.2, host: 23863634748d, networkLocation: /default-rack, certSerialId: null}34efc206-1f67-4a18-aa05-bd0f2a1ef0e4{ip: 172.17.0.2, host: 23863634748d, networkLocation: /default-rack, certSerialId: null}a99a18fa-a15b-4cd6-a5fd-78034dfd05b4{ip: 172.17.0.2, host: 23863634748d, networkLocation: /default-rack, certSerialId: null}, Type:RATIS, Factor:THREE, State:OPEN, leaderId:34efc206-1f67-4a18-aa05-bd0f2a1ef0e4, CreationTimestamp2020-06-27T08:27:47.908Z]
2020-06-27 08:28:20,021 [EventQueue-StaleNodeForStaleNodeHandler] INFO  pipeline.PipelineStateManager (PipelineStateManager.java:finalizePipeline(120)) - Pipeline Pipeline[ Id: d5ffc3a5-e291-47c0-a340-11d1a0db352f, Nodes: 7f53e279-916a-4fed-90de-23e9c25f9e31{ip: 172.17.0.2, host: 23863634748d, networkLocation: /default-rack, certSerialId: null}34efc206-1f67-4a18-aa05-bd0f2a1ef0e4{ip: 172.17.0.2, host: 23863634748d, networkLocation: /default-rack, certSerialId: null}a99a18fa-a15b-4cd6-a5fd-78034dfd05b4{ip: 172.17.0.2, host: 23863634748d, networkLocation: /default-rack, certSerialId: null}, Type:RATIS, Factor:THREE, State:CLOSED, leaderId:34efc206-1f67-4a18-aa05-bd0f2a1ef0e4, CreationTimestamp2020-06-27T08:27:47.908Z] moved to CLOSED state
2020-06-27 08:28:20,021 [EventQueue-StaleNodeForStaleNodeHandler] INFO  node.StaleNodeHandler (StaleNodeHandler.java:onMessage(58)) - Datanode 7ac2bac4-ea14-4a92-ad00-7ecf8c69770d{ip: 172.17.0.2, host: 23863634748d, networkLocation: /default-rack, certSerialId: null} moved to stale state. Finalizing its pipelines [PipelineID=19f6dbb0-0442-4a6e-86d0-de40dcd8ee57, PipelineID=8e577ec2-9b88-4076-9040-420ad1130d14, PipelineID=92f35736-c11e-4ed1-be08-4f5e8ec33368]
2020-06-27 08:28:20,021 [EventQueue-StaleNodeForStaleNodeHandler] INFO  pipeline.SCMPipelineManager (SCMPipelineManager.java:finalizeAndDestroyPipeline(397)) - Destroying pipeline:Pipeline[ Id: 19f6dbb0-0442-4a6e-86d0-de40dcd8ee57, Nodes: addd0e4b-8b83-4fcf-9561-846eae7ff551{ip: 172.17.0.2, host: 23863634748d, networkLocation: /default-rack, certSerialId: null}7ac2bac4-ea14-4a92-ad00-7ecf8c69770d{ip: 172.17.0.2, host: 23863634748d, networkLocation: /default-rack, certSerialId: null}21e928e7-b178-40d2-b19b-ea853389ee6e{ip: 172.17.0.2, host: 23863634748d, networkLocation: /default-rack, certSerialId: null}, Type:RATIS, Factor:THREE, State:OPEN, leaderId:7ac2bac4-ea14-4a92-ad00-7ecf8c69770d, CreationTimestamp2020-06-27T08:27:47.622Z]
2020-06-27 08:28:20,021 [EventQueue-StaleNodeForStaleNodeHandler] INFO  pipeline.PipelineStateManager (PipelineStateManager.java:finalizePipeline(120)) - Pipeline Pipeline[ Id: 19f6dbb0-0442-4a6e-86d0-de40dcd8ee57, Nodes: addd0e4b-8b83-4fcf-9561-846eae7ff551{ip: 172.17.0.2, host: 23863634748d, networkLocation: /default-rack, certSerialId: null}7ac2bac4-ea14-4a92-ad00-7ecf8c69770d{ip: 172.17.0.2, host: 23863634748d, networkLocation: /default-rack, certSerialId: null}21e928e7-b178-40d2-b19b-ea853389ee6e{ip: 172.17.0.2, host: 23863634748d, networkLocation: /default-rack, certSerialId: null}, Type:RATIS, Factor:THREE, State:CLOSED, leaderId:7ac2bac4-ea14-4a92-ad00-7ecf8c69770d, CreationTimestamp2020-06-27T08:27:47.622Z] moved to CLOSED state
2020-06-27 08:28:20,021 [EventQueue-StaleNodeForStaleNodeHandler] INFO  pipeline.SCMPipelineManager (SCMPipelineManager.java:finalizeAndDestroyPipeline(397)) - Destroying pipeline:Pipeline[ Id: 8e577ec2-9b88-4076-9040-420ad1130d14, Nodes: 7ac2bac4-ea14-4a92-ad00-7ecf8c69770d{ip: 172.17.0.2, host: 23863634748d, networkLocation: /default-rack, certSerialId: null}, Type:RATIS, Factor:ONE, State:OPEN, leaderId:7ac2bac4-ea14-4a92-ad00-7ecf8c69770d, CreationTimestamp2020-06-27T08:27:47.509Z]
2020-06-27 08:28:20,021 [EventQueue-StaleNodeForStaleNodeHandler] INFO  pipeline.PipelineStateManager (PipelineStateManager.java:finalizePipeline(120)) - Pipeline Pipeline[ Id: 8e577ec2-9b88-4076-9040-420ad1130d14, Nodes: 7ac2bac4-ea14-4a92-ad00-7ecf8c69770d{ip: 172.17.0.2, host: 23863634748d, networkLocation: /default-rack, certSerialId: null}, Type:RATIS, Factor:ONE, State:CLOSED, leaderId:7ac2bac4-ea14-4a92-ad00-7ecf8c69770d, CreationTimestamp2020-06-27T08:27:47.509Z] moved to CLOSED state
2020-06-27 08:28:20,022 [EventQueue-StaleNodeForStaleNodeHandler] INFO  pipeline.SCMPipelineManager (SCMPipelineManager.java:finalizeAndDestroyPipeline(397)) - Destroying pipeline:Pipeline[ Id: 92f35736-c11e-4ed1-be08-4f5e8ec33368, Nodes: addd0e4b-8b83-4fcf-9561-846eae7ff551{ip: 172.17.0.2, host: 23863634748d, networkLocation: /default-rack, certSerialId: null}7ac2bac4-ea14-4a92-ad00-7ecf8c69770d{ip: 172.17.0.2, host: 23863634748d, networkLocation: /default-rack, certSerialId: null}21e928e7-b178-40d2-b19b-ea853389ee6e{ip: 172.17.0.2, host: 23863634748d, networkLocation: /default-rack, certSerialId: null}, Type:RATIS, Factor:THREE, State:OPEN, leaderId:7ac2bac4-ea14-4a92-ad00-7ecf8c69770d, CreationTimestamp2020-06-27T08:27:47.624Z]
2020-06-27 08:28:20,022 [EventQueue-StaleNodeForStaleNodeHandler] INFO  pipeline.PipelineStateManager (PipelineStateManager.java:finalizePipeline(120)) - Pipeline Pipeline[ Id: 92f35736-c11e-4ed1-be08-4f5e8ec33368, Nodes: addd0e4b-8b83-4fcf-9561-846eae7ff551{ip: 172.17.0.2, host: 23863634748d, networkLocation: /default-rack, certSerialId: null}7ac2bac4-ea14-4a92-ad00-7ecf8c69770d{ip: 172.17.0.2, host: 23863634748d, networkLocation: /default-rack, certSerialId: null}21e928e7-b178-40d2-b19b-ea853389ee6e{ip: 172.17.0.2, host: 23863634748d, networkLocation: /default-rack, certSerialId: null}, Type:RATIS, Factor:THREE, State:CLOSED, leaderId:7ac2bac4-ea14-4a92-ad00-7ecf8c69770d, CreationTimestamp2020-06-27T08:27:47.624Z] moved to CLOSED state
2020-06-27 08:28:20,022 [EventQueue-CloseContainerForCloseContainerEventHandler] INFO  container.CloseContainerEventHandler (CloseContainerEventHandler.java:onMessage(61)) - Close container Event triggered for container : #2
2020-06-27 08:28:20,081 [grpc-default-executor-4] DEBUG server.GrpcLogAppender (GrpcLogAppender.java:onNext(257)) - a99a18fa-a15b-4cd6-a5fd-78034dfd05b4@group-EDAE14BFB10F->34efc206-1f67-4a18-aa05-bd0f2a1ef0e4-AppendLogResponseHandler: received a reply a99a18fa-a15b-4cd6-a5fd-78034dfd05b4<-34efc206-1f67-4a18-aa05-bd0f2a1ef0e4#20:OK,SUCCESS,nextIndex:13,term:2,followerCommit:12, request=AppendEntriesRequest:cid=20,entriesCount=0,lastEntry=null
2020-06-27 08:28:20,087 [grpc-default-executor-5] WARN  server.GrpcLogAppender (LogUtils.java:warn(122)) - a99a18fa-a15b-4cd6-a5fd-78034dfd05b4@group-EDAE14BFB10F->7f53e279-916a-4fed-90de-23e9c25f9e31-AppendLogResponseHandler: Failed appendEntries: org.apache.ratis.thirdparty.io.grpc.StatusRuntimeException: UNAVAILABLE: io exception
2020-06-27 08:28:20,088 [grpc-default-executor-5] INFO  impl.FollowerInfo (FollowerInfo.java:lambda$new$0(51)) - a99a18fa-a15b-4cd6-a5fd-78034dfd05b4@group-EDAE14BFB10F->7f53e279-916a-4fed-90de-23e9c25f9e31: nextIndex: updateUnconditionally 13 -> 12
2020-06-27 08:28:20,185 [ForkJoinPool.commonPool-worker-0] INFO  ozoneimpl.OzoneContainer (OzoneContainer.java:stop(246)) - Attempting to stop container services.
2020-06-27 08:28:20,185 [ForkJoinPool.commonPool-worker-0] INFO  impl.RaftServerProxy (RaftServerProxy.java:lambda$close$4(319)) - 21e928e7-b178-40d2-b19b-ea853389ee6e: close
2020-06-27 08:28:20,186 [ForkJoinPool.commonPool-worker-0] INFO  impl.RaftServerImpl (RaftServerImpl.java:lambda$shutdown$3(252)) - 21e928e7-b178-40d2-b19b-ea853389ee6e@group-DE40DCD8EE57: shutdown
2020-06-27 08:28:20,186 [ForkJoinPool.commonPool-worker-0] INFO  util.JmxRegister (JmxRegister.java:unregister(73)) - Successfully un-registered JMX Bean with object name Ratis:service=RaftServer,group=group-DE40DCD8EE57,id=21e928e7-b178-40d2-b19b-ea853389ee6e
2020-06-27 08:28:20,186 [ForkJoinPool.commonPool-worker-0] INFO  impl.RoleInfo (RoleInfo.java:shutdownFollowerState(121)) - 21e928e7-b178-40d2-b19b-ea853389ee6e: shutdown FollowerState
2020-06-27 08:28:20,186 [ForkJoinPool.commonPool-worker-0] INFO  impl.StateMachineUpdater (StateMachineUpdater.java:stopAndJoin(142)) - 21e928e7-b178-40d2-b19b-ea853389ee6e@group-DE40DCD8EE57-StateMachineUpdater: set stopIndex = 0
2020-06-27 08:28:20,186 [Thread-299] INFO  impl.FollowerState (FollowerState.java:run(117)) - 21e928e7-b178-40d2-b19b-ea853389ee6e@group-DE40DCD8EE57-FollowerState was interrupted: java.lang.InterruptedException: sleep interrupted
2020-06-27 08:28:20,186 [21e928e7-b178-40d2-b19b-ea853389ee6e@group-DE40DCD8EE57-StateMachineUpdater] INFO  ratis.ContainerStateMachine (ContainerStateMachine.java:takeSnapshot(294)) - group-DE40DCD8EE57: Taking a snapshot at:(t:1, i:0) file /github/workspace/mnt/ozone/hadoop-ozone/integration-test/target/test-dir/MiniOzoneClusterImpl-8eb50a3f-c1ff-437a-8e18-e0505f09b26f/datanode-2/data/ratis/19f6dbb0-0442-4a6e-86d0-de40dcd8ee57/sm/snapshot.1_0
2020-06-27 08:28:20,187 [21e928e7-b178-40d2-b19b-ea853389ee6e@group-DE40DCD8EE57-StateMachineUpdater] INFO  ratis.ContainerStateMachine (ContainerStateMachine.java:takeSnapshot(305)) - group-DE40DCD8EE57: Finished taking a snapshot at:(t:1, i:0) file:/github/workspace/mnt/ozone/hadoop-ozone/integration-test/target/test-dir/MiniOzoneClusterImpl-8eb50a3f-c1ff-437a-8e18-e0505f09b26f/datanode-2/data/ratis/19f6dbb0-0442-4a6e-86d0-de40dcd8ee57/sm/snapshot.1_0 time:1
2020-06-27 08:28:20,187 [21e928e7-b178-40d2-b19b-ea853389ee6e@group-DE40DCD8EE57-StateMachineUpdater] INFO  impl.StateMachineUpdater (StateMachineUpdater.java:takeSnapshot(277)) - 21e928e7-b178-40d2-b19b-ea853389ee6e@group-DE40DCD8EE57-StateMachineUpdater: Took a snapshot at index 0
2020-06-27 08:28:20,187 [21e928e7-b178-40d2-b19b-ea853389ee6e@group-DE40DCD8EE57-StateMachineUpdater] INFO  impl.StateMachineUpdater (StateMachineUpdater.java:lambda$new$0(87)) - 21e928e7-b178-40d2-b19b-ea853389ee6e@group-DE40DCD8EE57-StateMachineUpdater: snapshotIndex: updateIncreasingly -1 -> 0
2020-06-27 08:28:20,188 [21e928e7-b178-40d2-b19b-ea853389ee6e@group-DE40DCD8EE57-StateMachineUpdater] INFO  metrics.RatisMetrics (RatisMetrics.java:unregister(43)) - Unregistering Metrics Registry : ratis.state_machine.21e928e7-b178-40d2-b19b-ea853389ee6e@group-DE40DCD8EE57
2020-06-27 08:28:20,188 [ForkJoinPool.commonPool-worker-0] INFO  impl.RaftServerImpl (ServerState.java:close(387)) - 21e928e7-b178-40d2-b19b-ea853389ee6e@group-DE40DCD8EE57: closes. applyIndex: 0
2020-06-27 08:28:20,188 [21e928e7-b178-40d2-b19b-ea853389ee6e@group-DE40DCD8EE57-SegmentedRaftLogWorker] INFO  segmented.SegmentedRaftLogWorker (SegmentedRaftLogWorker.java:run(327)) - 21e928e7-b178-40d2-b19b-ea853389ee6e@group-DE40DCD8EE57-SegmentedRaftLogWorker was interrupted, exiting. There are 0 tasks remaining in the queue.
2020-06-27 08:28:20,189 [ForkJoinPool.commonPool-worker-0] INFO  segmented.SegmentedRaftLogWorker (SegmentedRaftLogWorker.java:close(234)) - 21e928e7-b178-40d2-b19b-ea853389ee6e@group-DE40DCD8EE57-SegmentedRaftLogWorker close()
2020-06-27 08:28:20,189 [Listener at 127.0.0.1/46381] INFO  ozoneimpl.OzoneContainer (OzoneContainer.java:stop(246)) - Attempting to stop container services.
2020-06-27 08:28:20,190 [Listener at 127.0.0.1/46381] INFO  impl.RaftServerProxy (RaftServerProxy.java:lambda$close$4(319)) - 34efc206-1f67-4a18-aa05-bd0f2a1ef0e4: close
2020-06-27 08:28:20,190 [Listener at 127.0.0.1/46381] INFO  impl.RaftServerImpl (RaftServerImpl.java:lambda$shutdown$3(252)) - 34efc206-1f67-4a18-aa05-bd0f2a1ef0e4@group-E5F7CA26C789: shutdown
2020-06-27 08:28:20,190 [Listener at 127.0.0.1/46381] INFO  util.JmxRegister (JmxRegister.java:unregister(73)) - Successfully un-registered JMX Bean with object name Ratis:service=RaftServer,group=group-E5F7CA26C789,id=34efc206-1f67-4a18-aa05-bd0f2a1ef0e4
2020-06-27 08:28:20,190 [Listener at 127.0.0.1/46381] INFO  impl.RoleInfo (RoleInfo.java:shutdownLeaderState(104)) - 34efc206-1f67-4a18-aa05-bd0f2a1ef0e4: shutdown LeaderState
2020-06-27 08:28:20,191 [Listener at 127.0.0.1/46381] INFO  impl.PendingRequests (PendingRequests.java:sendNotLeaderResponses(249)) - 34efc206-1f67-4a18-aa05-bd0f2a1ef0e4@group-E5F7CA26C789-PendingRequests: sendNotLeaderResponses
2020-06-27 08:28:20,191 [Listener at 127.0.0.1/46381] INFO  metrics.RatisMetrics (RatisMetrics.java:unregister(43)) - Unregistering Metrics Registry : ratis.log_appender.34efc206-1f67-4a18-aa05-bd0f2a1ef0e4@group-E5F7CA26C789
2020-06-27 08:28:20,191 [Listener at 127.0.0.1/46381] INFO  metrics.RatisMetrics (RatisMetrics.java:unregister(43)) - Unregistering Metrics Registry : ratis.server.34efc206-1f67-4a18-aa05-bd0f2a1ef0e4@group-E5F7CA26C789
2020-06-27 08:28:20,191 [Listener at 127.0.0.1/46381] INFO  impl.StateMachineUpdater (StateMachineUpdater.java:stopAndJoin(142)) - 34efc206-1f67-4a18-aa05-bd0f2a1ef0e4@group-E5F7CA26C789-StateMachineUpdater: set stopIndex = 0
2020-06-27 08:28:20,191 [34efc206-1f67-4a18-aa05-bd0f2a1ef0e4@group-E5F7CA26C789-StateMachineUpdater] INFO  ratis.ContainerStateMachine (ContainerStateMachine.java:takeSnapshot(294)) - group-E5F7CA26C789: Taking a snapshot at:(t:1, i:0) file /github/workspace/mnt/ozone/hadoop-ozone/integration-test/target/test-dir/MiniOzoneClusterImpl-8eb50a3f-c1ff-437a-8e18-e0505f09b26f/datanode-3/data/ratis/8943729a-9837-4ba3-8905-e5f7ca26c789/sm/snapshot.1_0
2020-06-27 08:28:20,193 [ForkJoinPool.commonPool-worker-0] INFO  metrics.RatisMetrics (RatisMetrics.java:unregister(43)) - Unregistering Metrics Registry : ratis.log_worker.21e928e7-b178-40d2-b19b-ea853389ee6e@group-DE40DCD8EE57
2020-06-27 08:28:20,193 [ForkJoinPool.commonPool-worker-0] INFO  metrics.RatisMetrics (RatisMetrics.java:unregister(43)) - Unregistering Metrics Registry : ratis.leader_election.21e928e7-b178-40d2-b19b-ea853389ee6e@group-DE40DCD8EE57
2020-06-27 08:28:20,193 [ForkJoinPool.commonPool-worker-0] INFO  metrics.RatisMetrics (RatisMetrics.java:unregister(43)) - Unregistering Metrics Registry : ratis.server.21e928e7-b178-40d2-b19b-ea853389ee6e@group-DE40DCD8EE57
2020-06-27 08:28:20,194 [ForkJoinPool.commonPool-worker-0] INFO  impl.RaftServerImpl (RaftServerImpl.java:lambda$shutdown$3(252)) - 21e928e7-b178-40d2-b19b-ea853389ee6e@group-4F5E8EC33368: shutdown
2020-06-27 08:28:20,194 [ForkJoinPool.commonPool-worker-0] INFO  util.JmxRegister (JmxRegister.java:unregister(73)) - Successfully un-registered JMX Bean with object name Ratis:service=RaftServer,group=group-4F5E8EC33368,id=21e928e7-b178-40d2-b19b-ea853389ee6e
2020-06-27 08:28:20,194 [ForkJoinPool.commonPool-worker-0] INFO  impl.RoleInfo (RoleInfo.java:shutdownFollowerState(121)) - 21e928e7-b178-40d2-b19b-ea853389ee6e: shutdown FollowerState
2020-06-27 08:28:20,194 [34efc206-1f67-4a18-aa05-bd0f2a1ef0e4@group-E5F7CA26C789-StateMachineUpdater] INFO  ratis.ContainerStateMachine (ContainerStateMachine.java:takeSnapshot(305)) - group-E5F7CA26C789: Finished taking a snapshot at:(t:1, i:0) file:/github/workspace/mnt/ozone/hadoop-ozone/integration-test/target/test-dir/MiniOzoneClusterImpl-8eb50a3f-c1ff-437a-8e18-e0505f09b26f/datanode-3/data/ratis/8943729a-9837-4ba3-8905-e5f7ca26c789/sm/snapshot.1_0 time:2
2020-06-27 08:28:20,194 [34efc206-1f67-4a18-aa05-bd0f2a1ef0e4@group-E5F7CA26C789-StateMachineUpdater] INFO  impl.StateMachineUpdater (StateMachineUpdater.java:takeSnapshot(277)) - 34efc206-1f67-4a18-aa05-bd0f2a1ef0e4@group-E5F7CA26C789-StateMachineUpdater: Took a snapshot at index 0
2020-06-27 08:28:20,194 [34efc206-1f67-4a18-aa05-bd0f2a1ef0e4@group-E5F7CA26C789-StateMachineUpdater] INFO  impl.StateMachineUpdater (StateMachineUpdater.java:lambda$new$0(87)) - 34efc206-1f67-4a18-aa05-bd0f2a1ef0e4@group-E5F7CA26C789-StateMachineUpdater: snapshotIndex: updateIncreasingly -1 -> 0
2020-06-27 08:28:20,194 [34efc206-1f67-4a18-aa05-bd0f2a1ef0e4@group-E5F7CA26C789-StateMachineUpdater] INFO  metrics.RatisMetrics (RatisMetrics.java:unregister(43)) - Unregistering Metrics Registry : ratis.state_machine.34efc206-1f67-4a18-aa05-bd0f2a1ef0e4@group-E5F7CA26C789
2020-06-27 08:28:20,195 [Listener at 127.0.0.1/46381] INFO  impl.RaftServerImpl (ServerState.java:close(387)) - 34efc206-1f67-4a18-aa05-bd0f2a1ef0e4@group-E5F7CA26C789: closes. applyIndex: 0
2020-06-27 08:28:20,195 [Thread-356] INFO  impl.FollowerState (FollowerState.java:run(117)) - 21e928e7-b178-40d2-b19b-ea853389ee6e@group-4F5E8EC33368-FollowerState was interrupted: java.lang.InterruptedException: sleep interrupted
2020-06-27 08:28:20,195 [34efc206-1f67-4a18-aa05-bd0f2a1ef0e4@group-E5F7CA26C789-SegmentedRaftLogWorker] INFO  segmented.SegmentedRaftLogWorker (SegmentedRaftLogWorker.java:run(327)) - 34efc206-1f67-4a18-aa05-bd0f2a1ef0e4@group-E5F7CA26C789-SegmentedRaftLogWorker was interrupted, exiting. There are 0 tasks remaining in the queue.
2020-06-27 08:28:20,195 [ForkJoinPool.commonPool-worker-0] INFO  impl.StateMachineUpdater (StateMachineUpdater.java:stopAndJoin(142)) - 21e928e7-b178-40d2-b19b-ea853389ee6e@group-4F5E8EC33368-StateMachineUpdater: set stopIndex = 4
2020-06-27 08:28:20,195 [21e928e7-b178-40d2-b19b-ea853389ee6e@group-4F5E8EC33368-StateMachineUpdater] INFO  ratis.ContainerStateMachine (ContainerStateMachine.java:takeSnapshot(294)) - group-4F5E8EC33368: Taking a snapshot at:(t:1, i:4) file /github/workspace/mnt/ozone/hadoop-ozone/integration-test/target/test-dir/MiniOzoneClusterImpl-8eb50a3f-c1ff-437a-8e18-e0505f09b26f/datanode-2/data/ratis/92f35736-c11e-4ed1-be08-4f5e8ec33368/sm/snapshot.1_4
2020-06-27 08:28:20,196 [Listener at 127.0.0.1/46381] INFO  segmented.SegmentedRaftLogWorker (SegmentedRaftLogWorker.java:close(234)) - 34efc206-1f67-4a18-aa05-bd0f2a1ef0e4@group-E5F7CA26C789-SegmentedRaftLogWorker close()
2020-06-27 08:28:20,196 [21e928e7-b178-40d2-b19b-ea853389ee6e@group-4F5E8EC33368-StateMachineUpdater] INFO  ratis.ContainerStateMachine (ContainerStateMachine.java:takeSnapshot(305)) - group-4F5E8EC33368: Finished taking a snapshot at:(t:1, i:4) file:/github/workspace/mnt/ozone/hadoop-ozone/integration-test/target/test-dir/MiniOzoneClusterImpl-8eb50a3f-c1ff-437a-8e18-e0505f09b26f/datanode-2/data/ratis/92f35736-c11e-4ed1-be08-4f5e8ec33368/sm/snapshot.1_4 time:0
2020-06-27 08:28:20,196 [21e928e7-b178-40d2-b19b-ea853389ee6e@group-4F5E8EC33368-StateMachineUpdater] INFO  impl.StateMachineUpdater (StateMachineUpdater.java:takeSnapshot(277)) - 21e928e7-b178-40d2-b19b-ea853389ee6e@group-4F5E8EC33368-StateMachineUpdater: Took a snapshot at index 4
2020-06-27 08:28:20,197 [21e928e7-b178-40d2-b19b-ea853389ee6e@group-4F5E8EC33368-StateMachineUpdater] INFO  impl.StateMachineUpdater (StateMachineUpdater.java:lambda$new$0(87)) - 21e928e7-b178-40d2-b19b-ea853389ee6e@group-4F5E8EC33368-StateMachineUpdater: snapshotIndex: updateIncreasingly -1 -> 4
2020-06-27 08:28:20,197 [21e928e7-b178-40d2-b19b-ea853389ee6e@group-4F5E8EC33368-StateMachineUpdater] INFO  metrics.RatisMetrics (RatisMetrics.java:unregister(43)) - Unregistering Metrics Registry : ratis.state_machine.21e928e7-b178-40d2-b19b-ea853389ee6e@group-4F5E8EC33368
2020-06-27 08:28:20,197 [ForkJoinPool.commonPool-worker-0] INFO  impl.RaftServerImpl (ServerState.java:close(387)) - 21e928e7-b178-40d2-b19b-ea853389ee6e@group-4F5E8EC33368: closes. applyIndex: 4
2020-06-27 08:28:20,198 [Listener at 127.0.0.1/46381] INFO  metrics.RatisMetrics (RatisMetrics.java:unregister(43)) - Unregistering Metrics Registry : ratis.log_worker.34efc206-1f67-4a18-aa05-bd0f2a1ef0e4@group-E5F7CA26C789
2020-06-27 08:28:20,198 [Listener at 127.0.0.1/46381] INFO  metrics.RatisMetrics (RatisMetrics.java:unregister(43)) - Unregistering Metrics Registry : ratis.leader_election.34efc206-1f67-4a18-aa05-bd0f2a1ef0e4@group-E5F7CA26C789
2020-06-27 08:28:20,198 [Listener at 127.0.0.1/46381] INFO  metrics.RatisMetrics (RatisMetrics.java:unregister(43)) - Unregistering Metrics Registry : ratis.server.34efc206-1f67-4a18-aa05-bd0f2a1ef0e4@group-E5F7CA26C789
2020-06-27 08:28:20,198 [Listener at 127.0.0.1/46381] INFO  impl.RaftServerImpl (RaftServerImpl.java:lambda$shutdown$3(252)) - 34efc206-1f67-4a18-aa05-bd0f2a1ef0e4@group-EDAE14BFB10F: shutdown
2020-06-27 08:28:20,198 [Listener at 127.0.0.1/46381] INFO  util.JmxRegister (JmxRegister.java:unregister(73)) - Successfully un-registered JMX Bean with object name Ratis:service=RaftServer,group=group-EDAE14BFB10F,id=34efc206-1f67-4a18-aa05-bd0f2a1ef0e4
2020-06-27 08:28:20,198 [Listener at 127.0.0.1/46381] INFO  impl.RoleInfo (RoleInfo.java:shutdownFollowerState(121)) - 34efc206-1f67-4a18-aa05-bd0f2a1ef0e4: shutdown FollowerState
2020-06-27 08:28:20,198 [21e928e7-b178-40d2-b19b-ea853389ee6e@group-4F5E8EC33368-SegmentedRaftLogWorker] INFO  segmented.SegmentedRaftLogWorker (SegmentedRaftLogWorker.java:run(327)) - 21e928e7-b178-40d2-b19b-ea853389ee6e@group-4F5E8EC33368-SegmentedRaftLogWorker was interrupted, exiting. There are 0 tasks remaining in the queue.
2020-06-27 08:28:20,199 [Thread-378] INFO  impl.FollowerState (FollowerState.java:run(117)) - 34efc206-1f67-4a18-aa05-bd0f2a1ef0e4@group-EDAE14BFB10F-FollowerState was interrupted: java.lang.InterruptedException: sleep interrupted
2020-06-27 08:28:20,199 [34efc206-1f67-4a18-aa05-bd0f2a1ef0e4@group-EDAE14BFB10F-StateMachineUpdater] INFO  ratis.ContainerStateMachine (ContainerStateMachine.java:takeSnapshot(294)) - group-EDAE14BFB10F: Taking a snapshot at:(t:2, i:12) file /github/workspace/mnt/ozone/hadoop-ozone/integration-test/target/test-dir/MiniOzoneClusterImpl-8eb50a3f-c1ff-437a-8e18-e0505f09b26f/datanode-3/data/ratis/9a651e83-1ed9-467f-9369-edae14bfb10f/sm/snapshot.2_12
2020-06-27 08:28:20,199 [ForkJoinPool.commonPool-worker-0] INFO  segmented.SegmentedRaftLogWorker (SegmentedRaftLogWorker.java:close(234)) - 21e928e7-b178-40d2-b19b-ea853389ee6e@group-4F5E8EC33368-SegmentedRaftLogWorker close()
2020-06-27 08:28:20,199 [Listener at 127.0.0.1/46381] INFO  impl.StateMachineUpdater (StateMachineUpdater.java:stopAndJoin(142)) - 34efc206-1f67-4a18-aa05-bd0f2a1ef0e4@group-EDAE14BFB10F-StateMachineUpdater: set stopIndex = 12
2020-06-27 08:28:20,200 [34efc206-1f67-4a18-aa05-bd0f2a1ef0e4@group-EDAE14BFB10F-StateMachineUpdater] INFO  ratis.ContainerStateMachine (ContainerStateMachine.java:takeSnapshot(305)) - group-EDAE14BFB10F: Finished taking a snapshot at:(t:2, i:12) file:/github/workspace/mnt/ozone/hadoop-ozone/integration-test/target/test-dir/MiniOzoneClusterImpl-8eb50a3f-c1ff-437a-8e18-e0505f09b26f/datanode-3/data/ratis/9a651e83-1ed9-467f-9369-edae14bfb10f/sm/snapshot.2_12 time:1
2020-06-27 08:28:20,200 [34efc206-1f67-4a18-aa05-bd0f2a1ef0e4@group-EDAE14BFB10F-StateMachineUpdater] INFO  impl.StateMachineUpdater (StateMachineUpdater.java:takeSnapshot(277)) - 34efc206-1f67-4a18-aa05-bd0f2a1ef0e4@group-EDAE14BFB10F-StateMachineUpdater: Took a snapshot at index 12
2020-06-27 08:28:20,200 [34efc206-1f67-4a18-aa05-bd0f2a1ef0e4@group-EDAE14BFB10F-StateMachineUpdater] INFO  impl.StateMachineUpdater (StateMachineUpdater.java:lambda$new$0(87)) - 34efc206-1f67-4a18-aa05-bd0f2a1ef0e4@group-EDAE14BFB10F-StateMachineUpdater: snapshotIndex: updateIncreasingly -1 -> 12
2020-06-27 08:28:20,201 [34efc206-1f67-4a18-aa05-bd0f2a1ef0e4@group-EDAE14BFB10F-StateMachineUpdater] INFO  metrics.RatisMetrics (RatisMetrics.java:unregister(43)) - Unregistering Metrics Registry : ratis.state_machine.34efc206-1f67-4a18-aa05-bd0f2a1ef0e4@group-EDAE14BFB10F
2020-06-27 08:28:20,201 [Listener at 127.0.0.1/46381] INFO  impl.RaftServerImpl (ServerState.java:close(387)) - 34efc206-1f67-4a18-aa05-bd0f2a1ef0e4@group-EDAE14BFB10F: closes. applyIndex: 12
2020-06-27 08:28:20,201 [34efc206-1f67-4a18-aa05-bd0f2a1ef0e4@group-EDAE14BFB10F-SegmentedRaftLogWorker] INFO  segmented.SegmentedRaftLogWorker (SegmentedRaftLogWorker.java:run(327)) - 34efc206-1f67-4a18-aa05-bd0f2a1ef0e4@group-EDAE14BFB10F-SegmentedRaftLogWorker was interrupted, exiting. There are 0 tasks remaining in the queue.
2020-06-27 08:28:20,201 [ForkJoinPool.commonPool-worker-0] INFO  metrics.RatisMetrics (RatisMetrics.java:unregister(43)) - Unregistering Metrics Registry : ratis.log_worker.21e928e7-b178-40d2-b19b-ea853389ee6e@group-4F5E8EC33368
2020-06-27 08:28:20,202 [ForkJoinPool.commonPool-worker-0] INFO  metrics.RatisMetrics (RatisMetrics.java:unregister(43)) - Unregistering Metrics Registry : ratis.leader_election.21e928e7-b178-40d2-b19b-ea853389ee6e@group-4F5E8EC33368
2020-06-27 08:28:20,202 [ForkJoinPool.commonPool-worker-0] INFO  metrics.RatisMetrics (RatisMetrics.java:unregister(43)) - Unregistering Metrics Registry : ratis.server.21e928e7-b178-40d2-b19b-ea853389ee6e@group-4F5E8EC33368
2020-06-27 08:28:20,202 [Listener at 127.0.0.1/46381] INFO  segmented.SegmentedRaftLogWorker (SegmentedRaftLogWorker.java:close(234)) - 34efc206-1f67-4a18-aa05-bd0f2a1ef0e4@group-EDAE14BFB10F-SegmentedRaftLogWorker close()
2020-06-27 08:28:20,202 [ForkJoinPool.commonPool-worker-0] INFO  impl.RaftServerImpl (RaftServerImpl.java:lambda$shutdown$3(252)) - 21e928e7-b178-40d2-b19b-ea853389ee6e@group-0BB294C9A031: shutdown
2020-06-27 08:28:20,204 [ForkJoinPool.commonPool-worker-0] INFO  util.JmxRegister (JmxRegister.java:unregister(73)) - Successfully un-registered JMX Bean with object name Ratis:service=RaftServer,group=group-0BB294C9A031,id=21e928e7-b178-40d2-b19b-ea853389ee6e
2020-06-27 08:28:20,204 [ForkJoinPool.commonPool-worker-0] INFO  impl.RoleInfo (RoleInfo.java:shutdownLeaderState(104)) - 21e928e7-b178-40d2-b19b-ea853389ee6e: shutdown LeaderState
2020-06-27 08:28:20,204 [ForkJoinPool.commonPool-worker-0] INFO  impl.PendingRequests (PendingRequests.java:sendNotLeaderResponses(249)) - 21e928e7-b178-40d2-b19b-ea853389ee6e@group-0BB294C9A031-PendingRequests: sendNotLeaderResponses
2020-06-27 08:28:20,205 [ForkJoinPool.commonPool-worker-0] INFO  metrics.RatisMetrics (RatisMetrics.java:unregister(43)) - Unregistering Metrics Registry : ratis.log_appender.21e928e7-b178-40d2-b19b-ea853389ee6e@group-0BB294C9A031
2020-06-27 08:28:20,205 [ForkJoinPool.commonPool-worker-0] INFO  metrics.RatisMetrics (RatisMetrics.java:unregister(43)) - Unregistering Metrics Registry : ratis.server.21e928e7-b178-40d2-b19b-ea853389ee6e@group-0BB294C9A031
2020-06-27 08:28:20,204 [Listener at 127.0.0.1/46381] INFO  metrics.RatisMetrics (RatisMetrics.java:unregister(43)) - Unregistering Metrics Registry : ratis.log_worker.34efc206-1f67-4a18-aa05-bd0f2a1ef0e4@group-EDAE14BFB10F
2020-06-27 08:28:20,205 [Listener at 127.0.0.1/46381] INFO  metrics.RatisMetrics (RatisMetrics.java:unregister(43)) - Unregistering Metrics Registry : ratis.leader_election.34efc206-1f67-4a18-aa05-bd0f2a1ef0e4@group-EDAE14BFB10F
2020-06-27 08:28:20,205 [Listener at 127.0.0.1/46381] INFO  metrics.RatisMetrics (RatisMetrics.java:unregister(43)) - Unregistering Metrics Registry : ratis.server.34efc206-1f67-4a18-aa05-bd0f2a1ef0e4@group-EDAE14BFB10F
2020-06-27 08:28:20,206 [Listener at 127.0.0.1/46381] INFO  impl.RaftServerImpl (RaftServerImpl.java:lambda$shutdown$3(252)) - 34efc206-1f67-4a18-aa05-bd0f2a1ef0e4@group-11D1A0DB352F: shutdown
2020-06-27 08:28:20,206 [Listener at 127.0.0.1/46381] INFO  util.JmxRegister (JmxRegister.java:unregister(73)) - Successfully un-registered JMX Bean with object name Ratis:service=RaftServer,group=group-11D1A0DB352F,id=34efc206-1f67-4a18-aa05-bd0f2a1ef0e4
2020-06-27 08:28:20,206 [Listener at 127.0.0.1/46381] INFO  impl.RoleInfo (RoleInfo.java:shutdownLeaderState(104)) - 34efc206-1f67-4a18-aa05-bd0f2a1ef0e4: shutdown LeaderState
2020-06-27 08:28:20,206 [Listener at 127.0.0.1/46381] INFO  metrics.RatisMetrics (RatisMetrics.java:unregister(43)) - Unregistering Metrics Registry : ratis_grpc.log_appender.34efc206-1f67-4a18-aa05-bd0f2a1ef0e4@group-11D1A0DB352F
2020-06-27 08:28:20,206 [21e928e7-b178-40d2-b19b-ea853389ee6e@group-0BB294C9A031-StateMachineUpdater] INFO  ratis.ContainerStateMachine (ContainerStateMachine.java:takeSnapshot(294)) - group-0BB294C9A031: Taking a snapshot at:(t:1, i:0) file /github/workspace/mnt/ozone/hadoop-ozone/integration-test/target/test-dir/MiniOzoneClusterImpl-8eb50a3f-c1ff-437a-8e18-e0505f09b26f/datanode-2/data/ratis/2d02a235-a3a0-4b96-b0c1-0bb294c9a031/sm/snapshot.1_0
2020-06-27 08:28:20,207 [ForkJoinPool.commonPool-worker-0] INFO  impl.StateMachineUpdater (StateMachineUpdater.java:stopAndJoin(142)) - 21e928e7-b178-40d2-b19b-ea853389ee6e@group-0BB294C9A031-StateMachineUpdater: set stopIndex = 0
2020-06-27 08:28:20,207 [org.apache.ratis.server.impl.LogAppender$AppenderDaemon$$Lambda$438/1414974630@425454a1] WARN  server.GrpcLogAppender (GrpcLogAppender.java:mayWait(153)) - 34efc206-1f67-4a18-aa05-bd0f2a1ef0e4@group-11D1A0DB352F->7f53e279-916a-4fed-90de-23e9c25f9e31-GrpcLogAppender: Wait interrupted by java.lang.InterruptedException
2020-06-27 08:28:20,207 [Listener at 127.0.0.1/46381] INFO  metrics.RatisMetrics (RatisMetrics.java:unregister(43)) - Unregistering Metrics Registry : ratis_grpc.log_appender.34efc206-1f67-4a18-aa05-bd0f2a1ef0e4@group-11D1A0DB352F
2020-06-27 08:28:20,207 [21e928e7-b178-40d2-b19b-ea853389ee6e@group-0BB294C9A031-StateMachineUpdater] INFO  ratis.ContainerStateMachine (ContainerStateMachine.java:takeSnapshot(305)) - group-0BB294C9A031: Finished taking a snapshot at:(t:1, i:0) file:/github/workspace/mnt/ozone/hadoop-ozone/integration-test/target/test-dir/MiniOzoneClusterImpl-8eb50a3f-c1ff-437a-8e18-e0505f09b26f/datanode-2/data/ratis/2d02a235-a3a0-4b96-b0c1-0bb294c9a031/sm/snapshot.1_0 time:0
2020-06-27 08:28:20,208 [org.apache.ratis.server.impl.LogAppender$AppenderDaemon$$Lambda$438/1414974630@6155f8cc] WARN  server.GrpcLogAppender (GrpcLogAppender.java:mayWait(153)) - 34efc206-1f67-4a18-aa05-bd0f2a1ef0e4@group-11D1A0DB352F->a99a18fa-a15b-4cd6-a5fd-78034dfd05b4-GrpcLogAppender: Wait interrupted by java.lang.InterruptedException
2020-06-27 08:28:20,208 [21e928e7-b178-40d2-b19b-ea853389ee6e@group-0BB294C9A031-StateMachineUpdater] INFO  impl.StateMachineUpdater (StateMachineUpdater.java:takeSnapshot(277)) - 21e928e7-b178-40d2-b19b-ea853389ee6e@group-0BB294C9A031-StateMachineUpdater: Took a snapshot at index 0
2020-06-27 08:28:20,208 [21e928e7-b178-40d2-b19b-ea853389ee6e@group-0BB294C9A031-StateMachineUpdater] INFO  impl.StateMachineUpdater (StateMachineUpdater.java:lambda$new$0(87)) - 21e928e7-b178-40d2-b19b-ea853389ee6e@group-0BB294C9A031-StateMachineUpdater: snapshotIndex: updateIncreasingly -1 -> 0
2020-06-27 08:28:20,208 [21e928e7-b178-40d2-b19b-ea853389ee6e@group-0BB294C9A031-StateMachineUpdater] INFO  metrics.RatisMetrics (RatisMetrics.java:unregister(43)) - Unregistering Metrics Registry : ratis.state_machine.21e928e7-b178-40d2-b19b-ea853389ee6e@group-0BB294C9A031
2020-06-27 08:28:20,209 [ForkJoinPool.commonPool-worker-0] INFO  impl.RaftServerImpl (ServerState.java:close(387)) - 21e928e7-b178-40d2-b19b-ea853389ee6e@group-0BB294C9A031: closes. applyIndex: 0
2020-06-27 08:28:20,208 [Listener at 127.0.0.1/46381] INFO  impl.PendingRequests (PendingRequests.java:sendNotLeaderResponses(249)) - 34efc206-1f67-4a18-aa05-bd0f2a1ef0e4@group-11D1A0DB352F-PendingRequests: sendNotLeaderResponses
2020-06-27 08:28:20,209 [grpc-default-executor-5] INFO  server.GrpcServerProtocolService (GrpcServerProtocolService.java:onCompleted(138)) - a99a18fa-a15b-4cd6-a5fd-78034dfd05b4: Completed APPEND_ENTRIES, lastRequest: 34efc206-1f67-4a18-aa05-bd0f2a1ef0e4->a99a18fa-a15b-4cd6-a5fd-78034dfd05b4#1-t1, previous=(t:0, i:0), leaderCommit=-1, initializing? false, entries: size=1, first=(t:1, i:0), CONFIGURATIONENTRY
2020-06-27 08:28:20,210 [grpc-default-executor-4] INFO  server.GrpcLogAppender (GrpcLogAppender.java:onCompleted(319)) - 34efc206-1f67-4a18-aa05-bd0f2a1ef0e4@group-11D1A0DB352F->a99a18fa-a15b-4cd6-a5fd-78034dfd05b4-AppendLogResponseHandler: follower responses appendEntries COMPLETED
2020-06-27 08:28:20,210 [Listener at 127.0.0.1/46381] INFO  metrics.RatisMetrics (RatisMetrics.java:unregister(43)) - Unregistering Metrics Registry : ratis.log_appender.34efc206-1f67-4a18-aa05-bd0f2a1ef0e4@group-11D1A0DB352F
2020-06-27 08:28:20,210 [Listener at 127.0.0.1/46381] INFO  metrics.RatisMetrics (RatisMetrics.java:unregister(43)) - Unregistering Metrics Registry : ratis.server.34efc206-1f67-4a18-aa05-bd0f2a1ef0e4@group-11D1A0DB352F
2020-06-27 08:28:20,211 [21e928e7-b178-40d2-b19b-ea853389ee6e@group-0BB294C9A031-SegmentedRaftLogWorker] INFO  segmented.SegmentedRaftLogWorker (SegmentedRaftLogWorker.java:run(327)) - 21e928e7-b178-40d2-b19b-ea853389ee6e@group-0BB294C9A031-SegmentedRaftLogWorker was interrupted, exiting. There are 0 tasks remaining in the queue.
2020-06-27 08:28:20,212 [grpc-default-executor-4] INFO  impl.FollowerInfo (FollowerInfo.java:lambda$new$0(51)) - 34efc206-1f67-4a18-aa05-bd0f2a1ef0e4@group-11D1A0DB352F->a99a18fa-a15b-4cd6-a5fd-78034dfd05b4: nextIndex: updateUnconditionally 1 -> 0
2020-06-27 08:28:20,212 [ForkJoinPool.commonPool-worker-0] INFO  segmented.SegmentedRaftLogWorker (SegmentedRaftLogWorker.java:close(234)) - 21e928e7-b178-40d2-b19b-ea853389ee6e@group-0BB294C9A031-SegmentedRaftLogWorker close()
2020-06-27 08:28:20,212 [34efc206-1f67-4a18-aa05-bd0f2a1ef0e4@group-11D1A0DB352F-StateMachineUpdater] INFO  ratis.ContainerStateMachine (ContainerStateMachine.java:takeSnapshot(294)) - group-11D1A0DB352F: Taking a snapshot at:(t:1, i:0) file /github/workspace/mnt/ozone/hadoop-ozone/integration-test/target/test-dir/MiniOzoneClusterImpl-8eb50a3f-c1ff-437a-8e18-e0505f09b26f/datanode-3/data/ratis/d5ffc3a5-e291-47c0-a340-11d1a0db352f/sm/snapshot.1_0
2020-06-27 08:28:20,213 [Listener at 127.0.0.1/46381] INFO  impl.StateMachineUpdater (StateMachineUpdater.java:stopAndJoin(142)) - 34efc206-1f67-4a18-aa05-bd0f2a1ef0e4@group-11D1A0DB352F-StateMachineUpdater: set stopIndex = 0
2020-06-27 08:28:20,213 [ForkJoinPool.commonPool-worker-0] INFO  metrics.RatisMetrics (RatisMetrics.java:unregister(43)) - Unregistering Metrics Registry : ratis.log_worker.21e928e7-b178-40d2-b19b-ea853389ee6e@group-0BB294C9A031
2020-06-27 08:28:20,213 [34efc206-1f67-4a18-aa05-bd0f2a1ef0e4@group-11D1A0DB352F-StateMachineUpdater] INFO  ratis.ContainerStateMachine (ContainerStateMachine.java:takeSnapshot(305)) - group-11D1A0DB352F: Finished taking a snapshot at:(t:1, i:0) file:/github/workspace/mnt/ozone/hadoop-ozone/integration-test/target/test-dir/MiniOzoneClusterImpl-8eb50a3f-c1ff-437a-8e18-e0505f09b26f/datanode-3/data/ratis/d5ffc3a5-e291-47c0-a340-11d1a0db352f/sm/snapshot.1_0 time:0
2020-06-27 08:28:20,214 [34efc206-1f67-4a18-aa05-bd0f2a1ef0e4@group-11D1A0DB352F-StateMachineUpdater] INFO  impl.StateMachineUpdater (StateMachineUpdater.java:takeSnapshot(277)) - 34efc206-1f67-4a18-aa05-bd0f2a1ef0e4@group-11D1A0DB352F-StateMachineUpdater: Took a snapshot at index 0
2020-06-27 08:28:20,214 [34efc206-1f67-4a18-aa05-bd0f2a1ef0e4@group-11D1A0DB352F-StateMachineUpdater] INFO  impl.StateMachineUpdater (StateMachineUpdater.java:lambda$new$0(87)) - 34efc206-1f67-4a18-aa05-bd0f2a1ef0e4@group-11D1A0DB352F-StateMachineUpdater: snapshotIndex: updateIncreasingly -1 -> 0
2020-06-27 08:28:20,214 [34efc206-1f67-4a18-aa05-bd0f2a1ef0e4@group-11D1A0DB352F-StateMachineUpdater] INFO  metrics.RatisMetrics (RatisMetrics.java:unregister(43)) - Unregistering Metrics Registry : ratis.state_machine.34efc206-1f67-4a18-aa05-bd0f2a1ef0e4@group-11D1A0DB352F
2020-06-27 08:28:20,214 [Listener at 127.0.0.1/46381] INFO  impl.RaftServerImpl (ServerState.java:close(387)) - 34efc206-1f67-4a18-aa05-bd0f2a1ef0e4@group-11D1A0DB352F: closes. applyIndex: 0
2020-06-27 08:28:20,214 [34efc206-1f67-4a18-aa05-bd0f2a1ef0e4@group-11D1A0DB352F-SegmentedRaftLogWorker] INFO  segmented.SegmentedRaftLogWorker (SegmentedRaftLogWorker.java:run(327)) - 34efc206-1f67-4a18-aa05-bd0f2a1ef0e4@group-11D1A0DB352F-SegmentedRaftLogWorker was interrupted, exiting. There are 0 tasks remaining in the queue.
2020-06-27 08:28:20,213 [ForkJoinPool.commonPool-worker-0] INFO  metrics.RatisMetrics (RatisMetrics.java:unregister(43)) - Unregistering Metrics Registry : ratis.leader_election.21e928e7-b178-40d2-b19b-ea853389ee6e@group-0BB294C9A031
2020-06-27 08:28:20,214 [ForkJoinPool.commonPool-worker-0] INFO  metrics.RatisMetrics (RatisMetrics.java:unregister(43)) - Unregistering Metrics Registry : ratis.server.21e928e7-b178-40d2-b19b-ea853389ee6e@group-0BB294C9A031
2020-06-27 08:28:20,215 [ForkJoinPool.commonPool-worker-0] INFO  server.GrpcService (GrpcService.java:closeImpl(166)) - 21e928e7-b178-40d2-b19b-ea853389ee6e: shutdown server with port 38179 now
2020-06-27 08:28:20,214 [Listener at 127.0.0.1/46381] INFO  segmented.SegmentedRaftLogWorker (SegmentedRaftLogWorker.java:close(234)) - 34efc206-1f67-4a18-aa05-bd0f2a1ef0e4@group-11D1A0DB352F-SegmentedRaftLogWorker close()
2020-06-27 08:28:20,216 [Listener at 127.0.0.1/46381] INFO  metrics.RatisMetrics (RatisMetrics.java:unregister(43)) - Unregistering Metrics Registry : ratis.log_worker.34efc206-1f67-4a18-aa05-bd0f2a1ef0e4@group-11D1A0DB352F
2020-06-27 08:28:20,216 [Listener at 127.0.0.1/46381] INFO  metrics.RatisMetrics (RatisMetrics.java:unregister(43)) - Unregistering Metrics Registry : ratis.leader_election.34efc206-1f67-4a18-aa05-bd0f2a1ef0e4@group-11D1A0DB352F
2020-06-27 08:28:20,217 [Listener at 127.0.0.1/46381] INFO  metrics.RatisMetrics (RatisMetrics.java:unregister(43)) - Unregistering Metrics Registry : ratis.server.34efc206-1f67-4a18-aa05-bd0f2a1ef0e4@group-11D1A0DB352F
2020-06-27 08:28:20,217 [Listener at 127.0.0.1/46381] INFO  server.GrpcService (GrpcService.java:closeImpl(166)) - 34efc206-1f67-4a18-aa05-bd0f2a1ef0e4: shutdown server with port 36253 now
2020-06-27 08:28:20,218 [grpc-default-executor-5] WARN  server.GrpcServerProtocolService (LogUtils.java:warn(122)) - 34efc206-1f67-4a18-aa05-bd0f2a1ef0e4: installSnapshot onError, lastRequest: a99a18fa-a15b-4cd6-a5fd-78034dfd05b4->34efc206-1f67-4a18-aa05-bd0f2a1ef0e4#16-t2, previous=(t:2, i:11), leaderCommit=11, initializing? false, entries: size=1, first=(t:2, i:12), METADATAENTRY(c:11): org.apache.ratis.thirdparty.io.grpc.StatusRuntimeException: CANCELLED: cancelled before receiving half close
2020-06-27 08:28:20,218 [grpc-default-executor-4] WARN  server.GrpcLogAppender (LogUtils.java:warn(122)) - a99a18fa-a15b-4cd6-a5fd-78034dfd05b4@group-EDAE14BFB10F->34efc206-1f67-4a18-aa05-bd0f2a1ef0e4-AppendLogResponseHandler: Failed appendEntries: org.apache.ratis.thirdparty.io.grpc.StatusRuntimeException: CANCELLED: HTTP/2 error code: CANCEL
Received Rst Stream
2020-06-27 08:28:20,220 [Listener at 127.0.0.1/46381] INFO  server.GrpcService (GrpcService.java:closeImpl(174)) - 34efc206-1f67-4a18-aa05-bd0f2a1ef0e4: shutdown server with port 36253 successfully
2020-06-27 08:28:20,221 [grpc-default-executor-4] INFO  impl.FollowerInfo (FollowerInfo.java:lambda$new$0(51)) - a99a18fa-a15b-4cd6-a5fd-78034dfd05b4@group-EDAE14BFB10F->34efc206-1f67-4a18-aa05-bd0f2a1ef0e4: nextIndex: updateUnconditionally 13 -> 12
2020-06-27 08:28:20,221 [ForkJoinPool.commonPool-worker-0] INFO  server.GrpcService (GrpcService.java:closeImpl(174)) - 21e928e7-b178-40d2-b19b-ea853389ee6e: shutdown server with port 38179 successfully
2020-06-27 08:28:20,222 [Listener at 127.0.0.1/46381] INFO  utils.BackgroundService (BackgroundService.java:shutdown(157)) - Shutting down service BlockDeletingService
2020-06-27 08:28:20,223 [ForkJoinPool.commonPool-worker-0] INFO  utils.BackgroundService (BackgroundService.java:shutdown(157)) - Shutting down service BlockDeletingService
2020-06-27 08:28:20,224 [Listener at 127.0.0.1/46381] INFO  statemachine.DatanodeStateMachine (DatanodeStateMachine.java:stopDaemon(428)) - Ozone container server stopped.
2020-06-27 08:28:20,225 [Listener at 127.0.0.1/46381] INFO  handler.ContextHandler (ContextHandler.java:doStop(1016)) - Stopped o.e.j.w.WebAppContext@4d9048c5{hddsDatanode,/,null,UNAVAILABLE}{jar:file:/home/user/.m2/repository/org/apache/hadoop/hadoop-hdds-container-service/0.6.0-SNAPSHOT/hadoop-hdds-container-service-0.6.0-SNAPSHOT.jar!/webapps/hddsDatanode}
2020-06-27 08:28:20,228 [Listener at 127.0.0.1/46381] INFO  server.AbstractConnector (AbstractConnector.java:doStop(380)) - Stopped ServerConnector@49b502f3{HTTP/1.1,[http/1.1]}{0.0.0.0:0}
2020-06-27 08:28:20,228 [Listener at 127.0.0.1/46381] INFO  server.session (HouseKeeper.java:stopScavenging(158)) - node0 Stopped scavenging
2020-06-27 08:28:20,229 [Listener at 127.0.0.1/46381] INFO  handler.ContextHandler (ContextHandler.java:doStop(1016)) - Stopped o.e.j.s.ServletContextHandler@6e9f84ff{static,/static,jar:file:/home/user/.m2/repository/org/apache/hadoop/hadoop-hdds-container-service/0.6.0-SNAPSHOT/hadoop-hdds-container-service-0.6.0-SNAPSHOT.jar!/webapps/static,UNAVAILABLE}
2020-06-27 08:28:20,229 [Listener at 127.0.0.1/46381] INFO  handler.ContextHandler (ContextHandler.java:doStop(1016)) - Stopped o.e.j.s.ServletContextHandler@7bef02d1{logs,/logs,file:///github/workspace/mnt/ozone/hadoop-ozone/integration-test/target/log,UNAVAILABLE}
2020-06-27 08:28:20,232 [ForkJoinPool.commonPool-worker-0] INFO  statemachine.DatanodeStateMachine (DatanodeStateMachine.java:stopDaemon(428)) - Ozone container server stopped.
2020-06-27 08:28:20,233 [ForkJoinPool.commonPool-worker-0] INFO  handler.ContextHandler (ContextHandler.java:doStop(1016)) - Stopped o.e.j.w.WebAppContext@22a04e0a{hddsDatanode,/,null,UNAVAILABLE}{jar:file:/home/user/.m2/repository/org/apache/hadoop/hadoop-hdds-container-service/0.6.0-SNAPSHOT/hadoop-hdds-container-service-0.6.0-SNAPSHOT.jar!/webapps/hddsDatanode}
2020-06-27 08:28:20,234 [ForkJoinPool.commonPool-worker-0] INFO  server.AbstractConnector (AbstractConnector.java:doStop(380)) - Stopped ServerConnector@17240ec1{HTTP/1.1,[http/1.1]}{0.0.0.0:0}
2020-06-27 08:28:20,234 [ForkJoinPool.commonPool-worker-0] INFO  server.session (HouseKeeper.java:stopScavenging(158)) - node0 Stopped scavenging
2020-06-27 08:28:20,235 [ForkJoinPool.commonPool-worker-0] INFO  handler.ContextHandler (ContextHandler.java:doStop(1016)) - Stopped o.e.j.s.ServletContextHandler@457de2b9{static,/static,jar:file:/home/user/.m2/repository/org/apache/hadoop/hadoop-hdds-container-service/0.6.0-SNAPSHOT/hadoop-hdds-container-service-0.6.0-SNAPSHOT.jar!/webapps/static,UNAVAILABLE}
2020-06-27 08:28:20,235 [ForkJoinPool.commonPool-worker-0] INFO  handler.ContextHandler (ContextHandler.java:doStop(1016)) - Stopped o.e.j.s.ServletContextHandler@60c21f31{logs,/logs,file:///github/workspace/mnt/ozone/hadoop-ozone/integration-test/target/log,UNAVAILABLE}
2020-06-27 08:28:21,076 [Datanode State Machine Thread - 0] INFO  statemachine.DatanodeStateMachine (DatanodeStateMachine.java:lambda$startDaemon$0(380)) - Ozone container server started.
2020-06-27 08:28:21,214 [Datanode State Machine Thread - 0] INFO  statemachine.DatanodeStateMachine (DatanodeStateMachine.java:lambda$startDaemon$0(380)) - Ozone container server started.
2020-06-27 08:28:21,416 [Thread-300] INFO  impl.FollowerState (FollowerState.java:run(108)) - addd0e4b-8b83-4fcf-9561-846eae7ff551@group-DE40DCD8EE57-FollowerState: change to CANDIDATE, lastRpcTime:7932ms, electionTimeout:5086ms
2020-06-27 08:28:21,416 [Thread-300] INFO  impl.RoleInfo (RoleInfo.java:shutdownFollowerState(121)) - addd0e4b-8b83-4fcf-9561-846eae7ff551: shutdown FollowerState
2020-06-27 08:28:21,416 [Thread-300] INFO  impl.RaftServerImpl (RaftServerImpl.java:setRole(175)) - addd0e4b-8b83-4fcf-9561-846eae7ff551@group-DE40DCD8EE57: changes role from  FOLLOWER to CANDIDATE at term 1 for changeToCandidate
2020-06-27 08:28:21,416 [Thread-300] INFO  impl.RoleInfo (RoleInfo.java:updateAndGet(143)) - addd0e4b-8b83-4fcf-9561-846eae7ff551: start LeaderElection
2020-06-27 08:28:21,417 [addd0e4b-8b83-4fcf-9561-846eae7ff551@group-DE40DCD8EE57-LeaderElection16] INFO  impl.RaftServerImpl (ServerState.java:setLeader(255)) - addd0e4b-8b83-4fcf-9561-846eae7ff551@group-DE40DCD8EE57: change Leader from 7ac2bac4-ea14-4a92-ad00-7ecf8c69770d to null at term 1 for initElection
2020-06-27 08:28:21,418 [addd0e4b-8b83-4fcf-9561-846eae7ff551@group-DE40DCD8EE57-LeaderElection16] INFO  impl.LeaderElection (LeaderElection.java:askForVotes(206)) - addd0e4b-8b83-4fcf-9561-846eae7ff551@group-DE40DCD8EE57-LeaderElection16: begin an election at term 2 for 0: [7ac2bac4-ea14-4a92-ad00-7ecf8c69770d:172.17.0.2:39381, 21e928e7-b178-40d2-b19b-ea853389ee6e:172.17.0.2:38179, addd0e4b-8b83-4fcf-9561-846eae7ff551:172.17.0.2:35621], old=null
2020-06-27 08:28:21,429 [addd0e4b-8b83-4fcf-9561-846eae7ff551@group-DE40DCD8EE57-LeaderElection16] INFO  impl.LeaderElection (LogUtils.java:infoOrTrace(137)) - addd0e4b-8b83-4fcf-9561-846eae7ff551@group-DE40DCD8EE57-LeaderElection16 got exception when requesting votes: java.util.concurrent.ExecutionException: org.apache.ratis.thirdparty.io.grpc.StatusRuntimeException: UNAVAILABLE: io exception
2020-06-27 08:28:21,432 [addd0e4b-8b83-4fcf-9561-846eae7ff551@group-DE40DCD8EE57-LeaderElection16] INFO  impl.LeaderElection (LogUtils.java:infoOrTrace(137)) - addd0e4b-8b83-4fcf-9561-846eae7ff551@group-DE40DCD8EE57-LeaderElection16 got exception when requesting votes: java.util.concurrent.ExecutionException: org.apache.ratis.thirdparty.io.grpc.StatusRuntimeException: UNAVAILABLE: io exception
2020-06-27 08:28:21,432 [addd0e4b-8b83-4fcf-9561-846eae7ff551@group-DE40DCD8EE57-LeaderElection16] INFO  impl.LeaderElection (LeaderElection.java:logAndReturn(61)) - addd0e4b-8b83-4fcf-9561-846eae7ff551@group-DE40DCD8EE57-LeaderElection16: Election REJECTED; received 0 response(s) [] and 2 exception(s); addd0e4b-8b83-4fcf-9561-846eae7ff551@group-DE40DCD8EE57:t2, leader=null, voted=addd0e4b-8b83-4fcf-9561-846eae7ff551, raftlog=addd0e4b-8b83-4fcf-9561-846eae7ff551@group-DE40DCD8EE57-SegmentedRaftLog:OPENED:c0,f0,i0, conf=0: [7ac2bac4-ea14-4a92-ad00-7ecf8c69770d:172.17.0.2:39381, 21e928e7-b178-40d2-b19b-ea853389ee6e:172.17.0.2:38179, addd0e4b-8b83-4fcf-9561-846eae7ff551:172.17.0.2:35621], old=null
2020-06-27 08:28:21,432 [addd0e4b-8b83-4fcf-9561-846eae7ff551@group-DE40DCD8EE57-LeaderElection16] INFO  impl.LeaderElection (LogUtils.java:infoOrTrace(137)) -   Exception 0: java.util.concurrent.ExecutionException: org.apache.ratis.thirdparty.io.grpc.StatusRuntimeException: UNAVAILABLE: io exception
2020-06-27 08:28:21,433 [addd0e4b-8b83-4fcf-9561-846eae7ff551@group-DE40DCD8EE57-LeaderElection16] INFO  impl.LeaderElection (LogUtils.java:infoOrTrace(137)) -   Exception 1: java.util.concurrent.ExecutionException: org.apache.ratis.thirdparty.io.grpc.StatusRuntimeException: UNAVAILABLE: io exception
2020-06-27 08:28:21,433 [addd0e4b-8b83-4fcf-9561-846eae7ff551@group-DE40DCD8EE57-LeaderElection16] INFO  impl.RaftServerImpl (RaftServerImpl.java:setRole(175)) - addd0e4b-8b83-4fcf-9561-846eae7ff551@group-DE40DCD8EE57: changes role from CANDIDATE to FOLLOWER at term 2 for DISCOVERED_A_NEW_TERM
2020-06-27 08:28:21,433 [addd0e4b-8b83-4fcf-9561-846eae7ff551@group-DE40DCD8EE57-LeaderElection16] INFO  impl.RoleInfo (RoleInfo.java:shutdownLeaderElection(134)) - addd0e4b-8b83-4fcf-9561-846eae7ff551: shutdown LeaderElection
2020-06-27 08:28:21,433 [addd0e4b-8b83-4fcf-9561-846eae7ff551@group-DE40DCD8EE57-LeaderElection16] INFO  impl.RoleInfo (RoleInfo.java:updateAndGet(143)) - addd0e4b-8b83-4fcf-9561-846eae7ff551: start FollowerState
2020-06-27 08:28:21,956 [Command processor thread] DEBUG impl.RaftServerImpl (RaftServerImpl.java:submitClientRequestAsync(575)) - a99a18fa-a15b-4cd6-a5fd-78034dfd05b4@group-EDAE14BFB10F: receive client request(RaftClientRequest:client-3C041AEE002D->a99a18fa-a15b-4cd6-a5fd-78034dfd05b4@group-EDAE14BFB10F, cid=21, seq=0, RW, cmdType: CloseContainer
traceID: ""
containerID: 2
datanodeUuid: "a99a18fa-a15b-4cd6-a5fd-78034dfd05b4"
closeContainer {
}
, data.size=0)
2020-06-27 08:28:21,958 [Command processor thread] DEBUG impl.RaftServerImpl (LeaderState.java:addPendingRequest(335)) - a99a18fa-a15b-4cd6-a5fd-78034dfd05b4@group-EDAE14BFB10F-LeaderState: addPendingRequest at RaftClientRequest:client-3C041AEE002D->a99a18fa-a15b-4cd6-a5fd-78034dfd05b4@group-EDAE14BFB10F, cid=21, seq=0, RW, cmdType: CloseContainer
traceID: ""
containerID: 2
datanodeUuid: "a99a18fa-a15b-4cd6-a5fd-78034dfd05b4"
closeContainer {
}
, data.size=0, entry=(t:2, i:13), STATEMACHINELOGENTRY, client-3C041AEE002D, cid=21
2020-06-27 08:28:21,962 [grpc-default-executor-5] WARN  server.GrpcLogAppender (LogUtils.java:warn(122)) - a99a18fa-a15b-4cd6-a5fd-78034dfd05b4@group-EDAE14BFB10F->7f53e279-916a-4fed-90de-23e9c25f9e31-AppendLogResponseHandler: Failed appendEntries: org.apache.ratis.thirdparty.io.grpc.StatusRuntimeException: UNAVAILABLE: io exception
2020-06-27 08:28:21,964 [grpc-default-executor-3] WARN  server.GrpcLogAppender (LogUtils.java:warn(122)) - a99a18fa-a15b-4cd6-a5fd-78034dfd05b4@group-EDAE14BFB10F->34efc206-1f67-4a18-aa05-bd0f2a1ef0e4-AppendLogResponseHandler: Failed appendEntries: org.apache.ratis.thirdparty.io.grpc.StatusRuntimeException: UNAVAILABLE: io exception
2020-06-27 08:28:21,965 [grpc-default-executor-5] INFO  impl.FollowerInfo (FollowerInfo.java:lambda$new$0(51)) - a99a18fa-a15b-4cd6-a5fd-78034dfd05b4@group-EDAE14BFB10F->7f53e279-916a-4fed-90de-23e9c25f9e31: nextIndex: updateUnconditionally 13 -> 12
2020-06-27 08:28:21,966 [grpc-default-executor-3] INFO  impl.FollowerInfo (FollowerInfo.java:lambda$new$0(51)) - a99a18fa-a15b-4cd6-a5fd-78034dfd05b4@group-EDAE14BFB10F->34efc206-1f67-4a18-aa05-bd0f2a1ef0e4: nextIndex: updateUnconditionally 13 -> 12
2020-06-27 08:28:22,448 [Thread-352] INFO  impl.FollowerState (FollowerState.java:run(108)) - addd0e4b-8b83-4fcf-9561-846eae7ff551@group-4F5E8EC33368-FollowerState: change to CANDIDATE, lastRpcTime:7861ms, electionTimeout:5087ms
2020-06-27 08:28:22,448 [Thread-352] INFO  impl.RoleInfo (RoleInfo.java:shutdownFollowerState(121)) - addd0e4b-8b83-4fcf-9561-846eae7ff551: shutdown FollowerState
2020-06-27 08:28:22,448 [Thread-352] INFO  impl.RaftServerImpl (RaftServerImpl.java:setRole(175)) - addd0e4b-8b83-4fcf-9561-846eae7ff551@group-4F5E8EC33368: changes role from  FOLLOWER to CANDIDATE at term 1 for changeToCandidate
2020-06-27 08:28:22,448 [Thread-352] INFO  impl.RoleInfo (RoleInfo.java:updateAndGet(143)) - addd0e4b-8b83-4fcf-9561-846eae7ff551: start LeaderElection
2020-06-27 08:28:22,449 [addd0e4b-8b83-4fcf-9561-846eae7ff551@group-4F5E8EC33368-LeaderElection17] INFO  impl.RaftServerImpl (ServerState.java:setLeader(255)) - addd0e4b-8b83-4fcf-9561-846eae7ff551@group-4F5E8EC33368: change Leader from 7ac2bac4-ea14-4a92-ad00-7ecf8c69770d to null at term 1 for initElection
2020-06-27 08:28:22,451 [addd0e4b-8b83-4fcf-9561-846eae7ff551@group-4F5E8EC33368-LeaderElection17] INFO  impl.LeaderElection (LeaderElection.java:askForVotes(206)) - addd0e4b-8b83-4fcf-9561-846eae7ff551@group-4F5E8EC33368-LeaderElection17: begin an election at term 2 for 0: [7ac2bac4-ea14-4a92-ad00-7ecf8c69770d:172.17.0.2:39381, 21e928e7-b178-40d2-b19b-ea853389ee6e:172.17.0.2:38179, addd0e4b-8b83-4fcf-9561-846eae7ff551:172.17.0.2:35621], old=null
2020-06-27 08:28:22,452 [addd0e4b-8b83-4fcf-9561-846eae7ff551@group-4F5E8EC33368-LeaderElection17] INFO  impl.LeaderElection (LogUtils.java:infoOrTrace(137)) - addd0e4b-8b83-4fcf-9561-846eae7ff551@group-4F5E8EC33368-LeaderElection17 got exception when requesting votes: java.util.concurrent.ExecutionException: org.apache.ratis.thirdparty.io.grpc.StatusRuntimeException: UNAVAILABLE: io exception
2020-06-27 08:28:22,452 [addd0e4b-8b83-4fcf-9561-846eae7ff551@group-4F5E8EC33368-LeaderElection17] INFO  impl.LeaderElection (LogUtils.java:infoOrTrace(137)) - addd0e4b-8b83-4fcf-9561-846eae7ff551@group-4F5E8EC33368-LeaderElection17 got exception when requesting votes: java.util.concurrent.ExecutionException: org.apache.ratis.thirdparty.io.grpc.StatusRuntimeException: UNAVAILABLE: io exception
2020-06-27 08:28:22,452 [addd0e4b-8b83-4fcf-9561-846eae7ff551@group-4F5E8EC33368-LeaderElection17] INFO  impl.LeaderElection (LeaderElection.java:logAndReturn(61)) - addd0e4b-8b83-4fcf-9561-846eae7ff551@group-4F5E8EC33368-LeaderElection17: Election REJECTED; received 0 response(s) [] and 2 exception(s); addd0e4b-8b83-4fcf-9561-846eae7ff551@group-4F5E8EC33368:t2, leader=null, voted=addd0e4b-8b83-4fcf-9561-846eae7ff551, raftlog=addd0e4b-8b83-4fcf-9561-846eae7ff551@group-4F5E8EC33368-SegmentedRaftLog:OPENED:c4,f4,i4, conf=0: [7ac2bac4-ea14-4a92-ad00-7ecf8c69770d:172.17.0.2:39381, 21e928e7-b178-40d2-b19b-ea853389ee6e:172.17.0.2:38179, addd0e4b-8b83-4fcf-9561-846eae7ff551:172.17.0.2:35621], old=null
2020-06-27 08:28:22,452 [addd0e4b-8b83-4fcf-9561-846eae7ff551@group-4F5E8EC33368-LeaderElection17] INFO  impl.LeaderElection (LogUtils.java:infoOrTrace(137)) -   Exception 0: java.util.concurrent.ExecutionException: org.apache.ratis.thirdparty.io.grpc.StatusRuntimeException: UNAVAILABLE: io exception
2020-06-27 08:28:22,452 [addd0e4b-8b83-4fcf-9561-846eae7ff551@group-4F5E8EC33368-LeaderElection17] INFO  impl.LeaderElection (LogUtils.java:infoOrTrace(137)) -   Exception 1: java.util.concurrent.ExecutionException: org.apache.ratis.thirdparty.io.grpc.StatusRuntimeException: UNAVAILABLE: io exception
2020-06-27 08:28:22,452 [addd0e4b-8b83-4fcf-9561-846eae7ff551@group-4F5E8EC33368-LeaderElection17] INFO  impl.RaftServerImpl (RaftServerImpl.java:setRole(175)) - addd0e4b-8b83-4fcf-9561-846eae7ff551@group-4F5E8EC33368: changes role from CANDIDATE to FOLLOWER at term 2 for DISCOVERED_A_NEW_TERM
2020-06-27 08:28:22,452 [addd0e4b-8b83-4fcf-9561-846eae7ff551@group-4F5E8EC33368-LeaderElection17] INFO  impl.RoleInfo (RoleInfo.java:shutdownLeaderElection(134)) - addd0e4b-8b83-4fcf-9561-846eae7ff551: shutdown LeaderElection
2020-06-27 08:28:22,452 [addd0e4b-8b83-4fcf-9561-846eae7ff551@group-4F5E8EC33368-LeaderElection17] INFO  impl.RoleInfo (RoleInfo.java:updateAndGet(143)) - addd0e4b-8b83-4fcf-9561-846eae7ff551: start FollowerState
2020-06-27 08:28:24,465 [grpc-default-executor-5] WARN  server.GrpcLogAppender (LogUtils.java:warn(122)) - a99a18fa-a15b-4cd6-a5fd-78034dfd05b4@group-EDAE14BFB10F->7f53e279-916a-4fed-90de-23e9c25f9e31-AppendLogResponseHandler: Failed appendEntries: org.apache.ratis.thirdparty.io.grpc.StatusRuntimeException: UNAVAILABLE: io exception
2020-06-27 08:28:24,467 [grpc-default-executor-5] INFO  impl.FollowerInfo (FollowerInfo.java:lambda$new$0(51)) - a99a18fa-a15b-4cd6-a5fd-78034dfd05b4@group-EDAE14BFB10F->7f53e279-916a-4fed-90de-23e9c25f9e31: nextIndex: updateUnconditionally 13 -> 12
2020-06-27 08:28:24,468 [grpc-default-executor-3] WARN  server.GrpcLogAppender (LogUtils.java:warn(122)) - a99a18fa-a15b-4cd6-a5fd-78034dfd05b4@group-EDAE14BFB10F->34efc206-1f67-4a18-aa05-bd0f2a1ef0e4-AppendLogResponseHandler: Failed appendEntries: org.apache.ratis.thirdparty.io.grpc.StatusRuntimeException: UNAVAILABLE: io exception
2020-06-27 08:28:24,472 [grpc-default-executor-3] INFO  impl.FollowerInfo (FollowerInfo.java:lambda$new$0(51)) - a99a18fa-a15b-4cd6-a5fd-78034dfd05b4@group-EDAE14BFB10F->34efc206-1f67-4a18-aa05-bd0f2a1ef0e4: nextIndex: updateUnconditionally 13 -> 12
2020-06-27 08:28:25,028 [EventQueue-StaleNodeForStaleNodeHandler] INFO  node.StaleNodeHandler (StaleNodeHandler.java:onMessage(58)) - Datanode 34efc206-1f67-4a18-aa05-bd0f2a1ef0e4{ip: 172.17.0.2, host: 23863634748d, networkLocation: /default-rack, certSerialId: null} moved to stale state. Finalizing its pipelines [PipelineID=8943729a-9837-4ba3-8905-e5f7ca26c789, PipelineID=9a651e83-1ed9-467f-9369-edae14bfb10f, PipelineID=d5ffc3a5-e291-47c0-a340-11d1a0db352f]
2020-06-27 08:28:25,028 [EventQueue-StaleNodeForStaleNodeHandler] INFO  pipeline.SCMPipelineManager (SCMPipelineManager.java:finalizeAndDestroyPipeline(397)) - Destroying pipeline:Pipeline[ Id: 8943729a-9837-4ba3-8905-e5f7ca26c789, Nodes: 34efc206-1f67-4a18-aa05-bd0f2a1ef0e4{ip: 172.17.0.2, host: 23863634748d, networkLocation: /default-rack, certSerialId: null}, Type:RATIS, Factor:ONE, State:OPEN, leaderId:34efc206-1f67-4a18-aa05-bd0f2a1ef0e4, CreationTimestamp2020-06-27T08:27:47.709Z]
2020-06-27 08:28:25,028 [EventQueue-StaleNodeForStaleNodeHandler] INFO  pipeline.PipelineStateManager (PipelineStateManager.java:finalizePipeline(120)) - Pipeline Pipeline[ Id: 8943729a-9837-4ba3-8905-e5f7ca26c789, Nodes: 34efc206-1f67-4a18-aa05-bd0f2a1ef0e4{ip: 172.17.0.2, host: 23863634748d, networkLocation: /default-rack, certSerialId: null}, Type:RATIS, Factor:ONE, State:CLOSED, leaderId:34efc206-1f67-4a18-aa05-bd0f2a1ef0e4, CreationTimestamp2020-06-27T08:27:47.709Z] moved to CLOSED state
2020-06-27 08:28:25,028 [EventQueue-StaleNodeForStaleNodeHandler] INFO  pipeline.SCMPipelineManager (SCMPipelineManager.java:finalizeAndDestroyPipeline(397)) - Destroying pipeline:Pipeline[ Id: 9a651e83-1ed9-467f-9369-edae14bfb10f, Nodes: 7f53e279-916a-4fed-90de-23e9c25f9e31{ip: 172.17.0.2, host: 23863634748d, networkLocation: /default-rack, certSerialId: null}34efc206-1f67-4a18-aa05-bd0f2a1ef0e4{ip: 172.17.0.2, host: 23863634748d, networkLocation: /default-rack, certSerialId: null}a99a18fa-a15b-4cd6-a5fd-78034dfd05b4{ip: 172.17.0.2, host: 23863634748d, networkLocation: /default-rack, certSerialId: null}, Type:RATIS, Factor:THREE, State:CLOSED, leaderId:a99a18fa-a15b-4cd6-a5fd-78034dfd05b4, CreationTimestamp2020-06-27T08:27:47.907Z]
2020-06-27 08:28:25,028 [EventQueue-StaleNodeForStaleNodeHandler] INFO  pipeline.SCMPipelineManager (SCMPipelineManager.java:finalizeAndDestroyPipeline(397)) - Destroying pipeline:Pipeline[ Id: d5ffc3a5-e291-47c0-a340-11d1a0db352f, Nodes: 7f53e279-916a-4fed-90de-23e9c25f9e31{ip: 172.17.0.2, host: 23863634748d, networkLocation: /default-rack, certSerialId: null}34efc206-1f67-4a18-aa05-bd0f2a1ef0e4{ip: 172.17.0.2, host: 23863634748d, networkLocation: /default-rack, certSerialId: null}a99a18fa-a15b-4cd6-a5fd-78034dfd05b4{ip: 172.17.0.2, host: 23863634748d, networkLocation: /default-rack, certSerialId: null}, Type:RATIS, Factor:THREE, State:CLOSED, leaderId:34efc206-1f67-4a18-aa05-bd0f2a1ef0e4, CreationTimestamp2020-06-27T08:27:47.908Z]
2020-06-27 08:28:25,028 [EventQueue-StaleNodeForStaleNodeHandler] INFO  node.StaleNodeHandler (StaleNodeHandler.java:onMessage(58)) - Datanode 21e928e7-b178-40d2-b19b-ea853389ee6e{ip: 172.17.0.2, host: 23863634748d, networkLocation: /default-rack, certSerialId: null} moved to stale state. Finalizing its pipelines [PipelineID=19f6dbb0-0442-4a6e-86d0-de40dcd8ee57, PipelineID=92f35736-c11e-4ed1-be08-4f5e8ec33368, PipelineID=2d02a235-a3a0-4b96-b0c1-0bb294c9a031]
2020-06-27 08:28:25,029 [EventQueue-StaleNodeForStaleNodeHandler] INFO  pipeline.SCMPipelineManager (SCMPipelineManager.java:finalizeAndDestroyPipeline(397)) - Destroying pipeline:Pipeline[ Id: 19f6dbb0-0442-4a6e-86d0-de40dcd8ee57, Nodes: addd0e4b-8b83-4fcf-9561-846eae7ff551{ip: 172.17.0.2, host: 23863634748d, networkLocation: /default-rack, certSerialId: null}7ac2bac4-ea14-4a92-ad00-7ecf8c69770d{ip: 172.17.0.2, host: 23863634748d, networkLocation: /default-rack, certSerialId: null}21e928e7-b178-40d2-b19b-ea853389ee6e{ip: 172.17.0.2, host: 23863634748d, networkLocation: /default-rack, certSerialId: null}, Type:RATIS, Factor:THREE, State:CLOSED, leaderId:7ac2bac4-ea14-4a92-ad00-7ecf8c69770d, CreationTimestamp2020-06-27T08:27:47.622Z]
2020-06-27 08:28:25,029 [EventQueue-StaleNodeForStaleNodeHandler] INFO  pipeline.SCMPipelineManager (SCMPipelineManager.java:finalizeAndDestroyPipeline(397)) - Destroying pipeline:Pipeline[ Id: 92f35736-c11e-4ed1-be08-4f5e8ec33368, Nodes: addd0e4b-8b83-4fcf-9561-846eae7ff551{ip: 172.17.0.2, host: 23863634748d, networkLocation: /default-rack, certSerialId: null}7ac2bac4-ea14-4a92-ad00-7ecf8c69770d{ip: 172.17.0.2, host: 23863634748d, networkLocation: /default-rack, certSerialId: null}21e928e7-b178-40d2-b19b-ea853389ee6e{ip: 172.17.0.2, host: 23863634748d, networkLocation: /default-rack, certSerialId: null}, Type:RATIS, Factor:THREE, State:CLOSED, leaderId:7ac2bac4-ea14-4a92-ad00-7ecf8c69770d, CreationTimestamp2020-06-27T08:27:47.624Z]
2020-06-27 08:28:25,029 [EventQueue-StaleNodeForStaleNodeHandler] INFO  pipeline.SCMPipelineManager (SCMPipelineManager.java:finalizeAndDestroyPipeline(397)) - Destroying pipeline:Pipeline[ Id: 2d02a235-a3a0-4b96-b0c1-0bb294c9a031, Nodes: 21e928e7-b178-40d2-b19b-ea853389ee6e{ip: 172.17.0.2, host: 23863634748d, networkLocation: /default-rack, certSerialId: null}, Type:RATIS, Factor:ONE, State:OPEN, leaderId:21e928e7-b178-40d2-b19b-ea853389ee6e, CreationTimestamp2020-06-27T08:27:47.615Z]
2020-06-27 08:28:25,029 [EventQueue-StaleNodeForStaleNodeHandler] INFO  pipeline.PipelineStateManager (PipelineStateManager.java:finalizePipeline(120)) - Pipeline Pipeline[ Id: 2d02a235-a3a0-4b96-b0c1-0bb294c9a031, Nodes: 21e928e7-b178-40d2-b19b-ea853389ee6e{ip: 172.17.0.2, host: 23863634748d, networkLocation: /default-rack, certSerialId: null}, Type:RATIS, Factor:ONE, State:CLOSED, leaderId:21e928e7-b178-40d2-b19b-ea853389ee6e, CreationTimestamp2020-06-27T08:27:47.615Z] moved to CLOSED state
2020-06-27 08:28:25,232 [Listener at 127.0.0.1/46381] INFO  ozoneimpl.OzoneContainer (OzoneContainer.java:stop(246)) - Attempting to stop container services.
2020-06-27 08:28:25,233 [Listener at 127.0.0.1/46381] INFO  impl.RaftServerProxy (RaftServerProxy.java:lambda$close$4(319)) - b9f13683-3178-4f3b-aaab-40506ece2b5f: close
2020-06-27 08:28:25,233 [Listener at 127.0.0.1/46381] INFO  impl.RaftServerImpl (RaftServerImpl.java:lambda$shutdown$3(252)) - b9f13683-3178-4f3b-aaab-40506ece2b5f@group-8F61066D079E: shutdown
2020-06-27 08:28:25,233 [Listener at 127.0.0.1/46381] INFO  util.JmxRegister (JmxRegister.java:unregister(73)) - Successfully un-registered JMX Bean with object name Ratis:service=RaftServer,group=group-8F61066D079E,id=b9f13683-3178-4f3b-aaab-40506ece2b5f
2020-06-27 08:28:25,233 [Listener at 127.0.0.1/46381] INFO  impl.RoleInfo (RoleInfo.java:shutdownLeaderState(104)) - b9f13683-3178-4f3b-aaab-40506ece2b5f: shutdown LeaderState
2020-06-27 08:28:25,233 [Listener at 127.0.0.1/46381] INFO  impl.PendingRequests (PendingRequests.java:sendNotLeaderResponses(249)) - b9f13683-3178-4f3b-aaab-40506ece2b5f@group-8F61066D079E-PendingRequests: sendNotLeaderResponses
2020-06-27 08:28:25,234 [Listener at 127.0.0.1/46381] INFO  metrics.RatisMetrics (RatisMetrics.java:unregister(43)) - Unregistering Metrics Registry : ratis.log_appender.b9f13683-3178-4f3b-aaab-40506ece2b5f@group-8F61066D079E
2020-06-27 08:28:25,234 [Listener at 127.0.0.1/46381] INFO  metrics.RatisMetrics (RatisMetrics.java:unregister(43)) - Unregistering Metrics Registry : ratis.server.b9f13683-3178-4f3b-aaab-40506ece2b5f@group-8F61066D079E
2020-06-27 08:28:25,234 [Listener at 127.0.0.1/46381] INFO  impl.StateMachineUpdater (StateMachineUpdater.java:stopAndJoin(142)) - b9f13683-3178-4f3b-aaab-40506ece2b5f@group-8F61066D079E-StateMachineUpdater: set stopIndex = 0
2020-06-27 08:28:25,234 [b9f13683-3178-4f3b-aaab-40506ece2b5f@group-8F61066D079E-StateMachineUpdater] INFO  ratis.ContainerStateMachine (ContainerStateMachine.java:takeSnapshot(294)) - group-8F61066D079E: Taking a snapshot at:(t:1, i:0) file /github/workspace/mnt/ozone/hadoop-ozone/integration-test/target/test-dir/MiniOzoneClusterImpl-8eb50a3f-c1ff-437a-8e18-e0505f09b26f/datanode-6/data/ratis/b3332d01-4ea2-4ad5-8758-8f61066d079e/sm/snapshot.1_0
2020-06-27 08:28:25,235 [b9f13683-3178-4f3b-aaab-40506ece2b5f@group-8F61066D079E-StateMachineUpdater] INFO  ratis.ContainerStateMachine (ContainerStateMachine.java:takeSnapshot(305)) - group-8F61066D079E: Finished taking a snapshot at:(t:1, i:0) file:/github/workspace/mnt/ozone/hadoop-ozone/integration-test/target/test-dir/MiniOzoneClusterImpl-8eb50a3f-c1ff-437a-8e18-e0505f09b26f/datanode-6/data/ratis/b3332d01-4ea2-4ad5-8758-8f61066d079e/sm/snapshot.1_0 time:1
2020-06-27 08:28:25,235 [b9f13683-3178-4f3b-aaab-40506ece2b5f@group-8F61066D079E-StateMachineUpdater] INFO  impl.StateMachineUpdater (StateMachineUpdater.java:takeSnapshot(277)) - b9f13683-3178-4f3b-aaab-40506ece2b5f@group-8F61066D079E-StateMachineUpdater: Took a snapshot at index 0
2020-06-27 08:28:25,235 [b9f13683-3178-4f3b-aaab-40506ece2b5f@group-8F61066D079E-StateMachineUpdater] INFO  impl.StateMachineUpdater (StateMachineUpdater.java:lambda$new$0(87)) - b9f13683-3178-4f3b-aaab-40506ece2b5f@group-8F61066D079E-StateMachineUpdater: snapshotIndex: updateIncreasingly -1 -> 0
2020-06-27 08:28:25,236 [b9f13683-3178-4f3b-aaab-40506ece2b5f@group-8F61066D079E-StateMachineUpdater] INFO  metrics.RatisMetrics (RatisMetrics.java:unregister(43)) - Unregistering Metrics Registry : ratis.state_machine.b9f13683-3178-4f3b-aaab-40506ece2b5f@group-8F61066D079E
2020-06-27 08:28:25,236 [Listener at 127.0.0.1/46381] INFO  impl.RaftServerImpl (ServerState.java:close(387)) - b9f13683-3178-4f3b-aaab-40506ece2b5f@group-8F61066D079E: closes. applyIndex: 0
2020-06-27 08:28:25,236 [b9f13683-3178-4f3b-aaab-40506ece2b5f@group-8F61066D079E-SegmentedRaftLogWorker] INFO  segmented.SegmentedRaftLogWorker (SegmentedRaftLogWorker.java:run(327)) - b9f13683-3178-4f3b-aaab-40506ece2b5f@group-8F61066D079E-SegmentedRaftLogWorker was interrupted, exiting. There are 0 tasks remaining in the queue.
2020-06-27 08:28:25,236 [Listener at 127.0.0.1/46381] INFO  segmented.SegmentedRaftLogWorker (SegmentedRaftLogWorker.java:close(234)) - b9f13683-3178-4f3b-aaab-40506ece2b5f@group-8F61066D079E-SegmentedRaftLogWorker close()
2020-06-27 08:28:25,237 [ForkJoinPool.commonPool-worker-0] INFO  ozoneimpl.OzoneContainer (OzoneContainer.java:stop(246)) - Attempting to stop container services.
2020-06-27 08:28:25,237 [Listener at 127.0.0.1/46381] INFO  metrics.RatisMetrics (RatisMetrics.java:unregister(43)) - Unregistering Metrics Registry : ratis.log_worker.b9f13683-3178-4f3b-aaab-40506ece2b5f@group-8F61066D079E
2020-06-27 08:28:25,237 [ForkJoinPool.commonPool-worker-0] INFO  impl.RaftServerProxy (RaftServerProxy.java:lambda$close$4(319)) - addd0e4b-8b83-4fcf-9561-846eae7ff551: close
2020-06-27 08:28:25,238 [Listener at 127.0.0.1/46381] INFO  metrics.RatisMetrics (RatisMetrics.java:unregister(43)) - Unregistering Metrics Registry : ratis.leader_election.b9f13683-3178-4f3b-aaab-40506ece2b5f@group-8F61066D079E
2020-06-27 08:28:25,238 [ForkJoinPool.commonPool-worker-0] INFO  impl.RaftServerImpl (RaftServerImpl.java:lambda$shutdown$3(252)) - addd0e4b-8b83-4fcf-9561-846eae7ff551@group-DE40DCD8EE57: shutdown
2020-06-27 08:28:25,238 [ForkJoinPool.commonPool-worker-0] INFO  util.JmxRegister (JmxRegister.java:unregister(73)) - Successfully un-registered JMX Bean with object name Ratis:service=RaftServer,group=group-DE40DCD8EE57,id=addd0e4b-8b83-4fcf-9561-846eae7ff551
2020-06-27 08:28:25,238 [ForkJoinPool.commonPool-worker-0] INFO  impl.RoleInfo (RoleInfo.java:shutdownFollowerState(121)) - addd0e4b-8b83-4fcf-9561-846eae7ff551: shutdown FollowerState
2020-06-27 08:28:25,238 [ForkJoinPool.commonPool-worker-0] INFO  impl.StateMachineUpdater (StateMachineUpdater.java:stopAndJoin(142)) - addd0e4b-8b83-4fcf-9561-846eae7ff551@group-DE40DCD8EE57-StateMachineUpdater: set stopIndex = 0
2020-06-27 08:28:25,238 [Thread-500] INFO  impl.FollowerState (FollowerState.java:run(117)) - addd0e4b-8b83-4fcf-9561-846eae7ff551@group-DE40DCD8EE57-FollowerState was interrupted: java.lang.InterruptedException: sleep interrupted
2020-06-27 08:28:25,238 [addd0e4b-8b83-4fcf-9561-846eae7ff551@group-DE40DCD8EE57-StateMachineUpdater] INFO  ratis.ContainerStateMachine (ContainerStateMachine.java:takeSnapshot(294)) - group-DE40DCD8EE57: Taking a snapshot at:(t:1, i:0) file /github/workspace/mnt/ozone/hadoop-ozone/integration-test/target/test-dir/MiniOzoneClusterImpl-8eb50a3f-c1ff-437a-8e18-e0505f09b26f/datanode-0/data/ratis/19f6dbb0-0442-4a6e-86d0-de40dcd8ee57/sm/snapshot.1_0
2020-06-27 08:28:25,238 [Listener at 127.0.0.1/46381] INFO  metrics.RatisMetrics (RatisMetrics.java:unregister(43)) - Unregistering Metrics Registry : ratis.server.b9f13683-3178-4f3b-aaab-40506ece2b5f@group-8F61066D079E
2020-06-27 08:28:25,239 [addd0e4b-8b83-4fcf-9561-846eae7ff551@group-DE40DCD8EE57-StateMachineUpdater] INFO  ratis.ContainerStateMachine (ContainerStateMachine.java:takeSnapshot(305)) - group-DE40DCD8EE57: Finished taking a snapshot at:(t:1, i:0) file:/github/workspace/mnt/ozone/hadoop-ozone/integration-test/target/test-dir/MiniOzoneClusterImpl-8eb50a3f-c1ff-437a-8e18-e0505f09b26f/datanode-0/data/ratis/19f6dbb0-0442-4a6e-86d0-de40dcd8ee57/sm/snapshot.1_0 time:1
2020-06-27 08:28:25,239 [addd0e4b-8b83-4fcf-9561-846eae7ff551@group-DE40DCD8EE57-StateMachineUpdater] INFO  impl.StateMachineUpdater (StateMachineUpdater.java:takeSnapshot(277)) - addd0e4b-8b83-4fcf-9561-846eae7ff551@group-DE40DCD8EE57-StateMachineUpdater: Took a snapshot at index 0
2020-06-27 08:28:25,239 [addd0e4b-8b83-4fcf-9561-846eae7ff551@group-DE40DCD8EE57-StateMachineUpdater] INFO  impl.StateMachineUpdater (StateMachineUpdater.java:lambda$new$0(87)) - addd0e4b-8b83-4fcf-9561-846eae7ff551@group-DE40DCD8EE57-StateMachineUpdater: snapshotIndex: updateIncreasingly -1 -> 0
2020-06-27 08:28:25,240 [addd0e4b-8b83-4fcf-9561-846eae7ff551@group-DE40DCD8EE57-StateMachineUpdater] INFO  metrics.RatisMetrics (RatisMetrics.java:unregister(43)) - Unregistering Metrics Registry : ratis.state_machine.addd0e4b-8b83-4fcf-9561-846eae7ff551@group-DE40DCD8EE57
2020-06-27 08:28:25,240 [ForkJoinPool.commonPool-worker-0] INFO  impl.RaftServerImpl (ServerState.java:close(387)) - addd0e4b-8b83-4fcf-9561-846eae7ff551@group-DE40DCD8EE57: closes. applyIndex: 0
2020-06-27 08:28:25,240 [Listener at 127.0.0.1/46381] INFO  server.GrpcService (GrpcService.java:closeImpl(166)) - b9f13683-3178-4f3b-aaab-40506ece2b5f: shutdown server with port 45173 now
2020-06-27 08:28:25,240 [addd0e4b-8b83-4fcf-9561-846eae7ff551@group-DE40DCD8EE57-SegmentedRaftLogWorker] INFO  segmented.SegmentedRaftLogWorker (SegmentedRaftLogWorker.java:run(327)) - addd0e4b-8b83-4fcf-9561-846eae7ff551@group-DE40DCD8EE57-SegmentedRaftLogWorker was interrupted, exiting. There are 0 tasks remaining in the queue.
2020-06-27 08:28:25,240 [ForkJoinPool.commonPool-worker-0] INFO  segmented.SegmentedRaftLogWorker (SegmentedRaftLogWorker.java:close(234)) - addd0e4b-8b83-4fcf-9561-846eae7ff551@group-DE40DCD8EE57-SegmentedRaftLogWorker close()
2020-06-27 08:28:25,240 [Listener at 127.0.0.1/46381] INFO  server.GrpcService (GrpcService.java:closeImpl(174)) - b9f13683-3178-4f3b-aaab-40506ece2b5f: shutdown server with port 45173 successfully
2020-06-27 08:28:25,241 [ForkJoinPool.commonPool-worker-0] INFO  metrics.RatisMetrics (RatisMetrics.java:unregister(43)) - Unregistering Metrics Registry : ratis.log_worker.addd0e4b-8b83-4fcf-9561-846eae7ff551@group-DE40DCD8EE57
2020-06-27 08:28:25,241 [ForkJoinPool.commonPool-worker-0] INFO  metrics.RatisMetrics (RatisMetrics.java:unregister(43)) - Unregistering Metrics Registry : ratis.leader_election.addd0e4b-8b83-4fcf-9561-846eae7ff551@group-DE40DCD8EE57
2020-06-27 08:28:25,242 [ForkJoinPool.commonPool-worker-0] INFO  metrics.RatisMetrics (RatisMetrics.java:unregister(43)) - Unregistering Metrics Registry : ratis.server.addd0e4b-8b83-4fcf-9561-846eae7ff551@group-DE40DCD8EE57
2020-06-27 08:28:25,242 [ForkJoinPool.commonPool-worker-0] INFO  impl.RaftServerImpl (RaftServerImpl.java:lambda$shutdown$3(252)) - addd0e4b-8b83-4fcf-9561-846eae7ff551@group-4F5E8EC33368: shutdown
2020-06-27 08:28:25,242 [ForkJoinPool.commonPool-worker-0] INFO  util.JmxRegister (JmxRegister.java:unregister(73)) - Successfully un-registered JMX Bean with object name Ratis:service=RaftServer,group=group-4F5E8EC33368,id=addd0e4b-8b83-4fcf-9561-846eae7ff551
2020-06-27 08:28:25,242 [ForkJoinPool.commonPool-worker-0] INFO  impl.RoleInfo (RoleInfo.java:shutdownFollowerState(121)) - addd0e4b-8b83-4fcf-9561-846eae7ff551: shutdown FollowerState
2020-06-27 08:28:25,242 [Listener at 127.0.0.1/46381] INFO  utils.BackgroundService (BackgroundService.java:shutdown(157)) - Shutting down service BlockDeletingService
2020-06-27 08:28:25,242 [addd0e4b-8b83-4fcf-9561-846eae7ff551@group-4F5E8EC33368-StateMachineUpdater] INFO  ratis.ContainerStateMachine (ContainerStateMachine.java:takeSnapshot(294)) - group-4F5E8EC33368: Taking a snapshot at:(t:1, i:4) file /github/workspace/mnt/ozone/hadoop-ozone/integration-test/target/test-dir/MiniOzoneClusterImpl-8eb50a3f-c1ff-437a-8e18-e0505f09b26f/datanode-0/data/ratis/92f35736-c11e-4ed1-be08-4f5e8ec33368/sm/snapshot.1_4
2020-06-27 08:28:25,242 [Thread-504] INFO  impl.FollowerState (FollowerState.java:run(117)) - addd0e4b-8b83-4fcf-9561-846eae7ff551@group-4F5E8EC33368-FollowerState was interrupted: java.lang.InterruptedException: sleep interrupted
2020-06-27 08:28:25,244 [addd0e4b-8b83-4fcf-9561-846eae7ff551@group-4F5E8EC33368-StateMachineUpdater] INFO  ratis.ContainerStateMachine (ContainerStateMachine.java:takeSnapshot(305)) - group-4F5E8EC33368: Finished taking a snapshot at:(t:1, i:4) file:/github/workspace/mnt/ozone/hadoop-ozone/integration-test/target/test-dir/MiniOzoneClusterImpl-8eb50a3f-c1ff-437a-8e18-e0505f09b26f/datanode-0/data/ratis/92f35736-c11e-4ed1-be08-4f5e8ec33368/sm/snapshot.1_4 time:2
2020-06-27 08:28:25,244 [addd0e4b-8b83-4fcf-9561-846eae7ff551@group-4F5E8EC33368-StateMachineUpdater] INFO  impl.StateMachineUpdater (StateMachineUpdater.java:takeSnapshot(277)) - addd0e4b-8b83-4fcf-9561-846eae7ff551@group-4F5E8EC33368-StateMachineUpdater: Took a snapshot at index 4
2020-06-27 08:28:25,244 [ForkJoinPool.commonPool-worker-0] INFO  impl.StateMachineUpdater (StateMachineUpdater.java:stopAndJoin(142)) - addd0e4b-8b83-4fcf-9561-846eae7ff551@group-4F5E8EC33368-StateMachineUpdater: set stopIndex = 4
2020-06-27 08:28:25,244 [Listener at 127.0.0.1/46381] INFO  statemachine.DatanodeStateMachine (DatanodeStateMachine.java:stopDaemon(428)) - Ozone container server stopped.
2020-06-27 08:28:25,244 [addd0e4b-8b83-4fcf-9561-846eae7ff551@group-4F5E8EC33368-StateMachineUpdater] INFO  impl.StateMachineUpdater (StateMachineUpdater.java:lambda$new$0(87)) - addd0e4b-8b83-4fcf-9561-846eae7ff551@group-4F5E8EC33368-StateMachineUpdater: snapshotIndex: updateIncreasingly -1 -> 4
2020-06-27 08:28:25,245 [addd0e4b-8b83-4fcf-9561-846eae7ff551@group-4F5E8EC33368-StateMachineUpdater] INFO  metrics.RatisMetrics (RatisMetrics.java:unregister(43)) - Unregistering Metrics Registry : ratis.state_machine.addd0e4b-8b83-4fcf-9561-846eae7ff551@group-4F5E8EC33368
2020-06-27 08:28:25,245 [ForkJoinPool.commonPool-worker-0] INFO  impl.RaftServerImpl (ServerState.java:close(387)) - addd0e4b-8b83-4fcf-9561-846eae7ff551@group-4F5E8EC33368: closes. applyIndex: 4
2020-06-27 08:28:25,245 [addd0e4b-8b83-4fcf-9561-846eae7ff551@group-4F5E8EC33368-SegmentedRaftLogWorker] INFO  segmented.SegmentedRaftLogWorker (SegmentedRaftLogWorker.java:run(327)) - addd0e4b-8b83-4fcf-9561-846eae7ff551@group-4F5E8EC33368-SegmentedRaftLogWorker was interrupted, exiting. There are 0 tasks remaining in the queue.
2020-06-27 08:28:25,245 [Listener at 127.0.0.1/46381] INFO  handler.ContextHandler (ContextHandler.java:doStop(1016)) - Stopped o.e.j.w.WebAppContext@35940af1{hddsDatanode,/,null,UNAVAILABLE}{jar:file:/home/user/.m2/repository/org/apache/hadoop/hadoop-hdds-container-service/0.6.0-SNAPSHOT/hadoop-hdds-container-service-0.6.0-SNAPSHOT.jar!/webapps/hddsDatanode}
2020-06-27 08:28:25,245 [ForkJoinPool.commonPool-worker-0] INFO  segmented.SegmentedRaftLogWorker (SegmentedRaftLogWorker.java:close(234)) - addd0e4b-8b83-4fcf-9561-846eae7ff551@group-4F5E8EC33368-SegmentedRaftLogWorker close()
2020-06-27 08:28:25,246 [ForkJoinPool.commonPool-worker-0] INFO  metrics.RatisMetrics (RatisMetrics.java:unregister(43)) - Unregistering Metrics Registry : ratis.log_worker.addd0e4b-8b83-4fcf-9561-846eae7ff551@group-4F5E8EC33368
2020-06-27 08:28:25,246 [Listener at 127.0.0.1/46381] INFO  server.AbstractConnector (AbstractConnector.java:doStop(380)) - Stopped ServerConnector@56ab7448{HTTP/1.1,[http/1.1]}{0.0.0.0:0}
2020-06-27 08:28:25,246 [ForkJoinPool.commonPool-worker-0] INFO  metrics.RatisMetrics (RatisMetrics.java:unregister(43)) - Unregistering Metrics Registry : ratis.leader_election.addd0e4b-8b83-4fcf-9561-846eae7ff551@group-4F5E8EC33368
2020-06-27 08:28:25,246 [Listener at 127.0.0.1/46381] INFO  server.session (HouseKeeper.java:stopScavenging(158)) - node0 Stopped scavenging
2020-06-27 08:28:25,247 [ForkJoinPool.commonPool-worker-0] INFO  metrics.RatisMetrics (RatisMetrics.java:unregister(43)) - Unregistering Metrics Registry : ratis.server.addd0e4b-8b83-4fcf-9561-846eae7ff551@group-4F5E8EC33368
2020-06-27 08:28:25,247 [ForkJoinPool.commonPool-worker-0] INFO  impl.RaftServerImpl (RaftServerImpl.java:lambda$shutdown$3(252)) - addd0e4b-8b83-4fcf-9561-846eae7ff551@group-F3BC6E991ADA: shutdown
2020-06-27 08:28:25,247 [Listener at 127.0.0.1/46381] INFO  handler.ContextHandler (ContextHandler.java:doStop(1016)) - Stopped o.e.j.s.ServletContextHandler@644b4e0{static,/static,jar:file:/home/user/.m2/repository/org/apache/hadoop/hadoop-hdds-container-service/0.6.0-SNAPSHOT/hadoop-hdds-container-service-0.6.0-SNAPSHOT.jar!/webapps/static,UNAVAILABLE}
2020-06-27 08:28:25,247 [ForkJoinPool.commonPool-worker-0] INFO  util.JmxRegister (JmxRegister.java:unregister(73)) - Successfully un-registered JMX Bean with object name Ratis:service=RaftServer,group=group-F3BC6E991ADA,id=addd0e4b-8b83-4fcf-9561-846eae7ff551
2020-06-27 08:28:25,247 [ForkJoinPool.commonPool-worker-0] INFO  impl.RoleInfo (RoleInfo.java:shutdownLeaderState(104)) - addd0e4b-8b83-4fcf-9561-846eae7ff551: shutdown LeaderState
2020-06-27 08:28:25,247 [Listener at 127.0.0.1/46381] INFO  handler.ContextHandler (ContextHandler.java:doStop(1016)) - Stopped o.e.j.s.ServletContextHandler@71376c5f{logs,/logs,file:///github/workspace/mnt/ozone/hadoop-ozone/integration-test/target/log,UNAVAILABLE}
2020-06-27 08:28:25,247 [ForkJoinPool.commonPool-worker-0] INFO  impl.PendingRequests (PendingRequests.java:sendNotLeaderResponses(249)) - addd0e4b-8b83-4fcf-9561-846eae7ff551@group-F3BC6E991ADA-PendingRequests: sendNotLeaderResponses
2020-06-27 08:28:25,248 [ForkJoinPool.commonPool-worker-0] INFO  metrics.RatisMetrics (RatisMetrics.java:unregister(43)) - Unregistering Metrics Registry : ratis.log_appender.addd0e4b-8b83-4fcf-9561-846eae7ff551@group-F3BC6E991ADA
2020-06-27 08:28:25,248 [ForkJoinPool.commonPool-worker-0] INFO  metrics.RatisMetrics (RatisMetrics.java:unregister(43)) - Unregistering Metrics Registry : ratis.server.addd0e4b-8b83-4fcf-9561-846eae7ff551@group-F3BC6E991ADA
2020-06-27 08:28:25,249 [addd0e4b-8b83-4fcf-9561-846eae7ff551@group-F3BC6E991ADA-StateMachineUpdater] INFO  ratis.ContainerStateMachine (ContainerStateMachine.java:takeSnapshot(294)) - group-F3BC6E991ADA: Taking a snapshot at:(t:1, i:0) file /github/workspace/mnt/ozone/hadoop-ozone/integration-test/target/test-dir/MiniOzoneClusterImpl-8eb50a3f-c1ff-437a-8e18-e0505f09b26f/datanode-0/data/ratis/fdba43ff-668e-480b-8ad7-f3bc6e991ada/sm/snapshot.1_0
2020-06-27 08:28:25,249 [ForkJoinPool.commonPool-worker-0] INFO  impl.StateMachineUpdater (StateMachineUpdater.java:stopAndJoin(142)) - addd0e4b-8b83-4fcf-9561-846eae7ff551@group-F3BC6E991ADA-StateMachineUpdater: set stopIndex = 0
2020-06-27 08:28:25,249 [addd0e4b-8b83-4fcf-9561-846eae7ff551@group-F3BC6E991ADA-StateMachineUpdater] INFO  ratis.ContainerStateMachine (ContainerStateMachine.java:takeSnapshot(305)) - group-F3BC6E991ADA: Finished taking a snapshot at:(t:1, i:0) file:/github/workspace/mnt/ozone/hadoop-ozone/integration-test/target/test-dir/MiniOzoneClusterImpl-8eb50a3f-c1ff-437a-8e18-e0505f09b26f/datanode-0/data/ratis/fdba43ff-668e-480b-8ad7-f3bc6e991ada/sm/snapshot.1_0 time:0
2020-06-27 08:28:25,249 [addd0e4b-8b83-4fcf-9561-846eae7ff551@group-F3BC6E991ADA-StateMachineUpdater] INFO  impl.StateMachineUpdater (StateMachineUpdater.java:takeSnapshot(277)) - addd0e4b-8b83-4fcf-9561-846eae7ff551@group-F3BC6E991ADA-StateMachineUpdater: Took a snapshot at index 0
2020-06-27 08:28:25,249 [addd0e4b-8b83-4fcf-9561-846eae7ff551@group-F3BC6E991ADA-StateMachineUpdater] INFO  impl.StateMachineUpdater (StateMachineUpdater.java:lambda$new$0(87)) - addd0e4b-8b83-4fcf-9561-846eae7ff551@group-F3BC6E991ADA-StateMachineUpdater: snapshotIndex: updateIncreasingly -1 -> 0
2020-06-27 08:28:25,249 [addd0e4b-8b83-4fcf-9561-846eae7ff551@group-F3BC6E991ADA-StateMachineUpdater] INFO  metrics.RatisMetrics (RatisMetrics.java:unregister(43)) - Unregistering Metrics Registry : ratis.state_machine.addd0e4b-8b83-4fcf-9561-846eae7ff551@group-F3BC6E991ADA
2020-06-27 08:28:25,250 [ForkJoinPool.commonPool-worker-0] INFO  impl.RaftServerImpl (ServerState.java:close(387)) - addd0e4b-8b83-4fcf-9561-846eae7ff551@group-F3BC6E991ADA: closes. applyIndex: 0
2020-06-27 08:28:25,250 [addd0e4b-8b83-4fcf-9561-846eae7ff551@group-F3BC6E991ADA-SegmentedRaftLogWorker] INFO  segmented.SegmentedRaftLogWorker (SegmentedRaftLogWorker.java:run(327)) - addd0e4b-8b83-4fcf-9561-846eae7ff551@group-F3BC6E991ADA-SegmentedRaftLogWorker was interrupted, exiting. There are 0 tasks remaining in the queue.
2020-06-27 08:28:25,250 [ForkJoinPool.commonPool-worker-0] INFO  segmented.SegmentedRaftLogWorker (SegmentedRaftLogWorker.java:close(234)) - addd0e4b-8b83-4fcf-9561-846eae7ff551@group-F3BC6E991ADA-SegmentedRaftLogWorker close()
2020-06-27 08:28:25,250 [ForkJoinPool.commonPool-worker-0] INFO  metrics.RatisMetrics (RatisMetrics.java:unregister(43)) - Unregistering Metrics Registry : ratis.log_worker.addd0e4b-8b83-4fcf-9561-846eae7ff551@group-F3BC6E991ADA
2020-06-27 08:28:25,251 [ForkJoinPool.commonPool-worker-0] INFO  metrics.RatisMetrics (RatisMetrics.java:unregister(43)) - Unregistering Metrics Registry : ratis.leader_election.addd0e4b-8b83-4fcf-9561-846eae7ff551@group-F3BC6E991ADA
2020-06-27 08:28:25,251 [ForkJoinPool.commonPool-worker-0] INFO  metrics.RatisMetrics (RatisMetrics.java:unregister(43)) - Unregistering Metrics Registry : ratis.server.addd0e4b-8b83-4fcf-9561-846eae7ff551@group-F3BC6E991ADA
2020-06-27 08:28:25,251 [ForkJoinPool.commonPool-worker-0] INFO  server.GrpcService (GrpcService.java:closeImpl(166)) - addd0e4b-8b83-4fcf-9561-846eae7ff551: shutdown server with port 35621 now
2020-06-27 08:28:25,257 [ForkJoinPool.commonPool-worker-0] INFO  server.GrpcService (GrpcService.java:closeImpl(174)) - addd0e4b-8b83-4fcf-9561-846eae7ff551: shutdown server with port 35621 successfully
2020-06-27 08:28:25,257 [ForkJoinPool.commonPool-worker-0] INFO  utils.BackgroundService (BackgroundService.java:shutdown(157)) - Shutting down service BlockDeletingService
2020-06-27 08:28:25,259 [ForkJoinPool.commonPool-worker-0] INFO  statemachine.DatanodeStateMachine (DatanodeStateMachine.java:stopDaemon(428)) - Ozone container server stopped.
2020-06-27 08:28:25,260 [ForkJoinPool.commonPool-worker-0] INFO  handler.ContextHandler (ContextHandler.java:doStop(1016)) - Stopped o.e.j.w.WebAppContext@31e7aea9{hddsDatanode,/,null,UNAVAILABLE}{jar:file:/home/user/.m2/repository/org/apache/hadoop/hadoop-hdds-container-service/0.6.0-SNAPSHOT/hadoop-hdds-container-service-0.6.0-SNAPSHOT.jar!/webapps/hddsDatanode}
2020-06-27 08:28:25,261 [ForkJoinPool.commonPool-worker-0] INFO  server.AbstractConnector (AbstractConnector.java:doStop(380)) - Stopped ServerConnector@25fd5a66{HTTP/1.1,[http/1.1]}{0.0.0.0:0}
2020-06-27 08:28:25,261 [ForkJoinPool.commonPool-worker-0] INFO  server.session (HouseKeeper.java:stopScavenging(158)) - node0 Stopped scavenging
2020-06-27 08:28:25,262 [ForkJoinPool.commonPool-worker-0] INFO  handler.ContextHandler (ContextHandler.java:doStop(1016)) - Stopped o.e.j.s.ServletContextHandler@2805173{static,/static,jar:file:/home/user/.m2/repository/org/apache/hadoop/hadoop-hdds-container-service/0.6.0-SNAPSHOT/hadoop-hdds-container-service-0.6.0-SNAPSHOT.jar!/webapps/static,UNAVAILABLE}
2020-06-27 08:28:25,262 [ForkJoinPool.commonPool-worker-0] INFO  handler.ContextHandler (ContextHandler.java:doStop(1016)) - Stopped o.e.j.s.ServletContextHandler@1b076d9b{logs,/logs,file:///github/workspace/mnt/ozone/hadoop-ozone/integration-test/target/log,UNAVAILABLE}
2020-06-27 08:28:25,956 [Datanode State Machine Thread - 0] INFO  statemachine.DatanodeStateMachine (DatanodeStateMachine.java:lambda$startDaemon$0(380)) - Ozone container server started.
2020-06-27 08:28:26,967 [grpc-default-executor-5] WARN  server.GrpcLogAppender (LogUtils.java:warn(122)) - a99a18fa-a15b-4cd6-a5fd-78034dfd05b4@group-EDAE14BFB10F->34efc206-1f67-4a18-aa05-bd0f2a1ef0e4-AppendLogResponseHandler: Failed appendEntries: org.apache.ratis.thirdparty.io.grpc.StatusRuntimeException: UNAVAILABLE: io exception
2020-06-27 08:28:26,969 [grpc-default-executor-5] INFO  impl.FollowerInfo (FollowerInfo.java:lambda$new$0(51)) - a99a18fa-a15b-4cd6-a5fd-78034dfd05b4@group-EDAE14BFB10F->34efc206-1f67-4a18-aa05-bd0f2a1ef0e4: nextIndex: updateUnconditionally 13 -> 12
2020-06-27 08:28:26,969 [grpc-default-executor-4] WARN  server.GrpcLogAppender (LogUtils.java:warn(122)) - a99a18fa-a15b-4cd6-a5fd-78034dfd05b4@group-EDAE14BFB10F->7f53e279-916a-4fed-90de-23e9c25f9e31-AppendLogResponseHandler: Failed appendEntries: org.apache.ratis.thirdparty.io.grpc.StatusRuntimeException: UNAVAILABLE: io exception
2020-06-27 08:28:26,969 [grpc-default-executor-4] INFO  impl.FollowerInfo (FollowerInfo.java:lambda$new$0(51)) - a99a18fa-a15b-4cd6-a5fd-78034dfd05b4@group-EDAE14BFB10F->7f53e279-916a-4fed-90de-23e9c25f9e31: nextIndex: updateUnconditionally 13 -> 12
2020-06-27 08:28:27,189 [Thread-337] INFO  impl.FollowerState (FollowerState.java:run(108)) - a99a18fa-a15b-4cd6-a5fd-78034dfd05b4@group-11D1A0DB352F-FollowerState: change to CANDIDATE, lastRpcTime:7804ms, electionTimeout:5030ms
2020-06-27 08:28:27,190 [Thread-337] INFO  impl.RoleInfo (RoleInfo.java:shutdownFollowerState(121)) - a99a18fa-a15b-4cd6-a5fd-78034dfd05b4: shutdown FollowerState
2020-06-27 08:28:27,190 [Thread-337] INFO  impl.RaftServerImpl (RaftServerImpl.java:setRole(175)) - a99a18fa-a15b-4cd6-a5fd-78034dfd05b4@group-11D1A0DB352F: changes role from  FOLLOWER to CANDIDATE at term 1 for changeToCandidate
2020-06-27 08:28:27,190 [Thread-337] INFO  impl.RoleInfo (RoleInfo.java:updateAndGet(143)) - a99a18fa-a15b-4cd6-a5fd-78034dfd05b4: start LeaderElection
2020-06-27 08:28:27,190 [a99a18fa-a15b-4cd6-a5fd-78034dfd05b4@group-11D1A0DB352F-LeaderElection18] INFO  impl.RaftServerImpl (ServerState.java:setLeader(255)) - a99a18fa-a15b-4cd6-a5fd-78034dfd05b4@group-11D1A0DB352F: change Leader from 34efc206-1f67-4a18-aa05-bd0f2a1ef0e4 to null at term 1 for initElection
2020-06-27 08:28:27,192 [a99a18fa-a15b-4cd6-a5fd-78034dfd05b4@group-11D1A0DB352F-LeaderElection18] INFO  impl.LeaderElection (LeaderElection.java:askForVotes(206)) - a99a18fa-a15b-4cd6-a5fd-78034dfd05b4@group-11D1A0DB352F-LeaderElection18: begin an election at term 2 for 0: [7f53e279-916a-4fed-90de-23e9c25f9e31:172.17.0.2:39157, 34efc206-1f67-4a18-aa05-bd0f2a1ef0e4:172.17.0.2:36253, a99a18fa-a15b-4cd6-a5fd-78034dfd05b4:172.17.0.2:33739], old=null
2020-06-27 08:28:27,196 [a99a18fa-a15b-4cd6-a5fd-78034dfd05b4@group-11D1A0DB352F-LeaderElection18] INFO  impl.LeaderElection (LogUtils.java:infoOrTrace(137)) - a99a18fa-a15b-4cd6-a5fd-78034dfd05b4@group-11D1A0DB352F-LeaderElection18 got exception when requesting votes: java.util.concurrent.ExecutionException: org.apache.ratis.thirdparty.io.grpc.StatusRuntimeException: UNAVAILABLE: io exception
2020-06-27 08:28:27,197 [a99a18fa-a15b-4cd6-a5fd-78034dfd05b4@group-11D1A0DB352F-LeaderElection18] INFO  impl.LeaderElection (LogUtils.java:infoOrTrace(137)) - a99a18fa-a15b-4cd6-a5fd-78034dfd05b4@group-11D1A0DB352F-LeaderElection18 got exception when requesting votes: java.util.concurrent.ExecutionException: org.apache.ratis.thirdparty.io.grpc.StatusRuntimeException: UNAVAILABLE: io exception
2020-06-27 08:28:27,198 [a99a18fa-a15b-4cd6-a5fd-78034dfd05b4@group-11D1A0DB352F-LeaderElection18] INFO  impl.LeaderElection (LeaderElection.java:logAndReturn(61)) - a99a18fa-a15b-4cd6-a5fd-78034dfd05b4@group-11D1A0DB352F-LeaderElection18: Election REJECTED; received 0 response(s) [] and 2 exception(s); a99a18fa-a15b-4cd6-a5fd-78034dfd05b4@group-11D1A0DB352F:t2, leader=null, voted=a99a18fa-a15b-4cd6-a5fd-78034dfd05b4, raftlog=a99a18fa-a15b-4cd6-a5fd-78034dfd05b4@group-11D1A0DB352F-SegmentedRaftLog:OPENED:c0,f0,i0, conf=0: [7f53e279-916a-4fed-90de-23e9c25f9e31:172.17.0.2:39157, 34efc206-1f67-4a18-aa05-bd0f2a1ef0e4:172.17.0.2:36253, a99a18fa-a15b-4cd6-a5fd-78034dfd05b4:172.17.0.2:33739], old=null
2020-06-27 08:28:27,198 [a99a18fa-a15b-4cd6-a5fd-78034dfd05b4@group-11D1A0DB352F-LeaderElection18] INFO  impl.LeaderElection (LogUtils.java:infoOrTrace(137)) -   Exception 0: java.util.concurrent.ExecutionException: org.apache.ratis.thirdparty.io.grpc.StatusRuntimeException: UNAVAILABLE: io exception
2020-06-27 08:28:27,198 [a99a18fa-a15b-4cd6-a5fd-78034dfd05b4@group-11D1A0DB352F-LeaderElection18] INFO  impl.LeaderElection (LogUtils.java:infoOrTrace(137)) -   Exception 1: java.util.concurrent.ExecutionException: org.apache.ratis.thirdparty.io.grpc.StatusRuntimeException: UNAVAILABLE: io exception
2020-06-27 08:28:27,198 [a99a18fa-a15b-4cd6-a5fd-78034dfd05b4@group-11D1A0DB352F-LeaderElection18] INFO  impl.RaftServerImpl (RaftServerImpl.java:setRole(175)) - a99a18fa-a15b-4cd6-a5fd-78034dfd05b4@group-11D1A0DB352F: changes role from CANDIDATE to FOLLOWER at term 2 for DISCOVERED_A_NEW_TERM
2020-06-27 08:28:27,198 [a99a18fa-a15b-4cd6-a5fd-78034dfd05b4@group-11D1A0DB352F-LeaderElection18] INFO  impl.RoleInfo (RoleInfo.java:shutdownLeaderElection(134)) - a99a18fa-a15b-4cd6-a5fd-78034dfd05b4: shutdown LeaderElection
2020-06-27 08:28:27,198 [a99a18fa-a15b-4cd6-a5fd-78034dfd05b4@group-11D1A0DB352F-LeaderElection18] INFO  impl.RoleInfo (RoleInfo.java:updateAndGet(143)) - a99a18fa-a15b-4cd6-a5fd-78034dfd05b4: start FollowerState
2020-06-27 08:28:29,465 [grpc-default-executor-4] WARN  server.GrpcLogAppender (LogUtils.java:warn(122)) - a99a18fa-a15b-4cd6-a5fd-78034dfd05b4@group-EDAE14BFB10F->7f53e279-916a-4fed-90de-23e9c25f9e31-AppendLogResponseHandler: Failed appendEntries: org.apache.ratis.thirdparty.io.grpc.StatusRuntimeException: UNAVAILABLE: io exception
2020-06-27 08:28:29,466 [grpc-default-executor-5] WARN  server.GrpcLogAppender (LogUtils.java:warn(122)) - a99a18fa-a15b-4cd6-a5fd-78034dfd05b4@group-EDAE14BFB10F->34efc206-1f67-4a18-aa05-bd0f2a1ef0e4-AppendLogResponseHandler: Failed appendEntries: org.apache.ratis.thirdparty.io.grpc.StatusRuntimeException: UNAVAILABLE: io exception
2020-06-27 08:28:29,467 [grpc-default-executor-4] INFO  impl.FollowerInfo (FollowerInfo.java:lambda$new$0(51)) - a99a18fa-a15b-4cd6-a5fd-78034dfd05b4@group-EDAE14BFB10F->7f53e279-916a-4fed-90de-23e9c25f9e31: nextIndex: updateUnconditionally 13 -> 12
2020-06-27 08:28:29,468 [grpc-default-executor-5] INFO  impl.FollowerInfo (FollowerInfo.java:lambda$new$0(51)) - a99a18fa-a15b-4cd6-a5fd-78034dfd05b4@group-EDAE14BFB10F->34efc206-1f67-4a18-aa05-bd0f2a1ef0e4: nextIndex: updateUnconditionally 13 -> 12
2020-06-27 08:28:30,038 [EventQueue-DeadNodeForDeadNodeHandler] INFO  pipeline.SCMPipelineManager (SCMPipelineManager.java:finalizeAndDestroyPipeline(397)) - Destroying pipeline:Pipeline[ Id: fd90656e-7391-4305-8f48-20229f0e4a6c, Nodes: 7f53e279-916a-4fed-90de-23e9c25f9e31{ip: 172.17.0.2, host: 23863634748d, networkLocation: /default-rack, certSerialId: null}, Type:RATIS, Factor:ONE, State:CLOSED, leaderId:7f53e279-916a-4fed-90de-23e9c25f9e31, CreationTimestamp2020-06-27T08:27:47.819Z]
2020-06-27 08:28:30,039 [EventQueue-DeadNodeForDeadNodeHandler] INFO  pipeline.RatisPipelineProvider (RatisPipelineProvider.java:lambda$close$1(176)) - Send pipeline:PipelineID=fd90656e-7391-4305-8f48-20229f0e4a6c close command to datanode 7f53e279-916a-4fed-90de-23e9c25f9e31
2020-06-27 08:28:30,039 [EventQueue-DeadNodeForDeadNodeHandler] INFO  pipeline.PipelineStateManager (PipelineStateManager.java:removePipeline(105)) - Pipeline Pipeline[ Id: fd90656e-7391-4305-8f48-20229f0e4a6c, Nodes: 7f53e279-916a-4fed-90de-23e9c25f9e31{ip: 172.17.0.2, host: 23863634748d, networkLocation: /default-rack, certSerialId: null}, Type:RATIS, Factor:ONE, State:CLOSED, leaderId:7f53e279-916a-4fed-90de-23e9c25f9e31, CreationTimestamp2020-06-27T08:27:47.819Z] removed from db
2020-06-27 08:28:30,040 [EventQueue-DeadNodeForDeadNodeHandler] INFO  pipeline.SCMPipelineManager (SCMPipelineManager.java:finalizeAndDestroyPipeline(397)) - Destroying pipeline:Pipeline[ Id: 9a651e83-1ed9-467f-9369-edae14bfb10f, Nodes: 7f53e279-916a-4fed-90de-23e9c25f9e31{ip: 172.17.0.2, host: 23863634748d, networkLocation: /default-rack, certSerialId: null}34efc206-1f67-4a18-aa05-bd0f2a1ef0e4{ip: 172.17.0.2, host: 23863634748d, networkLocation: /default-rack, certSerialId: null}a99a18fa-a15b-4cd6-a5fd-78034dfd05b4{ip: 172.17.0.2, host: 23863634748d, networkLocation: /default-rack, certSerialId: null}, Type:RATIS, Factor:THREE, State:CLOSED, leaderId:a99a18fa-a15b-4cd6-a5fd-78034dfd05b4, CreationTimestamp2020-06-27T08:27:47.907Z]
2020-06-27 08:28:30,040 [EventQueue-DeadNodeForDeadNodeHandler] INFO  pipeline.RatisPipelineProvider (RatisPipelineProvider.java:lambda$close$1(176)) - Send pipeline:PipelineID=9a651e83-1ed9-467f-9369-edae14bfb10f close command to datanode 7f53e279-916a-4fed-90de-23e9c25f9e31
2020-06-27 08:28:30,040 [EventQueue-DeadNodeForDeadNodeHandler] INFO  pipeline.RatisPipelineProvider (RatisPipelineProvider.java:lambda$close$1(176)) - Send pipeline:PipelineID=9a651e83-1ed9-467f-9369-edae14bfb10f close command to datanode 34efc206-1f67-4a18-aa05-bd0f2a1ef0e4
2020-06-27 08:28:30,040 [EventQueue-DeadNodeForDeadNodeHandler] INFO  pipeline.RatisPipelineProvider (RatisPipelineProvider.java:lambda$close$1(176)) - Send pipeline:PipelineID=9a651e83-1ed9-467f-9369-edae14bfb10f close command to datanode a99a18fa-a15b-4cd6-a5fd-78034dfd05b4
2020-06-27 08:28:30,043 [RatisPipelineUtilsThread] ERROR pipeline.SCMPipelineManager (SCMPipelineManager.java:createPipeline(222)) - Failed to create pipeline of type RATIS and factor ONE. Exception: Cannot create pipeline of factor 1 using 0 nodes. Used 3 nodes. Healthy nodes 3
2020-06-27 08:28:30,044 [RatisPipelineUtilsThread] INFO  pipeline.RatisPipelineProvider (RatisPipelineProvider.java:lambda$create$0(138)) - Sending CreatePipelineCommand for pipeline:PipelineID=28d0e225-ee13-417a-8bed-ef7ffa2d9354 to datanode:a99a18fa-a15b-4cd6-a5fd-78034dfd05b4
2020-06-27 08:28:30,044 [RatisPipelineUtilsThread] INFO  pipeline.RatisPipelineProvider (RatisPipelineProvider.java:lambda$create$0(138)) - Sending CreatePipelineCommand for pipeline:PipelineID=28d0e225-ee13-417a-8bed-ef7ffa2d9354 to datanode:addd0e4b-8b83-4fcf-9561-846eae7ff551
2020-06-27 08:28:30,044 [RatisPipelineUtilsThread] INFO  pipeline.RatisPipelineProvider (RatisPipelineProvider.java:lambda$create$0(138)) - Sending CreatePipelineCommand for pipeline:PipelineID=28d0e225-ee13-417a-8bed-ef7ffa2d9354 to datanode:b9f13683-3178-4f3b-aaab-40506ece2b5f
2020-06-27 08:28:30,044 [RatisPipelineUtilsThread] INFO  pipeline.PipelineStateManager (PipelineStateManager.java:addPipeline(54)) - Created pipeline Pipeline[ Id: 28d0e225-ee13-417a-8bed-ef7ffa2d9354, Nodes: a99a18fa-a15b-4cd6-a5fd-78034dfd05b4{ip: 172.17.0.2, host: 23863634748d, networkLocation: /default-rack, certSerialId: null}addd0e4b-8b83-4fcf-9561-846eae7ff551{ip: 172.17.0.2, host: 23863634748d, networkLocation: /default-rack, certSerialId: null}b9f13683-3178-4f3b-aaab-40506ece2b5f{ip: 172.17.0.2, host: 23863634748d, networkLocation: /default-rack, certSerialId: null}, Type:RATIS, Factor:THREE, State:ALLOCATED, leaderId:, CreationTimestamp2020-06-27T08:28:30.044Z]
2020-06-27 08:28:30,045 [RatisPipelineUtilsThread] INFO  pipeline.RatisPipelineProvider (RatisPipelineProvider.java:lambda$create$0(138)) - Sending CreatePipelineCommand for pipeline:PipelineID=605eebaa-1a87-4727-b5b4-040e203902ba to datanode:a99a18fa-a15b-4cd6-a5fd-78034dfd05b4
2020-06-27 08:28:30,045 [RatisPipelineUtilsThread] INFO  pipeline.RatisPipelineProvider (RatisPipelineProvider.java:lambda$create$0(138)) - Sending CreatePipelineCommand for pipeline:PipelineID=605eebaa-1a87-4727-b5b4-040e203902ba to datanode:addd0e4b-8b83-4fcf-9561-846eae7ff551
2020-06-27 08:28:30,045 [RatisPipelineUtilsThread] INFO  pipeline.RatisPipelineProvider (RatisPipelineProvider.java:lambda$create$0(138)) - Sending CreatePipelineCommand for pipeline:PipelineID=605eebaa-1a87-4727-b5b4-040e203902ba to datanode:b9f13683-3178-4f3b-aaab-40506ece2b5f
2020-06-27 08:28:30,045 [RatisPipelineUtilsThread] INFO  pipeline.PipelineStateManager (PipelineStateManager.java:addPipeline(54)) - Created pipeline Pipeline[ Id: 605eebaa-1a87-4727-b5b4-040e203902ba, Nodes: a99a18fa-a15b-4cd6-a5fd-78034dfd05b4{ip: 172.17.0.2, host: 23863634748d, networkLocation: /default-rack, certSerialId: null}addd0e4b-8b83-4fcf-9561-846eae7ff551{ip: 172.17.0.2, host: 23863634748d, networkLocation: /default-rack, certSerialId: null}b9f13683-3178-4f3b-aaab-40506ece2b5f{ip: 172.17.0.2, host: 23863634748d, networkLocation: /default-rack, certSerialId: null}, Type:RATIS, Factor:THREE, State:ALLOCATED, leaderId:, CreationTimestamp2020-06-27T08:28:30.045Z]
2020-06-27 08:28:30,045 [RatisPipelineUtilsThread] INFO  pipeline.SCMPipelineManager (SCMPipelineManager.java:recordMetricsForPipeline(187)) - Pipeline: PipelineID=605eebaa-1a87-4727-b5b4-040e203902ba contains same datanodes as previous pipelines: PipelineID=28d0e225-ee13-417a-8bed-ef7ffa2d9354 nodeIds: a99a18fa-a15b-4cd6-a5fd-78034dfd05b4, addd0e4b-8b83-4fcf-9561-846eae7ff551, b9f13683-3178-4f3b-aaab-40506ece2b5f
2020-06-27 08:28:30,045 [RatisPipelineUtilsThread] ERROR pipeline.SCMPipelineManager (SCMPipelineManager.java:createPipeline(222)) - Failed to create pipeline of type RATIS and factor THREE. Exception: Pipeline creation failed because nodes are engaged in other pipelines and every node can only be engaged in max 3 pipelines. Required 3. Found 0
2020-06-27 08:28:30,045 [EventQueue-DeadNodeForDeadNodeHandler] INFO  pipeline.PipelineStateManager (PipelineStateManager.java:removePipeline(105)) - Pipeline Pipeline[ Id: 9a651e83-1ed9-467f-9369-edae14bfb10f, Nodes: 7f53e279-916a-4fed-90de-23e9c25f9e31{ip: 172.17.0.2, host: 23863634748d, networkLocation: /default-rack, certSerialId: null}34efc206-1f67-4a18-aa05-bd0f2a1ef0e4{ip: 172.17.0.2, host: 23863634748d, networkLocation: /default-rack, certSerialId: null}a99a18fa-a15b-4cd6-a5fd-78034dfd05b4{ip: 172.17.0.2, host: 23863634748d, networkLocation: /default-rack, certSerialId: null}, Type:RATIS, Factor:THREE, State:CLOSED, leaderId:a99a18fa-a15b-4cd6-a5fd-78034dfd05b4, CreationTimestamp2020-06-27T08:27:47.907Z] removed from db
2020-06-27 08:28:30,047 [EventQueue-DeadNodeForDeadNodeHandler] INFO  pipeline.SCMPipelineManager (SCMPipelineManager.java:finalizeAndDestroyPipeline(397)) - Destroying pipeline:Pipeline[ Id: d5ffc3a5-e291-47c0-a340-11d1a0db352f, Nodes: 7f53e279-916a-4fed-90de-23e9c25f9e31{ip: 172.17.0.2, host: 23863634748d, networkLocation: /default-rack, certSerialId: null}34efc206-1f67-4a18-aa05-bd0f2a1ef0e4{ip: 172.17.0.2, host: 23863634748d, networkLocation: /default-rack, certSerialId: null}a99a18fa-a15b-4cd6-a5fd-78034dfd05b4{ip: 172.17.0.2, host: 23863634748d, networkLocation: /default-rack, certSerialId: null}, Type:RATIS, Factor:THREE, State:CLOSED, leaderId:34efc206-1f67-4a18-aa05-bd0f2a1ef0e4, CreationTimestamp2020-06-27T08:27:47.908Z]
2020-06-27 08:28:30,048 [EventQueue-DeadNodeForDeadNodeHandler] INFO  pipeline.RatisPipelineProvider (RatisPipelineProvider.java:lambda$close$1(176)) - Send pipeline:PipelineID=d5ffc3a5-e291-47c0-a340-11d1a0db352f close command to datanode 7f53e279-916a-4fed-90de-23e9c25f9e31
2020-06-27 08:28:30,048 [EventQueue-DeadNodeForDeadNodeHandler] INFO  pipeline.RatisPipelineProvider (RatisPipelineProvider.java:lambda$close$1(176)) - Send pipeline:PipelineID=d5ffc3a5-e291-47c0-a340-11d1a0db352f close command to datanode 34efc206-1f67-4a18-aa05-bd0f2a1ef0e4
2020-06-27 08:28:30,048 [EventQueue-DeadNodeForDeadNodeHandler] INFO  pipeline.RatisPipelineProvider (RatisPipelineProvider.java:lambda$close$1(176)) - Send pipeline:PipelineID=d5ffc3a5-e291-47c0-a340-11d1a0db352f close command to datanode a99a18fa-a15b-4cd6-a5fd-78034dfd05b4
2020-06-27 08:28:30,048 [EventQueue-DeadNodeForDeadNodeHandler] INFO  pipeline.PipelineStateManager (PipelineStateManager.java:removePipeline(105)) - Pipeline Pipeline[ Id: d5ffc3a5-e291-47c0-a340-11d1a0db352f, Nodes: 7f53e279-916a-4fed-90de-23e9c25f9e31{ip: 172.17.0.2, host: 23863634748d, networkLocation: /default-rack, certSerialId: null}34efc206-1f67-4a18-aa05-bd0f2a1ef0e4{ip: 172.17.0.2, host: 23863634748d, networkLocation: /default-rack, certSerialId: null}a99a18fa-a15b-4cd6-a5fd-78034dfd05b4{ip: 172.17.0.2, host: 23863634748d, networkLocation: /default-rack, certSerialId: null}, Type:RATIS, Factor:THREE, State:CLOSED, leaderId:34efc206-1f67-4a18-aa05-bd0f2a1ef0e4, CreationTimestamp2020-06-27T08:27:47.908Z] removed from db
2020-06-27 08:28:30,049 [EventQueue-DeadNodeForDeadNodeHandler] INFO  pipeline.SCMPipelineManager (SCMPipelineManager.java:finalizeAndDestroyPipeline(397)) - Destroying pipeline:Pipeline[ Id: 19f6dbb0-0442-4a6e-86d0-de40dcd8ee57, Nodes: addd0e4b-8b83-4fcf-9561-846eae7ff551{ip: 172.17.0.2, host: 23863634748d, networkLocation: /default-rack, certSerialId: null}7ac2bac4-ea14-4a92-ad00-7ecf8c69770d{ip: 172.17.0.2, host: 23863634748d, networkLocation: /default-rack, certSerialId: null}21e928e7-b178-40d2-b19b-ea853389ee6e{ip: 172.17.0.2, host: 23863634748d, networkLocation: /default-rack, certSerialId: null}, Type:RATIS, Factor:THREE, State:CLOSED, leaderId:7ac2bac4-ea14-4a92-ad00-7ecf8c69770d, CreationTimestamp2020-06-27T08:27:47.622Z]
2020-06-27 08:28:30,050 [RatisPipelineUtilsThread] ERROR pipeline.SCMPipelineManager (SCMPipelineManager.java:createPipeline(222)) - Failed to create pipeline of type RATIS and factor ONE. Exception: Cannot create pipeline of factor 1 using 0 nodes. Used 3 nodes. Healthy nodes 3
2020-06-27 08:28:30,050 [RatisPipelineUtilsThread] ERROR pipeline.SCMPipelineManager (SCMPipelineManager.java:createPipeline(222)) - Failed to create pipeline of type RATIS and factor THREE. Exception: Pipeline creation failed because nodes are engaged in other pipelines and every node can only be engaged in max 3 pipelines. Required 3. Found 0
2020-06-27 08:28:30,050 [EventQueue-DeadNodeForDeadNodeHandler] INFO  pipeline.RatisPipelineProvider (RatisPipelineProvider.java:lambda$close$1(176)) - Send pipeline:PipelineID=19f6dbb0-0442-4a6e-86d0-de40dcd8ee57 close command to datanode addd0e4b-8b83-4fcf-9561-846eae7ff551
2020-06-27 08:28:30,051 [EventQueue-DeadNodeForDeadNodeHandler] INFO  pipeline.RatisPipelineProvider (RatisPipelineProvider.java:lambda$close$1(176)) - Send pipeline:PipelineID=19f6dbb0-0442-4a6e-86d0-de40dcd8ee57 close command to datanode 7ac2bac4-ea14-4a92-ad00-7ecf8c69770d
2020-06-27 08:28:30,051 [EventQueue-DeadNodeForDeadNodeHandler] INFO  pipeline.RatisPipelineProvider (RatisPipelineProvider.java:lambda$close$1(176)) - Send pipeline:PipelineID=19f6dbb0-0442-4a6e-86d0-de40dcd8ee57 close command to datanode 21e928e7-b178-40d2-b19b-ea853389ee6e
2020-06-27 08:28:30,051 [EventQueue-DeadNodeForDeadNodeHandler] INFO  pipeline.PipelineStateManager (PipelineStateManager.java:removePipeline(105)) - Pipeline Pipeline[ Id: 19f6dbb0-0442-4a6e-86d0-de40dcd8ee57, Nodes: addd0e4b-8b83-4fcf-9561-846eae7ff551{ip: 172.17.0.2, host: 23863634748d, networkLocation: /default-rack, certSerialId: null}7ac2bac4-ea14-4a92-ad00-7ecf8c69770d{ip: 172.17.0.2, host: 23863634748d, networkLocation: /default-rack, certSerialId: null}21e928e7-b178-40d2-b19b-ea853389ee6e{ip: 172.17.0.2, host: 23863634748d, networkLocation: /default-rack, certSerialId: null}, Type:RATIS, Factor:THREE, State:CLOSED, leaderId:7ac2bac4-ea14-4a92-ad00-7ecf8c69770d, CreationTimestamp2020-06-27T08:27:47.622Z] removed from db
2020-06-27 08:28:30,051 [EventQueue-DeadNodeForDeadNodeHandler] INFO  pipeline.SCMPipelineManager (SCMPipelineManager.java:finalizeAndDestroyPipeline(397)) - Destroying pipeline:Pipeline[ Id: 8e577ec2-9b88-4076-9040-420ad1130d14, Nodes: 7ac2bac4-ea14-4a92-ad00-7ecf8c69770d{ip: 172.17.0.2, host: 23863634748d, networkLocation: /default-rack, certSerialId: null}, Type:RATIS, Factor:ONE, State:CLOSED, leaderId:7ac2bac4-ea14-4a92-ad00-7ecf8c69770d, CreationTimestamp2020-06-27T08:27:47.509Z]
2020-06-27 08:28:30,052 [RatisPipelineUtilsThread] ERROR pipeline.SCMPipelineManager (SCMPipelineManager.java:createPipeline(222)) - Failed to create pipeline of type RATIS and factor ONE. Exception: Cannot create pipeline of factor 1 using 0 nodes. Used 3 nodes. Healthy nodes 3
2020-06-27 08:28:30,056 [RatisPipelineUtilsThread] ERROR pipeline.SCMPipelineManager (SCMPipelineManager.java:createPipeline(222)) - Failed to create pipeline of type RATIS and factor THREE. Exception: Pipeline creation failed because nodes are engaged in other pipelines and every node can only be engaged in max 3 pipelines. Required 3. Found 0
2020-06-27 08:28:30,056 [EventQueue-DeadNodeForDeadNodeHandler] INFO  pipeline.RatisPipelineProvider (RatisPipelineProvider.java:lambda$close$1(176)) - Send pipeline:PipelineID=8e577ec2-9b88-4076-9040-420ad1130d14 close command to datanode 7ac2bac4-ea14-4a92-ad00-7ecf8c69770d
2020-06-27 08:28:30,057 [EventQueue-DeadNodeForDeadNodeHandler] INFO  pipeline.PipelineStateManager (PipelineStateManager.java:removePipeline(105)) - Pipeline Pipeline[ Id: 8e577ec2-9b88-4076-9040-420ad1130d14, Nodes: 7ac2bac4-ea14-4a92-ad00-7ecf8c69770d{ip: 172.17.0.2, host: 23863634748d, networkLocation: /default-rack, certSerialId: null}, Type:RATIS, Factor:ONE, State:CLOSED, leaderId:7ac2bac4-ea14-4a92-ad00-7ecf8c69770d, CreationTimestamp2020-06-27T08:27:47.509Z] removed from db
2020-06-27 08:28:30,057 [EventQueue-DeadNodeForDeadNodeHandler] INFO  pipeline.SCMPipelineManager (SCMPipelineManager.java:finalizeAndDestroyPipeline(397)) - Destroying pipeline:Pipeline[ Id: 92f35736-c11e-4ed1-be08-4f5e8ec33368, Nodes: addd0e4b-8b83-4fcf-9561-846eae7ff551{ip: 172.17.0.2, host: 23863634748d, networkLocation: /default-rack, certSerialId: null}7ac2bac4-ea14-4a92-ad00-7ecf8c69770d{ip: 172.17.0.2, host: 23863634748d, networkLocation: /default-rack, certSerialId: null}21e928e7-b178-40d2-b19b-ea853389ee6e{ip: 172.17.0.2, host: 23863634748d, networkLocation: /default-rack, certSerialId: null}, Type:RATIS, Factor:THREE, State:CLOSED, leaderId:7ac2bac4-ea14-4a92-ad00-7ecf8c69770d, CreationTimestamp2020-06-27T08:27:47.624Z]
2020-06-27 08:28:30,057 [EventQueue-DeadNodeForDeadNodeHandler] INFO  pipeline.RatisPipelineProvider (RatisPipelineProvider.java:lambda$close$1(176)) - Send pipeline:PipelineID=92f35736-c11e-4ed1-be08-4f5e8ec33368 close command to datanode addd0e4b-8b83-4fcf-9561-846eae7ff551
2020-06-27 08:28:30,057 [EventQueue-DeadNodeForDeadNodeHandler] INFO  pipeline.RatisPipelineProvider (RatisPipelineProvider.java:lambda$close$1(176)) - Send pipeline:PipelineID=92f35736-c11e-4ed1-be08-4f5e8ec33368 close command to datanode 7ac2bac4-ea14-4a92-ad00-7ecf8c69770d
2020-06-27 08:28:30,057 [EventQueue-DeadNodeForDeadNodeHandler] INFO  pipeline.RatisPipelineProvider (RatisPipelineProvider.java:lambda$close$1(176)) - Send pipeline:PipelineID=92f35736-c11e-4ed1-be08-4f5e8ec33368 close command to datanode 21e928e7-b178-40d2-b19b-ea853389ee6e
2020-06-27 08:28:30,057 [EventQueue-DeadNodeForDeadNodeHandler] INFO  pipeline.PipelineStateManager (PipelineStateManager.java:removePipeline(105)) - Pipeline Pipeline[ Id: 92f35736-c11e-4ed1-be08-4f5e8ec33368, Nodes: addd0e4b-8b83-4fcf-9561-846eae7ff551{ip: 172.17.0.2, host: 23863634748d, networkLocation: /default-rack, certSerialId: null}7ac2bac4-ea14-4a92-ad00-7ecf8c69770d{ip: 172.17.0.2, host: 23863634748d, networkLocation: /default-rack, certSerialId: null}21e928e7-b178-40d2-b19b-ea853389ee6e{ip: 172.17.0.2, host: 23863634748d, networkLocation: /default-rack, certSerialId: null}, Type:RATIS, Factor:THREE, State:CLOSED, leaderId:7ac2bac4-ea14-4a92-ad00-7ecf8c69770d, CreationTimestamp2020-06-27T08:27:47.624Z] removed from db
2020-06-27 08:28:30,057 [RatisPipelineUtilsThread] ERROR pipeline.SCMPipelineManager (SCMPipelineManager.java:createPipeline(222)) - Failed to create pipeline of type RATIS and factor ONE. Exception: Cannot create pipeline of factor 1 using 0 nodes. Used 3 nodes. Healthy nodes 3
2020-06-27 08:28:30,058 [RatisPipelineUtilsThread] ERROR pipeline.SCMPipelineManager (SCMPipelineManager.java:createPipeline(222)) - Failed to create pipeline of type RATIS and factor THREE. Exception: Pipeline creation failed because nodes are engaged in other pipelines and every node can only be engaged in max 3 pipelines. Required 3. Found 0
2020-06-27 08:28:30,138 [EventQueue-StaleNodeForStaleNodeHandler] INFO  node.StaleNodeHandler (StaleNodeHandler.java:onMessage(58)) - Datanode addd0e4b-8b83-4fcf-9561-846eae7ff551{ip: 172.17.0.2, host: 23863634748d, networkLocation: /default-rack, certSerialId: null} moved to stale state. Finalizing its pipelines [PipelineID=28d0e225-ee13-417a-8bed-ef7ffa2d9354, PipelineID=fdba43ff-668e-480b-8ad7-f3bc6e991ada, PipelineID=605eebaa-1a87-4727-b5b4-040e203902ba]
2020-06-27 08:28:30,138 [EventQueue-StaleNodeForStaleNodeHandler] INFO  pipeline.SCMPipelineManager (SCMPipelineManager.java:finalizeAndDestroyPipeline(397)) - Destroying pipeline:Pipeline[ Id: 28d0e225-ee13-417a-8bed-ef7ffa2d9354, Nodes: a99a18fa-a15b-4cd6-a5fd-78034dfd05b4{ip: 172.17.0.2, host: 23863634748d, networkLocation: /default-rack, certSerialId: null}addd0e4b-8b83-4fcf-9561-846eae7ff551{ip: 172.17.0.2, host: 23863634748d, networkLocation: /default-rack, certSerialId: null}b9f13683-3178-4f3b-aaab-40506ece2b5f{ip: 172.17.0.2, host: 23863634748d, networkLocation: /default-rack, certSerialId: null}, Type:RATIS, Factor:THREE, State:ALLOCATED, leaderId:, CreationTimestamp2020-06-27T08:28:30.044Z]
2020-06-27 08:28:30,139 [EventQueue-StaleNodeForStaleNodeHandler] INFO  pipeline.PipelineStateManager (PipelineStateManager.java:finalizePipeline(120)) - Pipeline Pipeline[ Id: 28d0e225-ee13-417a-8bed-ef7ffa2d9354, Nodes: a99a18fa-a15b-4cd6-a5fd-78034dfd05b4{ip: 172.17.0.2, host: 23863634748d, networkLocation: /default-rack, certSerialId: null}addd0e4b-8b83-4fcf-9561-846eae7ff551{ip: 172.17.0.2, host: 23863634748d, networkLocation: /default-rack, certSerialId: null}b9f13683-3178-4f3b-aaab-40506ece2b5f{ip: 172.17.0.2, host: 23863634748d, networkLocation: /default-rack, certSerialId: null}, Type:RATIS, Factor:THREE, State:CLOSED, leaderId:, CreationTimestamp2020-06-27T08:28:30.044Z] moved to CLOSED state
2020-06-27 08:28:30,139 [EventQueue-StaleNodeForStaleNodeHandler] INFO  pipeline.SCMPipelineManager (SCMPipelineManager.java:finalizeAndDestroyPipeline(397)) - Destroying pipeline:Pipeline[ Id: fdba43ff-668e-480b-8ad7-f3bc6e991ada, Nodes: addd0e4b-8b83-4fcf-9561-846eae7ff551{ip: 172.17.0.2, host: 23863634748d, networkLocation: /default-rack, certSerialId: null}, Type:RATIS, Factor:ONE, State:OPEN, leaderId:addd0e4b-8b83-4fcf-9561-846eae7ff551, CreationTimestamp2020-06-27T08:27:47.386Z]
2020-06-27 08:28:30,139 [EventQueue-StaleNodeForStaleNodeHandler] INFO  pipeline.PipelineStateManager (PipelineStateManager.java:finalizePipeline(120)) - Pipeline Pipeline[ Id: fdba43ff-668e-480b-8ad7-f3bc6e991ada, Nodes: addd0e4b-8b83-4fcf-9561-846eae7ff551{ip: 172.17.0.2, host: 23863634748d, networkLocation: /default-rack, certSerialId: null}, Type:RATIS, Factor:ONE, State:CLOSED, leaderId:addd0e4b-8b83-4fcf-9561-846eae7ff551, CreationTimestamp2020-06-27T08:27:47.386Z] moved to CLOSED state
2020-06-27 08:28:30,139 [EventQueue-StaleNodeForStaleNodeHandler] INFO  pipeline.SCMPipelineManager (SCMPipelineManager.java:finalizeAndDestroyPipeline(397)) - Destroying pipeline:Pipeline[ Id: 605eebaa-1a87-4727-b5b4-040e203902ba, Nodes: a99a18fa-a15b-4cd6-a5fd-78034dfd05b4{ip: 172.17.0.2, host: 23863634748d, networkLocation: /default-rack, certSerialId: null}addd0e4b-8b83-4fcf-9561-846eae7ff551{ip: 172.17.0.2, host: 23863634748d, networkLocation: /default-rack, certSerialId: null}b9f13683-3178-4f3b-aaab-40506ece2b5f{ip: 172.17.0.2, host: 23863634748d, networkLocation: /default-rack, certSerialId: null}, Type:RATIS, Factor:THREE, State:ALLOCATED, leaderId:, CreationTimestamp2020-06-27T08:28:30.045Z]
2020-06-27 08:28:30,139 [EventQueue-StaleNodeForStaleNodeHandler] INFO  pipeline.PipelineStateManager (PipelineStateManager.java:finalizePipeline(120)) - Pipeline Pipeline[ Id: 605eebaa-1a87-4727-b5b4-040e203902ba, Nodes: a99a18fa-a15b-4cd6-a5fd-78034dfd05b4{ip: 172.17.0.2, host: 23863634748d, networkLocation: /default-rack, certSerialId: null}addd0e4b-8b83-4fcf-9561-846eae7ff551{ip: 172.17.0.2, host: 23863634748d, networkLocation: /default-rack, certSerialId: null}b9f13683-3178-4f3b-aaab-40506ece2b5f{ip: 172.17.0.2, host: 23863634748d, networkLocation: /default-rack, certSerialId: null}, Type:RATIS, Factor:THREE, State:CLOSED, leaderId:, CreationTimestamp2020-06-27T08:28:30.045Z] moved to CLOSED state
2020-06-27 08:28:30,238 [EventQueue-StaleNodeForStaleNodeHandler] INFO  node.StaleNodeHandler (StaleNodeHandler.java:onMessage(58)) - Datanode b9f13683-3178-4f3b-aaab-40506ece2b5f{ip: 172.17.0.2, host: 23863634748d, networkLocation: /default-rack, certSerialId: null} moved to stale state. Finalizing its pipelines [PipelineID=28d0e225-ee13-417a-8bed-ef7ffa2d9354, PipelineID=605eebaa-1a87-4727-b5b4-040e203902ba, PipelineID=b3332d01-4ea2-4ad5-8758-8f61066d079e]
2020-06-27 08:28:30,238 [EventQueue-StaleNodeForStaleNodeHandler] INFO  pipeline.SCMPipelineManager (SCMPipelineManager.java:finalizeAndDestroyPipeline(397)) - Destroying pipeline:Pipeline[ Id: 28d0e225-ee13-417a-8bed-ef7ffa2d9354, Nodes: a99a18fa-a15b-4cd6-a5fd-78034dfd05b4{ip: 172.17.0.2, host: 23863634748d, networkLocation: /default-rack, certSerialId: null}addd0e4b-8b83-4fcf-9561-846eae7ff551{ip: 172.17.0.2, host: 23863634748d, networkLocation: /default-rack, certSerialId: null}b9f13683-3178-4f3b-aaab-40506ece2b5f{ip: 172.17.0.2, host: 23863634748d, networkLocation: /default-rack, certSerialId: null}, Type:RATIS, Factor:THREE, State:CLOSED, leaderId:, CreationTimestamp2020-06-27T08:28:30.044Z]
2020-06-27 08:28:30,238 [EventQueue-StaleNodeForStaleNodeHandler] INFO  pipeline.SCMPipelineManager (SCMPipelineManager.java:finalizeAndDestroyPipeline(397)) - Destroying pipeline:Pipeline[ Id: 605eebaa-1a87-4727-b5b4-040e203902ba, Nodes: a99a18fa-a15b-4cd6-a5fd-78034dfd05b4{ip: 172.17.0.2, host: 23863634748d, networkLocation: /default-rack, certSerialId: null}addd0e4b-8b83-4fcf-9561-846eae7ff551{ip: 172.17.0.2, host: 23863634748d, networkLocation: /default-rack, certSerialId: null}b9f13683-3178-4f3b-aaab-40506ece2b5f{ip: 172.17.0.2, host: 23863634748d, networkLocation: /default-rack, certSerialId: null}, Type:RATIS, Factor:THREE, State:CLOSED, leaderId:, CreationTimestamp2020-06-27T08:28:30.045Z]
2020-06-27 08:28:30,239 [EventQueue-StaleNodeForStaleNodeHandler] INFO  pipeline.SCMPipelineManager (SCMPipelineManager.java:finalizeAndDestroyPipeline(397)) - Destroying pipeline:Pipeline[ Id: b3332d01-4ea2-4ad5-8758-8f61066d079e, Nodes: b9f13683-3178-4f3b-aaab-40506ece2b5f{ip: 172.17.0.2, host: 23863634748d, networkLocation: /default-rack, certSerialId: null}, Type:RATIS, Factor:ONE, State:OPEN, leaderId:b9f13683-3178-4f3b-aaab-40506ece2b5f, CreationTimestamp2020-06-27T08:27:47.970Z]
2020-06-27 08:28:30,239 [EventQueue-StaleNodeForStaleNodeHandler] INFO  pipeline.PipelineStateManager (PipelineStateManager.java:finalizePipeline(120)) - Pipeline Pipeline[ Id: b3332d01-4ea2-4ad5-8758-8f61066d079e, Nodes: b9f13683-3178-4f3b-aaab-40506ece2b5f{ip: 172.17.0.2, host: 23863634748d, networkLocation: /default-rack, certSerialId: null}, Type:RATIS, Factor:ONE, State:CLOSED, leaderId:b9f13683-3178-4f3b-aaab-40506ece2b5f, CreationTimestamp2020-06-27T08:27:47.970Z] moved to CLOSED state
2020-06-27 08:28:30,249 [Listener at 127.0.0.1/46381] INFO  ozoneimpl.OzoneContainer (OzoneContainer.java:stop(246)) - Attempting to stop container services.
2020-06-27 08:28:30,250 [Command processor thread] ERROR commandhandler.CloseContainerCommandHandler (CloseContainerCommandHandler.java:handle(129)) - Can't close container #2
java.io.IOException
	at org.apache.hadoop.ozone.container.common.transport.server.ratis.XceiverServerRatis.submitRequest(XceiverServerRatis.java:521)
	at org.apache.hadoop.ozone.container.common.statemachine.commandhandler.CloseContainerCommandHandler.handle(CloseContainerCommandHandler.java:103)
	at org.apache.hadoop.ozone.container.common.statemachine.commandhandler.CommandDispatcher.handle(CommandDispatcher.java:99)
	at org.apache.hadoop.ozone.container.common.statemachine.DatanodeStateMachine.lambda$initCommandHandlerThread$1(DatanodeStateMachine.java:465)
	at java.lang.Thread.run(Thread.java:748)
Caused by: java.lang.InterruptedException
	at java.util.concurrent.CompletableFuture.reportGet(CompletableFuture.java:347)
	at java.util.concurrent.CompletableFuture.get(CompletableFuture.java:1928)
	at org.apache.hadoop.ozone.container.common.transport.server.ratis.XceiverServerRatis.submitRequest(XceiverServerRatis.java:519)
	... 4 more
2020-06-27 08:28:30,250 [Listener at 127.0.0.1/46381] INFO  impl.RaftServerProxy (RaftServerProxy.java:lambda$close$4(319)) - a99a18fa-a15b-4cd6-a5fd-78034dfd05b4: close
2020-06-27 08:28:30,251 [Listener at 127.0.0.1/46381] INFO  impl.RaftServerImpl (RaftServerImpl.java:lambda$shutdown$3(252)) - a99a18fa-a15b-4cd6-a5fd-78034dfd05b4@group-EDAE14BFB10F: shutdown
2020-06-27 08:28:30,251 [ForkJoinPool.commonPool-worker-1] INFO  impl.RaftServerImpl (RaftServerImpl.java:lambda$shutdown$3(252)) - a99a18fa-a15b-4cd6-a5fd-78034dfd05b4@group-696DC5C5CF56: shutdown
2020-06-27 08:28:30,251 [Listener at 127.0.0.1/46381] INFO  util.JmxRegister (JmxRegister.java:unregister(73)) - Successfully un-registered JMX Bean with object name Ratis:service=RaftServer,group=group-EDAE14BFB10F,id=a99a18fa-a15b-4cd6-a5fd-78034dfd05b4
2020-06-27 08:28:30,252 [ForkJoinPool.commonPool-worker-1] INFO  util.JmxRegister (JmxRegister.java:unregister(73)) - Successfully un-registered JMX Bean with object name Ratis:service=RaftServer,group=group-696DC5C5CF56,id=a99a18fa-a15b-4cd6-a5fd-78034dfd05b4
2020-06-27 08:28:30,252 [Listener at 127.0.0.1/46381] INFO  impl.RoleInfo (RoleInfo.java:shutdownLeaderState(104)) - a99a18fa-a15b-4cd6-a5fd-78034dfd05b4: shutdown LeaderState
2020-06-27 08:28:30,252 [ForkJoinPool.commonPool-worker-1] INFO  impl.RoleInfo (RoleInfo.java:shutdownLeaderState(104)) - a99a18fa-a15b-4cd6-a5fd-78034dfd05b4: shutdown LeaderState
2020-06-27 08:28:30,252 [ForkJoinPool.commonPool-worker-1] INFO  impl.PendingRequests (PendingRequests.java:sendNotLeaderResponses(249)) - a99a18fa-a15b-4cd6-a5fd-78034dfd05b4@group-696DC5C5CF56-PendingRequests: sendNotLeaderResponses
2020-06-27 08:28:30,252 [ForkJoinPool.commonPool-worker-1] INFO  metrics.RatisMetrics (RatisMetrics.java:unregister(43)) - Unregistering Metrics Registry : ratis.log_appender.a99a18fa-a15b-4cd6-a5fd-78034dfd05b4@group-696DC5C5CF56
2020-06-27 08:28:30,252 [Listener at 127.0.0.1/46381] INFO  metrics.RatisMetrics (RatisMetrics.java:unregister(43)) - Unregistering Metrics Registry : ratis_grpc.log_appender.a99a18fa-a15b-4cd6-a5fd-78034dfd05b4@group-EDAE14BFB10F
2020-06-27 08:28:30,252 [ForkJoinPool.commonPool-worker-1] INFO  metrics.RatisMetrics (RatisMetrics.java:unregister(43)) - Unregistering Metrics Registry : ratis.server.a99a18fa-a15b-4cd6-a5fd-78034dfd05b4@group-696DC5C5CF56
2020-06-27 08:28:30,253 [org.apache.ratis.server.impl.LogAppender$AppenderDaemon$$Lambda$438/1414974630@622a0165] WARN  server.GrpcLogAppender (GrpcLogAppender.java:mayWait(153)) - a99a18fa-a15b-4cd6-a5fd-78034dfd05b4@group-EDAE14BFB10F->7f53e279-916a-4fed-90de-23e9c25f9e31-GrpcLogAppender: Wait interrupted by java.lang.InterruptedException
2020-06-27 08:28:30,253 [ForkJoinPool.commonPool-worker-1] INFO  impl.StateMachineUpdater (StateMachineUpdater.java:stopAndJoin(142)) - a99a18fa-a15b-4cd6-a5fd-78034dfd05b4@group-696DC5C5CF56-StateMachineUpdater: set stopIndex = 0
2020-06-27 08:28:30,253 [a99a18fa-a15b-4cd6-a5fd-78034dfd05b4@group-696DC5C5CF56-StateMachineUpdater] INFO  ratis.ContainerStateMachine (ContainerStateMachine.java:takeSnapshot(294)) - group-696DC5C5CF56: Taking a snapshot at:(t:1, i:0) file /github/workspace/mnt/ozone/hadoop-ozone/integration-test/target/test-dir/MiniOzoneClusterImpl-8eb50a3f-c1ff-437a-8e18-e0505f09b26f/datanode-5/data/ratis/7b34d530-10b7-4c87-8cc3-696dc5c5cf56/sm/snapshot.1_0
2020-06-27 08:28:30,253 [Listener at 127.0.0.1/46381] INFO  metrics.RatisMetrics (RatisMetrics.java:unregister(43)) - Unregistering Metrics Registry : ratis_grpc.log_appender.a99a18fa-a15b-4cd6-a5fd-78034dfd05b4@group-EDAE14BFB10F
2020-06-27 08:28:30,254 [a99a18fa-a15b-4cd6-a5fd-78034dfd05b4@group-696DC5C5CF56-StateMachineUpdater] INFO  ratis.ContainerStateMachine (ContainerStateMachine.java:takeSnapshot(305)) - group-696DC5C5CF56: Finished taking a snapshot at:(t:1, i:0) file:/github/workspace/mnt/ozone/hadoop-ozone/integration-test/target/test-dir/MiniOzoneClusterImpl-8eb50a3f-c1ff-437a-8e18-e0505f09b26f/datanode-5/data/ratis/7b34d530-10b7-4c87-8cc3-696dc5c5cf56/sm/snapshot.1_0 time:1
2020-06-27 08:28:30,254 [a99a18fa-a15b-4cd6-a5fd-78034dfd05b4@group-696DC5C5CF56-StateMachineUpdater] INFO  impl.StateMachineUpdater (StateMachineUpdater.java:takeSnapshot(277)) - a99a18fa-a15b-4cd6-a5fd-78034dfd05b4@group-696DC5C5CF56-StateMachineUpdater: Took a snapshot at index 0
2020-06-27 08:28:30,254 [a99a18fa-a15b-4cd6-a5fd-78034dfd05b4@group-696DC5C5CF56-StateMachineUpdater] INFO  impl.StateMachineUpdater (StateMachineUpdater.java:lambda$new$0(87)) - a99a18fa-a15b-4cd6-a5fd-78034dfd05b4@group-696DC5C5CF56-StateMachineUpdater: snapshotIndex: updateIncreasingly -1 -> 0
2020-06-27 08:28:30,254 [a99a18fa-a15b-4cd6-a5fd-78034dfd05b4@group-696DC5C5CF56-StateMachineUpdater] INFO  metrics.RatisMetrics (RatisMetrics.java:unregister(43)) - Unregistering Metrics Registry : ratis.state_machine.a99a18fa-a15b-4cd6-a5fd-78034dfd05b4@group-696DC5C5CF56
2020-06-27 08:28:30,255 [ForkJoinPool.commonPool-worker-1] INFO  impl.RaftServerImpl (ServerState.java:close(387)) - a99a18fa-a15b-4cd6-a5fd-78034dfd05b4@group-696DC5C5CF56: closes. applyIndex: 0
2020-06-27 08:28:30,255 [a99a18fa-a15b-4cd6-a5fd-78034dfd05b4@group-696DC5C5CF56-SegmentedRaftLogWorker] INFO  segmented.SegmentedRaftLogWorker (SegmentedRaftLogWorker.java:run(327)) - a99a18fa-a15b-4cd6-a5fd-78034dfd05b4@group-696DC5C5CF56-SegmentedRaftLogWorker was interrupted, exiting. There are 0 tasks remaining in the queue.
2020-06-27 08:28:30,255 [ForkJoinPool.commonPool-worker-1] INFO  segmented.SegmentedRaftLogWorker (SegmentedRaftLogWorker.java:close(234)) - a99a18fa-a15b-4cd6-a5fd-78034dfd05b4@group-696DC5C5CF56-SegmentedRaftLogWorker close()
2020-06-27 08:28:30,255 [Listener at 127.0.0.1/46381] INFO  impl.PendingRequests (PendingRequests.java:sendNotLeaderResponses(249)) - a99a18fa-a15b-4cd6-a5fd-78034dfd05b4@group-EDAE14BFB10F-PendingRequests: sendNotLeaderResponses
2020-06-27 08:28:30,256 [org.apache.ratis.server.impl.LogAppender$AppenderDaemon$$Lambda$438/1414974630@a8c3820] WARN  server.GrpcLogAppender (GrpcLogAppender.java:mayWait(153)) - a99a18fa-a15b-4cd6-a5fd-78034dfd05b4@group-EDAE14BFB10F->34efc206-1f67-4a18-aa05-bd0f2a1ef0e4-GrpcLogAppender: Wait interrupted by java.lang.InterruptedException
2020-06-27 08:28:30,256 [ForkJoinPool.commonPool-worker-1] INFO  metrics.RatisMetrics (RatisMetrics.java:unregister(43)) - Unregistering Metrics Registry : ratis.log_worker.a99a18fa-a15b-4cd6-a5fd-78034dfd05b4@group-696DC5C5CF56
2020-06-27 08:28:30,256 [ForkJoinPool.commonPool-worker-1] INFO  metrics.RatisMetrics (RatisMetrics.java:unregister(43)) - Unregistering Metrics Registry : ratis.leader_election.a99a18fa-a15b-4cd6-a5fd-78034dfd05b4@group-696DC5C5CF56
2020-06-27 08:28:30,256 [ForkJoinPool.commonPool-worker-1] INFO  metrics.RatisMetrics (RatisMetrics.java:unregister(43)) - Unregistering Metrics Registry : ratis.server.a99a18fa-a15b-4cd6-a5fd-78034dfd05b4@group-696DC5C5CF56
2020-06-27 08:28:30,256 [ForkJoinPool.commonPool-worker-1] INFO  impl.RaftServerImpl (RaftServerImpl.java:lambda$shutdown$3(252)) - a99a18fa-a15b-4cd6-a5fd-78034dfd05b4@group-11D1A0DB352F: shutdown
2020-06-27 08:28:30,256 [ForkJoinPool.commonPool-worker-1] INFO  util.JmxRegister (JmxRegister.java:unregister(73)) - Successfully un-registered JMX Bean with object name Ratis:service=RaftServer,group=group-11D1A0DB352F,id=a99a18fa-a15b-4cd6-a5fd-78034dfd05b4
2020-06-27 08:28:30,256 [ForkJoinPool.commonPool-worker-1] INFO  impl.RoleInfo (RoleInfo.java:shutdownFollowerState(121)) - a99a18fa-a15b-4cd6-a5fd-78034dfd05b4: shutdown FollowerState
2020-06-27 08:28:30,257 [ForkJoinPool.commonPool-worker-1] INFO  impl.StateMachineUpdater (StateMachineUpdater.java:stopAndJoin(142)) - a99a18fa-a15b-4cd6-a5fd-78034dfd05b4@group-11D1A0DB352F-StateMachineUpdater: set stopIndex = 0
2020-06-27 08:28:30,257 [Thread-508] INFO  impl.FollowerState (FollowerState.java:run(117)) - a99a18fa-a15b-4cd6-a5fd-78034dfd05b4@group-11D1A0DB352F-FollowerState was interrupted: java.lang.InterruptedException: sleep interrupted
2020-06-27 08:28:30,257 [a99a18fa-a15b-4cd6-a5fd-78034dfd05b4@group-11D1A0DB352F-StateMachineUpdater] INFO  ratis.ContainerStateMachine (ContainerStateMachine.java:takeSnapshot(294)) - group-11D1A0DB352F: Taking a snapshot at:(t:1, i:0) file /github/workspace/mnt/ozone/hadoop-ozone/integration-test/target/test-dir/MiniOzoneClusterImpl-8eb50a3f-c1ff-437a-8e18-e0505f09b26f/datanode-5/data/ratis/d5ffc3a5-e291-47c0-a340-11d1a0db352f/sm/snapshot.1_0
2020-06-27 08:28:30,257 [a99a18fa-a15b-4cd6-a5fd-78034dfd05b4@group-11D1A0DB352F-StateMachineUpdater] INFO  ratis.ContainerStateMachine (ContainerStateMachine.java:takeSnapshot(305)) - group-11D1A0DB352F: Finished taking a snapshot at:(t:1, i:0) file:/github/workspace/mnt/ozone/hadoop-ozone/integration-test/target/test-dir/MiniOzoneClusterImpl-8eb50a3f-c1ff-437a-8e18-e0505f09b26f/datanode-5/data/ratis/d5ffc3a5-e291-47c0-a340-11d1a0db352f/sm/snapshot.1_0 time:1
2020-06-27 08:28:30,258 [a99a18fa-a15b-4cd6-a5fd-78034dfd05b4@group-11D1A0DB352F-StateMachineUpdater] INFO  impl.StateMachineUpdater (StateMachineUpdater.java:takeSnapshot(277)) - a99a18fa-a15b-4cd6-a5fd-78034dfd05b4@group-11D1A0DB352F-StateMachineUpdater: Took a snapshot at index 0
2020-06-27 08:28:30,258 [a99a18fa-a15b-4cd6-a5fd-78034dfd05b4@group-11D1A0DB352F-StateMachineUpdater] INFO  impl.StateMachineUpdater (StateMachineUpdater.java:lambda$new$0(87)) - a99a18fa-a15b-4cd6-a5fd-78034dfd05b4@group-11D1A0DB352F-StateMachineUpdater: snapshotIndex: updateIncreasingly -1 -> 0
2020-06-27 08:28:30,258 [a99a18fa-a15b-4cd6-a5fd-78034dfd05b4@group-11D1A0DB352F-StateMachineUpdater] INFO  metrics.RatisMetrics (RatisMetrics.java:unregister(43)) - Unregistering Metrics Registry : ratis.state_machine.a99a18fa-a15b-4cd6-a5fd-78034dfd05b4@group-11D1A0DB352F
2020-06-27 08:28:30,258 [Listener at 127.0.0.1/46381] INFO  metrics.RatisMetrics (RatisMetrics.java:unregister(43)) - Unregistering Metrics Registry : ratis.log_appender.a99a18fa-a15b-4cd6-a5fd-78034dfd05b4@group-EDAE14BFB10F
2020-06-27 08:28:30,258 [Listener at 127.0.0.1/46381] INFO  metrics.RatisMetrics (RatisMetrics.java:unregister(43)) - Unregistering Metrics Registry : ratis.server.a99a18fa-a15b-4cd6-a5fd-78034dfd05b4@group-EDAE14BFB10F
2020-06-27 08:28:30,259 [ForkJoinPool.commonPool-worker-1] INFO  impl.RaftServerImpl (ServerState.java:close(387)) - a99a18fa-a15b-4cd6-a5fd-78034dfd05b4@group-11D1A0DB352F: closes. applyIndex: 0
2020-06-27 08:28:30,260 [a99a18fa-a15b-4cd6-a5fd-78034dfd05b4@group-11D1A0DB352F-SegmentedRaftLogWorker] INFO  segmented.SegmentedRaftLogWorker (SegmentedRaftLogWorker.java:run(327)) - a99a18fa-a15b-4cd6-a5fd-78034dfd05b4@group-11D1A0DB352F-SegmentedRaftLogWorker was interrupted, exiting. There are 0 tasks remaining in the queue.
2020-06-27 08:28:30,260 [ForkJoinPool.commonPool-worker-1] INFO  segmented.SegmentedRaftLogWorker (SegmentedRaftLogWorker.java:close(234)) - a99a18fa-a15b-4cd6-a5fd-78034dfd05b4@group-11D1A0DB352F-SegmentedRaftLogWorker close()
2020-06-27 08:28:30,260 [ForkJoinPool.commonPool-worker-1] INFO  metrics.RatisMetrics (RatisMetrics.java:unregister(43)) - Unregistering Metrics Registry : ratis.log_worker.a99a18fa-a15b-4cd6-a5fd-78034dfd05b4@group-11D1A0DB352F
2020-06-27 08:28:30,260 [ForkJoinPool.commonPool-worker-1] INFO  metrics.RatisMetrics (RatisMetrics.java:unregister(43)) - Unregistering Metrics Registry : ratis.leader_election.a99a18fa-a15b-4cd6-a5fd-78034dfd05b4@group-11D1A0DB352F
2020-06-27 08:28:30,260 [ForkJoinPool.commonPool-worker-1] INFO  metrics.RatisMetrics (RatisMetrics.java:unregister(43)) - Unregistering Metrics Registry : ratis.server.a99a18fa-a15b-4cd6-a5fd-78034dfd05b4@group-11D1A0DB352F
2020-06-27 08:28:30,261 [a99a18fa-a15b-4cd6-a5fd-78034dfd05b4@group-EDAE14BFB10F-StateMachineUpdater] INFO  ratis.ContainerStateMachine (ContainerStateMachine.java:takeSnapshot(294)) - group-EDAE14BFB10F: Taking a snapshot at:(t:2, i:12) file /github/workspace/mnt/ozone/hadoop-ozone/integration-test/target/test-dir/MiniOzoneClusterImpl-8eb50a3f-c1ff-437a-8e18-e0505f09b26f/datanode-5/data/ratis/9a651e83-1ed9-467f-9369-edae14bfb10f/sm/snapshot.2_12
2020-06-27 08:28:30,261 [Listener at 127.0.0.1/46381] INFO  impl.StateMachineUpdater (StateMachineUpdater.java:stopAndJoin(142)) - a99a18fa-a15b-4cd6-a5fd-78034dfd05b4@group-EDAE14BFB10F-StateMachineUpdater: set stopIndex = 12
2020-06-27 08:28:30,262 [a99a18fa-a15b-4cd6-a5fd-78034dfd05b4@group-EDAE14BFB10F-StateMachineUpdater] INFO  ratis.ContainerStateMachine (ContainerStateMachine.java:takeSnapshot(305)) - group-EDAE14BFB10F: Finished taking a snapshot at:(t:2, i:12) file:/github/workspace/mnt/ozone/hadoop-ozone/integration-test/target/test-dir/MiniOzoneClusterImpl-8eb50a3f-c1ff-437a-8e18-e0505f09b26f/datanode-5/data/ratis/9a651e83-1ed9-467f-9369-edae14bfb10f/sm/snapshot.2_12 time:1
2020-06-27 08:28:30,262 [a99a18fa-a15b-4cd6-a5fd-78034dfd05b4@group-EDAE14BFB10F-StateMachineUpdater] INFO  impl.StateMachineUpdater (StateMachineUpdater.java:takeSnapshot(277)) - a99a18fa-a15b-4cd6-a5fd-78034dfd05b4@group-EDAE14BFB10F-StateMachineUpdater: Took a snapshot at index 12
2020-06-27 08:28:30,262 [a99a18fa-a15b-4cd6-a5fd-78034dfd05b4@group-EDAE14BFB10F-StateMachineUpdater] INFO  impl.StateMachineUpdater (StateMachineUpdater.java:lambda$new$0(87)) - a99a18fa-a15b-4cd6-a5fd-78034dfd05b4@group-EDAE14BFB10F-StateMachineUpdater: snapshotIndex: updateIncreasingly -1 -> 12
2020-06-27 08:28:30,262 [a99a18fa-a15b-4cd6-a5fd-78034dfd05b4@group-EDAE14BFB10F-StateMachineUpdater] INFO  metrics.RatisMetrics (RatisMetrics.java:unregister(43)) - Unregistering Metrics Registry : ratis.state_machine.a99a18fa-a15b-4cd6-a5fd-78034dfd05b4@group-EDAE14BFB10F
2020-06-27 08:28:30,262 [Listener at 127.0.0.1/46381] INFO  impl.RaftServerImpl (ServerState.java:close(387)) - a99a18fa-a15b-4cd6-a5fd-78034dfd05b4@group-EDAE14BFB10F: closes. applyIndex: 12
2020-06-27 08:28:30,263 [a99a18fa-a15b-4cd6-a5fd-78034dfd05b4@group-EDAE14BFB10F-SegmentedRaftLogWorker] INFO  segmented.SegmentedRaftLogWorker (SegmentedRaftLogWorker.java:run(327)) - a99a18fa-a15b-4cd6-a5fd-78034dfd05b4@group-EDAE14BFB10F-SegmentedRaftLogWorker was interrupted, exiting. There are 0 tasks remaining in the queue.
2020-06-27 08:28:30,263 [Listener at 127.0.0.1/46381] INFO  segmented.SegmentedRaftLogWorker (SegmentedRaftLogWorker.java:close(234)) - a99a18fa-a15b-4cd6-a5fd-78034dfd05b4@group-EDAE14BFB10F-SegmentedRaftLogWorker close()
2020-06-27 08:28:30,264 [Listener at 127.0.0.1/46381] INFO  metrics.RatisMetrics (RatisMetrics.java:unregister(43)) - Unregistering Metrics Registry : ratis.log_worker.a99a18fa-a15b-4cd6-a5fd-78034dfd05b4@group-EDAE14BFB10F
2020-06-27 08:28:30,264 [Listener at 127.0.0.1/46381] INFO  metrics.RatisMetrics (RatisMetrics.java:unregister(43)) - Unregistering Metrics Registry : ratis.leader_election.a99a18fa-a15b-4cd6-a5fd-78034dfd05b4@group-EDAE14BFB10F
2020-06-27 08:28:30,264 [Listener at 127.0.0.1/46381] INFO  metrics.RatisMetrics (RatisMetrics.java:unregister(43)) - Unregistering Metrics Registry : ratis.server.a99a18fa-a15b-4cd6-a5fd-78034dfd05b4@group-EDAE14BFB10F
2020-06-27 08:28:30,265 [Listener at 127.0.0.1/46381] INFO  server.GrpcService (GrpcService.java:closeImpl(166)) - a99a18fa-a15b-4cd6-a5fd-78034dfd05b4: shutdown server with port 33739 now
2020-06-27 08:28:30,266 [Listener at 127.0.0.1/46381] INFO  server.GrpcService (GrpcService.java:closeImpl(174)) - a99a18fa-a15b-4cd6-a5fd-78034dfd05b4: shutdown server with port 33739 successfully
2020-06-27 08:28:30,268 [Listener at 127.0.0.1/46381] INFO  utils.BackgroundService (BackgroundService.java:shutdown(157)) - Shutting down service BlockDeletingService
2020-06-27 08:28:30,269 [Listener at 127.0.0.1/46381] INFO  statemachine.DatanodeStateMachine (DatanodeStateMachine.java:stopDaemon(428)) - Ozone container server stopped.
2020-06-27 08:28:30,270 [Listener at 127.0.0.1/46381] INFO  handler.ContextHandler (ContextHandler.java:doStop(1016)) - Stopped o.e.j.w.WebAppContext@55cb54c5{hddsDatanode,/,null,UNAVAILABLE}{jar:file:/home/user/.m2/repository/org/apache/hadoop/hadoop-hdds-container-service/0.6.0-SNAPSHOT/hadoop-hdds-container-service-0.6.0-SNAPSHOT.jar!/webapps/hddsDatanode}
2020-06-27 08:28:30,271 [Listener at 127.0.0.1/46381] INFO  server.AbstractConnector (AbstractConnector.java:doStop(380)) - Stopped ServerConnector@60cb446a{HTTP/1.1,[http/1.1]}{0.0.0.0:0}
2020-06-27 08:28:30,272 [Listener at 127.0.0.1/46381] INFO  server.session (HouseKeeper.java:stopScavenging(158)) - node0 Stopped scavenging
2020-06-27 08:28:30,272 [Listener at 127.0.0.1/46381] INFO  handler.ContextHandler (ContextHandler.java:doStop(1016)) - Stopped o.e.j.s.ServletContextHandler@90080e2{static,/static,jar:file:/home/user/.m2/repository/org/apache/hadoop/hadoop-hdds-container-service/0.6.0-SNAPSHOT/hadoop-hdds-container-service-0.6.0-SNAPSHOT.jar!/webapps/static,UNAVAILABLE}
2020-06-27 08:28:30,272 [Listener at 127.0.0.1/46381] INFO  handler.ContextHandler (ContextHandler.java:doStop(1016)) - Stopped o.e.j.s.ServletContextHandler@60c67008{logs,/logs,file:///github/workspace/mnt/ozone/hadoop-ozone/integration-test/target/log,UNAVAILABLE}
2020-06-27 08:28:30,273 [Listener at 127.0.0.1/46381] INFO  ozone.MiniOzoneClusterImpl (MiniOzoneClusterImpl.java:stopSCM(476)) - Stopping the StorageContainerManager
2020-06-27 08:28:30,273 [Listener at 127.0.0.1/46381] INFO  server.StorageContainerManager (StorageContainerManager.java:stop(825)) - Stopping Replication Manager Service.
2020-06-27 08:28:30,273 [Listener at 127.0.0.1/46381] INFO  container.ReplicationManager (ReplicationManager.java:stop(217)) - Stopping Replication Monitor Thread.
2020-06-27 08:28:30,273 [Listener at 127.0.0.1/46381] INFO  server.StorageContainerManager (StorageContainerManager.java:stop(832)) - Stopping Lease Manager of the command watchers
2020-06-27 08:28:30,274 [Listener at 127.0.0.1/46381] INFO  server.StorageContainerManager (StorageContainerManager.java:stop(839)) - Stopping datanode service RPC server
2020-06-27 08:28:30,274 [CommandWatcher-LeaseManager#LeaseMonitor] ERROR lease.LeaseManager (LeaseManager.java:run(238)) - Execution was interrupted 
java.lang.InterruptedException: sleep interrupted
	at java.lang.Thread.sleep(Native Method)
	at org.apache.hadoop.ozone.lease.LeaseManager$LeaseMonitor.run(LeaseManager.java:234)
	at java.lang.Thread.run(Thread.java:748)
2020-06-27 08:28:30,274 [Listener at 127.0.0.1/46381] INFO  server.SCMDatanodeProtocolServer (SCMDatanodeProtocolServer.java:stop(361)) - Stopping the RPC server for DataNodes
2020-06-27 08:28:30,274 [Listener at 127.0.0.1/46381] INFO  ipc.Server (Server.java:stop(3359)) - Stopping server on 36417
2020-06-27 08:28:30,276 [IPC Server listener on 0] INFO  ipc.Server (Server.java:run(1330)) - Stopping IPC Server listener on 0
2020-06-27 08:28:30,276 [IPC Server Responder] INFO  ipc.Server (Server.java:run(1465)) - Stopping IPC Server Responder
2020-06-27 08:28:30,338 [SCM Heartbeat Processing Thread - 0] WARN  node.NodeStateManager (NodeStateManager.java:scheduleNextHealthCheck(661)) - Current Thread is interrupted, shutting down HB processing thread for Node Manager.
2020-06-27 08:28:30,338 [Listener at 127.0.0.1/46381] INFO  server.StorageContainerManager (StorageContainerManager.java:stop(847)) - Stopping block service RPC server
2020-06-27 08:28:30,338 [Listener at 127.0.0.1/46381] INFO  server.SCMBlockProtocolServer (SCMBlockProtocolServer.java:stop(158)) - Stopping the RPC server for Block Protocol
2020-06-27 08:28:30,339 [Listener at 127.0.0.1/46381] INFO  ipc.Server (Server.java:stop(3359)) - Stopping server on 45733
2020-06-27 08:28:30,340 [IPC Server listener on 0] INFO  ipc.Server (Server.java:run(1330)) - Stopping IPC Server listener on 0
2020-06-27 08:28:30,341 [IPC Server Responder] INFO  ipc.Server (Server.java:run(1465)) - Stopping IPC Server Responder
2020-06-27 08:28:30,341 [Listener at 127.0.0.1/46381] INFO  server.StorageContainerManager (StorageContainerManager.java:stop(854)) - Stopping the StorageContainerLocationProtocol RPC server
2020-06-27 08:28:30,341 [Listener at 127.0.0.1/46381] INFO  server.SCMClientProtocolServer (SCMClientProtocolServer.java:stop(165)) - Stopping the RPC server for Client Protocol
2020-06-27 08:28:30,341 [Listener at 127.0.0.1/46381] INFO  ipc.Server (Server.java:stop(3359)) - Stopping server on 33215
2020-06-27 08:28:30,343 [IPC Server listener on 0] INFO  ipc.Server (Server.java:run(1330)) - Stopping IPC Server listener on 0
2020-06-27 08:28:30,344 [IPC Server Responder] INFO  ipc.Server (Server.java:run(1465)) - Stopping IPC Server Responder
2020-06-27 08:28:30,344 [Listener at 127.0.0.1/46381] INFO  server.StorageContainerManager (StorageContainerManager.java:stop(861)) - Stopping Storage Container Manager HTTP server.
2020-06-27 08:28:30,345 [Listener at 127.0.0.1/46381] INFO  handler.ContextHandler (ContextHandler.java:doStop(1016)) - Stopped o.e.j.w.WebAppContext@1eb8088c{scm,/,null,UNAVAILABLE}{file:/github/workspace/mnt/ozone/hadoop-ozone/integration-test/target/test-classes/webapps/scm}
2020-06-27 08:28:30,345 [Listener at 127.0.0.1/46381] INFO  server.AbstractConnector (AbstractConnector.java:doStop(380)) - Stopped ServerConnector@14d86726{HTTP/1.1,[http/1.1]}{0.0.0.0:0}
2020-06-27 08:28:30,345 [Listener at 127.0.0.1/46381] INFO  server.session (HouseKeeper.java:stopScavenging(158)) - node0 Stopped scavenging
2020-06-27 08:28:30,345 [Listener at 127.0.0.1/46381] INFO  handler.ContextHandler (ContextHandler.java:doStop(1016)) - Stopped o.e.j.s.ServletContextHandler@58003abb{static,/static,file:///github/workspace/mnt/ozone/hadoop-ozone/integration-test/target/test-classes/webapps/static,UNAVAILABLE}
2020-06-27 08:28:30,346 [Listener at 127.0.0.1/46381] INFO  handler.ContextHandler (ContextHandler.java:doStop(1016)) - Stopped o.e.j.s.ServletContextHandler@241a8fc{logs,/logs,file:///github/workspace/mnt/ozone/hadoop-ozone/integration-test/target/log,UNAVAILABLE}
2020-06-27 08:28:30,347 [Listener at 127.0.0.1/46381] INFO  server.StorageContainerManager (StorageContainerManager.java:stop(872)) - Stopping Block Manager Service.
2020-06-27 08:28:30,348 [Listener at 127.0.0.1/46381] INFO  utils.BackgroundService (BackgroundService.java:shutdown(157)) - Shutting down service SCMBlockDeletingService
2020-06-27 08:28:30,349 [Listener at 127.0.0.1/46381] INFO  utils.BackgroundService (BackgroundService.java:shutdown(157)) - Shutting down service SCMBlockDeletingService
2020-06-27 08:28:30,350 [Listener at 127.0.0.1/46381] INFO  server.StorageContainerManager (StorageContainerManager.java:stop(897)) - Stopping SCM Event Queue.
2020-06-27 08:28:30,354 [Listener at 127.0.0.1/46381] INFO  impl.MetricsSystemImpl (MetricsSystemImpl.java:stop(210)) - Stopping XceiverClientMetrics metrics system...
2020-06-27 08:28:30,363 [prometheus] INFO  impl.MetricsSinkAdapter (MetricsSinkAdapter.java:publishMetricsFromQueue(141)) - prometheus thread interrupted.
2020-06-27 08:28:30,364 [Listener at 127.0.0.1/46381] INFO  impl.MetricsSystemImpl (MetricsSystemImpl.java:stop(216)) - XceiverClientMetrics metrics system stopped.
]]></system-out>
    <system-err><![CDATA[ERROR StatusLogger No Log4j 2 configuration file found. Using default configuration (logging only errors to the console), or user programmatically provided configurations. Set system property 'log4j2.debug' to show Log4j 2 internal initialization logging. See https://logging.apache.org/log4j/2.x/manual/configuration.html for instructions on how to configure Log4j 2
]]></system-err>
  </testcase>
  <testcase name="testDatanodeFailureWithPreAllocation" classname="org.apache.hadoop.ozone.client.rpc.TestBlockOutputStreamWithFailuresFlushDelay" time="81.143"/>
  <testcase name="testDatanodeFailureWithSingleNodeRatis" classname="org.apache.hadoop.ozone.client.rpc.TestBlockOutputStreamWithFailuresFlushDelay" time="81.22"/>
  <testcase name="testWatchForCommitWithSingleNodeRatis" classname="org.apache.hadoop.ozone.client.rpc.TestBlockOutputStreamWithFailuresFlushDelay" time="35.232"/>
  <testcase name="testWatchForCommitDatanodeFailure" classname="org.apache.hadoop.ozone.client.rpc.TestBlockOutputStreamWithFailuresFlushDelay" time="45.152"/>
  <testcase name="testFailureWithPrimeSizedData" classname="org.apache.hadoop.ozone.client.rpc.TestBlockOutputStreamWithFailuresFlushDelay" time="37.851"/>
  <testcase name="testWatchForCommitWithCloseContainerException" classname="org.apache.hadoop.ozone.client.rpc.TestBlockOutputStreamWithFailuresFlushDelay" time="37.886"/>
  <testcase name="testExceptionDuringClose" classname="org.apache.hadoop.ozone.client.rpc.TestBlockOutputStreamWithFailuresFlushDelay" time="35.373"/>
</testsuite>