<?xml version="1.0" encoding="UTF-8"?>
<testsuite xmlns:xsi="http://www.w3.org/2001/XMLSchema-instance" xsi:noNamespaceSchemaLocation="https://maven.apache.org/surefire/maven-surefire-plugin/xsd/surefire-test-report-3.0.xsd" version="3.0" name="org.apache.hadoop.ozone.client.rpc.TestOzoneAtRestEncryption" time="66.549" tests="22" errors="1" skipped="0" failures="0">
  <properties>
    <property name="awt.toolkit" value="sun.awt.X11.XToolkit"/>
    <property name="log4j.configuration" value="kms-log4j.properties"/>
    <property name="java.specification.version" value="1.8"/>
    <property name="file.encoding.pkg" value="sun.io"/>
    <property name="sun.cpu.isalist" value=""/>
    <property name="sun.jnu.encoding" value="UTF-8"/>
    <property name="java.class.path" value="/home/runner/work/ozone/ozone/hadoop-ozone/integration-test/target/test-classes:/home/runner/work/ozone/ozone/hadoop-ozone/integration-test/target/classes:/home/runner/.m2/repository/org/apache/ozone/ozone-common/1.4.0-SNAPSHOT/ozone-common-1.4.0-SNAPSHOT.jar:/home/runner/.m2/repository/io/grpc/grpc-netty/1.51.1/grpc-netty-1.51.1.jar:/home/runner/.m2/repository/io/grpc/grpc-core/1.51.1/grpc-core-1.51.1.jar:/home/runner/.m2/repository/com/google/android/annotations/4.1.1.4/annotations-4.1.1.4.jar:/home/runner/.m2/repository/org/codehaus/mojo/animal-sniffer-annotations/1.21/animal-sniffer-annotations-1.21.jar:/home/runner/.m2/repository/com/google/errorprone/error_prone_annotations/2.2.0/error_prone_annotations-2.2.0.jar:/home/runner/.m2/repository/io/perfmark/perfmark-api/0.25.0/perfmark-api-0.25.0.jar:/home/runner/.m2/repository/io/netty/netty-codec-http2/4.1.94.Final/netty-codec-http2-4.1.94.Final.jar:/home/runner/.m2/repository/io/netty/netty-common/4.1.94.Final/netty-common-4.1.94.Final.jar:/home/runner/.m2/repository/io/netty/netty-buffer/4.1.94.Final/netty-buffer-4.1.94.Final.jar:/home/runner/.m2/repository/io/netty/netty-codec-http/4.1.94.Final/netty-codec-http-4.1.94.Final.jar:/home/runner/.m2/repository/io/netty/netty-handler-proxy/4.1.94.Final/netty-handler-proxy-4.1.94.Final.jar:/home/runner/.m2/repository/io/netty/netty-codec-socks/4.1.94.Final/netty-codec-socks-4.1.94.Final.jar:/home/runner/.m2/repository/io/netty/netty-tcnative-boringssl-static/2.0.61.Final/netty-tcnative-boringssl-static-2.0.61.Final.jar:/home/runner/.m2/repository/io/netty/netty-tcnative-classes/2.0.61.Final/netty-tcnative-classes-2.0.61.Final.jar:/home/runner/.m2/repository/io/netty/netty-tcnative-boringssl-static/2.0.61.Final/netty-tcnative-boringssl-static-2.0.61.Final-linux-x86_64.jar:/home/runner/.m2/repository/io/netty/netty-tcnative-boringssl-static/2.0.61.Final/netty-tcnative-boringssl-static-2.0.61.Final-linux-aarch_64.jar:/home/runner/.m2/repository/io/netty/netty-tcnative-boringssl-static/2.0.61.Final/netty-tcnative-boringssl-static-2.0.61.Final-osx-x86_64.jar:/home/runner/.m2/repository/io/netty/netty-tcnative-boringssl-static/2.0.61.Final/netty-tcnative-boringssl-static-2.0.61.Final-osx-aarch_64.jar:/home/runner/.m2/repository/io/netty/netty-tcnative-boringssl-static/2.0.61.Final/netty-tcnative-boringssl-static-2.0.61.Final-windows-x86_64.jar:/home/runner/.m2/repository/org/apache/commons/commons-compress/1.21/commons-compress-1.21.jar:/home/runner/.m2/repository/org/apache/ozone/hdds-common/1.4.0-SNAPSHOT/hdds-common-1.4.0-SNAPSHOT.jar:/home/runner/.m2/repository/org/apache/ozone/hdds-client/1.4.0-SNAPSHOT/hdds-client-1.4.0-SNAPSHOT.jar:/home/runner/.m2/repository/org/apache/ozone/ozone-interface-client/1.4.0-SNAPSHOT/ozone-interface-client-1.4.0-SNAPSHOT.jar:/home/runner/.m2/repository/org/apache/hadoop/hadoop-hdfs-client/3.3.6/hadoop-hdfs-client-3.3.6.jar:/home/runner/.m2/repository/com/squareup/okhttp3/okhttp/4.9.3/okhttp-4.9.3.jar:/home/runner/.m2/repository/com/squareup/okio/okio/3.4.0/okio-3.4.0.jar:/home/runner/.m2/repository/com/squareup/okio/okio-jvm/3.4.0/okio-jvm-3.4.0.jar:/home/runner/.m2/repository/org/jetbrains/kotlin/kotlin-stdlib-jdk8/1.8.0/kotlin-stdlib-jdk8-1.8.0.jar:/home/runner/.m2/repository/org/jetbrains/kotlin/kotlin-stdlib-jdk7/1.8.0/kotlin-stdlib-jdk7-1.8.0.jar:/home/runner/.m2/repository/org/jetbrains/kotlin/kotlin-stdlib-common/1.6.21/kotlin-stdlib-common-1.6.21.jar:/home/runner/.m2/repository/org/apache/ozone/hdds-test-utils/1.4.0-SNAPSHOT/hdds-test-utils-1.4.0-SNAPSHOT.jar:/home/runner/.m2/repository/com/google/guava/guava/32.0.0-jre/guava-32.0.0-jre.jar:/home/runner/.m2/repository/com/google/guava/failureaccess/1.0.1/failureaccess-1.0.1.jar:/home/runner/.m2/repository/com/google/guava/listenablefuture/9999.0-empty-to-avoid-conflict-with-guava/listenablefuture-9999.0-empty-to-avoid-conflict-with-guava.jar:/home/runner/.m2/repository/com/google/code/findbugs/jsr305/3.0.0/jsr305-3.0.0.jar:/home/runner/.m2/repository/org/checkerframework/checker-qual/3.33.0/checker-qual-3.33.0.jar:/home/runner/.m2/repository/com/google/j2objc/j2objc-annotations/2.8/j2objc-annotations-2.8.jar:/home/runner/.m2/repository/commons-io/commons-io/2.11.0/commons-io-2.11.0.jar:/home/runner/.m2/repository/commons-logging/commons-logging/1.2/commons-logging-1.2.jar:/home/runner/.m2/repository/ch/qos/reload4j/reload4j/1.2.22/reload4j-1.2.22.jar:/home/runner/.m2/repository/org/slf4j/slf4j-api/1.7.36/slf4j-api-1.7.36.jar:/home/runner/.m2/repository/org/apache/logging/log4j/log4j-api/2.17.1/log4j-api-2.17.1.jar:/home/runner/.m2/repository/org/apache/ozone/hdds-server-scm/1.4.0-SNAPSHOT/hdds-server-scm-1.4.0-SNAPSHOT.jar:/home/runner/.m2/repository/org/apache/ozone/hdds-container-service/1.4.0-SNAPSHOT/hdds-container-service-1.4.0-SNAPSHOT.jar:/home/runner/.m2/repository/org/apache/ozone/hdds-hadoop-dependency-server/1.4.0-SNAPSHOT/hdds-hadoop-dependency-server-1.4.0-SNAPSHOT.jar:/home/runner/.m2/repository/org/apache/hadoop/hadoop-hdfs/3.3.6/hadoop-hdfs-3.3.6.jar:/home/runner/.m2/repository/commons-daemon/commons-daemon/1.0.13/commons-daemon-1.0.13.jar:/home/runner/.m2/repository/org/apache/ozone/hdds-server-framework/1.4.0-SNAPSHOT/hdds-server-framework-1.4.0-SNAPSHOT.jar:/home/runner/.m2/repository/io/dropwizard/metrics/metrics-core/3.2.4/metrics-core-3.2.4.jar:/home/runner/.m2/repository/org/apache/commons/commons-text/1.10.0/commons-text-1.10.0.jar:/home/runner/.m2/repository/org/bouncycastle/bcprov-jdk15on/1.67/bcprov-jdk15on-1.67.jar:/home/runner/.m2/repository/com/google/protobuf/protobuf-java/2.5.0/protobuf-java-2.5.0.jar:/home/runner/.m2/repository/org/apache/ozone/hdds-server-framework/1.4.0-SNAPSHOT/hdds-server-framework-1.4.0-SNAPSHOT-tests.jar:/home/runner/.m2/repository/org/apache/ozone/hdds-interface-server/1.4.0-SNAPSHOT/hdds-interface-server-1.4.0-SNAPSHOT.jar:/home/runner/.m2/repository/org/apache/ozone/hdds-interface-admin/1.4.0-SNAPSHOT/hdds-interface-admin-1.4.0-SNAPSHOT.jar:/home/runner/.m2/repository/org/apache/ozone/hdds-managed-rocksdb/1.4.0-SNAPSHOT/hdds-managed-rocksdb-1.4.0-SNAPSHOT.jar:/home/runner/.m2/repository/org/rocksdb/rocksdbjni/7.7.3/rocksdbjni-7.7.3.jar:/home/runner/.m2/repository/org/slf4j/slf4j-reload4j/1.7.36/slf4j-reload4j-1.7.36.jar:/home/runner/.m2/repository/org/apache/commons/commons-configuration2/2.1.1/commons-configuration2-2.1.1.jar:/home/runner/.m2/repository/commons-fileupload/commons-fileupload/1.5/commons-fileupload-1.5.jar:/home/runner/.m2/repository/org/apache/logging/log4j/log4j-core/2.17.1/log4j-core-2.17.1.jar:/home/runner/.m2/repository/com/lmax/disruptor/3.4.2/disruptor-3.4.2.jar:/home/runner/.m2/repository/org/eclipse/jetty/jetty-util/9.4.53.v20231009/jetty-util-9.4.53.v20231009.jar:/home/runner/.m2/repository/org/eclipse/jetty/jetty-server/9.4.53.v20231009/jetty-server-9.4.53.v20231009.jar:/home/runner/.m2/repository/org/eclipse/jetty/jetty-http/9.4.53.v20231009/jetty-http-9.4.53.v20231009.jar:/home/runner/.m2/repository/org/eclipse/jetty/jetty-io/9.4.53.v20231009/jetty-io-9.4.53.v20231009.jar:/home/runner/.m2/repository/org/eclipse/jetty/jetty-servlet/9.4.53.v20231009/jetty-servlet-9.4.53.v20231009.jar:/home/runner/.m2/repository/org/eclipse/jetty/jetty-security/9.4.53.v20231009/jetty-security-9.4.53.v20231009.jar:/home/runner/.m2/repository/org/eclipse/jetty/jetty-util-ajax/9.4.53.v20231009/jetty-util-ajax-9.4.53.v20231009.jar:/home/runner/.m2/repository/org/eclipse/jetty/jetty-webapp/9.4.53.v20231009/jetty-webapp-9.4.53.v20231009.jar:/home/runner/.m2/repository/org/eclipse/jetty/jetty-xml/9.4.53.v20231009/jetty-xml-9.4.53.v20231009.jar:/home/runner/.m2/repository/org/apache/ratis/ratis-server/2.5.1/ratis-server-2.5.1.jar:/home/runner/.m2/repository/org/apache/ratis/ratis-thirdparty-misc/1.0.4/ratis-thirdparty-misc-1.0.4.jar:/home/runner/.m2/repository/org/apache/ratis/ratis-proto/2.5.1/ratis-proto-2.5.1.jar:/home/runner/.m2/repository/org/apache/ratis/ratis-common/2.5.1/ratis-common-2.5.1.jar:/home/runner/.m2/repository/org/apache/ratis/ratis-client/2.5.1/ratis-client-2.5.1.jar:/home/runner/.m2/repository/org/apache/ratis/ratis-server-api/2.5.1/ratis-server-api-2.5.1.jar:/home/runner/.m2/repository/org/apache/ratis/ratis-metrics/2.5.1/ratis-metrics-2.5.1.jar:/home/runner/.m2/repository/io/prometheus/simpleclient_dropwizard/0.7.0/simpleclient_dropwizard-0.7.0.jar:/home/runner/.m2/repository/io/prometheus/simpleclient/0.7.0/simpleclient-0.7.0.jar:/home/runner/.m2/repository/io/prometheus/simpleclient_common/0.7.0/simpleclient_common-0.7.0.jar:/home/runner/.m2/repository/com/fasterxml/jackson/datatype/jackson-datatype-jsr310/2.13.4/jackson-datatype-jsr310-2.13.4.jar:/home/runner/.m2/repository/com/fasterxml/jackson/core/jackson-core/2.13.4/jackson-core-2.13.4.jar:/home/runner/.m2/repository/com/github/spotbugs/spotbugs-annotations/3.1.12/spotbugs-annotations-3.1.12.jar:/home/runner/.m2/repository/org/apache/ozone/rocksdb-checkpoint-differ/1.4.0-SNAPSHOT/rocksdb-checkpoint-differ-1.4.0-SNAPSHOT.jar:/home/runner/.m2/repository/org/jgrapht/jgrapht-core/1.0.1/jgrapht-core-1.0.1.jar:/home/runner/.m2/repository/org/jgrapht/jgrapht-ext/1.0.1/jgrapht-ext-1.0.1.jar:/home/runner/.m2/repository/org/tinyjee/jgraphx/jgraphx/2.0.0.1/jgraphx-2.0.0.1.jar:/home/runner/.m2/repository/jgraph/jgraph/5.13.0.0/jgraph-5.13.0.0.jar:/home/runner/.m2/repository/org/antlr/antlr4-runtime/4.5.3/antlr4-runtime-4.5.3.jar:/home/runner/.m2/repository/org/awaitility/awaitility/4.2.0/awaitility-4.2.0.jar:/home/runner/.m2/repository/org/hamcrest/hamcrest/2.1/hamcrest-2.1.jar:/home/runner/.m2/repository/org/apache/ozone/ozone-manager/1.4.0-SNAPSHOT/ozone-manager-1.4.0-SNAPSHOT.jar:/home/runner/.m2/repository/org/aspectj/aspectjrt/1.9.7/aspectjrt-1.9.7.jar:/home/runner/.m2/repository/org/aspectj/aspectjweaver/1.9.7/aspectjweaver-1.9.7.jar:/home/runner/.m2/repository/org/apache/ozone/hdds-interface-client/1.4.0-SNAPSHOT/hdds-interface-client-1.4.0-SNAPSHOT.jar:/home/runner/.m2/repository/org/apache/hadoop/thirdparty/hadoop-shaded-protobuf_3_7/1.1.1/hadoop-shaded-protobuf_3_7-1.1.1.jar:/home/runner/.m2/repository/org/apache/ozone/ozone-interface-storage/1.4.0-SNAPSHOT/ozone-interface-storage-1.4.0-SNAPSHOT.jar:/home/runner/.m2/repository/org/reflections/reflections/0.9.11/reflections-0.9.11.jar:/home/runner/.m2/repository/com/sun/jersey/jersey-client/1.19/jersey-client-1.19.jar:/home/runner/.m2/repository/org/codehaus/jackson/jackson-core-asl/1.9.13/jackson-core-asl-1.9.13.jar:/home/runner/.m2/repository/org/codehaus/jackson/jackson-mapper-asl/1.9.13/jackson-mapper-asl-1.9.13.jar:/home/runner/.m2/repository/org/codehaus/jackson/jackson-jaxrs/1.9.13/jackson-jaxrs-1.9.13.jar:/home/runner/.m2/repository/org/apache/ranger/ranger-intg/2.3.0/ranger-intg-2.3.0.jar:/home/runner/.m2/repository/org/apache/ranger/ranger-plugins-common/2.3.0/ranger-plugins-common-2.3.0.jar:/home/runner/.m2/repository/commons-lang/commons-lang/2.6/commons-lang-2.6.jar:/home/runner/.m2/repository/org/apache/ranger/ranger-plugins-cred/2.3.0/ranger-plugins-cred-2.3.0.jar:/home/runner/.m2/repository/org/apache/ranger/ranger-plugins-audit/2.3.0/ranger-plugins-audit-2.3.0.jar:/home/runner/.m2/repository/org/eclipse/jetty/jetty-client/9.4.53.v20231009/jetty-client-9.4.53.v20231009.jar:/home/runner/.m2/repository/org/apache/httpcomponents/httpmime/4.5.6/httpmime-4.5.6.jar:/home/runner/.m2/repository/org/apache/httpcomponents/httpcore-nio/4.4.13/httpcore-nio-4.4.13.jar:/home/runner/.m2/repository/org/apache/httpcomponents/httpasyncclient/4.1.3/httpasyncclient-4.1.3.jar:/home/runner/.m2/repository/com/carrotsearch/hppc/0.8.0/hppc-0.8.0.jar:/home/runner/.m2/repository/org/apache/orc/orc-core/1.5.8/orc-core-1.5.8.jar:/home/runner/.m2/repository/net/java/dev/jna/jna/5.2.0/jna-5.2.0.jar:/home/runner/.m2/repository/net/java/dev/jna/jna-platform/5.2.0/jna-platform-5.2.0.jar:/home/runner/.m2/repository/com/kstruct/gethostname4j/0.0.2/gethostname4j-0.0.2.jar:/home/runner/.m2/repository/org/apache/ranger/ranger-plugin-classloader/2.3.0/ranger-plugin-classloader-2.3.0.jar:/home/runner/.m2/repository/org/apache/ozone/hdds-rocks-native/1.4.0-SNAPSHOT/hdds-rocks-native-1.4.0-SNAPSHOT.jar:/home/runner/.m2/repository/org/apache/hadoop/hadoop-minikdc/3.3.6/hadoop-minikdc-3.3.6.jar:/home/runner/.m2/repository/org/apache/kerby/kerb-simplekdc/1.0.1/kerb-simplekdc-1.0.1.jar:/home/runner/.m2/repository/org/apache/kerby/kerb-client/1.0.1/kerb-client-1.0.1.jar:/home/runner/.m2/repository/org/apache/kerby/kerby-config/1.0.1/kerby-config-1.0.1.jar:/home/runner/.m2/repository/org/apache/kerby/kerb-common/1.0.1/kerb-common-1.0.1.jar:/home/runner/.m2/repository/org/apache/kerby/kerb-crypto/1.0.1/kerb-crypto-1.0.1.jar:/home/runner/.m2/repository/org/apache/kerby/kerb-util/1.0.1/kerb-util-1.0.1.jar:/home/runner/.m2/repository/org/apache/kerby/token-provider/1.0.1/token-provider-1.0.1.jar:/home/runner/.m2/repository/org/apache/kerby/kerb-admin/1.0.1/kerb-admin-1.0.1.jar:/home/runner/.m2/repository/org/apache/kerby/kerb-server/1.0.1/kerb-server-1.0.1.jar:/home/runner/.m2/repository/org/apache/kerby/kerb-identity/1.0.1/kerb-identity-1.0.1.jar:/home/runner/.m2/repository/org/apache/kerby/kerby-xdr/1.0.1/kerby-xdr-1.0.1.jar:/home/runner/.m2/repository/org/apache/ozone/ozone-s3gateway/1.4.0-SNAPSHOT/ozone-s3gateway-1.4.0-SNAPSHOT.jar:/home/runner/.m2/repository/org/javassist/javassist/3.21.0-GA/javassist-3.21.0-GA.jar:/home/runner/.m2/repository/org/jboss/weld/servlet/weld-servlet-shaded/3.1.9.Final/weld-servlet-shaded-3.1.9.Final.jar:/home/runner/.m2/repository/org/glassfish/jersey/containers/jersey-container-servlet-core/2.34/jersey-container-servlet-core-2.34.jar:/home/runner/.m2/repository/org/glassfish/hk2/external/jakarta.inject/2.6.1/jakarta.inject-2.6.1.jar:/home/runner/.m2/repository/org/glassfish/jersey/core/jersey-common/2.34/jersey-common-2.34.jar:/home/runner/.m2/repository/jakarta/ws/rs/jakarta.ws.rs-api/2.1.6/jakarta.ws.rs-api-2.1.6.jar:/home/runner/.m2/repository/org/glassfish/jersey/ext/cdi/jersey-cdi1x/2.34/jersey-cdi1x-2.34.jar:/home/runner/.m2/repository/org/glassfish/jersey/inject/jersey-hk2/2.34/jersey-hk2-2.34.jar:/home/runner/.m2/repository/org/glassfish/hk2/hk2-locator/2.6.1/hk2-locator-2.6.1.jar:/home/runner/.m2/repository/org/glassfish/jersey/media/jersey-media-jaxb/2.34/jersey-media-jaxb-2.34.jar:/home/runner/.m2/repository/org/glassfish/hk2/osgi-resource-locator/1.0.3/osgi-resource-locator-1.0.3.jar:/home/runner/.m2/repository/org/glassfish/hk2/hk2-api/2.5.0/hk2-api-2.5.0.jar:/home/runner/.m2/repository/org/glassfish/hk2/hk2-utils/2.5.0/hk2-utils-2.5.0.jar:/home/runner/.m2/repository/org/glassfish/hk2/external/aopalliance-repackaged/2.5.0/aopalliance-repackaged-2.5.0.jar:/home/runner/.m2/repository/com/fasterxml/jackson/dataformat/jackson-dataformat-xml/2.13.4/jackson-dataformat-xml-2.13.4.jar:/home/runner/.m2/repository/org/codehaus/woodstox/stax2-api/4.2.1/stax2-api-4.2.1.jar:/home/runner/.m2/repository/com/fasterxml/woodstox/woodstox-core/5.4.0/woodstox-core-5.4.0.jar:/home/runner/.m2/repository/com/fasterxml/jackson/module/jackson-module-jaxb-annotations/2.13.4/jackson-module-jaxb-annotations-2.13.4.jar:/home/runner/.m2/repository/jakarta/xml/bind/jakarta.xml.bind-api/2.3.3/jakarta.xml.bind-api-2.3.3.jar:/home/runner/.m2/repository/jakarta/activation/jakarta.activation-api/1.2.2/jakarta.activation-api-1.2.2.jar:/home/runner/.m2/repository/javax/enterprise/cdi-api/2.0/cdi-api-2.0.jar:/home/runner/.m2/repository/javax/el/javax.el-api/3.0.0/javax.el-api-3.0.0.jar:/home/runner/.m2/repository/javax/interceptor/javax.interceptor-api/1.2/javax.interceptor-api-1.2.jar:/home/runner/.m2/repository/javax/inject/javax.inject/1/javax.inject-1.jar:/home/runner/.m2/repository/javax/xml/bind/jaxb-api/2.3.0/jaxb-api-2.3.0.jar:/home/runner/.m2/repository/org/glassfish/jaxb/jaxb-runtime/2.3.0.1/jaxb-runtime-2.3.0.1.jar:/home/runner/.m2/repository/org/glassfish/jaxb/jaxb-core/2.3.0.1/jaxb-core-2.3.0.1.jar:/home/runner/.m2/repository/org/glassfish/jaxb/txw2/2.3.0.1/txw2-2.3.0.1.jar:/home/runner/.m2/repository/com/sun/istack/istack-commons-runtime/3.0.5/istack-commons-runtime-3.0.5.jar:/home/runner/.m2/repository/org/jvnet/staxex/stax-ex/1.7.8/stax-ex-1.7.8.jar:/home/runner/.m2/repository/com/sun/xml/fastinfoset/FastInfoset/1.2.13/FastInfoset-1.2.13.jar:/home/runner/.m2/repository/javax/activation/activation/1.1.1/activation-1.1.1.jar:/home/runner/.m2/repository/io/grpc/grpc-protobuf/1.51.1/grpc-protobuf-1.51.1.jar:/home/runner/.m2/repository/com/google/api/grpc/proto-google-common-protos/2.9.0/proto-google-common-protos-2.9.0.jar:/home/runner/.m2/repository/io/grpc/grpc-protobuf-lite/1.51.1/grpc-protobuf-lite-1.51.1.jar:/home/runner/.m2/repository/io/grpc/grpc-stub/1.51.1/grpc-stub-1.51.1.jar:/home/runner/.m2/repository/io/netty/netty-transport/4.1.94.Final/netty-transport-4.1.94.Final.jar:/home/runner/.m2/repository/io/netty/netty-resolver/4.1.94.Final/netty-resolver-4.1.94.Final.jar:/home/runner/.m2/repository/org/apache/ozone/ozone-csi/1.4.0-SNAPSHOT/ozone-csi-1.4.0-SNAPSHOT.jar:/home/runner/.m2/repository/com/google/protobuf/protobuf-java-util/3.19.6/protobuf-java-util-3.19.6.jar:/home/runner/.m2/repository/com/google/code/gson/gson/2.9.0/gson-2.9.0.jar:/home/runner/.m2/repository/org/apache/ozone/hdds-config/1.4.0-SNAPSHOT/hdds-config-1.4.0-SNAPSHOT.jar:/home/runner/.m2/repository/io/netty/netty-transport-native-epoll/4.1.94.Final/netty-transport-native-epoll-4.1.94.Final-linux-x86_64.jar:/home/runner/.m2/repository/io/netty/netty-transport-classes-epoll/4.1.94.Final/netty-transport-classes-epoll-4.1.94.Final.jar:/home/runner/.m2/repository/io/netty/netty-transport-native-unix-common/4.1.94.Final/netty-transport-native-unix-common-4.1.94.Final.jar:/home/runner/.m2/repository/org/apache/ozone/ozone-recon/1.4.0-SNAPSHOT/ozone-recon-1.4.0-SNAPSHOT.jar:/home/runner/.m2/repository/org/apache/ozone/ozone-reconcodegen/1.4.0-SNAPSHOT/ozone-reconcodegen-1.4.0-SNAPSHOT.jar:/home/runner/.m2/repository/com/google/inject/guice/5.1.0/guice-5.1.0.jar:/home/runner/.m2/repository/aopalliance/aopalliance/1.0/aopalliance-1.0.jar:/home/runner/.m2/repository/com/google/inject/extensions/guice-assistedinject/5.1.0/guice-assistedinject-5.1.0.jar:/home/runner/.m2/repository/com/google/inject/extensions/guice-servlet/5.1.0/guice-servlet-5.1.0.jar:/home/runner/.m2/repository/org/glassfish/jersey/containers/jersey-container-servlet/2.34/jersey-container-servlet-2.34.jar:/home/runner/.m2/repository/org/glassfish/hk2/guice-bridge/2.5.0/guice-bridge-2.5.0.jar:/home/runner/.m2/repository/org/glassfish/jersey/core/jersey-server/2.34/jersey-server-2.34.jar:/home/runner/.m2/repository/org/glassfish/jersey/core/jersey-client/2.34/jersey-client-2.34.jar:/home/runner/.m2/repository/jakarta/annotation/jakarta.annotation-api/1.3.5/jakarta.annotation-api-1.3.5.jar:/home/runner/.m2/repository/jakarta/validation/jakarta.validation-api/2.0.2/jakarta.validation-api-2.0.2.jar:/home/runner/.m2/repository/org/glassfish/jersey/media/jersey-media-json-jackson/2.34/jersey-media-json-jackson-2.34.jar:/home/runner/.m2/repository/org/glassfish/jersey/ext/jersey-entity-filtering/2.34/jersey-entity-filtering-2.34.jar:/home/runner/.m2/repository/org/jooq/jooq/3.11.10/jooq-3.11.10.jar:/home/runner/.m2/repository/org/jooq/jooq-meta/3.11.10/jooq-meta-3.11.10.jar:/home/runner/.m2/repository/org/jooq/jooq-codegen/3.11.10/jooq-codegen-3.11.10.jar:/home/runner/.m2/repository/com/jolbox/bonecp/0.8.0.RELEASE/bonecp-0.8.0.RELEASE.jar:/home/runner/.m2/repository/org/apache/derby/derby/10.14.2.0/derby-10.14.2.0.jar:/home/runner/.m2/repository/org/xerial/sqlite-jdbc/3.41.2.2/sqlite-jdbc-3.41.2.2.jar:/home/runner/.m2/repository/org/springframework/spring-jdbc/5.3.27/spring-jdbc-5.3.27.jar:/home/runner/.m2/repository/org/springframework/spring-beans/5.3.27/spring-beans-5.3.27.jar:/home/runner/.m2/repository/org/springframework/spring-core/5.3.27/spring-core-5.3.27.jar:/home/runner/.m2/repository/org/springframework/spring-tx/5.3.27/spring-tx-5.3.27.jar:/home/runner/.m2/repository/org/apache/ozone/ozone-client/1.4.0-SNAPSHOT/ozone-client-1.4.0-SNAPSHOT.jar:/home/runner/.m2/repository/org/apache/ozone/hdds-erasurecode/1.4.0-SNAPSHOT/hdds-erasurecode-1.4.0-SNAPSHOT.jar:/home/runner/.m2/repository/org/apache/ozone/ozone-filesystem/1.4.0-SNAPSHOT/ozone-filesystem-1.4.0-SNAPSHOT.jar:/home/runner/.m2/repository/org/apache/ozone/ozone-filesystem-common/1.4.0-SNAPSHOT/ozone-filesystem-common-1.4.0-SNAPSHOT.jar:/home/runner/.m2/repository/org/apache/ozone/ozone-tools/1.4.0-SNAPSHOT/ozone-tools-1.4.0-SNAPSHOT.jar:/home/runner/.m2/repository/com/amazonaws/aws-java-sdk-core/1.12.261/aws-java-sdk-core-1.12.261.jar:/home/runner/.m2/repository/org/apache/httpcomponents/httpclient/4.5.13/httpclient-4.5.13.jar:/home/runner/.m2/repository/org/apache/httpcomponents/httpcore/4.4.13/httpcore-4.4.13.jar:/home/runner/.m2/repository/software/amazon/ion/ion-java/1.0.2/ion-java-1.0.2.jar:/home/runner/.m2/repository/com/fasterxml/jackson/dataformat/jackson-dataformat-cbor/2.13.4/jackson-dataformat-cbor-2.13.4.jar:/home/runner/.m2/repository/joda-time/joda-time/2.10.6/joda-time-2.10.6.jar:/home/runner/.m2/repository/com/amazonaws/aws-java-sdk-s3/1.12.261/aws-java-sdk-s3-1.12.261.jar:/home/runner/.m2/repository/com/amazonaws/aws-java-sdk-kms/1.12.261/aws-java-sdk-kms-1.12.261.jar:/home/runner/.m2/repository/com/amazonaws/jmespath-java/1.12.261/jmespath-java-1.12.261.jar:/home/runner/.m2/repository/org/kohsuke/metainf-services/metainf-services/1.8/metainf-services-1.8.jar:/home/runner/.m2/repository/org/apache/ozone/hdds-tools/1.4.0-SNAPSHOT/hdds-tools-1.4.0-SNAPSHOT.jar:/home/runner/.m2/repository/org/apache/ratis/ratis-tools/2.5.1/ratis-tools-2.5.1.jar:/home/runner/.m2/repository/commons-cli/commons-cli/1.2/commons-cli-1.2.jar:/home/runner/.m2/repository/org/apache/commons/commons-lang3/3.7/commons-lang3-3.7.jar:/home/runner/.m2/repository/org/apache/ozone/ozone-manager/1.4.0-SNAPSHOT/ozone-manager-1.4.0-SNAPSHOT-tests.jar:/home/runner/.m2/repository/org/apache/ozone/hdds-common/1.4.0-SNAPSHOT/hdds-common-1.4.0-SNAPSHOT-tests.jar:/home/runner/.m2/repository/org/apache/ozone/hdds-hadoop-dependency-client/1.4.0-SNAPSHOT/hdds-hadoop-dependency-client-1.4.0-SNAPSHOT.jar:/home/runner/.m2/repository/info/picocli/picocli/4.6.1/picocli-4.6.1.jar:/home/runner/.m2/repository/com/fasterxml/jackson/core/jackson-annotations/2.13.4/jackson-annotations-2.13.4.jar:/home/runner/.m2/repository/org/apache/ozone/hdds-annotation-processing/1.4.0-SNAPSHOT/hdds-annotation-processing-1.4.0-SNAPSHOT.jar:/home/runner/.m2/repository/javax/annotation/javax.annotation-api/1.2/javax.annotation-api-1.2.jar:/home/runner/.m2/repository/org/apache/ratis/ratis-netty/2.5.1/ratis-netty-2.5.1.jar:/home/runner/.m2/repository/org/apache/ratis/ratis-grpc/2.5.1/ratis-grpc-2.5.1.jar:/home/runner/.m2/repository/org/apache/commons/commons-pool2/2.6.0/commons-pool2-2.6.0.jar:/home/runner/.m2/repository/org/bouncycastle/bcpkix-jdk15on/1.67/bcpkix-jdk15on-1.67.jar:/home/runner/.m2/repository/commons-validator/commons-validator/1.6/commons-validator-1.6.jar:/home/runner/.m2/repository/commons-beanutils/commons-beanutils/1.9.4/commons-beanutils-1.9.4.jar:/home/runner/.m2/repository/commons-digester/commons-digester/1.8.1/commons-digester-1.8.1.jar:/home/runner/.m2/repository/commons-collections/commons-collections/3.2.2/commons-collections-3.2.2.jar:/home/runner/.m2/repository/io/jaegertracing/jaeger-client/1.6.0/jaeger-client-1.6.0.jar:/home/runner/.m2/repository/io/jaegertracing/jaeger-thrift/1.6.0/jaeger-thrift-1.6.0.jar:/home/runner/.m2/repository/org/apache/thrift/libthrift/0.14.1/libthrift-0.14.1.jar:/home/runner/.m2/repository/io/jaegertracing/jaeger-core/1.6.0/jaeger-core-1.6.0.jar:/home/runner/.m2/repository/io/jaegertracing/jaeger-tracerresolver/1.6.0/jaeger-tracerresolver-1.6.0.jar:/home/runner/.m2/repository/io/opentracing/contrib/opentracing-tracerresolver/0.1.8/opentracing-tracerresolver-0.1.8.jar:/home/runner/.m2/repository/org/jetbrains/kotlin/kotlin-stdlib/1.6.21/kotlin-stdlib-1.6.21.jar:/home/runner/.m2/repository/org/jetbrains/annotations/13.0/annotations-13.0.jar:/home/runner/.m2/repository/io/opentracing/opentracing-util/0.33.0/opentracing-util-0.33.0.jar:/home/runner/.m2/repository/io/opentracing/opentracing-api/0.33.0/opentracing-api-0.33.0.jar:/home/runner/.m2/repository/io/opentracing/opentracing-noop/0.33.0/opentracing-noop-0.33.0.jar:/home/runner/.m2/repository/org/yaml/snakeyaml/2.0/snakeyaml-2.0.jar:/home/runner/.m2/repository/io/grpc/grpc-api/1.51.1/grpc-api-1.51.1.jar:/home/runner/.m2/repository/io/grpc/grpc-context/1.51.1/grpc-context-1.51.1.jar:/home/runner/.m2/repository/com/fasterxml/uuid/java-uuid-generator/4.3.0/java-uuid-generator-4.3.0.jar:/home/runner/.m2/repository/junit/junit/4.13.1/junit-4.13.1.jar:/home/runner/.m2/repository/org/hamcrest/hamcrest-core/1.3/hamcrest-core-1.3.jar:/home/runner/.m2/repository/org/junit/jupiter/junit-jupiter-api/5.8.2/junit-jupiter-api-5.8.2.jar:/home/runner/.m2/repository/org/opentest4j/opentest4j/1.2.0/opentest4j-1.2.0.jar:/home/runner/.m2/repository/org/junit/platform/junit-platform-commons/1.8.2/junit-platform-commons-1.8.2.jar:/home/runner/.m2/repository/org/apiguardian/apiguardian-api/1.1.2/apiguardian-api-1.1.2.jar:/home/runner/.m2/repository/org/junit/jupiter/junit-jupiter-params/5.8.2/junit-jupiter-params-5.8.2.jar:/home/runner/.m2/repository/org/junit/jupiter/junit-jupiter-migrationsupport/5.8.2/junit-jupiter-migrationsupport-5.8.2.jar:/home/runner/.m2/repository/org/junit/jupiter/junit-jupiter-engine/5.8.2/junit-jupiter-engine-5.8.2.jar:/home/runner/.m2/repository/org/junit/platform/junit-platform-engine/1.8.2/junit-platform-engine-1.8.2.jar:/home/runner/.m2/repository/org/junit/vintage/junit-vintage-engine/5.8.2/junit-vintage-engine-5.8.2.jar:/home/runner/.m2/repository/org/junit/platform/junit-platform-launcher/1.8.2/junit-platform-launcher-1.8.2.jar:/home/runner/.m2/repository/org/mockito/mockito-core/3.5.9/mockito-core-3.5.9.jar:/home/runner/.m2/repository/net/bytebuddy/byte-buddy/1.10.13/byte-buddy-1.10.13.jar:/home/runner/.m2/repository/net/bytebuddy/byte-buddy-agent/1.10.13/byte-buddy-agent-1.10.13.jar:/home/runner/.m2/repository/org/objenesis/objenesis/1.0/objenesis-1.0.jar:/home/runner/.m2/repository/org/apache/hadoop/hadoop-kms/3.3.6/hadoop-kms-3.3.6.jar:/home/runner/.m2/repository/org/apache/hadoop/hadoop-auth/3.3.6/hadoop-auth-3.3.6.jar:/home/runner/.m2/repository/com/nimbusds/nimbus-jose-jwt/9.8.1/nimbus-jose-jwt-9.8.1.jar:/home/runner/.m2/repository/com/github/stephenc/jcip/jcip-annotations/1.0-1/jcip-annotations-1.0-1.jar:/home/runner/.m2/repository/org/apache/zookeeper/zookeeper/3.5.6/zookeeper-3.5.6.jar:/home/runner/.m2/repository/org/apache/zookeeper/zookeeper-jute/3.5.6/zookeeper-jute-3.5.6.jar:/home/runner/.m2/repository/org/apache/yetus/audience-annotations/0.5.0/audience-annotations-0.5.0.jar:/home/runner/.m2/repository/org/apache/curator/curator-framework/4.2.0/curator-framework-4.2.0.jar:/home/runner/.m2/repository/org/apache/hadoop/thirdparty/hadoop-shaded-guava/1.1.1/hadoop-shaded-guava-1.1.1.jar:/home/runner/.m2/repository/com/sun/jersey/jersey-core/1.19/jersey-core-1.19.jar:/home/runner/.m2/repository/javax/ws/rs/jsr311-api/1.1.1/jsr311-api-1.1.1.jar:/home/runner/.m2/repository/com/sun/jersey/jersey-server/1.19/jersey-server-1.19.jar:/home/runner/.m2/repository/javax/servlet/javax.servlet-api/3.1.0/javax.servlet-api-3.1.0.jar:/home/runner/.m2/repository/org/apache/hadoop/hadoop-common/3.3.6/hadoop-common-3.3.6.jar:/home/runner/.m2/repository/org/apache/commons/commons-math3/3.1.1/commons-math3-3.1.1.jar:/home/runner/.m2/repository/commons-net/commons-net/3.9.0/commons-net-3.9.0.jar:/home/runner/.m2/repository/com/sun/jersey/jersey-servlet/1.19/jersey-servlet-1.19.jar:/home/runner/.m2/repository/com/github/pjfanning/jersey-json/1.20/jersey-json-1.20.jar:/home/runner/.m2/repository/org/codehaus/jettison/jettison/1.1/jettison-1.1.jar:/home/runner/.m2/repository/com/sun/xml/bind/jaxb-impl/2.2.3-1/jaxb-impl-2.2.3-1.jar:/home/runner/.m2/repository/com/google/re2j/re2j/1.1/re2j-1.1.jar:/home/runner/.m2/repository/com/jcraft/jsch/0.1.54/jsch-0.1.54.jar:/home/runner/.m2/repository/org/apache/curator/curator-client/4.2.0/curator-client-4.2.0.jar:/home/runner/.m2/repository/org/apache/curator/curator-recipes/5.2.0/curator-recipes-5.2.0.jar:/home/runner/.m2/repository/org/apache/kerby/kerb-core/1.0.1/kerb-core-1.0.1.jar:/home/runner/.m2/repository/org/apache/kerby/kerby-pkix/1.0.1/kerby-pkix-1.0.1.jar:/home/runner/.m2/repository/org/apache/kerby/kerby-asn1/1.0.1/kerby-asn1-1.0.1.jar:/home/runner/.m2/repository/org/apache/kerby/kerby-util/1.0.1/kerby-util-1.0.1.jar:/home/runner/.m2/repository/dnsjava/dnsjava/2.1.7/dnsjava-2.1.7.jar:/home/runner/.m2/repository/org/xerial/snappy/snappy-java/1.1.8.2/snappy-java-1.1.8.2.jar:/home/runner/.m2/repository/com/fasterxml/jackson/core/jackson-databind/2.13.4.2/jackson-databind-2.13.4.2.jar:/home/runner/.m2/repository/org/apache/hadoop/hadoop-kms/3.3.6/hadoop-kms-3.3.6-tests.jar:/home/runner/.m2/repository/org/apache/ozone/hdds-server-scm/1.4.0-SNAPSHOT/hdds-server-scm-1.4.0-SNAPSHOT-tests.jar:/home/runner/.m2/repository/org/apache/ozone/hdds-container-service/1.4.0-SNAPSHOT/hdds-container-service-1.4.0-SNAPSHOT-tests.jar:/home/runner/.m2/repository/com/github/luben/zstd-jni/1.5.2-5/zstd-jni-1.5.2-5.jar:/home/runner/.m2/repository/commons-codec/commons-codec/1.15/commons-codec-1.15.jar:/home/runner/.m2/repository/io/netty/netty-codec/4.1.94.Final/netty-codec-4.1.94.Final.jar:/home/runner/.m2/repository/io/netty/netty-handler/4.1.94.Final/netty-handler-4.1.94.Final.jar:/home/runner/.m2/repository/org/apache/ozone/hdds-hadoop-dependency-test/1.4.0-SNAPSHOT/hdds-hadoop-dependency-test-1.4.0-SNAPSHOT.jar:/home/runner/.m2/repository/org/apache/hadoop/hadoop-common/3.3.6/hadoop-common-3.3.6-tests.jar:/home/runner/.m2/repository/org/apache/hadoop/hadoop-hdfs/3.3.6/hadoop-hdfs-3.3.6-tests.jar:/home/runner/.m2/repository/org/assertj/assertj-core/3.12.2/assertj-core-3.12.2.jar:/home/runner/.m2/repository/org/apache/hadoop/hadoop-distcp/3.3.6/hadoop-distcp-3.3.6.jar:/home/runner/.m2/repository/org/apache/hadoop/hadoop-mapreduce-client-jobclient/3.3.6/hadoop-mapreduce-client-jobclient-3.3.6.jar:/home/runner/.m2/repository/org/apache/hadoop/hadoop-mapreduce-client-common/3.3.6/hadoop-mapreduce-client-common-3.3.6.jar:/home/runner/.m2/repository/org/apache/hadoop/hadoop-yarn-common/3.3.6/hadoop-yarn-common-3.3.6.jar:/home/runner/.m2/repository/org/apache/hadoop/hadoop-yarn-api/3.3.6/hadoop-yarn-api-3.3.6.jar:/home/runner/.m2/repository/com/sun/jersey/contribs/jersey-guice/1.19/jersey-guice-1.19.jar:/home/runner/.m2/repository/com/fasterxml/jackson/jaxrs/jackson-jaxrs-json-provider/2.13.4/jackson-jaxrs-json-provider-2.13.4.jar:/home/runner/.m2/repository/com/fasterxml/jackson/jaxrs/jackson-jaxrs-base/2.13.4/jackson-jaxrs-base-2.13.4.jar:/home/runner/.m2/repository/org/apache/hadoop/hadoop-yarn-client/3.3.6/hadoop-yarn-client-3.3.6.jar:/home/runner/.m2/repository/org/eclipse/jetty/websocket/websocket-client/9.4.51.v20230217/websocket-client-9.4.51.v20230217.jar:/home/runner/.m2/repository/org/eclipse/jetty/websocket/websocket-common/9.4.51.v20230217/websocket-common-9.4.51.v20230217.jar:/home/runner/.m2/repository/org/eclipse/jetty/websocket/websocket-api/9.4.51.v20230217/websocket-api-9.4.51.v20230217.jar:/home/runner/.m2/repository/org/jline/jline/3.9.0/jline-3.9.0.jar:/home/runner/.m2/repository/org/apache/hadoop/hadoop-mapreduce-client-core/3.3.6/hadoop-mapreduce-client-core-3.3.6.jar:/home/runner/.m2/repository/org/apache/avro/avro/1.7.7/avro-1.7.7.jar:/home/runner/.m2/repository/com/thoughtworks/paranamer/paranamer/2.3/paranamer-2.3.jar:/home/runner/.m2/repository/org/apache/hadoop/hadoop-annotations/3.3.6/hadoop-annotations-3.3.6.jar:/usr/lib/jvm/temurin-8-jdk-amd64/jre/../lib/tools.jar:/home/runner/.m2/repository/io/netty/netty/3.10.6.Final/netty-3.10.6.Final.jar:/home/runner/.m2/repository/org/apache/hadoop/hadoop-distcp/3.3.6/hadoop-distcp-3.3.6-tests.jar:/home/runner/.m2/repository/org/slf4j/jul-to-slf4j/1.7.36/jul-to-slf4j-1.7.36.jar:"/>
    <property name="java.vm.vendor" value="Temurin"/>
    <property name="sun.arch.data.model" value="64"/>
    <property name="jceks.key.serialFilter" value="java.lang.Enum;java.security.KeyRep;java.security.KeyRep$Type;javax.crypto.spec.SecretKeySpec;org.apache.hadoop.crypto.key.JavaKeyStoreProvider$KeyMetadata;!*"/>
    <property name="test.build.dir" value="/home/runner/work/ozone/ozone/hadoop-ozone/integration-test/target/test-dir"/>
    <property name="test.cache.data" value=""/>
    <property name="java.vendor.url" value="https://adoptium.net/"/>
    <property name="user.timezone" value="Etc/UTC"/>
    <property name="os.name" value="Linux"/>
    <property name="java.vm.specification.version" value="1.8"/>
    <property name="test.build.data" value="/home/runner/work/ozone/ozone/hadoop-ozone/integration-test/target/test-dir"/>
    <property name="sun.java.launcher" value="SUN_STANDARD"/>
    <property name="sun.boot.library.path" value="/usr/lib/jvm/temurin-8-jdk-amd64/jre/lib/amd64"/>
    <property name="sun.java.command" value="/home/runner/work/ozone/ozone/hadoop-ozone/integration-test/target/surefire/surefirebooter56580176755770738.jar /home/runner/work/ozone/ozone/hadoop-ozone/integration-test/target/surefire 2023-10-17T18-26-06_556-jvmRun1 surefire4237715357419190945tmp surefire_226164406174248097401tmp"/>
    <property name="native.lib.tmp.dir" value="/tmp"/>
    <property name="surefire.test.class.path" value="/home/runner/work/ozone/ozone/hadoop-ozone/integration-test/target/test-classes:/home/runner/work/ozone/ozone/hadoop-ozone/integration-test/target/classes:/home/runner/.m2/repository/org/apache/ozone/ozone-common/1.4.0-SNAPSHOT/ozone-common-1.4.0-SNAPSHOT.jar:/home/runner/.m2/repository/io/grpc/grpc-netty/1.51.1/grpc-netty-1.51.1.jar:/home/runner/.m2/repository/io/grpc/grpc-core/1.51.1/grpc-core-1.51.1.jar:/home/runner/.m2/repository/com/google/android/annotations/4.1.1.4/annotations-4.1.1.4.jar:/home/runner/.m2/repository/org/codehaus/mojo/animal-sniffer-annotations/1.21/animal-sniffer-annotations-1.21.jar:/home/runner/.m2/repository/com/google/errorprone/error_prone_annotations/2.2.0/error_prone_annotations-2.2.0.jar:/home/runner/.m2/repository/io/perfmark/perfmark-api/0.25.0/perfmark-api-0.25.0.jar:/home/runner/.m2/repository/io/netty/netty-codec-http2/4.1.94.Final/netty-codec-http2-4.1.94.Final.jar:/home/runner/.m2/repository/io/netty/netty-common/4.1.94.Final/netty-common-4.1.94.Final.jar:/home/runner/.m2/repository/io/netty/netty-buffer/4.1.94.Final/netty-buffer-4.1.94.Final.jar:/home/runner/.m2/repository/io/netty/netty-codec-http/4.1.94.Final/netty-codec-http-4.1.94.Final.jar:/home/runner/.m2/repository/io/netty/netty-handler-proxy/4.1.94.Final/netty-handler-proxy-4.1.94.Final.jar:/home/runner/.m2/repository/io/netty/netty-codec-socks/4.1.94.Final/netty-codec-socks-4.1.94.Final.jar:/home/runner/.m2/repository/io/netty/netty-tcnative-boringssl-static/2.0.61.Final/netty-tcnative-boringssl-static-2.0.61.Final.jar:/home/runner/.m2/repository/io/netty/netty-tcnative-classes/2.0.61.Final/netty-tcnative-classes-2.0.61.Final.jar:/home/runner/.m2/repository/io/netty/netty-tcnative-boringssl-static/2.0.61.Final/netty-tcnative-boringssl-static-2.0.61.Final-linux-x86_64.jar:/home/runner/.m2/repository/io/netty/netty-tcnative-boringssl-static/2.0.61.Final/netty-tcnative-boringssl-static-2.0.61.Final-linux-aarch_64.jar:/home/runner/.m2/repository/io/netty/netty-tcnative-boringssl-static/2.0.61.Final/netty-tcnative-boringssl-static-2.0.61.Final-osx-x86_64.jar:/home/runner/.m2/repository/io/netty/netty-tcnative-boringssl-static/2.0.61.Final/netty-tcnative-boringssl-static-2.0.61.Final-osx-aarch_64.jar:/home/runner/.m2/repository/io/netty/netty-tcnative-boringssl-static/2.0.61.Final/netty-tcnative-boringssl-static-2.0.61.Final-windows-x86_64.jar:/home/runner/.m2/repository/org/apache/commons/commons-compress/1.21/commons-compress-1.21.jar:/home/runner/.m2/repository/org/apache/ozone/hdds-common/1.4.0-SNAPSHOT/hdds-common-1.4.0-SNAPSHOT.jar:/home/runner/.m2/repository/org/apache/ozone/hdds-client/1.4.0-SNAPSHOT/hdds-client-1.4.0-SNAPSHOT.jar:/home/runner/.m2/repository/org/apache/ozone/ozone-interface-client/1.4.0-SNAPSHOT/ozone-interface-client-1.4.0-SNAPSHOT.jar:/home/runner/.m2/repository/org/apache/hadoop/hadoop-hdfs-client/3.3.6/hadoop-hdfs-client-3.3.6.jar:/home/runner/.m2/repository/com/squareup/okhttp3/okhttp/4.9.3/okhttp-4.9.3.jar:/home/runner/.m2/repository/com/squareup/okio/okio/3.4.0/okio-3.4.0.jar:/home/runner/.m2/repository/com/squareup/okio/okio-jvm/3.4.0/okio-jvm-3.4.0.jar:/home/runner/.m2/repository/org/jetbrains/kotlin/kotlin-stdlib-jdk8/1.8.0/kotlin-stdlib-jdk8-1.8.0.jar:/home/runner/.m2/repository/org/jetbrains/kotlin/kotlin-stdlib-jdk7/1.8.0/kotlin-stdlib-jdk7-1.8.0.jar:/home/runner/.m2/repository/org/jetbrains/kotlin/kotlin-stdlib-common/1.6.21/kotlin-stdlib-common-1.6.21.jar:/home/runner/.m2/repository/org/apache/ozone/hdds-test-utils/1.4.0-SNAPSHOT/hdds-test-utils-1.4.0-SNAPSHOT.jar:/home/runner/.m2/repository/com/google/guava/guava/32.0.0-jre/guava-32.0.0-jre.jar:/home/runner/.m2/repository/com/google/guava/failureaccess/1.0.1/failureaccess-1.0.1.jar:/home/runner/.m2/repository/com/google/guava/listenablefuture/9999.0-empty-to-avoid-conflict-with-guava/listenablefuture-9999.0-empty-to-avoid-conflict-with-guava.jar:/home/runner/.m2/repository/com/google/code/findbugs/jsr305/3.0.0/jsr305-3.0.0.jar:/home/runner/.m2/repository/org/checkerframework/checker-qual/3.33.0/checker-qual-3.33.0.jar:/home/runner/.m2/repository/com/google/j2objc/j2objc-annotations/2.8/j2objc-annotations-2.8.jar:/home/runner/.m2/repository/commons-io/commons-io/2.11.0/commons-io-2.11.0.jar:/home/runner/.m2/repository/commons-logging/commons-logging/1.2/commons-logging-1.2.jar:/home/runner/.m2/repository/ch/qos/reload4j/reload4j/1.2.22/reload4j-1.2.22.jar:/home/runner/.m2/repository/org/slf4j/slf4j-api/1.7.36/slf4j-api-1.7.36.jar:/home/runner/.m2/repository/org/apache/logging/log4j/log4j-api/2.17.1/log4j-api-2.17.1.jar:/home/runner/.m2/repository/org/apache/ozone/hdds-server-scm/1.4.0-SNAPSHOT/hdds-server-scm-1.4.0-SNAPSHOT.jar:/home/runner/.m2/repository/org/apache/ozone/hdds-container-service/1.4.0-SNAPSHOT/hdds-container-service-1.4.0-SNAPSHOT.jar:/home/runner/.m2/repository/org/apache/ozone/hdds-hadoop-dependency-server/1.4.0-SNAPSHOT/hdds-hadoop-dependency-server-1.4.0-SNAPSHOT.jar:/home/runner/.m2/repository/org/apache/hadoop/hadoop-hdfs/3.3.6/hadoop-hdfs-3.3.6.jar:/home/runner/.m2/repository/commons-daemon/commons-daemon/1.0.13/commons-daemon-1.0.13.jar:/home/runner/.m2/repository/org/apache/ozone/hdds-server-framework/1.4.0-SNAPSHOT/hdds-server-framework-1.4.0-SNAPSHOT.jar:/home/runner/.m2/repository/io/dropwizard/metrics/metrics-core/3.2.4/metrics-core-3.2.4.jar:/home/runner/.m2/repository/org/apache/commons/commons-text/1.10.0/commons-text-1.10.0.jar:/home/runner/.m2/repository/org/bouncycastle/bcprov-jdk15on/1.67/bcprov-jdk15on-1.67.jar:/home/runner/.m2/repository/com/google/protobuf/protobuf-java/2.5.0/protobuf-java-2.5.0.jar:/home/runner/.m2/repository/org/apache/ozone/hdds-server-framework/1.4.0-SNAPSHOT/hdds-server-framework-1.4.0-SNAPSHOT-tests.jar:/home/runner/.m2/repository/org/apache/ozone/hdds-interface-server/1.4.0-SNAPSHOT/hdds-interface-server-1.4.0-SNAPSHOT.jar:/home/runner/.m2/repository/org/apache/ozone/hdds-interface-admin/1.4.0-SNAPSHOT/hdds-interface-admin-1.4.0-SNAPSHOT.jar:/home/runner/.m2/repository/org/apache/ozone/hdds-managed-rocksdb/1.4.0-SNAPSHOT/hdds-managed-rocksdb-1.4.0-SNAPSHOT.jar:/home/runner/.m2/repository/org/rocksdb/rocksdbjni/7.7.3/rocksdbjni-7.7.3.jar:/home/runner/.m2/repository/org/slf4j/slf4j-reload4j/1.7.36/slf4j-reload4j-1.7.36.jar:/home/runner/.m2/repository/org/apache/commons/commons-configuration2/2.1.1/commons-configuration2-2.1.1.jar:/home/runner/.m2/repository/commons-fileupload/commons-fileupload/1.5/commons-fileupload-1.5.jar:/home/runner/.m2/repository/org/apache/logging/log4j/log4j-core/2.17.1/log4j-core-2.17.1.jar:/home/runner/.m2/repository/com/lmax/disruptor/3.4.2/disruptor-3.4.2.jar:/home/runner/.m2/repository/org/eclipse/jetty/jetty-util/9.4.53.v20231009/jetty-util-9.4.53.v20231009.jar:/home/runner/.m2/repository/org/eclipse/jetty/jetty-server/9.4.53.v20231009/jetty-server-9.4.53.v20231009.jar:/home/runner/.m2/repository/org/eclipse/jetty/jetty-http/9.4.53.v20231009/jetty-http-9.4.53.v20231009.jar:/home/runner/.m2/repository/org/eclipse/jetty/jetty-io/9.4.53.v20231009/jetty-io-9.4.53.v20231009.jar:/home/runner/.m2/repository/org/eclipse/jetty/jetty-servlet/9.4.53.v20231009/jetty-servlet-9.4.53.v20231009.jar:/home/runner/.m2/repository/org/eclipse/jetty/jetty-security/9.4.53.v20231009/jetty-security-9.4.53.v20231009.jar:/home/runner/.m2/repository/org/eclipse/jetty/jetty-util-ajax/9.4.53.v20231009/jetty-util-ajax-9.4.53.v20231009.jar:/home/runner/.m2/repository/org/eclipse/jetty/jetty-webapp/9.4.53.v20231009/jetty-webapp-9.4.53.v20231009.jar:/home/runner/.m2/repository/org/eclipse/jetty/jetty-xml/9.4.53.v20231009/jetty-xml-9.4.53.v20231009.jar:/home/runner/.m2/repository/org/apache/ratis/ratis-server/2.5.1/ratis-server-2.5.1.jar:/home/runner/.m2/repository/org/apache/ratis/ratis-thirdparty-misc/1.0.4/ratis-thirdparty-misc-1.0.4.jar:/home/runner/.m2/repository/org/apache/ratis/ratis-proto/2.5.1/ratis-proto-2.5.1.jar:/home/runner/.m2/repository/org/apache/ratis/ratis-common/2.5.1/ratis-common-2.5.1.jar:/home/runner/.m2/repository/org/apache/ratis/ratis-client/2.5.1/ratis-client-2.5.1.jar:/home/runner/.m2/repository/org/apache/ratis/ratis-server-api/2.5.1/ratis-server-api-2.5.1.jar:/home/runner/.m2/repository/org/apache/ratis/ratis-metrics/2.5.1/ratis-metrics-2.5.1.jar:/home/runner/.m2/repository/io/prometheus/simpleclient_dropwizard/0.7.0/simpleclient_dropwizard-0.7.0.jar:/home/runner/.m2/repository/io/prometheus/simpleclient/0.7.0/simpleclient-0.7.0.jar:/home/runner/.m2/repository/io/prometheus/simpleclient_common/0.7.0/simpleclient_common-0.7.0.jar:/home/runner/.m2/repository/com/fasterxml/jackson/datatype/jackson-datatype-jsr310/2.13.4/jackson-datatype-jsr310-2.13.4.jar:/home/runner/.m2/repository/com/fasterxml/jackson/core/jackson-core/2.13.4/jackson-core-2.13.4.jar:/home/runner/.m2/repository/com/github/spotbugs/spotbugs-annotations/3.1.12/spotbugs-annotations-3.1.12.jar:/home/runner/.m2/repository/org/apache/ozone/rocksdb-checkpoint-differ/1.4.0-SNAPSHOT/rocksdb-checkpoint-differ-1.4.0-SNAPSHOT.jar:/home/runner/.m2/repository/org/jgrapht/jgrapht-core/1.0.1/jgrapht-core-1.0.1.jar:/home/runner/.m2/repository/org/jgrapht/jgrapht-ext/1.0.1/jgrapht-ext-1.0.1.jar:/home/runner/.m2/repository/org/tinyjee/jgraphx/jgraphx/2.0.0.1/jgraphx-2.0.0.1.jar:/home/runner/.m2/repository/jgraph/jgraph/5.13.0.0/jgraph-5.13.0.0.jar:/home/runner/.m2/repository/org/antlr/antlr4-runtime/4.5.3/antlr4-runtime-4.5.3.jar:/home/runner/.m2/repository/org/awaitility/awaitility/4.2.0/awaitility-4.2.0.jar:/home/runner/.m2/repository/org/hamcrest/hamcrest/2.1/hamcrest-2.1.jar:/home/runner/.m2/repository/org/apache/ozone/ozone-manager/1.4.0-SNAPSHOT/ozone-manager-1.4.0-SNAPSHOT.jar:/home/runner/.m2/repository/org/aspectj/aspectjrt/1.9.7/aspectjrt-1.9.7.jar:/home/runner/.m2/repository/org/aspectj/aspectjweaver/1.9.7/aspectjweaver-1.9.7.jar:/home/runner/.m2/repository/org/apache/ozone/hdds-interface-client/1.4.0-SNAPSHOT/hdds-interface-client-1.4.0-SNAPSHOT.jar:/home/runner/.m2/repository/org/apache/hadoop/thirdparty/hadoop-shaded-protobuf_3_7/1.1.1/hadoop-shaded-protobuf_3_7-1.1.1.jar:/home/runner/.m2/repository/org/apache/ozone/ozone-interface-storage/1.4.0-SNAPSHOT/ozone-interface-storage-1.4.0-SNAPSHOT.jar:/home/runner/.m2/repository/org/reflections/reflections/0.9.11/reflections-0.9.11.jar:/home/runner/.m2/repository/com/sun/jersey/jersey-client/1.19/jersey-client-1.19.jar:/home/runner/.m2/repository/org/codehaus/jackson/jackson-core-asl/1.9.13/jackson-core-asl-1.9.13.jar:/home/runner/.m2/repository/org/codehaus/jackson/jackson-mapper-asl/1.9.13/jackson-mapper-asl-1.9.13.jar:/home/runner/.m2/repository/org/codehaus/jackson/jackson-jaxrs/1.9.13/jackson-jaxrs-1.9.13.jar:/home/runner/.m2/repository/org/apache/ranger/ranger-intg/2.3.0/ranger-intg-2.3.0.jar:/home/runner/.m2/repository/org/apache/ranger/ranger-plugins-common/2.3.0/ranger-plugins-common-2.3.0.jar:/home/runner/.m2/repository/commons-lang/commons-lang/2.6/commons-lang-2.6.jar:/home/runner/.m2/repository/org/apache/ranger/ranger-plugins-cred/2.3.0/ranger-plugins-cred-2.3.0.jar:/home/runner/.m2/repository/org/apache/ranger/ranger-plugins-audit/2.3.0/ranger-plugins-audit-2.3.0.jar:/home/runner/.m2/repository/org/eclipse/jetty/jetty-client/9.4.53.v20231009/jetty-client-9.4.53.v20231009.jar:/home/runner/.m2/repository/org/apache/httpcomponents/httpmime/4.5.6/httpmime-4.5.6.jar:/home/runner/.m2/repository/org/apache/httpcomponents/httpcore-nio/4.4.13/httpcore-nio-4.4.13.jar:/home/runner/.m2/repository/org/apache/httpcomponents/httpasyncclient/4.1.3/httpasyncclient-4.1.3.jar:/home/runner/.m2/repository/com/carrotsearch/hppc/0.8.0/hppc-0.8.0.jar:/home/runner/.m2/repository/org/apache/orc/orc-core/1.5.8/orc-core-1.5.8.jar:/home/runner/.m2/repository/net/java/dev/jna/jna/5.2.0/jna-5.2.0.jar:/home/runner/.m2/repository/net/java/dev/jna/jna-platform/5.2.0/jna-platform-5.2.0.jar:/home/runner/.m2/repository/com/kstruct/gethostname4j/0.0.2/gethostname4j-0.0.2.jar:/home/runner/.m2/repository/org/apache/ranger/ranger-plugin-classloader/2.3.0/ranger-plugin-classloader-2.3.0.jar:/home/runner/.m2/repository/org/apache/ozone/hdds-rocks-native/1.4.0-SNAPSHOT/hdds-rocks-native-1.4.0-SNAPSHOT.jar:/home/runner/.m2/repository/org/apache/hadoop/hadoop-minikdc/3.3.6/hadoop-minikdc-3.3.6.jar:/home/runner/.m2/repository/org/apache/kerby/kerb-simplekdc/1.0.1/kerb-simplekdc-1.0.1.jar:/home/runner/.m2/repository/org/apache/kerby/kerb-client/1.0.1/kerb-client-1.0.1.jar:/home/runner/.m2/repository/org/apache/kerby/kerby-config/1.0.1/kerby-config-1.0.1.jar:/home/runner/.m2/repository/org/apache/kerby/kerb-common/1.0.1/kerb-common-1.0.1.jar:/home/runner/.m2/repository/org/apache/kerby/kerb-crypto/1.0.1/kerb-crypto-1.0.1.jar:/home/runner/.m2/repository/org/apache/kerby/kerb-util/1.0.1/kerb-util-1.0.1.jar:/home/runner/.m2/repository/org/apache/kerby/token-provider/1.0.1/token-provider-1.0.1.jar:/home/runner/.m2/repository/org/apache/kerby/kerb-admin/1.0.1/kerb-admin-1.0.1.jar:/home/runner/.m2/repository/org/apache/kerby/kerb-server/1.0.1/kerb-server-1.0.1.jar:/home/runner/.m2/repository/org/apache/kerby/kerb-identity/1.0.1/kerb-identity-1.0.1.jar:/home/runner/.m2/repository/org/apache/kerby/kerby-xdr/1.0.1/kerby-xdr-1.0.1.jar:/home/runner/.m2/repository/org/apache/ozone/ozone-s3gateway/1.4.0-SNAPSHOT/ozone-s3gateway-1.4.0-SNAPSHOT.jar:/home/runner/.m2/repository/org/javassist/javassist/3.21.0-GA/javassist-3.21.0-GA.jar:/home/runner/.m2/repository/org/jboss/weld/servlet/weld-servlet-shaded/3.1.9.Final/weld-servlet-shaded-3.1.9.Final.jar:/home/runner/.m2/repository/org/glassfish/jersey/containers/jersey-container-servlet-core/2.34/jersey-container-servlet-core-2.34.jar:/home/runner/.m2/repository/org/glassfish/hk2/external/jakarta.inject/2.6.1/jakarta.inject-2.6.1.jar:/home/runner/.m2/repository/org/glassfish/jersey/core/jersey-common/2.34/jersey-common-2.34.jar:/home/runner/.m2/repository/jakarta/ws/rs/jakarta.ws.rs-api/2.1.6/jakarta.ws.rs-api-2.1.6.jar:/home/runner/.m2/repository/org/glassfish/jersey/ext/cdi/jersey-cdi1x/2.34/jersey-cdi1x-2.34.jar:/home/runner/.m2/repository/org/glassfish/jersey/inject/jersey-hk2/2.34/jersey-hk2-2.34.jar:/home/runner/.m2/repository/org/glassfish/hk2/hk2-locator/2.6.1/hk2-locator-2.6.1.jar:/home/runner/.m2/repository/org/glassfish/jersey/media/jersey-media-jaxb/2.34/jersey-media-jaxb-2.34.jar:/home/runner/.m2/repository/org/glassfish/hk2/osgi-resource-locator/1.0.3/osgi-resource-locator-1.0.3.jar:/home/runner/.m2/repository/org/glassfish/hk2/hk2-api/2.5.0/hk2-api-2.5.0.jar:/home/runner/.m2/repository/org/glassfish/hk2/hk2-utils/2.5.0/hk2-utils-2.5.0.jar:/home/runner/.m2/repository/org/glassfish/hk2/external/aopalliance-repackaged/2.5.0/aopalliance-repackaged-2.5.0.jar:/home/runner/.m2/repository/com/fasterxml/jackson/dataformat/jackson-dataformat-xml/2.13.4/jackson-dataformat-xml-2.13.4.jar:/home/runner/.m2/repository/org/codehaus/woodstox/stax2-api/4.2.1/stax2-api-4.2.1.jar:/home/runner/.m2/repository/com/fasterxml/woodstox/woodstox-core/5.4.0/woodstox-core-5.4.0.jar:/home/runner/.m2/repository/com/fasterxml/jackson/module/jackson-module-jaxb-annotations/2.13.4/jackson-module-jaxb-annotations-2.13.4.jar:/home/runner/.m2/repository/jakarta/xml/bind/jakarta.xml.bind-api/2.3.3/jakarta.xml.bind-api-2.3.3.jar:/home/runner/.m2/repository/jakarta/activation/jakarta.activation-api/1.2.2/jakarta.activation-api-1.2.2.jar:/home/runner/.m2/repository/javax/enterprise/cdi-api/2.0/cdi-api-2.0.jar:/home/runner/.m2/repository/javax/el/javax.el-api/3.0.0/javax.el-api-3.0.0.jar:/home/runner/.m2/repository/javax/interceptor/javax.interceptor-api/1.2/javax.interceptor-api-1.2.jar:/home/runner/.m2/repository/javax/inject/javax.inject/1/javax.inject-1.jar:/home/runner/.m2/repository/javax/xml/bind/jaxb-api/2.3.0/jaxb-api-2.3.0.jar:/home/runner/.m2/repository/org/glassfish/jaxb/jaxb-runtime/2.3.0.1/jaxb-runtime-2.3.0.1.jar:/home/runner/.m2/repository/org/glassfish/jaxb/jaxb-core/2.3.0.1/jaxb-core-2.3.0.1.jar:/home/runner/.m2/repository/org/glassfish/jaxb/txw2/2.3.0.1/txw2-2.3.0.1.jar:/home/runner/.m2/repository/com/sun/istack/istack-commons-runtime/3.0.5/istack-commons-runtime-3.0.5.jar:/home/runner/.m2/repository/org/jvnet/staxex/stax-ex/1.7.8/stax-ex-1.7.8.jar:/home/runner/.m2/repository/com/sun/xml/fastinfoset/FastInfoset/1.2.13/FastInfoset-1.2.13.jar:/home/runner/.m2/repository/javax/activation/activation/1.1.1/activation-1.1.1.jar:/home/runner/.m2/repository/io/grpc/grpc-protobuf/1.51.1/grpc-protobuf-1.51.1.jar:/home/runner/.m2/repository/com/google/api/grpc/proto-google-common-protos/2.9.0/proto-google-common-protos-2.9.0.jar:/home/runner/.m2/repository/io/grpc/grpc-protobuf-lite/1.51.1/grpc-protobuf-lite-1.51.1.jar:/home/runner/.m2/repository/io/grpc/grpc-stub/1.51.1/grpc-stub-1.51.1.jar:/home/runner/.m2/repository/io/netty/netty-transport/4.1.94.Final/netty-transport-4.1.94.Final.jar:/home/runner/.m2/repository/io/netty/netty-resolver/4.1.94.Final/netty-resolver-4.1.94.Final.jar:/home/runner/.m2/repository/org/apache/ozone/ozone-csi/1.4.0-SNAPSHOT/ozone-csi-1.4.0-SNAPSHOT.jar:/home/runner/.m2/repository/com/google/protobuf/protobuf-java-util/3.19.6/protobuf-java-util-3.19.6.jar:/home/runner/.m2/repository/com/google/code/gson/gson/2.9.0/gson-2.9.0.jar:/home/runner/.m2/repository/org/apache/ozone/hdds-config/1.4.0-SNAPSHOT/hdds-config-1.4.0-SNAPSHOT.jar:/home/runner/.m2/repository/io/netty/netty-transport-native-epoll/4.1.94.Final/netty-transport-native-epoll-4.1.94.Final-linux-x86_64.jar:/home/runner/.m2/repository/io/netty/netty-transport-classes-epoll/4.1.94.Final/netty-transport-classes-epoll-4.1.94.Final.jar:/home/runner/.m2/repository/io/netty/netty-transport-native-unix-common/4.1.94.Final/netty-transport-native-unix-common-4.1.94.Final.jar:/home/runner/.m2/repository/org/apache/ozone/ozone-recon/1.4.0-SNAPSHOT/ozone-recon-1.4.0-SNAPSHOT.jar:/home/runner/.m2/repository/org/apache/ozone/ozone-reconcodegen/1.4.0-SNAPSHOT/ozone-reconcodegen-1.4.0-SNAPSHOT.jar:/home/runner/.m2/repository/com/google/inject/guice/5.1.0/guice-5.1.0.jar:/home/runner/.m2/repository/aopalliance/aopalliance/1.0/aopalliance-1.0.jar:/home/runner/.m2/repository/com/google/inject/extensions/guice-assistedinject/5.1.0/guice-assistedinject-5.1.0.jar:/home/runner/.m2/repository/com/google/inject/extensions/guice-servlet/5.1.0/guice-servlet-5.1.0.jar:/home/runner/.m2/repository/org/glassfish/jersey/containers/jersey-container-servlet/2.34/jersey-container-servlet-2.34.jar:/home/runner/.m2/repository/org/glassfish/hk2/guice-bridge/2.5.0/guice-bridge-2.5.0.jar:/home/runner/.m2/repository/org/glassfish/jersey/core/jersey-server/2.34/jersey-server-2.34.jar:/home/runner/.m2/repository/org/glassfish/jersey/core/jersey-client/2.34/jersey-client-2.34.jar:/home/runner/.m2/repository/jakarta/annotation/jakarta.annotation-api/1.3.5/jakarta.annotation-api-1.3.5.jar:/home/runner/.m2/repository/jakarta/validation/jakarta.validation-api/2.0.2/jakarta.validation-api-2.0.2.jar:/home/runner/.m2/repository/org/glassfish/jersey/media/jersey-media-json-jackson/2.34/jersey-media-json-jackson-2.34.jar:/home/runner/.m2/repository/org/glassfish/jersey/ext/jersey-entity-filtering/2.34/jersey-entity-filtering-2.34.jar:/home/runner/.m2/repository/org/jooq/jooq/3.11.10/jooq-3.11.10.jar:/home/runner/.m2/repository/org/jooq/jooq-meta/3.11.10/jooq-meta-3.11.10.jar:/home/runner/.m2/repository/org/jooq/jooq-codegen/3.11.10/jooq-codegen-3.11.10.jar:/home/runner/.m2/repository/com/jolbox/bonecp/0.8.0.RELEASE/bonecp-0.8.0.RELEASE.jar:/home/runner/.m2/repository/org/apache/derby/derby/10.14.2.0/derby-10.14.2.0.jar:/home/runner/.m2/repository/org/xerial/sqlite-jdbc/3.41.2.2/sqlite-jdbc-3.41.2.2.jar:/home/runner/.m2/repository/org/springframework/spring-jdbc/5.3.27/spring-jdbc-5.3.27.jar:/home/runner/.m2/repository/org/springframework/spring-beans/5.3.27/spring-beans-5.3.27.jar:/home/runner/.m2/repository/org/springframework/spring-core/5.3.27/spring-core-5.3.27.jar:/home/runner/.m2/repository/org/springframework/spring-tx/5.3.27/spring-tx-5.3.27.jar:/home/runner/.m2/repository/org/apache/ozone/ozone-client/1.4.0-SNAPSHOT/ozone-client-1.4.0-SNAPSHOT.jar:/home/runner/.m2/repository/org/apache/ozone/hdds-erasurecode/1.4.0-SNAPSHOT/hdds-erasurecode-1.4.0-SNAPSHOT.jar:/home/runner/.m2/repository/org/apache/ozone/ozone-filesystem/1.4.0-SNAPSHOT/ozone-filesystem-1.4.0-SNAPSHOT.jar:/home/runner/.m2/repository/org/apache/ozone/ozone-filesystem-common/1.4.0-SNAPSHOT/ozone-filesystem-common-1.4.0-SNAPSHOT.jar:/home/runner/.m2/repository/org/apache/ozone/ozone-tools/1.4.0-SNAPSHOT/ozone-tools-1.4.0-SNAPSHOT.jar:/home/runner/.m2/repository/com/amazonaws/aws-java-sdk-core/1.12.261/aws-java-sdk-core-1.12.261.jar:/home/runner/.m2/repository/org/apache/httpcomponents/httpclient/4.5.13/httpclient-4.5.13.jar:/home/runner/.m2/repository/org/apache/httpcomponents/httpcore/4.4.13/httpcore-4.4.13.jar:/home/runner/.m2/repository/software/amazon/ion/ion-java/1.0.2/ion-java-1.0.2.jar:/home/runner/.m2/repository/com/fasterxml/jackson/dataformat/jackson-dataformat-cbor/2.13.4/jackson-dataformat-cbor-2.13.4.jar:/home/runner/.m2/repository/joda-time/joda-time/2.10.6/joda-time-2.10.6.jar:/home/runner/.m2/repository/com/amazonaws/aws-java-sdk-s3/1.12.261/aws-java-sdk-s3-1.12.261.jar:/home/runner/.m2/repository/com/amazonaws/aws-java-sdk-kms/1.12.261/aws-java-sdk-kms-1.12.261.jar:/home/runner/.m2/repository/com/amazonaws/jmespath-java/1.12.261/jmespath-java-1.12.261.jar:/home/runner/.m2/repository/org/kohsuke/metainf-services/metainf-services/1.8/metainf-services-1.8.jar:/home/runner/.m2/repository/org/apache/ozone/hdds-tools/1.4.0-SNAPSHOT/hdds-tools-1.4.0-SNAPSHOT.jar:/home/runner/.m2/repository/org/apache/ratis/ratis-tools/2.5.1/ratis-tools-2.5.1.jar:/home/runner/.m2/repository/commons-cli/commons-cli/1.2/commons-cli-1.2.jar:/home/runner/.m2/repository/org/apache/commons/commons-lang3/3.7/commons-lang3-3.7.jar:/home/runner/.m2/repository/org/apache/ozone/ozone-manager/1.4.0-SNAPSHOT/ozone-manager-1.4.0-SNAPSHOT-tests.jar:/home/runner/.m2/repository/org/apache/ozone/hdds-common/1.4.0-SNAPSHOT/hdds-common-1.4.0-SNAPSHOT-tests.jar:/home/runner/.m2/repository/org/apache/ozone/hdds-hadoop-dependency-client/1.4.0-SNAPSHOT/hdds-hadoop-dependency-client-1.4.0-SNAPSHOT.jar:/home/runner/.m2/repository/info/picocli/picocli/4.6.1/picocli-4.6.1.jar:/home/runner/.m2/repository/com/fasterxml/jackson/core/jackson-annotations/2.13.4/jackson-annotations-2.13.4.jar:/home/runner/.m2/repository/org/apache/ozone/hdds-annotation-processing/1.4.0-SNAPSHOT/hdds-annotation-processing-1.4.0-SNAPSHOT.jar:/home/runner/.m2/repository/javax/annotation/javax.annotation-api/1.2/javax.annotation-api-1.2.jar:/home/runner/.m2/repository/org/apache/ratis/ratis-netty/2.5.1/ratis-netty-2.5.1.jar:/home/runner/.m2/repository/org/apache/ratis/ratis-grpc/2.5.1/ratis-grpc-2.5.1.jar:/home/runner/.m2/repository/org/apache/commons/commons-pool2/2.6.0/commons-pool2-2.6.0.jar:/home/runner/.m2/repository/org/bouncycastle/bcpkix-jdk15on/1.67/bcpkix-jdk15on-1.67.jar:/home/runner/.m2/repository/commons-validator/commons-validator/1.6/commons-validator-1.6.jar:/home/runner/.m2/repository/commons-beanutils/commons-beanutils/1.9.4/commons-beanutils-1.9.4.jar:/home/runner/.m2/repository/commons-digester/commons-digester/1.8.1/commons-digester-1.8.1.jar:/home/runner/.m2/repository/commons-collections/commons-collections/3.2.2/commons-collections-3.2.2.jar:/home/runner/.m2/repository/io/jaegertracing/jaeger-client/1.6.0/jaeger-client-1.6.0.jar:/home/runner/.m2/repository/io/jaegertracing/jaeger-thrift/1.6.0/jaeger-thrift-1.6.0.jar:/home/runner/.m2/repository/org/apache/thrift/libthrift/0.14.1/libthrift-0.14.1.jar:/home/runner/.m2/repository/io/jaegertracing/jaeger-core/1.6.0/jaeger-core-1.6.0.jar:/home/runner/.m2/repository/io/jaegertracing/jaeger-tracerresolver/1.6.0/jaeger-tracerresolver-1.6.0.jar:/home/runner/.m2/repository/io/opentracing/contrib/opentracing-tracerresolver/0.1.8/opentracing-tracerresolver-0.1.8.jar:/home/runner/.m2/repository/org/jetbrains/kotlin/kotlin-stdlib/1.6.21/kotlin-stdlib-1.6.21.jar:/home/runner/.m2/repository/org/jetbrains/annotations/13.0/annotations-13.0.jar:/home/runner/.m2/repository/io/opentracing/opentracing-util/0.33.0/opentracing-util-0.33.0.jar:/home/runner/.m2/repository/io/opentracing/opentracing-api/0.33.0/opentracing-api-0.33.0.jar:/home/runner/.m2/repository/io/opentracing/opentracing-noop/0.33.0/opentracing-noop-0.33.0.jar:/home/runner/.m2/repository/org/yaml/snakeyaml/2.0/snakeyaml-2.0.jar:/home/runner/.m2/repository/io/grpc/grpc-api/1.51.1/grpc-api-1.51.1.jar:/home/runner/.m2/repository/io/grpc/grpc-context/1.51.1/grpc-context-1.51.1.jar:/home/runner/.m2/repository/com/fasterxml/uuid/java-uuid-generator/4.3.0/java-uuid-generator-4.3.0.jar:/home/runner/.m2/repository/junit/junit/4.13.1/junit-4.13.1.jar:/home/runner/.m2/repository/org/hamcrest/hamcrest-core/1.3/hamcrest-core-1.3.jar:/home/runner/.m2/repository/org/junit/jupiter/junit-jupiter-api/5.8.2/junit-jupiter-api-5.8.2.jar:/home/runner/.m2/repository/org/opentest4j/opentest4j/1.2.0/opentest4j-1.2.0.jar:/home/runner/.m2/repository/org/junit/platform/junit-platform-commons/1.8.2/junit-platform-commons-1.8.2.jar:/home/runner/.m2/repository/org/apiguardian/apiguardian-api/1.1.2/apiguardian-api-1.1.2.jar:/home/runner/.m2/repository/org/junit/jupiter/junit-jupiter-params/5.8.2/junit-jupiter-params-5.8.2.jar:/home/runner/.m2/repository/org/junit/jupiter/junit-jupiter-migrationsupport/5.8.2/junit-jupiter-migrationsupport-5.8.2.jar:/home/runner/.m2/repository/org/junit/jupiter/junit-jupiter-engine/5.8.2/junit-jupiter-engine-5.8.2.jar:/home/runner/.m2/repository/org/junit/platform/junit-platform-engine/1.8.2/junit-platform-engine-1.8.2.jar:/home/runner/.m2/repository/org/junit/vintage/junit-vintage-engine/5.8.2/junit-vintage-engine-5.8.2.jar:/home/runner/.m2/repository/org/junit/platform/junit-platform-launcher/1.8.2/junit-platform-launcher-1.8.2.jar:/home/runner/.m2/repository/org/mockito/mockito-core/3.5.9/mockito-core-3.5.9.jar:/home/runner/.m2/repository/net/bytebuddy/byte-buddy/1.10.13/byte-buddy-1.10.13.jar:/home/runner/.m2/repository/net/bytebuddy/byte-buddy-agent/1.10.13/byte-buddy-agent-1.10.13.jar:/home/runner/.m2/repository/org/objenesis/objenesis/1.0/objenesis-1.0.jar:/home/runner/.m2/repository/org/apache/hadoop/hadoop-kms/3.3.6/hadoop-kms-3.3.6.jar:/home/runner/.m2/repository/org/apache/hadoop/hadoop-auth/3.3.6/hadoop-auth-3.3.6.jar:/home/runner/.m2/repository/com/nimbusds/nimbus-jose-jwt/9.8.1/nimbus-jose-jwt-9.8.1.jar:/home/runner/.m2/repository/com/github/stephenc/jcip/jcip-annotations/1.0-1/jcip-annotations-1.0-1.jar:/home/runner/.m2/repository/org/apache/zookeeper/zookeeper/3.5.6/zookeeper-3.5.6.jar:/home/runner/.m2/repository/org/apache/zookeeper/zookeeper-jute/3.5.6/zookeeper-jute-3.5.6.jar:/home/runner/.m2/repository/org/apache/yetus/audience-annotations/0.5.0/audience-annotations-0.5.0.jar:/home/runner/.m2/repository/org/apache/curator/curator-framework/4.2.0/curator-framework-4.2.0.jar:/home/runner/.m2/repository/org/apache/hadoop/thirdparty/hadoop-shaded-guava/1.1.1/hadoop-shaded-guava-1.1.1.jar:/home/runner/.m2/repository/com/sun/jersey/jersey-core/1.19/jersey-core-1.19.jar:/home/runner/.m2/repository/javax/ws/rs/jsr311-api/1.1.1/jsr311-api-1.1.1.jar:/home/runner/.m2/repository/com/sun/jersey/jersey-server/1.19/jersey-server-1.19.jar:/home/runner/.m2/repository/javax/servlet/javax.servlet-api/3.1.0/javax.servlet-api-3.1.0.jar:/home/runner/.m2/repository/org/apache/hadoop/hadoop-common/3.3.6/hadoop-common-3.3.6.jar:/home/runner/.m2/repository/org/apache/commons/commons-math3/3.1.1/commons-math3-3.1.1.jar:/home/runner/.m2/repository/commons-net/commons-net/3.9.0/commons-net-3.9.0.jar:/home/runner/.m2/repository/com/sun/jersey/jersey-servlet/1.19/jersey-servlet-1.19.jar:/home/runner/.m2/repository/com/github/pjfanning/jersey-json/1.20/jersey-json-1.20.jar:/home/runner/.m2/repository/org/codehaus/jettison/jettison/1.1/jettison-1.1.jar:/home/runner/.m2/repository/com/sun/xml/bind/jaxb-impl/2.2.3-1/jaxb-impl-2.2.3-1.jar:/home/runner/.m2/repository/com/google/re2j/re2j/1.1/re2j-1.1.jar:/home/runner/.m2/repository/com/jcraft/jsch/0.1.54/jsch-0.1.54.jar:/home/runner/.m2/repository/org/apache/curator/curator-client/4.2.0/curator-client-4.2.0.jar:/home/runner/.m2/repository/org/apache/curator/curator-recipes/5.2.0/curator-recipes-5.2.0.jar:/home/runner/.m2/repository/org/apache/kerby/kerb-core/1.0.1/kerb-core-1.0.1.jar:/home/runner/.m2/repository/org/apache/kerby/kerby-pkix/1.0.1/kerby-pkix-1.0.1.jar:/home/runner/.m2/repository/org/apache/kerby/kerby-asn1/1.0.1/kerby-asn1-1.0.1.jar:/home/runner/.m2/repository/org/apache/kerby/kerby-util/1.0.1/kerby-util-1.0.1.jar:/home/runner/.m2/repository/dnsjava/dnsjava/2.1.7/dnsjava-2.1.7.jar:/home/runner/.m2/repository/org/xerial/snappy/snappy-java/1.1.8.2/snappy-java-1.1.8.2.jar:/home/runner/.m2/repository/com/fasterxml/jackson/core/jackson-databind/2.13.4.2/jackson-databind-2.13.4.2.jar:/home/runner/.m2/repository/org/apache/hadoop/hadoop-kms/3.3.6/hadoop-kms-3.3.6-tests.jar:/home/runner/.m2/repository/org/apache/ozone/hdds-server-scm/1.4.0-SNAPSHOT/hdds-server-scm-1.4.0-SNAPSHOT-tests.jar:/home/runner/.m2/repository/org/apache/ozone/hdds-container-service/1.4.0-SNAPSHOT/hdds-container-service-1.4.0-SNAPSHOT-tests.jar:/home/runner/.m2/repository/com/github/luben/zstd-jni/1.5.2-5/zstd-jni-1.5.2-5.jar:/home/runner/.m2/repository/commons-codec/commons-codec/1.15/commons-codec-1.15.jar:/home/runner/.m2/repository/io/netty/netty-codec/4.1.94.Final/netty-codec-4.1.94.Final.jar:/home/runner/.m2/repository/io/netty/netty-handler/4.1.94.Final/netty-handler-4.1.94.Final.jar:/home/runner/.m2/repository/org/apache/ozone/hdds-hadoop-dependency-test/1.4.0-SNAPSHOT/hdds-hadoop-dependency-test-1.4.0-SNAPSHOT.jar:/home/runner/.m2/repository/org/apache/hadoop/hadoop-common/3.3.6/hadoop-common-3.3.6-tests.jar:/home/runner/.m2/repository/org/apache/hadoop/hadoop-hdfs/3.3.6/hadoop-hdfs-3.3.6-tests.jar:/home/runner/.m2/repository/org/assertj/assertj-core/3.12.2/assertj-core-3.12.2.jar:/home/runner/.m2/repository/org/apache/hadoop/hadoop-distcp/3.3.6/hadoop-distcp-3.3.6.jar:/home/runner/.m2/repository/org/apache/hadoop/hadoop-mapreduce-client-jobclient/3.3.6/hadoop-mapreduce-client-jobclient-3.3.6.jar:/home/runner/.m2/repository/org/apache/hadoop/hadoop-mapreduce-client-common/3.3.6/hadoop-mapreduce-client-common-3.3.6.jar:/home/runner/.m2/repository/org/apache/hadoop/hadoop-yarn-common/3.3.6/hadoop-yarn-common-3.3.6.jar:/home/runner/.m2/repository/org/apache/hadoop/hadoop-yarn-api/3.3.6/hadoop-yarn-api-3.3.6.jar:/home/runner/.m2/repository/com/sun/jersey/contribs/jersey-guice/1.19/jersey-guice-1.19.jar:/home/runner/.m2/repository/com/fasterxml/jackson/jaxrs/jackson-jaxrs-json-provider/2.13.4/jackson-jaxrs-json-provider-2.13.4.jar:/home/runner/.m2/repository/com/fasterxml/jackson/jaxrs/jackson-jaxrs-base/2.13.4/jackson-jaxrs-base-2.13.4.jar:/home/runner/.m2/repository/org/apache/hadoop/hadoop-yarn-client/3.3.6/hadoop-yarn-client-3.3.6.jar:/home/runner/.m2/repository/org/eclipse/jetty/websocket/websocket-client/9.4.51.v20230217/websocket-client-9.4.51.v20230217.jar:/home/runner/.m2/repository/org/eclipse/jetty/websocket/websocket-common/9.4.51.v20230217/websocket-common-9.4.51.v20230217.jar:/home/runner/.m2/repository/org/eclipse/jetty/websocket/websocket-api/9.4.51.v20230217/websocket-api-9.4.51.v20230217.jar:/home/runner/.m2/repository/org/jline/jline/3.9.0/jline-3.9.0.jar:/home/runner/.m2/repository/org/apache/hadoop/hadoop-mapreduce-client-core/3.3.6/hadoop-mapreduce-client-core-3.3.6.jar:/home/runner/.m2/repository/org/apache/avro/avro/1.7.7/avro-1.7.7.jar:/home/runner/.m2/repository/com/thoughtworks/paranamer/paranamer/2.3/paranamer-2.3.jar:/home/runner/.m2/repository/org/apache/hadoop/hadoop-annotations/3.3.6/hadoop-annotations-3.3.6.jar:/usr/lib/jvm/temurin-8-jdk-amd64/jre/../lib/tools.jar:/home/runner/.m2/repository/io/netty/netty/3.10.6.Final/netty-3.10.6.Final.jar:/home/runner/.m2/repository/org/apache/hadoop/hadoop-distcp/3.3.6/hadoop-distcp-3.3.6-tests.jar:/home/runner/.m2/repository/org/slf4j/jul-to-slf4j/1.7.36/jul-to-slf4j-1.7.36.jar:"/>
    <property name="sun.cpu.endian" value="little"/>
    <property name="user.home" value="/home/runner"/>
    <property name="user.language" value="en"/>
    <property name="java.specification.vendor" value="Oracle Corporation"/>
    <property name="java.home" value="/usr/lib/jvm/temurin-8-jdk-amd64/jre"/>
    <property name="java.security.krb5.conf" value="/home/runner/work/ozone/ozone/hadoop-ozone/integration-test/target/test-classes/krb5.conf"/>
    <property name="file.separator" value="/"/>
    <property name="basedir" value="/home/runner/work/ozone/ozone/hadoop-ozone/integration-test"/>
    <property name="line.separator" value="&#10;"/>
    <property name="java.vm.specification.vendor" value="Oracle Corporation"/>
    <property name="java.specification.name" value="Java Platform API Specification"/>
    <property name="skip.installnpx" value="true"/>
    <property name="java.awt.graphicsenv" value="sun.awt.X11GraphicsEnvironment"/>
    <property name="surefire.real.class.path" value="/home/runner/work/ozone/ozone/hadoop-ozone/integration-test/target/surefire/surefirebooter56580176755770738.jar:/home/runner/.m2/repository/org/jacoco/org.jacoco.agent/0.8.5/org.jacoco.agent-0.8.5-runtime.jar"/>
    <property name="sun.boot.class.path" value="/usr/lib/jvm/temurin-8-jdk-amd64/jre/lib/resources.jar:/usr/lib/jvm/temurin-8-jdk-amd64/jre/lib/rt.jar:/usr/lib/jvm/temurin-8-jdk-amd64/jre/lib/sunrsasign.jar:/usr/lib/jvm/temurin-8-jdk-amd64/jre/lib/jsse.jar:/usr/lib/jvm/temurin-8-jdk-amd64/jre/lib/jce.jar:/usr/lib/jvm/temurin-8-jdk-amd64/jre/lib/charsets.jar:/usr/lib/jvm/temurin-8-jdk-amd64/jre/lib/jfr.jar:/usr/lib/jvm/temurin-8-jdk-amd64/jre/classes"/>
    <property name="hadoop.log.dir" value="/home/runner/work/ozone/ozone/hadoop-ozone/integration-test/target/log"/>
    <property name="sun.management.compiler" value="HotSpot 64-Bit Tiered Compilers"/>
    <property name="java.runtime.version" value="1.8.0_382-b05"/>
    <property name="skip.npx" value="true"/>
    <property name="user.name" value="runner"/>
    <property name="java.net.preferIPv4Stack" value="true"/>
    <property name="path.separator" value=":"/>
    <property name="java.security.egd" value="file:///dev/urandom"/>
    <property name="os.version" value="5.15.0-1047-azure"/>
    <property name="java.endorsed.dirs" value="/usr/lib/jvm/temurin-8-jdk-amd64/jre/lib/endorsed"/>
    <property name="java.runtime.name" value="OpenJDK Runtime Environment"/>
    <property name="file.encoding" value="UTF-8"/>
    <property name="java.vm.name" value="OpenJDK 64-Bit Server VM"/>
    <property name="test.build.webapps" value=""/>
    <property name="log4j1.compatibility" value="true"/>
    <property name="localRepository" value="/home/runner/.m2/repository"/>
    <property name="jetty.git.hash" value="27bde00a0b95a1d5bbee0eae7984f891d2d0f8c9"/>
    <property name="java.vendor.url.bug" value="https://github.com/adoptium/adoptium-support/issues"/>
    <property name="require.test.libhadoop" value=""/>
    <property name="java.io.tmpdir" value="/tmp"/>
    <property name="java.version" value="1.8.0_382"/>
    <property name="user.dir" value="/home/runner/work/ozone/ozone/hadoop-ozone/integration-test"/>
    <property name="os.arch" value="amd64"/>
    <property name="test.build.classes" value="/home/runner/work/ozone/ozone/hadoop-ozone/integration-test/target/test-classes"/>
    <property name="java.vm.specification.name" value="Java Virtual Machine Specification"/>
    <property name="java.awt.printerjob" value="sun.print.PSPrinterJob"/>
    <property name="sun.os.patch.level" value="unknown"/>
    <property name="org.apache.ratis.thirdparty.io.netty.allocator.useCacheForAllThreads" value="false"/>
    <property name="hadoop.tmp.dir" value="/home/runner/work/ozone/ozone/hadoop-ozone/integration-test/target/tmp"/>
    <property name="java.library.path" value="/usr/java/packages/lib/amd64:/usr/lib64:/lib64:/lib:/usr/lib"/>
    <property name="java.vendor" value="Temurin"/>
    <property name="java.vm.info" value="mixed mode"/>
    <property name="java.vm.version" value="25.382-b05"/>
    <property name="java.specification.maintenance.version" value="5"/>
    <property name="sun.io.unicode.encoding" value="UnicodeLittle"/>
    <property name="java.ext.dirs" value="/usr/lib/jvm/temurin-8-jdk-amd64/jre/lib/ext:/usr/java/packages/lib/ext"/>
    <property name="java.class.version" value="52.0"/>
    <property name="kms.config.dir" value="/home/runner/work/ozone/ozone/hadoop-ozone/integration-test/target/test-dir/TestSecureOzoneRpcClient/699b5dfd-2260-4e43-a0d3-dbda7815ba41"/>
  </properties>
  <testcase name="testPutKeyWithEncryption(BucketLayout)[1]" classname="org.apache.hadoop.ozone.client.rpc.TestOzoneAtRestEncryption" time="2.697">
    <error type="org.apache.hadoop.hdds.scm.container.common.helpers.StorageContainerException"><![CDATA[org.apache.hadoop.hdds.scm.container.common.helpers.StorageContainerException: Unable to find the block with bcsID 3 .Container 2 bcsId is 1.
	at org.apache.hadoop.hdds.scm.storage.ContainerProtocolCalls.validateContainerResponse(ContainerProtocolCalls.java:674)
	at org.apache.hadoop.hdds.scm.storage.ContainerProtocolCalls.lambda$createValidators$4(ContainerProtocolCalls.java:685)
	at org.apache.hadoop.hdds.scm.XceiverClientGrpc.sendCommandWithRetry(XceiverClientGrpc.java:407)
	at org.apache.hadoop.hdds.scm.XceiverClientGrpc.lambda$sendCommandWithTraceIDAndRetry$0(XceiverClientGrpc.java:347)
	at org.apache.hadoop.hdds.tracing.TracingUtil.executeInSpan(TracingUtil.java:169)
	at org.apache.hadoop.hdds.tracing.TracingUtil.executeInNewSpan(TracingUtil.java:149)
	at org.apache.hadoop.hdds.scm.XceiverClientGrpc.sendCommandWithTraceIDAndRetry(XceiverClientGrpc.java:342)
	at org.apache.hadoop.hdds.scm.XceiverClientGrpc.sendCommand(XceiverClientGrpc.java:323)
	at org.apache.hadoop.hdds.scm.storage.ContainerProtocolCalls.getBlock(ContainerProtocolCalls.java:208)
	at org.apache.hadoop.hdds.scm.storage.ContainerProtocolCalls.lambda$getBlock$0(ContainerProtocolCalls.java:186)
	at org.apache.hadoop.hdds.scm.storage.ContainerProtocolCalls.tryEachDatanode(ContainerProtocolCalls.java:146)
	at org.apache.hadoop.hdds.scm.storage.ContainerProtocolCalls.getBlock(ContainerProtocolCalls.java:185)
	at org.apache.hadoop.hdds.scm.storage.BlockInputStream.getChunkInfos(BlockInputStream.java:255)
	at org.apache.hadoop.hdds.scm.storage.BlockInputStream.initialize(BlockInputStream.java:146)
	at org.apache.hadoop.hdds.scm.storage.BlockInputStream.readWithStrategy(BlockInputStream.java:308)
	at org.apache.hadoop.hdds.scm.storage.ExtendedInputStream.read(ExtendedInputStream.java:66)
	at org.apache.hadoop.hdds.scm.storage.ByteBufferReader.readFromBlock(ByteBufferReader.java:56)
	at org.apache.hadoop.hdds.scm.storage.MultipartInputStream.readWithStrategy(MultipartInputStream.java:96)
	at org.apache.hadoop.hdds.scm.storage.ExtendedInputStream.read(ExtendedInputStream.java:66)
	at org.apache.hadoop.crypto.CryptoInputStream.read(CryptoInputStream.java:189)
	at org.apache.hadoop.ozone.client.io.OzoneInputStream.read(OzoneInputStream.java:56)
	at java.io.InputStream.read(InputStream.java:101)
	at org.apache.hadoop.ozone.client.rpc.TestOzoneAtRestEncryption.verifyKeyData(TestOzoneAtRestEncryption.java:269)
	at org.apache.hadoop.ozone.client.rpc.TestOzoneAtRestEncryption.createAndVerifyStreamKeyData(TestOzoneAtRestEncryption.java:238)
	at org.apache.hadoop.ozone.client.rpc.TestOzoneAtRestEncryption.testPutKeyWithEncryption(TestOzoneAtRestEncryption.java:205)
	at sun.reflect.NativeMethodAccessorImpl.invoke0(Native Method)
	at sun.reflect.NativeMethodAccessorImpl.invoke(NativeMethodAccessorImpl.java:62)
	at sun.reflect.DelegatingMethodAccessorImpl.invoke(DelegatingMethodAccessorImpl.java:43)
	at java.lang.reflect.Method.invoke(Method.java:498)
	at org.junit.platform.commons.util.ReflectionUtils.invokeMethod(ReflectionUtils.java:725)
	at org.junit.jupiter.engine.execution.MethodInvocation.proceed(MethodInvocation.java:60)
	at org.junit.jupiter.engine.execution.InvocationInterceptorChain$ValidatingInvocation.proceed(InvocationInterceptorChain.java:131)
	at org.junit.jupiter.engine.extension.TimeoutExtension.intercept(TimeoutExtension.java:149)
	at org.junit.jupiter.engine.extension.TimeoutExtension.interceptTestableMethod(TimeoutExtension.java:140)
	at org.junit.jupiter.engine.extension.TimeoutExtension.interceptTestTemplateMethod(TimeoutExtension.java:92)
	at org.junit.jupiter.engine.execution.ExecutableInvoker$ReflectiveInterceptorCall.lambda$ofVoidMethod$0(ExecutableInvoker.java:115)
	at org.junit.jupiter.engine.execution.ExecutableInvoker.lambda$invoke$0(ExecutableInvoker.java:105)
	at org.junit.jupiter.engine.execution.InvocationInterceptorChain$InterceptedInvocation.proceed(InvocationInterceptorChain.java:106)
	at org.junit.jupiter.engine.execution.InvocationInterceptorChain.proceed(InvocationInterceptorChain.java:64)
	at org.junit.jupiter.engine.execution.InvocationInterceptorChain.chainAndInvoke(InvocationInterceptorChain.java:45)
	at org.junit.jupiter.engine.execution.InvocationInterceptorChain.invoke(InvocationInterceptorChain.java:37)
	at org.junit.jupiter.engine.execution.ExecutableInvoker.invoke(ExecutableInvoker.java:104)
	at org.junit.jupiter.engine.execution.ExecutableInvoker.invoke(ExecutableInvoker.java:98)
	at org.junit.jupiter.engine.descriptor.TestMethodTestDescriptor.lambda$invokeTestMethod$7(TestMethodTestDescriptor.java:214)
	at org.junit.platform.engine.support.hierarchical.ThrowableCollector.execute(ThrowableCollector.java:73)
	at org.junit.jupiter.engine.descriptor.TestMethodTestDescriptor.invokeTestMethod(TestMethodTestDescriptor.java:210)
	at org.junit.jupiter.engine.descriptor.TestMethodTestDescriptor.execute(TestMethodTestDescriptor.java:135)
	at org.junit.jupiter.engine.descriptor.TestMethodTestDescriptor.execute(TestMethodTestDescriptor.java:66)
	at org.junit.platform.engine.support.hierarchical.NodeTestTask.lambda$executeRecursively$6(NodeTestTask.java:151)
	at org.junit.platform.engine.support.hierarchical.ThrowableCollector.execute(ThrowableCollector.java:73)
	at org.junit.platform.engine.support.hierarchical.NodeTestTask.lambda$executeRecursively$8(NodeTestTask.java:141)
	at org.junit.platform.engine.support.hierarchical.Node.around(Node.java:137)
	at org.junit.platform.engine.support.hierarchical.NodeTestTask.lambda$executeRecursively$9(NodeTestTask.java:139)
	at org.junit.platform.engine.support.hierarchical.ThrowableCollector.execute(ThrowableCollector.java:73)
	at org.junit.platform.engine.support.hierarchical.NodeTestTask.executeRecursively(NodeTestTask.java:138)
	at org.junit.platform.engine.support.hierarchical.NodeTestTask.execute(NodeTestTask.java:95)
	at org.junit.platform.engine.support.hierarchical.SameThreadHierarchicalTestExecutorService.submit(SameThreadHierarchicalTestExecutorService.java:35)
	at org.junit.platform.engine.support.hierarchical.NodeTestTask$DefaultDynamicTestExecutor.execute(NodeTestTask.java:226)
	at org.junit.platform.engine.support.hierarchical.NodeTestTask$DefaultDynamicTestExecutor.execute(NodeTestTask.java:204)
	at org.junit.jupiter.engine.descriptor.TestTemplateTestDescriptor.execute(TestTemplateTestDescriptor.java:139)
	at org.junit.jupiter.engine.descriptor.TestTemplateTestDescriptor.lambda$execute$2(TestTemplateTestDescriptor.java:107)
	at java.util.stream.ForEachOps$ForEachOp$OfRef.accept(ForEachOps.java:183)
	at java.util.stream.ReferencePipeline$3$1.accept(ReferencePipeline.java:193)
	at java.util.stream.ReferencePipeline$2$1.accept(ReferencePipeline.java:175)
	at java.util.stream.ReferencePipeline$3$1.accept(ReferencePipeline.java:193)
	at java.util.stream.ForEachOps$ForEachOp$OfRef.accept(ForEachOps.java:183)
	at java.util.stream.ReferencePipeline$3$1.accept(ReferencePipeline.java:193)
	at java.util.stream.ReferencePipeline$3$1.accept(ReferencePipeline.java:193)
	at java.util.stream.ReferencePipeline$3$1.accept(ReferencePipeline.java:193)
	at java.util.stream.ForEachOps$ForEachOp$OfRef.accept(ForEachOps.java:183)
	at java.util.stream.ReferencePipeline$3$1.accept(ReferencePipeline.java:193)
	at java.util.Iterator.forEachRemaining(Iterator.java:116)
	at java.util.Spliterators$IteratorSpliterator.forEachRemaining(Spliterators.java:1801)
	at java.util.stream.AbstractPipeline.copyInto(AbstractPipeline.java:482)
	at java.util.stream.AbstractPipeline.wrapAndCopyInto(AbstractPipeline.java:472)
	at java.util.stream.ForEachOps$ForEachOp.evaluateSequential(ForEachOps.java:150)
	at java.util.stream.ForEachOps$ForEachOp$OfRef.evaluateSequential(ForEachOps.java:173)
	at java.util.stream.AbstractPipeline.evaluate(AbstractPipeline.java:234)
	at java.util.stream.ReferencePipeline.forEach(ReferencePipeline.java:485)
	at java.util.stream.ReferencePipeline$7$1.accept(ReferencePipeline.java:272)
	at java.util.stream.ReferencePipeline$3$1.accept(ReferencePipeline.java:193)
	at java.util.stream.ReferencePipeline$3$1.accept(ReferencePipeline.java:193)
	at java.util.stream.ReferencePipeline$3$1.accept(ReferencePipeline.java:193)
	at java.util.ArrayList$ArrayListSpliterator.forEachRemaining(ArrayList.java:1384)
	at java.util.stream.AbstractPipeline.copyInto(AbstractPipeline.java:482)
	at java.util.stream.AbstractPipeline.wrapAndCopyInto(AbstractPipeline.java:472)
	at java.util.stream.ForEachOps$ForEachOp.evaluateSequential(ForEachOps.java:150)
	at java.util.stream.ForEachOps$ForEachOp$OfRef.evaluateSequential(ForEachOps.java:173)
	at java.util.stream.AbstractPipeline.evaluate(AbstractPipeline.java:234)
	at java.util.stream.ReferencePipeline.forEach(ReferencePipeline.java:485)
	at java.util.stream.ReferencePipeline$7$1.accept(ReferencePipeline.java:272)
	at java.util.ArrayList$ArrayListSpliterator.forEachRemaining(ArrayList.java:1384)
	at java.util.stream.AbstractPipeline.copyInto(AbstractPipeline.java:482)
	at java.util.stream.AbstractPipeline.wrapAndCopyInto(AbstractPipeline.java:472)
	at java.util.stream.ForEachOps$ForEachOp.evaluateSequential(ForEachOps.java:150)
	at java.util.stream.ForEachOps$ForEachOp$OfRef.evaluateSequential(ForEachOps.java:173)
	at java.util.stream.AbstractPipeline.evaluate(AbstractPipeline.java:234)
	at java.util.stream.ReferencePipeline.forEach(ReferencePipeline.java:485)
	at org.junit.jupiter.engine.descriptor.TestTemplateTestDescriptor.execute(TestTemplateTestDescriptor.java:107)
	at org.junit.jupiter.engine.descriptor.TestTemplateTestDescriptor.execute(TestTemplateTestDescriptor.java:42)
	at org.junit.platform.engine.support.hierarchical.NodeTestTask.lambda$executeRecursively$6(NodeTestTask.java:151)
	at org.junit.platform.engine.support.hierarchical.ThrowableCollector.execute(ThrowableCollector.java:73)
	at org.junit.platform.engine.support.hierarchical.NodeTestTask.lambda$executeRecursively$8(NodeTestTask.java:141)
	at org.junit.platform.engine.support.hierarchical.Node.around(Node.java:137)
	at org.junit.platform.engine.support.hierarchical.NodeTestTask.lambda$executeRecursively$9(NodeTestTask.java:139)
	at org.junit.platform.engine.support.hierarchical.ThrowableCollector.execute(ThrowableCollector.java:73)
	at org.junit.platform.engine.support.hierarchical.NodeTestTask.executeRecursively(NodeTestTask.java:138)
	at org.junit.platform.engine.support.hierarchical.NodeTestTask.execute(NodeTestTask.java:95)
	at java.util.ArrayList.forEach(ArrayList.java:1259)
	at org.junit.platform.engine.support.hierarchical.SameThreadHierarchicalTestExecutorService.invokeAll(SameThreadHierarchicalTestExecutorService.java:41)
	at org.junit.platform.engine.support.hierarchical.NodeTestTask.lambda$executeRecursively$6(NodeTestTask.java:155)
	at org.junit.platform.engine.support.hierarchical.ThrowableCollector.execute(ThrowableCollector.java:73)
	at org.junit.platform.engine.support.hierarchical.NodeTestTask.lambda$executeRecursively$8(NodeTestTask.java:141)
	at org.junit.platform.engine.support.hierarchical.Node.around(Node.java:137)
	at org.junit.platform.engine.support.hierarchical.NodeTestTask.lambda$executeRecursively$9(NodeTestTask.java:139)
	at org.junit.platform.engine.support.hierarchical.ThrowableCollector.execute(ThrowableCollector.java:73)
	at org.junit.platform.engine.support.hierarchical.NodeTestTask.executeRecursively(NodeTestTask.java:138)
	at org.junit.platform.engine.support.hierarchical.NodeTestTask.execute(NodeTestTask.java:95)
	at java.util.ArrayList.forEach(ArrayList.java:1259)
	at org.junit.platform.engine.support.hierarchical.SameThreadHierarchicalTestExecutorService.invokeAll(SameThreadHierarchicalTestExecutorService.java:41)
	at org.junit.platform.engine.support.hierarchical.NodeTestTask.lambda$executeRecursively$6(NodeTestTask.java:155)
	at org.junit.platform.engine.support.hierarchical.ThrowableCollector.execute(ThrowableCollector.java:73)
	at org.junit.platform.engine.support.hierarchical.NodeTestTask.lambda$executeRecursively$8(NodeTestTask.java:141)
	at org.junit.platform.engine.support.hierarchical.Node.around(Node.java:137)
	at org.junit.platform.engine.support.hierarchical.NodeTestTask.lambda$executeRecursively$9(NodeTestTask.java:139)
	at org.junit.platform.engine.support.hierarchical.ThrowableCollector.execute(ThrowableCollector.java:73)
	at org.junit.platform.engine.support.hierarchical.NodeTestTask.executeRecursively(NodeTestTask.java:138)
	at org.junit.platform.engine.support.hierarchical.NodeTestTask.execute(NodeTestTask.java:95)
	at org.junit.platform.engine.support.hierarchical.SameThreadHierarchicalTestExecutorService.submit(SameThreadHierarchicalTestExecutorService.java:35)
	at org.junit.platform.engine.support.hierarchical.HierarchicalTestExecutor.execute(HierarchicalTestExecutor.java:57)
	at org.junit.platform.engine.support.hierarchical.HierarchicalTestEngine.execute(HierarchicalTestEngine.java:54)
	at org.junit.platform.launcher.core.EngineExecutionOrchestrator.execute(EngineExecutionOrchestrator.java:107)
	at org.junit.platform.launcher.core.EngineExecutionOrchestrator.execute(EngineExecutionOrchestrator.java:88)
	at org.junit.platform.launcher.core.EngineExecutionOrchestrator.lambda$execute$0(EngineExecutionOrchestrator.java:54)
	at org.junit.platform.launcher.core.EngineExecutionOrchestrator.withInterceptedStreams(EngineExecutionOrchestrator.java:67)
	at org.junit.platform.launcher.core.EngineExecutionOrchestrator.execute(EngineExecutionOrchestrator.java:52)
	at org.junit.platform.launcher.core.DefaultLauncher.execute(DefaultLauncher.java:114)
	at org.junit.platform.launcher.core.DefaultLauncher.execute(DefaultLauncher.java:86)
	at org.junit.platform.launcher.core.DefaultLauncherSession$DelegatingLauncher.execute(DefaultLauncherSession.java:86)
	at org.junit.platform.launcher.core.SessionPerRequestLauncher.execute(SessionPerRequestLauncher.java:53)
	at org.apache.maven.surefire.junitplatform.JUnitPlatformProvider.execute(JUnitPlatformProvider.java:188)
	at org.apache.maven.surefire.junitplatform.JUnitPlatformProvider.invokeAllTests(JUnitPlatformProvider.java:154)
	at org.apache.maven.surefire.junitplatform.JUnitPlatformProvider.invoke(JUnitPlatformProvider.java:124)
	at org.apache.maven.surefire.booter.ForkedBooter.runSuitesInProcess(ForkedBooter.java:428)
	at org.apache.maven.surefire.booter.ForkedBooter.execute(ForkedBooter.java:162)
	at org.apache.maven.surefire.booter.ForkedBooter.run(ForkedBooter.java:562)
	at org.apache.maven.surefire.booter.ForkedBooter.main(ForkedBooter.java:548)
]]></error>
    <system-out><![CDATA[2023-10-17 18:54:16,844 [main] INFO  util.log (Log.java:initialized(170)) - Logging initialized @2097ms to org.eclipse.jetty.util.log.Slf4jLog
2023-10-17 18:54:17,116 [main] INFO  http.HttpRequestLog (HttpRequestLog.java:getRequestLog(82)) - Http request log for http.requests.kms is not defined
2023-10-17 18:54:17,127 [main] INFO  http.HttpServer2 (HttpServer2.java:addGlobalFilter(1124)) - Added global filter 'safety' (class=org.apache.hadoop.http.HttpServer2$QuotingInputFilter)
2023-10-17 18:54:17,131 [main] INFO  http.HttpServer2 (HttpServer2.java:addFilter(1097)) - Added filter static_user_filter (class=org.apache.hadoop.http.lib.StaticUserWebFilter$StaticUserFilter) to context kms
2023-10-17 18:54:17,131 [main] INFO  http.HttpServer2 (HttpServer2.java:addFilter(1107)) - Added filter static_user_filter (class=org.apache.hadoop.http.lib.StaticUserWebFilter$StaticUserFilter) to context logs
2023-10-17 18:54:17,132 [main] INFO  http.HttpServer2 (HttpServer2.java:addFilter(1107)) - Added filter static_user_filter (class=org.apache.hadoop.http.lib.StaticUserWebFilter$StaticUserFilter) to context static
2023-10-17 18:54:17,170 [main] INFO  http.HttpServer2 (HttpServer2.java:bindListener(1357)) - Jetty bound to port 45241
2023-10-17 18:54:17,171 [main] INFO  server.Server (Server.java:doStart(375)) - jetty-9.4.53.v20231009; built: 2023-10-09T12:29:09.265Z; git: 27bde00a0b95a1d5bbee0eae7984f891d2d0f8c9; jvm 1.8.0_382-b05
2023-10-17 18:54:17,198 [main] INFO  server.session (DefaultSessionIdManager.java:doStart(334)) - DefaultSessionIdManager workerName=node0
2023-10-17 18:54:17,198 [main] INFO  server.session (DefaultSessionIdManager.java:doStart(339)) - No SessionScavenger set, using defaults
2023-10-17 18:54:17,200 [main] INFO  server.session (HouseKeeper.java:startScavenging(132)) - node0 Scavenging every 600000ms
2023-10-17 18:54:17,212 [main] INFO  handler.ContextHandler (ContextHandler.java:doStart(921)) - Started o.e.j.s.ServletContextHandler@7e2c64{logs,/logs,file:///home/runner/work/ozone/ozone/hadoop-ozone/integration-test/target/log,AVAILABLE}
2023-10-17 18:54:17,213 [main] INFO  handler.ContextHandler (ContextHandler.java:doStart(921)) - Started o.e.j.s.ServletContextHandler@4cb40e3b{static,/static,jar:file:/home/runner/.m2/repository/org/apache/hadoop/hadoop-kms/3.3.6/hadoop-kms-3.3.6.jar!/webapps/static,AVAILABLE}
2023-10-17 18:54:17,324 [main] INFO  server.KMSWebApp (KMSWebApp.java:contextInitialized(94)) - -------------------------------------------------------------
2023-10-17 18:54:17,324 [main] INFO  server.KMSWebApp (KMSWebApp.java:contextInitialized(95)) -   Java runtime version : 1.8.0_382-b05
2023-10-17 18:54:17,325 [main] INFO  server.KMSWebApp (KMSWebApp.java:contextInitialized(97)) -   User: runner
2023-10-17 18:54:17,328 [main] INFO  server.KMSWebApp (KMSWebApp.java:contextInitialized(98)) -   KMS Hadoop Version: 3.3.6
2023-10-17 18:54:17,328 [main] INFO  server.KMSWebApp (KMSWebApp.java:contextInitialized(99)) - -------------------------------------------------------------
2023-10-17 18:54:17,342 [main] INFO  server.KMSACLs (KMSACLs.java:setKMSACLs(107)) - 'CREATE' ACL '*'
2023-10-17 18:54:17,343 [main] INFO  server.KMSACLs (KMSACLs.java:setKMSACLs(107)) - 'DELETE' ACL '*'
2023-10-17 18:54:17,343 [main] INFO  server.KMSACLs (KMSACLs.java:setKMSACLs(107)) - 'ROLLOVER' ACL '*'
2023-10-17 18:54:17,343 [main] INFO  server.KMSACLs (KMSACLs.java:setKMSACLs(107)) - 'GET' ACL '*'
2023-10-17 18:54:17,343 [main] INFO  server.KMSACLs (KMSACLs.java:setKMSACLs(107)) - 'GET_KEYS' ACL '*'
2023-10-17 18:54:17,344 [main] INFO  server.KMSACLs (KMSACLs.java:setKMSACLs(107)) - 'GET_METADATA' ACL '*'
2023-10-17 18:54:17,344 [main] INFO  server.KMSACLs (KMSACLs.java:setKMSACLs(107)) - 'SET_KEY_MATERIAL' ACL '*'
2023-10-17 18:54:17,344 [main] INFO  server.KMSACLs (KMSACLs.java:setKMSACLs(107)) - 'GENERATE_EEK' ACL '*'
2023-10-17 18:54:17,344 [main] INFO  server.KMSACLs (KMSACLs.java:setKMSACLs(107)) - 'DECRYPT_EEK' ACL '*'
2023-10-17 18:54:17,345 [main] INFO  server.KMSACLs (KMSACLs.java:parseAclsWithPrefix(185)) - default.key.acl. for KEY_OP 'READ' is set to '*'
2023-10-17 18:54:17,345 [main] INFO  server.KMSACLs (KMSACLs.java:parseAclsWithPrefix(185)) - default.key.acl. for KEY_OP 'MANAGEMENT' is set to '*'
2023-10-17 18:54:17,346 [main] INFO  server.KMSACLs (KMSACLs.java:parseAclsWithPrefix(185)) - default.key.acl. for KEY_OP 'GENERATE_EEK' is set to '*'
2023-10-17 18:54:17,346 [main] INFO  server.KMSACLs (KMSACLs.java:parseAclsWithPrefix(185)) - default.key.acl. for KEY_OP 'DECRYPT_EEK' is set to '*'
2023-10-17 18:54:17,421 [main] INFO  server.KMSAudit (KMSAudit.java:initializeAuditLoggers(157)) - Initializing audit logger class org.apache.hadoop.crypto.key.kms.server.SimpleKMSAuditLogger
2023-10-17 18:54:17,625 [main] INFO  server.KMSWebApp (KMSWebApp.java:contextInitialized(149)) - Initialized KeyProvider CachingKeyProvider: jceks://file@/home/runner/work/ozone/ozone/hadoop-ozone/integration-test/target/test-dir/TestSecureOzoneRpcClient/699b5dfd-2260-4e43-a0d3-dbda7815ba41/kms.keystore
2023-10-17 18:54:17,634 [main] INFO  server.KMSWebApp (KMSWebApp.java:contextInitialized(163)) - Initialized KeyProviderCryptoExtension org.apache.hadoop.crypto.key.kms.server.KeyAuthorizationKeyProvider: EagerKeyGeneratorKeyProviderCryptoExtension: KeyProviderCryptoExtension: CachingKeyProvider: jceks://file@/home/runner/work/ozone/ozone/hadoop-ozone/integration-test/target/test-dir/TestSecureOzoneRpcClient/699b5dfd-2260-4e43-a0d3-dbda7815ba41/kms.keystore
2023-10-17 18:54:17,634 [main] INFO  server.KMSWebApp (KMSWebApp.java:contextInitialized(168)) - Default key bitlength is 128
2023-10-17 18:54:17,634 [main] INFO  server.KMSWebApp (KMSWebApp.java:contextInitialized(169)) - KMS Started
2023-10-17 18:54:17,682 [main] INFO  delegation.AbstractDelegationTokenSecretManager (AbstractDelegationTokenSecretManager.java:updateCurrentKey(415)) - Updating the current master key for generating delegation tokens
2023-10-17 18:54:17,693 [Thread[Thread-14,5,main]] INFO  delegation.AbstractDelegationTokenSecretManager (AbstractDelegationTokenSecretManager.java:run(797)) - Starting expired delegation token remover thread, tokenRemoverScanInterval=60 min(s)
2023-10-17 18:54:17,694 [Thread[Thread-14,5,main]] INFO  delegation.AbstractDelegationTokenSecretManager (AbstractDelegationTokenSecretManager.java:updateCurrentKey(415)) - Updating the current master key for generating delegation tokens
2023-10-17 18:54:17,758 [main] INFO  core.PackagesResourceConfig (PackagesResourceConfig.java:init(101)) - Scanning for root resource and provider classes in the packages:
  org.apache.hadoop.crypto.key.kms.server
2023-10-17 18:54:17,843 [main] INFO  core.ScanningResourceConfig (ScanningResourceConfig.java:logClasses(153)) - Root resource classes found:
  class org.apache.hadoop.crypto.key.kms.server.KMS
2023-10-17 18:54:17,843 [main] INFO  core.ScanningResourceConfig (ScanningResourceConfig.java:logClasses(153)) - Provider classes found:
  class org.apache.hadoop.crypto.key.kms.server.KMSJSONWriter
  class org.apache.hadoop.crypto.key.kms.server.KMSJSONReader
  class org.apache.hadoop.crypto.key.kms.server.KMSExceptionsProvider
2023-10-17 18:54:17,953 [main] INFO  application.WebApplicationImpl (WebApplicationImpl.java:_initiate(815)) - Initiating Jersey application, version 'Jersey: 1.19 02/11/2015 03:25 AM'
2023-10-17 18:54:18,947 [main] INFO  handler.ContextHandler (ContextHandler.java:doStart(921)) - Started o.e.j.w.WebAppContext@6424e613{kms,/,file:///home/runner/work/ozone/ozone/hadoop-ozone/integration-test/target/tmp/kms/webapp/,AVAILABLE}{jar:file:/home/runner/.m2/repository/org/apache/hadoop/hadoop-kms/3.3.6/hadoop-kms-3.3.6.jar!/webapps/kms}
2023-10-17 18:54:18,959 [main] INFO  server.AbstractConnector (AbstractConnector.java:doStart(333)) - Started ServerConnector@3f685162{HTTP/1.1, (http/1.1)}{localhost:45241}
2023-10-17 18:54:18,959 [main] INFO  server.Server (Server.java:doStart(415)) - Started @4214ms
2023-10-17 18:54:19,083 [main] WARN  impl.MetricsConfig (MetricsConfig.java:loadFirst(136)) - Cannot locate configuration: tried hadoop-metrics2-kms.properties,hadoop-metrics2.properties
2023-10-17 18:54:19,108 [main] INFO  impl.MetricsSystemImpl (MetricsSystemImpl.java:startTimer(378)) - Scheduled Metric snapshot period at 10 second(s).
2023-10-17 18:54:19,108 [main] INFO  impl.MetricsSystemImpl (MetricsSystemImpl.java:start(191)) - KMS metrics system started
2023-10-17 18:54:19,147 [org.apache.hadoop.util.JvmPauseMonitor$Monitor@7739aac4] INFO  util.JvmPauseMonitor (JvmPauseMonitor.java:run(188)) - Starting JVM pause monitor
2023-10-17 18:54:19,436 [main] INFO  audit.AuditLogger (AuditLogger.java:refreshDebugCmdSet(126)) - Refresh DebugCmdSet for OMAudit to [].
2023-10-17 18:54:21,498 [main] INFO  utils.SelfSignedCertificate (SelfSignedCertificate.java:generateCertificate(157)) - Certificate 1 is issued by CN=rootCA@localhost,OU=scm1,O=cluster1 to CN=rootCA@localhost,OU=scm1,O=cluster1, valid from Tue Oct 17 18:54:21 UTC 2023 to Fri Nov 24 18:54:21 UTC 2028
2023-10-17 18:54:21,548 [main] INFO  authority.DefaultApprover (DefaultApprover.java:sign(154)) - Extensions in CSR: 2.5.29.15
2023-10-17 18:54:21,548 [main] INFO  authority.DefaultApprover (DefaultApprover.java:sign(158)) - Extensions to add to the certificate if they present in CSR: 2.5.29.17, 1.3.6.1.5.5.7.1.12, 2.5.29.35, 2.5.29.37, 2.5.29.15
2023-10-17 18:54:21,575 [main] INFO  ssl.ReloadingX509KeyManager (ReloadingX509KeyManager.java:loadKeyManager(222)) - Key manager is loaded with certificate chain
2023-10-17 18:54:21,582 [main] INFO  ssl.ReloadingX509KeyManager (ReloadingX509KeyManager.java:loadKeyManager(224)) - [
[
  Version: V3
  Subject: O=cluster1, OU=scm1, CN=localhost
  Signature Algorithm: SHA256withRSA, OID = 1.2.840.113549.1.1.11

  Key:  Sun RSA public key, 2048 bits
  params: null
  modulus: 17598148944800199208384188967879464363702478922452952446350901574669453909274862038860730860844875903268321200623085272997330723543751491427558676804913582371263853471577773312486093068554214681732643113783791574787220002079961507940416197066625916623409612775728779597645127030164140761356867244113861646302691242802065573808096316198783550147666179216559426077809890719652356527157462578656782242411282978101012158732903777182884210252567863696902477540096640643440955990080102777262723518568965036288945775459782593497212214559619095374347106153815576052540119327222483582654605529917733557737571909182909382220153
  public exponent: 65537
  Validity: [From: Tue Oct 17 18:54:21 UTC 2023,
               To: Wed Oct 16 18:54:21 UTC 2024]
  Issuer: O=cluster1, OU=scm1, CN=rootCA@localhost
  SerialNumber: [    02a5b0bb 2844]

Certificate Extensions: 1
[1]: ObjectId: 2.5.29.15 Criticality=true
KeyUsage [
  DigitalSignature
  Key_Encipherment
  Data_Encipherment
  Key_Agreement
]

]
  Algorithm: [SHA256withRSA]
  Signature:
0000: 11 CB FA 8C 89 11 50 AD   B5 14 53 82 35 03 DD B1  ......P...S.5...
0010: BE 36 59 0F 75 5D 38 8C   7C 9C 1F F7 14 58 34 43  .6Y.u]8......X4C
0020: D8 16 78 3A AE E1 C0 2B   1D 48 8C 21 29 59 A0 CE  ..x:...+.H.!)Y..
0030: B1 68 2D 05 7A 1D E7 3F   65 09 AA B4 3F 80 82 F8  .h-.z..?e...?...
0040: 45 B0 89 83 18 1C 0D E9   1C B2 87 67 31 DF 7E 6E  E..........g1..n
0050: 1E F6 8E A5 46 7D 2E 32   5A DF B9 86 F7 9E 1A AA  ....F..2Z.......
0060: 15 7E 82 A2 24 E5 1B 5F   F2 EA E7 9C A0 7F C6 38  ....$.._.......8
0070: 13 13 60 30 D5 D3 1B D8   97 59 8E 1D 67 3A 4C 02  ..`0.....Y..g:L.
0080: 4F 0A 1E 65 D3 94 B8 2A   97 01 95 2D 43 B0 35 82  O..e...*...-C.5.
0090: 86 E5 FC 92 BA D2 14 78   92 96 AA F2 8F B0 1B B6  .......x........
00A0: CF 89 8C 03 7D 3B 73 46   79 5E 1B C0 EB 5A F6 60  .....;sFy^...Z.`
00B0: CC 07 05 2F CC 41 8C 3E   E8 5A 52 AD 92 ED E9 8D  .../.A.>.ZR.....
00C0: 96 FE 69 95 E6 B1 F5 E3   EE 2A 9A 68 8D A2 70 AC  ..i......*.h..p.
00D0: 5F DB 99 DD FB 2E 17 E9   03 B1 04 52 74 F1 EA F7  _..........Rt...
00E0: 2A 70 46 C9 C1 05 5E BF   46 68 74 8B 60 C5 AF C3  *pF...^.Fht.`...
00F0: 64 D2 A2 B5 31 0D FA A5   2F F1 E7 F5 C3 59 E9 9C  d...1.../....Y..

]
2023-10-17 18:54:21,584 [main] INFO  ssl.ReloadingX509KeyManager (ReloadingX509KeyManager.java:loadKeyManager(224)) - [
[
  Version: V3
  Subject: O=cluster1, OU=scm1, CN=rootCA@localhost
  Signature Algorithm: SHA256withRSA, OID = 1.2.840.113549.1.1.11

  Key:  Sun RSA public key, 2048 bits
  params: null
  modulus: 17171024524695963589196218855836824843358795969195211345759078463850149581352086085546063990075117169003081147357527578610861989408222642332092200602406396442579206940393505699374054758727506557937159412735864781021658904064606716406516425544157053022517258595624352686642557973435698943353611123251891904743909706268514252061168470349317282216173875788243533103397111388784640633604127501714739935086090586585065955534777241786584020407594547697743804392949436636530774024592505543797191388702240451358411366420482354353841730322383107211829154697775997194784250337535284599549598493216378863266362526869883447877871
  public exponent: 65537
  Validity: [From: Tue Oct 17 18:54:21 UTC 2023,
               To: Fri Nov 24 18:54:21 UTC 2028]
  Issuer: O=cluster1, OU=scm1, CN=rootCA@localhost
  SerialNumber: [    01]

Certificate Extensions: 2
[1]: ObjectId: 2.5.29.19 Criticality=true
BasicConstraints:[
  CA:true
  PathLen:2147483647
]

[2]: ObjectId: 2.5.29.15 Criticality=true
KeyUsage [
  Key_CertSign
  Crl_Sign
]

]
  Algorithm: [SHA256withRSA]
  Signature:
0000: 6C DA 9C A2 69 38 8A 81   80 B5 49 71 D8 41 59 47  l...i8....Iq.AYG
0010: 42 20 35 94 A7 C8 BA 25   0E 76 AA D4 11 D8 A6 4F  B 5....%.v.....O
0020: A9 42 03 57 D2 88 9D 9B   9D 44 8D C4 85 54 BF DA  .B.W.....D...T..
0030: B8 B4 5C 4F DA 11 06 02   E0 22 2B B7 EA 92 5A 0B  ..\O....."+...Z.
0040: 37 20 88 62 D4 2F 45 3D   70 1E 1D D2 71 C0 57 E9  7 .b./E=p...q.W.
0050: 3C F4 1B 7F 4D 77 85 84   3A 02 10 37 3F 10 36 78  <...Mw..:..7?.6x
0060: E0 CC 01 20 DA 49 13 35   04 BA A4 28 71 0A AB 4B  ... .I.5...(q..K
0070: 31 B8 38 1D B8 E0 2A 31   1E CA C3 AA 18 07 5F 1C  1.8...*1......_.
0080: A2 4A 75 A6 87 AB 22 6A   15 11 C9 6B 04 27 62 CB  .Ju..."j...k.'b.
0090: BF 49 05 D8 8A 93 05 AD   59 8B 9F A2 EA 1D 11 46  .I......Y......F
00A0: 99 53 F4 F7 14 41 65 DA   B1 D2 5D E7 66 A5 7C F1  .S...Ae...].f...
00B0: 0D CB 6C 96 84 29 AF EE   1D C0 F5 CF 56 97 54 51  ..l..)......V.TQ
00C0: 06 DF A8 EA 2C E4 B1 8F   09 CC 85 12 77 BF D0 88  ....,.......w...
00D0: 90 80 D1 D3 B9 24 CD 37   5D 68 A4 0B 1B A3 23 EC  .....$.7]h....#.
00E0: BF F8 16 51 EF 41 AB 58   A1 90 AF E4 7B 7C 9B 2C  ...Q.A.X.......,
00F0: F6 30 9C 6D 86 6D 8C 17   CC 16 DF D7 01 74 9E 13  .0.m.m.......t..

]
2023-10-17 18:54:21,588 [main] INFO  ssl.ReloadingX509TrustManager (ReloadingX509TrustManager.java:insertCertsToKeystore(188)) - Trust manager is loaded with certificates
2023-10-17 18:54:21,589 [main] INFO  ssl.ReloadingX509TrustManager (ReloadingX509TrustManager.java:insertCertsToKeystore(192)) - [
[
  Version: V3
  Subject: O=cluster1, OU=scm1, CN=rootCA@localhost
  Signature Algorithm: SHA256withRSA, OID = 1.2.840.113549.1.1.11

  Key:  Sun RSA public key, 2048 bits
  params: null
  modulus: 17171024524695963589196218855836824843358795969195211345759078463850149581352086085546063990075117169003081147357527578610861989408222642332092200602406396442579206940393505699374054758727506557937159412735864781021658904064606716406516425544157053022517258595624352686642557973435698943353611123251891904743909706268514252061168470349317282216173875788243533103397111388784640633604127501714739935086090586585065955534777241786584020407594547697743804392949436636530774024592505543797191388702240451358411366420482354353841730322383107211829154697775997194784250337535284599549598493216378863266362526869883447877871
  public exponent: 65537
  Validity: [From: Tue Oct 17 18:54:21 UTC 2023,
               To: Fri Nov 24 18:54:21 UTC 2028]
  Issuer: O=cluster1, OU=scm1, CN=rootCA@localhost
  SerialNumber: [    01]

Certificate Extensions: 2
[1]: ObjectId: 2.5.29.19 Criticality=true
BasicConstraints:[
  CA:true
  PathLen:2147483647
]

[2]: ObjectId: 2.5.29.15 Criticality=true
KeyUsage [
  Key_CertSign
  Crl_Sign
]

]
  Algorithm: [SHA256withRSA]
  Signature:
0000: 6C DA 9C A2 69 38 8A 81   80 B5 49 71 D8 41 59 47  l...i8....Iq.AYG
0010: 42 20 35 94 A7 C8 BA 25   0E 76 AA D4 11 D8 A6 4F  B 5....%.v.....O
0020: A9 42 03 57 D2 88 9D 9B   9D 44 8D C4 85 54 BF DA  .B.W.....D...T..
0030: B8 B4 5C 4F DA 11 06 02   E0 22 2B B7 EA 92 5A 0B  ..\O....."+...Z.
0040: 37 20 88 62 D4 2F 45 3D   70 1E 1D D2 71 C0 57 E9  7 .b./E=p...q.W.
0050: 3C F4 1B 7F 4D 77 85 84   3A 02 10 37 3F 10 36 78  <...Mw..:..7?.6x
0060: E0 CC 01 20 DA 49 13 35   04 BA A4 28 71 0A AB 4B  ... .I.5...(q..K
0070: 31 B8 38 1D B8 E0 2A 31   1E CA C3 AA 18 07 5F 1C  1.8...*1......_.
0080: A2 4A 75 A6 87 AB 22 6A   15 11 C9 6B 04 27 62 CB  .Ju..."j...k.'b.
0090: BF 49 05 D8 8A 93 05 AD   59 8B 9F A2 EA 1D 11 46  .I......Y......F
00A0: 99 53 F4 F7 14 41 65 DA   B1 D2 5D E7 66 A5 7C F1  .S...Ae...].f...
00B0: 0D CB 6C 96 84 29 AF EE   1D C0 F5 CF 56 97 54 51  ..l..)......V.TQ
00C0: 06 DF A8 EA 2C E4 B1 8F   09 CC 85 12 77 BF D0 88  ....,.......w...
00D0: 90 80 D1 D3 B9 24 CD 37   5D 68 A4 0B 1B A3 23 EC  .....$.7]h....#.
00E0: BF F8 16 51 EF 41 AB 58   A1 90 AF E4 7B 7C 9B 2C  ...Q.A.X.......,
00F0: F6 30 9C 6D 86 6D 8C 17   CC 16 DF D7 01 74 9E 13  .0.m.m.......t..

]
2023-10-17 18:54:21,592 [main] INFO  ssl.ReloadingX509KeyManager (ReloadingX509KeyManager.java:loadKeyManager(222)) - Key manager is loaded with certificate chain
2023-10-17 18:54:21,593 [main] INFO  ssl.ReloadingX509KeyManager (ReloadingX509KeyManager.java:loadKeyManager(224)) - [
[
  Version: V3
  Subject: O=cluster1, OU=scm1, CN=localhost
  Signature Algorithm: SHA256withRSA, OID = 1.2.840.113549.1.1.11

  Key:  Sun RSA public key, 2048 bits
  params: null
  modulus: 17598148944800199208384188967879464363702478922452952446350901574669453909274862038860730860844875903268321200623085272997330723543751491427558676804913582371263853471577773312486093068554214681732643113783791574787220002079961507940416197066625916623409612775728779597645127030164140761356867244113861646302691242802065573808096316198783550147666179216559426077809890719652356527157462578656782242411282978101012158732903777182884210252567863696902477540096640643440955990080102777262723518568965036288945775459782593497212214559619095374347106153815576052540119327222483582654605529917733557737571909182909382220153
  public exponent: 65537
  Validity: [From: Tue Oct 17 18:54:21 UTC 2023,
               To: Wed Oct 16 18:54:21 UTC 2024]
  Issuer: O=cluster1, OU=scm1, CN=rootCA@localhost
  SerialNumber: [    02a5b0bb 2844]

Certificate Extensions: 1
[1]: ObjectId: 2.5.29.15 Criticality=true
KeyUsage [
  DigitalSignature
  Key_Encipherment
  Data_Encipherment
  Key_Agreement
]

]
  Algorithm: [SHA256withRSA]
  Signature:
0000: 11 CB FA 8C 89 11 50 AD   B5 14 53 82 35 03 DD B1  ......P...S.5...
0010: BE 36 59 0F 75 5D 38 8C   7C 9C 1F F7 14 58 34 43  .6Y.u]8......X4C
0020: D8 16 78 3A AE E1 C0 2B   1D 48 8C 21 29 59 A0 CE  ..x:...+.H.!)Y..
0030: B1 68 2D 05 7A 1D E7 3F   65 09 AA B4 3F 80 82 F8  .h-.z..?e...?...
0040: 45 B0 89 83 18 1C 0D E9   1C B2 87 67 31 DF 7E 6E  E..........g1..n
0050: 1E F6 8E A5 46 7D 2E 32   5A DF B9 86 F7 9E 1A AA  ....F..2Z.......
0060: 15 7E 82 A2 24 E5 1B 5F   F2 EA E7 9C A0 7F C6 38  ....$.._.......8
0070: 13 13 60 30 D5 D3 1B D8   97 59 8E 1D 67 3A 4C 02  ..`0.....Y..g:L.
0080: 4F 0A 1E 65 D3 94 B8 2A   97 01 95 2D 43 B0 35 82  O..e...*...-C.5.
0090: 86 E5 FC 92 BA D2 14 78   92 96 AA F2 8F B0 1B B6  .......x........
00A0: CF 89 8C 03 7D 3B 73 46   79 5E 1B C0 EB 5A F6 60  .....;sFy^...Z.`
00B0: CC 07 05 2F CC 41 8C 3E   E8 5A 52 AD 92 ED E9 8D  .../.A.>.ZR.....
00C0: 96 FE 69 95 E6 B1 F5 E3   EE 2A 9A 68 8D A2 70 AC  ..i......*.h..p.
00D0: 5F DB 99 DD FB 2E 17 E9   03 B1 04 52 74 F1 EA F7  _..........Rt...
00E0: 2A 70 46 C9 C1 05 5E BF   46 68 74 8B 60 C5 AF C3  *pF...^.Fht.`...
00F0: 64 D2 A2 B5 31 0D FA A5   2F F1 E7 F5 C3 59 E9 9C  d...1.../....Y..

]
2023-10-17 18:54:21,596 [main] INFO  ssl.ReloadingX509KeyManager (ReloadingX509KeyManager.java:loadKeyManager(224)) - [
[
  Version: V3
  Subject: O=cluster1, OU=scm1, CN=rootCA@localhost
  Signature Algorithm: SHA256withRSA, OID = 1.2.840.113549.1.1.11

  Key:  Sun RSA public key, 2048 bits
  params: null
  modulus: 17171024524695963589196218855836824843358795969195211345759078463850149581352086085546063990075117169003081147357527578610861989408222642332092200602406396442579206940393505699374054758727506557937159412735864781021658904064606716406516425544157053022517258595624352686642557973435698943353611123251891904743909706268514252061168470349317282216173875788243533103397111388784640633604127501714739935086090586585065955534777241786584020407594547697743804392949436636530774024592505543797191388702240451358411366420482354353841730322383107211829154697775997194784250337535284599549598493216378863266362526869883447877871
  public exponent: 65537
  Validity: [From: Tue Oct 17 18:54:21 UTC 2023,
               To: Fri Nov 24 18:54:21 UTC 2028]
  Issuer: O=cluster1, OU=scm1, CN=rootCA@localhost
  SerialNumber: [    01]

Certificate Extensions: 2
[1]: ObjectId: 2.5.29.19 Criticality=true
BasicConstraints:[
  CA:true
  PathLen:2147483647
]

[2]: ObjectId: 2.5.29.15 Criticality=true
KeyUsage [
  Key_CertSign
  Crl_Sign
]

]
  Algorithm: [SHA256withRSA]
  Signature:
0000: 6C DA 9C A2 69 38 8A 81   80 B5 49 71 D8 41 59 47  l...i8....Iq.AYG
0010: 42 20 35 94 A7 C8 BA 25   0E 76 AA D4 11 D8 A6 4F  B 5....%.v.....O
0020: A9 42 03 57 D2 88 9D 9B   9D 44 8D C4 85 54 BF DA  .B.W.....D...T..
0030: B8 B4 5C 4F DA 11 06 02   E0 22 2B B7 EA 92 5A 0B  ..\O....."+...Z.
0040: 37 20 88 62 D4 2F 45 3D   70 1E 1D D2 71 C0 57 E9  7 .b./E=p...q.W.
0050: 3C F4 1B 7F 4D 77 85 84   3A 02 10 37 3F 10 36 78  <...Mw..:..7?.6x
0060: E0 CC 01 20 DA 49 13 35   04 BA A4 28 71 0A AB 4B  ... .I.5...(q..K
0070: 31 B8 38 1D B8 E0 2A 31   1E CA C3 AA 18 07 5F 1C  1.8...*1......_.
0080: A2 4A 75 A6 87 AB 22 6A   15 11 C9 6B 04 27 62 CB  .Ju..."j...k.'b.
0090: BF 49 05 D8 8A 93 05 AD   59 8B 9F A2 EA 1D 11 46  .I......Y......F
00A0: 99 53 F4 F7 14 41 65 DA   B1 D2 5D E7 66 A5 7C F1  .S...Ae...].f...
00B0: 0D CB 6C 96 84 29 AF EE   1D C0 F5 CF 56 97 54 51  ..l..)......V.TQ
00C0: 06 DF A8 EA 2C E4 B1 8F   09 CC 85 12 77 BF D0 88  ....,.......w...
00D0: 90 80 D1 D3 B9 24 CD 37   5D 68 A4 0B 1B A3 23 EC  .....$.7]h....#.
00E0: BF F8 16 51 EF 41 AB 58   A1 90 AF E4 7B 7C 9B 2C  ...Q.A.X.......,
00F0: F6 30 9C 6D 86 6D 8C 17   CC 16 DF D7 01 74 9E 13  .0.m.m.......t..

]
2023-10-17 18:54:21,597 [main] INFO  ssl.ReloadingX509TrustManager (ReloadingX509TrustManager.java:insertCertsToKeystore(188)) - Trust manager is loaded with certificates
2023-10-17 18:54:21,600 [main] INFO  ssl.ReloadingX509TrustManager (ReloadingX509TrustManager.java:insertCertsToKeystore(192)) - [
[
  Version: V3
  Subject: O=cluster1, OU=scm1, CN=rootCA@localhost
  Signature Algorithm: SHA256withRSA, OID = 1.2.840.113549.1.1.11

  Key:  Sun RSA public key, 2048 bits
  params: null
  modulus: 17171024524695963589196218855836824843358795969195211345759078463850149581352086085546063990075117169003081147357527578610861989408222642332092200602406396442579206940393505699374054758727506557937159412735864781021658904064606716406516425544157053022517258595624352686642557973435698943353611123251891904743909706268514252061168470349317282216173875788243533103397111388784640633604127501714739935086090586585065955534777241786584020407594547697743804392949436636530774024592505543797191388702240451358411366420482354353841730322383107211829154697775997194784250337535284599549598493216378863266362526869883447877871
  public exponent: 65537
  Validity: [From: Tue Oct 17 18:54:21 UTC 2023,
               To: Fri Nov 24 18:54:21 UTC 2028]
  Issuer: O=cluster1, OU=scm1, CN=rootCA@localhost
  SerialNumber: [    01]

Certificate Extensions: 2
[1]: ObjectId: 2.5.29.19 Criticality=true
BasicConstraints:[
  CA:true
  PathLen:2147483647
]

[2]: ObjectId: 2.5.29.15 Criticality=true
KeyUsage [
  Key_CertSign
  Crl_Sign
]

]
  Algorithm: [SHA256withRSA]
  Signature:
0000: 6C DA 9C A2 69 38 8A 81   80 B5 49 71 D8 41 59 47  l...i8....Iq.AYG
0010: 42 20 35 94 A7 C8 BA 25   0E 76 AA D4 11 D8 A6 4F  B 5....%.v.....O
0020: A9 42 03 57 D2 88 9D 9B   9D 44 8D C4 85 54 BF DA  .B.W.....D...T..
0030: B8 B4 5C 4F DA 11 06 02   E0 22 2B B7 EA 92 5A 0B  ..\O....."+...Z.
0040: 37 20 88 62 D4 2F 45 3D   70 1E 1D D2 71 C0 57 E9  7 .b./E=p...q.W.
0050: 3C F4 1B 7F 4D 77 85 84   3A 02 10 37 3F 10 36 78  <...Mw..:..7?.6x
0060: E0 CC 01 20 DA 49 13 35   04 BA A4 28 71 0A AB 4B  ... .I.5...(q..K
0070: 31 B8 38 1D B8 E0 2A 31   1E CA C3 AA 18 07 5F 1C  1.8...*1......_.
0080: A2 4A 75 A6 87 AB 22 6A   15 11 C9 6B 04 27 62 CB  .Ju..."j...k.'b.
0090: BF 49 05 D8 8A 93 05 AD   59 8B 9F A2 EA 1D 11 46  .I......Y......F
00A0: 99 53 F4 F7 14 41 65 DA   B1 D2 5D E7 66 A5 7C F1  .S...Ae...].f...
00B0: 0D CB 6C 96 84 29 AF EE   1D C0 F5 CF 56 97 54 51  ..l..)......V.TQ
00C0: 06 DF A8 EA 2C E4 B1 8F   09 CC 85 12 77 BF D0 88  ....,.......w...
00D0: 90 80 D1 D3 B9 24 CD 37   5D 68 A4 0B 1B A3 23 EC  .....$.7]h....#.
00E0: BF F8 16 51 EF 41 AB 58   A1 90 AF E4 7B 7C 9B 2C  ...Q.A.X.......,
00F0: F6 30 9C 6D 86 6D 8C 17   CC 16 DF D7 01 74 9E 13  .0.m.m.......t..

]
2023-10-17 18:54:21,667 [main] WARN  server.ServerUtils (ServerUtils.java:getScmDbDir(155)) - ozone.scm.db.dirs is not configured. We recommend adding this setting. Falling back to ozone.metadata.dirs instead.
2023-10-17 18:54:21,907 [main] INFO  reflections.Reflections (Reflections.java:scan(232)) - Reflections took 193 ms to scan 7 urls, producing 164 keys and 384 values 
2023-10-17 18:54:22,030 [main] WARN  server.ServerUtils (ServerUtils.java:getScmDbDir(155)) - ozone.scm.db.dirs is not configured. We recommend adding this setting. Falling back to ozone.metadata.dirs instead.
2023-10-17 18:54:22,034 [main] INFO  ha.SCMHANodeDetails (SCMHANodeDetails.java:loadSCMHAConfig(210)) - ServiceID for StorageContainerManager is null
2023-10-17 18:54:22,042 [main] WARN  ha.SCMHANodeDetails (SCMHANodeDetails.java:validateSCMHAConfig(183)) - Invalid config ozone.scm.ratis.enable. The config was not specified, but the default value true conflicts with the expected config value false. Falling back to the expected value. Current State of SCM: SCM is running in Non-HA without Ratis Ratis SCM -> Non Ratis SCM or Non HA SCM -> HA SCM is not supported
2023-10-17 18:54:22,042 [main] INFO  ha.SCMHANodeDetails (SCMHANodeDetails.java:loadSCMHAConfig(215)) - ozone.scm.default.service.id is not defined, falling back to ozone.scm.service.ids to find serviceID for StorageContainerManager if it is HA enabled cluster
2023-10-17 18:54:22,201 [main] WARN  utils.HAUtils (HAUtils.java:getMetaDir(339)) - ozone.scm.db.dirs is not configured. We recommend adding this setting. Falling back to ozone.metadata.dirs instead.
2023-10-17 18:54:22,381 [main] WARN  db.DBStoreBuilder (DBStoreBuilder.java:applyDBDefinition(167)) - ozone.scm.db.dirs is not configured. We recommend adding this setting. Falling back to ozone.metadata.dirs instead.
2023-10-17 18:54:22,669 [main] INFO  net.NodeSchemaLoader (NodeSchemaLoader.java:loadSchemaFromFile(129)) - Loading schema from [jar:file:/home/runner/.m2/repository/org/apache/ozone/hdds-common/1.4.0-SNAPSHOT/hdds-common-1.4.0-SNAPSHOT.jar!/network-topology-default.xml]
2023-10-17 18:54:22,674 [main] INFO  net.NodeSchemaLoader (NodeSchemaLoader.java:loadSchema(176)) - Loading network topology layer schema file
2023-10-17 18:54:22,704 [main] INFO  metrics.MetricRegistries (MetricRegistriesLoader.java:load(64)) - Loaded MetricRegistries class org.apache.ratis.metrics.impl.MetricRegistriesImpl
2023-10-17 18:54:22,724 [main] INFO  upgrade.AbstractLayoutVersionManager (AbstractLayoutVersionManager.java:init(83)) - Initializing Layout version manager with metadata layout = HADOOP_PRC_PORTS_IN_DATANODEDETAILS (version = 7), software layout = HADOOP_PRC_PORTS_IN_DATANODEDETAILS (version = 7)
2023-10-17 18:54:22,888 [main] INFO  ha.SequenceIdGenerator (SequenceIdGenerator.java:upgradeToSequenceId(365)) - upgrade localId to 111677748019200000
2023-10-17 18:54:22,891 [main] INFO  ha.SequenceIdGenerator (SequenceIdGenerator.java:upgradeToSequenceId(375)) - upgrade delTxnId to 0
2023-10-17 18:54:22,900 [main] INFO  ha.SequenceIdGenerator (SequenceIdGenerator.java:upgradeToSequenceId(392)) - upgrade containerId to 0
2023-10-17 18:54:22,903 [main] INFO  ha.SequenceIdGenerator (SequenceIdGenerator.java:upgradeToSequenceId(428)) - upgrade rootCertificateId to 1
2023-10-17 18:54:22,906 [main] INFO  ha.SequenceIdGenerator (SequenceIdGenerator.java:<init>(236)) - Init the HA SequenceIdGenerator.
2023-10-17 18:54:22,976 [main] WARN  server.ServerUtils (ServerUtils.java:sanitizeUserArgs(80)) - ozone.scm.stale.node.interval value = 300000 is larger than max = 100000 based on the key value of ozone.scm.heartbeat.thread.interval, reset to the max value 100000.
2023-10-17 18:54:22,977 [main] WARN  server.ServerUtils (ServerUtils.java:sanitizeUserArgs(80)) - ozone.scm.stale.node.interval value = 300000 is larger than max = 100000 based on the key value of ozone.scm.heartbeat.thread.interval, reset to the max value 100000.
2023-10-17 18:54:22,986 [main] INFO  node.SCMNodeManager (SCMNodeManager.java:<init>(157)) - Entering startup safe mode.
2023-10-17 18:54:23,013 [main] INFO  algorithms.ContainerPlacementPolicyFactory (ContainerPlacementPolicyFactory.java:getPolicyInternal(86)) - Create container placement policy of type org.apache.hadoop.hdds.scm.container.placement.algorithms.SCMContainerPlacementRackAware
2023-10-17 18:54:23,017 [main] INFO  algorithms.ContainerPlacementPolicyFactory (ContainerPlacementPolicyFactory.java:getPolicyInternal(86)) - Create container placement policy of type org.apache.hadoop.hdds.scm.container.placement.algorithms.SCMContainerPlacementRackScatter
2023-10-17 18:54:23,031 [main] INFO  pipeline.PipelineStateManagerImpl (PipelineStateManagerImpl.java:initialize(78)) - No pipeline exists in current db
2023-10-17 18:54:23,049 [main] INFO  algorithms.LeaderChoosePolicyFactory (LeaderChoosePolicyFactory.java:getPolicy(57)) - Create leader choose policy of type org.apache.hadoop.hdds.scm.pipeline.leader.choose.algorithms.MinLeaderCountChoosePolicy
2023-10-17 18:54:23,049 [main] INFO  algorithms.ContainerPlacementPolicyFactory (ContainerPlacementPolicyFactory.java:getPolicyInternal(86)) - Create container placement policy of type org.apache.hadoop.hdds.scm.container.placement.algorithms.SCMContainerPlacementRackScatter
2023-10-17 18:54:23,059 [main] INFO  ha.SCMServiceManager (SCMServiceManager.java:register(42)) - Registering service BackgroundPipelineCreator.
2023-10-17 18:54:23,059 [main] INFO  pipeline.BackgroundPipelineCreator (BackgroundPipelineCreator.java:start(124)) - Starting RatisPipelineUtilsThread.
2023-10-17 18:54:23,063 [main] INFO  BackgroundPipelineScrubber (BackgroundSCMService.java:start(68)) - Starting BackgroundPipelineScrubber Service.
2023-10-17 18:54:23,069 [main] INFO  ha.SCMServiceManager (SCMServiceManager.java:register(42)) - Registering service BackgroundPipelineScrubber.
2023-10-17 18:54:23,078 [main] INFO  ExpiredContainerReplicaOpScrubber (BackgroundSCMService.java:start(68)) - Starting ExpiredContainerReplicaOpScrubber Service.
2023-10-17 18:54:23,079 [main] INFO  ha.SCMServiceManager (SCMServiceManager.java:register(42)) - Registering service ExpiredContainerReplicaOpScrubber.
2023-10-17 18:54:23,119 [main] INFO  algorithms.PipelineChoosePolicyFactory (PipelineChoosePolicyFactory.java:createPipelineChoosePolicyFromClass(78)) - Create pipeline choose policy of type org.apache.hadoop.hdds.scm.pipeline.choose.algorithms.RandomPipelineChoosePolicy
2023-10-17 18:54:23,119 [main] INFO  algorithms.PipelineChoosePolicyFactory (PipelineChoosePolicyFactory.java:createPipelineChoosePolicyFromClass(78)) - Create pipeline choose policy of type org.apache.hadoop.hdds.scm.pipeline.choose.algorithms.RandomPipelineChoosePolicy
2023-10-17 18:54:23,161 [main] INFO  ha.SCMServiceManager (SCMServiceManager.java:register(42)) - Registering service SCMBlockDeletingService.
2023-10-17 18:54:23,252 [main] INFO  replication.ReplicationManager (ReplicationManager.java:start(291)) - Starting Replication Monitor Thread.
2023-10-17 18:54:23,253 [main] INFO  ha.SCMServiceManager (SCMServiceManager.java:register(42)) - Registering service ReplicationManager.
2023-10-17 18:54:23,265 [ReplicationMonitor] INFO  replication.ReplicationManager (ReplicationManager.java:processAll(365)) - Replication Manager is not ready to run until 3000ms after safemode exit
2023-10-17 18:54:23,274 [main] INFO  safemode.ContainerSafeModeRule (ContainerSafeModeRule.java:<init>(90)) - containers with one replica threshold count 0
2023-10-17 18:54:23,282 [main] INFO  safemode.HealthyPipelineSafeModeRule (HealthyPipelineSafeModeRule.java:initializeRule(169)) - Total pipeline count is 0, healthy pipeline threshold count is 1
2023-10-17 18:54:23,289 [main] INFO  safemode.OneReplicaPipelineSafeModeRule (OneReplicaPipelineSafeModeRule.java:initializeRule(180)) - Total pipeline count is 0, pipeline's with at least one datanode reported threshold count is 0
2023-10-17 18:54:23,304 [main] INFO  server.StorageContainerManager (StorageContainerManager.java:<init>(427)) - SCM start with adminUsers: [runner]
2023-10-17 18:54:23,341 [main] INFO  audit.AuditLogger (AuditLogger.java:refreshDebugCmdSet(126)) - Refresh DebugCmdSet for SCMAudit to [].
2023-10-17 18:54:23,383 [main] INFO  ipc.CallQueueManager (CallQueueManager.java:<init>(90)) - Using callQueue: class java.util.concurrent.LinkedBlockingQueue, queueCapacity: 2000, scheduler: class org.apache.hadoop.ipc.DefaultRpcScheduler, ipcBackoff: false.
2023-10-17 18:54:23,422 [main] INFO  ipc.Server (Server.java:<init>(1287)) - Listener at 0.0.0.0:15002
2023-10-17 18:54:23,426 [Socket Reader #1 for port 15002] INFO  ipc.Server (Server.java:run(1323)) - Starting Socket Reader #1 for port 15002
2023-10-17 18:54:23,517 [main] INFO  audit.AuditLogger (AuditLogger.java:refreshDebugCmdSet(126)) - Refresh DebugCmdSet for SCMAudit to [].
2023-10-17 18:54:23,524 [main] INFO  ipc.CallQueueManager (CallQueueManager.java:<init>(90)) - Using callQueue: class java.util.concurrent.LinkedBlockingQueue, queueCapacity: 2000, scheduler: class org.apache.hadoop.ipc.DefaultRpcScheduler, ipcBackoff: false.
2023-10-17 18:54:23,524 [main] INFO  ipc.Server (Server.java:<init>(1287)) - Listener at 0.0.0.0:15001
2023-10-17 18:54:23,525 [Socket Reader #1 for port 15001] INFO  ipc.Server (Server.java:run(1323)) - Starting Socket Reader #1 for port 15001
2023-10-17 18:54:23,570 [main] INFO  audit.AuditLogger (AuditLogger.java:refreshDebugCmdSet(126)) - Refresh DebugCmdSet for SCMAudit to [].
2023-10-17 18:54:23,583 [main] INFO  ipc.CallQueueManager (CallQueueManager.java:<init>(90)) - Using callQueue: class java.util.concurrent.LinkedBlockingQueue, queueCapacity: 2000, scheduler: class org.apache.hadoop.ipc.DefaultRpcScheduler, ipcBackoff: false.
2023-10-17 18:54:23,584 [main] INFO  ipc.Server (Server.java:<init>(1287)) - Listener at 0.0.0.0:15000
2023-10-17 18:54:23,585 [Socket Reader #1 for port 15000] INFO  ipc.Server (Server.java:run(1323)) - Starting Socket Reader #1 for port 15000
2023-10-17 18:54:23,661 [main] INFO  ha.SCMServiceManager (SCMServiceManager.java:register(42)) - Registering service ContainerBalancer.
2023-10-17 18:54:23,662 [main] INFO  server.StorageContainerManager (StorageContainerManager.java:<init>(440)) - 
Container Balancer status:
Key                            Value
Running                        false
Container Balancer Configuration values:
Key                                                Value
Threshold                                          10
Max Datanodes to Involve per Iteration(percent)    20
Max Size to Move per Iteration                     500GB
Max Size Entering Target per Iteration             26GB
Max Size Leaving Source per Iteration              26GB
Number of Iterations                               10
Time Limit for Single Container's Movement         65min
Time Limit for Single Container's Replication      50min
Interval between each Iteration                    70min
Whether to Enable Network Topology                 false
Whether to Trigger Refresh Datanode Usage Info     false
Container IDs to Exclude from Balancing            None
Datanodes Specified to be Balanced                 None
Datanodes Excluded from Balancing                  None

2023-10-17 18:54:23,662 [main] INFO  ha.SCMContext (SCMContext.java:updateSafeModeStatus(230)) - Update SafeModeStatus from SafeModeStatus{safeModeStatus=true, preCheckPassed=false} to SafeModeStatus{safeModeStatus=true, preCheckPassed=false}.
2023-10-17 18:54:23,666 [main] INFO  server.StorageContainerManager (StorageContainerManager.java:start(1492)) - StorageContainerLocationProtocol RPC server is listening at /0.0.0.0:15000
2023-10-17 18:54:23,666 [main] INFO  impl.MetricsSystemImpl (MetricsSystemImpl.java:init(158)) - StorageContainerManager metrics system started (again)
2023-10-17 18:54:23,731 [main] INFO  server.SCMClientProtocolServer (SCMClientProtocolServer.java:start(201)) - RPC server for Client  is listening at /0.0.0.0:15000
2023-10-17 18:54:23,732 [IPC Server Responder] INFO  ipc.Server (Server.java:run(1562)) - IPC Server Responder: starting
2023-10-17 18:54:23,734 [IPC Server listener on 15000] INFO  ipc.Server (Server.java:run(1402)) - IPC Server listener on 15000: starting
2023-10-17 18:54:23,744 [main] INFO  server.StorageContainerManager (StorageContainerManager.java:start(1505)) - ScmBlockLocationProtocol RPC server is listening at /0.0.0.0:15001
2023-10-17 18:54:23,745 [main] INFO  server.SCMBlockProtocolServer (SCMBlockProtocolServer.java:start(154)) - RPC server for Block Protocol is listening at /0.0.0.0:15001
2023-10-17 18:54:23,749 [IPC Server Responder] INFO  ipc.Server (Server.java:run(1562)) - IPC Server Responder: starting
2023-10-17 18:54:23,749 [IPC Server listener on 15001] INFO  ipc.Server (Server.java:run(1402)) - IPC Server listener on 15001: starting
2023-10-17 18:54:23,753 [main] INFO  server.SCMDatanodeProtocolServer (SCMDatanodeProtocolServer.java:start(193)) - ScmDatanodeProtocol RPC server for DataNodes is listening at /0.0.0.0:15002
2023-10-17 18:54:23,754 [IPC Server Responder] INFO  ipc.Server (Server.java:run(1562)) - IPC Server Responder: starting
2023-10-17 18:54:23,754 [IPC Server listener on 15002] INFO  ipc.Server (Server.java:run(1402)) - IPC Server listener on 15002: starting
2023-10-17 18:54:23,786 [JvmPauseMonitor0] INFO  util.JvmPauseMonitor (JvmPauseMonitor.java:run(103)) - JvmPauseMonitor-01c20c05-cfac-4d7a-ae43-8a90a346c983: Started
2023-10-17 18:54:23,797 [main] INFO  http.BaseHttpServer (BaseHttpServer.java:newHttpServer2BuilderForOzone(223)) - Starting Web-server for scm at: http://0.0.0.0:15003
2023-10-17 18:54:23,798 [main] INFO  http.BaseHttpServer (BaseHttpServer.java:<init>(110)) - Hadoop Security Enabled: false Ozone Security Enabled: false Ozone HTTP Security Enabled: false 
2023-10-17 18:54:23,820 [main] WARN  server.AuthenticationFilter (AuthenticationFilter.java:constructSecretProvider(240)) - Unable to initialize FileSignerSecretProvider, falling back to use random secrets. Reason: Could not read signature secret file: /home/runner/hadoop-http-auth-signature-secret
2023-10-17 18:54:23,824 [main] INFO  http.HttpRequestLog (HttpRequestLog.java:getRequestLog(86)) - Http request log for http.requests.scm is not defined
2023-10-17 18:54:23,829 [main] INFO  http.HttpServer2 (HttpServer2.java:addGlobalFilter(1031)) - Added global filter 'safety' (class=org.apache.hadoop.hdds.server.http.HttpServer2$QuotingInputFilter)
2023-10-17 18:54:23,831 [main] INFO  http.HttpServer2 (HttpServer2.java:addFilter(1007)) - Added filter static_user_filter (class=org.apache.hadoop.http.lib.StaticUserWebFilter$StaticUserFilter) to context scm
2023-10-17 18:54:23,831 [main] INFO  http.HttpServer2 (HttpServer2.java:addFilter(1015)) - Added filter static_user_filter (class=org.apache.hadoop.http.lib.StaticUserWebFilter$StaticUserFilter) to context logs
2023-10-17 18:54:23,831 [main] INFO  http.HttpServer2 (HttpServer2.java:addFilter(1015)) - Added filter static_user_filter (class=org.apache.hadoop.http.lib.StaticUserWebFilter$StaticUserFilter) to context static
2023-10-17 18:54:23,839 [main] INFO  http.BaseHttpServer (BaseHttpServer.java:<init>(189)) - HTTP server of scm uses base directory /home/runner/work/ozone/ozone/hadoop-ozone/integration-test/target/test-dir/MiniOzoneClusterImpl-6d5b43b8-50d7-4b60-8424-e359ec6f806a/ozone-meta/webserver
2023-10-17 18:54:23,839 [main] INFO  http.HttpServer2 (HttpServer2.java:bindListener(1231)) - Jetty bound to port 15003
2023-10-17 18:54:23,840 [main] INFO  server.Server (Server.java:doStart(375)) - jetty-9.4.53.v20231009; built: 2023-10-09T12:29:09.265Z; git: 27bde00a0b95a1d5bbee0eae7984f891d2d0f8c9; jvm 1.8.0_382-b05
2023-10-17 18:54:23,842 [main] INFO  server.session (DefaultSessionIdManager.java:doStart(334)) - DefaultSessionIdManager workerName=node0
2023-10-17 18:54:23,842 [main] INFO  server.session (DefaultSessionIdManager.java:doStart(339)) - No SessionScavenger set, using defaults
2023-10-17 18:54:23,843 [main] INFO  server.session (HouseKeeper.java:startScavenging(132)) - node0 Scavenging every 600000ms
2023-10-17 18:54:23,845 [main] INFO  handler.ContextHandler (ContextHandler.java:doStart(921)) - Started o.e.j.s.ServletContextHandler@2fc8e9b8{logs,/logs,file:///home/runner/work/ozone/ozone/hadoop-ozone/integration-test/target/log,AVAILABLE}
2023-10-17 18:54:23,846 [main] INFO  handler.ContextHandler (ContextHandler.java:doStart(921)) - Started o.e.j.s.ServletContextHandler@15364d8b{static,/static,file:///home/runner/work/ozone/ozone/hadoop-ozone/integration-test/target/test-classes/webapps/static,AVAILABLE}
2023-10-17 18:54:23,853 [main] INFO  handler.ContextHandler (ContextHandler.java:doStart(921)) - Started o.e.j.w.WebAppContext@1f7b7ac4{scm,/,file:///home/runner/work/ozone/ozone/hadoop-ozone/integration-test/target/test-classes/webapps/scm/,AVAILABLE}{file:/home/runner/work/ozone/ozone/hadoop-ozone/integration-test/target/test-classes/webapps/scm}
2023-10-17 18:54:23,860 [main] INFO  server.AbstractConnector (AbstractConnector.java:doStart(333)) - Started ServerConnector@7534b2a4{HTTP/1.1, (http/1.1)}{0.0.0.0:15003}
2023-10-17 18:54:23,860 [main] INFO  server.Server (Server.java:doStart(415)) - Started @9115ms
2023-10-17 18:54:23,867 [main] INFO  impl.MetricsSinkAdapter (MetricsSinkAdapter.java:start(204)) - Sink prometheus started
2023-10-17 18:54:23,867 [main] INFO  impl.MetricsSystemImpl (MetricsSystemImpl.java:registerSink(305)) - Registered sink prometheus
2023-10-17 18:54:23,869 [main] INFO  http.BaseHttpServer (BaseHttpServer.java:updateConnectorAddress(354)) - HTTP server of scm listening at http://0.0.0.0:15003
2023-10-17 18:54:23,871 [main] WARN  server.ServerUtils (ServerUtils.java:getDBPath(311)) - ozone.om.db.dirs is not configured. We recommend adding this setting. Falling back to ozone.metadata.dirs instead.
2023-10-17 18:54:23,883 [main] INFO  ha.OMHANodeDetails (OMHANodeDetails.java:loadOMHAConfig(115)) - ozone.om.internal.service.id is not defined, falling back to ozone.om.service.ids to find serviceID for OzoneManager if it is HA enabled cluster
2023-10-17 18:54:23,887 [main] INFO  ha.OMHANodeDetails (OMHANodeDetails.java:loadOMHAConfig(226)) - Configuration does not have ozone.om.address set. Falling back to the default OM address /127.0.0.1:15004
2023-10-17 18:54:23,887 [main] INFO  ha.OMHANodeDetails (OMHANodeDetails.java:getOMNodeDetailsForNonHA(254)) - OM Service ID is not set. Setting it to the default ID: omServiceIdDefault
2023-10-17 18:54:23,887 [main] INFO  ha.OMHANodeDetails (OMHANodeDetails.java:getOMNodeDetailsForNonHA(261)) - OM Node ID is not set. Setting it to the default ID: om1
2023-10-17 18:54:23,892 [main] WARN  server.ServerUtils (ServerUtils.java:getDBPath(311)) - ozone.om.db.dirs is not configured. We recommend adding this setting. Falling back to ozone.metadata.dirs instead.
2023-10-17 18:54:23,907 [main] INFO  upgrade.AbstractLayoutVersionManager (AbstractLayoutVersionManager.java:init(83)) - Initializing Layout version manager with metadata layout = QUOTA (version = 6), software layout = QUOTA (version = 6)
2023-10-17 18:54:24,026 [main] INFO  reflections.Reflections (Reflections.java:scan(232)) - Reflections took 115 ms to scan 2 urls, producing 190 keys and 532 values [using 2 cores]
2023-10-17 18:54:24,034 [main] INFO  upgrade.OMLayoutVersionManager (OMLayoutVersionManager.java:lambda$0(115)) - Skipping Upgrade Action QuotaRepairUpgradeAction since it has been finalized.
2023-10-17 18:54:24,041 [main] INFO  upgrade.OMLayoutVersionManager (OMLayoutVersionManager.java:lambda$0(115)) - Skipping Upgrade Action MockOmUpgradeAction since it has been finalized.
2023-10-17 18:54:24,043 [main] WARN  server.ServerUtils (ServerUtils.java:getDBPath(311)) - ozone.om.db.dirs is not configured. We recommend adding this setting. Falling back to ozone.metadata.dirs instead.
2023-10-17 18:54:24,234 [main] INFO  proxy.SCMBlockLocationFailoverProxyProvider (SCMBlockLocationFailoverProxyProvider.java:<init>(114)) - Created block location fail-over proxy with 1 nodes: [nodeId=scmNodeId,nodeAddress=/0.0.0.0:15001]
2023-10-17 18:54:24,322 [main] INFO  om.OzoneManager (OzoneManager.java:<init>(671)) - OM start with adminUsers: [runner]
2023-10-17 18:54:24,342 [main] WARN  server.ServerUtils (ServerUtils.java:getDBPath(311)) - ozone.om.db.dirs is not configured. We recommend adding this setting. Falling back to ozone.metadata.dirs instead.
2023-10-17 18:54:24,559 [main] INFO  helpers.OmKeyInfo (OmKeyInfo.java:getCodec(71)) - OmKeyInfo.getCodec ignorePipeline = true
2023-10-17 18:54:24,920 [main] INFO  om.OzoneManager (OzoneManager.java:instantiateServices(800)) - S3 Multi-Tenancy is disabled
2023-10-17 18:54:24,932 [main] INFO  security.OzoneSecretStore (OzoneSecretStore.java:loadState(69)) - Loaded 0 tokens
2023-10-17 18:54:24,933 [main] INFO  security.OzoneDelegationTokenSecretManager (OzoneDelegationTokenSecretManager.java:loadTokenSecretState(530)) - Loading token state into token manager.
2023-10-17 18:54:24,961 [main] INFO  om.OmSnapshotManager (OmSnapshotManager.java:<init>(174)) - Ozone filesystem snapshot feature is enabled.
2023-10-17 18:54:24,970 [main] WARN  server.ServerUtils (ServerUtils.java:getDBPath(311)) - ozone.om.snapshot.diff.db.dir is not configured. We recommend adding this setting. Falling back to ozone.metadata.dirs instead.
2023-10-17 18:54:25,023 [main] INFO  utils.NativeLibraryLoader (NativeLibraryLoader.java:loadLibrary(108)) - Loading Library: ozone_rocksdb_tools
2023-10-17 18:54:25,024 [main] INFO  snapshot.SnapshotDiffManager (SnapshotDiffManager.java:closeExecutorService(1720)) - Shutting down executorService: 'SstDumpToolExecutor'
2023-10-17 18:54:25,106 [main] INFO  om.OzoneManager (OzoneManager.java:addS3GVolumeToDB(4376)) - Created Volume s3v With Owner runner required for S3Gateway operations.
2023-10-17 18:54:25,182 [main] WARN  server.ServerUtils (ServerUtils.java:getDefaultRatisDirectory(323)) - Storage directory for Ratis is not configured. It is a good idea to map this to an SSD disk. Falling back to ozone.metadata.dirs
2023-10-17 18:54:25,183 [main] WARN  utils.OzoneManagerRatisUtils (OzoneManagerRatisUtils.java:getOMRatisSnapshotDirectory(470)) - ozone.om.ratis.snapshot.dir is not configured. Falling back to ozone.metadata.dirs config
2023-10-17 18:54:25,200 [main] WARN  server.ServerUtils (ServerUtils.java:getDefaultRatisDirectory(323)) - Storage directory for Ratis is not configured. It is a good idea to map this to an SSD disk. Falling back to ozone.metadata.dirs
2023-10-17 18:54:25,236 [main] INFO  ratis.OzoneManagerRatisServer (OzoneManagerRatisServer.java:<init>(164)) - Instantiating OM Ratis server with groupID: omServiceIdDefault and peers: localhost:15007
2023-10-17 18:54:25,247 [main] INFO  ratis.OzoneManagerStateMachine (OzoneManagerStateMachine.java:loadSnapshotInfoFromDB(691)) - LastAppliedIndex is set from TransactionInfo from OM DB as (t:0, i:~)
2023-10-17 18:54:25,332 [main] INFO  server.RaftServer (ConfUtils.java:logGet(46)) - raft.rpc.type = GRPC (default)
2023-10-17 18:54:25,343 [main] INFO  grpc.GrpcConfigKeys (ConfUtils.java:logFallback(53)) - raft.grpc.admin.host = null (fallback to raft.grpc.server.host)
2023-10-17 18:54:25,345 [main] INFO  grpc.GrpcConfigKeys (ConfUtils.java:logFallback(53)) - raft.grpc.admin.port = 15007 (fallback to raft.grpc.server.port)
2023-10-17 18:54:25,346 [main] INFO  grpc.GrpcConfigKeys (ConfUtils.java:logFallback(53)) - raft.grpc.client.host = null (fallback to raft.grpc.server.host)
2023-10-17 18:54:25,347 [main] INFO  grpc.GrpcConfigKeys (ConfUtils.java:logFallback(53)) - raft.grpc.client.port = 15007 (fallback to raft.grpc.server.port)
2023-10-17 18:54:25,347 [main] INFO  grpc.GrpcConfigKeys (ConfUtils.java:logGet(46)) - raft.grpc.server.host = null (default)
2023-10-17 18:54:25,347 [main] INFO  grpc.GrpcConfigKeys (ConfUtils.java:logGet(46)) - raft.grpc.server.port = 15007 (custom)
2023-10-17 18:54:25,348 [main] INFO  server.GrpcService (ConfUtils.java:logGet(46)) - raft.grpc.message.size.max = 33554432 (custom)
2023-10-17 18:54:25,349 [main] INFO  server.RaftServerConfigKeys (ConfUtils.java:logGet(46)) - raft.server.log.appender.buffer.byte-limit = 33554432 (custom)
2023-10-17 18:54:25,350 [main] INFO  server.GrpcService (ConfUtils.java:logGet(46)) - raft.grpc.flow.control.window = 1MB (=1048576) (default)
2023-10-17 18:54:25,351 [main] INFO  server.RaftServerConfigKeys (ConfUtils.java:logGet(46)) - raft.server.rpc.request.timeout = 3000ms (default)
2023-10-17 18:54:25,365 [main] INFO  grpc.GrpcConfigKeys (ConfUtils.java:logGet(46)) - raft.grpc.server.heartbeat.channel = true (default)
2023-10-17 18:54:25,371 [main] INFO  grpc.GrpcConfigKeys (ConfUtils.java:logGet(46)) - raft.grpc.server.async.request.thread.pool.cached = true (default)
2023-10-17 18:54:25,372 [main] INFO  grpc.GrpcConfigKeys (ConfUtils.java:logGet(46)) - raft.grpc.server.async.request.thread.pool.size = 32 (default)
2023-10-17 18:54:25,634 [main] INFO  impl.DataStreamServerImpl (ConfUtils.java:logGet(46)) - raft.datastream.type = DISABLED (default)
2023-10-17 18:54:25,637 [main] INFO  server.RaftServerConfigKeys (ConfUtils.java:logGet(46)) - raft.server.threadpool.proxy.cached = true (default)
2023-10-17 18:54:25,638 [main] INFO  server.RaftServerConfigKeys (ConfUtils.java:logGet(46)) - raft.server.threadpool.proxy.size = 0 (default)
2023-10-17 18:54:25,638 [main] INFO  server.RaftServerConfigKeys (ConfUtils.java:logGet(46)) - raft.server.rpc.slowness.timeout = 120s (custom)
2023-10-17 18:54:25,639 [main] INFO  server.RaftServerConfigKeys (ConfUtils.java:logGet(46)) - raft.server.leaderelection.leader.step-down.wait-time = 10s (default)
2023-10-17 18:54:25,640 [main] INFO  server.RaftServerConfigKeys (ConfUtils.java:logGet(46)) - raft.server.storage.dir = [/home/runner/work/ozone/ozone/hadoop-ozone/integration-test/target/test-dir/MiniOzoneClusterImpl-6d5b43b8-50d7-4b60-8424-e359ec6f806a/ozone-meta/ratis] (custom)
2023-10-17 18:54:25,649 [main] INFO  server.RaftServer (RaftServerProxy.java:addNew(98)) - om1: addNew group-C5BA1605619E:[om1|rpc:localhost:15007|priority:0|startupRole:FOLLOWER] returns group-C5BA1605619E:java.util.concurrent.CompletableFuture@3b396dbf[Not completed]
2023-10-17 18:54:25,649 [main] INFO  om.OzoneManager (OzoneManager.java:initializeRatisServer(2147)) - OzoneManager Ratis server initialized at port 15007
2023-10-17 18:54:25,653 [main] INFO  om.OzoneManager (OzoneManager.java:getRpcServer(1202)) - Creating RPC Server
2023-10-17 18:54:25,705 [om1-groupManagement] INFO  server.RaftServer$Division (RaftServerImpl.java:<init>(198)) - om1: new RaftServerImpl for group-C5BA1605619E:[om1|rpc:localhost:15007|priority:0|startupRole:FOLLOWER] with OzoneManagerStateMachine:uninitialized
2023-10-17 18:54:25,708 [om1-groupManagement] INFO  server.RaftServerConfigKeys (ConfUtils.java:logGet(46)) - raft.server.rpc.timeout.min = 1s (custom)
2023-10-17 18:54:25,709 [om1-groupManagement] INFO  server.RaftServerConfigKeys (ConfUtils.java:logGet(46)) - raft.server.rpc.timeout.max = 1200ms (custom)
2023-10-17 18:54:25,709 [om1-groupManagement] INFO  server.RaftServerConfigKeys (ConfUtils.java:logGet(46)) - raft.server.rpc.sleep.time = 25ms (default)
2023-10-17 18:54:25,709 [om1-groupManagement] INFO  server.RaftServerConfigKeys (ConfUtils.java:logGet(46)) - raft.server.rpc.slowness.timeout = 120s (custom)
2023-10-17 18:54:25,709 [om1-groupManagement] INFO  server.RaftServerConfigKeys (ConfUtils.java:logGet(46)) - raft.server.leaderelection.leader.step-down.wait-time = 10s (default)
2023-10-17 18:54:25,710 [om1-groupManagement] INFO  server.RaftServerConfigKeys (ConfUtils.java:logGet(46)) - raft.server.sleep.deviation.threshold = 300ms (default)
2023-10-17 18:54:25,724 [om1-groupManagement] INFO  server.RaftServer$Division (ServerState.java:<init>(120)) - om1@group-C5BA1605619E: ConfigurationManager, init=-1: peers:[om1|rpc:localhost:15007|priority:0|startupRole:FOLLOWER]|listeners:[], old=null, confs=<EMPTY_MAP>
2023-10-17 18:54:25,724 [om1-groupManagement] INFO  server.RaftServerConfigKeys (ConfUtils.java:logGet(46)) - raft.server.storage.dir = [/home/runner/work/ozone/ozone/hadoop-ozone/integration-test/target/test-dir/MiniOzoneClusterImpl-6d5b43b8-50d7-4b60-8424-e359ec6f806a/ozone-meta/ratis] (custom)
2023-10-17 18:54:25,741 [om1-groupManagement] INFO  server.RaftServerConfigKeys (ConfUtils.java:logGet(46)) - raft.server.log.corruption.policy = EXCEPTION (default)
2023-10-17 18:54:25,743 [om1-groupManagement] INFO  server.RaftServerConfigKeys (ConfUtils.java:logGet(46)) - raft.server.storage.free-space.min = 0MB (=0) (default)
2023-10-17 18:54:25,759 [om1-groupManagement] INFO  server.RaftServerConfigKeys (ConfUtils.java:logGet(46)) - raft.server.notification.no-leader.timeout = 120s (custom)
2023-10-17 18:54:25,773 [om1-groupManagement] INFO  server.RaftServerConfigKeys (ConfUtils.java:logGet(46)) - raft.server.read.timeout = 10s (default)
2023-10-17 18:54:25,782 [om1-groupManagement] INFO  server.RaftServerConfigKeys (ConfUtils.java:logGet(46)) - raft.server.retrycache.expirytime = 300s (custom)
2023-10-17 18:54:25,782 [om1-groupManagement] INFO  server.RaftServerConfigKeys (ConfUtils.java:logGet(46)) - raft.server.retrycache.statistics.expirytime = 100μs (default)
2023-10-17 18:54:25,831 [om1-groupManagement] INFO  server.RaftServerConfigKeys (ConfUtils.java:logGet(46)) - raft.server.read.option = DEFAULT (default)
2023-10-17 18:54:25,885 [om1-groupManagement] INFO  server.RaftServerConfigKeys (ConfUtils.java:logGet(46)) - raft.server.rpc.request.timeout = 3000ms (default)
2023-10-17 18:54:25,888 [om1-groupManagement] INFO  server.RaftServerConfigKeys (ConfUtils.java:logGet(46)) - raft.server.log.appender.install.snapshot.enabled = false (custom)
2023-10-17 18:54:25,889 [om1-groupManagement] INFO  server.RaftServerConfigKeys (ConfUtils.java:logGet(46)) - raft.server.threadpool.server.cached = true (default)
2023-10-17 18:54:25,889 [om1-groupManagement] INFO  server.RaftServerConfigKeys (ConfUtils.java:logGet(46)) - raft.server.threadpool.server.size = 0 (default)
2023-10-17 18:54:25,890 [om1-groupManagement] INFO  server.RaftServerConfigKeys (ConfUtils.java:logGet(46)) - raft.server.threadpool.client.cached = true (default)
2023-10-17 18:54:25,890 [om1-groupManagement] INFO  server.RaftServerConfigKeys (ConfUtils.java:logGet(46)) - raft.server.threadpool.client.size = 0 (default)
2023-10-17 18:54:26,479 [main] INFO  reflections.Reflections (Reflections.java:scan(232)) - Reflections took 758 ms to scan 20 urls, producing 71 keys and 6047 values [using 2 cores]
2023-10-17 18:54:26,692 [main] INFO  ipc.CallQueueManager (CallQueueManager.java:<init>(90)) - Using callQueue: class java.util.concurrent.LinkedBlockingQueue, queueCapacity: 2000, scheduler: class org.apache.hadoop.ipc.DefaultRpcScheduler, ipcBackoff: false.
2023-10-17 18:54:26,700 [main] INFO  ipc.Server (Server.java:<init>(1287)) - Listener at 127.0.0.1:15004
2023-10-17 18:54:26,701 [Socket Reader #1 for port 15004] INFO  ipc.Server (Server.java:run(1323)) - Starting Socket Reader #1 for port 15004
2023-10-17 18:54:26,748 [main] INFO  impl.MetricsSystemImpl (MetricsSystemImpl.java:init(158)) - OzoneManager metrics system started (again)
2023-10-17 18:54:26,765 [main] INFO  om.OzoneManager (OzoneManager.java:start(1635)) - OzoneManager RPC server is listening at localhost/127.0.0.1:15004
2023-10-17 18:54:26,766 [main] INFO  ratis.OzoneManagerRatisServer (OzoneManagerRatisServer.java:start(559)) - Starting OzoneManagerRatisServer om1 at port 15007
2023-10-17 18:54:26,769 [om1-impl-thread1] INFO  storage.RaftStorageDirectory (RaftStorageDirectoryImpl.java:analyzeStorage(137)) - The storage directory /home/runner/work/ozone/ozone/hadoop-ozone/integration-test/target/test-dir/MiniOzoneClusterImpl-6d5b43b8-50d7-4b60-8424-e359ec6f806a/ozone-meta/ratis/bf265839-605b-3f16-9796-c5ba1605619e does not exist. Creating ...
2023-10-17 18:54:26,774 [om1-impl-thread1] INFO  storage.RaftStorageDirectory (RaftStorageDirectoryImpl.java:tryLock(231)) - Lock on /home/runner/work/ozone/ozone/hadoop-ozone/integration-test/target/test-dir/MiniOzoneClusterImpl-6d5b43b8-50d7-4b60-8424-e359ec6f806a/ozone-meta/ratis/bf265839-605b-3f16-9796-c5ba1605619e/in_use.lock acquired by nodename 97056@fv-az82-357
2023-10-17 18:54:26,779 [om1-impl-thread1] INFO  storage.RaftStorage (RaftStorageImpl.java:format(96)) - Storage directory /home/runner/work/ozone/ozone/hadoop-ozone/integration-test/target/test-dir/MiniOzoneClusterImpl-6d5b43b8-50d7-4b60-8424-e359ec6f806a/ozone-meta/ratis/bf265839-605b-3f16-9796-c5ba1605619e has been successfully formatted.
2023-10-17 18:54:26,782 [om1-impl-thread1] INFO  server.RaftServerConfigKeys (ConfUtils.java:logGet(46)) - raft.server.log.use.memory = false (default)
2023-10-17 18:54:26,790 [om1-impl-thread1] INFO  server.RaftServerConfigKeys (ConfUtils.java:logGet(46)) - raft.server.log.purge.gap = 1000000 (custom)
2023-10-17 18:54:26,790 [om1-impl-thread1] INFO  server.RaftServerConfigKeys (ConfUtils.java:logGet(46)) - raft.server.log.appender.buffer.byte-limit = 33554432 (custom)
2023-10-17 18:54:26,792 [om1-impl-thread1] INFO  server.RaftServerConfigKeys (ConfUtils.java:logGet(46)) - raft.server.log.statemachine.data.read.timeout = 1000ms (default)
2023-10-17 18:54:26,793 [om1-impl-thread1] INFO  server.RaftServerConfigKeys (ConfUtils.java:logGet(46)) - raft.server.log.purge.preservation.log.num = 0 (default)
2023-10-17 18:54:26,795 [om1-impl-thread1] INFO  server.RaftServerConfigKeys (ConfUtils.java:logGet(46)) - raft.server.log.segment.size.max = 4194304 (custom)
2023-10-17 18:54:26,801 [om1-impl-thread1] INFO  server.RaftServerConfigKeys (ConfUtils.java:logGet(46)) - raft.server.log.segment.cache.num.max = 2 (custom)
2023-10-17 18:54:26,802 [om1-impl-thread1] INFO  server.RaftServerConfigKeys (ConfUtils.java:logGet(46)) - raft.server.log.segment.cache.size.max = 200MB (=209715200) (default)
2023-10-17 18:54:26,802 [om1-impl-thread1] INFO  server.RaftServerConfigKeys (ConfUtils.java:logGet(46)) - raft.server.log.appender.buffer.byte-limit = 33554432 (custom)
2023-10-17 18:54:26,808 [om1-impl-thread1] INFO  segmented.SegmentedRaftLogWorker (SegmentedRaftLogWorker.java:<init>(188)) - new om1@group-C5BA1605619E-SegmentedRaftLogWorker for RaftStorageImpl:Storage Directory /home/runner/work/ozone/ozone/hadoop-ozone/integration-test/target/test-dir/MiniOzoneClusterImpl-6d5b43b8-50d7-4b60-8424-e359ec6f806a/ozone-meta/ratis/bf265839-605b-3f16-9796-c5ba1605619e
2023-10-17 18:54:26,808 [om1-impl-thread1] INFO  server.RaftServerConfigKeys (ConfUtils.java:logGet(46)) - raft.server.log.queue.byte-limit = 64MB (=67108864) (default)
2023-10-17 18:54:26,809 [om1-impl-thread1] INFO  server.RaftServerConfigKeys (ConfUtils.java:logGet(46)) - raft.server.log.queue.element-limit = 4096 (default)
2023-10-17 18:54:26,810 [om1-impl-thread1] INFO  server.RaftServerConfigKeys (ConfUtils.java:logGet(46)) - raft.server.log.segment.size.max = 4194304 (custom)
2023-10-17 18:54:26,810 [om1-impl-thread1] INFO  server.RaftServerConfigKeys (ConfUtils.java:logGet(46)) - raft.server.log.preallocated.size = 4194304 (custom)
2023-10-17 18:54:26,811 [om1-impl-thread1] INFO  server.RaftServerConfigKeys (ConfUtils.java:logGet(46)) - raft.server.log.force.sync.num = 128 (default)
2023-10-17 18:54:26,812 [om1-impl-thread1] INFO  server.RaftServerConfigKeys (ConfUtils.java:logGet(46)) - raft.server.log.statemachine.data.sync = true (default)
2023-10-17 18:54:26,812 [om1-impl-thread1] INFO  server.RaftServerConfigKeys (ConfUtils.java:logGet(46)) - raft.server.log.statemachine.data.sync.timeout = 10s (default)
2023-10-17 18:54:26,812 [om1-impl-thread1] INFO  server.RaftServerConfigKeys (ConfUtils.java:logGet(46)) - raft.server.log.statemachine.data.sync.timeout.retry = -1 (default)
2023-10-17 18:54:26,820 [om1-impl-thread1] INFO  server.RaftServerConfigKeys (ConfUtils.java:logGet(46)) - raft.server.log.write.buffer.size = 64KB (=65536) (default)
2023-10-17 18:54:26,820 [om1-impl-thread1] INFO  server.RaftServerConfigKeys (ConfUtils.java:logGet(46)) - raft.server.log.appender.buffer.byte-limit = 33554432 (custom)
2023-10-17 18:54:26,832 [om1-impl-thread1] INFO  server.RaftServerConfigKeys (ConfUtils.java:logGet(46)) - raft.server.log.unsafe-flush.enabled = false (default)
2023-10-17 18:54:26,833 [om1-impl-thread1] INFO  server.RaftServerConfigKeys (ConfUtils.java:logGet(46)) - raft.server.log.async-flush.enabled = false (default)
2023-10-17 18:54:26,833 [om1-impl-thread1] INFO  server.RaftServerConfigKeys (ConfUtils.java:logGet(46)) - raft.server.log.statemachine.data.caching.enabled = false (default)
2023-10-17 18:54:26,841 [om1-impl-thread1] INFO  segmented.SegmentedRaftLogWorker (SegmentedRaftLogWorker.java:lambda$new$0(135)) - om1@group-C5BA1605619E-SegmentedRaftLogWorker: flushIndex: setUnconditionally 0 -> -1
2023-10-17 18:54:26,841 [om1-impl-thread1] INFO  segmented.SegmentedRaftLogWorker (SegmentedRaftLogWorker.java:lambda$new$0(135)) - om1@group-C5BA1605619E-SegmentedRaftLogWorker: safeCacheEvictIndex: setUnconditionally 0 -> -1
2023-10-17 18:54:26,843 [om1-impl-thread1] INFO  server.RaftServer$Division (RaftServerImpl.java:start(342)) - om1@group-C5BA1605619E: start as a follower, conf=-1: peers:[om1|rpc:localhost:15007|priority:0|startupRole:FOLLOWER]|listeners:[], old=null
2023-10-17 18:54:26,848 [om1-impl-thread1] INFO  server.RaftServer$Division (RaftServerImpl.java:setRole(329)) - om1@group-C5BA1605619E: changes role from      null to FOLLOWER at term 0 for startAsFollower
2023-10-17 18:54:26,849 [om1-impl-thread1] INFO  impl.RoleInfo (RoleInfo.java:updateAndGet(139)) - om1: start om1@group-C5BA1605619E-FollowerState
2023-10-17 18:54:26,851 [om1-impl-thread1] INFO  util.JmxRegister (JmxRegister.java:tryRegister(44)) - Successfully registered JMX Bean with object name Ratis:service=RaftServer,group=group-C5BA1605619E,id=om1
2023-10-17 18:54:26,853 [om1-impl-thread1] INFO  server.RaftServerConfigKeys (ConfUtils.java:logGet(46)) - raft.server.snapshot.auto.trigger.enabled = true (custom)
2023-10-17 18:54:26,853 [om1-impl-thread1] INFO  server.RaftServerConfigKeys (ConfUtils.java:logGet(46)) - raft.server.snapshot.auto.trigger.threshold = 400000 (default)
2023-10-17 18:54:26,854 [om1-impl-thread1] INFO  server.RaftServerConfigKeys (ConfUtils.java:logGet(46)) - raft.server.snapshot.retention.file.num = -1 (default)
2023-10-17 18:54:26,854 [om1-impl-thread1] INFO  server.RaftServerConfigKeys (ConfUtils.java:logGet(46)) - raft.server.log.purge.upto.snapshot.index = true (custom)
2023-10-17 18:54:26,856 [om1@group-C5BA1605619E-FollowerState] INFO  server.RaftServerConfigKeys (ConfUtils.java:logFallback(53)) - raft.server.rpc.first-election.timeout.min = 1s (fallback to raft.server.rpc.timeout.min)
2023-10-17 18:54:26,856 [om1@group-C5BA1605619E-FollowerState] INFO  server.RaftServerConfigKeys (ConfUtils.java:logFallback(53)) - raft.server.rpc.first-election.timeout.max = 1200ms (fallback to raft.server.rpc.timeout.max)
2023-10-17 18:54:26,858 [main] INFO  server.RaftServer (RaftServerProxy.java:startImpl(400)) - om1: start RPC server
2023-10-17 18:54:26,917 [main] INFO  server.GrpcService (GrpcService.java:startImpl(302)) - om1: GrpcService started, listening on 15007
2023-10-17 18:54:26,922 [main] INFO  om.OzoneManager (OzoneManager.java:start(1651)) - Version File has different layout version (6) than OM DB (null). That is expected if this OM has never been finalized to a newer layout version.
2023-10-17 18:54:26,929 [JvmPauseMonitor1] INFO  util.JvmPauseMonitor (JvmPauseMonitor.java:run(103)) - JvmPauseMonitor-om1: Started
2023-10-17 18:54:26,972 [main] INFO  http.BaseHttpServer (BaseHttpServer.java:newHttpServer2BuilderForOzone(223)) - Starting Web-server for ozoneManager at: http://0.0.0.0:15005
2023-10-17 18:54:26,973 [main] INFO  http.BaseHttpServer (BaseHttpServer.java:<init>(110)) - Hadoop Security Enabled: false Ozone Security Enabled: false Ozone HTTP Security Enabled: false 
2023-10-17 18:54:26,975 [main] WARN  server.AuthenticationFilter (AuthenticationFilter.java:constructSecretProvider(240)) - Unable to initialize FileSignerSecretProvider, falling back to use random secrets. Reason: Could not read signature secret file: /home/runner/hadoop-http-auth-signature-secret
2023-10-17 18:54:26,978 [main] INFO  http.HttpRequestLog (HttpRequestLog.java:getRequestLog(86)) - Http request log for http.requests.ozoneManager is not defined
2023-10-17 18:54:26,980 [main] INFO  http.HttpServer2 (HttpServer2.java:addGlobalFilter(1031)) - Added global filter 'safety' (class=org.apache.hadoop.hdds.server.http.HttpServer2$QuotingInputFilter)
2023-10-17 18:54:26,982 [main] INFO  http.HttpServer2 (HttpServer2.java:addFilter(1007)) - Added filter static_user_filter (class=org.apache.hadoop.http.lib.StaticUserWebFilter$StaticUserFilter) to context ozoneManager
2023-10-17 18:54:26,982 [main] INFO  http.HttpServer2 (HttpServer2.java:addFilter(1015)) - Added filter static_user_filter (class=org.apache.hadoop.http.lib.StaticUserWebFilter$StaticUserFilter) to context logs
2023-10-17 18:54:26,982 [main] INFO  http.HttpServer2 (HttpServer2.java:addFilter(1015)) - Added filter static_user_filter (class=org.apache.hadoop.http.lib.StaticUserWebFilter$StaticUserFilter) to context static
2023-10-17 18:54:26,988 [main] INFO  http.BaseHttpServer (BaseHttpServer.java:<init>(189)) - HTTP server of ozoneManager uses base directory /home/runner/work/ozone/ozone/hadoop-ozone/integration-test/target/test-dir/MiniOzoneClusterImpl-6d5b43b8-50d7-4b60-8424-e359ec6f806a/ozone-meta/webserver
2023-10-17 18:54:26,992 [main] INFO  http.HttpServer2 (HttpServer2.java:bindListener(1231)) - Jetty bound to port 15005
2023-10-17 18:54:26,992 [main] INFO  server.Server (Server.java:doStart(375)) - jetty-9.4.53.v20231009; built: 2023-10-09T12:29:09.265Z; git: 27bde00a0b95a1d5bbee0eae7984f891d2d0f8c9; jvm 1.8.0_382-b05
2023-10-17 18:54:26,997 [main] INFO  server.session (DefaultSessionIdManager.java:doStart(334)) - DefaultSessionIdManager workerName=node0
2023-10-17 18:54:26,997 [main] INFO  server.session (DefaultSessionIdManager.java:doStart(339)) - No SessionScavenger set, using defaults
2023-10-17 18:54:26,998 [main] INFO  server.session (HouseKeeper.java:startScavenging(132)) - node0 Scavenging every 600000ms
2023-10-17 18:54:26,999 [main] INFO  handler.ContextHandler (ContextHandler.java:doStart(921)) - Started o.e.j.s.ServletContextHandler@21ad2894{logs,/logs,file:///home/runner/work/ozone/ozone/hadoop-ozone/integration-test/target/log,AVAILABLE}
2023-10-17 18:54:26,999 [main] INFO  handler.ContextHandler (ContextHandler.java:doStart(921)) - Started o.e.j.s.ServletContextHandler@65293200{static,/static,file:///home/runner/work/ozone/ozone/hadoop-ozone/integration-test/target/test-classes/webapps/static,AVAILABLE}
2023-10-17 18:54:27,006 [main] INFO  handler.ContextHandler (ContextHandler.java:doStart(921)) - Started o.e.j.w.WebAppContext@1ce58f84{ozoneManager,/,file:///home/runner/work/ozone/ozone/hadoop-ozone/integration-test/target/test-classes/webapps/ozoneManager/,AVAILABLE}{file:/home/runner/work/ozone/ozone/hadoop-ozone/integration-test/target/test-classes/webapps/ozoneManager}
2023-10-17 18:54:27,007 [main] INFO  server.AbstractConnector (AbstractConnector.java:doStart(333)) - Started ServerConnector@1ac9a733{HTTP/1.1, (http/1.1)}{0.0.0.0:15005}
2023-10-17 18:54:27,008 [main] INFO  server.Server (Server.java:doStart(415)) - Started @12263ms
2023-10-17 18:54:27,008 [main] WARN  impl.MetricsSystemImpl (MetricsSystemImpl.java:register(279)) - Sink prometheus already exists!
2023-10-17 18:54:27,008 [main] INFO  http.BaseHttpServer (BaseHttpServer.java:updateConnectorAddress(354)) - HTTP server of ozoneManager listening at http://0.0.0.0:15005
2023-10-17 18:54:27,009 [IPC Server Responder] INFO  ipc.Server (Server.java:run(1562)) - IPC Server Responder: starting
2023-10-17 18:54:27,009 [IPC Server listener on 15004] INFO  ipc.Server (Server.java:run(1402)) - IPC Server listener on 15004: starting
2023-10-17 18:54:27,014 [main] INFO  om.OzoneManager (OzoneManager.java:startTrashEmptier(2100)) - Trash Interval set to 0. Files deleted won't move to trash
2023-10-17 18:54:27,354 [main] INFO  db.CodecBuffer (CodecBuffer.java:set(62)) - Successfully set constructor to org.apache.hadoop.hdds.utils.db.CodecBuffer$$Lambda$872/20794360@8b9a4dc
2023-10-17 18:54:27,357 [main] WARN  impl.MetricRegistriesImpl (MetricRegistriesImpl.java:addReporterRegistration(111)) - New reporters are added after registries were created. Some metrics will be missing from the reporter. Please add reporter before adding any new registry.
2023-10-17 18:54:27,357 [main] WARN  impl.MetricRegistriesImpl (MetricRegistriesImpl.java:addReporterRegistration(111)) - New reporters are added after registries were created. Some metrics will be missing from the reporter. Please add reporter before adding any new registry.
2023-10-17 18:54:27,357 [main] INFO  impl.MetricsSystemImpl (MetricsSystemImpl.java:init(158)) - HddsDatanode metrics system started (again)
2023-10-17 18:54:27,388 [main] INFO  ozone.HddsDatanodeService (HddsDatanodeService.java:start(240)) - HddsDatanodeService host:fv-az82-357.ou3itxwc2spe5nxnxxppousbrf.dx.internal.cloudapp.net ip:10.1.0.79
2023-10-17 18:54:27,443 [main] INFO  upgrade.AbstractLayoutVersionManager (AbstractLayoutVersionManager.java:init(83)) - Initializing Layout version manager with metadata layout = HADOOP_PRC_PORTS_IN_DATANODEDETAILS (version = 7), software layout = HADOOP_PRC_PORTS_IN_DATANODEDETAILS (version = 7)
2023-10-17 18:54:27,447 [main] INFO  statemachine.DatanodeStateMachine (DatanodeStateMachine.java:getEndPointTaskThreadPoolSize(290)) - Datanode State Machine Task Thread Pool size 2
2023-10-17 18:54:27,608 [main] INFO  volume.HddsVolume (HddsVolume.java:<init>(126)) - Creating HddsVolume: /home/runner/work/ozone/ozone/hadoop-ozone/integration-test/target/test-dir/MiniOzoneClusterImpl-6d5b43b8-50d7-4b60-8424-e359ec6f806a/datanode-0/data-0/containers/hdds of storage type : DISK capacity : 9223372036854775807
2023-10-17 18:54:27,611 [main] INFO  volume.MutableVolumeSet (MutableVolumeSet.java:initializeVolumeSet(173)) - Added Volume : /home/runner/work/ozone/ozone/hadoop-ozone/integration-test/target/test-dir/MiniOzoneClusterImpl-6d5b43b8-50d7-4b60-8424-e359ec6f806a/datanode-0/data-0/containers/hdds to VolumeSet
2023-10-17 18:54:27,619 [main] INFO  volume.MutableVolumeSet (MutableVolumeSet.java:initializeVolumeSet(173)) - Added Volume : /home/runner/work/ozone/ozone/hadoop-ozone/integration-test/target/test-dir/MiniOzoneClusterImpl-6d5b43b8-50d7-4b60-8424-e359ec6f806a/datanode-0/data/ratis to VolumeSet
2023-10-17 18:54:27,637 [Thread-153] INFO  ozoneimpl.ContainerReader (ContainerReader.java:readVolume(177)) - Finish verifying containers on volume /home/runner/work/ozone/ozone/hadoop-ozone/integration-test/target/test-dir/MiniOzoneClusterImpl-6d5b43b8-50d7-4b60-8424-e359ec6f806a/datanode-0/data-0/containers/hdds
2023-10-17 18:54:27,637 [main] INFO  ozoneimpl.OzoneContainer (OzoneContainer.java:buildContainerSet(316)) - Build ContainerSet costs 0s
2023-10-17 18:54:27,698 [main] INFO  audit.AuditLogger (AuditLogger.java:refreshDebugCmdSet(126)) - Refresh DebugCmdSet for DNAudit to [].
2023-10-17 18:54:27,732 [main] INFO  server.RaftServer (ConfUtils.java:logGet(46)) - raft.rpc.type = GRPC (default)
2023-10-17 18:54:27,732 [main] INFO  grpc.GrpcConfigKeys (ConfUtils.java:logFallback(53)) - raft.grpc.admin.host = null (fallback to raft.grpc.server.host)
2023-10-17 18:54:27,733 [main] INFO  grpc.GrpcConfigKeys (ConfUtils.java:logGet(46)) - raft.grpc.admin.port = 15013 (custom)
2023-10-17 18:54:27,733 [main] INFO  grpc.GrpcConfigKeys (ConfUtils.java:logFallback(53)) - raft.grpc.client.host = null (fallback to raft.grpc.server.host)
2023-10-17 18:54:27,733 [main] INFO  grpc.GrpcConfigKeys (ConfUtils.java:logGet(46)) - raft.grpc.client.port = 15012 (custom)
2023-10-17 18:54:27,733 [main] INFO  grpc.GrpcConfigKeys (ConfUtils.java:logGet(46)) - raft.grpc.server.host = null (default)
2023-10-17 18:54:27,733 [main] INFO  grpc.GrpcConfigKeys (ConfUtils.java:logGet(46)) - raft.grpc.server.port = 15014 (custom)
2023-10-17 18:54:27,734 [main] INFO  server.GrpcService (ConfUtils.java:logGet(46)) - raft.grpc.message.size.max = 32MB (=33554432) (custom)
2023-10-17 18:54:27,734 [main] INFO  server.RaftServerConfigKeys (ConfUtils.java:logGet(46)) - raft.server.log.appender.buffer.byte-limit = 33554432 (custom)
2023-10-17 18:54:27,734 [main] INFO  server.GrpcService (ConfUtils.java:logGet(46)) - raft.grpc.flow.control.window = 5MB (=5242880) (custom)
2023-10-17 18:54:27,734 [main] INFO  server.RaftServerConfigKeys (ConfUtils.java:logGet(46)) - raft.server.rpc.request.timeout = 60s (custom)
2023-10-17 18:54:27,734 [main] INFO  grpc.GrpcConfigKeys (ConfUtils.java:logGet(46)) - raft.grpc.server.heartbeat.channel = true (default)
2023-10-17 18:54:27,734 [main] INFO  grpc.GrpcConfigKeys (ConfUtils.java:logGet(46)) - raft.grpc.server.async.request.thread.pool.cached = true (default)
2023-10-17 18:54:27,735 [main] INFO  grpc.GrpcConfigKeys (ConfUtils.java:logGet(46)) - raft.grpc.server.async.request.thread.pool.size = 32 (default)
2023-10-17 18:54:27,737 [main] INFO  impl.DataStreamServerImpl (ConfUtils.java:logGet(46)) - raft.datastream.type = NETTY (custom)
2023-10-17 18:54:27,748 [main] INFO  server.RaftServerConfigKeys (ConfUtils.java:logGet(46)) - raft.server.data-stream.async.request.thread.pool.cached = false (default)
2023-10-17 18:54:27,749 [main] INFO  server.RaftServerConfigKeys (ConfUtils.java:logGet(46)) - raft.server.data-stream.async.request.thread.pool.size = 20 (custom)
2023-10-17 18:54:27,749 [main] INFO  server.RaftServerConfigKeys (ConfUtils.java:logGet(46)) - raft.server.data-stream.async.write.thread.pool.size = 16 (default)
2023-10-17 18:54:27,750 [main] INFO  server.RaftServerConfigKeys (ConfUtils.java:logGet(46)) - raft.server.data-stream.client.pool.size = 10 (default)
2023-10-17 18:54:27,754 [main] INFO  netty.NettyConfigKeys$DataStream (ConfUtils.java:logGet(46)) - raft.netty.dataStream.server.use-epoll = false (default)
2023-10-17 18:54:27,754 [main] INFO  netty.NettyConfigKeys$DataStream (ConfUtils.java:logGet(46)) - raft.netty.dataStream.server.boss-group.size = 0 (default)
2023-10-17 18:54:27,762 [main] INFO  netty.NettyConfigKeys$DataStream (ConfUtils.java:logGet(46)) - raft.netty.dataStream.server.worker-group.size = 0 (default)
2023-10-17 18:54:27,777 [main] INFO  netty.NettyConfigKeys$DataStream (ConfUtils.java:logGet(46)) - raft.netty.dataStream.server.tls.conf = null (default)
2023-10-17 18:54:27,779 [main] INFO  netty.NettyConfigKeys$DataStream (ConfUtils.java:logGet(46)) - raft.netty.dataStream.host = null (default)
2023-10-17 18:54:27,780 [main] INFO  netty.NettyConfigKeys$DataStream (ConfUtils.java:logGet(46)) - raft.netty.dataStream.port = 15015 (custom)
2023-10-17 18:54:27,793 [main] INFO  server.RaftServerConfigKeys (ConfUtils.java:logGet(46)) - raft.server.threadpool.proxy.cached = true (default)
2023-10-17 18:54:27,793 [main] INFO  server.RaftServerConfigKeys (ConfUtils.java:logGet(46)) - raft.server.threadpool.proxy.size = 0 (default)
2023-10-17 18:54:27,793 [main] INFO  server.RaftServerConfigKeys (ConfUtils.java:logGet(46)) - raft.server.rpc.slowness.timeout = 300s (custom)
2023-10-17 18:54:27,793 [main] INFO  server.RaftServerConfigKeys (ConfUtils.java:logGet(46)) - raft.server.leaderelection.leader.step-down.wait-time = 10s (default)
2023-10-17 18:54:27,794 [main] INFO  server.RaftServerConfigKeys (ConfUtils.java:logGet(46)) - raft.server.storage.dir = [/home/runner/work/ozone/ozone/hadoop-ozone/integration-test/target/test-dir/MiniOzoneClusterImpl-6d5b43b8-50d7-4b60-8424-e359ec6f806a/datanode-0/data/ratis] (custom)
2023-10-17 18:54:27,794 [b2429fc7-5618-4aa2-af46-5079058310ec-impl-thread1] INFO  server.RaftServer (RaftServerProxy.java:initGroupDir(258)) - b2429fc7-5618-4aa2-af46-5079058310ec: found a subdirectory /home/runner/work/ozone/ozone/hadoop-ozone/integration-test/target/test-dir/MiniOzoneClusterImpl-6d5b43b8-50d7-4b60-8424-e359ec6f806a/datanode-0/data/ratis/tmp
2023-10-17 18:54:27,799 [b2429fc7-5618-4aa2-af46-5079058310ec-impl-thread1] INFO  server.RaftServer (RaftServerProxy.java:initGroupDir(263)) - b2429fc7-5618-4aa2-af46-5079058310ec: The directory /home/runner/work/ozone/ozone/hadoop-ozone/integration-test/target/test-dir/MiniOzoneClusterImpl-6d5b43b8-50d7-4b60-8424-e359ec6f806a/datanode-0/data/ratis/tmp is not a group directory; ignoring it. 
2023-10-17 18:54:27,804 [b2429fc7-5618-4aa2-af46-5079058310ec-NettyServerStreamRpc-bossGroup--thread1] INFO  logging.LoggingHandler (AbstractInternalLogger.java:log(148)) - [id: 0x644b4aab] REGISTERED
2023-10-17 18:54:27,804 [b2429fc7-5618-4aa2-af46-5079058310ec-NettyServerStreamRpc-bossGroup--thread1] INFO  logging.LoggingHandler (AbstractInternalLogger.java:log(148)) - [id: 0x644b4aab] BIND: 0.0.0.0/0.0.0.0:15015
2023-10-17 18:54:27,805 [b2429fc7-5618-4aa2-af46-5079058310ec-NettyServerStreamRpc-bossGroup--thread1] INFO  logging.LoggingHandler (AbstractInternalLogger.java:log(148)) - [id: 0x644b4aab, L:/0:0:0:0:0:0:0:0:15015] ACTIVE
2023-10-17 18:54:27,805 [main] INFO  replication.ReplicationServer (ReplicationServer.java:<init>(83)) - Initializing replication server with thread count = 10 queue length = 4096
2023-10-17 18:54:27,828 [main] INFO  server.XceiverServerGrpc (XceiverServerGrpc.java:<init>(132)) - GrpcServer channel type EpollServerSocketChannel
2023-10-17 18:54:27,879 [main] INFO  replication.ReplicationSupervisor (ReplicationSupervisor.java:build(155)) - Initializing replication supervisor with thread count = 10
2023-10-17 18:54:27,881 [main] INFO  replication.ReplicationSupervisor (ReplicationSupervisor.java:nodeStateUpdated(307)) - Node state updated to IN_SERVICE, scaling executor pool size to 10
2023-10-17 18:54:27,933 [om1@group-C5BA1605619E-FollowerState] INFO  impl.FollowerState (FollowerState.java:run(143)) - om1@group-C5BA1605619E-FollowerState: change to CANDIDATE, lastRpcElapsedTime:1084508949ns, electionTimeout:1076ms
2023-10-17 18:54:27,935 [om1@group-C5BA1605619E-FollowerState] INFO  impl.RoleInfo (RoleInfo.java:shutdownFollowerState(110)) - om1: shutdown om1@group-C5BA1605619E-FollowerState
2023-10-17 18:54:27,935 [om1@group-C5BA1605619E-FollowerState] INFO  server.RaftServer$Division (RaftServerImpl.java:setRole(329)) - om1@group-C5BA1605619E: changes role from  FOLLOWER to CANDIDATE at term 0 for changeToCandidate
2023-10-17 18:54:27,939 [om1@group-C5BA1605619E-FollowerState] INFO  server.RaftServerConfigKeys (ConfUtils.java:logGet(46)) - raft.server.leaderelection.pre-vote = true (default)
2023-10-17 18:54:27,939 [om1@group-C5BA1605619E-FollowerState] INFO  impl.RoleInfo (RoleInfo.java:updateAndGet(139)) - om1: start om1@group-C5BA1605619E-LeaderElection1
2023-10-17 18:54:27,944 [om1@group-C5BA1605619E-LeaderElection1] INFO  impl.LeaderElection (LeaderElection.java:askForVotes(321)) - om1@group-C5BA1605619E-LeaderElection1 PRE_VOTE round 0: submit vote requests at term 0 for -1: peers:[om1|rpc:localhost:15007|priority:0|startupRole:FOLLOWER]|listeners:[], old=null
2023-10-17 18:54:27,945 [om1@group-C5BA1605619E-LeaderElection1] INFO  impl.LeaderElection (LeaderElection.java:askForVotes(323)) - om1@group-C5BA1605619E-LeaderElection1 PRE_VOTE round 0: result PASSED (term=0)
2023-10-17 18:54:27,947 [om1@group-C5BA1605619E-LeaderElection1] INFO  impl.LeaderElection (LeaderElection.java:askForVotes(321)) - om1@group-C5BA1605619E-LeaderElection1 ELECTION round 0: submit vote requests at term 1 for -1: peers:[om1|rpc:localhost:15007|priority:0|startupRole:FOLLOWER]|listeners:[], old=null
2023-10-17 18:54:27,947 [om1@group-C5BA1605619E-LeaderElection1] INFO  impl.LeaderElection (LeaderElection.java:askForVotes(323)) - om1@group-C5BA1605619E-LeaderElection1 ELECTION round 0: result PASSED (term=1)
2023-10-17 18:54:27,947 [om1@group-C5BA1605619E-LeaderElection1] INFO  impl.RoleInfo (RoleInfo.java:shutdownLeaderElection(130)) - om1: shutdown om1@group-C5BA1605619E-LeaderElection1
2023-10-17 18:54:27,947 [om1@group-C5BA1605619E-LeaderElection1] INFO  server.RaftServer$Division (RaftServerImpl.java:setRole(329)) - om1@group-C5BA1605619E: changes role from CANDIDATE to LEADER at term 1 for changeToLeader
2023-10-17 18:54:27,949 [om1@group-C5BA1605619E-LeaderElection1] INFO  server.RaftServer$Division (ServerState.java:setLeader(317)) - om1@group-C5BA1605619E: change Leader from null to om1 at term 1 for becomeLeader, leader elected after 2188ms
2023-10-17 18:54:27,955 [main] INFO  http.BaseHttpServer (BaseHttpServer.java:newHttpServer2BuilderForOzone(223)) - Starting Web-server for hddsDatanode at: http://0.0.0.0:15009
2023-10-17 18:54:27,963 [main] INFO  http.BaseHttpServer (BaseHttpServer.java:<init>(110)) - Hadoop Security Enabled: false Ozone Security Enabled: false Ozone HTTP Security Enabled: false 
2023-10-17 18:54:27,966 [main] WARN  server.AuthenticationFilter (AuthenticationFilter.java:constructSecretProvider(240)) - Unable to initialize FileSignerSecretProvider, falling back to use random secrets. Reason: Could not read signature secret file: /home/runner/hadoop-http-auth-signature-secret
2023-10-17 18:54:27,968 [om1@group-C5BA1605619E-LeaderElection1] INFO  server.RaftServerConfigKeys (ConfUtils.java:logGet(46)) - raft.server.staging.catchup.gap = 1000 (default)
2023-10-17 18:54:27,971 [main] INFO  http.HttpRequestLog (HttpRequestLog.java:getRequestLog(86)) - Http request log for http.requests.hddsDatanode is not defined
2023-10-17 18:54:27,975 [main] INFO  http.HttpServer2 (HttpServer2.java:addGlobalFilter(1031)) - Added global filter 'safety' (class=org.apache.hadoop.hdds.server.http.HttpServer2$QuotingInputFilter)
2023-10-17 18:54:27,976 [main] INFO  http.HttpServer2 (HttpServer2.java:addFilter(1007)) - Added filter static_user_filter (class=org.apache.hadoop.http.lib.StaticUserWebFilter$StaticUserFilter) to context hddsDatanode
2023-10-17 18:54:27,976 [main] INFO  http.HttpServer2 (HttpServer2.java:addFilter(1015)) - Added filter static_user_filter (class=org.apache.hadoop.http.lib.StaticUserWebFilter$StaticUserFilter) to context static
2023-10-17 18:54:27,976 [main] INFO  http.HttpServer2 (HttpServer2.java:addFilter(1015)) - Added filter static_user_filter (class=org.apache.hadoop.http.lib.StaticUserWebFilter$StaticUserFilter) to context logs
2023-10-17 18:54:27,977 [main] INFO  http.BaseHttpServer (BaseHttpServer.java:<init>(189)) - HTTP server of hddsDatanode uses base directory /home/runner/work/ozone/ozone/hadoop-ozone/integration-test/target/test-dir/MiniOzoneClusterImpl-6d5b43b8-50d7-4b60-8424-e359ec6f806a/datanode-0/meta/webserver
2023-10-17 18:54:27,978 [main] INFO  http.HttpServer2 (HttpServer2.java:bindListener(1231)) - Jetty bound to port 15009
2023-10-17 18:54:27,979 [main] INFO  server.Server (Server.java:doStart(375)) - jetty-9.4.53.v20231009; built: 2023-10-09T12:29:09.265Z; git: 27bde00a0b95a1d5bbee0eae7984f891d2d0f8c9; jvm 1.8.0_382-b05
2023-10-17 18:54:27,983 [main] INFO  server.session (DefaultSessionIdManager.java:doStart(334)) - DefaultSessionIdManager workerName=node0
2023-10-17 18:54:27,983 [main] INFO  server.session (DefaultSessionIdManager.java:doStart(339)) - No SessionScavenger set, using defaults
2023-10-17 18:54:27,983 [main] INFO  server.session (HouseKeeper.java:startScavenging(132)) - node0 Scavenging every 600000ms
2023-10-17 18:54:27,985 [main] INFO  handler.ContextHandler (ContextHandler.java:doStart(921)) - Started o.e.j.s.ServletContextHandler@b19ceae{logs,/logs,file:///home/runner/work/ozone/ozone/hadoop-ozone/integration-test/target/log,AVAILABLE}
2023-10-17 18:54:27,985 [main] INFO  handler.ContextHandler (ContextHandler.java:doStart(921)) - Started o.e.j.s.ServletContextHandler@6a8ca87c{static,/static,jar:file:/home/runner/.m2/repository/org/apache/ozone/hdds-container-service/1.4.0-SNAPSHOT/hdds-container-service-1.4.0-SNAPSHOT.jar!/webapps/static,AVAILABLE}
2023-10-17 18:54:27,991 [om1@group-C5BA1605619E-LeaderElection1] INFO  server.RaftServerConfigKeys (ConfUtils.java:logGet(46)) - raft.server.write.element-limit = 4096 (default)
2023-10-17 18:54:27,992 [om1@group-C5BA1605619E-LeaderElection1] INFO  server.RaftServerConfigKeys (ConfUtils.java:logGet(46)) - raft.server.write.byte-limit = 64MB (=67108864) (default)
2023-10-17 18:54:28,003 [om1@group-C5BA1605619E-LeaderElection1] INFO  server.RaftServerConfigKeys (ConfUtils.java:logGet(46)) - raft.server.watch.timeout = 10s (default)
2023-10-17 18:54:28,004 [om1@group-C5BA1605619E-LeaderElection1] INFO  server.RaftServerConfigKeys (ConfUtils.java:logGet(46)) - raft.server.watch.timeout.denomination = 1s (default)
2023-10-17 18:54:28,004 [om1@group-C5BA1605619E-LeaderElection1] INFO  server.RaftServerConfigKeys (ConfUtils.java:logGet(46)) - raft.server.watch.element-limit = 65536 (default)
2023-10-17 18:54:28,013 [om1@group-C5BA1605619E-LeaderElection1] INFO  server.RaftServerConfigKeys (ConfUtils.java:logGet(46)) - raft.server.write.element-limit = 4096 (default)
2023-10-17 18:54:28,017 [om1@group-C5BA1605619E-LeaderElection1] INFO  server.RaftServerConfigKeys (ConfUtils.java:logGet(46)) - raft.server.write.follower.gap.ratio.max = -1.0 (default)
2023-10-17 18:54:28,018 [om1@group-C5BA1605619E-LeaderElection1] INFO  impl.RoleInfo (RoleInfo.java:updateAndGet(139)) - om1: start om1@group-C5BA1605619E-LeaderStateImpl
2023-10-17 18:54:28,075 [om1@group-C5BA1605619E-LeaderElection1] INFO  segmented.SegmentedRaftLogWorker (SegmentedRaftLogWorker.java:startLogSegment(447)) - om1@group-C5BA1605619E-SegmentedRaftLogWorker: Starting segment from index:0
2023-10-17 18:54:28,144 [om1@group-C5BA1605619E-LeaderElection1] INFO  server.RaftServer$Division (ServerState.java:setRaftConf(434)) - om1@group-C5BA1605619E: set configuration 0: peers:[om1|rpc:localhost:15007|admin:|client:|dataStream:|priority:0|startupRole:FOLLOWER]|listeners:[], old=null
2023-10-17 18:54:28,209 [om1@group-C5BA1605619E-SegmentedRaftLogWorker] INFO  segmented.SegmentedRaftLogWorker (SegmentedRaftLogWorker.java:execute(651)) - om1@group-C5BA1605619E-SegmentedRaftLogWorker: created new log segment /home/runner/work/ozone/ozone/hadoop-ozone/integration-test/target/test-dir/MiniOzoneClusterImpl-6d5b43b8-50d7-4b60-8424-e359ec6f806a/ozone-meta/ratis/bf265839-605b-3f16-9796-c5ba1605619e/current/log_inprogress_0
2023-10-17 18:54:28,356 [main] INFO  handler.ContextHandler (ContextHandler.java:doStart(921)) - Started o.e.j.w.WebAppContext@41038369{hddsDatanode,/,file:///home/runner/work/ozone/ozone/hadoop-ozone/integration-test/target/tmp/kms/webapp/,AVAILABLE}{jar:file:/home/runner/.m2/repository/org/apache/ozone/hdds-container-service/1.4.0-SNAPSHOT/hdds-container-service-1.4.0-SNAPSHOT.jar!/webapps/hddsDatanode}
2023-10-17 18:54:28,358 [main] INFO  server.AbstractConnector (AbstractConnector.java:doStart(333)) - Started ServerConnector@2d9b685d{HTTP/1.1, (http/1.1)}{0.0.0.0:15009}
2023-10-17 18:54:28,359 [main] INFO  server.Server (Server.java:doStart(415)) - Started @13614ms
2023-10-17 18:54:28,360 [main] WARN  impl.MetricsSystemImpl (MetricsSystemImpl.java:register(279)) - Sink prometheus already exists!
2023-10-17 18:54:28,361 [main] INFO  http.BaseHttpServer (BaseHttpServer.java:updateConnectorAddress(354)) - HTTP server of hddsDatanode listening at http://0.0.0.0:15009
2023-10-17 18:54:28,365 [main] INFO  ipc.CallQueueManager (CallQueueManager.java:<init>(90)) - Using callQueue: class java.util.concurrent.LinkedBlockingQueue, queueCapacity: 100, scheduler: class org.apache.hadoop.ipc.DefaultRpcScheduler, ipcBackoff: false.
2023-10-17 18:54:28,366 [main] INFO  ipc.Server (Server.java:<init>(1287)) - Listener at 0.0.0.0:15010
2023-10-17 18:54:28,366 [om1@group-C5BA1605619E-StateMachineUpdater] INFO  ratis.OzoneManagerStateMachine (OzoneManagerStateMachine.java:notifyConfigurationChanged(202)) - Received Configuration change notification from Ratis. New Peer list:
[id: "om1"
address: "localhost:15007"
startupRole: FOLLOWER
]
2023-10-17 18:54:28,367 [Socket Reader #1 for port 15010] INFO  ipc.Server (Server.java:run(1323)) - Starting Socket Reader #1 for port 15010
2023-10-17 18:54:28,370 [main] INFO  ozone.HddsDatanodeService (HddsDatanodeService.java:start(325)) - Datanode start with admins: [runner]
2023-10-17 18:54:28,371 [main] INFO  ozone.HddsDatanodeClientProtocolServer (HddsDatanodeClientProtocolServer.java:start(72)) - RPC server for Client /0.0.0.0:15010
2023-10-17 18:54:28,371 [IPC Server Responder] INFO  ipc.Server (Server.java:run(1562)) - IPC Server Responder: starting
2023-10-17 18:54:28,371 [IPC Server listener on 15010] INFO  ipc.Server (Server.java:run(1402)) - IPC Server listener on 15010: starting
2023-10-17 18:54:28,373 [main] WARN  impl.MetricRegistriesImpl (MetricRegistriesImpl.java:addReporterRegistration(111)) - New reporters are added after registries were created. Some metrics will be missing from the reporter. Please add reporter before adding any new registry.
2023-10-17 18:54:28,373 [main] WARN  impl.MetricRegistriesImpl (MetricRegistriesImpl.java:addReporterRegistration(111)) - New reporters are added after registries were created. Some metrics will be missing from the reporter. Please add reporter before adding any new registry.
2023-10-17 18:54:28,373 [main] INFO  impl.MetricsSystemImpl (MetricsSystemImpl.java:init(158)) - HddsDatanode metrics system started (again)
2023-10-17 18:54:28,379 [Datanode State Machine Daemon Thread] INFO  statemachine.DatanodeStateMachine (DatanodeStateMachine.java:lambda$startDaemon$1(546)) - Ozone container server started.
2023-10-17 18:54:28,424 [main] INFO  ozone.HddsDatanodeService (HddsDatanodeService.java:start(240)) - HddsDatanodeService host:fv-az82-357.ou3itxwc2spe5nxnxxppousbrf.dx.internal.cloudapp.net ip:10.1.0.79
2023-10-17 18:54:28,463 [main] INFO  upgrade.AbstractLayoutVersionManager (AbstractLayoutVersionManager.java:init(83)) - Initializing Layout version manager with metadata layout = HADOOP_PRC_PORTS_IN_DATANODEDETAILS (version = 7), software layout = HADOOP_PRC_PORTS_IN_DATANODEDETAILS (version = 7)
2023-10-17 18:54:28,465 [main] INFO  statemachine.DatanodeStateMachine (DatanodeStateMachine.java:getEndPointTaskThreadPoolSize(290)) - Datanode State Machine Task Thread Pool size 2
2023-10-17 18:54:28,482 [main] INFO  volume.HddsVolume (HddsVolume.java:<init>(126)) - Creating HddsVolume: /home/runner/work/ozone/ozone/hadoop-ozone/integration-test/target/test-dir/MiniOzoneClusterImpl-6d5b43b8-50d7-4b60-8424-e359ec6f806a/datanode-1/data-0/containers/hdds of storage type : DISK capacity : 9223372036854775807
2023-10-17 18:54:28,482 [main] INFO  volume.MutableVolumeSet (MutableVolumeSet.java:initializeVolumeSet(173)) - Added Volume : /home/runner/work/ozone/ozone/hadoop-ozone/integration-test/target/test-dir/MiniOzoneClusterImpl-6d5b43b8-50d7-4b60-8424-e359ec6f806a/datanode-1/data-0/containers/hdds to VolumeSet
2023-10-17 18:54:28,485 [main] INFO  volume.MutableVolumeSet (MutableVolumeSet.java:initializeVolumeSet(173)) - Added Volume : /home/runner/work/ozone/ozone/hadoop-ozone/integration-test/target/test-dir/MiniOzoneClusterImpl-6d5b43b8-50d7-4b60-8424-e359ec6f806a/datanode-1/data/ratis to VolumeSet
2023-10-17 18:54:28,486 [Thread-172] INFO  ozoneimpl.ContainerReader (ContainerReader.java:readVolume(177)) - Finish verifying containers on volume /home/runner/work/ozone/ozone/hadoop-ozone/integration-test/target/test-dir/MiniOzoneClusterImpl-6d5b43b8-50d7-4b60-8424-e359ec6f806a/datanode-1/data-0/containers/hdds
2023-10-17 18:54:28,487 [main] INFO  ozoneimpl.OzoneContainer (OzoneContainer.java:buildContainerSet(316)) - Build ContainerSet costs 0s
2023-10-17 18:54:28,492 [main] INFO  server.RaftServer (ConfUtils.java:logGet(46)) - raft.rpc.type = GRPC (default)
2023-10-17 18:54:28,492 [main] INFO  grpc.GrpcConfigKeys (ConfUtils.java:logFallback(53)) - raft.grpc.admin.host = null (fallback to raft.grpc.server.host)
2023-10-17 18:54:28,493 [main] INFO  grpc.GrpcConfigKeys (ConfUtils.java:logGet(46)) - raft.grpc.admin.port = 15022 (custom)
2023-10-17 18:54:28,493 [main] INFO  grpc.GrpcConfigKeys (ConfUtils.java:logFallback(53)) - raft.grpc.client.host = null (fallback to raft.grpc.server.host)
2023-10-17 18:54:28,493 [main] INFO  grpc.GrpcConfigKeys (ConfUtils.java:logGet(46)) - raft.grpc.client.port = 15021 (custom)
2023-10-17 18:54:28,493 [main] INFO  grpc.GrpcConfigKeys (ConfUtils.java:logGet(46)) - raft.grpc.server.host = null (default)
2023-10-17 18:54:28,493 [main] INFO  grpc.GrpcConfigKeys (ConfUtils.java:logGet(46)) - raft.grpc.server.port = 15023 (custom)
2023-10-17 18:54:28,494 [main] INFO  server.GrpcService (ConfUtils.java:logGet(46)) - raft.grpc.message.size.max = 32MB (=33554432) (custom)
2023-10-17 18:54:28,494 [main] INFO  server.RaftServerConfigKeys (ConfUtils.java:logGet(46)) - raft.server.log.appender.buffer.byte-limit = 33554432 (custom)
2023-10-17 18:54:28,494 [main] INFO  server.GrpcService (ConfUtils.java:logGet(46)) - raft.grpc.flow.control.window = 5MB (=5242880) (custom)
2023-10-17 18:54:28,494 [main] INFO  server.RaftServerConfigKeys (ConfUtils.java:logGet(46)) - raft.server.rpc.request.timeout = 60s (custom)
2023-10-17 18:54:28,494 [main] INFO  grpc.GrpcConfigKeys (ConfUtils.java:logGet(46)) - raft.grpc.server.heartbeat.channel = true (default)
2023-10-17 18:54:28,494 [main] INFO  grpc.GrpcConfigKeys (ConfUtils.java:logGet(46)) - raft.grpc.server.async.request.thread.pool.cached = true (default)
2023-10-17 18:54:28,495 [main] INFO  grpc.GrpcConfigKeys (ConfUtils.java:logGet(46)) - raft.grpc.server.async.request.thread.pool.size = 32 (default)
2023-10-17 18:54:28,501 [main] INFO  impl.DataStreamServerImpl (ConfUtils.java:logGet(46)) - raft.datastream.type = NETTY (custom)
2023-10-17 18:54:28,502 [main] INFO  server.RaftServerConfigKeys (ConfUtils.java:logGet(46)) - raft.server.data-stream.async.request.thread.pool.cached = false (default)
2023-10-17 18:54:28,504 [main] INFO  server.RaftServerConfigKeys (ConfUtils.java:logGet(46)) - raft.server.data-stream.async.request.thread.pool.size = 20 (custom)
2023-10-17 18:54:28,504 [main] INFO  server.RaftServerConfigKeys (ConfUtils.java:logGet(46)) - raft.server.data-stream.async.write.thread.pool.size = 16 (default)
2023-10-17 18:54:28,504 [main] INFO  server.RaftServerConfigKeys (ConfUtils.java:logGet(46)) - raft.server.data-stream.client.pool.size = 10 (default)
2023-10-17 18:54:28,504 [main] INFO  netty.NettyConfigKeys$DataStream (ConfUtils.java:logGet(46)) - raft.netty.dataStream.server.use-epoll = false (default)
2023-10-17 18:54:28,505 [main] INFO  netty.NettyConfigKeys$DataStream (ConfUtils.java:logGet(46)) - raft.netty.dataStream.server.boss-group.size = 0 (default)
2023-10-17 18:54:28,506 [main] INFO  netty.NettyConfigKeys$DataStream (ConfUtils.java:logGet(46)) - raft.netty.dataStream.server.worker-group.size = 0 (default)
2023-10-17 18:54:28,508 [main] INFO  netty.NettyConfigKeys$DataStream (ConfUtils.java:logGet(46)) - raft.netty.dataStream.server.tls.conf = null (default)
2023-10-17 18:54:28,508 [main] INFO  netty.NettyConfigKeys$DataStream (ConfUtils.java:logGet(46)) - raft.netty.dataStream.host = null (default)
2023-10-17 18:54:28,509 [main] INFO  netty.NettyConfigKeys$DataStream (ConfUtils.java:logGet(46)) - raft.netty.dataStream.port = 15024 (custom)
2023-10-17 18:54:28,515 [main] INFO  server.RaftServerConfigKeys (ConfUtils.java:logGet(46)) - raft.server.threadpool.proxy.cached = true (default)
2023-10-17 18:54:28,515 [main] INFO  server.RaftServerConfigKeys (ConfUtils.java:logGet(46)) - raft.server.threadpool.proxy.size = 0 (default)
2023-10-17 18:54:28,515 [main] INFO  server.RaftServerConfigKeys (ConfUtils.java:logGet(46)) - raft.server.rpc.slowness.timeout = 300s (custom)
2023-10-17 18:54:28,515 [main] INFO  server.RaftServerConfigKeys (ConfUtils.java:logGet(46)) - raft.server.leaderelection.leader.step-down.wait-time = 10s (default)
2023-10-17 18:54:28,516 [main] INFO  server.RaftServerConfigKeys (ConfUtils.java:logGet(46)) - raft.server.storage.dir = [/home/runner/work/ozone/ozone/hadoop-ozone/integration-test/target/test-dir/MiniOzoneClusterImpl-6d5b43b8-50d7-4b60-8424-e359ec6f806a/datanode-1/data/ratis] (custom)
2023-10-17 18:54:28,520 [b5355d07-9284-4381-92f8-11cbf4e568d5-NettyServerStreamRpc-bossGroup--thread1] INFO  logging.LoggingHandler (AbstractInternalLogger.java:log(148)) - [id: 0x50bb41d5] REGISTERED
2023-10-17 18:54:28,522 [b5355d07-9284-4381-92f8-11cbf4e568d5-NettyServerStreamRpc-bossGroup--thread1] INFO  logging.LoggingHandler (AbstractInternalLogger.java:log(148)) - [id: 0x50bb41d5] BIND: 0.0.0.0/0.0.0.0:15024
2023-10-17 18:54:28,522 [b5355d07-9284-4381-92f8-11cbf4e568d5-NettyServerStreamRpc-bossGroup--thread1] INFO  logging.LoggingHandler (AbstractInternalLogger.java:log(148)) - [id: 0x50bb41d5, L:/0:0:0:0:0:0:0:0:15024] ACTIVE
2023-10-17 18:54:28,522 [b5355d07-9284-4381-92f8-11cbf4e568d5-impl-thread1] INFO  server.RaftServer (RaftServerProxy.java:initGroupDir(258)) - b5355d07-9284-4381-92f8-11cbf4e568d5: found a subdirectory /home/runner/work/ozone/ozone/hadoop-ozone/integration-test/target/test-dir/MiniOzoneClusterImpl-6d5b43b8-50d7-4b60-8424-e359ec6f806a/datanode-1/data/ratis/tmp
2023-10-17 18:54:28,523 [b5355d07-9284-4381-92f8-11cbf4e568d5-impl-thread1] INFO  server.RaftServer (RaftServerProxy.java:initGroupDir(263)) - b5355d07-9284-4381-92f8-11cbf4e568d5: The directory /home/runner/work/ozone/ozone/hadoop-ozone/integration-test/target/test-dir/MiniOzoneClusterImpl-6d5b43b8-50d7-4b60-8424-e359ec6f806a/datanode-1/data/ratis/tmp is not a group directory; ignoring it. 
2023-10-17 18:54:28,523 [main] INFO  replication.ReplicationServer (ReplicationServer.java:<init>(83)) - Initializing replication server with thread count = 10 queue length = 4096
2023-10-17 18:54:28,525 [main] INFO  server.XceiverServerGrpc (XceiverServerGrpc.java:<init>(132)) - GrpcServer channel type EpollServerSocketChannel
2023-10-17 18:54:28,528 [main] INFO  replication.ReplicationSupervisor (ReplicationSupervisor.java:build(155)) - Initializing replication supervisor with thread count = 10
2023-10-17 18:54:28,528 [main] INFO  replication.ReplicationSupervisor (ReplicationSupervisor.java:nodeStateUpdated(307)) - Node state updated to IN_SERVICE, scaling executor pool size to 10
2023-10-17 18:54:28,543 [main] INFO  http.BaseHttpServer (BaseHttpServer.java:newHttpServer2BuilderForOzone(223)) - Starting Web-server for hddsDatanode at: http://0.0.0.0:15018
2023-10-17 18:54:28,543 [main] INFO  http.BaseHttpServer (BaseHttpServer.java:<init>(110)) - Hadoop Security Enabled: false Ozone Security Enabled: false Ozone HTTP Security Enabled: false 
2023-10-17 18:54:28,545 [main] WARN  server.AuthenticationFilter (AuthenticationFilter.java:constructSecretProvider(240)) - Unable to initialize FileSignerSecretProvider, falling back to use random secrets. Reason: Could not read signature secret file: /home/runner/hadoop-http-auth-signature-secret
2023-10-17 18:54:28,552 [main] INFO  http.HttpRequestLog (HttpRequestLog.java:getRequestLog(86)) - Http request log for http.requests.hddsDatanode is not defined
2023-10-17 18:54:28,553 [main] INFO  http.HttpServer2 (HttpServer2.java:addGlobalFilter(1031)) - Added global filter 'safety' (class=org.apache.hadoop.hdds.server.http.HttpServer2$QuotingInputFilter)
2023-10-17 18:54:28,554 [main] INFO  http.HttpServer2 (HttpServer2.java:addFilter(1007)) - Added filter static_user_filter (class=org.apache.hadoop.http.lib.StaticUserWebFilter$StaticUserFilter) to context hddsDatanode
2023-10-17 18:54:28,554 [main] INFO  http.HttpServer2 (HttpServer2.java:addFilter(1015)) - Added filter static_user_filter (class=org.apache.hadoop.http.lib.StaticUserWebFilter$StaticUserFilter) to context logs
2023-10-17 18:54:28,555 [main] INFO  http.HttpServer2 (HttpServer2.java:addFilter(1015)) - Added filter static_user_filter (class=org.apache.hadoop.http.lib.StaticUserWebFilter$StaticUserFilter) to context static
2023-10-17 18:54:28,555 [main] INFO  http.BaseHttpServer (BaseHttpServer.java:<init>(189)) - HTTP server of hddsDatanode uses base directory /home/runner/work/ozone/ozone/hadoop-ozone/integration-test/target/test-dir/MiniOzoneClusterImpl-6d5b43b8-50d7-4b60-8424-e359ec6f806a/datanode-1/meta/webserver
2023-10-17 18:54:28,556 [main] INFO  http.HttpServer2 (HttpServer2.java:bindListener(1231)) - Jetty bound to port 15018
2023-10-17 18:54:28,556 [main] INFO  server.Server (Server.java:doStart(375)) - jetty-9.4.53.v20231009; built: 2023-10-09T12:29:09.265Z; git: 27bde00a0b95a1d5bbee0eae7984f891d2d0f8c9; jvm 1.8.0_382-b05
2023-10-17 18:54:28,575 [Datanode State Machine Task Thread - 0] INFO  datanode.InitDatanodeState (InitDatanodeState.java:persistContainerDatanodeDetails(138)) - DatanodeDetails is persisted to /home/runner/work/ozone/ozone/hadoop-ozone/integration-test/target/test-dir/MiniOzoneClusterImpl-6d5b43b8-50d7-4b60-8424-e359ec6f806a/datanode-0/meta/datanode.id
2023-10-17 18:54:28,579 [main] INFO  server.session (DefaultSessionIdManager.java:doStart(334)) - DefaultSessionIdManager workerName=node0
2023-10-17 18:54:28,579 [main] INFO  server.session (DefaultSessionIdManager.java:doStart(339)) - No SessionScavenger set, using defaults
2023-10-17 18:54:28,579 [main] INFO  server.session (HouseKeeper.java:startScavenging(132)) - node0 Scavenging every 600000ms
2023-10-17 18:54:28,580 [main] INFO  handler.ContextHandler (ContextHandler.java:doStart(921)) - Started o.e.j.s.ServletContextHandler@48874b50{logs,/logs,file:///home/runner/work/ozone/ozone/hadoop-ozone/integration-test/target/log,AVAILABLE}
2023-10-17 18:54:28,581 [main] INFO  handler.ContextHandler (ContextHandler.java:doStart(921)) - Started o.e.j.s.ServletContextHandler@4b90c73e{static,/static,jar:file:/home/runner/.m2/repository/org/apache/ozone/hdds-container-service/1.4.0-SNAPSHOT/hdds-container-service-1.4.0-SNAPSHOT.jar!/webapps/static,AVAILABLE}
2023-10-17 18:54:28,821 [main] INFO  handler.ContextHandler (ContextHandler.java:doStart(921)) - Started o.e.j.w.WebAppContext@68d69ba2{hddsDatanode,/,file:///home/runner/work/ozone/ozone/hadoop-ozone/integration-test/target/tmp/kms/webapp/,AVAILABLE}{jar:file:/home/runner/.m2/repository/org/apache/ozone/hdds-container-service/1.4.0-SNAPSHOT/hdds-container-service-1.4.0-SNAPSHOT.jar!/webapps/hddsDatanode}
2023-10-17 18:54:28,823 [main] INFO  server.AbstractConnector (AbstractConnector.java:doStart(333)) - Started ServerConnector@209e3624{HTTP/1.1, (http/1.1)}{0.0.0.0:15018}
2023-10-17 18:54:28,824 [main] INFO  server.Server (Server.java:doStart(415)) - Started @14079ms
2023-10-17 18:54:28,824 [main] WARN  impl.MetricsSystemImpl (MetricsSystemImpl.java:register(279)) - Sink prometheus already exists!
2023-10-17 18:54:28,825 [main] INFO  http.BaseHttpServer (BaseHttpServer.java:updateConnectorAddress(354)) - HTTP server of hddsDatanode listening at http://0.0.0.0:15018
2023-10-17 18:54:28,826 [main] INFO  ipc.CallQueueManager (CallQueueManager.java:<init>(90)) - Using callQueue: class java.util.concurrent.LinkedBlockingQueue, queueCapacity: 100, scheduler: class org.apache.hadoop.ipc.DefaultRpcScheduler, ipcBackoff: false.
2023-10-17 18:54:28,827 [main] INFO  ipc.Server (Server.java:<init>(1287)) - Listener at 0.0.0.0:15019
2023-10-17 18:54:28,828 [Socket Reader #1 for port 15019] INFO  ipc.Server (Server.java:run(1323)) - Starting Socket Reader #1 for port 15019
2023-10-17 18:54:28,834 [main] INFO  ozone.HddsDatanodeService (HddsDatanodeService.java:start(325)) - Datanode start with admins: [runner]
2023-10-17 18:54:28,834 [main] INFO  ozone.HddsDatanodeClientProtocolServer (HddsDatanodeClientProtocolServer.java:start(72)) - RPC server for Client /0.0.0.0:15019
2023-10-17 18:54:28,834 [IPC Server Responder] INFO  ipc.Server (Server.java:run(1562)) - IPC Server Responder: starting
2023-10-17 18:54:28,834 [IPC Server listener on 15019] INFO  ipc.Server (Server.java:run(1402)) - IPC Server listener on 15019: starting
2023-10-17 18:54:28,838 [Datanode State Machine Daemon Thread] INFO  statemachine.DatanodeStateMachine (DatanodeStateMachine.java:lambda$startDaemon$1(546)) - Ozone container server started.
2023-10-17 18:54:28,842 [main] WARN  impl.MetricRegistriesImpl (MetricRegistriesImpl.java:addReporterRegistration(111)) - New reporters are added after registries were created. Some metrics will be missing from the reporter. Please add reporter before adding any new registry.
2023-10-17 18:54:28,842 [main] WARN  impl.MetricRegistriesImpl (MetricRegistriesImpl.java:addReporterRegistration(111)) - New reporters are added after registries were created. Some metrics will be missing from the reporter. Please add reporter before adding any new registry.
2023-10-17 18:54:28,842 [main] INFO  impl.MetricsSystemImpl (MetricsSystemImpl.java:init(158)) - HddsDatanode metrics system started (again)
2023-10-17 18:54:28,855 [Datanode State Machine Task Thread - 0] INFO  datanode.InitDatanodeState (InitDatanodeState.java:persistContainerDatanodeDetails(138)) - DatanodeDetails is persisted to /home/runner/work/ozone/ozone/hadoop-ozone/integration-test/target/test-dir/MiniOzoneClusterImpl-6d5b43b8-50d7-4b60-8424-e359ec6f806a/datanode-1/meta/datanode.id
2023-10-17 18:54:28,870 [main] INFO  ozone.HddsDatanodeService (HddsDatanodeService.java:start(240)) - HddsDatanodeService host:fv-az82-357.ou3itxwc2spe5nxnxxppousbrf.dx.internal.cloudapp.net ip:10.1.0.79
2023-10-17 18:54:28,899 [main] INFO  upgrade.AbstractLayoutVersionManager (AbstractLayoutVersionManager.java:init(83)) - Initializing Layout version manager with metadata layout = HADOOP_PRC_PORTS_IN_DATANODEDETAILS (version = 7), software layout = HADOOP_PRC_PORTS_IN_DATANODEDETAILS (version = 7)
2023-10-17 18:54:28,900 [main] INFO  statemachine.DatanodeStateMachine (DatanodeStateMachine.java:getEndPointTaskThreadPoolSize(290)) - Datanode State Machine Task Thread Pool size 2
2023-10-17 18:54:28,903 [main] INFO  volume.HddsVolume (HddsVolume.java:<init>(126)) - Creating HddsVolume: /home/runner/work/ozone/ozone/hadoop-ozone/integration-test/target/test-dir/MiniOzoneClusterImpl-6d5b43b8-50d7-4b60-8424-e359ec6f806a/datanode-2/data-0/containers/hdds of storage type : DISK capacity : 9223372036854775807
2023-10-17 18:54:28,903 [main] INFO  volume.MutableVolumeSet (MutableVolumeSet.java:initializeVolumeSet(173)) - Added Volume : /home/runner/work/ozone/ozone/hadoop-ozone/integration-test/target/test-dir/MiniOzoneClusterImpl-6d5b43b8-50d7-4b60-8424-e359ec6f806a/datanode-2/data-0/containers/hdds to VolumeSet
2023-10-17 18:54:28,905 [main] INFO  volume.MutableVolumeSet (MutableVolumeSet.java:initializeVolumeSet(173)) - Added Volume : /home/runner/work/ozone/ozone/hadoop-ozone/integration-test/target/test-dir/MiniOzoneClusterImpl-6d5b43b8-50d7-4b60-8424-e359ec6f806a/datanode-2/data/ratis to VolumeSet
2023-10-17 18:54:28,907 [Thread-189] INFO  ozoneimpl.ContainerReader (ContainerReader.java:readVolume(177)) - Finish verifying containers on volume /home/runner/work/ozone/ozone/hadoop-ozone/integration-test/target/test-dir/MiniOzoneClusterImpl-6d5b43b8-50d7-4b60-8424-e359ec6f806a/datanode-2/data-0/containers/hdds
2023-10-17 18:54:28,907 [main] INFO  ozoneimpl.OzoneContainer (OzoneContainer.java:buildContainerSet(316)) - Build ContainerSet costs 0s
2023-10-17 18:54:28,911 [main] INFO  server.RaftServer (ConfUtils.java:logGet(46)) - raft.rpc.type = GRPC (default)
2023-10-17 18:54:28,911 [main] INFO  grpc.GrpcConfigKeys (ConfUtils.java:logFallback(53)) - raft.grpc.admin.host = null (fallback to raft.grpc.server.host)
2023-10-17 18:54:28,911 [main] INFO  grpc.GrpcConfigKeys (ConfUtils.java:logGet(46)) - raft.grpc.admin.port = 15031 (custom)
2023-10-17 18:54:28,911 [main] INFO  grpc.GrpcConfigKeys (ConfUtils.java:logFallback(53)) - raft.grpc.client.host = null (fallback to raft.grpc.server.host)
2023-10-17 18:54:28,911 [main] INFO  grpc.GrpcConfigKeys (ConfUtils.java:logGet(46)) - raft.grpc.client.port = 15030 (custom)
2023-10-17 18:54:28,912 [main] INFO  grpc.GrpcConfigKeys (ConfUtils.java:logGet(46)) - raft.grpc.server.host = null (default)
2023-10-17 18:54:28,912 [main] INFO  grpc.GrpcConfigKeys (ConfUtils.java:logGet(46)) - raft.grpc.server.port = 15032 (custom)
2023-10-17 18:54:28,912 [main] INFO  server.GrpcService (ConfUtils.java:logGet(46)) - raft.grpc.message.size.max = 32MB (=33554432) (custom)
2023-10-17 18:54:28,912 [main] INFO  server.RaftServerConfigKeys (ConfUtils.java:logGet(46)) - raft.server.log.appender.buffer.byte-limit = 33554432 (custom)
2023-10-17 18:54:28,912 [main] INFO  server.GrpcService (ConfUtils.java:logGet(46)) - raft.grpc.flow.control.window = 5MB (=5242880) (custom)
2023-10-17 18:54:28,912 [main] INFO  server.RaftServerConfigKeys (ConfUtils.java:logGet(46)) - raft.server.rpc.request.timeout = 60s (custom)
2023-10-17 18:54:28,913 [main] INFO  grpc.GrpcConfigKeys (ConfUtils.java:logGet(46)) - raft.grpc.server.heartbeat.channel = true (default)
2023-10-17 18:54:28,913 [main] INFO  grpc.GrpcConfigKeys (ConfUtils.java:logGet(46)) - raft.grpc.server.async.request.thread.pool.cached = true (default)
2023-10-17 18:54:28,913 [main] INFO  grpc.GrpcConfigKeys (ConfUtils.java:logGet(46)) - raft.grpc.server.async.request.thread.pool.size = 32 (default)
2023-10-17 18:54:28,916 [main] INFO  impl.DataStreamServerImpl (ConfUtils.java:logGet(46)) - raft.datastream.type = NETTY (custom)
2023-10-17 18:54:28,917 [main] INFO  server.RaftServerConfigKeys (ConfUtils.java:logGet(46)) - raft.server.data-stream.async.request.thread.pool.cached = false (default)
2023-10-17 18:54:28,917 [main] INFO  server.RaftServerConfigKeys (ConfUtils.java:logGet(46)) - raft.server.data-stream.async.request.thread.pool.size = 20 (custom)
2023-10-17 18:54:28,917 [main] INFO  server.RaftServerConfigKeys (ConfUtils.java:logGet(46)) - raft.server.data-stream.async.write.thread.pool.size = 16 (default)
2023-10-17 18:54:28,917 [main] INFO  server.RaftServerConfigKeys (ConfUtils.java:logGet(46)) - raft.server.data-stream.client.pool.size = 10 (default)
2023-10-17 18:54:28,918 [main] INFO  netty.NettyConfigKeys$DataStream (ConfUtils.java:logGet(46)) - raft.netty.dataStream.server.use-epoll = false (default)
2023-10-17 18:54:28,918 [main] INFO  netty.NettyConfigKeys$DataStream (ConfUtils.java:logGet(46)) - raft.netty.dataStream.server.boss-group.size = 0 (default)
2023-10-17 18:54:28,918 [main] INFO  netty.NettyConfigKeys$DataStream (ConfUtils.java:logGet(46)) - raft.netty.dataStream.server.worker-group.size = 0 (default)
2023-10-17 18:54:28,919 [main] INFO  netty.NettyConfigKeys$DataStream (ConfUtils.java:logGet(46)) - raft.netty.dataStream.server.tls.conf = null (default)
2023-10-17 18:54:28,919 [main] INFO  netty.NettyConfigKeys$DataStream (ConfUtils.java:logGet(46)) - raft.netty.dataStream.host = null (default)
2023-10-17 18:54:28,919 [main] INFO  netty.NettyConfigKeys$DataStream (ConfUtils.java:logGet(46)) - raft.netty.dataStream.port = 15033 (custom)
2023-10-17 18:54:28,921 [main] INFO  server.RaftServerConfigKeys (ConfUtils.java:logGet(46)) - raft.server.threadpool.proxy.cached = true (default)
2023-10-17 18:54:28,922 [main] INFO  server.RaftServerConfigKeys (ConfUtils.java:logGet(46)) - raft.server.threadpool.proxy.size = 0 (default)
2023-10-17 18:54:28,922 [main] INFO  server.RaftServerConfigKeys (ConfUtils.java:logGet(46)) - raft.server.rpc.slowness.timeout = 300s (custom)
2023-10-17 18:54:28,922 [main] INFO  server.RaftServerConfigKeys (ConfUtils.java:logGet(46)) - raft.server.leaderelection.leader.step-down.wait-time = 10s (default)
2023-10-17 18:54:28,922 [main] INFO  server.RaftServerConfigKeys (ConfUtils.java:logGet(46)) - raft.server.storage.dir = [/home/runner/work/ozone/ozone/hadoop-ozone/integration-test/target/test-dir/MiniOzoneClusterImpl-6d5b43b8-50d7-4b60-8424-e359ec6f806a/datanode-2/data/ratis] (custom)
2023-10-17 18:54:28,924 [effd9d2c-4905-4e44-ade4-aa9f0e9056f9-NettyServerStreamRpc-bossGroup--thread1] INFO  logging.LoggingHandler (AbstractInternalLogger.java:log(148)) - [id: 0x06492863] REGISTERED
2023-10-17 18:54:28,924 [effd9d2c-4905-4e44-ade4-aa9f0e9056f9-NettyServerStreamRpc-bossGroup--thread1] INFO  logging.LoggingHandler (AbstractInternalLogger.java:log(148)) - [id: 0x06492863] BIND: 0.0.0.0/0.0.0.0:15033
2023-10-17 18:54:28,924 [effd9d2c-4905-4e44-ade4-aa9f0e9056f9-NettyServerStreamRpc-bossGroup--thread1] INFO  logging.LoggingHandler (AbstractInternalLogger.java:log(148)) - [id: 0x06492863, L:/0:0:0:0:0:0:0:0:15033] ACTIVE
2023-10-17 18:54:28,925 [effd9d2c-4905-4e44-ade4-aa9f0e9056f9-impl-thread1] INFO  server.RaftServer (RaftServerProxy.java:initGroupDir(258)) - effd9d2c-4905-4e44-ade4-aa9f0e9056f9: found a subdirectory /home/runner/work/ozone/ozone/hadoop-ozone/integration-test/target/test-dir/MiniOzoneClusterImpl-6d5b43b8-50d7-4b60-8424-e359ec6f806a/datanode-2/data/ratis/tmp
2023-10-17 18:54:28,925 [effd9d2c-4905-4e44-ade4-aa9f0e9056f9-impl-thread1] INFO  server.RaftServer (RaftServerProxy.java:initGroupDir(263)) - effd9d2c-4905-4e44-ade4-aa9f0e9056f9: The directory /home/runner/work/ozone/ozone/hadoop-ozone/integration-test/target/test-dir/MiniOzoneClusterImpl-6d5b43b8-50d7-4b60-8424-e359ec6f806a/datanode-2/data/ratis/tmp is not a group directory; ignoring it. 
2023-10-17 18:54:28,929 [main] INFO  replication.ReplicationServer (ReplicationServer.java:<init>(83)) - Initializing replication server with thread count = 10 queue length = 4096
2023-10-17 18:54:28,931 [main] INFO  server.XceiverServerGrpc (XceiverServerGrpc.java:<init>(132)) - GrpcServer channel type EpollServerSocketChannel
2023-10-17 18:54:28,933 [main] INFO  replication.ReplicationSupervisor (ReplicationSupervisor.java:build(155)) - Initializing replication supervisor with thread count = 10
2023-10-17 18:54:28,934 [main] INFO  replication.ReplicationSupervisor (ReplicationSupervisor.java:nodeStateUpdated(307)) - Node state updated to IN_SERVICE, scaling executor pool size to 10
2023-10-17 18:54:28,936 [main] INFO  http.BaseHttpServer (BaseHttpServer.java:newHttpServer2BuilderForOzone(223)) - Starting Web-server for hddsDatanode at: http://0.0.0.0:15027
2023-10-17 18:54:28,936 [main] INFO  http.BaseHttpServer (BaseHttpServer.java:<init>(110)) - Hadoop Security Enabled: false Ozone Security Enabled: false Ozone HTTP Security Enabled: false 
2023-10-17 18:54:28,938 [main] WARN  server.AuthenticationFilter (AuthenticationFilter.java:constructSecretProvider(240)) - Unable to initialize FileSignerSecretProvider, falling back to use random secrets. Reason: Could not read signature secret file: /home/runner/hadoop-http-auth-signature-secret
2023-10-17 18:54:28,939 [main] INFO  http.HttpRequestLog (HttpRequestLog.java:getRequestLog(86)) - Http request log for http.requests.hddsDatanode is not defined
2023-10-17 18:54:28,940 [main] INFO  http.HttpServer2 (HttpServer2.java:addGlobalFilter(1031)) - Added global filter 'safety' (class=org.apache.hadoop.hdds.server.http.HttpServer2$QuotingInputFilter)
2023-10-17 18:54:28,941 [main] INFO  http.HttpServer2 (HttpServer2.java:addFilter(1007)) - Added filter static_user_filter (class=org.apache.hadoop.http.lib.StaticUserWebFilter$StaticUserFilter) to context hddsDatanode
2023-10-17 18:54:28,941 [main] INFO  http.HttpServer2 (HttpServer2.java:addFilter(1015)) - Added filter static_user_filter (class=org.apache.hadoop.http.lib.StaticUserWebFilter$StaticUserFilter) to context static
2023-10-17 18:54:28,942 [main] INFO  http.HttpServer2 (HttpServer2.java:addFilter(1015)) - Added filter static_user_filter (class=org.apache.hadoop.http.lib.StaticUserWebFilter$StaticUserFilter) to context logs
2023-10-17 18:54:28,942 [main] INFO  http.BaseHttpServer (BaseHttpServer.java:<init>(189)) - HTTP server of hddsDatanode uses base directory /home/runner/work/ozone/ozone/hadoop-ozone/integration-test/target/test-dir/MiniOzoneClusterImpl-6d5b43b8-50d7-4b60-8424-e359ec6f806a/datanode-2/meta/webserver
2023-10-17 18:54:28,942 [main] INFO  http.HttpServer2 (HttpServer2.java:bindListener(1231)) - Jetty bound to port 15027
2023-10-17 18:54:28,943 [main] INFO  server.Server (Server.java:doStart(375)) - jetty-9.4.53.v20231009; built: 2023-10-09T12:29:09.265Z; git: 27bde00a0b95a1d5bbee0eae7984f891d2d0f8c9; jvm 1.8.0_382-b05
2023-10-17 18:54:28,953 [main] INFO  server.session (DefaultSessionIdManager.java:doStart(334)) - DefaultSessionIdManager workerName=node0
2023-10-17 18:54:28,953 [main] INFO  server.session (DefaultSessionIdManager.java:doStart(339)) - No SessionScavenger set, using defaults
2023-10-17 18:54:28,953 [main] INFO  server.session (HouseKeeper.java:startScavenging(132)) - node0 Scavenging every 600000ms
2023-10-17 18:54:28,955 [main] INFO  handler.ContextHandler (ContextHandler.java:doStart(921)) - Started o.e.j.s.ServletContextHandler@78707c5b{logs,/logs,file:///home/runner/work/ozone/ozone/hadoop-ozone/integration-test/target/log,AVAILABLE}
2023-10-17 18:54:28,955 [main] INFO  handler.ContextHandler (ContextHandler.java:doStart(921)) - Started o.e.j.s.ServletContextHandler@488332da{static,/static,jar:file:/home/runner/.m2/repository/org/apache/ozone/hdds-container-service/1.4.0-SNAPSHOT/hdds-container-service-1.4.0-SNAPSHOT.jar!/webapps/static,AVAILABLE}
2023-10-17 18:54:29,218 [main] INFO  handler.ContextHandler (ContextHandler.java:doStart(921)) - Started o.e.j.w.WebAppContext@4e82fd8a{hddsDatanode,/,file:///home/runner/work/ozone/ozone/hadoop-ozone/integration-test/target/tmp/kms/webapp/,AVAILABLE}{jar:file:/home/runner/.m2/repository/org/apache/ozone/hdds-container-service/1.4.0-SNAPSHOT/hdds-container-service-1.4.0-SNAPSHOT.jar!/webapps/hddsDatanode}
2023-10-17 18:54:29,225 [main] INFO  server.AbstractConnector (AbstractConnector.java:doStart(333)) - Started ServerConnector@62446db1{HTTP/1.1, (http/1.1)}{0.0.0.0:15027}
2023-10-17 18:54:29,225 [main] INFO  server.Server (Server.java:doStart(415)) - Started @14480ms
2023-10-17 18:54:29,225 [main] WARN  impl.MetricsSystemImpl (MetricsSystemImpl.java:register(279)) - Sink prometheus already exists!
2023-10-17 18:54:29,226 [main] INFO  http.BaseHttpServer (BaseHttpServer.java:updateConnectorAddress(354)) - HTTP server of hddsDatanode listening at http://0.0.0.0:15027
2023-10-17 18:54:29,227 [main] INFO  ipc.CallQueueManager (CallQueueManager.java:<init>(90)) - Using callQueue: class java.util.concurrent.LinkedBlockingQueue, queueCapacity: 100, scheduler: class org.apache.hadoop.ipc.DefaultRpcScheduler, ipcBackoff: false.
2023-10-17 18:54:29,227 [main] INFO  ipc.Server (Server.java:<init>(1287)) - Listener at 0.0.0.0:15028
2023-10-17 18:54:29,233 [Socket Reader #1 for port 15028] INFO  ipc.Server (Server.java:run(1323)) - Starting Socket Reader #1 for port 15028
2023-10-17 18:54:29,253 [main] INFO  ozone.HddsDatanodeService (HddsDatanodeService.java:start(325)) - Datanode start with admins: [runner]
2023-10-17 18:54:29,253 [main] INFO  ozone.HddsDatanodeClientProtocolServer (HddsDatanodeClientProtocolServer.java:start(72)) - RPC server for Client /0.0.0.0:15028
2023-10-17 18:54:29,254 [IPC Server Responder] INFO  ipc.Server (Server.java:run(1562)) - IPC Server Responder: starting
2023-10-17 18:54:29,258 [IPC Server listener on 15028] INFO  ipc.Server (Server.java:run(1402)) - IPC Server listener on 15028: starting
2023-10-17 18:54:29,258 [main] WARN  impl.MetricRegistriesImpl (MetricRegistriesImpl.java:addReporterRegistration(111)) - New reporters are added after registries were created. Some metrics will be missing from the reporter. Please add reporter before adding any new registry.
2023-10-17 18:54:29,259 [main] WARN  impl.MetricRegistriesImpl (MetricRegistriesImpl.java:addReporterRegistration(111)) - New reporters are added after registries were created. Some metrics will be missing from the reporter. Please add reporter before adding any new registry.
2023-10-17 18:54:29,259 [main] INFO  impl.MetricsSystemImpl (MetricsSystemImpl.java:init(158)) - HddsDatanode metrics system started (again)
2023-10-17 18:54:29,267 [Datanode State Machine Daemon Thread] INFO  statemachine.DatanodeStateMachine (DatanodeStateMachine.java:lambda$startDaemon$1(546)) - Ozone container server started.
2023-10-17 18:54:29,305 [main] INFO  ozone.HddsDatanodeService (HddsDatanodeService.java:start(240)) - HddsDatanodeService host:fv-az82-357.ou3itxwc2spe5nxnxxppousbrf.dx.internal.cloudapp.net ip:10.1.0.79
2023-10-17 18:54:29,307 [Datanode State Machine Task Thread - 0] INFO  datanode.InitDatanodeState (InitDatanodeState.java:persistContainerDatanodeDetails(138)) - DatanodeDetails is persisted to /home/runner/work/ozone/ozone/hadoop-ozone/integration-test/target/test-dir/MiniOzoneClusterImpl-6d5b43b8-50d7-4b60-8424-e359ec6f806a/datanode-2/meta/datanode.id
2023-10-17 18:54:29,338 [main] INFO  upgrade.AbstractLayoutVersionManager (AbstractLayoutVersionManager.java:init(83)) - Initializing Layout version manager with metadata layout = HADOOP_PRC_PORTS_IN_DATANODEDETAILS (version = 7), software layout = HADOOP_PRC_PORTS_IN_DATANODEDETAILS (version = 7)
2023-10-17 18:54:29,342 [main] INFO  statemachine.DatanodeStateMachine (DatanodeStateMachine.java:getEndPointTaskThreadPoolSize(290)) - Datanode State Machine Task Thread Pool size 2
2023-10-17 18:54:29,348 [main] INFO  volume.HddsVolume (HddsVolume.java:<init>(126)) - Creating HddsVolume: /home/runner/work/ozone/ozone/hadoop-ozone/integration-test/target/test-dir/MiniOzoneClusterImpl-6d5b43b8-50d7-4b60-8424-e359ec6f806a/datanode-3/data-0/containers/hdds of storage type : DISK capacity : 9223372036854775807
2023-10-17 18:54:29,348 [main] INFO  volume.MutableVolumeSet (MutableVolumeSet.java:initializeVolumeSet(173)) - Added Volume : /home/runner/work/ozone/ozone/hadoop-ozone/integration-test/target/test-dir/MiniOzoneClusterImpl-6d5b43b8-50d7-4b60-8424-e359ec6f806a/datanode-3/data-0/containers/hdds to VolumeSet
2023-10-17 18:54:29,352 [main] INFO  volume.MutableVolumeSet (MutableVolumeSet.java:initializeVolumeSet(173)) - Added Volume : /home/runner/work/ozone/ozone/hadoop-ozone/integration-test/target/test-dir/MiniOzoneClusterImpl-6d5b43b8-50d7-4b60-8424-e359ec6f806a/datanode-3/data/ratis to VolumeSet
2023-10-17 18:54:29,355 [Thread-206] INFO  ozoneimpl.ContainerReader (ContainerReader.java:readVolume(177)) - Finish verifying containers on volume /home/runner/work/ozone/ozone/hadoop-ozone/integration-test/target/test-dir/MiniOzoneClusterImpl-6d5b43b8-50d7-4b60-8424-e359ec6f806a/datanode-3/data-0/containers/hdds
2023-10-17 18:54:29,355 [main] INFO  ozoneimpl.OzoneContainer (OzoneContainer.java:buildContainerSet(316)) - Build ContainerSet costs 0s
2023-10-17 18:54:29,362 [main] INFO  server.RaftServer (ConfUtils.java:logGet(46)) - raft.rpc.type = GRPC (default)
2023-10-17 18:54:29,363 [main] INFO  grpc.GrpcConfigKeys (ConfUtils.java:logFallback(53)) - raft.grpc.admin.host = null (fallback to raft.grpc.server.host)
2023-10-17 18:54:29,363 [main] INFO  grpc.GrpcConfigKeys (ConfUtils.java:logGet(46)) - raft.grpc.admin.port = 15040 (custom)
2023-10-17 18:54:29,364 [main] INFO  grpc.GrpcConfigKeys (ConfUtils.java:logFallback(53)) - raft.grpc.client.host = null (fallback to raft.grpc.server.host)
2023-10-17 18:54:29,364 [main] INFO  grpc.GrpcConfigKeys (ConfUtils.java:logGet(46)) - raft.grpc.client.port = 15039 (custom)
2023-10-17 18:54:29,364 [main] INFO  grpc.GrpcConfigKeys (ConfUtils.java:logGet(46)) - raft.grpc.server.host = null (default)
2023-10-17 18:54:29,364 [main] INFO  grpc.GrpcConfigKeys (ConfUtils.java:logGet(46)) - raft.grpc.server.port = 15041 (custom)
2023-10-17 18:54:29,365 [main] INFO  server.GrpcService (ConfUtils.java:logGet(46)) - raft.grpc.message.size.max = 32MB (=33554432) (custom)
2023-10-17 18:54:29,365 [main] INFO  server.RaftServerConfigKeys (ConfUtils.java:logGet(46)) - raft.server.log.appender.buffer.byte-limit = 33554432 (custom)
2023-10-17 18:54:29,365 [main] INFO  server.GrpcService (ConfUtils.java:logGet(46)) - raft.grpc.flow.control.window = 5MB (=5242880) (custom)
2023-10-17 18:54:29,367 [main] INFO  server.RaftServerConfigKeys (ConfUtils.java:logGet(46)) - raft.server.rpc.request.timeout = 60s (custom)
2023-10-17 18:54:29,367 [main] INFO  grpc.GrpcConfigKeys (ConfUtils.java:logGet(46)) - raft.grpc.server.heartbeat.channel = true (default)
2023-10-17 18:54:29,367 [main] INFO  grpc.GrpcConfigKeys (ConfUtils.java:logGet(46)) - raft.grpc.server.async.request.thread.pool.cached = true (default)
2023-10-17 18:54:29,368 [main] INFO  grpc.GrpcConfigKeys (ConfUtils.java:logGet(46)) - raft.grpc.server.async.request.thread.pool.size = 32 (default)
2023-10-17 18:54:29,371 [main] INFO  impl.DataStreamServerImpl (ConfUtils.java:logGet(46)) - raft.datastream.type = NETTY (custom)
2023-10-17 18:54:29,371 [main] INFO  server.RaftServerConfigKeys (ConfUtils.java:logGet(46)) - raft.server.data-stream.async.request.thread.pool.cached = false (default)
2023-10-17 18:54:29,371 [main] INFO  server.RaftServerConfigKeys (ConfUtils.java:logGet(46)) - raft.server.data-stream.async.request.thread.pool.size = 20 (custom)
2023-10-17 18:54:29,371 [main] INFO  server.RaftServerConfigKeys (ConfUtils.java:logGet(46)) - raft.server.data-stream.async.write.thread.pool.size = 16 (default)
2023-10-17 18:54:29,372 [main] INFO  server.RaftServerConfigKeys (ConfUtils.java:logGet(46)) - raft.server.data-stream.client.pool.size = 10 (default)
2023-10-17 18:54:29,372 [main] INFO  netty.NettyConfigKeys$DataStream (ConfUtils.java:logGet(46)) - raft.netty.dataStream.server.use-epoll = false (default)
2023-10-17 18:54:29,372 [main] INFO  netty.NettyConfigKeys$DataStream (ConfUtils.java:logGet(46)) - raft.netty.dataStream.server.boss-group.size = 0 (default)
2023-10-17 18:54:29,373 [main] INFO  netty.NettyConfigKeys$DataStream (ConfUtils.java:logGet(46)) - raft.netty.dataStream.server.worker-group.size = 0 (default)
2023-10-17 18:54:29,374 [main] INFO  netty.NettyConfigKeys$DataStream (ConfUtils.java:logGet(46)) - raft.netty.dataStream.server.tls.conf = null (default)
2023-10-17 18:54:29,374 [main] INFO  netty.NettyConfigKeys$DataStream (ConfUtils.java:logGet(46)) - raft.netty.dataStream.host = null (default)
2023-10-17 18:54:29,374 [main] INFO  netty.NettyConfigKeys$DataStream (ConfUtils.java:logGet(46)) - raft.netty.dataStream.port = 15042 (custom)
2023-10-17 18:54:29,375 [main] INFO  server.RaftServerConfigKeys (ConfUtils.java:logGet(46)) - raft.server.threadpool.proxy.cached = true (default)
2023-10-17 18:54:29,376 [main] INFO  server.RaftServerConfigKeys (ConfUtils.java:logGet(46)) - raft.server.threadpool.proxy.size = 0 (default)
2023-10-17 18:54:29,376 [a546daa4-0106-41e2-a933-0105fc903a66-NettyServerStreamRpc-bossGroup--thread1] INFO  logging.LoggingHandler (AbstractInternalLogger.java:log(148)) - [id: 0x698f0b5b] REGISTERED
2023-10-17 18:54:29,376 [main] INFO  server.RaftServerConfigKeys (ConfUtils.java:logGet(46)) - raft.server.rpc.slowness.timeout = 300s (custom)
2023-10-17 18:54:29,377 [main] INFO  server.RaftServerConfigKeys (ConfUtils.java:logGet(46)) - raft.server.leaderelection.leader.step-down.wait-time = 10s (default)
2023-10-17 18:54:29,376 [a546daa4-0106-41e2-a933-0105fc903a66-NettyServerStreamRpc-bossGroup--thread1] INFO  logging.LoggingHandler (AbstractInternalLogger.java:log(148)) - [id: 0x698f0b5b] BIND: 0.0.0.0/0.0.0.0:15042
2023-10-17 18:54:29,377 [main] INFO  server.RaftServerConfigKeys (ConfUtils.java:logGet(46)) - raft.server.storage.dir = [/home/runner/work/ozone/ozone/hadoop-ozone/integration-test/target/test-dir/MiniOzoneClusterImpl-6d5b43b8-50d7-4b60-8424-e359ec6f806a/datanode-3/data/ratis] (custom)
2023-10-17 18:54:29,377 [a546daa4-0106-41e2-a933-0105fc903a66-NettyServerStreamRpc-bossGroup--thread1] INFO  logging.LoggingHandler (AbstractInternalLogger.java:log(148)) - [id: 0x698f0b5b, L:/0:0:0:0:0:0:0:0:15042] ACTIVE
2023-10-17 18:54:29,377 [a546daa4-0106-41e2-a933-0105fc903a66-impl-thread1] INFO  server.RaftServer (RaftServerProxy.java:initGroupDir(258)) - a546daa4-0106-41e2-a933-0105fc903a66: found a subdirectory /home/runner/work/ozone/ozone/hadoop-ozone/integration-test/target/test-dir/MiniOzoneClusterImpl-6d5b43b8-50d7-4b60-8424-e359ec6f806a/datanode-3/data/ratis/tmp
2023-10-17 18:54:29,378 [a546daa4-0106-41e2-a933-0105fc903a66-impl-thread1] INFO  server.RaftServer (RaftServerProxy.java:initGroupDir(263)) - a546daa4-0106-41e2-a933-0105fc903a66: The directory /home/runner/work/ozone/ozone/hadoop-ozone/integration-test/target/test-dir/MiniOzoneClusterImpl-6d5b43b8-50d7-4b60-8424-e359ec6f806a/datanode-3/data/ratis/tmp is not a group directory; ignoring it. 
2023-10-17 18:54:29,378 [main] INFO  replication.ReplicationServer (ReplicationServer.java:<init>(83)) - Initializing replication server with thread count = 10 queue length = 4096
2023-10-17 18:54:29,379 [main] INFO  server.XceiverServerGrpc (XceiverServerGrpc.java:<init>(132)) - GrpcServer channel type EpollServerSocketChannel
2023-10-17 18:54:29,383 [main] INFO  replication.ReplicationSupervisor (ReplicationSupervisor.java:build(155)) - Initializing replication supervisor with thread count = 10
2023-10-17 18:54:29,383 [main] INFO  replication.ReplicationSupervisor (ReplicationSupervisor.java:nodeStateUpdated(307)) - Node state updated to IN_SERVICE, scaling executor pool size to 10
2023-10-17 18:54:29,386 [main] INFO  http.BaseHttpServer (BaseHttpServer.java:newHttpServer2BuilderForOzone(223)) - Starting Web-server for hddsDatanode at: http://0.0.0.0:15036
2023-10-17 18:54:29,386 [main] INFO  http.BaseHttpServer (BaseHttpServer.java:<init>(110)) - Hadoop Security Enabled: false Ozone Security Enabled: false Ozone HTTP Security Enabled: false 
2023-10-17 18:54:29,388 [main] WARN  server.AuthenticationFilter (AuthenticationFilter.java:constructSecretProvider(240)) - Unable to initialize FileSignerSecretProvider, falling back to use random secrets. Reason: Could not read signature secret file: /home/runner/hadoop-http-auth-signature-secret
2023-10-17 18:54:29,389 [main] INFO  http.HttpRequestLog (HttpRequestLog.java:getRequestLog(86)) - Http request log for http.requests.hddsDatanode is not defined
2023-10-17 18:54:29,390 [main] INFO  http.HttpServer2 (HttpServer2.java:addGlobalFilter(1031)) - Added global filter 'safety' (class=org.apache.hadoop.hdds.server.http.HttpServer2$QuotingInputFilter)
2023-10-17 18:54:29,391 [main] INFO  http.HttpServer2 (HttpServer2.java:addFilter(1007)) - Added filter static_user_filter (class=org.apache.hadoop.http.lib.StaticUserWebFilter$StaticUserFilter) to context hddsDatanode
2023-10-17 18:54:29,391 [main] INFO  http.HttpServer2 (HttpServer2.java:addFilter(1015)) - Added filter static_user_filter (class=org.apache.hadoop.http.lib.StaticUserWebFilter$StaticUserFilter) to context logs
2023-10-17 18:54:29,391 [main] INFO  http.HttpServer2 (HttpServer2.java:addFilter(1015)) - Added filter static_user_filter (class=org.apache.hadoop.http.lib.StaticUserWebFilter$StaticUserFilter) to context static
2023-10-17 18:54:29,392 [main] INFO  http.BaseHttpServer (BaseHttpServer.java:<init>(189)) - HTTP server of hddsDatanode uses base directory /home/runner/work/ozone/ozone/hadoop-ozone/integration-test/target/test-dir/MiniOzoneClusterImpl-6d5b43b8-50d7-4b60-8424-e359ec6f806a/datanode-3/meta/webserver
2023-10-17 18:54:29,392 [main] INFO  http.HttpServer2 (HttpServer2.java:bindListener(1231)) - Jetty bound to port 15036
2023-10-17 18:54:29,392 [main] INFO  server.Server (Server.java:doStart(375)) - jetty-9.4.53.v20231009; built: 2023-10-09T12:29:09.265Z; git: 27bde00a0b95a1d5bbee0eae7984f891d2d0f8c9; jvm 1.8.0_382-b05
2023-10-17 18:54:29,394 [main] INFO  server.session (DefaultSessionIdManager.java:doStart(334)) - DefaultSessionIdManager workerName=node0
2023-10-17 18:54:29,394 [main] INFO  server.session (DefaultSessionIdManager.java:doStart(339)) - No SessionScavenger set, using defaults
2023-10-17 18:54:29,394 [main] INFO  server.session (HouseKeeper.java:startScavenging(132)) - node0 Scavenging every 660000ms
2023-10-17 18:54:29,395 [main] INFO  handler.ContextHandler (ContextHandler.java:doStart(921)) - Started o.e.j.s.ServletContextHandler@7edc8a5f{logs,/logs,file:///home/runner/work/ozone/ozone/hadoop-ozone/integration-test/target/log,AVAILABLE}
2023-10-17 18:54:29,396 [main] INFO  handler.ContextHandler (ContextHandler.java:doStart(921)) - Started o.e.j.s.ServletContextHandler@25cbd4d5{static,/static,jar:file:/home/runner/.m2/repository/org/apache/ozone/hdds-container-service/1.4.0-SNAPSHOT/hdds-container-service-1.4.0-SNAPSHOT.jar!/webapps/static,AVAILABLE}
2023-10-17 18:54:29,629 [main] INFO  handler.ContextHandler (ContextHandler.java:doStart(921)) - Started o.e.j.w.WebAppContext@33bf058f{hddsDatanode,/,file:///home/runner/work/ozone/ozone/hadoop-ozone/integration-test/target/tmp/kms/webapp/,AVAILABLE}{jar:file:/home/runner/.m2/repository/org/apache/ozone/hdds-container-service/1.4.0-SNAPSHOT/hdds-container-service-1.4.0-SNAPSHOT.jar!/webapps/hddsDatanode}
2023-10-17 18:54:29,631 [main] INFO  server.AbstractConnector (AbstractConnector.java:doStart(333)) - Started ServerConnector@2106b38{HTTP/1.1, (http/1.1)}{0.0.0.0:15036}
2023-10-17 18:54:29,631 [main] INFO  server.Server (Server.java:doStart(415)) - Started @14886ms
2023-10-17 18:54:29,631 [main] WARN  impl.MetricsSystemImpl (MetricsSystemImpl.java:register(279)) - Sink prometheus already exists!
2023-10-17 18:54:29,632 [main] INFO  http.BaseHttpServer (BaseHttpServer.java:updateConnectorAddress(354)) - HTTP server of hddsDatanode listening at http://0.0.0.0:15036
2023-10-17 18:54:29,632 [main] INFO  ipc.CallQueueManager (CallQueueManager.java:<init>(90)) - Using callQueue: class java.util.concurrent.LinkedBlockingQueue, queueCapacity: 100, scheduler: class org.apache.hadoop.ipc.DefaultRpcScheduler, ipcBackoff: false.
2023-10-17 18:54:29,633 [main] INFO  ipc.Server (Server.java:<init>(1287)) - Listener at 0.0.0.0:15037
2023-10-17 18:54:29,642 [Socket Reader #1 for port 15037] INFO  ipc.Server (Server.java:run(1323)) - Starting Socket Reader #1 for port 15037
2023-10-17 18:54:29,644 [main] INFO  ozone.HddsDatanodeService (HddsDatanodeService.java:start(325)) - Datanode start with admins: [runner]
2023-10-17 18:54:29,645 [main] INFO  ozone.HddsDatanodeClientProtocolServer (HddsDatanodeClientProtocolServer.java:start(72)) - RPC server for Client /0.0.0.0:15037
2023-10-17 18:54:29,645 [IPC Server Responder] INFO  ipc.Server (Server.java:run(1562)) - IPC Server Responder: starting
2023-10-17 18:54:29,646 [IPC Server listener on 15037] INFO  ipc.Server (Server.java:run(1402)) - IPC Server listener on 15037: starting
2023-10-17 18:54:29,646 [main] WARN  impl.MetricRegistriesImpl (MetricRegistriesImpl.java:addReporterRegistration(111)) - New reporters are added after registries were created. Some metrics will be missing from the reporter. Please add reporter before adding any new registry.
2023-10-17 18:54:29,646 [main] WARN  impl.MetricRegistriesImpl (MetricRegistriesImpl.java:addReporterRegistration(111)) - New reporters are added after registries were created. Some metrics will be missing from the reporter. Please add reporter before adding any new registry.
2023-10-17 18:54:29,647 [main] INFO  impl.MetricsSystemImpl (MetricsSystemImpl.java:init(158)) - HddsDatanode metrics system started (again)
2023-10-17 18:54:29,646 [Datanode State Machine Daemon Thread] INFO  statemachine.DatanodeStateMachine (DatanodeStateMachine.java:lambda$startDaemon$1(546)) - Ozone container server started.
2023-10-17 18:54:29,665 [main] INFO  ozone.HddsDatanodeService (HddsDatanodeService.java:start(240)) - HddsDatanodeService host:fv-az82-357.ou3itxwc2spe5nxnxxppousbrf.dx.internal.cloudapp.net ip:10.1.0.79
2023-10-17 18:54:29,669 [Datanode State Machine Task Thread - 0] INFO  datanode.InitDatanodeState (InitDatanodeState.java:persistContainerDatanodeDetails(138)) - DatanodeDetails is persisted to /home/runner/work/ozone/ozone/hadoop-ozone/integration-test/target/test-dir/MiniOzoneClusterImpl-6d5b43b8-50d7-4b60-8424-e359ec6f806a/datanode-3/meta/datanode.id
2023-10-17 18:54:29,689 [main] INFO  upgrade.AbstractLayoutVersionManager (AbstractLayoutVersionManager.java:init(83)) - Initializing Layout version manager with metadata layout = HADOOP_PRC_PORTS_IN_DATANODEDETAILS (version = 7), software layout = HADOOP_PRC_PORTS_IN_DATANODEDETAILS (version = 7)
2023-10-17 18:54:29,690 [main] INFO  statemachine.DatanodeStateMachine (DatanodeStateMachine.java:getEndPointTaskThreadPoolSize(290)) - Datanode State Machine Task Thread Pool size 2
2023-10-17 18:54:29,697 [main] INFO  volume.HddsVolume (HddsVolume.java:<init>(126)) - Creating HddsVolume: /home/runner/work/ozone/ozone/hadoop-ozone/integration-test/target/test-dir/MiniOzoneClusterImpl-6d5b43b8-50d7-4b60-8424-e359ec6f806a/datanode-4/data-0/containers/hdds of storage type : DISK capacity : 9223372036854775807
2023-10-17 18:54:29,697 [main] INFO  volume.MutableVolumeSet (MutableVolumeSet.java:initializeVolumeSet(173)) - Added Volume : /home/runner/work/ozone/ozone/hadoop-ozone/integration-test/target/test-dir/MiniOzoneClusterImpl-6d5b43b8-50d7-4b60-8424-e359ec6f806a/datanode-4/data-0/containers/hdds to VolumeSet
2023-10-17 18:54:29,700 [main] INFO  volume.MutableVolumeSet (MutableVolumeSet.java:initializeVolumeSet(173)) - Added Volume : /home/runner/work/ozone/ozone/hadoop-ozone/integration-test/target/test-dir/MiniOzoneClusterImpl-6d5b43b8-50d7-4b60-8424-e359ec6f806a/datanode-4/data/ratis to VolumeSet
2023-10-17 18:54:29,701 [Thread-223] INFO  ozoneimpl.ContainerReader (ContainerReader.java:readVolume(177)) - Finish verifying containers on volume /home/runner/work/ozone/ozone/hadoop-ozone/integration-test/target/test-dir/MiniOzoneClusterImpl-6d5b43b8-50d7-4b60-8424-e359ec6f806a/datanode-4/data-0/containers/hdds
2023-10-17 18:54:29,701 [main] INFO  ozoneimpl.OzoneContainer (OzoneContainer.java:buildContainerSet(316)) - Build ContainerSet costs 0s
2023-10-17 18:54:29,704 [main] INFO  server.RaftServer (ConfUtils.java:logGet(46)) - raft.rpc.type = GRPC (default)
2023-10-17 18:54:29,704 [main] INFO  grpc.GrpcConfigKeys (ConfUtils.java:logFallback(53)) - raft.grpc.admin.host = null (fallback to raft.grpc.server.host)
2023-10-17 18:54:29,704 [main] INFO  grpc.GrpcConfigKeys (ConfUtils.java:logGet(46)) - raft.grpc.admin.port = 15049 (custom)
2023-10-17 18:54:29,705 [main] INFO  grpc.GrpcConfigKeys (ConfUtils.java:logFallback(53)) - raft.grpc.client.host = null (fallback to raft.grpc.server.host)
2023-10-17 18:54:29,706 [main] INFO  grpc.GrpcConfigKeys (ConfUtils.java:logGet(46)) - raft.grpc.client.port = 15048 (custom)
2023-10-17 18:54:29,706 [main] INFO  grpc.GrpcConfigKeys (ConfUtils.java:logGet(46)) - raft.grpc.server.host = null (default)
2023-10-17 18:54:29,706 [main] INFO  grpc.GrpcConfigKeys (ConfUtils.java:logGet(46)) - raft.grpc.server.port = 15050 (custom)
2023-10-17 18:54:29,706 [main] INFO  server.GrpcService (ConfUtils.java:logGet(46)) - raft.grpc.message.size.max = 32MB (=33554432) (custom)
2023-10-17 18:54:29,706 [main] INFO  server.RaftServerConfigKeys (ConfUtils.java:logGet(46)) - raft.server.log.appender.buffer.byte-limit = 33554432 (custom)
2023-10-17 18:54:29,706 [main] INFO  server.GrpcService (ConfUtils.java:logGet(46)) - raft.grpc.flow.control.window = 5MB (=5242880) (custom)
2023-10-17 18:54:29,707 [main] INFO  server.RaftServerConfigKeys (ConfUtils.java:logGet(46)) - raft.server.rpc.request.timeout = 60s (custom)
2023-10-17 18:54:29,707 [main] INFO  grpc.GrpcConfigKeys (ConfUtils.java:logGet(46)) - raft.grpc.server.heartbeat.channel = true (default)
2023-10-17 18:54:29,707 [main] INFO  grpc.GrpcConfigKeys (ConfUtils.java:logGet(46)) - raft.grpc.server.async.request.thread.pool.cached = true (default)
2023-10-17 18:54:29,707 [main] INFO  grpc.GrpcConfigKeys (ConfUtils.java:logGet(46)) - raft.grpc.server.async.request.thread.pool.size = 32 (default)
2023-10-17 18:54:29,711 [main] INFO  impl.DataStreamServerImpl (ConfUtils.java:logGet(46)) - raft.datastream.type = NETTY (custom)
2023-10-17 18:54:29,712 [main] INFO  server.RaftServerConfigKeys (ConfUtils.java:logGet(46)) - raft.server.data-stream.async.request.thread.pool.cached = false (default)
2023-10-17 18:54:29,712 [main] INFO  server.RaftServerConfigKeys (ConfUtils.java:logGet(46)) - raft.server.data-stream.async.request.thread.pool.size = 20 (custom)
2023-10-17 18:54:29,712 [main] INFO  server.RaftServerConfigKeys (ConfUtils.java:logGet(46)) - raft.server.data-stream.async.write.thread.pool.size = 16 (default)
2023-10-17 18:54:29,713 [main] INFO  server.RaftServerConfigKeys (ConfUtils.java:logGet(46)) - raft.server.data-stream.client.pool.size = 10 (default)
2023-10-17 18:54:29,713 [main] INFO  netty.NettyConfigKeys$DataStream (ConfUtils.java:logGet(46)) - raft.netty.dataStream.server.use-epoll = false (default)
2023-10-17 18:54:29,713 [main] INFO  netty.NettyConfigKeys$DataStream (ConfUtils.java:logGet(46)) - raft.netty.dataStream.server.boss-group.size = 0 (default)
2023-10-17 18:54:29,713 [main] INFO  netty.NettyConfigKeys$DataStream (ConfUtils.java:logGet(46)) - raft.netty.dataStream.server.worker-group.size = 0 (default)
2023-10-17 18:54:29,715 [main] INFO  netty.NettyConfigKeys$DataStream (ConfUtils.java:logGet(46)) - raft.netty.dataStream.server.tls.conf = null (default)
2023-10-17 18:54:29,715 [main] INFO  netty.NettyConfigKeys$DataStream (ConfUtils.java:logGet(46)) - raft.netty.dataStream.host = null (default)
2023-10-17 18:54:29,716 [main] INFO  netty.NettyConfigKeys$DataStream (ConfUtils.java:logGet(46)) - raft.netty.dataStream.port = 15051 (custom)
2023-10-17 18:54:29,718 [main] INFO  server.RaftServerConfigKeys (ConfUtils.java:logGet(46)) - raft.server.threadpool.proxy.cached = true (default)
2023-10-17 18:54:29,719 [main] INFO  server.RaftServerConfigKeys (ConfUtils.java:logGet(46)) - raft.server.threadpool.proxy.size = 0 (default)
2023-10-17 18:54:29,719 [main] INFO  server.RaftServerConfigKeys (ConfUtils.java:logGet(46)) - raft.server.rpc.slowness.timeout = 300s (custom)
2023-10-17 18:54:29,719 [main] INFO  server.RaftServerConfigKeys (ConfUtils.java:logGet(46)) - raft.server.leaderelection.leader.step-down.wait-time = 10s (default)
2023-10-17 18:54:29,719 [main] INFO  server.RaftServerConfigKeys (ConfUtils.java:logGet(46)) - raft.server.storage.dir = [/home/runner/work/ozone/ozone/hadoop-ozone/integration-test/target/test-dir/MiniOzoneClusterImpl-6d5b43b8-50d7-4b60-8424-e359ec6f806a/datanode-4/data/ratis] (custom)
2023-10-17 18:54:29,722 [a9a64069-5644-4cd4-ae1b-13efe84d56e4-NettyServerStreamRpc-bossGroup--thread1] INFO  logging.LoggingHandler (AbstractInternalLogger.java:log(148)) - [id: 0x66c53b4c] REGISTERED
2023-10-17 18:54:29,722 [a9a64069-5644-4cd4-ae1b-13efe84d56e4-impl-thread1] INFO  server.RaftServer (RaftServerProxy.java:initGroupDir(258)) - a9a64069-5644-4cd4-ae1b-13efe84d56e4: found a subdirectory /home/runner/work/ozone/ozone/hadoop-ozone/integration-test/target/test-dir/MiniOzoneClusterImpl-6d5b43b8-50d7-4b60-8424-e359ec6f806a/datanode-4/data/ratis/tmp
2023-10-17 18:54:29,722 [a9a64069-5644-4cd4-ae1b-13efe84d56e4-NettyServerStreamRpc-bossGroup--thread1] INFO  logging.LoggingHandler (AbstractInternalLogger.java:log(148)) - [id: 0x66c53b4c] BIND: 0.0.0.0/0.0.0.0:15051
2023-10-17 18:54:29,722 [a9a64069-5644-4cd4-ae1b-13efe84d56e4-NettyServerStreamRpc-bossGroup--thread1] INFO  logging.LoggingHandler (AbstractInternalLogger.java:log(148)) - [id: 0x66c53b4c, L:/0:0:0:0:0:0:0:0:15051] ACTIVE
2023-10-17 18:54:29,722 [a9a64069-5644-4cd4-ae1b-13efe84d56e4-impl-thread1] INFO  server.RaftServer (RaftServerProxy.java:initGroupDir(263)) - a9a64069-5644-4cd4-ae1b-13efe84d56e4: The directory /home/runner/work/ozone/ozone/hadoop-ozone/integration-test/target/test-dir/MiniOzoneClusterImpl-6d5b43b8-50d7-4b60-8424-e359ec6f806a/datanode-4/data/ratis/tmp is not a group directory; ignoring it. 
2023-10-17 18:54:29,724 [main] INFO  replication.ReplicationServer (ReplicationServer.java:<init>(83)) - Initializing replication server with thread count = 10 queue length = 4096
2023-10-17 18:54:29,725 [main] INFO  server.XceiverServerGrpc (XceiverServerGrpc.java:<init>(132)) - GrpcServer channel type EpollServerSocketChannel
2023-10-17 18:54:29,727 [main] INFO  replication.ReplicationSupervisor (ReplicationSupervisor.java:build(155)) - Initializing replication supervisor with thread count = 10
2023-10-17 18:54:29,727 [main] INFO  replication.ReplicationSupervisor (ReplicationSupervisor.java:nodeStateUpdated(307)) - Node state updated to IN_SERVICE, scaling executor pool size to 10
2023-10-17 18:54:29,733 [main] INFO  http.BaseHttpServer (BaseHttpServer.java:newHttpServer2BuilderForOzone(223)) - Starting Web-server for hddsDatanode at: http://0.0.0.0:15045
2023-10-17 18:54:29,733 [main] INFO  http.BaseHttpServer (BaseHttpServer.java:<init>(110)) - Hadoop Security Enabled: false Ozone Security Enabled: false Ozone HTTP Security Enabled: false 
2023-10-17 18:54:29,735 [main] WARN  server.AuthenticationFilter (AuthenticationFilter.java:constructSecretProvider(240)) - Unable to initialize FileSignerSecretProvider, falling back to use random secrets. Reason: Could not read signature secret file: /home/runner/hadoop-http-auth-signature-secret
2023-10-17 18:54:29,735 [main] INFO  http.HttpRequestLog (HttpRequestLog.java:getRequestLog(86)) - Http request log for http.requests.hddsDatanode is not defined
2023-10-17 18:54:29,737 [main] INFO  http.HttpServer2 (HttpServer2.java:addGlobalFilter(1031)) - Added global filter 'safety' (class=org.apache.hadoop.hdds.server.http.HttpServer2$QuotingInputFilter)
2023-10-17 18:54:29,738 [main] INFO  http.HttpServer2 (HttpServer2.java:addFilter(1007)) - Added filter static_user_filter (class=org.apache.hadoop.http.lib.StaticUserWebFilter$StaticUserFilter) to context hddsDatanode
2023-10-17 18:54:29,739 [main] INFO  http.HttpServer2 (HttpServer2.java:addFilter(1015)) - Added filter static_user_filter (class=org.apache.hadoop.http.lib.StaticUserWebFilter$StaticUserFilter) to context static
2023-10-17 18:54:29,739 [main] INFO  http.HttpServer2 (HttpServer2.java:addFilter(1015)) - Added filter static_user_filter (class=org.apache.hadoop.http.lib.StaticUserWebFilter$StaticUserFilter) to context logs
2023-10-17 18:54:29,740 [main] INFO  http.BaseHttpServer (BaseHttpServer.java:<init>(189)) - HTTP server of hddsDatanode uses base directory /home/runner/work/ozone/ozone/hadoop-ozone/integration-test/target/test-dir/MiniOzoneClusterImpl-6d5b43b8-50d7-4b60-8424-e359ec6f806a/datanode-4/meta/webserver
2023-10-17 18:54:29,741 [main] INFO  http.HttpServer2 (HttpServer2.java:bindListener(1231)) - Jetty bound to port 15045
2023-10-17 18:54:29,741 [main] INFO  server.Server (Server.java:doStart(375)) - jetty-9.4.53.v20231009; built: 2023-10-09T12:29:09.265Z; git: 27bde00a0b95a1d5bbee0eae7984f891d2d0f8c9; jvm 1.8.0_382-b05
2023-10-17 18:54:29,743 [main] INFO  server.session (DefaultSessionIdManager.java:doStart(334)) - DefaultSessionIdManager workerName=node0
2023-10-17 18:54:29,743 [main] INFO  server.session (DefaultSessionIdManager.java:doStart(339)) - No SessionScavenger set, using defaults
2023-10-17 18:54:29,743 [main] INFO  server.session (HouseKeeper.java:startScavenging(132)) - node0 Scavenging every 600000ms
2023-10-17 18:54:29,744 [main] INFO  handler.ContextHandler (ContextHandler.java:doStart(921)) - Started o.e.j.s.ServletContextHandler@7a428df1{logs,/logs,file:///home/runner/work/ozone/ozone/hadoop-ozone/integration-test/target/log,AVAILABLE}
2023-10-17 18:54:29,745 [main] INFO  handler.ContextHandler (ContextHandler.java:doStart(921)) - Started o.e.j.s.ServletContextHandler@29179d87{static,/static,jar:file:/home/runner/.m2/repository/org/apache/ozone/hdds-container-service/1.4.0-SNAPSHOT/hdds-container-service-1.4.0-SNAPSHOT.jar!/webapps/static,AVAILABLE}
2023-10-17 18:54:29,986 [main] INFO  handler.ContextHandler (ContextHandler.java:doStart(921)) - Started o.e.j.w.WebAppContext@4f4cc57d{hddsDatanode,/,file:///home/runner/work/ozone/ozone/hadoop-ozone/integration-test/target/tmp/kms/webapp/,AVAILABLE}{jar:file:/home/runner/.m2/repository/org/apache/ozone/hdds-container-service/1.4.0-SNAPSHOT/hdds-container-service-1.4.0-SNAPSHOT.jar!/webapps/hddsDatanode}
2023-10-17 18:54:29,988 [main] INFO  server.AbstractConnector (AbstractConnector.java:doStart(333)) - Started ServerConnector@7dccaf17{HTTP/1.1, (http/1.1)}{0.0.0.0:15045}
2023-10-17 18:54:29,988 [main] INFO  server.Server (Server.java:doStart(415)) - Started @15243ms
2023-10-17 18:54:29,989 [main] WARN  impl.MetricsSystemImpl (MetricsSystemImpl.java:register(279)) - Sink prometheus already exists!
2023-10-17 18:54:29,989 [main] INFO  http.BaseHttpServer (BaseHttpServer.java:updateConnectorAddress(354)) - HTTP server of hddsDatanode listening at http://0.0.0.0:15045
2023-10-17 18:54:29,990 [main] INFO  ipc.CallQueueManager (CallQueueManager.java:<init>(90)) - Using callQueue: class java.util.concurrent.LinkedBlockingQueue, queueCapacity: 100, scheduler: class org.apache.hadoop.ipc.DefaultRpcScheduler, ipcBackoff: false.
2023-10-17 18:54:29,990 [main] INFO  ipc.Server (Server.java:<init>(1287)) - Listener at 0.0.0.0:15046
2023-10-17 18:54:29,991 [Socket Reader #1 for port 15046] INFO  ipc.Server (Server.java:run(1323)) - Starting Socket Reader #1 for port 15046
2023-10-17 18:54:29,997 [main] INFO  ozone.HddsDatanodeService (HddsDatanodeService.java:start(325)) - Datanode start with admins: [runner]
2023-10-17 18:54:29,997 [main] INFO  ozone.HddsDatanodeClientProtocolServer (HddsDatanodeClientProtocolServer.java:start(72)) - RPC server for Client /0.0.0.0:15046
2023-10-17 18:54:29,997 [IPC Server listener on 15046] INFO  ipc.Server (Server.java:run(1402)) - IPC Server listener on 15046: starting
2023-10-17 18:54:29,997 [IPC Server Responder] INFO  ipc.Server (Server.java:run(1562)) - IPC Server Responder: starting
2023-10-17 18:54:30,001 [Datanode State Machine Daemon Thread] INFO  statemachine.DatanodeStateMachine (DatanodeStateMachine.java:lambda$startDaemon$1(546)) - Ozone container server started.
2023-10-17 18:54:30,001 [main] WARN  impl.MetricRegistriesImpl (MetricRegistriesImpl.java:addReporterRegistration(111)) - New reporters are added after registries were created. Some metrics will be missing from the reporter. Please add reporter before adding any new registry.
2023-10-17 18:54:30,003 [main] WARN  impl.MetricRegistriesImpl (MetricRegistriesImpl.java:addReporterRegistration(111)) - New reporters are added after registries were created. Some metrics will be missing from the reporter. Please add reporter before adding any new registry.
2023-10-17 18:54:30,004 [main] INFO  impl.MetricsSystemImpl (MetricsSystemImpl.java:init(158)) - HddsDatanode metrics system started (again)
2023-10-17 18:54:30,020 [Datanode State Machine Task Thread - 0] INFO  datanode.InitDatanodeState (InitDatanodeState.java:persistContainerDatanodeDetails(138)) - DatanodeDetails is persisted to /home/runner/work/ozone/ozone/hadoop-ozone/integration-test/target/test-dir/MiniOzoneClusterImpl-6d5b43b8-50d7-4b60-8424-e359ec6f806a/datanode-4/meta/datanode.id
2023-10-17 18:54:30,032 [main] INFO  ozone.HddsDatanodeService (HddsDatanodeService.java:start(240)) - HddsDatanodeService host:fv-az82-357.ou3itxwc2spe5nxnxxppousbrf.dx.internal.cloudapp.net ip:10.1.0.79
2023-10-17 18:54:30,072 [main] INFO  upgrade.AbstractLayoutVersionManager (AbstractLayoutVersionManager.java:init(83)) - Initializing Layout version manager with metadata layout = HADOOP_PRC_PORTS_IN_DATANODEDETAILS (version = 7), software layout = HADOOP_PRC_PORTS_IN_DATANODEDETAILS (version = 7)
2023-10-17 18:54:30,073 [main] INFO  statemachine.DatanodeStateMachine (DatanodeStateMachine.java:getEndPointTaskThreadPoolSize(290)) - Datanode State Machine Task Thread Pool size 2
2023-10-17 18:54:30,078 [main] INFO  volume.HddsVolume (HddsVolume.java:<init>(126)) - Creating HddsVolume: /home/runner/work/ozone/ozone/hadoop-ozone/integration-test/target/test-dir/MiniOzoneClusterImpl-6d5b43b8-50d7-4b60-8424-e359ec6f806a/datanode-5/data-0/containers/hdds of storage type : DISK capacity : 9223372036854775807
2023-10-17 18:54:30,079 [main] INFO  volume.MutableVolumeSet (MutableVolumeSet.java:initializeVolumeSet(173)) - Added Volume : /home/runner/work/ozone/ozone/hadoop-ozone/integration-test/target/test-dir/MiniOzoneClusterImpl-6d5b43b8-50d7-4b60-8424-e359ec6f806a/datanode-5/data-0/containers/hdds to VolumeSet
2023-10-17 18:54:30,081 [main] INFO  volume.MutableVolumeSet (MutableVolumeSet.java:initializeVolumeSet(173)) - Added Volume : /home/runner/work/ozone/ozone/hadoop-ozone/integration-test/target/test-dir/MiniOzoneClusterImpl-6d5b43b8-50d7-4b60-8424-e359ec6f806a/datanode-5/data/ratis to VolumeSet
2023-10-17 18:54:30,085 [Thread-240] INFO  ozoneimpl.ContainerReader (ContainerReader.java:readVolume(177)) - Finish verifying containers on volume /home/runner/work/ozone/ozone/hadoop-ozone/integration-test/target/test-dir/MiniOzoneClusterImpl-6d5b43b8-50d7-4b60-8424-e359ec6f806a/datanode-5/data-0/containers/hdds
2023-10-17 18:54:30,085 [main] INFO  ozoneimpl.OzoneContainer (OzoneContainer.java:buildContainerSet(316)) - Build ContainerSet costs 0s
2023-10-17 18:54:30,088 [main] INFO  server.RaftServer (ConfUtils.java:logGet(46)) - raft.rpc.type = GRPC (default)
2023-10-17 18:54:30,089 [main] INFO  grpc.GrpcConfigKeys (ConfUtils.java:logFallback(53)) - raft.grpc.admin.host = null (fallback to raft.grpc.server.host)
2023-10-17 18:54:30,089 [main] INFO  grpc.GrpcConfigKeys (ConfUtils.java:logGet(46)) - raft.grpc.admin.port = 15058 (custom)
2023-10-17 18:54:30,090 [main] INFO  grpc.GrpcConfigKeys (ConfUtils.java:logFallback(53)) - raft.grpc.client.host = null (fallback to raft.grpc.server.host)
2023-10-17 18:54:30,090 [main] INFO  grpc.GrpcConfigKeys (ConfUtils.java:logGet(46)) - raft.grpc.client.port = 15057 (custom)
2023-10-17 18:54:30,091 [main] INFO  grpc.GrpcConfigKeys (ConfUtils.java:logGet(46)) - raft.grpc.server.host = null (default)
2023-10-17 18:54:30,091 [main] INFO  grpc.GrpcConfigKeys (ConfUtils.java:logGet(46)) - raft.grpc.server.port = 15059 (custom)
2023-10-17 18:54:30,091 [main] INFO  server.GrpcService (ConfUtils.java:logGet(46)) - raft.grpc.message.size.max = 32MB (=33554432) (custom)
2023-10-17 18:54:30,091 [main] INFO  server.RaftServerConfigKeys (ConfUtils.java:logGet(46)) - raft.server.log.appender.buffer.byte-limit = 33554432 (custom)
2023-10-17 18:54:30,092 [main] INFO  server.GrpcService (ConfUtils.java:logGet(46)) - raft.grpc.flow.control.window = 5MB (=5242880) (custom)
2023-10-17 18:54:30,093 [main] INFO  server.RaftServerConfigKeys (ConfUtils.java:logGet(46)) - raft.server.rpc.request.timeout = 60s (custom)
2023-10-17 18:54:30,093 [main] INFO  grpc.GrpcConfigKeys (ConfUtils.java:logGet(46)) - raft.grpc.server.heartbeat.channel = true (default)
2023-10-17 18:54:30,093 [main] INFO  grpc.GrpcConfigKeys (ConfUtils.java:logGet(46)) - raft.grpc.server.async.request.thread.pool.cached = true (default)
2023-10-17 18:54:30,093 [main] INFO  grpc.GrpcConfigKeys (ConfUtils.java:logGet(46)) - raft.grpc.server.async.request.thread.pool.size = 32 (default)
2023-10-17 18:54:30,098 [main] INFO  impl.DataStreamServerImpl (ConfUtils.java:logGet(46)) - raft.datastream.type = NETTY (custom)
2023-10-17 18:54:30,099 [main] INFO  server.RaftServerConfigKeys (ConfUtils.java:logGet(46)) - raft.server.data-stream.async.request.thread.pool.cached = false (default)
2023-10-17 18:54:30,099 [main] INFO  server.RaftServerConfigKeys (ConfUtils.java:logGet(46)) - raft.server.data-stream.async.request.thread.pool.size = 20 (custom)
2023-10-17 18:54:30,100 [main] INFO  server.RaftServerConfigKeys (ConfUtils.java:logGet(46)) - raft.server.data-stream.async.write.thread.pool.size = 16 (default)
2023-10-17 18:54:30,100 [main] INFO  server.RaftServerConfigKeys (ConfUtils.java:logGet(46)) - raft.server.data-stream.client.pool.size = 10 (default)
2023-10-17 18:54:30,100 [main] INFO  netty.NettyConfigKeys$DataStream (ConfUtils.java:logGet(46)) - raft.netty.dataStream.server.use-epoll = false (default)
2023-10-17 18:54:30,100 [main] INFO  netty.NettyConfigKeys$DataStream (ConfUtils.java:logGet(46)) - raft.netty.dataStream.server.boss-group.size = 0 (default)
2023-10-17 18:54:30,101 [main] INFO  netty.NettyConfigKeys$DataStream (ConfUtils.java:logGet(46)) - raft.netty.dataStream.server.worker-group.size = 0 (default)
2023-10-17 18:54:30,102 [main] INFO  netty.NettyConfigKeys$DataStream (ConfUtils.java:logGet(46)) - raft.netty.dataStream.server.tls.conf = null (default)
2023-10-17 18:54:30,102 [main] INFO  netty.NettyConfigKeys$DataStream (ConfUtils.java:logGet(46)) - raft.netty.dataStream.host = null (default)
2023-10-17 18:54:30,102 [main] INFO  netty.NettyConfigKeys$DataStream (ConfUtils.java:logGet(46)) - raft.netty.dataStream.port = 15060 (custom)
2023-10-17 18:54:30,103 [main] INFO  server.RaftServerConfigKeys (ConfUtils.java:logGet(46)) - raft.server.threadpool.proxy.cached = true (default)
2023-10-17 18:54:30,103 [main] INFO  server.RaftServerConfigKeys (ConfUtils.java:logGet(46)) - raft.server.threadpool.proxy.size = 0 (default)
2023-10-17 18:54:30,103 [main] INFO  server.RaftServerConfigKeys (ConfUtils.java:logGet(46)) - raft.server.rpc.slowness.timeout = 300s (custom)
2023-10-17 18:54:30,103 [main] INFO  server.RaftServerConfigKeys (ConfUtils.java:logGet(46)) - raft.server.leaderelection.leader.step-down.wait-time = 10s (default)
2023-10-17 18:54:30,103 [main] INFO  server.RaftServerConfigKeys (ConfUtils.java:logGet(46)) - raft.server.storage.dir = [/home/runner/work/ozone/ozone/hadoop-ozone/integration-test/target/test-dir/MiniOzoneClusterImpl-6d5b43b8-50d7-4b60-8424-e359ec6f806a/datanode-5/data/ratis] (custom)
2023-10-17 18:54:30,112 [d11f4703-3fdf-44d6-a0a1-43cd820167cb-impl-thread1] INFO  server.RaftServer (RaftServerProxy.java:initGroupDir(258)) - d11f4703-3fdf-44d6-a0a1-43cd820167cb: found a subdirectory /home/runner/work/ozone/ozone/hadoop-ozone/integration-test/target/test-dir/MiniOzoneClusterImpl-6d5b43b8-50d7-4b60-8424-e359ec6f806a/datanode-5/data/ratis/tmp
2023-10-17 18:54:30,112 [d11f4703-3fdf-44d6-a0a1-43cd820167cb-impl-thread1] INFO  server.RaftServer (RaftServerProxy.java:initGroupDir(263)) - d11f4703-3fdf-44d6-a0a1-43cd820167cb: The directory /home/runner/work/ozone/ozone/hadoop-ozone/integration-test/target/test-dir/MiniOzoneClusterImpl-6d5b43b8-50d7-4b60-8424-e359ec6f806a/datanode-5/data/ratis/tmp is not a group directory; ignoring it. 
2023-10-17 18:54:30,112 [main] INFO  replication.ReplicationServer (ReplicationServer.java:<init>(83)) - Initializing replication server with thread count = 10 queue length = 4096
2023-10-17 18:54:30,114 [main] INFO  server.XceiverServerGrpc (XceiverServerGrpc.java:<init>(132)) - GrpcServer channel type EpollServerSocketChannel
2023-10-17 18:54:30,116 [main] INFO  replication.ReplicationSupervisor (ReplicationSupervisor.java:build(155)) - Initializing replication supervisor with thread count = 10
2023-10-17 18:54:30,120 [main] INFO  replication.ReplicationSupervisor (ReplicationSupervisor.java:nodeStateUpdated(307)) - Node state updated to IN_SERVICE, scaling executor pool size to 10
2023-10-17 18:54:30,130 [main] INFO  http.BaseHttpServer (BaseHttpServer.java:newHttpServer2BuilderForOzone(223)) - Starting Web-server for hddsDatanode at: http://0.0.0.0:15054
2023-10-17 18:54:30,130 [main] INFO  http.BaseHttpServer (BaseHttpServer.java:<init>(110)) - Hadoop Security Enabled: false Ozone Security Enabled: false Ozone HTTP Security Enabled: false 
2023-10-17 18:54:30,133 [main] WARN  server.AuthenticationFilter (AuthenticationFilter.java:constructSecretProvider(240)) - Unable to initialize FileSignerSecretProvider, falling back to use random secrets. Reason: Could not read signature secret file: /home/runner/hadoop-http-auth-signature-secret
2023-10-17 18:54:30,133 [d11f4703-3fdf-44d6-a0a1-43cd820167cb-NettyServerStreamRpc-bossGroup--thread1] INFO  logging.LoggingHandler (AbstractInternalLogger.java:log(148)) - [id: 0xab397abf] REGISTERED
2023-10-17 18:54:30,134 [d11f4703-3fdf-44d6-a0a1-43cd820167cb-NettyServerStreamRpc-bossGroup--thread1] INFO  logging.LoggingHandler (AbstractInternalLogger.java:log(148)) - [id: 0xab397abf] BIND: 0.0.0.0/0.0.0.0:15060
2023-10-17 18:54:30,134 [d11f4703-3fdf-44d6-a0a1-43cd820167cb-NettyServerStreamRpc-bossGroup--thread1] INFO  logging.LoggingHandler (AbstractInternalLogger.java:log(148)) - [id: 0xab397abf, L:/0:0:0:0:0:0:0:0:15060] ACTIVE
2023-10-17 18:54:30,135 [main] INFO  http.HttpRequestLog (HttpRequestLog.java:getRequestLog(86)) - Http request log for http.requests.hddsDatanode is not defined
2023-10-17 18:54:30,136 [main] INFO  http.HttpServer2 (HttpServer2.java:addGlobalFilter(1031)) - Added global filter 'safety' (class=org.apache.hadoop.hdds.server.http.HttpServer2$QuotingInputFilter)
2023-10-17 18:54:30,137 [main] INFO  http.HttpServer2 (HttpServer2.java:addFilter(1007)) - Added filter static_user_filter (class=org.apache.hadoop.http.lib.StaticUserWebFilter$StaticUserFilter) to context hddsDatanode
2023-10-17 18:54:30,140 [main] INFO  http.HttpServer2 (HttpServer2.java:addFilter(1015)) - Added filter static_user_filter (class=org.apache.hadoop.http.lib.StaticUserWebFilter$StaticUserFilter) to context logs
2023-10-17 18:54:30,140 [main] INFO  http.HttpServer2 (HttpServer2.java:addFilter(1015)) - Added filter static_user_filter (class=org.apache.hadoop.http.lib.StaticUserWebFilter$StaticUserFilter) to context static
2023-10-17 18:54:30,140 [main] INFO  http.BaseHttpServer (BaseHttpServer.java:<init>(189)) - HTTP server of hddsDatanode uses base directory /home/runner/work/ozone/ozone/hadoop-ozone/integration-test/target/test-dir/MiniOzoneClusterImpl-6d5b43b8-50d7-4b60-8424-e359ec6f806a/datanode-5/meta/webserver
2023-10-17 18:54:30,141 [main] INFO  http.HttpServer2 (HttpServer2.java:bindListener(1231)) - Jetty bound to port 15054
2023-10-17 18:54:30,141 [main] INFO  server.Server (Server.java:doStart(375)) - jetty-9.4.53.v20231009; built: 2023-10-09T12:29:09.265Z; git: 27bde00a0b95a1d5bbee0eae7984f891d2d0f8c9; jvm 1.8.0_382-b05
2023-10-17 18:54:30,142 [main] INFO  server.session (DefaultSessionIdManager.java:doStart(334)) - DefaultSessionIdManager workerName=node0
2023-10-17 18:54:30,142 [main] INFO  server.session (DefaultSessionIdManager.java:doStart(339)) - No SessionScavenger set, using defaults
2023-10-17 18:54:30,143 [main] INFO  server.session (HouseKeeper.java:startScavenging(132)) - node0 Scavenging every 660000ms
2023-10-17 18:54:30,143 [main] INFO  handler.ContextHandler (ContextHandler.java:doStart(921)) - Started o.e.j.s.ServletContextHandler@68ba965e{logs,/logs,file:///home/runner/work/ozone/ozone/hadoop-ozone/integration-test/target/log,AVAILABLE}
2023-10-17 18:54:30,144 [main] INFO  handler.ContextHandler (ContextHandler.java:doStart(921)) - Started o.e.j.s.ServletContextHandler@5e64b32d{static,/static,jar:file:/home/runner/.m2/repository/org/apache/ozone/hdds-container-service/1.4.0-SNAPSHOT/hdds-container-service-1.4.0-SNAPSHOT.jar!/webapps/static,AVAILABLE}
2023-10-17 18:54:30,387 [main] INFO  handler.ContextHandler (ContextHandler.java:doStart(921)) - Started o.e.j.w.WebAppContext@72db02cd{hddsDatanode,/,file:///home/runner/work/ozone/ozone/hadoop-ozone/integration-test/target/tmp/kms/webapp/,AVAILABLE}{jar:file:/home/runner/.m2/repository/org/apache/ozone/hdds-container-service/1.4.0-SNAPSHOT/hdds-container-service-1.4.0-SNAPSHOT.jar!/webapps/hddsDatanode}
2023-10-17 18:54:30,388 [main] INFO  server.AbstractConnector (AbstractConnector.java:doStart(333)) - Started ServerConnector@648183fe{HTTP/1.1, (http/1.1)}{0.0.0.0:15054}
2023-10-17 18:54:30,389 [main] INFO  server.Server (Server.java:doStart(415)) - Started @15644ms
2023-10-17 18:54:30,389 [main] WARN  impl.MetricsSystemImpl (MetricsSystemImpl.java:register(279)) - Sink prometheus already exists!
2023-10-17 18:54:30,390 [main] INFO  http.BaseHttpServer (BaseHttpServer.java:updateConnectorAddress(354)) - HTTP server of hddsDatanode listening at http://0.0.0.0:15054
2023-10-17 18:54:30,390 [main] INFO  ipc.CallQueueManager (CallQueueManager.java:<init>(90)) - Using callQueue: class java.util.concurrent.LinkedBlockingQueue, queueCapacity: 100, scheduler: class org.apache.hadoop.ipc.DefaultRpcScheduler, ipcBackoff: false.
2023-10-17 18:54:30,390 [main] INFO  ipc.Server (Server.java:<init>(1287)) - Listener at 0.0.0.0:15055
2023-10-17 18:54:30,403 [Socket Reader #1 for port 15055] INFO  ipc.Server (Server.java:run(1323)) - Starting Socket Reader #1 for port 15055
2023-10-17 18:54:30,413 [main] INFO  ozone.HddsDatanodeService (HddsDatanodeService.java:start(325)) - Datanode start with admins: [runner]
2023-10-17 18:54:30,413 [main] INFO  ozone.HddsDatanodeClientProtocolServer (HddsDatanodeClientProtocolServer.java:start(72)) - RPC server for Client /0.0.0.0:15055
2023-10-17 18:54:30,414 [IPC Server Responder] INFO  ipc.Server (Server.java:run(1562)) - IPC Server Responder: starting
2023-10-17 18:54:30,414 [IPC Server listener on 15055] INFO  ipc.Server (Server.java:run(1402)) - IPC Server listener on 15055: starting
2023-10-17 18:54:30,415 [main] WARN  impl.MetricRegistriesImpl (MetricRegistriesImpl.java:addReporterRegistration(111)) - New reporters are added after registries were created. Some metrics will be missing from the reporter. Please add reporter before adding any new registry.
2023-10-17 18:54:30,415 [main] WARN  impl.MetricRegistriesImpl (MetricRegistriesImpl.java:addReporterRegistration(111)) - New reporters are added after registries were created. Some metrics will be missing from the reporter. Please add reporter before adding any new registry.
2023-10-17 18:54:30,415 [main] INFO  impl.MetricsSystemImpl (MetricsSystemImpl.java:init(158)) - HddsDatanode metrics system started (again)
2023-10-17 18:54:30,425 [Datanode State Machine Daemon Thread] INFO  statemachine.DatanodeStateMachine (DatanodeStateMachine.java:lambda$startDaemon$1(546)) - Ozone container server started.
2023-10-17 18:54:30,435 [main] INFO  ozone.HddsDatanodeService (HddsDatanodeService.java:start(240)) - HddsDatanodeService host:fv-az82-357.ou3itxwc2spe5nxnxxppousbrf.dx.internal.cloudapp.net ip:10.1.0.79
2023-10-17 18:54:30,465 [Datanode State Machine Task Thread - 0] INFO  datanode.InitDatanodeState (InitDatanodeState.java:persistContainerDatanodeDetails(138)) - DatanodeDetails is persisted to /home/runner/work/ozone/ozone/hadoop-ozone/integration-test/target/test-dir/MiniOzoneClusterImpl-6d5b43b8-50d7-4b60-8424-e359ec6f806a/datanode-5/meta/datanode.id
2023-10-17 18:54:30,471 [main] INFO  upgrade.AbstractLayoutVersionManager (AbstractLayoutVersionManager.java:init(83)) - Initializing Layout version manager with metadata layout = HADOOP_PRC_PORTS_IN_DATANODEDETAILS (version = 7), software layout = HADOOP_PRC_PORTS_IN_DATANODEDETAILS (version = 7)
2023-10-17 18:54:30,476 [main] INFO  statemachine.DatanodeStateMachine (DatanodeStateMachine.java:getEndPointTaskThreadPoolSize(290)) - Datanode State Machine Task Thread Pool size 2
2023-10-17 18:54:30,480 [main] INFO  volume.HddsVolume (HddsVolume.java:<init>(126)) - Creating HddsVolume: /home/runner/work/ozone/ozone/hadoop-ozone/integration-test/target/test-dir/MiniOzoneClusterImpl-6d5b43b8-50d7-4b60-8424-e359ec6f806a/datanode-6/data-0/containers/hdds of storage type : DISK capacity : 9223372036854775807
2023-10-17 18:54:30,481 [main] INFO  volume.MutableVolumeSet (MutableVolumeSet.java:initializeVolumeSet(173)) - Added Volume : /home/runner/work/ozone/ozone/hadoop-ozone/integration-test/target/test-dir/MiniOzoneClusterImpl-6d5b43b8-50d7-4b60-8424-e359ec6f806a/datanode-6/data-0/containers/hdds to VolumeSet
2023-10-17 18:54:30,483 [main] INFO  volume.MutableVolumeSet (MutableVolumeSet.java:initializeVolumeSet(173)) - Added Volume : /home/runner/work/ozone/ozone/hadoop-ozone/integration-test/target/test-dir/MiniOzoneClusterImpl-6d5b43b8-50d7-4b60-8424-e359ec6f806a/datanode-6/data/ratis to VolumeSet
2023-10-17 18:54:30,485 [Thread-257] INFO  ozoneimpl.ContainerReader (ContainerReader.java:readVolume(177)) - Finish verifying containers on volume /home/runner/work/ozone/ozone/hadoop-ozone/integration-test/target/test-dir/MiniOzoneClusterImpl-6d5b43b8-50d7-4b60-8424-e359ec6f806a/datanode-6/data-0/containers/hdds
2023-10-17 18:54:30,485 [main] INFO  ozoneimpl.OzoneContainer (OzoneContainer.java:buildContainerSet(316)) - Build ContainerSet costs 0s
2023-10-17 18:54:30,497 [main] INFO  server.RaftServer (ConfUtils.java:logGet(46)) - raft.rpc.type = GRPC (default)
2023-10-17 18:54:30,499 [main] INFO  grpc.GrpcConfigKeys (ConfUtils.java:logFallback(53)) - raft.grpc.admin.host = null (fallback to raft.grpc.server.host)
2023-10-17 18:54:30,499 [main] INFO  grpc.GrpcConfigKeys (ConfUtils.java:logGet(46)) - raft.grpc.admin.port = 15067 (custom)
2023-10-17 18:54:30,499 [main] INFO  grpc.GrpcConfigKeys (ConfUtils.java:logFallback(53)) - raft.grpc.client.host = null (fallback to raft.grpc.server.host)
2023-10-17 18:54:30,500 [main] INFO  grpc.GrpcConfigKeys (ConfUtils.java:logGet(46)) - raft.grpc.client.port = 15066 (custom)
2023-10-17 18:54:30,500 [main] INFO  grpc.GrpcConfigKeys (ConfUtils.java:logGet(46)) - raft.grpc.server.host = null (default)
2023-10-17 18:54:30,500 [main] INFO  grpc.GrpcConfigKeys (ConfUtils.java:logGet(46)) - raft.grpc.server.port = 15068 (custom)
2023-10-17 18:54:30,500 [main] INFO  server.GrpcService (ConfUtils.java:logGet(46)) - raft.grpc.message.size.max = 32MB (=33554432) (custom)
2023-10-17 18:54:30,501 [main] INFO  server.RaftServerConfigKeys (ConfUtils.java:logGet(46)) - raft.server.log.appender.buffer.byte-limit = 33554432 (custom)
2023-10-17 18:54:30,501 [main] INFO  server.GrpcService (ConfUtils.java:logGet(46)) - raft.grpc.flow.control.window = 5MB (=5242880) (custom)
2023-10-17 18:54:30,502 [main] INFO  server.RaftServerConfigKeys (ConfUtils.java:logGet(46)) - raft.server.rpc.request.timeout = 60s (custom)
2023-10-17 18:54:30,502 [main] INFO  grpc.GrpcConfigKeys (ConfUtils.java:logGet(46)) - raft.grpc.server.heartbeat.channel = true (default)
2023-10-17 18:54:30,503 [main] INFO  grpc.GrpcConfigKeys (ConfUtils.java:logGet(46)) - raft.grpc.server.async.request.thread.pool.cached = true (default)
2023-10-17 18:54:30,503 [main] INFO  grpc.GrpcConfigKeys (ConfUtils.java:logGet(46)) - raft.grpc.server.async.request.thread.pool.size = 32 (default)
2023-10-17 18:54:30,510 [main] INFO  impl.DataStreamServerImpl (ConfUtils.java:logGet(46)) - raft.datastream.type = NETTY (custom)
2023-10-17 18:54:30,511 [main] INFO  server.RaftServerConfigKeys (ConfUtils.java:logGet(46)) - raft.server.data-stream.async.request.thread.pool.cached = false (default)
2023-10-17 18:54:30,512 [main] INFO  server.RaftServerConfigKeys (ConfUtils.java:logGet(46)) - raft.server.data-stream.async.request.thread.pool.size = 20 (custom)
2023-10-17 18:54:30,513 [main] INFO  server.RaftServerConfigKeys (ConfUtils.java:logGet(46)) - raft.server.data-stream.async.write.thread.pool.size = 16 (default)
2023-10-17 18:54:30,514 [main] INFO  server.RaftServerConfigKeys (ConfUtils.java:logGet(46)) - raft.server.data-stream.client.pool.size = 10 (default)
2023-10-17 18:54:30,514 [main] INFO  netty.NettyConfigKeys$DataStream (ConfUtils.java:logGet(46)) - raft.netty.dataStream.server.use-epoll = false (default)
2023-10-17 18:54:30,516 [main] INFO  netty.NettyConfigKeys$DataStream (ConfUtils.java:logGet(46)) - raft.netty.dataStream.server.boss-group.size = 0 (default)
2023-10-17 18:54:30,516 [main] INFO  netty.NettyConfigKeys$DataStream (ConfUtils.java:logGet(46)) - raft.netty.dataStream.server.worker-group.size = 0 (default)
2023-10-17 18:54:30,518 [main] INFO  netty.NettyConfigKeys$DataStream (ConfUtils.java:logGet(46)) - raft.netty.dataStream.server.tls.conf = null (default)
2023-10-17 18:54:30,518 [main] INFO  netty.NettyConfigKeys$DataStream (ConfUtils.java:logGet(46)) - raft.netty.dataStream.host = null (default)
2023-10-17 18:54:30,518 [main] INFO  netty.NettyConfigKeys$DataStream (ConfUtils.java:logGet(46)) - raft.netty.dataStream.port = 15069 (custom)
2023-10-17 18:54:30,522 [main] INFO  server.RaftServerConfigKeys (ConfUtils.java:logGet(46)) - raft.server.threadpool.proxy.cached = true (default)
2023-10-17 18:54:30,522 [main] INFO  server.RaftServerConfigKeys (ConfUtils.java:logGet(46)) - raft.server.threadpool.proxy.size = 0 (default)
2023-10-17 18:54:30,522 [main] INFO  server.RaftServerConfigKeys (ConfUtils.java:logGet(46)) - raft.server.rpc.slowness.timeout = 300s (custom)
2023-10-17 18:54:30,522 [main] INFO  server.RaftServerConfigKeys (ConfUtils.java:logGet(46)) - raft.server.leaderelection.leader.step-down.wait-time = 10s (default)
2023-10-17 18:54:30,523 [main] INFO  server.RaftServerConfigKeys (ConfUtils.java:logGet(46)) - raft.server.storage.dir = [/home/runner/work/ozone/ozone/hadoop-ozone/integration-test/target/test-dir/MiniOzoneClusterImpl-6d5b43b8-50d7-4b60-8424-e359ec6f806a/datanode-6/data/ratis] (custom)
2023-10-17 18:54:30,527 [9f5ee6cc-18ea-4245-a4cd-5944efe2ec09-impl-thread1] INFO  server.RaftServer (RaftServerProxy.java:initGroupDir(258)) - 9f5ee6cc-18ea-4245-a4cd-5944efe2ec09: found a subdirectory /home/runner/work/ozone/ozone/hadoop-ozone/integration-test/target/test-dir/MiniOzoneClusterImpl-6d5b43b8-50d7-4b60-8424-e359ec6f806a/datanode-6/data/ratis/tmp
2023-10-17 18:54:30,527 [9f5ee6cc-18ea-4245-a4cd-5944efe2ec09-impl-thread1] INFO  server.RaftServer (RaftServerProxy.java:initGroupDir(263)) - 9f5ee6cc-18ea-4245-a4cd-5944efe2ec09: The directory /home/runner/work/ozone/ozone/hadoop-ozone/integration-test/target/test-dir/MiniOzoneClusterImpl-6d5b43b8-50d7-4b60-8424-e359ec6f806a/datanode-6/data/ratis/tmp is not a group directory; ignoring it. 
2023-10-17 18:54:30,527 [9f5ee6cc-18ea-4245-a4cd-5944efe2ec09-NettyServerStreamRpc-bossGroup--thread1] INFO  logging.LoggingHandler (AbstractInternalLogger.java:log(148)) - [id: 0xe99a0125] REGISTERED
2023-10-17 18:54:30,527 [9f5ee6cc-18ea-4245-a4cd-5944efe2ec09-NettyServerStreamRpc-bossGroup--thread1] INFO  logging.LoggingHandler (AbstractInternalLogger.java:log(148)) - [id: 0xe99a0125] BIND: 0.0.0.0/0.0.0.0:15069
2023-10-17 18:54:30,527 [9f5ee6cc-18ea-4245-a4cd-5944efe2ec09-NettyServerStreamRpc-bossGroup--thread1] INFO  logging.LoggingHandler (AbstractInternalLogger.java:log(148)) - [id: 0xe99a0125, L:/0:0:0:0:0:0:0:0:15069] ACTIVE
2023-10-17 18:54:30,528 [main] INFO  replication.ReplicationServer (ReplicationServer.java:<init>(83)) - Initializing replication server with thread count = 10 queue length = 4096
2023-10-17 18:54:30,529 [main] INFO  server.XceiverServerGrpc (XceiverServerGrpc.java:<init>(132)) - GrpcServer channel type EpollServerSocketChannel
2023-10-17 18:54:30,535 [main] INFO  replication.ReplicationSupervisor (ReplicationSupervisor.java:build(155)) - Initializing replication supervisor with thread count = 10
2023-10-17 18:54:30,535 [main] INFO  replication.ReplicationSupervisor (ReplicationSupervisor.java:nodeStateUpdated(307)) - Node state updated to IN_SERVICE, scaling executor pool size to 10
2023-10-17 18:54:30,550 [main] INFO  http.BaseHttpServer (BaseHttpServer.java:newHttpServer2BuilderForOzone(223)) - Starting Web-server for hddsDatanode at: http://0.0.0.0:15063
2023-10-17 18:54:30,550 [main] INFO  http.BaseHttpServer (BaseHttpServer.java:<init>(110)) - Hadoop Security Enabled: false Ozone Security Enabled: false Ozone HTTP Security Enabled: false 
2023-10-17 18:54:30,552 [main] WARN  server.AuthenticationFilter (AuthenticationFilter.java:constructSecretProvider(240)) - Unable to initialize FileSignerSecretProvider, falling back to use random secrets. Reason: Could not read signature secret file: /home/runner/hadoop-http-auth-signature-secret
2023-10-17 18:54:30,553 [main] INFO  http.HttpRequestLog (HttpRequestLog.java:getRequestLog(86)) - Http request log for http.requests.hddsDatanode is not defined
2023-10-17 18:54:30,554 [main] INFO  http.HttpServer2 (HttpServer2.java:addGlobalFilter(1031)) - Added global filter 'safety' (class=org.apache.hadoop.hdds.server.http.HttpServer2$QuotingInputFilter)
2023-10-17 18:54:30,555 [main] INFO  http.HttpServer2 (HttpServer2.java:addFilter(1007)) - Added filter static_user_filter (class=org.apache.hadoop.http.lib.StaticUserWebFilter$StaticUserFilter) to context hddsDatanode
2023-10-17 18:54:30,555 [main] INFO  http.HttpServer2 (HttpServer2.java:addFilter(1015)) - Added filter static_user_filter (class=org.apache.hadoop.http.lib.StaticUserWebFilter$StaticUserFilter) to context logs
2023-10-17 18:54:30,555 [main] INFO  http.HttpServer2 (HttpServer2.java:addFilter(1015)) - Added filter static_user_filter (class=org.apache.hadoop.http.lib.StaticUserWebFilter$StaticUserFilter) to context static
2023-10-17 18:54:30,556 [main] INFO  http.BaseHttpServer (BaseHttpServer.java:<init>(189)) - HTTP server of hddsDatanode uses base directory /home/runner/work/ozone/ozone/hadoop-ozone/integration-test/target/test-dir/MiniOzoneClusterImpl-6d5b43b8-50d7-4b60-8424-e359ec6f806a/datanode-6/meta/webserver
2023-10-17 18:54:30,556 [main] INFO  http.HttpServer2 (HttpServer2.java:bindListener(1231)) - Jetty bound to port 15063
2023-10-17 18:54:30,556 [main] INFO  server.Server (Server.java:doStart(375)) - jetty-9.4.53.v20231009; built: 2023-10-09T12:29:09.265Z; git: 27bde00a0b95a1d5bbee0eae7984f891d2d0f8c9; jvm 1.8.0_382-b05
2023-10-17 18:54:30,574 [main] INFO  server.session (DefaultSessionIdManager.java:doStart(334)) - DefaultSessionIdManager workerName=node0
2023-10-17 18:54:30,575 [main] INFO  server.session (DefaultSessionIdManager.java:doStart(339)) - No SessionScavenger set, using defaults
2023-10-17 18:54:30,575 [main] INFO  server.session (HouseKeeper.java:startScavenging(132)) - node0 Scavenging every 600000ms
2023-10-17 18:54:30,576 [main] INFO  handler.ContextHandler (ContextHandler.java:doStart(921)) - Started o.e.j.s.ServletContextHandler@7051e679{logs,/logs,file:///home/runner/work/ozone/ozone/hadoop-ozone/integration-test/target/log,AVAILABLE}
2023-10-17 18:54:30,576 [main] INFO  handler.ContextHandler (ContextHandler.java:doStart(921)) - Started o.e.j.s.ServletContextHandler@7a54ab0e{static,/static,jar:file:/home/runner/.m2/repository/org/apache/ozone/hdds-container-service/1.4.0-SNAPSHOT/hdds-container-service-1.4.0-SNAPSHOT.jar!/webapps/static,AVAILABLE}
2023-10-17 18:54:30,757 [EndpointStateMachine task thread for /0.0.0.0:15002 - 0 ] INFO  utils.DatanodeStoreCache (DatanodeStoreCache.java:addDB(66)) - Added db /home/runner/work/ozone/ozone/hadoop-ozone/integration-test/target/test-dir/MiniOzoneClusterImpl-6d5b43b8-50d7-4b60-8424-e359ec6f806a/datanode-0/data-0/containers/hdds/6d5b43b8-50d7-4b60-8424-e359ec6f806a/DS-13f1c41d-5101-40bd-a626-8a9ff39105dd/container.db to cache
2023-10-17 18:54:30,757 [EndpointStateMachine task thread for /0.0.0.0:15002 - 0 ] INFO  volume.HddsVolume (HddsVolume.java:createDbStore(422)) - SchemaV3 db is created and loaded at /home/runner/work/ozone/ozone/hadoop-ozone/integration-test/target/test-dir/MiniOzoneClusterImpl-6d5b43b8-50d7-4b60-8424-e359ec6f806a/datanode-0/data-0/containers/hdds/6d5b43b8-50d7-4b60-8424-e359ec6f806a/DS-13f1c41d-5101-40bd-a626-8a9ff39105dd/container.db for volume DS-13f1c41d-5101-40bd-a626-8a9ff39105dd
2023-10-17 18:54:30,760 [EndpointStateMachine task thread for /0.0.0.0:15002 - 0 ] INFO  volume.ThrottledAsyncChecker (ThrottledAsyncChecker.java:schedule(141)) - Scheduling a check for /home/runner/work/ozone/ozone/hadoop-ozone/integration-test/target/test-dir/MiniOzoneClusterImpl-6d5b43b8-50d7-4b60-8424-e359ec6f806a/datanode-0/data-0/containers/hdds
2023-10-17 18:54:30,790 [EndpointStateMachine task thread for /0.0.0.0:15002 - 0 ] INFO  volume.StorageVolumeChecker (StorageVolumeChecker.java:checkAllVolumes(213)) - Scheduled health check for volume /home/runner/work/ozone/ozone/hadoop-ozone/integration-test/target/test-dir/MiniOzoneClusterImpl-6d5b43b8-50d7-4b60-8424-e359ec6f806a/datanode-0/data-0/containers/hdds
2023-10-17 18:54:30,792 [EndpointStateMachine task thread for /0.0.0.0:15002 - 0 ] INFO  volume.ThrottledAsyncChecker (ThrottledAsyncChecker.java:schedule(141)) - Scheduling a check for /home/runner/work/ozone/ozone/hadoop-ozone/integration-test/target/test-dir/MiniOzoneClusterImpl-6d5b43b8-50d7-4b60-8424-e359ec6f806a/datanode-0/data/ratis
2023-10-17 18:54:30,793 [EndpointStateMachine task thread for /0.0.0.0:15002 - 0 ] INFO  volume.StorageVolumeChecker (StorageVolumeChecker.java:checkAllVolumes(213)) - Scheduled health check for volume /home/runner/work/ozone/ozone/hadoop-ozone/integration-test/target/test-dir/MiniOzoneClusterImpl-6d5b43b8-50d7-4b60-8424-e359ec6f806a/datanode-0/data/ratis
2023-10-17 18:54:30,795 [EndpointStateMachine task thread for /0.0.0.0:15002 - 0 ] INFO  ozoneimpl.OzoneContainer (OzoneContainer.java:start(431)) - Attempting to start container services.
2023-10-17 18:54:30,797 [EndpointStateMachine task thread for /0.0.0.0:15002 - 0 ] INFO  ozoneimpl.OzoneContainer (OzoneContainer.java:startContainerScrub(327)) - Scheduled background container scanners and the on-demand container scanner have been disabled.
2023-10-17 18:54:30,800 [EndpointStateMachine task thread for /0.0.0.0:15002 - 0 ] INFO  replication.ReplicationServer (ReplicationServer.java:start(134)) - ReplicationServer is started using port 15016
2023-10-17 18:54:30,800 [EndpointStateMachine task thread for /0.0.0.0:15002 - 0 ] INFO  ratis.XceiverServerRatis (XceiverServerRatis.java:start(517)) - Starting XceiverServerRatis b2429fc7-5618-4aa2-af46-5079058310ec
2023-10-17 18:54:30,817 [EndpointStateMachine task thread for /0.0.0.0:15002 - 0 ] INFO  server.RaftServer (RaftServerProxy.java:startImpl(400)) - b2429fc7-5618-4aa2-af46-5079058310ec: start RPC server
2023-10-17 18:54:30,820 [EndpointStateMachine task thread for /0.0.0.0:15002 - 0 ] INFO  server.GrpcService (GrpcService.java:startImpl(302)) - b2429fc7-5618-4aa2-af46-5079058310ec: GrpcService started, listening on 15012
2023-10-17 18:54:30,822 [EndpointStateMachine task thread for /0.0.0.0:15002 - 0 ] INFO  server.GrpcService (GrpcService.java:startImpl(302)) - b2429fc7-5618-4aa2-af46-5079058310ec: GrpcService started, listening on 15014
2023-10-17 18:54:30,823 [EndpointStateMachine task thread for /0.0.0.0:15002 - 0 ] INFO  server.GrpcService (GrpcService.java:startImpl(302)) - b2429fc7-5618-4aa2-af46-5079058310ec: GrpcService started, listening on 15013
2023-10-17 18:54:30,825 [EndpointStateMachine task thread for /0.0.0.0:15002 - 0 ] INFO  ratis.XceiverServerRatis (XceiverServerRatis.java:getRealPort(543)) - XceiverServerRatis b2429fc7-5618-4aa2-af46-5079058310ec is started using port 15012 for RATIS
2023-10-17 18:54:30,825 [EndpointStateMachine task thread for /0.0.0.0:15002 - 0 ] INFO  ratis.XceiverServerRatis (XceiverServerRatis.java:getRealPort(543)) - XceiverServerRatis b2429fc7-5618-4aa2-af46-5079058310ec is started using port 15013 for RATIS_ADMIN
2023-10-17 18:54:30,825 [EndpointStateMachine task thread for /0.0.0.0:15002 - 0 ] INFO  ratis.XceiverServerRatis (XceiverServerRatis.java:getRealPort(543)) - XceiverServerRatis b2429fc7-5618-4aa2-af46-5079058310ec is started using port 15014 for RATIS_SERVER
2023-10-17 18:54:30,825 [EndpointStateMachine task thread for /0.0.0.0:15002 - 0 ] INFO  ratis.XceiverServerRatis (XceiverServerRatis.java:getRealPort(543)) - XceiverServerRatis b2429fc7-5618-4aa2-af46-5079058310ec is started using port 15015 for RATIS_DATASTREAM
2023-10-17 18:54:30,825 [JvmPauseMonitor2] INFO  util.JvmPauseMonitor (JvmPauseMonitor.java:run(103)) - JvmPauseMonitor-b2429fc7-5618-4aa2-af46-5079058310ec: Started
2023-10-17 18:54:30,835 [b2429fc7-5618-4aa2-af46-5079058310ec-BlockDeletingService#0] INFO  interfaces.ContainerDeletionChoosingPolicyTemplate (ContainerDeletionChoosingPolicyTemplate.java:chooseContainerForBlockDeletion(85)) - Chosen 0/5000 blocks from 0 candidate containers.
2023-10-17 18:54:30,913 [EndpointStateMachine task thread for /0.0.0.0:15002 - 0 ] INFO  utils.DatanodeStoreCache (DatanodeStoreCache.java:addDB(66)) - Added db /home/runner/work/ozone/ozone/hadoop-ozone/integration-test/target/test-dir/MiniOzoneClusterImpl-6d5b43b8-50d7-4b60-8424-e359ec6f806a/datanode-1/data-0/containers/hdds/6d5b43b8-50d7-4b60-8424-e359ec6f806a/DS-1b35eb47-a355-4de6-9e08-12fe586f6363/container.db to cache
2023-10-17 18:54:30,915 [EndpointStateMachine task thread for /0.0.0.0:15002 - 0 ] INFO  volume.HddsVolume (HddsVolume.java:createDbStore(422)) - SchemaV3 db is created and loaded at /home/runner/work/ozone/ozone/hadoop-ozone/integration-test/target/test-dir/MiniOzoneClusterImpl-6d5b43b8-50d7-4b60-8424-e359ec6f806a/datanode-1/data-0/containers/hdds/6d5b43b8-50d7-4b60-8424-e359ec6f806a/DS-1b35eb47-a355-4de6-9e08-12fe586f6363/container.db for volume DS-1b35eb47-a355-4de6-9e08-12fe586f6363
2023-10-17 18:54:30,920 [EndpointStateMachine task thread for /0.0.0.0:15002 - 0 ] INFO  volume.ThrottledAsyncChecker (ThrottledAsyncChecker.java:schedule(141)) - Scheduling a check for /home/runner/work/ozone/ozone/hadoop-ozone/integration-test/target/test-dir/MiniOzoneClusterImpl-6d5b43b8-50d7-4b60-8424-e359ec6f806a/datanode-1/data-0/containers/hdds
2023-10-17 18:54:30,942 [EndpointStateMachine task thread for /0.0.0.0:15002 - 0 ] INFO  volume.StorageVolumeChecker (StorageVolumeChecker.java:checkAllVolumes(213)) - Scheduled health check for volume /home/runner/work/ozone/ozone/hadoop-ozone/integration-test/target/test-dir/MiniOzoneClusterImpl-6d5b43b8-50d7-4b60-8424-e359ec6f806a/datanode-1/data-0/containers/hdds
2023-10-17 18:54:30,944 [EndpointStateMachine task thread for /0.0.0.0:15002 - 0 ] INFO  volume.ThrottledAsyncChecker (ThrottledAsyncChecker.java:schedule(141)) - Scheduling a check for /home/runner/work/ozone/ozone/hadoop-ozone/integration-test/target/test-dir/MiniOzoneClusterImpl-6d5b43b8-50d7-4b60-8424-e359ec6f806a/datanode-1/data/ratis
2023-10-17 18:54:30,944 [EndpointStateMachine task thread for /0.0.0.0:15002 - 0 ] INFO  volume.StorageVolumeChecker (StorageVolumeChecker.java:checkAllVolumes(213)) - Scheduled health check for volume /home/runner/work/ozone/ozone/hadoop-ozone/integration-test/target/test-dir/MiniOzoneClusterImpl-6d5b43b8-50d7-4b60-8424-e359ec6f806a/datanode-1/data/ratis
2023-10-17 18:54:30,948 [EndpointStateMachine task thread for /0.0.0.0:15002 - 0 ] INFO  ozoneimpl.OzoneContainer (OzoneContainer.java:start(431)) - Attempting to start container services.
2023-10-17 18:54:30,948 [EndpointStateMachine task thread for /0.0.0.0:15002 - 0 ] INFO  ozoneimpl.OzoneContainer (OzoneContainer.java:startContainerScrub(327)) - Scheduled background container scanners and the on-demand container scanner have been disabled.
2023-10-17 18:54:30,950 [EndpointStateMachine task thread for /0.0.0.0:15002 - 0 ] INFO  replication.ReplicationServer (ReplicationServer.java:start(134)) - ReplicationServer is started using port 15025
2023-10-17 18:54:30,950 [EndpointStateMachine task thread for /0.0.0.0:15002 - 0 ] INFO  ratis.XceiverServerRatis (XceiverServerRatis.java:start(517)) - Starting XceiverServerRatis b5355d07-9284-4381-92f8-11cbf4e568d5
2023-10-17 18:54:30,966 [EndpointStateMachine task thread for /0.0.0.0:15002 - 0 ] INFO  server.RaftServer (RaftServerProxy.java:startImpl(400)) - b5355d07-9284-4381-92f8-11cbf4e568d5: start RPC server
2023-10-17 18:54:30,970 [EndpointStateMachine task thread for /0.0.0.0:15002 - 0 ] INFO  server.GrpcService (GrpcService.java:startImpl(302)) - b5355d07-9284-4381-92f8-11cbf4e568d5: GrpcService started, listening on 15021
2023-10-17 18:54:30,971 [EndpointStateMachine task thread for /0.0.0.0:15002 - 0 ] INFO  server.GrpcService (GrpcService.java:startImpl(302)) - b5355d07-9284-4381-92f8-11cbf4e568d5: GrpcService started, listening on 15023
2023-10-17 18:54:30,975 [EndpointStateMachine task thread for /0.0.0.0:15002 - 0 ] INFO  server.GrpcService (GrpcService.java:startImpl(302)) - b5355d07-9284-4381-92f8-11cbf4e568d5: GrpcService started, listening on 15022
2023-10-17 18:54:30,978 [EndpointStateMachine task thread for /0.0.0.0:15002 - 0 ] INFO  ratis.XceiverServerRatis (XceiverServerRatis.java:getRealPort(543)) - XceiverServerRatis b5355d07-9284-4381-92f8-11cbf4e568d5 is started using port 15021 for RATIS
2023-10-17 18:54:30,979 [EndpointStateMachine task thread for /0.0.0.0:15002 - 0 ] INFO  ratis.XceiverServerRatis (XceiverServerRatis.java:getRealPort(543)) - XceiverServerRatis b5355d07-9284-4381-92f8-11cbf4e568d5 is started using port 15022 for RATIS_ADMIN
2023-10-17 18:54:30,979 [EndpointStateMachine task thread for /0.0.0.0:15002 - 0 ] INFO  ratis.XceiverServerRatis (XceiverServerRatis.java:getRealPort(543)) - XceiverServerRatis b5355d07-9284-4381-92f8-11cbf4e568d5 is started using port 15023 for RATIS_SERVER
2023-10-17 18:54:30,979 [EndpointStateMachine task thread for /0.0.0.0:15002 - 0 ] INFO  ratis.XceiverServerRatis (XceiverServerRatis.java:getRealPort(543)) - XceiverServerRatis b5355d07-9284-4381-92f8-11cbf4e568d5 is started using port 15024 for RATIS_DATASTREAM
2023-10-17 18:54:30,980 [JvmPauseMonitor3] INFO  util.JvmPauseMonitor (JvmPauseMonitor.java:run(103)) - JvmPauseMonitor-b5355d07-9284-4381-92f8-11cbf4e568d5: Started
2023-10-17 18:54:30,987 [b5355d07-9284-4381-92f8-11cbf4e568d5-BlockDeletingService#0] INFO  interfaces.ContainerDeletionChoosingPolicyTemplate (ContainerDeletionChoosingPolicyTemplate.java:chooseContainerForBlockDeletion(85)) - Chosen 0/5000 blocks from 0 candidate containers.
2023-10-17 18:54:30,989 [main] INFO  handler.ContextHandler (ContextHandler.java:doStart(921)) - Started o.e.j.w.WebAppContext@7eac5319{hddsDatanode,/,file:///home/runner/work/ozone/ozone/hadoop-ozone/integration-test/target/tmp/kms/webapp/,AVAILABLE}{jar:file:/home/runner/.m2/repository/org/apache/ozone/hdds-container-service/1.4.0-SNAPSHOT/hdds-container-service-1.4.0-SNAPSHOT.jar!/webapps/hddsDatanode}
2023-10-17 18:54:31,001 [main] INFO  server.AbstractConnector (AbstractConnector.java:doStart(333)) - Started ServerConnector@370b0fd9{HTTP/1.1, (http/1.1)}{0.0.0.0:15063}
2023-10-17 18:54:31,001 [main] INFO  server.Server (Server.java:doStart(415)) - Started @16256ms
2023-10-17 18:54:31,001 [main] WARN  impl.MetricsSystemImpl (MetricsSystemImpl.java:register(279)) - Sink prometheus already exists!
2023-10-17 18:54:31,005 [main] INFO  http.BaseHttpServer (BaseHttpServer.java:updateConnectorAddress(354)) - HTTP server of hddsDatanode listening at http://0.0.0.0:15063
2023-10-17 18:54:31,006 [main] INFO  ipc.CallQueueManager (CallQueueManager.java:<init>(90)) - Using callQueue: class java.util.concurrent.LinkedBlockingQueue, queueCapacity: 100, scheduler: class org.apache.hadoop.ipc.DefaultRpcScheduler, ipcBackoff: false.
2023-10-17 18:54:31,009 [main] INFO  ipc.Server (Server.java:<init>(1287)) - Listener at 0.0.0.0:15064
2023-10-17 18:54:31,011 [Socket Reader #1 for port 15064] INFO  ipc.Server (Server.java:run(1323)) - Starting Socket Reader #1 for port 15064
2023-10-17 18:54:31,014 [main] INFO  ozone.HddsDatanodeService (HddsDatanodeService.java:start(325)) - Datanode start with admins: [runner]
2023-10-17 18:54:31,015 [main] INFO  ozone.HddsDatanodeClientProtocolServer (HddsDatanodeClientProtocolServer.java:start(72)) - RPC server for Client /0.0.0.0:15064
2023-10-17 18:54:31,016 [IPC Server Responder] INFO  ipc.Server (Server.java:run(1562)) - IPC Server Responder: starting
2023-10-17 18:54:31,016 [IPC Server listener on 15064] INFO  ipc.Server (Server.java:run(1402)) - IPC Server listener on 15064: starting
2023-10-17 18:54:31,017 [main] WARN  impl.MetricRegistriesImpl (MetricRegistriesImpl.java:addReporterRegistration(111)) - New reporters are added after registries were created. Some metrics will be missing from the reporter. Please add reporter before adding any new registry.
2023-10-17 18:54:31,017 [main] WARN  impl.MetricRegistriesImpl (MetricRegistriesImpl.java:addReporterRegistration(111)) - New reporters are added after registries were created. Some metrics will be missing from the reporter. Please add reporter before adding any new registry.
2023-10-17 18:54:31,017 [main] INFO  impl.MetricsSystemImpl (MetricsSystemImpl.java:init(158)) - HddsDatanode metrics system started (again)
2023-10-17 18:54:31,032 [Datanode State Machine Daemon Thread] INFO  statemachine.DatanodeStateMachine (DatanodeStateMachine.java:lambda$startDaemon$1(546)) - Ozone container server started.
2023-10-17 18:54:31,043 [main] INFO  ozone.HddsDatanodeService (HddsDatanodeService.java:start(240)) - HddsDatanodeService host:fv-az82-357.ou3itxwc2spe5nxnxxppousbrf.dx.internal.cloudapp.net ip:10.1.0.79
2023-10-17 18:54:31,061 [Datanode State Machine Task Thread - 0] INFO  datanode.InitDatanodeState (InitDatanodeState.java:persistContainerDatanodeDetails(138)) - DatanodeDetails is persisted to /home/runner/work/ozone/ozone/hadoop-ozone/integration-test/target/test-dir/MiniOzoneClusterImpl-6d5b43b8-50d7-4b60-8424-e359ec6f806a/datanode-6/meta/datanode.id
2023-10-17 18:54:31,075 [main] INFO  upgrade.AbstractLayoutVersionManager (AbstractLayoutVersionManager.java:init(83)) - Initializing Layout version manager with metadata layout = HADOOP_PRC_PORTS_IN_DATANODEDETAILS (version = 7), software layout = HADOOP_PRC_PORTS_IN_DATANODEDETAILS (version = 7)
2023-10-17 18:54:31,076 [main] INFO  statemachine.DatanodeStateMachine (DatanodeStateMachine.java:getEndPointTaskThreadPoolSize(290)) - Datanode State Machine Task Thread Pool size 2
2023-10-17 18:54:31,078 [main] INFO  volume.HddsVolume (HddsVolume.java:<init>(126)) - Creating HddsVolume: /home/runner/work/ozone/ozone/hadoop-ozone/integration-test/target/test-dir/MiniOzoneClusterImpl-6d5b43b8-50d7-4b60-8424-e359ec6f806a/datanode-7/data-0/containers/hdds of storage type : DISK capacity : 9223372036854775807
2023-10-17 18:54:31,078 [main] INFO  volume.MutableVolumeSet (MutableVolumeSet.java:initializeVolumeSet(173)) - Added Volume : /home/runner/work/ozone/ozone/hadoop-ozone/integration-test/target/test-dir/MiniOzoneClusterImpl-6d5b43b8-50d7-4b60-8424-e359ec6f806a/datanode-7/data-0/containers/hdds to VolumeSet
2023-10-17 18:54:31,080 [main] INFO  volume.MutableVolumeSet (MutableVolumeSet.java:initializeVolumeSet(173)) - Added Volume : /home/runner/work/ozone/ozone/hadoop-ozone/integration-test/target/test-dir/MiniOzoneClusterImpl-6d5b43b8-50d7-4b60-8424-e359ec6f806a/datanode-7/data/ratis to VolumeSet
2023-10-17 18:54:31,087 [Thread-285] INFO  ozoneimpl.ContainerReader (ContainerReader.java:readVolume(177)) - Finish verifying containers on volume /home/runner/work/ozone/ozone/hadoop-ozone/integration-test/target/test-dir/MiniOzoneClusterImpl-6d5b43b8-50d7-4b60-8424-e359ec6f806a/datanode-7/data-0/containers/hdds
2023-10-17 18:54:31,087 [main] INFO  ozoneimpl.OzoneContainer (OzoneContainer.java:buildContainerSet(316)) - Build ContainerSet costs 0s
2023-10-17 18:54:31,090 [main] INFO  server.RaftServer (ConfUtils.java:logGet(46)) - raft.rpc.type = GRPC (default)
2023-10-17 18:54:31,090 [main] INFO  grpc.GrpcConfigKeys (ConfUtils.java:logFallback(53)) - raft.grpc.admin.host = null (fallback to raft.grpc.server.host)
2023-10-17 18:54:31,091 [main] INFO  grpc.GrpcConfigKeys (ConfUtils.java:logGet(46)) - raft.grpc.admin.port = 15076 (custom)
2023-10-17 18:54:31,091 [main] INFO  grpc.GrpcConfigKeys (ConfUtils.java:logFallback(53)) - raft.grpc.client.host = null (fallback to raft.grpc.server.host)
2023-10-17 18:54:31,091 [main] INFO  grpc.GrpcConfigKeys (ConfUtils.java:logGet(46)) - raft.grpc.client.port = 15075 (custom)
2023-10-17 18:54:31,091 [main] INFO  grpc.GrpcConfigKeys (ConfUtils.java:logGet(46)) - raft.grpc.server.host = null (default)
2023-10-17 18:54:31,092 [main] INFO  grpc.GrpcConfigKeys (ConfUtils.java:logGet(46)) - raft.grpc.server.port = 15077 (custom)
2023-10-17 18:54:31,092 [main] INFO  server.GrpcService (ConfUtils.java:logGet(46)) - raft.grpc.message.size.max = 32MB (=33554432) (custom)
2023-10-17 18:54:31,092 [main] INFO  server.RaftServerConfigKeys (ConfUtils.java:logGet(46)) - raft.server.log.appender.buffer.byte-limit = 33554432 (custom)
2023-10-17 18:54:31,092 [main] INFO  server.GrpcService (ConfUtils.java:logGet(46)) - raft.grpc.flow.control.window = 5MB (=5242880) (custom)
2023-10-17 18:54:31,093 [main] INFO  server.RaftServerConfigKeys (ConfUtils.java:logGet(46)) - raft.server.rpc.request.timeout = 60s (custom)
2023-10-17 18:54:31,093 [main] INFO  grpc.GrpcConfigKeys (ConfUtils.java:logGet(46)) - raft.grpc.server.heartbeat.channel = true (default)
2023-10-17 18:54:31,093 [main] INFO  grpc.GrpcConfigKeys (ConfUtils.java:logGet(46)) - raft.grpc.server.async.request.thread.pool.cached = true (default)
2023-10-17 18:54:31,093 [main] INFO  grpc.GrpcConfigKeys (ConfUtils.java:logGet(46)) - raft.grpc.server.async.request.thread.pool.size = 32 (default)
2023-10-17 18:54:31,097 [main] INFO  impl.DataStreamServerImpl (ConfUtils.java:logGet(46)) - raft.datastream.type = NETTY (custom)
2023-10-17 18:54:31,097 [main] INFO  server.RaftServerConfigKeys (ConfUtils.java:logGet(46)) - raft.server.data-stream.async.request.thread.pool.cached = false (default)
2023-10-17 18:54:31,098 [main] INFO  server.RaftServerConfigKeys (ConfUtils.java:logGet(46)) - raft.server.data-stream.async.request.thread.pool.size = 20 (custom)
2023-10-17 18:54:31,098 [main] INFO  server.RaftServerConfigKeys (ConfUtils.java:logGet(46)) - raft.server.data-stream.async.write.thread.pool.size = 16 (default)
2023-10-17 18:54:31,098 [main] INFO  server.RaftServerConfigKeys (ConfUtils.java:logGet(46)) - raft.server.data-stream.client.pool.size = 10 (default)
2023-10-17 18:54:31,098 [main] INFO  netty.NettyConfigKeys$DataStream (ConfUtils.java:logGet(46)) - raft.netty.dataStream.server.use-epoll = false (default)
2023-10-17 18:54:31,099 [main] INFO  netty.NettyConfigKeys$DataStream (ConfUtils.java:logGet(46)) - raft.netty.dataStream.server.boss-group.size = 0 (default)
2023-10-17 18:54:31,099 [main] INFO  netty.NettyConfigKeys$DataStream (ConfUtils.java:logGet(46)) - raft.netty.dataStream.server.worker-group.size = 0 (default)
2023-10-17 18:54:31,100 [main] INFO  netty.NettyConfigKeys$DataStream (ConfUtils.java:logGet(46)) - raft.netty.dataStream.server.tls.conf = null (default)
2023-10-17 18:54:31,100 [main] INFO  netty.NettyConfigKeys$DataStream (ConfUtils.java:logGet(46)) - raft.netty.dataStream.host = null (default)
2023-10-17 18:54:31,100 [main] INFO  netty.NettyConfigKeys$DataStream (ConfUtils.java:logGet(46)) - raft.netty.dataStream.port = 15078 (custom)
2023-10-17 18:54:31,101 [main] INFO  server.RaftServerConfigKeys (ConfUtils.java:logGet(46)) - raft.server.threadpool.proxy.cached = true (default)
2023-10-17 18:54:31,101 [main] INFO  server.RaftServerConfigKeys (ConfUtils.java:logGet(46)) - raft.server.threadpool.proxy.size = 0 (default)
2023-10-17 18:54:31,101 [main] INFO  server.RaftServerConfigKeys (ConfUtils.java:logGet(46)) - raft.server.rpc.slowness.timeout = 300s (custom)
2023-10-17 18:54:31,102 [main] INFO  server.RaftServerConfigKeys (ConfUtils.java:logGet(46)) - raft.server.leaderelection.leader.step-down.wait-time = 10s (default)
2023-10-17 18:54:31,102 [main] INFO  server.RaftServerConfigKeys (ConfUtils.java:logGet(46)) - raft.server.storage.dir = [/home/runner/work/ozone/ozone/hadoop-ozone/integration-test/target/test-dir/MiniOzoneClusterImpl-6d5b43b8-50d7-4b60-8424-e359ec6f806a/datanode-7/data/ratis] (custom)
2023-10-17 18:54:31,106 [c3f8e5ad-ff25-4bb1-b821-874019ad4281-impl-thread1] INFO  server.RaftServer (RaftServerProxy.java:initGroupDir(258)) - c3f8e5ad-ff25-4bb1-b821-874019ad4281: found a subdirectory /home/runner/work/ozone/ozone/hadoop-ozone/integration-test/target/test-dir/MiniOzoneClusterImpl-6d5b43b8-50d7-4b60-8424-e359ec6f806a/datanode-7/data/ratis/tmp
2023-10-17 18:54:31,107 [c3f8e5ad-ff25-4bb1-b821-874019ad4281-impl-thread1] INFO  server.RaftServer (RaftServerProxy.java:initGroupDir(263)) - c3f8e5ad-ff25-4bb1-b821-874019ad4281: The directory /home/runner/work/ozone/ozone/hadoop-ozone/integration-test/target/test-dir/MiniOzoneClusterImpl-6d5b43b8-50d7-4b60-8424-e359ec6f806a/datanode-7/data/ratis/tmp is not a group directory; ignoring it. 
2023-10-17 18:54:31,107 [c3f8e5ad-ff25-4bb1-b821-874019ad4281-NettyServerStreamRpc-bossGroup--thread1] INFO  logging.LoggingHandler (AbstractInternalLogger.java:log(148)) - [id: 0xda7af1e9] REGISTERED
2023-10-17 18:54:31,107 [c3f8e5ad-ff25-4bb1-b821-874019ad4281-NettyServerStreamRpc-bossGroup--thread1] INFO  logging.LoggingHandler (AbstractInternalLogger.java:log(148)) - [id: 0xda7af1e9] BIND: 0.0.0.0/0.0.0.0:15078
2023-10-17 18:54:31,107 [c3f8e5ad-ff25-4bb1-b821-874019ad4281-NettyServerStreamRpc-bossGroup--thread1] INFO  logging.LoggingHandler (AbstractInternalLogger.java:log(148)) - [id: 0xda7af1e9, L:/0:0:0:0:0:0:0:0:15078] ACTIVE
2023-10-17 18:54:31,109 [main] INFO  replication.ReplicationServer (ReplicationServer.java:<init>(83)) - Initializing replication server with thread count = 10 queue length = 4096
2023-10-17 18:54:31,110 [main] INFO  server.XceiverServerGrpc (XceiverServerGrpc.java:<init>(132)) - GrpcServer channel type EpollServerSocketChannel
2023-10-17 18:54:31,112 [main] INFO  replication.ReplicationSupervisor (ReplicationSupervisor.java:build(155)) - Initializing replication supervisor with thread count = 10
2023-10-17 18:54:31,113 [main] INFO  replication.ReplicationSupervisor (ReplicationSupervisor.java:nodeStateUpdated(307)) - Node state updated to IN_SERVICE, scaling executor pool size to 10
2023-10-17 18:54:31,115 [main] INFO  http.BaseHttpServer (BaseHttpServer.java:newHttpServer2BuilderForOzone(223)) - Starting Web-server for hddsDatanode at: http://0.0.0.0:15072
2023-10-17 18:54:31,116 [main] INFO  http.BaseHttpServer (BaseHttpServer.java:<init>(110)) - Hadoop Security Enabled: false Ozone Security Enabled: false Ozone HTTP Security Enabled: false 
2023-10-17 18:54:31,117 [main] WARN  server.AuthenticationFilter (AuthenticationFilter.java:constructSecretProvider(240)) - Unable to initialize FileSignerSecretProvider, falling back to use random secrets. Reason: Could not read signature secret file: /home/runner/hadoop-http-auth-signature-secret
2023-10-17 18:54:31,118 [main] INFO  http.HttpRequestLog (HttpRequestLog.java:getRequestLog(86)) - Http request log for http.requests.hddsDatanode is not defined
2023-10-17 18:54:31,120 [main] INFO  http.HttpServer2 (HttpServer2.java:addGlobalFilter(1031)) - Added global filter 'safety' (class=org.apache.hadoop.hdds.server.http.HttpServer2$QuotingInputFilter)
2023-10-17 18:54:31,122 [main] INFO  http.HttpServer2 (HttpServer2.java:addFilter(1007)) - Added filter static_user_filter (class=org.apache.hadoop.http.lib.StaticUserWebFilter$StaticUserFilter) to context hddsDatanode
2023-10-17 18:54:31,123 [main] INFO  http.HttpServer2 (HttpServer2.java:addFilter(1015)) - Added filter static_user_filter (class=org.apache.hadoop.http.lib.StaticUserWebFilter$StaticUserFilter) to context static
2023-10-17 18:54:31,123 [main] INFO  http.HttpServer2 (HttpServer2.java:addFilter(1015)) - Added filter static_user_filter (class=org.apache.hadoop.http.lib.StaticUserWebFilter$StaticUserFilter) to context logs
2023-10-17 18:54:31,124 [main] INFO  http.BaseHttpServer (BaseHttpServer.java:<init>(189)) - HTTP server of hddsDatanode uses base directory /home/runner/work/ozone/ozone/hadoop-ozone/integration-test/target/test-dir/MiniOzoneClusterImpl-6d5b43b8-50d7-4b60-8424-e359ec6f806a/datanode-7/meta/webserver
2023-10-17 18:54:31,124 [main] INFO  http.HttpServer2 (HttpServer2.java:bindListener(1231)) - Jetty bound to port 15072
2023-10-17 18:54:31,124 [main] INFO  server.Server (Server.java:doStart(375)) - jetty-9.4.53.v20231009; built: 2023-10-09T12:29:09.265Z; git: 27bde00a0b95a1d5bbee0eae7984f891d2d0f8c9; jvm 1.8.0_382-b05
2023-10-17 18:54:31,128 [main] INFO  server.session (DefaultSessionIdManager.java:doStart(334)) - DefaultSessionIdManager workerName=node0
2023-10-17 18:54:31,128 [main] INFO  server.session (DefaultSessionIdManager.java:doStart(339)) - No SessionScavenger set, using defaults
2023-10-17 18:54:31,129 [main] INFO  server.session (HouseKeeper.java:startScavenging(132)) - node0 Scavenging every 660000ms
2023-10-17 18:54:31,130 [main] INFO  handler.ContextHandler (ContextHandler.java:doStart(921)) - Started o.e.j.s.ServletContextHandler@6da2cc80{logs,/logs,file:///home/runner/work/ozone/ozone/hadoop-ozone/integration-test/target/log,AVAILABLE}
2023-10-17 18:54:31,131 [main] INFO  handler.ContextHandler (ContextHandler.java:doStart(921)) - Started o.e.j.s.ServletContextHandler@777f0bef{static,/static,jar:file:/home/runner/.m2/repository/org/apache/ozone/hdds-container-service/1.4.0-SNAPSHOT/hdds-container-service-1.4.0-SNAPSHOT.jar!/webapps/static,AVAILABLE}
2023-10-17 18:54:31,384 [EndpointStateMachine task thread for /0.0.0.0:15002 - 0 ] INFO  utils.DatanodeStoreCache (DatanodeStoreCache.java:addDB(66)) - Added db /home/runner/work/ozone/ozone/hadoop-ozone/integration-test/target/test-dir/MiniOzoneClusterImpl-6d5b43b8-50d7-4b60-8424-e359ec6f806a/datanode-2/data-0/containers/hdds/6d5b43b8-50d7-4b60-8424-e359ec6f806a/DS-e0608247-b398-490e-b989-ce616c95f06e/container.db to cache
2023-10-17 18:54:31,384 [EndpointStateMachine task thread for /0.0.0.0:15002 - 0 ] INFO  volume.HddsVolume (HddsVolume.java:createDbStore(422)) - SchemaV3 db is created and loaded at /home/runner/work/ozone/ozone/hadoop-ozone/integration-test/target/test-dir/MiniOzoneClusterImpl-6d5b43b8-50d7-4b60-8424-e359ec6f806a/datanode-2/data-0/containers/hdds/6d5b43b8-50d7-4b60-8424-e359ec6f806a/DS-e0608247-b398-490e-b989-ce616c95f06e/container.db for volume DS-e0608247-b398-490e-b989-ce616c95f06e
2023-10-17 18:54:31,389 [EndpointStateMachine task thread for /0.0.0.0:15002 - 0 ] INFO  volume.ThrottledAsyncChecker (ThrottledAsyncChecker.java:schedule(141)) - Scheduling a check for /home/runner/work/ozone/ozone/hadoop-ozone/integration-test/target/test-dir/MiniOzoneClusterImpl-6d5b43b8-50d7-4b60-8424-e359ec6f806a/datanode-2/data-0/containers/hdds
2023-10-17 18:54:31,393 [EndpointStateMachine task thread for /0.0.0.0:15002 - 0 ] INFO  volume.StorageVolumeChecker (StorageVolumeChecker.java:checkAllVolumes(213)) - Scheduled health check for volume /home/runner/work/ozone/ozone/hadoop-ozone/integration-test/target/test-dir/MiniOzoneClusterImpl-6d5b43b8-50d7-4b60-8424-e359ec6f806a/datanode-2/data-0/containers/hdds
2023-10-17 18:54:31,407 [EndpointStateMachine task thread for /0.0.0.0:15002 - 0 ] INFO  volume.ThrottledAsyncChecker (ThrottledAsyncChecker.java:schedule(141)) - Scheduling a check for /home/runner/work/ozone/ozone/hadoop-ozone/integration-test/target/test-dir/MiniOzoneClusterImpl-6d5b43b8-50d7-4b60-8424-e359ec6f806a/datanode-2/data/ratis
2023-10-17 18:54:31,407 [EndpointStateMachine task thread for /0.0.0.0:15002 - 0 ] INFO  volume.StorageVolumeChecker (StorageVolumeChecker.java:checkAllVolumes(213)) - Scheduled health check for volume /home/runner/work/ozone/ozone/hadoop-ozone/integration-test/target/test-dir/MiniOzoneClusterImpl-6d5b43b8-50d7-4b60-8424-e359ec6f806a/datanode-2/data/ratis
2023-10-17 18:54:31,410 [EndpointStateMachine task thread for /0.0.0.0:15002 - 0 ] INFO  ozoneimpl.OzoneContainer (OzoneContainer.java:start(431)) - Attempting to start container services.
2023-10-17 18:54:31,411 [EndpointStateMachine task thread for /0.0.0.0:15002 - 0 ] INFO  ozoneimpl.OzoneContainer (OzoneContainer.java:startContainerScrub(327)) - Scheduled background container scanners and the on-demand container scanner have been disabled.
2023-10-17 18:54:31,413 [EndpointStateMachine task thread for /0.0.0.0:15002 - 0 ] INFO  replication.ReplicationServer (ReplicationServer.java:start(134)) - ReplicationServer is started using port 15034
2023-10-17 18:54:31,413 [EndpointStateMachine task thread for /0.0.0.0:15002 - 0 ] INFO  ratis.XceiverServerRatis (XceiverServerRatis.java:start(517)) - Starting XceiverServerRatis effd9d2c-4905-4e44-ade4-aa9f0e9056f9
2023-10-17 18:54:31,417 [EndpointStateMachine task thread for /0.0.0.0:15002 - 0 ] INFO  server.RaftServer (RaftServerProxy.java:startImpl(400)) - effd9d2c-4905-4e44-ade4-aa9f0e9056f9: start RPC server
2023-10-17 18:54:31,422 [EndpointStateMachine task thread for /0.0.0.0:15002 - 0 ] INFO  server.GrpcService (GrpcService.java:startImpl(302)) - effd9d2c-4905-4e44-ade4-aa9f0e9056f9: GrpcService started, listening on 15030
2023-10-17 18:54:31,425 [EndpointStateMachine task thread for /0.0.0.0:15002 - 0 ] INFO  server.GrpcService (GrpcService.java:startImpl(302)) - effd9d2c-4905-4e44-ade4-aa9f0e9056f9: GrpcService started, listening on 15032
2023-10-17 18:54:31,427 [EndpointStateMachine task thread for /0.0.0.0:15002 - 0 ] INFO  server.GrpcService (GrpcService.java:startImpl(302)) - effd9d2c-4905-4e44-ade4-aa9f0e9056f9: GrpcService started, listening on 15031
2023-10-17 18:54:31,428 [EndpointStateMachine task thread for /0.0.0.0:15002 - 0 ] INFO  ratis.XceiverServerRatis (XceiverServerRatis.java:getRealPort(543)) - XceiverServerRatis effd9d2c-4905-4e44-ade4-aa9f0e9056f9 is started using port 15030 for RATIS
2023-10-17 18:54:31,428 [EndpointStateMachine task thread for /0.0.0.0:15002 - 0 ] INFO  ratis.XceiverServerRatis (XceiverServerRatis.java:getRealPort(543)) - XceiverServerRatis effd9d2c-4905-4e44-ade4-aa9f0e9056f9 is started using port 15031 for RATIS_ADMIN
2023-10-17 18:54:31,428 [JvmPauseMonitor4] INFO  util.JvmPauseMonitor (JvmPauseMonitor.java:run(103)) - JvmPauseMonitor-effd9d2c-4905-4e44-ade4-aa9f0e9056f9: Started
2023-10-17 18:54:31,428 [EndpointStateMachine task thread for /0.0.0.0:15002 - 0 ] INFO  ratis.XceiverServerRatis (XceiverServerRatis.java:getRealPort(543)) - XceiverServerRatis effd9d2c-4905-4e44-ade4-aa9f0e9056f9 is started using port 15032 for RATIS_SERVER
2023-10-17 18:54:31,428 [EndpointStateMachine task thread for /0.0.0.0:15002 - 0 ] INFO  ratis.XceiverServerRatis (XceiverServerRatis.java:getRealPort(543)) - XceiverServerRatis effd9d2c-4905-4e44-ade4-aa9f0e9056f9 is started using port 15033 for RATIS_DATASTREAM
2023-10-17 18:54:31,434 [effd9d2c-4905-4e44-ade4-aa9f0e9056f9-BlockDeletingService#0] INFO  interfaces.ContainerDeletionChoosingPolicyTemplate (ContainerDeletionChoosingPolicyTemplate.java:chooseContainerForBlockDeletion(85)) - Chosen 0/5000 blocks from 0 candidate containers.
2023-10-17 18:54:31,494 [main] INFO  handler.ContextHandler (ContextHandler.java:doStart(921)) - Started o.e.j.w.WebAppContext@7942da1d{hddsDatanode,/,file:///home/runner/work/ozone/ozone/hadoop-ozone/integration-test/target/tmp/kms/webapp/,AVAILABLE}{jar:file:/home/runner/.m2/repository/org/apache/ozone/hdds-container-service/1.4.0-SNAPSHOT/hdds-container-service-1.4.0-SNAPSHOT.jar!/webapps/hddsDatanode}
2023-10-17 18:54:31,496 [main] INFO  server.AbstractConnector (AbstractConnector.java:doStart(333)) - Started ServerConnector@34b147d2{HTTP/1.1, (http/1.1)}{0.0.0.0:15072}
2023-10-17 18:54:31,496 [main] INFO  server.Server (Server.java:doStart(415)) - Started @16751ms
2023-10-17 18:54:31,497 [main] WARN  impl.MetricsSystemImpl (MetricsSystemImpl.java:register(279)) - Sink prometheus already exists!
2023-10-17 18:54:31,497 [main] INFO  http.BaseHttpServer (BaseHttpServer.java:updateConnectorAddress(354)) - HTTP server of hddsDatanode listening at http://0.0.0.0:15072
2023-10-17 18:54:31,498 [main] INFO  ipc.CallQueueManager (CallQueueManager.java:<init>(90)) - Using callQueue: class java.util.concurrent.LinkedBlockingQueue, queueCapacity: 100, scheduler: class org.apache.hadoop.ipc.DefaultRpcScheduler, ipcBackoff: false.
2023-10-17 18:54:31,498 [main] INFO  ipc.Server (Server.java:<init>(1287)) - Listener at 0.0.0.0:15073
2023-10-17 18:54:31,499 [Socket Reader #1 for port 15073] INFO  ipc.Server (Server.java:run(1323)) - Starting Socket Reader #1 for port 15073
2023-10-17 18:54:31,502 [main] INFO  ozone.HddsDatanodeService (HddsDatanodeService.java:start(325)) - Datanode start with admins: [runner]
2023-10-17 18:54:31,502 [main] INFO  ozone.HddsDatanodeClientProtocolServer (HddsDatanodeClientProtocolServer.java:start(72)) - RPC server for Client /0.0.0.0:15073
2023-10-17 18:54:31,504 [IPC Server Responder] INFO  ipc.Server (Server.java:run(1562)) - IPC Server Responder: starting
2023-10-17 18:54:31,506 [Datanode State Machine Daemon Thread] INFO  statemachine.DatanodeStateMachine (DatanodeStateMachine.java:lambda$startDaemon$1(546)) - Ozone container server started.
2023-10-17 18:54:31,506 [IPC Server listener on 15073] INFO  ipc.Server (Server.java:run(1402)) - IPC Server listener on 15073: starting
2023-10-17 18:54:31,506 [main] WARN  impl.MetricRegistriesImpl (MetricRegistriesImpl.java:addReporterRegistration(111)) - New reporters are added after registries were created. Some metrics will be missing from the reporter. Please add reporter before adding any new registry.
2023-10-17 18:54:31,509 [main] WARN  impl.MetricRegistriesImpl (MetricRegistriesImpl.java:addReporterRegistration(111)) - New reporters are added after registries were created. Some metrics will be missing from the reporter. Please add reporter before adding any new registry.
2023-10-17 18:54:31,509 [main] INFO  impl.MetricsSystemImpl (MetricsSystemImpl.java:init(158)) - HddsDatanode metrics system started (again)
2023-10-17 18:54:31,532 [main] INFO  ozone.HddsDatanodeService (HddsDatanodeService.java:start(240)) - HddsDatanodeService host:fv-az82-357.ou3itxwc2spe5nxnxxppousbrf.dx.internal.cloudapp.net ip:10.1.0.79
2023-10-17 18:54:31,539 [Datanode State Machine Task Thread - 0] INFO  datanode.InitDatanodeState (InitDatanodeState.java:persistContainerDatanodeDetails(138)) - DatanodeDetails is persisted to /home/runner/work/ozone/ozone/hadoop-ozone/integration-test/target/test-dir/MiniOzoneClusterImpl-6d5b43b8-50d7-4b60-8424-e359ec6f806a/datanode-7/meta/datanode.id
2023-10-17 18:54:31,565 [main] INFO  upgrade.AbstractLayoutVersionManager (AbstractLayoutVersionManager.java:init(83)) - Initializing Layout version manager with metadata layout = HADOOP_PRC_PORTS_IN_DATANODEDETAILS (version = 7), software layout = HADOOP_PRC_PORTS_IN_DATANODEDETAILS (version = 7)
2023-10-17 18:54:31,566 [main] INFO  statemachine.DatanodeStateMachine (DatanodeStateMachine.java:getEndPointTaskThreadPoolSize(290)) - Datanode State Machine Task Thread Pool size 2
2023-10-17 18:54:31,568 [main] INFO  volume.HddsVolume (HddsVolume.java:<init>(126)) - Creating HddsVolume: /home/runner/work/ozone/ozone/hadoop-ozone/integration-test/target/test-dir/MiniOzoneClusterImpl-6d5b43b8-50d7-4b60-8424-e359ec6f806a/datanode-8/data-0/containers/hdds of storage type : DISK capacity : 9223372036854775807
2023-10-17 18:54:31,568 [main] INFO  volume.MutableVolumeSet (MutableVolumeSet.java:initializeVolumeSet(173)) - Added Volume : /home/runner/work/ozone/ozone/hadoop-ozone/integration-test/target/test-dir/MiniOzoneClusterImpl-6d5b43b8-50d7-4b60-8424-e359ec6f806a/datanode-8/data-0/containers/hdds to VolumeSet
2023-10-17 18:54:31,569 [main] INFO  volume.MutableVolumeSet (MutableVolumeSet.java:initializeVolumeSet(173)) - Added Volume : /home/runner/work/ozone/ozone/hadoop-ozone/integration-test/target/test-dir/MiniOzoneClusterImpl-6d5b43b8-50d7-4b60-8424-e359ec6f806a/datanode-8/data/ratis to VolumeSet
2023-10-17 18:54:31,570 [Thread-307] INFO  ozoneimpl.ContainerReader (ContainerReader.java:readVolume(177)) - Finish verifying containers on volume /home/runner/work/ozone/ozone/hadoop-ozone/integration-test/target/test-dir/MiniOzoneClusterImpl-6d5b43b8-50d7-4b60-8424-e359ec6f806a/datanode-8/data-0/containers/hdds
2023-10-17 18:54:31,570 [main] INFO  ozoneimpl.OzoneContainer (OzoneContainer.java:buildContainerSet(316)) - Build ContainerSet costs 0s
2023-10-17 18:54:31,573 [main] INFO  server.RaftServer (ConfUtils.java:logGet(46)) - raft.rpc.type = GRPC (default)
2023-10-17 18:54:31,573 [main] INFO  grpc.GrpcConfigKeys (ConfUtils.java:logFallback(53)) - raft.grpc.admin.host = null (fallback to raft.grpc.server.host)
2023-10-17 18:54:31,573 [main] INFO  grpc.GrpcConfigKeys (ConfUtils.java:logGet(46)) - raft.grpc.admin.port = 15085 (custom)
2023-10-17 18:54:31,574 [main] INFO  grpc.GrpcConfigKeys (ConfUtils.java:logFallback(53)) - raft.grpc.client.host = null (fallback to raft.grpc.server.host)
2023-10-17 18:54:31,574 [main] INFO  grpc.GrpcConfigKeys (ConfUtils.java:logGet(46)) - raft.grpc.client.port = 15084 (custom)
2023-10-17 18:54:31,574 [main] INFO  grpc.GrpcConfigKeys (ConfUtils.java:logGet(46)) - raft.grpc.server.host = null (default)
2023-10-17 18:54:31,574 [main] INFO  grpc.GrpcConfigKeys (ConfUtils.java:logGet(46)) - raft.grpc.server.port = 15086 (custom)
2023-10-17 18:54:31,574 [main] INFO  server.GrpcService (ConfUtils.java:logGet(46)) - raft.grpc.message.size.max = 32MB (=33554432) (custom)
2023-10-17 18:54:31,574 [main] INFO  server.RaftServerConfigKeys (ConfUtils.java:logGet(46)) - raft.server.log.appender.buffer.byte-limit = 33554432 (custom)
2023-10-17 18:54:31,574 [main] INFO  server.GrpcService (ConfUtils.java:logGet(46)) - raft.grpc.flow.control.window = 5MB (=5242880) (custom)
2023-10-17 18:54:31,574 [main] INFO  server.RaftServerConfigKeys (ConfUtils.java:logGet(46)) - raft.server.rpc.request.timeout = 60s (custom)
2023-10-17 18:54:31,575 [main] INFO  grpc.GrpcConfigKeys (ConfUtils.java:logGet(46)) - raft.grpc.server.heartbeat.channel = true (default)
2023-10-17 18:54:31,575 [main] INFO  grpc.GrpcConfigKeys (ConfUtils.java:logGet(46)) - raft.grpc.server.async.request.thread.pool.cached = true (default)
2023-10-17 18:54:31,575 [main] INFO  grpc.GrpcConfigKeys (ConfUtils.java:logGet(46)) - raft.grpc.server.async.request.thread.pool.size = 32 (default)
2023-10-17 18:54:31,578 [main] INFO  impl.DataStreamServerImpl (ConfUtils.java:logGet(46)) - raft.datastream.type = NETTY (custom)
2023-10-17 18:54:31,578 [main] INFO  server.RaftServerConfigKeys (ConfUtils.java:logGet(46)) - raft.server.data-stream.async.request.thread.pool.cached = false (default)
2023-10-17 18:54:31,579 [main] INFO  server.RaftServerConfigKeys (ConfUtils.java:logGet(46)) - raft.server.data-stream.async.request.thread.pool.size = 20 (custom)
2023-10-17 18:54:31,579 [main] INFO  server.RaftServerConfigKeys (ConfUtils.java:logGet(46)) - raft.server.data-stream.async.write.thread.pool.size = 16 (default)
2023-10-17 18:54:31,579 [main] INFO  server.RaftServerConfigKeys (ConfUtils.java:logGet(46)) - raft.server.data-stream.client.pool.size = 10 (default)
2023-10-17 18:54:31,579 [main] INFO  netty.NettyConfigKeys$DataStream (ConfUtils.java:logGet(46)) - raft.netty.dataStream.server.use-epoll = false (default)
2023-10-17 18:54:31,579 [main] INFO  netty.NettyConfigKeys$DataStream (ConfUtils.java:logGet(46)) - raft.netty.dataStream.server.boss-group.size = 0 (default)
2023-10-17 18:54:31,580 [main] INFO  netty.NettyConfigKeys$DataStream (ConfUtils.java:logGet(46)) - raft.netty.dataStream.server.worker-group.size = 0 (default)
2023-10-17 18:54:31,580 [main] INFO  netty.NettyConfigKeys$DataStream (ConfUtils.java:logGet(46)) - raft.netty.dataStream.server.tls.conf = null (default)
2023-10-17 18:54:31,580 [main] INFO  netty.NettyConfigKeys$DataStream (ConfUtils.java:logGet(46)) - raft.netty.dataStream.host = null (default)
2023-10-17 18:54:31,580 [main] INFO  netty.NettyConfigKeys$DataStream (ConfUtils.java:logGet(46)) - raft.netty.dataStream.port = 15087 (custom)
2023-10-17 18:54:31,581 [main] INFO  server.RaftServerConfigKeys (ConfUtils.java:logGet(46)) - raft.server.threadpool.proxy.cached = true (default)
2023-10-17 18:54:31,581 [main] INFO  server.RaftServerConfigKeys (ConfUtils.java:logGet(46)) - raft.server.threadpool.proxy.size = 0 (default)
2023-10-17 18:54:31,581 [main] INFO  server.RaftServerConfigKeys (ConfUtils.java:logGet(46)) - raft.server.rpc.slowness.timeout = 300s (custom)
2023-10-17 18:54:31,581 [main] INFO  server.RaftServerConfigKeys (ConfUtils.java:logGet(46)) - raft.server.leaderelection.leader.step-down.wait-time = 10s (default)
2023-10-17 18:54:31,582 [main] INFO  server.RaftServerConfigKeys (ConfUtils.java:logGet(46)) - raft.server.storage.dir = [/home/runner/work/ozone/ozone/hadoop-ozone/integration-test/target/test-dir/MiniOzoneClusterImpl-6d5b43b8-50d7-4b60-8424-e359ec6f806a/datanode-8/data/ratis] (custom)
2023-10-17 18:54:31,585 [7a0123dc-2631-482f-afc4-3bb35f550263-NettyServerStreamRpc-bossGroup--thread1] INFO  logging.LoggingHandler (AbstractInternalLogger.java:log(148)) - [id: 0x99e50eb1] REGISTERED
2023-10-17 18:54:31,585 [7a0123dc-2631-482f-afc4-3bb35f550263-NettyServerStreamRpc-bossGroup--thread1] INFO  logging.LoggingHandler (AbstractInternalLogger.java:log(148)) - [id: 0x99e50eb1] BIND: 0.0.0.0/0.0.0.0:15087
2023-10-17 18:54:31,586 [7a0123dc-2631-482f-afc4-3bb35f550263-NettyServerStreamRpc-bossGroup--thread1] INFO  logging.LoggingHandler (AbstractInternalLogger.java:log(148)) - [id: 0x99e50eb1, L:/0:0:0:0:0:0:0:0:15087] ACTIVE
2023-10-17 18:54:31,586 [7a0123dc-2631-482f-afc4-3bb35f550263-impl-thread1] INFO  server.RaftServer (RaftServerProxy.java:initGroupDir(258)) - 7a0123dc-2631-482f-afc4-3bb35f550263: found a subdirectory /home/runner/work/ozone/ozone/hadoop-ozone/integration-test/target/test-dir/MiniOzoneClusterImpl-6d5b43b8-50d7-4b60-8424-e359ec6f806a/datanode-8/data/ratis/tmp
2023-10-17 18:54:31,586 [7a0123dc-2631-482f-afc4-3bb35f550263-impl-thread1] INFO  server.RaftServer (RaftServerProxy.java:initGroupDir(263)) - 7a0123dc-2631-482f-afc4-3bb35f550263: The directory /home/runner/work/ozone/ozone/hadoop-ozone/integration-test/target/test-dir/MiniOzoneClusterImpl-6d5b43b8-50d7-4b60-8424-e359ec6f806a/datanode-8/data/ratis/tmp is not a group directory; ignoring it. 
2023-10-17 18:54:31,587 [main] INFO  replication.ReplicationServer (ReplicationServer.java:<init>(83)) - Initializing replication server with thread count = 10 queue length = 4096
2023-10-17 18:54:31,588 [main] INFO  server.XceiverServerGrpc (XceiverServerGrpc.java:<init>(132)) - GrpcServer channel type EpollServerSocketChannel
2023-10-17 18:54:31,590 [main] INFO  replication.ReplicationSupervisor (ReplicationSupervisor.java:build(155)) - Initializing replication supervisor with thread count = 10
2023-10-17 18:54:31,590 [main] INFO  replication.ReplicationSupervisor (ReplicationSupervisor.java:nodeStateUpdated(307)) - Node state updated to IN_SERVICE, scaling executor pool size to 10
2023-10-17 18:54:31,595 [main] INFO  http.BaseHttpServer (BaseHttpServer.java:newHttpServer2BuilderForOzone(223)) - Starting Web-server for hddsDatanode at: http://0.0.0.0:15081
2023-10-17 18:54:31,595 [main] INFO  http.BaseHttpServer (BaseHttpServer.java:<init>(110)) - Hadoop Security Enabled: false Ozone Security Enabled: false Ozone HTTP Security Enabled: false 
2023-10-17 18:54:31,598 [main] WARN  server.AuthenticationFilter (AuthenticationFilter.java:constructSecretProvider(240)) - Unable to initialize FileSignerSecretProvider, falling back to use random secrets. Reason: Could not read signature secret file: /home/runner/hadoop-http-auth-signature-secret
2023-10-17 18:54:31,601 [main] INFO  http.HttpRequestLog (HttpRequestLog.java:getRequestLog(86)) - Http request log for http.requests.hddsDatanode is not defined
2023-10-17 18:54:31,604 [main] INFO  http.HttpServer2 (HttpServer2.java:addGlobalFilter(1031)) - Added global filter 'safety' (class=org.apache.hadoop.hdds.server.http.HttpServer2$QuotingInputFilter)
2023-10-17 18:54:31,605 [main] INFO  http.HttpServer2 (HttpServer2.java:addFilter(1007)) - Added filter static_user_filter (class=org.apache.hadoop.http.lib.StaticUserWebFilter$StaticUserFilter) to context hddsDatanode
2023-10-17 18:54:31,606 [main] INFO  http.HttpServer2 (HttpServer2.java:addFilter(1015)) - Added filter static_user_filter (class=org.apache.hadoop.http.lib.StaticUserWebFilter$StaticUserFilter) to context static
2023-10-17 18:54:31,606 [main] INFO  http.HttpServer2 (HttpServer2.java:addFilter(1015)) - Added filter static_user_filter (class=org.apache.hadoop.http.lib.StaticUserWebFilter$StaticUserFilter) to context logs
2023-10-17 18:54:31,607 [main] INFO  http.BaseHttpServer (BaseHttpServer.java:<init>(189)) - HTTP server of hddsDatanode uses base directory /home/runner/work/ozone/ozone/hadoop-ozone/integration-test/target/test-dir/MiniOzoneClusterImpl-6d5b43b8-50d7-4b60-8424-e359ec6f806a/datanode-8/meta/webserver
2023-10-17 18:54:31,607 [main] INFO  http.HttpServer2 (HttpServer2.java:bindListener(1231)) - Jetty bound to port 15081
2023-10-17 18:54:31,607 [main] INFO  server.Server (Server.java:doStart(375)) - jetty-9.4.53.v20231009; built: 2023-10-09T12:29:09.265Z; git: 27bde00a0b95a1d5bbee0eae7984f891d2d0f8c9; jvm 1.8.0_382-b05
2023-10-17 18:54:31,609 [main] INFO  server.session (DefaultSessionIdManager.java:doStart(334)) - DefaultSessionIdManager workerName=node0
2023-10-17 18:54:31,609 [main] INFO  server.session (DefaultSessionIdManager.java:doStart(339)) - No SessionScavenger set, using defaults
2023-10-17 18:54:31,609 [main] INFO  server.session (HouseKeeper.java:startScavenging(132)) - node0 Scavenging every 600000ms
2023-10-17 18:54:31,610 [main] INFO  handler.ContextHandler (ContextHandler.java:doStart(921)) - Started o.e.j.s.ServletContextHandler@39eb9bad{logs,/logs,file:///home/runner/work/ozone/ozone/hadoop-ozone/integration-test/target/log,AVAILABLE}
2023-10-17 18:54:31,611 [main] INFO  handler.ContextHandler (ContextHandler.java:doStart(921)) - Started o.e.j.s.ServletContextHandler@1b9f41df{static,/static,jar:file:/home/runner/.m2/repository/org/apache/ozone/hdds-container-service/1.4.0-SNAPSHOT/hdds-container-service-1.4.0-SNAPSHOT.jar!/webapps/static,AVAILABLE}
2023-10-17 18:54:31,728 [EndpointStateMachine task thread for /0.0.0.0:15002 - 0 ] INFO  utils.DatanodeStoreCache (DatanodeStoreCache.java:addDB(66)) - Added db /home/runner/work/ozone/ozone/hadoop-ozone/integration-test/target/test-dir/MiniOzoneClusterImpl-6d5b43b8-50d7-4b60-8424-e359ec6f806a/datanode-3/data-0/containers/hdds/6d5b43b8-50d7-4b60-8424-e359ec6f806a/DS-4b1abc5d-e9ea-4cdc-8a7c-1d69fe4e5b44/container.db to cache
2023-10-17 18:54:31,728 [EndpointStateMachine task thread for /0.0.0.0:15002 - 0 ] INFO  volume.HddsVolume (HddsVolume.java:createDbStore(422)) - SchemaV3 db is created and loaded at /home/runner/work/ozone/ozone/hadoop-ozone/integration-test/target/test-dir/MiniOzoneClusterImpl-6d5b43b8-50d7-4b60-8424-e359ec6f806a/datanode-3/data-0/containers/hdds/6d5b43b8-50d7-4b60-8424-e359ec6f806a/DS-4b1abc5d-e9ea-4cdc-8a7c-1d69fe4e5b44/container.db for volume DS-4b1abc5d-e9ea-4cdc-8a7c-1d69fe4e5b44
2023-10-17 18:54:31,729 [EndpointStateMachine task thread for /0.0.0.0:15002 - 0 ] INFO  volume.ThrottledAsyncChecker (ThrottledAsyncChecker.java:schedule(141)) - Scheduling a check for /home/runner/work/ozone/ozone/hadoop-ozone/integration-test/target/test-dir/MiniOzoneClusterImpl-6d5b43b8-50d7-4b60-8424-e359ec6f806a/datanode-3/data-0/containers/hdds
2023-10-17 18:54:31,734 [EndpointStateMachine task thread for /0.0.0.0:15002 - 0 ] INFO  volume.StorageVolumeChecker (StorageVolumeChecker.java:checkAllVolumes(213)) - Scheduled health check for volume /home/runner/work/ozone/ozone/hadoop-ozone/integration-test/target/test-dir/MiniOzoneClusterImpl-6d5b43b8-50d7-4b60-8424-e359ec6f806a/datanode-3/data-0/containers/hdds
2023-10-17 18:54:31,736 [EndpointStateMachine task thread for /0.0.0.0:15002 - 0 ] INFO  volume.ThrottledAsyncChecker (ThrottledAsyncChecker.java:schedule(141)) - Scheduling a check for /home/runner/work/ozone/ozone/hadoop-ozone/integration-test/target/test-dir/MiniOzoneClusterImpl-6d5b43b8-50d7-4b60-8424-e359ec6f806a/datanode-3/data/ratis
2023-10-17 18:54:31,741 [EndpointStateMachine task thread for /0.0.0.0:15002 - 0 ] INFO  volume.StorageVolumeChecker (StorageVolumeChecker.java:checkAllVolumes(213)) - Scheduled health check for volume /home/runner/work/ozone/ozone/hadoop-ozone/integration-test/target/test-dir/MiniOzoneClusterImpl-6d5b43b8-50d7-4b60-8424-e359ec6f806a/datanode-3/data/ratis
2023-10-17 18:54:31,745 [EndpointStateMachine task thread for /0.0.0.0:15002 - 0 ] INFO  ozoneimpl.OzoneContainer (OzoneContainer.java:start(431)) - Attempting to start container services.
2023-10-17 18:54:31,745 [EndpointStateMachine task thread for /0.0.0.0:15002 - 0 ] INFO  ozoneimpl.OzoneContainer (OzoneContainer.java:startContainerScrub(327)) - Scheduled background container scanners and the on-demand container scanner have been disabled.
2023-10-17 18:54:31,749 [EndpointStateMachine task thread for /0.0.0.0:15002 - 0 ] INFO  replication.ReplicationServer (ReplicationServer.java:start(134)) - ReplicationServer is started using port 15043
2023-10-17 18:54:31,749 [EndpointStateMachine task thread for /0.0.0.0:15002 - 0 ] INFO  ratis.XceiverServerRatis (XceiverServerRatis.java:start(517)) - Starting XceiverServerRatis a546daa4-0106-41e2-a933-0105fc903a66
2023-10-17 18:54:31,751 [EndpointStateMachine task thread for /0.0.0.0:15002 - 0 ] INFO  server.RaftServer (RaftServerProxy.java:startImpl(400)) - a546daa4-0106-41e2-a933-0105fc903a66: start RPC server
2023-10-17 18:54:31,755 [EndpointStateMachine task thread for /0.0.0.0:15002 - 0 ] INFO  server.GrpcService (GrpcService.java:startImpl(302)) - a546daa4-0106-41e2-a933-0105fc903a66: GrpcService started, listening on 15039
2023-10-17 18:54:31,756 [EndpointStateMachine task thread for /0.0.0.0:15002 - 0 ] INFO  server.GrpcService (GrpcService.java:startImpl(302)) - a546daa4-0106-41e2-a933-0105fc903a66: GrpcService started, listening on 15041
2023-10-17 18:54:31,763 [EndpointStateMachine task thread for /0.0.0.0:15002 - 0 ] INFO  server.GrpcService (GrpcService.java:startImpl(302)) - a546daa4-0106-41e2-a933-0105fc903a66: GrpcService started, listening on 15040
2023-10-17 18:54:31,765 [EndpointStateMachine task thread for /0.0.0.0:15002 - 0 ] INFO  ratis.XceiverServerRatis (XceiverServerRatis.java:getRealPort(543)) - XceiverServerRatis a546daa4-0106-41e2-a933-0105fc903a66 is started using port 15039 for RATIS
2023-10-17 18:54:31,765 [EndpointStateMachine task thread for /0.0.0.0:15002 - 0 ] INFO  ratis.XceiverServerRatis (XceiverServerRatis.java:getRealPort(543)) - XceiverServerRatis a546daa4-0106-41e2-a933-0105fc903a66 is started using port 15040 for RATIS_ADMIN
2023-10-17 18:54:31,765 [EndpointStateMachine task thread for /0.0.0.0:15002 - 0 ] INFO  ratis.XceiverServerRatis (XceiverServerRatis.java:getRealPort(543)) - XceiverServerRatis a546daa4-0106-41e2-a933-0105fc903a66 is started using port 15041 for RATIS_SERVER
2023-10-17 18:54:31,765 [EndpointStateMachine task thread for /0.0.0.0:15002 - 0 ] INFO  ratis.XceiverServerRatis (XceiverServerRatis.java:getRealPort(543)) - XceiverServerRatis a546daa4-0106-41e2-a933-0105fc903a66 is started using port 15042 for RATIS_DATASTREAM
2023-10-17 18:54:31,765 [JvmPauseMonitor5] INFO  util.JvmPauseMonitor (JvmPauseMonitor.java:run(103)) - JvmPauseMonitor-a546daa4-0106-41e2-a933-0105fc903a66: Started
2023-10-17 18:54:31,776 [a546daa4-0106-41e2-a933-0105fc903a66-BlockDeletingService#0] INFO  interfaces.ContainerDeletionChoosingPolicyTemplate (ContainerDeletionChoosingPolicyTemplate.java:chooseContainerForBlockDeletion(85)) - Chosen 0/5000 blocks from 0 candidate containers.
2023-10-17 18:54:31,891 [main] INFO  handler.ContextHandler (ContextHandler.java:doStart(921)) - Started o.e.j.w.WebAppContext@51ced4b4{hddsDatanode,/,file:///home/runner/work/ozone/ozone/hadoop-ozone/integration-test/target/tmp/kms/webapp/,AVAILABLE}{jar:file:/home/runner/.m2/repository/org/apache/ozone/hdds-container-service/1.4.0-SNAPSHOT/hdds-container-service-1.4.0-SNAPSHOT.jar!/webapps/hddsDatanode}
2023-10-17 18:54:31,894 [main] INFO  server.AbstractConnector (AbstractConnector.java:doStart(333)) - Started ServerConnector@525605a9{HTTP/1.1, (http/1.1)}{0.0.0.0:15081}
2023-10-17 18:54:31,894 [main] INFO  server.Server (Server.java:doStart(415)) - Started @17149ms
2023-10-17 18:54:31,894 [main] WARN  impl.MetricsSystemImpl (MetricsSystemImpl.java:register(279)) - Sink prometheus already exists!
2023-10-17 18:54:31,895 [main] INFO  http.BaseHttpServer (BaseHttpServer.java:updateConnectorAddress(354)) - HTTP server of hddsDatanode listening at http://0.0.0.0:15081
2023-10-17 18:54:31,895 [main] INFO  ipc.CallQueueManager (CallQueueManager.java:<init>(90)) - Using callQueue: class java.util.concurrent.LinkedBlockingQueue, queueCapacity: 100, scheduler: class org.apache.hadoop.ipc.DefaultRpcScheduler, ipcBackoff: false.
2023-10-17 18:54:31,896 [main] INFO  ipc.Server (Server.java:<init>(1287)) - Listener at 0.0.0.0:15082
2023-10-17 18:54:31,896 [Socket Reader #1 for port 15082] INFO  ipc.Server (Server.java:run(1323)) - Starting Socket Reader #1 for port 15082
2023-10-17 18:54:31,907 [main] INFO  ozone.HddsDatanodeService (HddsDatanodeService.java:start(325)) - Datanode start with admins: [runner]
2023-10-17 18:54:31,907 [main] INFO  ozone.HddsDatanodeClientProtocolServer (HddsDatanodeClientProtocolServer.java:start(72)) - RPC server for Client /0.0.0.0:15082
2023-10-17 18:54:31,908 [IPC Server Responder] INFO  ipc.Server (Server.java:run(1562)) - IPC Server Responder: starting
2023-10-17 18:54:31,908 [IPC Server listener on 15082] INFO  ipc.Server (Server.java:run(1402)) - IPC Server listener on 15082: starting
2023-10-17 18:54:31,909 [main] WARN  impl.MetricRegistriesImpl (MetricRegistriesImpl.java:addReporterRegistration(111)) - New reporters are added after registries were created. Some metrics will be missing from the reporter. Please add reporter before adding any new registry.
2023-10-17 18:54:31,910 [main] WARN  impl.MetricRegistriesImpl (MetricRegistriesImpl.java:addReporterRegistration(111)) - New reporters are added after registries were created. Some metrics will be missing from the reporter. Please add reporter before adding any new registry.
2023-10-17 18:54:31,910 [main] INFO  impl.MetricsSystemImpl (MetricsSystemImpl.java:init(158)) - HddsDatanode metrics system started (again)
2023-10-17 18:54:31,909 [Datanode State Machine Daemon Thread] INFO  statemachine.DatanodeStateMachine (DatanodeStateMachine.java:lambda$startDaemon$1(546)) - Ozone container server started.
2023-10-17 18:54:31,936 [Datanode State Machine Task Thread - 0] INFO  datanode.InitDatanodeState (InitDatanodeState.java:persistContainerDatanodeDetails(138)) - DatanodeDetails is persisted to /home/runner/work/ozone/ozone/hadoop-ozone/integration-test/target/test-dir/MiniOzoneClusterImpl-6d5b43b8-50d7-4b60-8424-e359ec6f806a/datanode-8/meta/datanode.id
2023-10-17 18:54:31,942 [main] INFO  ozone.HddsDatanodeService (HddsDatanodeService.java:start(240)) - HddsDatanodeService host:fv-az82-357.ou3itxwc2spe5nxnxxppousbrf.dx.internal.cloudapp.net ip:10.1.0.79
2023-10-17 18:54:31,967 [main] INFO  upgrade.AbstractLayoutVersionManager (AbstractLayoutVersionManager.java:init(83)) - Initializing Layout version manager with metadata layout = HADOOP_PRC_PORTS_IN_DATANODEDETAILS (version = 7), software layout = HADOOP_PRC_PORTS_IN_DATANODEDETAILS (version = 7)
2023-10-17 18:54:31,968 [main] INFO  statemachine.DatanodeStateMachine (DatanodeStateMachine.java:getEndPointTaskThreadPoolSize(290)) - Datanode State Machine Task Thread Pool size 2
2023-10-17 18:54:31,970 [main] INFO  volume.HddsVolume (HddsVolume.java:<init>(126)) - Creating HddsVolume: /home/runner/work/ozone/ozone/hadoop-ozone/integration-test/target/test-dir/MiniOzoneClusterImpl-6d5b43b8-50d7-4b60-8424-e359ec6f806a/datanode-9/data-0/containers/hdds of storage type : DISK capacity : 9223372036854775807
2023-10-17 18:54:31,970 [main] INFO  volume.MutableVolumeSet (MutableVolumeSet.java:initializeVolumeSet(173)) - Added Volume : /home/runner/work/ozone/ozone/hadoop-ozone/integration-test/target/test-dir/MiniOzoneClusterImpl-6d5b43b8-50d7-4b60-8424-e359ec6f806a/datanode-9/data-0/containers/hdds to VolumeSet
2023-10-17 18:54:31,971 [main] INFO  volume.MutableVolumeSet (MutableVolumeSet.java:initializeVolumeSet(173)) - Added Volume : /home/runner/work/ozone/ozone/hadoop-ozone/integration-test/target/test-dir/MiniOzoneClusterImpl-6d5b43b8-50d7-4b60-8424-e359ec6f806a/datanode-9/data/ratis to VolumeSet
2023-10-17 18:54:31,972 [Thread-329] INFO  ozoneimpl.ContainerReader (ContainerReader.java:readVolume(177)) - Finish verifying containers on volume /home/runner/work/ozone/ozone/hadoop-ozone/integration-test/target/test-dir/MiniOzoneClusterImpl-6d5b43b8-50d7-4b60-8424-e359ec6f806a/datanode-9/data-0/containers/hdds
2023-10-17 18:54:31,972 [main] INFO  ozoneimpl.OzoneContainer (OzoneContainer.java:buildContainerSet(316)) - Build ContainerSet costs 0s
2023-10-17 18:54:31,975 [main] INFO  server.RaftServer (ConfUtils.java:logGet(46)) - raft.rpc.type = GRPC (default)
2023-10-17 18:54:31,975 [main] INFO  grpc.GrpcConfigKeys (ConfUtils.java:logFallback(53)) - raft.grpc.admin.host = null (fallback to raft.grpc.server.host)
2023-10-17 18:54:31,975 [main] INFO  grpc.GrpcConfigKeys (ConfUtils.java:logGet(46)) - raft.grpc.admin.port = 15094 (custom)
2023-10-17 18:54:31,975 [main] INFO  grpc.GrpcConfigKeys (ConfUtils.java:logFallback(53)) - raft.grpc.client.host = null (fallback to raft.grpc.server.host)
2023-10-17 18:54:31,975 [main] INFO  grpc.GrpcConfigKeys (ConfUtils.java:logGet(46)) - raft.grpc.client.port = 15093 (custom)
2023-10-17 18:54:31,976 [main] INFO  grpc.GrpcConfigKeys (ConfUtils.java:logGet(46)) - raft.grpc.server.host = null (default)
2023-10-17 18:54:31,976 [main] INFO  grpc.GrpcConfigKeys (ConfUtils.java:logGet(46)) - raft.grpc.server.port = 15095 (custom)
2023-10-17 18:54:31,976 [main] INFO  server.GrpcService (ConfUtils.java:logGet(46)) - raft.grpc.message.size.max = 32MB (=33554432) (custom)
2023-10-17 18:54:31,976 [main] INFO  server.RaftServerConfigKeys (ConfUtils.java:logGet(46)) - raft.server.log.appender.buffer.byte-limit = 33554432 (custom)
2023-10-17 18:54:31,976 [main] INFO  server.GrpcService (ConfUtils.java:logGet(46)) - raft.grpc.flow.control.window = 5MB (=5242880) (custom)
2023-10-17 18:54:31,977 [main] INFO  server.RaftServerConfigKeys (ConfUtils.java:logGet(46)) - raft.server.rpc.request.timeout = 60s (custom)
2023-10-17 18:54:31,977 [main] INFO  grpc.GrpcConfigKeys (ConfUtils.java:logGet(46)) - raft.grpc.server.heartbeat.channel = true (default)
2023-10-17 18:54:31,977 [main] INFO  grpc.GrpcConfigKeys (ConfUtils.java:logGet(46)) - raft.grpc.server.async.request.thread.pool.cached = true (default)
2023-10-17 18:54:31,977 [main] INFO  grpc.GrpcConfigKeys (ConfUtils.java:logGet(46)) - raft.grpc.server.async.request.thread.pool.size = 32 (default)
2023-10-17 18:54:31,980 [main] INFO  impl.DataStreamServerImpl (ConfUtils.java:logGet(46)) - raft.datastream.type = NETTY (custom)
2023-10-17 18:54:31,982 [main] INFO  server.RaftServerConfigKeys (ConfUtils.java:logGet(46)) - raft.server.data-stream.async.request.thread.pool.cached = false (default)
2023-10-17 18:54:31,982 [main] INFO  server.RaftServerConfigKeys (ConfUtils.java:logGet(46)) - raft.server.data-stream.async.request.thread.pool.size = 20 (custom)
2023-10-17 18:54:31,982 [main] INFO  server.RaftServerConfigKeys (ConfUtils.java:logGet(46)) - raft.server.data-stream.async.write.thread.pool.size = 16 (default)
2023-10-17 18:54:31,982 [main] INFO  server.RaftServerConfigKeys (ConfUtils.java:logGet(46)) - raft.server.data-stream.client.pool.size = 10 (default)
2023-10-17 18:54:31,982 [main] INFO  netty.NettyConfigKeys$DataStream (ConfUtils.java:logGet(46)) - raft.netty.dataStream.server.use-epoll = false (default)
2023-10-17 18:54:31,982 [main] INFO  netty.NettyConfigKeys$DataStream (ConfUtils.java:logGet(46)) - raft.netty.dataStream.server.boss-group.size = 0 (default)
2023-10-17 18:54:31,997 [main] INFO  netty.NettyConfigKeys$DataStream (ConfUtils.java:logGet(46)) - raft.netty.dataStream.server.worker-group.size = 0 (default)
2023-10-17 18:54:31,997 [main] INFO  netty.NettyConfigKeys$DataStream (ConfUtils.java:logGet(46)) - raft.netty.dataStream.server.tls.conf = null (default)
2023-10-17 18:54:31,998 [main] INFO  netty.NettyConfigKeys$DataStream (ConfUtils.java:logGet(46)) - raft.netty.dataStream.host = null (default)
2023-10-17 18:54:31,998 [main] INFO  netty.NettyConfigKeys$DataStream (ConfUtils.java:logGet(46)) - raft.netty.dataStream.port = 15096 (custom)
2023-10-17 18:54:31,998 [main] INFO  server.RaftServerConfigKeys (ConfUtils.java:logGet(46)) - raft.server.threadpool.proxy.cached = true (default)
2023-10-17 18:54:32,002 [main] INFO  server.RaftServerConfigKeys (ConfUtils.java:logGet(46)) - raft.server.threadpool.proxy.size = 0 (default)
2023-10-17 18:54:32,005 [main] INFO  server.RaftServerConfigKeys (ConfUtils.java:logGet(46)) - raft.server.rpc.slowness.timeout = 300s (custom)
2023-10-17 18:54:32,005 [main] INFO  server.RaftServerConfigKeys (ConfUtils.java:logGet(46)) - raft.server.leaderelection.leader.step-down.wait-time = 10s (default)
2023-10-17 18:54:32,005 [main] INFO  server.RaftServerConfigKeys (ConfUtils.java:logGet(46)) - raft.server.storage.dir = [/home/runner/work/ozone/ozone/hadoop-ozone/integration-test/target/test-dir/MiniOzoneClusterImpl-6d5b43b8-50d7-4b60-8424-e359ec6f806a/datanode-9/data/ratis] (custom)
2023-10-17 18:54:32,002 [b02d6f66-d0eb-48ed-9f4c-37a8796232ac-NettyServerStreamRpc-bossGroup--thread1] INFO  logging.LoggingHandler (AbstractInternalLogger.java:log(148)) - [id: 0xd98fa724] REGISTERED
2023-10-17 18:54:32,008 [b02d6f66-d0eb-48ed-9f4c-37a8796232ac-NettyServerStreamRpc-bossGroup--thread1] INFO  logging.LoggingHandler (AbstractInternalLogger.java:log(148)) - [id: 0xd98fa724] BIND: 0.0.0.0/0.0.0.0:15096
2023-10-17 18:54:32,008 [b02d6f66-d0eb-48ed-9f4c-37a8796232ac-NettyServerStreamRpc-bossGroup--thread1] INFO  logging.LoggingHandler (AbstractInternalLogger.java:log(148)) - [id: 0xd98fa724, L:/0:0:0:0:0:0:0:0:15096] ACTIVE
2023-10-17 18:54:32,008 [b02d6f66-d0eb-48ed-9f4c-37a8796232ac-impl-thread1] INFO  server.RaftServer (RaftServerProxy.java:initGroupDir(258)) - b02d6f66-d0eb-48ed-9f4c-37a8796232ac: found a subdirectory /home/runner/work/ozone/ozone/hadoop-ozone/integration-test/target/test-dir/MiniOzoneClusterImpl-6d5b43b8-50d7-4b60-8424-e359ec6f806a/datanode-9/data/ratis/tmp
2023-10-17 18:54:32,009 [b02d6f66-d0eb-48ed-9f4c-37a8796232ac-impl-thread1] INFO  server.RaftServer (RaftServerProxy.java:initGroupDir(263)) - b02d6f66-d0eb-48ed-9f4c-37a8796232ac: The directory /home/runner/work/ozone/ozone/hadoop-ozone/integration-test/target/test-dir/MiniOzoneClusterImpl-6d5b43b8-50d7-4b60-8424-e359ec6f806a/datanode-9/data/ratis/tmp is not a group directory; ignoring it. 
2023-10-17 18:54:32,010 [main] INFO  replication.ReplicationServer (ReplicationServer.java:<init>(83)) - Initializing replication server with thread count = 10 queue length = 4096
2023-10-17 18:54:32,011 [main] INFO  server.XceiverServerGrpc (XceiverServerGrpc.java:<init>(132)) - GrpcServer channel type EpollServerSocketChannel
2023-10-17 18:54:32,015 [main] INFO  replication.ReplicationSupervisor (ReplicationSupervisor.java:build(155)) - Initializing replication supervisor with thread count = 10
2023-10-17 18:54:32,015 [main] INFO  replication.ReplicationSupervisor (ReplicationSupervisor.java:nodeStateUpdated(307)) - Node state updated to IN_SERVICE, scaling executor pool size to 10
2023-10-17 18:54:32,022 [main] INFO  http.BaseHttpServer (BaseHttpServer.java:newHttpServer2BuilderForOzone(223)) - Starting Web-server for hddsDatanode at: http://0.0.0.0:15090
2023-10-17 18:54:32,023 [main] INFO  http.BaseHttpServer (BaseHttpServer.java:<init>(110)) - Hadoop Security Enabled: false Ozone Security Enabled: false Ozone HTTP Security Enabled: false 
2023-10-17 18:54:32,024 [main] WARN  server.AuthenticationFilter (AuthenticationFilter.java:constructSecretProvider(240)) - Unable to initialize FileSignerSecretProvider, falling back to use random secrets. Reason: Could not read signature secret file: /home/runner/hadoop-http-auth-signature-secret
2023-10-17 18:54:32,025 [main] INFO  http.HttpRequestLog (HttpRequestLog.java:getRequestLog(86)) - Http request log for http.requests.hddsDatanode is not defined
2023-10-17 18:54:32,029 [main] INFO  http.HttpServer2 (HttpServer2.java:addGlobalFilter(1031)) - Added global filter 'safety' (class=org.apache.hadoop.hdds.server.http.HttpServer2$QuotingInputFilter)
2023-10-17 18:54:32,030 [main] INFO  http.HttpServer2 (HttpServer2.java:addFilter(1007)) - Added filter static_user_filter (class=org.apache.hadoop.http.lib.StaticUserWebFilter$StaticUserFilter) to context hddsDatanode
2023-10-17 18:54:32,030 [main] INFO  http.HttpServer2 (HttpServer2.java:addFilter(1015)) - Added filter static_user_filter (class=org.apache.hadoop.http.lib.StaticUserWebFilter$StaticUserFilter) to context static
2023-10-17 18:54:32,030 [main] INFO  http.HttpServer2 (HttpServer2.java:addFilter(1015)) - Added filter static_user_filter (class=org.apache.hadoop.http.lib.StaticUserWebFilter$StaticUserFilter) to context logs
2023-10-17 18:54:32,032 [main] INFO  http.BaseHttpServer (BaseHttpServer.java:<init>(189)) - HTTP server of hddsDatanode uses base directory /home/runner/work/ozone/ozone/hadoop-ozone/integration-test/target/test-dir/MiniOzoneClusterImpl-6d5b43b8-50d7-4b60-8424-e359ec6f806a/datanode-9/meta/webserver
2023-10-17 18:54:32,032 [main] INFO  http.HttpServer2 (HttpServer2.java:bindListener(1231)) - Jetty bound to port 15090
2023-10-17 18:54:32,032 [main] INFO  server.Server (Server.java:doStart(375)) - jetty-9.4.53.v20231009; built: 2023-10-09T12:29:09.265Z; git: 27bde00a0b95a1d5bbee0eae7984f891d2d0f8c9; jvm 1.8.0_382-b05
2023-10-17 18:54:32,038 [main] INFO  server.session (DefaultSessionIdManager.java:doStart(334)) - DefaultSessionIdManager workerName=node0
2023-10-17 18:54:32,039 [main] INFO  server.session (DefaultSessionIdManager.java:doStart(339)) - No SessionScavenger set, using defaults
2023-10-17 18:54:32,039 [main] INFO  server.session (HouseKeeper.java:startScavenging(132)) - node0 Scavenging every 600000ms
2023-10-17 18:54:32,042 [main] INFO  handler.ContextHandler (ContextHandler.java:doStart(921)) - Started o.e.j.s.ServletContextHandler@123d3838{logs,/logs,file:///home/runner/work/ozone/ozone/hadoop-ozone/integration-test/target/log,AVAILABLE}
2023-10-17 18:54:32,042 [main] INFO  handler.ContextHandler (ContextHandler.java:doStart(921)) - Started o.e.j.s.ServletContextHandler@77e8a7fc{static,/static,jar:file:/home/runner/.m2/repository/org/apache/ozone/hdds-container-service/1.4.0-SNAPSHOT/hdds-container-service-1.4.0-SNAPSHOT.jar!/webapps/static,AVAILABLE}
2023-10-17 18:54:32,079 [EndpointStateMachine task thread for /0.0.0.0:15002 - 0 ] INFO  utils.DatanodeStoreCache (DatanodeStoreCache.java:addDB(66)) - Added db /home/runner/work/ozone/ozone/hadoop-ozone/integration-test/target/test-dir/MiniOzoneClusterImpl-6d5b43b8-50d7-4b60-8424-e359ec6f806a/datanode-4/data-0/containers/hdds/6d5b43b8-50d7-4b60-8424-e359ec6f806a/DS-a6458641-d8d9-4e40-b93a-3351b54c1ac4/container.db to cache
2023-10-17 18:54:32,080 [EndpointStateMachine task thread for /0.0.0.0:15002 - 0 ] INFO  volume.HddsVolume (HddsVolume.java:createDbStore(422)) - SchemaV3 db is created and loaded at /home/runner/work/ozone/ozone/hadoop-ozone/integration-test/target/test-dir/MiniOzoneClusterImpl-6d5b43b8-50d7-4b60-8424-e359ec6f806a/datanode-4/data-0/containers/hdds/6d5b43b8-50d7-4b60-8424-e359ec6f806a/DS-a6458641-d8d9-4e40-b93a-3351b54c1ac4/container.db for volume DS-a6458641-d8d9-4e40-b93a-3351b54c1ac4
2023-10-17 18:54:32,087 [EndpointStateMachine task thread for /0.0.0.0:15002 - 0 ] INFO  volume.ThrottledAsyncChecker (ThrottledAsyncChecker.java:schedule(141)) - Scheduling a check for /home/runner/work/ozone/ozone/hadoop-ozone/integration-test/target/test-dir/MiniOzoneClusterImpl-6d5b43b8-50d7-4b60-8424-e359ec6f806a/datanode-4/data-0/containers/hdds
2023-10-17 18:54:32,097 [EndpointStateMachine task thread for /0.0.0.0:15002 - 0 ] INFO  volume.StorageVolumeChecker (StorageVolumeChecker.java:checkAllVolumes(213)) - Scheduled health check for volume /home/runner/work/ozone/ozone/hadoop-ozone/integration-test/target/test-dir/MiniOzoneClusterImpl-6d5b43b8-50d7-4b60-8424-e359ec6f806a/datanode-4/data-0/containers/hdds
2023-10-17 18:54:32,099 [EndpointStateMachine task thread for /0.0.0.0:15002 - 0 ] INFO  volume.ThrottledAsyncChecker (ThrottledAsyncChecker.java:schedule(141)) - Scheduling a check for /home/runner/work/ozone/ozone/hadoop-ozone/integration-test/target/test-dir/MiniOzoneClusterImpl-6d5b43b8-50d7-4b60-8424-e359ec6f806a/datanode-4/data/ratis
2023-10-17 18:54:32,099 [EndpointStateMachine task thread for /0.0.0.0:15002 - 0 ] INFO  volume.StorageVolumeChecker (StorageVolumeChecker.java:checkAllVolumes(213)) - Scheduled health check for volume /home/runner/work/ozone/ozone/hadoop-ozone/integration-test/target/test-dir/MiniOzoneClusterImpl-6d5b43b8-50d7-4b60-8424-e359ec6f806a/datanode-4/data/ratis
2023-10-17 18:54:32,101 [EndpointStateMachine task thread for /0.0.0.0:15002 - 0 ] INFO  ozoneimpl.OzoneContainer (OzoneContainer.java:start(431)) - Attempting to start container services.
2023-10-17 18:54:32,101 [EndpointStateMachine task thread for /0.0.0.0:15002 - 0 ] INFO  ozoneimpl.OzoneContainer (OzoneContainer.java:startContainerScrub(327)) - Scheduled background container scanners and the on-demand container scanner have been disabled.
2023-10-17 18:54:32,103 [EndpointStateMachine task thread for /0.0.0.0:15002 - 0 ] INFO  replication.ReplicationServer (ReplicationServer.java:start(134)) - ReplicationServer is started using port 15052
2023-10-17 18:54:32,103 [EndpointStateMachine task thread for /0.0.0.0:15002 - 0 ] INFO  ratis.XceiverServerRatis (XceiverServerRatis.java:start(517)) - Starting XceiverServerRatis a9a64069-5644-4cd4-ae1b-13efe84d56e4
2023-10-17 18:54:32,117 [EndpointStateMachine task thread for /0.0.0.0:15002 - 0 ] INFO  server.RaftServer (RaftServerProxy.java:startImpl(400)) - a9a64069-5644-4cd4-ae1b-13efe84d56e4: start RPC server
2023-10-17 18:54:32,121 [EndpointStateMachine task thread for /0.0.0.0:15002 - 0 ] INFO  server.GrpcService (GrpcService.java:startImpl(302)) - a9a64069-5644-4cd4-ae1b-13efe84d56e4: GrpcService started, listening on 15048
2023-10-17 18:54:32,123 [EndpointStateMachine task thread for /0.0.0.0:15002 - 0 ] INFO  server.GrpcService (GrpcService.java:startImpl(302)) - a9a64069-5644-4cd4-ae1b-13efe84d56e4: GrpcService started, listening on 15050
2023-10-17 18:54:32,125 [EndpointStateMachine task thread for /0.0.0.0:15002 - 0 ] INFO  server.GrpcService (GrpcService.java:startImpl(302)) - a9a64069-5644-4cd4-ae1b-13efe84d56e4: GrpcService started, listening on 15049
2023-10-17 18:54:32,128 [EndpointStateMachine task thread for /0.0.0.0:15002 - 0 ] INFO  ratis.XceiverServerRatis (XceiverServerRatis.java:getRealPort(543)) - XceiverServerRatis a9a64069-5644-4cd4-ae1b-13efe84d56e4 is started using port 15048 for RATIS
2023-10-17 18:54:32,129 [EndpointStateMachine task thread for /0.0.0.0:15002 - 0 ] INFO  ratis.XceiverServerRatis (XceiverServerRatis.java:getRealPort(543)) - XceiverServerRatis a9a64069-5644-4cd4-ae1b-13efe84d56e4 is started using port 15049 for RATIS_ADMIN
2023-10-17 18:54:32,129 [EndpointStateMachine task thread for /0.0.0.0:15002 - 0 ] INFO  ratis.XceiverServerRatis (XceiverServerRatis.java:getRealPort(543)) - XceiverServerRatis a9a64069-5644-4cd4-ae1b-13efe84d56e4 is started using port 15050 for RATIS_SERVER
2023-10-17 18:54:32,129 [EndpointStateMachine task thread for /0.0.0.0:15002 - 0 ] INFO  ratis.XceiverServerRatis (XceiverServerRatis.java:getRealPort(543)) - XceiverServerRatis a9a64069-5644-4cd4-ae1b-13efe84d56e4 is started using port 15051 for RATIS_DATASTREAM
2023-10-17 18:54:32,130 [JvmPauseMonitor6] INFO  util.JvmPauseMonitor (JvmPauseMonitor.java:run(103)) - JvmPauseMonitor-a9a64069-5644-4cd4-ae1b-13efe84d56e4: Started
2023-10-17 18:54:32,143 [a9a64069-5644-4cd4-ae1b-13efe84d56e4-BlockDeletingService#0] INFO  interfaces.ContainerDeletionChoosingPolicyTemplate (ContainerDeletionChoosingPolicyTemplate.java:chooseContainerForBlockDeletion(85)) - Chosen 0/5000 blocks from 0 candidate containers.
2023-10-17 18:54:32,336 [main] INFO  handler.ContextHandler (ContextHandler.java:doStart(921)) - Started o.e.j.w.WebAppContext@3faabf8c{hddsDatanode,/,file:///home/runner/work/ozone/ozone/hadoop-ozone/integration-test/target/tmp/kms/webapp/,AVAILABLE}{jar:file:/home/runner/.m2/repository/org/apache/ozone/hdds-container-service/1.4.0-SNAPSHOT/hdds-container-service-1.4.0-SNAPSHOT.jar!/webapps/hddsDatanode}
2023-10-17 18:54:32,339 [main] INFO  server.AbstractConnector (AbstractConnector.java:doStart(333)) - Started ServerConnector@273c7993{HTTP/1.1, (http/1.1)}{0.0.0.0:15090}
2023-10-17 18:54:32,339 [main] INFO  server.Server (Server.java:doStart(415)) - Started @17594ms
2023-10-17 18:54:32,340 [main] WARN  impl.MetricsSystemImpl (MetricsSystemImpl.java:register(279)) - Sink prometheus already exists!
2023-10-17 18:54:32,340 [main] INFO  http.BaseHttpServer (BaseHttpServer.java:updateConnectorAddress(354)) - HTTP server of hddsDatanode listening at http://0.0.0.0:15090
2023-10-17 18:54:32,341 [main] INFO  ipc.CallQueueManager (CallQueueManager.java:<init>(90)) - Using callQueue: class java.util.concurrent.LinkedBlockingQueue, queueCapacity: 100, scheduler: class org.apache.hadoop.ipc.DefaultRpcScheduler, ipcBackoff: false.
2023-10-17 18:54:32,341 [main] INFO  ipc.Server (Server.java:<init>(1287)) - Listener at 0.0.0.0:15091
2023-10-17 18:54:32,342 [Socket Reader #1 for port 15091] INFO  ipc.Server (Server.java:run(1323)) - Starting Socket Reader #1 for port 15091
2023-10-17 18:54:32,345 [main] INFO  ozone.HddsDatanodeService (HddsDatanodeService.java:start(325)) - Datanode start with admins: [runner]
2023-10-17 18:54:32,345 [main] INFO  ozone.HddsDatanodeClientProtocolServer (HddsDatanodeClientProtocolServer.java:start(72)) - RPC server for Client /0.0.0.0:15091
2023-10-17 18:54:32,345 [IPC Server Responder] INFO  ipc.Server (Server.java:run(1562)) - IPC Server Responder: starting
2023-10-17 18:54:32,346 [IPC Server listener on 15091] INFO  ipc.Server (Server.java:run(1402)) - IPC Server listener on 15091: starting
2023-10-17 18:54:32,347 [Datanode State Machine Daemon Thread] INFO  statemachine.DatanodeStateMachine (DatanodeStateMachine.java:lambda$startDaemon$1(546)) - Ozone container server started.
2023-10-17 18:54:32,347 [main] INFO  om.OzoneManager (OzoneManager.java:startSecretManager(1101)) - Starting secret key client.
2023-10-17 18:54:32,353 [main] INFO  om.OzoneManager (OzoneManager.java:startSecretManager(1112)) - Starting OM delegation token secret manager
2023-10-17 18:54:32,353 [main] INFO  security.OzoneDelegationTokenSecretManager (OzoneSecretManager.java:updateCurrentKey(175)) - Updating current master key for generating tokens. Cert id 2910657914948
2023-10-17 18:54:32,365 [Datanode State Machine Task Thread - 0] INFO  datanode.InitDatanodeState (InitDatanodeState.java:persistContainerDatanodeDetails(138)) - DatanodeDetails is persisted to /home/runner/work/ozone/ozone/hadoop-ozone/integration-test/target/test-dir/MiniOzoneClusterImpl-6d5b43b8-50d7-4b60-8424-e359ec6f806a/datanode-9/meta/datanode.id
2023-10-17 18:54:32,365 [main] INFO  ozone.MiniOzoneClusterImpl (MiniOzoneClusterImpl.java:lambda$waitForClusterToBeReady$0(229)) - Waiting for nodes to be ready. Got 0 of 10 DN Heartbeats.
2023-10-17 18:54:32,366 [main] INFO  ozone.MiniOzoneClusterImpl (MiniOzoneClusterImpl.java:lambda$waitForClusterToBeReady$0(232)) - Waiting for cluster to exit safe mode
2023-10-17 18:54:32,366 [main] INFO  ozone.MiniOzoneClusterImpl (MiniOzoneClusterImpl.java:lambda$waitForClusterToBeReady$0(234)) - SCM became leader
2023-10-17 18:54:32,363 [Thread[Thread-350,5,main]] INFO  security.OzoneDelegationTokenSecretManager (OzoneDelegationTokenSecretManager.java:run(636)) - Starting expired delegation token remover thread, tokenRemoverScanInterval=60 min(s)
2023-10-17 18:54:32,428 [IPC Server handler 10 on default port 15002] INFO  net.NetworkTopologyImpl (NetworkTopologyImpl.java:add(112)) - Added a new node: /default-rack/b2429fc7-5618-4aa2-af46-5079058310ec
2023-10-17 18:54:32,432 [IPC Server handler 10 on default port 15002] INFO  node.SCMNodeManager (SCMNodeManager.java:register(405)) - Registered Data node : b2429fc7-5618-4aa2-af46-5079058310ec{ip: 10.1.0.79, host: fv-az82-357.ou3itxwc2spe5nxnxxppousbrf.dx.internal.cloudapp.net, ports: [HTTP=15009, CLIENT_RPC=15010, REPLICATION=15016, RATIS=15012, RATIS_ADMIN=15013, RATIS_SERVER=15014, RATIS_DATASTREAM=15015, STANDALONE=15011], networkLocation: /default-rack, certSerialId: null, persistedOpState: null, persistedOpStateExpiryEpochSec: 0}
2023-10-17 18:54:32,438 [EventQueue-NodeRegistrationContainerReportForDataNodeSafeModeRule] INFO  safemode.SCMSafeModeManager (DataNodeSafeModeRule.java:process(71)) - SCM in safe mode. 1 DataNodes registered, 3 required.
2023-10-17 18:54:32,438 [EventQueue-NodeRegistrationContainerReportForContainerSafeModeRule] INFO  safemode.SCMSafeModeManager (SCMSafeModeManager.java:validateSafeModeExitRules(200)) - ContainerSafeModeRule rule is successfully validated
2023-10-17 18:54:32,443 [EventQueue-NewNodeForNewNodeHandler] INFO  pipeline.BackgroundPipelineCreator (BackgroundPipelineCreator.java:notifyEventTriggered(277)) - trigger a one-shot run on RatisPipelineUtilsThread.
2023-10-17 18:54:32,443 [EventQueue-PipelineReportForOneReplicaPipelineSafeModeRule] INFO  safemode.SCMSafeModeManager (SCMSafeModeManager.java:validateSafeModeExitRules(200)) - AtleastOneDatanodeReportedRule rule is successfully validated
2023-10-17 18:54:32,455 [RatisPipelineUtilsThread - 0] INFO  pipeline.RatisPipelineProvider (RatisPipelineProvider.java:lambda$create$0(206)) - Sending CreatePipelineCommand for pipeline:PipelineID=72fd2b4a-e65b-4377-bb79-2612a50a37ea to datanode:b2429fc7-5618-4aa2-af46-5079058310ec
2023-10-17 18:54:32,480 [RatisPipelineUtilsThread - 0] INFO  pipeline.BackgroundPipelineCreator (BackgroundPipelineCreator.java:createPipelines(233)) - Created new pipeline Pipeline[ Id: 72fd2b4a-e65b-4377-bb79-2612a50a37ea, Nodes: b2429fc7-5618-4aa2-af46-5079058310ec(fv-az82-357.ou3itxwc2spe5nxnxxppousbrf.dx.internal.cloudapp.net/10.1.0.79), ReplicationConfig: RATIS/ONE, State:ALLOCATED, leaderId:, CreationTimestamp2023-10-17T18:54:32.453Z[Etc/UTC]]
2023-10-17 18:54:32,511 [EndpointStateMachine task thread for /0.0.0.0:15002 - 0 ] INFO  utils.DatanodeStoreCache (DatanodeStoreCache.java:addDB(66)) - Added db /home/runner/work/ozone/ozone/hadoop-ozone/integration-test/target/test-dir/MiniOzoneClusterImpl-6d5b43b8-50d7-4b60-8424-e359ec6f806a/datanode-5/data-0/containers/hdds/6d5b43b8-50d7-4b60-8424-e359ec6f806a/DS-17ee7692-5661-44c2-b10b-96ae0f629d5a/container.db to cache
2023-10-17 18:54:32,511 [EndpointStateMachine task thread for /0.0.0.0:15002 - 0 ] INFO  volume.HddsVolume (HddsVolume.java:createDbStore(422)) - SchemaV3 db is created and loaded at /home/runner/work/ozone/ozone/hadoop-ozone/integration-test/target/test-dir/MiniOzoneClusterImpl-6d5b43b8-50d7-4b60-8424-e359ec6f806a/datanode-5/data-0/containers/hdds/6d5b43b8-50d7-4b60-8424-e359ec6f806a/DS-17ee7692-5661-44c2-b10b-96ae0f629d5a/container.db for volume DS-17ee7692-5661-44c2-b10b-96ae0f629d5a
2023-10-17 18:54:32,512 [EndpointStateMachine task thread for /0.0.0.0:15002 - 0 ] INFO  volume.ThrottledAsyncChecker (ThrottledAsyncChecker.java:schedule(141)) - Scheduling a check for /home/runner/work/ozone/ozone/hadoop-ozone/integration-test/target/test-dir/MiniOzoneClusterImpl-6d5b43b8-50d7-4b60-8424-e359ec6f806a/datanode-5/data-0/containers/hdds
2023-10-17 18:54:32,512 [EndpointStateMachine task thread for /0.0.0.0:15002 - 0 ] INFO  volume.StorageVolumeChecker (StorageVolumeChecker.java:checkAllVolumes(213)) - Scheduled health check for volume /home/runner/work/ozone/ozone/hadoop-ozone/integration-test/target/test-dir/MiniOzoneClusterImpl-6d5b43b8-50d7-4b60-8424-e359ec6f806a/datanode-5/data-0/containers/hdds
2023-10-17 18:54:32,516 [EndpointStateMachine task thread for /0.0.0.0:15002 - 0 ] INFO  volume.ThrottledAsyncChecker (ThrottledAsyncChecker.java:schedule(141)) - Scheduling a check for /home/runner/work/ozone/ozone/hadoop-ozone/integration-test/target/test-dir/MiniOzoneClusterImpl-6d5b43b8-50d7-4b60-8424-e359ec6f806a/datanode-5/data/ratis
2023-10-17 18:54:32,516 [EndpointStateMachine task thread for /0.0.0.0:15002 - 0 ] INFO  volume.StorageVolumeChecker (StorageVolumeChecker.java:checkAllVolumes(213)) - Scheduled health check for volume /home/runner/work/ozone/ozone/hadoop-ozone/integration-test/target/test-dir/MiniOzoneClusterImpl-6d5b43b8-50d7-4b60-8424-e359ec6f806a/datanode-5/data/ratis
2023-10-17 18:54:32,518 [EndpointStateMachine task thread for /0.0.0.0:15002 - 0 ] INFO  ozoneimpl.OzoneContainer (OzoneContainer.java:start(431)) - Attempting to start container services.
2023-10-17 18:54:32,518 [EndpointStateMachine task thread for /0.0.0.0:15002 - 0 ] INFO  ozoneimpl.OzoneContainer (OzoneContainer.java:startContainerScrub(327)) - Scheduled background container scanners and the on-demand container scanner have been disabled.
2023-10-17 18:54:32,520 [EndpointStateMachine task thread for /0.0.0.0:15002 - 0 ] INFO  replication.ReplicationServer (ReplicationServer.java:start(134)) - ReplicationServer is started using port 15061
2023-10-17 18:54:32,520 [EndpointStateMachine task thread for /0.0.0.0:15002 - 0 ] INFO  ratis.XceiverServerRatis (XceiverServerRatis.java:start(517)) - Starting XceiverServerRatis d11f4703-3fdf-44d6-a0a1-43cd820167cb
2023-10-17 18:54:32,520 [EndpointStateMachine task thread for /0.0.0.0:15002 - 0 ] INFO  server.RaftServer (RaftServerProxy.java:startImpl(400)) - d11f4703-3fdf-44d6-a0a1-43cd820167cb: start RPC server
2023-10-17 18:54:32,522 [EndpointStateMachine task thread for /0.0.0.0:15002 - 0 ] INFO  server.GrpcService (GrpcService.java:startImpl(302)) - d11f4703-3fdf-44d6-a0a1-43cd820167cb: GrpcService started, listening on 15057
2023-10-17 18:54:32,523 [EndpointStateMachine task thread for /0.0.0.0:15002 - 0 ] INFO  server.GrpcService (GrpcService.java:startImpl(302)) - d11f4703-3fdf-44d6-a0a1-43cd820167cb: GrpcService started, listening on 15059
2023-10-17 18:54:32,524 [EndpointStateMachine task thread for /0.0.0.0:15002 - 0 ] INFO  server.GrpcService (GrpcService.java:startImpl(302)) - d11f4703-3fdf-44d6-a0a1-43cd820167cb: GrpcService started, listening on 15058
2023-10-17 18:54:32,524 [EndpointStateMachine task thread for /0.0.0.0:15002 - 0 ] INFO  ratis.XceiverServerRatis (XceiverServerRatis.java:getRealPort(543)) - XceiverServerRatis d11f4703-3fdf-44d6-a0a1-43cd820167cb is started using port 15057 for RATIS
2023-10-17 18:54:32,525 [EndpointStateMachine task thread for /0.0.0.0:15002 - 0 ] INFO  ratis.XceiverServerRatis (XceiverServerRatis.java:getRealPort(543)) - XceiverServerRatis d11f4703-3fdf-44d6-a0a1-43cd820167cb is started using port 15058 for RATIS_ADMIN
2023-10-17 18:54:32,525 [JvmPauseMonitor7] INFO  util.JvmPauseMonitor (JvmPauseMonitor.java:run(103)) - JvmPauseMonitor-d11f4703-3fdf-44d6-a0a1-43cd820167cb: Started
2023-10-17 18:54:32,525 [EndpointStateMachine task thread for /0.0.0.0:15002 - 0 ] INFO  ratis.XceiverServerRatis (XceiverServerRatis.java:getRealPort(543)) - XceiverServerRatis d11f4703-3fdf-44d6-a0a1-43cd820167cb is started using port 15059 for RATIS_SERVER
2023-10-17 18:54:32,525 [EndpointStateMachine task thread for /0.0.0.0:15002 - 0 ] INFO  ratis.XceiverServerRatis (XceiverServerRatis.java:getRealPort(543)) - XceiverServerRatis d11f4703-3fdf-44d6-a0a1-43cd820167cb is started using port 15060 for RATIS_DATASTREAM
2023-10-17 18:54:32,534 [d11f4703-3fdf-44d6-a0a1-43cd820167cb-BlockDeletingService#0] INFO  interfaces.ContainerDeletionChoosingPolicyTemplate (ContainerDeletionChoosingPolicyTemplate.java:chooseContainerForBlockDeletion(85)) - Chosen 0/5000 blocks from 0 candidate containers.
2023-10-17 18:54:32,849 [IPC Server handler 0 on default port 15002] INFO  net.NetworkTopologyImpl (NetworkTopologyImpl.java:add(112)) - Added a new node: /default-rack/b5355d07-9284-4381-92f8-11cbf4e568d5
2023-10-17 18:54:32,850 [IPC Server handler 0 on default port 15002] INFO  node.SCMNodeManager (SCMNodeManager.java:register(405)) - Registered Data node : b5355d07-9284-4381-92f8-11cbf4e568d5{ip: 10.1.0.79, host: fv-az82-357.ou3itxwc2spe5nxnxxppousbrf.dx.internal.cloudapp.net, ports: [HTTP=15018, CLIENT_RPC=15019, REPLICATION=15025, RATIS=15021, RATIS_ADMIN=15022, RATIS_SERVER=15023, RATIS_DATASTREAM=15024, STANDALONE=15020], networkLocation: /default-rack, certSerialId: null, persistedOpState: null, persistedOpStateExpiryEpochSec: 0}
2023-10-17 18:54:32,852 [EventQueue-NewNodeForNewNodeHandler] INFO  pipeline.BackgroundPipelineCreator (BackgroundPipelineCreator.java:notifyEventTriggered(277)) - trigger a one-shot run on RatisPipelineUtilsThread.
2023-10-17 18:54:32,853 [EventQueue-NodeRegistrationContainerReportForDataNodeSafeModeRule] INFO  safemode.SCMSafeModeManager (DataNodeSafeModeRule.java:process(71)) - SCM in safe mode. 2 DataNodes registered, 3 required.
2023-10-17 18:54:32,855 [RatisPipelineUtilsThread - 0] INFO  pipeline.RatisPipelineProvider (RatisPipelineProvider.java:lambda$create$0(206)) - Sending CreatePipelineCommand for pipeline:PipelineID=cb569368-0f57-4d7d-811f-ec234abf4624 to datanode:b5355d07-9284-4381-92f8-11cbf4e568d5
2023-10-17 18:54:32,856 [RatisPipelineUtilsThread - 0] INFO  pipeline.BackgroundPipelineCreator (BackgroundPipelineCreator.java:createPipelines(233)) - Created new pipeline Pipeline[ Id: cb569368-0f57-4d7d-811f-ec234abf4624, Nodes: b5355d07-9284-4381-92f8-11cbf4e568d5(fv-az82-357.ou3itxwc2spe5nxnxxppousbrf.dx.internal.cloudapp.net/10.1.0.79), ReplicationConfig: RATIS/ONE, State:ALLOCATED, leaderId:, CreationTimestamp2023-10-17T18:54:32.855Z[Etc/UTC]]
2023-10-17 18:54:33,102 [EndpointStateMachine task thread for /0.0.0.0:15002 - 0 ] INFO  utils.DatanodeStoreCache (DatanodeStoreCache.java:addDB(66)) - Added db /home/runner/work/ozone/ozone/hadoop-ozone/integration-test/target/test-dir/MiniOzoneClusterImpl-6d5b43b8-50d7-4b60-8424-e359ec6f806a/datanode-6/data-0/containers/hdds/6d5b43b8-50d7-4b60-8424-e359ec6f806a/DS-de6c65e1-f256-4aa9-aea5-56eef38e66b0/container.db to cache
2023-10-17 18:54:33,102 [EndpointStateMachine task thread for /0.0.0.0:15002 - 0 ] INFO  volume.HddsVolume (HddsVolume.java:createDbStore(422)) - SchemaV3 db is created and loaded at /home/runner/work/ozone/ozone/hadoop-ozone/integration-test/target/test-dir/MiniOzoneClusterImpl-6d5b43b8-50d7-4b60-8424-e359ec6f806a/datanode-6/data-0/containers/hdds/6d5b43b8-50d7-4b60-8424-e359ec6f806a/DS-de6c65e1-f256-4aa9-aea5-56eef38e66b0/container.db for volume DS-de6c65e1-f256-4aa9-aea5-56eef38e66b0
2023-10-17 18:54:33,107 [EndpointStateMachine task thread for /0.0.0.0:15002 - 0 ] INFO  volume.ThrottledAsyncChecker (ThrottledAsyncChecker.java:schedule(141)) - Scheduling a check for /home/runner/work/ozone/ozone/hadoop-ozone/integration-test/target/test-dir/MiniOzoneClusterImpl-6d5b43b8-50d7-4b60-8424-e359ec6f806a/datanode-6/data-0/containers/hdds
2023-10-17 18:54:33,108 [EndpointStateMachine task thread for /0.0.0.0:15002 - 0 ] INFO  volume.StorageVolumeChecker (StorageVolumeChecker.java:checkAllVolumes(213)) - Scheduled health check for volume /home/runner/work/ozone/ozone/hadoop-ozone/integration-test/target/test-dir/MiniOzoneClusterImpl-6d5b43b8-50d7-4b60-8424-e359ec6f806a/datanode-6/data-0/containers/hdds
2023-10-17 18:54:33,112 [EndpointStateMachine task thread for /0.0.0.0:15002 - 0 ] INFO  volume.ThrottledAsyncChecker (ThrottledAsyncChecker.java:schedule(141)) - Scheduling a check for /home/runner/work/ozone/ozone/hadoop-ozone/integration-test/target/test-dir/MiniOzoneClusterImpl-6d5b43b8-50d7-4b60-8424-e359ec6f806a/datanode-6/data/ratis
2023-10-17 18:54:33,112 [EndpointStateMachine task thread for /0.0.0.0:15002 - 0 ] INFO  volume.StorageVolumeChecker (StorageVolumeChecker.java:checkAllVolumes(213)) - Scheduled health check for volume /home/runner/work/ozone/ozone/hadoop-ozone/integration-test/target/test-dir/MiniOzoneClusterImpl-6d5b43b8-50d7-4b60-8424-e359ec6f806a/datanode-6/data/ratis
2023-10-17 18:54:33,113 [EndpointStateMachine task thread for /0.0.0.0:15002 - 0 ] INFO  ozoneimpl.OzoneContainer (OzoneContainer.java:start(431)) - Attempting to start container services.
2023-10-17 18:54:33,113 [EndpointStateMachine task thread for /0.0.0.0:15002 - 0 ] INFO  ozoneimpl.OzoneContainer (OzoneContainer.java:startContainerScrub(327)) - Scheduled background container scanners and the on-demand container scanner have been disabled.
2023-10-17 18:54:33,115 [EndpointStateMachine task thread for /0.0.0.0:15002 - 0 ] INFO  replication.ReplicationServer (ReplicationServer.java:start(134)) - ReplicationServer is started using port 15070
2023-10-17 18:54:33,115 [EndpointStateMachine task thread for /0.0.0.0:15002 - 0 ] INFO  ratis.XceiverServerRatis (XceiverServerRatis.java:start(517)) - Starting XceiverServerRatis 9f5ee6cc-18ea-4245-a4cd-5944efe2ec09
2023-10-17 18:54:33,115 [EndpointStateMachine task thread for /0.0.0.0:15002 - 0 ] INFO  server.RaftServer (RaftServerProxy.java:startImpl(400)) - 9f5ee6cc-18ea-4245-a4cd-5944efe2ec09: start RPC server
2023-10-17 18:54:33,123 [EndpointStateMachine task thread for /0.0.0.0:15002 - 0 ] INFO  server.GrpcService (GrpcService.java:startImpl(302)) - 9f5ee6cc-18ea-4245-a4cd-5944efe2ec09: GrpcService started, listening on 15066
2023-10-17 18:54:33,124 [EndpointStateMachine task thread for /0.0.0.0:15002 - 0 ] INFO  server.GrpcService (GrpcService.java:startImpl(302)) - 9f5ee6cc-18ea-4245-a4cd-5944efe2ec09: GrpcService started, listening on 15068
2023-10-17 18:54:33,126 [EndpointStateMachine task thread for /0.0.0.0:15002 - 0 ] INFO  server.GrpcService (GrpcService.java:startImpl(302)) - 9f5ee6cc-18ea-4245-a4cd-5944efe2ec09: GrpcService started, listening on 15067
2023-10-17 18:54:33,126 [EndpointStateMachine task thread for /0.0.0.0:15002 - 0 ] INFO  ratis.XceiverServerRatis (XceiverServerRatis.java:getRealPort(543)) - XceiverServerRatis 9f5ee6cc-18ea-4245-a4cd-5944efe2ec09 is started using port 15066 for RATIS
2023-10-17 18:54:33,126 [EndpointStateMachine task thread for /0.0.0.0:15002 - 0 ] INFO  ratis.XceiverServerRatis (XceiverServerRatis.java:getRealPort(543)) - XceiverServerRatis 9f5ee6cc-18ea-4245-a4cd-5944efe2ec09 is started using port 15067 for RATIS_ADMIN
2023-10-17 18:54:33,126 [EndpointStateMachine task thread for /0.0.0.0:15002 - 0 ] INFO  ratis.XceiverServerRatis (XceiverServerRatis.java:getRealPort(543)) - XceiverServerRatis 9f5ee6cc-18ea-4245-a4cd-5944efe2ec09 is started using port 15068 for RATIS_SERVER
2023-10-17 18:54:33,126 [EndpointStateMachine task thread for /0.0.0.0:15002 - 0 ] INFO  ratis.XceiverServerRatis (XceiverServerRatis.java:getRealPort(543)) - XceiverServerRatis 9f5ee6cc-18ea-4245-a4cd-5944efe2ec09 is started using port 15069 for RATIS_DATASTREAM
2023-10-17 18:54:33,127 [JvmPauseMonitor8] INFO  util.JvmPauseMonitor (JvmPauseMonitor.java:run(103)) - JvmPauseMonitor-9f5ee6cc-18ea-4245-a4cd-5944efe2ec09: Started
2023-10-17 18:54:33,138 [9f5ee6cc-18ea-4245-a4cd-5944efe2ec09-BlockDeletingService#0] INFO  interfaces.ContainerDeletionChoosingPolicyTemplate (ContainerDeletionChoosingPolicyTemplate.java:chooseContainerForBlockDeletion(85)) - Chosen 0/5000 blocks from 0 candidate containers.
2023-10-17 18:54:33,313 [IPC Server handler 14 on default port 15002] INFO  net.NetworkTopologyImpl (NetworkTopologyImpl.java:add(112)) - Added a new node: /default-rack/effd9d2c-4905-4e44-ade4-aa9f0e9056f9
2023-10-17 18:54:33,313 [IPC Server handler 14 on default port 15002] INFO  node.SCMNodeManager (SCMNodeManager.java:register(405)) - Registered Data node : effd9d2c-4905-4e44-ade4-aa9f0e9056f9{ip: 10.1.0.79, host: fv-az82-357.ou3itxwc2spe5nxnxxppousbrf.dx.internal.cloudapp.net, ports: [HTTP=15027, CLIENT_RPC=15028, REPLICATION=15034, RATIS=15030, RATIS_ADMIN=15031, RATIS_SERVER=15032, RATIS_DATASTREAM=15033, STANDALONE=15029], networkLocation: /default-rack, certSerialId: null, persistedOpState: null, persistedOpStateExpiryEpochSec: 0}
2023-10-17 18:54:33,314 [EventQueue-NewNodeForNewNodeHandler] INFO  pipeline.BackgroundPipelineCreator (BackgroundPipelineCreator.java:notifyEventTriggered(277)) - trigger a one-shot run on RatisPipelineUtilsThread.
2023-10-17 18:54:33,314 [EventQueue-NodeRegistrationContainerReportForDataNodeSafeModeRule] INFO  safemode.SCMSafeModeManager (DataNodeSafeModeRule.java:process(71)) - SCM in safe mode. 3 DataNodes registered, 3 required.
2023-10-17 18:54:33,316 [EventQueue-NodeRegistrationContainerReportForDataNodeSafeModeRule] INFO  safemode.SCMSafeModeManager (SCMSafeModeManager.java:validateSafeModeExitRules(200)) - DataNodeSafeModeRule rule is successfully validated
2023-10-17 18:54:33,316 [EventQueue-NodeRegistrationContainerReportForDataNodeSafeModeRule] INFO  safemode.SCMSafeModeManager (SCMSafeModeManager.java:completePreCheck(229)) - All SCM safe mode pre check rules have passed
2023-10-17 18:54:33,316 [EventQueue-NodeRegistrationContainerReportForDataNodeSafeModeRule] INFO  ha.SCMContext (SCMContext.java:updateSafeModeStatus(230)) - Update SafeModeStatus from SafeModeStatus{safeModeStatus=true, preCheckPassed=false} to SafeModeStatus{safeModeStatus=true, preCheckPassed=true}.
2023-10-17 18:54:33,316 [EventQueue-NodeRegistrationContainerReportForDataNodeSafeModeRule] INFO  pipeline.BackgroundPipelineCreator (BackgroundPipelineCreator.java:notifyEventTriggered(277)) - trigger a one-shot run on RatisPipelineUtilsThread.
2023-10-17 18:54:33,314 [RatisPipelineUtilsThread - 0] INFO  pipeline.RatisPipelineProvider (RatisPipelineProvider.java:lambda$create$0(206)) - Sending CreatePipelineCommand for pipeline:PipelineID=75859af9-3ee6-47e8-8c5d-b242dde98b9c to datanode:effd9d2c-4905-4e44-ade4-aa9f0e9056f9
2023-10-17 18:54:33,317 [RatisPipelineUtilsThread - 0] INFO  pipeline.BackgroundPipelineCreator (BackgroundPipelineCreator.java:createPipelines(233)) - Created new pipeline Pipeline[ Id: 75859af9-3ee6-47e8-8c5d-b242dde98b9c, Nodes: effd9d2c-4905-4e44-ade4-aa9f0e9056f9(fv-az82-357.ou3itxwc2spe5nxnxxppousbrf.dx.internal.cloudapp.net/10.1.0.79), ReplicationConfig: RATIS/ONE, State:ALLOCATED, leaderId:, CreationTimestamp2023-10-17T18:54:33.314Z[Etc/UTC]]
2023-10-17 18:54:33,321 [RatisPipelineUtilsThread - 0] INFO  pipeline.RatisPipelineProvider (RatisPipelineProvider.java:lambda$create$0(206)) - Sending CreatePipelineCommand for pipeline:PipelineID=67d87026-09a9-434e-bf9a-8e1a1391019e to datanode:b5355d07-9284-4381-92f8-11cbf4e568d5
2023-10-17 18:54:33,321 [RatisPipelineUtilsThread - 0] INFO  pipeline.RatisPipelineProvider (RatisPipelineProvider.java:lambda$create$0(206)) - Sending CreatePipelineCommand for pipeline:PipelineID=67d87026-09a9-434e-bf9a-8e1a1391019e to datanode:b2429fc7-5618-4aa2-af46-5079058310ec
2023-10-17 18:54:33,321 [RatisPipelineUtilsThread - 0] INFO  pipeline.RatisPipelineProvider (RatisPipelineProvider.java:lambda$create$0(206)) - Sending CreatePipelineCommand for pipeline:PipelineID=67d87026-09a9-434e-bf9a-8e1a1391019e to datanode:effd9d2c-4905-4e44-ade4-aa9f0e9056f9
2023-10-17 18:54:33,323 [RatisPipelineUtilsThread - 0] INFO  pipeline.BackgroundPipelineCreator (BackgroundPipelineCreator.java:createPipelines(233)) - Created new pipeline Pipeline[ Id: 67d87026-09a9-434e-bf9a-8e1a1391019e, Nodes: b5355d07-9284-4381-92f8-11cbf4e568d5(fv-az82-357.ou3itxwc2spe5nxnxxppousbrf.dx.internal.cloudapp.net/10.1.0.79)b2429fc7-5618-4aa2-af46-5079058310ec(fv-az82-357.ou3itxwc2spe5nxnxxppousbrf.dx.internal.cloudapp.net/10.1.0.79)effd9d2c-4905-4e44-ade4-aa9f0e9056f9(fv-az82-357.ou3itxwc2spe5nxnxxppousbrf.dx.internal.cloudapp.net/10.1.0.79), ReplicationConfig: RATIS/THREE, State:ALLOCATED, leaderId:, CreationTimestamp2023-10-17T18:54:33.321Z[Etc/UTC]]
2023-10-17 18:54:33,324 [RatisPipelineUtilsThread - 0] INFO  pipeline.RatisPipelineProvider (RatisPipelineProvider.java:lambda$create$0(206)) - Sending CreatePipelineCommand for pipeline:PipelineID=ba603908-c414-4a0b-ae62-f6a655d6b0a1 to datanode:b5355d07-9284-4381-92f8-11cbf4e568d5
2023-10-17 18:54:33,324 [RatisPipelineUtilsThread - 0] INFO  pipeline.RatisPipelineProvider (RatisPipelineProvider.java:lambda$create$0(206)) - Sending CreatePipelineCommand for pipeline:PipelineID=ba603908-c414-4a0b-ae62-f6a655d6b0a1 to datanode:effd9d2c-4905-4e44-ade4-aa9f0e9056f9
2023-10-17 18:54:33,324 [RatisPipelineUtilsThread - 0] INFO  pipeline.RatisPipelineProvider (RatisPipelineProvider.java:lambda$create$0(206)) - Sending CreatePipelineCommand for pipeline:PipelineID=ba603908-c414-4a0b-ae62-f6a655d6b0a1 to datanode:b2429fc7-5618-4aa2-af46-5079058310ec
2023-10-17 18:54:33,326 [RatisPipelineUtilsThread - 0] INFO  pipeline.PipelineManagerImpl (PipelineManagerImpl.java:recordMetricsForPipeline(895)) - Pipeline: PipelineID=ba603908-c414-4a0b-ae62-f6a655d6b0a1 contains same datanodes as previous pipelines: PipelineID=67d87026-09a9-434e-bf9a-8e1a1391019e nodeIds: b5355d07-9284-4381-92f8-11cbf4e568d5, effd9d2c-4905-4e44-ade4-aa9f0e9056f9, b2429fc7-5618-4aa2-af46-5079058310ec
2023-10-17 18:54:33,326 [RatisPipelineUtilsThread - 0] INFO  pipeline.BackgroundPipelineCreator (BackgroundPipelineCreator.java:createPipelines(233)) - Created new pipeline Pipeline[ Id: ba603908-c414-4a0b-ae62-f6a655d6b0a1, Nodes: b5355d07-9284-4381-92f8-11cbf4e568d5(fv-az82-357.ou3itxwc2spe5nxnxxppousbrf.dx.internal.cloudapp.net/10.1.0.79)effd9d2c-4905-4e44-ade4-aa9f0e9056f9(fv-az82-357.ou3itxwc2spe5nxnxxppousbrf.dx.internal.cloudapp.net/10.1.0.79)b2429fc7-5618-4aa2-af46-5079058310ec(fv-az82-357.ou3itxwc2spe5nxnxxppousbrf.dx.internal.cloudapp.net/10.1.0.79), ReplicationConfig: RATIS/THREE, State:ALLOCATED, leaderId:, CreationTimestamp2023-10-17T18:54:33.324Z[Etc/UTC]]
2023-10-17 18:54:33,366 [main] INFO  ozone.MiniOzoneClusterImpl (MiniOzoneClusterImpl.java:lambda$waitForClusterToBeReady$0(229)) - Waiting for nodes to be ready. Got 3 of 10 DN Heartbeats.
2023-10-17 18:54:33,368 [main] INFO  ozone.MiniOzoneClusterImpl (MiniOzoneClusterImpl.java:lambda$waitForClusterToBeReady$0(232)) - Waiting for cluster to exit safe mode
2023-10-17 18:54:33,368 [main] INFO  ozone.MiniOzoneClusterImpl (MiniOzoneClusterImpl.java:lambda$waitForClusterToBeReady$0(234)) - SCM became leader
2023-10-17 18:54:33,561 [EndpointStateMachine task thread for /0.0.0.0:15002 - 0 ] INFO  utils.DatanodeStoreCache (DatanodeStoreCache.java:addDB(66)) - Added db /home/runner/work/ozone/ozone/hadoop-ozone/integration-test/target/test-dir/MiniOzoneClusterImpl-6d5b43b8-50d7-4b60-8424-e359ec6f806a/datanode-7/data-0/containers/hdds/6d5b43b8-50d7-4b60-8424-e359ec6f806a/DS-79573c66-8739-40ac-b97e-b7bdc0088919/container.db to cache
2023-10-17 18:54:33,562 [EndpointStateMachine task thread for /0.0.0.0:15002 - 0 ] INFO  volume.HddsVolume (HddsVolume.java:createDbStore(422)) - SchemaV3 db is created and loaded at /home/runner/work/ozone/ozone/hadoop-ozone/integration-test/target/test-dir/MiniOzoneClusterImpl-6d5b43b8-50d7-4b60-8424-e359ec6f806a/datanode-7/data-0/containers/hdds/6d5b43b8-50d7-4b60-8424-e359ec6f806a/DS-79573c66-8739-40ac-b97e-b7bdc0088919/container.db for volume DS-79573c66-8739-40ac-b97e-b7bdc0088919
2023-10-17 18:54:33,563 [EndpointStateMachine task thread for /0.0.0.0:15002 - 0 ] INFO  volume.ThrottledAsyncChecker (ThrottledAsyncChecker.java:schedule(141)) - Scheduling a check for /home/runner/work/ozone/ozone/hadoop-ozone/integration-test/target/test-dir/MiniOzoneClusterImpl-6d5b43b8-50d7-4b60-8424-e359ec6f806a/datanode-7/data-0/containers/hdds
2023-10-17 18:54:33,564 [EndpointStateMachine task thread for /0.0.0.0:15002 - 0 ] INFO  volume.StorageVolumeChecker (StorageVolumeChecker.java:checkAllVolumes(213)) - Scheduled health check for volume /home/runner/work/ozone/ozone/hadoop-ozone/integration-test/target/test-dir/MiniOzoneClusterImpl-6d5b43b8-50d7-4b60-8424-e359ec6f806a/datanode-7/data-0/containers/hdds
2023-10-17 18:54:33,567 [EndpointStateMachine task thread for /0.0.0.0:15002 - 0 ] INFO  volume.ThrottledAsyncChecker (ThrottledAsyncChecker.java:schedule(141)) - Scheduling a check for /home/runner/work/ozone/ozone/hadoop-ozone/integration-test/target/test-dir/MiniOzoneClusterImpl-6d5b43b8-50d7-4b60-8424-e359ec6f806a/datanode-7/data/ratis
2023-10-17 18:54:33,567 [EndpointStateMachine task thread for /0.0.0.0:15002 - 0 ] INFO  volume.StorageVolumeChecker (StorageVolumeChecker.java:checkAllVolumes(213)) - Scheduled health check for volume /home/runner/work/ozone/ozone/hadoop-ozone/integration-test/target/test-dir/MiniOzoneClusterImpl-6d5b43b8-50d7-4b60-8424-e359ec6f806a/datanode-7/data/ratis
2023-10-17 18:54:33,568 [EndpointStateMachine task thread for /0.0.0.0:15002 - 0 ] INFO  ozoneimpl.OzoneContainer (OzoneContainer.java:start(431)) - Attempting to start container services.
2023-10-17 18:54:33,568 [EndpointStateMachine task thread for /0.0.0.0:15002 - 0 ] INFO  ozoneimpl.OzoneContainer (OzoneContainer.java:startContainerScrub(327)) - Scheduled background container scanners and the on-demand container scanner have been disabled.
2023-10-17 18:54:33,569 [EndpointStateMachine task thread for /0.0.0.0:15002 - 0 ] INFO  replication.ReplicationServer (ReplicationServer.java:start(134)) - ReplicationServer is started using port 15079
2023-10-17 18:54:33,569 [EndpointStateMachine task thread for /0.0.0.0:15002 - 0 ] INFO  ratis.XceiverServerRatis (XceiverServerRatis.java:start(517)) - Starting XceiverServerRatis c3f8e5ad-ff25-4bb1-b821-874019ad4281
2023-10-17 18:54:33,570 [EndpointStateMachine task thread for /0.0.0.0:15002 - 0 ] INFO  server.RaftServer (RaftServerProxy.java:startImpl(400)) - c3f8e5ad-ff25-4bb1-b821-874019ad4281: start RPC server
2023-10-17 18:54:33,571 [EndpointStateMachine task thread for /0.0.0.0:15002 - 0 ] INFO  server.GrpcService (GrpcService.java:startImpl(302)) - c3f8e5ad-ff25-4bb1-b821-874019ad4281: GrpcService started, listening on 15075
2023-10-17 18:54:33,572 [EndpointStateMachine task thread for /0.0.0.0:15002 - 0 ] INFO  server.GrpcService (GrpcService.java:startImpl(302)) - c3f8e5ad-ff25-4bb1-b821-874019ad4281: GrpcService started, listening on 15077
2023-10-17 18:54:33,575 [EndpointStateMachine task thread for /0.0.0.0:15002 - 0 ] INFO  server.GrpcService (GrpcService.java:startImpl(302)) - c3f8e5ad-ff25-4bb1-b821-874019ad4281: GrpcService started, listening on 15076
2023-10-17 18:54:33,576 [JvmPauseMonitor9] INFO  util.JvmPauseMonitor (JvmPauseMonitor.java:run(103)) - JvmPauseMonitor-c3f8e5ad-ff25-4bb1-b821-874019ad4281: Started
2023-10-17 18:54:33,576 [EndpointStateMachine task thread for /0.0.0.0:15002 - 0 ] INFO  ratis.XceiverServerRatis (XceiverServerRatis.java:getRealPort(543)) - XceiverServerRatis c3f8e5ad-ff25-4bb1-b821-874019ad4281 is started using port 15075 for RATIS
2023-10-17 18:54:33,576 [EndpointStateMachine task thread for /0.0.0.0:15002 - 0 ] INFO  ratis.XceiverServerRatis (XceiverServerRatis.java:getRealPort(543)) - XceiverServerRatis c3f8e5ad-ff25-4bb1-b821-874019ad4281 is started using port 15076 for RATIS_ADMIN
2023-10-17 18:54:33,576 [EndpointStateMachine task thread for /0.0.0.0:15002 - 0 ] INFO  ratis.XceiverServerRatis (XceiverServerRatis.java:getRealPort(543)) - XceiverServerRatis c3f8e5ad-ff25-4bb1-b821-874019ad4281 is started using port 15077 for RATIS_SERVER
2023-10-17 18:54:33,576 [EndpointStateMachine task thread for /0.0.0.0:15002 - 0 ] INFO  ratis.XceiverServerRatis (XceiverServerRatis.java:getRealPort(543)) - XceiverServerRatis c3f8e5ad-ff25-4bb1-b821-874019ad4281 is started using port 15078 for RATIS_DATASTREAM
2023-10-17 18:54:33,582 [c3f8e5ad-ff25-4bb1-b821-874019ad4281-BlockDeletingService#0] INFO  interfaces.ContainerDeletionChoosingPolicyTemplate (ContainerDeletionChoosingPolicyTemplate.java:chooseContainerForBlockDeletion(85)) - Chosen 0/5000 blocks from 0 candidate containers.
2023-10-17 18:54:33,663 [IPC Server handler 15 on default port 15002] INFO  net.NetworkTopologyImpl (NetworkTopologyImpl.java:add(112)) - Added a new node: /default-rack/a546daa4-0106-41e2-a933-0105fc903a66
2023-10-17 18:54:33,663 [IPC Server handler 15 on default port 15002] INFO  node.SCMNodeManager (SCMNodeManager.java:register(405)) - Registered Data node : a546daa4-0106-41e2-a933-0105fc903a66{ip: 10.1.0.79, host: fv-az82-357.ou3itxwc2spe5nxnxxppousbrf.dx.internal.cloudapp.net, ports: [HTTP=15036, CLIENT_RPC=15037, REPLICATION=15043, RATIS=15039, RATIS_ADMIN=15040, RATIS_SERVER=15041, RATIS_DATASTREAM=15042, STANDALONE=15038], networkLocation: /default-rack, certSerialId: null, persistedOpState: null, persistedOpStateExpiryEpochSec: 0}
2023-10-17 18:54:33,663 [EventQueue-NewNodeForNewNodeHandler] INFO  pipeline.BackgroundPipelineCreator (BackgroundPipelineCreator.java:notifyEventTriggered(277)) - trigger a one-shot run on RatisPipelineUtilsThread.
2023-10-17 18:54:33,664 [RatisPipelineUtilsThread - 0] INFO  pipeline.RatisPipelineProvider (RatisPipelineProvider.java:lambda$create$0(206)) - Sending CreatePipelineCommand for pipeline:PipelineID=cf9537a1-5336-475d-bbe1-1cc4e4ba78b0 to datanode:a546daa4-0106-41e2-a933-0105fc903a66
2023-10-17 18:54:33,667 [RatisPipelineUtilsThread - 0] INFO  pipeline.BackgroundPipelineCreator (BackgroundPipelineCreator.java:createPipelines(233)) - Created new pipeline Pipeline[ Id: cf9537a1-5336-475d-bbe1-1cc4e4ba78b0, Nodes: a546daa4-0106-41e2-a933-0105fc903a66(fv-az82-357.ou3itxwc2spe5nxnxxppousbrf.dx.internal.cloudapp.net/10.1.0.79), ReplicationConfig: RATIS/ONE, State:ALLOCATED, leaderId:, CreationTimestamp2023-10-17T18:54:33.664Z[Etc/UTC]]
2023-10-17 18:54:33,965 [EndpointStateMachine task thread for /0.0.0.0:15002 - 0 ] INFO  utils.DatanodeStoreCache (DatanodeStoreCache.java:addDB(66)) - Added db /home/runner/work/ozone/ozone/hadoop-ozone/integration-test/target/test-dir/MiniOzoneClusterImpl-6d5b43b8-50d7-4b60-8424-e359ec6f806a/datanode-8/data-0/containers/hdds/6d5b43b8-50d7-4b60-8424-e359ec6f806a/DS-e9208cf9-57d8-4536-a724-9159e1744192/container.db to cache
2023-10-17 18:54:33,966 [EndpointStateMachine task thread for /0.0.0.0:15002 - 0 ] INFO  volume.HddsVolume (HddsVolume.java:createDbStore(422)) - SchemaV3 db is created and loaded at /home/runner/work/ozone/ozone/hadoop-ozone/integration-test/target/test-dir/MiniOzoneClusterImpl-6d5b43b8-50d7-4b60-8424-e359ec6f806a/datanode-8/data-0/containers/hdds/6d5b43b8-50d7-4b60-8424-e359ec6f806a/DS-e9208cf9-57d8-4536-a724-9159e1744192/container.db for volume DS-e9208cf9-57d8-4536-a724-9159e1744192
2023-10-17 18:54:33,968 [EndpointStateMachine task thread for /0.0.0.0:15002 - 0 ] INFO  volume.ThrottledAsyncChecker (ThrottledAsyncChecker.java:schedule(141)) - Scheduling a check for /home/runner/work/ozone/ozone/hadoop-ozone/integration-test/target/test-dir/MiniOzoneClusterImpl-6d5b43b8-50d7-4b60-8424-e359ec6f806a/datanode-8/data-0/containers/hdds
2023-10-17 18:54:33,969 [EndpointStateMachine task thread for /0.0.0.0:15002 - 0 ] INFO  volume.StorageVolumeChecker (StorageVolumeChecker.java:checkAllVolumes(213)) - Scheduled health check for volume /home/runner/work/ozone/ozone/hadoop-ozone/integration-test/target/test-dir/MiniOzoneClusterImpl-6d5b43b8-50d7-4b60-8424-e359ec6f806a/datanode-8/data-0/containers/hdds
2023-10-17 18:54:33,972 [EndpointStateMachine task thread for /0.0.0.0:15002 - 0 ] INFO  volume.ThrottledAsyncChecker (ThrottledAsyncChecker.java:schedule(141)) - Scheduling a check for /home/runner/work/ozone/ozone/hadoop-ozone/integration-test/target/test-dir/MiniOzoneClusterImpl-6d5b43b8-50d7-4b60-8424-e359ec6f806a/datanode-8/data/ratis
2023-10-17 18:54:33,972 [EndpointStateMachine task thread for /0.0.0.0:15002 - 0 ] INFO  volume.StorageVolumeChecker (StorageVolumeChecker.java:checkAllVolumes(213)) - Scheduled health check for volume /home/runner/work/ozone/ozone/hadoop-ozone/integration-test/target/test-dir/MiniOzoneClusterImpl-6d5b43b8-50d7-4b60-8424-e359ec6f806a/datanode-8/data/ratis
2023-10-17 18:54:33,974 [EndpointStateMachine task thread for /0.0.0.0:15002 - 0 ] INFO  ozoneimpl.OzoneContainer (OzoneContainer.java:start(431)) - Attempting to start container services.
2023-10-17 18:54:33,974 [EndpointStateMachine task thread for /0.0.0.0:15002 - 0 ] INFO  ozoneimpl.OzoneContainer (OzoneContainer.java:startContainerScrub(327)) - Scheduled background container scanners and the on-demand container scanner have been disabled.
2023-10-17 18:54:33,979 [EndpointStateMachine task thread for /0.0.0.0:15002 - 0 ] INFO  replication.ReplicationServer (ReplicationServer.java:start(134)) - ReplicationServer is started using port 15088
2023-10-17 18:54:33,979 [EndpointStateMachine task thread for /0.0.0.0:15002 - 0 ] INFO  ratis.XceiverServerRatis (XceiverServerRatis.java:start(517)) - Starting XceiverServerRatis 7a0123dc-2631-482f-afc4-3bb35f550263
2023-10-17 18:54:33,979 [EndpointStateMachine task thread for /0.0.0.0:15002 - 0 ] INFO  server.RaftServer (RaftServerProxy.java:startImpl(400)) - 7a0123dc-2631-482f-afc4-3bb35f550263: start RPC server
2023-10-17 18:54:33,980 [EndpointStateMachine task thread for /0.0.0.0:15002 - 0 ] INFO  server.GrpcService (GrpcService.java:startImpl(302)) - 7a0123dc-2631-482f-afc4-3bb35f550263: GrpcService started, listening on 15084
2023-10-17 18:54:33,981 [EndpointStateMachine task thread for /0.0.0.0:15002 - 0 ] INFO  server.GrpcService (GrpcService.java:startImpl(302)) - 7a0123dc-2631-482f-afc4-3bb35f550263: GrpcService started, listening on 15086
2023-10-17 18:54:33,981 [EndpointStateMachine task thread for /0.0.0.0:15002 - 0 ] INFO  server.GrpcService (GrpcService.java:startImpl(302)) - 7a0123dc-2631-482f-afc4-3bb35f550263: GrpcService started, listening on 15085
2023-10-17 18:54:33,983 [EndpointStateMachine task thread for /0.0.0.0:15002 - 0 ] INFO  ratis.XceiverServerRatis (XceiverServerRatis.java:getRealPort(543)) - XceiverServerRatis 7a0123dc-2631-482f-afc4-3bb35f550263 is started using port 15084 for RATIS
2023-10-17 18:54:33,983 [EndpointStateMachine task thread for /0.0.0.0:15002 - 0 ] INFO  ratis.XceiverServerRatis (XceiverServerRatis.java:getRealPort(543)) - XceiverServerRatis 7a0123dc-2631-482f-afc4-3bb35f550263 is started using port 15085 for RATIS_ADMIN
2023-10-17 18:54:33,983 [EndpointStateMachine task thread for /0.0.0.0:15002 - 0 ] INFO  ratis.XceiverServerRatis (XceiverServerRatis.java:getRealPort(543)) - XceiverServerRatis 7a0123dc-2631-482f-afc4-3bb35f550263 is started using port 15086 for RATIS_SERVER
2023-10-17 18:54:33,983 [EndpointStateMachine task thread for /0.0.0.0:15002 - 0 ] INFO  ratis.XceiverServerRatis (XceiverServerRatis.java:getRealPort(543)) - XceiverServerRatis 7a0123dc-2631-482f-afc4-3bb35f550263 is started using port 15087 for RATIS_DATASTREAM
2023-10-17 18:54:33,983 [JvmPauseMonitor10] INFO  util.JvmPauseMonitor (JvmPauseMonitor.java:run(103)) - JvmPauseMonitor-7a0123dc-2631-482f-afc4-3bb35f550263: Started
2023-10-17 18:54:33,990 [7a0123dc-2631-482f-afc4-3bb35f550263-BlockDeletingService#0] INFO  interfaces.ContainerDeletionChoosingPolicyTemplate (ContainerDeletionChoosingPolicyTemplate.java:chooseContainerForBlockDeletion(85)) - Chosen 0/5000 blocks from 0 candidate containers.
2023-10-17 18:54:34,015 [IPC Server handler 10 on default port 15002] INFO  net.NetworkTopologyImpl (NetworkTopologyImpl.java:add(112)) - Added a new node: /default-rack/a9a64069-5644-4cd4-ae1b-13efe84d56e4
2023-10-17 18:54:34,016 [IPC Server handler 10 on default port 15002] INFO  node.SCMNodeManager (SCMNodeManager.java:register(405)) - Registered Data node : a9a64069-5644-4cd4-ae1b-13efe84d56e4{ip: 10.1.0.79, host: fv-az82-357.ou3itxwc2spe5nxnxxppousbrf.dx.internal.cloudapp.net, ports: [HTTP=15045, CLIENT_RPC=15046, REPLICATION=15052, RATIS=15048, RATIS_ADMIN=15049, RATIS_SERVER=15050, RATIS_DATASTREAM=15051, STANDALONE=15047], networkLocation: /default-rack, certSerialId: null, persistedOpState: null, persistedOpStateExpiryEpochSec: 0}
2023-10-17 18:54:34,016 [EventQueue-NewNodeForNewNodeHandler] INFO  pipeline.BackgroundPipelineCreator (BackgroundPipelineCreator.java:notifyEventTriggered(277)) - trigger a one-shot run on RatisPipelineUtilsThread.
2023-10-17 18:54:34,017 [RatisPipelineUtilsThread - 0] INFO  pipeline.RatisPipelineProvider (RatisPipelineProvider.java:lambda$create$0(206)) - Sending CreatePipelineCommand for pipeline:PipelineID=bdc6707d-58fd-4d5c-8f16-d8a691f950b7 to datanode:a9a64069-5644-4cd4-ae1b-13efe84d56e4
2023-10-17 18:54:34,020 [RatisPipelineUtilsThread - 0] INFO  pipeline.BackgroundPipelineCreator (BackgroundPipelineCreator.java:createPipelines(233)) - Created new pipeline Pipeline[ Id: bdc6707d-58fd-4d5c-8f16-d8a691f950b7, Nodes: a9a64069-5644-4cd4-ae1b-13efe84d56e4(fv-az82-357.ou3itxwc2spe5nxnxxppousbrf.dx.internal.cloudapp.net/10.1.0.79), ReplicationConfig: RATIS/ONE, State:ALLOCATED, leaderId:, CreationTimestamp2023-10-17T18:54:34.017Z[Etc/UTC]]
2023-10-17 18:54:34,368 [main] INFO  ozone.MiniOzoneClusterImpl (MiniOzoneClusterImpl.java:lambda$waitForClusterToBeReady$0(229)) - Waiting for nodes to be ready. Got 5 of 10 DN Heartbeats.
2023-10-17 18:54:34,368 [main] INFO  ozone.MiniOzoneClusterImpl (MiniOzoneClusterImpl.java:lambda$waitForClusterToBeReady$0(232)) - Waiting for cluster to exit safe mode
2023-10-17 18:54:34,368 [main] INFO  ozone.MiniOzoneClusterImpl (MiniOzoneClusterImpl.java:lambda$waitForClusterToBeReady$0(234)) - SCM became leader
2023-10-17 18:54:34,415 [EndpointStateMachine task thread for /0.0.0.0:15002 - 0 ] INFO  utils.DatanodeStoreCache (DatanodeStoreCache.java:addDB(66)) - Added db /home/runner/work/ozone/ozone/hadoop-ozone/integration-test/target/test-dir/MiniOzoneClusterImpl-6d5b43b8-50d7-4b60-8424-e359ec6f806a/datanode-9/data-0/containers/hdds/6d5b43b8-50d7-4b60-8424-e359ec6f806a/DS-66fb007b-f53c-41b3-ad23-2bb88025147e/container.db to cache
2023-10-17 18:54:34,416 [EndpointStateMachine task thread for /0.0.0.0:15002 - 0 ] INFO  volume.HddsVolume (HddsVolume.java:createDbStore(422)) - SchemaV3 db is created and loaded at /home/runner/work/ozone/ozone/hadoop-ozone/integration-test/target/test-dir/MiniOzoneClusterImpl-6d5b43b8-50d7-4b60-8424-e359ec6f806a/datanode-9/data-0/containers/hdds/6d5b43b8-50d7-4b60-8424-e359ec6f806a/DS-66fb007b-f53c-41b3-ad23-2bb88025147e/container.db for volume DS-66fb007b-f53c-41b3-ad23-2bb88025147e
2023-10-17 18:54:34,418 [EndpointStateMachine task thread for /0.0.0.0:15002 - 0 ] INFO  volume.ThrottledAsyncChecker (ThrottledAsyncChecker.java:schedule(141)) - Scheduling a check for /home/runner/work/ozone/ozone/hadoop-ozone/integration-test/target/test-dir/MiniOzoneClusterImpl-6d5b43b8-50d7-4b60-8424-e359ec6f806a/datanode-9/data-0/containers/hdds
2023-10-17 18:54:34,425 [EndpointStateMachine task thread for /0.0.0.0:15002 - 0 ] INFO  volume.StorageVolumeChecker (StorageVolumeChecker.java:checkAllVolumes(213)) - Scheduled health check for volume /home/runner/work/ozone/ozone/hadoop-ozone/integration-test/target/test-dir/MiniOzoneClusterImpl-6d5b43b8-50d7-4b60-8424-e359ec6f806a/datanode-9/data-0/containers/hdds
2023-10-17 18:54:34,430 [EndpointStateMachine task thread for /0.0.0.0:15002 - 0 ] INFO  volume.ThrottledAsyncChecker (ThrottledAsyncChecker.java:schedule(141)) - Scheduling a check for /home/runner/work/ozone/ozone/hadoop-ozone/integration-test/target/test-dir/MiniOzoneClusterImpl-6d5b43b8-50d7-4b60-8424-e359ec6f806a/datanode-9/data/ratis
2023-10-17 18:54:34,430 [EndpointStateMachine task thread for /0.0.0.0:15002 - 0 ] INFO  volume.StorageVolumeChecker (StorageVolumeChecker.java:checkAllVolumes(213)) - Scheduled health check for volume /home/runner/work/ozone/ozone/hadoop-ozone/integration-test/target/test-dir/MiniOzoneClusterImpl-6d5b43b8-50d7-4b60-8424-e359ec6f806a/datanode-9/data/ratis
2023-10-17 18:54:34,434 [EndpointStateMachine task thread for /0.0.0.0:15002 - 0 ] INFO  ozoneimpl.OzoneContainer (OzoneContainer.java:start(431)) - Attempting to start container services.
2023-10-17 18:54:34,434 [EndpointStateMachine task thread for /0.0.0.0:15002 - 0 ] INFO  ozoneimpl.OzoneContainer (OzoneContainer.java:startContainerScrub(327)) - Scheduled background container scanners and the on-demand container scanner have been disabled.
2023-10-17 18:54:34,434 [EndpointStateMachine task thread for /0.0.0.0:15002 - 0 ] INFO  replication.ReplicationServer (ReplicationServer.java:start(134)) - ReplicationServer is started using port 15097
2023-10-17 18:54:34,434 [EndpointStateMachine task thread for /0.0.0.0:15002 - 0 ] INFO  ratis.XceiverServerRatis (XceiverServerRatis.java:start(517)) - Starting XceiverServerRatis b02d6f66-d0eb-48ed-9f4c-37a8796232ac
2023-10-17 18:54:34,438 [EndpointStateMachine task thread for /0.0.0.0:15002 - 0 ] INFO  server.RaftServer (RaftServerProxy.java:startImpl(400)) - b02d6f66-d0eb-48ed-9f4c-37a8796232ac: start RPC server
2023-10-17 18:54:34,439 [EndpointStateMachine task thread for /0.0.0.0:15002 - 0 ] INFO  server.GrpcService (GrpcService.java:startImpl(302)) - b02d6f66-d0eb-48ed-9f4c-37a8796232ac: GrpcService started, listening on 15093
2023-10-17 18:54:34,440 [EndpointStateMachine task thread for /0.0.0.0:15002 - 0 ] INFO  server.GrpcService (GrpcService.java:startImpl(302)) - b02d6f66-d0eb-48ed-9f4c-37a8796232ac: GrpcService started, listening on 15095
2023-10-17 18:54:34,441 [EndpointStateMachine task thread for /0.0.0.0:15002 - 0 ] INFO  server.GrpcService (GrpcService.java:startImpl(302)) - b02d6f66-d0eb-48ed-9f4c-37a8796232ac: GrpcService started, listening on 15094
2023-10-17 18:54:34,444 [EndpointStateMachine task thread for /0.0.0.0:15002 - 0 ] INFO  ratis.XceiverServerRatis (XceiverServerRatis.java:getRealPort(543)) - XceiverServerRatis b02d6f66-d0eb-48ed-9f4c-37a8796232ac is started using port 15093 for RATIS
2023-10-17 18:54:34,444 [EndpointStateMachine task thread for /0.0.0.0:15002 - 0 ] INFO  ratis.XceiverServerRatis (XceiverServerRatis.java:getRealPort(543)) - XceiverServerRatis b02d6f66-d0eb-48ed-9f4c-37a8796232ac is started using port 15094 for RATIS_ADMIN
2023-10-17 18:54:34,444 [EndpointStateMachine task thread for /0.0.0.0:15002 - 0 ] INFO  ratis.XceiverServerRatis (XceiverServerRatis.java:getRealPort(543)) - XceiverServerRatis b02d6f66-d0eb-48ed-9f4c-37a8796232ac is started using port 15095 for RATIS_SERVER
2023-10-17 18:54:34,444 [EndpointStateMachine task thread for /0.0.0.0:15002 - 0 ] INFO  ratis.XceiverServerRatis (XceiverServerRatis.java:getRealPort(543)) - XceiverServerRatis b02d6f66-d0eb-48ed-9f4c-37a8796232ac is started using port 15096 for RATIS_DATASTREAM
2023-10-17 18:54:34,446 [JvmPauseMonitor11] INFO  util.JvmPauseMonitor (JvmPauseMonitor.java:run(103)) - JvmPauseMonitor-b02d6f66-d0eb-48ed-9f4c-37a8796232ac: Started
2023-10-17 18:54:34,450 [b02d6f66-d0eb-48ed-9f4c-37a8796232ac-BlockDeletingService#0] INFO  interfaces.ContainerDeletionChoosingPolicyTemplate (ContainerDeletionChoosingPolicyTemplate.java:chooseContainerForBlockDeletion(85)) - Chosen 0/5000 blocks from 0 candidate containers.
2023-10-17 18:54:34,470 [IPC Server handler 17 on default port 15002] INFO  net.NetworkTopologyImpl (NetworkTopologyImpl.java:add(112)) - Added a new node: /default-rack/d11f4703-3fdf-44d6-a0a1-43cd820167cb
2023-10-17 18:54:34,470 [IPC Server handler 17 on default port 15002] INFO  node.SCMNodeManager (SCMNodeManager.java:register(405)) - Registered Data node : d11f4703-3fdf-44d6-a0a1-43cd820167cb{ip: 10.1.0.79, host: fv-az82-357.ou3itxwc2spe5nxnxxppousbrf.dx.internal.cloudapp.net, ports: [HTTP=15054, CLIENT_RPC=15055, REPLICATION=15061, RATIS=15057, RATIS_ADMIN=15058, RATIS_SERVER=15059, RATIS_DATASTREAM=15060, STANDALONE=15056], networkLocation: /default-rack, certSerialId: null, persistedOpState: null, persistedOpStateExpiryEpochSec: 0}
2023-10-17 18:54:34,471 [EventQueue-NewNodeForNewNodeHandler] INFO  pipeline.BackgroundPipelineCreator (BackgroundPipelineCreator.java:notifyEventTriggered(277)) - trigger a one-shot run on RatisPipelineUtilsThread.
2023-10-17 18:54:34,472 [RatisPipelineUtilsThread - 0] INFO  pipeline.RatisPipelineProvider (RatisPipelineProvider.java:lambda$create$0(206)) - Sending CreatePipelineCommand for pipeline:PipelineID=b3bf6729-adf5-48ea-b99f-088a80db8ead to datanode:d11f4703-3fdf-44d6-a0a1-43cd820167cb
2023-10-17 18:54:34,484 [RatisPipelineUtilsThread - 0] INFO  pipeline.BackgroundPipelineCreator (BackgroundPipelineCreator.java:createPipelines(233)) - Created new pipeline Pipeline[ Id: b3bf6729-adf5-48ea-b99f-088a80db8ead, Nodes: d11f4703-3fdf-44d6-a0a1-43cd820167cb(fv-az82-357.ou3itxwc2spe5nxnxxppousbrf.dx.internal.cloudapp.net/10.1.0.79), ReplicationConfig: RATIS/ONE, State:ALLOCATED, leaderId:, CreationTimestamp2023-10-17T18:54:34.472Z[Etc/UTC]]
2023-10-17 18:54:34,485 [RatisPipelineUtilsThread - 0] INFO  pipeline.RatisPipelineProvider (RatisPipelineProvider.java:lambda$create$0(206)) - Sending CreatePipelineCommand for pipeline:PipelineID=b3266b27-e771-4780-a9e7-8ebae61b3d33 to datanode:a9a64069-5644-4cd4-ae1b-13efe84d56e4
2023-10-17 18:54:34,485 [RatisPipelineUtilsThread - 0] INFO  pipeline.RatisPipelineProvider (RatisPipelineProvider.java:lambda$create$0(206)) - Sending CreatePipelineCommand for pipeline:PipelineID=b3266b27-e771-4780-a9e7-8ebae61b3d33 to datanode:a546daa4-0106-41e2-a933-0105fc903a66
2023-10-17 18:54:34,485 [RatisPipelineUtilsThread - 0] INFO  pipeline.RatisPipelineProvider (RatisPipelineProvider.java:lambda$create$0(206)) - Sending CreatePipelineCommand for pipeline:PipelineID=b3266b27-e771-4780-a9e7-8ebae61b3d33 to datanode:d11f4703-3fdf-44d6-a0a1-43cd820167cb
2023-10-17 18:54:34,486 [RatisPipelineUtilsThread - 0] INFO  pipeline.BackgroundPipelineCreator (BackgroundPipelineCreator.java:createPipelines(233)) - Created new pipeline Pipeline[ Id: b3266b27-e771-4780-a9e7-8ebae61b3d33, Nodes: a9a64069-5644-4cd4-ae1b-13efe84d56e4(fv-az82-357.ou3itxwc2spe5nxnxxppousbrf.dx.internal.cloudapp.net/10.1.0.79)a546daa4-0106-41e2-a933-0105fc903a66(fv-az82-357.ou3itxwc2spe5nxnxxppousbrf.dx.internal.cloudapp.net/10.1.0.79)d11f4703-3fdf-44d6-a0a1-43cd820167cb(fv-az82-357.ou3itxwc2spe5nxnxxppousbrf.dx.internal.cloudapp.net/10.1.0.79), ReplicationConfig: RATIS/THREE, State:ALLOCATED, leaderId:, CreationTimestamp2023-10-17T18:54:34.485Z[Etc/UTC]]
2023-10-17 18:54:34,488 [RatisPipelineUtilsThread - 0] INFO  pipeline.RatisPipelineProvider (RatisPipelineProvider.java:lambda$create$0(206)) - Sending CreatePipelineCommand for pipeline:PipelineID=4a5d2cf1-d5b8-4acc-8b67-56420a7c215a to datanode:a546daa4-0106-41e2-a933-0105fc903a66
2023-10-17 18:54:34,489 [RatisPipelineUtilsThread - 0] INFO  pipeline.RatisPipelineProvider (RatisPipelineProvider.java:lambda$create$0(206)) - Sending CreatePipelineCommand for pipeline:PipelineID=4a5d2cf1-d5b8-4acc-8b67-56420a7c215a to datanode:d11f4703-3fdf-44d6-a0a1-43cd820167cb
2023-10-17 18:54:34,489 [RatisPipelineUtilsThread - 0] INFO  pipeline.RatisPipelineProvider (RatisPipelineProvider.java:lambda$create$0(206)) - Sending CreatePipelineCommand for pipeline:PipelineID=4a5d2cf1-d5b8-4acc-8b67-56420a7c215a to datanode:a9a64069-5644-4cd4-ae1b-13efe84d56e4
2023-10-17 18:54:34,490 [RatisPipelineUtilsThread - 0] INFO  pipeline.PipelineManagerImpl (PipelineManagerImpl.java:recordMetricsForPipeline(895)) - Pipeline: PipelineID=4a5d2cf1-d5b8-4acc-8b67-56420a7c215a contains same datanodes as previous pipelines: PipelineID=b3266b27-e771-4780-a9e7-8ebae61b3d33 nodeIds: a546daa4-0106-41e2-a933-0105fc903a66, d11f4703-3fdf-44d6-a0a1-43cd820167cb, a9a64069-5644-4cd4-ae1b-13efe84d56e4
2023-10-17 18:54:34,490 [RatisPipelineUtilsThread - 0] INFO  pipeline.BackgroundPipelineCreator (BackgroundPipelineCreator.java:createPipelines(233)) - Created new pipeline Pipeline[ Id: 4a5d2cf1-d5b8-4acc-8b67-56420a7c215a, Nodes: a546daa4-0106-41e2-a933-0105fc903a66(fv-az82-357.ou3itxwc2spe5nxnxxppousbrf.dx.internal.cloudapp.net/10.1.0.79)d11f4703-3fdf-44d6-a0a1-43cd820167cb(fv-az82-357.ou3itxwc2spe5nxnxxppousbrf.dx.internal.cloudapp.net/10.1.0.79)a9a64069-5644-4cd4-ae1b-13efe84d56e4(fv-az82-357.ou3itxwc2spe5nxnxxppousbrf.dx.internal.cloudapp.net/10.1.0.79), ReplicationConfig: RATIS/THREE, State:ALLOCATED, leaderId:, CreationTimestamp2023-10-17T18:54:34.488Z[Etc/UTC]]
2023-10-17 18:54:35,059 [IPC Server handler 14 on default port 15002] INFO  net.NetworkTopologyImpl (NetworkTopologyImpl.java:add(112)) - Added a new node: /default-rack/9f5ee6cc-18ea-4245-a4cd-5944efe2ec09
2023-10-17 18:54:35,060 [IPC Server handler 14 on default port 15002] INFO  node.SCMNodeManager (SCMNodeManager.java:register(405)) - Registered Data node : 9f5ee6cc-18ea-4245-a4cd-5944efe2ec09{ip: 10.1.0.79, host: fv-az82-357.ou3itxwc2spe5nxnxxppousbrf.dx.internal.cloudapp.net, ports: [HTTP=15063, CLIENT_RPC=15064, REPLICATION=15070, RATIS=15066, RATIS_ADMIN=15067, RATIS_SERVER=15068, RATIS_DATASTREAM=15069, STANDALONE=15065], networkLocation: /default-rack, certSerialId: null, persistedOpState: null, persistedOpStateExpiryEpochSec: 0}
2023-10-17 18:54:35,061 [EventQueue-NewNodeForNewNodeHandler] INFO  pipeline.BackgroundPipelineCreator (BackgroundPipelineCreator.java:notifyEventTriggered(277)) - trigger a one-shot run on RatisPipelineUtilsThread.
2023-10-17 18:54:35,063 [RatisPipelineUtilsThread - 0] INFO  pipeline.RatisPipelineProvider (RatisPipelineProvider.java:lambda$create$0(206)) - Sending CreatePipelineCommand for pipeline:PipelineID=310e0d4e-5cf7-4a40-9a16-6db83c75c4ff to datanode:9f5ee6cc-18ea-4245-a4cd-5944efe2ec09
2023-10-17 18:54:35,065 [RatisPipelineUtilsThread - 0] INFO  pipeline.BackgroundPipelineCreator (BackgroundPipelineCreator.java:createPipelines(233)) - Created new pipeline Pipeline[ Id: 310e0d4e-5cf7-4a40-9a16-6db83c75c4ff, Nodes: 9f5ee6cc-18ea-4245-a4cd-5944efe2ec09(fv-az82-357.ou3itxwc2spe5nxnxxppousbrf.dx.internal.cloudapp.net/10.1.0.79), ReplicationConfig: RATIS/ONE, State:ALLOCATED, leaderId:, CreationTimestamp2023-10-17T18:54:35.063Z[Etc/UTC]]
2023-10-17 18:54:35,369 [main] INFO  ozone.MiniOzoneClusterImpl (MiniOzoneClusterImpl.java:lambda$waitForClusterToBeReady$0(229)) - Waiting for nodes to be ready. Got 7 of 10 DN Heartbeats.
2023-10-17 18:54:35,369 [main] INFO  ozone.MiniOzoneClusterImpl (MiniOzoneClusterImpl.java:lambda$waitForClusterToBeReady$0(232)) - Waiting for cluster to exit safe mode
2023-10-17 18:54:35,369 [main] INFO  ozone.MiniOzoneClusterImpl (MiniOzoneClusterImpl.java:lambda$waitForClusterToBeReady$0(234)) - SCM became leader
2023-10-17 18:54:35,431 [PipelineCommandHandlerThread-0] INFO  server.RaftServer (RaftServerProxy.java:addNew(98)) - b2429fc7-5618-4aa2-af46-5079058310ec: addNew group-2612A50A37EA:[b2429fc7-5618-4aa2-af46-5079058310ec|rpc:10.1.0.79:15014|admin:10.1.0.79:15013|client:10.1.0.79:15012|dataStream:10.1.0.79:15015|priority:1|startupRole:FOLLOWER] returns group-2612A50A37EA:java.util.concurrent.CompletableFuture@191a52c8[Not completed]
2023-10-17 18:54:35,440 [b2429fc7-5618-4aa2-af46-5079058310ec-groupManagement] INFO  server.RaftServer$Division (RaftServerImpl.java:<init>(198)) - b2429fc7-5618-4aa2-af46-5079058310ec: new RaftServerImpl for group-2612A50A37EA:[b2429fc7-5618-4aa2-af46-5079058310ec|rpc:10.1.0.79:15014|admin:10.1.0.79:15013|client:10.1.0.79:15012|dataStream:10.1.0.79:15015|priority:1|startupRole:FOLLOWER] with ContainerStateMachine:uninitialized
2023-10-17 18:54:35,440 [b2429fc7-5618-4aa2-af46-5079058310ec-groupManagement] INFO  server.RaftServerConfigKeys (ConfUtils.java:logGet(46)) - raft.server.rpc.timeout.min = 5s (custom)
2023-10-17 18:54:35,440 [b2429fc7-5618-4aa2-af46-5079058310ec-groupManagement] INFO  server.RaftServerConfigKeys (ConfUtils.java:logGet(46)) - raft.server.rpc.timeout.max = 5200ms (custom)
2023-10-17 18:54:35,441 [b2429fc7-5618-4aa2-af46-5079058310ec-groupManagement] INFO  server.RaftServerConfigKeys (ConfUtils.java:logGet(46)) - raft.server.rpc.sleep.time = 25ms (default)
2023-10-17 18:54:35,441 [b2429fc7-5618-4aa2-af46-5079058310ec-groupManagement] INFO  server.RaftServerConfigKeys (ConfUtils.java:logGet(46)) - raft.server.rpc.slowness.timeout = 300s (custom)
2023-10-17 18:54:35,441 [b2429fc7-5618-4aa2-af46-5079058310ec-groupManagement] INFO  server.RaftServerConfigKeys (ConfUtils.java:logGet(46)) - raft.server.leaderelection.leader.step-down.wait-time = 10s (default)
2023-10-17 18:54:35,441 [b2429fc7-5618-4aa2-af46-5079058310ec-groupManagement] INFO  server.RaftServerConfigKeys (ConfUtils.java:logGet(46)) - raft.server.sleep.deviation.threshold = 300ms (default)
2023-10-17 18:54:35,441 [b2429fc7-5618-4aa2-af46-5079058310ec-groupManagement] INFO  server.RaftServer$Division (ServerState.java:<init>(120)) - b2429fc7-5618-4aa2-af46-5079058310ec@group-2612A50A37EA: ConfigurationManager, init=-1: peers:[b2429fc7-5618-4aa2-af46-5079058310ec|rpc:10.1.0.79:15014|admin:10.1.0.79:15013|client:10.1.0.79:15012|dataStream:10.1.0.79:15015|priority:1|startupRole:FOLLOWER]|listeners:[], old=null, confs=<EMPTY_MAP>
2023-10-17 18:54:35,441 [b2429fc7-5618-4aa2-af46-5079058310ec-groupManagement] INFO  server.RaftServerConfigKeys (ConfUtils.java:logGet(46)) - raft.server.storage.dir = [/home/runner/work/ozone/ozone/hadoop-ozone/integration-test/target/test-dir/MiniOzoneClusterImpl-6d5b43b8-50d7-4b60-8424-e359ec6f806a/datanode-0/data/ratis] (custom)
2023-10-17 18:54:35,441 [b2429fc7-5618-4aa2-af46-5079058310ec-groupManagement] INFO  server.RaftServerConfigKeys (ConfUtils.java:logGet(46)) - raft.server.log.corruption.policy = EXCEPTION (default)
2023-10-17 18:54:35,441 [b2429fc7-5618-4aa2-af46-5079058310ec-groupManagement] INFO  server.RaftServerConfigKeys (ConfUtils.java:logGet(46)) - raft.server.storage.free-space.min = 0MB (=0) (default)
2023-10-17 18:54:35,441 [b2429fc7-5618-4aa2-af46-5079058310ec-groupManagement] INFO  server.RaftServerConfigKeys (ConfUtils.java:logGet(46)) - raft.server.notification.no-leader.timeout = 300s (custom)
2023-10-17 18:54:35,441 [b2429fc7-5618-4aa2-af46-5079058310ec-groupManagement] INFO  server.RaftServerConfigKeys (ConfUtils.java:logGet(46)) - raft.server.read.timeout = 10s (default)
2023-10-17 18:54:35,441 [b2429fc7-5618-4aa2-af46-5079058310ec-groupManagement] INFO  server.RaftServerConfigKeys (ConfUtils.java:logGet(46)) - raft.server.retrycache.expirytime = 600000ms (custom)
2023-10-17 18:54:35,442 [b2429fc7-5618-4aa2-af46-5079058310ec-groupManagement] INFO  server.RaftServerConfigKeys (ConfUtils.java:logGet(46)) - raft.server.retrycache.statistics.expirytime = 100μs (default)
2023-10-17 18:54:35,442 [b2429fc7-5618-4aa2-af46-5079058310ec-groupManagement] INFO  server.RaftServerConfigKeys (ConfUtils.java:logGet(46)) - raft.server.read.option = DEFAULT (default)
2023-10-17 18:54:35,445 [b2429fc7-5618-4aa2-af46-5079058310ec-groupManagement] INFO  server.RaftServerConfigKeys (ConfUtils.java:logGet(46)) - raft.server.rpc.request.timeout = 60s (custom)
2023-10-17 18:54:35,445 [b2429fc7-5618-4aa2-af46-5079058310ec-groupManagement] INFO  server.RaftServerConfigKeys (ConfUtils.java:logGet(46)) - raft.server.log.appender.install.snapshot.enabled = false (custom)
2023-10-17 18:54:35,445 [b2429fc7-5618-4aa2-af46-5079058310ec-groupManagement] INFO  server.RaftServerConfigKeys (ConfUtils.java:logGet(46)) - raft.server.threadpool.server.cached = true (default)
2023-10-17 18:54:35,445 [b2429fc7-5618-4aa2-af46-5079058310ec-groupManagement] INFO  server.RaftServerConfigKeys (ConfUtils.java:logGet(46)) - raft.server.threadpool.server.size = 0 (default)
2023-10-17 18:54:35,445 [b2429fc7-5618-4aa2-af46-5079058310ec-groupManagement] INFO  server.RaftServerConfigKeys (ConfUtils.java:logGet(46)) - raft.server.threadpool.client.cached = true (default)
2023-10-17 18:54:35,445 [b2429fc7-5618-4aa2-af46-5079058310ec-groupManagement] INFO  server.RaftServerConfigKeys (ConfUtils.java:logGet(46)) - raft.server.threadpool.client.size = 0 (default)
2023-10-17 18:54:35,446 [b2429fc7-5618-4aa2-af46-5079058310ec-groupManagement] INFO  storage.RaftStorageDirectory (RaftStorageDirectoryImpl.java:analyzeStorage(137)) - The storage directory /home/runner/work/ozone/ozone/hadoop-ozone/integration-test/target/test-dir/MiniOzoneClusterImpl-6d5b43b8-50d7-4b60-8424-e359ec6f806a/datanode-0/data/ratis/72fd2b4a-e65b-4377-bb79-2612a50a37ea does not exist. Creating ...
2023-10-17 18:54:35,447 [b2429fc7-5618-4aa2-af46-5079058310ec-groupManagement] INFO  storage.RaftStorageDirectory (RaftStorageDirectoryImpl.java:tryLock(231)) - Lock on /home/runner/work/ozone/ozone/hadoop-ozone/integration-test/target/test-dir/MiniOzoneClusterImpl-6d5b43b8-50d7-4b60-8424-e359ec6f806a/datanode-0/data/ratis/72fd2b4a-e65b-4377-bb79-2612a50a37ea/in_use.lock acquired by nodename 97056@fv-az82-357
2023-10-17 18:54:35,448 [b2429fc7-5618-4aa2-af46-5079058310ec-groupManagement] INFO  storage.RaftStorage (RaftStorageImpl.java:format(96)) - Storage directory /home/runner/work/ozone/ozone/hadoop-ozone/integration-test/target/test-dir/MiniOzoneClusterImpl-6d5b43b8-50d7-4b60-8424-e359ec6f806a/datanode-0/data/ratis/72fd2b4a-e65b-4377-bb79-2612a50a37ea has been successfully formatted.
2023-10-17 18:54:35,454 [b2429fc7-5618-4aa2-af46-5079058310ec-groupManagement] INFO  ratis.ContainerStateMachine (ContainerStateMachine.java:loadSnapshot(262)) - group-2612A50A37EA: The snapshot info is null. Setting the last applied indexto:(t:0, i:~)
2023-10-17 18:54:35,454 [b2429fc7-5618-4aa2-af46-5079058310ec-groupManagement] INFO  server.RaftServerConfigKeys (ConfUtils.java:logGet(46)) - raft.server.log.use.memory = false (default)
2023-10-17 18:54:35,454 [b2429fc7-5618-4aa2-af46-5079058310ec-groupManagement] INFO  server.RaftServerConfigKeys (ConfUtils.java:logGet(46)) - raft.server.log.purge.gap = 1000000 (custom)
2023-10-17 18:54:35,454 [b2429fc7-5618-4aa2-af46-5079058310ec-groupManagement] INFO  server.RaftServerConfigKeys (ConfUtils.java:logGet(46)) - raft.server.log.appender.buffer.byte-limit = 33554432 (custom)
2023-10-17 18:54:35,454 [b2429fc7-5618-4aa2-af46-5079058310ec-groupManagement] INFO  server.RaftServerConfigKeys (ConfUtils.java:logGet(46)) - raft.server.log.statemachine.data.read.timeout = 1000ms (default)
2023-10-17 18:54:35,454 [b2429fc7-5618-4aa2-af46-5079058310ec-groupManagement] INFO  server.RaftServerConfigKeys (ConfUtils.java:logGet(46)) - raft.server.log.purge.preservation.log.num = 0 (default)
2023-10-17 18:54:35,455 [b2429fc7-5618-4aa2-af46-5079058310ec-groupManagement] INFO  server.RaftServerConfigKeys (ConfUtils.java:logGet(46)) - raft.server.log.segment.size.max = 1048576 (custom)
2023-10-17 18:54:35,456 [b2429fc7-5618-4aa2-af46-5079058310ec-groupManagement] INFO  server.RaftServerConfigKeys (ConfUtils.java:logGet(46)) - raft.server.log.segment.cache.num.max = 2 (custom)
2023-10-17 18:54:35,456 [b2429fc7-5618-4aa2-af46-5079058310ec-groupManagement] INFO  server.RaftServerConfigKeys (ConfUtils.java:logGet(46)) - raft.server.log.segment.cache.size.max = 200MB (=209715200) (default)
2023-10-17 18:54:35,456 [b2429fc7-5618-4aa2-af46-5079058310ec-groupManagement] INFO  server.RaftServerConfigKeys (ConfUtils.java:logGet(46)) - raft.server.log.appender.buffer.byte-limit = 33554432 (custom)
2023-10-17 18:54:35,456 [b2429fc7-5618-4aa2-af46-5079058310ec-groupManagement] INFO  segmented.SegmentedRaftLogWorker (SegmentedRaftLogWorker.java:<init>(188)) - new b2429fc7-5618-4aa2-af46-5079058310ec@group-2612A50A37EA-SegmentedRaftLogWorker for RaftStorageImpl:Storage Directory /home/runner/work/ozone/ozone/hadoop-ozone/integration-test/target/test-dir/MiniOzoneClusterImpl-6d5b43b8-50d7-4b60-8424-e359ec6f806a/datanode-0/data/ratis/72fd2b4a-e65b-4377-bb79-2612a50a37ea
2023-10-17 18:54:35,456 [b2429fc7-5618-4aa2-af46-5079058310ec-groupManagement] INFO  server.RaftServerConfigKeys (ConfUtils.java:logGet(46)) - raft.server.log.queue.byte-limit = 4294967296 (custom)
2023-10-17 18:54:35,456 [b2429fc7-5618-4aa2-af46-5079058310ec-groupManagement] INFO  server.RaftServerConfigKeys (ConfUtils.java:logGet(46)) - raft.server.log.queue.element-limit = 1024 (custom)
2023-10-17 18:54:35,456 [b2429fc7-5618-4aa2-af46-5079058310ec-groupManagement] INFO  server.RaftServerConfigKeys (ConfUtils.java:logGet(46)) - raft.server.log.segment.size.max = 1048576 (custom)
2023-10-17 18:54:35,456 [b2429fc7-5618-4aa2-af46-5079058310ec-groupManagement] INFO  server.RaftServerConfigKeys (ConfUtils.java:logGet(46)) - raft.server.log.preallocated.size = 16384 (custom)
2023-10-17 18:54:35,456 [b2429fc7-5618-4aa2-af46-5079058310ec-groupManagement] INFO  server.RaftServerConfigKeys (ConfUtils.java:logGet(46)) - raft.server.log.force.sync.num = 128 (default)
2023-10-17 18:54:35,456 [b2429fc7-5618-4aa2-af46-5079058310ec-groupManagement] INFO  server.RaftServerConfigKeys (ConfUtils.java:logGet(46)) - raft.server.log.statemachine.data.sync = true (default)
2023-10-17 18:54:35,457 [b2429fc7-5618-4aa2-af46-5079058310ec-groupManagement] INFO  server.RaftServerConfigKeys (ConfUtils.java:logGet(46)) - raft.server.log.statemachine.data.sync.timeout = 10s (default)
2023-10-17 18:54:35,457 [b2429fc7-5618-4aa2-af46-5079058310ec-groupManagement] INFO  server.RaftServerConfigKeys (ConfUtils.java:logGet(46)) - raft.server.log.statemachine.data.sync.timeout.retry = -1 (default)
2023-10-17 18:54:35,459 [b2429fc7-5618-4aa2-af46-5079058310ec-groupManagement] INFO  server.RaftServerConfigKeys (ConfUtils.java:logGet(46)) - raft.server.log.write.buffer.size = 1048576 (custom)
2023-10-17 18:54:35,460 [b2429fc7-5618-4aa2-af46-5079058310ec-groupManagement] INFO  server.RaftServerConfigKeys (ConfUtils.java:logGet(46)) - raft.server.log.appender.buffer.byte-limit = 33554432 (custom)
2023-10-17 18:54:35,465 [b2429fc7-5618-4aa2-af46-5079058310ec-groupManagement] INFO  server.RaftServerConfigKeys (ConfUtils.java:logGet(46)) - raft.server.log.unsafe-flush.enabled = false (default)
2023-10-17 18:54:35,465 [b2429fc7-5618-4aa2-af46-5079058310ec-groupManagement] INFO  server.RaftServerConfigKeys (ConfUtils.java:logGet(46)) - raft.server.log.async-flush.enabled = false (default)
2023-10-17 18:54:35,465 [b2429fc7-5618-4aa2-af46-5079058310ec-groupManagement] INFO  server.RaftServerConfigKeys (ConfUtils.java:logGet(46)) - raft.server.log.statemachine.data.caching.enabled = true (custom)
2023-10-17 18:54:35,466 [b2429fc7-5618-4aa2-af46-5079058310ec-groupManagement] INFO  segmented.SegmentedRaftLogWorker (SegmentedRaftLogWorker.java:lambda$new$0(135)) - b2429fc7-5618-4aa2-af46-5079058310ec@group-2612A50A37EA-SegmentedRaftLogWorker: flushIndex: setUnconditionally 0 -> -1
2023-10-17 18:54:35,466 [b2429fc7-5618-4aa2-af46-5079058310ec-groupManagement] INFO  segmented.SegmentedRaftLogWorker (SegmentedRaftLogWorker.java:lambda$new$0(135)) - b2429fc7-5618-4aa2-af46-5079058310ec@group-2612A50A37EA-SegmentedRaftLogWorker: safeCacheEvictIndex: setUnconditionally 0 -> -1
2023-10-17 18:54:35,466 [b2429fc7-5618-4aa2-af46-5079058310ec-groupManagement] INFO  server.RaftServer$Division (RaftServerImpl.java:start(342)) - b2429fc7-5618-4aa2-af46-5079058310ec@group-2612A50A37EA: start as a follower, conf=-1: peers:[b2429fc7-5618-4aa2-af46-5079058310ec|rpc:10.1.0.79:15014|admin:10.1.0.79:15013|client:10.1.0.79:15012|dataStream:10.1.0.79:15015|priority:1|startupRole:FOLLOWER]|listeners:[], old=null
2023-10-17 18:54:35,466 [b2429fc7-5618-4aa2-af46-5079058310ec-groupManagement] INFO  server.RaftServer$Division (RaftServerImpl.java:setRole(329)) - b2429fc7-5618-4aa2-af46-5079058310ec@group-2612A50A37EA: changes role from      null to FOLLOWER at term 0 for startAsFollower
2023-10-17 18:54:35,466 [b2429fc7-5618-4aa2-af46-5079058310ec-groupManagement] INFO  impl.RoleInfo (RoleInfo.java:updateAndGet(139)) - b2429fc7-5618-4aa2-af46-5079058310ec: start b2429fc7-5618-4aa2-af46-5079058310ec@group-2612A50A37EA-FollowerState
2023-10-17 18:54:35,467 [b2429fc7-5618-4aa2-af46-5079058310ec-groupManagement] INFO  util.JmxRegister (JmxRegister.java:tryRegister(44)) - Successfully registered JMX Bean with object name Ratis:service=RaftServer,group=group-2612A50A37EA,id=b2429fc7-5618-4aa2-af46-5079058310ec
2023-10-17 18:54:35,467 [b2429fc7-5618-4aa2-af46-5079058310ec-groupManagement] INFO  server.RaftServerConfigKeys (ConfUtils.java:logGet(46)) - raft.server.snapshot.auto.trigger.enabled = true (custom)
2023-10-17 18:54:35,467 [b2429fc7-5618-4aa2-af46-5079058310ec-groupManagement] INFO  server.RaftServerConfigKeys (ConfUtils.java:logGet(46)) - raft.server.snapshot.auto.trigger.threshold = 10000 (custom)
2023-10-17 18:54:35,467 [b2429fc7-5618-4aa2-af46-5079058310ec-groupManagement] INFO  server.RaftServerConfigKeys (ConfUtils.java:logGet(46)) - raft.server.snapshot.retention.file.num = 5 (custom)
2023-10-17 18:54:35,467 [b2429fc7-5618-4aa2-af46-5079058310ec-groupManagement] INFO  server.RaftServerConfigKeys (ConfUtils.java:logGet(46)) - raft.server.log.purge.upto.snapshot.index = false (default)
2023-10-17 18:54:35,469 [b2429fc7-5618-4aa2-af46-5079058310ec@group-2612A50A37EA-FollowerState] INFO  server.RaftServerConfigKeys (ConfUtils.java:logFallback(53)) - raft.server.rpc.first-election.timeout.min = 5s (fallback to raft.server.rpc.timeout.min)
2023-10-17 18:54:35,469 [b2429fc7-5618-4aa2-af46-5079058310ec@group-2612A50A37EA-FollowerState] INFO  server.RaftServerConfigKeys (ConfUtils.java:logFallback(53)) - raft.server.rpc.first-election.timeout.max = 5200ms (fallback to raft.server.rpc.timeout.max)
2023-10-17 18:54:35,477 [PipelineCommandHandlerThread-0] INFO  ratis.XceiverServerRatis (XceiverServerRatis.java:addGroup(804)) - Created group PipelineID=72fd2b4a-e65b-4377-bb79-2612a50a37ea
2023-10-17 18:54:35,478 [PipelineCommandHandlerThread-0] INFO  commandhandler.CreatePipelineCommandHandler (CreatePipelineCommandHandler.java:lambda$handle$2(124)) - Created Pipeline RATIS ONE PipelineID=72fd2b4a-e65b-4377-bb79-2612a50a37ea.
2023-10-17 18:54:35,478 [PipelineCommandHandlerThread-0] INFO  server.RaftServer (RaftServerProxy.java:addNew(98)) - b2429fc7-5618-4aa2-af46-5079058310ec: addNew group-8E1A1391019E:[b2429fc7-5618-4aa2-af46-5079058310ec|rpc:10.1.0.79:15014|admin:10.1.0.79:15013|client:10.1.0.79:15012|dataStream:10.1.0.79:15015|priority:0|startupRole:FOLLOWER, effd9d2c-4905-4e44-ade4-aa9f0e9056f9|rpc:10.1.0.79:15032|admin:10.1.0.79:15031|client:10.1.0.79:15030|dataStream:10.1.0.79:15033|priority:1|startupRole:FOLLOWER, b5355d07-9284-4381-92f8-11cbf4e568d5|rpc:10.1.0.79:15023|admin:10.1.0.79:15022|client:10.1.0.79:15021|dataStream:10.1.0.79:15024|priority:0|startupRole:FOLLOWER] returns group-8E1A1391019E:java.util.concurrent.CompletableFuture@1d839cd2[Not completed]
2023-10-17 18:54:35,480 [b2429fc7-5618-4aa2-af46-5079058310ec-groupManagement] INFO  server.RaftServer$Division (RaftServerImpl.java:<init>(198)) - b2429fc7-5618-4aa2-af46-5079058310ec: new RaftServerImpl for group-8E1A1391019E:[b2429fc7-5618-4aa2-af46-5079058310ec|rpc:10.1.0.79:15014|admin:10.1.0.79:15013|client:10.1.0.79:15012|dataStream:10.1.0.79:15015|priority:0|startupRole:FOLLOWER, effd9d2c-4905-4e44-ade4-aa9f0e9056f9|rpc:10.1.0.79:15032|admin:10.1.0.79:15031|client:10.1.0.79:15030|dataStream:10.1.0.79:15033|priority:1|startupRole:FOLLOWER, b5355d07-9284-4381-92f8-11cbf4e568d5|rpc:10.1.0.79:15023|admin:10.1.0.79:15022|client:10.1.0.79:15021|dataStream:10.1.0.79:15024|priority:0|startupRole:FOLLOWER] with ContainerStateMachine:uninitialized
2023-10-17 18:54:35,480 [b2429fc7-5618-4aa2-af46-5079058310ec-groupManagement] INFO  server.RaftServerConfigKeys (ConfUtils.java:logGet(46)) - raft.server.rpc.timeout.min = 5s (custom)
2023-10-17 18:54:35,480 [b2429fc7-5618-4aa2-af46-5079058310ec-groupManagement] INFO  server.RaftServerConfigKeys (ConfUtils.java:logGet(46)) - raft.server.rpc.timeout.max = 5200ms (custom)
2023-10-17 18:54:35,480 [b2429fc7-5618-4aa2-af46-5079058310ec-groupManagement] INFO  server.RaftServerConfigKeys (ConfUtils.java:logGet(46)) - raft.server.rpc.sleep.time = 25ms (default)
2023-10-17 18:54:35,480 [b2429fc7-5618-4aa2-af46-5079058310ec-groupManagement] INFO  server.RaftServerConfigKeys (ConfUtils.java:logGet(46)) - raft.server.rpc.slowness.timeout = 300s (custom)
2023-10-17 18:54:35,480 [b2429fc7-5618-4aa2-af46-5079058310ec-groupManagement] INFO  server.RaftServerConfigKeys (ConfUtils.java:logGet(46)) - raft.server.leaderelection.leader.step-down.wait-time = 10s (default)
2023-10-17 18:54:35,480 [b2429fc7-5618-4aa2-af46-5079058310ec-groupManagement] INFO  server.RaftServerConfigKeys (ConfUtils.java:logGet(46)) - raft.server.sleep.deviation.threshold = 300ms (default)
2023-10-17 18:54:35,480 [b2429fc7-5618-4aa2-af46-5079058310ec-groupManagement] INFO  server.RaftServer$Division (ServerState.java:<init>(120)) - b2429fc7-5618-4aa2-af46-5079058310ec@group-8E1A1391019E: ConfigurationManager, init=-1: peers:[b2429fc7-5618-4aa2-af46-5079058310ec|rpc:10.1.0.79:15014|admin:10.1.0.79:15013|client:10.1.0.79:15012|dataStream:10.1.0.79:15015|priority:0|startupRole:FOLLOWER, effd9d2c-4905-4e44-ade4-aa9f0e9056f9|rpc:10.1.0.79:15032|admin:10.1.0.79:15031|client:10.1.0.79:15030|dataStream:10.1.0.79:15033|priority:1|startupRole:FOLLOWER, b5355d07-9284-4381-92f8-11cbf4e568d5|rpc:10.1.0.79:15023|admin:10.1.0.79:15022|client:10.1.0.79:15021|dataStream:10.1.0.79:15024|priority:0|startupRole:FOLLOWER]|listeners:[], old=null, confs=<EMPTY_MAP>
2023-10-17 18:54:35,480 [b2429fc7-5618-4aa2-af46-5079058310ec-groupManagement] INFO  server.RaftServerConfigKeys (ConfUtils.java:logGet(46)) - raft.server.storage.dir = [/home/runner/work/ozone/ozone/hadoop-ozone/integration-test/target/test-dir/MiniOzoneClusterImpl-6d5b43b8-50d7-4b60-8424-e359ec6f806a/datanode-0/data/ratis] (custom)
2023-10-17 18:54:35,481 [b2429fc7-5618-4aa2-af46-5079058310ec-groupManagement] INFO  server.RaftServerConfigKeys (ConfUtils.java:logGet(46)) - raft.server.log.corruption.policy = EXCEPTION (default)
2023-10-17 18:54:35,481 [b2429fc7-5618-4aa2-af46-5079058310ec-groupManagement] INFO  server.RaftServerConfigKeys (ConfUtils.java:logGet(46)) - raft.server.storage.free-space.min = 0MB (=0) (default)
2023-10-17 18:54:35,484 [b2429fc7-5618-4aa2-af46-5079058310ec-groupManagement] INFO  server.RaftServerConfigKeys (ConfUtils.java:logGet(46)) - raft.server.notification.no-leader.timeout = 300s (custom)
2023-10-17 18:54:35,484 [b2429fc7-5618-4aa2-af46-5079058310ec-groupManagement] INFO  server.RaftServerConfigKeys (ConfUtils.java:logGet(46)) - raft.server.read.timeout = 10s (default)
2023-10-17 18:54:35,484 [b2429fc7-5618-4aa2-af46-5079058310ec-groupManagement] INFO  server.RaftServerConfigKeys (ConfUtils.java:logGet(46)) - raft.server.retrycache.expirytime = 600000ms (custom)
2023-10-17 18:54:35,484 [b2429fc7-5618-4aa2-af46-5079058310ec-groupManagement] INFO  server.RaftServerConfigKeys (ConfUtils.java:logGet(46)) - raft.server.retrycache.statistics.expirytime = 100μs (default)
2023-10-17 18:54:35,484 [b2429fc7-5618-4aa2-af46-5079058310ec-groupManagement] INFO  server.RaftServerConfigKeys (ConfUtils.java:logGet(46)) - raft.server.read.option = DEFAULT (default)
2023-10-17 18:54:35,490 [EventQueue-PipelineReportForPipelineReportHandler] INFO  pipeline.PipelineReportHandler (PipelineReportHandler.java:processPipelineReport(136)) - Opened pipeline PipelineID=72fd2b4a-e65b-4377-bb79-2612a50a37ea
2023-10-17 18:54:35,496 [EventQueue-OpenPipelineForHealthyPipelineSafeModeRule] INFO  safemode.SCMSafeModeManager (HealthyPipelineSafeModeRule.java:process(137)) - SCM in safe mode. Healthy pipelines reported count is 0, required healthy pipeline reported count is 1
2023-10-17 18:54:35,501 [b2429fc7-5618-4aa2-af46-5079058310ec-groupManagement] INFO  server.RaftServerConfigKeys (ConfUtils.java:logGet(46)) - raft.server.rpc.request.timeout = 60s (custom)
2023-10-17 18:54:35,501 [b2429fc7-5618-4aa2-af46-5079058310ec-groupManagement] INFO  server.RaftServerConfigKeys (ConfUtils.java:logGet(46)) - raft.server.log.appender.install.snapshot.enabled = false (custom)
2023-10-17 18:54:35,501 [b2429fc7-5618-4aa2-af46-5079058310ec-groupManagement] INFO  server.RaftServerConfigKeys (ConfUtils.java:logGet(46)) - raft.server.threadpool.server.cached = true (default)
2023-10-17 18:54:35,501 [b2429fc7-5618-4aa2-af46-5079058310ec-groupManagement] INFO  server.RaftServerConfigKeys (ConfUtils.java:logGet(46)) - raft.server.threadpool.server.size = 0 (default)
2023-10-17 18:54:35,501 [b2429fc7-5618-4aa2-af46-5079058310ec-groupManagement] INFO  server.RaftServerConfigKeys (ConfUtils.java:logGet(46)) - raft.server.threadpool.client.cached = true (default)
2023-10-17 18:54:35,501 [b2429fc7-5618-4aa2-af46-5079058310ec-groupManagement] INFO  server.RaftServerConfigKeys (ConfUtils.java:logGet(46)) - raft.server.threadpool.client.size = 0 (default)
2023-10-17 18:54:35,502 [b2429fc7-5618-4aa2-af46-5079058310ec-groupManagement] INFO  storage.RaftStorageDirectory (RaftStorageDirectoryImpl.java:analyzeStorage(137)) - The storage directory /home/runner/work/ozone/ozone/hadoop-ozone/integration-test/target/test-dir/MiniOzoneClusterImpl-6d5b43b8-50d7-4b60-8424-e359ec6f806a/datanode-0/data/ratis/67d87026-09a9-434e-bf9a-8e1a1391019e does not exist. Creating ...
2023-10-17 18:54:35,503 [b2429fc7-5618-4aa2-af46-5079058310ec-groupManagement] INFO  storage.RaftStorageDirectory (RaftStorageDirectoryImpl.java:tryLock(231)) - Lock on /home/runner/work/ozone/ozone/hadoop-ozone/integration-test/target/test-dir/MiniOzoneClusterImpl-6d5b43b8-50d7-4b60-8424-e359ec6f806a/datanode-0/data/ratis/67d87026-09a9-434e-bf9a-8e1a1391019e/in_use.lock acquired by nodename 97056@fv-az82-357
2023-10-17 18:54:35,504 [b2429fc7-5618-4aa2-af46-5079058310ec-groupManagement] INFO  storage.RaftStorage (RaftStorageImpl.java:format(96)) - Storage directory /home/runner/work/ozone/ozone/hadoop-ozone/integration-test/target/test-dir/MiniOzoneClusterImpl-6d5b43b8-50d7-4b60-8424-e359ec6f806a/datanode-0/data/ratis/67d87026-09a9-434e-bf9a-8e1a1391019e has been successfully formatted.
2023-10-17 18:54:35,506 [b2429fc7-5618-4aa2-af46-5079058310ec-groupManagement] INFO  ratis.ContainerStateMachine (ContainerStateMachine.java:loadSnapshot(262)) - group-8E1A1391019E: The snapshot info is null. Setting the last applied indexto:(t:0, i:~)
2023-10-17 18:54:35,506 [b2429fc7-5618-4aa2-af46-5079058310ec-groupManagement] INFO  server.RaftServerConfigKeys (ConfUtils.java:logGet(46)) - raft.server.log.use.memory = false (default)
2023-10-17 18:54:35,506 [b2429fc7-5618-4aa2-af46-5079058310ec-groupManagement] INFO  server.RaftServerConfigKeys (ConfUtils.java:logGet(46)) - raft.server.log.purge.gap = 1000000 (custom)
2023-10-17 18:54:35,506 [b2429fc7-5618-4aa2-af46-5079058310ec-groupManagement] INFO  server.RaftServerConfigKeys (ConfUtils.java:logGet(46)) - raft.server.log.appender.buffer.byte-limit = 33554432 (custom)
2023-10-17 18:54:35,506 [b2429fc7-5618-4aa2-af46-5079058310ec-groupManagement] INFO  server.RaftServerConfigKeys (ConfUtils.java:logGet(46)) - raft.server.log.statemachine.data.read.timeout = 1000ms (default)
2023-10-17 18:54:35,506 [b2429fc7-5618-4aa2-af46-5079058310ec-groupManagement] INFO  server.RaftServerConfigKeys (ConfUtils.java:logGet(46)) - raft.server.log.purge.preservation.log.num = 0 (default)
2023-10-17 18:54:35,506 [b2429fc7-5618-4aa2-af46-5079058310ec-groupManagement] INFO  server.RaftServerConfigKeys (ConfUtils.java:logGet(46)) - raft.server.log.segment.size.max = 1048576 (custom)
2023-10-17 18:54:35,510 [EventQueue-OpenPipelineForHealthyPipelineSafeModeRule] INFO  safemode.SCMSafeModeManager (HealthyPipelineSafeModeRule.java:process(137)) - SCM in safe mode. Healthy pipelines reported count is 0, required healthy pipeline reported count is 1
2023-10-17 18:54:35,511 [b2429fc7-5618-4aa2-af46-5079058310ec-groupManagement] INFO  server.RaftServerConfigKeys (ConfUtils.java:logGet(46)) - raft.server.log.segment.cache.num.max = 2 (custom)
2023-10-17 18:54:35,511 [b2429fc7-5618-4aa2-af46-5079058310ec-groupManagement] INFO  server.RaftServerConfigKeys (ConfUtils.java:logGet(46)) - raft.server.log.segment.cache.size.max = 200MB (=209715200) (default)
2023-10-17 18:54:35,511 [b2429fc7-5618-4aa2-af46-5079058310ec-groupManagement] INFO  server.RaftServerConfigKeys (ConfUtils.java:logGet(46)) - raft.server.log.appender.buffer.byte-limit = 33554432 (custom)
2023-10-17 18:54:35,511 [b2429fc7-5618-4aa2-af46-5079058310ec-groupManagement] INFO  segmented.SegmentedRaftLogWorker (SegmentedRaftLogWorker.java:<init>(188)) - new b2429fc7-5618-4aa2-af46-5079058310ec@group-8E1A1391019E-SegmentedRaftLogWorker for RaftStorageImpl:Storage Directory /home/runner/work/ozone/ozone/hadoop-ozone/integration-test/target/test-dir/MiniOzoneClusterImpl-6d5b43b8-50d7-4b60-8424-e359ec6f806a/datanode-0/data/ratis/67d87026-09a9-434e-bf9a-8e1a1391019e
2023-10-17 18:54:35,511 [b2429fc7-5618-4aa2-af46-5079058310ec-groupManagement] INFO  server.RaftServerConfigKeys (ConfUtils.java:logGet(46)) - raft.server.log.queue.byte-limit = 4294967296 (custom)
2023-10-17 18:54:35,511 [b2429fc7-5618-4aa2-af46-5079058310ec-groupManagement] INFO  server.RaftServerConfigKeys (ConfUtils.java:logGet(46)) - raft.server.log.queue.element-limit = 1024 (custom)
2023-10-17 18:54:35,511 [b2429fc7-5618-4aa2-af46-5079058310ec-groupManagement] INFO  server.RaftServerConfigKeys (ConfUtils.java:logGet(46)) - raft.server.log.segment.size.max = 1048576 (custom)
2023-10-17 18:54:35,511 [b2429fc7-5618-4aa2-af46-5079058310ec-groupManagement] INFO  server.RaftServerConfigKeys (ConfUtils.java:logGet(46)) - raft.server.log.preallocated.size = 16384 (custom)
2023-10-17 18:54:35,511 [b2429fc7-5618-4aa2-af46-5079058310ec-groupManagement] INFO  server.RaftServerConfigKeys (ConfUtils.java:logGet(46)) - raft.server.log.force.sync.num = 128 (default)
2023-10-17 18:54:35,511 [b2429fc7-5618-4aa2-af46-5079058310ec-groupManagement] INFO  server.RaftServerConfigKeys (ConfUtils.java:logGet(46)) - raft.server.log.statemachine.data.sync = true (default)
2023-10-17 18:54:35,511 [b2429fc7-5618-4aa2-af46-5079058310ec-groupManagement] INFO  server.RaftServerConfigKeys (ConfUtils.java:logGet(46)) - raft.server.log.statemachine.data.sync.timeout = 10s (default)
2023-10-17 18:54:35,511 [b2429fc7-5618-4aa2-af46-5079058310ec-groupManagement] INFO  server.RaftServerConfigKeys (ConfUtils.java:logGet(46)) - raft.server.log.statemachine.data.sync.timeout.retry = -1 (default)
2023-10-17 18:54:35,513 [b2429fc7-5618-4aa2-af46-5079058310ec-groupManagement] INFO  server.RaftServerConfigKeys (ConfUtils.java:logGet(46)) - raft.server.log.write.buffer.size = 1048576 (custom)
2023-10-17 18:54:35,514 [b2429fc7-5618-4aa2-af46-5079058310ec-groupManagement] INFO  server.RaftServerConfigKeys (ConfUtils.java:logGet(46)) - raft.server.log.appender.buffer.byte-limit = 33554432 (custom)
2023-10-17 18:54:35,521 [b2429fc7-5618-4aa2-af46-5079058310ec-groupManagement] INFO  server.RaftServerConfigKeys (ConfUtils.java:logGet(46)) - raft.server.log.unsafe-flush.enabled = false (default)
2023-10-17 18:54:35,521 [b2429fc7-5618-4aa2-af46-5079058310ec-groupManagement] INFO  server.RaftServerConfigKeys (ConfUtils.java:logGet(46)) - raft.server.log.async-flush.enabled = false (default)
2023-10-17 18:54:35,521 [b2429fc7-5618-4aa2-af46-5079058310ec-groupManagement] INFO  server.RaftServerConfigKeys (ConfUtils.java:logGet(46)) - raft.server.log.statemachine.data.caching.enabled = true (custom)
2023-10-17 18:54:35,521 [b2429fc7-5618-4aa2-af46-5079058310ec-groupManagement] INFO  segmented.SegmentedRaftLogWorker (SegmentedRaftLogWorker.java:lambda$new$0(135)) - b2429fc7-5618-4aa2-af46-5079058310ec@group-8E1A1391019E-SegmentedRaftLogWorker: flushIndex: setUnconditionally 0 -> -1
2023-10-17 18:54:35,521 [b2429fc7-5618-4aa2-af46-5079058310ec-groupManagement] INFO  segmented.SegmentedRaftLogWorker (SegmentedRaftLogWorker.java:lambda$new$0(135)) - b2429fc7-5618-4aa2-af46-5079058310ec@group-8E1A1391019E-SegmentedRaftLogWorker: safeCacheEvictIndex: setUnconditionally 0 -> -1
2023-10-17 18:54:35,522 [b2429fc7-5618-4aa2-af46-5079058310ec-groupManagement] INFO  server.RaftServer$Division (RaftServerImpl.java:start(342)) - b2429fc7-5618-4aa2-af46-5079058310ec@group-8E1A1391019E: start as a follower, conf=-1: peers:[b2429fc7-5618-4aa2-af46-5079058310ec|rpc:10.1.0.79:15014|admin:10.1.0.79:15013|client:10.1.0.79:15012|dataStream:10.1.0.79:15015|priority:0|startupRole:FOLLOWER, effd9d2c-4905-4e44-ade4-aa9f0e9056f9|rpc:10.1.0.79:15032|admin:10.1.0.79:15031|client:10.1.0.79:15030|dataStream:10.1.0.79:15033|priority:1|startupRole:FOLLOWER, b5355d07-9284-4381-92f8-11cbf4e568d5|rpc:10.1.0.79:15023|admin:10.1.0.79:15022|client:10.1.0.79:15021|dataStream:10.1.0.79:15024|priority:0|startupRole:FOLLOWER]|listeners:[], old=null
2023-10-17 18:54:35,522 [b2429fc7-5618-4aa2-af46-5079058310ec-groupManagement] INFO  server.RaftServer$Division (RaftServerImpl.java:setRole(329)) - b2429fc7-5618-4aa2-af46-5079058310ec@group-8E1A1391019E: changes role from      null to FOLLOWER at term 0 for startAsFollower
2023-10-17 18:54:35,522 [b2429fc7-5618-4aa2-af46-5079058310ec-groupManagement] INFO  impl.RoleInfo (RoleInfo.java:updateAndGet(139)) - b2429fc7-5618-4aa2-af46-5079058310ec: start b2429fc7-5618-4aa2-af46-5079058310ec@group-8E1A1391019E-FollowerState
2023-10-17 18:54:35,522 [b2429fc7-5618-4aa2-af46-5079058310ec-groupManagement] INFO  util.JmxRegister (JmxRegister.java:tryRegister(44)) - Successfully registered JMX Bean with object name Ratis:service=RaftServer,group=group-8E1A1391019E,id=b2429fc7-5618-4aa2-af46-5079058310ec
2023-10-17 18:54:35,522 [b2429fc7-5618-4aa2-af46-5079058310ec-groupManagement] INFO  server.RaftServerConfigKeys (ConfUtils.java:logGet(46)) - raft.server.snapshot.auto.trigger.enabled = true (custom)
2023-10-17 18:54:35,522 [IPC Server handler 8 on default port 15002] INFO  net.NetworkTopologyImpl (NetworkTopologyImpl.java:add(112)) - Added a new node: /default-rack/c3f8e5ad-ff25-4bb1-b821-874019ad4281
2023-10-17 18:54:35,524 [b2429fc7-5618-4aa2-af46-5079058310ec@group-8E1A1391019E-FollowerState] INFO  server.RaftServerConfigKeys (ConfUtils.java:logFallback(53)) - raft.server.rpc.first-election.timeout.min = 5s (fallback to raft.server.rpc.timeout.min)
2023-10-17 18:54:35,524 [IPC Server handler 8 on default port 15002] INFO  node.SCMNodeManager (SCMNodeManager.java:register(405)) - Registered Data node : c3f8e5ad-ff25-4bb1-b821-874019ad4281{ip: 10.1.0.79, host: fv-az82-357.ou3itxwc2spe5nxnxxppousbrf.dx.internal.cloudapp.net, ports: [HTTP=15072, CLIENT_RPC=15073, REPLICATION=15079, RATIS=15075, RATIS_ADMIN=15076, RATIS_SERVER=15077, RATIS_DATASTREAM=15078, STANDALONE=15074], networkLocation: /default-rack, certSerialId: null, persistedOpState: null, persistedOpStateExpiryEpochSec: 0}
2023-10-17 18:54:35,522 [b2429fc7-5618-4aa2-af46-5079058310ec-groupManagement] INFO  server.RaftServerConfigKeys (ConfUtils.java:logGet(46)) - raft.server.snapshot.auto.trigger.threshold = 10000 (custom)
2023-10-17 18:54:35,525 [b2429fc7-5618-4aa2-af46-5079058310ec-groupManagement] INFO  server.RaftServerConfigKeys (ConfUtils.java:logGet(46)) - raft.server.snapshot.retention.file.num = 5 (custom)
2023-10-17 18:54:35,525 [b2429fc7-5618-4aa2-af46-5079058310ec-groupManagement] INFO  server.RaftServerConfigKeys (ConfUtils.java:logGet(46)) - raft.server.log.purge.upto.snapshot.index = false (default)
2023-10-17 18:54:35,527 [PipelineCommandHandlerThread-0] INFO  ratis.XceiverServerRatis (XceiverServerRatis.java:addGroup(804)) - Created group PipelineID=67d87026-09a9-434e-bf9a-8e1a1391019e
2023-10-17 18:54:35,524 [b2429fc7-5618-4aa2-af46-5079058310ec@group-8E1A1391019E-FollowerState] INFO  server.RaftServerConfigKeys (ConfUtils.java:logFallback(53)) - raft.server.rpc.first-election.timeout.max = 5200ms (fallback to raft.server.rpc.timeout.max)
2023-10-17 18:54:35,525 [EventQueue-NewNodeForNewNodeHandler] INFO  pipeline.BackgroundPipelineCreator (BackgroundPipelineCreator.java:notifyEventTriggered(277)) - trigger a one-shot run on RatisPipelineUtilsThread.
2023-10-17 18:54:35,528 [RatisPipelineUtilsThread - 0] INFO  pipeline.RatisPipelineProvider (RatisPipelineProvider.java:lambda$create$0(206)) - Sending CreatePipelineCommand for pipeline:PipelineID=0b0b7480-89ca-43b8-b0f1-a488d0957c0e to datanode:c3f8e5ad-ff25-4bb1-b821-874019ad4281
2023-10-17 18:54:35,529 [RatisPipelineUtilsThread - 0] INFO  pipeline.BackgroundPipelineCreator (BackgroundPipelineCreator.java:createPipelines(233)) - Created new pipeline Pipeline[ Id: 0b0b7480-89ca-43b8-b0f1-a488d0957c0e, Nodes: c3f8e5ad-ff25-4bb1-b821-874019ad4281(fv-az82-357.ou3itxwc2spe5nxnxxppousbrf.dx.internal.cloudapp.net/10.1.0.79), ReplicationConfig: RATIS/ONE, State:ALLOCATED, leaderId:, CreationTimestamp2023-10-17T18:54:35.528Z[Etc/UTC]]
2023-10-17 18:54:35,860 [PipelineCommandHandlerThread-0] INFO  server.RaftServer (RaftServerProxy.java:addNew(98)) - b5355d07-9284-4381-92f8-11cbf4e568d5: addNew group-EC234ABF4624:[b5355d07-9284-4381-92f8-11cbf4e568d5|rpc:10.1.0.79:15023|admin:10.1.0.79:15022|client:10.1.0.79:15021|dataStream:10.1.0.79:15024|priority:1|startupRole:FOLLOWER] returns group-EC234ABF4624:java.util.concurrent.CompletableFuture@6ea40265[Not completed]
2023-10-17 18:54:35,864 [b5355d07-9284-4381-92f8-11cbf4e568d5-groupManagement] INFO  server.RaftServer$Division (RaftServerImpl.java:<init>(198)) - b5355d07-9284-4381-92f8-11cbf4e568d5: new RaftServerImpl for group-EC234ABF4624:[b5355d07-9284-4381-92f8-11cbf4e568d5|rpc:10.1.0.79:15023|admin:10.1.0.79:15022|client:10.1.0.79:15021|dataStream:10.1.0.79:15024|priority:1|startupRole:FOLLOWER] with ContainerStateMachine:uninitialized
2023-10-17 18:54:35,864 [b5355d07-9284-4381-92f8-11cbf4e568d5-groupManagement] INFO  server.RaftServerConfigKeys (ConfUtils.java:logGet(46)) - raft.server.rpc.timeout.min = 5s (custom)
2023-10-17 18:54:35,864 [b5355d07-9284-4381-92f8-11cbf4e568d5-groupManagement] INFO  server.RaftServerConfigKeys (ConfUtils.java:logGet(46)) - raft.server.rpc.timeout.max = 5200ms (custom)
2023-10-17 18:54:35,864 [b5355d07-9284-4381-92f8-11cbf4e568d5-groupManagement] INFO  server.RaftServerConfigKeys (ConfUtils.java:logGet(46)) - raft.server.rpc.sleep.time = 25ms (default)
2023-10-17 18:54:35,864 [b5355d07-9284-4381-92f8-11cbf4e568d5-groupManagement] INFO  server.RaftServerConfigKeys (ConfUtils.java:logGet(46)) - raft.server.rpc.slowness.timeout = 300s (custom)
2023-10-17 18:54:35,864 [b5355d07-9284-4381-92f8-11cbf4e568d5-groupManagement] INFO  server.RaftServerConfigKeys (ConfUtils.java:logGet(46)) - raft.server.leaderelection.leader.step-down.wait-time = 10s (default)
2023-10-17 18:54:35,864 [b5355d07-9284-4381-92f8-11cbf4e568d5-groupManagement] INFO  server.RaftServerConfigKeys (ConfUtils.java:logGet(46)) - raft.server.sleep.deviation.threshold = 300ms (default)
2023-10-17 18:54:35,864 [b5355d07-9284-4381-92f8-11cbf4e568d5-groupManagement] INFO  server.RaftServer$Division (ServerState.java:<init>(120)) - b5355d07-9284-4381-92f8-11cbf4e568d5@group-EC234ABF4624: ConfigurationManager, init=-1: peers:[b5355d07-9284-4381-92f8-11cbf4e568d5|rpc:10.1.0.79:15023|admin:10.1.0.79:15022|client:10.1.0.79:15021|dataStream:10.1.0.79:15024|priority:1|startupRole:FOLLOWER]|listeners:[], old=null, confs=<EMPTY_MAP>
2023-10-17 18:54:35,864 [b5355d07-9284-4381-92f8-11cbf4e568d5-groupManagement] INFO  server.RaftServerConfigKeys (ConfUtils.java:logGet(46)) - raft.server.storage.dir = [/home/runner/work/ozone/ozone/hadoop-ozone/integration-test/target/test-dir/MiniOzoneClusterImpl-6d5b43b8-50d7-4b60-8424-e359ec6f806a/datanode-1/data/ratis] (custom)
2023-10-17 18:54:35,867 [b5355d07-9284-4381-92f8-11cbf4e568d5-groupManagement] INFO  server.RaftServerConfigKeys (ConfUtils.java:logGet(46)) - raft.server.log.corruption.policy = EXCEPTION (default)
2023-10-17 18:54:35,867 [b5355d07-9284-4381-92f8-11cbf4e568d5-groupManagement] INFO  server.RaftServerConfigKeys (ConfUtils.java:logGet(46)) - raft.server.storage.free-space.min = 0MB (=0) (default)
2023-10-17 18:54:35,867 [b5355d07-9284-4381-92f8-11cbf4e568d5-groupManagement] INFO  server.RaftServerConfigKeys (ConfUtils.java:logGet(46)) - raft.server.notification.no-leader.timeout = 300s (custom)
2023-10-17 18:54:35,867 [b5355d07-9284-4381-92f8-11cbf4e568d5-groupManagement] INFO  server.RaftServerConfigKeys (ConfUtils.java:logGet(46)) - raft.server.read.timeout = 10s (default)
2023-10-17 18:54:35,867 [b5355d07-9284-4381-92f8-11cbf4e568d5-groupManagement] INFO  server.RaftServerConfigKeys (ConfUtils.java:logGet(46)) - raft.server.retrycache.expirytime = 600000ms (custom)
2023-10-17 18:54:35,867 [b5355d07-9284-4381-92f8-11cbf4e568d5-groupManagement] INFO  server.RaftServerConfigKeys (ConfUtils.java:logGet(46)) - raft.server.retrycache.statistics.expirytime = 100μs (default)
2023-10-17 18:54:35,867 [b5355d07-9284-4381-92f8-11cbf4e568d5-groupManagement] INFO  server.RaftServerConfigKeys (ConfUtils.java:logGet(46)) - raft.server.read.option = DEFAULT (default)
2023-10-17 18:54:35,875 [b5355d07-9284-4381-92f8-11cbf4e568d5-groupManagement] INFO  server.RaftServerConfigKeys (ConfUtils.java:logGet(46)) - raft.server.rpc.request.timeout = 60s (custom)
2023-10-17 18:54:35,875 [b5355d07-9284-4381-92f8-11cbf4e568d5-groupManagement] INFO  server.RaftServerConfigKeys (ConfUtils.java:logGet(46)) - raft.server.log.appender.install.snapshot.enabled = false (custom)
2023-10-17 18:54:35,875 [b5355d07-9284-4381-92f8-11cbf4e568d5-groupManagement] INFO  server.RaftServerConfigKeys (ConfUtils.java:logGet(46)) - raft.server.threadpool.server.cached = true (default)
2023-10-17 18:54:35,875 [b5355d07-9284-4381-92f8-11cbf4e568d5-groupManagement] INFO  server.RaftServerConfigKeys (ConfUtils.java:logGet(46)) - raft.server.threadpool.server.size = 0 (default)
2023-10-17 18:54:35,875 [b5355d07-9284-4381-92f8-11cbf4e568d5-groupManagement] INFO  server.RaftServerConfigKeys (ConfUtils.java:logGet(46)) - raft.server.threadpool.client.cached = true (default)
2023-10-17 18:54:35,875 [b5355d07-9284-4381-92f8-11cbf4e568d5-groupManagement] INFO  server.RaftServerConfigKeys (ConfUtils.java:logGet(46)) - raft.server.threadpool.client.size = 0 (default)
2023-10-17 18:54:35,876 [b5355d07-9284-4381-92f8-11cbf4e568d5-groupManagement] INFO  storage.RaftStorageDirectory (RaftStorageDirectoryImpl.java:analyzeStorage(137)) - The storage directory /home/runner/work/ozone/ozone/hadoop-ozone/integration-test/target/test-dir/MiniOzoneClusterImpl-6d5b43b8-50d7-4b60-8424-e359ec6f806a/datanode-1/data/ratis/cb569368-0f57-4d7d-811f-ec234abf4624 does not exist. Creating ...
2023-10-17 18:54:35,882 [b5355d07-9284-4381-92f8-11cbf4e568d5-groupManagement] INFO  storage.RaftStorageDirectory (RaftStorageDirectoryImpl.java:tryLock(231)) - Lock on /home/runner/work/ozone/ozone/hadoop-ozone/integration-test/target/test-dir/MiniOzoneClusterImpl-6d5b43b8-50d7-4b60-8424-e359ec6f806a/datanode-1/data/ratis/cb569368-0f57-4d7d-811f-ec234abf4624/in_use.lock acquired by nodename 97056@fv-az82-357
2023-10-17 18:54:35,884 [b5355d07-9284-4381-92f8-11cbf4e568d5-groupManagement] INFO  storage.RaftStorage (RaftStorageImpl.java:format(96)) - Storage directory /home/runner/work/ozone/ozone/hadoop-ozone/integration-test/target/test-dir/MiniOzoneClusterImpl-6d5b43b8-50d7-4b60-8424-e359ec6f806a/datanode-1/data/ratis/cb569368-0f57-4d7d-811f-ec234abf4624 has been successfully formatted.
2023-10-17 18:54:35,887 [b5355d07-9284-4381-92f8-11cbf4e568d5-groupManagement] INFO  ratis.ContainerStateMachine (ContainerStateMachine.java:loadSnapshot(262)) - group-EC234ABF4624: The snapshot info is null. Setting the last applied indexto:(t:0, i:~)
2023-10-17 18:54:35,890 [EventQueue-PipelineReportForPipelineReportHandler] INFO  pipeline.PipelineReportHandler (PipelineReportHandler.java:processPipelineReport(136)) - Opened pipeline PipelineID=cb569368-0f57-4d7d-811f-ec234abf4624
2023-10-17 18:54:35,890 [b5355d07-9284-4381-92f8-11cbf4e568d5-groupManagement] INFO  server.RaftServerConfigKeys (ConfUtils.java:logGet(46)) - raft.server.log.use.memory = false (default)
2023-10-17 18:54:35,890 [EventQueue-OpenPipelineForHealthyPipelineSafeModeRule] INFO  safemode.SCMSafeModeManager (HealthyPipelineSafeModeRule.java:process(137)) - SCM in safe mode. Healthy pipelines reported count is 0, required healthy pipeline reported count is 1
2023-10-17 18:54:35,891 [b5355d07-9284-4381-92f8-11cbf4e568d5-groupManagement] INFO  server.RaftServerConfigKeys (ConfUtils.java:logGet(46)) - raft.server.log.purge.gap = 1000000 (custom)
2023-10-17 18:54:35,891 [b5355d07-9284-4381-92f8-11cbf4e568d5-groupManagement] INFO  server.RaftServerConfigKeys (ConfUtils.java:logGet(46)) - raft.server.log.appender.buffer.byte-limit = 33554432 (custom)
2023-10-17 18:54:35,891 [b5355d07-9284-4381-92f8-11cbf4e568d5-groupManagement] INFO  server.RaftServerConfigKeys (ConfUtils.java:logGet(46)) - raft.server.log.statemachine.data.read.timeout = 1000ms (default)
2023-10-17 18:54:35,891 [b5355d07-9284-4381-92f8-11cbf4e568d5-groupManagement] INFO  server.RaftServerConfigKeys (ConfUtils.java:logGet(46)) - raft.server.log.purge.preservation.log.num = 0 (default)
2023-10-17 18:54:35,891 [b5355d07-9284-4381-92f8-11cbf4e568d5-groupManagement] INFO  server.RaftServerConfigKeys (ConfUtils.java:logGet(46)) - raft.server.log.segment.size.max = 1048576 (custom)
2023-10-17 18:54:35,892 [b5355d07-9284-4381-92f8-11cbf4e568d5-groupManagement] INFO  server.RaftServerConfigKeys (ConfUtils.java:logGet(46)) - raft.server.log.segment.cache.num.max = 2 (custom)
2023-10-17 18:54:35,892 [b5355d07-9284-4381-92f8-11cbf4e568d5-groupManagement] INFO  server.RaftServerConfigKeys (ConfUtils.java:logGet(46)) - raft.server.log.segment.cache.size.max = 200MB (=209715200) (default)
2023-10-17 18:54:35,892 [b5355d07-9284-4381-92f8-11cbf4e568d5-groupManagement] INFO  server.RaftServerConfigKeys (ConfUtils.java:logGet(46)) - raft.server.log.appender.buffer.byte-limit = 33554432 (custom)
2023-10-17 18:54:35,892 [b5355d07-9284-4381-92f8-11cbf4e568d5-groupManagement] INFO  segmented.SegmentedRaftLogWorker (SegmentedRaftLogWorker.java:<init>(188)) - new b5355d07-9284-4381-92f8-11cbf4e568d5@group-EC234ABF4624-SegmentedRaftLogWorker for RaftStorageImpl:Storage Directory /home/runner/work/ozone/ozone/hadoop-ozone/integration-test/target/test-dir/MiniOzoneClusterImpl-6d5b43b8-50d7-4b60-8424-e359ec6f806a/datanode-1/data/ratis/cb569368-0f57-4d7d-811f-ec234abf4624
2023-10-17 18:54:35,892 [b5355d07-9284-4381-92f8-11cbf4e568d5-groupManagement] INFO  server.RaftServerConfigKeys (ConfUtils.java:logGet(46)) - raft.server.log.queue.byte-limit = 4294967296 (custom)
2023-10-17 18:54:35,892 [b5355d07-9284-4381-92f8-11cbf4e568d5-groupManagement] INFO  server.RaftServerConfigKeys (ConfUtils.java:logGet(46)) - raft.server.log.queue.element-limit = 1024 (custom)
2023-10-17 18:54:35,892 [b5355d07-9284-4381-92f8-11cbf4e568d5-groupManagement] INFO  server.RaftServerConfigKeys (ConfUtils.java:logGet(46)) - raft.server.log.segment.size.max = 1048576 (custom)
2023-10-17 18:54:35,892 [b5355d07-9284-4381-92f8-11cbf4e568d5-groupManagement] INFO  server.RaftServerConfigKeys (ConfUtils.java:logGet(46)) - raft.server.log.preallocated.size = 16384 (custom)
2023-10-17 18:54:35,892 [b5355d07-9284-4381-92f8-11cbf4e568d5-groupManagement] INFO  server.RaftServerConfigKeys (ConfUtils.java:logGet(46)) - raft.server.log.force.sync.num = 128 (default)
2023-10-17 18:54:35,892 [b5355d07-9284-4381-92f8-11cbf4e568d5-groupManagement] INFO  server.RaftServerConfigKeys (ConfUtils.java:logGet(46)) - raft.server.log.statemachine.data.sync = true (default)
2023-10-17 18:54:35,892 [b5355d07-9284-4381-92f8-11cbf4e568d5-groupManagement] INFO  server.RaftServerConfigKeys (ConfUtils.java:logGet(46)) - raft.server.log.statemachine.data.sync.timeout = 10s (default)
2023-10-17 18:54:35,892 [b5355d07-9284-4381-92f8-11cbf4e568d5-groupManagement] INFO  server.RaftServerConfigKeys (ConfUtils.java:logGet(46)) - raft.server.log.statemachine.data.sync.timeout.retry = -1 (default)
2023-10-17 18:54:35,905 [b5355d07-9284-4381-92f8-11cbf4e568d5-groupManagement] INFO  server.RaftServerConfigKeys (ConfUtils.java:logGet(46)) - raft.server.log.write.buffer.size = 1048576 (custom)
2023-10-17 18:54:35,906 [b5355d07-9284-4381-92f8-11cbf4e568d5-groupManagement] INFO  server.RaftServerConfigKeys (ConfUtils.java:logGet(46)) - raft.server.log.appender.buffer.byte-limit = 33554432 (custom)
2023-10-17 18:54:35,915 [b5355d07-9284-4381-92f8-11cbf4e568d5-groupManagement] INFO  server.RaftServerConfigKeys (ConfUtils.java:logGet(46)) - raft.server.log.unsafe-flush.enabled = false (default)
2023-10-17 18:54:35,918 [b5355d07-9284-4381-92f8-11cbf4e568d5-groupManagement] INFO  server.RaftServerConfigKeys (ConfUtils.java:logGet(46)) - raft.server.log.async-flush.enabled = false (default)
2023-10-17 18:54:35,918 [b5355d07-9284-4381-92f8-11cbf4e568d5-groupManagement] INFO  server.RaftServerConfigKeys (ConfUtils.java:logGet(46)) - raft.server.log.statemachine.data.caching.enabled = true (custom)
2023-10-17 18:54:35,918 [b5355d07-9284-4381-92f8-11cbf4e568d5-groupManagement] INFO  segmented.SegmentedRaftLogWorker (SegmentedRaftLogWorker.java:lambda$new$0(135)) - b5355d07-9284-4381-92f8-11cbf4e568d5@group-EC234ABF4624-SegmentedRaftLogWorker: flushIndex: setUnconditionally 0 -> -1
2023-10-17 18:54:35,918 [b5355d07-9284-4381-92f8-11cbf4e568d5-groupManagement] INFO  segmented.SegmentedRaftLogWorker (SegmentedRaftLogWorker.java:lambda$new$0(135)) - b5355d07-9284-4381-92f8-11cbf4e568d5@group-EC234ABF4624-SegmentedRaftLogWorker: safeCacheEvictIndex: setUnconditionally 0 -> -1
2023-10-17 18:54:35,919 [b5355d07-9284-4381-92f8-11cbf4e568d5-groupManagement] INFO  server.RaftServer$Division (RaftServerImpl.java:start(342)) - b5355d07-9284-4381-92f8-11cbf4e568d5@group-EC234ABF4624: start as a follower, conf=-1: peers:[b5355d07-9284-4381-92f8-11cbf4e568d5|rpc:10.1.0.79:15023|admin:10.1.0.79:15022|client:10.1.0.79:15021|dataStream:10.1.0.79:15024|priority:1|startupRole:FOLLOWER]|listeners:[], old=null
2023-10-17 18:54:35,919 [b5355d07-9284-4381-92f8-11cbf4e568d5-groupManagement] INFO  server.RaftServer$Division (RaftServerImpl.java:setRole(329)) - b5355d07-9284-4381-92f8-11cbf4e568d5@group-EC234ABF4624: changes role from      null to FOLLOWER at term 0 for startAsFollower
2023-10-17 18:54:35,919 [b5355d07-9284-4381-92f8-11cbf4e568d5-groupManagement] INFO  impl.RoleInfo (RoleInfo.java:updateAndGet(139)) - b5355d07-9284-4381-92f8-11cbf4e568d5: start b5355d07-9284-4381-92f8-11cbf4e568d5@group-EC234ABF4624-FollowerState
2023-10-17 18:54:35,919 [b5355d07-9284-4381-92f8-11cbf4e568d5@group-EC234ABF4624-FollowerState] INFO  server.RaftServerConfigKeys (ConfUtils.java:logFallback(53)) - raft.server.rpc.first-election.timeout.min = 5s (fallback to raft.server.rpc.timeout.min)
2023-10-17 18:54:35,919 [b5355d07-9284-4381-92f8-11cbf4e568d5@group-EC234ABF4624-FollowerState] INFO  server.RaftServerConfigKeys (ConfUtils.java:logFallback(53)) - raft.server.rpc.first-election.timeout.max = 5200ms (fallback to raft.server.rpc.timeout.max)
2023-10-17 18:54:35,919 [b5355d07-9284-4381-92f8-11cbf4e568d5-groupManagement] INFO  util.JmxRegister (JmxRegister.java:tryRegister(44)) - Successfully registered JMX Bean with object name Ratis:service=RaftServer,group=group-EC234ABF4624,id=b5355d07-9284-4381-92f8-11cbf4e568d5
2023-10-17 18:54:35,922 [b5355d07-9284-4381-92f8-11cbf4e568d5-groupManagement] INFO  server.RaftServerConfigKeys (ConfUtils.java:logGet(46)) - raft.server.snapshot.auto.trigger.enabled = true (custom)
2023-10-17 18:54:35,922 [b5355d07-9284-4381-92f8-11cbf4e568d5-groupManagement] INFO  server.RaftServerConfigKeys (ConfUtils.java:logGet(46)) - raft.server.snapshot.auto.trigger.threshold = 10000 (custom)
2023-10-17 18:54:35,922 [b5355d07-9284-4381-92f8-11cbf4e568d5-groupManagement] INFO  server.RaftServerConfigKeys (ConfUtils.java:logGet(46)) - raft.server.snapshot.retention.file.num = 5 (custom)
2023-10-17 18:54:35,922 [b5355d07-9284-4381-92f8-11cbf4e568d5-groupManagement] INFO  server.RaftServerConfigKeys (ConfUtils.java:logGet(46)) - raft.server.log.purge.upto.snapshot.index = false (default)
2023-10-17 18:54:35,929 [PipelineCommandHandlerThread-0] INFO  ratis.XceiverServerRatis (XceiverServerRatis.java:addGroup(804)) - Created group PipelineID=cb569368-0f57-4d7d-811f-ec234abf4624
2023-10-17 18:54:35,929 [PipelineCommandHandlerThread-0] INFO  commandhandler.CreatePipelineCommandHandler (CreatePipelineCommandHandler.java:lambda$handle$2(124)) - Created Pipeline RATIS ONE PipelineID=cb569368-0f57-4d7d-811f-ec234abf4624.
2023-10-17 18:54:35,930 [PipelineCommandHandlerThread-0] INFO  server.RaftServer (RaftServerProxy.java:addNew(98)) - b5355d07-9284-4381-92f8-11cbf4e568d5: addNew group-8E1A1391019E:[b2429fc7-5618-4aa2-af46-5079058310ec|rpc:10.1.0.79:15014|admin:10.1.0.79:15013|client:10.1.0.79:15012|dataStream:10.1.0.79:15015|priority:0|startupRole:FOLLOWER, effd9d2c-4905-4e44-ade4-aa9f0e9056f9|rpc:10.1.0.79:15032|admin:10.1.0.79:15031|client:10.1.0.79:15030|dataStream:10.1.0.79:15033|priority:1|startupRole:FOLLOWER, b5355d07-9284-4381-92f8-11cbf4e568d5|rpc:10.1.0.79:15023|admin:10.1.0.79:15022|client:10.1.0.79:15021|dataStream:10.1.0.79:15024|priority:0|startupRole:FOLLOWER] returns group-8E1A1391019E:java.util.concurrent.CompletableFuture@6a9b9b69[Not completed]
2023-10-17 18:54:35,932 [b5355d07-9284-4381-92f8-11cbf4e568d5-groupManagement] INFO  server.RaftServer$Division (RaftServerImpl.java:<init>(198)) - b5355d07-9284-4381-92f8-11cbf4e568d5: new RaftServerImpl for group-8E1A1391019E:[b2429fc7-5618-4aa2-af46-5079058310ec|rpc:10.1.0.79:15014|admin:10.1.0.79:15013|client:10.1.0.79:15012|dataStream:10.1.0.79:15015|priority:0|startupRole:FOLLOWER, effd9d2c-4905-4e44-ade4-aa9f0e9056f9|rpc:10.1.0.79:15032|admin:10.1.0.79:15031|client:10.1.0.79:15030|dataStream:10.1.0.79:15033|priority:1|startupRole:FOLLOWER, b5355d07-9284-4381-92f8-11cbf4e568d5|rpc:10.1.0.79:15023|admin:10.1.0.79:15022|client:10.1.0.79:15021|dataStream:10.1.0.79:15024|priority:0|startupRole:FOLLOWER] with ContainerStateMachine:uninitialized
2023-10-17 18:54:35,932 [b5355d07-9284-4381-92f8-11cbf4e568d5-groupManagement] INFO  server.RaftServerConfigKeys (ConfUtils.java:logGet(46)) - raft.server.rpc.timeout.min = 5s (custom)
2023-10-17 18:54:35,932 [b5355d07-9284-4381-92f8-11cbf4e568d5-groupManagement] INFO  server.RaftServerConfigKeys (ConfUtils.java:logGet(46)) - raft.server.rpc.timeout.max = 5200ms (custom)
2023-10-17 18:54:35,932 [b5355d07-9284-4381-92f8-11cbf4e568d5-groupManagement] INFO  server.RaftServerConfigKeys (ConfUtils.java:logGet(46)) - raft.server.rpc.sleep.time = 25ms (default)
2023-10-17 18:54:35,932 [b5355d07-9284-4381-92f8-11cbf4e568d5-groupManagement] INFO  server.RaftServerConfigKeys (ConfUtils.java:logGet(46)) - raft.server.rpc.slowness.timeout = 300s (custom)
2023-10-17 18:54:35,932 [b5355d07-9284-4381-92f8-11cbf4e568d5-groupManagement] INFO  server.RaftServerConfigKeys (ConfUtils.java:logGet(46)) - raft.server.leaderelection.leader.step-down.wait-time = 10s (default)
2023-10-17 18:54:35,932 [b5355d07-9284-4381-92f8-11cbf4e568d5-groupManagement] INFO  server.RaftServerConfigKeys (ConfUtils.java:logGet(46)) - raft.server.sleep.deviation.threshold = 300ms (default)
2023-10-17 18:54:35,932 [b5355d07-9284-4381-92f8-11cbf4e568d5-groupManagement] INFO  server.RaftServer$Division (ServerState.java:<init>(120)) - b5355d07-9284-4381-92f8-11cbf4e568d5@group-8E1A1391019E: ConfigurationManager, init=-1: peers:[b2429fc7-5618-4aa2-af46-5079058310ec|rpc:10.1.0.79:15014|admin:10.1.0.79:15013|client:10.1.0.79:15012|dataStream:10.1.0.79:15015|priority:0|startupRole:FOLLOWER, effd9d2c-4905-4e44-ade4-aa9f0e9056f9|rpc:10.1.0.79:15032|admin:10.1.0.79:15031|client:10.1.0.79:15030|dataStream:10.1.0.79:15033|priority:1|startupRole:FOLLOWER, b5355d07-9284-4381-92f8-11cbf4e568d5|rpc:10.1.0.79:15023|admin:10.1.0.79:15022|client:10.1.0.79:15021|dataStream:10.1.0.79:15024|priority:0|startupRole:FOLLOWER]|listeners:[], old=null, confs=<EMPTY_MAP>
2023-10-17 18:54:35,932 [b5355d07-9284-4381-92f8-11cbf4e568d5-groupManagement] INFO  server.RaftServerConfigKeys (ConfUtils.java:logGet(46)) - raft.server.storage.dir = [/home/runner/work/ozone/ozone/hadoop-ozone/integration-test/target/test-dir/MiniOzoneClusterImpl-6d5b43b8-50d7-4b60-8424-e359ec6f806a/datanode-1/data/ratis] (custom)
2023-10-17 18:54:35,932 [b5355d07-9284-4381-92f8-11cbf4e568d5-groupManagement] INFO  server.RaftServerConfigKeys (ConfUtils.java:logGet(46)) - raft.server.log.corruption.policy = EXCEPTION (default)
2023-10-17 18:54:35,932 [b5355d07-9284-4381-92f8-11cbf4e568d5-groupManagement] INFO  server.RaftServerConfigKeys (ConfUtils.java:logGet(46)) - raft.server.storage.free-space.min = 0MB (=0) (default)
2023-10-17 18:54:35,933 [b5355d07-9284-4381-92f8-11cbf4e568d5-groupManagement] INFO  server.RaftServerConfigKeys (ConfUtils.java:logGet(46)) - raft.server.notification.no-leader.timeout = 300s (custom)
2023-10-17 18:54:35,933 [b5355d07-9284-4381-92f8-11cbf4e568d5-groupManagement] INFO  server.RaftServerConfigKeys (ConfUtils.java:logGet(46)) - raft.server.read.timeout = 10s (default)
2023-10-17 18:54:35,933 [b5355d07-9284-4381-92f8-11cbf4e568d5-groupManagement] INFO  server.RaftServerConfigKeys (ConfUtils.java:logGet(46)) - raft.server.retrycache.expirytime = 600000ms (custom)
2023-10-17 18:54:35,933 [b5355d07-9284-4381-92f8-11cbf4e568d5-groupManagement] INFO  server.RaftServerConfigKeys (ConfUtils.java:logGet(46)) - raft.server.retrycache.statistics.expirytime = 100μs (default)
2023-10-17 18:54:35,933 [b5355d07-9284-4381-92f8-11cbf4e568d5-groupManagement] INFO  server.RaftServerConfigKeys (ConfUtils.java:logGet(46)) - raft.server.read.option = DEFAULT (default)
2023-10-17 18:54:35,935 [b5355d07-9284-4381-92f8-11cbf4e568d5-groupManagement] INFO  server.RaftServerConfigKeys (ConfUtils.java:logGet(46)) - raft.server.rpc.request.timeout = 60s (custom)
2023-10-17 18:54:35,935 [b5355d07-9284-4381-92f8-11cbf4e568d5-groupManagement] INFO  server.RaftServerConfigKeys (ConfUtils.java:logGet(46)) - raft.server.log.appender.install.snapshot.enabled = false (custom)
2023-10-17 18:54:35,935 [b5355d07-9284-4381-92f8-11cbf4e568d5-groupManagement] INFO  server.RaftServerConfigKeys (ConfUtils.java:logGet(46)) - raft.server.threadpool.server.cached = true (default)
2023-10-17 18:54:35,935 [b5355d07-9284-4381-92f8-11cbf4e568d5-groupManagement] INFO  server.RaftServerConfigKeys (ConfUtils.java:logGet(46)) - raft.server.threadpool.server.size = 0 (default)
2023-10-17 18:54:35,935 [b5355d07-9284-4381-92f8-11cbf4e568d5-groupManagement] INFO  server.RaftServerConfigKeys (ConfUtils.java:logGet(46)) - raft.server.threadpool.client.cached = true (default)
2023-10-17 18:54:35,935 [b5355d07-9284-4381-92f8-11cbf4e568d5-groupManagement] INFO  server.RaftServerConfigKeys (ConfUtils.java:logGet(46)) - raft.server.threadpool.client.size = 0 (default)
2023-10-17 18:54:35,935 [b5355d07-9284-4381-92f8-11cbf4e568d5-groupManagement] INFO  storage.RaftStorageDirectory (RaftStorageDirectoryImpl.java:analyzeStorage(137)) - The storage directory /home/runner/work/ozone/ozone/hadoop-ozone/integration-test/target/test-dir/MiniOzoneClusterImpl-6d5b43b8-50d7-4b60-8424-e359ec6f806a/datanode-1/data/ratis/67d87026-09a9-434e-bf9a-8e1a1391019e does not exist. Creating ...
2023-10-17 18:54:35,937 [b5355d07-9284-4381-92f8-11cbf4e568d5-groupManagement] INFO  storage.RaftStorageDirectory (RaftStorageDirectoryImpl.java:tryLock(231)) - Lock on /home/runner/work/ozone/ozone/hadoop-ozone/integration-test/target/test-dir/MiniOzoneClusterImpl-6d5b43b8-50d7-4b60-8424-e359ec6f806a/datanode-1/data/ratis/67d87026-09a9-434e-bf9a-8e1a1391019e/in_use.lock acquired by nodename 97056@fv-az82-357
2023-10-17 18:54:35,938 [IPC Server handler 10 on default port 15002] INFO  net.NetworkTopologyImpl (NetworkTopologyImpl.java:add(112)) - Added a new node: /default-rack/7a0123dc-2631-482f-afc4-3bb35f550263
2023-10-17 18:54:35,939 [IPC Server handler 10 on default port 15002] INFO  node.SCMNodeManager (SCMNodeManager.java:register(405)) - Registered Data node : 7a0123dc-2631-482f-afc4-3bb35f550263{ip: 10.1.0.79, host: fv-az82-357.ou3itxwc2spe5nxnxxppousbrf.dx.internal.cloudapp.net, ports: [HTTP=15081, CLIENT_RPC=15082, REPLICATION=15088, RATIS=15084, RATIS_ADMIN=15085, RATIS_SERVER=15086, RATIS_DATASTREAM=15087, STANDALONE=15083], networkLocation: /default-rack, certSerialId: null, persistedOpState: null, persistedOpStateExpiryEpochSec: 0}
2023-10-17 18:54:35,940 [EventQueue-NewNodeForNewNodeHandler] INFO  pipeline.BackgroundPipelineCreator (BackgroundPipelineCreator.java:notifyEventTriggered(277)) - trigger a one-shot run on RatisPipelineUtilsThread.
2023-10-17 18:54:35,941 [RatisPipelineUtilsThread - 0] INFO  pipeline.RatisPipelineProvider (RatisPipelineProvider.java:lambda$create$0(206)) - Sending CreatePipelineCommand for pipeline:PipelineID=c2511b82-0a83-46ae-a3b6-20f0375d81ca to datanode:7a0123dc-2631-482f-afc4-3bb35f550263
2023-10-17 18:54:35,942 [RatisPipelineUtilsThread - 0] INFO  pipeline.BackgroundPipelineCreator (BackgroundPipelineCreator.java:createPipelines(233)) - Created new pipeline Pipeline[ Id: c2511b82-0a83-46ae-a3b6-20f0375d81ca, Nodes: 7a0123dc-2631-482f-afc4-3bb35f550263(fv-az82-357.ou3itxwc2spe5nxnxxppousbrf.dx.internal.cloudapp.net/10.1.0.79), ReplicationConfig: RATIS/ONE, State:ALLOCATED, leaderId:, CreationTimestamp2023-10-17T18:54:35.941Z[Etc/UTC]]
2023-10-17 18:54:35,943 [RatisPipelineUtilsThread - 0] INFO  pipeline.RatisPipelineProvider (RatisPipelineProvider.java:lambda$create$0(206)) - Sending CreatePipelineCommand for pipeline:PipelineID=9389bb51-d03c-4c0b-969d-fd33b511fc74 to datanode:9f5ee6cc-18ea-4245-a4cd-5944efe2ec09
2023-10-17 18:54:35,943 [RatisPipelineUtilsThread - 0] INFO  pipeline.RatisPipelineProvider (RatisPipelineProvider.java:lambda$create$0(206)) - Sending CreatePipelineCommand for pipeline:PipelineID=9389bb51-d03c-4c0b-969d-fd33b511fc74 to datanode:c3f8e5ad-ff25-4bb1-b821-874019ad4281
2023-10-17 18:54:35,943 [RatisPipelineUtilsThread - 0] INFO  pipeline.RatisPipelineProvider (RatisPipelineProvider.java:lambda$create$0(206)) - Sending CreatePipelineCommand for pipeline:PipelineID=9389bb51-d03c-4c0b-969d-fd33b511fc74 to datanode:7a0123dc-2631-482f-afc4-3bb35f550263
2023-10-17 18:54:35,944 [RatisPipelineUtilsThread - 0] INFO  pipeline.BackgroundPipelineCreator (BackgroundPipelineCreator.java:createPipelines(233)) - Created new pipeline Pipeline[ Id: 9389bb51-d03c-4c0b-969d-fd33b511fc74, Nodes: 9f5ee6cc-18ea-4245-a4cd-5944efe2ec09(fv-az82-357.ou3itxwc2spe5nxnxxppousbrf.dx.internal.cloudapp.net/10.1.0.79)c3f8e5ad-ff25-4bb1-b821-874019ad4281(fv-az82-357.ou3itxwc2spe5nxnxxppousbrf.dx.internal.cloudapp.net/10.1.0.79)7a0123dc-2631-482f-afc4-3bb35f550263(fv-az82-357.ou3itxwc2spe5nxnxxppousbrf.dx.internal.cloudapp.net/10.1.0.79), ReplicationConfig: RATIS/THREE, State:ALLOCATED, leaderId:, CreationTimestamp2023-10-17T18:54:35.943Z[Etc/UTC]]
2023-10-17 18:54:35,945 [RatisPipelineUtilsThread - 0] INFO  pipeline.RatisPipelineProvider (RatisPipelineProvider.java:lambda$create$0(206)) - Sending CreatePipelineCommand for pipeline:PipelineID=4b423c15-5f81-4890-a592-fcb9cadd0502 to datanode:9f5ee6cc-18ea-4245-a4cd-5944efe2ec09
2023-10-17 18:54:35,945 [RatisPipelineUtilsThread - 0] INFO  pipeline.RatisPipelineProvider (RatisPipelineProvider.java:lambda$create$0(206)) - Sending CreatePipelineCommand for pipeline:PipelineID=4b423c15-5f81-4890-a592-fcb9cadd0502 to datanode:c3f8e5ad-ff25-4bb1-b821-874019ad4281
2023-10-17 18:54:35,946 [RatisPipelineUtilsThread - 0] INFO  pipeline.RatisPipelineProvider (RatisPipelineProvider.java:lambda$create$0(206)) - Sending CreatePipelineCommand for pipeline:PipelineID=4b423c15-5f81-4890-a592-fcb9cadd0502 to datanode:7a0123dc-2631-482f-afc4-3bb35f550263
2023-10-17 18:54:35,946 [RatisPipelineUtilsThread - 0] INFO  pipeline.PipelineManagerImpl (PipelineManagerImpl.java:recordMetricsForPipeline(895)) - Pipeline: PipelineID=4b423c15-5f81-4890-a592-fcb9cadd0502 contains same datanodes as previous pipelines: PipelineID=9389bb51-d03c-4c0b-969d-fd33b511fc74 nodeIds: 9f5ee6cc-18ea-4245-a4cd-5944efe2ec09, c3f8e5ad-ff25-4bb1-b821-874019ad4281, 7a0123dc-2631-482f-afc4-3bb35f550263
2023-10-17 18:54:35,947 [RatisPipelineUtilsThread - 0] INFO  pipeline.BackgroundPipelineCreator (BackgroundPipelineCreator.java:createPipelines(233)) - Created new pipeline Pipeline[ Id: 4b423c15-5f81-4890-a592-fcb9cadd0502, Nodes: 9f5ee6cc-18ea-4245-a4cd-5944efe2ec09(fv-az82-357.ou3itxwc2spe5nxnxxppousbrf.dx.internal.cloudapp.net/10.1.0.79)c3f8e5ad-ff25-4bb1-b821-874019ad4281(fv-az82-357.ou3itxwc2spe5nxnxxppousbrf.dx.internal.cloudapp.net/10.1.0.79)7a0123dc-2631-482f-afc4-3bb35f550263(fv-az82-357.ou3itxwc2spe5nxnxxppousbrf.dx.internal.cloudapp.net/10.1.0.79), ReplicationConfig: RATIS/THREE, State:ALLOCATED, leaderId:, CreationTimestamp2023-10-17T18:54:35.945Z[Etc/UTC]]
2023-10-17 18:54:35,949 [b5355d07-9284-4381-92f8-11cbf4e568d5-groupManagement] INFO  storage.RaftStorage (RaftStorageImpl.java:format(96)) - Storage directory /home/runner/work/ozone/ozone/hadoop-ozone/integration-test/target/test-dir/MiniOzoneClusterImpl-6d5b43b8-50d7-4b60-8424-e359ec6f806a/datanode-1/data/ratis/67d87026-09a9-434e-bf9a-8e1a1391019e has been successfully formatted.
2023-10-17 18:54:35,953 [b5355d07-9284-4381-92f8-11cbf4e568d5-groupManagement] INFO  ratis.ContainerStateMachine (ContainerStateMachine.java:loadSnapshot(262)) - group-8E1A1391019E: The snapshot info is null. Setting the last applied indexto:(t:0, i:~)
2023-10-17 18:54:35,959 [EventQueue-OpenPipelineForHealthyPipelineSafeModeRule] INFO  safemode.SCMSafeModeManager (HealthyPipelineSafeModeRule.java:process(137)) - SCM in safe mode. Healthy pipelines reported count is 0, required healthy pipeline reported count is 1
2023-10-17 18:54:35,964 [b5355d07-9284-4381-92f8-11cbf4e568d5-groupManagement] INFO  server.RaftServerConfigKeys (ConfUtils.java:logGet(46)) - raft.server.log.use.memory = false (default)
2023-10-17 18:54:35,965 [b5355d07-9284-4381-92f8-11cbf4e568d5-groupManagement] INFO  server.RaftServerConfigKeys (ConfUtils.java:logGet(46)) - raft.server.log.purge.gap = 1000000 (custom)
2023-10-17 18:54:35,965 [b5355d07-9284-4381-92f8-11cbf4e568d5-groupManagement] INFO  server.RaftServerConfigKeys (ConfUtils.java:logGet(46)) - raft.server.log.appender.buffer.byte-limit = 33554432 (custom)
2023-10-17 18:54:35,965 [b5355d07-9284-4381-92f8-11cbf4e568d5-groupManagement] INFO  server.RaftServerConfigKeys (ConfUtils.java:logGet(46)) - raft.server.log.statemachine.data.read.timeout = 1000ms (default)
2023-10-17 18:54:35,965 [b5355d07-9284-4381-92f8-11cbf4e568d5-groupManagement] INFO  server.RaftServerConfigKeys (ConfUtils.java:logGet(46)) - raft.server.log.purge.preservation.log.num = 0 (default)
2023-10-17 18:54:35,966 [b5355d07-9284-4381-92f8-11cbf4e568d5-groupManagement] INFO  server.RaftServerConfigKeys (ConfUtils.java:logGet(46)) - raft.server.log.segment.size.max = 1048576 (custom)
2023-10-17 18:54:35,966 [b5355d07-9284-4381-92f8-11cbf4e568d5-groupManagement] INFO  server.RaftServerConfigKeys (ConfUtils.java:logGet(46)) - raft.server.log.segment.cache.num.max = 2 (custom)
2023-10-17 18:54:35,967 [b5355d07-9284-4381-92f8-11cbf4e568d5-groupManagement] INFO  server.RaftServerConfigKeys (ConfUtils.java:logGet(46)) - raft.server.log.segment.cache.size.max = 200MB (=209715200) (default)
2023-10-17 18:54:35,967 [b5355d07-9284-4381-92f8-11cbf4e568d5-groupManagement] INFO  server.RaftServerConfigKeys (ConfUtils.java:logGet(46)) - raft.server.log.appender.buffer.byte-limit = 33554432 (custom)
2023-10-17 18:54:35,967 [b5355d07-9284-4381-92f8-11cbf4e568d5-groupManagement] INFO  segmented.SegmentedRaftLogWorker (SegmentedRaftLogWorker.java:<init>(188)) - new b5355d07-9284-4381-92f8-11cbf4e568d5@group-8E1A1391019E-SegmentedRaftLogWorker for RaftStorageImpl:Storage Directory /home/runner/work/ozone/ozone/hadoop-ozone/integration-test/target/test-dir/MiniOzoneClusterImpl-6d5b43b8-50d7-4b60-8424-e359ec6f806a/datanode-1/data/ratis/67d87026-09a9-434e-bf9a-8e1a1391019e
2023-10-17 18:54:35,967 [b5355d07-9284-4381-92f8-11cbf4e568d5-groupManagement] INFO  server.RaftServerConfigKeys (ConfUtils.java:logGet(46)) - raft.server.log.queue.byte-limit = 4294967296 (custom)
2023-10-17 18:54:35,967 [b5355d07-9284-4381-92f8-11cbf4e568d5-groupManagement] INFO  server.RaftServerConfigKeys (ConfUtils.java:logGet(46)) - raft.server.log.queue.element-limit = 1024 (custom)
2023-10-17 18:54:35,967 [b5355d07-9284-4381-92f8-11cbf4e568d5-groupManagement] INFO  server.RaftServerConfigKeys (ConfUtils.java:logGet(46)) - raft.server.log.segment.size.max = 1048576 (custom)
2023-10-17 18:54:35,967 [b5355d07-9284-4381-92f8-11cbf4e568d5-groupManagement] INFO  server.RaftServerConfigKeys (ConfUtils.java:logGet(46)) - raft.server.log.preallocated.size = 16384 (custom)
2023-10-17 18:54:35,967 [b5355d07-9284-4381-92f8-11cbf4e568d5-groupManagement] INFO  server.RaftServerConfigKeys (ConfUtils.java:logGet(46)) - raft.server.log.force.sync.num = 128 (default)
2023-10-17 18:54:35,967 [b5355d07-9284-4381-92f8-11cbf4e568d5-groupManagement] INFO  server.RaftServerConfigKeys (ConfUtils.java:logGet(46)) - raft.server.log.statemachine.data.sync = true (default)
2023-10-17 18:54:35,967 [b5355d07-9284-4381-92f8-11cbf4e568d5-groupManagement] INFO  server.RaftServerConfigKeys (ConfUtils.java:logGet(46)) - raft.server.log.statemachine.data.sync.timeout = 10s (default)
2023-10-17 18:54:35,967 [b5355d07-9284-4381-92f8-11cbf4e568d5-groupManagement] INFO  server.RaftServerConfigKeys (ConfUtils.java:logGet(46)) - raft.server.log.statemachine.data.sync.timeout.retry = -1 (default)
2023-10-17 18:54:35,970 [b5355d07-9284-4381-92f8-11cbf4e568d5-groupManagement] INFO  server.RaftServerConfigKeys (ConfUtils.java:logGet(46)) - raft.server.log.write.buffer.size = 1048576 (custom)
2023-10-17 18:54:35,972 [b5355d07-9284-4381-92f8-11cbf4e568d5-groupManagement] INFO  server.RaftServerConfigKeys (ConfUtils.java:logGet(46)) - raft.server.log.appender.buffer.byte-limit = 33554432 (custom)
2023-10-17 18:54:35,979 [b5355d07-9284-4381-92f8-11cbf4e568d5-groupManagement] INFO  server.RaftServerConfigKeys (ConfUtils.java:logGet(46)) - raft.server.log.unsafe-flush.enabled = false (default)
2023-10-17 18:54:35,979 [b5355d07-9284-4381-92f8-11cbf4e568d5-groupManagement] INFO  server.RaftServerConfigKeys (ConfUtils.java:logGet(46)) - raft.server.log.async-flush.enabled = false (default)
2023-10-17 18:54:35,979 [b5355d07-9284-4381-92f8-11cbf4e568d5-groupManagement] INFO  server.RaftServerConfigKeys (ConfUtils.java:logGet(46)) - raft.server.log.statemachine.data.caching.enabled = true (custom)
2023-10-17 18:54:35,980 [b5355d07-9284-4381-92f8-11cbf4e568d5-groupManagement] INFO  segmented.SegmentedRaftLogWorker (SegmentedRaftLogWorker.java:lambda$new$0(135)) - b5355d07-9284-4381-92f8-11cbf4e568d5@group-8E1A1391019E-SegmentedRaftLogWorker: flushIndex: setUnconditionally 0 -> -1
2023-10-17 18:54:35,980 [b5355d07-9284-4381-92f8-11cbf4e568d5-groupManagement] INFO  segmented.SegmentedRaftLogWorker (SegmentedRaftLogWorker.java:lambda$new$0(135)) - b5355d07-9284-4381-92f8-11cbf4e568d5@group-8E1A1391019E-SegmentedRaftLogWorker: safeCacheEvictIndex: setUnconditionally 0 -> -1
2023-10-17 18:54:35,980 [b5355d07-9284-4381-92f8-11cbf4e568d5-groupManagement] INFO  server.RaftServer$Division (RaftServerImpl.java:start(342)) - b5355d07-9284-4381-92f8-11cbf4e568d5@group-8E1A1391019E: start as a follower, conf=-1: peers:[b2429fc7-5618-4aa2-af46-5079058310ec|rpc:10.1.0.79:15014|admin:10.1.0.79:15013|client:10.1.0.79:15012|dataStream:10.1.0.79:15015|priority:0|startupRole:FOLLOWER, effd9d2c-4905-4e44-ade4-aa9f0e9056f9|rpc:10.1.0.79:15032|admin:10.1.0.79:15031|client:10.1.0.79:15030|dataStream:10.1.0.79:15033|priority:1|startupRole:FOLLOWER, b5355d07-9284-4381-92f8-11cbf4e568d5|rpc:10.1.0.79:15023|admin:10.1.0.79:15022|client:10.1.0.79:15021|dataStream:10.1.0.79:15024|priority:0|startupRole:FOLLOWER]|listeners:[], old=null
2023-10-17 18:54:35,980 [b5355d07-9284-4381-92f8-11cbf4e568d5-groupManagement] INFO  server.RaftServer$Division (RaftServerImpl.java:setRole(329)) - b5355d07-9284-4381-92f8-11cbf4e568d5@group-8E1A1391019E: changes role from      null to FOLLOWER at term 0 for startAsFollower
2023-10-17 18:54:35,980 [b5355d07-9284-4381-92f8-11cbf4e568d5-groupManagement] INFO  impl.RoleInfo (RoleInfo.java:updateAndGet(139)) - b5355d07-9284-4381-92f8-11cbf4e568d5: start b5355d07-9284-4381-92f8-11cbf4e568d5@group-8E1A1391019E-FollowerState
2023-10-17 18:54:35,981 [b5355d07-9284-4381-92f8-11cbf4e568d5-groupManagement] INFO  util.JmxRegister (JmxRegister.java:tryRegister(44)) - Successfully registered JMX Bean with object name Ratis:service=RaftServer,group=group-8E1A1391019E,id=b5355d07-9284-4381-92f8-11cbf4e568d5
2023-10-17 18:54:35,981 [b5355d07-9284-4381-92f8-11cbf4e568d5-groupManagement] INFO  server.RaftServerConfigKeys (ConfUtils.java:logGet(46)) - raft.server.snapshot.auto.trigger.enabled = true (custom)
2023-10-17 18:54:35,981 [b5355d07-9284-4381-92f8-11cbf4e568d5-groupManagement] INFO  server.RaftServerConfigKeys (ConfUtils.java:logGet(46)) - raft.server.snapshot.auto.trigger.threshold = 10000 (custom)
2023-10-17 18:54:35,981 [b5355d07-9284-4381-92f8-11cbf4e568d5-groupManagement] INFO  server.RaftServerConfigKeys (ConfUtils.java:logGet(46)) - raft.server.snapshot.retention.file.num = 5 (custom)
2023-10-17 18:54:35,981 [b5355d07-9284-4381-92f8-11cbf4e568d5-groupManagement] INFO  server.RaftServerConfigKeys (ConfUtils.java:logGet(46)) - raft.server.log.purge.upto.snapshot.index = false (default)
2023-10-17 18:54:35,982 [b5355d07-9284-4381-92f8-11cbf4e568d5@group-8E1A1391019E-FollowerState] INFO  server.RaftServerConfigKeys (ConfUtils.java:logFallback(53)) - raft.server.rpc.first-election.timeout.min = 5s (fallback to raft.server.rpc.timeout.min)
2023-10-17 18:54:35,985 [PipelineCommandHandlerThread-0] INFO  ratis.XceiverServerRatis (XceiverServerRatis.java:addGroup(804)) - Created group PipelineID=67d87026-09a9-434e-bf9a-8e1a1391019e
2023-10-17 18:54:36,000 [b5355d07-9284-4381-92f8-11cbf4e568d5@group-8E1A1391019E-FollowerState] INFO  server.RaftServerConfigKeys (ConfUtils.java:logFallback(53)) - raft.server.rpc.first-election.timeout.max = 5200ms (fallback to raft.server.rpc.timeout.max)
2023-10-17 18:54:36,201 [grpc-default-executor-0] INFO  server.RaftServer (RaftServerProxy.java:addNew(98)) - effd9d2c-4905-4e44-ade4-aa9f0e9056f9: addNew group-8E1A1391019E:[b2429fc7-5618-4aa2-af46-5079058310ec|rpc:10.1.0.79:15014|admin:10.1.0.79:15013|client:10.1.0.79:15012|dataStream:10.1.0.79:15015|priority:0|startupRole:FOLLOWER, effd9d2c-4905-4e44-ade4-aa9f0e9056f9|rpc:10.1.0.79:15032|admin:10.1.0.79:15031|client:10.1.0.79:15030|dataStream:10.1.0.79:15033|priority:1|startupRole:FOLLOWER, b5355d07-9284-4381-92f8-11cbf4e568d5|rpc:10.1.0.79:15023|admin:10.1.0.79:15022|client:10.1.0.79:15021|dataStream:10.1.0.79:15024|priority:0|startupRole:FOLLOWER] returns group-8E1A1391019E:java.util.concurrent.CompletableFuture@6ff3dbdb[Not completed]
2023-10-17 18:54:36,202 [effd9d2c-4905-4e44-ade4-aa9f0e9056f9-groupManagement] INFO  server.RaftServer$Division (RaftServerImpl.java:<init>(198)) - effd9d2c-4905-4e44-ade4-aa9f0e9056f9: new RaftServerImpl for group-8E1A1391019E:[b2429fc7-5618-4aa2-af46-5079058310ec|rpc:10.1.0.79:15014|admin:10.1.0.79:15013|client:10.1.0.79:15012|dataStream:10.1.0.79:15015|priority:0|startupRole:FOLLOWER, effd9d2c-4905-4e44-ade4-aa9f0e9056f9|rpc:10.1.0.79:15032|admin:10.1.0.79:15031|client:10.1.0.79:15030|dataStream:10.1.0.79:15033|priority:1|startupRole:FOLLOWER, b5355d07-9284-4381-92f8-11cbf4e568d5|rpc:10.1.0.79:15023|admin:10.1.0.79:15022|client:10.1.0.79:15021|dataStream:10.1.0.79:15024|priority:0|startupRole:FOLLOWER] with ContainerStateMachine:uninitialized
2023-10-17 18:54:36,203 [effd9d2c-4905-4e44-ade4-aa9f0e9056f9-groupManagement] INFO  server.RaftServerConfigKeys (ConfUtils.java:logGet(46)) - raft.server.rpc.timeout.min = 5s (custom)
2023-10-17 18:54:36,204 [effd9d2c-4905-4e44-ade4-aa9f0e9056f9-groupManagement] INFO  server.RaftServerConfigKeys (ConfUtils.java:logGet(46)) - raft.server.rpc.timeout.max = 5200ms (custom)
2023-10-17 18:54:36,204 [effd9d2c-4905-4e44-ade4-aa9f0e9056f9-groupManagement] INFO  server.RaftServerConfigKeys (ConfUtils.java:logGet(46)) - raft.server.rpc.sleep.time = 25ms (default)
2023-10-17 18:54:36,204 [effd9d2c-4905-4e44-ade4-aa9f0e9056f9-groupManagement] INFO  server.RaftServerConfigKeys (ConfUtils.java:logGet(46)) - raft.server.rpc.slowness.timeout = 300s (custom)
2023-10-17 18:54:36,204 [effd9d2c-4905-4e44-ade4-aa9f0e9056f9-groupManagement] INFO  server.RaftServerConfigKeys (ConfUtils.java:logGet(46)) - raft.server.leaderelection.leader.step-down.wait-time = 10s (default)
2023-10-17 18:54:36,204 [effd9d2c-4905-4e44-ade4-aa9f0e9056f9-groupManagement] INFO  server.RaftServerConfigKeys (ConfUtils.java:logGet(46)) - raft.server.sleep.deviation.threshold = 300ms (default)
2023-10-17 18:54:36,204 [effd9d2c-4905-4e44-ade4-aa9f0e9056f9-groupManagement] INFO  server.RaftServer$Division (ServerState.java:<init>(120)) - effd9d2c-4905-4e44-ade4-aa9f0e9056f9@group-8E1A1391019E: ConfigurationManager, init=-1: peers:[b2429fc7-5618-4aa2-af46-5079058310ec|rpc:10.1.0.79:15014|admin:10.1.0.79:15013|client:10.1.0.79:15012|dataStream:10.1.0.79:15015|priority:0|startupRole:FOLLOWER, effd9d2c-4905-4e44-ade4-aa9f0e9056f9|rpc:10.1.0.79:15032|admin:10.1.0.79:15031|client:10.1.0.79:15030|dataStream:10.1.0.79:15033|priority:1|startupRole:FOLLOWER, b5355d07-9284-4381-92f8-11cbf4e568d5|rpc:10.1.0.79:15023|admin:10.1.0.79:15022|client:10.1.0.79:15021|dataStream:10.1.0.79:15024|priority:0|startupRole:FOLLOWER]|listeners:[], old=null, confs=<EMPTY_MAP>
2023-10-17 18:54:36,204 [effd9d2c-4905-4e44-ade4-aa9f0e9056f9-groupManagement] INFO  server.RaftServerConfigKeys (ConfUtils.java:logGet(46)) - raft.server.storage.dir = [/home/runner/work/ozone/ozone/hadoop-ozone/integration-test/target/test-dir/MiniOzoneClusterImpl-6d5b43b8-50d7-4b60-8424-e359ec6f806a/datanode-2/data/ratis] (custom)
2023-10-17 18:54:36,204 [effd9d2c-4905-4e44-ade4-aa9f0e9056f9-groupManagement] INFO  server.RaftServerConfigKeys (ConfUtils.java:logGet(46)) - raft.server.log.corruption.policy = EXCEPTION (default)
2023-10-17 18:54:36,204 [effd9d2c-4905-4e44-ade4-aa9f0e9056f9-groupManagement] INFO  server.RaftServerConfigKeys (ConfUtils.java:logGet(46)) - raft.server.storage.free-space.min = 0MB (=0) (default)
2023-10-17 18:54:36,204 [effd9d2c-4905-4e44-ade4-aa9f0e9056f9-groupManagement] INFO  server.RaftServerConfigKeys (ConfUtils.java:logGet(46)) - raft.server.notification.no-leader.timeout = 300s (custom)
2023-10-17 18:54:36,205 [effd9d2c-4905-4e44-ade4-aa9f0e9056f9-groupManagement] INFO  server.RaftServerConfigKeys (ConfUtils.java:logGet(46)) - raft.server.read.timeout = 10s (default)
2023-10-17 18:54:36,205 [effd9d2c-4905-4e44-ade4-aa9f0e9056f9-groupManagement] INFO  server.RaftServerConfigKeys (ConfUtils.java:logGet(46)) - raft.server.retrycache.expirytime = 600000ms (custom)
2023-10-17 18:54:36,205 [effd9d2c-4905-4e44-ade4-aa9f0e9056f9-groupManagement] INFO  server.RaftServerConfigKeys (ConfUtils.java:logGet(46)) - raft.server.retrycache.statistics.expirytime = 100μs (default)
2023-10-17 18:54:36,205 [effd9d2c-4905-4e44-ade4-aa9f0e9056f9-groupManagement] INFO  server.RaftServerConfigKeys (ConfUtils.java:logGet(46)) - raft.server.read.option = DEFAULT (default)
2023-10-17 18:54:36,206 [effd9d2c-4905-4e44-ade4-aa9f0e9056f9-groupManagement] INFO  server.RaftServerConfigKeys (ConfUtils.java:logGet(46)) - raft.server.rpc.request.timeout = 60s (custom)
2023-10-17 18:54:36,206 [effd9d2c-4905-4e44-ade4-aa9f0e9056f9-groupManagement] INFO  server.RaftServerConfigKeys (ConfUtils.java:logGet(46)) - raft.server.log.appender.install.snapshot.enabled = false (custom)
2023-10-17 18:54:36,207 [effd9d2c-4905-4e44-ade4-aa9f0e9056f9-groupManagement] INFO  server.RaftServerConfigKeys (ConfUtils.java:logGet(46)) - raft.server.threadpool.server.cached = true (default)
2023-10-17 18:54:36,207 [effd9d2c-4905-4e44-ade4-aa9f0e9056f9-groupManagement] INFO  server.RaftServerConfigKeys (ConfUtils.java:logGet(46)) - raft.server.threadpool.server.size = 0 (default)
2023-10-17 18:54:36,207 [effd9d2c-4905-4e44-ade4-aa9f0e9056f9-groupManagement] INFO  server.RaftServerConfigKeys (ConfUtils.java:logGet(46)) - raft.server.threadpool.client.cached = true (default)
2023-10-17 18:54:36,207 [effd9d2c-4905-4e44-ade4-aa9f0e9056f9-groupManagement] INFO  server.RaftServerConfigKeys (ConfUtils.java:logGet(46)) - raft.server.threadpool.client.size = 0 (default)
2023-10-17 18:54:36,209 [effd9d2c-4905-4e44-ade4-aa9f0e9056f9-groupManagement] INFO  storage.RaftStorageDirectory (RaftStorageDirectoryImpl.java:analyzeStorage(137)) - The storage directory /home/runner/work/ozone/ozone/hadoop-ozone/integration-test/target/test-dir/MiniOzoneClusterImpl-6d5b43b8-50d7-4b60-8424-e359ec6f806a/datanode-2/data/ratis/67d87026-09a9-434e-bf9a-8e1a1391019e does not exist. Creating ...
2023-10-17 18:54:36,212 [effd9d2c-4905-4e44-ade4-aa9f0e9056f9-groupManagement] INFO  storage.RaftStorageDirectory (RaftStorageDirectoryImpl.java:tryLock(231)) - Lock on /home/runner/work/ozone/ozone/hadoop-ozone/integration-test/target/test-dir/MiniOzoneClusterImpl-6d5b43b8-50d7-4b60-8424-e359ec6f806a/datanode-2/data/ratis/67d87026-09a9-434e-bf9a-8e1a1391019e/in_use.lock acquired by nodename 97056@fv-az82-357
2023-10-17 18:54:36,215 [effd9d2c-4905-4e44-ade4-aa9f0e9056f9-groupManagement] INFO  storage.RaftStorage (RaftStorageImpl.java:format(96)) - Storage directory /home/runner/work/ozone/ozone/hadoop-ozone/integration-test/target/test-dir/MiniOzoneClusterImpl-6d5b43b8-50d7-4b60-8424-e359ec6f806a/datanode-2/data/ratis/67d87026-09a9-434e-bf9a-8e1a1391019e has been successfully formatted.
2023-10-17 18:54:36,222 [effd9d2c-4905-4e44-ade4-aa9f0e9056f9-groupManagement] INFO  ratis.ContainerStateMachine (ContainerStateMachine.java:loadSnapshot(262)) - group-8E1A1391019E: The snapshot info is null. Setting the last applied indexto:(t:0, i:~)
2023-10-17 18:54:36,223 [effd9d2c-4905-4e44-ade4-aa9f0e9056f9-groupManagement] INFO  server.RaftServerConfigKeys (ConfUtils.java:logGet(46)) - raft.server.log.use.memory = false (default)
2023-10-17 18:54:36,223 [effd9d2c-4905-4e44-ade4-aa9f0e9056f9-groupManagement] INFO  server.RaftServerConfigKeys (ConfUtils.java:logGet(46)) - raft.server.log.purge.gap = 1000000 (custom)
2023-10-17 18:54:36,223 [effd9d2c-4905-4e44-ade4-aa9f0e9056f9-groupManagement] INFO  server.RaftServerConfigKeys (ConfUtils.java:logGet(46)) - raft.server.log.appender.buffer.byte-limit = 33554432 (custom)
2023-10-17 18:54:36,223 [effd9d2c-4905-4e44-ade4-aa9f0e9056f9-groupManagement] INFO  server.RaftServerConfigKeys (ConfUtils.java:logGet(46)) - raft.server.log.statemachine.data.read.timeout = 1000ms (default)
2023-10-17 18:54:36,223 [effd9d2c-4905-4e44-ade4-aa9f0e9056f9-groupManagement] INFO  server.RaftServerConfigKeys (ConfUtils.java:logGet(46)) - raft.server.log.purge.preservation.log.num = 0 (default)
2023-10-17 18:54:36,224 [effd9d2c-4905-4e44-ade4-aa9f0e9056f9-groupManagement] INFO  server.RaftServerConfigKeys (ConfUtils.java:logGet(46)) - raft.server.log.segment.size.max = 1048576 (custom)
2023-10-17 18:54:36,224 [effd9d2c-4905-4e44-ade4-aa9f0e9056f9-groupManagement] INFO  server.RaftServerConfigKeys (ConfUtils.java:logGet(46)) - raft.server.log.segment.cache.num.max = 2 (custom)
2023-10-17 18:54:36,224 [effd9d2c-4905-4e44-ade4-aa9f0e9056f9-groupManagement] INFO  server.RaftServerConfigKeys (ConfUtils.java:logGet(46)) - raft.server.log.segment.cache.size.max = 200MB (=209715200) (default)
2023-10-17 18:54:36,224 [effd9d2c-4905-4e44-ade4-aa9f0e9056f9-groupManagement] INFO  server.RaftServerConfigKeys (ConfUtils.java:logGet(46)) - raft.server.log.appender.buffer.byte-limit = 33554432 (custom)
2023-10-17 18:54:36,225 [effd9d2c-4905-4e44-ade4-aa9f0e9056f9-groupManagement] INFO  segmented.SegmentedRaftLogWorker (SegmentedRaftLogWorker.java:<init>(188)) - new effd9d2c-4905-4e44-ade4-aa9f0e9056f9@group-8E1A1391019E-SegmentedRaftLogWorker for RaftStorageImpl:Storage Directory /home/runner/work/ozone/ozone/hadoop-ozone/integration-test/target/test-dir/MiniOzoneClusterImpl-6d5b43b8-50d7-4b60-8424-e359ec6f806a/datanode-2/data/ratis/67d87026-09a9-434e-bf9a-8e1a1391019e
2023-10-17 18:54:36,225 [effd9d2c-4905-4e44-ade4-aa9f0e9056f9-groupManagement] INFO  server.RaftServerConfigKeys (ConfUtils.java:logGet(46)) - raft.server.log.queue.byte-limit = 4294967296 (custom)
2023-10-17 18:54:36,225 [effd9d2c-4905-4e44-ade4-aa9f0e9056f9-groupManagement] INFO  server.RaftServerConfigKeys (ConfUtils.java:logGet(46)) - raft.server.log.queue.element-limit = 1024 (custom)
2023-10-17 18:54:36,225 [effd9d2c-4905-4e44-ade4-aa9f0e9056f9-groupManagement] INFO  server.RaftServerConfigKeys (ConfUtils.java:logGet(46)) - raft.server.log.segment.size.max = 1048576 (custom)
2023-10-17 18:54:36,225 [effd9d2c-4905-4e44-ade4-aa9f0e9056f9-groupManagement] INFO  server.RaftServerConfigKeys (ConfUtils.java:logGet(46)) - raft.server.log.preallocated.size = 16384 (custom)
2023-10-17 18:54:36,225 [effd9d2c-4905-4e44-ade4-aa9f0e9056f9-groupManagement] INFO  server.RaftServerConfigKeys (ConfUtils.java:logGet(46)) - raft.server.log.force.sync.num = 128 (default)
2023-10-17 18:54:36,225 [effd9d2c-4905-4e44-ade4-aa9f0e9056f9-groupManagement] INFO  server.RaftServerConfigKeys (ConfUtils.java:logGet(46)) - raft.server.log.statemachine.data.sync = true (default)
2023-10-17 18:54:36,225 [effd9d2c-4905-4e44-ade4-aa9f0e9056f9-groupManagement] INFO  server.RaftServerConfigKeys (ConfUtils.java:logGet(46)) - raft.server.log.statemachine.data.sync.timeout = 10s (default)
2023-10-17 18:54:36,225 [effd9d2c-4905-4e44-ade4-aa9f0e9056f9-groupManagement] INFO  server.RaftServerConfigKeys (ConfUtils.java:logGet(46)) - raft.server.log.statemachine.data.sync.timeout.retry = -1 (default)
2023-10-17 18:54:36,227 [effd9d2c-4905-4e44-ade4-aa9f0e9056f9-groupManagement] INFO  server.RaftServerConfigKeys (ConfUtils.java:logGet(46)) - raft.server.log.write.buffer.size = 1048576 (custom)
2023-10-17 18:54:36,233 [effd9d2c-4905-4e44-ade4-aa9f0e9056f9-groupManagement] INFO  server.RaftServerConfigKeys (ConfUtils.java:logGet(46)) - raft.server.log.appender.buffer.byte-limit = 33554432 (custom)
2023-10-17 18:54:36,243 [effd9d2c-4905-4e44-ade4-aa9f0e9056f9-groupManagement] INFO  server.RaftServerConfigKeys (ConfUtils.java:logGet(46)) - raft.server.log.unsafe-flush.enabled = false (default)
2023-10-17 18:54:36,243 [effd9d2c-4905-4e44-ade4-aa9f0e9056f9-groupManagement] INFO  server.RaftServerConfigKeys (ConfUtils.java:logGet(46)) - raft.server.log.async-flush.enabled = false (default)
2023-10-17 18:54:36,243 [effd9d2c-4905-4e44-ade4-aa9f0e9056f9-groupManagement] INFO  server.RaftServerConfigKeys (ConfUtils.java:logGet(46)) - raft.server.log.statemachine.data.caching.enabled = true (custom)
2023-10-17 18:54:36,243 [effd9d2c-4905-4e44-ade4-aa9f0e9056f9-groupManagement] INFO  segmented.SegmentedRaftLogWorker (SegmentedRaftLogWorker.java:lambda$new$0(135)) - effd9d2c-4905-4e44-ade4-aa9f0e9056f9@group-8E1A1391019E-SegmentedRaftLogWorker: flushIndex: setUnconditionally 0 -> -1
2023-10-17 18:54:36,243 [effd9d2c-4905-4e44-ade4-aa9f0e9056f9-groupManagement] INFO  segmented.SegmentedRaftLogWorker (SegmentedRaftLogWorker.java:lambda$new$0(135)) - effd9d2c-4905-4e44-ade4-aa9f0e9056f9@group-8E1A1391019E-SegmentedRaftLogWorker: safeCacheEvictIndex: setUnconditionally 0 -> -1
2023-10-17 18:54:36,243 [effd9d2c-4905-4e44-ade4-aa9f0e9056f9-groupManagement] INFO  server.RaftServer$Division (RaftServerImpl.java:start(342)) - effd9d2c-4905-4e44-ade4-aa9f0e9056f9@group-8E1A1391019E: start as a follower, conf=-1: peers:[b2429fc7-5618-4aa2-af46-5079058310ec|rpc:10.1.0.79:15014|admin:10.1.0.79:15013|client:10.1.0.79:15012|dataStream:10.1.0.79:15015|priority:0|startupRole:FOLLOWER, effd9d2c-4905-4e44-ade4-aa9f0e9056f9|rpc:10.1.0.79:15032|admin:10.1.0.79:15031|client:10.1.0.79:15030|dataStream:10.1.0.79:15033|priority:1|startupRole:FOLLOWER, b5355d07-9284-4381-92f8-11cbf4e568d5|rpc:10.1.0.79:15023|admin:10.1.0.79:15022|client:10.1.0.79:15021|dataStream:10.1.0.79:15024|priority:0|startupRole:FOLLOWER]|listeners:[], old=null
2023-10-17 18:54:36,243 [effd9d2c-4905-4e44-ade4-aa9f0e9056f9-groupManagement] INFO  server.RaftServer$Division (RaftServerImpl.java:setRole(329)) - effd9d2c-4905-4e44-ade4-aa9f0e9056f9@group-8E1A1391019E: changes role from      null to FOLLOWER at term 0 for startAsFollower
2023-10-17 18:54:36,244 [effd9d2c-4905-4e44-ade4-aa9f0e9056f9-groupManagement] INFO  impl.RoleInfo (RoleInfo.java:updateAndGet(139)) - effd9d2c-4905-4e44-ade4-aa9f0e9056f9: start effd9d2c-4905-4e44-ade4-aa9f0e9056f9@group-8E1A1391019E-FollowerState
2023-10-17 18:54:36,244 [effd9d2c-4905-4e44-ade4-aa9f0e9056f9-groupManagement] INFO  util.JmxRegister (JmxRegister.java:tryRegister(44)) - Successfully registered JMX Bean with object name Ratis:service=RaftServer,group=group-8E1A1391019E,id=effd9d2c-4905-4e44-ade4-aa9f0e9056f9
2023-10-17 18:54:36,244 [effd9d2c-4905-4e44-ade4-aa9f0e9056f9-groupManagement] INFO  server.RaftServerConfigKeys (ConfUtils.java:logGet(46)) - raft.server.snapshot.auto.trigger.enabled = true (custom)
2023-10-17 18:54:36,244 [effd9d2c-4905-4e44-ade4-aa9f0e9056f9-groupManagement] INFO  server.RaftServerConfigKeys (ConfUtils.java:logGet(46)) - raft.server.snapshot.auto.trigger.threshold = 10000 (custom)
2023-10-17 18:54:36,244 [effd9d2c-4905-4e44-ade4-aa9f0e9056f9-groupManagement] INFO  server.RaftServerConfigKeys (ConfUtils.java:logGet(46)) - raft.server.snapshot.retention.file.num = 5 (custom)
2023-10-17 18:54:36,244 [effd9d2c-4905-4e44-ade4-aa9f0e9056f9-groupManagement] INFO  server.RaftServerConfigKeys (ConfUtils.java:logGet(46)) - raft.server.log.purge.upto.snapshot.index = false (default)
2023-10-17 18:54:36,244 [effd9d2c-4905-4e44-ade4-aa9f0e9056f9@group-8E1A1391019E-FollowerState] INFO  server.RaftServerConfigKeys (ConfUtils.java:logFallback(53)) - raft.server.rpc.first-election.timeout.min = 5s (fallback to raft.server.rpc.timeout.min)
2023-10-17 18:54:36,248 [effd9d2c-4905-4e44-ade4-aa9f0e9056f9@group-8E1A1391019E-FollowerState] INFO  server.RaftServerConfigKeys (ConfUtils.java:logFallback(53)) - raft.server.rpc.first-election.timeout.max = 5200ms (fallback to raft.server.rpc.timeout.max)
2023-10-17 18:54:36,251 [PipelineCommandHandlerThread-0] INFO  commandhandler.CreatePipelineCommandHandler (CreatePipelineCommandHandler.java:lambda$handle$2(124)) - Created Pipeline RATIS THREE PipelineID=67d87026-09a9-434e-bf9a-8e1a1391019e.
2023-10-17 18:54:36,251 [PipelineCommandHandlerThread-0] INFO  server.RaftServer (RaftServerProxy.java:addNew(98)) - b5355d07-9284-4381-92f8-11cbf4e568d5: addNew group-F6A655D6B0A1:[b2429fc7-5618-4aa2-af46-5079058310ec|rpc:10.1.0.79:15014|admin:10.1.0.79:15013|client:10.1.0.79:15012|dataStream:10.1.0.79:15015|priority:0|startupRole:FOLLOWER, effd9d2c-4905-4e44-ade4-aa9f0e9056f9|rpc:10.1.0.79:15032|admin:10.1.0.79:15031|client:10.1.0.79:15030|dataStream:10.1.0.79:15033|priority:0|startupRole:FOLLOWER, b5355d07-9284-4381-92f8-11cbf4e568d5|rpc:10.1.0.79:15023|admin:10.1.0.79:15022|client:10.1.0.79:15021|dataStream:10.1.0.79:15024|priority:1|startupRole:FOLLOWER] returns group-F6A655D6B0A1:java.util.concurrent.CompletableFuture@2889fa8a[Not completed]
2023-10-17 18:54:36,253 [b5355d07-9284-4381-92f8-11cbf4e568d5-groupManagement] INFO  server.RaftServer$Division (RaftServerImpl.java:<init>(198)) - b5355d07-9284-4381-92f8-11cbf4e568d5: new RaftServerImpl for group-F6A655D6B0A1:[b2429fc7-5618-4aa2-af46-5079058310ec|rpc:10.1.0.79:15014|admin:10.1.0.79:15013|client:10.1.0.79:15012|dataStream:10.1.0.79:15015|priority:0|startupRole:FOLLOWER, effd9d2c-4905-4e44-ade4-aa9f0e9056f9|rpc:10.1.0.79:15032|admin:10.1.0.79:15031|client:10.1.0.79:15030|dataStream:10.1.0.79:15033|priority:0|startupRole:FOLLOWER, b5355d07-9284-4381-92f8-11cbf4e568d5|rpc:10.1.0.79:15023|admin:10.1.0.79:15022|client:10.1.0.79:15021|dataStream:10.1.0.79:15024|priority:1|startupRole:FOLLOWER] with ContainerStateMachine:uninitialized
2023-10-17 18:54:36,253 [b5355d07-9284-4381-92f8-11cbf4e568d5-groupManagement] INFO  server.RaftServerConfigKeys (ConfUtils.java:logGet(46)) - raft.server.rpc.timeout.min = 5s (custom)
2023-10-17 18:54:36,253 [b5355d07-9284-4381-92f8-11cbf4e568d5-groupManagement] INFO  server.RaftServerConfigKeys (ConfUtils.java:logGet(46)) - raft.server.rpc.timeout.max = 5200ms (custom)
2023-10-17 18:54:36,253 [b5355d07-9284-4381-92f8-11cbf4e568d5-groupManagement] INFO  server.RaftServerConfigKeys (ConfUtils.java:logGet(46)) - raft.server.rpc.sleep.time = 25ms (default)
2023-10-17 18:54:36,253 [b5355d07-9284-4381-92f8-11cbf4e568d5-groupManagement] INFO  server.RaftServerConfigKeys (ConfUtils.java:logGet(46)) - raft.server.rpc.slowness.timeout = 300s (custom)
2023-10-17 18:54:36,253 [b5355d07-9284-4381-92f8-11cbf4e568d5-groupManagement] INFO  server.RaftServerConfigKeys (ConfUtils.java:logGet(46)) - raft.server.leaderelection.leader.step-down.wait-time = 10s (default)
2023-10-17 18:54:36,253 [b5355d07-9284-4381-92f8-11cbf4e568d5-groupManagement] INFO  server.RaftServerConfigKeys (ConfUtils.java:logGet(46)) - raft.server.sleep.deviation.threshold = 300ms (default)
2023-10-17 18:54:36,253 [b5355d07-9284-4381-92f8-11cbf4e568d5-groupManagement] INFO  server.RaftServer$Division (ServerState.java:<init>(120)) - b5355d07-9284-4381-92f8-11cbf4e568d5@group-F6A655D6B0A1: ConfigurationManager, init=-1: peers:[b2429fc7-5618-4aa2-af46-5079058310ec|rpc:10.1.0.79:15014|admin:10.1.0.79:15013|client:10.1.0.79:15012|dataStream:10.1.0.79:15015|priority:0|startupRole:FOLLOWER, effd9d2c-4905-4e44-ade4-aa9f0e9056f9|rpc:10.1.0.79:15032|admin:10.1.0.79:15031|client:10.1.0.79:15030|dataStream:10.1.0.79:15033|priority:0|startupRole:FOLLOWER, b5355d07-9284-4381-92f8-11cbf4e568d5|rpc:10.1.0.79:15023|admin:10.1.0.79:15022|client:10.1.0.79:15021|dataStream:10.1.0.79:15024|priority:1|startupRole:FOLLOWER]|listeners:[], old=null, confs=<EMPTY_MAP>
2023-10-17 18:54:36,253 [b5355d07-9284-4381-92f8-11cbf4e568d5-groupManagement] INFO  server.RaftServerConfigKeys (ConfUtils.java:logGet(46)) - raft.server.storage.dir = [/home/runner/work/ozone/ozone/hadoop-ozone/integration-test/target/test-dir/MiniOzoneClusterImpl-6d5b43b8-50d7-4b60-8424-e359ec6f806a/datanode-1/data/ratis] (custom)
2023-10-17 18:54:36,253 [b5355d07-9284-4381-92f8-11cbf4e568d5-groupManagement] INFO  server.RaftServerConfigKeys (ConfUtils.java:logGet(46)) - raft.server.log.corruption.policy = EXCEPTION (default)
2023-10-17 18:54:36,253 [b5355d07-9284-4381-92f8-11cbf4e568d5-groupManagement] INFO  server.RaftServerConfigKeys (ConfUtils.java:logGet(46)) - raft.server.storage.free-space.min = 0MB (=0) (default)
2023-10-17 18:54:36,254 [b5355d07-9284-4381-92f8-11cbf4e568d5-groupManagement] INFO  server.RaftServerConfigKeys (ConfUtils.java:logGet(46)) - raft.server.notification.no-leader.timeout = 300s (custom)
2023-10-17 18:54:36,254 [b5355d07-9284-4381-92f8-11cbf4e568d5-groupManagement] INFO  server.RaftServerConfigKeys (ConfUtils.java:logGet(46)) - raft.server.read.timeout = 10s (default)
2023-10-17 18:54:36,254 [b5355d07-9284-4381-92f8-11cbf4e568d5-groupManagement] INFO  server.RaftServerConfigKeys (ConfUtils.java:logGet(46)) - raft.server.retrycache.expirytime = 600000ms (custom)
2023-10-17 18:54:36,254 [b5355d07-9284-4381-92f8-11cbf4e568d5-groupManagement] INFO  server.RaftServerConfigKeys (ConfUtils.java:logGet(46)) - raft.server.retrycache.statistics.expirytime = 100μs (default)
2023-10-17 18:54:36,254 [b5355d07-9284-4381-92f8-11cbf4e568d5-groupManagement] INFO  server.RaftServerConfigKeys (ConfUtils.java:logGet(46)) - raft.server.read.option = DEFAULT (default)
2023-10-17 18:54:36,255 [b5355d07-9284-4381-92f8-11cbf4e568d5-groupManagement] INFO  server.RaftServerConfigKeys (ConfUtils.java:logGet(46)) - raft.server.rpc.request.timeout = 60s (custom)
2023-10-17 18:54:36,255 [b5355d07-9284-4381-92f8-11cbf4e568d5-groupManagement] INFO  server.RaftServerConfigKeys (ConfUtils.java:logGet(46)) - raft.server.log.appender.install.snapshot.enabled = false (custom)
2023-10-17 18:54:36,255 [b5355d07-9284-4381-92f8-11cbf4e568d5-groupManagement] INFO  server.RaftServerConfigKeys (ConfUtils.java:logGet(46)) - raft.server.threadpool.server.cached = true (default)
2023-10-17 18:54:36,256 [b5355d07-9284-4381-92f8-11cbf4e568d5-groupManagement] INFO  server.RaftServerConfigKeys (ConfUtils.java:logGet(46)) - raft.server.threadpool.server.size = 0 (default)
2023-10-17 18:54:36,256 [b5355d07-9284-4381-92f8-11cbf4e568d5-groupManagement] INFO  server.RaftServerConfigKeys (ConfUtils.java:logGet(46)) - raft.server.threadpool.client.cached = true (default)
2023-10-17 18:54:36,256 [b5355d07-9284-4381-92f8-11cbf4e568d5-groupManagement] INFO  server.RaftServerConfigKeys (ConfUtils.java:logGet(46)) - raft.server.threadpool.client.size = 0 (default)
2023-10-17 18:54:36,256 [b5355d07-9284-4381-92f8-11cbf4e568d5-groupManagement] INFO  storage.RaftStorageDirectory (RaftStorageDirectoryImpl.java:analyzeStorage(137)) - The storage directory /home/runner/work/ozone/ozone/hadoop-ozone/integration-test/target/test-dir/MiniOzoneClusterImpl-6d5b43b8-50d7-4b60-8424-e359ec6f806a/datanode-1/data/ratis/ba603908-c414-4a0b-ae62-f6a655d6b0a1 does not exist. Creating ...
2023-10-17 18:54:36,259 [b5355d07-9284-4381-92f8-11cbf4e568d5-groupManagement] INFO  storage.RaftStorageDirectory (RaftStorageDirectoryImpl.java:tryLock(231)) - Lock on /home/runner/work/ozone/ozone/hadoop-ozone/integration-test/target/test-dir/MiniOzoneClusterImpl-6d5b43b8-50d7-4b60-8424-e359ec6f806a/datanode-1/data/ratis/ba603908-c414-4a0b-ae62-f6a655d6b0a1/in_use.lock acquired by nodename 97056@fv-az82-357
2023-10-17 18:54:36,261 [b5355d07-9284-4381-92f8-11cbf4e568d5-groupManagement] INFO  storage.RaftStorage (RaftStorageImpl.java:format(96)) - Storage directory /home/runner/work/ozone/ozone/hadoop-ozone/integration-test/target/test-dir/MiniOzoneClusterImpl-6d5b43b8-50d7-4b60-8424-e359ec6f806a/datanode-1/data/ratis/ba603908-c414-4a0b-ae62-f6a655d6b0a1 has been successfully formatted.
2023-10-17 18:54:36,262 [b5355d07-9284-4381-92f8-11cbf4e568d5-groupManagement] INFO  ratis.ContainerStateMachine (ContainerStateMachine.java:loadSnapshot(262)) - group-F6A655D6B0A1: The snapshot info is null. Setting the last applied indexto:(t:0, i:~)
2023-10-17 18:54:36,263 [b5355d07-9284-4381-92f8-11cbf4e568d5-groupManagement] INFO  server.RaftServerConfigKeys (ConfUtils.java:logGet(46)) - raft.server.log.use.memory = false (default)
2023-10-17 18:54:36,266 [EventQueue-OpenPipelineForHealthyPipelineSafeModeRule] INFO  safemode.SCMSafeModeManager (HealthyPipelineSafeModeRule.java:process(137)) - SCM in safe mode. Healthy pipelines reported count is 0, required healthy pipeline reported count is 1
2023-10-17 18:54:36,270 [b5355d07-9284-4381-92f8-11cbf4e568d5-groupManagement] INFO  server.RaftServerConfigKeys (ConfUtils.java:logGet(46)) - raft.server.log.purge.gap = 1000000 (custom)
2023-10-17 18:54:36,270 [b5355d07-9284-4381-92f8-11cbf4e568d5-groupManagement] INFO  server.RaftServerConfigKeys (ConfUtils.java:logGet(46)) - raft.server.log.appender.buffer.byte-limit = 33554432 (custom)
2023-10-17 18:54:36,270 [b5355d07-9284-4381-92f8-11cbf4e568d5-groupManagement] INFO  server.RaftServerConfigKeys (ConfUtils.java:logGet(46)) - raft.server.log.statemachine.data.read.timeout = 1000ms (default)
2023-10-17 18:54:36,270 [b5355d07-9284-4381-92f8-11cbf4e568d5-groupManagement] INFO  server.RaftServerConfigKeys (ConfUtils.java:logGet(46)) - raft.server.log.purge.preservation.log.num = 0 (default)
2023-10-17 18:54:36,270 [b5355d07-9284-4381-92f8-11cbf4e568d5-groupManagement] INFO  server.RaftServerConfigKeys (ConfUtils.java:logGet(46)) - raft.server.log.segment.size.max = 1048576 (custom)
2023-10-17 18:54:36,271 [b5355d07-9284-4381-92f8-11cbf4e568d5-groupManagement] INFO  server.RaftServerConfigKeys (ConfUtils.java:logGet(46)) - raft.server.log.segment.cache.num.max = 2 (custom)
2023-10-17 18:54:36,272 [b5355d07-9284-4381-92f8-11cbf4e568d5-groupManagement] INFO  server.RaftServerConfigKeys (ConfUtils.java:logGet(46)) - raft.server.log.segment.cache.size.max = 200MB (=209715200) (default)
2023-10-17 18:54:36,272 [b5355d07-9284-4381-92f8-11cbf4e568d5-groupManagement] INFO  server.RaftServerConfigKeys (ConfUtils.java:logGet(46)) - raft.server.log.appender.buffer.byte-limit = 33554432 (custom)
2023-10-17 18:54:36,272 [b5355d07-9284-4381-92f8-11cbf4e568d5-groupManagement] INFO  segmented.SegmentedRaftLogWorker (SegmentedRaftLogWorker.java:<init>(188)) - new b5355d07-9284-4381-92f8-11cbf4e568d5@group-F6A655D6B0A1-SegmentedRaftLogWorker for RaftStorageImpl:Storage Directory /home/runner/work/ozone/ozone/hadoop-ozone/integration-test/target/test-dir/MiniOzoneClusterImpl-6d5b43b8-50d7-4b60-8424-e359ec6f806a/datanode-1/data/ratis/ba603908-c414-4a0b-ae62-f6a655d6b0a1
2023-10-17 18:54:36,272 [b5355d07-9284-4381-92f8-11cbf4e568d5-groupManagement] INFO  server.RaftServerConfigKeys (ConfUtils.java:logGet(46)) - raft.server.log.queue.byte-limit = 4294967296 (custom)
2023-10-17 18:54:36,272 [b5355d07-9284-4381-92f8-11cbf4e568d5-groupManagement] INFO  server.RaftServerConfigKeys (ConfUtils.java:logGet(46)) - raft.server.log.queue.element-limit = 1024 (custom)
2023-10-17 18:54:36,272 [b5355d07-9284-4381-92f8-11cbf4e568d5-groupManagement] INFO  server.RaftServerConfigKeys (ConfUtils.java:logGet(46)) - raft.server.log.segment.size.max = 1048576 (custom)
2023-10-17 18:54:36,272 [b5355d07-9284-4381-92f8-11cbf4e568d5-groupManagement] INFO  server.RaftServerConfigKeys (ConfUtils.java:logGet(46)) - raft.server.log.preallocated.size = 16384 (custom)
2023-10-17 18:54:36,272 [b5355d07-9284-4381-92f8-11cbf4e568d5-groupManagement] INFO  server.RaftServerConfigKeys (ConfUtils.java:logGet(46)) - raft.server.log.force.sync.num = 128 (default)
2023-10-17 18:54:36,272 [b5355d07-9284-4381-92f8-11cbf4e568d5-groupManagement] INFO  server.RaftServerConfigKeys (ConfUtils.java:logGet(46)) - raft.server.log.statemachine.data.sync = true (default)
2023-10-17 18:54:36,272 [b5355d07-9284-4381-92f8-11cbf4e568d5-groupManagement] INFO  server.RaftServerConfigKeys (ConfUtils.java:logGet(46)) - raft.server.log.statemachine.data.sync.timeout = 10s (default)
2023-10-17 18:54:36,272 [b5355d07-9284-4381-92f8-11cbf4e568d5-groupManagement] INFO  server.RaftServerConfigKeys (ConfUtils.java:logGet(46)) - raft.server.log.statemachine.data.sync.timeout.retry = -1 (default)
2023-10-17 18:54:36,276 [b5355d07-9284-4381-92f8-11cbf4e568d5-groupManagement] INFO  server.RaftServerConfigKeys (ConfUtils.java:logGet(46)) - raft.server.log.write.buffer.size = 1048576 (custom)
2023-10-17 18:54:36,277 [b5355d07-9284-4381-92f8-11cbf4e568d5-groupManagement] INFO  server.RaftServerConfigKeys (ConfUtils.java:logGet(46)) - raft.server.log.appender.buffer.byte-limit = 33554432 (custom)
2023-10-17 18:54:36,282 [b5355d07-9284-4381-92f8-11cbf4e568d5-groupManagement] INFO  server.RaftServerConfigKeys (ConfUtils.java:logGet(46)) - raft.server.log.unsafe-flush.enabled = false (default)
2023-10-17 18:54:36,282 [b5355d07-9284-4381-92f8-11cbf4e568d5-groupManagement] INFO  server.RaftServerConfigKeys (ConfUtils.java:logGet(46)) - raft.server.log.async-flush.enabled = false (default)
2023-10-17 18:54:36,282 [b5355d07-9284-4381-92f8-11cbf4e568d5-groupManagement] INFO  server.RaftServerConfigKeys (ConfUtils.java:logGet(46)) - raft.server.log.statemachine.data.caching.enabled = true (custom)
2023-10-17 18:54:36,282 [b5355d07-9284-4381-92f8-11cbf4e568d5-groupManagement] INFO  segmented.SegmentedRaftLogWorker (SegmentedRaftLogWorker.java:lambda$new$0(135)) - b5355d07-9284-4381-92f8-11cbf4e568d5@group-F6A655D6B0A1-SegmentedRaftLogWorker: flushIndex: setUnconditionally 0 -> -1
2023-10-17 18:54:36,282 [b5355d07-9284-4381-92f8-11cbf4e568d5-groupManagement] INFO  segmented.SegmentedRaftLogWorker (SegmentedRaftLogWorker.java:lambda$new$0(135)) - b5355d07-9284-4381-92f8-11cbf4e568d5@group-F6A655D6B0A1-SegmentedRaftLogWorker: safeCacheEvictIndex: setUnconditionally 0 -> -1
2023-10-17 18:54:36,283 [b5355d07-9284-4381-92f8-11cbf4e568d5-groupManagement] INFO  server.RaftServer$Division (RaftServerImpl.java:start(342)) - b5355d07-9284-4381-92f8-11cbf4e568d5@group-F6A655D6B0A1: start as a follower, conf=-1: peers:[b2429fc7-5618-4aa2-af46-5079058310ec|rpc:10.1.0.79:15014|admin:10.1.0.79:15013|client:10.1.0.79:15012|dataStream:10.1.0.79:15015|priority:0|startupRole:FOLLOWER, effd9d2c-4905-4e44-ade4-aa9f0e9056f9|rpc:10.1.0.79:15032|admin:10.1.0.79:15031|client:10.1.0.79:15030|dataStream:10.1.0.79:15033|priority:0|startupRole:FOLLOWER, b5355d07-9284-4381-92f8-11cbf4e568d5|rpc:10.1.0.79:15023|admin:10.1.0.79:15022|client:10.1.0.79:15021|dataStream:10.1.0.79:15024|priority:1|startupRole:FOLLOWER]|listeners:[], old=null
2023-10-17 18:54:36,283 [b5355d07-9284-4381-92f8-11cbf4e568d5-groupManagement] INFO  server.RaftServer$Division (RaftServerImpl.java:setRole(329)) - b5355d07-9284-4381-92f8-11cbf4e568d5@group-F6A655D6B0A1: changes role from      null to FOLLOWER at term 0 for startAsFollower
2023-10-17 18:54:36,283 [b5355d07-9284-4381-92f8-11cbf4e568d5-groupManagement] INFO  impl.RoleInfo (RoleInfo.java:updateAndGet(139)) - b5355d07-9284-4381-92f8-11cbf4e568d5: start b5355d07-9284-4381-92f8-11cbf4e568d5@group-F6A655D6B0A1-FollowerState
2023-10-17 18:54:36,283 [b5355d07-9284-4381-92f8-11cbf4e568d5-groupManagement] INFO  util.JmxRegister (JmxRegister.java:tryRegister(44)) - Successfully registered JMX Bean with object name Ratis:service=RaftServer,group=group-F6A655D6B0A1,id=b5355d07-9284-4381-92f8-11cbf4e568d5
2023-10-17 18:54:36,284 [b5355d07-9284-4381-92f8-11cbf4e568d5-groupManagement] INFO  server.RaftServerConfigKeys (ConfUtils.java:logGet(46)) - raft.server.snapshot.auto.trigger.enabled = true (custom)
2023-10-17 18:54:36,284 [b5355d07-9284-4381-92f8-11cbf4e568d5-groupManagement] INFO  server.RaftServerConfigKeys (ConfUtils.java:logGet(46)) - raft.server.snapshot.auto.trigger.threshold = 10000 (custom)
2023-10-17 18:54:36,284 [b5355d07-9284-4381-92f8-11cbf4e568d5-groupManagement] INFO  server.RaftServerConfigKeys (ConfUtils.java:logGet(46)) - raft.server.snapshot.retention.file.num = 5 (custom)
2023-10-17 18:54:36,284 [b5355d07-9284-4381-92f8-11cbf4e568d5-groupManagement] INFO  server.RaftServerConfigKeys (ConfUtils.java:logGet(46)) - raft.server.log.purge.upto.snapshot.index = false (default)
2023-10-17 18:54:36,285 [PipelineCommandHandlerThread-0] INFO  ratis.XceiverServerRatis (XceiverServerRatis.java:addGroup(804)) - Created group PipelineID=ba603908-c414-4a0b-ae62-f6a655d6b0a1
2023-10-17 18:54:36,290 [b5355d07-9284-4381-92f8-11cbf4e568d5@group-F6A655D6B0A1-FollowerState] INFO  server.RaftServerConfigKeys (ConfUtils.java:logFallback(53)) - raft.server.rpc.first-election.timeout.min = 5s (fallback to raft.server.rpc.timeout.min)
2023-10-17 18:54:36,293 [b5355d07-9284-4381-92f8-11cbf4e568d5@group-F6A655D6B0A1-FollowerState] INFO  server.RaftServerConfigKeys (ConfUtils.java:logFallback(53)) - raft.server.rpc.first-election.timeout.max = 5200ms (fallback to raft.server.rpc.timeout.max)
2023-10-17 18:54:36,313 [PipelineCommandHandlerThread-0] INFO  server.RaftServer (RaftServerProxy.java:addNew(98)) - effd9d2c-4905-4e44-ade4-aa9f0e9056f9: addNew group-B242DDE98B9C:[effd9d2c-4905-4e44-ade4-aa9f0e9056f9|rpc:10.1.0.79:15032|admin:10.1.0.79:15031|client:10.1.0.79:15030|dataStream:10.1.0.79:15033|priority:1|startupRole:FOLLOWER] returns group-B242DDE98B9C:java.util.concurrent.CompletableFuture@e6cc926[Not completed]
2023-10-17 18:54:36,314 [effd9d2c-4905-4e44-ade4-aa9f0e9056f9-groupManagement] INFO  server.RaftServer$Division (RaftServerImpl.java:<init>(198)) - effd9d2c-4905-4e44-ade4-aa9f0e9056f9: new RaftServerImpl for group-B242DDE98B9C:[effd9d2c-4905-4e44-ade4-aa9f0e9056f9|rpc:10.1.0.79:15032|admin:10.1.0.79:15031|client:10.1.0.79:15030|dataStream:10.1.0.79:15033|priority:1|startupRole:FOLLOWER] with ContainerStateMachine:uninitialized
2023-10-17 18:54:36,314 [effd9d2c-4905-4e44-ade4-aa9f0e9056f9-groupManagement] INFO  server.RaftServerConfigKeys (ConfUtils.java:logGet(46)) - raft.server.rpc.timeout.min = 5s (custom)
2023-10-17 18:54:36,315 [effd9d2c-4905-4e44-ade4-aa9f0e9056f9-groupManagement] INFO  server.RaftServerConfigKeys (ConfUtils.java:logGet(46)) - raft.server.rpc.timeout.max = 5200ms (custom)
2023-10-17 18:54:36,315 [effd9d2c-4905-4e44-ade4-aa9f0e9056f9-groupManagement] INFO  server.RaftServerConfigKeys (ConfUtils.java:logGet(46)) - raft.server.rpc.sleep.time = 25ms (default)
2023-10-17 18:54:36,315 [effd9d2c-4905-4e44-ade4-aa9f0e9056f9-groupManagement] INFO  server.RaftServerConfigKeys (ConfUtils.java:logGet(46)) - raft.server.rpc.slowness.timeout = 300s (custom)
2023-10-17 18:54:36,315 [effd9d2c-4905-4e44-ade4-aa9f0e9056f9-groupManagement] INFO  server.RaftServerConfigKeys (ConfUtils.java:logGet(46)) - raft.server.leaderelection.leader.step-down.wait-time = 10s (default)
2023-10-17 18:54:36,315 [effd9d2c-4905-4e44-ade4-aa9f0e9056f9-groupManagement] INFO  server.RaftServerConfigKeys (ConfUtils.java:logGet(46)) - raft.server.sleep.deviation.threshold = 300ms (default)
2023-10-17 18:54:36,315 [effd9d2c-4905-4e44-ade4-aa9f0e9056f9-groupManagement] INFO  server.RaftServer$Division (ServerState.java:<init>(120)) - effd9d2c-4905-4e44-ade4-aa9f0e9056f9@group-B242DDE98B9C: ConfigurationManager, init=-1: peers:[effd9d2c-4905-4e44-ade4-aa9f0e9056f9|rpc:10.1.0.79:15032|admin:10.1.0.79:15031|client:10.1.0.79:15030|dataStream:10.1.0.79:15033|priority:1|startupRole:FOLLOWER]|listeners:[], old=null, confs=<EMPTY_MAP>
2023-10-17 18:54:36,315 [effd9d2c-4905-4e44-ade4-aa9f0e9056f9-groupManagement] INFO  server.RaftServerConfigKeys (ConfUtils.java:logGet(46)) - raft.server.storage.dir = [/home/runner/work/ozone/ozone/hadoop-ozone/integration-test/target/test-dir/MiniOzoneClusterImpl-6d5b43b8-50d7-4b60-8424-e359ec6f806a/datanode-2/data/ratis] (custom)
2023-10-17 18:54:36,315 [effd9d2c-4905-4e44-ade4-aa9f0e9056f9-groupManagement] INFO  server.RaftServerConfigKeys (ConfUtils.java:logGet(46)) - raft.server.log.corruption.policy = EXCEPTION (default)
2023-10-17 18:54:36,315 [effd9d2c-4905-4e44-ade4-aa9f0e9056f9-groupManagement] INFO  server.RaftServerConfigKeys (ConfUtils.java:logGet(46)) - raft.server.storage.free-space.min = 0MB (=0) (default)
2023-10-17 18:54:36,315 [effd9d2c-4905-4e44-ade4-aa9f0e9056f9-groupManagement] INFO  server.RaftServerConfigKeys (ConfUtils.java:logGet(46)) - raft.server.notification.no-leader.timeout = 300s (custom)
2023-10-17 18:54:36,315 [effd9d2c-4905-4e44-ade4-aa9f0e9056f9-groupManagement] INFO  server.RaftServerConfigKeys (ConfUtils.java:logGet(46)) - raft.server.read.timeout = 10s (default)
2023-10-17 18:54:36,315 [effd9d2c-4905-4e44-ade4-aa9f0e9056f9-groupManagement] INFO  server.RaftServerConfigKeys (ConfUtils.java:logGet(46)) - raft.server.retrycache.expirytime = 600000ms (custom)
2023-10-17 18:54:36,315 [effd9d2c-4905-4e44-ade4-aa9f0e9056f9-groupManagement] INFO  server.RaftServerConfigKeys (ConfUtils.java:logGet(46)) - raft.server.retrycache.statistics.expirytime = 100μs (default)
2023-10-17 18:54:36,316 [effd9d2c-4905-4e44-ade4-aa9f0e9056f9-groupManagement] INFO  server.RaftServerConfigKeys (ConfUtils.java:logGet(46)) - raft.server.read.option = DEFAULT (default)
2023-10-17 18:54:36,320 [effd9d2c-4905-4e44-ade4-aa9f0e9056f9-groupManagement] INFO  server.RaftServerConfigKeys (ConfUtils.java:logGet(46)) - raft.server.rpc.request.timeout = 60s (custom)
2023-10-17 18:54:36,320 [effd9d2c-4905-4e44-ade4-aa9f0e9056f9-groupManagement] INFO  server.RaftServerConfigKeys (ConfUtils.java:logGet(46)) - raft.server.log.appender.install.snapshot.enabled = false (custom)
2023-10-17 18:54:36,320 [effd9d2c-4905-4e44-ade4-aa9f0e9056f9-groupManagement] INFO  server.RaftServerConfigKeys (ConfUtils.java:logGet(46)) - raft.server.threadpool.server.cached = true (default)
2023-10-17 18:54:36,320 [effd9d2c-4905-4e44-ade4-aa9f0e9056f9-groupManagement] INFO  server.RaftServerConfigKeys (ConfUtils.java:logGet(46)) - raft.server.threadpool.server.size = 0 (default)
2023-10-17 18:54:36,320 [effd9d2c-4905-4e44-ade4-aa9f0e9056f9-groupManagement] INFO  server.RaftServerConfigKeys (ConfUtils.java:logGet(46)) - raft.server.threadpool.client.cached = true (default)
2023-10-17 18:54:36,320 [effd9d2c-4905-4e44-ade4-aa9f0e9056f9-groupManagement] INFO  server.RaftServerConfigKeys (ConfUtils.java:logGet(46)) - raft.server.threadpool.client.size = 0 (default)
2023-10-17 18:54:36,320 [effd9d2c-4905-4e44-ade4-aa9f0e9056f9-groupManagement] INFO  storage.RaftStorageDirectory (RaftStorageDirectoryImpl.java:analyzeStorage(137)) - The storage directory /home/runner/work/ozone/ozone/hadoop-ozone/integration-test/target/test-dir/MiniOzoneClusterImpl-6d5b43b8-50d7-4b60-8424-e359ec6f806a/datanode-2/data/ratis/75859af9-3ee6-47e8-8c5d-b242dde98b9c does not exist. Creating ...
2023-10-17 18:54:36,326 [effd9d2c-4905-4e44-ade4-aa9f0e9056f9-groupManagement] INFO  storage.RaftStorageDirectory (RaftStorageDirectoryImpl.java:tryLock(231)) - Lock on /home/runner/work/ozone/ozone/hadoop-ozone/integration-test/target/test-dir/MiniOzoneClusterImpl-6d5b43b8-50d7-4b60-8424-e359ec6f806a/datanode-2/data/ratis/75859af9-3ee6-47e8-8c5d-b242dde98b9c/in_use.lock acquired by nodename 97056@fv-az82-357
2023-10-17 18:54:36,328 [effd9d2c-4905-4e44-ade4-aa9f0e9056f9-groupManagement] INFO  storage.RaftStorage (RaftStorageImpl.java:format(96)) - Storage directory /home/runner/work/ozone/ozone/hadoop-ozone/integration-test/target/test-dir/MiniOzoneClusterImpl-6d5b43b8-50d7-4b60-8424-e359ec6f806a/datanode-2/data/ratis/75859af9-3ee6-47e8-8c5d-b242dde98b9c has been successfully formatted.
2023-10-17 18:54:36,328 [effd9d2c-4905-4e44-ade4-aa9f0e9056f9-groupManagement] INFO  ratis.ContainerStateMachine (ContainerStateMachine.java:loadSnapshot(262)) - group-B242DDE98B9C: The snapshot info is null. Setting the last applied indexto:(t:0, i:~)
2023-10-17 18:54:36,328 [effd9d2c-4905-4e44-ade4-aa9f0e9056f9-groupManagement] INFO  server.RaftServerConfigKeys (ConfUtils.java:logGet(46)) - raft.server.log.use.memory = false (default)
2023-10-17 18:54:36,330 [effd9d2c-4905-4e44-ade4-aa9f0e9056f9-groupManagement] INFO  server.RaftServerConfigKeys (ConfUtils.java:logGet(46)) - raft.server.log.purge.gap = 1000000 (custom)
2023-10-17 18:54:36,330 [effd9d2c-4905-4e44-ade4-aa9f0e9056f9-groupManagement] INFO  server.RaftServerConfigKeys (ConfUtils.java:logGet(46)) - raft.server.log.appender.buffer.byte-limit = 33554432 (custom)
2023-10-17 18:54:36,330 [effd9d2c-4905-4e44-ade4-aa9f0e9056f9-groupManagement] INFO  server.RaftServerConfigKeys (ConfUtils.java:logGet(46)) - raft.server.log.statemachine.data.read.timeout = 1000ms (default)
2023-10-17 18:54:36,330 [effd9d2c-4905-4e44-ade4-aa9f0e9056f9-groupManagement] INFO  server.RaftServerConfigKeys (ConfUtils.java:logGet(46)) - raft.server.log.purge.preservation.log.num = 0 (default)
2023-10-17 18:54:36,330 [grpc-default-executor-0] INFO  server.RaftServer (RaftServerProxy.java:addNew(98)) - effd9d2c-4905-4e44-ade4-aa9f0e9056f9: addNew group-F6A655D6B0A1:[b2429fc7-5618-4aa2-af46-5079058310ec|rpc:10.1.0.79:15014|admin:10.1.0.79:15013|client:10.1.0.79:15012|dataStream:10.1.0.79:15015|priority:0|startupRole:FOLLOWER, effd9d2c-4905-4e44-ade4-aa9f0e9056f9|rpc:10.1.0.79:15032|admin:10.1.0.79:15031|client:10.1.0.79:15030|dataStream:10.1.0.79:15033|priority:0|startupRole:FOLLOWER, b5355d07-9284-4381-92f8-11cbf4e568d5|rpc:10.1.0.79:15023|admin:10.1.0.79:15022|client:10.1.0.79:15021|dataStream:10.1.0.79:15024|priority:1|startupRole:FOLLOWER] returns group-F6A655D6B0A1:java.util.concurrent.CompletableFuture@35054bd8[Not completed]
2023-10-17 18:54:36,330 [effd9d2c-4905-4e44-ade4-aa9f0e9056f9-groupManagement] INFO  server.RaftServerConfigKeys (ConfUtils.java:logGet(46)) - raft.server.log.segment.size.max = 1048576 (custom)
2023-10-17 18:54:36,332 [EventQueue-PipelineReportForPipelineReportHandler] INFO  pipeline.PipelineReportHandler (PipelineReportHandler.java:processPipelineReport(136)) - Opened pipeline PipelineID=75859af9-3ee6-47e8-8c5d-b242dde98b9c
2023-10-17 18:54:36,334 [EventQueue-OpenPipelineForHealthyPipelineSafeModeRule] INFO  safemode.SCMSafeModeManager (HealthyPipelineSafeModeRule.java:process(137)) - SCM in safe mode. Healthy pipelines reported count is 0, required healthy pipeline reported count is 1
2023-10-17 18:54:36,335 [effd9d2c-4905-4e44-ade4-aa9f0e9056f9-groupManagement] INFO  server.RaftServerConfigKeys (ConfUtils.java:logGet(46)) - raft.server.log.segment.cache.num.max = 2 (custom)
2023-10-17 18:54:36,335 [effd9d2c-4905-4e44-ade4-aa9f0e9056f9-groupManagement] INFO  server.RaftServerConfigKeys (ConfUtils.java:logGet(46)) - raft.server.log.segment.cache.size.max = 200MB (=209715200) (default)
2023-10-17 18:54:36,335 [effd9d2c-4905-4e44-ade4-aa9f0e9056f9-groupManagement] INFO  server.RaftServerConfigKeys (ConfUtils.java:logGet(46)) - raft.server.log.appender.buffer.byte-limit = 33554432 (custom)
2023-10-17 18:54:36,335 [effd9d2c-4905-4e44-ade4-aa9f0e9056f9-groupManagement] INFO  segmented.SegmentedRaftLogWorker (SegmentedRaftLogWorker.java:<init>(188)) - new effd9d2c-4905-4e44-ade4-aa9f0e9056f9@group-B242DDE98B9C-SegmentedRaftLogWorker for RaftStorageImpl:Storage Directory /home/runner/work/ozone/ozone/hadoop-ozone/integration-test/target/test-dir/MiniOzoneClusterImpl-6d5b43b8-50d7-4b60-8424-e359ec6f806a/datanode-2/data/ratis/75859af9-3ee6-47e8-8c5d-b242dde98b9c
2023-10-17 18:54:36,335 [effd9d2c-4905-4e44-ade4-aa9f0e9056f9-groupManagement] INFO  server.RaftServerConfigKeys (ConfUtils.java:logGet(46)) - raft.server.log.queue.byte-limit = 4294967296 (custom)
2023-10-17 18:54:36,336 [effd9d2c-4905-4e44-ade4-aa9f0e9056f9-groupManagement] INFO  server.RaftServerConfigKeys (ConfUtils.java:logGet(46)) - raft.server.log.queue.element-limit = 1024 (custom)
2023-10-17 18:54:36,336 [effd9d2c-4905-4e44-ade4-aa9f0e9056f9-groupManagement] INFO  server.RaftServerConfigKeys (ConfUtils.java:logGet(46)) - raft.server.log.segment.size.max = 1048576 (custom)
2023-10-17 18:54:36,336 [effd9d2c-4905-4e44-ade4-aa9f0e9056f9-groupManagement] INFO  server.RaftServerConfigKeys (ConfUtils.java:logGet(46)) - raft.server.log.preallocated.size = 16384 (custom)
2023-10-17 18:54:36,336 [effd9d2c-4905-4e44-ade4-aa9f0e9056f9-groupManagement] INFO  server.RaftServerConfigKeys (ConfUtils.java:logGet(46)) - raft.server.log.force.sync.num = 128 (default)
2023-10-17 18:54:36,339 [effd9d2c-4905-4e44-ade4-aa9f0e9056f9-groupManagement] INFO  server.RaftServerConfigKeys (ConfUtils.java:logGet(46)) - raft.server.log.statemachine.data.sync = true (default)
2023-10-17 18:54:36,339 [effd9d2c-4905-4e44-ade4-aa9f0e9056f9-groupManagement] INFO  server.RaftServerConfigKeys (ConfUtils.java:logGet(46)) - raft.server.log.statemachine.data.sync.timeout = 10s (default)
2023-10-17 18:54:36,339 [effd9d2c-4905-4e44-ade4-aa9f0e9056f9-groupManagement] INFO  server.RaftServerConfigKeys (ConfUtils.java:logGet(46)) - raft.server.log.statemachine.data.sync.timeout.retry = -1 (default)
2023-10-17 18:54:36,340 [effd9d2c-4905-4e44-ade4-aa9f0e9056f9-groupManagement] INFO  server.RaftServerConfigKeys (ConfUtils.java:logGet(46)) - raft.server.log.write.buffer.size = 1048576 (custom)
2023-10-17 18:54:36,341 [effd9d2c-4905-4e44-ade4-aa9f0e9056f9-groupManagement] INFO  server.RaftServerConfigKeys (ConfUtils.java:logGet(46)) - raft.server.log.appender.buffer.byte-limit = 33554432 (custom)
2023-10-17 18:54:36,348 [effd9d2c-4905-4e44-ade4-aa9f0e9056f9-groupManagement] INFO  server.RaftServerConfigKeys (ConfUtils.java:logGet(46)) - raft.server.log.unsafe-flush.enabled = false (default)
2023-10-17 18:54:36,348 [effd9d2c-4905-4e44-ade4-aa9f0e9056f9-groupManagement] INFO  server.RaftServerConfigKeys (ConfUtils.java:logGet(46)) - raft.server.log.async-flush.enabled = false (default)
2023-10-17 18:54:36,348 [effd9d2c-4905-4e44-ade4-aa9f0e9056f9-groupManagement] INFO  server.RaftServerConfigKeys (ConfUtils.java:logGet(46)) - raft.server.log.statemachine.data.caching.enabled = true (custom)
2023-10-17 18:54:36,349 [effd9d2c-4905-4e44-ade4-aa9f0e9056f9-groupManagement] INFO  segmented.SegmentedRaftLogWorker (SegmentedRaftLogWorker.java:lambda$new$0(135)) - effd9d2c-4905-4e44-ade4-aa9f0e9056f9@group-B242DDE98B9C-SegmentedRaftLogWorker: flushIndex: setUnconditionally 0 -> -1
2023-10-17 18:54:36,349 [effd9d2c-4905-4e44-ade4-aa9f0e9056f9-groupManagement] INFO  segmented.SegmentedRaftLogWorker (SegmentedRaftLogWorker.java:lambda$new$0(135)) - effd9d2c-4905-4e44-ade4-aa9f0e9056f9@group-B242DDE98B9C-SegmentedRaftLogWorker: safeCacheEvictIndex: setUnconditionally 0 -> -1
2023-10-17 18:54:36,355 [PipelineCommandHandlerThread-0] INFO  commandhandler.CreatePipelineCommandHandler (CreatePipelineCommandHandler.java:lambda$handle$2(124)) - Created Pipeline RATIS THREE PipelineID=67d87026-09a9-434e-bf9a-8e1a1391019e.
2023-10-17 18:54:36,356 [PipelineCommandHandlerThread-0] INFO  server.RaftServer (RaftServerProxy.java:addNew(98)) - b2429fc7-5618-4aa2-af46-5079058310ec: addNew group-F6A655D6B0A1:[b2429fc7-5618-4aa2-af46-5079058310ec|rpc:10.1.0.79:15014|admin:10.1.0.79:15013|client:10.1.0.79:15012|dataStream:10.1.0.79:15015|priority:0|startupRole:FOLLOWER, effd9d2c-4905-4e44-ade4-aa9f0e9056f9|rpc:10.1.0.79:15032|admin:10.1.0.79:15031|client:10.1.0.79:15030|dataStream:10.1.0.79:15033|priority:0|startupRole:FOLLOWER, b5355d07-9284-4381-92f8-11cbf4e568d5|rpc:10.1.0.79:15023|admin:10.1.0.79:15022|client:10.1.0.79:15021|dataStream:10.1.0.79:15024|priority:1|startupRole:FOLLOWER] returns group-F6A655D6B0A1:java.util.concurrent.CompletableFuture@56b8c683[Not completed]
2023-10-17 18:54:36,356 [effd9d2c-4905-4e44-ade4-aa9f0e9056f9-groupManagement] INFO  server.RaftServer$Division (RaftServerImpl.java:start(342)) - effd9d2c-4905-4e44-ade4-aa9f0e9056f9@group-B242DDE98B9C: start as a follower, conf=-1: peers:[effd9d2c-4905-4e44-ade4-aa9f0e9056f9|rpc:10.1.0.79:15032|admin:10.1.0.79:15031|client:10.1.0.79:15030|dataStream:10.1.0.79:15033|priority:1|startupRole:FOLLOWER]|listeners:[], old=null
2023-10-17 18:54:36,356 [effd9d2c-4905-4e44-ade4-aa9f0e9056f9-groupManagement] INFO  server.RaftServer$Division (RaftServerImpl.java:setRole(329)) - effd9d2c-4905-4e44-ade4-aa9f0e9056f9@group-B242DDE98B9C: changes role from      null to FOLLOWER at term 0 for startAsFollower
2023-10-17 18:54:36,356 [effd9d2c-4905-4e44-ade4-aa9f0e9056f9-groupManagement] INFO  impl.RoleInfo (RoleInfo.java:updateAndGet(139)) - effd9d2c-4905-4e44-ade4-aa9f0e9056f9: start effd9d2c-4905-4e44-ade4-aa9f0e9056f9@group-B242DDE98B9C-FollowerState
2023-10-17 18:54:36,357 [effd9d2c-4905-4e44-ade4-aa9f0e9056f9-groupManagement] INFO  util.JmxRegister (JmxRegister.java:tryRegister(44)) - Successfully registered JMX Bean with object name Ratis:service=RaftServer,group=group-B242DDE98B9C,id=effd9d2c-4905-4e44-ade4-aa9f0e9056f9
2023-10-17 18:54:36,357 [effd9d2c-4905-4e44-ade4-aa9f0e9056f9-groupManagement] INFO  server.RaftServerConfigKeys (ConfUtils.java:logGet(46)) - raft.server.snapshot.auto.trigger.enabled = true (custom)
2023-10-17 18:54:36,357 [effd9d2c-4905-4e44-ade4-aa9f0e9056f9-groupManagement] INFO  server.RaftServerConfigKeys (ConfUtils.java:logGet(46)) - raft.server.snapshot.auto.trigger.threshold = 10000 (custom)
2023-10-17 18:54:36,357 [effd9d2c-4905-4e44-ade4-aa9f0e9056f9-groupManagement] INFO  server.RaftServerConfigKeys (ConfUtils.java:logGet(46)) - raft.server.snapshot.retention.file.num = 5 (custom)
2023-10-17 18:54:36,357 [b2429fc7-5618-4aa2-af46-5079058310ec-groupManagement] INFO  server.RaftServer$Division (RaftServerImpl.java:<init>(198)) - b2429fc7-5618-4aa2-af46-5079058310ec: new RaftServerImpl for group-F6A655D6B0A1:[b2429fc7-5618-4aa2-af46-5079058310ec|rpc:10.1.0.79:15014|admin:10.1.0.79:15013|client:10.1.0.79:15012|dataStream:10.1.0.79:15015|priority:0|startupRole:FOLLOWER, effd9d2c-4905-4e44-ade4-aa9f0e9056f9|rpc:10.1.0.79:15032|admin:10.1.0.79:15031|client:10.1.0.79:15030|dataStream:10.1.0.79:15033|priority:0|startupRole:FOLLOWER, b5355d07-9284-4381-92f8-11cbf4e568d5|rpc:10.1.0.79:15023|admin:10.1.0.79:15022|client:10.1.0.79:15021|dataStream:10.1.0.79:15024|priority:1|startupRole:FOLLOWER] with ContainerStateMachine:uninitialized
2023-10-17 18:54:36,357 [effd9d2c-4905-4e44-ade4-aa9f0e9056f9-groupManagement] INFO  server.RaftServerConfigKeys (ConfUtils.java:logGet(46)) - raft.server.log.purge.upto.snapshot.index = false (default)
2023-10-17 18:54:36,358 [b2429fc7-5618-4aa2-af46-5079058310ec-groupManagement] INFO  server.RaftServerConfigKeys (ConfUtils.java:logGet(46)) - raft.server.rpc.timeout.min = 5s (custom)
2023-10-17 18:54:36,359 [b2429fc7-5618-4aa2-af46-5079058310ec-groupManagement] INFO  server.RaftServerConfigKeys (ConfUtils.java:logGet(46)) - raft.server.rpc.timeout.max = 5200ms (custom)
2023-10-17 18:54:36,359 [b2429fc7-5618-4aa2-af46-5079058310ec-groupManagement] INFO  server.RaftServerConfigKeys (ConfUtils.java:logGet(46)) - raft.server.rpc.sleep.time = 25ms (default)
2023-10-17 18:54:36,359 [b2429fc7-5618-4aa2-af46-5079058310ec-groupManagement] INFO  server.RaftServerConfigKeys (ConfUtils.java:logGet(46)) - raft.server.rpc.slowness.timeout = 300s (custom)
2023-10-17 18:54:36,359 [b2429fc7-5618-4aa2-af46-5079058310ec-groupManagement] INFO  server.RaftServerConfigKeys (ConfUtils.java:logGet(46)) - raft.server.leaderelection.leader.step-down.wait-time = 10s (default)
2023-10-17 18:54:36,359 [b2429fc7-5618-4aa2-af46-5079058310ec-groupManagement] INFO  server.RaftServerConfigKeys (ConfUtils.java:logGet(46)) - raft.server.sleep.deviation.threshold = 300ms (default)
2023-10-17 18:54:36,359 [b2429fc7-5618-4aa2-af46-5079058310ec-groupManagement] INFO  server.RaftServer$Division (ServerState.java:<init>(120)) - b2429fc7-5618-4aa2-af46-5079058310ec@group-F6A655D6B0A1: ConfigurationManager, init=-1: peers:[b2429fc7-5618-4aa2-af46-5079058310ec|rpc:10.1.0.79:15014|admin:10.1.0.79:15013|client:10.1.0.79:15012|dataStream:10.1.0.79:15015|priority:0|startupRole:FOLLOWER, effd9d2c-4905-4e44-ade4-aa9f0e9056f9|rpc:10.1.0.79:15032|admin:10.1.0.79:15031|client:10.1.0.79:15030|dataStream:10.1.0.79:15033|priority:0|startupRole:FOLLOWER, b5355d07-9284-4381-92f8-11cbf4e568d5|rpc:10.1.0.79:15023|admin:10.1.0.79:15022|client:10.1.0.79:15021|dataStream:10.1.0.79:15024|priority:1|startupRole:FOLLOWER]|listeners:[], old=null, confs=<EMPTY_MAP>
2023-10-17 18:54:36,359 [b2429fc7-5618-4aa2-af46-5079058310ec-groupManagement] INFO  server.RaftServerConfigKeys (ConfUtils.java:logGet(46)) - raft.server.storage.dir = [/home/runner/work/ozone/ozone/hadoop-ozone/integration-test/target/test-dir/MiniOzoneClusterImpl-6d5b43b8-50d7-4b60-8424-e359ec6f806a/datanode-0/data/ratis] (custom)
2023-10-17 18:54:36,360 [b2429fc7-5618-4aa2-af46-5079058310ec-groupManagement] INFO  server.RaftServerConfigKeys (ConfUtils.java:logGet(46)) - raft.server.log.corruption.policy = EXCEPTION (default)
2023-10-17 18:54:36,360 [b2429fc7-5618-4aa2-af46-5079058310ec-groupManagement] INFO  server.RaftServerConfigKeys (ConfUtils.java:logGet(46)) - raft.server.storage.free-space.min = 0MB (=0) (default)
2023-10-17 18:54:36,360 [b2429fc7-5618-4aa2-af46-5079058310ec-groupManagement] INFO  server.RaftServerConfigKeys (ConfUtils.java:logGet(46)) - raft.server.notification.no-leader.timeout = 300s (custom)
2023-10-17 18:54:36,360 [b2429fc7-5618-4aa2-af46-5079058310ec-groupManagement] INFO  server.RaftServerConfigKeys (ConfUtils.java:logGet(46)) - raft.server.read.timeout = 10s (default)
2023-10-17 18:54:36,360 [b2429fc7-5618-4aa2-af46-5079058310ec-groupManagement] INFO  server.RaftServerConfigKeys (ConfUtils.java:logGet(46)) - raft.server.retrycache.expirytime = 600000ms (custom)
2023-10-17 18:54:36,360 [b2429fc7-5618-4aa2-af46-5079058310ec-groupManagement] INFO  server.RaftServerConfigKeys (ConfUtils.java:logGet(46)) - raft.server.retrycache.statistics.expirytime = 100μs (default)
2023-10-17 18:54:36,361 [b2429fc7-5618-4aa2-af46-5079058310ec-groupManagement] INFO  server.RaftServerConfigKeys (ConfUtils.java:logGet(46)) - raft.server.read.option = DEFAULT (default)
2023-10-17 18:54:36,374 [IPC Server handler 8 on default port 15002] INFO  net.NetworkTopologyImpl (NetworkTopologyImpl.java:add(112)) - Added a new node: /default-rack/b02d6f66-d0eb-48ed-9f4c-37a8796232ac
2023-10-17 18:54:36,378 [effd9d2c-4905-4e44-ade4-aa9f0e9056f9-groupManagement] INFO  server.RaftServer$Division (RaftServerImpl.java:<init>(198)) - effd9d2c-4905-4e44-ade4-aa9f0e9056f9: new RaftServerImpl for group-F6A655D6B0A1:[b2429fc7-5618-4aa2-af46-5079058310ec|rpc:10.1.0.79:15014|admin:10.1.0.79:15013|client:10.1.0.79:15012|dataStream:10.1.0.79:15015|priority:0|startupRole:FOLLOWER, effd9d2c-4905-4e44-ade4-aa9f0e9056f9|rpc:10.1.0.79:15032|admin:10.1.0.79:15031|client:10.1.0.79:15030|dataStream:10.1.0.79:15033|priority:0|startupRole:FOLLOWER, b5355d07-9284-4381-92f8-11cbf4e568d5|rpc:10.1.0.79:15023|admin:10.1.0.79:15022|client:10.1.0.79:15021|dataStream:10.1.0.79:15024|priority:1|startupRole:FOLLOWER] with ContainerStateMachine:uninitialized
2023-10-17 18:54:36,377 [PipelineCommandHandlerThread-0] INFO  ratis.XceiverServerRatis (XceiverServerRatis.java:addGroup(804)) - Created group PipelineID=75859af9-3ee6-47e8-8c5d-b242dde98b9c
2023-10-17 18:54:36,376 [b2429fc7-5618-4aa2-af46-5079058310ec-groupManagement] INFO  server.RaftServerConfigKeys (ConfUtils.java:logGet(46)) - raft.server.rpc.request.timeout = 60s (custom)
2023-10-17 18:54:36,383 [PipelineCommandHandlerThread-0] INFO  commandhandler.CreatePipelineCommandHandler (CreatePipelineCommandHandler.java:lambda$handle$2(124)) - Created Pipeline RATIS ONE PipelineID=75859af9-3ee6-47e8-8c5d-b242dde98b9c.
2023-10-17 18:54:36,384 [b2429fc7-5618-4aa2-af46-5079058310ec-groupManagement] INFO  server.RaftServerConfigKeys (ConfUtils.java:logGet(46)) - raft.server.log.appender.install.snapshot.enabled = false (custom)
2023-10-17 18:54:36,384 [b2429fc7-5618-4aa2-af46-5079058310ec-groupManagement] INFO  server.RaftServerConfigKeys (ConfUtils.java:logGet(46)) - raft.server.threadpool.server.cached = true (default)
2023-10-17 18:54:36,384 [b2429fc7-5618-4aa2-af46-5079058310ec-groupManagement] INFO  server.RaftServerConfigKeys (ConfUtils.java:logGet(46)) - raft.server.threadpool.server.size = 0 (default)
2023-10-17 18:54:36,384 [b2429fc7-5618-4aa2-af46-5079058310ec-groupManagement] INFO  server.RaftServerConfigKeys (ConfUtils.java:logGet(46)) - raft.server.threadpool.client.cached = true (default)
2023-10-17 18:54:36,384 [b2429fc7-5618-4aa2-af46-5079058310ec-groupManagement] INFO  server.RaftServerConfigKeys (ConfUtils.java:logGet(46)) - raft.server.threadpool.client.size = 0 (default)
2023-10-17 18:54:36,384 [b2429fc7-5618-4aa2-af46-5079058310ec-groupManagement] INFO  storage.RaftStorageDirectory (RaftStorageDirectoryImpl.java:analyzeStorage(137)) - The storage directory /home/runner/work/ozone/ozone/hadoop-ozone/integration-test/target/test-dir/MiniOzoneClusterImpl-6d5b43b8-50d7-4b60-8424-e359ec6f806a/datanode-0/data/ratis/ba603908-c414-4a0b-ae62-f6a655d6b0a1 does not exist. Creating ...
2023-10-17 18:54:36,384 [effd9d2c-4905-4e44-ade4-aa9f0e9056f9-groupManagement] INFO  server.RaftServerConfigKeys (ConfUtils.java:logGet(46)) - raft.server.rpc.timeout.min = 5s (custom)
2023-10-17 18:54:36,384 [effd9d2c-4905-4e44-ade4-aa9f0e9056f9-groupManagement] INFO  server.RaftServerConfigKeys (ConfUtils.java:logGet(46)) - raft.server.rpc.timeout.max = 5200ms (custom)
2023-10-17 18:54:36,384 [effd9d2c-4905-4e44-ade4-aa9f0e9056f9-groupManagement] INFO  server.RaftServerConfigKeys (ConfUtils.java:logGet(46)) - raft.server.rpc.sleep.time = 25ms (default)
2023-10-17 18:54:36,384 [effd9d2c-4905-4e44-ade4-aa9f0e9056f9-groupManagement] INFO  server.RaftServerConfigKeys (ConfUtils.java:logGet(46)) - raft.server.rpc.slowness.timeout = 300s (custom)
2023-10-17 18:54:36,384 [effd9d2c-4905-4e44-ade4-aa9f0e9056f9-groupManagement] INFO  server.RaftServerConfigKeys (ConfUtils.java:logGet(46)) - raft.server.leaderelection.leader.step-down.wait-time = 10s (default)
2023-10-17 18:54:36,375 [effd9d2c-4905-4e44-ade4-aa9f0e9056f9@group-B242DDE98B9C-FollowerState] INFO  server.RaftServerConfigKeys (ConfUtils.java:logFallback(53)) - raft.server.rpc.first-election.timeout.min = 5s (fallback to raft.server.rpc.timeout.min)
2023-10-17 18:54:36,384 [effd9d2c-4905-4e44-ade4-aa9f0e9056f9@group-B242DDE98B9C-FollowerState] INFO  server.RaftServerConfigKeys (ConfUtils.java:logFallback(53)) - raft.server.rpc.first-election.timeout.max = 5200ms (fallback to raft.server.rpc.timeout.max)
2023-10-17 18:54:36,374 [main] INFO  ozone.MiniOzoneClusterImpl (MiniOzoneClusterImpl.java:lambda$waitForClusterToBeReady$0(229)) - Waiting for nodes to be ready. Got 9 of 10 DN Heartbeats.
2023-10-17 18:54:36,385 [main] INFO  ozone.MiniOzoneClusterImpl (MiniOzoneClusterImpl.java:lambda$waitForClusterToBeReady$0(232)) - Waiting for cluster to exit safe mode
2023-10-17 18:54:36,385 [main] INFO  ozone.MiniOzoneClusterImpl (MiniOzoneClusterImpl.java:lambda$waitForClusterToBeReady$0(234)) - SCM became leader
2023-10-17 18:54:36,384 [effd9d2c-4905-4e44-ade4-aa9f0e9056f9-groupManagement] INFO  server.RaftServerConfigKeys (ConfUtils.java:logGet(46)) - raft.server.sleep.deviation.threshold = 300ms (default)
2023-10-17 18:54:36,383 [IPC Server handler 8 on default port 15002] INFO  node.SCMNodeManager (SCMNodeManager.java:register(405)) - Registered Data node : b02d6f66-d0eb-48ed-9f4c-37a8796232ac{ip: 10.1.0.79, host: fv-az82-357.ou3itxwc2spe5nxnxxppousbrf.dx.internal.cloudapp.net, ports: [HTTP=15090, CLIENT_RPC=15091, REPLICATION=15097, RATIS=15093, RATIS_ADMIN=15094, RATIS_SERVER=15095, RATIS_DATASTREAM=15096, STANDALONE=15092], networkLocation: /default-rack, certSerialId: null, persistedOpState: null, persistedOpStateExpiryEpochSec: 0}
2023-10-17 18:54:36,385 [effd9d2c-4905-4e44-ade4-aa9f0e9056f9-groupManagement] INFO  server.RaftServer$Division (ServerState.java:<init>(120)) - effd9d2c-4905-4e44-ade4-aa9f0e9056f9@group-F6A655D6B0A1: ConfigurationManager, init=-1: peers:[b2429fc7-5618-4aa2-af46-5079058310ec|rpc:10.1.0.79:15014|admin:10.1.0.79:15013|client:10.1.0.79:15012|dataStream:10.1.0.79:15015|priority:0|startupRole:FOLLOWER, effd9d2c-4905-4e44-ade4-aa9f0e9056f9|rpc:10.1.0.79:15032|admin:10.1.0.79:15031|client:10.1.0.79:15030|dataStream:10.1.0.79:15033|priority:0|startupRole:FOLLOWER, b5355d07-9284-4381-92f8-11cbf4e568d5|rpc:10.1.0.79:15023|admin:10.1.0.79:15022|client:10.1.0.79:15021|dataStream:10.1.0.79:15024|priority:1|startupRole:FOLLOWER]|listeners:[], old=null, confs=<EMPTY_MAP>
2023-10-17 18:54:36,385 [effd9d2c-4905-4e44-ade4-aa9f0e9056f9-groupManagement] INFO  server.RaftServerConfigKeys (ConfUtils.java:logGet(46)) - raft.server.storage.dir = [/home/runner/work/ozone/ozone/hadoop-ozone/integration-test/target/test-dir/MiniOzoneClusterImpl-6d5b43b8-50d7-4b60-8424-e359ec6f806a/datanode-2/data/ratis] (custom)
2023-10-17 18:54:36,385 [EventQueue-NewNodeForNewNodeHandler] INFO  pipeline.BackgroundPipelineCreator (BackgroundPipelineCreator.java:notifyEventTriggered(277)) - trigger a one-shot run on RatisPipelineUtilsThread.
2023-10-17 18:54:36,386 [b2429fc7-5618-4aa2-af46-5079058310ec-groupManagement] INFO  storage.RaftStorageDirectory (RaftStorageDirectoryImpl.java:tryLock(231)) - Lock on /home/runner/work/ozone/ozone/hadoop-ozone/integration-test/target/test-dir/MiniOzoneClusterImpl-6d5b43b8-50d7-4b60-8424-e359ec6f806a/datanode-0/data/ratis/ba603908-c414-4a0b-ae62-f6a655d6b0a1/in_use.lock acquired by nodename 97056@fv-az82-357
2023-10-17 18:54:36,386 [effd9d2c-4905-4e44-ade4-aa9f0e9056f9-groupManagement] INFO  server.RaftServerConfigKeys (ConfUtils.java:logGet(46)) - raft.server.log.corruption.policy = EXCEPTION (default)
2023-10-17 18:54:36,388 [effd9d2c-4905-4e44-ade4-aa9f0e9056f9-groupManagement] INFO  server.RaftServerConfigKeys (ConfUtils.java:logGet(46)) - raft.server.storage.free-space.min = 0MB (=0) (default)
2023-10-17 18:54:36,388 [effd9d2c-4905-4e44-ade4-aa9f0e9056f9-groupManagement] INFO  server.RaftServerConfigKeys (ConfUtils.java:logGet(46)) - raft.server.notification.no-leader.timeout = 300s (custom)
2023-10-17 18:54:36,388 [effd9d2c-4905-4e44-ade4-aa9f0e9056f9-groupManagement] INFO  server.RaftServerConfigKeys (ConfUtils.java:logGet(46)) - raft.server.read.timeout = 10s (default)
2023-10-17 18:54:36,388 [effd9d2c-4905-4e44-ade4-aa9f0e9056f9-groupManagement] INFO  server.RaftServerConfigKeys (ConfUtils.java:logGet(46)) - raft.server.retrycache.expirytime = 600000ms (custom)
2023-10-17 18:54:36,388 [effd9d2c-4905-4e44-ade4-aa9f0e9056f9-groupManagement] INFO  server.RaftServerConfigKeys (ConfUtils.java:logGet(46)) - raft.server.retrycache.statistics.expirytime = 100μs (default)
2023-10-17 18:54:36,389 [RatisPipelineUtilsThread - 0] INFO  pipeline.RatisPipelineProvider (RatisPipelineProvider.java:lambda$create$0(206)) - Sending CreatePipelineCommand for pipeline:PipelineID=dfc5b30b-5a21-40b0-b250-7910a4aa882c to datanode:b02d6f66-d0eb-48ed-9f4c-37a8796232ac
2023-10-17 18:54:36,391 [RatisPipelineUtilsThread - 0] INFO  pipeline.BackgroundPipelineCreator (BackgroundPipelineCreator.java:createPipelines(233)) - Created new pipeline Pipeline[ Id: dfc5b30b-5a21-40b0-b250-7910a4aa882c, Nodes: b02d6f66-d0eb-48ed-9f4c-37a8796232ac(fv-az82-357.ou3itxwc2spe5nxnxxppousbrf.dx.internal.cloudapp.net/10.1.0.79), ReplicationConfig: RATIS/ONE, State:ALLOCATED, leaderId:, CreationTimestamp2023-10-17T18:54:36.389Z[Etc/UTC]]
2023-10-17 18:54:36,393 [b2429fc7-5618-4aa2-af46-5079058310ec-groupManagement] INFO  storage.RaftStorage (RaftStorageImpl.java:format(96)) - Storage directory /home/runner/work/ozone/ozone/hadoop-ozone/integration-test/target/test-dir/MiniOzoneClusterImpl-6d5b43b8-50d7-4b60-8424-e359ec6f806a/datanode-0/data/ratis/ba603908-c414-4a0b-ae62-f6a655d6b0a1 has been successfully formatted.
2023-10-17 18:54:36,393 [effd9d2c-4905-4e44-ade4-aa9f0e9056f9-groupManagement] INFO  server.RaftServerConfigKeys (ConfUtils.java:logGet(46)) - raft.server.read.option = DEFAULT (default)
2023-10-17 18:54:36,393 [b2429fc7-5618-4aa2-af46-5079058310ec-groupManagement] INFO  ratis.ContainerStateMachine (ContainerStateMachine.java:loadSnapshot(262)) - group-F6A655D6B0A1: The snapshot info is null. Setting the last applied indexto:(t:0, i:~)
2023-10-17 18:54:36,393 [b2429fc7-5618-4aa2-af46-5079058310ec-groupManagement] INFO  server.RaftServerConfigKeys (ConfUtils.java:logGet(46)) - raft.server.log.use.memory = false (default)
2023-10-17 18:54:36,393 [b2429fc7-5618-4aa2-af46-5079058310ec-groupManagement] INFO  server.RaftServerConfigKeys (ConfUtils.java:logGet(46)) - raft.server.log.purge.gap = 1000000 (custom)
2023-10-17 18:54:36,394 [b2429fc7-5618-4aa2-af46-5079058310ec-groupManagement] INFO  server.RaftServerConfigKeys (ConfUtils.java:logGet(46)) - raft.server.log.appender.buffer.byte-limit = 33554432 (custom)
2023-10-17 18:54:36,394 [b2429fc7-5618-4aa2-af46-5079058310ec-groupManagement] INFO  server.RaftServerConfigKeys (ConfUtils.java:logGet(46)) - raft.server.log.statemachine.data.read.timeout = 1000ms (default)
2023-10-17 18:54:36,394 [b2429fc7-5618-4aa2-af46-5079058310ec-groupManagement] INFO  server.RaftServerConfigKeys (ConfUtils.java:logGet(46)) - raft.server.log.purge.preservation.log.num = 0 (default)
2023-10-17 18:54:36,395 [b2429fc7-5618-4aa2-af46-5079058310ec-groupManagement] INFO  server.RaftServerConfigKeys (ConfUtils.java:logGet(46)) - raft.server.log.segment.size.max = 1048576 (custom)
2023-10-17 18:54:36,395 [b2429fc7-5618-4aa2-af46-5079058310ec-groupManagement] INFO  server.RaftServerConfigKeys (ConfUtils.java:logGet(46)) - raft.server.log.segment.cache.num.max = 2 (custom)
2023-10-17 18:54:36,395 [b2429fc7-5618-4aa2-af46-5079058310ec-groupManagement] INFO  server.RaftServerConfigKeys (ConfUtils.java:logGet(46)) - raft.server.log.segment.cache.size.max = 200MB (=209715200) (default)
2023-10-17 18:54:36,395 [b2429fc7-5618-4aa2-af46-5079058310ec-groupManagement] INFO  server.RaftServerConfigKeys (ConfUtils.java:logGet(46)) - raft.server.log.appender.buffer.byte-limit = 33554432 (custom)
2023-10-17 18:54:36,395 [b2429fc7-5618-4aa2-af46-5079058310ec-groupManagement] INFO  segmented.SegmentedRaftLogWorker (SegmentedRaftLogWorker.java:<init>(188)) - new b2429fc7-5618-4aa2-af46-5079058310ec@group-F6A655D6B0A1-SegmentedRaftLogWorker for RaftStorageImpl:Storage Directory /home/runner/work/ozone/ozone/hadoop-ozone/integration-test/target/test-dir/MiniOzoneClusterImpl-6d5b43b8-50d7-4b60-8424-e359ec6f806a/datanode-0/data/ratis/ba603908-c414-4a0b-ae62-f6a655d6b0a1
2023-10-17 18:54:36,395 [b2429fc7-5618-4aa2-af46-5079058310ec-groupManagement] INFO  server.RaftServerConfigKeys (ConfUtils.java:logGet(46)) - raft.server.log.queue.byte-limit = 4294967296 (custom)
2023-10-17 18:54:36,395 [b2429fc7-5618-4aa2-af46-5079058310ec-groupManagement] INFO  server.RaftServerConfigKeys (ConfUtils.java:logGet(46)) - raft.server.log.queue.element-limit = 1024 (custom)
2023-10-17 18:54:36,395 [b2429fc7-5618-4aa2-af46-5079058310ec-groupManagement] INFO  server.RaftServerConfigKeys (ConfUtils.java:logGet(46)) - raft.server.log.segment.size.max = 1048576 (custom)
2023-10-17 18:54:36,396 [b2429fc7-5618-4aa2-af46-5079058310ec-groupManagement] INFO  server.RaftServerConfigKeys (ConfUtils.java:logGet(46)) - raft.server.log.preallocated.size = 16384 (custom)
2023-10-17 18:54:36,396 [b2429fc7-5618-4aa2-af46-5079058310ec-groupManagement] INFO  server.RaftServerConfigKeys (ConfUtils.java:logGet(46)) - raft.server.log.force.sync.num = 128 (default)
2023-10-17 18:54:36,396 [b2429fc7-5618-4aa2-af46-5079058310ec-groupManagement] INFO  server.RaftServerConfigKeys (ConfUtils.java:logGet(46)) - raft.server.log.statemachine.data.sync = true (default)
2023-10-17 18:54:36,396 [b2429fc7-5618-4aa2-af46-5079058310ec-groupManagement] INFO  server.RaftServerConfigKeys (ConfUtils.java:logGet(46)) - raft.server.log.statemachine.data.sync.timeout = 10s (default)
2023-10-17 18:54:36,396 [b2429fc7-5618-4aa2-af46-5079058310ec-groupManagement] INFO  server.RaftServerConfigKeys (ConfUtils.java:logGet(46)) - raft.server.log.statemachine.data.sync.timeout.retry = -1 (default)
2023-10-17 18:54:36,400 [EventQueue-OpenPipelineForHealthyPipelineSafeModeRule] INFO  safemode.SCMSafeModeManager (HealthyPipelineSafeModeRule.java:process(137)) - SCM in safe mode. Healthy pipelines reported count is 0, required healthy pipeline reported count is 1
2023-10-17 18:54:36,401 [b2429fc7-5618-4aa2-af46-5079058310ec-groupManagement] INFO  server.RaftServerConfigKeys (ConfUtils.java:logGet(46)) - raft.server.log.write.buffer.size = 1048576 (custom)
2023-10-17 18:54:36,402 [b2429fc7-5618-4aa2-af46-5079058310ec-groupManagement] INFO  server.RaftServerConfigKeys (ConfUtils.java:logGet(46)) - raft.server.log.appender.buffer.byte-limit = 33554432 (custom)
2023-10-17 18:54:36,402 [effd9d2c-4905-4e44-ade4-aa9f0e9056f9-groupManagement] INFO  server.RaftServerConfigKeys (ConfUtils.java:logGet(46)) - raft.server.rpc.request.timeout = 60s (custom)
2023-10-17 18:54:36,402 [effd9d2c-4905-4e44-ade4-aa9f0e9056f9-groupManagement] INFO  server.RaftServerConfigKeys (ConfUtils.java:logGet(46)) - raft.server.log.appender.install.snapshot.enabled = false (custom)
2023-10-17 18:54:36,402 [effd9d2c-4905-4e44-ade4-aa9f0e9056f9-groupManagement] INFO  server.RaftServerConfigKeys (ConfUtils.java:logGet(46)) - raft.server.threadpool.server.cached = true (default)
2023-10-17 18:54:36,403 [effd9d2c-4905-4e44-ade4-aa9f0e9056f9-groupManagement] INFO  server.RaftServerConfigKeys (ConfUtils.java:logGet(46)) - raft.server.threadpool.server.size = 0 (default)
2023-10-17 18:54:36,403 [effd9d2c-4905-4e44-ade4-aa9f0e9056f9-groupManagement] INFO  server.RaftServerConfigKeys (ConfUtils.java:logGet(46)) - raft.server.threadpool.client.cached = true (default)
2023-10-17 18:54:36,403 [effd9d2c-4905-4e44-ade4-aa9f0e9056f9-groupManagement] INFO  server.RaftServerConfigKeys (ConfUtils.java:logGet(46)) - raft.server.threadpool.client.size = 0 (default)
2023-10-17 18:54:36,403 [effd9d2c-4905-4e44-ade4-aa9f0e9056f9-groupManagement] INFO  storage.RaftStorageDirectory (RaftStorageDirectoryImpl.java:analyzeStorage(137)) - The storage directory /home/runner/work/ozone/ozone/hadoop-ozone/integration-test/target/test-dir/MiniOzoneClusterImpl-6d5b43b8-50d7-4b60-8424-e359ec6f806a/datanode-2/data/ratis/ba603908-c414-4a0b-ae62-f6a655d6b0a1 does not exist. Creating ...
2023-10-17 18:54:36,405 [effd9d2c-4905-4e44-ade4-aa9f0e9056f9-groupManagement] INFO  storage.RaftStorageDirectory (RaftStorageDirectoryImpl.java:tryLock(231)) - Lock on /home/runner/work/ozone/ozone/hadoop-ozone/integration-test/target/test-dir/MiniOzoneClusterImpl-6d5b43b8-50d7-4b60-8424-e359ec6f806a/datanode-2/data/ratis/ba603908-c414-4a0b-ae62-f6a655d6b0a1/in_use.lock acquired by nodename 97056@fv-az82-357
2023-10-17 18:54:36,406 [effd9d2c-4905-4e44-ade4-aa9f0e9056f9-groupManagement] INFO  storage.RaftStorage (RaftStorageImpl.java:format(96)) - Storage directory /home/runner/work/ozone/ozone/hadoop-ozone/integration-test/target/test-dir/MiniOzoneClusterImpl-6d5b43b8-50d7-4b60-8424-e359ec6f806a/datanode-2/data/ratis/ba603908-c414-4a0b-ae62-f6a655d6b0a1 has been successfully formatted.
2023-10-17 18:54:36,407 [effd9d2c-4905-4e44-ade4-aa9f0e9056f9-groupManagement] INFO  ratis.ContainerStateMachine (ContainerStateMachine.java:loadSnapshot(262)) - group-F6A655D6B0A1: The snapshot info is null. Setting the last applied indexto:(t:0, i:~)
2023-10-17 18:54:36,407 [effd9d2c-4905-4e44-ade4-aa9f0e9056f9-groupManagement] INFO  server.RaftServerConfigKeys (ConfUtils.java:logGet(46)) - raft.server.log.use.memory = false (default)
2023-10-17 18:54:36,407 [effd9d2c-4905-4e44-ade4-aa9f0e9056f9-groupManagement] INFO  server.RaftServerConfigKeys (ConfUtils.java:logGet(46)) - raft.server.log.purge.gap = 1000000 (custom)
2023-10-17 18:54:36,408 [effd9d2c-4905-4e44-ade4-aa9f0e9056f9-groupManagement] INFO  server.RaftServerConfigKeys (ConfUtils.java:logGet(46)) - raft.server.log.appender.buffer.byte-limit = 33554432 (custom)
2023-10-17 18:54:36,414 [b2429fc7-5618-4aa2-af46-5079058310ec-groupManagement] INFO  server.RaftServerConfigKeys (ConfUtils.java:logGet(46)) - raft.server.log.unsafe-flush.enabled = false (default)
2023-10-17 18:54:36,415 [b2429fc7-5618-4aa2-af46-5079058310ec-groupManagement] INFO  server.RaftServerConfigKeys (ConfUtils.java:logGet(46)) - raft.server.log.async-flush.enabled = false (default)
2023-10-17 18:54:36,415 [b2429fc7-5618-4aa2-af46-5079058310ec-groupManagement] INFO  server.RaftServerConfigKeys (ConfUtils.java:logGet(46)) - raft.server.log.statemachine.data.caching.enabled = true (custom)
2023-10-17 18:54:36,415 [b2429fc7-5618-4aa2-af46-5079058310ec-groupManagement] INFO  segmented.SegmentedRaftLogWorker (SegmentedRaftLogWorker.java:lambda$new$0(135)) - b2429fc7-5618-4aa2-af46-5079058310ec@group-F6A655D6B0A1-SegmentedRaftLogWorker: flushIndex: setUnconditionally 0 -> -1
2023-10-17 18:54:36,416 [b2429fc7-5618-4aa2-af46-5079058310ec-groupManagement] INFO  segmented.SegmentedRaftLogWorker (SegmentedRaftLogWorker.java:lambda$new$0(135)) - b2429fc7-5618-4aa2-af46-5079058310ec@group-F6A655D6B0A1-SegmentedRaftLogWorker: safeCacheEvictIndex: setUnconditionally 0 -> -1
2023-10-17 18:54:36,415 [effd9d2c-4905-4e44-ade4-aa9f0e9056f9-groupManagement] INFO  server.RaftServerConfigKeys (ConfUtils.java:logGet(46)) - raft.server.log.statemachine.data.read.timeout = 1000ms (default)
2023-10-17 18:54:36,415 [EventQueue-OpenPipelineForHealthyPipelineSafeModeRule] INFO  safemode.SCMSafeModeManager (HealthyPipelineSafeModeRule.java:process(137)) - SCM in safe mode. Healthy pipelines reported count is 0, required healthy pipeline reported count is 1
2023-10-17 18:54:36,416 [effd9d2c-4905-4e44-ade4-aa9f0e9056f9-groupManagement] INFO  server.RaftServerConfigKeys (ConfUtils.java:logGet(46)) - raft.server.log.purge.preservation.log.num = 0 (default)
2023-10-17 18:54:36,416 [effd9d2c-4905-4e44-ade4-aa9f0e9056f9-groupManagement] INFO  server.RaftServerConfigKeys (ConfUtils.java:logGet(46)) - raft.server.log.segment.size.max = 1048576 (custom)
2023-10-17 18:54:36,417 [effd9d2c-4905-4e44-ade4-aa9f0e9056f9-groupManagement] INFO  server.RaftServerConfigKeys (ConfUtils.java:logGet(46)) - raft.server.log.segment.cache.num.max = 2 (custom)
2023-10-17 18:54:36,417 [effd9d2c-4905-4e44-ade4-aa9f0e9056f9-groupManagement] INFO  server.RaftServerConfigKeys (ConfUtils.java:logGet(46)) - raft.server.log.segment.cache.size.max = 200MB (=209715200) (default)
2023-10-17 18:54:36,417 [effd9d2c-4905-4e44-ade4-aa9f0e9056f9-groupManagement] INFO  server.RaftServerConfigKeys (ConfUtils.java:logGet(46)) - raft.server.log.appender.buffer.byte-limit = 33554432 (custom)
2023-10-17 18:54:36,417 [effd9d2c-4905-4e44-ade4-aa9f0e9056f9-groupManagement] INFO  segmented.SegmentedRaftLogWorker (SegmentedRaftLogWorker.java:<init>(188)) - new effd9d2c-4905-4e44-ade4-aa9f0e9056f9@group-F6A655D6B0A1-SegmentedRaftLogWorker for RaftStorageImpl:Storage Directory /home/runner/work/ozone/ozone/hadoop-ozone/integration-test/target/test-dir/MiniOzoneClusterImpl-6d5b43b8-50d7-4b60-8424-e359ec6f806a/datanode-2/data/ratis/ba603908-c414-4a0b-ae62-f6a655d6b0a1
2023-10-17 18:54:36,417 [effd9d2c-4905-4e44-ade4-aa9f0e9056f9-groupManagement] INFO  server.RaftServerConfigKeys (ConfUtils.java:logGet(46)) - raft.server.log.queue.byte-limit = 4294967296 (custom)
2023-10-17 18:54:36,417 [effd9d2c-4905-4e44-ade4-aa9f0e9056f9-groupManagement] INFO  server.RaftServerConfigKeys (ConfUtils.java:logGet(46)) - raft.server.log.queue.element-limit = 1024 (custom)
2023-10-17 18:54:36,417 [effd9d2c-4905-4e44-ade4-aa9f0e9056f9-groupManagement] INFO  server.RaftServerConfigKeys (ConfUtils.java:logGet(46)) - raft.server.log.segment.size.max = 1048576 (custom)
2023-10-17 18:54:36,417 [effd9d2c-4905-4e44-ade4-aa9f0e9056f9-groupManagement] INFO  server.RaftServerConfigKeys (ConfUtils.java:logGet(46)) - raft.server.log.preallocated.size = 16384 (custom)
2023-10-17 18:54:36,418 [effd9d2c-4905-4e44-ade4-aa9f0e9056f9-groupManagement] INFO  server.RaftServerConfigKeys (ConfUtils.java:logGet(46)) - raft.server.log.force.sync.num = 128 (default)
2023-10-17 18:54:36,418 [effd9d2c-4905-4e44-ade4-aa9f0e9056f9-groupManagement] INFO  server.RaftServerConfigKeys (ConfUtils.java:logGet(46)) - raft.server.log.statemachine.data.sync = true (default)
2023-10-17 18:54:36,418 [effd9d2c-4905-4e44-ade4-aa9f0e9056f9-groupManagement] INFO  server.RaftServerConfigKeys (ConfUtils.java:logGet(46)) - raft.server.log.statemachine.data.sync.timeout = 10s (default)
2023-10-17 18:54:36,418 [effd9d2c-4905-4e44-ade4-aa9f0e9056f9-groupManagement] INFO  server.RaftServerConfigKeys (ConfUtils.java:logGet(46)) - raft.server.log.statemachine.data.sync.timeout.retry = -1 (default)
2023-10-17 18:54:36,419 [effd9d2c-4905-4e44-ade4-aa9f0e9056f9-groupManagement] INFO  server.RaftServerConfigKeys (ConfUtils.java:logGet(46)) - raft.server.log.write.buffer.size = 1048576 (custom)
2023-10-17 18:54:36,422 [effd9d2c-4905-4e44-ade4-aa9f0e9056f9-groupManagement] INFO  server.RaftServerConfigKeys (ConfUtils.java:logGet(46)) - raft.server.log.appender.buffer.byte-limit = 33554432 (custom)
2023-10-17 18:54:36,428 [b2429fc7-5618-4aa2-af46-5079058310ec-groupManagement] INFO  server.RaftServer$Division (RaftServerImpl.java:start(342)) - b2429fc7-5618-4aa2-af46-5079058310ec@group-F6A655D6B0A1: start as a follower, conf=-1: peers:[b2429fc7-5618-4aa2-af46-5079058310ec|rpc:10.1.0.79:15014|admin:10.1.0.79:15013|client:10.1.0.79:15012|dataStream:10.1.0.79:15015|priority:0|startupRole:FOLLOWER, effd9d2c-4905-4e44-ade4-aa9f0e9056f9|rpc:10.1.0.79:15032|admin:10.1.0.79:15031|client:10.1.0.79:15030|dataStream:10.1.0.79:15033|priority:0|startupRole:FOLLOWER, b5355d07-9284-4381-92f8-11cbf4e568d5|rpc:10.1.0.79:15023|admin:10.1.0.79:15022|client:10.1.0.79:15021|dataStream:10.1.0.79:15024|priority:1|startupRole:FOLLOWER]|listeners:[], old=null
2023-10-17 18:54:36,428 [b2429fc7-5618-4aa2-af46-5079058310ec-groupManagement] INFO  server.RaftServer$Division (RaftServerImpl.java:setRole(329)) - b2429fc7-5618-4aa2-af46-5079058310ec@group-F6A655D6B0A1: changes role from      null to FOLLOWER at term 0 for startAsFollower
2023-10-17 18:54:36,428 [b2429fc7-5618-4aa2-af46-5079058310ec-groupManagement] INFO  impl.RoleInfo (RoleInfo.java:updateAndGet(139)) - b2429fc7-5618-4aa2-af46-5079058310ec: start b2429fc7-5618-4aa2-af46-5079058310ec@group-F6A655D6B0A1-FollowerState
2023-10-17 18:54:36,428 [b2429fc7-5618-4aa2-af46-5079058310ec-groupManagement] INFO  util.JmxRegister (JmxRegister.java:tryRegister(44)) - Successfully registered JMX Bean with object name Ratis:service=RaftServer,group=group-F6A655D6B0A1,id=b2429fc7-5618-4aa2-af46-5079058310ec
2023-10-17 18:54:36,429 [b2429fc7-5618-4aa2-af46-5079058310ec-groupManagement] INFO  server.RaftServerConfigKeys (ConfUtils.java:logGet(46)) - raft.server.snapshot.auto.trigger.enabled = true (custom)
2023-10-17 18:54:36,429 [b2429fc7-5618-4aa2-af46-5079058310ec-groupManagement] INFO  server.RaftServerConfigKeys (ConfUtils.java:logGet(46)) - raft.server.snapshot.auto.trigger.threshold = 10000 (custom)
2023-10-17 18:54:36,429 [b2429fc7-5618-4aa2-af46-5079058310ec-groupManagement] INFO  server.RaftServerConfigKeys (ConfUtils.java:logGet(46)) - raft.server.snapshot.retention.file.num = 5 (custom)
2023-10-17 18:54:36,429 [b2429fc7-5618-4aa2-af46-5079058310ec-groupManagement] INFO  server.RaftServerConfigKeys (ConfUtils.java:logGet(46)) - raft.server.log.purge.upto.snapshot.index = false (default)
2023-10-17 18:54:36,430 [b2429fc7-5618-4aa2-af46-5079058310ec@group-F6A655D6B0A1-FollowerState] INFO  server.RaftServerConfigKeys (ConfUtils.java:logFallback(53)) - raft.server.rpc.first-election.timeout.min = 5s (fallback to raft.server.rpc.timeout.min)
2023-10-17 18:54:36,432 [PipelineCommandHandlerThread-0] INFO  ratis.XceiverServerRatis (XceiverServerRatis.java:addGroup(804)) - Created group PipelineID=ba603908-c414-4a0b-ae62-f6a655d6b0a1
2023-10-17 18:54:36,438 [effd9d2c-4905-4e44-ade4-aa9f0e9056f9-groupManagement] INFO  server.RaftServerConfigKeys (ConfUtils.java:logGet(46)) - raft.server.log.unsafe-flush.enabled = false (default)
2023-10-17 18:54:36,438 [b2429fc7-5618-4aa2-af46-5079058310ec@group-F6A655D6B0A1-FollowerState] INFO  server.RaftServerConfigKeys (ConfUtils.java:logFallback(53)) - raft.server.rpc.first-election.timeout.max = 5200ms (fallback to raft.server.rpc.timeout.max)
2023-10-17 18:54:36,438 [effd9d2c-4905-4e44-ade4-aa9f0e9056f9-groupManagement] INFO  server.RaftServerConfigKeys (ConfUtils.java:logGet(46)) - raft.server.log.async-flush.enabled = false (default)
2023-10-17 18:54:36,439 [effd9d2c-4905-4e44-ade4-aa9f0e9056f9-groupManagement] INFO  server.RaftServerConfigKeys (ConfUtils.java:logGet(46)) - raft.server.log.statemachine.data.caching.enabled = true (custom)
2023-10-17 18:54:36,439 [effd9d2c-4905-4e44-ade4-aa9f0e9056f9-groupManagement] INFO  segmented.SegmentedRaftLogWorker (SegmentedRaftLogWorker.java:lambda$new$0(135)) - effd9d2c-4905-4e44-ade4-aa9f0e9056f9@group-F6A655D6B0A1-SegmentedRaftLogWorker: flushIndex: setUnconditionally 0 -> -1
2023-10-17 18:54:36,439 [effd9d2c-4905-4e44-ade4-aa9f0e9056f9-groupManagement] INFO  segmented.SegmentedRaftLogWorker (SegmentedRaftLogWorker.java:lambda$new$0(135)) - effd9d2c-4905-4e44-ade4-aa9f0e9056f9@group-F6A655D6B0A1-SegmentedRaftLogWorker: safeCacheEvictIndex: setUnconditionally 0 -> -1
2023-10-17 18:54:36,439 [effd9d2c-4905-4e44-ade4-aa9f0e9056f9-groupManagement] INFO  server.RaftServer$Division (RaftServerImpl.java:start(342)) - effd9d2c-4905-4e44-ade4-aa9f0e9056f9@group-F6A655D6B0A1: start as a follower, conf=-1: peers:[b2429fc7-5618-4aa2-af46-5079058310ec|rpc:10.1.0.79:15014|admin:10.1.0.79:15013|client:10.1.0.79:15012|dataStream:10.1.0.79:15015|priority:0|startupRole:FOLLOWER, effd9d2c-4905-4e44-ade4-aa9f0e9056f9|rpc:10.1.0.79:15032|admin:10.1.0.79:15031|client:10.1.0.79:15030|dataStream:10.1.0.79:15033|priority:0|startupRole:FOLLOWER, b5355d07-9284-4381-92f8-11cbf4e568d5|rpc:10.1.0.79:15023|admin:10.1.0.79:15022|client:10.1.0.79:15021|dataStream:10.1.0.79:15024|priority:1|startupRole:FOLLOWER]|listeners:[], old=null
2023-10-17 18:54:36,439 [effd9d2c-4905-4e44-ade4-aa9f0e9056f9-groupManagement] INFO  server.RaftServer$Division (RaftServerImpl.java:setRole(329)) - effd9d2c-4905-4e44-ade4-aa9f0e9056f9@group-F6A655D6B0A1: changes role from      null to FOLLOWER at term 0 for startAsFollower
2023-10-17 18:54:36,439 [effd9d2c-4905-4e44-ade4-aa9f0e9056f9-groupManagement] INFO  impl.RoleInfo (RoleInfo.java:updateAndGet(139)) - effd9d2c-4905-4e44-ade4-aa9f0e9056f9: start effd9d2c-4905-4e44-ade4-aa9f0e9056f9@group-F6A655D6B0A1-FollowerState
2023-10-17 18:54:36,440 [effd9d2c-4905-4e44-ade4-aa9f0e9056f9-groupManagement] INFO  util.JmxRegister (JmxRegister.java:tryRegister(44)) - Successfully registered JMX Bean with object name Ratis:service=RaftServer,group=group-F6A655D6B0A1,id=effd9d2c-4905-4e44-ade4-aa9f0e9056f9
2023-10-17 18:54:36,440 [effd9d2c-4905-4e44-ade4-aa9f0e9056f9-groupManagement] INFO  server.RaftServerConfigKeys (ConfUtils.java:logGet(46)) - raft.server.snapshot.auto.trigger.enabled = true (custom)
2023-10-17 18:54:36,440 [effd9d2c-4905-4e44-ade4-aa9f0e9056f9-groupManagement] INFO  server.RaftServerConfigKeys (ConfUtils.java:logGet(46)) - raft.server.snapshot.auto.trigger.threshold = 10000 (custom)
2023-10-17 18:54:36,440 [effd9d2c-4905-4e44-ade4-aa9f0e9056f9-groupManagement] INFO  server.RaftServerConfigKeys (ConfUtils.java:logGet(46)) - raft.server.snapshot.retention.file.num = 5 (custom)
2023-10-17 18:54:36,440 [effd9d2c-4905-4e44-ade4-aa9f0e9056f9-groupManagement] INFO  server.RaftServerConfigKeys (ConfUtils.java:logGet(46)) - raft.server.log.purge.upto.snapshot.index = false (default)
2023-10-17 18:54:36,441 [effd9d2c-4905-4e44-ade4-aa9f0e9056f9@group-F6A655D6B0A1-FollowerState] INFO  server.RaftServerConfigKeys (ConfUtils.java:logFallback(53)) - raft.server.rpc.first-election.timeout.min = 5s (fallback to raft.server.rpc.timeout.min)
2023-10-17 18:54:36,453 [effd9d2c-4905-4e44-ade4-aa9f0e9056f9@group-F6A655D6B0A1-FollowerState] INFO  server.RaftServerConfigKeys (ConfUtils.java:logFallback(53)) - raft.server.rpc.first-election.timeout.max = 5200ms (fallback to raft.server.rpc.timeout.max)
2023-10-17 18:54:36,551 [PipelineCommandHandlerThread-0] INFO  commandhandler.CreatePipelineCommandHandler (CreatePipelineCommandHandler.java:lambda$handle$2(124)) - Created Pipeline RATIS THREE PipelineID=ba603908-c414-4a0b-ae62-f6a655d6b0a1.
2023-10-17 18:54:36,570 [PipelineCommandHandlerThread-0] INFO  commandhandler.CreatePipelineCommandHandler (CreatePipelineCommandHandler.java:lambda$handle$2(124)) - Created Pipeline RATIS THREE PipelineID=ba603908-c414-4a0b-ae62-f6a655d6b0a1.
2023-10-17 18:54:36,664 [PipelineCommandHandlerThread-0] INFO  server.RaftServer (RaftServerProxy.java:addNew(98)) - a546daa4-0106-41e2-a933-0105fc903a66: addNew group-1CC4E4BA78B0:[a546daa4-0106-41e2-a933-0105fc903a66|rpc:10.1.0.79:15041|admin:10.1.0.79:15040|client:10.1.0.79:15039|dataStream:10.1.0.79:15042|priority:1|startupRole:FOLLOWER] returns group-1CC4E4BA78B0:java.util.concurrent.CompletableFuture@40d8e3c9[Not completed]
2023-10-17 18:54:36,675 [a546daa4-0106-41e2-a933-0105fc903a66-groupManagement] INFO  server.RaftServer$Division (RaftServerImpl.java:<init>(198)) - a546daa4-0106-41e2-a933-0105fc903a66: new RaftServerImpl for group-1CC4E4BA78B0:[a546daa4-0106-41e2-a933-0105fc903a66|rpc:10.1.0.79:15041|admin:10.1.0.79:15040|client:10.1.0.79:15039|dataStream:10.1.0.79:15042|priority:1|startupRole:FOLLOWER] with ContainerStateMachine:uninitialized
2023-10-17 18:54:36,677 [a546daa4-0106-41e2-a933-0105fc903a66-groupManagement] INFO  server.RaftServerConfigKeys (ConfUtils.java:logGet(46)) - raft.server.rpc.timeout.min = 5s (custom)
2023-10-17 18:54:36,677 [a546daa4-0106-41e2-a933-0105fc903a66-groupManagement] INFO  server.RaftServerConfigKeys (ConfUtils.java:logGet(46)) - raft.server.rpc.timeout.max = 5200ms (custom)
2023-10-17 18:54:36,677 [a546daa4-0106-41e2-a933-0105fc903a66-groupManagement] INFO  server.RaftServerConfigKeys (ConfUtils.java:logGet(46)) - raft.server.rpc.sleep.time = 25ms (default)
2023-10-17 18:54:36,677 [a546daa4-0106-41e2-a933-0105fc903a66-groupManagement] INFO  server.RaftServerConfigKeys (ConfUtils.java:logGet(46)) - raft.server.rpc.slowness.timeout = 300s (custom)
2023-10-17 18:54:36,677 [a546daa4-0106-41e2-a933-0105fc903a66-groupManagement] INFO  server.RaftServerConfigKeys (ConfUtils.java:logGet(46)) - raft.server.leaderelection.leader.step-down.wait-time = 10s (default)
2023-10-17 18:54:36,677 [a546daa4-0106-41e2-a933-0105fc903a66-groupManagement] INFO  server.RaftServerConfigKeys (ConfUtils.java:logGet(46)) - raft.server.sleep.deviation.threshold = 300ms (default)
2023-10-17 18:54:36,677 [a546daa4-0106-41e2-a933-0105fc903a66-groupManagement] INFO  server.RaftServer$Division (ServerState.java:<init>(120)) - a546daa4-0106-41e2-a933-0105fc903a66@group-1CC4E4BA78B0: ConfigurationManager, init=-1: peers:[a546daa4-0106-41e2-a933-0105fc903a66|rpc:10.1.0.79:15041|admin:10.1.0.79:15040|client:10.1.0.79:15039|dataStream:10.1.0.79:15042|priority:1|startupRole:FOLLOWER]|listeners:[], old=null, confs=<EMPTY_MAP>
2023-10-17 18:54:36,677 [a546daa4-0106-41e2-a933-0105fc903a66-groupManagement] INFO  server.RaftServerConfigKeys (ConfUtils.java:logGet(46)) - raft.server.storage.dir = [/home/runner/work/ozone/ozone/hadoop-ozone/integration-test/target/test-dir/MiniOzoneClusterImpl-6d5b43b8-50d7-4b60-8424-e359ec6f806a/datanode-3/data/ratis] (custom)
2023-10-17 18:54:36,678 [a546daa4-0106-41e2-a933-0105fc903a66-groupManagement] INFO  server.RaftServerConfigKeys (ConfUtils.java:logGet(46)) - raft.server.log.corruption.policy = EXCEPTION (default)
2023-10-17 18:54:36,678 [a546daa4-0106-41e2-a933-0105fc903a66-groupManagement] INFO  server.RaftServerConfigKeys (ConfUtils.java:logGet(46)) - raft.server.storage.free-space.min = 0MB (=0) (default)
2023-10-17 18:54:36,678 [a546daa4-0106-41e2-a933-0105fc903a66-groupManagement] INFO  server.RaftServerConfigKeys (ConfUtils.java:logGet(46)) - raft.server.notification.no-leader.timeout = 300s (custom)
2023-10-17 18:54:36,678 [a546daa4-0106-41e2-a933-0105fc903a66-groupManagement] INFO  server.RaftServerConfigKeys (ConfUtils.java:logGet(46)) - raft.server.read.timeout = 10s (default)
2023-10-17 18:54:36,679 [a546daa4-0106-41e2-a933-0105fc903a66-groupManagement] INFO  server.RaftServerConfigKeys (ConfUtils.java:logGet(46)) - raft.server.retrycache.expirytime = 600000ms (custom)
2023-10-17 18:54:36,679 [a546daa4-0106-41e2-a933-0105fc903a66-groupManagement] INFO  server.RaftServerConfigKeys (ConfUtils.java:logGet(46)) - raft.server.retrycache.statistics.expirytime = 100μs (default)
2023-10-17 18:54:36,679 [a546daa4-0106-41e2-a933-0105fc903a66-groupManagement] INFO  server.RaftServerConfigKeys (ConfUtils.java:logGet(46)) - raft.server.read.option = DEFAULT (default)
2023-10-17 18:54:36,682 [a546daa4-0106-41e2-a933-0105fc903a66-groupManagement] INFO  server.RaftServerConfigKeys (ConfUtils.java:logGet(46)) - raft.server.rpc.request.timeout = 60s (custom)
2023-10-17 18:54:36,682 [a546daa4-0106-41e2-a933-0105fc903a66-groupManagement] INFO  server.RaftServerConfigKeys (ConfUtils.java:logGet(46)) - raft.server.log.appender.install.snapshot.enabled = false (custom)
2023-10-17 18:54:36,682 [a546daa4-0106-41e2-a933-0105fc903a66-groupManagement] INFO  server.RaftServerConfigKeys (ConfUtils.java:logGet(46)) - raft.server.threadpool.server.cached = true (default)
2023-10-17 18:54:36,682 [a546daa4-0106-41e2-a933-0105fc903a66-groupManagement] INFO  server.RaftServerConfigKeys (ConfUtils.java:logGet(46)) - raft.server.threadpool.server.size = 0 (default)
2023-10-17 18:54:36,682 [a546daa4-0106-41e2-a933-0105fc903a66-groupManagement] INFO  server.RaftServerConfigKeys (ConfUtils.java:logGet(46)) - raft.server.threadpool.client.cached = true (default)
2023-10-17 18:54:36,682 [a546daa4-0106-41e2-a933-0105fc903a66-groupManagement] INFO  server.RaftServerConfigKeys (ConfUtils.java:logGet(46)) - raft.server.threadpool.client.size = 0 (default)
2023-10-17 18:54:36,682 [a546daa4-0106-41e2-a933-0105fc903a66-groupManagement] INFO  storage.RaftStorageDirectory (RaftStorageDirectoryImpl.java:analyzeStorage(137)) - The storage directory /home/runner/work/ozone/ozone/hadoop-ozone/integration-test/target/test-dir/MiniOzoneClusterImpl-6d5b43b8-50d7-4b60-8424-e359ec6f806a/datanode-3/data/ratis/cf9537a1-5336-475d-bbe1-1cc4e4ba78b0 does not exist. Creating ...
2023-10-17 18:54:36,684 [a546daa4-0106-41e2-a933-0105fc903a66-groupManagement] INFO  storage.RaftStorageDirectory (RaftStorageDirectoryImpl.java:tryLock(231)) - Lock on /home/runner/work/ozone/ozone/hadoop-ozone/integration-test/target/test-dir/MiniOzoneClusterImpl-6d5b43b8-50d7-4b60-8424-e359ec6f806a/datanode-3/data/ratis/cf9537a1-5336-475d-bbe1-1cc4e4ba78b0/in_use.lock acquired by nodename 97056@fv-az82-357
2023-10-17 18:54:36,687 [a546daa4-0106-41e2-a933-0105fc903a66-groupManagement] INFO  storage.RaftStorage (RaftStorageImpl.java:format(96)) - Storage directory /home/runner/work/ozone/ozone/hadoop-ozone/integration-test/target/test-dir/MiniOzoneClusterImpl-6d5b43b8-50d7-4b60-8424-e359ec6f806a/datanode-3/data/ratis/cf9537a1-5336-475d-bbe1-1cc4e4ba78b0 has been successfully formatted.
2023-10-17 18:54:36,688 [a546daa4-0106-41e2-a933-0105fc903a66-groupManagement] INFO  ratis.ContainerStateMachine (ContainerStateMachine.java:loadSnapshot(262)) - group-1CC4E4BA78B0: The snapshot info is null. Setting the last applied indexto:(t:0, i:~)
2023-10-17 18:54:36,689 [a546daa4-0106-41e2-a933-0105fc903a66-groupManagement] INFO  server.RaftServerConfigKeys (ConfUtils.java:logGet(46)) - raft.server.log.use.memory = false (default)
2023-10-17 18:54:36,689 [a546daa4-0106-41e2-a933-0105fc903a66-groupManagement] INFO  server.RaftServerConfigKeys (ConfUtils.java:logGet(46)) - raft.server.log.purge.gap = 1000000 (custom)
2023-10-17 18:54:36,689 [a546daa4-0106-41e2-a933-0105fc903a66-groupManagement] INFO  server.RaftServerConfigKeys (ConfUtils.java:logGet(46)) - raft.server.log.appender.buffer.byte-limit = 33554432 (custom)
2023-10-17 18:54:36,689 [a546daa4-0106-41e2-a933-0105fc903a66-groupManagement] INFO  server.RaftServerConfigKeys (ConfUtils.java:logGet(46)) - raft.server.log.statemachine.data.read.timeout = 1000ms (default)
2023-10-17 18:54:36,689 [a546daa4-0106-41e2-a933-0105fc903a66-groupManagement] INFO  server.RaftServerConfigKeys (ConfUtils.java:logGet(46)) - raft.server.log.purge.preservation.log.num = 0 (default)
2023-10-17 18:54:36,689 [a546daa4-0106-41e2-a933-0105fc903a66-groupManagement] INFO  server.RaftServerConfigKeys (ConfUtils.java:logGet(46)) - raft.server.log.segment.size.max = 1048576 (custom)
2023-10-17 18:54:36,694 [EventQueue-PipelineReportForPipelineReportHandler] INFO  pipeline.PipelineReportHandler (PipelineReportHandler.java:processPipelineReport(136)) - Opened pipeline PipelineID=cf9537a1-5336-475d-bbe1-1cc4e4ba78b0
2023-10-17 18:54:36,694 [EventQueue-OpenPipelineForHealthyPipelineSafeModeRule] INFO  safemode.SCMSafeModeManager (HealthyPipelineSafeModeRule.java:process(137)) - SCM in safe mode. Healthy pipelines reported count is 0, required healthy pipeline reported count is 1
2023-10-17 18:54:36,695 [a546daa4-0106-41e2-a933-0105fc903a66-groupManagement] INFO  server.RaftServerConfigKeys (ConfUtils.java:logGet(46)) - raft.server.log.segment.cache.num.max = 2 (custom)
2023-10-17 18:54:36,695 [a546daa4-0106-41e2-a933-0105fc903a66-groupManagement] INFO  server.RaftServerConfigKeys (ConfUtils.java:logGet(46)) - raft.server.log.segment.cache.size.max = 200MB (=209715200) (default)
2023-10-17 18:54:36,695 [a546daa4-0106-41e2-a933-0105fc903a66-groupManagement] INFO  server.RaftServerConfigKeys (ConfUtils.java:logGet(46)) - raft.server.log.appender.buffer.byte-limit = 33554432 (custom)
2023-10-17 18:54:36,695 [a546daa4-0106-41e2-a933-0105fc903a66-groupManagement] INFO  segmented.SegmentedRaftLogWorker (SegmentedRaftLogWorker.java:<init>(188)) - new a546daa4-0106-41e2-a933-0105fc903a66@group-1CC4E4BA78B0-SegmentedRaftLogWorker for RaftStorageImpl:Storage Directory /home/runner/work/ozone/ozone/hadoop-ozone/integration-test/target/test-dir/MiniOzoneClusterImpl-6d5b43b8-50d7-4b60-8424-e359ec6f806a/datanode-3/data/ratis/cf9537a1-5336-475d-bbe1-1cc4e4ba78b0
2023-10-17 18:54:36,695 [a546daa4-0106-41e2-a933-0105fc903a66-groupManagement] INFO  server.RaftServerConfigKeys (ConfUtils.java:logGet(46)) - raft.server.log.queue.byte-limit = 4294967296 (custom)
2023-10-17 18:54:36,695 [a546daa4-0106-41e2-a933-0105fc903a66-groupManagement] INFO  server.RaftServerConfigKeys (ConfUtils.java:logGet(46)) - raft.server.log.queue.element-limit = 1024 (custom)
2023-10-17 18:54:36,695 [a546daa4-0106-41e2-a933-0105fc903a66-groupManagement] INFO  server.RaftServerConfigKeys (ConfUtils.java:logGet(46)) - raft.server.log.segment.size.max = 1048576 (custom)
2023-10-17 18:54:36,695 [a546daa4-0106-41e2-a933-0105fc903a66-groupManagement] INFO  server.RaftServerConfigKeys (ConfUtils.java:logGet(46)) - raft.server.log.preallocated.size = 16384 (custom)
2023-10-17 18:54:36,695 [a546daa4-0106-41e2-a933-0105fc903a66-groupManagement] INFO  server.RaftServerConfigKeys (ConfUtils.java:logGet(46)) - raft.server.log.force.sync.num = 128 (default)
2023-10-17 18:54:36,695 [a546daa4-0106-41e2-a933-0105fc903a66-groupManagement] INFO  server.RaftServerConfigKeys (ConfUtils.java:logGet(46)) - raft.server.log.statemachine.data.sync = true (default)
2023-10-17 18:54:36,695 [a546daa4-0106-41e2-a933-0105fc903a66-groupManagement] INFO  server.RaftServerConfigKeys (ConfUtils.java:logGet(46)) - raft.server.log.statemachine.data.sync.timeout = 10s (default)
2023-10-17 18:54:36,695 [a546daa4-0106-41e2-a933-0105fc903a66-groupManagement] INFO  server.RaftServerConfigKeys (ConfUtils.java:logGet(46)) - raft.server.log.statemachine.data.sync.timeout.retry = -1 (default)
2023-10-17 18:54:37,121 [JvmPauseMonitor1] WARN  util.JvmPauseMonitor (JvmPauseMonitor.java:detectPause(124)) - JvmPauseMonitor-om1: Detected pause in JVM or host machine approximately 0.181s with 0.420s GC time.
GC pool 'PS MarkSweep' had collection(s): count=1 time=314ms
GC pool 'PS Scavenge' had collection(s): count=1 time=106ms
2023-10-17 18:54:37,121 [JvmPauseMonitor0] WARN  util.JvmPauseMonitor (JvmPauseMonitor.java:detectPause(124)) - JvmPauseMonitor-01c20c05-cfac-4d7a-ae43-8a90a346c983: Detected pause in JVM or host machine approximately 0.289s with 0.420s GC time.
GC pool 'PS MarkSweep' had collection(s): count=1 time=314ms
GC pool 'PS Scavenge' had collection(s): count=1 time=106ms
2023-10-17 18:54:37,121 [JvmPauseMonitor2] WARN  util.JvmPauseMonitor (JvmPauseMonitor.java:detectPause(124)) - JvmPauseMonitor-b2429fc7-5618-4aa2-af46-5079058310ec: Detected pause in JVM or host machine approximately 0.289s with 0.420s GC time.
GC pool 'PS MarkSweep' had collection(s): count=1 time=314ms
GC pool 'PS Scavenge' had collection(s): count=1 time=106ms
2023-10-17 18:54:37,121 [JvmPauseMonitor3] WARN  util.JvmPauseMonitor (JvmPauseMonitor.java:detectPause(124)) - JvmPauseMonitor-b5355d07-9284-4381-92f8-11cbf4e568d5: Detected pause in JVM or host machine approximately 0.135s with 0.420s GC time.
GC pool 'PS MarkSweep' had collection(s): count=1 time=314ms
GC pool 'PS Scavenge' had collection(s): count=1 time=106ms
2023-10-17 18:54:37,121 [JvmPauseMonitor5] WARN  util.JvmPauseMonitor (JvmPauseMonitor.java:detectPause(124)) - JvmPauseMonitor-a546daa4-0106-41e2-a933-0105fc903a66: Detected pause in JVM or host machine approximately 0.354s with 0.420s GC time.
GC pool 'PS MarkSweep' had collection(s): count=1 time=314ms
GC pool 'PS Scavenge' had collection(s): count=1 time=106ms
2023-10-17 18:54:37,121 [JvmPauseMonitor4] WARN  util.JvmPauseMonitor (JvmPauseMonitor.java:detectPause(124)) - JvmPauseMonitor-effd9d2c-4905-4e44-ade4-aa9f0e9056f9: Detected pause in JVM or host machine approximately 0.189s with 0.420s GC time.
GC pool 'PS MarkSweep' had collection(s): count=1 time=314ms
GC pool 'PS Scavenge' had collection(s): count=1 time=106ms
2023-10-17 18:54:37,121 [JvmPauseMonitor10] WARN  util.JvmPauseMonitor (JvmPauseMonitor.java:detectPause(124)) - JvmPauseMonitor-7a0123dc-2631-482f-afc4-3bb35f550263: Detected pause in JVM or host machine approximately 0.133s with 0.420s GC time.
GC pool 'PS MarkSweep' had collection(s): count=1 time=314ms
GC pool 'PS Scavenge' had collection(s): count=1 time=106ms
2023-10-17 18:54:37,121 [JvmPauseMonitor11] WARN  util.JvmPauseMonitor (JvmPauseMonitor.java:detectPause(124)) - JvmPauseMonitor-b02d6f66-d0eb-48ed-9f4c-37a8796232ac: Detected pause in JVM or host machine approximately 0.171s with 0.420s GC time.
GC pool 'PS MarkSweep' had collection(s): count=1 time=314ms
GC pool 'PS Scavenge' had collection(s): count=1 time=106ms
2023-10-17 18:54:37,135 [a546daa4-0106-41e2-a933-0105fc903a66-groupManagement] INFO  server.RaftServerConfigKeys (ConfUtils.java:logGet(46)) - raft.server.log.write.buffer.size = 1048576 (custom)
2023-10-17 18:54:37,136 [a546daa4-0106-41e2-a933-0105fc903a66-groupManagement] INFO  server.RaftServerConfigKeys (ConfUtils.java:logGet(46)) - raft.server.log.appender.buffer.byte-limit = 33554432 (custom)
2023-10-17 18:54:37,145 [a546daa4-0106-41e2-a933-0105fc903a66-groupManagement] INFO  server.RaftServerConfigKeys (ConfUtils.java:logGet(46)) - raft.server.log.unsafe-flush.enabled = false (default)
2023-10-17 18:54:37,145 [a546daa4-0106-41e2-a933-0105fc903a66-groupManagement] INFO  server.RaftServerConfigKeys (ConfUtils.java:logGet(46)) - raft.server.log.async-flush.enabled = false (default)
2023-10-17 18:54:37,145 [a546daa4-0106-41e2-a933-0105fc903a66-groupManagement] INFO  server.RaftServerConfigKeys (ConfUtils.java:logGet(46)) - raft.server.log.statemachine.data.caching.enabled = true (custom)
2023-10-17 18:54:37,145 [a546daa4-0106-41e2-a933-0105fc903a66-groupManagement] INFO  segmented.SegmentedRaftLogWorker (SegmentedRaftLogWorker.java:lambda$new$0(135)) - a546daa4-0106-41e2-a933-0105fc903a66@group-1CC4E4BA78B0-SegmentedRaftLogWorker: flushIndex: setUnconditionally 0 -> -1
2023-10-17 18:54:37,146 [a546daa4-0106-41e2-a933-0105fc903a66-groupManagement] INFO  segmented.SegmentedRaftLogWorker (SegmentedRaftLogWorker.java:lambda$new$0(135)) - a546daa4-0106-41e2-a933-0105fc903a66@group-1CC4E4BA78B0-SegmentedRaftLogWorker: safeCacheEvictIndex: setUnconditionally 0 -> -1
2023-10-17 18:54:37,146 [a546daa4-0106-41e2-a933-0105fc903a66-groupManagement] INFO  server.RaftServer$Division (RaftServerImpl.java:start(342)) - a546daa4-0106-41e2-a933-0105fc903a66@group-1CC4E4BA78B0: start as a follower, conf=-1: peers:[a546daa4-0106-41e2-a933-0105fc903a66|rpc:10.1.0.79:15041|admin:10.1.0.79:15040|client:10.1.0.79:15039|dataStream:10.1.0.79:15042|priority:1|startupRole:FOLLOWER]|listeners:[], old=null
2023-10-17 18:54:37,146 [a546daa4-0106-41e2-a933-0105fc903a66-groupManagement] INFO  server.RaftServer$Division (RaftServerImpl.java:setRole(329)) - a546daa4-0106-41e2-a933-0105fc903a66@group-1CC4E4BA78B0: changes role from      null to FOLLOWER at term 0 for startAsFollower
2023-10-17 18:54:37,146 [PipelineCommandHandlerThread-0] INFO  server.RaftServer (RaftServerProxy.java:addNew(98)) - a9a64069-5644-4cd4-ae1b-13efe84d56e4: addNew group-D8A691F950B7:[a9a64069-5644-4cd4-ae1b-13efe84d56e4|rpc:10.1.0.79:15050|admin:10.1.0.79:15049|client:10.1.0.79:15048|dataStream:10.1.0.79:15051|priority:1|startupRole:FOLLOWER] returns group-D8A691F950B7:java.util.concurrent.CompletableFuture@1c589a88[Not completed]
2023-10-17 18:54:37,147 [a546daa4-0106-41e2-a933-0105fc903a66-groupManagement] INFO  impl.RoleInfo (RoleInfo.java:updateAndGet(139)) - a546daa4-0106-41e2-a933-0105fc903a66: start a546daa4-0106-41e2-a933-0105fc903a66@group-1CC4E4BA78B0-FollowerState
2023-10-17 18:54:37,149 [a9a64069-5644-4cd4-ae1b-13efe84d56e4-groupManagement] INFO  server.RaftServer$Division (RaftServerImpl.java:<init>(198)) - a9a64069-5644-4cd4-ae1b-13efe84d56e4: new RaftServerImpl for group-D8A691F950B7:[a9a64069-5644-4cd4-ae1b-13efe84d56e4|rpc:10.1.0.79:15050|admin:10.1.0.79:15049|client:10.1.0.79:15048|dataStream:10.1.0.79:15051|priority:1|startupRole:FOLLOWER] with ContainerStateMachine:uninitialized
2023-10-17 18:54:37,149 [a9a64069-5644-4cd4-ae1b-13efe84d56e4-groupManagement] INFO  server.RaftServerConfigKeys (ConfUtils.java:logGet(46)) - raft.server.rpc.timeout.min = 5s (custom)
2023-10-17 18:54:37,149 [a9a64069-5644-4cd4-ae1b-13efe84d56e4-groupManagement] INFO  server.RaftServerConfigKeys (ConfUtils.java:logGet(46)) - raft.server.rpc.timeout.max = 5200ms (custom)
2023-10-17 18:54:37,149 [a9a64069-5644-4cd4-ae1b-13efe84d56e4-groupManagement] INFO  server.RaftServerConfigKeys (ConfUtils.java:logGet(46)) - raft.server.rpc.sleep.time = 25ms (default)
2023-10-17 18:54:37,149 [a9a64069-5644-4cd4-ae1b-13efe84d56e4-groupManagement] INFO  server.RaftServerConfigKeys (ConfUtils.java:logGet(46)) - raft.server.rpc.slowness.timeout = 300s (custom)
2023-10-17 18:54:37,149 [a9a64069-5644-4cd4-ae1b-13efe84d56e4-groupManagement] INFO  server.RaftServerConfigKeys (ConfUtils.java:logGet(46)) - raft.server.leaderelection.leader.step-down.wait-time = 10s (default)
2023-10-17 18:54:37,149 [a9a64069-5644-4cd4-ae1b-13efe84d56e4-groupManagement] INFO  server.RaftServerConfigKeys (ConfUtils.java:logGet(46)) - raft.server.sleep.deviation.threshold = 300ms (default)
2023-10-17 18:54:37,150 [a9a64069-5644-4cd4-ae1b-13efe84d56e4-groupManagement] INFO  server.RaftServer$Division (ServerState.java:<init>(120)) - a9a64069-5644-4cd4-ae1b-13efe84d56e4@group-D8A691F950B7: ConfigurationManager, init=-1: peers:[a9a64069-5644-4cd4-ae1b-13efe84d56e4|rpc:10.1.0.79:15050|admin:10.1.0.79:15049|client:10.1.0.79:15048|dataStream:10.1.0.79:15051|priority:1|startupRole:FOLLOWER]|listeners:[], old=null, confs=<EMPTY_MAP>
2023-10-17 18:54:37,150 [a9a64069-5644-4cd4-ae1b-13efe84d56e4-groupManagement] INFO  server.RaftServerConfigKeys (ConfUtils.java:logGet(46)) - raft.server.storage.dir = [/home/runner/work/ozone/ozone/hadoop-ozone/integration-test/target/test-dir/MiniOzoneClusterImpl-6d5b43b8-50d7-4b60-8424-e359ec6f806a/datanode-4/data/ratis] (custom)
2023-10-17 18:54:37,150 [a9a64069-5644-4cd4-ae1b-13efe84d56e4-groupManagement] INFO  server.RaftServerConfigKeys (ConfUtils.java:logGet(46)) - raft.server.log.corruption.policy = EXCEPTION (default)
2023-10-17 18:54:37,150 [a9a64069-5644-4cd4-ae1b-13efe84d56e4-groupManagement] INFO  server.RaftServerConfigKeys (ConfUtils.java:logGet(46)) - raft.server.storage.free-space.min = 0MB (=0) (default)
2023-10-17 18:54:37,150 [a9a64069-5644-4cd4-ae1b-13efe84d56e4-groupManagement] INFO  server.RaftServerConfigKeys (ConfUtils.java:logGet(46)) - raft.server.notification.no-leader.timeout = 300s (custom)
2023-10-17 18:54:37,150 [a9a64069-5644-4cd4-ae1b-13efe84d56e4-groupManagement] INFO  server.RaftServerConfigKeys (ConfUtils.java:logGet(46)) - raft.server.read.timeout = 10s (default)
2023-10-17 18:54:37,150 [a9a64069-5644-4cd4-ae1b-13efe84d56e4-groupManagement] INFO  server.RaftServerConfigKeys (ConfUtils.java:logGet(46)) - raft.server.retrycache.expirytime = 600000ms (custom)
2023-10-17 18:54:37,150 [a9a64069-5644-4cd4-ae1b-13efe84d56e4-groupManagement] INFO  server.RaftServerConfigKeys (ConfUtils.java:logGet(46)) - raft.server.retrycache.statistics.expirytime = 100μs (default)
2023-10-17 18:54:37,150 [a9a64069-5644-4cd4-ae1b-13efe84d56e4-groupManagement] INFO  server.RaftServerConfigKeys (ConfUtils.java:logGet(46)) - raft.server.read.option = DEFAULT (default)
2023-10-17 18:54:37,154 [a546daa4-0106-41e2-a933-0105fc903a66-groupManagement] INFO  util.JmxRegister (JmxRegister.java:tryRegister(44)) - Successfully registered JMX Bean with object name Ratis:service=RaftServer,group=group-1CC4E4BA78B0,id=a546daa4-0106-41e2-a933-0105fc903a66
2023-10-17 18:54:37,155 [a546daa4-0106-41e2-a933-0105fc903a66-groupManagement] INFO  server.RaftServerConfigKeys (ConfUtils.java:logGet(46)) - raft.server.snapshot.auto.trigger.enabled = true (custom)
2023-10-17 18:54:37,155 [a546daa4-0106-41e2-a933-0105fc903a66-groupManagement] INFO  server.RaftServerConfigKeys (ConfUtils.java:logGet(46)) - raft.server.snapshot.auto.trigger.threshold = 10000 (custom)
2023-10-17 18:54:37,156 [a546daa4-0106-41e2-a933-0105fc903a66-groupManagement] INFO  server.RaftServerConfigKeys (ConfUtils.java:logGet(46)) - raft.server.snapshot.retention.file.num = 5 (custom)
2023-10-17 18:54:37,156 [a546daa4-0106-41e2-a933-0105fc903a66@group-1CC4E4BA78B0-FollowerState] INFO  server.RaftServerConfigKeys (ConfUtils.java:logFallback(53)) - raft.server.rpc.first-election.timeout.min = 5s (fallback to raft.server.rpc.timeout.min)
2023-10-17 18:54:37,160 [a546daa4-0106-41e2-a933-0105fc903a66@group-1CC4E4BA78B0-FollowerState] INFO  server.RaftServerConfigKeys (ConfUtils.java:logFallback(53)) - raft.server.rpc.first-election.timeout.max = 5200ms (fallback to raft.server.rpc.timeout.max)
2023-10-17 18:54:37,156 [a9a64069-5644-4cd4-ae1b-13efe84d56e4-groupManagement] INFO  server.RaftServerConfigKeys (ConfUtils.java:logGet(46)) - raft.server.rpc.request.timeout = 60s (custom)
2023-10-17 18:54:37,156 [a546daa4-0106-41e2-a933-0105fc903a66-groupManagement] INFO  server.RaftServerConfigKeys (ConfUtils.java:logGet(46)) - raft.server.log.purge.upto.snapshot.index = false (default)
2023-10-17 18:54:37,160 [a9a64069-5644-4cd4-ae1b-13efe84d56e4-groupManagement] INFO  server.RaftServerConfigKeys (ConfUtils.java:logGet(46)) - raft.server.log.appender.install.snapshot.enabled = false (custom)
2023-10-17 18:54:37,160 [a9a64069-5644-4cd4-ae1b-13efe84d56e4-groupManagement] INFO  server.RaftServerConfigKeys (ConfUtils.java:logGet(46)) - raft.server.threadpool.server.cached = true (default)
2023-10-17 18:54:37,160 [a9a64069-5644-4cd4-ae1b-13efe84d56e4-groupManagement] INFO  server.RaftServerConfigKeys (ConfUtils.java:logGet(46)) - raft.server.threadpool.server.size = 0 (default)
2023-10-17 18:54:37,160 [a9a64069-5644-4cd4-ae1b-13efe84d56e4-groupManagement] INFO  server.RaftServerConfigKeys (ConfUtils.java:logGet(46)) - raft.server.threadpool.client.cached = true (default)
2023-10-17 18:54:37,160 [a9a64069-5644-4cd4-ae1b-13efe84d56e4-groupManagement] INFO  server.RaftServerConfigKeys (ConfUtils.java:logGet(46)) - raft.server.threadpool.client.size = 0 (default)
2023-10-17 18:54:37,161 [a9a64069-5644-4cd4-ae1b-13efe84d56e4-groupManagement] INFO  storage.RaftStorageDirectory (RaftStorageDirectoryImpl.java:analyzeStorage(137)) - The storage directory /home/runner/work/ozone/ozone/hadoop-ozone/integration-test/target/test-dir/MiniOzoneClusterImpl-6d5b43b8-50d7-4b60-8424-e359ec6f806a/datanode-4/data/ratis/bdc6707d-58fd-4d5c-8f16-d8a691f950b7 does not exist. Creating ...
2023-10-17 18:54:37,162 [a9a64069-5644-4cd4-ae1b-13efe84d56e4-groupManagement] INFO  storage.RaftStorageDirectory (RaftStorageDirectoryImpl.java:tryLock(231)) - Lock on /home/runner/work/ozone/ozone/hadoop-ozone/integration-test/target/test-dir/MiniOzoneClusterImpl-6d5b43b8-50d7-4b60-8424-e359ec6f806a/datanode-4/data/ratis/bdc6707d-58fd-4d5c-8f16-d8a691f950b7/in_use.lock acquired by nodename 97056@fv-az82-357
2023-10-17 18:54:37,163 [a9a64069-5644-4cd4-ae1b-13efe84d56e4-groupManagement] INFO  storage.RaftStorage (RaftStorageImpl.java:format(96)) - Storage directory /home/runner/work/ozone/ozone/hadoop-ozone/integration-test/target/test-dir/MiniOzoneClusterImpl-6d5b43b8-50d7-4b60-8424-e359ec6f806a/datanode-4/data/ratis/bdc6707d-58fd-4d5c-8f16-d8a691f950b7 has been successfully formatted.
2023-10-17 18:54:37,169 [PipelineCommandHandlerThread-0] INFO  ratis.XceiverServerRatis (XceiverServerRatis.java:addGroup(804)) - Created group PipelineID=cf9537a1-5336-475d-bbe1-1cc4e4ba78b0
2023-10-17 18:54:37,170 [PipelineCommandHandlerThread-0] INFO  commandhandler.CreatePipelineCommandHandler (CreatePipelineCommandHandler.java:lambda$handle$2(124)) - Created Pipeline RATIS ONE PipelineID=cf9537a1-5336-475d-bbe1-1cc4e4ba78b0.
2023-10-17 18:54:37,170 [a9a64069-5644-4cd4-ae1b-13efe84d56e4-groupManagement] INFO  ratis.ContainerStateMachine (ContainerStateMachine.java:loadSnapshot(262)) - group-D8A691F950B7: The snapshot info is null. Setting the last applied indexto:(t:0, i:~)
2023-10-17 18:54:37,170 [a9a64069-5644-4cd4-ae1b-13efe84d56e4-groupManagement] INFO  server.RaftServerConfigKeys (ConfUtils.java:logGet(46)) - raft.server.log.use.memory = false (default)
2023-10-17 18:54:37,170 [a9a64069-5644-4cd4-ae1b-13efe84d56e4-groupManagement] INFO  server.RaftServerConfigKeys (ConfUtils.java:logGet(46)) - raft.server.log.purge.gap = 1000000 (custom)
2023-10-17 18:54:37,170 [PipelineCommandHandlerThread-0] INFO  server.RaftServer (RaftServerProxy.java:addNew(98)) - a546daa4-0106-41e2-a933-0105fc903a66: addNew group-8EBAE61B3D33:[a9a64069-5644-4cd4-ae1b-13efe84d56e4|rpc:10.1.0.79:15050|admin:10.1.0.79:15049|client:10.1.0.79:15048|dataStream:10.1.0.79:15051|priority:1|startupRole:FOLLOWER, d11f4703-3fdf-44d6-a0a1-43cd820167cb|rpc:10.1.0.79:15059|admin:10.1.0.79:15058|client:10.1.0.79:15057|dataStream:10.1.0.79:15060|priority:0|startupRole:FOLLOWER, a546daa4-0106-41e2-a933-0105fc903a66|rpc:10.1.0.79:15041|admin:10.1.0.79:15040|client:10.1.0.79:15039|dataStream:10.1.0.79:15042|priority:0|startupRole:FOLLOWER] returns group-8EBAE61B3D33:java.util.concurrent.CompletableFuture@44e77f0a[Not completed]
2023-10-17 18:54:37,170 [a9a64069-5644-4cd4-ae1b-13efe84d56e4-groupManagement] INFO  server.RaftServerConfigKeys (ConfUtils.java:logGet(46)) - raft.server.log.appender.buffer.byte-limit = 33554432 (custom)
2023-10-17 18:54:37,170 [a9a64069-5644-4cd4-ae1b-13efe84d56e4-groupManagement] INFO  server.RaftServerConfigKeys (ConfUtils.java:logGet(46)) - raft.server.log.statemachine.data.read.timeout = 1000ms (default)
2023-10-17 18:54:37,170 [a9a64069-5644-4cd4-ae1b-13efe84d56e4-groupManagement] INFO  server.RaftServerConfigKeys (ConfUtils.java:logGet(46)) - raft.server.log.purge.preservation.log.num = 0 (default)
2023-10-17 18:54:37,170 [a9a64069-5644-4cd4-ae1b-13efe84d56e4-groupManagement] INFO  server.RaftServerConfigKeys (ConfUtils.java:logGet(46)) - raft.server.log.segment.size.max = 1048576 (custom)
2023-10-17 18:54:37,171 [a9a64069-5644-4cd4-ae1b-13efe84d56e4-groupManagement] INFO  server.RaftServerConfigKeys (ConfUtils.java:logGet(46)) - raft.server.log.segment.cache.num.max = 2 (custom)
2023-10-17 18:54:37,171 [a9a64069-5644-4cd4-ae1b-13efe84d56e4-groupManagement] INFO  server.RaftServerConfigKeys (ConfUtils.java:logGet(46)) - raft.server.log.segment.cache.size.max = 200MB (=209715200) (default)
2023-10-17 18:54:37,171 [a9a64069-5644-4cd4-ae1b-13efe84d56e4-groupManagement] INFO  server.RaftServerConfigKeys (ConfUtils.java:logGet(46)) - raft.server.log.appender.buffer.byte-limit = 33554432 (custom)
2023-10-17 18:54:37,171 [a9a64069-5644-4cd4-ae1b-13efe84d56e4-groupManagement] INFO  segmented.SegmentedRaftLogWorker (SegmentedRaftLogWorker.java:<init>(188)) - new a9a64069-5644-4cd4-ae1b-13efe84d56e4@group-D8A691F950B7-SegmentedRaftLogWorker for RaftStorageImpl:Storage Directory /home/runner/work/ozone/ozone/hadoop-ozone/integration-test/target/test-dir/MiniOzoneClusterImpl-6d5b43b8-50d7-4b60-8424-e359ec6f806a/datanode-4/data/ratis/bdc6707d-58fd-4d5c-8f16-d8a691f950b7
2023-10-17 18:54:37,171 [a9a64069-5644-4cd4-ae1b-13efe84d56e4-groupManagement] INFO  server.RaftServerConfigKeys (ConfUtils.java:logGet(46)) - raft.server.log.queue.byte-limit = 4294967296 (custom)
2023-10-17 18:54:37,171 [a9a64069-5644-4cd4-ae1b-13efe84d56e4-groupManagement] INFO  server.RaftServerConfigKeys (ConfUtils.java:logGet(46)) - raft.server.log.queue.element-limit = 1024 (custom)
2023-10-17 18:54:37,171 [a9a64069-5644-4cd4-ae1b-13efe84d56e4-groupManagement] INFO  server.RaftServerConfigKeys (ConfUtils.java:logGet(46)) - raft.server.log.segment.size.max = 1048576 (custom)
2023-10-17 18:54:37,171 [a9a64069-5644-4cd4-ae1b-13efe84d56e4-groupManagement] INFO  server.RaftServerConfigKeys (ConfUtils.java:logGet(46)) - raft.server.log.preallocated.size = 16384 (custom)
2023-10-17 18:54:37,171 [a9a64069-5644-4cd4-ae1b-13efe84d56e4-groupManagement] INFO  server.RaftServerConfigKeys (ConfUtils.java:logGet(46)) - raft.server.log.force.sync.num = 128 (default)
2023-10-17 18:54:37,171 [a9a64069-5644-4cd4-ae1b-13efe84d56e4-groupManagement] INFO  server.RaftServerConfigKeys (ConfUtils.java:logGet(46)) - raft.server.log.statemachine.data.sync = true (default)
2023-10-17 18:54:37,171 [a9a64069-5644-4cd4-ae1b-13efe84d56e4-groupManagement] INFO  server.RaftServerConfigKeys (ConfUtils.java:logGet(46)) - raft.server.log.statemachine.data.sync.timeout = 10s (default)
2023-10-17 18:54:37,171 [a546daa4-0106-41e2-a933-0105fc903a66-groupManagement] INFO  server.RaftServer$Division (RaftServerImpl.java:<init>(198)) - a546daa4-0106-41e2-a933-0105fc903a66: new RaftServerImpl for group-8EBAE61B3D33:[a9a64069-5644-4cd4-ae1b-13efe84d56e4|rpc:10.1.0.79:15050|admin:10.1.0.79:15049|client:10.1.0.79:15048|dataStream:10.1.0.79:15051|priority:1|startupRole:FOLLOWER, d11f4703-3fdf-44d6-a0a1-43cd820167cb|rpc:10.1.0.79:15059|admin:10.1.0.79:15058|client:10.1.0.79:15057|dataStream:10.1.0.79:15060|priority:0|startupRole:FOLLOWER, a546daa4-0106-41e2-a933-0105fc903a66|rpc:10.1.0.79:15041|admin:10.1.0.79:15040|client:10.1.0.79:15039|dataStream:10.1.0.79:15042|priority:0|startupRole:FOLLOWER] with ContainerStateMachine:uninitialized
2023-10-17 18:54:37,173 [a546daa4-0106-41e2-a933-0105fc903a66-groupManagement] INFO  server.RaftServerConfigKeys (ConfUtils.java:logGet(46)) - raft.server.rpc.timeout.min = 5s (custom)
2023-10-17 18:54:37,174 [a546daa4-0106-41e2-a933-0105fc903a66-groupManagement] INFO  server.RaftServerConfigKeys (ConfUtils.java:logGet(46)) - raft.server.rpc.timeout.max = 5200ms (custom)
2023-10-17 18:54:37,174 [a546daa4-0106-41e2-a933-0105fc903a66-groupManagement] INFO  server.RaftServerConfigKeys (ConfUtils.java:logGet(46)) - raft.server.rpc.sleep.time = 25ms (default)
2023-10-17 18:54:37,174 [a546daa4-0106-41e2-a933-0105fc903a66-groupManagement] INFO  server.RaftServerConfigKeys (ConfUtils.java:logGet(46)) - raft.server.rpc.slowness.timeout = 300s (custom)
2023-10-17 18:54:37,174 [a546daa4-0106-41e2-a933-0105fc903a66-groupManagement] INFO  server.RaftServerConfigKeys (ConfUtils.java:logGet(46)) - raft.server.leaderelection.leader.step-down.wait-time = 10s (default)
2023-10-17 18:54:37,174 [a546daa4-0106-41e2-a933-0105fc903a66-groupManagement] INFO  server.RaftServerConfigKeys (ConfUtils.java:logGet(46)) - raft.server.sleep.deviation.threshold = 300ms (default)
2023-10-17 18:54:37,174 [a546daa4-0106-41e2-a933-0105fc903a66-groupManagement] INFO  server.RaftServer$Division (ServerState.java:<init>(120)) - a546daa4-0106-41e2-a933-0105fc903a66@group-8EBAE61B3D33: ConfigurationManager, init=-1: peers:[a9a64069-5644-4cd4-ae1b-13efe84d56e4|rpc:10.1.0.79:15050|admin:10.1.0.79:15049|client:10.1.0.79:15048|dataStream:10.1.0.79:15051|priority:1|startupRole:FOLLOWER, d11f4703-3fdf-44d6-a0a1-43cd820167cb|rpc:10.1.0.79:15059|admin:10.1.0.79:15058|client:10.1.0.79:15057|dataStream:10.1.0.79:15060|priority:0|startupRole:FOLLOWER, a546daa4-0106-41e2-a933-0105fc903a66|rpc:10.1.0.79:15041|admin:10.1.0.79:15040|client:10.1.0.79:15039|dataStream:10.1.0.79:15042|priority:0|startupRole:FOLLOWER]|listeners:[], old=null, confs=<EMPTY_MAP>
2023-10-17 18:54:37,174 [a546daa4-0106-41e2-a933-0105fc903a66-groupManagement] INFO  server.RaftServerConfigKeys (ConfUtils.java:logGet(46)) - raft.server.storage.dir = [/home/runner/work/ozone/ozone/hadoop-ozone/integration-test/target/test-dir/MiniOzoneClusterImpl-6d5b43b8-50d7-4b60-8424-e359ec6f806a/datanode-3/data/ratis] (custom)
2023-10-17 18:54:37,174 [a546daa4-0106-41e2-a933-0105fc903a66-groupManagement] INFO  server.RaftServerConfigKeys (ConfUtils.java:logGet(46)) - raft.server.log.corruption.policy = EXCEPTION (default)
2023-10-17 18:54:37,174 [a546daa4-0106-41e2-a933-0105fc903a66-groupManagement] INFO  server.RaftServerConfigKeys (ConfUtils.java:logGet(46)) - raft.server.storage.free-space.min = 0MB (=0) (default)
2023-10-17 18:54:37,174 [a546daa4-0106-41e2-a933-0105fc903a66-groupManagement] INFO  server.RaftServerConfigKeys (ConfUtils.java:logGet(46)) - raft.server.notification.no-leader.timeout = 300s (custom)
2023-10-17 18:54:37,174 [a546daa4-0106-41e2-a933-0105fc903a66-groupManagement] INFO  server.RaftServerConfigKeys (ConfUtils.java:logGet(46)) - raft.server.read.timeout = 10s (default)
2023-10-17 18:54:37,174 [a546daa4-0106-41e2-a933-0105fc903a66-groupManagement] INFO  server.RaftServerConfigKeys (ConfUtils.java:logGet(46)) - raft.server.retrycache.expirytime = 600000ms (custom)
2023-10-17 18:54:37,174 [a546daa4-0106-41e2-a933-0105fc903a66-groupManagement] INFO  server.RaftServerConfigKeys (ConfUtils.java:logGet(46)) - raft.server.retrycache.statistics.expirytime = 100μs (default)
2023-10-17 18:54:37,175 [a546daa4-0106-41e2-a933-0105fc903a66-groupManagement] INFO  server.RaftServerConfigKeys (ConfUtils.java:logGet(46)) - raft.server.read.option = DEFAULT (default)
2023-10-17 18:54:37,176 [a546daa4-0106-41e2-a933-0105fc903a66-groupManagement] INFO  server.RaftServerConfigKeys (ConfUtils.java:logGet(46)) - raft.server.rpc.request.timeout = 60s (custom)
2023-10-17 18:54:37,176 [a546daa4-0106-41e2-a933-0105fc903a66-groupManagement] INFO  server.RaftServerConfigKeys (ConfUtils.java:logGet(46)) - raft.server.log.appender.install.snapshot.enabled = false (custom)
2023-10-17 18:54:37,176 [a546daa4-0106-41e2-a933-0105fc903a66-groupManagement] INFO  server.RaftServerConfigKeys (ConfUtils.java:logGet(46)) - raft.server.threadpool.server.cached = true (default)
2023-10-17 18:54:37,176 [a546daa4-0106-41e2-a933-0105fc903a66-groupManagement] INFO  server.RaftServerConfigKeys (ConfUtils.java:logGet(46)) - raft.server.threadpool.server.size = 0 (default)
2023-10-17 18:54:37,176 [a546daa4-0106-41e2-a933-0105fc903a66-groupManagement] INFO  server.RaftServerConfigKeys (ConfUtils.java:logGet(46)) - raft.server.threadpool.client.cached = true (default)
2023-10-17 18:54:37,176 [a546daa4-0106-41e2-a933-0105fc903a66-groupManagement] INFO  server.RaftServerConfigKeys (ConfUtils.java:logGet(46)) - raft.server.threadpool.client.size = 0 (default)
2023-10-17 18:54:37,177 [a546daa4-0106-41e2-a933-0105fc903a66-groupManagement] INFO  storage.RaftStorageDirectory (RaftStorageDirectoryImpl.java:analyzeStorage(137)) - The storage directory /home/runner/work/ozone/ozone/hadoop-ozone/integration-test/target/test-dir/MiniOzoneClusterImpl-6d5b43b8-50d7-4b60-8424-e359ec6f806a/datanode-3/data/ratis/b3266b27-e771-4780-a9e7-8ebae61b3d33 does not exist. Creating ...
2023-10-17 18:54:37,172 [a9a64069-5644-4cd4-ae1b-13efe84d56e4-groupManagement] INFO  server.RaftServerConfigKeys (ConfUtils.java:logGet(46)) - raft.server.log.statemachine.data.sync.timeout.retry = -1 (default)
2023-10-17 18:54:37,180 [a9a64069-5644-4cd4-ae1b-13efe84d56e4-groupManagement] INFO  server.RaftServerConfigKeys (ConfUtils.java:logGet(46)) - raft.server.log.write.buffer.size = 1048576 (custom)
2023-10-17 18:54:37,179 [a546daa4-0106-41e2-a933-0105fc903a66-groupManagement] INFO  storage.RaftStorageDirectory (RaftStorageDirectoryImpl.java:tryLock(231)) - Lock on /home/runner/work/ozone/ozone/hadoop-ozone/integration-test/target/test-dir/MiniOzoneClusterImpl-6d5b43b8-50d7-4b60-8424-e359ec6f806a/datanode-3/data/ratis/b3266b27-e771-4780-a9e7-8ebae61b3d33/in_use.lock acquired by nodename 97056@fv-az82-357
2023-10-17 18:54:37,177 [EventQueue-PipelineReportForPipelineReportHandler] INFO  pipeline.PipelineReportHandler (PipelineReportHandler.java:processPipelineReport(136)) - Opened pipeline PipelineID=bdc6707d-58fd-4d5c-8f16-d8a691f950b7
2023-10-17 18:54:37,181 [EventQueue-OpenPipelineForHealthyPipelineSafeModeRule] INFO  safemode.SCMSafeModeManager (HealthyPipelineSafeModeRule.java:process(137)) - SCM in safe mode. Healthy pipelines reported count is 0, required healthy pipeline reported count is 1
2023-10-17 18:54:37,181 [a9a64069-5644-4cd4-ae1b-13efe84d56e4-groupManagement] INFO  server.RaftServerConfigKeys (ConfUtils.java:logGet(46)) - raft.server.log.appender.buffer.byte-limit = 33554432 (custom)
2023-10-17 18:54:37,182 [a546daa4-0106-41e2-a933-0105fc903a66-groupManagement] INFO  storage.RaftStorage (RaftStorageImpl.java:format(96)) - Storage directory /home/runner/work/ozone/ozone/hadoop-ozone/integration-test/target/test-dir/MiniOzoneClusterImpl-6d5b43b8-50d7-4b60-8424-e359ec6f806a/datanode-3/data/ratis/b3266b27-e771-4780-a9e7-8ebae61b3d33 has been successfully formatted.
2023-10-17 18:54:37,182 [a546daa4-0106-41e2-a933-0105fc903a66-groupManagement] INFO  ratis.ContainerStateMachine (ContainerStateMachine.java:loadSnapshot(262)) - group-8EBAE61B3D33: The snapshot info is null. Setting the last applied indexto:(t:0, i:~)
2023-10-17 18:54:37,182 [a546daa4-0106-41e2-a933-0105fc903a66-groupManagement] INFO  server.RaftServerConfigKeys (ConfUtils.java:logGet(46)) - raft.server.log.use.memory = false (default)
2023-10-17 18:54:37,183 [a546daa4-0106-41e2-a933-0105fc903a66-groupManagement] INFO  server.RaftServerConfigKeys (ConfUtils.java:logGet(46)) - raft.server.log.purge.gap = 1000000 (custom)
2023-10-17 18:54:37,183 [a546daa4-0106-41e2-a933-0105fc903a66-groupManagement] INFO  server.RaftServerConfigKeys (ConfUtils.java:logGet(46)) - raft.server.log.appender.buffer.byte-limit = 33554432 (custom)
2023-10-17 18:54:37,183 [a546daa4-0106-41e2-a933-0105fc903a66-groupManagement] INFO  server.RaftServerConfigKeys (ConfUtils.java:logGet(46)) - raft.server.log.statemachine.data.read.timeout = 1000ms (default)
2023-10-17 18:54:37,183 [a546daa4-0106-41e2-a933-0105fc903a66-groupManagement] INFO  server.RaftServerConfigKeys (ConfUtils.java:logGet(46)) - raft.server.log.purge.preservation.log.num = 0 (default)
2023-10-17 18:54:37,183 [a546daa4-0106-41e2-a933-0105fc903a66-groupManagement] INFO  server.RaftServerConfigKeys (ConfUtils.java:logGet(46)) - raft.server.log.segment.size.max = 1048576 (custom)
2023-10-17 18:54:37,184 [EventQueue-OpenPipelineForHealthyPipelineSafeModeRule] INFO  safemode.SCMSafeModeManager (HealthyPipelineSafeModeRule.java:process(137)) - SCM in safe mode. Healthy pipelines reported count is 0, required healthy pipeline reported count is 1
2023-10-17 18:54:37,184 [a546daa4-0106-41e2-a933-0105fc903a66-groupManagement] INFO  server.RaftServerConfigKeys (ConfUtils.java:logGet(46)) - raft.server.log.segment.cache.num.max = 2 (custom)
2023-10-17 18:54:37,184 [a546daa4-0106-41e2-a933-0105fc903a66-groupManagement] INFO  server.RaftServerConfigKeys (ConfUtils.java:logGet(46)) - raft.server.log.segment.cache.size.max = 200MB (=209715200) (default)
2023-10-17 18:54:37,185 [a546daa4-0106-41e2-a933-0105fc903a66-groupManagement] INFO  server.RaftServerConfigKeys (ConfUtils.java:logGet(46)) - raft.server.log.appender.buffer.byte-limit = 33554432 (custom)
2023-10-17 18:54:37,185 [a546daa4-0106-41e2-a933-0105fc903a66-groupManagement] INFO  segmented.SegmentedRaftLogWorker (SegmentedRaftLogWorker.java:<init>(188)) - new a546daa4-0106-41e2-a933-0105fc903a66@group-8EBAE61B3D33-SegmentedRaftLogWorker for RaftStorageImpl:Storage Directory /home/runner/work/ozone/ozone/hadoop-ozone/integration-test/target/test-dir/MiniOzoneClusterImpl-6d5b43b8-50d7-4b60-8424-e359ec6f806a/datanode-3/data/ratis/b3266b27-e771-4780-a9e7-8ebae61b3d33
2023-10-17 18:54:37,185 [a546daa4-0106-41e2-a933-0105fc903a66-groupManagement] INFO  server.RaftServerConfigKeys (ConfUtils.java:logGet(46)) - raft.server.log.queue.byte-limit = 4294967296 (custom)
2023-10-17 18:54:37,185 [a546daa4-0106-41e2-a933-0105fc903a66-groupManagement] INFO  server.RaftServerConfigKeys (ConfUtils.java:logGet(46)) - raft.server.log.queue.element-limit = 1024 (custom)
2023-10-17 18:54:37,185 [a546daa4-0106-41e2-a933-0105fc903a66-groupManagement] INFO  server.RaftServerConfigKeys (ConfUtils.java:logGet(46)) - raft.server.log.segment.size.max = 1048576 (custom)
2023-10-17 18:54:37,185 [a546daa4-0106-41e2-a933-0105fc903a66-groupManagement] INFO  server.RaftServerConfigKeys (ConfUtils.java:logGet(46)) - raft.server.log.preallocated.size = 16384 (custom)
2023-10-17 18:54:37,185 [a546daa4-0106-41e2-a933-0105fc903a66-groupManagement] INFO  server.RaftServerConfigKeys (ConfUtils.java:logGet(46)) - raft.server.log.force.sync.num = 128 (default)
2023-10-17 18:54:37,185 [a546daa4-0106-41e2-a933-0105fc903a66-groupManagement] INFO  server.RaftServerConfigKeys (ConfUtils.java:logGet(46)) - raft.server.log.statemachine.data.sync = true (default)
2023-10-17 18:54:37,185 [a546daa4-0106-41e2-a933-0105fc903a66-groupManagement] INFO  server.RaftServerConfigKeys (ConfUtils.java:logGet(46)) - raft.server.log.statemachine.data.sync.timeout = 10s (default)
2023-10-17 18:54:37,185 [a546daa4-0106-41e2-a933-0105fc903a66-groupManagement] INFO  server.RaftServerConfigKeys (ConfUtils.java:logGet(46)) - raft.server.log.statemachine.data.sync.timeout.retry = -1 (default)
2023-10-17 18:54:37,186 [a546daa4-0106-41e2-a933-0105fc903a66-groupManagement] INFO  server.RaftServerConfigKeys (ConfUtils.java:logGet(46)) - raft.server.log.write.buffer.size = 1048576 (custom)
2023-10-17 18:54:37,186 [a546daa4-0106-41e2-a933-0105fc903a66-groupManagement] INFO  server.RaftServerConfigKeys (ConfUtils.java:logGet(46)) - raft.server.log.appender.buffer.byte-limit = 33554432 (custom)
2023-10-17 18:54:37,201 [a9a64069-5644-4cd4-ae1b-13efe84d56e4-groupManagement] INFO  server.RaftServerConfigKeys (ConfUtils.java:logGet(46)) - raft.server.log.unsafe-flush.enabled = false (default)
2023-10-17 18:54:37,202 [a9a64069-5644-4cd4-ae1b-13efe84d56e4-groupManagement] INFO  server.RaftServerConfigKeys (ConfUtils.java:logGet(46)) - raft.server.log.async-flush.enabled = false (default)
2023-10-17 18:54:37,202 [a9a64069-5644-4cd4-ae1b-13efe84d56e4-groupManagement] INFO  server.RaftServerConfigKeys (ConfUtils.java:logGet(46)) - raft.server.log.statemachine.data.caching.enabled = true (custom)
2023-10-17 18:54:37,202 [a9a64069-5644-4cd4-ae1b-13efe84d56e4-groupManagement] INFO  segmented.SegmentedRaftLogWorker (SegmentedRaftLogWorker.java:lambda$new$0(135)) - a9a64069-5644-4cd4-ae1b-13efe84d56e4@group-D8A691F950B7-SegmentedRaftLogWorker: flushIndex: setUnconditionally 0 -> -1
2023-10-17 18:54:37,202 [a9a64069-5644-4cd4-ae1b-13efe84d56e4-groupManagement] INFO  segmented.SegmentedRaftLogWorker (SegmentedRaftLogWorker.java:lambda$new$0(135)) - a9a64069-5644-4cd4-ae1b-13efe84d56e4@group-D8A691F950B7-SegmentedRaftLogWorker: safeCacheEvictIndex: setUnconditionally 0 -> -1
2023-10-17 18:54:37,202 [a546daa4-0106-41e2-a933-0105fc903a66-groupManagement] INFO  server.RaftServerConfigKeys (ConfUtils.java:logGet(46)) - raft.server.log.unsafe-flush.enabled = false (default)
2023-10-17 18:54:37,202 [a546daa4-0106-41e2-a933-0105fc903a66-groupManagement] INFO  server.RaftServerConfigKeys (ConfUtils.java:logGet(46)) - raft.server.log.async-flush.enabled = false (default)
2023-10-17 18:54:37,203 [a546daa4-0106-41e2-a933-0105fc903a66-groupManagement] INFO  server.RaftServerConfigKeys (ConfUtils.java:logGet(46)) - raft.server.log.statemachine.data.caching.enabled = true (custom)
2023-10-17 18:54:37,203 [a546daa4-0106-41e2-a933-0105fc903a66-groupManagement] INFO  segmented.SegmentedRaftLogWorker (SegmentedRaftLogWorker.java:lambda$new$0(135)) - a546daa4-0106-41e2-a933-0105fc903a66@group-8EBAE61B3D33-SegmentedRaftLogWorker: flushIndex: setUnconditionally 0 -> -1
2023-10-17 18:54:37,203 [a546daa4-0106-41e2-a933-0105fc903a66-groupManagement] INFO  segmented.SegmentedRaftLogWorker (SegmentedRaftLogWorker.java:lambda$new$0(135)) - a546daa4-0106-41e2-a933-0105fc903a66@group-8EBAE61B3D33-SegmentedRaftLogWorker: safeCacheEvictIndex: setUnconditionally 0 -> -1
2023-10-17 18:54:37,203 [a9a64069-5644-4cd4-ae1b-13efe84d56e4-groupManagement] INFO  server.RaftServer$Division (RaftServerImpl.java:start(342)) - a9a64069-5644-4cd4-ae1b-13efe84d56e4@group-D8A691F950B7: start as a follower, conf=-1: peers:[a9a64069-5644-4cd4-ae1b-13efe84d56e4|rpc:10.1.0.79:15050|admin:10.1.0.79:15049|client:10.1.0.79:15048|dataStream:10.1.0.79:15051|priority:1|startupRole:FOLLOWER]|listeners:[], old=null
2023-10-17 18:54:37,203 [a9a64069-5644-4cd4-ae1b-13efe84d56e4-groupManagement] INFO  server.RaftServer$Division (RaftServerImpl.java:setRole(329)) - a9a64069-5644-4cd4-ae1b-13efe84d56e4@group-D8A691F950B7: changes role from      null to FOLLOWER at term 0 for startAsFollower
2023-10-17 18:54:37,203 [a9a64069-5644-4cd4-ae1b-13efe84d56e4-groupManagement] INFO  impl.RoleInfo (RoleInfo.java:updateAndGet(139)) - a9a64069-5644-4cd4-ae1b-13efe84d56e4: start a9a64069-5644-4cd4-ae1b-13efe84d56e4@group-D8A691F950B7-FollowerState
2023-10-17 18:54:37,204 [a9a64069-5644-4cd4-ae1b-13efe84d56e4-groupManagement] INFO  util.JmxRegister (JmxRegister.java:tryRegister(44)) - Successfully registered JMX Bean with object name Ratis:service=RaftServer,group=group-D8A691F950B7,id=a9a64069-5644-4cd4-ae1b-13efe84d56e4
2023-10-17 18:54:37,204 [a9a64069-5644-4cd4-ae1b-13efe84d56e4-groupManagement] INFO  server.RaftServerConfigKeys (ConfUtils.java:logGet(46)) - raft.server.snapshot.auto.trigger.enabled = true (custom)
2023-10-17 18:54:37,204 [a9a64069-5644-4cd4-ae1b-13efe84d56e4-groupManagement] INFO  server.RaftServerConfigKeys (ConfUtils.java:logGet(46)) - raft.server.snapshot.auto.trigger.threshold = 10000 (custom)
2023-10-17 18:54:37,204 [a9a64069-5644-4cd4-ae1b-13efe84d56e4-groupManagement] INFO  server.RaftServerConfigKeys (ConfUtils.java:logGet(46)) - raft.server.snapshot.retention.file.num = 5 (custom)
2023-10-17 18:54:37,204 [a9a64069-5644-4cd4-ae1b-13efe84d56e4-groupManagement] INFO  server.RaftServerConfigKeys (ConfUtils.java:logGet(46)) - raft.server.log.purge.upto.snapshot.index = false (default)
2023-10-17 18:54:37,204 [a9a64069-5644-4cd4-ae1b-13efe84d56e4@group-D8A691F950B7-FollowerState] INFO  server.RaftServerConfigKeys (ConfUtils.java:logFallback(53)) - raft.server.rpc.first-election.timeout.min = 5s (fallback to raft.server.rpc.timeout.min)
2023-10-17 18:54:37,204 [a9a64069-5644-4cd4-ae1b-13efe84d56e4@group-D8A691F950B7-FollowerState] INFO  server.RaftServerConfigKeys (ConfUtils.java:logFallback(53)) - raft.server.rpc.first-election.timeout.max = 5200ms (fallback to raft.server.rpc.timeout.max)
2023-10-17 18:54:37,204 [a546daa4-0106-41e2-a933-0105fc903a66-groupManagement] INFO  server.RaftServer$Division (RaftServerImpl.java:start(342)) - a546daa4-0106-41e2-a933-0105fc903a66@group-8EBAE61B3D33: start as a follower, conf=-1: peers:[a9a64069-5644-4cd4-ae1b-13efe84d56e4|rpc:10.1.0.79:15050|admin:10.1.0.79:15049|client:10.1.0.79:15048|dataStream:10.1.0.79:15051|priority:1|startupRole:FOLLOWER, d11f4703-3fdf-44d6-a0a1-43cd820167cb|rpc:10.1.0.79:15059|admin:10.1.0.79:15058|client:10.1.0.79:15057|dataStream:10.1.0.79:15060|priority:0|startupRole:FOLLOWER, a546daa4-0106-41e2-a933-0105fc903a66|rpc:10.1.0.79:15041|admin:10.1.0.79:15040|client:10.1.0.79:15039|dataStream:10.1.0.79:15042|priority:0|startupRole:FOLLOWER]|listeners:[], old=null
2023-10-17 18:54:37,205 [a546daa4-0106-41e2-a933-0105fc903a66-groupManagement] INFO  server.RaftServer$Division (RaftServerImpl.java:setRole(329)) - a546daa4-0106-41e2-a933-0105fc903a66@group-8EBAE61B3D33: changes role from      null to FOLLOWER at term 0 for startAsFollower
2023-10-17 18:54:37,205 [a546daa4-0106-41e2-a933-0105fc903a66-groupManagement] INFO  impl.RoleInfo (RoleInfo.java:updateAndGet(139)) - a546daa4-0106-41e2-a933-0105fc903a66: start a546daa4-0106-41e2-a933-0105fc903a66@group-8EBAE61B3D33-FollowerState
2023-10-17 18:54:37,205 [PipelineCommandHandlerThread-0] INFO  ratis.XceiverServerRatis (XceiverServerRatis.java:addGroup(804)) - Created group PipelineID=bdc6707d-58fd-4d5c-8f16-d8a691f950b7
2023-10-17 18:54:37,207 [PipelineCommandHandlerThread-0] INFO  commandhandler.CreatePipelineCommandHandler (CreatePipelineCommandHandler.java:lambda$handle$2(124)) - Created Pipeline RATIS ONE PipelineID=bdc6707d-58fd-4d5c-8f16-d8a691f950b7.
2023-10-17 18:54:37,207 [PipelineCommandHandlerThread-0] INFO  server.RaftServer (RaftServerProxy.java:addNew(98)) - a9a64069-5644-4cd4-ae1b-13efe84d56e4: addNew group-8EBAE61B3D33:[a9a64069-5644-4cd4-ae1b-13efe84d56e4|rpc:10.1.0.79:15050|admin:10.1.0.79:15049|client:10.1.0.79:15048|dataStream:10.1.0.79:15051|priority:1|startupRole:FOLLOWER, d11f4703-3fdf-44d6-a0a1-43cd820167cb|rpc:10.1.0.79:15059|admin:10.1.0.79:15058|client:10.1.0.79:15057|dataStream:10.1.0.79:15060|priority:0|startupRole:FOLLOWER, a546daa4-0106-41e2-a933-0105fc903a66|rpc:10.1.0.79:15041|admin:10.1.0.79:15040|client:10.1.0.79:15039|dataStream:10.1.0.79:15042|priority:0|startupRole:FOLLOWER] returns group-8EBAE61B3D33:java.util.concurrent.CompletableFuture@18670ddb[Not completed]
2023-10-17 18:54:37,208 [a9a64069-5644-4cd4-ae1b-13efe84d56e4-groupManagement] INFO  server.RaftServer$Division (RaftServerImpl.java:<init>(198)) - a9a64069-5644-4cd4-ae1b-13efe84d56e4: new RaftServerImpl for group-8EBAE61B3D33:[a9a64069-5644-4cd4-ae1b-13efe84d56e4|rpc:10.1.0.79:15050|admin:10.1.0.79:15049|client:10.1.0.79:15048|dataStream:10.1.0.79:15051|priority:1|startupRole:FOLLOWER, d11f4703-3fdf-44d6-a0a1-43cd820167cb|rpc:10.1.0.79:15059|admin:10.1.0.79:15058|client:10.1.0.79:15057|dataStream:10.1.0.79:15060|priority:0|startupRole:FOLLOWER, a546daa4-0106-41e2-a933-0105fc903a66|rpc:10.1.0.79:15041|admin:10.1.0.79:15040|client:10.1.0.79:15039|dataStream:10.1.0.79:15042|priority:0|startupRole:FOLLOWER] with ContainerStateMachine:uninitialized
2023-10-17 18:54:37,208 [a9a64069-5644-4cd4-ae1b-13efe84d56e4-groupManagement] INFO  server.RaftServerConfigKeys (ConfUtils.java:logGet(46)) - raft.server.rpc.timeout.min = 5s (custom)
2023-10-17 18:54:37,208 [a9a64069-5644-4cd4-ae1b-13efe84d56e4-groupManagement] INFO  server.RaftServerConfigKeys (ConfUtils.java:logGet(46)) - raft.server.rpc.timeout.max = 5200ms (custom)
2023-10-17 18:54:37,208 [a9a64069-5644-4cd4-ae1b-13efe84d56e4-groupManagement] INFO  server.RaftServerConfigKeys (ConfUtils.java:logGet(46)) - raft.server.rpc.sleep.time = 25ms (default)
2023-10-17 18:54:37,208 [a9a64069-5644-4cd4-ae1b-13efe84d56e4-groupManagement] INFO  server.RaftServerConfigKeys (ConfUtils.java:logGet(46)) - raft.server.rpc.slowness.timeout = 300s (custom)
2023-10-17 18:54:37,208 [a9a64069-5644-4cd4-ae1b-13efe84d56e4-groupManagement] INFO  server.RaftServerConfigKeys (ConfUtils.java:logGet(46)) - raft.server.leaderelection.leader.step-down.wait-time = 10s (default)
2023-10-17 18:54:37,208 [a9a64069-5644-4cd4-ae1b-13efe84d56e4-groupManagement] INFO  server.RaftServerConfigKeys (ConfUtils.java:logGet(46)) - raft.server.sleep.deviation.threshold = 300ms (default)
2023-10-17 18:54:37,209 [a9a64069-5644-4cd4-ae1b-13efe84d56e4-groupManagement] INFO  server.RaftServer$Division (ServerState.java:<init>(120)) - a9a64069-5644-4cd4-ae1b-13efe84d56e4@group-8EBAE61B3D33: ConfigurationManager, init=-1: peers:[a9a64069-5644-4cd4-ae1b-13efe84d56e4|rpc:10.1.0.79:15050|admin:10.1.0.79:15049|client:10.1.0.79:15048|dataStream:10.1.0.79:15051|priority:1|startupRole:FOLLOWER, d11f4703-3fdf-44d6-a0a1-43cd820167cb|rpc:10.1.0.79:15059|admin:10.1.0.79:15058|client:10.1.0.79:15057|dataStream:10.1.0.79:15060|priority:0|startupRole:FOLLOWER, a546daa4-0106-41e2-a933-0105fc903a66|rpc:10.1.0.79:15041|admin:10.1.0.79:15040|client:10.1.0.79:15039|dataStream:10.1.0.79:15042|priority:0|startupRole:FOLLOWER]|listeners:[], old=null, confs=<EMPTY_MAP>
2023-10-17 18:54:37,209 [a9a64069-5644-4cd4-ae1b-13efe84d56e4-groupManagement] INFO  server.RaftServerConfigKeys (ConfUtils.java:logGet(46)) - raft.server.storage.dir = [/home/runner/work/ozone/ozone/hadoop-ozone/integration-test/target/test-dir/MiniOzoneClusterImpl-6d5b43b8-50d7-4b60-8424-e359ec6f806a/datanode-4/data/ratis] (custom)
2023-10-17 18:54:37,209 [a9a64069-5644-4cd4-ae1b-13efe84d56e4-groupManagement] INFO  server.RaftServerConfigKeys (ConfUtils.java:logGet(46)) - raft.server.log.corruption.policy = EXCEPTION (default)
2023-10-17 18:54:37,209 [a9a64069-5644-4cd4-ae1b-13efe84d56e4-groupManagement] INFO  server.RaftServerConfigKeys (ConfUtils.java:logGet(46)) - raft.server.storage.free-space.min = 0MB (=0) (default)
2023-10-17 18:54:37,209 [a9a64069-5644-4cd4-ae1b-13efe84d56e4-groupManagement] INFO  server.RaftServerConfigKeys (ConfUtils.java:logGet(46)) - raft.server.notification.no-leader.timeout = 300s (custom)
2023-10-17 18:54:37,209 [a9a64069-5644-4cd4-ae1b-13efe84d56e4-groupManagement] INFO  server.RaftServerConfigKeys (ConfUtils.java:logGet(46)) - raft.server.read.timeout = 10s (default)
2023-10-17 18:54:37,209 [a9a64069-5644-4cd4-ae1b-13efe84d56e4-groupManagement] INFO  server.RaftServerConfigKeys (ConfUtils.java:logGet(46)) - raft.server.retrycache.expirytime = 600000ms (custom)
2023-10-17 18:54:37,209 [a9a64069-5644-4cd4-ae1b-13efe84d56e4-groupManagement] INFO  server.RaftServerConfigKeys (ConfUtils.java:logGet(46)) - raft.server.retrycache.statistics.expirytime = 100μs (default)
2023-10-17 18:54:37,209 [a9a64069-5644-4cd4-ae1b-13efe84d56e4-groupManagement] INFO  server.RaftServerConfigKeys (ConfUtils.java:logGet(46)) - raft.server.read.option = DEFAULT (default)
2023-10-17 18:54:37,211 [a9a64069-5644-4cd4-ae1b-13efe84d56e4-groupManagement] INFO  server.RaftServerConfigKeys (ConfUtils.java:logGet(46)) - raft.server.rpc.request.timeout = 60s (custom)
2023-10-17 18:54:37,211 [a9a64069-5644-4cd4-ae1b-13efe84d56e4-groupManagement] INFO  server.RaftServerConfigKeys (ConfUtils.java:logGet(46)) - raft.server.log.appender.install.snapshot.enabled = false (custom)
2023-10-17 18:54:37,211 [a9a64069-5644-4cd4-ae1b-13efe84d56e4-groupManagement] INFO  server.RaftServerConfigKeys (ConfUtils.java:logGet(46)) - raft.server.threadpool.server.cached = true (default)
2023-10-17 18:54:37,211 [a9a64069-5644-4cd4-ae1b-13efe84d56e4-groupManagement] INFO  server.RaftServerConfigKeys (ConfUtils.java:logGet(46)) - raft.server.threadpool.server.size = 0 (default)
2023-10-17 18:54:37,211 [a9a64069-5644-4cd4-ae1b-13efe84d56e4-groupManagement] INFO  server.RaftServerConfigKeys (ConfUtils.java:logGet(46)) - raft.server.threadpool.client.cached = true (default)
2023-10-17 18:54:37,211 [a9a64069-5644-4cd4-ae1b-13efe84d56e4-groupManagement] INFO  server.RaftServerConfigKeys (ConfUtils.java:logGet(46)) - raft.server.threadpool.client.size = 0 (default)
2023-10-17 18:54:37,211 [a9a64069-5644-4cd4-ae1b-13efe84d56e4-groupManagement] INFO  storage.RaftStorageDirectory (RaftStorageDirectoryImpl.java:analyzeStorage(137)) - The storage directory /home/runner/work/ozone/ozone/hadoop-ozone/integration-test/target/test-dir/MiniOzoneClusterImpl-6d5b43b8-50d7-4b60-8424-e359ec6f806a/datanode-4/data/ratis/b3266b27-e771-4780-a9e7-8ebae61b3d33 does not exist. Creating ...
2023-10-17 18:54:37,212 [a546daa4-0106-41e2-a933-0105fc903a66-groupManagement] INFO  util.JmxRegister (JmxRegister.java:tryRegister(44)) - Successfully registered JMX Bean with object name Ratis:service=RaftServer,group=group-8EBAE61B3D33,id=a546daa4-0106-41e2-a933-0105fc903a66
2023-10-17 18:54:37,214 [a546daa4-0106-41e2-a933-0105fc903a66-groupManagement] INFO  server.RaftServerConfigKeys (ConfUtils.java:logGet(46)) - raft.server.snapshot.auto.trigger.enabled = true (custom)
2023-10-17 18:54:37,214 [a546daa4-0106-41e2-a933-0105fc903a66-groupManagement] INFO  server.RaftServerConfigKeys (ConfUtils.java:logGet(46)) - raft.server.snapshot.auto.trigger.threshold = 10000 (custom)
2023-10-17 18:54:37,214 [a546daa4-0106-41e2-a933-0105fc903a66-groupManagement] INFO  server.RaftServerConfigKeys (ConfUtils.java:logGet(46)) - raft.server.snapshot.retention.file.num = 5 (custom)
2023-10-17 18:54:37,214 [a546daa4-0106-41e2-a933-0105fc903a66-groupManagement] INFO  server.RaftServerConfigKeys (ConfUtils.java:logGet(46)) - raft.server.log.purge.upto.snapshot.index = false (default)
2023-10-17 18:54:37,215 [PipelineCommandHandlerThread-0] INFO  ratis.XceiverServerRatis (XceiverServerRatis.java:addGroup(804)) - Created group PipelineID=b3266b27-e771-4780-a9e7-8ebae61b3d33
2023-10-17 18:54:37,216 [a546daa4-0106-41e2-a933-0105fc903a66@group-8EBAE61B3D33-FollowerState] INFO  server.RaftServerConfigKeys (ConfUtils.java:logFallback(53)) - raft.server.rpc.first-election.timeout.min = 5s (fallback to raft.server.rpc.timeout.min)
2023-10-17 18:54:37,217 [a546daa4-0106-41e2-a933-0105fc903a66@group-8EBAE61B3D33-FollowerState] INFO  server.RaftServerConfigKeys (ConfUtils.java:logFallback(53)) - raft.server.rpc.first-election.timeout.max = 5200ms (fallback to raft.server.rpc.timeout.max)
2023-10-17 18:54:37,222 [a9a64069-5644-4cd4-ae1b-13efe84d56e4-groupManagement] INFO  storage.RaftStorageDirectory (RaftStorageDirectoryImpl.java:tryLock(231)) - Lock on /home/runner/work/ozone/ozone/hadoop-ozone/integration-test/target/test-dir/MiniOzoneClusterImpl-6d5b43b8-50d7-4b60-8424-e359ec6f806a/datanode-4/data/ratis/b3266b27-e771-4780-a9e7-8ebae61b3d33/in_use.lock acquired by nodename 97056@fv-az82-357
2023-10-17 18:54:37,224 [a9a64069-5644-4cd4-ae1b-13efe84d56e4-groupManagement] INFO  storage.RaftStorage (RaftStorageImpl.java:format(96)) - Storage directory /home/runner/work/ozone/ozone/hadoop-ozone/integration-test/target/test-dir/MiniOzoneClusterImpl-6d5b43b8-50d7-4b60-8424-e359ec6f806a/datanode-4/data/ratis/b3266b27-e771-4780-a9e7-8ebae61b3d33 has been successfully formatted.
2023-10-17 18:54:37,224 [a9a64069-5644-4cd4-ae1b-13efe84d56e4-groupManagement] INFO  ratis.ContainerStateMachine (ContainerStateMachine.java:loadSnapshot(262)) - group-8EBAE61B3D33: The snapshot info is null. Setting the last applied indexto:(t:0, i:~)
2023-10-17 18:54:37,224 [a9a64069-5644-4cd4-ae1b-13efe84d56e4-groupManagement] INFO  server.RaftServerConfigKeys (ConfUtils.java:logGet(46)) - raft.server.log.use.memory = false (default)
2023-10-17 18:54:37,224 [a9a64069-5644-4cd4-ae1b-13efe84d56e4-groupManagement] INFO  server.RaftServerConfigKeys (ConfUtils.java:logGet(46)) - raft.server.log.purge.gap = 1000000 (custom)
2023-10-17 18:54:37,224 [a9a64069-5644-4cd4-ae1b-13efe84d56e4-groupManagement] INFO  server.RaftServerConfigKeys (ConfUtils.java:logGet(46)) - raft.server.log.appender.buffer.byte-limit = 33554432 (custom)
2023-10-17 18:54:37,225 [a9a64069-5644-4cd4-ae1b-13efe84d56e4-groupManagement] INFO  server.RaftServerConfigKeys (ConfUtils.java:logGet(46)) - raft.server.log.statemachine.data.read.timeout = 1000ms (default)
2023-10-17 18:54:37,225 [a9a64069-5644-4cd4-ae1b-13efe84d56e4-groupManagement] INFO  server.RaftServerConfigKeys (ConfUtils.java:logGet(46)) - raft.server.log.purge.preservation.log.num = 0 (default)
2023-10-17 18:54:37,225 [a9a64069-5644-4cd4-ae1b-13efe84d56e4-groupManagement] INFO  server.RaftServerConfigKeys (ConfUtils.java:logGet(46)) - raft.server.log.segment.size.max = 1048576 (custom)
2023-10-17 18:54:37,226 [a9a64069-5644-4cd4-ae1b-13efe84d56e4-groupManagement] INFO  server.RaftServerConfigKeys (ConfUtils.java:logGet(46)) - raft.server.log.segment.cache.num.max = 2 (custom)
2023-10-17 18:54:37,226 [a9a64069-5644-4cd4-ae1b-13efe84d56e4-groupManagement] INFO  server.RaftServerConfigKeys (ConfUtils.java:logGet(46)) - raft.server.log.segment.cache.size.max = 200MB (=209715200) (default)
2023-10-17 18:54:37,226 [a9a64069-5644-4cd4-ae1b-13efe84d56e4-groupManagement] INFO  server.RaftServerConfigKeys (ConfUtils.java:logGet(46)) - raft.server.log.appender.buffer.byte-limit = 33554432 (custom)
2023-10-17 18:54:37,226 [a9a64069-5644-4cd4-ae1b-13efe84d56e4-groupManagement] INFO  segmented.SegmentedRaftLogWorker (SegmentedRaftLogWorker.java:<init>(188)) - new a9a64069-5644-4cd4-ae1b-13efe84d56e4@group-8EBAE61B3D33-SegmentedRaftLogWorker for RaftStorageImpl:Storage Directory /home/runner/work/ozone/ozone/hadoop-ozone/integration-test/target/test-dir/MiniOzoneClusterImpl-6d5b43b8-50d7-4b60-8424-e359ec6f806a/datanode-4/data/ratis/b3266b27-e771-4780-a9e7-8ebae61b3d33
2023-10-17 18:54:37,226 [a9a64069-5644-4cd4-ae1b-13efe84d56e4-groupManagement] INFO  server.RaftServerConfigKeys (ConfUtils.java:logGet(46)) - raft.server.log.queue.byte-limit = 4294967296 (custom)
2023-10-17 18:54:37,226 [a9a64069-5644-4cd4-ae1b-13efe84d56e4-groupManagement] INFO  server.RaftServerConfigKeys (ConfUtils.java:logGet(46)) - raft.server.log.queue.element-limit = 1024 (custom)
2023-10-17 18:54:37,226 [a9a64069-5644-4cd4-ae1b-13efe84d56e4-groupManagement] INFO  server.RaftServerConfigKeys (ConfUtils.java:logGet(46)) - raft.server.log.segment.size.max = 1048576 (custom)
2023-10-17 18:54:37,226 [a9a64069-5644-4cd4-ae1b-13efe84d56e4-groupManagement] INFO  server.RaftServerConfigKeys (ConfUtils.java:logGet(46)) - raft.server.log.preallocated.size = 16384 (custom)
2023-10-17 18:54:37,226 [a9a64069-5644-4cd4-ae1b-13efe84d56e4-groupManagement] INFO  server.RaftServerConfigKeys (ConfUtils.java:logGet(46)) - raft.server.log.force.sync.num = 128 (default)
2023-10-17 18:54:37,226 [a9a64069-5644-4cd4-ae1b-13efe84d56e4-groupManagement] INFO  server.RaftServerConfigKeys (ConfUtils.java:logGet(46)) - raft.server.log.statemachine.data.sync = true (default)
2023-10-17 18:54:37,226 [a9a64069-5644-4cd4-ae1b-13efe84d56e4-groupManagement] INFO  server.RaftServerConfigKeys (ConfUtils.java:logGet(46)) - raft.server.log.statemachine.data.sync.timeout = 10s (default)
2023-10-17 18:54:37,226 [a9a64069-5644-4cd4-ae1b-13efe84d56e4-groupManagement] INFO  server.RaftServerConfigKeys (ConfUtils.java:logGet(46)) - raft.server.log.statemachine.data.sync.timeout.retry = -1 (default)
2023-10-17 18:54:37,227 [a9a64069-5644-4cd4-ae1b-13efe84d56e4-groupManagement] INFO  server.RaftServerConfigKeys (ConfUtils.java:logGet(46)) - raft.server.log.write.buffer.size = 1048576 (custom)
2023-10-17 18:54:37,228 [a9a64069-5644-4cd4-ae1b-13efe84d56e4-groupManagement] INFO  server.RaftServerConfigKeys (ConfUtils.java:logGet(46)) - raft.server.log.appender.buffer.byte-limit = 33554432 (custom)
2023-10-17 18:54:37,230 [EventQueue-OpenPipelineForHealthyPipelineSafeModeRule] INFO  safemode.SCMSafeModeManager (HealthyPipelineSafeModeRule.java:process(137)) - SCM in safe mode. Healthy pipelines reported count is 0, required healthy pipeline reported count is 1
2023-10-17 18:54:37,237 [a9a64069-5644-4cd4-ae1b-13efe84d56e4-groupManagement] INFO  server.RaftServerConfigKeys (ConfUtils.java:logGet(46)) - raft.server.log.unsafe-flush.enabled = false (default)
2023-10-17 18:54:37,237 [a9a64069-5644-4cd4-ae1b-13efe84d56e4-groupManagement] INFO  server.RaftServerConfigKeys (ConfUtils.java:logGet(46)) - raft.server.log.async-flush.enabled = false (default)
2023-10-17 18:54:37,237 [a9a64069-5644-4cd4-ae1b-13efe84d56e4-groupManagement] INFO  server.RaftServerConfigKeys (ConfUtils.java:logGet(46)) - raft.server.log.statemachine.data.caching.enabled = true (custom)
2023-10-17 18:54:37,237 [a9a64069-5644-4cd4-ae1b-13efe84d56e4-groupManagement] INFO  segmented.SegmentedRaftLogWorker (SegmentedRaftLogWorker.java:lambda$new$0(135)) - a9a64069-5644-4cd4-ae1b-13efe84d56e4@group-8EBAE61B3D33-SegmentedRaftLogWorker: flushIndex: setUnconditionally 0 -> -1
2023-10-17 18:54:37,237 [a9a64069-5644-4cd4-ae1b-13efe84d56e4-groupManagement] INFO  segmented.SegmentedRaftLogWorker (SegmentedRaftLogWorker.java:lambda$new$0(135)) - a9a64069-5644-4cd4-ae1b-13efe84d56e4@group-8EBAE61B3D33-SegmentedRaftLogWorker: safeCacheEvictIndex: setUnconditionally 0 -> -1
2023-10-17 18:54:37,237 [a9a64069-5644-4cd4-ae1b-13efe84d56e4-groupManagement] INFO  server.RaftServer$Division (RaftServerImpl.java:start(342)) - a9a64069-5644-4cd4-ae1b-13efe84d56e4@group-8EBAE61B3D33: start as a follower, conf=-1: peers:[a9a64069-5644-4cd4-ae1b-13efe84d56e4|rpc:10.1.0.79:15050|admin:10.1.0.79:15049|client:10.1.0.79:15048|dataStream:10.1.0.79:15051|priority:1|startupRole:FOLLOWER, d11f4703-3fdf-44d6-a0a1-43cd820167cb|rpc:10.1.0.79:15059|admin:10.1.0.79:15058|client:10.1.0.79:15057|dataStream:10.1.0.79:15060|priority:0|startupRole:FOLLOWER, a546daa4-0106-41e2-a933-0105fc903a66|rpc:10.1.0.79:15041|admin:10.1.0.79:15040|client:10.1.0.79:15039|dataStream:10.1.0.79:15042|priority:0|startupRole:FOLLOWER]|listeners:[], old=null
2023-10-17 18:54:37,238 [a9a64069-5644-4cd4-ae1b-13efe84d56e4-groupManagement] INFO  server.RaftServer$Division (RaftServerImpl.java:setRole(329)) - a9a64069-5644-4cd4-ae1b-13efe84d56e4@group-8EBAE61B3D33: changes role from      null to FOLLOWER at term 0 for startAsFollower
2023-10-17 18:54:37,238 [a9a64069-5644-4cd4-ae1b-13efe84d56e4-groupManagement] INFO  impl.RoleInfo (RoleInfo.java:updateAndGet(139)) - a9a64069-5644-4cd4-ae1b-13efe84d56e4: start a9a64069-5644-4cd4-ae1b-13efe84d56e4@group-8EBAE61B3D33-FollowerState
2023-10-17 18:54:37,238 [a9a64069-5644-4cd4-ae1b-13efe84d56e4-groupManagement] INFO  util.JmxRegister (JmxRegister.java:tryRegister(44)) - Successfully registered JMX Bean with object name Ratis:service=RaftServer,group=group-8EBAE61B3D33,id=a9a64069-5644-4cd4-ae1b-13efe84d56e4
2023-10-17 18:54:37,238 [a9a64069-5644-4cd4-ae1b-13efe84d56e4-groupManagement] INFO  server.RaftServerConfigKeys (ConfUtils.java:logGet(46)) - raft.server.snapshot.auto.trigger.enabled = true (custom)
2023-10-17 18:54:37,238 [a9a64069-5644-4cd4-ae1b-13efe84d56e4-groupManagement] INFO  server.RaftServerConfigKeys (ConfUtils.java:logGet(46)) - raft.server.snapshot.auto.trigger.threshold = 10000 (custom)
2023-10-17 18:54:37,238 [a9a64069-5644-4cd4-ae1b-13efe84d56e4-groupManagement] INFO  server.RaftServerConfigKeys (ConfUtils.java:logGet(46)) - raft.server.snapshot.retention.file.num = 5 (custom)
2023-10-17 18:54:37,238 [a9a64069-5644-4cd4-ae1b-13efe84d56e4-groupManagement] INFO  server.RaftServerConfigKeys (ConfUtils.java:logGet(46)) - raft.server.log.purge.upto.snapshot.index = false (default)
2023-10-17 18:54:37,241 [a9a64069-5644-4cd4-ae1b-13efe84d56e4@group-8EBAE61B3D33-FollowerState] INFO  server.RaftServerConfigKeys (ConfUtils.java:logFallback(53)) - raft.server.rpc.first-election.timeout.min = 5s (fallback to raft.server.rpc.timeout.min)
2023-10-17 18:54:37,247 [a9a64069-5644-4cd4-ae1b-13efe84d56e4@group-8EBAE61B3D33-FollowerState] INFO  server.RaftServerConfigKeys (ConfUtils.java:logFallback(53)) - raft.server.rpc.first-election.timeout.max = 5200ms (fallback to raft.server.rpc.timeout.max)
2023-10-17 18:54:37,245 [PipelineCommandHandlerThread-0] INFO  ratis.XceiverServerRatis (XceiverServerRatis.java:addGroup(804)) - Created group PipelineID=b3266b27-e771-4780-a9e7-8ebae61b3d33
2023-10-17 18:54:37,315 [grpc-default-executor-0] INFO  server.RaftServer (RaftServerProxy.java:addNew(98)) - d11f4703-3fdf-44d6-a0a1-43cd820167cb: addNew group-8EBAE61B3D33:[a9a64069-5644-4cd4-ae1b-13efe84d56e4|rpc:10.1.0.79:15050|admin:10.1.0.79:15049|client:10.1.0.79:15048|dataStream:10.1.0.79:15051|priority:1|startupRole:FOLLOWER, d11f4703-3fdf-44d6-a0a1-43cd820167cb|rpc:10.1.0.79:15059|admin:10.1.0.79:15058|client:10.1.0.79:15057|dataStream:10.1.0.79:15060|priority:0|startupRole:FOLLOWER, a546daa4-0106-41e2-a933-0105fc903a66|rpc:10.1.0.79:15041|admin:10.1.0.79:15040|client:10.1.0.79:15039|dataStream:10.1.0.79:15042|priority:0|startupRole:FOLLOWER] returns group-8EBAE61B3D33:java.util.concurrent.CompletableFuture@3001a2a3[Not completed]
2023-10-17 18:54:37,319 [d11f4703-3fdf-44d6-a0a1-43cd820167cb-groupManagement] INFO  server.RaftServer$Division (RaftServerImpl.java:<init>(198)) - d11f4703-3fdf-44d6-a0a1-43cd820167cb: new RaftServerImpl for group-8EBAE61B3D33:[a9a64069-5644-4cd4-ae1b-13efe84d56e4|rpc:10.1.0.79:15050|admin:10.1.0.79:15049|client:10.1.0.79:15048|dataStream:10.1.0.79:15051|priority:1|startupRole:FOLLOWER, d11f4703-3fdf-44d6-a0a1-43cd820167cb|rpc:10.1.0.79:15059|admin:10.1.0.79:15058|client:10.1.0.79:15057|dataStream:10.1.0.79:15060|priority:0|startupRole:FOLLOWER, a546daa4-0106-41e2-a933-0105fc903a66|rpc:10.1.0.79:15041|admin:10.1.0.79:15040|client:10.1.0.79:15039|dataStream:10.1.0.79:15042|priority:0|startupRole:FOLLOWER] with ContainerStateMachine:uninitialized
2023-10-17 18:54:37,319 [d11f4703-3fdf-44d6-a0a1-43cd820167cb-groupManagement] INFO  server.RaftServerConfigKeys (ConfUtils.java:logGet(46)) - raft.server.rpc.timeout.min = 5s (custom)
2023-10-17 18:54:37,319 [d11f4703-3fdf-44d6-a0a1-43cd820167cb-groupManagement] INFO  server.RaftServerConfigKeys (ConfUtils.java:logGet(46)) - raft.server.rpc.timeout.max = 5200ms (custom)
2023-10-17 18:54:37,319 [d11f4703-3fdf-44d6-a0a1-43cd820167cb-groupManagement] INFO  server.RaftServerConfigKeys (ConfUtils.java:logGet(46)) - raft.server.rpc.sleep.time = 25ms (default)
2023-10-17 18:54:37,320 [d11f4703-3fdf-44d6-a0a1-43cd820167cb-groupManagement] INFO  server.RaftServerConfigKeys (ConfUtils.java:logGet(46)) - raft.server.rpc.slowness.timeout = 300s (custom)
2023-10-17 18:54:37,320 [d11f4703-3fdf-44d6-a0a1-43cd820167cb-groupManagement] INFO  server.RaftServerConfigKeys (ConfUtils.java:logGet(46)) - raft.server.leaderelection.leader.step-down.wait-time = 10s (default)
2023-10-17 18:54:37,320 [d11f4703-3fdf-44d6-a0a1-43cd820167cb-groupManagement] INFO  server.RaftServerConfigKeys (ConfUtils.java:logGet(46)) - raft.server.sleep.deviation.threshold = 300ms (default)
2023-10-17 18:54:37,320 [d11f4703-3fdf-44d6-a0a1-43cd820167cb-groupManagement] INFO  server.RaftServer$Division (ServerState.java:<init>(120)) - d11f4703-3fdf-44d6-a0a1-43cd820167cb@group-8EBAE61B3D33: ConfigurationManager, init=-1: peers:[a9a64069-5644-4cd4-ae1b-13efe84d56e4|rpc:10.1.0.79:15050|admin:10.1.0.79:15049|client:10.1.0.79:15048|dataStream:10.1.0.79:15051|priority:1|startupRole:FOLLOWER, d11f4703-3fdf-44d6-a0a1-43cd820167cb|rpc:10.1.0.79:15059|admin:10.1.0.79:15058|client:10.1.0.79:15057|dataStream:10.1.0.79:15060|priority:0|startupRole:FOLLOWER, a546daa4-0106-41e2-a933-0105fc903a66|rpc:10.1.0.79:15041|admin:10.1.0.79:15040|client:10.1.0.79:15039|dataStream:10.1.0.79:15042|priority:0|startupRole:FOLLOWER]|listeners:[], old=null, confs=<EMPTY_MAP>
2023-10-17 18:54:37,320 [d11f4703-3fdf-44d6-a0a1-43cd820167cb-groupManagement] INFO  server.RaftServerConfigKeys (ConfUtils.java:logGet(46)) - raft.server.storage.dir = [/home/runner/work/ozone/ozone/hadoop-ozone/integration-test/target/test-dir/MiniOzoneClusterImpl-6d5b43b8-50d7-4b60-8424-e359ec6f806a/datanode-5/data/ratis] (custom)
2023-10-17 18:54:37,323 [d11f4703-3fdf-44d6-a0a1-43cd820167cb-groupManagement] INFO  server.RaftServerConfigKeys (ConfUtils.java:logGet(46)) - raft.server.log.corruption.policy = EXCEPTION (default)
2023-10-17 18:54:37,323 [d11f4703-3fdf-44d6-a0a1-43cd820167cb-groupManagement] INFO  server.RaftServerConfigKeys (ConfUtils.java:logGet(46)) - raft.server.storage.free-space.min = 0MB (=0) (default)
2023-10-17 18:54:37,323 [d11f4703-3fdf-44d6-a0a1-43cd820167cb-groupManagement] INFO  server.RaftServerConfigKeys (ConfUtils.java:logGet(46)) - raft.server.notification.no-leader.timeout = 300s (custom)
2023-10-17 18:54:37,324 [d11f4703-3fdf-44d6-a0a1-43cd820167cb-groupManagement] INFO  server.RaftServerConfigKeys (ConfUtils.java:logGet(46)) - raft.server.read.timeout = 10s (default)
2023-10-17 18:54:37,324 [d11f4703-3fdf-44d6-a0a1-43cd820167cb-groupManagement] INFO  server.RaftServerConfigKeys (ConfUtils.java:logGet(46)) - raft.server.retrycache.expirytime = 600000ms (custom)
2023-10-17 18:54:37,324 [d11f4703-3fdf-44d6-a0a1-43cd820167cb-groupManagement] INFO  server.RaftServerConfigKeys (ConfUtils.java:logGet(46)) - raft.server.retrycache.statistics.expirytime = 100μs (default)
2023-10-17 18:54:37,324 [d11f4703-3fdf-44d6-a0a1-43cd820167cb-groupManagement] INFO  server.RaftServerConfigKeys (ConfUtils.java:logGet(46)) - raft.server.read.option = DEFAULT (default)
2023-10-17 18:54:37,327 [d11f4703-3fdf-44d6-a0a1-43cd820167cb-groupManagement] INFO  server.RaftServerConfigKeys (ConfUtils.java:logGet(46)) - raft.server.rpc.request.timeout = 60s (custom)
2023-10-17 18:54:37,327 [d11f4703-3fdf-44d6-a0a1-43cd820167cb-groupManagement] INFO  server.RaftServerConfigKeys (ConfUtils.java:logGet(46)) - raft.server.log.appender.install.snapshot.enabled = false (custom)
2023-10-17 18:54:37,327 [d11f4703-3fdf-44d6-a0a1-43cd820167cb-groupManagement] INFO  server.RaftServerConfigKeys (ConfUtils.java:logGet(46)) - raft.server.threadpool.server.cached = true (default)
2023-10-17 18:54:37,328 [d11f4703-3fdf-44d6-a0a1-43cd820167cb-groupManagement] INFO  server.RaftServerConfigKeys (ConfUtils.java:logGet(46)) - raft.server.threadpool.server.size = 0 (default)
2023-10-17 18:54:37,328 [d11f4703-3fdf-44d6-a0a1-43cd820167cb-groupManagement] INFO  server.RaftServerConfigKeys (ConfUtils.java:logGet(46)) - raft.server.threadpool.client.cached = true (default)
2023-10-17 18:54:37,330 [d11f4703-3fdf-44d6-a0a1-43cd820167cb-groupManagement] INFO  server.RaftServerConfigKeys (ConfUtils.java:logGet(46)) - raft.server.threadpool.client.size = 0 (default)
2023-10-17 18:54:37,330 [d11f4703-3fdf-44d6-a0a1-43cd820167cb-groupManagement] INFO  storage.RaftStorageDirectory (RaftStorageDirectoryImpl.java:analyzeStorage(137)) - The storage directory /home/runner/work/ozone/ozone/hadoop-ozone/integration-test/target/test-dir/MiniOzoneClusterImpl-6d5b43b8-50d7-4b60-8424-e359ec6f806a/datanode-5/data/ratis/b3266b27-e771-4780-a9e7-8ebae61b3d33 does not exist. Creating ...
2023-10-17 18:54:37,333 [d11f4703-3fdf-44d6-a0a1-43cd820167cb-groupManagement] INFO  storage.RaftStorageDirectory (RaftStorageDirectoryImpl.java:tryLock(231)) - Lock on /home/runner/work/ozone/ozone/hadoop-ozone/integration-test/target/test-dir/MiniOzoneClusterImpl-6d5b43b8-50d7-4b60-8424-e359ec6f806a/datanode-5/data/ratis/b3266b27-e771-4780-a9e7-8ebae61b3d33/in_use.lock acquired by nodename 97056@fv-az82-357
2023-10-17 18:54:37,334 [d11f4703-3fdf-44d6-a0a1-43cd820167cb-groupManagement] INFO  storage.RaftStorage (RaftStorageImpl.java:format(96)) - Storage directory /home/runner/work/ozone/ozone/hadoop-ozone/integration-test/target/test-dir/MiniOzoneClusterImpl-6d5b43b8-50d7-4b60-8424-e359ec6f806a/datanode-5/data/ratis/b3266b27-e771-4780-a9e7-8ebae61b3d33 has been successfully formatted.
2023-10-17 18:54:37,336 [d11f4703-3fdf-44d6-a0a1-43cd820167cb-groupManagement] INFO  ratis.ContainerStateMachine (ContainerStateMachine.java:loadSnapshot(262)) - group-8EBAE61B3D33: The snapshot info is null. Setting the last applied indexto:(t:0, i:~)
2023-10-17 18:54:37,336 [d11f4703-3fdf-44d6-a0a1-43cd820167cb-groupManagement] INFO  server.RaftServerConfigKeys (ConfUtils.java:logGet(46)) - raft.server.log.use.memory = false (default)
2023-10-17 18:54:37,338 [d11f4703-3fdf-44d6-a0a1-43cd820167cb-groupManagement] INFO  server.RaftServerConfigKeys (ConfUtils.java:logGet(46)) - raft.server.log.purge.gap = 1000000 (custom)
2023-10-17 18:54:37,338 [d11f4703-3fdf-44d6-a0a1-43cd820167cb-groupManagement] INFO  server.RaftServerConfigKeys (ConfUtils.java:logGet(46)) - raft.server.log.appender.buffer.byte-limit = 33554432 (custom)
2023-10-17 18:54:37,338 [d11f4703-3fdf-44d6-a0a1-43cd820167cb-groupManagement] INFO  server.RaftServerConfigKeys (ConfUtils.java:logGet(46)) - raft.server.log.statemachine.data.read.timeout = 1000ms (default)
2023-10-17 18:54:37,338 [d11f4703-3fdf-44d6-a0a1-43cd820167cb-groupManagement] INFO  server.RaftServerConfigKeys (ConfUtils.java:logGet(46)) - raft.server.log.purge.preservation.log.num = 0 (default)
2023-10-17 18:54:37,338 [d11f4703-3fdf-44d6-a0a1-43cd820167cb-groupManagement] INFO  server.RaftServerConfigKeys (ConfUtils.java:logGet(46)) - raft.server.log.segment.size.max = 1048576 (custom)
2023-10-17 18:54:37,339 [d11f4703-3fdf-44d6-a0a1-43cd820167cb-groupManagement] INFO  server.RaftServerConfigKeys (ConfUtils.java:logGet(46)) - raft.server.log.segment.cache.num.max = 2 (custom)
2023-10-17 18:54:37,339 [d11f4703-3fdf-44d6-a0a1-43cd820167cb-groupManagement] INFO  server.RaftServerConfigKeys (ConfUtils.java:logGet(46)) - raft.server.log.segment.cache.size.max = 200MB (=209715200) (default)
2023-10-17 18:54:37,339 [d11f4703-3fdf-44d6-a0a1-43cd820167cb-groupManagement] INFO  server.RaftServerConfigKeys (ConfUtils.java:logGet(46)) - raft.server.log.appender.buffer.byte-limit = 33554432 (custom)
2023-10-17 18:54:37,339 [d11f4703-3fdf-44d6-a0a1-43cd820167cb-groupManagement] INFO  segmented.SegmentedRaftLogWorker (SegmentedRaftLogWorker.java:<init>(188)) - new d11f4703-3fdf-44d6-a0a1-43cd820167cb@group-8EBAE61B3D33-SegmentedRaftLogWorker for RaftStorageImpl:Storage Directory /home/runner/work/ozone/ozone/hadoop-ozone/integration-test/target/test-dir/MiniOzoneClusterImpl-6d5b43b8-50d7-4b60-8424-e359ec6f806a/datanode-5/data/ratis/b3266b27-e771-4780-a9e7-8ebae61b3d33
2023-10-17 18:54:37,339 [d11f4703-3fdf-44d6-a0a1-43cd820167cb-groupManagement] INFO  server.RaftServerConfigKeys (ConfUtils.java:logGet(46)) - raft.server.log.queue.byte-limit = 4294967296 (custom)
2023-10-17 18:54:37,339 [d11f4703-3fdf-44d6-a0a1-43cd820167cb-groupManagement] INFO  server.RaftServerConfigKeys (ConfUtils.java:logGet(46)) - raft.server.log.queue.element-limit = 1024 (custom)
2023-10-17 18:54:37,339 [d11f4703-3fdf-44d6-a0a1-43cd820167cb-groupManagement] INFO  server.RaftServerConfigKeys (ConfUtils.java:logGet(46)) - raft.server.log.segment.size.max = 1048576 (custom)
2023-10-17 18:54:37,339 [d11f4703-3fdf-44d6-a0a1-43cd820167cb-groupManagement] INFO  server.RaftServerConfigKeys (ConfUtils.java:logGet(46)) - raft.server.log.preallocated.size = 16384 (custom)
2023-10-17 18:54:37,339 [d11f4703-3fdf-44d6-a0a1-43cd820167cb-groupManagement] INFO  server.RaftServerConfigKeys (ConfUtils.java:logGet(46)) - raft.server.log.force.sync.num = 128 (default)
2023-10-17 18:54:37,340 [d11f4703-3fdf-44d6-a0a1-43cd820167cb-groupManagement] INFO  server.RaftServerConfigKeys (ConfUtils.java:logGet(46)) - raft.server.log.statemachine.data.sync = true (default)
2023-10-17 18:54:37,340 [d11f4703-3fdf-44d6-a0a1-43cd820167cb-groupManagement] INFO  server.RaftServerConfigKeys (ConfUtils.java:logGet(46)) - raft.server.log.statemachine.data.sync.timeout = 10s (default)
2023-10-17 18:54:37,340 [d11f4703-3fdf-44d6-a0a1-43cd820167cb-groupManagement] INFO  server.RaftServerConfigKeys (ConfUtils.java:logGet(46)) - raft.server.log.statemachine.data.sync.timeout.retry = -1 (default)
2023-10-17 18:54:37,341 [d11f4703-3fdf-44d6-a0a1-43cd820167cb-groupManagement] INFO  server.RaftServerConfigKeys (ConfUtils.java:logGet(46)) - raft.server.log.write.buffer.size = 1048576 (custom)
2023-10-17 18:54:37,342 [d11f4703-3fdf-44d6-a0a1-43cd820167cb-groupManagement] INFO  server.RaftServerConfigKeys (ConfUtils.java:logGet(46)) - raft.server.log.appender.buffer.byte-limit = 33554432 (custom)
2023-10-17 18:54:37,351 [d11f4703-3fdf-44d6-a0a1-43cd820167cb-groupManagement] INFO  server.RaftServerConfigKeys (ConfUtils.java:logGet(46)) - raft.server.log.unsafe-flush.enabled = false (default)
2023-10-17 18:54:37,351 [d11f4703-3fdf-44d6-a0a1-43cd820167cb-groupManagement] INFO  server.RaftServerConfigKeys (ConfUtils.java:logGet(46)) - raft.server.log.async-flush.enabled = false (default)
2023-10-17 18:54:37,354 [d11f4703-3fdf-44d6-a0a1-43cd820167cb-groupManagement] INFO  server.RaftServerConfigKeys (ConfUtils.java:logGet(46)) - raft.server.log.statemachine.data.caching.enabled = true (custom)
2023-10-17 18:54:37,355 [d11f4703-3fdf-44d6-a0a1-43cd820167cb-groupManagement] INFO  segmented.SegmentedRaftLogWorker (SegmentedRaftLogWorker.java:lambda$new$0(135)) - d11f4703-3fdf-44d6-a0a1-43cd820167cb@group-8EBAE61B3D33-SegmentedRaftLogWorker: flushIndex: setUnconditionally 0 -> -1
2023-10-17 18:54:37,355 [d11f4703-3fdf-44d6-a0a1-43cd820167cb-groupManagement] INFO  segmented.SegmentedRaftLogWorker (SegmentedRaftLogWorker.java:lambda$new$0(135)) - d11f4703-3fdf-44d6-a0a1-43cd820167cb@group-8EBAE61B3D33-SegmentedRaftLogWorker: safeCacheEvictIndex: setUnconditionally 0 -> -1
2023-10-17 18:54:37,359 [d11f4703-3fdf-44d6-a0a1-43cd820167cb-groupManagement] INFO  server.RaftServer$Division (RaftServerImpl.java:start(342)) - d11f4703-3fdf-44d6-a0a1-43cd820167cb@group-8EBAE61B3D33: start as a follower, conf=-1: peers:[a9a64069-5644-4cd4-ae1b-13efe84d56e4|rpc:10.1.0.79:15050|admin:10.1.0.79:15049|client:10.1.0.79:15048|dataStream:10.1.0.79:15051|priority:1|startupRole:FOLLOWER, d11f4703-3fdf-44d6-a0a1-43cd820167cb|rpc:10.1.0.79:15059|admin:10.1.0.79:15058|client:10.1.0.79:15057|dataStream:10.1.0.79:15060|priority:0|startupRole:FOLLOWER, a546daa4-0106-41e2-a933-0105fc903a66|rpc:10.1.0.79:15041|admin:10.1.0.79:15040|client:10.1.0.79:15039|dataStream:10.1.0.79:15042|priority:0|startupRole:FOLLOWER]|listeners:[], old=null
2023-10-17 18:54:37,359 [d11f4703-3fdf-44d6-a0a1-43cd820167cb-groupManagement] INFO  server.RaftServer$Division (RaftServerImpl.java:setRole(329)) - d11f4703-3fdf-44d6-a0a1-43cd820167cb@group-8EBAE61B3D33: changes role from      null to FOLLOWER at term 0 for startAsFollower
2023-10-17 18:54:37,360 [d11f4703-3fdf-44d6-a0a1-43cd820167cb-groupManagement] INFO  impl.RoleInfo (RoleInfo.java:updateAndGet(139)) - d11f4703-3fdf-44d6-a0a1-43cd820167cb: start d11f4703-3fdf-44d6-a0a1-43cd820167cb@group-8EBAE61B3D33-FollowerState
2023-10-17 18:54:37,362 [d11f4703-3fdf-44d6-a0a1-43cd820167cb-groupManagement] INFO  util.JmxRegister (JmxRegister.java:tryRegister(44)) - Successfully registered JMX Bean with object name Ratis:service=RaftServer,group=group-8EBAE61B3D33,id=d11f4703-3fdf-44d6-a0a1-43cd820167cb
2023-10-17 18:54:37,363 [d11f4703-3fdf-44d6-a0a1-43cd820167cb-groupManagement] INFO  server.RaftServerConfigKeys (ConfUtils.java:logGet(46)) - raft.server.snapshot.auto.trigger.enabled = true (custom)
2023-10-17 18:54:37,363 [d11f4703-3fdf-44d6-a0a1-43cd820167cb-groupManagement] INFO  server.RaftServerConfigKeys (ConfUtils.java:logGet(46)) - raft.server.snapshot.auto.trigger.threshold = 10000 (custom)
2023-10-17 18:54:37,363 [d11f4703-3fdf-44d6-a0a1-43cd820167cb-groupManagement] INFO  server.RaftServerConfigKeys (ConfUtils.java:logGet(46)) - raft.server.snapshot.retention.file.num = 5 (custom)
2023-10-17 18:54:37,363 [d11f4703-3fdf-44d6-a0a1-43cd820167cb-groupManagement] INFO  server.RaftServerConfigKeys (ConfUtils.java:logGet(46)) - raft.server.log.purge.upto.snapshot.index = false (default)
2023-10-17 18:54:37,364 [d11f4703-3fdf-44d6-a0a1-43cd820167cb@group-8EBAE61B3D33-FollowerState] INFO  server.RaftServerConfigKeys (ConfUtils.java:logFallback(53)) - raft.server.rpc.first-election.timeout.min = 5s (fallback to raft.server.rpc.timeout.min)
2023-10-17 18:54:37,366 [PipelineCommandHandlerThread-0] INFO  commandhandler.CreatePipelineCommandHandler (CreatePipelineCommandHandler.java:lambda$handle$2(124)) - Created Pipeline RATIS THREE PipelineID=b3266b27-e771-4780-a9e7-8ebae61b3d33.
2023-10-17 18:54:37,366 [PipelineCommandHandlerThread-0] INFO  server.RaftServer (RaftServerProxy.java:addNew(98)) - a9a64069-5644-4cd4-ae1b-13efe84d56e4: addNew group-56420A7C215A:[a9a64069-5644-4cd4-ae1b-13efe84d56e4|rpc:10.1.0.79:15050|admin:10.1.0.79:15049|client:10.1.0.79:15048|dataStream:10.1.0.79:15051|priority:0|startupRole:FOLLOWER, d11f4703-3fdf-44d6-a0a1-43cd820167cb|rpc:10.1.0.79:15059|admin:10.1.0.79:15058|client:10.1.0.79:15057|dataStream:10.1.0.79:15060|priority:1|startupRole:FOLLOWER, a546daa4-0106-41e2-a933-0105fc903a66|rpc:10.1.0.79:15041|admin:10.1.0.79:15040|client:10.1.0.79:15039|dataStream:10.1.0.79:15042|priority:0|startupRole:FOLLOWER] returns group-56420A7C215A:java.util.concurrent.CompletableFuture@56e4ded3[Not completed]
2023-10-17 18:54:37,367 [a9a64069-5644-4cd4-ae1b-13efe84d56e4-groupManagement] INFO  server.RaftServer$Division (RaftServerImpl.java:<init>(198)) - a9a64069-5644-4cd4-ae1b-13efe84d56e4: new RaftServerImpl for group-56420A7C215A:[a9a64069-5644-4cd4-ae1b-13efe84d56e4|rpc:10.1.0.79:15050|admin:10.1.0.79:15049|client:10.1.0.79:15048|dataStream:10.1.0.79:15051|priority:0|startupRole:FOLLOWER, d11f4703-3fdf-44d6-a0a1-43cd820167cb|rpc:10.1.0.79:15059|admin:10.1.0.79:15058|client:10.1.0.79:15057|dataStream:10.1.0.79:15060|priority:1|startupRole:FOLLOWER, a546daa4-0106-41e2-a933-0105fc903a66|rpc:10.1.0.79:15041|admin:10.1.0.79:15040|client:10.1.0.79:15039|dataStream:10.1.0.79:15042|priority:0|startupRole:FOLLOWER] with ContainerStateMachine:uninitialized
2023-10-17 18:54:37,367 [a9a64069-5644-4cd4-ae1b-13efe84d56e4-groupManagement] INFO  server.RaftServerConfigKeys (ConfUtils.java:logGet(46)) - raft.server.rpc.timeout.min = 5s (custom)
2023-10-17 18:54:37,367 [a9a64069-5644-4cd4-ae1b-13efe84d56e4-groupManagement] INFO  server.RaftServerConfigKeys (ConfUtils.java:logGet(46)) - raft.server.rpc.timeout.max = 5200ms (custom)
2023-10-17 18:54:37,367 [a9a64069-5644-4cd4-ae1b-13efe84d56e4-groupManagement] INFO  server.RaftServerConfigKeys (ConfUtils.java:logGet(46)) - raft.server.rpc.sleep.time = 25ms (default)
2023-10-17 18:54:37,367 [a9a64069-5644-4cd4-ae1b-13efe84d56e4-groupManagement] INFO  server.RaftServerConfigKeys (ConfUtils.java:logGet(46)) - raft.server.rpc.slowness.timeout = 300s (custom)
2023-10-17 18:54:37,368 [a9a64069-5644-4cd4-ae1b-13efe84d56e4-groupManagement] INFO  server.RaftServerConfigKeys (ConfUtils.java:logGet(46)) - raft.server.leaderelection.leader.step-down.wait-time = 10s (default)
2023-10-17 18:54:37,368 [a9a64069-5644-4cd4-ae1b-13efe84d56e4-groupManagement] INFO  server.RaftServerConfigKeys (ConfUtils.java:logGet(46)) - raft.server.sleep.deviation.threshold = 300ms (default)
2023-10-17 18:54:37,368 [a9a64069-5644-4cd4-ae1b-13efe84d56e4-groupManagement] INFO  server.RaftServer$Division (ServerState.java:<init>(120)) - a9a64069-5644-4cd4-ae1b-13efe84d56e4@group-56420A7C215A: ConfigurationManager, init=-1: peers:[a9a64069-5644-4cd4-ae1b-13efe84d56e4|rpc:10.1.0.79:15050|admin:10.1.0.79:15049|client:10.1.0.79:15048|dataStream:10.1.0.79:15051|priority:0|startupRole:FOLLOWER, d11f4703-3fdf-44d6-a0a1-43cd820167cb|rpc:10.1.0.79:15059|admin:10.1.0.79:15058|client:10.1.0.79:15057|dataStream:10.1.0.79:15060|priority:1|startupRole:FOLLOWER, a546daa4-0106-41e2-a933-0105fc903a66|rpc:10.1.0.79:15041|admin:10.1.0.79:15040|client:10.1.0.79:15039|dataStream:10.1.0.79:15042|priority:0|startupRole:FOLLOWER]|listeners:[], old=null, confs=<EMPTY_MAP>
2023-10-17 18:54:37,368 [a9a64069-5644-4cd4-ae1b-13efe84d56e4-groupManagement] INFO  server.RaftServerConfigKeys (ConfUtils.java:logGet(46)) - raft.server.storage.dir = [/home/runner/work/ozone/ozone/hadoop-ozone/integration-test/target/test-dir/MiniOzoneClusterImpl-6d5b43b8-50d7-4b60-8424-e359ec6f806a/datanode-4/data/ratis] (custom)
2023-10-17 18:54:37,368 [a9a64069-5644-4cd4-ae1b-13efe84d56e4-groupManagement] INFO  server.RaftServerConfigKeys (ConfUtils.java:logGet(46)) - raft.server.log.corruption.policy = EXCEPTION (default)
2023-10-17 18:54:37,368 [a9a64069-5644-4cd4-ae1b-13efe84d56e4-groupManagement] INFO  server.RaftServerConfigKeys (ConfUtils.java:logGet(46)) - raft.server.storage.free-space.min = 0MB (=0) (default)
2023-10-17 18:54:37,369 [a9a64069-5644-4cd4-ae1b-13efe84d56e4-groupManagement] INFO  server.RaftServerConfigKeys (ConfUtils.java:logGet(46)) - raft.server.notification.no-leader.timeout = 300s (custom)
2023-10-17 18:54:37,369 [a9a64069-5644-4cd4-ae1b-13efe84d56e4-groupManagement] INFO  server.RaftServerConfigKeys (ConfUtils.java:logGet(46)) - raft.server.read.timeout = 10s (default)
2023-10-17 18:54:37,369 [a9a64069-5644-4cd4-ae1b-13efe84d56e4-groupManagement] INFO  server.RaftServerConfigKeys (ConfUtils.java:logGet(46)) - raft.server.retrycache.expirytime = 600000ms (custom)
2023-10-17 18:54:37,369 [a9a64069-5644-4cd4-ae1b-13efe84d56e4-groupManagement] INFO  server.RaftServerConfigKeys (ConfUtils.java:logGet(46)) - raft.server.retrycache.statistics.expirytime = 100μs (default)
2023-10-17 18:54:37,369 [a9a64069-5644-4cd4-ae1b-13efe84d56e4-groupManagement] INFO  server.RaftServerConfigKeys (ConfUtils.java:logGet(46)) - raft.server.read.option = DEFAULT (default)
2023-10-17 18:54:37,370 [a9a64069-5644-4cd4-ae1b-13efe84d56e4-groupManagement] INFO  server.RaftServerConfigKeys (ConfUtils.java:logGet(46)) - raft.server.rpc.request.timeout = 60s (custom)
2023-10-17 18:54:37,370 [a9a64069-5644-4cd4-ae1b-13efe84d56e4-groupManagement] INFO  server.RaftServerConfigKeys (ConfUtils.java:logGet(46)) - raft.server.log.appender.install.snapshot.enabled = false (custom)
2023-10-17 18:54:37,370 [a9a64069-5644-4cd4-ae1b-13efe84d56e4-groupManagement] INFO  server.RaftServerConfigKeys (ConfUtils.java:logGet(46)) - raft.server.threadpool.server.cached = true (default)
2023-10-17 18:54:37,370 [a9a64069-5644-4cd4-ae1b-13efe84d56e4-groupManagement] INFO  server.RaftServerConfigKeys (ConfUtils.java:logGet(46)) - raft.server.threadpool.server.size = 0 (default)
2023-10-17 18:54:37,370 [a9a64069-5644-4cd4-ae1b-13efe84d56e4-groupManagement] INFO  server.RaftServerConfigKeys (ConfUtils.java:logGet(46)) - raft.server.threadpool.client.cached = true (default)
2023-10-17 18:54:37,370 [a9a64069-5644-4cd4-ae1b-13efe84d56e4-groupManagement] INFO  server.RaftServerConfigKeys (ConfUtils.java:logGet(46)) - raft.server.threadpool.client.size = 0 (default)
2023-10-17 18:54:37,370 [a9a64069-5644-4cd4-ae1b-13efe84d56e4-groupManagement] INFO  storage.RaftStorageDirectory (RaftStorageDirectoryImpl.java:analyzeStorage(137)) - The storage directory /home/runner/work/ozone/ozone/hadoop-ozone/integration-test/target/test-dir/MiniOzoneClusterImpl-6d5b43b8-50d7-4b60-8424-e359ec6f806a/datanode-4/data/ratis/4a5d2cf1-d5b8-4acc-8b67-56420a7c215a does not exist. Creating ...
2023-10-17 18:54:37,371 [d11f4703-3fdf-44d6-a0a1-43cd820167cb@group-8EBAE61B3D33-FollowerState] INFO  server.RaftServerConfigKeys (ConfUtils.java:logFallback(53)) - raft.server.rpc.first-election.timeout.max = 5200ms (fallback to raft.server.rpc.timeout.max)
2023-10-17 18:54:37,374 [a9a64069-5644-4cd4-ae1b-13efe84d56e4-groupManagement] INFO  storage.RaftStorageDirectory (RaftStorageDirectoryImpl.java:tryLock(231)) - Lock on /home/runner/work/ozone/ozone/hadoop-ozone/integration-test/target/test-dir/MiniOzoneClusterImpl-6d5b43b8-50d7-4b60-8424-e359ec6f806a/datanode-4/data/ratis/4a5d2cf1-d5b8-4acc-8b67-56420a7c215a/in_use.lock acquired by nodename 97056@fv-az82-357
2023-10-17 18:54:37,376 [a9a64069-5644-4cd4-ae1b-13efe84d56e4-groupManagement] INFO  storage.RaftStorage (RaftStorageImpl.java:format(96)) - Storage directory /home/runner/work/ozone/ozone/hadoop-ozone/integration-test/target/test-dir/MiniOzoneClusterImpl-6d5b43b8-50d7-4b60-8424-e359ec6f806a/datanode-4/data/ratis/4a5d2cf1-d5b8-4acc-8b67-56420a7c215a has been successfully formatted.
2023-10-17 18:54:37,379 [EventQueue-OpenPipelineForHealthyPipelineSafeModeRule] INFO  safemode.SCMSafeModeManager (HealthyPipelineSafeModeRule.java:process(137)) - SCM in safe mode. Healthy pipelines reported count is 0, required healthy pipeline reported count is 1
2023-10-17 18:54:37,380 [a9a64069-5644-4cd4-ae1b-13efe84d56e4-groupManagement] INFO  ratis.ContainerStateMachine (ContainerStateMachine.java:loadSnapshot(262)) - group-56420A7C215A: The snapshot info is null. Setting the last applied indexto:(t:0, i:~)
2023-10-17 18:54:37,380 [a9a64069-5644-4cd4-ae1b-13efe84d56e4-groupManagement] INFO  server.RaftServerConfigKeys (ConfUtils.java:logGet(46)) - raft.server.log.use.memory = false (default)
2023-10-17 18:54:37,381 [a9a64069-5644-4cd4-ae1b-13efe84d56e4-groupManagement] INFO  server.RaftServerConfigKeys (ConfUtils.java:logGet(46)) - raft.server.log.purge.gap = 1000000 (custom)
2023-10-17 18:54:37,382 [a9a64069-5644-4cd4-ae1b-13efe84d56e4-groupManagement] INFO  server.RaftServerConfigKeys (ConfUtils.java:logGet(46)) - raft.server.log.appender.buffer.byte-limit = 33554432 (custom)
2023-10-17 18:54:37,382 [a9a64069-5644-4cd4-ae1b-13efe84d56e4-groupManagement] INFO  server.RaftServerConfigKeys (ConfUtils.java:logGet(46)) - raft.server.log.statemachine.data.read.timeout = 1000ms (default)
2023-10-17 18:54:37,382 [a9a64069-5644-4cd4-ae1b-13efe84d56e4-groupManagement] INFO  server.RaftServerConfigKeys (ConfUtils.java:logGet(46)) - raft.server.log.purge.preservation.log.num = 0 (default)
2023-10-17 18:54:37,382 [a9a64069-5644-4cd4-ae1b-13efe84d56e4-groupManagement] INFO  server.RaftServerConfigKeys (ConfUtils.java:logGet(46)) - raft.server.log.segment.size.max = 1048576 (custom)
2023-10-17 18:54:37,389 [main] INFO  ozone.MiniOzoneClusterImpl (MiniOzoneClusterImpl.java:lambda$waitForClusterToBeReady$0(229)) - Nodes are ready. Got 10 of 10 DN Heartbeats.
2023-10-17 18:54:37,389 [main] INFO  ozone.MiniOzoneClusterImpl (MiniOzoneClusterImpl.java:lambda$waitForClusterToBeReady$0(232)) - Waiting for cluster to exit safe mode
2023-10-17 18:54:37,389 [main] INFO  ozone.MiniOzoneClusterImpl (MiniOzoneClusterImpl.java:lambda$waitForClusterToBeReady$0(234)) - SCM became leader
2023-10-17 18:54:37,391 [a9a64069-5644-4cd4-ae1b-13efe84d56e4-groupManagement] INFO  server.RaftServerConfigKeys (ConfUtils.java:logGet(46)) - raft.server.log.segment.cache.num.max = 2 (custom)
2023-10-17 18:54:37,392 [a9a64069-5644-4cd4-ae1b-13efe84d56e4-groupManagement] INFO  server.RaftServerConfigKeys (ConfUtils.java:logGet(46)) - raft.server.log.segment.cache.size.max = 200MB (=209715200) (default)
2023-10-17 18:54:37,392 [a9a64069-5644-4cd4-ae1b-13efe84d56e4-groupManagement] INFO  server.RaftServerConfigKeys (ConfUtils.java:logGet(46)) - raft.server.log.appender.buffer.byte-limit = 33554432 (custom)
2023-10-17 18:54:37,392 [a9a64069-5644-4cd4-ae1b-13efe84d56e4-groupManagement] INFO  segmented.SegmentedRaftLogWorker (SegmentedRaftLogWorker.java:<init>(188)) - new a9a64069-5644-4cd4-ae1b-13efe84d56e4@group-56420A7C215A-SegmentedRaftLogWorker for RaftStorageImpl:Storage Directory /home/runner/work/ozone/ozone/hadoop-ozone/integration-test/target/test-dir/MiniOzoneClusterImpl-6d5b43b8-50d7-4b60-8424-e359ec6f806a/datanode-4/data/ratis/4a5d2cf1-d5b8-4acc-8b67-56420a7c215a
2023-10-17 18:54:37,392 [a9a64069-5644-4cd4-ae1b-13efe84d56e4-groupManagement] INFO  server.RaftServerConfigKeys (ConfUtils.java:logGet(46)) - raft.server.log.queue.byte-limit = 4294967296 (custom)
2023-10-17 18:54:37,392 [a9a64069-5644-4cd4-ae1b-13efe84d56e4-groupManagement] INFO  server.RaftServerConfigKeys (ConfUtils.java:logGet(46)) - raft.server.log.queue.element-limit = 1024 (custom)
2023-10-17 18:54:37,392 [a9a64069-5644-4cd4-ae1b-13efe84d56e4-groupManagement] INFO  server.RaftServerConfigKeys (ConfUtils.java:logGet(46)) - raft.server.log.segment.size.max = 1048576 (custom)
2023-10-17 18:54:37,393 [a9a64069-5644-4cd4-ae1b-13efe84d56e4-groupManagement] INFO  server.RaftServerConfigKeys (ConfUtils.java:logGet(46)) - raft.server.log.preallocated.size = 16384 (custom)
2023-10-17 18:54:37,394 [a9a64069-5644-4cd4-ae1b-13efe84d56e4-groupManagement] INFO  server.RaftServerConfigKeys (ConfUtils.java:logGet(46)) - raft.server.log.force.sync.num = 128 (default)
2023-10-17 18:54:37,394 [a9a64069-5644-4cd4-ae1b-13efe84d56e4-groupManagement] INFO  server.RaftServerConfigKeys (ConfUtils.java:logGet(46)) - raft.server.log.statemachine.data.sync = true (default)
2023-10-17 18:54:37,394 [a9a64069-5644-4cd4-ae1b-13efe84d56e4-groupManagement] INFO  server.RaftServerConfigKeys (ConfUtils.java:logGet(46)) - raft.server.log.statemachine.data.sync.timeout = 10s (default)
2023-10-17 18:54:37,395 [a9a64069-5644-4cd4-ae1b-13efe84d56e4-groupManagement] INFO  server.RaftServerConfigKeys (ConfUtils.java:logGet(46)) - raft.server.log.statemachine.data.sync.timeout.retry = -1 (default)
2023-10-17 18:54:37,408 [a9a64069-5644-4cd4-ae1b-13efe84d56e4-groupManagement] INFO  server.RaftServerConfigKeys (ConfUtils.java:logGet(46)) - raft.server.log.write.buffer.size = 1048576 (custom)
2023-10-17 18:54:37,409 [PipelineCommandHandlerThread-0] INFO  commandhandler.CreatePipelineCommandHandler (CreatePipelineCommandHandler.java:lambda$handle$2(124)) - Created Pipeline RATIS THREE PipelineID=b3266b27-e771-4780-a9e7-8ebae61b3d33.
2023-10-17 18:54:37,409 [PipelineCommandHandlerThread-0] INFO  server.RaftServer (RaftServerProxy.java:addNew(98)) - a546daa4-0106-41e2-a933-0105fc903a66: addNew group-56420A7C215A:[a9a64069-5644-4cd4-ae1b-13efe84d56e4|rpc:10.1.0.79:15050|admin:10.1.0.79:15049|client:10.1.0.79:15048|dataStream:10.1.0.79:15051|priority:0|startupRole:FOLLOWER, d11f4703-3fdf-44d6-a0a1-43cd820167cb|rpc:10.1.0.79:15059|admin:10.1.0.79:15058|client:10.1.0.79:15057|dataStream:10.1.0.79:15060|priority:1|startupRole:FOLLOWER, a546daa4-0106-41e2-a933-0105fc903a66|rpc:10.1.0.79:15041|admin:10.1.0.79:15040|client:10.1.0.79:15039|dataStream:10.1.0.79:15042|priority:0|startupRole:FOLLOWER] returns group-56420A7C215A:java.util.concurrent.CompletableFuture@24df2f08[Not completed]
2023-10-17 18:54:37,410 [a546daa4-0106-41e2-a933-0105fc903a66-groupManagement] INFO  server.RaftServer$Division (RaftServerImpl.java:<init>(198)) - a546daa4-0106-41e2-a933-0105fc903a66: new RaftServerImpl for group-56420A7C215A:[a9a64069-5644-4cd4-ae1b-13efe84d56e4|rpc:10.1.0.79:15050|admin:10.1.0.79:15049|client:10.1.0.79:15048|dataStream:10.1.0.79:15051|priority:0|startupRole:FOLLOWER, d11f4703-3fdf-44d6-a0a1-43cd820167cb|rpc:10.1.0.79:15059|admin:10.1.0.79:15058|client:10.1.0.79:15057|dataStream:10.1.0.79:15060|priority:1|startupRole:FOLLOWER, a546daa4-0106-41e2-a933-0105fc903a66|rpc:10.1.0.79:15041|admin:10.1.0.79:15040|client:10.1.0.79:15039|dataStream:10.1.0.79:15042|priority:0|startupRole:FOLLOWER] with ContainerStateMachine:uninitialized
2023-10-17 18:54:37,410 [a546daa4-0106-41e2-a933-0105fc903a66-groupManagement] INFO  server.RaftServerConfigKeys (ConfUtils.java:logGet(46)) - raft.server.rpc.timeout.min = 5s (custom)
2023-10-17 18:54:37,410 [a546daa4-0106-41e2-a933-0105fc903a66-groupManagement] INFO  server.RaftServerConfigKeys (ConfUtils.java:logGet(46)) - raft.server.rpc.timeout.max = 5200ms (custom)
2023-10-17 18:54:37,410 [a546daa4-0106-41e2-a933-0105fc903a66-groupManagement] INFO  server.RaftServerConfigKeys (ConfUtils.java:logGet(46)) - raft.server.rpc.sleep.time = 25ms (default)
2023-10-17 18:54:37,411 [a546daa4-0106-41e2-a933-0105fc903a66-groupManagement] INFO  server.RaftServerConfigKeys (ConfUtils.java:logGet(46)) - raft.server.rpc.slowness.timeout = 300s (custom)
2023-10-17 18:54:37,411 [a546daa4-0106-41e2-a933-0105fc903a66-groupManagement] INFO  server.RaftServerConfigKeys (ConfUtils.java:logGet(46)) - raft.server.leaderelection.leader.step-down.wait-time = 10s (default)
2023-10-17 18:54:37,411 [a546daa4-0106-41e2-a933-0105fc903a66-groupManagement] INFO  server.RaftServerConfigKeys (ConfUtils.java:logGet(46)) - raft.server.sleep.deviation.threshold = 300ms (default)
2023-10-17 18:54:37,411 [a546daa4-0106-41e2-a933-0105fc903a66-groupManagement] INFO  server.RaftServer$Division (ServerState.java:<init>(120)) - a546daa4-0106-41e2-a933-0105fc903a66@group-56420A7C215A: ConfigurationManager, init=-1: peers:[a9a64069-5644-4cd4-ae1b-13efe84d56e4|rpc:10.1.0.79:15050|admin:10.1.0.79:15049|client:10.1.0.79:15048|dataStream:10.1.0.79:15051|priority:0|startupRole:FOLLOWER, d11f4703-3fdf-44d6-a0a1-43cd820167cb|rpc:10.1.0.79:15059|admin:10.1.0.79:15058|client:10.1.0.79:15057|dataStream:10.1.0.79:15060|priority:1|startupRole:FOLLOWER, a546daa4-0106-41e2-a933-0105fc903a66|rpc:10.1.0.79:15041|admin:10.1.0.79:15040|client:10.1.0.79:15039|dataStream:10.1.0.79:15042|priority:0|startupRole:FOLLOWER]|listeners:[], old=null, confs=<EMPTY_MAP>
2023-10-17 18:54:37,411 [a546daa4-0106-41e2-a933-0105fc903a66-groupManagement] INFO  server.RaftServerConfigKeys (ConfUtils.java:logGet(46)) - raft.server.storage.dir = [/home/runner/work/ozone/ozone/hadoop-ozone/integration-test/target/test-dir/MiniOzoneClusterImpl-6d5b43b8-50d7-4b60-8424-e359ec6f806a/datanode-3/data/ratis] (custom)
2023-10-17 18:54:37,411 [a546daa4-0106-41e2-a933-0105fc903a66-groupManagement] INFO  server.RaftServerConfigKeys (ConfUtils.java:logGet(46)) - raft.server.log.corruption.policy = EXCEPTION (default)
2023-10-17 18:54:37,411 [a546daa4-0106-41e2-a933-0105fc903a66-groupManagement] INFO  server.RaftServerConfigKeys (ConfUtils.java:logGet(46)) - raft.server.storage.free-space.min = 0MB (=0) (default)
2023-10-17 18:54:37,411 [a546daa4-0106-41e2-a933-0105fc903a66-groupManagement] INFO  server.RaftServerConfigKeys (ConfUtils.java:logGet(46)) - raft.server.notification.no-leader.timeout = 300s (custom)
2023-10-17 18:54:37,411 [a546daa4-0106-41e2-a933-0105fc903a66-groupManagement] INFO  server.RaftServerConfigKeys (ConfUtils.java:logGet(46)) - raft.server.read.timeout = 10s (default)
2023-10-17 18:54:37,411 [a546daa4-0106-41e2-a933-0105fc903a66-groupManagement] INFO  server.RaftServerConfigKeys (ConfUtils.java:logGet(46)) - raft.server.retrycache.expirytime = 600000ms (custom)
2023-10-17 18:54:37,411 [a546daa4-0106-41e2-a933-0105fc903a66-groupManagement] INFO  server.RaftServerConfigKeys (ConfUtils.java:logGet(46)) - raft.server.retrycache.statistics.expirytime = 100μs (default)
2023-10-17 18:54:37,411 [a546daa4-0106-41e2-a933-0105fc903a66-groupManagement] INFO  server.RaftServerConfigKeys (ConfUtils.java:logGet(46)) - raft.server.read.option = DEFAULT (default)
2023-10-17 18:54:37,414 [a546daa4-0106-41e2-a933-0105fc903a66-groupManagement] INFO  server.RaftServerConfigKeys (ConfUtils.java:logGet(46)) - raft.server.rpc.request.timeout = 60s (custom)
2023-10-17 18:54:37,414 [a546daa4-0106-41e2-a933-0105fc903a66-groupManagement] INFO  server.RaftServerConfigKeys (ConfUtils.java:logGet(46)) - raft.server.log.appender.install.snapshot.enabled = false (custom)
2023-10-17 18:54:37,414 [a546daa4-0106-41e2-a933-0105fc903a66-groupManagement] INFO  server.RaftServerConfigKeys (ConfUtils.java:logGet(46)) - raft.server.threadpool.server.cached = true (default)
2023-10-17 18:54:37,414 [a546daa4-0106-41e2-a933-0105fc903a66-groupManagement] INFO  server.RaftServerConfigKeys (ConfUtils.java:logGet(46)) - raft.server.threadpool.server.size = 0 (default)
2023-10-17 18:54:37,414 [a546daa4-0106-41e2-a933-0105fc903a66-groupManagement] INFO  server.RaftServerConfigKeys (ConfUtils.java:logGet(46)) - raft.server.threadpool.client.cached = true (default)
2023-10-17 18:54:37,414 [a546daa4-0106-41e2-a933-0105fc903a66-groupManagement] INFO  server.RaftServerConfigKeys (ConfUtils.java:logGet(46)) - raft.server.threadpool.client.size = 0 (default)
2023-10-17 18:54:37,415 [a546daa4-0106-41e2-a933-0105fc903a66-groupManagement] INFO  storage.RaftStorageDirectory (RaftStorageDirectoryImpl.java:analyzeStorage(137)) - The storage directory /home/runner/work/ozone/ozone/hadoop-ozone/integration-test/target/test-dir/MiniOzoneClusterImpl-6d5b43b8-50d7-4b60-8424-e359ec6f806a/datanode-3/data/ratis/4a5d2cf1-d5b8-4acc-8b67-56420a7c215a does not exist. Creating ...
2023-10-17 18:54:37,416 [a546daa4-0106-41e2-a933-0105fc903a66-groupManagement] INFO  storage.RaftStorageDirectory (RaftStorageDirectoryImpl.java:tryLock(231)) - Lock on /home/runner/work/ozone/ozone/hadoop-ozone/integration-test/target/test-dir/MiniOzoneClusterImpl-6d5b43b8-50d7-4b60-8424-e359ec6f806a/datanode-3/data/ratis/4a5d2cf1-d5b8-4acc-8b67-56420a7c215a/in_use.lock acquired by nodename 97056@fv-az82-357
2023-10-17 18:54:37,417 [a9a64069-5644-4cd4-ae1b-13efe84d56e4-groupManagement] INFO  server.RaftServerConfigKeys (ConfUtils.java:logGet(46)) - raft.server.log.appender.buffer.byte-limit = 33554432 (custom)
2023-10-17 18:54:37,418 [a546daa4-0106-41e2-a933-0105fc903a66-groupManagement] INFO  storage.RaftStorage (RaftStorageImpl.java:format(96)) - Storage directory /home/runner/work/ozone/ozone/hadoop-ozone/integration-test/target/test-dir/MiniOzoneClusterImpl-6d5b43b8-50d7-4b60-8424-e359ec6f806a/datanode-3/data/ratis/4a5d2cf1-d5b8-4acc-8b67-56420a7c215a has been successfully formatted.
2023-10-17 18:54:37,421 [a546daa4-0106-41e2-a933-0105fc903a66-groupManagement] INFO  ratis.ContainerStateMachine (ContainerStateMachine.java:loadSnapshot(262)) - group-56420A7C215A: The snapshot info is null. Setting the last applied indexto:(t:0, i:~)
2023-10-17 18:54:37,422 [EventQueue-OpenPipelineForHealthyPipelineSafeModeRule] INFO  safemode.SCMSafeModeManager (HealthyPipelineSafeModeRule.java:process(137)) - SCM in safe mode. Healthy pipelines reported count is 0, required healthy pipeline reported count is 1
2023-10-17 18:54:37,422 [a546daa4-0106-41e2-a933-0105fc903a66-groupManagement] INFO  server.RaftServerConfigKeys (ConfUtils.java:logGet(46)) - raft.server.log.use.memory = false (default)
2023-10-17 18:54:37,423 [a546daa4-0106-41e2-a933-0105fc903a66-groupManagement] INFO  server.RaftServerConfigKeys (ConfUtils.java:logGet(46)) - raft.server.log.purge.gap = 1000000 (custom)
2023-10-17 18:54:37,423 [a546daa4-0106-41e2-a933-0105fc903a66-groupManagement] INFO  server.RaftServerConfigKeys (ConfUtils.java:logGet(46)) - raft.server.log.appender.buffer.byte-limit = 33554432 (custom)
2023-10-17 18:54:37,423 [a546daa4-0106-41e2-a933-0105fc903a66-groupManagement] INFO  server.RaftServerConfigKeys (ConfUtils.java:logGet(46)) - raft.server.log.statemachine.data.read.timeout = 1000ms (default)
2023-10-17 18:54:37,423 [a546daa4-0106-41e2-a933-0105fc903a66-groupManagement] INFO  server.RaftServerConfigKeys (ConfUtils.java:logGet(46)) - raft.server.log.purge.preservation.log.num = 0 (default)
2023-10-17 18:54:37,423 [a546daa4-0106-41e2-a933-0105fc903a66-groupManagement] INFO  server.RaftServerConfigKeys (ConfUtils.java:logGet(46)) - raft.server.log.segment.size.max = 1048576 (custom)
2023-10-17 18:54:37,424 [a546daa4-0106-41e2-a933-0105fc903a66-groupManagement] INFO  server.RaftServerConfigKeys (ConfUtils.java:logGet(46)) - raft.server.log.segment.cache.num.max = 2 (custom)
2023-10-17 18:54:37,424 [a546daa4-0106-41e2-a933-0105fc903a66-groupManagement] INFO  server.RaftServerConfigKeys (ConfUtils.java:logGet(46)) - raft.server.log.segment.cache.size.max = 200MB (=209715200) (default)
2023-10-17 18:54:37,424 [a546daa4-0106-41e2-a933-0105fc903a66-groupManagement] INFO  server.RaftServerConfigKeys (ConfUtils.java:logGet(46)) - raft.server.log.appender.buffer.byte-limit = 33554432 (custom)
2023-10-17 18:54:37,424 [a546daa4-0106-41e2-a933-0105fc903a66-groupManagement] INFO  segmented.SegmentedRaftLogWorker (SegmentedRaftLogWorker.java:<init>(188)) - new a546daa4-0106-41e2-a933-0105fc903a66@group-56420A7C215A-SegmentedRaftLogWorker for RaftStorageImpl:Storage Directory /home/runner/work/ozone/ozone/hadoop-ozone/integration-test/target/test-dir/MiniOzoneClusterImpl-6d5b43b8-50d7-4b60-8424-e359ec6f806a/datanode-3/data/ratis/4a5d2cf1-d5b8-4acc-8b67-56420a7c215a
2023-10-17 18:54:37,424 [a546daa4-0106-41e2-a933-0105fc903a66-groupManagement] INFO  server.RaftServerConfigKeys (ConfUtils.java:logGet(46)) - raft.server.log.queue.byte-limit = 4294967296 (custom)
2023-10-17 18:54:37,424 [a546daa4-0106-41e2-a933-0105fc903a66-groupManagement] INFO  server.RaftServerConfigKeys (ConfUtils.java:logGet(46)) - raft.server.log.queue.element-limit = 1024 (custom)
2023-10-17 18:54:37,424 [a546daa4-0106-41e2-a933-0105fc903a66-groupManagement] INFO  server.RaftServerConfigKeys (ConfUtils.java:logGet(46)) - raft.server.log.segment.size.max = 1048576 (custom)
2023-10-17 18:54:37,424 [a546daa4-0106-41e2-a933-0105fc903a66-groupManagement] INFO  server.RaftServerConfigKeys (ConfUtils.java:logGet(46)) - raft.server.log.preallocated.size = 16384 (custom)
2023-10-17 18:54:37,424 [a546daa4-0106-41e2-a933-0105fc903a66-groupManagement] INFO  server.RaftServerConfigKeys (ConfUtils.java:logGet(46)) - raft.server.log.force.sync.num = 128 (default)
2023-10-17 18:54:37,424 [a546daa4-0106-41e2-a933-0105fc903a66-groupManagement] INFO  server.RaftServerConfigKeys (ConfUtils.java:logGet(46)) - raft.server.log.statemachine.data.sync = true (default)
2023-10-17 18:54:37,424 [a546daa4-0106-41e2-a933-0105fc903a66-groupManagement] INFO  server.RaftServerConfigKeys (ConfUtils.java:logGet(46)) - raft.server.log.statemachine.data.sync.timeout = 10s (default)
2023-10-17 18:54:37,424 [a546daa4-0106-41e2-a933-0105fc903a66-groupManagement] INFO  server.RaftServerConfigKeys (ConfUtils.java:logGet(46)) - raft.server.log.statemachine.data.sync.timeout.retry = -1 (default)
2023-10-17 18:54:37,425 [a546daa4-0106-41e2-a933-0105fc903a66-groupManagement] INFO  server.RaftServerConfigKeys (ConfUtils.java:logGet(46)) - raft.server.log.write.buffer.size = 1048576 (custom)
2023-10-17 18:54:37,425 [a546daa4-0106-41e2-a933-0105fc903a66-groupManagement] INFO  server.RaftServerConfigKeys (ConfUtils.java:logGet(46)) - raft.server.log.appender.buffer.byte-limit = 33554432 (custom)
2023-10-17 18:54:37,431 [a9a64069-5644-4cd4-ae1b-13efe84d56e4-groupManagement] INFO  server.RaftServerConfigKeys (ConfUtils.java:logGet(46)) - raft.server.log.unsafe-flush.enabled = false (default)
2023-10-17 18:54:37,432 [a9a64069-5644-4cd4-ae1b-13efe84d56e4-groupManagement] INFO  server.RaftServerConfigKeys (ConfUtils.java:logGet(46)) - raft.server.log.async-flush.enabled = false (default)
2023-10-17 18:54:37,432 [a9a64069-5644-4cd4-ae1b-13efe84d56e4-groupManagement] INFO  server.RaftServerConfigKeys (ConfUtils.java:logGet(46)) - raft.server.log.statemachine.data.caching.enabled = true (custom)
2023-10-17 18:54:37,432 [a9a64069-5644-4cd4-ae1b-13efe84d56e4-groupManagement] INFO  segmented.SegmentedRaftLogWorker (SegmentedRaftLogWorker.java:lambda$new$0(135)) - a9a64069-5644-4cd4-ae1b-13efe84d56e4@group-56420A7C215A-SegmentedRaftLogWorker: flushIndex: setUnconditionally 0 -> -1
2023-10-17 18:54:37,432 [a9a64069-5644-4cd4-ae1b-13efe84d56e4-groupManagement] INFO  segmented.SegmentedRaftLogWorker (SegmentedRaftLogWorker.java:lambda$new$0(135)) - a9a64069-5644-4cd4-ae1b-13efe84d56e4@group-56420A7C215A-SegmentedRaftLogWorker: safeCacheEvictIndex: setUnconditionally 0 -> -1
2023-10-17 18:54:37,434 [a546daa4-0106-41e2-a933-0105fc903a66-groupManagement] INFO  server.RaftServerConfigKeys (ConfUtils.java:logGet(46)) - raft.server.log.unsafe-flush.enabled = false (default)
2023-10-17 18:54:37,434 [a546daa4-0106-41e2-a933-0105fc903a66-groupManagement] INFO  server.RaftServerConfigKeys (ConfUtils.java:logGet(46)) - raft.server.log.async-flush.enabled = false (default)
2023-10-17 18:54:37,434 [a546daa4-0106-41e2-a933-0105fc903a66-groupManagement] INFO  server.RaftServerConfigKeys (ConfUtils.java:logGet(46)) - raft.server.log.statemachine.data.caching.enabled = true (custom)
2023-10-17 18:54:37,435 [a546daa4-0106-41e2-a933-0105fc903a66-groupManagement] INFO  segmented.SegmentedRaftLogWorker (SegmentedRaftLogWorker.java:lambda$new$0(135)) - a546daa4-0106-41e2-a933-0105fc903a66@group-56420A7C215A-SegmentedRaftLogWorker: flushIndex: setUnconditionally 0 -> -1
2023-10-17 18:54:37,435 [a546daa4-0106-41e2-a933-0105fc903a66-groupManagement] INFO  segmented.SegmentedRaftLogWorker (SegmentedRaftLogWorker.java:lambda$new$0(135)) - a546daa4-0106-41e2-a933-0105fc903a66@group-56420A7C215A-SegmentedRaftLogWorker: safeCacheEvictIndex: setUnconditionally 0 -> -1
2023-10-17 18:54:37,435 [a9a64069-5644-4cd4-ae1b-13efe84d56e4-groupManagement] INFO  server.RaftServer$Division (RaftServerImpl.java:start(342)) - a9a64069-5644-4cd4-ae1b-13efe84d56e4@group-56420A7C215A: start as a follower, conf=-1: peers:[a9a64069-5644-4cd4-ae1b-13efe84d56e4|rpc:10.1.0.79:15050|admin:10.1.0.79:15049|client:10.1.0.79:15048|dataStream:10.1.0.79:15051|priority:0|startupRole:FOLLOWER, d11f4703-3fdf-44d6-a0a1-43cd820167cb|rpc:10.1.0.79:15059|admin:10.1.0.79:15058|client:10.1.0.79:15057|dataStream:10.1.0.79:15060|priority:1|startupRole:FOLLOWER, a546daa4-0106-41e2-a933-0105fc903a66|rpc:10.1.0.79:15041|admin:10.1.0.79:15040|client:10.1.0.79:15039|dataStream:10.1.0.79:15042|priority:0|startupRole:FOLLOWER]|listeners:[], old=null
2023-10-17 18:54:37,435 [a9a64069-5644-4cd4-ae1b-13efe84d56e4-groupManagement] INFO  server.RaftServer$Division (RaftServerImpl.java:setRole(329)) - a9a64069-5644-4cd4-ae1b-13efe84d56e4@group-56420A7C215A: changes role from      null to FOLLOWER at term 0 for startAsFollower
2023-10-17 18:54:37,435 [a9a64069-5644-4cd4-ae1b-13efe84d56e4-groupManagement] INFO  impl.RoleInfo (RoleInfo.java:updateAndGet(139)) - a9a64069-5644-4cd4-ae1b-13efe84d56e4: start a9a64069-5644-4cd4-ae1b-13efe84d56e4@group-56420A7C215A-FollowerState
2023-10-17 18:54:37,435 [a9a64069-5644-4cd4-ae1b-13efe84d56e4@group-56420A7C215A-FollowerState] INFO  server.RaftServerConfigKeys (ConfUtils.java:logFallback(53)) - raft.server.rpc.first-election.timeout.min = 5s (fallback to raft.server.rpc.timeout.min)
2023-10-17 18:54:37,435 [a9a64069-5644-4cd4-ae1b-13efe84d56e4-groupManagement] INFO  util.JmxRegister (JmxRegister.java:tryRegister(44)) - Successfully registered JMX Bean with object name Ratis:service=RaftServer,group=group-56420A7C215A,id=a9a64069-5644-4cd4-ae1b-13efe84d56e4
2023-10-17 18:54:37,436 [a9a64069-5644-4cd4-ae1b-13efe84d56e4-groupManagement] INFO  server.RaftServerConfigKeys (ConfUtils.java:logGet(46)) - raft.server.snapshot.auto.trigger.enabled = true (custom)
2023-10-17 18:54:37,436 [a9a64069-5644-4cd4-ae1b-13efe84d56e4-groupManagement] INFO  server.RaftServerConfigKeys (ConfUtils.java:logGet(46)) - raft.server.snapshot.auto.trigger.threshold = 10000 (custom)
2023-10-17 18:54:37,436 [a9a64069-5644-4cd4-ae1b-13efe84d56e4-groupManagement] INFO  server.RaftServerConfigKeys (ConfUtils.java:logGet(46)) - raft.server.snapshot.retention.file.num = 5 (custom)
2023-10-17 18:54:37,436 [a9a64069-5644-4cd4-ae1b-13efe84d56e4-groupManagement] INFO  server.RaftServerConfigKeys (ConfUtils.java:logGet(46)) - raft.server.log.purge.upto.snapshot.index = false (default)
2023-10-17 18:54:37,437 [a546daa4-0106-41e2-a933-0105fc903a66-groupManagement] INFO  server.RaftServer$Division (RaftServerImpl.java:start(342)) - a546daa4-0106-41e2-a933-0105fc903a66@group-56420A7C215A: start as a follower, conf=-1: peers:[a9a64069-5644-4cd4-ae1b-13efe84d56e4|rpc:10.1.0.79:15050|admin:10.1.0.79:15049|client:10.1.0.79:15048|dataStream:10.1.0.79:15051|priority:0|startupRole:FOLLOWER, d11f4703-3fdf-44d6-a0a1-43cd820167cb|rpc:10.1.0.79:15059|admin:10.1.0.79:15058|client:10.1.0.79:15057|dataStream:10.1.0.79:15060|priority:1|startupRole:FOLLOWER, a546daa4-0106-41e2-a933-0105fc903a66|rpc:10.1.0.79:15041|admin:10.1.0.79:15040|client:10.1.0.79:15039|dataStream:10.1.0.79:15042|priority:0|startupRole:FOLLOWER]|listeners:[], old=null
2023-10-17 18:54:37,437 [a546daa4-0106-41e2-a933-0105fc903a66-groupManagement] INFO  server.RaftServer$Division (RaftServerImpl.java:setRole(329)) - a546daa4-0106-41e2-a933-0105fc903a66@group-56420A7C215A: changes role from      null to FOLLOWER at term 0 for startAsFollower
2023-10-17 18:54:37,437 [a546daa4-0106-41e2-a933-0105fc903a66-groupManagement] INFO  impl.RoleInfo (RoleInfo.java:updateAndGet(139)) - a546daa4-0106-41e2-a933-0105fc903a66: start a546daa4-0106-41e2-a933-0105fc903a66@group-56420A7C215A-FollowerState
2023-10-17 18:54:37,437 [a546daa4-0106-41e2-a933-0105fc903a66-groupManagement] INFO  util.JmxRegister (JmxRegister.java:tryRegister(44)) - Successfully registered JMX Bean with object name Ratis:service=RaftServer,group=group-56420A7C215A,id=a546daa4-0106-41e2-a933-0105fc903a66
2023-10-17 18:54:37,437 [a546daa4-0106-41e2-a933-0105fc903a66-groupManagement] INFO  server.RaftServerConfigKeys (ConfUtils.java:logGet(46)) - raft.server.snapshot.auto.trigger.enabled = true (custom)
2023-10-17 18:54:37,438 [a546daa4-0106-41e2-a933-0105fc903a66-groupManagement] INFO  server.RaftServerConfigKeys (ConfUtils.java:logGet(46)) - raft.server.snapshot.auto.trigger.threshold = 10000 (custom)
2023-10-17 18:54:37,438 [a9a64069-5644-4cd4-ae1b-13efe84d56e4@group-56420A7C215A-FollowerState] INFO  server.RaftServerConfigKeys (ConfUtils.java:logFallback(53)) - raft.server.rpc.first-election.timeout.max = 5200ms (fallback to raft.server.rpc.timeout.max)
2023-10-17 18:54:37,438 [a546daa4-0106-41e2-a933-0105fc903a66-groupManagement] INFO  server.RaftServerConfigKeys (ConfUtils.java:logGet(46)) - raft.server.snapshot.retention.file.num = 5 (custom)
2023-10-17 18:54:37,438 [a546daa4-0106-41e2-a933-0105fc903a66-groupManagement] INFO  server.RaftServerConfigKeys (ConfUtils.java:logGet(46)) - raft.server.log.purge.upto.snapshot.index = false (default)
2023-10-17 18:54:37,441 [PipelineCommandHandlerThread-0] INFO  ratis.XceiverServerRatis (XceiverServerRatis.java:addGroup(804)) - Created group PipelineID=4a5d2cf1-d5b8-4acc-8b67-56420a7c215a
2023-10-17 18:54:37,444 [PipelineCommandHandlerThread-0] INFO  ratis.XceiverServerRatis (XceiverServerRatis.java:addGroup(804)) - Created group PipelineID=4a5d2cf1-d5b8-4acc-8b67-56420a7c215a
2023-10-17 18:54:37,459 [a546daa4-0106-41e2-a933-0105fc903a66@group-56420A7C215A-FollowerState] INFO  server.RaftServerConfigKeys (ConfUtils.java:logFallback(53)) - raft.server.rpc.first-election.timeout.min = 5s (fallback to raft.server.rpc.timeout.min)
2023-10-17 18:54:37,460 [a546daa4-0106-41e2-a933-0105fc903a66@group-56420A7C215A-FollowerState] INFO  server.RaftServerConfigKeys (ConfUtils.java:logFallback(53)) - raft.server.rpc.first-election.timeout.max = 5200ms (fallback to raft.server.rpc.timeout.max)
2023-10-17 18:54:37,463 [d11f4703-3fdf-44d6-a0a1-43cd820167cb-groupManagement] INFO  server.RaftServer$Division (RaftServerImpl.java:<init>(198)) - d11f4703-3fdf-44d6-a0a1-43cd820167cb: new RaftServerImpl for group-088A80DB8EAD:[d11f4703-3fdf-44d6-a0a1-43cd820167cb|rpc:10.1.0.79:15059|admin:10.1.0.79:15058|client:10.1.0.79:15057|dataStream:10.1.0.79:15060|priority:1|startupRole:FOLLOWER] with ContainerStateMachine:uninitialized
2023-10-17 18:54:37,463 [d11f4703-3fdf-44d6-a0a1-43cd820167cb-groupManagement] INFO  server.RaftServerConfigKeys (ConfUtils.java:logGet(46)) - raft.server.rpc.timeout.min = 5s (custom)
2023-10-17 18:54:37,463 [d11f4703-3fdf-44d6-a0a1-43cd820167cb-groupManagement] INFO  server.RaftServerConfigKeys (ConfUtils.java:logGet(46)) - raft.server.rpc.timeout.max = 5200ms (custom)
2023-10-17 18:54:37,463 [d11f4703-3fdf-44d6-a0a1-43cd820167cb-groupManagement] INFO  server.RaftServerConfigKeys (ConfUtils.java:logGet(46)) - raft.server.rpc.sleep.time = 25ms (default)
2023-10-17 18:54:37,463 [d11f4703-3fdf-44d6-a0a1-43cd820167cb-groupManagement] INFO  server.RaftServerConfigKeys (ConfUtils.java:logGet(46)) - raft.server.rpc.slowness.timeout = 300s (custom)
2023-10-17 18:54:37,463 [d11f4703-3fdf-44d6-a0a1-43cd820167cb-groupManagement] INFO  server.RaftServerConfigKeys (ConfUtils.java:logGet(46)) - raft.server.leaderelection.leader.step-down.wait-time = 10s (default)
2023-10-17 18:54:37,463 [d11f4703-3fdf-44d6-a0a1-43cd820167cb-groupManagement] INFO  server.RaftServerConfigKeys (ConfUtils.java:logGet(46)) - raft.server.sleep.deviation.threshold = 300ms (default)
2023-10-17 18:54:37,463 [d11f4703-3fdf-44d6-a0a1-43cd820167cb-groupManagement] INFO  server.RaftServer$Division (ServerState.java:<init>(120)) - d11f4703-3fdf-44d6-a0a1-43cd820167cb@group-088A80DB8EAD: ConfigurationManager, init=-1: peers:[d11f4703-3fdf-44d6-a0a1-43cd820167cb|rpc:10.1.0.79:15059|admin:10.1.0.79:15058|client:10.1.0.79:15057|dataStream:10.1.0.79:15060|priority:1|startupRole:FOLLOWER]|listeners:[], old=null, confs=<EMPTY_MAP>
2023-10-17 18:54:37,463 [d11f4703-3fdf-44d6-a0a1-43cd820167cb-groupManagement] INFO  server.RaftServerConfigKeys (ConfUtils.java:logGet(46)) - raft.server.storage.dir = [/home/runner/work/ozone/ozone/hadoop-ozone/integration-test/target/test-dir/MiniOzoneClusterImpl-6d5b43b8-50d7-4b60-8424-e359ec6f806a/datanode-5/data/ratis] (custom)
2023-10-17 18:54:37,463 [d11f4703-3fdf-44d6-a0a1-43cd820167cb-groupManagement] INFO  server.RaftServerConfigKeys (ConfUtils.java:logGet(46)) - raft.server.log.corruption.policy = EXCEPTION (default)
2023-10-17 18:54:37,463 [d11f4703-3fdf-44d6-a0a1-43cd820167cb-groupManagement] INFO  server.RaftServerConfigKeys (ConfUtils.java:logGet(46)) - raft.server.storage.free-space.min = 0MB (=0) (default)
2023-10-17 18:54:37,463 [d11f4703-3fdf-44d6-a0a1-43cd820167cb-groupManagement] INFO  server.RaftServerConfigKeys (ConfUtils.java:logGet(46)) - raft.server.notification.no-leader.timeout = 300s (custom)
2023-10-17 18:54:37,464 [d11f4703-3fdf-44d6-a0a1-43cd820167cb-groupManagement] INFO  server.RaftServerConfigKeys (ConfUtils.java:logGet(46)) - raft.server.read.timeout = 10s (default)
2023-10-17 18:54:37,465 [d11f4703-3fdf-44d6-a0a1-43cd820167cb-groupManagement] INFO  server.RaftServerConfigKeys (ConfUtils.java:logGet(46)) - raft.server.retrycache.expirytime = 600000ms (custom)
2023-10-17 18:54:37,465 [d11f4703-3fdf-44d6-a0a1-43cd820167cb-groupManagement] INFO  server.RaftServerConfigKeys (ConfUtils.java:logGet(46)) - raft.server.retrycache.statistics.expirytime = 100μs (default)
2023-10-17 18:54:37,465 [d11f4703-3fdf-44d6-a0a1-43cd820167cb-groupManagement] INFO  server.RaftServerConfigKeys (ConfUtils.java:logGet(46)) - raft.server.read.option = DEFAULT (default)
2023-10-17 18:54:37,472 [d11f4703-3fdf-44d6-a0a1-43cd820167cb-groupManagement] INFO  server.RaftServerConfigKeys (ConfUtils.java:logGet(46)) - raft.server.rpc.request.timeout = 60s (custom)
2023-10-17 18:54:37,472 [d11f4703-3fdf-44d6-a0a1-43cd820167cb-groupManagement] INFO  server.RaftServerConfigKeys (ConfUtils.java:logGet(46)) - raft.server.log.appender.install.snapshot.enabled = false (custom)
2023-10-17 18:54:37,472 [d11f4703-3fdf-44d6-a0a1-43cd820167cb-groupManagement] INFO  server.RaftServerConfigKeys (ConfUtils.java:logGet(46)) - raft.server.threadpool.server.cached = true (default)
2023-10-17 18:54:37,472 [d11f4703-3fdf-44d6-a0a1-43cd820167cb-groupManagement] INFO  server.RaftServerConfigKeys (ConfUtils.java:logGet(46)) - raft.server.threadpool.server.size = 0 (default)
2023-10-17 18:54:37,472 [d11f4703-3fdf-44d6-a0a1-43cd820167cb-groupManagement] INFO  server.RaftServerConfigKeys (ConfUtils.java:logGet(46)) - raft.server.threadpool.client.cached = true (default)
2023-10-17 18:54:37,472 [d11f4703-3fdf-44d6-a0a1-43cd820167cb-groupManagement] INFO  server.RaftServerConfigKeys (ConfUtils.java:logGet(46)) - raft.server.threadpool.client.size = 0 (default)
2023-10-17 18:54:37,473 [PipelineCommandHandlerThread-0] INFO  server.RaftServer (RaftServerProxy.java:addNew(98)) - d11f4703-3fdf-44d6-a0a1-43cd820167cb: addNew group-088A80DB8EAD:[d11f4703-3fdf-44d6-a0a1-43cd820167cb|rpc:10.1.0.79:15059|admin:10.1.0.79:15058|client:10.1.0.79:15057|dataStream:10.1.0.79:15060|priority:1|startupRole:FOLLOWER] returns      null d11f4703-3fdf-44d6-a0a1-43cd820167cb@group-088A80DB8EAD:t0, leader=null, voted=null, raftlog=UNINITIALIZED, conf=-1: peers:[d11f4703-3fdf-44d6-a0a1-43cd820167cb|rpc:10.1.0.79:15059|admin:10.1.0.79:15058|client:10.1.0.79:15057|dataStream:10.1.0.79:15060|priority:1|startupRole:FOLLOWER]|listeners:[], old=null NEW
2023-10-17 18:54:37,473 [d11f4703-3fdf-44d6-a0a1-43cd820167cb-groupManagement] INFO  storage.RaftStorageDirectory (RaftStorageDirectoryImpl.java:analyzeStorage(137)) - The storage directory /home/runner/work/ozone/ozone/hadoop-ozone/integration-test/target/test-dir/MiniOzoneClusterImpl-6d5b43b8-50d7-4b60-8424-e359ec6f806a/datanode-5/data/ratis/b3bf6729-adf5-48ea-b99f-088a80db8ead does not exist. Creating ...
2023-10-17 18:54:37,475 [d11f4703-3fdf-44d6-a0a1-43cd820167cb-groupManagement] INFO  storage.RaftStorageDirectory (RaftStorageDirectoryImpl.java:tryLock(231)) - Lock on /home/runner/work/ozone/ozone/hadoop-ozone/integration-test/target/test-dir/MiniOzoneClusterImpl-6d5b43b8-50d7-4b60-8424-e359ec6f806a/datanode-5/data/ratis/b3bf6729-adf5-48ea-b99f-088a80db8ead/in_use.lock acquired by nodename 97056@fv-az82-357
2023-10-17 18:54:37,483 [d11f4703-3fdf-44d6-a0a1-43cd820167cb-groupManagement] INFO  storage.RaftStorage (RaftStorageImpl.java:format(96)) - Storage directory /home/runner/work/ozone/ozone/hadoop-ozone/integration-test/target/test-dir/MiniOzoneClusterImpl-6d5b43b8-50d7-4b60-8424-e359ec6f806a/datanode-5/data/ratis/b3bf6729-adf5-48ea-b99f-088a80db8ead has been successfully formatted.
2023-10-17 18:54:37,483 [d11f4703-3fdf-44d6-a0a1-43cd820167cb-groupManagement] INFO  ratis.ContainerStateMachine (ContainerStateMachine.java:loadSnapshot(262)) - group-088A80DB8EAD: The snapshot info is null. Setting the last applied indexto:(t:0, i:~)
2023-10-17 18:54:37,483 [d11f4703-3fdf-44d6-a0a1-43cd820167cb-groupManagement] INFO  server.RaftServerConfigKeys (ConfUtils.java:logGet(46)) - raft.server.log.use.memory = false (default)
2023-10-17 18:54:37,483 [d11f4703-3fdf-44d6-a0a1-43cd820167cb-groupManagement] INFO  server.RaftServerConfigKeys (ConfUtils.java:logGet(46)) - raft.server.log.purge.gap = 1000000 (custom)
2023-10-17 18:54:37,483 [d11f4703-3fdf-44d6-a0a1-43cd820167cb-groupManagement] INFO  server.RaftServerConfigKeys (ConfUtils.java:logGet(46)) - raft.server.log.appender.buffer.byte-limit = 33554432 (custom)
2023-10-17 18:54:37,483 [d11f4703-3fdf-44d6-a0a1-43cd820167cb-groupManagement] INFO  server.RaftServerConfigKeys (ConfUtils.java:logGet(46)) - raft.server.log.statemachine.data.read.timeout = 1000ms (default)
2023-10-17 18:54:37,484 [d11f4703-3fdf-44d6-a0a1-43cd820167cb-groupManagement] INFO  server.RaftServerConfigKeys (ConfUtils.java:logGet(46)) - raft.server.log.purge.preservation.log.num = 0 (default)
2023-10-17 18:54:37,484 [d11f4703-3fdf-44d6-a0a1-43cd820167cb-groupManagement] INFO  server.RaftServerConfigKeys (ConfUtils.java:logGet(46)) - raft.server.log.segment.size.max = 1048576 (custom)
2023-10-17 18:54:37,484 [d11f4703-3fdf-44d6-a0a1-43cd820167cb-groupManagement] INFO  server.RaftServerConfigKeys (ConfUtils.java:logGet(46)) - raft.server.log.segment.cache.num.max = 2 (custom)
2023-10-17 18:54:37,484 [d11f4703-3fdf-44d6-a0a1-43cd820167cb-groupManagement] INFO  server.RaftServerConfigKeys (ConfUtils.java:logGet(46)) - raft.server.log.segment.cache.size.max = 200MB (=209715200) (default)
2023-10-17 18:54:37,484 [d11f4703-3fdf-44d6-a0a1-43cd820167cb-groupManagement] INFO  server.RaftServerConfigKeys (ConfUtils.java:logGet(46)) - raft.server.log.appender.buffer.byte-limit = 33554432 (custom)
2023-10-17 18:54:37,484 [d11f4703-3fdf-44d6-a0a1-43cd820167cb-groupManagement] INFO  segmented.SegmentedRaftLogWorker (SegmentedRaftLogWorker.java:<init>(188)) - new d11f4703-3fdf-44d6-a0a1-43cd820167cb@group-088A80DB8EAD-SegmentedRaftLogWorker for RaftStorageImpl:Storage Directory /home/runner/work/ozone/ozone/hadoop-ozone/integration-test/target/test-dir/MiniOzoneClusterImpl-6d5b43b8-50d7-4b60-8424-e359ec6f806a/datanode-5/data/ratis/b3bf6729-adf5-48ea-b99f-088a80db8ead
2023-10-17 18:54:37,484 [d11f4703-3fdf-44d6-a0a1-43cd820167cb-groupManagement] INFO  server.RaftServerConfigKeys (ConfUtils.java:logGet(46)) - raft.server.log.queue.byte-limit = 4294967296 (custom)
2023-10-17 18:54:37,484 [d11f4703-3fdf-44d6-a0a1-43cd820167cb-groupManagement] INFO  server.RaftServerConfigKeys (ConfUtils.java:logGet(46)) - raft.server.log.queue.element-limit = 1024 (custom)
2023-10-17 18:54:37,484 [d11f4703-3fdf-44d6-a0a1-43cd820167cb-groupManagement] INFO  server.RaftServerConfigKeys (ConfUtils.java:logGet(46)) - raft.server.log.segment.size.max = 1048576 (custom)
2023-10-17 18:54:37,485 [d11f4703-3fdf-44d6-a0a1-43cd820167cb-groupManagement] INFO  server.RaftServerConfigKeys (ConfUtils.java:logGet(46)) - raft.server.log.preallocated.size = 16384 (custom)
2023-10-17 18:54:37,485 [d11f4703-3fdf-44d6-a0a1-43cd820167cb-groupManagement] INFO  server.RaftServerConfigKeys (ConfUtils.java:logGet(46)) - raft.server.log.force.sync.num = 128 (default)
2023-10-17 18:54:37,485 [d11f4703-3fdf-44d6-a0a1-43cd820167cb-groupManagement] INFO  server.RaftServerConfigKeys (ConfUtils.java:logGet(46)) - raft.server.log.statemachine.data.sync = true (default)
2023-10-17 18:54:37,486 [d11f4703-3fdf-44d6-a0a1-43cd820167cb-groupManagement] INFO  server.RaftServerConfigKeys (ConfUtils.java:logGet(46)) - raft.server.log.statemachine.data.sync.timeout = 10s (default)
2023-10-17 18:54:37,490 [EventQueue-PipelineReportForPipelineReportHandler] INFO  pipeline.PipelineReportHandler (PipelineReportHandler.java:processPipelineReport(136)) - Opened pipeline PipelineID=b3bf6729-adf5-48ea-b99f-088a80db8ead
2023-10-17 18:54:37,491 [EventQueue-OpenPipelineForHealthyPipelineSafeModeRule] INFO  safemode.SCMSafeModeManager (HealthyPipelineSafeModeRule.java:process(137)) - SCM in safe mode. Healthy pipelines reported count is 0, required healthy pipeline reported count is 1
2023-10-17 18:54:37,492 [d11f4703-3fdf-44d6-a0a1-43cd820167cb-groupManagement] INFO  server.RaftServerConfigKeys (ConfUtils.java:logGet(46)) - raft.server.log.statemachine.data.sync.timeout.retry = -1 (default)
2023-10-17 18:54:37,495 [grpc-default-executor-1] INFO  server.RaftServer (RaftServerProxy.java:addNew(98)) - d11f4703-3fdf-44d6-a0a1-43cd820167cb: addNew group-56420A7C215A:[a9a64069-5644-4cd4-ae1b-13efe84d56e4|rpc:10.1.0.79:15050|admin:10.1.0.79:15049|client:10.1.0.79:15048|dataStream:10.1.0.79:15051|priority:0|startupRole:FOLLOWER, d11f4703-3fdf-44d6-a0a1-43cd820167cb|rpc:10.1.0.79:15059|admin:10.1.0.79:15058|client:10.1.0.79:15057|dataStream:10.1.0.79:15060|priority:1|startupRole:FOLLOWER, a546daa4-0106-41e2-a933-0105fc903a66|rpc:10.1.0.79:15041|admin:10.1.0.79:15040|client:10.1.0.79:15039|dataStream:10.1.0.79:15042|priority:0|startupRole:FOLLOWER] returns group-56420A7C215A:java.util.concurrent.CompletableFuture@777a17ff[Not completed]
2023-10-17 18:54:37,496 [d11f4703-3fdf-44d6-a0a1-43cd820167cb-groupManagement] INFO  server.RaftServerConfigKeys (ConfUtils.java:logGet(46)) - raft.server.log.write.buffer.size = 1048576 (custom)
2023-10-17 18:54:37,497 [d11f4703-3fdf-44d6-a0a1-43cd820167cb-groupManagement] INFO  server.RaftServerConfigKeys (ConfUtils.java:logGet(46)) - raft.server.log.appender.buffer.byte-limit = 33554432 (custom)
2023-10-17 18:54:37,506 [d11f4703-3fdf-44d6-a0a1-43cd820167cb-groupManagement] INFO  server.RaftServerConfigKeys (ConfUtils.java:logGet(46)) - raft.server.log.unsafe-flush.enabled = false (default)
2023-10-17 18:54:37,506 [d11f4703-3fdf-44d6-a0a1-43cd820167cb-groupManagement] INFO  server.RaftServerConfigKeys (ConfUtils.java:logGet(46)) - raft.server.log.async-flush.enabled = false (default)
2023-10-17 18:54:37,506 [d11f4703-3fdf-44d6-a0a1-43cd820167cb-groupManagement] INFO  server.RaftServerConfigKeys (ConfUtils.java:logGet(46)) - raft.server.log.statemachine.data.caching.enabled = true (custom)
2023-10-17 18:54:37,507 [d11f4703-3fdf-44d6-a0a1-43cd820167cb-groupManagement] INFO  segmented.SegmentedRaftLogWorker (SegmentedRaftLogWorker.java:lambda$new$0(135)) - d11f4703-3fdf-44d6-a0a1-43cd820167cb@group-088A80DB8EAD-SegmentedRaftLogWorker: flushIndex: setUnconditionally 0 -> -1
2023-10-17 18:54:37,507 [d11f4703-3fdf-44d6-a0a1-43cd820167cb-groupManagement] INFO  segmented.SegmentedRaftLogWorker (SegmentedRaftLogWorker.java:lambda$new$0(135)) - d11f4703-3fdf-44d6-a0a1-43cd820167cb@group-088A80DB8EAD-SegmentedRaftLogWorker: safeCacheEvictIndex: setUnconditionally 0 -> -1
2023-10-17 18:54:37,507 [d11f4703-3fdf-44d6-a0a1-43cd820167cb-groupManagement] INFO  server.RaftServer$Division (RaftServerImpl.java:start(342)) - d11f4703-3fdf-44d6-a0a1-43cd820167cb@group-088A80DB8EAD: start as a follower, conf=-1: peers:[d11f4703-3fdf-44d6-a0a1-43cd820167cb|rpc:10.1.0.79:15059|admin:10.1.0.79:15058|client:10.1.0.79:15057|dataStream:10.1.0.79:15060|priority:1|startupRole:FOLLOWER]|listeners:[], old=null
2023-10-17 18:54:37,507 [d11f4703-3fdf-44d6-a0a1-43cd820167cb-groupManagement] INFO  server.RaftServer$Division (RaftServerImpl.java:setRole(329)) - d11f4703-3fdf-44d6-a0a1-43cd820167cb@group-088A80DB8EAD: changes role from      null to FOLLOWER at term 0 for startAsFollower
2023-10-17 18:54:37,507 [d11f4703-3fdf-44d6-a0a1-43cd820167cb-groupManagement] INFO  impl.RoleInfo (RoleInfo.java:updateAndGet(139)) - d11f4703-3fdf-44d6-a0a1-43cd820167cb: start d11f4703-3fdf-44d6-a0a1-43cd820167cb@group-088A80DB8EAD-FollowerState
2023-10-17 18:54:37,507 [d11f4703-3fdf-44d6-a0a1-43cd820167cb-groupManagement] INFO  util.JmxRegister (JmxRegister.java:tryRegister(44)) - Successfully registered JMX Bean with object name Ratis:service=RaftServer,group=group-088A80DB8EAD,id=d11f4703-3fdf-44d6-a0a1-43cd820167cb
2023-10-17 18:54:37,507 [d11f4703-3fdf-44d6-a0a1-43cd820167cb-groupManagement] INFO  server.RaftServerConfigKeys (ConfUtils.java:logGet(46)) - raft.server.snapshot.auto.trigger.enabled = true (custom)
2023-10-17 18:54:37,508 [d11f4703-3fdf-44d6-a0a1-43cd820167cb-groupManagement] INFO  server.RaftServerConfigKeys (ConfUtils.java:logGet(46)) - raft.server.snapshot.auto.trigger.threshold = 10000 (custom)
2023-10-17 18:54:37,508 [d11f4703-3fdf-44d6-a0a1-43cd820167cb-groupManagement] INFO  server.RaftServerConfigKeys (ConfUtils.java:logGet(46)) - raft.server.snapshot.retention.file.num = 5 (custom)
2023-10-17 18:54:37,508 [d11f4703-3fdf-44d6-a0a1-43cd820167cb-groupManagement] INFO  server.RaftServerConfigKeys (ConfUtils.java:logGet(46)) - raft.server.log.purge.upto.snapshot.index = false (default)
2023-10-17 18:54:37,531 [d11f4703-3fdf-44d6-a0a1-43cd820167cb@group-088A80DB8EAD-FollowerState] INFO  server.RaftServerConfigKeys (ConfUtils.java:logFallback(53)) - raft.server.rpc.first-election.timeout.min = 5s (fallback to raft.server.rpc.timeout.min)
2023-10-17 18:54:37,531 [d11f4703-3fdf-44d6-a0a1-43cd820167cb@group-088A80DB8EAD-FollowerState] INFO  server.RaftServerConfigKeys (ConfUtils.java:logFallback(53)) - raft.server.rpc.first-election.timeout.max = 5200ms (fallback to raft.server.rpc.timeout.max)
2023-10-17 18:54:37,533 [PipelineCommandHandlerThread-0] INFO  ratis.XceiverServerRatis (XceiverServerRatis.java:addGroup(804)) - Created group PipelineID=b3bf6729-adf5-48ea-b99f-088a80db8ead
2023-10-17 18:54:37,533 [PipelineCommandHandlerThread-0] INFO  commandhandler.CreatePipelineCommandHandler (CreatePipelineCommandHandler.java:lambda$handle$2(124)) - Created Pipeline RATIS ONE PipelineID=b3bf6729-adf5-48ea-b99f-088a80db8ead.
2023-10-17 18:54:37,534 [d11f4703-3fdf-44d6-a0a1-43cd820167cb-groupManagement] INFO  server.RaftServer$Division (RaftServerImpl.java:<init>(198)) - d11f4703-3fdf-44d6-a0a1-43cd820167cb: new RaftServerImpl for group-56420A7C215A:[a9a64069-5644-4cd4-ae1b-13efe84d56e4|rpc:10.1.0.79:15050|admin:10.1.0.79:15049|client:10.1.0.79:15048|dataStream:10.1.0.79:15051|priority:0|startupRole:FOLLOWER, d11f4703-3fdf-44d6-a0a1-43cd820167cb|rpc:10.1.0.79:15059|admin:10.1.0.79:15058|client:10.1.0.79:15057|dataStream:10.1.0.79:15060|priority:1|startupRole:FOLLOWER, a546daa4-0106-41e2-a933-0105fc903a66|rpc:10.1.0.79:15041|admin:10.1.0.79:15040|client:10.1.0.79:15039|dataStream:10.1.0.79:15042|priority:0|startupRole:FOLLOWER] with ContainerStateMachine:uninitialized
2023-10-17 18:54:37,534 [d11f4703-3fdf-44d6-a0a1-43cd820167cb-groupManagement] INFO  server.RaftServerConfigKeys (ConfUtils.java:logGet(46)) - raft.server.rpc.timeout.min = 5s (custom)
2023-10-17 18:54:37,534 [d11f4703-3fdf-44d6-a0a1-43cd820167cb-groupManagement] INFO  server.RaftServerConfigKeys (ConfUtils.java:logGet(46)) - raft.server.rpc.timeout.max = 5200ms (custom)
2023-10-17 18:54:37,534 [d11f4703-3fdf-44d6-a0a1-43cd820167cb-groupManagement] INFO  server.RaftServerConfigKeys (ConfUtils.java:logGet(46)) - raft.server.rpc.sleep.time = 25ms (default)
2023-10-17 18:54:37,534 [d11f4703-3fdf-44d6-a0a1-43cd820167cb-groupManagement] INFO  server.RaftServerConfigKeys (ConfUtils.java:logGet(46)) - raft.server.rpc.slowness.timeout = 300s (custom)
2023-10-17 18:54:37,534 [d11f4703-3fdf-44d6-a0a1-43cd820167cb-groupManagement] INFO  server.RaftServerConfigKeys (ConfUtils.java:logGet(46)) - raft.server.leaderelection.leader.step-down.wait-time = 10s (default)
2023-10-17 18:54:37,534 [d11f4703-3fdf-44d6-a0a1-43cd820167cb-groupManagement] INFO  server.RaftServerConfigKeys (ConfUtils.java:logGet(46)) - raft.server.sleep.deviation.threshold = 300ms (default)
2023-10-17 18:54:37,534 [d11f4703-3fdf-44d6-a0a1-43cd820167cb-groupManagement] INFO  server.RaftServer$Division (ServerState.java:<init>(120)) - d11f4703-3fdf-44d6-a0a1-43cd820167cb@group-56420A7C215A: ConfigurationManager, init=-1: peers:[a9a64069-5644-4cd4-ae1b-13efe84d56e4|rpc:10.1.0.79:15050|admin:10.1.0.79:15049|client:10.1.0.79:15048|dataStream:10.1.0.79:15051|priority:0|startupRole:FOLLOWER, d11f4703-3fdf-44d6-a0a1-43cd820167cb|rpc:10.1.0.79:15059|admin:10.1.0.79:15058|client:10.1.0.79:15057|dataStream:10.1.0.79:15060|priority:1|startupRole:FOLLOWER, a546daa4-0106-41e2-a933-0105fc903a66|rpc:10.1.0.79:15041|admin:10.1.0.79:15040|client:10.1.0.79:15039|dataStream:10.1.0.79:15042|priority:0|startupRole:FOLLOWER]|listeners:[], old=null, confs=<EMPTY_MAP>
2023-10-17 18:54:37,534 [d11f4703-3fdf-44d6-a0a1-43cd820167cb-groupManagement] INFO  server.RaftServerConfigKeys (ConfUtils.java:logGet(46)) - raft.server.storage.dir = [/home/runner/work/ozone/ozone/hadoop-ozone/integration-test/target/test-dir/MiniOzoneClusterImpl-6d5b43b8-50d7-4b60-8424-e359ec6f806a/datanode-5/data/ratis] (custom)
2023-10-17 18:54:37,535 [d11f4703-3fdf-44d6-a0a1-43cd820167cb-groupManagement] INFO  server.RaftServerConfigKeys (ConfUtils.java:logGet(46)) - raft.server.log.corruption.policy = EXCEPTION (default)
2023-10-17 18:54:37,535 [d11f4703-3fdf-44d6-a0a1-43cd820167cb-groupManagement] INFO  server.RaftServerConfigKeys (ConfUtils.java:logGet(46)) - raft.server.storage.free-space.min = 0MB (=0) (default)
2023-10-17 18:54:37,535 [d11f4703-3fdf-44d6-a0a1-43cd820167cb-groupManagement] INFO  server.RaftServerConfigKeys (ConfUtils.java:logGet(46)) - raft.server.notification.no-leader.timeout = 300s (custom)
2023-10-17 18:54:37,535 [d11f4703-3fdf-44d6-a0a1-43cd820167cb-groupManagement] INFO  server.RaftServerConfigKeys (ConfUtils.java:logGet(46)) - raft.server.read.timeout = 10s (default)
2023-10-17 18:54:37,535 [d11f4703-3fdf-44d6-a0a1-43cd820167cb-groupManagement] INFO  server.RaftServerConfigKeys (ConfUtils.java:logGet(46)) - raft.server.retrycache.expirytime = 600000ms (custom)
2023-10-17 18:54:37,535 [d11f4703-3fdf-44d6-a0a1-43cd820167cb-groupManagement] INFO  server.RaftServerConfigKeys (ConfUtils.java:logGet(46)) - raft.server.retrycache.statistics.expirytime = 100μs (default)
2023-10-17 18:54:37,535 [d11f4703-3fdf-44d6-a0a1-43cd820167cb-groupManagement] INFO  server.RaftServerConfigKeys (ConfUtils.java:logGet(46)) - raft.server.read.option = DEFAULT (default)
2023-10-17 18:54:37,536 [d11f4703-3fdf-44d6-a0a1-43cd820167cb-groupManagement] INFO  server.RaftServerConfigKeys (ConfUtils.java:logGet(46)) - raft.server.rpc.request.timeout = 60s (custom)
2023-10-17 18:54:37,536 [d11f4703-3fdf-44d6-a0a1-43cd820167cb-groupManagement] INFO  server.RaftServerConfigKeys (ConfUtils.java:logGet(46)) - raft.server.log.appender.install.snapshot.enabled = false (custom)
2023-10-17 18:54:37,536 [d11f4703-3fdf-44d6-a0a1-43cd820167cb-groupManagement] INFO  server.RaftServerConfigKeys (ConfUtils.java:logGet(46)) - raft.server.threadpool.server.cached = true (default)
2023-10-17 18:54:37,536 [d11f4703-3fdf-44d6-a0a1-43cd820167cb-groupManagement] INFO  server.RaftServerConfigKeys (ConfUtils.java:logGet(46)) - raft.server.threadpool.server.size = 0 (default)
2023-10-17 18:54:37,536 [d11f4703-3fdf-44d6-a0a1-43cd820167cb-groupManagement] INFO  server.RaftServerConfigKeys (ConfUtils.java:logGet(46)) - raft.server.threadpool.client.cached = true (default)
2023-10-17 18:54:37,536 [d11f4703-3fdf-44d6-a0a1-43cd820167cb-groupManagement] INFO  server.RaftServerConfigKeys (ConfUtils.java:logGet(46)) - raft.server.threadpool.client.size = 0 (default)
2023-10-17 18:54:37,536 [d11f4703-3fdf-44d6-a0a1-43cd820167cb-groupManagement] INFO  storage.RaftStorageDirectory (RaftStorageDirectoryImpl.java:analyzeStorage(137)) - The storage directory /home/runner/work/ozone/ozone/hadoop-ozone/integration-test/target/test-dir/MiniOzoneClusterImpl-6d5b43b8-50d7-4b60-8424-e359ec6f806a/datanode-5/data/ratis/4a5d2cf1-d5b8-4acc-8b67-56420a7c215a does not exist. Creating ...
2023-10-17 18:54:37,540 [PipelineCommandHandlerThread-0] INFO  commandhandler.CreatePipelineCommandHandler (CreatePipelineCommandHandler.java:lambda$handle$2(124)) - Created Pipeline RATIS THREE PipelineID=4a5d2cf1-d5b8-4acc-8b67-56420a7c215a.
2023-10-17 18:54:37,543 [d11f4703-3fdf-44d6-a0a1-43cd820167cb-groupManagement] INFO  storage.RaftStorageDirectory (RaftStorageDirectoryImpl.java:tryLock(231)) - Lock on /home/runner/work/ozone/ozone/hadoop-ozone/integration-test/target/test-dir/MiniOzoneClusterImpl-6d5b43b8-50d7-4b60-8424-e359ec6f806a/datanode-5/data/ratis/4a5d2cf1-d5b8-4acc-8b67-56420a7c215a/in_use.lock acquired by nodename 97056@fv-az82-357
2023-10-17 18:54:37,545 [d11f4703-3fdf-44d6-a0a1-43cd820167cb-groupManagement] INFO  storage.RaftStorage (RaftStorageImpl.java:format(96)) - Storage directory /home/runner/work/ozone/ozone/hadoop-ozone/integration-test/target/test-dir/MiniOzoneClusterImpl-6d5b43b8-50d7-4b60-8424-e359ec6f806a/datanode-5/data/ratis/4a5d2cf1-d5b8-4acc-8b67-56420a7c215a has been successfully formatted.
2023-10-17 18:54:37,546 [d11f4703-3fdf-44d6-a0a1-43cd820167cb-groupManagement] INFO  ratis.ContainerStateMachine (ContainerStateMachine.java:loadSnapshot(262)) - group-56420A7C215A: The snapshot info is null. Setting the last applied indexto:(t:0, i:~)
2023-10-17 18:54:37,546 [d11f4703-3fdf-44d6-a0a1-43cd820167cb-groupManagement] INFO  server.RaftServerConfigKeys (ConfUtils.java:logGet(46)) - raft.server.log.use.memory = false (default)
2023-10-17 18:54:37,546 [d11f4703-3fdf-44d6-a0a1-43cd820167cb-groupManagement] INFO  server.RaftServerConfigKeys (ConfUtils.java:logGet(46)) - raft.server.log.purge.gap = 1000000 (custom)
2023-10-17 18:54:37,546 [d11f4703-3fdf-44d6-a0a1-43cd820167cb-groupManagement] INFO  server.RaftServerConfigKeys (ConfUtils.java:logGet(46)) - raft.server.log.appender.buffer.byte-limit = 33554432 (custom)
2023-10-17 18:54:37,546 [d11f4703-3fdf-44d6-a0a1-43cd820167cb-groupManagement] INFO  server.RaftServerConfigKeys (ConfUtils.java:logGet(46)) - raft.server.log.statemachine.data.read.timeout = 1000ms (default)
2023-10-17 18:54:37,546 [d11f4703-3fdf-44d6-a0a1-43cd820167cb-groupManagement] INFO  server.RaftServerConfigKeys (ConfUtils.java:logGet(46)) - raft.server.log.purge.preservation.log.num = 0 (default)
2023-10-17 18:54:37,546 [d11f4703-3fdf-44d6-a0a1-43cd820167cb-groupManagement] INFO  server.RaftServerConfigKeys (ConfUtils.java:logGet(46)) - raft.server.log.segment.size.max = 1048576 (custom)
2023-10-17 18:54:37,547 [EventQueue-OpenPipelineForHealthyPipelineSafeModeRule] INFO  safemode.SCMSafeModeManager (HealthyPipelineSafeModeRule.java:process(137)) - SCM in safe mode. Healthy pipelines reported count is 0, required healthy pipeline reported count is 1
2023-10-17 18:54:37,548 [d11f4703-3fdf-44d6-a0a1-43cd820167cb-groupManagement] INFO  server.RaftServerConfigKeys (ConfUtils.java:logGet(46)) - raft.server.log.segment.cache.num.max = 2 (custom)
2023-10-17 18:54:37,548 [d11f4703-3fdf-44d6-a0a1-43cd820167cb-groupManagement] INFO  server.RaftServerConfigKeys (ConfUtils.java:logGet(46)) - raft.server.log.segment.cache.size.max = 200MB (=209715200) (default)
2023-10-17 18:54:37,548 [d11f4703-3fdf-44d6-a0a1-43cd820167cb-groupManagement] INFO  server.RaftServerConfigKeys (ConfUtils.java:logGet(46)) - raft.server.log.appender.buffer.byte-limit = 33554432 (custom)
2023-10-17 18:54:37,548 [d11f4703-3fdf-44d6-a0a1-43cd820167cb-groupManagement] INFO  segmented.SegmentedRaftLogWorker (SegmentedRaftLogWorker.java:<init>(188)) - new d11f4703-3fdf-44d6-a0a1-43cd820167cb@group-56420A7C215A-SegmentedRaftLogWorker for RaftStorageImpl:Storage Directory /home/runner/work/ozone/ozone/hadoop-ozone/integration-test/target/test-dir/MiniOzoneClusterImpl-6d5b43b8-50d7-4b60-8424-e359ec6f806a/datanode-5/data/ratis/4a5d2cf1-d5b8-4acc-8b67-56420a7c215a
2023-10-17 18:54:37,548 [d11f4703-3fdf-44d6-a0a1-43cd820167cb-groupManagement] INFO  server.RaftServerConfigKeys (ConfUtils.java:logGet(46)) - raft.server.log.queue.byte-limit = 4294967296 (custom)
2023-10-17 18:54:37,548 [d11f4703-3fdf-44d6-a0a1-43cd820167cb-groupManagement] INFO  server.RaftServerConfigKeys (ConfUtils.java:logGet(46)) - raft.server.log.queue.element-limit = 1024 (custom)
2023-10-17 18:54:37,548 [d11f4703-3fdf-44d6-a0a1-43cd820167cb-groupManagement] INFO  server.RaftServerConfigKeys (ConfUtils.java:logGet(46)) - raft.server.log.segment.size.max = 1048576 (custom)
2023-10-17 18:54:37,548 [d11f4703-3fdf-44d6-a0a1-43cd820167cb-groupManagement] INFO  server.RaftServerConfigKeys (ConfUtils.java:logGet(46)) - raft.server.log.preallocated.size = 16384 (custom)
2023-10-17 18:54:37,548 [d11f4703-3fdf-44d6-a0a1-43cd820167cb-groupManagement] INFO  server.RaftServerConfigKeys (ConfUtils.java:logGet(46)) - raft.server.log.force.sync.num = 128 (default)
2023-10-17 18:54:37,548 [d11f4703-3fdf-44d6-a0a1-43cd820167cb-groupManagement] INFO  server.RaftServerConfigKeys (ConfUtils.java:logGet(46)) - raft.server.log.statemachine.data.sync = true (default)
2023-10-17 18:54:37,549 [d11f4703-3fdf-44d6-a0a1-43cd820167cb-groupManagement] INFO  server.RaftServerConfigKeys (ConfUtils.java:logGet(46)) - raft.server.log.statemachine.data.sync.timeout = 10s (default)
2023-10-17 18:54:37,549 [d11f4703-3fdf-44d6-a0a1-43cd820167cb-groupManagement] INFO  server.RaftServerConfigKeys (ConfUtils.java:logGet(46)) - raft.server.log.statemachine.data.sync.timeout.retry = -1 (default)
2023-10-17 18:54:37,550 [d11f4703-3fdf-44d6-a0a1-43cd820167cb-groupManagement] INFO  server.RaftServerConfigKeys (ConfUtils.java:logGet(46)) - raft.server.log.write.buffer.size = 1048576 (custom)
2023-10-17 18:54:37,550 [d11f4703-3fdf-44d6-a0a1-43cd820167cb-groupManagement] INFO  server.RaftServerConfigKeys (ConfUtils.java:logGet(46)) - raft.server.log.appender.buffer.byte-limit = 33554432 (custom)
2023-10-17 18:54:37,556 [d11f4703-3fdf-44d6-a0a1-43cd820167cb-groupManagement] INFO  server.RaftServerConfigKeys (ConfUtils.java:logGet(46)) - raft.server.log.unsafe-flush.enabled = false (default)
2023-10-17 18:54:37,556 [d11f4703-3fdf-44d6-a0a1-43cd820167cb-groupManagement] INFO  server.RaftServerConfigKeys (ConfUtils.java:logGet(46)) - raft.server.log.async-flush.enabled = false (default)
2023-10-17 18:54:37,556 [d11f4703-3fdf-44d6-a0a1-43cd820167cb-groupManagement] INFO  server.RaftServerConfigKeys (ConfUtils.java:logGet(46)) - raft.server.log.statemachine.data.caching.enabled = true (custom)
2023-10-17 18:54:37,556 [d11f4703-3fdf-44d6-a0a1-43cd820167cb-groupManagement] INFO  segmented.SegmentedRaftLogWorker (SegmentedRaftLogWorker.java:lambda$new$0(135)) - d11f4703-3fdf-44d6-a0a1-43cd820167cb@group-56420A7C215A-SegmentedRaftLogWorker: flushIndex: setUnconditionally 0 -> -1
2023-10-17 18:54:37,556 [d11f4703-3fdf-44d6-a0a1-43cd820167cb-groupManagement] INFO  segmented.SegmentedRaftLogWorker (SegmentedRaftLogWorker.java:lambda$new$0(135)) - d11f4703-3fdf-44d6-a0a1-43cd820167cb@group-56420A7C215A-SegmentedRaftLogWorker: safeCacheEvictIndex: setUnconditionally 0 -> -1
2023-10-17 18:54:37,556 [d11f4703-3fdf-44d6-a0a1-43cd820167cb-groupManagement] INFO  server.RaftServer$Division (RaftServerImpl.java:start(342)) - d11f4703-3fdf-44d6-a0a1-43cd820167cb@group-56420A7C215A: start as a follower, conf=-1: peers:[a9a64069-5644-4cd4-ae1b-13efe84d56e4|rpc:10.1.0.79:15050|admin:10.1.0.79:15049|client:10.1.0.79:15048|dataStream:10.1.0.79:15051|priority:0|startupRole:FOLLOWER, d11f4703-3fdf-44d6-a0a1-43cd820167cb|rpc:10.1.0.79:15059|admin:10.1.0.79:15058|client:10.1.0.79:15057|dataStream:10.1.0.79:15060|priority:1|startupRole:FOLLOWER, a546daa4-0106-41e2-a933-0105fc903a66|rpc:10.1.0.79:15041|admin:10.1.0.79:15040|client:10.1.0.79:15039|dataStream:10.1.0.79:15042|priority:0|startupRole:FOLLOWER]|listeners:[], old=null
2023-10-17 18:54:37,556 [d11f4703-3fdf-44d6-a0a1-43cd820167cb-groupManagement] INFO  server.RaftServer$Division (RaftServerImpl.java:setRole(329)) - d11f4703-3fdf-44d6-a0a1-43cd820167cb@group-56420A7C215A: changes role from      null to FOLLOWER at term 0 for startAsFollower
2023-10-17 18:54:37,556 [d11f4703-3fdf-44d6-a0a1-43cd820167cb-groupManagement] INFO  impl.RoleInfo (RoleInfo.java:updateAndGet(139)) - d11f4703-3fdf-44d6-a0a1-43cd820167cb: start d11f4703-3fdf-44d6-a0a1-43cd820167cb@group-56420A7C215A-FollowerState
2023-10-17 18:54:37,557 [d11f4703-3fdf-44d6-a0a1-43cd820167cb-groupManagement] INFO  util.JmxRegister (JmxRegister.java:tryRegister(44)) - Successfully registered JMX Bean with object name Ratis:service=RaftServer,group=group-56420A7C215A,id=d11f4703-3fdf-44d6-a0a1-43cd820167cb
2023-10-17 18:54:37,557 [d11f4703-3fdf-44d6-a0a1-43cd820167cb-groupManagement] INFO  server.RaftServerConfigKeys (ConfUtils.java:logGet(46)) - raft.server.snapshot.auto.trigger.enabled = true (custom)
2023-10-17 18:54:37,557 [d11f4703-3fdf-44d6-a0a1-43cd820167cb-groupManagement] INFO  server.RaftServerConfigKeys (ConfUtils.java:logGet(46)) - raft.server.snapshot.auto.trigger.threshold = 10000 (custom)
2023-10-17 18:54:37,557 [d11f4703-3fdf-44d6-a0a1-43cd820167cb-groupManagement] INFO  server.RaftServerConfigKeys (ConfUtils.java:logGet(46)) - raft.server.snapshot.retention.file.num = 5 (custom)
2023-10-17 18:54:37,557 [d11f4703-3fdf-44d6-a0a1-43cd820167cb-groupManagement] INFO  server.RaftServerConfigKeys (ConfUtils.java:logGet(46)) - raft.server.log.purge.upto.snapshot.index = false (default)
2023-10-17 18:54:37,558 [d11f4703-3fdf-44d6-a0a1-43cd820167cb@group-56420A7C215A-FollowerState] INFO  server.RaftServerConfigKeys (ConfUtils.java:logFallback(53)) - raft.server.rpc.first-election.timeout.min = 5s (fallback to raft.server.rpc.timeout.min)
2023-10-17 18:54:37,558 [d11f4703-3fdf-44d6-a0a1-43cd820167cb@group-56420A7C215A-FollowerState] INFO  server.RaftServerConfigKeys (ConfUtils.java:logFallback(53)) - raft.server.rpc.first-election.timeout.max = 5200ms (fallback to raft.server.rpc.timeout.max)
2023-10-17 18:54:37,604 [PipelineCommandHandlerThread-0] INFO  commandhandler.CreatePipelineCommandHandler (CreatePipelineCommandHandler.java:lambda$handle$2(124)) - Created Pipeline RATIS THREE PipelineID=4a5d2cf1-d5b8-4acc-8b67-56420a7c215a.
2023-10-17 18:54:38,058 [PipelineCommandHandlerThread-0] INFO  server.RaftServer (RaftServerProxy.java:addNew(98)) - 9f5ee6cc-18ea-4245-a4cd-5944efe2ec09: addNew group-6DB83C75C4FF:[9f5ee6cc-18ea-4245-a4cd-5944efe2ec09|rpc:10.1.0.79:15068|admin:10.1.0.79:15067|client:10.1.0.79:15066|dataStream:10.1.0.79:15069|priority:1|startupRole:FOLLOWER] returns group-6DB83C75C4FF:java.util.concurrent.CompletableFuture@78683951[Not completed]
2023-10-17 18:54:38,060 [9f5ee6cc-18ea-4245-a4cd-5944efe2ec09-groupManagement] INFO  server.RaftServer$Division (RaftServerImpl.java:<init>(198)) - 9f5ee6cc-18ea-4245-a4cd-5944efe2ec09: new RaftServerImpl for group-6DB83C75C4FF:[9f5ee6cc-18ea-4245-a4cd-5944efe2ec09|rpc:10.1.0.79:15068|admin:10.1.0.79:15067|client:10.1.0.79:15066|dataStream:10.1.0.79:15069|priority:1|startupRole:FOLLOWER] with ContainerStateMachine:uninitialized
2023-10-17 18:54:38,060 [9f5ee6cc-18ea-4245-a4cd-5944efe2ec09-groupManagement] INFO  server.RaftServerConfigKeys (ConfUtils.java:logGet(46)) - raft.server.rpc.timeout.min = 5s (custom)
2023-10-17 18:54:38,060 [9f5ee6cc-18ea-4245-a4cd-5944efe2ec09-groupManagement] INFO  server.RaftServerConfigKeys (ConfUtils.java:logGet(46)) - raft.server.rpc.timeout.max = 5200ms (custom)
2023-10-17 18:54:38,060 [9f5ee6cc-18ea-4245-a4cd-5944efe2ec09-groupManagement] INFO  server.RaftServerConfigKeys (ConfUtils.java:logGet(46)) - raft.server.rpc.sleep.time = 25ms (default)
2023-10-17 18:54:38,060 [9f5ee6cc-18ea-4245-a4cd-5944efe2ec09-groupManagement] INFO  server.RaftServerConfigKeys (ConfUtils.java:logGet(46)) - raft.server.rpc.slowness.timeout = 300s (custom)
2023-10-17 18:54:38,060 [9f5ee6cc-18ea-4245-a4cd-5944efe2ec09-groupManagement] INFO  server.RaftServerConfigKeys (ConfUtils.java:logGet(46)) - raft.server.leaderelection.leader.step-down.wait-time = 10s (default)
2023-10-17 18:54:38,060 [9f5ee6cc-18ea-4245-a4cd-5944efe2ec09-groupManagement] INFO  server.RaftServerConfigKeys (ConfUtils.java:logGet(46)) - raft.server.sleep.deviation.threshold = 300ms (default)
2023-10-17 18:54:38,060 [9f5ee6cc-18ea-4245-a4cd-5944efe2ec09-groupManagement] INFO  server.RaftServer$Division (ServerState.java:<init>(120)) - 9f5ee6cc-18ea-4245-a4cd-5944efe2ec09@group-6DB83C75C4FF: ConfigurationManager, init=-1: peers:[9f5ee6cc-18ea-4245-a4cd-5944efe2ec09|rpc:10.1.0.79:15068|admin:10.1.0.79:15067|client:10.1.0.79:15066|dataStream:10.1.0.79:15069|priority:1|startupRole:FOLLOWER]|listeners:[], old=null, confs=<EMPTY_MAP>
2023-10-17 18:54:38,060 [9f5ee6cc-18ea-4245-a4cd-5944efe2ec09-groupManagement] INFO  server.RaftServerConfigKeys (ConfUtils.java:logGet(46)) - raft.server.storage.dir = [/home/runner/work/ozone/ozone/hadoop-ozone/integration-test/target/test-dir/MiniOzoneClusterImpl-6d5b43b8-50d7-4b60-8424-e359ec6f806a/datanode-6/data/ratis] (custom)
2023-10-17 18:54:38,061 [9f5ee6cc-18ea-4245-a4cd-5944efe2ec09-groupManagement] INFO  server.RaftServerConfigKeys (ConfUtils.java:logGet(46)) - raft.server.log.corruption.policy = EXCEPTION (default)
2023-10-17 18:54:38,061 [9f5ee6cc-18ea-4245-a4cd-5944efe2ec09-groupManagement] INFO  server.RaftServerConfigKeys (ConfUtils.java:logGet(46)) - raft.server.storage.free-space.min = 0MB (=0) (default)
2023-10-17 18:54:38,061 [9f5ee6cc-18ea-4245-a4cd-5944efe2ec09-groupManagement] INFO  server.RaftServerConfigKeys (ConfUtils.java:logGet(46)) - raft.server.notification.no-leader.timeout = 300s (custom)
2023-10-17 18:54:38,061 [9f5ee6cc-18ea-4245-a4cd-5944efe2ec09-groupManagement] INFO  server.RaftServerConfigKeys (ConfUtils.java:logGet(46)) - raft.server.read.timeout = 10s (default)
2023-10-17 18:54:38,061 [9f5ee6cc-18ea-4245-a4cd-5944efe2ec09-groupManagement] INFO  server.RaftServerConfigKeys (ConfUtils.java:logGet(46)) - raft.server.retrycache.expirytime = 600000ms (custom)
2023-10-17 18:54:38,061 [9f5ee6cc-18ea-4245-a4cd-5944efe2ec09-groupManagement] INFO  server.RaftServerConfigKeys (ConfUtils.java:logGet(46)) - raft.server.retrycache.statistics.expirytime = 100μs (default)
2023-10-17 18:54:38,061 [9f5ee6cc-18ea-4245-a4cd-5944efe2ec09-groupManagement] INFO  server.RaftServerConfigKeys (ConfUtils.java:logGet(46)) - raft.server.read.option = DEFAULT (default)
2023-10-17 18:54:38,065 [9f5ee6cc-18ea-4245-a4cd-5944efe2ec09-groupManagement] INFO  server.RaftServerConfigKeys (ConfUtils.java:logGet(46)) - raft.server.rpc.request.timeout = 60s (custom)
2023-10-17 18:54:38,065 [9f5ee6cc-18ea-4245-a4cd-5944efe2ec09-groupManagement] INFO  server.RaftServerConfigKeys (ConfUtils.java:logGet(46)) - raft.server.log.appender.install.snapshot.enabled = false (custom)
2023-10-17 18:54:38,065 [9f5ee6cc-18ea-4245-a4cd-5944efe2ec09-groupManagement] INFO  server.RaftServerConfigKeys (ConfUtils.java:logGet(46)) - raft.server.threadpool.server.cached = true (default)
2023-10-17 18:54:38,065 [9f5ee6cc-18ea-4245-a4cd-5944efe2ec09-groupManagement] INFO  server.RaftServerConfigKeys (ConfUtils.java:logGet(46)) - raft.server.threadpool.server.size = 0 (default)
2023-10-17 18:54:38,065 [9f5ee6cc-18ea-4245-a4cd-5944efe2ec09-groupManagement] INFO  server.RaftServerConfigKeys (ConfUtils.java:logGet(46)) - raft.server.threadpool.client.cached = true (default)
2023-10-17 18:54:38,065 [9f5ee6cc-18ea-4245-a4cd-5944efe2ec09-groupManagement] INFO  server.RaftServerConfigKeys (ConfUtils.java:logGet(46)) - raft.server.threadpool.client.size = 0 (default)
2023-10-17 18:54:38,065 [9f5ee6cc-18ea-4245-a4cd-5944efe2ec09-groupManagement] INFO  storage.RaftStorageDirectory (RaftStorageDirectoryImpl.java:analyzeStorage(137)) - The storage directory /home/runner/work/ozone/ozone/hadoop-ozone/integration-test/target/test-dir/MiniOzoneClusterImpl-6d5b43b8-50d7-4b60-8424-e359ec6f806a/datanode-6/data/ratis/310e0d4e-5cf7-4a40-9a16-6db83c75c4ff does not exist. Creating ...
2023-10-17 18:54:38,067 [9f5ee6cc-18ea-4245-a4cd-5944efe2ec09-groupManagement] INFO  storage.RaftStorageDirectory (RaftStorageDirectoryImpl.java:tryLock(231)) - Lock on /home/runner/work/ozone/ozone/hadoop-ozone/integration-test/target/test-dir/MiniOzoneClusterImpl-6d5b43b8-50d7-4b60-8424-e359ec6f806a/datanode-6/data/ratis/310e0d4e-5cf7-4a40-9a16-6db83c75c4ff/in_use.lock acquired by nodename 97056@fv-az82-357
2023-10-17 18:54:38,068 [9f5ee6cc-18ea-4245-a4cd-5944efe2ec09-groupManagement] INFO  storage.RaftStorage (RaftStorageImpl.java:format(96)) - Storage directory /home/runner/work/ozone/ozone/hadoop-ozone/integration-test/target/test-dir/MiniOzoneClusterImpl-6d5b43b8-50d7-4b60-8424-e359ec6f806a/datanode-6/data/ratis/310e0d4e-5cf7-4a40-9a16-6db83c75c4ff has been successfully formatted.
2023-10-17 18:54:38,070 [9f5ee6cc-18ea-4245-a4cd-5944efe2ec09-groupManagement] INFO  ratis.ContainerStateMachine (ContainerStateMachine.java:loadSnapshot(262)) - group-6DB83C75C4FF: The snapshot info is null. Setting the last applied indexto:(t:0, i:~)
2023-10-17 18:54:38,070 [9f5ee6cc-18ea-4245-a4cd-5944efe2ec09-groupManagement] INFO  server.RaftServerConfigKeys (ConfUtils.java:logGet(46)) - raft.server.log.use.memory = false (default)
2023-10-17 18:54:38,070 [9f5ee6cc-18ea-4245-a4cd-5944efe2ec09-groupManagement] INFO  server.RaftServerConfigKeys (ConfUtils.java:logGet(46)) - raft.server.log.purge.gap = 1000000 (custom)
2023-10-17 18:54:38,070 [9f5ee6cc-18ea-4245-a4cd-5944efe2ec09-groupManagement] INFO  server.RaftServerConfigKeys (ConfUtils.java:logGet(46)) - raft.server.log.appender.buffer.byte-limit = 33554432 (custom)
2023-10-17 18:54:38,071 [9f5ee6cc-18ea-4245-a4cd-5944efe2ec09-groupManagement] INFO  server.RaftServerConfigKeys (ConfUtils.java:logGet(46)) - raft.server.log.statemachine.data.read.timeout = 1000ms (default)
2023-10-17 18:54:38,071 [9f5ee6cc-18ea-4245-a4cd-5944efe2ec09-groupManagement] INFO  server.RaftServerConfigKeys (ConfUtils.java:logGet(46)) - raft.server.log.purge.preservation.log.num = 0 (default)
2023-10-17 18:54:38,073 [9f5ee6cc-18ea-4245-a4cd-5944efe2ec09-groupManagement] INFO  server.RaftServerConfigKeys (ConfUtils.java:logGet(46)) - raft.server.log.segment.size.max = 1048576 (custom)
2023-10-17 18:54:38,073 [9f5ee6cc-18ea-4245-a4cd-5944efe2ec09-groupManagement] INFO  server.RaftServerConfigKeys (ConfUtils.java:logGet(46)) - raft.server.log.segment.cache.num.max = 2 (custom)
2023-10-17 18:54:38,073 [9f5ee6cc-18ea-4245-a4cd-5944efe2ec09-groupManagement] INFO  server.RaftServerConfigKeys (ConfUtils.java:logGet(46)) - raft.server.log.segment.cache.size.max = 200MB (=209715200) (default)
2023-10-17 18:54:38,074 [9f5ee6cc-18ea-4245-a4cd-5944efe2ec09-groupManagement] INFO  server.RaftServerConfigKeys (ConfUtils.java:logGet(46)) - raft.server.log.appender.buffer.byte-limit = 33554432 (custom)
2023-10-17 18:54:38,074 [9f5ee6cc-18ea-4245-a4cd-5944efe2ec09-groupManagement] INFO  segmented.SegmentedRaftLogWorker (SegmentedRaftLogWorker.java:<init>(188)) - new 9f5ee6cc-18ea-4245-a4cd-5944efe2ec09@group-6DB83C75C4FF-SegmentedRaftLogWorker for RaftStorageImpl:Storage Directory /home/runner/work/ozone/ozone/hadoop-ozone/integration-test/target/test-dir/MiniOzoneClusterImpl-6d5b43b8-50d7-4b60-8424-e359ec6f806a/datanode-6/data/ratis/310e0d4e-5cf7-4a40-9a16-6db83c75c4ff
2023-10-17 18:54:38,074 [9f5ee6cc-18ea-4245-a4cd-5944efe2ec09-groupManagement] INFO  server.RaftServerConfigKeys (ConfUtils.java:logGet(46)) - raft.server.log.queue.byte-limit = 4294967296 (custom)
2023-10-17 18:54:38,075 [9f5ee6cc-18ea-4245-a4cd-5944efe2ec09-groupManagement] INFO  server.RaftServerConfigKeys (ConfUtils.java:logGet(46)) - raft.server.log.queue.element-limit = 1024 (custom)
2023-10-17 18:54:38,075 [9f5ee6cc-18ea-4245-a4cd-5944efe2ec09-groupManagement] INFO  server.RaftServerConfigKeys (ConfUtils.java:logGet(46)) - raft.server.log.segment.size.max = 1048576 (custom)
2023-10-17 18:54:38,075 [EventQueue-PipelineReportForPipelineReportHandler] INFO  pipeline.PipelineReportHandler (PipelineReportHandler.java:processPipelineReport(136)) - Opened pipeline PipelineID=310e0d4e-5cf7-4a40-9a16-6db83c75c4ff
2023-10-17 18:54:38,075 [9f5ee6cc-18ea-4245-a4cd-5944efe2ec09-groupManagement] INFO  server.RaftServerConfigKeys (ConfUtils.java:logGet(46)) - raft.server.log.preallocated.size = 16384 (custom)
2023-10-17 18:54:38,075 [9f5ee6cc-18ea-4245-a4cd-5944efe2ec09-groupManagement] INFO  server.RaftServerConfigKeys (ConfUtils.java:logGet(46)) - raft.server.log.force.sync.num = 128 (default)
2023-10-17 18:54:38,075 [9f5ee6cc-18ea-4245-a4cd-5944efe2ec09-groupManagement] INFO  server.RaftServerConfigKeys (ConfUtils.java:logGet(46)) - raft.server.log.statemachine.data.sync = true (default)
2023-10-17 18:54:38,075 [9f5ee6cc-18ea-4245-a4cd-5944efe2ec09-groupManagement] INFO  server.RaftServerConfigKeys (ConfUtils.java:logGet(46)) - raft.server.log.statemachine.data.sync.timeout = 10s (default)
2023-10-17 18:54:38,075 [EventQueue-OpenPipelineForHealthyPipelineSafeModeRule] INFO  safemode.SCMSafeModeManager (HealthyPipelineSafeModeRule.java:process(137)) - SCM in safe mode. Healthy pipelines reported count is 0, required healthy pipeline reported count is 1
2023-10-17 18:54:38,075 [9f5ee6cc-18ea-4245-a4cd-5944efe2ec09-groupManagement] INFO  server.RaftServerConfigKeys (ConfUtils.java:logGet(46)) - raft.server.log.statemachine.data.sync.timeout.retry = -1 (default)
2023-10-17 18:54:38,076 [9f5ee6cc-18ea-4245-a4cd-5944efe2ec09-groupManagement] INFO  server.RaftServerConfigKeys (ConfUtils.java:logGet(46)) - raft.server.log.write.buffer.size = 1048576 (custom)
2023-10-17 18:54:38,077 [9f5ee6cc-18ea-4245-a4cd-5944efe2ec09-groupManagement] INFO  server.RaftServerConfigKeys (ConfUtils.java:logGet(46)) - raft.server.log.appender.buffer.byte-limit = 33554432 (custom)
2023-10-17 18:54:38,082 [9f5ee6cc-18ea-4245-a4cd-5944efe2ec09-groupManagement] INFO  server.RaftServerConfigKeys (ConfUtils.java:logGet(46)) - raft.server.log.unsafe-flush.enabled = false (default)
2023-10-17 18:54:38,083 [9f5ee6cc-18ea-4245-a4cd-5944efe2ec09-groupManagement] INFO  server.RaftServerConfigKeys (ConfUtils.java:logGet(46)) - raft.server.log.async-flush.enabled = false (default)
2023-10-17 18:54:38,083 [9f5ee6cc-18ea-4245-a4cd-5944efe2ec09-groupManagement] INFO  server.RaftServerConfigKeys (ConfUtils.java:logGet(46)) - raft.server.log.statemachine.data.caching.enabled = true (custom)
2023-10-17 18:54:38,083 [9f5ee6cc-18ea-4245-a4cd-5944efe2ec09-groupManagement] INFO  segmented.SegmentedRaftLogWorker (SegmentedRaftLogWorker.java:lambda$new$0(135)) - 9f5ee6cc-18ea-4245-a4cd-5944efe2ec09@group-6DB83C75C4FF-SegmentedRaftLogWorker: flushIndex: setUnconditionally 0 -> -1
2023-10-17 18:54:38,083 [9f5ee6cc-18ea-4245-a4cd-5944efe2ec09-groupManagement] INFO  segmented.SegmentedRaftLogWorker (SegmentedRaftLogWorker.java:lambda$new$0(135)) - 9f5ee6cc-18ea-4245-a4cd-5944efe2ec09@group-6DB83C75C4FF-SegmentedRaftLogWorker: safeCacheEvictIndex: setUnconditionally 0 -> -1
2023-10-17 18:54:38,083 [9f5ee6cc-18ea-4245-a4cd-5944efe2ec09-groupManagement] INFO  server.RaftServer$Division (RaftServerImpl.java:start(342)) - 9f5ee6cc-18ea-4245-a4cd-5944efe2ec09@group-6DB83C75C4FF: start as a follower, conf=-1: peers:[9f5ee6cc-18ea-4245-a4cd-5944efe2ec09|rpc:10.1.0.79:15068|admin:10.1.0.79:15067|client:10.1.0.79:15066|dataStream:10.1.0.79:15069|priority:1|startupRole:FOLLOWER]|listeners:[], old=null
2023-10-17 18:54:38,083 [9f5ee6cc-18ea-4245-a4cd-5944efe2ec09-groupManagement] INFO  server.RaftServer$Division (RaftServerImpl.java:setRole(329)) - 9f5ee6cc-18ea-4245-a4cd-5944efe2ec09@group-6DB83C75C4FF: changes role from      null to FOLLOWER at term 0 for startAsFollower
2023-10-17 18:54:38,084 [9f5ee6cc-18ea-4245-a4cd-5944efe2ec09-groupManagement] INFO  impl.RoleInfo (RoleInfo.java:updateAndGet(139)) - 9f5ee6cc-18ea-4245-a4cd-5944efe2ec09: start 9f5ee6cc-18ea-4245-a4cd-5944efe2ec09@group-6DB83C75C4FF-FollowerState
2023-10-17 18:54:38,084 [9f5ee6cc-18ea-4245-a4cd-5944efe2ec09@group-6DB83C75C4FF-FollowerState] INFO  server.RaftServerConfigKeys (ConfUtils.java:logFallback(53)) - raft.server.rpc.first-election.timeout.min = 5s (fallback to raft.server.rpc.timeout.min)
2023-10-17 18:54:38,084 [9f5ee6cc-18ea-4245-a4cd-5944efe2ec09@group-6DB83C75C4FF-FollowerState] INFO  server.RaftServerConfigKeys (ConfUtils.java:logFallback(53)) - raft.server.rpc.first-election.timeout.max = 5200ms (fallback to raft.server.rpc.timeout.max)
2023-10-17 18:54:38,089 [9f5ee6cc-18ea-4245-a4cd-5944efe2ec09-groupManagement] INFO  util.JmxRegister (JmxRegister.java:tryRegister(44)) - Successfully registered JMX Bean with object name Ratis:service=RaftServer,group=group-6DB83C75C4FF,id=9f5ee6cc-18ea-4245-a4cd-5944efe2ec09
2023-10-17 18:54:38,089 [9f5ee6cc-18ea-4245-a4cd-5944efe2ec09-groupManagement] INFO  server.RaftServerConfigKeys (ConfUtils.java:logGet(46)) - raft.server.snapshot.auto.trigger.enabled = true (custom)
2023-10-17 18:54:38,089 [9f5ee6cc-18ea-4245-a4cd-5944efe2ec09-groupManagement] INFO  server.RaftServerConfigKeys (ConfUtils.java:logGet(46)) - raft.server.snapshot.auto.trigger.threshold = 10000 (custom)
2023-10-17 18:54:38,089 [9f5ee6cc-18ea-4245-a4cd-5944efe2ec09-groupManagement] INFO  server.RaftServerConfigKeys (ConfUtils.java:logGet(46)) - raft.server.snapshot.retention.file.num = 5 (custom)
2023-10-17 18:54:38,089 [9f5ee6cc-18ea-4245-a4cd-5944efe2ec09-groupManagement] INFO  server.RaftServerConfigKeys (ConfUtils.java:logGet(46)) - raft.server.log.purge.upto.snapshot.index = false (default)
2023-10-17 18:54:38,090 [PipelineCommandHandlerThread-0] INFO  ratis.XceiverServerRatis (XceiverServerRatis.java:addGroup(804)) - Created group PipelineID=310e0d4e-5cf7-4a40-9a16-6db83c75c4ff
2023-10-17 18:54:38,090 [PipelineCommandHandlerThread-0] INFO  commandhandler.CreatePipelineCommandHandler (CreatePipelineCommandHandler.java:lambda$handle$2(124)) - Created Pipeline RATIS ONE PipelineID=310e0d4e-5cf7-4a40-9a16-6db83c75c4ff.
2023-10-17 18:54:38,091 [PipelineCommandHandlerThread-0] INFO  server.RaftServer (RaftServerProxy.java:addNew(98)) - 9f5ee6cc-18ea-4245-a4cd-5944efe2ec09: addNew group-FD33B511FC74:[c3f8e5ad-ff25-4bb1-b821-874019ad4281|rpc:10.1.0.79:15077|admin:10.1.0.79:15076|client:10.1.0.79:15075|dataStream:10.1.0.79:15078|priority:0|startupRole:FOLLOWER, 7a0123dc-2631-482f-afc4-3bb35f550263|rpc:10.1.0.79:15086|admin:10.1.0.79:15085|client:10.1.0.79:15084|dataStream:10.1.0.79:15087|priority:1|startupRole:FOLLOWER, 9f5ee6cc-18ea-4245-a4cd-5944efe2ec09|rpc:10.1.0.79:15068|admin:10.1.0.79:15067|client:10.1.0.79:15066|dataStream:10.1.0.79:15069|priority:0|startupRole:FOLLOWER] returns group-FD33B511FC74:java.util.concurrent.CompletableFuture@7c57a284[Not completed]
2023-10-17 18:54:38,094 [9f5ee6cc-18ea-4245-a4cd-5944efe2ec09-groupManagement] INFO  server.RaftServer$Division (RaftServerImpl.java:<init>(198)) - 9f5ee6cc-18ea-4245-a4cd-5944efe2ec09: new RaftServerImpl for group-FD33B511FC74:[c3f8e5ad-ff25-4bb1-b821-874019ad4281|rpc:10.1.0.79:15077|admin:10.1.0.79:15076|client:10.1.0.79:15075|dataStream:10.1.0.79:15078|priority:0|startupRole:FOLLOWER, 7a0123dc-2631-482f-afc4-3bb35f550263|rpc:10.1.0.79:15086|admin:10.1.0.79:15085|client:10.1.0.79:15084|dataStream:10.1.0.79:15087|priority:1|startupRole:FOLLOWER, 9f5ee6cc-18ea-4245-a4cd-5944efe2ec09|rpc:10.1.0.79:15068|admin:10.1.0.79:15067|client:10.1.0.79:15066|dataStream:10.1.0.79:15069|priority:0|startupRole:FOLLOWER] with ContainerStateMachine:uninitialized
2023-10-17 18:54:38,094 [9f5ee6cc-18ea-4245-a4cd-5944efe2ec09-groupManagement] INFO  server.RaftServerConfigKeys (ConfUtils.java:logGet(46)) - raft.server.rpc.timeout.min = 5s (custom)
2023-10-17 18:54:38,094 [9f5ee6cc-18ea-4245-a4cd-5944efe2ec09-groupManagement] INFO  server.RaftServerConfigKeys (ConfUtils.java:logGet(46)) - raft.server.rpc.timeout.max = 5200ms (custom)
2023-10-17 18:54:38,095 [9f5ee6cc-18ea-4245-a4cd-5944efe2ec09-groupManagement] INFO  server.RaftServerConfigKeys (ConfUtils.java:logGet(46)) - raft.server.rpc.sleep.time = 25ms (default)
2023-10-17 18:54:38,095 [9f5ee6cc-18ea-4245-a4cd-5944efe2ec09-groupManagement] INFO  server.RaftServerConfigKeys (ConfUtils.java:logGet(46)) - raft.server.rpc.slowness.timeout = 300s (custom)
2023-10-17 18:54:38,095 [9f5ee6cc-18ea-4245-a4cd-5944efe2ec09-groupManagement] INFO  server.RaftServerConfigKeys (ConfUtils.java:logGet(46)) - raft.server.leaderelection.leader.step-down.wait-time = 10s (default)
2023-10-17 18:54:38,095 [9f5ee6cc-18ea-4245-a4cd-5944efe2ec09-groupManagement] INFO  server.RaftServerConfigKeys (ConfUtils.java:logGet(46)) - raft.server.sleep.deviation.threshold = 300ms (default)
2023-10-17 18:54:38,095 [9f5ee6cc-18ea-4245-a4cd-5944efe2ec09-groupManagement] INFO  server.RaftServer$Division (ServerState.java:<init>(120)) - 9f5ee6cc-18ea-4245-a4cd-5944efe2ec09@group-FD33B511FC74: ConfigurationManager, init=-1: peers:[c3f8e5ad-ff25-4bb1-b821-874019ad4281|rpc:10.1.0.79:15077|admin:10.1.0.79:15076|client:10.1.0.79:15075|dataStream:10.1.0.79:15078|priority:0|startupRole:FOLLOWER, 7a0123dc-2631-482f-afc4-3bb35f550263|rpc:10.1.0.79:15086|admin:10.1.0.79:15085|client:10.1.0.79:15084|dataStream:10.1.0.79:15087|priority:1|startupRole:FOLLOWER, 9f5ee6cc-18ea-4245-a4cd-5944efe2ec09|rpc:10.1.0.79:15068|admin:10.1.0.79:15067|client:10.1.0.79:15066|dataStream:10.1.0.79:15069|priority:0|startupRole:FOLLOWER]|listeners:[], old=null, confs=<EMPTY_MAP>
2023-10-17 18:54:38,095 [9f5ee6cc-18ea-4245-a4cd-5944efe2ec09-groupManagement] INFO  server.RaftServerConfigKeys (ConfUtils.java:logGet(46)) - raft.server.storage.dir = [/home/runner/work/ozone/ozone/hadoop-ozone/integration-test/target/test-dir/MiniOzoneClusterImpl-6d5b43b8-50d7-4b60-8424-e359ec6f806a/datanode-6/data/ratis] (custom)
2023-10-17 18:54:38,095 [9f5ee6cc-18ea-4245-a4cd-5944efe2ec09-groupManagement] INFO  server.RaftServerConfigKeys (ConfUtils.java:logGet(46)) - raft.server.log.corruption.policy = EXCEPTION (default)
2023-10-17 18:54:38,095 [9f5ee6cc-18ea-4245-a4cd-5944efe2ec09-groupManagement] INFO  server.RaftServerConfigKeys (ConfUtils.java:logGet(46)) - raft.server.storage.free-space.min = 0MB (=0) (default)
2023-10-17 18:54:38,095 [9f5ee6cc-18ea-4245-a4cd-5944efe2ec09-groupManagement] INFO  server.RaftServerConfigKeys (ConfUtils.java:logGet(46)) - raft.server.notification.no-leader.timeout = 300s (custom)
2023-10-17 18:54:38,095 [9f5ee6cc-18ea-4245-a4cd-5944efe2ec09-groupManagement] INFO  server.RaftServerConfigKeys (ConfUtils.java:logGet(46)) - raft.server.read.timeout = 10s (default)
2023-10-17 18:54:38,095 [9f5ee6cc-18ea-4245-a4cd-5944efe2ec09-groupManagement] INFO  server.RaftServerConfigKeys (ConfUtils.java:logGet(46)) - raft.server.retrycache.expirytime = 600000ms (custom)
2023-10-17 18:54:38,095 [9f5ee6cc-18ea-4245-a4cd-5944efe2ec09-groupManagement] INFO  server.RaftServerConfigKeys (ConfUtils.java:logGet(46)) - raft.server.retrycache.statistics.expirytime = 100μs (default)
2023-10-17 18:54:38,096 [9f5ee6cc-18ea-4245-a4cd-5944efe2ec09-groupManagement] INFO  server.RaftServerConfigKeys (ConfUtils.java:logGet(46)) - raft.server.read.option = DEFAULT (default)
2023-10-17 18:54:38,097 [9f5ee6cc-18ea-4245-a4cd-5944efe2ec09-groupManagement] INFO  server.RaftServerConfigKeys (ConfUtils.java:logGet(46)) - raft.server.rpc.request.timeout = 60s (custom)
2023-10-17 18:54:38,097 [9f5ee6cc-18ea-4245-a4cd-5944efe2ec09-groupManagement] INFO  server.RaftServerConfigKeys (ConfUtils.java:logGet(46)) - raft.server.log.appender.install.snapshot.enabled = false (custom)
2023-10-17 18:54:38,097 [9f5ee6cc-18ea-4245-a4cd-5944efe2ec09-groupManagement] INFO  server.RaftServerConfigKeys (ConfUtils.java:logGet(46)) - raft.server.threadpool.server.cached = true (default)
2023-10-17 18:54:38,097 [9f5ee6cc-18ea-4245-a4cd-5944efe2ec09-groupManagement] INFO  server.RaftServerConfigKeys (ConfUtils.java:logGet(46)) - raft.server.threadpool.server.size = 0 (default)
2023-10-17 18:54:38,097 [9f5ee6cc-18ea-4245-a4cd-5944efe2ec09-groupManagement] INFO  server.RaftServerConfigKeys (ConfUtils.java:logGet(46)) - raft.server.threadpool.client.cached = true (default)
2023-10-17 18:54:38,097 [9f5ee6cc-18ea-4245-a4cd-5944efe2ec09-groupManagement] INFO  server.RaftServerConfigKeys (ConfUtils.java:logGet(46)) - raft.server.threadpool.client.size = 0 (default)
2023-10-17 18:54:38,097 [9f5ee6cc-18ea-4245-a4cd-5944efe2ec09-groupManagement] INFO  storage.RaftStorageDirectory (RaftStorageDirectoryImpl.java:analyzeStorage(137)) - The storage directory /home/runner/work/ozone/ozone/hadoop-ozone/integration-test/target/test-dir/MiniOzoneClusterImpl-6d5b43b8-50d7-4b60-8424-e359ec6f806a/datanode-6/data/ratis/9389bb51-d03c-4c0b-969d-fd33b511fc74 does not exist. Creating ...
2023-10-17 18:54:38,099 [9f5ee6cc-18ea-4245-a4cd-5944efe2ec09-groupManagement] INFO  storage.RaftStorageDirectory (RaftStorageDirectoryImpl.java:tryLock(231)) - Lock on /home/runner/work/ozone/ozone/hadoop-ozone/integration-test/target/test-dir/MiniOzoneClusterImpl-6d5b43b8-50d7-4b60-8424-e359ec6f806a/datanode-6/data/ratis/9389bb51-d03c-4c0b-969d-fd33b511fc74/in_use.lock acquired by nodename 97056@fv-az82-357
2023-10-17 18:54:38,101 [9f5ee6cc-18ea-4245-a4cd-5944efe2ec09-groupManagement] INFO  storage.RaftStorage (RaftStorageImpl.java:format(96)) - Storage directory /home/runner/work/ozone/ozone/hadoop-ozone/integration-test/target/test-dir/MiniOzoneClusterImpl-6d5b43b8-50d7-4b60-8424-e359ec6f806a/datanode-6/data/ratis/9389bb51-d03c-4c0b-969d-fd33b511fc74 has been successfully formatted.
2023-10-17 18:54:38,102 [9f5ee6cc-18ea-4245-a4cd-5944efe2ec09-groupManagement] INFO  ratis.ContainerStateMachine (ContainerStateMachine.java:loadSnapshot(262)) - group-FD33B511FC74: The snapshot info is null. Setting the last applied indexto:(t:0, i:~)
2023-10-17 18:54:38,104 [EventQueue-OpenPipelineForHealthyPipelineSafeModeRule] INFO  safemode.SCMSafeModeManager (HealthyPipelineSafeModeRule.java:process(137)) - SCM in safe mode. Healthy pipelines reported count is 0, required healthy pipeline reported count is 1
2023-10-17 18:54:38,107 [9f5ee6cc-18ea-4245-a4cd-5944efe2ec09-groupManagement] INFO  server.RaftServerConfigKeys (ConfUtils.java:logGet(46)) - raft.server.log.use.memory = false (default)
2023-10-17 18:54:38,108 [9f5ee6cc-18ea-4245-a4cd-5944efe2ec09-groupManagement] INFO  server.RaftServerConfigKeys (ConfUtils.java:logGet(46)) - raft.server.log.purge.gap = 1000000 (custom)
2023-10-17 18:54:38,108 [9f5ee6cc-18ea-4245-a4cd-5944efe2ec09-groupManagement] INFO  server.RaftServerConfigKeys (ConfUtils.java:logGet(46)) - raft.server.log.appender.buffer.byte-limit = 33554432 (custom)
2023-10-17 18:54:38,108 [9f5ee6cc-18ea-4245-a4cd-5944efe2ec09-groupManagement] INFO  server.RaftServerConfigKeys (ConfUtils.java:logGet(46)) - raft.server.log.statemachine.data.read.timeout = 1000ms (default)
2023-10-17 18:54:38,108 [9f5ee6cc-18ea-4245-a4cd-5944efe2ec09-groupManagement] INFO  server.RaftServerConfigKeys (ConfUtils.java:logGet(46)) - raft.server.log.purge.preservation.log.num = 0 (default)
2023-10-17 18:54:38,108 [9f5ee6cc-18ea-4245-a4cd-5944efe2ec09-groupManagement] INFO  server.RaftServerConfigKeys (ConfUtils.java:logGet(46)) - raft.server.log.segment.size.max = 1048576 (custom)
2023-10-17 18:54:38,109 [9f5ee6cc-18ea-4245-a4cd-5944efe2ec09-groupManagement] INFO  server.RaftServerConfigKeys (ConfUtils.java:logGet(46)) - raft.server.log.segment.cache.num.max = 2 (custom)
2023-10-17 18:54:38,109 [9f5ee6cc-18ea-4245-a4cd-5944efe2ec09-groupManagement] INFO  server.RaftServerConfigKeys (ConfUtils.java:logGet(46)) - raft.server.log.segment.cache.size.max = 200MB (=209715200) (default)
2023-10-17 18:54:38,109 [9f5ee6cc-18ea-4245-a4cd-5944efe2ec09-groupManagement] INFO  server.RaftServerConfigKeys (ConfUtils.java:logGet(46)) - raft.server.log.appender.buffer.byte-limit = 33554432 (custom)
2023-10-17 18:54:38,109 [9f5ee6cc-18ea-4245-a4cd-5944efe2ec09-groupManagement] INFO  segmented.SegmentedRaftLogWorker (SegmentedRaftLogWorker.java:<init>(188)) - new 9f5ee6cc-18ea-4245-a4cd-5944efe2ec09@group-FD33B511FC74-SegmentedRaftLogWorker for RaftStorageImpl:Storage Directory /home/runner/work/ozone/ozone/hadoop-ozone/integration-test/target/test-dir/MiniOzoneClusterImpl-6d5b43b8-50d7-4b60-8424-e359ec6f806a/datanode-6/data/ratis/9389bb51-d03c-4c0b-969d-fd33b511fc74
2023-10-17 18:54:38,110 [9f5ee6cc-18ea-4245-a4cd-5944efe2ec09-groupManagement] INFO  server.RaftServerConfigKeys (ConfUtils.java:logGet(46)) - raft.server.log.queue.byte-limit = 4294967296 (custom)
2023-10-17 18:54:38,110 [9f5ee6cc-18ea-4245-a4cd-5944efe2ec09-groupManagement] INFO  server.RaftServerConfigKeys (ConfUtils.java:logGet(46)) - raft.server.log.queue.element-limit = 1024 (custom)
2023-10-17 18:54:38,110 [9f5ee6cc-18ea-4245-a4cd-5944efe2ec09-groupManagement] INFO  server.RaftServerConfigKeys (ConfUtils.java:logGet(46)) - raft.server.log.segment.size.max = 1048576 (custom)
2023-10-17 18:54:38,110 [9f5ee6cc-18ea-4245-a4cd-5944efe2ec09-groupManagement] INFO  server.RaftServerConfigKeys (ConfUtils.java:logGet(46)) - raft.server.log.preallocated.size = 16384 (custom)
2023-10-17 18:54:38,110 [9f5ee6cc-18ea-4245-a4cd-5944efe2ec09-groupManagement] INFO  server.RaftServerConfigKeys (ConfUtils.java:logGet(46)) - raft.server.log.force.sync.num = 128 (default)
2023-10-17 18:54:38,110 [9f5ee6cc-18ea-4245-a4cd-5944efe2ec09-groupManagement] INFO  server.RaftServerConfigKeys (ConfUtils.java:logGet(46)) - raft.server.log.statemachine.data.sync = true (default)
2023-10-17 18:54:38,111 [9f5ee6cc-18ea-4245-a4cd-5944efe2ec09-groupManagement] INFO  server.RaftServerConfigKeys (ConfUtils.java:logGet(46)) - raft.server.log.statemachine.data.sync.timeout = 10s (default)
2023-10-17 18:54:38,111 [9f5ee6cc-18ea-4245-a4cd-5944efe2ec09-groupManagement] INFO  server.RaftServerConfigKeys (ConfUtils.java:logGet(46)) - raft.server.log.statemachine.data.sync.timeout.retry = -1 (default)
2023-10-17 18:54:38,112 [9f5ee6cc-18ea-4245-a4cd-5944efe2ec09-groupManagement] INFO  server.RaftServerConfigKeys (ConfUtils.java:logGet(46)) - raft.server.log.write.buffer.size = 1048576 (custom)
2023-10-17 18:54:38,113 [9f5ee6cc-18ea-4245-a4cd-5944efe2ec09-groupManagement] INFO  server.RaftServerConfigKeys (ConfUtils.java:logGet(46)) - raft.server.log.appender.buffer.byte-limit = 33554432 (custom)
2023-10-17 18:54:38,118 [9f5ee6cc-18ea-4245-a4cd-5944efe2ec09-groupManagement] INFO  server.RaftServerConfigKeys (ConfUtils.java:logGet(46)) - raft.server.log.unsafe-flush.enabled = false (default)
2023-10-17 18:54:38,118 [9f5ee6cc-18ea-4245-a4cd-5944efe2ec09-groupManagement] INFO  server.RaftServerConfigKeys (ConfUtils.java:logGet(46)) - raft.server.log.async-flush.enabled = false (default)
2023-10-17 18:54:38,118 [9f5ee6cc-18ea-4245-a4cd-5944efe2ec09-groupManagement] INFO  server.RaftServerConfigKeys (ConfUtils.java:logGet(46)) - raft.server.log.statemachine.data.caching.enabled = true (custom)
2023-10-17 18:54:38,119 [9f5ee6cc-18ea-4245-a4cd-5944efe2ec09-groupManagement] INFO  segmented.SegmentedRaftLogWorker (SegmentedRaftLogWorker.java:lambda$new$0(135)) - 9f5ee6cc-18ea-4245-a4cd-5944efe2ec09@group-FD33B511FC74-SegmentedRaftLogWorker: flushIndex: setUnconditionally 0 -> -1
2023-10-17 18:54:38,119 [9f5ee6cc-18ea-4245-a4cd-5944efe2ec09-groupManagement] INFO  segmented.SegmentedRaftLogWorker (SegmentedRaftLogWorker.java:lambda$new$0(135)) - 9f5ee6cc-18ea-4245-a4cd-5944efe2ec09@group-FD33B511FC74-SegmentedRaftLogWorker: safeCacheEvictIndex: setUnconditionally 0 -> -1
2023-10-17 18:54:38,125 [9f5ee6cc-18ea-4245-a4cd-5944efe2ec09-groupManagement] INFO  server.RaftServer$Division (RaftServerImpl.java:start(342)) - 9f5ee6cc-18ea-4245-a4cd-5944efe2ec09@group-FD33B511FC74: start as a follower, conf=-1: peers:[c3f8e5ad-ff25-4bb1-b821-874019ad4281|rpc:10.1.0.79:15077|admin:10.1.0.79:15076|client:10.1.0.79:15075|dataStream:10.1.0.79:15078|priority:0|startupRole:FOLLOWER, 7a0123dc-2631-482f-afc4-3bb35f550263|rpc:10.1.0.79:15086|admin:10.1.0.79:15085|client:10.1.0.79:15084|dataStream:10.1.0.79:15087|priority:1|startupRole:FOLLOWER, 9f5ee6cc-18ea-4245-a4cd-5944efe2ec09|rpc:10.1.0.79:15068|admin:10.1.0.79:15067|client:10.1.0.79:15066|dataStream:10.1.0.79:15069|priority:0|startupRole:FOLLOWER]|listeners:[], old=null
2023-10-17 18:54:38,125 [9f5ee6cc-18ea-4245-a4cd-5944efe2ec09-groupManagement] INFO  server.RaftServer$Division (RaftServerImpl.java:setRole(329)) - 9f5ee6cc-18ea-4245-a4cd-5944efe2ec09@group-FD33B511FC74: changes role from      null to FOLLOWER at term 0 for startAsFollower
2023-10-17 18:54:38,125 [9f5ee6cc-18ea-4245-a4cd-5944efe2ec09-groupManagement] INFO  impl.RoleInfo (RoleInfo.java:updateAndGet(139)) - 9f5ee6cc-18ea-4245-a4cd-5944efe2ec09: start 9f5ee6cc-18ea-4245-a4cd-5944efe2ec09@group-FD33B511FC74-FollowerState
2023-10-17 18:54:38,129 [9f5ee6cc-18ea-4245-a4cd-5944efe2ec09-groupManagement] INFO  util.JmxRegister (JmxRegister.java:tryRegister(44)) - Successfully registered JMX Bean with object name Ratis:service=RaftServer,group=group-FD33B511FC74,id=9f5ee6cc-18ea-4245-a4cd-5944efe2ec09
2023-10-17 18:54:38,129 [9f5ee6cc-18ea-4245-a4cd-5944efe2ec09-groupManagement] INFO  server.RaftServerConfigKeys (ConfUtils.java:logGet(46)) - raft.server.snapshot.auto.trigger.enabled = true (custom)
2023-10-17 18:54:38,129 [9f5ee6cc-18ea-4245-a4cd-5944efe2ec09-groupManagement] INFO  server.RaftServerConfigKeys (ConfUtils.java:logGet(46)) - raft.server.snapshot.auto.trigger.threshold = 10000 (custom)
2023-10-17 18:54:38,129 [9f5ee6cc-18ea-4245-a4cd-5944efe2ec09-groupManagement] INFO  server.RaftServerConfigKeys (ConfUtils.java:logGet(46)) - raft.server.snapshot.retention.file.num = 5 (custom)
2023-10-17 18:54:38,129 [9f5ee6cc-18ea-4245-a4cd-5944efe2ec09-groupManagement] INFO  server.RaftServerConfigKeys (ConfUtils.java:logGet(46)) - raft.server.log.purge.upto.snapshot.index = false (default)
2023-10-17 18:54:38,130 [9f5ee6cc-18ea-4245-a4cd-5944efe2ec09@group-FD33B511FC74-FollowerState] INFO  server.RaftServerConfigKeys (ConfUtils.java:logFallback(53)) - raft.server.rpc.first-election.timeout.min = 5s (fallback to raft.server.rpc.timeout.min)
2023-10-17 18:54:38,130 [9f5ee6cc-18ea-4245-a4cd-5944efe2ec09@group-FD33B511FC74-FollowerState] INFO  server.RaftServerConfigKeys (ConfUtils.java:logFallback(53)) - raft.server.rpc.first-election.timeout.max = 5200ms (fallback to raft.server.rpc.timeout.max)
2023-10-17 18:54:38,132 [PipelineCommandHandlerThread-0] INFO  ratis.XceiverServerRatis (XceiverServerRatis.java:addGroup(804)) - Created group PipelineID=9389bb51-d03c-4c0b-969d-fd33b511fc74
2023-10-17 18:54:38,148 [grpc-default-executor-1] INFO  server.RaftServer (RaftServerProxy.java:addNew(98)) - c3f8e5ad-ff25-4bb1-b821-874019ad4281: addNew group-FD33B511FC74:[c3f8e5ad-ff25-4bb1-b821-874019ad4281|rpc:10.1.0.79:15077|admin:10.1.0.79:15076|client:10.1.0.79:15075|dataStream:10.1.0.79:15078|priority:0|startupRole:FOLLOWER, 7a0123dc-2631-482f-afc4-3bb35f550263|rpc:10.1.0.79:15086|admin:10.1.0.79:15085|client:10.1.0.79:15084|dataStream:10.1.0.79:15087|priority:1|startupRole:FOLLOWER, 9f5ee6cc-18ea-4245-a4cd-5944efe2ec09|rpc:10.1.0.79:15068|admin:10.1.0.79:15067|client:10.1.0.79:15066|dataStream:10.1.0.79:15069|priority:0|startupRole:FOLLOWER] returns group-FD33B511FC74:java.util.concurrent.CompletableFuture@13b89b33[Not completed]
2023-10-17 18:54:38,157 [c3f8e5ad-ff25-4bb1-b821-874019ad4281-groupManagement] INFO  server.RaftServer$Division (RaftServerImpl.java:<init>(198)) - c3f8e5ad-ff25-4bb1-b821-874019ad4281: new RaftServerImpl for group-FD33B511FC74:[c3f8e5ad-ff25-4bb1-b821-874019ad4281|rpc:10.1.0.79:15077|admin:10.1.0.79:15076|client:10.1.0.79:15075|dataStream:10.1.0.79:15078|priority:0|startupRole:FOLLOWER, 7a0123dc-2631-482f-afc4-3bb35f550263|rpc:10.1.0.79:15086|admin:10.1.0.79:15085|client:10.1.0.79:15084|dataStream:10.1.0.79:15087|priority:1|startupRole:FOLLOWER, 9f5ee6cc-18ea-4245-a4cd-5944efe2ec09|rpc:10.1.0.79:15068|admin:10.1.0.79:15067|client:10.1.0.79:15066|dataStream:10.1.0.79:15069|priority:0|startupRole:FOLLOWER] with ContainerStateMachine:uninitialized
2023-10-17 18:54:38,157 [c3f8e5ad-ff25-4bb1-b821-874019ad4281-groupManagement] INFO  server.RaftServerConfigKeys (ConfUtils.java:logGet(46)) - raft.server.rpc.timeout.min = 5s (custom)
2023-10-17 18:54:38,157 [c3f8e5ad-ff25-4bb1-b821-874019ad4281-groupManagement] INFO  server.RaftServerConfigKeys (ConfUtils.java:logGet(46)) - raft.server.rpc.timeout.max = 5200ms (custom)
2023-10-17 18:54:38,157 [c3f8e5ad-ff25-4bb1-b821-874019ad4281-groupManagement] INFO  server.RaftServerConfigKeys (ConfUtils.java:logGet(46)) - raft.server.rpc.sleep.time = 25ms (default)
2023-10-17 18:54:38,157 [c3f8e5ad-ff25-4bb1-b821-874019ad4281-groupManagement] INFO  server.RaftServerConfigKeys (ConfUtils.java:logGet(46)) - raft.server.rpc.slowness.timeout = 300s (custom)
2023-10-17 18:54:38,157 [c3f8e5ad-ff25-4bb1-b821-874019ad4281-groupManagement] INFO  server.RaftServerConfigKeys (ConfUtils.java:logGet(46)) - raft.server.leaderelection.leader.step-down.wait-time = 10s (default)
2023-10-17 18:54:38,157 [c3f8e5ad-ff25-4bb1-b821-874019ad4281-groupManagement] INFO  server.RaftServerConfigKeys (ConfUtils.java:logGet(46)) - raft.server.sleep.deviation.threshold = 300ms (default)
2023-10-17 18:54:38,157 [c3f8e5ad-ff25-4bb1-b821-874019ad4281-groupManagement] INFO  server.RaftServer$Division (ServerState.java:<init>(120)) - c3f8e5ad-ff25-4bb1-b821-874019ad4281@group-FD33B511FC74: ConfigurationManager, init=-1: peers:[c3f8e5ad-ff25-4bb1-b821-874019ad4281|rpc:10.1.0.79:15077|admin:10.1.0.79:15076|client:10.1.0.79:15075|dataStream:10.1.0.79:15078|priority:0|startupRole:FOLLOWER, 7a0123dc-2631-482f-afc4-3bb35f550263|rpc:10.1.0.79:15086|admin:10.1.0.79:15085|client:10.1.0.79:15084|dataStream:10.1.0.79:15087|priority:1|startupRole:FOLLOWER, 9f5ee6cc-18ea-4245-a4cd-5944efe2ec09|rpc:10.1.0.79:15068|admin:10.1.0.79:15067|client:10.1.0.79:15066|dataStream:10.1.0.79:15069|priority:0|startupRole:FOLLOWER]|listeners:[], old=null, confs=<EMPTY_MAP>
2023-10-17 18:54:38,157 [c3f8e5ad-ff25-4bb1-b821-874019ad4281-groupManagement] INFO  server.RaftServerConfigKeys (ConfUtils.java:logGet(46)) - raft.server.storage.dir = [/home/runner/work/ozone/ozone/hadoop-ozone/integration-test/target/test-dir/MiniOzoneClusterImpl-6d5b43b8-50d7-4b60-8424-e359ec6f806a/datanode-7/data/ratis] (custom)
2023-10-17 18:54:38,158 [c3f8e5ad-ff25-4bb1-b821-874019ad4281-groupManagement] INFO  server.RaftServerConfigKeys (ConfUtils.java:logGet(46)) - raft.server.log.corruption.policy = EXCEPTION (default)
2023-10-17 18:54:38,158 [c3f8e5ad-ff25-4bb1-b821-874019ad4281-groupManagement] INFO  server.RaftServerConfigKeys (ConfUtils.java:logGet(46)) - raft.server.storage.free-space.min = 0MB (=0) (default)
2023-10-17 18:54:38,158 [c3f8e5ad-ff25-4bb1-b821-874019ad4281-groupManagement] INFO  server.RaftServerConfigKeys (ConfUtils.java:logGet(46)) - raft.server.notification.no-leader.timeout = 300s (custom)
2023-10-17 18:54:38,158 [c3f8e5ad-ff25-4bb1-b821-874019ad4281-groupManagement] INFO  server.RaftServerConfigKeys (ConfUtils.java:logGet(46)) - raft.server.read.timeout = 10s (default)
2023-10-17 18:54:38,159 [c3f8e5ad-ff25-4bb1-b821-874019ad4281-groupManagement] INFO  server.RaftServerConfigKeys (ConfUtils.java:logGet(46)) - raft.server.retrycache.expirytime = 600000ms (custom)
2023-10-17 18:54:38,159 [c3f8e5ad-ff25-4bb1-b821-874019ad4281-groupManagement] INFO  server.RaftServerConfigKeys (ConfUtils.java:logGet(46)) - raft.server.retrycache.statistics.expirytime = 100μs (default)
2023-10-17 18:54:38,159 [c3f8e5ad-ff25-4bb1-b821-874019ad4281-groupManagement] INFO  server.RaftServerConfigKeys (ConfUtils.java:logGet(46)) - raft.server.read.option = DEFAULT (default)
2023-10-17 18:54:38,164 [c3f8e5ad-ff25-4bb1-b821-874019ad4281-groupManagement] INFO  server.RaftServerConfigKeys (ConfUtils.java:logGet(46)) - raft.server.rpc.request.timeout = 60s (custom)
2023-10-17 18:54:38,164 [c3f8e5ad-ff25-4bb1-b821-874019ad4281-groupManagement] INFO  server.RaftServerConfigKeys (ConfUtils.java:logGet(46)) - raft.server.log.appender.install.snapshot.enabled = false (custom)
2023-10-17 18:54:38,164 [c3f8e5ad-ff25-4bb1-b821-874019ad4281-groupManagement] INFO  server.RaftServerConfigKeys (ConfUtils.java:logGet(46)) - raft.server.threadpool.server.cached = true (default)
2023-10-17 18:54:38,164 [c3f8e5ad-ff25-4bb1-b821-874019ad4281-groupManagement] INFO  server.RaftServerConfigKeys (ConfUtils.java:logGet(46)) - raft.server.threadpool.server.size = 0 (default)
2023-10-17 18:54:38,165 [c3f8e5ad-ff25-4bb1-b821-874019ad4281-groupManagement] INFO  server.RaftServerConfigKeys (ConfUtils.java:logGet(46)) - raft.server.threadpool.client.cached = true (default)
2023-10-17 18:54:38,165 [c3f8e5ad-ff25-4bb1-b821-874019ad4281-groupManagement] INFO  server.RaftServerConfigKeys (ConfUtils.java:logGet(46)) - raft.server.threadpool.client.size = 0 (default)
2023-10-17 18:54:38,165 [c3f8e5ad-ff25-4bb1-b821-874019ad4281-groupManagement] INFO  storage.RaftStorageDirectory (RaftStorageDirectoryImpl.java:analyzeStorage(137)) - The storage directory /home/runner/work/ozone/ozone/hadoop-ozone/integration-test/target/test-dir/MiniOzoneClusterImpl-6d5b43b8-50d7-4b60-8424-e359ec6f806a/datanode-7/data/ratis/9389bb51-d03c-4c0b-969d-fd33b511fc74 does not exist. Creating ...
2023-10-17 18:54:38,167 [c3f8e5ad-ff25-4bb1-b821-874019ad4281-groupManagement] INFO  storage.RaftStorageDirectory (RaftStorageDirectoryImpl.java:tryLock(231)) - Lock on /home/runner/work/ozone/ozone/hadoop-ozone/integration-test/target/test-dir/MiniOzoneClusterImpl-6d5b43b8-50d7-4b60-8424-e359ec6f806a/datanode-7/data/ratis/9389bb51-d03c-4c0b-969d-fd33b511fc74/in_use.lock acquired by nodename 97056@fv-az82-357
2023-10-17 18:54:38,169 [c3f8e5ad-ff25-4bb1-b821-874019ad4281-groupManagement] INFO  storage.RaftStorage (RaftStorageImpl.java:format(96)) - Storage directory /home/runner/work/ozone/ozone/hadoop-ozone/integration-test/target/test-dir/MiniOzoneClusterImpl-6d5b43b8-50d7-4b60-8424-e359ec6f806a/datanode-7/data/ratis/9389bb51-d03c-4c0b-969d-fd33b511fc74 has been successfully formatted.
2023-10-17 18:54:38,173 [c3f8e5ad-ff25-4bb1-b821-874019ad4281-groupManagement] INFO  ratis.ContainerStateMachine (ContainerStateMachine.java:loadSnapshot(262)) - group-FD33B511FC74: The snapshot info is null. Setting the last applied indexto:(t:0, i:~)
2023-10-17 18:54:38,173 [c3f8e5ad-ff25-4bb1-b821-874019ad4281-groupManagement] INFO  server.RaftServerConfigKeys (ConfUtils.java:logGet(46)) - raft.server.log.use.memory = false (default)
2023-10-17 18:54:38,173 [c3f8e5ad-ff25-4bb1-b821-874019ad4281-groupManagement] INFO  server.RaftServerConfigKeys (ConfUtils.java:logGet(46)) - raft.server.log.purge.gap = 1000000 (custom)
2023-10-17 18:54:38,173 [c3f8e5ad-ff25-4bb1-b821-874019ad4281-groupManagement] INFO  server.RaftServerConfigKeys (ConfUtils.java:logGet(46)) - raft.server.log.appender.buffer.byte-limit = 33554432 (custom)
2023-10-17 18:54:38,173 [c3f8e5ad-ff25-4bb1-b821-874019ad4281-groupManagement] INFO  server.RaftServerConfigKeys (ConfUtils.java:logGet(46)) - raft.server.log.statemachine.data.read.timeout = 1000ms (default)
2023-10-17 18:54:38,173 [c3f8e5ad-ff25-4bb1-b821-874019ad4281-groupManagement] INFO  server.RaftServerConfigKeys (ConfUtils.java:logGet(46)) - raft.server.log.purge.preservation.log.num = 0 (default)
2023-10-17 18:54:38,174 [c3f8e5ad-ff25-4bb1-b821-874019ad4281-groupManagement] INFO  server.RaftServerConfigKeys (ConfUtils.java:logGet(46)) - raft.server.log.segment.size.max = 1048576 (custom)
2023-10-17 18:54:38,175 [c3f8e5ad-ff25-4bb1-b821-874019ad4281-groupManagement] INFO  server.RaftServerConfigKeys (ConfUtils.java:logGet(46)) - raft.server.log.segment.cache.num.max = 2 (custom)
2023-10-17 18:54:38,175 [c3f8e5ad-ff25-4bb1-b821-874019ad4281-groupManagement] INFO  server.RaftServerConfigKeys (ConfUtils.java:logGet(46)) - raft.server.log.segment.cache.size.max = 200MB (=209715200) (default)
2023-10-17 18:54:38,175 [c3f8e5ad-ff25-4bb1-b821-874019ad4281-groupManagement] INFO  server.RaftServerConfigKeys (ConfUtils.java:logGet(46)) - raft.server.log.appender.buffer.byte-limit = 33554432 (custom)
2023-10-17 18:54:38,175 [c3f8e5ad-ff25-4bb1-b821-874019ad4281-groupManagement] INFO  segmented.SegmentedRaftLogWorker (SegmentedRaftLogWorker.java:<init>(188)) - new c3f8e5ad-ff25-4bb1-b821-874019ad4281@group-FD33B511FC74-SegmentedRaftLogWorker for RaftStorageImpl:Storage Directory /home/runner/work/ozone/ozone/hadoop-ozone/integration-test/target/test-dir/MiniOzoneClusterImpl-6d5b43b8-50d7-4b60-8424-e359ec6f806a/datanode-7/data/ratis/9389bb51-d03c-4c0b-969d-fd33b511fc74
2023-10-17 18:54:38,175 [c3f8e5ad-ff25-4bb1-b821-874019ad4281-groupManagement] INFO  server.RaftServerConfigKeys (ConfUtils.java:logGet(46)) - raft.server.log.queue.byte-limit = 4294967296 (custom)
2023-10-17 18:54:38,175 [c3f8e5ad-ff25-4bb1-b821-874019ad4281-groupManagement] INFO  server.RaftServerConfigKeys (ConfUtils.java:logGet(46)) - raft.server.log.queue.element-limit = 1024 (custom)
2023-10-17 18:54:38,175 [c3f8e5ad-ff25-4bb1-b821-874019ad4281-groupManagement] INFO  server.RaftServerConfigKeys (ConfUtils.java:logGet(46)) - raft.server.log.segment.size.max = 1048576 (custom)
2023-10-17 18:54:38,175 [c3f8e5ad-ff25-4bb1-b821-874019ad4281-groupManagement] INFO  server.RaftServerConfigKeys (ConfUtils.java:logGet(46)) - raft.server.log.preallocated.size = 16384 (custom)
2023-10-17 18:54:38,175 [c3f8e5ad-ff25-4bb1-b821-874019ad4281-groupManagement] INFO  server.RaftServerConfigKeys (ConfUtils.java:logGet(46)) - raft.server.log.force.sync.num = 128 (default)
2023-10-17 18:54:38,177 [c3f8e5ad-ff25-4bb1-b821-874019ad4281-groupManagement] INFO  server.RaftServerConfigKeys (ConfUtils.java:logGet(46)) - raft.server.log.statemachine.data.sync = true (default)
2023-10-17 18:54:38,177 [c3f8e5ad-ff25-4bb1-b821-874019ad4281-groupManagement] INFO  server.RaftServerConfigKeys (ConfUtils.java:logGet(46)) - raft.server.log.statemachine.data.sync.timeout = 10s (default)
2023-10-17 18:54:38,177 [c3f8e5ad-ff25-4bb1-b821-874019ad4281-groupManagement] INFO  server.RaftServerConfigKeys (ConfUtils.java:logGet(46)) - raft.server.log.statemachine.data.sync.timeout.retry = -1 (default)
2023-10-17 18:54:38,179 [c3f8e5ad-ff25-4bb1-b821-874019ad4281-groupManagement] INFO  server.RaftServerConfigKeys (ConfUtils.java:logGet(46)) - raft.server.log.write.buffer.size = 1048576 (custom)
2023-10-17 18:54:38,180 [c3f8e5ad-ff25-4bb1-b821-874019ad4281-groupManagement] INFO  server.RaftServerConfigKeys (ConfUtils.java:logGet(46)) - raft.server.log.appender.buffer.byte-limit = 33554432 (custom)
2023-10-17 18:54:38,185 [c3f8e5ad-ff25-4bb1-b821-874019ad4281-groupManagement] INFO  server.RaftServerConfigKeys (ConfUtils.java:logGet(46)) - raft.server.log.unsafe-flush.enabled = false (default)
2023-10-17 18:54:38,185 [c3f8e5ad-ff25-4bb1-b821-874019ad4281-groupManagement] INFO  server.RaftServerConfigKeys (ConfUtils.java:logGet(46)) - raft.server.log.async-flush.enabled = false (default)
2023-10-17 18:54:38,185 [c3f8e5ad-ff25-4bb1-b821-874019ad4281-groupManagement] INFO  server.RaftServerConfigKeys (ConfUtils.java:logGet(46)) - raft.server.log.statemachine.data.caching.enabled = true (custom)
2023-10-17 18:54:38,186 [c3f8e5ad-ff25-4bb1-b821-874019ad4281-groupManagement] INFO  segmented.SegmentedRaftLogWorker (SegmentedRaftLogWorker.java:lambda$new$0(135)) - c3f8e5ad-ff25-4bb1-b821-874019ad4281@group-FD33B511FC74-SegmentedRaftLogWorker: flushIndex: setUnconditionally 0 -> -1
2023-10-17 18:54:38,186 [c3f8e5ad-ff25-4bb1-b821-874019ad4281-groupManagement] INFO  segmented.SegmentedRaftLogWorker (SegmentedRaftLogWorker.java:lambda$new$0(135)) - c3f8e5ad-ff25-4bb1-b821-874019ad4281@group-FD33B511FC74-SegmentedRaftLogWorker: safeCacheEvictIndex: setUnconditionally 0 -> -1
2023-10-17 18:54:38,186 [c3f8e5ad-ff25-4bb1-b821-874019ad4281-groupManagement] INFO  server.RaftServer$Division (RaftServerImpl.java:start(342)) - c3f8e5ad-ff25-4bb1-b821-874019ad4281@group-FD33B511FC74: start as a follower, conf=-1: peers:[c3f8e5ad-ff25-4bb1-b821-874019ad4281|rpc:10.1.0.79:15077|admin:10.1.0.79:15076|client:10.1.0.79:15075|dataStream:10.1.0.79:15078|priority:0|startupRole:FOLLOWER, 7a0123dc-2631-482f-afc4-3bb35f550263|rpc:10.1.0.79:15086|admin:10.1.0.79:15085|client:10.1.0.79:15084|dataStream:10.1.0.79:15087|priority:1|startupRole:FOLLOWER, 9f5ee6cc-18ea-4245-a4cd-5944efe2ec09|rpc:10.1.0.79:15068|admin:10.1.0.79:15067|client:10.1.0.79:15066|dataStream:10.1.0.79:15069|priority:0|startupRole:FOLLOWER]|listeners:[], old=null
2023-10-17 18:54:38,186 [c3f8e5ad-ff25-4bb1-b821-874019ad4281-groupManagement] INFO  server.RaftServer$Division (RaftServerImpl.java:setRole(329)) - c3f8e5ad-ff25-4bb1-b821-874019ad4281@group-FD33B511FC74: changes role from      null to FOLLOWER at term 0 for startAsFollower
2023-10-17 18:54:38,186 [c3f8e5ad-ff25-4bb1-b821-874019ad4281-groupManagement] INFO  impl.RoleInfo (RoleInfo.java:updateAndGet(139)) - c3f8e5ad-ff25-4bb1-b821-874019ad4281: start c3f8e5ad-ff25-4bb1-b821-874019ad4281@group-FD33B511FC74-FollowerState
2023-10-17 18:54:38,189 [c3f8e5ad-ff25-4bb1-b821-874019ad4281-groupManagement] INFO  util.JmxRegister (JmxRegister.java:tryRegister(44)) - Successfully registered JMX Bean with object name Ratis:service=RaftServer,group=group-FD33B511FC74,id=c3f8e5ad-ff25-4bb1-b821-874019ad4281
2023-10-17 18:54:38,189 [c3f8e5ad-ff25-4bb1-b821-874019ad4281-groupManagement] INFO  server.RaftServerConfigKeys (ConfUtils.java:logGet(46)) - raft.server.snapshot.auto.trigger.enabled = true (custom)
2023-10-17 18:54:38,189 [c3f8e5ad-ff25-4bb1-b821-874019ad4281-groupManagement] INFO  server.RaftServerConfigKeys (ConfUtils.java:logGet(46)) - raft.server.snapshot.auto.trigger.threshold = 10000 (custom)
2023-10-17 18:54:38,189 [c3f8e5ad-ff25-4bb1-b821-874019ad4281-groupManagement] INFO  server.RaftServerConfigKeys (ConfUtils.java:logGet(46)) - raft.server.snapshot.retention.file.num = 5 (custom)
2023-10-17 18:54:38,189 [c3f8e5ad-ff25-4bb1-b821-874019ad4281-groupManagement] INFO  server.RaftServerConfigKeys (ConfUtils.java:logGet(46)) - raft.server.log.purge.upto.snapshot.index = false (default)
2023-10-17 18:54:38,190 [c3f8e5ad-ff25-4bb1-b821-874019ad4281@group-FD33B511FC74-FollowerState] INFO  server.RaftServerConfigKeys (ConfUtils.java:logFallback(53)) - raft.server.rpc.first-election.timeout.min = 5s (fallback to raft.server.rpc.timeout.min)
2023-10-17 18:54:38,190 [c3f8e5ad-ff25-4bb1-b821-874019ad4281@group-FD33B511FC74-FollowerState] INFO  server.RaftServerConfigKeys (ConfUtils.java:logFallback(53)) - raft.server.rpc.first-election.timeout.max = 5200ms (fallback to raft.server.rpc.timeout.max)
2023-10-17 18:54:38,223 [grpc-default-executor-1] INFO  server.RaftServer (RaftServerProxy.java:addNew(98)) - 7a0123dc-2631-482f-afc4-3bb35f550263: addNew group-FD33B511FC74:[c3f8e5ad-ff25-4bb1-b821-874019ad4281|rpc:10.1.0.79:15077|admin:10.1.0.79:15076|client:10.1.0.79:15075|dataStream:10.1.0.79:15078|priority:0|startupRole:FOLLOWER, 7a0123dc-2631-482f-afc4-3bb35f550263|rpc:10.1.0.79:15086|admin:10.1.0.79:15085|client:10.1.0.79:15084|dataStream:10.1.0.79:15087|priority:1|startupRole:FOLLOWER, 9f5ee6cc-18ea-4245-a4cd-5944efe2ec09|rpc:10.1.0.79:15068|admin:10.1.0.79:15067|client:10.1.0.79:15066|dataStream:10.1.0.79:15069|priority:0|startupRole:FOLLOWER] returns group-FD33B511FC74:java.util.concurrent.CompletableFuture@52e3f36c[Not completed]
2023-10-17 18:54:38,224 [7a0123dc-2631-482f-afc4-3bb35f550263-groupManagement] INFO  server.RaftServer$Division (RaftServerImpl.java:<init>(198)) - 7a0123dc-2631-482f-afc4-3bb35f550263: new RaftServerImpl for group-FD33B511FC74:[c3f8e5ad-ff25-4bb1-b821-874019ad4281|rpc:10.1.0.79:15077|admin:10.1.0.79:15076|client:10.1.0.79:15075|dataStream:10.1.0.79:15078|priority:0|startupRole:FOLLOWER, 7a0123dc-2631-482f-afc4-3bb35f550263|rpc:10.1.0.79:15086|admin:10.1.0.79:15085|client:10.1.0.79:15084|dataStream:10.1.0.79:15087|priority:1|startupRole:FOLLOWER, 9f5ee6cc-18ea-4245-a4cd-5944efe2ec09|rpc:10.1.0.79:15068|admin:10.1.0.79:15067|client:10.1.0.79:15066|dataStream:10.1.0.79:15069|priority:0|startupRole:FOLLOWER] with ContainerStateMachine:uninitialized
2023-10-17 18:54:38,224 [7a0123dc-2631-482f-afc4-3bb35f550263-groupManagement] INFO  server.RaftServerConfigKeys (ConfUtils.java:logGet(46)) - raft.server.rpc.timeout.min = 5s (custom)
2023-10-17 18:54:38,224 [7a0123dc-2631-482f-afc4-3bb35f550263-groupManagement] INFO  server.RaftServerConfigKeys (ConfUtils.java:logGet(46)) - raft.server.rpc.timeout.max = 5200ms (custom)
2023-10-17 18:54:38,224 [7a0123dc-2631-482f-afc4-3bb35f550263-groupManagement] INFO  server.RaftServerConfigKeys (ConfUtils.java:logGet(46)) - raft.server.rpc.sleep.time = 25ms (default)
2023-10-17 18:54:38,225 [7a0123dc-2631-482f-afc4-3bb35f550263-groupManagement] INFO  server.RaftServerConfigKeys (ConfUtils.java:logGet(46)) - raft.server.rpc.slowness.timeout = 300s (custom)
2023-10-17 18:54:38,225 [7a0123dc-2631-482f-afc4-3bb35f550263-groupManagement] INFO  server.RaftServerConfigKeys (ConfUtils.java:logGet(46)) - raft.server.leaderelection.leader.step-down.wait-time = 10s (default)
2023-10-17 18:54:38,225 [7a0123dc-2631-482f-afc4-3bb35f550263-groupManagement] INFO  server.RaftServerConfigKeys (ConfUtils.java:logGet(46)) - raft.server.sleep.deviation.threshold = 300ms (default)
2023-10-17 18:54:38,225 [7a0123dc-2631-482f-afc4-3bb35f550263-groupManagement] INFO  server.RaftServer$Division (ServerState.java:<init>(120)) - 7a0123dc-2631-482f-afc4-3bb35f550263@group-FD33B511FC74: ConfigurationManager, init=-1: peers:[c3f8e5ad-ff25-4bb1-b821-874019ad4281|rpc:10.1.0.79:15077|admin:10.1.0.79:15076|client:10.1.0.79:15075|dataStream:10.1.0.79:15078|priority:0|startupRole:FOLLOWER, 7a0123dc-2631-482f-afc4-3bb35f550263|rpc:10.1.0.79:15086|admin:10.1.0.79:15085|client:10.1.0.79:15084|dataStream:10.1.0.79:15087|priority:1|startupRole:FOLLOWER, 9f5ee6cc-18ea-4245-a4cd-5944efe2ec09|rpc:10.1.0.79:15068|admin:10.1.0.79:15067|client:10.1.0.79:15066|dataStream:10.1.0.79:15069|priority:0|startupRole:FOLLOWER]|listeners:[], old=null, confs=<EMPTY_MAP>
2023-10-17 18:54:38,225 [7a0123dc-2631-482f-afc4-3bb35f550263-groupManagement] INFO  server.RaftServerConfigKeys (ConfUtils.java:logGet(46)) - raft.server.storage.dir = [/home/runner/work/ozone/ozone/hadoop-ozone/integration-test/target/test-dir/MiniOzoneClusterImpl-6d5b43b8-50d7-4b60-8424-e359ec6f806a/datanode-8/data/ratis] (custom)
2023-10-17 18:54:38,225 [7a0123dc-2631-482f-afc4-3bb35f550263-groupManagement] INFO  server.RaftServerConfigKeys (ConfUtils.java:logGet(46)) - raft.server.log.corruption.policy = EXCEPTION (default)
2023-10-17 18:54:38,225 [7a0123dc-2631-482f-afc4-3bb35f550263-groupManagement] INFO  server.RaftServerConfigKeys (ConfUtils.java:logGet(46)) - raft.server.storage.free-space.min = 0MB (=0) (default)
2023-10-17 18:54:38,225 [7a0123dc-2631-482f-afc4-3bb35f550263-groupManagement] INFO  server.RaftServerConfigKeys (ConfUtils.java:logGet(46)) - raft.server.notification.no-leader.timeout = 300s (custom)
2023-10-17 18:54:38,225 [7a0123dc-2631-482f-afc4-3bb35f550263-groupManagement] INFO  server.RaftServerConfigKeys (ConfUtils.java:logGet(46)) - raft.server.read.timeout = 10s (default)
2023-10-17 18:54:38,225 [7a0123dc-2631-482f-afc4-3bb35f550263-groupManagement] INFO  server.RaftServerConfigKeys (ConfUtils.java:logGet(46)) - raft.server.retrycache.expirytime = 600000ms (custom)
2023-10-17 18:54:38,226 [7a0123dc-2631-482f-afc4-3bb35f550263-groupManagement] INFO  server.RaftServerConfigKeys (ConfUtils.java:logGet(46)) - raft.server.retrycache.statistics.expirytime = 100μs (default)
2023-10-17 18:54:38,226 [7a0123dc-2631-482f-afc4-3bb35f550263-groupManagement] INFO  server.RaftServerConfigKeys (ConfUtils.java:logGet(46)) - raft.server.read.option = DEFAULT (default)
2023-10-17 18:54:38,233 [7a0123dc-2631-482f-afc4-3bb35f550263-groupManagement] INFO  server.RaftServerConfigKeys (ConfUtils.java:logGet(46)) - raft.server.rpc.request.timeout = 60s (custom)
2023-10-17 18:54:38,233 [7a0123dc-2631-482f-afc4-3bb35f550263-groupManagement] INFO  server.RaftServerConfigKeys (ConfUtils.java:logGet(46)) - raft.server.log.appender.install.snapshot.enabled = false (custom)
2023-10-17 18:54:38,233 [7a0123dc-2631-482f-afc4-3bb35f550263-groupManagement] INFO  server.RaftServerConfigKeys (ConfUtils.java:logGet(46)) - raft.server.threadpool.server.cached = true (default)
2023-10-17 18:54:38,233 [7a0123dc-2631-482f-afc4-3bb35f550263-groupManagement] INFO  server.RaftServerConfigKeys (ConfUtils.java:logGet(46)) - raft.server.threadpool.server.size = 0 (default)
2023-10-17 18:54:38,233 [7a0123dc-2631-482f-afc4-3bb35f550263-groupManagement] INFO  server.RaftServerConfigKeys (ConfUtils.java:logGet(46)) - raft.server.threadpool.client.cached = true (default)
2023-10-17 18:54:38,233 [7a0123dc-2631-482f-afc4-3bb35f550263-groupManagement] INFO  server.RaftServerConfigKeys (ConfUtils.java:logGet(46)) - raft.server.threadpool.client.size = 0 (default)
2023-10-17 18:54:38,233 [7a0123dc-2631-482f-afc4-3bb35f550263-groupManagement] INFO  storage.RaftStorageDirectory (RaftStorageDirectoryImpl.java:analyzeStorage(137)) - The storage directory /home/runner/work/ozone/ozone/hadoop-ozone/integration-test/target/test-dir/MiniOzoneClusterImpl-6d5b43b8-50d7-4b60-8424-e359ec6f806a/datanode-8/data/ratis/9389bb51-d03c-4c0b-969d-fd33b511fc74 does not exist. Creating ...
2023-10-17 18:54:38,235 [7a0123dc-2631-482f-afc4-3bb35f550263-groupManagement] INFO  storage.RaftStorageDirectory (RaftStorageDirectoryImpl.java:tryLock(231)) - Lock on /home/runner/work/ozone/ozone/hadoop-ozone/integration-test/target/test-dir/MiniOzoneClusterImpl-6d5b43b8-50d7-4b60-8424-e359ec6f806a/datanode-8/data/ratis/9389bb51-d03c-4c0b-969d-fd33b511fc74/in_use.lock acquired by nodename 97056@fv-az82-357
2023-10-17 18:54:38,237 [7a0123dc-2631-482f-afc4-3bb35f550263-groupManagement] INFO  storage.RaftStorage (RaftStorageImpl.java:format(96)) - Storage directory /home/runner/work/ozone/ozone/hadoop-ozone/integration-test/target/test-dir/MiniOzoneClusterImpl-6d5b43b8-50d7-4b60-8424-e359ec6f806a/datanode-8/data/ratis/9389bb51-d03c-4c0b-969d-fd33b511fc74 has been successfully formatted.
2023-10-17 18:54:38,239 [7a0123dc-2631-482f-afc4-3bb35f550263-groupManagement] INFO  ratis.ContainerStateMachine (ContainerStateMachine.java:loadSnapshot(262)) - group-FD33B511FC74: The snapshot info is null. Setting the last applied indexto:(t:0, i:~)
2023-10-17 18:54:38,239 [7a0123dc-2631-482f-afc4-3bb35f550263-groupManagement] INFO  server.RaftServerConfigKeys (ConfUtils.java:logGet(46)) - raft.server.log.use.memory = false (default)
2023-10-17 18:54:38,239 [7a0123dc-2631-482f-afc4-3bb35f550263-groupManagement] INFO  server.RaftServerConfigKeys (ConfUtils.java:logGet(46)) - raft.server.log.purge.gap = 1000000 (custom)
2023-10-17 18:54:38,239 [7a0123dc-2631-482f-afc4-3bb35f550263-groupManagement] INFO  server.RaftServerConfigKeys (ConfUtils.java:logGet(46)) - raft.server.log.appender.buffer.byte-limit = 33554432 (custom)
2023-10-17 18:54:38,239 [7a0123dc-2631-482f-afc4-3bb35f550263-groupManagement] INFO  server.RaftServerConfigKeys (ConfUtils.java:logGet(46)) - raft.server.log.statemachine.data.read.timeout = 1000ms (default)
2023-10-17 18:54:38,239 [7a0123dc-2631-482f-afc4-3bb35f550263-groupManagement] INFO  server.RaftServerConfigKeys (ConfUtils.java:logGet(46)) - raft.server.log.purge.preservation.log.num = 0 (default)
2023-10-17 18:54:38,240 [7a0123dc-2631-482f-afc4-3bb35f550263-groupManagement] INFO  server.RaftServerConfigKeys (ConfUtils.java:logGet(46)) - raft.server.log.segment.size.max = 1048576 (custom)
2023-10-17 18:54:38,240 [7a0123dc-2631-482f-afc4-3bb35f550263-groupManagement] INFO  server.RaftServerConfigKeys (ConfUtils.java:logGet(46)) - raft.server.log.segment.cache.num.max = 2 (custom)
2023-10-17 18:54:38,240 [7a0123dc-2631-482f-afc4-3bb35f550263-groupManagement] INFO  server.RaftServerConfigKeys (ConfUtils.java:logGet(46)) - raft.server.log.segment.cache.size.max = 200MB (=209715200) (default)
2023-10-17 18:54:38,240 [7a0123dc-2631-482f-afc4-3bb35f550263-groupManagement] INFO  server.RaftServerConfigKeys (ConfUtils.java:logGet(46)) - raft.server.log.appender.buffer.byte-limit = 33554432 (custom)
2023-10-17 18:54:38,240 [7a0123dc-2631-482f-afc4-3bb35f550263-groupManagement] INFO  segmented.SegmentedRaftLogWorker (SegmentedRaftLogWorker.java:<init>(188)) - new 7a0123dc-2631-482f-afc4-3bb35f550263@group-FD33B511FC74-SegmentedRaftLogWorker for RaftStorageImpl:Storage Directory /home/runner/work/ozone/ozone/hadoop-ozone/integration-test/target/test-dir/MiniOzoneClusterImpl-6d5b43b8-50d7-4b60-8424-e359ec6f806a/datanode-8/data/ratis/9389bb51-d03c-4c0b-969d-fd33b511fc74
2023-10-17 18:54:38,240 [7a0123dc-2631-482f-afc4-3bb35f550263-groupManagement] INFO  server.RaftServerConfigKeys (ConfUtils.java:logGet(46)) - raft.server.log.queue.byte-limit = 4294967296 (custom)
2023-10-17 18:54:38,240 [7a0123dc-2631-482f-afc4-3bb35f550263-groupManagement] INFO  server.RaftServerConfigKeys (ConfUtils.java:logGet(46)) - raft.server.log.queue.element-limit = 1024 (custom)
2023-10-17 18:54:38,240 [7a0123dc-2631-482f-afc4-3bb35f550263-groupManagement] INFO  server.RaftServerConfigKeys (ConfUtils.java:logGet(46)) - raft.server.log.segment.size.max = 1048576 (custom)
2023-10-17 18:54:38,241 [7a0123dc-2631-482f-afc4-3bb35f550263-groupManagement] INFO  server.RaftServerConfigKeys (ConfUtils.java:logGet(46)) - raft.server.log.preallocated.size = 16384 (custom)
2023-10-17 18:54:38,241 [7a0123dc-2631-482f-afc4-3bb35f550263-groupManagement] INFO  server.RaftServerConfigKeys (ConfUtils.java:logGet(46)) - raft.server.log.force.sync.num = 128 (default)
2023-10-17 18:54:38,241 [7a0123dc-2631-482f-afc4-3bb35f550263-groupManagement] INFO  server.RaftServerConfigKeys (ConfUtils.java:logGet(46)) - raft.server.log.statemachine.data.sync = true (default)
2023-10-17 18:54:38,241 [7a0123dc-2631-482f-afc4-3bb35f550263-groupManagement] INFO  server.RaftServerConfigKeys (ConfUtils.java:logGet(46)) - raft.server.log.statemachine.data.sync.timeout = 10s (default)
2023-10-17 18:54:38,241 [7a0123dc-2631-482f-afc4-3bb35f550263-groupManagement] INFO  server.RaftServerConfigKeys (ConfUtils.java:logGet(46)) - raft.server.log.statemachine.data.sync.timeout.retry = -1 (default)
2023-10-17 18:54:38,242 [7a0123dc-2631-482f-afc4-3bb35f550263-groupManagement] INFO  server.RaftServerConfigKeys (ConfUtils.java:logGet(46)) - raft.server.log.write.buffer.size = 1048576 (custom)
2023-10-17 18:54:38,242 [7a0123dc-2631-482f-afc4-3bb35f550263-groupManagement] INFO  server.RaftServerConfigKeys (ConfUtils.java:logGet(46)) - raft.server.log.appender.buffer.byte-limit = 33554432 (custom)
2023-10-17 18:54:38,248 [7a0123dc-2631-482f-afc4-3bb35f550263-groupManagement] INFO  server.RaftServerConfigKeys (ConfUtils.java:logGet(46)) - raft.server.log.unsafe-flush.enabled = false (default)
2023-10-17 18:54:38,248 [7a0123dc-2631-482f-afc4-3bb35f550263-groupManagement] INFO  server.RaftServerConfigKeys (ConfUtils.java:logGet(46)) - raft.server.log.async-flush.enabled = false (default)
2023-10-17 18:54:38,248 [7a0123dc-2631-482f-afc4-3bb35f550263-groupManagement] INFO  server.RaftServerConfigKeys (ConfUtils.java:logGet(46)) - raft.server.log.statemachine.data.caching.enabled = true (custom)
2023-10-17 18:54:38,248 [7a0123dc-2631-482f-afc4-3bb35f550263-groupManagement] INFO  segmented.SegmentedRaftLogWorker (SegmentedRaftLogWorker.java:lambda$new$0(135)) - 7a0123dc-2631-482f-afc4-3bb35f550263@group-FD33B511FC74-SegmentedRaftLogWorker: flushIndex: setUnconditionally 0 -> -1
2023-10-17 18:54:38,248 [7a0123dc-2631-482f-afc4-3bb35f550263-groupManagement] INFO  segmented.SegmentedRaftLogWorker (SegmentedRaftLogWorker.java:lambda$new$0(135)) - 7a0123dc-2631-482f-afc4-3bb35f550263@group-FD33B511FC74-SegmentedRaftLogWorker: safeCacheEvictIndex: setUnconditionally 0 -> -1
2023-10-17 18:54:38,249 [7a0123dc-2631-482f-afc4-3bb35f550263-groupManagement] INFO  server.RaftServer$Division (RaftServerImpl.java:start(342)) - 7a0123dc-2631-482f-afc4-3bb35f550263@group-FD33B511FC74: start as a follower, conf=-1: peers:[c3f8e5ad-ff25-4bb1-b821-874019ad4281|rpc:10.1.0.79:15077|admin:10.1.0.79:15076|client:10.1.0.79:15075|dataStream:10.1.0.79:15078|priority:0|startupRole:FOLLOWER, 7a0123dc-2631-482f-afc4-3bb35f550263|rpc:10.1.0.79:15086|admin:10.1.0.79:15085|client:10.1.0.79:15084|dataStream:10.1.0.79:15087|priority:1|startupRole:FOLLOWER, 9f5ee6cc-18ea-4245-a4cd-5944efe2ec09|rpc:10.1.0.79:15068|admin:10.1.0.79:15067|client:10.1.0.79:15066|dataStream:10.1.0.79:15069|priority:0|startupRole:FOLLOWER]|listeners:[], old=null
2023-10-17 18:54:38,249 [7a0123dc-2631-482f-afc4-3bb35f550263-groupManagement] INFO  server.RaftServer$Division (RaftServerImpl.java:setRole(329)) - 7a0123dc-2631-482f-afc4-3bb35f550263@group-FD33B511FC74: changes role from      null to FOLLOWER at term 0 for startAsFollower
2023-10-17 18:54:38,249 [7a0123dc-2631-482f-afc4-3bb35f550263-groupManagement] INFO  impl.RoleInfo (RoleInfo.java:updateAndGet(139)) - 7a0123dc-2631-482f-afc4-3bb35f550263: start 7a0123dc-2631-482f-afc4-3bb35f550263@group-FD33B511FC74-FollowerState
2023-10-17 18:54:38,249 [7a0123dc-2631-482f-afc4-3bb35f550263-groupManagement] INFO  util.JmxRegister (JmxRegister.java:tryRegister(44)) - Successfully registered JMX Bean with object name Ratis:service=RaftServer,group=group-FD33B511FC74,id=7a0123dc-2631-482f-afc4-3bb35f550263
2023-10-17 18:54:38,249 [7a0123dc-2631-482f-afc4-3bb35f550263-groupManagement] INFO  server.RaftServerConfigKeys (ConfUtils.java:logGet(46)) - raft.server.snapshot.auto.trigger.enabled = true (custom)
2023-10-17 18:54:38,249 [7a0123dc-2631-482f-afc4-3bb35f550263-groupManagement] INFO  server.RaftServerConfigKeys (ConfUtils.java:logGet(46)) - raft.server.snapshot.auto.trigger.threshold = 10000 (custom)
2023-10-17 18:54:38,249 [7a0123dc-2631-482f-afc4-3bb35f550263-groupManagement] INFO  server.RaftServerConfigKeys (ConfUtils.java:logGet(46)) - raft.server.snapshot.retention.file.num = 5 (custom)
2023-10-17 18:54:38,249 [7a0123dc-2631-482f-afc4-3bb35f550263-groupManagement] INFO  server.RaftServerConfigKeys (ConfUtils.java:logGet(46)) - raft.server.log.purge.upto.snapshot.index = false (default)
2023-10-17 18:54:38,250 [7a0123dc-2631-482f-afc4-3bb35f550263@group-FD33B511FC74-FollowerState] INFO  server.RaftServerConfigKeys (ConfUtils.java:logFallback(53)) - raft.server.rpc.first-election.timeout.min = 5s (fallback to raft.server.rpc.timeout.min)
2023-10-17 18:54:38,250 [7a0123dc-2631-482f-afc4-3bb35f550263@group-FD33B511FC74-FollowerState] INFO  server.RaftServerConfigKeys (ConfUtils.java:logFallback(53)) - raft.server.rpc.first-election.timeout.max = 5200ms (fallback to raft.server.rpc.timeout.max)
2023-10-17 18:54:38,262 [PipelineCommandHandlerThread-0] INFO  commandhandler.CreatePipelineCommandHandler (CreatePipelineCommandHandler.java:lambda$handle$2(124)) - Created Pipeline RATIS THREE PipelineID=9389bb51-d03c-4c0b-969d-fd33b511fc74.
2023-10-17 18:54:38,262 [PipelineCommandHandlerThread-0] INFO  server.RaftServer (RaftServerProxy.java:addNew(98)) - 9f5ee6cc-18ea-4245-a4cd-5944efe2ec09: addNew group-FCB9CADD0502:[c3f8e5ad-ff25-4bb1-b821-874019ad4281|rpc:10.1.0.79:15077|admin:10.1.0.79:15076|client:10.1.0.79:15075|dataStream:10.1.0.79:15078|priority:1|startupRole:FOLLOWER, 7a0123dc-2631-482f-afc4-3bb35f550263|rpc:10.1.0.79:15086|admin:10.1.0.79:15085|client:10.1.0.79:15084|dataStream:10.1.0.79:15087|priority:0|startupRole:FOLLOWER, 9f5ee6cc-18ea-4245-a4cd-5944efe2ec09|rpc:10.1.0.79:15068|admin:10.1.0.79:15067|client:10.1.0.79:15066|dataStream:10.1.0.79:15069|priority:0|startupRole:FOLLOWER] returns group-FCB9CADD0502:java.util.concurrent.CompletableFuture@3e9b4513[Not completed]
2023-10-17 18:54:38,264 [9f5ee6cc-18ea-4245-a4cd-5944efe2ec09-groupManagement] INFO  server.RaftServer$Division (RaftServerImpl.java:<init>(198)) - 9f5ee6cc-18ea-4245-a4cd-5944efe2ec09: new RaftServerImpl for group-FCB9CADD0502:[c3f8e5ad-ff25-4bb1-b821-874019ad4281|rpc:10.1.0.79:15077|admin:10.1.0.79:15076|client:10.1.0.79:15075|dataStream:10.1.0.79:15078|priority:1|startupRole:FOLLOWER, 7a0123dc-2631-482f-afc4-3bb35f550263|rpc:10.1.0.79:15086|admin:10.1.0.79:15085|client:10.1.0.79:15084|dataStream:10.1.0.79:15087|priority:0|startupRole:FOLLOWER, 9f5ee6cc-18ea-4245-a4cd-5944efe2ec09|rpc:10.1.0.79:15068|admin:10.1.0.79:15067|client:10.1.0.79:15066|dataStream:10.1.0.79:15069|priority:0|startupRole:FOLLOWER] with ContainerStateMachine:uninitialized
2023-10-17 18:54:38,264 [9f5ee6cc-18ea-4245-a4cd-5944efe2ec09-groupManagement] INFO  server.RaftServerConfigKeys (ConfUtils.java:logGet(46)) - raft.server.rpc.timeout.min = 5s (custom)
2023-10-17 18:54:38,264 [9f5ee6cc-18ea-4245-a4cd-5944efe2ec09-groupManagement] INFO  server.RaftServerConfigKeys (ConfUtils.java:logGet(46)) - raft.server.rpc.timeout.max = 5200ms (custom)
2023-10-17 18:54:38,264 [9f5ee6cc-18ea-4245-a4cd-5944efe2ec09-groupManagement] INFO  server.RaftServerConfigKeys (ConfUtils.java:logGet(46)) - raft.server.rpc.sleep.time = 25ms (default)
2023-10-17 18:54:38,264 [9f5ee6cc-18ea-4245-a4cd-5944efe2ec09-groupManagement] INFO  server.RaftServerConfigKeys (ConfUtils.java:logGet(46)) - raft.server.rpc.slowness.timeout = 300s (custom)
2023-10-17 18:54:38,264 [9f5ee6cc-18ea-4245-a4cd-5944efe2ec09-groupManagement] INFO  server.RaftServerConfigKeys (ConfUtils.java:logGet(46)) - raft.server.leaderelection.leader.step-down.wait-time = 10s (default)
2023-10-17 18:54:38,264 [9f5ee6cc-18ea-4245-a4cd-5944efe2ec09-groupManagement] INFO  server.RaftServerConfigKeys (ConfUtils.java:logGet(46)) - raft.server.sleep.deviation.threshold = 300ms (default)
2023-10-17 18:54:38,264 [9f5ee6cc-18ea-4245-a4cd-5944efe2ec09-groupManagement] INFO  server.RaftServer$Division (ServerState.java:<init>(120)) - 9f5ee6cc-18ea-4245-a4cd-5944efe2ec09@group-FCB9CADD0502: ConfigurationManager, init=-1: peers:[c3f8e5ad-ff25-4bb1-b821-874019ad4281|rpc:10.1.0.79:15077|admin:10.1.0.79:15076|client:10.1.0.79:15075|dataStream:10.1.0.79:15078|priority:1|startupRole:FOLLOWER, 7a0123dc-2631-482f-afc4-3bb35f550263|rpc:10.1.0.79:15086|admin:10.1.0.79:15085|client:10.1.0.79:15084|dataStream:10.1.0.79:15087|priority:0|startupRole:FOLLOWER, 9f5ee6cc-18ea-4245-a4cd-5944efe2ec09|rpc:10.1.0.79:15068|admin:10.1.0.79:15067|client:10.1.0.79:15066|dataStream:10.1.0.79:15069|priority:0|startupRole:FOLLOWER]|listeners:[], old=null, confs=<EMPTY_MAP>
2023-10-17 18:54:38,264 [9f5ee6cc-18ea-4245-a4cd-5944efe2ec09-groupManagement] INFO  server.RaftServerConfigKeys (ConfUtils.java:logGet(46)) - raft.server.storage.dir = [/home/runner/work/ozone/ozone/hadoop-ozone/integration-test/target/test-dir/MiniOzoneClusterImpl-6d5b43b8-50d7-4b60-8424-e359ec6f806a/datanode-6/data/ratis] (custom)
2023-10-17 18:54:38,264 [9f5ee6cc-18ea-4245-a4cd-5944efe2ec09-groupManagement] INFO  server.RaftServerConfigKeys (ConfUtils.java:logGet(46)) - raft.server.log.corruption.policy = EXCEPTION (default)
2023-10-17 18:54:38,264 [9f5ee6cc-18ea-4245-a4cd-5944efe2ec09-groupManagement] INFO  server.RaftServerConfigKeys (ConfUtils.java:logGet(46)) - raft.server.storage.free-space.min = 0MB (=0) (default)
2023-10-17 18:54:38,265 [9f5ee6cc-18ea-4245-a4cd-5944efe2ec09-groupManagement] INFO  server.RaftServerConfigKeys (ConfUtils.java:logGet(46)) - raft.server.notification.no-leader.timeout = 300s (custom)
2023-10-17 18:54:38,265 [9f5ee6cc-18ea-4245-a4cd-5944efe2ec09-groupManagement] INFO  server.RaftServerConfigKeys (ConfUtils.java:logGet(46)) - raft.server.read.timeout = 10s (default)
2023-10-17 18:54:38,265 [9f5ee6cc-18ea-4245-a4cd-5944efe2ec09-groupManagement] INFO  server.RaftServerConfigKeys (ConfUtils.java:logGet(46)) - raft.server.retrycache.expirytime = 600000ms (custom)
2023-10-17 18:54:38,265 [9f5ee6cc-18ea-4245-a4cd-5944efe2ec09-groupManagement] INFO  server.RaftServerConfigKeys (ConfUtils.java:logGet(46)) - raft.server.retrycache.statistics.expirytime = 100μs (default)
2023-10-17 18:54:38,265 [9f5ee6cc-18ea-4245-a4cd-5944efe2ec09-groupManagement] INFO  server.RaftServerConfigKeys (ConfUtils.java:logGet(46)) - raft.server.read.option = DEFAULT (default)
2023-10-17 18:54:38,266 [9f5ee6cc-18ea-4245-a4cd-5944efe2ec09-groupManagement] INFO  server.RaftServerConfigKeys (ConfUtils.java:logGet(46)) - raft.server.rpc.request.timeout = 60s (custom)
2023-10-17 18:54:38,266 [9f5ee6cc-18ea-4245-a4cd-5944efe2ec09-groupManagement] INFO  server.RaftServerConfigKeys (ConfUtils.java:logGet(46)) - raft.server.log.appender.install.snapshot.enabled = false (custom)
2023-10-17 18:54:38,266 [9f5ee6cc-18ea-4245-a4cd-5944efe2ec09-groupManagement] INFO  server.RaftServerConfigKeys (ConfUtils.java:logGet(46)) - raft.server.threadpool.server.cached = true (default)
2023-10-17 18:54:38,266 [9f5ee6cc-18ea-4245-a4cd-5944efe2ec09-groupManagement] INFO  server.RaftServerConfigKeys (ConfUtils.java:logGet(46)) - raft.server.threadpool.server.size = 0 (default)
2023-10-17 18:54:38,266 [9f5ee6cc-18ea-4245-a4cd-5944efe2ec09-groupManagement] INFO  server.RaftServerConfigKeys (ConfUtils.java:logGet(46)) - raft.server.threadpool.client.cached = true (default)
2023-10-17 18:54:38,266 [9f5ee6cc-18ea-4245-a4cd-5944efe2ec09-groupManagement] INFO  server.RaftServerConfigKeys (ConfUtils.java:logGet(46)) - raft.server.threadpool.client.size = 0 (default)
2023-10-17 18:54:38,267 [9f5ee6cc-18ea-4245-a4cd-5944efe2ec09-groupManagement] INFO  storage.RaftStorageDirectory (RaftStorageDirectoryImpl.java:analyzeStorage(137)) - The storage directory /home/runner/work/ozone/ozone/hadoop-ozone/integration-test/target/test-dir/MiniOzoneClusterImpl-6d5b43b8-50d7-4b60-8424-e359ec6f806a/datanode-6/data/ratis/4b423c15-5f81-4890-a592-fcb9cadd0502 does not exist. Creating ...
2023-10-17 18:54:38,268 [9f5ee6cc-18ea-4245-a4cd-5944efe2ec09-groupManagement] INFO  storage.RaftStorageDirectory (RaftStorageDirectoryImpl.java:tryLock(231)) - Lock on /home/runner/work/ozone/ozone/hadoop-ozone/integration-test/target/test-dir/MiniOzoneClusterImpl-6d5b43b8-50d7-4b60-8424-e359ec6f806a/datanode-6/data/ratis/4b423c15-5f81-4890-a592-fcb9cadd0502/in_use.lock acquired by nodename 97056@fv-az82-357
2023-10-17 18:54:38,270 [9f5ee6cc-18ea-4245-a4cd-5944efe2ec09-groupManagement] INFO  storage.RaftStorage (RaftStorageImpl.java:format(96)) - Storage directory /home/runner/work/ozone/ozone/hadoop-ozone/integration-test/target/test-dir/MiniOzoneClusterImpl-6d5b43b8-50d7-4b60-8424-e359ec6f806a/datanode-6/data/ratis/4b423c15-5f81-4890-a592-fcb9cadd0502 has been successfully formatted.
2023-10-17 18:54:38,270 [9f5ee6cc-18ea-4245-a4cd-5944efe2ec09-groupManagement] INFO  ratis.ContainerStateMachine (ContainerStateMachine.java:loadSnapshot(262)) - group-FCB9CADD0502: The snapshot info is null. Setting the last applied indexto:(t:0, i:~)
2023-10-17 18:54:38,270 [9f5ee6cc-18ea-4245-a4cd-5944efe2ec09-groupManagement] INFO  server.RaftServerConfigKeys (ConfUtils.java:logGet(46)) - raft.server.log.use.memory = false (default)
2023-10-17 18:54:38,271 [9f5ee6cc-18ea-4245-a4cd-5944efe2ec09-groupManagement] INFO  server.RaftServerConfigKeys (ConfUtils.java:logGet(46)) - raft.server.log.purge.gap = 1000000 (custom)
2023-10-17 18:54:38,271 [9f5ee6cc-18ea-4245-a4cd-5944efe2ec09-groupManagement] INFO  server.RaftServerConfigKeys (ConfUtils.java:logGet(46)) - raft.server.log.appender.buffer.byte-limit = 33554432 (custom)
2023-10-17 18:54:38,271 [9f5ee6cc-18ea-4245-a4cd-5944efe2ec09-groupManagement] INFO  server.RaftServerConfigKeys (ConfUtils.java:logGet(46)) - raft.server.log.statemachine.data.read.timeout = 1000ms (default)
2023-10-17 18:54:38,271 [9f5ee6cc-18ea-4245-a4cd-5944efe2ec09-groupManagement] INFO  server.RaftServerConfigKeys (ConfUtils.java:logGet(46)) - raft.server.log.purge.preservation.log.num = 0 (default)
2023-10-17 18:54:38,271 [9f5ee6cc-18ea-4245-a4cd-5944efe2ec09-groupManagement] INFO  server.RaftServerConfigKeys (ConfUtils.java:logGet(46)) - raft.server.log.segment.size.max = 1048576 (custom)
2023-10-17 18:54:38,271 [9f5ee6cc-18ea-4245-a4cd-5944efe2ec09-groupManagement] INFO  server.RaftServerConfigKeys (ConfUtils.java:logGet(46)) - raft.server.log.segment.cache.num.max = 2 (custom)
2023-10-17 18:54:38,271 [9f5ee6cc-18ea-4245-a4cd-5944efe2ec09-groupManagement] INFO  server.RaftServerConfigKeys (ConfUtils.java:logGet(46)) - raft.server.log.segment.cache.size.max = 200MB (=209715200) (default)
2023-10-17 18:54:38,271 [9f5ee6cc-18ea-4245-a4cd-5944efe2ec09-groupManagement] INFO  server.RaftServerConfigKeys (ConfUtils.java:logGet(46)) - raft.server.log.appender.buffer.byte-limit = 33554432 (custom)
2023-10-17 18:54:38,271 [9f5ee6cc-18ea-4245-a4cd-5944efe2ec09-groupManagement] INFO  segmented.SegmentedRaftLogWorker (SegmentedRaftLogWorker.java:<init>(188)) - new 9f5ee6cc-18ea-4245-a4cd-5944efe2ec09@group-FCB9CADD0502-SegmentedRaftLogWorker for RaftStorageImpl:Storage Directory /home/runner/work/ozone/ozone/hadoop-ozone/integration-test/target/test-dir/MiniOzoneClusterImpl-6d5b43b8-50d7-4b60-8424-e359ec6f806a/datanode-6/data/ratis/4b423c15-5f81-4890-a592-fcb9cadd0502
2023-10-17 18:54:38,272 [9f5ee6cc-18ea-4245-a4cd-5944efe2ec09-groupManagement] INFO  server.RaftServerConfigKeys (ConfUtils.java:logGet(46)) - raft.server.log.queue.byte-limit = 4294967296 (custom)
2023-10-17 18:54:38,272 [9f5ee6cc-18ea-4245-a4cd-5944efe2ec09-groupManagement] INFO  server.RaftServerConfigKeys (ConfUtils.java:logGet(46)) - raft.server.log.queue.element-limit = 1024 (custom)
2023-10-17 18:54:38,272 [9f5ee6cc-18ea-4245-a4cd-5944efe2ec09-groupManagement] INFO  server.RaftServerConfigKeys (ConfUtils.java:logGet(46)) - raft.server.log.segment.size.max = 1048576 (custom)
2023-10-17 18:54:38,272 [9f5ee6cc-18ea-4245-a4cd-5944efe2ec09-groupManagement] INFO  server.RaftServerConfigKeys (ConfUtils.java:logGet(46)) - raft.server.log.preallocated.size = 16384 (custom)
2023-10-17 18:54:38,272 [9f5ee6cc-18ea-4245-a4cd-5944efe2ec09-groupManagement] INFO  server.RaftServerConfigKeys (ConfUtils.java:logGet(46)) - raft.server.log.force.sync.num = 128 (default)
2023-10-17 18:54:38,272 [9f5ee6cc-18ea-4245-a4cd-5944efe2ec09-groupManagement] INFO  server.RaftServerConfigKeys (ConfUtils.java:logGet(46)) - raft.server.log.statemachine.data.sync = true (default)
2023-10-17 18:54:38,272 [9f5ee6cc-18ea-4245-a4cd-5944efe2ec09-groupManagement] INFO  server.RaftServerConfigKeys (ConfUtils.java:logGet(46)) - raft.server.log.statemachine.data.sync.timeout = 10s (default)
2023-10-17 18:54:38,272 [EventQueue-OpenPipelineForHealthyPipelineSafeModeRule] INFO  safemode.SCMSafeModeManager (HealthyPipelineSafeModeRule.java:process(137)) - SCM in safe mode. Healthy pipelines reported count is 0, required healthy pipeline reported count is 1
2023-10-17 18:54:38,272 [9f5ee6cc-18ea-4245-a4cd-5944efe2ec09-groupManagement] INFO  server.RaftServerConfigKeys (ConfUtils.java:logGet(46)) - raft.server.log.statemachine.data.sync.timeout.retry = -1 (default)
2023-10-17 18:54:38,273 [9f5ee6cc-18ea-4245-a4cd-5944efe2ec09-groupManagement] INFO  server.RaftServerConfigKeys (ConfUtils.java:logGet(46)) - raft.server.log.write.buffer.size = 1048576 (custom)
2023-10-17 18:54:38,274 [9f5ee6cc-18ea-4245-a4cd-5944efe2ec09-groupManagement] INFO  server.RaftServerConfigKeys (ConfUtils.java:logGet(46)) - raft.server.log.appender.buffer.byte-limit = 33554432 (custom)
2023-10-17 18:54:38,281 [9f5ee6cc-18ea-4245-a4cd-5944efe2ec09-groupManagement] INFO  server.RaftServerConfigKeys (ConfUtils.java:logGet(46)) - raft.server.log.unsafe-flush.enabled = false (default)
2023-10-17 18:54:38,281 [9f5ee6cc-18ea-4245-a4cd-5944efe2ec09-groupManagement] INFO  server.RaftServerConfigKeys (ConfUtils.java:logGet(46)) - raft.server.log.async-flush.enabled = false (default)
2023-10-17 18:54:38,281 [9f5ee6cc-18ea-4245-a4cd-5944efe2ec09-groupManagement] INFO  server.RaftServerConfigKeys (ConfUtils.java:logGet(46)) - raft.server.log.statemachine.data.caching.enabled = true (custom)
2023-10-17 18:54:38,281 [9f5ee6cc-18ea-4245-a4cd-5944efe2ec09-groupManagement] INFO  segmented.SegmentedRaftLogWorker (SegmentedRaftLogWorker.java:lambda$new$0(135)) - 9f5ee6cc-18ea-4245-a4cd-5944efe2ec09@group-FCB9CADD0502-SegmentedRaftLogWorker: flushIndex: setUnconditionally 0 -> -1
2023-10-17 18:54:38,281 [9f5ee6cc-18ea-4245-a4cd-5944efe2ec09-groupManagement] INFO  segmented.SegmentedRaftLogWorker (SegmentedRaftLogWorker.java:lambda$new$0(135)) - 9f5ee6cc-18ea-4245-a4cd-5944efe2ec09@group-FCB9CADD0502-SegmentedRaftLogWorker: safeCacheEvictIndex: setUnconditionally 0 -> -1
2023-10-17 18:54:38,281 [9f5ee6cc-18ea-4245-a4cd-5944efe2ec09-groupManagement] INFO  server.RaftServer$Division (RaftServerImpl.java:start(342)) - 9f5ee6cc-18ea-4245-a4cd-5944efe2ec09@group-FCB9CADD0502: start as a follower, conf=-1: peers:[c3f8e5ad-ff25-4bb1-b821-874019ad4281|rpc:10.1.0.79:15077|admin:10.1.0.79:15076|client:10.1.0.79:15075|dataStream:10.1.0.79:15078|priority:1|startupRole:FOLLOWER, 7a0123dc-2631-482f-afc4-3bb35f550263|rpc:10.1.0.79:15086|admin:10.1.0.79:15085|client:10.1.0.79:15084|dataStream:10.1.0.79:15087|priority:0|startupRole:FOLLOWER, 9f5ee6cc-18ea-4245-a4cd-5944efe2ec09|rpc:10.1.0.79:15068|admin:10.1.0.79:15067|client:10.1.0.79:15066|dataStream:10.1.0.79:15069|priority:0|startupRole:FOLLOWER]|listeners:[], old=null
2023-10-17 18:54:38,282 [9f5ee6cc-18ea-4245-a4cd-5944efe2ec09-groupManagement] INFO  server.RaftServer$Division (RaftServerImpl.java:setRole(329)) - 9f5ee6cc-18ea-4245-a4cd-5944efe2ec09@group-FCB9CADD0502: changes role from      null to FOLLOWER at term 0 for startAsFollower
2023-10-17 18:54:38,282 [9f5ee6cc-18ea-4245-a4cd-5944efe2ec09-groupManagement] INFO  impl.RoleInfo (RoleInfo.java:updateAndGet(139)) - 9f5ee6cc-18ea-4245-a4cd-5944efe2ec09: start 9f5ee6cc-18ea-4245-a4cd-5944efe2ec09@group-FCB9CADD0502-FollowerState
2023-10-17 18:54:38,282 [9f5ee6cc-18ea-4245-a4cd-5944efe2ec09-groupManagement] INFO  util.JmxRegister (JmxRegister.java:tryRegister(44)) - Successfully registered JMX Bean with object name Ratis:service=RaftServer,group=group-FCB9CADD0502,id=9f5ee6cc-18ea-4245-a4cd-5944efe2ec09
2023-10-17 18:54:38,282 [9f5ee6cc-18ea-4245-a4cd-5944efe2ec09@group-FCB9CADD0502-FollowerState] INFO  server.RaftServerConfigKeys (ConfUtils.java:logFallback(53)) - raft.server.rpc.first-election.timeout.min = 5s (fallback to raft.server.rpc.timeout.min)
2023-10-17 18:54:38,282 [9f5ee6cc-18ea-4245-a4cd-5944efe2ec09-groupManagement] INFO  server.RaftServerConfigKeys (ConfUtils.java:logGet(46)) - raft.server.snapshot.auto.trigger.enabled = true (custom)
2023-10-17 18:54:38,282 [9f5ee6cc-18ea-4245-a4cd-5944efe2ec09@group-FCB9CADD0502-FollowerState] INFO  server.RaftServerConfigKeys (ConfUtils.java:logFallback(53)) - raft.server.rpc.first-election.timeout.max = 5200ms (fallback to raft.server.rpc.timeout.max)
2023-10-17 18:54:38,282 [9f5ee6cc-18ea-4245-a4cd-5944efe2ec09-groupManagement] INFO  server.RaftServerConfigKeys (ConfUtils.java:logGet(46)) - raft.server.snapshot.auto.trigger.threshold = 10000 (custom)
2023-10-17 18:54:38,282 [9f5ee6cc-18ea-4245-a4cd-5944efe2ec09-groupManagement] INFO  server.RaftServerConfigKeys (ConfUtils.java:logGet(46)) - raft.server.snapshot.retention.file.num = 5 (custom)
2023-10-17 18:54:38,282 [9f5ee6cc-18ea-4245-a4cd-5944efe2ec09-groupManagement] INFO  server.RaftServerConfigKeys (ConfUtils.java:logGet(46)) - raft.server.log.purge.upto.snapshot.index = false (default)
2023-10-17 18:54:38,283 [PipelineCommandHandlerThread-0] INFO  ratis.XceiverServerRatis (XceiverServerRatis.java:addGroup(804)) - Created group PipelineID=4b423c15-5f81-4890-a592-fcb9cadd0502
2023-10-17 18:54:38,297 [grpc-default-executor-1] INFO  server.RaftServer (RaftServerProxy.java:addNew(98)) - c3f8e5ad-ff25-4bb1-b821-874019ad4281: addNew group-FCB9CADD0502:[c3f8e5ad-ff25-4bb1-b821-874019ad4281|rpc:10.1.0.79:15077|admin:10.1.0.79:15076|client:10.1.0.79:15075|dataStream:10.1.0.79:15078|priority:1|startupRole:FOLLOWER, 7a0123dc-2631-482f-afc4-3bb35f550263|rpc:10.1.0.79:15086|admin:10.1.0.79:15085|client:10.1.0.79:15084|dataStream:10.1.0.79:15087|priority:0|startupRole:FOLLOWER, 9f5ee6cc-18ea-4245-a4cd-5944efe2ec09|rpc:10.1.0.79:15068|admin:10.1.0.79:15067|client:10.1.0.79:15066|dataStream:10.1.0.79:15069|priority:0|startupRole:FOLLOWER] returns group-FCB9CADD0502:java.util.concurrent.CompletableFuture@18e66fed[Not completed]
2023-10-17 18:54:38,298 [c3f8e5ad-ff25-4bb1-b821-874019ad4281-groupManagement] INFO  server.RaftServer$Division (RaftServerImpl.java:<init>(198)) - c3f8e5ad-ff25-4bb1-b821-874019ad4281: new RaftServerImpl for group-FCB9CADD0502:[c3f8e5ad-ff25-4bb1-b821-874019ad4281|rpc:10.1.0.79:15077|admin:10.1.0.79:15076|client:10.1.0.79:15075|dataStream:10.1.0.79:15078|priority:1|startupRole:FOLLOWER, 7a0123dc-2631-482f-afc4-3bb35f550263|rpc:10.1.0.79:15086|admin:10.1.0.79:15085|client:10.1.0.79:15084|dataStream:10.1.0.79:15087|priority:0|startupRole:FOLLOWER, 9f5ee6cc-18ea-4245-a4cd-5944efe2ec09|rpc:10.1.0.79:15068|admin:10.1.0.79:15067|client:10.1.0.79:15066|dataStream:10.1.0.79:15069|priority:0|startupRole:FOLLOWER] with ContainerStateMachine:uninitialized
2023-10-17 18:54:38,298 [c3f8e5ad-ff25-4bb1-b821-874019ad4281-groupManagement] INFO  server.RaftServerConfigKeys (ConfUtils.java:logGet(46)) - raft.server.rpc.timeout.min = 5s (custom)
2023-10-17 18:54:38,298 [c3f8e5ad-ff25-4bb1-b821-874019ad4281-groupManagement] INFO  server.RaftServerConfigKeys (ConfUtils.java:logGet(46)) - raft.server.rpc.timeout.max = 5200ms (custom)
2023-10-17 18:54:38,298 [c3f8e5ad-ff25-4bb1-b821-874019ad4281-groupManagement] INFO  server.RaftServerConfigKeys (ConfUtils.java:logGet(46)) - raft.server.rpc.sleep.time = 25ms (default)
2023-10-17 18:54:38,298 [c3f8e5ad-ff25-4bb1-b821-874019ad4281-groupManagement] INFO  server.RaftServerConfigKeys (ConfUtils.java:logGet(46)) - raft.server.rpc.slowness.timeout = 300s (custom)
2023-10-17 18:54:38,298 [c3f8e5ad-ff25-4bb1-b821-874019ad4281-groupManagement] INFO  server.RaftServerConfigKeys (ConfUtils.java:logGet(46)) - raft.server.leaderelection.leader.step-down.wait-time = 10s (default)
2023-10-17 18:54:38,298 [c3f8e5ad-ff25-4bb1-b821-874019ad4281-groupManagement] INFO  server.RaftServerConfigKeys (ConfUtils.java:logGet(46)) - raft.server.sleep.deviation.threshold = 300ms (default)
2023-10-17 18:54:38,298 [c3f8e5ad-ff25-4bb1-b821-874019ad4281-groupManagement] INFO  server.RaftServer$Division (ServerState.java:<init>(120)) - c3f8e5ad-ff25-4bb1-b821-874019ad4281@group-FCB9CADD0502: ConfigurationManager, init=-1: peers:[c3f8e5ad-ff25-4bb1-b821-874019ad4281|rpc:10.1.0.79:15077|admin:10.1.0.79:15076|client:10.1.0.79:15075|dataStream:10.1.0.79:15078|priority:1|startupRole:FOLLOWER, 7a0123dc-2631-482f-afc4-3bb35f550263|rpc:10.1.0.79:15086|admin:10.1.0.79:15085|client:10.1.0.79:15084|dataStream:10.1.0.79:15087|priority:0|startupRole:FOLLOWER, 9f5ee6cc-18ea-4245-a4cd-5944efe2ec09|rpc:10.1.0.79:15068|admin:10.1.0.79:15067|client:10.1.0.79:15066|dataStream:10.1.0.79:15069|priority:0|startupRole:FOLLOWER]|listeners:[], old=null, confs=<EMPTY_MAP>
2023-10-17 18:54:38,299 [c3f8e5ad-ff25-4bb1-b821-874019ad4281-groupManagement] INFO  server.RaftServerConfigKeys (ConfUtils.java:logGet(46)) - raft.server.storage.dir = [/home/runner/work/ozone/ozone/hadoop-ozone/integration-test/target/test-dir/MiniOzoneClusterImpl-6d5b43b8-50d7-4b60-8424-e359ec6f806a/datanode-7/data/ratis] (custom)
2023-10-17 18:54:38,299 [c3f8e5ad-ff25-4bb1-b821-874019ad4281-groupManagement] INFO  server.RaftServerConfigKeys (ConfUtils.java:logGet(46)) - raft.server.log.corruption.policy = EXCEPTION (default)
2023-10-17 18:54:38,299 [c3f8e5ad-ff25-4bb1-b821-874019ad4281-groupManagement] INFO  server.RaftServerConfigKeys (ConfUtils.java:logGet(46)) - raft.server.storage.free-space.min = 0MB (=0) (default)
2023-10-17 18:54:38,299 [c3f8e5ad-ff25-4bb1-b821-874019ad4281-groupManagement] INFO  server.RaftServerConfigKeys (ConfUtils.java:logGet(46)) - raft.server.notification.no-leader.timeout = 300s (custom)
2023-10-17 18:54:38,299 [c3f8e5ad-ff25-4bb1-b821-874019ad4281-groupManagement] INFO  server.RaftServerConfigKeys (ConfUtils.java:logGet(46)) - raft.server.read.timeout = 10s (default)
2023-10-17 18:54:38,299 [c3f8e5ad-ff25-4bb1-b821-874019ad4281-groupManagement] INFO  server.RaftServerConfigKeys (ConfUtils.java:logGet(46)) - raft.server.retrycache.expirytime = 600000ms (custom)
2023-10-17 18:54:38,299 [c3f8e5ad-ff25-4bb1-b821-874019ad4281-groupManagement] INFO  server.RaftServerConfigKeys (ConfUtils.java:logGet(46)) - raft.server.retrycache.statistics.expirytime = 100μs (default)
2023-10-17 18:54:38,299 [c3f8e5ad-ff25-4bb1-b821-874019ad4281-groupManagement] INFO  server.RaftServerConfigKeys (ConfUtils.java:logGet(46)) - raft.server.read.option = DEFAULT (default)
2023-10-17 18:54:38,300 [c3f8e5ad-ff25-4bb1-b821-874019ad4281-groupManagement] INFO  server.RaftServerConfigKeys (ConfUtils.java:logGet(46)) - raft.server.rpc.request.timeout = 60s (custom)
2023-10-17 18:54:38,300 [c3f8e5ad-ff25-4bb1-b821-874019ad4281-groupManagement] INFO  server.RaftServerConfigKeys (ConfUtils.java:logGet(46)) - raft.server.log.appender.install.snapshot.enabled = false (custom)
2023-10-17 18:54:38,300 [c3f8e5ad-ff25-4bb1-b821-874019ad4281-groupManagement] INFO  server.RaftServerConfigKeys (ConfUtils.java:logGet(46)) - raft.server.threadpool.server.cached = true (default)
2023-10-17 18:54:38,300 [c3f8e5ad-ff25-4bb1-b821-874019ad4281-groupManagement] INFO  server.RaftServerConfigKeys (ConfUtils.java:logGet(46)) - raft.server.threadpool.server.size = 0 (default)
2023-10-17 18:54:38,300 [c3f8e5ad-ff25-4bb1-b821-874019ad4281-groupManagement] INFO  server.RaftServerConfigKeys (ConfUtils.java:logGet(46)) - raft.server.threadpool.client.cached = true (default)
2023-10-17 18:54:38,301 [c3f8e5ad-ff25-4bb1-b821-874019ad4281-groupManagement] INFO  server.RaftServerConfigKeys (ConfUtils.java:logGet(46)) - raft.server.threadpool.client.size = 0 (default)
2023-10-17 18:54:38,301 [c3f8e5ad-ff25-4bb1-b821-874019ad4281-groupManagement] INFO  storage.RaftStorageDirectory (RaftStorageDirectoryImpl.java:analyzeStorage(137)) - The storage directory /home/runner/work/ozone/ozone/hadoop-ozone/integration-test/target/test-dir/MiniOzoneClusterImpl-6d5b43b8-50d7-4b60-8424-e359ec6f806a/datanode-7/data/ratis/4b423c15-5f81-4890-a592-fcb9cadd0502 does not exist. Creating ...
2023-10-17 18:54:38,302 [c3f8e5ad-ff25-4bb1-b821-874019ad4281-groupManagement] INFO  storage.RaftStorageDirectory (RaftStorageDirectoryImpl.java:tryLock(231)) - Lock on /home/runner/work/ozone/ozone/hadoop-ozone/integration-test/target/test-dir/MiniOzoneClusterImpl-6d5b43b8-50d7-4b60-8424-e359ec6f806a/datanode-7/data/ratis/4b423c15-5f81-4890-a592-fcb9cadd0502/in_use.lock acquired by nodename 97056@fv-az82-357
2023-10-17 18:54:38,303 [c3f8e5ad-ff25-4bb1-b821-874019ad4281-groupManagement] INFO  storage.RaftStorage (RaftStorageImpl.java:format(96)) - Storage directory /home/runner/work/ozone/ozone/hadoop-ozone/integration-test/target/test-dir/MiniOzoneClusterImpl-6d5b43b8-50d7-4b60-8424-e359ec6f806a/datanode-7/data/ratis/4b423c15-5f81-4890-a592-fcb9cadd0502 has been successfully formatted.
2023-10-17 18:54:38,305 [c3f8e5ad-ff25-4bb1-b821-874019ad4281-groupManagement] INFO  ratis.ContainerStateMachine (ContainerStateMachine.java:loadSnapshot(262)) - group-FCB9CADD0502: The snapshot info is null. Setting the last applied indexto:(t:0, i:~)
2023-10-17 18:54:38,305 [c3f8e5ad-ff25-4bb1-b821-874019ad4281-groupManagement] INFO  server.RaftServerConfigKeys (ConfUtils.java:logGet(46)) - raft.server.log.use.memory = false (default)
2023-10-17 18:54:38,307 [c3f8e5ad-ff25-4bb1-b821-874019ad4281-groupManagement] INFO  server.RaftServerConfigKeys (ConfUtils.java:logGet(46)) - raft.server.log.purge.gap = 1000000 (custom)
2023-10-17 18:54:38,307 [c3f8e5ad-ff25-4bb1-b821-874019ad4281-groupManagement] INFO  server.RaftServerConfigKeys (ConfUtils.java:logGet(46)) - raft.server.log.appender.buffer.byte-limit = 33554432 (custom)
2023-10-17 18:54:38,307 [c3f8e5ad-ff25-4bb1-b821-874019ad4281-groupManagement] INFO  server.RaftServerConfigKeys (ConfUtils.java:logGet(46)) - raft.server.log.statemachine.data.read.timeout = 1000ms (default)
2023-10-17 18:54:38,307 [c3f8e5ad-ff25-4bb1-b821-874019ad4281-groupManagement] INFO  server.RaftServerConfigKeys (ConfUtils.java:logGet(46)) - raft.server.log.purge.preservation.log.num = 0 (default)
2023-10-17 18:54:38,307 [c3f8e5ad-ff25-4bb1-b821-874019ad4281-groupManagement] INFO  server.RaftServerConfigKeys (ConfUtils.java:logGet(46)) - raft.server.log.segment.size.max = 1048576 (custom)
2023-10-17 18:54:38,307 [c3f8e5ad-ff25-4bb1-b821-874019ad4281-groupManagement] INFO  server.RaftServerConfigKeys (ConfUtils.java:logGet(46)) - raft.server.log.segment.cache.num.max = 2 (custom)
2023-10-17 18:54:38,308 [c3f8e5ad-ff25-4bb1-b821-874019ad4281-groupManagement] INFO  server.RaftServerConfigKeys (ConfUtils.java:logGet(46)) - raft.server.log.segment.cache.size.max = 200MB (=209715200) (default)
2023-10-17 18:54:38,308 [c3f8e5ad-ff25-4bb1-b821-874019ad4281-groupManagement] INFO  server.RaftServerConfigKeys (ConfUtils.java:logGet(46)) - raft.server.log.appender.buffer.byte-limit = 33554432 (custom)
2023-10-17 18:54:38,308 [c3f8e5ad-ff25-4bb1-b821-874019ad4281-groupManagement] INFO  segmented.SegmentedRaftLogWorker (SegmentedRaftLogWorker.java:<init>(188)) - new c3f8e5ad-ff25-4bb1-b821-874019ad4281@group-FCB9CADD0502-SegmentedRaftLogWorker for RaftStorageImpl:Storage Directory /home/runner/work/ozone/ozone/hadoop-ozone/integration-test/target/test-dir/MiniOzoneClusterImpl-6d5b43b8-50d7-4b60-8424-e359ec6f806a/datanode-7/data/ratis/4b423c15-5f81-4890-a592-fcb9cadd0502
2023-10-17 18:54:38,308 [c3f8e5ad-ff25-4bb1-b821-874019ad4281-groupManagement] INFO  server.RaftServerConfigKeys (ConfUtils.java:logGet(46)) - raft.server.log.queue.byte-limit = 4294967296 (custom)
2023-10-17 18:54:38,308 [c3f8e5ad-ff25-4bb1-b821-874019ad4281-groupManagement] INFO  server.RaftServerConfigKeys (ConfUtils.java:logGet(46)) - raft.server.log.queue.element-limit = 1024 (custom)
2023-10-17 18:54:38,308 [c3f8e5ad-ff25-4bb1-b821-874019ad4281-groupManagement] INFO  server.RaftServerConfigKeys (ConfUtils.java:logGet(46)) - raft.server.log.segment.size.max = 1048576 (custom)
2023-10-17 18:54:38,308 [c3f8e5ad-ff25-4bb1-b821-874019ad4281-groupManagement] INFO  server.RaftServerConfigKeys (ConfUtils.java:logGet(46)) - raft.server.log.preallocated.size = 16384 (custom)
2023-10-17 18:54:38,308 [c3f8e5ad-ff25-4bb1-b821-874019ad4281-groupManagement] INFO  server.RaftServerConfigKeys (ConfUtils.java:logGet(46)) - raft.server.log.force.sync.num = 128 (default)
2023-10-17 18:54:38,308 [c3f8e5ad-ff25-4bb1-b821-874019ad4281-groupManagement] INFO  server.RaftServerConfigKeys (ConfUtils.java:logGet(46)) - raft.server.log.statemachine.data.sync = true (default)
2023-10-17 18:54:38,308 [c3f8e5ad-ff25-4bb1-b821-874019ad4281-groupManagement] INFO  server.RaftServerConfigKeys (ConfUtils.java:logGet(46)) - raft.server.log.statemachine.data.sync.timeout = 10s (default)
2023-10-17 18:54:38,308 [c3f8e5ad-ff25-4bb1-b821-874019ad4281-groupManagement] INFO  server.RaftServerConfigKeys (ConfUtils.java:logGet(46)) - raft.server.log.statemachine.data.sync.timeout.retry = -1 (default)
2023-10-17 18:54:38,309 [c3f8e5ad-ff25-4bb1-b821-874019ad4281-groupManagement] INFO  server.RaftServerConfigKeys (ConfUtils.java:logGet(46)) - raft.server.log.write.buffer.size = 1048576 (custom)
2023-10-17 18:54:38,309 [c3f8e5ad-ff25-4bb1-b821-874019ad4281-groupManagement] INFO  server.RaftServerConfigKeys (ConfUtils.java:logGet(46)) - raft.server.log.appender.buffer.byte-limit = 33554432 (custom)
2023-10-17 18:54:38,315 [c3f8e5ad-ff25-4bb1-b821-874019ad4281-groupManagement] INFO  server.RaftServerConfigKeys (ConfUtils.java:logGet(46)) - raft.server.log.unsafe-flush.enabled = false (default)
2023-10-17 18:54:38,315 [c3f8e5ad-ff25-4bb1-b821-874019ad4281-groupManagement] INFO  server.RaftServerConfigKeys (ConfUtils.java:logGet(46)) - raft.server.log.async-flush.enabled = false (default)
2023-10-17 18:54:38,315 [c3f8e5ad-ff25-4bb1-b821-874019ad4281-groupManagement] INFO  server.RaftServerConfigKeys (ConfUtils.java:logGet(46)) - raft.server.log.statemachine.data.caching.enabled = true (custom)
2023-10-17 18:54:38,315 [c3f8e5ad-ff25-4bb1-b821-874019ad4281-groupManagement] INFO  segmented.SegmentedRaftLogWorker (SegmentedRaftLogWorker.java:lambda$new$0(135)) - c3f8e5ad-ff25-4bb1-b821-874019ad4281@group-FCB9CADD0502-SegmentedRaftLogWorker: flushIndex: setUnconditionally 0 -> -1
2023-10-17 18:54:38,315 [c3f8e5ad-ff25-4bb1-b821-874019ad4281-groupManagement] INFO  segmented.SegmentedRaftLogWorker (SegmentedRaftLogWorker.java:lambda$new$0(135)) - c3f8e5ad-ff25-4bb1-b821-874019ad4281@group-FCB9CADD0502-SegmentedRaftLogWorker: safeCacheEvictIndex: setUnconditionally 0 -> -1
2023-10-17 18:54:38,315 [c3f8e5ad-ff25-4bb1-b821-874019ad4281-groupManagement] INFO  server.RaftServer$Division (RaftServerImpl.java:start(342)) - c3f8e5ad-ff25-4bb1-b821-874019ad4281@group-FCB9CADD0502: start as a follower, conf=-1: peers:[c3f8e5ad-ff25-4bb1-b821-874019ad4281|rpc:10.1.0.79:15077|admin:10.1.0.79:15076|client:10.1.0.79:15075|dataStream:10.1.0.79:15078|priority:1|startupRole:FOLLOWER, 7a0123dc-2631-482f-afc4-3bb35f550263|rpc:10.1.0.79:15086|admin:10.1.0.79:15085|client:10.1.0.79:15084|dataStream:10.1.0.79:15087|priority:0|startupRole:FOLLOWER, 9f5ee6cc-18ea-4245-a4cd-5944efe2ec09|rpc:10.1.0.79:15068|admin:10.1.0.79:15067|client:10.1.0.79:15066|dataStream:10.1.0.79:15069|priority:0|startupRole:FOLLOWER]|listeners:[], old=null
2023-10-17 18:54:38,316 [c3f8e5ad-ff25-4bb1-b821-874019ad4281-groupManagement] INFO  server.RaftServer$Division (RaftServerImpl.java:setRole(329)) - c3f8e5ad-ff25-4bb1-b821-874019ad4281@group-FCB9CADD0502: changes role from      null to FOLLOWER at term 0 for startAsFollower
2023-10-17 18:54:38,316 [c3f8e5ad-ff25-4bb1-b821-874019ad4281-groupManagement] INFO  impl.RoleInfo (RoleInfo.java:updateAndGet(139)) - c3f8e5ad-ff25-4bb1-b821-874019ad4281: start c3f8e5ad-ff25-4bb1-b821-874019ad4281@group-FCB9CADD0502-FollowerState
2023-10-17 18:54:38,319 [c3f8e5ad-ff25-4bb1-b821-874019ad4281-groupManagement] INFO  util.JmxRegister (JmxRegister.java:tryRegister(44)) - Successfully registered JMX Bean with object name Ratis:service=RaftServer,group=group-FCB9CADD0502,id=c3f8e5ad-ff25-4bb1-b821-874019ad4281
2023-10-17 18:54:38,319 [c3f8e5ad-ff25-4bb1-b821-874019ad4281-groupManagement] INFO  server.RaftServerConfigKeys (ConfUtils.java:logGet(46)) - raft.server.snapshot.auto.trigger.enabled = true (custom)
2023-10-17 18:54:38,319 [c3f8e5ad-ff25-4bb1-b821-874019ad4281-groupManagement] INFO  server.RaftServerConfigKeys (ConfUtils.java:logGet(46)) - raft.server.snapshot.auto.trigger.threshold = 10000 (custom)
2023-10-17 18:54:38,319 [c3f8e5ad-ff25-4bb1-b821-874019ad4281-groupManagement] INFO  server.RaftServerConfigKeys (ConfUtils.java:logGet(46)) - raft.server.snapshot.retention.file.num = 5 (custom)
2023-10-17 18:54:38,319 [c3f8e5ad-ff25-4bb1-b821-874019ad4281-groupManagement] INFO  server.RaftServerConfigKeys (ConfUtils.java:logGet(46)) - raft.server.log.purge.upto.snapshot.index = false (default)
2023-10-17 18:54:38,320 [c3f8e5ad-ff25-4bb1-b821-874019ad4281@group-FCB9CADD0502-FollowerState] INFO  server.RaftServerConfigKeys (ConfUtils.java:logFallback(53)) - raft.server.rpc.first-election.timeout.min = 5s (fallback to raft.server.rpc.timeout.min)
2023-10-17 18:54:38,320 [c3f8e5ad-ff25-4bb1-b821-874019ad4281@group-FCB9CADD0502-FollowerState] INFO  server.RaftServerConfigKeys (ConfUtils.java:logFallback(53)) - raft.server.rpc.first-election.timeout.max = 5200ms (fallback to raft.server.rpc.timeout.max)
2023-10-17 18:54:38,353 [grpc-default-executor-1] INFO  server.RaftServer (RaftServerProxy.java:addNew(98)) - 7a0123dc-2631-482f-afc4-3bb35f550263: addNew group-FCB9CADD0502:[c3f8e5ad-ff25-4bb1-b821-874019ad4281|rpc:10.1.0.79:15077|admin:10.1.0.79:15076|client:10.1.0.79:15075|dataStream:10.1.0.79:15078|priority:1|startupRole:FOLLOWER, 7a0123dc-2631-482f-afc4-3bb35f550263|rpc:10.1.0.79:15086|admin:10.1.0.79:15085|client:10.1.0.79:15084|dataStream:10.1.0.79:15087|priority:0|startupRole:FOLLOWER, 9f5ee6cc-18ea-4245-a4cd-5944efe2ec09|rpc:10.1.0.79:15068|admin:10.1.0.79:15067|client:10.1.0.79:15066|dataStream:10.1.0.79:15069|priority:0|startupRole:FOLLOWER] returns group-FCB9CADD0502:java.util.concurrent.CompletableFuture@285bf52b[Not completed]
2023-10-17 18:54:38,354 [7a0123dc-2631-482f-afc4-3bb35f550263-groupManagement] INFO  server.RaftServer$Division (RaftServerImpl.java:<init>(198)) - 7a0123dc-2631-482f-afc4-3bb35f550263: new RaftServerImpl for group-FCB9CADD0502:[c3f8e5ad-ff25-4bb1-b821-874019ad4281|rpc:10.1.0.79:15077|admin:10.1.0.79:15076|client:10.1.0.79:15075|dataStream:10.1.0.79:15078|priority:1|startupRole:FOLLOWER, 7a0123dc-2631-482f-afc4-3bb35f550263|rpc:10.1.0.79:15086|admin:10.1.0.79:15085|client:10.1.0.79:15084|dataStream:10.1.0.79:15087|priority:0|startupRole:FOLLOWER, 9f5ee6cc-18ea-4245-a4cd-5944efe2ec09|rpc:10.1.0.79:15068|admin:10.1.0.79:15067|client:10.1.0.79:15066|dataStream:10.1.0.79:15069|priority:0|startupRole:FOLLOWER] with ContainerStateMachine:uninitialized
2023-10-17 18:54:38,355 [7a0123dc-2631-482f-afc4-3bb35f550263-groupManagement] INFO  server.RaftServerConfigKeys (ConfUtils.java:logGet(46)) - raft.server.rpc.timeout.min = 5s (custom)
2023-10-17 18:54:38,355 [7a0123dc-2631-482f-afc4-3bb35f550263-groupManagement] INFO  server.RaftServerConfigKeys (ConfUtils.java:logGet(46)) - raft.server.rpc.timeout.max = 5200ms (custom)
2023-10-17 18:54:38,355 [7a0123dc-2631-482f-afc4-3bb35f550263-groupManagement] INFO  server.RaftServerConfigKeys (ConfUtils.java:logGet(46)) - raft.server.rpc.sleep.time = 25ms (default)
2023-10-17 18:54:38,355 [7a0123dc-2631-482f-afc4-3bb35f550263-groupManagement] INFO  server.RaftServerConfigKeys (ConfUtils.java:logGet(46)) - raft.server.rpc.slowness.timeout = 300s (custom)
2023-10-17 18:54:38,355 [7a0123dc-2631-482f-afc4-3bb35f550263-groupManagement] INFO  server.RaftServerConfigKeys (ConfUtils.java:logGet(46)) - raft.server.leaderelection.leader.step-down.wait-time = 10s (default)
2023-10-17 18:54:38,355 [7a0123dc-2631-482f-afc4-3bb35f550263-groupManagement] INFO  server.RaftServerConfigKeys (ConfUtils.java:logGet(46)) - raft.server.sleep.deviation.threshold = 300ms (default)
2023-10-17 18:54:38,355 [7a0123dc-2631-482f-afc4-3bb35f550263-groupManagement] INFO  server.RaftServer$Division (ServerState.java:<init>(120)) - 7a0123dc-2631-482f-afc4-3bb35f550263@group-FCB9CADD0502: ConfigurationManager, init=-1: peers:[c3f8e5ad-ff25-4bb1-b821-874019ad4281|rpc:10.1.0.79:15077|admin:10.1.0.79:15076|client:10.1.0.79:15075|dataStream:10.1.0.79:15078|priority:1|startupRole:FOLLOWER, 7a0123dc-2631-482f-afc4-3bb35f550263|rpc:10.1.0.79:15086|admin:10.1.0.79:15085|client:10.1.0.79:15084|dataStream:10.1.0.79:15087|priority:0|startupRole:FOLLOWER, 9f5ee6cc-18ea-4245-a4cd-5944efe2ec09|rpc:10.1.0.79:15068|admin:10.1.0.79:15067|client:10.1.0.79:15066|dataStream:10.1.0.79:15069|priority:0|startupRole:FOLLOWER]|listeners:[], old=null, confs=<EMPTY_MAP>
2023-10-17 18:54:38,355 [7a0123dc-2631-482f-afc4-3bb35f550263-groupManagement] INFO  server.RaftServerConfigKeys (ConfUtils.java:logGet(46)) - raft.server.storage.dir = [/home/runner/work/ozone/ozone/hadoop-ozone/integration-test/target/test-dir/MiniOzoneClusterImpl-6d5b43b8-50d7-4b60-8424-e359ec6f806a/datanode-8/data/ratis] (custom)
2023-10-17 18:54:38,355 [7a0123dc-2631-482f-afc4-3bb35f550263-groupManagement] INFO  server.RaftServerConfigKeys (ConfUtils.java:logGet(46)) - raft.server.log.corruption.policy = EXCEPTION (default)
2023-10-17 18:54:38,355 [7a0123dc-2631-482f-afc4-3bb35f550263-groupManagement] INFO  server.RaftServerConfigKeys (ConfUtils.java:logGet(46)) - raft.server.storage.free-space.min = 0MB (=0) (default)
2023-10-17 18:54:38,355 [7a0123dc-2631-482f-afc4-3bb35f550263-groupManagement] INFO  server.RaftServerConfigKeys (ConfUtils.java:logGet(46)) - raft.server.notification.no-leader.timeout = 300s (custom)
2023-10-17 18:54:38,355 [7a0123dc-2631-482f-afc4-3bb35f550263-groupManagement] INFO  server.RaftServerConfigKeys (ConfUtils.java:logGet(46)) - raft.server.read.timeout = 10s (default)
2023-10-17 18:54:38,355 [7a0123dc-2631-482f-afc4-3bb35f550263-groupManagement] INFO  server.RaftServerConfigKeys (ConfUtils.java:logGet(46)) - raft.server.retrycache.expirytime = 600000ms (custom)
2023-10-17 18:54:38,355 [7a0123dc-2631-482f-afc4-3bb35f550263-groupManagement] INFO  server.RaftServerConfigKeys (ConfUtils.java:logGet(46)) - raft.server.retrycache.statistics.expirytime = 100μs (default)
2023-10-17 18:54:38,356 [7a0123dc-2631-482f-afc4-3bb35f550263-groupManagement] INFO  server.RaftServerConfigKeys (ConfUtils.java:logGet(46)) - raft.server.read.option = DEFAULT (default)
2023-10-17 18:54:38,357 [7a0123dc-2631-482f-afc4-3bb35f550263-groupManagement] INFO  server.RaftServerConfigKeys (ConfUtils.java:logGet(46)) - raft.server.rpc.request.timeout = 60s (custom)
2023-10-17 18:54:38,357 [7a0123dc-2631-482f-afc4-3bb35f550263-groupManagement] INFO  server.RaftServerConfigKeys (ConfUtils.java:logGet(46)) - raft.server.log.appender.install.snapshot.enabled = false (custom)
2023-10-17 18:54:38,357 [7a0123dc-2631-482f-afc4-3bb35f550263-groupManagement] INFO  server.RaftServerConfigKeys (ConfUtils.java:logGet(46)) - raft.server.threadpool.server.cached = true (default)
2023-10-17 18:54:38,357 [7a0123dc-2631-482f-afc4-3bb35f550263-groupManagement] INFO  server.RaftServerConfigKeys (ConfUtils.java:logGet(46)) - raft.server.threadpool.server.size = 0 (default)
2023-10-17 18:54:38,357 [7a0123dc-2631-482f-afc4-3bb35f550263-groupManagement] INFO  server.RaftServerConfigKeys (ConfUtils.java:logGet(46)) - raft.server.threadpool.client.cached = true (default)
2023-10-17 18:54:38,357 [7a0123dc-2631-482f-afc4-3bb35f550263-groupManagement] INFO  server.RaftServerConfigKeys (ConfUtils.java:logGet(46)) - raft.server.threadpool.client.size = 0 (default)
2023-10-17 18:54:38,357 [7a0123dc-2631-482f-afc4-3bb35f550263-groupManagement] INFO  storage.RaftStorageDirectory (RaftStorageDirectoryImpl.java:analyzeStorage(137)) - The storage directory /home/runner/work/ozone/ozone/hadoop-ozone/integration-test/target/test-dir/MiniOzoneClusterImpl-6d5b43b8-50d7-4b60-8424-e359ec6f806a/datanode-8/data/ratis/4b423c15-5f81-4890-a592-fcb9cadd0502 does not exist. Creating ...
2023-10-17 18:54:38,359 [7a0123dc-2631-482f-afc4-3bb35f550263-groupManagement] INFO  storage.RaftStorageDirectory (RaftStorageDirectoryImpl.java:tryLock(231)) - Lock on /home/runner/work/ozone/ozone/hadoop-ozone/integration-test/target/test-dir/MiniOzoneClusterImpl-6d5b43b8-50d7-4b60-8424-e359ec6f806a/datanode-8/data/ratis/4b423c15-5f81-4890-a592-fcb9cadd0502/in_use.lock acquired by nodename 97056@fv-az82-357
2023-10-17 18:54:38,360 [7a0123dc-2631-482f-afc4-3bb35f550263-groupManagement] INFO  storage.RaftStorage (RaftStorageImpl.java:format(96)) - Storage directory /home/runner/work/ozone/ozone/hadoop-ozone/integration-test/target/test-dir/MiniOzoneClusterImpl-6d5b43b8-50d7-4b60-8424-e359ec6f806a/datanode-8/data/ratis/4b423c15-5f81-4890-a592-fcb9cadd0502 has been successfully formatted.
2023-10-17 18:54:38,363 [7a0123dc-2631-482f-afc4-3bb35f550263-groupManagement] INFO  ratis.ContainerStateMachine (ContainerStateMachine.java:loadSnapshot(262)) - group-FCB9CADD0502: The snapshot info is null. Setting the last applied indexto:(t:0, i:~)
2023-10-17 18:54:38,364 [7a0123dc-2631-482f-afc4-3bb35f550263-groupManagement] INFO  server.RaftServerConfigKeys (ConfUtils.java:logGet(46)) - raft.server.log.use.memory = false (default)
2023-10-17 18:54:38,364 [7a0123dc-2631-482f-afc4-3bb35f550263-groupManagement] INFO  server.RaftServerConfigKeys (ConfUtils.java:logGet(46)) - raft.server.log.purge.gap = 1000000 (custom)
2023-10-17 18:54:38,364 [7a0123dc-2631-482f-afc4-3bb35f550263-groupManagement] INFO  server.RaftServerConfigKeys (ConfUtils.java:logGet(46)) - raft.server.log.appender.buffer.byte-limit = 33554432 (custom)
2023-10-17 18:54:38,364 [7a0123dc-2631-482f-afc4-3bb35f550263-groupManagement] INFO  server.RaftServerConfigKeys (ConfUtils.java:logGet(46)) - raft.server.log.statemachine.data.read.timeout = 1000ms (default)
2023-10-17 18:54:38,364 [7a0123dc-2631-482f-afc4-3bb35f550263-groupManagement] INFO  server.RaftServerConfigKeys (ConfUtils.java:logGet(46)) - raft.server.log.purge.preservation.log.num = 0 (default)
2023-10-17 18:54:38,364 [7a0123dc-2631-482f-afc4-3bb35f550263-groupManagement] INFO  server.RaftServerConfigKeys (ConfUtils.java:logGet(46)) - raft.server.log.segment.size.max = 1048576 (custom)
2023-10-17 18:54:38,365 [7a0123dc-2631-482f-afc4-3bb35f550263-groupManagement] INFO  server.RaftServerConfigKeys (ConfUtils.java:logGet(46)) - raft.server.log.segment.cache.num.max = 2 (custom)
2023-10-17 18:54:38,365 [7a0123dc-2631-482f-afc4-3bb35f550263-groupManagement] INFO  server.RaftServerConfigKeys (ConfUtils.java:logGet(46)) - raft.server.log.segment.cache.size.max = 200MB (=209715200) (default)
2023-10-17 18:54:38,365 [7a0123dc-2631-482f-afc4-3bb35f550263-groupManagement] INFO  server.RaftServerConfigKeys (ConfUtils.java:logGet(46)) - raft.server.log.appender.buffer.byte-limit = 33554432 (custom)
2023-10-17 18:54:38,365 [7a0123dc-2631-482f-afc4-3bb35f550263-groupManagement] INFO  segmented.SegmentedRaftLogWorker (SegmentedRaftLogWorker.java:<init>(188)) - new 7a0123dc-2631-482f-afc4-3bb35f550263@group-FCB9CADD0502-SegmentedRaftLogWorker for RaftStorageImpl:Storage Directory /home/runner/work/ozone/ozone/hadoop-ozone/integration-test/target/test-dir/MiniOzoneClusterImpl-6d5b43b8-50d7-4b60-8424-e359ec6f806a/datanode-8/data/ratis/4b423c15-5f81-4890-a592-fcb9cadd0502
2023-10-17 18:54:38,365 [7a0123dc-2631-482f-afc4-3bb35f550263-groupManagement] INFO  server.RaftServerConfigKeys (ConfUtils.java:logGet(46)) - raft.server.log.queue.byte-limit = 4294967296 (custom)
2023-10-17 18:54:38,365 [7a0123dc-2631-482f-afc4-3bb35f550263-groupManagement] INFO  server.RaftServerConfigKeys (ConfUtils.java:logGet(46)) - raft.server.log.queue.element-limit = 1024 (custom)
2023-10-17 18:54:38,365 [7a0123dc-2631-482f-afc4-3bb35f550263-groupManagement] INFO  server.RaftServerConfigKeys (ConfUtils.java:logGet(46)) - raft.server.log.segment.size.max = 1048576 (custom)
2023-10-17 18:54:38,365 [7a0123dc-2631-482f-afc4-3bb35f550263-groupManagement] INFO  server.RaftServerConfigKeys (ConfUtils.java:logGet(46)) - raft.server.log.preallocated.size = 16384 (custom)
2023-10-17 18:54:38,365 [7a0123dc-2631-482f-afc4-3bb35f550263-groupManagement] INFO  server.RaftServerConfigKeys (ConfUtils.java:logGet(46)) - raft.server.log.force.sync.num = 128 (default)
2023-10-17 18:54:38,365 [7a0123dc-2631-482f-afc4-3bb35f550263-groupManagement] INFO  server.RaftServerConfigKeys (ConfUtils.java:logGet(46)) - raft.server.log.statemachine.data.sync = true (default)
2023-10-17 18:54:38,365 [7a0123dc-2631-482f-afc4-3bb35f550263-groupManagement] INFO  server.RaftServerConfigKeys (ConfUtils.java:logGet(46)) - raft.server.log.statemachine.data.sync.timeout = 10s (default)
2023-10-17 18:54:38,365 [7a0123dc-2631-482f-afc4-3bb35f550263-groupManagement] INFO  server.RaftServerConfigKeys (ConfUtils.java:logGet(46)) - raft.server.log.statemachine.data.sync.timeout.retry = -1 (default)
2023-10-17 18:54:38,369 [7a0123dc-2631-482f-afc4-3bb35f550263-groupManagement] INFO  server.RaftServerConfigKeys (ConfUtils.java:logGet(46)) - raft.server.log.write.buffer.size = 1048576 (custom)
2023-10-17 18:54:38,369 [7a0123dc-2631-482f-afc4-3bb35f550263-groupManagement] INFO  server.RaftServerConfigKeys (ConfUtils.java:logGet(46)) - raft.server.log.appender.buffer.byte-limit = 33554432 (custom)
2023-10-17 18:54:38,380 [7a0123dc-2631-482f-afc4-3bb35f550263-groupManagement] INFO  server.RaftServerConfigKeys (ConfUtils.java:logGet(46)) - raft.server.log.unsafe-flush.enabled = false (default)
2023-10-17 18:54:38,381 [7a0123dc-2631-482f-afc4-3bb35f550263-groupManagement] INFO  server.RaftServerConfigKeys (ConfUtils.java:logGet(46)) - raft.server.log.async-flush.enabled = false (default)
2023-10-17 18:54:38,381 [7a0123dc-2631-482f-afc4-3bb35f550263-groupManagement] INFO  server.RaftServerConfigKeys (ConfUtils.java:logGet(46)) - raft.server.log.statemachine.data.caching.enabled = true (custom)
2023-10-17 18:54:38,381 [7a0123dc-2631-482f-afc4-3bb35f550263-groupManagement] INFO  segmented.SegmentedRaftLogWorker (SegmentedRaftLogWorker.java:lambda$new$0(135)) - 7a0123dc-2631-482f-afc4-3bb35f550263@group-FCB9CADD0502-SegmentedRaftLogWorker: flushIndex: setUnconditionally 0 -> -1
2023-10-17 18:54:38,381 [7a0123dc-2631-482f-afc4-3bb35f550263-groupManagement] INFO  segmented.SegmentedRaftLogWorker (SegmentedRaftLogWorker.java:lambda$new$0(135)) - 7a0123dc-2631-482f-afc4-3bb35f550263@group-FCB9CADD0502-SegmentedRaftLogWorker: safeCacheEvictIndex: setUnconditionally 0 -> -1
2023-10-17 18:54:38,381 [7a0123dc-2631-482f-afc4-3bb35f550263-groupManagement] INFO  server.RaftServer$Division (RaftServerImpl.java:start(342)) - 7a0123dc-2631-482f-afc4-3bb35f550263@group-FCB9CADD0502: start as a follower, conf=-1: peers:[c3f8e5ad-ff25-4bb1-b821-874019ad4281|rpc:10.1.0.79:15077|admin:10.1.0.79:15076|client:10.1.0.79:15075|dataStream:10.1.0.79:15078|priority:1|startupRole:FOLLOWER, 7a0123dc-2631-482f-afc4-3bb35f550263|rpc:10.1.0.79:15086|admin:10.1.0.79:15085|client:10.1.0.79:15084|dataStream:10.1.0.79:15087|priority:0|startupRole:FOLLOWER, 9f5ee6cc-18ea-4245-a4cd-5944efe2ec09|rpc:10.1.0.79:15068|admin:10.1.0.79:15067|client:10.1.0.79:15066|dataStream:10.1.0.79:15069|priority:0|startupRole:FOLLOWER]|listeners:[], old=null
2023-10-17 18:54:38,381 [7a0123dc-2631-482f-afc4-3bb35f550263-groupManagement] INFO  server.RaftServer$Division (RaftServerImpl.java:setRole(329)) - 7a0123dc-2631-482f-afc4-3bb35f550263@group-FCB9CADD0502: changes role from      null to FOLLOWER at term 0 for startAsFollower
2023-10-17 18:54:38,381 [7a0123dc-2631-482f-afc4-3bb35f550263-groupManagement] INFO  impl.RoleInfo (RoleInfo.java:updateAndGet(139)) - 7a0123dc-2631-482f-afc4-3bb35f550263: start 7a0123dc-2631-482f-afc4-3bb35f550263@group-FCB9CADD0502-FollowerState
2023-10-17 18:54:38,382 [7a0123dc-2631-482f-afc4-3bb35f550263@group-FCB9CADD0502-FollowerState] INFO  server.RaftServerConfigKeys (ConfUtils.java:logFallback(53)) - raft.server.rpc.first-election.timeout.min = 5s (fallback to raft.server.rpc.timeout.min)
2023-10-17 18:54:38,382 [7a0123dc-2631-482f-afc4-3bb35f550263-groupManagement] INFO  util.JmxRegister (JmxRegister.java:tryRegister(44)) - Successfully registered JMX Bean with object name Ratis:service=RaftServer,group=group-FCB9CADD0502,id=7a0123dc-2631-482f-afc4-3bb35f550263
2023-10-17 18:54:38,383 [7a0123dc-2631-482f-afc4-3bb35f550263@group-FCB9CADD0502-FollowerState] INFO  server.RaftServerConfigKeys (ConfUtils.java:logFallback(53)) - raft.server.rpc.first-election.timeout.max = 5200ms (fallback to raft.server.rpc.timeout.max)
2023-10-17 18:54:38,383 [7a0123dc-2631-482f-afc4-3bb35f550263-groupManagement] INFO  server.RaftServerConfigKeys (ConfUtils.java:logGet(46)) - raft.server.snapshot.auto.trigger.enabled = true (custom)
2023-10-17 18:54:38,383 [7a0123dc-2631-482f-afc4-3bb35f550263-groupManagement] INFO  server.RaftServerConfigKeys (ConfUtils.java:logGet(46)) - raft.server.snapshot.auto.trigger.threshold = 10000 (custom)
2023-10-17 18:54:38,383 [7a0123dc-2631-482f-afc4-3bb35f550263-groupManagement] INFO  server.RaftServerConfigKeys (ConfUtils.java:logGet(46)) - raft.server.snapshot.retention.file.num = 5 (custom)
2023-10-17 18:54:38,383 [7a0123dc-2631-482f-afc4-3bb35f550263-groupManagement] INFO  server.RaftServerConfigKeys (ConfUtils.java:logGet(46)) - raft.server.log.purge.upto.snapshot.index = false (default)
2023-10-17 18:54:38,389 [main] INFO  ozone.MiniOzoneClusterImpl (MiniOzoneClusterImpl.java:lambda$waitForClusterToBeReady$0(229)) - Nodes are ready. Got 10 of 10 DN Heartbeats.
2023-10-17 18:54:38,389 [main] INFO  ozone.MiniOzoneClusterImpl (MiniOzoneClusterImpl.java:lambda$waitForClusterToBeReady$0(232)) - Waiting for cluster to exit safe mode
2023-10-17 18:54:38,390 [main] INFO  ozone.MiniOzoneClusterImpl (MiniOzoneClusterImpl.java:lambda$waitForClusterToBeReady$0(234)) - SCM became leader
2023-10-17 18:54:38,412 [PipelineCommandHandlerThread-0] INFO  commandhandler.CreatePipelineCommandHandler (CreatePipelineCommandHandler.java:lambda$handle$2(124)) - Created Pipeline RATIS THREE PipelineID=4b423c15-5f81-4890-a592-fcb9cadd0502.
2023-10-17 18:54:38,518 [PipelineCommandHandlerThread-0] INFO  server.RaftServer (RaftServerProxy.java:addNew(98)) - c3f8e5ad-ff25-4bb1-b821-874019ad4281: addNew group-A488D0957C0E:[c3f8e5ad-ff25-4bb1-b821-874019ad4281|rpc:10.1.0.79:15077|admin:10.1.0.79:15076|client:10.1.0.79:15075|dataStream:10.1.0.79:15078|priority:1|startupRole:FOLLOWER] returns group-A488D0957C0E:java.util.concurrent.CompletableFuture@321e2b32[Not completed]
2023-10-17 18:54:38,520 [c3f8e5ad-ff25-4bb1-b821-874019ad4281-groupManagement] INFO  server.RaftServer$Division (RaftServerImpl.java:<init>(198)) - c3f8e5ad-ff25-4bb1-b821-874019ad4281: new RaftServerImpl for group-A488D0957C0E:[c3f8e5ad-ff25-4bb1-b821-874019ad4281|rpc:10.1.0.79:15077|admin:10.1.0.79:15076|client:10.1.0.79:15075|dataStream:10.1.0.79:15078|priority:1|startupRole:FOLLOWER] with ContainerStateMachine:uninitialized
2023-10-17 18:54:38,520 [c3f8e5ad-ff25-4bb1-b821-874019ad4281-groupManagement] INFO  server.RaftServerConfigKeys (ConfUtils.java:logGet(46)) - raft.server.rpc.timeout.min = 5s (custom)
2023-10-17 18:54:38,520 [c3f8e5ad-ff25-4bb1-b821-874019ad4281-groupManagement] INFO  server.RaftServerConfigKeys (ConfUtils.java:logGet(46)) - raft.server.rpc.timeout.max = 5200ms (custom)
2023-10-17 18:54:38,520 [c3f8e5ad-ff25-4bb1-b821-874019ad4281-groupManagement] INFO  server.RaftServerConfigKeys (ConfUtils.java:logGet(46)) - raft.server.rpc.sleep.time = 25ms (default)
2023-10-17 18:54:38,520 [c3f8e5ad-ff25-4bb1-b821-874019ad4281-groupManagement] INFO  server.RaftServerConfigKeys (ConfUtils.java:logGet(46)) - raft.server.rpc.slowness.timeout = 300s (custom)
2023-10-17 18:54:38,520 [c3f8e5ad-ff25-4bb1-b821-874019ad4281-groupManagement] INFO  server.RaftServerConfigKeys (ConfUtils.java:logGet(46)) - raft.server.leaderelection.leader.step-down.wait-time = 10s (default)
2023-10-17 18:54:38,520 [c3f8e5ad-ff25-4bb1-b821-874019ad4281-groupManagement] INFO  server.RaftServerConfigKeys (ConfUtils.java:logGet(46)) - raft.server.sleep.deviation.threshold = 300ms (default)
2023-10-17 18:54:38,521 [c3f8e5ad-ff25-4bb1-b821-874019ad4281-groupManagement] INFO  server.RaftServer$Division (ServerState.java:<init>(120)) - c3f8e5ad-ff25-4bb1-b821-874019ad4281@group-A488D0957C0E: ConfigurationManager, init=-1: peers:[c3f8e5ad-ff25-4bb1-b821-874019ad4281|rpc:10.1.0.79:15077|admin:10.1.0.79:15076|client:10.1.0.79:15075|dataStream:10.1.0.79:15078|priority:1|startupRole:FOLLOWER]|listeners:[], old=null, confs=<EMPTY_MAP>
2023-10-17 18:54:38,521 [c3f8e5ad-ff25-4bb1-b821-874019ad4281-groupManagement] INFO  server.RaftServerConfigKeys (ConfUtils.java:logGet(46)) - raft.server.storage.dir = [/home/runner/work/ozone/ozone/hadoop-ozone/integration-test/target/test-dir/MiniOzoneClusterImpl-6d5b43b8-50d7-4b60-8424-e359ec6f806a/datanode-7/data/ratis] (custom)
2023-10-17 18:54:38,521 [c3f8e5ad-ff25-4bb1-b821-874019ad4281-groupManagement] INFO  server.RaftServerConfigKeys (ConfUtils.java:logGet(46)) - raft.server.log.corruption.policy = EXCEPTION (default)
2023-10-17 18:54:38,521 [c3f8e5ad-ff25-4bb1-b821-874019ad4281-groupManagement] INFO  server.RaftServerConfigKeys (ConfUtils.java:logGet(46)) - raft.server.storage.free-space.min = 0MB (=0) (default)
2023-10-17 18:54:38,521 [c3f8e5ad-ff25-4bb1-b821-874019ad4281-groupManagement] INFO  server.RaftServerConfigKeys (ConfUtils.java:logGet(46)) - raft.server.notification.no-leader.timeout = 300s (custom)
2023-10-17 18:54:38,521 [c3f8e5ad-ff25-4bb1-b821-874019ad4281-groupManagement] INFO  server.RaftServerConfigKeys (ConfUtils.java:logGet(46)) - raft.server.read.timeout = 10s (default)
2023-10-17 18:54:38,521 [c3f8e5ad-ff25-4bb1-b821-874019ad4281-groupManagement] INFO  server.RaftServerConfigKeys (ConfUtils.java:logGet(46)) - raft.server.retrycache.expirytime = 600000ms (custom)
2023-10-17 18:54:38,521 [c3f8e5ad-ff25-4bb1-b821-874019ad4281-groupManagement] INFO  server.RaftServerConfigKeys (ConfUtils.java:logGet(46)) - raft.server.retrycache.statistics.expirytime = 100μs (default)
2023-10-17 18:54:38,521 [c3f8e5ad-ff25-4bb1-b821-874019ad4281-groupManagement] INFO  server.RaftServerConfigKeys (ConfUtils.java:logGet(46)) - raft.server.read.option = DEFAULT (default)
2023-10-17 18:54:39,019 [JvmPauseMonitor8] WARN  util.JvmPauseMonitor (JvmPauseMonitor.java:detectPause(124)) - JvmPauseMonitor-9f5ee6cc-18ea-4245-a4cd-5944efe2ec09: Detected pause in JVM or host machine approximately 0.384s with 0.495s GC time.
GC pool 'PS MarkSweep' had collection(s): count=1 time=329ms
GC pool 'PS Scavenge' had collection(s): count=1 time=166ms
2023-10-17 18:54:39,020 [JvmPauseMonitor6] WARN  util.JvmPauseMonitor (JvmPauseMonitor.java:detectPause(124)) - JvmPauseMonitor-a9a64069-5644-4cd4-ae1b-13efe84d56e4: Detected pause in JVM or host machine approximately 0.384s with 0.495s GC time.
GC pool 'PS MarkSweep' had collection(s): count=1 time=329ms
GC pool 'PS Scavenge' had collection(s): count=1 time=166ms
2023-10-17 18:54:39,020 [JvmPauseMonitor11] WARN  util.JvmPauseMonitor (JvmPauseMonitor.java:detectPause(124)) - JvmPauseMonitor-b02d6f66-d0eb-48ed-9f4c-37a8796232ac: Detected pause in JVM or host machine approximately 0.398s with 0.495s GC time.
GC pool 'PS MarkSweep' had collection(s): count=1 time=329ms
GC pool 'PS Scavenge' had collection(s): count=1 time=166ms
2023-10-17 18:54:39,020 [JvmPauseMonitor4] WARN  util.JvmPauseMonitor (JvmPauseMonitor.java:detectPause(124)) - JvmPauseMonitor-effd9d2c-4905-4e44-ade4-aa9f0e9056f9: Detected pause in JVM or host machine approximately 0.398s with 0.495s GC time.
GC pool 'PS MarkSweep' had collection(s): count=1 time=329ms
GC pool 'PS Scavenge' had collection(s): count=1 time=166ms
2023-10-17 18:54:39,020 [7a0123dc-2631-482f-afc4-3bb35f550263-groupManagement] INFO  server.RaftServer$Division (RaftServerImpl.java:<init>(198)) - 7a0123dc-2631-482f-afc4-3bb35f550263: new RaftServerImpl for group-20F0375D81CA:[7a0123dc-2631-482f-afc4-3bb35f550263|rpc:10.1.0.79:15086|admin:10.1.0.79:15085|client:10.1.0.79:15084|dataStream:10.1.0.79:15087|priority:1|startupRole:FOLLOWER] with ContainerStateMachine:uninitialized
2023-10-17 18:54:39,021 [7a0123dc-2631-482f-afc4-3bb35f550263-groupManagement] INFO  server.RaftServerConfigKeys (ConfUtils.java:logGet(46)) - raft.server.rpc.timeout.min = 5s (custom)
2023-10-17 18:54:39,021 [7a0123dc-2631-482f-afc4-3bb35f550263-groupManagement] INFO  server.RaftServerConfigKeys (ConfUtils.java:logGet(46)) - raft.server.rpc.timeout.max = 5200ms (custom)
2023-10-17 18:54:39,021 [7a0123dc-2631-482f-afc4-3bb35f550263-groupManagement] INFO  server.RaftServerConfigKeys (ConfUtils.java:logGet(46)) - raft.server.rpc.sleep.time = 25ms (default)
2023-10-17 18:54:39,021 [7a0123dc-2631-482f-afc4-3bb35f550263-groupManagement] INFO  server.RaftServerConfigKeys (ConfUtils.java:logGet(46)) - raft.server.rpc.slowness.timeout = 300s (custom)
2023-10-17 18:54:39,021 [7a0123dc-2631-482f-afc4-3bb35f550263-groupManagement] INFO  server.RaftServerConfigKeys (ConfUtils.java:logGet(46)) - raft.server.leaderelection.leader.step-down.wait-time = 10s (default)
2023-10-17 18:54:39,021 [7a0123dc-2631-482f-afc4-3bb35f550263-groupManagement] INFO  server.RaftServerConfigKeys (ConfUtils.java:logGet(46)) - raft.server.sleep.deviation.threshold = 300ms (default)
2023-10-17 18:54:39,021 [c3f8e5ad-ff25-4bb1-b821-874019ad4281-groupManagement] INFO  server.RaftServerConfigKeys (ConfUtils.java:logGet(46)) - raft.server.rpc.request.timeout = 60s (custom)
2023-10-17 18:54:39,021 [7a0123dc-2631-482f-afc4-3bb35f550263-groupManagement] INFO  server.RaftServer$Division (ServerState.java:<init>(120)) - 7a0123dc-2631-482f-afc4-3bb35f550263@group-20F0375D81CA: ConfigurationManager, init=-1: peers:[7a0123dc-2631-482f-afc4-3bb35f550263|rpc:10.1.0.79:15086|admin:10.1.0.79:15085|client:10.1.0.79:15084|dataStream:10.1.0.79:15087|priority:1|startupRole:FOLLOWER]|listeners:[], old=null, confs=<EMPTY_MAP>
2023-10-17 18:54:39,021 [7a0123dc-2631-482f-afc4-3bb35f550263-groupManagement] INFO  server.RaftServerConfigKeys (ConfUtils.java:logGet(46)) - raft.server.storage.dir = [/home/runner/work/ozone/ozone/hadoop-ozone/integration-test/target/test-dir/MiniOzoneClusterImpl-6d5b43b8-50d7-4b60-8424-e359ec6f806a/datanode-8/data/ratis] (custom)
2023-10-17 18:54:39,021 [JvmPauseMonitor10] WARN  util.JvmPauseMonitor (JvmPauseMonitor.java:detectPause(124)) - JvmPauseMonitor-7a0123dc-2631-482f-afc4-3bb35f550263: Detected pause in JVM or host machine approximately 0.400s with 0.495s GC time.
GC pool 'PS MarkSweep' had collection(s): count=1 time=329ms
GC pool 'PS Scavenge' had collection(s): count=1 time=166ms
2023-10-17 18:54:39,022 [7a0123dc-2631-482f-afc4-3bb35f550263-groupManagement] INFO  server.RaftServerConfigKeys (ConfUtils.java:logGet(46)) - raft.server.log.corruption.policy = EXCEPTION (default)
2023-10-17 18:54:39,022 [7a0123dc-2631-482f-afc4-3bb35f550263-groupManagement] INFO  server.RaftServerConfigKeys (ConfUtils.java:logGet(46)) - raft.server.storage.free-space.min = 0MB (=0) (default)
2023-10-17 18:54:39,022 [JvmPauseMonitor3] WARN  util.JvmPauseMonitor (JvmPauseMonitor.java:detectPause(124)) - JvmPauseMonitor-b5355d07-9284-4381-92f8-11cbf4e568d5: Detected pause in JVM or host machine approximately 0.400s with 0.495s GC time.
GC pool 'PS MarkSweep' had collection(s): count=1 time=329ms
GC pool 'PS Scavenge' had collection(s): count=1 time=166ms
2023-10-17 18:54:39,022 [7a0123dc-2631-482f-afc4-3bb35f550263-groupManagement] INFO  server.RaftServerConfigKeys (ConfUtils.java:logGet(46)) - raft.server.notification.no-leader.timeout = 300s (custom)
2023-10-17 18:54:39,022 [JvmPauseMonitor2] WARN  util.JvmPauseMonitor (JvmPauseMonitor.java:detectPause(124)) - JvmPauseMonitor-b2429fc7-5618-4aa2-af46-5079058310ec: Detected pause in JVM or host machine approximately 0.401s with 0.495s GC time.
GC pool 'PS MarkSweep' had collection(s): count=1 time=329ms
GC pool 'PS Scavenge' had collection(s): count=1 time=166ms
2023-10-17 18:54:39,022 [PipelineCommandHandlerThread-0] INFO  server.RaftServer (RaftServerProxy.java:addNew(98)) - 7a0123dc-2631-482f-afc4-3bb35f550263: addNew group-20F0375D81CA:[7a0123dc-2631-482f-afc4-3bb35f550263|rpc:10.1.0.79:15086|admin:10.1.0.79:15085|client:10.1.0.79:15084|dataStream:10.1.0.79:15087|priority:1|startupRole:FOLLOWER] returns group-20F0375D81CA:java.util.concurrent.CompletableFuture@34735101[Not completed]
2023-10-17 18:54:39,022 [JvmPauseMonitor9] WARN  util.JvmPauseMonitor (JvmPauseMonitor.java:detectPause(124)) - JvmPauseMonitor-c3f8e5ad-ff25-4bb1-b821-874019ad4281: Detected pause in JVM or host machine approximately 0.404s with 0.495s GC time.
GC pool 'PS MarkSweep' had collection(s): count=1 time=329ms
GC pool 'PS Scavenge' had collection(s): count=1 time=166ms
2023-10-17 18:54:39,021 [c3f8e5ad-ff25-4bb1-b821-874019ad4281-groupManagement] INFO  server.RaftServerConfigKeys (ConfUtils.java:logGet(46)) - raft.server.log.appender.install.snapshot.enabled = false (custom)
2023-10-17 18:54:39,022 [c3f8e5ad-ff25-4bb1-b821-874019ad4281-groupManagement] INFO  server.RaftServerConfigKeys (ConfUtils.java:logGet(46)) - raft.server.threadpool.server.cached = true (default)
2023-10-17 18:54:39,023 [c3f8e5ad-ff25-4bb1-b821-874019ad4281-groupManagement] INFO  server.RaftServerConfigKeys (ConfUtils.java:logGet(46)) - raft.server.threadpool.server.size = 0 (default)
2023-10-17 18:54:39,023 [c3f8e5ad-ff25-4bb1-b821-874019ad4281-groupManagement] INFO  server.RaftServerConfigKeys (ConfUtils.java:logGet(46)) - raft.server.threadpool.client.cached = true (default)
2023-10-17 18:54:39,023 [c3f8e5ad-ff25-4bb1-b821-874019ad4281-groupManagement] INFO  server.RaftServerConfigKeys (ConfUtils.java:logGet(46)) - raft.server.threadpool.client.size = 0 (default)
2023-10-17 18:54:39,023 [c3f8e5ad-ff25-4bb1-b821-874019ad4281-groupManagement] INFO  storage.RaftStorageDirectory (RaftStorageDirectoryImpl.java:analyzeStorage(137)) - The storage directory /home/runner/work/ozone/ozone/hadoop-ozone/integration-test/target/test-dir/MiniOzoneClusterImpl-6d5b43b8-50d7-4b60-8424-e359ec6f806a/datanode-7/data/ratis/0b0b7480-89ca-43b8-b0f1-a488d0957c0e does not exist. Creating ...
2023-10-17 18:54:39,022 [JvmPauseMonitor7] WARN  util.JvmPauseMonitor (JvmPauseMonitor.java:detectPause(124)) - JvmPauseMonitor-d11f4703-3fdf-44d6-a0a1-43cd820167cb: Detected pause in JVM or host machine approximately 0.403s with 0.495s GC time.
GC pool 'PS MarkSweep' had collection(s): count=1 time=329ms
GC pool 'PS Scavenge' had collection(s): count=1 time=166ms
2023-10-17 18:54:39,022 [JvmPauseMonitor1] WARN  util.JvmPauseMonitor (JvmPauseMonitor.java:detectPause(124)) - JvmPauseMonitor-om1: Detected pause in JVM or host machine approximately 0.401s with 0.495s GC time.
GC pool 'PS MarkSweep' had collection(s): count=1 time=329ms
GC pool 'PS Scavenge' had collection(s): count=1 time=166ms
2023-10-17 18:54:39,022 [7a0123dc-2631-482f-afc4-3bb35f550263-groupManagement] INFO  server.RaftServerConfigKeys (ConfUtils.java:logGet(46)) - raft.server.read.timeout = 10s (default)
2023-10-17 18:54:39,035 [7a0123dc-2631-482f-afc4-3bb35f550263-groupManagement] INFO  server.RaftServerConfigKeys (ConfUtils.java:logGet(46)) - raft.server.retrycache.expirytime = 600000ms (custom)
2023-10-17 18:54:39,035 [7a0123dc-2631-482f-afc4-3bb35f550263-groupManagement] INFO  server.RaftServerConfigKeys (ConfUtils.java:logGet(46)) - raft.server.retrycache.statistics.expirytime = 100μs (default)
2023-10-17 18:54:39,035 [7a0123dc-2631-482f-afc4-3bb35f550263-groupManagement] INFO  server.RaftServerConfigKeys (ConfUtils.java:logGet(46)) - raft.server.read.option = DEFAULT (default)
2023-10-17 18:54:39,022 [JvmPauseMonitor0] WARN  util.JvmPauseMonitor (JvmPauseMonitor.java:detectPause(124)) - JvmPauseMonitor-01c20c05-cfac-4d7a-ae43-8a90a346c983: Detected pause in JVM or host machine approximately 0.401s with 0.495s GC time.
GC pool 'PS MarkSweep' had collection(s): count=1 time=329ms
GC pool 'PS Scavenge' had collection(s): count=1 time=166ms
2023-10-17 18:54:39,036 [7a0123dc-2631-482f-afc4-3bb35f550263-groupManagement] INFO  server.RaftServerConfigKeys (ConfUtils.java:logGet(46)) - raft.server.rpc.request.timeout = 60s (custom)
2023-10-17 18:54:39,036 [7a0123dc-2631-482f-afc4-3bb35f550263-groupManagement] INFO  server.RaftServerConfigKeys (ConfUtils.java:logGet(46)) - raft.server.log.appender.install.snapshot.enabled = false (custom)
2023-10-17 18:54:39,036 [7a0123dc-2631-482f-afc4-3bb35f550263-groupManagement] INFO  server.RaftServerConfigKeys (ConfUtils.java:logGet(46)) - raft.server.threadpool.server.cached = true (default)
2023-10-17 18:54:39,036 [7a0123dc-2631-482f-afc4-3bb35f550263-groupManagement] INFO  server.RaftServerConfigKeys (ConfUtils.java:logGet(46)) - raft.server.threadpool.server.size = 0 (default)
2023-10-17 18:54:39,036 [7a0123dc-2631-482f-afc4-3bb35f550263-groupManagement] INFO  server.RaftServerConfigKeys (ConfUtils.java:logGet(46)) - raft.server.threadpool.client.cached = true (default)
2023-10-17 18:54:39,036 [7a0123dc-2631-482f-afc4-3bb35f550263-groupManagement] INFO  server.RaftServerConfigKeys (ConfUtils.java:logGet(46)) - raft.server.threadpool.client.size = 0 (default)
2023-10-17 18:54:39,036 [7a0123dc-2631-482f-afc4-3bb35f550263-groupManagement] INFO  storage.RaftStorageDirectory (RaftStorageDirectoryImpl.java:analyzeStorage(137)) - The storage directory /home/runner/work/ozone/ozone/hadoop-ozone/integration-test/target/test-dir/MiniOzoneClusterImpl-6d5b43b8-50d7-4b60-8424-e359ec6f806a/datanode-8/data/ratis/c2511b82-0a83-46ae-a3b6-20f0375d81ca does not exist. Creating ...
2023-10-17 18:54:39,022 [JvmPauseMonitor5] WARN  util.JvmPauseMonitor (JvmPauseMonitor.java:detectPause(124)) - JvmPauseMonitor-a546daa4-0106-41e2-a933-0105fc903a66: Detected pause in JVM or host machine approximately 0.400s with 0.495s GC time.
GC pool 'PS MarkSweep' had collection(s): count=1 time=329ms
GC pool 'PS Scavenge' had collection(s): count=1 time=166ms
2023-10-17 18:54:39,033 [c3f8e5ad-ff25-4bb1-b821-874019ad4281-groupManagement] INFO  storage.RaftStorageDirectory (RaftStorageDirectoryImpl.java:tryLock(231)) - Lock on /home/runner/work/ozone/ozone/hadoop-ozone/integration-test/target/test-dir/MiniOzoneClusterImpl-6d5b43b8-50d7-4b60-8424-e359ec6f806a/datanode-7/data/ratis/0b0b7480-89ca-43b8-b0f1-a488d0957c0e/in_use.lock acquired by nodename 97056@fv-az82-357
2023-10-17 18:54:39,038 [7a0123dc-2631-482f-afc4-3bb35f550263-groupManagement] INFO  storage.RaftStorageDirectory (RaftStorageDirectoryImpl.java:tryLock(231)) - Lock on /home/runner/work/ozone/ozone/hadoop-ozone/integration-test/target/test-dir/MiniOzoneClusterImpl-6d5b43b8-50d7-4b60-8424-e359ec6f806a/datanode-8/data/ratis/c2511b82-0a83-46ae-a3b6-20f0375d81ca/in_use.lock acquired by nodename 97056@fv-az82-357
2023-10-17 18:54:39,039 [c3f8e5ad-ff25-4bb1-b821-874019ad4281-groupManagement] INFO  storage.RaftStorage (RaftStorageImpl.java:format(96)) - Storage directory /home/runner/work/ozone/ozone/hadoop-ozone/integration-test/target/test-dir/MiniOzoneClusterImpl-6d5b43b8-50d7-4b60-8424-e359ec6f806a/datanode-7/data/ratis/0b0b7480-89ca-43b8-b0f1-a488d0957c0e has been successfully formatted.
2023-10-17 18:54:39,039 [c3f8e5ad-ff25-4bb1-b821-874019ad4281-groupManagement] INFO  ratis.ContainerStateMachine (ContainerStateMachine.java:loadSnapshot(262)) - group-A488D0957C0E: The snapshot info is null. Setting the last applied indexto:(t:0, i:~)
2023-10-17 18:54:39,039 [c3f8e5ad-ff25-4bb1-b821-874019ad4281-groupManagement] INFO  server.RaftServerConfigKeys (ConfUtils.java:logGet(46)) - raft.server.log.use.memory = false (default)
2023-10-17 18:54:39,039 [c3f8e5ad-ff25-4bb1-b821-874019ad4281-groupManagement] INFO  server.RaftServerConfigKeys (ConfUtils.java:logGet(46)) - raft.server.log.purge.gap = 1000000 (custom)
2023-10-17 18:54:39,039 [c3f8e5ad-ff25-4bb1-b821-874019ad4281-groupManagement] INFO  server.RaftServerConfigKeys (ConfUtils.java:logGet(46)) - raft.server.log.appender.buffer.byte-limit = 33554432 (custom)
2023-10-17 18:54:39,040 [c3f8e5ad-ff25-4bb1-b821-874019ad4281-groupManagement] INFO  server.RaftServerConfigKeys (ConfUtils.java:logGet(46)) - raft.server.log.statemachine.data.read.timeout = 1000ms (default)
2023-10-17 18:54:39,040 [c3f8e5ad-ff25-4bb1-b821-874019ad4281-groupManagement] INFO  server.RaftServerConfigKeys (ConfUtils.java:logGet(46)) - raft.server.log.purge.preservation.log.num = 0 (default)
2023-10-17 18:54:39,040 [c3f8e5ad-ff25-4bb1-b821-874019ad4281-groupManagement] INFO  server.RaftServerConfigKeys (ConfUtils.java:logGet(46)) - raft.server.log.segment.size.max = 1048576 (custom)
2023-10-17 18:54:39,040 [c3f8e5ad-ff25-4bb1-b821-874019ad4281-groupManagement] INFO  server.RaftServerConfigKeys (ConfUtils.java:logGet(46)) - raft.server.log.segment.cache.num.max = 2 (custom)
2023-10-17 18:54:39,040 [c3f8e5ad-ff25-4bb1-b821-874019ad4281-groupManagement] INFO  server.RaftServerConfigKeys (ConfUtils.java:logGet(46)) - raft.server.log.segment.cache.size.max = 200MB (=209715200) (default)
2023-10-17 18:54:39,040 [c3f8e5ad-ff25-4bb1-b821-874019ad4281-groupManagement] INFO  server.RaftServerConfigKeys (ConfUtils.java:logGet(46)) - raft.server.log.appender.buffer.byte-limit = 33554432 (custom)
2023-10-17 18:54:39,040 [c3f8e5ad-ff25-4bb1-b821-874019ad4281-groupManagement] INFO  segmented.SegmentedRaftLogWorker (SegmentedRaftLogWorker.java:<init>(188)) - new c3f8e5ad-ff25-4bb1-b821-874019ad4281@group-A488D0957C0E-SegmentedRaftLogWorker for RaftStorageImpl:Storage Directory /home/runner/work/ozone/ozone/hadoop-ozone/integration-test/target/test-dir/MiniOzoneClusterImpl-6d5b43b8-50d7-4b60-8424-e359ec6f806a/datanode-7/data/ratis/0b0b7480-89ca-43b8-b0f1-a488d0957c0e
2023-10-17 18:54:39,040 [c3f8e5ad-ff25-4bb1-b821-874019ad4281-groupManagement] INFO  server.RaftServerConfigKeys (ConfUtils.java:logGet(46)) - raft.server.log.queue.byte-limit = 4294967296 (custom)
2023-10-17 18:54:39,040 [c3f8e5ad-ff25-4bb1-b821-874019ad4281-groupManagement] INFO  server.RaftServerConfigKeys (ConfUtils.java:logGet(46)) - raft.server.log.queue.element-limit = 1024 (custom)
2023-10-17 18:54:39,041 [c3f8e5ad-ff25-4bb1-b821-874019ad4281-groupManagement] INFO  server.RaftServerConfigKeys (ConfUtils.java:logGet(46)) - raft.server.log.segment.size.max = 1048576 (custom)
2023-10-17 18:54:39,041 [c3f8e5ad-ff25-4bb1-b821-874019ad4281-groupManagement] INFO  server.RaftServerConfigKeys (ConfUtils.java:logGet(46)) - raft.server.log.preallocated.size = 16384 (custom)
2023-10-17 18:54:39,041 [c3f8e5ad-ff25-4bb1-b821-874019ad4281-groupManagement] INFO  server.RaftServerConfigKeys (ConfUtils.java:logGet(46)) - raft.server.log.force.sync.num = 128 (default)
2023-10-17 18:54:39,041 [c3f8e5ad-ff25-4bb1-b821-874019ad4281-groupManagement] INFO  server.RaftServerConfigKeys (ConfUtils.java:logGet(46)) - raft.server.log.statemachine.data.sync = true (default)
2023-10-17 18:54:39,041 [c3f8e5ad-ff25-4bb1-b821-874019ad4281-groupManagement] INFO  server.RaftServerConfigKeys (ConfUtils.java:logGet(46)) - raft.server.log.statemachine.data.sync.timeout = 10s (default)
2023-10-17 18:54:39,041 [c3f8e5ad-ff25-4bb1-b821-874019ad4281-groupManagement] INFO  server.RaftServerConfigKeys (ConfUtils.java:logGet(46)) - raft.server.log.statemachine.data.sync.timeout.retry = -1 (default)
2023-10-17 18:54:39,042 [c3f8e5ad-ff25-4bb1-b821-874019ad4281-groupManagement] INFO  server.RaftServerConfigKeys (ConfUtils.java:logGet(46)) - raft.server.log.write.buffer.size = 1048576 (custom)
2023-10-17 18:54:39,042 [c3f8e5ad-ff25-4bb1-b821-874019ad4281-groupManagement] INFO  server.RaftServerConfigKeys (ConfUtils.java:logGet(46)) - raft.server.log.appender.buffer.byte-limit = 33554432 (custom)
2023-10-17 18:54:39,042 [7a0123dc-2631-482f-afc4-3bb35f550263-groupManagement] INFO  storage.RaftStorage (RaftStorageImpl.java:format(96)) - Storage directory /home/runner/work/ozone/ozone/hadoop-ozone/integration-test/target/test-dir/MiniOzoneClusterImpl-6d5b43b8-50d7-4b60-8424-e359ec6f806a/datanode-8/data/ratis/c2511b82-0a83-46ae-a3b6-20f0375d81ca has been successfully formatted.
2023-10-17 18:54:39,046 [EventQueue-PipelineReportForPipelineReportHandler] INFO  pipeline.PipelineReportHandler (PipelineReportHandler.java:processPipelineReport(136)) - Opened pipeline PipelineID=0b0b7480-89ca-43b8-b0f1-a488d0957c0e
2023-10-17 18:54:39,046 [EventQueue-PipelineReportForPipelineReportHandler] INFO  pipeline.PipelineReportHandler (PipelineReportHandler.java:processPipelineReport(136)) - Opened pipeline PipelineID=c2511b82-0a83-46ae-a3b6-20f0375d81ca
2023-10-17 18:54:39,046 [EventQueue-OpenPipelineForHealthyPipelineSafeModeRule] INFO  safemode.SCMSafeModeManager (HealthyPipelineSafeModeRule.java:process(137)) - SCM in safe mode. Healthy pipelines reported count is 0, required healthy pipeline reported count is 1
2023-10-17 18:54:39,046 [EventQueue-OpenPipelineForHealthyPipelineSafeModeRule] INFO  safemode.SCMSafeModeManager (HealthyPipelineSafeModeRule.java:process(137)) - SCM in safe mode. Healthy pipelines reported count is 0, required healthy pipeline reported count is 1
2023-10-17 18:54:39,047 [7a0123dc-2631-482f-afc4-3bb35f550263-groupManagement] INFO  ratis.ContainerStateMachine (ContainerStateMachine.java:loadSnapshot(262)) - group-20F0375D81CA: The snapshot info is null. Setting the last applied indexto:(t:0, i:~)
2023-10-17 18:54:39,047 [7a0123dc-2631-482f-afc4-3bb35f550263-groupManagement] INFO  server.RaftServerConfigKeys (ConfUtils.java:logGet(46)) - raft.server.log.use.memory = false (default)
2023-10-17 18:54:39,047 [7a0123dc-2631-482f-afc4-3bb35f550263-groupManagement] INFO  server.RaftServerConfigKeys (ConfUtils.java:logGet(46)) - raft.server.log.purge.gap = 1000000 (custom)
2023-10-17 18:54:39,047 [7a0123dc-2631-482f-afc4-3bb35f550263-groupManagement] INFO  server.RaftServerConfigKeys (ConfUtils.java:logGet(46)) - raft.server.log.appender.buffer.byte-limit = 33554432 (custom)
2023-10-17 18:54:39,047 [7a0123dc-2631-482f-afc4-3bb35f550263-groupManagement] INFO  server.RaftServerConfigKeys (ConfUtils.java:logGet(46)) - raft.server.log.statemachine.data.read.timeout = 1000ms (default)
2023-10-17 18:54:39,047 [7a0123dc-2631-482f-afc4-3bb35f550263-groupManagement] INFO  server.RaftServerConfigKeys (ConfUtils.java:logGet(46)) - raft.server.log.purge.preservation.log.num = 0 (default)
2023-10-17 18:54:39,048 [c3f8e5ad-ff25-4bb1-b821-874019ad4281-groupManagement] INFO  server.RaftServerConfigKeys (ConfUtils.java:logGet(46)) - raft.server.log.unsafe-flush.enabled = false (default)
2023-10-17 18:54:39,048 [c3f8e5ad-ff25-4bb1-b821-874019ad4281-groupManagement] INFO  server.RaftServerConfigKeys (ConfUtils.java:logGet(46)) - raft.server.log.async-flush.enabled = false (default)
2023-10-17 18:54:39,048 [c3f8e5ad-ff25-4bb1-b821-874019ad4281-groupManagement] INFO  server.RaftServerConfigKeys (ConfUtils.java:logGet(46)) - raft.server.log.statemachine.data.caching.enabled = true (custom)
2023-10-17 18:54:39,049 [c3f8e5ad-ff25-4bb1-b821-874019ad4281-groupManagement] INFO  segmented.SegmentedRaftLogWorker (SegmentedRaftLogWorker.java:lambda$new$0(135)) - c3f8e5ad-ff25-4bb1-b821-874019ad4281@group-A488D0957C0E-SegmentedRaftLogWorker: flushIndex: setUnconditionally 0 -> -1
2023-10-17 18:54:39,049 [c3f8e5ad-ff25-4bb1-b821-874019ad4281-groupManagement] INFO  segmented.SegmentedRaftLogWorker (SegmentedRaftLogWorker.java:lambda$new$0(135)) - c3f8e5ad-ff25-4bb1-b821-874019ad4281@group-A488D0957C0E-SegmentedRaftLogWorker: safeCacheEvictIndex: setUnconditionally 0 -> -1
2023-10-17 18:54:39,049 [7a0123dc-2631-482f-afc4-3bb35f550263-groupManagement] INFO  server.RaftServerConfigKeys (ConfUtils.java:logGet(46)) - raft.server.log.segment.size.max = 1048576 (custom)
2023-10-17 18:54:39,049 [c3f8e5ad-ff25-4bb1-b821-874019ad4281-groupManagement] INFO  server.RaftServer$Division (RaftServerImpl.java:start(342)) - c3f8e5ad-ff25-4bb1-b821-874019ad4281@group-A488D0957C0E: start as a follower, conf=-1: peers:[c3f8e5ad-ff25-4bb1-b821-874019ad4281|rpc:10.1.0.79:15077|admin:10.1.0.79:15076|client:10.1.0.79:15075|dataStream:10.1.0.79:15078|priority:1|startupRole:FOLLOWER]|listeners:[], old=null
2023-10-17 18:54:39,049 [c3f8e5ad-ff25-4bb1-b821-874019ad4281-groupManagement] INFO  server.RaftServer$Division (RaftServerImpl.java:setRole(329)) - c3f8e5ad-ff25-4bb1-b821-874019ad4281@group-A488D0957C0E: changes role from      null to FOLLOWER at term 0 for startAsFollower
2023-10-17 18:54:39,049 [c3f8e5ad-ff25-4bb1-b821-874019ad4281-groupManagement] INFO  impl.RoleInfo (RoleInfo.java:updateAndGet(139)) - c3f8e5ad-ff25-4bb1-b821-874019ad4281: start c3f8e5ad-ff25-4bb1-b821-874019ad4281@group-A488D0957C0E-FollowerState
2023-10-17 18:54:39,049 [c3f8e5ad-ff25-4bb1-b821-874019ad4281@group-A488D0957C0E-FollowerState] INFO  server.RaftServerConfigKeys (ConfUtils.java:logFallback(53)) - raft.server.rpc.first-election.timeout.min = 5s (fallback to raft.server.rpc.timeout.min)
2023-10-17 18:54:39,049 [c3f8e5ad-ff25-4bb1-b821-874019ad4281-groupManagement] INFO  util.JmxRegister (JmxRegister.java:tryRegister(44)) - Successfully registered JMX Bean with object name Ratis:service=RaftServer,group=group-A488D0957C0E,id=c3f8e5ad-ff25-4bb1-b821-874019ad4281
2023-10-17 18:54:39,049 [c3f8e5ad-ff25-4bb1-b821-874019ad4281@group-A488D0957C0E-FollowerState] INFO  server.RaftServerConfigKeys (ConfUtils.java:logFallback(53)) - raft.server.rpc.first-election.timeout.max = 5200ms (fallback to raft.server.rpc.timeout.max)
2023-10-17 18:54:39,050 [c3f8e5ad-ff25-4bb1-b821-874019ad4281-groupManagement] INFO  server.RaftServerConfigKeys (ConfUtils.java:logGet(46)) - raft.server.snapshot.auto.trigger.enabled = true (custom)
2023-10-17 18:54:39,050 [c3f8e5ad-ff25-4bb1-b821-874019ad4281-groupManagement] INFO  server.RaftServerConfigKeys (ConfUtils.java:logGet(46)) - raft.server.snapshot.auto.trigger.threshold = 10000 (custom)
2023-10-17 18:54:39,050 [c3f8e5ad-ff25-4bb1-b821-874019ad4281-groupManagement] INFO  server.RaftServerConfigKeys (ConfUtils.java:logGet(46)) - raft.server.snapshot.retention.file.num = 5 (custom)
2023-10-17 18:54:39,050 [c3f8e5ad-ff25-4bb1-b821-874019ad4281-groupManagement] INFO  server.RaftServerConfigKeys (ConfUtils.java:logGet(46)) - raft.server.log.purge.upto.snapshot.index = false (default)
2023-10-17 18:54:39,050 [PipelineCommandHandlerThread-0] INFO  ratis.XceiverServerRatis (XceiverServerRatis.java:addGroup(804)) - Created group PipelineID=0b0b7480-89ca-43b8-b0f1-a488d0957c0e
2023-10-17 18:54:39,051 [PipelineCommandHandlerThread-0] INFO  commandhandler.CreatePipelineCommandHandler (CreatePipelineCommandHandler.java:lambda$handle$2(124)) - Created Pipeline RATIS ONE PipelineID=0b0b7480-89ca-43b8-b0f1-a488d0957c0e.
2023-10-17 18:54:39,051 [7a0123dc-2631-482f-afc4-3bb35f550263-groupManagement] INFO  server.RaftServerConfigKeys (ConfUtils.java:logGet(46)) - raft.server.log.segment.cache.num.max = 2 (custom)
2023-10-17 18:54:39,051 [7a0123dc-2631-482f-afc4-3bb35f550263-groupManagement] INFO  server.RaftServerConfigKeys (ConfUtils.java:logGet(46)) - raft.server.log.segment.cache.size.max = 200MB (=209715200) (default)
2023-10-17 18:54:39,051 [7a0123dc-2631-482f-afc4-3bb35f550263-groupManagement] INFO  server.RaftServerConfigKeys (ConfUtils.java:logGet(46)) - raft.server.log.appender.buffer.byte-limit = 33554432 (custom)
2023-10-17 18:54:39,051 [7a0123dc-2631-482f-afc4-3bb35f550263-groupManagement] INFO  segmented.SegmentedRaftLogWorker (SegmentedRaftLogWorker.java:<init>(188)) - new 7a0123dc-2631-482f-afc4-3bb35f550263@group-20F0375D81CA-SegmentedRaftLogWorker for RaftStorageImpl:Storage Directory /home/runner/work/ozone/ozone/hadoop-ozone/integration-test/target/test-dir/MiniOzoneClusterImpl-6d5b43b8-50d7-4b60-8424-e359ec6f806a/datanode-8/data/ratis/c2511b82-0a83-46ae-a3b6-20f0375d81ca
2023-10-17 18:54:39,051 [7a0123dc-2631-482f-afc4-3bb35f550263-groupManagement] INFO  server.RaftServerConfigKeys (ConfUtils.java:logGet(46)) - raft.server.log.queue.byte-limit = 4294967296 (custom)
2023-10-17 18:54:39,051 [7a0123dc-2631-482f-afc4-3bb35f550263-groupManagement] INFO  server.RaftServerConfigKeys (ConfUtils.java:logGet(46)) - raft.server.log.queue.element-limit = 1024 (custom)
2023-10-17 18:54:39,051 [7a0123dc-2631-482f-afc4-3bb35f550263-groupManagement] INFO  server.RaftServerConfigKeys (ConfUtils.java:logGet(46)) - raft.server.log.segment.size.max = 1048576 (custom)
2023-10-17 18:54:39,051 [7a0123dc-2631-482f-afc4-3bb35f550263-groupManagement] INFO  server.RaftServerConfigKeys (ConfUtils.java:logGet(46)) - raft.server.log.preallocated.size = 16384 (custom)
2023-10-17 18:54:39,051 [7a0123dc-2631-482f-afc4-3bb35f550263-groupManagement] INFO  server.RaftServerConfigKeys (ConfUtils.java:logGet(46)) - raft.server.log.force.sync.num = 128 (default)
2023-10-17 18:54:39,052 [7a0123dc-2631-482f-afc4-3bb35f550263-groupManagement] INFO  server.RaftServerConfigKeys (ConfUtils.java:logGet(46)) - raft.server.log.statemachine.data.sync = true (default)
2023-10-17 18:54:39,053 [7a0123dc-2631-482f-afc4-3bb35f550263-groupManagement] INFO  server.RaftServerConfigKeys (ConfUtils.java:logGet(46)) - raft.server.log.statemachine.data.sync.timeout = 10s (default)
2023-10-17 18:54:39,053 [7a0123dc-2631-482f-afc4-3bb35f550263-groupManagement] INFO  server.RaftServerConfigKeys (ConfUtils.java:logGet(46)) - raft.server.log.statemachine.data.sync.timeout.retry = -1 (default)
2023-10-17 18:54:39,053 [7a0123dc-2631-482f-afc4-3bb35f550263-groupManagement] INFO  server.RaftServerConfigKeys (ConfUtils.java:logGet(46)) - raft.server.log.write.buffer.size = 1048576 (custom)
2023-10-17 18:54:39,054 [7a0123dc-2631-482f-afc4-3bb35f550263-groupManagement] INFO  server.RaftServerConfigKeys (ConfUtils.java:logGet(46)) - raft.server.log.appender.buffer.byte-limit = 33554432 (custom)
2023-10-17 18:54:39,060 [7a0123dc-2631-482f-afc4-3bb35f550263-groupManagement] INFO  server.RaftServerConfigKeys (ConfUtils.java:logGet(46)) - raft.server.log.unsafe-flush.enabled = false (default)
2023-10-17 18:54:39,061 [7a0123dc-2631-482f-afc4-3bb35f550263-groupManagement] INFO  server.RaftServerConfigKeys (ConfUtils.java:logGet(46)) - raft.server.log.async-flush.enabled = false (default)
2023-10-17 18:54:39,061 [7a0123dc-2631-482f-afc4-3bb35f550263-groupManagement] INFO  server.RaftServerConfigKeys (ConfUtils.java:logGet(46)) - raft.server.log.statemachine.data.caching.enabled = true (custom)
2023-10-17 18:54:39,061 [7a0123dc-2631-482f-afc4-3bb35f550263-groupManagement] INFO  segmented.SegmentedRaftLogWorker (SegmentedRaftLogWorker.java:lambda$new$0(135)) - 7a0123dc-2631-482f-afc4-3bb35f550263@group-20F0375D81CA-SegmentedRaftLogWorker: flushIndex: setUnconditionally 0 -> -1
2023-10-17 18:54:39,061 [7a0123dc-2631-482f-afc4-3bb35f550263-groupManagement] INFO  segmented.SegmentedRaftLogWorker (SegmentedRaftLogWorker.java:lambda$new$0(135)) - 7a0123dc-2631-482f-afc4-3bb35f550263@group-20F0375D81CA-SegmentedRaftLogWorker: safeCacheEvictIndex: setUnconditionally 0 -> -1
2023-10-17 18:54:39,062 [7a0123dc-2631-482f-afc4-3bb35f550263-groupManagement] INFO  server.RaftServer$Division (RaftServerImpl.java:start(342)) - 7a0123dc-2631-482f-afc4-3bb35f550263@group-20F0375D81CA: start as a follower, conf=-1: peers:[7a0123dc-2631-482f-afc4-3bb35f550263|rpc:10.1.0.79:15086|admin:10.1.0.79:15085|client:10.1.0.79:15084|dataStream:10.1.0.79:15087|priority:1|startupRole:FOLLOWER]|listeners:[], old=null
2023-10-17 18:54:39,062 [7a0123dc-2631-482f-afc4-3bb35f550263-groupManagement] INFO  server.RaftServer$Division (RaftServerImpl.java:setRole(329)) - 7a0123dc-2631-482f-afc4-3bb35f550263@group-20F0375D81CA: changes role from      null to FOLLOWER at term 0 for startAsFollower
2023-10-17 18:54:39,062 [7a0123dc-2631-482f-afc4-3bb35f550263-groupManagement] INFO  impl.RoleInfo (RoleInfo.java:updateAndGet(139)) - 7a0123dc-2631-482f-afc4-3bb35f550263: start 7a0123dc-2631-482f-afc4-3bb35f550263@group-20F0375D81CA-FollowerState
2023-10-17 18:54:39,062 [7a0123dc-2631-482f-afc4-3bb35f550263-groupManagement] INFO  util.JmxRegister (JmxRegister.java:tryRegister(44)) - Successfully registered JMX Bean with object name Ratis:service=RaftServer,group=group-20F0375D81CA,id=7a0123dc-2631-482f-afc4-3bb35f550263
2023-10-17 18:54:39,062 [7a0123dc-2631-482f-afc4-3bb35f550263-groupManagement] INFO  server.RaftServerConfigKeys (ConfUtils.java:logGet(46)) - raft.server.snapshot.auto.trigger.enabled = true (custom)
2023-10-17 18:54:39,062 [7a0123dc-2631-482f-afc4-3bb35f550263-groupManagement] INFO  server.RaftServerConfigKeys (ConfUtils.java:logGet(46)) - raft.server.snapshot.auto.trigger.threshold = 10000 (custom)
2023-10-17 18:54:39,062 [7a0123dc-2631-482f-afc4-3bb35f550263-groupManagement] INFO  server.RaftServerConfigKeys (ConfUtils.java:logGet(46)) - raft.server.snapshot.retention.file.num = 5 (custom)
2023-10-17 18:54:39,062 [7a0123dc-2631-482f-afc4-3bb35f550263-groupManagement] INFO  server.RaftServerConfigKeys (ConfUtils.java:logGet(46)) - raft.server.log.purge.upto.snapshot.index = false (default)
2023-10-17 18:54:39,063 [7a0123dc-2631-482f-afc4-3bb35f550263@group-20F0375D81CA-FollowerState] INFO  server.RaftServerConfigKeys (ConfUtils.java:logFallback(53)) - raft.server.rpc.first-election.timeout.min = 5s (fallback to raft.server.rpc.timeout.min)
2023-10-17 18:54:39,063 [7a0123dc-2631-482f-afc4-3bb35f550263@group-20F0375D81CA-FollowerState] INFO  server.RaftServerConfigKeys (ConfUtils.java:logFallback(53)) - raft.server.rpc.first-election.timeout.max = 5200ms (fallback to raft.server.rpc.timeout.max)
2023-10-17 18:54:39,063 [PipelineCommandHandlerThread-0] INFO  ratis.XceiverServerRatis (XceiverServerRatis.java:addGroup(804)) - Created group PipelineID=c2511b82-0a83-46ae-a3b6-20f0375d81ca
2023-10-17 18:54:39,064 [PipelineCommandHandlerThread-0] INFO  commandhandler.CreatePipelineCommandHandler (CreatePipelineCommandHandler.java:lambda$handle$2(124)) - Created Pipeline RATIS ONE PipelineID=c2511b82-0a83-46ae-a3b6-20f0375d81ca.
2023-10-17 18:54:39,362 [PipelineCommandHandlerThread-0] INFO  server.RaftServer (RaftServerProxy.java:addNew(98)) - b02d6f66-d0eb-48ed-9f4c-37a8796232ac: addNew group-7910A4AA882C:[b02d6f66-d0eb-48ed-9f4c-37a8796232ac|rpc:10.1.0.79:15095|admin:10.1.0.79:15094|client:10.1.0.79:15093|dataStream:10.1.0.79:15096|priority:1|startupRole:FOLLOWER] returns group-7910A4AA882C:java.util.concurrent.CompletableFuture@cbed253[Not completed]
2023-10-17 18:54:39,363 [b02d6f66-d0eb-48ed-9f4c-37a8796232ac-groupManagement] INFO  server.RaftServer$Division (RaftServerImpl.java:<init>(198)) - b02d6f66-d0eb-48ed-9f4c-37a8796232ac: new RaftServerImpl for group-7910A4AA882C:[b02d6f66-d0eb-48ed-9f4c-37a8796232ac|rpc:10.1.0.79:15095|admin:10.1.0.79:15094|client:10.1.0.79:15093|dataStream:10.1.0.79:15096|priority:1|startupRole:FOLLOWER] with ContainerStateMachine:uninitialized
2023-10-17 18:54:39,363 [b02d6f66-d0eb-48ed-9f4c-37a8796232ac-groupManagement] INFO  server.RaftServerConfigKeys (ConfUtils.java:logGet(46)) - raft.server.rpc.timeout.min = 5s (custom)
2023-10-17 18:54:39,363 [b02d6f66-d0eb-48ed-9f4c-37a8796232ac-groupManagement] INFO  server.RaftServerConfigKeys (ConfUtils.java:logGet(46)) - raft.server.rpc.timeout.max = 5200ms (custom)
2023-10-17 18:54:39,363 [b02d6f66-d0eb-48ed-9f4c-37a8796232ac-groupManagement] INFO  server.RaftServerConfigKeys (ConfUtils.java:logGet(46)) - raft.server.rpc.sleep.time = 25ms (default)
2023-10-17 18:54:39,364 [b02d6f66-d0eb-48ed-9f4c-37a8796232ac-groupManagement] INFO  server.RaftServerConfigKeys (ConfUtils.java:logGet(46)) - raft.server.rpc.slowness.timeout = 300s (custom)
2023-10-17 18:54:39,364 [b02d6f66-d0eb-48ed-9f4c-37a8796232ac-groupManagement] INFO  server.RaftServerConfigKeys (ConfUtils.java:logGet(46)) - raft.server.leaderelection.leader.step-down.wait-time = 10s (default)
2023-10-17 18:54:39,364 [b02d6f66-d0eb-48ed-9f4c-37a8796232ac-groupManagement] INFO  server.RaftServerConfigKeys (ConfUtils.java:logGet(46)) - raft.server.sleep.deviation.threshold = 300ms (default)
2023-10-17 18:54:39,364 [b02d6f66-d0eb-48ed-9f4c-37a8796232ac-groupManagement] INFO  server.RaftServer$Division (ServerState.java:<init>(120)) - b02d6f66-d0eb-48ed-9f4c-37a8796232ac@group-7910A4AA882C: ConfigurationManager, init=-1: peers:[b02d6f66-d0eb-48ed-9f4c-37a8796232ac|rpc:10.1.0.79:15095|admin:10.1.0.79:15094|client:10.1.0.79:15093|dataStream:10.1.0.79:15096|priority:1|startupRole:FOLLOWER]|listeners:[], old=null, confs=<EMPTY_MAP>
2023-10-17 18:54:39,364 [b02d6f66-d0eb-48ed-9f4c-37a8796232ac-groupManagement] INFO  server.RaftServerConfigKeys (ConfUtils.java:logGet(46)) - raft.server.storage.dir = [/home/runner/work/ozone/ozone/hadoop-ozone/integration-test/target/test-dir/MiniOzoneClusterImpl-6d5b43b8-50d7-4b60-8424-e359ec6f806a/datanode-9/data/ratis] (custom)
2023-10-17 18:54:39,364 [b02d6f66-d0eb-48ed-9f4c-37a8796232ac-groupManagement] INFO  server.RaftServerConfigKeys (ConfUtils.java:logGet(46)) - raft.server.log.corruption.policy = EXCEPTION (default)
2023-10-17 18:54:39,364 [b02d6f66-d0eb-48ed-9f4c-37a8796232ac-groupManagement] INFO  server.RaftServerConfigKeys (ConfUtils.java:logGet(46)) - raft.server.storage.free-space.min = 0MB (=0) (default)
2023-10-17 18:54:39,364 [b02d6f66-d0eb-48ed-9f4c-37a8796232ac-groupManagement] INFO  server.RaftServerConfigKeys (ConfUtils.java:logGet(46)) - raft.server.notification.no-leader.timeout = 300s (custom)
2023-10-17 18:54:39,364 [b02d6f66-d0eb-48ed-9f4c-37a8796232ac-groupManagement] INFO  server.RaftServerConfigKeys (ConfUtils.java:logGet(46)) - raft.server.read.timeout = 10s (default)
2023-10-17 18:54:39,365 [b02d6f66-d0eb-48ed-9f4c-37a8796232ac-groupManagement] INFO  server.RaftServerConfigKeys (ConfUtils.java:logGet(46)) - raft.server.retrycache.expirytime = 600000ms (custom)
2023-10-17 18:54:39,365 [b02d6f66-d0eb-48ed-9f4c-37a8796232ac-groupManagement] INFO  server.RaftServerConfigKeys (ConfUtils.java:logGet(46)) - raft.server.retrycache.statistics.expirytime = 100μs (default)
2023-10-17 18:54:39,365 [b02d6f66-d0eb-48ed-9f4c-37a8796232ac-groupManagement] INFO  server.RaftServerConfigKeys (ConfUtils.java:logGet(46)) - raft.server.read.option = DEFAULT (default)
2023-10-17 18:54:39,366 [b02d6f66-d0eb-48ed-9f4c-37a8796232ac-groupManagement] INFO  server.RaftServerConfigKeys (ConfUtils.java:logGet(46)) - raft.server.rpc.request.timeout = 60s (custom)
2023-10-17 18:54:39,366 [b02d6f66-d0eb-48ed-9f4c-37a8796232ac-groupManagement] INFO  server.RaftServerConfigKeys (ConfUtils.java:logGet(46)) - raft.server.log.appender.install.snapshot.enabled = false (custom)
2023-10-17 18:54:39,366 [b02d6f66-d0eb-48ed-9f4c-37a8796232ac-groupManagement] INFO  server.RaftServerConfigKeys (ConfUtils.java:logGet(46)) - raft.server.threadpool.server.cached = true (default)
2023-10-17 18:54:39,366 [b02d6f66-d0eb-48ed-9f4c-37a8796232ac-groupManagement] INFO  server.RaftServerConfigKeys (ConfUtils.java:logGet(46)) - raft.server.threadpool.server.size = 0 (default)
2023-10-17 18:54:39,366 [b02d6f66-d0eb-48ed-9f4c-37a8796232ac-groupManagement] INFO  server.RaftServerConfigKeys (ConfUtils.java:logGet(46)) - raft.server.threadpool.client.cached = true (default)
2023-10-17 18:54:39,366 [b02d6f66-d0eb-48ed-9f4c-37a8796232ac-groupManagement] INFO  server.RaftServerConfigKeys (ConfUtils.java:logGet(46)) - raft.server.threadpool.client.size = 0 (default)
2023-10-17 18:54:39,367 [b02d6f66-d0eb-48ed-9f4c-37a8796232ac-groupManagement] INFO  storage.RaftStorageDirectory (RaftStorageDirectoryImpl.java:analyzeStorage(137)) - The storage directory /home/runner/work/ozone/ozone/hadoop-ozone/integration-test/target/test-dir/MiniOzoneClusterImpl-6d5b43b8-50d7-4b60-8424-e359ec6f806a/datanode-9/data/ratis/dfc5b30b-5a21-40b0-b250-7910a4aa882c does not exist. Creating ...
2023-10-17 18:54:39,369 [b02d6f66-d0eb-48ed-9f4c-37a8796232ac-groupManagement] INFO  storage.RaftStorageDirectory (RaftStorageDirectoryImpl.java:tryLock(231)) - Lock on /home/runner/work/ozone/ozone/hadoop-ozone/integration-test/target/test-dir/MiniOzoneClusterImpl-6d5b43b8-50d7-4b60-8424-e359ec6f806a/datanode-9/data/ratis/dfc5b30b-5a21-40b0-b250-7910a4aa882c/in_use.lock acquired by nodename 97056@fv-az82-357
2023-10-17 18:54:39,371 [b02d6f66-d0eb-48ed-9f4c-37a8796232ac-groupManagement] INFO  storage.RaftStorage (RaftStorageImpl.java:format(96)) - Storage directory /home/runner/work/ozone/ozone/hadoop-ozone/integration-test/target/test-dir/MiniOzoneClusterImpl-6d5b43b8-50d7-4b60-8424-e359ec6f806a/datanode-9/data/ratis/dfc5b30b-5a21-40b0-b250-7910a4aa882c has been successfully formatted.
2023-10-17 18:54:39,374 [b02d6f66-d0eb-48ed-9f4c-37a8796232ac-groupManagement] INFO  ratis.ContainerStateMachine (ContainerStateMachine.java:loadSnapshot(262)) - group-7910A4AA882C: The snapshot info is null. Setting the last applied indexto:(t:0, i:~)
2023-10-17 18:54:39,377 [EventQueue-PipelineReportForPipelineReportHandler] INFO  pipeline.PipelineReportHandler (PipelineReportHandler.java:processPipelineReport(136)) - Opened pipeline PipelineID=dfc5b30b-5a21-40b0-b250-7910a4aa882c
2023-10-17 18:54:39,377 [EventQueue-OpenPipelineForHealthyPipelineSafeModeRule] INFO  safemode.SCMSafeModeManager (HealthyPipelineSafeModeRule.java:process(137)) - SCM in safe mode. Healthy pipelines reported count is 0, required healthy pipeline reported count is 1
2023-10-17 18:54:39,379 [b02d6f66-d0eb-48ed-9f4c-37a8796232ac-groupManagement] INFO  server.RaftServerConfigKeys (ConfUtils.java:logGet(46)) - raft.server.log.use.memory = false (default)
2023-10-17 18:54:39,380 [b02d6f66-d0eb-48ed-9f4c-37a8796232ac-groupManagement] INFO  server.RaftServerConfigKeys (ConfUtils.java:logGet(46)) - raft.server.log.purge.gap = 1000000 (custom)
2023-10-17 18:54:39,380 [b02d6f66-d0eb-48ed-9f4c-37a8796232ac-groupManagement] INFO  server.RaftServerConfigKeys (ConfUtils.java:logGet(46)) - raft.server.log.appender.buffer.byte-limit = 33554432 (custom)
2023-10-17 18:54:39,380 [b02d6f66-d0eb-48ed-9f4c-37a8796232ac-groupManagement] INFO  server.RaftServerConfigKeys (ConfUtils.java:logGet(46)) - raft.server.log.statemachine.data.read.timeout = 1000ms (default)
2023-10-17 18:54:39,380 [b02d6f66-d0eb-48ed-9f4c-37a8796232ac-groupManagement] INFO  server.RaftServerConfigKeys (ConfUtils.java:logGet(46)) - raft.server.log.purge.preservation.log.num = 0 (default)
2023-10-17 18:54:39,380 [b02d6f66-d0eb-48ed-9f4c-37a8796232ac-groupManagement] INFO  server.RaftServerConfigKeys (ConfUtils.java:logGet(46)) - raft.server.log.segment.size.max = 1048576 (custom)
2023-10-17 18:54:39,381 [b02d6f66-d0eb-48ed-9f4c-37a8796232ac-groupManagement] INFO  server.RaftServerConfigKeys (ConfUtils.java:logGet(46)) - raft.server.log.segment.cache.num.max = 2 (custom)
2023-10-17 18:54:39,381 [b02d6f66-d0eb-48ed-9f4c-37a8796232ac-groupManagement] INFO  server.RaftServerConfigKeys (ConfUtils.java:logGet(46)) - raft.server.log.segment.cache.size.max = 200MB (=209715200) (default)
2023-10-17 18:54:39,381 [b02d6f66-d0eb-48ed-9f4c-37a8796232ac-groupManagement] INFO  server.RaftServerConfigKeys (ConfUtils.java:logGet(46)) - raft.server.log.appender.buffer.byte-limit = 33554432 (custom)
2023-10-17 18:54:39,381 [b02d6f66-d0eb-48ed-9f4c-37a8796232ac-groupManagement] INFO  segmented.SegmentedRaftLogWorker (SegmentedRaftLogWorker.java:<init>(188)) - new b02d6f66-d0eb-48ed-9f4c-37a8796232ac@group-7910A4AA882C-SegmentedRaftLogWorker for RaftStorageImpl:Storage Directory /home/runner/work/ozone/ozone/hadoop-ozone/integration-test/target/test-dir/MiniOzoneClusterImpl-6d5b43b8-50d7-4b60-8424-e359ec6f806a/datanode-9/data/ratis/dfc5b30b-5a21-40b0-b250-7910a4aa882c
2023-10-17 18:54:39,381 [b02d6f66-d0eb-48ed-9f4c-37a8796232ac-groupManagement] INFO  server.RaftServerConfigKeys (ConfUtils.java:logGet(46)) - raft.server.log.queue.byte-limit = 4294967296 (custom)
2023-10-17 18:54:39,381 [b02d6f66-d0eb-48ed-9f4c-37a8796232ac-groupManagement] INFO  server.RaftServerConfigKeys (ConfUtils.java:logGet(46)) - raft.server.log.queue.element-limit = 1024 (custom)
2023-10-17 18:54:39,381 [b02d6f66-d0eb-48ed-9f4c-37a8796232ac-groupManagement] INFO  server.RaftServerConfigKeys (ConfUtils.java:logGet(46)) - raft.server.log.segment.size.max = 1048576 (custom)
2023-10-17 18:54:39,381 [b02d6f66-d0eb-48ed-9f4c-37a8796232ac-groupManagement] INFO  server.RaftServerConfigKeys (ConfUtils.java:logGet(46)) - raft.server.log.preallocated.size = 16384 (custom)
2023-10-17 18:54:39,382 [b02d6f66-d0eb-48ed-9f4c-37a8796232ac-groupManagement] INFO  server.RaftServerConfigKeys (ConfUtils.java:logGet(46)) - raft.server.log.force.sync.num = 128 (default)
2023-10-17 18:54:39,382 [b02d6f66-d0eb-48ed-9f4c-37a8796232ac-groupManagement] INFO  server.RaftServerConfigKeys (ConfUtils.java:logGet(46)) - raft.server.log.statemachine.data.sync = true (default)
2023-10-17 18:54:39,382 [b02d6f66-d0eb-48ed-9f4c-37a8796232ac-groupManagement] INFO  server.RaftServerConfigKeys (ConfUtils.java:logGet(46)) - raft.server.log.statemachine.data.sync.timeout = 10s (default)
2023-10-17 18:54:39,382 [b02d6f66-d0eb-48ed-9f4c-37a8796232ac-groupManagement] INFO  server.RaftServerConfigKeys (ConfUtils.java:logGet(46)) - raft.server.log.statemachine.data.sync.timeout.retry = -1 (default)
2023-10-17 18:54:39,383 [b02d6f66-d0eb-48ed-9f4c-37a8796232ac-groupManagement] INFO  server.RaftServerConfigKeys (ConfUtils.java:logGet(46)) - raft.server.log.write.buffer.size = 1048576 (custom)
2023-10-17 18:54:39,385 [b02d6f66-d0eb-48ed-9f4c-37a8796232ac-groupManagement] INFO  server.RaftServerConfigKeys (ConfUtils.java:logGet(46)) - raft.server.log.appender.buffer.byte-limit = 33554432 (custom)
2023-10-17 18:54:39,390 [main] INFO  ozone.MiniOzoneClusterImpl (MiniOzoneClusterImpl.java:lambda$waitForClusterToBeReady$0(229)) - Nodes are ready. Got 10 of 10 DN Heartbeats.
2023-10-17 18:54:39,390 [main] INFO  ozone.MiniOzoneClusterImpl (MiniOzoneClusterImpl.java:lambda$waitForClusterToBeReady$0(232)) - Waiting for cluster to exit safe mode
2023-10-17 18:54:39,390 [main] INFO  ozone.MiniOzoneClusterImpl (MiniOzoneClusterImpl.java:lambda$waitForClusterToBeReady$0(234)) - SCM became leader
2023-10-17 18:54:39,391 [b02d6f66-d0eb-48ed-9f4c-37a8796232ac-groupManagement] INFO  server.RaftServerConfigKeys (ConfUtils.java:logGet(46)) - raft.server.log.unsafe-flush.enabled = false (default)
2023-10-17 18:54:39,391 [b02d6f66-d0eb-48ed-9f4c-37a8796232ac-groupManagement] INFO  server.RaftServerConfigKeys (ConfUtils.java:logGet(46)) - raft.server.log.async-flush.enabled = false (default)
2023-10-17 18:54:39,391 [b02d6f66-d0eb-48ed-9f4c-37a8796232ac-groupManagement] INFO  server.RaftServerConfigKeys (ConfUtils.java:logGet(46)) - raft.server.log.statemachine.data.caching.enabled = true (custom)
2023-10-17 18:54:39,391 [b02d6f66-d0eb-48ed-9f4c-37a8796232ac-groupManagement] INFO  segmented.SegmentedRaftLogWorker (SegmentedRaftLogWorker.java:lambda$new$0(135)) - b02d6f66-d0eb-48ed-9f4c-37a8796232ac@group-7910A4AA882C-SegmentedRaftLogWorker: flushIndex: setUnconditionally 0 -> -1
2023-10-17 18:54:39,392 [b02d6f66-d0eb-48ed-9f4c-37a8796232ac-groupManagement] INFO  segmented.SegmentedRaftLogWorker (SegmentedRaftLogWorker.java:lambda$new$0(135)) - b02d6f66-d0eb-48ed-9f4c-37a8796232ac@group-7910A4AA882C-SegmentedRaftLogWorker: safeCacheEvictIndex: setUnconditionally 0 -> -1
2023-10-17 18:54:39,393 [b02d6f66-d0eb-48ed-9f4c-37a8796232ac-groupManagement] INFO  server.RaftServer$Division (RaftServerImpl.java:start(342)) - b02d6f66-d0eb-48ed-9f4c-37a8796232ac@group-7910A4AA882C: start as a follower, conf=-1: peers:[b02d6f66-d0eb-48ed-9f4c-37a8796232ac|rpc:10.1.0.79:15095|admin:10.1.0.79:15094|client:10.1.0.79:15093|dataStream:10.1.0.79:15096|priority:1|startupRole:FOLLOWER]|listeners:[], old=null
2023-10-17 18:54:39,393 [b02d6f66-d0eb-48ed-9f4c-37a8796232ac-groupManagement] INFO  server.RaftServer$Division (RaftServerImpl.java:setRole(329)) - b02d6f66-d0eb-48ed-9f4c-37a8796232ac@group-7910A4AA882C: changes role from      null to FOLLOWER at term 0 for startAsFollower
2023-10-17 18:54:39,393 [b02d6f66-d0eb-48ed-9f4c-37a8796232ac-groupManagement] INFO  impl.RoleInfo (RoleInfo.java:updateAndGet(139)) - b02d6f66-d0eb-48ed-9f4c-37a8796232ac: start b02d6f66-d0eb-48ed-9f4c-37a8796232ac@group-7910A4AA882C-FollowerState
2023-10-17 18:54:39,395 [b02d6f66-d0eb-48ed-9f4c-37a8796232ac-groupManagement] INFO  util.JmxRegister (JmxRegister.java:tryRegister(44)) - Successfully registered JMX Bean with object name Ratis:service=RaftServer,group=group-7910A4AA882C,id=b02d6f66-d0eb-48ed-9f4c-37a8796232ac
2023-10-17 18:54:39,396 [b02d6f66-d0eb-48ed-9f4c-37a8796232ac-groupManagement] INFO  server.RaftServerConfigKeys (ConfUtils.java:logGet(46)) - raft.server.snapshot.auto.trigger.enabled = true (custom)
2023-10-17 18:54:39,396 [b02d6f66-d0eb-48ed-9f4c-37a8796232ac-groupManagement] INFO  server.RaftServerConfigKeys (ConfUtils.java:logGet(46)) - raft.server.snapshot.auto.trigger.threshold = 10000 (custom)
2023-10-17 18:54:39,396 [b02d6f66-d0eb-48ed-9f4c-37a8796232ac-groupManagement] INFO  server.RaftServerConfigKeys (ConfUtils.java:logGet(46)) - raft.server.snapshot.retention.file.num = 5 (custom)
2023-10-17 18:54:39,396 [b02d6f66-d0eb-48ed-9f4c-37a8796232ac-groupManagement] INFO  server.RaftServerConfigKeys (ConfUtils.java:logGet(46)) - raft.server.log.purge.upto.snapshot.index = false (default)
2023-10-17 18:54:39,396 [b02d6f66-d0eb-48ed-9f4c-37a8796232ac@group-7910A4AA882C-FollowerState] INFO  server.RaftServerConfigKeys (ConfUtils.java:logFallback(53)) - raft.server.rpc.first-election.timeout.min = 5s (fallback to raft.server.rpc.timeout.min)
2023-10-17 18:54:39,396 [b02d6f66-d0eb-48ed-9f4c-37a8796232ac@group-7910A4AA882C-FollowerState] INFO  server.RaftServerConfigKeys (ConfUtils.java:logFallback(53)) - raft.server.rpc.first-election.timeout.max = 5200ms (fallback to raft.server.rpc.timeout.max)
2023-10-17 18:54:39,397 [PipelineCommandHandlerThread-0] INFO  ratis.XceiverServerRatis (XceiverServerRatis.java:addGroup(804)) - Created group PipelineID=dfc5b30b-5a21-40b0-b250-7910a4aa882c
2023-10-17 18:54:39,397 [PipelineCommandHandlerThread-0] INFO  commandhandler.CreatePipelineCommandHandler (CreatePipelineCommandHandler.java:lambda$handle$2(124)) - Created Pipeline RATIS ONE PipelineID=dfc5b30b-5a21-40b0-b250-7910a4aa882c.
2023-10-17 18:54:40,390 [main] INFO  ozone.MiniOzoneClusterImpl (MiniOzoneClusterImpl.java:lambda$waitForClusterToBeReady$0(229)) - Nodes are ready. Got 10 of 10 DN Heartbeats.
2023-10-17 18:54:40,391 [main] INFO  ozone.MiniOzoneClusterImpl (MiniOzoneClusterImpl.java:lambda$waitForClusterToBeReady$0(232)) - Waiting for cluster to exit safe mode
2023-10-17 18:54:40,391 [main] INFO  ozone.MiniOzoneClusterImpl (MiniOzoneClusterImpl.java:lambda$waitForClusterToBeReady$0(234)) - SCM became leader
2023-10-17 18:54:40,578 [b2429fc7-5618-4aa2-af46-5079058310ec@group-2612A50A37EA-FollowerState] INFO  impl.FollowerState (FollowerState.java:run(143)) - b2429fc7-5618-4aa2-af46-5079058310ec@group-2612A50A37EA-FollowerState: change to CANDIDATE, lastRpcElapsedTime:5111937605ns, electionTimeout:5109ms
2023-10-17 18:54:40,579 [b2429fc7-5618-4aa2-af46-5079058310ec@group-2612A50A37EA-FollowerState] INFO  impl.RoleInfo (RoleInfo.java:shutdownFollowerState(110)) - b2429fc7-5618-4aa2-af46-5079058310ec: shutdown b2429fc7-5618-4aa2-af46-5079058310ec@group-2612A50A37EA-FollowerState
2023-10-17 18:54:40,579 [b2429fc7-5618-4aa2-af46-5079058310ec@group-2612A50A37EA-FollowerState] INFO  server.RaftServer$Division (RaftServerImpl.java:setRole(329)) - b2429fc7-5618-4aa2-af46-5079058310ec@group-2612A50A37EA: changes role from  FOLLOWER to CANDIDATE at term 0 for changeToCandidate
2023-10-17 18:54:40,579 [b2429fc7-5618-4aa2-af46-5079058310ec@group-2612A50A37EA-FollowerState] INFO  server.RaftServerConfigKeys (ConfUtils.java:logGet(46)) - raft.server.leaderelection.pre-vote = true (default)
2023-10-17 18:54:40,579 [b2429fc7-5618-4aa2-af46-5079058310ec@group-2612A50A37EA-FollowerState] INFO  impl.RoleInfo (RoleInfo.java:updateAndGet(139)) - b2429fc7-5618-4aa2-af46-5079058310ec: start b2429fc7-5618-4aa2-af46-5079058310ec@group-2612A50A37EA-LeaderElection2
2023-10-17 18:54:40,583 [b2429fc7-5618-4aa2-af46-5079058310ec@group-2612A50A37EA-LeaderElection2] INFO  impl.LeaderElection (LeaderElection.java:askForVotes(321)) - b2429fc7-5618-4aa2-af46-5079058310ec@group-2612A50A37EA-LeaderElection2 PRE_VOTE round 0: submit vote requests at term 0 for -1: peers:[b2429fc7-5618-4aa2-af46-5079058310ec|rpc:10.1.0.79:15014|admin:10.1.0.79:15013|client:10.1.0.79:15012|dataStream:10.1.0.79:15015|priority:1|startupRole:FOLLOWER]|listeners:[], old=null
2023-10-17 18:54:40,583 [b2429fc7-5618-4aa2-af46-5079058310ec@group-2612A50A37EA-LeaderElection2] INFO  impl.LeaderElection (LeaderElection.java:askForVotes(323)) - b2429fc7-5618-4aa2-af46-5079058310ec@group-2612A50A37EA-LeaderElection2 PRE_VOTE round 0: result PASSED (term=0)
2023-10-17 18:54:40,584 [b2429fc7-5618-4aa2-af46-5079058310ec@group-8E1A1391019E-FollowerState] INFO  impl.FollowerState (FollowerState.java:run(143)) - b2429fc7-5618-4aa2-af46-5079058310ec@group-8E1A1391019E-FollowerState: change to CANDIDATE, lastRpcElapsedTime:5062037434ns, electionTimeout:5054ms
2023-10-17 18:54:40,585 [b2429fc7-5618-4aa2-af46-5079058310ec@group-2612A50A37EA-LeaderElection2] INFO  impl.LeaderElection (LeaderElection.java:askForVotes(321)) - b2429fc7-5618-4aa2-af46-5079058310ec@group-2612A50A37EA-LeaderElection2 ELECTION round 0: submit vote requests at term 1 for -1: peers:[b2429fc7-5618-4aa2-af46-5079058310ec|rpc:10.1.0.79:15014|admin:10.1.0.79:15013|client:10.1.0.79:15012|dataStream:10.1.0.79:15015|priority:1|startupRole:FOLLOWER]|listeners:[], old=null
2023-10-17 18:54:40,585 [b2429fc7-5618-4aa2-af46-5079058310ec@group-8E1A1391019E-FollowerState] INFO  impl.RoleInfo (RoleInfo.java:shutdownFollowerState(110)) - b2429fc7-5618-4aa2-af46-5079058310ec: shutdown b2429fc7-5618-4aa2-af46-5079058310ec@group-8E1A1391019E-FollowerState
2023-10-17 18:54:40,585 [b2429fc7-5618-4aa2-af46-5079058310ec@group-2612A50A37EA-LeaderElection2] INFO  impl.LeaderElection (LeaderElection.java:askForVotes(323)) - b2429fc7-5618-4aa2-af46-5079058310ec@group-2612A50A37EA-LeaderElection2 ELECTION round 0: result PASSED (term=1)
2023-10-17 18:54:40,585 [b2429fc7-5618-4aa2-af46-5079058310ec@group-8E1A1391019E-FollowerState] INFO  server.RaftServer$Division (RaftServerImpl.java:setRole(329)) - b2429fc7-5618-4aa2-af46-5079058310ec@group-8E1A1391019E: changes role from  FOLLOWER to CANDIDATE at term 0 for changeToCandidate
2023-10-17 18:54:40,585 [b2429fc7-5618-4aa2-af46-5079058310ec@group-2612A50A37EA-LeaderElection2] INFO  impl.RoleInfo (RoleInfo.java:shutdownLeaderElection(130)) - b2429fc7-5618-4aa2-af46-5079058310ec: shutdown b2429fc7-5618-4aa2-af46-5079058310ec@group-2612A50A37EA-LeaderElection2
2023-10-17 18:54:40,585 [b2429fc7-5618-4aa2-af46-5079058310ec@group-8E1A1391019E-FollowerState] INFO  server.RaftServerConfigKeys (ConfUtils.java:logGet(46)) - raft.server.leaderelection.pre-vote = true (default)
2023-10-17 18:54:40,585 [b2429fc7-5618-4aa2-af46-5079058310ec@group-2612A50A37EA-LeaderElection2] INFO  server.RaftServer$Division (RaftServerImpl.java:setRole(329)) - b2429fc7-5618-4aa2-af46-5079058310ec@group-2612A50A37EA: changes role from CANDIDATE to LEADER at term 1 for changeToLeader
2023-10-17 18:54:40,585 [b2429fc7-5618-4aa2-af46-5079058310ec@group-2612A50A37EA-LeaderElection2] INFO  ratis.XceiverServerRatis (XceiverServerRatis.java:handleLeaderChangedNotification(902)) - Leader change notification received for group: group-2612A50A37EA with new leaderId: b2429fc7-5618-4aa2-af46-5079058310ec
2023-10-17 18:54:40,585 [b2429fc7-5618-4aa2-af46-5079058310ec@group-8E1A1391019E-FollowerState] INFO  impl.RoleInfo (RoleInfo.java:updateAndGet(139)) - b2429fc7-5618-4aa2-af46-5079058310ec: start b2429fc7-5618-4aa2-af46-5079058310ec@group-8E1A1391019E-LeaderElection3
2023-10-17 18:54:40,586 [b2429fc7-5618-4aa2-af46-5079058310ec@group-2612A50A37EA-LeaderElection2] INFO  server.RaftServer$Division (ServerState.java:setLeader(317)) - b2429fc7-5618-4aa2-af46-5079058310ec@group-2612A50A37EA: change Leader from null to b2429fc7-5618-4aa2-af46-5079058310ec at term 1 for becomeLeader, leader elected after 5144ms
2023-10-17 18:54:40,586 [b2429fc7-5618-4aa2-af46-5079058310ec@group-2612A50A37EA-LeaderElection2] INFO  server.RaftServerConfigKeys (ConfUtils.java:logGet(46)) - raft.server.staging.catchup.gap = 1000 (default)
2023-10-17 18:54:40,589 [b2429fc7-5618-4aa2-af46-5079058310ec@group-2612A50A37EA-LeaderElection2] INFO  server.RaftServerConfigKeys (ConfUtils.java:logGet(46)) - raft.server.write.element-limit = 1024 (custom)
2023-10-17 18:54:40,589 [EventQueue-OpenPipelineForHealthyPipelineSafeModeRule] INFO  safemode.SCMSafeModeManager (HealthyPipelineSafeModeRule.java:process(137)) - SCM in safe mode. Healthy pipelines reported count is 0, required healthy pipeline reported count is 1
2023-10-17 18:54:40,589 [b2429fc7-5618-4aa2-af46-5079058310ec@group-2612A50A37EA-LeaderElection2] INFO  server.RaftServerConfigKeys (ConfUtils.java:logGet(46)) - raft.server.write.byte-limit = 1024 M (=1073741824) (custom)
2023-10-17 18:54:40,589 [b2429fc7-5618-4aa2-af46-5079058310ec@group-8E1A1391019E-LeaderElection3] INFO  impl.LeaderElection (LeaderElection.java:askForVotes(321)) - b2429fc7-5618-4aa2-af46-5079058310ec@group-8E1A1391019E-LeaderElection3 PRE_VOTE round 0: submit vote requests at term 0 for -1: peers:[b2429fc7-5618-4aa2-af46-5079058310ec|rpc:10.1.0.79:15014|admin:10.1.0.79:15013|client:10.1.0.79:15012|dataStream:10.1.0.79:15015|priority:0|startupRole:FOLLOWER, effd9d2c-4905-4e44-ade4-aa9f0e9056f9|rpc:10.1.0.79:15032|admin:10.1.0.79:15031|client:10.1.0.79:15030|dataStream:10.1.0.79:15033|priority:1|startupRole:FOLLOWER, b5355d07-9284-4381-92f8-11cbf4e568d5|rpc:10.1.0.79:15023|admin:10.1.0.79:15022|client:10.1.0.79:15021|dataStream:10.1.0.79:15024|priority:0|startupRole:FOLLOWER]|listeners:[], old=null
2023-10-17 18:54:40,591 [b2429fc7-5618-4aa2-af46-5079058310ec@group-2612A50A37EA-LeaderElection2] INFO  server.RaftServerConfigKeys (ConfUtils.java:logGet(46)) - raft.server.watch.timeout = 180s (custom)
2023-10-17 18:54:40,593 [b2429fc7-5618-4aa2-af46-5079058310ec@group-2612A50A37EA-LeaderElection2] INFO  server.RaftServerConfigKeys (ConfUtils.java:logGet(46)) - raft.server.watch.timeout.denomination = 1s (default)
2023-10-17 18:54:40,593 [b2429fc7-5618-4aa2-af46-5079058310ec@group-2612A50A37EA-LeaderElection2] INFO  server.RaftServerConfigKeys (ConfUtils.java:logGet(46)) - raft.server.watch.element-limit = 65536 (default)
2023-10-17 18:54:40,593 [b2429fc7-5618-4aa2-af46-5079058310ec@group-2612A50A37EA-LeaderElection2] INFO  server.RaftServerConfigKeys (ConfUtils.java:logGet(46)) - raft.server.write.element-limit = 1024 (custom)
2023-10-17 18:54:40,593 [b2429fc7-5618-4aa2-af46-5079058310ec@group-2612A50A37EA-LeaderElection2] INFO  server.RaftServerConfigKeys (ConfUtils.java:logGet(46)) - raft.server.write.follower.gap.ratio.max = -1.0 (default)
2023-10-17 18:54:40,593 [b2429fc7-5618-4aa2-af46-5079058310ec@group-2612A50A37EA-LeaderElection2] INFO  impl.RoleInfo (RoleInfo.java:updateAndGet(139)) - b2429fc7-5618-4aa2-af46-5079058310ec: start b2429fc7-5618-4aa2-af46-5079058310ec@group-2612A50A37EA-LeaderStateImpl
2023-10-17 18:54:40,593 [b2429fc7-5618-4aa2-af46-5079058310ec@group-2612A50A37EA-LeaderElection2] INFO  segmented.SegmentedRaftLogWorker (SegmentedRaftLogWorker.java:startLogSegment(447)) - b2429fc7-5618-4aa2-af46-5079058310ec@group-2612A50A37EA-SegmentedRaftLogWorker: Starting segment from index:0
2023-10-17 18:54:40,595 [b2429fc7-5618-4aa2-af46-5079058310ec@group-2612A50A37EA-SegmentedRaftLogWorker] INFO  segmented.SegmentedRaftLogWorker (SegmentedRaftLogWorker.java:execute(651)) - b2429fc7-5618-4aa2-af46-5079058310ec@group-2612A50A37EA-SegmentedRaftLogWorker: created new log segment /home/runner/work/ozone/ozone/hadoop-ozone/integration-test/target/test-dir/MiniOzoneClusterImpl-6d5b43b8-50d7-4b60-8424-e359ec6f806a/datanode-0/data/ratis/72fd2b4a-e65b-4377-bb79-2612a50a37ea/current/log_inprogress_0
2023-10-17 18:54:40,602 [b2429fc7-5618-4aa2-af46-5079058310ec@group-2612A50A37EA-LeaderElection2] INFO  server.RaftServer$Division (ServerState.java:setRaftConf(434)) - b2429fc7-5618-4aa2-af46-5079058310ec@group-2612A50A37EA: set configuration 0: peers:[b2429fc7-5618-4aa2-af46-5079058310ec|rpc:10.1.0.79:15014|admin:10.1.0.79:15013|client:10.1.0.79:15012|dataStream:10.1.0.79:15015|priority:1|startupRole:FOLLOWER]|listeners:[], old=null
2023-10-17 18:54:40,606 [b2429fc7-5618-4aa2-af46-5079058310ec@group-8E1A1391019E-LeaderElection3] INFO  server.RaftServerConfigKeys (ConfUtils.java:logFallback(53)) - raft.server.rpc.first-election.timeout.min = 5s (fallback to raft.server.rpc.timeout.min)
2023-10-17 18:54:40,606 [b2429fc7-5618-4aa2-af46-5079058310ec@group-8E1A1391019E-LeaderElection3] INFO  server.RaftServerConfigKeys (ConfUtils.java:logFallback(53)) - raft.server.rpc.first-election.timeout.max = 5200ms (fallback to raft.server.rpc.timeout.max)
2023-10-17 18:54:40,606 [b2429fc7-5618-4aa2-af46-5079058310ec@group-8E1A1391019E-LeaderElection3-1] INFO  server.GrpcServerProtocolClient (GrpcServerProtocolClient.java:<init>(65)) - Build channel for effd9d2c-4905-4e44-ade4-aa9f0e9056f9
2023-10-17 18:54:40,608 [b2429fc7-5618-4aa2-af46-5079058310ec@group-8E1A1391019E-LeaderElection3-2] INFO  server.GrpcServerProtocolClient (GrpcServerProtocolClient.java:<init>(65)) - Build channel for b5355d07-9284-4381-92f8-11cbf4e568d5
2023-10-17 18:54:40,627 [grpc-default-executor-1] INFO  server.RaftServer$Division (RaftServerImpl.java:requestVote(1302)) - effd9d2c-4905-4e44-ade4-aa9f0e9056f9@group-8E1A1391019E: receive requestVote(PRE_VOTE, b2429fc7-5618-4aa2-af46-5079058310ec, group-8E1A1391019E, 0, (t:0, i:0))
2023-10-17 18:54:40,629 [grpc-default-executor-1] INFO  impl.VoteContext (VoteContext.java:log(49)) - effd9d2c-4905-4e44-ade4-aa9f0e9056f9@group-8E1A1391019E-FOLLOWER: reject PRE_VOTE from b2429fc7-5618-4aa2-af46-5079058310ec: our priority 1 > candidate's priority 0
2023-10-17 18:54:40,633 [grpc-default-executor-1] INFO  server.RaftServer$Division (RaftServerImpl.java:requestVote(1335)) - effd9d2c-4905-4e44-ade4-aa9f0e9056f9@group-8E1A1391019E replies to PRE_VOTE vote request: b2429fc7-5618-4aa2-af46-5079058310ec<-effd9d2c-4905-4e44-ade4-aa9f0e9056f9#0:FAIL-t0. Peer's state: effd9d2c-4905-4e44-ade4-aa9f0e9056f9@group-8E1A1391019E:t0, leader=null, voted=, raftlog=Memoized:effd9d2c-4905-4e44-ade4-aa9f0e9056f9@group-8E1A1391019E-SegmentedRaftLog:OPENED:c-1, conf=-1: peers:[b2429fc7-5618-4aa2-af46-5079058310ec|rpc:10.1.0.79:15014|admin:10.1.0.79:15013|client:10.1.0.79:15012|dataStream:10.1.0.79:15015|priority:0|startupRole:FOLLOWER, effd9d2c-4905-4e44-ade4-aa9f0e9056f9|rpc:10.1.0.79:15032|admin:10.1.0.79:15031|client:10.1.0.79:15030|dataStream:10.1.0.79:15033|priority:1|startupRole:FOLLOWER, b5355d07-9284-4381-92f8-11cbf4e568d5|rpc:10.1.0.79:15023|admin:10.1.0.79:15022|client:10.1.0.79:15021|dataStream:10.1.0.79:15024|priority:0|startupRole:FOLLOWER]|listeners:[], old=null
2023-10-17 18:54:40,638 [grpc-default-executor-0] INFO  server.RaftServer$Division (RaftServerImpl.java:requestVote(1302)) - b5355d07-9284-4381-92f8-11cbf4e568d5@group-8E1A1391019E: receive requestVote(PRE_VOTE, b2429fc7-5618-4aa2-af46-5079058310ec, group-8E1A1391019E, 0, (t:0, i:0))
2023-10-17 18:54:40,638 [grpc-default-executor-0] INFO  impl.VoteContext (VoteContext.java:log(49)) - b5355d07-9284-4381-92f8-11cbf4e568d5@group-8E1A1391019E-FOLLOWER: accept PRE_VOTE from b2429fc7-5618-4aa2-af46-5079058310ec: our priority 0 <= candidate's priority 0
2023-10-17 18:54:40,641 [grpc-default-executor-0] INFO  server.RaftServer$Division (RaftServerImpl.java:requestVote(1335)) - b5355d07-9284-4381-92f8-11cbf4e568d5@group-8E1A1391019E replies to PRE_VOTE vote request: b2429fc7-5618-4aa2-af46-5079058310ec<-b5355d07-9284-4381-92f8-11cbf4e568d5#0:OK-t0. Peer's state: b5355d07-9284-4381-92f8-11cbf4e568d5@group-8E1A1391019E:t0, leader=null, voted=, raftlog=Memoized:b5355d07-9284-4381-92f8-11cbf4e568d5@group-8E1A1391019E-SegmentedRaftLog:OPENED:c-1, conf=-1: peers:[b2429fc7-5618-4aa2-af46-5079058310ec|rpc:10.1.0.79:15014|admin:10.1.0.79:15013|client:10.1.0.79:15012|dataStream:10.1.0.79:15015|priority:0|startupRole:FOLLOWER, effd9d2c-4905-4e44-ade4-aa9f0e9056f9|rpc:10.1.0.79:15032|admin:10.1.0.79:15031|client:10.1.0.79:15030|dataStream:10.1.0.79:15033|priority:1|startupRole:FOLLOWER, b5355d07-9284-4381-92f8-11cbf4e568d5|rpc:10.1.0.79:15023|admin:10.1.0.79:15022|client:10.1.0.79:15021|dataStream:10.1.0.79:15024|priority:0|startupRole:FOLLOWER]|listeners:[], old=null
2023-10-17 18:54:40,648 [b2429fc7-5618-4aa2-af46-5079058310ec@group-8E1A1391019E-LeaderElection3] INFO  impl.LeaderElection (LeaderElection.java:logAndReturn(90)) - b2429fc7-5618-4aa2-af46-5079058310ec@group-8E1A1391019E-LeaderElection3: PRE_VOTE REJECTED received 1 response(s) and 0 exception(s):
2023-10-17 18:54:40,648 [b2429fc7-5618-4aa2-af46-5079058310ec@group-8E1A1391019E-LeaderElection3] INFO  impl.LeaderElection (LeaderElection.java:logAndReturn(94)) -   Response 0: b2429fc7-5618-4aa2-af46-5079058310ec<-effd9d2c-4905-4e44-ade4-aa9f0e9056f9#0:FAIL-t0
2023-10-17 18:54:40,648 [b2429fc7-5618-4aa2-af46-5079058310ec@group-8E1A1391019E-LeaderElection3] INFO  impl.LeaderElection (LeaderElection.java:askForVotes(323)) - b2429fc7-5618-4aa2-af46-5079058310ec@group-8E1A1391019E-LeaderElection3 PRE_VOTE round 0: result REJECTED
2023-10-17 18:54:40,648 [b2429fc7-5618-4aa2-af46-5079058310ec@group-8E1A1391019E-LeaderElection3] INFO  server.RaftServer$Division (RaftServerImpl.java:setRole(329)) - b2429fc7-5618-4aa2-af46-5079058310ec@group-8E1A1391019E: changes role from CANDIDATE to FOLLOWER at term 0 for REJECTED
2023-10-17 18:54:40,648 [b2429fc7-5618-4aa2-af46-5079058310ec@group-8E1A1391019E-LeaderElection3] INFO  impl.RoleInfo (RoleInfo.java:shutdownLeaderElection(130)) - b2429fc7-5618-4aa2-af46-5079058310ec: shutdown b2429fc7-5618-4aa2-af46-5079058310ec@group-8E1A1391019E-LeaderElection3
2023-10-17 18:54:40,649 [b2429fc7-5618-4aa2-af46-5079058310ec@group-8E1A1391019E-LeaderElection3] INFO  impl.RoleInfo (RoleInfo.java:updateAndGet(139)) - b2429fc7-5618-4aa2-af46-5079058310ec: start b2429fc7-5618-4aa2-af46-5079058310ec@group-8E1A1391019E-FollowerState
2023-10-17 18:54:41,035 [b5355d07-9284-4381-92f8-11cbf4e568d5@group-EC234ABF4624-FollowerState] INFO  impl.FollowerState (FollowerState.java:run(143)) - b5355d07-9284-4381-92f8-11cbf4e568d5@group-EC234ABF4624-FollowerState: change to CANDIDATE, lastRpcElapsedTime:5115849396ns, electionTimeout:5115ms
2023-10-17 18:54:41,035 [b5355d07-9284-4381-92f8-11cbf4e568d5@group-EC234ABF4624-FollowerState] INFO  impl.RoleInfo (RoleInfo.java:shutdownFollowerState(110)) - b5355d07-9284-4381-92f8-11cbf4e568d5: shutdown b5355d07-9284-4381-92f8-11cbf4e568d5@group-EC234ABF4624-FollowerState
2023-10-17 18:54:41,035 [b5355d07-9284-4381-92f8-11cbf4e568d5@group-EC234ABF4624-FollowerState] INFO  server.RaftServer$Division (RaftServerImpl.java:setRole(329)) - b5355d07-9284-4381-92f8-11cbf4e568d5@group-EC234ABF4624: changes role from  FOLLOWER to CANDIDATE at term 0 for changeToCandidate
2023-10-17 18:54:41,035 [b5355d07-9284-4381-92f8-11cbf4e568d5@group-EC234ABF4624-FollowerState] INFO  server.RaftServerConfigKeys (ConfUtils.java:logGet(46)) - raft.server.leaderelection.pre-vote = true (default)
2023-10-17 18:54:41,035 [b5355d07-9284-4381-92f8-11cbf4e568d5@group-EC234ABF4624-FollowerState] INFO  impl.RoleInfo (RoleInfo.java:updateAndGet(139)) - b5355d07-9284-4381-92f8-11cbf4e568d5: start b5355d07-9284-4381-92f8-11cbf4e568d5@group-EC234ABF4624-LeaderElection4
2023-10-17 18:54:41,041 [b5355d07-9284-4381-92f8-11cbf4e568d5@group-EC234ABF4624-LeaderElection4] INFO  impl.LeaderElection (LeaderElection.java:askForVotes(321)) - b5355d07-9284-4381-92f8-11cbf4e568d5@group-EC234ABF4624-LeaderElection4 PRE_VOTE round 0: submit vote requests at term 0 for -1: peers:[b5355d07-9284-4381-92f8-11cbf4e568d5|rpc:10.1.0.79:15023|admin:10.1.0.79:15022|client:10.1.0.79:15021|dataStream:10.1.0.79:15024|priority:1|startupRole:FOLLOWER]|listeners:[], old=null
2023-10-17 18:54:41,042 [b5355d07-9284-4381-92f8-11cbf4e568d5@group-EC234ABF4624-LeaderElection4] INFO  impl.LeaderElection (LeaderElection.java:askForVotes(323)) - b5355d07-9284-4381-92f8-11cbf4e568d5@group-EC234ABF4624-LeaderElection4 PRE_VOTE round 0: result PASSED (term=0)
2023-10-17 18:54:41,046 [b5355d07-9284-4381-92f8-11cbf4e568d5@group-EC234ABF4624-LeaderElection4] INFO  impl.LeaderElection (LeaderElection.java:askForVotes(321)) - b5355d07-9284-4381-92f8-11cbf4e568d5@group-EC234ABF4624-LeaderElection4 ELECTION round 0: submit vote requests at term 1 for -1: peers:[b5355d07-9284-4381-92f8-11cbf4e568d5|rpc:10.1.0.79:15023|admin:10.1.0.79:15022|client:10.1.0.79:15021|dataStream:10.1.0.79:15024|priority:1|startupRole:FOLLOWER]|listeners:[], old=null
2023-10-17 18:54:41,046 [b5355d07-9284-4381-92f8-11cbf4e568d5@group-EC234ABF4624-LeaderElection4] INFO  impl.LeaderElection (LeaderElection.java:askForVotes(323)) - b5355d07-9284-4381-92f8-11cbf4e568d5@group-EC234ABF4624-LeaderElection4 ELECTION round 0: result PASSED (term=1)
2023-10-17 18:54:41,046 [b5355d07-9284-4381-92f8-11cbf4e568d5@group-EC234ABF4624-LeaderElection4] INFO  impl.RoleInfo (RoleInfo.java:shutdownLeaderElection(130)) - b5355d07-9284-4381-92f8-11cbf4e568d5: shutdown b5355d07-9284-4381-92f8-11cbf4e568d5@group-EC234ABF4624-LeaderElection4
2023-10-17 18:54:41,046 [b5355d07-9284-4381-92f8-11cbf4e568d5@group-EC234ABF4624-LeaderElection4] INFO  server.RaftServer$Division (RaftServerImpl.java:setRole(329)) - b5355d07-9284-4381-92f8-11cbf4e568d5@group-EC234ABF4624: changes role from CANDIDATE to LEADER at term 1 for changeToLeader
2023-10-17 18:54:41,046 [b5355d07-9284-4381-92f8-11cbf4e568d5@group-EC234ABF4624-LeaderElection4] INFO  ratis.XceiverServerRatis (XceiverServerRatis.java:handleLeaderChangedNotification(902)) - Leader change notification received for group: group-EC234ABF4624 with new leaderId: b5355d07-9284-4381-92f8-11cbf4e568d5
2023-10-17 18:54:41,046 [b5355d07-9284-4381-92f8-11cbf4e568d5@group-EC234ABF4624-LeaderElection4] INFO  server.RaftServer$Division (ServerState.java:setLeader(317)) - b5355d07-9284-4381-92f8-11cbf4e568d5@group-EC234ABF4624: change Leader from null to b5355d07-9284-4381-92f8-11cbf4e568d5 at term 1 for becomeLeader, leader elected after 5179ms
2023-10-17 18:54:41,046 [b5355d07-9284-4381-92f8-11cbf4e568d5@group-EC234ABF4624-LeaderElection4] INFO  server.RaftServerConfigKeys (ConfUtils.java:logGet(46)) - raft.server.staging.catchup.gap = 1000 (default)
2023-10-17 18:54:41,048 [EventQueue-OpenPipelineForHealthyPipelineSafeModeRule] INFO  safemode.SCMSafeModeManager (HealthyPipelineSafeModeRule.java:process(137)) - SCM in safe mode. Healthy pipelines reported count is 0, required healthy pipeline reported count is 1
2023-10-17 18:54:41,049 [b5355d07-9284-4381-92f8-11cbf4e568d5@group-EC234ABF4624-LeaderElection4] INFO  server.RaftServerConfigKeys (ConfUtils.java:logGet(46)) - raft.server.write.element-limit = 1024 (custom)
2023-10-17 18:54:41,049 [b5355d07-9284-4381-92f8-11cbf4e568d5@group-EC234ABF4624-LeaderElection4] INFO  server.RaftServerConfigKeys (ConfUtils.java:logGet(46)) - raft.server.write.byte-limit = 1024 M (=1073741824) (custom)
2023-10-17 18:54:41,050 [b5355d07-9284-4381-92f8-11cbf4e568d5@group-EC234ABF4624-LeaderElection4] INFO  server.RaftServerConfigKeys (ConfUtils.java:logGet(46)) - raft.server.watch.timeout = 180s (custom)
2023-10-17 18:54:41,050 [b5355d07-9284-4381-92f8-11cbf4e568d5@group-EC234ABF4624-LeaderElection4] INFO  server.RaftServerConfigKeys (ConfUtils.java:logGet(46)) - raft.server.watch.timeout.denomination = 1s (default)
2023-10-17 18:54:41,050 [b5355d07-9284-4381-92f8-11cbf4e568d5@group-EC234ABF4624-LeaderElection4] INFO  server.RaftServerConfigKeys (ConfUtils.java:logGet(46)) - raft.server.watch.element-limit = 65536 (default)
2023-10-17 18:54:41,050 [b5355d07-9284-4381-92f8-11cbf4e568d5@group-EC234ABF4624-LeaderElection4] INFO  server.RaftServerConfigKeys (ConfUtils.java:logGet(46)) - raft.server.write.element-limit = 1024 (custom)
2023-10-17 18:54:41,050 [b5355d07-9284-4381-92f8-11cbf4e568d5@group-EC234ABF4624-LeaderElection4] INFO  server.RaftServerConfigKeys (ConfUtils.java:logGet(46)) - raft.server.write.follower.gap.ratio.max = -1.0 (default)
2023-10-17 18:54:41,050 [b5355d07-9284-4381-92f8-11cbf4e568d5@group-EC234ABF4624-LeaderElection4] INFO  impl.RoleInfo (RoleInfo.java:updateAndGet(139)) - b5355d07-9284-4381-92f8-11cbf4e568d5: start b5355d07-9284-4381-92f8-11cbf4e568d5@group-EC234ABF4624-LeaderStateImpl
2023-10-17 18:54:41,050 [b5355d07-9284-4381-92f8-11cbf4e568d5@group-EC234ABF4624-LeaderElection4] INFO  segmented.SegmentedRaftLogWorker (SegmentedRaftLogWorker.java:startLogSegment(447)) - b5355d07-9284-4381-92f8-11cbf4e568d5@group-EC234ABF4624-SegmentedRaftLogWorker: Starting segment from index:0
2023-10-17 18:54:41,053 [b5355d07-9284-4381-92f8-11cbf4e568d5@group-EC234ABF4624-SegmentedRaftLogWorker] INFO  segmented.SegmentedRaftLogWorker (SegmentedRaftLogWorker.java:execute(651)) - b5355d07-9284-4381-92f8-11cbf4e568d5@group-EC234ABF4624-SegmentedRaftLogWorker: created new log segment /home/runner/work/ozone/ozone/hadoop-ozone/integration-test/target/test-dir/MiniOzoneClusterImpl-6d5b43b8-50d7-4b60-8424-e359ec6f806a/datanode-1/data/ratis/cb569368-0f57-4d7d-811f-ec234abf4624/current/log_inprogress_0
2023-10-17 18:54:41,053 [b5355d07-9284-4381-92f8-11cbf4e568d5@group-EC234ABF4624-LeaderElection4] INFO  server.RaftServer$Division (ServerState.java:setRaftConf(434)) - b5355d07-9284-4381-92f8-11cbf4e568d5@group-EC234ABF4624: set configuration 0: peers:[b5355d07-9284-4381-92f8-11cbf4e568d5|rpc:10.1.0.79:15023|admin:10.1.0.79:15022|client:10.1.0.79:15021|dataStream:10.1.0.79:15024|priority:1|startupRole:FOLLOWER]|listeners:[], old=null
2023-10-17 18:54:41,116 [b5355d07-9284-4381-92f8-11cbf4e568d5@group-8E1A1391019E-FollowerState] INFO  server.RaftServerConfigKeys (ConfUtils.java:logFallback(53)) - raft.server.rpc.first-election.timeout.min = 5s (fallback to raft.server.rpc.timeout.min)
2023-10-17 18:54:41,116 [b5355d07-9284-4381-92f8-11cbf4e568d5@group-8E1A1391019E-FollowerState] INFO  server.RaftServerConfigKeys (ConfUtils.java:logFallback(53)) - raft.server.rpc.first-election.timeout.max = 5200ms (fallback to raft.server.rpc.timeout.max)
2023-10-17 18:54:41,391 [main] INFO  ozone.MiniOzoneClusterImpl (MiniOzoneClusterImpl.java:lambda$waitForClusterToBeReady$0(229)) - Nodes are ready. Got 10 of 10 DN Heartbeats.
2023-10-17 18:54:41,391 [main] INFO  ozone.MiniOzoneClusterImpl (MiniOzoneClusterImpl.java:lambda$waitForClusterToBeReady$0(232)) - Waiting for cluster to exit safe mode
2023-10-17 18:54:41,391 [main] INFO  ozone.MiniOzoneClusterImpl (MiniOzoneClusterImpl.java:lambda$waitForClusterToBeReady$0(234)) - SCM became leader
2023-10-17 18:54:41,422 [effd9d2c-4905-4e44-ade4-aa9f0e9056f9@group-8E1A1391019E-FollowerState] INFO  impl.FollowerState (FollowerState.java:run(143)) - effd9d2c-4905-4e44-ade4-aa9f0e9056f9@group-8E1A1391019E-FollowerState: change to CANDIDATE, lastRpcElapsedTime:5178593214ns, electionTimeout:5172ms
2023-10-17 18:54:41,422 [effd9d2c-4905-4e44-ade4-aa9f0e9056f9@group-8E1A1391019E-FollowerState] INFO  impl.RoleInfo (RoleInfo.java:shutdownFollowerState(110)) - effd9d2c-4905-4e44-ade4-aa9f0e9056f9: shutdown effd9d2c-4905-4e44-ade4-aa9f0e9056f9@group-8E1A1391019E-FollowerState
2023-10-17 18:54:41,422 [effd9d2c-4905-4e44-ade4-aa9f0e9056f9@group-8E1A1391019E-FollowerState] INFO  server.RaftServer$Division (RaftServerImpl.java:setRole(329)) - effd9d2c-4905-4e44-ade4-aa9f0e9056f9@group-8E1A1391019E: changes role from  FOLLOWER to CANDIDATE at term 0 for changeToCandidate
2023-10-17 18:54:41,423 [effd9d2c-4905-4e44-ade4-aa9f0e9056f9@group-8E1A1391019E-FollowerState] INFO  server.RaftServerConfigKeys (ConfUtils.java:logGet(46)) - raft.server.leaderelection.pre-vote = true (default)
2023-10-17 18:54:41,423 [effd9d2c-4905-4e44-ade4-aa9f0e9056f9@group-8E1A1391019E-FollowerState] INFO  impl.RoleInfo (RoleInfo.java:updateAndGet(139)) - effd9d2c-4905-4e44-ade4-aa9f0e9056f9: start effd9d2c-4905-4e44-ade4-aa9f0e9056f9@group-8E1A1391019E-LeaderElection5
2023-10-17 18:54:41,426 [b5355d07-9284-4381-92f8-11cbf4e568d5@group-F6A655D6B0A1-FollowerState] INFO  impl.FollowerState (FollowerState.java:run(143)) - b5355d07-9284-4381-92f8-11cbf4e568d5@group-F6A655D6B0A1-FollowerState: change to CANDIDATE, lastRpcElapsedTime:5143443819ns, electionTimeout:5130ms
2023-10-17 18:54:41,427 [b5355d07-9284-4381-92f8-11cbf4e568d5@group-F6A655D6B0A1-FollowerState] INFO  impl.RoleInfo (RoleInfo.java:shutdownFollowerState(110)) - b5355d07-9284-4381-92f8-11cbf4e568d5: shutdown b5355d07-9284-4381-92f8-11cbf4e568d5@group-F6A655D6B0A1-FollowerState
2023-10-17 18:54:41,427 [b5355d07-9284-4381-92f8-11cbf4e568d5@group-F6A655D6B0A1-FollowerState] INFO  server.RaftServer$Division (RaftServerImpl.java:setRole(329)) - b5355d07-9284-4381-92f8-11cbf4e568d5@group-F6A655D6B0A1: changes role from  FOLLOWER to CANDIDATE at term 0 for changeToCandidate
2023-10-17 18:54:41,427 [b5355d07-9284-4381-92f8-11cbf4e568d5@group-F6A655D6B0A1-FollowerState] INFO  server.RaftServerConfigKeys (ConfUtils.java:logGet(46)) - raft.server.leaderelection.pre-vote = true (default)
2023-10-17 18:54:41,427 [b5355d07-9284-4381-92f8-11cbf4e568d5@group-F6A655D6B0A1-FollowerState] INFO  impl.RoleInfo (RoleInfo.java:updateAndGet(139)) - b5355d07-9284-4381-92f8-11cbf4e568d5: start b5355d07-9284-4381-92f8-11cbf4e568d5@group-F6A655D6B0A1-LeaderElection6
2023-10-17 18:54:41,427 [effd9d2c-4905-4e44-ade4-aa9f0e9056f9@group-8E1A1391019E-LeaderElection5] INFO  impl.LeaderElection (LeaderElection.java:askForVotes(321)) - effd9d2c-4905-4e44-ade4-aa9f0e9056f9@group-8E1A1391019E-LeaderElection5 PRE_VOTE round 0: submit vote requests at term 0 for -1: peers:[b2429fc7-5618-4aa2-af46-5079058310ec|rpc:10.1.0.79:15014|admin:10.1.0.79:15013|client:10.1.0.79:15012|dataStream:10.1.0.79:15015|priority:0|startupRole:FOLLOWER, effd9d2c-4905-4e44-ade4-aa9f0e9056f9|rpc:10.1.0.79:15032|admin:10.1.0.79:15031|client:10.1.0.79:15030|dataStream:10.1.0.79:15033|priority:1|startupRole:FOLLOWER, b5355d07-9284-4381-92f8-11cbf4e568d5|rpc:10.1.0.79:15023|admin:10.1.0.79:15022|client:10.1.0.79:15021|dataStream:10.1.0.79:15024|priority:0|startupRole:FOLLOWER]|listeners:[], old=null
2023-10-17 18:54:41,437 [effd9d2c-4905-4e44-ade4-aa9f0e9056f9@group-8E1A1391019E-LeaderElection5-1] INFO  server.GrpcServerProtocolClient (GrpcServerProtocolClient.java:<init>(65)) - Build channel for b2429fc7-5618-4aa2-af46-5079058310ec
2023-10-17 18:54:41,440 [effd9d2c-4905-4e44-ade4-aa9f0e9056f9@group-8E1A1391019E-LeaderElection5-2] INFO  server.GrpcServerProtocolClient (GrpcServerProtocolClient.java:<init>(65)) - Build channel for b5355d07-9284-4381-92f8-11cbf4e568d5
2023-10-17 18:54:41,441 [b5355d07-9284-4381-92f8-11cbf4e568d5@group-F6A655D6B0A1-LeaderElection6] INFO  impl.LeaderElection (LeaderElection.java:askForVotes(321)) - b5355d07-9284-4381-92f8-11cbf4e568d5@group-F6A655D6B0A1-LeaderElection6 PRE_VOTE round 0: submit vote requests at term 0 for -1: peers:[b2429fc7-5618-4aa2-af46-5079058310ec|rpc:10.1.0.79:15014|admin:10.1.0.79:15013|client:10.1.0.79:15012|dataStream:10.1.0.79:15015|priority:0|startupRole:FOLLOWER, effd9d2c-4905-4e44-ade4-aa9f0e9056f9|rpc:10.1.0.79:15032|admin:10.1.0.79:15031|client:10.1.0.79:15030|dataStream:10.1.0.79:15033|priority:0|startupRole:FOLLOWER, b5355d07-9284-4381-92f8-11cbf4e568d5|rpc:10.1.0.79:15023|admin:10.1.0.79:15022|client:10.1.0.79:15021|dataStream:10.1.0.79:15024|priority:1|startupRole:FOLLOWER]|listeners:[], old=null
2023-10-17 18:54:41,443 [effd9d2c-4905-4e44-ade4-aa9f0e9056f9@group-8E1A1391019E-LeaderElection5] INFO  server.RaftServerConfigKeys (ConfUtils.java:logFallback(53)) - raft.server.rpc.first-election.timeout.min = 5s (fallback to raft.server.rpc.timeout.min)
2023-10-17 18:54:41,444 [effd9d2c-4905-4e44-ade4-aa9f0e9056f9@group-8E1A1391019E-LeaderElection5] INFO  server.RaftServerConfigKeys (ConfUtils.java:logFallback(53)) - raft.server.rpc.first-election.timeout.max = 5200ms (fallback to raft.server.rpc.timeout.max)
2023-10-17 18:54:41,453 [b5355d07-9284-4381-92f8-11cbf4e568d5@group-F6A655D6B0A1-LeaderElection6-1] INFO  server.GrpcServerProtocolClient (GrpcServerProtocolClient.java:<init>(65)) - Build channel for b2429fc7-5618-4aa2-af46-5079058310ec
2023-10-17 18:54:41,459 [b5355d07-9284-4381-92f8-11cbf4e568d5@group-F6A655D6B0A1-LeaderElection6] INFO  server.RaftServerConfigKeys (ConfUtils.java:logFallback(53)) - raft.server.rpc.first-election.timeout.min = 5s (fallback to raft.server.rpc.timeout.min)
2023-10-17 18:54:41,459 [b5355d07-9284-4381-92f8-11cbf4e568d5@group-F6A655D6B0A1-LeaderElection6] INFO  server.RaftServerConfigKeys (ConfUtils.java:logFallback(53)) - raft.server.rpc.first-election.timeout.max = 5200ms (fallback to raft.server.rpc.timeout.max)
2023-10-17 18:54:41,460 [b5355d07-9284-4381-92f8-11cbf4e568d5@group-F6A655D6B0A1-LeaderElection6-2] INFO  server.GrpcServerProtocolClient (GrpcServerProtocolClient.java:<init>(65)) - Build channel for effd9d2c-4905-4e44-ade4-aa9f0e9056f9
2023-10-17 18:54:41,463 [b2429fc7-5618-4aa2-af46-5079058310ec@group-F6A655D6B0A1-FollowerState] INFO  impl.FollowerState (FollowerState.java:run(143)) - b2429fc7-5618-4aa2-af46-5079058310ec@group-F6A655D6B0A1-FollowerState: change to CANDIDATE, lastRpcElapsedTime:5034736837ns, electionTimeout:5024ms
2023-10-17 18:54:41,463 [b2429fc7-5618-4aa2-af46-5079058310ec@group-F6A655D6B0A1-FollowerState] INFO  impl.RoleInfo (RoleInfo.java:shutdownFollowerState(110)) - b2429fc7-5618-4aa2-af46-5079058310ec: shutdown b2429fc7-5618-4aa2-af46-5079058310ec@group-F6A655D6B0A1-FollowerState
2023-10-17 18:54:41,463 [b2429fc7-5618-4aa2-af46-5079058310ec@group-F6A655D6B0A1-FollowerState] INFO  server.RaftServer$Division (RaftServerImpl.java:setRole(329)) - b2429fc7-5618-4aa2-af46-5079058310ec@group-F6A655D6B0A1: changes role from  FOLLOWER to CANDIDATE at term 0 for changeToCandidate
2023-10-17 18:54:41,463 [b2429fc7-5618-4aa2-af46-5079058310ec@group-F6A655D6B0A1-FollowerState] INFO  server.RaftServerConfigKeys (ConfUtils.java:logGet(46)) - raft.server.leaderelection.pre-vote = true (default)
2023-10-17 18:54:41,463 [b2429fc7-5618-4aa2-af46-5079058310ec@group-F6A655D6B0A1-FollowerState] INFO  impl.RoleInfo (RoleInfo.java:updateAndGet(139)) - b2429fc7-5618-4aa2-af46-5079058310ec: start b2429fc7-5618-4aa2-af46-5079058310ec@group-F6A655D6B0A1-LeaderElection7
2023-10-17 18:54:41,464 [grpc-default-executor-0] INFO  server.RaftServer$Division (RaftServerImpl.java:requestVote(1302)) - b5355d07-9284-4381-92f8-11cbf4e568d5@group-8E1A1391019E: receive requestVote(PRE_VOTE, effd9d2c-4905-4e44-ade4-aa9f0e9056f9, group-8E1A1391019E, 0, (t:0, i:0))
2023-10-17 18:54:41,464 [grpc-default-executor-0] INFO  impl.VoteContext (VoteContext.java:log(49)) - b5355d07-9284-4381-92f8-11cbf4e568d5@group-8E1A1391019E-FOLLOWER: accept PRE_VOTE from effd9d2c-4905-4e44-ade4-aa9f0e9056f9: our priority 0 <= candidate's priority 1
2023-10-17 18:54:41,465 [grpc-default-executor-0] INFO  server.RaftServer$Division (RaftServerImpl.java:requestVote(1335)) - b5355d07-9284-4381-92f8-11cbf4e568d5@group-8E1A1391019E replies to PRE_VOTE vote request: effd9d2c-4905-4e44-ade4-aa9f0e9056f9<-b5355d07-9284-4381-92f8-11cbf4e568d5#0:OK-t0. Peer's state: b5355d07-9284-4381-92f8-11cbf4e568d5@group-8E1A1391019E:t0, leader=null, voted=, raftlog=Memoized:b5355d07-9284-4381-92f8-11cbf4e568d5@group-8E1A1391019E-SegmentedRaftLog:OPENED:c-1, conf=-1: peers:[b2429fc7-5618-4aa2-af46-5079058310ec|rpc:10.1.0.79:15014|admin:10.1.0.79:15013|client:10.1.0.79:15012|dataStream:10.1.0.79:15015|priority:0|startupRole:FOLLOWER, effd9d2c-4905-4e44-ade4-aa9f0e9056f9|rpc:10.1.0.79:15032|admin:10.1.0.79:15031|client:10.1.0.79:15030|dataStream:10.1.0.79:15033|priority:1|startupRole:FOLLOWER, b5355d07-9284-4381-92f8-11cbf4e568d5|rpc:10.1.0.79:15023|admin:10.1.0.79:15022|client:10.1.0.79:15021|dataStream:10.1.0.79:15024|priority:0|startupRole:FOLLOWER]|listeners:[], old=null
2023-10-17 18:54:41,474 [grpc-default-executor-0] INFO  server.RaftServer$Division (RaftServerImpl.java:requestVote(1302)) - b2429fc7-5618-4aa2-af46-5079058310ec@group-8E1A1391019E: receive requestVote(PRE_VOTE, effd9d2c-4905-4e44-ade4-aa9f0e9056f9, group-8E1A1391019E, 0, (t:0, i:0))
2023-10-17 18:54:41,474 [grpc-default-executor-0] INFO  impl.VoteContext (VoteContext.java:log(49)) - b2429fc7-5618-4aa2-af46-5079058310ec@group-8E1A1391019E-FOLLOWER: accept PRE_VOTE from effd9d2c-4905-4e44-ade4-aa9f0e9056f9: our priority 0 <= candidate's priority 1
2023-10-17 18:54:41,474 [grpc-default-executor-0] INFO  server.RaftServer$Division (RaftServerImpl.java:requestVote(1335)) - b2429fc7-5618-4aa2-af46-5079058310ec@group-8E1A1391019E replies to PRE_VOTE vote request: effd9d2c-4905-4e44-ade4-aa9f0e9056f9<-b2429fc7-5618-4aa2-af46-5079058310ec#0:OK-t0. Peer's state: b2429fc7-5618-4aa2-af46-5079058310ec@group-8E1A1391019E:t0, leader=null, voted=, raftlog=Memoized:b2429fc7-5618-4aa2-af46-5079058310ec@group-8E1A1391019E-SegmentedRaftLog:OPENED:c-1, conf=-1: peers:[b2429fc7-5618-4aa2-af46-5079058310ec|rpc:10.1.0.79:15014|admin:10.1.0.79:15013|client:10.1.0.79:15012|dataStream:10.1.0.79:15015|priority:0|startupRole:FOLLOWER, effd9d2c-4905-4e44-ade4-aa9f0e9056f9|rpc:10.1.0.79:15032|admin:10.1.0.79:15031|client:10.1.0.79:15030|dataStream:10.1.0.79:15033|priority:1|startupRole:FOLLOWER, b5355d07-9284-4381-92f8-11cbf4e568d5|rpc:10.1.0.79:15023|admin:10.1.0.79:15022|client:10.1.0.79:15021|dataStream:10.1.0.79:15024|priority:0|startupRole:FOLLOWER]|listeners:[], old=null
2023-10-17 18:54:41,475 [effd9d2c-4905-4e44-ade4-aa9f0e9056f9@group-8E1A1391019E-LeaderElection5] INFO  impl.LeaderElection (LeaderElection.java:logAndReturn(90)) - effd9d2c-4905-4e44-ade4-aa9f0e9056f9@group-8E1A1391019E-LeaderElection5: PRE_VOTE PASSED received 1 response(s) and 0 exception(s):
2023-10-17 18:54:41,475 [effd9d2c-4905-4e44-ade4-aa9f0e9056f9@group-8E1A1391019E-LeaderElection5] INFO  impl.LeaderElection (LeaderElection.java:logAndReturn(94)) -   Response 0: effd9d2c-4905-4e44-ade4-aa9f0e9056f9<-b5355d07-9284-4381-92f8-11cbf4e568d5#0:OK-t0
2023-10-17 18:54:41,475 [effd9d2c-4905-4e44-ade4-aa9f0e9056f9@group-8E1A1391019E-LeaderElection5] INFO  impl.LeaderElection (LeaderElection.java:askForVotes(323)) - effd9d2c-4905-4e44-ade4-aa9f0e9056f9@group-8E1A1391019E-LeaderElection5 PRE_VOTE round 0: result PASSED
2023-10-17 18:54:41,477 [effd9d2c-4905-4e44-ade4-aa9f0e9056f9@group-8E1A1391019E-LeaderElection5] INFO  impl.LeaderElection (LeaderElection.java:askForVotes(321)) - effd9d2c-4905-4e44-ade4-aa9f0e9056f9@group-8E1A1391019E-LeaderElection5 ELECTION round 0: submit vote requests at term 1 for -1: peers:[b2429fc7-5618-4aa2-af46-5079058310ec|rpc:10.1.0.79:15014|admin:10.1.0.79:15013|client:10.1.0.79:15012|dataStream:10.1.0.79:15015|priority:0|startupRole:FOLLOWER, effd9d2c-4905-4e44-ade4-aa9f0e9056f9|rpc:10.1.0.79:15032|admin:10.1.0.79:15031|client:10.1.0.79:15030|dataStream:10.1.0.79:15033|priority:1|startupRole:FOLLOWER, b5355d07-9284-4381-92f8-11cbf4e568d5|rpc:10.1.0.79:15023|admin:10.1.0.79:15022|client:10.1.0.79:15021|dataStream:10.1.0.79:15024|priority:0|startupRole:FOLLOWER]|listeners:[], old=null
2023-10-17 18:54:41,478 [effd9d2c-4905-4e44-ade4-aa9f0e9056f9@group-8E1A1391019E-LeaderElection5] INFO  server.RaftServerConfigKeys (ConfUtils.java:logFallback(53)) - raft.server.rpc.first-election.timeout.min = 5s (fallback to raft.server.rpc.timeout.min)
2023-10-17 18:54:41,478 [effd9d2c-4905-4e44-ade4-aa9f0e9056f9@group-8E1A1391019E-LeaderElection5] INFO  server.RaftServerConfigKeys (ConfUtils.java:logFallback(53)) - raft.server.rpc.first-election.timeout.max = 5200ms (fallback to raft.server.rpc.timeout.max)
2023-10-17 18:54:41,479 [grpc-default-executor-3] INFO  server.RaftServer$Division (RaftServerImpl.java:requestVote(1302)) - b2429fc7-5618-4aa2-af46-5079058310ec@group-F6A655D6B0A1: receive requestVote(PRE_VOTE, b5355d07-9284-4381-92f8-11cbf4e568d5, group-F6A655D6B0A1, 0, (t:0, i:0))
2023-10-17 18:54:41,480 [effd9d2c-4905-4e44-ade4-aa9f0e9056f9@group-F6A655D6B0A1-FollowerState] INFO  impl.FollowerState (FollowerState.java:run(143)) - effd9d2c-4905-4e44-ade4-aa9f0e9056f9@group-F6A655D6B0A1-FollowerState: change to CANDIDATE, lastRpcElapsedTime:5040504376ns, electionTimeout:5027ms
2023-10-17 18:54:41,480 [effd9d2c-4905-4e44-ade4-aa9f0e9056f9@group-F6A655D6B0A1-FollowerState] INFO  impl.RoleInfo (RoleInfo.java:shutdownFollowerState(110)) - effd9d2c-4905-4e44-ade4-aa9f0e9056f9: shutdown effd9d2c-4905-4e44-ade4-aa9f0e9056f9@group-F6A655D6B0A1-FollowerState
2023-10-17 18:54:41,480 [effd9d2c-4905-4e44-ade4-aa9f0e9056f9@group-F6A655D6B0A1-FollowerState] INFO  server.RaftServer$Division (RaftServerImpl.java:setRole(329)) - effd9d2c-4905-4e44-ade4-aa9f0e9056f9@group-F6A655D6B0A1: changes role from  FOLLOWER to CANDIDATE at term 0 for changeToCandidate
2023-10-17 18:54:41,480 [effd9d2c-4905-4e44-ade4-aa9f0e9056f9@group-F6A655D6B0A1-FollowerState] INFO  server.RaftServerConfigKeys (ConfUtils.java:logGet(46)) - raft.server.leaderelection.pre-vote = true (default)
2023-10-17 18:54:41,480 [effd9d2c-4905-4e44-ade4-aa9f0e9056f9@group-F6A655D6B0A1-FollowerState] INFO  impl.RoleInfo (RoleInfo.java:updateAndGet(139)) - effd9d2c-4905-4e44-ade4-aa9f0e9056f9: start effd9d2c-4905-4e44-ade4-aa9f0e9056f9@group-F6A655D6B0A1-LeaderElection8
2023-10-17 18:54:41,488 [grpc-default-executor-2] INFO  server.RaftServer$Division (RaftServerImpl.java:requestVote(1302)) - effd9d2c-4905-4e44-ade4-aa9f0e9056f9@group-F6A655D6B0A1: receive requestVote(PRE_VOTE, b5355d07-9284-4381-92f8-11cbf4e568d5, group-F6A655D6B0A1, 0, (t:0, i:0))
2023-10-17 18:54:41,488 [grpc-default-executor-2] INFO  impl.VoteContext (VoteContext.java:log(49)) - effd9d2c-4905-4e44-ade4-aa9f0e9056f9@group-F6A655D6B0A1-CANDIDATE: accept PRE_VOTE from b5355d07-9284-4381-92f8-11cbf4e568d5: our priority 0 <= candidate's priority 1
2023-10-17 18:54:41,488 [grpc-default-executor-2] INFO  server.RaftServer$Division (RaftServerImpl.java:requestVote(1335)) - effd9d2c-4905-4e44-ade4-aa9f0e9056f9@group-F6A655D6B0A1 replies to PRE_VOTE vote request: b5355d07-9284-4381-92f8-11cbf4e568d5<-effd9d2c-4905-4e44-ade4-aa9f0e9056f9#0:OK-t0. Peer's state: effd9d2c-4905-4e44-ade4-aa9f0e9056f9@group-F6A655D6B0A1:t0, leader=null, voted=, raftlog=Memoized:effd9d2c-4905-4e44-ade4-aa9f0e9056f9@group-F6A655D6B0A1-SegmentedRaftLog:OPENED:c-1, conf=-1: peers:[b2429fc7-5618-4aa2-af46-5079058310ec|rpc:10.1.0.79:15014|admin:10.1.0.79:15013|client:10.1.0.79:15012|dataStream:10.1.0.79:15015|priority:0|startupRole:FOLLOWER, effd9d2c-4905-4e44-ade4-aa9f0e9056f9|rpc:10.1.0.79:15032|admin:10.1.0.79:15031|client:10.1.0.79:15030|dataStream:10.1.0.79:15033|priority:0|startupRole:FOLLOWER, b5355d07-9284-4381-92f8-11cbf4e568d5|rpc:10.1.0.79:15023|admin:10.1.0.79:15022|client:10.1.0.79:15021|dataStream:10.1.0.79:15024|priority:1|startupRole:FOLLOWER]|listeners:[], old=null
2023-10-17 18:54:41,489 [grpc-default-executor-0] INFO  server.RaftServer$Division (RaftServerImpl.java:requestVote(1302)) - b5355d07-9284-4381-92f8-11cbf4e568d5@group-8E1A1391019E: receive requestVote(ELECTION, effd9d2c-4905-4e44-ade4-aa9f0e9056f9, group-8E1A1391019E, 1, (t:0, i:0))
2023-10-17 18:54:41,489 [grpc-default-executor-0] INFO  impl.VoteContext (VoteContext.java:log(49)) - b5355d07-9284-4381-92f8-11cbf4e568d5@group-8E1A1391019E-FOLLOWER: accept ELECTION from effd9d2c-4905-4e44-ade4-aa9f0e9056f9: our priority 0 <= candidate's priority 1
2023-10-17 18:54:41,490 [grpc-default-executor-0] INFO  server.RaftServer$Division (RaftServerImpl.java:setRole(329)) - b5355d07-9284-4381-92f8-11cbf4e568d5@group-8E1A1391019E: changes role from  FOLLOWER to FOLLOWER at term 1 for candidate:effd9d2c-4905-4e44-ade4-aa9f0e9056f9
2023-10-17 18:54:41,490 [grpc-default-executor-0] INFO  impl.RoleInfo (RoleInfo.java:shutdownFollowerState(110)) - b5355d07-9284-4381-92f8-11cbf4e568d5: shutdown b5355d07-9284-4381-92f8-11cbf4e568d5@group-8E1A1391019E-FollowerState
2023-10-17 18:54:41,490 [grpc-default-executor-0] INFO  impl.RoleInfo (RoleInfo.java:updateAndGet(139)) - b5355d07-9284-4381-92f8-11cbf4e568d5: start b5355d07-9284-4381-92f8-11cbf4e568d5@group-8E1A1391019E-FollowerState
2023-10-17 18:54:41,490 [b5355d07-9284-4381-92f8-11cbf4e568d5@group-8E1A1391019E-FollowerState] INFO  impl.FollowerState (FollowerState.java:run(152)) - b5355d07-9284-4381-92f8-11cbf4e568d5@group-8E1A1391019E-FollowerState was interrupted
2023-10-17 18:54:41,490 [grpc-default-executor-1] INFO  server.RaftServer$Division (RaftServerImpl.java:requestVote(1302)) - b2429fc7-5618-4aa2-af46-5079058310ec@group-8E1A1391019E: receive requestVote(ELECTION, effd9d2c-4905-4e44-ade4-aa9f0e9056f9, group-8E1A1391019E, 1, (t:0, i:0))
2023-10-17 18:54:41,490 [grpc-default-executor-1] INFO  impl.VoteContext (VoteContext.java:log(49)) - b2429fc7-5618-4aa2-af46-5079058310ec@group-8E1A1391019E-FOLLOWER: accept ELECTION from effd9d2c-4905-4e44-ade4-aa9f0e9056f9: our priority 0 <= candidate's priority 1
2023-10-17 18:54:41,490 [grpc-default-executor-1] INFO  server.RaftServer$Division (RaftServerImpl.java:setRole(329)) - b2429fc7-5618-4aa2-af46-5079058310ec@group-8E1A1391019E: changes role from  FOLLOWER to FOLLOWER at term 1 for candidate:effd9d2c-4905-4e44-ade4-aa9f0e9056f9
2023-10-17 18:54:41,490 [grpc-default-executor-1] INFO  impl.RoleInfo (RoleInfo.java:shutdownFollowerState(110)) - b2429fc7-5618-4aa2-af46-5079058310ec: shutdown b2429fc7-5618-4aa2-af46-5079058310ec@group-8E1A1391019E-FollowerState
2023-10-17 18:54:41,490 [grpc-default-executor-3] INFO  impl.VoteContext (VoteContext.java:log(49)) - b2429fc7-5618-4aa2-af46-5079058310ec@group-F6A655D6B0A1-CANDIDATE: accept PRE_VOTE from b5355d07-9284-4381-92f8-11cbf4e568d5: our priority 0 <= candidate's priority 1
2023-10-17 18:54:41,491 [grpc-default-executor-3] INFO  server.RaftServer$Division (RaftServerImpl.java:requestVote(1335)) - b2429fc7-5618-4aa2-af46-5079058310ec@group-F6A655D6B0A1 replies to PRE_VOTE vote request: b5355d07-9284-4381-92f8-11cbf4e568d5<-b2429fc7-5618-4aa2-af46-5079058310ec#0:OK-t0. Peer's state: b2429fc7-5618-4aa2-af46-5079058310ec@group-F6A655D6B0A1:t0, leader=null, voted=, raftlog=Memoized:b2429fc7-5618-4aa2-af46-5079058310ec@group-F6A655D6B0A1-SegmentedRaftLog:OPENED:c-1, conf=-1: peers:[b2429fc7-5618-4aa2-af46-5079058310ec|rpc:10.1.0.79:15014|admin:10.1.0.79:15013|client:10.1.0.79:15012|dataStream:10.1.0.79:15015|priority:0|startupRole:FOLLOWER, effd9d2c-4905-4e44-ade4-aa9f0e9056f9|rpc:10.1.0.79:15032|admin:10.1.0.79:15031|client:10.1.0.79:15030|dataStream:10.1.0.79:15033|priority:0|startupRole:FOLLOWER, b5355d07-9284-4381-92f8-11cbf4e568d5|rpc:10.1.0.79:15023|admin:10.1.0.79:15022|client:10.1.0.79:15021|dataStream:10.1.0.79:15024|priority:1|startupRole:FOLLOWER]|listeners:[], old=null
2023-10-17 18:54:41,491 [b2429fc7-5618-4aa2-af46-5079058310ec@group-F6A655D6B0A1-LeaderElection7] INFO  impl.LeaderElection (LeaderElection.java:askForVotes(321)) - b2429fc7-5618-4aa2-af46-5079058310ec@group-F6A655D6B0A1-LeaderElection7 PRE_VOTE round 0: submit vote requests at term 0 for -1: peers:[b2429fc7-5618-4aa2-af46-5079058310ec|rpc:10.1.0.79:15014|admin:10.1.0.79:15013|client:10.1.0.79:15012|dataStream:10.1.0.79:15015|priority:0|startupRole:FOLLOWER, effd9d2c-4905-4e44-ade4-aa9f0e9056f9|rpc:10.1.0.79:15032|admin:10.1.0.79:15031|client:10.1.0.79:15030|dataStream:10.1.0.79:15033|priority:0|startupRole:FOLLOWER, b5355d07-9284-4381-92f8-11cbf4e568d5|rpc:10.1.0.79:15023|admin:10.1.0.79:15022|client:10.1.0.79:15021|dataStream:10.1.0.79:15024|priority:1|startupRole:FOLLOWER]|listeners:[], old=null
2023-10-17 18:54:41,492 [effd9d2c-4905-4e44-ade4-aa9f0e9056f9@group-F6A655D6B0A1-LeaderElection8] INFO  impl.LeaderElection (LeaderElection.java:askForVotes(321)) - effd9d2c-4905-4e44-ade4-aa9f0e9056f9@group-F6A655D6B0A1-LeaderElection8 PRE_VOTE round 0: submit vote requests at term 0 for -1: peers:[b2429fc7-5618-4aa2-af46-5079058310ec|rpc:10.1.0.79:15014|admin:10.1.0.79:15013|client:10.1.0.79:15012|dataStream:10.1.0.79:15015|priority:0|startupRole:FOLLOWER, effd9d2c-4905-4e44-ade4-aa9f0e9056f9|rpc:10.1.0.79:15032|admin:10.1.0.79:15031|client:10.1.0.79:15030|dataStream:10.1.0.79:15033|priority:0|startupRole:FOLLOWER, b5355d07-9284-4381-92f8-11cbf4e568d5|rpc:10.1.0.79:15023|admin:10.1.0.79:15022|client:10.1.0.79:15021|dataStream:10.1.0.79:15024|priority:1|startupRole:FOLLOWER]|listeners:[], old=null
2023-10-17 18:54:41,493 [grpc-default-executor-0] INFO  server.RaftServer$Division (RaftServerImpl.java:requestVote(1335)) - b5355d07-9284-4381-92f8-11cbf4e568d5@group-8E1A1391019E replies to ELECTION vote request: effd9d2c-4905-4e44-ade4-aa9f0e9056f9<-b5355d07-9284-4381-92f8-11cbf4e568d5#0:OK-t1. Peer's state: b5355d07-9284-4381-92f8-11cbf4e568d5@group-8E1A1391019E:t1, leader=null, voted=effd9d2c-4905-4e44-ade4-aa9f0e9056f9, raftlog=Memoized:b5355d07-9284-4381-92f8-11cbf4e568d5@group-8E1A1391019E-SegmentedRaftLog:OPENED:c-1, conf=-1: peers:[b2429fc7-5618-4aa2-af46-5079058310ec|rpc:10.1.0.79:15014|admin:10.1.0.79:15013|client:10.1.0.79:15012|dataStream:10.1.0.79:15015|priority:0|startupRole:FOLLOWER, effd9d2c-4905-4e44-ade4-aa9f0e9056f9|rpc:10.1.0.79:15032|admin:10.1.0.79:15031|client:10.1.0.79:15030|dataStream:10.1.0.79:15033|priority:1|startupRole:FOLLOWER, b5355d07-9284-4381-92f8-11cbf4e568d5|rpc:10.1.0.79:15023|admin:10.1.0.79:15022|client:10.1.0.79:15021|dataStream:10.1.0.79:15024|priority:0|startupRole:FOLLOWER]|listeners:[], old=null
2023-10-17 18:54:41,494 [b2429fc7-5618-4aa2-af46-5079058310ec@group-F6A655D6B0A1-LeaderElection7] INFO  server.RaftServerConfigKeys (ConfUtils.java:logFallback(53)) - raft.server.rpc.first-election.timeout.min = 5s (fallback to raft.server.rpc.timeout.min)
2023-10-17 18:54:41,494 [b2429fc7-5618-4aa2-af46-5079058310ec@group-F6A655D6B0A1-LeaderElection7] INFO  server.RaftServerConfigKeys (ConfUtils.java:logFallback(53)) - raft.server.rpc.first-election.timeout.max = 5200ms (fallback to raft.server.rpc.timeout.max)
2023-10-17 18:54:41,494 [grpc-default-executor-1] INFO  impl.RoleInfo (RoleInfo.java:updateAndGet(139)) - b2429fc7-5618-4aa2-af46-5079058310ec: start b2429fc7-5618-4aa2-af46-5079058310ec@group-8E1A1391019E-FollowerState
2023-10-17 18:54:41,494 [b2429fc7-5618-4aa2-af46-5079058310ec@group-8E1A1391019E-FollowerState] INFO  impl.FollowerState (FollowerState.java:run(152)) - b2429fc7-5618-4aa2-af46-5079058310ec@group-8E1A1391019E-FollowerState was interrupted
2023-10-17 18:54:41,497 [grpc-default-executor-1] INFO  server.RaftServer$Division (RaftServerImpl.java:requestVote(1335)) - b2429fc7-5618-4aa2-af46-5079058310ec@group-8E1A1391019E replies to ELECTION vote request: effd9d2c-4905-4e44-ade4-aa9f0e9056f9<-b2429fc7-5618-4aa2-af46-5079058310ec#0:OK-t1. Peer's state: b2429fc7-5618-4aa2-af46-5079058310ec@group-8E1A1391019E:t1, leader=null, voted=effd9d2c-4905-4e44-ade4-aa9f0e9056f9, raftlog=Memoized:b2429fc7-5618-4aa2-af46-5079058310ec@group-8E1A1391019E-SegmentedRaftLog:OPENED:c-1, conf=-1: peers:[b2429fc7-5618-4aa2-af46-5079058310ec|rpc:10.1.0.79:15014|admin:10.1.0.79:15013|client:10.1.0.79:15012|dataStream:10.1.0.79:15015|priority:0|startupRole:FOLLOWER, effd9d2c-4905-4e44-ade4-aa9f0e9056f9|rpc:10.1.0.79:15032|admin:10.1.0.79:15031|client:10.1.0.79:15030|dataStream:10.1.0.79:15033|priority:1|startupRole:FOLLOWER, b5355d07-9284-4381-92f8-11cbf4e568d5|rpc:10.1.0.79:15023|admin:10.1.0.79:15022|client:10.1.0.79:15021|dataStream:10.1.0.79:15024|priority:0|startupRole:FOLLOWER]|listeners:[], old=null
2023-10-17 18:54:41,499 [b5355d07-9284-4381-92f8-11cbf4e568d5@group-F6A655D6B0A1-LeaderElection6] INFO  impl.LeaderElection (LeaderElection.java:logAndReturn(90)) - b5355d07-9284-4381-92f8-11cbf4e568d5@group-F6A655D6B0A1-LeaderElection6: PRE_VOTE PASSED received 1 response(s) and 0 exception(s):
2023-10-17 18:54:41,499 [b5355d07-9284-4381-92f8-11cbf4e568d5@group-F6A655D6B0A1-LeaderElection6] INFO  impl.LeaderElection (LeaderElection.java:logAndReturn(94)) -   Response 0: b5355d07-9284-4381-92f8-11cbf4e568d5<-effd9d2c-4905-4e44-ade4-aa9f0e9056f9#0:OK-t0
2023-10-17 18:54:41,499 [b5355d07-9284-4381-92f8-11cbf4e568d5@group-F6A655D6B0A1-LeaderElection6] INFO  impl.LeaderElection (LeaderElection.java:askForVotes(323)) - b5355d07-9284-4381-92f8-11cbf4e568d5@group-F6A655D6B0A1-LeaderElection6 PRE_VOTE round 0: result PASSED
2023-10-17 18:54:41,505 [effd9d2c-4905-4e44-ade4-aa9f0e9056f9@group-F6A655D6B0A1-LeaderElection8] INFO  server.RaftServerConfigKeys (ConfUtils.java:logFallback(53)) - raft.server.rpc.first-election.timeout.min = 5s (fallback to raft.server.rpc.timeout.min)
2023-10-17 18:54:41,505 [effd9d2c-4905-4e44-ade4-aa9f0e9056f9@group-F6A655D6B0A1-LeaderElection8] INFO  server.RaftServerConfigKeys (ConfUtils.java:logFallback(53)) - raft.server.rpc.first-election.timeout.max = 5200ms (fallback to raft.server.rpc.timeout.max)
2023-10-17 18:54:41,505 [b5355d07-9284-4381-92f8-11cbf4e568d5@group-F6A655D6B0A1-LeaderElection6] INFO  impl.LeaderElection (LeaderElection.java:askForVotes(321)) - b5355d07-9284-4381-92f8-11cbf4e568d5@group-F6A655D6B0A1-LeaderElection6 ELECTION round 0: submit vote requests at term 1 for -1: peers:[b2429fc7-5618-4aa2-af46-5079058310ec|rpc:10.1.0.79:15014|admin:10.1.0.79:15013|client:10.1.0.79:15012|dataStream:10.1.0.79:15015|priority:0|startupRole:FOLLOWER, effd9d2c-4905-4e44-ade4-aa9f0e9056f9|rpc:10.1.0.79:15032|admin:10.1.0.79:15031|client:10.1.0.79:15030|dataStream:10.1.0.79:15033|priority:0|startupRole:FOLLOWER, b5355d07-9284-4381-92f8-11cbf4e568d5|rpc:10.1.0.79:15023|admin:10.1.0.79:15022|client:10.1.0.79:15021|dataStream:10.1.0.79:15024|priority:1|startupRole:FOLLOWER]|listeners:[], old=null
2023-10-17 18:54:41,508 [grpc-default-executor-1] INFO  server.RaftServer$Division (RaftServerImpl.java:requestVote(1302)) - effd9d2c-4905-4e44-ade4-aa9f0e9056f9@group-F6A655D6B0A1: receive requestVote(PRE_VOTE, b2429fc7-5618-4aa2-af46-5079058310ec, group-F6A655D6B0A1, 0, (t:0, i:0))
2023-10-17 18:54:41,508 [grpc-default-executor-1] INFO  impl.VoteContext (VoteContext.java:log(49)) - effd9d2c-4905-4e44-ade4-aa9f0e9056f9@group-F6A655D6B0A1-CANDIDATE: accept PRE_VOTE from b2429fc7-5618-4aa2-af46-5079058310ec: our priority 0 <= candidate's priority 0
2023-10-17 18:54:41,508 [grpc-default-executor-1] INFO  server.RaftServer$Division (RaftServerImpl.java:requestVote(1335)) - effd9d2c-4905-4e44-ade4-aa9f0e9056f9@group-F6A655D6B0A1 replies to PRE_VOTE vote request: b2429fc7-5618-4aa2-af46-5079058310ec<-effd9d2c-4905-4e44-ade4-aa9f0e9056f9#0:OK-t0. Peer's state: effd9d2c-4905-4e44-ade4-aa9f0e9056f9@group-F6A655D6B0A1:t0, leader=null, voted=, raftlog=Memoized:effd9d2c-4905-4e44-ade4-aa9f0e9056f9@group-F6A655D6B0A1-SegmentedRaftLog:OPENED:c-1, conf=-1: peers:[b2429fc7-5618-4aa2-af46-5079058310ec|rpc:10.1.0.79:15014|admin:10.1.0.79:15013|client:10.1.0.79:15012|dataStream:10.1.0.79:15015|priority:0|startupRole:FOLLOWER, effd9d2c-4905-4e44-ade4-aa9f0e9056f9|rpc:10.1.0.79:15032|admin:10.1.0.79:15031|client:10.1.0.79:15030|dataStream:10.1.0.79:15033|priority:0|startupRole:FOLLOWER, b5355d07-9284-4381-92f8-11cbf4e568d5|rpc:10.1.0.79:15023|admin:10.1.0.79:15022|client:10.1.0.79:15021|dataStream:10.1.0.79:15024|priority:1|startupRole:FOLLOWER]|listeners:[], old=null
2023-10-17 18:54:41,516 [b5355d07-9284-4381-92f8-11cbf4e568d5@group-F6A655D6B0A1-LeaderElection6] INFO  server.RaftServerConfigKeys (ConfUtils.java:logFallback(53)) - raft.server.rpc.first-election.timeout.min = 5s (fallback to raft.server.rpc.timeout.min)
2023-10-17 18:54:41,516 [b5355d07-9284-4381-92f8-11cbf4e568d5@group-F6A655D6B0A1-LeaderElection6] INFO  server.RaftServerConfigKeys (ConfUtils.java:logFallback(53)) - raft.server.rpc.first-election.timeout.max = 5200ms (fallback to raft.server.rpc.timeout.max)
2023-10-17 18:54:41,518 [grpc-default-executor-1] INFO  server.RaftServer$Division (RaftServerImpl.java:requestVote(1302)) - b5355d07-9284-4381-92f8-11cbf4e568d5@group-F6A655D6B0A1: receive requestVote(PRE_VOTE, b2429fc7-5618-4aa2-af46-5079058310ec, group-F6A655D6B0A1, 0, (t:0, i:0))
2023-10-17 18:54:41,519 [grpc-default-executor-1] INFO  impl.VoteContext (VoteContext.java:log(49)) - b5355d07-9284-4381-92f8-11cbf4e568d5@group-F6A655D6B0A1-CANDIDATE: reject PRE_VOTE from b2429fc7-5618-4aa2-af46-5079058310ec: our priority 1 > candidate's priority 0
2023-10-17 18:54:41,519 [grpc-default-executor-1] INFO  server.RaftServer$Division (RaftServerImpl.java:requestVote(1335)) - b5355d07-9284-4381-92f8-11cbf4e568d5@group-F6A655D6B0A1 replies to PRE_VOTE vote request: b2429fc7-5618-4aa2-af46-5079058310ec<-b5355d07-9284-4381-92f8-11cbf4e568d5#0:FAIL-t1. Peer's state: b5355d07-9284-4381-92f8-11cbf4e568d5@group-F6A655D6B0A1:t1, leader=null, voted=b5355d07-9284-4381-92f8-11cbf4e568d5, raftlog=Memoized:b5355d07-9284-4381-92f8-11cbf4e568d5@group-F6A655D6B0A1-SegmentedRaftLog:OPENED:c-1, conf=-1: peers:[b2429fc7-5618-4aa2-af46-5079058310ec|rpc:10.1.0.79:15014|admin:10.1.0.79:15013|client:10.1.0.79:15012|dataStream:10.1.0.79:15015|priority:0|startupRole:FOLLOWER, effd9d2c-4905-4e44-ade4-aa9f0e9056f9|rpc:10.1.0.79:15032|admin:10.1.0.79:15031|client:10.1.0.79:15030|dataStream:10.1.0.79:15033|priority:0|startupRole:FOLLOWER, b5355d07-9284-4381-92f8-11cbf4e568d5|rpc:10.1.0.79:15023|admin:10.1.0.79:15022|client:10.1.0.79:15021|dataStream:10.1.0.79:15024|priority:1|startupRole:FOLLOWER]|listeners:[], old=null
2023-10-17 18:54:41,519 [effd9d2c-4905-4e44-ade4-aa9f0e9056f9@group-8E1A1391019E-LeaderElection5] INFO  impl.LeaderElection (LeaderElection.java:logAndReturn(90)) - effd9d2c-4905-4e44-ade4-aa9f0e9056f9@group-8E1A1391019E-LeaderElection5: ELECTION PASSED received 1 response(s) and 0 exception(s):
2023-10-17 18:54:41,519 [effd9d2c-4905-4e44-ade4-aa9f0e9056f9@group-8E1A1391019E-LeaderElection5] INFO  impl.LeaderElection (LeaderElection.java:logAndReturn(94)) -   Response 0: effd9d2c-4905-4e44-ade4-aa9f0e9056f9<-b5355d07-9284-4381-92f8-11cbf4e568d5#0:OK-t1
2023-10-17 18:54:41,519 [effd9d2c-4905-4e44-ade4-aa9f0e9056f9@group-8E1A1391019E-LeaderElection5] INFO  impl.LeaderElection (LeaderElection.java:askForVotes(323)) - effd9d2c-4905-4e44-ade4-aa9f0e9056f9@group-8E1A1391019E-LeaderElection5 ELECTION round 0: result PASSED
2023-10-17 18:54:41,519 [effd9d2c-4905-4e44-ade4-aa9f0e9056f9@group-8E1A1391019E-LeaderElection5] INFO  impl.RoleInfo (RoleInfo.java:shutdownLeaderElection(130)) - effd9d2c-4905-4e44-ade4-aa9f0e9056f9: shutdown effd9d2c-4905-4e44-ade4-aa9f0e9056f9@group-8E1A1391019E-LeaderElection5
2023-10-17 18:54:41,520 [effd9d2c-4905-4e44-ade4-aa9f0e9056f9@group-8E1A1391019E-LeaderElection5] INFO  server.RaftServer$Division (RaftServerImpl.java:setRole(329)) - effd9d2c-4905-4e44-ade4-aa9f0e9056f9@group-8E1A1391019E: changes role from CANDIDATE to LEADER at term 1 for changeToLeader
2023-10-17 18:54:41,520 [effd9d2c-4905-4e44-ade4-aa9f0e9056f9@group-8E1A1391019E-LeaderElection5] INFO  ratis.XceiverServerRatis (XceiverServerRatis.java:handleLeaderChangedNotification(902)) - Leader change notification received for group: group-8E1A1391019E with new leaderId: effd9d2c-4905-4e44-ade4-aa9f0e9056f9
2023-10-17 18:54:41,520 [effd9d2c-4905-4e44-ade4-aa9f0e9056f9@group-8E1A1391019E-LeaderElection5] INFO  server.RaftServer$Division (ServerState.java:setLeader(317)) - effd9d2c-4905-4e44-ade4-aa9f0e9056f9@group-8E1A1391019E: change Leader from null to effd9d2c-4905-4e44-ade4-aa9f0e9056f9 at term 1 for becomeLeader, leader elected after 5315ms
2023-10-17 18:54:41,520 [effd9d2c-4905-4e44-ade4-aa9f0e9056f9@group-8E1A1391019E-LeaderElection5] INFO  server.RaftServerConfigKeys (ConfUtils.java:logGet(46)) - raft.server.staging.catchup.gap = 1000 (default)
2023-10-17 18:54:41,520 [effd9d2c-4905-4e44-ade4-aa9f0e9056f9@group-8E1A1391019E-LeaderElection5] INFO  server.RaftServerConfigKeys (ConfUtils.java:logGet(46)) - raft.server.write.element-limit = 1024 (custom)
2023-10-17 18:54:41,520 [effd9d2c-4905-4e44-ade4-aa9f0e9056f9@group-8E1A1391019E-LeaderElection5] INFO  server.RaftServerConfigKeys (ConfUtils.java:logGet(46)) - raft.server.write.byte-limit = 1024 M (=1073741824) (custom)
2023-10-17 18:54:41,520 [effd9d2c-4905-4e44-ade4-aa9f0e9056f9@group-8E1A1391019E-LeaderElection5] INFO  server.RaftServerConfigKeys (ConfUtils.java:logGet(46)) - raft.server.watch.timeout = 180s (custom)
2023-10-17 18:54:41,520 [effd9d2c-4905-4e44-ade4-aa9f0e9056f9@group-8E1A1391019E-LeaderElection5] INFO  server.RaftServerConfigKeys (ConfUtils.java:logGet(46)) - raft.server.watch.timeout.denomination = 1s (default)
2023-10-17 18:54:41,521 [effd9d2c-4905-4e44-ade4-aa9f0e9056f9@group-8E1A1391019E-LeaderElection5] INFO  server.RaftServerConfigKeys (ConfUtils.java:logGet(46)) - raft.server.watch.element-limit = 65536 (default)
2023-10-17 18:54:41,521 [effd9d2c-4905-4e44-ade4-aa9f0e9056f9@group-8E1A1391019E-LeaderElection5] INFO  server.RaftServerConfigKeys (ConfUtils.java:logGet(46)) - raft.server.write.element-limit = 1024 (custom)
2023-10-17 18:54:41,523 [EventQueue-PipelineReportForPipelineReportHandler] INFO  pipeline.PipelineReportHandler (PipelineReportHandler.java:processPipelineReport(136)) - Opened pipeline PipelineID=67d87026-09a9-434e-bf9a-8e1a1391019e
2023-10-17 18:54:41,524 [b2429fc7-5618-4aa2-af46-5079058310ec@group-F6A655D6B0A1-LeaderElection7] INFO  impl.LeaderElection (LeaderElection.java:logAndReturn(90)) - b2429fc7-5618-4aa2-af46-5079058310ec@group-F6A655D6B0A1-LeaderElection7: PRE_VOTE DISCOVERED_A_NEW_TERM (term=1) received 2 response(s) and 0 exception(s):
2023-10-17 18:54:41,524 [b2429fc7-5618-4aa2-af46-5079058310ec@group-F6A655D6B0A1-LeaderElection7] INFO  impl.LeaderElection (LeaderElection.java:logAndReturn(94)) -   Response 0: b2429fc7-5618-4aa2-af46-5079058310ec<-effd9d2c-4905-4e44-ade4-aa9f0e9056f9#0:OK-t0
2023-10-17 18:54:41,524 [EventQueue-OpenPipelineForHealthyPipelineSafeModeRule] INFO  safemode.SCMSafeModeManager (HealthyPipelineSafeModeRule.java:process(137)) - SCM in safe mode. Healthy pipelines reported count is 1, required healthy pipeline reported count is 1
2023-10-17 18:54:41,524 [EventQueue-OpenPipelineForHealthyPipelineSafeModeRule] INFO  safemode.SCMSafeModeManager (SCMSafeModeManager.java:validateSafeModeExitRules(200)) - HealthyPipelineSafeModeRule rule is successfully validated
2023-10-17 18:54:41,524 [b2429fc7-5618-4aa2-af46-5079058310ec@group-F6A655D6B0A1-LeaderElection7] INFO  impl.LeaderElection (LeaderElection.java:logAndReturn(94)) -   Response 1: b2429fc7-5618-4aa2-af46-5079058310ec<-b5355d07-9284-4381-92f8-11cbf4e568d5#0:FAIL-t1
2023-10-17 18:54:41,524 [b2429fc7-5618-4aa2-af46-5079058310ec@group-F6A655D6B0A1-LeaderElection7] INFO  impl.LeaderElection (LeaderElection.java:askForVotes(323)) - b2429fc7-5618-4aa2-af46-5079058310ec@group-F6A655D6B0A1-LeaderElection7 PRE_VOTE round 0: result DISCOVERED_A_NEW_TERM (term=1)
2023-10-17 18:54:41,524 [b2429fc7-5618-4aa2-af46-5079058310ec@group-F6A655D6B0A1-LeaderElection7] INFO  server.RaftServer$Division (RaftServerImpl.java:setRole(329)) - b2429fc7-5618-4aa2-af46-5079058310ec@group-F6A655D6B0A1: changes role from CANDIDATE to FOLLOWER at term 1 for DISCOVERED_A_NEW_TERM (term=1)
2023-10-17 18:54:41,524 [b2429fc7-5618-4aa2-af46-5079058310ec@group-F6A655D6B0A1-LeaderElection7] INFO  impl.RoleInfo (RoleInfo.java:shutdownLeaderElection(130)) - b2429fc7-5618-4aa2-af46-5079058310ec: shutdown b2429fc7-5618-4aa2-af46-5079058310ec@group-F6A655D6B0A1-LeaderElection7
2023-10-17 18:54:41,525 [b2429fc7-5618-4aa2-af46-5079058310ec@group-F6A655D6B0A1-LeaderElection7] INFO  impl.RoleInfo (RoleInfo.java:updateAndGet(139)) - b2429fc7-5618-4aa2-af46-5079058310ec: start b2429fc7-5618-4aa2-af46-5079058310ec@group-F6A655D6B0A1-FollowerState
2023-10-17 18:54:41,524 [EventQueue-OpenPipelineForHealthyPipelineSafeModeRule] INFO  safemode.SCMSafeModeManager (SCMSafeModeManager.java:validateSafeModeExitRules(215)) - ScmSafeModeManager, all rules are successfully validated
2023-10-17 18:54:41,525 [EventQueue-OpenPipelineForHealthyPipelineSafeModeRule] INFO  safemode.SCMSafeModeManager (SCMSafeModeManager.java:exitSafeMode(244)) - SCM exiting safe mode.
2023-10-17 18:54:41,525 [effd9d2c-4905-4e44-ade4-aa9f0e9056f9@group-8E1A1391019E-LeaderElection5] INFO  server.RaftServerConfigKeys (ConfUtils.java:logGet(46)) - raft.server.write.follower.gap.ratio.max = -1.0 (default)
2023-10-17 18:54:41,528 [grpc-default-executor-0] INFO  server.RaftServer$Division (RaftServerImpl.java:requestVote(1302)) - b2429fc7-5618-4aa2-af46-5079058310ec@group-F6A655D6B0A1: receive requestVote(PRE_VOTE, effd9d2c-4905-4e44-ade4-aa9f0e9056f9, group-F6A655D6B0A1, 0, (t:0, i:0))
2023-10-17 18:54:41,528 [grpc-default-executor-3] INFO  server.RaftServer$Division (RaftServerImpl.java:requestVote(1302)) - b5355d07-9284-4381-92f8-11cbf4e568d5@group-F6A655D6B0A1: receive requestVote(PRE_VOTE, effd9d2c-4905-4e44-ade4-aa9f0e9056f9, group-F6A655D6B0A1, 0, (t:0, i:0))
2023-10-17 18:54:41,529 [grpc-default-executor-3] INFO  impl.VoteContext (VoteContext.java:log(49)) - b5355d07-9284-4381-92f8-11cbf4e568d5@group-F6A655D6B0A1-CANDIDATE: reject PRE_VOTE from effd9d2c-4905-4e44-ade4-aa9f0e9056f9: our priority 1 > candidate's priority 0
2023-10-17 18:54:41,529 [grpc-default-executor-3] INFO  server.RaftServer$Division (RaftServerImpl.java:requestVote(1335)) - b5355d07-9284-4381-92f8-11cbf4e568d5@group-F6A655D6B0A1 replies to PRE_VOTE vote request: effd9d2c-4905-4e44-ade4-aa9f0e9056f9<-b5355d07-9284-4381-92f8-11cbf4e568d5#0:FAIL-t1. Peer's state: b5355d07-9284-4381-92f8-11cbf4e568d5@group-F6A655D6B0A1:t1, leader=null, voted=b5355d07-9284-4381-92f8-11cbf4e568d5, raftlog=Memoized:b5355d07-9284-4381-92f8-11cbf4e568d5@group-F6A655D6B0A1-SegmentedRaftLog:OPENED:c-1, conf=-1: peers:[b2429fc7-5618-4aa2-af46-5079058310ec|rpc:10.1.0.79:15014|admin:10.1.0.79:15013|client:10.1.0.79:15012|dataStream:10.1.0.79:15015|priority:0|startupRole:FOLLOWER, effd9d2c-4905-4e44-ade4-aa9f0e9056f9|rpc:10.1.0.79:15032|admin:10.1.0.79:15031|client:10.1.0.79:15030|dataStream:10.1.0.79:15033|priority:0|startupRole:FOLLOWER, b5355d07-9284-4381-92f8-11cbf4e568d5|rpc:10.1.0.79:15023|admin:10.1.0.79:15022|client:10.1.0.79:15021|dataStream:10.1.0.79:15024|priority:1|startupRole:FOLLOWER]|listeners:[], old=null
2023-10-17 18:54:41,529 [grpc-default-executor-2] INFO  server.RaftServer$Division (RaftServerImpl.java:requestVote(1302)) - b2429fc7-5618-4aa2-af46-5079058310ec@group-F6A655D6B0A1: receive requestVote(ELECTION, b5355d07-9284-4381-92f8-11cbf4e568d5, group-F6A655D6B0A1, 1, (t:0, i:0))
2023-10-17 18:54:41,525 [EventQueue-OpenPipelineForHealthyPipelineSafeModeRule] INFO  ha.SCMContext (SCMContext.java:updateSafeModeStatus(230)) - Update SafeModeStatus from SafeModeStatus{safeModeStatus=true, preCheckPassed=true} to SafeModeStatus{safeModeStatus=false, preCheckPassed=true}.
2023-10-17 18:54:41,529 [EventQueue-OpenPipelineForHealthyPipelineSafeModeRule] INFO  pipeline.BackgroundPipelineCreator (BackgroundPipelineCreator.java:notifyStatusChanged(255)) - Service BackgroundPipelineCreator transitions to RUNNING.
2023-10-17 18:54:41,534 [grpc-default-executor-2] INFO  impl.VoteContext (VoteContext.java:log(49)) - b2429fc7-5618-4aa2-af46-5079058310ec@group-F6A655D6B0A1-FOLLOWER: accept ELECTION from b5355d07-9284-4381-92f8-11cbf4e568d5: our priority 0 <= candidate's priority 1
2023-10-17 18:54:41,534 [grpc-default-executor-2] INFO  server.RaftServer$Division (RaftServerImpl.java:setRole(329)) - b2429fc7-5618-4aa2-af46-5079058310ec@group-F6A655D6B0A1: changes role from  FOLLOWER to FOLLOWER at term 1 for candidate:b5355d07-9284-4381-92f8-11cbf4e568d5
2023-10-17 18:54:41,534 [grpc-default-executor-2] INFO  impl.RoleInfo (RoleInfo.java:shutdownFollowerState(110)) - b2429fc7-5618-4aa2-af46-5079058310ec: shutdown b2429fc7-5618-4aa2-af46-5079058310ec@group-F6A655D6B0A1-FollowerState
2023-10-17 18:54:41,537 [grpc-default-executor-2] INFO  impl.RoleInfo (RoleInfo.java:updateAndGet(139)) - b2429fc7-5618-4aa2-af46-5079058310ec: start b2429fc7-5618-4aa2-af46-5079058310ec@group-F6A655D6B0A1-FollowerState
2023-10-17 18:54:41,537 [b2429fc7-5618-4aa2-af46-5079058310ec@group-F6A655D6B0A1-FollowerState] INFO  impl.FollowerState (FollowerState.java:run(152)) - b2429fc7-5618-4aa2-af46-5079058310ec@group-F6A655D6B0A1-FollowerState was interrupted
2023-10-17 18:54:41,538 [EventQueue-OpenPipelineForHealthyPipelineSafeModeRule] INFO  BackgroundPipelineScrubber (BackgroundSCMService.java:notifyStatusChanged(82)) - Service BackgroundPipelineScrubber transitions to RUNNING.
2023-10-17 18:54:41,538 [effd9d2c-4905-4e44-ade4-aa9f0e9056f9@group-B242DDE98B9C-FollowerState] INFO  impl.FollowerState (FollowerState.java:run(143)) - effd9d2c-4905-4e44-ade4-aa9f0e9056f9@group-B242DDE98B9C-FollowerState: change to CANDIDATE, lastRpcElapsedTime:5181339832ns, electionTimeout:5148ms
2023-10-17 18:54:41,538 [EventQueue-OpenPipelineForHealthyPipelineSafeModeRule] INFO  ExpiredContainerReplicaOpScrubber (BackgroundSCMService.java:notifyStatusChanged(82)) - Service ExpiredContainerReplicaOpScrubber transitions to RUNNING.
2023-10-17 18:54:41,538 [effd9d2c-4905-4e44-ade4-aa9f0e9056f9@group-B242DDE98B9C-FollowerState] INFO  impl.RoleInfo (RoleInfo.java:shutdownFollowerState(110)) - effd9d2c-4905-4e44-ade4-aa9f0e9056f9: shutdown effd9d2c-4905-4e44-ade4-aa9f0e9056f9@group-B242DDE98B9C-FollowerState
2023-10-17 18:54:41,538 [effd9d2c-4905-4e44-ade4-aa9f0e9056f9@group-B242DDE98B9C-FollowerState] INFO  server.RaftServer$Division (RaftServerImpl.java:setRole(329)) - effd9d2c-4905-4e44-ade4-aa9f0e9056f9@group-B242DDE98B9C: changes role from  FOLLOWER to CANDIDATE at term 0 for changeToCandidate
2023-10-17 18:54:41,538 [EventQueue-OpenPipelineForHealthyPipelineSafeModeRule] INFO  replication.ReplicationManager (ReplicationManager.java:notifyStatusChanged(1370)) - Service ReplicationManager transitions to RUNNING.
2023-10-17 18:54:41,538 [effd9d2c-4905-4e44-ade4-aa9f0e9056f9@group-B242DDE98B9C-FollowerState] INFO  server.RaftServerConfigKeys (ConfUtils.java:logGet(46)) - raft.server.leaderelection.pre-vote = true (default)
2023-10-17 18:54:41,538 [effd9d2c-4905-4e44-ade4-aa9f0e9056f9@group-B242DDE98B9C-FollowerState] INFO  impl.RoleInfo (RoleInfo.java:updateAndGet(139)) - effd9d2c-4905-4e44-ade4-aa9f0e9056f9: start effd9d2c-4905-4e44-ade4-aa9f0e9056f9@group-B242DDE98B9C-LeaderElection9
2023-10-17 18:54:41,541 [grpc-default-executor-2] INFO  server.RaftServer$Division (RaftServerImpl.java:requestVote(1335)) - b2429fc7-5618-4aa2-af46-5079058310ec@group-F6A655D6B0A1 replies to ELECTION vote request: b5355d07-9284-4381-92f8-11cbf4e568d5<-b2429fc7-5618-4aa2-af46-5079058310ec#0:OK-t1. Peer's state: b2429fc7-5618-4aa2-af46-5079058310ec@group-F6A655D6B0A1:t1, leader=null, voted=b5355d07-9284-4381-92f8-11cbf4e568d5, raftlog=Memoized:b2429fc7-5618-4aa2-af46-5079058310ec@group-F6A655D6B0A1-SegmentedRaftLog:OPENED:c-1, conf=-1: peers:[b2429fc7-5618-4aa2-af46-5079058310ec|rpc:10.1.0.79:15014|admin:10.1.0.79:15013|client:10.1.0.79:15012|dataStream:10.1.0.79:15015|priority:0|startupRole:FOLLOWER, effd9d2c-4905-4e44-ade4-aa9f0e9056f9|rpc:10.1.0.79:15032|admin:10.1.0.79:15031|client:10.1.0.79:15030|dataStream:10.1.0.79:15033|priority:0|startupRole:FOLLOWER, b5355d07-9284-4381-92f8-11cbf4e568d5|rpc:10.1.0.79:15023|admin:10.1.0.79:15022|client:10.1.0.79:15021|dataStream:10.1.0.79:15024|priority:1|startupRole:FOLLOWER]|listeners:[], old=null
2023-10-17 18:54:41,541 [grpc-default-executor-0] INFO  impl.VoteContext (VoteContext.java:log(49)) - b2429fc7-5618-4aa2-af46-5079058310ec@group-F6A655D6B0A1-FOLLOWER: accept PRE_VOTE from effd9d2c-4905-4e44-ade4-aa9f0e9056f9: our priority 0 <= candidate's priority 0
2023-10-17 18:54:41,542 [grpc-default-executor-0] INFO  server.RaftServer$Division (RaftServerImpl.java:requestVote(1335)) - b2429fc7-5618-4aa2-af46-5079058310ec@group-F6A655D6B0A1 replies to PRE_VOTE vote request: effd9d2c-4905-4e44-ade4-aa9f0e9056f9<-b2429fc7-5618-4aa2-af46-5079058310ec#0:OK-t1. Peer's state: b2429fc7-5618-4aa2-af46-5079058310ec@group-F6A655D6B0A1:t1, leader=null, voted=b5355d07-9284-4381-92f8-11cbf4e568d5, raftlog=Memoized:b2429fc7-5618-4aa2-af46-5079058310ec@group-F6A655D6B0A1-SegmentedRaftLog:OPENED:c-1, conf=-1: peers:[b2429fc7-5618-4aa2-af46-5079058310ec|rpc:10.1.0.79:15014|admin:10.1.0.79:15013|client:10.1.0.79:15012|dataStream:10.1.0.79:15015|priority:0|startupRole:FOLLOWER, effd9d2c-4905-4e44-ade4-aa9f0e9056f9|rpc:10.1.0.79:15032|admin:10.1.0.79:15031|client:10.1.0.79:15030|dataStream:10.1.0.79:15033|priority:0|startupRole:FOLLOWER, b5355d07-9284-4381-92f8-11cbf4e568d5|rpc:10.1.0.79:15023|admin:10.1.0.79:15022|client:10.1.0.79:15021|dataStream:10.1.0.79:15024|priority:1|startupRole:FOLLOWER]|listeners:[], old=null
2023-10-17 18:54:41,550 [effd9d2c-4905-4e44-ade4-aa9f0e9056f9@group-F6A655D6B0A1-LeaderElection8] INFO  impl.LeaderElection (LeaderElection.java:logAndReturn(90)) - effd9d2c-4905-4e44-ade4-aa9f0e9056f9@group-F6A655D6B0A1-LeaderElection8: PRE_VOTE DISCOVERED_A_NEW_TERM (term=1) received 1 response(s) and 0 exception(s):
2023-10-17 18:54:41,550 [effd9d2c-4905-4e44-ade4-aa9f0e9056f9@group-F6A655D6B0A1-LeaderElection8] INFO  impl.LeaderElection (LeaderElection.java:logAndReturn(94)) -   Response 0: effd9d2c-4905-4e44-ade4-aa9f0e9056f9<-b5355d07-9284-4381-92f8-11cbf4e568d5#0:FAIL-t1
2023-10-17 18:54:41,550 [effd9d2c-4905-4e44-ade4-aa9f0e9056f9@group-F6A655D6B0A1-LeaderElection8] INFO  impl.LeaderElection (LeaderElection.java:askForVotes(323)) - effd9d2c-4905-4e44-ade4-aa9f0e9056f9@group-F6A655D6B0A1-LeaderElection8 PRE_VOTE round 0: result DISCOVERED_A_NEW_TERM (term=1)
2023-10-17 18:54:41,550 [effd9d2c-4905-4e44-ade4-aa9f0e9056f9@group-F6A655D6B0A1-LeaderElection8] INFO  server.RaftServer$Division (RaftServerImpl.java:setRole(329)) - effd9d2c-4905-4e44-ade4-aa9f0e9056f9@group-F6A655D6B0A1: changes role from CANDIDATE to FOLLOWER at term 1 for DISCOVERED_A_NEW_TERM (term=1)
2023-10-17 18:54:41,551 [effd9d2c-4905-4e44-ade4-aa9f0e9056f9@group-F6A655D6B0A1-LeaderElection8] INFO  impl.RoleInfo (RoleInfo.java:shutdownLeaderElection(130)) - effd9d2c-4905-4e44-ade4-aa9f0e9056f9: shutdown effd9d2c-4905-4e44-ade4-aa9f0e9056f9@group-F6A655D6B0A1-LeaderElection8
2023-10-17 18:54:41,551 [effd9d2c-4905-4e44-ade4-aa9f0e9056f9@group-F6A655D6B0A1-LeaderElection8] INFO  impl.RoleInfo (RoleInfo.java:updateAndGet(139)) - effd9d2c-4905-4e44-ade4-aa9f0e9056f9: start effd9d2c-4905-4e44-ade4-aa9f0e9056f9@group-F6A655D6B0A1-FollowerState
2023-10-17 18:54:41,555 [EventQueue-OpenPipelineForHealthyPipelineSafeModeRule] WARN  balancer.ContainerBalancer (ContainerBalancer.java:shouldRun(134)) - Could not find persisted configuration for ContainerBalancer when checking if ContainerBalancer should run. ContainerBalancer should not run now.
2023-10-17 18:54:41,557 [b5355d07-9284-4381-92f8-11cbf4e568d5@group-F6A655D6B0A1-LeaderElection6] INFO  impl.LeaderElection (LeaderElection.java:logAndReturn(90)) - b5355d07-9284-4381-92f8-11cbf4e568d5@group-F6A655D6B0A1-LeaderElection6: ELECTION PASSED received 1 response(s) and 0 exception(s):
2023-10-17 18:54:41,557 [b5355d07-9284-4381-92f8-11cbf4e568d5@group-F6A655D6B0A1-LeaderElection6] INFO  impl.LeaderElection (LeaderElection.java:logAndReturn(94)) -   Response 0: b5355d07-9284-4381-92f8-11cbf4e568d5<-b2429fc7-5618-4aa2-af46-5079058310ec#0:OK-t1
2023-10-17 18:54:41,558 [b5355d07-9284-4381-92f8-11cbf4e568d5@group-F6A655D6B0A1-LeaderElection6] INFO  impl.LeaderElection (LeaderElection.java:askForVotes(323)) - b5355d07-9284-4381-92f8-11cbf4e568d5@group-F6A655D6B0A1-LeaderElection6 ELECTION round 0: result PASSED
2023-10-17 18:54:41,562 [effd9d2c-4905-4e44-ade4-aa9f0e9056f9@group-B242DDE98B9C-LeaderElection9] INFO  impl.LeaderElection (LeaderElection.java:askForVotes(321)) - effd9d2c-4905-4e44-ade4-aa9f0e9056f9@group-B242DDE98B9C-LeaderElection9 PRE_VOTE round 0: submit vote requests at term 0 for -1: peers:[effd9d2c-4905-4e44-ade4-aa9f0e9056f9|rpc:10.1.0.79:15032|admin:10.1.0.79:15031|client:10.1.0.79:15030|dataStream:10.1.0.79:15033|priority:1|startupRole:FOLLOWER]|listeners:[], old=null
2023-10-17 18:54:41,562 [effd9d2c-4905-4e44-ade4-aa9f0e9056f9@group-B242DDE98B9C-LeaderElection9] INFO  impl.LeaderElection (LeaderElection.java:askForVotes(323)) - effd9d2c-4905-4e44-ade4-aa9f0e9056f9@group-B242DDE98B9C-LeaderElection9 PRE_VOTE round 0: result PASSED (term=0)
2023-10-17 18:54:41,564 [b5355d07-9284-4381-92f8-11cbf4e568d5@group-F6A655D6B0A1-LeaderElection6] INFO  impl.RoleInfo (RoleInfo.java:shutdownLeaderElection(130)) - b5355d07-9284-4381-92f8-11cbf4e568d5: shutdown b5355d07-9284-4381-92f8-11cbf4e568d5@group-F6A655D6B0A1-LeaderElection6
2023-10-17 18:54:41,564 [b5355d07-9284-4381-92f8-11cbf4e568d5@group-F6A655D6B0A1-LeaderElection6] INFO  server.RaftServer$Division (RaftServerImpl.java:setRole(329)) - b5355d07-9284-4381-92f8-11cbf4e568d5@group-F6A655D6B0A1: changes role from CANDIDATE to LEADER at term 1 for changeToLeader
2023-10-17 18:54:41,564 [b5355d07-9284-4381-92f8-11cbf4e568d5@group-F6A655D6B0A1-LeaderElection6] INFO  ratis.XceiverServerRatis (XceiverServerRatis.java:handleLeaderChangedNotification(902)) - Leader change notification received for group: group-F6A655D6B0A1 with new leaderId: b5355d07-9284-4381-92f8-11cbf4e568d5
2023-10-17 18:54:41,564 [b5355d07-9284-4381-92f8-11cbf4e568d5@group-F6A655D6B0A1-LeaderElection6] INFO  server.RaftServer$Division (ServerState.java:setLeader(317)) - b5355d07-9284-4381-92f8-11cbf4e568d5@group-F6A655D6B0A1: change Leader from null to b5355d07-9284-4381-92f8-11cbf4e568d5 at term 1 for becomeLeader, leader elected after 5310ms
2023-10-17 18:54:41,564 [b5355d07-9284-4381-92f8-11cbf4e568d5@group-F6A655D6B0A1-LeaderElection6] INFO  server.RaftServerConfigKeys (ConfUtils.java:logGet(46)) - raft.server.staging.catchup.gap = 1000 (default)
2023-10-17 18:54:41,567 [b5355d07-9284-4381-92f8-11cbf4e568d5@group-F6A655D6B0A1-LeaderElection6] INFO  server.RaftServerConfigKeys (ConfUtils.java:logGet(46)) - raft.server.write.element-limit = 1024 (custom)
2023-10-17 18:54:41,567 [b5355d07-9284-4381-92f8-11cbf4e568d5@group-F6A655D6B0A1-LeaderElection6] INFO  server.RaftServerConfigKeys (ConfUtils.java:logGet(46)) - raft.server.write.byte-limit = 1024 M (=1073741824) (custom)
2023-10-17 18:54:41,568 [b5355d07-9284-4381-92f8-11cbf4e568d5@group-F6A655D6B0A1-LeaderElection6] INFO  server.RaftServerConfigKeys (ConfUtils.java:logGet(46)) - raft.server.watch.timeout = 180s (custom)
2023-10-17 18:54:41,568 [b5355d07-9284-4381-92f8-11cbf4e568d5@group-F6A655D6B0A1-LeaderElection6] INFO  server.RaftServerConfigKeys (ConfUtils.java:logGet(46)) - raft.server.watch.timeout.denomination = 1s (default)
2023-10-17 18:54:41,568 [b5355d07-9284-4381-92f8-11cbf4e568d5@group-F6A655D6B0A1-LeaderElection6] INFO  server.RaftServerConfigKeys (ConfUtils.java:logGet(46)) - raft.server.watch.element-limit = 65536 (default)
2023-10-17 18:54:41,568 [b5355d07-9284-4381-92f8-11cbf4e568d5@group-F6A655D6B0A1-LeaderElection6] INFO  server.RaftServerConfigKeys (ConfUtils.java:logGet(46)) - raft.server.write.element-limit = 1024 (custom)
2023-10-17 18:54:41,568 [b5355d07-9284-4381-92f8-11cbf4e568d5@group-F6A655D6B0A1-LeaderElection6] INFO  server.RaftServerConfigKeys (ConfUtils.java:logGet(46)) - raft.server.write.follower.gap.ratio.max = -1.0 (default)
2023-10-17 18:54:41,569 [effd9d2c-4905-4e44-ade4-aa9f0e9056f9@group-B242DDE98B9C-LeaderElection9] INFO  impl.LeaderElection (LeaderElection.java:askForVotes(321)) - effd9d2c-4905-4e44-ade4-aa9f0e9056f9@group-B242DDE98B9C-LeaderElection9 ELECTION round 0: submit vote requests at term 1 for -1: peers:[effd9d2c-4905-4e44-ade4-aa9f0e9056f9|rpc:10.1.0.79:15032|admin:10.1.0.79:15031|client:10.1.0.79:15030|dataStream:10.1.0.79:15033|priority:1|startupRole:FOLLOWER]|listeners:[], old=null
2023-10-17 18:54:41,569 [effd9d2c-4905-4e44-ade4-aa9f0e9056f9@group-B242DDE98B9C-LeaderElection9] INFO  impl.LeaderElection (LeaderElection.java:askForVotes(323)) - effd9d2c-4905-4e44-ade4-aa9f0e9056f9@group-B242DDE98B9C-LeaderElection9 ELECTION round 0: result PASSED (term=1)
2023-10-17 18:54:41,569 [effd9d2c-4905-4e44-ade4-aa9f0e9056f9@group-B242DDE98B9C-LeaderElection9] INFO  impl.RoleInfo (RoleInfo.java:shutdownLeaderElection(130)) - effd9d2c-4905-4e44-ade4-aa9f0e9056f9: shutdown effd9d2c-4905-4e44-ade4-aa9f0e9056f9@group-B242DDE98B9C-LeaderElection9
2023-10-17 18:54:41,569 [effd9d2c-4905-4e44-ade4-aa9f0e9056f9@group-B242DDE98B9C-LeaderElection9] INFO  server.RaftServer$Division (RaftServerImpl.java:setRole(329)) - effd9d2c-4905-4e44-ade4-aa9f0e9056f9@group-B242DDE98B9C: changes role from CANDIDATE to LEADER at term 1 for changeToLeader
2023-10-17 18:54:41,569 [effd9d2c-4905-4e44-ade4-aa9f0e9056f9@group-B242DDE98B9C-LeaderElection9] INFO  ratis.XceiverServerRatis (XceiverServerRatis.java:handleLeaderChangedNotification(902)) - Leader change notification received for group: group-B242DDE98B9C with new leaderId: effd9d2c-4905-4e44-ade4-aa9f0e9056f9
2023-10-17 18:54:41,569 [effd9d2c-4905-4e44-ade4-aa9f0e9056f9@group-B242DDE98B9C-LeaderElection9] INFO  server.RaftServer$Division (ServerState.java:setLeader(317)) - effd9d2c-4905-4e44-ade4-aa9f0e9056f9@group-B242DDE98B9C: change Leader from null to effd9d2c-4905-4e44-ade4-aa9f0e9056f9 at term 1 for becomeLeader, leader elected after 5253ms
2023-10-17 18:54:41,569 [effd9d2c-4905-4e44-ade4-aa9f0e9056f9@group-B242DDE98B9C-LeaderElection9] INFO  server.RaftServerConfigKeys (ConfUtils.java:logGet(46)) - raft.server.staging.catchup.gap = 1000 (default)
2023-10-17 18:54:41,569 [effd9d2c-4905-4e44-ade4-aa9f0e9056f9@group-B242DDE98B9C-LeaderElection9] INFO  server.RaftServerConfigKeys (ConfUtils.java:logGet(46)) - raft.server.write.element-limit = 1024 (custom)
2023-10-17 18:54:41,569 [effd9d2c-4905-4e44-ade4-aa9f0e9056f9@group-B242DDE98B9C-LeaderElection9] INFO  server.RaftServerConfigKeys (ConfUtils.java:logGet(46)) - raft.server.write.byte-limit = 1024 M (=1073741824) (custom)
2023-10-17 18:54:41,570 [effd9d2c-4905-4e44-ade4-aa9f0e9056f9@group-B242DDE98B9C-LeaderElection9] INFO  server.RaftServerConfigKeys (ConfUtils.java:logGet(46)) - raft.server.watch.timeout = 180s (custom)
2023-10-17 18:54:41,570 [effd9d2c-4905-4e44-ade4-aa9f0e9056f9@group-B242DDE98B9C-LeaderElection9] INFO  server.RaftServerConfigKeys (ConfUtils.java:logGet(46)) - raft.server.watch.timeout.denomination = 1s (default)
2023-10-17 18:54:41,570 [effd9d2c-4905-4e44-ade4-aa9f0e9056f9@group-B242DDE98B9C-LeaderElection9] INFO  server.RaftServerConfigKeys (ConfUtils.java:logGet(46)) - raft.server.watch.element-limit = 65536 (default)
2023-10-17 18:54:41,570 [effd9d2c-4905-4e44-ade4-aa9f0e9056f9@group-B242DDE98B9C-LeaderElection9] INFO  server.RaftServerConfigKeys (ConfUtils.java:logGet(46)) - raft.server.write.element-limit = 1024 (custom)
2023-10-17 18:54:41,570 [effd9d2c-4905-4e44-ade4-aa9f0e9056f9@group-B242DDE98B9C-LeaderElection9] INFO  server.RaftServerConfigKeys (ConfUtils.java:logGet(46)) - raft.server.write.follower.gap.ratio.max = -1.0 (default)
2023-10-17 18:54:41,570 [effd9d2c-4905-4e44-ade4-aa9f0e9056f9@group-B242DDE98B9C-LeaderElection9] INFO  impl.RoleInfo (RoleInfo.java:updateAndGet(139)) - effd9d2c-4905-4e44-ade4-aa9f0e9056f9: start effd9d2c-4905-4e44-ade4-aa9f0e9056f9@group-B242DDE98B9C-LeaderStateImpl
2023-10-17 18:54:41,571 [effd9d2c-4905-4e44-ade4-aa9f0e9056f9@group-8E1A1391019E-LeaderElection5] INFO  server.RaftServerConfigKeys (ConfUtils.java:logGet(46)) - raft.server.log.appender.snapshot.chunk.size.max = 16MB (=16777216) (default)
2023-10-17 18:54:41,571 [effd9d2c-4905-4e44-ade4-aa9f0e9056f9@group-B242DDE98B9C-LeaderElection9] INFO  segmented.SegmentedRaftLogWorker (SegmentedRaftLogWorker.java:startLogSegment(447)) - effd9d2c-4905-4e44-ade4-aa9f0e9056f9@group-B242DDE98B9C-SegmentedRaftLogWorker: Starting segment from index:0
2023-10-17 18:54:41,571 [b5355d07-9284-4381-92f8-11cbf4e568d5@group-F6A655D6B0A1-LeaderElection6] INFO  server.RaftServerConfigKeys (ConfUtils.java:logGet(46)) - raft.server.log.appender.snapshot.chunk.size.max = 16MB (=16777216) (default)
2023-10-17 18:54:41,571 [b5355d07-9284-4381-92f8-11cbf4e568d5@group-F6A655D6B0A1-LeaderElection6] INFO  server.RaftServerConfigKeys (ConfUtils.java:logGet(46)) - raft.server.log.appender.buffer.byte-limit = 33554432 (custom)
2023-10-17 18:54:41,573 [b5355d07-9284-4381-92f8-11cbf4e568d5@group-F6A655D6B0A1-LeaderElection6] INFO  server.RaftServerConfigKeys (ConfUtils.java:logGet(46)) - raft.server.log.appender.buffer.element-limit = 1 (custom)
2023-10-17 18:54:41,574 [effd9d2c-4905-4e44-ade4-aa9f0e9056f9@group-B242DDE98B9C-SegmentedRaftLogWorker] INFO  segmented.SegmentedRaftLogWorker (SegmentedRaftLogWorker.java:execute(651)) - effd9d2c-4905-4e44-ade4-aa9f0e9056f9@group-B242DDE98B9C-SegmentedRaftLogWorker: created new log segment /home/runner/work/ozone/ozone/hadoop-ozone/integration-test/target/test-dir/MiniOzoneClusterImpl-6d5b43b8-50d7-4b60-8424-e359ec6f806a/datanode-2/data/ratis/75859af9-3ee6-47e8-8c5d-b242dde98b9c/current/log_inprogress_0
2023-10-17 18:54:41,571 [effd9d2c-4905-4e44-ade4-aa9f0e9056f9@group-8E1A1391019E-LeaderElection5] INFO  server.RaftServerConfigKeys (ConfUtils.java:logGet(46)) - raft.server.log.appender.buffer.byte-limit = 33554432 (custom)
2023-10-17 18:54:41,574 [effd9d2c-4905-4e44-ade4-aa9f0e9056f9@group-8E1A1391019E-LeaderElection5] INFO  server.RaftServerConfigKeys (ConfUtils.java:logGet(46)) - raft.server.log.appender.buffer.element-limit = 1 (custom)
2023-10-17 18:54:41,573 [EventQueue-PipelineReportForPipelineReportHandler] INFO  pipeline.PipelineReportHandler (PipelineReportHandler.java:processPipelineReport(136)) - Opened pipeline PipelineID=ba603908-c414-4a0b-ae62-f6a655d6b0a1
2023-10-17 18:54:41,575 [grpc-default-executor-4] INFO  server.RaftServer$Division (RaftServerImpl.java:requestVote(1302)) - effd9d2c-4905-4e44-ade4-aa9f0e9056f9@group-F6A655D6B0A1: receive requestVote(ELECTION, b5355d07-9284-4381-92f8-11cbf4e568d5, group-F6A655D6B0A1, 1, (t:0, i:0))
2023-10-17 18:54:41,575 [grpc-default-executor-4] INFO  impl.VoteContext (VoteContext.java:log(49)) - effd9d2c-4905-4e44-ade4-aa9f0e9056f9@group-F6A655D6B0A1-FOLLOWER: accept ELECTION from b5355d07-9284-4381-92f8-11cbf4e568d5: our priority 0 <= candidate's priority 1
2023-10-17 18:54:41,575 [grpc-default-executor-4] INFO  server.RaftServer$Division (RaftServerImpl.java:setRole(329)) - effd9d2c-4905-4e44-ade4-aa9f0e9056f9@group-F6A655D6B0A1: changes role from  FOLLOWER to FOLLOWER at term 1 for candidate:b5355d07-9284-4381-92f8-11cbf4e568d5
2023-10-17 18:54:41,575 [grpc-default-executor-4] INFO  impl.RoleInfo (RoleInfo.java:shutdownFollowerState(110)) - effd9d2c-4905-4e44-ade4-aa9f0e9056f9: shutdown effd9d2c-4905-4e44-ade4-aa9f0e9056f9@group-F6A655D6B0A1-FollowerState
2023-10-17 18:54:41,576 [grpc-default-executor-4] INFO  impl.RoleInfo (RoleInfo.java:updateAndGet(139)) - effd9d2c-4905-4e44-ade4-aa9f0e9056f9: start effd9d2c-4905-4e44-ade4-aa9f0e9056f9@group-F6A655D6B0A1-FollowerState
2023-10-17 18:54:41,576 [effd9d2c-4905-4e44-ade4-aa9f0e9056f9@group-F6A655D6B0A1-FollowerState] INFO  impl.FollowerState (FollowerState.java:run(152)) - effd9d2c-4905-4e44-ade4-aa9f0e9056f9@group-F6A655D6B0A1-FollowerState was interrupted
2023-10-17 18:54:41,578 [b5355d07-9284-4381-92f8-11cbf4e568d5@group-F6A655D6B0A1-LeaderElection6] INFO  server.RaftServerConfigKeys (ConfUtils.java:logGet(46)) - raft.server.log.appender.wait-time.min = 1ms (custom)
2023-10-17 18:54:41,580 [grpc-default-executor-4] INFO  server.RaftServer$Division (RaftServerImpl.java:requestVote(1335)) - effd9d2c-4905-4e44-ade4-aa9f0e9056f9@group-F6A655D6B0A1 replies to ELECTION vote request: b5355d07-9284-4381-92f8-11cbf4e568d5<-effd9d2c-4905-4e44-ade4-aa9f0e9056f9#0:OK-t1. Peer's state: effd9d2c-4905-4e44-ade4-aa9f0e9056f9@group-F6A655D6B0A1:t1, leader=null, voted=b5355d07-9284-4381-92f8-11cbf4e568d5, raftlog=Memoized:effd9d2c-4905-4e44-ade4-aa9f0e9056f9@group-F6A655D6B0A1-SegmentedRaftLog:OPENED:c-1, conf=-1: peers:[b2429fc7-5618-4aa2-af46-5079058310ec|rpc:10.1.0.79:15014|admin:10.1.0.79:15013|client:10.1.0.79:15012|dataStream:10.1.0.79:15015|priority:0|startupRole:FOLLOWER, effd9d2c-4905-4e44-ade4-aa9f0e9056f9|rpc:10.1.0.79:15032|admin:10.1.0.79:15031|client:10.1.0.79:15030|dataStream:10.1.0.79:15033|priority:0|startupRole:FOLLOWER, b5355d07-9284-4381-92f8-11cbf4e568d5|rpc:10.1.0.79:15023|admin:10.1.0.79:15022|client:10.1.0.79:15021|dataStream:10.1.0.79:15024|priority:1|startupRole:FOLLOWER]|listeners:[], old=null
2023-10-17 18:54:41,582 [effd9d2c-4905-4e44-ade4-aa9f0e9056f9@group-B242DDE98B9C-LeaderElection9] INFO  server.RaftServer$Division (ServerState.java:setRaftConf(434)) - effd9d2c-4905-4e44-ade4-aa9f0e9056f9@group-B242DDE98B9C: set configuration 0: peers:[effd9d2c-4905-4e44-ade4-aa9f0e9056f9|rpc:10.1.0.79:15032|admin:10.1.0.79:15031|client:10.1.0.79:15030|dataStream:10.1.0.79:15033|priority:1|startupRole:FOLLOWER]|listeners:[], old=null
2023-10-17 18:54:41,590 [effd9d2c-4905-4e44-ade4-aa9f0e9056f9@group-8E1A1391019E-LeaderElection5] INFO  server.RaftServerConfigKeys (ConfUtils.java:logGet(46)) - raft.server.log.appender.wait-time.min = 1ms (custom)
2023-10-17 18:54:41,590 [effd9d2c-4905-4e44-ade4-aa9f0e9056f9@group-8E1A1391019E-LeaderElection5] INFO  grpc.GrpcConfigKeys (ConfUtils.java:logGet(46)) - raft.grpc.server.leader.outstanding.appends.max = 128 (default)
2023-10-17 18:54:41,590 [effd9d2c-4905-4e44-ade4-aa9f0e9056f9@group-8E1A1391019E-LeaderElection5] INFO  server.RaftServerConfigKeys (ConfUtils.java:logGet(46)) - raft.server.rpc.request.timeout = 60s (custom)
2023-10-17 18:54:41,590 [effd9d2c-4905-4e44-ade4-aa9f0e9056f9@group-8E1A1391019E-LeaderElection5] INFO  grpc.GrpcConfigKeys (ConfUtils.java:logGet(46)) - raft.grpc.server.install_snapshot.request.element-limit = 8 (default)
2023-10-17 18:54:41,591 [effd9d2c-4905-4e44-ade4-aa9f0e9056f9@group-8E1A1391019E-LeaderElection5] INFO  grpc.GrpcConfigKeys (ConfUtils.java:logGet(46)) - raft.grpc.server.install_snapshot.request.timeout = 3000ms (default)
2023-10-17 18:54:41,591 [effd9d2c-4905-4e44-ade4-aa9f0e9056f9@group-8E1A1391019E-LeaderElection5] INFO  server.RaftServerConfigKeys (ConfUtils.java:logGet(46)) - raft.server.log.appender.install.snapshot.enabled = false (custom)
2023-10-17 18:54:41,591 [effd9d2c-4905-4e44-ade4-aa9f0e9056f9@group-8E1A1391019E-LeaderElection5] INFO  grpc.GrpcConfigKeys (ConfUtils.java:logGet(46)) - raft.grpc.server.heartbeat.channel = true (default)
2023-10-17 18:54:41,593 [effd9d2c-4905-4e44-ade4-aa9f0e9056f9@group-8E1A1391019E-LeaderElection5] INFO  server.RaftServerConfigKeys (ConfUtils.java:logGet(46)) - raft.server.log.appender.snapshot.chunk.size.max = 16MB (=16777216) (default)
2023-10-17 18:54:41,593 [effd9d2c-4905-4e44-ade4-aa9f0e9056f9@group-8E1A1391019E-LeaderElection5] INFO  server.RaftServerConfigKeys (ConfUtils.java:logGet(46)) - raft.server.log.appender.buffer.byte-limit = 33554432 (custom)
2023-10-17 18:54:41,593 [effd9d2c-4905-4e44-ade4-aa9f0e9056f9@group-8E1A1391019E-LeaderElection5] INFO  server.RaftServerConfigKeys (ConfUtils.java:logGet(46)) - raft.server.log.appender.buffer.element-limit = 1 (custom)
2023-10-17 18:54:41,593 [effd9d2c-4905-4e44-ade4-aa9f0e9056f9@group-8E1A1391019E-LeaderElection5] INFO  server.RaftServerConfigKeys (ConfUtils.java:logGet(46)) - raft.server.log.appender.wait-time.min = 1ms (custom)
2023-10-17 18:54:41,593 [effd9d2c-4905-4e44-ade4-aa9f0e9056f9@group-8E1A1391019E-LeaderElection5] INFO  grpc.GrpcConfigKeys (ConfUtils.java:logGet(46)) - raft.grpc.server.leader.outstanding.appends.max = 128 (default)
2023-10-17 18:54:41,593 [effd9d2c-4905-4e44-ade4-aa9f0e9056f9@group-8E1A1391019E-LeaderElection5] INFO  server.RaftServerConfigKeys (ConfUtils.java:logGet(46)) - raft.server.rpc.request.timeout = 60s (custom)
2023-10-17 18:54:41,593 [effd9d2c-4905-4e44-ade4-aa9f0e9056f9@group-8E1A1391019E-LeaderElection5] INFO  grpc.GrpcConfigKeys (ConfUtils.java:logGet(46)) - raft.grpc.server.install_snapshot.request.element-limit = 8 (default)
2023-10-17 18:54:41,593 [effd9d2c-4905-4e44-ade4-aa9f0e9056f9@group-8E1A1391019E-LeaderElection5] INFO  grpc.GrpcConfigKeys (ConfUtils.java:logGet(46)) - raft.grpc.server.install_snapshot.request.timeout = 3000ms (default)
2023-10-17 18:54:41,594 [effd9d2c-4905-4e44-ade4-aa9f0e9056f9@group-8E1A1391019E-LeaderElection5] INFO  server.RaftServerConfigKeys (ConfUtils.java:logGet(46)) - raft.server.log.appender.install.snapshot.enabled = false (custom)
2023-10-17 18:54:41,594 [effd9d2c-4905-4e44-ade4-aa9f0e9056f9@group-8E1A1391019E-LeaderElection5] INFO  grpc.GrpcConfigKeys (ConfUtils.java:logGet(46)) - raft.grpc.server.heartbeat.channel = true (default)
2023-10-17 18:54:41,594 [effd9d2c-4905-4e44-ade4-aa9f0e9056f9@group-8E1A1391019E-LeaderElection5] INFO  impl.RoleInfo (RoleInfo.java:updateAndGet(139)) - effd9d2c-4905-4e44-ade4-aa9f0e9056f9: start effd9d2c-4905-4e44-ade4-aa9f0e9056f9@group-8E1A1391019E-LeaderStateImpl
2023-10-17 18:54:41,595 [effd9d2c-4905-4e44-ade4-aa9f0e9056f9@group-8E1A1391019E-LeaderElection5] INFO  segmented.SegmentedRaftLogWorker (SegmentedRaftLogWorker.java:startLogSegment(447)) - effd9d2c-4905-4e44-ade4-aa9f0e9056f9@group-8E1A1391019E-SegmentedRaftLogWorker: Starting segment from index:0
2023-10-17 18:54:41,597 [effd9d2c-4905-4e44-ade4-aa9f0e9056f9@group-8E1A1391019E-SegmentedRaftLogWorker] INFO  segmented.SegmentedRaftLogWorker (SegmentedRaftLogWorker.java:execute(651)) - effd9d2c-4905-4e44-ade4-aa9f0e9056f9@group-8E1A1391019E-SegmentedRaftLogWorker: created new log segment /home/runner/work/ozone/ozone/hadoop-ozone/integration-test/target/test-dir/MiniOzoneClusterImpl-6d5b43b8-50d7-4b60-8424-e359ec6f806a/datanode-2/data/ratis/67d87026-09a9-434e-bf9a-8e1a1391019e/current/log_inprogress_0
2023-10-17 18:54:41,579 [b5355d07-9284-4381-92f8-11cbf4e568d5@group-F6A655D6B0A1-LeaderElection6] INFO  grpc.GrpcConfigKeys (ConfUtils.java:logGet(46)) - raft.grpc.server.leader.outstanding.appends.max = 128 (default)
2023-10-17 18:54:41,604 [b5355d07-9284-4381-92f8-11cbf4e568d5@group-F6A655D6B0A1-LeaderElection6] INFO  server.RaftServerConfigKeys (ConfUtils.java:logGet(46)) - raft.server.rpc.request.timeout = 60s (custom)
2023-10-17 18:54:41,604 [b5355d07-9284-4381-92f8-11cbf4e568d5@group-F6A655D6B0A1-LeaderElection6] INFO  grpc.GrpcConfigKeys (ConfUtils.java:logGet(46)) - raft.grpc.server.install_snapshot.request.element-limit = 8 (default)
2023-10-17 18:54:41,604 [b5355d07-9284-4381-92f8-11cbf4e568d5@group-F6A655D6B0A1-LeaderElection6] INFO  grpc.GrpcConfigKeys (ConfUtils.java:logGet(46)) - raft.grpc.server.install_snapshot.request.timeout = 3000ms (default)
2023-10-17 18:54:41,604 [b5355d07-9284-4381-92f8-11cbf4e568d5@group-F6A655D6B0A1-LeaderElection6] INFO  server.RaftServerConfigKeys (ConfUtils.java:logGet(46)) - raft.server.log.appender.install.snapshot.enabled = false (custom)
2023-10-17 18:54:41,604 [b5355d07-9284-4381-92f8-11cbf4e568d5@group-F6A655D6B0A1-LeaderElection6] INFO  grpc.GrpcConfigKeys (ConfUtils.java:logGet(46)) - raft.grpc.server.heartbeat.channel = true (default)
2023-10-17 18:54:41,605 [b5355d07-9284-4381-92f8-11cbf4e568d5@group-F6A655D6B0A1-LeaderElection6] INFO  server.RaftServerConfigKeys (ConfUtils.java:logGet(46)) - raft.server.log.appender.snapshot.chunk.size.max = 16MB (=16777216) (default)
2023-10-17 18:54:41,605 [b5355d07-9284-4381-92f8-11cbf4e568d5@group-F6A655D6B0A1-LeaderElection6] INFO  server.RaftServerConfigKeys (ConfUtils.java:logGet(46)) - raft.server.log.appender.buffer.byte-limit = 33554432 (custom)
2023-10-17 18:54:41,605 [b5355d07-9284-4381-92f8-11cbf4e568d5@group-F6A655D6B0A1-LeaderElection6] INFO  server.RaftServerConfigKeys (ConfUtils.java:logGet(46)) - raft.server.log.appender.buffer.element-limit = 1 (custom)
2023-10-17 18:54:41,605 [b5355d07-9284-4381-92f8-11cbf4e568d5@group-F6A655D6B0A1-LeaderElection6] INFO  server.RaftServerConfigKeys (ConfUtils.java:logGet(46)) - raft.server.log.appender.wait-time.min = 1ms (custom)
2023-10-17 18:54:41,605 [b5355d07-9284-4381-92f8-11cbf4e568d5@group-F6A655D6B0A1-LeaderElection6] INFO  grpc.GrpcConfigKeys (ConfUtils.java:logGet(46)) - raft.grpc.server.leader.outstanding.appends.max = 128 (default)
2023-10-17 18:54:41,605 [b5355d07-9284-4381-92f8-11cbf4e568d5@group-F6A655D6B0A1-LeaderElection6] INFO  server.RaftServerConfigKeys (ConfUtils.java:logGet(46)) - raft.server.rpc.request.timeout = 60s (custom)
2023-10-17 18:54:41,605 [b5355d07-9284-4381-92f8-11cbf4e568d5@group-F6A655D6B0A1-LeaderElection6] INFO  grpc.GrpcConfigKeys (ConfUtils.java:logGet(46)) - raft.grpc.server.install_snapshot.request.element-limit = 8 (default)
2023-10-17 18:54:41,605 [b5355d07-9284-4381-92f8-11cbf4e568d5@group-F6A655D6B0A1-LeaderElection6] INFO  grpc.GrpcConfigKeys (ConfUtils.java:logGet(46)) - raft.grpc.server.install_snapshot.request.timeout = 3000ms (default)
2023-10-17 18:54:41,605 [b5355d07-9284-4381-92f8-11cbf4e568d5@group-F6A655D6B0A1-LeaderElection6] INFO  server.RaftServerConfigKeys (ConfUtils.java:logGet(46)) - raft.server.log.appender.install.snapshot.enabled = false (custom)
2023-10-17 18:54:41,605 [b5355d07-9284-4381-92f8-11cbf4e568d5@group-F6A655D6B0A1-LeaderElection6] INFO  grpc.GrpcConfigKeys (ConfUtils.java:logGet(46)) - raft.grpc.server.heartbeat.channel = true (default)
2023-10-17 18:54:41,606 [b5355d07-9284-4381-92f8-11cbf4e568d5@group-F6A655D6B0A1-LeaderElection6] INFO  impl.RoleInfo (RoleInfo.java:updateAndGet(139)) - b5355d07-9284-4381-92f8-11cbf4e568d5: start b5355d07-9284-4381-92f8-11cbf4e568d5@group-F6A655D6B0A1-LeaderStateImpl
2023-10-17 18:54:41,606 [b5355d07-9284-4381-92f8-11cbf4e568d5@group-F6A655D6B0A1-LeaderElection6] INFO  segmented.SegmentedRaftLogWorker (SegmentedRaftLogWorker.java:startLogSegment(447)) - b5355d07-9284-4381-92f8-11cbf4e568d5@group-F6A655D6B0A1-SegmentedRaftLogWorker: Starting segment from index:0
2023-10-17 18:54:41,609 [b5355d07-9284-4381-92f8-11cbf4e568d5@group-F6A655D6B0A1-SegmentedRaftLogWorker] INFO  segmented.SegmentedRaftLogWorker (SegmentedRaftLogWorker.java:execute(651)) - b5355d07-9284-4381-92f8-11cbf4e568d5@group-F6A655D6B0A1-SegmentedRaftLogWorker: created new log segment /home/runner/work/ozone/ozone/hadoop-ozone/integration-test/target/test-dir/MiniOzoneClusterImpl-6d5b43b8-50d7-4b60-8424-e359ec6f806a/datanode-1/data/ratis/ba603908-c414-4a0b-ae62-f6a655d6b0a1/current/log_inprogress_0
2023-10-17 18:54:41,639 [b2429fc7-5618-4aa2-af46-5079058310ec-server-thread1] INFO  ratis.XceiverServerRatis (XceiverServerRatis.java:handleLeaderChangedNotification(902)) - Leader change notification received for group: group-F6A655D6B0A1 with new leaderId: b5355d07-9284-4381-92f8-11cbf4e568d5
2023-10-17 18:54:41,639 [b2429fc7-5618-4aa2-af46-5079058310ec-server-thread1] INFO  server.RaftServer$Division (ServerState.java:setLeader(317)) - b2429fc7-5618-4aa2-af46-5079058310ec@group-F6A655D6B0A1: change Leader from null to b5355d07-9284-4381-92f8-11cbf4e568d5 at term 1 for appendEntries, leader elected after 5278ms
2023-10-17 18:54:41,640 [b5355d07-9284-4381-92f8-11cbf4e568d5-server-thread1] INFO  ratis.XceiverServerRatis (XceiverServerRatis.java:handleLeaderChangedNotification(902)) - Leader change notification received for group: group-8E1A1391019E with new leaderId: effd9d2c-4905-4e44-ade4-aa9f0e9056f9
2023-10-17 18:54:41,640 [b5355d07-9284-4381-92f8-11cbf4e568d5-server-thread1] INFO  server.RaftServer$Division (ServerState.java:setLeader(317)) - b5355d07-9284-4381-92f8-11cbf4e568d5@group-8E1A1391019E: change Leader from null to effd9d2c-4905-4e44-ade4-aa9f0e9056f9 at term 1 for appendEntries, leader elected after 5707ms
2023-10-17 18:54:41,655 [effd9d2c-4905-4e44-ade4-aa9f0e9056f9@group-8E1A1391019E-LeaderElection5] INFO  server.RaftServer$Division (ServerState.java:setRaftConf(434)) - effd9d2c-4905-4e44-ade4-aa9f0e9056f9@group-8E1A1391019E: set configuration 0: peers:[b2429fc7-5618-4aa2-af46-5079058310ec|rpc:10.1.0.79:15014|admin:10.1.0.79:15013|client:10.1.0.79:15012|dataStream:10.1.0.79:15015|priority:0|startupRole:FOLLOWER, effd9d2c-4905-4e44-ade4-aa9f0e9056f9|rpc:10.1.0.79:15032|admin:10.1.0.79:15031|client:10.1.0.79:15030|dataStream:10.1.0.79:15033|priority:1|startupRole:FOLLOWER, b5355d07-9284-4381-92f8-11cbf4e568d5|rpc:10.1.0.79:15023|admin:10.1.0.79:15022|client:10.1.0.79:15021|dataStream:10.1.0.79:15024|priority:0|startupRole:FOLLOWER]|listeners:[], old=null
2023-10-17 18:54:41,655 [b5355d07-9284-4381-92f8-11cbf4e568d5@group-F6A655D6B0A1-LeaderElection6] INFO  server.RaftServer$Division (ServerState.java:setRaftConf(434)) - b5355d07-9284-4381-92f8-11cbf4e568d5@group-F6A655D6B0A1: set configuration 0: peers:[b2429fc7-5618-4aa2-af46-5079058310ec|rpc:10.1.0.79:15014|admin:10.1.0.79:15013|client:10.1.0.79:15012|dataStream:10.1.0.79:15015|priority:0|startupRole:FOLLOWER, effd9d2c-4905-4e44-ade4-aa9f0e9056f9|rpc:10.1.0.79:15032|admin:10.1.0.79:15031|client:10.1.0.79:15030|dataStream:10.1.0.79:15033|priority:0|startupRole:FOLLOWER, b5355d07-9284-4381-92f8-11cbf4e568d5|rpc:10.1.0.79:15023|admin:10.1.0.79:15022|client:10.1.0.79:15021|dataStream:10.1.0.79:15024|priority:1|startupRole:FOLLOWER]|listeners:[], old=null
2023-10-17 18:54:41,676 [b2429fc7-5618-4aa2-af46-5079058310ec-server-thread1] INFO  ratis.XceiverServerRatis (XceiverServerRatis.java:handleLeaderChangedNotification(902)) - Leader change notification received for group: group-8E1A1391019E with new leaderId: effd9d2c-4905-4e44-ade4-aa9f0e9056f9
2023-10-17 18:54:41,677 [b2429fc7-5618-4aa2-af46-5079058310ec-server-thread1] INFO  server.RaftServer$Division (ServerState.java:setLeader(317)) - b2429fc7-5618-4aa2-af46-5079058310ec@group-8E1A1391019E: change Leader from null to effd9d2c-4905-4e44-ade4-aa9f0e9056f9 at term 1 for appendEntries, leader elected after 6192ms
2023-10-17 18:54:41,703 [b5355d07-9284-4381-92f8-11cbf4e568d5-server-thread3] INFO  server.RaftServer$Division (ServerState.java:setRaftConf(434)) - b5355d07-9284-4381-92f8-11cbf4e568d5@group-8E1A1391019E: set configuration 0: peers:[b2429fc7-5618-4aa2-af46-5079058310ec|rpc:10.1.0.79:15014|admin:10.1.0.79:15013|client:10.1.0.79:15012|dataStream:10.1.0.79:15015|priority:0|startupRole:FOLLOWER, effd9d2c-4905-4e44-ade4-aa9f0e9056f9|rpc:10.1.0.79:15032|admin:10.1.0.79:15031|client:10.1.0.79:15030|dataStream:10.1.0.79:15033|priority:1|startupRole:FOLLOWER, b5355d07-9284-4381-92f8-11cbf4e568d5|rpc:10.1.0.79:15023|admin:10.1.0.79:15022|client:10.1.0.79:15021|dataStream:10.1.0.79:15024|priority:0|startupRole:FOLLOWER]|listeners:[], old=null
2023-10-17 18:54:41,703 [b5355d07-9284-4381-92f8-11cbf4e568d5-server-thread3] INFO  segmented.SegmentedRaftLogWorker (SegmentedRaftLogWorker.java:startLogSegment(447)) - b5355d07-9284-4381-92f8-11cbf4e568d5@group-8E1A1391019E-SegmentedRaftLogWorker: Starting segment from index:0
2023-10-17 18:54:41,712 [b5355d07-9284-4381-92f8-11cbf4e568d5@group-8E1A1391019E-SegmentedRaftLogWorker] INFO  segmented.SegmentedRaftLogWorker (SegmentedRaftLogWorker.java:execute(651)) - b5355d07-9284-4381-92f8-11cbf4e568d5@group-8E1A1391019E-SegmentedRaftLogWorker: created new log segment /home/runner/work/ozone/ozone/hadoop-ozone/integration-test/target/test-dir/MiniOzoneClusterImpl-6d5b43b8-50d7-4b60-8424-e359ec6f806a/datanode-1/data/ratis/67d87026-09a9-434e-bf9a-8e1a1391019e/current/log_inprogress_0
2023-10-17 18:54:41,720 [b2429fc7-5618-4aa2-af46-5079058310ec-server-thread2] INFO  server.RaftServer$Division (ServerState.java:setRaftConf(434)) - b2429fc7-5618-4aa2-af46-5079058310ec@group-F6A655D6B0A1: set configuration 0: peers:[b2429fc7-5618-4aa2-af46-5079058310ec|rpc:10.1.0.79:15014|admin:10.1.0.79:15013|client:10.1.0.79:15012|dataStream:10.1.0.79:15015|priority:0|startupRole:FOLLOWER, effd9d2c-4905-4e44-ade4-aa9f0e9056f9|rpc:10.1.0.79:15032|admin:10.1.0.79:15031|client:10.1.0.79:15030|dataStream:10.1.0.79:15033|priority:0|startupRole:FOLLOWER, b5355d07-9284-4381-92f8-11cbf4e568d5|rpc:10.1.0.79:15023|admin:10.1.0.79:15022|client:10.1.0.79:15021|dataStream:10.1.0.79:15024|priority:1|startupRole:FOLLOWER]|listeners:[], old=null
2023-10-17 18:54:41,720 [b2429fc7-5618-4aa2-af46-5079058310ec-server-thread2] INFO  segmented.SegmentedRaftLogWorker (SegmentedRaftLogWorker.java:startLogSegment(447)) - b2429fc7-5618-4aa2-af46-5079058310ec@group-F6A655D6B0A1-SegmentedRaftLogWorker: Starting segment from index:0
2023-10-17 18:54:41,720 [b2429fc7-5618-4aa2-af46-5079058310ec-server-thread3] INFO  server.RaftServer$Division (ServerState.java:setRaftConf(434)) - b2429fc7-5618-4aa2-af46-5079058310ec@group-8E1A1391019E: set configuration 0: peers:[b2429fc7-5618-4aa2-af46-5079058310ec|rpc:10.1.0.79:15014|admin:10.1.0.79:15013|client:10.1.0.79:15012|dataStream:10.1.0.79:15015|priority:0|startupRole:FOLLOWER, effd9d2c-4905-4e44-ade4-aa9f0e9056f9|rpc:10.1.0.79:15032|admin:10.1.0.79:15031|client:10.1.0.79:15030|dataStream:10.1.0.79:15033|priority:1|startupRole:FOLLOWER, b5355d07-9284-4381-92f8-11cbf4e568d5|rpc:10.1.0.79:15023|admin:10.1.0.79:15022|client:10.1.0.79:15021|dataStream:10.1.0.79:15024|priority:0|startupRole:FOLLOWER]|listeners:[], old=null
2023-10-17 18:54:41,720 [b2429fc7-5618-4aa2-af46-5079058310ec-server-thread3] INFO  segmented.SegmentedRaftLogWorker (SegmentedRaftLogWorker.java:startLogSegment(447)) - b2429fc7-5618-4aa2-af46-5079058310ec@group-8E1A1391019E-SegmentedRaftLogWorker: Starting segment from index:0
2023-10-17 18:54:41,725 [b2429fc7-5618-4aa2-af46-5079058310ec@group-F6A655D6B0A1-SegmentedRaftLogWorker] INFO  segmented.SegmentedRaftLogWorker (SegmentedRaftLogWorker.java:execute(651)) - b2429fc7-5618-4aa2-af46-5079058310ec@group-F6A655D6B0A1-SegmentedRaftLogWorker: created new log segment /home/runner/work/ozone/ozone/hadoop-ozone/integration-test/target/test-dir/MiniOzoneClusterImpl-6d5b43b8-50d7-4b60-8424-e359ec6f806a/datanode-0/data/ratis/ba603908-c414-4a0b-ae62-f6a655d6b0a1/current/log_inprogress_0
2023-10-17 18:54:41,725 [effd9d2c-4905-4e44-ade4-aa9f0e9056f9-server-thread2] INFO  ratis.XceiverServerRatis (XceiverServerRatis.java:handleLeaderChangedNotification(902)) - Leader change notification received for group: group-F6A655D6B0A1 with new leaderId: b5355d07-9284-4381-92f8-11cbf4e568d5
2023-10-17 18:54:41,726 [effd9d2c-4905-4e44-ade4-aa9f0e9056f9-server-thread2] INFO  server.RaftServer$Division (ServerState.java:setLeader(317)) - effd9d2c-4905-4e44-ade4-aa9f0e9056f9@group-F6A655D6B0A1: change Leader from null to b5355d07-9284-4381-92f8-11cbf4e568d5 at term 1 for appendEntries, leader elected after 5337ms
2023-10-17 18:54:41,728 [effd9d2c-4905-4e44-ade4-aa9f0e9056f9-server-thread2] INFO  server.RaftServer$Division (ServerState.java:setRaftConf(434)) - effd9d2c-4905-4e44-ade4-aa9f0e9056f9@group-F6A655D6B0A1: set configuration 0: peers:[b2429fc7-5618-4aa2-af46-5079058310ec|rpc:10.1.0.79:15014|admin:10.1.0.79:15013|client:10.1.0.79:15012|dataStream:10.1.0.79:15015|priority:0|startupRole:FOLLOWER, effd9d2c-4905-4e44-ade4-aa9f0e9056f9|rpc:10.1.0.79:15032|admin:10.1.0.79:15031|client:10.1.0.79:15030|dataStream:10.1.0.79:15033|priority:0|startupRole:FOLLOWER, b5355d07-9284-4381-92f8-11cbf4e568d5|rpc:10.1.0.79:15023|admin:10.1.0.79:15022|client:10.1.0.79:15021|dataStream:10.1.0.79:15024|priority:1|startupRole:FOLLOWER]|listeners:[], old=null
2023-10-17 18:54:41,732 [b2429fc7-5618-4aa2-af46-5079058310ec@group-8E1A1391019E-SegmentedRaftLogWorker] INFO  segmented.SegmentedRaftLogWorker (SegmentedRaftLogWorker.java:execute(651)) - b2429fc7-5618-4aa2-af46-5079058310ec@group-8E1A1391019E-SegmentedRaftLogWorker: created new log segment /home/runner/work/ozone/ozone/hadoop-ozone/integration-test/target/test-dir/MiniOzoneClusterImpl-6d5b43b8-50d7-4b60-8424-e359ec6f806a/datanode-0/data/ratis/67d87026-09a9-434e-bf9a-8e1a1391019e/current/log_inprogress_0
2023-10-17 18:54:41,733 [effd9d2c-4905-4e44-ade4-aa9f0e9056f9-server-thread2] INFO  segmented.SegmentedRaftLogWorker (SegmentedRaftLogWorker.java:startLogSegment(447)) - effd9d2c-4905-4e44-ade4-aa9f0e9056f9@group-F6A655D6B0A1-SegmentedRaftLogWorker: Starting segment from index:0
2023-10-17 18:54:41,736 [effd9d2c-4905-4e44-ade4-aa9f0e9056f9@group-F6A655D6B0A1-SegmentedRaftLogWorker] INFO  segmented.SegmentedRaftLogWorker (SegmentedRaftLogWorker.java:execute(651)) - effd9d2c-4905-4e44-ade4-aa9f0e9056f9@group-F6A655D6B0A1-SegmentedRaftLogWorker: created new log segment /home/runner/work/ozone/ozone/hadoop-ozone/integration-test/target/test-dir/MiniOzoneClusterImpl-6d5b43b8-50d7-4b60-8424-e359ec6f806a/datanode-2/data/ratis/ba603908-c414-4a0b-ae62-f6a655d6b0a1/current/log_inprogress_0
2023-10-17 18:54:42,175 [a546daa4-0106-41e2-a933-0105fc903a66@group-1CC4E4BA78B0-FollowerState] INFO  impl.FollowerState (FollowerState.java:run(143)) - a546daa4-0106-41e2-a933-0105fc903a66@group-1CC4E4BA78B0-FollowerState: change to CANDIDATE, lastRpcElapsedTime:5027868337ns, electionTimeout:5015ms
2023-10-17 18:54:42,175 [a546daa4-0106-41e2-a933-0105fc903a66@group-1CC4E4BA78B0-FollowerState] INFO  impl.RoleInfo (RoleInfo.java:shutdownFollowerState(110)) - a546daa4-0106-41e2-a933-0105fc903a66: shutdown a546daa4-0106-41e2-a933-0105fc903a66@group-1CC4E4BA78B0-FollowerState
2023-10-17 18:54:42,176 [a546daa4-0106-41e2-a933-0105fc903a66@group-1CC4E4BA78B0-FollowerState] INFO  server.RaftServer$Division (RaftServerImpl.java:setRole(329)) - a546daa4-0106-41e2-a933-0105fc903a66@group-1CC4E4BA78B0: changes role from  FOLLOWER to CANDIDATE at term 0 for changeToCandidate
2023-10-17 18:54:42,176 [a546daa4-0106-41e2-a933-0105fc903a66@group-1CC4E4BA78B0-FollowerState] INFO  server.RaftServerConfigKeys (ConfUtils.java:logGet(46)) - raft.server.leaderelection.pre-vote = true (default)
2023-10-17 18:54:42,176 [a546daa4-0106-41e2-a933-0105fc903a66@group-1CC4E4BA78B0-FollowerState] INFO  impl.RoleInfo (RoleInfo.java:updateAndGet(139)) - a546daa4-0106-41e2-a933-0105fc903a66: start a546daa4-0106-41e2-a933-0105fc903a66@group-1CC4E4BA78B0-LeaderElection10
2023-10-17 18:54:42,179 [a546daa4-0106-41e2-a933-0105fc903a66@group-1CC4E4BA78B0-LeaderElection10] INFO  impl.LeaderElection (LeaderElection.java:askForVotes(321)) - a546daa4-0106-41e2-a933-0105fc903a66@group-1CC4E4BA78B0-LeaderElection10 PRE_VOTE round 0: submit vote requests at term 0 for -1: peers:[a546daa4-0106-41e2-a933-0105fc903a66|rpc:10.1.0.79:15041|admin:10.1.0.79:15040|client:10.1.0.79:15039|dataStream:10.1.0.79:15042|priority:1|startupRole:FOLLOWER]|listeners:[], old=null
2023-10-17 18:54:42,179 [a546daa4-0106-41e2-a933-0105fc903a66@group-1CC4E4BA78B0-LeaderElection10] INFO  impl.LeaderElection (LeaderElection.java:askForVotes(323)) - a546daa4-0106-41e2-a933-0105fc903a66@group-1CC4E4BA78B0-LeaderElection10 PRE_VOTE round 0: result PASSED (term=0)
2023-10-17 18:54:42,181 [a546daa4-0106-41e2-a933-0105fc903a66@group-1CC4E4BA78B0-LeaderElection10] INFO  impl.LeaderElection (LeaderElection.java:askForVotes(321)) - a546daa4-0106-41e2-a933-0105fc903a66@group-1CC4E4BA78B0-LeaderElection10 ELECTION round 0: submit vote requests at term 1 for -1: peers:[a546daa4-0106-41e2-a933-0105fc903a66|rpc:10.1.0.79:15041|admin:10.1.0.79:15040|client:10.1.0.79:15039|dataStream:10.1.0.79:15042|priority:1|startupRole:FOLLOWER]|listeners:[], old=null
2023-10-17 18:54:42,181 [a546daa4-0106-41e2-a933-0105fc903a66@group-1CC4E4BA78B0-LeaderElection10] INFO  impl.LeaderElection (LeaderElection.java:askForVotes(323)) - a546daa4-0106-41e2-a933-0105fc903a66@group-1CC4E4BA78B0-LeaderElection10 ELECTION round 0: result PASSED (term=1)
2023-10-17 18:54:42,181 [a546daa4-0106-41e2-a933-0105fc903a66@group-1CC4E4BA78B0-LeaderElection10] INFO  impl.RoleInfo (RoleInfo.java:shutdownLeaderElection(130)) - a546daa4-0106-41e2-a933-0105fc903a66: shutdown a546daa4-0106-41e2-a933-0105fc903a66@group-1CC4E4BA78B0-LeaderElection10
2023-10-17 18:54:42,181 [a546daa4-0106-41e2-a933-0105fc903a66@group-1CC4E4BA78B0-LeaderElection10] INFO  server.RaftServer$Division (RaftServerImpl.java:setRole(329)) - a546daa4-0106-41e2-a933-0105fc903a66@group-1CC4E4BA78B0: changes role from CANDIDATE to LEADER at term 1 for changeToLeader
2023-10-17 18:54:42,181 [a546daa4-0106-41e2-a933-0105fc903a66@group-1CC4E4BA78B0-LeaderElection10] INFO  ratis.XceiverServerRatis (XceiverServerRatis.java:handleLeaderChangedNotification(902)) - Leader change notification received for group: group-1CC4E4BA78B0 with new leaderId: a546daa4-0106-41e2-a933-0105fc903a66
2023-10-17 18:54:42,181 [a546daa4-0106-41e2-a933-0105fc903a66@group-1CC4E4BA78B0-LeaderElection10] INFO  server.RaftServer$Division (ServerState.java:setLeader(317)) - a546daa4-0106-41e2-a933-0105fc903a66@group-1CC4E4BA78B0: change Leader from null to a546daa4-0106-41e2-a933-0105fc903a66 at term 1 for becomeLeader, leader elected after 5502ms
2023-10-17 18:54:42,181 [a546daa4-0106-41e2-a933-0105fc903a66@group-1CC4E4BA78B0-LeaderElection10] INFO  server.RaftServerConfigKeys (ConfUtils.java:logGet(46)) - raft.server.staging.catchup.gap = 1000 (default)
2023-10-17 18:54:42,182 [a546daa4-0106-41e2-a933-0105fc903a66@group-1CC4E4BA78B0-LeaderElection10] INFO  server.RaftServerConfigKeys (ConfUtils.java:logGet(46)) - raft.server.write.element-limit = 1024 (custom)
2023-10-17 18:54:42,182 [a546daa4-0106-41e2-a933-0105fc903a66@group-1CC4E4BA78B0-LeaderElection10] INFO  server.RaftServerConfigKeys (ConfUtils.java:logGet(46)) - raft.server.write.byte-limit = 1024 M (=1073741824) (custom)
2023-10-17 18:54:42,182 [a546daa4-0106-41e2-a933-0105fc903a66@group-1CC4E4BA78B0-LeaderElection10] INFO  server.RaftServerConfigKeys (ConfUtils.java:logGet(46)) - raft.server.watch.timeout = 180s (custom)
2023-10-17 18:54:42,182 [a546daa4-0106-41e2-a933-0105fc903a66@group-1CC4E4BA78B0-LeaderElection10] INFO  server.RaftServerConfigKeys (ConfUtils.java:logGet(46)) - raft.server.watch.timeout.denomination = 1s (default)
2023-10-17 18:54:42,184 [a546daa4-0106-41e2-a933-0105fc903a66@group-1CC4E4BA78B0-LeaderElection10] INFO  server.RaftServerConfigKeys (ConfUtils.java:logGet(46)) - raft.server.watch.element-limit = 65536 (default)
2023-10-17 18:54:42,184 [a546daa4-0106-41e2-a933-0105fc903a66@group-1CC4E4BA78B0-LeaderElection10] INFO  server.RaftServerConfigKeys (ConfUtils.java:logGet(46)) - raft.server.write.element-limit = 1024 (custom)
2023-10-17 18:54:42,184 [a546daa4-0106-41e2-a933-0105fc903a66@group-1CC4E4BA78B0-LeaderElection10] INFO  server.RaftServerConfigKeys (ConfUtils.java:logGet(46)) - raft.server.write.follower.gap.ratio.max = -1.0 (default)
2023-10-17 18:54:42,184 [a546daa4-0106-41e2-a933-0105fc903a66@group-1CC4E4BA78B0-LeaderElection10] INFO  impl.RoleInfo (RoleInfo.java:updateAndGet(139)) - a546daa4-0106-41e2-a933-0105fc903a66: start a546daa4-0106-41e2-a933-0105fc903a66@group-1CC4E4BA78B0-LeaderStateImpl
2023-10-17 18:54:42,184 [a546daa4-0106-41e2-a933-0105fc903a66@group-1CC4E4BA78B0-LeaderElection10] INFO  segmented.SegmentedRaftLogWorker (SegmentedRaftLogWorker.java:startLogSegment(447)) - a546daa4-0106-41e2-a933-0105fc903a66@group-1CC4E4BA78B0-SegmentedRaftLogWorker: Starting segment from index:0
2023-10-17 18:54:42,186 [a546daa4-0106-41e2-a933-0105fc903a66@group-1CC4E4BA78B0-SegmentedRaftLogWorker] INFO  segmented.SegmentedRaftLogWorker (SegmentedRaftLogWorker.java:execute(651)) - a546daa4-0106-41e2-a933-0105fc903a66@group-1CC4E4BA78B0-SegmentedRaftLogWorker: created new log segment /home/runner/work/ozone/ozone/hadoop-ozone/integration-test/target/test-dir/MiniOzoneClusterImpl-6d5b43b8-50d7-4b60-8424-e359ec6f806a/datanode-3/data/ratis/cf9537a1-5336-475d-bbe1-1cc4e4ba78b0/current/log_inprogress_0
2023-10-17 18:54:42,187 [a546daa4-0106-41e2-a933-0105fc903a66@group-1CC4E4BA78B0-LeaderElection10] INFO  server.RaftServer$Division (ServerState.java:setRaftConf(434)) - a546daa4-0106-41e2-a933-0105fc903a66@group-1CC4E4BA78B0: set configuration 0: peers:[a546daa4-0106-41e2-a933-0105fc903a66|rpc:10.1.0.79:15041|admin:10.1.0.79:15040|client:10.1.0.79:15039|dataStream:10.1.0.79:15042|priority:1|startupRole:FOLLOWER]|listeners:[], old=null
2023-10-17 18:54:42,255 [a546daa4-0106-41e2-a933-0105fc903a66@group-8EBAE61B3D33-FollowerState] INFO  impl.FollowerState (FollowerState.java:run(143)) - a546daa4-0106-41e2-a933-0105fc903a66@group-8EBAE61B3D33-FollowerState: change to CANDIDATE, lastRpcElapsedTime:5049829359ns, electionTimeout:5038ms
2023-10-17 18:54:42,255 [a546daa4-0106-41e2-a933-0105fc903a66@group-8EBAE61B3D33-FollowerState] INFO  impl.RoleInfo (RoleInfo.java:shutdownFollowerState(110)) - a546daa4-0106-41e2-a933-0105fc903a66: shutdown a546daa4-0106-41e2-a933-0105fc903a66@group-8EBAE61B3D33-FollowerState
2023-10-17 18:54:42,255 [a546daa4-0106-41e2-a933-0105fc903a66@group-8EBAE61B3D33-FollowerState] INFO  server.RaftServer$Division (RaftServerImpl.java:setRole(329)) - a546daa4-0106-41e2-a933-0105fc903a66@group-8EBAE61B3D33: changes role from  FOLLOWER to CANDIDATE at term 0 for changeToCandidate
2023-10-17 18:54:42,255 [a546daa4-0106-41e2-a933-0105fc903a66@group-8EBAE61B3D33-FollowerState] INFO  server.RaftServerConfigKeys (ConfUtils.java:logGet(46)) - raft.server.leaderelection.pre-vote = true (default)
2023-10-17 18:54:42,255 [a546daa4-0106-41e2-a933-0105fc903a66@group-8EBAE61B3D33-FollowerState] INFO  impl.RoleInfo (RoleInfo.java:updateAndGet(139)) - a546daa4-0106-41e2-a933-0105fc903a66: start a546daa4-0106-41e2-a933-0105fc903a66@group-8EBAE61B3D33-LeaderElection11
2023-10-17 18:54:42,259 [a546daa4-0106-41e2-a933-0105fc903a66@group-8EBAE61B3D33-LeaderElection11] INFO  impl.LeaderElection (LeaderElection.java:askForVotes(321)) - a546daa4-0106-41e2-a933-0105fc903a66@group-8EBAE61B3D33-LeaderElection11 PRE_VOTE round 0: submit vote requests at term 0 for -1: peers:[a9a64069-5644-4cd4-ae1b-13efe84d56e4|rpc:10.1.0.79:15050|admin:10.1.0.79:15049|client:10.1.0.79:15048|dataStream:10.1.0.79:15051|priority:1|startupRole:FOLLOWER, d11f4703-3fdf-44d6-a0a1-43cd820167cb|rpc:10.1.0.79:15059|admin:10.1.0.79:15058|client:10.1.0.79:15057|dataStream:10.1.0.79:15060|priority:0|startupRole:FOLLOWER, a546daa4-0106-41e2-a933-0105fc903a66|rpc:10.1.0.79:15041|admin:10.1.0.79:15040|client:10.1.0.79:15039|dataStream:10.1.0.79:15042|priority:0|startupRole:FOLLOWER]|listeners:[], old=null
2023-10-17 18:54:42,260 [a546daa4-0106-41e2-a933-0105fc903a66@group-8EBAE61B3D33-LeaderElection11-1] INFO  server.GrpcServerProtocolClient (GrpcServerProtocolClient.java:<init>(65)) - Build channel for a9a64069-5644-4cd4-ae1b-13efe84d56e4
2023-10-17 18:54:42,260 [a546daa4-0106-41e2-a933-0105fc903a66@group-8EBAE61B3D33-LeaderElection11] INFO  server.RaftServerConfigKeys (ConfUtils.java:logFallback(53)) - raft.server.rpc.first-election.timeout.min = 5s (fallback to raft.server.rpc.timeout.min)
2023-10-17 18:54:42,260 [a546daa4-0106-41e2-a933-0105fc903a66@group-8EBAE61B3D33-LeaderElection11] INFO  server.RaftServerConfigKeys (ConfUtils.java:logFallback(53)) - raft.server.rpc.first-election.timeout.max = 5200ms (fallback to raft.server.rpc.timeout.max)
2023-10-17 18:54:42,261 [a546daa4-0106-41e2-a933-0105fc903a66@group-8EBAE61B3D33-LeaderElection11-2] INFO  server.GrpcServerProtocolClient (GrpcServerProtocolClient.java:<init>(65)) - Build channel for d11f4703-3fdf-44d6-a0a1-43cd820167cb
2023-10-17 18:54:42,275 [grpc-default-executor-8] INFO  server.RaftServer$Division (RaftServerImpl.java:requestVote(1302)) - d11f4703-3fdf-44d6-a0a1-43cd820167cb@group-8EBAE61B3D33: receive requestVote(PRE_VOTE, a546daa4-0106-41e2-a933-0105fc903a66, group-8EBAE61B3D33, 0, (t:0, i:0))
2023-10-17 18:54:42,275 [grpc-default-executor-8] INFO  impl.VoteContext (VoteContext.java:log(49)) - d11f4703-3fdf-44d6-a0a1-43cd820167cb@group-8EBAE61B3D33-FOLLOWER: accept PRE_VOTE from a546daa4-0106-41e2-a933-0105fc903a66: our priority 0 <= candidate's priority 0
2023-10-17 18:54:42,276 [grpc-default-executor-8] INFO  server.RaftServer$Division (RaftServerImpl.java:requestVote(1335)) - d11f4703-3fdf-44d6-a0a1-43cd820167cb@group-8EBAE61B3D33 replies to PRE_VOTE vote request: a546daa4-0106-41e2-a933-0105fc903a66<-d11f4703-3fdf-44d6-a0a1-43cd820167cb#0:OK-t0. Peer's state: d11f4703-3fdf-44d6-a0a1-43cd820167cb@group-8EBAE61B3D33:t0, leader=null, voted=, raftlog=Memoized:d11f4703-3fdf-44d6-a0a1-43cd820167cb@group-8EBAE61B3D33-SegmentedRaftLog:OPENED:c-1, conf=-1: peers:[a9a64069-5644-4cd4-ae1b-13efe84d56e4|rpc:10.1.0.79:15050|admin:10.1.0.79:15049|client:10.1.0.79:15048|dataStream:10.1.0.79:15051|priority:1|startupRole:FOLLOWER, d11f4703-3fdf-44d6-a0a1-43cd820167cb|rpc:10.1.0.79:15059|admin:10.1.0.79:15058|client:10.1.0.79:15057|dataStream:10.1.0.79:15060|priority:0|startupRole:FOLLOWER, a546daa4-0106-41e2-a933-0105fc903a66|rpc:10.1.0.79:15041|admin:10.1.0.79:15040|client:10.1.0.79:15039|dataStream:10.1.0.79:15042|priority:0|startupRole:FOLLOWER]|listeners:[], old=null
2023-10-17 18:54:42,286 [grpc-default-executor-8] INFO  server.RaftServer$Division (RaftServerImpl.java:requestVote(1302)) - a9a64069-5644-4cd4-ae1b-13efe84d56e4@group-8EBAE61B3D33: receive requestVote(PRE_VOTE, a546daa4-0106-41e2-a933-0105fc903a66, group-8EBAE61B3D33, 0, (t:0, i:0))
2023-10-17 18:54:42,286 [grpc-default-executor-8] INFO  impl.VoteContext (VoteContext.java:log(49)) - a9a64069-5644-4cd4-ae1b-13efe84d56e4@group-8EBAE61B3D33-FOLLOWER: reject PRE_VOTE from a546daa4-0106-41e2-a933-0105fc903a66: our priority 1 > candidate's priority 0
2023-10-17 18:54:42,286 [grpc-default-executor-8] INFO  server.RaftServer$Division (RaftServerImpl.java:requestVote(1335)) - a9a64069-5644-4cd4-ae1b-13efe84d56e4@group-8EBAE61B3D33 replies to PRE_VOTE vote request: a546daa4-0106-41e2-a933-0105fc903a66<-a9a64069-5644-4cd4-ae1b-13efe84d56e4#0:FAIL-t0. Peer's state: a9a64069-5644-4cd4-ae1b-13efe84d56e4@group-8EBAE61B3D33:t0, leader=null, voted=, raftlog=Memoized:a9a64069-5644-4cd4-ae1b-13efe84d56e4@group-8EBAE61B3D33-SegmentedRaftLog:OPENED:c-1, conf=-1: peers:[a9a64069-5644-4cd4-ae1b-13efe84d56e4|rpc:10.1.0.79:15050|admin:10.1.0.79:15049|client:10.1.0.79:15048|dataStream:10.1.0.79:15051|priority:1|startupRole:FOLLOWER, d11f4703-3fdf-44d6-a0a1-43cd820167cb|rpc:10.1.0.79:15059|admin:10.1.0.79:15058|client:10.1.0.79:15057|dataStream:10.1.0.79:15060|priority:0|startupRole:FOLLOWER, a546daa4-0106-41e2-a933-0105fc903a66|rpc:10.1.0.79:15041|admin:10.1.0.79:15040|client:10.1.0.79:15039|dataStream:10.1.0.79:15042|priority:0|startupRole:FOLLOWER]|listeners:[], old=null
2023-10-17 18:54:42,288 [a546daa4-0106-41e2-a933-0105fc903a66@group-8EBAE61B3D33-LeaderElection11] INFO  impl.LeaderElection (LeaderElection.java:logAndReturn(90)) - a546daa4-0106-41e2-a933-0105fc903a66@group-8EBAE61B3D33-LeaderElection11: PRE_VOTE REJECTED received 2 response(s) and 0 exception(s):
2023-10-17 18:54:42,288 [a546daa4-0106-41e2-a933-0105fc903a66@group-8EBAE61B3D33-LeaderElection11] INFO  impl.LeaderElection (LeaderElection.java:logAndReturn(94)) -   Response 0: a546daa4-0106-41e2-a933-0105fc903a66<-a9a64069-5644-4cd4-ae1b-13efe84d56e4#0:FAIL-t0
2023-10-17 18:54:42,288 [a546daa4-0106-41e2-a933-0105fc903a66@group-8EBAE61B3D33-LeaderElection11] INFO  impl.LeaderElection (LeaderElection.java:logAndReturn(94)) -   Response 1: a546daa4-0106-41e2-a933-0105fc903a66<-d11f4703-3fdf-44d6-a0a1-43cd820167cb#0:OK-t0
2023-10-17 18:54:42,288 [a546daa4-0106-41e2-a933-0105fc903a66@group-8EBAE61B3D33-LeaderElection11] INFO  impl.LeaderElection (LeaderElection.java:askForVotes(323)) - a546daa4-0106-41e2-a933-0105fc903a66@group-8EBAE61B3D33-LeaderElection11 PRE_VOTE round 0: result REJECTED
2023-10-17 18:54:42,288 [a546daa4-0106-41e2-a933-0105fc903a66@group-8EBAE61B3D33-LeaderElection11] INFO  server.RaftServer$Division (RaftServerImpl.java:setRole(329)) - a546daa4-0106-41e2-a933-0105fc903a66@group-8EBAE61B3D33: changes role from CANDIDATE to FOLLOWER at term 0 for REJECTED
2023-10-17 18:54:42,288 [a546daa4-0106-41e2-a933-0105fc903a66@group-8EBAE61B3D33-LeaderElection11] INFO  impl.RoleInfo (RoleInfo.java:shutdownLeaderElection(130)) - a546daa4-0106-41e2-a933-0105fc903a66: shutdown a546daa4-0106-41e2-a933-0105fc903a66@group-8EBAE61B3D33-LeaderElection11
2023-10-17 18:54:42,288 [a546daa4-0106-41e2-a933-0105fc903a66@group-8EBAE61B3D33-LeaderElection11] INFO  impl.RoleInfo (RoleInfo.java:updateAndGet(139)) - a546daa4-0106-41e2-a933-0105fc903a66: start a546daa4-0106-41e2-a933-0105fc903a66@group-8EBAE61B3D33-FollowerState
2023-10-17 18:54:42,336 [a9a64069-5644-4cd4-ae1b-13efe84d56e4@group-8EBAE61B3D33-FollowerState] INFO  impl.FollowerState (FollowerState.java:run(143)) - a9a64069-5644-4cd4-ae1b-13efe84d56e4@group-8EBAE61B3D33-FollowerState: change to CANDIDATE, lastRpcElapsedTime:5098704164ns, electionTimeout:5088ms
2023-10-17 18:54:42,337 [a9a64069-5644-4cd4-ae1b-13efe84d56e4@group-8EBAE61B3D33-FollowerState] INFO  impl.RoleInfo (RoleInfo.java:shutdownFollowerState(110)) - a9a64069-5644-4cd4-ae1b-13efe84d56e4: shutdown a9a64069-5644-4cd4-ae1b-13efe84d56e4@group-8EBAE61B3D33-FollowerState
2023-10-17 18:54:42,337 [a9a64069-5644-4cd4-ae1b-13efe84d56e4@group-8EBAE61B3D33-FollowerState] INFO  server.RaftServer$Division (RaftServerImpl.java:setRole(329)) - a9a64069-5644-4cd4-ae1b-13efe84d56e4@group-8EBAE61B3D33: changes role from  FOLLOWER to CANDIDATE at term 0 for changeToCandidate
2023-10-17 18:54:42,337 [a9a64069-5644-4cd4-ae1b-13efe84d56e4@group-8EBAE61B3D33-FollowerState] INFO  server.RaftServerConfigKeys (ConfUtils.java:logGet(46)) - raft.server.leaderelection.pre-vote = true (default)
2023-10-17 18:54:42,337 [a9a64069-5644-4cd4-ae1b-13efe84d56e4@group-8EBAE61B3D33-FollowerState] INFO  impl.RoleInfo (RoleInfo.java:updateAndGet(139)) - a9a64069-5644-4cd4-ae1b-13efe84d56e4: start a9a64069-5644-4cd4-ae1b-13efe84d56e4@group-8EBAE61B3D33-LeaderElection12
2023-10-17 18:54:42,338 [a9a64069-5644-4cd4-ae1b-13efe84d56e4@group-8EBAE61B3D33-LeaderElection12] INFO  impl.LeaderElection (LeaderElection.java:askForVotes(321)) - a9a64069-5644-4cd4-ae1b-13efe84d56e4@group-8EBAE61B3D33-LeaderElection12 PRE_VOTE round 0: submit vote requests at term 0 for -1: peers:[a9a64069-5644-4cd4-ae1b-13efe84d56e4|rpc:10.1.0.79:15050|admin:10.1.0.79:15049|client:10.1.0.79:15048|dataStream:10.1.0.79:15051|priority:1|startupRole:FOLLOWER, d11f4703-3fdf-44d6-a0a1-43cd820167cb|rpc:10.1.0.79:15059|admin:10.1.0.79:15058|client:10.1.0.79:15057|dataStream:10.1.0.79:15060|priority:0|startupRole:FOLLOWER, a546daa4-0106-41e2-a933-0105fc903a66|rpc:10.1.0.79:15041|admin:10.1.0.79:15040|client:10.1.0.79:15039|dataStream:10.1.0.79:15042|priority:0|startupRole:FOLLOWER]|listeners:[], old=null
2023-10-17 18:54:42,339 [a9a64069-5644-4cd4-ae1b-13efe84d56e4@group-8EBAE61B3D33-LeaderElection12] INFO  server.RaftServerConfigKeys (ConfUtils.java:logFallback(53)) - raft.server.rpc.first-election.timeout.min = 5s (fallback to raft.server.rpc.timeout.min)
2023-10-17 18:54:42,339 [a9a64069-5644-4cd4-ae1b-13efe84d56e4@group-8EBAE61B3D33-LeaderElection12-1] INFO  server.GrpcServerProtocolClient (GrpcServerProtocolClient.java:<init>(65)) - Build channel for d11f4703-3fdf-44d6-a0a1-43cd820167cb
2023-10-17 18:54:42,339 [a9a64069-5644-4cd4-ae1b-13efe84d56e4@group-8EBAE61B3D33-LeaderElection12] INFO  server.RaftServerConfigKeys (ConfUtils.java:logFallback(53)) - raft.server.rpc.first-election.timeout.max = 5200ms (fallback to raft.server.rpc.timeout.max)
2023-10-17 18:54:42,340 [a9a64069-5644-4cd4-ae1b-13efe84d56e4@group-8EBAE61B3D33-LeaderElection12-2] INFO  server.GrpcServerProtocolClient (GrpcServerProtocolClient.java:<init>(65)) - Build channel for a546daa4-0106-41e2-a933-0105fc903a66
2023-10-17 18:54:42,355 [grpc-default-executor-8] INFO  server.RaftServer$Division (RaftServerImpl.java:requestVote(1302)) - a546daa4-0106-41e2-a933-0105fc903a66@group-8EBAE61B3D33: receive requestVote(PRE_VOTE, a9a64069-5644-4cd4-ae1b-13efe84d56e4, group-8EBAE61B3D33, 0, (t:0, i:0))
2023-10-17 18:54:42,356 [grpc-default-executor-8] INFO  impl.VoteContext (VoteContext.java:log(49)) - a546daa4-0106-41e2-a933-0105fc903a66@group-8EBAE61B3D33-FOLLOWER: accept PRE_VOTE from a9a64069-5644-4cd4-ae1b-13efe84d56e4: our priority 0 <= candidate's priority 1
2023-10-17 18:54:42,356 [grpc-default-executor-8] INFO  server.RaftServer$Division (RaftServerImpl.java:requestVote(1335)) - a546daa4-0106-41e2-a933-0105fc903a66@group-8EBAE61B3D33 replies to PRE_VOTE vote request: a9a64069-5644-4cd4-ae1b-13efe84d56e4<-a546daa4-0106-41e2-a933-0105fc903a66#0:OK-t0. Peer's state: a546daa4-0106-41e2-a933-0105fc903a66@group-8EBAE61B3D33:t0, leader=null, voted=, raftlog=Memoized:a546daa4-0106-41e2-a933-0105fc903a66@group-8EBAE61B3D33-SegmentedRaftLog:OPENED:c-1, conf=-1: peers:[a9a64069-5644-4cd4-ae1b-13efe84d56e4|rpc:10.1.0.79:15050|admin:10.1.0.79:15049|client:10.1.0.79:15048|dataStream:10.1.0.79:15051|priority:1|startupRole:FOLLOWER, d11f4703-3fdf-44d6-a0a1-43cd820167cb|rpc:10.1.0.79:15059|admin:10.1.0.79:15058|client:10.1.0.79:15057|dataStream:10.1.0.79:15060|priority:0|startupRole:FOLLOWER, a546daa4-0106-41e2-a933-0105fc903a66|rpc:10.1.0.79:15041|admin:10.1.0.79:15040|client:10.1.0.79:15039|dataStream:10.1.0.79:15042|priority:0|startupRole:FOLLOWER]|listeners:[], old=null
2023-10-17 18:54:42,357 [a9a64069-5644-4cd4-ae1b-13efe84d56e4@group-8EBAE61B3D33-LeaderElection12] INFO  impl.LeaderElection (LeaderElection.java:logAndReturn(90)) - a9a64069-5644-4cd4-ae1b-13efe84d56e4@group-8EBAE61B3D33-LeaderElection12: PRE_VOTE PASSED received 1 response(s) and 0 exception(s):
2023-10-17 18:54:42,357 [a9a64069-5644-4cd4-ae1b-13efe84d56e4@group-8EBAE61B3D33-LeaderElection12] INFO  impl.LeaderElection (LeaderElection.java:logAndReturn(94)) -   Response 0: a9a64069-5644-4cd4-ae1b-13efe84d56e4<-a546daa4-0106-41e2-a933-0105fc903a66#0:OK-t0
2023-10-17 18:54:42,357 [a9a64069-5644-4cd4-ae1b-13efe84d56e4@group-8EBAE61B3D33-LeaderElection12] INFO  impl.LeaderElection (LeaderElection.java:askForVotes(323)) - a9a64069-5644-4cd4-ae1b-13efe84d56e4@group-8EBAE61B3D33-LeaderElection12 PRE_VOTE round 0: result PASSED
2023-10-17 18:54:42,359 [a9a64069-5644-4cd4-ae1b-13efe84d56e4@group-8EBAE61B3D33-LeaderElection12] INFO  impl.LeaderElection (LeaderElection.java:askForVotes(321)) - a9a64069-5644-4cd4-ae1b-13efe84d56e4@group-8EBAE61B3D33-LeaderElection12 ELECTION round 0: submit vote requests at term 1 for -1: peers:[a9a64069-5644-4cd4-ae1b-13efe84d56e4|rpc:10.1.0.79:15050|admin:10.1.0.79:15049|client:10.1.0.79:15048|dataStream:10.1.0.79:15051|priority:1|startupRole:FOLLOWER, d11f4703-3fdf-44d6-a0a1-43cd820167cb|rpc:10.1.0.79:15059|admin:10.1.0.79:15058|client:10.1.0.79:15057|dataStream:10.1.0.79:15060|priority:0|startupRole:FOLLOWER, a546daa4-0106-41e2-a933-0105fc903a66|rpc:10.1.0.79:15041|admin:10.1.0.79:15040|client:10.1.0.79:15039|dataStream:10.1.0.79:15042|priority:0|startupRole:FOLLOWER]|listeners:[], old=null
2023-10-17 18:54:42,361 [a9a64069-5644-4cd4-ae1b-13efe84d56e4@group-8EBAE61B3D33-LeaderElection12] INFO  server.RaftServerConfigKeys (ConfUtils.java:logFallback(53)) - raft.server.rpc.first-election.timeout.min = 5s (fallback to raft.server.rpc.timeout.min)
2023-10-17 18:54:42,362 [a9a64069-5644-4cd4-ae1b-13efe84d56e4@group-8EBAE61B3D33-LeaderElection12] INFO  server.RaftServerConfigKeys (ConfUtils.java:logFallback(53)) - raft.server.rpc.first-election.timeout.max = 5200ms (fallback to raft.server.rpc.timeout.max)
2023-10-17 18:54:42,368 [grpc-default-executor-8] INFO  server.RaftServer$Division (RaftServerImpl.java:requestVote(1302)) - a546daa4-0106-41e2-a933-0105fc903a66@group-8EBAE61B3D33: receive requestVote(ELECTION, a9a64069-5644-4cd4-ae1b-13efe84d56e4, group-8EBAE61B3D33, 1, (t:0, i:0))
2023-10-17 18:54:42,368 [grpc-default-executor-8] INFO  impl.VoteContext (VoteContext.java:log(49)) - a546daa4-0106-41e2-a933-0105fc903a66@group-8EBAE61B3D33-FOLLOWER: accept ELECTION from a9a64069-5644-4cd4-ae1b-13efe84d56e4: our priority 0 <= candidate's priority 1
2023-10-17 18:54:42,368 [grpc-default-executor-8] INFO  server.RaftServer$Division (RaftServerImpl.java:setRole(329)) - a546daa4-0106-41e2-a933-0105fc903a66@group-8EBAE61B3D33: changes role from  FOLLOWER to FOLLOWER at term 1 for candidate:a9a64069-5644-4cd4-ae1b-13efe84d56e4
2023-10-17 18:54:42,368 [grpc-default-executor-8] INFO  impl.RoleInfo (RoleInfo.java:shutdownFollowerState(110)) - a546daa4-0106-41e2-a933-0105fc903a66: shutdown a546daa4-0106-41e2-a933-0105fc903a66@group-8EBAE61B3D33-FollowerState
2023-10-17 18:54:42,368 [grpc-default-executor-8] INFO  impl.RoleInfo (RoleInfo.java:updateAndGet(139)) - a546daa4-0106-41e2-a933-0105fc903a66: start a546daa4-0106-41e2-a933-0105fc903a66@group-8EBAE61B3D33-FollowerState
2023-10-17 18:54:42,368 [a546daa4-0106-41e2-a933-0105fc903a66@group-8EBAE61B3D33-FollowerState] INFO  impl.FollowerState (FollowerState.java:run(152)) - a546daa4-0106-41e2-a933-0105fc903a66@group-8EBAE61B3D33-FollowerState was interrupted
2023-10-17 18:54:42,379 [grpc-default-executor-2] INFO  server.RaftServer$Division (RaftServerImpl.java:requestVote(1302)) - d11f4703-3fdf-44d6-a0a1-43cd820167cb@group-8EBAE61B3D33: receive requestVote(ELECTION, a9a64069-5644-4cd4-ae1b-13efe84d56e4, group-8EBAE61B3D33, 1, (t:0, i:0))
2023-10-17 18:54:42,379 [grpc-default-executor-7] INFO  server.RaftServer$Division (RaftServerImpl.java:requestVote(1302)) - d11f4703-3fdf-44d6-a0a1-43cd820167cb@group-8EBAE61B3D33: receive requestVote(PRE_VOTE, a9a64069-5644-4cd4-ae1b-13efe84d56e4, group-8EBAE61B3D33, 0, (t:0, i:0))
2023-10-17 18:54:42,381 [a9a64069-5644-4cd4-ae1b-13efe84d56e4@group-D8A691F950B7-FollowerState] INFO  impl.FollowerState (FollowerState.java:run(143)) - a9a64069-5644-4cd4-ae1b-13efe84d56e4@group-D8A691F950B7-FollowerState: change to CANDIDATE, lastRpcElapsedTime:5177594050ns, electionTimeout:5166ms
2023-10-17 18:54:42,383 [a9a64069-5644-4cd4-ae1b-13efe84d56e4@group-D8A691F950B7-FollowerState] INFO  impl.RoleInfo (RoleInfo.java:shutdownFollowerState(110)) - a9a64069-5644-4cd4-ae1b-13efe84d56e4: shutdown a9a64069-5644-4cd4-ae1b-13efe84d56e4@group-D8A691F950B7-FollowerState
2023-10-17 18:54:42,383 [a9a64069-5644-4cd4-ae1b-13efe84d56e4@group-D8A691F950B7-FollowerState] INFO  server.RaftServer$Division (RaftServerImpl.java:setRole(329)) - a9a64069-5644-4cd4-ae1b-13efe84d56e4@group-D8A691F950B7: changes role from  FOLLOWER to CANDIDATE at term 0 for changeToCandidate
2023-10-17 18:54:42,383 [a9a64069-5644-4cd4-ae1b-13efe84d56e4@group-D8A691F950B7-FollowerState] INFO  server.RaftServerConfigKeys (ConfUtils.java:logGet(46)) - raft.server.leaderelection.pre-vote = true (default)
2023-10-17 18:54:42,383 [a9a64069-5644-4cd4-ae1b-13efe84d56e4@group-D8A691F950B7-FollowerState] INFO  impl.RoleInfo (RoleInfo.java:updateAndGet(139)) - a9a64069-5644-4cd4-ae1b-13efe84d56e4: start a9a64069-5644-4cd4-ae1b-13efe84d56e4@group-D8A691F950B7-LeaderElection13
2023-10-17 18:54:42,381 [grpc-default-executor-8] INFO  server.RaftServer$Division (RaftServerImpl.java:requestVote(1335)) - a546daa4-0106-41e2-a933-0105fc903a66@group-8EBAE61B3D33 replies to ELECTION vote request: a9a64069-5644-4cd4-ae1b-13efe84d56e4<-a546daa4-0106-41e2-a933-0105fc903a66#0:OK-t1. Peer's state: a546daa4-0106-41e2-a933-0105fc903a66@group-8EBAE61B3D33:t1, leader=null, voted=a9a64069-5644-4cd4-ae1b-13efe84d56e4, raftlog=Memoized:a546daa4-0106-41e2-a933-0105fc903a66@group-8EBAE61B3D33-SegmentedRaftLog:OPENED:c-1, conf=-1: peers:[a9a64069-5644-4cd4-ae1b-13efe84d56e4|rpc:10.1.0.79:15050|admin:10.1.0.79:15049|client:10.1.0.79:15048|dataStream:10.1.0.79:15051|priority:1|startupRole:FOLLOWER, d11f4703-3fdf-44d6-a0a1-43cd820167cb|rpc:10.1.0.79:15059|admin:10.1.0.79:15058|client:10.1.0.79:15057|dataStream:10.1.0.79:15060|priority:0|startupRole:FOLLOWER, a546daa4-0106-41e2-a933-0105fc903a66|rpc:10.1.0.79:15041|admin:10.1.0.79:15040|client:10.1.0.79:15039|dataStream:10.1.0.79:15042|priority:0|startupRole:FOLLOWER]|listeners:[], old=null
2023-10-17 18:54:42,380 [grpc-default-executor-2] INFO  impl.VoteContext (VoteContext.java:log(49)) - d11f4703-3fdf-44d6-a0a1-43cd820167cb@group-8EBAE61B3D33-FOLLOWER: accept ELECTION from a9a64069-5644-4cd4-ae1b-13efe84d56e4: our priority 0 <= candidate's priority 1
2023-10-17 18:54:42,384 [grpc-default-executor-2] INFO  server.RaftServer$Division (RaftServerImpl.java:setRole(329)) - d11f4703-3fdf-44d6-a0a1-43cd820167cb@group-8EBAE61B3D33: changes role from  FOLLOWER to FOLLOWER at term 1 for candidate:a9a64069-5644-4cd4-ae1b-13efe84d56e4
2023-10-17 18:54:42,384 [grpc-default-executor-2] INFO  impl.RoleInfo (RoleInfo.java:shutdownFollowerState(110)) - d11f4703-3fdf-44d6-a0a1-43cd820167cb: shutdown d11f4703-3fdf-44d6-a0a1-43cd820167cb@group-8EBAE61B3D33-FollowerState
2023-10-17 18:54:42,385 [grpc-default-executor-2] INFO  impl.RoleInfo (RoleInfo.java:updateAndGet(139)) - d11f4703-3fdf-44d6-a0a1-43cd820167cb: start d11f4703-3fdf-44d6-a0a1-43cd820167cb@group-8EBAE61B3D33-FollowerState
2023-10-17 18:54:42,386 [d11f4703-3fdf-44d6-a0a1-43cd820167cb@group-8EBAE61B3D33-FollowerState] INFO  impl.FollowerState (FollowerState.java:run(152)) - d11f4703-3fdf-44d6-a0a1-43cd820167cb@group-8EBAE61B3D33-FollowerState was interrupted
2023-10-17 18:54:42,390 [a9a64069-5644-4cd4-ae1b-13efe84d56e4@group-8EBAE61B3D33-LeaderElection12] INFO  impl.LeaderElection (LeaderElection.java:logAndReturn(90)) - a9a64069-5644-4cd4-ae1b-13efe84d56e4@group-8EBAE61B3D33-LeaderElection12: ELECTION PASSED received 1 response(s) and 0 exception(s):
2023-10-17 18:54:42,390 [a9a64069-5644-4cd4-ae1b-13efe84d56e4@group-8EBAE61B3D33-LeaderElection12] INFO  impl.LeaderElection (LeaderElection.java:logAndReturn(94)) -   Response 0: a9a64069-5644-4cd4-ae1b-13efe84d56e4<-a546daa4-0106-41e2-a933-0105fc903a66#0:OK-t1
2023-10-17 18:54:42,390 [a9a64069-5644-4cd4-ae1b-13efe84d56e4@group-8EBAE61B3D33-LeaderElection12] INFO  impl.LeaderElection (LeaderElection.java:askForVotes(323)) - a9a64069-5644-4cd4-ae1b-13efe84d56e4@group-8EBAE61B3D33-LeaderElection12 ELECTION round 0: result PASSED
2023-10-17 18:54:42,390 [a9a64069-5644-4cd4-ae1b-13efe84d56e4@group-8EBAE61B3D33-LeaderElection12] INFO  impl.RoleInfo (RoleInfo.java:shutdownLeaderElection(130)) - a9a64069-5644-4cd4-ae1b-13efe84d56e4: shutdown a9a64069-5644-4cd4-ae1b-13efe84d56e4@group-8EBAE61B3D33-LeaderElection12
2023-10-17 18:54:42,390 [a9a64069-5644-4cd4-ae1b-13efe84d56e4@group-8EBAE61B3D33-LeaderElection12] INFO  server.RaftServer$Division (RaftServerImpl.java:setRole(329)) - a9a64069-5644-4cd4-ae1b-13efe84d56e4@group-8EBAE61B3D33: changes role from CANDIDATE to LEADER at term 1 for changeToLeader
2023-10-17 18:54:42,390 [a9a64069-5644-4cd4-ae1b-13efe84d56e4@group-8EBAE61B3D33-LeaderElection12] INFO  ratis.XceiverServerRatis (XceiverServerRatis.java:handleLeaderChangedNotification(902)) - Leader change notification received for group: group-8EBAE61B3D33 with new leaderId: a9a64069-5644-4cd4-ae1b-13efe84d56e4
2023-10-17 18:54:42,390 [a9a64069-5644-4cd4-ae1b-13efe84d56e4@group-8EBAE61B3D33-LeaderElection12] INFO  server.RaftServer$Division (ServerState.java:setLeader(317)) - a9a64069-5644-4cd4-ae1b-13efe84d56e4@group-8EBAE61B3D33: change Leader from null to a9a64069-5644-4cd4-ae1b-13efe84d56e4 at term 1 for becomeLeader, leader elected after 5181ms
2023-10-17 18:54:42,390 [a9a64069-5644-4cd4-ae1b-13efe84d56e4@group-8EBAE61B3D33-LeaderElection12] INFO  server.RaftServerConfigKeys (ConfUtils.java:logGet(46)) - raft.server.staging.catchup.gap = 1000 (default)
2023-10-17 18:54:42,391 [a9a64069-5644-4cd4-ae1b-13efe84d56e4@group-8EBAE61B3D33-LeaderElection12] INFO  server.RaftServerConfigKeys (ConfUtils.java:logGet(46)) - raft.server.write.element-limit = 1024 (custom)
2023-10-17 18:54:42,391 [a9a64069-5644-4cd4-ae1b-13efe84d56e4@group-8EBAE61B3D33-LeaderElection12] INFO  server.RaftServerConfigKeys (ConfUtils.java:logGet(46)) - raft.server.write.byte-limit = 1024 M (=1073741824) (custom)
2023-10-17 18:54:42,392 [a9a64069-5644-4cd4-ae1b-13efe84d56e4@group-8EBAE61B3D33-LeaderElection12] INFO  server.RaftServerConfigKeys (ConfUtils.java:logGet(46)) - raft.server.watch.timeout = 180s (custom)
2023-10-17 18:54:42,392 [a9a64069-5644-4cd4-ae1b-13efe84d56e4@group-8EBAE61B3D33-LeaderElection12] INFO  server.RaftServerConfigKeys (ConfUtils.java:logGet(46)) - raft.server.watch.timeout.denomination = 1s (default)
2023-10-17 18:54:42,392 [a9a64069-5644-4cd4-ae1b-13efe84d56e4@group-8EBAE61B3D33-LeaderElection12] INFO  server.RaftServerConfigKeys (ConfUtils.java:logGet(46)) - raft.server.watch.element-limit = 65536 (default)
2023-10-17 18:54:42,392 [a9a64069-5644-4cd4-ae1b-13efe84d56e4@group-8EBAE61B3D33-LeaderElection12] INFO  server.RaftServerConfigKeys (ConfUtils.java:logGet(46)) - raft.server.write.element-limit = 1024 (custom)
2023-10-17 18:54:42,392 [a9a64069-5644-4cd4-ae1b-13efe84d56e4@group-8EBAE61B3D33-LeaderElection12] INFO  server.RaftServerConfigKeys (ConfUtils.java:logGet(46)) - raft.server.write.follower.gap.ratio.max = -1.0 (default)
2023-10-17 18:54:42,394 [main] INFO  ozone.MiniOzoneClusterImpl (MiniOzoneClusterImpl.java:lambda$waitForClusterToBeReady$0(229)) - Nodes are ready. Got 10 of 10 DN Heartbeats.
2023-10-17 18:54:42,394 [main] INFO  ozone.MiniOzoneClusterImpl (MiniOzoneClusterImpl.java:lambda$waitForClusterToBeReady$0(232)) - Cluster exits safe mode
2023-10-17 18:54:42,394 [main] INFO  ozone.MiniOzoneClusterImpl (MiniOzoneClusterImpl.java:lambda$waitForClusterToBeReady$0(234)) - SCM became leader
2023-10-17 18:54:42,397 [EventQueue-PipelineReportForPipelineReportHandler] INFO  pipeline.PipelineReportHandler (PipelineReportHandler.java:processPipelineReport(136)) - Opened pipeline PipelineID=b3266b27-e771-4780-a9e7-8ebae61b3d33
2023-10-17 18:54:42,398 [a9a64069-5644-4cd4-ae1b-13efe84d56e4@group-8EBAE61B3D33-LeaderElection12] INFO  server.RaftServerConfigKeys (ConfUtils.java:logGet(46)) - raft.server.log.appender.snapshot.chunk.size.max = 16MB (=16777216) (default)
2023-10-17 18:54:42,398 [a9a64069-5644-4cd4-ae1b-13efe84d56e4@group-8EBAE61B3D33-LeaderElection12] INFO  server.RaftServerConfigKeys (ConfUtils.java:logGet(46)) - raft.server.log.appender.buffer.byte-limit = 33554432 (custom)
2023-10-17 18:54:42,398 [a9a64069-5644-4cd4-ae1b-13efe84d56e4@group-8EBAE61B3D33-LeaderElection12] INFO  server.RaftServerConfigKeys (ConfUtils.java:logGet(46)) - raft.server.log.appender.buffer.element-limit = 1 (custom)
2023-10-17 18:54:42,398 [a9a64069-5644-4cd4-ae1b-13efe84d56e4@group-8EBAE61B3D33-LeaderElection12] INFO  server.RaftServerConfigKeys (ConfUtils.java:logGet(46)) - raft.server.log.appender.wait-time.min = 1ms (custom)
2023-10-17 18:54:42,398 [a9a64069-5644-4cd4-ae1b-13efe84d56e4@group-8EBAE61B3D33-LeaderElection12] INFO  grpc.GrpcConfigKeys (ConfUtils.java:logGet(46)) - raft.grpc.server.leader.outstanding.appends.max = 128 (default)
2023-10-17 18:54:42,399 [grpc-default-executor-2] INFO  server.RaftServer$Division (RaftServerImpl.java:requestVote(1335)) - d11f4703-3fdf-44d6-a0a1-43cd820167cb@group-8EBAE61B3D33 replies to ELECTION vote request: a9a64069-5644-4cd4-ae1b-13efe84d56e4<-d11f4703-3fdf-44d6-a0a1-43cd820167cb#0:OK-t1. Peer's state: d11f4703-3fdf-44d6-a0a1-43cd820167cb@group-8EBAE61B3D33:t1, leader=null, voted=a9a64069-5644-4cd4-ae1b-13efe84d56e4, raftlog=Memoized:d11f4703-3fdf-44d6-a0a1-43cd820167cb@group-8EBAE61B3D33-SegmentedRaftLog:OPENED:c-1, conf=-1: peers:[a9a64069-5644-4cd4-ae1b-13efe84d56e4|rpc:10.1.0.79:15050|admin:10.1.0.79:15049|client:10.1.0.79:15048|dataStream:10.1.0.79:15051|priority:1|startupRole:FOLLOWER, d11f4703-3fdf-44d6-a0a1-43cd820167cb|rpc:10.1.0.79:15059|admin:10.1.0.79:15058|client:10.1.0.79:15057|dataStream:10.1.0.79:15060|priority:0|startupRole:FOLLOWER, a546daa4-0106-41e2-a933-0105fc903a66|rpc:10.1.0.79:15041|admin:10.1.0.79:15040|client:10.1.0.79:15039|dataStream:10.1.0.79:15042|priority:0|startupRole:FOLLOWER]|listeners:[], old=null
2023-10-17 18:54:42,399 [grpc-default-executor-7] INFO  impl.VoteContext (VoteContext.java:log(49)) - d11f4703-3fdf-44d6-a0a1-43cd820167cb@group-8EBAE61B3D33-FOLLOWER: accept PRE_VOTE from a9a64069-5644-4cd4-ae1b-13efe84d56e4: our priority 0 <= candidate's priority 1
2023-10-17 18:54:42,399 [grpc-default-executor-7] INFO  server.RaftServer$Division (RaftServerImpl.java:requestVote(1335)) - d11f4703-3fdf-44d6-a0a1-43cd820167cb@group-8EBAE61B3D33 replies to PRE_VOTE vote request: a9a64069-5644-4cd4-ae1b-13efe84d56e4<-d11f4703-3fdf-44d6-a0a1-43cd820167cb#0:OK-t1. Peer's state: d11f4703-3fdf-44d6-a0a1-43cd820167cb@group-8EBAE61B3D33:t1, leader=null, voted=a9a64069-5644-4cd4-ae1b-13efe84d56e4, raftlog=Memoized:d11f4703-3fdf-44d6-a0a1-43cd820167cb@group-8EBAE61B3D33-SegmentedRaftLog:OPENED:c-1, conf=-1: peers:[a9a64069-5644-4cd4-ae1b-13efe84d56e4|rpc:10.1.0.79:15050|admin:10.1.0.79:15049|client:10.1.0.79:15048|dataStream:10.1.0.79:15051|priority:1|startupRole:FOLLOWER, d11f4703-3fdf-44d6-a0a1-43cd820167cb|rpc:10.1.0.79:15059|admin:10.1.0.79:15058|client:10.1.0.79:15057|dataStream:10.1.0.79:15060|priority:0|startupRole:FOLLOWER, a546daa4-0106-41e2-a933-0105fc903a66|rpc:10.1.0.79:15041|admin:10.1.0.79:15040|client:10.1.0.79:15039|dataStream:10.1.0.79:15042|priority:0|startupRole:FOLLOWER]|listeners:[], old=null
2023-10-17 18:54:42,400 [a9a64069-5644-4cd4-ae1b-13efe84d56e4@group-8EBAE61B3D33-LeaderElection12] INFO  server.RaftServerConfigKeys (ConfUtils.java:logGet(46)) - raft.server.rpc.request.timeout = 60s (custom)
2023-10-17 18:54:42,400 [a9a64069-5644-4cd4-ae1b-13efe84d56e4@group-8EBAE61B3D33-LeaderElection12] INFO  grpc.GrpcConfigKeys (ConfUtils.java:logGet(46)) - raft.grpc.server.install_snapshot.request.element-limit = 8 (default)
2023-10-17 18:54:42,400 [a9a64069-5644-4cd4-ae1b-13efe84d56e4@group-8EBAE61B3D33-LeaderElection12] INFO  grpc.GrpcConfigKeys (ConfUtils.java:logGet(46)) - raft.grpc.server.install_snapshot.request.timeout = 3000ms (default)
2023-10-17 18:54:42,400 [a9a64069-5644-4cd4-ae1b-13efe84d56e4@group-8EBAE61B3D33-LeaderElection12] INFO  server.RaftServerConfigKeys (ConfUtils.java:logGet(46)) - raft.server.log.appender.install.snapshot.enabled = false (custom)
2023-10-17 18:54:42,400 [a9a64069-5644-4cd4-ae1b-13efe84d56e4@group-8EBAE61B3D33-LeaderElection12] INFO  grpc.GrpcConfigKeys (ConfUtils.java:logGet(46)) - raft.grpc.server.heartbeat.channel = true (default)
2023-10-17 18:54:42,401 [a9a64069-5644-4cd4-ae1b-13efe84d56e4@group-8EBAE61B3D33-LeaderElection12] INFO  server.RaftServerConfigKeys (ConfUtils.java:logGet(46)) - raft.server.log.appender.snapshot.chunk.size.max = 16MB (=16777216) (default)
2023-10-17 18:54:42,401 [a9a64069-5644-4cd4-ae1b-13efe84d56e4@group-8EBAE61B3D33-LeaderElection12] INFO  server.RaftServerConfigKeys (ConfUtils.java:logGet(46)) - raft.server.log.appender.buffer.byte-limit = 33554432 (custom)
2023-10-17 18:54:42,402 [a9a64069-5644-4cd4-ae1b-13efe84d56e4@group-8EBAE61B3D33-LeaderElection12] INFO  server.RaftServerConfigKeys (ConfUtils.java:logGet(46)) - raft.server.log.appender.buffer.element-limit = 1 (custom)
2023-10-17 18:54:42,402 [a9a64069-5644-4cd4-ae1b-13efe84d56e4@group-8EBAE61B3D33-LeaderElection12] INFO  server.RaftServerConfigKeys (ConfUtils.java:logGet(46)) - raft.server.log.appender.wait-time.min = 1ms (custom)
2023-10-17 18:54:42,402 [a9a64069-5644-4cd4-ae1b-13efe84d56e4@group-8EBAE61B3D33-LeaderElection12] INFO  grpc.GrpcConfigKeys (ConfUtils.java:logGet(46)) - raft.grpc.server.leader.outstanding.appends.max = 128 (default)
2023-10-17 18:54:42,402 [a9a64069-5644-4cd4-ae1b-13efe84d56e4@group-8EBAE61B3D33-LeaderElection12] INFO  server.RaftServerConfigKeys (ConfUtils.java:logGet(46)) - raft.server.rpc.request.timeout = 60s (custom)
2023-10-17 18:54:42,402 [a9a64069-5644-4cd4-ae1b-13efe84d56e4@group-8EBAE61B3D33-LeaderElection12] INFO  grpc.GrpcConfigKeys (ConfUtils.java:logGet(46)) - raft.grpc.server.install_snapshot.request.element-limit = 8 (default)
2023-10-17 18:54:42,402 [a9a64069-5644-4cd4-ae1b-13efe84d56e4@group-8EBAE61B3D33-LeaderElection12] INFO  grpc.GrpcConfigKeys (ConfUtils.java:logGet(46)) - raft.grpc.server.install_snapshot.request.timeout = 3000ms (default)
2023-10-17 18:54:42,402 [a9a64069-5644-4cd4-ae1b-13efe84d56e4@group-8EBAE61B3D33-LeaderElection12] INFO  server.RaftServerConfigKeys (ConfUtils.java:logGet(46)) - raft.server.log.appender.install.snapshot.enabled = false (custom)
2023-10-17 18:54:42,402 [a9a64069-5644-4cd4-ae1b-13efe84d56e4@group-8EBAE61B3D33-LeaderElection12] INFO  grpc.GrpcConfigKeys (ConfUtils.java:logGet(46)) - raft.grpc.server.heartbeat.channel = true (default)
2023-10-17 18:54:42,402 [a9a64069-5644-4cd4-ae1b-13efe84d56e4@group-8EBAE61B3D33-LeaderElection12] INFO  impl.RoleInfo (RoleInfo.java:updateAndGet(139)) - a9a64069-5644-4cd4-ae1b-13efe84d56e4: start a9a64069-5644-4cd4-ae1b-13efe84d56e4@group-8EBAE61B3D33-LeaderStateImpl
2023-10-17 18:54:42,403 [a9a64069-5644-4cd4-ae1b-13efe84d56e4@group-8EBAE61B3D33-LeaderElection12] INFO  segmented.SegmentedRaftLogWorker (SegmentedRaftLogWorker.java:startLogSegment(447)) - a9a64069-5644-4cd4-ae1b-13efe84d56e4@group-8EBAE61B3D33-SegmentedRaftLogWorker: Starting segment from index:0
2023-10-17 18:54:42,404 [a9a64069-5644-4cd4-ae1b-13efe84d56e4@group-8EBAE61B3D33-SegmentedRaftLogWorker] INFO  segmented.SegmentedRaftLogWorker (SegmentedRaftLogWorker.java:execute(651)) - a9a64069-5644-4cd4-ae1b-13efe84d56e4@group-8EBAE61B3D33-SegmentedRaftLogWorker: created new log segment /home/runner/work/ozone/ozone/hadoop-ozone/integration-test/target/test-dir/MiniOzoneClusterImpl-6d5b43b8-50d7-4b60-8424-e359ec6f806a/datanode-4/data/ratis/b3266b27-e771-4780-a9e7-8ebae61b3d33/current/log_inprogress_0
2023-10-17 18:54:42,431 [a9a64069-5644-4cd4-ae1b-13efe84d56e4@group-D8A691F950B7-LeaderElection13] INFO  impl.LeaderElection (LeaderElection.java:askForVotes(321)) - a9a64069-5644-4cd4-ae1b-13efe84d56e4@group-D8A691F950B7-LeaderElection13 PRE_VOTE round 0: submit vote requests at term 0 for -1: peers:[a9a64069-5644-4cd4-ae1b-13efe84d56e4|rpc:10.1.0.79:15050|admin:10.1.0.79:15049|client:10.1.0.79:15048|dataStream:10.1.0.79:15051|priority:1|startupRole:FOLLOWER]|listeners:[], old=null
2023-10-17 18:54:42,431 [a9a64069-5644-4cd4-ae1b-13efe84d56e4@group-D8A691F950B7-LeaderElection13] INFO  impl.LeaderElection (LeaderElection.java:askForVotes(323)) - a9a64069-5644-4cd4-ae1b-13efe84d56e4@group-D8A691F950B7-LeaderElection13 PRE_VOTE round 0: result PASSED (term=0)
2023-10-17 18:54:42,433 [a9a64069-5644-4cd4-ae1b-13efe84d56e4@group-8EBAE61B3D33-LeaderElection12] INFO  server.RaftServer$Division (ServerState.java:setRaftConf(434)) - a9a64069-5644-4cd4-ae1b-13efe84d56e4@group-8EBAE61B3D33: set configuration 0: peers:[a9a64069-5644-4cd4-ae1b-13efe84d56e4|rpc:10.1.0.79:15050|admin:10.1.0.79:15049|client:10.1.0.79:15048|dataStream:10.1.0.79:15051|priority:1|startupRole:FOLLOWER, d11f4703-3fdf-44d6-a0a1-43cd820167cb|rpc:10.1.0.79:15059|admin:10.1.0.79:15058|client:10.1.0.79:15057|dataStream:10.1.0.79:15060|priority:0|startupRole:FOLLOWER, a546daa4-0106-41e2-a933-0105fc903a66|rpc:10.1.0.79:15041|admin:10.1.0.79:15040|client:10.1.0.79:15039|dataStream:10.1.0.79:15042|priority:0|startupRole:FOLLOWER]|listeners:[], old=null
2023-10-17 18:54:42,433 [a9a64069-5644-4cd4-ae1b-13efe84d56e4@group-D8A691F950B7-LeaderElection13] INFO  impl.LeaderElection (LeaderElection.java:askForVotes(321)) - a9a64069-5644-4cd4-ae1b-13efe84d56e4@group-D8A691F950B7-LeaderElection13 ELECTION round 0: submit vote requests at term 1 for -1: peers:[a9a64069-5644-4cd4-ae1b-13efe84d56e4|rpc:10.1.0.79:15050|admin:10.1.0.79:15049|client:10.1.0.79:15048|dataStream:10.1.0.79:15051|priority:1|startupRole:FOLLOWER]|listeners:[], old=null
2023-10-17 18:54:42,433 [a9a64069-5644-4cd4-ae1b-13efe84d56e4@group-D8A691F950B7-LeaderElection13] INFO  impl.LeaderElection (LeaderElection.java:askForVotes(323)) - a9a64069-5644-4cd4-ae1b-13efe84d56e4@group-D8A691F950B7-LeaderElection13 ELECTION round 0: result PASSED (term=1)
2023-10-17 18:54:42,433 [a9a64069-5644-4cd4-ae1b-13efe84d56e4@group-D8A691F950B7-LeaderElection13] INFO  impl.RoleInfo (RoleInfo.java:shutdownLeaderElection(130)) - a9a64069-5644-4cd4-ae1b-13efe84d56e4: shutdown a9a64069-5644-4cd4-ae1b-13efe84d56e4@group-D8A691F950B7-LeaderElection13
2023-10-17 18:54:42,433 [a9a64069-5644-4cd4-ae1b-13efe84d56e4@group-D8A691F950B7-LeaderElection13] INFO  server.RaftServer$Division (RaftServerImpl.java:setRole(329)) - a9a64069-5644-4cd4-ae1b-13efe84d56e4@group-D8A691F950B7: changes role from CANDIDATE to LEADER at term 1 for changeToLeader
2023-10-17 18:54:42,434 [a9a64069-5644-4cd4-ae1b-13efe84d56e4@group-D8A691F950B7-LeaderElection13] INFO  ratis.XceiverServerRatis (XceiverServerRatis.java:handleLeaderChangedNotification(902)) - Leader change notification received for group: group-D8A691F950B7 with new leaderId: a9a64069-5644-4cd4-ae1b-13efe84d56e4
2023-10-17 18:54:42,434 [a9a64069-5644-4cd4-ae1b-13efe84d56e4@group-D8A691F950B7-LeaderElection13] INFO  server.RaftServer$Division (ServerState.java:setLeader(317)) - a9a64069-5644-4cd4-ae1b-13efe84d56e4@group-D8A691F950B7: change Leader from null to a9a64069-5644-4cd4-ae1b-13efe84d56e4 at term 1 for becomeLeader, leader elected after 5283ms
2023-10-17 18:54:42,434 [a9a64069-5644-4cd4-ae1b-13efe84d56e4@group-D8A691F950B7-LeaderElection13] INFO  server.RaftServerConfigKeys (ConfUtils.java:logGet(46)) - raft.server.staging.catchup.gap = 1000 (default)
2023-10-17 18:54:42,434 [a9a64069-5644-4cd4-ae1b-13efe84d56e4@group-D8A691F950B7-LeaderElection13] INFO  server.RaftServerConfigKeys (ConfUtils.java:logGet(46)) - raft.server.write.element-limit = 1024 (custom)
2023-10-17 18:54:42,434 [a9a64069-5644-4cd4-ae1b-13efe84d56e4@group-D8A691F950B7-LeaderElection13] INFO  server.RaftServerConfigKeys (ConfUtils.java:logGet(46)) - raft.server.write.byte-limit = 1024 M (=1073741824) (custom)
2023-10-17 18:54:42,434 [a9a64069-5644-4cd4-ae1b-13efe84d56e4@group-D8A691F950B7-LeaderElection13] INFO  server.RaftServerConfigKeys (ConfUtils.java:logGet(46)) - raft.server.watch.timeout = 180s (custom)
2023-10-17 18:54:42,434 [a9a64069-5644-4cd4-ae1b-13efe84d56e4@group-D8A691F950B7-LeaderElection13] INFO  server.RaftServerConfigKeys (ConfUtils.java:logGet(46)) - raft.server.watch.timeout.denomination = 1s (default)
2023-10-17 18:54:42,434 [a9a64069-5644-4cd4-ae1b-13efe84d56e4@group-D8A691F950B7-LeaderElection13] INFO  server.RaftServerConfigKeys (ConfUtils.java:logGet(46)) - raft.server.watch.element-limit = 65536 (default)
2023-10-17 18:54:42,435 [a9a64069-5644-4cd4-ae1b-13efe84d56e4@group-D8A691F950B7-LeaderElection13] INFO  server.RaftServerConfigKeys (ConfUtils.java:logGet(46)) - raft.server.write.element-limit = 1024 (custom)
2023-10-17 18:54:42,435 [a9a64069-5644-4cd4-ae1b-13efe84d56e4@group-D8A691F950B7-LeaderElection13] INFO  server.RaftServerConfigKeys (ConfUtils.java:logGet(46)) - raft.server.write.follower.gap.ratio.max = -1.0 (default)
2023-10-17 18:54:42,435 [a9a64069-5644-4cd4-ae1b-13efe84d56e4@group-D8A691F950B7-LeaderElection13] INFO  impl.RoleInfo (RoleInfo.java:updateAndGet(139)) - a9a64069-5644-4cd4-ae1b-13efe84d56e4: start a9a64069-5644-4cd4-ae1b-13efe84d56e4@group-D8A691F950B7-LeaderStateImpl
2023-10-17 18:54:42,435 [a9a64069-5644-4cd4-ae1b-13efe84d56e4@group-D8A691F950B7-LeaderElection13] INFO  segmented.SegmentedRaftLogWorker (SegmentedRaftLogWorker.java:startLogSegment(447)) - a9a64069-5644-4cd4-ae1b-13efe84d56e4@group-D8A691F950B7-SegmentedRaftLogWorker: Starting segment from index:0
2023-10-17 18:54:42,446 [a9a64069-5644-4cd4-ae1b-13efe84d56e4@group-D8A691F950B7-SegmentedRaftLogWorker] INFO  segmented.SegmentedRaftLogWorker (SegmentedRaftLogWorker.java:execute(651)) - a9a64069-5644-4cd4-ae1b-13efe84d56e4@group-D8A691F950B7-SegmentedRaftLogWorker: created new log segment /home/runner/work/ozone/ozone/hadoop-ozone/integration-test/target/test-dir/MiniOzoneClusterImpl-6d5b43b8-50d7-4b60-8424-e359ec6f806a/datanode-4/data/ratis/bdc6707d-58fd-4d5c-8f16-d8a691f950b7/current/log_inprogress_0
2023-10-17 18:54:42,449 [a9a64069-5644-4cd4-ae1b-13efe84d56e4@group-D8A691F950B7-LeaderElection13] INFO  server.RaftServer$Division (ServerState.java:setRaftConf(434)) - a9a64069-5644-4cd4-ae1b-13efe84d56e4@group-D8A691F950B7: set configuration 0: peers:[a9a64069-5644-4cd4-ae1b-13efe84d56e4|rpc:10.1.0.79:15050|admin:10.1.0.79:15049|client:10.1.0.79:15048|dataStream:10.1.0.79:15051|priority:1|startupRole:FOLLOWER]|listeners:[], old=null
2023-10-17 18:54:42,465 [a546daa4-0106-41e2-a933-0105fc903a66-server-thread1] INFO  ratis.XceiverServerRatis (XceiverServerRatis.java:handleLeaderChangedNotification(902)) - Leader change notification received for group: group-8EBAE61B3D33 with new leaderId: a9a64069-5644-4cd4-ae1b-13efe84d56e4
2023-10-17 18:54:42,465 [a546daa4-0106-41e2-a933-0105fc903a66-server-thread1] INFO  server.RaftServer$Division (ServerState.java:setLeader(317)) - a546daa4-0106-41e2-a933-0105fc903a66@group-8EBAE61B3D33: change Leader from null to a9a64069-5644-4cd4-ae1b-13efe84d56e4 at term 1 for appendEntries, leader elected after 5290ms
2023-10-17 18:54:42,466 [d11f4703-3fdf-44d6-a0a1-43cd820167cb-server-thread1] INFO  ratis.XceiverServerRatis (XceiverServerRatis.java:handleLeaderChangedNotification(902)) - Leader change notification received for group: group-8EBAE61B3D33 with new leaderId: a9a64069-5644-4cd4-ae1b-13efe84d56e4
2023-10-17 18:54:42,466 [d11f4703-3fdf-44d6-a0a1-43cd820167cb-server-thread1] INFO  server.RaftServer$Division (ServerState.java:setLeader(317)) - d11f4703-3fdf-44d6-a0a1-43cd820167cb@group-8EBAE61B3D33: change Leader from null to a9a64069-5644-4cd4-ae1b-13efe84d56e4 at term 1 for appendEntries, leader elected after 5142ms
2023-10-17 18:54:42,473 [a546daa4-0106-41e2-a933-0105fc903a66-server-thread1] INFO  server.RaftServer$Division (ServerState.java:setRaftConf(434)) - a546daa4-0106-41e2-a933-0105fc903a66@group-8EBAE61B3D33: set configuration 0: peers:[a9a64069-5644-4cd4-ae1b-13efe84d56e4|rpc:10.1.0.79:15050|admin:10.1.0.79:15049|client:10.1.0.79:15048|dataStream:10.1.0.79:15051|priority:1|startupRole:FOLLOWER, d11f4703-3fdf-44d6-a0a1-43cd820167cb|rpc:10.1.0.79:15059|admin:10.1.0.79:15058|client:10.1.0.79:15057|dataStream:10.1.0.79:15060|priority:0|startupRole:FOLLOWER, a546daa4-0106-41e2-a933-0105fc903a66|rpc:10.1.0.79:15041|admin:10.1.0.79:15040|client:10.1.0.79:15039|dataStream:10.1.0.79:15042|priority:0|startupRole:FOLLOWER]|listeners:[], old=null
2023-10-17 18:54:42,474 [a546daa4-0106-41e2-a933-0105fc903a66-server-thread1] INFO  segmented.SegmentedRaftLogWorker (SegmentedRaftLogWorker.java:startLogSegment(447)) - a546daa4-0106-41e2-a933-0105fc903a66@group-8EBAE61B3D33-SegmentedRaftLogWorker: Starting segment from index:0
2023-10-17 18:54:42,474 [d11f4703-3fdf-44d6-a0a1-43cd820167cb-server-thread1] INFO  server.RaftServer$Division (ServerState.java:setRaftConf(434)) - d11f4703-3fdf-44d6-a0a1-43cd820167cb@group-8EBAE61B3D33: set configuration 0: peers:[a9a64069-5644-4cd4-ae1b-13efe84d56e4|rpc:10.1.0.79:15050|admin:10.1.0.79:15049|client:10.1.0.79:15048|dataStream:10.1.0.79:15051|priority:1|startupRole:FOLLOWER, d11f4703-3fdf-44d6-a0a1-43cd820167cb|rpc:10.1.0.79:15059|admin:10.1.0.79:15058|client:10.1.0.79:15057|dataStream:10.1.0.79:15060|priority:0|startupRole:FOLLOWER, a546daa4-0106-41e2-a933-0105fc903a66|rpc:10.1.0.79:15041|admin:10.1.0.79:15040|client:10.1.0.79:15039|dataStream:10.1.0.79:15042|priority:0|startupRole:FOLLOWER]|listeners:[], old=null
2023-10-17 18:54:42,474 [d11f4703-3fdf-44d6-a0a1-43cd820167cb-server-thread1] INFO  segmented.SegmentedRaftLogWorker (SegmentedRaftLogWorker.java:startLogSegment(447)) - d11f4703-3fdf-44d6-a0a1-43cd820167cb@group-8EBAE61B3D33-SegmentedRaftLogWorker: Starting segment from index:0
2023-10-17 18:54:42,479 [d11f4703-3fdf-44d6-a0a1-43cd820167cb@group-8EBAE61B3D33-SegmentedRaftLogWorker] INFO  segmented.SegmentedRaftLogWorker (SegmentedRaftLogWorker.java:execute(651)) - d11f4703-3fdf-44d6-a0a1-43cd820167cb@group-8EBAE61B3D33-SegmentedRaftLogWorker: created new log segment /home/runner/work/ozone/ozone/hadoop-ozone/integration-test/target/test-dir/MiniOzoneClusterImpl-6d5b43b8-50d7-4b60-8424-e359ec6f806a/datanode-5/data/ratis/b3266b27-e771-4780-a9e7-8ebae61b3d33/current/log_inprogress_0
2023-10-17 18:54:42,480 [a546daa4-0106-41e2-a933-0105fc903a66@group-8EBAE61B3D33-SegmentedRaftLogWorker] INFO  segmented.SegmentedRaftLogWorker (SegmentedRaftLogWorker.java:execute(651)) - a546daa4-0106-41e2-a933-0105fc903a66@group-8EBAE61B3D33-SegmentedRaftLogWorker: created new log segment /home/runner/work/ozone/ozone/hadoop-ozone/integration-test/target/test-dir/MiniOzoneClusterImpl-6d5b43b8-50d7-4b60-8424-e359ec6f806a/datanode-3/data/ratis/b3266b27-e771-4780-a9e7-8ebae61b3d33/current/log_inprogress_0
2023-10-17 18:54:42,537 [a9a64069-5644-4cd4-ae1b-13efe84d56e4@group-56420A7C215A-FollowerState] INFO  impl.FollowerState (FollowerState.java:run(143)) - a9a64069-5644-4cd4-ae1b-13efe84d56e4@group-56420A7C215A-FollowerState: change to CANDIDATE, lastRpcElapsedTime:5102133859ns, electionTimeout:5099ms
2023-10-17 18:54:42,538 [a9a64069-5644-4cd4-ae1b-13efe84d56e4@group-56420A7C215A-FollowerState] INFO  impl.RoleInfo (RoleInfo.java:shutdownFollowerState(110)) - a9a64069-5644-4cd4-ae1b-13efe84d56e4: shutdown a9a64069-5644-4cd4-ae1b-13efe84d56e4@group-56420A7C215A-FollowerState
2023-10-17 18:54:42,538 [a9a64069-5644-4cd4-ae1b-13efe84d56e4@group-56420A7C215A-FollowerState] INFO  server.RaftServer$Division (RaftServerImpl.java:setRole(329)) - a9a64069-5644-4cd4-ae1b-13efe84d56e4@group-56420A7C215A: changes role from  FOLLOWER to CANDIDATE at term 0 for changeToCandidate
2023-10-17 18:54:42,538 [a9a64069-5644-4cd4-ae1b-13efe84d56e4@group-56420A7C215A-FollowerState] INFO  server.RaftServerConfigKeys (ConfUtils.java:logGet(46)) - raft.server.leaderelection.pre-vote = true (default)
2023-10-17 18:54:42,538 [a9a64069-5644-4cd4-ae1b-13efe84d56e4@group-56420A7C215A-FollowerState] INFO  impl.RoleInfo (RoleInfo.java:updateAndGet(139)) - a9a64069-5644-4cd4-ae1b-13efe84d56e4: start a9a64069-5644-4cd4-ae1b-13efe84d56e4@group-56420A7C215A-LeaderElection14
2023-10-17 18:54:42,547 [a9a64069-5644-4cd4-ae1b-13efe84d56e4@group-56420A7C215A-LeaderElection14] INFO  impl.LeaderElection (LeaderElection.java:askForVotes(321)) - a9a64069-5644-4cd4-ae1b-13efe84d56e4@group-56420A7C215A-LeaderElection14 PRE_VOTE round 0: submit vote requests at term 0 for -1: peers:[a9a64069-5644-4cd4-ae1b-13efe84d56e4|rpc:10.1.0.79:15050|admin:10.1.0.79:15049|client:10.1.0.79:15048|dataStream:10.1.0.79:15051|priority:0|startupRole:FOLLOWER, d11f4703-3fdf-44d6-a0a1-43cd820167cb|rpc:10.1.0.79:15059|admin:10.1.0.79:15058|client:10.1.0.79:15057|dataStream:10.1.0.79:15060|priority:1|startupRole:FOLLOWER, a546daa4-0106-41e2-a933-0105fc903a66|rpc:10.1.0.79:15041|admin:10.1.0.79:15040|client:10.1.0.79:15039|dataStream:10.1.0.79:15042|priority:0|startupRole:FOLLOWER]|listeners:[], old=null
2023-10-17 18:54:42,550 [a9a64069-5644-4cd4-ae1b-13efe84d56e4@group-56420A7C215A-LeaderElection14] INFO  server.RaftServerConfigKeys (ConfUtils.java:logFallback(53)) - raft.server.rpc.first-election.timeout.min = 5s (fallback to raft.server.rpc.timeout.min)
2023-10-17 18:54:42,550 [a9a64069-5644-4cd4-ae1b-13efe84d56e4@group-56420A7C215A-LeaderElection14] INFO  server.RaftServerConfigKeys (ConfUtils.java:logFallback(53)) - raft.server.rpc.first-election.timeout.max = 5200ms (fallback to raft.server.rpc.timeout.max)
2023-10-17 18:54:42,551 [grpc-default-executor-1] INFO  server.RaftServer$Division (RaftServerImpl.java:requestVote(1302)) - d11f4703-3fdf-44d6-a0a1-43cd820167cb@group-56420A7C215A: receive requestVote(PRE_VOTE, a9a64069-5644-4cd4-ae1b-13efe84d56e4, group-56420A7C215A, 0, (t:0, i:0))
2023-10-17 18:54:42,551 [grpc-default-executor-1] INFO  impl.VoteContext (VoteContext.java:log(49)) - d11f4703-3fdf-44d6-a0a1-43cd820167cb@group-56420A7C215A-FOLLOWER: reject PRE_VOTE from a9a64069-5644-4cd4-ae1b-13efe84d56e4: our priority 1 > candidate's priority 0
2023-10-17 18:54:42,551 [grpc-default-executor-1] INFO  server.RaftServer$Division (RaftServerImpl.java:requestVote(1335)) - d11f4703-3fdf-44d6-a0a1-43cd820167cb@group-56420A7C215A replies to PRE_VOTE vote request: a9a64069-5644-4cd4-ae1b-13efe84d56e4<-d11f4703-3fdf-44d6-a0a1-43cd820167cb#0:FAIL-t0. Peer's state: d11f4703-3fdf-44d6-a0a1-43cd820167cb@group-56420A7C215A:t0, leader=null, voted=, raftlog=Memoized:d11f4703-3fdf-44d6-a0a1-43cd820167cb@group-56420A7C215A-SegmentedRaftLog:OPENED:c-1, conf=-1: peers:[a9a64069-5644-4cd4-ae1b-13efe84d56e4|rpc:10.1.0.79:15050|admin:10.1.0.79:15049|client:10.1.0.79:15048|dataStream:10.1.0.79:15051|priority:0|startupRole:FOLLOWER, d11f4703-3fdf-44d6-a0a1-43cd820167cb|rpc:10.1.0.79:15059|admin:10.1.0.79:15058|client:10.1.0.79:15057|dataStream:10.1.0.79:15060|priority:1|startupRole:FOLLOWER, a546daa4-0106-41e2-a933-0105fc903a66|rpc:10.1.0.79:15041|admin:10.1.0.79:15040|client:10.1.0.79:15039|dataStream:10.1.0.79:15042|priority:0|startupRole:FOLLOWER]|listeners:[], old=null
2023-10-17 18:54:42,553 [a9a64069-5644-4cd4-ae1b-13efe84d56e4@group-56420A7C215A-LeaderElection14] INFO  impl.LeaderElection (LeaderElection.java:logAndReturn(90)) - a9a64069-5644-4cd4-ae1b-13efe84d56e4@group-56420A7C215A-LeaderElection14: PRE_VOTE REJECTED received 1 response(s) and 0 exception(s):
2023-10-17 18:54:42,553 [a9a64069-5644-4cd4-ae1b-13efe84d56e4@group-56420A7C215A-LeaderElection14] INFO  impl.LeaderElection (LeaderElection.java:logAndReturn(94)) -   Response 0: a9a64069-5644-4cd4-ae1b-13efe84d56e4<-d11f4703-3fdf-44d6-a0a1-43cd820167cb#0:FAIL-t0
2023-10-17 18:54:42,553 [a9a64069-5644-4cd4-ae1b-13efe84d56e4@group-56420A7C215A-LeaderElection14] INFO  impl.LeaderElection (LeaderElection.java:askForVotes(323)) - a9a64069-5644-4cd4-ae1b-13efe84d56e4@group-56420A7C215A-LeaderElection14 PRE_VOTE round 0: result REJECTED
2023-10-17 18:54:42,553 [a9a64069-5644-4cd4-ae1b-13efe84d56e4@group-56420A7C215A-LeaderElection14] INFO  server.RaftServer$Division (RaftServerImpl.java:setRole(329)) - a9a64069-5644-4cd4-ae1b-13efe84d56e4@group-56420A7C215A: changes role from CANDIDATE to FOLLOWER at term 0 for REJECTED
2023-10-17 18:54:42,553 [a9a64069-5644-4cd4-ae1b-13efe84d56e4@group-56420A7C215A-LeaderElection14] INFO  impl.RoleInfo (RoleInfo.java:shutdownLeaderElection(130)) - a9a64069-5644-4cd4-ae1b-13efe84d56e4: shutdown a9a64069-5644-4cd4-ae1b-13efe84d56e4@group-56420A7C215A-LeaderElection14
2023-10-17 18:54:42,553 [a9a64069-5644-4cd4-ae1b-13efe84d56e4@group-56420A7C215A-LeaderElection14] INFO  impl.RoleInfo (RoleInfo.java:updateAndGet(139)) - a9a64069-5644-4cd4-ae1b-13efe84d56e4: start a9a64069-5644-4cd4-ae1b-13efe84d56e4@group-56420A7C215A-FollowerState
2023-10-17 18:54:42,566 [d11f4703-3fdf-44d6-a0a1-43cd820167cb@group-088A80DB8EAD-FollowerState] INFO  impl.FollowerState (FollowerState.java:run(143)) - d11f4703-3fdf-44d6-a0a1-43cd820167cb@group-088A80DB8EAD-FollowerState: change to CANDIDATE, lastRpcElapsedTime:5059358958ns, electionTimeout:5034ms
2023-10-17 18:54:42,567 [d11f4703-3fdf-44d6-a0a1-43cd820167cb@group-088A80DB8EAD-FollowerState] INFO  impl.RoleInfo (RoleInfo.java:shutdownFollowerState(110)) - d11f4703-3fdf-44d6-a0a1-43cd820167cb: shutdown d11f4703-3fdf-44d6-a0a1-43cd820167cb@group-088A80DB8EAD-FollowerState
2023-10-17 18:54:42,567 [d11f4703-3fdf-44d6-a0a1-43cd820167cb@group-088A80DB8EAD-FollowerState] INFO  server.RaftServer$Division (RaftServerImpl.java:setRole(329)) - d11f4703-3fdf-44d6-a0a1-43cd820167cb@group-088A80DB8EAD: changes role from  FOLLOWER to CANDIDATE at term 0 for changeToCandidate
2023-10-17 18:54:42,567 [d11f4703-3fdf-44d6-a0a1-43cd820167cb@group-088A80DB8EAD-FollowerState] INFO  server.RaftServerConfigKeys (ConfUtils.java:logGet(46)) - raft.server.leaderelection.pre-vote = true (default)
2023-10-17 18:54:42,567 [d11f4703-3fdf-44d6-a0a1-43cd820167cb@group-088A80DB8EAD-FollowerState] INFO  impl.RoleInfo (RoleInfo.java:updateAndGet(139)) - d11f4703-3fdf-44d6-a0a1-43cd820167cb: start d11f4703-3fdf-44d6-a0a1-43cd820167cb@group-088A80DB8EAD-LeaderElection15
2023-10-17 18:54:42,574 [grpc-default-executor-1] INFO  server.RaftServer$Division (RaftServerImpl.java:requestVote(1302)) - a546daa4-0106-41e2-a933-0105fc903a66@group-56420A7C215A: receive requestVote(PRE_VOTE, a9a64069-5644-4cd4-ae1b-13efe84d56e4, group-56420A7C215A, 0, (t:0, i:0))
2023-10-17 18:54:42,575 [grpc-default-executor-1] INFO  impl.VoteContext (VoteContext.java:log(49)) - a546daa4-0106-41e2-a933-0105fc903a66@group-56420A7C215A-FOLLOWER: accept PRE_VOTE from a9a64069-5644-4cd4-ae1b-13efe84d56e4: our priority 0 <= candidate's priority 0
2023-10-17 18:54:42,575 [grpc-default-executor-1] INFO  server.RaftServer$Division (RaftServerImpl.java:requestVote(1335)) - a546daa4-0106-41e2-a933-0105fc903a66@group-56420A7C215A replies to PRE_VOTE vote request: a9a64069-5644-4cd4-ae1b-13efe84d56e4<-a546daa4-0106-41e2-a933-0105fc903a66#0:OK-t0. Peer's state: a546daa4-0106-41e2-a933-0105fc903a66@group-56420A7C215A:t0, leader=null, voted=, raftlog=Memoized:a546daa4-0106-41e2-a933-0105fc903a66@group-56420A7C215A-SegmentedRaftLog:OPENED:c-1, conf=-1: peers:[a9a64069-5644-4cd4-ae1b-13efe84d56e4|rpc:10.1.0.79:15050|admin:10.1.0.79:15049|client:10.1.0.79:15048|dataStream:10.1.0.79:15051|priority:0|startupRole:FOLLOWER, d11f4703-3fdf-44d6-a0a1-43cd820167cb|rpc:10.1.0.79:15059|admin:10.1.0.79:15058|client:10.1.0.79:15057|dataStream:10.1.0.79:15060|priority:1|startupRole:FOLLOWER, a546daa4-0106-41e2-a933-0105fc903a66|rpc:10.1.0.79:15041|admin:10.1.0.79:15040|client:10.1.0.79:15039|dataStream:10.1.0.79:15042|priority:0|startupRole:FOLLOWER]|listeners:[], old=null
2023-10-17 18:54:42,577 [d11f4703-3fdf-44d6-a0a1-43cd820167cb@group-088A80DB8EAD-LeaderElection15] INFO  impl.LeaderElection (LeaderElection.java:askForVotes(321)) - d11f4703-3fdf-44d6-a0a1-43cd820167cb@group-088A80DB8EAD-LeaderElection15 PRE_VOTE round 0: submit vote requests at term 0 for -1: peers:[d11f4703-3fdf-44d6-a0a1-43cd820167cb|rpc:10.1.0.79:15059|admin:10.1.0.79:15058|client:10.1.0.79:15057|dataStream:10.1.0.79:15060|priority:1|startupRole:FOLLOWER]|listeners:[], old=null
2023-10-17 18:54:42,577 [d11f4703-3fdf-44d6-a0a1-43cd820167cb@group-088A80DB8EAD-LeaderElection15] INFO  impl.LeaderElection (LeaderElection.java:askForVotes(323)) - d11f4703-3fdf-44d6-a0a1-43cd820167cb@group-088A80DB8EAD-LeaderElection15 PRE_VOTE round 0: result PASSED (term=0)
2023-10-17 18:54:42,581 [d11f4703-3fdf-44d6-a0a1-43cd820167cb@group-088A80DB8EAD-LeaderElection15] INFO  impl.LeaderElection (LeaderElection.java:askForVotes(321)) - d11f4703-3fdf-44d6-a0a1-43cd820167cb@group-088A80DB8EAD-LeaderElection15 ELECTION round 0: submit vote requests at term 1 for -1: peers:[d11f4703-3fdf-44d6-a0a1-43cd820167cb|rpc:10.1.0.79:15059|admin:10.1.0.79:15058|client:10.1.0.79:15057|dataStream:10.1.0.79:15060|priority:1|startupRole:FOLLOWER]|listeners:[], old=null
2023-10-17 18:54:42,581 [d11f4703-3fdf-44d6-a0a1-43cd820167cb@group-088A80DB8EAD-LeaderElection15] INFO  impl.LeaderElection (LeaderElection.java:askForVotes(323)) - d11f4703-3fdf-44d6-a0a1-43cd820167cb@group-088A80DB8EAD-LeaderElection15 ELECTION round 0: result PASSED (term=1)
2023-10-17 18:54:42,581 [d11f4703-3fdf-44d6-a0a1-43cd820167cb@group-088A80DB8EAD-LeaderElection15] INFO  impl.RoleInfo (RoleInfo.java:shutdownLeaderElection(130)) - d11f4703-3fdf-44d6-a0a1-43cd820167cb: shutdown d11f4703-3fdf-44d6-a0a1-43cd820167cb@group-088A80DB8EAD-LeaderElection15
2023-10-17 18:54:42,581 [d11f4703-3fdf-44d6-a0a1-43cd820167cb@group-088A80DB8EAD-LeaderElection15] INFO  server.RaftServer$Division (RaftServerImpl.java:setRole(329)) - d11f4703-3fdf-44d6-a0a1-43cd820167cb@group-088A80DB8EAD: changes role from CANDIDATE to LEADER at term 1 for changeToLeader
2023-10-17 18:54:42,582 [d11f4703-3fdf-44d6-a0a1-43cd820167cb@group-088A80DB8EAD-LeaderElection15] INFO  ratis.XceiverServerRatis (XceiverServerRatis.java:handleLeaderChangedNotification(902)) - Leader change notification received for group: group-088A80DB8EAD with new leaderId: d11f4703-3fdf-44d6-a0a1-43cd820167cb
2023-10-17 18:54:42,583 [d11f4703-3fdf-44d6-a0a1-43cd820167cb@group-088A80DB8EAD-LeaderElection15] INFO  server.RaftServer$Division (ServerState.java:setLeader(317)) - d11f4703-3fdf-44d6-a0a1-43cd820167cb@group-088A80DB8EAD: change Leader from null to d11f4703-3fdf-44d6-a0a1-43cd820167cb at term 1 for becomeLeader, leader elected after 5118ms
2023-10-17 18:54:42,583 [d11f4703-3fdf-44d6-a0a1-43cd820167cb@group-088A80DB8EAD-LeaderElection15] INFO  server.RaftServerConfigKeys (ConfUtils.java:logGet(46)) - raft.server.staging.catchup.gap = 1000 (default)
2023-10-17 18:54:42,583 [d11f4703-3fdf-44d6-a0a1-43cd820167cb@group-088A80DB8EAD-LeaderElection15] INFO  server.RaftServerConfigKeys (ConfUtils.java:logGet(46)) - raft.server.write.element-limit = 1024 (custom)
2023-10-17 18:54:42,584 [d11f4703-3fdf-44d6-a0a1-43cd820167cb@group-088A80DB8EAD-LeaderElection15] INFO  server.RaftServerConfigKeys (ConfUtils.java:logGet(46)) - raft.server.write.byte-limit = 1024 M (=1073741824) (custom)
2023-10-17 18:54:42,584 [d11f4703-3fdf-44d6-a0a1-43cd820167cb@group-088A80DB8EAD-LeaderElection15] INFO  server.RaftServerConfigKeys (ConfUtils.java:logGet(46)) - raft.server.watch.timeout = 180s (custom)
2023-10-17 18:54:42,584 [d11f4703-3fdf-44d6-a0a1-43cd820167cb@group-088A80DB8EAD-LeaderElection15] INFO  server.RaftServerConfigKeys (ConfUtils.java:logGet(46)) - raft.server.watch.timeout.denomination = 1s (default)
2023-10-17 18:54:42,584 [d11f4703-3fdf-44d6-a0a1-43cd820167cb@group-088A80DB8EAD-LeaderElection15] INFO  server.RaftServerConfigKeys (ConfUtils.java:logGet(46)) - raft.server.watch.element-limit = 65536 (default)
2023-10-17 18:54:42,584 [d11f4703-3fdf-44d6-a0a1-43cd820167cb@group-088A80DB8EAD-LeaderElection15] INFO  server.RaftServerConfigKeys (ConfUtils.java:logGet(46)) - raft.server.write.element-limit = 1024 (custom)
2023-10-17 18:54:42,584 [d11f4703-3fdf-44d6-a0a1-43cd820167cb@group-088A80DB8EAD-LeaderElection15] INFO  server.RaftServerConfigKeys (ConfUtils.java:logGet(46)) - raft.server.write.follower.gap.ratio.max = -1.0 (default)
2023-10-17 18:54:42,584 [d11f4703-3fdf-44d6-a0a1-43cd820167cb@group-088A80DB8EAD-LeaderElection15] INFO  impl.RoleInfo (RoleInfo.java:updateAndGet(139)) - d11f4703-3fdf-44d6-a0a1-43cd820167cb: start d11f4703-3fdf-44d6-a0a1-43cd820167cb@group-088A80DB8EAD-LeaderStateImpl
2023-10-17 18:54:42,584 [d11f4703-3fdf-44d6-a0a1-43cd820167cb@group-088A80DB8EAD-LeaderElection15] INFO  segmented.SegmentedRaftLogWorker (SegmentedRaftLogWorker.java:startLogSegment(447)) - d11f4703-3fdf-44d6-a0a1-43cd820167cb@group-088A80DB8EAD-SegmentedRaftLogWorker: Starting segment from index:0
2023-10-17 18:54:42,586 [d11f4703-3fdf-44d6-a0a1-43cd820167cb@group-088A80DB8EAD-SegmentedRaftLogWorker] INFO  segmented.SegmentedRaftLogWorker (SegmentedRaftLogWorker.java:execute(651)) - d11f4703-3fdf-44d6-a0a1-43cd820167cb@group-088A80DB8EAD-SegmentedRaftLogWorker: created new log segment /home/runner/work/ozone/ozone/hadoop-ozone/integration-test/target/test-dir/MiniOzoneClusterImpl-6d5b43b8-50d7-4b60-8424-e359ec6f806a/datanode-5/data/ratis/b3bf6729-adf5-48ea-b99f-088a80db8ead/current/log_inprogress_0
2023-10-17 18:54:42,595 [d11f4703-3fdf-44d6-a0a1-43cd820167cb@group-088A80DB8EAD-LeaderElection15] INFO  server.RaftServer$Division (ServerState.java:setRaftConf(434)) - d11f4703-3fdf-44d6-a0a1-43cd820167cb@group-088A80DB8EAD: set configuration 0: peers:[d11f4703-3fdf-44d6-a0a1-43cd820167cb|rpc:10.1.0.79:15059|admin:10.1.0.79:15058|client:10.1.0.79:15057|dataStream:10.1.0.79:15060|priority:1|startupRole:FOLLOWER]|listeners:[], old=null
2023-10-17 18:54:42,609 [a546daa4-0106-41e2-a933-0105fc903a66@group-56420A7C215A-FollowerState] INFO  server.RaftServerConfigKeys (ConfUtils.java:logFallback(53)) - raft.server.rpc.first-election.timeout.min = 5s (fallback to raft.server.rpc.timeout.min)
2023-10-17 18:54:42,609 [a546daa4-0106-41e2-a933-0105fc903a66@group-56420A7C215A-FollowerState] INFO  server.RaftServerConfigKeys (ConfUtils.java:logFallback(53)) - raft.server.rpc.first-election.timeout.max = 5200ms (fallback to raft.server.rpc.timeout.max)
2023-10-17 18:54:42,696 [d11f4703-3fdf-44d6-a0a1-43cd820167cb@group-56420A7C215A-FollowerState] INFO  impl.FollowerState (FollowerState.java:run(143)) - d11f4703-3fdf-44d6-a0a1-43cd820167cb@group-56420A7C215A-FollowerState: change to CANDIDATE, lastRpcElapsedTime:5140114352ns, electionTimeout:5133ms
2023-10-17 18:54:42,697 [d11f4703-3fdf-44d6-a0a1-43cd820167cb@group-56420A7C215A-FollowerState] INFO  impl.RoleInfo (RoleInfo.java:shutdownFollowerState(110)) - d11f4703-3fdf-44d6-a0a1-43cd820167cb: shutdown d11f4703-3fdf-44d6-a0a1-43cd820167cb@group-56420A7C215A-FollowerState
2023-10-17 18:54:42,697 [d11f4703-3fdf-44d6-a0a1-43cd820167cb@group-56420A7C215A-FollowerState] INFO  server.RaftServer$Division (RaftServerImpl.java:setRole(329)) - d11f4703-3fdf-44d6-a0a1-43cd820167cb@group-56420A7C215A: changes role from  FOLLOWER to CANDIDATE at term 0 for changeToCandidate
2023-10-17 18:54:42,697 [d11f4703-3fdf-44d6-a0a1-43cd820167cb@group-56420A7C215A-FollowerState] INFO  server.RaftServerConfigKeys (ConfUtils.java:logGet(46)) - raft.server.leaderelection.pre-vote = true (default)
2023-10-17 18:54:42,697 [d11f4703-3fdf-44d6-a0a1-43cd820167cb@group-56420A7C215A-FollowerState] INFO  impl.RoleInfo (RoleInfo.java:updateAndGet(139)) - d11f4703-3fdf-44d6-a0a1-43cd820167cb: start d11f4703-3fdf-44d6-a0a1-43cd820167cb@group-56420A7C215A-LeaderElection16
2023-10-17 18:54:42,704 [d11f4703-3fdf-44d6-a0a1-43cd820167cb@group-56420A7C215A-LeaderElection16] INFO  impl.LeaderElection (LeaderElection.java:askForVotes(321)) - d11f4703-3fdf-44d6-a0a1-43cd820167cb@group-56420A7C215A-LeaderElection16 PRE_VOTE round 0: submit vote requests at term 0 for -1: peers:[a9a64069-5644-4cd4-ae1b-13efe84d56e4|rpc:10.1.0.79:15050|admin:10.1.0.79:15049|client:10.1.0.79:15048|dataStream:10.1.0.79:15051|priority:0|startupRole:FOLLOWER, d11f4703-3fdf-44d6-a0a1-43cd820167cb|rpc:10.1.0.79:15059|admin:10.1.0.79:15058|client:10.1.0.79:15057|dataStream:10.1.0.79:15060|priority:1|startupRole:FOLLOWER, a546daa4-0106-41e2-a933-0105fc903a66|rpc:10.1.0.79:15041|admin:10.1.0.79:15040|client:10.1.0.79:15039|dataStream:10.1.0.79:15042|priority:0|startupRole:FOLLOWER]|listeners:[], old=null
2023-10-17 18:54:42,705 [d11f4703-3fdf-44d6-a0a1-43cd820167cb@group-56420A7C215A-LeaderElection16-1] INFO  server.GrpcServerProtocolClient (GrpcServerProtocolClient.java:<init>(65)) - Build channel for a9a64069-5644-4cd4-ae1b-13efe84d56e4
2023-10-17 18:54:42,713 [d11f4703-3fdf-44d6-a0a1-43cd820167cb@group-56420A7C215A-LeaderElection16] INFO  server.RaftServerConfigKeys (ConfUtils.java:logFallback(53)) - raft.server.rpc.first-election.timeout.min = 5s (fallback to raft.server.rpc.timeout.min)
2023-10-17 18:54:42,713 [d11f4703-3fdf-44d6-a0a1-43cd820167cb@group-56420A7C215A-LeaderElection16-2] INFO  server.GrpcServerProtocolClient (GrpcServerProtocolClient.java:<init>(65)) - Build channel for a546daa4-0106-41e2-a933-0105fc903a66
2023-10-17 18:54:42,713 [d11f4703-3fdf-44d6-a0a1-43cd820167cb@group-56420A7C215A-LeaderElection16] INFO  server.RaftServerConfigKeys (ConfUtils.java:logFallback(53)) - raft.server.rpc.first-election.timeout.max = 5200ms (fallback to raft.server.rpc.timeout.max)
2023-10-17 18:54:42,720 [grpc-default-executor-1] INFO  server.RaftServer$Division (RaftServerImpl.java:requestVote(1302)) - a546daa4-0106-41e2-a933-0105fc903a66@group-56420A7C215A: receive requestVote(PRE_VOTE, d11f4703-3fdf-44d6-a0a1-43cd820167cb, group-56420A7C215A, 0, (t:0, i:0))
2023-10-17 18:54:42,720 [grpc-default-executor-1] INFO  impl.VoteContext (VoteContext.java:log(49)) - a546daa4-0106-41e2-a933-0105fc903a66@group-56420A7C215A-FOLLOWER: accept PRE_VOTE from d11f4703-3fdf-44d6-a0a1-43cd820167cb: our priority 0 <= candidate's priority 1
2023-10-17 18:54:42,720 [grpc-default-executor-1] INFO  server.RaftServer$Division (RaftServerImpl.java:requestVote(1335)) - a546daa4-0106-41e2-a933-0105fc903a66@group-56420A7C215A replies to PRE_VOTE vote request: d11f4703-3fdf-44d6-a0a1-43cd820167cb<-a546daa4-0106-41e2-a933-0105fc903a66#0:OK-t0. Peer's state: a546daa4-0106-41e2-a933-0105fc903a66@group-56420A7C215A:t0, leader=null, voted=, raftlog=Memoized:a546daa4-0106-41e2-a933-0105fc903a66@group-56420A7C215A-SegmentedRaftLog:OPENED:c-1, conf=-1: peers:[a9a64069-5644-4cd4-ae1b-13efe84d56e4|rpc:10.1.0.79:15050|admin:10.1.0.79:15049|client:10.1.0.79:15048|dataStream:10.1.0.79:15051|priority:0|startupRole:FOLLOWER, d11f4703-3fdf-44d6-a0a1-43cd820167cb|rpc:10.1.0.79:15059|admin:10.1.0.79:15058|client:10.1.0.79:15057|dataStream:10.1.0.79:15060|priority:1|startupRole:FOLLOWER, a546daa4-0106-41e2-a933-0105fc903a66|rpc:10.1.0.79:15041|admin:10.1.0.79:15040|client:10.1.0.79:15039|dataStream:10.1.0.79:15042|priority:0|startupRole:FOLLOWER]|listeners:[], old=null
2023-10-17 18:54:42,735 [d11f4703-3fdf-44d6-a0a1-43cd820167cb@group-56420A7C215A-LeaderElection16] INFO  impl.LeaderElection (LeaderElection.java:logAndReturn(90)) - d11f4703-3fdf-44d6-a0a1-43cd820167cb@group-56420A7C215A-LeaderElection16: PRE_VOTE PASSED received 1 response(s) and 0 exception(s):
2023-10-17 18:54:42,736 [d11f4703-3fdf-44d6-a0a1-43cd820167cb@group-56420A7C215A-LeaderElection16] INFO  impl.LeaderElection (LeaderElection.java:logAndReturn(94)) -   Response 0: d11f4703-3fdf-44d6-a0a1-43cd820167cb<-a546daa4-0106-41e2-a933-0105fc903a66#0:OK-t0
2023-10-17 18:54:42,736 [d11f4703-3fdf-44d6-a0a1-43cd820167cb@group-56420A7C215A-LeaderElection16] INFO  impl.LeaderElection (LeaderElection.java:askForVotes(323)) - d11f4703-3fdf-44d6-a0a1-43cd820167cb@group-56420A7C215A-LeaderElection16 PRE_VOTE round 0: result PASSED
2023-10-17 18:54:42,738 [d11f4703-3fdf-44d6-a0a1-43cd820167cb@group-56420A7C215A-LeaderElection16] INFO  impl.LeaderElection (LeaderElection.java:askForVotes(321)) - d11f4703-3fdf-44d6-a0a1-43cd820167cb@group-56420A7C215A-LeaderElection16 ELECTION round 0: submit vote requests at term 1 for -1: peers:[a9a64069-5644-4cd4-ae1b-13efe84d56e4|rpc:10.1.0.79:15050|admin:10.1.0.79:15049|client:10.1.0.79:15048|dataStream:10.1.0.79:15051|priority:0|startupRole:FOLLOWER, d11f4703-3fdf-44d6-a0a1-43cd820167cb|rpc:10.1.0.79:15059|admin:10.1.0.79:15058|client:10.1.0.79:15057|dataStream:10.1.0.79:15060|priority:1|startupRole:FOLLOWER, a546daa4-0106-41e2-a933-0105fc903a66|rpc:10.1.0.79:15041|admin:10.1.0.79:15040|client:10.1.0.79:15039|dataStream:10.1.0.79:15042|priority:0|startupRole:FOLLOWER]|listeners:[], old=null
2023-10-17 18:54:42,740 [grpc-default-executor-1] INFO  server.RaftServer$Division (RaftServerImpl.java:requestVote(1302)) - a9a64069-5644-4cd4-ae1b-13efe84d56e4@group-56420A7C215A: receive requestVote(PRE_VOTE, d11f4703-3fdf-44d6-a0a1-43cd820167cb, group-56420A7C215A, 0, (t:0, i:0))
2023-10-17 18:54:42,740 [grpc-default-executor-1] INFO  impl.VoteContext (VoteContext.java:log(49)) - a9a64069-5644-4cd4-ae1b-13efe84d56e4@group-56420A7C215A-FOLLOWER: accept PRE_VOTE from d11f4703-3fdf-44d6-a0a1-43cd820167cb: our priority 0 <= candidate's priority 1
2023-10-17 18:54:42,740 [grpc-default-executor-1] INFO  server.RaftServer$Division (RaftServerImpl.java:requestVote(1335)) - a9a64069-5644-4cd4-ae1b-13efe84d56e4@group-56420A7C215A replies to PRE_VOTE vote request: d11f4703-3fdf-44d6-a0a1-43cd820167cb<-a9a64069-5644-4cd4-ae1b-13efe84d56e4#0:OK-t0. Peer's state: a9a64069-5644-4cd4-ae1b-13efe84d56e4@group-56420A7C215A:t0, leader=null, voted=, raftlog=Memoized:a9a64069-5644-4cd4-ae1b-13efe84d56e4@group-56420A7C215A-SegmentedRaftLog:OPENED:c-1, conf=-1: peers:[a9a64069-5644-4cd4-ae1b-13efe84d56e4|rpc:10.1.0.79:15050|admin:10.1.0.79:15049|client:10.1.0.79:15048|dataStream:10.1.0.79:15051|priority:0|startupRole:FOLLOWER, d11f4703-3fdf-44d6-a0a1-43cd820167cb|rpc:10.1.0.79:15059|admin:10.1.0.79:15058|client:10.1.0.79:15057|dataStream:10.1.0.79:15060|priority:1|startupRole:FOLLOWER, a546daa4-0106-41e2-a933-0105fc903a66|rpc:10.1.0.79:15041|admin:10.1.0.79:15040|client:10.1.0.79:15039|dataStream:10.1.0.79:15042|priority:0|startupRole:FOLLOWER]|listeners:[], old=null
2023-10-17 18:54:42,759 [d11f4703-3fdf-44d6-a0a1-43cd820167cb@group-56420A7C215A-LeaderElection16] INFO  server.RaftServerConfigKeys (ConfUtils.java:logFallback(53)) - raft.server.rpc.first-election.timeout.min = 5s (fallback to raft.server.rpc.timeout.min)
2023-10-17 18:54:42,759 [d11f4703-3fdf-44d6-a0a1-43cd820167cb@group-56420A7C215A-LeaderElection16] INFO  server.RaftServerConfigKeys (ConfUtils.java:logFallback(53)) - raft.server.rpc.first-election.timeout.max = 5200ms (fallback to raft.server.rpc.timeout.max)
2023-10-17 18:54:42,762 [grpc-default-executor-1] INFO  server.RaftServer$Division (RaftServerImpl.java:requestVote(1302)) - a9a64069-5644-4cd4-ae1b-13efe84d56e4@group-56420A7C215A: receive requestVote(ELECTION, d11f4703-3fdf-44d6-a0a1-43cd820167cb, group-56420A7C215A, 1, (t:0, i:0))
2023-10-17 18:54:42,762 [grpc-default-executor-1] INFO  impl.VoteContext (VoteContext.java:log(49)) - a9a64069-5644-4cd4-ae1b-13efe84d56e4@group-56420A7C215A-FOLLOWER: accept ELECTION from d11f4703-3fdf-44d6-a0a1-43cd820167cb: our priority 0 <= candidate's priority 1
2023-10-17 18:54:42,762 [grpc-default-executor-1] INFO  server.RaftServer$Division (RaftServerImpl.java:setRole(329)) - a9a64069-5644-4cd4-ae1b-13efe84d56e4@group-56420A7C215A: changes role from  FOLLOWER to FOLLOWER at term 1 for candidate:d11f4703-3fdf-44d6-a0a1-43cd820167cb
2023-10-17 18:54:42,763 [grpc-default-executor-1] INFO  impl.RoleInfo (RoleInfo.java:shutdownFollowerState(110)) - a9a64069-5644-4cd4-ae1b-13efe84d56e4: shutdown a9a64069-5644-4cd4-ae1b-13efe84d56e4@group-56420A7C215A-FollowerState
2023-10-17 18:54:42,763 [grpc-default-executor-1] INFO  impl.RoleInfo (RoleInfo.java:updateAndGet(139)) - a9a64069-5644-4cd4-ae1b-13efe84d56e4: start a9a64069-5644-4cd4-ae1b-13efe84d56e4@group-56420A7C215A-FollowerState
2023-10-17 18:54:42,763 [a9a64069-5644-4cd4-ae1b-13efe84d56e4@group-56420A7C215A-FollowerState] INFO  impl.FollowerState (FollowerState.java:run(152)) - a9a64069-5644-4cd4-ae1b-13efe84d56e4@group-56420A7C215A-FollowerState was interrupted
2023-10-17 18:54:42,793 [grpc-default-executor-1] INFO  server.RaftServer$Division (RaftServerImpl.java:requestVote(1335)) - a9a64069-5644-4cd4-ae1b-13efe84d56e4@group-56420A7C215A replies to ELECTION vote request: d11f4703-3fdf-44d6-a0a1-43cd820167cb<-a9a64069-5644-4cd4-ae1b-13efe84d56e4#0:OK-t1. Peer's state: a9a64069-5644-4cd4-ae1b-13efe84d56e4@group-56420A7C215A:t1, leader=null, voted=d11f4703-3fdf-44d6-a0a1-43cd820167cb, raftlog=Memoized:a9a64069-5644-4cd4-ae1b-13efe84d56e4@group-56420A7C215A-SegmentedRaftLog:OPENED:c-1, conf=-1: peers:[a9a64069-5644-4cd4-ae1b-13efe84d56e4|rpc:10.1.0.79:15050|admin:10.1.0.79:15049|client:10.1.0.79:15048|dataStream:10.1.0.79:15051|priority:0|startupRole:FOLLOWER, d11f4703-3fdf-44d6-a0a1-43cd820167cb|rpc:10.1.0.79:15059|admin:10.1.0.79:15058|client:10.1.0.79:15057|dataStream:10.1.0.79:15060|priority:1|startupRole:FOLLOWER, a546daa4-0106-41e2-a933-0105fc903a66|rpc:10.1.0.79:15041|admin:10.1.0.79:15040|client:10.1.0.79:15039|dataStream:10.1.0.79:15042|priority:0|startupRole:FOLLOWER]|listeners:[], old=null
2023-10-17 18:54:42,797 [d11f4703-3fdf-44d6-a0a1-43cd820167cb@group-56420A7C215A-LeaderElection16] INFO  impl.LeaderElection (LeaderElection.java:logAndReturn(90)) - d11f4703-3fdf-44d6-a0a1-43cd820167cb@group-56420A7C215A-LeaderElection16: ELECTION PASSED received 1 response(s) and 0 exception(s):
2023-10-17 18:54:42,798 [d11f4703-3fdf-44d6-a0a1-43cd820167cb@group-56420A7C215A-LeaderElection16] INFO  impl.LeaderElection (LeaderElection.java:logAndReturn(94)) -   Response 0: d11f4703-3fdf-44d6-a0a1-43cd820167cb<-a9a64069-5644-4cd4-ae1b-13efe84d56e4#0:OK-t1
2023-10-17 18:54:42,798 [d11f4703-3fdf-44d6-a0a1-43cd820167cb@group-56420A7C215A-LeaderElection16] INFO  impl.LeaderElection (LeaderElection.java:askForVotes(323)) - d11f4703-3fdf-44d6-a0a1-43cd820167cb@group-56420A7C215A-LeaderElection16 ELECTION round 0: result PASSED
2023-10-17 18:54:42,798 [d11f4703-3fdf-44d6-a0a1-43cd820167cb@group-56420A7C215A-LeaderElection16] INFO  impl.RoleInfo (RoleInfo.java:shutdownLeaderElection(130)) - d11f4703-3fdf-44d6-a0a1-43cd820167cb: shutdown d11f4703-3fdf-44d6-a0a1-43cd820167cb@group-56420A7C215A-LeaderElection16
2023-10-17 18:54:42,798 [d11f4703-3fdf-44d6-a0a1-43cd820167cb@group-56420A7C215A-LeaderElection16] INFO  server.RaftServer$Division (RaftServerImpl.java:setRole(329)) - d11f4703-3fdf-44d6-a0a1-43cd820167cb@group-56420A7C215A: changes role from CANDIDATE to LEADER at term 1 for changeToLeader
2023-10-17 18:54:42,798 [d11f4703-3fdf-44d6-a0a1-43cd820167cb@group-56420A7C215A-LeaderElection16] INFO  ratis.XceiverServerRatis (XceiverServerRatis.java:handleLeaderChangedNotification(902)) - Leader change notification received for group: group-56420A7C215A with new leaderId: d11f4703-3fdf-44d6-a0a1-43cd820167cb
2023-10-17 18:54:42,798 [grpc-default-executor-1] INFO  server.RaftServer$Division (RaftServerImpl.java:requestVote(1302)) - a546daa4-0106-41e2-a933-0105fc903a66@group-56420A7C215A: receive requestVote(ELECTION, d11f4703-3fdf-44d6-a0a1-43cd820167cb, group-56420A7C215A, 1, (t:0, i:0))
2023-10-17 18:54:42,798 [d11f4703-3fdf-44d6-a0a1-43cd820167cb@group-56420A7C215A-LeaderElection16] INFO  server.RaftServer$Division (ServerState.java:setLeader(317)) - d11f4703-3fdf-44d6-a0a1-43cd820167cb@group-56420A7C215A: change Leader from null to d11f4703-3fdf-44d6-a0a1-43cd820167cb at term 1 for becomeLeader, leader elected after 5263ms
2023-10-17 18:54:42,798 [d11f4703-3fdf-44d6-a0a1-43cd820167cb@group-56420A7C215A-LeaderElection16] INFO  server.RaftServerConfigKeys (ConfUtils.java:logGet(46)) - raft.server.staging.catchup.gap = 1000 (default)
2023-10-17 18:54:42,798 [d11f4703-3fdf-44d6-a0a1-43cd820167cb@group-56420A7C215A-LeaderElection16] INFO  server.RaftServerConfigKeys (ConfUtils.java:logGet(46)) - raft.server.write.element-limit = 1024 (custom)
2023-10-17 18:54:42,798 [d11f4703-3fdf-44d6-a0a1-43cd820167cb@group-56420A7C215A-LeaderElection16] INFO  server.RaftServerConfigKeys (ConfUtils.java:logGet(46)) - raft.server.write.byte-limit = 1024 M (=1073741824) (custom)
2023-10-17 18:54:42,799 [d11f4703-3fdf-44d6-a0a1-43cd820167cb@group-56420A7C215A-LeaderElection16] INFO  server.RaftServerConfigKeys (ConfUtils.java:logGet(46)) - raft.server.watch.timeout = 180s (custom)
2023-10-17 18:54:42,799 [d11f4703-3fdf-44d6-a0a1-43cd820167cb@group-56420A7C215A-LeaderElection16] INFO  server.RaftServerConfigKeys (ConfUtils.java:logGet(46)) - raft.server.watch.timeout.denomination = 1s (default)
2023-10-17 18:54:42,799 [d11f4703-3fdf-44d6-a0a1-43cd820167cb@group-56420A7C215A-LeaderElection16] INFO  server.RaftServerConfigKeys (ConfUtils.java:logGet(46)) - raft.server.watch.element-limit = 65536 (default)
2023-10-17 18:54:42,799 [d11f4703-3fdf-44d6-a0a1-43cd820167cb@group-56420A7C215A-LeaderElection16] INFO  server.RaftServerConfigKeys (ConfUtils.java:logGet(46)) - raft.server.write.element-limit = 1024 (custom)
2023-10-17 18:54:42,799 [d11f4703-3fdf-44d6-a0a1-43cd820167cb@group-56420A7C215A-LeaderElection16] INFO  server.RaftServerConfigKeys (ConfUtils.java:logGet(46)) - raft.server.write.follower.gap.ratio.max = -1.0 (default)
2023-10-17 18:54:42,798 [grpc-default-executor-1] INFO  impl.VoteContext (VoteContext.java:log(49)) - a546daa4-0106-41e2-a933-0105fc903a66@group-56420A7C215A-FOLLOWER: accept ELECTION from d11f4703-3fdf-44d6-a0a1-43cd820167cb: our priority 0 <= candidate's priority 1
2023-10-17 18:54:42,800 [grpc-default-executor-1] INFO  server.RaftServer$Division (RaftServerImpl.java:setRole(329)) - a546daa4-0106-41e2-a933-0105fc903a66@group-56420A7C215A: changes role from  FOLLOWER to FOLLOWER at term 1 for candidate:d11f4703-3fdf-44d6-a0a1-43cd820167cb
2023-10-17 18:54:42,800 [grpc-default-executor-1] INFO  impl.RoleInfo (RoleInfo.java:shutdownFollowerState(110)) - a546daa4-0106-41e2-a933-0105fc903a66: shutdown a546daa4-0106-41e2-a933-0105fc903a66@group-56420A7C215A-FollowerState
2023-10-17 18:54:42,800 [grpc-default-executor-1] INFO  impl.RoleInfo (RoleInfo.java:updateAndGet(139)) - a546daa4-0106-41e2-a933-0105fc903a66: start a546daa4-0106-41e2-a933-0105fc903a66@group-56420A7C215A-FollowerState
2023-10-17 18:54:42,800 [a546daa4-0106-41e2-a933-0105fc903a66@group-56420A7C215A-FollowerState] INFO  impl.FollowerState (FollowerState.java:run(152)) - a546daa4-0106-41e2-a933-0105fc903a66@group-56420A7C215A-FollowerState was interrupted
2023-10-17 18:54:42,802 [d11f4703-3fdf-44d6-a0a1-43cd820167cb@group-56420A7C215A-LeaderElection16] INFO  server.RaftServerConfigKeys (ConfUtils.java:logGet(46)) - raft.server.log.appender.snapshot.chunk.size.max = 16MB (=16777216) (default)
2023-10-17 18:54:42,802 [d11f4703-3fdf-44d6-a0a1-43cd820167cb@group-56420A7C215A-LeaderElection16] INFO  server.RaftServerConfigKeys (ConfUtils.java:logGet(46)) - raft.server.log.appender.buffer.byte-limit = 33554432 (custom)
2023-10-17 18:54:42,802 [d11f4703-3fdf-44d6-a0a1-43cd820167cb@group-56420A7C215A-LeaderElection16] INFO  server.RaftServerConfigKeys (ConfUtils.java:logGet(46)) - raft.server.log.appender.buffer.element-limit = 1 (custom)
2023-10-17 18:54:42,805 [EventQueue-PipelineReportForPipelineReportHandler] INFO  pipeline.PipelineReportHandler (PipelineReportHandler.java:processPipelineReport(136)) - Opened pipeline PipelineID=4a5d2cf1-d5b8-4acc-8b67-56420a7c215a
2023-10-17 18:54:42,808 [d11f4703-3fdf-44d6-a0a1-43cd820167cb@group-56420A7C215A-LeaderElection16] INFO  server.RaftServerConfigKeys (ConfUtils.java:logGet(46)) - raft.server.log.appender.wait-time.min = 1ms (custom)
2023-10-17 18:54:42,808 [d11f4703-3fdf-44d6-a0a1-43cd820167cb@group-56420A7C215A-LeaderElection16] INFO  grpc.GrpcConfigKeys (ConfUtils.java:logGet(46)) - raft.grpc.server.leader.outstanding.appends.max = 128 (default)
2023-10-17 18:54:42,808 [d11f4703-3fdf-44d6-a0a1-43cd820167cb@group-56420A7C215A-LeaderElection16] INFO  server.RaftServerConfigKeys (ConfUtils.java:logGet(46)) - raft.server.rpc.request.timeout = 60s (custom)
2023-10-17 18:54:42,808 [d11f4703-3fdf-44d6-a0a1-43cd820167cb@group-56420A7C215A-LeaderElection16] INFO  grpc.GrpcConfigKeys (ConfUtils.java:logGet(46)) - raft.grpc.server.install_snapshot.request.element-limit = 8 (default)
2023-10-17 18:54:42,808 [d11f4703-3fdf-44d6-a0a1-43cd820167cb@group-56420A7C215A-LeaderElection16] INFO  grpc.GrpcConfigKeys (ConfUtils.java:logGet(46)) - raft.grpc.server.install_snapshot.request.timeout = 3000ms (default)
2023-10-17 18:54:42,808 [d11f4703-3fdf-44d6-a0a1-43cd820167cb@group-56420A7C215A-LeaderElection16] INFO  server.RaftServerConfigKeys (ConfUtils.java:logGet(46)) - raft.server.log.appender.install.snapshot.enabled = false (custom)
2023-10-17 18:54:42,808 [d11f4703-3fdf-44d6-a0a1-43cd820167cb@group-56420A7C215A-LeaderElection16] INFO  grpc.GrpcConfigKeys (ConfUtils.java:logGet(46)) - raft.grpc.server.heartbeat.channel = true (default)
2023-10-17 18:54:42,815 [d11f4703-3fdf-44d6-a0a1-43cd820167cb@group-56420A7C215A-LeaderElection16] INFO  server.RaftServerConfigKeys (ConfUtils.java:logGet(46)) - raft.server.log.appender.snapshot.chunk.size.max = 16MB (=16777216) (default)
2023-10-17 18:54:42,815 [d11f4703-3fdf-44d6-a0a1-43cd820167cb@group-56420A7C215A-LeaderElection16] INFO  server.RaftServerConfigKeys (ConfUtils.java:logGet(46)) - raft.server.log.appender.buffer.byte-limit = 33554432 (custom)
2023-10-17 18:54:42,815 [d11f4703-3fdf-44d6-a0a1-43cd820167cb@group-56420A7C215A-LeaderElection16] INFO  server.RaftServerConfigKeys (ConfUtils.java:logGet(46)) - raft.server.log.appender.buffer.element-limit = 1 (custom)
2023-10-17 18:54:42,815 [d11f4703-3fdf-44d6-a0a1-43cd820167cb@group-56420A7C215A-LeaderElection16] INFO  server.RaftServerConfigKeys (ConfUtils.java:logGet(46)) - raft.server.log.appender.wait-time.min = 1ms (custom)
2023-10-17 18:54:42,815 [d11f4703-3fdf-44d6-a0a1-43cd820167cb@group-56420A7C215A-LeaderElection16] INFO  grpc.GrpcConfigKeys (ConfUtils.java:logGet(46)) - raft.grpc.server.leader.outstanding.appends.max = 128 (default)
2023-10-17 18:54:42,815 [d11f4703-3fdf-44d6-a0a1-43cd820167cb@group-56420A7C215A-LeaderElection16] INFO  server.RaftServerConfigKeys (ConfUtils.java:logGet(46)) - raft.server.rpc.request.timeout = 60s (custom)
2023-10-17 18:54:42,815 [d11f4703-3fdf-44d6-a0a1-43cd820167cb@group-56420A7C215A-LeaderElection16] INFO  grpc.GrpcConfigKeys (ConfUtils.java:logGet(46)) - raft.grpc.server.install_snapshot.request.element-limit = 8 (default)
2023-10-17 18:54:42,815 [d11f4703-3fdf-44d6-a0a1-43cd820167cb@group-56420A7C215A-LeaderElection16] INFO  grpc.GrpcConfigKeys (ConfUtils.java:logGet(46)) - raft.grpc.server.install_snapshot.request.timeout = 3000ms (default)
2023-10-17 18:54:42,815 [d11f4703-3fdf-44d6-a0a1-43cd820167cb@group-56420A7C215A-LeaderElection16] INFO  server.RaftServerConfigKeys (ConfUtils.java:logGet(46)) - raft.server.log.appender.install.snapshot.enabled = false (custom)
2023-10-17 18:54:42,816 [d11f4703-3fdf-44d6-a0a1-43cd820167cb@group-56420A7C215A-LeaderElection16] INFO  grpc.GrpcConfigKeys (ConfUtils.java:logGet(46)) - raft.grpc.server.heartbeat.channel = true (default)
2023-10-17 18:54:42,816 [d11f4703-3fdf-44d6-a0a1-43cd820167cb@group-56420A7C215A-LeaderElection16] INFO  impl.RoleInfo (RoleInfo.java:updateAndGet(139)) - d11f4703-3fdf-44d6-a0a1-43cd820167cb: start d11f4703-3fdf-44d6-a0a1-43cd820167cb@group-56420A7C215A-LeaderStateImpl
2023-10-17 18:54:42,816 [d11f4703-3fdf-44d6-a0a1-43cd820167cb@group-56420A7C215A-LeaderElection16] INFO  segmented.SegmentedRaftLogWorker (SegmentedRaftLogWorker.java:startLogSegment(447)) - d11f4703-3fdf-44d6-a0a1-43cd820167cb@group-56420A7C215A-SegmentedRaftLogWorker: Starting segment from index:0
2023-10-17 18:54:42,816 [grpc-default-executor-1] INFO  server.RaftServer$Division (RaftServerImpl.java:requestVote(1335)) - a546daa4-0106-41e2-a933-0105fc903a66@group-56420A7C215A replies to ELECTION vote request: d11f4703-3fdf-44d6-a0a1-43cd820167cb<-a546daa4-0106-41e2-a933-0105fc903a66#0:OK-t1. Peer's state: a546daa4-0106-41e2-a933-0105fc903a66@group-56420A7C215A:t1, leader=null, voted=d11f4703-3fdf-44d6-a0a1-43cd820167cb, raftlog=Memoized:a546daa4-0106-41e2-a933-0105fc903a66@group-56420A7C215A-SegmentedRaftLog:OPENED:c-1, conf=-1: peers:[a9a64069-5644-4cd4-ae1b-13efe84d56e4|rpc:10.1.0.79:15050|admin:10.1.0.79:15049|client:10.1.0.79:15048|dataStream:10.1.0.79:15051|priority:0|startupRole:FOLLOWER, d11f4703-3fdf-44d6-a0a1-43cd820167cb|rpc:10.1.0.79:15059|admin:10.1.0.79:15058|client:10.1.0.79:15057|dataStream:10.1.0.79:15060|priority:1|startupRole:FOLLOWER, a546daa4-0106-41e2-a933-0105fc903a66|rpc:10.1.0.79:15041|admin:10.1.0.79:15040|client:10.1.0.79:15039|dataStream:10.1.0.79:15042|priority:0|startupRole:FOLLOWER]|listeners:[], old=null
2023-10-17 18:54:42,818 [d11f4703-3fdf-44d6-a0a1-43cd820167cb@group-56420A7C215A-SegmentedRaftLogWorker] INFO  segmented.SegmentedRaftLogWorker (SegmentedRaftLogWorker.java:execute(651)) - d11f4703-3fdf-44d6-a0a1-43cd820167cb@group-56420A7C215A-SegmentedRaftLogWorker: created new log segment /home/runner/work/ozone/ozone/hadoop-ozone/integration-test/target/test-dir/MiniOzoneClusterImpl-6d5b43b8-50d7-4b60-8424-e359ec6f806a/datanode-5/data/ratis/4a5d2cf1-d5b8-4acc-8b67-56420a7c215a/current/log_inprogress_0
2023-10-17 18:54:42,846 [d11f4703-3fdf-44d6-a0a1-43cd820167cb@group-56420A7C215A-LeaderElection16] INFO  server.RaftServer$Division (ServerState.java:setRaftConf(434)) - d11f4703-3fdf-44d6-a0a1-43cd820167cb@group-56420A7C215A: set configuration 0: peers:[a9a64069-5644-4cd4-ae1b-13efe84d56e4|rpc:10.1.0.79:15050|admin:10.1.0.79:15049|client:10.1.0.79:15048|dataStream:10.1.0.79:15051|priority:0|startupRole:FOLLOWER, d11f4703-3fdf-44d6-a0a1-43cd820167cb|rpc:10.1.0.79:15059|admin:10.1.0.79:15058|client:10.1.0.79:15057|dataStream:10.1.0.79:15060|priority:1|startupRole:FOLLOWER, a546daa4-0106-41e2-a933-0105fc903a66|rpc:10.1.0.79:15041|admin:10.1.0.79:15040|client:10.1.0.79:15039|dataStream:10.1.0.79:15042|priority:0|startupRole:FOLLOWER]|listeners:[], old=null
2023-10-17 18:54:42,873 [a546daa4-0106-41e2-a933-0105fc903a66-server-thread1] INFO  ratis.XceiverServerRatis (XceiverServerRatis.java:handleLeaderChangedNotification(902)) - Leader change notification received for group: group-56420A7C215A with new leaderId: d11f4703-3fdf-44d6-a0a1-43cd820167cb
2023-10-17 18:54:42,873 [a546daa4-0106-41e2-a933-0105fc903a66-server-thread1] INFO  server.RaftServer$Division (ServerState.java:setLeader(317)) - a546daa4-0106-41e2-a933-0105fc903a66@group-56420A7C215A: change Leader from null to d11f4703-3fdf-44d6-a0a1-43cd820167cb at term 1 for appendEntries, leader elected after 5461ms
2023-10-17 18:54:42,881 [a546daa4-0106-41e2-a933-0105fc903a66-server-thread1] INFO  server.RaftServer$Division (ServerState.java:setRaftConf(434)) - a546daa4-0106-41e2-a933-0105fc903a66@group-56420A7C215A: set configuration 0: peers:[a9a64069-5644-4cd4-ae1b-13efe84d56e4|rpc:10.1.0.79:15050|admin:10.1.0.79:15049|client:10.1.0.79:15048|dataStream:10.1.0.79:15051|priority:0|startupRole:FOLLOWER, d11f4703-3fdf-44d6-a0a1-43cd820167cb|rpc:10.1.0.79:15059|admin:10.1.0.79:15058|client:10.1.0.79:15057|dataStream:10.1.0.79:15060|priority:1|startupRole:FOLLOWER, a546daa4-0106-41e2-a933-0105fc903a66|rpc:10.1.0.79:15041|admin:10.1.0.79:15040|client:10.1.0.79:15039|dataStream:10.1.0.79:15042|priority:0|startupRole:FOLLOWER]|listeners:[], old=null
2023-10-17 18:54:42,890 [a546daa4-0106-41e2-a933-0105fc903a66-server-thread1] INFO  segmented.SegmentedRaftLogWorker (SegmentedRaftLogWorker.java:startLogSegment(447)) - a546daa4-0106-41e2-a933-0105fc903a66@group-56420A7C215A-SegmentedRaftLogWorker: Starting segment from index:0
2023-10-17 18:54:42,890 [a9a64069-5644-4cd4-ae1b-13efe84d56e4-server-thread2] INFO  ratis.XceiverServerRatis (XceiverServerRatis.java:handleLeaderChangedNotification(902)) - Leader change notification received for group: group-56420A7C215A with new leaderId: d11f4703-3fdf-44d6-a0a1-43cd820167cb
2023-10-17 18:54:42,890 [a9a64069-5644-4cd4-ae1b-13efe84d56e4-server-thread2] INFO  server.RaftServer$Division (ServerState.java:setLeader(317)) - a9a64069-5644-4cd4-ae1b-13efe84d56e4@group-56420A7C215A: change Leader from null to d11f4703-3fdf-44d6-a0a1-43cd820167cb at term 1 for appendEntries, leader elected after 5520ms
2023-10-17 18:54:42,907 [a9a64069-5644-4cd4-ae1b-13efe84d56e4-server-thread1] INFO  server.RaftServer$Division (ServerState.java:setRaftConf(434)) - a9a64069-5644-4cd4-ae1b-13efe84d56e4@group-56420A7C215A: set configuration 0: peers:[a9a64069-5644-4cd4-ae1b-13efe84d56e4|rpc:10.1.0.79:15050|admin:10.1.0.79:15049|client:10.1.0.79:15048|dataStream:10.1.0.79:15051|priority:0|startupRole:FOLLOWER, d11f4703-3fdf-44d6-a0a1-43cd820167cb|rpc:10.1.0.79:15059|admin:10.1.0.79:15058|client:10.1.0.79:15057|dataStream:10.1.0.79:15060|priority:1|startupRole:FOLLOWER, a546daa4-0106-41e2-a933-0105fc903a66|rpc:10.1.0.79:15041|admin:10.1.0.79:15040|client:10.1.0.79:15039|dataStream:10.1.0.79:15042|priority:0|startupRole:FOLLOWER]|listeners:[], old=null
2023-10-17 18:54:42,908 [a9a64069-5644-4cd4-ae1b-13efe84d56e4-server-thread1] INFO  segmented.SegmentedRaftLogWorker (SegmentedRaftLogWorker.java:startLogSegment(447)) - a9a64069-5644-4cd4-ae1b-13efe84d56e4@group-56420A7C215A-SegmentedRaftLogWorker: Starting segment from index:0
2023-10-17 18:54:42,909 [a9a64069-5644-4cd4-ae1b-13efe84d56e4@group-56420A7C215A-SegmentedRaftLogWorker] INFO  segmented.SegmentedRaftLogWorker (SegmentedRaftLogWorker.java:execute(651)) - a9a64069-5644-4cd4-ae1b-13efe84d56e4@group-56420A7C215A-SegmentedRaftLogWorker: created new log segment /home/runner/work/ozone/ozone/hadoop-ozone/integration-test/target/test-dir/MiniOzoneClusterImpl-6d5b43b8-50d7-4b60-8424-e359ec6f806a/datanode-4/data/ratis/4a5d2cf1-d5b8-4acc-8b67-56420a7c215a/current/log_inprogress_0
2023-10-17 18:54:42,910 [a546daa4-0106-41e2-a933-0105fc903a66@group-56420A7C215A-SegmentedRaftLogWorker] INFO  segmented.SegmentedRaftLogWorker (SegmentedRaftLogWorker.java:execute(651)) - a546daa4-0106-41e2-a933-0105fc903a66@group-56420A7C215A-SegmentedRaftLogWorker: created new log segment /home/runner/work/ozone/ozone/hadoop-ozone/integration-test/target/test-dir/MiniOzoneClusterImpl-6d5b43b8-50d7-4b60-8424-e359ec6f806a/datanode-3/data/ratis/4a5d2cf1-d5b8-4acc-8b67-56420a7c215a/current/log_inprogress_0
2023-10-17 18:54:43,090 [9f5ee6cc-18ea-4245-a4cd-5944efe2ec09@group-6DB83C75C4FF-FollowerState] INFO  impl.FollowerState (FollowerState.java:run(143)) - 9f5ee6cc-18ea-4245-a4cd-5944efe2ec09@group-6DB83C75C4FF-FollowerState: change to CANDIDATE, lastRpcElapsedTime:5006571131ns, electionTimeout:5006ms
2023-10-17 18:54:43,090 [9f5ee6cc-18ea-4245-a4cd-5944efe2ec09@group-6DB83C75C4FF-FollowerState] INFO  impl.RoleInfo (RoleInfo.java:shutdownFollowerState(110)) - 9f5ee6cc-18ea-4245-a4cd-5944efe2ec09: shutdown 9f5ee6cc-18ea-4245-a4cd-5944efe2ec09@group-6DB83C75C4FF-FollowerState
2023-10-17 18:54:43,091 [9f5ee6cc-18ea-4245-a4cd-5944efe2ec09@group-6DB83C75C4FF-FollowerState] INFO  server.RaftServer$Division (RaftServerImpl.java:setRole(329)) - 9f5ee6cc-18ea-4245-a4cd-5944efe2ec09@group-6DB83C75C4FF: changes role from  FOLLOWER to CANDIDATE at term 0 for changeToCandidate
2023-10-17 18:54:43,091 [9f5ee6cc-18ea-4245-a4cd-5944efe2ec09@group-6DB83C75C4FF-FollowerState] INFO  server.RaftServerConfigKeys (ConfUtils.java:logGet(46)) - raft.server.leaderelection.pre-vote = true (default)
2023-10-17 18:54:43,091 [9f5ee6cc-18ea-4245-a4cd-5944efe2ec09@group-6DB83C75C4FF-FollowerState] INFO  impl.RoleInfo (RoleInfo.java:updateAndGet(139)) - 9f5ee6cc-18ea-4245-a4cd-5944efe2ec09: start 9f5ee6cc-18ea-4245-a4cd-5944efe2ec09@group-6DB83C75C4FF-LeaderElection17
2023-10-17 18:54:43,096 [9f5ee6cc-18ea-4245-a4cd-5944efe2ec09@group-6DB83C75C4FF-LeaderElection17] INFO  impl.LeaderElection (LeaderElection.java:askForVotes(321)) - 9f5ee6cc-18ea-4245-a4cd-5944efe2ec09@group-6DB83C75C4FF-LeaderElection17 PRE_VOTE round 0: submit vote requests at term 0 for -1: peers:[9f5ee6cc-18ea-4245-a4cd-5944efe2ec09|rpc:10.1.0.79:15068|admin:10.1.0.79:15067|client:10.1.0.79:15066|dataStream:10.1.0.79:15069|priority:1|startupRole:FOLLOWER]|listeners:[], old=null
2023-10-17 18:54:43,096 [9f5ee6cc-18ea-4245-a4cd-5944efe2ec09@group-6DB83C75C4FF-LeaderElection17] INFO  impl.LeaderElection (LeaderElection.java:askForVotes(323)) - 9f5ee6cc-18ea-4245-a4cd-5944efe2ec09@group-6DB83C75C4FF-LeaderElection17 PRE_VOTE round 0: result PASSED (term=0)
2023-10-17 18:54:43,099 [9f5ee6cc-18ea-4245-a4cd-5944efe2ec09@group-6DB83C75C4FF-LeaderElection17] INFO  impl.LeaderElection (LeaderElection.java:askForVotes(321)) - 9f5ee6cc-18ea-4245-a4cd-5944efe2ec09@group-6DB83C75C4FF-LeaderElection17 ELECTION round 0: submit vote requests at term 1 for -1: peers:[9f5ee6cc-18ea-4245-a4cd-5944efe2ec09|rpc:10.1.0.79:15068|admin:10.1.0.79:15067|client:10.1.0.79:15066|dataStream:10.1.0.79:15069|priority:1|startupRole:FOLLOWER]|listeners:[], old=null
2023-10-17 18:54:43,099 [9f5ee6cc-18ea-4245-a4cd-5944efe2ec09@group-6DB83C75C4FF-LeaderElection17] INFO  impl.LeaderElection (LeaderElection.java:askForVotes(323)) - 9f5ee6cc-18ea-4245-a4cd-5944efe2ec09@group-6DB83C75C4FF-LeaderElection17 ELECTION round 0: result PASSED (term=1)
2023-10-17 18:54:43,099 [9f5ee6cc-18ea-4245-a4cd-5944efe2ec09@group-6DB83C75C4FF-LeaderElection17] INFO  impl.RoleInfo (RoleInfo.java:shutdownLeaderElection(130)) - 9f5ee6cc-18ea-4245-a4cd-5944efe2ec09: shutdown 9f5ee6cc-18ea-4245-a4cd-5944efe2ec09@group-6DB83C75C4FF-LeaderElection17
2023-10-17 18:54:43,099 [9f5ee6cc-18ea-4245-a4cd-5944efe2ec09@group-6DB83C75C4FF-LeaderElection17] INFO  server.RaftServer$Division (RaftServerImpl.java:setRole(329)) - 9f5ee6cc-18ea-4245-a4cd-5944efe2ec09@group-6DB83C75C4FF: changes role from CANDIDATE to LEADER at term 1 for changeToLeader
2023-10-17 18:54:43,099 [9f5ee6cc-18ea-4245-a4cd-5944efe2ec09@group-6DB83C75C4FF-LeaderElection17] INFO  ratis.XceiverServerRatis (XceiverServerRatis.java:handleLeaderChangedNotification(902)) - Leader change notification received for group: group-6DB83C75C4FF with new leaderId: 9f5ee6cc-18ea-4245-a4cd-5944efe2ec09
2023-10-17 18:54:43,100 [9f5ee6cc-18ea-4245-a4cd-5944efe2ec09@group-6DB83C75C4FF-LeaderElection17] INFO  server.RaftServer$Division (ServerState.java:setLeader(317)) - 9f5ee6cc-18ea-4245-a4cd-5944efe2ec09@group-6DB83C75C4FF: change Leader from null to 9f5ee6cc-18ea-4245-a4cd-5944efe2ec09 at term 1 for becomeLeader, leader elected after 5038ms
2023-10-17 18:54:43,100 [9f5ee6cc-18ea-4245-a4cd-5944efe2ec09@group-6DB83C75C4FF-LeaderElection17] INFO  server.RaftServerConfigKeys (ConfUtils.java:logGet(46)) - raft.server.staging.catchup.gap = 1000 (default)
2023-10-17 18:54:43,101 [9f5ee6cc-18ea-4245-a4cd-5944efe2ec09@group-6DB83C75C4FF-LeaderElection17] INFO  server.RaftServerConfigKeys (ConfUtils.java:logGet(46)) - raft.server.write.element-limit = 1024 (custom)
2023-10-17 18:54:43,101 [9f5ee6cc-18ea-4245-a4cd-5944efe2ec09@group-6DB83C75C4FF-LeaderElection17] INFO  server.RaftServerConfigKeys (ConfUtils.java:logGet(46)) - raft.server.write.byte-limit = 1024 M (=1073741824) (custom)
2023-10-17 18:54:43,104 [9f5ee6cc-18ea-4245-a4cd-5944efe2ec09@group-6DB83C75C4FF-LeaderElection17] INFO  server.RaftServerConfigKeys (ConfUtils.java:logGet(46)) - raft.server.watch.timeout = 180s (custom)
2023-10-17 18:54:43,104 [9f5ee6cc-18ea-4245-a4cd-5944efe2ec09@group-6DB83C75C4FF-LeaderElection17] INFO  server.RaftServerConfigKeys (ConfUtils.java:logGet(46)) - raft.server.watch.timeout.denomination = 1s (default)
2023-10-17 18:54:43,104 [9f5ee6cc-18ea-4245-a4cd-5944efe2ec09@group-6DB83C75C4FF-LeaderElection17] INFO  server.RaftServerConfigKeys (ConfUtils.java:logGet(46)) - raft.server.watch.element-limit = 65536 (default)
2023-10-17 18:54:43,104 [9f5ee6cc-18ea-4245-a4cd-5944efe2ec09@group-6DB83C75C4FF-LeaderElection17] INFO  server.RaftServerConfigKeys (ConfUtils.java:logGet(46)) - raft.server.write.element-limit = 1024 (custom)
2023-10-17 18:54:43,104 [9f5ee6cc-18ea-4245-a4cd-5944efe2ec09@group-6DB83C75C4FF-LeaderElection17] INFO  server.RaftServerConfigKeys (ConfUtils.java:logGet(46)) - raft.server.write.follower.gap.ratio.max = -1.0 (default)
2023-10-17 18:54:43,105 [9f5ee6cc-18ea-4245-a4cd-5944efe2ec09@group-6DB83C75C4FF-LeaderElection17] INFO  impl.RoleInfo (RoleInfo.java:updateAndGet(139)) - 9f5ee6cc-18ea-4245-a4cd-5944efe2ec09: start 9f5ee6cc-18ea-4245-a4cd-5944efe2ec09@group-6DB83C75C4FF-LeaderStateImpl
2023-10-17 18:54:43,105 [9f5ee6cc-18ea-4245-a4cd-5944efe2ec09@group-6DB83C75C4FF-LeaderElection17] INFO  segmented.SegmentedRaftLogWorker (SegmentedRaftLogWorker.java:startLogSegment(447)) - 9f5ee6cc-18ea-4245-a4cd-5944efe2ec09@group-6DB83C75C4FF-SegmentedRaftLogWorker: Starting segment from index:0
2023-10-17 18:54:43,107 [9f5ee6cc-18ea-4245-a4cd-5944efe2ec09@group-6DB83C75C4FF-SegmentedRaftLogWorker] INFO  segmented.SegmentedRaftLogWorker (SegmentedRaftLogWorker.java:execute(651)) - 9f5ee6cc-18ea-4245-a4cd-5944efe2ec09@group-6DB83C75C4FF-SegmentedRaftLogWorker: created new log segment /home/runner/work/ozone/ozone/hadoop-ozone/integration-test/target/test-dir/MiniOzoneClusterImpl-6d5b43b8-50d7-4b60-8424-e359ec6f806a/datanode-6/data/ratis/310e0d4e-5cf7-4a40-9a16-6db83c75c4ff/current/log_inprogress_0
2023-10-17 18:54:43,117 [9f5ee6cc-18ea-4245-a4cd-5944efe2ec09@group-6DB83C75C4FF-LeaderElection17] INFO  server.RaftServer$Division (ServerState.java:setRaftConf(434)) - 9f5ee6cc-18ea-4245-a4cd-5944efe2ec09@group-6DB83C75C4FF: set configuration 0: peers:[9f5ee6cc-18ea-4245-a4cd-5944efe2ec09|rpc:10.1.0.79:15068|admin:10.1.0.79:15067|client:10.1.0.79:15066|dataStream:10.1.0.79:15069|priority:1|startupRole:FOLLOWER]|listeners:[], old=null
2023-10-17 18:54:43,235 [c3f8e5ad-ff25-4bb1-b821-874019ad4281@group-FD33B511FC74-FollowerState] INFO  impl.FollowerState (FollowerState.java:run(143)) - c3f8e5ad-ff25-4bb1-b821-874019ad4281@group-FD33B511FC74-FollowerState: change to CANDIDATE, lastRpcElapsedTime:5048912388ns, electionTimeout:5045ms
2023-10-17 18:54:43,235 [c3f8e5ad-ff25-4bb1-b821-874019ad4281@group-FD33B511FC74-FollowerState] INFO  impl.RoleInfo (RoleInfo.java:shutdownFollowerState(110)) - c3f8e5ad-ff25-4bb1-b821-874019ad4281: shutdown c3f8e5ad-ff25-4bb1-b821-874019ad4281@group-FD33B511FC74-FollowerState
2023-10-17 18:54:43,236 [c3f8e5ad-ff25-4bb1-b821-874019ad4281@group-FD33B511FC74-FollowerState] INFO  server.RaftServer$Division (RaftServerImpl.java:setRole(329)) - c3f8e5ad-ff25-4bb1-b821-874019ad4281@group-FD33B511FC74: changes role from  FOLLOWER to CANDIDATE at term 0 for changeToCandidate
2023-10-17 18:54:43,236 [c3f8e5ad-ff25-4bb1-b821-874019ad4281@group-FD33B511FC74-FollowerState] INFO  server.RaftServerConfigKeys (ConfUtils.java:logGet(46)) - raft.server.leaderelection.pre-vote = true (default)
2023-10-17 18:54:43,236 [c3f8e5ad-ff25-4bb1-b821-874019ad4281@group-FD33B511FC74-FollowerState] INFO  impl.RoleInfo (RoleInfo.java:updateAndGet(139)) - c3f8e5ad-ff25-4bb1-b821-874019ad4281: start c3f8e5ad-ff25-4bb1-b821-874019ad4281@group-FD33B511FC74-LeaderElection18
2023-10-17 18:54:43,244 [c3f8e5ad-ff25-4bb1-b821-874019ad4281@group-FD33B511FC74-LeaderElection18] INFO  impl.LeaderElection (LeaderElection.java:askForVotes(321)) - c3f8e5ad-ff25-4bb1-b821-874019ad4281@group-FD33B511FC74-LeaderElection18 PRE_VOTE round 0: submit vote requests at term 0 for -1: peers:[c3f8e5ad-ff25-4bb1-b821-874019ad4281|rpc:10.1.0.79:15077|admin:10.1.0.79:15076|client:10.1.0.79:15075|dataStream:10.1.0.79:15078|priority:0|startupRole:FOLLOWER, 7a0123dc-2631-482f-afc4-3bb35f550263|rpc:10.1.0.79:15086|admin:10.1.0.79:15085|client:10.1.0.79:15084|dataStream:10.1.0.79:15087|priority:1|startupRole:FOLLOWER, 9f5ee6cc-18ea-4245-a4cd-5944efe2ec09|rpc:10.1.0.79:15068|admin:10.1.0.79:15067|client:10.1.0.79:15066|dataStream:10.1.0.79:15069|priority:0|startupRole:FOLLOWER]|listeners:[], old=null
2023-10-17 18:54:43,252 [c3f8e5ad-ff25-4bb1-b821-874019ad4281@group-FD33B511FC74-LeaderElection18-1] INFO  server.GrpcServerProtocolClient (GrpcServerProtocolClient.java:<init>(65)) - Build channel for 7a0123dc-2631-482f-afc4-3bb35f550263
2023-10-17 18:54:43,255 [c3f8e5ad-ff25-4bb1-b821-874019ad4281@group-FD33B511FC74-LeaderElection18] INFO  server.RaftServerConfigKeys (ConfUtils.java:logFallback(53)) - raft.server.rpc.first-election.timeout.min = 5s (fallback to raft.server.rpc.timeout.min)
2023-10-17 18:54:43,255 [c3f8e5ad-ff25-4bb1-b821-874019ad4281@group-FD33B511FC74-LeaderElection18] INFO  server.RaftServerConfigKeys (ConfUtils.java:logFallback(53)) - raft.server.rpc.first-election.timeout.max = 5200ms (fallback to raft.server.rpc.timeout.max)
2023-10-17 18:54:43,255 [c3f8e5ad-ff25-4bb1-b821-874019ad4281@group-FD33B511FC74-LeaderElection18-2] INFO  server.GrpcServerProtocolClient (GrpcServerProtocolClient.java:<init>(65)) - Build channel for 9f5ee6cc-18ea-4245-a4cd-5944efe2ec09
2023-10-17 18:54:43,262 [grpc-default-executor-8] INFO  server.RaftServer$Division (RaftServerImpl.java:requestVote(1302)) - 7a0123dc-2631-482f-afc4-3bb35f550263@group-FD33B511FC74: receive requestVote(PRE_VOTE, c3f8e5ad-ff25-4bb1-b821-874019ad4281, group-FD33B511FC74, 0, (t:0, i:0))
2023-10-17 18:54:43,262 [grpc-default-executor-8] INFO  impl.VoteContext (VoteContext.java:log(49)) - 7a0123dc-2631-482f-afc4-3bb35f550263@group-FD33B511FC74-FOLLOWER: reject PRE_VOTE from c3f8e5ad-ff25-4bb1-b821-874019ad4281: our priority 1 > candidate's priority 0
2023-10-17 18:54:43,262 [grpc-default-executor-8] INFO  server.RaftServer$Division (RaftServerImpl.java:requestVote(1335)) - 7a0123dc-2631-482f-afc4-3bb35f550263@group-FD33B511FC74 replies to PRE_VOTE vote request: c3f8e5ad-ff25-4bb1-b821-874019ad4281<-7a0123dc-2631-482f-afc4-3bb35f550263#0:FAIL-t0. Peer's state: 7a0123dc-2631-482f-afc4-3bb35f550263@group-FD33B511FC74:t0, leader=null, voted=, raftlog=Memoized:7a0123dc-2631-482f-afc4-3bb35f550263@group-FD33B511FC74-SegmentedRaftLog:OPENED:c-1, conf=-1: peers:[c3f8e5ad-ff25-4bb1-b821-874019ad4281|rpc:10.1.0.79:15077|admin:10.1.0.79:15076|client:10.1.0.79:15075|dataStream:10.1.0.79:15078|priority:0|startupRole:FOLLOWER, 7a0123dc-2631-482f-afc4-3bb35f550263|rpc:10.1.0.79:15086|admin:10.1.0.79:15085|client:10.1.0.79:15084|dataStream:10.1.0.79:15087|priority:1|startupRole:FOLLOWER, 9f5ee6cc-18ea-4245-a4cd-5944efe2ec09|rpc:10.1.0.79:15068|admin:10.1.0.79:15067|client:10.1.0.79:15066|dataStream:10.1.0.79:15069|priority:0|startupRole:FOLLOWER]|listeners:[], old=null
2023-10-17 18:54:43,267 [c3f8e5ad-ff25-4bb1-b821-874019ad4281@group-FD33B511FC74-LeaderElection18] INFO  impl.LeaderElection (LeaderElection.java:logAndReturn(90)) - c3f8e5ad-ff25-4bb1-b821-874019ad4281@group-FD33B511FC74-LeaderElection18: PRE_VOTE REJECTED received 1 response(s) and 0 exception(s):
2023-10-17 18:54:43,268 [c3f8e5ad-ff25-4bb1-b821-874019ad4281@group-FD33B511FC74-LeaderElection18] INFO  impl.LeaderElection (LeaderElection.java:logAndReturn(94)) -   Response 0: c3f8e5ad-ff25-4bb1-b821-874019ad4281<-7a0123dc-2631-482f-afc4-3bb35f550263#0:FAIL-t0
2023-10-17 18:54:43,268 [c3f8e5ad-ff25-4bb1-b821-874019ad4281@group-FD33B511FC74-LeaderElection18] INFO  impl.LeaderElection (LeaderElection.java:askForVotes(323)) - c3f8e5ad-ff25-4bb1-b821-874019ad4281@group-FD33B511FC74-LeaderElection18 PRE_VOTE round 0: result REJECTED
2023-10-17 18:54:43,268 [c3f8e5ad-ff25-4bb1-b821-874019ad4281@group-FD33B511FC74-LeaderElection18] INFO  server.RaftServer$Division (RaftServerImpl.java:setRole(329)) - c3f8e5ad-ff25-4bb1-b821-874019ad4281@group-FD33B511FC74: changes role from CANDIDATE to FOLLOWER at term 0 for REJECTED
2023-10-17 18:54:43,268 [c3f8e5ad-ff25-4bb1-b821-874019ad4281@group-FD33B511FC74-LeaderElection18] INFO  impl.RoleInfo (RoleInfo.java:shutdownLeaderElection(130)) - c3f8e5ad-ff25-4bb1-b821-874019ad4281: shutdown c3f8e5ad-ff25-4bb1-b821-874019ad4281@group-FD33B511FC74-LeaderElection18
2023-10-17 18:54:43,268 [c3f8e5ad-ff25-4bb1-b821-874019ad4281@group-FD33B511FC74-LeaderElection18] INFO  impl.RoleInfo (RoleInfo.java:updateAndGet(139)) - c3f8e5ad-ff25-4bb1-b821-874019ad4281: start c3f8e5ad-ff25-4bb1-b821-874019ad4281@group-FD33B511FC74-FollowerState
2023-10-17 18:54:43,274 [grpc-default-executor-8] INFO  server.RaftServer$Division (RaftServerImpl.java:requestVote(1302)) - 9f5ee6cc-18ea-4245-a4cd-5944efe2ec09@group-FD33B511FC74: receive requestVote(PRE_VOTE, c3f8e5ad-ff25-4bb1-b821-874019ad4281, group-FD33B511FC74, 0, (t:0, i:0))
2023-10-17 18:54:43,274 [grpc-default-executor-8] INFO  impl.VoteContext (VoteContext.java:log(49)) - 9f5ee6cc-18ea-4245-a4cd-5944efe2ec09@group-FD33B511FC74-FOLLOWER: accept PRE_VOTE from c3f8e5ad-ff25-4bb1-b821-874019ad4281: our priority 0 <= candidate's priority 0
2023-10-17 18:54:43,274 [grpc-default-executor-8] INFO  server.RaftServer$Division (RaftServerImpl.java:requestVote(1335)) - 9f5ee6cc-18ea-4245-a4cd-5944efe2ec09@group-FD33B511FC74 replies to PRE_VOTE vote request: c3f8e5ad-ff25-4bb1-b821-874019ad4281<-9f5ee6cc-18ea-4245-a4cd-5944efe2ec09#0:OK-t0. Peer's state: 9f5ee6cc-18ea-4245-a4cd-5944efe2ec09@group-FD33B511FC74:t0, leader=null, voted=, raftlog=Memoized:9f5ee6cc-18ea-4245-a4cd-5944efe2ec09@group-FD33B511FC74-SegmentedRaftLog:OPENED:c-1, conf=-1: peers:[c3f8e5ad-ff25-4bb1-b821-874019ad4281|rpc:10.1.0.79:15077|admin:10.1.0.79:15076|client:10.1.0.79:15075|dataStream:10.1.0.79:15078|priority:0|startupRole:FOLLOWER, 7a0123dc-2631-482f-afc4-3bb35f550263|rpc:10.1.0.79:15086|admin:10.1.0.79:15085|client:10.1.0.79:15084|dataStream:10.1.0.79:15087|priority:1|startupRole:FOLLOWER, 9f5ee6cc-18ea-4245-a4cd-5944efe2ec09|rpc:10.1.0.79:15068|admin:10.1.0.79:15067|client:10.1.0.79:15066|dataStream:10.1.0.79:15069|priority:0|startupRole:FOLLOWER]|listeners:[], old=null
2023-10-17 18:54:43,303 [7a0123dc-2631-482f-afc4-3bb35f550263@group-FD33B511FC74-FollowerState] INFO  impl.FollowerState (FollowerState.java:run(143)) - 7a0123dc-2631-482f-afc4-3bb35f550263@group-FD33B511FC74-FollowerState: change to CANDIDATE, lastRpcElapsedTime:5054131719ns, electionTimeout:5051ms
2023-10-17 18:54:43,303 [7a0123dc-2631-482f-afc4-3bb35f550263@group-FD33B511FC74-FollowerState] INFO  impl.RoleInfo (RoleInfo.java:shutdownFollowerState(110)) - 7a0123dc-2631-482f-afc4-3bb35f550263: shutdown 7a0123dc-2631-482f-afc4-3bb35f550263@group-FD33B511FC74-FollowerState
2023-10-17 18:54:43,303 [7a0123dc-2631-482f-afc4-3bb35f550263@group-FD33B511FC74-FollowerState] INFO  server.RaftServer$Division (RaftServerImpl.java:setRole(329)) - 7a0123dc-2631-482f-afc4-3bb35f550263@group-FD33B511FC74: changes role from  FOLLOWER to CANDIDATE at term 0 for changeToCandidate
2023-10-17 18:54:43,303 [7a0123dc-2631-482f-afc4-3bb35f550263@group-FD33B511FC74-FollowerState] INFO  server.RaftServerConfigKeys (ConfUtils.java:logGet(46)) - raft.server.leaderelection.pre-vote = true (default)
2023-10-17 18:54:43,303 [7a0123dc-2631-482f-afc4-3bb35f550263@group-FD33B511FC74-FollowerState] INFO  impl.RoleInfo (RoleInfo.java:updateAndGet(139)) - 7a0123dc-2631-482f-afc4-3bb35f550263: start 7a0123dc-2631-482f-afc4-3bb35f550263@group-FD33B511FC74-LeaderElection19
2023-10-17 18:54:43,304 [7a0123dc-2631-482f-afc4-3bb35f550263@group-FD33B511FC74-LeaderElection19] INFO  impl.LeaderElection (LeaderElection.java:askForVotes(321)) - 7a0123dc-2631-482f-afc4-3bb35f550263@group-FD33B511FC74-LeaderElection19 PRE_VOTE round 0: submit vote requests at term 0 for -1: peers:[c3f8e5ad-ff25-4bb1-b821-874019ad4281|rpc:10.1.0.79:15077|admin:10.1.0.79:15076|client:10.1.0.79:15075|dataStream:10.1.0.79:15078|priority:0|startupRole:FOLLOWER, 7a0123dc-2631-482f-afc4-3bb35f550263|rpc:10.1.0.79:15086|admin:10.1.0.79:15085|client:10.1.0.79:15084|dataStream:10.1.0.79:15087|priority:1|startupRole:FOLLOWER, 9f5ee6cc-18ea-4245-a4cd-5944efe2ec09|rpc:10.1.0.79:15068|admin:10.1.0.79:15067|client:10.1.0.79:15066|dataStream:10.1.0.79:15069|priority:0|startupRole:FOLLOWER]|listeners:[], old=null
2023-10-17 18:54:43,305 [7a0123dc-2631-482f-afc4-3bb35f550263@group-FD33B511FC74-LeaderElection19-1] INFO  server.GrpcServerProtocolClient (GrpcServerProtocolClient.java:<init>(65)) - Build channel for c3f8e5ad-ff25-4bb1-b821-874019ad4281
2023-10-17 18:54:43,306 [7a0123dc-2631-482f-afc4-3bb35f550263@group-FD33B511FC74-LeaderElection19] INFO  server.RaftServerConfigKeys (ConfUtils.java:logFallback(53)) - raft.server.rpc.first-election.timeout.min = 5s (fallback to raft.server.rpc.timeout.min)
2023-10-17 18:54:43,306 [7a0123dc-2631-482f-afc4-3bb35f550263@group-FD33B511FC74-LeaderElection19] INFO  server.RaftServerConfigKeys (ConfUtils.java:logFallback(53)) - raft.server.rpc.first-election.timeout.max = 5200ms (fallback to raft.server.rpc.timeout.max)
2023-10-17 18:54:43,307 [7a0123dc-2631-482f-afc4-3bb35f550263@group-FD33B511FC74-LeaderElection19-2] INFO  server.GrpcServerProtocolClient (GrpcServerProtocolClient.java:<init>(65)) - Build channel for 9f5ee6cc-18ea-4245-a4cd-5944efe2ec09
2023-10-17 18:54:43,316 [grpc-default-executor-8] INFO  server.RaftServer$Division (RaftServerImpl.java:requestVote(1302)) - 9f5ee6cc-18ea-4245-a4cd-5944efe2ec09@group-FD33B511FC74: receive requestVote(PRE_VOTE, 7a0123dc-2631-482f-afc4-3bb35f550263, group-FD33B511FC74, 0, (t:0, i:0))
2023-10-17 18:54:43,316 [grpc-default-executor-8] INFO  impl.VoteContext (VoteContext.java:log(49)) - 9f5ee6cc-18ea-4245-a4cd-5944efe2ec09@group-FD33B511FC74-FOLLOWER: accept PRE_VOTE from 7a0123dc-2631-482f-afc4-3bb35f550263: our priority 0 <= candidate's priority 1
2023-10-17 18:54:43,316 [grpc-default-executor-8] INFO  server.RaftServer$Division (RaftServerImpl.java:requestVote(1335)) - 9f5ee6cc-18ea-4245-a4cd-5944efe2ec09@group-FD33B511FC74 replies to PRE_VOTE vote request: 7a0123dc-2631-482f-afc4-3bb35f550263<-9f5ee6cc-18ea-4245-a4cd-5944efe2ec09#0:OK-t0. Peer's state: 9f5ee6cc-18ea-4245-a4cd-5944efe2ec09@group-FD33B511FC74:t0, leader=null, voted=, raftlog=Memoized:9f5ee6cc-18ea-4245-a4cd-5944efe2ec09@group-FD33B511FC74-SegmentedRaftLog:OPENED:c-1, conf=-1: peers:[c3f8e5ad-ff25-4bb1-b821-874019ad4281|rpc:10.1.0.79:15077|admin:10.1.0.79:15076|client:10.1.0.79:15075|dataStream:10.1.0.79:15078|priority:0|startupRole:FOLLOWER, 7a0123dc-2631-482f-afc4-3bb35f550263|rpc:10.1.0.79:15086|admin:10.1.0.79:15085|client:10.1.0.79:15084|dataStream:10.1.0.79:15087|priority:1|startupRole:FOLLOWER, 9f5ee6cc-18ea-4245-a4cd-5944efe2ec09|rpc:10.1.0.79:15068|admin:10.1.0.79:15067|client:10.1.0.79:15066|dataStream:10.1.0.79:15069|priority:0|startupRole:FOLLOWER]|listeners:[], old=null
2023-10-17 18:54:43,323 [7a0123dc-2631-482f-afc4-3bb35f550263@group-FD33B511FC74-LeaderElection19] INFO  impl.LeaderElection (LeaderElection.java:logAndReturn(90)) - 7a0123dc-2631-482f-afc4-3bb35f550263@group-FD33B511FC74-LeaderElection19: PRE_VOTE PASSED received 1 response(s) and 0 exception(s):
2023-10-17 18:54:43,323 [7a0123dc-2631-482f-afc4-3bb35f550263@group-FD33B511FC74-LeaderElection19] INFO  impl.LeaderElection (LeaderElection.java:logAndReturn(94)) -   Response 0: 7a0123dc-2631-482f-afc4-3bb35f550263<-9f5ee6cc-18ea-4245-a4cd-5944efe2ec09#0:OK-t0
2023-10-17 18:54:43,323 [7a0123dc-2631-482f-afc4-3bb35f550263@group-FD33B511FC74-LeaderElection19] INFO  impl.LeaderElection (LeaderElection.java:askForVotes(323)) - 7a0123dc-2631-482f-afc4-3bb35f550263@group-FD33B511FC74-LeaderElection19 PRE_VOTE round 0: result PASSED
2023-10-17 18:54:43,325 [7a0123dc-2631-482f-afc4-3bb35f550263@group-FD33B511FC74-LeaderElection19] INFO  impl.LeaderElection (LeaderElection.java:askForVotes(321)) - 7a0123dc-2631-482f-afc4-3bb35f550263@group-FD33B511FC74-LeaderElection19 ELECTION round 0: submit vote requests at term 1 for -1: peers:[c3f8e5ad-ff25-4bb1-b821-874019ad4281|rpc:10.1.0.79:15077|admin:10.1.0.79:15076|client:10.1.0.79:15075|dataStream:10.1.0.79:15078|priority:0|startupRole:FOLLOWER, 7a0123dc-2631-482f-afc4-3bb35f550263|rpc:10.1.0.79:15086|admin:10.1.0.79:15085|client:10.1.0.79:15084|dataStream:10.1.0.79:15087|priority:1|startupRole:FOLLOWER, 9f5ee6cc-18ea-4245-a4cd-5944efe2ec09|rpc:10.1.0.79:15068|admin:10.1.0.79:15067|client:10.1.0.79:15066|dataStream:10.1.0.79:15069|priority:0|startupRole:FOLLOWER]|listeners:[], old=null
2023-10-17 18:54:43,325 [grpc-default-executor-8] INFO  server.RaftServer$Division (RaftServerImpl.java:requestVote(1302)) - c3f8e5ad-ff25-4bb1-b821-874019ad4281@group-FD33B511FC74: receive requestVote(PRE_VOTE, 7a0123dc-2631-482f-afc4-3bb35f550263, group-FD33B511FC74, 0, (t:0, i:0))
2023-10-17 18:54:43,325 [grpc-default-executor-8] INFO  impl.VoteContext (VoteContext.java:log(49)) - c3f8e5ad-ff25-4bb1-b821-874019ad4281@group-FD33B511FC74-FOLLOWER: accept PRE_VOTE from 7a0123dc-2631-482f-afc4-3bb35f550263: our priority 0 <= candidate's priority 1
2023-10-17 18:54:43,326 [grpc-default-executor-8] INFO  server.RaftServer$Division (RaftServerImpl.java:requestVote(1335)) - c3f8e5ad-ff25-4bb1-b821-874019ad4281@group-FD33B511FC74 replies to PRE_VOTE vote request: 7a0123dc-2631-482f-afc4-3bb35f550263<-c3f8e5ad-ff25-4bb1-b821-874019ad4281#0:OK-t0. Peer's state: c3f8e5ad-ff25-4bb1-b821-874019ad4281@group-FD33B511FC74:t0, leader=null, voted=, raftlog=Memoized:c3f8e5ad-ff25-4bb1-b821-874019ad4281@group-FD33B511FC74-SegmentedRaftLog:OPENED:c-1, conf=-1: peers:[c3f8e5ad-ff25-4bb1-b821-874019ad4281|rpc:10.1.0.79:15077|admin:10.1.0.79:15076|client:10.1.0.79:15075|dataStream:10.1.0.79:15078|priority:0|startupRole:FOLLOWER, 7a0123dc-2631-482f-afc4-3bb35f550263|rpc:10.1.0.79:15086|admin:10.1.0.79:15085|client:10.1.0.79:15084|dataStream:10.1.0.79:15087|priority:1|startupRole:FOLLOWER, 9f5ee6cc-18ea-4245-a4cd-5944efe2ec09|rpc:10.1.0.79:15068|admin:10.1.0.79:15067|client:10.1.0.79:15066|dataStream:10.1.0.79:15069|priority:0|startupRole:FOLLOWER]|listeners:[], old=null
2023-10-17 18:54:43,330 [7a0123dc-2631-482f-afc4-3bb35f550263@group-FD33B511FC74-LeaderElection19] INFO  server.RaftServerConfigKeys (ConfUtils.java:logFallback(53)) - raft.server.rpc.first-election.timeout.min = 5s (fallback to raft.server.rpc.timeout.min)
2023-10-17 18:54:43,331 [7a0123dc-2631-482f-afc4-3bb35f550263@group-FD33B511FC74-LeaderElection19] INFO  server.RaftServerConfigKeys (ConfUtils.java:logFallback(53)) - raft.server.rpc.first-election.timeout.max = 5200ms (fallback to raft.server.rpc.timeout.max)
2023-10-17 18:54:43,337 [9f5ee6cc-18ea-4245-a4cd-5944efe2ec09@group-FD33B511FC74-FollowerState] INFO  server.RaftServerConfigKeys (ConfUtils.java:logFallback(53)) - raft.server.rpc.first-election.timeout.min = 5s (fallback to raft.server.rpc.timeout.min)
2023-10-17 18:54:43,337 [9f5ee6cc-18ea-4245-a4cd-5944efe2ec09@group-FD33B511FC74-FollowerState] INFO  server.RaftServerConfigKeys (ConfUtils.java:logFallback(53)) - raft.server.rpc.first-election.timeout.max = 5200ms (fallback to raft.server.rpc.timeout.max)
2023-10-17 18:54:43,345 [grpc-default-executor-8] INFO  server.RaftServer$Division (RaftServerImpl.java:requestVote(1302)) - 9f5ee6cc-18ea-4245-a4cd-5944efe2ec09@group-FD33B511FC74: receive requestVote(ELECTION, 7a0123dc-2631-482f-afc4-3bb35f550263, group-FD33B511FC74, 1, (t:0, i:0))
2023-10-17 18:54:43,345 [grpc-default-executor-8] INFO  impl.VoteContext (VoteContext.java:log(49)) - 9f5ee6cc-18ea-4245-a4cd-5944efe2ec09@group-FD33B511FC74-FOLLOWER: accept ELECTION from 7a0123dc-2631-482f-afc4-3bb35f550263: our priority 0 <= candidate's priority 1
2023-10-17 18:54:43,345 [grpc-default-executor-8] INFO  server.RaftServer$Division (RaftServerImpl.java:setRole(329)) - 9f5ee6cc-18ea-4245-a4cd-5944efe2ec09@group-FD33B511FC74: changes role from  FOLLOWER to FOLLOWER at term 1 for candidate:7a0123dc-2631-482f-afc4-3bb35f550263
2023-10-17 18:54:43,345 [grpc-default-executor-8] INFO  impl.RoleInfo (RoleInfo.java:shutdownFollowerState(110)) - 9f5ee6cc-18ea-4245-a4cd-5944efe2ec09: shutdown 9f5ee6cc-18ea-4245-a4cd-5944efe2ec09@group-FD33B511FC74-FollowerState
2023-10-17 18:54:43,345 [grpc-default-executor-8] INFO  impl.RoleInfo (RoleInfo.java:updateAndGet(139)) - 9f5ee6cc-18ea-4245-a4cd-5944efe2ec09: start 9f5ee6cc-18ea-4245-a4cd-5944efe2ec09@group-FD33B511FC74-FollowerState
2023-10-17 18:54:43,345 [9f5ee6cc-18ea-4245-a4cd-5944efe2ec09@group-FD33B511FC74-FollowerState] INFO  impl.FollowerState (FollowerState.java:run(152)) - 9f5ee6cc-18ea-4245-a4cd-5944efe2ec09@group-FD33B511FC74-FollowerState was interrupted
2023-10-17 18:54:43,347 [grpc-default-executor-6] INFO  server.RaftServer$Division (RaftServerImpl.java:requestVote(1302)) - c3f8e5ad-ff25-4bb1-b821-874019ad4281@group-FD33B511FC74: receive requestVote(ELECTION, 7a0123dc-2631-482f-afc4-3bb35f550263, group-FD33B511FC74, 1, (t:0, i:0))
2023-10-17 18:54:43,348 [grpc-default-executor-6] INFO  impl.VoteContext (VoteContext.java:log(49)) - c3f8e5ad-ff25-4bb1-b821-874019ad4281@group-FD33B511FC74-FOLLOWER: accept ELECTION from 7a0123dc-2631-482f-afc4-3bb35f550263: our priority 0 <= candidate's priority 1
2023-10-17 18:54:43,348 [grpc-default-executor-6] INFO  server.RaftServer$Division (RaftServerImpl.java:setRole(329)) - c3f8e5ad-ff25-4bb1-b821-874019ad4281@group-FD33B511FC74: changes role from  FOLLOWER to FOLLOWER at term 1 for candidate:7a0123dc-2631-482f-afc4-3bb35f550263
2023-10-17 18:54:43,348 [grpc-default-executor-6] INFO  impl.RoleInfo (RoleInfo.java:shutdownFollowerState(110)) - c3f8e5ad-ff25-4bb1-b821-874019ad4281: shutdown c3f8e5ad-ff25-4bb1-b821-874019ad4281@group-FD33B511FC74-FollowerState
2023-10-17 18:54:43,348 [grpc-default-executor-6] INFO  impl.RoleInfo (RoleInfo.java:updateAndGet(139)) - c3f8e5ad-ff25-4bb1-b821-874019ad4281: start c3f8e5ad-ff25-4bb1-b821-874019ad4281@group-FD33B511FC74-FollowerState
2023-10-17 18:54:43,348 [c3f8e5ad-ff25-4bb1-b821-874019ad4281@group-FD33B511FC74-FollowerState] INFO  impl.FollowerState (FollowerState.java:run(152)) - c3f8e5ad-ff25-4bb1-b821-874019ad4281@group-FD33B511FC74-FollowerState was interrupted
2023-10-17 18:54:43,351 [grpc-default-executor-8] INFO  server.RaftServer$Division (RaftServerImpl.java:requestVote(1335)) - 9f5ee6cc-18ea-4245-a4cd-5944efe2ec09@group-FD33B511FC74 replies to ELECTION vote request: 7a0123dc-2631-482f-afc4-3bb35f550263<-9f5ee6cc-18ea-4245-a4cd-5944efe2ec09#0:OK-t1. Peer's state: 9f5ee6cc-18ea-4245-a4cd-5944efe2ec09@group-FD33B511FC74:t1, leader=null, voted=7a0123dc-2631-482f-afc4-3bb35f550263, raftlog=Memoized:9f5ee6cc-18ea-4245-a4cd-5944efe2ec09@group-FD33B511FC74-SegmentedRaftLog:OPENED:c-1, conf=-1: peers:[c3f8e5ad-ff25-4bb1-b821-874019ad4281|rpc:10.1.0.79:15077|admin:10.1.0.79:15076|client:10.1.0.79:15075|dataStream:10.1.0.79:15078|priority:0|startupRole:FOLLOWER, 7a0123dc-2631-482f-afc4-3bb35f550263|rpc:10.1.0.79:15086|admin:10.1.0.79:15085|client:10.1.0.79:15084|dataStream:10.1.0.79:15087|priority:1|startupRole:FOLLOWER, 9f5ee6cc-18ea-4245-a4cd-5944efe2ec09|rpc:10.1.0.79:15068|admin:10.1.0.79:15067|client:10.1.0.79:15066|dataStream:10.1.0.79:15069|priority:0|startupRole:FOLLOWER]|listeners:[], old=null
2023-10-17 18:54:43,354 [7a0123dc-2631-482f-afc4-3bb35f550263@group-FD33B511FC74-LeaderElection19] INFO  impl.LeaderElection (LeaderElection.java:logAndReturn(90)) - 7a0123dc-2631-482f-afc4-3bb35f550263@group-FD33B511FC74-LeaderElection19: ELECTION PASSED received 1 response(s) and 0 exception(s):
2023-10-17 18:54:43,354 [7a0123dc-2631-482f-afc4-3bb35f550263@group-FD33B511FC74-LeaderElection19] INFO  impl.LeaderElection (LeaderElection.java:logAndReturn(94)) -   Response 0: 7a0123dc-2631-482f-afc4-3bb35f550263<-9f5ee6cc-18ea-4245-a4cd-5944efe2ec09#0:OK-t1
2023-10-17 18:54:43,355 [7a0123dc-2631-482f-afc4-3bb35f550263@group-FD33B511FC74-LeaderElection19] INFO  impl.LeaderElection (LeaderElection.java:askForVotes(323)) - 7a0123dc-2631-482f-afc4-3bb35f550263@group-FD33B511FC74-LeaderElection19 ELECTION round 0: result PASSED
2023-10-17 18:54:43,355 [7a0123dc-2631-482f-afc4-3bb35f550263@group-FD33B511FC74-LeaderElection19] INFO  impl.RoleInfo (RoleInfo.java:shutdownLeaderElection(130)) - 7a0123dc-2631-482f-afc4-3bb35f550263: shutdown 7a0123dc-2631-482f-afc4-3bb35f550263@group-FD33B511FC74-LeaderElection19
2023-10-17 18:54:43,355 [7a0123dc-2631-482f-afc4-3bb35f550263@group-FD33B511FC74-LeaderElection19] INFO  server.RaftServer$Division (RaftServerImpl.java:setRole(329)) - 7a0123dc-2631-482f-afc4-3bb35f550263@group-FD33B511FC74: changes role from CANDIDATE to LEADER at term 1 for changeToLeader
2023-10-17 18:54:43,355 [7a0123dc-2631-482f-afc4-3bb35f550263@group-FD33B511FC74-LeaderElection19] INFO  ratis.XceiverServerRatis (XceiverServerRatis.java:handleLeaderChangedNotification(902)) - Leader change notification received for group: group-FD33B511FC74 with new leaderId: 7a0123dc-2631-482f-afc4-3bb35f550263
2023-10-17 18:54:43,355 [7a0123dc-2631-482f-afc4-3bb35f550263@group-FD33B511FC74-LeaderElection19] INFO  server.RaftServer$Division (ServerState.java:setLeader(317)) - 7a0123dc-2631-482f-afc4-3bb35f550263@group-FD33B511FC74: change Leader from null to 7a0123dc-2631-482f-afc4-3bb35f550263 at term 1 for becomeLeader, leader elected after 5129ms
2023-10-17 18:54:43,355 [7a0123dc-2631-482f-afc4-3bb35f550263@group-FD33B511FC74-LeaderElection19] INFO  server.RaftServerConfigKeys (ConfUtils.java:logGet(46)) - raft.server.staging.catchup.gap = 1000 (default)
2023-10-17 18:54:43,355 [7a0123dc-2631-482f-afc4-3bb35f550263@group-FD33B511FC74-LeaderElection19] INFO  server.RaftServerConfigKeys (ConfUtils.java:logGet(46)) - raft.server.write.element-limit = 1024 (custom)
2023-10-17 18:54:43,355 [7a0123dc-2631-482f-afc4-3bb35f550263@group-FD33B511FC74-LeaderElection19] INFO  server.RaftServerConfigKeys (ConfUtils.java:logGet(46)) - raft.server.write.byte-limit = 1024 M (=1073741824) (custom)
2023-10-17 18:54:43,356 [7a0123dc-2631-482f-afc4-3bb35f550263@group-FD33B511FC74-LeaderElection19] INFO  server.RaftServerConfigKeys (ConfUtils.java:logGet(46)) - raft.server.watch.timeout = 180s (custom)
2023-10-17 18:54:43,356 [7a0123dc-2631-482f-afc4-3bb35f550263@group-FD33B511FC74-LeaderElection19] INFO  server.RaftServerConfigKeys (ConfUtils.java:logGet(46)) - raft.server.watch.timeout.denomination = 1s (default)
2023-10-17 18:54:43,357 [EventQueue-PipelineReportForPipelineReportHandler] INFO  pipeline.PipelineReportHandler (PipelineReportHandler.java:processPipelineReport(136)) - Opened pipeline PipelineID=9389bb51-d03c-4c0b-969d-fd33b511fc74
2023-10-17 18:54:43,357 [7a0123dc-2631-482f-afc4-3bb35f550263@group-FD33B511FC74-LeaderElection19] INFO  server.RaftServerConfigKeys (ConfUtils.java:logGet(46)) - raft.server.watch.element-limit = 65536 (default)
2023-10-17 18:54:43,358 [7a0123dc-2631-482f-afc4-3bb35f550263@group-FD33B511FC74-LeaderElection19] INFO  server.RaftServerConfigKeys (ConfUtils.java:logGet(46)) - raft.server.write.element-limit = 1024 (custom)
2023-10-17 18:54:43,358 [7a0123dc-2631-482f-afc4-3bb35f550263@group-FD33B511FC74-LeaderElection19] INFO  server.RaftServerConfigKeys (ConfUtils.java:logGet(46)) - raft.server.write.follower.gap.ratio.max = -1.0 (default)
2023-10-17 18:54:43,358 [7a0123dc-2631-482f-afc4-3bb35f550263@group-FD33B511FC74-LeaderElection19] INFO  server.RaftServerConfigKeys (ConfUtils.java:logGet(46)) - raft.server.log.appender.snapshot.chunk.size.max = 16MB (=16777216) (default)
2023-10-17 18:54:43,358 [7a0123dc-2631-482f-afc4-3bb35f550263@group-FD33B511FC74-LeaderElection19] INFO  server.RaftServerConfigKeys (ConfUtils.java:logGet(46)) - raft.server.log.appender.buffer.byte-limit = 33554432 (custom)
2023-10-17 18:54:43,358 [7a0123dc-2631-482f-afc4-3bb35f550263@group-FD33B511FC74-LeaderElection19] INFO  server.RaftServerConfigKeys (ConfUtils.java:logGet(46)) - raft.server.log.appender.buffer.element-limit = 1 (custom)
2023-10-17 18:54:43,359 [grpc-default-executor-6] INFO  server.RaftServer$Division (RaftServerImpl.java:requestVote(1335)) - c3f8e5ad-ff25-4bb1-b821-874019ad4281@group-FD33B511FC74 replies to ELECTION vote request: 7a0123dc-2631-482f-afc4-3bb35f550263<-c3f8e5ad-ff25-4bb1-b821-874019ad4281#0:OK-t1. Peer's state: c3f8e5ad-ff25-4bb1-b821-874019ad4281@group-FD33B511FC74:t1, leader=null, voted=7a0123dc-2631-482f-afc4-3bb35f550263, raftlog=Memoized:c3f8e5ad-ff25-4bb1-b821-874019ad4281@group-FD33B511FC74-SegmentedRaftLog:OPENED:c-1, conf=-1: peers:[c3f8e5ad-ff25-4bb1-b821-874019ad4281|rpc:10.1.0.79:15077|admin:10.1.0.79:15076|client:10.1.0.79:15075|dataStream:10.1.0.79:15078|priority:0|startupRole:FOLLOWER, 7a0123dc-2631-482f-afc4-3bb35f550263|rpc:10.1.0.79:15086|admin:10.1.0.79:15085|client:10.1.0.79:15084|dataStream:10.1.0.79:15087|priority:1|startupRole:FOLLOWER, 9f5ee6cc-18ea-4245-a4cd-5944efe2ec09|rpc:10.1.0.79:15068|admin:10.1.0.79:15067|client:10.1.0.79:15066|dataStream:10.1.0.79:15069|priority:0|startupRole:FOLLOWER]|listeners:[], old=null
2023-10-17 18:54:43,360 [7a0123dc-2631-482f-afc4-3bb35f550263@group-FD33B511FC74-LeaderElection19] INFO  server.RaftServerConfigKeys (ConfUtils.java:logGet(46)) - raft.server.log.appender.wait-time.min = 1ms (custom)
2023-10-17 18:54:43,360 [7a0123dc-2631-482f-afc4-3bb35f550263@group-FD33B511FC74-LeaderElection19] INFO  grpc.GrpcConfigKeys (ConfUtils.java:logGet(46)) - raft.grpc.server.leader.outstanding.appends.max = 128 (default)
2023-10-17 18:54:43,360 [7a0123dc-2631-482f-afc4-3bb35f550263@group-FD33B511FC74-LeaderElection19] INFO  server.RaftServerConfigKeys (ConfUtils.java:logGet(46)) - raft.server.rpc.request.timeout = 60s (custom)
2023-10-17 18:54:43,360 [7a0123dc-2631-482f-afc4-3bb35f550263@group-FD33B511FC74-LeaderElection19] INFO  grpc.GrpcConfigKeys (ConfUtils.java:logGet(46)) - raft.grpc.server.install_snapshot.request.element-limit = 8 (default)
2023-10-17 18:54:43,360 [7a0123dc-2631-482f-afc4-3bb35f550263@group-FD33B511FC74-LeaderElection19] INFO  grpc.GrpcConfigKeys (ConfUtils.java:logGet(46)) - raft.grpc.server.install_snapshot.request.timeout = 3000ms (default)
2023-10-17 18:54:43,360 [7a0123dc-2631-482f-afc4-3bb35f550263@group-FD33B511FC74-LeaderElection19] INFO  server.RaftServerConfigKeys (ConfUtils.java:logGet(46)) - raft.server.log.appender.install.snapshot.enabled = false (custom)
2023-10-17 18:54:43,360 [7a0123dc-2631-482f-afc4-3bb35f550263@group-FD33B511FC74-LeaderElection19] INFO  grpc.GrpcConfigKeys (ConfUtils.java:logGet(46)) - raft.grpc.server.heartbeat.channel = true (default)
2023-10-17 18:54:43,362 [7a0123dc-2631-482f-afc4-3bb35f550263@group-FD33B511FC74-LeaderElection19] INFO  server.RaftServerConfigKeys (ConfUtils.java:logGet(46)) - raft.server.log.appender.snapshot.chunk.size.max = 16MB (=16777216) (default)
2023-10-17 18:54:43,363 [7a0123dc-2631-482f-afc4-3bb35f550263@group-FD33B511FC74-LeaderElection19] INFO  server.RaftServerConfigKeys (ConfUtils.java:logGet(46)) - raft.server.log.appender.buffer.byte-limit = 33554432 (custom)
2023-10-17 18:54:43,364 [7a0123dc-2631-482f-afc4-3bb35f550263@group-FD33B511FC74-LeaderElection19] INFO  server.RaftServerConfigKeys (ConfUtils.java:logGet(46)) - raft.server.log.appender.buffer.element-limit = 1 (custom)
2023-10-17 18:54:43,364 [7a0123dc-2631-482f-afc4-3bb35f550263@group-FD33B511FC74-LeaderElection19] INFO  server.RaftServerConfigKeys (ConfUtils.java:logGet(46)) - raft.server.log.appender.wait-time.min = 1ms (custom)
2023-10-17 18:54:43,364 [7a0123dc-2631-482f-afc4-3bb35f550263@group-FD33B511FC74-LeaderElection19] INFO  grpc.GrpcConfigKeys (ConfUtils.java:logGet(46)) - raft.grpc.server.leader.outstanding.appends.max = 128 (default)
2023-10-17 18:54:43,364 [7a0123dc-2631-482f-afc4-3bb35f550263@group-FD33B511FC74-LeaderElection19] INFO  server.RaftServerConfigKeys (ConfUtils.java:logGet(46)) - raft.server.rpc.request.timeout = 60s (custom)
2023-10-17 18:54:43,364 [7a0123dc-2631-482f-afc4-3bb35f550263@group-FD33B511FC74-LeaderElection19] INFO  grpc.GrpcConfigKeys (ConfUtils.java:logGet(46)) - raft.grpc.server.install_snapshot.request.element-limit = 8 (default)
2023-10-17 18:54:43,364 [7a0123dc-2631-482f-afc4-3bb35f550263@group-FD33B511FC74-LeaderElection19] INFO  grpc.GrpcConfigKeys (ConfUtils.java:logGet(46)) - raft.grpc.server.install_snapshot.request.timeout = 3000ms (default)
2023-10-17 18:54:43,364 [7a0123dc-2631-482f-afc4-3bb35f550263@group-FD33B511FC74-LeaderElection19] INFO  server.RaftServerConfigKeys (ConfUtils.java:logGet(46)) - raft.server.log.appender.install.snapshot.enabled = false (custom)
2023-10-17 18:54:43,366 [7a0123dc-2631-482f-afc4-3bb35f550263@group-FD33B511FC74-LeaderElection19] INFO  grpc.GrpcConfigKeys (ConfUtils.java:logGet(46)) - raft.grpc.server.heartbeat.channel = true (default)
2023-10-17 18:54:43,366 [7a0123dc-2631-482f-afc4-3bb35f550263@group-FD33B511FC74-LeaderElection19] INFO  impl.RoleInfo (RoleInfo.java:updateAndGet(139)) - 7a0123dc-2631-482f-afc4-3bb35f550263: start 7a0123dc-2631-482f-afc4-3bb35f550263@group-FD33B511FC74-LeaderStateImpl
2023-10-17 18:54:43,366 [7a0123dc-2631-482f-afc4-3bb35f550263@group-FD33B511FC74-LeaderElection19] INFO  segmented.SegmentedRaftLogWorker (SegmentedRaftLogWorker.java:startLogSegment(447)) - 7a0123dc-2631-482f-afc4-3bb35f550263@group-FD33B511FC74-SegmentedRaftLogWorker: Starting segment from index:0
2023-10-17 18:54:43,368 [7a0123dc-2631-482f-afc4-3bb35f550263@group-FD33B511FC74-SegmentedRaftLogWorker] INFO  segmented.SegmentedRaftLogWorker (SegmentedRaftLogWorker.java:execute(651)) - 7a0123dc-2631-482f-afc4-3bb35f550263@group-FD33B511FC74-SegmentedRaftLogWorker: created new log segment /home/runner/work/ozone/ozone/hadoop-ozone/integration-test/target/test-dir/MiniOzoneClusterImpl-6d5b43b8-50d7-4b60-8424-e359ec6f806a/datanode-8/data/ratis/9389bb51-d03c-4c0b-969d-fd33b511fc74/current/log_inprogress_0
2023-10-17 18:54:43,375 [7a0123dc-2631-482f-afc4-3bb35f550263@group-FD33B511FC74-LeaderElection19] INFO  server.RaftServer$Division (ServerState.java:setRaftConf(434)) - 7a0123dc-2631-482f-afc4-3bb35f550263@group-FD33B511FC74: set configuration 0: peers:[c3f8e5ad-ff25-4bb1-b821-874019ad4281|rpc:10.1.0.79:15077|admin:10.1.0.79:15076|client:10.1.0.79:15075|dataStream:10.1.0.79:15078|priority:0|startupRole:FOLLOWER, 7a0123dc-2631-482f-afc4-3bb35f550263|rpc:10.1.0.79:15086|admin:10.1.0.79:15085|client:10.1.0.79:15084|dataStream:10.1.0.79:15087|priority:1|startupRole:FOLLOWER, 9f5ee6cc-18ea-4245-a4cd-5944efe2ec09|rpc:10.1.0.79:15068|admin:10.1.0.79:15067|client:10.1.0.79:15066|dataStream:10.1.0.79:15069|priority:0|startupRole:FOLLOWER]|listeners:[], old=null
2023-10-17 18:54:43,391 [c3f8e5ad-ff25-4bb1-b821-874019ad4281@group-FCB9CADD0502-FollowerState] INFO  impl.FollowerState (FollowerState.java:run(143)) - c3f8e5ad-ff25-4bb1-b821-874019ad4281@group-FCB9CADD0502-FollowerState: change to CANDIDATE, lastRpcElapsedTime:5075660856ns, electionTimeout:5071ms
2023-10-17 18:54:43,391 [c3f8e5ad-ff25-4bb1-b821-874019ad4281@group-FCB9CADD0502-FollowerState] INFO  impl.RoleInfo (RoleInfo.java:shutdownFollowerState(110)) - c3f8e5ad-ff25-4bb1-b821-874019ad4281: shutdown c3f8e5ad-ff25-4bb1-b821-874019ad4281@group-FCB9CADD0502-FollowerState
2023-10-17 18:54:43,392 [c3f8e5ad-ff25-4bb1-b821-874019ad4281@group-FCB9CADD0502-FollowerState] INFO  server.RaftServer$Division (RaftServerImpl.java:setRole(329)) - c3f8e5ad-ff25-4bb1-b821-874019ad4281@group-FCB9CADD0502: changes role from  FOLLOWER to CANDIDATE at term 0 for changeToCandidate
2023-10-17 18:54:43,399 [c3f8e5ad-ff25-4bb1-b821-874019ad4281@group-FCB9CADD0502-FollowerState] INFO  server.RaftServerConfigKeys (ConfUtils.java:logGet(46)) - raft.server.leaderelection.pre-vote = true (default)
2023-10-17 18:54:43,399 [c3f8e5ad-ff25-4bb1-b821-874019ad4281@group-FCB9CADD0502-FollowerState] INFO  impl.RoleInfo (RoleInfo.java:updateAndGet(139)) - c3f8e5ad-ff25-4bb1-b821-874019ad4281: start c3f8e5ad-ff25-4bb1-b821-874019ad4281@group-FCB9CADD0502-LeaderElection20
2023-10-17 18:54:43,400 [c3f8e5ad-ff25-4bb1-b821-874019ad4281-server-thread1] INFO  ratis.XceiverServerRatis (XceiverServerRatis.java:handleLeaderChangedNotification(902)) - Leader change notification received for group: group-FD33B511FC74 with new leaderId: 7a0123dc-2631-482f-afc4-3bb35f550263
2023-10-17 18:54:43,400 [c3f8e5ad-ff25-4bb1-b821-874019ad4281-server-thread1] INFO  server.RaftServer$Division (ServerState.java:setLeader(317)) - c3f8e5ad-ff25-4bb1-b821-874019ad4281@group-FD33B511FC74: change Leader from null to 7a0123dc-2631-482f-afc4-3bb35f550263 at term 1 for appendEntries, leader elected after 5241ms
2023-10-17 18:54:43,406 [c3f8e5ad-ff25-4bb1-b821-874019ad4281-server-thread2] INFO  server.RaftServer$Division (ServerState.java:setRaftConf(434)) - c3f8e5ad-ff25-4bb1-b821-874019ad4281@group-FD33B511FC74: set configuration 0: peers:[c3f8e5ad-ff25-4bb1-b821-874019ad4281|rpc:10.1.0.79:15077|admin:10.1.0.79:15076|client:10.1.0.79:15075|dataStream:10.1.0.79:15078|priority:0|startupRole:FOLLOWER, 7a0123dc-2631-482f-afc4-3bb35f550263|rpc:10.1.0.79:15086|admin:10.1.0.79:15085|client:10.1.0.79:15084|dataStream:10.1.0.79:15087|priority:1|startupRole:FOLLOWER, 9f5ee6cc-18ea-4245-a4cd-5944efe2ec09|rpc:10.1.0.79:15068|admin:10.1.0.79:15067|client:10.1.0.79:15066|dataStream:10.1.0.79:15069|priority:0|startupRole:FOLLOWER]|listeners:[], old=null
2023-10-17 18:54:43,407 [c3f8e5ad-ff25-4bb1-b821-874019ad4281-server-thread2] INFO  segmented.SegmentedRaftLogWorker (SegmentedRaftLogWorker.java:startLogSegment(447)) - c3f8e5ad-ff25-4bb1-b821-874019ad4281@group-FD33B511FC74-SegmentedRaftLogWorker: Starting segment from index:0
2023-10-17 18:54:43,408 [9f5ee6cc-18ea-4245-a4cd-5944efe2ec09-server-thread2] INFO  ratis.XceiverServerRatis (XceiverServerRatis.java:handleLeaderChangedNotification(902)) - Leader change notification received for group: group-FD33B511FC74 with new leaderId: 7a0123dc-2631-482f-afc4-3bb35f550263
2023-10-17 18:54:43,408 [9f5ee6cc-18ea-4245-a4cd-5944efe2ec09-server-thread2] INFO  server.RaftServer$Division (ServerState.java:setLeader(317)) - 9f5ee6cc-18ea-4245-a4cd-5944efe2ec09@group-FD33B511FC74: change Leader from null to 7a0123dc-2631-482f-afc4-3bb35f550263 at term 1 for appendEntries, leader elected after 5312ms
2023-10-17 18:54:43,408 [9f5ee6cc-18ea-4245-a4cd-5944efe2ec09-server-thread2] INFO  server.RaftServer$Division (ServerState.java:setRaftConf(434)) - 9f5ee6cc-18ea-4245-a4cd-5944efe2ec09@group-FD33B511FC74: set configuration 0: peers:[c3f8e5ad-ff25-4bb1-b821-874019ad4281|rpc:10.1.0.79:15077|admin:10.1.0.79:15076|client:10.1.0.79:15075|dataStream:10.1.0.79:15078|priority:0|startupRole:FOLLOWER, 7a0123dc-2631-482f-afc4-3bb35f550263|rpc:10.1.0.79:15086|admin:10.1.0.79:15085|client:10.1.0.79:15084|dataStream:10.1.0.79:15087|priority:1|startupRole:FOLLOWER, 9f5ee6cc-18ea-4245-a4cd-5944efe2ec09|rpc:10.1.0.79:15068|admin:10.1.0.79:15067|client:10.1.0.79:15066|dataStream:10.1.0.79:15069|priority:0|startupRole:FOLLOWER]|listeners:[], old=null
2023-10-17 18:54:43,408 [9f5ee6cc-18ea-4245-a4cd-5944efe2ec09-server-thread2] INFO  segmented.SegmentedRaftLogWorker (SegmentedRaftLogWorker.java:startLogSegment(447)) - 9f5ee6cc-18ea-4245-a4cd-5944efe2ec09@group-FD33B511FC74-SegmentedRaftLogWorker: Starting segment from index:0
2023-10-17 18:54:43,410 [9f5ee6cc-18ea-4245-a4cd-5944efe2ec09@group-FD33B511FC74-SegmentedRaftLogWorker] INFO  segmented.SegmentedRaftLogWorker (SegmentedRaftLogWorker.java:execute(651)) - 9f5ee6cc-18ea-4245-a4cd-5944efe2ec09@group-FD33B511FC74-SegmentedRaftLogWorker: created new log segment /home/runner/work/ozone/ozone/hadoop-ozone/integration-test/target/test-dir/MiniOzoneClusterImpl-6d5b43b8-50d7-4b60-8424-e359ec6f806a/datanode-6/data/ratis/9389bb51-d03c-4c0b-969d-fd33b511fc74/current/log_inprogress_0
2023-10-17 18:54:43,419 [c3f8e5ad-ff25-4bb1-b821-874019ad4281@group-FCB9CADD0502-LeaderElection20] INFO  impl.LeaderElection (LeaderElection.java:askForVotes(321)) - c3f8e5ad-ff25-4bb1-b821-874019ad4281@group-FCB9CADD0502-LeaderElection20 PRE_VOTE round 0: submit vote requests at term 0 for -1: peers:[c3f8e5ad-ff25-4bb1-b821-874019ad4281|rpc:10.1.0.79:15077|admin:10.1.0.79:15076|client:10.1.0.79:15075|dataStream:10.1.0.79:15078|priority:1|startupRole:FOLLOWER, 7a0123dc-2631-482f-afc4-3bb35f550263|rpc:10.1.0.79:15086|admin:10.1.0.79:15085|client:10.1.0.79:15084|dataStream:10.1.0.79:15087|priority:0|startupRole:FOLLOWER, 9f5ee6cc-18ea-4245-a4cd-5944efe2ec09|rpc:10.1.0.79:15068|admin:10.1.0.79:15067|client:10.1.0.79:15066|dataStream:10.1.0.79:15069|priority:0|startupRole:FOLLOWER]|listeners:[], old=null
2023-10-17 18:54:43,422 [grpc-default-executor-6] INFO  server.RaftServer$Division (RaftServerImpl.java:requestVote(1302)) - 7a0123dc-2631-482f-afc4-3bb35f550263@group-FCB9CADD0502: receive requestVote(PRE_VOTE, c3f8e5ad-ff25-4bb1-b821-874019ad4281, group-FCB9CADD0502, 0, (t:0, i:0))
2023-10-17 18:54:43,423 [grpc-default-executor-6] INFO  impl.VoteContext (VoteContext.java:log(49)) - 7a0123dc-2631-482f-afc4-3bb35f550263@group-FCB9CADD0502-FOLLOWER: accept PRE_VOTE from c3f8e5ad-ff25-4bb1-b821-874019ad4281: our priority 0 <= candidate's priority 1
2023-10-17 18:54:43,423 [grpc-default-executor-6] INFO  server.RaftServer$Division (RaftServerImpl.java:requestVote(1335)) - 7a0123dc-2631-482f-afc4-3bb35f550263@group-FCB9CADD0502 replies to PRE_VOTE vote request: c3f8e5ad-ff25-4bb1-b821-874019ad4281<-7a0123dc-2631-482f-afc4-3bb35f550263#0:OK-t0. Peer's state: 7a0123dc-2631-482f-afc4-3bb35f550263@group-FCB9CADD0502:t0, leader=null, voted=, raftlog=Memoized:7a0123dc-2631-482f-afc4-3bb35f550263@group-FCB9CADD0502-SegmentedRaftLog:OPENED:c-1, conf=-1: peers:[c3f8e5ad-ff25-4bb1-b821-874019ad4281|rpc:10.1.0.79:15077|admin:10.1.0.79:15076|client:10.1.0.79:15075|dataStream:10.1.0.79:15078|priority:1|startupRole:FOLLOWER, 7a0123dc-2631-482f-afc4-3bb35f550263|rpc:10.1.0.79:15086|admin:10.1.0.79:15085|client:10.1.0.79:15084|dataStream:10.1.0.79:15087|priority:0|startupRole:FOLLOWER, 9f5ee6cc-18ea-4245-a4cd-5944efe2ec09|rpc:10.1.0.79:15068|admin:10.1.0.79:15067|client:10.1.0.79:15066|dataStream:10.1.0.79:15069|priority:0|startupRole:FOLLOWER]|listeners:[], old=null
2023-10-17 18:54:43,427 [9f5ee6cc-18ea-4245-a4cd-5944efe2ec09@group-FCB9CADD0502-FollowerState] INFO  impl.FollowerState (FollowerState.java:run(143)) - 9f5ee6cc-18ea-4245-a4cd-5944efe2ec09@group-FCB9CADD0502-FollowerState: change to CANDIDATE, lastRpcElapsedTime:5145807208ns, electionTimeout:5145ms
2023-10-17 18:54:43,428 [9f5ee6cc-18ea-4245-a4cd-5944efe2ec09@group-FCB9CADD0502-FollowerState] INFO  impl.RoleInfo (RoleInfo.java:shutdownFollowerState(110)) - 9f5ee6cc-18ea-4245-a4cd-5944efe2ec09: shutdown 9f5ee6cc-18ea-4245-a4cd-5944efe2ec09@group-FCB9CADD0502-FollowerState
2023-10-17 18:54:43,428 [9f5ee6cc-18ea-4245-a4cd-5944efe2ec09@group-FCB9CADD0502-FollowerState] INFO  server.RaftServer$Division (RaftServerImpl.java:setRole(329)) - 9f5ee6cc-18ea-4245-a4cd-5944efe2ec09@group-FCB9CADD0502: changes role from  FOLLOWER to CANDIDATE at term 0 for changeToCandidate
2023-10-17 18:54:43,428 [9f5ee6cc-18ea-4245-a4cd-5944efe2ec09@group-FCB9CADD0502-FollowerState] INFO  server.RaftServerConfigKeys (ConfUtils.java:logGet(46)) - raft.server.leaderelection.pre-vote = true (default)
2023-10-17 18:54:43,428 [9f5ee6cc-18ea-4245-a4cd-5944efe2ec09@group-FCB9CADD0502-FollowerState] INFO  impl.RoleInfo (RoleInfo.java:updateAndGet(139)) - 9f5ee6cc-18ea-4245-a4cd-5944efe2ec09: start 9f5ee6cc-18ea-4245-a4cd-5944efe2ec09@group-FCB9CADD0502-LeaderElection21
2023-10-17 18:54:43,428 [c3f8e5ad-ff25-4bb1-b821-874019ad4281@group-FCB9CADD0502-LeaderElection20] INFO  server.RaftServerConfigKeys (ConfUtils.java:logFallback(53)) - raft.server.rpc.first-election.timeout.min = 5s (fallback to raft.server.rpc.timeout.min)
2023-10-17 18:54:43,428 [c3f8e5ad-ff25-4bb1-b821-874019ad4281@group-FCB9CADD0502-LeaderElection20] INFO  server.RaftServerConfigKeys (ConfUtils.java:logFallback(53)) - raft.server.rpc.first-election.timeout.max = 5200ms (fallback to raft.server.rpc.timeout.max)
2023-10-17 18:54:43,428 [c3f8e5ad-ff25-4bb1-b821-874019ad4281@group-FCB9CADD0502-LeaderElection20] INFO  impl.LeaderElection (LeaderElection.java:logAndReturn(90)) - c3f8e5ad-ff25-4bb1-b821-874019ad4281@group-FCB9CADD0502-LeaderElection20: PRE_VOTE PASSED received 1 response(s) and 0 exception(s):
2023-10-17 18:54:43,429 [c3f8e5ad-ff25-4bb1-b821-874019ad4281@group-FCB9CADD0502-LeaderElection20] INFO  impl.LeaderElection (LeaderElection.java:logAndReturn(94)) -   Response 0: c3f8e5ad-ff25-4bb1-b821-874019ad4281<-7a0123dc-2631-482f-afc4-3bb35f550263#0:OK-t0
2023-10-17 18:54:43,429 [c3f8e5ad-ff25-4bb1-b821-874019ad4281@group-FCB9CADD0502-LeaderElection20] INFO  impl.LeaderElection (LeaderElection.java:askForVotes(323)) - c3f8e5ad-ff25-4bb1-b821-874019ad4281@group-FCB9CADD0502-LeaderElection20 PRE_VOTE round 0: result PASSED
2023-10-17 18:54:43,429 [c3f8e5ad-ff25-4bb1-b821-874019ad4281@group-FD33B511FC74-SegmentedRaftLogWorker] INFO  segmented.SegmentedRaftLogWorker (SegmentedRaftLogWorker.java:execute(651)) - c3f8e5ad-ff25-4bb1-b821-874019ad4281@group-FD33B511FC74-SegmentedRaftLogWorker: created new log segment /home/runner/work/ozone/ozone/hadoop-ozone/integration-test/target/test-dir/MiniOzoneClusterImpl-6d5b43b8-50d7-4b60-8424-e359ec6f806a/datanode-7/data/ratis/9389bb51-d03c-4c0b-969d-fd33b511fc74/current/log_inprogress_0
2023-10-17 18:54:43,433 [9f5ee6cc-18ea-4245-a4cd-5944efe2ec09@group-FCB9CADD0502-LeaderElection21] INFO  impl.LeaderElection (LeaderElection.java:askForVotes(321)) - 9f5ee6cc-18ea-4245-a4cd-5944efe2ec09@group-FCB9CADD0502-LeaderElection21 PRE_VOTE round 0: submit vote requests at term 0 for -1: peers:[c3f8e5ad-ff25-4bb1-b821-874019ad4281|rpc:10.1.0.79:15077|admin:10.1.0.79:15076|client:10.1.0.79:15075|dataStream:10.1.0.79:15078|priority:1|startupRole:FOLLOWER, 7a0123dc-2631-482f-afc4-3bb35f550263|rpc:10.1.0.79:15086|admin:10.1.0.79:15085|client:10.1.0.79:15084|dataStream:10.1.0.79:15087|priority:0|startupRole:FOLLOWER, 9f5ee6cc-18ea-4245-a4cd-5944efe2ec09|rpc:10.1.0.79:15068|admin:10.1.0.79:15067|client:10.1.0.79:15066|dataStream:10.1.0.79:15069|priority:0|startupRole:FOLLOWER]|listeners:[], old=null
2023-10-17 18:54:43,435 [grpc-default-executor-2] INFO  server.RaftServer$Division (RaftServerImpl.java:requestVote(1302)) - 9f5ee6cc-18ea-4245-a4cd-5944efe2ec09@group-FCB9CADD0502: receive requestVote(PRE_VOTE, c3f8e5ad-ff25-4bb1-b821-874019ad4281, group-FCB9CADD0502, 0, (t:0, i:0))
2023-10-17 18:54:43,436 [grpc-default-executor-2] INFO  impl.VoteContext (VoteContext.java:log(49)) - 9f5ee6cc-18ea-4245-a4cd-5944efe2ec09@group-FCB9CADD0502-CANDIDATE: accept PRE_VOTE from c3f8e5ad-ff25-4bb1-b821-874019ad4281: our priority 0 <= candidate's priority 1
2023-10-17 18:54:43,436 [grpc-default-executor-2] INFO  server.RaftServer$Division (RaftServerImpl.java:requestVote(1335)) - 9f5ee6cc-18ea-4245-a4cd-5944efe2ec09@group-FCB9CADD0502 replies to PRE_VOTE vote request: c3f8e5ad-ff25-4bb1-b821-874019ad4281<-9f5ee6cc-18ea-4245-a4cd-5944efe2ec09#0:OK-t0. Peer's state: 9f5ee6cc-18ea-4245-a4cd-5944efe2ec09@group-FCB9CADD0502:t0, leader=null, voted=, raftlog=Memoized:9f5ee6cc-18ea-4245-a4cd-5944efe2ec09@group-FCB9CADD0502-SegmentedRaftLog:OPENED:c-1, conf=-1: peers:[c3f8e5ad-ff25-4bb1-b821-874019ad4281|rpc:10.1.0.79:15077|admin:10.1.0.79:15076|client:10.1.0.79:15075|dataStream:10.1.0.79:15078|priority:1|startupRole:FOLLOWER, 7a0123dc-2631-482f-afc4-3bb35f550263|rpc:10.1.0.79:15086|admin:10.1.0.79:15085|client:10.1.0.79:15084|dataStream:10.1.0.79:15087|priority:0|startupRole:FOLLOWER, 9f5ee6cc-18ea-4245-a4cd-5944efe2ec09|rpc:10.1.0.79:15068|admin:10.1.0.79:15067|client:10.1.0.79:15066|dataStream:10.1.0.79:15069|priority:0|startupRole:FOLLOWER]|listeners:[], old=null
2023-10-17 18:54:43,443 [9f5ee6cc-18ea-4245-a4cd-5944efe2ec09@group-FCB9CADD0502-LeaderElection21-1] INFO  server.GrpcServerProtocolClient (GrpcServerProtocolClient.java:<init>(65)) - Build channel for c3f8e5ad-ff25-4bb1-b821-874019ad4281
2023-10-17 18:54:43,448 [9f5ee6cc-18ea-4245-a4cd-5944efe2ec09@group-FCB9CADD0502-LeaderElection21] INFO  server.RaftServerConfigKeys (ConfUtils.java:logFallback(53)) - raft.server.rpc.first-election.timeout.min = 5s (fallback to raft.server.rpc.timeout.min)
2023-10-17 18:54:43,449 [9f5ee6cc-18ea-4245-a4cd-5944efe2ec09@group-FCB9CADD0502-LeaderElection21] INFO  server.RaftServerConfigKeys (ConfUtils.java:logFallback(53)) - raft.server.rpc.first-election.timeout.max = 5200ms (fallback to raft.server.rpc.timeout.max)
2023-10-17 18:54:43,449 [c3f8e5ad-ff25-4bb1-b821-874019ad4281@group-FCB9CADD0502-LeaderElection20] INFO  impl.LeaderElection (LeaderElection.java:askForVotes(321)) - c3f8e5ad-ff25-4bb1-b821-874019ad4281@group-FCB9CADD0502-LeaderElection20 ELECTION round 0: submit vote requests at term 1 for -1: peers:[c3f8e5ad-ff25-4bb1-b821-874019ad4281|rpc:10.1.0.79:15077|admin:10.1.0.79:15076|client:10.1.0.79:15075|dataStream:10.1.0.79:15078|priority:1|startupRole:FOLLOWER, 7a0123dc-2631-482f-afc4-3bb35f550263|rpc:10.1.0.79:15086|admin:10.1.0.79:15085|client:10.1.0.79:15084|dataStream:10.1.0.79:15087|priority:0|startupRole:FOLLOWER, 9f5ee6cc-18ea-4245-a4cd-5944efe2ec09|rpc:10.1.0.79:15068|admin:10.1.0.79:15067|client:10.1.0.79:15066|dataStream:10.1.0.79:15069|priority:0|startupRole:FOLLOWER]|listeners:[], old=null
2023-10-17 18:54:43,449 [9f5ee6cc-18ea-4245-a4cd-5944efe2ec09@group-FCB9CADD0502-LeaderElection21-2] INFO  server.GrpcServerProtocolClient (GrpcServerProtocolClient.java:<init>(65)) - Build channel for 7a0123dc-2631-482f-afc4-3bb35f550263
2023-10-17 18:54:43,454 [grpc-default-executor-6] INFO  server.RaftServer$Division (RaftServerImpl.java:requestVote(1302)) - 7a0123dc-2631-482f-afc4-3bb35f550263@group-FCB9CADD0502: receive requestVote(ELECTION, c3f8e5ad-ff25-4bb1-b821-874019ad4281, group-FCB9CADD0502, 1, (t:0, i:0))
2023-10-17 18:54:43,455 [grpc-default-executor-6] INFO  impl.VoteContext (VoteContext.java:log(49)) - 7a0123dc-2631-482f-afc4-3bb35f550263@group-FCB9CADD0502-FOLLOWER: accept ELECTION from c3f8e5ad-ff25-4bb1-b821-874019ad4281: our priority 0 <= candidate's priority 1
2023-10-17 18:54:43,455 [grpc-default-executor-6] INFO  server.RaftServer$Division (RaftServerImpl.java:setRole(329)) - 7a0123dc-2631-482f-afc4-3bb35f550263@group-FCB9CADD0502: changes role from  FOLLOWER to FOLLOWER at term 1 for candidate:c3f8e5ad-ff25-4bb1-b821-874019ad4281
2023-10-17 18:54:43,455 [grpc-default-executor-6] INFO  impl.RoleInfo (RoleInfo.java:shutdownFollowerState(110)) - 7a0123dc-2631-482f-afc4-3bb35f550263: shutdown 7a0123dc-2631-482f-afc4-3bb35f550263@group-FCB9CADD0502-FollowerState
2023-10-17 18:54:43,455 [grpc-default-executor-4] INFO  server.RaftServer$Division (RaftServerImpl.java:requestVote(1302)) - c3f8e5ad-ff25-4bb1-b821-874019ad4281@group-FCB9CADD0502: receive requestVote(PRE_VOTE, 9f5ee6cc-18ea-4245-a4cd-5944efe2ec09, group-FCB9CADD0502, 0, (t:0, i:0))
2023-10-17 18:54:43,455 [grpc-default-executor-4] INFO  impl.VoteContext (VoteContext.java:log(49)) - c3f8e5ad-ff25-4bb1-b821-874019ad4281@group-FCB9CADD0502-CANDIDATE: reject PRE_VOTE from 9f5ee6cc-18ea-4245-a4cd-5944efe2ec09: our priority 1 > candidate's priority 0
2023-10-17 18:54:43,456 [grpc-default-executor-4] INFO  server.RaftServer$Division (RaftServerImpl.java:requestVote(1335)) - c3f8e5ad-ff25-4bb1-b821-874019ad4281@group-FCB9CADD0502 replies to PRE_VOTE vote request: 9f5ee6cc-18ea-4245-a4cd-5944efe2ec09<-c3f8e5ad-ff25-4bb1-b821-874019ad4281#0:FAIL-t1. Peer's state: c3f8e5ad-ff25-4bb1-b821-874019ad4281@group-FCB9CADD0502:t1, leader=null, voted=c3f8e5ad-ff25-4bb1-b821-874019ad4281, raftlog=Memoized:c3f8e5ad-ff25-4bb1-b821-874019ad4281@group-FCB9CADD0502-SegmentedRaftLog:OPENED:c-1, conf=-1: peers:[c3f8e5ad-ff25-4bb1-b821-874019ad4281|rpc:10.1.0.79:15077|admin:10.1.0.79:15076|client:10.1.0.79:15075|dataStream:10.1.0.79:15078|priority:1|startupRole:FOLLOWER, 7a0123dc-2631-482f-afc4-3bb35f550263|rpc:10.1.0.79:15086|admin:10.1.0.79:15085|client:10.1.0.79:15084|dataStream:10.1.0.79:15087|priority:0|startupRole:FOLLOWER, 9f5ee6cc-18ea-4245-a4cd-5944efe2ec09|rpc:10.1.0.79:15068|admin:10.1.0.79:15067|client:10.1.0.79:15066|dataStream:10.1.0.79:15069|priority:0|startupRole:FOLLOWER]|listeners:[], old=null
2023-10-17 18:54:43,457 [c3f8e5ad-ff25-4bb1-b821-874019ad4281@group-FCB9CADD0502-LeaderElection20] INFO  server.RaftServerConfigKeys (ConfUtils.java:logFallback(53)) - raft.server.rpc.first-election.timeout.min = 5s (fallback to raft.server.rpc.timeout.min)
2023-10-17 18:54:43,457 [c3f8e5ad-ff25-4bb1-b821-874019ad4281@group-FCB9CADD0502-LeaderElection20] INFO  server.RaftServerConfigKeys (ConfUtils.java:logFallback(53)) - raft.server.rpc.first-election.timeout.max = 5200ms (fallback to raft.server.rpc.timeout.max)
2023-10-17 18:54:43,457 [9f5ee6cc-18ea-4245-a4cd-5944efe2ec09@group-FCB9CADD0502-LeaderElection21] INFO  impl.LeaderElection (LeaderElection.java:logAndReturn(90)) - 9f5ee6cc-18ea-4245-a4cd-5944efe2ec09@group-FCB9CADD0502-LeaderElection21: PRE_VOTE DISCOVERED_A_NEW_TERM (term=1) received 1 response(s) and 0 exception(s):
2023-10-17 18:54:43,457 [9f5ee6cc-18ea-4245-a4cd-5944efe2ec09@group-FCB9CADD0502-LeaderElection21] INFO  impl.LeaderElection (LeaderElection.java:logAndReturn(94)) -   Response 0: 9f5ee6cc-18ea-4245-a4cd-5944efe2ec09<-c3f8e5ad-ff25-4bb1-b821-874019ad4281#0:FAIL-t1
2023-10-17 18:54:43,457 [9f5ee6cc-18ea-4245-a4cd-5944efe2ec09@group-FCB9CADD0502-LeaderElection21] INFO  impl.LeaderElection (LeaderElection.java:askForVotes(323)) - 9f5ee6cc-18ea-4245-a4cd-5944efe2ec09@group-FCB9CADD0502-LeaderElection21 PRE_VOTE round 0: result DISCOVERED_A_NEW_TERM (term=1)
2023-10-17 18:54:43,457 [9f5ee6cc-18ea-4245-a4cd-5944efe2ec09@group-FCB9CADD0502-LeaderElection21] INFO  server.RaftServer$Division (RaftServerImpl.java:setRole(329)) - 9f5ee6cc-18ea-4245-a4cd-5944efe2ec09@group-FCB9CADD0502: changes role from CANDIDATE to FOLLOWER at term 1 for DISCOVERED_A_NEW_TERM (term=1)
2023-10-17 18:54:43,457 [9f5ee6cc-18ea-4245-a4cd-5944efe2ec09@group-FCB9CADD0502-LeaderElection21] INFO  impl.RoleInfo (RoleInfo.java:shutdownLeaderElection(130)) - 9f5ee6cc-18ea-4245-a4cd-5944efe2ec09: shutdown 9f5ee6cc-18ea-4245-a4cd-5944efe2ec09@group-FCB9CADD0502-LeaderElection21
2023-10-17 18:54:43,457 [9f5ee6cc-18ea-4245-a4cd-5944efe2ec09@group-FCB9CADD0502-LeaderElection21] INFO  impl.RoleInfo (RoleInfo.java:updateAndGet(139)) - 9f5ee6cc-18ea-4245-a4cd-5944efe2ec09: start 9f5ee6cc-18ea-4245-a4cd-5944efe2ec09@group-FCB9CADD0502-FollowerState
2023-10-17 18:54:43,459 [grpc-default-executor-4] INFO  server.RaftServer$Division (RaftServerImpl.java:requestVote(1302)) - 9f5ee6cc-18ea-4245-a4cd-5944efe2ec09@group-FCB9CADD0502: receive requestVote(ELECTION, c3f8e5ad-ff25-4bb1-b821-874019ad4281, group-FCB9CADD0502, 1, (t:0, i:0))
2023-10-17 18:54:43,459 [grpc-default-executor-6] INFO  impl.RoleInfo (RoleInfo.java:updateAndGet(139)) - 7a0123dc-2631-482f-afc4-3bb35f550263: start 7a0123dc-2631-482f-afc4-3bb35f550263@group-FCB9CADD0502-FollowerState
2023-10-17 18:54:43,459 [7a0123dc-2631-482f-afc4-3bb35f550263@group-FCB9CADD0502-FollowerState] INFO  impl.FollowerState (FollowerState.java:run(152)) - 7a0123dc-2631-482f-afc4-3bb35f550263@group-FCB9CADD0502-FollowerState was interrupted
2023-10-17 18:54:43,461 [grpc-default-executor-4] INFO  impl.VoteContext (VoteContext.java:log(49)) - 9f5ee6cc-18ea-4245-a4cd-5944efe2ec09@group-FCB9CADD0502-FOLLOWER: accept ELECTION from c3f8e5ad-ff25-4bb1-b821-874019ad4281: our priority 0 <= candidate's priority 1
2023-10-17 18:54:43,461 [grpc-default-executor-4] INFO  server.RaftServer$Division (RaftServerImpl.java:setRole(329)) - 9f5ee6cc-18ea-4245-a4cd-5944efe2ec09@group-FCB9CADD0502: changes role from  FOLLOWER to FOLLOWER at term 1 for candidate:c3f8e5ad-ff25-4bb1-b821-874019ad4281
2023-10-17 18:54:43,462 [grpc-default-executor-4] INFO  impl.RoleInfo (RoleInfo.java:shutdownFollowerState(110)) - 9f5ee6cc-18ea-4245-a4cd-5944efe2ec09: shutdown 9f5ee6cc-18ea-4245-a4cd-5944efe2ec09@group-FCB9CADD0502-FollowerState
2023-10-17 18:54:43,462 [grpc-default-executor-4] INFO  impl.RoleInfo (RoleInfo.java:updateAndGet(139)) - 9f5ee6cc-18ea-4245-a4cd-5944efe2ec09: start 9f5ee6cc-18ea-4245-a4cd-5944efe2ec09@group-FCB9CADD0502-FollowerState
2023-10-17 18:54:43,462 [9f5ee6cc-18ea-4245-a4cd-5944efe2ec09@group-FCB9CADD0502-FollowerState] INFO  impl.FollowerState (FollowerState.java:run(152)) - 9f5ee6cc-18ea-4245-a4cd-5944efe2ec09@group-FCB9CADD0502-FollowerState was interrupted
2023-10-17 18:54:43,467 [grpc-default-executor-6] INFO  server.RaftServer$Division (RaftServerImpl.java:requestVote(1335)) - 7a0123dc-2631-482f-afc4-3bb35f550263@group-FCB9CADD0502 replies to ELECTION vote request: c3f8e5ad-ff25-4bb1-b821-874019ad4281<-7a0123dc-2631-482f-afc4-3bb35f550263#0:OK-t1. Peer's state: 7a0123dc-2631-482f-afc4-3bb35f550263@group-FCB9CADD0502:t1, leader=null, voted=c3f8e5ad-ff25-4bb1-b821-874019ad4281, raftlog=Memoized:7a0123dc-2631-482f-afc4-3bb35f550263@group-FCB9CADD0502-SegmentedRaftLog:OPENED:c-1, conf=-1: peers:[c3f8e5ad-ff25-4bb1-b821-874019ad4281|rpc:10.1.0.79:15077|admin:10.1.0.79:15076|client:10.1.0.79:15075|dataStream:10.1.0.79:15078|priority:1|startupRole:FOLLOWER, 7a0123dc-2631-482f-afc4-3bb35f550263|rpc:10.1.0.79:15086|admin:10.1.0.79:15085|client:10.1.0.79:15084|dataStream:10.1.0.79:15087|priority:0|startupRole:FOLLOWER, 9f5ee6cc-18ea-4245-a4cd-5944efe2ec09|rpc:10.1.0.79:15068|admin:10.1.0.79:15067|client:10.1.0.79:15066|dataStream:10.1.0.79:15069|priority:0|startupRole:FOLLOWER]|listeners:[], old=null
2023-10-17 18:54:43,468 [c3f8e5ad-ff25-4bb1-b821-874019ad4281@group-FCB9CADD0502-LeaderElection20] INFO  impl.LeaderElection (LeaderElection.java:logAndReturn(90)) - c3f8e5ad-ff25-4bb1-b821-874019ad4281@group-FCB9CADD0502-LeaderElection20: ELECTION PASSED received 1 response(s) and 0 exception(s):
2023-10-17 18:54:43,468 [c3f8e5ad-ff25-4bb1-b821-874019ad4281@group-FCB9CADD0502-LeaderElection20] INFO  impl.LeaderElection (LeaderElection.java:logAndReturn(94)) -   Response 0: c3f8e5ad-ff25-4bb1-b821-874019ad4281<-7a0123dc-2631-482f-afc4-3bb35f550263#0:OK-t1
2023-10-17 18:54:43,468 [c3f8e5ad-ff25-4bb1-b821-874019ad4281@group-FCB9CADD0502-LeaderElection20] INFO  impl.LeaderElection (LeaderElection.java:askForVotes(323)) - c3f8e5ad-ff25-4bb1-b821-874019ad4281@group-FCB9CADD0502-LeaderElection20 ELECTION round 0: result PASSED
2023-10-17 18:54:43,468 [c3f8e5ad-ff25-4bb1-b821-874019ad4281@group-FCB9CADD0502-LeaderElection20] INFO  impl.RoleInfo (RoleInfo.java:shutdownLeaderElection(130)) - c3f8e5ad-ff25-4bb1-b821-874019ad4281: shutdown c3f8e5ad-ff25-4bb1-b821-874019ad4281@group-FCB9CADD0502-LeaderElection20
2023-10-17 18:54:43,468 [c3f8e5ad-ff25-4bb1-b821-874019ad4281@group-FCB9CADD0502-LeaderElection20] INFO  server.RaftServer$Division (RaftServerImpl.java:setRole(329)) - c3f8e5ad-ff25-4bb1-b821-874019ad4281@group-FCB9CADD0502: changes role from CANDIDATE to LEADER at term 1 for changeToLeader
2023-10-17 18:54:43,468 [c3f8e5ad-ff25-4bb1-b821-874019ad4281@group-FCB9CADD0502-LeaderElection20] INFO  ratis.XceiverServerRatis (XceiverServerRatis.java:handleLeaderChangedNotification(902)) - Leader change notification received for group: group-FCB9CADD0502 with new leaderId: c3f8e5ad-ff25-4bb1-b821-874019ad4281
2023-10-17 18:54:43,468 [c3f8e5ad-ff25-4bb1-b821-874019ad4281@group-FCB9CADD0502-LeaderElection20] INFO  server.RaftServer$Division (ServerState.java:setLeader(317)) - c3f8e5ad-ff25-4bb1-b821-874019ad4281@group-FCB9CADD0502: change Leader from null to c3f8e5ad-ff25-4bb1-b821-874019ad4281 at term 1 for becomeLeader, leader elected after 5169ms
2023-10-17 18:54:43,468 [c3f8e5ad-ff25-4bb1-b821-874019ad4281@group-FCB9CADD0502-LeaderElection20] INFO  server.RaftServerConfigKeys (ConfUtils.java:logGet(46)) - raft.server.staging.catchup.gap = 1000 (default)
2023-10-17 18:54:43,469 [c3f8e5ad-ff25-4bb1-b821-874019ad4281@group-FCB9CADD0502-LeaderElection20] INFO  server.RaftServerConfigKeys (ConfUtils.java:logGet(46)) - raft.server.write.element-limit = 1024 (custom)
2023-10-17 18:54:43,469 [c3f8e5ad-ff25-4bb1-b821-874019ad4281@group-FCB9CADD0502-LeaderElection20] INFO  server.RaftServerConfigKeys (ConfUtils.java:logGet(46)) - raft.server.write.byte-limit = 1024 M (=1073741824) (custom)
2023-10-17 18:54:43,470 [c3f8e5ad-ff25-4bb1-b821-874019ad4281@group-FCB9CADD0502-LeaderElection20] INFO  server.RaftServerConfigKeys (ConfUtils.java:logGet(46)) - raft.server.watch.timeout = 180s (custom)
2023-10-17 18:54:43,470 [c3f8e5ad-ff25-4bb1-b821-874019ad4281@group-FCB9CADD0502-LeaderElection20] INFO  server.RaftServerConfigKeys (ConfUtils.java:logGet(46)) - raft.server.watch.timeout.denomination = 1s (default)
2023-10-17 18:54:43,470 [c3f8e5ad-ff25-4bb1-b821-874019ad4281@group-FCB9CADD0502-LeaderElection20] INFO  server.RaftServerConfigKeys (ConfUtils.java:logGet(46)) - raft.server.watch.element-limit = 65536 (default)
2023-10-17 18:54:43,470 [c3f8e5ad-ff25-4bb1-b821-874019ad4281@group-FCB9CADD0502-LeaderElection20] INFO  server.RaftServerConfigKeys (ConfUtils.java:logGet(46)) - raft.server.write.element-limit = 1024 (custom)
2023-10-17 18:54:43,470 [c3f8e5ad-ff25-4bb1-b821-874019ad4281@group-FCB9CADD0502-LeaderElection20] INFO  server.RaftServerConfigKeys (ConfUtils.java:logGet(46)) - raft.server.write.follower.gap.ratio.max = -1.0 (default)
2023-10-17 18:54:43,471 [c3f8e5ad-ff25-4bb1-b821-874019ad4281@group-FCB9CADD0502-LeaderElection20] INFO  server.RaftServerConfigKeys (ConfUtils.java:logGet(46)) - raft.server.log.appender.snapshot.chunk.size.max = 16MB (=16777216) (default)
2023-10-17 18:54:43,471 [c3f8e5ad-ff25-4bb1-b821-874019ad4281@group-FCB9CADD0502-LeaderElection20] INFO  server.RaftServerConfigKeys (ConfUtils.java:logGet(46)) - raft.server.log.appender.buffer.byte-limit = 33554432 (custom)
2023-10-17 18:54:43,471 [c3f8e5ad-ff25-4bb1-b821-874019ad4281@group-FCB9CADD0502-LeaderElection20] INFO  server.RaftServerConfigKeys (ConfUtils.java:logGet(46)) - raft.server.log.appender.buffer.element-limit = 1 (custom)
2023-10-17 18:54:43,471 [c3f8e5ad-ff25-4bb1-b821-874019ad4281@group-FCB9CADD0502-LeaderElection20] INFO  server.RaftServerConfigKeys (ConfUtils.java:logGet(46)) - raft.server.log.appender.wait-time.min = 1ms (custom)
2023-10-17 18:54:43,471 [c3f8e5ad-ff25-4bb1-b821-874019ad4281@group-FCB9CADD0502-LeaderElection20] INFO  grpc.GrpcConfigKeys (ConfUtils.java:logGet(46)) - raft.grpc.server.leader.outstanding.appends.max = 128 (default)
2023-10-17 18:54:43,471 [c3f8e5ad-ff25-4bb1-b821-874019ad4281@group-FCB9CADD0502-LeaderElection20] INFO  server.RaftServerConfigKeys (ConfUtils.java:logGet(46)) - raft.server.rpc.request.timeout = 60s (custom)
2023-10-17 18:54:43,471 [c3f8e5ad-ff25-4bb1-b821-874019ad4281@group-FCB9CADD0502-LeaderElection20] INFO  grpc.GrpcConfigKeys (ConfUtils.java:logGet(46)) - raft.grpc.server.install_snapshot.request.element-limit = 8 (default)
2023-10-17 18:54:43,471 [c3f8e5ad-ff25-4bb1-b821-874019ad4281@group-FCB9CADD0502-LeaderElection20] INFO  grpc.GrpcConfigKeys (ConfUtils.java:logGet(46)) - raft.grpc.server.install_snapshot.request.timeout = 3000ms (default)
2023-10-17 18:54:43,471 [c3f8e5ad-ff25-4bb1-b821-874019ad4281@group-FCB9CADD0502-LeaderElection20] INFO  server.RaftServerConfigKeys (ConfUtils.java:logGet(46)) - raft.server.log.appender.install.snapshot.enabled = false (custom)
2023-10-17 18:54:43,471 [c3f8e5ad-ff25-4bb1-b821-874019ad4281@group-FCB9CADD0502-LeaderElection20] INFO  grpc.GrpcConfigKeys (ConfUtils.java:logGet(46)) - raft.grpc.server.heartbeat.channel = true (default)
2023-10-17 18:54:43,472 [c3f8e5ad-ff25-4bb1-b821-874019ad4281@group-FCB9CADD0502-LeaderElection20] INFO  server.RaftServerConfigKeys (ConfUtils.java:logGet(46)) - raft.server.log.appender.snapshot.chunk.size.max = 16MB (=16777216) (default)
2023-10-17 18:54:43,472 [c3f8e5ad-ff25-4bb1-b821-874019ad4281@group-FCB9CADD0502-LeaderElection20] INFO  server.RaftServerConfigKeys (ConfUtils.java:logGet(46)) - raft.server.log.appender.buffer.byte-limit = 33554432 (custom)
2023-10-17 18:54:43,472 [c3f8e5ad-ff25-4bb1-b821-874019ad4281@group-FCB9CADD0502-LeaderElection20] INFO  server.RaftServerConfigKeys (ConfUtils.java:logGet(46)) - raft.server.log.appender.buffer.element-limit = 1 (custom)
2023-10-17 18:54:43,472 [c3f8e5ad-ff25-4bb1-b821-874019ad4281@group-FCB9CADD0502-LeaderElection20] INFO  server.RaftServerConfigKeys (ConfUtils.java:logGet(46)) - raft.server.log.appender.wait-time.min = 1ms (custom)
2023-10-17 18:54:43,472 [c3f8e5ad-ff25-4bb1-b821-874019ad4281@group-FCB9CADD0502-LeaderElection20] INFO  grpc.GrpcConfigKeys (ConfUtils.java:logGet(46)) - raft.grpc.server.leader.outstanding.appends.max = 128 (default)
2023-10-17 18:54:43,472 [c3f8e5ad-ff25-4bb1-b821-874019ad4281@group-FCB9CADD0502-LeaderElection20] INFO  server.RaftServerConfigKeys (ConfUtils.java:logGet(46)) - raft.server.rpc.request.timeout = 60s (custom)
2023-10-17 18:54:43,472 [c3f8e5ad-ff25-4bb1-b821-874019ad4281@group-FCB9CADD0502-LeaderElection20] INFO  grpc.GrpcConfigKeys (ConfUtils.java:logGet(46)) - raft.grpc.server.install_snapshot.request.element-limit = 8 (default)
2023-10-17 18:54:43,472 [c3f8e5ad-ff25-4bb1-b821-874019ad4281@group-FCB9CADD0502-LeaderElection20] INFO  grpc.GrpcConfigKeys (ConfUtils.java:logGet(46)) - raft.grpc.server.install_snapshot.request.timeout = 3000ms (default)
2023-10-17 18:54:43,472 [c3f8e5ad-ff25-4bb1-b821-874019ad4281@group-FCB9CADD0502-LeaderElection20] INFO  server.RaftServerConfigKeys (ConfUtils.java:logGet(46)) - raft.server.log.appender.install.snapshot.enabled = false (custom)
2023-10-17 18:54:43,472 [c3f8e5ad-ff25-4bb1-b821-874019ad4281@group-FCB9CADD0502-LeaderElection20] INFO  grpc.GrpcConfigKeys (ConfUtils.java:logGet(46)) - raft.grpc.server.heartbeat.channel = true (default)
2023-10-17 18:54:43,473 [c3f8e5ad-ff25-4bb1-b821-874019ad4281@group-FCB9CADD0502-LeaderElection20] INFO  impl.RoleInfo (RoleInfo.java:updateAndGet(139)) - c3f8e5ad-ff25-4bb1-b821-874019ad4281: start c3f8e5ad-ff25-4bb1-b821-874019ad4281@group-FCB9CADD0502-LeaderStateImpl
2023-10-17 18:54:43,474 [EventQueue-PipelineReportForPipelineReportHandler] INFO  pipeline.PipelineReportHandler (PipelineReportHandler.java:processPipelineReport(136)) - Opened pipeline PipelineID=4b423c15-5f81-4890-a592-fcb9cadd0502
2023-10-17 18:54:43,474 [grpc-default-executor-6] INFO  server.RaftServer$Division (RaftServerImpl.java:requestVote(1302)) - 7a0123dc-2631-482f-afc4-3bb35f550263@group-FCB9CADD0502: receive requestVote(PRE_VOTE, 9f5ee6cc-18ea-4245-a4cd-5944efe2ec09, group-FCB9CADD0502, 0, (t:0, i:0))
2023-10-17 18:54:43,474 [grpc-default-executor-6] INFO  impl.VoteContext (VoteContext.java:log(49)) - 7a0123dc-2631-482f-afc4-3bb35f550263@group-FCB9CADD0502-FOLLOWER: accept PRE_VOTE from 9f5ee6cc-18ea-4245-a4cd-5944efe2ec09: our priority 0 <= candidate's priority 0
2023-10-17 18:54:43,474 [grpc-default-executor-6] INFO  server.RaftServer$Division (RaftServerImpl.java:requestVote(1335)) - 7a0123dc-2631-482f-afc4-3bb35f550263@group-FCB9CADD0502 replies to PRE_VOTE vote request: 9f5ee6cc-18ea-4245-a4cd-5944efe2ec09<-7a0123dc-2631-482f-afc4-3bb35f550263#0:OK-t1. Peer's state: 7a0123dc-2631-482f-afc4-3bb35f550263@group-FCB9CADD0502:t1, leader=null, voted=c3f8e5ad-ff25-4bb1-b821-874019ad4281, raftlog=Memoized:7a0123dc-2631-482f-afc4-3bb35f550263@group-FCB9CADD0502-SegmentedRaftLog:OPENED:c-1, conf=-1: peers:[c3f8e5ad-ff25-4bb1-b821-874019ad4281|rpc:10.1.0.79:15077|admin:10.1.0.79:15076|client:10.1.0.79:15075|dataStream:10.1.0.79:15078|priority:1|startupRole:FOLLOWER, 7a0123dc-2631-482f-afc4-3bb35f550263|rpc:10.1.0.79:15086|admin:10.1.0.79:15085|client:10.1.0.79:15084|dataStream:10.1.0.79:15087|priority:0|startupRole:FOLLOWER, 9f5ee6cc-18ea-4245-a4cd-5944efe2ec09|rpc:10.1.0.79:15068|admin:10.1.0.79:15067|client:10.1.0.79:15066|dataStream:10.1.0.79:15069|priority:0|startupRole:FOLLOWER]|listeners:[], old=null
2023-10-17 18:54:43,476 [c3f8e5ad-ff25-4bb1-b821-874019ad4281@group-FCB9CADD0502-LeaderElection20] INFO  segmented.SegmentedRaftLogWorker (SegmentedRaftLogWorker.java:startLogSegment(447)) - c3f8e5ad-ff25-4bb1-b821-874019ad4281@group-FCB9CADD0502-SegmentedRaftLogWorker: Starting segment from index:0
2023-10-17 18:54:43,477 [c3f8e5ad-ff25-4bb1-b821-874019ad4281@group-FCB9CADD0502-SegmentedRaftLogWorker] INFO  segmented.SegmentedRaftLogWorker (SegmentedRaftLogWorker.java:execute(651)) - c3f8e5ad-ff25-4bb1-b821-874019ad4281@group-FCB9CADD0502-SegmentedRaftLogWorker: created new log segment /home/runner/work/ozone/ozone/hadoop-ozone/integration-test/target/test-dir/MiniOzoneClusterImpl-6d5b43b8-50d7-4b60-8424-e359ec6f806a/datanode-7/data/ratis/4b423c15-5f81-4890-a592-fcb9cadd0502/current/log_inprogress_0
2023-10-17 18:54:43,479 [grpc-default-executor-4] INFO  server.RaftServer$Division (RaftServerImpl.java:requestVote(1335)) - 9f5ee6cc-18ea-4245-a4cd-5944efe2ec09@group-FCB9CADD0502 replies to ELECTION vote request: c3f8e5ad-ff25-4bb1-b821-874019ad4281<-9f5ee6cc-18ea-4245-a4cd-5944efe2ec09#0:OK-t1. Peer's state: 9f5ee6cc-18ea-4245-a4cd-5944efe2ec09@group-FCB9CADD0502:t1, leader=null, voted=c3f8e5ad-ff25-4bb1-b821-874019ad4281, raftlog=Memoized:9f5ee6cc-18ea-4245-a4cd-5944efe2ec09@group-FCB9CADD0502-SegmentedRaftLog:OPENED:c-1, conf=-1: peers:[c3f8e5ad-ff25-4bb1-b821-874019ad4281|rpc:10.1.0.79:15077|admin:10.1.0.79:15076|client:10.1.0.79:15075|dataStream:10.1.0.79:15078|priority:1|startupRole:FOLLOWER, 7a0123dc-2631-482f-afc4-3bb35f550263|rpc:10.1.0.79:15086|admin:10.1.0.79:15085|client:10.1.0.79:15084|dataStream:10.1.0.79:15087|priority:0|startupRole:FOLLOWER, 9f5ee6cc-18ea-4245-a4cd-5944efe2ec09|rpc:10.1.0.79:15068|admin:10.1.0.79:15067|client:10.1.0.79:15066|dataStream:10.1.0.79:15069|priority:0|startupRole:FOLLOWER]|listeners:[], old=null
2023-10-17 18:54:43,481 [c3f8e5ad-ff25-4bb1-b821-874019ad4281@group-FCB9CADD0502-LeaderElection20] INFO  server.RaftServer$Division (ServerState.java:setRaftConf(434)) - c3f8e5ad-ff25-4bb1-b821-874019ad4281@group-FCB9CADD0502: set configuration 0: peers:[c3f8e5ad-ff25-4bb1-b821-874019ad4281|rpc:10.1.0.79:15077|admin:10.1.0.79:15076|client:10.1.0.79:15075|dataStream:10.1.0.79:15078|priority:1|startupRole:FOLLOWER, 7a0123dc-2631-482f-afc4-3bb35f550263|rpc:10.1.0.79:15086|admin:10.1.0.79:15085|client:10.1.0.79:15084|dataStream:10.1.0.79:15087|priority:0|startupRole:FOLLOWER, 9f5ee6cc-18ea-4245-a4cd-5944efe2ec09|rpc:10.1.0.79:15068|admin:10.1.0.79:15067|client:10.1.0.79:15066|dataStream:10.1.0.79:15069|priority:0|startupRole:FOLLOWER]|listeners:[], old=null
2023-10-17 18:54:43,512 [7a0123dc-2631-482f-afc4-3bb35f550263-server-thread1] INFO  ratis.XceiverServerRatis (XceiverServerRatis.java:handleLeaderChangedNotification(902)) - Leader change notification received for group: group-FCB9CADD0502 with new leaderId: c3f8e5ad-ff25-4bb1-b821-874019ad4281
2023-10-17 18:54:43,512 [7a0123dc-2631-482f-afc4-3bb35f550263-server-thread1] INFO  server.RaftServer$Division (ServerState.java:setLeader(317)) - 7a0123dc-2631-482f-afc4-3bb35f550263@group-FCB9CADD0502: change Leader from null to c3f8e5ad-ff25-4bb1-b821-874019ad4281 at term 1 for appendEntries, leader elected after 5156ms
2023-10-17 18:54:43,512 [7a0123dc-2631-482f-afc4-3bb35f550263-server-thread2] INFO  server.RaftServer$Division (ServerState.java:setRaftConf(434)) - 7a0123dc-2631-482f-afc4-3bb35f550263@group-FCB9CADD0502: set configuration 0: peers:[c3f8e5ad-ff25-4bb1-b821-874019ad4281|rpc:10.1.0.79:15077|admin:10.1.0.79:15076|client:10.1.0.79:15075|dataStream:10.1.0.79:15078|priority:1|startupRole:FOLLOWER, 7a0123dc-2631-482f-afc4-3bb35f550263|rpc:10.1.0.79:15086|admin:10.1.0.79:15085|client:10.1.0.79:15084|dataStream:10.1.0.79:15087|priority:0|startupRole:FOLLOWER, 9f5ee6cc-18ea-4245-a4cd-5944efe2ec09|rpc:10.1.0.79:15068|admin:10.1.0.79:15067|client:10.1.0.79:15066|dataStream:10.1.0.79:15069|priority:0|startupRole:FOLLOWER]|listeners:[], old=null
2023-10-17 18:54:43,512 [7a0123dc-2631-482f-afc4-3bb35f550263-server-thread2] INFO  segmented.SegmentedRaftLogWorker (SegmentedRaftLogWorker.java:startLogSegment(447)) - 7a0123dc-2631-482f-afc4-3bb35f550263@group-FCB9CADD0502-SegmentedRaftLogWorker: Starting segment from index:0
2023-10-17 18:54:43,514 [7a0123dc-2631-482f-afc4-3bb35f550263@group-FCB9CADD0502-SegmentedRaftLogWorker] INFO  segmented.SegmentedRaftLogWorker (SegmentedRaftLogWorker.java:execute(651)) - 7a0123dc-2631-482f-afc4-3bb35f550263@group-FCB9CADD0502-SegmentedRaftLogWorker: created new log segment /home/runner/work/ozone/ozone/hadoop-ozone/integration-test/target/test-dir/MiniOzoneClusterImpl-6d5b43b8-50d7-4b60-8424-e359ec6f806a/datanode-8/data/ratis/4b423c15-5f81-4890-a592-fcb9cadd0502/current/log_inprogress_0
2023-10-17 18:54:43,520 [9f5ee6cc-18ea-4245-a4cd-5944efe2ec09-server-thread1] INFO  ratis.XceiverServerRatis (XceiverServerRatis.java:handleLeaderChangedNotification(902)) - Leader change notification received for group: group-FCB9CADD0502 with new leaderId: c3f8e5ad-ff25-4bb1-b821-874019ad4281
2023-10-17 18:54:43,520 [9f5ee6cc-18ea-4245-a4cd-5944efe2ec09-server-thread1] INFO  server.RaftServer$Division (ServerState.java:setLeader(317)) - 9f5ee6cc-18ea-4245-a4cd-5944efe2ec09@group-FCB9CADD0502: change Leader from null to c3f8e5ad-ff25-4bb1-b821-874019ad4281 at term 1 for appendEntries, leader elected after 5255ms
2023-10-17 18:54:43,522 [9f5ee6cc-18ea-4245-a4cd-5944efe2ec09-server-thread2] INFO  server.RaftServer$Division (ServerState.java:setRaftConf(434)) - 9f5ee6cc-18ea-4245-a4cd-5944efe2ec09@group-FCB9CADD0502: set configuration 0: peers:[c3f8e5ad-ff25-4bb1-b821-874019ad4281|rpc:10.1.0.79:15077|admin:10.1.0.79:15076|client:10.1.0.79:15075|dataStream:10.1.0.79:15078|priority:1|startupRole:FOLLOWER, 7a0123dc-2631-482f-afc4-3bb35f550263|rpc:10.1.0.79:15086|admin:10.1.0.79:15085|client:10.1.0.79:15084|dataStream:10.1.0.79:15087|priority:0|startupRole:FOLLOWER, 9f5ee6cc-18ea-4245-a4cd-5944efe2ec09|rpc:10.1.0.79:15068|admin:10.1.0.79:15067|client:10.1.0.79:15066|dataStream:10.1.0.79:15069|priority:0|startupRole:FOLLOWER]|listeners:[], old=null
2023-10-17 18:54:43,522 [9f5ee6cc-18ea-4245-a4cd-5944efe2ec09-server-thread2] INFO  segmented.SegmentedRaftLogWorker (SegmentedRaftLogWorker.java:startLogSegment(447)) - 9f5ee6cc-18ea-4245-a4cd-5944efe2ec09@group-FCB9CADD0502-SegmentedRaftLogWorker: Starting segment from index:0
2023-10-17 18:54:43,535 [9f5ee6cc-18ea-4245-a4cd-5944efe2ec09@group-FCB9CADD0502-SegmentedRaftLogWorker] INFO  segmented.SegmentedRaftLogWorker (SegmentedRaftLogWorker.java:execute(651)) - 9f5ee6cc-18ea-4245-a4cd-5944efe2ec09@group-FCB9CADD0502-SegmentedRaftLogWorker: created new log segment /home/runner/work/ozone/ozone/hadoop-ozone/integration-test/target/test-dir/MiniOzoneClusterImpl-6d5b43b8-50d7-4b60-8424-e359ec6f806a/datanode-6/data/ratis/4b423c15-5f81-4890-a592-fcb9cadd0502/current/log_inprogress_0
2023-10-17 18:54:43,654 [qtp2085952212-15] ERROR generators.WadlGeneratorJAXBGrammarGenerator (WadlGeneratorJAXBGrammarGenerator.java:buildModelAndSchemas(207)) - Failed to generate the schema for the JAX-B elements
com.sun.xml.bind.v2.runtime.IllegalAnnotationsException: 1 counts of IllegalAnnotationExceptions
java.util.Map is an interface, and JAXB can't handle interfaces.
	this problem is related to the following location:
		at java.util.Map

	at com.sun.xml.bind.v2.runtime.IllegalAnnotationsException$Builder.check(IllegalAnnotationsException.java:106)
	at com.sun.xml.bind.v2.runtime.JAXBContextImpl.getTypeInfoSet(JAXBContextImpl.java:471)
	at com.sun.xml.bind.v2.runtime.JAXBContextImpl.<init>(JAXBContextImpl.java:303)
	at com.sun.xml.bind.v2.runtime.JAXBContextImpl.<init>(JAXBContextImpl.java:139)
	at com.sun.xml.bind.v2.runtime.JAXBContextImpl$JAXBContextBuilder.build(JAXBContextImpl.java:1156)
	at com.sun.xml.bind.v2.ContextFactory.createContext(ContextFactory.java:165)
	at sun.reflect.NativeMethodAccessorImpl.invoke0(Native Method)
	at sun.reflect.NativeMethodAccessorImpl.invoke(NativeMethodAccessorImpl.java:62)
	at sun.reflect.DelegatingMethodAccessorImpl.invoke(DelegatingMethodAccessorImpl.java:43)
	at java.lang.reflect.Method.invoke(Method.java:498)
	at javax.xml.bind.ContextFinder.newInstance(ContextFinder.java:247)
	at javax.xml.bind.ContextFinder.newInstance(ContextFinder.java:234)
	at javax.xml.bind.ContextFinder.find(ContextFinder.java:441)
	at javax.xml.bind.JAXBContext.newInstance(JAXBContext.java:641)
	at javax.xml.bind.JAXBContext.newInstance(JAXBContext.java:584)
	at com.sun.jersey.server.wadl.generators.WadlGeneratorJAXBGrammarGenerator.buildModelAndSchemas(WadlGeneratorJAXBGrammarGenerator.java:169)
	at com.sun.jersey.server.wadl.generators.AbstractWadlGeneratorGrammarGenerator.createExternalGrammar(AbstractWadlGeneratorGrammarGenerator.java:405)
	at com.sun.jersey.server.wadl.WadlBuilder.generate(WadlBuilder.java:149)
	at com.sun.jersey.server.impl.wadl.WadlApplicationContextImpl.getApplication(WadlApplicationContextImpl.java:119)
	at com.sun.jersey.server.impl.wadl.WadlApplicationContextImpl.getApplication(WadlApplicationContextImpl.java:138)
	at com.sun.jersey.server.impl.wadl.WadlMethodFactory$WadlOptionsMethodDispatcher.dispatch(WadlMethodFactory.java:110)
	at com.sun.jersey.server.impl.uri.rules.HttpMethodRule.accept(HttpMethodRule.java:302)
	at com.sun.jersey.server.impl.uri.rules.RightHandPathRule.accept(RightHandPathRule.java:147)
	at com.sun.jersey.server.impl.uri.rules.ResourceClassRule.accept(ResourceClassRule.java:108)
	at com.sun.jersey.server.impl.uri.rules.RightHandPathRule.accept(RightHandPathRule.java:147)
	at com.sun.jersey.server.impl.uri.rules.RootResourceClassesRule.accept(RootResourceClassesRule.java:84)
	at com.sun.jersey.server.impl.application.WebApplicationImpl._handleRequest(WebApplicationImpl.java:1542)
	at com.sun.jersey.server.impl.application.WebApplicationImpl._handleRequest(WebApplicationImpl.java:1473)
	at com.sun.jersey.server.impl.application.WebApplicationImpl.handleRequest(WebApplicationImpl.java:1419)
	at com.sun.jersey.server.impl.application.WebApplicationImpl.handleRequest(WebApplicationImpl.java:1409)
	at com.sun.jersey.spi.container.servlet.WebComponent.service(WebComponent.java:409)
	at com.sun.jersey.spi.container.servlet.ServletContainer.service(ServletContainer.java:558)
	at com.sun.jersey.spi.container.servlet.ServletContainer.service(ServletContainer.java:733)
	at javax.servlet.http.HttpServlet.service(HttpServlet.java:590)
	at org.eclipse.jetty.servlet.ServletHolder$NotAsync.service(ServletHolder.java:1459)
	at org.eclipse.jetty.servlet.ServletHolder.handle(ServletHolder.java:799)
	at org.eclipse.jetty.servlet.ServletHandler$ChainEnd.doFilter(ServletHandler.java:1656)
	at org.apache.hadoop.crypto.key.kms.server.KMSMDCFilter.doFilter(KMSMDCFilter.java:98)
	at org.eclipse.jetty.servlet.FilterHolder.doFilter(FilterHolder.java:193)
	at org.eclipse.jetty.servlet.ServletHandler$Chain.doFilter(ServletHandler.java:1626)
	at org.apache.hadoop.security.authentication.server.AuthenticationFilter.doFilter(AuthenticationFilter.java:650)
	at org.apache.hadoop.security.token.delegation.web.DelegationTokenAuthenticationFilter.doFilter(DelegationTokenAuthenticationFilter.java:305)
	at org.apache.hadoop.security.authentication.server.AuthenticationFilter.doFilter(AuthenticationFilter.java:592)
	at org.apache.hadoop.crypto.key.kms.server.KMSAuthenticationFilter.doFilter(KMSAuthenticationFilter.java:162)
	at org.eclipse.jetty.servlet.FilterHolder.doFilter(FilterHolder.java:201)
	at org.eclipse.jetty.servlet.ServletHandler$Chain.doFilter(ServletHandler.java:1626)
	at org.apache.hadoop.http.lib.StaticUserWebFilter$StaticUserFilter.doFilter(StaticUserWebFilter.java:110)
	at org.eclipse.jetty.servlet.FilterHolder.doFilter(FilterHolder.java:193)
	at org.eclipse.jetty.servlet.ServletHandler$Chain.doFilter(ServletHandler.java:1626)
	at org.apache.hadoop.http.HttpServer2$QuotingInputFilter.doFilter(HttpServer2.java:1794)
	at org.eclipse.jetty.servlet.FilterHolder.doFilter(FilterHolder.java:193)
	at org.eclipse.jetty.servlet.ServletHandler$Chain.doFilter(ServletHandler.java:1626)
	at org.apache.hadoop.http.NoCacheFilter.doFilter(NoCacheFilter.java:45)
	at org.eclipse.jetty.servlet.FilterHolder.doFilter(FilterHolder.java:193)
	at org.eclipse.jetty.servlet.ServletHandler$Chain.doFilter(ServletHandler.java:1626)
	at org.eclipse.jetty.servlet.ServletHandler.doHandle(ServletHandler.java:552)
	at org.eclipse.jetty.server.handler.ScopedHandler.handle(ScopedHandler.java:143)
	at org.eclipse.jetty.security.SecurityHandler.handle(SecurityHandler.java:600)
	at org.eclipse.jetty.server.handler.HandlerWrapper.handle(HandlerWrapper.java:127)
	at org.eclipse.jetty.server.handler.ScopedHandler.nextHandle(ScopedHandler.java:235)
	at org.eclipse.jetty.server.session.SessionHandler.doHandle(SessionHandler.java:1624)
	at org.eclipse.jetty.server.handler.ScopedHandler.nextHandle(ScopedHandler.java:233)
	at org.eclipse.jetty.server.handler.ContextHandler.doHandle(ContextHandler.java:1440)
	at org.eclipse.jetty.server.handler.ScopedHandler.nextScope(ScopedHandler.java:188)
	at org.eclipse.jetty.servlet.ServletHandler.doScope(ServletHandler.java:505)
	at org.eclipse.jetty.server.session.SessionHandler.doScope(SessionHandler.java:1594)
	at org.eclipse.jetty.server.handler.ScopedHandler.nextScope(ScopedHandler.java:186)
	at org.eclipse.jetty.server.handler.ContextHandler.doScope(ContextHandler.java:1355)
	at org.eclipse.jetty.server.handler.ScopedHandler.handle(ScopedHandler.java:141)
	at org.eclipse.jetty.server.handler.HandlerCollection.handle(HandlerCollection.java:146)
	at org.eclipse.jetty.server.handler.HandlerWrapper.handle(HandlerWrapper.java:127)
	at org.eclipse.jetty.server.Server.handle(Server.java:512)
	at org.eclipse.jetty.server.HttpChannel.lambda$handle$1(HttpChannel.java:487)
	at org.eclipse.jetty.server.HttpChannel.dispatch(HttpChannel.java:732)
	at org.eclipse.jetty.server.HttpChannel.handle(HttpChannel.java:479)
	at org.eclipse.jetty.server.HttpConnection.onFillable(HttpConnection.java:277)
	at org.eclipse.jetty.io.AbstractConnection$ReadCallback.succeeded(AbstractConnection.java:311)
	at org.eclipse.jetty.io.FillInterest.fillable(FillInterest.java:105)
	at org.eclipse.jetty.io.ChannelEndPoint$1.run(ChannelEndPoint.java:104)
	at org.eclipse.jetty.util.thread.strategy.EatWhatYouKill.runTask(EatWhatYouKill.java:338)
	at org.eclipse.jetty.util.thread.strategy.EatWhatYouKill.doProduce(EatWhatYouKill.java:315)
	at org.eclipse.jetty.util.thread.strategy.EatWhatYouKill.tryProduce(EatWhatYouKill.java:173)
	at org.eclipse.jetty.util.thread.strategy.EatWhatYouKill.produce(EatWhatYouKill.java:137)
	at org.eclipse.jetty.util.thread.QueuedThreadPool.runJob(QueuedThreadPool.java:883)
	at org.eclipse.jetty.util.thread.QueuedThreadPool$Runner.run(QueuedThreadPool.java:1034)
	at java.lang.Thread.run(Thread.java:750)
2023-10-17 18:54:43,659 [qtp2085952212-15] INFO  generators.AbstractWadlGeneratorGrammarGenerator (AbstractWadlGeneratorGrammarGenerator.java:attachTypes(479)) - Couldn't find grammar element for class javax.ws.rs.core.Response
2023-10-17 18:54:43,659 [qtp2085952212-15] INFO  generators.AbstractWadlGeneratorGrammarGenerator (AbstractWadlGeneratorGrammarGenerator.java:attachTypes(479)) - Couldn't find grammar element for class java.util.Map
2023-10-17 18:54:43,659 [qtp2085952212-15] INFO  generators.AbstractWadlGeneratorGrammarGenerator (AbstractWadlGeneratorGrammarGenerator.java:attachTypes(479)) - Couldn't find grammar element for class java.util.Map
2023-10-17 18:54:43,659 [qtp2085952212-15] INFO  generators.AbstractWadlGeneratorGrammarGenerator (AbstractWadlGeneratorGrammarGenerator.java:attachTypes(479)) - Couldn't find grammar element for class javax.ws.rs.core.Response
2023-10-17 18:54:43,659 [qtp2085952212-15] INFO  generators.AbstractWadlGeneratorGrammarGenerator (AbstractWadlGeneratorGrammarGenerator.java:attachTypes(479)) - Couldn't find grammar element for class java.util.Map
2023-10-17 18:54:43,659 [qtp2085952212-15] INFO  generators.AbstractWadlGeneratorGrammarGenerator (AbstractWadlGeneratorGrammarGenerator.java:attachTypes(479)) - Couldn't find grammar element for class java.util.Map
2023-10-17 18:54:43,660 [qtp2085952212-15] INFO  generators.AbstractWadlGeneratorGrammarGenerator (AbstractWadlGeneratorGrammarGenerator.java:attachTypes(479)) - Couldn't find grammar element for class javax.ws.rs.core.Response
2023-10-17 18:54:43,660 [qtp2085952212-15] INFO  generators.AbstractWadlGeneratorGrammarGenerator (AbstractWadlGeneratorGrammarGenerator.java:attachTypes(479)) - Couldn't find grammar element for class java.util.Map
2023-10-17 18:54:44,186 [c3f8e5ad-ff25-4bb1-b821-874019ad4281@group-A488D0957C0E-FollowerState] INFO  impl.FollowerState (FollowerState.java:run(143)) - c3f8e5ad-ff25-4bb1-b821-874019ad4281@group-A488D0957C0E-FollowerState: change to CANDIDATE, lastRpcElapsedTime:5136376773ns, electionTimeout:5135ms
2023-10-17 18:54:44,186 [c3f8e5ad-ff25-4bb1-b821-874019ad4281@group-A488D0957C0E-FollowerState] INFO  impl.RoleInfo (RoleInfo.java:shutdownFollowerState(110)) - c3f8e5ad-ff25-4bb1-b821-874019ad4281: shutdown c3f8e5ad-ff25-4bb1-b821-874019ad4281@group-A488D0957C0E-FollowerState
2023-10-17 18:54:44,186 [c3f8e5ad-ff25-4bb1-b821-874019ad4281@group-A488D0957C0E-FollowerState] INFO  server.RaftServer$Division (RaftServerImpl.java:setRole(329)) - c3f8e5ad-ff25-4bb1-b821-874019ad4281@group-A488D0957C0E: changes role from  FOLLOWER to CANDIDATE at term 0 for changeToCandidate
2023-10-17 18:54:44,186 [c3f8e5ad-ff25-4bb1-b821-874019ad4281@group-A488D0957C0E-FollowerState] INFO  server.RaftServerConfigKeys (ConfUtils.java:logGet(46)) - raft.server.leaderelection.pre-vote = true (default)
2023-10-17 18:54:44,186 [c3f8e5ad-ff25-4bb1-b821-874019ad4281@group-A488D0957C0E-FollowerState] INFO  impl.RoleInfo (RoleInfo.java:updateAndGet(139)) - c3f8e5ad-ff25-4bb1-b821-874019ad4281: start c3f8e5ad-ff25-4bb1-b821-874019ad4281@group-A488D0957C0E-LeaderElection22
2023-10-17 18:54:44,191 [c3f8e5ad-ff25-4bb1-b821-874019ad4281@group-A488D0957C0E-LeaderElection22] INFO  impl.LeaderElection (LeaderElection.java:askForVotes(321)) - c3f8e5ad-ff25-4bb1-b821-874019ad4281@group-A488D0957C0E-LeaderElection22 PRE_VOTE round 0: submit vote requests at term 0 for -1: peers:[c3f8e5ad-ff25-4bb1-b821-874019ad4281|rpc:10.1.0.79:15077|admin:10.1.0.79:15076|client:10.1.0.79:15075|dataStream:10.1.0.79:15078|priority:1|startupRole:FOLLOWER]|listeners:[], old=null
2023-10-17 18:54:44,194 [c3f8e5ad-ff25-4bb1-b821-874019ad4281@group-A488D0957C0E-LeaderElection22] INFO  impl.LeaderElection (LeaderElection.java:askForVotes(323)) - c3f8e5ad-ff25-4bb1-b821-874019ad4281@group-A488D0957C0E-LeaderElection22 PRE_VOTE round 0: result PASSED (term=0)
2023-10-17 18:54:44,202 [c3f8e5ad-ff25-4bb1-b821-874019ad4281@group-A488D0957C0E-LeaderElection22] INFO  impl.LeaderElection (LeaderElection.java:askForVotes(321)) - c3f8e5ad-ff25-4bb1-b821-874019ad4281@group-A488D0957C0E-LeaderElection22 ELECTION round 0: submit vote requests at term 1 for -1: peers:[c3f8e5ad-ff25-4bb1-b821-874019ad4281|rpc:10.1.0.79:15077|admin:10.1.0.79:15076|client:10.1.0.79:15075|dataStream:10.1.0.79:15078|priority:1|startupRole:FOLLOWER]|listeners:[], old=null
2023-10-17 18:54:44,202 [c3f8e5ad-ff25-4bb1-b821-874019ad4281@group-A488D0957C0E-LeaderElection22] INFO  impl.LeaderElection (LeaderElection.java:askForVotes(323)) - c3f8e5ad-ff25-4bb1-b821-874019ad4281@group-A488D0957C0E-LeaderElection22 ELECTION round 0: result PASSED (term=1)
2023-10-17 18:54:44,202 [c3f8e5ad-ff25-4bb1-b821-874019ad4281@group-A488D0957C0E-LeaderElection22] INFO  impl.RoleInfo (RoleInfo.java:shutdownLeaderElection(130)) - c3f8e5ad-ff25-4bb1-b821-874019ad4281: shutdown c3f8e5ad-ff25-4bb1-b821-874019ad4281@group-A488D0957C0E-LeaderElection22
2023-10-17 18:54:44,202 [c3f8e5ad-ff25-4bb1-b821-874019ad4281@group-A488D0957C0E-LeaderElection22] INFO  server.RaftServer$Division (RaftServerImpl.java:setRole(329)) - c3f8e5ad-ff25-4bb1-b821-874019ad4281@group-A488D0957C0E: changes role from CANDIDATE to LEADER at term 1 for changeToLeader
2023-10-17 18:54:44,202 [c3f8e5ad-ff25-4bb1-b821-874019ad4281@group-A488D0957C0E-LeaderElection22] INFO  ratis.XceiverServerRatis (XceiverServerRatis.java:handleLeaderChangedNotification(902)) - Leader change notification received for group: group-A488D0957C0E with new leaderId: c3f8e5ad-ff25-4bb1-b821-874019ad4281
2023-10-17 18:54:44,203 [c3f8e5ad-ff25-4bb1-b821-874019ad4281@group-A488D0957C0E-LeaderElection22] INFO  server.RaftServer$Division (ServerState.java:setLeader(317)) - c3f8e5ad-ff25-4bb1-b821-874019ad4281@group-A488D0957C0E: change Leader from null to c3f8e5ad-ff25-4bb1-b821-874019ad4281 at term 1 for becomeLeader, leader elected after 5681ms
2023-10-17 18:54:44,203 [c3f8e5ad-ff25-4bb1-b821-874019ad4281@group-A488D0957C0E-LeaderElection22] INFO  server.RaftServerConfigKeys (ConfUtils.java:logGet(46)) - raft.server.staging.catchup.gap = 1000 (default)
2023-10-17 18:54:44,203 [c3f8e5ad-ff25-4bb1-b821-874019ad4281@group-A488D0957C0E-LeaderElection22] INFO  server.RaftServerConfigKeys (ConfUtils.java:logGet(46)) - raft.server.write.element-limit = 1024 (custom)
2023-10-17 18:54:44,203 [c3f8e5ad-ff25-4bb1-b821-874019ad4281@group-A488D0957C0E-LeaderElection22] INFO  server.RaftServerConfigKeys (ConfUtils.java:logGet(46)) - raft.server.write.byte-limit = 1024 M (=1073741824) (custom)
2023-10-17 18:54:44,203 [c3f8e5ad-ff25-4bb1-b821-874019ad4281@group-A488D0957C0E-LeaderElection22] INFO  server.RaftServerConfigKeys (ConfUtils.java:logGet(46)) - raft.server.watch.timeout = 180s (custom)
2023-10-17 18:54:44,203 [c3f8e5ad-ff25-4bb1-b821-874019ad4281@group-A488D0957C0E-LeaderElection22] INFO  server.RaftServerConfigKeys (ConfUtils.java:logGet(46)) - raft.server.watch.timeout.denomination = 1s (default)
2023-10-17 18:54:44,203 [c3f8e5ad-ff25-4bb1-b821-874019ad4281@group-A488D0957C0E-LeaderElection22] INFO  server.RaftServerConfigKeys (ConfUtils.java:logGet(46)) - raft.server.watch.element-limit = 65536 (default)
2023-10-17 18:54:44,204 [c3f8e5ad-ff25-4bb1-b821-874019ad4281@group-A488D0957C0E-LeaderElection22] INFO  server.RaftServerConfigKeys (ConfUtils.java:logGet(46)) - raft.server.write.element-limit = 1024 (custom)
2023-10-17 18:54:44,204 [c3f8e5ad-ff25-4bb1-b821-874019ad4281@group-A488D0957C0E-LeaderElection22] INFO  server.RaftServerConfigKeys (ConfUtils.java:logGet(46)) - raft.server.write.follower.gap.ratio.max = -1.0 (default)
2023-10-17 18:54:44,204 [c3f8e5ad-ff25-4bb1-b821-874019ad4281@group-A488D0957C0E-LeaderElection22] INFO  impl.RoleInfo (RoleInfo.java:updateAndGet(139)) - c3f8e5ad-ff25-4bb1-b821-874019ad4281: start c3f8e5ad-ff25-4bb1-b821-874019ad4281@group-A488D0957C0E-LeaderStateImpl
2023-10-17 18:54:44,204 [c3f8e5ad-ff25-4bb1-b821-874019ad4281@group-A488D0957C0E-LeaderElection22] INFO  segmented.SegmentedRaftLogWorker (SegmentedRaftLogWorker.java:startLogSegment(447)) - c3f8e5ad-ff25-4bb1-b821-874019ad4281@group-A488D0957C0E-SegmentedRaftLogWorker: Starting segment from index:0
2023-10-17 18:54:44,208 [c3f8e5ad-ff25-4bb1-b821-874019ad4281@group-A488D0957C0E-SegmentedRaftLogWorker] INFO  segmented.SegmentedRaftLogWorker (SegmentedRaftLogWorker.java:execute(651)) - c3f8e5ad-ff25-4bb1-b821-874019ad4281@group-A488D0957C0E-SegmentedRaftLogWorker: created new log segment /home/runner/work/ozone/ozone/hadoop-ozone/integration-test/target/test-dir/MiniOzoneClusterImpl-6d5b43b8-50d7-4b60-8424-e359ec6f806a/datanode-7/data/ratis/0b0b7480-89ca-43b8-b0f1-a488d0957c0e/current/log_inprogress_0
2023-10-17 18:54:44,213 [c3f8e5ad-ff25-4bb1-b821-874019ad4281@group-A488D0957C0E-LeaderElection22] INFO  server.RaftServer$Division (ServerState.java:setRaftConf(434)) - c3f8e5ad-ff25-4bb1-b821-874019ad4281@group-A488D0957C0E: set configuration 0: peers:[c3f8e5ad-ff25-4bb1-b821-874019ad4281|rpc:10.1.0.79:15077|admin:10.1.0.79:15076|client:10.1.0.79:15075|dataStream:10.1.0.79:15078|priority:1|startupRole:FOLLOWER]|listeners:[], old=null
2023-10-17 18:54:44,218 [qtp2085952212-20] INFO  kms-audit (SimpleKMSAuditLogger.java:logAuditSimpleFormat(93)) - OK[op=CREATE_KEY, key=key1, user=runner] UserProvidedMaterial:false Description:key1
2023-10-17 18:54:44,248 [7a0123dc-2631-482f-afc4-3bb35f550263@group-20F0375D81CA-FollowerState] INFO  impl.FollowerState (FollowerState.java:run(143)) - 7a0123dc-2631-482f-afc4-3bb35f550263@group-20F0375D81CA-FollowerState: change to CANDIDATE, lastRpcElapsedTime:5186614628ns, electionTimeout:5185ms
2023-10-17 18:54:44,249 [7a0123dc-2631-482f-afc4-3bb35f550263@group-20F0375D81CA-FollowerState] INFO  impl.RoleInfo (RoleInfo.java:shutdownFollowerState(110)) - 7a0123dc-2631-482f-afc4-3bb35f550263: shutdown 7a0123dc-2631-482f-afc4-3bb35f550263@group-20F0375D81CA-FollowerState
2023-10-17 18:54:44,249 [7a0123dc-2631-482f-afc4-3bb35f550263@group-20F0375D81CA-FollowerState] INFO  server.RaftServer$Division (RaftServerImpl.java:setRole(329)) - 7a0123dc-2631-482f-afc4-3bb35f550263@group-20F0375D81CA: changes role from  FOLLOWER to CANDIDATE at term 0 for changeToCandidate
2023-10-17 18:54:44,249 [7a0123dc-2631-482f-afc4-3bb35f550263@group-20F0375D81CA-FollowerState] INFO  server.RaftServerConfigKeys (ConfUtils.java:logGet(46)) - raft.server.leaderelection.pre-vote = true (default)
2023-10-17 18:54:44,249 [7a0123dc-2631-482f-afc4-3bb35f550263@group-20F0375D81CA-FollowerState] INFO  impl.RoleInfo (RoleInfo.java:updateAndGet(139)) - 7a0123dc-2631-482f-afc4-3bb35f550263: start 7a0123dc-2631-482f-afc4-3bb35f550263@group-20F0375D81CA-LeaderElection23
2023-10-17 18:54:44,258 [7a0123dc-2631-482f-afc4-3bb35f550263@group-20F0375D81CA-LeaderElection23] INFO  impl.LeaderElection (LeaderElection.java:askForVotes(321)) - 7a0123dc-2631-482f-afc4-3bb35f550263@group-20F0375D81CA-LeaderElection23 PRE_VOTE round 0: submit vote requests at term 0 for -1: peers:[7a0123dc-2631-482f-afc4-3bb35f550263|rpc:10.1.0.79:15086|admin:10.1.0.79:15085|client:10.1.0.79:15084|dataStream:10.1.0.79:15087|priority:1|startupRole:FOLLOWER]|listeners:[], old=null
2023-10-17 18:54:44,258 [7a0123dc-2631-482f-afc4-3bb35f550263@group-20F0375D81CA-LeaderElection23] INFO  impl.LeaderElection (LeaderElection.java:askForVotes(323)) - 7a0123dc-2631-482f-afc4-3bb35f550263@group-20F0375D81CA-LeaderElection23 PRE_VOTE round 0: result PASSED (term=0)
2023-10-17 18:54:44,260 [7a0123dc-2631-482f-afc4-3bb35f550263@group-20F0375D81CA-LeaderElection23] INFO  impl.LeaderElection (LeaderElection.java:askForVotes(321)) - 7a0123dc-2631-482f-afc4-3bb35f550263@group-20F0375D81CA-LeaderElection23 ELECTION round 0: submit vote requests at term 1 for -1: peers:[7a0123dc-2631-482f-afc4-3bb35f550263|rpc:10.1.0.79:15086|admin:10.1.0.79:15085|client:10.1.0.79:15084|dataStream:10.1.0.79:15087|priority:1|startupRole:FOLLOWER]|listeners:[], old=null
2023-10-17 18:54:44,260 [7a0123dc-2631-482f-afc4-3bb35f550263@group-20F0375D81CA-LeaderElection23] INFO  impl.LeaderElection (LeaderElection.java:askForVotes(323)) - 7a0123dc-2631-482f-afc4-3bb35f550263@group-20F0375D81CA-LeaderElection23 ELECTION round 0: result PASSED (term=1)
2023-10-17 18:54:44,260 [7a0123dc-2631-482f-afc4-3bb35f550263@group-20F0375D81CA-LeaderElection23] INFO  impl.RoleInfo (RoleInfo.java:shutdownLeaderElection(130)) - 7a0123dc-2631-482f-afc4-3bb35f550263: shutdown 7a0123dc-2631-482f-afc4-3bb35f550263@group-20F0375D81CA-LeaderElection23
2023-10-17 18:54:44,260 [7a0123dc-2631-482f-afc4-3bb35f550263@group-20F0375D81CA-LeaderElection23] INFO  server.RaftServer$Division (RaftServerImpl.java:setRole(329)) - 7a0123dc-2631-482f-afc4-3bb35f550263@group-20F0375D81CA: changes role from CANDIDATE to LEADER at term 1 for changeToLeader
2023-10-17 18:54:44,260 [7a0123dc-2631-482f-afc4-3bb35f550263@group-20F0375D81CA-LeaderElection23] INFO  ratis.XceiverServerRatis (XceiverServerRatis.java:handleLeaderChangedNotification(902)) - Leader change notification received for group: group-20F0375D81CA with new leaderId: 7a0123dc-2631-482f-afc4-3bb35f550263
2023-10-17 18:54:44,260 [7a0123dc-2631-482f-afc4-3bb35f550263@group-20F0375D81CA-LeaderElection23] INFO  server.RaftServer$Division (ServerState.java:setLeader(317)) - 7a0123dc-2631-482f-afc4-3bb35f550263@group-20F0375D81CA: change Leader from null to 7a0123dc-2631-482f-afc4-3bb35f550263 at term 1 for becomeLeader, leader elected after 5238ms
2023-10-17 18:54:44,260 [7a0123dc-2631-482f-afc4-3bb35f550263@group-20F0375D81CA-LeaderElection23] INFO  server.RaftServerConfigKeys (ConfUtils.java:logGet(46)) - raft.server.staging.catchup.gap = 1000 (default)
2023-10-17 18:54:44,261 [7a0123dc-2631-482f-afc4-3bb35f550263@group-20F0375D81CA-LeaderElection23] INFO  server.RaftServerConfigKeys (ConfUtils.java:logGet(46)) - raft.server.write.element-limit = 1024 (custom)
2023-10-17 18:54:44,262 [7a0123dc-2631-482f-afc4-3bb35f550263@group-20F0375D81CA-LeaderElection23] INFO  server.RaftServerConfigKeys (ConfUtils.java:logGet(46)) - raft.server.write.byte-limit = 1024 M (=1073741824) (custom)
2023-10-17 18:54:44,263 [7a0123dc-2631-482f-afc4-3bb35f550263@group-20F0375D81CA-LeaderElection23] INFO  server.RaftServerConfigKeys (ConfUtils.java:logGet(46)) - raft.server.watch.timeout = 180s (custom)
2023-10-17 18:54:44,263 [7a0123dc-2631-482f-afc4-3bb35f550263@group-20F0375D81CA-LeaderElection23] INFO  server.RaftServerConfigKeys (ConfUtils.java:logGet(46)) - raft.server.watch.timeout.denomination = 1s (default)
2023-10-17 18:54:44,263 [7a0123dc-2631-482f-afc4-3bb35f550263@group-20F0375D81CA-LeaderElection23] INFO  server.RaftServerConfigKeys (ConfUtils.java:logGet(46)) - raft.server.watch.element-limit = 65536 (default)
2023-10-17 18:54:44,263 [7a0123dc-2631-482f-afc4-3bb35f550263@group-20F0375D81CA-LeaderElection23] INFO  server.RaftServerConfigKeys (ConfUtils.java:logGet(46)) - raft.server.write.element-limit = 1024 (custom)
2023-10-17 18:54:44,263 [7a0123dc-2631-482f-afc4-3bb35f550263@group-20F0375D81CA-LeaderElection23] INFO  server.RaftServerConfigKeys (ConfUtils.java:logGet(46)) - raft.server.write.follower.gap.ratio.max = -1.0 (default)
2023-10-17 18:54:44,264 [7a0123dc-2631-482f-afc4-3bb35f550263@group-20F0375D81CA-LeaderElection23] INFO  impl.RoleInfo (RoleInfo.java:updateAndGet(139)) - 7a0123dc-2631-482f-afc4-3bb35f550263: start 7a0123dc-2631-482f-afc4-3bb35f550263@group-20F0375D81CA-LeaderStateImpl
2023-10-17 18:54:44,265 [7a0123dc-2631-482f-afc4-3bb35f550263@group-20F0375D81CA-LeaderElection23] INFO  segmented.SegmentedRaftLogWorker (SegmentedRaftLogWorker.java:startLogSegment(447)) - 7a0123dc-2631-482f-afc4-3bb35f550263@group-20F0375D81CA-SegmentedRaftLogWorker: Starting segment from index:0
2023-10-17 18:54:44,266 [7a0123dc-2631-482f-afc4-3bb35f550263@group-20F0375D81CA-LeaderElection23] INFO  server.RaftServer$Division (ServerState.java:setRaftConf(434)) - 7a0123dc-2631-482f-afc4-3bb35f550263@group-20F0375D81CA: set configuration 0: peers:[7a0123dc-2631-482f-afc4-3bb35f550263|rpc:10.1.0.79:15086|admin:10.1.0.79:15085|client:10.1.0.79:15084|dataStream:10.1.0.79:15087|priority:1|startupRole:FOLLOWER]|listeners:[], old=null
2023-10-17 18:54:44,266 [7a0123dc-2631-482f-afc4-3bb35f550263@group-20F0375D81CA-SegmentedRaftLogWorker] INFO  segmented.SegmentedRaftLogWorker (SegmentedRaftLogWorker.java:execute(651)) - 7a0123dc-2631-482f-afc4-3bb35f550263@group-20F0375D81CA-SegmentedRaftLogWorker: created new log segment /home/runner/work/ozone/ozone/hadoop-ozone/integration-test/target/test-dir/MiniOzoneClusterImpl-6d5b43b8-50d7-4b60-8424-e359ec6f806a/datanode-8/data/ratis/c2511b82-0a83-46ae-a3b6-20f0375d81ca/current/log_inprogress_0
2023-10-17 18:54:44,319 [main] INFO  rpc.RpcClient (RpcClient.java:createVolume(462)) - Creating Volume: a7f4f6ef-38ee-4ca5-bc4e-25778e697df9, with runner as owner and space quota set to -1 bytes, counts quota set to -1
2023-10-17 18:54:44,376 [OM StateMachine ApplyTransaction Thread - 0] INFO  volume.OMVolumeCreateRequest (OMVolumeCreateRequest.java:validateAndUpdateCache(196)) - created volume:a7f4f6ef-38ee-4ca5-bc4e-25778e697df9 for user:runner
2023-10-17 18:54:44,397 [main] INFO  rpc.RpcClient (RpcClient.java:createBucket(689)) - Creating Bucket: a7f4f6ef-38ee-4ca5-bc4e-25778e697df9/491a5681-564e-49a7-a1be-7f89a746ca29, with bucket layout FILE_SYSTEM_OPTIMIZED, runner as owner, Versioning false, Storage Type set to DISK and Encryption set to true, Replication Type set to server-side default replication type, Namespace Quota set to -1, Space Quota set to -1 
2023-10-17 18:54:44,440 [qtp2085952212-22] INFO  kms-audit (SimpleKMSAuditLogger.java:logAuditSimpleFormat(93)) - OK[op=GET_METADATA, key=key1, user=runner] 
2023-10-17 18:54:44,584 [b02d6f66-d0eb-48ed-9f4c-37a8796232ac@group-7910A4AA882C-FollowerState] INFO  impl.FollowerState (FollowerState.java:run(143)) - b02d6f66-d0eb-48ed-9f4c-37a8796232ac@group-7910A4AA882C-FollowerState: change to CANDIDATE, lastRpcElapsedTime:5190663029ns, electionTimeout:5187ms
2023-10-17 18:54:44,584 [b02d6f66-d0eb-48ed-9f4c-37a8796232ac@group-7910A4AA882C-FollowerState] INFO  impl.RoleInfo (RoleInfo.java:shutdownFollowerState(110)) - b02d6f66-d0eb-48ed-9f4c-37a8796232ac: shutdown b02d6f66-d0eb-48ed-9f4c-37a8796232ac@group-7910A4AA882C-FollowerState
2023-10-17 18:54:44,584 [b02d6f66-d0eb-48ed-9f4c-37a8796232ac@group-7910A4AA882C-FollowerState] INFO  server.RaftServer$Division (RaftServerImpl.java:setRole(329)) - b02d6f66-d0eb-48ed-9f4c-37a8796232ac@group-7910A4AA882C: changes role from  FOLLOWER to CANDIDATE at term 0 for changeToCandidate
2023-10-17 18:54:44,584 [b02d6f66-d0eb-48ed-9f4c-37a8796232ac@group-7910A4AA882C-FollowerState] INFO  server.RaftServerConfigKeys (ConfUtils.java:logGet(46)) - raft.server.leaderelection.pre-vote = true (default)
2023-10-17 18:54:44,584 [b02d6f66-d0eb-48ed-9f4c-37a8796232ac@group-7910A4AA882C-FollowerState] INFO  impl.RoleInfo (RoleInfo.java:updateAndGet(139)) - b02d6f66-d0eb-48ed-9f4c-37a8796232ac: start b02d6f66-d0eb-48ed-9f4c-37a8796232ac@group-7910A4AA882C-LeaderElection24
2023-10-17 18:54:44,587 [b02d6f66-d0eb-48ed-9f4c-37a8796232ac@group-7910A4AA882C-LeaderElection24] INFO  impl.LeaderElection (LeaderElection.java:askForVotes(321)) - b02d6f66-d0eb-48ed-9f4c-37a8796232ac@group-7910A4AA882C-LeaderElection24 PRE_VOTE round 0: submit vote requests at term 0 for -1: peers:[b02d6f66-d0eb-48ed-9f4c-37a8796232ac|rpc:10.1.0.79:15095|admin:10.1.0.79:15094|client:10.1.0.79:15093|dataStream:10.1.0.79:15096|priority:1|startupRole:FOLLOWER]|listeners:[], old=null
2023-10-17 18:54:44,587 [b02d6f66-d0eb-48ed-9f4c-37a8796232ac@group-7910A4AA882C-LeaderElection24] INFO  impl.LeaderElection (LeaderElection.java:askForVotes(323)) - b02d6f66-d0eb-48ed-9f4c-37a8796232ac@group-7910A4AA882C-LeaderElection24 PRE_VOTE round 0: result PASSED (term=0)
2023-10-17 18:54:44,589 [b02d6f66-d0eb-48ed-9f4c-37a8796232ac@group-7910A4AA882C-LeaderElection24] INFO  impl.LeaderElection (LeaderElection.java:askForVotes(321)) - b02d6f66-d0eb-48ed-9f4c-37a8796232ac@group-7910A4AA882C-LeaderElection24 ELECTION round 0: submit vote requests at term 1 for -1: peers:[b02d6f66-d0eb-48ed-9f4c-37a8796232ac|rpc:10.1.0.79:15095|admin:10.1.0.79:15094|client:10.1.0.79:15093|dataStream:10.1.0.79:15096|priority:1|startupRole:FOLLOWER]|listeners:[], old=null
2023-10-17 18:54:44,589 [b02d6f66-d0eb-48ed-9f4c-37a8796232ac@group-7910A4AA882C-LeaderElection24] INFO  impl.LeaderElection (LeaderElection.java:askForVotes(323)) - b02d6f66-d0eb-48ed-9f4c-37a8796232ac@group-7910A4AA882C-LeaderElection24 ELECTION round 0: result PASSED (term=1)
2023-10-17 18:54:44,589 [b02d6f66-d0eb-48ed-9f4c-37a8796232ac@group-7910A4AA882C-LeaderElection24] INFO  impl.RoleInfo (RoleInfo.java:shutdownLeaderElection(130)) - b02d6f66-d0eb-48ed-9f4c-37a8796232ac: shutdown b02d6f66-d0eb-48ed-9f4c-37a8796232ac@group-7910A4AA882C-LeaderElection24
2023-10-17 18:54:44,589 [b02d6f66-d0eb-48ed-9f4c-37a8796232ac@group-7910A4AA882C-LeaderElection24] INFO  server.RaftServer$Division (RaftServerImpl.java:setRole(329)) - b02d6f66-d0eb-48ed-9f4c-37a8796232ac@group-7910A4AA882C: changes role from CANDIDATE to LEADER at term 1 for changeToLeader
2023-10-17 18:54:44,590 [b02d6f66-d0eb-48ed-9f4c-37a8796232ac@group-7910A4AA882C-LeaderElection24] INFO  ratis.XceiverServerRatis (XceiverServerRatis.java:handleLeaderChangedNotification(902)) - Leader change notification received for group: group-7910A4AA882C with new leaderId: b02d6f66-d0eb-48ed-9f4c-37a8796232ac
2023-10-17 18:54:44,595 [b02d6f66-d0eb-48ed-9f4c-37a8796232ac@group-7910A4AA882C-LeaderElection24] INFO  server.RaftServer$Division (ServerState.java:setLeader(317)) - b02d6f66-d0eb-48ed-9f4c-37a8796232ac@group-7910A4AA882C: change Leader from null to b02d6f66-d0eb-48ed-9f4c-37a8796232ac at term 1 for becomeLeader, leader elected after 5225ms
2023-10-17 18:54:44,595 [b02d6f66-d0eb-48ed-9f4c-37a8796232ac@group-7910A4AA882C-LeaderElection24] INFO  server.RaftServerConfigKeys (ConfUtils.java:logGet(46)) - raft.server.staging.catchup.gap = 1000 (default)
2023-10-17 18:54:44,596 [b02d6f66-d0eb-48ed-9f4c-37a8796232ac@group-7910A4AA882C-LeaderElection24] INFO  server.RaftServerConfigKeys (ConfUtils.java:logGet(46)) - raft.server.write.element-limit = 1024 (custom)
2023-10-17 18:54:44,599 [b02d6f66-d0eb-48ed-9f4c-37a8796232ac@group-7910A4AA882C-LeaderElection24] INFO  server.RaftServerConfigKeys (ConfUtils.java:logGet(46)) - raft.server.write.byte-limit = 1024 M (=1073741824) (custom)
2023-10-17 18:54:44,603 [b02d6f66-d0eb-48ed-9f4c-37a8796232ac@group-7910A4AA882C-LeaderElection24] INFO  server.RaftServerConfigKeys (ConfUtils.java:logGet(46)) - raft.server.watch.timeout = 180s (custom)
2023-10-17 18:54:44,603 [b02d6f66-d0eb-48ed-9f4c-37a8796232ac@group-7910A4AA882C-LeaderElection24] INFO  server.RaftServerConfigKeys (ConfUtils.java:logGet(46)) - raft.server.watch.timeout.denomination = 1s (default)
2023-10-17 18:54:44,604 [b02d6f66-d0eb-48ed-9f4c-37a8796232ac@group-7910A4AA882C-LeaderElection24] INFO  server.RaftServerConfigKeys (ConfUtils.java:logGet(46)) - raft.server.watch.element-limit = 65536 (default)
2023-10-17 18:54:44,604 [b02d6f66-d0eb-48ed-9f4c-37a8796232ac@group-7910A4AA882C-LeaderElection24] INFO  server.RaftServerConfigKeys (ConfUtils.java:logGet(46)) - raft.server.write.element-limit = 1024 (custom)
2023-10-17 18:54:44,604 [b02d6f66-d0eb-48ed-9f4c-37a8796232ac@group-7910A4AA882C-LeaderElection24] INFO  server.RaftServerConfigKeys (ConfUtils.java:logGet(46)) - raft.server.write.follower.gap.ratio.max = -1.0 (default)
2023-10-17 18:54:44,604 [b02d6f66-d0eb-48ed-9f4c-37a8796232ac@group-7910A4AA882C-LeaderElection24] INFO  impl.RoleInfo (RoleInfo.java:updateAndGet(139)) - b02d6f66-d0eb-48ed-9f4c-37a8796232ac: start b02d6f66-d0eb-48ed-9f4c-37a8796232ac@group-7910A4AA882C-LeaderStateImpl
2023-10-17 18:54:44,604 [b02d6f66-d0eb-48ed-9f4c-37a8796232ac@group-7910A4AA882C-LeaderElection24] INFO  segmented.SegmentedRaftLogWorker (SegmentedRaftLogWorker.java:startLogSegment(447)) - b02d6f66-d0eb-48ed-9f4c-37a8796232ac@group-7910A4AA882C-SegmentedRaftLogWorker: Starting segment from index:0
2023-10-17 18:54:44,609 [b02d6f66-d0eb-48ed-9f4c-37a8796232ac@group-7910A4AA882C-SegmentedRaftLogWorker] INFO  segmented.SegmentedRaftLogWorker (SegmentedRaftLogWorker.java:execute(651)) - b02d6f66-d0eb-48ed-9f4c-37a8796232ac@group-7910A4AA882C-SegmentedRaftLogWorker: created new log segment /home/runner/work/ozone/ozone/hadoop-ozone/integration-test/target/test-dir/MiniOzoneClusterImpl-6d5b43b8-50d7-4b60-8424-e359ec6f806a/datanode-9/data/ratis/dfc5b30b-5a21-40b0-b250-7910a4aa882c/current/log_inprogress_0
2023-10-17 18:54:44,612 [b02d6f66-d0eb-48ed-9f4c-37a8796232ac@group-7910A4AA882C-LeaderElection24] INFO  server.RaftServer$Division (ServerState.java:setRaftConf(434)) - b02d6f66-d0eb-48ed-9f4c-37a8796232ac@group-7910A4AA882C: set configuration 0: peers:[b02d6f66-d0eb-48ed-9f4c-37a8796232ac|rpc:10.1.0.79:15095|admin:10.1.0.79:15094|client:10.1.0.79:15093|dataStream:10.1.0.79:15096|priority:1|startupRole:FOLLOWER]|listeners:[], old=null
2023-10-17 18:54:44,669 [qtp2085952212-22] INFO  kms-audit (SimpleKMSAuditLogger.java:logAuditEvent(59)) - OK[op=GENERATE_EEK, key=key1, user=runner, accessCount=1, interval=0ms] 
2023-10-17 18:54:44,696 [OM StateMachine ApplyTransaction Thread - 0] INFO  bucket.OMBucketCreateRequest (OMBucketCreateRequest.java:validateAndUpdateCache(270)) - created bucket: 491a5681-564e-49a7-a1be-7f89a746ca29 of layout FILE_SYSTEM_OPTIMIZED in volume: a7f4f6ef-38ee-4ca5-bc4e-25778e697df9
2023-10-17 18:54:44,803 [IPC Server handler 6 on default port 15001] INFO  ha.SequenceIdGenerator (SequenceIdGenerator.java:getNextId(140)) - Allocate a batch for containerId, change lastId from 0 to 1000.
2023-10-17 18:54:44,813 [IPC Server handler 6 on default port 15001] WARN  ha.SequenceIdGenerator (SequenceIdGenerator.java:allocateBatch(253)) - Failed to allocate a batch for localId, expected lastId is 0, actual lastId is 111677748019200000.
2023-10-17 18:54:44,814 [IPC Server handler 6 on default port 15001] INFO  ha.SequenceIdGenerator (SequenceIdGenerator.java:getNextId(140)) - Allocate a batch for localId, change lastId from 111677748019200000 to 111677748019201000.
2023-10-17 18:54:44,975 [qtp2085952212-22] ERROR generators.WadlGeneratorJAXBGrammarGenerator (WadlGeneratorJAXBGrammarGenerator.java:buildModelAndSchemas(207)) - Failed to generate the schema for the JAX-B elements
com.sun.xml.bind.v2.runtime.IllegalAnnotationsException: 1 counts of IllegalAnnotationExceptions
java.util.Map is an interface, and JAXB can't handle interfaces.
	this problem is related to the following location:
		at java.util.Map

	at com.sun.xml.bind.v2.runtime.IllegalAnnotationsException$Builder.check(IllegalAnnotationsException.java:106)
	at com.sun.xml.bind.v2.runtime.JAXBContextImpl.getTypeInfoSet(JAXBContextImpl.java:471)
	at com.sun.xml.bind.v2.runtime.JAXBContextImpl.<init>(JAXBContextImpl.java:303)
	at com.sun.xml.bind.v2.runtime.JAXBContextImpl.<init>(JAXBContextImpl.java:139)
	at com.sun.xml.bind.v2.runtime.JAXBContextImpl$JAXBContextBuilder.build(JAXBContextImpl.java:1156)
	at com.sun.xml.bind.v2.ContextFactory.createContext(ContextFactory.java:165)
	at sun.reflect.NativeMethodAccessorImpl.invoke0(Native Method)
	at sun.reflect.NativeMethodAccessorImpl.invoke(NativeMethodAccessorImpl.java:62)
	at sun.reflect.DelegatingMethodAccessorImpl.invoke(DelegatingMethodAccessorImpl.java:43)
	at java.lang.reflect.Method.invoke(Method.java:498)
	at javax.xml.bind.ContextFinder.newInstance(ContextFinder.java:247)
	at javax.xml.bind.ContextFinder.newInstance(ContextFinder.java:234)
	at javax.xml.bind.ContextFinder.find(ContextFinder.java:441)
	at javax.xml.bind.JAXBContext.newInstance(JAXBContext.java:641)
	at javax.xml.bind.JAXBContext.newInstance(JAXBContext.java:584)
	at com.sun.jersey.server.wadl.generators.WadlGeneratorJAXBGrammarGenerator.buildModelAndSchemas(WadlGeneratorJAXBGrammarGenerator.java:169)
	at com.sun.jersey.server.wadl.generators.AbstractWadlGeneratorGrammarGenerator.createExternalGrammar(AbstractWadlGeneratorGrammarGenerator.java:405)
	at com.sun.jersey.server.wadl.WadlBuilder.generate(WadlBuilder.java:149)
	at com.sun.jersey.server.impl.wadl.WadlApplicationContextImpl.getApplication(WadlApplicationContextImpl.java:119)
	at com.sun.jersey.server.impl.wadl.WadlApplicationContextImpl.getApplication(WadlApplicationContextImpl.java:138)
	at com.sun.jersey.server.impl.wadl.WadlMethodFactory$WadlOptionsMethodDispatcher.dispatch(WadlMethodFactory.java:110)
	at com.sun.jersey.server.impl.uri.rules.HttpMethodRule.accept(HttpMethodRule.java:302)
	at com.sun.jersey.server.impl.uri.rules.RightHandPathRule.accept(RightHandPathRule.java:147)
	at com.sun.jersey.server.impl.uri.rules.ResourceClassRule.accept(ResourceClassRule.java:108)
	at com.sun.jersey.server.impl.uri.rules.RightHandPathRule.accept(RightHandPathRule.java:147)
	at com.sun.jersey.server.impl.uri.rules.RootResourceClassesRule.accept(RootResourceClassesRule.java:84)
	at com.sun.jersey.server.impl.application.WebApplicationImpl._handleRequest(WebApplicationImpl.java:1542)
	at com.sun.jersey.server.impl.application.WebApplicationImpl._handleRequest(WebApplicationImpl.java:1473)
	at com.sun.jersey.server.impl.application.WebApplicationImpl.handleRequest(WebApplicationImpl.java:1419)
	at com.sun.jersey.server.impl.application.WebApplicationImpl.handleRequest(WebApplicationImpl.java:1409)
	at com.sun.jersey.spi.container.servlet.WebComponent.service(WebComponent.java:409)
	at com.sun.jersey.spi.container.servlet.ServletContainer.service(ServletContainer.java:558)
	at com.sun.jersey.spi.container.servlet.ServletContainer.service(ServletContainer.java:733)
	at javax.servlet.http.HttpServlet.service(HttpServlet.java:590)
	at org.eclipse.jetty.servlet.ServletHolder$NotAsync.service(ServletHolder.java:1459)
	at org.eclipse.jetty.servlet.ServletHolder.handle(ServletHolder.java:799)
	at org.eclipse.jetty.servlet.ServletHandler$ChainEnd.doFilter(ServletHandler.java:1656)
	at org.apache.hadoop.crypto.key.kms.server.KMSMDCFilter.doFilter(KMSMDCFilter.java:98)
	at org.eclipse.jetty.servlet.FilterHolder.doFilter(FilterHolder.java:193)
	at org.eclipse.jetty.servlet.ServletHandler$Chain.doFilter(ServletHandler.java:1626)
	at org.apache.hadoop.security.authentication.server.AuthenticationFilter.doFilter(AuthenticationFilter.java:650)
	at org.apache.hadoop.security.token.delegation.web.DelegationTokenAuthenticationFilter.doFilter(DelegationTokenAuthenticationFilter.java:305)
	at org.apache.hadoop.security.authentication.server.AuthenticationFilter.doFilter(AuthenticationFilter.java:592)
	at org.apache.hadoop.crypto.key.kms.server.KMSAuthenticationFilter.doFilter(KMSAuthenticationFilter.java:162)
	at org.eclipse.jetty.servlet.FilterHolder.doFilter(FilterHolder.java:201)
	at org.eclipse.jetty.servlet.ServletHandler$Chain.doFilter(ServletHandler.java:1626)
	at org.apache.hadoop.http.lib.StaticUserWebFilter$StaticUserFilter.doFilter(StaticUserWebFilter.java:110)
	at org.eclipse.jetty.servlet.FilterHolder.doFilter(FilterHolder.java:193)
	at org.eclipse.jetty.servlet.ServletHandler$Chain.doFilter(ServletHandler.java:1626)
	at org.apache.hadoop.http.HttpServer2$QuotingInputFilter.doFilter(HttpServer2.java:1794)
	at org.eclipse.jetty.servlet.FilterHolder.doFilter(FilterHolder.java:193)
	at org.eclipse.jetty.servlet.ServletHandler$Chain.doFilter(ServletHandler.java:1626)
	at org.apache.hadoop.http.NoCacheFilter.doFilter(NoCacheFilter.java:45)
	at org.eclipse.jetty.servlet.FilterHolder.doFilter(FilterHolder.java:193)
	at org.eclipse.jetty.servlet.ServletHandler$Chain.doFilter(ServletHandler.java:1626)
	at org.eclipse.jetty.servlet.ServletHandler.doHandle(ServletHandler.java:552)
	at org.eclipse.jetty.server.handler.ScopedHandler.handle(ScopedHandler.java:143)
	at org.eclipse.jetty.security.SecurityHandler.handle(SecurityHandler.java:600)
	at org.eclipse.jetty.server.handler.HandlerWrapper.handle(HandlerWrapper.java:127)
	at org.eclipse.jetty.server.handler.ScopedHandler.nextHandle(ScopedHandler.java:235)
	at org.eclipse.jetty.server.session.SessionHandler.doHandle(SessionHandler.java:1624)
	at org.eclipse.jetty.server.handler.ScopedHandler.nextHandle(ScopedHandler.java:233)
	at org.eclipse.jetty.server.handler.ContextHandler.doHandle(ContextHandler.java:1440)
	at org.eclipse.jetty.server.handler.ScopedHandler.nextScope(ScopedHandler.java:188)
	at org.eclipse.jetty.servlet.ServletHandler.doScope(ServletHandler.java:505)
	at org.eclipse.jetty.server.session.SessionHandler.doScope(SessionHandler.java:1594)
	at org.eclipse.jetty.server.handler.ScopedHandler.nextScope(ScopedHandler.java:186)
	at org.eclipse.jetty.server.handler.ContextHandler.doScope(ContextHandler.java:1355)
	at org.eclipse.jetty.server.handler.ScopedHandler.handle(ScopedHandler.java:141)
	at org.eclipse.jetty.server.handler.HandlerCollection.handle(HandlerCollection.java:146)
	at org.eclipse.jetty.server.handler.HandlerWrapper.handle(HandlerWrapper.java:127)
	at org.eclipse.jetty.server.Server.handle(Server.java:512)
	at org.eclipse.jetty.server.HttpChannel.lambda$handle$1(HttpChannel.java:487)
	at org.eclipse.jetty.server.HttpChannel.dispatch(HttpChannel.java:732)
	at org.eclipse.jetty.server.HttpChannel.handle(HttpChannel.java:479)
	at org.eclipse.jetty.server.HttpConnection.onFillable(HttpConnection.java:277)
	at org.eclipse.jetty.io.AbstractConnection$ReadCallback.succeeded(AbstractConnection.java:311)
	at org.eclipse.jetty.io.FillInterest.fillable(FillInterest.java:105)
	at org.eclipse.jetty.io.ChannelEndPoint$1.run(ChannelEndPoint.java:104)
	at org.eclipse.jetty.util.thread.strategy.EatWhatYouKill.runTask(EatWhatYouKill.java:338)
	at org.eclipse.jetty.util.thread.strategy.EatWhatYouKill.doProduce(EatWhatYouKill.java:315)
	at org.eclipse.jetty.util.thread.strategy.EatWhatYouKill.tryProduce(EatWhatYouKill.java:173)
	at org.eclipse.jetty.util.thread.strategy.EatWhatYouKill.run(EatWhatYouKill.java:131)
	at org.eclipse.jetty.util.thread.ReservedThreadExecutor$ReservedThread.run(ReservedThreadExecutor.java:409)
	at org.eclipse.jetty.util.thread.QueuedThreadPool.runJob(QueuedThreadPool.java:883)
	at org.eclipse.jetty.util.thread.QueuedThreadPool$Runner.run(QueuedThreadPool.java:1034)
	at java.lang.Thread.run(Thread.java:750)
2023-10-17 18:54:44,980 [qtp2085952212-22] INFO  generators.AbstractWadlGeneratorGrammarGenerator (AbstractWadlGeneratorGrammarGenerator.java:attachTypes(479)) - Couldn't find grammar element for class javax.ws.rs.core.Response
2023-10-17 18:54:44,981 [qtp2085952212-22] INFO  generators.AbstractWadlGeneratorGrammarGenerator (AbstractWadlGeneratorGrammarGenerator.java:attachTypes(479)) - Couldn't find grammar element for class java.util.Map
2023-10-17 18:54:44,981 [qtp2085952212-22] INFO  generators.AbstractWadlGeneratorGrammarGenerator (AbstractWadlGeneratorGrammarGenerator.java:attachTypes(479)) - Couldn't find grammar element for class java.util.Map
2023-10-17 18:54:44,981 [qtp2085952212-22] INFO  generators.AbstractWadlGeneratorGrammarGenerator (AbstractWadlGeneratorGrammarGenerator.java:attachTypes(479)) - Couldn't find grammar element for class javax.ws.rs.core.Response
2023-10-17 18:54:44,981 [qtp2085952212-22] INFO  generators.AbstractWadlGeneratorGrammarGenerator (AbstractWadlGeneratorGrammarGenerator.java:attachTypes(479)) - Couldn't find grammar element for class java.util.Map
2023-10-17 18:54:44,981 [qtp2085952212-22] INFO  generators.AbstractWadlGeneratorGrammarGenerator (AbstractWadlGeneratorGrammarGenerator.java:attachTypes(479)) - Couldn't find grammar element for class java.util.Map
2023-10-17 18:54:44,981 [qtp2085952212-22] INFO  generators.AbstractWadlGeneratorGrammarGenerator (AbstractWadlGeneratorGrammarGenerator.java:attachTypes(479)) - Couldn't find grammar element for class javax.ws.rs.core.Response
2023-10-17 18:54:44,982 [qtp2085952212-22] INFO  generators.AbstractWadlGeneratorGrammarGenerator (AbstractWadlGeneratorGrammarGenerator.java:attachTypes(479)) - Couldn't find grammar element for class java.util.Map
2023-10-17 18:54:45,125 [qtp2085952212-20] INFO  kms-audit (SimpleKMSAuditLogger.java:logAuditEvent(59)) - OK[op=DECRYPT_EEK, key=key1, user=runner, accessCount=1, interval=0ms] 
2023-10-17 18:54:45,158 [main] INFO  impl.MetricsSystemImpl (MetricsSystemImpl.java:init(158)) - XceiverClientMetrics metrics system started (again)
2023-10-17 18:54:45,159 [main] INFO  lib.Interns (Interns.java:removeEldestEntry(50)) - Metrics intern cache overflow at 2011 for MetricsSystem={MetricsSystem=MetricsInfoImpl{name=MetricsSystem, description=MetricsSystem}, MetricsSystem record=MetricsInfoImpl{name=MetricsSystem, description=MetricsSystem record}}
2023-10-17 18:54:45,858 [JvmPauseMonitor1] WARN  util.JvmPauseMonitor (JvmPauseMonitor.java:detectPause(124)) - JvmPauseMonitor-om1: Detected pause in JVM or host machine approximately 0.320s with 0.651s GC time.
GC pool 'PS MarkSweep' had collection(s): count=1 time=561ms
GC pool 'PS Scavenge' had collection(s): count=1 time=90ms
2023-10-17 18:54:45,859 [JvmPauseMonitor7] WARN  util.JvmPauseMonitor (JvmPauseMonitor.java:detectPause(124)) - JvmPauseMonitor-d11f4703-3fdf-44d6-a0a1-43cd820167cb: Detected pause in JVM or host machine approximately 0.321s with 0.651s GC time.
GC pool 'PS MarkSweep' had collection(s): count=1 time=561ms
GC pool 'PS Scavenge' had collection(s): count=1 time=90ms
2023-10-17 18:54:45,859 [JvmPauseMonitor11] WARN  util.JvmPauseMonitor (JvmPauseMonitor.java:detectPause(124)) - JvmPauseMonitor-b02d6f66-d0eb-48ed-9f4c-37a8796232ac: Detected pause in JVM or host machine approximately 0.337s with 0.651s GC time.
GC pool 'PS MarkSweep' had collection(s): count=1 time=561ms
GC pool 'PS Scavenge' had collection(s): count=1 time=90ms
2023-10-17 18:54:45,859 [JvmPauseMonitor3] WARN  util.JvmPauseMonitor (JvmPauseMonitor.java:detectPause(124)) - JvmPauseMonitor-b5355d07-9284-4381-92f8-11cbf4e568d5: Detected pause in JVM or host machine approximately 0.335s with 0.651s GC time.
GC pool 'PS MarkSweep' had collection(s): count=1 time=561ms
GC pool 'PS Scavenge' had collection(s): count=1 time=90ms
2023-10-17 18:54:45,859 [JvmPauseMonitor4] WARN  util.JvmPauseMonitor (JvmPauseMonitor.java:detectPause(124)) - JvmPauseMonitor-effd9d2c-4905-4e44-ade4-aa9f0e9056f9: Detected pause in JVM or host machine approximately 0.337s with 0.651s GC time.
GC pool 'PS MarkSweep' had collection(s): count=1 time=561ms
GC pool 'PS Scavenge' had collection(s): count=1 time=90ms
2023-10-17 18:54:45,859 [JvmPauseMonitor9] WARN  util.JvmPauseMonitor (JvmPauseMonitor.java:detectPause(124)) - JvmPauseMonitor-c3f8e5ad-ff25-4bb1-b821-874019ad4281: Detected pause in JVM or host machine approximately 0.334s with 0.651s GC time.
GC pool 'PS MarkSweep' had collection(s): count=1 time=561ms
GC pool 'PS Scavenge' had collection(s): count=1 time=90ms
2023-10-17 18:54:45,859 [JvmPauseMonitor8] WARN  util.JvmPauseMonitor (JvmPauseMonitor.java:detectPause(124)) - JvmPauseMonitor-9f5ee6cc-18ea-4245-a4cd-5944efe2ec09: Detected pause in JVM or host machine approximately 0.337s with 0.651s GC time.
GC pool 'PS MarkSweep' had collection(s): count=1 time=561ms
GC pool 'PS Scavenge' had collection(s): count=1 time=90ms
2023-10-17 18:54:45,859 [JvmPauseMonitor0] WARN  util.JvmPauseMonitor (JvmPauseMonitor.java:detectPause(124)) - JvmPauseMonitor-01c20c05-cfac-4d7a-ae43-8a90a346c983: Detected pause in JVM or host machine approximately 0.322s with 0.651s GC time.
GC pool 'PS MarkSweep' had collection(s): count=1 time=561ms
GC pool 'PS Scavenge' had collection(s): count=1 time=90ms
2023-10-17 18:54:45,859 [JvmPauseMonitor6] WARN  util.JvmPauseMonitor (JvmPauseMonitor.java:detectPause(124)) - JvmPauseMonitor-a9a64069-5644-4cd4-ae1b-13efe84d56e4: Detected pause in JVM or host machine approximately 0.336s with 0.651s GC time.
GC pool 'PS MarkSweep' had collection(s): count=1 time=561ms
GC pool 'PS Scavenge' had collection(s): count=1 time=90ms
2023-10-17 18:54:45,858 [JvmPauseMonitor10] WARN  util.JvmPauseMonitor (JvmPauseMonitor.java:detectPause(124)) - JvmPauseMonitor-7a0123dc-2631-482f-afc4-3bb35f550263: Detected pause in JVM or host machine approximately 0.335s with 0.651s GC time.
GC pool 'PS MarkSweep' had collection(s): count=1 time=561ms
GC pool 'PS Scavenge' had collection(s): count=1 time=90ms
2023-10-17 18:54:45,859 [JvmPauseMonitor2] WARN  util.JvmPauseMonitor (JvmPauseMonitor.java:detectPause(124)) - JvmPauseMonitor-b2429fc7-5618-4aa2-af46-5079058310ec: Detected pause in JVM or host machine approximately 0.335s with 0.651s GC time.
GC pool 'PS MarkSweep' had collection(s): count=1 time=561ms
GC pool 'PS Scavenge' had collection(s): count=1 time=90ms
2023-10-17 18:54:45,862 [JvmPauseMonitor5] WARN  util.JvmPauseMonitor (JvmPauseMonitor.java:detectPause(124)) - JvmPauseMonitor-a546daa4-0106-41e2-a933-0105fc903a66: Detected pause in JVM or host machine approximately 0.311s with 0.651s GC time.
GC pool 'PS MarkSweep' had collection(s): count=1 time=561ms
GC pool 'PS Scavenge' had collection(s): count=1 time=90ms
2023-10-17 18:54:46,409 [IPC Server handler 6 on default port 15001] WARN  node.SCMNodeManager (SCMNodeManager.java:getNodesByAddress(1373)) - Cannot find node for address 127.0.0.1
2023-10-17 18:54:46,429 [IPC Server handler 8 on default port 15001] WARN  node.SCMNodeManager (SCMNodeManager.java:getNodesByAddress(1373)) - Cannot find node for address 127.0.0.1
2023-10-17 18:54:46,648 [main] INFO  client.DataStreamClient (ConfUtils.java:logGet(46)) - raft.datastream.type = NETTY (custom)
2023-10-17 18:54:46,654 [main] INFO  netty.NettyConfigKeys$DataStream (ConfUtils.java:logGet(46)) - raft.netty.dataStream.client.tls.conf = null (default)
2023-10-17 18:54:46,655 [main] INFO  netty.NettyConfigKeys$DataStream (ConfUtils.java:logGet(46)) - raft.netty.dataStream.client.reply.queue.grace-period = 1s (default)
2023-10-17 18:54:46,659 [main] INFO  netty.NettyConfigKeys$DataStream (ConfUtils.java:logGet(46)) - raft.netty.dataStream.client.worker-group.share = false (default)
2023-10-17 18:54:46,659 [main] INFO  netty.NettyConfigKeys$DataStream (ConfUtils.java:logGet(46)) - raft.netty.dataStream.client.worker-group.size = 4 (default)
2023-10-17 18:54:46,696 [d11f4703-3fdf-44d6-a0a1-43cd820167cb-NettyServerStreamRpc-bossGroup--thread1] INFO  logging.LoggingHandler (AbstractInternalLogger.java:log(148)) - [id: 0xab397abf, L:/0:0:0:0:0:0:0:0:15060] READ: [id: 0x71cb035c, L:/10.1.0.79:15060 - R:/10.1.0.79:36416]
2023-10-17 18:54:46,698 [d11f4703-3fdf-44d6-a0a1-43cd820167cb-NettyServerStreamRpc-bossGroup--thread1] INFO  logging.LoggingHandler (AbstractInternalLogger.java:log(148)) - [id: 0xab397abf, L:/0:0:0:0:0:0:0:0:15060] READ COMPLETE
2023-10-17 18:54:46,856 [IPC Server handler 17 on default port 15001] WARN  node.SCMNodeManager (SCMNodeManager.java:getNodesByAddress(1373)) - Cannot find node for address 127.0.0.1
2023-10-17 18:54:46,863 [IPC Server handler 10 on default port 15001] WARN  node.SCMNodeManager (SCMNodeManager.java:getNodesByAddress(1373)) - Cannot find node for address 127.0.0.1
2023-10-17 18:54:46,880 [ChunkReader-0] WARN  keyvalue.KeyValueHandler (ContainerUtils.java:logAndReturnError(96)) - Operation: GetBlock , Trace ID:  , Message: Unable to find the block with bcsID 3 .Container 2 bcsId is 1. , Result: UNKNOWN_BCSID , StorageContainerException Occurred.
org.apache.hadoop.hdds.scm.container.common.helpers.StorageContainerException: Unable to find the block with bcsID 3 .Container 2 bcsId is 1.
	at org.apache.hadoop.ozone.container.keyvalue.impl.BlockManagerImpl.getBlock(BlockManagerImpl.java:248)
	at org.apache.hadoop.ozone.container.keyvalue.KeyValueHandler.handleGetBlock(KeyValueHandler.java:585)
	at org.apache.hadoop.ozone.container.keyvalue.KeyValueHandler.dispatchRequest(KeyValueHandler.java:254)
	at org.apache.hadoop.ozone.container.keyvalue.KeyValueHandler.handle(KeyValueHandler.java:223)
	at org.apache.hadoop.ozone.container.common.impl.HddsDispatcher.dispatchRequest(HddsDispatcher.java:326)
	at org.apache.hadoop.ozone.container.common.impl.HddsDispatcher.lambda$dispatch$0(HddsDispatcher.java:179)
	at org.apache.hadoop.hdds.server.OzoneProtocolMessageDispatcher.processRequest(OzoneProtocolMessageDispatcher.java:89)
	at org.apache.hadoop.ozone.container.common.impl.HddsDispatcher.dispatch(HddsDispatcher.java:178)
	at org.apache.hadoop.ozone.container.common.transport.server.GrpcXceiverService$1.onNext(GrpcXceiverService.java:57)
	at org.apache.hadoop.ozone.container.common.transport.server.GrpcXceiverService$1.onNext(GrpcXceiverService.java:50)
	at org.apache.ratis.thirdparty.io.grpc.stub.ServerCalls$StreamingServerCallHandler$StreamingServerCallListener.onMessage(ServerCalls.java:262)
	at org.apache.ratis.thirdparty.io.grpc.ForwardingServerCallListener.onMessage(ForwardingServerCallListener.java:33)
	at org.apache.hadoop.hdds.tracing.GrpcServerInterceptor$1.onMessage(GrpcServerInterceptor.java:49)
	at org.apache.ratis.thirdparty.io.grpc.internal.ServerCallImpl$ServerStreamListenerImpl.messagesAvailableInternal(ServerCallImpl.java:333)
	at org.apache.ratis.thirdparty.io.grpc.internal.ServerCallImpl$ServerStreamListenerImpl.messagesAvailable(ServerCallImpl.java:316)
	at org.apache.ratis.thirdparty.io.grpc.internal.ServerImpl$JumpToApplicationThreadServerStreamListener$1MessagesAvailable.runInContext(ServerImpl.java:835)
	at org.apache.ratis.thirdparty.io.grpc.internal.ContextRunnable.run(ContextRunnable.java:37)
	at org.apache.ratis.thirdparty.io.grpc.internal.SerializingExecutor.run(SerializingExecutor.java:133)
	at java.util.concurrent.ThreadPoolExecutor.runWorker(ThreadPoolExecutor.java:1149)
	at java.util.concurrent.ThreadPoolExecutor$Worker.run(ThreadPoolExecutor.java:624)
	at java.lang.Thread.run(Thread.java:750)
18:54:46.902 [ChunkReader-0] ERROR DNAudit - user=null | ip=null | op=GET_BLOCK {blockData=conID: 2 locID: 111677748019200002 bcsId: 3} | ret=FAILURE
java.lang.Exception: Unable to find the block with bcsID 3 .Container 2 bcsId is 1.
	at org.apache.hadoop.ozone.container.common.impl.HddsDispatcher.dispatchRequest(HddsDispatcher.java:400) ~[hdds-container-service-1.4.0-SNAPSHOT.jar:?]
	at org.apache.hadoop.ozone.container.common.impl.HddsDispatcher.lambda$dispatch$0(HddsDispatcher.java:179) ~[hdds-container-service-1.4.0-SNAPSHOT.jar:?]
	at org.apache.hadoop.hdds.server.OzoneProtocolMessageDispatcher.processRequest(OzoneProtocolMessageDispatcher.java:89) [hdds-server-framework-1.4.0-SNAPSHOT.jar:?]
	at org.apache.hadoop.ozone.container.common.impl.HddsDispatcher.dispatch(HddsDispatcher.java:178) [hdds-container-service-1.4.0-SNAPSHOT.jar:?]
	at org.apache.hadoop.ozone.container.common.transport.server.GrpcXceiverService$1.onNext(GrpcXceiverService.java:57) [hdds-container-service-1.4.0-SNAPSHOT.jar:?]
	at org.apache.hadoop.ozone.container.common.transport.server.GrpcXceiverService$1.onNext(GrpcXceiverService.java:50) [hdds-container-service-1.4.0-SNAPSHOT.jar:?]
	at org.apache.ratis.thirdparty.io.grpc.stub.ServerCalls$StreamingServerCallHandler$StreamingServerCallListener.onMessage(ServerCalls.java:262) [ratis-thirdparty-misc-1.0.4.jar:1.0.4]
	at org.apache.ratis.thirdparty.io.grpc.ForwardingServerCallListener.onMessage(ForwardingServerCallListener.java:33) [ratis-thirdparty-misc-1.0.4.jar:1.0.4]
	at org.apache.hadoop.hdds.tracing.GrpcServerInterceptor$1.onMessage(GrpcServerInterceptor.java:49) [hdds-common-1.4.0-SNAPSHOT.jar:?]
	at org.apache.ratis.thirdparty.io.grpc.internal.ServerCallImpl$ServerStreamListenerImpl.messagesAvailableInternal(ServerCallImpl.java:333) [ratis-thirdparty-misc-1.0.4.jar:1.0.4]
	at org.apache.ratis.thirdparty.io.grpc.internal.ServerCallImpl$ServerStreamListenerImpl.messagesAvailable(ServerCallImpl.java:316) [ratis-thirdparty-misc-1.0.4.jar:1.0.4]
	at org.apache.ratis.thirdparty.io.grpc.internal.ServerImpl$JumpToApplicationThreadServerStreamListener$1MessagesAvailable.runInContext(ServerImpl.java:835) [ratis-thirdparty-misc-1.0.4.jar:1.0.4]
	at org.apache.ratis.thirdparty.io.grpc.internal.ContextRunnable.run(ContextRunnable.java:37) [ratis-thirdparty-misc-1.0.4.jar:1.0.4]
	at org.apache.ratis.thirdparty.io.grpc.internal.SerializingExecutor.run(SerializingExecutor.java:133) [ratis-thirdparty-misc-1.0.4.jar:1.0.4]
	at java.util.concurrent.ThreadPoolExecutor.runWorker(ThreadPoolExecutor.java:1149) [?:1.8.0_382]
	at java.util.concurrent.ThreadPoolExecutor$Worker.run(ThreadPoolExecutor.java:624) [?:1.8.0_382]
	at java.lang.Thread.run(Thread.java:750) [?:1.8.0_382]
2023-10-17 18:54:46,922 [main] ERROR scm.XceiverClientGrpc (XceiverClientGrpc.java:sendCommandWithRetry(450)) - Failed to execute command GetBlock on the pipeline Pipeline[ Id: b3bf6729-adf5-48ea-b99f-088a80db8ead, Nodes: d11f4703-3fdf-44d6-a0a1-43cd820167cb(fv-az82-357.ou3itxwc2spe5nxnxxppousbrf.dx.internal.cloudapp.net/10.1.0.79), ReplicationConfig: STANDALONE/ONE, State:OPEN, leaderId:d11f4703-3fdf-44d6-a0a1-43cd820167cb, CreationTimestamp2023-10-17T18:54:34.472Z[Etc/UTC]].
2023-10-17 18:54:46,922 [main] INFO  storage.BlockInputStream (BlockInputStream.java:refreshBlockInfo(205)) - Unable to read information for block conID: 2 locID: 111677748019200002 bcsId: 3 from pipeline PipelineID=b3bf6729-adf5-48ea-b99f-088a80db8ead: Unable to find the block with bcsID 3 .Container 2 bcsId is 1.
2023-10-17 18:54:46,931 [IPC Server handler 7 on default port 15001] WARN  node.SCMNodeManager (SCMNodeManager.java:getNodesByAddress(1373)) - Cannot find node for address 127.0.0.1
2023-10-17 18:54:46,943 [ChunkReader-1] WARN  keyvalue.KeyValueHandler (ContainerUtils.java:logAndReturnError(96)) - Operation: GetBlock , Trace ID:  , Message: Unable to find the block with bcsID 3 .Container 2 bcsId is 1. , Result: UNKNOWN_BCSID , StorageContainerException Occurred.
org.apache.hadoop.hdds.scm.container.common.helpers.StorageContainerException: Unable to find the block with bcsID 3 .Container 2 bcsId is 1.
	at org.apache.hadoop.ozone.container.keyvalue.impl.BlockManagerImpl.getBlock(BlockManagerImpl.java:248)
	at org.apache.hadoop.ozone.container.keyvalue.KeyValueHandler.handleGetBlock(KeyValueHandler.java:585)
	at org.apache.hadoop.ozone.container.keyvalue.KeyValueHandler.dispatchRequest(KeyValueHandler.java:254)
	at org.apache.hadoop.ozone.container.keyvalue.KeyValueHandler.handle(KeyValueHandler.java:223)
	at org.apache.hadoop.ozone.container.common.impl.HddsDispatcher.dispatchRequest(HddsDispatcher.java:326)
	at org.apache.hadoop.ozone.container.common.impl.HddsDispatcher.lambda$dispatch$0(HddsDispatcher.java:179)
	at org.apache.hadoop.hdds.server.OzoneProtocolMessageDispatcher.processRequest(OzoneProtocolMessageDispatcher.java:89)
	at org.apache.hadoop.ozone.container.common.impl.HddsDispatcher.dispatch(HddsDispatcher.java:178)
	at org.apache.hadoop.ozone.container.common.transport.server.GrpcXceiverService$1.onNext(GrpcXceiverService.java:57)
	at org.apache.hadoop.ozone.container.common.transport.server.GrpcXceiverService$1.onNext(GrpcXceiverService.java:50)
	at org.apache.ratis.thirdparty.io.grpc.stub.ServerCalls$StreamingServerCallHandler$StreamingServerCallListener.onMessage(ServerCalls.java:262)
	at org.apache.ratis.thirdparty.io.grpc.ForwardingServerCallListener.onMessage(ForwardingServerCallListener.java:33)
	at org.apache.hadoop.hdds.tracing.GrpcServerInterceptor$1.onMessage(GrpcServerInterceptor.java:49)
	at org.apache.ratis.thirdparty.io.grpc.internal.ServerCallImpl$ServerStreamListenerImpl.messagesAvailableInternal(ServerCallImpl.java:333)
	at org.apache.ratis.thirdparty.io.grpc.internal.ServerCallImpl$ServerStreamListenerImpl.messagesAvailable(ServerCallImpl.java:316)
	at org.apache.ratis.thirdparty.io.grpc.internal.ServerImpl$JumpToApplicationThreadServerStreamListener$1MessagesAvailable.runInContext(ServerImpl.java:835)
	at org.apache.ratis.thirdparty.io.grpc.internal.ContextRunnable.run(ContextRunnable.java:37)
	at org.apache.ratis.thirdparty.io.grpc.internal.SerializingExecutor.run(SerializingExecutor.java:133)
	at java.util.concurrent.ThreadPoolExecutor.runWorker(ThreadPoolExecutor.java:1149)
	at java.util.concurrent.ThreadPoolExecutor$Worker.run(ThreadPoolExecutor.java:624)
	at java.lang.Thread.run(Thread.java:750)
18:54:46.944 [ChunkReader-1] ERROR DNAudit - user=null | ip=null | op=GET_BLOCK {blockData=conID: 2 locID: 111677748019200002 bcsId: 3} | ret=FAILURE
java.lang.Exception: Unable to find the block with bcsID 3 .Container 2 bcsId is 1.
	at org.apache.hadoop.ozone.container.common.impl.HddsDispatcher.dispatchRequest(HddsDispatcher.java:400) ~[hdds-container-service-1.4.0-SNAPSHOT.jar:?]
	at org.apache.hadoop.ozone.container.common.impl.HddsDispatcher.lambda$dispatch$0(HddsDispatcher.java:179) ~[hdds-container-service-1.4.0-SNAPSHOT.jar:?]
	at org.apache.hadoop.hdds.server.OzoneProtocolMessageDispatcher.processRequest(OzoneProtocolMessageDispatcher.java:89) [hdds-server-framework-1.4.0-SNAPSHOT.jar:?]
	at org.apache.hadoop.ozone.container.common.impl.HddsDispatcher.dispatch(HddsDispatcher.java:178) [hdds-container-service-1.4.0-SNAPSHOT.jar:?]
	at org.apache.hadoop.ozone.container.common.transport.server.GrpcXceiverService$1.onNext(GrpcXceiverService.java:57) [hdds-container-service-1.4.0-SNAPSHOT.jar:?]
	at org.apache.hadoop.ozone.container.common.transport.server.GrpcXceiverService$1.onNext(GrpcXceiverService.java:50) [hdds-container-service-1.4.0-SNAPSHOT.jar:?]
	at org.apache.ratis.thirdparty.io.grpc.stub.ServerCalls$StreamingServerCallHandler$StreamingServerCallListener.onMessage(ServerCalls.java:262) [ratis-thirdparty-misc-1.0.4.jar:1.0.4]
	at org.apache.ratis.thirdparty.io.grpc.ForwardingServerCallListener.onMessage(ForwardingServerCallListener.java:33) [ratis-thirdparty-misc-1.0.4.jar:1.0.4]
	at org.apache.hadoop.hdds.tracing.GrpcServerInterceptor$1.onMessage(GrpcServerInterceptor.java:49) [hdds-common-1.4.0-SNAPSHOT.jar:?]
	at org.apache.ratis.thirdparty.io.grpc.internal.ServerCallImpl$ServerStreamListenerImpl.messagesAvailableInternal(ServerCallImpl.java:333) [ratis-thirdparty-misc-1.0.4.jar:1.0.4]
	at org.apache.ratis.thirdparty.io.grpc.internal.ServerCallImpl$ServerStreamListenerImpl.messagesAvailable(ServerCallImpl.java:316) [ratis-thirdparty-misc-1.0.4.jar:1.0.4]
	at org.apache.ratis.thirdparty.io.grpc.internal.ServerImpl$JumpToApplicationThreadServerStreamListener$1MessagesAvailable.runInContext(ServerImpl.java:835) [ratis-thirdparty-misc-1.0.4.jar:1.0.4]
	at org.apache.ratis.thirdparty.io.grpc.internal.ContextRunnable.run(ContextRunnable.java:37) [ratis-thirdparty-misc-1.0.4.jar:1.0.4]
	at org.apache.ratis.thirdparty.io.grpc.internal.SerializingExecutor.run(SerializingExecutor.java:133) [ratis-thirdparty-misc-1.0.4.jar:1.0.4]
	at java.util.concurrent.ThreadPoolExecutor.runWorker(ThreadPoolExecutor.java:1149) [?:1.8.0_382]
	at java.util.concurrent.ThreadPoolExecutor$Worker.run(ThreadPoolExecutor.java:624) [?:1.8.0_382]
	at java.lang.Thread.run(Thread.java:750) [?:1.8.0_382]
2023-10-17 18:54:46,949 [main] ERROR scm.XceiverClientGrpc (XceiverClientGrpc.java:sendCommandWithRetry(450)) - Failed to execute command GetBlock on the pipeline Pipeline[ Id: b3bf6729-adf5-48ea-b99f-088a80db8ead, Nodes: d11f4703-3fdf-44d6-a0a1-43cd820167cb(fv-az82-357.ou3itxwc2spe5nxnxxppousbrf.dx.internal.cloudapp.net/10.1.0.79), ReplicationConfig: STANDALONE/ONE, State:OPEN, leaderId:d11f4703-3fdf-44d6-a0a1-43cd820167cb, CreationTimestamp2023-10-17T18:54:34.472Z[Etc/UTC]].
2023-10-17 18:54:46,949 [main] INFO  storage.BlockInputStream (BlockInputStream.java:refreshBlockInfo(205)) - Unable to read information for block conID: 2 locID: 111677748019200002 bcsId: 3 from pipeline PipelineID=b3bf6729-adf5-48ea-b99f-088a80db8ead: Unable to find the block with bcsID 3 .Container 2 bcsId is 1.
2023-10-17 18:54:46,955 [IPC Server handler 3 on default port 15001] WARN  node.SCMNodeManager (SCMNodeManager.java:getNodesByAddress(1373)) - Cannot find node for address 127.0.0.1
2023-10-17 18:54:46,960 [ChunkReader-2] WARN  keyvalue.KeyValueHandler (ContainerUtils.java:logAndReturnError(96)) - Operation: GetBlock , Trace ID:  , Message: Unable to find the block with bcsID 3 .Container 2 bcsId is 1. , Result: UNKNOWN_BCSID , StorageContainerException Occurred.
org.apache.hadoop.hdds.scm.container.common.helpers.StorageContainerException: Unable to find the block with bcsID 3 .Container 2 bcsId is 1.
	at org.apache.hadoop.ozone.container.keyvalue.impl.BlockManagerImpl.getBlock(BlockManagerImpl.java:248)
	at org.apache.hadoop.ozone.container.keyvalue.KeyValueHandler.handleGetBlock(KeyValueHandler.java:585)
	at org.apache.hadoop.ozone.container.keyvalue.KeyValueHandler.dispatchRequest(KeyValueHandler.java:254)
	at org.apache.hadoop.ozone.container.keyvalue.KeyValueHandler.handle(KeyValueHandler.java:223)
	at org.apache.hadoop.ozone.container.common.impl.HddsDispatcher.dispatchRequest(HddsDispatcher.java:326)
	at org.apache.hadoop.ozone.container.common.impl.HddsDispatcher.lambda$dispatch$0(HddsDispatcher.java:179)
	at org.apache.hadoop.hdds.server.OzoneProtocolMessageDispatcher.processRequest(OzoneProtocolMessageDispatcher.java:89)
	at org.apache.hadoop.ozone.container.common.impl.HddsDispatcher.dispatch(HddsDispatcher.java:178)
	at org.apache.hadoop.ozone.container.common.transport.server.GrpcXceiverService$1.onNext(GrpcXceiverService.java:57)
	at org.apache.hadoop.ozone.container.common.transport.server.GrpcXceiverService$1.onNext(GrpcXceiverService.java:50)
	at org.apache.ratis.thirdparty.io.grpc.stub.ServerCalls$StreamingServerCallHandler$StreamingServerCallListener.onMessage(ServerCalls.java:262)
	at org.apache.ratis.thirdparty.io.grpc.ForwardingServerCallListener.onMessage(ForwardingServerCallListener.java:33)
	at org.apache.hadoop.hdds.tracing.GrpcServerInterceptor$1.onMessage(GrpcServerInterceptor.java:49)
	at org.apache.ratis.thirdparty.io.grpc.internal.ServerCallImpl$ServerStreamListenerImpl.messagesAvailableInternal(ServerCallImpl.java:333)
	at org.apache.ratis.thirdparty.io.grpc.internal.ServerCallImpl$ServerStreamListenerImpl.messagesAvailable(ServerCallImpl.java:316)
	at org.apache.ratis.thirdparty.io.grpc.internal.ServerImpl$JumpToApplicationThreadServerStreamListener$1MessagesAvailable.runInContext(ServerImpl.java:835)
	at org.apache.ratis.thirdparty.io.grpc.internal.ContextRunnable.run(ContextRunnable.java:37)
	at org.apache.ratis.thirdparty.io.grpc.internal.SerializingExecutor.run(SerializingExecutor.java:133)
	at java.util.concurrent.ThreadPoolExecutor.runWorker(ThreadPoolExecutor.java:1149)
	at java.util.concurrent.ThreadPoolExecutor$Worker.run(ThreadPoolExecutor.java:624)
	at java.lang.Thread.run(Thread.java:750)
18:54:46.961 [ChunkReader-2] ERROR DNAudit - user=null | ip=null | op=GET_BLOCK {blockData=conID: 2 locID: 111677748019200002 bcsId: 3} | ret=FAILURE
java.lang.Exception: Unable to find the block with bcsID 3 .Container 2 bcsId is 1.
	at org.apache.hadoop.ozone.container.common.impl.HddsDispatcher.dispatchRequest(HddsDispatcher.java:400) ~[hdds-container-service-1.4.0-SNAPSHOT.jar:?]
	at org.apache.hadoop.ozone.container.common.impl.HddsDispatcher.lambda$dispatch$0(HddsDispatcher.java:179) ~[hdds-container-service-1.4.0-SNAPSHOT.jar:?]
	at org.apache.hadoop.hdds.server.OzoneProtocolMessageDispatcher.processRequest(OzoneProtocolMessageDispatcher.java:89) [hdds-server-framework-1.4.0-SNAPSHOT.jar:?]
	at org.apache.hadoop.ozone.container.common.impl.HddsDispatcher.dispatch(HddsDispatcher.java:178) [hdds-container-service-1.4.0-SNAPSHOT.jar:?]
	at org.apache.hadoop.ozone.container.common.transport.server.GrpcXceiverService$1.onNext(GrpcXceiverService.java:57) [hdds-container-service-1.4.0-SNAPSHOT.jar:?]
	at org.apache.hadoop.ozone.container.common.transport.server.GrpcXceiverService$1.onNext(GrpcXceiverService.java:50) [hdds-container-service-1.4.0-SNAPSHOT.jar:?]
	at org.apache.ratis.thirdparty.io.grpc.stub.ServerCalls$StreamingServerCallHandler$StreamingServerCallListener.onMessage(ServerCalls.java:262) [ratis-thirdparty-misc-1.0.4.jar:1.0.4]
	at org.apache.ratis.thirdparty.io.grpc.ForwardingServerCallListener.onMessage(ForwardingServerCallListener.java:33) [ratis-thirdparty-misc-1.0.4.jar:1.0.4]
	at org.apache.hadoop.hdds.tracing.GrpcServerInterceptor$1.onMessage(GrpcServerInterceptor.java:49) [hdds-common-1.4.0-SNAPSHOT.jar:?]
	at org.apache.ratis.thirdparty.io.grpc.internal.ServerCallImpl$ServerStreamListenerImpl.messagesAvailableInternal(ServerCallImpl.java:333) [ratis-thirdparty-misc-1.0.4.jar:1.0.4]
	at org.apache.ratis.thirdparty.io.grpc.internal.ServerCallImpl$ServerStreamListenerImpl.messagesAvailable(ServerCallImpl.java:316) [ratis-thirdparty-misc-1.0.4.jar:1.0.4]
	at org.apache.ratis.thirdparty.io.grpc.internal.ServerImpl$JumpToApplicationThreadServerStreamListener$1MessagesAvailable.runInContext(ServerImpl.java:835) [ratis-thirdparty-misc-1.0.4.jar:1.0.4]
	at org.apache.ratis.thirdparty.io.grpc.internal.ContextRunnable.run(ContextRunnable.java:37) [ratis-thirdparty-misc-1.0.4.jar:1.0.4]
	at org.apache.ratis.thirdparty.io.grpc.internal.SerializingExecutor.run(SerializingExecutor.java:133) [ratis-thirdparty-misc-1.0.4.jar:1.0.4]
	at java.util.concurrent.ThreadPoolExecutor.runWorker(ThreadPoolExecutor.java:1149) [?:1.8.0_382]
	at java.util.concurrent.ThreadPoolExecutor$Worker.run(ThreadPoolExecutor.java:624) [?:1.8.0_382]
	at java.lang.Thread.run(Thread.java:750) [?:1.8.0_382]
2023-10-17 18:54:46,962 [main] ERROR scm.XceiverClientGrpc (XceiverClientGrpc.java:sendCommandWithRetry(450)) - Failed to execute command GetBlock on the pipeline Pipeline[ Id: b3bf6729-adf5-48ea-b99f-088a80db8ead, Nodes: d11f4703-3fdf-44d6-a0a1-43cd820167cb(fv-az82-357.ou3itxwc2spe5nxnxxppousbrf.dx.internal.cloudapp.net/10.1.0.79), ReplicationConfig: STANDALONE/ONE, State:OPEN, leaderId:d11f4703-3fdf-44d6-a0a1-43cd820167cb, CreationTimestamp2023-10-17T18:54:34.472Z[Etc/UTC]].
2023-10-17 18:54:46,963 [main] INFO  storage.BlockInputStream (BlockInputStream.java:refreshBlockInfo(205)) - Unable to read information for block conID: 2 locID: 111677748019200002 bcsId: 3 from pipeline PipelineID=b3bf6729-adf5-48ea-b99f-088a80db8ead: Unable to find the block with bcsID 3 .Container 2 bcsId is 1.
2023-10-17 18:54:46,969 [IPC Server handler 5 on default port 15001] WARN  node.SCMNodeManager (SCMNodeManager.java:getNodesByAddress(1373)) - Cannot find node for address 127.0.0.1
]]></system-out>
    <system-err><![CDATA[ERROR StatusLogger Reconfiguration failed: No configuration found for '18b4aac2' at 'null' in 'null'
]]></system-err>
  </testcase>
  <testcase name="testPutKeyWithEncryption(BucketLayout)[2]" classname="org.apache.hadoop.ozone.client.rpc.TestOzoneAtRestEncryption" time="0.373">
    <system-out><![CDATA[2023-10-17 18:54:47,001 [main] INFO  rpc.RpcClient (RpcClient.java:createVolume(462)) - Creating Volume: 9e170f0c-a825-43a5-92c3-2cb9e66cb9a1, with runner as owner and space quota set to -1 bytes, counts quota set to -1
2023-10-17 18:54:47,007 [OM StateMachine ApplyTransaction Thread - 0] INFO  volume.OMVolumeCreateRequest (OMVolumeCreateRequest.java:validateAndUpdateCache(196)) - created volume:9e170f0c-a825-43a5-92c3-2cb9e66cb9a1 for user:runner
2023-10-17 18:54:47,014 [main] INFO  rpc.RpcClient (RpcClient.java:createBucket(689)) - Creating Bucket: 9e170f0c-a825-43a5-92c3-2cb9e66cb9a1/683aa0ec-8d99-4944-9752-957cee308c97, with bucket layout OBJECT_STORE, runner as owner, Versioning false, Storage Type set to DISK and Encryption set to true, Replication Type set to server-side default replication type, Namespace Quota set to -1, Space Quota set to -1 
2023-10-17 18:54:47,026 [qtp2085952212-17] INFO  kms-audit (SimpleKMSAuditLogger.java:logAuditSimpleFormat(93)) - OK[op=GET_METADATA, key=key1, user=runner] 
2023-10-17 18:54:47,030 [OM StateMachine ApplyTransaction Thread - 0] INFO  bucket.OMBucketCreateRequest (OMBucketCreateRequest.java:validateAndUpdateCache(270)) - created bucket: 683aa0ec-8d99-4944-9752-957cee308c97 of layout OBJECT_STORE in volume: 9e170f0c-a825-43a5-92c3-2cb9e66cb9a1
2023-10-17 18:54:47,120 [IPC Server handler 4 on default port 15001] WARN  node.SCMNodeManager (SCMNodeManager.java:getNodesByAddress(1373)) - Cannot find node for address 127.0.0.1
2023-10-17 18:54:47,124 [IPC Server handler 19 on default port 15001] WARN  node.SCMNodeManager (SCMNodeManager.java:getNodesByAddress(1373)) - Cannot find node for address 127.0.0.1
2023-10-17 18:54:47,192 [main] INFO  client.DataStreamClient (ConfUtils.java:logGet(46)) - raft.datastream.type = NETTY (custom)
2023-10-17 18:54:47,192 [main] INFO  netty.NettyConfigKeys$DataStream (ConfUtils.java:logGet(46)) - raft.netty.dataStream.client.tls.conf = null (default)
2023-10-17 18:54:47,192 [main] INFO  netty.NettyConfigKeys$DataStream (ConfUtils.java:logGet(46)) - raft.netty.dataStream.client.reply.queue.grace-period = 1s (default)
2023-10-17 18:54:47,193 [main] INFO  netty.NettyConfigKeys$DataStream (ConfUtils.java:logGet(46)) - raft.netty.dataStream.client.worker-group.share = false (default)
2023-10-17 18:54:47,193 [main] INFO  netty.NettyConfigKeys$DataStream (ConfUtils.java:logGet(46)) - raft.netty.dataStream.client.worker-group.size = 4 (default)
2023-10-17 18:54:47,204 [7a0123dc-2631-482f-afc4-3bb35f550263-NettyServerStreamRpc-bossGroup--thread1] INFO  logging.LoggingHandler (AbstractInternalLogger.java:log(148)) - [id: 0x99e50eb1, L:/0:0:0:0:0:0:0:0:15087] READ: [id: 0x390095a4, L:/10.1.0.79:15087 - R:/10.1.0.79:60476]
2023-10-17 18:54:47,209 [7a0123dc-2631-482f-afc4-3bb35f550263-NettyServerStreamRpc-bossGroup--thread1] INFO  logging.LoggingHandler (AbstractInternalLogger.java:log(148)) - [id: 0x99e50eb1, L:/0:0:0:0:0:0:0:0:15087] READ COMPLETE
2023-10-17 18:54:47,334 [IPC Server handler 8 on default port 15001] WARN  node.SCMNodeManager (SCMNodeManager.java:getNodesByAddress(1373)) - Cannot find node for address 127.0.0.1
2023-10-17 18:54:47,338 [IPC Server handler 9 on default port 15001] WARN  node.SCMNodeManager (SCMNodeManager.java:getNodesByAddress(1373)) - Cannot find node for address 127.0.0.1
]]></system-out>
  </testcase>
  <testcase name="testPutKeyWithEncryption(BucketLayout)[3]" classname="org.apache.hadoop.ozone.client.rpc.TestOzoneAtRestEncryption" time="0.335">
    <system-out><![CDATA[2023-10-17 18:54:47,373 [main] INFO  rpc.RpcClient (RpcClient.java:createVolume(462)) - Creating Volume: 2b213cd2-ffa9-4c23-b40d-91cfefacb2fe, with runner as owner and space quota set to -1 bytes, counts quota set to -1
2023-10-17 18:54:47,377 [OM StateMachine ApplyTransaction Thread - 0] INFO  volume.OMVolumeCreateRequest (OMVolumeCreateRequest.java:validateAndUpdateCache(196)) - created volume:2b213cd2-ffa9-4c23-b40d-91cfefacb2fe for user:runner
2023-10-17 18:54:47,380 [main] INFO  rpc.RpcClient (RpcClient.java:createBucket(689)) - Creating Bucket: 2b213cd2-ffa9-4c23-b40d-91cfefacb2fe/6ae627d8-cfa2-411b-a1a4-c43f6465d991, with bucket layout LEGACY, runner as owner, Versioning false, Storage Type set to DISK and Encryption set to true, Replication Type set to server-side default replication type, Namespace Quota set to -1, Space Quota set to -1 
2023-10-17 18:54:47,383 [qtp2085952212-22] INFO  kms-audit (SimpleKMSAuditLogger.java:logAuditSimpleFormat(93)) - OK[op=GET_METADATA, key=key1, user=runner] 
2023-10-17 18:54:47,387 [OM StateMachine ApplyTransaction Thread - 0] INFO  bucket.OMBucketCreateRequest (OMBucketCreateRequest.java:validateAndUpdateCache(270)) - created bucket: 6ae627d8-cfa2-411b-a1a4-c43f6465d991 of layout LEGACY in volume: 2b213cd2-ffa9-4c23-b40d-91cfefacb2fe
2023-10-17 18:54:47,471 [IPC Server handler 10 on default port 15001] WARN  node.SCMNodeManager (SCMNodeManager.java:getNodesByAddress(1373)) - Cannot find node for address 127.0.0.1
2023-10-17 18:54:47,476 [IPC Server handler 7 on default port 15001] WARN  node.SCMNodeManager (SCMNodeManager.java:getNodesByAddress(1373)) - Cannot find node for address 127.0.0.1
2023-10-17 18:54:47,536 [main] INFO  client.DataStreamClient (ConfUtils.java:logGet(46)) - raft.datastream.type = NETTY (custom)
2023-10-17 18:54:47,536 [main] INFO  netty.NettyConfigKeys$DataStream (ConfUtils.java:logGet(46)) - raft.netty.dataStream.client.tls.conf = null (default)
2023-10-17 18:54:47,536 [main] INFO  netty.NettyConfigKeys$DataStream (ConfUtils.java:logGet(46)) - raft.netty.dataStream.client.reply.queue.grace-period = 1s (default)
2023-10-17 18:54:47,536 [main] INFO  netty.NettyConfigKeys$DataStream (ConfUtils.java:logGet(46)) - raft.netty.dataStream.client.worker-group.share = false (default)
2023-10-17 18:54:47,537 [main] INFO  netty.NettyConfigKeys$DataStream (ConfUtils.java:logGet(46)) - raft.netty.dataStream.client.worker-group.size = 4 (default)
2023-10-17 18:54:47,543 [c3f8e5ad-ff25-4bb1-b821-874019ad4281-NettyServerStreamRpc-bossGroup--thread1] INFO  logging.LoggingHandler (AbstractInternalLogger.java:log(148)) - [id: 0xda7af1e9, L:/0:0:0:0:0:0:0:0:15078] READ: [id: 0xd243ddb3, L:/10.1.0.79:15078 - R:/10.1.0.79:55142]
2023-10-17 18:54:47,544 [c3f8e5ad-ff25-4bb1-b821-874019ad4281-NettyServerStreamRpc-bossGroup--thread1] INFO  logging.LoggingHandler (AbstractInternalLogger.java:log(148)) - [id: 0xda7af1e9, L:/0:0:0:0:0:0:0:0:15078] READ COMPLETE
2023-10-17 18:54:47,675 [IPC Server handler 5 on default port 15001] WARN  node.SCMNodeManager (SCMNodeManager.java:getNodesByAddress(1373)) - Cannot find node for address 127.0.0.1
2023-10-17 18:54:47,680 [IPC Server handler 16 on default port 15001] WARN  node.SCMNodeManager (SCMNodeManager.java:getNodesByAddress(1373)) - Cannot find node for address 127.0.0.1
]]></system-out>
  </testcase>
  <testcase name="mpuWithLink(BucketLayout)[1]" classname="org.apache.hadoop.ozone.client.rpc.TestOzoneAtRestEncryption" time="2.788">
    <system-out><![CDATA[2023-10-17 18:54:47,713 [main] INFO  rpc.RpcClient (RpcClient.java:createVolume(462)) - Creating Volume: 1726a354-1dbc-490d-b3c4-a3e9291ae0e6, with runner as owner and space quota set to -1 bytes, counts quota set to -1
2023-10-17 18:54:47,718 [OM StateMachine ApplyTransaction Thread - 0] INFO  volume.OMVolumeCreateRequest (OMVolumeCreateRequest.java:validateAndUpdateCache(196)) - created volume:1726a354-1dbc-490d-b3c4-a3e9291ae0e6 for user:runner
2023-10-17 18:54:47,723 [main] INFO  rpc.RpcClient (RpcClient.java:createBucket(689)) - Creating Bucket: 1726a354-1dbc-490d-b3c4-a3e9291ae0e6/f2bc4e39-e585-4679-b52c-8cb648bc0a39, with bucket layout FILE_SYSTEM_OPTIMIZED, runner as owner, Versioning false, Storage Type set to DISK and Encryption set to true, Replication Type set to server-side default replication type, Namespace Quota set to -1, Space Quota set to -1 
2023-10-17 18:54:47,726 [qtp2085952212-17] INFO  kms-audit (SimpleKMSAuditLogger.java:logAuditSimpleFormat(93)) - OK[op=GET_METADATA, key=key1, user=runner] 
2023-10-17 18:54:47,730 [OM StateMachine ApplyTransaction Thread - 0] INFO  bucket.OMBucketCreateRequest (OMBucketCreateRequest.java:validateAndUpdateCache(270)) - created bucket: f2bc4e39-e585-4679-b52c-8cb648bc0a39 of layout FILE_SYSTEM_OPTIMIZED in volume: 1726a354-1dbc-490d-b3c4-a3e9291ae0e6
2023-10-17 18:54:47,734 [main] INFO  rpc.RpcClient (RpcClient.java:createVolume(462)) - Creating Volume: d37e9600-e695-44f0-ab3d-8eff36a0c0fa, with runner as owner and space quota set to -1 bytes, counts quota set to -1
2023-10-17 18:54:47,736 [OM StateMachine ApplyTransaction Thread - 0] INFO  volume.OMVolumeCreateRequest (OMVolumeCreateRequest.java:validateAndUpdateCache(196)) - created volume:d37e9600-e695-44f0-ab3d-8eff36a0c0fa for user:runner
2023-10-17 18:54:47,740 [main] INFO  rpc.RpcClient (RpcClient.java:createBucket(689)) - Creating Bucket: d37e9600-e695-44f0-ab3d-8eff36a0c0fa/e9064d45-6838-456c-a407-fa1b2558d456, with server-side default bucket layout, runner as owner, Versioning false, Storage Type set to DISK and Encryption set to false, Replication Type set to server-side default replication type, Namespace Quota set to -1, Space Quota set to -1 
2023-10-17 18:54:47,743 [OM StateMachine ApplyTransaction Thread - 0] INFO  bucket.OMBucketCreateRequest (OMBucketCreateRequest.java:validateAndUpdateCache(270)) - created bucket: e9064d45-6838-456c-a407-fa1b2558d456 of layout FILE_SYSTEM_OPTIMIZED in volume: d37e9600-e695-44f0-ab3d-8eff36a0c0fa
2023-10-17 18:54:48,951 [OM StateMachine ApplyTransaction Thread - 0] DEBUG db.CodecBuffer (CodecBuffer.java:setCapacity(328)) - setCapacity: 4096 -> 10919, max=2147483647
2023-10-17 18:54:48,977 [IPC Server handler 2 on default port 15001] WARN  node.SCMNodeManager (SCMNodeManager.java:getNodesByAddress(1373)) - Cannot find node for address 127.0.0.1
2023-10-17 18:54:48,978 [IPC Server handler 15 on default port 15001] WARN  node.SCMNodeManager (SCMNodeManager.java:getNodesByAddress(1373)) - Cannot find node for address 127.0.0.1
2023-10-17 18:54:48,979 [IPC Server handler 11 on default port 15001] WARN  node.SCMNodeManager (SCMNodeManager.java:getNodesByAddress(1373)) - Cannot find node for address 127.0.0.1
2023-10-17 18:54:48,980 [IPC Server handler 19 on default port 15001] WARN  node.SCMNodeManager (SCMNodeManager.java:getNodesByAddress(1373)) - Cannot find node for address 127.0.0.1
2023-10-17 18:54:48,981 [IPC Server handler 1 on default port 15001] WARN  node.SCMNodeManager (SCMNodeManager.java:getNodesByAddress(1373)) - Cannot find node for address 127.0.0.1
2023-10-17 18:54:48,982 [IPC Server handler 0 on default port 15001] WARN  node.SCMNodeManager (SCMNodeManager.java:getNodesByAddress(1373)) - Cannot find node for address 127.0.0.1
2023-10-17 18:54:48,983 [IPC Server handler 6 on default port 15001] WARN  node.SCMNodeManager (SCMNodeManager.java:getNodesByAddress(1373)) - Cannot find node for address 127.0.0.1
]]></system-out>
  </testcase>
  <testcase name="mpuWithLink(BucketLayout)[2]" classname="org.apache.hadoop.ozone.client.rpc.TestOzoneAtRestEncryption" time="1.913">
    <system-out><![CDATA[2023-10-17 18:54:50,502 [main] INFO  rpc.RpcClient (RpcClient.java:createVolume(462)) - Creating Volume: 16903226-c478-4850-9058-a202ecd8c011, with runner as owner and space quota set to -1 bytes, counts quota set to -1
2023-10-17 18:54:50,507 [OM StateMachine ApplyTransaction Thread - 0] INFO  volume.OMVolumeCreateRequest (OMVolumeCreateRequest.java:validateAndUpdateCache(196)) - created volume:16903226-c478-4850-9058-a202ecd8c011 for user:runner
2023-10-17 18:54:50,515 [main] INFO  rpc.RpcClient (RpcClient.java:createBucket(689)) - Creating Bucket: 16903226-c478-4850-9058-a202ecd8c011/52b28ea0-2a99-44e7-9146-797604446749, with bucket layout OBJECT_STORE, runner as owner, Versioning false, Storage Type set to DISK and Encryption set to true, Replication Type set to server-side default replication type, Namespace Quota set to -1, Space Quota set to -1 
2023-10-17 18:54:50,518 [qtp2085952212-17] INFO  kms-audit (SimpleKMSAuditLogger.java:logAuditSimpleFormat(93)) - OK[op=GET_METADATA, key=key1, user=runner] 
2023-10-17 18:54:50,522 [OM StateMachine ApplyTransaction Thread - 0] INFO  bucket.OMBucketCreateRequest (OMBucketCreateRequest.java:validateAndUpdateCache(270)) - created bucket: 52b28ea0-2a99-44e7-9146-797604446749 of layout OBJECT_STORE in volume: 16903226-c478-4850-9058-a202ecd8c011
2023-10-17 18:54:50,529 [main] INFO  rpc.RpcClient (RpcClient.java:createVolume(462)) - Creating Volume: f9b5ad33-73b8-4233-be9b-5a128f703b6b, with runner as owner and space quota set to -1 bytes, counts quota set to -1
2023-10-17 18:54:50,532 [OM StateMachine ApplyTransaction Thread - 0] INFO  volume.OMVolumeCreateRequest (OMVolumeCreateRequest.java:validateAndUpdateCache(196)) - created volume:f9b5ad33-73b8-4233-be9b-5a128f703b6b for user:runner
2023-10-17 18:54:50,536 [main] INFO  rpc.RpcClient (RpcClient.java:createBucket(689)) - Creating Bucket: f9b5ad33-73b8-4233-be9b-5a128f703b6b/efeb15d8-58c6-414c-899b-03d808791ec7, with server-side default bucket layout, runner as owner, Versioning false, Storage Type set to DISK and Encryption set to false, Replication Type set to server-side default replication type, Namespace Quota set to -1, Space Quota set to -1 
2023-10-17 18:54:50,542 [OM StateMachine ApplyTransaction Thread - 0] INFO  bucket.OMBucketCreateRequest (OMBucketCreateRequest.java:validateAndUpdateCache(270)) - created bucket: efeb15d8-58c6-414c-899b-03d808791ec7 of layout FILE_SYSTEM_OPTIMIZED in volume: f9b5ad33-73b8-4233-be9b-5a128f703b6b
2023-10-17 18:54:51,339 [OM StateMachine ApplyTransaction Thread - 0] DEBUG db.CodecBuffer (CodecBuffer.java:setCapacity(328)) - setCapacity: 4096 -> 10908, max=2147483647
2023-10-17 18:54:51,348 [IPC Server handler 16 on default port 15001] WARN  node.SCMNodeManager (SCMNodeManager.java:getNodesByAddress(1373)) - Cannot find node for address 127.0.0.1
2023-10-17 18:54:51,349 [IPC Server handler 4 on default port 15001] WARN  node.SCMNodeManager (SCMNodeManager.java:getNodesByAddress(1373)) - Cannot find node for address 127.0.0.1
2023-10-17 18:54:51,350 [IPC Server handler 18 on default port 15001] WARN  node.SCMNodeManager (SCMNodeManager.java:getNodesByAddress(1373)) - Cannot find node for address 127.0.0.1
2023-10-17 18:54:51,351 [IPC Server handler 13 on default port 15001] WARN  node.SCMNodeManager (SCMNodeManager.java:getNodesByAddress(1373)) - Cannot find node for address 127.0.0.1
2023-10-17 18:54:51,351 [IPC Server handler 12 on default port 15001] WARN  node.SCMNodeManager (SCMNodeManager.java:getNodesByAddress(1373)) - Cannot find node for address 127.0.0.1
2023-10-17 18:54:51,352 [IPC Server handler 14 on default port 15001] WARN  node.SCMNodeManager (SCMNodeManager.java:getNodesByAddress(1373)) - Cannot find node for address 127.0.0.1
2023-10-17 18:54:51,353 [IPC Server handler 2 on default port 15001] WARN  node.SCMNodeManager (SCMNodeManager.java:getNodesByAddress(1373)) - Cannot find node for address 127.0.0.1
2023-10-17 18:54:51,354 [IPC Server handler 15 on default port 15001] WARN  node.SCMNodeManager (SCMNodeManager.java:getNodesByAddress(1373)) - Cannot find node for address 127.0.0.1
]]></system-out>
  </testcase>
  <testcase name="mpuWithLink(BucketLayout)[3]" classname="org.apache.hadoop.ozone.client.rpc.TestOzoneAtRestEncryption" time="1.408">
    <system-out><![CDATA[2023-10-17 18:54:52,419 [main] INFO  rpc.RpcClient (RpcClient.java:createVolume(462)) - Creating Volume: 7338a6fa-b1ea-470b-a56b-3206b036910b, with runner as owner and space quota set to -1 bytes, counts quota set to -1
2023-10-17 18:54:52,423 [OM StateMachine ApplyTransaction Thread - 0] INFO  volume.OMVolumeCreateRequest (OMVolumeCreateRequest.java:validateAndUpdateCache(196)) - created volume:7338a6fa-b1ea-470b-a56b-3206b036910b for user:runner
2023-10-17 18:54:52,427 [main] INFO  rpc.RpcClient (RpcClient.java:createBucket(689)) - Creating Bucket: 7338a6fa-b1ea-470b-a56b-3206b036910b/a40a0142-5c7a-40ef-8004-e24a486d68a0, with bucket layout LEGACY, runner as owner, Versioning false, Storage Type set to DISK and Encryption set to true, Replication Type set to server-side default replication type, Namespace Quota set to -1, Space Quota set to -1 
2023-10-17 18:54:52,430 [qtp2085952212-17] INFO  kms-audit (SimpleKMSAuditLogger.java:logAuditSimpleFormat(93)) - OK[op=GET_METADATA, key=key1, user=runner] 
2023-10-17 18:54:52,434 [OM StateMachine ApplyTransaction Thread - 0] INFO  bucket.OMBucketCreateRequest (OMBucketCreateRequest.java:validateAndUpdateCache(270)) - created bucket: a40a0142-5c7a-40ef-8004-e24a486d68a0 of layout LEGACY in volume: 7338a6fa-b1ea-470b-a56b-3206b036910b
2023-10-17 18:54:52,440 [main] INFO  rpc.RpcClient (RpcClient.java:createVolume(462)) - Creating Volume: 5a8a18d0-06aa-4478-b287-263034f597a9, with runner as owner and space quota set to -1 bytes, counts quota set to -1
2023-10-17 18:54:52,443 [OM StateMachine ApplyTransaction Thread - 0] INFO  volume.OMVolumeCreateRequest (OMVolumeCreateRequest.java:validateAndUpdateCache(196)) - created volume:5a8a18d0-06aa-4478-b287-263034f597a9 for user:runner
2023-10-17 18:54:52,447 [main] INFO  rpc.RpcClient (RpcClient.java:createBucket(689)) - Creating Bucket: 5a8a18d0-06aa-4478-b287-263034f597a9/059043ba-454d-43e5-b4a1-061f75ee100f, with server-side default bucket layout, runner as owner, Versioning false, Storage Type set to DISK and Encryption set to false, Replication Type set to server-side default replication type, Namespace Quota set to -1, Space Quota set to -1 
2023-10-17 18:54:52,450 [OM StateMachine ApplyTransaction Thread - 0] INFO  bucket.OMBucketCreateRequest (OMBucketCreateRequest.java:validateAndUpdateCache(270)) - created bucket: 059043ba-454d-43e5-b4a1-061f75ee100f of layout FILE_SYSTEM_OPTIMIZED in volume: 5a8a18d0-06aa-4478-b287-263034f597a9
2023-10-17 18:54:52,997 [OM StateMachine ApplyTransaction Thread - 0] DEBUG db.CodecBuffer (CodecBuffer.java:setCapacity(328)) - setCapacity: 4096 -> 10901, max=2147483647
2023-10-17 18:54:53,004 [IPC Server handler 18 on default port 15001] WARN  node.SCMNodeManager (SCMNodeManager.java:getNodesByAddress(1373)) - Cannot find node for address 127.0.0.1
2023-10-17 18:54:53,005 [IPC Server handler 13 on default port 15001] WARN  node.SCMNodeManager (SCMNodeManager.java:getNodesByAddress(1373)) - Cannot find node for address 127.0.0.1
2023-10-17 18:54:53,006 [IPC Server handler 12 on default port 15001] WARN  node.SCMNodeManager (SCMNodeManager.java:getNodesByAddress(1373)) - Cannot find node for address 127.0.0.1
2023-10-17 18:54:53,007 [IPC Server handler 14 on default port 15001] WARN  node.SCMNodeManager (SCMNodeManager.java:getNodesByAddress(1373)) - Cannot find node for address 127.0.0.1
2023-10-17 18:54:53,008 [IPC Server handler 2 on default port 15001] WARN  node.SCMNodeManager (SCMNodeManager.java:getNodesByAddress(1373)) - Cannot find node for address 127.0.0.1
2023-10-17 18:54:53,009 [IPC Server handler 15 on default port 15001] WARN  node.SCMNodeManager (SCMNodeManager.java:getNodesByAddress(1373)) - Cannot find node for address 127.0.0.1
2023-10-17 18:54:53,010 [IPC Server handler 11 on default port 15001] WARN  node.SCMNodeManager (SCMNodeManager.java:getNodesByAddress(1373)) - Cannot find node for address 127.0.0.1
2023-10-17 18:54:53,011 [IPC Server handler 19 on default port 15001] WARN  node.SCMNodeManager (SCMNodeManager.java:getNodesByAddress(1373)) - Cannot find node for address 127.0.0.1
]]></system-out>
  </testcase>
  <testcase name="testLinkEncryptedBuckets(BucketLayout)[1]" classname="org.apache.hadoop.ozone.client.rpc.TestOzoneAtRestEncryption" time="0.219">
    <system-out><![CDATA[2023-10-17 18:54:53,830 [main] INFO  rpc.RpcClient (RpcClient.java:createVolume(462)) - Creating Volume: dea0cad8-d8f4-4f67-87c3-0662f19c04dc, with runner as owner and space quota set to -1 bytes, counts quota set to -1
2023-10-17 18:54:53,835 [OM StateMachine ApplyTransaction Thread - 0] INFO  volume.OMVolumeCreateRequest (OMVolumeCreateRequest.java:validateAndUpdateCache(196)) - created volume:dea0cad8-d8f4-4f67-87c3-0662f19c04dc for user:runner
2023-10-17 18:54:53,838 [main] INFO  rpc.RpcClient (RpcClient.java:createBucket(689)) - Creating Bucket: dea0cad8-d8f4-4f67-87c3-0662f19c04dc/460e6be6-55fd-4a87-9494-fe3a0f22ebd2, with bucket layout FILE_SYSTEM_OPTIMIZED, runner as owner, Versioning false, Storage Type set to DISK and Encryption set to true, Replication Type set to server-side default replication type, Namespace Quota set to -1, Space Quota set to -1 
2023-10-17 18:54:53,841 [qtp2085952212-17] INFO  kms-audit (SimpleKMSAuditLogger.java:logAuditSimpleFormat(93)) - OK[op=GET_METADATA, key=key1, user=runner] 
2023-10-17 18:54:53,845 [OM StateMachine ApplyTransaction Thread - 0] INFO  bucket.OMBucketCreateRequest (OMBucketCreateRequest.java:validateAndUpdateCache(270)) - created bucket: 460e6be6-55fd-4a87-9494-fe3a0f22ebd2 of layout FILE_SYSTEM_OPTIMIZED in volume: dea0cad8-d8f4-4f67-87c3-0662f19c04dc
2023-10-17 18:54:53,848 [main] INFO  rpc.RpcClient (RpcClient.java:createVolume(462)) - Creating Volume: e7e500d9-d02e-43d6-92f8-0048e19dc21c, with runner as owner and space quota set to -1 bytes, counts quota set to -1
2023-10-17 18:54:53,851 [OM StateMachine ApplyTransaction Thread - 0] INFO  volume.OMVolumeCreateRequest (OMVolumeCreateRequest.java:validateAndUpdateCache(196)) - created volume:e7e500d9-d02e-43d6-92f8-0048e19dc21c for user:runner
2023-10-17 18:54:53,853 [main] INFO  rpc.RpcClient (RpcClient.java:createBucket(689)) - Creating Bucket: e7e500d9-d02e-43d6-92f8-0048e19dc21c/81c2ddc6-517e-4558-a68c-1c160279258e, with server-side default bucket layout, runner as owner, Versioning false, Storage Type set to DISK and Encryption set to false, Replication Type set to server-side default replication type, Namespace Quota set to -1, Space Quota set to -1 
2023-10-17 18:54:53,856 [OM StateMachine ApplyTransaction Thread - 0] INFO  bucket.OMBucketCreateRequest (OMBucketCreateRequest.java:validateAndUpdateCache(270)) - created bucket: 81c2ddc6-517e-4558-a68c-1c160279258e of layout FILE_SYSTEM_OPTIMIZED in volume: e7e500d9-d02e-43d6-92f8-0048e19dc21c
2023-10-17 18:54:53,892 [IPC Server handler 5 on default port 15001] WARN  node.SCMNodeManager (SCMNodeManager.java:getNodesByAddress(1373)) - Cannot find node for address 127.0.0.1
2023-10-17 18:54:53,896 [IPC Server handler 16 on default port 15001] WARN  node.SCMNodeManager (SCMNodeManager.java:getNodesByAddress(1373)) - Cannot find node for address 127.0.0.1
2023-10-17 18:54:53,928 [main] INFO  client.DataStreamClient (ConfUtils.java:logGet(46)) - raft.datastream.type = NETTY (custom)
2023-10-17 18:54:53,929 [main] INFO  netty.NettyConfigKeys$DataStream (ConfUtils.java:logGet(46)) - raft.netty.dataStream.client.tls.conf = null (default)
2023-10-17 18:54:53,929 [main] INFO  netty.NettyConfigKeys$DataStream (ConfUtils.java:logGet(46)) - raft.netty.dataStream.client.reply.queue.grace-period = 1s (default)
2023-10-17 18:54:53,929 [main] INFO  netty.NettyConfigKeys$DataStream (ConfUtils.java:logGet(46)) - raft.netty.dataStream.client.worker-group.share = false (default)
2023-10-17 18:54:53,930 [main] INFO  netty.NettyConfigKeys$DataStream (ConfUtils.java:logGet(46)) - raft.netty.dataStream.client.worker-group.size = 4 (default)
2023-10-17 18:54:53,936 [b5355d07-9284-4381-92f8-11cbf4e568d5-NettyServerStreamRpc-bossGroup--thread1] INFO  logging.LoggingHandler (AbstractInternalLogger.java:log(148)) - [id: 0x50bb41d5, L:/0:0:0:0:0:0:0:0:15024] READ: [id: 0x5d73e326, L:/10.1.0.79:15024 - R:/10.1.0.79:50672]
2023-10-17 18:54:53,941 [b5355d07-9284-4381-92f8-11cbf4e568d5-NettyServerStreamRpc-bossGroup--thread1] INFO  logging.LoggingHandler (AbstractInternalLogger.java:log(148)) - [id: 0x50bb41d5, L:/0:0:0:0:0:0:0:0:15024] READ COMPLETE
2023-10-17 18:54:54,028 [IPC Server handler 1 on default port 15001] WARN  node.SCMNodeManager (SCMNodeManager.java:getNodesByAddress(1373)) - Cannot find node for address 127.0.0.1
2023-10-17 18:54:54,032 [IPC Server handler 0 on default port 15001] WARN  node.SCMNodeManager (SCMNodeManager.java:getNodesByAddress(1373)) - Cannot find node for address 127.0.0.1
]]></system-out>
  </testcase>
  <testcase name="testLinkEncryptedBuckets(BucketLayout)[2]" classname="org.apache.hadoop.ozone.client.rpc.TestOzoneAtRestEncryption" time="0.231">
    <system-out><![CDATA[2023-10-17 18:54:54,049 [main] INFO  rpc.RpcClient (RpcClient.java:createVolume(462)) - Creating Volume: 5da9c2ba-5927-4611-a19b-8cdce0843fa0, with runner as owner and space quota set to -1 bytes, counts quota set to -1
2023-10-17 18:54:54,052 [OM StateMachine ApplyTransaction Thread - 0] INFO  volume.OMVolumeCreateRequest (OMVolumeCreateRequest.java:validateAndUpdateCache(196)) - created volume:5da9c2ba-5927-4611-a19b-8cdce0843fa0 for user:runner
2023-10-17 18:54:54,056 [main] INFO  rpc.RpcClient (RpcClient.java:createBucket(689)) - Creating Bucket: 5da9c2ba-5927-4611-a19b-8cdce0843fa0/1e21c331-8227-4f58-8c7b-e35617d4b3a3, with bucket layout OBJECT_STORE, runner as owner, Versioning false, Storage Type set to DISK and Encryption set to true, Replication Type set to server-side default replication type, Namespace Quota set to -1, Space Quota set to -1 
2023-10-17 18:54:54,059 [qtp2085952212-22] INFO  kms-audit (SimpleKMSAuditLogger.java:logAuditSimpleFormat(93)) - OK[op=GET_METADATA, key=key1, user=runner] 
2023-10-17 18:54:54,062 [OM StateMachine ApplyTransaction Thread - 0] INFO  bucket.OMBucketCreateRequest (OMBucketCreateRequest.java:validateAndUpdateCache(270)) - created bucket: 1e21c331-8227-4f58-8c7b-e35617d4b3a3 of layout OBJECT_STORE in volume: 5da9c2ba-5927-4611-a19b-8cdce0843fa0
2023-10-17 18:54:54,066 [main] INFO  rpc.RpcClient (RpcClient.java:createVolume(462)) - Creating Volume: 1672a3c1-5a0f-4234-8d1d-30beacbc28cb, with runner as owner and space quota set to -1 bytes, counts quota set to -1
2023-10-17 18:54:54,070 [OM StateMachine ApplyTransaction Thread - 0] INFO  volume.OMVolumeCreateRequest (OMVolumeCreateRequest.java:validateAndUpdateCache(196)) - created volume:1672a3c1-5a0f-4234-8d1d-30beacbc28cb for user:runner
2023-10-17 18:54:54,073 [main] INFO  rpc.RpcClient (RpcClient.java:createBucket(689)) - Creating Bucket: 1672a3c1-5a0f-4234-8d1d-30beacbc28cb/8c34d4de-6e3e-4717-8ca4-12131354026e, with server-side default bucket layout, runner as owner, Versioning false, Storage Type set to DISK and Encryption set to false, Replication Type set to server-side default replication type, Namespace Quota set to -1, Space Quota set to -1 
2023-10-17 18:54:54,076 [OM StateMachine ApplyTransaction Thread - 0] INFO  bucket.OMBucketCreateRequest (OMBucketCreateRequest.java:validateAndUpdateCache(270)) - created bucket: 8c34d4de-6e3e-4717-8ca4-12131354026e of layout FILE_SYSTEM_OPTIMIZED in volume: 1672a3c1-5a0f-4234-8d1d-30beacbc28cb
2023-10-17 18:54:54,109 [IPC Server handler 8 on default port 15001] WARN  node.SCMNodeManager (SCMNodeManager.java:getNodesByAddress(1373)) - Cannot find node for address 127.0.0.1
2023-10-17 18:54:54,114 [IPC Server handler 9 on default port 15001] WARN  node.SCMNodeManager (SCMNodeManager.java:getNodesByAddress(1373)) - Cannot find node for address 127.0.0.1
2023-10-17 18:54:54,152 [main] INFO  client.DataStreamClient (ConfUtils.java:logGet(46)) - raft.datastream.type = NETTY (custom)
2023-10-17 18:54:54,153 [main] INFO  netty.NettyConfigKeys$DataStream (ConfUtils.java:logGet(46)) - raft.netty.dataStream.client.tls.conf = null (default)
2023-10-17 18:54:54,153 [main] INFO  netty.NettyConfigKeys$DataStream (ConfUtils.java:logGet(46)) - raft.netty.dataStream.client.reply.queue.grace-period = 1s (default)
2023-10-17 18:54:54,153 [main] INFO  netty.NettyConfigKeys$DataStream (ConfUtils.java:logGet(46)) - raft.netty.dataStream.client.worker-group.share = false (default)
2023-10-17 18:54:54,154 [main] INFO  netty.NettyConfigKeys$DataStream (ConfUtils.java:logGet(46)) - raft.netty.dataStream.client.worker-group.size = 4 (default)
2023-10-17 18:54:54,163 [a546daa4-0106-41e2-a933-0105fc903a66-NettyServerStreamRpc-bossGroup--thread1] INFO  logging.LoggingHandler (AbstractInternalLogger.java:log(148)) - [id: 0x698f0b5b, L:/0:0:0:0:0:0:0:0:15042] READ: [id: 0x8ec7ab83, L:/10.1.0.79:15042 - R:/10.1.0.79:41978]
2023-10-17 18:54:54,165 [a546daa4-0106-41e2-a933-0105fc903a66-NettyServerStreamRpc-bossGroup--thread1] INFO  logging.LoggingHandler (AbstractInternalLogger.java:log(148)) - [id: 0x698f0b5b, L:/0:0:0:0:0:0:0:0:15042] READ COMPLETE
2023-10-17 18:54:54,260 [IPC Server handler 10 on default port 15001] WARN  node.SCMNodeManager (SCMNodeManager.java:getNodesByAddress(1373)) - Cannot find node for address 127.0.0.1
2023-10-17 18:54:54,265 [IPC Server handler 7 on default port 15001] WARN  node.SCMNodeManager (SCMNodeManager.java:getNodesByAddress(1373)) - Cannot find node for address 127.0.0.1
]]></system-out>
  </testcase>
  <testcase name="testLinkEncryptedBuckets(BucketLayout)[3]" classname="org.apache.hadoop.ozone.client.rpc.TestOzoneAtRestEncryption" time="0.159">
    <system-out><![CDATA[2023-10-17 18:54:54,282 [main] INFO  rpc.RpcClient (RpcClient.java:createVolume(462)) - Creating Volume: 10e5f4d5-74ad-4e2b-86a2-841d9364ad64, with runner as owner and space quota set to -1 bytes, counts quota set to -1
2023-10-17 18:54:54,286 [OM StateMachine ApplyTransaction Thread - 0] INFO  volume.OMVolumeCreateRequest (OMVolumeCreateRequest.java:validateAndUpdateCache(196)) - created volume:10e5f4d5-74ad-4e2b-86a2-841d9364ad64 for user:runner
2023-10-17 18:54:54,290 [main] INFO  rpc.RpcClient (RpcClient.java:createBucket(689)) - Creating Bucket: 10e5f4d5-74ad-4e2b-86a2-841d9364ad64/b540eb70-a4d3-4185-9dc4-2161e87ff01f, with bucket layout LEGACY, runner as owner, Versioning false, Storage Type set to DISK and Encryption set to true, Replication Type set to server-side default replication type, Namespace Quota set to -1, Space Quota set to -1 
2023-10-17 18:54:54,293 [qtp2085952212-22] INFO  kms-audit (SimpleKMSAuditLogger.java:logAuditSimpleFormat(93)) - OK[op=GET_METADATA, key=key1, user=runner] 
2023-10-17 18:54:54,296 [OM StateMachine ApplyTransaction Thread - 0] INFO  bucket.OMBucketCreateRequest (OMBucketCreateRequest.java:validateAndUpdateCache(270)) - created bucket: b540eb70-a4d3-4185-9dc4-2161e87ff01f of layout LEGACY in volume: 10e5f4d5-74ad-4e2b-86a2-841d9364ad64
2023-10-17 18:54:54,299 [main] INFO  rpc.RpcClient (RpcClient.java:createVolume(462)) - Creating Volume: 6c1596a4-f3d9-4c21-8ff7-e50f49b2c9df, with runner as owner and space quota set to -1 bytes, counts quota set to -1
2023-10-17 18:54:54,301 [OM StateMachine ApplyTransaction Thread - 0] INFO  volume.OMVolumeCreateRequest (OMVolumeCreateRequest.java:validateAndUpdateCache(196)) - created volume:6c1596a4-f3d9-4c21-8ff7-e50f49b2c9df for user:runner
2023-10-17 18:54:54,304 [main] INFO  rpc.RpcClient (RpcClient.java:createBucket(689)) - Creating Bucket: 6c1596a4-f3d9-4c21-8ff7-e50f49b2c9df/28b31248-1715-45ab-be51-2f56d0f526b4, with server-side default bucket layout, runner as owner, Versioning false, Storage Type set to DISK and Encryption set to false, Replication Type set to server-side default replication type, Namespace Quota set to -1, Space Quota set to -1 
2023-10-17 18:54:54,307 [OM StateMachine ApplyTransaction Thread - 0] INFO  bucket.OMBucketCreateRequest (OMBucketCreateRequest.java:validateAndUpdateCache(270)) - created bucket: 28b31248-1715-45ab-be51-2f56d0f526b4 of layout FILE_SYSTEM_OPTIMIZED in volume: 6c1596a4-f3d9-4c21-8ff7-e50f49b2c9df
2023-10-17 18:54:54,344 [IPC Server handler 5 on default port 15001] WARN  node.SCMNodeManager (SCMNodeManager.java:getNodesByAddress(1373)) - Cannot find node for address 127.0.0.1
2023-10-17 18:54:54,348 [IPC Server handler 16 on default port 15001] WARN  node.SCMNodeManager (SCMNodeManager.java:getNodesByAddress(1373)) - Cannot find node for address 127.0.0.1
2023-10-17 18:54:54,420 [IPC Server handler 13 on default port 15001] WARN  node.SCMNodeManager (SCMNodeManager.java:getNodesByAddress(1373)) - Cannot find node for address 127.0.0.1
2023-10-17 18:54:54,426 [IPC Server handler 18 on default port 15001] WARN  node.SCMNodeManager (SCMNodeManager.java:getNodesByAddress(1373)) - Cannot find node for address 127.0.0.1
]]></system-out>
  </testcase>
  <testcase name="testGetKeyProvider" classname="org.apache.hadoop.ozone.client.rpc.TestOzoneAtRestEncryption" time="2.399">
    <system-out><![CDATA[2023-10-17 18:54:55,424 [kms-audit_thread] INFO  kms-audit (SimpleKMSAuditLogger.java:logAuditEvent(59)) - OK[op=GENERATE_EEK, key=key1, user=runner, accessCount=2, interval=10756ms] 
2023-10-17 18:54:55,424 [kms-audit_thread] INFO  kms-audit (SimpleKMSAuditLogger.java:logAuditEvent(59)) - OK[op=DECRYPT_EEK, key=key1, user=runner, accessCount=33, interval=10299ms] 
]]></system-out>
  </testcase>
  <testcase name="mpuThreePartsOverride(BucketLayout)[1]" classname="org.apache.hadoop.ozone.client.rpc.TestOzoneAtRestEncryption" time="7.117">
    <system-out><![CDATA[2023-10-17 18:54:56,882 [main] INFO  rpc.RpcClient (RpcClient.java:createVolume(462)) - Creating Volume: 0a5a9535-01f3-44b4-b2fd-82b1e805f799, with runner as owner and space quota set to -1 bytes, counts quota set to -1
2023-10-17 18:54:56,888 [OM StateMachine ApplyTransaction Thread - 0] INFO  volume.OMVolumeCreateRequest (OMVolumeCreateRequest.java:validateAndUpdateCache(196)) - created volume:0a5a9535-01f3-44b4-b2fd-82b1e805f799 for user:runner
2023-10-17 18:54:56,894 [main] INFO  rpc.RpcClient (RpcClient.java:createBucket(689)) - Creating Bucket: 0a5a9535-01f3-44b4-b2fd-82b1e805f799/286850b3-5ee3-447a-91b0-e8d4f32bd322, with bucket layout FILE_SYSTEM_OPTIMIZED, runner as owner, Versioning false, Storage Type set to DISK and Encryption set to true, Replication Type set to server-side default replication type, Namespace Quota set to -1, Space Quota set to -1 
2023-10-17 18:54:56,900 [qtp2085952212-22] INFO  kms-audit (SimpleKMSAuditLogger.java:logAuditSimpleFormat(93)) - OK[op=GET_METADATA, key=key1, user=runner] 
2023-10-17 18:54:56,906 [OM StateMachine ApplyTransaction Thread - 0] INFO  bucket.OMBucketCreateRequest (OMBucketCreateRequest.java:validateAndUpdateCache(270)) - created bucket: 286850b3-5ee3-447a-91b0-e8d4f32bd322 of layout FILE_SYSTEM_OPTIMIZED in volume: 0a5a9535-01f3-44b4-b2fd-82b1e805f799
2023-10-17 18:54:56,975 [qtp2085952212-22] ERROR generators.WadlGeneratorJAXBGrammarGenerator (WadlGeneratorJAXBGrammarGenerator.java:buildModelAndSchemas(207)) - Failed to generate the schema for the JAX-B elements
com.sun.xml.bind.v2.runtime.IllegalAnnotationsException: 1 counts of IllegalAnnotationExceptions
java.util.Map is an interface, and JAXB can't handle interfaces.
	this problem is related to the following location:
		at java.util.Map

	at com.sun.xml.bind.v2.runtime.IllegalAnnotationsException$Builder.check(IllegalAnnotationsException.java:106)
	at com.sun.xml.bind.v2.runtime.JAXBContextImpl.getTypeInfoSet(JAXBContextImpl.java:471)
	at com.sun.xml.bind.v2.runtime.JAXBContextImpl.<init>(JAXBContextImpl.java:303)
	at com.sun.xml.bind.v2.runtime.JAXBContextImpl.<init>(JAXBContextImpl.java:139)
	at com.sun.xml.bind.v2.runtime.JAXBContextImpl$JAXBContextBuilder.build(JAXBContextImpl.java:1156)
	at com.sun.xml.bind.v2.ContextFactory.createContext(ContextFactory.java:165)
	at sun.reflect.NativeMethodAccessorImpl.invoke0(Native Method)
	at sun.reflect.NativeMethodAccessorImpl.invoke(NativeMethodAccessorImpl.java:62)
	at sun.reflect.DelegatingMethodAccessorImpl.invoke(DelegatingMethodAccessorImpl.java:43)
	at java.lang.reflect.Method.invoke(Method.java:498)
	at javax.xml.bind.ContextFinder.newInstance(ContextFinder.java:247)
	at javax.xml.bind.ContextFinder.newInstance(ContextFinder.java:234)
	at javax.xml.bind.ContextFinder.find(ContextFinder.java:441)
	at javax.xml.bind.JAXBContext.newInstance(JAXBContext.java:641)
	at javax.xml.bind.JAXBContext.newInstance(JAXBContext.java:584)
	at com.sun.jersey.server.wadl.generators.WadlGeneratorJAXBGrammarGenerator.buildModelAndSchemas(WadlGeneratorJAXBGrammarGenerator.java:169)
	at com.sun.jersey.server.wadl.generators.AbstractWadlGeneratorGrammarGenerator.createExternalGrammar(AbstractWadlGeneratorGrammarGenerator.java:405)
	at com.sun.jersey.server.wadl.WadlBuilder.generate(WadlBuilder.java:149)
	at com.sun.jersey.server.impl.wadl.WadlApplicationContextImpl.getApplication(WadlApplicationContextImpl.java:119)
	at com.sun.jersey.server.impl.wadl.WadlApplicationContextImpl.getApplication(WadlApplicationContextImpl.java:138)
	at com.sun.jersey.server.impl.wadl.WadlMethodFactory$WadlOptionsMethodDispatcher.dispatch(WadlMethodFactory.java:110)
	at com.sun.jersey.server.impl.uri.rules.HttpMethodRule.accept(HttpMethodRule.java:302)
	at com.sun.jersey.server.impl.uri.rules.RightHandPathRule.accept(RightHandPathRule.java:147)
	at com.sun.jersey.server.impl.uri.rules.ResourceClassRule.accept(ResourceClassRule.java:108)
	at com.sun.jersey.server.impl.uri.rules.RightHandPathRule.accept(RightHandPathRule.java:147)
	at com.sun.jersey.server.impl.uri.rules.RootResourceClassesRule.accept(RootResourceClassesRule.java:84)
	at com.sun.jersey.server.impl.application.WebApplicationImpl._handleRequest(WebApplicationImpl.java:1542)
	at com.sun.jersey.server.impl.application.WebApplicationImpl._handleRequest(WebApplicationImpl.java:1473)
	at com.sun.jersey.server.impl.application.WebApplicationImpl.handleRequest(WebApplicationImpl.java:1419)
	at com.sun.jersey.server.impl.application.WebApplicationImpl.handleRequest(WebApplicationImpl.java:1409)
	at com.sun.jersey.spi.container.servlet.WebComponent.service(WebComponent.java:409)
	at com.sun.jersey.spi.container.servlet.ServletContainer.service(ServletContainer.java:558)
	at com.sun.jersey.spi.container.servlet.ServletContainer.service(ServletContainer.java:733)
	at javax.servlet.http.HttpServlet.service(HttpServlet.java:590)
	at org.eclipse.jetty.servlet.ServletHolder$NotAsync.service(ServletHolder.java:1459)
	at org.eclipse.jetty.servlet.ServletHolder.handle(ServletHolder.java:799)
	at org.eclipse.jetty.servlet.ServletHandler$ChainEnd.doFilter(ServletHandler.java:1656)
	at org.apache.hadoop.crypto.key.kms.server.KMSMDCFilter.doFilter(KMSMDCFilter.java:98)
	at org.eclipse.jetty.servlet.FilterHolder.doFilter(FilterHolder.java:193)
	at org.eclipse.jetty.servlet.ServletHandler$Chain.doFilter(ServletHandler.java:1626)
	at org.apache.hadoop.security.authentication.server.AuthenticationFilter.doFilter(AuthenticationFilter.java:650)
	at org.apache.hadoop.security.token.delegation.web.DelegationTokenAuthenticationFilter.doFilter(DelegationTokenAuthenticationFilter.java:305)
	at org.apache.hadoop.security.authentication.server.AuthenticationFilter.doFilter(AuthenticationFilter.java:592)
	at org.apache.hadoop.crypto.key.kms.server.KMSAuthenticationFilter.doFilter(KMSAuthenticationFilter.java:162)
	at org.eclipse.jetty.servlet.FilterHolder.doFilter(FilterHolder.java:201)
	at org.eclipse.jetty.servlet.ServletHandler$Chain.doFilter(ServletHandler.java:1626)
	at org.apache.hadoop.http.lib.StaticUserWebFilter$StaticUserFilter.doFilter(StaticUserWebFilter.java:110)
	at org.eclipse.jetty.servlet.FilterHolder.doFilter(FilterHolder.java:193)
	at org.eclipse.jetty.servlet.ServletHandler$Chain.doFilter(ServletHandler.java:1626)
	at org.apache.hadoop.http.HttpServer2$QuotingInputFilter.doFilter(HttpServer2.java:1794)
	at org.eclipse.jetty.servlet.FilterHolder.doFilter(FilterHolder.java:193)
	at org.eclipse.jetty.servlet.ServletHandler$Chain.doFilter(ServletHandler.java:1626)
	at org.apache.hadoop.http.NoCacheFilter.doFilter(NoCacheFilter.java:45)
	at org.eclipse.jetty.servlet.FilterHolder.doFilter(FilterHolder.java:193)
	at org.eclipse.jetty.servlet.ServletHandler$Chain.doFilter(ServletHandler.java:1626)
	at org.eclipse.jetty.servlet.ServletHandler.doHandle(ServletHandler.java:552)
	at org.eclipse.jetty.server.handler.ScopedHandler.handle(ScopedHandler.java:143)
	at org.eclipse.jetty.security.SecurityHandler.handle(SecurityHandler.java:600)
	at org.eclipse.jetty.server.handler.HandlerWrapper.handle(HandlerWrapper.java:127)
	at org.eclipse.jetty.server.handler.ScopedHandler.nextHandle(ScopedHandler.java:235)
	at org.eclipse.jetty.server.session.SessionHandler.doHandle(SessionHandler.java:1624)
	at org.eclipse.jetty.server.handler.ScopedHandler.nextHandle(ScopedHandler.java:233)
	at org.eclipse.jetty.server.handler.ContextHandler.doHandle(ContextHandler.java:1440)
	at org.eclipse.jetty.server.handler.ScopedHandler.nextScope(ScopedHandler.java:188)
	at org.eclipse.jetty.servlet.ServletHandler.doScope(ServletHandler.java:505)
	at org.eclipse.jetty.server.session.SessionHandler.doScope(SessionHandler.java:1594)
	at org.eclipse.jetty.server.handler.ScopedHandler.nextScope(ScopedHandler.java:186)
	at org.eclipse.jetty.server.handler.ContextHandler.doScope(ContextHandler.java:1355)
	at org.eclipse.jetty.server.handler.ScopedHandler.handle(ScopedHandler.java:141)
	at org.eclipse.jetty.server.handler.HandlerCollection.handle(HandlerCollection.java:146)
	at org.eclipse.jetty.server.handler.HandlerWrapper.handle(HandlerWrapper.java:127)
	at org.eclipse.jetty.server.Server.handle(Server.java:512)
	at org.eclipse.jetty.server.HttpChannel.lambda$handle$1(HttpChannel.java:487)
	at org.eclipse.jetty.server.HttpChannel.dispatch(HttpChannel.java:732)
	at org.eclipse.jetty.server.HttpChannel.handle(HttpChannel.java:479)
	at org.eclipse.jetty.server.HttpConnection.onFillable(HttpConnection.java:277)
	at org.eclipse.jetty.io.AbstractConnection$ReadCallback.succeeded(AbstractConnection.java:311)
	at org.eclipse.jetty.io.FillInterest.fillable(FillInterest.java:105)
	at org.eclipse.jetty.io.ChannelEndPoint$1.run(ChannelEndPoint.java:104)
	at org.eclipse.jetty.util.thread.strategy.EatWhatYouKill.runTask(EatWhatYouKill.java:338)
	at org.eclipse.jetty.util.thread.strategy.EatWhatYouKill.doProduce(EatWhatYouKill.java:315)
	at org.eclipse.jetty.util.thread.strategy.EatWhatYouKill.tryProduce(EatWhatYouKill.java:173)
	at org.eclipse.jetty.util.thread.strategy.EatWhatYouKill.run(EatWhatYouKill.java:131)
	at org.eclipse.jetty.util.thread.ReservedThreadExecutor$ReservedThread.run(ReservedThreadExecutor.java:409)
	at org.eclipse.jetty.util.thread.QueuedThreadPool.runJob(QueuedThreadPool.java:883)
	at org.eclipse.jetty.util.thread.QueuedThreadPool$Runner.run(QueuedThreadPool.java:1034)
	at java.lang.Thread.run(Thread.java:750)
2023-10-17 18:54:56,982 [qtp2085952212-22] INFO  generators.AbstractWadlGeneratorGrammarGenerator (AbstractWadlGeneratorGrammarGenerator.java:attachTypes(479)) - Couldn't find grammar element for class javax.ws.rs.core.Response
2023-10-17 18:54:56,982 [qtp2085952212-22] INFO  generators.AbstractWadlGeneratorGrammarGenerator (AbstractWadlGeneratorGrammarGenerator.java:attachTypes(479)) - Couldn't find grammar element for class java.util.Map
2023-10-17 18:54:56,982 [qtp2085952212-22] INFO  generators.AbstractWadlGeneratorGrammarGenerator (AbstractWadlGeneratorGrammarGenerator.java:attachTypes(479)) - Couldn't find grammar element for class java.util.Map
2023-10-17 18:54:56,984 [qtp2085952212-22] INFO  generators.AbstractWadlGeneratorGrammarGenerator (AbstractWadlGeneratorGrammarGenerator.java:attachTypes(479)) - Couldn't find grammar element for class javax.ws.rs.core.Response
2023-10-17 18:54:56,984 [qtp2085952212-22] INFO  generators.AbstractWadlGeneratorGrammarGenerator (AbstractWadlGeneratorGrammarGenerator.java:attachTypes(479)) - Couldn't find grammar element for class java.util.Map
2023-10-17 18:54:56,984 [qtp2085952212-22] INFO  generators.AbstractWadlGeneratorGrammarGenerator (AbstractWadlGeneratorGrammarGenerator.java:attachTypes(479)) - Couldn't find grammar element for class java.util.Map
2023-10-17 18:54:56,986 [qtp2085952212-22] INFO  generators.AbstractWadlGeneratorGrammarGenerator (AbstractWadlGeneratorGrammarGenerator.java:attachTypes(479)) - Couldn't find grammar element for class javax.ws.rs.core.Response
2023-10-17 18:54:56,988 [qtp2085952212-22] INFO  generators.AbstractWadlGeneratorGrammarGenerator (AbstractWadlGeneratorGrammarGenerator.java:attachTypes(479)) - Couldn't find grammar element for class java.util.Map
2023-10-17 18:54:59,285 [OM StateMachine ApplyTransaction Thread - 0] DEBUG db.CodecBuffer (CodecBuffer.java:setCapacity(328)) - setCapacity: 4096 -> 10929, max=2147483647
2023-10-17 18:54:59,301 [OM StateMachine ApplyTransaction Thread - 0] DEBUG db.CodecBuffer (CodecBuffer.java:setCapacity(328)) - setCapacity: 4096 -> 20624, max=2147483647
2023-10-17 18:54:59,333 [IPC Server handler 4 on default port 15001] WARN  node.SCMNodeManager (SCMNodeManager.java:getNodesByAddress(1373)) - Cannot find node for address 127.0.0.1
2023-10-17 18:54:59,335 [IPC Server handler 13 on default port 15001] WARN  node.SCMNodeManager (SCMNodeManager.java:getNodesByAddress(1373)) - Cannot find node for address 127.0.0.1
2023-10-17 18:54:59,336 [IPC Server handler 18 on default port 15001] WARN  node.SCMNodeManager (SCMNodeManager.java:getNodesByAddress(1373)) - Cannot find node for address 127.0.0.1
2023-10-17 18:54:59,337 [IPC Server handler 10 on default port 15001] WARN  node.SCMNodeManager (SCMNodeManager.java:getNodesByAddress(1373)) - Cannot find node for address 127.0.0.1
2023-10-17 18:54:59,338 [IPC Server handler 7 on default port 15001] WARN  node.SCMNodeManager (SCMNodeManager.java:getNodesByAddress(1373)) - Cannot find node for address 127.0.0.1
2023-10-17 18:54:59,340 [IPC Server handler 6 on default port 15001] WARN  node.SCMNodeManager (SCMNodeManager.java:getNodesByAddress(1373)) - Cannot find node for address 127.0.0.1
2023-10-17 18:54:59,342 [IPC Server handler 17 on default port 15001] WARN  node.SCMNodeManager (SCMNodeManager.java:getNodesByAddress(1373)) - Cannot find node for address 127.0.0.1
2023-10-17 18:54:59,343 [IPC Server handler 9 on default port 15001] WARN  node.SCMNodeManager (SCMNodeManager.java:getNodesByAddress(1373)) - Cannot find node for address 127.0.0.1
2023-10-17 18:54:59,345 [IPC Server handler 8 on default port 15001] WARN  node.SCMNodeManager (SCMNodeManager.java:getNodesByAddress(1373)) - Cannot find node for address 127.0.0.1
2023-10-17 18:54:59,346 [IPC Server handler 0 on default port 15001] WARN  node.SCMNodeManager (SCMNodeManager.java:getNodesByAddress(1373)) - Cannot find node for address 127.0.0.1
2023-10-17 18:55:02,728 [OM StateMachine ApplyTransaction Thread - 0] DEBUG db.CodecBuffer (CodecBuffer.java:setCapacity(328)) - setCapacity: 4096 -> 10929, max=2147483647
2023-10-17 18:55:02,739 [OM StateMachine ApplyTransaction Thread - 0] DEBUG db.CodecBuffer (CodecBuffer.java:setCapacity(328)) - setCapacity: 4096 -> 20629, max=2147483647
2023-10-17 18:55:02,753 [IPC Server handler 4 on default port 15001] WARN  node.SCMNodeManager (SCMNodeManager.java:getNodesByAddress(1373)) - Cannot find node for address 127.0.0.1
2023-10-17 18:55:02,754 [IPC Server handler 13 on default port 15001] WARN  node.SCMNodeManager (SCMNodeManager.java:getNodesByAddress(1373)) - Cannot find node for address 127.0.0.1
2023-10-17 18:55:02,755 [IPC Server handler 18 on default port 15001] WARN  node.SCMNodeManager (SCMNodeManager.java:getNodesByAddress(1373)) - Cannot find node for address 127.0.0.1
2023-10-17 18:55:02,756 [IPC Server handler 10 on default port 15001] WARN  node.SCMNodeManager (SCMNodeManager.java:getNodesByAddress(1373)) - Cannot find node for address 127.0.0.1
2023-10-17 18:55:02,757 [IPC Server handler 7 on default port 15001] WARN  node.SCMNodeManager (SCMNodeManager.java:getNodesByAddress(1373)) - Cannot find node for address 127.0.0.1
2023-10-17 18:55:02,758 [IPC Server handler 6 on default port 15001] WARN  node.SCMNodeManager (SCMNodeManager.java:getNodesByAddress(1373)) - Cannot find node for address 127.0.0.1
2023-10-17 18:55:02,759 [IPC Server handler 17 on default port 15001] WARN  node.SCMNodeManager (SCMNodeManager.java:getNodesByAddress(1373)) - Cannot find node for address 127.0.0.1
2023-10-17 18:55:02,760 [IPC Server handler 9 on default port 15001] WARN  node.SCMNodeManager (SCMNodeManager.java:getNodesByAddress(1373)) - Cannot find node for address 127.0.0.1
2023-10-17 18:55:02,761 [IPC Server handler 8 on default port 15001] WARN  node.SCMNodeManager (SCMNodeManager.java:getNodesByAddress(1373)) - Cannot find node for address 127.0.0.1
]]></system-out>
  </testcase>
  <testcase name="mpuThreePartsOverride(BucketLayout)[2]" classname="org.apache.hadoop.ozone.client.rpc.TestOzoneAtRestEncryption" time="3.82">
    <system-out><![CDATA[2023-10-17 18:55:03,992 [main] INFO  rpc.RpcClient (RpcClient.java:createVolume(462)) - Creating Volume: ea8282ea-8555-450a-84e1-15fa92b674a8, with runner as owner and space quota set to -1 bytes, counts quota set to -1
2023-10-17 18:55:03,998 [OM StateMachine ApplyTransaction Thread - 0] INFO  volume.OMVolumeCreateRequest (OMVolumeCreateRequest.java:validateAndUpdateCache(196)) - created volume:ea8282ea-8555-450a-84e1-15fa92b674a8 for user:runner
2023-10-17 18:55:04,000 [main] INFO  rpc.RpcClient (RpcClient.java:createBucket(689)) - Creating Bucket: ea8282ea-8555-450a-84e1-15fa92b674a8/cd40c906-881a-4111-b14c-7f59aa60c0cc, with bucket layout OBJECT_STORE, runner as owner, Versioning false, Storage Type set to DISK and Encryption set to true, Replication Type set to server-side default replication type, Namespace Quota set to -1, Space Quota set to -1 
2023-10-17 18:55:04,009 [qtp2085952212-17] INFO  kms-audit (SimpleKMSAuditLogger.java:logAuditSimpleFormat(93)) - OK[op=GET_METADATA, key=key1, user=runner] 
2023-10-17 18:55:04,013 [OM StateMachine ApplyTransaction Thread - 0] INFO  bucket.OMBucketCreateRequest (OMBucketCreateRequest.java:validateAndUpdateCache(270)) - created bucket: cd40c906-881a-4111-b14c-7f59aa60c0cc of layout OBJECT_STORE in volume: ea8282ea-8555-450a-84e1-15fa92b674a8
2023-10-17 18:55:04,881 [OM StateMachine ApplyTransaction Thread - 0] DEBUG db.CodecBuffer (CodecBuffer.java:setCapacity(328)) - setCapacity: 4096 -> 10907, max=2147483647
2023-10-17 18:55:04,888 [OM StateMachine ApplyTransaction Thread - 0] DEBUG db.CodecBuffer (CodecBuffer.java:setCapacity(328)) - setCapacity: 4096 -> 20600, max=2147483647
2023-10-17 18:55:04,896 [IPC Server handler 1 on default port 15001] WARN  node.SCMNodeManager (SCMNodeManager.java:getNodesByAddress(1373)) - Cannot find node for address 127.0.0.1
2023-10-17 18:55:04,897 [IPC Server handler 3 on default port 15001] WARN  node.SCMNodeManager (SCMNodeManager.java:getNodesByAddress(1373)) - Cannot find node for address 127.0.0.1
2023-10-17 18:55:04,898 [IPC Server handler 5 on default port 15001] WARN  node.SCMNodeManager (SCMNodeManager.java:getNodesByAddress(1373)) - Cannot find node for address 127.0.0.1
2023-10-17 18:55:04,899 [IPC Server handler 16 on default port 15001] WARN  node.SCMNodeManager (SCMNodeManager.java:getNodesByAddress(1373)) - Cannot find node for address 127.0.0.1
2023-10-17 18:55:04,900 [IPC Server handler 4 on default port 15001] WARN  node.SCMNodeManager (SCMNodeManager.java:getNodesByAddress(1373)) - Cannot find node for address 127.0.0.1
2023-10-17 18:55:04,901 [IPC Server handler 13 on default port 15001] WARN  node.SCMNodeManager (SCMNodeManager.java:getNodesByAddress(1373)) - Cannot find node for address 127.0.0.1
2023-10-17 18:55:04,902 [IPC Server handler 18 on default port 15001] WARN  node.SCMNodeManager (SCMNodeManager.java:getNodesByAddress(1373)) - Cannot find node for address 127.0.0.1
2023-10-17 18:55:04,903 [IPC Server handler 10 on default port 15001] WARN  node.SCMNodeManager (SCMNodeManager.java:getNodesByAddress(1373)) - Cannot find node for address 127.0.0.1
2023-10-17 18:55:04,904 [IPC Server handler 7 on default port 15001] WARN  node.SCMNodeManager (SCMNodeManager.java:getNodesByAddress(1373)) - Cannot find node for address 127.0.0.1
2023-10-17 18:55:04,905 [IPC Server handler 6 on default port 15001] WARN  node.SCMNodeManager (SCMNodeManager.java:getNodesByAddress(1373)) - Cannot find node for address 127.0.0.1
2023-10-17 18:55:06,167 [qtp2085952212-22] INFO  kms-audit (SimpleKMSAuditLogger.java:logAuditEvent(59)) - OK[op=DECRYPT_EEK, key=key1, user=runner, accessCount=12, interval=21042ms] 
2023-10-17 18:55:06,172 [qtp2085952212-22] INFO  kms-audit (SimpleKMSAuditLogger.java:logAuditEvent(59)) - OK[op=DECRYPT_EEK, key=key1, user=runner, accessCount=1, interval=5ms] 
2023-10-17 18:55:06,915 [OM StateMachine ApplyTransaction Thread - 0] DEBUG db.CodecBuffer (CodecBuffer.java:setCapacity(328)) - setCapacity: 4096 -> 10911, max=2147483647
2023-10-17 18:55:06,922 [OM StateMachine ApplyTransaction Thread - 0] DEBUG db.CodecBuffer (CodecBuffer.java:setCapacity(328)) - setCapacity: 4096 -> 20599, max=2147483647
2023-10-17 18:55:06,930 [IPC Server handler 12 on default port 15001] WARN  node.SCMNodeManager (SCMNodeManager.java:getNodesByAddress(1373)) - Cannot find node for address 127.0.0.1
2023-10-17 18:55:06,931 [IPC Server handler 2 on default port 15001] WARN  node.SCMNodeManager (SCMNodeManager.java:getNodesByAddress(1373)) - Cannot find node for address 127.0.0.1
2023-10-17 18:55:06,932 [IPC Server handler 14 on default port 15001] WARN  node.SCMNodeManager (SCMNodeManager.java:getNodesByAddress(1373)) - Cannot find node for address 127.0.0.1
2023-10-17 18:55:06,933 [IPC Server handler 1 on default port 15001] WARN  node.SCMNodeManager (SCMNodeManager.java:getNodesByAddress(1373)) - Cannot find node for address 127.0.0.1
2023-10-17 18:55:06,934 [IPC Server handler 3 on default port 15001] WARN  node.SCMNodeManager (SCMNodeManager.java:getNodesByAddress(1373)) - Cannot find node for address 127.0.0.1
2023-10-17 18:55:06,935 [IPC Server handler 5 on default port 15001] WARN  node.SCMNodeManager (SCMNodeManager.java:getNodesByAddress(1373)) - Cannot find node for address 127.0.0.1
2023-10-17 18:55:06,936 [IPC Server handler 16 on default port 15001] WARN  node.SCMNodeManager (SCMNodeManager.java:getNodesByAddress(1373)) - Cannot find node for address 127.0.0.1
2023-10-17 18:55:06,937 [IPC Server handler 4 on default port 15001] WARN  node.SCMNodeManager (SCMNodeManager.java:getNodesByAddress(1373)) - Cannot find node for address 127.0.0.1
2023-10-17 18:55:06,937 [IPC Server handler 13 on default port 15001] WARN  node.SCMNodeManager (SCMNodeManager.java:getNodesByAddress(1373)) - Cannot find node for address 127.0.0.1
2023-10-17 18:55:06,938 [IPC Server handler 18 on default port 15001] WARN  node.SCMNodeManager (SCMNodeManager.java:getNodesByAddress(1373)) - Cannot find node for address 127.0.0.1
]]></system-out>
  </testcase>
  <testcase name="mpuThreePartsOverride(BucketLayout)[3]" classname="org.apache.hadoop.ozone.client.rpc.TestOzoneAtRestEncryption" time="3.232">
    <system-out><![CDATA[2023-10-17 18:55:07,811 [main] INFO  rpc.RpcClient (RpcClient.java:createVolume(462)) - Creating Volume: 7b890c36-df94-4476-8098-e66b3b4ba617, with runner as owner and space quota set to -1 bytes, counts quota set to -1
2023-10-17 18:55:07,815 [OM StateMachine ApplyTransaction Thread - 0] INFO  volume.OMVolumeCreateRequest (OMVolumeCreateRequest.java:validateAndUpdateCache(196)) - created volume:7b890c36-df94-4476-8098-e66b3b4ba617 for user:runner
2023-10-17 18:55:07,817 [main] INFO  rpc.RpcClient (RpcClient.java:createBucket(689)) - Creating Bucket: 7b890c36-df94-4476-8098-e66b3b4ba617/1784d11e-16fb-48ef-be71-24e057ab318a, with bucket layout LEGACY, runner as owner, Versioning false, Storage Type set to DISK and Encryption set to true, Replication Type set to server-side default replication type, Namespace Quota set to -1, Space Quota set to -1 
2023-10-17 18:55:07,821 [qtp2085952212-22] INFO  kms-audit (SimpleKMSAuditLogger.java:logAuditSimpleFormat(93)) - OK[op=GET_METADATA, key=key1, user=runner] 
2023-10-17 18:55:07,824 [OM StateMachine ApplyTransaction Thread - 0] INFO  bucket.OMBucketCreateRequest (OMBucketCreateRequest.java:validateAndUpdateCache(270)) - created bucket: 1784d11e-16fb-48ef-be71-24e057ab318a of layout LEGACY in volume: 7b890c36-df94-4476-8098-e66b3b4ba617
2023-10-17 18:55:08,508 [OM StateMachine ApplyTransaction Thread - 0] DEBUG db.CodecBuffer (CodecBuffer.java:setCapacity(328)) - setCapacity: 4096 -> 10913, max=2147483647
2023-10-17 18:55:08,514 [OM StateMachine ApplyTransaction Thread - 0] DEBUG db.CodecBuffer (CodecBuffer.java:setCapacity(328)) - setCapacity: 4096 -> 20600, max=2147483647
2023-10-17 18:55:08,520 [IPC Server handler 17 on default port 15001] WARN  node.SCMNodeManager (SCMNodeManager.java:getNodesByAddress(1373)) - Cannot find node for address 127.0.0.1
2023-10-17 18:55:08,521 [IPC Server handler 9 on default port 15001] WARN  node.SCMNodeManager (SCMNodeManager.java:getNodesByAddress(1373)) - Cannot find node for address 127.0.0.1
2023-10-17 18:55:08,522 [IPC Server handler 8 on default port 15001] WARN  node.SCMNodeManager (SCMNodeManager.java:getNodesByAddress(1373)) - Cannot find node for address 127.0.0.1
2023-10-17 18:55:08,522 [IPC Server handler 0 on default port 15001] WARN  node.SCMNodeManager (SCMNodeManager.java:getNodesByAddress(1373)) - Cannot find node for address 127.0.0.1
2023-10-17 18:55:08,523 [IPC Server handler 19 on default port 15001] WARN  node.SCMNodeManager (SCMNodeManager.java:getNodesByAddress(1373)) - Cannot find node for address 127.0.0.1
2023-10-17 18:55:08,524 [IPC Server handler 11 on default port 15001] WARN  node.SCMNodeManager (SCMNodeManager.java:getNodesByAddress(1373)) - Cannot find node for address 127.0.0.1
2023-10-17 18:55:08,525 [IPC Server handler 15 on default port 15001] WARN  node.SCMNodeManager (SCMNodeManager.java:getNodesByAddress(1373)) - Cannot find node for address 127.0.0.1
2023-10-17 18:55:08,526 [IPC Server handler 12 on default port 15001] WARN  node.SCMNodeManager (SCMNodeManager.java:getNodesByAddress(1373)) - Cannot find node for address 127.0.0.1
2023-10-17 18:55:08,526 [IPC Server handler 2 on default port 15001] WARN  node.SCMNodeManager (SCMNodeManager.java:getNodesByAddress(1373)) - Cannot find node for address 127.0.0.1
2023-10-17 18:55:10,252 [OM StateMachine ApplyTransaction Thread - 0] DEBUG db.CodecBuffer (CodecBuffer.java:setCapacity(328)) - setCapacity: 4096 -> 10918, max=2147483647
2023-10-17 18:55:10,258 [OM StateMachine ApplyTransaction Thread - 0] DEBUG db.CodecBuffer (CodecBuffer.java:setCapacity(328)) - setCapacity: 4096 -> 20614, max=2147483647
2023-10-17 18:55:10,264 [IPC Server handler 18 on default port 15001] WARN  node.SCMNodeManager (SCMNodeManager.java:getNodesByAddress(1373)) - Cannot find node for address 127.0.0.1
2023-10-17 18:55:10,265 [IPC Server handler 10 on default port 15001] WARN  node.SCMNodeManager (SCMNodeManager.java:getNodesByAddress(1373)) - Cannot find node for address 127.0.0.1
2023-10-17 18:55:10,266 [IPC Server handler 7 on default port 15001] WARN  node.SCMNodeManager (SCMNodeManager.java:getNodesByAddress(1373)) - Cannot find node for address 127.0.0.1
2023-10-17 18:55:10,267 [IPC Server handler 6 on default port 15001] WARN  node.SCMNodeManager (SCMNodeManager.java:getNodesByAddress(1373)) - Cannot find node for address 127.0.0.1
2023-10-17 18:55:10,267 [IPC Server handler 17 on default port 15001] WARN  node.SCMNodeManager (SCMNodeManager.java:getNodesByAddress(1373)) - Cannot find node for address 127.0.0.1
2023-10-17 18:55:10,268 [IPC Server handler 9 on default port 15001] WARN  node.SCMNodeManager (SCMNodeManager.java:getNodesByAddress(1373)) - Cannot find node for address 127.0.0.1
2023-10-17 18:55:10,269 [IPC Server handler 8 on default port 15001] WARN  node.SCMNodeManager (SCMNodeManager.java:getNodesByAddress(1373)) - Cannot find node for address 127.0.0.1
2023-10-17 18:55:10,270 [IPC Server handler 0 on default port 15001] WARN  node.SCMNodeManager (SCMNodeManager.java:getNodesByAddress(1373)) - Cannot find node for address 127.0.0.1
2023-10-17 18:55:10,270 [IPC Server handler 19 on default port 15001] WARN  node.SCMNodeManager (SCMNodeManager.java:getNodesByAddress(1373)) - Cannot find node for address 127.0.0.1
]]></system-out>
  </testcase>
  <testcase name="testKeyWithEncryptionAndGdpr(BucketLayout)[1]" classname="org.apache.hadoop.ozone.client.rpc.TestOzoneAtRestEncryption" time="0.163">
    <system-out><![CDATA[2023-10-17 18:55:11,047 [main] INFO  rpc.RpcClient (RpcClient.java:createVolume(462)) - Creating Volume: 92331ccf-60c6-48ab-a4bc-6950bcfb6f06, with runner as owner and space quota set to -1 bytes, counts quota set to -1
2023-10-17 18:55:11,050 [OM StateMachine ApplyTransaction Thread - 0] INFO  volume.OMVolumeCreateRequest (OMVolumeCreateRequest.java:validateAndUpdateCache(196)) - created volume:92331ccf-60c6-48ab-a4bc-6950bcfb6f06 for user:runner
2023-10-17 18:55:11,053 [main] INFO  rpc.RpcClient (RpcClient.java:createBucket(689)) - Creating Bucket: 92331ccf-60c6-48ab-a4bc-6950bcfb6f06/f3c59b42-73b8-4772-9577-d9b866ddc019, with bucket layout FILE_SYSTEM_OPTIMIZED, runner as owner, Versioning false, Storage Type set to DISK and Encryption set to true, Replication Type set to server-side default replication type, Namespace Quota set to -1, Space Quota set to -1 
2023-10-17 18:55:11,056 [qtp2085952212-22] INFO  kms-audit (SimpleKMSAuditLogger.java:logAuditSimpleFormat(93)) - OK[op=GET_METADATA, key=key1, user=runner] 
2023-10-17 18:55:11,059 [OM StateMachine ApplyTransaction Thread - 0] INFO  bucket.OMBucketCreateRequest (OMBucketCreateRequest.java:validateAndUpdateCache(270)) - created bucket: f3c59b42-73b8-4772-9577-d9b866ddc019 of layout FILE_SYSTEM_OPTIMIZED in volume: 92331ccf-60c6-48ab-a4bc-6950bcfb6f06
2023-10-17 18:55:11,100 [IPC Server handler 14 on default port 15001] WARN  node.SCMNodeManager (SCMNodeManager.java:getNodesByAddress(1373)) - Cannot find node for address 127.0.0.1
2023-10-17 18:55:11,104 [IPC Server handler 1 on default port 15001] WARN  node.SCMNodeManager (SCMNodeManager.java:getNodesByAddress(1373)) - Cannot find node for address 127.0.0.1
]]></system-out>
  </testcase>
  <testcase name="testKeyWithEncryptionAndGdpr(BucketLayout)[2]" classname="org.apache.hadoop.ozone.client.rpc.TestOzoneAtRestEncryption" time="0.07">
    <system-out><![CDATA[2023-10-17 18:55:11,214 [main] INFO  rpc.RpcClient (RpcClient.java:createVolume(462)) - Creating Volume: 9ac42807-8192-427a-ae77-d892a7a2cf41, with runner as owner and space quota set to -1 bytes, counts quota set to -1
2023-10-17 18:55:11,217 [OM StateMachine ApplyTransaction Thread - 0] INFO  volume.OMVolumeCreateRequest (OMVolumeCreateRequest.java:validateAndUpdateCache(196)) - created volume:9ac42807-8192-427a-ae77-d892a7a2cf41 for user:runner
2023-10-17 18:55:11,220 [main] INFO  rpc.RpcClient (RpcClient.java:createBucket(689)) - Creating Bucket: 9ac42807-8192-427a-ae77-d892a7a2cf41/21834d08-0ddc-43a5-89ba-c80027a47388, with bucket layout OBJECT_STORE, runner as owner, Versioning false, Storage Type set to DISK and Encryption set to true, Replication Type set to server-side default replication type, Namespace Quota set to -1, Space Quota set to -1 
2023-10-17 18:55:11,223 [qtp2085952212-17] INFO  kms-audit (SimpleKMSAuditLogger.java:logAuditSimpleFormat(93)) - OK[op=GET_METADATA, key=key1, user=runner] 
2023-10-17 18:55:11,226 [OM StateMachine ApplyTransaction Thread - 0] INFO  bucket.OMBucketCreateRequest (OMBucketCreateRequest.java:validateAndUpdateCache(270)) - created bucket: 21834d08-0ddc-43a5-89ba-c80027a47388 of layout OBJECT_STORE in volume: 9ac42807-8192-427a-ae77-d892a7a2cf41
2023-10-17 18:55:11,253 [IPC Server handler 18 on default port 15001] WARN  node.SCMNodeManager (SCMNodeManager.java:getNodesByAddress(1373)) - Cannot find node for address 127.0.0.1
2023-10-17 18:55:11,256 [IPC Server handler 10 on default port 15001] WARN  node.SCMNodeManager (SCMNodeManager.java:getNodesByAddress(1373)) - Cannot find node for address 127.0.0.1
]]></system-out>
  </testcase>
  <testcase name="testKeyWithEncryptionAndGdpr(BucketLayout)[3]" classname="org.apache.hadoop.ozone.client.rpc.TestOzoneAtRestEncryption" time="0.067">
    <system-out><![CDATA[2023-10-17 18:55:11,285 [main] INFO  rpc.RpcClient (RpcClient.java:createVolume(462)) - Creating Volume: 52eec4b6-2136-4af9-bc7f-66141862293d, with runner as owner and space quota set to -1 bytes, counts quota set to -1
2023-10-17 18:55:11,287 [OM StateMachine ApplyTransaction Thread - 0] INFO  volume.OMVolumeCreateRequest (OMVolumeCreateRequest.java:validateAndUpdateCache(196)) - created volume:52eec4b6-2136-4af9-bc7f-66141862293d for user:runner
2023-10-17 18:55:11,289 [main] INFO  rpc.RpcClient (RpcClient.java:createBucket(689)) - Creating Bucket: 52eec4b6-2136-4af9-bc7f-66141862293d/fa31ef4f-705e-4141-a947-0e6ee5568838, with bucket layout LEGACY, runner as owner, Versioning false, Storage Type set to DISK and Encryption set to true, Replication Type set to server-side default replication type, Namespace Quota set to -1, Space Quota set to -1 
2023-10-17 18:55:11,292 [qtp2085952212-22] INFO  kms-audit (SimpleKMSAuditLogger.java:logAuditSimpleFormat(93)) - OK[op=GET_METADATA, key=key1, user=runner] 
2023-10-17 18:55:11,295 [OM StateMachine ApplyTransaction Thread - 0] INFO  bucket.OMBucketCreateRequest (OMBucketCreateRequest.java:validateAndUpdateCache(270)) - created bucket: fa31ef4f-705e-4141-a947-0e6ee5568838 of layout LEGACY in volume: 52eec4b6-2136-4af9-bc7f-66141862293d
2023-10-17 18:55:11,327 [IPC Server handler 15 on default port 15001] WARN  node.SCMNodeManager (SCMNodeManager.java:getNodesByAddress(1373)) - Cannot find node for address 127.0.0.1
2023-10-17 18:55:11,329 [IPC Server handler 12 on default port 15001] WARN  node.SCMNodeManager (SCMNodeManager.java:getNodesByAddress(1373)) - Cannot find node for address 127.0.0.1
]]></system-out>
  </testcase>
  <testcase name="mpuOnePart(BucketLayout)[1]" classname="org.apache.hadoop.ozone.client.rpc.TestOzoneAtRestEncryption" time="0.38">
    <system-out><![CDATA[2023-10-17 18:55:11,355 [main] INFO  rpc.RpcClient (RpcClient.java:createVolume(462)) - Creating Volume: d3da63f4-a90d-46b0-abce-dd03d0ef9780, with runner as owner and space quota set to -1 bytes, counts quota set to -1
2023-10-17 18:55:11,358 [OM StateMachine ApplyTransaction Thread - 0] INFO  volume.OMVolumeCreateRequest (OMVolumeCreateRequest.java:validateAndUpdateCache(196)) - created volume:d3da63f4-a90d-46b0-abce-dd03d0ef9780 for user:runner
2023-10-17 18:55:11,361 [main] INFO  rpc.RpcClient (RpcClient.java:createBucket(689)) - Creating Bucket: d3da63f4-a90d-46b0-abce-dd03d0ef9780/23e2dbdc-6746-4776-9307-4027ece19f56, with bucket layout FILE_SYSTEM_OPTIMIZED, runner as owner, Versioning false, Storage Type set to DISK and Encryption set to true, Replication Type set to server-side default replication type, Namespace Quota set to -1, Space Quota set to -1 
2023-10-17 18:55:11,366 [qtp2085952212-22] INFO  kms-audit (SimpleKMSAuditLogger.java:logAuditSimpleFormat(93)) - OK[op=GET_METADATA, key=key1, user=runner] 
2023-10-17 18:55:11,369 [OM StateMachine ApplyTransaction Thread - 0] INFO  bucket.OMBucketCreateRequest (OMBucketCreateRequest.java:validateAndUpdateCache(270)) - created bucket: 23e2dbdc-6746-4776-9307-4027ece19f56 of layout FILE_SYSTEM_OPTIMIZED in volume: d3da63f4-a90d-46b0-abce-dd03d0ef9780
2023-10-17 18:55:11,506 [OM StateMachine ApplyTransaction Thread - 0] DEBUG db.CodecBuffer (CodecBuffer.java:setCapacity(328)) - setCapacity: 4096 -> 4097, max=2147483647
2023-10-17 18:55:11,511 [IPC Server handler 16 on default port 15001] WARN  node.SCMNodeManager (SCMNodeManager.java:getNodesByAddress(1373)) - Cannot find node for address 127.0.0.1
2023-10-17 18:55:11,512 [IPC Server handler 4 on default port 15001] WARN  node.SCMNodeManager (SCMNodeManager.java:getNodesByAddress(1373)) - Cannot find node for address 127.0.0.1
2023-10-17 18:55:11,513 [IPC Server handler 13 on default port 15001] WARN  node.SCMNodeManager (SCMNodeManager.java:getNodesByAddress(1373)) - Cannot find node for address 127.0.0.1
2023-10-17 18:55:11,514 [IPC Server handler 18 on default port 15001] WARN  node.SCMNodeManager (SCMNodeManager.java:getNodesByAddress(1373)) - Cannot find node for address 127.0.0.1
2023-10-17 18:55:11,514 [IPC Server handler 10 on default port 15001] WARN  node.SCMNodeManager (SCMNodeManager.java:getNodesByAddress(1373)) - Cannot find node for address 127.0.0.1
]]></system-out>
  </testcase>
  <testcase name="mpuOnePart(BucketLayout)[2]" classname="org.apache.hadoop.ozone.client.rpc.TestOzoneAtRestEncryption" time="0.432">
    <system-out><![CDATA[2023-10-17 18:55:11,741 [main] INFO  rpc.RpcClient (RpcClient.java:createVolume(462)) - Creating Volume: 69645bbc-e476-4dd8-a66c-fe45d390a11a, with runner as owner and space quota set to -1 bytes, counts quota set to -1
2023-10-17 18:55:11,744 [OM StateMachine ApplyTransaction Thread - 0] INFO  volume.OMVolumeCreateRequest (OMVolumeCreateRequest.java:validateAndUpdateCache(196)) - created volume:69645bbc-e476-4dd8-a66c-fe45d390a11a for user:runner
2023-10-17 18:55:11,749 [main] INFO  rpc.RpcClient (RpcClient.java:createBucket(689)) - Creating Bucket: 69645bbc-e476-4dd8-a66c-fe45d390a11a/22cd3bd8-57de-46b3-9fa7-9976664d5a02, with bucket layout OBJECT_STORE, runner as owner, Versioning false, Storage Type set to DISK and Encryption set to true, Replication Type set to server-side default replication type, Namespace Quota set to -1, Space Quota set to -1 
2023-10-17 18:55:11,752 [qtp2085952212-17] INFO  kms-audit (SimpleKMSAuditLogger.java:logAuditSimpleFormat(93)) - OK[op=GET_METADATA, key=key1, user=runner] 
2023-10-17 18:55:11,755 [OM StateMachine ApplyTransaction Thread - 0] INFO  bucket.OMBucketCreateRequest (OMBucketCreateRequest.java:validateAndUpdateCache(270)) - created bucket: 22cd3bd8-57de-46b3-9fa7-9976664d5a02 of layout OBJECT_STORE in volume: 69645bbc-e476-4dd8-a66c-fe45d390a11a
2023-10-17 18:55:11,868 [IPC Server handler 6 on default port 15001] WARN  node.SCMNodeManager (SCMNodeManager.java:getNodesByAddress(1373)) - Cannot find node for address 127.0.0.1
2023-10-17 18:55:11,869 [IPC Server handler 19 on default port 15001] WARN  node.SCMNodeManager (SCMNodeManager.java:getNodesByAddress(1373)) - Cannot find node for address 127.0.0.1
2023-10-17 18:55:11,870 [IPC Server handler 11 on default port 15001] WARN  node.SCMNodeManager (SCMNodeManager.java:getNodesByAddress(1373)) - Cannot find node for address 127.0.0.1
2023-10-17 18:55:11,871 [IPC Server handler 15 on default port 15001] WARN  node.SCMNodeManager (SCMNodeManager.java:getNodesByAddress(1373)) - Cannot find node for address 127.0.0.1
]]></system-out>
  </testcase>
  <testcase name="mpuOnePart(BucketLayout)[3]" classname="org.apache.hadoop.ozone.client.rpc.TestOzoneAtRestEncryption" time="0.44">
    <system-out><![CDATA[2023-10-17 18:55:12,175 [main] INFO  rpc.RpcClient (RpcClient.java:createVolume(462)) - Creating Volume: 910e5df5-7eed-4a25-8846-4560b5f24906, with runner as owner and space quota set to -1 bytes, counts quota set to -1
2023-10-17 18:55:12,179 [OM StateMachine ApplyTransaction Thread - 0] INFO  volume.OMVolumeCreateRequest (OMVolumeCreateRequest.java:validateAndUpdateCache(196)) - created volume:910e5df5-7eed-4a25-8846-4560b5f24906 for user:runner
2023-10-17 18:55:12,187 [main] INFO  rpc.RpcClient (RpcClient.java:createBucket(689)) - Creating Bucket: 910e5df5-7eed-4a25-8846-4560b5f24906/60c0ebe1-6ee0-4918-9a0f-9e5394956531, with bucket layout LEGACY, runner as owner, Versioning false, Storage Type set to DISK and Encryption set to true, Replication Type set to server-side default replication type, Namespace Quota set to -1, Space Quota set to -1 
2023-10-17 18:55:12,190 [qtp2085952212-17] INFO  kms-audit (SimpleKMSAuditLogger.java:logAuditSimpleFormat(93)) - OK[op=GET_METADATA, key=key1, user=runner] 
2023-10-17 18:55:12,193 [OM StateMachine ApplyTransaction Thread - 0] INFO  bucket.OMBucketCreateRequest (OMBucketCreateRequest.java:validateAndUpdateCache(270)) - created bucket: 60c0ebe1-6ee0-4918-9a0f-9e5394956531 of layout LEGACY in volume: 910e5df5-7eed-4a25-8846-4560b5f24906
2023-10-17 18:55:12,315 [IPC Server handler 5 on default port 15001] WARN  node.SCMNodeManager (SCMNodeManager.java:getNodesByAddress(1373)) - Cannot find node for address 127.0.0.1
2023-10-17 18:55:12,316 [IPC Server handler 16 on default port 15001] WARN  node.SCMNodeManager (SCMNodeManager.java:getNodesByAddress(1373)) - Cannot find node for address 127.0.0.1
2023-10-17 18:55:12,317 [IPC Server handler 4 on default port 15001] WARN  node.SCMNodeManager (SCMNodeManager.java:getNodesByAddress(1373)) - Cannot find node for address 127.0.0.1
2023-10-17 18:55:12,318 [IPC Server handler 13 on default port 15001] WARN  node.SCMNodeManager (SCMNodeManager.java:getNodesByAddress(1373)) - Cannot find node for address 127.0.0.1
]]></system-out>
  </testcase>
  <testcase name="mpuTwoParts(BucketLayout)[1]" classname="org.apache.hadoop.ozone.client.rpc.TestOzoneAtRestEncryption" time="0.949">
    <system-out><![CDATA[2023-10-17 18:55:12,621 [main] INFO  rpc.RpcClient (RpcClient.java:createVolume(462)) - Creating Volume: bf9255ee-434f-4a25-a727-d1fde60f0220, with runner as owner and space quota set to -1 bytes, counts quota set to -1
2023-10-17 18:55:12,623 [OM StateMachine ApplyTransaction Thread - 0] INFO  volume.OMVolumeCreateRequest (OMVolumeCreateRequest.java:validateAndUpdateCache(196)) - created volume:bf9255ee-434f-4a25-a727-d1fde60f0220 for user:runner
2023-10-17 18:55:12,630 [main] INFO  rpc.RpcClient (RpcClient.java:createBucket(689)) - Creating Bucket: bf9255ee-434f-4a25-a727-d1fde60f0220/55f53916-cd36-4084-8101-8544ec20d63c, with bucket layout FILE_SYSTEM_OPTIMIZED, runner as owner, Versioning false, Storage Type set to DISK and Encryption set to true, Replication Type set to server-side default replication type, Namespace Quota set to -1, Space Quota set to -1 
2023-10-17 18:55:12,632 [qtp2085952212-22] INFO  kms-audit (SimpleKMSAuditLogger.java:logAuditSimpleFormat(93)) - OK[op=GET_METADATA, key=key1, user=runner] 
2023-10-17 18:55:12,635 [OM StateMachine ApplyTransaction Thread - 0] INFO  bucket.OMBucketCreateRequest (OMBucketCreateRequest.java:validateAndUpdateCache(270)) - created bucket: 55f53916-cd36-4084-8101-8544ec20d63c of layout FILE_SYSTEM_OPTIMIZED in volume: bf9255ee-434f-4a25-a727-d1fde60f0220
2023-10-17 18:55:12,950 [OM StateMachine ApplyTransaction Thread - 0] DEBUG db.CodecBuffer (CodecBuffer.java:setCapacity(328)) - setCapacity: 4096 -> 4097, max=2147483647
2023-10-17 18:55:12,955 [OM StateMachine ApplyTransaction Thread - 0] DEBUG db.CodecBuffer (CodecBuffer.java:setCapacity(328)) - setCapacity: 4096 -> 10947, max=2147483647
2023-10-17 18:55:12,959 [IPC Server handler 5 on default port 15001] WARN  node.SCMNodeManager (SCMNodeManager.java:getNodesByAddress(1373)) - Cannot find node for address 127.0.0.1
2023-10-17 18:55:12,960 [IPC Server handler 16 on default port 15001] WARN  node.SCMNodeManager (SCMNodeManager.java:getNodesByAddress(1373)) - Cannot find node for address 127.0.0.1
2023-10-17 18:55:12,961 [IPC Server handler 4 on default port 15001] WARN  node.SCMNodeManager (SCMNodeManager.java:getNodesByAddress(1373)) - Cannot find node for address 127.0.0.1
2023-10-17 18:55:12,961 [IPC Server handler 13 on default port 15001] WARN  node.SCMNodeManager (SCMNodeManager.java:getNodesByAddress(1373)) - Cannot find node for address 127.0.0.1
2023-10-17 18:55:12,962 [IPC Server handler 18 on default port 15001] WARN  node.SCMNodeManager (SCMNodeManager.java:getNodesByAddress(1373)) - Cannot find node for address 127.0.0.1
2023-10-17 18:55:12,963 [IPC Server handler 10 on default port 15001] WARN  node.SCMNodeManager (SCMNodeManager.java:getNodesByAddress(1373)) - Cannot find node for address 127.0.0.1
2023-10-17 18:55:12,963 [IPC Server handler 7 on default port 15001] WARN  node.SCMNodeManager (SCMNodeManager.java:getNodesByAddress(1373)) - Cannot find node for address 127.0.0.1
2023-10-17 18:55:12,964 [IPC Server handler 8 on default port 15001] WARN  node.SCMNodeManager (SCMNodeManager.java:getNodesByAddress(1373)) - Cannot find node for address 127.0.0.1
]]></system-out>
  </testcase>
  <testcase name="mpuTwoParts(BucketLayout)[2]" classname="org.apache.hadoop.ozone.client.rpc.TestOzoneAtRestEncryption" time="0.939">
    <system-out><![CDATA[2023-10-17 18:55:13,574 [main] INFO  rpc.RpcClient (RpcClient.java:createVolume(462)) - Creating Volume: 7f020cf7-8f75-41c4-b01b-a791aa1add3d, with runner as owner and space quota set to -1 bytes, counts quota set to -1
2023-10-17 18:55:13,578 [OM StateMachine ApplyTransaction Thread - 0] INFO  volume.OMVolumeCreateRequest (OMVolumeCreateRequest.java:validateAndUpdateCache(196)) - created volume:7f020cf7-8f75-41c4-b01b-a791aa1add3d for user:runner
2023-10-17 18:55:13,582 [main] INFO  rpc.RpcClient (RpcClient.java:createBucket(689)) - Creating Bucket: 7f020cf7-8f75-41c4-b01b-a791aa1add3d/234e215d-e513-45c4-bbdb-2b607347a644, with bucket layout OBJECT_STORE, runner as owner, Versioning false, Storage Type set to DISK and Encryption set to true, Replication Type set to server-side default replication type, Namespace Quota set to -1, Space Quota set to -1 
2023-10-17 18:55:13,584 [qtp2085952212-22] INFO  kms-audit (SimpleKMSAuditLogger.java:logAuditSimpleFormat(93)) - OK[op=GET_METADATA, key=key1, user=runner] 
2023-10-17 18:55:13,588 [OM StateMachine ApplyTransaction Thread - 0] INFO  bucket.OMBucketCreateRequest (OMBucketCreateRequest.java:validateAndUpdateCache(270)) - created bucket: 234e215d-e513-45c4-bbdb-2b607347a644 of layout OBJECT_STORE in volume: 7f020cf7-8f75-41c4-b01b-a791aa1add3d
2023-10-17 18:55:13,907 [OM StateMachine ApplyTransaction Thread - 0] DEBUG db.CodecBuffer (CodecBuffer.java:setCapacity(328)) - setCapacity: 4096 -> 10915, max=2147483647
2023-10-17 18:55:13,911 [IPC Server handler 4 on default port 15001] WARN  node.SCMNodeManager (SCMNodeManager.java:getNodesByAddress(1373)) - Cannot find node for address 127.0.0.1
2023-10-17 18:55:13,912 [IPC Server handler 13 on default port 15001] WARN  node.SCMNodeManager (SCMNodeManager.java:getNodesByAddress(1373)) - Cannot find node for address 127.0.0.1
2023-10-17 18:55:13,913 [IPC Server handler 18 on default port 15001] WARN  node.SCMNodeManager (SCMNodeManager.java:getNodesByAddress(1373)) - Cannot find node for address 127.0.0.1
2023-10-17 18:55:13,913 [IPC Server handler 10 on default port 15001] WARN  node.SCMNodeManager (SCMNodeManager.java:getNodesByAddress(1373)) - Cannot find node for address 127.0.0.1
2023-10-17 18:55:13,914 [IPC Server handler 7 on default port 15001] WARN  node.SCMNodeManager (SCMNodeManager.java:getNodesByAddress(1373)) - Cannot find node for address 127.0.0.1
2023-10-17 18:55:13,915 [IPC Server handler 8 on default port 15001] WARN  node.SCMNodeManager (SCMNodeManager.java:getNodesByAddress(1373)) - Cannot find node for address 127.0.0.1
2023-10-17 18:55:13,915 [IPC Server handler 9 on default port 15001] WARN  node.SCMNodeManager (SCMNodeManager.java:getNodesByAddress(1373)) - Cannot find node for address 127.0.0.1
2023-10-17 18:55:13,916 [IPC Server handler 17 on default port 15001] WARN  node.SCMNodeManager (SCMNodeManager.java:getNodesByAddress(1373)) - Cannot find node for address 127.0.0.1
2023-10-17 18:55:13,916 [IPC Server handler 0 on default port 15001] WARN  node.SCMNodeManager (SCMNodeManager.java:getNodesByAddress(1373)) - Cannot find node for address 127.0.0.1
]]></system-out>
  </testcase>
  <testcase name="mpuTwoParts(BucketLayout)[3]" classname="org.apache.hadoop.ozone.client.rpc.TestOzoneAtRestEncryption" time="0.89">
    <system-out><![CDATA[2023-10-17 18:55:14,514 [main] INFO  rpc.RpcClient (RpcClient.java:createVolume(462)) - Creating Volume: 14e45c71-aaab-41dc-a574-0997fb96b865, with runner as owner and space quota set to -1 bytes, counts quota set to -1
2023-10-17 18:55:14,517 [OM StateMachine ApplyTransaction Thread - 0] INFO  volume.OMVolumeCreateRequest (OMVolumeCreateRequest.java:validateAndUpdateCache(196)) - created volume:14e45c71-aaab-41dc-a574-0997fb96b865 for user:runner
2023-10-17 18:55:14,519 [main] INFO  rpc.RpcClient (RpcClient.java:createBucket(689)) - Creating Bucket: 14e45c71-aaab-41dc-a574-0997fb96b865/66874d64-174d-4b66-bfbc-06e310b7ce9b, with bucket layout LEGACY, runner as owner, Versioning false, Storage Type set to DISK and Encryption set to true, Replication Type set to server-side default replication type, Namespace Quota set to -1, Space Quota set to -1 
2023-10-17 18:55:14,522 [qtp2085952212-17] INFO  kms-audit (SimpleKMSAuditLogger.java:logAuditSimpleFormat(93)) - OK[op=GET_METADATA, key=key1, user=runner] 
2023-10-17 18:55:14,528 [OM StateMachine ApplyTransaction Thread - 0] INFO  bucket.OMBucketCreateRequest (OMBucketCreateRequest.java:validateAndUpdateCache(270)) - created bucket: 66874d64-174d-4b66-bfbc-06e310b7ce9b of layout LEGACY in volume: 14e45c71-aaab-41dc-a574-0997fb96b865
2023-10-17 18:55:14,850 [OM StateMachine ApplyTransaction Thread - 0] DEBUG db.CodecBuffer (CodecBuffer.java:setCapacity(328)) - setCapacity: 4096 -> 10915, max=2147483647
2023-10-17 18:55:14,854 [IPC Server handler 10 on default port 15001] WARN  node.SCMNodeManager (SCMNodeManager.java:getNodesByAddress(1373)) - Cannot find node for address 127.0.0.1
2023-10-17 18:55:14,855 [IPC Server handler 7 on default port 15001] WARN  node.SCMNodeManager (SCMNodeManager.java:getNodesByAddress(1373)) - Cannot find node for address 127.0.0.1
2023-10-17 18:55:14,855 [IPC Server handler 8 on default port 15001] WARN  node.SCMNodeManager (SCMNodeManager.java:getNodesByAddress(1373)) - Cannot find node for address 127.0.0.1
2023-10-17 18:55:14,856 [IPC Server handler 9 on default port 15001] WARN  node.SCMNodeManager (SCMNodeManager.java:getNodesByAddress(1373)) - Cannot find node for address 127.0.0.1
2023-10-17 18:55:14,857 [IPC Server handler 17 on default port 15001] WARN  node.SCMNodeManager (SCMNodeManager.java:getNodesByAddress(1373)) - Cannot find node for address 127.0.0.1
2023-10-17 18:55:14,857 [IPC Server handler 0 on default port 15001] WARN  node.SCMNodeManager (SCMNodeManager.java:getNodesByAddress(1373)) - Cannot find node for address 127.0.0.1
2023-10-17 18:55:14,858 [IPC Server handler 6 on default port 15001] WARN  node.SCMNodeManager (SCMNodeManager.java:getNodesByAddress(1373)) - Cannot find node for address 127.0.0.1
2023-10-17 18:55:14,859 [IPC Server handler 19 on default port 15001] WARN  node.SCMNodeManager (SCMNodeManager.java:getNodesByAddress(1373)) - Cannot find node for address 127.0.0.1
2023-10-17 18:55:14,859 [IPC Server handler 11 on default port 15001] WARN  node.SCMNodeManager (SCMNodeManager.java:getNodesByAddress(1373)) - Cannot find node for address 127.0.0.1
]]></system-out>
  </testcase>
</testsuite>