<?xml version="1.0" encoding="UTF-8"?>
<testsuite xmlns:xsi="http://www.w3.org/2001/XMLSchema-instance" xsi:noNamespaceSchemaLocation="https://maven.apache.org/surefire/maven-surefire-plugin/xsd/surefire-test-report-3.0.xsd" version="3.0" name="org.apache.hadoop.ozone.client.rpc.TestBlockOutputStreamWithFailures" time="575.21" tests="12" errors="1" skipped="0" failures="0">
  <properties>
    <property name="java.specification.version" value="17"/>
    <property name="sun.jnu.encoding" value="UTF-8"/>
    <property name="java.class.path" value="/home/runner/work/ozone/ozone/hadoop-ozone/integration-test/target/test-classes:/home/runner/work/ozone/ozone/hadoop-ozone/integration-test/target/classes:/home/runner/work/ozone/ozone/hadoop-ozone/common/target/ozone-common-2.0.0-SNAPSHOT.jar:/home/runner/.m2/repository/io/grpc/grpc-netty/1.58.0/grpc-netty-1.58.0.jar:/home/runner/.m2/repository/io/grpc/grpc-core/1.58.0/grpc-core-1.58.0.jar:/home/runner/.m2/repository/com/google/android/annotations/4.1.1.4/annotations-4.1.1.4.jar:/home/runner/.m2/repository/org/codehaus/mojo/animal-sniffer-annotations/1.23/animal-sniffer-annotations-1.23.jar:/home/runner/.m2/repository/io/grpc/grpc-context/1.58.0/grpc-context-1.58.0.jar:/home/runner/.m2/repository/io/grpc/grpc-util/1.58.0/grpc-util-1.58.0.jar:/home/runner/.m2/repository/com/google/errorprone/error_prone_annotations/2.29.2/error_prone_annotations-2.29.2.jar:/home/runner/.m2/repository/io/perfmark/perfmark-api/0.26.0/perfmark-api-0.26.0.jar:/home/runner/.m2/repository/io/netty/netty-codec-http2/4.1.109.Final/netty-codec-http2-4.1.109.Final.jar:/home/runner/.m2/repository/io/netty/netty-codec-http/4.1.109.Final/netty-codec-http-4.1.109.Final.jar:/home/runner/.m2/repository/io/netty/netty-handler-proxy/4.1.109.Final/netty-handler-proxy-4.1.109.Final.jar:/home/runner/.m2/repository/io/netty/netty-codec-socks/4.1.109.Final/netty-codec-socks-4.1.109.Final.jar:/home/runner/.m2/repository/io/netty/netty-tcnative-boringssl-static/2.0.65.Final/netty-tcnative-boringssl-static-2.0.65.Final.jar:/home/runner/.m2/repository/io/netty/netty-tcnative-classes/2.0.65.Final/netty-tcnative-classes-2.0.65.Final.jar:/home/runner/.m2/repository/io/netty/netty-tcnative-boringssl-static/2.0.65.Final/netty-tcnative-boringssl-static-2.0.65.Final-linux-x86_64.jar:/home/runner/.m2/repository/io/netty/netty-tcnative-boringssl-static/2.0.65.Final/netty-tcnative-boringssl-static-2.0.65.Final-linux-aarch_64.jar:/home/runner/.m2/repository/io/netty/netty-tcnative-boringssl-static/2.0.65.Final/netty-tcnative-boringssl-static-2.0.65.Final-osx-x86_64.jar:/home/runner/.m2/repository/io/netty/netty-tcnative-boringssl-static/2.0.65.Final/netty-tcnative-boringssl-static-2.0.65.Final-osx-aarch_64.jar:/home/runner/.m2/repository/io/netty/netty-tcnative-boringssl-static/2.0.65.Final/netty-tcnative-boringssl-static-2.0.65.Final-windows-x86_64.jar:/home/runner/.m2/repository/org/apache/commons/commons-compress/1.27.1/commons-compress-1.27.1.jar:/home/runner/work/ozone/ozone/hadoop-hdds/common/target/hdds-common-2.0.0-SNAPSHOT.jar:/home/runner/work/ozone/ozone/hadoop-hdds/client/target/hdds-client-2.0.0-SNAPSHOT.jar:/home/runner/work/ozone/ozone/hadoop-hdds/config/target/hdds-config-2.0.0-SNAPSHOT.jar:/home/runner/work/ozone/ozone/hadoop-hdds/interface-client/target/hdds-interface-client-2.0.0-SNAPSHOT.jar:/home/runner/.m2/repository/org/apache/hadoop/thirdparty/hadoop-shaded-protobuf_3_25/1.3.0/hadoop-shaded-protobuf_3_25-1.3.0.jar:/home/runner/work/ozone/ozone/hadoop-ozone/interface-client/target/ozone-interface-client-2.0.0-SNAPSHOT.jar:/home/runner/.m2/repository/org/apache/hadoop/hadoop-hdfs-client/3.4.1/hadoop-hdfs-client-3.4.1.jar:/home/runner/.m2/repository/org/apache/httpcomponents/httpclient/4.5.14/httpclient-4.5.14.jar:/home/runner/.m2/repository/org/apache/httpcomponents/httpcore/4.4.16/httpcore-4.4.16.jar:/home/runner/.m2/repository/org/apache/ratis/ratis-common/3.1.2/ratis-common-3.1.2.jar:/home/runner/.m2/repository/org/apache/ratis/ratis-proto/3.1.2/ratis-proto-3.1.2.jar:/home/runner/.m2/repository/org/apache/ratis/ratis-thirdparty-misc/1.0.6/ratis-thirdparty-misc-1.0.6.jar:/home/runner/.m2/repository/org/slf4j/slf4j-api/2.0.16/slf4j-api-2.0.16.jar:/home/runner/.m2/repository/com/fasterxml/jackson/core/jackson-annotations/2.16.2/jackson-annotations-2.16.2.jar:/home/runner/.m2/repository/com/fasterxml/jackson/core/jackson-databind/2.16.2/jackson-databind-2.16.2.jar:/home/runner/.m2/repository/com/github/stephenc/jcip/jcip-annotations/1.0-1/jcip-annotations-1.0-1.jar:/home/runner/.m2/repository/com/google/guava/guava/32.1.3-jre/guava-32.1.3-jre.jar:/home/runner/.m2/repository/com/google/guava/failureaccess/1.0.1/failureaccess-1.0.1.jar:/home/runner/.m2/repository/com/google/guava/listenablefuture/9999.0-empty-to-avoid-conflict-with-guava/listenablefuture-9999.0-empty-to-avoid-conflict-with-guava.jar:/home/runner/.m2/repository/org/checkerframework/checker-qual/3.37.0/checker-qual-3.37.0.jar:/home/runner/.m2/repository/com/google/j2objc/j2objc-annotations/2.8/j2objc-annotations-2.8.jar:/home/runner/.m2/repository/com/google/protobuf/protobuf-java/2.5.0/protobuf-java-2.5.0.jar:/home/runner/.m2/repository/io/grpc/grpc-api/1.58.0/grpc-api-1.58.0.jar:/home/runner/.m2/repository/io/grpc/grpc-stub/1.58.0/grpc-stub-1.58.0.jar:/home/runner/.m2/repository/io/netty/netty-common/4.1.109.Final/netty-common-4.1.109.Final.jar:/home/runner/.m2/repository/io/netty/netty-handler/4.1.109.Final/netty-handler-4.1.109.Final.jar:/home/runner/.m2/repository/io/netty/netty-resolver/4.1.109.Final/netty-resolver-4.1.109.Final.jar:/home/runner/.m2/repository/jakarta/annotation/jakarta.annotation-api/2.1.1/jakarta.annotation-api-2.1.1.jar:/home/runner/work/ozone/ozone/hadoop-hdds/test-utils/target/hdds-test-utils-2.0.0-SNAPSHOT.jar:/home/runner/.m2/repository/commons-io/commons-io/2.18.0/commons-io-2.18.0.jar:/home/runner/.m2/repository/commons-logging/commons-logging/1.2/commons-logging-1.2.jar:/home/runner/.m2/repository/org/junit/jupiter/junit-jupiter-api/5.11.3/junit-jupiter-api-5.11.3.jar:/home/runner/.m2/repository/org/opentest4j/opentest4j/1.3.0/opentest4j-1.3.0.jar:/home/runner/.m2/repository/org/junit/platform/junit-platform-commons/1.11.3/junit-platform-commons-1.11.3.jar:/home/runner/.m2/repository/ch/qos/reload4j/reload4j/1.2.25/reload4j-1.2.25.jar:/home/runner/.m2/repository/org/apache/logging/log4j/log4j-api/2.24.2/log4j-api-2.24.2.jar:/home/runner/work/ozone/ozone/hadoop-hdds/server-scm/target/hdds-server-scm-2.0.0-SNAPSHOT.jar:/home/runner/work/ozone/ozone/hadoop-hdds/container-service/target/hdds-container-service-2.0.0-SNAPSHOT.jar:/home/runner/work/ozone/ozone/hadoop-hdds/hadoop-dependency-server/target/hdds-hadoop-dependency-server-2.0.0-SNAPSHOT.jar:/home/runner/.m2/repository/com/nimbusds/nimbus-jose-jwt/9.40/nimbus-jose-jwt-9.40.jar:/home/runner/.m2/repository/org/apache/hadoop/hadoop-hdfs/3.4.1/hadoop-hdfs-3.4.1.jar:/home/runner/.m2/repository/commons-daemon/commons-daemon/1.4.0/commons-daemon-1.4.0.jar:/home/runner/.m2/repository/org/apache/kerby/kerb-core/1.0.1/kerb-core-1.0.1.jar:/home/runner/.m2/repository/org/apache/kerby/kerby-pkix/1.0.1/kerby-pkix-1.0.1.jar:/home/runner/.m2/repository/org/apache/kerby/kerby-asn1/1.0.1/kerby-asn1-1.0.1.jar:/home/runner/.m2/repository/org/apache/kerby/kerb-util/1.0.1/kerb-util-1.0.1.jar:/home/runner/.m2/repository/org/apache/kerby/kerby-config/1.0.1/kerby-config-1.0.1.jar:/home/runner/.m2/repository/org/apache/kerby/kerb-crypto/1.0.1/kerb-crypto-1.0.1.jar:/home/runner/.m2/repository/org/xerial/snappy/snappy-java/1.1.10.7/snappy-java-1.1.10.7.jar:/home/runner/work/ozone/ozone/hadoop-hdds/interface-admin/target/hdds-interface-admin-2.0.0-SNAPSHOT.jar:/home/runner/work/ozone/ozone/hadoop-hdds/interface-server/target/hdds-interface-server-2.0.0-SNAPSHOT.jar:/home/runner/work/ozone/ozone/hadoop-hdds/framework/target/hdds-server-framework-2.0.0-SNAPSHOT.jar:/home/runner/.m2/repository/org/apache/ratis/ratis-client/3.1.2/ratis-client-3.1.2.jar:/home/runner/.m2/repository/org/apache/ratis/ratis-grpc/3.1.2/ratis-grpc-3.1.2.jar:/home/runner/.m2/repository/org/apache/ratis/ratis-netty/3.1.2/ratis-netty-3.1.2.jar:/home/runner/.m2/repository/org/apache/ratis/ratis-server-api/3.1.2/ratis-server-api-3.1.2.jar:/home/runner/.m2/repository/org/bouncycastle/bcpkix-jdk18on/1.79/bcpkix-jdk18on-1.79.jar:/home/runner/.m2/repository/org/bouncycastle/bcprov-jdk18on/1.79/bcprov-jdk18on-1.79.jar:/home/runner/.m2/repository/io/dropwizard/metrics/metrics-core/3.2.6/metrics-core-3.2.6.jar:/home/runner/.m2/repository/org/apache/commons/commons-text/1.12.0/commons-text-1.12.0.jar:/home/runner/.m2/repository/org/eclipse/jetty/jetty-webapp/9.4.56.v20240826/jetty-webapp-9.4.56.v20240826.jar:/home/runner/.m2/repository/org/eclipse/jetty/jetty-xml/9.4.56.v20240826/jetty-xml-9.4.56.v20240826.jar:/home/runner/.m2/repository/com/fasterxml/jackson/core/jackson-core/2.16.2/jackson-core-2.16.2.jar:/home/runner/.m2/repository/info/picocli/picocli/4.7.5/picocli-4.7.5.jar:/home/runner/.m2/repository/javax/servlet/javax.servlet-api/3.1.0/javax.servlet-api-3.1.0.jar:/home/runner/.m2/repository/commons-collections/commons-collections/3.2.2/commons-collections-3.2.2.jar:/home/runner/work/ozone/ozone/hadoop-hdds/framework/target/hdds-server-framework-2.0.0-SNAPSHOT-tests.jar:/home/runner/work/ozone/ozone/hadoop-hdds/managed-rocksdb/target/hdds-managed-rocksdb-2.0.0-SNAPSHOT.jar:/home/runner/.m2/repository/org/slf4j/slf4j-reload4j/2.0.16/slf4j-reload4j-2.0.16.jar:/home/runner/.m2/repository/org/apache/commons/commons-configuration2/2.11.0/commons-configuration2-2.11.0.jar:/home/runner/.m2/repository/commons-codec/commons-codec/1.17.1/commons-codec-1.17.1.jar:/home/runner/.m2/repository/commons-fileupload/commons-fileupload/1.5/commons-fileupload-1.5.jar:/home/runner/.m2/repository/commons-validator/commons-validator/1.6/commons-validator-1.6.jar:/home/runner/.m2/repository/commons-beanutils/commons-beanutils/1.9.4/commons-beanutils-1.9.4.jar:/home/runner/.m2/repository/commons-digester/commons-digester/1.8.1/commons-digester-1.8.1.jar:/home/runner/.m2/repository/org/apache/logging/log4j/log4j-core/2.24.2/log4j-core-2.24.2.jar:/home/runner/.m2/repository/com/lmax/disruptor/3.4.4/disruptor-3.4.4.jar:/home/runner/.m2/repository/org/eclipse/jetty/jetty-http/9.4.56.v20240826/jetty-http-9.4.56.v20240826.jar:/home/runner/.m2/repository/org/eclipse/jetty/jetty-io/9.4.56.v20240826/jetty-io-9.4.56.v20240826.jar:/home/runner/.m2/repository/org/eclipse/jetty/jetty-util/9.4.56.v20240826/jetty-util-9.4.56.v20240826.jar:/home/runner/.m2/repository/org/eclipse/jetty/jetty-server/9.4.56.v20240826/jetty-server-9.4.56.v20240826.jar:/home/runner/.m2/repository/org/eclipse/jetty/jetty-servlet/9.4.56.v20240826/jetty-servlet-9.4.56.v20240826.jar:/home/runner/.m2/repository/org/eclipse/jetty/jetty-security/9.4.56.v20240826/jetty-security-9.4.56.v20240826.jar:/home/runner/.m2/repository/org/eclipse/jetty/jetty-util-ajax/9.4.56.v20240826/jetty-util-ajax-9.4.56.v20240826.jar:/home/runner/.m2/repository/org/glassfish/jersey/core/jersey-server/2.45/jersey-server-2.45.jar:/home/runner/.m2/repository/org/glassfish/jersey/core/jersey-client/2.45/jersey-client-2.45.jar:/home/runner/.m2/repository/org/glassfish/jersey/containers/jersey-container-servlet-core/2.45/jersey-container-servlet-core-2.45.jar:/home/runner/.m2/repository/org/rocksdb/rocksdbjni/7.7.3/rocksdbjni-7.7.3.jar:/home/runner/.m2/repository/org/apache/ratis/ratis-metrics-api/3.1.2/ratis-metrics-api-3.1.2.jar:/home/runner/.m2/repository/org/apache/ratis/ratis-metrics-dropwizard3/3.1.2/ratis-metrics-dropwizard3-3.1.2.jar:/home/runner/.m2/repository/io/opentracing/opentracing-api/0.33.0/opentracing-api-0.33.0.jar:/home/runner/.m2/repository/io/prometheus/simpleclient/0.16.0/simpleclient-0.16.0.jar:/home/runner/.m2/repository/io/prometheus/simpleclient_dropwizard/0.16.0/simpleclient_dropwizard-0.16.0.jar:/home/runner/.m2/repository/io/prometheus/simpleclient_common/0.16.0/simpleclient_common-0.16.0.jar:/home/runner/.m2/repository/com/fasterxml/jackson/datatype/jackson-datatype-jsr310/2.16.2/jackson-datatype-jsr310-2.16.2.jar:/home/runner/.m2/repository/com/github/jnr/jnr-constants/0.10.4/jnr-constants-0.10.4.jar:/home/runner/.m2/repository/com/github/jnr/jnr-posix/3.1.20/jnr-posix-3.1.20.jar:/home/runner/.m2/repository/com/github/jnr/jnr-ffi/2.2.17/jnr-ffi-2.2.17.jar:/home/runner/.m2/repository/com/github/jnr/jffi/1.3.13/jffi-1.3.13.jar:/home/runner/.m2/repository/com/github/jnr/jffi/1.3.13/jffi-1.3.13-native.jar:/home/runner/.m2/repository/org/ow2/asm/asm/9.7.1/asm-9.7.1.jar:/home/runner/.m2/repository/org/ow2/asm/asm-commons/9.7.1/asm-commons-9.7.1.jar:/home/runner/.m2/repository/org/ow2/asm/asm-analysis/9.7.1/asm-analysis-9.7.1.jar:/home/runner/.m2/repository/org/ow2/asm/asm-tree/9.7.1/asm-tree-9.7.1.jar:/home/runner/.m2/repository/org/ow2/asm/asm-util/9.7.1/asm-util-9.7.1.jar:/home/runner/.m2/repository/com/github/jnr/jnr-a64asm/1.0.0/jnr-a64asm-1.0.0.jar:/home/runner/.m2/repository/com/github/jnr/jnr-x86asm/1.0.2/jnr-x86asm-1.0.2.jar:/home/runner/.m2/repository/com/google/code/gson/gson/2.10.1/gson-2.10.1.jar:/home/runner/work/ozone/ozone/hadoop-hdds/rocksdb-checkpoint-differ/target/rocksdb-checkpoint-differ-2.0.0-SNAPSHOT.jar:/home/runner/.m2/repository/org/jgrapht/jgrapht-core/1.4.0/jgrapht-core-1.4.0.jar:/home/runner/.m2/repository/org/jheaps/jheaps/0.11/jheaps-0.11.jar:/home/runner/.m2/repository/org/jgrapht/jgrapht-ext/1.4.0/jgrapht-ext-1.4.0.jar:/home/runner/.m2/repository/com/github/vlsi/mxgraph/jgraphx/3.9.12/jgraphx-3.9.12.jar:/home/runner/.m2/repository/jakarta/ws/rs/jakarta.ws.rs-api/2.1.6/jakarta.ws.rs-api-2.1.6.jar:/home/runner/work/ozone/ozone/hadoop-ozone/ozone-manager/target/ozone-manager-2.0.0-SNAPSHOT.jar:/home/runner/.m2/repository/org/aspectj/aspectjrt/1.9.7/aspectjrt-1.9.7.jar:/home/runner/.m2/repository/org/aspectj/aspectjweaver/1.9.7/aspectjweaver-1.9.7.jar:/home/runner/work/ozone/ozone/hadoop-ozone/interface-storage/target/ozone-interface-storage-2.0.0-SNAPSHOT.jar:/home/runner/.m2/repository/org/apache/kerby/kerby-util/1.0.1/kerby-util-1.0.1.jar:/home/runner/.m2/repository/io/netty/netty-transport/4.1.109.Final/netty-transport-4.1.109.Final.jar:/home/runner/.m2/repository/org/reflections/reflections/0.10.2/reflections-0.10.2.jar:/home/runner/.m2/repository/com/sun/jersey/jersey-client/1.19.4/jersey-client-1.19.4.jar:/home/runner/.m2/repository/jakarta/xml/bind/jakarta.xml.bind-api/2.3.3/jakarta.xml.bind-api-2.3.3.jar:/home/runner/.m2/repository/org/codehaus/jackson/jackson-core-asl/1.9.13/jackson-core-asl-1.9.13.jar:/home/runner/.m2/repository/org/codehaus/jackson/jackson-mapper-asl/1.9.13/jackson-mapper-asl-1.9.13.jar:/home/runner/.m2/repository/org/codehaus/jackson/jackson-jaxrs/1.9.13/jackson-jaxrs-1.9.13.jar:/home/runner/.m2/repository/org/apache/ranger/ranger-plugins-common/2.3.0/ranger-plugins-common-2.3.0.jar:/home/runner/.m2/repository/commons-lang/commons-lang/2.6/commons-lang-2.6.jar:/home/runner/.m2/repository/org/apache/ranger/ranger-plugins-cred/2.3.0/ranger-plugins-cred-2.3.0.jar:/home/runner/.m2/repository/org/apache/ranger/ranger-plugins-audit/2.3.0/ranger-plugins-audit-2.3.0.jar:/home/runner/.m2/repository/org/eclipse/jetty/jetty-client/9.4.56.v20240826/jetty-client-9.4.56.v20240826.jar:/home/runner/.m2/repository/org/apache/httpcomponents/httpmime/4.5.6/httpmime-4.5.6.jar:/home/runner/.m2/repository/org/apache/httpcomponents/httpcore-nio/4.4.16/httpcore-nio-4.4.16.jar:/home/runner/.m2/repository/org/apache/httpcomponents/httpasyncclient/4.1.3/httpasyncclient-4.1.3.jar:/home/runner/.m2/repository/com/carrotsearch/hppc/0.8.0/hppc-0.8.0.jar:/home/runner/.m2/repository/org/apache/orc/orc-core/1.5.8/orc-core-1.5.8.jar:/home/runner/.m2/repository/net/java/dev/jna/jna/5.2.0/jna-5.2.0.jar:/home/runner/.m2/repository/net/java/dev/jna/jna-platform/5.2.0/jna-platform-5.2.0.jar:/home/runner/.m2/repository/com/kstruct/gethostname4j/0.0.2/gethostname4j-0.0.2.jar:/home/runner/.m2/repository/org/apache/ranger/ranger-plugin-classloader/2.3.0/ranger-plugin-classloader-2.3.0.jar:/home/runner/.m2/repository/org/apache/ranger/ranger-intg/2.3.0/ranger-intg-2.3.0.jar:/home/runner/work/ozone/ozone/hadoop-hdds/rocks-native/target/hdds-rocks-native-2.0.0-SNAPSHOT.jar:/home/runner/.m2/repository/org/apache/hadoop/hadoop-minikdc/3.4.1/hadoop-minikdc-3.4.1.jar:/home/runner/.m2/repository/org/apache/kerby/kerb-simplekdc/2.0.3/kerb-simplekdc-2.0.3.jar:/home/runner/.m2/repository/org/apache/kerby/kerb-client/2.0.3/kerb-client-2.0.3.jar:/home/runner/.m2/repository/org/apache/kerby/kerb-common/2.0.3/kerb-common-2.0.3.jar:/home/runner/.m2/repository/org/apache/kerby/token-provider/2.0.3/token-provider-2.0.3.jar:/home/runner/.m2/repository/org/apache/kerby/kerb-admin/2.0.3/kerb-admin-2.0.3.jar:/home/runner/.m2/repository/org/apache/kerby/kerb-server/2.0.3/kerb-server-2.0.3.jar:/home/runner/.m2/repository/org/apache/kerby/kerb-identity/2.0.3/kerb-identity-2.0.3.jar:/home/runner/.m2/repository/org/apache/kerby/kerby-xdr/2.0.3/kerby-xdr-2.0.3.jar:/home/runner/.m2/repository/org/jline/jline/3.22.0/jline-3.22.0.jar:/home/runner/.m2/repository/junit/junit/4.13.2/junit-4.13.2.jar:/home/runner/.m2/repository/org/hamcrest/hamcrest-core/1.3/hamcrest-core-1.3.jar:/home/runner/work/ozone/ozone/hadoop-ozone/s3gateway/target/ozone-s3gateway-2.0.0-SNAPSHOT.jar:/home/runner/.m2/repository/org/javassist/javassist/3.30.2-GA/javassist-3.30.2-GA.jar:/home/runner/.m2/repository/org/jboss/weld/servlet/weld-servlet-shaded/3.1.9.Final/weld-servlet-shaded-3.1.9.Final.jar:/home/runner/.m2/repository/org/glassfish/jersey/core/jersey-common/2.45/jersey-common-2.45.jar:/home/runner/.m2/repository/org/glassfish/hk2/osgi-resource-locator/1.0.3/osgi-resource-locator-1.0.3.jar:/home/runner/.m2/repository/org/glassfish/jersey/ext/cdi/jersey-cdi1x/2.45/jersey-cdi1x-2.45.jar:/home/runner/.m2/repository/org/glassfish/jersey/inject/jersey-hk2/2.45/jersey-hk2-2.45.jar:/home/runner/.m2/repository/org/glassfish/hk2/hk2-locator/2.6.1/hk2-locator-2.6.1.jar:/home/runner/.m2/repository/org/glassfish/jersey/media/jersey-media-jaxb/2.45/jersey-media-jaxb-2.45.jar:/home/runner/.m2/repository/org/glassfish/hk2/hk2-api/2.6.1/hk2-api-2.6.1.jar:/home/runner/.m2/repository/org/glassfish/hk2/hk2-utils/2.6.1/hk2-utils-2.6.1.jar:/home/runner/.m2/repository/org/glassfish/hk2/external/aopalliance-repackaged/2.6.1/aopalliance-repackaged-2.6.1.jar:/home/runner/.m2/repository/com/fasterxml/jackson/dataformat/jackson-dataformat-xml/2.16.2/jackson-dataformat-xml-2.16.2.jar:/home/runner/.m2/repository/org/codehaus/woodstox/stax2-api/4.2.2/stax2-api-4.2.2.jar:/home/runner/.m2/repository/com/fasterxml/woodstox/woodstox-core/5.4.0/woodstox-core-5.4.0.jar:/home/runner/.m2/repository/com/fasterxml/jackson/module/jackson-module-jaxb-annotations/2.16.2/jackson-module-jaxb-annotations-2.16.2.jar:/home/runner/.m2/repository/javax/annotation/javax.annotation-api/1.3.2/javax.annotation-api-1.3.2.jar:/home/runner/.m2/repository/javax/enterprise/cdi-api/2.0/cdi-api-2.0.jar:/home/runner/.m2/repository/javax/el/javax.el-api/3.0.0/javax.el-api-3.0.0.jar:/home/runner/.m2/repository/javax/interceptor/javax.interceptor-api/1.2/javax.interceptor-api-1.2.jar:/home/runner/.m2/repository/org/glassfish/jaxb/jaxb-runtime/2.3.9/jaxb-runtime-2.3.9.jar:/home/runner/.m2/repository/org/glassfish/jaxb/txw2/2.3.9/txw2-2.3.9.jar:/home/runner/.m2/repository/com/sun/istack/istack-commons-runtime/3.0.12/istack-commons-runtime-3.0.12.jar:/home/runner/.m2/repository/com/sun/activation/jakarta.activation/1.2.2/jakarta.activation-1.2.2.jar:/home/runner/.m2/repository/jakarta/activation/jakarta.activation-api/1.2.2/jakarta.activation-api-1.2.2.jar:/home/runner/.m2/repository/io/grpc/grpc-protobuf/1.58.0/grpc-protobuf-1.58.0.jar:/home/runner/.m2/repository/com/google/api/grpc/proto-google-common-protos/2.22.0/proto-google-common-protos-2.22.0.jar:/home/runner/.m2/repository/io/grpc/grpc-protobuf-lite/1.58.0/grpc-protobuf-lite-1.58.0.jar:/home/runner/.m2/repository/io/opentracing/opentracing-noop/0.33.0/opentracing-noop-0.33.0.jar:/home/runner/.m2/repository/io/opentracing/opentracing-util/0.33.0/opentracing-util-0.33.0.jar:/home/runner/work/ozone/ozone/hadoop-ozone/csi/target/ozone-csi-2.0.0-SNAPSHOT.jar:/home/runner/.m2/repository/com/google/protobuf/protobuf-java-util/3.19.6/protobuf-java-util-3.19.6.jar:/home/runner/.m2/repository/io/netty/netty-transport-classes-epoll/4.1.109.Final/netty-transport-classes-epoll-4.1.109.Final.jar:/home/runner/.m2/repository/io/netty/netty-transport-native-epoll/4.1.109.Final/netty-transport-native-epoll-4.1.109.Final-linux-x86_64.jar:/home/runner/.m2/repository/io/netty/netty-transport-native-unix-common/4.1.109.Final/netty-transport-native-unix-common-4.1.109.Final.jar:/home/runner/work/ozone/ozone/hadoop-ozone/recon/target/ozone-recon-2.0.0-SNAPSHOT.jar:/home/runner/work/ozone/ozone/hadoop-ozone/recon-codegen/target/ozone-reconcodegen-2.0.0-SNAPSHOT.jar:/home/runner/.m2/repository/aopalliance/aopalliance/1.0/aopalliance-1.0.jar:/home/runner/.m2/repository/com/google/inject/guice/6.0.0/guice-6.0.0.jar:/home/runner/.m2/repository/jakarta/inject/jakarta.inject-api/2.0.1/jakarta.inject-api-2.0.1.jar:/home/runner/.m2/repository/com/google/inject/extensions/guice-assistedinject/6.0.0/guice-assistedinject-6.0.0.jar:/home/runner/.m2/repository/com/google/inject/extensions/guice-servlet/6.0.0/guice-servlet-6.0.0.jar:/home/runner/.m2/repository/org/glassfish/jersey/containers/jersey-container-servlet/2.45/jersey-container-servlet-2.45.jar:/home/runner/.m2/repository/org/glassfish/hk2/guice-bridge/2.6.1/guice-bridge-2.6.1.jar:/home/runner/.m2/repository/org/glassfish/hk2/external/jakarta.inject/2.6.1/jakarta.inject-2.6.1.jar:/home/runner/.m2/repository/org/glassfish/jersey/media/jersey-media-json-jackson/2.45/jersey-media-json-jackson-2.45.jar:/home/runner/.m2/repository/org/glassfish/jersey/ext/jersey-entity-filtering/2.45/jersey-entity-filtering-2.45.jar:/home/runner/.m2/repository/org/jooq/jooq/3.11.10/jooq-3.11.10.jar:/home/runner/.m2/repository/org/jooq/jooq-meta/3.11.10/jooq-meta-3.11.10.jar:/home/runner/.m2/repository/org/jooq/jooq-codegen/3.11.10/jooq-codegen-3.11.10.jar:/home/runner/.m2/repository/com/jolbox/bonecp/0.8.0.RELEASE/bonecp-0.8.0.RELEASE.jar:/home/runner/.m2/repository/org/apache/derby/derby/10.14.2.0/derby-10.14.2.0.jar:/home/runner/.m2/repository/org/xerial/sqlite-jdbc/3.47.1.0/sqlite-jdbc-3.47.1.0.jar:/home/runner/.m2/repository/org/springframework/spring-core/5.3.39/spring-core-5.3.39.jar:/home/runner/.m2/repository/org/springframework/spring-jdbc/5.3.39/spring-jdbc-5.3.39.jar:/home/runner/.m2/repository/org/springframework/spring-beans/5.3.39/spring-beans-5.3.39.jar:/home/runner/.m2/repository/org/springframework/spring-tx/5.3.39/spring-tx-5.3.39.jar:/home/runner/.m2/repository/jakarta/validation/jakarta.validation-api/2.0.2/jakarta.validation-api-2.0.2.jar:/home/runner/.m2/repository/javax/inject/javax.inject/1/javax.inject-1.jar:/home/runner/work/ozone/ozone/hadoop-ozone/client/target/ozone-client-2.0.0-SNAPSHOT.jar:/home/runner/work/ozone/ozone/hadoop-hdds/erasurecode/target/hdds-erasurecode-2.0.0-SNAPSHOT.jar:/home/runner/work/ozone/ozone/hadoop-ozone/ozonefs/target/ozone-filesystem-2.0.0-SNAPSHOT.jar:/home/runner/work/ozone/ozone/hadoop-ozone/ozonefs-common/target/ozone-filesystem-common-2.0.0-SNAPSHOT.jar:/home/runner/work/ozone/ozone/hadoop-ozone/tools/target/ozone-tools-2.0.0-SNAPSHOT.jar:/home/runner/.m2/repository/org/apache/ratis/ratis-tools/3.1.2/ratis-tools-3.1.2.jar:/home/runner/.m2/repository/org/apache/ratis/ratis-shell/3.1.2/ratis-shell-3.1.2.jar:/home/runner/.m2/repository/com/amazonaws/aws-java-sdk-core/1.12.661/aws-java-sdk-core-1.12.661.jar:/home/runner/.m2/repository/com/fasterxml/jackson/dataformat/jackson-dataformat-cbor/2.16.2/jackson-dataformat-cbor-2.16.2.jar:/home/runner/.m2/repository/joda-time/joda-time/2.12.7/joda-time-2.12.7.jar:/home/runner/.m2/repository/com/amazonaws/aws-java-sdk-s3/1.12.661/aws-java-sdk-s3-1.12.661.jar:/home/runner/.m2/repository/com/amazonaws/aws-java-sdk-kms/1.12.661/aws-java-sdk-kms-1.12.661.jar:/home/runner/.m2/repository/com/amazonaws/jmespath-java/1.12.661/jmespath-java-1.12.661.jar:/home/runner/.m2/repository/org/kohsuke/metainf-services/metainf-services/1.11/metainf-services-1.11.jar:/home/runner/work/ozone/ozone/hadoop-hdds/tools/target/hdds-tools-2.0.0-SNAPSHOT.jar:/home/runner/.m2/repository/commons-cli/commons-cli/1.8.0/commons-cli-1.8.0.jar:/home/runner/.m2/repository/org/apache/commons/commons-lang3/3.17.0/commons-lang3-3.17.0.jar:/home/runner/work/ozone/ozone/hadoop-ozone/ozone-manager/target/ozone-manager-2.0.0-SNAPSHOT-tests.jar:/home/runner/work/ozone/ozone/hadoop-hdds/common/target/hdds-common-2.0.0-SNAPSHOT-tests.jar:/home/runner/work/ozone/ozone/hadoop-hdds/hadoop-dependency-client/target/hdds-hadoop-dependency-client-2.0.0-SNAPSHOT.jar:/home/runner/work/ozone/ozone/hadoop-hdds/annotations/target/hdds-annotation-processing-2.0.0-SNAPSHOT.jar:/home/runner/.m2/repository/org/bouncycastle/bcutil-jdk18on/1.79/bcutil-jdk18on-1.79.jar:/home/runner/.m2/repository/io/jaegertracing/jaeger-client/1.8.1/jaeger-client-1.8.1.jar:/home/runner/.m2/repository/io/jaegertracing/jaeger-thrift/1.8.1/jaeger-thrift-1.8.1.jar:/home/runner/.m2/repository/org/apache/thrift/libthrift/0.15.0/libthrift-0.15.0.jar:/home/runner/.m2/repository/com/squareup/okhttp3/okhttp/4.12.0/okhttp-4.12.0.jar:/home/runner/.m2/repository/com/squareup/okio/okio/3.6.0/okio-3.6.0.jar:/home/runner/.m2/repository/com/squareup/okio/okio-jvm/3.6.0/okio-jvm-3.6.0.jar:/home/runner/.m2/repository/org/jetbrains/kotlin/kotlin-stdlib-common/1.9.25/kotlin-stdlib-common-1.9.25.jar:/home/runner/.m2/repository/org/jetbrains/kotlin/kotlin-stdlib-jdk8/1.9.25/kotlin-stdlib-jdk8-1.9.25.jar:/home/runner/.m2/repository/org/jetbrains/kotlin/kotlin-stdlib-jdk7/1.9.25/kotlin-stdlib-jdk7-1.9.25.jar:/home/runner/.m2/repository/io/jaegertracing/jaeger-tracerresolver/1.8.1/jaeger-tracerresolver-1.8.1.jar:/home/runner/.m2/repository/io/opentracing/contrib/opentracing-tracerresolver/0.1.8/opentracing-tracerresolver-0.1.8.jar:/home/runner/.m2/repository/io/jaegertracing/jaeger-core/1.8.1/jaeger-core-1.8.1.jar:/home/runner/.m2/repository/org/jetbrains/kotlin/kotlin-stdlib/1.9.25/kotlin-stdlib-1.9.25.jar:/home/runner/.m2/repository/org/jetbrains/annotations/13.0/annotations-13.0.jar:/home/runner/.m2/repository/org/yaml/snakeyaml/2.0/snakeyaml-2.0.jar:/home/runner/.m2/repository/org/junit/platform/junit-platform-launcher/1.11.3/junit-platform-launcher-1.11.3.jar:/home/runner/.m2/repository/org/junit/platform/junit-platform-engine/1.11.3/junit-platform-engine-1.11.3.jar:/home/runner/.m2/repository/org/apiguardian/apiguardian-api/1.1.2/apiguardian-api-1.1.2.jar:/home/runner/.m2/repository/org/apache/hadoop/hadoop-kms/3.4.1/hadoop-kms-3.4.1.jar:/home/runner/.m2/repository/org/apache/hadoop/hadoop-auth/3.4.1/hadoop-auth-3.4.1.jar:/home/runner/.m2/repository/org/apache/zookeeper/zookeeper/3.8.4/zookeeper-3.8.4.jar:/home/runner/.m2/repository/org/apache/zookeeper/zookeeper-jute/3.8.4/zookeeper-jute-3.8.4.jar:/home/runner/.m2/repository/org/apache/yetus/audience-annotations/0.12.0/audience-annotations-0.12.0.jar:/home/runner/.m2/repository/org/apache/curator/curator-framework/4.2.0/curator-framework-4.2.0.jar:/home/runner/.m2/repository/org/apache/hadoop/thirdparty/hadoop-shaded-guava/1.3.0/hadoop-shaded-guava-1.3.0.jar:/home/runner/.m2/repository/com/sun/jersey/jersey-core/1.19.4/jersey-core-1.19.4.jar:/home/runner/.m2/repository/javax/ws/rs/jsr311-api/1.1.1/jsr311-api-1.1.1.jar:/home/runner/.m2/repository/com/sun/jersey/jersey-server/1.19.4/jersey-server-1.19.4.jar:/home/runner/.m2/repository/org/apache/hadoop/hadoop-common/3.4.1/hadoop-common-3.4.1.jar:/home/runner/.m2/repository/org/apache/commons/commons-math3/3.6.1/commons-math3-3.6.1.jar:/home/runner/.m2/repository/commons-net/commons-net/3.11.1/commons-net-3.11.1.jar:/home/runner/.m2/repository/com/github/pjfanning/jersey-json/1.22.0/jersey-json-1.22.0.jar:/home/runner/.m2/repository/com/sun/xml/bind/jaxb-impl/2.2.3-1/jaxb-impl-2.2.3-1.jar:/home/runner/.m2/repository/org/codehaus/jettison/jettison/1.5.4/jettison-1.5.4.jar:/home/runner/.m2/repository/com/google/re2j/re2j/1.7/re2j-1.7.jar:/home/runner/.m2/repository/com/jcraft/jsch/0.1.55/jsch-0.1.55.jar:/home/runner/.m2/repository/org/apache/curator/curator-client/4.2.0/curator-client-4.2.0.jar:/home/runner/.m2/repository/org/apache/curator/curator-recipes/5.2.0/curator-recipes-5.2.0.jar:/home/runner/.m2/repository/com/google/code/findbugs/jsr305/3.0.2/jsr305-3.0.2.jar:/home/runner/.m2/repository/io/netty/netty-transport-native-epoll/4.1.109.Final/netty-transport-native-epoll-4.1.109.Final.jar:/home/runner/.m2/repository/dnsjava/dnsjava/3.6.1/dnsjava-3.6.1.jar:/home/runner/.m2/repository/org/apache/hadoop/hadoop-kms/3.4.1/hadoop-kms-3.4.1-tests.jar:/home/runner/work/ozone/ozone/hadoop-hdds/server-scm/target/hdds-server-scm-2.0.0-SNAPSHOT-tests.jar:/home/runner/work/ozone/ozone/hadoop-hdds/container-service/target/hdds-container-service-2.0.0-SNAPSHOT-tests.jar:/home/runner/.m2/repository/com/github/luben/zstd-jni/1.5.6-7/zstd-jni-1.5.6-7.jar:/home/runner/.m2/repository/io/netty/netty-buffer/4.1.109.Final/netty-buffer-4.1.109.Final.jar:/home/runner/.m2/repository/io/netty/netty-codec/4.1.109.Final/netty-codec-4.1.109.Final.jar:/home/runner/work/ozone/ozone/hadoop-hdds/hadoop-dependency-test/target/hdds-hadoop-dependency-test-2.0.0-SNAPSHOT.jar:/home/runner/.m2/repository/org/apache/hadoop/hadoop-common/3.4.1/hadoop-common-3.4.1-tests.jar:/home/runner/.m2/repository/org/apache/hadoop/hadoop-hdfs/3.4.1/hadoop-hdfs-3.4.1-tests.jar:/home/runner/.m2/repository/org/junit/jupiter/junit-jupiter-engine/5.11.3/junit-jupiter-engine-5.11.3.jar:/home/runner/.m2/repository/org/junit/jupiter/junit-jupiter-params/5.11.3/junit-jupiter-params-5.11.3.jar:/home/runner/.m2/repository/org/mockito/mockito-core/4.11.0/mockito-core-4.11.0.jar:/home/runner/.m2/repository/net/bytebuddy/byte-buddy-agent/1.12.19/byte-buddy-agent-1.12.19.jar:/home/runner/.m2/repository/org/objenesis/objenesis/3.3/objenesis-3.3.jar:/home/runner/.m2/repository/org/mockito/mockito-inline/4.11.0/mockito-inline-4.11.0.jar:/home/runner/.m2/repository/org/mockito/mockito-junit-jupiter/4.11.0/mockito-junit-jupiter-4.11.0.jar:/home/runner/.m2/repository/org/apache/hadoop/hadoop-distcp/3.4.1/hadoop-distcp-3.4.1.jar:/home/runner/.m2/repository/org/apache/hadoop/hadoop-mapreduce-client-jobclient/3.4.1/hadoop-mapreduce-client-jobclient-3.4.1.jar:/home/runner/.m2/repository/org/apache/hadoop/hadoop-mapreduce-client-common/3.4.1/hadoop-mapreduce-client-common-3.4.1.jar:/home/runner/.m2/repository/org/apache/hadoop/hadoop-yarn-common/3.4.1/hadoop-yarn-common-3.4.1.jar:/home/runner/.m2/repository/org/apache/hadoop/hadoop-yarn-api/3.4.1/hadoop-yarn-api-3.4.1.jar:/home/runner/.m2/repository/javax/xml/bind/jaxb-api/2.2.11/jaxb-api-2.2.11.jar:/home/runner/.m2/repository/com/sun/jersey/contribs/jersey-guice/1.19.4/jersey-guice-1.19.4.jar:/home/runner/.m2/repository/com/fasterxml/jackson/jaxrs/jackson-jaxrs-json-provider/2.16.2/jackson-jaxrs-json-provider-2.16.2.jar:/home/runner/.m2/repository/com/fasterxml/jackson/jaxrs/jackson-jaxrs-base/2.16.2/jackson-jaxrs-base-2.16.2.jar:/home/runner/.m2/repository/org/apache/hadoop/hadoop-yarn-client/3.4.1/hadoop-yarn-client-3.4.1.jar:/home/runner/.m2/repository/org/eclipse/jetty/websocket/websocket-client/9.4.53.v20231009/websocket-client-9.4.53.v20231009.jar:/home/runner/.m2/repository/org/eclipse/jetty/websocket/websocket-common/9.4.53.v20231009/websocket-common-9.4.53.v20231009.jar:/home/runner/.m2/repository/org/eclipse/jetty/websocket/websocket-api/9.4.53.v20231009/websocket-api-9.4.53.v20231009.jar:/home/runner/.m2/repository/org/apache/hadoop/hadoop-mapreduce-client-core/3.4.1/hadoop-mapreduce-client-core-3.4.1.jar:/home/runner/.m2/repository/org/apache/avro/avro/1.9.2/avro-1.9.2.jar:/home/runner/.m2/repository/org/apache/hadoop/hadoop-annotations/3.4.1/hadoop-annotations-3.4.1.jar:/home/runner/.m2/repository/io/netty/netty-all/4.1.109.Final/netty-all-4.1.109.Final.jar:/home/runner/.m2/repository/io/netty/netty-codec-dns/4.1.109.Final/netty-codec-dns-4.1.109.Final.jar:/home/runner/.m2/repository/io/netty/netty-codec-haproxy/4.1.109.Final/netty-codec-haproxy-4.1.109.Final.jar:/home/runner/.m2/repository/io/netty/netty-codec-memcache/4.1.109.Final/netty-codec-memcache-4.1.109.Final.jar:/home/runner/.m2/repository/io/netty/netty-codec-mqtt/4.1.109.Final/netty-codec-mqtt-4.1.109.Final.jar:/home/runner/.m2/repository/io/netty/netty-codec-redis/4.1.109.Final/netty-codec-redis-4.1.109.Final.jar:/home/runner/.m2/repository/io/netty/netty-codec-smtp/4.1.109.Final/netty-codec-smtp-4.1.109.Final.jar:/home/runner/.m2/repository/io/netty/netty-codec-stomp/4.1.109.Final/netty-codec-stomp-4.1.109.Final.jar:/home/runner/.m2/repository/io/netty/netty-codec-xml/4.1.109.Final/netty-codec-xml-4.1.109.Final.jar:/home/runner/.m2/repository/io/netty/netty-handler-ssl-ocsp/4.1.109.Final/netty-handler-ssl-ocsp-4.1.109.Final.jar:/home/runner/.m2/repository/io/netty/netty-resolver-dns/4.1.109.Final/netty-resolver-dns-4.1.109.Final.jar:/home/runner/.m2/repository/io/netty/netty-transport-rxtx/4.1.109.Final/netty-transport-rxtx-4.1.109.Final.jar:/home/runner/.m2/repository/io/netty/netty-transport-sctp/4.1.109.Final/netty-transport-sctp-4.1.109.Final.jar:/home/runner/.m2/repository/io/netty/netty-transport-udt/4.1.109.Final/netty-transport-udt-4.1.109.Final.jar:/home/runner/.m2/repository/io/netty/netty-transport-classes-kqueue/4.1.109.Final/netty-transport-classes-kqueue-4.1.109.Final.jar:/home/runner/.m2/repository/io/netty/netty-resolver-dns-classes-macos/4.1.109.Final/netty-resolver-dns-classes-macos-4.1.109.Final.jar:/home/runner/.m2/repository/io/netty/netty-transport-native-epoll/4.1.109.Final/netty-transport-native-epoll-4.1.109.Final-linux-aarch_64.jar:/home/runner/.m2/repository/io/netty/netty-transport-native-epoll/4.1.109.Final/netty-transport-native-epoll-4.1.109.Final-linux-riscv64.jar:/home/runner/.m2/repository/io/netty/netty-transport-native-kqueue/4.1.109.Final/netty-transport-native-kqueue-4.1.109.Final-osx-x86_64.jar:/home/runner/.m2/repository/io/netty/netty-transport-native-kqueue/4.1.109.Final/netty-transport-native-kqueue-4.1.109.Final-osx-aarch_64.jar:/home/runner/.m2/repository/io/netty/netty-resolver-dns-native-macos/4.1.109.Final/netty-resolver-dns-native-macos-4.1.109.Final-osx-x86_64.jar:/home/runner/.m2/repository/io/netty/netty-resolver-dns-native-macos/4.1.109.Final/netty-resolver-dns-native-macos-4.1.109.Final-osx-aarch_64.jar:/home/runner/.m2/repository/org/apache/hadoop/hadoop-distcp/3.4.1/hadoop-distcp-3.4.1-tests.jar:/home/runner/.m2/repository/org/apache/ratis/ratis-server/3.1.2/ratis-server-3.1.2.jar:/home/runner/.m2/repository/org/hamcrest/hamcrest/2.2/hamcrest-2.2.jar:/home/runner/.m2/repository/org/slf4j/jul-to-slf4j/2.0.16/jul-to-slf4j-2.0.16.jar:/home/runner/.m2/repository/org/assertj/assertj-core/3.26.3/assertj-core-3.26.3.jar:/home/runner/.m2/repository/net/bytebuddy/byte-buddy/1.14.18/byte-buddy-1.14.18.jar:/home/runner/work/ozone/ozone/hadoop-ozone/integration-test/target/gradle-enterprise/test-listeners.jar:"/>
    <property name="java.vm.vendor" value="Eclipse Adoptium"/>
    <property name="sun.arch.data.model" value="64"/>
    <property name="test.build.dir" value="/home/runner/work/ozone/ozone/hadoop-ozone/integration-test/target/test-dir"/>
    <property name="test.cache.data" value=""/>
    <property name="java.vendor.url" value="https://adoptium.net/"/>
    <property name="user.timezone" value="Etc/UTC"/>
    <property name="maven-surefire-plugin.argLineAccessArgs" value=" --add-opens java.management/com.sun.jmx.mbeanserver=ALL-UNNAMED --add-exports java.management/com.sun.jmx.mbeanserver=ALL-UNNAMED --add-opens java.base/java.nio=ALL-UNNAMED --add-opens java.base/java.lang=ALL-UNNAMED --add-opens java.base/java.lang.reflect=ALL-UNNAMED"/>
    <property name="os.name" value="Linux"/>
    <property name="java.vm.specification.version" value="17"/>
    <property name="test.build.data" value="/home/runner/work/ozone/ozone/hadoop-ozone/integration-test/target/test-dir"/>
    <property name="sun.java.launcher" value="SUN_STANDARD"/>
    <property name="sun.boot.library.path" value="/usr/lib/jvm/temurin-17-jdk-amd64/lib"/>
    <property name="sun.java.command" value="/home/runner/work/ozone/ozone/hadoop-ozone/integration-test/target/surefire/surefirebooter16241791819068760897.jar /home/runner/work/ozone/ozone/hadoop-ozone/integration-test/target/surefire 2024-11-30T14-24-59_753-jvmRun1 surefire15333393557746569068tmp surefire_3715308924623148912044tmp"/>
    <property name="jdk.debug" value="release"/>
    <property name="native.lib.tmp.dir" value="/tmp"/>
    <property name="surefire.test.class.path" value="/home/runner/work/ozone/ozone/hadoop-ozone/integration-test/target/test-classes:/home/runner/work/ozone/ozone/hadoop-ozone/integration-test/target/classes:/home/runner/work/ozone/ozone/hadoop-ozone/common/target/ozone-common-2.0.0-SNAPSHOT.jar:/home/runner/.m2/repository/io/grpc/grpc-netty/1.58.0/grpc-netty-1.58.0.jar:/home/runner/.m2/repository/io/grpc/grpc-core/1.58.0/grpc-core-1.58.0.jar:/home/runner/.m2/repository/com/google/android/annotations/4.1.1.4/annotations-4.1.1.4.jar:/home/runner/.m2/repository/org/codehaus/mojo/animal-sniffer-annotations/1.23/animal-sniffer-annotations-1.23.jar:/home/runner/.m2/repository/io/grpc/grpc-context/1.58.0/grpc-context-1.58.0.jar:/home/runner/.m2/repository/io/grpc/grpc-util/1.58.0/grpc-util-1.58.0.jar:/home/runner/.m2/repository/com/google/errorprone/error_prone_annotations/2.29.2/error_prone_annotations-2.29.2.jar:/home/runner/.m2/repository/io/perfmark/perfmark-api/0.26.0/perfmark-api-0.26.0.jar:/home/runner/.m2/repository/io/netty/netty-codec-http2/4.1.109.Final/netty-codec-http2-4.1.109.Final.jar:/home/runner/.m2/repository/io/netty/netty-codec-http/4.1.109.Final/netty-codec-http-4.1.109.Final.jar:/home/runner/.m2/repository/io/netty/netty-handler-proxy/4.1.109.Final/netty-handler-proxy-4.1.109.Final.jar:/home/runner/.m2/repository/io/netty/netty-codec-socks/4.1.109.Final/netty-codec-socks-4.1.109.Final.jar:/home/runner/.m2/repository/io/netty/netty-tcnative-boringssl-static/2.0.65.Final/netty-tcnative-boringssl-static-2.0.65.Final.jar:/home/runner/.m2/repository/io/netty/netty-tcnative-classes/2.0.65.Final/netty-tcnative-classes-2.0.65.Final.jar:/home/runner/.m2/repository/io/netty/netty-tcnative-boringssl-static/2.0.65.Final/netty-tcnative-boringssl-static-2.0.65.Final-linux-x86_64.jar:/home/runner/.m2/repository/io/netty/netty-tcnative-boringssl-static/2.0.65.Final/netty-tcnative-boringssl-static-2.0.65.Final-linux-aarch_64.jar:/home/runner/.m2/repository/io/netty/netty-tcnative-boringssl-static/2.0.65.Final/netty-tcnative-boringssl-static-2.0.65.Final-osx-x86_64.jar:/home/runner/.m2/repository/io/netty/netty-tcnative-boringssl-static/2.0.65.Final/netty-tcnative-boringssl-static-2.0.65.Final-osx-aarch_64.jar:/home/runner/.m2/repository/io/netty/netty-tcnative-boringssl-static/2.0.65.Final/netty-tcnative-boringssl-static-2.0.65.Final-windows-x86_64.jar:/home/runner/.m2/repository/org/apache/commons/commons-compress/1.27.1/commons-compress-1.27.1.jar:/home/runner/work/ozone/ozone/hadoop-hdds/common/target/hdds-common-2.0.0-SNAPSHOT.jar:/home/runner/work/ozone/ozone/hadoop-hdds/client/target/hdds-client-2.0.0-SNAPSHOT.jar:/home/runner/work/ozone/ozone/hadoop-hdds/config/target/hdds-config-2.0.0-SNAPSHOT.jar:/home/runner/work/ozone/ozone/hadoop-hdds/interface-client/target/hdds-interface-client-2.0.0-SNAPSHOT.jar:/home/runner/.m2/repository/org/apache/hadoop/thirdparty/hadoop-shaded-protobuf_3_25/1.3.0/hadoop-shaded-protobuf_3_25-1.3.0.jar:/home/runner/work/ozone/ozone/hadoop-ozone/interface-client/target/ozone-interface-client-2.0.0-SNAPSHOT.jar:/home/runner/.m2/repository/org/apache/hadoop/hadoop-hdfs-client/3.4.1/hadoop-hdfs-client-3.4.1.jar:/home/runner/.m2/repository/org/apache/httpcomponents/httpclient/4.5.14/httpclient-4.5.14.jar:/home/runner/.m2/repository/org/apache/httpcomponents/httpcore/4.4.16/httpcore-4.4.16.jar:/home/runner/.m2/repository/org/apache/ratis/ratis-common/3.1.2/ratis-common-3.1.2.jar:/home/runner/.m2/repository/org/apache/ratis/ratis-proto/3.1.2/ratis-proto-3.1.2.jar:/home/runner/.m2/repository/org/apache/ratis/ratis-thirdparty-misc/1.0.6/ratis-thirdparty-misc-1.0.6.jar:/home/runner/.m2/repository/org/slf4j/slf4j-api/2.0.16/slf4j-api-2.0.16.jar:/home/runner/.m2/repository/com/fasterxml/jackson/core/jackson-annotations/2.16.2/jackson-annotations-2.16.2.jar:/home/runner/.m2/repository/com/fasterxml/jackson/core/jackson-databind/2.16.2/jackson-databind-2.16.2.jar:/home/runner/.m2/repository/com/github/stephenc/jcip/jcip-annotations/1.0-1/jcip-annotations-1.0-1.jar:/home/runner/.m2/repository/com/google/guava/guava/32.1.3-jre/guava-32.1.3-jre.jar:/home/runner/.m2/repository/com/google/guava/failureaccess/1.0.1/failureaccess-1.0.1.jar:/home/runner/.m2/repository/com/google/guava/listenablefuture/9999.0-empty-to-avoid-conflict-with-guava/listenablefuture-9999.0-empty-to-avoid-conflict-with-guava.jar:/home/runner/.m2/repository/org/checkerframework/checker-qual/3.37.0/checker-qual-3.37.0.jar:/home/runner/.m2/repository/com/google/j2objc/j2objc-annotations/2.8/j2objc-annotations-2.8.jar:/home/runner/.m2/repository/com/google/protobuf/protobuf-java/2.5.0/protobuf-java-2.5.0.jar:/home/runner/.m2/repository/io/grpc/grpc-api/1.58.0/grpc-api-1.58.0.jar:/home/runner/.m2/repository/io/grpc/grpc-stub/1.58.0/grpc-stub-1.58.0.jar:/home/runner/.m2/repository/io/netty/netty-common/4.1.109.Final/netty-common-4.1.109.Final.jar:/home/runner/.m2/repository/io/netty/netty-handler/4.1.109.Final/netty-handler-4.1.109.Final.jar:/home/runner/.m2/repository/io/netty/netty-resolver/4.1.109.Final/netty-resolver-4.1.109.Final.jar:/home/runner/.m2/repository/jakarta/annotation/jakarta.annotation-api/2.1.1/jakarta.annotation-api-2.1.1.jar:/home/runner/work/ozone/ozone/hadoop-hdds/test-utils/target/hdds-test-utils-2.0.0-SNAPSHOT.jar:/home/runner/.m2/repository/commons-io/commons-io/2.18.0/commons-io-2.18.0.jar:/home/runner/.m2/repository/commons-logging/commons-logging/1.2/commons-logging-1.2.jar:/home/runner/.m2/repository/org/junit/jupiter/junit-jupiter-api/5.11.3/junit-jupiter-api-5.11.3.jar:/home/runner/.m2/repository/org/opentest4j/opentest4j/1.3.0/opentest4j-1.3.0.jar:/home/runner/.m2/repository/org/junit/platform/junit-platform-commons/1.11.3/junit-platform-commons-1.11.3.jar:/home/runner/.m2/repository/ch/qos/reload4j/reload4j/1.2.25/reload4j-1.2.25.jar:/home/runner/.m2/repository/org/apache/logging/log4j/log4j-api/2.24.2/log4j-api-2.24.2.jar:/home/runner/work/ozone/ozone/hadoop-hdds/server-scm/target/hdds-server-scm-2.0.0-SNAPSHOT.jar:/home/runner/work/ozone/ozone/hadoop-hdds/container-service/target/hdds-container-service-2.0.0-SNAPSHOT.jar:/home/runner/work/ozone/ozone/hadoop-hdds/hadoop-dependency-server/target/hdds-hadoop-dependency-server-2.0.0-SNAPSHOT.jar:/home/runner/.m2/repository/com/nimbusds/nimbus-jose-jwt/9.40/nimbus-jose-jwt-9.40.jar:/home/runner/.m2/repository/org/apache/hadoop/hadoop-hdfs/3.4.1/hadoop-hdfs-3.4.1.jar:/home/runner/.m2/repository/commons-daemon/commons-daemon/1.4.0/commons-daemon-1.4.0.jar:/home/runner/.m2/repository/org/apache/kerby/kerb-core/1.0.1/kerb-core-1.0.1.jar:/home/runner/.m2/repository/org/apache/kerby/kerby-pkix/1.0.1/kerby-pkix-1.0.1.jar:/home/runner/.m2/repository/org/apache/kerby/kerby-asn1/1.0.1/kerby-asn1-1.0.1.jar:/home/runner/.m2/repository/org/apache/kerby/kerb-util/1.0.1/kerb-util-1.0.1.jar:/home/runner/.m2/repository/org/apache/kerby/kerby-config/1.0.1/kerby-config-1.0.1.jar:/home/runner/.m2/repository/org/apache/kerby/kerb-crypto/1.0.1/kerb-crypto-1.0.1.jar:/home/runner/.m2/repository/org/xerial/snappy/snappy-java/1.1.10.7/snappy-java-1.1.10.7.jar:/home/runner/work/ozone/ozone/hadoop-hdds/interface-admin/target/hdds-interface-admin-2.0.0-SNAPSHOT.jar:/home/runner/work/ozone/ozone/hadoop-hdds/interface-server/target/hdds-interface-server-2.0.0-SNAPSHOT.jar:/home/runner/work/ozone/ozone/hadoop-hdds/framework/target/hdds-server-framework-2.0.0-SNAPSHOT.jar:/home/runner/.m2/repository/org/apache/ratis/ratis-client/3.1.2/ratis-client-3.1.2.jar:/home/runner/.m2/repository/org/apache/ratis/ratis-grpc/3.1.2/ratis-grpc-3.1.2.jar:/home/runner/.m2/repository/org/apache/ratis/ratis-netty/3.1.2/ratis-netty-3.1.2.jar:/home/runner/.m2/repository/org/apache/ratis/ratis-server-api/3.1.2/ratis-server-api-3.1.2.jar:/home/runner/.m2/repository/org/bouncycastle/bcpkix-jdk18on/1.79/bcpkix-jdk18on-1.79.jar:/home/runner/.m2/repository/org/bouncycastle/bcprov-jdk18on/1.79/bcprov-jdk18on-1.79.jar:/home/runner/.m2/repository/io/dropwizard/metrics/metrics-core/3.2.6/metrics-core-3.2.6.jar:/home/runner/.m2/repository/org/apache/commons/commons-text/1.12.0/commons-text-1.12.0.jar:/home/runner/.m2/repository/org/eclipse/jetty/jetty-webapp/9.4.56.v20240826/jetty-webapp-9.4.56.v20240826.jar:/home/runner/.m2/repository/org/eclipse/jetty/jetty-xml/9.4.56.v20240826/jetty-xml-9.4.56.v20240826.jar:/home/runner/.m2/repository/com/fasterxml/jackson/core/jackson-core/2.16.2/jackson-core-2.16.2.jar:/home/runner/.m2/repository/info/picocli/picocli/4.7.5/picocli-4.7.5.jar:/home/runner/.m2/repository/javax/servlet/javax.servlet-api/3.1.0/javax.servlet-api-3.1.0.jar:/home/runner/.m2/repository/commons-collections/commons-collections/3.2.2/commons-collections-3.2.2.jar:/home/runner/work/ozone/ozone/hadoop-hdds/framework/target/hdds-server-framework-2.0.0-SNAPSHOT-tests.jar:/home/runner/work/ozone/ozone/hadoop-hdds/managed-rocksdb/target/hdds-managed-rocksdb-2.0.0-SNAPSHOT.jar:/home/runner/.m2/repository/org/slf4j/slf4j-reload4j/2.0.16/slf4j-reload4j-2.0.16.jar:/home/runner/.m2/repository/org/apache/commons/commons-configuration2/2.11.0/commons-configuration2-2.11.0.jar:/home/runner/.m2/repository/commons-codec/commons-codec/1.17.1/commons-codec-1.17.1.jar:/home/runner/.m2/repository/commons-fileupload/commons-fileupload/1.5/commons-fileupload-1.5.jar:/home/runner/.m2/repository/commons-validator/commons-validator/1.6/commons-validator-1.6.jar:/home/runner/.m2/repository/commons-beanutils/commons-beanutils/1.9.4/commons-beanutils-1.9.4.jar:/home/runner/.m2/repository/commons-digester/commons-digester/1.8.1/commons-digester-1.8.1.jar:/home/runner/.m2/repository/org/apache/logging/log4j/log4j-core/2.24.2/log4j-core-2.24.2.jar:/home/runner/.m2/repository/com/lmax/disruptor/3.4.4/disruptor-3.4.4.jar:/home/runner/.m2/repository/org/eclipse/jetty/jetty-http/9.4.56.v20240826/jetty-http-9.4.56.v20240826.jar:/home/runner/.m2/repository/org/eclipse/jetty/jetty-io/9.4.56.v20240826/jetty-io-9.4.56.v20240826.jar:/home/runner/.m2/repository/org/eclipse/jetty/jetty-util/9.4.56.v20240826/jetty-util-9.4.56.v20240826.jar:/home/runner/.m2/repository/org/eclipse/jetty/jetty-server/9.4.56.v20240826/jetty-server-9.4.56.v20240826.jar:/home/runner/.m2/repository/org/eclipse/jetty/jetty-servlet/9.4.56.v20240826/jetty-servlet-9.4.56.v20240826.jar:/home/runner/.m2/repository/org/eclipse/jetty/jetty-security/9.4.56.v20240826/jetty-security-9.4.56.v20240826.jar:/home/runner/.m2/repository/org/eclipse/jetty/jetty-util-ajax/9.4.56.v20240826/jetty-util-ajax-9.4.56.v20240826.jar:/home/runner/.m2/repository/org/glassfish/jersey/core/jersey-server/2.45/jersey-server-2.45.jar:/home/runner/.m2/repository/org/glassfish/jersey/core/jersey-client/2.45/jersey-client-2.45.jar:/home/runner/.m2/repository/org/glassfish/jersey/containers/jersey-container-servlet-core/2.45/jersey-container-servlet-core-2.45.jar:/home/runner/.m2/repository/org/rocksdb/rocksdbjni/7.7.3/rocksdbjni-7.7.3.jar:/home/runner/.m2/repository/org/apache/ratis/ratis-metrics-api/3.1.2/ratis-metrics-api-3.1.2.jar:/home/runner/.m2/repository/org/apache/ratis/ratis-metrics-dropwizard3/3.1.2/ratis-metrics-dropwizard3-3.1.2.jar:/home/runner/.m2/repository/io/opentracing/opentracing-api/0.33.0/opentracing-api-0.33.0.jar:/home/runner/.m2/repository/io/prometheus/simpleclient/0.16.0/simpleclient-0.16.0.jar:/home/runner/.m2/repository/io/prometheus/simpleclient_dropwizard/0.16.0/simpleclient_dropwizard-0.16.0.jar:/home/runner/.m2/repository/io/prometheus/simpleclient_common/0.16.0/simpleclient_common-0.16.0.jar:/home/runner/.m2/repository/com/fasterxml/jackson/datatype/jackson-datatype-jsr310/2.16.2/jackson-datatype-jsr310-2.16.2.jar:/home/runner/.m2/repository/com/github/jnr/jnr-constants/0.10.4/jnr-constants-0.10.4.jar:/home/runner/.m2/repository/com/github/jnr/jnr-posix/3.1.20/jnr-posix-3.1.20.jar:/home/runner/.m2/repository/com/github/jnr/jnr-ffi/2.2.17/jnr-ffi-2.2.17.jar:/home/runner/.m2/repository/com/github/jnr/jffi/1.3.13/jffi-1.3.13.jar:/home/runner/.m2/repository/com/github/jnr/jffi/1.3.13/jffi-1.3.13-native.jar:/home/runner/.m2/repository/org/ow2/asm/asm/9.7.1/asm-9.7.1.jar:/home/runner/.m2/repository/org/ow2/asm/asm-commons/9.7.1/asm-commons-9.7.1.jar:/home/runner/.m2/repository/org/ow2/asm/asm-analysis/9.7.1/asm-analysis-9.7.1.jar:/home/runner/.m2/repository/org/ow2/asm/asm-tree/9.7.1/asm-tree-9.7.1.jar:/home/runner/.m2/repository/org/ow2/asm/asm-util/9.7.1/asm-util-9.7.1.jar:/home/runner/.m2/repository/com/github/jnr/jnr-a64asm/1.0.0/jnr-a64asm-1.0.0.jar:/home/runner/.m2/repository/com/github/jnr/jnr-x86asm/1.0.2/jnr-x86asm-1.0.2.jar:/home/runner/.m2/repository/com/google/code/gson/gson/2.10.1/gson-2.10.1.jar:/home/runner/work/ozone/ozone/hadoop-hdds/rocksdb-checkpoint-differ/target/rocksdb-checkpoint-differ-2.0.0-SNAPSHOT.jar:/home/runner/.m2/repository/org/jgrapht/jgrapht-core/1.4.0/jgrapht-core-1.4.0.jar:/home/runner/.m2/repository/org/jheaps/jheaps/0.11/jheaps-0.11.jar:/home/runner/.m2/repository/org/jgrapht/jgrapht-ext/1.4.0/jgrapht-ext-1.4.0.jar:/home/runner/.m2/repository/com/github/vlsi/mxgraph/jgraphx/3.9.12/jgraphx-3.9.12.jar:/home/runner/.m2/repository/jakarta/ws/rs/jakarta.ws.rs-api/2.1.6/jakarta.ws.rs-api-2.1.6.jar:/home/runner/work/ozone/ozone/hadoop-ozone/ozone-manager/target/ozone-manager-2.0.0-SNAPSHOT.jar:/home/runner/.m2/repository/org/aspectj/aspectjrt/1.9.7/aspectjrt-1.9.7.jar:/home/runner/.m2/repository/org/aspectj/aspectjweaver/1.9.7/aspectjweaver-1.9.7.jar:/home/runner/work/ozone/ozone/hadoop-ozone/interface-storage/target/ozone-interface-storage-2.0.0-SNAPSHOT.jar:/home/runner/.m2/repository/org/apache/kerby/kerby-util/1.0.1/kerby-util-1.0.1.jar:/home/runner/.m2/repository/io/netty/netty-transport/4.1.109.Final/netty-transport-4.1.109.Final.jar:/home/runner/.m2/repository/org/reflections/reflections/0.10.2/reflections-0.10.2.jar:/home/runner/.m2/repository/com/sun/jersey/jersey-client/1.19.4/jersey-client-1.19.4.jar:/home/runner/.m2/repository/jakarta/xml/bind/jakarta.xml.bind-api/2.3.3/jakarta.xml.bind-api-2.3.3.jar:/home/runner/.m2/repository/org/codehaus/jackson/jackson-core-asl/1.9.13/jackson-core-asl-1.9.13.jar:/home/runner/.m2/repository/org/codehaus/jackson/jackson-mapper-asl/1.9.13/jackson-mapper-asl-1.9.13.jar:/home/runner/.m2/repository/org/codehaus/jackson/jackson-jaxrs/1.9.13/jackson-jaxrs-1.9.13.jar:/home/runner/.m2/repository/org/apache/ranger/ranger-plugins-common/2.3.0/ranger-plugins-common-2.3.0.jar:/home/runner/.m2/repository/commons-lang/commons-lang/2.6/commons-lang-2.6.jar:/home/runner/.m2/repository/org/apache/ranger/ranger-plugins-cred/2.3.0/ranger-plugins-cred-2.3.0.jar:/home/runner/.m2/repository/org/apache/ranger/ranger-plugins-audit/2.3.0/ranger-plugins-audit-2.3.0.jar:/home/runner/.m2/repository/org/eclipse/jetty/jetty-client/9.4.56.v20240826/jetty-client-9.4.56.v20240826.jar:/home/runner/.m2/repository/org/apache/httpcomponents/httpmime/4.5.6/httpmime-4.5.6.jar:/home/runner/.m2/repository/org/apache/httpcomponents/httpcore-nio/4.4.16/httpcore-nio-4.4.16.jar:/home/runner/.m2/repository/org/apache/httpcomponents/httpasyncclient/4.1.3/httpasyncclient-4.1.3.jar:/home/runner/.m2/repository/com/carrotsearch/hppc/0.8.0/hppc-0.8.0.jar:/home/runner/.m2/repository/org/apache/orc/orc-core/1.5.8/orc-core-1.5.8.jar:/home/runner/.m2/repository/net/java/dev/jna/jna/5.2.0/jna-5.2.0.jar:/home/runner/.m2/repository/net/java/dev/jna/jna-platform/5.2.0/jna-platform-5.2.0.jar:/home/runner/.m2/repository/com/kstruct/gethostname4j/0.0.2/gethostname4j-0.0.2.jar:/home/runner/.m2/repository/org/apache/ranger/ranger-plugin-classloader/2.3.0/ranger-plugin-classloader-2.3.0.jar:/home/runner/.m2/repository/org/apache/ranger/ranger-intg/2.3.0/ranger-intg-2.3.0.jar:/home/runner/work/ozone/ozone/hadoop-hdds/rocks-native/target/hdds-rocks-native-2.0.0-SNAPSHOT.jar:/home/runner/.m2/repository/org/apache/hadoop/hadoop-minikdc/3.4.1/hadoop-minikdc-3.4.1.jar:/home/runner/.m2/repository/org/apache/kerby/kerb-simplekdc/2.0.3/kerb-simplekdc-2.0.3.jar:/home/runner/.m2/repository/org/apache/kerby/kerb-client/2.0.3/kerb-client-2.0.3.jar:/home/runner/.m2/repository/org/apache/kerby/kerb-common/2.0.3/kerb-common-2.0.3.jar:/home/runner/.m2/repository/org/apache/kerby/token-provider/2.0.3/token-provider-2.0.3.jar:/home/runner/.m2/repository/org/apache/kerby/kerb-admin/2.0.3/kerb-admin-2.0.3.jar:/home/runner/.m2/repository/org/apache/kerby/kerb-server/2.0.3/kerb-server-2.0.3.jar:/home/runner/.m2/repository/org/apache/kerby/kerb-identity/2.0.3/kerb-identity-2.0.3.jar:/home/runner/.m2/repository/org/apache/kerby/kerby-xdr/2.0.3/kerby-xdr-2.0.3.jar:/home/runner/.m2/repository/org/jline/jline/3.22.0/jline-3.22.0.jar:/home/runner/.m2/repository/junit/junit/4.13.2/junit-4.13.2.jar:/home/runner/.m2/repository/org/hamcrest/hamcrest-core/1.3/hamcrest-core-1.3.jar:/home/runner/work/ozone/ozone/hadoop-ozone/s3gateway/target/ozone-s3gateway-2.0.0-SNAPSHOT.jar:/home/runner/.m2/repository/org/javassist/javassist/3.30.2-GA/javassist-3.30.2-GA.jar:/home/runner/.m2/repository/org/jboss/weld/servlet/weld-servlet-shaded/3.1.9.Final/weld-servlet-shaded-3.1.9.Final.jar:/home/runner/.m2/repository/org/glassfish/jersey/core/jersey-common/2.45/jersey-common-2.45.jar:/home/runner/.m2/repository/org/glassfish/hk2/osgi-resource-locator/1.0.3/osgi-resource-locator-1.0.3.jar:/home/runner/.m2/repository/org/glassfish/jersey/ext/cdi/jersey-cdi1x/2.45/jersey-cdi1x-2.45.jar:/home/runner/.m2/repository/org/glassfish/jersey/inject/jersey-hk2/2.45/jersey-hk2-2.45.jar:/home/runner/.m2/repository/org/glassfish/hk2/hk2-locator/2.6.1/hk2-locator-2.6.1.jar:/home/runner/.m2/repository/org/glassfish/jersey/media/jersey-media-jaxb/2.45/jersey-media-jaxb-2.45.jar:/home/runner/.m2/repository/org/glassfish/hk2/hk2-api/2.6.1/hk2-api-2.6.1.jar:/home/runner/.m2/repository/org/glassfish/hk2/hk2-utils/2.6.1/hk2-utils-2.6.1.jar:/home/runner/.m2/repository/org/glassfish/hk2/external/aopalliance-repackaged/2.6.1/aopalliance-repackaged-2.6.1.jar:/home/runner/.m2/repository/com/fasterxml/jackson/dataformat/jackson-dataformat-xml/2.16.2/jackson-dataformat-xml-2.16.2.jar:/home/runner/.m2/repository/org/codehaus/woodstox/stax2-api/4.2.2/stax2-api-4.2.2.jar:/home/runner/.m2/repository/com/fasterxml/woodstox/woodstox-core/5.4.0/woodstox-core-5.4.0.jar:/home/runner/.m2/repository/com/fasterxml/jackson/module/jackson-module-jaxb-annotations/2.16.2/jackson-module-jaxb-annotations-2.16.2.jar:/home/runner/.m2/repository/javax/annotation/javax.annotation-api/1.3.2/javax.annotation-api-1.3.2.jar:/home/runner/.m2/repository/javax/enterprise/cdi-api/2.0/cdi-api-2.0.jar:/home/runner/.m2/repository/javax/el/javax.el-api/3.0.0/javax.el-api-3.0.0.jar:/home/runner/.m2/repository/javax/interceptor/javax.interceptor-api/1.2/javax.interceptor-api-1.2.jar:/home/runner/.m2/repository/org/glassfish/jaxb/jaxb-runtime/2.3.9/jaxb-runtime-2.3.9.jar:/home/runner/.m2/repository/org/glassfish/jaxb/txw2/2.3.9/txw2-2.3.9.jar:/home/runner/.m2/repository/com/sun/istack/istack-commons-runtime/3.0.12/istack-commons-runtime-3.0.12.jar:/home/runner/.m2/repository/com/sun/activation/jakarta.activation/1.2.2/jakarta.activation-1.2.2.jar:/home/runner/.m2/repository/jakarta/activation/jakarta.activation-api/1.2.2/jakarta.activation-api-1.2.2.jar:/home/runner/.m2/repository/io/grpc/grpc-protobuf/1.58.0/grpc-protobuf-1.58.0.jar:/home/runner/.m2/repository/com/google/api/grpc/proto-google-common-protos/2.22.0/proto-google-common-protos-2.22.0.jar:/home/runner/.m2/repository/io/grpc/grpc-protobuf-lite/1.58.0/grpc-protobuf-lite-1.58.0.jar:/home/runner/.m2/repository/io/opentracing/opentracing-noop/0.33.0/opentracing-noop-0.33.0.jar:/home/runner/.m2/repository/io/opentracing/opentracing-util/0.33.0/opentracing-util-0.33.0.jar:/home/runner/work/ozone/ozone/hadoop-ozone/csi/target/ozone-csi-2.0.0-SNAPSHOT.jar:/home/runner/.m2/repository/com/google/protobuf/protobuf-java-util/3.19.6/protobuf-java-util-3.19.6.jar:/home/runner/.m2/repository/io/netty/netty-transport-classes-epoll/4.1.109.Final/netty-transport-classes-epoll-4.1.109.Final.jar:/home/runner/.m2/repository/io/netty/netty-transport-native-epoll/4.1.109.Final/netty-transport-native-epoll-4.1.109.Final-linux-x86_64.jar:/home/runner/.m2/repository/io/netty/netty-transport-native-unix-common/4.1.109.Final/netty-transport-native-unix-common-4.1.109.Final.jar:/home/runner/work/ozone/ozone/hadoop-ozone/recon/target/ozone-recon-2.0.0-SNAPSHOT.jar:/home/runner/work/ozone/ozone/hadoop-ozone/recon-codegen/target/ozone-reconcodegen-2.0.0-SNAPSHOT.jar:/home/runner/.m2/repository/aopalliance/aopalliance/1.0/aopalliance-1.0.jar:/home/runner/.m2/repository/com/google/inject/guice/6.0.0/guice-6.0.0.jar:/home/runner/.m2/repository/jakarta/inject/jakarta.inject-api/2.0.1/jakarta.inject-api-2.0.1.jar:/home/runner/.m2/repository/com/google/inject/extensions/guice-assistedinject/6.0.0/guice-assistedinject-6.0.0.jar:/home/runner/.m2/repository/com/google/inject/extensions/guice-servlet/6.0.0/guice-servlet-6.0.0.jar:/home/runner/.m2/repository/org/glassfish/jersey/containers/jersey-container-servlet/2.45/jersey-container-servlet-2.45.jar:/home/runner/.m2/repository/org/glassfish/hk2/guice-bridge/2.6.1/guice-bridge-2.6.1.jar:/home/runner/.m2/repository/org/glassfish/hk2/external/jakarta.inject/2.6.1/jakarta.inject-2.6.1.jar:/home/runner/.m2/repository/org/glassfish/jersey/media/jersey-media-json-jackson/2.45/jersey-media-json-jackson-2.45.jar:/home/runner/.m2/repository/org/glassfish/jersey/ext/jersey-entity-filtering/2.45/jersey-entity-filtering-2.45.jar:/home/runner/.m2/repository/org/jooq/jooq/3.11.10/jooq-3.11.10.jar:/home/runner/.m2/repository/org/jooq/jooq-meta/3.11.10/jooq-meta-3.11.10.jar:/home/runner/.m2/repository/org/jooq/jooq-codegen/3.11.10/jooq-codegen-3.11.10.jar:/home/runner/.m2/repository/com/jolbox/bonecp/0.8.0.RELEASE/bonecp-0.8.0.RELEASE.jar:/home/runner/.m2/repository/org/apache/derby/derby/10.14.2.0/derby-10.14.2.0.jar:/home/runner/.m2/repository/org/xerial/sqlite-jdbc/3.47.1.0/sqlite-jdbc-3.47.1.0.jar:/home/runner/.m2/repository/org/springframework/spring-core/5.3.39/spring-core-5.3.39.jar:/home/runner/.m2/repository/org/springframework/spring-jdbc/5.3.39/spring-jdbc-5.3.39.jar:/home/runner/.m2/repository/org/springframework/spring-beans/5.3.39/spring-beans-5.3.39.jar:/home/runner/.m2/repository/org/springframework/spring-tx/5.3.39/spring-tx-5.3.39.jar:/home/runner/.m2/repository/jakarta/validation/jakarta.validation-api/2.0.2/jakarta.validation-api-2.0.2.jar:/home/runner/.m2/repository/javax/inject/javax.inject/1/javax.inject-1.jar:/home/runner/work/ozone/ozone/hadoop-ozone/client/target/ozone-client-2.0.0-SNAPSHOT.jar:/home/runner/work/ozone/ozone/hadoop-hdds/erasurecode/target/hdds-erasurecode-2.0.0-SNAPSHOT.jar:/home/runner/work/ozone/ozone/hadoop-ozone/ozonefs/target/ozone-filesystem-2.0.0-SNAPSHOT.jar:/home/runner/work/ozone/ozone/hadoop-ozone/ozonefs-common/target/ozone-filesystem-common-2.0.0-SNAPSHOT.jar:/home/runner/work/ozone/ozone/hadoop-ozone/tools/target/ozone-tools-2.0.0-SNAPSHOT.jar:/home/runner/.m2/repository/org/apache/ratis/ratis-tools/3.1.2/ratis-tools-3.1.2.jar:/home/runner/.m2/repository/org/apache/ratis/ratis-shell/3.1.2/ratis-shell-3.1.2.jar:/home/runner/.m2/repository/com/amazonaws/aws-java-sdk-core/1.12.661/aws-java-sdk-core-1.12.661.jar:/home/runner/.m2/repository/com/fasterxml/jackson/dataformat/jackson-dataformat-cbor/2.16.2/jackson-dataformat-cbor-2.16.2.jar:/home/runner/.m2/repository/joda-time/joda-time/2.12.7/joda-time-2.12.7.jar:/home/runner/.m2/repository/com/amazonaws/aws-java-sdk-s3/1.12.661/aws-java-sdk-s3-1.12.661.jar:/home/runner/.m2/repository/com/amazonaws/aws-java-sdk-kms/1.12.661/aws-java-sdk-kms-1.12.661.jar:/home/runner/.m2/repository/com/amazonaws/jmespath-java/1.12.661/jmespath-java-1.12.661.jar:/home/runner/.m2/repository/org/kohsuke/metainf-services/metainf-services/1.11/metainf-services-1.11.jar:/home/runner/work/ozone/ozone/hadoop-hdds/tools/target/hdds-tools-2.0.0-SNAPSHOT.jar:/home/runner/.m2/repository/commons-cli/commons-cli/1.8.0/commons-cli-1.8.0.jar:/home/runner/.m2/repository/org/apache/commons/commons-lang3/3.17.0/commons-lang3-3.17.0.jar:/home/runner/work/ozone/ozone/hadoop-ozone/ozone-manager/target/ozone-manager-2.0.0-SNAPSHOT-tests.jar:/home/runner/work/ozone/ozone/hadoop-hdds/common/target/hdds-common-2.0.0-SNAPSHOT-tests.jar:/home/runner/work/ozone/ozone/hadoop-hdds/hadoop-dependency-client/target/hdds-hadoop-dependency-client-2.0.0-SNAPSHOT.jar:/home/runner/work/ozone/ozone/hadoop-hdds/annotations/target/hdds-annotation-processing-2.0.0-SNAPSHOT.jar:/home/runner/.m2/repository/org/bouncycastle/bcutil-jdk18on/1.79/bcutil-jdk18on-1.79.jar:/home/runner/.m2/repository/io/jaegertracing/jaeger-client/1.8.1/jaeger-client-1.8.1.jar:/home/runner/.m2/repository/io/jaegertracing/jaeger-thrift/1.8.1/jaeger-thrift-1.8.1.jar:/home/runner/.m2/repository/org/apache/thrift/libthrift/0.15.0/libthrift-0.15.0.jar:/home/runner/.m2/repository/com/squareup/okhttp3/okhttp/4.12.0/okhttp-4.12.0.jar:/home/runner/.m2/repository/com/squareup/okio/okio/3.6.0/okio-3.6.0.jar:/home/runner/.m2/repository/com/squareup/okio/okio-jvm/3.6.0/okio-jvm-3.6.0.jar:/home/runner/.m2/repository/org/jetbrains/kotlin/kotlin-stdlib-common/1.9.25/kotlin-stdlib-common-1.9.25.jar:/home/runner/.m2/repository/org/jetbrains/kotlin/kotlin-stdlib-jdk8/1.9.25/kotlin-stdlib-jdk8-1.9.25.jar:/home/runner/.m2/repository/org/jetbrains/kotlin/kotlin-stdlib-jdk7/1.9.25/kotlin-stdlib-jdk7-1.9.25.jar:/home/runner/.m2/repository/io/jaegertracing/jaeger-tracerresolver/1.8.1/jaeger-tracerresolver-1.8.1.jar:/home/runner/.m2/repository/io/opentracing/contrib/opentracing-tracerresolver/0.1.8/opentracing-tracerresolver-0.1.8.jar:/home/runner/.m2/repository/io/jaegertracing/jaeger-core/1.8.1/jaeger-core-1.8.1.jar:/home/runner/.m2/repository/org/jetbrains/kotlin/kotlin-stdlib/1.9.25/kotlin-stdlib-1.9.25.jar:/home/runner/.m2/repository/org/jetbrains/annotations/13.0/annotations-13.0.jar:/home/runner/.m2/repository/org/yaml/snakeyaml/2.0/snakeyaml-2.0.jar:/home/runner/.m2/repository/org/junit/platform/junit-platform-launcher/1.11.3/junit-platform-launcher-1.11.3.jar:/home/runner/.m2/repository/org/junit/platform/junit-platform-engine/1.11.3/junit-platform-engine-1.11.3.jar:/home/runner/.m2/repository/org/apiguardian/apiguardian-api/1.1.2/apiguardian-api-1.1.2.jar:/home/runner/.m2/repository/org/apache/hadoop/hadoop-kms/3.4.1/hadoop-kms-3.4.1.jar:/home/runner/.m2/repository/org/apache/hadoop/hadoop-auth/3.4.1/hadoop-auth-3.4.1.jar:/home/runner/.m2/repository/org/apache/zookeeper/zookeeper/3.8.4/zookeeper-3.8.4.jar:/home/runner/.m2/repository/org/apache/zookeeper/zookeeper-jute/3.8.4/zookeeper-jute-3.8.4.jar:/home/runner/.m2/repository/org/apache/yetus/audience-annotations/0.12.0/audience-annotations-0.12.0.jar:/home/runner/.m2/repository/org/apache/curator/curator-framework/4.2.0/curator-framework-4.2.0.jar:/home/runner/.m2/repository/org/apache/hadoop/thirdparty/hadoop-shaded-guava/1.3.0/hadoop-shaded-guava-1.3.0.jar:/home/runner/.m2/repository/com/sun/jersey/jersey-core/1.19.4/jersey-core-1.19.4.jar:/home/runner/.m2/repository/javax/ws/rs/jsr311-api/1.1.1/jsr311-api-1.1.1.jar:/home/runner/.m2/repository/com/sun/jersey/jersey-server/1.19.4/jersey-server-1.19.4.jar:/home/runner/.m2/repository/org/apache/hadoop/hadoop-common/3.4.1/hadoop-common-3.4.1.jar:/home/runner/.m2/repository/org/apache/commons/commons-math3/3.6.1/commons-math3-3.6.1.jar:/home/runner/.m2/repository/commons-net/commons-net/3.11.1/commons-net-3.11.1.jar:/home/runner/.m2/repository/com/github/pjfanning/jersey-json/1.22.0/jersey-json-1.22.0.jar:/home/runner/.m2/repository/com/sun/xml/bind/jaxb-impl/2.2.3-1/jaxb-impl-2.2.3-1.jar:/home/runner/.m2/repository/org/codehaus/jettison/jettison/1.5.4/jettison-1.5.4.jar:/home/runner/.m2/repository/com/google/re2j/re2j/1.7/re2j-1.7.jar:/home/runner/.m2/repository/com/jcraft/jsch/0.1.55/jsch-0.1.55.jar:/home/runner/.m2/repository/org/apache/curator/curator-client/4.2.0/curator-client-4.2.0.jar:/home/runner/.m2/repository/org/apache/curator/curator-recipes/5.2.0/curator-recipes-5.2.0.jar:/home/runner/.m2/repository/com/google/code/findbugs/jsr305/3.0.2/jsr305-3.0.2.jar:/home/runner/.m2/repository/io/netty/netty-transport-native-epoll/4.1.109.Final/netty-transport-native-epoll-4.1.109.Final.jar:/home/runner/.m2/repository/dnsjava/dnsjava/3.6.1/dnsjava-3.6.1.jar:/home/runner/.m2/repository/org/apache/hadoop/hadoop-kms/3.4.1/hadoop-kms-3.4.1-tests.jar:/home/runner/work/ozone/ozone/hadoop-hdds/server-scm/target/hdds-server-scm-2.0.0-SNAPSHOT-tests.jar:/home/runner/work/ozone/ozone/hadoop-hdds/container-service/target/hdds-container-service-2.0.0-SNAPSHOT-tests.jar:/home/runner/.m2/repository/com/github/luben/zstd-jni/1.5.6-7/zstd-jni-1.5.6-7.jar:/home/runner/.m2/repository/io/netty/netty-buffer/4.1.109.Final/netty-buffer-4.1.109.Final.jar:/home/runner/.m2/repository/io/netty/netty-codec/4.1.109.Final/netty-codec-4.1.109.Final.jar:/home/runner/work/ozone/ozone/hadoop-hdds/hadoop-dependency-test/target/hdds-hadoop-dependency-test-2.0.0-SNAPSHOT.jar:/home/runner/.m2/repository/org/apache/hadoop/hadoop-common/3.4.1/hadoop-common-3.4.1-tests.jar:/home/runner/.m2/repository/org/apache/hadoop/hadoop-hdfs/3.4.1/hadoop-hdfs-3.4.1-tests.jar:/home/runner/.m2/repository/org/junit/jupiter/junit-jupiter-engine/5.11.3/junit-jupiter-engine-5.11.3.jar:/home/runner/.m2/repository/org/junit/jupiter/junit-jupiter-params/5.11.3/junit-jupiter-params-5.11.3.jar:/home/runner/.m2/repository/org/mockito/mockito-core/4.11.0/mockito-core-4.11.0.jar:/home/runner/.m2/repository/net/bytebuddy/byte-buddy-agent/1.12.19/byte-buddy-agent-1.12.19.jar:/home/runner/.m2/repository/org/objenesis/objenesis/3.3/objenesis-3.3.jar:/home/runner/.m2/repository/org/mockito/mockito-inline/4.11.0/mockito-inline-4.11.0.jar:/home/runner/.m2/repository/org/mockito/mockito-junit-jupiter/4.11.0/mockito-junit-jupiter-4.11.0.jar:/home/runner/.m2/repository/org/apache/hadoop/hadoop-distcp/3.4.1/hadoop-distcp-3.4.1.jar:/home/runner/.m2/repository/org/apache/hadoop/hadoop-mapreduce-client-jobclient/3.4.1/hadoop-mapreduce-client-jobclient-3.4.1.jar:/home/runner/.m2/repository/org/apache/hadoop/hadoop-mapreduce-client-common/3.4.1/hadoop-mapreduce-client-common-3.4.1.jar:/home/runner/.m2/repository/org/apache/hadoop/hadoop-yarn-common/3.4.1/hadoop-yarn-common-3.4.1.jar:/home/runner/.m2/repository/org/apache/hadoop/hadoop-yarn-api/3.4.1/hadoop-yarn-api-3.4.1.jar:/home/runner/.m2/repository/javax/xml/bind/jaxb-api/2.2.11/jaxb-api-2.2.11.jar:/home/runner/.m2/repository/com/sun/jersey/contribs/jersey-guice/1.19.4/jersey-guice-1.19.4.jar:/home/runner/.m2/repository/com/fasterxml/jackson/jaxrs/jackson-jaxrs-json-provider/2.16.2/jackson-jaxrs-json-provider-2.16.2.jar:/home/runner/.m2/repository/com/fasterxml/jackson/jaxrs/jackson-jaxrs-base/2.16.2/jackson-jaxrs-base-2.16.2.jar:/home/runner/.m2/repository/org/apache/hadoop/hadoop-yarn-client/3.4.1/hadoop-yarn-client-3.4.1.jar:/home/runner/.m2/repository/org/eclipse/jetty/websocket/websocket-client/9.4.53.v20231009/websocket-client-9.4.53.v20231009.jar:/home/runner/.m2/repository/org/eclipse/jetty/websocket/websocket-common/9.4.53.v20231009/websocket-common-9.4.53.v20231009.jar:/home/runner/.m2/repository/org/eclipse/jetty/websocket/websocket-api/9.4.53.v20231009/websocket-api-9.4.53.v20231009.jar:/home/runner/.m2/repository/org/apache/hadoop/hadoop-mapreduce-client-core/3.4.1/hadoop-mapreduce-client-core-3.4.1.jar:/home/runner/.m2/repository/org/apache/avro/avro/1.9.2/avro-1.9.2.jar:/home/runner/.m2/repository/org/apache/hadoop/hadoop-annotations/3.4.1/hadoop-annotations-3.4.1.jar:/home/runner/.m2/repository/io/netty/netty-all/4.1.109.Final/netty-all-4.1.109.Final.jar:/home/runner/.m2/repository/io/netty/netty-codec-dns/4.1.109.Final/netty-codec-dns-4.1.109.Final.jar:/home/runner/.m2/repository/io/netty/netty-codec-haproxy/4.1.109.Final/netty-codec-haproxy-4.1.109.Final.jar:/home/runner/.m2/repository/io/netty/netty-codec-memcache/4.1.109.Final/netty-codec-memcache-4.1.109.Final.jar:/home/runner/.m2/repository/io/netty/netty-codec-mqtt/4.1.109.Final/netty-codec-mqtt-4.1.109.Final.jar:/home/runner/.m2/repository/io/netty/netty-codec-redis/4.1.109.Final/netty-codec-redis-4.1.109.Final.jar:/home/runner/.m2/repository/io/netty/netty-codec-smtp/4.1.109.Final/netty-codec-smtp-4.1.109.Final.jar:/home/runner/.m2/repository/io/netty/netty-codec-stomp/4.1.109.Final/netty-codec-stomp-4.1.109.Final.jar:/home/runner/.m2/repository/io/netty/netty-codec-xml/4.1.109.Final/netty-codec-xml-4.1.109.Final.jar:/home/runner/.m2/repository/io/netty/netty-handler-ssl-ocsp/4.1.109.Final/netty-handler-ssl-ocsp-4.1.109.Final.jar:/home/runner/.m2/repository/io/netty/netty-resolver-dns/4.1.109.Final/netty-resolver-dns-4.1.109.Final.jar:/home/runner/.m2/repository/io/netty/netty-transport-rxtx/4.1.109.Final/netty-transport-rxtx-4.1.109.Final.jar:/home/runner/.m2/repository/io/netty/netty-transport-sctp/4.1.109.Final/netty-transport-sctp-4.1.109.Final.jar:/home/runner/.m2/repository/io/netty/netty-transport-udt/4.1.109.Final/netty-transport-udt-4.1.109.Final.jar:/home/runner/.m2/repository/io/netty/netty-transport-classes-kqueue/4.1.109.Final/netty-transport-classes-kqueue-4.1.109.Final.jar:/home/runner/.m2/repository/io/netty/netty-resolver-dns-classes-macos/4.1.109.Final/netty-resolver-dns-classes-macos-4.1.109.Final.jar:/home/runner/.m2/repository/io/netty/netty-transport-native-epoll/4.1.109.Final/netty-transport-native-epoll-4.1.109.Final-linux-aarch_64.jar:/home/runner/.m2/repository/io/netty/netty-transport-native-epoll/4.1.109.Final/netty-transport-native-epoll-4.1.109.Final-linux-riscv64.jar:/home/runner/.m2/repository/io/netty/netty-transport-native-kqueue/4.1.109.Final/netty-transport-native-kqueue-4.1.109.Final-osx-x86_64.jar:/home/runner/.m2/repository/io/netty/netty-transport-native-kqueue/4.1.109.Final/netty-transport-native-kqueue-4.1.109.Final-osx-aarch_64.jar:/home/runner/.m2/repository/io/netty/netty-resolver-dns-native-macos/4.1.109.Final/netty-resolver-dns-native-macos-4.1.109.Final-osx-x86_64.jar:/home/runner/.m2/repository/io/netty/netty-resolver-dns-native-macos/4.1.109.Final/netty-resolver-dns-native-macos-4.1.109.Final-osx-aarch_64.jar:/home/runner/.m2/repository/org/apache/hadoop/hadoop-distcp/3.4.1/hadoop-distcp-3.4.1-tests.jar:/home/runner/.m2/repository/org/apache/ratis/ratis-server/3.1.2/ratis-server-3.1.2.jar:/home/runner/.m2/repository/org/hamcrest/hamcrest/2.2/hamcrest-2.2.jar:/home/runner/.m2/repository/org/slf4j/jul-to-slf4j/2.0.16/jul-to-slf4j-2.0.16.jar:/home/runner/.m2/repository/org/assertj/assertj-core/3.26.3/assertj-core-3.26.3.jar:/home/runner/.m2/repository/net/bytebuddy/byte-buddy/1.14.18/byte-buddy-1.14.18.jar:/home/runner/work/ozone/ozone/hadoop-ozone/integration-test/target/gradle-enterprise/test-listeners.jar:"/>
    <property name="sun.cpu.endian" value="little"/>
    <property name="user.home" value="/home/runner"/>
    <property name="user.language" value="en"/>
    <property name="java.specification.vendor" value="Oracle Corporation"/>
    <property name="skipRecon" value="true"/>
    <property name="java.version.date" value="2024-10-15"/>
    <property name="java.home" value="/usr/lib/jvm/temurin-17-jdk-amd64"/>
    <property name="java.security.krb5.conf" value="/home/runner/work/ozone/ozone/hadoop-ozone/integration-test/target/test-classes/krb5.conf"/>
    <property name="file.separator" value="/"/>
    <property name="basedir" value="/home/runner/work/ozone/ozone/hadoop-ozone/integration-test"/>
    <property name="java.vm.compressedOopsMode" value="Zero based"/>
    <property name="line.separator" value="&#10;"/>
    <property name="java.vm.specification.vendor" value="Oracle Corporation"/>
    <property name="java.specification.name" value="Java Platform API Specification"/>
    <property name="surefire.real.class.path" value="/home/runner/work/ozone/ozone/hadoop-ozone/integration-test/target/surefire/surefirebooter16241791819068760897.jar"/>
    <property name="hadoop.log.dir" value="/home/runner/work/ozone/ozone/hadoop-ozone/integration-test/target/log"/>
    <property name="sun.management.compiler" value="HotSpot 64-Bit Tiered Compilers"/>
    <property name="skipShade" value="true"/>
    <property name="java.runtime.version" value="17.0.13+11"/>
    <property name="user.name" value="runner"/>
    <property name="java.net.preferIPv4Stack" value="true"/>
    <property name="path.separator" value=":"/>
    <property name="java.security.egd" value="file:///dev/urandom"/>
    <property name="os.version" value="5.15.0-1074-azure"/>
    <property name="java.runtime.name" value="OpenJDK Runtime Environment"/>
    <property name="com.gradle.maven.scan.extension.test.listener.junitplatform.NestedExecutionSafeDelegatingTestExecutionListener" value="7c711375"/>
    <property name="file.encoding" value="UTF-8"/>
    <property name="java.vm.name" value="OpenJDK 64-Bit Server VM"/>
    <property name="java.vendor.version" value="Temurin-17.0.13+11"/>
    <property name="test.build.webapps" value=""/>
    <property name="develocity.listener.surefire.forkId" value="1"/>
    <property name="localRepository" value="/home/runner/.m2/repository"/>
    <property name="java.vendor.url.bug" value="https://github.com/adoptium/adoptium-support/issues"/>
    <property name="jetty.git.hash" value="ec6782ff5ead824dabdcf47fa98f90a4aedff401"/>
    <property name="java.io.tmpdir" value="/tmp"/>
    <property name="require.test.libhadoop" value=""/>
    <property name="java.version" value="17.0.13"/>
    <property name="user.dir" value="/home/runner/work/ozone/ozone/hadoop-ozone/integration-test"/>
    <property name="os.arch" value="amd64"/>
    <property name="java.vm.specification.name" value="Java Virtual Machine Specification"/>
    <property name="test.build.classes" value="/home/runner/work/ozone/ozone/hadoop-ozone/integration-test/target/test-classes"/>
    <property name="org.apache.ratis.thirdparty.io.netty.allocator.useCacheForAllThreads" value="false"/>
    <property name="native.encoding" value="UTF-8"/>
    <property name="hadoop.tmp.dir" value="/home/runner/work/ozone/ozone/hadoop-ozone/integration-test/target/tmp"/>
    <property name="java.library.path" value="/usr/java/packages/lib:/usr/lib64:/lib64:/lib:/usr/lib"/>
    <property name="java.vm.info" value="mixed mode, sharing"/>
    <property name="java.vendor" value="Eclipse Adoptium"/>
    <property name="java.vm.version" value="17.0.13+11"/>
    <property name="java.specification.maintenance.version" value="1"/>
    <property name="sun.io.unicode.encoding" value="UnicodeLittle"/>
    <property name="develocity.listener.port" value="34465"/>
    <property name="java.class.version" value="61.0"/>
  </properties>
  <testcase name="test2DatanodesFailure(boolean, boolean)[1]" classname="org.apache.hadoop.ozone.client.rpc.TestBlockOutputStreamWithFailures" time="45.934"/>
  <testcase name="test2DatanodesFailure(boolean, boolean)[2]" classname="org.apache.hadoop.ozone.client.rpc.TestBlockOutputStreamWithFailures" time="33.432"/>
  <testcase name="test2DatanodesFailure(boolean, boolean)[3]" classname="org.apache.hadoop.ozone.client.rpc.TestBlockOutputStreamWithFailures" time="61.937"/>
  <testcase name="test2DatanodesFailure(boolean, boolean)[4]" classname="org.apache.hadoop.ozone.client.rpc.TestBlockOutputStreamWithFailures" time="32.229">
    <error type="java.io.IOException"><![CDATA[java.io.IOException: java.io.IOException: INTERNAL_ERROR org.apache.hadoop.ozone.om.exceptions.OMException: Unable to allocate a container to the block of size: 800, replicationConfig: RATIS/THREE. The input pipeline IDs 9db59abe-b990-4d0b-86b1-2d96a7ef0172 cannot be found
	at org.apache.hadoop.ozone.client.io.KeyOutputStream.handleWrite(KeyOutputStream.java:293)
	at org.apache.hadoop.ozone.client.io.KeyOutputStream.lambda$write$1(KeyOutputStream.java:249)
	at org.apache.hadoop.ozone.client.io.KeyOutputStream.doInWriteLock(KeyOutputStream.java:260)
	at org.apache.hadoop.ozone.client.io.KeyOutputStream.write(KeyOutputStream.java:248)
	at org.apache.hadoop.ozone.client.io.OzoneOutputStream.write(OzoneOutputStream.java:94)
	at java.base/java.io.OutputStream.write(OutputStream.java:127)
	at org.apache.hadoop.ozone.client.rpc.TestBlockOutputStreamWithFailures.test2DatanodesFailure(TestBlockOutputStreamWithFailures.java:339)
	at java.base/java.lang.reflect.Method.invoke(Method.java:569)
	at java.base/java.util.stream.ForEachOps$ForEachOp$OfRef.accept(ForEachOps.java:183)
	at java.base/java.util.stream.ReferencePipeline$3$1.accept(ReferencePipeline.java:197)
	at java.base/java.util.stream.ReferencePipeline$2$1.accept(ReferencePipeline.java:179)
	at java.base/java.util.stream.ReferencePipeline$3$1.accept(ReferencePipeline.java:197)
	at java.base/java.util.stream.ForEachOps$ForEachOp$OfRef.accept(ForEachOps.java:183)
	at java.base/java.util.stream.ReferencePipeline$3$1.accept(ReferencePipeline.java:197)
	at java.base/java.util.stream.ForEachOps$ForEachOp$OfRef.accept(ForEachOps.java:183)
	at java.base/java.util.stream.ForEachOps$ForEachOp$OfRef.accept(ForEachOps.java:183)
	at java.base/java.util.stream.ReferencePipeline$3$1.accept(ReferencePipeline.java:197)
	at java.base/java.util.Spliterators$ArraySpliterator.forEachRemaining(Spliterators.java:992)
	at java.base/java.util.stream.ReferencePipeline$Head.forEach(ReferencePipeline.java:762)
	at java.base/java.util.stream.ReferencePipeline$7$1.accept(ReferencePipeline.java:276)
	at java.base/java.util.stream.ReferencePipeline$3$1.accept(ReferencePipeline.java:197)
	at java.base/java.util.stream.ReferencePipeline$3$1.accept(ReferencePipeline.java:197)
	at java.base/java.util.stream.ReferencePipeline$3$1.accept(ReferencePipeline.java:197)
	at java.base/java.util.Spliterators$ArraySpliterator.forEachRemaining(Spliterators.java:992)
	at java.base/java.util.stream.AbstractPipeline.copyInto(AbstractPipeline.java:509)
	at java.base/java.util.stream.AbstractPipeline.wrapAndCopyInto(AbstractPipeline.java:499)
	at java.base/java.util.stream.ForEachOps$ForEachOp.evaluateSequential(ForEachOps.java:150)
	at java.base/java.util.stream.ForEachOps$ForEachOp$OfRef.evaluateSequential(ForEachOps.java:173)
	at java.base/java.util.stream.AbstractPipeline.evaluate(AbstractPipeline.java:234)
	at java.base/java.util.stream.ReferencePipeline.forEach(ReferencePipeline.java:596)
	at java.base/java.util.stream.ReferencePipeline$7$1.accept(ReferencePipeline.java:276)
	at java.base/java.util.ArrayList$ArrayListSpliterator.forEachRemaining(ArrayList.java:1625)
	at java.base/java.util.stream.AbstractPipeline.copyInto(AbstractPipeline.java:509)
	at java.base/java.util.stream.AbstractPipeline.wrapAndCopyInto(AbstractPipeline.java:499)
	at java.base/java.util.stream.ForEachOps$ForEachOp.evaluateSequential(ForEachOps.java:150)
	at java.base/java.util.stream.ForEachOps$ForEachOp$OfRef.evaluateSequential(ForEachOps.java:173)
	at java.base/java.util.stream.AbstractPipeline.evaluate(AbstractPipeline.java:234)
	at java.base/java.util.stream.ReferencePipeline.forEach(ReferencePipeline.java:596)
	at java.base/java.util.stream.ReferencePipeline$7$1.accept(ReferencePipeline.java:276)
	at java.base/java.util.stream.ReferencePipeline$3$1.accept(ReferencePipeline.java:197)
	at java.base/java.util.stream.ReferencePipeline$3$1.accept(ReferencePipeline.java:197)
	at java.base/java.util.stream.ReferencePipeline$3$1.accept(ReferencePipeline.java:197)
	at java.base/java.util.ArrayList$ArrayListSpliterator.forEachRemaining(ArrayList.java:1625)
	at java.base/java.util.stream.AbstractPipeline.copyInto(AbstractPipeline.java:509)
	at java.base/java.util.stream.AbstractPipeline.wrapAndCopyInto(AbstractPipeline.java:499)
	at java.base/java.util.stream.ForEachOps$ForEachOp.evaluateSequential(ForEachOps.java:150)
	at java.base/java.util.stream.ForEachOps$ForEachOp$OfRef.evaluateSequential(ForEachOps.java:173)
	at java.base/java.util.stream.AbstractPipeline.evaluate(AbstractPipeline.java:234)
	at java.base/java.util.stream.ReferencePipeline.forEach(ReferencePipeline.java:596)
	at java.base/java.util.stream.ReferencePipeline$7$1.accept(ReferencePipeline.java:276)
	at java.base/java.util.ArrayList$ArrayListSpliterator.forEachRemaining(ArrayList.java:1625)
	at java.base/java.util.stream.AbstractPipeline.copyInto(AbstractPipeline.java:509)
	at java.base/java.util.stream.AbstractPipeline.wrapAndCopyInto(AbstractPipeline.java:499)
	at java.base/java.util.stream.ForEachOps$ForEachOp.evaluateSequential(ForEachOps.java:150)
	at java.base/java.util.stream.ForEachOps$ForEachOp$OfRef.evaluateSequential(ForEachOps.java:173)
	at java.base/java.util.stream.AbstractPipeline.evaluate(AbstractPipeline.java:234)
	at java.base/java.util.stream.ReferencePipeline.forEach(ReferencePipeline.java:596)
	at java.base/java.util.ArrayList.forEach(ArrayList.java:1511)
	at java.base/java.util.ArrayList.forEach(ArrayList.java:1511)
Caused by: java.io.IOException: INTERNAL_ERROR org.apache.hadoop.ozone.om.exceptions.OMException: Unable to allocate a container to the block of size: 800, replicationConfig: RATIS/THREE. The input pipeline IDs 9db59abe-b990-4d0b-86b1-2d96a7ef0172 cannot be found
	at org.apache.hadoop.ozone.client.io.KeyOutputStream.handleWrite(KeyOutputStream.java:293)
	at org.apache.hadoop.ozone.client.io.KeyOutputStream.handleRetry(KeyOutputStream.java:489)
	at org.apache.hadoop.ozone.client.io.KeyOutputStream.handleExceptionInternal(KeyOutputStream.java:434)
	at org.apache.hadoop.ozone.client.io.KeyOutputStream.lambda$handleException$2(KeyOutputStream.java:339)
	at org.apache.hadoop.ozone.client.io.KeyOutputStream.doInWriteLock(KeyOutputStream.java:260)
	at org.apache.hadoop.ozone.client.io.KeyOutputStream.handleException(KeyOutputStream.java:338)
	at org.apache.hadoop.ozone.client.io.KeyOutputStream.handleFlushOrClose(KeyOutputStream.java:593)
	at org.apache.hadoop.ozone.client.io.KeyOutputStream.handleWrite(KeyOutputStream.java:287)
	... 58 more
Caused by: INTERNAL_ERROR org.apache.hadoop.ozone.om.exceptions.OMException: Unable to allocate a container to the block of size: 800, replicationConfig: RATIS/THREE. The input pipeline IDs 9db59abe-b990-4d0b-86b1-2d96a7ef0172 cannot be found
	at org.apache.hadoop.ozone.om.protocolPB.OzoneManagerProtocolClientSideTranslatorPB.handleError(OzoneManagerProtocolClientSideTranslatorPB.java:763)
	at org.apache.hadoop.ozone.om.protocolPB.OzoneManagerProtocolClientSideTranslatorPB.handleSubmitRequestAndSCMSafeModeRetry(OzoneManagerProtocolClientSideTranslatorPB.java:2332)
	at org.apache.hadoop.ozone.om.protocolPB.OzoneManagerProtocolClientSideTranslatorPB.allocateBlock(OzoneManagerProtocolClientSideTranslatorPB.java:799)
	at org.apache.hadoop.ozone.client.io.BlockOutputStreamEntryPool.allocateNewBlock(BlockOutputStreamEntryPool.java:304)
	at org.apache.hadoop.ozone.client.io.BlockOutputStreamEntryPool.allocateBlockIfNeeded(BlockOutputStreamEntryPool.java:395)
	at org.apache.hadoop.ozone.client.io.KeyOutputStream.handleWrite(KeyOutputStream.java:272)
	... 65 more
]]></error>
    <system-out><![CDATA[2024-11-30 15:00:55,113 [main] WARN  server.ServerUtils (ServerUtils.java:getScmDbDir(143)) - ozone.scm.db.dirs is not configured. We recommend adding this setting. Falling back to ozone.metadata.dirs instead.
2024-11-30 15:00:55,118 [main] WARN  server.ServerUtils (ServerUtils.java:getScmDbDir(143)) - ozone.scm.db.dirs is not configured. We recommend adding this setting. Falling back to ozone.metadata.dirs instead.
2024-11-30 15:00:55,118 [main] INFO  ha.SCMHANodeDetails (SCMHANodeDetails.java:loadSCMHAConfig(207)) - ServiceID for StorageContainerManager is null
2024-11-30 15:00:55,118 [main] INFO  ha.SCMHANodeDetails (SCMHANodeDetails.java:loadSCMHAConfig(212)) - ozone.scm.default.service.id is not defined, falling back to ozone.scm.service.ids to find serviceID for StorageContainerManager if it is HA enabled cluster
2024-11-30 15:00:55,119 [main] WARN  utils.HAUtils (HAUtils.java:getMetaDir(337)) - ozone.scm.db.dirs is not configured. We recommend adding this setting. Falling back to ozone.metadata.dirs instead.
2024-11-30 15:00:55,119 [main] WARN  db.DBStoreBuilder (DBStoreBuilder.java:getDBDirPath(172)) - ozone.scm.db.dirs is not configured. We recommend adding this setting. Falling back to ozone.metadata.dirs instead.
2024-11-30 15:00:55,178 [main] INFO  net.NodeSchemaLoader (NodeSchemaLoader.java:loadSchemaFromFile(129)) - Loading schema from [jar:file:/home/runner/work/ozone/ozone/hadoop-hdds/common/target/hdds-common-2.0.0-SNAPSHOT.jar!/network-topology-default.xml]
2024-11-30 15:00:55,179 [main] INFO  net.NodeSchemaLoader (NodeSchemaLoader.java:loadSchema(176)) - Loading network topology layer schema file
2024-11-30 15:00:55,181 [main] INFO  upgrade.AbstractLayoutVersionManager (AbstractLayoutVersionManager.java:init(83)) - Initializing Layout version manager with metadata layout = HBASE_SUPPORT (version = 8), software layout = HBASE_SUPPORT (version = 8)
2024-11-30 15:00:55,183 [main] INFO  ha.SequenceIdGenerator (SequenceIdGenerator.java:upgradeToSequenceId(369)) - upgrade localId to 113750153625600000
2024-11-30 15:00:55,184 [main] INFO  ha.SequenceIdGenerator (SequenceIdGenerator.java:upgradeToSequenceId(379)) - upgrade delTxnId to 0
2024-11-30 15:00:55,185 [main] INFO  ha.SequenceIdGenerator (SequenceIdGenerator.java:upgradeToSequenceId(396)) - upgrade containerId to 0
2024-11-30 15:00:55,186 [main] INFO  ha.SequenceIdGenerator (SequenceIdGenerator.java:upgradeToCertificateSequenceId(433)) - upgrade CertificateId to 2
2024-11-30 15:00:55,186 [main] INFO  ha.SequenceIdGenerator (SequenceIdGenerator.java:<init>(240)) - Init the HA SequenceIdGenerator.
2024-11-30 15:00:55,187 [main] INFO  node.SCMNodeManager (SCMNodeManager.java:<init>(180)) - Entering startup safe mode.
2024-11-30 15:00:55,187 [main] INFO  algorithms.ContainerPlacementPolicyFactory (ContainerPlacementPolicyFactory.java:getPolicyInternal(86)) - Create container placement policy of type org.apache.hadoop.hdds.scm.container.placement.algorithms.SCMContainerPlacementRackAware
2024-11-30 15:00:55,187 [main] INFO  algorithms.ContainerPlacementPolicyFactory (ContainerPlacementPolicyFactory.java:getPolicyInternal(86)) - Create container placement policy of type org.apache.hadoop.hdds.scm.container.placement.algorithms.SCMContainerPlacementRackScatter
2024-11-30 15:00:55,188 [main] INFO  pipeline.PipelineStateManagerImpl (PipelineStateManagerImpl.java:initialize(78)) - No pipeline exists in current db
2024-11-30 15:00:55,188 [main] INFO  algorithms.LeaderChoosePolicyFactory (LeaderChoosePolicyFactory.java:getPolicy(57)) - Create leader choose policy of type org.apache.hadoop.hdds.scm.pipeline.leader.choose.algorithms.MinLeaderCountChoosePolicy
2024-11-30 15:00:55,188 [main] INFO  algorithms.ContainerPlacementPolicyFactory (ContainerPlacementPolicyFactory.java:getPolicyInternal(86)) - Create container placement policy of type org.apache.hadoop.hdds.scm.container.placement.algorithms.SCMContainerPlacementRackScatter
2024-11-30 15:00:55,188 [main] INFO  ha.SCMServiceManager (SCMServiceManager.java:register(42)) - Registering service BackgroundPipelineCreator.
2024-11-30 15:00:55,188 [main] INFO  pipeline.BackgroundPipelineCreator (BackgroundPipelineCreator.java:start(127)) - Starting RatisPipelineUtilsThread.
2024-11-30 15:00:55,189 [main] INFO  BackgroundPipelineScrubber (BackgroundSCMService.java:start(65)) - Starting BackgroundPipelineScrubber Service.
2024-11-30 15:00:55,189 [main] INFO  ha.SCMServiceManager (SCMServiceManager.java:register(42)) - Registering service BackgroundPipelineScrubber.
2024-11-30 15:00:55,189 [main] INFO  ExpiredContainerReplicaOpScrubber (BackgroundSCMService.java:start(65)) - Starting ExpiredContainerReplicaOpScrubber Service.
2024-11-30 15:00:55,190 [main] INFO  ha.SCMServiceManager (SCMServiceManager.java:register(42)) - Registering service ExpiredContainerReplicaOpScrubber.
2024-11-30 15:00:55,190 [main] INFO  algorithms.PipelineChoosePolicyFactory (PipelineChoosePolicyFactory.java:createPipelineChoosePolicyFromClass(80)) - Create pipeline choose policy of type org.apache.hadoop.hdds.scm.pipeline.choose.algorithms.RandomPipelineChoosePolicy
2024-11-30 15:00:55,191 [main] INFO  algorithms.PipelineChoosePolicyFactory (PipelineChoosePolicyFactory.java:createPipelineChoosePolicyFromClass(80)) - Create pipeline choose policy of type org.apache.hadoop.hdds.scm.pipeline.choose.algorithms.RandomPipelineChoosePolicy
2024-11-30 15:00:55,191 [main] INFO  ha.SCMServiceManager (SCMServiceManager.java:register(42)) - Registering service SCMBlockDeletingService.
2024-11-30 15:00:55,192 [main] INFO  replication.ReplicationManager (ReplicationManager.java:start(296)) - Starting Replication Monitor Thread.
2024-11-30 15:00:55,195 [main] INFO  ha.SCMServiceManager (SCMServiceManager.java:register(42)) - Registering service ReplicationManager.
2024-11-30 15:00:55,195 [ReplicationMonitor] INFO  replication.ReplicationManager (ReplicationManager.java:processAll(373)) - Replication Manager is not ready to run until 3000ms after safemode exit
2024-11-30 15:00:55,195 [main] INFO  safemode.ContainerSafeModeRule (ContainerSafeModeRule.java:initializeRule(347)) - Refreshed Containers with one replica threshold count 0, with ec n replica threshold count 0.
2024-11-30 15:00:55,195 [main] INFO  safemode.HealthyPipelineSafeModeRule (HealthyPipelineSafeModeRule.java:initializeRule(176)) - Total pipeline count is 0, healthy pipeline threshold count is 1
2024-11-30 15:00:55,196 [main] INFO  safemode.OneReplicaPipelineSafeModeRule (OneReplicaPipelineSafeModeRule.java:initializeRule(193)) - Total pipeline count is 0, pipeline's with at least one datanode reported threshold count is 0
2024-11-30 15:00:55,196 [main] INFO  server.StorageContainerManager (StorageContainerManager.java:<init>(443)) - SCM start with adminUsers: [runner]
2024-11-30 15:00:55,196 [main] INFO  ipc.CallQueueManager (CallQueueManager.java:<init>(93)) - Using callQueue: class java.util.concurrent.LinkedBlockingQueue, queueCapacity: 10000, scheduler: class org.apache.hadoop.ipc.DefaultRpcScheduler, ipcBackoff: false, ipcFailOver: false.
2024-11-30 15:00:55,197 [main] INFO  ipc.Server (Server.java:<init>(1438)) - Listener at 0.0.0.0:15161
2024-11-30 15:00:55,197 [Socket Reader #1 for port 15161] INFO  ipc.Server (Server.java:run(1474)) - Starting Socket Reader #1 for port 15161
2024-11-30 15:00:55,199 [Socket Reader #2 for port 15161] INFO  ipc.Server (Server.java:run(1474)) - Starting Socket Reader #2 for port 15161
2024-11-30 15:00:55,199 [Socket Reader #3 for port 15161] INFO  ipc.Server (Server.java:run(1474)) - Starting Socket Reader #3 for port 15161
2024-11-30 15:00:55,200 [Socket Reader #4 for port 15161] INFO  ipc.Server (Server.java:run(1474)) - Starting Socket Reader #4 for port 15161
2024-11-30 15:00:55,200 [Socket Reader #5 for port 15161] INFO  ipc.Server (Server.java:run(1474)) - Starting Socket Reader #5 for port 15161
2024-11-30 15:00:55,200 [Socket Reader #6 for port 15161] INFO  ipc.Server (Server.java:run(1474)) - Starting Socket Reader #6 for port 15161
2024-11-30 15:00:55,200 [Socket Reader #7 for port 15161] INFO  ipc.Server (Server.java:run(1474)) - Starting Socket Reader #7 for port 15161
2024-11-30 15:00:55,200 [Socket Reader #8 for port 15161] INFO  ipc.Server (Server.java:run(1474)) - Starting Socket Reader #8 for port 15161
2024-11-30 15:00:55,200 [Socket Reader #9 for port 15161] INFO  ipc.Server (Server.java:run(1474)) - Starting Socket Reader #9 for port 15161
2024-11-30 15:00:55,201 [Socket Reader #10 for port 15161] INFO  ipc.Server (Server.java:run(1474)) - Starting Socket Reader #10 for port 15161
2024-11-30 15:00:55,201 [main] INFO  ipc.CallQueueManager (CallQueueManager.java:<init>(93)) - Using callQueue: class java.util.concurrent.LinkedBlockingQueue, queueCapacity: 10000, scheduler: class org.apache.hadoop.ipc.DefaultRpcScheduler, ipcBackoff: false, ipcFailOver: false.
2024-11-30 15:00:55,202 [main] INFO  ipc.Server (Server.java:<init>(1438)) - Listener at 0.0.0.0:15160
2024-11-30 15:00:55,202 [Socket Reader #1 for port 15160] INFO  ipc.Server (Server.java:run(1474)) - Starting Socket Reader #1 for port 15160
2024-11-30 15:00:55,202 [Socket Reader #3 for port 15160] INFO  ipc.Server (Server.java:run(1474)) - Starting Socket Reader #3 for port 15160
2024-11-30 15:00:55,202 [Socket Reader #2 for port 15160] INFO  ipc.Server (Server.java:run(1474)) - Starting Socket Reader #2 for port 15160
2024-11-30 15:00:55,203 [Socket Reader #4 for port 15160] INFO  ipc.Server (Server.java:run(1474)) - Starting Socket Reader #4 for port 15160
2024-11-30 15:00:55,203 [Socket Reader #5 for port 15160] INFO  ipc.Server (Server.java:run(1474)) - Starting Socket Reader #5 for port 15160
2024-11-30 15:00:55,203 [Socket Reader #7 for port 15160] INFO  ipc.Server (Server.java:run(1474)) - Starting Socket Reader #7 for port 15160
2024-11-30 15:00:55,204 [Socket Reader #9 for port 15160] INFO  ipc.Server (Server.java:run(1474)) - Starting Socket Reader #9 for port 15160
2024-11-30 15:00:55,204 [Socket Reader #8 for port 15160] INFO  ipc.Server (Server.java:run(1474)) - Starting Socket Reader #8 for port 15160
2024-11-30 15:00:55,204 [Socket Reader #6 for port 15160] INFO  ipc.Server (Server.java:run(1474)) - Starting Socket Reader #6 for port 15160
2024-11-30 15:00:55,204 [Socket Reader #10 for port 15160] INFO  ipc.Server (Server.java:run(1474)) - Starting Socket Reader #10 for port 15160
2024-11-30 15:00:55,205 [main] INFO  ipc.CallQueueManager (CallQueueManager.java:<init>(93)) - Using callQueue: class java.util.concurrent.LinkedBlockingQueue, queueCapacity: 10000, scheduler: class org.apache.hadoop.ipc.DefaultRpcScheduler, ipcBackoff: false, ipcFailOver: false.
2024-11-30 15:00:55,205 [main] INFO  ipc.Server (Server.java:<init>(1438)) - Listener at 0.0.0.0:15159
2024-11-30 15:00:55,205 [Socket Reader #1 for port 15159] INFO  ipc.Server (Server.java:run(1474)) - Starting Socket Reader #1 for port 15159
2024-11-30 15:00:55,205 [Socket Reader #3 for port 15159] INFO  ipc.Server (Server.java:run(1474)) - Starting Socket Reader #3 for port 15159
2024-11-30 15:00:55,206 [Socket Reader #4 for port 15159] INFO  ipc.Server (Server.java:run(1474)) - Starting Socket Reader #4 for port 15159
2024-11-30 15:00:55,205 [Socket Reader #2 for port 15159] INFO  ipc.Server (Server.java:run(1474)) - Starting Socket Reader #2 for port 15159
2024-11-30 15:00:55,206 [Socket Reader #6 for port 15159] INFO  ipc.Server (Server.java:run(1474)) - Starting Socket Reader #6 for port 15159
2024-11-30 15:00:55,206 [Socket Reader #5 for port 15159] INFO  ipc.Server (Server.java:run(1474)) - Starting Socket Reader #5 for port 15159
2024-11-30 15:00:55,206 [Socket Reader #7 for port 15159] INFO  ipc.Server (Server.java:run(1474)) - Starting Socket Reader #7 for port 15159
2024-11-30 15:00:55,206 [Socket Reader #8 for port 15159] INFO  ipc.Server (Server.java:run(1474)) - Starting Socket Reader #8 for port 15159
2024-11-30 15:00:55,206 [Socket Reader #9 for port 15159] INFO  ipc.Server (Server.java:run(1474)) - Starting Socket Reader #9 for port 15159
2024-11-30 15:00:55,206 [Socket Reader #10 for port 15159] INFO  ipc.Server (Server.java:run(1474)) - Starting Socket Reader #10 for port 15159
2024-11-30 15:00:55,209 [main] INFO  ha.SCMServiceManager (SCMServiceManager.java:register(42)) - Registering service ContainerBalancer.
2024-11-30 15:00:55,209 [main] INFO  ha.SCMContext (SCMContext.java:updateSafeModeStatus(225)) - Update SafeModeStatus from SafeModeStatus{safeModeStatus=true, preCheckPassed=false} to SafeModeStatus{safeModeStatus=true, preCheckPassed=false}.
2024-11-30 15:00:55,209 [main] INFO  server.StorageContainerManager (StorageContainerManager.java:start(1546)) - StorageContainerLocationProtocol RPC server is listening at /0.0.0.0:15159
2024-11-30 15:00:55,210 [main] WARN  impl.MetricsConfig (MetricsConfig.java:loadFirst(138)) - Cannot locate configuration: tried hadoop-metrics2-storagecontainermanager.properties,hadoop-metrics2.properties
2024-11-30 15:00:55,211 [main] INFO  impl.MetricsSystemImpl (MetricsSystemImpl.java:startTimer(378)) - Scheduled Metric snapshot period at 10 second(s).
2024-11-30 15:00:55,211 [main] INFO  impl.MetricsSystemImpl (MetricsSystemImpl.java:start(191)) - StorageContainerManager metrics system started
2024-11-30 15:00:55,214 [main] INFO  impl.MetricsSinkAdapter (MetricsSinkAdapter.java:start(204)) - Sink prometheus started
2024-11-30 15:00:55,214 [main] INFO  impl.MetricsSystemImpl (MetricsSystemImpl.java:registerSink(305)) - Registered sink prometheus
2024-11-30 15:00:55,235 [main] INFO  server.SCMClientProtocolServer (SCMClientProtocolServer.java:start(215)) - RPC server for Client  is listening at /0.0.0.0:15159
2024-11-30 15:00:55,236 [IPC Server Responder] INFO  ipc.Server (Server.java:run(1713)) - IPC Server Responder: starting
2024-11-30 15:00:55,236 [IPC Server listener on 15159] INFO  ipc.Server (Server.java:run(1553)) - IPC Server listener on 15159: starting
2024-11-30 15:00:55,246 [main] INFO  server.StorageContainerManager (StorageContainerManager.java:start(1559)) - ScmBlockLocationProtocol RPC server is listening at /0.0.0.0:15160
2024-11-30 15:00:55,246 [main] INFO  server.SCMBlockProtocolServer (SCMBlockProtocolServer.java:start(172)) - RPC server for Block Protocol is listening at /0.0.0.0:15160
2024-11-30 15:00:55,246 [IPC Server Responder] INFO  ipc.Server (Server.java:run(1713)) - IPC Server Responder: starting
2024-11-30 15:00:55,246 [IPC Server listener on 15160] INFO  ipc.Server (Server.java:run(1553)) - IPC Server listener on 15160: starting
2024-11-30 15:00:55,256 [main] INFO  server.SCMDatanodeProtocolServer (SCMDatanodeProtocolServer.java:start(199)) - ScmDatanodeProtocol RPC server for DataNodes is listening at /0.0.0.0:15161
2024-11-30 15:00:55,256 [IPC Server Responder] INFO  ipc.Server (Server.java:run(1713)) - IPC Server Responder: starting
2024-11-30 15:00:55,256 [IPC Server listener on 15161] INFO  ipc.Server (Server.java:run(1553)) - IPC Server listener on 15161: starting
2024-11-30 15:00:55,265 [JvmPauseMonitor21] INFO  util.JvmPauseMonitor (JvmPauseMonitor.java:run(146)) - JvmPauseMonitor-316957c7-4bf4-41d2-8597-4ca2b1ec75c1: Started
2024-11-30 15:00:55,265 [main] INFO  http.BaseHttpServer (BaseHttpServer.java:newHttpServer2BuilderForOzone(223)) - Starting Web-server for scm at: http://0.0.0.0:15162
2024-11-30 15:00:55,266 [main] INFO  http.BaseHttpServer (BaseHttpServer.java:<init>(110)) - Hadoop Security Enabled: false Ozone Security Enabled: false Ozone HTTP Security Enabled: false 
2024-11-30 15:00:55,267 [main] WARN  server.AuthenticationFilter (AuthenticationFilter.java:constructSecretProvider(240)) - Unable to initialize FileSignerSecretProvider, falling back to use random secrets. Reason: Could not read signature secret file: /home/runner/hadoop-http-auth-signature-secret
2024-11-30 15:00:55,267 [main] INFO  http.HttpRequestLog (HttpRequestLog.java:getRequestLog(86)) - Http request log for http.requests.scm is not defined
2024-11-30 15:00:55,269 [main] INFO  http.HttpServer2 (HttpServer2.java:addGlobalFilter(1035)) - Added global filter 'safety' (class=org.apache.hadoop.hdds.server.http.HttpServer2$QuotingInputFilter)
2024-11-30 15:00:55,269 [main] INFO  http.HttpServer2 (HttpServer2.java:addFilter(1011)) - Added filter static_user_filter (class=org.apache.hadoop.http.lib.StaticUserWebFilter$StaticUserFilter) to context scm
2024-11-30 15:00:55,269 [main] INFO  http.HttpServer2 (HttpServer2.java:addFilter(1019)) - Added filter static_user_filter (class=org.apache.hadoop.http.lib.StaticUserWebFilter$StaticUserFilter) to context logs
2024-11-30 15:00:55,269 [main] INFO  http.HttpServer2 (HttpServer2.java:addFilter(1019)) - Added filter static_user_filter (class=org.apache.hadoop.http.lib.StaticUserWebFilter$StaticUserFilter) to context static
2024-11-30 15:00:55,270 [main] INFO  http.BaseHttpServer (BaseHttpServer.java:<init>(189)) - HTTP server of scm uses base directory /home/runner/work/ozone/ozone/hadoop-ozone/integration-test/target/test-dir/MiniOzoneClusterImpl-e985cbf7-8b64-4e7c-b64c-74e6afbb48f1/ozone-meta/webserver
2024-11-30 15:00:55,270 [main] INFO  http.HttpServer2 (HttpServer2.java:bindListener(1235)) - Jetty bound to port 15162
2024-11-30 15:00:55,270 [main] INFO  server.Server (Server.java:doStart(375)) - jetty-9.4.56.v20240826; built: 2024-08-26T17:15:05.868Z; git: ec6782ff5ead824dabdcf47fa98f90a4aedff401; jvm 17.0.13+11
2024-11-30 15:00:55,275 [main] INFO  server.session (DefaultSessionIdManager.java:doStart(334)) - DefaultSessionIdManager workerName=node0
2024-11-30 15:00:55,276 [main] INFO  server.session (DefaultSessionIdManager.java:doStart(339)) - No SessionScavenger set, using defaults
2024-11-30 15:00:55,276 [main] INFO  server.session (HouseKeeper.java:startScavenging(132)) - node0 Scavenging every 660000ms
2024-11-30 15:00:55,276 [main] INFO  handler.ContextHandler (ContextHandler.java:doStart(921)) - Started o.e.j.s.ServletContextHandler@36cba188{logs,/logs,file:///home/runner/work/ozone/ozone/hadoop-ozone/integration-test/target/log,AVAILABLE}
2024-11-30 15:00:55,277 [main] INFO  handler.ContextHandler (ContextHandler.java:doStart(921)) - Started o.e.j.s.ServletContextHandler@18c8cb7d{static,/static,file:///home/runner/work/ozone/ozone/hadoop-ozone/integration-test/target/test-classes/webapps/static,AVAILABLE}
2024-11-30 15:00:55,281 [main] INFO  handler.ContextHandler (ContextHandler.java:doStart(921)) - Started o.e.j.w.WebAppContext@3af6c942{scm,/,file:///home/runner/work/ozone/ozone/hadoop-ozone/integration-test/target/test-classes/webapps/scm/,AVAILABLE}{file:/home/runner/work/ozone/ozone/hadoop-ozone/integration-test/target/test-classes/webapps/scm}
2024-11-30 15:00:55,282 [main] INFO  server.AbstractConnector (AbstractConnector.java:doStart(333)) - Started ServerConnector@7676963{HTTP/1.1, (http/1.1)}{0.0.0.0:15162}
2024-11-30 15:00:55,282 [main] INFO  server.Server (Server.java:doStart(415)) - Started @142374ms
2024-11-30 15:00:55,282 [main] WARN  impl.MetricsSystemImpl (MetricsSystemImpl.java:register(279)) - Sink prometheus already exists!
2024-11-30 15:00:55,283 [main] INFO  http.BaseHttpServer (BaseHttpServer.java:updateConnectorAddress(354)) - HTTP server of scm listening at http://0.0.0.0:15162
2024-11-30 15:00:55,283 [main] WARN  server.ServerUtils (ServerUtils.java:getDBPath(299)) - ozone.om.db.dirs is not configured. We recommend adding this setting. Falling back to ozone.metadata.dirs instead.
2024-11-30 15:00:55,285 [main] INFO  ha.OMHANodeDetails (OMHANodeDetails.java:loadOMHAConfig(115)) - ozone.om.internal.service.id is not defined, falling back to ozone.om.service.ids to find serviceID for OzoneManager if it is HA enabled cluster
2024-11-30 15:00:55,285 [main] INFO  ha.OMHANodeDetails (OMHANodeDetails.java:loadOMHAConfig(226)) - Configuration does not have ozone.om.address set. Falling back to the default OM address /127.0.0.1:15163
2024-11-30 15:00:55,285 [main] INFO  ha.OMHANodeDetails (OMHANodeDetails.java:getOMNodeDetailsForNonHA(254)) - OM Service ID is not set. Setting it to the default ID: omServiceIdDefault
2024-11-30 15:00:55,285 [main] INFO  ha.OMHANodeDetails (OMHANodeDetails.java:getOMNodeDetailsForNonHA(261)) - OM Node ID is not set. Setting it to the default ID: om1
2024-11-30 15:00:55,285 [main] WARN  server.ServerUtils (ServerUtils.java:getDBPath(299)) - ozone.om.db.dirs is not configured. We recommend adding this setting. Falling back to ozone.metadata.dirs instead.
2024-11-30 15:00:55,287 [main] INFO  upgrade.AbstractLayoutVersionManager (AbstractLayoutVersionManager.java:init(83)) - Initializing Layout version manager with metadata layout = DELEGATION_TOKEN_SYMMETRIC_SIGN (version = 8), software layout = DELEGATION_TOKEN_SYMMETRIC_SIGN (version = 8)
2024-11-30 15:00:55,318 [main] INFO  reflections.Reflections (Reflections.java:scan(219)) - Reflections took 31 ms to scan 2 urls, producing 199 keys and 588 values
2024-11-30 15:00:55,318 [main] INFO  upgrade.OMLayoutVersionManager (OMLayoutVersionManager.java:lambda$0(113)) - Skipping Upgrade Action QuotaRepairUpgradeAction since it has been finalized.
2024-11-30 15:00:55,318 [main] INFO  upgrade.OMLayoutVersionManager (OMLayoutVersionManager.java:lambda$0(113)) - Skipping Upgrade Action MockOmUpgradeAction since it has been finalized.
2024-11-30 15:00:55,318 [main] WARN  server.ServerUtils (ServerUtils.java:getDBPath(299)) - ozone.om.db.dirs is not configured. We recommend adding this setting. Falling back to ozone.metadata.dirs instead.
2024-11-30 15:00:55,319 [main] INFO  proxy.SCMBlockLocationFailoverProxyProvider (SCMBlockLocationFailoverProxyProvider.java:<init>(115)) - Created block location fail-over proxy with 1 nodes: [nodeId=scmNodeId,nodeAddress=/0.0.0.0:15160]
2024-11-30 15:00:55,320 [main] INFO  proxy.SCMBlockLocationFailoverProxyProvider (SCMBlockLocationFailoverProxyProvider.java:<init>(115)) - Created block location fail-over proxy with 1 nodes: [nodeId=scmNodeId,nodeAddress=/0.0.0.0:15160]
2024-11-30 15:00:55,324 [main] INFO  om.OzoneManager (OzoneManager.java:<init>(693)) - OM start with adminUsers: [runner]
2024-11-30 15:00:55,324 [main] WARN  server.ServerUtils (ServerUtils.java:getDBPath(299)) - ozone.om.db.dirs is not configured. We recommend adding this setting. Falling back to ozone.metadata.dirs instead.
2024-11-30 15:00:55,325 [main] INFO  helpers.OmKeyInfo (OmKeyInfo.java:getCodec(73)) - OmKeyInfo.getCodec ignorePipeline = true
2024-11-30 15:00:55,476 [main] INFO  om.OzoneManager (OzoneManager.java:instantiateServices(824)) - S3 Multi-Tenancy is disabled
2024-11-30 15:00:55,477 [main] INFO  om.OmSnapshotManager (OmSnapshotManager.java:<init>(183)) - Ozone filesystem snapshot feature is enabled.
2024-11-30 15:00:55,477 [main] WARN  server.ServerUtils (ServerUtils.java:getDBPath(299)) - ozone.om.snapshot.diff.db.dir is not configured. We recommend adding this setting. Falling back to ozone.metadata.dirs instead.
2024-11-30 15:00:55,495 [main] INFO  utils.NativeLibraryLoader (NativeLibraryLoader.java:loadLibrary(122)) - Loading Library: ozone_rocksdb_tools
2024-11-30 15:00:55,495 [main] WARN  snapshot.SnapshotDiffManager (SnapshotDiffManager.java:initNativeLibraryForEfficientDiff(287)) - Native Library for raw sst file reading loading failed. Fallback to performing a full diff instead. Unable to load library ozone_rocksdb_tools from both java.library.path & resource file libozone_rocksdb_tools.so from jar.
2024-11-30 15:00:55,497 [main] INFO  om.OzoneManager (OzoneManager.java:addS3GVolumeToDB(4598)) - Created Volume s3v With Owner runner required for S3Gateway operations.
2024-11-30 15:00:55,497 [main] WARN  server.ServerUtils (ServerUtils.java:getDefaultRatisDirectory(311)) - Storage directory for Ratis is not configured. It is a good idea to map this to an SSD disk. Falling back to ozone.metadata.dirs
2024-11-30 15:00:55,498 [main] WARN  utils.OzoneManagerRatisUtils (OzoneManagerRatisUtils.java:getOMRatisSnapshotDirectory(493)) - ozone.om.ratis.snapshot.dir is not configured. Falling back to ozone.metadata.dirs config
2024-11-30 15:00:55,498 [main] WARN  server.ServerUtils (ServerUtils.java:getDefaultRatisDirectory(311)) - Storage directory for Ratis is not configured. It is a good idea to map this to an SSD disk. Falling back to ozone.metadata.dirs
2024-11-30 15:00:55,498 [main] INFO  server.RaftServerConfigKeys (ConfUtils.java:logGet(46)) - raft.server.log.appender.buffer.byte-limit = 4194304 (custom)
2024-11-30 15:00:55,499 [main] INFO  ratis.OzoneManagerRatisServer (OzoneManagerRatisServer.java:<init>(171)) - Instantiating OM Ratis server with groupID: omServiceIdDefault and peers: localhost:15166
2024-11-30 15:00:55,499 [main] INFO  ratis.OzoneManagerStateMachine (OzoneManagerStateMachine.java:loadSnapshotInfoFromDB(608)) - TransactionInfo not found in OM DB.
2024-11-30 15:00:55,500 [main] INFO  server.RaftServer (ConfUtils.java:logGet(46)) - raft.rpc.type = GRPC (default)
2024-11-30 15:00:55,500 [main] INFO  grpc.GrpcConfigKeys (ConfUtils.java:logFallback(53)) - raft.grpc.admin.host = null (fallback to raft.grpc.server.host)
2024-11-30 15:00:55,500 [main] INFO  grpc.GrpcConfigKeys (ConfUtils.java:logFallback(53)) - raft.grpc.admin.port = 15166 (fallback to raft.grpc.server.port)
2024-11-30 15:00:55,500 [main] INFO  grpc.GrpcConfigKeys (ConfUtils.java:logFallback(53)) - raft.grpc.client.host = null (fallback to raft.grpc.server.host)
2024-11-30 15:00:55,500 [main] INFO  grpc.GrpcConfigKeys (ConfUtils.java:logFallback(53)) - raft.grpc.client.port = 15166 (fallback to raft.grpc.server.port)
2024-11-30 15:00:55,500 [main] INFO  grpc.GrpcConfigKeys (ConfUtils.java:logGet(46)) - raft.grpc.server.host = null (default)
2024-11-30 15:00:55,500 [main] INFO  grpc.GrpcConfigKeys (ConfUtils.java:logGet(46)) - raft.grpc.server.port = 15166 (custom)
2024-11-30 15:00:55,501 [main] INFO  server.GrpcService (ConfUtils.java:logGet(46)) - raft.grpc.message.size.max = 5242880 (custom)
2024-11-30 15:00:55,501 [main] INFO  server.GrpcService (ConfUtils.java:logGet(46)) - raft.grpc.flow.control.window = 1MB (=1048576) (default)
2024-11-30 15:00:55,501 [main] INFO  server.RaftServerConfigKeys (ConfUtils.java:logGet(46)) - raft.server.rpc.request.timeout = 3000ms (default)
2024-11-30 15:00:55,501 [main] INFO  grpc.GrpcConfigKeys (ConfUtils.java:logGet(46)) - raft.grpc.server.heartbeat.channel = true (default)
2024-11-30 15:00:55,501 [main] INFO  server.RaftServerConfigKeys (ConfUtils.java:logGet(46)) - raft.server.log.appender.buffer.byte-limit = 4194304 (custom)
2024-11-30 15:00:55,501 [main] INFO  grpc.GrpcConfigKeys (ConfUtils.java:logGet(46)) - raft.grpc.server.async.request.thread.pool.cached = true (default)
2024-11-30 15:00:55,501 [main] INFO  grpc.GrpcConfigKeys (ConfUtils.java:logGet(46)) - raft.grpc.server.async.request.thread.pool.size = 32 (default)
2024-11-30 15:00:55,502 [main] INFO  impl.DataStreamServerImpl (ConfUtils.java:logGet(46)) - raft.datastream.type = DISABLED (default)
2024-11-30 15:00:55,502 [main] INFO  server.RaftServerConfigKeys (ConfUtils.java:logGet(46)) - raft.server.sleep.deviation.threshold = 300ms (default)
2024-11-30 15:00:55,502 [main] INFO  server.RaftServerConfigKeys (ConfUtils.java:logGet(46)) - raft.server.close.threshold = 60s (default)
2024-11-30 15:00:55,503 [main] INFO  server.RaftServerConfigKeys (ConfUtils.java:logGet(46)) - raft.server.leaderelection.leader.step-down.wait-time = 10s (default)
2024-11-30 15:00:55,503 [main] INFO  server.RaftServerConfigKeys (ConfUtils.java:logGet(46)) - raft.server.storage.dir = [/home/runner/work/ozone/ozone/hadoop-ozone/integration-test/target/test-dir/MiniOzoneClusterImpl-e985cbf7-8b64-4e7c-b64c-74e6afbb48f1/ozone-meta/ratis] (custom)
2024-11-30 15:00:55,503 [main] INFO  server.RaftServerConfigKeys (ConfUtils.java:logGet(46)) - raft.server.threadpool.proxy.cached = true (default)
2024-11-30 15:00:55,503 [main] INFO  server.RaftServerConfigKeys (ConfUtils.java:logGet(46)) - raft.server.threadpool.proxy.size = 0 (default)
2024-11-30 15:00:55,504 [main] INFO  server.RaftServer (RaftServerProxy.java:addNew(100)) - om1: addNew group-C5BA1605619E:[om1|localhost:15166] returns group-C5BA1605619E:java.util.concurrent.CompletableFuture@720d5b90[Not completed]
2024-11-30 15:00:55,504 [om1-groupManagement] INFO  server.RaftServer$Division (RaftServerImpl.java:<init>(255)) - om1: new RaftServerImpl for group-C5BA1605619E:[om1|localhost:15166] with OzoneManagerStateMachine:uninitialized
2024-11-30 15:00:55,504 [om1-groupManagement] INFO  server.RaftServerConfigKeys (ConfUtils.java:logGet(46)) - raft.server.rpc.timeout.min = 1s (custom)
2024-11-30 15:00:55,504 [om1-groupManagement] INFO  server.RaftServerConfigKeys (ConfUtils.java:logGet(46)) - raft.server.rpc.timeout.max = 1200ms (custom)
2024-11-30 15:00:55,504 [om1-groupManagement] INFO  server.RaftServerConfigKeys (ConfUtils.java:logGet(46)) - raft.server.rpc.sleep.time = 25ms (default)
2024-11-30 15:00:55,504 [om1-groupManagement] INFO  server.RaftServerConfigKeys (ConfUtils.java:logGet(46)) - raft.server.rpc.slowness.timeout = 120s (custom)
2024-11-30 15:00:55,504 [om1-groupManagement] INFO  server.RaftServerConfigKeys (ConfUtils.java:logGet(46)) - raft.server.leaderelection.leader.step-down.wait-time = 10s (default)
2024-11-30 15:00:55,504 [om1-groupManagement] INFO  server.RaftServerConfigKeys (ConfUtils.java:logGet(46)) - raft.server.leaderelection.member.majority-add = false (default)
2024-11-30 15:00:55,504 [om1-groupManagement] INFO  server.RaftServerConfigKeys (ConfUtils.java:logGet(46)) - raft.server.sleep.deviation.threshold = 300ms (default)
2024-11-30 15:00:55,504 [om1-groupManagement] INFO  server.RaftServer$Division (ServerState.java:<init>(114)) - om1@group-C5BA1605619E: ConfigurationManager, init=conf: {index: -1, cur=peers:[om1|localhost:15166]|listeners:[], old=null}, confs=<EMPTY_MAP>
2024-11-30 15:00:55,504 [om1-groupManagement] INFO  server.RaftServerConfigKeys (ConfUtils.java:logGet(46)) - raft.server.notification.no-leader.timeout = 120s (custom)
2024-11-30 15:00:55,504 [main] INFO  om.OzoneManager (OzoneManager.java:initializeRatisServer(2204)) - OzoneManager Ratis server initialized at port 15166
2024-11-30 15:00:55,504 [om1-groupManagement] INFO  server.RaftServerConfigKeys (ConfUtils.java:logGet(46)) - raft.server.read.timeout = 10s (default)
2024-11-30 15:00:55,505 [om1-groupManagement] INFO  server.RaftServerConfigKeys (ConfUtils.java:logGet(46)) - raft.server.retrycache.expirytime = 300s (custom)
2024-11-30 15:00:55,505 [om1-groupManagement] INFO  server.RaftServerConfigKeys (ConfUtils.java:logGet(46)) - raft.server.retrycache.statistics.expirytime = 100ms (default)
2024-11-30 15:00:55,505 [om1-groupManagement] INFO  server.RaftServerConfigKeys (ConfUtils.java:logGet(46)) - raft.server.read.option = DEFAULT (default)
2024-11-30 15:00:55,505 [om1-groupManagement] INFO  server.RaftServerConfigKeys (ConfUtils.java:logGet(46)) - raft.server.read.read-after-write-consistent.write-index-cache.expiry-time = 60s (default)
2024-11-30 15:00:55,505 [main] INFO  om.OzoneManager (OzoneManager.java:getRpcServer(1251)) - Creating RPC Server
2024-11-30 15:00:55,506 [om1-groupManagement] INFO  server.RaftServerConfigKeys (ConfUtils.java:logGet(46)) - raft.server.rpc.request.timeout = 3000ms (default)
2024-11-30 15:00:55,506 [om1-groupManagement] INFO  server.RaftServerConfigKeys (ConfUtils.java:logGet(46)) - raft.server.log.appender.install.snapshot.enabled = false (custom)
2024-11-30 15:00:55,506 [om1-groupManagement] INFO  server.RaftServerConfigKeys (ConfUtils.java:logGet(46)) - raft.server.threadpool.server.cached = true (default)
2024-11-30 15:00:55,506 [om1-groupManagement] INFO  server.RaftServerConfigKeys (ConfUtils.java:logGet(46)) - raft.server.threadpool.server.size = 0 (default)
2024-11-30 15:00:55,506 [om1-groupManagement] INFO  server.RaftServerConfigKeys (ConfUtils.java:logGet(46)) - raft.server.threadpool.client.cached = true (default)
2024-11-30 15:00:55,506 [om1-groupManagement] INFO  server.RaftServerConfigKeys (ConfUtils.java:logGet(46)) - raft.server.threadpool.client.size = 0 (default)
2024-11-30 15:00:55,798 [main] INFO  reflections.Reflections (Reflections.java:scan(219)) - Reflections took 291 ms to scan 20 urls, producing 60 keys and 7321 values
2024-11-30 15:00:55,799 [main] INFO  ipc.CallQueueManager (CallQueueManager.java:<init>(93)) - Using callQueue: class java.util.concurrent.LinkedBlockingQueue, queueCapacity: 2000, scheduler: class org.apache.hadoop.ipc.DefaultRpcScheduler, ipcBackoff: false, ipcFailOver: false.
2024-11-30 15:00:55,799 [main] INFO  ipc.Server (Server.java:<init>(1438)) - Listener at 127.0.0.1:15163
2024-11-30 15:00:55,800 [Socket Reader #1 for port 15163] INFO  ipc.Server (Server.java:run(1474)) - Starting Socket Reader #1 for port 15163
2024-11-30 15:00:55,800 [Socket Reader #3 for port 15163] INFO  ipc.Server (Server.java:run(1474)) - Starting Socket Reader #3 for port 15163
2024-11-30 15:00:55,800 [Socket Reader #2 for port 15163] INFO  ipc.Server (Server.java:run(1474)) - Starting Socket Reader #2 for port 15163
2024-11-30 15:00:55,800 [Socket Reader #4 for port 15163] INFO  ipc.Server (Server.java:run(1474)) - Starting Socket Reader #4 for port 15163
2024-11-30 15:00:55,807 [Socket Reader #5 for port 15163] INFO  ipc.Server (Server.java:run(1474)) - Starting Socket Reader #5 for port 15163
2024-11-30 15:00:55,807 [Socket Reader #7 for port 15163] INFO  ipc.Server (Server.java:run(1474)) - Starting Socket Reader #7 for port 15163
2024-11-30 15:00:55,808 [Socket Reader #6 for port 15163] INFO  ipc.Server (Server.java:run(1474)) - Starting Socket Reader #6 for port 15163
2024-11-30 15:00:55,808 [Socket Reader #8 for port 15163] INFO  ipc.Server (Server.java:run(1474)) - Starting Socket Reader #8 for port 15163
2024-11-30 15:00:55,815 [Socket Reader #9 for port 15163] INFO  ipc.Server (Server.java:run(1474)) - Starting Socket Reader #9 for port 15163
2024-11-30 15:00:55,819 [Socket Reader #10 for port 15163] INFO  ipc.Server (Server.java:run(1474)) - Starting Socket Reader #10 for port 15163
2024-11-30 15:00:55,835 [main] INFO  impl.MetricsSystemImpl (MetricsSystemImpl.java:init(158)) - OzoneManager metrics system started (again)
2024-11-30 15:00:55,843 [main] INFO  om.OzoneManager (OzoneManager.java:start(1679)) - OzoneManager RPC server is listening at localhost/127.0.0.1:15163
2024-11-30 15:00:55,843 [main] INFO  ratis.OzoneManagerRatisServer (OzoneManagerRatisServer.java:start(634)) - Starting OzoneManagerRatisServer om1 at port 15166
2024-11-30 15:00:55,844 [om1-impl-thread1] INFO  server.RaftServerConfigKeys (ConfUtils.java:logGet(46)) - raft.server.storage.free-space.min = 0MB (=0) (default)
2024-11-30 15:00:55,844 [om1-impl-thread1] INFO  server.RaftServerConfigKeys (ConfUtils.java:logGet(46)) - raft.server.log.corruption.policy = EXCEPTION (default)
2024-11-30 15:00:55,844 [om1-impl-thread1] INFO  server.RaftServerConfigKeys (ConfUtils.java:logGet(46)) - raft.server.storage.dir = [/home/runner/work/ozone/ozone/hadoop-ozone/integration-test/target/test-dir/MiniOzoneClusterImpl-e985cbf7-8b64-4e7c-b64c-74e6afbb48f1/ozone-meta/ratis] (custom)
2024-11-30 15:00:55,844 [om1-impl-thread1] INFO  storage.RaftStorageDirectory (RaftStorageDirectoryImpl.java:analyzeStorage(138)) - The storage directory /home/runner/work/ozone/ozone/hadoop-ozone/integration-test/target/test-dir/MiniOzoneClusterImpl-e985cbf7-8b64-4e7c-b64c-74e6afbb48f1/ozone-meta/ratis/bf265839-605b-3f16-9796-c5ba1605619e does not exist. Creating ...
2024-11-30 15:00:55,845 [om1-impl-thread1] INFO  storage.RaftStorageDirectory (RaftStorageDirectoryImpl.java:tryLock(229)) - Lock on /home/runner/work/ozone/ozone/hadoop-ozone/integration-test/target/test-dir/MiniOzoneClusterImpl-e985cbf7-8b64-4e7c-b64c-74e6afbb48f1/ozone-meta/ratis/bf265839-605b-3f16-9796-c5ba1605619e/in_use.lock acquired by nodename 75062@fv-az1244-86
2024-11-30 15:00:55,846 [om1-impl-thread1] INFO  storage.RaftStorage (RaftStorageImpl.java:format(98)) - Storage directory /home/runner/work/ozone/ozone/hadoop-ozone/integration-test/target/test-dir/MiniOzoneClusterImpl-e985cbf7-8b64-4e7c-b64c-74e6afbb48f1/ozone-meta/ratis/bf265839-605b-3f16-9796-c5ba1605619e has been successfully formatted.
2024-11-30 15:00:55,846 [om1-impl-thread1] INFO  ratis.OzoneManagerStateMachine (OzoneManagerStateMachine.java:lambda$0(138)) - om1: initialize group-C5BA1605619E with (t:0, i:~)
2024-11-30 15:00:55,846 [om1-impl-thread1] INFO  server.RaftServerConfigKeys (ConfUtils.java:logGet(46)) - raft.server.log.use.memory = false (default)
2024-11-30 15:00:55,847 [om1-impl-thread1] INFO  server.RaftServerConfigKeys (ConfUtils.java:logGet(46)) - raft.server.log.purge.gap = 1000000 (custom)
2024-11-30 15:00:55,847 [om1-impl-thread1] INFO  server.RaftServerConfigKeys (ConfUtils.java:logGet(46)) - raft.server.log.appender.buffer.byte-limit = 4194304 (custom)
2024-11-30 15:00:55,847 [om1-impl-thread1] INFO  server.RaftServerConfigKeys (ConfUtils.java:logGet(46)) - raft.server.log.statemachine.data.read.timeout = 1000ms (default)
2024-11-30 15:00:55,847 [om1-impl-thread1] INFO  server.RaftServerConfigKeys (ConfUtils.java:logGet(46)) - raft.server.log.purge.preservation.log.num = 0 (default)
2024-11-30 15:00:55,847 [om1-impl-thread1] INFO  server.RaftServerConfigKeys (ConfUtils.java:logGet(46)) - raft.server.log.segment.size.max = 4194304 (custom)
2024-11-30 15:00:55,847 [om1-impl-thread1] INFO  server.RaftServerConfigKeys (ConfUtils.java:logGet(46)) - raft.server.log.segment.cache.num.max = 2 (custom)
2024-11-30 15:00:55,847 [om1-impl-thread1] INFO  server.RaftServerConfigKeys (ConfUtils.java:logGet(46)) - raft.server.log.segment.cache.size.max = 200MB (=209715200) (default)
2024-11-30 15:00:55,847 [om1-impl-thread1] INFO  server.RaftServerConfigKeys (ConfUtils.java:logGet(46)) - raft.server.log.appender.buffer.byte-limit = 4194304 (custom)
2024-11-30 15:00:55,848 [om1-impl-thread1] INFO  util.AwaitToRun (AwaitToRun.java:start(81)) - Thread[om1@group-C5BA1605619E-cacheEviction-AwaitToRun,5,main] started
2024-11-30 15:00:55,848 [om1-impl-thread1] INFO  segmented.SegmentedRaftLogWorker (SegmentedRaftLogWorker.java:<init>(188)) - new om1@group-C5BA1605619E-SegmentedRaftLogWorker for RaftStorageImpl:Storage Directory /home/runner/work/ozone/ozone/hadoop-ozone/integration-test/target/test-dir/MiniOzoneClusterImpl-e985cbf7-8b64-4e7c-b64c-74e6afbb48f1/ozone-meta/ratis/bf265839-605b-3f16-9796-c5ba1605619e
2024-11-30 15:00:55,848 [om1-impl-thread1] INFO  server.RaftServerConfigKeys (ConfUtils.java:logGet(46)) - raft.server.log.queue.byte-limit = 64MB (=67108864) (default)
2024-11-30 15:00:55,848 [om1-impl-thread1] INFO  server.RaftServerConfigKeys (ConfUtils.java:logGet(46)) - raft.server.log.queue.element-limit = 4096 (default)
2024-11-30 15:00:55,848 [om1-impl-thread1] INFO  server.RaftServerConfigKeys (ConfUtils.java:logGet(46)) - raft.server.log.segment.size.max = 4194304 (custom)
2024-11-30 15:00:55,848 [om1-impl-thread1] INFO  server.RaftServerConfigKeys (ConfUtils.java:logGet(46)) - raft.server.log.preallocated.size = 4194304 (custom)
2024-11-30 15:00:55,848 [om1-impl-thread1] INFO  server.RaftServerConfigKeys (ConfUtils.java:logGet(46)) - raft.server.log.force.sync.num = 128 (default)
2024-11-30 15:00:55,848 [om1-impl-thread1] INFO  server.RaftServerConfigKeys (ConfUtils.java:logGet(46)) - raft.server.log.statemachine.data.sync = true (default)
2024-11-30 15:00:55,848 [om1-impl-thread1] INFO  server.RaftServerConfigKeys (ConfUtils.java:logGet(46)) - raft.server.log.statemachine.data.sync.timeout = 10s (default)
2024-11-30 15:00:55,848 [om1-impl-thread1] INFO  server.RaftServerConfigKeys (ConfUtils.java:logGet(46)) - raft.server.log.statemachine.data.sync.timeout.retry = -1 (default)
2024-11-30 15:00:55,848 [om1-impl-thread1] INFO  server.RaftServerConfigKeys (ConfUtils.java:logGet(46)) - raft.server.log.write.buffer.size = 4194312 (custom)
2024-11-30 15:00:55,850 [om1-impl-thread1] INFO  server.RaftServerConfigKeys (ConfUtils.java:logGet(46)) - raft.server.log.appender.buffer.byte-limit = 4194304 (custom)
2024-11-30 15:00:55,851 [om1-impl-thread1] INFO  server.RaftServerConfigKeys (ConfUtils.java:logGet(46)) - raft.server.log.unsafe-flush.enabled = false (default)
2024-11-30 15:00:55,851 [om1-impl-thread1] INFO  server.RaftServerConfigKeys (ConfUtils.java:logGet(46)) - raft.server.log.async-flush.enabled = false (default)
2024-11-30 15:00:55,851 [om1-impl-thread1] INFO  server.RaftServerConfigKeys (ConfUtils.java:logGet(46)) - raft.server.log.statemachine.data.caching.enabled = false (default)
2024-11-30 15:00:55,851 [om1-impl-thread1] INFO  segmented.SegmentedRaftLogWorker (SegmentedRaftLogWorker.java:lambda$new$0(139)) - om1@group-C5BA1605619E-SegmentedRaftLogWorker: flushIndex: setUnconditionally 0 -> -1
2024-11-30 15:00:55,851 [om1-impl-thread1] INFO  segmented.SegmentedRaftLogWorker (SegmentedRaftLogWorker.java:lambda$new$0(139)) - om1@group-C5BA1605619E-SegmentedRaftLogWorker: safeCacheEvictIndex: setUnconditionally 0 -> -1
2024-11-30 15:00:55,851 [om1-impl-thread1] INFO  server.RaftServer$Division (RaftServerImpl.java:start(391)) - om1@group-C5BA1605619E: start as a follower, conf=conf: {index: -1, cur=peers:[om1|localhost:15166]|listeners:[], old=null}
2024-11-30 15:00:55,851 [om1-impl-thread1] INFO  server.RaftServer$Division (RaftServerImpl.java:setRole(378)) - om1@group-C5BA1605619E: changes role from      null to FOLLOWER at term 0 for startAsFollower
2024-11-30 15:00:55,851 [om1-impl-thread1] INFO  impl.RoleInfo (RoleInfo.java:updateAndGet(148)) - om1: start om1@group-C5BA1605619E-FollowerState
2024-11-30 15:00:55,851 [om1-impl-thread1] INFO  util.JmxRegister (JmxRegister.java:tryRegister(44)) - Successfully registered JMX Bean with object name Ratis:service=RaftServer,group=group-C5BA1605619E,id=om1
2024-11-30 15:00:55,852 [om1-impl-thread1] INFO  util.JmxRegister (JmxRegister.java:register(58)) - register mxBean class org.apache.ratis.server.impl.RaftServerJmxAdapter as Ratis:service=RaftServer,group=group-C5BA1605619E,id=om1
2024-11-30 15:00:55,852 [om1-impl-thread1] INFO  server.RaftServerConfigKeys (ConfUtils.java:logGet(46)) - raft.server.snapshot.trigger-when-stop.enabled = true (default)
2024-11-30 15:00:55,852 [om1-impl-thread1] INFO  server.RaftServerConfigKeys (ConfUtils.java:logGet(46)) - raft.server.snapshot.trigger-when-remove.enabled = true (default)
2024-11-30 15:00:55,852 [om1-impl-thread1] INFO  server.RaftServerConfigKeys (ConfUtils.java:logGet(46)) - raft.server.snapshot.auto.trigger.enabled = true (custom)
2024-11-30 15:00:55,852 [om1-impl-thread1] INFO  server.RaftServerConfigKeys (ConfUtils.java:logGet(46)) - raft.server.snapshot.auto.trigger.threshold = 400000 (default)
2024-11-30 15:00:55,852 [om1-impl-thread1] INFO  server.RaftServerConfigKeys (ConfUtils.java:logGet(46)) - raft.server.snapshot.retention.file.num = -1 (default)
2024-11-30 15:00:55,852 [om1-impl-thread1] INFO  server.RaftServerConfigKeys (ConfUtils.java:logGet(46)) - raft.server.log.purge.upto.snapshot.index = true (custom)
2024-11-30 15:00:55,852 [om1@group-C5BA1605619E-FollowerState] INFO  server.RaftServerConfigKeys (ConfUtils.java:logFallback(53)) - raft.server.rpc.first-election.timeout.min = 1s (fallback to raft.server.rpc.timeout.min)
2024-11-30 15:00:55,852 [om1@group-C5BA1605619E-FollowerState] INFO  server.RaftServerConfigKeys (ConfUtils.java:logFallback(53)) - raft.server.rpc.first-election.timeout.max = 1200ms (fallback to raft.server.rpc.timeout.max)
2024-11-30 15:00:55,852 [om1-impl-thread1] INFO  server.RaftServer$Division (RaftServerImpl.java:start(405)) - om1@group-C5BA1605619E: Successfully started.
2024-11-30 15:00:55,853 [main] INFO  server.RaftServer (RaftServerProxy.java:startImpl(407)) - om1: start RPC server
2024-11-30 15:00:55,853 [main] INFO  server.GrpcService (GrpcService.java:startImpl(334)) - om1: GrpcService started, listening on 15166
2024-11-30 15:00:55,854 [JvmPauseMonitor22] INFO  util.JvmPauseMonitor (JvmPauseMonitor.java:run(146)) - JvmPauseMonitor-om1: Started
2024-11-30 15:00:55,854 [main] INFO  om.OzoneManager (OzoneManager.java:start(1694)) - Version File has different layout version (8) than OM DB (null). That is expected if this OM has never been finalized to a newer layout version.
2024-11-30 15:00:55,856 [main] INFO  client.ScmTopologyClient (ScmTopologyClient.java:start(72)) - Initial network topology fetched from SCM: /.
2024-11-30 15:00:55,857 [main] INFO  net.NodeSchemaLoader (NodeSchemaLoader.java:loadSchemaFromFile(129)) - Loading schema from [jar:file:/home/runner/work/ozone/ozone/hadoop-hdds/common/target/hdds-common-2.0.0-SNAPSHOT.jar!/network-topology-default.xml]
2024-11-30 15:00:55,857 [main] INFO  net.NodeSchemaLoader (NodeSchemaLoader.java:loadSchema(176)) - Loading network topology layer schema file
2024-11-30 15:00:55,862 [main] INFO  http.BaseHttpServer (BaseHttpServer.java:newHttpServer2BuilderForOzone(223)) - Starting Web-server for ozoneManager at: http://0.0.0.0:15164
2024-11-30 15:00:55,862 [main] INFO  http.BaseHttpServer (BaseHttpServer.java:<init>(110)) - Hadoop Security Enabled: false Ozone Security Enabled: false Ozone HTTP Security Enabled: false 
2024-11-30 15:00:55,864 [main] WARN  server.AuthenticationFilter (AuthenticationFilter.java:constructSecretProvider(240)) - Unable to initialize FileSignerSecretProvider, falling back to use random secrets. Reason: Could not read signature secret file: /home/runner/hadoop-http-auth-signature-secret
2024-11-30 15:00:55,865 [main] INFO  http.HttpRequestLog (HttpRequestLog.java:getRequestLog(86)) - Http request log for http.requests.ozoneManager is not defined
2024-11-30 15:00:55,866 [main] INFO  http.HttpServer2 (HttpServer2.java:addGlobalFilter(1035)) - Added global filter 'safety' (class=org.apache.hadoop.hdds.server.http.HttpServer2$QuotingInputFilter)
2024-11-30 15:00:55,867 [main] INFO  http.HttpServer2 (HttpServer2.java:addFilter(1011)) - Added filter static_user_filter (class=org.apache.hadoop.http.lib.StaticUserWebFilter$StaticUserFilter) to context ozoneManager
2024-11-30 15:00:55,867 [main] INFO  http.HttpServer2 (HttpServer2.java:addFilter(1019)) - Added filter static_user_filter (class=org.apache.hadoop.http.lib.StaticUserWebFilter$StaticUserFilter) to context logs
2024-11-30 15:00:55,867 [main] INFO  http.HttpServer2 (HttpServer2.java:addFilter(1019)) - Added filter static_user_filter (class=org.apache.hadoop.http.lib.StaticUserWebFilter$StaticUserFilter) to context static
2024-11-30 15:00:55,867 [main] INFO  http.BaseHttpServer (BaseHttpServer.java:<init>(189)) - HTTP server of ozoneManager uses base directory /home/runner/work/ozone/ozone/hadoop-ozone/integration-test/target/test-dir/MiniOzoneClusterImpl-e985cbf7-8b64-4e7c-b64c-74e6afbb48f1/ozone-meta/webserver
2024-11-30 15:00:55,868 [main] INFO  http.HttpServer2 (HttpServer2.java:bindListener(1235)) - Jetty bound to port 15164
2024-11-30 15:00:55,868 [main] INFO  server.Server (Server.java:doStart(375)) - jetty-9.4.56.v20240826; built: 2024-08-26T17:15:05.868Z; git: ec6782ff5ead824dabdcf47fa98f90a4aedff401; jvm 17.0.13+11
2024-11-30 15:00:55,869 [main] INFO  server.session (DefaultSessionIdManager.java:doStart(334)) - DefaultSessionIdManager workerName=node0
2024-11-30 15:00:55,869 [main] INFO  server.session (DefaultSessionIdManager.java:doStart(339)) - No SessionScavenger set, using defaults
2024-11-30 15:00:55,870 [main] INFO  server.session (HouseKeeper.java:startScavenging(132)) - node0 Scavenging every 660000ms
2024-11-30 15:00:55,870 [main] INFO  handler.ContextHandler (ContextHandler.java:doStart(921)) - Started o.e.j.s.ServletContextHandler@4908c4a0{logs,/logs,file:///home/runner/work/ozone/ozone/hadoop-ozone/integration-test/target/log,AVAILABLE}
2024-11-30 15:00:55,870 [main] INFO  handler.ContextHandler (ContextHandler.java:doStart(921)) - Started o.e.j.s.ServletContextHandler@23fbe411{static,/static,file:///home/runner/work/ozone/ozone/hadoop-ozone/integration-test/target/test-classes/webapps/static,AVAILABLE}
2024-11-30 15:00:55,874 [main] INFO  handler.ContextHandler (ContextHandler.java:doStart(921)) - Started o.e.j.w.WebAppContext@465308b5{ozoneManager,/,file:///home/runner/work/ozone/ozone/hadoop-ozone/integration-test/target/test-classes/webapps/ozoneManager/,AVAILABLE}{file:/home/runner/work/ozone/ozone/hadoop-ozone/integration-test/target/test-classes/webapps/ozoneManager}
2024-11-30 15:00:55,874 [main] INFO  server.AbstractConnector (AbstractConnector.java:doStart(333)) - Started ServerConnector@6e7867a3{HTTP/1.1, (http/1.1)}{0.0.0.0:15164}
2024-11-30 15:00:55,874 [main] INFO  server.Server (Server.java:doStart(415)) - Started @142966ms
2024-11-30 15:00:55,874 [main] WARN  impl.MetricsSystemImpl (MetricsSystemImpl.java:register(279)) - Sink prometheus already exists!
2024-11-30 15:00:55,875 [main] INFO  http.BaseHttpServer (BaseHttpServer.java:updateConnectorAddress(354)) - HTTP server of ozoneManager listening at http://0.0.0.0:15164
2024-11-30 15:00:55,875 [IPC Server listener on 15163] INFO  ipc.Server (Server.java:run(1553)) - IPC Server listener on 15163: starting
2024-11-30 15:00:55,875 [IPC Server Responder] INFO  ipc.Server (Server.java:run(1713)) - IPC Server Responder: starting
2024-11-30 15:00:55,877 [main] INFO  om.OzoneManager (OzoneManager.java:startTrashEmptier(2157)) - Trash Interval set to 0. Files deleted won't move to trash
2024-11-30 15:00:55,889 [main] WARN  dropwizard3.Dm3MetricRegistriesImpl (Dm3MetricRegistriesImpl.java:addReporterRegistration(114)) - New reporters are added after registries were created. Some metrics will be missing from the reporter. Please add reporter before adding any new registry.
2024-11-30 15:00:55,889 [main] WARN  dropwizard3.Dm3MetricRegistriesImpl (Dm3MetricRegistriesImpl.java:addReporterRegistration(114)) - New reporters are added after registries were created. Some metrics will be missing from the reporter. Please add reporter before adding any new registry.
2024-11-30 15:00:55,889 [main] INFO  impl.MetricsSystemImpl (MetricsSystemImpl.java:init(158)) - HddsDatanode metrics system started (again)
2024-11-30 15:00:55,901 [main] INFO  ozone.HddsDatanodeService (HddsDatanodeService.java:start(241)) - HddsDatanodeService host:fv-az1244-86.2ivcf5gccrduxdzatmozi1qnag.dx.internal.cloudapp.net ip:10.1.0.100
2024-11-30 15:00:55,903 [main] INFO  upgrade.AbstractLayoutVersionManager (AbstractLayoutVersionManager.java:init(83)) - Initializing Layout version manager with metadata layout = HBASE_SUPPORT (version = 8), software layout = HBASE_SUPPORT (version = 8)
2024-11-30 15:00:55,904 [main] INFO  statemachine.DatanodeStateMachine (DatanodeStateMachine.java:getEndPointTaskThreadPoolSize(294)) - Datanode State Machine Task Thread Pool size 2
2024-11-30 15:00:55,906 [main] INFO  volume.HddsVolume (HddsVolume.java:<init>(134)) - Creating HddsVolume: /home/runner/work/ozone/ozone/hadoop-ozone/integration-test/target/test-dir/MiniOzoneClusterImpl-e985cbf7-8b64-4e7c-b64c-74e6afbb48f1/ozone-meta/datanode-1/data-0/hdds of storage type : DISK capacity : 9222449699674390527
2024-11-30 15:00:55,906 [main] INFO  volume.MutableVolumeSet (MutableVolumeSet.java:initializeVolumeSet(174)) - Added Volume : /home/runner/work/ozone/ozone/hadoop-ozone/integration-test/target/test-dir/MiniOzoneClusterImpl-e985cbf7-8b64-4e7c-b64c-74e6afbb48f1/ozone-meta/datanode-1/data-0/hdds to VolumeSet
2024-11-30 15:00:55,906 [main] INFO  volume.MutableVolumeSet (MutableVolumeSet.java:initializeVolumeSet(174)) - Added Volume : /home/runner/work/ozone/ozone/hadoop-ozone/integration-test/target/test-dir/MiniOzoneClusterImpl-e985cbf7-8b64-4e7c-b64c-74e6afbb48f1/ozone-meta/datanode-1/ratis to VolumeSet
2024-11-30 15:00:55,907 [main] INFO  ozoneimpl.OzoneContainer (HddsVolumeUtil.java:loadAllHddsVolumeDbStore(103)) - Load 1 volumes DbStore cost: 0ms
2024-11-30 15:00:55,907 [main] WARN  db.DBStoreBuilder (DBStoreBuilder.java:getDBDirPath(172)) - ozone.scm.datanode.id.dir is not configured. We recommend adding this setting. Falling back to ozone.metadata.dirs instead.
2024-11-30 15:00:55,908 [main] WARN  db.DBStoreBuilder (DBStoreBuilder.java:getDBDirPath(172)) - ozone.scm.datanode.id.dir is not configured. We recommend adding this setting. Falling back to ozone.metadata.dirs instead.
2024-11-30 15:00:55,922 [main] INFO  impl.FilePerChunkStrategy (FilePerChunkStrategy.java:<init>(84)) - ozone.chunk.read.mapped.buffer.max.count is load with 0
2024-11-30 15:00:55,922 [main] INFO  impl.FilePerBlockStrategy (FilePerBlockStrategy.java:<init>(91)) - ozone.chunk.read.mapped.buffer.max.count is load with 0
2024-11-30 15:00:55,923 [main] INFO  server.RaftServerConfigKeys (ConfUtils.java:logGet(46)) - raft.server.log.appender.buffer.byte-limit = 33554432 (custom)
2024-11-30 15:00:55,923 [main] INFO  server.RaftServer (ConfUtils.java:logGet(46)) - raft.rpc.type = GRPC (default)
2024-11-30 15:00:55,924 [main] INFO  grpc.GrpcConfigKeys (ConfUtils.java:logFallback(53)) - raft.grpc.admin.host = null (fallback to raft.grpc.server.host)
2024-11-30 15:00:55,924 [main] INFO  grpc.GrpcConfigKeys (ConfUtils.java:logGet(46)) - raft.grpc.admin.port = 15171 (custom)
2024-11-30 15:00:55,924 [main] INFO  grpc.GrpcConfigKeys (ConfUtils.java:logFallback(53)) - raft.grpc.client.host = null (fallback to raft.grpc.server.host)
2024-11-30 15:00:55,924 [main] INFO  grpc.GrpcConfigKeys (ConfUtils.java:logGet(46)) - raft.grpc.client.port = 15171 (custom)
2024-11-30 15:00:55,924 [main] INFO  grpc.GrpcConfigKeys (ConfUtils.java:logGet(46)) - raft.grpc.server.host = null (default)
2024-11-30 15:00:55,924 [main] INFO  grpc.GrpcConfigKeys (ConfUtils.java:logGet(46)) - raft.grpc.server.port = 15171 (custom)
2024-11-30 15:00:55,924 [main] INFO  server.GrpcService (ConfUtils.java:logGet(46)) - raft.grpc.message.size.max = 34603008 (custom)
2024-11-30 15:00:55,925 [main] INFO  server.GrpcService (ConfUtils.java:logGet(46)) - raft.grpc.flow.control.window = 5MB (=5242880) (custom)
2024-11-30 15:00:55,925 [main] INFO  server.RaftServerConfigKeys (ConfUtils.java:logGet(46)) - raft.server.rpc.request.timeout = 3000ms (default)
2024-11-30 15:00:55,925 [main] INFO  grpc.GrpcConfigKeys (ConfUtils.java:logGet(46)) - raft.grpc.server.heartbeat.channel = true (default)
2024-11-30 15:00:55,925 [main] INFO  server.RaftServerConfigKeys (ConfUtils.java:logGet(46)) - raft.server.log.appender.buffer.byte-limit = 33554432 (custom)
2024-11-30 15:00:55,925 [main] INFO  grpc.GrpcConfigKeys (ConfUtils.java:logGet(46)) - raft.grpc.server.async.request.thread.pool.cached = true (default)
2024-11-30 15:00:55,925 [main] INFO  grpc.GrpcConfigKeys (ConfUtils.java:logGet(46)) - raft.grpc.server.async.request.thread.pool.size = 32 (default)
2024-11-30 15:00:55,926 [main] INFO  impl.DataStreamServerImpl (ConfUtils.java:logGet(46)) - raft.datastream.type = NETTY (custom)
2024-11-30 15:00:55,927 [main] INFO  server.RaftServerConfigKeys (ConfUtils.java:logGet(46)) - raft.server.data-stream.async.request.thread.pool.cached = false (default)
2024-11-30 15:00:55,927 [main] INFO  server.RaftServerConfigKeys (ConfUtils.java:logGet(46)) - raft.server.data-stream.async.request.thread.pool.size = 20 (custom)
2024-11-30 15:00:55,927 [main] INFO  server.RaftServerConfigKeys (ConfUtils.java:logGet(46)) - raft.server.data-stream.async.write.thread.pool.size = 16 (default)
2024-11-30 15:00:55,927 [main] INFO  netty.NettyConfigKeys$DataStream (ConfUtils.java:logGet(46)) - raft.netty.dataStream.server.channel.inactive.grace-period = 10min (default)
2024-11-30 15:00:55,927 [main] INFO  server.RaftServerConfigKeys (ConfUtils.java:logGet(46)) - raft.server.data-stream.client.pool.size = 10 (default)
2024-11-30 15:00:55,927 [main] INFO  netty.NettyConfigKeys$DataStream (ConfUtils.java:logGet(46)) - raft.netty.dataStream.server.use-epoll = true (default)
2024-11-30 15:00:55,927 [main] INFO  netty.NettyConfigKeys$DataStream (ConfUtils.java:logGet(46)) - raft.netty.dataStream.server.boss-group.size = 0 (default)
2024-11-30 15:00:55,927 [main] INFO  netty.NettyUtils (NettyUtils.java:newEventLoopGroup(74)) - Create EpollEventLoopGroup for 719b1c3f-249c-457a-8743-b06328301a87-NettyServerStreamRpc-bossGroup; Thread size is 0.
2024-11-30 15:00:55,928 [main] INFO  netty.NettyConfigKeys$DataStream (ConfUtils.java:logGet(46)) - raft.netty.dataStream.server.worker-group.size = 0 (default)
2024-11-30 15:00:55,928 [main] INFO  netty.NettyUtils (NettyUtils.java:newEventLoopGroup(74)) - Create EpollEventLoopGroup for 719b1c3f-249c-457a-8743-b06328301a87-NettyServerStreamRpc-workerGroup; Thread size is 0.
2024-11-30 15:00:55,928 [main] INFO  netty.NettyConfigKeys$DataStream (ConfUtils.java:logGet(46)) - raft.netty.dataStream.server.tls.conf = null (default)
2024-11-30 15:00:55,928 [main] INFO  netty.NettyConfigKeys$DataStream (ConfUtils.java:logGet(46)) - raft.netty.dataStream.host = null (default)
2024-11-30 15:00:55,928 [main] INFO  netty.NettyConfigKeys$DataStream (ConfUtils.java:logGet(46)) - raft.netty.dataStream.port = 15174 (custom)
2024-11-30 15:00:55,929 [main] INFO  server.RaftServerConfigKeys (ConfUtils.java:logGet(46)) - raft.server.sleep.deviation.threshold = 300ms (default)
2024-11-30 15:00:55,929 [main] INFO  server.RaftServerConfigKeys (ConfUtils.java:logGet(46)) - raft.server.close.threshold = 60s (default)
2024-11-30 15:00:55,929 [main] INFO  server.RaftServerConfigKeys (ConfUtils.java:logGet(46)) - raft.server.leaderelection.leader.step-down.wait-time = 10s (default)
2024-11-30 15:00:55,929 [main] INFO  server.RaftServerConfigKeys (ConfUtils.java:logGet(46)) - raft.server.storage.dir = [/home/runner/work/ozone/ozone/hadoop-ozone/integration-test/target/test-dir/MiniOzoneClusterImpl-e985cbf7-8b64-4e7c-b64c-74e6afbb48f1/ozone-meta/datanode-1/ratis] (custom)
2024-11-30 15:00:55,929 [main] INFO  server.RaftServerConfigKeys (ConfUtils.java:logGet(46)) - raft.server.threadpool.proxy.cached = true (default)
2024-11-30 15:00:55,929 [main] INFO  server.RaftServerConfigKeys (ConfUtils.java:logGet(46)) - raft.server.threadpool.proxy.size = 0 (default)
2024-11-30 15:00:55,929 [719b1c3f-249c-457a-8743-b06328301a87-NettyServerStreamRpc-bossGroup--thread1] INFO  logging.LoggingHandler (AbstractInternalLogger.java:log(148)) - [id: 0xc5484fe9] REGISTERED
2024-11-30 15:00:55,930 [719b1c3f-249c-457a-8743-b06328301a87-NettyServerStreamRpc-bossGroup--thread1] INFO  logging.LoggingHandler (AbstractInternalLogger.java:log(148)) - [id: 0xc5484fe9] BIND: 0.0.0.0/0.0.0.0:15174
2024-11-30 15:00:55,930 [719b1c3f-249c-457a-8743-b06328301a87-NettyServerStreamRpc-bossGroup--thread1] INFO  logging.LoggingHandler (AbstractInternalLogger.java:log(148)) - [id: 0xc5484fe9, L:/0.0.0.0:15174] ACTIVE
2024-11-30 15:00:55,930 [719b1c3f-249c-457a-8743-b06328301a87-impl-thread1] INFO  server.RaftServer (RaftServerProxy.java:initGroupDir(265)) - 719b1c3f-249c-457a-8743-b06328301a87: found a subdirectory /home/runner/work/ozone/ozone/hadoop-ozone/integration-test/target/test-dir/MiniOzoneClusterImpl-e985cbf7-8b64-4e7c-b64c-74e6afbb48f1/ozone-meta/datanode-1/ratis/tmp
2024-11-30 15:00:55,930 [719b1c3f-249c-457a-8743-b06328301a87-impl-thread1] INFO  server.RaftServer (RaftServerProxy.java:initGroupDir(270)) - 719b1c3f-249c-457a-8743-b06328301a87: The directory /home/runner/work/ozone/ozone/hadoop-ozone/integration-test/target/test-dir/MiniOzoneClusterImpl-e985cbf7-8b64-4e7c-b64c-74e6afbb48f1/ozone-meta/datanode-1/ratis/tmp is not a group directory; ignoring it. 
2024-11-30 15:00:55,930 [main] INFO  replication.ReplicationServer (ReplicationServer.java:<init>(86)) - Initializing replication server with thread count = 10 queue length = 4096
2024-11-30 15:00:55,931 [main] INFO  server.XceiverServerGrpc (XceiverServerGrpc.java:<init>(135)) - GrpcServer channel type EpollServerSocketChannel
2024-11-30 15:00:55,932 [main] INFO  replication.ReplicationSupervisor (ReplicationSupervisor.java:build(171)) - Initializing replication supervisor with thread count = 10
2024-11-30 15:00:55,932 [main] INFO  replication.ReplicationSupervisor (ReplicationSupervisor.java:nodeStateUpdated(348)) - Node state updated to IN_SERVICE, scaling executor pool size to 10
2024-11-30 15:00:55,934 [main] INFO  http.BaseHttpServer (BaseHttpServer.java:newHttpServer2BuilderForOzone(223)) - Starting Web-server for hddsDatanode at: http://0.0.0.0:15168
2024-11-30 15:00:55,934 [main] INFO  http.BaseHttpServer (BaseHttpServer.java:<init>(110)) - Hadoop Security Enabled: false Ozone Security Enabled: false Ozone HTTP Security Enabled: false 
2024-11-30 15:00:55,935 [main] WARN  server.AuthenticationFilter (AuthenticationFilter.java:constructSecretProvider(240)) - Unable to initialize FileSignerSecretProvider, falling back to use random secrets. Reason: Could not read signature secret file: /home/runner/hadoop-http-auth-signature-secret
2024-11-30 15:00:55,936 [main] INFO  http.HttpRequestLog (HttpRequestLog.java:getRequestLog(86)) - Http request log for http.requests.hddsDatanode is not defined
2024-11-30 15:00:55,937 [main] INFO  http.HttpServer2 (HttpServer2.java:addGlobalFilter(1035)) - Added global filter 'safety' (class=org.apache.hadoop.hdds.server.http.HttpServer2$QuotingInputFilter)
2024-11-30 15:00:55,937 [main] INFO  http.HttpServer2 (HttpServer2.java:addFilter(1011)) - Added filter static_user_filter (class=org.apache.hadoop.http.lib.StaticUserWebFilter$StaticUserFilter) to context hddsDatanode
2024-11-30 15:00:55,937 [main] INFO  http.HttpServer2 (HttpServer2.java:addFilter(1019)) - Added filter static_user_filter (class=org.apache.hadoop.http.lib.StaticUserWebFilter$StaticUserFilter) to context logs
2024-11-30 15:00:55,937 [main] INFO  http.HttpServer2 (HttpServer2.java:addFilter(1019)) - Added filter static_user_filter (class=org.apache.hadoop.http.lib.StaticUserWebFilter$StaticUserFilter) to context static
2024-11-30 15:00:55,938 [main] INFO  http.BaseHttpServer (BaseHttpServer.java:<init>(189)) - HTTP server of hddsDatanode uses base directory /home/runner/work/ozone/ozone/hadoop-ozone/integration-test/target/test-dir/MiniOzoneClusterImpl-e985cbf7-8b64-4e7c-b64c-74e6afbb48f1/ozone-meta/datanode-1/meta/webserver
2024-11-30 15:00:55,938 [main] INFO  http.HttpServer2 (HttpServer2.java:bindListener(1235)) - Jetty bound to port 15168
2024-11-30 15:00:55,938 [main] INFO  server.Server (Server.java:doStart(375)) - jetty-9.4.56.v20240826; built: 2024-08-26T17:15:05.868Z; git: ec6782ff5ead824dabdcf47fa98f90a4aedff401; jvm 17.0.13+11
2024-11-30 15:00:55,939 [main] INFO  server.session (DefaultSessionIdManager.java:doStart(334)) - DefaultSessionIdManager workerName=node0
2024-11-30 15:00:55,939 [main] INFO  server.session (DefaultSessionIdManager.java:doStart(339)) - No SessionScavenger set, using defaults
2024-11-30 15:00:55,940 [main] INFO  server.session (HouseKeeper.java:startScavenging(132)) - node0 Scavenging every 600000ms
2024-11-30 15:00:55,940 [main] INFO  handler.ContextHandler (ContextHandler.java:doStart(921)) - Started o.e.j.s.ServletContextHandler@6ad05fb1{logs,/logs,file:///home/runner/work/ozone/ozone/hadoop-ozone/integration-test/target/log,AVAILABLE}
2024-11-30 15:00:55,940 [main] INFO  handler.ContextHandler (ContextHandler.java:doStart(921)) - Started o.e.j.s.ServletContextHandler@298e6a00{static,/static,jar:file:/home/runner/work/ozone/ozone/hadoop-hdds/container-service/target/hdds-container-service-2.0.0-SNAPSHOT.jar!/webapps/static,AVAILABLE}
2024-11-30 15:00:56,133 [main] INFO  handler.ContextHandler (ContextHandler.java:doStart(921)) - Started o.e.j.w.WebAppContext@3a5d4375{hddsDatanode,/,file:///home/runner/work/ozone/ozone/hadoop-ozone/integration-test/target/test-dir/MiniOzoneClusterImpl-e985cbf7-8b64-4e7c-b64c-74e6afbb48f1/ozone-meta/datanode-1/meta/webserver/jetty-0_0_0_0-15168-hdds-container-service-2_0_0-SNAPSHOT_jar-_-any-13164453036732198273/webapp/,AVAILABLE}{jar:file:/home/runner/work/ozone/ozone/hadoop-hdds/container-service/target/hdds-container-service-2.0.0-SNAPSHOT.jar!/webapps/hddsDatanode}
2024-11-30 15:00:56,134 [main] INFO  server.AbstractConnector (AbstractConnector.java:doStart(333)) - Started ServerConnector@226dfffd{HTTP/1.1, (http/1.1)}{0.0.0.0:15168}
2024-11-30 15:00:56,134 [main] INFO  server.Server (Server.java:doStart(415)) - Started @143226ms
2024-11-30 15:00:56,134 [main] WARN  impl.MetricsSystemImpl (MetricsSystemImpl.java:register(279)) - Sink prometheus already exists!
2024-11-30 15:00:56,135 [main] INFO  http.BaseHttpServer (BaseHttpServer.java:updateConnectorAddress(354)) - HTTP server of hddsDatanode listening at http://0.0.0.0:15168
2024-11-30 15:00:56,135 [main] INFO  ipc.CallQueueManager (CallQueueManager.java:<init>(93)) - Using callQueue: class java.util.concurrent.LinkedBlockingQueue, queueCapacity: 1000, scheduler: class org.apache.hadoop.ipc.DefaultRpcScheduler, ipcBackoff: false, ipcFailOver: false.
2024-11-30 15:00:56,135 [main] INFO  ipc.Server (Server.java:<init>(1438)) - Listener at 0.0.0.0:15169
2024-11-30 15:00:56,136 [Socket Reader #1 for port 15169] INFO  ipc.Server (Server.java:run(1474)) - Starting Socket Reader #1 for port 15169
2024-11-30 15:00:56,136 [Socket Reader #2 for port 15169] INFO  ipc.Server (Server.java:run(1474)) - Starting Socket Reader #2 for port 15169
2024-11-30 15:00:56,136 [Socket Reader #3 for port 15169] INFO  ipc.Server (Server.java:run(1474)) - Starting Socket Reader #3 for port 15169
2024-11-30 15:00:56,136 [Socket Reader #4 for port 15169] INFO  ipc.Server (Server.java:run(1474)) - Starting Socket Reader #4 for port 15169
2024-11-30 15:00:56,139 [Socket Reader #5 for port 15169] INFO  ipc.Server (Server.java:run(1474)) - Starting Socket Reader #5 for port 15169
2024-11-30 15:00:56,139 [Socket Reader #6 for port 15169] INFO  ipc.Server (Server.java:run(1474)) - Starting Socket Reader #6 for port 15169
2024-11-30 15:00:56,139 [Socket Reader #7 for port 15169] INFO  ipc.Server (Server.java:run(1474)) - Starting Socket Reader #7 for port 15169
2024-11-30 15:00:56,143 [Socket Reader #8 for port 15169] INFO  ipc.Server (Server.java:run(1474)) - Starting Socket Reader #8 for port 15169
2024-11-30 15:00:56,143 [Socket Reader #9 for port 15169] INFO  ipc.Server (Server.java:run(1474)) - Starting Socket Reader #9 for port 15169
2024-11-30 15:00:56,143 [Socket Reader #10 for port 15169] INFO  ipc.Server (Server.java:run(1474)) - Starting Socket Reader #10 for port 15169
2024-11-30 15:00:56,144 [main] INFO  ozone.HddsDatanodeService (HddsDatanodeService.java:start(332)) - Datanode start with admins: [runner]
2024-11-30 15:00:56,144 [main] INFO  ozone.HddsDatanodeClientProtocolServer (HddsDatanodeClientProtocolServer.java:start(79)) - RPC server for Client /0.0.0.0:15169
2024-11-30 15:00:56,145 [IPC Server Responder] INFO  ipc.Server (Server.java:run(1713)) - IPC Server Responder: starting
2024-11-30 15:00:56,145 [IPC Server listener on 15169] INFO  ipc.Server (Server.java:run(1553)) - IPC Server listener on 15169: starting
2024-11-30 15:00:56,146 [main] WARN  dropwizard3.Dm3MetricRegistriesImpl (Dm3MetricRegistriesImpl.java:addReporterRegistration(114)) - New reporters are added after registries were created. Some metrics will be missing from the reporter. Please add reporter before adding any new registry.
2024-11-30 15:00:56,146 [main] WARN  dropwizard3.Dm3MetricRegistriesImpl (Dm3MetricRegistriesImpl.java:addReporterRegistration(114)) - New reporters are added after registries were created. Some metrics will be missing from the reporter. Please add reporter before adding any new registry.
2024-11-30 15:00:56,146 [main] INFO  impl.MetricsSystemImpl (MetricsSystemImpl.java:init(158)) - HddsDatanode metrics system started (again)
2024-11-30 15:00:56,149 [719b1c3f-249c-457a-8743-b06328301a87-DatanodeStateMachineDaemonThread] INFO  statemachine.DatanodeStateMachine (DatanodeStateMachine.java:startStateMachineThread(337)) - Ozone container server started.
2024-11-30 15:00:56,153 [719b1c3f-249c-457a-8743-b06328301a87-DatanodeStateMachineTaskThread-0] INFO  datanode.InitDatanodeState (InitDatanodeState.java:persistContainerDatanodeDetails(139)) - DatanodeDetails is persisted to /home/runner/work/ozone/ozone/hadoop-ozone/integration-test/target/test-dir/MiniOzoneClusterImpl-e985cbf7-8b64-4e7c-b64c-74e6afbb48f1/ozone-meta/datanode-1/meta/datanode.id
2024-11-30 15:00:56,157 [main] INFO  ozone.HddsDatanodeService (HddsDatanodeService.java:start(241)) - HddsDatanodeService host:fv-az1244-86.2ivcf5gccrduxdzatmozi1qnag.dx.internal.cloudapp.net ip:10.1.0.100
2024-11-30 15:00:56,159 [main] INFO  upgrade.AbstractLayoutVersionManager (AbstractLayoutVersionManager.java:init(83)) - Initializing Layout version manager with metadata layout = HBASE_SUPPORT (version = 8), software layout = HBASE_SUPPORT (version = 8)
2024-11-30 15:00:56,160 [main] INFO  statemachine.DatanodeStateMachine (DatanodeStateMachine.java:getEndPointTaskThreadPoolSize(294)) - Datanode State Machine Task Thread Pool size 2
2024-11-30 15:00:56,161 [main] INFO  volume.HddsVolume (HddsVolume.java:<init>(134)) - Creating HddsVolume: /home/runner/work/ozone/ozone/hadoop-ozone/integration-test/target/test-dir/MiniOzoneClusterImpl-e985cbf7-8b64-4e7c-b64c-74e6afbb48f1/ozone-meta/datanode-2/data-0/hdds of storage type : DISK capacity : 9222449699674390527
2024-11-30 15:00:56,161 [main] INFO  volume.MutableVolumeSet (MutableVolumeSet.java:initializeVolumeSet(174)) - Added Volume : /home/runner/work/ozone/ozone/hadoop-ozone/integration-test/target/test-dir/MiniOzoneClusterImpl-e985cbf7-8b64-4e7c-b64c-74e6afbb48f1/ozone-meta/datanode-2/data-0/hdds to VolumeSet
2024-11-30 15:00:56,162 [main] INFO  volume.MutableVolumeSet (MutableVolumeSet.java:initializeVolumeSet(174)) - Added Volume : /home/runner/work/ozone/ozone/hadoop-ozone/integration-test/target/test-dir/MiniOzoneClusterImpl-e985cbf7-8b64-4e7c-b64c-74e6afbb48f1/ozone-meta/datanode-2/ratis to VolumeSet
2024-11-30 15:00:56,163 [main] INFO  ozoneimpl.OzoneContainer (HddsVolumeUtil.java:loadAllHddsVolumeDbStore(103)) - Load 1 volumes DbStore cost: 0ms
2024-11-30 15:00:56,163 [main] WARN  db.DBStoreBuilder (DBStoreBuilder.java:getDBDirPath(172)) - ozone.scm.datanode.id.dir is not configured. We recommend adding this setting. Falling back to ozone.metadata.dirs instead.
2024-11-30 15:00:56,164 [main] WARN  db.DBStoreBuilder (DBStoreBuilder.java:getDBDirPath(172)) - ozone.scm.datanode.id.dir is not configured. We recommend adding this setting. Falling back to ozone.metadata.dirs instead.
2024-11-30 15:00:56,176 [main] INFO  impl.FilePerChunkStrategy (FilePerChunkStrategy.java:<init>(84)) - ozone.chunk.read.mapped.buffer.max.count is load with 0
2024-11-30 15:00:56,177 [main] INFO  impl.FilePerBlockStrategy (FilePerBlockStrategy.java:<init>(91)) - ozone.chunk.read.mapped.buffer.max.count is load with 0
2024-11-30 15:00:56,177 [main] INFO  server.RaftServerConfigKeys (ConfUtils.java:logGet(46)) - raft.server.log.appender.buffer.byte-limit = 33554432 (custom)
2024-11-30 15:00:56,178 [main] INFO  server.RaftServer (ConfUtils.java:logGet(46)) - raft.rpc.type = GRPC (default)
2024-11-30 15:00:56,178 [main] INFO  grpc.GrpcConfigKeys (ConfUtils.java:logFallback(53)) - raft.grpc.admin.host = null (fallback to raft.grpc.server.host)
2024-11-30 15:00:56,178 [main] INFO  grpc.GrpcConfigKeys (ConfUtils.java:logGet(46)) - raft.grpc.admin.port = 15180 (custom)
2024-11-30 15:00:56,179 [main] INFO  grpc.GrpcConfigKeys (ConfUtils.java:logFallback(53)) - raft.grpc.client.host = null (fallback to raft.grpc.server.host)
2024-11-30 15:00:56,179 [main] INFO  grpc.GrpcConfigKeys (ConfUtils.java:logGet(46)) - raft.grpc.client.port = 15180 (custom)
2024-11-30 15:00:56,179 [main] INFO  grpc.GrpcConfigKeys (ConfUtils.java:logGet(46)) - raft.grpc.server.host = null (default)
2024-11-30 15:00:56,179 [main] INFO  grpc.GrpcConfigKeys (ConfUtils.java:logGet(46)) - raft.grpc.server.port = 15180 (custom)
2024-11-30 15:00:56,179 [main] INFO  server.GrpcService (ConfUtils.java:logGet(46)) - raft.grpc.message.size.max = 34603008 (custom)
2024-11-30 15:00:56,179 [main] INFO  server.GrpcService (ConfUtils.java:logGet(46)) - raft.grpc.flow.control.window = 5MB (=5242880) (custom)
2024-11-30 15:00:56,179 [main] INFO  server.RaftServerConfigKeys (ConfUtils.java:logGet(46)) - raft.server.rpc.request.timeout = 3000ms (default)
2024-11-30 15:00:56,179 [main] INFO  grpc.GrpcConfigKeys (ConfUtils.java:logGet(46)) - raft.grpc.server.heartbeat.channel = true (default)
2024-11-30 15:00:56,179 [main] INFO  server.RaftServerConfigKeys (ConfUtils.java:logGet(46)) - raft.server.log.appender.buffer.byte-limit = 33554432 (custom)
2024-11-30 15:00:56,179 [main] INFO  grpc.GrpcConfigKeys (ConfUtils.java:logGet(46)) - raft.grpc.server.async.request.thread.pool.cached = true (default)
2024-11-30 15:00:56,179 [main] INFO  grpc.GrpcConfigKeys (ConfUtils.java:logGet(46)) - raft.grpc.server.async.request.thread.pool.size = 32 (default)
2024-11-30 15:00:56,180 [main] INFO  impl.DataStreamServerImpl (ConfUtils.java:logGet(46)) - raft.datastream.type = NETTY (custom)
2024-11-30 15:00:56,180 [main] INFO  server.RaftServerConfigKeys (ConfUtils.java:logGet(46)) - raft.server.data-stream.async.request.thread.pool.cached = false (default)
2024-11-30 15:00:56,180 [main] INFO  server.RaftServerConfigKeys (ConfUtils.java:logGet(46)) - raft.server.data-stream.async.request.thread.pool.size = 20 (custom)
2024-11-30 15:00:56,180 [main] INFO  server.RaftServerConfigKeys (ConfUtils.java:logGet(46)) - raft.server.data-stream.async.write.thread.pool.size = 16 (default)
2024-11-30 15:00:56,181 [main] INFO  netty.NettyConfigKeys$DataStream (ConfUtils.java:logGet(46)) - raft.netty.dataStream.server.channel.inactive.grace-period = 10min (default)
2024-11-30 15:00:56,181 [main] INFO  server.RaftServerConfigKeys (ConfUtils.java:logGet(46)) - raft.server.data-stream.client.pool.size = 10 (default)
2024-11-30 15:00:56,181 [main] INFO  netty.NettyConfigKeys$DataStream (ConfUtils.java:logGet(46)) - raft.netty.dataStream.server.use-epoll = true (default)
2024-11-30 15:00:56,181 [main] INFO  netty.NettyConfigKeys$DataStream (ConfUtils.java:logGet(46)) - raft.netty.dataStream.server.boss-group.size = 0 (default)
2024-11-30 15:00:56,181 [main] INFO  netty.NettyUtils (NettyUtils.java:newEventLoopGroup(74)) - Create EpollEventLoopGroup for d57daabc-8d0b-4ea3-831e-cde13ca8d1d7-NettyServerStreamRpc-bossGroup; Thread size is 0.
2024-11-30 15:00:56,181 [main] INFO  netty.NettyConfigKeys$DataStream (ConfUtils.java:logGet(46)) - raft.netty.dataStream.server.worker-group.size = 0 (default)
2024-11-30 15:00:56,181 [main] INFO  netty.NettyUtils (NettyUtils.java:newEventLoopGroup(74)) - Create EpollEventLoopGroup for d57daabc-8d0b-4ea3-831e-cde13ca8d1d7-NettyServerStreamRpc-workerGroup; Thread size is 0.
2024-11-30 15:00:56,181 [main] INFO  netty.NettyConfigKeys$DataStream (ConfUtils.java:logGet(46)) - raft.netty.dataStream.server.tls.conf = null (default)
2024-11-30 15:00:56,182 [main] INFO  netty.NettyConfigKeys$DataStream (ConfUtils.java:logGet(46)) - raft.netty.dataStream.host = null (default)
2024-11-30 15:00:56,182 [main] INFO  netty.NettyConfigKeys$DataStream (ConfUtils.java:logGet(46)) - raft.netty.dataStream.port = 15183 (custom)
2024-11-30 15:00:56,182 [main] INFO  server.RaftServerConfigKeys (ConfUtils.java:logGet(46)) - raft.server.sleep.deviation.threshold = 300ms (default)
2024-11-30 15:00:56,182 [main] INFO  server.RaftServerConfigKeys (ConfUtils.java:logGet(46)) - raft.server.close.threshold = 60s (default)
2024-11-30 15:00:56,182 [main] INFO  server.RaftServerConfigKeys (ConfUtils.java:logGet(46)) - raft.server.leaderelection.leader.step-down.wait-time = 10s (default)
2024-11-30 15:00:56,182 [d57daabc-8d0b-4ea3-831e-cde13ca8d1d7-NettyServerStreamRpc-bossGroup--thread1] INFO  logging.LoggingHandler (AbstractInternalLogger.java:log(148)) - [id: 0xa328932b] REGISTERED
2024-11-30 15:00:56,182 [main] INFO  server.RaftServerConfigKeys (ConfUtils.java:logGet(46)) - raft.server.storage.dir = [/home/runner/work/ozone/ozone/hadoop-ozone/integration-test/target/test-dir/MiniOzoneClusterImpl-e985cbf7-8b64-4e7c-b64c-74e6afbb48f1/ozone-meta/datanode-2/ratis] (custom)
2024-11-30 15:00:56,183 [main] INFO  server.RaftServerConfigKeys (ConfUtils.java:logGet(46)) - raft.server.threadpool.proxy.cached = true (default)
2024-11-30 15:00:56,183 [main] INFO  server.RaftServerConfigKeys (ConfUtils.java:logGet(46)) - raft.server.threadpool.proxy.size = 0 (default)
2024-11-30 15:00:56,182 [d57daabc-8d0b-4ea3-831e-cde13ca8d1d7-NettyServerStreamRpc-bossGroup--thread1] INFO  logging.LoggingHandler (AbstractInternalLogger.java:log(148)) - [id: 0xa328932b] BIND: 0.0.0.0/0.0.0.0:15183
2024-11-30 15:00:56,183 [d57daabc-8d0b-4ea3-831e-cde13ca8d1d7-NettyServerStreamRpc-bossGroup--thread1] INFO  logging.LoggingHandler (AbstractInternalLogger.java:log(148)) - [id: 0xa328932b, L:/0.0.0.0:15183] ACTIVE
2024-11-30 15:00:56,183 [d57daabc-8d0b-4ea3-831e-cde13ca8d1d7-impl-thread1] INFO  server.RaftServer (RaftServerProxy.java:initGroupDir(265)) - d57daabc-8d0b-4ea3-831e-cde13ca8d1d7: found a subdirectory /home/runner/work/ozone/ozone/hadoop-ozone/integration-test/target/test-dir/MiniOzoneClusterImpl-e985cbf7-8b64-4e7c-b64c-74e6afbb48f1/ozone-meta/datanode-2/ratis/tmp
2024-11-30 15:00:56,183 [d57daabc-8d0b-4ea3-831e-cde13ca8d1d7-impl-thread1] INFO  server.RaftServer (RaftServerProxy.java:initGroupDir(270)) - d57daabc-8d0b-4ea3-831e-cde13ca8d1d7: The directory /home/runner/work/ozone/ozone/hadoop-ozone/integration-test/target/test-dir/MiniOzoneClusterImpl-e985cbf7-8b64-4e7c-b64c-74e6afbb48f1/ozone-meta/datanode-2/ratis/tmp is not a group directory; ignoring it. 
2024-11-30 15:00:56,183 [main] INFO  replication.ReplicationServer (ReplicationServer.java:<init>(86)) - Initializing replication server with thread count = 10 queue length = 4096
2024-11-30 15:00:56,184 [main] INFO  server.XceiverServerGrpc (XceiverServerGrpc.java:<init>(135)) - GrpcServer channel type EpollServerSocketChannel
2024-11-30 15:00:56,185 [main] INFO  replication.ReplicationSupervisor (ReplicationSupervisor.java:build(171)) - Initializing replication supervisor with thread count = 10
2024-11-30 15:00:56,185 [main] INFO  replication.ReplicationSupervisor (ReplicationSupervisor.java:nodeStateUpdated(348)) - Node state updated to IN_SERVICE, scaling executor pool size to 10
2024-11-30 15:00:56,187 [main] INFO  http.BaseHttpServer (BaseHttpServer.java:newHttpServer2BuilderForOzone(223)) - Starting Web-server for hddsDatanode at: http://0.0.0.0:15177
2024-11-30 15:00:56,187 [main] INFO  http.BaseHttpServer (BaseHttpServer.java:<init>(110)) - Hadoop Security Enabled: false Ozone Security Enabled: false Ozone HTTP Security Enabled: false 
2024-11-30 15:00:56,188 [main] WARN  server.AuthenticationFilter (AuthenticationFilter.java:constructSecretProvider(240)) - Unable to initialize FileSignerSecretProvider, falling back to use random secrets. Reason: Could not read signature secret file: /home/runner/hadoop-http-auth-signature-secret
2024-11-30 15:00:56,188 [main] INFO  http.HttpRequestLog (HttpRequestLog.java:getRequestLog(86)) - Http request log for http.requests.hddsDatanode is not defined
2024-11-30 15:00:56,189 [main] INFO  http.HttpServer2 (HttpServer2.java:addGlobalFilter(1035)) - Added global filter 'safety' (class=org.apache.hadoop.hdds.server.http.HttpServer2$QuotingInputFilter)
2024-11-30 15:00:56,190 [main] INFO  http.HttpServer2 (HttpServer2.java:addFilter(1011)) - Added filter static_user_filter (class=org.apache.hadoop.http.lib.StaticUserWebFilter$StaticUserFilter) to context hddsDatanode
2024-11-30 15:00:56,190 [main] INFO  http.HttpServer2 (HttpServer2.java:addFilter(1019)) - Added filter static_user_filter (class=org.apache.hadoop.http.lib.StaticUserWebFilter$StaticUserFilter) to context logs
2024-11-30 15:00:56,190 [main] INFO  http.HttpServer2 (HttpServer2.java:addFilter(1019)) - Added filter static_user_filter (class=org.apache.hadoop.http.lib.StaticUserWebFilter$StaticUserFilter) to context static
2024-11-30 15:00:56,190 [main] INFO  http.BaseHttpServer (BaseHttpServer.java:<init>(189)) - HTTP server of hddsDatanode uses base directory /home/runner/work/ozone/ozone/hadoop-ozone/integration-test/target/test-dir/MiniOzoneClusterImpl-e985cbf7-8b64-4e7c-b64c-74e6afbb48f1/ozone-meta/datanode-2/meta/webserver
2024-11-30 15:00:56,190 [main] INFO  http.HttpServer2 (HttpServer2.java:bindListener(1235)) - Jetty bound to port 15177
2024-11-30 15:00:56,191 [main] INFO  server.Server (Server.java:doStart(375)) - jetty-9.4.56.v20240826; built: 2024-08-26T17:15:05.868Z; git: ec6782ff5ead824dabdcf47fa98f90a4aedff401; jvm 17.0.13+11
2024-11-30 15:00:56,195 [main] INFO  server.session (DefaultSessionIdManager.java:doStart(334)) - DefaultSessionIdManager workerName=node0
2024-11-30 15:00:56,195 [main] INFO  server.session (DefaultSessionIdManager.java:doStart(339)) - No SessionScavenger set, using defaults
2024-11-30 15:00:56,195 [main] INFO  server.session (HouseKeeper.java:startScavenging(132)) - node0 Scavenging every 600000ms
2024-11-30 15:00:56,196 [main] INFO  handler.ContextHandler (ContextHandler.java:doStart(921)) - Started o.e.j.s.ServletContextHandler@228655ff{logs,/logs,file:///home/runner/work/ozone/ozone/hadoop-ozone/integration-test/target/log,AVAILABLE}
2024-11-30 15:00:56,196 [main] INFO  handler.ContextHandler (ContextHandler.java:doStart(921)) - Started o.e.j.s.ServletContextHandler@4cf63f18{static,/static,jar:file:/home/runner/work/ozone/ozone/hadoop-hdds/container-service/target/hdds-container-service-2.0.0-SNAPSHOT.jar!/webapps/static,AVAILABLE}
2024-11-30 15:00:56,389 [main] INFO  handler.ContextHandler (ContextHandler.java:doStart(921)) - Started o.e.j.w.WebAppContext@1e7b3952{hddsDatanode,/,file:///home/runner/work/ozone/ozone/hadoop-ozone/integration-test/target/test-dir/MiniOzoneClusterImpl-e985cbf7-8b64-4e7c-b64c-74e6afbb48f1/ozone-meta/datanode-2/meta/webserver/jetty-0_0_0_0-15177-hdds-container-service-2_0_0-SNAPSHOT_jar-_-any-7614350050911371346/webapp/,AVAILABLE}{jar:file:/home/runner/work/ozone/ozone/hadoop-hdds/container-service/target/hdds-container-service-2.0.0-SNAPSHOT.jar!/webapps/hddsDatanode}
2024-11-30 15:00:56,390 [main] INFO  server.AbstractConnector (AbstractConnector.java:doStart(333)) - Started ServerConnector@73e6d0e8{HTTP/1.1, (http/1.1)}{0.0.0.0:15177}
2024-11-30 15:00:56,390 [main] INFO  server.Server (Server.java:doStart(415)) - Started @143482ms
2024-11-30 15:00:56,390 [main] WARN  impl.MetricsSystemImpl (MetricsSystemImpl.java:register(279)) - Sink prometheus already exists!
2024-11-30 15:00:56,391 [main] INFO  http.BaseHttpServer (BaseHttpServer.java:updateConnectorAddress(354)) - HTTP server of hddsDatanode listening at http://0.0.0.0:15177
2024-11-30 15:00:56,391 [main] INFO  ipc.CallQueueManager (CallQueueManager.java:<init>(93)) - Using callQueue: class java.util.concurrent.LinkedBlockingQueue, queueCapacity: 1000, scheduler: class org.apache.hadoop.ipc.DefaultRpcScheduler, ipcBackoff: false, ipcFailOver: false.
2024-11-30 15:00:56,391 [main] INFO  ipc.Server (Server.java:<init>(1438)) - Listener at 0.0.0.0:15178
2024-11-30 15:00:56,392 [Socket Reader #1 for port 15178] INFO  ipc.Server (Server.java:run(1474)) - Starting Socket Reader #1 for port 15178
2024-11-30 15:00:56,392 [Socket Reader #2 for port 15178] INFO  ipc.Server (Server.java:run(1474)) - Starting Socket Reader #2 for port 15178
2024-11-30 15:00:56,392 [Socket Reader #3 for port 15178] INFO  ipc.Server (Server.java:run(1474)) - Starting Socket Reader #3 for port 15178
2024-11-30 15:00:56,392 [Socket Reader #4 for port 15178] INFO  ipc.Server (Server.java:run(1474)) - Starting Socket Reader #4 for port 15178
2024-11-30 15:00:56,392 [Socket Reader #5 for port 15178] INFO  ipc.Server (Server.java:run(1474)) - Starting Socket Reader #5 for port 15178
2024-11-30 15:00:56,393 [Socket Reader #6 for port 15178] INFO  ipc.Server (Server.java:run(1474)) - Starting Socket Reader #6 for port 15178
2024-11-30 15:00:56,393 [Socket Reader #7 for port 15178] INFO  ipc.Server (Server.java:run(1474)) - Starting Socket Reader #7 for port 15178
2024-11-30 15:00:56,393 [Socket Reader #8 for port 15178] INFO  ipc.Server (Server.java:run(1474)) - Starting Socket Reader #8 for port 15178
2024-11-30 15:00:56,393 [Socket Reader #9 for port 15178] INFO  ipc.Server (Server.java:run(1474)) - Starting Socket Reader #9 for port 15178
2024-11-30 15:00:56,393 [Socket Reader #10 for port 15178] INFO  ipc.Server (Server.java:run(1474)) - Starting Socket Reader #10 for port 15178
2024-11-30 15:00:56,394 [main] INFO  ozone.HddsDatanodeService (HddsDatanodeService.java:start(332)) - Datanode start with admins: [runner]
2024-11-30 15:00:56,395 [main] INFO  ozone.HddsDatanodeClientProtocolServer (HddsDatanodeClientProtocolServer.java:start(79)) - RPC server for Client /0.0.0.0:15178
2024-11-30 15:00:56,395 [IPC Server Responder] INFO  ipc.Server (Server.java:run(1713)) - IPC Server Responder: starting
2024-11-30 15:00:56,395 [IPC Server listener on 15178] INFO  ipc.Server (Server.java:run(1553)) - IPC Server listener on 15178: starting
2024-11-30 15:00:56,396 [main] WARN  dropwizard3.Dm3MetricRegistriesImpl (Dm3MetricRegistriesImpl.java:addReporterRegistration(114)) - New reporters are added after registries were created. Some metrics will be missing from the reporter. Please add reporter before adding any new registry.
2024-11-30 15:00:56,396 [main] WARN  dropwizard3.Dm3MetricRegistriesImpl (Dm3MetricRegistriesImpl.java:addReporterRegistration(114)) - New reporters are added after registries were created. Some metrics will be missing from the reporter. Please add reporter before adding any new registry.
2024-11-30 15:00:56,396 [main] INFO  impl.MetricsSystemImpl (MetricsSystemImpl.java:init(158)) - HddsDatanode metrics system started (again)
2024-11-30 15:00:56,397 [d57daabc-8d0b-4ea3-831e-cde13ca8d1d7-DatanodeStateMachineDaemonThread] INFO  statemachine.DatanodeStateMachine (DatanodeStateMachine.java:startStateMachineThread(337)) - Ozone container server started.
2024-11-30 15:00:56,399 [d57daabc-8d0b-4ea3-831e-cde13ca8d1d7-DatanodeStateMachineTaskThread-0] INFO  datanode.InitDatanodeState (InitDatanodeState.java:persistContainerDatanodeDetails(139)) - DatanodeDetails is persisted to /home/runner/work/ozone/ozone/hadoop-ozone/integration-test/target/test-dir/MiniOzoneClusterImpl-e985cbf7-8b64-4e7c-b64c-74e6afbb48f1/ozone-meta/datanode-2/meta/datanode.id
2024-11-30 15:00:56,406 [main] INFO  ozone.HddsDatanodeService (HddsDatanodeService.java:start(241)) - HddsDatanodeService host:fv-az1244-86.2ivcf5gccrduxdzatmozi1qnag.dx.internal.cloudapp.net ip:10.1.0.100
2024-11-30 15:00:56,408 [main] INFO  upgrade.AbstractLayoutVersionManager (AbstractLayoutVersionManager.java:init(83)) - Initializing Layout version manager with metadata layout = HBASE_SUPPORT (version = 8), software layout = HBASE_SUPPORT (version = 8)
2024-11-30 15:00:56,408 [main] INFO  statemachine.DatanodeStateMachine (DatanodeStateMachine.java:getEndPointTaskThreadPoolSize(294)) - Datanode State Machine Task Thread Pool size 2
2024-11-30 15:00:56,410 [main] INFO  volume.HddsVolume (HddsVolume.java:<init>(134)) - Creating HddsVolume: /home/runner/work/ozone/ozone/hadoop-ozone/integration-test/target/test-dir/MiniOzoneClusterImpl-e985cbf7-8b64-4e7c-b64c-74e6afbb48f1/ozone-meta/datanode-3/data-0/hdds of storage type : DISK capacity : 9222449699674390527
2024-11-30 15:00:56,410 [main] INFO  volume.MutableVolumeSet (MutableVolumeSet.java:initializeVolumeSet(174)) - Added Volume : /home/runner/work/ozone/ozone/hadoop-ozone/integration-test/target/test-dir/MiniOzoneClusterImpl-e985cbf7-8b64-4e7c-b64c-74e6afbb48f1/ozone-meta/datanode-3/data-0/hdds to VolumeSet
2024-11-30 15:00:56,410 [main] INFO  volume.MutableVolumeSet (MutableVolumeSet.java:initializeVolumeSet(174)) - Added Volume : /home/runner/work/ozone/ozone/hadoop-ozone/integration-test/target/test-dir/MiniOzoneClusterImpl-e985cbf7-8b64-4e7c-b64c-74e6afbb48f1/ozone-meta/datanode-3/ratis to VolumeSet
2024-11-30 15:00:56,411 [main] INFO  ozoneimpl.OzoneContainer (HddsVolumeUtil.java:loadAllHddsVolumeDbStore(103)) - Load 1 volumes DbStore cost: 0ms
2024-11-30 15:00:56,411 [main] WARN  db.DBStoreBuilder (DBStoreBuilder.java:getDBDirPath(172)) - ozone.scm.datanode.id.dir is not configured. We recommend adding this setting. Falling back to ozone.metadata.dirs instead.
2024-11-30 15:00:56,412 [main] WARN  db.DBStoreBuilder (DBStoreBuilder.java:getDBDirPath(172)) - ozone.scm.datanode.id.dir is not configured. We recommend adding this setting. Falling back to ozone.metadata.dirs instead.
2024-11-30 15:00:56,424 [main] INFO  impl.FilePerChunkStrategy (FilePerChunkStrategy.java:<init>(84)) - ozone.chunk.read.mapped.buffer.max.count is load with 0
2024-11-30 15:00:56,424 [main] INFO  impl.FilePerBlockStrategy (FilePerBlockStrategy.java:<init>(91)) - ozone.chunk.read.mapped.buffer.max.count is load with 0
2024-11-30 15:00:56,424 [main] INFO  server.RaftServerConfigKeys (ConfUtils.java:logGet(46)) - raft.server.log.appender.buffer.byte-limit = 33554432 (custom)
2024-11-30 15:00:56,425 [main] INFO  server.RaftServer (ConfUtils.java:logGet(46)) - raft.rpc.type = GRPC (default)
2024-11-30 15:00:56,425 [main] INFO  grpc.GrpcConfigKeys (ConfUtils.java:logFallback(53)) - raft.grpc.admin.host = null (fallback to raft.grpc.server.host)
2024-11-30 15:00:56,425 [main] INFO  grpc.GrpcConfigKeys (ConfUtils.java:logGet(46)) - raft.grpc.admin.port = 15189 (custom)
2024-11-30 15:00:56,425 [main] INFO  grpc.GrpcConfigKeys (ConfUtils.java:logFallback(53)) - raft.grpc.client.host = null (fallback to raft.grpc.server.host)
2024-11-30 15:00:56,425 [main] INFO  grpc.GrpcConfigKeys (ConfUtils.java:logGet(46)) - raft.grpc.client.port = 15189 (custom)
2024-11-30 15:00:56,425 [main] INFO  grpc.GrpcConfigKeys (ConfUtils.java:logGet(46)) - raft.grpc.server.host = null (default)
2024-11-30 15:00:56,425 [main] INFO  grpc.GrpcConfigKeys (ConfUtils.java:logGet(46)) - raft.grpc.server.port = 15189 (custom)
2024-11-30 15:00:56,426 [main] INFO  server.GrpcService (ConfUtils.java:logGet(46)) - raft.grpc.message.size.max = 34603008 (custom)
2024-11-30 15:00:56,426 [main] INFO  server.GrpcService (ConfUtils.java:logGet(46)) - raft.grpc.flow.control.window = 5MB (=5242880) (custom)
2024-11-30 15:00:56,426 [main] INFO  server.RaftServerConfigKeys (ConfUtils.java:logGet(46)) - raft.server.rpc.request.timeout = 3000ms (default)
2024-11-30 15:00:56,426 [main] INFO  grpc.GrpcConfigKeys (ConfUtils.java:logGet(46)) - raft.grpc.server.heartbeat.channel = true (default)
2024-11-30 15:00:56,426 [main] INFO  server.RaftServerConfigKeys (ConfUtils.java:logGet(46)) - raft.server.log.appender.buffer.byte-limit = 33554432 (custom)
2024-11-30 15:00:56,426 [main] INFO  grpc.GrpcConfigKeys (ConfUtils.java:logGet(46)) - raft.grpc.server.async.request.thread.pool.cached = true (default)
2024-11-30 15:00:56,426 [main] INFO  grpc.GrpcConfigKeys (ConfUtils.java:logGet(46)) - raft.grpc.server.async.request.thread.pool.size = 32 (default)
2024-11-30 15:00:56,427 [main] INFO  impl.DataStreamServerImpl (ConfUtils.java:logGet(46)) - raft.datastream.type = NETTY (custom)
2024-11-30 15:00:56,427 [main] INFO  server.RaftServerConfigKeys (ConfUtils.java:logGet(46)) - raft.server.data-stream.async.request.thread.pool.cached = false (default)
2024-11-30 15:00:56,427 [main] INFO  server.RaftServerConfigKeys (ConfUtils.java:logGet(46)) - raft.server.data-stream.async.request.thread.pool.size = 20 (custom)
2024-11-30 15:00:56,427 [main] INFO  server.RaftServerConfigKeys (ConfUtils.java:logGet(46)) - raft.server.data-stream.async.write.thread.pool.size = 16 (default)
2024-11-30 15:00:56,427 [main] INFO  netty.NettyConfigKeys$DataStream (ConfUtils.java:logGet(46)) - raft.netty.dataStream.server.channel.inactive.grace-period = 10min (default)
2024-11-30 15:00:56,428 [main] INFO  server.RaftServerConfigKeys (ConfUtils.java:logGet(46)) - raft.server.data-stream.client.pool.size = 10 (default)
2024-11-30 15:00:56,428 [main] INFO  netty.NettyConfigKeys$DataStream (ConfUtils.java:logGet(46)) - raft.netty.dataStream.server.use-epoll = true (default)
2024-11-30 15:00:56,428 [main] INFO  netty.NettyConfigKeys$DataStream (ConfUtils.java:logGet(46)) - raft.netty.dataStream.server.boss-group.size = 0 (default)
2024-11-30 15:00:56,428 [main] INFO  netty.NettyUtils (NettyUtils.java:newEventLoopGroup(74)) - Create EpollEventLoopGroup for af7ee296-5066-44e3-a94d-aaeda09020f2-NettyServerStreamRpc-bossGroup; Thread size is 0.
2024-11-30 15:00:56,428 [main] INFO  netty.NettyConfigKeys$DataStream (ConfUtils.java:logGet(46)) - raft.netty.dataStream.server.worker-group.size = 0 (default)
2024-11-30 15:00:56,428 [main] INFO  netty.NettyUtils (NettyUtils.java:newEventLoopGroup(74)) - Create EpollEventLoopGroup for af7ee296-5066-44e3-a94d-aaeda09020f2-NettyServerStreamRpc-workerGroup; Thread size is 0.
2024-11-30 15:00:56,429 [main] INFO  netty.NettyConfigKeys$DataStream (ConfUtils.java:logGet(46)) - raft.netty.dataStream.server.tls.conf = null (default)
2024-11-30 15:00:56,429 [main] INFO  netty.NettyConfigKeys$DataStream (ConfUtils.java:logGet(46)) - raft.netty.dataStream.host = null (default)
2024-11-30 15:00:56,429 [main] INFO  netty.NettyConfigKeys$DataStream (ConfUtils.java:logGet(46)) - raft.netty.dataStream.port = 15192 (custom)
2024-11-30 15:00:56,429 [main] INFO  server.RaftServerConfigKeys (ConfUtils.java:logGet(46)) - raft.server.sleep.deviation.threshold = 300ms (default)
2024-11-30 15:00:56,430 [main] INFO  server.RaftServerConfigKeys (ConfUtils.java:logGet(46)) - raft.server.close.threshold = 60s (default)
2024-11-30 15:00:56,430 [main] INFO  server.RaftServerConfigKeys (ConfUtils.java:logGet(46)) - raft.server.leaderelection.leader.step-down.wait-time = 10s (default)
2024-11-30 15:00:56,430 [af7ee296-5066-44e3-a94d-aaeda09020f2-NettyServerStreamRpc-bossGroup--thread1] INFO  logging.LoggingHandler (AbstractInternalLogger.java:log(148)) - [id: 0x02d47489] REGISTERED
2024-11-30 15:00:56,430 [main] INFO  server.RaftServerConfigKeys (ConfUtils.java:logGet(46)) - raft.server.storage.dir = [/home/runner/work/ozone/ozone/hadoop-ozone/integration-test/target/test-dir/MiniOzoneClusterImpl-e985cbf7-8b64-4e7c-b64c-74e6afbb48f1/ozone-meta/datanode-3/ratis] (custom)
2024-11-30 15:00:56,430 [main] INFO  server.RaftServerConfigKeys (ConfUtils.java:logGet(46)) - raft.server.threadpool.proxy.cached = true (default)
2024-11-30 15:00:56,430 [main] INFO  server.RaftServerConfigKeys (ConfUtils.java:logGet(46)) - raft.server.threadpool.proxy.size = 0 (default)
2024-11-30 15:00:56,430 [af7ee296-5066-44e3-a94d-aaeda09020f2-NettyServerStreamRpc-bossGroup--thread1] INFO  logging.LoggingHandler (AbstractInternalLogger.java:log(148)) - [id: 0x02d47489] BIND: 0.0.0.0/0.0.0.0:15192
2024-11-30 15:00:56,431 [af7ee296-5066-44e3-a94d-aaeda09020f2-NettyServerStreamRpc-bossGroup--thread1] INFO  logging.LoggingHandler (AbstractInternalLogger.java:log(148)) - [id: 0x02d47489, L:/0.0.0.0:15192] ACTIVE
2024-11-30 15:00:56,432 [af7ee296-5066-44e3-a94d-aaeda09020f2-impl-thread1] INFO  server.RaftServer (RaftServerProxy.java:initGroupDir(265)) - af7ee296-5066-44e3-a94d-aaeda09020f2: found a subdirectory /home/runner/work/ozone/ozone/hadoop-ozone/integration-test/target/test-dir/MiniOzoneClusterImpl-e985cbf7-8b64-4e7c-b64c-74e6afbb48f1/ozone-meta/datanode-3/ratis/tmp
2024-11-30 15:00:56,432 [af7ee296-5066-44e3-a94d-aaeda09020f2-impl-thread1] INFO  server.RaftServer (RaftServerProxy.java:initGroupDir(270)) - af7ee296-5066-44e3-a94d-aaeda09020f2: The directory /home/runner/work/ozone/ozone/hadoop-ozone/integration-test/target/test-dir/MiniOzoneClusterImpl-e985cbf7-8b64-4e7c-b64c-74e6afbb48f1/ozone-meta/datanode-3/ratis/tmp is not a group directory; ignoring it. 
2024-11-30 15:00:56,432 [main] INFO  replication.ReplicationServer (ReplicationServer.java:<init>(86)) - Initializing replication server with thread count = 10 queue length = 4096
2024-11-30 15:00:56,433 [main] INFO  server.XceiverServerGrpc (XceiverServerGrpc.java:<init>(135)) - GrpcServer channel type EpollServerSocketChannel
2024-11-30 15:00:56,434 [main] INFO  replication.ReplicationSupervisor (ReplicationSupervisor.java:build(171)) - Initializing replication supervisor with thread count = 10
2024-11-30 15:00:56,434 [main] INFO  replication.ReplicationSupervisor (ReplicationSupervisor.java:nodeStateUpdated(348)) - Node state updated to IN_SERVICE, scaling executor pool size to 10
2024-11-30 15:00:56,436 [main] INFO  http.BaseHttpServer (BaseHttpServer.java:newHttpServer2BuilderForOzone(223)) - Starting Web-server for hddsDatanode at: http://0.0.0.0:15186
2024-11-30 15:00:56,436 [main] INFO  http.BaseHttpServer (BaseHttpServer.java:<init>(110)) - Hadoop Security Enabled: false Ozone Security Enabled: false Ozone HTTP Security Enabled: false 
2024-11-30 15:00:56,437 [main] WARN  server.AuthenticationFilter (AuthenticationFilter.java:constructSecretProvider(240)) - Unable to initialize FileSignerSecretProvider, falling back to use random secrets. Reason: Could not read signature secret file: /home/runner/hadoop-http-auth-signature-secret
2024-11-30 15:00:56,438 [main] INFO  http.HttpRequestLog (HttpRequestLog.java:getRequestLog(86)) - Http request log for http.requests.hddsDatanode is not defined
2024-11-30 15:00:56,439 [main] INFO  http.HttpServer2 (HttpServer2.java:addGlobalFilter(1035)) - Added global filter 'safety' (class=org.apache.hadoop.hdds.server.http.HttpServer2$QuotingInputFilter)
2024-11-30 15:00:56,439 [main] INFO  http.HttpServer2 (HttpServer2.java:addFilter(1011)) - Added filter static_user_filter (class=org.apache.hadoop.http.lib.StaticUserWebFilter$StaticUserFilter) to context hddsDatanode
2024-11-30 15:00:56,439 [main] INFO  http.HttpServer2 (HttpServer2.java:addFilter(1019)) - Added filter static_user_filter (class=org.apache.hadoop.http.lib.StaticUserWebFilter$StaticUserFilter) to context logs
2024-11-30 15:00:56,440 [main] INFO  http.HttpServer2 (HttpServer2.java:addFilter(1019)) - Added filter static_user_filter (class=org.apache.hadoop.http.lib.StaticUserWebFilter$StaticUserFilter) to context static
2024-11-30 15:00:56,440 [main] INFO  http.BaseHttpServer (BaseHttpServer.java:<init>(189)) - HTTP server of hddsDatanode uses base directory /home/runner/work/ozone/ozone/hadoop-ozone/integration-test/target/test-dir/MiniOzoneClusterImpl-e985cbf7-8b64-4e7c-b64c-74e6afbb48f1/ozone-meta/datanode-3/meta/webserver
2024-11-30 15:00:56,440 [main] INFO  http.HttpServer2 (HttpServer2.java:bindListener(1235)) - Jetty bound to port 15186
2024-11-30 15:00:56,440 [main] INFO  server.Server (Server.java:doStart(375)) - jetty-9.4.56.v20240826; built: 2024-08-26T17:15:05.868Z; git: ec6782ff5ead824dabdcf47fa98f90a4aedff401; jvm 17.0.13+11
2024-11-30 15:00:56,442 [main] INFO  server.session (DefaultSessionIdManager.java:doStart(334)) - DefaultSessionIdManager workerName=node0
2024-11-30 15:00:56,442 [main] INFO  server.session (DefaultSessionIdManager.java:doStart(339)) - No SessionScavenger set, using defaults
2024-11-30 15:00:56,442 [main] INFO  server.session (HouseKeeper.java:startScavenging(132)) - node0 Scavenging every 660000ms
2024-11-30 15:00:56,443 [main] INFO  handler.ContextHandler (ContextHandler.java:doStart(921)) - Started o.e.j.s.ServletContextHandler@1bb68980{logs,/logs,file:///home/runner/work/ozone/ozone/hadoop-ozone/integration-test/target/log,AVAILABLE}
2024-11-30 15:00:56,443 [main] INFO  handler.ContextHandler (ContextHandler.java:doStart(921)) - Started o.e.j.s.ServletContextHandler@5a70976a{static,/static,jar:file:/home/runner/work/ozone/ozone/hadoop-hdds/container-service/target/hdds-container-service-2.0.0-SNAPSHOT.jar!/webapps/static,AVAILABLE}
2024-11-30 15:00:56,635 [main] INFO  handler.ContextHandler (ContextHandler.java:doStart(921)) - Started o.e.j.w.WebAppContext@19450d3d{hddsDatanode,/,file:///home/runner/work/ozone/ozone/hadoop-ozone/integration-test/target/test-dir/MiniOzoneClusterImpl-e985cbf7-8b64-4e7c-b64c-74e6afbb48f1/ozone-meta/datanode-3/meta/webserver/jetty-0_0_0_0-15186-hdds-container-service-2_0_0-SNAPSHOT_jar-_-any-17490612565987517497/webapp/,AVAILABLE}{jar:file:/home/runner/work/ozone/ozone/hadoop-hdds/container-service/target/hdds-container-service-2.0.0-SNAPSHOT.jar!/webapps/hddsDatanode}
2024-11-30 15:00:56,635 [main] INFO  server.AbstractConnector (AbstractConnector.java:doStart(333)) - Started ServerConnector@218a2462{HTTP/1.1, (http/1.1)}{0.0.0.0:15186}
2024-11-30 15:00:56,635 [main] INFO  server.Server (Server.java:doStart(415)) - Started @143727ms
2024-11-30 15:00:56,635 [main] WARN  impl.MetricsSystemImpl (MetricsSystemImpl.java:register(279)) - Sink prometheus already exists!
2024-11-30 15:00:56,636 [main] INFO  http.BaseHttpServer (BaseHttpServer.java:updateConnectorAddress(354)) - HTTP server of hddsDatanode listening at http://0.0.0.0:15186
2024-11-30 15:00:56,636 [main] INFO  ipc.CallQueueManager (CallQueueManager.java:<init>(93)) - Using callQueue: class java.util.concurrent.LinkedBlockingQueue, queueCapacity: 1000, scheduler: class org.apache.hadoop.ipc.DefaultRpcScheduler, ipcBackoff: false, ipcFailOver: false.
2024-11-30 15:00:56,637 [main] INFO  ipc.Server (Server.java:<init>(1438)) - Listener at 0.0.0.0:15187
2024-11-30 15:00:56,637 [Socket Reader #1 for port 15187] INFO  ipc.Server (Server.java:run(1474)) - Starting Socket Reader #1 for port 15187
2024-11-30 15:00:56,637 [Socket Reader #2 for port 15187] INFO  ipc.Server (Server.java:run(1474)) - Starting Socket Reader #2 for port 15187
2024-11-30 15:00:56,637 [Socket Reader #3 for port 15187] INFO  ipc.Server (Server.java:run(1474)) - Starting Socket Reader #3 for port 15187
2024-11-30 15:00:56,638 [Socket Reader #4 for port 15187] INFO  ipc.Server (Server.java:run(1474)) - Starting Socket Reader #4 for port 15187
2024-11-30 15:00:56,638 [Socket Reader #5 for port 15187] INFO  ipc.Server (Server.java:run(1474)) - Starting Socket Reader #5 for port 15187
2024-11-30 15:00:56,638 [Socket Reader #6 for port 15187] INFO  ipc.Server (Server.java:run(1474)) - Starting Socket Reader #6 for port 15187
2024-11-30 15:00:56,638 [Socket Reader #7 for port 15187] INFO  ipc.Server (Server.java:run(1474)) - Starting Socket Reader #7 for port 15187
2024-11-30 15:00:56,638 [Socket Reader #8 for port 15187] INFO  ipc.Server (Server.java:run(1474)) - Starting Socket Reader #8 for port 15187
2024-11-30 15:00:56,639 [Socket Reader #9 for port 15187] INFO  ipc.Server (Server.java:run(1474)) - Starting Socket Reader #9 for port 15187
2024-11-30 15:00:56,639 [Socket Reader #10 for port 15187] INFO  ipc.Server (Server.java:run(1474)) - Starting Socket Reader #10 for port 15187
2024-11-30 15:00:56,640 [main] INFO  ozone.HddsDatanodeService (HddsDatanodeService.java:start(332)) - Datanode start with admins: [runner]
2024-11-30 15:00:56,640 [main] INFO  ozone.HddsDatanodeClientProtocolServer (HddsDatanodeClientProtocolServer.java:start(79)) - RPC server for Client /0.0.0.0:15187
2024-11-30 15:00:56,640 [IPC Server Responder] INFO  ipc.Server (Server.java:run(1713)) - IPC Server Responder: starting
2024-11-30 15:00:56,640 [IPC Server listener on 15187] INFO  ipc.Server (Server.java:run(1553)) - IPC Server listener on 15187: starting
2024-11-30 15:00:56,642 [main] WARN  dropwizard3.Dm3MetricRegistriesImpl (Dm3MetricRegistriesImpl.java:addReporterRegistration(114)) - New reporters are added after registries were created. Some metrics will be missing from the reporter. Please add reporter before adding any new registry.
2024-11-30 15:00:56,642 [main] WARN  dropwizard3.Dm3MetricRegistriesImpl (Dm3MetricRegistriesImpl.java:addReporterRegistration(114)) - New reporters are added after registries were created. Some metrics will be missing from the reporter. Please add reporter before adding any new registry.
2024-11-30 15:00:56,642 [main] INFO  impl.MetricsSystemImpl (MetricsSystemImpl.java:init(158)) - HddsDatanode metrics system started (again)
2024-11-30 15:00:56,643 [af7ee296-5066-44e3-a94d-aaeda09020f2-DatanodeStateMachineDaemonThread] INFO  statemachine.DatanodeStateMachine (DatanodeStateMachine.java:startStateMachineThread(337)) - Ozone container server started.
2024-11-30 15:00:56,644 [af7ee296-5066-44e3-a94d-aaeda09020f2-DatanodeStateMachineTaskThread-0] INFO  datanode.InitDatanodeState (InitDatanodeState.java:persistContainerDatanodeDetails(139)) - DatanodeDetails is persisted to /home/runner/work/ozone/ozone/hadoop-ozone/integration-test/target/test-dir/MiniOzoneClusterImpl-e985cbf7-8b64-4e7c-b64c-74e6afbb48f1/ozone-meta/datanode-3/meta/datanode.id
2024-11-30 15:00:56,653 [main] INFO  ozone.HddsDatanodeService (HddsDatanodeService.java:start(241)) - HddsDatanodeService host:fv-az1244-86.2ivcf5gccrduxdzatmozi1qnag.dx.internal.cloudapp.net ip:10.1.0.100
2024-11-30 15:00:56,655 [main] INFO  upgrade.AbstractLayoutVersionManager (AbstractLayoutVersionManager.java:init(83)) - Initializing Layout version manager with metadata layout = HBASE_SUPPORT (version = 8), software layout = HBASE_SUPPORT (version = 8)
2024-11-30 15:00:56,655 [main] INFO  statemachine.DatanodeStateMachine (DatanodeStateMachine.java:getEndPointTaskThreadPoolSize(294)) - Datanode State Machine Task Thread Pool size 2
2024-11-30 15:00:56,657 [main] INFO  volume.HddsVolume (HddsVolume.java:<init>(134)) - Creating HddsVolume: /home/runner/work/ozone/ozone/hadoop-ozone/integration-test/target/test-dir/MiniOzoneClusterImpl-e985cbf7-8b64-4e7c-b64c-74e6afbb48f1/ozone-meta/datanode-4/data-0/hdds of storage type : DISK capacity : 9222449699674390527
2024-11-30 15:00:56,657 [main] INFO  volume.MutableVolumeSet (MutableVolumeSet.java:initializeVolumeSet(174)) - Added Volume : /home/runner/work/ozone/ozone/hadoop-ozone/integration-test/target/test-dir/MiniOzoneClusterImpl-e985cbf7-8b64-4e7c-b64c-74e6afbb48f1/ozone-meta/datanode-4/data-0/hdds to VolumeSet
2024-11-30 15:00:56,658 [main] INFO  volume.MutableVolumeSet (MutableVolumeSet.java:initializeVolumeSet(174)) - Added Volume : /home/runner/work/ozone/ozone/hadoop-ozone/integration-test/target/test-dir/MiniOzoneClusterImpl-e985cbf7-8b64-4e7c-b64c-74e6afbb48f1/ozone-meta/datanode-4/ratis to VolumeSet
2024-11-30 15:00:56,658 [main] INFO  ozoneimpl.OzoneContainer (HddsVolumeUtil.java:loadAllHddsVolumeDbStore(103)) - Load 1 volumes DbStore cost: 0ms
2024-11-30 15:00:56,659 [main] WARN  db.DBStoreBuilder (DBStoreBuilder.java:getDBDirPath(172)) - ozone.scm.datanode.id.dir is not configured. We recommend adding this setting. Falling back to ozone.metadata.dirs instead.
2024-11-30 15:00:56,659 [main] WARN  db.DBStoreBuilder (DBStoreBuilder.java:getDBDirPath(172)) - ozone.scm.datanode.id.dir is not configured. We recommend adding this setting. Falling back to ozone.metadata.dirs instead.
2024-11-30 15:00:56,680 [main] INFO  impl.FilePerChunkStrategy (FilePerChunkStrategy.java:<init>(84)) - ozone.chunk.read.mapped.buffer.max.count is load with 0
2024-11-30 15:00:56,681 [main] INFO  impl.FilePerBlockStrategy (FilePerBlockStrategy.java:<init>(91)) - ozone.chunk.read.mapped.buffer.max.count is load with 0
2024-11-30 15:00:56,681 [main] INFO  server.RaftServerConfigKeys (ConfUtils.java:logGet(46)) - raft.server.log.appender.buffer.byte-limit = 33554432 (custom)
2024-11-30 15:00:56,682 [main] INFO  server.RaftServer (ConfUtils.java:logGet(46)) - raft.rpc.type = GRPC (default)
2024-11-30 15:00:56,682 [main] INFO  grpc.GrpcConfigKeys (ConfUtils.java:logFallback(53)) - raft.grpc.admin.host = null (fallback to raft.grpc.server.host)
2024-11-30 15:00:56,682 [main] INFO  grpc.GrpcConfigKeys (ConfUtils.java:logGet(46)) - raft.grpc.admin.port = 15198 (custom)
2024-11-30 15:00:56,682 [main] INFO  grpc.GrpcConfigKeys (ConfUtils.java:logFallback(53)) - raft.grpc.client.host = null (fallback to raft.grpc.server.host)
2024-11-30 15:00:56,682 [main] INFO  grpc.GrpcConfigKeys (ConfUtils.java:logGet(46)) - raft.grpc.client.port = 15198 (custom)
2024-11-30 15:00:56,682 [main] INFO  grpc.GrpcConfigKeys (ConfUtils.java:logGet(46)) - raft.grpc.server.host = null (default)
2024-11-30 15:00:56,682 [main] INFO  grpc.GrpcConfigKeys (ConfUtils.java:logGet(46)) - raft.grpc.server.port = 15198 (custom)
2024-11-30 15:00:56,683 [main] INFO  server.GrpcService (ConfUtils.java:logGet(46)) - raft.grpc.message.size.max = 34603008 (custom)
2024-11-30 15:00:56,683 [main] INFO  server.GrpcService (ConfUtils.java:logGet(46)) - raft.grpc.flow.control.window = 5MB (=5242880) (custom)
2024-11-30 15:00:56,683 [main] INFO  server.RaftServerConfigKeys (ConfUtils.java:logGet(46)) - raft.server.rpc.request.timeout = 3000ms (default)
2024-11-30 15:00:56,683 [main] INFO  grpc.GrpcConfigKeys (ConfUtils.java:logGet(46)) - raft.grpc.server.heartbeat.channel = true (default)
2024-11-30 15:00:56,683 [main] INFO  server.RaftServerConfigKeys (ConfUtils.java:logGet(46)) - raft.server.log.appender.buffer.byte-limit = 33554432 (custom)
2024-11-30 15:00:56,683 [main] INFO  grpc.GrpcConfigKeys (ConfUtils.java:logGet(46)) - raft.grpc.server.async.request.thread.pool.cached = true (default)
2024-11-30 15:00:56,683 [main] INFO  grpc.GrpcConfigKeys (ConfUtils.java:logGet(46)) - raft.grpc.server.async.request.thread.pool.size = 32 (default)
2024-11-30 15:00:56,684 [main] INFO  impl.DataStreamServerImpl (ConfUtils.java:logGet(46)) - raft.datastream.type = NETTY (custom)
2024-11-30 15:00:56,684 [main] INFO  server.RaftServerConfigKeys (ConfUtils.java:logGet(46)) - raft.server.data-stream.async.request.thread.pool.cached = false (default)
2024-11-30 15:00:56,684 [main] INFO  server.RaftServerConfigKeys (ConfUtils.java:logGet(46)) - raft.server.data-stream.async.request.thread.pool.size = 20 (custom)
2024-11-30 15:00:56,684 [main] INFO  server.RaftServerConfigKeys (ConfUtils.java:logGet(46)) - raft.server.data-stream.async.write.thread.pool.size = 16 (default)
2024-11-30 15:00:56,684 [main] INFO  netty.NettyConfigKeys$DataStream (ConfUtils.java:logGet(46)) - raft.netty.dataStream.server.channel.inactive.grace-period = 10min (default)
2024-11-30 15:00:56,685 [main] INFO  server.RaftServerConfigKeys (ConfUtils.java:logGet(46)) - raft.server.data-stream.client.pool.size = 10 (default)
2024-11-30 15:00:56,685 [main] INFO  netty.NettyConfigKeys$DataStream (ConfUtils.java:logGet(46)) - raft.netty.dataStream.server.use-epoll = true (default)
2024-11-30 15:00:56,685 [main] INFO  netty.NettyConfigKeys$DataStream (ConfUtils.java:logGet(46)) - raft.netty.dataStream.server.boss-group.size = 0 (default)
2024-11-30 15:00:56,685 [main] INFO  netty.NettyUtils (NettyUtils.java:newEventLoopGroup(74)) - Create EpollEventLoopGroup for dd630ec0-84d9-4473-8f61-cbcf66d1795a-NettyServerStreamRpc-bossGroup; Thread size is 0.
2024-11-30 15:00:56,685 [main] INFO  netty.NettyConfigKeys$DataStream (ConfUtils.java:logGet(46)) - raft.netty.dataStream.server.worker-group.size = 0 (default)
2024-11-30 15:00:56,685 [main] INFO  netty.NettyUtils (NettyUtils.java:newEventLoopGroup(74)) - Create EpollEventLoopGroup for dd630ec0-84d9-4473-8f61-cbcf66d1795a-NettyServerStreamRpc-workerGroup; Thread size is 0.
2024-11-30 15:00:56,686 [main] INFO  netty.NettyConfigKeys$DataStream (ConfUtils.java:logGet(46)) - raft.netty.dataStream.server.tls.conf = null (default)
2024-11-30 15:00:56,687 [main] INFO  netty.NettyConfigKeys$DataStream (ConfUtils.java:logGet(46)) - raft.netty.dataStream.host = null (default)
2024-11-30 15:00:56,687 [main] INFO  netty.NettyConfigKeys$DataStream (ConfUtils.java:logGet(46)) - raft.netty.dataStream.port = 15201 (custom)
2024-11-30 15:00:56,687 [main] INFO  server.RaftServerConfigKeys (ConfUtils.java:logGet(46)) - raft.server.sleep.deviation.threshold = 300ms (default)
2024-11-30 15:00:56,687 [main] INFO  server.RaftServerConfigKeys (ConfUtils.java:logGet(46)) - raft.server.close.threshold = 60s (default)
2024-11-30 15:00:56,687 [main] INFO  server.RaftServerConfigKeys (ConfUtils.java:logGet(46)) - raft.server.leaderelection.leader.step-down.wait-time = 10s (default)
2024-11-30 15:00:56,687 [dd630ec0-84d9-4473-8f61-cbcf66d1795a-NettyServerStreamRpc-bossGroup--thread1] INFO  logging.LoggingHandler (AbstractInternalLogger.java:log(148)) - [id: 0x68b7d4d4] REGISTERED
2024-11-30 15:00:56,688 [main] INFO  server.RaftServerConfigKeys (ConfUtils.java:logGet(46)) - raft.server.storage.dir = [/home/runner/work/ozone/ozone/hadoop-ozone/integration-test/target/test-dir/MiniOzoneClusterImpl-e985cbf7-8b64-4e7c-b64c-74e6afbb48f1/ozone-meta/datanode-4/ratis] (custom)
2024-11-30 15:00:56,688 [main] INFO  server.RaftServerConfigKeys (ConfUtils.java:logGet(46)) - raft.server.threadpool.proxy.cached = true (default)
2024-11-30 15:00:56,688 [main] INFO  server.RaftServerConfigKeys (ConfUtils.java:logGet(46)) - raft.server.threadpool.proxy.size = 0 (default)
2024-11-30 15:00:56,688 [dd630ec0-84d9-4473-8f61-cbcf66d1795a-NettyServerStreamRpc-bossGroup--thread1] INFO  logging.LoggingHandler (AbstractInternalLogger.java:log(148)) - [id: 0x68b7d4d4] BIND: 0.0.0.0/0.0.0.0:15201
2024-11-30 15:00:56,688 [dd630ec0-84d9-4473-8f61-cbcf66d1795a-NettyServerStreamRpc-bossGroup--thread1] INFO  logging.LoggingHandler (AbstractInternalLogger.java:log(148)) - [id: 0x68b7d4d4, L:/0.0.0.0:15201] ACTIVE
2024-11-30 15:00:56,688 [dd630ec0-84d9-4473-8f61-cbcf66d1795a-impl-thread1] INFO  server.RaftServer (RaftServerProxy.java:initGroupDir(265)) - dd630ec0-84d9-4473-8f61-cbcf66d1795a: found a subdirectory /home/runner/work/ozone/ozone/hadoop-ozone/integration-test/target/test-dir/MiniOzoneClusterImpl-e985cbf7-8b64-4e7c-b64c-74e6afbb48f1/ozone-meta/datanode-4/ratis/tmp
2024-11-30 15:00:56,689 [dd630ec0-84d9-4473-8f61-cbcf66d1795a-impl-thread1] INFO  server.RaftServer (RaftServerProxy.java:initGroupDir(270)) - dd630ec0-84d9-4473-8f61-cbcf66d1795a: The directory /home/runner/work/ozone/ozone/hadoop-ozone/integration-test/target/test-dir/MiniOzoneClusterImpl-e985cbf7-8b64-4e7c-b64c-74e6afbb48f1/ozone-meta/datanode-4/ratis/tmp is not a group directory; ignoring it. 
2024-11-30 15:00:56,689 [main] INFO  replication.ReplicationServer (ReplicationServer.java:<init>(86)) - Initializing replication server with thread count = 10 queue length = 4096
2024-11-30 15:00:56,690 [main] INFO  server.XceiverServerGrpc (XceiverServerGrpc.java:<init>(135)) - GrpcServer channel type EpollServerSocketChannel
2024-11-30 15:00:56,691 [main] INFO  replication.ReplicationSupervisor (ReplicationSupervisor.java:build(171)) - Initializing replication supervisor with thread count = 10
2024-11-30 15:00:56,691 [main] INFO  replication.ReplicationSupervisor (ReplicationSupervisor.java:nodeStateUpdated(348)) - Node state updated to IN_SERVICE, scaling executor pool size to 10
2024-11-30 15:00:56,701 [main] INFO  http.BaseHttpServer (BaseHttpServer.java:newHttpServer2BuilderForOzone(223)) - Starting Web-server for hddsDatanode at: http://0.0.0.0:15195
2024-11-30 15:00:56,701 [main] INFO  http.BaseHttpServer (BaseHttpServer.java:<init>(110)) - Hadoop Security Enabled: false Ozone Security Enabled: false Ozone HTTP Security Enabled: false 
2024-11-30 15:00:56,702 [main] WARN  server.AuthenticationFilter (AuthenticationFilter.java:constructSecretProvider(240)) - Unable to initialize FileSignerSecretProvider, falling back to use random secrets. Reason: Could not read signature secret file: /home/runner/hadoop-http-auth-signature-secret
2024-11-30 15:00:56,702 [main] INFO  http.HttpRequestLog (HttpRequestLog.java:getRequestLog(86)) - Http request log for http.requests.hddsDatanode is not defined
2024-11-30 15:00:56,703 [main] INFO  http.HttpServer2 (HttpServer2.java:addGlobalFilter(1035)) - Added global filter 'safety' (class=org.apache.hadoop.hdds.server.http.HttpServer2$QuotingInputFilter)
2024-11-30 15:00:56,704 [main] INFO  http.HttpServer2 (HttpServer2.java:addFilter(1011)) - Added filter static_user_filter (class=org.apache.hadoop.http.lib.StaticUserWebFilter$StaticUserFilter) to context hddsDatanode
2024-11-30 15:00:56,704 [main] INFO  http.HttpServer2 (HttpServer2.java:addFilter(1019)) - Added filter static_user_filter (class=org.apache.hadoop.http.lib.StaticUserWebFilter$StaticUserFilter) to context static
2024-11-30 15:00:56,704 [main] INFO  http.HttpServer2 (HttpServer2.java:addFilter(1019)) - Added filter static_user_filter (class=org.apache.hadoop.http.lib.StaticUserWebFilter$StaticUserFilter) to context logs
2024-11-30 15:00:56,705 [main] INFO  http.BaseHttpServer (BaseHttpServer.java:<init>(189)) - HTTP server of hddsDatanode uses base directory /home/runner/work/ozone/ozone/hadoop-ozone/integration-test/target/test-dir/MiniOzoneClusterImpl-e985cbf7-8b64-4e7c-b64c-74e6afbb48f1/ozone-meta/datanode-4/meta/webserver
2024-11-30 15:00:56,705 [main] INFO  http.HttpServer2 (HttpServer2.java:bindListener(1235)) - Jetty bound to port 15195
2024-11-30 15:00:56,705 [main] INFO  server.Server (Server.java:doStart(375)) - jetty-9.4.56.v20240826; built: 2024-08-26T17:15:05.868Z; git: ec6782ff5ead824dabdcf47fa98f90a4aedff401; jvm 17.0.13+11
2024-11-30 15:00:56,706 [main] INFO  server.session (DefaultSessionIdManager.java:doStart(334)) - DefaultSessionIdManager workerName=node0
2024-11-30 15:00:56,706 [main] INFO  server.session (DefaultSessionIdManager.java:doStart(339)) - No SessionScavenger set, using defaults
2024-11-30 15:00:56,707 [main] INFO  server.session (HouseKeeper.java:startScavenging(132)) - node0 Scavenging every 600000ms
2024-11-30 15:00:56,707 [main] INFO  handler.ContextHandler (ContextHandler.java:doStart(921)) - Started o.e.j.s.ServletContextHandler@7581ad8a{logs,/logs,file:///home/runner/work/ozone/ozone/hadoop-ozone/integration-test/target/log,AVAILABLE}
2024-11-30 15:00:56,708 [main] INFO  handler.ContextHandler (ContextHandler.java:doStart(921)) - Started o.e.j.s.ServletContextHandler@74cae819{static,/static,jar:file:/home/runner/work/ozone/ozone/hadoop-hdds/container-service/target/hdds-container-service-2.0.0-SNAPSHOT.jar!/webapps/static,AVAILABLE}
2024-11-30 15:00:56,902 [main] INFO  handler.ContextHandler (ContextHandler.java:doStart(921)) - Started o.e.j.w.WebAppContext@57c903e2{hddsDatanode,/,file:///home/runner/work/ozone/ozone/hadoop-ozone/integration-test/target/test-dir/MiniOzoneClusterImpl-e985cbf7-8b64-4e7c-b64c-74e6afbb48f1/ozone-meta/datanode-4/meta/webserver/jetty-0_0_0_0-15195-hdds-container-service-2_0_0-SNAPSHOT_jar-_-any-13786964351332099331/webapp/,AVAILABLE}{jar:file:/home/runner/work/ozone/ozone/hadoop-hdds/container-service/target/hdds-container-service-2.0.0-SNAPSHOT.jar!/webapps/hddsDatanode}
2024-11-30 15:00:56,902 [main] INFO  server.AbstractConnector (AbstractConnector.java:doStart(333)) - Started ServerConnector@37aaa8b1{HTTP/1.1, (http/1.1)}{0.0.0.0:15195}
2024-11-30 15:00:56,902 [main] INFO  server.Server (Server.java:doStart(415)) - Started @143994ms
2024-11-30 15:00:56,903 [main] WARN  impl.MetricsSystemImpl (MetricsSystemImpl.java:register(279)) - Sink prometheus already exists!
2024-11-30 15:00:56,903 [main] INFO  http.BaseHttpServer (BaseHttpServer.java:updateConnectorAddress(354)) - HTTP server of hddsDatanode listening at http://0.0.0.0:15195
2024-11-30 15:00:56,904 [main] INFO  ipc.CallQueueManager (CallQueueManager.java:<init>(93)) - Using callQueue: class java.util.concurrent.LinkedBlockingQueue, queueCapacity: 1000, scheduler: class org.apache.hadoop.ipc.DefaultRpcScheduler, ipcBackoff: false, ipcFailOver: false.
2024-11-30 15:00:56,904 [main] INFO  ipc.Server (Server.java:<init>(1438)) - Listener at 0.0.0.0:15196
2024-11-30 15:00:56,904 [Socket Reader #1 for port 15196] INFO  ipc.Server (Server.java:run(1474)) - Starting Socket Reader #1 for port 15196
2024-11-30 15:00:56,904 [Socket Reader #2 for port 15196] INFO  ipc.Server (Server.java:run(1474)) - Starting Socket Reader #2 for port 15196
2024-11-30 15:00:56,905 [Socket Reader #3 for port 15196] INFO  ipc.Server (Server.java:run(1474)) - Starting Socket Reader #3 for port 15196
2024-11-30 15:00:56,905 [Socket Reader #4 for port 15196] INFO  ipc.Server (Server.java:run(1474)) - Starting Socket Reader #4 for port 15196
2024-11-30 15:00:56,905 [Socket Reader #5 for port 15196] INFO  ipc.Server (Server.java:run(1474)) - Starting Socket Reader #5 for port 15196
2024-11-30 15:00:56,905 [Socket Reader #6 for port 15196] INFO  ipc.Server (Server.java:run(1474)) - Starting Socket Reader #6 for port 15196
2024-11-30 15:00:56,905 [Socket Reader #7 for port 15196] INFO  ipc.Server (Server.java:run(1474)) - Starting Socket Reader #7 for port 15196
2024-11-30 15:00:56,905 [Socket Reader #8 for port 15196] INFO  ipc.Server (Server.java:run(1474)) - Starting Socket Reader #8 for port 15196
2024-11-30 15:00:56,905 [Socket Reader #9 for port 15196] INFO  ipc.Server (Server.java:run(1474)) - Starting Socket Reader #9 for port 15196
2024-11-30 15:00:56,906 [Socket Reader #10 for port 15196] INFO  ipc.Server (Server.java:run(1474)) - Starting Socket Reader #10 for port 15196
2024-11-30 15:00:56,907 [main] INFO  ozone.HddsDatanodeService (HddsDatanodeService.java:start(332)) - Datanode start with admins: [runner]
2024-11-30 15:00:56,907 [main] INFO  ozone.HddsDatanodeClientProtocolServer (HddsDatanodeClientProtocolServer.java:start(79)) - RPC server for Client /0.0.0.0:15196
2024-11-30 15:00:56,907 [IPC Server Responder] INFO  ipc.Server (Server.java:run(1713)) - IPC Server Responder: starting
2024-11-30 15:00:56,907 [IPC Server listener on 15196] INFO  ipc.Server (Server.java:run(1553)) - IPC Server listener on 15196: starting
2024-11-30 15:00:56,909 [main] WARN  dropwizard3.Dm3MetricRegistriesImpl (Dm3MetricRegistriesImpl.java:addReporterRegistration(114)) - New reporters are added after registries were created. Some metrics will be missing from the reporter. Please add reporter before adding any new registry.
2024-11-30 15:00:56,909 [main] WARN  dropwizard3.Dm3MetricRegistriesImpl (Dm3MetricRegistriesImpl.java:addReporterRegistration(114)) - New reporters are added after registries were created. Some metrics will be missing from the reporter. Please add reporter before adding any new registry.
2024-11-30 15:00:56,909 [main] INFO  impl.MetricsSystemImpl (MetricsSystemImpl.java:init(158)) - HddsDatanode metrics system started (again)
2024-11-30 15:00:56,910 [dd630ec0-84d9-4473-8f61-cbcf66d1795a-DatanodeStateMachineDaemonThread] INFO  statemachine.DatanodeStateMachine (DatanodeStateMachine.java:startStateMachineThread(337)) - Ozone container server started.
2024-11-30 15:00:56,911 [dd630ec0-84d9-4473-8f61-cbcf66d1795a-DatanodeStateMachineTaskThread-0] INFO  datanode.InitDatanodeState (InitDatanodeState.java:persistContainerDatanodeDetails(139)) - DatanodeDetails is persisted to /home/runner/work/ozone/ozone/hadoop-ozone/integration-test/target/test-dir/MiniOzoneClusterImpl-e985cbf7-8b64-4e7c-b64c-74e6afbb48f1/ozone-meta/datanode-4/meta/datanode.id
2024-11-30 15:00:56,921 [main] INFO  ozone.HddsDatanodeService (HddsDatanodeService.java:start(241)) - HddsDatanodeService host:fv-az1244-86.2ivcf5gccrduxdzatmozi1qnag.dx.internal.cloudapp.net ip:10.1.0.100
2024-11-30 15:00:56,922 [main] INFO  upgrade.AbstractLayoutVersionManager (AbstractLayoutVersionManager.java:init(83)) - Initializing Layout version manager with metadata layout = HBASE_SUPPORT (version = 8), software layout = HBASE_SUPPORT (version = 8)
2024-11-30 15:00:56,923 [main] INFO  statemachine.DatanodeStateMachine (DatanodeStateMachine.java:getEndPointTaskThreadPoolSize(294)) - Datanode State Machine Task Thread Pool size 2
2024-11-30 15:00:56,924 [main] INFO  volume.HddsVolume (HddsVolume.java:<init>(134)) - Creating HddsVolume: /home/runner/work/ozone/ozone/hadoop-ozone/integration-test/target/test-dir/MiniOzoneClusterImpl-e985cbf7-8b64-4e7c-b64c-74e6afbb48f1/ozone-meta/datanode-5/data-0/hdds of storage type : DISK capacity : 9222449699674390527
2024-11-30 15:00:56,924 [main] INFO  volume.MutableVolumeSet (MutableVolumeSet.java:initializeVolumeSet(174)) - Added Volume : /home/runner/work/ozone/ozone/hadoop-ozone/integration-test/target/test-dir/MiniOzoneClusterImpl-e985cbf7-8b64-4e7c-b64c-74e6afbb48f1/ozone-meta/datanode-5/data-0/hdds to VolumeSet
2024-11-30 15:00:56,925 [main] INFO  volume.MutableVolumeSet (MutableVolumeSet.java:initializeVolumeSet(174)) - Added Volume : /home/runner/work/ozone/ozone/hadoop-ozone/integration-test/target/test-dir/MiniOzoneClusterImpl-e985cbf7-8b64-4e7c-b64c-74e6afbb48f1/ozone-meta/datanode-5/ratis to VolumeSet
2024-11-30 15:00:56,925 [main] INFO  ozoneimpl.OzoneContainer (HddsVolumeUtil.java:loadAllHddsVolumeDbStore(103)) - Load 1 volumes DbStore cost: 0ms
2024-11-30 15:00:56,926 [main] WARN  db.DBStoreBuilder (DBStoreBuilder.java:getDBDirPath(172)) - ozone.scm.datanode.id.dir is not configured. We recommend adding this setting. Falling back to ozone.metadata.dirs instead.
2024-11-30 15:00:56,926 [main] WARN  db.DBStoreBuilder (DBStoreBuilder.java:getDBDirPath(172)) - ozone.scm.datanode.id.dir is not configured. We recommend adding this setting. Falling back to ozone.metadata.dirs instead.
2024-11-30 15:00:56,938 [main] INFO  impl.FilePerChunkStrategy (FilePerChunkStrategy.java:<init>(84)) - ozone.chunk.read.mapped.buffer.max.count is load with 0
2024-11-30 15:00:56,938 [main] INFO  impl.FilePerBlockStrategy (FilePerBlockStrategy.java:<init>(91)) - ozone.chunk.read.mapped.buffer.max.count is load with 0
2024-11-30 15:00:56,938 [main] INFO  server.RaftServerConfigKeys (ConfUtils.java:logGet(46)) - raft.server.log.appender.buffer.byte-limit = 33554432 (custom)
2024-11-30 15:00:56,939 [main] INFO  server.RaftServer (ConfUtils.java:logGet(46)) - raft.rpc.type = GRPC (default)
2024-11-30 15:00:56,940 [main] INFO  grpc.GrpcConfigKeys (ConfUtils.java:logFallback(53)) - raft.grpc.admin.host = null (fallback to raft.grpc.server.host)
2024-11-30 15:00:56,940 [main] INFO  grpc.GrpcConfigKeys (ConfUtils.java:logGet(46)) - raft.grpc.admin.port = 15207 (custom)
2024-11-30 15:00:56,940 [main] INFO  grpc.GrpcConfigKeys (ConfUtils.java:logFallback(53)) - raft.grpc.client.host = null (fallback to raft.grpc.server.host)
2024-11-30 15:00:56,940 [main] INFO  grpc.GrpcConfigKeys (ConfUtils.java:logGet(46)) - raft.grpc.client.port = 15207 (custom)
2024-11-30 15:00:56,940 [main] INFO  grpc.GrpcConfigKeys (ConfUtils.java:logGet(46)) - raft.grpc.server.host = null (default)
2024-11-30 15:00:56,940 [main] INFO  grpc.GrpcConfigKeys (ConfUtils.java:logGet(46)) - raft.grpc.server.port = 15207 (custom)
2024-11-30 15:00:56,940 [main] INFO  server.GrpcService (ConfUtils.java:logGet(46)) - raft.grpc.message.size.max = 34603008 (custom)
2024-11-30 15:00:56,941 [main] INFO  server.GrpcService (ConfUtils.java:logGet(46)) - raft.grpc.flow.control.window = 5MB (=5242880) (custom)
2024-11-30 15:00:56,941 [main] INFO  server.RaftServerConfigKeys (ConfUtils.java:logGet(46)) - raft.server.rpc.request.timeout = 3000ms (default)
2024-11-30 15:00:56,941 [main] INFO  grpc.GrpcConfigKeys (ConfUtils.java:logGet(46)) - raft.grpc.server.heartbeat.channel = true (default)
2024-11-30 15:00:56,941 [main] INFO  server.RaftServerConfigKeys (ConfUtils.java:logGet(46)) - raft.server.log.appender.buffer.byte-limit = 33554432 (custom)
2024-11-30 15:00:56,941 [main] INFO  grpc.GrpcConfigKeys (ConfUtils.java:logGet(46)) - raft.grpc.server.async.request.thread.pool.cached = true (default)
2024-11-30 15:00:56,941 [main] INFO  grpc.GrpcConfigKeys (ConfUtils.java:logGet(46)) - raft.grpc.server.async.request.thread.pool.size = 32 (default)
2024-11-30 15:00:56,942 [main] INFO  impl.DataStreamServerImpl (ConfUtils.java:logGet(46)) - raft.datastream.type = NETTY (custom)
2024-11-30 15:00:56,942 [main] INFO  server.RaftServerConfigKeys (ConfUtils.java:logGet(46)) - raft.server.data-stream.async.request.thread.pool.cached = false (default)
2024-11-30 15:00:56,943 [main] INFO  server.RaftServerConfigKeys (ConfUtils.java:logGet(46)) - raft.server.data-stream.async.request.thread.pool.size = 20 (custom)
2024-11-30 15:00:56,943 [main] INFO  server.RaftServerConfigKeys (ConfUtils.java:logGet(46)) - raft.server.data-stream.async.write.thread.pool.size = 16 (default)
2024-11-30 15:00:56,943 [main] INFO  netty.NettyConfigKeys$DataStream (ConfUtils.java:logGet(46)) - raft.netty.dataStream.server.channel.inactive.grace-period = 10min (default)
2024-11-30 15:00:56,943 [main] INFO  server.RaftServerConfigKeys (ConfUtils.java:logGet(46)) - raft.server.data-stream.client.pool.size = 10 (default)
2024-11-30 15:00:56,943 [main] INFO  netty.NettyConfigKeys$DataStream (ConfUtils.java:logGet(46)) - raft.netty.dataStream.server.use-epoll = true (default)
2024-11-30 15:00:56,943 [main] INFO  netty.NettyConfigKeys$DataStream (ConfUtils.java:logGet(46)) - raft.netty.dataStream.server.boss-group.size = 0 (default)
2024-11-30 15:00:56,943 [main] INFO  netty.NettyUtils (NettyUtils.java:newEventLoopGroup(74)) - Create EpollEventLoopGroup for 91a17cbe-1555-4f52-a9ac-e5caa7cc945b-NettyServerStreamRpc-bossGroup; Thread size is 0.
2024-11-30 15:00:56,944 [main] INFO  netty.NettyConfigKeys$DataStream (ConfUtils.java:logGet(46)) - raft.netty.dataStream.server.worker-group.size = 0 (default)
2024-11-30 15:00:56,944 [main] INFO  netty.NettyUtils (NettyUtils.java:newEventLoopGroup(74)) - Create EpollEventLoopGroup for 91a17cbe-1555-4f52-a9ac-e5caa7cc945b-NettyServerStreamRpc-workerGroup; Thread size is 0.
2024-11-30 15:00:56,944 [main] INFO  netty.NettyConfigKeys$DataStream (ConfUtils.java:logGet(46)) - raft.netty.dataStream.server.tls.conf = null (default)
2024-11-30 15:00:56,945 [main] INFO  netty.NettyConfigKeys$DataStream (ConfUtils.java:logGet(46)) - raft.netty.dataStream.host = null (default)
2024-11-30 15:00:56,945 [main] INFO  netty.NettyConfigKeys$DataStream (ConfUtils.java:logGet(46)) - raft.netty.dataStream.port = 15210 (custom)
2024-11-30 15:00:56,945 [main] INFO  server.RaftServerConfigKeys (ConfUtils.java:logGet(46)) - raft.server.sleep.deviation.threshold = 300ms (default)
2024-11-30 15:00:56,945 [main] INFO  server.RaftServerConfigKeys (ConfUtils.java:logGet(46)) - raft.server.close.threshold = 60s (default)
2024-11-30 15:00:56,946 [main] INFO  server.RaftServerConfigKeys (ConfUtils.java:logGet(46)) - raft.server.leaderelection.leader.step-down.wait-time = 10s (default)
2024-11-30 15:00:56,945 [91a17cbe-1555-4f52-a9ac-e5caa7cc945b-NettyServerStreamRpc-bossGroup--thread1] INFO  logging.LoggingHandler (AbstractInternalLogger.java:log(148)) - [id: 0x1fca3f0a] REGISTERED
2024-11-30 15:00:56,946 [main] INFO  server.RaftServerConfigKeys (ConfUtils.java:logGet(46)) - raft.server.storage.dir = [/home/runner/work/ozone/ozone/hadoop-ozone/integration-test/target/test-dir/MiniOzoneClusterImpl-e985cbf7-8b64-4e7c-b64c-74e6afbb48f1/ozone-meta/datanode-5/ratis] (custom)
2024-11-30 15:00:56,946 [91a17cbe-1555-4f52-a9ac-e5caa7cc945b-NettyServerStreamRpc-bossGroup--thread1] INFO  logging.LoggingHandler (AbstractInternalLogger.java:log(148)) - [id: 0x1fca3f0a] BIND: 0.0.0.0/0.0.0.0:15210
2024-11-30 15:00:56,946 [main] INFO  server.RaftServerConfigKeys (ConfUtils.java:logGet(46)) - raft.server.threadpool.proxy.cached = true (default)
2024-11-30 15:00:56,946 [91a17cbe-1555-4f52-a9ac-e5caa7cc945b-NettyServerStreamRpc-bossGroup--thread1] INFO  logging.LoggingHandler (AbstractInternalLogger.java:log(148)) - [id: 0x1fca3f0a, L:/0.0.0.0:15210] ACTIVE
2024-11-30 15:00:56,946 [main] INFO  server.RaftServerConfigKeys (ConfUtils.java:logGet(46)) - raft.server.threadpool.proxy.size = 0 (default)
2024-11-30 15:00:56,947 [91a17cbe-1555-4f52-a9ac-e5caa7cc945b-impl-thread1] INFO  server.RaftServer (RaftServerProxy.java:initGroupDir(265)) - 91a17cbe-1555-4f52-a9ac-e5caa7cc945b: found a subdirectory /home/runner/work/ozone/ozone/hadoop-ozone/integration-test/target/test-dir/MiniOzoneClusterImpl-e985cbf7-8b64-4e7c-b64c-74e6afbb48f1/ozone-meta/datanode-5/ratis/tmp
2024-11-30 15:00:56,947 [91a17cbe-1555-4f52-a9ac-e5caa7cc945b-impl-thread1] INFO  server.RaftServer (RaftServerProxy.java:initGroupDir(270)) - 91a17cbe-1555-4f52-a9ac-e5caa7cc945b: The directory /home/runner/work/ozone/ozone/hadoop-ozone/integration-test/target/test-dir/MiniOzoneClusterImpl-e985cbf7-8b64-4e7c-b64c-74e6afbb48f1/ozone-meta/datanode-5/ratis/tmp is not a group directory; ignoring it. 
2024-11-30 15:00:56,947 [main] INFO  replication.ReplicationServer (ReplicationServer.java:<init>(86)) - Initializing replication server with thread count = 10 queue length = 4096
2024-11-30 15:00:56,948 [main] INFO  server.XceiverServerGrpc (XceiverServerGrpc.java:<init>(135)) - GrpcServer channel type EpollServerSocketChannel
2024-11-30 15:00:56,949 [main] INFO  replication.ReplicationSupervisor (ReplicationSupervisor.java:build(171)) - Initializing replication supervisor with thread count = 10
2024-11-30 15:00:56,949 [main] INFO  replication.ReplicationSupervisor (ReplicationSupervisor.java:nodeStateUpdated(348)) - Node state updated to IN_SERVICE, scaling executor pool size to 10
2024-11-30 15:00:56,951 [main] INFO  http.BaseHttpServer (BaseHttpServer.java:newHttpServer2BuilderForOzone(223)) - Starting Web-server for hddsDatanode at: http://0.0.0.0:15204
2024-11-30 15:00:56,951 [main] INFO  http.BaseHttpServer (BaseHttpServer.java:<init>(110)) - Hadoop Security Enabled: false Ozone Security Enabled: false Ozone HTTP Security Enabled: false 
2024-11-30 15:00:56,952 [main] WARN  server.AuthenticationFilter (AuthenticationFilter.java:constructSecretProvider(240)) - Unable to initialize FileSignerSecretProvider, falling back to use random secrets. Reason: Could not read signature secret file: /home/runner/hadoop-http-auth-signature-secret
2024-11-30 15:00:56,953 [main] INFO  http.HttpRequestLog (HttpRequestLog.java:getRequestLog(86)) - Http request log for http.requests.hddsDatanode is not defined
2024-11-30 15:00:56,954 [main] INFO  http.HttpServer2 (HttpServer2.java:addGlobalFilter(1035)) - Added global filter 'safety' (class=org.apache.hadoop.hdds.server.http.HttpServer2$QuotingInputFilter)
2024-11-30 15:00:56,954 [main] INFO  http.HttpServer2 (HttpServer2.java:addFilter(1011)) - Added filter static_user_filter (class=org.apache.hadoop.http.lib.StaticUserWebFilter$StaticUserFilter) to context hddsDatanode
2024-11-30 15:00:56,954 [main] INFO  http.HttpServer2 (HttpServer2.java:addFilter(1019)) - Added filter static_user_filter (class=org.apache.hadoop.http.lib.StaticUserWebFilter$StaticUserFilter) to context logs
2024-11-30 15:00:56,954 [main] INFO  http.HttpServer2 (HttpServer2.java:addFilter(1019)) - Added filter static_user_filter (class=org.apache.hadoop.http.lib.StaticUserWebFilter$StaticUserFilter) to context static
2024-11-30 15:00:56,955 [main] INFO  http.BaseHttpServer (BaseHttpServer.java:<init>(189)) - HTTP server of hddsDatanode uses base directory /home/runner/work/ozone/ozone/hadoop-ozone/integration-test/target/test-dir/MiniOzoneClusterImpl-e985cbf7-8b64-4e7c-b64c-74e6afbb48f1/ozone-meta/datanode-5/meta/webserver
2024-11-30 15:00:56,955 [main] INFO  http.HttpServer2 (HttpServer2.java:bindListener(1235)) - Jetty bound to port 15204
2024-11-30 15:00:56,955 [main] INFO  server.Server (Server.java:doStart(375)) - jetty-9.4.56.v20240826; built: 2024-08-26T17:15:05.868Z; git: ec6782ff5ead824dabdcf47fa98f90a4aedff401; jvm 17.0.13+11
2024-11-30 15:00:56,956 [main] INFO  server.session (DefaultSessionIdManager.java:doStart(334)) - DefaultSessionIdManager workerName=node0
2024-11-30 15:00:56,957 [main] INFO  server.session (DefaultSessionIdManager.java:doStart(339)) - No SessionScavenger set, using defaults
2024-11-30 15:00:56,957 [main] INFO  server.session (HouseKeeper.java:startScavenging(132)) - node0 Scavenging every 600000ms
2024-11-30 15:00:56,957 [main] INFO  handler.ContextHandler (ContextHandler.java:doStart(921)) - Started o.e.j.s.ServletContextHandler@540d6a81{logs,/logs,file:///home/runner/work/ozone/ozone/hadoop-ozone/integration-test/target/log,AVAILABLE}
2024-11-30 15:00:56,958 [main] INFO  handler.ContextHandler (ContextHandler.java:doStart(921)) - Started o.e.j.s.ServletContextHandler@109009dc{static,/static,jar:file:/home/runner/work/ozone/ozone/hadoop-hdds/container-service/target/hdds-container-service-2.0.0-SNAPSHOT.jar!/webapps/static,AVAILABLE}
2024-11-30 15:00:56,986 [om1@group-C5BA1605619E-FollowerState] INFO  impl.FollowerState (FollowerState.java:runImpl(161)) - om1@group-C5BA1605619E-FollowerState: change to CANDIDATE, lastRpcElapsedTime:1134969228ns, electionTimeout:1134ms
2024-11-30 15:00:56,986 [om1@group-C5BA1605619E-FollowerState] INFO  impl.RoleInfo (RoleInfo.java:shutdownFollowerState(121)) - om1: shutdown om1@group-C5BA1605619E-FollowerState
2024-11-30 15:00:56,986 [om1@group-C5BA1605619E-FollowerState] INFO  server.RaftServer$Division (RaftServerImpl.java:setRole(378)) - om1@group-C5BA1605619E: changes role from  FOLLOWER to CANDIDATE at term 0 for changeToCandidate
2024-11-30 15:00:56,986 [om1@group-C5BA1605619E-FollowerState] INFO  server.RaftServerConfigKeys (ConfUtils.java:logGet(46)) - raft.server.leaderelection.pre-vote = true (default)
2024-11-30 15:00:56,987 [om1@group-C5BA1605619E-FollowerState] INFO  impl.RoleInfo (RoleInfo.java:updateAndGet(148)) - om1: start om1@group-C5BA1605619E-LeaderElection41
2024-11-30 15:00:56,987 [om1@group-C5BA1605619E-LeaderElection41] INFO  impl.LeaderElection (LeaderElection.java:askForVotes(332)) - om1@group-C5BA1605619E-LeaderElection41 PRE_VOTE round 0: submit vote requests at term 0 for conf: {index: -1, cur=peers:[om1|localhost:15166]|listeners:[], old=null}
2024-11-30 15:00:56,987 [om1@group-C5BA1605619E-LeaderElection41] INFO  impl.LeaderElection (LeaderElection.java:askForVotes(334)) - om1@group-C5BA1605619E-LeaderElection41 PRE_VOTE round 0: result PASSED (term=0)
2024-11-30 15:00:56,988 [om1@group-C5BA1605619E-LeaderElection41] INFO  impl.LeaderElection (LeaderElection.java:askForVotes(332)) - om1@group-C5BA1605619E-LeaderElection41 ELECTION round 0: submit vote requests at term 1 for conf: {index: -1, cur=peers:[om1|localhost:15166]|listeners:[], old=null}
2024-11-30 15:00:56,989 [om1@group-C5BA1605619E-LeaderElection41] INFO  impl.LeaderElection (LeaderElection.java:askForVotes(334)) - om1@group-C5BA1605619E-LeaderElection41 ELECTION round 0: result PASSED (term=1)
2024-11-30 15:00:56,989 [om1@group-C5BA1605619E-LeaderElection41] INFO  impl.RoleInfo (RoleInfo.java:shutdownLeaderElection(141)) - om1: shutdown om1@group-C5BA1605619E-LeaderElection41
2024-11-30 15:00:56,989 [om1@group-C5BA1605619E-LeaderElection41] INFO  server.RaftServer$Division (RaftServerImpl.java:setRole(378)) - om1@group-C5BA1605619E: changes role from CANDIDATE to LEADER at term 1 for changeToLeader
2024-11-30 15:00:56,989 [om1@group-C5BA1605619E-LeaderElection41] INFO  server.RaftServerConfigKeys (ConfUtils.java:logGet(46)) - raft.server.staging.catchup.gap = 1000 (default)
2024-11-30 15:00:56,989 [om1@group-C5BA1605619E-LeaderElection41] INFO  server.RaftServerConfigKeys (ConfUtils.java:logGet(46)) - raft.server.write.element-limit = 4096 (default)
2024-11-30 15:00:56,989 [om1@group-C5BA1605619E-LeaderElection41] INFO  server.RaftServerConfigKeys (ConfUtils.java:logGet(46)) - raft.server.write.byte-limit = 64MB (=67108864) (default)
2024-11-30 15:00:56,989 [om1@group-C5BA1605619E-LeaderElection41] INFO  server.RaftServerConfigKeys (ConfUtils.java:logGet(46)) - raft.server.watch.timeout = 10s (default)
2024-11-30 15:00:56,989 [om1@group-C5BA1605619E-LeaderElection41] INFO  server.RaftServerConfigKeys (ConfUtils.java:logGet(46)) - raft.server.watch.timeout.denomination = 1s (default)
2024-11-30 15:00:56,989 [om1@group-C5BA1605619E-LeaderElection41] INFO  server.RaftServerConfigKeys (ConfUtils.java:logGet(46)) - raft.server.watch.element-limit = 65536 (default)
2024-11-30 15:00:56,989 [om1@group-C5BA1605619E-LeaderElection41] INFO  server.RaftServerConfigKeys (ConfUtils.java:logGet(46)) - raft.server.read.leader.lease.enabled = false (default)
2024-11-30 15:00:56,989 [om1@group-C5BA1605619E-LeaderElection41] INFO  server.RaftServerConfigKeys (ConfUtils.java:logGet(46)) - raft.server.read.leader.lease.timeout.ratio = 0.9 (default)
2024-11-30 15:00:56,990 [om1@group-C5BA1605619E-LeaderElection41] INFO  server.RaftServerConfigKeys (ConfUtils.java:logGet(46)) - raft.server.rpc.timeout.min = 1s (custom)
2024-11-30 15:00:56,990 [om1@group-C5BA1605619E-LeaderElection41] INFO  server.RaftServerConfigKeys (ConfUtils.java:logGet(46)) - raft.server.log.log-metadata.enabled = true (default)
2024-11-30 15:00:56,990 [om1@group-C5BA1605619E-LeaderElection41] INFO  server.RaftServerConfigKeys (ConfUtils.java:logGet(46)) - raft.server.write.element-limit = 4096 (default)
2024-11-30 15:00:56,990 [om1@group-C5BA1605619E-LeaderElection41] INFO  server.RaftServerConfigKeys (ConfUtils.java:logGet(46)) - raft.server.write.follower.gap.ratio.max = -1.0 (default)
2024-11-30 15:00:56,990 [om1@group-C5BA1605619E-LeaderElection41] INFO  impl.RoleInfo (RoleInfo.java:updateAndGet(148)) - om1: start om1@group-C5BA1605619E-LeaderStateImpl
2024-11-30 15:00:56,990 [om1@group-C5BA1605619E-LeaderElection41] INFO  server.RaftServer$Division (RaftServerImpl.java:setFirstElection(562)) - om1@group-C5BA1605619E: set firstElectionSinceStartup to false for becomeLeader
2024-11-30 15:00:56,990 [om1@group-C5BA1605619E-LeaderElection41] INFO  ratis.OzoneManagerStateMachine (OzoneManagerStateMachine.java:notifyLeaderChanged(164)) - om1@group-C5BA1605619E: leader changed to om1
2024-11-30 15:00:56,990 [om1@group-C5BA1605619E-LeaderElection41] INFO  server.RaftServer$Division (ServerState.java:setLeader(272)) - om1@group-C5BA1605619E: change Leader from null to om1 at term 1 for becomeLeader, leader elected after 1485ms
2024-11-30 15:00:56,990 [om1@group-C5BA1605619E-LeaderElection41] INFO  segmented.SegmentedRaftLogWorker (SegmentedRaftLogWorker.java:startLogSegment(438)) - om1@group-C5BA1605619E-SegmentedRaftLogWorker: Starting segment from index:0
2024-11-30 15:00:56,990 [om1@group-C5BA1605619E-LeaderElection41] INFO  server.RaftServer$Division (ServerState.java:setRaftConf(386)) - om1@group-C5BA1605619E: set configuration conf: {index: 0, cur=peers:[om1|localhost:15166]|listeners:[], old=null}
2024-11-30 15:00:56,990 [om1@group-C5BA1605619E-SegmentedRaftLogWorker] INFO  segmented.BufferedWriteChannel (BufferedWriteChannel.java:open(61)) - open log_inprogress_0 at position 0
2024-11-30 15:00:57,000 [om1@group-C5BA1605619E-SegmentedRaftLogWorker] INFO  segmented.SegmentedRaftLogWorker (SegmentedRaftLogWorker.java:execute(644)) - om1@group-C5BA1605619E-SegmentedRaftLogWorker: created new log segment /home/runner/work/ozone/ozone/hadoop-ozone/integration-test/target/test-dir/MiniOzoneClusterImpl-e985cbf7-8b64-4e7c-b64c-74e6afbb48f1/ozone-meta/ratis/bf265839-605b-3f16-9796-c5ba1605619e/current/log_inprogress_0
2024-11-30 15:00:57,001 [om1@group-C5BA1605619E-StateMachineUpdater] INFO  ratis.OzoneManagerStateMachine (OzoneManagerStateMachine.java:notifyConfigurationChanged(226)) - notifyConfigurationChanged from Ratis: term=1, index=0, New Peer list: om1(localhost:15166)
2024-11-30 15:00:57,001 [om1@group-C5BA1605619E-StateMachineUpdater] INFO  server.RaftServer$Division (LeaderStateImpl.java:checkStartIndex(313)) - Leader om1@group-C5BA1605619E-LeaderStateImpl is ready since appliedIndex == startIndex == 0
2024-11-30 15:00:57,150 [main] INFO  handler.ContextHandler (ContextHandler.java:doStart(921)) - Started o.e.j.w.WebAppContext@62cf74d8{hddsDatanode,/,file:///home/runner/work/ozone/ozone/hadoop-ozone/integration-test/target/test-dir/MiniOzoneClusterImpl-e985cbf7-8b64-4e7c-b64c-74e6afbb48f1/ozone-meta/datanode-5/meta/webserver/jetty-0_0_0_0-15204-hdds-container-service-2_0_0-SNAPSHOT_jar-_-any-12749599605566372655/webapp/,AVAILABLE}{jar:file:/home/runner/work/ozone/ozone/hadoop-hdds/container-service/target/hdds-container-service-2.0.0-SNAPSHOT.jar!/webapps/hddsDatanode}
2024-11-30 15:00:57,151 [main] INFO  server.AbstractConnector (AbstractConnector.java:doStart(333)) - Started ServerConnector@3236e8bc{HTTP/1.1, (http/1.1)}{0.0.0.0:15204}
2024-11-30 15:00:57,151 [main] INFO  server.Server (Server.java:doStart(415)) - Started @144243ms
2024-11-30 15:00:57,151 [main] WARN  impl.MetricsSystemImpl (MetricsSystemImpl.java:register(279)) - Sink prometheus already exists!
2024-11-30 15:00:57,152 [main] INFO  http.BaseHttpServer (BaseHttpServer.java:updateConnectorAddress(354)) - HTTP server of hddsDatanode listening at http://0.0.0.0:15204
2024-11-30 15:00:57,152 [main] INFO  ipc.CallQueueManager (CallQueueManager.java:<init>(93)) - Using callQueue: class java.util.concurrent.LinkedBlockingQueue, queueCapacity: 1000, scheduler: class org.apache.hadoop.ipc.DefaultRpcScheduler, ipcBackoff: false, ipcFailOver: false.
2024-11-30 15:00:57,152 [main] INFO  ipc.Server (Server.java:<init>(1438)) - Listener at 0.0.0.0:15205
2024-11-30 15:00:57,153 [Socket Reader #1 for port 15205] INFO  ipc.Server (Server.java:run(1474)) - Starting Socket Reader #1 for port 15205
2024-11-30 15:00:57,153 [Socket Reader #2 for port 15205] INFO  ipc.Server (Server.java:run(1474)) - Starting Socket Reader #2 for port 15205
2024-11-30 15:00:57,153 [Socket Reader #3 for port 15205] INFO  ipc.Server (Server.java:run(1474)) - Starting Socket Reader #3 for port 15205
2024-11-30 15:00:57,153 [Socket Reader #4 for port 15205] INFO  ipc.Server (Server.java:run(1474)) - Starting Socket Reader #4 for port 15205
2024-11-30 15:00:57,153 [Socket Reader #5 for port 15205] INFO  ipc.Server (Server.java:run(1474)) - Starting Socket Reader #5 for port 15205
2024-11-30 15:00:57,153 [Socket Reader #6 for port 15205] INFO  ipc.Server (Server.java:run(1474)) - Starting Socket Reader #6 for port 15205
2024-11-30 15:00:57,154 [Socket Reader #7 for port 15205] INFO  ipc.Server (Server.java:run(1474)) - Starting Socket Reader #7 for port 15205
2024-11-30 15:00:57,154 [Socket Reader #8 for port 15205] INFO  ipc.Server (Server.java:run(1474)) - Starting Socket Reader #8 for port 15205
2024-11-30 15:00:57,154 [Socket Reader #9 for port 15205] INFO  ipc.Server (Server.java:run(1474)) - Starting Socket Reader #9 for port 15205
2024-11-30 15:00:57,154 [Socket Reader #10 for port 15205] INFO  ipc.Server (Server.java:run(1474)) - Starting Socket Reader #10 for port 15205
2024-11-30 15:00:57,155 [main] INFO  ozone.HddsDatanodeService (HddsDatanodeService.java:start(332)) - Datanode start with admins: [runner]
2024-11-30 15:00:57,156 [main] INFO  ozone.HddsDatanodeClientProtocolServer (HddsDatanodeClientProtocolServer.java:start(79)) - RPC server for Client /0.0.0.0:15205
2024-11-30 15:00:57,156 [IPC Server Responder] INFO  ipc.Server (Server.java:run(1713)) - IPC Server Responder: starting
2024-11-30 15:00:57,156 [IPC Server listener on 15205] INFO  ipc.Server (Server.java:run(1553)) - IPC Server listener on 15205: starting
2024-11-30 15:00:57,158 [main] INFO  ozone.MiniOzoneClusterImpl (MiniOzoneClusterImpl.java:lambda$waitForClusterToBeReady$0(219)) - Waiting for nodes to be ready. Got 0 of 5 DN Heartbeats.
2024-11-30 15:00:57,158 [main] INFO  ozone.MiniOzoneClusterImpl (MiniOzoneClusterImpl.java:lambda$waitForClusterToBeReady$0(222)) - Waiting for cluster to exit safe mode
2024-11-30 15:00:57,159 [main] INFO  ozone.MiniOzoneClusterImpl (MiniOzoneClusterImpl.java:lambda$waitForClusterToBeReady$0(224)) - SCM became leader
2024-11-30 15:00:57,159 [91a17cbe-1555-4f52-a9ac-e5caa7cc945b-DatanodeStateMachineDaemonThread] INFO  statemachine.DatanodeStateMachine (DatanodeStateMachine.java:startStateMachineThread(337)) - Ozone container server started.
2024-11-30 15:00:57,160 [91a17cbe-1555-4f52-a9ac-e5caa7cc945b-DatanodeStateMachineTaskThread-0] INFO  datanode.InitDatanodeState (InitDatanodeState.java:persistContainerDatanodeDetails(139)) - DatanodeDetails is persisted to /home/runner/work/ozone/ozone/hadoop-ozone/integration-test/target/test-dir/MiniOzoneClusterImpl-e985cbf7-8b64-4e7c-b64c-74e6afbb48f1/ozone-meta/datanode-5/meta/datanode.id
2024-11-30 15:00:58,159 [main] INFO  ozone.MiniOzoneClusterImpl (MiniOzoneClusterImpl.java:lambda$waitForClusterToBeReady$0(219)) - Waiting for nodes to be ready. Got 0 of 5 DN Heartbeats.
2024-11-30 15:00:58,159 [main] INFO  ozone.MiniOzoneClusterImpl (MiniOzoneClusterImpl.java:lambda$waitForClusterToBeReady$0(222)) - Waiting for cluster to exit safe mode
2024-11-30 15:00:58,159 [main] INFO  ozone.MiniOzoneClusterImpl (MiniOzoneClusterImpl.java:lambda$waitForClusterToBeReady$0(224)) - SCM became leader
2024-11-30 15:00:58,180 [719b1c3f-249c-457a-8743-b06328301a87-EndpointStateMachineTaskThread-/0.0.0.0:15161-0 ] INFO  utils.DatanodeStoreCache (DatanodeStoreCache.java:addDB(72)) - Added db /home/runner/work/ozone/ozone/hadoop-ozone/integration-test/target/test-dir/MiniOzoneClusterImpl-e985cbf7-8b64-4e7c-b64c-74e6afbb48f1/ozone-meta/datanode-1/data-0/hdds/e985cbf7-8b64-4e7c-b64c-74e6afbb48f1/DS-00b32262-9e0c-4468-abfb-961f380f6861/container.db to cache
2024-11-30 15:00:58,180 [719b1c3f-249c-457a-8743-b06328301a87-EndpointStateMachineTaskThread-/0.0.0.0:15161-0 ] INFO  volume.HddsVolume (HddsVolume.java:createDbStore(447)) - SchemaV3 db is created and loaded at /home/runner/work/ozone/ozone/hadoop-ozone/integration-test/target/test-dir/MiniOzoneClusterImpl-e985cbf7-8b64-4e7c-b64c-74e6afbb48f1/ozone-meta/datanode-1/data-0/hdds/e985cbf7-8b64-4e7c-b64c-74e6afbb48f1/DS-00b32262-9e0c-4468-abfb-961f380f6861/container.db for volume DS-00b32262-9e0c-4468-abfb-961f380f6861
2024-11-30 15:00:58,182 [719b1c3f-249c-457a-8743-b06328301a87-ContainerReader-0] INFO  ozoneimpl.ContainerReader (ContainerReader.java:readVolume(148)) - Start to verify containers on volume /home/runner/work/ozone/ozone/hadoop-ozone/integration-test/target/test-dir/MiniOzoneClusterImpl-e985cbf7-8b64-4e7c-b64c-74e6afbb48f1/ozone-meta/datanode-1/data-0/hdds
2024-11-30 15:00:58,182 [719b1c3f-249c-457a-8743-b06328301a87-ContainerReader-0] INFO  ozoneimpl.ContainerReader (ContainerReader.java:readVolume(178)) - Finish verifying containers on volume /home/runner/work/ozone/ozone/hadoop-ozone/integration-test/target/test-dir/MiniOzoneClusterImpl-e985cbf7-8b64-4e7c-b64c-74e6afbb48f1/ozone-meta/datanode-1/data-0/hdds
2024-11-30 15:00:58,182 [719b1c3f-249c-457a-8743-b06328301a87-EndpointStateMachineTaskThread-/0.0.0.0:15161-0 ] INFO  ozoneimpl.OzoneContainer (OzoneContainer.java:buildContainerSet(359)) - Build ContainerSet costs 0s
2024-11-30 15:00:58,183 [719b1c3f-249c-457a-8743-b06328301a87-EndpointStateMachineTaskThread-/0.0.0.0:15161-0 ] INFO  volume.ThrottledAsyncChecker (ThrottledAsyncChecker.java:schedule(141)) - Scheduling a check for /home/runner/work/ozone/ozone/hadoop-ozone/integration-test/target/test-dir/MiniOzoneClusterImpl-e985cbf7-8b64-4e7c-b64c-74e6afbb48f1/ozone-meta/datanode-1/data-0/hdds
2024-11-30 15:00:58,183 [719b1c3f-249c-457a-8743-b06328301a87-EndpointStateMachineTaskThread-/0.0.0.0:15161-0 ] INFO  volume.StorageVolumeChecker (StorageVolumeChecker.java:checkAllVolumes(218)) - Scheduled health check for volume /home/runner/work/ozone/ozone/hadoop-ozone/integration-test/target/test-dir/MiniOzoneClusterImpl-e985cbf7-8b64-4e7c-b64c-74e6afbb48f1/ozone-meta/datanode-1/data-0/hdds
2024-11-30 15:00:58,184 [719b1c3f-249c-457a-8743-b06328301a87-EndpointStateMachineTaskThread-/0.0.0.0:15161-0 ] INFO  volume.ThrottledAsyncChecker (ThrottledAsyncChecker.java:schedule(141)) - Scheduling a check for /home/runner/work/ozone/ozone/hadoop-ozone/integration-test/target/test-dir/MiniOzoneClusterImpl-e985cbf7-8b64-4e7c-b64c-74e6afbb48f1/ozone-meta/datanode-1/ratis
2024-11-30 15:00:58,184 [719b1c3f-249c-457a-8743-b06328301a87-EndpointStateMachineTaskThread-/0.0.0.0:15161-0 ] INFO  volume.StorageVolumeChecker (StorageVolumeChecker.java:checkAllVolumes(218)) - Scheduled health check for volume /home/runner/work/ozone/ozone/hadoop-ozone/integration-test/target/test-dir/MiniOzoneClusterImpl-e985cbf7-8b64-4e7c-b64c-74e6afbb48f1/ozone-meta/datanode-1/ratis
2024-11-30 15:00:58,185 [719b1c3f-249c-457a-8743-b06328301a87-EndpointStateMachineTaskThread-/0.0.0.0:15161-0 ] INFO  ozoneimpl.OzoneContainer (OzoneContainer.java:start(502)) - Attempting to start container services.
2024-11-30 15:00:58,186 [ContainerMetadataScanner] INFO  ozoneimpl.AbstractBackgroundContainerScanner (AbstractBackgroundContainerScanner.java:runIteration(87)) - Completed an iteration in 0 minutes. Number of iterations (since the data-node restart) : 1, Number of containers scanned in this iteration : 0, Number of unhealthy containers found in this iteration : 0
2024-11-30 15:00:58,186 [ContainerDataScanner(/home/runner/work/ozone/ozone/hadoop-ozone/integration-test/target/test-dir/MiniOzoneClusterImpl-e985cbf7-8b64-4e7c-b64c-74e6afbb48f1/ozone-meta/datanode-1/data-0/hdds)] INFO  ozoneimpl.AbstractBackgroundContainerScanner (AbstractBackgroundContainerScanner.java:runIteration(87)) - Completed an iteration in 0 minutes. Number of iterations (since the data-node restart) : 1, Number of containers scanned in this iteration : 0, Number of unhealthy containers found in this iteration : 0
2024-11-30 15:00:58,186 [719b1c3f-249c-457a-8743-b06328301a87-EndpointStateMachineTaskThread-/0.0.0.0:15161-0 ] INFO  replication.ReplicationServer (ReplicationServer.java:start(139)) - ReplicationServer is started using port 15175
2024-11-30 15:00:58,186 [719b1c3f-249c-457a-8743-b06328301a87-EndpointStateMachineTaskThread-/0.0.0.0:15161-0 ] INFO  ratis.XceiverServerRatis (XceiverServerRatis.java:start(561)) - Starting XceiverServerRatis(719b1c3f-249c-457a-8743-b06328301a87)
2024-11-30 15:00:58,187 [719b1c3f-249c-457a-8743-b06328301a87-EndpointStateMachineTaskThread-/0.0.0.0:15161-0 ] INFO  server.RaftServer (RaftServerProxy.java:startImpl(407)) - 719b1c3f-249c-457a-8743-b06328301a87: start RPC server
2024-11-30 15:00:58,187 [719b1c3f-249c-457a-8743-b06328301a87-EndpointStateMachineTaskThread-/0.0.0.0:15161-0 ] INFO  server.GrpcService (GrpcService.java:startImpl(334)) - 719b1c3f-249c-457a-8743-b06328301a87: GrpcService started, listening on 15171
2024-11-30 15:00:58,188 [719b1c3f-249c-457a-8743-b06328301a87-EndpointStateMachineTaskThread-/0.0.0.0:15161-0 ] INFO  ratis.XceiverServerRatis (XceiverServerRatis.java:getRealPort(588)) - XceiverServerRatis(719b1c3f-249c-457a-8743-b06328301a87) is started using port RATIS=15171
2024-11-30 15:00:58,188 [719b1c3f-249c-457a-8743-b06328301a87-EndpointStateMachineTaskThread-/0.0.0.0:15161-0 ] INFO  ratis.XceiverServerRatis (XceiverServerRatis.java:getRealPort(588)) - XceiverServerRatis(719b1c3f-249c-457a-8743-b06328301a87) is started using port RATIS_ADMIN=15171
2024-11-30 15:00:58,188 [719b1c3f-249c-457a-8743-b06328301a87-EndpointStateMachineTaskThread-/0.0.0.0:15161-0 ] INFO  ratis.XceiverServerRatis (XceiverServerRatis.java:getRealPort(588)) - XceiverServerRatis(719b1c3f-249c-457a-8743-b06328301a87) is started using port RATIS_SERVER=15171
2024-11-30 15:00:58,188 [719b1c3f-249c-457a-8743-b06328301a87-EndpointStateMachineTaskThread-/0.0.0.0:15161-0 ] INFO  ratis.XceiverServerRatis (XceiverServerRatis.java:getRealPort(588)) - XceiverServerRatis(719b1c3f-249c-457a-8743-b06328301a87) is started using port RATIS_DATASTREAM=15174
2024-11-30 15:00:58,188 [JvmPauseMonitor23] INFO  util.JvmPauseMonitor (JvmPauseMonitor.java:run(146)) - JvmPauseMonitor-719b1c3f-249c-457a-8743-b06328301a87: Started
2024-11-30 15:00:58,195 [719b1c3f-249c-457a-8743-b06328301a87-BlockDeletingService#0] INFO  interfaces.ContainerDeletionChoosingPolicyTemplate (ContainerDeletionChoosingPolicyTemplate.java:chooseContainerForBlockDeletion(85)) - Chosen 0/5000 blocks from 0 candidate containers.
2024-11-30 15:00:58,426 [d57daabc-8d0b-4ea3-831e-cde13ca8d1d7-EndpointStateMachineTaskThread-/0.0.0.0:15161-0 ] INFO  utils.DatanodeStoreCache (DatanodeStoreCache.java:addDB(72)) - Added db /home/runner/work/ozone/ozone/hadoop-ozone/integration-test/target/test-dir/MiniOzoneClusterImpl-e985cbf7-8b64-4e7c-b64c-74e6afbb48f1/ozone-meta/datanode-2/data-0/hdds/e985cbf7-8b64-4e7c-b64c-74e6afbb48f1/DS-be7845b7-901c-40a1-90eb-1a11f3ea7056/container.db to cache
2024-11-30 15:00:58,426 [d57daabc-8d0b-4ea3-831e-cde13ca8d1d7-EndpointStateMachineTaskThread-/0.0.0.0:15161-0 ] INFO  volume.HddsVolume (HddsVolume.java:createDbStore(447)) - SchemaV3 db is created and loaded at /home/runner/work/ozone/ozone/hadoop-ozone/integration-test/target/test-dir/MiniOzoneClusterImpl-e985cbf7-8b64-4e7c-b64c-74e6afbb48f1/ozone-meta/datanode-2/data-0/hdds/e985cbf7-8b64-4e7c-b64c-74e6afbb48f1/DS-be7845b7-901c-40a1-90eb-1a11f3ea7056/container.db for volume DS-be7845b7-901c-40a1-90eb-1a11f3ea7056
2024-11-30 15:00:58,428 [d57daabc-8d0b-4ea3-831e-cde13ca8d1d7-ContainerReader-0] INFO  ozoneimpl.ContainerReader (ContainerReader.java:readVolume(148)) - Start to verify containers on volume /home/runner/work/ozone/ozone/hadoop-ozone/integration-test/target/test-dir/MiniOzoneClusterImpl-e985cbf7-8b64-4e7c-b64c-74e6afbb48f1/ozone-meta/datanode-2/data-0/hdds
2024-11-30 15:00:58,428 [d57daabc-8d0b-4ea3-831e-cde13ca8d1d7-ContainerReader-0] INFO  ozoneimpl.ContainerReader (ContainerReader.java:readVolume(178)) - Finish verifying containers on volume /home/runner/work/ozone/ozone/hadoop-ozone/integration-test/target/test-dir/MiniOzoneClusterImpl-e985cbf7-8b64-4e7c-b64c-74e6afbb48f1/ozone-meta/datanode-2/data-0/hdds
2024-11-30 15:00:58,428 [d57daabc-8d0b-4ea3-831e-cde13ca8d1d7-EndpointStateMachineTaskThread-/0.0.0.0:15161-0 ] INFO  ozoneimpl.OzoneContainer (OzoneContainer.java:buildContainerSet(359)) - Build ContainerSet costs 0s
2024-11-30 15:00:58,429 [d57daabc-8d0b-4ea3-831e-cde13ca8d1d7-EndpointStateMachineTaskThread-/0.0.0.0:15161-0 ] INFO  volume.ThrottledAsyncChecker (ThrottledAsyncChecker.java:schedule(141)) - Scheduling a check for /home/runner/work/ozone/ozone/hadoop-ozone/integration-test/target/test-dir/MiniOzoneClusterImpl-e985cbf7-8b64-4e7c-b64c-74e6afbb48f1/ozone-meta/datanode-2/data-0/hdds
2024-11-30 15:00:58,429 [d57daabc-8d0b-4ea3-831e-cde13ca8d1d7-EndpointStateMachineTaskThread-/0.0.0.0:15161-0 ] INFO  volume.StorageVolumeChecker (StorageVolumeChecker.java:checkAllVolumes(218)) - Scheduled health check for volume /home/runner/work/ozone/ozone/hadoop-ozone/integration-test/target/test-dir/MiniOzoneClusterImpl-e985cbf7-8b64-4e7c-b64c-74e6afbb48f1/ozone-meta/datanode-2/data-0/hdds
2024-11-30 15:00:58,430 [d57daabc-8d0b-4ea3-831e-cde13ca8d1d7-EndpointStateMachineTaskThread-/0.0.0.0:15161-0 ] INFO  volume.ThrottledAsyncChecker (ThrottledAsyncChecker.java:schedule(141)) - Scheduling a check for /home/runner/work/ozone/ozone/hadoop-ozone/integration-test/target/test-dir/MiniOzoneClusterImpl-e985cbf7-8b64-4e7c-b64c-74e6afbb48f1/ozone-meta/datanode-2/ratis
2024-11-30 15:00:58,430 [d57daabc-8d0b-4ea3-831e-cde13ca8d1d7-EndpointStateMachineTaskThread-/0.0.0.0:15161-0 ] INFO  volume.StorageVolumeChecker (StorageVolumeChecker.java:checkAllVolumes(218)) - Scheduled health check for volume /home/runner/work/ozone/ozone/hadoop-ozone/integration-test/target/test-dir/MiniOzoneClusterImpl-e985cbf7-8b64-4e7c-b64c-74e6afbb48f1/ozone-meta/datanode-2/ratis
2024-11-30 15:00:58,431 [d57daabc-8d0b-4ea3-831e-cde13ca8d1d7-EndpointStateMachineTaskThread-/0.0.0.0:15161-0 ] INFO  ozoneimpl.OzoneContainer (OzoneContainer.java:start(502)) - Attempting to start container services.
2024-11-30 15:00:58,431 [d57daabc-8d0b-4ea3-831e-cde13ca8d1d7-EndpointStateMachineTaskThread-/0.0.0.0:15161-0 ] WARN  ozoneimpl.OnDemandContainerDataScanner (OnDemandContainerDataScanner.java:init(75)) - Trying to initialize on demand scanner a second time on a datanode.
2024-11-30 15:00:58,431 [ContainerMetadataScanner] INFO  ozoneimpl.AbstractBackgroundContainerScanner (AbstractBackgroundContainerScanner.java:runIteration(87)) - Completed an iteration in 0 minutes. Number of iterations (since the data-node restart) : 1, Number of containers scanned in this iteration : 0, Number of unhealthy containers found in this iteration : 0
2024-11-30 15:00:58,431 [ContainerDataScanner(/home/runner/work/ozone/ozone/hadoop-ozone/integration-test/target/test-dir/MiniOzoneClusterImpl-e985cbf7-8b64-4e7c-b64c-74e6afbb48f1/ozone-meta/datanode-2/data-0/hdds)] INFO  ozoneimpl.AbstractBackgroundContainerScanner (AbstractBackgroundContainerScanner.java:runIteration(87)) - Completed an iteration in 0 minutes. Number of iterations (since the data-node restart) : 1, Number of containers scanned in this iteration : 0, Number of unhealthy containers found in this iteration : 0
2024-11-30 15:00:58,432 [d57daabc-8d0b-4ea3-831e-cde13ca8d1d7-EndpointStateMachineTaskThread-/0.0.0.0:15161-0 ] INFO  replication.ReplicationServer (ReplicationServer.java:start(139)) - ReplicationServer is started using port 15184
2024-11-30 15:00:58,432 [d57daabc-8d0b-4ea3-831e-cde13ca8d1d7-EndpointStateMachineTaskThread-/0.0.0.0:15161-0 ] INFO  ratis.XceiverServerRatis (XceiverServerRatis.java:start(561)) - Starting XceiverServerRatis(d57daabc-8d0b-4ea3-831e-cde13ca8d1d7)
2024-11-30 15:00:58,433 [d57daabc-8d0b-4ea3-831e-cde13ca8d1d7-EndpointStateMachineTaskThread-/0.0.0.0:15161-0 ] INFO  server.RaftServer (RaftServerProxy.java:startImpl(407)) - d57daabc-8d0b-4ea3-831e-cde13ca8d1d7: start RPC server
2024-11-30 15:00:58,433 [d57daabc-8d0b-4ea3-831e-cde13ca8d1d7-EndpointStateMachineTaskThread-/0.0.0.0:15161-0 ] INFO  server.GrpcService (GrpcService.java:startImpl(334)) - d57daabc-8d0b-4ea3-831e-cde13ca8d1d7: GrpcService started, listening on 15180
2024-11-30 15:00:58,434 [d57daabc-8d0b-4ea3-831e-cde13ca8d1d7-EndpointStateMachineTaskThread-/0.0.0.0:15161-0 ] INFO  ratis.XceiverServerRatis (XceiverServerRatis.java:getRealPort(588)) - XceiverServerRatis(d57daabc-8d0b-4ea3-831e-cde13ca8d1d7) is started using port RATIS=15180
2024-11-30 15:00:58,434 [d57daabc-8d0b-4ea3-831e-cde13ca8d1d7-EndpointStateMachineTaskThread-/0.0.0.0:15161-0 ] INFO  ratis.XceiverServerRatis (XceiverServerRatis.java:getRealPort(588)) - XceiverServerRatis(d57daabc-8d0b-4ea3-831e-cde13ca8d1d7) is started using port RATIS_ADMIN=15180
2024-11-30 15:00:58,434 [d57daabc-8d0b-4ea3-831e-cde13ca8d1d7-EndpointStateMachineTaskThread-/0.0.0.0:15161-0 ] INFO  ratis.XceiverServerRatis (XceiverServerRatis.java:getRealPort(588)) - XceiverServerRatis(d57daabc-8d0b-4ea3-831e-cde13ca8d1d7) is started using port RATIS_SERVER=15180
2024-11-30 15:00:58,434 [d57daabc-8d0b-4ea3-831e-cde13ca8d1d7-EndpointStateMachineTaskThread-/0.0.0.0:15161-0 ] INFO  ratis.XceiverServerRatis (XceiverServerRatis.java:getRealPort(588)) - XceiverServerRatis(d57daabc-8d0b-4ea3-831e-cde13ca8d1d7) is started using port RATIS_DATASTREAM=15183
2024-11-30 15:00:58,434 [JvmPauseMonitor24] INFO  util.JvmPauseMonitor (JvmPauseMonitor.java:run(146)) - JvmPauseMonitor-d57daabc-8d0b-4ea3-831e-cde13ca8d1d7: Started
2024-11-30 15:00:58,435 [d57daabc-8d0b-4ea3-831e-cde13ca8d1d7-BlockDeletingService#0] INFO  interfaces.ContainerDeletionChoosingPolicyTemplate (ContainerDeletionChoosingPolicyTemplate.java:chooseContainerForBlockDeletion(85)) - Chosen 0/5000 blocks from 0 candidate containers.
2024-11-30 15:00:58,674 [af7ee296-5066-44e3-a94d-aaeda09020f2-EndpointStateMachineTaskThread-/0.0.0.0:15161-0 ] INFO  utils.DatanodeStoreCache (DatanodeStoreCache.java:addDB(72)) - Added db /home/runner/work/ozone/ozone/hadoop-ozone/integration-test/target/test-dir/MiniOzoneClusterImpl-e985cbf7-8b64-4e7c-b64c-74e6afbb48f1/ozone-meta/datanode-3/data-0/hdds/e985cbf7-8b64-4e7c-b64c-74e6afbb48f1/DS-1226579b-e949-40e6-8919-ec990558def9/container.db to cache
2024-11-30 15:00:58,674 [af7ee296-5066-44e3-a94d-aaeda09020f2-EndpointStateMachineTaskThread-/0.0.0.0:15161-0 ] INFO  volume.HddsVolume (HddsVolume.java:createDbStore(447)) - SchemaV3 db is created and loaded at /home/runner/work/ozone/ozone/hadoop-ozone/integration-test/target/test-dir/MiniOzoneClusterImpl-e985cbf7-8b64-4e7c-b64c-74e6afbb48f1/ozone-meta/datanode-3/data-0/hdds/e985cbf7-8b64-4e7c-b64c-74e6afbb48f1/DS-1226579b-e949-40e6-8919-ec990558def9/container.db for volume DS-1226579b-e949-40e6-8919-ec990558def9
2024-11-30 15:00:58,676 [af7ee296-5066-44e3-a94d-aaeda09020f2-ContainerReader-0] INFO  ozoneimpl.ContainerReader (ContainerReader.java:readVolume(148)) - Start to verify containers on volume /home/runner/work/ozone/ozone/hadoop-ozone/integration-test/target/test-dir/MiniOzoneClusterImpl-e985cbf7-8b64-4e7c-b64c-74e6afbb48f1/ozone-meta/datanode-3/data-0/hdds
2024-11-30 15:00:58,676 [af7ee296-5066-44e3-a94d-aaeda09020f2-ContainerReader-0] INFO  ozoneimpl.ContainerReader (ContainerReader.java:readVolume(178)) - Finish verifying containers on volume /home/runner/work/ozone/ozone/hadoop-ozone/integration-test/target/test-dir/MiniOzoneClusterImpl-e985cbf7-8b64-4e7c-b64c-74e6afbb48f1/ozone-meta/datanode-3/data-0/hdds
2024-11-30 15:00:58,676 [af7ee296-5066-44e3-a94d-aaeda09020f2-EndpointStateMachineTaskThread-/0.0.0.0:15161-0 ] INFO  ozoneimpl.OzoneContainer (OzoneContainer.java:buildContainerSet(359)) - Build ContainerSet costs 0s
2024-11-30 15:00:58,677 [af7ee296-5066-44e3-a94d-aaeda09020f2-EndpointStateMachineTaskThread-/0.0.0.0:15161-0 ] INFO  volume.ThrottledAsyncChecker (ThrottledAsyncChecker.java:schedule(141)) - Scheduling a check for /home/runner/work/ozone/ozone/hadoop-ozone/integration-test/target/test-dir/MiniOzoneClusterImpl-e985cbf7-8b64-4e7c-b64c-74e6afbb48f1/ozone-meta/datanode-3/data-0/hdds
2024-11-30 15:00:58,677 [af7ee296-5066-44e3-a94d-aaeda09020f2-EndpointStateMachineTaskThread-/0.0.0.0:15161-0 ] INFO  volume.StorageVolumeChecker (StorageVolumeChecker.java:checkAllVolumes(218)) - Scheduled health check for volume /home/runner/work/ozone/ozone/hadoop-ozone/integration-test/target/test-dir/MiniOzoneClusterImpl-e985cbf7-8b64-4e7c-b64c-74e6afbb48f1/ozone-meta/datanode-3/data-0/hdds
2024-11-30 15:00:58,678 [af7ee296-5066-44e3-a94d-aaeda09020f2-EndpointStateMachineTaskThread-/0.0.0.0:15161-0 ] INFO  volume.ThrottledAsyncChecker (ThrottledAsyncChecker.java:schedule(141)) - Scheduling a check for /home/runner/work/ozone/ozone/hadoop-ozone/integration-test/target/test-dir/MiniOzoneClusterImpl-e985cbf7-8b64-4e7c-b64c-74e6afbb48f1/ozone-meta/datanode-3/ratis
2024-11-30 15:00:58,678 [af7ee296-5066-44e3-a94d-aaeda09020f2-EndpointStateMachineTaskThread-/0.0.0.0:15161-0 ] INFO  volume.StorageVolumeChecker (StorageVolumeChecker.java:checkAllVolumes(218)) - Scheduled health check for volume /home/runner/work/ozone/ozone/hadoop-ozone/integration-test/target/test-dir/MiniOzoneClusterImpl-e985cbf7-8b64-4e7c-b64c-74e6afbb48f1/ozone-meta/datanode-3/ratis
2024-11-30 15:00:58,679 [af7ee296-5066-44e3-a94d-aaeda09020f2-EndpointStateMachineTaskThread-/0.0.0.0:15161-0 ] INFO  ozoneimpl.OzoneContainer (OzoneContainer.java:start(502)) - Attempting to start container services.
2024-11-30 15:00:58,679 [af7ee296-5066-44e3-a94d-aaeda09020f2-EndpointStateMachineTaskThread-/0.0.0.0:15161-0 ] WARN  ozoneimpl.OnDemandContainerDataScanner (OnDemandContainerDataScanner.java:init(75)) - Trying to initialize on demand scanner a second time on a datanode.
2024-11-30 15:00:58,679 [ContainerMetadataScanner] INFO  ozoneimpl.AbstractBackgroundContainerScanner (AbstractBackgroundContainerScanner.java:runIteration(87)) - Completed an iteration in 0 minutes. Number of iterations (since the data-node restart) : 1, Number of containers scanned in this iteration : 0, Number of unhealthy containers found in this iteration : 0
2024-11-30 15:00:58,680 [ContainerDataScanner(/home/runner/work/ozone/ozone/hadoop-ozone/integration-test/target/test-dir/MiniOzoneClusterImpl-e985cbf7-8b64-4e7c-b64c-74e6afbb48f1/ozone-meta/datanode-3/data-0/hdds)] INFO  ozoneimpl.AbstractBackgroundContainerScanner (AbstractBackgroundContainerScanner.java:runIteration(87)) - Completed an iteration in 0 minutes. Number of iterations (since the data-node restart) : 1, Number of containers scanned in this iteration : 0, Number of unhealthy containers found in this iteration : 0
2024-11-30 15:00:58,681 [af7ee296-5066-44e3-a94d-aaeda09020f2-EndpointStateMachineTaskThread-/0.0.0.0:15161-0 ] INFO  replication.ReplicationServer (ReplicationServer.java:start(139)) - ReplicationServer is started using port 15193
2024-11-30 15:00:58,681 [af7ee296-5066-44e3-a94d-aaeda09020f2-EndpointStateMachineTaskThread-/0.0.0.0:15161-0 ] INFO  ratis.XceiverServerRatis (XceiverServerRatis.java:start(561)) - Starting XceiverServerRatis(af7ee296-5066-44e3-a94d-aaeda09020f2)
2024-11-30 15:00:58,682 [af7ee296-5066-44e3-a94d-aaeda09020f2-EndpointStateMachineTaskThread-/0.0.0.0:15161-0 ] INFO  server.RaftServer (RaftServerProxy.java:startImpl(407)) - af7ee296-5066-44e3-a94d-aaeda09020f2: start RPC server
2024-11-30 15:00:58,682 [af7ee296-5066-44e3-a94d-aaeda09020f2-EndpointStateMachineTaskThread-/0.0.0.0:15161-0 ] INFO  server.GrpcService (GrpcService.java:startImpl(334)) - af7ee296-5066-44e3-a94d-aaeda09020f2: GrpcService started, listening on 15189
2024-11-30 15:00:58,682 [af7ee296-5066-44e3-a94d-aaeda09020f2-EndpointStateMachineTaskThread-/0.0.0.0:15161-0 ] INFO  ratis.XceiverServerRatis (XceiverServerRatis.java:getRealPort(588)) - XceiverServerRatis(af7ee296-5066-44e3-a94d-aaeda09020f2) is started using port RATIS=15189
2024-11-30 15:00:58,682 [af7ee296-5066-44e3-a94d-aaeda09020f2-EndpointStateMachineTaskThread-/0.0.0.0:15161-0 ] INFO  ratis.XceiverServerRatis (XceiverServerRatis.java:getRealPort(588)) - XceiverServerRatis(af7ee296-5066-44e3-a94d-aaeda09020f2) is started using port RATIS_ADMIN=15189
2024-11-30 15:00:58,682 [af7ee296-5066-44e3-a94d-aaeda09020f2-EndpointStateMachineTaskThread-/0.0.0.0:15161-0 ] INFO  ratis.XceiverServerRatis (XceiverServerRatis.java:getRealPort(588)) - XceiverServerRatis(af7ee296-5066-44e3-a94d-aaeda09020f2) is started using port RATIS_SERVER=15189
2024-11-30 15:00:58,682 [af7ee296-5066-44e3-a94d-aaeda09020f2-EndpointStateMachineTaskThread-/0.0.0.0:15161-0 ] INFO  ratis.XceiverServerRatis (XceiverServerRatis.java:getRealPort(588)) - XceiverServerRatis(af7ee296-5066-44e3-a94d-aaeda09020f2) is started using port RATIS_DATASTREAM=15192
2024-11-30 15:00:58,683 [JvmPauseMonitor25] INFO  util.JvmPauseMonitor (JvmPauseMonitor.java:run(146)) - JvmPauseMonitor-af7ee296-5066-44e3-a94d-aaeda09020f2: Started
2024-11-30 15:00:58,683 [af7ee296-5066-44e3-a94d-aaeda09020f2-BlockDeletingService#0] INFO  interfaces.ContainerDeletionChoosingPolicyTemplate (ContainerDeletionChoosingPolicyTemplate.java:chooseContainerForBlockDeletion(85)) - Chosen 0/5000 blocks from 0 candidate containers.
2024-11-30 15:00:58,941 [dd630ec0-84d9-4473-8f61-cbcf66d1795a-EndpointStateMachineTaskThread-/0.0.0.0:15161-0 ] INFO  utils.DatanodeStoreCache (DatanodeStoreCache.java:addDB(72)) - Added db /home/runner/work/ozone/ozone/hadoop-ozone/integration-test/target/test-dir/MiniOzoneClusterImpl-e985cbf7-8b64-4e7c-b64c-74e6afbb48f1/ozone-meta/datanode-4/data-0/hdds/e985cbf7-8b64-4e7c-b64c-74e6afbb48f1/DS-e4b5d502-a1c1-47fe-8e1d-c08edf330884/container.db to cache
2024-11-30 15:00:58,941 [dd630ec0-84d9-4473-8f61-cbcf66d1795a-EndpointStateMachineTaskThread-/0.0.0.0:15161-0 ] INFO  volume.HddsVolume (HddsVolume.java:createDbStore(447)) - SchemaV3 db is created and loaded at /home/runner/work/ozone/ozone/hadoop-ozone/integration-test/target/test-dir/MiniOzoneClusterImpl-e985cbf7-8b64-4e7c-b64c-74e6afbb48f1/ozone-meta/datanode-4/data-0/hdds/e985cbf7-8b64-4e7c-b64c-74e6afbb48f1/DS-e4b5d502-a1c1-47fe-8e1d-c08edf330884/container.db for volume DS-e4b5d502-a1c1-47fe-8e1d-c08edf330884
2024-11-30 15:00:58,943 [dd630ec0-84d9-4473-8f61-cbcf66d1795a-ContainerReader-0] INFO  ozoneimpl.ContainerReader (ContainerReader.java:readVolume(148)) - Start to verify containers on volume /home/runner/work/ozone/ozone/hadoop-ozone/integration-test/target/test-dir/MiniOzoneClusterImpl-e985cbf7-8b64-4e7c-b64c-74e6afbb48f1/ozone-meta/datanode-4/data-0/hdds
2024-11-30 15:00:58,943 [dd630ec0-84d9-4473-8f61-cbcf66d1795a-ContainerReader-0] INFO  ozoneimpl.ContainerReader (ContainerReader.java:readVolume(178)) - Finish verifying containers on volume /home/runner/work/ozone/ozone/hadoop-ozone/integration-test/target/test-dir/MiniOzoneClusterImpl-e985cbf7-8b64-4e7c-b64c-74e6afbb48f1/ozone-meta/datanode-4/data-0/hdds
2024-11-30 15:00:58,944 [dd630ec0-84d9-4473-8f61-cbcf66d1795a-EndpointStateMachineTaskThread-/0.0.0.0:15161-0 ] INFO  ozoneimpl.OzoneContainer (OzoneContainer.java:buildContainerSet(359)) - Build ContainerSet costs 0s
2024-11-30 15:00:58,944 [dd630ec0-84d9-4473-8f61-cbcf66d1795a-EndpointStateMachineTaskThread-/0.0.0.0:15161-0 ] INFO  volume.ThrottledAsyncChecker (ThrottledAsyncChecker.java:schedule(141)) - Scheduling a check for /home/runner/work/ozone/ozone/hadoop-ozone/integration-test/target/test-dir/MiniOzoneClusterImpl-e985cbf7-8b64-4e7c-b64c-74e6afbb48f1/ozone-meta/datanode-4/data-0/hdds
2024-11-30 15:00:58,944 [dd630ec0-84d9-4473-8f61-cbcf66d1795a-EndpointStateMachineTaskThread-/0.0.0.0:15161-0 ] INFO  volume.StorageVolumeChecker (StorageVolumeChecker.java:checkAllVolumes(218)) - Scheduled health check for volume /home/runner/work/ozone/ozone/hadoop-ozone/integration-test/target/test-dir/MiniOzoneClusterImpl-e985cbf7-8b64-4e7c-b64c-74e6afbb48f1/ozone-meta/datanode-4/data-0/hdds
2024-11-30 15:00:58,945 [dd630ec0-84d9-4473-8f61-cbcf66d1795a-EndpointStateMachineTaskThread-/0.0.0.0:15161-0 ] INFO  volume.ThrottledAsyncChecker (ThrottledAsyncChecker.java:schedule(141)) - Scheduling a check for /home/runner/work/ozone/ozone/hadoop-ozone/integration-test/target/test-dir/MiniOzoneClusterImpl-e985cbf7-8b64-4e7c-b64c-74e6afbb48f1/ozone-meta/datanode-4/ratis
2024-11-30 15:00:58,945 [dd630ec0-84d9-4473-8f61-cbcf66d1795a-EndpointStateMachineTaskThread-/0.0.0.0:15161-0 ] INFO  volume.StorageVolumeChecker (StorageVolumeChecker.java:checkAllVolumes(218)) - Scheduled health check for volume /home/runner/work/ozone/ozone/hadoop-ozone/integration-test/target/test-dir/MiniOzoneClusterImpl-e985cbf7-8b64-4e7c-b64c-74e6afbb48f1/ozone-meta/datanode-4/ratis
2024-11-30 15:00:58,946 [dd630ec0-84d9-4473-8f61-cbcf66d1795a-EndpointStateMachineTaskThread-/0.0.0.0:15161-0 ] INFO  ozoneimpl.OzoneContainer (OzoneContainer.java:start(502)) - Attempting to start container services.
2024-11-30 15:00:58,946 [dd630ec0-84d9-4473-8f61-cbcf66d1795a-EndpointStateMachineTaskThread-/0.0.0.0:15161-0 ] WARN  ozoneimpl.OnDemandContainerDataScanner (OnDemandContainerDataScanner.java:init(75)) - Trying to initialize on demand scanner a second time on a datanode.
2024-11-30 15:00:58,946 [ContainerMetadataScanner] INFO  ozoneimpl.AbstractBackgroundContainerScanner (AbstractBackgroundContainerScanner.java:runIteration(87)) - Completed an iteration in 0 minutes. Number of iterations (since the data-node restart) : 1, Number of containers scanned in this iteration : 0, Number of unhealthy containers found in this iteration : 0
2024-11-30 15:00:58,947 [ContainerDataScanner(/home/runner/work/ozone/ozone/hadoop-ozone/integration-test/target/test-dir/MiniOzoneClusterImpl-e985cbf7-8b64-4e7c-b64c-74e6afbb48f1/ozone-meta/datanode-4/data-0/hdds)] INFO  ozoneimpl.AbstractBackgroundContainerScanner (AbstractBackgroundContainerScanner.java:runIteration(87)) - Completed an iteration in 0 minutes. Number of iterations (since the data-node restart) : 1, Number of containers scanned in this iteration : 0, Number of unhealthy containers found in this iteration : 0
2024-11-30 15:00:58,947 [dd630ec0-84d9-4473-8f61-cbcf66d1795a-EndpointStateMachineTaskThread-/0.0.0.0:15161-0 ] INFO  replication.ReplicationServer (ReplicationServer.java:start(139)) - ReplicationServer is started using port 15202
2024-11-30 15:00:58,947 [dd630ec0-84d9-4473-8f61-cbcf66d1795a-EndpointStateMachineTaskThread-/0.0.0.0:15161-0 ] INFO  ratis.XceiverServerRatis (XceiverServerRatis.java:start(561)) - Starting XceiverServerRatis(dd630ec0-84d9-4473-8f61-cbcf66d1795a)
2024-11-30 15:00:58,948 [dd630ec0-84d9-4473-8f61-cbcf66d1795a-EndpointStateMachineTaskThread-/0.0.0.0:15161-0 ] INFO  server.RaftServer (RaftServerProxy.java:startImpl(407)) - dd630ec0-84d9-4473-8f61-cbcf66d1795a: start RPC server
2024-11-30 15:00:58,948 [dd630ec0-84d9-4473-8f61-cbcf66d1795a-EndpointStateMachineTaskThread-/0.0.0.0:15161-0 ] INFO  server.GrpcService (GrpcService.java:startImpl(334)) - dd630ec0-84d9-4473-8f61-cbcf66d1795a: GrpcService started, listening on 15198
2024-11-30 15:00:58,948 [dd630ec0-84d9-4473-8f61-cbcf66d1795a-EndpointStateMachineTaskThread-/0.0.0.0:15161-0 ] INFO  ratis.XceiverServerRatis (XceiverServerRatis.java:getRealPort(588)) - XceiverServerRatis(dd630ec0-84d9-4473-8f61-cbcf66d1795a) is started using port RATIS=15198
2024-11-30 15:00:58,948 [JvmPauseMonitor26] INFO  util.JvmPauseMonitor (JvmPauseMonitor.java:run(146)) - JvmPauseMonitor-dd630ec0-84d9-4473-8f61-cbcf66d1795a: Started
2024-11-30 15:00:58,948 [dd630ec0-84d9-4473-8f61-cbcf66d1795a-EndpointStateMachineTaskThread-/0.0.0.0:15161-0 ] INFO  ratis.XceiverServerRatis (XceiverServerRatis.java:getRealPort(588)) - XceiverServerRatis(dd630ec0-84d9-4473-8f61-cbcf66d1795a) is started using port RATIS_ADMIN=15198
2024-11-30 15:00:58,949 [dd630ec0-84d9-4473-8f61-cbcf66d1795a-EndpointStateMachineTaskThread-/0.0.0.0:15161-0 ] INFO  ratis.XceiverServerRatis (XceiverServerRatis.java:getRealPort(588)) - XceiverServerRatis(dd630ec0-84d9-4473-8f61-cbcf66d1795a) is started using port RATIS_SERVER=15198
2024-11-30 15:00:58,949 [dd630ec0-84d9-4473-8f61-cbcf66d1795a-EndpointStateMachineTaskThread-/0.0.0.0:15161-0 ] INFO  ratis.XceiverServerRatis (XceiverServerRatis.java:getRealPort(588)) - XceiverServerRatis(dd630ec0-84d9-4473-8f61-cbcf66d1795a) is started using port RATIS_DATASTREAM=15201
2024-11-30 15:00:58,949 [dd630ec0-84d9-4473-8f61-cbcf66d1795a-BlockDeletingService#0] INFO  interfaces.ContainerDeletionChoosingPolicyTemplate (ContainerDeletionChoosingPolicyTemplate.java:chooseContainerForBlockDeletion(85)) - Chosen 0/5000 blocks from 0 candidate containers.
2024-11-30 15:00:59,159 [main] INFO  ozone.MiniOzoneClusterImpl (MiniOzoneClusterImpl.java:lambda$waitForClusterToBeReady$0(219)) - Waiting for nodes to be ready. Got 0 of 5 DN Heartbeats.
2024-11-30 15:00:59,160 [main] INFO  ozone.MiniOzoneClusterImpl (MiniOzoneClusterImpl.java:lambda$waitForClusterToBeReady$0(222)) - Waiting for cluster to exit safe mode
2024-11-30 15:00:59,160 [main] INFO  ozone.MiniOzoneClusterImpl (MiniOzoneClusterImpl.java:lambda$waitForClusterToBeReady$0(224)) - SCM became leader
2024-11-30 15:00:59,187 [91a17cbe-1555-4f52-a9ac-e5caa7cc945b-EndpointStateMachineTaskThread-/0.0.0.0:15161-0 ] INFO  utils.DatanodeStoreCache (DatanodeStoreCache.java:addDB(72)) - Added db /home/runner/work/ozone/ozone/hadoop-ozone/integration-test/target/test-dir/MiniOzoneClusterImpl-e985cbf7-8b64-4e7c-b64c-74e6afbb48f1/ozone-meta/datanode-5/data-0/hdds/e985cbf7-8b64-4e7c-b64c-74e6afbb48f1/DS-9cc604fc-affe-4e90-884a-9d3ed86ab0be/container.db to cache
2024-11-30 15:00:59,187 [91a17cbe-1555-4f52-a9ac-e5caa7cc945b-EndpointStateMachineTaskThread-/0.0.0.0:15161-0 ] INFO  volume.HddsVolume (HddsVolume.java:createDbStore(447)) - SchemaV3 db is created and loaded at /home/runner/work/ozone/ozone/hadoop-ozone/integration-test/target/test-dir/MiniOzoneClusterImpl-e985cbf7-8b64-4e7c-b64c-74e6afbb48f1/ozone-meta/datanode-5/data-0/hdds/e985cbf7-8b64-4e7c-b64c-74e6afbb48f1/DS-9cc604fc-affe-4e90-884a-9d3ed86ab0be/container.db for volume DS-9cc604fc-affe-4e90-884a-9d3ed86ab0be
2024-11-30 15:00:59,189 [91a17cbe-1555-4f52-a9ac-e5caa7cc945b-ContainerReader-0] INFO  ozoneimpl.ContainerReader (ContainerReader.java:readVolume(148)) - Start to verify containers on volume /home/runner/work/ozone/ozone/hadoop-ozone/integration-test/target/test-dir/MiniOzoneClusterImpl-e985cbf7-8b64-4e7c-b64c-74e6afbb48f1/ozone-meta/datanode-5/data-0/hdds
2024-11-30 15:00:59,189 [91a17cbe-1555-4f52-a9ac-e5caa7cc945b-ContainerReader-0] INFO  ozoneimpl.ContainerReader (ContainerReader.java:readVolume(178)) - Finish verifying containers on volume /home/runner/work/ozone/ozone/hadoop-ozone/integration-test/target/test-dir/MiniOzoneClusterImpl-e985cbf7-8b64-4e7c-b64c-74e6afbb48f1/ozone-meta/datanode-5/data-0/hdds
2024-11-30 15:00:59,189 [91a17cbe-1555-4f52-a9ac-e5caa7cc945b-EndpointStateMachineTaskThread-/0.0.0.0:15161-0 ] INFO  ozoneimpl.OzoneContainer (OzoneContainer.java:buildContainerSet(359)) - Build ContainerSet costs 0s
2024-11-30 15:00:59,190 [91a17cbe-1555-4f52-a9ac-e5caa7cc945b-EndpointStateMachineTaskThread-/0.0.0.0:15161-0 ] INFO  volume.ThrottledAsyncChecker (ThrottledAsyncChecker.java:schedule(141)) - Scheduling a check for /home/runner/work/ozone/ozone/hadoop-ozone/integration-test/target/test-dir/MiniOzoneClusterImpl-e985cbf7-8b64-4e7c-b64c-74e6afbb48f1/ozone-meta/datanode-5/data-0/hdds
2024-11-30 15:00:59,190 [91a17cbe-1555-4f52-a9ac-e5caa7cc945b-EndpointStateMachineTaskThread-/0.0.0.0:15161-0 ] INFO  volume.StorageVolumeChecker (StorageVolumeChecker.java:checkAllVolumes(218)) - Scheduled health check for volume /home/runner/work/ozone/ozone/hadoop-ozone/integration-test/target/test-dir/MiniOzoneClusterImpl-e985cbf7-8b64-4e7c-b64c-74e6afbb48f1/ozone-meta/datanode-5/data-0/hdds
2024-11-30 15:00:59,191 [91a17cbe-1555-4f52-a9ac-e5caa7cc945b-EndpointStateMachineTaskThread-/0.0.0.0:15161-0 ] INFO  volume.ThrottledAsyncChecker (ThrottledAsyncChecker.java:schedule(141)) - Scheduling a check for /home/runner/work/ozone/ozone/hadoop-ozone/integration-test/target/test-dir/MiniOzoneClusterImpl-e985cbf7-8b64-4e7c-b64c-74e6afbb48f1/ozone-meta/datanode-5/ratis
2024-11-30 15:00:59,191 [91a17cbe-1555-4f52-a9ac-e5caa7cc945b-EndpointStateMachineTaskThread-/0.0.0.0:15161-0 ] INFO  volume.StorageVolumeChecker (StorageVolumeChecker.java:checkAllVolumes(218)) - Scheduled health check for volume /home/runner/work/ozone/ozone/hadoop-ozone/integration-test/target/test-dir/MiniOzoneClusterImpl-e985cbf7-8b64-4e7c-b64c-74e6afbb48f1/ozone-meta/datanode-5/ratis
2024-11-30 15:00:59,192 [91a17cbe-1555-4f52-a9ac-e5caa7cc945b-EndpointStateMachineTaskThread-/0.0.0.0:15161-0 ] INFO  ozoneimpl.OzoneContainer (OzoneContainer.java:start(502)) - Attempting to start container services.
2024-11-30 15:00:59,192 [91a17cbe-1555-4f52-a9ac-e5caa7cc945b-EndpointStateMachineTaskThread-/0.0.0.0:15161-0 ] WARN  ozoneimpl.OnDemandContainerDataScanner (OnDemandContainerDataScanner.java:init(75)) - Trying to initialize on demand scanner a second time on a datanode.
2024-11-30 15:00:59,193 [ContainerMetadataScanner] INFO  ozoneimpl.AbstractBackgroundContainerScanner (AbstractBackgroundContainerScanner.java:runIteration(87)) - Completed an iteration in 0 minutes. Number of iterations (since the data-node restart) : 1, Number of containers scanned in this iteration : 0, Number of unhealthy containers found in this iteration : 0
2024-11-30 15:00:59,193 [ContainerDataScanner(/home/runner/work/ozone/ozone/hadoop-ozone/integration-test/target/test-dir/MiniOzoneClusterImpl-e985cbf7-8b64-4e7c-b64c-74e6afbb48f1/ozone-meta/datanode-5/data-0/hdds)] INFO  ozoneimpl.AbstractBackgroundContainerScanner (AbstractBackgroundContainerScanner.java:runIteration(87)) - Completed an iteration in 0 minutes. Number of iterations (since the data-node restart) : 1, Number of containers scanned in this iteration : 0, Number of unhealthy containers found in this iteration : 0
2024-11-30 15:00:59,193 [91a17cbe-1555-4f52-a9ac-e5caa7cc945b-EndpointStateMachineTaskThread-/0.0.0.0:15161-0 ] INFO  replication.ReplicationServer (ReplicationServer.java:start(139)) - ReplicationServer is started using port 15211
2024-11-30 15:00:59,193 [91a17cbe-1555-4f52-a9ac-e5caa7cc945b-EndpointStateMachineTaskThread-/0.0.0.0:15161-0 ] INFO  ratis.XceiverServerRatis (XceiverServerRatis.java:start(561)) - Starting XceiverServerRatis(91a17cbe-1555-4f52-a9ac-e5caa7cc945b)
2024-11-30 15:00:59,194 [91a17cbe-1555-4f52-a9ac-e5caa7cc945b-EndpointStateMachineTaskThread-/0.0.0.0:15161-0 ] INFO  server.RaftServer (RaftServerProxy.java:startImpl(407)) - 91a17cbe-1555-4f52-a9ac-e5caa7cc945b: start RPC server
2024-11-30 15:00:59,194 [91a17cbe-1555-4f52-a9ac-e5caa7cc945b-EndpointStateMachineTaskThread-/0.0.0.0:15161-0 ] INFO  server.GrpcService (GrpcService.java:startImpl(334)) - 91a17cbe-1555-4f52-a9ac-e5caa7cc945b: GrpcService started, listening on 15207
2024-11-30 15:00:59,195 [91a17cbe-1555-4f52-a9ac-e5caa7cc945b-EndpointStateMachineTaskThread-/0.0.0.0:15161-0 ] INFO  ratis.XceiverServerRatis (XceiverServerRatis.java:getRealPort(588)) - XceiverServerRatis(91a17cbe-1555-4f52-a9ac-e5caa7cc945b) is started using port RATIS=15207
2024-11-30 15:00:59,195 [91a17cbe-1555-4f52-a9ac-e5caa7cc945b-EndpointStateMachineTaskThread-/0.0.0.0:15161-0 ] INFO  ratis.XceiverServerRatis (XceiverServerRatis.java:getRealPort(588)) - XceiverServerRatis(91a17cbe-1555-4f52-a9ac-e5caa7cc945b) is started using port RATIS_ADMIN=15207
2024-11-30 15:00:59,195 [91a17cbe-1555-4f52-a9ac-e5caa7cc945b-EndpointStateMachineTaskThread-/0.0.0.0:15161-0 ] INFO  ratis.XceiverServerRatis (XceiverServerRatis.java:getRealPort(588)) - XceiverServerRatis(91a17cbe-1555-4f52-a9ac-e5caa7cc945b) is started using port RATIS_SERVER=15207
2024-11-30 15:00:59,195 [91a17cbe-1555-4f52-a9ac-e5caa7cc945b-EndpointStateMachineTaskThread-/0.0.0.0:15161-0 ] INFO  ratis.XceiverServerRatis (XceiverServerRatis.java:getRealPort(588)) - XceiverServerRatis(91a17cbe-1555-4f52-a9ac-e5caa7cc945b) is started using port RATIS_DATASTREAM=15210
2024-11-30 15:00:59,195 [JvmPauseMonitor27] INFO  util.JvmPauseMonitor (JvmPauseMonitor.java:run(146)) - JvmPauseMonitor-91a17cbe-1555-4f52-a9ac-e5caa7cc945b: Started
2024-11-30 15:00:59,196 [91a17cbe-1555-4f52-a9ac-e5caa7cc945b-BlockDeletingService#0] INFO  interfaces.ContainerDeletionChoosingPolicyTemplate (ContainerDeletionChoosingPolicyTemplate.java:chooseContainerForBlockDeletion(85)) - Chosen 0/5000 blocks from 0 candidate containers.
2024-11-30 15:01:00,151 [IPC Server handler 3 on default port 15161] INFO  net.NetworkTopologyImpl (NetworkTopologyImpl.java:add(134)) - Added a new node: /default-rack/719b1c3f-249c-457a-8743-b06328301a87
2024-11-30 15:01:00,151 [IPC Server handler 3 on default port 15161] INFO  node.SCMNodeManager (SCMNodeManager.java:register(424)) - Registered datanode: 719b1c3f-249c-457a-8743-b06328301a87{ip: 127.0.0.1, host: localhost, ports: [HTTP=15168, CLIENT_RPC=15169, REPLICATION=15175, RATIS=15171, RATIS_ADMIN=15171, RATIS_SERVER=15171, RATIS_DATASTREAM=15174, STANDALONE=15170], networkLocation: /default-rack, certSerialId: null, persistedOpState: null, persistedOpStateExpiryEpochSec: 0}
2024-11-30 15:01:00,152 [EventQueue-ContainerRegistrationReportForContainerSafeModeRule] INFO  safemode.SCMSafeModeManager (SCMSafeModeManager.java:validateSafeModeExitRules(203)) - ContainerSafeModeRule rule is successfully validated
2024-11-30 15:01:00,152 [EventQueue-NodeRegistrationContainerReportForDataNodeSafeModeRule] INFO  safemode.SCMSafeModeManager (DataNodeSafeModeRule.java:process(71)) - SCM in safe mode. 1 DataNodes registered, 3 required.
2024-11-30 15:01:00,152 [EventQueue-PipelineReportForOneReplicaPipelineSafeModeRule] INFO  safemode.SCMSafeModeManager (SCMSafeModeManager.java:validateSafeModeExitRules(203)) - AtleastOneDatanodeReportedRule rule is successfully validated
2024-11-30 15:01:00,152 [EventQueue-NewNodeForNewNodeHandler] INFO  pipeline.BackgroundPipelineCreator (BackgroundPipelineCreator.java:notifyEventTriggered(280)) - trigger a one-shot run on RatisPipelineUtilsThread.
2024-11-30 15:01:00,153 [RatisPipelineUtilsThread-0] INFO  pipeline.RatisPipelineProvider (RatisPipelineProvider.java:lambda$create$0(205)) - Sending CreatePipelineCommand for pipeline:PipelineID=b61f8cd5-33e4-4110-b752-344bb3eb1159 to datanode:719b1c3f-249c-457a-8743-b06328301a87
2024-11-30 15:01:00,154 [RatisPipelineUtilsThread-0] INFO  pipeline.BackgroundPipelineCreator (BackgroundPipelineCreator.java:createPipelines(236)) - Created new pipeline Pipeline[ Id: b61f8cd5-33e4-4110-b752-344bb3eb1159, Nodes: 719b1c3f-249c-457a-8743-b06328301a87(localhost/127.0.0.1) ReplicaIndex: 0, ReplicationConfig: RATIS/ONE, State:ALLOCATED, leaderId:, CreationTimestamp2024-11-30T15:01:00.153229750Z[Etc/UTC]]
2024-11-30 15:01:00,160 [main] INFO  ozone.MiniOzoneClusterImpl (MiniOzoneClusterImpl.java:lambda$waitForClusterToBeReady$0(219)) - Waiting for nodes to be ready. Got 1 of 5 DN Heartbeats.
2024-11-30 15:01:00,160 [main] INFO  ozone.MiniOzoneClusterImpl (MiniOzoneClusterImpl.java:lambda$waitForClusterToBeReady$0(222)) - Waiting for cluster to exit safe mode
2024-11-30 15:01:00,160 [main] INFO  ozone.MiniOzoneClusterImpl (MiniOzoneClusterImpl.java:lambda$waitForClusterToBeReady$0(224)) - SCM became leader
2024-11-30 15:01:00,398 [IPC Server handler 0 on default port 15161] INFO  net.NetworkTopologyImpl (NetworkTopologyImpl.java:add(134)) - Added a new node: /default-rack/d57daabc-8d0b-4ea3-831e-cde13ca8d1d7
2024-11-30 15:01:00,399 [IPC Server handler 0 on default port 15161] INFO  node.SCMNodeManager (SCMNodeManager.java:register(424)) - Registered datanode: d57daabc-8d0b-4ea3-831e-cde13ca8d1d7{ip: 127.0.0.1, host: localhost, ports: [HTTP=15177, CLIENT_RPC=15178, REPLICATION=15184, RATIS=15180, RATIS_ADMIN=15180, RATIS_SERVER=15180, RATIS_DATASTREAM=15183, STANDALONE=15179], networkLocation: /default-rack, certSerialId: null, persistedOpState: null, persistedOpStateExpiryEpochSec: 0}
2024-11-30 15:01:00,399 [EventQueue-NodeRegistrationContainerReportForDataNodeSafeModeRule] INFO  safemode.SCMSafeModeManager (DataNodeSafeModeRule.java:process(71)) - SCM in safe mode. 2 DataNodes registered, 3 required.
2024-11-30 15:01:00,399 [EventQueue-NewNodeForNewNodeHandler] INFO  pipeline.BackgroundPipelineCreator (BackgroundPipelineCreator.java:notifyEventTriggered(280)) - trigger a one-shot run on RatisPipelineUtilsThread.
2024-11-30 15:01:00,400 [RatisPipelineUtilsThread-0] INFO  pipeline.RatisPipelineProvider (RatisPipelineProvider.java:lambda$create$0(205)) - Sending CreatePipelineCommand for pipeline:PipelineID=08b1ff62-7daa-4c81-a90d-e05db5954e57 to datanode:d57daabc-8d0b-4ea3-831e-cde13ca8d1d7
2024-11-30 15:01:00,400 [RatisPipelineUtilsThread-0] INFO  pipeline.BackgroundPipelineCreator (BackgroundPipelineCreator.java:createPipelines(236)) - Created new pipeline Pipeline[ Id: 08b1ff62-7daa-4c81-a90d-e05db5954e57, Nodes: d57daabc-8d0b-4ea3-831e-cde13ca8d1d7(localhost/127.0.0.1) ReplicaIndex: 0, ReplicationConfig: RATIS/ONE, State:ALLOCATED, leaderId:, CreationTimestamp2024-11-30T15:01:00.399989013Z[Etc/UTC]]
2024-11-30 15:01:00,644 [IPC Server handler 1 on default port 15161] INFO  net.NetworkTopologyImpl (NetworkTopologyImpl.java:add(134)) - Added a new node: /default-rack/af7ee296-5066-44e3-a94d-aaeda09020f2
2024-11-30 15:01:00,644 [IPC Server handler 1 on default port 15161] INFO  node.SCMNodeManager (SCMNodeManager.java:register(424)) - Registered datanode: af7ee296-5066-44e3-a94d-aaeda09020f2{ip: 127.0.0.1, host: localhost, ports: [HTTP=15186, CLIENT_RPC=15187, REPLICATION=15193, RATIS=15189, RATIS_ADMIN=15189, RATIS_SERVER=15189, RATIS_DATASTREAM=15192, STANDALONE=15188], networkLocation: /default-rack, certSerialId: null, persistedOpState: null, persistedOpStateExpiryEpochSec: 0}
2024-11-30 15:01:00,644 [EventQueue-NodeRegistrationContainerReportForDataNodeSafeModeRule] INFO  safemode.SCMSafeModeManager (DataNodeSafeModeRule.java:process(71)) - SCM in safe mode. 3 DataNodes registered, 3 required.
2024-11-30 15:01:00,645 [EventQueue-NodeRegistrationContainerReportForDataNodeSafeModeRule] INFO  safemode.SCMSafeModeManager (SCMSafeModeManager.java:validateSafeModeExitRules(203)) - DataNodeSafeModeRule rule is successfully validated
2024-11-30 15:01:00,645 [EventQueue-NodeRegistrationContainerReportForDataNodeSafeModeRule] INFO  safemode.SCMSafeModeManager (SCMSafeModeManager.java:completePreCheck(232)) - All SCM safe mode pre check rules have passed
2024-11-30 15:01:00,645 [EventQueue-NodeRegistrationContainerReportForDataNodeSafeModeRule] INFO  ha.SCMContext (SCMContext.java:updateSafeModeStatus(225)) - Update SafeModeStatus from SafeModeStatus{safeModeStatus=true, preCheckPassed=false} to SafeModeStatus{safeModeStatus=true, preCheckPassed=true}.
2024-11-30 15:01:00,645 [EventQueue-NodeRegistrationContainerReportForDataNodeSafeModeRule] INFO  pipeline.BackgroundPipelineCreator (BackgroundPipelineCreator.java:notifyEventTriggered(280)) - trigger a one-shot run on RatisPipelineUtilsThread.
2024-11-30 15:01:00,645 [RatisPipelineUtilsThread-0] INFO  pipeline.RatisPipelineProvider (RatisPipelineProvider.java:lambda$create$0(205)) - Sending CreatePipelineCommand for pipeline:PipelineID=c8c63d18-dbd2-4844-8eae-0733b6903265 to datanode:af7ee296-5066-44e3-a94d-aaeda09020f2
2024-11-30 15:01:00,646 [RatisPipelineUtilsThread-0] INFO  pipeline.BackgroundPipelineCreator (BackgroundPipelineCreator.java:createPipelines(236)) - Created new pipeline Pipeline[ Id: c8c63d18-dbd2-4844-8eae-0733b6903265, Nodes: af7ee296-5066-44e3-a94d-aaeda09020f2(localhost/127.0.0.1) ReplicaIndex: 0, ReplicationConfig: RATIS/ONE, State:ALLOCATED, leaderId:, CreationTimestamp2024-11-30T15:01:00.645627303Z[Etc/UTC]]
2024-11-30 15:01:00,646 [RatisPipelineUtilsThread-0] INFO  pipeline.RatisPipelineProvider (RatisPipelineProvider.java:lambda$create$0(205)) - Sending CreatePipelineCommand for pipeline:PipelineID=30e54b79-c26a-4b32-b794-563e99154595 to datanode:af7ee296-5066-44e3-a94d-aaeda09020f2
2024-11-30 15:01:00,646 [RatisPipelineUtilsThread-0] INFO  pipeline.RatisPipelineProvider (RatisPipelineProvider.java:lambda$create$0(205)) - Sending CreatePipelineCommand for pipeline:PipelineID=30e54b79-c26a-4b32-b794-563e99154595 to datanode:d57daabc-8d0b-4ea3-831e-cde13ca8d1d7
2024-11-30 15:01:00,646 [RatisPipelineUtilsThread-0] INFO  pipeline.RatisPipelineProvider (RatisPipelineProvider.java:lambda$create$0(205)) - Sending CreatePipelineCommand for pipeline:PipelineID=30e54b79-c26a-4b32-b794-563e99154595 to datanode:719b1c3f-249c-457a-8743-b06328301a87
2024-11-30 15:01:00,646 [RatisPipelineUtilsThread-0] INFO  pipeline.BackgroundPipelineCreator (BackgroundPipelineCreator.java:createPipelines(236)) - Created new pipeline Pipeline[ Id: 30e54b79-c26a-4b32-b794-563e99154595, Nodes: af7ee296-5066-44e3-a94d-aaeda09020f2(localhost/127.0.0.1) ReplicaIndex: 0d57daabc-8d0b-4ea3-831e-cde13ca8d1d7(localhost/127.0.0.1) ReplicaIndex: 0719b1c3f-249c-457a-8743-b06328301a87(localhost/127.0.0.1) ReplicaIndex: 0, ReplicationConfig: RATIS/THREE, State:ALLOCATED, leaderId:, CreationTimestamp2024-11-30T15:01:00.646456986Z[Etc/UTC]]
2024-11-30 15:01:00,647 [RatisPipelineUtilsThread-0] INFO  pipeline.RatisPipelineProvider (RatisPipelineProvider.java:lambda$create$0(205)) - Sending CreatePipelineCommand for pipeline:PipelineID=8cbe2343-485f-4a35-b27e-881ffcb406ee to datanode:af7ee296-5066-44e3-a94d-aaeda09020f2
2024-11-30 15:01:00,647 [RatisPipelineUtilsThread-0] INFO  pipeline.RatisPipelineProvider (RatisPipelineProvider.java:lambda$create$0(205)) - Sending CreatePipelineCommand for pipeline:PipelineID=8cbe2343-485f-4a35-b27e-881ffcb406ee to datanode:719b1c3f-249c-457a-8743-b06328301a87
2024-11-30 15:01:00,647 [RatisPipelineUtilsThread-0] INFO  pipeline.RatisPipelineProvider (RatisPipelineProvider.java:lambda$create$0(205)) - Sending CreatePipelineCommand for pipeline:PipelineID=8cbe2343-485f-4a35-b27e-881ffcb406ee to datanode:d57daabc-8d0b-4ea3-831e-cde13ca8d1d7
2024-11-30 15:01:00,647 [RatisPipelineUtilsThread-0] INFO  pipeline.PipelineManagerImpl (PipelineManagerImpl.java:recordMetricsForPipeline(916)) - Pipeline: PipelineID=8cbe2343-485f-4a35-b27e-881ffcb406ee contains same datanodes as previous pipelines: PipelineID=30e54b79-c26a-4b32-b794-563e99154595 nodeIds: af7ee296-5066-44e3-a94d-aaeda09020f2, 719b1c3f-249c-457a-8743-b06328301a87, d57daabc-8d0b-4ea3-831e-cde13ca8d1d7
2024-11-30 15:01:00,647 [RatisPipelineUtilsThread-0] INFO  pipeline.BackgroundPipelineCreator (BackgroundPipelineCreator.java:createPipelines(236)) - Created new pipeline Pipeline[ Id: 8cbe2343-485f-4a35-b27e-881ffcb406ee, Nodes: af7ee296-5066-44e3-a94d-aaeda09020f2(localhost/127.0.0.1) ReplicaIndex: 0719b1c3f-249c-457a-8743-b06328301a87(localhost/127.0.0.1) ReplicaIndex: 0d57daabc-8d0b-4ea3-831e-cde13ca8d1d7(localhost/127.0.0.1) ReplicaIndex: 0, ReplicationConfig: RATIS/THREE, State:ALLOCATED, leaderId:, CreationTimestamp2024-11-30T15:01:00.647398749Z[Etc/UTC]]
2024-11-30 15:01:00,648 [RatisPipelineUtilsThread-0] INFO  pipeline.RatisPipelineProvider (RatisPipelineProvider.java:lambda$create$0(205)) - Sending CreatePipelineCommand for pipeline:PipelineID=6fa0cb32-10f3-4162-b9fa-006f4fff65fd to datanode:af7ee296-5066-44e3-a94d-aaeda09020f2
2024-11-30 15:01:00,648 [RatisPipelineUtilsThread-0] INFO  pipeline.RatisPipelineProvider (RatisPipelineProvider.java:lambda$create$0(205)) - Sending CreatePipelineCommand for pipeline:PipelineID=6fa0cb32-10f3-4162-b9fa-006f4fff65fd to datanode:719b1c3f-249c-457a-8743-b06328301a87
2024-11-30 15:01:00,648 [RatisPipelineUtilsThread-0] INFO  pipeline.RatisPipelineProvider (RatisPipelineProvider.java:lambda$create$0(205)) - Sending CreatePipelineCommand for pipeline:PipelineID=6fa0cb32-10f3-4162-b9fa-006f4fff65fd to datanode:d57daabc-8d0b-4ea3-831e-cde13ca8d1d7
2024-11-30 15:01:00,648 [RatisPipelineUtilsThread-0] INFO  pipeline.PipelineManagerImpl (PipelineManagerImpl.java:recordMetricsForPipeline(916)) - Pipeline: PipelineID=6fa0cb32-10f3-4162-b9fa-006f4fff65fd contains same datanodes as previous pipelines: PipelineID=8cbe2343-485f-4a35-b27e-881ffcb406ee nodeIds: af7ee296-5066-44e3-a94d-aaeda09020f2, 719b1c3f-249c-457a-8743-b06328301a87, d57daabc-8d0b-4ea3-831e-cde13ca8d1d7
2024-11-30 15:01:00,648 [RatisPipelineUtilsThread-0] INFO  pipeline.PipelineManagerImpl (PipelineManagerImpl.java:recordMetricsForPipeline(916)) - Pipeline: PipelineID=6fa0cb32-10f3-4162-b9fa-006f4fff65fd contains same datanodes as previous pipelines: PipelineID=30e54b79-c26a-4b32-b794-563e99154595 nodeIds: af7ee296-5066-44e3-a94d-aaeda09020f2, 719b1c3f-249c-457a-8743-b06328301a87, d57daabc-8d0b-4ea3-831e-cde13ca8d1d7
2024-11-30 15:01:00,648 [RatisPipelineUtilsThread-0] INFO  pipeline.BackgroundPipelineCreator (BackgroundPipelineCreator.java:createPipelines(236)) - Created new pipeline Pipeline[ Id: 6fa0cb32-10f3-4162-b9fa-006f4fff65fd, Nodes: af7ee296-5066-44e3-a94d-aaeda09020f2(localhost/127.0.0.1) ReplicaIndex: 0719b1c3f-249c-457a-8743-b06328301a87(localhost/127.0.0.1) ReplicaIndex: 0d57daabc-8d0b-4ea3-831e-cde13ca8d1d7(localhost/127.0.0.1) ReplicaIndex: 0, ReplicationConfig: RATIS/THREE, State:ALLOCATED, leaderId:, CreationTimestamp2024-11-30T15:01:00.648302321Z[Etc/UTC]]
2024-11-30 15:01:00,650 [EventQueue-NewNodeForNewNodeHandler] INFO  pipeline.BackgroundPipelineCreator (BackgroundPipelineCreator.java:notifyEventTriggered(280)) - trigger a one-shot run on RatisPipelineUtilsThread.
2024-11-30 15:01:00,911 [IPC Server handler 2 on default port 15161] INFO  net.NetworkTopologyImpl (NetworkTopologyImpl.java:add(134)) - Added a new node: /default-rack/dd630ec0-84d9-4473-8f61-cbcf66d1795a
2024-11-30 15:01:00,912 [IPC Server handler 2 on default port 15161] INFO  node.SCMNodeManager (SCMNodeManager.java:register(424)) - Registered datanode: dd630ec0-84d9-4473-8f61-cbcf66d1795a{ip: 127.0.0.1, host: localhost, ports: [HTTP=15195, CLIENT_RPC=15196, REPLICATION=15202, RATIS=15198, RATIS_ADMIN=15198, RATIS_SERVER=15198, RATIS_DATASTREAM=15201, STANDALONE=15197], networkLocation: /default-rack, certSerialId: null, persistedOpState: null, persistedOpStateExpiryEpochSec: 0}
2024-11-30 15:01:00,912 [EventQueue-NewNodeForNewNodeHandler] INFO  pipeline.BackgroundPipelineCreator (BackgroundPipelineCreator.java:notifyEventTriggered(280)) - trigger a one-shot run on RatisPipelineUtilsThread.
2024-11-30 15:01:00,913 [RatisPipelineUtilsThread-0] INFO  pipeline.RatisPipelineProvider (RatisPipelineProvider.java:lambda$create$0(205)) - Sending CreatePipelineCommand for pipeline:PipelineID=262bd9ab-35b4-4ba0-8e39-4ad3eb28e0d6 to datanode:dd630ec0-84d9-4473-8f61-cbcf66d1795a
2024-11-30 15:01:00,913 [RatisPipelineUtilsThread-0] INFO  pipeline.BackgroundPipelineCreator (BackgroundPipelineCreator.java:createPipelines(236)) - Created new pipeline Pipeline[ Id: 262bd9ab-35b4-4ba0-8e39-4ad3eb28e0d6, Nodes: dd630ec0-84d9-4473-8f61-cbcf66d1795a(localhost/127.0.0.1) ReplicaIndex: 0, ReplicationConfig: RATIS/ONE, State:ALLOCATED, leaderId:, CreationTimestamp2024-11-30T15:01:00.913037452Z[Etc/UTC]]
2024-11-30 15:01:01,160 [main] INFO  ozone.MiniOzoneClusterImpl (MiniOzoneClusterImpl.java:lambda$waitForClusterToBeReady$0(219)) - Waiting for nodes to be ready. Got 4 of 5 DN Heartbeats.
2024-11-30 15:01:01,161 [main] INFO  ozone.MiniOzoneClusterImpl (MiniOzoneClusterImpl.java:lambda$waitForClusterToBeReady$0(222)) - Waiting for cluster to exit safe mode
2024-11-30 15:01:01,161 [main] INFO  ozone.MiniOzoneClusterImpl (MiniOzoneClusterImpl.java:lambda$waitForClusterToBeReady$0(224)) - SCM became leader
2024-11-30 15:01:01,160 [IPC Server handler 4 on default port 15161] INFO  net.NetworkTopologyImpl (NetworkTopologyImpl.java:add(134)) - Added a new node: /default-rack/91a17cbe-1555-4f52-a9ac-e5caa7cc945b
2024-11-30 15:01:01,161 [IPC Server handler 4 on default port 15161] INFO  node.SCMNodeManager (SCMNodeManager.java:register(424)) - Registered datanode: 91a17cbe-1555-4f52-a9ac-e5caa7cc945b{ip: 127.0.0.1, host: localhost, ports: [HTTP=15204, CLIENT_RPC=15205, REPLICATION=15211, RATIS=15207, RATIS_ADMIN=15207, RATIS_SERVER=15207, RATIS_DATASTREAM=15210, STANDALONE=15206], networkLocation: /default-rack, certSerialId: null, persistedOpState: null, persistedOpStateExpiryEpochSec: 0}
2024-11-30 15:01:01,162 [EventQueue-NewNodeForNewNodeHandler] INFO  pipeline.BackgroundPipelineCreator (BackgroundPipelineCreator.java:notifyEventTriggered(280)) - trigger a one-shot run on RatisPipelineUtilsThread.
2024-11-30 15:01:01,162 [RatisPipelineUtilsThread-0] INFO  pipeline.RatisPipelineProvider (RatisPipelineProvider.java:lambda$create$0(205)) - Sending CreatePipelineCommand for pipeline:PipelineID=df58faac-ddc2-4fd5-ba26-61544b673a5f to datanode:91a17cbe-1555-4f52-a9ac-e5caa7cc945b
2024-11-30 15:01:01,163 [RatisPipelineUtilsThread-0] INFO  pipeline.BackgroundPipelineCreator (BackgroundPipelineCreator.java:createPipelines(236)) - Created new pipeline Pipeline[ Id: df58faac-ddc2-4fd5-ba26-61544b673a5f, Nodes: 91a17cbe-1555-4f52-a9ac-e5caa7cc945b(localhost/127.0.0.1) ReplicaIndex: 0, ReplicationConfig: RATIS/ONE, State:ALLOCATED, leaderId:, CreationTimestamp2024-11-30T15:01:01.162948990Z[Etc/UTC]]
2024-11-30 15:01:02,161 [main] INFO  ozone.MiniOzoneClusterImpl (MiniOzoneClusterImpl.java:lambda$waitForClusterToBeReady$0(219)) - Nodes are ready. Got 5 of 5 DN Heartbeats.
2024-11-30 15:01:02,161 [main] INFO  ozone.MiniOzoneClusterImpl (MiniOzoneClusterImpl.java:lambda$waitForClusterToBeReady$0(222)) - Waiting for cluster to exit safe mode
2024-11-30 15:01:02,161 [main] INFO  ozone.MiniOzoneClusterImpl (MiniOzoneClusterImpl.java:lambda$waitForClusterToBeReady$0(224)) - SCM became leader
2024-11-30 15:01:03,150 [719b1c3f-249c-457a-8743-b06328301a87-PipelineCommandHandlerThread-0] INFO  server.RaftServer (RaftServerProxy.java:addNew(100)) - 719b1c3f-249c-457a-8743-b06328301a87: addNew group-344BB3EB1159:[719b1c3f-249c-457a-8743-b06328301a87|127.0.0.1:15171] returns group-344BB3EB1159:java.util.concurrent.CompletableFuture@24318ce2[Not completed]
2024-11-30 15:01:03,151 [719b1c3f-249c-457a-8743-b06328301a87-groupManagement] INFO  server.RaftServer$Division (RaftServerImpl.java:<init>(255)) - 719b1c3f-249c-457a-8743-b06328301a87: new RaftServerImpl for group-344BB3EB1159:[719b1c3f-249c-457a-8743-b06328301a87|127.0.0.1:15171] with ContainerStateMachine:uninitialized
2024-11-30 15:01:03,151 [719b1c3f-249c-457a-8743-b06328301a87-groupManagement] INFO  server.RaftServerConfigKeys (ConfUtils.java:logGet(46)) - raft.server.rpc.timeout.min = 5s (custom)
2024-11-30 15:01:03,151 [719b1c3f-249c-457a-8743-b06328301a87-groupManagement] INFO  server.RaftServerConfigKeys (ConfUtils.java:logGet(46)) - raft.server.rpc.timeout.max = 5200ms (custom)
2024-11-30 15:01:03,151 [719b1c3f-249c-457a-8743-b06328301a87-groupManagement] INFO  server.RaftServerConfigKeys (ConfUtils.java:logGet(46)) - raft.server.rpc.sleep.time = 25ms (default)
2024-11-30 15:01:03,151 [719b1c3f-249c-457a-8743-b06328301a87-groupManagement] INFO  server.RaftServerConfigKeys (ConfUtils.java:logGet(46)) - raft.server.rpc.slowness.timeout = 300000ms (custom)
2024-11-30 15:01:03,151 [719b1c3f-249c-457a-8743-b06328301a87-groupManagement] INFO  server.RaftServerConfigKeys (ConfUtils.java:logGet(46)) - raft.server.leaderelection.leader.step-down.wait-time = 10s (default)
2024-11-30 15:01:03,151 [719b1c3f-249c-457a-8743-b06328301a87-groupManagement] INFO  server.RaftServerConfigKeys (ConfUtils.java:logGet(46)) - raft.server.leaderelection.member.majority-add = false (default)
2024-11-30 15:01:03,151 [719b1c3f-249c-457a-8743-b06328301a87-groupManagement] INFO  server.RaftServerConfigKeys (ConfUtils.java:logGet(46)) - raft.server.sleep.deviation.threshold = 300ms (default)
2024-11-30 15:01:03,151 [719b1c3f-249c-457a-8743-b06328301a87-groupManagement] INFO  server.RaftServer$Division (ServerState.java:<init>(114)) - 719b1c3f-249c-457a-8743-b06328301a87@group-344BB3EB1159: ConfigurationManager, init=conf: {index: -1, cur=peers:[719b1c3f-249c-457a-8743-b06328301a87|127.0.0.1:15171]|listeners:[], old=null}, confs=<EMPTY_MAP>
2024-11-30 15:01:03,151 [719b1c3f-249c-457a-8743-b06328301a87-groupManagement] INFO  server.RaftServerConfigKeys (ConfUtils.java:logGet(46)) - raft.server.notification.no-leader.timeout = 300000ms (custom)
2024-11-30 15:01:03,151 [719b1c3f-249c-457a-8743-b06328301a87-groupManagement] INFO  server.RaftServerConfigKeys (ConfUtils.java:logGet(46)) - raft.server.read.timeout = 10s (default)
2024-11-30 15:01:03,151 [719b1c3f-249c-457a-8743-b06328301a87-groupManagement] INFO  server.RaftServerConfigKeys (ConfUtils.java:logGet(46)) - raft.server.retrycache.expirytime = 600000ms (custom)
2024-11-30 15:01:03,151 [719b1c3f-249c-457a-8743-b06328301a87-groupManagement] INFO  server.RaftServerConfigKeys (ConfUtils.java:logGet(46)) - raft.server.retrycache.statistics.expirytime = 100ms (default)
2024-11-30 15:01:03,152 [719b1c3f-249c-457a-8743-b06328301a87-groupManagement] INFO  server.RaftServerConfigKeys (ConfUtils.java:logGet(46)) - raft.server.read.option = DEFAULT (default)
2024-11-30 15:01:03,152 [719b1c3f-249c-457a-8743-b06328301a87-groupManagement] INFO  server.RaftServerConfigKeys (ConfUtils.java:logGet(46)) - raft.server.read.read-after-write-consistent.write-index-cache.expiry-time = 60s (default)
2024-11-30 15:01:03,154 [719b1c3f-249c-457a-8743-b06328301a87-groupManagement] INFO  server.RaftServerConfigKeys (ConfUtils.java:logGet(46)) - raft.server.rpc.request.timeout = 3000ms (default)
2024-11-30 15:01:03,154 [719b1c3f-249c-457a-8743-b06328301a87-groupManagement] INFO  server.RaftServerConfigKeys (ConfUtils.java:logGet(46)) - raft.server.log.appender.install.snapshot.enabled = false (custom)
2024-11-30 15:01:03,154 [719b1c3f-249c-457a-8743-b06328301a87-groupManagement] INFO  server.RaftServerConfigKeys (ConfUtils.java:logGet(46)) - raft.server.threadpool.server.cached = true (default)
2024-11-30 15:01:03,154 [719b1c3f-249c-457a-8743-b06328301a87-groupManagement] INFO  server.RaftServerConfigKeys (ConfUtils.java:logGet(46)) - raft.server.threadpool.server.size = 0 (default)
2024-11-30 15:01:03,154 [719b1c3f-249c-457a-8743-b06328301a87-groupManagement] INFO  server.RaftServerConfigKeys (ConfUtils.java:logGet(46)) - raft.server.threadpool.client.cached = true (default)
2024-11-30 15:01:03,154 [719b1c3f-249c-457a-8743-b06328301a87-groupManagement] INFO  server.RaftServerConfigKeys (ConfUtils.java:logGet(46)) - raft.server.threadpool.client.size = 0 (default)
2024-11-30 15:01:03,155 [719b1c3f-249c-457a-8743-b06328301a87-groupManagement] INFO  server.RaftServerConfigKeys (ConfUtils.java:logGet(46)) - raft.server.storage.free-space.min = 0MB (=0) (default)
2024-11-30 15:01:03,155 [719b1c3f-249c-457a-8743-b06328301a87-groupManagement] INFO  server.RaftServerConfigKeys (ConfUtils.java:logGet(46)) - raft.server.log.corruption.policy = EXCEPTION (default)
2024-11-30 15:01:03,155 [719b1c3f-249c-457a-8743-b06328301a87-groupManagement] INFO  server.RaftServerConfigKeys (ConfUtils.java:logGet(46)) - raft.server.storage.dir = [/home/runner/work/ozone/ozone/hadoop-ozone/integration-test/target/test-dir/MiniOzoneClusterImpl-e985cbf7-8b64-4e7c-b64c-74e6afbb48f1/ozone-meta/datanode-1/ratis] (custom)
2024-11-30 15:01:03,155 [719b1c3f-249c-457a-8743-b06328301a87-groupManagement] INFO  storage.RaftStorageDirectory (RaftStorageDirectoryImpl.java:analyzeStorage(138)) - The storage directory /home/runner/work/ozone/ozone/hadoop-ozone/integration-test/target/test-dir/MiniOzoneClusterImpl-e985cbf7-8b64-4e7c-b64c-74e6afbb48f1/ozone-meta/datanode-1/ratis/b61f8cd5-33e4-4110-b752-344bb3eb1159 does not exist. Creating ...
2024-11-30 15:01:03,156 [719b1c3f-249c-457a-8743-b06328301a87-groupManagement] INFO  storage.RaftStorageDirectory (RaftStorageDirectoryImpl.java:tryLock(229)) - Lock on /home/runner/work/ozone/ozone/hadoop-ozone/integration-test/target/test-dir/MiniOzoneClusterImpl-e985cbf7-8b64-4e7c-b64c-74e6afbb48f1/ozone-meta/datanode-1/ratis/b61f8cd5-33e4-4110-b752-344bb3eb1159/in_use.lock acquired by nodename 75062@fv-az1244-86
2024-11-30 15:01:03,158 [719b1c3f-249c-457a-8743-b06328301a87-groupManagement] INFO  storage.RaftStorage (RaftStorageImpl.java:format(98)) - Storage directory /home/runner/work/ozone/ozone/hadoop-ozone/integration-test/target/test-dir/MiniOzoneClusterImpl-e985cbf7-8b64-4e7c-b64c-74e6afbb48f1/ozone-meta/datanode-1/ratis/b61f8cd5-33e4-4110-b752-344bb3eb1159 has been successfully formatted.
2024-11-30 15:01:03,158 [719b1c3f-249c-457a-8743-b06328301a87-groupManagement] INFO  ratis.ContainerStateMachine (ContainerStateMachine.java:initialize(302)) - 719b1c3f-249c-457a-8743-b06328301a87: initialize group-344BB3EB1159
2024-11-30 15:01:03,158 [719b1c3f-249c-457a-8743-b06328301a87-groupManagement] INFO  ratis.ContainerStateMachine (ContainerStateMachine.java:loadSnapshot(310)) - group-344BB3EB1159: The snapshot info is null. Setting the last applied index to:(t:0, i:~)
2024-11-30 15:01:03,158 [719b1c3f-249c-457a-8743-b06328301a87-groupManagement] INFO  server.RaftServerConfigKeys (ConfUtils.java:logGet(46)) - raft.server.log.use.memory = false (default)
2024-11-30 15:01:03,159 [719b1c3f-249c-457a-8743-b06328301a87-groupManagement] INFO  server.RaftServerConfigKeys (ConfUtils.java:logGet(46)) - raft.server.log.purge.gap = 1000000 (custom)
2024-11-30 15:01:03,159 [719b1c3f-249c-457a-8743-b06328301a87-groupManagement] INFO  server.RaftServerConfigKeys (ConfUtils.java:logGet(46)) - raft.server.log.appender.buffer.byte-limit = 33554432 (custom)
2024-11-30 15:01:03,159 [719b1c3f-249c-457a-8743-b06328301a87-groupManagement] INFO  server.RaftServerConfigKeys (ConfUtils.java:logGet(46)) - raft.server.log.statemachine.data.read.timeout = 1000ms (default)
2024-11-30 15:01:03,159 [719b1c3f-249c-457a-8743-b06328301a87-groupManagement] INFO  server.RaftServerConfigKeys (ConfUtils.java:logGet(46)) - raft.server.log.purge.preservation.log.num = 0 (default)
2024-11-30 15:01:03,160 [EventQueue-PipelineReportForPipelineReportHandler] INFO  pipeline.PipelineReportHandler (PipelineReportHandler.java:processPipelineReport(147)) - Opened pipeline PipelineID=b61f8cd5-33e4-4110-b752-344bb3eb1159
2024-11-30 15:01:03,160 [719b1c3f-249c-457a-8743-b06328301a87-groupManagement] INFO  server.RaftServerConfigKeys (ConfUtils.java:logGet(46)) - raft.server.log.segment.size.max = 67108864 (custom)
2024-11-30 15:01:03,161 [719b1c3f-249c-457a-8743-b06328301a87-groupManagement] INFO  server.RaftServerConfigKeys (ConfUtils.java:logGet(46)) - raft.server.log.segment.cache.num.max = 2 (custom)
2024-11-30 15:01:03,161 [719b1c3f-249c-457a-8743-b06328301a87-groupManagement] INFO  server.RaftServerConfigKeys (ConfUtils.java:logGet(46)) - raft.server.log.segment.cache.size.max = 200MB (=209715200) (default)
2024-11-30 15:01:03,161 [EventQueue-OpenPipelineForHealthyPipelineSafeModeRule] INFO  safemode.SCMSafeModeManager (HealthyPipelineSafeModeRule.java:process(140)) - SCM in safe mode. Healthy pipelines reported count is 0, required healthy pipeline reported count is 1
2024-11-30 15:01:03,161 [719b1c3f-249c-457a-8743-b06328301a87-groupManagement] INFO  server.RaftServerConfigKeys (ConfUtils.java:logGet(46)) - raft.server.log.appender.buffer.byte-limit = 33554432 (custom)
2024-11-30 15:01:03,161 [719b1c3f-249c-457a-8743-b06328301a87-groupManagement] INFO  util.AwaitToRun (AwaitToRun.java:start(81)) - Thread[719b1c3f-249c-457a-8743-b06328301a87@group-344BB3EB1159-cacheEviction-AwaitToRun,5,main] started
2024-11-30 15:01:03,161 [719b1c3f-249c-457a-8743-b06328301a87-groupManagement] INFO  segmented.SegmentedRaftLogWorker (SegmentedRaftLogWorker.java:<init>(188)) - new 719b1c3f-249c-457a-8743-b06328301a87@group-344BB3EB1159-SegmentedRaftLogWorker for RaftStorageImpl:Storage Directory /home/runner/work/ozone/ozone/hadoop-ozone/integration-test/target/test-dir/MiniOzoneClusterImpl-e985cbf7-8b64-4e7c-b64c-74e6afbb48f1/ozone-meta/datanode-1/ratis/b61f8cd5-33e4-4110-b752-344bb3eb1159
2024-11-30 15:01:03,161 [719b1c3f-249c-457a-8743-b06328301a87-groupManagement] INFO  server.RaftServerConfigKeys (ConfUtils.java:logGet(46)) - raft.server.log.queue.byte-limit = 4294967296 (custom)
2024-11-30 15:01:03,161 [719b1c3f-249c-457a-8743-b06328301a87-groupManagement] INFO  server.RaftServerConfigKeys (ConfUtils.java:logGet(46)) - raft.server.log.queue.element-limit = 1024 (custom)
2024-11-30 15:01:03,161 [719b1c3f-249c-457a-8743-b06328301a87-groupManagement] INFO  server.RaftServerConfigKeys (ConfUtils.java:logGet(46)) - raft.server.log.segment.size.max = 67108864 (custom)
2024-11-30 15:01:03,161 [719b1c3f-249c-457a-8743-b06328301a87-groupManagement] INFO  server.RaftServerConfigKeys (ConfUtils.java:logGet(46)) - raft.server.log.preallocated.size = 4194304 (custom)
2024-11-30 15:01:03,161 [719b1c3f-249c-457a-8743-b06328301a87-groupManagement] INFO  server.RaftServerConfigKeys (ConfUtils.java:logGet(46)) - raft.server.log.force.sync.num = 128 (default)
2024-11-30 15:01:03,161 [719b1c3f-249c-457a-8743-b06328301a87-groupManagement] INFO  server.RaftServerConfigKeys (ConfUtils.java:logGet(46)) - raft.server.log.statemachine.data.sync = true (default)
2024-11-30 15:01:03,161 [719b1c3f-249c-457a-8743-b06328301a87-groupManagement] INFO  server.RaftServerConfigKeys (ConfUtils.java:logGet(46)) - raft.server.log.statemachine.data.sync.timeout = 10s (default)
2024-11-30 15:01:03,161 [719b1c3f-249c-457a-8743-b06328301a87-groupManagement] INFO  server.RaftServerConfigKeys (ConfUtils.java:logGet(46)) - raft.server.log.statemachine.data.sync.timeout.retry = 30 (custom)
2024-11-30 15:01:03,161 [main] INFO  ozone.MiniOzoneClusterImpl (MiniOzoneClusterImpl.java:lambda$waitForClusterToBeReady$0(219)) - Nodes are ready. Got 5 of 5 DN Heartbeats.
2024-11-30 15:01:03,162 [main] INFO  ozone.MiniOzoneClusterImpl (MiniOzoneClusterImpl.java:lambda$waitForClusterToBeReady$0(222)) - Waiting for cluster to exit safe mode
2024-11-30 15:01:03,162 [main] INFO  ozone.MiniOzoneClusterImpl (MiniOzoneClusterImpl.java:lambda$waitForClusterToBeReady$0(224)) - SCM became leader
2024-11-30 15:01:03,162 [719b1c3f-249c-457a-8743-b06328301a87-groupManagement] INFO  server.RaftServerConfigKeys (ConfUtils.java:logGet(46)) - raft.server.log.write.buffer.size = 33554440 (custom)
2024-11-30 15:01:03,167 [719b1c3f-249c-457a-8743-b06328301a87-groupManagement] INFO  server.RaftServerConfigKeys (ConfUtils.java:logGet(46)) - raft.server.log.appender.buffer.byte-limit = 33554432 (custom)
2024-11-30 15:01:03,167 [719b1c3f-249c-457a-8743-b06328301a87-groupManagement] INFO  server.RaftServerConfigKeys (ConfUtils.java:logGet(46)) - raft.server.log.unsafe-flush.enabled = false (default)
2024-11-30 15:01:03,167 [719b1c3f-249c-457a-8743-b06328301a87-groupManagement] INFO  server.RaftServerConfigKeys (ConfUtils.java:logGet(46)) - raft.server.log.async-flush.enabled = false (default)
2024-11-30 15:01:03,167 [719b1c3f-249c-457a-8743-b06328301a87-groupManagement] INFO  server.RaftServerConfigKeys (ConfUtils.java:logGet(46)) - raft.server.log.statemachine.data.caching.enabled = true (custom)
2024-11-30 15:01:03,167 [719b1c3f-249c-457a-8743-b06328301a87-groupManagement] INFO  segmented.SegmentedRaftLogWorker (SegmentedRaftLogWorker.java:lambda$new$0(139)) - 719b1c3f-249c-457a-8743-b06328301a87@group-344BB3EB1159-SegmentedRaftLogWorker: flushIndex: setUnconditionally 0 -> -1
2024-11-30 15:01:03,167 [719b1c3f-249c-457a-8743-b06328301a87-groupManagement] INFO  segmented.SegmentedRaftLogWorker (SegmentedRaftLogWorker.java:lambda$new$0(139)) - 719b1c3f-249c-457a-8743-b06328301a87@group-344BB3EB1159-SegmentedRaftLogWorker: safeCacheEvictIndex: setUnconditionally 0 -> -1
2024-11-30 15:01:03,168 [719b1c3f-249c-457a-8743-b06328301a87-groupManagement] INFO  server.RaftServer$Division (RaftServerImpl.java:start(391)) - 719b1c3f-249c-457a-8743-b06328301a87@group-344BB3EB1159: start as a follower, conf=conf: {index: -1, cur=peers:[719b1c3f-249c-457a-8743-b06328301a87|127.0.0.1:15171]|listeners:[], old=null}
2024-11-30 15:01:03,168 [719b1c3f-249c-457a-8743-b06328301a87-groupManagement] INFO  server.RaftServer$Division (RaftServerImpl.java:setRole(378)) - 719b1c3f-249c-457a-8743-b06328301a87@group-344BB3EB1159: changes role from      null to FOLLOWER at term 0 for startAsFollower
2024-11-30 15:01:03,168 [719b1c3f-249c-457a-8743-b06328301a87-groupManagement] INFO  impl.RoleInfo (RoleInfo.java:updateAndGet(148)) - 719b1c3f-249c-457a-8743-b06328301a87: start 719b1c3f-249c-457a-8743-b06328301a87@group-344BB3EB1159-FollowerState
2024-11-30 15:01:03,168 [719b1c3f-249c-457a-8743-b06328301a87-groupManagement] INFO  util.JmxRegister (JmxRegister.java:tryRegister(44)) - Successfully registered JMX Bean with object name Ratis:service=RaftServer,group=group-344BB3EB1159,id=719b1c3f-249c-457a-8743-b06328301a87
2024-11-30 15:01:03,168 [719b1c3f-249c-457a-8743-b06328301a87-groupManagement] INFO  util.JmxRegister (JmxRegister.java:register(58)) - register mxBean class org.apache.ratis.server.impl.RaftServerJmxAdapter as Ratis:service=RaftServer,group=group-344BB3EB1159,id=719b1c3f-249c-457a-8743-b06328301a87
2024-11-30 15:01:03,168 [719b1c3f-249c-457a-8743-b06328301a87-groupManagement] INFO  server.RaftServerConfigKeys (ConfUtils.java:logGet(46)) - raft.server.snapshot.trigger-when-stop.enabled = true (default)
2024-11-30 15:01:03,168 [719b1c3f-249c-457a-8743-b06328301a87-groupManagement] INFO  server.RaftServerConfigKeys (ConfUtils.java:logGet(46)) - raft.server.snapshot.trigger-when-remove.enabled = true (default)
2024-11-30 15:01:03,168 [719b1c3f-249c-457a-8743-b06328301a87-groupManagement] INFO  server.RaftServerConfigKeys (ConfUtils.java:logGet(46)) - raft.server.snapshot.auto.trigger.enabled = true (custom)
2024-11-30 15:01:03,168 [719b1c3f-249c-457a-8743-b06328301a87-groupManagement] INFO  server.RaftServerConfigKeys (ConfUtils.java:logGet(46)) - raft.server.snapshot.auto.trigger.threshold = 100000 (custom)
2024-11-30 15:01:03,168 [719b1c3f-249c-457a-8743-b06328301a87@group-344BB3EB1159-FollowerState] INFO  server.RaftServerConfigKeys (ConfUtils.java:logFallback(53)) - raft.server.rpc.first-election.timeout.min = 5s (fallback to raft.server.rpc.timeout.min)
2024-11-30 15:01:03,169 [719b1c3f-249c-457a-8743-b06328301a87@group-344BB3EB1159-FollowerState] INFO  server.RaftServerConfigKeys (ConfUtils.java:logFallback(53)) - raft.server.rpc.first-election.timeout.max = 5200ms (fallback to raft.server.rpc.timeout.max)
2024-11-30 15:01:03,168 [719b1c3f-249c-457a-8743-b06328301a87-groupManagement] INFO  server.RaftServerConfigKeys (ConfUtils.java:logGet(46)) - raft.server.snapshot.retention.file.num = 5 (custom)
2024-11-30 15:01:03,169 [719b1c3f-249c-457a-8743-b06328301a87-groupManagement] INFO  server.RaftServerConfigKeys (ConfUtils.java:logGet(46)) - raft.server.log.purge.upto.snapshot.index = false (default)
2024-11-30 15:01:03,169 [719b1c3f-249c-457a-8743-b06328301a87-groupManagement] INFO  server.RaftServer$Division (RaftServerImpl.java:start(405)) - 719b1c3f-249c-457a-8743-b06328301a87@group-344BB3EB1159: Successfully started.
2024-11-30 15:01:03,169 [719b1c3f-249c-457a-8743-b06328301a87-PipelineCommandHandlerThread-0] INFO  ratis.XceiverServerRatis (XceiverServerRatis.java:addGroup(844)) - Created group PipelineID=b61f8cd5-33e4-4110-b752-344bb3eb1159
2024-11-30 15:01:03,169 [719b1c3f-249c-457a-8743-b06328301a87-PipelineCommandHandlerThread-0] INFO  commandhandler.CreatePipelineCommandHandler (CreatePipelineCommandHandler.java:lambda$handle$2(129)) - Created Pipeline RATIS ONE PipelineID=b61f8cd5-33e4-4110-b752-344bb3eb1159.
2024-11-30 15:01:03,170 [719b1c3f-249c-457a-8743-b06328301a87-PipelineCommandHandlerThread-0] INFO  server.RaftServer (RaftServerProxy.java:addNew(100)) - 719b1c3f-249c-457a-8743-b06328301a87: addNew group-563E99154595:[719b1c3f-249c-457a-8743-b06328301a87|127.0.0.1:15171, af7ee296-5066-44e3-a94d-aaeda09020f2|127.0.0.1:15189, d57daabc-8d0b-4ea3-831e-cde13ca8d1d7|127.0.0.1:15180] returns group-563E99154595:java.util.concurrent.CompletableFuture@200e0cbc[Not completed]
2024-11-30 15:01:03,171 [719b1c3f-249c-457a-8743-b06328301a87-groupManagement] INFO  server.RaftServer$Division (RaftServerImpl.java:<init>(255)) - 719b1c3f-249c-457a-8743-b06328301a87: new RaftServerImpl for group-563E99154595:[719b1c3f-249c-457a-8743-b06328301a87|127.0.0.1:15171, af7ee296-5066-44e3-a94d-aaeda09020f2|127.0.0.1:15189, d57daabc-8d0b-4ea3-831e-cde13ca8d1d7|127.0.0.1:15180] with ContainerStateMachine:uninitialized
2024-11-30 15:01:03,171 [719b1c3f-249c-457a-8743-b06328301a87-groupManagement] INFO  server.RaftServerConfigKeys (ConfUtils.java:logGet(46)) - raft.server.rpc.timeout.min = 5s (custom)
2024-11-30 15:01:03,171 [719b1c3f-249c-457a-8743-b06328301a87-groupManagement] INFO  server.RaftServerConfigKeys (ConfUtils.java:logGet(46)) - raft.server.rpc.timeout.max = 5200ms (custom)
2024-11-30 15:01:03,171 [719b1c3f-249c-457a-8743-b06328301a87-groupManagement] INFO  server.RaftServerConfigKeys (ConfUtils.java:logGet(46)) - raft.server.rpc.sleep.time = 25ms (default)
2024-11-30 15:01:03,171 [719b1c3f-249c-457a-8743-b06328301a87-groupManagement] INFO  server.RaftServerConfigKeys (ConfUtils.java:logGet(46)) - raft.server.rpc.slowness.timeout = 300000ms (custom)
2024-11-30 15:01:03,171 [719b1c3f-249c-457a-8743-b06328301a87-groupManagement] INFO  server.RaftServerConfigKeys (ConfUtils.java:logGet(46)) - raft.server.leaderelection.leader.step-down.wait-time = 10s (default)
2024-11-30 15:01:03,171 [719b1c3f-249c-457a-8743-b06328301a87-groupManagement] INFO  server.RaftServerConfigKeys (ConfUtils.java:logGet(46)) - raft.server.leaderelection.member.majority-add = false (default)
2024-11-30 15:01:03,171 [719b1c3f-249c-457a-8743-b06328301a87-groupManagement] INFO  server.RaftServerConfigKeys (ConfUtils.java:logGet(46)) - raft.server.sleep.deviation.threshold = 300ms (default)
2024-11-30 15:01:03,171 [719b1c3f-249c-457a-8743-b06328301a87-groupManagement] INFO  server.RaftServer$Division (ServerState.java:<init>(114)) - 719b1c3f-249c-457a-8743-b06328301a87@group-563E99154595: ConfigurationManager, init=conf: {index: -1, cur=peers:[719b1c3f-249c-457a-8743-b06328301a87|127.0.0.1:15171, af7ee296-5066-44e3-a94d-aaeda09020f2|127.0.0.1:15189, d57daabc-8d0b-4ea3-831e-cde13ca8d1d7|127.0.0.1:15180]|listeners:[], old=null}, confs=<EMPTY_MAP>
2024-11-30 15:01:03,171 [719b1c3f-249c-457a-8743-b06328301a87-groupManagement] INFO  server.RaftServerConfigKeys (ConfUtils.java:logGet(46)) - raft.server.notification.no-leader.timeout = 300000ms (custom)
2024-11-30 15:01:03,171 [719b1c3f-249c-457a-8743-b06328301a87-groupManagement] INFO  server.RaftServerConfigKeys (ConfUtils.java:logGet(46)) - raft.server.read.timeout = 10s (default)
2024-11-30 15:01:03,171 [719b1c3f-249c-457a-8743-b06328301a87-groupManagement] INFO  server.RaftServerConfigKeys (ConfUtils.java:logGet(46)) - raft.server.retrycache.expirytime = 600000ms (custom)
2024-11-30 15:01:03,171 [719b1c3f-249c-457a-8743-b06328301a87-groupManagement] INFO  server.RaftServerConfigKeys (ConfUtils.java:logGet(46)) - raft.server.retrycache.statistics.expirytime = 100ms (default)
2024-11-30 15:01:03,171 [719b1c3f-249c-457a-8743-b06328301a87-groupManagement] INFO  server.RaftServerConfigKeys (ConfUtils.java:logGet(46)) - raft.server.read.option = DEFAULT (default)
2024-11-30 15:01:03,171 [719b1c3f-249c-457a-8743-b06328301a87-groupManagement] INFO  server.RaftServerConfigKeys (ConfUtils.java:logGet(46)) - raft.server.read.read-after-write-consistent.write-index-cache.expiry-time = 60s (default)
2024-11-30 15:01:03,173 [719b1c3f-249c-457a-8743-b06328301a87-groupManagement] INFO  server.RaftServerConfigKeys (ConfUtils.java:logGet(46)) - raft.server.rpc.request.timeout = 3000ms (default)
2024-11-30 15:01:03,173 [719b1c3f-249c-457a-8743-b06328301a87-groupManagement] INFO  server.RaftServerConfigKeys (ConfUtils.java:logGet(46)) - raft.server.log.appender.install.snapshot.enabled = false (custom)
2024-11-30 15:01:03,173 [719b1c3f-249c-457a-8743-b06328301a87-groupManagement] INFO  server.RaftServerConfigKeys (ConfUtils.java:logGet(46)) - raft.server.threadpool.server.cached = true (default)
2024-11-30 15:01:03,173 [719b1c3f-249c-457a-8743-b06328301a87-groupManagement] INFO  server.RaftServerConfigKeys (ConfUtils.java:logGet(46)) - raft.server.threadpool.server.size = 0 (default)
2024-11-30 15:01:03,173 [719b1c3f-249c-457a-8743-b06328301a87-groupManagement] INFO  server.RaftServerConfigKeys (ConfUtils.java:logGet(46)) - raft.server.threadpool.client.cached = true (default)
2024-11-30 15:01:03,173 [719b1c3f-249c-457a-8743-b06328301a87-groupManagement] INFO  server.RaftServerConfigKeys (ConfUtils.java:logGet(46)) - raft.server.threadpool.client.size = 0 (default)
2024-11-30 15:01:03,173 [719b1c3f-249c-457a-8743-b06328301a87-groupManagement] INFO  server.RaftServerConfigKeys (ConfUtils.java:logGet(46)) - raft.server.storage.free-space.min = 0MB (=0) (default)
2024-11-30 15:01:03,173 [719b1c3f-249c-457a-8743-b06328301a87-groupManagement] INFO  server.RaftServerConfigKeys (ConfUtils.java:logGet(46)) - raft.server.log.corruption.policy = EXCEPTION (default)
2024-11-30 15:01:03,173 [719b1c3f-249c-457a-8743-b06328301a87-groupManagement] INFO  server.RaftServerConfigKeys (ConfUtils.java:logGet(46)) - raft.server.storage.dir = [/home/runner/work/ozone/ozone/hadoop-ozone/integration-test/target/test-dir/MiniOzoneClusterImpl-e985cbf7-8b64-4e7c-b64c-74e6afbb48f1/ozone-meta/datanode-1/ratis] (custom)
2024-11-30 15:01:03,173 [719b1c3f-249c-457a-8743-b06328301a87-groupManagement] INFO  storage.RaftStorageDirectory (RaftStorageDirectoryImpl.java:analyzeStorage(138)) - The storage directory /home/runner/work/ozone/ozone/hadoop-ozone/integration-test/target/test-dir/MiniOzoneClusterImpl-e985cbf7-8b64-4e7c-b64c-74e6afbb48f1/ozone-meta/datanode-1/ratis/30e54b79-c26a-4b32-b794-563e99154595 does not exist. Creating ...
2024-11-30 15:01:03,175 [719b1c3f-249c-457a-8743-b06328301a87-groupManagement] INFO  storage.RaftStorageDirectory (RaftStorageDirectoryImpl.java:tryLock(229)) - Lock on /home/runner/work/ozone/ozone/hadoop-ozone/integration-test/target/test-dir/MiniOzoneClusterImpl-e985cbf7-8b64-4e7c-b64c-74e6afbb48f1/ozone-meta/datanode-1/ratis/30e54b79-c26a-4b32-b794-563e99154595/in_use.lock acquired by nodename 75062@fv-az1244-86
2024-11-30 15:01:03,176 [719b1c3f-249c-457a-8743-b06328301a87-groupManagement] INFO  storage.RaftStorage (RaftStorageImpl.java:format(98)) - Storage directory /home/runner/work/ozone/ozone/hadoop-ozone/integration-test/target/test-dir/MiniOzoneClusterImpl-e985cbf7-8b64-4e7c-b64c-74e6afbb48f1/ozone-meta/datanode-1/ratis/30e54b79-c26a-4b32-b794-563e99154595 has been successfully formatted.
2024-11-30 15:01:03,176 [719b1c3f-249c-457a-8743-b06328301a87-groupManagement] INFO  ratis.ContainerStateMachine (ContainerStateMachine.java:initialize(302)) - 719b1c3f-249c-457a-8743-b06328301a87: initialize group-563E99154595
2024-11-30 15:01:03,176 [719b1c3f-249c-457a-8743-b06328301a87-groupManagement] INFO  ratis.ContainerStateMachine (ContainerStateMachine.java:loadSnapshot(310)) - group-563E99154595: The snapshot info is null. Setting the last applied index to:(t:0, i:~)
2024-11-30 15:01:03,176 [719b1c3f-249c-457a-8743-b06328301a87-groupManagement] INFO  server.RaftServerConfigKeys (ConfUtils.java:logGet(46)) - raft.server.log.use.memory = false (default)
2024-11-30 15:01:03,176 [719b1c3f-249c-457a-8743-b06328301a87-groupManagement] INFO  server.RaftServerConfigKeys (ConfUtils.java:logGet(46)) - raft.server.log.purge.gap = 1000000 (custom)
2024-11-30 15:01:03,177 [719b1c3f-249c-457a-8743-b06328301a87-groupManagement] INFO  server.RaftServerConfigKeys (ConfUtils.java:logGet(46)) - raft.server.log.appender.buffer.byte-limit = 33554432 (custom)
2024-11-30 15:01:03,177 [719b1c3f-249c-457a-8743-b06328301a87-groupManagement] INFO  server.RaftServerConfigKeys (ConfUtils.java:logGet(46)) - raft.server.log.statemachine.data.read.timeout = 1000ms (default)
2024-11-30 15:01:03,177 [719b1c3f-249c-457a-8743-b06328301a87-groupManagement] INFO  server.RaftServerConfigKeys (ConfUtils.java:logGet(46)) - raft.server.log.purge.preservation.log.num = 0 (default)
2024-11-30 15:01:03,177 [719b1c3f-249c-457a-8743-b06328301a87-groupManagement] INFO  server.RaftServerConfigKeys (ConfUtils.java:logGet(46)) - raft.server.log.segment.size.max = 67108864 (custom)
2024-11-30 15:01:03,178 [EventQueue-OpenPipelineForHealthyPipelineSafeModeRule] INFO  safemode.SCMSafeModeManager (HealthyPipelineSafeModeRule.java:process(140)) - SCM in safe mode. Healthy pipelines reported count is 0, required healthy pipeline reported count is 1
2024-11-30 15:01:03,178 [719b1c3f-249c-457a-8743-b06328301a87-groupManagement] INFO  server.RaftServerConfigKeys (ConfUtils.java:logGet(46)) - raft.server.log.segment.cache.num.max = 2 (custom)
2024-11-30 15:01:03,178 [719b1c3f-249c-457a-8743-b06328301a87-groupManagement] INFO  server.RaftServerConfigKeys (ConfUtils.java:logGet(46)) - raft.server.log.segment.cache.size.max = 200MB (=209715200) (default)
2024-11-30 15:01:03,178 [719b1c3f-249c-457a-8743-b06328301a87-groupManagement] INFO  server.RaftServerConfigKeys (ConfUtils.java:logGet(46)) - raft.server.log.appender.buffer.byte-limit = 33554432 (custom)
2024-11-30 15:01:03,178 [719b1c3f-249c-457a-8743-b06328301a87-groupManagement] INFO  util.AwaitToRun (AwaitToRun.java:start(81)) - Thread[719b1c3f-249c-457a-8743-b06328301a87@group-563E99154595-cacheEviction-AwaitToRun,5,main] started
2024-11-30 15:01:03,178 [719b1c3f-249c-457a-8743-b06328301a87-groupManagement] INFO  segmented.SegmentedRaftLogWorker (SegmentedRaftLogWorker.java:<init>(188)) - new 719b1c3f-249c-457a-8743-b06328301a87@group-563E99154595-SegmentedRaftLogWorker for RaftStorageImpl:Storage Directory /home/runner/work/ozone/ozone/hadoop-ozone/integration-test/target/test-dir/MiniOzoneClusterImpl-e985cbf7-8b64-4e7c-b64c-74e6afbb48f1/ozone-meta/datanode-1/ratis/30e54b79-c26a-4b32-b794-563e99154595
2024-11-30 15:01:03,178 [719b1c3f-249c-457a-8743-b06328301a87-groupManagement] INFO  server.RaftServerConfigKeys (ConfUtils.java:logGet(46)) - raft.server.log.queue.byte-limit = 4294967296 (custom)
2024-11-30 15:01:03,178 [719b1c3f-249c-457a-8743-b06328301a87-groupManagement] INFO  server.RaftServerConfigKeys (ConfUtils.java:logGet(46)) - raft.server.log.queue.element-limit = 1024 (custom)
2024-11-30 15:01:03,178 [719b1c3f-249c-457a-8743-b06328301a87-groupManagement] INFO  server.RaftServerConfigKeys (ConfUtils.java:logGet(46)) - raft.server.log.segment.size.max = 67108864 (custom)
2024-11-30 15:01:03,178 [719b1c3f-249c-457a-8743-b06328301a87-groupManagement] INFO  server.RaftServerConfigKeys (ConfUtils.java:logGet(46)) - raft.server.log.preallocated.size = 4194304 (custom)
2024-11-30 15:01:03,178 [719b1c3f-249c-457a-8743-b06328301a87-groupManagement] INFO  server.RaftServerConfigKeys (ConfUtils.java:logGet(46)) - raft.server.log.force.sync.num = 128 (default)
2024-11-30 15:01:03,178 [719b1c3f-249c-457a-8743-b06328301a87-groupManagement] INFO  server.RaftServerConfigKeys (ConfUtils.java:logGet(46)) - raft.server.log.statemachine.data.sync = true (default)
2024-11-30 15:01:03,178 [719b1c3f-249c-457a-8743-b06328301a87-groupManagement] INFO  server.RaftServerConfigKeys (ConfUtils.java:logGet(46)) - raft.server.log.statemachine.data.sync.timeout = 10s (default)
2024-11-30 15:01:03,178 [719b1c3f-249c-457a-8743-b06328301a87-groupManagement] INFO  server.RaftServerConfigKeys (ConfUtils.java:logGet(46)) - raft.server.log.statemachine.data.sync.timeout.retry = 30 (custom)
2024-11-30 15:01:03,179 [719b1c3f-249c-457a-8743-b06328301a87-groupManagement] INFO  server.RaftServerConfigKeys (ConfUtils.java:logGet(46)) - raft.server.log.write.buffer.size = 33554440 (custom)
2024-11-30 15:01:03,183 [719b1c3f-249c-457a-8743-b06328301a87-groupManagement] INFO  server.RaftServerConfigKeys (ConfUtils.java:logGet(46)) - raft.server.log.appender.buffer.byte-limit = 33554432 (custom)
2024-11-30 15:01:03,184 [719b1c3f-249c-457a-8743-b06328301a87-groupManagement] INFO  server.RaftServerConfigKeys (ConfUtils.java:logGet(46)) - raft.server.log.unsafe-flush.enabled = false (default)
2024-11-30 15:01:03,184 [719b1c3f-249c-457a-8743-b06328301a87-groupManagement] INFO  server.RaftServerConfigKeys (ConfUtils.java:logGet(46)) - raft.server.log.async-flush.enabled = false (default)
2024-11-30 15:01:03,184 [719b1c3f-249c-457a-8743-b06328301a87-groupManagement] INFO  server.RaftServerConfigKeys (ConfUtils.java:logGet(46)) - raft.server.log.statemachine.data.caching.enabled = true (custom)
2024-11-30 15:01:03,184 [719b1c3f-249c-457a-8743-b06328301a87-groupManagement] INFO  segmented.SegmentedRaftLogWorker (SegmentedRaftLogWorker.java:lambda$new$0(139)) - 719b1c3f-249c-457a-8743-b06328301a87@group-563E99154595-SegmentedRaftLogWorker: flushIndex: setUnconditionally 0 -> -1
2024-11-30 15:01:03,184 [719b1c3f-249c-457a-8743-b06328301a87-groupManagement] INFO  segmented.SegmentedRaftLogWorker (SegmentedRaftLogWorker.java:lambda$new$0(139)) - 719b1c3f-249c-457a-8743-b06328301a87@group-563E99154595-SegmentedRaftLogWorker: safeCacheEvictIndex: setUnconditionally 0 -> -1
2024-11-30 15:01:03,184 [719b1c3f-249c-457a-8743-b06328301a87-groupManagement] INFO  server.RaftServer$Division (RaftServerImpl.java:start(391)) - 719b1c3f-249c-457a-8743-b06328301a87@group-563E99154595: start as a follower, conf=conf: {index: -1, cur=peers:[719b1c3f-249c-457a-8743-b06328301a87|127.0.0.1:15171, af7ee296-5066-44e3-a94d-aaeda09020f2|127.0.0.1:15189, d57daabc-8d0b-4ea3-831e-cde13ca8d1d7|127.0.0.1:15180]|listeners:[], old=null}
2024-11-30 15:01:03,184 [719b1c3f-249c-457a-8743-b06328301a87-groupManagement] INFO  server.RaftServer$Division (RaftServerImpl.java:setRole(378)) - 719b1c3f-249c-457a-8743-b06328301a87@group-563E99154595: changes role from      null to FOLLOWER at term 0 for startAsFollower
2024-11-30 15:01:03,184 [719b1c3f-249c-457a-8743-b06328301a87-groupManagement] INFO  impl.RoleInfo (RoleInfo.java:updateAndGet(148)) - 719b1c3f-249c-457a-8743-b06328301a87: start 719b1c3f-249c-457a-8743-b06328301a87@group-563E99154595-FollowerState
2024-11-30 15:01:03,185 [719b1c3f-249c-457a-8743-b06328301a87-groupManagement] INFO  util.JmxRegister (JmxRegister.java:tryRegister(44)) - Successfully registered JMX Bean with object name Ratis:service=RaftServer,group=group-563E99154595,id=719b1c3f-249c-457a-8743-b06328301a87
2024-11-30 15:01:03,185 [719b1c3f-249c-457a-8743-b06328301a87-groupManagement] INFO  util.JmxRegister (JmxRegister.java:register(58)) - register mxBean class org.apache.ratis.server.impl.RaftServerJmxAdapter as Ratis:service=RaftServer,group=group-563E99154595,id=719b1c3f-249c-457a-8743-b06328301a87
2024-11-30 15:01:03,185 [719b1c3f-249c-457a-8743-b06328301a87-groupManagement] INFO  server.RaftServerConfigKeys (ConfUtils.java:logGet(46)) - raft.server.snapshot.trigger-when-stop.enabled = true (default)
2024-11-30 15:01:03,185 [719b1c3f-249c-457a-8743-b06328301a87-groupManagement] INFO  server.RaftServerConfigKeys (ConfUtils.java:logGet(46)) - raft.server.snapshot.trigger-when-remove.enabled = true (default)
2024-11-30 15:01:03,185 [719b1c3f-249c-457a-8743-b06328301a87-groupManagement] INFO  server.RaftServerConfigKeys (ConfUtils.java:logGet(46)) - raft.server.snapshot.auto.trigger.enabled = true (custom)
2024-11-30 15:01:03,185 [719b1c3f-249c-457a-8743-b06328301a87-groupManagement] INFO  server.RaftServerConfigKeys (ConfUtils.java:logGet(46)) - raft.server.snapshot.auto.trigger.threshold = 100000 (custom)
2024-11-30 15:01:03,185 [719b1c3f-249c-457a-8743-b06328301a87-groupManagement] INFO  server.RaftServerConfigKeys (ConfUtils.java:logGet(46)) - raft.server.snapshot.retention.file.num = 5 (custom)
2024-11-30 15:01:03,185 [719b1c3f-249c-457a-8743-b06328301a87-groupManagement] INFO  server.RaftServerConfigKeys (ConfUtils.java:logGet(46)) - raft.server.log.purge.upto.snapshot.index = false (default)
2024-11-30 15:01:03,185 [719b1c3f-249c-457a-8743-b06328301a87@group-563E99154595-FollowerState] INFO  server.RaftServerConfigKeys (ConfUtils.java:logFallback(53)) - raft.server.rpc.first-election.timeout.min = 5s (fallback to raft.server.rpc.timeout.min)
2024-11-30 15:01:03,185 [719b1c3f-249c-457a-8743-b06328301a87@group-563E99154595-FollowerState] INFO  server.RaftServerConfigKeys (ConfUtils.java:logFallback(53)) - raft.server.rpc.first-election.timeout.max = 5200ms (fallback to raft.server.rpc.timeout.max)
2024-11-30 15:01:03,185 [719b1c3f-249c-457a-8743-b06328301a87-groupManagement] INFO  server.RaftServer$Division (RaftServerImpl.java:start(405)) - 719b1c3f-249c-457a-8743-b06328301a87@group-563E99154595: Successfully started.
2024-11-30 15:01:03,186 [719b1c3f-249c-457a-8743-b06328301a87-PipelineCommandHandlerThread-0] INFO  ratis.XceiverServerRatis (XceiverServerRatis.java:addGroup(844)) - Created group PipelineID=30e54b79-c26a-4b32-b794-563e99154595
2024-11-30 15:01:03,192 [grpc-default-executor-0] INFO  server.RaftServer (RaftServerProxy.java:addNew(100)) - af7ee296-5066-44e3-a94d-aaeda09020f2: addNew group-563E99154595:[719b1c3f-249c-457a-8743-b06328301a87|127.0.0.1:15171, af7ee296-5066-44e3-a94d-aaeda09020f2|127.0.0.1:15189, d57daabc-8d0b-4ea3-831e-cde13ca8d1d7|127.0.0.1:15180] returns group-563E99154595:java.util.concurrent.CompletableFuture@64d646fd[Not completed]
2024-11-30 15:01:03,193 [af7ee296-5066-44e3-a94d-aaeda09020f2-groupManagement] INFO  server.RaftServer$Division (RaftServerImpl.java:<init>(255)) - af7ee296-5066-44e3-a94d-aaeda09020f2: new RaftServerImpl for group-563E99154595:[719b1c3f-249c-457a-8743-b06328301a87|127.0.0.1:15171, af7ee296-5066-44e3-a94d-aaeda09020f2|127.0.0.1:15189, d57daabc-8d0b-4ea3-831e-cde13ca8d1d7|127.0.0.1:15180] with ContainerStateMachine:uninitialized
2024-11-30 15:01:03,193 [af7ee296-5066-44e3-a94d-aaeda09020f2-groupManagement] INFO  server.RaftServerConfigKeys (ConfUtils.java:logGet(46)) - raft.server.rpc.timeout.min = 5s (custom)
2024-11-30 15:01:03,193 [af7ee296-5066-44e3-a94d-aaeda09020f2-groupManagement] INFO  server.RaftServerConfigKeys (ConfUtils.java:logGet(46)) - raft.server.rpc.timeout.max = 5200ms (custom)
2024-11-30 15:01:03,193 [af7ee296-5066-44e3-a94d-aaeda09020f2-groupManagement] INFO  server.RaftServerConfigKeys (ConfUtils.java:logGet(46)) - raft.server.rpc.sleep.time = 25ms (default)
2024-11-30 15:01:03,193 [af7ee296-5066-44e3-a94d-aaeda09020f2-groupManagement] INFO  server.RaftServerConfigKeys (ConfUtils.java:logGet(46)) - raft.server.rpc.slowness.timeout = 300000ms (custom)
2024-11-30 15:01:03,193 [af7ee296-5066-44e3-a94d-aaeda09020f2-groupManagement] INFO  server.RaftServerConfigKeys (ConfUtils.java:logGet(46)) - raft.server.leaderelection.leader.step-down.wait-time = 10s (default)
2024-11-30 15:01:03,193 [af7ee296-5066-44e3-a94d-aaeda09020f2-groupManagement] INFO  server.RaftServerConfigKeys (ConfUtils.java:logGet(46)) - raft.server.leaderelection.member.majority-add = false (default)
2024-11-30 15:01:03,193 [af7ee296-5066-44e3-a94d-aaeda09020f2-groupManagement] INFO  server.RaftServerConfigKeys (ConfUtils.java:logGet(46)) - raft.server.sleep.deviation.threshold = 300ms (default)
2024-11-30 15:01:03,194 [af7ee296-5066-44e3-a94d-aaeda09020f2-groupManagement] INFO  server.RaftServer$Division (ServerState.java:<init>(114)) - af7ee296-5066-44e3-a94d-aaeda09020f2@group-563E99154595: ConfigurationManager, init=conf: {index: -1, cur=peers:[719b1c3f-249c-457a-8743-b06328301a87|127.0.0.1:15171, af7ee296-5066-44e3-a94d-aaeda09020f2|127.0.0.1:15189, d57daabc-8d0b-4ea3-831e-cde13ca8d1d7|127.0.0.1:15180]|listeners:[], old=null}, confs=<EMPTY_MAP>
2024-11-30 15:01:03,194 [af7ee296-5066-44e3-a94d-aaeda09020f2-groupManagement] INFO  server.RaftServerConfigKeys (ConfUtils.java:logGet(46)) - raft.server.notification.no-leader.timeout = 300000ms (custom)
2024-11-30 15:01:03,194 [af7ee296-5066-44e3-a94d-aaeda09020f2-groupManagement] INFO  server.RaftServerConfigKeys (ConfUtils.java:logGet(46)) - raft.server.read.timeout = 10s (default)
2024-11-30 15:01:03,194 [af7ee296-5066-44e3-a94d-aaeda09020f2-groupManagement] INFO  server.RaftServerConfigKeys (ConfUtils.java:logGet(46)) - raft.server.retrycache.expirytime = 600000ms (custom)
2024-11-30 15:01:03,194 [af7ee296-5066-44e3-a94d-aaeda09020f2-groupManagement] INFO  server.RaftServerConfigKeys (ConfUtils.java:logGet(46)) - raft.server.retrycache.statistics.expirytime = 100ms (default)
2024-11-30 15:01:03,194 [af7ee296-5066-44e3-a94d-aaeda09020f2-groupManagement] INFO  server.RaftServerConfigKeys (ConfUtils.java:logGet(46)) - raft.server.read.option = DEFAULT (default)
2024-11-30 15:01:03,194 [af7ee296-5066-44e3-a94d-aaeda09020f2-groupManagement] INFO  server.RaftServerConfigKeys (ConfUtils.java:logGet(46)) - raft.server.read.read-after-write-consistent.write-index-cache.expiry-time = 60s (default)
2024-11-30 15:01:03,196 [af7ee296-5066-44e3-a94d-aaeda09020f2-groupManagement] INFO  server.RaftServerConfigKeys (ConfUtils.java:logGet(46)) - raft.server.rpc.request.timeout = 3000ms (default)
2024-11-30 15:01:03,196 [af7ee296-5066-44e3-a94d-aaeda09020f2-groupManagement] INFO  server.RaftServerConfigKeys (ConfUtils.java:logGet(46)) - raft.server.log.appender.install.snapshot.enabled = false (custom)
2024-11-30 15:01:03,196 [af7ee296-5066-44e3-a94d-aaeda09020f2-groupManagement] INFO  server.RaftServerConfigKeys (ConfUtils.java:logGet(46)) - raft.server.threadpool.server.cached = true (default)
2024-11-30 15:01:03,197 [af7ee296-5066-44e3-a94d-aaeda09020f2-groupManagement] INFO  server.RaftServerConfigKeys (ConfUtils.java:logGet(46)) - raft.server.threadpool.server.size = 0 (default)
2024-11-30 15:01:03,197 [af7ee296-5066-44e3-a94d-aaeda09020f2-groupManagement] INFO  server.RaftServerConfigKeys (ConfUtils.java:logGet(46)) - raft.server.threadpool.client.cached = true (default)
2024-11-30 15:01:03,197 [af7ee296-5066-44e3-a94d-aaeda09020f2-groupManagement] INFO  server.RaftServerConfigKeys (ConfUtils.java:logGet(46)) - raft.server.threadpool.client.size = 0 (default)
2024-11-30 15:01:03,197 [af7ee296-5066-44e3-a94d-aaeda09020f2-groupManagement] INFO  server.RaftServerConfigKeys (ConfUtils.java:logGet(46)) - raft.server.storage.free-space.min = 0MB (=0) (default)
2024-11-30 15:01:03,197 [af7ee296-5066-44e3-a94d-aaeda09020f2-groupManagement] INFO  server.RaftServerConfigKeys (ConfUtils.java:logGet(46)) - raft.server.log.corruption.policy = EXCEPTION (default)
2024-11-30 15:01:03,197 [af7ee296-5066-44e3-a94d-aaeda09020f2-groupManagement] INFO  server.RaftServerConfigKeys (ConfUtils.java:logGet(46)) - raft.server.storage.dir = [/home/runner/work/ozone/ozone/hadoop-ozone/integration-test/target/test-dir/MiniOzoneClusterImpl-e985cbf7-8b64-4e7c-b64c-74e6afbb48f1/ozone-meta/datanode-3/ratis] (custom)
2024-11-30 15:01:03,197 [af7ee296-5066-44e3-a94d-aaeda09020f2-groupManagement] INFO  storage.RaftStorageDirectory (RaftStorageDirectoryImpl.java:analyzeStorage(138)) - The storage directory /home/runner/work/ozone/ozone/hadoop-ozone/integration-test/target/test-dir/MiniOzoneClusterImpl-e985cbf7-8b64-4e7c-b64c-74e6afbb48f1/ozone-meta/datanode-3/ratis/30e54b79-c26a-4b32-b794-563e99154595 does not exist. Creating ...
2024-11-30 15:01:03,198 [af7ee296-5066-44e3-a94d-aaeda09020f2-groupManagement] INFO  storage.RaftStorageDirectory (RaftStorageDirectoryImpl.java:tryLock(229)) - Lock on /home/runner/work/ozone/ozone/hadoop-ozone/integration-test/target/test-dir/MiniOzoneClusterImpl-e985cbf7-8b64-4e7c-b64c-74e6afbb48f1/ozone-meta/datanode-3/ratis/30e54b79-c26a-4b32-b794-563e99154595/in_use.lock acquired by nodename 75062@fv-az1244-86
2024-11-30 15:01:03,200 [af7ee296-5066-44e3-a94d-aaeda09020f2-groupManagement] INFO  storage.RaftStorage (RaftStorageImpl.java:format(98)) - Storage directory /home/runner/work/ozone/ozone/hadoop-ozone/integration-test/target/test-dir/MiniOzoneClusterImpl-e985cbf7-8b64-4e7c-b64c-74e6afbb48f1/ozone-meta/datanode-3/ratis/30e54b79-c26a-4b32-b794-563e99154595 has been successfully formatted.
2024-11-30 15:01:03,200 [af7ee296-5066-44e3-a94d-aaeda09020f2-groupManagement] INFO  ratis.ContainerStateMachine (ContainerStateMachine.java:initialize(302)) - af7ee296-5066-44e3-a94d-aaeda09020f2: initialize group-563E99154595
2024-11-30 15:01:03,200 [af7ee296-5066-44e3-a94d-aaeda09020f2-groupManagement] INFO  ratis.ContainerStateMachine (ContainerStateMachine.java:loadSnapshot(310)) - group-563E99154595: The snapshot info is null. Setting the last applied index to:(t:0, i:~)
2024-11-30 15:01:03,200 [af7ee296-5066-44e3-a94d-aaeda09020f2-groupManagement] INFO  server.RaftServerConfigKeys (ConfUtils.java:logGet(46)) - raft.server.log.use.memory = false (default)
2024-11-30 15:01:03,201 [af7ee296-5066-44e3-a94d-aaeda09020f2-groupManagement] INFO  server.RaftServerConfigKeys (ConfUtils.java:logGet(46)) - raft.server.log.purge.gap = 1000000 (custom)
2024-11-30 15:01:03,201 [af7ee296-5066-44e3-a94d-aaeda09020f2-groupManagement] INFO  server.RaftServerConfigKeys (ConfUtils.java:logGet(46)) - raft.server.log.appender.buffer.byte-limit = 33554432 (custom)
2024-11-30 15:01:03,201 [af7ee296-5066-44e3-a94d-aaeda09020f2-groupManagement] INFO  server.RaftServerConfigKeys (ConfUtils.java:logGet(46)) - raft.server.log.statemachine.data.read.timeout = 1000ms (default)
2024-11-30 15:01:03,201 [af7ee296-5066-44e3-a94d-aaeda09020f2-groupManagement] INFO  server.RaftServerConfigKeys (ConfUtils.java:logGet(46)) - raft.server.log.purge.preservation.log.num = 0 (default)
2024-11-30 15:01:03,202 [af7ee296-5066-44e3-a94d-aaeda09020f2-groupManagement] INFO  server.RaftServerConfigKeys (ConfUtils.java:logGet(46)) - raft.server.log.segment.size.max = 67108864 (custom)
2024-11-30 15:01:03,202 [af7ee296-5066-44e3-a94d-aaeda09020f2-groupManagement] INFO  server.RaftServerConfigKeys (ConfUtils.java:logGet(46)) - raft.server.log.segment.cache.num.max = 2 (custom)
2024-11-30 15:01:03,202 [af7ee296-5066-44e3-a94d-aaeda09020f2-groupManagement] INFO  server.RaftServerConfigKeys (ConfUtils.java:logGet(46)) - raft.server.log.segment.cache.size.max = 200MB (=209715200) (default)
2024-11-30 15:01:03,202 [af7ee296-5066-44e3-a94d-aaeda09020f2-groupManagement] INFO  server.RaftServerConfigKeys (ConfUtils.java:logGet(46)) - raft.server.log.appender.buffer.byte-limit = 33554432 (custom)
2024-11-30 15:01:03,202 [af7ee296-5066-44e3-a94d-aaeda09020f2-groupManagement] INFO  util.AwaitToRun (AwaitToRun.java:start(81)) - Thread[af7ee296-5066-44e3-a94d-aaeda09020f2@group-563E99154595-cacheEviction-AwaitToRun,5,main] started
2024-11-30 15:01:03,202 [af7ee296-5066-44e3-a94d-aaeda09020f2-groupManagement] INFO  segmented.SegmentedRaftLogWorker (SegmentedRaftLogWorker.java:<init>(188)) - new af7ee296-5066-44e3-a94d-aaeda09020f2@group-563E99154595-SegmentedRaftLogWorker for RaftStorageImpl:Storage Directory /home/runner/work/ozone/ozone/hadoop-ozone/integration-test/target/test-dir/MiniOzoneClusterImpl-e985cbf7-8b64-4e7c-b64c-74e6afbb48f1/ozone-meta/datanode-3/ratis/30e54b79-c26a-4b32-b794-563e99154595
2024-11-30 15:01:03,202 [af7ee296-5066-44e3-a94d-aaeda09020f2-groupManagement] INFO  server.RaftServerConfigKeys (ConfUtils.java:logGet(46)) - raft.server.log.queue.byte-limit = 4294967296 (custom)
2024-11-30 15:01:03,202 [af7ee296-5066-44e3-a94d-aaeda09020f2-groupManagement] INFO  server.RaftServerConfigKeys (ConfUtils.java:logGet(46)) - raft.server.log.queue.element-limit = 1024 (custom)
2024-11-30 15:01:03,203 [af7ee296-5066-44e3-a94d-aaeda09020f2-groupManagement] INFO  server.RaftServerConfigKeys (ConfUtils.java:logGet(46)) - raft.server.log.segment.size.max = 67108864 (custom)
2024-11-30 15:01:03,203 [af7ee296-5066-44e3-a94d-aaeda09020f2-groupManagement] INFO  server.RaftServerConfigKeys (ConfUtils.java:logGet(46)) - raft.server.log.preallocated.size = 4194304 (custom)
2024-11-30 15:01:03,203 [af7ee296-5066-44e3-a94d-aaeda09020f2-groupManagement] INFO  server.RaftServerConfigKeys (ConfUtils.java:logGet(46)) - raft.server.log.force.sync.num = 128 (default)
2024-11-30 15:01:03,203 [af7ee296-5066-44e3-a94d-aaeda09020f2-groupManagement] INFO  server.RaftServerConfigKeys (ConfUtils.java:logGet(46)) - raft.server.log.statemachine.data.sync = true (default)
2024-11-30 15:01:03,203 [af7ee296-5066-44e3-a94d-aaeda09020f2-groupManagement] INFO  server.RaftServerConfigKeys (ConfUtils.java:logGet(46)) - raft.server.log.statemachine.data.sync.timeout = 10s (default)
2024-11-30 15:01:03,203 [af7ee296-5066-44e3-a94d-aaeda09020f2-groupManagement] INFO  server.RaftServerConfigKeys (ConfUtils.java:logGet(46)) - raft.server.log.statemachine.data.sync.timeout.retry = 30 (custom)
2024-11-30 15:01:03,203 [af7ee296-5066-44e3-a94d-aaeda09020f2-groupManagement] INFO  server.RaftServerConfigKeys (ConfUtils.java:logGet(46)) - raft.server.log.write.buffer.size = 33554440 (custom)
2024-11-30 15:01:03,208 [af7ee296-5066-44e3-a94d-aaeda09020f2-groupManagement] INFO  server.RaftServerConfigKeys (ConfUtils.java:logGet(46)) - raft.server.log.appender.buffer.byte-limit = 33554432 (custom)
2024-11-30 15:01:03,208 [af7ee296-5066-44e3-a94d-aaeda09020f2-groupManagement] INFO  server.RaftServerConfigKeys (ConfUtils.java:logGet(46)) - raft.server.log.unsafe-flush.enabled = false (default)
2024-11-30 15:01:03,208 [af7ee296-5066-44e3-a94d-aaeda09020f2-groupManagement] INFO  server.RaftServerConfigKeys (ConfUtils.java:logGet(46)) - raft.server.log.async-flush.enabled = false (default)
2024-11-30 15:01:03,208 [af7ee296-5066-44e3-a94d-aaeda09020f2-groupManagement] INFO  server.RaftServerConfigKeys (ConfUtils.java:logGet(46)) - raft.server.log.statemachine.data.caching.enabled = true (custom)
2024-11-30 15:01:03,208 [af7ee296-5066-44e3-a94d-aaeda09020f2-groupManagement] INFO  segmented.SegmentedRaftLogWorker (SegmentedRaftLogWorker.java:lambda$new$0(139)) - af7ee296-5066-44e3-a94d-aaeda09020f2@group-563E99154595-SegmentedRaftLogWorker: flushIndex: setUnconditionally 0 -> -1
2024-11-30 15:01:03,208 [af7ee296-5066-44e3-a94d-aaeda09020f2-groupManagement] INFO  segmented.SegmentedRaftLogWorker (SegmentedRaftLogWorker.java:lambda$new$0(139)) - af7ee296-5066-44e3-a94d-aaeda09020f2@group-563E99154595-SegmentedRaftLogWorker: safeCacheEvictIndex: setUnconditionally 0 -> -1
2024-11-30 15:01:03,209 [af7ee296-5066-44e3-a94d-aaeda09020f2-groupManagement] INFO  server.RaftServer$Division (RaftServerImpl.java:start(391)) - af7ee296-5066-44e3-a94d-aaeda09020f2@group-563E99154595: start as a follower, conf=conf: {index: -1, cur=peers:[719b1c3f-249c-457a-8743-b06328301a87|127.0.0.1:15171, af7ee296-5066-44e3-a94d-aaeda09020f2|127.0.0.1:15189, d57daabc-8d0b-4ea3-831e-cde13ca8d1d7|127.0.0.1:15180]|listeners:[], old=null}
2024-11-30 15:01:03,209 [af7ee296-5066-44e3-a94d-aaeda09020f2-groupManagement] INFO  server.RaftServer$Division (RaftServerImpl.java:setRole(378)) - af7ee296-5066-44e3-a94d-aaeda09020f2@group-563E99154595: changes role from      null to FOLLOWER at term 0 for startAsFollower
2024-11-30 15:01:03,209 [af7ee296-5066-44e3-a94d-aaeda09020f2-groupManagement] INFO  impl.RoleInfo (RoleInfo.java:updateAndGet(148)) - af7ee296-5066-44e3-a94d-aaeda09020f2: start af7ee296-5066-44e3-a94d-aaeda09020f2@group-563E99154595-FollowerState
2024-11-30 15:01:03,209 [af7ee296-5066-44e3-a94d-aaeda09020f2@group-563E99154595-FollowerState] INFO  server.RaftServerConfigKeys (ConfUtils.java:logFallback(53)) - raft.server.rpc.first-election.timeout.min = 5s (fallback to raft.server.rpc.timeout.min)
2024-11-30 15:01:03,209 [af7ee296-5066-44e3-a94d-aaeda09020f2-groupManagement] INFO  util.JmxRegister (JmxRegister.java:tryRegister(44)) - Successfully registered JMX Bean with object name Ratis:service=RaftServer,group=group-563E99154595,id=af7ee296-5066-44e3-a94d-aaeda09020f2
2024-11-30 15:01:03,209 [af7ee296-5066-44e3-a94d-aaeda09020f2-groupManagement] INFO  util.JmxRegister (JmxRegister.java:register(58)) - register mxBean class org.apache.ratis.server.impl.RaftServerJmxAdapter as Ratis:service=RaftServer,group=group-563E99154595,id=af7ee296-5066-44e3-a94d-aaeda09020f2
2024-11-30 15:01:03,209 [af7ee296-5066-44e3-a94d-aaeda09020f2@group-563E99154595-FollowerState] INFO  server.RaftServerConfigKeys (ConfUtils.java:logFallback(53)) - raft.server.rpc.first-election.timeout.max = 5200ms (fallback to raft.server.rpc.timeout.max)
2024-11-30 15:01:03,209 [af7ee296-5066-44e3-a94d-aaeda09020f2-groupManagement] INFO  server.RaftServerConfigKeys (ConfUtils.java:logGet(46)) - raft.server.snapshot.trigger-when-stop.enabled = true (default)
2024-11-30 15:01:03,209 [af7ee296-5066-44e3-a94d-aaeda09020f2-groupManagement] INFO  server.RaftServerConfigKeys (ConfUtils.java:logGet(46)) - raft.server.snapshot.trigger-when-remove.enabled = true (default)
2024-11-30 15:01:03,210 [af7ee296-5066-44e3-a94d-aaeda09020f2-groupManagement] INFO  server.RaftServerConfigKeys (ConfUtils.java:logGet(46)) - raft.server.snapshot.auto.trigger.enabled = true (custom)
2024-11-30 15:01:03,210 [af7ee296-5066-44e3-a94d-aaeda09020f2-groupManagement] INFO  server.RaftServerConfigKeys (ConfUtils.java:logGet(46)) - raft.server.snapshot.auto.trigger.threshold = 100000 (custom)
2024-11-30 15:01:03,210 [af7ee296-5066-44e3-a94d-aaeda09020f2-groupManagement] INFO  server.RaftServerConfigKeys (ConfUtils.java:logGet(46)) - raft.server.snapshot.retention.file.num = 5 (custom)
2024-11-30 15:01:03,210 [af7ee296-5066-44e3-a94d-aaeda09020f2-groupManagement] INFO  server.RaftServerConfigKeys (ConfUtils.java:logGet(46)) - raft.server.log.purge.upto.snapshot.index = false (default)
2024-11-30 15:01:03,210 [af7ee296-5066-44e3-a94d-aaeda09020f2-groupManagement] INFO  server.RaftServer$Division (RaftServerImpl.java:start(405)) - af7ee296-5066-44e3-a94d-aaeda09020f2@group-563E99154595: Successfully started.
2024-11-30 15:01:03,217 [grpc-default-executor-0] INFO  server.RaftServer (RaftServerProxy.java:addNew(100)) - d57daabc-8d0b-4ea3-831e-cde13ca8d1d7: addNew group-563E99154595:[719b1c3f-249c-457a-8743-b06328301a87|127.0.0.1:15171, af7ee296-5066-44e3-a94d-aaeda09020f2|127.0.0.1:15189, d57daabc-8d0b-4ea3-831e-cde13ca8d1d7|127.0.0.1:15180] returns group-563E99154595:java.util.concurrent.CompletableFuture@7703466a[Not completed]
2024-11-30 15:01:03,219 [d57daabc-8d0b-4ea3-831e-cde13ca8d1d7-groupManagement] INFO  server.RaftServer$Division (RaftServerImpl.java:<init>(255)) - d57daabc-8d0b-4ea3-831e-cde13ca8d1d7: new RaftServerImpl for group-563E99154595:[719b1c3f-249c-457a-8743-b06328301a87|127.0.0.1:15171, af7ee296-5066-44e3-a94d-aaeda09020f2|127.0.0.1:15189, d57daabc-8d0b-4ea3-831e-cde13ca8d1d7|127.0.0.1:15180] with ContainerStateMachine:uninitialized
2024-11-30 15:01:03,219 [d57daabc-8d0b-4ea3-831e-cde13ca8d1d7-groupManagement] INFO  server.RaftServerConfigKeys (ConfUtils.java:logGet(46)) - raft.server.rpc.timeout.min = 5s (custom)
2024-11-30 15:01:03,219 [d57daabc-8d0b-4ea3-831e-cde13ca8d1d7-groupManagement] INFO  server.RaftServerConfigKeys (ConfUtils.java:logGet(46)) - raft.server.rpc.timeout.max = 5200ms (custom)
2024-11-30 15:01:03,219 [d57daabc-8d0b-4ea3-831e-cde13ca8d1d7-groupManagement] INFO  server.RaftServerConfigKeys (ConfUtils.java:logGet(46)) - raft.server.rpc.sleep.time = 25ms (default)
2024-11-30 15:01:03,219 [d57daabc-8d0b-4ea3-831e-cde13ca8d1d7-groupManagement] INFO  server.RaftServerConfigKeys (ConfUtils.java:logGet(46)) - raft.server.rpc.slowness.timeout = 300000ms (custom)
2024-11-30 15:01:03,219 [d57daabc-8d0b-4ea3-831e-cde13ca8d1d7-groupManagement] INFO  server.RaftServerConfigKeys (ConfUtils.java:logGet(46)) - raft.server.leaderelection.leader.step-down.wait-time = 10s (default)
2024-11-30 15:01:03,219 [d57daabc-8d0b-4ea3-831e-cde13ca8d1d7-groupManagement] INFO  server.RaftServerConfigKeys (ConfUtils.java:logGet(46)) - raft.server.leaderelection.member.majority-add = false (default)
2024-11-30 15:01:03,219 [d57daabc-8d0b-4ea3-831e-cde13ca8d1d7-groupManagement] INFO  server.RaftServerConfigKeys (ConfUtils.java:logGet(46)) - raft.server.sleep.deviation.threshold = 300ms (default)
2024-11-30 15:01:03,219 [d57daabc-8d0b-4ea3-831e-cde13ca8d1d7-groupManagement] INFO  server.RaftServer$Division (ServerState.java:<init>(114)) - d57daabc-8d0b-4ea3-831e-cde13ca8d1d7@group-563E99154595: ConfigurationManager, init=conf: {index: -1, cur=peers:[719b1c3f-249c-457a-8743-b06328301a87|127.0.0.1:15171, af7ee296-5066-44e3-a94d-aaeda09020f2|127.0.0.1:15189, d57daabc-8d0b-4ea3-831e-cde13ca8d1d7|127.0.0.1:15180]|listeners:[], old=null}, confs=<EMPTY_MAP>
2024-11-30 15:01:03,219 [d57daabc-8d0b-4ea3-831e-cde13ca8d1d7-groupManagement] INFO  server.RaftServerConfigKeys (ConfUtils.java:logGet(46)) - raft.server.notification.no-leader.timeout = 300000ms (custom)
2024-11-30 15:01:03,219 [d57daabc-8d0b-4ea3-831e-cde13ca8d1d7-groupManagement] INFO  server.RaftServerConfigKeys (ConfUtils.java:logGet(46)) - raft.server.read.timeout = 10s (default)
2024-11-30 15:01:03,219 [d57daabc-8d0b-4ea3-831e-cde13ca8d1d7-groupManagement] INFO  server.RaftServerConfigKeys (ConfUtils.java:logGet(46)) - raft.server.retrycache.expirytime = 600000ms (custom)
2024-11-30 15:01:03,219 [d57daabc-8d0b-4ea3-831e-cde13ca8d1d7-groupManagement] INFO  server.RaftServerConfigKeys (ConfUtils.java:logGet(46)) - raft.server.retrycache.statistics.expirytime = 100ms (default)
2024-11-30 15:01:03,219 [d57daabc-8d0b-4ea3-831e-cde13ca8d1d7-groupManagement] INFO  server.RaftServerConfigKeys (ConfUtils.java:logGet(46)) - raft.server.read.option = DEFAULT (default)
2024-11-30 15:01:03,219 [d57daabc-8d0b-4ea3-831e-cde13ca8d1d7-groupManagement] INFO  server.RaftServerConfigKeys (ConfUtils.java:logGet(46)) - raft.server.read.read-after-write-consistent.write-index-cache.expiry-time = 60s (default)
2024-11-30 15:01:03,221 [d57daabc-8d0b-4ea3-831e-cde13ca8d1d7-groupManagement] INFO  server.RaftServerConfigKeys (ConfUtils.java:logGet(46)) - raft.server.rpc.request.timeout = 3000ms (default)
2024-11-30 15:01:03,221 [d57daabc-8d0b-4ea3-831e-cde13ca8d1d7-groupManagement] INFO  server.RaftServerConfigKeys (ConfUtils.java:logGet(46)) - raft.server.log.appender.install.snapshot.enabled = false (custom)
2024-11-30 15:01:03,221 [d57daabc-8d0b-4ea3-831e-cde13ca8d1d7-groupManagement] INFO  server.RaftServerConfigKeys (ConfUtils.java:logGet(46)) - raft.server.threadpool.server.cached = true (default)
2024-11-30 15:01:03,221 [d57daabc-8d0b-4ea3-831e-cde13ca8d1d7-groupManagement] INFO  server.RaftServerConfigKeys (ConfUtils.java:logGet(46)) - raft.server.threadpool.server.size = 0 (default)
2024-11-30 15:01:03,221 [d57daabc-8d0b-4ea3-831e-cde13ca8d1d7-groupManagement] INFO  server.RaftServerConfigKeys (ConfUtils.java:logGet(46)) - raft.server.threadpool.client.cached = true (default)
2024-11-30 15:01:03,221 [d57daabc-8d0b-4ea3-831e-cde13ca8d1d7-groupManagement] INFO  server.RaftServerConfigKeys (ConfUtils.java:logGet(46)) - raft.server.threadpool.client.size = 0 (default)
2024-11-30 15:01:03,221 [d57daabc-8d0b-4ea3-831e-cde13ca8d1d7-groupManagement] INFO  server.RaftServerConfigKeys (ConfUtils.java:logGet(46)) - raft.server.storage.free-space.min = 0MB (=0) (default)
2024-11-30 15:01:03,221 [d57daabc-8d0b-4ea3-831e-cde13ca8d1d7-groupManagement] INFO  server.RaftServerConfigKeys (ConfUtils.java:logGet(46)) - raft.server.log.corruption.policy = EXCEPTION (default)
2024-11-30 15:01:03,221 [d57daabc-8d0b-4ea3-831e-cde13ca8d1d7-groupManagement] INFO  server.RaftServerConfigKeys (ConfUtils.java:logGet(46)) - raft.server.storage.dir = [/home/runner/work/ozone/ozone/hadoop-ozone/integration-test/target/test-dir/MiniOzoneClusterImpl-e985cbf7-8b64-4e7c-b64c-74e6afbb48f1/ozone-meta/datanode-2/ratis] (custom)
2024-11-30 15:01:03,221 [d57daabc-8d0b-4ea3-831e-cde13ca8d1d7-groupManagement] INFO  storage.RaftStorageDirectory (RaftStorageDirectoryImpl.java:analyzeStorage(138)) - The storage directory /home/runner/work/ozone/ozone/hadoop-ozone/integration-test/target/test-dir/MiniOzoneClusterImpl-e985cbf7-8b64-4e7c-b64c-74e6afbb48f1/ozone-meta/datanode-2/ratis/30e54b79-c26a-4b32-b794-563e99154595 does not exist. Creating ...
2024-11-30 15:01:03,222 [d57daabc-8d0b-4ea3-831e-cde13ca8d1d7-groupManagement] INFO  storage.RaftStorageDirectory (RaftStorageDirectoryImpl.java:tryLock(229)) - Lock on /home/runner/work/ozone/ozone/hadoop-ozone/integration-test/target/test-dir/MiniOzoneClusterImpl-e985cbf7-8b64-4e7c-b64c-74e6afbb48f1/ozone-meta/datanode-2/ratis/30e54b79-c26a-4b32-b794-563e99154595/in_use.lock acquired by nodename 75062@fv-az1244-86
2024-11-30 15:01:03,223 [d57daabc-8d0b-4ea3-831e-cde13ca8d1d7-groupManagement] INFO  storage.RaftStorage (RaftStorageImpl.java:format(98)) - Storage directory /home/runner/work/ozone/ozone/hadoop-ozone/integration-test/target/test-dir/MiniOzoneClusterImpl-e985cbf7-8b64-4e7c-b64c-74e6afbb48f1/ozone-meta/datanode-2/ratis/30e54b79-c26a-4b32-b794-563e99154595 has been successfully formatted.
2024-11-30 15:01:03,223 [d57daabc-8d0b-4ea3-831e-cde13ca8d1d7-groupManagement] INFO  ratis.ContainerStateMachine (ContainerStateMachine.java:initialize(302)) - d57daabc-8d0b-4ea3-831e-cde13ca8d1d7: initialize group-563E99154595
2024-11-30 15:01:03,223 [d57daabc-8d0b-4ea3-831e-cde13ca8d1d7-groupManagement] INFO  ratis.ContainerStateMachine (ContainerStateMachine.java:loadSnapshot(310)) - group-563E99154595: The snapshot info is null. Setting the last applied index to:(t:0, i:~)
2024-11-30 15:01:03,223 [d57daabc-8d0b-4ea3-831e-cde13ca8d1d7-groupManagement] INFO  server.RaftServerConfigKeys (ConfUtils.java:logGet(46)) - raft.server.log.use.memory = false (default)
2024-11-30 15:01:03,224 [d57daabc-8d0b-4ea3-831e-cde13ca8d1d7-groupManagement] INFO  server.RaftServerConfigKeys (ConfUtils.java:logGet(46)) - raft.server.log.purge.gap = 1000000 (custom)
2024-11-30 15:01:03,224 [d57daabc-8d0b-4ea3-831e-cde13ca8d1d7-groupManagement] INFO  server.RaftServerConfigKeys (ConfUtils.java:logGet(46)) - raft.server.log.appender.buffer.byte-limit = 33554432 (custom)
2024-11-30 15:01:03,224 [d57daabc-8d0b-4ea3-831e-cde13ca8d1d7-groupManagement] INFO  server.RaftServerConfigKeys (ConfUtils.java:logGet(46)) - raft.server.log.statemachine.data.read.timeout = 1000ms (default)
2024-11-30 15:01:03,224 [d57daabc-8d0b-4ea3-831e-cde13ca8d1d7-groupManagement] INFO  server.RaftServerConfigKeys (ConfUtils.java:logGet(46)) - raft.server.log.purge.preservation.log.num = 0 (default)
2024-11-30 15:01:03,225 [d57daabc-8d0b-4ea3-831e-cde13ca8d1d7-groupManagement] INFO  server.RaftServerConfigKeys (ConfUtils.java:logGet(46)) - raft.server.log.segment.size.max = 67108864 (custom)
2024-11-30 15:01:03,225 [d57daabc-8d0b-4ea3-831e-cde13ca8d1d7-groupManagement] INFO  server.RaftServerConfigKeys (ConfUtils.java:logGet(46)) - raft.server.log.segment.cache.num.max = 2 (custom)
2024-11-30 15:01:03,225 [d57daabc-8d0b-4ea3-831e-cde13ca8d1d7-groupManagement] INFO  server.RaftServerConfigKeys (ConfUtils.java:logGet(46)) - raft.server.log.segment.cache.size.max = 200MB (=209715200) (default)
2024-11-30 15:01:03,225 [d57daabc-8d0b-4ea3-831e-cde13ca8d1d7-groupManagement] INFO  server.RaftServerConfigKeys (ConfUtils.java:logGet(46)) - raft.server.log.appender.buffer.byte-limit = 33554432 (custom)
2024-11-30 15:01:03,225 [d57daabc-8d0b-4ea3-831e-cde13ca8d1d7-groupManagement] INFO  util.AwaitToRun (AwaitToRun.java:start(81)) - Thread[d57daabc-8d0b-4ea3-831e-cde13ca8d1d7@group-563E99154595-cacheEviction-AwaitToRun,5,main] started
2024-11-30 15:01:03,225 [d57daabc-8d0b-4ea3-831e-cde13ca8d1d7-groupManagement] INFO  segmented.SegmentedRaftLogWorker (SegmentedRaftLogWorker.java:<init>(188)) - new d57daabc-8d0b-4ea3-831e-cde13ca8d1d7@group-563E99154595-SegmentedRaftLogWorker for RaftStorageImpl:Storage Directory /home/runner/work/ozone/ozone/hadoop-ozone/integration-test/target/test-dir/MiniOzoneClusterImpl-e985cbf7-8b64-4e7c-b64c-74e6afbb48f1/ozone-meta/datanode-2/ratis/30e54b79-c26a-4b32-b794-563e99154595
2024-11-30 15:01:03,225 [d57daabc-8d0b-4ea3-831e-cde13ca8d1d7-groupManagement] INFO  server.RaftServerConfigKeys (ConfUtils.java:logGet(46)) - raft.server.log.queue.byte-limit = 4294967296 (custom)
2024-11-30 15:01:03,225 [d57daabc-8d0b-4ea3-831e-cde13ca8d1d7-groupManagement] INFO  server.RaftServerConfigKeys (ConfUtils.java:logGet(46)) - raft.server.log.queue.element-limit = 1024 (custom)
2024-11-30 15:01:03,225 [d57daabc-8d0b-4ea3-831e-cde13ca8d1d7-groupManagement] INFO  server.RaftServerConfigKeys (ConfUtils.java:logGet(46)) - raft.server.log.segment.size.max = 67108864 (custom)
2024-11-30 15:01:03,225 [d57daabc-8d0b-4ea3-831e-cde13ca8d1d7-groupManagement] INFO  server.RaftServerConfigKeys (ConfUtils.java:logGet(46)) - raft.server.log.preallocated.size = 4194304 (custom)
2024-11-30 15:01:03,225 [d57daabc-8d0b-4ea3-831e-cde13ca8d1d7-groupManagement] INFO  server.RaftServerConfigKeys (ConfUtils.java:logGet(46)) - raft.server.log.force.sync.num = 128 (default)
2024-11-30 15:01:03,225 [d57daabc-8d0b-4ea3-831e-cde13ca8d1d7-groupManagement] INFO  server.RaftServerConfigKeys (ConfUtils.java:logGet(46)) - raft.server.log.statemachine.data.sync = true (default)
2024-11-30 15:01:03,225 [d57daabc-8d0b-4ea3-831e-cde13ca8d1d7-groupManagement] INFO  server.RaftServerConfigKeys (ConfUtils.java:logGet(46)) - raft.server.log.statemachine.data.sync.timeout = 10s (default)
2024-11-30 15:01:03,225 [d57daabc-8d0b-4ea3-831e-cde13ca8d1d7-groupManagement] INFO  server.RaftServerConfigKeys (ConfUtils.java:logGet(46)) - raft.server.log.statemachine.data.sync.timeout.retry = 30 (custom)
2024-11-30 15:01:03,226 [d57daabc-8d0b-4ea3-831e-cde13ca8d1d7-groupManagement] INFO  server.RaftServerConfigKeys (ConfUtils.java:logGet(46)) - raft.server.log.write.buffer.size = 33554440 (custom)
2024-11-30 15:01:03,230 [d57daabc-8d0b-4ea3-831e-cde13ca8d1d7-groupManagement] INFO  server.RaftServerConfigKeys (ConfUtils.java:logGet(46)) - raft.server.log.appender.buffer.byte-limit = 33554432 (custom)
2024-11-30 15:01:03,230 [d57daabc-8d0b-4ea3-831e-cde13ca8d1d7-groupManagement] INFO  server.RaftServerConfigKeys (ConfUtils.java:logGet(46)) - raft.server.log.unsafe-flush.enabled = false (default)
2024-11-30 15:01:03,230 [d57daabc-8d0b-4ea3-831e-cde13ca8d1d7-groupManagement] INFO  server.RaftServerConfigKeys (ConfUtils.java:logGet(46)) - raft.server.log.async-flush.enabled = false (default)
2024-11-30 15:01:03,230 [d57daabc-8d0b-4ea3-831e-cde13ca8d1d7-groupManagement] INFO  server.RaftServerConfigKeys (ConfUtils.java:logGet(46)) - raft.server.log.statemachine.data.caching.enabled = true (custom)
2024-11-30 15:01:03,231 [d57daabc-8d0b-4ea3-831e-cde13ca8d1d7-groupManagement] INFO  segmented.SegmentedRaftLogWorker (SegmentedRaftLogWorker.java:lambda$new$0(139)) - d57daabc-8d0b-4ea3-831e-cde13ca8d1d7@group-563E99154595-SegmentedRaftLogWorker: flushIndex: setUnconditionally 0 -> -1
2024-11-30 15:01:03,231 [d57daabc-8d0b-4ea3-831e-cde13ca8d1d7-groupManagement] INFO  segmented.SegmentedRaftLogWorker (SegmentedRaftLogWorker.java:lambda$new$0(139)) - d57daabc-8d0b-4ea3-831e-cde13ca8d1d7@group-563E99154595-SegmentedRaftLogWorker: safeCacheEvictIndex: setUnconditionally 0 -> -1
2024-11-30 15:01:03,231 [d57daabc-8d0b-4ea3-831e-cde13ca8d1d7-groupManagement] INFO  server.RaftServer$Division (RaftServerImpl.java:start(391)) - d57daabc-8d0b-4ea3-831e-cde13ca8d1d7@group-563E99154595: start as a follower, conf=conf: {index: -1, cur=peers:[719b1c3f-249c-457a-8743-b06328301a87|127.0.0.1:15171, af7ee296-5066-44e3-a94d-aaeda09020f2|127.0.0.1:15189, d57daabc-8d0b-4ea3-831e-cde13ca8d1d7|127.0.0.1:15180]|listeners:[], old=null}
2024-11-30 15:01:03,231 [d57daabc-8d0b-4ea3-831e-cde13ca8d1d7-groupManagement] INFO  server.RaftServer$Division (RaftServerImpl.java:setRole(378)) - d57daabc-8d0b-4ea3-831e-cde13ca8d1d7@group-563E99154595: changes role from      null to FOLLOWER at term 0 for startAsFollower
2024-11-30 15:01:03,231 [d57daabc-8d0b-4ea3-831e-cde13ca8d1d7-groupManagement] INFO  impl.RoleInfo (RoleInfo.java:updateAndGet(148)) - d57daabc-8d0b-4ea3-831e-cde13ca8d1d7: start d57daabc-8d0b-4ea3-831e-cde13ca8d1d7@group-563E99154595-FollowerState
2024-11-30 15:01:03,231 [d57daabc-8d0b-4ea3-831e-cde13ca8d1d7@group-563E99154595-FollowerState] INFO  server.RaftServerConfigKeys (ConfUtils.java:logFallback(53)) - raft.server.rpc.first-election.timeout.min = 5s (fallback to raft.server.rpc.timeout.min)
2024-11-30 15:01:03,231 [d57daabc-8d0b-4ea3-831e-cde13ca8d1d7-groupManagement] INFO  util.JmxRegister (JmxRegister.java:tryRegister(44)) - Successfully registered JMX Bean with object name Ratis:service=RaftServer,group=group-563E99154595,id=d57daabc-8d0b-4ea3-831e-cde13ca8d1d7
2024-11-30 15:01:03,232 [d57daabc-8d0b-4ea3-831e-cde13ca8d1d7-groupManagement] INFO  util.JmxRegister (JmxRegister.java:register(58)) - register mxBean class org.apache.ratis.server.impl.RaftServerJmxAdapter as Ratis:service=RaftServer,group=group-563E99154595,id=d57daabc-8d0b-4ea3-831e-cde13ca8d1d7
2024-11-30 15:01:03,232 [d57daabc-8d0b-4ea3-831e-cde13ca8d1d7-groupManagement] INFO  server.RaftServerConfigKeys (ConfUtils.java:logGet(46)) - raft.server.snapshot.trigger-when-stop.enabled = true (default)
2024-11-30 15:01:03,232 [d57daabc-8d0b-4ea3-831e-cde13ca8d1d7-groupManagement] INFO  server.RaftServerConfigKeys (ConfUtils.java:logGet(46)) - raft.server.snapshot.trigger-when-remove.enabled = true (default)
2024-11-30 15:01:03,232 [d57daabc-8d0b-4ea3-831e-cde13ca8d1d7-groupManagement] INFO  server.RaftServerConfigKeys (ConfUtils.java:logGet(46)) - raft.server.snapshot.auto.trigger.enabled = true (custom)
2024-11-30 15:01:03,232 [d57daabc-8d0b-4ea3-831e-cde13ca8d1d7-groupManagement] INFO  server.RaftServerConfigKeys (ConfUtils.java:logGet(46)) - raft.server.snapshot.auto.trigger.threshold = 100000 (custom)
2024-11-30 15:01:03,232 [d57daabc-8d0b-4ea3-831e-cde13ca8d1d7-groupManagement] INFO  server.RaftServerConfigKeys (ConfUtils.java:logGet(46)) - raft.server.snapshot.retention.file.num = 5 (custom)
2024-11-30 15:01:03,232 [d57daabc-8d0b-4ea3-831e-cde13ca8d1d7-groupManagement] INFO  server.RaftServerConfigKeys (ConfUtils.java:logGet(46)) - raft.server.log.purge.upto.snapshot.index = false (default)
2024-11-30 15:01:03,232 [d57daabc-8d0b-4ea3-831e-cde13ca8d1d7@group-563E99154595-FollowerState] INFO  server.RaftServerConfigKeys (ConfUtils.java:logFallback(53)) - raft.server.rpc.first-election.timeout.max = 5200ms (fallback to raft.server.rpc.timeout.max)
2024-11-30 15:01:03,232 [d57daabc-8d0b-4ea3-831e-cde13ca8d1d7-groupManagement] INFO  server.RaftServer$Division (RaftServerImpl.java:start(405)) - d57daabc-8d0b-4ea3-831e-cde13ca8d1d7@group-563E99154595: Successfully started.
2024-11-30 15:01:03,236 [719b1c3f-249c-457a-8743-b06328301a87-PipelineCommandHandlerThread-0] INFO  commandhandler.CreatePipelineCommandHandler (CreatePipelineCommandHandler.java:lambda$handle$2(129)) - Created Pipeline RATIS THREE PipelineID=30e54b79-c26a-4b32-b794-563e99154595.
2024-11-30 15:01:03,236 [719b1c3f-249c-457a-8743-b06328301a87-PipelineCommandHandlerThread-0] INFO  server.RaftServer (RaftServerProxy.java:addNew(100)) - 719b1c3f-249c-457a-8743-b06328301a87: addNew group-881FFCB406EE:[719b1c3f-249c-457a-8743-b06328301a87|127.0.0.1:15171, af7ee296-5066-44e3-a94d-aaeda09020f2|127.0.0.1:15189, d57daabc-8d0b-4ea3-831e-cde13ca8d1d7|127.0.0.1:15180] returns group-881FFCB406EE:java.util.concurrent.CompletableFuture@59eeff69[Not completed]
2024-11-30 15:01:03,237 [719b1c3f-249c-457a-8743-b06328301a87-groupManagement] INFO  server.RaftServer$Division (RaftServerImpl.java:<init>(255)) - 719b1c3f-249c-457a-8743-b06328301a87: new RaftServerImpl for group-881FFCB406EE:[719b1c3f-249c-457a-8743-b06328301a87|127.0.0.1:15171, af7ee296-5066-44e3-a94d-aaeda09020f2|127.0.0.1:15189, d57daabc-8d0b-4ea3-831e-cde13ca8d1d7|127.0.0.1:15180] with ContainerStateMachine:uninitialized
2024-11-30 15:01:03,237 [719b1c3f-249c-457a-8743-b06328301a87-groupManagement] INFO  server.RaftServerConfigKeys (ConfUtils.java:logGet(46)) - raft.server.rpc.timeout.min = 5s (custom)
2024-11-30 15:01:03,237 [719b1c3f-249c-457a-8743-b06328301a87-groupManagement] INFO  server.RaftServerConfigKeys (ConfUtils.java:logGet(46)) - raft.server.rpc.timeout.max = 5200ms (custom)
2024-11-30 15:01:03,237 [719b1c3f-249c-457a-8743-b06328301a87-groupManagement] INFO  server.RaftServerConfigKeys (ConfUtils.java:logGet(46)) - raft.server.rpc.sleep.time = 25ms (default)
2024-11-30 15:01:03,237 [719b1c3f-249c-457a-8743-b06328301a87-groupManagement] INFO  server.RaftServerConfigKeys (ConfUtils.java:logGet(46)) - raft.server.rpc.slowness.timeout = 300000ms (custom)
2024-11-30 15:01:03,237 [719b1c3f-249c-457a-8743-b06328301a87-groupManagement] INFO  server.RaftServerConfigKeys (ConfUtils.java:logGet(46)) - raft.server.leaderelection.leader.step-down.wait-time = 10s (default)
2024-11-30 15:01:03,237 [719b1c3f-249c-457a-8743-b06328301a87-groupManagement] INFO  server.RaftServerConfigKeys (ConfUtils.java:logGet(46)) - raft.server.leaderelection.member.majority-add = false (default)
2024-11-30 15:01:03,237 [719b1c3f-249c-457a-8743-b06328301a87-groupManagement] INFO  server.RaftServerConfigKeys (ConfUtils.java:logGet(46)) - raft.server.sleep.deviation.threshold = 300ms (default)
2024-11-30 15:01:03,237 [719b1c3f-249c-457a-8743-b06328301a87-groupManagement] INFO  server.RaftServer$Division (ServerState.java:<init>(114)) - 719b1c3f-249c-457a-8743-b06328301a87@group-881FFCB406EE: ConfigurationManager, init=conf: {index: -1, cur=peers:[719b1c3f-249c-457a-8743-b06328301a87|127.0.0.1:15171, af7ee296-5066-44e3-a94d-aaeda09020f2|127.0.0.1:15189, d57daabc-8d0b-4ea3-831e-cde13ca8d1d7|127.0.0.1:15180]|listeners:[], old=null}, confs=<EMPTY_MAP>
2024-11-30 15:01:03,238 [719b1c3f-249c-457a-8743-b06328301a87-groupManagement] INFO  server.RaftServerConfigKeys (ConfUtils.java:logGet(46)) - raft.server.notification.no-leader.timeout = 300000ms (custom)
2024-11-30 15:01:03,238 [719b1c3f-249c-457a-8743-b06328301a87-groupManagement] INFO  server.RaftServerConfigKeys (ConfUtils.java:logGet(46)) - raft.server.read.timeout = 10s (default)
2024-11-30 15:01:03,238 [719b1c3f-249c-457a-8743-b06328301a87-groupManagement] INFO  server.RaftServerConfigKeys (ConfUtils.java:logGet(46)) - raft.server.retrycache.expirytime = 600000ms (custom)
2024-11-30 15:01:03,238 [719b1c3f-249c-457a-8743-b06328301a87-groupManagement] INFO  server.RaftServerConfigKeys (ConfUtils.java:logGet(46)) - raft.server.retrycache.statistics.expirytime = 100ms (default)
2024-11-30 15:01:03,238 [719b1c3f-249c-457a-8743-b06328301a87-groupManagement] INFO  server.RaftServerConfigKeys (ConfUtils.java:logGet(46)) - raft.server.read.option = DEFAULT (default)
2024-11-30 15:01:03,238 [719b1c3f-249c-457a-8743-b06328301a87-groupManagement] INFO  server.RaftServerConfigKeys (ConfUtils.java:logGet(46)) - raft.server.read.read-after-write-consistent.write-index-cache.expiry-time = 60s (default)
2024-11-30 15:01:03,239 [719b1c3f-249c-457a-8743-b06328301a87-groupManagement] INFO  server.RaftServerConfigKeys (ConfUtils.java:logGet(46)) - raft.server.rpc.request.timeout = 3000ms (default)
2024-11-30 15:01:03,239 [719b1c3f-249c-457a-8743-b06328301a87-groupManagement] INFO  server.RaftServerConfigKeys (ConfUtils.java:logGet(46)) - raft.server.log.appender.install.snapshot.enabled = false (custom)
2024-11-30 15:01:03,239 [719b1c3f-249c-457a-8743-b06328301a87-groupManagement] INFO  server.RaftServerConfigKeys (ConfUtils.java:logGet(46)) - raft.server.threadpool.server.cached = true (default)
2024-11-30 15:01:03,239 [719b1c3f-249c-457a-8743-b06328301a87-groupManagement] INFO  server.RaftServerConfigKeys (ConfUtils.java:logGet(46)) - raft.server.threadpool.server.size = 0 (default)
2024-11-30 15:01:03,239 [719b1c3f-249c-457a-8743-b06328301a87-groupManagement] INFO  server.RaftServerConfigKeys (ConfUtils.java:logGet(46)) - raft.server.threadpool.client.cached = true (default)
2024-11-30 15:01:03,239 [719b1c3f-249c-457a-8743-b06328301a87-groupManagement] INFO  server.RaftServerConfigKeys (ConfUtils.java:logGet(46)) - raft.server.threadpool.client.size = 0 (default)
2024-11-30 15:01:03,239 [719b1c3f-249c-457a-8743-b06328301a87-groupManagement] INFO  server.RaftServerConfigKeys (ConfUtils.java:logGet(46)) - raft.server.storage.free-space.min = 0MB (=0) (default)
2024-11-30 15:01:03,239 [719b1c3f-249c-457a-8743-b06328301a87-groupManagement] INFO  server.RaftServerConfigKeys (ConfUtils.java:logGet(46)) - raft.server.log.corruption.policy = EXCEPTION (default)
2024-11-30 15:01:03,239 [719b1c3f-249c-457a-8743-b06328301a87-groupManagement] INFO  server.RaftServerConfigKeys (ConfUtils.java:logGet(46)) - raft.server.storage.dir = [/home/runner/work/ozone/ozone/hadoop-ozone/integration-test/target/test-dir/MiniOzoneClusterImpl-e985cbf7-8b64-4e7c-b64c-74e6afbb48f1/ozone-meta/datanode-1/ratis] (custom)
2024-11-30 15:01:03,240 [719b1c3f-249c-457a-8743-b06328301a87-groupManagement] INFO  storage.RaftStorageDirectory (RaftStorageDirectoryImpl.java:analyzeStorage(138)) - The storage directory /home/runner/work/ozone/ozone/hadoop-ozone/integration-test/target/test-dir/MiniOzoneClusterImpl-e985cbf7-8b64-4e7c-b64c-74e6afbb48f1/ozone-meta/datanode-1/ratis/8cbe2343-485f-4a35-b27e-881ffcb406ee does not exist. Creating ...
2024-11-30 15:01:03,241 [719b1c3f-249c-457a-8743-b06328301a87-groupManagement] INFO  storage.RaftStorageDirectory (RaftStorageDirectoryImpl.java:tryLock(229)) - Lock on /home/runner/work/ozone/ozone/hadoop-ozone/integration-test/target/test-dir/MiniOzoneClusterImpl-e985cbf7-8b64-4e7c-b64c-74e6afbb48f1/ozone-meta/datanode-1/ratis/8cbe2343-485f-4a35-b27e-881ffcb406ee/in_use.lock acquired by nodename 75062@fv-az1244-86
2024-11-30 15:01:03,242 [719b1c3f-249c-457a-8743-b06328301a87-groupManagement] INFO  storage.RaftStorage (RaftStorageImpl.java:format(98)) - Storage directory /home/runner/work/ozone/ozone/hadoop-ozone/integration-test/target/test-dir/MiniOzoneClusterImpl-e985cbf7-8b64-4e7c-b64c-74e6afbb48f1/ozone-meta/datanode-1/ratis/8cbe2343-485f-4a35-b27e-881ffcb406ee has been successfully formatted.
2024-11-30 15:01:03,242 [719b1c3f-249c-457a-8743-b06328301a87-groupManagement] INFO  ratis.ContainerStateMachine (ContainerStateMachine.java:initialize(302)) - 719b1c3f-249c-457a-8743-b06328301a87: initialize group-881FFCB406EE
2024-11-30 15:01:03,243 [719b1c3f-249c-457a-8743-b06328301a87-groupManagement] INFO  ratis.ContainerStateMachine (ContainerStateMachine.java:loadSnapshot(310)) - group-881FFCB406EE: The snapshot info is null. Setting the last applied index to:(t:0, i:~)
2024-11-30 15:01:03,243 [719b1c3f-249c-457a-8743-b06328301a87-groupManagement] INFO  server.RaftServerConfigKeys (ConfUtils.java:logGet(46)) - raft.server.log.use.memory = false (default)
2024-11-30 15:01:03,243 [719b1c3f-249c-457a-8743-b06328301a87-groupManagement] INFO  server.RaftServerConfigKeys (ConfUtils.java:logGet(46)) - raft.server.log.purge.gap = 1000000 (custom)
2024-11-30 15:01:03,243 [719b1c3f-249c-457a-8743-b06328301a87-groupManagement] INFO  server.RaftServerConfigKeys (ConfUtils.java:logGet(46)) - raft.server.log.appender.buffer.byte-limit = 33554432 (custom)
2024-11-30 15:01:03,243 [719b1c3f-249c-457a-8743-b06328301a87-groupManagement] INFO  server.RaftServerConfigKeys (ConfUtils.java:logGet(46)) - raft.server.log.statemachine.data.read.timeout = 1000ms (default)
2024-11-30 15:01:03,243 [719b1c3f-249c-457a-8743-b06328301a87-groupManagement] INFO  server.RaftServerConfigKeys (ConfUtils.java:logGet(46)) - raft.server.log.purge.preservation.log.num = 0 (default)
2024-11-30 15:01:03,244 [719b1c3f-249c-457a-8743-b06328301a87-groupManagement] INFO  server.RaftServerConfigKeys (ConfUtils.java:logGet(46)) - raft.server.log.segment.size.max = 67108864 (custom)
2024-11-30 15:01:03,244 [EventQueue-OpenPipelineForHealthyPipelineSafeModeRule] INFO  safemode.SCMSafeModeManager (HealthyPipelineSafeModeRule.java:process(140)) - SCM in safe mode. Healthy pipelines reported count is 0, required healthy pipeline reported count is 1
2024-11-30 15:01:03,244 [719b1c3f-249c-457a-8743-b06328301a87-groupManagement] INFO  server.RaftServerConfigKeys (ConfUtils.java:logGet(46)) - raft.server.log.segment.cache.num.max = 2 (custom)
2024-11-30 15:01:03,244 [719b1c3f-249c-457a-8743-b06328301a87-groupManagement] INFO  server.RaftServerConfigKeys (ConfUtils.java:logGet(46)) - raft.server.log.segment.cache.size.max = 200MB (=209715200) (default)
2024-11-30 15:01:03,244 [719b1c3f-249c-457a-8743-b06328301a87-groupManagement] INFO  server.RaftServerConfigKeys (ConfUtils.java:logGet(46)) - raft.server.log.appender.buffer.byte-limit = 33554432 (custom)
2024-11-30 15:01:03,244 [719b1c3f-249c-457a-8743-b06328301a87-groupManagement] INFO  util.AwaitToRun (AwaitToRun.java:start(81)) - Thread[719b1c3f-249c-457a-8743-b06328301a87@group-881FFCB406EE-cacheEviction-AwaitToRun,5,main] started
2024-11-30 15:01:03,244 [719b1c3f-249c-457a-8743-b06328301a87-groupManagement] INFO  segmented.SegmentedRaftLogWorker (SegmentedRaftLogWorker.java:<init>(188)) - new 719b1c3f-249c-457a-8743-b06328301a87@group-881FFCB406EE-SegmentedRaftLogWorker for RaftStorageImpl:Storage Directory /home/runner/work/ozone/ozone/hadoop-ozone/integration-test/target/test-dir/MiniOzoneClusterImpl-e985cbf7-8b64-4e7c-b64c-74e6afbb48f1/ozone-meta/datanode-1/ratis/8cbe2343-485f-4a35-b27e-881ffcb406ee
2024-11-30 15:01:03,244 [719b1c3f-249c-457a-8743-b06328301a87-groupManagement] INFO  server.RaftServerConfigKeys (ConfUtils.java:logGet(46)) - raft.server.log.queue.byte-limit = 4294967296 (custom)
2024-11-30 15:01:03,244 [719b1c3f-249c-457a-8743-b06328301a87-groupManagement] INFO  server.RaftServerConfigKeys (ConfUtils.java:logGet(46)) - raft.server.log.queue.element-limit = 1024 (custom)
2024-11-30 15:01:03,244 [719b1c3f-249c-457a-8743-b06328301a87-groupManagement] INFO  server.RaftServerConfigKeys (ConfUtils.java:logGet(46)) - raft.server.log.segment.size.max = 67108864 (custom)
2024-11-30 15:01:03,244 [719b1c3f-249c-457a-8743-b06328301a87-groupManagement] INFO  server.RaftServerConfigKeys (ConfUtils.java:logGet(46)) - raft.server.log.preallocated.size = 4194304 (custom)
2024-11-30 15:01:03,244 [719b1c3f-249c-457a-8743-b06328301a87-groupManagement] INFO  server.RaftServerConfigKeys (ConfUtils.java:logGet(46)) - raft.server.log.force.sync.num = 128 (default)
2024-11-30 15:01:03,244 [719b1c3f-249c-457a-8743-b06328301a87-groupManagement] INFO  server.RaftServerConfigKeys (ConfUtils.java:logGet(46)) - raft.server.log.statemachine.data.sync = true (default)
2024-11-30 15:01:03,245 [719b1c3f-249c-457a-8743-b06328301a87-groupManagement] INFO  server.RaftServerConfigKeys (ConfUtils.java:logGet(46)) - raft.server.log.statemachine.data.sync.timeout = 10s (default)
2024-11-30 15:01:03,245 [719b1c3f-249c-457a-8743-b06328301a87-groupManagement] INFO  server.RaftServerConfigKeys (ConfUtils.java:logGet(46)) - raft.server.log.statemachine.data.sync.timeout.retry = 30 (custom)
2024-11-30 15:01:03,245 [719b1c3f-249c-457a-8743-b06328301a87-groupManagement] INFO  server.RaftServerConfigKeys (ConfUtils.java:logGet(46)) - raft.server.log.write.buffer.size = 33554440 (custom)
2024-11-30 15:01:03,249 [719b1c3f-249c-457a-8743-b06328301a87-groupManagement] INFO  server.RaftServerConfigKeys (ConfUtils.java:logGet(46)) - raft.server.log.appender.buffer.byte-limit = 33554432 (custom)
2024-11-30 15:01:03,250 [719b1c3f-249c-457a-8743-b06328301a87-groupManagement] INFO  server.RaftServerConfigKeys (ConfUtils.java:logGet(46)) - raft.server.log.unsafe-flush.enabled = false (default)
2024-11-30 15:01:03,250 [719b1c3f-249c-457a-8743-b06328301a87-groupManagement] INFO  server.RaftServerConfigKeys (ConfUtils.java:logGet(46)) - raft.server.log.async-flush.enabled = false (default)
2024-11-30 15:01:03,250 [719b1c3f-249c-457a-8743-b06328301a87-groupManagement] INFO  server.RaftServerConfigKeys (ConfUtils.java:logGet(46)) - raft.server.log.statemachine.data.caching.enabled = true (custom)
2024-11-30 15:01:03,250 [719b1c3f-249c-457a-8743-b06328301a87-groupManagement] INFO  segmented.SegmentedRaftLogWorker (SegmentedRaftLogWorker.java:lambda$new$0(139)) - 719b1c3f-249c-457a-8743-b06328301a87@group-881FFCB406EE-SegmentedRaftLogWorker: flushIndex: setUnconditionally 0 -> -1
2024-11-30 15:01:03,250 [719b1c3f-249c-457a-8743-b06328301a87-groupManagement] INFO  segmented.SegmentedRaftLogWorker (SegmentedRaftLogWorker.java:lambda$new$0(139)) - 719b1c3f-249c-457a-8743-b06328301a87@group-881FFCB406EE-SegmentedRaftLogWorker: safeCacheEvictIndex: setUnconditionally 0 -> -1
2024-11-30 15:01:03,250 [719b1c3f-249c-457a-8743-b06328301a87-groupManagement] INFO  server.RaftServer$Division (RaftServerImpl.java:start(391)) - 719b1c3f-249c-457a-8743-b06328301a87@group-881FFCB406EE: start as a follower, conf=conf: {index: -1, cur=peers:[719b1c3f-249c-457a-8743-b06328301a87|127.0.0.1:15171, af7ee296-5066-44e3-a94d-aaeda09020f2|127.0.0.1:15189, d57daabc-8d0b-4ea3-831e-cde13ca8d1d7|127.0.0.1:15180]|listeners:[], old=null}
2024-11-30 15:01:03,250 [719b1c3f-249c-457a-8743-b06328301a87-groupManagement] INFO  server.RaftServer$Division (RaftServerImpl.java:setRole(378)) - 719b1c3f-249c-457a-8743-b06328301a87@group-881FFCB406EE: changes role from      null to FOLLOWER at term 0 for startAsFollower
2024-11-30 15:01:03,250 [719b1c3f-249c-457a-8743-b06328301a87-groupManagement] INFO  impl.RoleInfo (RoleInfo.java:updateAndGet(148)) - 719b1c3f-249c-457a-8743-b06328301a87: start 719b1c3f-249c-457a-8743-b06328301a87@group-881FFCB406EE-FollowerState
2024-11-30 15:01:03,251 [719b1c3f-249c-457a-8743-b06328301a87-groupManagement] INFO  util.JmxRegister (JmxRegister.java:tryRegister(44)) - Successfully registered JMX Bean with object name Ratis:service=RaftServer,group=group-881FFCB406EE,id=719b1c3f-249c-457a-8743-b06328301a87
2024-11-30 15:01:03,251 [719b1c3f-249c-457a-8743-b06328301a87-groupManagement] INFO  util.JmxRegister (JmxRegister.java:register(58)) - register mxBean class org.apache.ratis.server.impl.RaftServerJmxAdapter as Ratis:service=RaftServer,group=group-881FFCB406EE,id=719b1c3f-249c-457a-8743-b06328301a87
2024-11-30 15:01:03,251 [719b1c3f-249c-457a-8743-b06328301a87-groupManagement] INFO  server.RaftServerConfigKeys (ConfUtils.java:logGet(46)) - raft.server.snapshot.trigger-when-stop.enabled = true (default)
2024-11-30 15:01:03,251 [719b1c3f-249c-457a-8743-b06328301a87-groupManagement] INFO  server.RaftServerConfigKeys (ConfUtils.java:logGet(46)) - raft.server.snapshot.trigger-when-remove.enabled = true (default)
2024-11-30 15:01:03,251 [719b1c3f-249c-457a-8743-b06328301a87-groupManagement] INFO  server.RaftServerConfigKeys (ConfUtils.java:logGet(46)) - raft.server.snapshot.auto.trigger.enabled = true (custom)
2024-11-30 15:01:03,251 [719b1c3f-249c-457a-8743-b06328301a87-groupManagement] INFO  server.RaftServerConfigKeys (ConfUtils.java:logGet(46)) - raft.server.snapshot.auto.trigger.threshold = 100000 (custom)
2024-11-30 15:01:03,251 [719b1c3f-249c-457a-8743-b06328301a87-groupManagement] INFO  server.RaftServerConfigKeys (ConfUtils.java:logGet(46)) - raft.server.snapshot.retention.file.num = 5 (custom)
2024-11-30 15:01:03,251 [719b1c3f-249c-457a-8743-b06328301a87-groupManagement] INFO  server.RaftServerConfigKeys (ConfUtils.java:logGet(46)) - raft.server.log.purge.upto.snapshot.index = false (default)
2024-11-30 15:01:03,251 [719b1c3f-249c-457a-8743-b06328301a87@group-881FFCB406EE-FollowerState] INFO  server.RaftServerConfigKeys (ConfUtils.java:logFallback(53)) - raft.server.rpc.first-election.timeout.min = 5s (fallback to raft.server.rpc.timeout.min)
2024-11-30 15:01:03,251 [719b1c3f-249c-457a-8743-b06328301a87@group-881FFCB406EE-FollowerState] INFO  server.RaftServerConfigKeys (ConfUtils.java:logFallback(53)) - raft.server.rpc.first-election.timeout.max = 5200ms (fallback to raft.server.rpc.timeout.max)
2024-11-30 15:01:03,251 [719b1c3f-249c-457a-8743-b06328301a87-groupManagement] INFO  server.RaftServer$Division (RaftServerImpl.java:start(405)) - 719b1c3f-249c-457a-8743-b06328301a87@group-881FFCB406EE: Successfully started.
2024-11-30 15:01:03,252 [719b1c3f-249c-457a-8743-b06328301a87-PipelineCommandHandlerThread-0] INFO  ratis.XceiverServerRatis (XceiverServerRatis.java:addGroup(844)) - Created group PipelineID=8cbe2343-485f-4a35-b27e-881ffcb406ee
2024-11-30 15:01:03,256 [grpc-default-executor-0] INFO  server.RaftServer (RaftServerProxy.java:addNew(100)) - af7ee296-5066-44e3-a94d-aaeda09020f2: addNew group-881FFCB406EE:[719b1c3f-249c-457a-8743-b06328301a87|127.0.0.1:15171, af7ee296-5066-44e3-a94d-aaeda09020f2|127.0.0.1:15189, d57daabc-8d0b-4ea3-831e-cde13ca8d1d7|127.0.0.1:15180] returns group-881FFCB406EE:java.util.concurrent.CompletableFuture@1080d9ee[Not completed]
2024-11-30 15:01:03,257 [af7ee296-5066-44e3-a94d-aaeda09020f2-groupManagement] INFO  server.RaftServer$Division (RaftServerImpl.java:<init>(255)) - af7ee296-5066-44e3-a94d-aaeda09020f2: new RaftServerImpl for group-881FFCB406EE:[719b1c3f-249c-457a-8743-b06328301a87|127.0.0.1:15171, af7ee296-5066-44e3-a94d-aaeda09020f2|127.0.0.1:15189, d57daabc-8d0b-4ea3-831e-cde13ca8d1d7|127.0.0.1:15180] with ContainerStateMachine:uninitialized
2024-11-30 15:01:03,257 [af7ee296-5066-44e3-a94d-aaeda09020f2-groupManagement] INFO  server.RaftServerConfigKeys (ConfUtils.java:logGet(46)) - raft.server.rpc.timeout.min = 5s (custom)
2024-11-30 15:01:03,257 [af7ee296-5066-44e3-a94d-aaeda09020f2-groupManagement] INFO  server.RaftServerConfigKeys (ConfUtils.java:logGet(46)) - raft.server.rpc.timeout.max = 5200ms (custom)
2024-11-30 15:01:03,257 [af7ee296-5066-44e3-a94d-aaeda09020f2-groupManagement] INFO  server.RaftServerConfigKeys (ConfUtils.java:logGet(46)) - raft.server.rpc.sleep.time = 25ms (default)
2024-11-30 15:01:03,257 [af7ee296-5066-44e3-a94d-aaeda09020f2-groupManagement] INFO  server.RaftServerConfigKeys (ConfUtils.java:logGet(46)) - raft.server.rpc.slowness.timeout = 300000ms (custom)
2024-11-30 15:01:03,257 [af7ee296-5066-44e3-a94d-aaeda09020f2-groupManagement] INFO  server.RaftServerConfigKeys (ConfUtils.java:logGet(46)) - raft.server.leaderelection.leader.step-down.wait-time = 10s (default)
2024-11-30 15:01:03,257 [af7ee296-5066-44e3-a94d-aaeda09020f2-groupManagement] INFO  server.RaftServerConfigKeys (ConfUtils.java:logGet(46)) - raft.server.leaderelection.member.majority-add = false (default)
2024-11-30 15:01:03,257 [af7ee296-5066-44e3-a94d-aaeda09020f2-groupManagement] INFO  server.RaftServerConfigKeys (ConfUtils.java:logGet(46)) - raft.server.sleep.deviation.threshold = 300ms (default)
2024-11-30 15:01:03,257 [af7ee296-5066-44e3-a94d-aaeda09020f2-groupManagement] INFO  server.RaftServer$Division (ServerState.java:<init>(114)) - af7ee296-5066-44e3-a94d-aaeda09020f2@group-881FFCB406EE: ConfigurationManager, init=conf: {index: -1, cur=peers:[719b1c3f-249c-457a-8743-b06328301a87|127.0.0.1:15171, af7ee296-5066-44e3-a94d-aaeda09020f2|127.0.0.1:15189, d57daabc-8d0b-4ea3-831e-cde13ca8d1d7|127.0.0.1:15180]|listeners:[], old=null}, confs=<EMPTY_MAP>
2024-11-30 15:01:03,257 [af7ee296-5066-44e3-a94d-aaeda09020f2-groupManagement] INFO  server.RaftServerConfigKeys (ConfUtils.java:logGet(46)) - raft.server.notification.no-leader.timeout = 300000ms (custom)
2024-11-30 15:01:03,257 [af7ee296-5066-44e3-a94d-aaeda09020f2-groupManagement] INFO  server.RaftServerConfigKeys (ConfUtils.java:logGet(46)) - raft.server.read.timeout = 10s (default)
2024-11-30 15:01:03,257 [af7ee296-5066-44e3-a94d-aaeda09020f2-groupManagement] INFO  server.RaftServerConfigKeys (ConfUtils.java:logGet(46)) - raft.server.retrycache.expirytime = 600000ms (custom)
2024-11-30 15:01:03,257 [af7ee296-5066-44e3-a94d-aaeda09020f2-groupManagement] INFO  server.RaftServerConfigKeys (ConfUtils.java:logGet(46)) - raft.server.retrycache.statistics.expirytime = 100ms (default)
2024-11-30 15:01:03,257 [af7ee296-5066-44e3-a94d-aaeda09020f2-groupManagement] INFO  server.RaftServerConfigKeys (ConfUtils.java:logGet(46)) - raft.server.read.option = DEFAULT (default)
2024-11-30 15:01:03,257 [af7ee296-5066-44e3-a94d-aaeda09020f2-groupManagement] INFO  server.RaftServerConfigKeys (ConfUtils.java:logGet(46)) - raft.server.read.read-after-write-consistent.write-index-cache.expiry-time = 60s (default)
2024-11-30 15:01:03,259 [af7ee296-5066-44e3-a94d-aaeda09020f2-groupManagement] INFO  server.RaftServerConfigKeys (ConfUtils.java:logGet(46)) - raft.server.rpc.request.timeout = 3000ms (default)
2024-11-30 15:01:03,259 [af7ee296-5066-44e3-a94d-aaeda09020f2-groupManagement] INFO  server.RaftServerConfigKeys (ConfUtils.java:logGet(46)) - raft.server.log.appender.install.snapshot.enabled = false (custom)
2024-11-30 15:01:03,259 [af7ee296-5066-44e3-a94d-aaeda09020f2-groupManagement] INFO  server.RaftServerConfigKeys (ConfUtils.java:logGet(46)) - raft.server.threadpool.server.cached = true (default)
2024-11-30 15:01:03,259 [af7ee296-5066-44e3-a94d-aaeda09020f2-groupManagement] INFO  server.RaftServerConfigKeys (ConfUtils.java:logGet(46)) - raft.server.threadpool.server.size = 0 (default)
2024-11-30 15:01:03,259 [af7ee296-5066-44e3-a94d-aaeda09020f2-groupManagement] INFO  server.RaftServerConfigKeys (ConfUtils.java:logGet(46)) - raft.server.threadpool.client.cached = true (default)
2024-11-30 15:01:03,259 [af7ee296-5066-44e3-a94d-aaeda09020f2-groupManagement] INFO  server.RaftServerConfigKeys (ConfUtils.java:logGet(46)) - raft.server.threadpool.client.size = 0 (default)
2024-11-30 15:01:03,259 [af7ee296-5066-44e3-a94d-aaeda09020f2-groupManagement] INFO  server.RaftServerConfigKeys (ConfUtils.java:logGet(46)) - raft.server.storage.free-space.min = 0MB (=0) (default)
2024-11-30 15:01:03,259 [af7ee296-5066-44e3-a94d-aaeda09020f2-groupManagement] INFO  server.RaftServerConfigKeys (ConfUtils.java:logGet(46)) - raft.server.log.corruption.policy = EXCEPTION (default)
2024-11-30 15:01:03,259 [af7ee296-5066-44e3-a94d-aaeda09020f2-groupManagement] INFO  server.RaftServerConfigKeys (ConfUtils.java:logGet(46)) - raft.server.storage.dir = [/home/runner/work/ozone/ozone/hadoop-ozone/integration-test/target/test-dir/MiniOzoneClusterImpl-e985cbf7-8b64-4e7c-b64c-74e6afbb48f1/ozone-meta/datanode-3/ratis] (custom)
2024-11-30 15:01:03,260 [af7ee296-5066-44e3-a94d-aaeda09020f2-groupManagement] INFO  storage.RaftStorageDirectory (RaftStorageDirectoryImpl.java:analyzeStorage(138)) - The storage directory /home/runner/work/ozone/ozone/hadoop-ozone/integration-test/target/test-dir/MiniOzoneClusterImpl-e985cbf7-8b64-4e7c-b64c-74e6afbb48f1/ozone-meta/datanode-3/ratis/8cbe2343-485f-4a35-b27e-881ffcb406ee does not exist. Creating ...
2024-11-30 15:01:03,261 [af7ee296-5066-44e3-a94d-aaeda09020f2-groupManagement] INFO  storage.RaftStorageDirectory (RaftStorageDirectoryImpl.java:tryLock(229)) - Lock on /home/runner/work/ozone/ozone/hadoop-ozone/integration-test/target/test-dir/MiniOzoneClusterImpl-e985cbf7-8b64-4e7c-b64c-74e6afbb48f1/ozone-meta/datanode-3/ratis/8cbe2343-485f-4a35-b27e-881ffcb406ee/in_use.lock acquired by nodename 75062@fv-az1244-86
2024-11-30 15:01:03,262 [af7ee296-5066-44e3-a94d-aaeda09020f2-groupManagement] INFO  storage.RaftStorage (RaftStorageImpl.java:format(98)) - Storage directory /home/runner/work/ozone/ozone/hadoop-ozone/integration-test/target/test-dir/MiniOzoneClusterImpl-e985cbf7-8b64-4e7c-b64c-74e6afbb48f1/ozone-meta/datanode-3/ratis/8cbe2343-485f-4a35-b27e-881ffcb406ee has been successfully formatted.
2024-11-30 15:01:03,262 [af7ee296-5066-44e3-a94d-aaeda09020f2-groupManagement] INFO  ratis.ContainerStateMachine (ContainerStateMachine.java:initialize(302)) - af7ee296-5066-44e3-a94d-aaeda09020f2: initialize group-881FFCB406EE
2024-11-30 15:01:03,262 [af7ee296-5066-44e3-a94d-aaeda09020f2-groupManagement] INFO  ratis.ContainerStateMachine (ContainerStateMachine.java:loadSnapshot(310)) - group-881FFCB406EE: The snapshot info is null. Setting the last applied index to:(t:0, i:~)
2024-11-30 15:01:03,262 [af7ee296-5066-44e3-a94d-aaeda09020f2-groupManagement] INFO  server.RaftServerConfigKeys (ConfUtils.java:logGet(46)) - raft.server.log.use.memory = false (default)
2024-11-30 15:01:03,263 [af7ee296-5066-44e3-a94d-aaeda09020f2-groupManagement] INFO  server.RaftServerConfigKeys (ConfUtils.java:logGet(46)) - raft.server.log.purge.gap = 1000000 (custom)
2024-11-30 15:01:03,263 [af7ee296-5066-44e3-a94d-aaeda09020f2-groupManagement] INFO  server.RaftServerConfigKeys (ConfUtils.java:logGet(46)) - raft.server.log.appender.buffer.byte-limit = 33554432 (custom)
2024-11-30 15:01:03,263 [af7ee296-5066-44e3-a94d-aaeda09020f2-groupManagement] INFO  server.RaftServerConfigKeys (ConfUtils.java:logGet(46)) - raft.server.log.statemachine.data.read.timeout = 1000ms (default)
2024-11-30 15:01:03,263 [af7ee296-5066-44e3-a94d-aaeda09020f2-groupManagement] INFO  server.RaftServerConfigKeys (ConfUtils.java:logGet(46)) - raft.server.log.purge.preservation.log.num = 0 (default)
2024-11-30 15:01:03,264 [af7ee296-5066-44e3-a94d-aaeda09020f2-groupManagement] INFO  server.RaftServerConfigKeys (ConfUtils.java:logGet(46)) - raft.server.log.segment.size.max = 67108864 (custom)
2024-11-30 15:01:03,264 [af7ee296-5066-44e3-a94d-aaeda09020f2-groupManagement] INFO  server.RaftServerConfigKeys (ConfUtils.java:logGet(46)) - raft.server.log.segment.cache.num.max = 2 (custom)
2024-11-30 15:01:03,264 [af7ee296-5066-44e3-a94d-aaeda09020f2-groupManagement] INFO  server.RaftServerConfigKeys (ConfUtils.java:logGet(46)) - raft.server.log.segment.cache.size.max = 200MB (=209715200) (default)
2024-11-30 15:01:03,264 [af7ee296-5066-44e3-a94d-aaeda09020f2-groupManagement] INFO  server.RaftServerConfigKeys (ConfUtils.java:logGet(46)) - raft.server.log.appender.buffer.byte-limit = 33554432 (custom)
2024-11-30 15:01:03,265 [af7ee296-5066-44e3-a94d-aaeda09020f2-groupManagement] INFO  util.AwaitToRun (AwaitToRun.java:start(81)) - Thread[af7ee296-5066-44e3-a94d-aaeda09020f2@group-881FFCB406EE-cacheEviction-AwaitToRun,5,main] started
2024-11-30 15:01:03,265 [af7ee296-5066-44e3-a94d-aaeda09020f2-groupManagement] INFO  segmented.SegmentedRaftLogWorker (SegmentedRaftLogWorker.java:<init>(188)) - new af7ee296-5066-44e3-a94d-aaeda09020f2@group-881FFCB406EE-SegmentedRaftLogWorker for RaftStorageImpl:Storage Directory /home/runner/work/ozone/ozone/hadoop-ozone/integration-test/target/test-dir/MiniOzoneClusterImpl-e985cbf7-8b64-4e7c-b64c-74e6afbb48f1/ozone-meta/datanode-3/ratis/8cbe2343-485f-4a35-b27e-881ffcb406ee
2024-11-30 15:01:03,265 [af7ee296-5066-44e3-a94d-aaeda09020f2-groupManagement] INFO  server.RaftServerConfigKeys (ConfUtils.java:logGet(46)) - raft.server.log.queue.byte-limit = 4294967296 (custom)
2024-11-30 15:01:03,265 [af7ee296-5066-44e3-a94d-aaeda09020f2-groupManagement] INFO  server.RaftServerConfigKeys (ConfUtils.java:logGet(46)) - raft.server.log.queue.element-limit = 1024 (custom)
2024-11-30 15:01:03,265 [af7ee296-5066-44e3-a94d-aaeda09020f2-groupManagement] INFO  server.RaftServerConfigKeys (ConfUtils.java:logGet(46)) - raft.server.log.segment.size.max = 67108864 (custom)
2024-11-30 15:01:03,265 [af7ee296-5066-44e3-a94d-aaeda09020f2-groupManagement] INFO  server.RaftServerConfigKeys (ConfUtils.java:logGet(46)) - raft.server.log.preallocated.size = 4194304 (custom)
2024-11-30 15:01:03,265 [af7ee296-5066-44e3-a94d-aaeda09020f2-groupManagement] INFO  server.RaftServerConfigKeys (ConfUtils.java:logGet(46)) - raft.server.log.force.sync.num = 128 (default)
2024-11-30 15:01:03,265 [af7ee296-5066-44e3-a94d-aaeda09020f2-groupManagement] INFO  server.RaftServerConfigKeys (ConfUtils.java:logGet(46)) - raft.server.log.statemachine.data.sync = true (default)
2024-11-30 15:01:03,265 [af7ee296-5066-44e3-a94d-aaeda09020f2-groupManagement] INFO  server.RaftServerConfigKeys (ConfUtils.java:logGet(46)) - raft.server.log.statemachine.data.sync.timeout = 10s (default)
2024-11-30 15:01:03,265 [af7ee296-5066-44e3-a94d-aaeda09020f2-groupManagement] INFO  server.RaftServerConfigKeys (ConfUtils.java:logGet(46)) - raft.server.log.statemachine.data.sync.timeout.retry = 30 (custom)
2024-11-30 15:01:03,265 [af7ee296-5066-44e3-a94d-aaeda09020f2-groupManagement] INFO  server.RaftServerConfigKeys (ConfUtils.java:logGet(46)) - raft.server.log.write.buffer.size = 33554440 (custom)
2024-11-30 15:01:03,270 [af7ee296-5066-44e3-a94d-aaeda09020f2-groupManagement] INFO  server.RaftServerConfigKeys (ConfUtils.java:logGet(46)) - raft.server.log.appender.buffer.byte-limit = 33554432 (custom)
2024-11-30 15:01:03,271 [af7ee296-5066-44e3-a94d-aaeda09020f2-groupManagement] INFO  server.RaftServerConfigKeys (ConfUtils.java:logGet(46)) - raft.server.log.unsafe-flush.enabled = false (default)
2024-11-30 15:01:03,271 [af7ee296-5066-44e3-a94d-aaeda09020f2-groupManagement] INFO  server.RaftServerConfigKeys (ConfUtils.java:logGet(46)) - raft.server.log.async-flush.enabled = false (default)
2024-11-30 15:01:03,271 [af7ee296-5066-44e3-a94d-aaeda09020f2-groupManagement] INFO  server.RaftServerConfigKeys (ConfUtils.java:logGet(46)) - raft.server.log.statemachine.data.caching.enabled = true (custom)
2024-11-30 15:01:03,271 [af7ee296-5066-44e3-a94d-aaeda09020f2-groupManagement] INFO  segmented.SegmentedRaftLogWorker (SegmentedRaftLogWorker.java:lambda$new$0(139)) - af7ee296-5066-44e3-a94d-aaeda09020f2@group-881FFCB406EE-SegmentedRaftLogWorker: flushIndex: setUnconditionally 0 -> -1
2024-11-30 15:01:03,271 [af7ee296-5066-44e3-a94d-aaeda09020f2-groupManagement] INFO  segmented.SegmentedRaftLogWorker (SegmentedRaftLogWorker.java:lambda$new$0(139)) - af7ee296-5066-44e3-a94d-aaeda09020f2@group-881FFCB406EE-SegmentedRaftLogWorker: safeCacheEvictIndex: setUnconditionally 0 -> -1
2024-11-30 15:01:03,271 [af7ee296-5066-44e3-a94d-aaeda09020f2-groupManagement] INFO  server.RaftServer$Division (RaftServerImpl.java:start(391)) - af7ee296-5066-44e3-a94d-aaeda09020f2@group-881FFCB406EE: start as a follower, conf=conf: {index: -1, cur=peers:[719b1c3f-249c-457a-8743-b06328301a87|127.0.0.1:15171, af7ee296-5066-44e3-a94d-aaeda09020f2|127.0.0.1:15189, d57daabc-8d0b-4ea3-831e-cde13ca8d1d7|127.0.0.1:15180]|listeners:[], old=null}
2024-11-30 15:01:03,271 [af7ee296-5066-44e3-a94d-aaeda09020f2-groupManagement] INFO  server.RaftServer$Division (RaftServerImpl.java:setRole(378)) - af7ee296-5066-44e3-a94d-aaeda09020f2@group-881FFCB406EE: changes role from      null to FOLLOWER at term 0 for startAsFollower
2024-11-30 15:01:03,271 [af7ee296-5066-44e3-a94d-aaeda09020f2-groupManagement] INFO  impl.RoleInfo (RoleInfo.java:updateAndGet(148)) - af7ee296-5066-44e3-a94d-aaeda09020f2: start af7ee296-5066-44e3-a94d-aaeda09020f2@group-881FFCB406EE-FollowerState
2024-11-30 15:01:03,272 [af7ee296-5066-44e3-a94d-aaeda09020f2@group-881FFCB406EE-FollowerState] INFO  server.RaftServerConfigKeys (ConfUtils.java:logFallback(53)) - raft.server.rpc.first-election.timeout.min = 5s (fallback to raft.server.rpc.timeout.min)
2024-11-30 15:01:03,272 [af7ee296-5066-44e3-a94d-aaeda09020f2-groupManagement] INFO  util.JmxRegister (JmxRegister.java:tryRegister(44)) - Successfully registered JMX Bean with object name Ratis:service=RaftServer,group=group-881FFCB406EE,id=af7ee296-5066-44e3-a94d-aaeda09020f2
2024-11-30 15:01:03,272 [af7ee296-5066-44e3-a94d-aaeda09020f2-groupManagement] INFO  util.JmxRegister (JmxRegister.java:register(58)) - register mxBean class org.apache.ratis.server.impl.RaftServerJmxAdapter as Ratis:service=RaftServer,group=group-881FFCB406EE,id=af7ee296-5066-44e3-a94d-aaeda09020f2
2024-11-30 15:01:03,272 [af7ee296-5066-44e3-a94d-aaeda09020f2-groupManagement] INFO  server.RaftServerConfigKeys (ConfUtils.java:logGet(46)) - raft.server.snapshot.trigger-when-stop.enabled = true (default)
2024-11-30 15:01:03,272 [af7ee296-5066-44e3-a94d-aaeda09020f2-groupManagement] INFO  server.RaftServerConfigKeys (ConfUtils.java:logGet(46)) - raft.server.snapshot.trigger-when-remove.enabled = true (default)
2024-11-30 15:01:03,272 [af7ee296-5066-44e3-a94d-aaeda09020f2-groupManagement] INFO  server.RaftServerConfigKeys (ConfUtils.java:logGet(46)) - raft.server.snapshot.auto.trigger.enabled = true (custom)
2024-11-30 15:01:03,272 [af7ee296-5066-44e3-a94d-aaeda09020f2-groupManagement] INFO  server.RaftServerConfigKeys (ConfUtils.java:logGet(46)) - raft.server.snapshot.auto.trigger.threshold = 100000 (custom)
2024-11-30 15:01:03,272 [af7ee296-5066-44e3-a94d-aaeda09020f2-groupManagement] INFO  server.RaftServerConfigKeys (ConfUtils.java:logGet(46)) - raft.server.snapshot.retention.file.num = 5 (custom)
2024-11-30 15:01:03,272 [af7ee296-5066-44e3-a94d-aaeda09020f2-groupManagement] INFO  server.RaftServerConfigKeys (ConfUtils.java:logGet(46)) - raft.server.log.purge.upto.snapshot.index = false (default)
2024-11-30 15:01:03,272 [af7ee296-5066-44e3-a94d-aaeda09020f2@group-881FFCB406EE-FollowerState] INFO  server.RaftServerConfigKeys (ConfUtils.java:logFallback(53)) - raft.server.rpc.first-election.timeout.max = 5200ms (fallback to raft.server.rpc.timeout.max)
2024-11-30 15:01:03,273 [af7ee296-5066-44e3-a94d-aaeda09020f2-groupManagement] INFO  server.RaftServer$Division (RaftServerImpl.java:start(405)) - af7ee296-5066-44e3-a94d-aaeda09020f2@group-881FFCB406EE: Successfully started.
2024-11-30 15:01:03,279 [grpc-default-executor-0] INFO  server.RaftServer (RaftServerProxy.java:addNew(100)) - d57daabc-8d0b-4ea3-831e-cde13ca8d1d7: addNew group-881FFCB406EE:[719b1c3f-249c-457a-8743-b06328301a87|127.0.0.1:15171, af7ee296-5066-44e3-a94d-aaeda09020f2|127.0.0.1:15189, d57daabc-8d0b-4ea3-831e-cde13ca8d1d7|127.0.0.1:15180] returns group-881FFCB406EE:java.util.concurrent.CompletableFuture@31ab7abf[Not completed]
2024-11-30 15:01:03,280 [d57daabc-8d0b-4ea3-831e-cde13ca8d1d7-groupManagement] INFO  server.RaftServer$Division (RaftServerImpl.java:<init>(255)) - d57daabc-8d0b-4ea3-831e-cde13ca8d1d7: new RaftServerImpl for group-881FFCB406EE:[719b1c3f-249c-457a-8743-b06328301a87|127.0.0.1:15171, af7ee296-5066-44e3-a94d-aaeda09020f2|127.0.0.1:15189, d57daabc-8d0b-4ea3-831e-cde13ca8d1d7|127.0.0.1:15180] with ContainerStateMachine:uninitialized
2024-11-30 15:01:03,280 [d57daabc-8d0b-4ea3-831e-cde13ca8d1d7-groupManagement] INFO  server.RaftServerConfigKeys (ConfUtils.java:logGet(46)) - raft.server.rpc.timeout.min = 5s (custom)
2024-11-30 15:01:03,281 [d57daabc-8d0b-4ea3-831e-cde13ca8d1d7-groupManagement] INFO  server.RaftServerConfigKeys (ConfUtils.java:logGet(46)) - raft.server.rpc.timeout.max = 5200ms (custom)
2024-11-30 15:01:03,281 [d57daabc-8d0b-4ea3-831e-cde13ca8d1d7-groupManagement] INFO  server.RaftServerConfigKeys (ConfUtils.java:logGet(46)) - raft.server.rpc.sleep.time = 25ms (default)
2024-11-30 15:01:03,281 [d57daabc-8d0b-4ea3-831e-cde13ca8d1d7-groupManagement] INFO  server.RaftServerConfigKeys (ConfUtils.java:logGet(46)) - raft.server.rpc.slowness.timeout = 300000ms (custom)
2024-11-30 15:01:03,281 [d57daabc-8d0b-4ea3-831e-cde13ca8d1d7-groupManagement] INFO  server.RaftServerConfigKeys (ConfUtils.java:logGet(46)) - raft.server.leaderelection.leader.step-down.wait-time = 10s (default)
2024-11-30 15:01:03,281 [d57daabc-8d0b-4ea3-831e-cde13ca8d1d7-groupManagement] INFO  server.RaftServerConfigKeys (ConfUtils.java:logGet(46)) - raft.server.leaderelection.member.majority-add = false (default)
2024-11-30 15:01:03,281 [d57daabc-8d0b-4ea3-831e-cde13ca8d1d7-groupManagement] INFO  server.RaftServerConfigKeys (ConfUtils.java:logGet(46)) - raft.server.sleep.deviation.threshold = 300ms (default)
2024-11-30 15:01:03,281 [d57daabc-8d0b-4ea3-831e-cde13ca8d1d7-groupManagement] INFO  server.RaftServer$Division (ServerState.java:<init>(114)) - d57daabc-8d0b-4ea3-831e-cde13ca8d1d7@group-881FFCB406EE: ConfigurationManager, init=conf: {index: -1, cur=peers:[719b1c3f-249c-457a-8743-b06328301a87|127.0.0.1:15171, af7ee296-5066-44e3-a94d-aaeda09020f2|127.0.0.1:15189, d57daabc-8d0b-4ea3-831e-cde13ca8d1d7|127.0.0.1:15180]|listeners:[], old=null}, confs=<EMPTY_MAP>
2024-11-30 15:01:03,281 [d57daabc-8d0b-4ea3-831e-cde13ca8d1d7-groupManagement] INFO  server.RaftServerConfigKeys (ConfUtils.java:logGet(46)) - raft.server.notification.no-leader.timeout = 300000ms (custom)
2024-11-30 15:01:03,281 [d57daabc-8d0b-4ea3-831e-cde13ca8d1d7-groupManagement] INFO  server.RaftServerConfigKeys (ConfUtils.java:logGet(46)) - raft.server.read.timeout = 10s (default)
2024-11-30 15:01:03,281 [d57daabc-8d0b-4ea3-831e-cde13ca8d1d7-groupManagement] INFO  server.RaftServerConfigKeys (ConfUtils.java:logGet(46)) - raft.server.retrycache.expirytime = 600000ms (custom)
2024-11-30 15:01:03,281 [d57daabc-8d0b-4ea3-831e-cde13ca8d1d7-groupManagement] INFO  server.RaftServerConfigKeys (ConfUtils.java:logGet(46)) - raft.server.retrycache.statistics.expirytime = 100ms (default)
2024-11-30 15:01:03,281 [d57daabc-8d0b-4ea3-831e-cde13ca8d1d7-groupManagement] INFO  server.RaftServerConfigKeys (ConfUtils.java:logGet(46)) - raft.server.read.option = DEFAULT (default)
2024-11-30 15:01:03,281 [d57daabc-8d0b-4ea3-831e-cde13ca8d1d7-groupManagement] INFO  server.RaftServerConfigKeys (ConfUtils.java:logGet(46)) - raft.server.read.read-after-write-consistent.write-index-cache.expiry-time = 60s (default)
2024-11-30 15:01:03,286 [d57daabc-8d0b-4ea3-831e-cde13ca8d1d7-groupManagement] INFO  server.RaftServerConfigKeys (ConfUtils.java:logGet(46)) - raft.server.rpc.request.timeout = 3000ms (default)
2024-11-30 15:01:03,286 [d57daabc-8d0b-4ea3-831e-cde13ca8d1d7-groupManagement] INFO  server.RaftServerConfigKeys (ConfUtils.java:logGet(46)) - raft.server.log.appender.install.snapshot.enabled = false (custom)
2024-11-30 15:01:03,286 [d57daabc-8d0b-4ea3-831e-cde13ca8d1d7-groupManagement] INFO  server.RaftServerConfigKeys (ConfUtils.java:logGet(46)) - raft.server.threadpool.server.cached = true (default)
2024-11-30 15:01:03,286 [d57daabc-8d0b-4ea3-831e-cde13ca8d1d7-groupManagement] INFO  server.RaftServerConfigKeys (ConfUtils.java:logGet(46)) - raft.server.threadpool.server.size = 0 (default)
2024-11-30 15:01:03,286 [d57daabc-8d0b-4ea3-831e-cde13ca8d1d7-groupManagement] INFO  server.RaftServerConfigKeys (ConfUtils.java:logGet(46)) - raft.server.threadpool.client.cached = true (default)
2024-11-30 15:01:03,286 [d57daabc-8d0b-4ea3-831e-cde13ca8d1d7-groupManagement] INFO  server.RaftServerConfigKeys (ConfUtils.java:logGet(46)) - raft.server.threadpool.client.size = 0 (default)
2024-11-30 15:01:03,287 [d57daabc-8d0b-4ea3-831e-cde13ca8d1d7-groupManagement] INFO  server.RaftServerConfigKeys (ConfUtils.java:logGet(46)) - raft.server.storage.free-space.min = 0MB (=0) (default)
2024-11-30 15:01:03,287 [d57daabc-8d0b-4ea3-831e-cde13ca8d1d7-groupManagement] INFO  server.RaftServerConfigKeys (ConfUtils.java:logGet(46)) - raft.server.log.corruption.policy = EXCEPTION (default)
2024-11-30 15:01:03,287 [d57daabc-8d0b-4ea3-831e-cde13ca8d1d7-groupManagement] INFO  server.RaftServerConfigKeys (ConfUtils.java:logGet(46)) - raft.server.storage.dir = [/home/runner/work/ozone/ozone/hadoop-ozone/integration-test/target/test-dir/MiniOzoneClusterImpl-e985cbf7-8b64-4e7c-b64c-74e6afbb48f1/ozone-meta/datanode-2/ratis] (custom)
2024-11-30 15:01:03,287 [d57daabc-8d0b-4ea3-831e-cde13ca8d1d7-groupManagement] INFO  storage.RaftStorageDirectory (RaftStorageDirectoryImpl.java:analyzeStorage(138)) - The storage directory /home/runner/work/ozone/ozone/hadoop-ozone/integration-test/target/test-dir/MiniOzoneClusterImpl-e985cbf7-8b64-4e7c-b64c-74e6afbb48f1/ozone-meta/datanode-2/ratis/8cbe2343-485f-4a35-b27e-881ffcb406ee does not exist. Creating ...
2024-11-30 15:01:03,288 [d57daabc-8d0b-4ea3-831e-cde13ca8d1d7-groupManagement] INFO  storage.RaftStorageDirectory (RaftStorageDirectoryImpl.java:tryLock(229)) - Lock on /home/runner/work/ozone/ozone/hadoop-ozone/integration-test/target/test-dir/MiniOzoneClusterImpl-e985cbf7-8b64-4e7c-b64c-74e6afbb48f1/ozone-meta/datanode-2/ratis/8cbe2343-485f-4a35-b27e-881ffcb406ee/in_use.lock acquired by nodename 75062@fv-az1244-86
2024-11-30 15:01:03,289 [d57daabc-8d0b-4ea3-831e-cde13ca8d1d7-groupManagement] INFO  storage.RaftStorage (RaftStorageImpl.java:format(98)) - Storage directory /home/runner/work/ozone/ozone/hadoop-ozone/integration-test/target/test-dir/MiniOzoneClusterImpl-e985cbf7-8b64-4e7c-b64c-74e6afbb48f1/ozone-meta/datanode-2/ratis/8cbe2343-485f-4a35-b27e-881ffcb406ee has been successfully formatted.
2024-11-30 15:01:03,290 [d57daabc-8d0b-4ea3-831e-cde13ca8d1d7-groupManagement] INFO  ratis.ContainerStateMachine (ContainerStateMachine.java:initialize(302)) - d57daabc-8d0b-4ea3-831e-cde13ca8d1d7: initialize group-881FFCB406EE
2024-11-30 15:01:03,290 [d57daabc-8d0b-4ea3-831e-cde13ca8d1d7-groupManagement] INFO  ratis.ContainerStateMachine (ContainerStateMachine.java:loadSnapshot(310)) - group-881FFCB406EE: The snapshot info is null. Setting the last applied index to:(t:0, i:~)
2024-11-30 15:01:03,290 [d57daabc-8d0b-4ea3-831e-cde13ca8d1d7-groupManagement] INFO  server.RaftServerConfigKeys (ConfUtils.java:logGet(46)) - raft.server.log.use.memory = false (default)
2024-11-30 15:01:03,290 [d57daabc-8d0b-4ea3-831e-cde13ca8d1d7-groupManagement] INFO  server.RaftServerConfigKeys (ConfUtils.java:logGet(46)) - raft.server.log.purge.gap = 1000000 (custom)
2024-11-30 15:01:03,290 [d57daabc-8d0b-4ea3-831e-cde13ca8d1d7-groupManagement] INFO  server.RaftServerConfigKeys (ConfUtils.java:logGet(46)) - raft.server.log.appender.buffer.byte-limit = 33554432 (custom)
2024-11-30 15:01:03,290 [d57daabc-8d0b-4ea3-831e-cde13ca8d1d7-groupManagement] INFO  server.RaftServerConfigKeys (ConfUtils.java:logGet(46)) - raft.server.log.statemachine.data.read.timeout = 1000ms (default)
2024-11-30 15:01:03,290 [d57daabc-8d0b-4ea3-831e-cde13ca8d1d7-groupManagement] INFO  server.RaftServerConfigKeys (ConfUtils.java:logGet(46)) - raft.server.log.purge.preservation.log.num = 0 (default)
2024-11-30 15:01:03,292 [d57daabc-8d0b-4ea3-831e-cde13ca8d1d7-groupManagement] INFO  server.RaftServerConfigKeys (ConfUtils.java:logGet(46)) - raft.server.log.segment.size.max = 67108864 (custom)
2024-11-30 15:01:03,292 [d57daabc-8d0b-4ea3-831e-cde13ca8d1d7-groupManagement] INFO  server.RaftServerConfigKeys (ConfUtils.java:logGet(46)) - raft.server.log.segment.cache.num.max = 2 (custom)
2024-11-30 15:01:03,292 [d57daabc-8d0b-4ea3-831e-cde13ca8d1d7-groupManagement] INFO  server.RaftServerConfigKeys (ConfUtils.java:logGet(46)) - raft.server.log.segment.cache.size.max = 200MB (=209715200) (default)
2024-11-30 15:01:03,292 [d57daabc-8d0b-4ea3-831e-cde13ca8d1d7-groupManagement] INFO  server.RaftServerConfigKeys (ConfUtils.java:logGet(46)) - raft.server.log.appender.buffer.byte-limit = 33554432 (custom)
2024-11-30 15:01:03,292 [d57daabc-8d0b-4ea3-831e-cde13ca8d1d7-groupManagement] INFO  util.AwaitToRun (AwaitToRun.java:start(81)) - Thread[d57daabc-8d0b-4ea3-831e-cde13ca8d1d7@group-881FFCB406EE-cacheEviction-AwaitToRun,5,main] started
2024-11-30 15:01:03,292 [d57daabc-8d0b-4ea3-831e-cde13ca8d1d7-groupManagement] INFO  segmented.SegmentedRaftLogWorker (SegmentedRaftLogWorker.java:<init>(188)) - new d57daabc-8d0b-4ea3-831e-cde13ca8d1d7@group-881FFCB406EE-SegmentedRaftLogWorker for RaftStorageImpl:Storage Directory /home/runner/work/ozone/ozone/hadoop-ozone/integration-test/target/test-dir/MiniOzoneClusterImpl-e985cbf7-8b64-4e7c-b64c-74e6afbb48f1/ozone-meta/datanode-2/ratis/8cbe2343-485f-4a35-b27e-881ffcb406ee
2024-11-30 15:01:03,293 [d57daabc-8d0b-4ea3-831e-cde13ca8d1d7-groupManagement] INFO  server.RaftServerConfigKeys (ConfUtils.java:logGet(46)) - raft.server.log.queue.byte-limit = 4294967296 (custom)
2024-11-30 15:01:03,293 [d57daabc-8d0b-4ea3-831e-cde13ca8d1d7-groupManagement] INFO  server.RaftServerConfigKeys (ConfUtils.java:logGet(46)) - raft.server.log.queue.element-limit = 1024 (custom)
2024-11-30 15:01:03,293 [d57daabc-8d0b-4ea3-831e-cde13ca8d1d7-groupManagement] INFO  server.RaftServerConfigKeys (ConfUtils.java:logGet(46)) - raft.server.log.segment.size.max = 67108864 (custom)
2024-11-30 15:01:03,293 [d57daabc-8d0b-4ea3-831e-cde13ca8d1d7-groupManagement] INFO  server.RaftServerConfigKeys (ConfUtils.java:logGet(46)) - raft.server.log.preallocated.size = 4194304 (custom)
2024-11-30 15:01:03,293 [d57daabc-8d0b-4ea3-831e-cde13ca8d1d7-groupManagement] INFO  server.RaftServerConfigKeys (ConfUtils.java:logGet(46)) - raft.server.log.force.sync.num = 128 (default)
2024-11-30 15:01:03,293 [d57daabc-8d0b-4ea3-831e-cde13ca8d1d7-groupManagement] INFO  server.RaftServerConfigKeys (ConfUtils.java:logGet(46)) - raft.server.log.statemachine.data.sync = true (default)
2024-11-30 15:01:03,293 [d57daabc-8d0b-4ea3-831e-cde13ca8d1d7-groupManagement] INFO  server.RaftServerConfigKeys (ConfUtils.java:logGet(46)) - raft.server.log.statemachine.data.sync.timeout = 10s (default)
2024-11-30 15:01:03,293 [d57daabc-8d0b-4ea3-831e-cde13ca8d1d7-groupManagement] INFO  server.RaftServerConfigKeys (ConfUtils.java:logGet(46)) - raft.server.log.statemachine.data.sync.timeout.retry = 30 (custom)
2024-11-30 15:01:03,293 [d57daabc-8d0b-4ea3-831e-cde13ca8d1d7-groupManagement] INFO  server.RaftServerConfigKeys (ConfUtils.java:logGet(46)) - raft.server.log.write.buffer.size = 33554440 (custom)
2024-11-30 15:01:03,299 [d57daabc-8d0b-4ea3-831e-cde13ca8d1d7-groupManagement] INFO  server.RaftServerConfigKeys (ConfUtils.java:logGet(46)) - raft.server.log.appender.buffer.byte-limit = 33554432 (custom)
2024-11-30 15:01:03,299 [d57daabc-8d0b-4ea3-831e-cde13ca8d1d7-groupManagement] INFO  server.RaftServerConfigKeys (ConfUtils.java:logGet(46)) - raft.server.log.unsafe-flush.enabled = false (default)
2024-11-30 15:01:03,300 [d57daabc-8d0b-4ea3-831e-cde13ca8d1d7-groupManagement] INFO  server.RaftServerConfigKeys (ConfUtils.java:logGet(46)) - raft.server.log.async-flush.enabled = false (default)
2024-11-30 15:01:03,300 [d57daabc-8d0b-4ea3-831e-cde13ca8d1d7-groupManagement] INFO  server.RaftServerConfigKeys (ConfUtils.java:logGet(46)) - raft.server.log.statemachine.data.caching.enabled = true (custom)
2024-11-30 15:01:03,300 [d57daabc-8d0b-4ea3-831e-cde13ca8d1d7-groupManagement] INFO  segmented.SegmentedRaftLogWorker (SegmentedRaftLogWorker.java:lambda$new$0(139)) - d57daabc-8d0b-4ea3-831e-cde13ca8d1d7@group-881FFCB406EE-SegmentedRaftLogWorker: flushIndex: setUnconditionally 0 -> -1
2024-11-30 15:01:03,301 [d57daabc-8d0b-4ea3-831e-cde13ca8d1d7-groupManagement] INFO  segmented.SegmentedRaftLogWorker (SegmentedRaftLogWorker.java:lambda$new$0(139)) - d57daabc-8d0b-4ea3-831e-cde13ca8d1d7@group-881FFCB406EE-SegmentedRaftLogWorker: safeCacheEvictIndex: setUnconditionally 0 -> -1
2024-11-30 15:01:03,301 [d57daabc-8d0b-4ea3-831e-cde13ca8d1d7-groupManagement] INFO  server.RaftServer$Division (RaftServerImpl.java:start(391)) - d57daabc-8d0b-4ea3-831e-cde13ca8d1d7@group-881FFCB406EE: start as a follower, conf=conf: {index: -1, cur=peers:[719b1c3f-249c-457a-8743-b06328301a87|127.0.0.1:15171, af7ee296-5066-44e3-a94d-aaeda09020f2|127.0.0.1:15189, d57daabc-8d0b-4ea3-831e-cde13ca8d1d7|127.0.0.1:15180]|listeners:[], old=null}
2024-11-30 15:01:03,301 [d57daabc-8d0b-4ea3-831e-cde13ca8d1d7-groupManagement] INFO  server.RaftServer$Division (RaftServerImpl.java:setRole(378)) - d57daabc-8d0b-4ea3-831e-cde13ca8d1d7@group-881FFCB406EE: changes role from      null to FOLLOWER at term 0 for startAsFollower
2024-11-30 15:01:03,301 [d57daabc-8d0b-4ea3-831e-cde13ca8d1d7-groupManagement] INFO  impl.RoleInfo (RoleInfo.java:updateAndGet(148)) - d57daabc-8d0b-4ea3-831e-cde13ca8d1d7: start d57daabc-8d0b-4ea3-831e-cde13ca8d1d7@group-881FFCB406EE-FollowerState
2024-11-30 15:01:03,301 [d57daabc-8d0b-4ea3-831e-cde13ca8d1d7@group-881FFCB406EE-FollowerState] INFO  server.RaftServerConfigKeys (ConfUtils.java:logFallback(53)) - raft.server.rpc.first-election.timeout.min = 5s (fallback to raft.server.rpc.timeout.min)
2024-11-30 15:01:03,301 [d57daabc-8d0b-4ea3-831e-cde13ca8d1d7-groupManagement] INFO  util.JmxRegister (JmxRegister.java:tryRegister(44)) - Successfully registered JMX Bean with object name Ratis:service=RaftServer,group=group-881FFCB406EE,id=d57daabc-8d0b-4ea3-831e-cde13ca8d1d7
2024-11-30 15:01:03,301 [d57daabc-8d0b-4ea3-831e-cde13ca8d1d7-groupManagement] INFO  util.JmxRegister (JmxRegister.java:register(58)) - register mxBean class org.apache.ratis.server.impl.RaftServerJmxAdapter as Ratis:service=RaftServer,group=group-881FFCB406EE,id=d57daabc-8d0b-4ea3-831e-cde13ca8d1d7
2024-11-30 15:01:03,301 [d57daabc-8d0b-4ea3-831e-cde13ca8d1d7@group-881FFCB406EE-FollowerState] INFO  server.RaftServerConfigKeys (ConfUtils.java:logFallback(53)) - raft.server.rpc.first-election.timeout.max = 5200ms (fallback to raft.server.rpc.timeout.max)
2024-11-30 15:01:03,302 [d57daabc-8d0b-4ea3-831e-cde13ca8d1d7-groupManagement] INFO  server.RaftServerConfigKeys (ConfUtils.java:logGet(46)) - raft.server.snapshot.trigger-when-stop.enabled = true (default)
2024-11-30 15:01:03,302 [d57daabc-8d0b-4ea3-831e-cde13ca8d1d7-groupManagement] INFO  server.RaftServerConfigKeys (ConfUtils.java:logGet(46)) - raft.server.snapshot.trigger-when-remove.enabled = true (default)
2024-11-30 15:01:03,302 [d57daabc-8d0b-4ea3-831e-cde13ca8d1d7-groupManagement] INFO  server.RaftServerConfigKeys (ConfUtils.java:logGet(46)) - raft.server.snapshot.auto.trigger.enabled = true (custom)
2024-11-30 15:01:03,302 [d57daabc-8d0b-4ea3-831e-cde13ca8d1d7-groupManagement] INFO  server.RaftServerConfigKeys (ConfUtils.java:logGet(46)) - raft.server.snapshot.auto.trigger.threshold = 100000 (custom)
2024-11-30 15:01:03,302 [d57daabc-8d0b-4ea3-831e-cde13ca8d1d7-groupManagement] INFO  server.RaftServerConfigKeys (ConfUtils.java:logGet(46)) - raft.server.snapshot.retention.file.num = 5 (custom)
2024-11-30 15:01:03,302 [d57daabc-8d0b-4ea3-831e-cde13ca8d1d7-groupManagement] INFO  server.RaftServerConfigKeys (ConfUtils.java:logGet(46)) - raft.server.log.purge.upto.snapshot.index = false (default)
2024-11-30 15:01:03,302 [d57daabc-8d0b-4ea3-831e-cde13ca8d1d7-groupManagement] INFO  server.RaftServer$Division (RaftServerImpl.java:start(405)) - d57daabc-8d0b-4ea3-831e-cde13ca8d1d7@group-881FFCB406EE: Successfully started.
2024-11-30 15:01:03,306 [719b1c3f-249c-457a-8743-b06328301a87-PipelineCommandHandlerThread-0] INFO  commandhandler.CreatePipelineCommandHandler (CreatePipelineCommandHandler.java:lambda$handle$2(129)) - Created Pipeline RATIS THREE PipelineID=8cbe2343-485f-4a35-b27e-881ffcb406ee.
2024-11-30 15:01:03,306 [719b1c3f-249c-457a-8743-b06328301a87-PipelineCommandHandlerThread-0] INFO  server.RaftServer (RaftServerProxy.java:addNew(100)) - 719b1c3f-249c-457a-8743-b06328301a87: addNew group-006F4FFF65FD:[719b1c3f-249c-457a-8743-b06328301a87|127.0.0.1:15171, af7ee296-5066-44e3-a94d-aaeda09020f2|127.0.0.1:15189, d57daabc-8d0b-4ea3-831e-cde13ca8d1d7|127.0.0.1:15180] returns group-006F4FFF65FD:java.util.concurrent.CompletableFuture@2ce41b3[Not completed]
2024-11-30 15:01:03,307 [719b1c3f-249c-457a-8743-b06328301a87-groupManagement] INFO  server.RaftServer$Division (RaftServerImpl.java:<init>(255)) - 719b1c3f-249c-457a-8743-b06328301a87: new RaftServerImpl for group-006F4FFF65FD:[719b1c3f-249c-457a-8743-b06328301a87|127.0.0.1:15171, af7ee296-5066-44e3-a94d-aaeda09020f2|127.0.0.1:15189, d57daabc-8d0b-4ea3-831e-cde13ca8d1d7|127.0.0.1:15180] with ContainerStateMachine:uninitialized
2024-11-30 15:01:03,307 [719b1c3f-249c-457a-8743-b06328301a87-groupManagement] INFO  server.RaftServerConfigKeys (ConfUtils.java:logGet(46)) - raft.server.rpc.timeout.min = 5s (custom)
2024-11-30 15:01:03,307 [719b1c3f-249c-457a-8743-b06328301a87-groupManagement] INFO  server.RaftServerConfigKeys (ConfUtils.java:logGet(46)) - raft.server.rpc.timeout.max = 5200ms (custom)
2024-11-30 15:01:03,307 [719b1c3f-249c-457a-8743-b06328301a87-groupManagement] INFO  server.RaftServerConfigKeys (ConfUtils.java:logGet(46)) - raft.server.rpc.sleep.time = 25ms (default)
2024-11-30 15:01:03,307 [719b1c3f-249c-457a-8743-b06328301a87-groupManagement] INFO  server.RaftServerConfigKeys (ConfUtils.java:logGet(46)) - raft.server.rpc.slowness.timeout = 300000ms (custom)
2024-11-30 15:01:03,307 [719b1c3f-249c-457a-8743-b06328301a87-groupManagement] INFO  server.RaftServerConfigKeys (ConfUtils.java:logGet(46)) - raft.server.leaderelection.leader.step-down.wait-time = 10s (default)
2024-11-30 15:01:03,307 [719b1c3f-249c-457a-8743-b06328301a87-groupManagement] INFO  server.RaftServerConfigKeys (ConfUtils.java:logGet(46)) - raft.server.leaderelection.member.majority-add = false (default)
2024-11-30 15:01:03,307 [719b1c3f-249c-457a-8743-b06328301a87-groupManagement] INFO  server.RaftServerConfigKeys (ConfUtils.java:logGet(46)) - raft.server.sleep.deviation.threshold = 300ms (default)
2024-11-30 15:01:03,307 [719b1c3f-249c-457a-8743-b06328301a87-groupManagement] INFO  server.RaftServer$Division (ServerState.java:<init>(114)) - 719b1c3f-249c-457a-8743-b06328301a87@group-006F4FFF65FD: ConfigurationManager, init=conf: {index: -1, cur=peers:[719b1c3f-249c-457a-8743-b06328301a87|127.0.0.1:15171, af7ee296-5066-44e3-a94d-aaeda09020f2|127.0.0.1:15189, d57daabc-8d0b-4ea3-831e-cde13ca8d1d7|127.0.0.1:15180]|listeners:[], old=null}, confs=<EMPTY_MAP>
2024-11-30 15:01:03,307 [719b1c3f-249c-457a-8743-b06328301a87-groupManagement] INFO  server.RaftServerConfigKeys (ConfUtils.java:logGet(46)) - raft.server.notification.no-leader.timeout = 300000ms (custom)
2024-11-30 15:01:03,308 [719b1c3f-249c-457a-8743-b06328301a87-groupManagement] INFO  server.RaftServerConfigKeys (ConfUtils.java:logGet(46)) - raft.server.read.timeout = 10s (default)
2024-11-30 15:01:03,308 [719b1c3f-249c-457a-8743-b06328301a87-groupManagement] INFO  server.RaftServerConfigKeys (ConfUtils.java:logGet(46)) - raft.server.retrycache.expirytime = 600000ms (custom)
2024-11-30 15:01:03,308 [719b1c3f-249c-457a-8743-b06328301a87-groupManagement] INFO  server.RaftServerConfigKeys (ConfUtils.java:logGet(46)) - raft.server.retrycache.statistics.expirytime = 100ms (default)
2024-11-30 15:01:03,308 [719b1c3f-249c-457a-8743-b06328301a87-groupManagement] INFO  server.RaftServerConfigKeys (ConfUtils.java:logGet(46)) - raft.server.read.option = DEFAULT (default)
2024-11-30 15:01:03,308 [719b1c3f-249c-457a-8743-b06328301a87-groupManagement] INFO  server.RaftServerConfigKeys (ConfUtils.java:logGet(46)) - raft.server.read.read-after-write-consistent.write-index-cache.expiry-time = 60s (default)
2024-11-30 15:01:03,309 [719b1c3f-249c-457a-8743-b06328301a87-groupManagement] INFO  server.RaftServerConfigKeys (ConfUtils.java:logGet(46)) - raft.server.rpc.request.timeout = 3000ms (default)
2024-11-30 15:01:03,309 [719b1c3f-249c-457a-8743-b06328301a87-groupManagement] INFO  server.RaftServerConfigKeys (ConfUtils.java:logGet(46)) - raft.server.log.appender.install.snapshot.enabled = false (custom)
2024-11-30 15:01:03,309 [719b1c3f-249c-457a-8743-b06328301a87-groupManagement] INFO  server.RaftServerConfigKeys (ConfUtils.java:logGet(46)) - raft.server.threadpool.server.cached = true (default)
2024-11-30 15:01:03,309 [719b1c3f-249c-457a-8743-b06328301a87-groupManagement] INFO  server.RaftServerConfigKeys (ConfUtils.java:logGet(46)) - raft.server.threadpool.server.size = 0 (default)
2024-11-30 15:01:03,309 [719b1c3f-249c-457a-8743-b06328301a87-groupManagement] INFO  server.RaftServerConfigKeys (ConfUtils.java:logGet(46)) - raft.server.threadpool.client.cached = true (default)
2024-11-30 15:01:03,309 [719b1c3f-249c-457a-8743-b06328301a87-groupManagement] INFO  server.RaftServerConfigKeys (ConfUtils.java:logGet(46)) - raft.server.threadpool.client.size = 0 (default)
2024-11-30 15:01:03,309 [719b1c3f-249c-457a-8743-b06328301a87-groupManagement] INFO  server.RaftServerConfigKeys (ConfUtils.java:logGet(46)) - raft.server.storage.free-space.min = 0MB (=0) (default)
2024-11-30 15:01:03,309 [719b1c3f-249c-457a-8743-b06328301a87-groupManagement] INFO  server.RaftServerConfigKeys (ConfUtils.java:logGet(46)) - raft.server.log.corruption.policy = EXCEPTION (default)
2024-11-30 15:01:03,310 [719b1c3f-249c-457a-8743-b06328301a87-groupManagement] INFO  server.RaftServerConfigKeys (ConfUtils.java:logGet(46)) - raft.server.storage.dir = [/home/runner/work/ozone/ozone/hadoop-ozone/integration-test/target/test-dir/MiniOzoneClusterImpl-e985cbf7-8b64-4e7c-b64c-74e6afbb48f1/ozone-meta/datanode-1/ratis] (custom)
2024-11-30 15:01:03,310 [719b1c3f-249c-457a-8743-b06328301a87-groupManagement] INFO  storage.RaftStorageDirectory (RaftStorageDirectoryImpl.java:analyzeStorage(138)) - The storage directory /home/runner/work/ozone/ozone/hadoop-ozone/integration-test/target/test-dir/MiniOzoneClusterImpl-e985cbf7-8b64-4e7c-b64c-74e6afbb48f1/ozone-meta/datanode-1/ratis/6fa0cb32-10f3-4162-b9fa-006f4fff65fd does not exist. Creating ...
2024-11-30 15:01:03,311 [719b1c3f-249c-457a-8743-b06328301a87-groupManagement] INFO  storage.RaftStorageDirectory (RaftStorageDirectoryImpl.java:tryLock(229)) - Lock on /home/runner/work/ozone/ozone/hadoop-ozone/integration-test/target/test-dir/MiniOzoneClusterImpl-e985cbf7-8b64-4e7c-b64c-74e6afbb48f1/ozone-meta/datanode-1/ratis/6fa0cb32-10f3-4162-b9fa-006f4fff65fd/in_use.lock acquired by nodename 75062@fv-az1244-86
2024-11-30 15:01:03,312 [719b1c3f-249c-457a-8743-b06328301a87-groupManagement] INFO  storage.RaftStorage (RaftStorageImpl.java:format(98)) - Storage directory /home/runner/work/ozone/ozone/hadoop-ozone/integration-test/target/test-dir/MiniOzoneClusterImpl-e985cbf7-8b64-4e7c-b64c-74e6afbb48f1/ozone-meta/datanode-1/ratis/6fa0cb32-10f3-4162-b9fa-006f4fff65fd has been successfully formatted.
2024-11-30 15:01:03,312 [719b1c3f-249c-457a-8743-b06328301a87-groupManagement] INFO  ratis.ContainerStateMachine (ContainerStateMachine.java:initialize(302)) - 719b1c3f-249c-457a-8743-b06328301a87: initialize group-006F4FFF65FD
2024-11-30 15:01:03,312 [719b1c3f-249c-457a-8743-b06328301a87-groupManagement] INFO  ratis.ContainerStateMachine (ContainerStateMachine.java:loadSnapshot(310)) - group-006F4FFF65FD: The snapshot info is null. Setting the last applied index to:(t:0, i:~)
2024-11-30 15:01:03,312 [719b1c3f-249c-457a-8743-b06328301a87-groupManagement] INFO  server.RaftServerConfigKeys (ConfUtils.java:logGet(46)) - raft.server.log.use.memory = false (default)
2024-11-30 15:01:03,312 [719b1c3f-249c-457a-8743-b06328301a87-groupManagement] INFO  server.RaftServerConfigKeys (ConfUtils.java:logGet(46)) - raft.server.log.purge.gap = 1000000 (custom)
2024-11-30 15:01:03,313 [719b1c3f-249c-457a-8743-b06328301a87-groupManagement] INFO  server.RaftServerConfigKeys (ConfUtils.java:logGet(46)) - raft.server.log.appender.buffer.byte-limit = 33554432 (custom)
2024-11-30 15:01:03,313 [719b1c3f-249c-457a-8743-b06328301a87-groupManagement] INFO  server.RaftServerConfigKeys (ConfUtils.java:logGet(46)) - raft.server.log.statemachine.data.read.timeout = 1000ms (default)
2024-11-30 15:01:03,313 [719b1c3f-249c-457a-8743-b06328301a87-groupManagement] INFO  server.RaftServerConfigKeys (ConfUtils.java:logGet(46)) - raft.server.log.purge.preservation.log.num = 0 (default)
2024-11-30 15:01:03,314 [EventQueue-OpenPipelineForHealthyPipelineSafeModeRule] INFO  safemode.SCMSafeModeManager (HealthyPipelineSafeModeRule.java:process(140)) - SCM in safe mode. Healthy pipelines reported count is 0, required healthy pipeline reported count is 1
2024-11-30 15:01:03,314 [719b1c3f-249c-457a-8743-b06328301a87-groupManagement] INFO  server.RaftServerConfigKeys (ConfUtils.java:logGet(46)) - raft.server.log.segment.size.max = 67108864 (custom)
2024-11-30 15:01:03,314 [719b1c3f-249c-457a-8743-b06328301a87-groupManagement] INFO  server.RaftServerConfigKeys (ConfUtils.java:logGet(46)) - raft.server.log.segment.cache.num.max = 2 (custom)
2024-11-30 15:01:03,314 [719b1c3f-249c-457a-8743-b06328301a87-groupManagement] INFO  server.RaftServerConfigKeys (ConfUtils.java:logGet(46)) - raft.server.log.segment.cache.size.max = 200MB (=209715200) (default)
2024-11-30 15:01:03,314 [719b1c3f-249c-457a-8743-b06328301a87-groupManagement] INFO  server.RaftServerConfigKeys (ConfUtils.java:logGet(46)) - raft.server.log.appender.buffer.byte-limit = 33554432 (custom)
2024-11-30 15:01:03,314 [719b1c3f-249c-457a-8743-b06328301a87-groupManagement] INFO  util.AwaitToRun (AwaitToRun.java:start(81)) - Thread[719b1c3f-249c-457a-8743-b06328301a87@group-006F4FFF65FD-cacheEviction-AwaitToRun,5,main] started
2024-11-30 15:01:03,314 [719b1c3f-249c-457a-8743-b06328301a87-groupManagement] INFO  segmented.SegmentedRaftLogWorker (SegmentedRaftLogWorker.java:<init>(188)) - new 719b1c3f-249c-457a-8743-b06328301a87@group-006F4FFF65FD-SegmentedRaftLogWorker for RaftStorageImpl:Storage Directory /home/runner/work/ozone/ozone/hadoop-ozone/integration-test/target/test-dir/MiniOzoneClusterImpl-e985cbf7-8b64-4e7c-b64c-74e6afbb48f1/ozone-meta/datanode-1/ratis/6fa0cb32-10f3-4162-b9fa-006f4fff65fd
2024-11-30 15:01:03,314 [719b1c3f-249c-457a-8743-b06328301a87-groupManagement] INFO  server.RaftServerConfigKeys (ConfUtils.java:logGet(46)) - raft.server.log.queue.byte-limit = 4294967296 (custom)
2024-11-30 15:01:03,314 [719b1c3f-249c-457a-8743-b06328301a87-groupManagement] INFO  server.RaftServerConfigKeys (ConfUtils.java:logGet(46)) - raft.server.log.queue.element-limit = 1024 (custom)
2024-11-30 15:01:03,314 [719b1c3f-249c-457a-8743-b06328301a87-groupManagement] INFO  server.RaftServerConfigKeys (ConfUtils.java:logGet(46)) - raft.server.log.segment.size.max = 67108864 (custom)
2024-11-30 15:01:03,314 [719b1c3f-249c-457a-8743-b06328301a87-groupManagement] INFO  server.RaftServerConfigKeys (ConfUtils.java:logGet(46)) - raft.server.log.preallocated.size = 4194304 (custom)
2024-11-30 15:01:03,314 [719b1c3f-249c-457a-8743-b06328301a87-groupManagement] INFO  server.RaftServerConfigKeys (ConfUtils.java:logGet(46)) - raft.server.log.force.sync.num = 128 (default)
2024-11-30 15:01:03,314 [719b1c3f-249c-457a-8743-b06328301a87-groupManagement] INFO  server.RaftServerConfigKeys (ConfUtils.java:logGet(46)) - raft.server.log.statemachine.data.sync = true (default)
2024-11-30 15:01:03,315 [719b1c3f-249c-457a-8743-b06328301a87-groupManagement] INFO  server.RaftServerConfigKeys (ConfUtils.java:logGet(46)) - raft.server.log.statemachine.data.sync.timeout = 10s (default)
2024-11-30 15:01:03,315 [719b1c3f-249c-457a-8743-b06328301a87-groupManagement] INFO  server.RaftServerConfigKeys (ConfUtils.java:logGet(46)) - raft.server.log.statemachine.data.sync.timeout.retry = 30 (custom)
2024-11-30 15:01:03,315 [719b1c3f-249c-457a-8743-b06328301a87-groupManagement] INFO  server.RaftServerConfigKeys (ConfUtils.java:logGet(46)) - raft.server.log.write.buffer.size = 33554440 (custom)
2024-11-30 15:01:03,321 [719b1c3f-249c-457a-8743-b06328301a87-groupManagement] INFO  server.RaftServerConfigKeys (ConfUtils.java:logGet(46)) - raft.server.log.appender.buffer.byte-limit = 33554432 (custom)
2024-11-30 15:01:03,321 [719b1c3f-249c-457a-8743-b06328301a87-groupManagement] INFO  server.RaftServerConfigKeys (ConfUtils.java:logGet(46)) - raft.server.log.unsafe-flush.enabled = false (default)
2024-11-30 15:01:03,321 [719b1c3f-249c-457a-8743-b06328301a87-groupManagement] INFO  server.RaftServerConfigKeys (ConfUtils.java:logGet(46)) - raft.server.log.async-flush.enabled = false (default)
2024-11-30 15:01:03,321 [719b1c3f-249c-457a-8743-b06328301a87-groupManagement] INFO  server.RaftServerConfigKeys (ConfUtils.java:logGet(46)) - raft.server.log.statemachine.data.caching.enabled = true (custom)
2024-11-30 15:01:03,321 [719b1c3f-249c-457a-8743-b06328301a87-groupManagement] INFO  segmented.SegmentedRaftLogWorker (SegmentedRaftLogWorker.java:lambda$new$0(139)) - 719b1c3f-249c-457a-8743-b06328301a87@group-006F4FFF65FD-SegmentedRaftLogWorker: flushIndex: setUnconditionally 0 -> -1
2024-11-30 15:01:03,321 [719b1c3f-249c-457a-8743-b06328301a87-groupManagement] INFO  segmented.SegmentedRaftLogWorker (SegmentedRaftLogWorker.java:lambda$new$0(139)) - 719b1c3f-249c-457a-8743-b06328301a87@group-006F4FFF65FD-SegmentedRaftLogWorker: safeCacheEvictIndex: setUnconditionally 0 -> -1
2024-11-30 15:01:03,321 [719b1c3f-249c-457a-8743-b06328301a87-groupManagement] INFO  server.RaftServer$Division (RaftServerImpl.java:start(391)) - 719b1c3f-249c-457a-8743-b06328301a87@group-006F4FFF65FD: start as a follower, conf=conf: {index: -1, cur=peers:[719b1c3f-249c-457a-8743-b06328301a87|127.0.0.1:15171, af7ee296-5066-44e3-a94d-aaeda09020f2|127.0.0.1:15189, d57daabc-8d0b-4ea3-831e-cde13ca8d1d7|127.0.0.1:15180]|listeners:[], old=null}
2024-11-30 15:01:03,321 [719b1c3f-249c-457a-8743-b06328301a87-groupManagement] INFO  server.RaftServer$Division (RaftServerImpl.java:setRole(378)) - 719b1c3f-249c-457a-8743-b06328301a87@group-006F4FFF65FD: changes role from      null to FOLLOWER at term 0 for startAsFollower
2024-11-30 15:01:03,321 [719b1c3f-249c-457a-8743-b06328301a87-groupManagement] INFO  impl.RoleInfo (RoleInfo.java:updateAndGet(148)) - 719b1c3f-249c-457a-8743-b06328301a87: start 719b1c3f-249c-457a-8743-b06328301a87@group-006F4FFF65FD-FollowerState
2024-11-30 15:01:03,322 [719b1c3f-249c-457a-8743-b06328301a87-groupManagement] INFO  util.JmxRegister (JmxRegister.java:tryRegister(44)) - Successfully registered JMX Bean with object name Ratis:service=RaftServer,group=group-006F4FFF65FD,id=719b1c3f-249c-457a-8743-b06328301a87
2024-11-30 15:01:03,322 [719b1c3f-249c-457a-8743-b06328301a87-groupManagement] INFO  util.JmxRegister (JmxRegister.java:register(58)) - register mxBean class org.apache.ratis.server.impl.RaftServerJmxAdapter as Ratis:service=RaftServer,group=group-006F4FFF65FD,id=719b1c3f-249c-457a-8743-b06328301a87
2024-11-30 15:01:03,322 [719b1c3f-249c-457a-8743-b06328301a87-groupManagement] INFO  server.RaftServerConfigKeys (ConfUtils.java:logGet(46)) - raft.server.snapshot.trigger-when-stop.enabled = true (default)
2024-11-30 15:01:03,322 [719b1c3f-249c-457a-8743-b06328301a87-groupManagement] INFO  server.RaftServerConfigKeys (ConfUtils.java:logGet(46)) - raft.server.snapshot.trigger-when-remove.enabled = true (default)
2024-11-30 15:01:03,322 [719b1c3f-249c-457a-8743-b06328301a87-groupManagement] INFO  server.RaftServerConfigKeys (ConfUtils.java:logGet(46)) - raft.server.snapshot.auto.trigger.enabled = true (custom)
2024-11-30 15:01:03,322 [719b1c3f-249c-457a-8743-b06328301a87-groupManagement] INFO  server.RaftServerConfigKeys (ConfUtils.java:logGet(46)) - raft.server.snapshot.auto.trigger.threshold = 100000 (custom)
2024-11-30 15:01:03,322 [719b1c3f-249c-457a-8743-b06328301a87-groupManagement] INFO  server.RaftServerConfigKeys (ConfUtils.java:logGet(46)) - raft.server.snapshot.retention.file.num = 5 (custom)
2024-11-30 15:01:03,322 [719b1c3f-249c-457a-8743-b06328301a87-groupManagement] INFO  server.RaftServerConfigKeys (ConfUtils.java:logGet(46)) - raft.server.log.purge.upto.snapshot.index = false (default)
2024-11-30 15:01:03,322 [719b1c3f-249c-457a-8743-b06328301a87-groupManagement] INFO  server.RaftServer$Division (RaftServerImpl.java:start(405)) - 719b1c3f-249c-457a-8743-b06328301a87@group-006F4FFF65FD: Successfully started.
2024-11-30 15:01:03,322 [719b1c3f-249c-457a-8743-b06328301a87@group-006F4FFF65FD-FollowerState] INFO  server.RaftServerConfigKeys (ConfUtils.java:logFallback(53)) - raft.server.rpc.first-election.timeout.min = 5s (fallback to raft.server.rpc.timeout.min)
2024-11-30 15:01:03,323 [719b1c3f-249c-457a-8743-b06328301a87@group-006F4FFF65FD-FollowerState] INFO  server.RaftServerConfigKeys (ConfUtils.java:logFallback(53)) - raft.server.rpc.first-election.timeout.max = 5200ms (fallback to raft.server.rpc.timeout.max)
2024-11-30 15:01:03,323 [719b1c3f-249c-457a-8743-b06328301a87-PipelineCommandHandlerThread-0] INFO  ratis.XceiverServerRatis (XceiverServerRatis.java:addGroup(844)) - Created group PipelineID=6fa0cb32-10f3-4162-b9fa-006f4fff65fd
2024-11-30 15:01:03,330 [grpc-default-executor-0] INFO  server.RaftServer (RaftServerProxy.java:addNew(100)) - af7ee296-5066-44e3-a94d-aaeda09020f2: addNew group-006F4FFF65FD:[719b1c3f-249c-457a-8743-b06328301a87|127.0.0.1:15171, af7ee296-5066-44e3-a94d-aaeda09020f2|127.0.0.1:15189, d57daabc-8d0b-4ea3-831e-cde13ca8d1d7|127.0.0.1:15180] returns group-006F4FFF65FD:java.util.concurrent.CompletableFuture@4943cc30[Not completed]
2024-11-30 15:01:03,331 [af7ee296-5066-44e3-a94d-aaeda09020f2-groupManagement] INFO  server.RaftServer$Division (RaftServerImpl.java:<init>(255)) - af7ee296-5066-44e3-a94d-aaeda09020f2: new RaftServerImpl for group-006F4FFF65FD:[719b1c3f-249c-457a-8743-b06328301a87|127.0.0.1:15171, af7ee296-5066-44e3-a94d-aaeda09020f2|127.0.0.1:15189, d57daabc-8d0b-4ea3-831e-cde13ca8d1d7|127.0.0.1:15180] with ContainerStateMachine:uninitialized
2024-11-30 15:01:03,331 [af7ee296-5066-44e3-a94d-aaeda09020f2-groupManagement] INFO  server.RaftServerConfigKeys (ConfUtils.java:logGet(46)) - raft.server.rpc.timeout.min = 5s (custom)
2024-11-30 15:01:03,331 [af7ee296-5066-44e3-a94d-aaeda09020f2-groupManagement] INFO  server.RaftServerConfigKeys (ConfUtils.java:logGet(46)) - raft.server.rpc.timeout.max = 5200ms (custom)
2024-11-30 15:01:03,331 [af7ee296-5066-44e3-a94d-aaeda09020f2-groupManagement] INFO  server.RaftServerConfigKeys (ConfUtils.java:logGet(46)) - raft.server.rpc.sleep.time = 25ms (default)
2024-11-30 15:01:03,331 [af7ee296-5066-44e3-a94d-aaeda09020f2-groupManagement] INFO  server.RaftServerConfigKeys (ConfUtils.java:logGet(46)) - raft.server.rpc.slowness.timeout = 300000ms (custom)
2024-11-30 15:01:03,331 [af7ee296-5066-44e3-a94d-aaeda09020f2-groupManagement] INFO  server.RaftServerConfigKeys (ConfUtils.java:logGet(46)) - raft.server.leaderelection.leader.step-down.wait-time = 10s (default)
2024-11-30 15:01:03,331 [af7ee296-5066-44e3-a94d-aaeda09020f2-groupManagement] INFO  server.RaftServerConfigKeys (ConfUtils.java:logGet(46)) - raft.server.leaderelection.member.majority-add = false (default)
2024-11-30 15:01:03,331 [af7ee296-5066-44e3-a94d-aaeda09020f2-groupManagement] INFO  server.RaftServerConfigKeys (ConfUtils.java:logGet(46)) - raft.server.sleep.deviation.threshold = 300ms (default)
2024-11-30 15:01:03,331 [af7ee296-5066-44e3-a94d-aaeda09020f2-groupManagement] INFO  server.RaftServer$Division (ServerState.java:<init>(114)) - af7ee296-5066-44e3-a94d-aaeda09020f2@group-006F4FFF65FD: ConfigurationManager, init=conf: {index: -1, cur=peers:[719b1c3f-249c-457a-8743-b06328301a87|127.0.0.1:15171, af7ee296-5066-44e3-a94d-aaeda09020f2|127.0.0.1:15189, d57daabc-8d0b-4ea3-831e-cde13ca8d1d7|127.0.0.1:15180]|listeners:[], old=null}, confs=<EMPTY_MAP>
2024-11-30 15:01:03,331 [af7ee296-5066-44e3-a94d-aaeda09020f2-groupManagement] INFO  server.RaftServerConfigKeys (ConfUtils.java:logGet(46)) - raft.server.notification.no-leader.timeout = 300000ms (custom)
2024-11-30 15:01:03,331 [af7ee296-5066-44e3-a94d-aaeda09020f2-groupManagement] INFO  server.RaftServerConfigKeys (ConfUtils.java:logGet(46)) - raft.server.read.timeout = 10s (default)
2024-11-30 15:01:03,331 [af7ee296-5066-44e3-a94d-aaeda09020f2-groupManagement] INFO  server.RaftServerConfigKeys (ConfUtils.java:logGet(46)) - raft.server.retrycache.expirytime = 600000ms (custom)
2024-11-30 15:01:03,331 [af7ee296-5066-44e3-a94d-aaeda09020f2-groupManagement] INFO  server.RaftServerConfigKeys (ConfUtils.java:logGet(46)) - raft.server.retrycache.statistics.expirytime = 100ms (default)
2024-11-30 15:01:03,331 [af7ee296-5066-44e3-a94d-aaeda09020f2-groupManagement] INFO  server.RaftServerConfigKeys (ConfUtils.java:logGet(46)) - raft.server.read.option = DEFAULT (default)
2024-11-30 15:01:03,331 [af7ee296-5066-44e3-a94d-aaeda09020f2-groupManagement] INFO  server.RaftServerConfigKeys (ConfUtils.java:logGet(46)) - raft.server.read.read-after-write-consistent.write-index-cache.expiry-time = 60s (default)
2024-11-30 15:01:03,333 [af7ee296-5066-44e3-a94d-aaeda09020f2-groupManagement] INFO  server.RaftServerConfigKeys (ConfUtils.java:logGet(46)) - raft.server.rpc.request.timeout = 3000ms (default)
2024-11-30 15:01:03,333 [af7ee296-5066-44e3-a94d-aaeda09020f2-groupManagement] INFO  server.RaftServerConfigKeys (ConfUtils.java:logGet(46)) - raft.server.log.appender.install.snapshot.enabled = false (custom)
2024-11-30 15:01:03,333 [af7ee296-5066-44e3-a94d-aaeda09020f2-groupManagement] INFO  server.RaftServerConfigKeys (ConfUtils.java:logGet(46)) - raft.server.threadpool.server.cached = true (default)
2024-11-30 15:01:03,333 [af7ee296-5066-44e3-a94d-aaeda09020f2-groupManagement] INFO  server.RaftServerConfigKeys (ConfUtils.java:logGet(46)) - raft.server.threadpool.server.size = 0 (default)
2024-11-30 15:01:03,333 [af7ee296-5066-44e3-a94d-aaeda09020f2-groupManagement] INFO  server.RaftServerConfigKeys (ConfUtils.java:logGet(46)) - raft.server.threadpool.client.cached = true (default)
2024-11-30 15:01:03,333 [af7ee296-5066-44e3-a94d-aaeda09020f2-groupManagement] INFO  server.RaftServerConfigKeys (ConfUtils.java:logGet(46)) - raft.server.threadpool.client.size = 0 (default)
2024-11-30 15:01:03,333 [af7ee296-5066-44e3-a94d-aaeda09020f2-groupManagement] INFO  server.RaftServerConfigKeys (ConfUtils.java:logGet(46)) - raft.server.storage.free-space.min = 0MB (=0) (default)
2024-11-30 15:01:03,333 [af7ee296-5066-44e3-a94d-aaeda09020f2-groupManagement] INFO  server.RaftServerConfigKeys (ConfUtils.java:logGet(46)) - raft.server.log.corruption.policy = EXCEPTION (default)
2024-11-30 15:01:03,334 [af7ee296-5066-44e3-a94d-aaeda09020f2-groupManagement] INFO  server.RaftServerConfigKeys (ConfUtils.java:logGet(46)) - raft.server.storage.dir = [/home/runner/work/ozone/ozone/hadoop-ozone/integration-test/target/test-dir/MiniOzoneClusterImpl-e985cbf7-8b64-4e7c-b64c-74e6afbb48f1/ozone-meta/datanode-3/ratis] (custom)
2024-11-30 15:01:03,334 [af7ee296-5066-44e3-a94d-aaeda09020f2-groupManagement] INFO  storage.RaftStorageDirectory (RaftStorageDirectoryImpl.java:analyzeStorage(138)) - The storage directory /home/runner/work/ozone/ozone/hadoop-ozone/integration-test/target/test-dir/MiniOzoneClusterImpl-e985cbf7-8b64-4e7c-b64c-74e6afbb48f1/ozone-meta/datanode-3/ratis/6fa0cb32-10f3-4162-b9fa-006f4fff65fd does not exist. Creating ...
2024-11-30 15:01:03,335 [af7ee296-5066-44e3-a94d-aaeda09020f2-groupManagement] INFO  storage.RaftStorageDirectory (RaftStorageDirectoryImpl.java:tryLock(229)) - Lock on /home/runner/work/ozone/ozone/hadoop-ozone/integration-test/target/test-dir/MiniOzoneClusterImpl-e985cbf7-8b64-4e7c-b64c-74e6afbb48f1/ozone-meta/datanode-3/ratis/6fa0cb32-10f3-4162-b9fa-006f4fff65fd/in_use.lock acquired by nodename 75062@fv-az1244-86
2024-11-30 15:01:03,336 [af7ee296-5066-44e3-a94d-aaeda09020f2-groupManagement] INFO  storage.RaftStorage (RaftStorageImpl.java:format(98)) - Storage directory /home/runner/work/ozone/ozone/hadoop-ozone/integration-test/target/test-dir/MiniOzoneClusterImpl-e985cbf7-8b64-4e7c-b64c-74e6afbb48f1/ozone-meta/datanode-3/ratis/6fa0cb32-10f3-4162-b9fa-006f4fff65fd has been successfully formatted.
2024-11-30 15:01:03,337 [af7ee296-5066-44e3-a94d-aaeda09020f2-groupManagement] INFO  ratis.ContainerStateMachine (ContainerStateMachine.java:initialize(302)) - af7ee296-5066-44e3-a94d-aaeda09020f2: initialize group-006F4FFF65FD
2024-11-30 15:01:03,337 [af7ee296-5066-44e3-a94d-aaeda09020f2-groupManagement] INFO  ratis.ContainerStateMachine (ContainerStateMachine.java:loadSnapshot(310)) - group-006F4FFF65FD: The snapshot info is null. Setting the last applied index to:(t:0, i:~)
2024-11-30 15:01:03,337 [af7ee296-5066-44e3-a94d-aaeda09020f2-groupManagement] INFO  server.RaftServerConfigKeys (ConfUtils.java:logGet(46)) - raft.server.log.use.memory = false (default)
2024-11-30 15:01:03,337 [af7ee296-5066-44e3-a94d-aaeda09020f2-groupManagement] INFO  server.RaftServerConfigKeys (ConfUtils.java:logGet(46)) - raft.server.log.purge.gap = 1000000 (custom)
2024-11-30 15:01:03,337 [af7ee296-5066-44e3-a94d-aaeda09020f2-groupManagement] INFO  server.RaftServerConfigKeys (ConfUtils.java:logGet(46)) - raft.server.log.appender.buffer.byte-limit = 33554432 (custom)
2024-11-30 15:01:03,337 [af7ee296-5066-44e3-a94d-aaeda09020f2-groupManagement] INFO  server.RaftServerConfigKeys (ConfUtils.java:logGet(46)) - raft.server.log.statemachine.data.read.timeout = 1000ms (default)
2024-11-30 15:01:03,337 [af7ee296-5066-44e3-a94d-aaeda09020f2-groupManagement] INFO  server.RaftServerConfigKeys (ConfUtils.java:logGet(46)) - raft.server.log.purge.preservation.log.num = 0 (default)
2024-11-30 15:01:03,338 [af7ee296-5066-44e3-a94d-aaeda09020f2-groupManagement] INFO  server.RaftServerConfigKeys (ConfUtils.java:logGet(46)) - raft.server.log.segment.size.max = 67108864 (custom)
2024-11-30 15:01:03,338 [af7ee296-5066-44e3-a94d-aaeda09020f2-groupManagement] INFO  server.RaftServerConfigKeys (ConfUtils.java:logGet(46)) - raft.server.log.segment.cache.num.max = 2 (custom)
2024-11-30 15:01:03,339 [af7ee296-5066-44e3-a94d-aaeda09020f2-groupManagement] INFO  server.RaftServerConfigKeys (ConfUtils.java:logGet(46)) - raft.server.log.segment.cache.size.max = 200MB (=209715200) (default)
2024-11-30 15:01:03,339 [af7ee296-5066-44e3-a94d-aaeda09020f2-groupManagement] INFO  server.RaftServerConfigKeys (ConfUtils.java:logGet(46)) - raft.server.log.appender.buffer.byte-limit = 33554432 (custom)
2024-11-30 15:01:03,339 [af7ee296-5066-44e3-a94d-aaeda09020f2-groupManagement] INFO  util.AwaitToRun (AwaitToRun.java:start(81)) - Thread[af7ee296-5066-44e3-a94d-aaeda09020f2@group-006F4FFF65FD-cacheEviction-AwaitToRun,5,main] started
2024-11-30 15:01:03,339 [af7ee296-5066-44e3-a94d-aaeda09020f2-groupManagement] INFO  segmented.SegmentedRaftLogWorker (SegmentedRaftLogWorker.java:<init>(188)) - new af7ee296-5066-44e3-a94d-aaeda09020f2@group-006F4FFF65FD-SegmentedRaftLogWorker for RaftStorageImpl:Storage Directory /home/runner/work/ozone/ozone/hadoop-ozone/integration-test/target/test-dir/MiniOzoneClusterImpl-e985cbf7-8b64-4e7c-b64c-74e6afbb48f1/ozone-meta/datanode-3/ratis/6fa0cb32-10f3-4162-b9fa-006f4fff65fd
2024-11-30 15:01:03,339 [af7ee296-5066-44e3-a94d-aaeda09020f2-groupManagement] INFO  server.RaftServerConfigKeys (ConfUtils.java:logGet(46)) - raft.server.log.queue.byte-limit = 4294967296 (custom)
2024-11-30 15:01:03,339 [af7ee296-5066-44e3-a94d-aaeda09020f2-groupManagement] INFO  server.RaftServerConfigKeys (ConfUtils.java:logGet(46)) - raft.server.log.queue.element-limit = 1024 (custom)
2024-11-30 15:01:03,339 [af7ee296-5066-44e3-a94d-aaeda09020f2-groupManagement] INFO  server.RaftServerConfigKeys (ConfUtils.java:logGet(46)) - raft.server.log.segment.size.max = 67108864 (custom)
2024-11-30 15:01:03,339 [af7ee296-5066-44e3-a94d-aaeda09020f2-groupManagement] INFO  server.RaftServerConfigKeys (ConfUtils.java:logGet(46)) - raft.server.log.preallocated.size = 4194304 (custom)
2024-11-30 15:01:03,339 [af7ee296-5066-44e3-a94d-aaeda09020f2-groupManagement] INFO  server.RaftServerConfigKeys (ConfUtils.java:logGet(46)) - raft.server.log.force.sync.num = 128 (default)
2024-11-30 15:01:03,339 [af7ee296-5066-44e3-a94d-aaeda09020f2-groupManagement] INFO  server.RaftServerConfigKeys (ConfUtils.java:logGet(46)) - raft.server.log.statemachine.data.sync = true (default)
2024-11-30 15:01:03,339 [af7ee296-5066-44e3-a94d-aaeda09020f2-groupManagement] INFO  server.RaftServerConfigKeys (ConfUtils.java:logGet(46)) - raft.server.log.statemachine.data.sync.timeout = 10s (default)
2024-11-30 15:01:03,339 [af7ee296-5066-44e3-a94d-aaeda09020f2-groupManagement] INFO  server.RaftServerConfigKeys (ConfUtils.java:logGet(46)) - raft.server.log.statemachine.data.sync.timeout.retry = 30 (custom)
2024-11-30 15:01:03,339 [af7ee296-5066-44e3-a94d-aaeda09020f2-groupManagement] INFO  server.RaftServerConfigKeys (ConfUtils.java:logGet(46)) - raft.server.log.write.buffer.size = 33554440 (custom)
2024-11-30 15:01:03,344 [af7ee296-5066-44e3-a94d-aaeda09020f2-groupManagement] INFO  server.RaftServerConfigKeys (ConfUtils.java:logGet(46)) - raft.server.log.appender.buffer.byte-limit = 33554432 (custom)
2024-11-30 15:01:03,344 [af7ee296-5066-44e3-a94d-aaeda09020f2-groupManagement] INFO  server.RaftServerConfigKeys (ConfUtils.java:logGet(46)) - raft.server.log.unsafe-flush.enabled = false (default)
2024-11-30 15:01:03,344 [af7ee296-5066-44e3-a94d-aaeda09020f2-groupManagement] INFO  server.RaftServerConfigKeys (ConfUtils.java:logGet(46)) - raft.server.log.async-flush.enabled = false (default)
2024-11-30 15:01:03,344 [af7ee296-5066-44e3-a94d-aaeda09020f2-groupManagement] INFO  server.RaftServerConfigKeys (ConfUtils.java:logGet(46)) - raft.server.log.statemachine.data.caching.enabled = true (custom)
2024-11-30 15:01:03,344 [af7ee296-5066-44e3-a94d-aaeda09020f2-groupManagement] INFO  segmented.SegmentedRaftLogWorker (SegmentedRaftLogWorker.java:lambda$new$0(139)) - af7ee296-5066-44e3-a94d-aaeda09020f2@group-006F4FFF65FD-SegmentedRaftLogWorker: flushIndex: setUnconditionally 0 -> -1
2024-11-30 15:01:03,345 [af7ee296-5066-44e3-a94d-aaeda09020f2-groupManagement] INFO  segmented.SegmentedRaftLogWorker (SegmentedRaftLogWorker.java:lambda$new$0(139)) - af7ee296-5066-44e3-a94d-aaeda09020f2@group-006F4FFF65FD-SegmentedRaftLogWorker: safeCacheEvictIndex: setUnconditionally 0 -> -1
2024-11-30 15:01:03,345 [af7ee296-5066-44e3-a94d-aaeda09020f2-groupManagement] INFO  server.RaftServer$Division (RaftServerImpl.java:start(391)) - af7ee296-5066-44e3-a94d-aaeda09020f2@group-006F4FFF65FD: start as a follower, conf=conf: {index: -1, cur=peers:[719b1c3f-249c-457a-8743-b06328301a87|127.0.0.1:15171, af7ee296-5066-44e3-a94d-aaeda09020f2|127.0.0.1:15189, d57daabc-8d0b-4ea3-831e-cde13ca8d1d7|127.0.0.1:15180]|listeners:[], old=null}
2024-11-30 15:01:03,345 [af7ee296-5066-44e3-a94d-aaeda09020f2-groupManagement] INFO  server.RaftServer$Division (RaftServerImpl.java:setRole(378)) - af7ee296-5066-44e3-a94d-aaeda09020f2@group-006F4FFF65FD: changes role from      null to FOLLOWER at term 0 for startAsFollower
2024-11-30 15:01:03,345 [af7ee296-5066-44e3-a94d-aaeda09020f2-groupManagement] INFO  impl.RoleInfo (RoleInfo.java:updateAndGet(148)) - af7ee296-5066-44e3-a94d-aaeda09020f2: start af7ee296-5066-44e3-a94d-aaeda09020f2@group-006F4FFF65FD-FollowerState
2024-11-30 15:01:03,345 [af7ee296-5066-44e3-a94d-aaeda09020f2@group-006F4FFF65FD-FollowerState] INFO  server.RaftServerConfigKeys (ConfUtils.java:logFallback(53)) - raft.server.rpc.first-election.timeout.min = 5s (fallback to raft.server.rpc.timeout.min)
2024-11-30 15:01:03,345 [af7ee296-5066-44e3-a94d-aaeda09020f2-groupManagement] INFO  util.JmxRegister (JmxRegister.java:tryRegister(44)) - Successfully registered JMX Bean with object name Ratis:service=RaftServer,group=group-006F4FFF65FD,id=af7ee296-5066-44e3-a94d-aaeda09020f2
2024-11-30 15:01:03,345 [af7ee296-5066-44e3-a94d-aaeda09020f2-groupManagement] INFO  util.JmxRegister (JmxRegister.java:register(58)) - register mxBean class org.apache.ratis.server.impl.RaftServerJmxAdapter as Ratis:service=RaftServer,group=group-006F4FFF65FD,id=af7ee296-5066-44e3-a94d-aaeda09020f2
2024-11-30 15:01:03,345 [af7ee296-5066-44e3-a94d-aaeda09020f2-groupManagement] INFO  server.RaftServerConfigKeys (ConfUtils.java:logGet(46)) - raft.server.snapshot.trigger-when-stop.enabled = true (default)
2024-11-30 15:01:03,346 [af7ee296-5066-44e3-a94d-aaeda09020f2-groupManagement] INFO  server.RaftServerConfigKeys (ConfUtils.java:logGet(46)) - raft.server.snapshot.trigger-when-remove.enabled = true (default)
2024-11-30 15:01:03,346 [af7ee296-5066-44e3-a94d-aaeda09020f2-groupManagement] INFO  server.RaftServerConfigKeys (ConfUtils.java:logGet(46)) - raft.server.snapshot.auto.trigger.enabled = true (custom)
2024-11-30 15:01:03,346 [af7ee296-5066-44e3-a94d-aaeda09020f2-groupManagement] INFO  server.RaftServerConfigKeys (ConfUtils.java:logGet(46)) - raft.server.snapshot.auto.trigger.threshold = 100000 (custom)
2024-11-30 15:01:03,346 [af7ee296-5066-44e3-a94d-aaeda09020f2-groupManagement] INFO  server.RaftServerConfigKeys (ConfUtils.java:logGet(46)) - raft.server.snapshot.retention.file.num = 5 (custom)
2024-11-30 15:01:03,346 [af7ee296-5066-44e3-a94d-aaeda09020f2-groupManagement] INFO  server.RaftServerConfigKeys (ConfUtils.java:logGet(46)) - raft.server.log.purge.upto.snapshot.index = false (default)
2024-11-30 15:01:03,345 [af7ee296-5066-44e3-a94d-aaeda09020f2@group-006F4FFF65FD-FollowerState] INFO  server.RaftServerConfigKeys (ConfUtils.java:logFallback(53)) - raft.server.rpc.first-election.timeout.max = 5200ms (fallback to raft.server.rpc.timeout.max)
2024-11-30 15:01:03,346 [af7ee296-5066-44e3-a94d-aaeda09020f2-groupManagement] INFO  server.RaftServer$Division (RaftServerImpl.java:start(405)) - af7ee296-5066-44e3-a94d-aaeda09020f2@group-006F4FFF65FD: Successfully started.
2024-11-30 15:01:03,352 [grpc-default-executor-0] INFO  server.RaftServer (RaftServerProxy.java:addNew(100)) - d57daabc-8d0b-4ea3-831e-cde13ca8d1d7: addNew group-006F4FFF65FD:[719b1c3f-249c-457a-8743-b06328301a87|127.0.0.1:15171, af7ee296-5066-44e3-a94d-aaeda09020f2|127.0.0.1:15189, d57daabc-8d0b-4ea3-831e-cde13ca8d1d7|127.0.0.1:15180] returns group-006F4FFF65FD:java.util.concurrent.CompletableFuture@7964e975[Not completed]
2024-11-30 15:01:03,353 [d57daabc-8d0b-4ea3-831e-cde13ca8d1d7-groupManagement] INFO  server.RaftServer$Division (RaftServerImpl.java:<init>(255)) - d57daabc-8d0b-4ea3-831e-cde13ca8d1d7: new RaftServerImpl for group-006F4FFF65FD:[719b1c3f-249c-457a-8743-b06328301a87|127.0.0.1:15171, af7ee296-5066-44e3-a94d-aaeda09020f2|127.0.0.1:15189, d57daabc-8d0b-4ea3-831e-cde13ca8d1d7|127.0.0.1:15180] with ContainerStateMachine:uninitialized
2024-11-30 15:01:03,353 [d57daabc-8d0b-4ea3-831e-cde13ca8d1d7-groupManagement] INFO  server.RaftServerConfigKeys (ConfUtils.java:logGet(46)) - raft.server.rpc.timeout.min = 5s (custom)
2024-11-30 15:01:03,353 [d57daabc-8d0b-4ea3-831e-cde13ca8d1d7-groupManagement] INFO  server.RaftServerConfigKeys (ConfUtils.java:logGet(46)) - raft.server.rpc.timeout.max = 5200ms (custom)
2024-11-30 15:01:03,353 [d57daabc-8d0b-4ea3-831e-cde13ca8d1d7-groupManagement] INFO  server.RaftServerConfigKeys (ConfUtils.java:logGet(46)) - raft.server.rpc.sleep.time = 25ms (default)
2024-11-30 15:01:03,353 [d57daabc-8d0b-4ea3-831e-cde13ca8d1d7-groupManagement] INFO  server.RaftServerConfigKeys (ConfUtils.java:logGet(46)) - raft.server.rpc.slowness.timeout = 300000ms (custom)
2024-11-30 15:01:03,353 [d57daabc-8d0b-4ea3-831e-cde13ca8d1d7-groupManagement] INFO  server.RaftServerConfigKeys (ConfUtils.java:logGet(46)) - raft.server.leaderelection.leader.step-down.wait-time = 10s (default)
2024-11-30 15:01:03,353 [d57daabc-8d0b-4ea3-831e-cde13ca8d1d7-groupManagement] INFO  server.RaftServerConfigKeys (ConfUtils.java:logGet(46)) - raft.server.leaderelection.member.majority-add = false (default)
2024-11-30 15:01:03,353 [d57daabc-8d0b-4ea3-831e-cde13ca8d1d7-groupManagement] INFO  server.RaftServerConfigKeys (ConfUtils.java:logGet(46)) - raft.server.sleep.deviation.threshold = 300ms (default)
2024-11-30 15:01:03,353 [d57daabc-8d0b-4ea3-831e-cde13ca8d1d7-groupManagement] INFO  server.RaftServer$Division (ServerState.java:<init>(114)) - d57daabc-8d0b-4ea3-831e-cde13ca8d1d7@group-006F4FFF65FD: ConfigurationManager, init=conf: {index: -1, cur=peers:[719b1c3f-249c-457a-8743-b06328301a87|127.0.0.1:15171, af7ee296-5066-44e3-a94d-aaeda09020f2|127.0.0.1:15189, d57daabc-8d0b-4ea3-831e-cde13ca8d1d7|127.0.0.1:15180]|listeners:[], old=null}, confs=<EMPTY_MAP>
2024-11-30 15:01:03,353 [d57daabc-8d0b-4ea3-831e-cde13ca8d1d7-groupManagement] INFO  server.RaftServerConfigKeys (ConfUtils.java:logGet(46)) - raft.server.notification.no-leader.timeout = 300000ms (custom)
2024-11-30 15:01:03,353 [d57daabc-8d0b-4ea3-831e-cde13ca8d1d7-groupManagement] INFO  server.RaftServerConfigKeys (ConfUtils.java:logGet(46)) - raft.server.read.timeout = 10s (default)
2024-11-30 15:01:03,353 [d57daabc-8d0b-4ea3-831e-cde13ca8d1d7-groupManagement] INFO  server.RaftServerConfigKeys (ConfUtils.java:logGet(46)) - raft.server.retrycache.expirytime = 600000ms (custom)
2024-11-30 15:01:03,353 [d57daabc-8d0b-4ea3-831e-cde13ca8d1d7-groupManagement] INFO  server.RaftServerConfigKeys (ConfUtils.java:logGet(46)) - raft.server.retrycache.statistics.expirytime = 100ms (default)
2024-11-30 15:01:03,353 [d57daabc-8d0b-4ea3-831e-cde13ca8d1d7-groupManagement] INFO  server.RaftServerConfigKeys (ConfUtils.java:logGet(46)) - raft.server.read.option = DEFAULT (default)
2024-11-30 15:01:03,354 [d57daabc-8d0b-4ea3-831e-cde13ca8d1d7-groupManagement] INFO  server.RaftServerConfigKeys (ConfUtils.java:logGet(46)) - raft.server.read.read-after-write-consistent.write-index-cache.expiry-time = 60s (default)
2024-11-30 15:01:03,356 [d57daabc-8d0b-4ea3-831e-cde13ca8d1d7-groupManagement] INFO  server.RaftServerConfigKeys (ConfUtils.java:logGet(46)) - raft.server.rpc.request.timeout = 3000ms (default)
2024-11-30 15:01:03,356 [d57daabc-8d0b-4ea3-831e-cde13ca8d1d7-groupManagement] INFO  server.RaftServerConfigKeys (ConfUtils.java:logGet(46)) - raft.server.log.appender.install.snapshot.enabled = false (custom)
2024-11-30 15:01:03,356 [d57daabc-8d0b-4ea3-831e-cde13ca8d1d7-groupManagement] INFO  server.RaftServerConfigKeys (ConfUtils.java:logGet(46)) - raft.server.threadpool.server.cached = true (default)
2024-11-30 15:01:03,356 [d57daabc-8d0b-4ea3-831e-cde13ca8d1d7-groupManagement] INFO  server.RaftServerConfigKeys (ConfUtils.java:logGet(46)) - raft.server.threadpool.server.size = 0 (default)
2024-11-30 15:01:03,356 [d57daabc-8d0b-4ea3-831e-cde13ca8d1d7-groupManagement] INFO  server.RaftServerConfigKeys (ConfUtils.java:logGet(46)) - raft.server.threadpool.client.cached = true (default)
2024-11-30 15:01:03,356 [d57daabc-8d0b-4ea3-831e-cde13ca8d1d7-groupManagement] INFO  server.RaftServerConfigKeys (ConfUtils.java:logGet(46)) - raft.server.threadpool.client.size = 0 (default)
2024-11-30 15:01:03,356 [d57daabc-8d0b-4ea3-831e-cde13ca8d1d7-groupManagement] INFO  server.RaftServerConfigKeys (ConfUtils.java:logGet(46)) - raft.server.storage.free-space.min = 0MB (=0) (default)
2024-11-30 15:01:03,356 [d57daabc-8d0b-4ea3-831e-cde13ca8d1d7-groupManagement] INFO  server.RaftServerConfigKeys (ConfUtils.java:logGet(46)) - raft.server.log.corruption.policy = EXCEPTION (default)
2024-11-30 15:01:03,356 [d57daabc-8d0b-4ea3-831e-cde13ca8d1d7-groupManagement] INFO  server.RaftServerConfigKeys (ConfUtils.java:logGet(46)) - raft.server.storage.dir = [/home/runner/work/ozone/ozone/hadoop-ozone/integration-test/target/test-dir/MiniOzoneClusterImpl-e985cbf7-8b64-4e7c-b64c-74e6afbb48f1/ozone-meta/datanode-2/ratis] (custom)
2024-11-30 15:01:03,356 [d57daabc-8d0b-4ea3-831e-cde13ca8d1d7-groupManagement] INFO  storage.RaftStorageDirectory (RaftStorageDirectoryImpl.java:analyzeStorage(138)) - The storage directory /home/runner/work/ozone/ozone/hadoop-ozone/integration-test/target/test-dir/MiniOzoneClusterImpl-e985cbf7-8b64-4e7c-b64c-74e6afbb48f1/ozone-meta/datanode-2/ratis/6fa0cb32-10f3-4162-b9fa-006f4fff65fd does not exist. Creating ...
2024-11-30 15:01:03,358 [d57daabc-8d0b-4ea3-831e-cde13ca8d1d7-groupManagement] INFO  storage.RaftStorageDirectory (RaftStorageDirectoryImpl.java:tryLock(229)) - Lock on /home/runner/work/ozone/ozone/hadoop-ozone/integration-test/target/test-dir/MiniOzoneClusterImpl-e985cbf7-8b64-4e7c-b64c-74e6afbb48f1/ozone-meta/datanode-2/ratis/6fa0cb32-10f3-4162-b9fa-006f4fff65fd/in_use.lock acquired by nodename 75062@fv-az1244-86
2024-11-30 15:01:03,359 [d57daabc-8d0b-4ea3-831e-cde13ca8d1d7-groupManagement] INFO  storage.RaftStorage (RaftStorageImpl.java:format(98)) - Storage directory /home/runner/work/ozone/ozone/hadoop-ozone/integration-test/target/test-dir/MiniOzoneClusterImpl-e985cbf7-8b64-4e7c-b64c-74e6afbb48f1/ozone-meta/datanode-2/ratis/6fa0cb32-10f3-4162-b9fa-006f4fff65fd has been successfully formatted.
2024-11-30 15:01:03,359 [d57daabc-8d0b-4ea3-831e-cde13ca8d1d7-groupManagement] INFO  ratis.ContainerStateMachine (ContainerStateMachine.java:initialize(302)) - d57daabc-8d0b-4ea3-831e-cde13ca8d1d7: initialize group-006F4FFF65FD
2024-11-30 15:01:03,359 [d57daabc-8d0b-4ea3-831e-cde13ca8d1d7-groupManagement] INFO  ratis.ContainerStateMachine (ContainerStateMachine.java:loadSnapshot(310)) - group-006F4FFF65FD: The snapshot info is null. Setting the last applied index to:(t:0, i:~)
2024-11-30 15:01:03,359 [d57daabc-8d0b-4ea3-831e-cde13ca8d1d7-groupManagement] INFO  server.RaftServerConfigKeys (ConfUtils.java:logGet(46)) - raft.server.log.use.memory = false (default)
2024-11-30 15:01:03,360 [d57daabc-8d0b-4ea3-831e-cde13ca8d1d7-groupManagement] INFO  server.RaftServerConfigKeys (ConfUtils.java:logGet(46)) - raft.server.log.purge.gap = 1000000 (custom)
2024-11-30 15:01:03,360 [d57daabc-8d0b-4ea3-831e-cde13ca8d1d7-groupManagement] INFO  server.RaftServerConfigKeys (ConfUtils.java:logGet(46)) - raft.server.log.appender.buffer.byte-limit = 33554432 (custom)
2024-11-30 15:01:03,360 [d57daabc-8d0b-4ea3-831e-cde13ca8d1d7-groupManagement] INFO  server.RaftServerConfigKeys (ConfUtils.java:logGet(46)) - raft.server.log.statemachine.data.read.timeout = 1000ms (default)
2024-11-30 15:01:03,360 [d57daabc-8d0b-4ea3-831e-cde13ca8d1d7-groupManagement] INFO  server.RaftServerConfigKeys (ConfUtils.java:logGet(46)) - raft.server.log.purge.preservation.log.num = 0 (default)
2024-11-30 15:01:03,361 [d57daabc-8d0b-4ea3-831e-cde13ca8d1d7-groupManagement] INFO  server.RaftServerConfigKeys (ConfUtils.java:logGet(46)) - raft.server.log.segment.size.max = 67108864 (custom)
2024-11-30 15:01:03,361 [d57daabc-8d0b-4ea3-831e-cde13ca8d1d7-groupManagement] INFO  server.RaftServerConfigKeys (ConfUtils.java:logGet(46)) - raft.server.log.segment.cache.num.max = 2 (custom)
2024-11-30 15:01:03,361 [d57daabc-8d0b-4ea3-831e-cde13ca8d1d7-groupManagement] INFO  server.RaftServerConfigKeys (ConfUtils.java:logGet(46)) - raft.server.log.segment.cache.size.max = 200MB (=209715200) (default)
2024-11-30 15:01:03,361 [d57daabc-8d0b-4ea3-831e-cde13ca8d1d7-groupManagement] INFO  server.RaftServerConfigKeys (ConfUtils.java:logGet(46)) - raft.server.log.appender.buffer.byte-limit = 33554432 (custom)
2024-11-30 15:01:03,361 [d57daabc-8d0b-4ea3-831e-cde13ca8d1d7-groupManagement] INFO  util.AwaitToRun (AwaitToRun.java:start(81)) - Thread[d57daabc-8d0b-4ea3-831e-cde13ca8d1d7@group-006F4FFF65FD-cacheEviction-AwaitToRun,5,main] started
2024-11-30 15:01:03,362 [d57daabc-8d0b-4ea3-831e-cde13ca8d1d7-groupManagement] INFO  segmented.SegmentedRaftLogWorker (SegmentedRaftLogWorker.java:<init>(188)) - new d57daabc-8d0b-4ea3-831e-cde13ca8d1d7@group-006F4FFF65FD-SegmentedRaftLogWorker for RaftStorageImpl:Storage Directory /home/runner/work/ozone/ozone/hadoop-ozone/integration-test/target/test-dir/MiniOzoneClusterImpl-e985cbf7-8b64-4e7c-b64c-74e6afbb48f1/ozone-meta/datanode-2/ratis/6fa0cb32-10f3-4162-b9fa-006f4fff65fd
2024-11-30 15:01:03,362 [d57daabc-8d0b-4ea3-831e-cde13ca8d1d7-groupManagement] INFO  server.RaftServerConfigKeys (ConfUtils.java:logGet(46)) - raft.server.log.queue.byte-limit = 4294967296 (custom)
2024-11-30 15:01:03,362 [d57daabc-8d0b-4ea3-831e-cde13ca8d1d7-groupManagement] INFO  server.RaftServerConfigKeys (ConfUtils.java:logGet(46)) - raft.server.log.queue.element-limit = 1024 (custom)
2024-11-30 15:01:03,362 [d57daabc-8d0b-4ea3-831e-cde13ca8d1d7-groupManagement] INFO  server.RaftServerConfigKeys (ConfUtils.java:logGet(46)) - raft.server.log.segment.size.max = 67108864 (custom)
2024-11-30 15:01:03,362 [d57daabc-8d0b-4ea3-831e-cde13ca8d1d7-groupManagement] INFO  server.RaftServerConfigKeys (ConfUtils.java:logGet(46)) - raft.server.log.preallocated.size = 4194304 (custom)
2024-11-30 15:01:03,362 [d57daabc-8d0b-4ea3-831e-cde13ca8d1d7-groupManagement] INFO  server.RaftServerConfigKeys (ConfUtils.java:logGet(46)) - raft.server.log.force.sync.num = 128 (default)
2024-11-30 15:01:03,362 [d57daabc-8d0b-4ea3-831e-cde13ca8d1d7-groupManagement] INFO  server.RaftServerConfigKeys (ConfUtils.java:logGet(46)) - raft.server.log.statemachine.data.sync = true (default)
2024-11-30 15:01:03,362 [d57daabc-8d0b-4ea3-831e-cde13ca8d1d7-groupManagement] INFO  server.RaftServerConfigKeys (ConfUtils.java:logGet(46)) - raft.server.log.statemachine.data.sync.timeout = 10s (default)
2024-11-30 15:01:03,362 [d57daabc-8d0b-4ea3-831e-cde13ca8d1d7-groupManagement] INFO  server.RaftServerConfigKeys (ConfUtils.java:logGet(46)) - raft.server.log.statemachine.data.sync.timeout.retry = 30 (custom)
2024-11-30 15:01:03,362 [d57daabc-8d0b-4ea3-831e-cde13ca8d1d7-groupManagement] INFO  server.RaftServerConfigKeys (ConfUtils.java:logGet(46)) - raft.server.log.write.buffer.size = 33554440 (custom)
2024-11-30 15:01:03,368 [d57daabc-8d0b-4ea3-831e-cde13ca8d1d7-groupManagement] INFO  server.RaftServerConfigKeys (ConfUtils.java:logGet(46)) - raft.server.log.appender.buffer.byte-limit = 33554432 (custom)
2024-11-30 15:01:03,368 [d57daabc-8d0b-4ea3-831e-cde13ca8d1d7-groupManagement] INFO  server.RaftServerConfigKeys (ConfUtils.java:logGet(46)) - raft.server.log.unsafe-flush.enabled = false (default)
2024-11-30 15:01:03,368 [d57daabc-8d0b-4ea3-831e-cde13ca8d1d7-groupManagement] INFO  server.RaftServerConfigKeys (ConfUtils.java:logGet(46)) - raft.server.log.async-flush.enabled = false (default)
2024-11-30 15:01:03,368 [d57daabc-8d0b-4ea3-831e-cde13ca8d1d7-groupManagement] INFO  server.RaftServerConfigKeys (ConfUtils.java:logGet(46)) - raft.server.log.statemachine.data.caching.enabled = true (custom)
2024-11-30 15:01:03,368 [d57daabc-8d0b-4ea3-831e-cde13ca8d1d7-groupManagement] INFO  segmented.SegmentedRaftLogWorker (SegmentedRaftLogWorker.java:lambda$new$0(139)) - d57daabc-8d0b-4ea3-831e-cde13ca8d1d7@group-006F4FFF65FD-SegmentedRaftLogWorker: flushIndex: setUnconditionally 0 -> -1
2024-11-30 15:01:03,368 [d57daabc-8d0b-4ea3-831e-cde13ca8d1d7-groupManagement] INFO  segmented.SegmentedRaftLogWorker (SegmentedRaftLogWorker.java:lambda$new$0(139)) - d57daabc-8d0b-4ea3-831e-cde13ca8d1d7@group-006F4FFF65FD-SegmentedRaftLogWorker: safeCacheEvictIndex: setUnconditionally 0 -> -1
2024-11-30 15:01:03,369 [d57daabc-8d0b-4ea3-831e-cde13ca8d1d7-groupManagement] INFO  server.RaftServer$Division (RaftServerImpl.java:start(391)) - d57daabc-8d0b-4ea3-831e-cde13ca8d1d7@group-006F4FFF65FD: start as a follower, conf=conf: {index: -1, cur=peers:[719b1c3f-249c-457a-8743-b06328301a87|127.0.0.1:15171, af7ee296-5066-44e3-a94d-aaeda09020f2|127.0.0.1:15189, d57daabc-8d0b-4ea3-831e-cde13ca8d1d7|127.0.0.1:15180]|listeners:[], old=null}
2024-11-30 15:01:03,369 [d57daabc-8d0b-4ea3-831e-cde13ca8d1d7-groupManagement] INFO  server.RaftServer$Division (RaftServerImpl.java:setRole(378)) - d57daabc-8d0b-4ea3-831e-cde13ca8d1d7@group-006F4FFF65FD: changes role from      null to FOLLOWER at term 0 for startAsFollower
2024-11-30 15:01:03,369 [d57daabc-8d0b-4ea3-831e-cde13ca8d1d7-groupManagement] INFO  impl.RoleInfo (RoleInfo.java:updateAndGet(148)) - d57daabc-8d0b-4ea3-831e-cde13ca8d1d7: start d57daabc-8d0b-4ea3-831e-cde13ca8d1d7@group-006F4FFF65FD-FollowerState
2024-11-30 15:01:03,369 [d57daabc-8d0b-4ea3-831e-cde13ca8d1d7@group-006F4FFF65FD-FollowerState] INFO  server.RaftServerConfigKeys (ConfUtils.java:logFallback(53)) - raft.server.rpc.first-election.timeout.min = 5s (fallback to raft.server.rpc.timeout.min)
2024-11-30 15:01:03,369 [d57daabc-8d0b-4ea3-831e-cde13ca8d1d7-groupManagement] INFO  util.JmxRegister (JmxRegister.java:tryRegister(44)) - Successfully registered JMX Bean with object name Ratis:service=RaftServer,group=group-006F4FFF65FD,id=d57daabc-8d0b-4ea3-831e-cde13ca8d1d7
2024-11-30 15:01:03,369 [d57daabc-8d0b-4ea3-831e-cde13ca8d1d7-groupManagement] INFO  util.JmxRegister (JmxRegister.java:register(58)) - register mxBean class org.apache.ratis.server.impl.RaftServerJmxAdapter as Ratis:service=RaftServer,group=group-006F4FFF65FD,id=d57daabc-8d0b-4ea3-831e-cde13ca8d1d7
2024-11-30 15:01:03,369 [d57daabc-8d0b-4ea3-831e-cde13ca8d1d7-groupManagement] INFO  server.RaftServerConfigKeys (ConfUtils.java:logGet(46)) - raft.server.snapshot.trigger-when-stop.enabled = true (default)
2024-11-30 15:01:03,369 [d57daabc-8d0b-4ea3-831e-cde13ca8d1d7@group-006F4FFF65FD-FollowerState] INFO  server.RaftServerConfigKeys (ConfUtils.java:logFallback(53)) - raft.server.rpc.first-election.timeout.max = 5200ms (fallback to raft.server.rpc.timeout.max)
2024-11-30 15:01:03,369 [d57daabc-8d0b-4ea3-831e-cde13ca8d1d7-groupManagement] INFO  server.RaftServerConfigKeys (ConfUtils.java:logGet(46)) - raft.server.snapshot.trigger-when-remove.enabled = true (default)
2024-11-30 15:01:03,369 [d57daabc-8d0b-4ea3-831e-cde13ca8d1d7-groupManagement] INFO  server.RaftServerConfigKeys (ConfUtils.java:logGet(46)) - raft.server.snapshot.auto.trigger.enabled = true (custom)
2024-11-30 15:01:03,369 [d57daabc-8d0b-4ea3-831e-cde13ca8d1d7-groupManagement] INFO  server.RaftServerConfigKeys (ConfUtils.java:logGet(46)) - raft.server.snapshot.auto.trigger.threshold = 100000 (custom)
2024-11-30 15:01:03,370 [d57daabc-8d0b-4ea3-831e-cde13ca8d1d7-groupManagement] INFO  server.RaftServerConfigKeys (ConfUtils.java:logGet(46)) - raft.server.snapshot.retention.file.num = 5 (custom)
2024-11-30 15:01:03,370 [d57daabc-8d0b-4ea3-831e-cde13ca8d1d7-groupManagement] INFO  server.RaftServerConfigKeys (ConfUtils.java:logGet(46)) - raft.server.log.purge.upto.snapshot.index = false (default)
2024-11-30 15:01:03,370 [d57daabc-8d0b-4ea3-831e-cde13ca8d1d7-groupManagement] INFO  server.RaftServer$Division (RaftServerImpl.java:start(405)) - d57daabc-8d0b-4ea3-831e-cde13ca8d1d7@group-006F4FFF65FD: Successfully started.
2024-11-30 15:01:03,372 [719b1c3f-249c-457a-8743-b06328301a87-PipelineCommandHandlerThread-0] INFO  commandhandler.CreatePipelineCommandHandler (CreatePipelineCommandHandler.java:lambda$handle$2(129)) - Created Pipeline RATIS THREE PipelineID=6fa0cb32-10f3-4162-b9fa-006f4fff65fd.
2024-11-30 15:01:03,397 [d57daabc-8d0b-4ea3-831e-cde13ca8d1d7-PipelineCommandHandlerThread-0] INFO  server.RaftServer (RaftServerProxy.java:addNew(100)) - d57daabc-8d0b-4ea3-831e-cde13ca8d1d7: addNew group-E05DB5954E57:[d57daabc-8d0b-4ea3-831e-cde13ca8d1d7|127.0.0.1:15180] returns group-E05DB5954E57:java.util.concurrent.CompletableFuture@798577a6[Not completed]
2024-11-30 15:01:03,398 [d57daabc-8d0b-4ea3-831e-cde13ca8d1d7-groupManagement] INFO  server.RaftServer$Division (RaftServerImpl.java:<init>(255)) - d57daabc-8d0b-4ea3-831e-cde13ca8d1d7: new RaftServerImpl for group-E05DB5954E57:[d57daabc-8d0b-4ea3-831e-cde13ca8d1d7|127.0.0.1:15180] with ContainerStateMachine:uninitialized
2024-11-30 15:01:03,398 [d57daabc-8d0b-4ea3-831e-cde13ca8d1d7-groupManagement] INFO  server.RaftServerConfigKeys (ConfUtils.java:logGet(46)) - raft.server.rpc.timeout.min = 5s (custom)
2024-11-30 15:01:03,398 [d57daabc-8d0b-4ea3-831e-cde13ca8d1d7-groupManagement] INFO  server.RaftServerConfigKeys (ConfUtils.java:logGet(46)) - raft.server.rpc.timeout.max = 5200ms (custom)
2024-11-30 15:01:03,398 [d57daabc-8d0b-4ea3-831e-cde13ca8d1d7-groupManagement] INFO  server.RaftServerConfigKeys (ConfUtils.java:logGet(46)) - raft.server.rpc.sleep.time = 25ms (default)
2024-11-30 15:01:03,398 [d57daabc-8d0b-4ea3-831e-cde13ca8d1d7-groupManagement] INFO  server.RaftServerConfigKeys (ConfUtils.java:logGet(46)) - raft.server.rpc.slowness.timeout = 300000ms (custom)
2024-11-30 15:01:03,398 [d57daabc-8d0b-4ea3-831e-cde13ca8d1d7-groupManagement] INFO  server.RaftServerConfigKeys (ConfUtils.java:logGet(46)) - raft.server.leaderelection.leader.step-down.wait-time = 10s (default)
2024-11-30 15:01:03,398 [d57daabc-8d0b-4ea3-831e-cde13ca8d1d7-groupManagement] INFO  server.RaftServerConfigKeys (ConfUtils.java:logGet(46)) - raft.server.leaderelection.member.majority-add = false (default)
2024-11-30 15:01:03,398 [d57daabc-8d0b-4ea3-831e-cde13ca8d1d7-groupManagement] INFO  server.RaftServerConfigKeys (ConfUtils.java:logGet(46)) - raft.server.sleep.deviation.threshold = 300ms (default)
2024-11-30 15:01:03,399 [d57daabc-8d0b-4ea3-831e-cde13ca8d1d7-groupManagement] INFO  server.RaftServer$Division (ServerState.java:<init>(114)) - d57daabc-8d0b-4ea3-831e-cde13ca8d1d7@group-E05DB5954E57: ConfigurationManager, init=conf: {index: -1, cur=peers:[d57daabc-8d0b-4ea3-831e-cde13ca8d1d7|127.0.0.1:15180]|listeners:[], old=null}, confs=<EMPTY_MAP>
2024-11-30 15:01:03,399 [d57daabc-8d0b-4ea3-831e-cde13ca8d1d7-groupManagement] INFO  server.RaftServerConfigKeys (ConfUtils.java:logGet(46)) - raft.server.notification.no-leader.timeout = 300000ms (custom)
2024-11-30 15:01:03,399 [d57daabc-8d0b-4ea3-831e-cde13ca8d1d7-groupManagement] INFO  server.RaftServerConfigKeys (ConfUtils.java:logGet(46)) - raft.server.read.timeout = 10s (default)
2024-11-30 15:01:03,399 [d57daabc-8d0b-4ea3-831e-cde13ca8d1d7-groupManagement] INFO  server.RaftServerConfigKeys (ConfUtils.java:logGet(46)) - raft.server.retrycache.expirytime = 600000ms (custom)
2024-11-30 15:01:03,399 [d57daabc-8d0b-4ea3-831e-cde13ca8d1d7-groupManagement] INFO  server.RaftServerConfigKeys (ConfUtils.java:logGet(46)) - raft.server.retrycache.statistics.expirytime = 100ms (default)
2024-11-30 15:01:03,399 [d57daabc-8d0b-4ea3-831e-cde13ca8d1d7-groupManagement] INFO  server.RaftServerConfigKeys (ConfUtils.java:logGet(46)) - raft.server.read.option = DEFAULT (default)
2024-11-30 15:01:03,399 [d57daabc-8d0b-4ea3-831e-cde13ca8d1d7-groupManagement] INFO  server.RaftServerConfigKeys (ConfUtils.java:logGet(46)) - raft.server.read.read-after-write-consistent.write-index-cache.expiry-time = 60s (default)
2024-11-30 15:01:03,401 [d57daabc-8d0b-4ea3-831e-cde13ca8d1d7-groupManagement] INFO  server.RaftServerConfigKeys (ConfUtils.java:logGet(46)) - raft.server.rpc.request.timeout = 3000ms (default)
2024-11-30 15:01:03,401 [d57daabc-8d0b-4ea3-831e-cde13ca8d1d7-groupManagement] INFO  server.RaftServerConfigKeys (ConfUtils.java:logGet(46)) - raft.server.log.appender.install.snapshot.enabled = false (custom)
2024-11-30 15:01:03,401 [d57daabc-8d0b-4ea3-831e-cde13ca8d1d7-groupManagement] INFO  server.RaftServerConfigKeys (ConfUtils.java:logGet(46)) - raft.server.threadpool.server.cached = true (default)
2024-11-30 15:01:03,401 [d57daabc-8d0b-4ea3-831e-cde13ca8d1d7-groupManagement] INFO  server.RaftServerConfigKeys (ConfUtils.java:logGet(46)) - raft.server.threadpool.server.size = 0 (default)
2024-11-30 15:01:03,401 [d57daabc-8d0b-4ea3-831e-cde13ca8d1d7-groupManagement] INFO  server.RaftServerConfigKeys (ConfUtils.java:logGet(46)) - raft.server.threadpool.client.cached = true (default)
2024-11-30 15:01:03,402 [d57daabc-8d0b-4ea3-831e-cde13ca8d1d7-groupManagement] INFO  server.RaftServerConfigKeys (ConfUtils.java:logGet(46)) - raft.server.threadpool.client.size = 0 (default)
2024-11-30 15:01:03,402 [d57daabc-8d0b-4ea3-831e-cde13ca8d1d7-groupManagement] INFO  server.RaftServerConfigKeys (ConfUtils.java:logGet(46)) - raft.server.storage.free-space.min = 0MB (=0) (default)
2024-11-30 15:01:03,402 [d57daabc-8d0b-4ea3-831e-cde13ca8d1d7-groupManagement] INFO  server.RaftServerConfigKeys (ConfUtils.java:logGet(46)) - raft.server.log.corruption.policy = EXCEPTION (default)
2024-11-30 15:01:03,402 [d57daabc-8d0b-4ea3-831e-cde13ca8d1d7-groupManagement] INFO  server.RaftServerConfigKeys (ConfUtils.java:logGet(46)) - raft.server.storage.dir = [/home/runner/work/ozone/ozone/hadoop-ozone/integration-test/target/test-dir/MiniOzoneClusterImpl-e985cbf7-8b64-4e7c-b64c-74e6afbb48f1/ozone-meta/datanode-2/ratis] (custom)
2024-11-30 15:01:03,402 [d57daabc-8d0b-4ea3-831e-cde13ca8d1d7-groupManagement] INFO  storage.RaftStorageDirectory (RaftStorageDirectoryImpl.java:analyzeStorage(138)) - The storage directory /home/runner/work/ozone/ozone/hadoop-ozone/integration-test/target/test-dir/MiniOzoneClusterImpl-e985cbf7-8b64-4e7c-b64c-74e6afbb48f1/ozone-meta/datanode-2/ratis/08b1ff62-7daa-4c81-a90d-e05db5954e57 does not exist. Creating ...
2024-11-30 15:01:03,403 [d57daabc-8d0b-4ea3-831e-cde13ca8d1d7-groupManagement] INFO  storage.RaftStorageDirectory (RaftStorageDirectoryImpl.java:tryLock(229)) - Lock on /home/runner/work/ozone/ozone/hadoop-ozone/integration-test/target/test-dir/MiniOzoneClusterImpl-e985cbf7-8b64-4e7c-b64c-74e6afbb48f1/ozone-meta/datanode-2/ratis/08b1ff62-7daa-4c81-a90d-e05db5954e57/in_use.lock acquired by nodename 75062@fv-az1244-86
2024-11-30 15:01:03,404 [d57daabc-8d0b-4ea3-831e-cde13ca8d1d7-groupManagement] INFO  storage.RaftStorage (RaftStorageImpl.java:format(98)) - Storage directory /home/runner/work/ozone/ozone/hadoop-ozone/integration-test/target/test-dir/MiniOzoneClusterImpl-e985cbf7-8b64-4e7c-b64c-74e6afbb48f1/ozone-meta/datanode-2/ratis/08b1ff62-7daa-4c81-a90d-e05db5954e57 has been successfully formatted.
2024-11-30 15:01:03,405 [d57daabc-8d0b-4ea3-831e-cde13ca8d1d7-groupManagement] INFO  ratis.ContainerStateMachine (ContainerStateMachine.java:initialize(302)) - d57daabc-8d0b-4ea3-831e-cde13ca8d1d7: initialize group-E05DB5954E57
2024-11-30 15:01:03,405 [d57daabc-8d0b-4ea3-831e-cde13ca8d1d7-groupManagement] INFO  ratis.ContainerStateMachine (ContainerStateMachine.java:loadSnapshot(310)) - group-E05DB5954E57: The snapshot info is null. Setting the last applied index to:(t:0, i:~)
2024-11-30 15:01:03,405 [d57daabc-8d0b-4ea3-831e-cde13ca8d1d7-groupManagement] INFO  server.RaftServerConfigKeys (ConfUtils.java:logGet(46)) - raft.server.log.use.memory = false (default)
2024-11-30 15:01:03,405 [d57daabc-8d0b-4ea3-831e-cde13ca8d1d7-groupManagement] INFO  server.RaftServerConfigKeys (ConfUtils.java:logGet(46)) - raft.server.log.purge.gap = 1000000 (custom)
2024-11-30 15:01:03,405 [d57daabc-8d0b-4ea3-831e-cde13ca8d1d7-groupManagement] INFO  server.RaftServerConfigKeys (ConfUtils.java:logGet(46)) - raft.server.log.appender.buffer.byte-limit = 33554432 (custom)
2024-11-30 15:01:03,405 [d57daabc-8d0b-4ea3-831e-cde13ca8d1d7-groupManagement] INFO  server.RaftServerConfigKeys (ConfUtils.java:logGet(46)) - raft.server.log.statemachine.data.read.timeout = 1000ms (default)
2024-11-30 15:01:03,405 [d57daabc-8d0b-4ea3-831e-cde13ca8d1d7-groupManagement] INFO  server.RaftServerConfigKeys (ConfUtils.java:logGet(46)) - raft.server.log.purge.preservation.log.num = 0 (default)
2024-11-30 15:01:03,406 [d57daabc-8d0b-4ea3-831e-cde13ca8d1d7-groupManagement] INFO  server.RaftServerConfigKeys (ConfUtils.java:logGet(46)) - raft.server.log.segment.size.max = 67108864 (custom)
2024-11-30 15:01:03,406 [d57daabc-8d0b-4ea3-831e-cde13ca8d1d7-groupManagement] INFO  server.RaftServerConfigKeys (ConfUtils.java:logGet(46)) - raft.server.log.segment.cache.num.max = 2 (custom)
2024-11-30 15:01:03,406 [d57daabc-8d0b-4ea3-831e-cde13ca8d1d7-groupManagement] INFO  server.RaftServerConfigKeys (ConfUtils.java:logGet(46)) - raft.server.log.segment.cache.size.max = 200MB (=209715200) (default)
2024-11-30 15:01:03,406 [d57daabc-8d0b-4ea3-831e-cde13ca8d1d7-groupManagement] INFO  server.RaftServerConfigKeys (ConfUtils.java:logGet(46)) - raft.server.log.appender.buffer.byte-limit = 33554432 (custom)
2024-11-30 15:01:03,406 [EventQueue-PipelineReportForPipelineReportHandler] INFO  pipeline.PipelineReportHandler (PipelineReportHandler.java:processPipelineReport(147)) - Opened pipeline PipelineID=08b1ff62-7daa-4c81-a90d-e05db5954e57
2024-11-30 15:01:03,406 [EventQueue-OpenPipelineForHealthyPipelineSafeModeRule] INFO  safemode.SCMSafeModeManager (HealthyPipelineSafeModeRule.java:process(140)) - SCM in safe mode. Healthy pipelines reported count is 0, required healthy pipeline reported count is 1
2024-11-30 15:01:03,406 [d57daabc-8d0b-4ea3-831e-cde13ca8d1d7-groupManagement] INFO  util.AwaitToRun (AwaitToRun.java:start(81)) - Thread[d57daabc-8d0b-4ea3-831e-cde13ca8d1d7@group-E05DB5954E57-cacheEviction-AwaitToRun,5,main] started
2024-11-30 15:01:03,407 [d57daabc-8d0b-4ea3-831e-cde13ca8d1d7-groupManagement] INFO  segmented.SegmentedRaftLogWorker (SegmentedRaftLogWorker.java:<init>(188)) - new d57daabc-8d0b-4ea3-831e-cde13ca8d1d7@group-E05DB5954E57-SegmentedRaftLogWorker for RaftStorageImpl:Storage Directory /home/runner/work/ozone/ozone/hadoop-ozone/integration-test/target/test-dir/MiniOzoneClusterImpl-e985cbf7-8b64-4e7c-b64c-74e6afbb48f1/ozone-meta/datanode-2/ratis/08b1ff62-7daa-4c81-a90d-e05db5954e57
2024-11-30 15:01:03,407 [d57daabc-8d0b-4ea3-831e-cde13ca8d1d7-groupManagement] INFO  server.RaftServerConfigKeys (ConfUtils.java:logGet(46)) - raft.server.log.queue.byte-limit = 4294967296 (custom)
2024-11-30 15:01:03,407 [d57daabc-8d0b-4ea3-831e-cde13ca8d1d7-groupManagement] INFO  server.RaftServerConfigKeys (ConfUtils.java:logGet(46)) - raft.server.log.queue.element-limit = 1024 (custom)
2024-11-30 15:01:03,407 [d57daabc-8d0b-4ea3-831e-cde13ca8d1d7-groupManagement] INFO  server.RaftServerConfigKeys (ConfUtils.java:logGet(46)) - raft.server.log.segment.size.max = 67108864 (custom)
2024-11-30 15:01:03,407 [d57daabc-8d0b-4ea3-831e-cde13ca8d1d7-groupManagement] INFO  server.RaftServerConfigKeys (ConfUtils.java:logGet(46)) - raft.server.log.preallocated.size = 4194304 (custom)
2024-11-30 15:01:03,407 [d57daabc-8d0b-4ea3-831e-cde13ca8d1d7-groupManagement] INFO  server.RaftServerConfigKeys (ConfUtils.java:logGet(46)) - raft.server.log.force.sync.num = 128 (default)
2024-11-30 15:01:03,407 [d57daabc-8d0b-4ea3-831e-cde13ca8d1d7-groupManagement] INFO  server.RaftServerConfigKeys (ConfUtils.java:logGet(46)) - raft.server.log.statemachine.data.sync = true (default)
2024-11-30 15:01:03,407 [d57daabc-8d0b-4ea3-831e-cde13ca8d1d7-groupManagement] INFO  server.RaftServerConfigKeys (ConfUtils.java:logGet(46)) - raft.server.log.statemachine.data.sync.timeout = 10s (default)
2024-11-30 15:01:03,407 [d57daabc-8d0b-4ea3-831e-cde13ca8d1d7-groupManagement] INFO  server.RaftServerConfigKeys (ConfUtils.java:logGet(46)) - raft.server.log.statemachine.data.sync.timeout.retry = 30 (custom)
2024-11-30 15:01:03,407 [d57daabc-8d0b-4ea3-831e-cde13ca8d1d7-groupManagement] INFO  server.RaftServerConfigKeys (ConfUtils.java:logGet(46)) - raft.server.log.write.buffer.size = 33554440 (custom)
2024-11-30 15:01:03,415 [d57daabc-8d0b-4ea3-831e-cde13ca8d1d7-groupManagement] INFO  server.RaftServerConfigKeys (ConfUtils.java:logGet(46)) - raft.server.log.appender.buffer.byte-limit = 33554432 (custom)
2024-11-30 15:01:03,415 [d57daabc-8d0b-4ea3-831e-cde13ca8d1d7-groupManagement] INFO  server.RaftServerConfigKeys (ConfUtils.java:logGet(46)) - raft.server.log.unsafe-flush.enabled = false (default)
2024-11-30 15:01:03,415 [d57daabc-8d0b-4ea3-831e-cde13ca8d1d7-groupManagement] INFO  server.RaftServerConfigKeys (ConfUtils.java:logGet(46)) - raft.server.log.async-flush.enabled = false (default)
2024-11-30 15:01:03,415 [d57daabc-8d0b-4ea3-831e-cde13ca8d1d7-groupManagement] INFO  server.RaftServerConfigKeys (ConfUtils.java:logGet(46)) - raft.server.log.statemachine.data.caching.enabled = true (custom)
2024-11-30 15:01:03,415 [d57daabc-8d0b-4ea3-831e-cde13ca8d1d7-groupManagement] INFO  segmented.SegmentedRaftLogWorker (SegmentedRaftLogWorker.java:lambda$new$0(139)) - d57daabc-8d0b-4ea3-831e-cde13ca8d1d7@group-E05DB5954E57-SegmentedRaftLogWorker: flushIndex: setUnconditionally 0 -> -1
2024-11-30 15:01:03,415 [d57daabc-8d0b-4ea3-831e-cde13ca8d1d7-groupManagement] INFO  segmented.SegmentedRaftLogWorker (SegmentedRaftLogWorker.java:lambda$new$0(139)) - d57daabc-8d0b-4ea3-831e-cde13ca8d1d7@group-E05DB5954E57-SegmentedRaftLogWorker: safeCacheEvictIndex: setUnconditionally 0 -> -1
2024-11-30 15:01:03,415 [d57daabc-8d0b-4ea3-831e-cde13ca8d1d7-groupManagement] INFO  server.RaftServer$Division (RaftServerImpl.java:start(391)) - d57daabc-8d0b-4ea3-831e-cde13ca8d1d7@group-E05DB5954E57: start as a follower, conf=conf: {index: -1, cur=peers:[d57daabc-8d0b-4ea3-831e-cde13ca8d1d7|127.0.0.1:15180]|listeners:[], old=null}
2024-11-30 15:01:03,416 [d57daabc-8d0b-4ea3-831e-cde13ca8d1d7-groupManagement] INFO  server.RaftServer$Division (RaftServerImpl.java:setRole(378)) - d57daabc-8d0b-4ea3-831e-cde13ca8d1d7@group-E05DB5954E57: changes role from      null to FOLLOWER at term 0 for startAsFollower
2024-11-30 15:01:03,416 [d57daabc-8d0b-4ea3-831e-cde13ca8d1d7-groupManagement] INFO  impl.RoleInfo (RoleInfo.java:updateAndGet(148)) - d57daabc-8d0b-4ea3-831e-cde13ca8d1d7: start d57daabc-8d0b-4ea3-831e-cde13ca8d1d7@group-E05DB5954E57-FollowerState
2024-11-30 15:01:03,416 [d57daabc-8d0b-4ea3-831e-cde13ca8d1d7@group-E05DB5954E57-FollowerState] INFO  server.RaftServerConfigKeys (ConfUtils.java:logFallback(53)) - raft.server.rpc.first-election.timeout.min = 5s (fallback to raft.server.rpc.timeout.min)
2024-11-30 15:01:03,416 [d57daabc-8d0b-4ea3-831e-cde13ca8d1d7@group-E05DB5954E57-FollowerState] INFO  server.RaftServerConfigKeys (ConfUtils.java:logFallback(53)) - raft.server.rpc.first-election.timeout.max = 5200ms (fallback to raft.server.rpc.timeout.max)
2024-11-30 15:01:03,416 [d57daabc-8d0b-4ea3-831e-cde13ca8d1d7-groupManagement] INFO  util.JmxRegister (JmxRegister.java:tryRegister(44)) - Successfully registered JMX Bean with object name Ratis:service=RaftServer,group=group-E05DB5954E57,id=d57daabc-8d0b-4ea3-831e-cde13ca8d1d7
2024-11-30 15:01:03,416 [d57daabc-8d0b-4ea3-831e-cde13ca8d1d7-groupManagement] INFO  util.JmxRegister (JmxRegister.java:register(58)) - register mxBean class org.apache.ratis.server.impl.RaftServerJmxAdapter as Ratis:service=RaftServer,group=group-E05DB5954E57,id=d57daabc-8d0b-4ea3-831e-cde13ca8d1d7
2024-11-30 15:01:03,416 [d57daabc-8d0b-4ea3-831e-cde13ca8d1d7-groupManagement] INFO  server.RaftServerConfigKeys (ConfUtils.java:logGet(46)) - raft.server.snapshot.trigger-when-stop.enabled = true (default)
2024-11-30 15:01:03,416 [d57daabc-8d0b-4ea3-831e-cde13ca8d1d7-groupManagement] INFO  server.RaftServerConfigKeys (ConfUtils.java:logGet(46)) - raft.server.snapshot.trigger-when-remove.enabled = true (default)
2024-11-30 15:01:03,417 [d57daabc-8d0b-4ea3-831e-cde13ca8d1d7-groupManagement] INFO  server.RaftServerConfigKeys (ConfUtils.java:logGet(46)) - raft.server.snapshot.auto.trigger.enabled = true (custom)
2024-11-30 15:01:03,417 [d57daabc-8d0b-4ea3-831e-cde13ca8d1d7-groupManagement] INFO  server.RaftServerConfigKeys (ConfUtils.java:logGet(46)) - raft.server.snapshot.auto.trigger.threshold = 100000 (custom)
2024-11-30 15:01:03,417 [d57daabc-8d0b-4ea3-831e-cde13ca8d1d7-groupManagement] INFO  server.RaftServerConfigKeys (ConfUtils.java:logGet(46)) - raft.server.snapshot.retention.file.num = 5 (custom)
2024-11-30 15:01:03,417 [d57daabc-8d0b-4ea3-831e-cde13ca8d1d7-groupManagement] INFO  server.RaftServerConfigKeys (ConfUtils.java:logGet(46)) - raft.server.log.purge.upto.snapshot.index = false (default)
2024-11-30 15:01:03,417 [d57daabc-8d0b-4ea3-831e-cde13ca8d1d7-groupManagement] INFO  server.RaftServer$Division (RaftServerImpl.java:start(405)) - d57daabc-8d0b-4ea3-831e-cde13ca8d1d7@group-E05DB5954E57: Successfully started.
2024-11-30 15:01:03,418 [d57daabc-8d0b-4ea3-831e-cde13ca8d1d7-PipelineCommandHandlerThread-0] INFO  ratis.XceiverServerRatis (XceiverServerRatis.java:addGroup(844)) - Created group PipelineID=08b1ff62-7daa-4c81-a90d-e05db5954e57
2024-11-30 15:01:03,418 [d57daabc-8d0b-4ea3-831e-cde13ca8d1d7-PipelineCommandHandlerThread-0] INFO  commandhandler.CreatePipelineCommandHandler (CreatePipelineCommandHandler.java:lambda$handle$2(129)) - Created Pipeline RATIS ONE PipelineID=08b1ff62-7daa-4c81-a90d-e05db5954e57.
2024-11-30 15:01:03,644 [af7ee296-5066-44e3-a94d-aaeda09020f2-PipelineCommandHandlerThread-0] INFO  server.RaftServer (RaftServerProxy.java:addNew(100)) - af7ee296-5066-44e3-a94d-aaeda09020f2: addNew group-0733B6903265:[af7ee296-5066-44e3-a94d-aaeda09020f2|127.0.0.1:15189] returns group-0733B6903265:java.util.concurrent.CompletableFuture@2ffd7baf[Not completed]
2024-11-30 15:01:03,644 [af7ee296-5066-44e3-a94d-aaeda09020f2-groupManagement] INFO  server.RaftServer$Division (RaftServerImpl.java:<init>(255)) - af7ee296-5066-44e3-a94d-aaeda09020f2: new RaftServerImpl for group-0733B6903265:[af7ee296-5066-44e3-a94d-aaeda09020f2|127.0.0.1:15189] with ContainerStateMachine:uninitialized
2024-11-30 15:01:03,645 [af7ee296-5066-44e3-a94d-aaeda09020f2-groupManagement] INFO  server.RaftServerConfigKeys (ConfUtils.java:logGet(46)) - raft.server.rpc.timeout.min = 5s (custom)
2024-11-30 15:01:03,645 [af7ee296-5066-44e3-a94d-aaeda09020f2-groupManagement] INFO  server.RaftServerConfigKeys (ConfUtils.java:logGet(46)) - raft.server.rpc.timeout.max = 5200ms (custom)
2024-11-30 15:01:03,645 [af7ee296-5066-44e3-a94d-aaeda09020f2-groupManagement] INFO  server.RaftServerConfigKeys (ConfUtils.java:logGet(46)) - raft.server.rpc.sleep.time = 25ms (default)
2024-11-30 15:01:03,645 [af7ee296-5066-44e3-a94d-aaeda09020f2-groupManagement] INFO  server.RaftServerConfigKeys (ConfUtils.java:logGet(46)) - raft.server.rpc.slowness.timeout = 300000ms (custom)
2024-11-30 15:01:03,645 [af7ee296-5066-44e3-a94d-aaeda09020f2-groupManagement] INFO  server.RaftServerConfigKeys (ConfUtils.java:logGet(46)) - raft.server.leaderelection.leader.step-down.wait-time = 10s (default)
2024-11-30 15:01:03,645 [af7ee296-5066-44e3-a94d-aaeda09020f2-groupManagement] INFO  server.RaftServerConfigKeys (ConfUtils.java:logGet(46)) - raft.server.leaderelection.member.majority-add = false (default)
2024-11-30 15:01:03,645 [af7ee296-5066-44e3-a94d-aaeda09020f2-groupManagement] INFO  server.RaftServerConfigKeys (ConfUtils.java:logGet(46)) - raft.server.sleep.deviation.threshold = 300ms (default)
2024-11-30 15:01:03,645 [af7ee296-5066-44e3-a94d-aaeda09020f2-groupManagement] INFO  server.RaftServer$Division (ServerState.java:<init>(114)) - af7ee296-5066-44e3-a94d-aaeda09020f2@group-0733B6903265: ConfigurationManager, init=conf: {index: -1, cur=peers:[af7ee296-5066-44e3-a94d-aaeda09020f2|127.0.0.1:15189]|listeners:[], old=null}, confs=<EMPTY_MAP>
2024-11-30 15:01:03,645 [af7ee296-5066-44e3-a94d-aaeda09020f2-groupManagement] INFO  server.RaftServerConfigKeys (ConfUtils.java:logGet(46)) - raft.server.notification.no-leader.timeout = 300000ms (custom)
2024-11-30 15:01:03,645 [af7ee296-5066-44e3-a94d-aaeda09020f2-groupManagement] INFO  server.RaftServerConfigKeys (ConfUtils.java:logGet(46)) - raft.server.read.timeout = 10s (default)
2024-11-30 15:01:03,645 [af7ee296-5066-44e3-a94d-aaeda09020f2-groupManagement] INFO  server.RaftServerConfigKeys (ConfUtils.java:logGet(46)) - raft.server.retrycache.expirytime = 600000ms (custom)
2024-11-30 15:01:03,645 [af7ee296-5066-44e3-a94d-aaeda09020f2-groupManagement] INFO  server.RaftServerConfigKeys (ConfUtils.java:logGet(46)) - raft.server.retrycache.statistics.expirytime = 100ms (default)
2024-11-30 15:01:03,645 [af7ee296-5066-44e3-a94d-aaeda09020f2-groupManagement] INFO  server.RaftServerConfigKeys (ConfUtils.java:logGet(46)) - raft.server.read.option = DEFAULT (default)
2024-11-30 15:01:03,645 [af7ee296-5066-44e3-a94d-aaeda09020f2-groupManagement] INFO  server.RaftServerConfigKeys (ConfUtils.java:logGet(46)) - raft.server.read.read-after-write-consistent.write-index-cache.expiry-time = 60s (default)
2024-11-30 15:01:03,647 [af7ee296-5066-44e3-a94d-aaeda09020f2-groupManagement] INFO  server.RaftServerConfigKeys (ConfUtils.java:logGet(46)) - raft.server.rpc.request.timeout = 3000ms (default)
2024-11-30 15:01:03,647 [af7ee296-5066-44e3-a94d-aaeda09020f2-groupManagement] INFO  server.RaftServerConfigKeys (ConfUtils.java:logGet(46)) - raft.server.log.appender.install.snapshot.enabled = false (custom)
2024-11-30 15:01:03,647 [af7ee296-5066-44e3-a94d-aaeda09020f2-groupManagement] INFO  server.RaftServerConfigKeys (ConfUtils.java:logGet(46)) - raft.server.threadpool.server.cached = true (default)
2024-11-30 15:01:03,647 [af7ee296-5066-44e3-a94d-aaeda09020f2-groupManagement] INFO  server.RaftServerConfigKeys (ConfUtils.java:logGet(46)) - raft.server.threadpool.server.size = 0 (default)
2024-11-30 15:01:03,647 [af7ee296-5066-44e3-a94d-aaeda09020f2-groupManagement] INFO  server.RaftServerConfigKeys (ConfUtils.java:logGet(46)) - raft.server.threadpool.client.cached = true (default)
2024-11-30 15:01:03,647 [af7ee296-5066-44e3-a94d-aaeda09020f2-groupManagement] INFO  server.RaftServerConfigKeys (ConfUtils.java:logGet(46)) - raft.server.threadpool.client.size = 0 (default)
2024-11-30 15:01:03,647 [af7ee296-5066-44e3-a94d-aaeda09020f2-groupManagement] INFO  server.RaftServerConfigKeys (ConfUtils.java:logGet(46)) - raft.server.storage.free-space.min = 0MB (=0) (default)
2024-11-30 15:01:03,647 [af7ee296-5066-44e3-a94d-aaeda09020f2-groupManagement] INFO  server.RaftServerConfigKeys (ConfUtils.java:logGet(46)) - raft.server.log.corruption.policy = EXCEPTION (default)
2024-11-30 15:01:03,647 [af7ee296-5066-44e3-a94d-aaeda09020f2-groupManagement] INFO  server.RaftServerConfigKeys (ConfUtils.java:logGet(46)) - raft.server.storage.dir = [/home/runner/work/ozone/ozone/hadoop-ozone/integration-test/target/test-dir/MiniOzoneClusterImpl-e985cbf7-8b64-4e7c-b64c-74e6afbb48f1/ozone-meta/datanode-3/ratis] (custom)
2024-11-30 15:01:03,648 [af7ee296-5066-44e3-a94d-aaeda09020f2-groupManagement] INFO  storage.RaftStorageDirectory (RaftStorageDirectoryImpl.java:analyzeStorage(138)) - The storage directory /home/runner/work/ozone/ozone/hadoop-ozone/integration-test/target/test-dir/MiniOzoneClusterImpl-e985cbf7-8b64-4e7c-b64c-74e6afbb48f1/ozone-meta/datanode-3/ratis/c8c63d18-dbd2-4844-8eae-0733b6903265 does not exist. Creating ...
2024-11-30 15:01:03,648 [af7ee296-5066-44e3-a94d-aaeda09020f2-groupManagement] INFO  storage.RaftStorageDirectory (RaftStorageDirectoryImpl.java:tryLock(229)) - Lock on /home/runner/work/ozone/ozone/hadoop-ozone/integration-test/target/test-dir/MiniOzoneClusterImpl-e985cbf7-8b64-4e7c-b64c-74e6afbb48f1/ozone-meta/datanode-3/ratis/c8c63d18-dbd2-4844-8eae-0733b6903265/in_use.lock acquired by nodename 75062@fv-az1244-86
2024-11-30 15:01:03,649 [af7ee296-5066-44e3-a94d-aaeda09020f2-groupManagement] INFO  storage.RaftStorage (RaftStorageImpl.java:format(98)) - Storage directory /home/runner/work/ozone/ozone/hadoop-ozone/integration-test/target/test-dir/MiniOzoneClusterImpl-e985cbf7-8b64-4e7c-b64c-74e6afbb48f1/ozone-meta/datanode-3/ratis/c8c63d18-dbd2-4844-8eae-0733b6903265 has been successfully formatted.
2024-11-30 15:01:03,650 [af7ee296-5066-44e3-a94d-aaeda09020f2-groupManagement] INFO  ratis.ContainerStateMachine (ContainerStateMachine.java:initialize(302)) - af7ee296-5066-44e3-a94d-aaeda09020f2: initialize group-0733B6903265
2024-11-30 15:01:03,650 [af7ee296-5066-44e3-a94d-aaeda09020f2-groupManagement] INFO  ratis.ContainerStateMachine (ContainerStateMachine.java:loadSnapshot(310)) - group-0733B6903265: The snapshot info is null. Setting the last applied index to:(t:0, i:~)
2024-11-30 15:01:03,650 [af7ee296-5066-44e3-a94d-aaeda09020f2-groupManagement] INFO  server.RaftServerConfigKeys (ConfUtils.java:logGet(46)) - raft.server.log.use.memory = false (default)
2024-11-30 15:01:03,650 [af7ee296-5066-44e3-a94d-aaeda09020f2-groupManagement] INFO  server.RaftServerConfigKeys (ConfUtils.java:logGet(46)) - raft.server.log.purge.gap = 1000000 (custom)
2024-11-30 15:01:03,650 [af7ee296-5066-44e3-a94d-aaeda09020f2-groupManagement] INFO  server.RaftServerConfigKeys (ConfUtils.java:logGet(46)) - raft.server.log.appender.buffer.byte-limit = 33554432 (custom)
2024-11-30 15:01:03,650 [af7ee296-5066-44e3-a94d-aaeda09020f2-groupManagement] INFO  server.RaftServerConfigKeys (ConfUtils.java:logGet(46)) - raft.server.log.statemachine.data.read.timeout = 1000ms (default)
2024-11-30 15:01:03,650 [af7ee296-5066-44e3-a94d-aaeda09020f2-groupManagement] INFO  server.RaftServerConfigKeys (ConfUtils.java:logGet(46)) - raft.server.log.purge.preservation.log.num = 0 (default)
2024-11-30 15:01:03,651 [af7ee296-5066-44e3-a94d-aaeda09020f2-groupManagement] INFO  server.RaftServerConfigKeys (ConfUtils.java:logGet(46)) - raft.server.log.segment.size.max = 67108864 (custom)
2024-11-30 15:01:03,651 [af7ee296-5066-44e3-a94d-aaeda09020f2-groupManagement] INFO  server.RaftServerConfigKeys (ConfUtils.java:logGet(46)) - raft.server.log.segment.cache.num.max = 2 (custom)
2024-11-30 15:01:03,651 [af7ee296-5066-44e3-a94d-aaeda09020f2-groupManagement] INFO  server.RaftServerConfigKeys (ConfUtils.java:logGet(46)) - raft.server.log.segment.cache.size.max = 200MB (=209715200) (default)
2024-11-30 15:01:03,651 [af7ee296-5066-44e3-a94d-aaeda09020f2-groupManagement] INFO  server.RaftServerConfigKeys (ConfUtils.java:logGet(46)) - raft.server.log.appender.buffer.byte-limit = 33554432 (custom)
2024-11-30 15:01:03,651 [EventQueue-PipelineReportForPipelineReportHandler] INFO  pipeline.PipelineReportHandler (PipelineReportHandler.java:processPipelineReport(147)) - Opened pipeline PipelineID=c8c63d18-dbd2-4844-8eae-0733b6903265
2024-11-30 15:01:03,651 [af7ee296-5066-44e3-a94d-aaeda09020f2-groupManagement] INFO  util.AwaitToRun (AwaitToRun.java:start(81)) - Thread[af7ee296-5066-44e3-a94d-aaeda09020f2@group-0733B6903265-cacheEviction-AwaitToRun,5,main] started
2024-11-30 15:01:03,651 [EventQueue-OpenPipelineForHealthyPipelineSafeModeRule] INFO  safemode.SCMSafeModeManager (HealthyPipelineSafeModeRule.java:process(140)) - SCM in safe mode. Healthy pipelines reported count is 0, required healthy pipeline reported count is 1
2024-11-30 15:01:03,651 [af7ee296-5066-44e3-a94d-aaeda09020f2-groupManagement] INFO  segmented.SegmentedRaftLogWorker (SegmentedRaftLogWorker.java:<init>(188)) - new af7ee296-5066-44e3-a94d-aaeda09020f2@group-0733B6903265-SegmentedRaftLogWorker for RaftStorageImpl:Storage Directory /home/runner/work/ozone/ozone/hadoop-ozone/integration-test/target/test-dir/MiniOzoneClusterImpl-e985cbf7-8b64-4e7c-b64c-74e6afbb48f1/ozone-meta/datanode-3/ratis/c8c63d18-dbd2-4844-8eae-0733b6903265
2024-11-30 15:01:03,652 [af7ee296-5066-44e3-a94d-aaeda09020f2-groupManagement] INFO  server.RaftServerConfigKeys (ConfUtils.java:logGet(46)) - raft.server.log.queue.byte-limit = 4294967296 (custom)
2024-11-30 15:01:03,652 [af7ee296-5066-44e3-a94d-aaeda09020f2-groupManagement] INFO  server.RaftServerConfigKeys (ConfUtils.java:logGet(46)) - raft.server.log.queue.element-limit = 1024 (custom)
2024-11-30 15:01:03,652 [af7ee296-5066-44e3-a94d-aaeda09020f2-groupManagement] INFO  server.RaftServerConfigKeys (ConfUtils.java:logGet(46)) - raft.server.log.segment.size.max = 67108864 (custom)
2024-11-30 15:01:03,652 [af7ee296-5066-44e3-a94d-aaeda09020f2-groupManagement] INFO  server.RaftServerConfigKeys (ConfUtils.java:logGet(46)) - raft.server.log.preallocated.size = 4194304 (custom)
2024-11-30 15:01:03,652 [af7ee296-5066-44e3-a94d-aaeda09020f2-groupManagement] INFO  server.RaftServerConfigKeys (ConfUtils.java:logGet(46)) - raft.server.log.force.sync.num = 128 (default)
2024-11-30 15:01:03,652 [af7ee296-5066-44e3-a94d-aaeda09020f2-groupManagement] INFO  server.RaftServerConfigKeys (ConfUtils.java:logGet(46)) - raft.server.log.statemachine.data.sync = true (default)
2024-11-30 15:01:03,652 [af7ee296-5066-44e3-a94d-aaeda09020f2-groupManagement] INFO  server.RaftServerConfigKeys (ConfUtils.java:logGet(46)) - raft.server.log.statemachine.data.sync.timeout = 10s (default)
2024-11-30 15:01:03,652 [af7ee296-5066-44e3-a94d-aaeda09020f2-groupManagement] INFO  server.RaftServerConfigKeys (ConfUtils.java:logGet(46)) - raft.server.log.statemachine.data.sync.timeout.retry = 30 (custom)
2024-11-30 15:01:03,652 [af7ee296-5066-44e3-a94d-aaeda09020f2-groupManagement] INFO  server.RaftServerConfigKeys (ConfUtils.java:logGet(46)) - raft.server.log.write.buffer.size = 33554440 (custom)
2024-11-30 15:01:03,659 [af7ee296-5066-44e3-a94d-aaeda09020f2-groupManagement] INFO  server.RaftServerConfigKeys (ConfUtils.java:logGet(46)) - raft.server.log.appender.buffer.byte-limit = 33554432 (custom)
2024-11-30 15:01:03,659 [af7ee296-5066-44e3-a94d-aaeda09020f2-groupManagement] INFO  server.RaftServerConfigKeys (ConfUtils.java:logGet(46)) - raft.server.log.unsafe-flush.enabled = false (default)
2024-11-30 15:01:03,659 [af7ee296-5066-44e3-a94d-aaeda09020f2-groupManagement] INFO  server.RaftServerConfigKeys (ConfUtils.java:logGet(46)) - raft.server.log.async-flush.enabled = false (default)
2024-11-30 15:01:03,659 [af7ee296-5066-44e3-a94d-aaeda09020f2-groupManagement] INFO  server.RaftServerConfigKeys (ConfUtils.java:logGet(46)) - raft.server.log.statemachine.data.caching.enabled = true (custom)
2024-11-30 15:01:03,660 [af7ee296-5066-44e3-a94d-aaeda09020f2-groupManagement] INFO  segmented.SegmentedRaftLogWorker (SegmentedRaftLogWorker.java:lambda$new$0(139)) - af7ee296-5066-44e3-a94d-aaeda09020f2@group-0733B6903265-SegmentedRaftLogWorker: flushIndex: setUnconditionally 0 -> -1
2024-11-30 15:01:03,660 [af7ee296-5066-44e3-a94d-aaeda09020f2-groupManagement] INFO  segmented.SegmentedRaftLogWorker (SegmentedRaftLogWorker.java:lambda$new$0(139)) - af7ee296-5066-44e3-a94d-aaeda09020f2@group-0733B6903265-SegmentedRaftLogWorker: safeCacheEvictIndex: setUnconditionally 0 -> -1
2024-11-30 15:01:03,660 [af7ee296-5066-44e3-a94d-aaeda09020f2-groupManagement] INFO  server.RaftServer$Division (RaftServerImpl.java:start(391)) - af7ee296-5066-44e3-a94d-aaeda09020f2@group-0733B6903265: start as a follower, conf=conf: {index: -1, cur=peers:[af7ee296-5066-44e3-a94d-aaeda09020f2|127.0.0.1:15189]|listeners:[], old=null}
2024-11-30 15:01:03,660 [af7ee296-5066-44e3-a94d-aaeda09020f2-groupManagement] INFO  server.RaftServer$Division (RaftServerImpl.java:setRole(378)) - af7ee296-5066-44e3-a94d-aaeda09020f2@group-0733B6903265: changes role from      null to FOLLOWER at term 0 for startAsFollower
2024-11-30 15:01:03,660 [af7ee296-5066-44e3-a94d-aaeda09020f2-groupManagement] INFO  impl.RoleInfo (RoleInfo.java:updateAndGet(148)) - af7ee296-5066-44e3-a94d-aaeda09020f2: start af7ee296-5066-44e3-a94d-aaeda09020f2@group-0733B6903265-FollowerState
2024-11-30 15:01:03,661 [af7ee296-5066-44e3-a94d-aaeda09020f2@group-0733B6903265-FollowerState] INFO  server.RaftServerConfigKeys (ConfUtils.java:logFallback(53)) - raft.server.rpc.first-election.timeout.min = 5s (fallback to raft.server.rpc.timeout.min)
2024-11-30 15:01:03,661 [af7ee296-5066-44e3-a94d-aaeda09020f2-groupManagement] INFO  util.JmxRegister (JmxRegister.java:tryRegister(44)) - Successfully registered JMX Bean with object name Ratis:service=RaftServer,group=group-0733B6903265,id=af7ee296-5066-44e3-a94d-aaeda09020f2
2024-11-30 15:01:03,661 [af7ee296-5066-44e3-a94d-aaeda09020f2-groupManagement] INFO  util.JmxRegister (JmxRegister.java:register(58)) - register mxBean class org.apache.ratis.server.impl.RaftServerJmxAdapter as Ratis:service=RaftServer,group=group-0733B6903265,id=af7ee296-5066-44e3-a94d-aaeda09020f2
2024-11-30 15:01:03,661 [af7ee296-5066-44e3-a94d-aaeda09020f2@group-0733B6903265-FollowerState] INFO  server.RaftServerConfigKeys (ConfUtils.java:logFallback(53)) - raft.server.rpc.first-election.timeout.max = 5200ms (fallback to raft.server.rpc.timeout.max)
2024-11-30 15:01:03,661 [af7ee296-5066-44e3-a94d-aaeda09020f2-groupManagement] INFO  server.RaftServerConfigKeys (ConfUtils.java:logGet(46)) - raft.server.snapshot.trigger-when-stop.enabled = true (default)
2024-11-30 15:01:03,661 [af7ee296-5066-44e3-a94d-aaeda09020f2-groupManagement] INFO  server.RaftServerConfigKeys (ConfUtils.java:logGet(46)) - raft.server.snapshot.trigger-when-remove.enabled = true (default)
2024-11-30 15:01:03,661 [af7ee296-5066-44e3-a94d-aaeda09020f2-groupManagement] INFO  server.RaftServerConfigKeys (ConfUtils.java:logGet(46)) - raft.server.snapshot.auto.trigger.enabled = true (custom)
2024-11-30 15:01:03,661 [af7ee296-5066-44e3-a94d-aaeda09020f2-groupManagement] INFO  server.RaftServerConfigKeys (ConfUtils.java:logGet(46)) - raft.server.snapshot.auto.trigger.threshold = 100000 (custom)
2024-11-30 15:01:03,661 [af7ee296-5066-44e3-a94d-aaeda09020f2-groupManagement] INFO  server.RaftServerConfigKeys (ConfUtils.java:logGet(46)) - raft.server.snapshot.retention.file.num = 5 (custom)
2024-11-30 15:01:03,661 [af7ee296-5066-44e3-a94d-aaeda09020f2-groupManagement] INFO  server.RaftServerConfigKeys (ConfUtils.java:logGet(46)) - raft.server.log.purge.upto.snapshot.index = false (default)
2024-11-30 15:01:03,662 [af7ee296-5066-44e3-a94d-aaeda09020f2-groupManagement] INFO  server.RaftServer$Division (RaftServerImpl.java:start(405)) - af7ee296-5066-44e3-a94d-aaeda09020f2@group-0733B6903265: Successfully started.
2024-11-30 15:01:03,662 [af7ee296-5066-44e3-a94d-aaeda09020f2-PipelineCommandHandlerThread-0] INFO  ratis.XceiverServerRatis (XceiverServerRatis.java:addGroup(844)) - Created group PipelineID=c8c63d18-dbd2-4844-8eae-0733b6903265
2024-11-30 15:01:03,662 [af7ee296-5066-44e3-a94d-aaeda09020f2-PipelineCommandHandlerThread-0] INFO  commandhandler.CreatePipelineCommandHandler (CreatePipelineCommandHandler.java:lambda$handle$2(129)) - Created Pipeline RATIS ONE PipelineID=c8c63d18-dbd2-4844-8eae-0733b6903265.
2024-11-30 15:01:03,911 [dd630ec0-84d9-4473-8f61-cbcf66d1795a-PipelineCommandHandlerThread-0] INFO  server.RaftServer (RaftServerProxy.java:addNew(100)) - dd630ec0-84d9-4473-8f61-cbcf66d1795a: addNew group-4AD3EB28E0D6:[dd630ec0-84d9-4473-8f61-cbcf66d1795a|127.0.0.1:15198] returns group-4AD3EB28E0D6:java.util.concurrent.CompletableFuture@4bff73ca[Not completed]
2024-11-30 15:01:03,912 [dd630ec0-84d9-4473-8f61-cbcf66d1795a-groupManagement] INFO  server.RaftServer$Division (RaftServerImpl.java:<init>(255)) - dd630ec0-84d9-4473-8f61-cbcf66d1795a: new RaftServerImpl for group-4AD3EB28E0D6:[dd630ec0-84d9-4473-8f61-cbcf66d1795a|127.0.0.1:15198] with ContainerStateMachine:uninitialized
2024-11-30 15:01:03,912 [dd630ec0-84d9-4473-8f61-cbcf66d1795a-groupManagement] INFO  server.RaftServerConfigKeys (ConfUtils.java:logGet(46)) - raft.server.rpc.timeout.min = 5s (custom)
2024-11-30 15:01:03,912 [dd630ec0-84d9-4473-8f61-cbcf66d1795a-groupManagement] INFO  server.RaftServerConfigKeys (ConfUtils.java:logGet(46)) - raft.server.rpc.timeout.max = 5200ms (custom)
2024-11-30 15:01:03,912 [dd630ec0-84d9-4473-8f61-cbcf66d1795a-groupManagement] INFO  server.RaftServerConfigKeys (ConfUtils.java:logGet(46)) - raft.server.rpc.sleep.time = 25ms (default)
2024-11-30 15:01:03,912 [dd630ec0-84d9-4473-8f61-cbcf66d1795a-groupManagement] INFO  server.RaftServerConfigKeys (ConfUtils.java:logGet(46)) - raft.server.rpc.slowness.timeout = 300000ms (custom)
2024-11-30 15:01:03,912 [dd630ec0-84d9-4473-8f61-cbcf66d1795a-groupManagement] INFO  server.RaftServerConfigKeys (ConfUtils.java:logGet(46)) - raft.server.leaderelection.leader.step-down.wait-time = 10s (default)
2024-11-30 15:01:03,912 [dd630ec0-84d9-4473-8f61-cbcf66d1795a-groupManagement] INFO  server.RaftServerConfigKeys (ConfUtils.java:logGet(46)) - raft.server.leaderelection.member.majority-add = false (default)
2024-11-30 15:01:03,912 [dd630ec0-84d9-4473-8f61-cbcf66d1795a-groupManagement] INFO  server.RaftServerConfigKeys (ConfUtils.java:logGet(46)) - raft.server.sleep.deviation.threshold = 300ms (default)
2024-11-30 15:01:03,912 [dd630ec0-84d9-4473-8f61-cbcf66d1795a-groupManagement] INFO  server.RaftServer$Division (ServerState.java:<init>(114)) - dd630ec0-84d9-4473-8f61-cbcf66d1795a@group-4AD3EB28E0D6: ConfigurationManager, init=conf: {index: -1, cur=peers:[dd630ec0-84d9-4473-8f61-cbcf66d1795a|127.0.0.1:15198]|listeners:[], old=null}, confs=<EMPTY_MAP>
2024-11-30 15:01:03,913 [dd630ec0-84d9-4473-8f61-cbcf66d1795a-groupManagement] INFO  server.RaftServerConfigKeys (ConfUtils.java:logGet(46)) - raft.server.notification.no-leader.timeout = 300000ms (custom)
2024-11-30 15:01:03,913 [dd630ec0-84d9-4473-8f61-cbcf66d1795a-groupManagement] INFO  server.RaftServerConfigKeys (ConfUtils.java:logGet(46)) - raft.server.read.timeout = 10s (default)
2024-11-30 15:01:03,913 [dd630ec0-84d9-4473-8f61-cbcf66d1795a-groupManagement] INFO  server.RaftServerConfigKeys (ConfUtils.java:logGet(46)) - raft.server.retrycache.expirytime = 600000ms (custom)
2024-11-30 15:01:03,913 [dd630ec0-84d9-4473-8f61-cbcf66d1795a-groupManagement] INFO  server.RaftServerConfigKeys (ConfUtils.java:logGet(46)) - raft.server.retrycache.statistics.expirytime = 100ms (default)
2024-11-30 15:01:03,913 [dd630ec0-84d9-4473-8f61-cbcf66d1795a-groupManagement] INFO  server.RaftServerConfigKeys (ConfUtils.java:logGet(46)) - raft.server.read.option = DEFAULT (default)
2024-11-30 15:01:03,913 [dd630ec0-84d9-4473-8f61-cbcf66d1795a-groupManagement] INFO  server.RaftServerConfigKeys (ConfUtils.java:logGet(46)) - raft.server.read.read-after-write-consistent.write-index-cache.expiry-time = 60s (default)
2024-11-30 15:01:03,914 [dd630ec0-84d9-4473-8f61-cbcf66d1795a-groupManagement] INFO  server.RaftServerConfigKeys (ConfUtils.java:logGet(46)) - raft.server.rpc.request.timeout = 3000ms (default)
2024-11-30 15:01:03,914 [dd630ec0-84d9-4473-8f61-cbcf66d1795a-groupManagement] INFO  server.RaftServerConfigKeys (ConfUtils.java:logGet(46)) - raft.server.log.appender.install.snapshot.enabled = false (custom)
2024-11-30 15:01:03,914 [dd630ec0-84d9-4473-8f61-cbcf66d1795a-groupManagement] INFO  server.RaftServerConfigKeys (ConfUtils.java:logGet(46)) - raft.server.threadpool.server.cached = true (default)
2024-11-30 15:01:03,915 [dd630ec0-84d9-4473-8f61-cbcf66d1795a-groupManagement] INFO  server.RaftServerConfigKeys (ConfUtils.java:logGet(46)) - raft.server.threadpool.server.size = 0 (default)
2024-11-30 15:01:03,915 [dd630ec0-84d9-4473-8f61-cbcf66d1795a-groupManagement] INFO  server.RaftServerConfigKeys (ConfUtils.java:logGet(46)) - raft.server.threadpool.client.cached = true (default)
2024-11-30 15:01:03,915 [dd630ec0-84d9-4473-8f61-cbcf66d1795a-groupManagement] INFO  server.RaftServerConfigKeys (ConfUtils.java:logGet(46)) - raft.server.threadpool.client.size = 0 (default)
2024-11-30 15:01:03,915 [dd630ec0-84d9-4473-8f61-cbcf66d1795a-groupManagement] INFO  server.RaftServerConfigKeys (ConfUtils.java:logGet(46)) - raft.server.storage.free-space.min = 0MB (=0) (default)
2024-11-30 15:01:03,915 [dd630ec0-84d9-4473-8f61-cbcf66d1795a-groupManagement] INFO  server.RaftServerConfigKeys (ConfUtils.java:logGet(46)) - raft.server.log.corruption.policy = EXCEPTION (default)
2024-11-30 15:01:03,915 [dd630ec0-84d9-4473-8f61-cbcf66d1795a-groupManagement] INFO  server.RaftServerConfigKeys (ConfUtils.java:logGet(46)) - raft.server.storage.dir = [/home/runner/work/ozone/ozone/hadoop-ozone/integration-test/target/test-dir/MiniOzoneClusterImpl-e985cbf7-8b64-4e7c-b64c-74e6afbb48f1/ozone-meta/datanode-4/ratis] (custom)
2024-11-30 15:01:03,915 [dd630ec0-84d9-4473-8f61-cbcf66d1795a-groupManagement] INFO  storage.RaftStorageDirectory (RaftStorageDirectoryImpl.java:analyzeStorage(138)) - The storage directory /home/runner/work/ozone/ozone/hadoop-ozone/integration-test/target/test-dir/MiniOzoneClusterImpl-e985cbf7-8b64-4e7c-b64c-74e6afbb48f1/ozone-meta/datanode-4/ratis/262bd9ab-35b4-4ba0-8e39-4ad3eb28e0d6 does not exist. Creating ...
2024-11-30 15:01:03,916 [dd630ec0-84d9-4473-8f61-cbcf66d1795a-groupManagement] INFO  storage.RaftStorageDirectory (RaftStorageDirectoryImpl.java:tryLock(229)) - Lock on /home/runner/work/ozone/ozone/hadoop-ozone/integration-test/target/test-dir/MiniOzoneClusterImpl-e985cbf7-8b64-4e7c-b64c-74e6afbb48f1/ozone-meta/datanode-4/ratis/262bd9ab-35b4-4ba0-8e39-4ad3eb28e0d6/in_use.lock acquired by nodename 75062@fv-az1244-86
2024-11-30 15:01:03,917 [dd630ec0-84d9-4473-8f61-cbcf66d1795a-groupManagement] INFO  storage.RaftStorage (RaftStorageImpl.java:format(98)) - Storage directory /home/runner/work/ozone/ozone/hadoop-ozone/integration-test/target/test-dir/MiniOzoneClusterImpl-e985cbf7-8b64-4e7c-b64c-74e6afbb48f1/ozone-meta/datanode-4/ratis/262bd9ab-35b4-4ba0-8e39-4ad3eb28e0d6 has been successfully formatted.
2024-11-30 15:01:03,917 [dd630ec0-84d9-4473-8f61-cbcf66d1795a-groupManagement] INFO  ratis.ContainerStateMachine (ContainerStateMachine.java:initialize(302)) - dd630ec0-84d9-4473-8f61-cbcf66d1795a: initialize group-4AD3EB28E0D6
2024-11-30 15:01:03,917 [dd630ec0-84d9-4473-8f61-cbcf66d1795a-groupManagement] INFO  ratis.ContainerStateMachine (ContainerStateMachine.java:loadSnapshot(310)) - group-4AD3EB28E0D6: The snapshot info is null. Setting the last applied index to:(t:0, i:~)
2024-11-30 15:01:03,917 [dd630ec0-84d9-4473-8f61-cbcf66d1795a-groupManagement] INFO  server.RaftServerConfigKeys (ConfUtils.java:logGet(46)) - raft.server.log.use.memory = false (default)
2024-11-30 15:01:03,918 [dd630ec0-84d9-4473-8f61-cbcf66d1795a-groupManagement] INFO  server.RaftServerConfigKeys (ConfUtils.java:logGet(46)) - raft.server.log.purge.gap = 1000000 (custom)
2024-11-30 15:01:03,918 [dd630ec0-84d9-4473-8f61-cbcf66d1795a-groupManagement] INFO  server.RaftServerConfigKeys (ConfUtils.java:logGet(46)) - raft.server.log.appender.buffer.byte-limit = 33554432 (custom)
2024-11-30 15:01:03,918 [dd630ec0-84d9-4473-8f61-cbcf66d1795a-groupManagement] INFO  server.RaftServerConfigKeys (ConfUtils.java:logGet(46)) - raft.server.log.statemachine.data.read.timeout = 1000ms (default)
2024-11-30 15:01:03,918 [dd630ec0-84d9-4473-8f61-cbcf66d1795a-groupManagement] INFO  server.RaftServerConfigKeys (ConfUtils.java:logGet(46)) - raft.server.log.purge.preservation.log.num = 0 (default)
2024-11-30 15:01:03,919 [EventQueue-PipelineReportForPipelineReportHandler] INFO  pipeline.PipelineReportHandler (PipelineReportHandler.java:processPipelineReport(147)) - Opened pipeline PipelineID=262bd9ab-35b4-4ba0-8e39-4ad3eb28e0d6
2024-11-30 15:01:03,919 [EventQueue-OpenPipelineForHealthyPipelineSafeModeRule] INFO  safemode.SCMSafeModeManager (HealthyPipelineSafeModeRule.java:process(140)) - SCM in safe mode. Healthy pipelines reported count is 0, required healthy pipeline reported count is 1
2024-11-30 15:01:03,919 [dd630ec0-84d9-4473-8f61-cbcf66d1795a-groupManagement] INFO  server.RaftServerConfigKeys (ConfUtils.java:logGet(46)) - raft.server.log.segment.size.max = 67108864 (custom)
2024-11-30 15:01:03,919 [dd630ec0-84d9-4473-8f61-cbcf66d1795a-groupManagement] INFO  server.RaftServerConfigKeys (ConfUtils.java:logGet(46)) - raft.server.log.segment.cache.num.max = 2 (custom)
2024-11-30 15:01:03,919 [dd630ec0-84d9-4473-8f61-cbcf66d1795a-groupManagement] INFO  server.RaftServerConfigKeys (ConfUtils.java:logGet(46)) - raft.server.log.segment.cache.size.max = 200MB (=209715200) (default)
2024-11-30 15:01:03,920 [dd630ec0-84d9-4473-8f61-cbcf66d1795a-groupManagement] INFO  server.RaftServerConfigKeys (ConfUtils.java:logGet(46)) - raft.server.log.appender.buffer.byte-limit = 33554432 (custom)
2024-11-30 15:01:03,920 [dd630ec0-84d9-4473-8f61-cbcf66d1795a-groupManagement] INFO  util.AwaitToRun (AwaitToRun.java:start(81)) - Thread[dd630ec0-84d9-4473-8f61-cbcf66d1795a@group-4AD3EB28E0D6-cacheEviction-AwaitToRun,5,main] started
2024-11-30 15:01:03,920 [dd630ec0-84d9-4473-8f61-cbcf66d1795a-groupManagement] INFO  segmented.SegmentedRaftLogWorker (SegmentedRaftLogWorker.java:<init>(188)) - new dd630ec0-84d9-4473-8f61-cbcf66d1795a@group-4AD3EB28E0D6-SegmentedRaftLogWorker for RaftStorageImpl:Storage Directory /home/runner/work/ozone/ozone/hadoop-ozone/integration-test/target/test-dir/MiniOzoneClusterImpl-e985cbf7-8b64-4e7c-b64c-74e6afbb48f1/ozone-meta/datanode-4/ratis/262bd9ab-35b4-4ba0-8e39-4ad3eb28e0d6
2024-11-30 15:01:03,920 [dd630ec0-84d9-4473-8f61-cbcf66d1795a-groupManagement] INFO  server.RaftServerConfigKeys (ConfUtils.java:logGet(46)) - raft.server.log.queue.byte-limit = 4294967296 (custom)
2024-11-30 15:01:03,920 [dd630ec0-84d9-4473-8f61-cbcf66d1795a-groupManagement] INFO  server.RaftServerConfigKeys (ConfUtils.java:logGet(46)) - raft.server.log.queue.element-limit = 1024 (custom)
2024-11-30 15:01:03,920 [dd630ec0-84d9-4473-8f61-cbcf66d1795a-groupManagement] INFO  server.RaftServerConfigKeys (ConfUtils.java:logGet(46)) - raft.server.log.segment.size.max = 67108864 (custom)
2024-11-30 15:01:03,920 [dd630ec0-84d9-4473-8f61-cbcf66d1795a-groupManagement] INFO  server.RaftServerConfigKeys (ConfUtils.java:logGet(46)) - raft.server.log.preallocated.size = 4194304 (custom)
2024-11-30 15:01:03,920 [dd630ec0-84d9-4473-8f61-cbcf66d1795a-groupManagement] INFO  server.RaftServerConfigKeys (ConfUtils.java:logGet(46)) - raft.server.log.force.sync.num = 128 (default)
2024-11-30 15:01:03,920 [dd630ec0-84d9-4473-8f61-cbcf66d1795a-groupManagement] INFO  server.RaftServerConfigKeys (ConfUtils.java:logGet(46)) - raft.server.log.statemachine.data.sync = true (default)
2024-11-30 15:01:03,920 [dd630ec0-84d9-4473-8f61-cbcf66d1795a-groupManagement] INFO  server.RaftServerConfigKeys (ConfUtils.java:logGet(46)) - raft.server.log.statemachine.data.sync.timeout = 10s (default)
2024-11-30 15:01:03,920 [dd630ec0-84d9-4473-8f61-cbcf66d1795a-groupManagement] INFO  server.RaftServerConfigKeys (ConfUtils.java:logGet(46)) - raft.server.log.statemachine.data.sync.timeout.retry = 30 (custom)
2024-11-30 15:01:03,920 [dd630ec0-84d9-4473-8f61-cbcf66d1795a-groupManagement] INFO  server.RaftServerConfigKeys (ConfUtils.java:logGet(46)) - raft.server.log.write.buffer.size = 33554440 (custom)
2024-11-30 15:01:03,925 [dd630ec0-84d9-4473-8f61-cbcf66d1795a-groupManagement] INFO  server.RaftServerConfigKeys (ConfUtils.java:logGet(46)) - raft.server.log.appender.buffer.byte-limit = 33554432 (custom)
2024-11-30 15:01:03,925 [dd630ec0-84d9-4473-8f61-cbcf66d1795a-groupManagement] INFO  server.RaftServerConfigKeys (ConfUtils.java:logGet(46)) - raft.server.log.unsafe-flush.enabled = false (default)
2024-11-30 15:01:03,925 [dd630ec0-84d9-4473-8f61-cbcf66d1795a-groupManagement] INFO  server.RaftServerConfigKeys (ConfUtils.java:logGet(46)) - raft.server.log.async-flush.enabled = false (default)
2024-11-30 15:01:03,925 [dd630ec0-84d9-4473-8f61-cbcf66d1795a-groupManagement] INFO  server.RaftServerConfigKeys (ConfUtils.java:logGet(46)) - raft.server.log.statemachine.data.caching.enabled = true (custom)
2024-11-30 15:01:03,926 [dd630ec0-84d9-4473-8f61-cbcf66d1795a-groupManagement] INFO  segmented.SegmentedRaftLogWorker (SegmentedRaftLogWorker.java:lambda$new$0(139)) - dd630ec0-84d9-4473-8f61-cbcf66d1795a@group-4AD3EB28E0D6-SegmentedRaftLogWorker: flushIndex: setUnconditionally 0 -> -1
2024-11-30 15:01:03,926 [dd630ec0-84d9-4473-8f61-cbcf66d1795a-groupManagement] INFO  segmented.SegmentedRaftLogWorker (SegmentedRaftLogWorker.java:lambda$new$0(139)) - dd630ec0-84d9-4473-8f61-cbcf66d1795a@group-4AD3EB28E0D6-SegmentedRaftLogWorker: safeCacheEvictIndex: setUnconditionally 0 -> -1
2024-11-30 15:01:03,926 [dd630ec0-84d9-4473-8f61-cbcf66d1795a-groupManagement] INFO  server.RaftServer$Division (RaftServerImpl.java:start(391)) - dd630ec0-84d9-4473-8f61-cbcf66d1795a@group-4AD3EB28E0D6: start as a follower, conf=conf: {index: -1, cur=peers:[dd630ec0-84d9-4473-8f61-cbcf66d1795a|127.0.0.1:15198]|listeners:[], old=null}
2024-11-30 15:01:03,926 [dd630ec0-84d9-4473-8f61-cbcf66d1795a-groupManagement] INFO  server.RaftServer$Division (RaftServerImpl.java:setRole(378)) - dd630ec0-84d9-4473-8f61-cbcf66d1795a@group-4AD3EB28E0D6: changes role from      null to FOLLOWER at term 0 for startAsFollower
2024-11-30 15:01:03,926 [dd630ec0-84d9-4473-8f61-cbcf66d1795a-groupManagement] INFO  impl.RoleInfo (RoleInfo.java:updateAndGet(148)) - dd630ec0-84d9-4473-8f61-cbcf66d1795a: start dd630ec0-84d9-4473-8f61-cbcf66d1795a@group-4AD3EB28E0D6-FollowerState
2024-11-30 15:01:03,926 [dd630ec0-84d9-4473-8f61-cbcf66d1795a@group-4AD3EB28E0D6-FollowerState] INFO  server.RaftServerConfigKeys (ConfUtils.java:logFallback(53)) - raft.server.rpc.first-election.timeout.min = 5s (fallback to raft.server.rpc.timeout.min)
2024-11-30 15:01:03,926 [dd630ec0-84d9-4473-8f61-cbcf66d1795a@group-4AD3EB28E0D6-FollowerState] INFO  server.RaftServerConfigKeys (ConfUtils.java:logFallback(53)) - raft.server.rpc.first-election.timeout.max = 5200ms (fallback to raft.server.rpc.timeout.max)
2024-11-30 15:01:03,926 [dd630ec0-84d9-4473-8f61-cbcf66d1795a-groupManagement] INFO  util.JmxRegister (JmxRegister.java:tryRegister(44)) - Successfully registered JMX Bean with object name Ratis:service=RaftServer,group=group-4AD3EB28E0D6,id=dd630ec0-84d9-4473-8f61-cbcf66d1795a
2024-11-30 15:01:03,926 [dd630ec0-84d9-4473-8f61-cbcf66d1795a-groupManagement] INFO  util.JmxRegister (JmxRegister.java:register(58)) - register mxBean class org.apache.ratis.server.impl.RaftServerJmxAdapter as Ratis:service=RaftServer,group=group-4AD3EB28E0D6,id=dd630ec0-84d9-4473-8f61-cbcf66d1795a
2024-11-30 15:01:03,927 [dd630ec0-84d9-4473-8f61-cbcf66d1795a-groupManagement] INFO  server.RaftServerConfigKeys (ConfUtils.java:logGet(46)) - raft.server.snapshot.trigger-when-stop.enabled = true (default)
2024-11-30 15:01:03,927 [dd630ec0-84d9-4473-8f61-cbcf66d1795a-groupManagement] INFO  server.RaftServerConfigKeys (ConfUtils.java:logGet(46)) - raft.server.snapshot.trigger-when-remove.enabled = true (default)
2024-11-30 15:01:03,927 [dd630ec0-84d9-4473-8f61-cbcf66d1795a-groupManagement] INFO  server.RaftServerConfigKeys (ConfUtils.java:logGet(46)) - raft.server.snapshot.auto.trigger.enabled = true (custom)
2024-11-30 15:01:03,927 [dd630ec0-84d9-4473-8f61-cbcf66d1795a-groupManagement] INFO  server.RaftServerConfigKeys (ConfUtils.java:logGet(46)) - raft.server.snapshot.auto.trigger.threshold = 100000 (custom)
2024-11-30 15:01:03,927 [dd630ec0-84d9-4473-8f61-cbcf66d1795a-groupManagement] INFO  server.RaftServerConfigKeys (ConfUtils.java:logGet(46)) - raft.server.snapshot.retention.file.num = 5 (custom)
2024-11-30 15:01:03,927 [dd630ec0-84d9-4473-8f61-cbcf66d1795a-groupManagement] INFO  server.RaftServerConfigKeys (ConfUtils.java:logGet(46)) - raft.server.log.purge.upto.snapshot.index = false (default)
2024-11-30 15:01:03,927 [dd630ec0-84d9-4473-8f61-cbcf66d1795a-groupManagement] INFO  server.RaftServer$Division (RaftServerImpl.java:start(405)) - dd630ec0-84d9-4473-8f61-cbcf66d1795a@group-4AD3EB28E0D6: Successfully started.
2024-11-30 15:01:03,927 [dd630ec0-84d9-4473-8f61-cbcf66d1795a-PipelineCommandHandlerThread-0] INFO  ratis.XceiverServerRatis (XceiverServerRatis.java:addGroup(844)) - Created group PipelineID=262bd9ab-35b4-4ba0-8e39-4ad3eb28e0d6
2024-11-30 15:01:03,927 [dd630ec0-84d9-4473-8f61-cbcf66d1795a-PipelineCommandHandlerThread-0] INFO  commandhandler.CreatePipelineCommandHandler (CreatePipelineCommandHandler.java:lambda$handle$2(129)) - Created Pipeline RATIS ONE PipelineID=262bd9ab-35b4-4ba0-8e39-4ad3eb28e0d6.
2024-11-30 15:01:04,160 [91a17cbe-1555-4f52-a9ac-e5caa7cc945b-PipelineCommandHandlerThread-0] INFO  server.RaftServer (RaftServerProxy.java:addNew(100)) - 91a17cbe-1555-4f52-a9ac-e5caa7cc945b: addNew group-61544B673A5F:[91a17cbe-1555-4f52-a9ac-e5caa7cc945b|127.0.0.1:15207] returns group-61544B673A5F:java.util.concurrent.CompletableFuture@6f4fa7bb[Not completed]
2024-11-30 15:01:04,161 [91a17cbe-1555-4f52-a9ac-e5caa7cc945b-groupManagement] INFO  server.RaftServer$Division (RaftServerImpl.java:<init>(255)) - 91a17cbe-1555-4f52-a9ac-e5caa7cc945b: new RaftServerImpl for group-61544B673A5F:[91a17cbe-1555-4f52-a9ac-e5caa7cc945b|127.0.0.1:15207] with ContainerStateMachine:uninitialized
2024-11-30 15:01:04,161 [91a17cbe-1555-4f52-a9ac-e5caa7cc945b-groupManagement] INFO  server.RaftServerConfigKeys (ConfUtils.java:logGet(46)) - raft.server.rpc.timeout.min = 5s (custom)
2024-11-30 15:01:04,161 [91a17cbe-1555-4f52-a9ac-e5caa7cc945b-groupManagement] INFO  server.RaftServerConfigKeys (ConfUtils.java:logGet(46)) - raft.server.rpc.timeout.max = 5200ms (custom)
2024-11-30 15:01:04,161 [91a17cbe-1555-4f52-a9ac-e5caa7cc945b-groupManagement] INFO  server.RaftServerConfigKeys (ConfUtils.java:logGet(46)) - raft.server.rpc.sleep.time = 25ms (default)
2024-11-30 15:01:04,161 [91a17cbe-1555-4f52-a9ac-e5caa7cc945b-groupManagement] INFO  server.RaftServerConfigKeys (ConfUtils.java:logGet(46)) - raft.server.rpc.slowness.timeout = 300000ms (custom)
2024-11-30 15:01:04,161 [91a17cbe-1555-4f52-a9ac-e5caa7cc945b-groupManagement] INFO  server.RaftServerConfigKeys (ConfUtils.java:logGet(46)) - raft.server.leaderelection.leader.step-down.wait-time = 10s (default)
2024-11-30 15:01:04,161 [91a17cbe-1555-4f52-a9ac-e5caa7cc945b-groupManagement] INFO  server.RaftServerConfigKeys (ConfUtils.java:logGet(46)) - raft.server.leaderelection.member.majority-add = false (default)
2024-11-30 15:01:04,161 [91a17cbe-1555-4f52-a9ac-e5caa7cc945b-groupManagement] INFO  server.RaftServerConfigKeys (ConfUtils.java:logGet(46)) - raft.server.sleep.deviation.threshold = 300ms (default)
2024-11-30 15:01:04,161 [91a17cbe-1555-4f52-a9ac-e5caa7cc945b-groupManagement] INFO  server.RaftServer$Division (ServerState.java:<init>(114)) - 91a17cbe-1555-4f52-a9ac-e5caa7cc945b@group-61544B673A5F: ConfigurationManager, init=conf: {index: -1, cur=peers:[91a17cbe-1555-4f52-a9ac-e5caa7cc945b|127.0.0.1:15207]|listeners:[], old=null}, confs=<EMPTY_MAP>
2024-11-30 15:01:04,161 [91a17cbe-1555-4f52-a9ac-e5caa7cc945b-groupManagement] INFO  server.RaftServerConfigKeys (ConfUtils.java:logGet(46)) - raft.server.notification.no-leader.timeout = 300000ms (custom)
2024-11-30 15:01:04,162 [91a17cbe-1555-4f52-a9ac-e5caa7cc945b-groupManagement] INFO  server.RaftServerConfigKeys (ConfUtils.java:logGet(46)) - raft.server.read.timeout = 10s (default)
2024-11-30 15:01:04,162 [91a17cbe-1555-4f52-a9ac-e5caa7cc945b-groupManagement] INFO  server.RaftServerConfigKeys (ConfUtils.java:logGet(46)) - raft.server.retrycache.expirytime = 600000ms (custom)
2024-11-30 15:01:04,162 [91a17cbe-1555-4f52-a9ac-e5caa7cc945b-groupManagement] INFO  server.RaftServerConfigKeys (ConfUtils.java:logGet(46)) - raft.server.retrycache.statistics.expirytime = 100ms (default)
2024-11-30 15:01:04,162 [91a17cbe-1555-4f52-a9ac-e5caa7cc945b-groupManagement] INFO  server.RaftServerConfigKeys (ConfUtils.java:logGet(46)) - raft.server.read.option = DEFAULT (default)
2024-11-30 15:01:04,162 [91a17cbe-1555-4f52-a9ac-e5caa7cc945b-groupManagement] INFO  server.RaftServerConfigKeys (ConfUtils.java:logGet(46)) - raft.server.read.read-after-write-consistent.write-index-cache.expiry-time = 60s (default)
2024-11-30 15:01:04,162 [main] INFO  ozone.MiniOzoneClusterImpl (MiniOzoneClusterImpl.java:lambda$waitForClusterToBeReady$0(219)) - Nodes are ready. Got 5 of 5 DN Heartbeats.
2024-11-30 15:01:04,162 [main] INFO  ozone.MiniOzoneClusterImpl (MiniOzoneClusterImpl.java:lambda$waitForClusterToBeReady$0(222)) - Waiting for cluster to exit safe mode
2024-11-30 15:01:04,162 [main] INFO  ozone.MiniOzoneClusterImpl (MiniOzoneClusterImpl.java:lambda$waitForClusterToBeReady$0(224)) - SCM became leader
2024-11-30 15:01:04,164 [91a17cbe-1555-4f52-a9ac-e5caa7cc945b-groupManagement] INFO  server.RaftServerConfigKeys (ConfUtils.java:logGet(46)) - raft.server.rpc.request.timeout = 3000ms (default)
2024-11-30 15:01:04,164 [91a17cbe-1555-4f52-a9ac-e5caa7cc945b-groupManagement] INFO  server.RaftServerConfigKeys (ConfUtils.java:logGet(46)) - raft.server.log.appender.install.snapshot.enabled = false (custom)
2024-11-30 15:01:04,164 [91a17cbe-1555-4f52-a9ac-e5caa7cc945b-groupManagement] INFO  server.RaftServerConfigKeys (ConfUtils.java:logGet(46)) - raft.server.threadpool.server.cached = true (default)
2024-11-30 15:01:04,164 [91a17cbe-1555-4f52-a9ac-e5caa7cc945b-groupManagement] INFO  server.RaftServerConfigKeys (ConfUtils.java:logGet(46)) - raft.server.threadpool.server.size = 0 (default)
2024-11-30 15:01:04,164 [91a17cbe-1555-4f52-a9ac-e5caa7cc945b-groupManagement] INFO  server.RaftServerConfigKeys (ConfUtils.java:logGet(46)) - raft.server.threadpool.client.cached = true (default)
2024-11-30 15:01:04,164 [91a17cbe-1555-4f52-a9ac-e5caa7cc945b-groupManagement] INFO  server.RaftServerConfigKeys (ConfUtils.java:logGet(46)) - raft.server.threadpool.client.size = 0 (default)
2024-11-30 15:01:04,164 [91a17cbe-1555-4f52-a9ac-e5caa7cc945b-groupManagement] INFO  server.RaftServerConfigKeys (ConfUtils.java:logGet(46)) - raft.server.storage.free-space.min = 0MB (=0) (default)
2024-11-30 15:01:04,164 [91a17cbe-1555-4f52-a9ac-e5caa7cc945b-groupManagement] INFO  server.RaftServerConfigKeys (ConfUtils.java:logGet(46)) - raft.server.log.corruption.policy = EXCEPTION (default)
2024-11-30 15:01:04,164 [91a17cbe-1555-4f52-a9ac-e5caa7cc945b-groupManagement] INFO  server.RaftServerConfigKeys (ConfUtils.java:logGet(46)) - raft.server.storage.dir = [/home/runner/work/ozone/ozone/hadoop-ozone/integration-test/target/test-dir/MiniOzoneClusterImpl-e985cbf7-8b64-4e7c-b64c-74e6afbb48f1/ozone-meta/datanode-5/ratis] (custom)
2024-11-30 15:01:04,164 [91a17cbe-1555-4f52-a9ac-e5caa7cc945b-groupManagement] INFO  storage.RaftStorageDirectory (RaftStorageDirectoryImpl.java:analyzeStorage(138)) - The storage directory /home/runner/work/ozone/ozone/hadoop-ozone/integration-test/target/test-dir/MiniOzoneClusterImpl-e985cbf7-8b64-4e7c-b64c-74e6afbb48f1/ozone-meta/datanode-5/ratis/df58faac-ddc2-4fd5-ba26-61544b673a5f does not exist. Creating ...
2024-11-30 15:01:04,165 [91a17cbe-1555-4f52-a9ac-e5caa7cc945b-groupManagement] INFO  storage.RaftStorageDirectory (RaftStorageDirectoryImpl.java:tryLock(229)) - Lock on /home/runner/work/ozone/ozone/hadoop-ozone/integration-test/target/test-dir/MiniOzoneClusterImpl-e985cbf7-8b64-4e7c-b64c-74e6afbb48f1/ozone-meta/datanode-5/ratis/df58faac-ddc2-4fd5-ba26-61544b673a5f/in_use.lock acquired by nodename 75062@fv-az1244-86
2024-11-30 15:01:04,167 [91a17cbe-1555-4f52-a9ac-e5caa7cc945b-groupManagement] INFO  storage.RaftStorage (RaftStorageImpl.java:format(98)) - Storage directory /home/runner/work/ozone/ozone/hadoop-ozone/integration-test/target/test-dir/MiniOzoneClusterImpl-e985cbf7-8b64-4e7c-b64c-74e6afbb48f1/ozone-meta/datanode-5/ratis/df58faac-ddc2-4fd5-ba26-61544b673a5f has been successfully formatted.
2024-11-30 15:01:04,167 [91a17cbe-1555-4f52-a9ac-e5caa7cc945b-groupManagement] INFO  ratis.ContainerStateMachine (ContainerStateMachine.java:initialize(302)) - 91a17cbe-1555-4f52-a9ac-e5caa7cc945b: initialize group-61544B673A5F
2024-11-30 15:01:04,167 [91a17cbe-1555-4f52-a9ac-e5caa7cc945b-groupManagement] INFO  ratis.ContainerStateMachine (ContainerStateMachine.java:loadSnapshot(310)) - group-61544B673A5F: The snapshot info is null. Setting the last applied index to:(t:0, i:~)
2024-11-30 15:01:04,167 [91a17cbe-1555-4f52-a9ac-e5caa7cc945b-groupManagement] INFO  server.RaftServerConfigKeys (ConfUtils.java:logGet(46)) - raft.server.log.use.memory = false (default)
2024-11-30 15:01:04,167 [91a17cbe-1555-4f52-a9ac-e5caa7cc945b-groupManagement] INFO  server.RaftServerConfigKeys (ConfUtils.java:logGet(46)) - raft.server.log.purge.gap = 1000000 (custom)
2024-11-30 15:01:04,167 [91a17cbe-1555-4f52-a9ac-e5caa7cc945b-groupManagement] INFO  server.RaftServerConfigKeys (ConfUtils.java:logGet(46)) - raft.server.log.appender.buffer.byte-limit = 33554432 (custom)
2024-11-30 15:01:04,167 [91a17cbe-1555-4f52-a9ac-e5caa7cc945b-groupManagement] INFO  server.RaftServerConfigKeys (ConfUtils.java:logGet(46)) - raft.server.log.statemachine.data.read.timeout = 1000ms (default)
2024-11-30 15:01:04,168 [91a17cbe-1555-4f52-a9ac-e5caa7cc945b-groupManagement] INFO  server.RaftServerConfigKeys (ConfUtils.java:logGet(46)) - raft.server.log.purge.preservation.log.num = 0 (default)
2024-11-30 15:01:04,168 [91a17cbe-1555-4f52-a9ac-e5caa7cc945b-groupManagement] INFO  server.RaftServerConfigKeys (ConfUtils.java:logGet(46)) - raft.server.log.segment.size.max = 67108864 (custom)
2024-11-30 15:01:04,169 [91a17cbe-1555-4f52-a9ac-e5caa7cc945b-groupManagement] INFO  server.RaftServerConfigKeys (ConfUtils.java:logGet(46)) - raft.server.log.segment.cache.num.max = 2 (custom)
2024-11-30 15:01:04,169 [91a17cbe-1555-4f52-a9ac-e5caa7cc945b-groupManagement] INFO  server.RaftServerConfigKeys (ConfUtils.java:logGet(46)) - raft.server.log.segment.cache.size.max = 200MB (=209715200) (default)
2024-11-30 15:01:04,169 [EventQueue-PipelineReportForPipelineReportHandler] INFO  pipeline.PipelineReportHandler (PipelineReportHandler.java:processPipelineReport(147)) - Opened pipeline PipelineID=df58faac-ddc2-4fd5-ba26-61544b673a5f
2024-11-30 15:01:04,169 [91a17cbe-1555-4f52-a9ac-e5caa7cc945b-groupManagement] INFO  server.RaftServerConfigKeys (ConfUtils.java:logGet(46)) - raft.server.log.appender.buffer.byte-limit = 33554432 (custom)
2024-11-30 15:01:04,169 [EventQueue-OpenPipelineForHealthyPipelineSafeModeRule] INFO  safemode.SCMSafeModeManager (HealthyPipelineSafeModeRule.java:process(140)) - SCM in safe mode. Healthy pipelines reported count is 0, required healthy pipeline reported count is 1
2024-11-30 15:01:04,169 [91a17cbe-1555-4f52-a9ac-e5caa7cc945b-groupManagement] INFO  util.AwaitToRun (AwaitToRun.java:start(81)) - Thread[91a17cbe-1555-4f52-a9ac-e5caa7cc945b@group-61544B673A5F-cacheEviction-AwaitToRun,5,main] started
2024-11-30 15:01:04,169 [91a17cbe-1555-4f52-a9ac-e5caa7cc945b-groupManagement] INFO  segmented.SegmentedRaftLogWorker (SegmentedRaftLogWorker.java:<init>(188)) - new 91a17cbe-1555-4f52-a9ac-e5caa7cc945b@group-61544B673A5F-SegmentedRaftLogWorker for RaftStorageImpl:Storage Directory /home/runner/work/ozone/ozone/hadoop-ozone/integration-test/target/test-dir/MiniOzoneClusterImpl-e985cbf7-8b64-4e7c-b64c-74e6afbb48f1/ozone-meta/datanode-5/ratis/df58faac-ddc2-4fd5-ba26-61544b673a5f
2024-11-30 15:01:04,169 [91a17cbe-1555-4f52-a9ac-e5caa7cc945b-groupManagement] INFO  server.RaftServerConfigKeys (ConfUtils.java:logGet(46)) - raft.server.log.queue.byte-limit = 4294967296 (custom)
2024-11-30 15:01:04,169 [91a17cbe-1555-4f52-a9ac-e5caa7cc945b-groupManagement] INFO  server.RaftServerConfigKeys (ConfUtils.java:logGet(46)) - raft.server.log.queue.element-limit = 1024 (custom)
2024-11-30 15:01:04,169 [91a17cbe-1555-4f52-a9ac-e5caa7cc945b-groupManagement] INFO  server.RaftServerConfigKeys (ConfUtils.java:logGet(46)) - raft.server.log.segment.size.max = 67108864 (custom)
2024-11-30 15:01:04,169 [91a17cbe-1555-4f52-a9ac-e5caa7cc945b-groupManagement] INFO  server.RaftServerConfigKeys (ConfUtils.java:logGet(46)) - raft.server.log.preallocated.size = 4194304 (custom)
2024-11-30 15:01:04,169 [91a17cbe-1555-4f52-a9ac-e5caa7cc945b-groupManagement] INFO  server.RaftServerConfigKeys (ConfUtils.java:logGet(46)) - raft.server.log.force.sync.num = 128 (default)
2024-11-30 15:01:04,169 [91a17cbe-1555-4f52-a9ac-e5caa7cc945b-groupManagement] INFO  server.RaftServerConfigKeys (ConfUtils.java:logGet(46)) - raft.server.log.statemachine.data.sync = true (default)
2024-11-30 15:01:04,169 [91a17cbe-1555-4f52-a9ac-e5caa7cc945b-groupManagement] INFO  server.RaftServerConfigKeys (ConfUtils.java:logGet(46)) - raft.server.log.statemachine.data.sync.timeout = 10s (default)
2024-11-30 15:01:04,169 [91a17cbe-1555-4f52-a9ac-e5caa7cc945b-groupManagement] INFO  server.RaftServerConfigKeys (ConfUtils.java:logGet(46)) - raft.server.log.statemachine.data.sync.timeout.retry = 30 (custom)
2024-11-30 15:01:04,170 [91a17cbe-1555-4f52-a9ac-e5caa7cc945b-groupManagement] INFO  server.RaftServerConfigKeys (ConfUtils.java:logGet(46)) - raft.server.log.write.buffer.size = 33554440 (custom)
2024-11-30 15:01:04,175 [91a17cbe-1555-4f52-a9ac-e5caa7cc945b-groupManagement] INFO  server.RaftServerConfigKeys (ConfUtils.java:logGet(46)) - raft.server.log.appender.buffer.byte-limit = 33554432 (custom)
2024-11-30 15:01:04,175 [91a17cbe-1555-4f52-a9ac-e5caa7cc945b-groupManagement] INFO  server.RaftServerConfigKeys (ConfUtils.java:logGet(46)) - raft.server.log.unsafe-flush.enabled = false (default)
2024-11-30 15:01:04,175 [91a17cbe-1555-4f52-a9ac-e5caa7cc945b-groupManagement] INFO  server.RaftServerConfigKeys (ConfUtils.java:logGet(46)) - raft.server.log.async-flush.enabled = false (default)
2024-11-30 15:01:04,175 [91a17cbe-1555-4f52-a9ac-e5caa7cc945b-groupManagement] INFO  server.RaftServerConfigKeys (ConfUtils.java:logGet(46)) - raft.server.log.statemachine.data.caching.enabled = true (custom)
2024-11-30 15:01:04,175 [91a17cbe-1555-4f52-a9ac-e5caa7cc945b-groupManagement] INFO  segmented.SegmentedRaftLogWorker (SegmentedRaftLogWorker.java:lambda$new$0(139)) - 91a17cbe-1555-4f52-a9ac-e5caa7cc945b@group-61544B673A5F-SegmentedRaftLogWorker: flushIndex: setUnconditionally 0 -> -1
2024-11-30 15:01:04,175 [91a17cbe-1555-4f52-a9ac-e5caa7cc945b-groupManagement] INFO  segmented.SegmentedRaftLogWorker (SegmentedRaftLogWorker.java:lambda$new$0(139)) - 91a17cbe-1555-4f52-a9ac-e5caa7cc945b@group-61544B673A5F-SegmentedRaftLogWorker: safeCacheEvictIndex: setUnconditionally 0 -> -1
2024-11-30 15:01:04,175 [91a17cbe-1555-4f52-a9ac-e5caa7cc945b-groupManagement] INFO  server.RaftServer$Division (RaftServerImpl.java:start(391)) - 91a17cbe-1555-4f52-a9ac-e5caa7cc945b@group-61544B673A5F: start as a follower, conf=conf: {index: -1, cur=peers:[91a17cbe-1555-4f52-a9ac-e5caa7cc945b|127.0.0.1:15207]|listeners:[], old=null}
2024-11-30 15:01:04,175 [91a17cbe-1555-4f52-a9ac-e5caa7cc945b-groupManagement] INFO  server.RaftServer$Division (RaftServerImpl.java:setRole(378)) - 91a17cbe-1555-4f52-a9ac-e5caa7cc945b@group-61544B673A5F: changes role from      null to FOLLOWER at term 0 for startAsFollower
2024-11-30 15:01:04,176 [91a17cbe-1555-4f52-a9ac-e5caa7cc945b-groupManagement] INFO  impl.RoleInfo (RoleInfo.java:updateAndGet(148)) - 91a17cbe-1555-4f52-a9ac-e5caa7cc945b: start 91a17cbe-1555-4f52-a9ac-e5caa7cc945b@group-61544B673A5F-FollowerState
2024-11-30 15:01:04,176 [91a17cbe-1555-4f52-a9ac-e5caa7cc945b@group-61544B673A5F-FollowerState] INFO  server.RaftServerConfigKeys (ConfUtils.java:logFallback(53)) - raft.server.rpc.first-election.timeout.min = 5s (fallback to raft.server.rpc.timeout.min)
2024-11-30 15:01:04,176 [91a17cbe-1555-4f52-a9ac-e5caa7cc945b@group-61544B673A5F-FollowerState] INFO  server.RaftServerConfigKeys (ConfUtils.java:logFallback(53)) - raft.server.rpc.first-election.timeout.max = 5200ms (fallback to raft.server.rpc.timeout.max)
2024-11-30 15:01:04,176 [91a17cbe-1555-4f52-a9ac-e5caa7cc945b-groupManagement] INFO  util.JmxRegister (JmxRegister.java:tryRegister(44)) - Successfully registered JMX Bean with object name Ratis:service=RaftServer,group=group-61544B673A5F,id=91a17cbe-1555-4f52-a9ac-e5caa7cc945b
2024-11-30 15:01:04,176 [91a17cbe-1555-4f52-a9ac-e5caa7cc945b-groupManagement] INFO  util.JmxRegister (JmxRegister.java:register(58)) - register mxBean class org.apache.ratis.server.impl.RaftServerJmxAdapter as Ratis:service=RaftServer,group=group-61544B673A5F,id=91a17cbe-1555-4f52-a9ac-e5caa7cc945b
2024-11-30 15:01:04,176 [91a17cbe-1555-4f52-a9ac-e5caa7cc945b-groupManagement] INFO  server.RaftServerConfigKeys (ConfUtils.java:logGet(46)) - raft.server.snapshot.trigger-when-stop.enabled = true (default)
2024-11-30 15:01:04,176 [91a17cbe-1555-4f52-a9ac-e5caa7cc945b-groupManagement] INFO  server.RaftServerConfigKeys (ConfUtils.java:logGet(46)) - raft.server.snapshot.trigger-when-remove.enabled = true (default)
2024-11-30 15:01:04,176 [91a17cbe-1555-4f52-a9ac-e5caa7cc945b-groupManagement] INFO  server.RaftServerConfigKeys (ConfUtils.java:logGet(46)) - raft.server.snapshot.auto.trigger.enabled = true (custom)
2024-11-30 15:01:04,176 [91a17cbe-1555-4f52-a9ac-e5caa7cc945b-groupManagement] INFO  server.RaftServerConfigKeys (ConfUtils.java:logGet(46)) - raft.server.snapshot.auto.trigger.threshold = 100000 (custom)
2024-11-30 15:01:04,176 [91a17cbe-1555-4f52-a9ac-e5caa7cc945b-groupManagement] INFO  server.RaftServerConfigKeys (ConfUtils.java:logGet(46)) - raft.server.snapshot.retention.file.num = 5 (custom)
2024-11-30 15:01:04,176 [91a17cbe-1555-4f52-a9ac-e5caa7cc945b-groupManagement] INFO  server.RaftServerConfigKeys (ConfUtils.java:logGet(46)) - raft.server.log.purge.upto.snapshot.index = false (default)
2024-11-30 15:01:04,177 [91a17cbe-1555-4f52-a9ac-e5caa7cc945b-groupManagement] INFO  server.RaftServer$Division (RaftServerImpl.java:start(405)) - 91a17cbe-1555-4f52-a9ac-e5caa7cc945b@group-61544B673A5F: Successfully started.
2024-11-30 15:01:04,177 [91a17cbe-1555-4f52-a9ac-e5caa7cc945b-PipelineCommandHandlerThread-0] INFO  ratis.XceiverServerRatis (XceiverServerRatis.java:addGroup(844)) - Created group PipelineID=df58faac-ddc2-4fd5-ba26-61544b673a5f
2024-11-30 15:01:04,177 [91a17cbe-1555-4f52-a9ac-e5caa7cc945b-PipelineCommandHandlerThread-0] INFO  commandhandler.CreatePipelineCommandHandler (CreatePipelineCommandHandler.java:lambda$handle$2(129)) - Created Pipeline RATIS ONE PipelineID=df58faac-ddc2-4fd5-ba26-61544b673a5f.
2024-11-30 15:01:05,163 [main] INFO  ozone.MiniOzoneClusterImpl (MiniOzoneClusterImpl.java:lambda$waitForClusterToBeReady$0(219)) - Nodes are ready. Got 5 of 5 DN Heartbeats.
2024-11-30 15:01:05,163 [main] INFO  ozone.MiniOzoneClusterImpl (MiniOzoneClusterImpl.java:lambda$waitForClusterToBeReady$0(222)) - Waiting for cluster to exit safe mode
2024-11-30 15:01:05,163 [main] INFO  ozone.MiniOzoneClusterImpl (MiniOzoneClusterImpl.java:lambda$waitForClusterToBeReady$0(224)) - SCM became leader
2024-11-30 15:01:06,163 [main] INFO  ozone.MiniOzoneClusterImpl (MiniOzoneClusterImpl.java:lambda$waitForClusterToBeReady$0(219)) - Nodes are ready. Got 5 of 5 DN Heartbeats.
2024-11-30 15:01:06,163 [main] INFO  ozone.MiniOzoneClusterImpl (MiniOzoneClusterImpl.java:lambda$waitForClusterToBeReady$0(222)) - Waiting for cluster to exit safe mode
2024-11-30 15:01:06,164 [main] INFO  ozone.MiniOzoneClusterImpl (MiniOzoneClusterImpl.java:lambda$waitForClusterToBeReady$0(224)) - SCM became leader
2024-11-30 15:01:07,164 [main] INFO  ozone.MiniOzoneClusterImpl (MiniOzoneClusterImpl.java:lambda$waitForClusterToBeReady$0(219)) - Nodes are ready. Got 5 of 5 DN Heartbeats.
2024-11-30 15:01:07,164 [main] INFO  ozone.MiniOzoneClusterImpl (MiniOzoneClusterImpl.java:lambda$waitForClusterToBeReady$0(222)) - Waiting for cluster to exit safe mode
2024-11-30 15:01:07,164 [main] INFO  ozone.MiniOzoneClusterImpl (MiniOzoneClusterImpl.java:lambda$waitForClusterToBeReady$0(224)) - SCM became leader
2024-11-30 15:01:08,164 [main] INFO  ozone.MiniOzoneClusterImpl (MiniOzoneClusterImpl.java:lambda$waitForClusterToBeReady$0(219)) - Nodes are ready. Got 5 of 5 DN Heartbeats.
2024-11-30 15:01:08,165 [main] INFO  ozone.MiniOzoneClusterImpl (MiniOzoneClusterImpl.java:lambda$waitForClusterToBeReady$0(222)) - Waiting for cluster to exit safe mode
2024-11-30 15:01:08,165 [main] INFO  ozone.MiniOzoneClusterImpl (MiniOzoneClusterImpl.java:lambda$waitForClusterToBeReady$0(224)) - SCM became leader
2024-11-30 15:01:08,285 [719b1c3f-249c-457a-8743-b06328301a87@group-344BB3EB1159-FollowerState] INFO  impl.FollowerState (FollowerState.java:runImpl(161)) - 719b1c3f-249c-457a-8743-b06328301a87@group-344BB3EB1159-FollowerState: change to CANDIDATE, lastRpcElapsedTime:5116941504ns, electionTimeout:5116ms
2024-11-30 15:01:08,285 [719b1c3f-249c-457a-8743-b06328301a87@group-344BB3EB1159-FollowerState] INFO  impl.RoleInfo (RoleInfo.java:shutdownFollowerState(121)) - 719b1c3f-249c-457a-8743-b06328301a87: shutdown 719b1c3f-249c-457a-8743-b06328301a87@group-344BB3EB1159-FollowerState
2024-11-30 15:01:08,285 [719b1c3f-249c-457a-8743-b06328301a87@group-344BB3EB1159-FollowerState] INFO  server.RaftServer$Division (RaftServerImpl.java:setRole(378)) - 719b1c3f-249c-457a-8743-b06328301a87@group-344BB3EB1159: changes role from  FOLLOWER to CANDIDATE at term 0 for changeToCandidate
2024-11-30 15:01:08,285 [719b1c3f-249c-457a-8743-b06328301a87@group-344BB3EB1159-FollowerState] INFO  server.RaftServerConfigKeys (ConfUtils.java:logGet(46)) - raft.server.leaderelection.pre-vote = true (default)
2024-11-30 15:01:08,285 [719b1c3f-249c-457a-8743-b06328301a87@group-344BB3EB1159-FollowerState] INFO  impl.RoleInfo (RoleInfo.java:updateAndGet(148)) - 719b1c3f-249c-457a-8743-b06328301a87: start 719b1c3f-249c-457a-8743-b06328301a87@group-344BB3EB1159-LeaderElection42
2024-11-30 15:01:08,285 [719b1c3f-249c-457a-8743-b06328301a87@group-344BB3EB1159-LeaderElection42] INFO  impl.LeaderElection (LeaderElection.java:askForVotes(332)) - 719b1c3f-249c-457a-8743-b06328301a87@group-344BB3EB1159-LeaderElection42 PRE_VOTE round 0: submit vote requests at term 0 for conf: {index: -1, cur=peers:[719b1c3f-249c-457a-8743-b06328301a87|127.0.0.1:15171]|listeners:[], old=null}
2024-11-30 15:01:08,286 [719b1c3f-249c-457a-8743-b06328301a87@group-344BB3EB1159-LeaderElection42] INFO  impl.LeaderElection (LeaderElection.java:askForVotes(334)) - 719b1c3f-249c-457a-8743-b06328301a87@group-344BB3EB1159-LeaderElection42 PRE_VOTE round 0: result PASSED (term=0)
2024-11-30 15:01:08,287 [719b1c3f-249c-457a-8743-b06328301a87@group-344BB3EB1159-LeaderElection42] INFO  impl.LeaderElection (LeaderElection.java:askForVotes(332)) - 719b1c3f-249c-457a-8743-b06328301a87@group-344BB3EB1159-LeaderElection42 ELECTION round 0: submit vote requests at term 1 for conf: {index: -1, cur=peers:[719b1c3f-249c-457a-8743-b06328301a87|127.0.0.1:15171]|listeners:[], old=null}
2024-11-30 15:01:08,287 [719b1c3f-249c-457a-8743-b06328301a87@group-344BB3EB1159-LeaderElection42] INFO  impl.LeaderElection (LeaderElection.java:askForVotes(334)) - 719b1c3f-249c-457a-8743-b06328301a87@group-344BB3EB1159-LeaderElection42 ELECTION round 0: result PASSED (term=1)
2024-11-30 15:01:08,287 [719b1c3f-249c-457a-8743-b06328301a87@group-344BB3EB1159-LeaderElection42] INFO  impl.RoleInfo (RoleInfo.java:shutdownLeaderElection(141)) - 719b1c3f-249c-457a-8743-b06328301a87: shutdown 719b1c3f-249c-457a-8743-b06328301a87@group-344BB3EB1159-LeaderElection42
2024-11-30 15:01:08,287 [719b1c3f-249c-457a-8743-b06328301a87@group-344BB3EB1159-LeaderElection42] INFO  server.RaftServer$Division (RaftServerImpl.java:setRole(378)) - 719b1c3f-249c-457a-8743-b06328301a87@group-344BB3EB1159: changes role from CANDIDATE to LEADER at term 1 for changeToLeader
2024-11-30 15:01:08,287 [719b1c3f-249c-457a-8743-b06328301a87@group-344BB3EB1159-LeaderElection42] INFO  server.RaftServerConfigKeys (ConfUtils.java:logGet(46)) - raft.server.staging.catchup.gap = 1000 (default)
2024-11-30 15:01:08,287 [719b1c3f-249c-457a-8743-b06328301a87@group-344BB3EB1159-LeaderElection42] INFO  server.RaftServerConfigKeys (ConfUtils.java:logGet(46)) - raft.server.write.element-limit = 1024 (custom)
2024-11-30 15:01:08,287 [719b1c3f-249c-457a-8743-b06328301a87@group-344BB3EB1159-LeaderElection42] INFO  server.RaftServerConfigKeys (ConfUtils.java:logGet(46)) - raft.server.write.byte-limit = 1024 M (=1073741824) (custom)
2024-11-30 15:01:08,287 [719b1c3f-249c-457a-8743-b06328301a87@group-344BB3EB1159-LeaderElection42] INFO  server.RaftServerConfigKeys (ConfUtils.java:logGet(46)) - raft.server.watch.timeout = 3000ms (custom)
2024-11-30 15:01:08,287 [719b1c3f-249c-457a-8743-b06328301a87@group-344BB3EB1159-LeaderElection42] INFO  server.RaftServerConfigKeys (ConfUtils.java:logGet(46)) - raft.server.watch.timeout.denomination = 1s (default)
2024-11-30 15:01:08,288 [719b1c3f-249c-457a-8743-b06328301a87@group-344BB3EB1159-LeaderElection42] INFO  server.RaftServerConfigKeys (ConfUtils.java:logGet(46)) - raft.server.watch.element-limit = 65536 (default)
2024-11-30 15:01:08,288 [719b1c3f-249c-457a-8743-b06328301a87@group-344BB3EB1159-LeaderElection42] INFO  server.RaftServerConfigKeys (ConfUtils.java:logGet(46)) - raft.server.read.leader.lease.enabled = false (default)
2024-11-30 15:01:08,288 [719b1c3f-249c-457a-8743-b06328301a87@group-344BB3EB1159-LeaderElection42] INFO  server.RaftServerConfigKeys (ConfUtils.java:logGet(46)) - raft.server.read.leader.lease.timeout.ratio = 0.9 (default)
2024-11-30 15:01:08,288 [719b1c3f-249c-457a-8743-b06328301a87@group-344BB3EB1159-LeaderElection42] INFO  server.RaftServerConfigKeys (ConfUtils.java:logGet(46)) - raft.server.rpc.timeout.min = 5s (custom)
2024-11-30 15:01:08,288 [719b1c3f-249c-457a-8743-b06328301a87@group-344BB3EB1159-LeaderElection42] INFO  server.RaftServerConfigKeys (ConfUtils.java:logGet(46)) - raft.server.log.log-metadata.enabled = true (default)
2024-11-30 15:01:08,288 [719b1c3f-249c-457a-8743-b06328301a87@group-344BB3EB1159-LeaderElection42] INFO  server.RaftServerConfigKeys (ConfUtils.java:logGet(46)) - raft.server.write.element-limit = 1024 (custom)
2024-11-30 15:01:08,288 [719b1c3f-249c-457a-8743-b06328301a87@group-344BB3EB1159-LeaderElection42] INFO  server.RaftServerConfigKeys (ConfUtils.java:logGet(46)) - raft.server.write.follower.gap.ratio.max = -1.0 (default)
2024-11-30 15:01:08,288 [719b1c3f-249c-457a-8743-b06328301a87@group-344BB3EB1159-LeaderElection42] INFO  impl.RoleInfo (RoleInfo.java:updateAndGet(148)) - 719b1c3f-249c-457a-8743-b06328301a87: start 719b1c3f-249c-457a-8743-b06328301a87@group-344BB3EB1159-LeaderStateImpl
2024-11-30 15:01:08,288 [719b1c3f-249c-457a-8743-b06328301a87@group-344BB3EB1159-LeaderElection42] INFO  server.RaftServer$Division (RaftServerImpl.java:setFirstElection(562)) - 719b1c3f-249c-457a-8743-b06328301a87@group-344BB3EB1159: set firstElectionSinceStartup to false for becomeLeader
2024-11-30 15:01:08,288 [719b1c3f-249c-457a-8743-b06328301a87@group-344BB3EB1159-LeaderElection42] INFO  ratis.XceiverServerRatis (XceiverServerRatis.java:handleLeaderChangedNotification(944)) - Leader change notification received for group: group-344BB3EB1159 with new leaderId: 719b1c3f-249c-457a-8743-b06328301a87
2024-11-30 15:01:08,288 [719b1c3f-249c-457a-8743-b06328301a87@group-344BB3EB1159-LeaderElection42] INFO  server.RaftServer$Division (ServerState.java:setLeader(272)) - 719b1c3f-249c-457a-8743-b06328301a87@group-344BB3EB1159: change Leader from null to 719b1c3f-249c-457a-8743-b06328301a87 at term 1 for becomeLeader, leader elected after 5136ms
2024-11-30 15:01:08,289 [719b1c3f-249c-457a-8743-b06328301a87@group-344BB3EB1159-LeaderElection42] INFO  segmented.SegmentedRaftLogWorker (SegmentedRaftLogWorker.java:startLogSegment(438)) - 719b1c3f-249c-457a-8743-b06328301a87@group-344BB3EB1159-SegmentedRaftLogWorker: Starting segment from index:0
2024-11-30 15:01:08,289 [719b1c3f-249c-457a-8743-b06328301a87@group-344BB3EB1159-LeaderElection42] INFO  server.RaftServer$Division (ServerState.java:setRaftConf(386)) - 719b1c3f-249c-457a-8743-b06328301a87@group-344BB3EB1159: set configuration conf: {index: 0, cur=peers:[719b1c3f-249c-457a-8743-b06328301a87|127.0.0.1:15171]|listeners:[], old=null}
2024-11-30 15:01:08,289 [719b1c3f-249c-457a-8743-b06328301a87@group-344BB3EB1159-SegmentedRaftLogWorker] INFO  segmented.BufferedWriteChannel (BufferedWriteChannel.java:open(61)) - open log_inprogress_0 at position 0
2024-11-30 15:01:08,295 [EventQueue-OpenPipelineForHealthyPipelineSafeModeRule] INFO  safemode.SCMSafeModeManager (HealthyPipelineSafeModeRule.java:process(140)) - SCM in safe mode. Healthy pipelines reported count is 0, required healthy pipeline reported count is 1
2024-11-30 15:01:08,299 [719b1c3f-249c-457a-8743-b06328301a87@group-344BB3EB1159-SegmentedRaftLogWorker] INFO  segmented.SegmentedRaftLogWorker (SegmentedRaftLogWorker.java:execute(644)) - 719b1c3f-249c-457a-8743-b06328301a87@group-344BB3EB1159-SegmentedRaftLogWorker: created new log segment /home/runner/work/ozone/ozone/hadoop-ozone/integration-test/target/test-dir/MiniOzoneClusterImpl-e985cbf7-8b64-4e7c-b64c-74e6afbb48f1/ozone-meta/datanode-1/ratis/b61f8cd5-33e4-4110-b752-344bb3eb1159/current/log_inprogress_0
2024-11-30 15:01:08,301 [719b1c3f-249c-457a-8743-b06328301a87@group-344BB3EB1159-StateMachineUpdater] INFO  server.RaftServer$Division (LeaderStateImpl.java:checkStartIndex(313)) - Leader 719b1c3f-249c-457a-8743-b06328301a87@group-344BB3EB1159-LeaderStateImpl is ready since appliedIndex == startIndex == 0
2024-11-30 15:01:08,347 [d57daabc-8d0b-4ea3-831e-cde13ca8d1d7@group-563E99154595-FollowerState] INFO  impl.FollowerState (FollowerState.java:runImpl(161)) - d57daabc-8d0b-4ea3-831e-cde13ca8d1d7@group-563E99154595-FollowerState: change to CANDIDATE, lastRpcElapsedTime:5116290695ns, electionTimeout:5115ms
2024-11-30 15:01:08,348 [d57daabc-8d0b-4ea3-831e-cde13ca8d1d7@group-563E99154595-FollowerState] INFO  impl.RoleInfo (RoleInfo.java:shutdownFollowerState(121)) - d57daabc-8d0b-4ea3-831e-cde13ca8d1d7: shutdown d57daabc-8d0b-4ea3-831e-cde13ca8d1d7@group-563E99154595-FollowerState
2024-11-30 15:01:08,348 [d57daabc-8d0b-4ea3-831e-cde13ca8d1d7@group-563E99154595-FollowerState] INFO  server.RaftServer$Division (RaftServerImpl.java:setRole(378)) - d57daabc-8d0b-4ea3-831e-cde13ca8d1d7@group-563E99154595: changes role from  FOLLOWER to CANDIDATE at term 0 for changeToCandidate
2024-11-30 15:01:08,348 [d57daabc-8d0b-4ea3-831e-cde13ca8d1d7@group-563E99154595-FollowerState] INFO  server.RaftServerConfigKeys (ConfUtils.java:logGet(46)) - raft.server.leaderelection.pre-vote = true (default)
2024-11-30 15:01:08,348 [d57daabc-8d0b-4ea3-831e-cde13ca8d1d7@group-563E99154595-FollowerState] INFO  impl.RoleInfo (RoleInfo.java:updateAndGet(148)) - d57daabc-8d0b-4ea3-831e-cde13ca8d1d7: start d57daabc-8d0b-4ea3-831e-cde13ca8d1d7@group-563E99154595-LeaderElection43
2024-11-30 15:01:08,348 [d57daabc-8d0b-4ea3-831e-cde13ca8d1d7@group-563E99154595-LeaderElection43] INFO  impl.LeaderElection (LeaderElection.java:askForVotes(332)) - d57daabc-8d0b-4ea3-831e-cde13ca8d1d7@group-563E99154595-LeaderElection43 PRE_VOTE round 0: submit vote requests at term 0 for conf: {index: -1, cur=peers:[719b1c3f-249c-457a-8743-b06328301a87|127.0.0.1:15171, af7ee296-5066-44e3-a94d-aaeda09020f2|127.0.0.1:15189, d57daabc-8d0b-4ea3-831e-cde13ca8d1d7|127.0.0.1:15180]|listeners:[], old=null}
2024-11-30 15:01:08,349 [d57daabc-8d0b-4ea3-831e-cde13ca8d1d7@group-563E99154595-LeaderElection43-1] INFO  server.GrpcServerProtocolClient (GrpcServerProtocolClient.java:<init>(65)) - Build channel for 719b1c3f-249c-457a-8743-b06328301a87|127.0.0.1:15171
2024-11-30 15:01:08,349 [d57daabc-8d0b-4ea3-831e-cde13ca8d1d7@group-563E99154595-LeaderElection43-2] INFO  server.GrpcServerProtocolClient (GrpcServerProtocolClient.java:<init>(65)) - Build channel for af7ee296-5066-44e3-a94d-aaeda09020f2|127.0.0.1:15189
2024-11-30 15:01:08,349 [d57daabc-8d0b-4ea3-831e-cde13ca8d1d7@group-563E99154595-LeaderElection43] INFO  server.RaftServerConfigKeys (ConfUtils.java:logFallback(53)) - raft.server.rpc.first-election.timeout.min = 5s (fallback to raft.server.rpc.timeout.min)
2024-11-30 15:01:08,349 [d57daabc-8d0b-4ea3-831e-cde13ca8d1d7@group-563E99154595-LeaderElection43] INFO  server.RaftServerConfigKeys (ConfUtils.java:logFallback(53)) - raft.server.rpc.first-election.timeout.max = 5200ms (fallback to raft.server.rpc.timeout.max)
2024-11-30 15:01:08,353 [grpc-default-executor-0] INFO  server.RaftServer$Division (RaftServerImpl.java:requestVote(1407)) - 719b1c3f-249c-457a-8743-b06328301a87@group-563E99154595: receive requestVote(PRE_VOTE, d57daabc-8d0b-4ea3-831e-cde13ca8d1d7, group-563E99154595, 0, (t:0, i:0))
2024-11-30 15:01:08,353 [grpc-default-executor-0] INFO  impl.VoteContext (VoteContext.java:log(49)) - 719b1c3f-249c-457a-8743-b06328301a87@group-563E99154595-FOLLOWER: reject PRE_VOTE from d57daabc-8d0b-4ea3-831e-cde13ca8d1d7: our priority 1 > candidate's priority 0
2024-11-30 15:01:08,353 [grpc-default-executor-0] INFO  server.RaftServer$Division (RaftServerImpl.java:requestVote(1441)) - 719b1c3f-249c-457a-8743-b06328301a87@group-563E99154595 replies to PRE_VOTE vote request: d57daabc-8d0b-4ea3-831e-cde13ca8d1d7<-719b1c3f-249c-457a-8743-b06328301a87#0:FAIL-t0. Peer's state: 719b1c3f-249c-457a-8743-b06328301a87@group-563E99154595:t0, leader=null, voted=, raftlog=Memoized:719b1c3f-249c-457a-8743-b06328301a87@group-563E99154595-SegmentedRaftLog:OPENED:c-1:lastnull, conf=conf: {index: -1, cur=peers:[719b1c3f-249c-457a-8743-b06328301a87|127.0.0.1:15171, af7ee296-5066-44e3-a94d-aaeda09020f2|127.0.0.1:15189, d57daabc-8d0b-4ea3-831e-cde13ca8d1d7|127.0.0.1:15180]|listeners:[], old=null}
2024-11-30 15:01:08,353 [grpc-default-executor-1] INFO  server.RaftServer$Division (RaftServerImpl.java:requestVote(1407)) - af7ee296-5066-44e3-a94d-aaeda09020f2@group-563E99154595: receive requestVote(PRE_VOTE, d57daabc-8d0b-4ea3-831e-cde13ca8d1d7, group-563E99154595, 0, (t:0, i:0))
2024-11-30 15:01:08,354 [grpc-default-executor-1] INFO  impl.VoteContext (VoteContext.java:log(49)) - af7ee296-5066-44e3-a94d-aaeda09020f2@group-563E99154595-FOLLOWER: accept PRE_VOTE from d57daabc-8d0b-4ea3-831e-cde13ca8d1d7: our priority 0 <= candidate's priority 0
2024-11-30 15:01:08,354 [grpc-default-executor-1] INFO  server.RaftServer$Division (RaftServerImpl.java:requestVote(1441)) - af7ee296-5066-44e3-a94d-aaeda09020f2@group-563E99154595 replies to PRE_VOTE vote request: d57daabc-8d0b-4ea3-831e-cde13ca8d1d7<-af7ee296-5066-44e3-a94d-aaeda09020f2#0:OK-t0. Peer's state: af7ee296-5066-44e3-a94d-aaeda09020f2@group-563E99154595:t0, leader=null, voted=, raftlog=Memoized:af7ee296-5066-44e3-a94d-aaeda09020f2@group-563E99154595-SegmentedRaftLog:OPENED:c-1:lastnull, conf=conf: {index: -1, cur=peers:[719b1c3f-249c-457a-8743-b06328301a87|127.0.0.1:15171, af7ee296-5066-44e3-a94d-aaeda09020f2|127.0.0.1:15189, d57daabc-8d0b-4ea3-831e-cde13ca8d1d7|127.0.0.1:15180]|listeners:[], old=null}
2024-11-30 15:01:08,355 [d57daabc-8d0b-4ea3-831e-cde13ca8d1d7@group-563E99154595-LeaderElection43] INFO  impl.LeaderElection (LeaderElection.java:logAndReturn(90)) - d57daabc-8d0b-4ea3-831e-cde13ca8d1d7@group-563E99154595-LeaderElection43: PRE_VOTE REJECTED received 1 response(s) and 0 exception(s):
2024-11-30 15:01:08,355 [d57daabc-8d0b-4ea3-831e-cde13ca8d1d7@group-563E99154595-LeaderElection43] INFO  impl.LeaderElection (LeaderElection.java:logAndReturn(94)) -   Response 0: d57daabc-8d0b-4ea3-831e-cde13ca8d1d7<-719b1c3f-249c-457a-8743-b06328301a87#0:FAIL-t0
2024-11-30 15:01:08,355 [d57daabc-8d0b-4ea3-831e-cde13ca8d1d7@group-563E99154595-LeaderElection43] INFO  impl.LeaderElection (LeaderElection.java:askForVotes(334)) - d57daabc-8d0b-4ea3-831e-cde13ca8d1d7@group-563E99154595-LeaderElection43 PRE_VOTE round 0: result REJECTED
2024-11-30 15:01:08,355 [d57daabc-8d0b-4ea3-831e-cde13ca8d1d7@group-563E99154595-LeaderElection43] INFO  server.RaftServer$Division (RaftServerImpl.java:setRole(378)) - d57daabc-8d0b-4ea3-831e-cde13ca8d1d7@group-563E99154595: changes role from CANDIDATE to FOLLOWER at term 0 for REJECTED
2024-11-30 15:01:08,355 [d57daabc-8d0b-4ea3-831e-cde13ca8d1d7@group-563E99154595-LeaderElection43] INFO  impl.RoleInfo (RoleInfo.java:shutdownLeaderElection(141)) - d57daabc-8d0b-4ea3-831e-cde13ca8d1d7: shutdown d57daabc-8d0b-4ea3-831e-cde13ca8d1d7@group-563E99154595-LeaderElection43
2024-11-30 15:01:08,355 [d57daabc-8d0b-4ea3-831e-cde13ca8d1d7@group-563E99154595-LeaderElection43] INFO  impl.RoleInfo (RoleInfo.java:updateAndGet(148)) - d57daabc-8d0b-4ea3-831e-cde13ca8d1d7: start d57daabc-8d0b-4ea3-831e-cde13ca8d1d7@group-563E99154595-FollowerState
2024-11-30 15:01:08,360 [d57daabc-8d0b-4ea3-831e-cde13ca8d1d7@group-563E99154595-LeaderElection43] INFO  server.RaftServer$Division (RaftServerImpl.java:setFirstElection(562)) - d57daabc-8d0b-4ea3-831e-cde13ca8d1d7@group-563E99154595: set firstElectionSinceStartup to false for REJECTED
2024-11-30 15:01:08,370 [719b1c3f-249c-457a-8743-b06328301a87@group-563E99154595-FollowerState] INFO  impl.FollowerState (FollowerState.java:runImpl(161)) - 719b1c3f-249c-457a-8743-b06328301a87@group-563E99154595-FollowerState: change to CANDIDATE, lastRpcElapsedTime:5186142010ns, electionTimeout:5185ms
2024-11-30 15:01:08,370 [719b1c3f-249c-457a-8743-b06328301a87@group-563E99154595-FollowerState] INFO  impl.RoleInfo (RoleInfo.java:shutdownFollowerState(121)) - 719b1c3f-249c-457a-8743-b06328301a87: shutdown 719b1c3f-249c-457a-8743-b06328301a87@group-563E99154595-FollowerState
2024-11-30 15:01:08,371 [719b1c3f-249c-457a-8743-b06328301a87@group-563E99154595-FollowerState] INFO  server.RaftServer$Division (RaftServerImpl.java:setRole(378)) - 719b1c3f-249c-457a-8743-b06328301a87@group-563E99154595: changes role from  FOLLOWER to CANDIDATE at term 0 for changeToCandidate
2024-11-30 15:01:08,371 [719b1c3f-249c-457a-8743-b06328301a87@group-563E99154595-FollowerState] INFO  server.RaftServerConfigKeys (ConfUtils.java:logGet(46)) - raft.server.leaderelection.pre-vote = true (default)
2024-11-30 15:01:08,371 [719b1c3f-249c-457a-8743-b06328301a87@group-563E99154595-FollowerState] INFO  impl.RoleInfo (RoleInfo.java:updateAndGet(148)) - 719b1c3f-249c-457a-8743-b06328301a87: start 719b1c3f-249c-457a-8743-b06328301a87@group-563E99154595-LeaderElection44
2024-11-30 15:01:08,371 [719b1c3f-249c-457a-8743-b06328301a87@group-563E99154595-LeaderElection44] INFO  impl.LeaderElection (LeaderElection.java:askForVotes(332)) - 719b1c3f-249c-457a-8743-b06328301a87@group-563E99154595-LeaderElection44 PRE_VOTE round 0: submit vote requests at term 0 for conf: {index: -1, cur=peers:[719b1c3f-249c-457a-8743-b06328301a87|127.0.0.1:15171, af7ee296-5066-44e3-a94d-aaeda09020f2|127.0.0.1:15189, d57daabc-8d0b-4ea3-831e-cde13ca8d1d7|127.0.0.1:15180]|listeners:[], old=null}
2024-11-30 15:01:08,371 [719b1c3f-249c-457a-8743-b06328301a87@group-563E99154595-LeaderElection44-1] INFO  server.GrpcServerProtocolClient (GrpcServerProtocolClient.java:<init>(65)) - Build channel for af7ee296-5066-44e3-a94d-aaeda09020f2|127.0.0.1:15189
2024-11-30 15:01:08,371 [719b1c3f-249c-457a-8743-b06328301a87@group-563E99154595-LeaderElection44-2] INFO  server.GrpcServerProtocolClient (GrpcServerProtocolClient.java:<init>(65)) - Build channel for d57daabc-8d0b-4ea3-831e-cde13ca8d1d7|127.0.0.1:15180
2024-11-30 15:01:08,371 [719b1c3f-249c-457a-8743-b06328301a87@group-563E99154595-LeaderElection44] INFO  server.RaftServerConfigKeys (ConfUtils.java:logFallback(53)) - raft.server.rpc.first-election.timeout.min = 5s (fallback to raft.server.rpc.timeout.min)
2024-11-30 15:01:08,372 [719b1c3f-249c-457a-8743-b06328301a87@group-563E99154595-LeaderElection44] INFO  server.RaftServerConfigKeys (ConfUtils.java:logFallback(53)) - raft.server.rpc.first-election.timeout.max = 5200ms (fallback to raft.server.rpc.timeout.max)
2024-11-30 15:01:08,375 [grpc-default-executor-1] INFO  server.RaftServer$Division (RaftServerImpl.java:requestVote(1407)) - af7ee296-5066-44e3-a94d-aaeda09020f2@group-563E99154595: receive requestVote(PRE_VOTE, 719b1c3f-249c-457a-8743-b06328301a87, group-563E99154595, 0, (t:0, i:0))
2024-11-30 15:01:08,375 [grpc-default-executor-1] INFO  impl.VoteContext (VoteContext.java:log(49)) - af7ee296-5066-44e3-a94d-aaeda09020f2@group-563E99154595-FOLLOWER: accept PRE_VOTE from 719b1c3f-249c-457a-8743-b06328301a87: our priority 0 <= candidate's priority 1
2024-11-30 15:01:08,375 [grpc-default-executor-1] INFO  server.RaftServer$Division (RaftServerImpl.java:requestVote(1441)) - af7ee296-5066-44e3-a94d-aaeda09020f2@group-563E99154595 replies to PRE_VOTE vote request: 719b1c3f-249c-457a-8743-b06328301a87<-af7ee296-5066-44e3-a94d-aaeda09020f2#0:OK-t0. Peer's state: af7ee296-5066-44e3-a94d-aaeda09020f2@group-563E99154595:t0, leader=null, voted=, raftlog=Memoized:af7ee296-5066-44e3-a94d-aaeda09020f2@group-563E99154595-SegmentedRaftLog:OPENED:c-1:lastnull, conf=conf: {index: -1, cur=peers:[719b1c3f-249c-457a-8743-b06328301a87|127.0.0.1:15171, af7ee296-5066-44e3-a94d-aaeda09020f2|127.0.0.1:15189, d57daabc-8d0b-4ea3-831e-cde13ca8d1d7|127.0.0.1:15180]|listeners:[], old=null}
2024-11-30 15:01:08,375 [grpc-default-executor-0] INFO  server.RaftServer$Division (RaftServerImpl.java:requestVote(1407)) - d57daabc-8d0b-4ea3-831e-cde13ca8d1d7@group-563E99154595: receive requestVote(PRE_VOTE, 719b1c3f-249c-457a-8743-b06328301a87, group-563E99154595, 0, (t:0, i:0))
2024-11-30 15:01:08,376 [grpc-default-executor-0] INFO  impl.VoteContext (VoteContext.java:log(49)) - d57daabc-8d0b-4ea3-831e-cde13ca8d1d7@group-563E99154595-FOLLOWER: accept PRE_VOTE from 719b1c3f-249c-457a-8743-b06328301a87: our priority 0 <= candidate's priority 1
2024-11-30 15:01:08,376 [grpc-default-executor-0] INFO  server.RaftServer$Division (RaftServerImpl.java:requestVote(1441)) - d57daabc-8d0b-4ea3-831e-cde13ca8d1d7@group-563E99154595 replies to PRE_VOTE vote request: 719b1c3f-249c-457a-8743-b06328301a87<-d57daabc-8d0b-4ea3-831e-cde13ca8d1d7#0:OK-t0. Peer's state: d57daabc-8d0b-4ea3-831e-cde13ca8d1d7@group-563E99154595:t0, leader=null, voted=, raftlog=Memoized:d57daabc-8d0b-4ea3-831e-cde13ca8d1d7@group-563E99154595-SegmentedRaftLog:OPENED:c-1:lastnull, conf=conf: {index: -1, cur=peers:[719b1c3f-249c-457a-8743-b06328301a87|127.0.0.1:15171, af7ee296-5066-44e3-a94d-aaeda09020f2|127.0.0.1:15189, d57daabc-8d0b-4ea3-831e-cde13ca8d1d7|127.0.0.1:15180]|listeners:[], old=null}
2024-11-30 15:01:08,377 [719b1c3f-249c-457a-8743-b06328301a87@group-563E99154595-LeaderElection44] INFO  impl.LeaderElection (LeaderElection.java:logAndReturn(90)) - 719b1c3f-249c-457a-8743-b06328301a87@group-563E99154595-LeaderElection44: PRE_VOTE PASSED received 1 response(s) and 0 exception(s):
2024-11-30 15:01:08,377 [719b1c3f-249c-457a-8743-b06328301a87@group-563E99154595-LeaderElection44] INFO  impl.LeaderElection (LeaderElection.java:logAndReturn(94)) -   Response 0: 719b1c3f-249c-457a-8743-b06328301a87<-d57daabc-8d0b-4ea3-831e-cde13ca8d1d7#0:OK-t0
2024-11-30 15:01:08,377 [719b1c3f-249c-457a-8743-b06328301a87@group-563E99154595-LeaderElection44] INFO  impl.LeaderElection (LeaderElection.java:askForVotes(334)) - 719b1c3f-249c-457a-8743-b06328301a87@group-563E99154595-LeaderElection44 PRE_VOTE round 0: result PASSED
2024-11-30 15:01:08,378 [719b1c3f-249c-457a-8743-b06328301a87@group-563E99154595-LeaderElection44] INFO  impl.LeaderElection (LeaderElection.java:askForVotes(332)) - 719b1c3f-249c-457a-8743-b06328301a87@group-563E99154595-LeaderElection44 ELECTION round 0: submit vote requests at term 1 for conf: {index: -1, cur=peers:[719b1c3f-249c-457a-8743-b06328301a87|127.0.0.1:15171, af7ee296-5066-44e3-a94d-aaeda09020f2|127.0.0.1:15189, d57daabc-8d0b-4ea3-831e-cde13ca8d1d7|127.0.0.1:15180]|listeners:[], old=null}
2024-11-30 15:01:08,379 [719b1c3f-249c-457a-8743-b06328301a87@group-563E99154595-LeaderElection44] INFO  server.RaftServerConfigKeys (ConfUtils.java:logFallback(53)) - raft.server.rpc.first-election.timeout.min = 5s (fallback to raft.server.rpc.timeout.min)
2024-11-30 15:01:08,379 [719b1c3f-249c-457a-8743-b06328301a87@group-563E99154595-LeaderElection44] INFO  server.RaftServerConfigKeys (ConfUtils.java:logFallback(53)) - raft.server.rpc.first-election.timeout.max = 5200ms (fallback to raft.server.rpc.timeout.max)
2024-11-30 15:01:08,380 [grpc-default-executor-0] INFO  server.RaftServer$Division (RaftServerImpl.java:requestVote(1407)) - d57daabc-8d0b-4ea3-831e-cde13ca8d1d7@group-563E99154595: receive requestVote(ELECTION, 719b1c3f-249c-457a-8743-b06328301a87, group-563E99154595, 1, (t:0, i:0))
2024-11-30 15:01:08,380 [grpc-default-executor-1] INFO  server.RaftServer$Division (RaftServerImpl.java:requestVote(1407)) - af7ee296-5066-44e3-a94d-aaeda09020f2@group-563E99154595: receive requestVote(ELECTION, 719b1c3f-249c-457a-8743-b06328301a87, group-563E99154595, 1, (t:0, i:0))
2024-11-30 15:01:08,380 [grpc-default-executor-0] INFO  impl.VoteContext (VoteContext.java:log(49)) - d57daabc-8d0b-4ea3-831e-cde13ca8d1d7@group-563E99154595-FOLLOWER: accept ELECTION from 719b1c3f-249c-457a-8743-b06328301a87: our priority 0 <= candidate's priority 1
2024-11-30 15:01:08,380 [grpc-default-executor-0] INFO  server.RaftServer$Division (RaftServerImpl.java:setRole(378)) - d57daabc-8d0b-4ea3-831e-cde13ca8d1d7@group-563E99154595: changes role from  FOLLOWER to FOLLOWER at term 0 for candidate:719b1c3f-249c-457a-8743-b06328301a87
2024-11-30 15:01:08,380 [grpc-default-executor-0] INFO  impl.RoleInfo (RoleInfo.java:shutdownFollowerState(121)) - d57daabc-8d0b-4ea3-831e-cde13ca8d1d7: shutdown d57daabc-8d0b-4ea3-831e-cde13ca8d1d7@group-563E99154595-FollowerState
2024-11-30 15:01:08,380 [grpc-default-executor-0] INFO  impl.RoleInfo (RoleInfo.java:updateAndGet(148)) - d57daabc-8d0b-4ea3-831e-cde13ca8d1d7: start d57daabc-8d0b-4ea3-831e-cde13ca8d1d7@group-563E99154595-FollowerState
2024-11-30 15:01:08,380 [grpc-default-executor-1] INFO  impl.VoteContext (VoteContext.java:log(49)) - af7ee296-5066-44e3-a94d-aaeda09020f2@group-563E99154595-FOLLOWER: accept ELECTION from 719b1c3f-249c-457a-8743-b06328301a87: our priority 0 <= candidate's priority 1
2024-11-30 15:01:08,380 [d57daabc-8d0b-4ea3-831e-cde13ca8d1d7@group-563E99154595-FollowerState] INFO  impl.FollowerState (FollowerState.java:runImpl(170)) - d57daabc-8d0b-4ea3-831e-cde13ca8d1d7@group-563E99154595-FollowerState was interrupted
2024-11-30 15:01:08,380 [grpc-default-executor-1] INFO  server.RaftServer$Division (RaftServerImpl.java:setRole(378)) - af7ee296-5066-44e3-a94d-aaeda09020f2@group-563E99154595: changes role from  FOLLOWER to FOLLOWER at term 0 for candidate:719b1c3f-249c-457a-8743-b06328301a87
2024-11-30 15:01:08,380 [grpc-default-executor-1] INFO  impl.RoleInfo (RoleInfo.java:shutdownFollowerState(121)) - af7ee296-5066-44e3-a94d-aaeda09020f2: shutdown af7ee296-5066-44e3-a94d-aaeda09020f2@group-563E99154595-FollowerState
2024-11-30 15:01:08,380 [grpc-default-executor-1] INFO  impl.RoleInfo (RoleInfo.java:updateAndGet(148)) - af7ee296-5066-44e3-a94d-aaeda09020f2: start af7ee296-5066-44e3-a94d-aaeda09020f2@group-563E99154595-FollowerState
2024-11-30 15:01:08,381 [grpc-default-executor-1] INFO  server.RaftServer$Division (RaftServerImpl.java:setFirstElection(562)) - af7ee296-5066-44e3-a94d-aaeda09020f2@group-563E99154595: set firstElectionSinceStartup to false for candidate:719b1c3f-249c-457a-8743-b06328301a87
2024-11-30 15:01:08,381 [af7ee296-5066-44e3-a94d-aaeda09020f2@group-563E99154595-FollowerState] INFO  impl.FollowerState (FollowerState.java:runImpl(170)) - af7ee296-5066-44e3-a94d-aaeda09020f2@group-563E99154595-FollowerState was interrupted
2024-11-30 15:01:08,382 [grpc-default-executor-0] INFO  server.RaftServer$Division (RaftServerImpl.java:requestVote(1441)) - d57daabc-8d0b-4ea3-831e-cde13ca8d1d7@group-563E99154595 replies to ELECTION vote request: 719b1c3f-249c-457a-8743-b06328301a87<-d57daabc-8d0b-4ea3-831e-cde13ca8d1d7#0:OK-t1. Peer's state: d57daabc-8d0b-4ea3-831e-cde13ca8d1d7@group-563E99154595:t1, leader=null, voted=719b1c3f-249c-457a-8743-b06328301a87, raftlog=Memoized:d57daabc-8d0b-4ea3-831e-cde13ca8d1d7@group-563E99154595-SegmentedRaftLog:OPENED:c-1:lastnull, conf=conf: {index: -1, cur=peers:[719b1c3f-249c-457a-8743-b06328301a87|127.0.0.1:15171, af7ee296-5066-44e3-a94d-aaeda09020f2|127.0.0.1:15189, d57daabc-8d0b-4ea3-831e-cde13ca8d1d7|127.0.0.1:15180]|listeners:[], old=null}
2024-11-30 15:01:08,382 [grpc-default-executor-1] INFO  server.RaftServer$Division (RaftServerImpl.java:requestVote(1441)) - af7ee296-5066-44e3-a94d-aaeda09020f2@group-563E99154595 replies to ELECTION vote request: 719b1c3f-249c-457a-8743-b06328301a87<-af7ee296-5066-44e3-a94d-aaeda09020f2#0:OK-t1. Peer's state: af7ee296-5066-44e3-a94d-aaeda09020f2@group-563E99154595:t1, leader=null, voted=719b1c3f-249c-457a-8743-b06328301a87, raftlog=Memoized:af7ee296-5066-44e3-a94d-aaeda09020f2@group-563E99154595-SegmentedRaftLog:OPENED:c-1:lastnull, conf=conf: {index: -1, cur=peers:[719b1c3f-249c-457a-8743-b06328301a87|127.0.0.1:15171, af7ee296-5066-44e3-a94d-aaeda09020f2|127.0.0.1:15189, d57daabc-8d0b-4ea3-831e-cde13ca8d1d7|127.0.0.1:15180]|listeners:[], old=null}
2024-11-30 15:01:08,382 [719b1c3f-249c-457a-8743-b06328301a87@group-563E99154595-LeaderElection44] INFO  impl.LeaderElection (LeaderElection.java:logAndReturn(90)) - 719b1c3f-249c-457a-8743-b06328301a87@group-563E99154595-LeaderElection44: ELECTION PASSED received 1 response(s) and 0 exception(s):
2024-11-30 15:01:08,382 [719b1c3f-249c-457a-8743-b06328301a87@group-563E99154595-LeaderElection44] INFO  impl.LeaderElection (LeaderElection.java:logAndReturn(94)) -   Response 0: 719b1c3f-249c-457a-8743-b06328301a87<-d57daabc-8d0b-4ea3-831e-cde13ca8d1d7#0:OK-t1
2024-11-30 15:01:08,383 [719b1c3f-249c-457a-8743-b06328301a87@group-563E99154595-LeaderElection44] INFO  impl.LeaderElection (LeaderElection.java:askForVotes(334)) - 719b1c3f-249c-457a-8743-b06328301a87@group-563E99154595-LeaderElection44 ELECTION round 0: result PASSED
2024-11-30 15:01:08,383 [719b1c3f-249c-457a-8743-b06328301a87@group-563E99154595-LeaderElection44] INFO  impl.RoleInfo (RoleInfo.java:shutdownLeaderElection(141)) - 719b1c3f-249c-457a-8743-b06328301a87: shutdown 719b1c3f-249c-457a-8743-b06328301a87@group-563E99154595-LeaderElection44
2024-11-30 15:01:08,383 [719b1c3f-249c-457a-8743-b06328301a87@group-563E99154595-LeaderElection44] INFO  server.RaftServer$Division (RaftServerImpl.java:setRole(378)) - 719b1c3f-249c-457a-8743-b06328301a87@group-563E99154595: changes role from CANDIDATE to LEADER at term 1 for changeToLeader
2024-11-30 15:01:08,383 [719b1c3f-249c-457a-8743-b06328301a87@group-563E99154595-LeaderElection44] INFO  server.RaftServerConfigKeys (ConfUtils.java:logGet(46)) - raft.server.staging.catchup.gap = 1000 (default)
2024-11-30 15:01:08,383 [719b1c3f-249c-457a-8743-b06328301a87@group-563E99154595-LeaderElection44] INFO  server.RaftServerConfigKeys (ConfUtils.java:logGet(46)) - raft.server.write.element-limit = 1024 (custom)
2024-11-30 15:01:08,383 [719b1c3f-249c-457a-8743-b06328301a87@group-563E99154595-LeaderElection44] INFO  server.RaftServerConfigKeys (ConfUtils.java:logGet(46)) - raft.server.write.byte-limit = 1024 M (=1073741824) (custom)
2024-11-30 15:01:08,383 [719b1c3f-249c-457a-8743-b06328301a87@group-563E99154595-LeaderElection44] INFO  server.RaftServerConfigKeys (ConfUtils.java:logGet(46)) - raft.server.watch.timeout = 3000ms (custom)
2024-11-30 15:01:08,383 [719b1c3f-249c-457a-8743-b06328301a87@group-563E99154595-LeaderElection44] INFO  server.RaftServerConfigKeys (ConfUtils.java:logGet(46)) - raft.server.watch.timeout.denomination = 1s (default)
2024-11-30 15:01:08,383 [719b1c3f-249c-457a-8743-b06328301a87@group-563E99154595-LeaderElection44] INFO  server.RaftServerConfigKeys (ConfUtils.java:logGet(46)) - raft.server.watch.element-limit = 65536 (default)
2024-11-30 15:01:08,384 [719b1c3f-249c-457a-8743-b06328301a87@group-563E99154595-LeaderElection44] INFO  server.RaftServerConfigKeys (ConfUtils.java:logGet(46)) - raft.server.read.leader.lease.enabled = false (default)
2024-11-30 15:01:08,384 [719b1c3f-249c-457a-8743-b06328301a87@group-563E99154595-LeaderElection44] INFO  server.RaftServerConfigKeys (ConfUtils.java:logGet(46)) - raft.server.read.leader.lease.timeout.ratio = 0.9 (default)
2024-11-30 15:01:08,384 [719b1c3f-249c-457a-8743-b06328301a87@group-563E99154595-LeaderElection44] INFO  server.RaftServerConfigKeys (ConfUtils.java:logGet(46)) - raft.server.rpc.timeout.min = 5s (custom)
2024-11-30 15:01:08,384 [719b1c3f-249c-457a-8743-b06328301a87@group-563E99154595-LeaderElection44] INFO  server.RaftServerConfigKeys (ConfUtils.java:logGet(46)) - raft.server.log.log-metadata.enabled = true (default)
2024-11-30 15:01:08,384 [719b1c3f-249c-457a-8743-b06328301a87@group-563E99154595-LeaderElection44] INFO  server.RaftServerConfigKeys (ConfUtils.java:logGet(46)) - raft.server.write.element-limit = 1024 (custom)
2024-11-30 15:01:08,384 [719b1c3f-249c-457a-8743-b06328301a87@group-563E99154595-LeaderElection44] INFO  server.RaftServerConfigKeys (ConfUtils.java:logGet(46)) - raft.server.write.follower.gap.ratio.max = -1.0 (default)
2024-11-30 15:01:08,384 [719b1c3f-249c-457a-8743-b06328301a87@group-563E99154595-LeaderElection44] INFO  server.RaftServerConfigKeys (ConfUtils.java:logGet(46)) - raft.server.log.appender.snapshot.chunk.size.max = 16MB (=16777216) (default)
2024-11-30 15:01:08,384 [719b1c3f-249c-457a-8743-b06328301a87@group-563E99154595-LeaderElection44] INFO  server.RaftServerConfigKeys (ConfUtils.java:logGet(46)) - raft.server.log.appender.buffer.byte-limit = 33554432 (custom)
2024-11-30 15:01:08,384 [719b1c3f-249c-457a-8743-b06328301a87@group-563E99154595-LeaderElection44] INFO  server.RaftServerConfigKeys (ConfUtils.java:logGet(46)) - raft.server.log.appender.buffer.element-limit = 1024 (custom)
2024-11-30 15:01:08,384 [719b1c3f-249c-457a-8743-b06328301a87@group-563E99154595-LeaderElection44] INFO  server.RaftServerConfigKeys (ConfUtils.java:logGet(46)) - raft.server.log.appender.wait-time.min = 0ms (custom)
2024-11-30 15:01:08,384 [719b1c3f-249c-457a-8743-b06328301a87@group-563E99154595-LeaderElection44] INFO  grpc.GrpcConfigKeys (ConfUtils.java:logGet(46)) - raft.grpc.server.leader.outstanding.appends.max = 8 (default)
2024-11-30 15:01:08,384 [719b1c3f-249c-457a-8743-b06328301a87@group-563E99154595-LeaderElection44] INFO  server.RaftServerConfigKeys (ConfUtils.java:logGet(46)) - raft.server.rpc.request.timeout = 3000ms (default)
2024-11-30 15:01:08,384 [719b1c3f-249c-457a-8743-b06328301a87@group-563E99154595-LeaderElection44] INFO  grpc.GrpcConfigKeys (ConfUtils.java:logGet(46)) - raft.grpc.server.install_snapshot.request.element-limit = 8 (default)
2024-11-30 15:01:08,384 [719b1c3f-249c-457a-8743-b06328301a87@group-563E99154595-LeaderElection44] INFO  grpc.GrpcConfigKeys (ConfUtils.java:logGet(46)) - raft.grpc.server.install_snapshot.request.timeout = 3000ms (default)
2024-11-30 15:01:08,385 [719b1c3f-249c-457a-8743-b06328301a87@group-563E99154595-LeaderElection44] INFO  grpc.GrpcConfigKeys (ConfUtils.java:logGet(46)) - raft.grpc.server.log-message.batch.duration = 5s (default)
2024-11-30 15:01:08,385 [719b1c3f-249c-457a-8743-b06328301a87@group-563E99154595-LeaderElection44] INFO  server.RaftServerConfigKeys (ConfUtils.java:logGet(46)) - raft.server.log.appender.install.snapshot.enabled = false (custom)
2024-11-30 15:01:08,385 [719b1c3f-249c-457a-8743-b06328301a87@group-563E99154595-LeaderElection44] INFO  grpc.GrpcConfigKeys (ConfUtils.java:logGet(46)) - raft.grpc.server.heartbeat.channel = true (default)
2024-11-30 15:01:08,385 [719b1c3f-249c-457a-8743-b06328301a87@group-563E99154595-LeaderElection44] INFO  server.RaftServerConfigKeys (ConfUtils.java:logGet(46)) - raft.server.log.appender.snapshot.chunk.size.max = 16MB (=16777216) (default)
2024-11-30 15:01:08,385 [719b1c3f-249c-457a-8743-b06328301a87@group-563E99154595-LeaderElection44] INFO  server.RaftServerConfigKeys (ConfUtils.java:logGet(46)) - raft.server.log.appender.buffer.byte-limit = 33554432 (custom)
2024-11-30 15:01:08,385 [719b1c3f-249c-457a-8743-b06328301a87@group-563E99154595-LeaderElection44] INFO  server.RaftServerConfigKeys (ConfUtils.java:logGet(46)) - raft.server.log.appender.buffer.element-limit = 1024 (custom)
2024-11-30 15:01:08,385 [719b1c3f-249c-457a-8743-b06328301a87@group-563E99154595-LeaderElection44] INFO  server.RaftServerConfigKeys (ConfUtils.java:logGet(46)) - raft.server.log.appender.wait-time.min = 0ms (custom)
2024-11-30 15:01:08,385 [719b1c3f-249c-457a-8743-b06328301a87@group-563E99154595-LeaderElection44] INFO  grpc.GrpcConfigKeys (ConfUtils.java:logGet(46)) - raft.grpc.server.leader.outstanding.appends.max = 8 (default)
2024-11-30 15:01:08,385 [719b1c3f-249c-457a-8743-b06328301a87@group-563E99154595-LeaderElection44] INFO  server.RaftServerConfigKeys (ConfUtils.java:logGet(46)) - raft.server.rpc.request.timeout = 3000ms (default)
2024-11-30 15:01:08,385 [719b1c3f-249c-457a-8743-b06328301a87@group-563E99154595-LeaderElection44] INFO  grpc.GrpcConfigKeys (ConfUtils.java:logGet(46)) - raft.grpc.server.install_snapshot.request.element-limit = 8 (default)
2024-11-30 15:01:08,385 [719b1c3f-249c-457a-8743-b06328301a87@group-563E99154595-LeaderElection44] INFO  grpc.GrpcConfigKeys (ConfUtils.java:logGet(46)) - raft.grpc.server.install_snapshot.request.timeout = 3000ms (default)
2024-11-30 15:01:08,386 [719b1c3f-249c-457a-8743-b06328301a87@group-563E99154595-LeaderElection44] INFO  grpc.GrpcConfigKeys (ConfUtils.java:logGet(46)) - raft.grpc.server.log-message.batch.duration = 5s (default)
2024-11-30 15:01:08,386 [719b1c3f-249c-457a-8743-b06328301a87@group-563E99154595-LeaderElection44] INFO  server.RaftServerConfigKeys (ConfUtils.java:logGet(46)) - raft.server.log.appender.install.snapshot.enabled = false (custom)
2024-11-30 15:01:08,386 [719b1c3f-249c-457a-8743-b06328301a87@group-563E99154595-LeaderElection44] INFO  grpc.GrpcConfigKeys (ConfUtils.java:logGet(46)) - raft.grpc.server.heartbeat.channel = true (default)
2024-11-30 15:01:08,386 [719b1c3f-249c-457a-8743-b06328301a87@group-563E99154595-LeaderElection44] INFO  impl.RoleInfo (RoleInfo.java:updateAndGet(148)) - 719b1c3f-249c-457a-8743-b06328301a87: start 719b1c3f-249c-457a-8743-b06328301a87@group-563E99154595-LeaderStateImpl
2024-11-30 15:01:08,386 [719b1c3f-249c-457a-8743-b06328301a87@group-563E99154595-LeaderElection44] INFO  server.RaftServer$Division (RaftServerImpl.java:setFirstElection(562)) - 719b1c3f-249c-457a-8743-b06328301a87@group-563E99154595: set firstElectionSinceStartup to false for becomeLeader
2024-11-30 15:01:08,386 [719b1c3f-249c-457a-8743-b06328301a87@group-563E99154595-LeaderElection44] INFO  ratis.XceiverServerRatis (XceiverServerRatis.java:handleLeaderChangedNotification(944)) - Leader change notification received for group: group-563E99154595 with new leaderId: 719b1c3f-249c-457a-8743-b06328301a87
2024-11-30 15:01:08,386 [719b1c3f-249c-457a-8743-b06328301a87@group-563E99154595-LeaderElection44] INFO  server.RaftServer$Division (ServerState.java:setLeader(272)) - 719b1c3f-249c-457a-8743-b06328301a87@group-563E99154595: change Leader from null to 719b1c3f-249c-457a-8743-b06328301a87 at term 1 for becomeLeader, leader elected after 5214ms
2024-11-30 15:01:08,386 [719b1c3f-249c-457a-8743-b06328301a87@group-563E99154595-LeaderElection44] INFO  segmented.SegmentedRaftLogWorker (SegmentedRaftLogWorker.java:startLogSegment(438)) - 719b1c3f-249c-457a-8743-b06328301a87@group-563E99154595-SegmentedRaftLogWorker: Starting segment from index:0
2024-11-30 15:01:08,386 [719b1c3f-249c-457a-8743-b06328301a87@group-563E99154595-LeaderElection44] INFO  server.RaftServer$Division (ServerState.java:setRaftConf(386)) - 719b1c3f-249c-457a-8743-b06328301a87@group-563E99154595: set configuration conf: {index: 0, cur=peers:[719b1c3f-249c-457a-8743-b06328301a87|127.0.0.1:15171, af7ee296-5066-44e3-a94d-aaeda09020f2|127.0.0.1:15189, d57daabc-8d0b-4ea3-831e-cde13ca8d1d7|127.0.0.1:15180]|listeners:[], old=null}
2024-11-30 15:01:08,387 [719b1c3f-249c-457a-8743-b06328301a87@group-563E99154595-SegmentedRaftLogWorker] INFO  segmented.BufferedWriteChannel (BufferedWriteChannel.java:open(61)) - open log_inprogress_0 at position 0
2024-11-30 15:01:08,394 [EventQueue-PipelineReportForPipelineReportHandler] INFO  pipeline.PipelineReportHandler (PipelineReportHandler.java:processPipelineReport(147)) - Opened pipeline PipelineID=30e54b79-c26a-4b32-b794-563e99154595
2024-11-30 15:01:08,394 [EventQueue-OpenPipelineForHealthyPipelineSafeModeRule] INFO  safemode.SCMSafeModeManager (HealthyPipelineSafeModeRule.java:process(140)) - SCM in safe mode. Healthy pipelines reported count is 0, required healthy pipeline reported count is 1
2024-11-30 15:01:08,394 [EventQueue-OpenPipelineForHealthyPipelineSafeModeRule] INFO  safemode.SCMSafeModeManager (HealthyPipelineSafeModeRule.java:process(140)) - SCM in safe mode. Healthy pipelines reported count is 1, required healthy pipeline reported count is 1
2024-11-30 15:01:08,394 [EventQueue-OpenPipelineForHealthyPipelineSafeModeRule] INFO  safemode.SCMSafeModeManager (SCMSafeModeManager.java:validateSafeModeExitRules(203)) - HealthyPipelineSafeModeRule rule is successfully validated
2024-11-30 15:01:08,394 [EventQueue-OpenPipelineForHealthyPipelineSafeModeRule] INFO  safemode.SCMSafeModeManager (SCMSafeModeManager.java:validateSafeModeExitRules(218)) - ScmSafeModeManager, all rules are successfully validated
2024-11-30 15:01:08,394 [EventQueue-OpenPipelineForHealthyPipelineSafeModeRule] INFO  safemode.SCMSafeModeManager (SCMSafeModeManager.java:exitSafeMode(248)) - SCM exiting safe mode.
2024-11-30 15:01:08,394 [EventQueue-OpenPipelineForHealthyPipelineSafeModeRule] INFO  ha.SCMContext (SCMContext.java:updateSafeModeStatus(225)) - Update SafeModeStatus from SafeModeStatus{safeModeStatus=true, preCheckPassed=true} to SafeModeStatus{safeModeStatus=false, preCheckPassed=true}.
2024-11-30 15:01:08,394 [EventQueue-OpenPipelineForHealthyPipelineSafeModeRule] INFO  pipeline.BackgroundPipelineCreator (BackgroundPipelineCreator.java:notifyStatusChanged(258)) - Service BackgroundPipelineCreator transitions to RUNNING.
2024-11-30 15:01:08,394 [EventQueue-OpenPipelineForHealthyPipelineSafeModeRule] INFO  BackgroundPipelineScrubber (BackgroundSCMService.java:notifyStatusChanged(79)) - Service BackgroundPipelineScrubber transitions to RUNNING.
2024-11-30 15:01:08,394 [EventQueue-OpenPipelineForHealthyPipelineSafeModeRule] INFO  ExpiredContainerReplicaOpScrubber (BackgroundSCMService.java:notifyStatusChanged(79)) - Service ExpiredContainerReplicaOpScrubber transitions to RUNNING.
2024-11-30 15:01:08,394 [EventQueue-OpenPipelineForHealthyPipelineSafeModeRule] INFO  block.SCMBlockDeletingService (SCMBlockDeletingService.java:notifyStatusChanged(248)) - notifyStatusChanged:RUNNING
2024-11-30 15:01:08,394 [EventQueue-OpenPipelineForHealthyPipelineSafeModeRule] INFO  replication.ReplicationManager (ReplicationManager.java:notifyStatusChanged(1406)) - Service ReplicationManager transitions to RUNNING.
2024-11-30 15:01:08,394 [EventQueue-OpenPipelineForHealthyPipelineSafeModeRule] WARN  balancer.ContainerBalancer (ContainerBalancer.java:shouldRun(136)) - Could not find persisted configuration for ContainerBalancer when checking if ContainerBalancer should run. ContainerBalancer should not run now.
2024-11-30 15:01:08,395 [d57daabc-8d0b-4ea3-831e-cde13ca8d1d7-server-thread1] INFO  ratis.XceiverServerRatis (XceiverServerRatis.java:handleLeaderChangedNotification(944)) - Leader change notification received for group: group-563E99154595 with new leaderId: 719b1c3f-249c-457a-8743-b06328301a87
2024-11-30 15:01:08,396 [d57daabc-8d0b-4ea3-831e-cde13ca8d1d7-server-thread1] INFO  server.RaftServer$Division (ServerState.java:setLeader(272)) - d57daabc-8d0b-4ea3-831e-cde13ca8d1d7@group-563E99154595: change Leader from null to 719b1c3f-249c-457a-8743-b06328301a87 at term 1 for appendEntries, leader elected after 5176ms
2024-11-30 15:01:08,399 [719b1c3f-249c-457a-8743-b06328301a87@group-563E99154595-SegmentedRaftLogWorker] INFO  segmented.SegmentedRaftLogWorker (SegmentedRaftLogWorker.java:execute(644)) - 719b1c3f-249c-457a-8743-b06328301a87@group-563E99154595-SegmentedRaftLogWorker: created new log segment /home/runner/work/ozone/ozone/hadoop-ozone/integration-test/target/test-dir/MiniOzoneClusterImpl-e985cbf7-8b64-4e7c-b64c-74e6afbb48f1/ozone-meta/datanode-1/ratis/30e54b79-c26a-4b32-b794-563e99154595/current/log_inprogress_0
2024-11-30 15:01:08,402 [af7ee296-5066-44e3-a94d-aaeda09020f2-server-thread1] INFO  ratis.XceiverServerRatis (XceiverServerRatis.java:handleLeaderChangedNotification(944)) - Leader change notification received for group: group-563E99154595 with new leaderId: 719b1c3f-249c-457a-8743-b06328301a87
2024-11-30 15:01:08,402 [d57daabc-8d0b-4ea3-831e-cde13ca8d1d7-server-thread3] INFO  server.RaftServer$Division (ServerState.java:setRaftConf(386)) - d57daabc-8d0b-4ea3-831e-cde13ca8d1d7@group-563E99154595: set configuration conf: {index: 0, cur=peers:[719b1c3f-249c-457a-8743-b06328301a87|127.0.0.1:15171, af7ee296-5066-44e3-a94d-aaeda09020f2|127.0.0.1:15189, d57daabc-8d0b-4ea3-831e-cde13ca8d1d7|127.0.0.1:15180]|listeners:[], old=null}
2024-11-30 15:01:08,402 [d57daabc-8d0b-4ea3-831e-cde13ca8d1d7-server-thread3] INFO  segmented.SegmentedRaftLogWorker (SegmentedRaftLogWorker.java:startLogSegment(438)) - d57daabc-8d0b-4ea3-831e-cde13ca8d1d7@group-563E99154595-SegmentedRaftLogWorker: Starting segment from index:0
2024-11-30 15:01:08,402 [af7ee296-5066-44e3-a94d-aaeda09020f2-server-thread1] INFO  server.RaftServer$Division (ServerState.java:setLeader(272)) - af7ee296-5066-44e3-a94d-aaeda09020f2@group-563E99154595: change Leader from null to 719b1c3f-249c-457a-8743-b06328301a87 at term 1 for appendEntries, leader elected after 5208ms
2024-11-30 15:01:08,403 [d57daabc-8d0b-4ea3-831e-cde13ca8d1d7@group-563E99154595-SegmentedRaftLogWorker] INFO  segmented.BufferedWriteChannel (BufferedWriteChannel.java:open(61)) - open log_inprogress_0 at position 0
2024-11-30 15:01:08,407 [af7ee296-5066-44e3-a94d-aaeda09020f2-server-thread2] INFO  server.RaftServer$Division (ServerState.java:setRaftConf(386)) - af7ee296-5066-44e3-a94d-aaeda09020f2@group-563E99154595: set configuration conf: {index: 0, cur=peers:[719b1c3f-249c-457a-8743-b06328301a87|127.0.0.1:15171, af7ee296-5066-44e3-a94d-aaeda09020f2|127.0.0.1:15189, d57daabc-8d0b-4ea3-831e-cde13ca8d1d7|127.0.0.1:15180]|listeners:[], old=null}
2024-11-30 15:01:08,407 [af7ee296-5066-44e3-a94d-aaeda09020f2-server-thread2] INFO  segmented.SegmentedRaftLogWorker (SegmentedRaftLogWorker.java:startLogSegment(438)) - af7ee296-5066-44e3-a94d-aaeda09020f2@group-563E99154595-SegmentedRaftLogWorker: Starting segment from index:0
2024-11-30 15:01:08,408 [af7ee296-5066-44e3-a94d-aaeda09020f2@group-563E99154595-SegmentedRaftLogWorker] INFO  segmented.BufferedWriteChannel (BufferedWriteChannel.java:open(61)) - open log_inprogress_0 at position 0
2024-11-30 15:01:08,411 [d57daabc-8d0b-4ea3-831e-cde13ca8d1d7@group-881FFCB406EE-FollowerState] INFO  impl.FollowerState (FollowerState.java:runImpl(161)) - d57daabc-8d0b-4ea3-831e-cde13ca8d1d7@group-881FFCB406EE-FollowerState: change to CANDIDATE, lastRpcElapsedTime:5109563149ns, electionTimeout:5109ms
2024-11-30 15:01:08,411 [d57daabc-8d0b-4ea3-831e-cde13ca8d1d7@group-881FFCB406EE-FollowerState] INFO  impl.RoleInfo (RoleInfo.java:shutdownFollowerState(121)) - d57daabc-8d0b-4ea3-831e-cde13ca8d1d7: shutdown d57daabc-8d0b-4ea3-831e-cde13ca8d1d7@group-881FFCB406EE-FollowerState
2024-11-30 15:01:08,411 [d57daabc-8d0b-4ea3-831e-cde13ca8d1d7@group-881FFCB406EE-FollowerState] INFO  server.RaftServer$Division (RaftServerImpl.java:setRole(378)) - d57daabc-8d0b-4ea3-831e-cde13ca8d1d7@group-881FFCB406EE: changes role from  FOLLOWER to CANDIDATE at term 0 for changeToCandidate
2024-11-30 15:01:08,411 [d57daabc-8d0b-4ea3-831e-cde13ca8d1d7@group-881FFCB406EE-FollowerState] INFO  server.RaftServerConfigKeys (ConfUtils.java:logGet(46)) - raft.server.leaderelection.pre-vote = true (default)
2024-11-30 15:01:08,411 [d57daabc-8d0b-4ea3-831e-cde13ca8d1d7@group-881FFCB406EE-FollowerState] INFO  impl.RoleInfo (RoleInfo.java:updateAndGet(148)) - d57daabc-8d0b-4ea3-831e-cde13ca8d1d7: start d57daabc-8d0b-4ea3-831e-cde13ca8d1d7@group-881FFCB406EE-LeaderElection45
2024-11-30 15:01:08,411 [d57daabc-8d0b-4ea3-831e-cde13ca8d1d7@group-881FFCB406EE-LeaderElection45] INFO  impl.LeaderElection (LeaderElection.java:askForVotes(332)) - d57daabc-8d0b-4ea3-831e-cde13ca8d1d7@group-881FFCB406EE-LeaderElection45 PRE_VOTE round 0: submit vote requests at term 0 for conf: {index: -1, cur=peers:[719b1c3f-249c-457a-8743-b06328301a87|127.0.0.1:15171, af7ee296-5066-44e3-a94d-aaeda09020f2|127.0.0.1:15189, d57daabc-8d0b-4ea3-831e-cde13ca8d1d7|127.0.0.1:15180]|listeners:[], old=null}
2024-11-30 15:01:08,412 [d57daabc-8d0b-4ea3-831e-cde13ca8d1d7@group-881FFCB406EE-LeaderElection45] INFO  server.RaftServerConfigKeys (ConfUtils.java:logFallback(53)) - raft.server.rpc.first-election.timeout.min = 5s (fallback to raft.server.rpc.timeout.min)
2024-11-30 15:01:08,412 [d57daabc-8d0b-4ea3-831e-cde13ca8d1d7@group-881FFCB406EE-LeaderElection45] INFO  server.RaftServerConfigKeys (ConfUtils.java:logFallback(53)) - raft.server.rpc.first-election.timeout.max = 5200ms (fallback to raft.server.rpc.timeout.max)
2024-11-30 15:01:08,414 [d57daabc-8d0b-4ea3-831e-cde13ca8d1d7@group-563E99154595-SegmentedRaftLogWorker] INFO  segmented.SegmentedRaftLogWorker (SegmentedRaftLogWorker.java:execute(644)) - d57daabc-8d0b-4ea3-831e-cde13ca8d1d7@group-563E99154595-SegmentedRaftLogWorker: created new log segment /home/runner/work/ozone/ozone/hadoop-ozone/integration-test/target/test-dir/MiniOzoneClusterImpl-e985cbf7-8b64-4e7c-b64c-74e6afbb48f1/ozone-meta/datanode-2/ratis/30e54b79-c26a-4b32-b794-563e99154595/current/log_inprogress_0
2024-11-30 15:01:08,413 [grpc-default-executor-2] INFO  server.RaftServer$Division (RaftServerImpl.java:requestVote(1407)) - 719b1c3f-249c-457a-8743-b06328301a87@group-881FFCB406EE: receive requestVote(PRE_VOTE, d57daabc-8d0b-4ea3-831e-cde13ca8d1d7, group-881FFCB406EE, 0, (t:0, i:0))
2024-11-30 15:01:08,414 [grpc-default-executor-2] INFO  impl.VoteContext (VoteContext.java:log(49)) - 719b1c3f-249c-457a-8743-b06328301a87@group-881FFCB406EE-FOLLOWER: accept PRE_VOTE from d57daabc-8d0b-4ea3-831e-cde13ca8d1d7: our priority 0 <= candidate's priority 1
2024-11-30 15:01:08,414 [grpc-default-executor-2] INFO  server.RaftServer$Division (RaftServerImpl.java:requestVote(1441)) - 719b1c3f-249c-457a-8743-b06328301a87@group-881FFCB406EE replies to PRE_VOTE vote request: d57daabc-8d0b-4ea3-831e-cde13ca8d1d7<-719b1c3f-249c-457a-8743-b06328301a87#0:OK-t0. Peer's state: 719b1c3f-249c-457a-8743-b06328301a87@group-881FFCB406EE:t0, leader=null, voted=, raftlog=Memoized:719b1c3f-249c-457a-8743-b06328301a87@group-881FFCB406EE-SegmentedRaftLog:OPENED:c-1:lastnull, conf=conf: {index: -1, cur=peers:[719b1c3f-249c-457a-8743-b06328301a87|127.0.0.1:15171, af7ee296-5066-44e3-a94d-aaeda09020f2|127.0.0.1:15189, d57daabc-8d0b-4ea3-831e-cde13ca8d1d7|127.0.0.1:15180]|listeners:[], old=null}
2024-11-30 15:01:08,413 [grpc-default-executor-4] INFO  server.RaftServer$Division (RaftServerImpl.java:requestVote(1407)) - af7ee296-5066-44e3-a94d-aaeda09020f2@group-881FFCB406EE: receive requestVote(PRE_VOTE, d57daabc-8d0b-4ea3-831e-cde13ca8d1d7, group-881FFCB406EE, 0, (t:0, i:0))
2024-11-30 15:01:08,415 [grpc-default-executor-4] INFO  impl.VoteContext (VoteContext.java:log(49)) - af7ee296-5066-44e3-a94d-aaeda09020f2@group-881FFCB406EE-FOLLOWER: accept PRE_VOTE from d57daabc-8d0b-4ea3-831e-cde13ca8d1d7: our priority 0 <= candidate's priority 1
2024-11-30 15:01:08,415 [grpc-default-executor-4] INFO  server.RaftServer$Division (RaftServerImpl.java:requestVote(1441)) - af7ee296-5066-44e3-a94d-aaeda09020f2@group-881FFCB406EE replies to PRE_VOTE vote request: d57daabc-8d0b-4ea3-831e-cde13ca8d1d7<-af7ee296-5066-44e3-a94d-aaeda09020f2#0:OK-t0. Peer's state: af7ee296-5066-44e3-a94d-aaeda09020f2@group-881FFCB406EE:t0, leader=null, voted=, raftlog=Memoized:af7ee296-5066-44e3-a94d-aaeda09020f2@group-881FFCB406EE-SegmentedRaftLog:OPENED:c-1:lastnull, conf=conf: {index: -1, cur=peers:[719b1c3f-249c-457a-8743-b06328301a87|127.0.0.1:15171, af7ee296-5066-44e3-a94d-aaeda09020f2|127.0.0.1:15189, d57daabc-8d0b-4ea3-831e-cde13ca8d1d7|127.0.0.1:15180]|listeners:[], old=null}
2024-11-30 15:01:08,418 [719b1c3f-249c-457a-8743-b06328301a87@group-563E99154595-StateMachineUpdater] INFO  server.RaftServer$Division (LeaderStateImpl.java:checkStartIndex(313)) - Leader 719b1c3f-249c-457a-8743-b06328301a87@group-563E99154595-LeaderStateImpl is ready since appliedIndex == startIndex == 0
2024-11-30 15:01:08,421 [af7ee296-5066-44e3-a94d-aaeda09020f2@group-881FFCB406EE-FollowerState] INFO  server.RaftServerConfigKeys (ConfUtils.java:logFallback(53)) - raft.server.rpc.first-election.timeout.min = 5s (fallback to raft.server.rpc.timeout.min)
2024-11-30 15:01:08,421 [af7ee296-5066-44e3-a94d-aaeda09020f2@group-881FFCB406EE-FollowerState] INFO  server.RaftServerConfigKeys (ConfUtils.java:logFallback(53)) - raft.server.rpc.first-election.timeout.max = 5200ms (fallback to raft.server.rpc.timeout.max)
2024-11-30 15:01:08,422 [d57daabc-8d0b-4ea3-831e-cde13ca8d1d7@group-881FFCB406EE-LeaderElection45] INFO  impl.LeaderElection (LeaderElection.java:logAndReturn(90)) - d57daabc-8d0b-4ea3-831e-cde13ca8d1d7@group-881FFCB406EE-LeaderElection45: PRE_VOTE PASSED received 1 response(s) and 0 exception(s):
2024-11-30 15:01:08,422 [d57daabc-8d0b-4ea3-831e-cde13ca8d1d7@group-881FFCB406EE-LeaderElection45] INFO  impl.LeaderElection (LeaderElection.java:logAndReturn(94)) -   Response 0: d57daabc-8d0b-4ea3-831e-cde13ca8d1d7<-af7ee296-5066-44e3-a94d-aaeda09020f2#0:OK-t0
2024-11-30 15:01:08,422 [d57daabc-8d0b-4ea3-831e-cde13ca8d1d7@group-881FFCB406EE-LeaderElection45] INFO  impl.LeaderElection (LeaderElection.java:askForVotes(334)) - d57daabc-8d0b-4ea3-831e-cde13ca8d1d7@group-881FFCB406EE-LeaderElection45 PRE_VOTE round 0: result PASSED
2024-11-30 15:01:08,424 [af7ee296-5066-44e3-a94d-aaeda09020f2@group-563E99154595-SegmentedRaftLogWorker] INFO  segmented.SegmentedRaftLogWorker (SegmentedRaftLogWorker.java:execute(644)) - af7ee296-5066-44e3-a94d-aaeda09020f2@group-563E99154595-SegmentedRaftLogWorker: created new log segment /home/runner/work/ozone/ozone/hadoop-ozone/integration-test/target/test-dir/MiniOzoneClusterImpl-e985cbf7-8b64-4e7c-b64c-74e6afbb48f1/ozone-meta/datanode-3/ratis/30e54b79-c26a-4b32-b794-563e99154595/current/log_inprogress_0
2024-11-30 15:01:08,424 [d57daabc-8d0b-4ea3-831e-cde13ca8d1d7@group-881FFCB406EE-LeaderElection45] INFO  impl.LeaderElection (LeaderElection.java:askForVotes(332)) - d57daabc-8d0b-4ea3-831e-cde13ca8d1d7@group-881FFCB406EE-LeaderElection45 ELECTION round 0: submit vote requests at term 1 for conf: {index: -1, cur=peers:[719b1c3f-249c-457a-8743-b06328301a87|127.0.0.1:15171, af7ee296-5066-44e3-a94d-aaeda09020f2|127.0.0.1:15189, d57daabc-8d0b-4ea3-831e-cde13ca8d1d7|127.0.0.1:15180]|listeners:[], old=null}
2024-11-30 15:01:08,425 [d57daabc-8d0b-4ea3-831e-cde13ca8d1d7@group-881FFCB406EE-LeaderElection45] INFO  server.RaftServerConfigKeys (ConfUtils.java:logFallback(53)) - raft.server.rpc.first-election.timeout.min = 5s (fallback to raft.server.rpc.timeout.min)
2024-11-30 15:01:08,425 [d57daabc-8d0b-4ea3-831e-cde13ca8d1d7@group-881FFCB406EE-LeaderElection45] INFO  server.RaftServerConfigKeys (ConfUtils.java:logFallback(53)) - raft.server.rpc.first-election.timeout.max = 5200ms (fallback to raft.server.rpc.timeout.max)
2024-11-30 15:01:08,425 [grpc-default-executor-2] INFO  server.RaftServer$Division (RaftServerImpl.java:requestVote(1407)) - 719b1c3f-249c-457a-8743-b06328301a87@group-881FFCB406EE: receive requestVote(ELECTION, d57daabc-8d0b-4ea3-831e-cde13ca8d1d7, group-881FFCB406EE, 1, (t:0, i:0))
2024-11-30 15:01:08,425 [grpc-default-executor-2] INFO  impl.VoteContext (VoteContext.java:log(49)) - 719b1c3f-249c-457a-8743-b06328301a87@group-881FFCB406EE-FOLLOWER: accept ELECTION from d57daabc-8d0b-4ea3-831e-cde13ca8d1d7: our priority 0 <= candidate's priority 1
2024-11-30 15:01:08,425 [grpc-default-executor-2] INFO  server.RaftServer$Division (RaftServerImpl.java:setRole(378)) - 719b1c3f-249c-457a-8743-b06328301a87@group-881FFCB406EE: changes role from  FOLLOWER to FOLLOWER at term 0 for candidate:d57daabc-8d0b-4ea3-831e-cde13ca8d1d7
2024-11-30 15:01:08,425 [grpc-default-executor-2] INFO  impl.RoleInfo (RoleInfo.java:shutdownFollowerState(121)) - 719b1c3f-249c-457a-8743-b06328301a87: shutdown 719b1c3f-249c-457a-8743-b06328301a87@group-881FFCB406EE-FollowerState
2024-11-30 15:01:08,425 [grpc-default-executor-2] INFO  impl.RoleInfo (RoleInfo.java:updateAndGet(148)) - 719b1c3f-249c-457a-8743-b06328301a87: start 719b1c3f-249c-457a-8743-b06328301a87@group-881FFCB406EE-FollowerState
2024-11-30 15:01:08,425 [719b1c3f-249c-457a-8743-b06328301a87@group-881FFCB406EE-FollowerState] INFO  impl.FollowerState (FollowerState.java:runImpl(170)) - 719b1c3f-249c-457a-8743-b06328301a87@group-881FFCB406EE-FollowerState was interrupted
2024-11-30 15:01:08,426 [d57daabc-8d0b-4ea3-831e-cde13ca8d1d7@group-E05DB5954E57-FollowerState] INFO  impl.FollowerState (FollowerState.java:runImpl(161)) - d57daabc-8d0b-4ea3-831e-cde13ca8d1d7@group-E05DB5954E57-FollowerState: change to CANDIDATE, lastRpcElapsedTime:5009903565ns, electionTimeout:5009ms
2024-11-30 15:01:08,426 [d57daabc-8d0b-4ea3-831e-cde13ca8d1d7@group-E05DB5954E57-FollowerState] INFO  impl.RoleInfo (RoleInfo.java:shutdownFollowerState(121)) - d57daabc-8d0b-4ea3-831e-cde13ca8d1d7: shutdown d57daabc-8d0b-4ea3-831e-cde13ca8d1d7@group-E05DB5954E57-FollowerState
2024-11-30 15:01:08,426 [d57daabc-8d0b-4ea3-831e-cde13ca8d1d7@group-E05DB5954E57-FollowerState] INFO  server.RaftServer$Division (RaftServerImpl.java:setRole(378)) - d57daabc-8d0b-4ea3-831e-cde13ca8d1d7@group-E05DB5954E57: changes role from  FOLLOWER to CANDIDATE at term 0 for changeToCandidate
2024-11-30 15:01:08,426 [d57daabc-8d0b-4ea3-831e-cde13ca8d1d7@group-E05DB5954E57-FollowerState] INFO  server.RaftServerConfigKeys (ConfUtils.java:logGet(46)) - raft.server.leaderelection.pre-vote = true (default)
2024-11-30 15:01:08,426 [d57daabc-8d0b-4ea3-831e-cde13ca8d1d7@group-E05DB5954E57-FollowerState] INFO  impl.RoleInfo (RoleInfo.java:updateAndGet(148)) - d57daabc-8d0b-4ea3-831e-cde13ca8d1d7: start d57daabc-8d0b-4ea3-831e-cde13ca8d1d7@group-E05DB5954E57-LeaderElection46
2024-11-30 15:01:08,426 [grpc-default-executor-2] INFO  server.RaftServer$Division (RaftServerImpl.java:setFirstElection(562)) - 719b1c3f-249c-457a-8743-b06328301a87@group-881FFCB406EE: set firstElectionSinceStartup to false for candidate:d57daabc-8d0b-4ea3-831e-cde13ca8d1d7
2024-11-30 15:01:08,426 [d57daabc-8d0b-4ea3-831e-cde13ca8d1d7@group-E05DB5954E57-LeaderElection46] INFO  impl.LeaderElection (LeaderElection.java:askForVotes(332)) - d57daabc-8d0b-4ea3-831e-cde13ca8d1d7@group-E05DB5954E57-LeaderElection46 PRE_VOTE round 0: submit vote requests at term 0 for conf: {index: -1, cur=peers:[d57daabc-8d0b-4ea3-831e-cde13ca8d1d7|127.0.0.1:15180]|listeners:[], old=null}
2024-11-30 15:01:08,426 [d57daabc-8d0b-4ea3-831e-cde13ca8d1d7@group-E05DB5954E57-LeaderElection46] INFO  impl.LeaderElection (LeaderElection.java:askForVotes(334)) - d57daabc-8d0b-4ea3-831e-cde13ca8d1d7@group-E05DB5954E57-LeaderElection46 PRE_VOTE round 0: result PASSED (term=0)
2024-11-30 15:01:08,427 [grpc-default-executor-2] INFO  server.RaftServer$Division (RaftServerImpl.java:requestVote(1441)) - 719b1c3f-249c-457a-8743-b06328301a87@group-881FFCB406EE replies to ELECTION vote request: d57daabc-8d0b-4ea3-831e-cde13ca8d1d7<-719b1c3f-249c-457a-8743-b06328301a87#0:OK-t1. Peer's state: 719b1c3f-249c-457a-8743-b06328301a87@group-881FFCB406EE:t1, leader=null, voted=d57daabc-8d0b-4ea3-831e-cde13ca8d1d7, raftlog=Memoized:719b1c3f-249c-457a-8743-b06328301a87@group-881FFCB406EE-SegmentedRaftLog:OPENED:c-1:lastnull, conf=conf: {index: -1, cur=peers:[719b1c3f-249c-457a-8743-b06328301a87|127.0.0.1:15171, af7ee296-5066-44e3-a94d-aaeda09020f2|127.0.0.1:15189, d57daabc-8d0b-4ea3-831e-cde13ca8d1d7|127.0.0.1:15180]|listeners:[], old=null}
2024-11-30 15:01:08,427 [d57daabc-8d0b-4ea3-831e-cde13ca8d1d7@group-881FFCB406EE-LeaderElection45] INFO  impl.LeaderElection (LeaderElection.java:logAndReturn(90)) - d57daabc-8d0b-4ea3-831e-cde13ca8d1d7@group-881FFCB406EE-LeaderElection45: ELECTION PASSED received 1 response(s) and 0 exception(s):
2024-11-30 15:01:08,427 [d57daabc-8d0b-4ea3-831e-cde13ca8d1d7@group-881FFCB406EE-LeaderElection45] INFO  impl.LeaderElection (LeaderElection.java:logAndReturn(94)) -   Response 0: d57daabc-8d0b-4ea3-831e-cde13ca8d1d7<-719b1c3f-249c-457a-8743-b06328301a87#0:OK-t1
2024-11-30 15:01:08,427 [d57daabc-8d0b-4ea3-831e-cde13ca8d1d7@group-881FFCB406EE-LeaderElection45] INFO  impl.LeaderElection (LeaderElection.java:askForVotes(334)) - d57daabc-8d0b-4ea3-831e-cde13ca8d1d7@group-881FFCB406EE-LeaderElection45 ELECTION round 0: result PASSED
2024-11-30 15:01:08,428 [d57daabc-8d0b-4ea3-831e-cde13ca8d1d7@group-881FFCB406EE-LeaderElection45] INFO  impl.RoleInfo (RoleInfo.java:shutdownLeaderElection(141)) - d57daabc-8d0b-4ea3-831e-cde13ca8d1d7: shutdown d57daabc-8d0b-4ea3-831e-cde13ca8d1d7@group-881FFCB406EE-LeaderElection45
2024-11-30 15:01:08,428 [d57daabc-8d0b-4ea3-831e-cde13ca8d1d7@group-881FFCB406EE-LeaderElection45] INFO  server.RaftServer$Division (RaftServerImpl.java:setRole(378)) - d57daabc-8d0b-4ea3-831e-cde13ca8d1d7@group-881FFCB406EE: changes role from CANDIDATE to LEADER at term 1 for changeToLeader
2024-11-30 15:01:08,428 [d57daabc-8d0b-4ea3-831e-cde13ca8d1d7@group-881FFCB406EE-LeaderElection45] INFO  server.RaftServerConfigKeys (ConfUtils.java:logGet(46)) - raft.server.staging.catchup.gap = 1000 (default)
2024-11-30 15:01:08,428 [d57daabc-8d0b-4ea3-831e-cde13ca8d1d7@group-881FFCB406EE-LeaderElection45] INFO  server.RaftServerConfigKeys (ConfUtils.java:logGet(46)) - raft.server.write.element-limit = 1024 (custom)
2024-11-30 15:01:08,428 [d57daabc-8d0b-4ea3-831e-cde13ca8d1d7@group-881FFCB406EE-LeaderElection45] INFO  server.RaftServerConfigKeys (ConfUtils.java:logGet(46)) - raft.server.write.byte-limit = 1024 M (=1073741824) (custom)
2024-11-30 15:01:08,428 [d57daabc-8d0b-4ea3-831e-cde13ca8d1d7@group-881FFCB406EE-LeaderElection45] INFO  server.RaftServerConfigKeys (ConfUtils.java:logGet(46)) - raft.server.watch.timeout = 3000ms (custom)
2024-11-30 15:01:08,428 [d57daabc-8d0b-4ea3-831e-cde13ca8d1d7@group-881FFCB406EE-LeaderElection45] INFO  server.RaftServerConfigKeys (ConfUtils.java:logGet(46)) - raft.server.watch.timeout.denomination = 1s (default)
2024-11-30 15:01:08,428 [d57daabc-8d0b-4ea3-831e-cde13ca8d1d7@group-881FFCB406EE-LeaderElection45] INFO  server.RaftServerConfigKeys (ConfUtils.java:logGet(46)) - raft.server.watch.element-limit = 65536 (default)
2024-11-30 15:01:08,429 [d57daabc-8d0b-4ea3-831e-cde13ca8d1d7@group-881FFCB406EE-LeaderElection45] INFO  server.RaftServerConfigKeys (ConfUtils.java:logGet(46)) - raft.server.read.leader.lease.enabled = false (default)
2024-11-30 15:01:08,429 [d57daabc-8d0b-4ea3-831e-cde13ca8d1d7@group-881FFCB406EE-LeaderElection45] INFO  server.RaftServerConfigKeys (ConfUtils.java:logGet(46)) - raft.server.read.leader.lease.timeout.ratio = 0.9 (default)
2024-11-30 15:01:08,429 [d57daabc-8d0b-4ea3-831e-cde13ca8d1d7@group-881FFCB406EE-LeaderElection45] INFO  server.RaftServerConfigKeys (ConfUtils.java:logGet(46)) - raft.server.rpc.timeout.min = 5s (custom)
2024-11-30 15:01:08,429 [d57daabc-8d0b-4ea3-831e-cde13ca8d1d7@group-881FFCB406EE-LeaderElection45] INFO  server.RaftServerConfigKeys (ConfUtils.java:logGet(46)) - raft.server.log.log-metadata.enabled = true (default)
2024-11-30 15:01:08,429 [d57daabc-8d0b-4ea3-831e-cde13ca8d1d7@group-881FFCB406EE-LeaderElection45] INFO  server.RaftServerConfigKeys (ConfUtils.java:logGet(46)) - raft.server.write.element-limit = 1024 (custom)
2024-11-30 15:01:08,429 [d57daabc-8d0b-4ea3-831e-cde13ca8d1d7@group-881FFCB406EE-LeaderElection45] INFO  server.RaftServerConfigKeys (ConfUtils.java:logGet(46)) - raft.server.write.follower.gap.ratio.max = -1.0 (default)
2024-11-30 15:01:08,429 [d57daabc-8d0b-4ea3-831e-cde13ca8d1d7@group-881FFCB406EE-LeaderElection45] INFO  server.RaftServerConfigKeys (ConfUtils.java:logGet(46)) - raft.server.log.appender.snapshot.chunk.size.max = 16MB (=16777216) (default)
2024-11-30 15:01:08,429 [d57daabc-8d0b-4ea3-831e-cde13ca8d1d7@group-881FFCB406EE-LeaderElection45] INFO  server.RaftServerConfigKeys (ConfUtils.java:logGet(46)) - raft.server.log.appender.buffer.byte-limit = 33554432 (custom)
2024-11-30 15:01:08,429 [d57daabc-8d0b-4ea3-831e-cde13ca8d1d7@group-881FFCB406EE-LeaderElection45] INFO  server.RaftServerConfigKeys (ConfUtils.java:logGet(46)) - raft.server.log.appender.buffer.element-limit = 1024 (custom)
2024-11-30 15:01:08,429 [d57daabc-8d0b-4ea3-831e-cde13ca8d1d7@group-881FFCB406EE-LeaderElection45] INFO  server.RaftServerConfigKeys (ConfUtils.java:logGet(46)) - raft.server.log.appender.wait-time.min = 0ms (custom)
2024-11-30 15:01:08,429 [d57daabc-8d0b-4ea3-831e-cde13ca8d1d7@group-881FFCB406EE-LeaderElection45] INFO  grpc.GrpcConfigKeys (ConfUtils.java:logGet(46)) - raft.grpc.server.leader.outstanding.appends.max = 8 (default)
2024-11-30 15:01:08,429 [d57daabc-8d0b-4ea3-831e-cde13ca8d1d7@group-881FFCB406EE-LeaderElection45] INFO  server.RaftServerConfigKeys (ConfUtils.java:logGet(46)) - raft.server.rpc.request.timeout = 3000ms (default)
2024-11-30 15:01:08,430 [d57daabc-8d0b-4ea3-831e-cde13ca8d1d7@group-881FFCB406EE-LeaderElection45] INFO  grpc.GrpcConfigKeys (ConfUtils.java:logGet(46)) - raft.grpc.server.install_snapshot.request.element-limit = 8 (default)
2024-11-30 15:01:08,430 [d57daabc-8d0b-4ea3-831e-cde13ca8d1d7@group-881FFCB406EE-LeaderElection45] INFO  grpc.GrpcConfigKeys (ConfUtils.java:logGet(46)) - raft.grpc.server.install_snapshot.request.timeout = 3000ms (default)
2024-11-30 15:01:08,430 [d57daabc-8d0b-4ea3-831e-cde13ca8d1d7@group-881FFCB406EE-LeaderElection45] INFO  grpc.GrpcConfigKeys (ConfUtils.java:logGet(46)) - raft.grpc.server.log-message.batch.duration = 5s (default)
2024-11-30 15:01:08,430 [d57daabc-8d0b-4ea3-831e-cde13ca8d1d7@group-881FFCB406EE-LeaderElection45] INFO  server.RaftServerConfigKeys (ConfUtils.java:logGet(46)) - raft.server.log.appender.install.snapshot.enabled = false (custom)
2024-11-30 15:01:08,430 [d57daabc-8d0b-4ea3-831e-cde13ca8d1d7@group-881FFCB406EE-LeaderElection45] INFO  grpc.GrpcConfigKeys (ConfUtils.java:logGet(46)) - raft.grpc.server.heartbeat.channel = true (default)
2024-11-30 15:01:08,430 [d57daabc-8d0b-4ea3-831e-cde13ca8d1d7@group-881FFCB406EE-LeaderElection45] INFO  server.RaftServerConfigKeys (ConfUtils.java:logGet(46)) - raft.server.log.appender.snapshot.chunk.size.max = 16MB (=16777216) (default)
2024-11-30 15:01:08,430 [d57daabc-8d0b-4ea3-831e-cde13ca8d1d7@group-E05DB5954E57-LeaderElection46] INFO  impl.LeaderElection (LeaderElection.java:askForVotes(332)) - d57daabc-8d0b-4ea3-831e-cde13ca8d1d7@group-E05DB5954E57-LeaderElection46 ELECTION round 0: submit vote requests at term 1 for conf: {index: -1, cur=peers:[d57daabc-8d0b-4ea3-831e-cde13ca8d1d7|127.0.0.1:15180]|listeners:[], old=null}
2024-11-30 15:01:08,431 [d57daabc-8d0b-4ea3-831e-cde13ca8d1d7@group-E05DB5954E57-LeaderElection46] INFO  impl.LeaderElection (LeaderElection.java:askForVotes(334)) - d57daabc-8d0b-4ea3-831e-cde13ca8d1d7@group-E05DB5954E57-LeaderElection46 ELECTION round 0: result PASSED (term=1)
2024-11-30 15:01:08,431 [d57daabc-8d0b-4ea3-831e-cde13ca8d1d7@group-E05DB5954E57-LeaderElection46] INFO  impl.RoleInfo (RoleInfo.java:shutdownLeaderElection(141)) - d57daabc-8d0b-4ea3-831e-cde13ca8d1d7: shutdown d57daabc-8d0b-4ea3-831e-cde13ca8d1d7@group-E05DB5954E57-LeaderElection46
2024-11-30 15:01:08,431 [d57daabc-8d0b-4ea3-831e-cde13ca8d1d7@group-E05DB5954E57-LeaderElection46] INFO  server.RaftServer$Division (RaftServerImpl.java:setRole(378)) - d57daabc-8d0b-4ea3-831e-cde13ca8d1d7@group-E05DB5954E57: changes role from CANDIDATE to LEADER at term 1 for changeToLeader
2024-11-30 15:01:08,431 [d57daabc-8d0b-4ea3-831e-cde13ca8d1d7@group-E05DB5954E57-LeaderElection46] INFO  server.RaftServerConfigKeys (ConfUtils.java:logGet(46)) - raft.server.staging.catchup.gap = 1000 (default)
2024-11-30 15:01:08,431 [d57daabc-8d0b-4ea3-831e-cde13ca8d1d7@group-E05DB5954E57-LeaderElection46] INFO  server.RaftServerConfigKeys (ConfUtils.java:logGet(46)) - raft.server.write.element-limit = 1024 (custom)
2024-11-30 15:01:08,431 [d57daabc-8d0b-4ea3-831e-cde13ca8d1d7@group-E05DB5954E57-LeaderElection46] INFO  server.RaftServerConfigKeys (ConfUtils.java:logGet(46)) - raft.server.write.byte-limit = 1024 M (=1073741824) (custom)
2024-11-30 15:01:08,431 [d57daabc-8d0b-4ea3-831e-cde13ca8d1d7@group-E05DB5954E57-LeaderElection46] INFO  server.RaftServerConfigKeys (ConfUtils.java:logGet(46)) - raft.server.watch.timeout = 3000ms (custom)
2024-11-30 15:01:08,431 [d57daabc-8d0b-4ea3-831e-cde13ca8d1d7@group-E05DB5954E57-LeaderElection46] INFO  server.RaftServerConfigKeys (ConfUtils.java:logGet(46)) - raft.server.watch.timeout.denomination = 1s (default)
2024-11-30 15:01:08,431 [d57daabc-8d0b-4ea3-831e-cde13ca8d1d7@group-E05DB5954E57-LeaderElection46] INFO  server.RaftServerConfigKeys (ConfUtils.java:logGet(46)) - raft.server.watch.element-limit = 65536 (default)
2024-11-30 15:01:08,431 [d57daabc-8d0b-4ea3-831e-cde13ca8d1d7@group-E05DB5954E57-LeaderElection46] INFO  server.RaftServerConfigKeys (ConfUtils.java:logGet(46)) - raft.server.read.leader.lease.enabled = false (default)
2024-11-30 15:01:08,431 [d57daabc-8d0b-4ea3-831e-cde13ca8d1d7@group-E05DB5954E57-LeaderElection46] INFO  server.RaftServerConfigKeys (ConfUtils.java:logGet(46)) - raft.server.read.leader.lease.timeout.ratio = 0.9 (default)
2024-11-30 15:01:08,431 [d57daabc-8d0b-4ea3-831e-cde13ca8d1d7@group-E05DB5954E57-LeaderElection46] INFO  server.RaftServerConfigKeys (ConfUtils.java:logGet(46)) - raft.server.rpc.timeout.min = 5s (custom)
2024-11-30 15:01:08,431 [d57daabc-8d0b-4ea3-831e-cde13ca8d1d7@group-E05DB5954E57-LeaderElection46] INFO  server.RaftServerConfigKeys (ConfUtils.java:logGet(46)) - raft.server.log.log-metadata.enabled = true (default)
2024-11-30 15:01:08,431 [d57daabc-8d0b-4ea3-831e-cde13ca8d1d7@group-E05DB5954E57-LeaderElection46] INFO  server.RaftServerConfigKeys (ConfUtils.java:logGet(46)) - raft.server.write.element-limit = 1024 (custom)
2024-11-30 15:01:08,431 [d57daabc-8d0b-4ea3-831e-cde13ca8d1d7@group-E05DB5954E57-LeaderElection46] INFO  server.RaftServerConfigKeys (ConfUtils.java:logGet(46)) - raft.server.write.follower.gap.ratio.max = -1.0 (default)
2024-11-30 15:01:08,431 [d57daabc-8d0b-4ea3-831e-cde13ca8d1d7@group-E05DB5954E57-LeaderElection46] INFO  impl.RoleInfo (RoleInfo.java:updateAndGet(148)) - d57daabc-8d0b-4ea3-831e-cde13ca8d1d7: start d57daabc-8d0b-4ea3-831e-cde13ca8d1d7@group-E05DB5954E57-LeaderStateImpl
2024-11-30 15:01:08,431 [d57daabc-8d0b-4ea3-831e-cde13ca8d1d7@group-E05DB5954E57-LeaderElection46] INFO  server.RaftServer$Division (RaftServerImpl.java:setFirstElection(562)) - d57daabc-8d0b-4ea3-831e-cde13ca8d1d7@group-E05DB5954E57: set firstElectionSinceStartup to false for becomeLeader
2024-11-30 15:01:08,431 [d57daabc-8d0b-4ea3-831e-cde13ca8d1d7@group-E05DB5954E57-LeaderElection46] INFO  ratis.XceiverServerRatis (XceiverServerRatis.java:handleLeaderChangedNotification(944)) - Leader change notification received for group: group-E05DB5954E57 with new leaderId: d57daabc-8d0b-4ea3-831e-cde13ca8d1d7
2024-11-30 15:01:08,432 [d57daabc-8d0b-4ea3-831e-cde13ca8d1d7@group-E05DB5954E57-LeaderElection46] INFO  server.RaftServer$Division (ServerState.java:setLeader(272)) - d57daabc-8d0b-4ea3-831e-cde13ca8d1d7@group-E05DB5954E57: change Leader from null to d57daabc-8d0b-4ea3-831e-cde13ca8d1d7 at term 1 for becomeLeader, leader elected after 5032ms
2024-11-30 15:01:08,432 [d57daabc-8d0b-4ea3-831e-cde13ca8d1d7@group-881FFCB406EE-LeaderElection45] INFO  server.RaftServerConfigKeys (ConfUtils.java:logGet(46)) - raft.server.log.appender.buffer.byte-limit = 33554432 (custom)
2024-11-30 15:01:08,432 [d57daabc-8d0b-4ea3-831e-cde13ca8d1d7@group-881FFCB406EE-LeaderElection45] INFO  server.RaftServerConfigKeys (ConfUtils.java:logGet(46)) - raft.server.log.appender.buffer.element-limit = 1024 (custom)
2024-11-30 15:01:08,432 [d57daabc-8d0b-4ea3-831e-cde13ca8d1d7@group-E05DB5954E57-LeaderElection46] INFO  segmented.SegmentedRaftLogWorker (SegmentedRaftLogWorker.java:startLogSegment(438)) - d57daabc-8d0b-4ea3-831e-cde13ca8d1d7@group-E05DB5954E57-SegmentedRaftLogWorker: Starting segment from index:0
2024-11-30 15:01:08,432 [d57daabc-8d0b-4ea3-831e-cde13ca8d1d7@group-881FFCB406EE-LeaderElection45] INFO  server.RaftServerConfigKeys (ConfUtils.java:logGet(46)) - raft.server.log.appender.wait-time.min = 0ms (custom)
2024-11-30 15:01:08,432 [d57daabc-8d0b-4ea3-831e-cde13ca8d1d7@group-881FFCB406EE-LeaderElection45] INFO  grpc.GrpcConfigKeys (ConfUtils.java:logGet(46)) - raft.grpc.server.leader.outstanding.appends.max = 8 (default)
2024-11-30 15:01:08,433 [d57daabc-8d0b-4ea3-831e-cde13ca8d1d7@group-881FFCB406EE-LeaderElection45] INFO  server.RaftServerConfigKeys (ConfUtils.java:logGet(46)) - raft.server.rpc.request.timeout = 3000ms (default)
2024-11-30 15:01:08,433 [d57daabc-8d0b-4ea3-831e-cde13ca8d1d7@group-881FFCB406EE-LeaderElection45] INFO  grpc.GrpcConfigKeys (ConfUtils.java:logGet(46)) - raft.grpc.server.install_snapshot.request.element-limit = 8 (default)
2024-11-30 15:01:08,433 [d57daabc-8d0b-4ea3-831e-cde13ca8d1d7@group-881FFCB406EE-LeaderElection45] INFO  grpc.GrpcConfigKeys (ConfUtils.java:logGet(46)) - raft.grpc.server.install_snapshot.request.timeout = 3000ms (default)
2024-11-30 15:01:08,433 [d57daabc-8d0b-4ea3-831e-cde13ca8d1d7@group-881FFCB406EE-LeaderElection45] INFO  grpc.GrpcConfigKeys (ConfUtils.java:logGet(46)) - raft.grpc.server.log-message.batch.duration = 5s (default)
2024-11-30 15:01:08,433 [d57daabc-8d0b-4ea3-831e-cde13ca8d1d7@group-881FFCB406EE-LeaderElection45] INFO  server.RaftServerConfigKeys (ConfUtils.java:logGet(46)) - raft.server.log.appender.install.snapshot.enabled = false (custom)
2024-11-30 15:01:08,433 [d57daabc-8d0b-4ea3-831e-cde13ca8d1d7@group-881FFCB406EE-LeaderElection45] INFO  grpc.GrpcConfigKeys (ConfUtils.java:logGet(46)) - raft.grpc.server.heartbeat.channel = true (default)
2024-11-30 15:01:08,434 [d57daabc-8d0b-4ea3-831e-cde13ca8d1d7@group-881FFCB406EE-LeaderElection45] INFO  impl.RoleInfo (RoleInfo.java:updateAndGet(148)) - d57daabc-8d0b-4ea3-831e-cde13ca8d1d7: start d57daabc-8d0b-4ea3-831e-cde13ca8d1d7@group-881FFCB406EE-LeaderStateImpl
2024-11-30 15:01:08,434 [d57daabc-8d0b-4ea3-831e-cde13ca8d1d7@group-881FFCB406EE-LeaderElection45] INFO  server.RaftServer$Division (RaftServerImpl.java:setFirstElection(562)) - d57daabc-8d0b-4ea3-831e-cde13ca8d1d7@group-881FFCB406EE: set firstElectionSinceStartup to false for becomeLeader
2024-11-30 15:01:08,434 [d57daabc-8d0b-4ea3-831e-cde13ca8d1d7@group-881FFCB406EE-LeaderElection45] INFO  ratis.XceiverServerRatis (XceiverServerRatis.java:handleLeaderChangedNotification(944)) - Leader change notification received for group: group-881FFCB406EE with new leaderId: d57daabc-8d0b-4ea3-831e-cde13ca8d1d7
2024-11-30 15:01:08,434 [d57daabc-8d0b-4ea3-831e-cde13ca8d1d7@group-881FFCB406EE-LeaderElection45] INFO  server.RaftServer$Division (ServerState.java:setLeader(272)) - d57daabc-8d0b-4ea3-831e-cde13ca8d1d7@group-881FFCB406EE: change Leader from null to d57daabc-8d0b-4ea3-831e-cde13ca8d1d7 at term 1 for becomeLeader, leader elected after 5152ms
2024-11-30 15:01:08,434 [d57daabc-8d0b-4ea3-831e-cde13ca8d1d7@group-881FFCB406EE-LeaderElection45] INFO  segmented.SegmentedRaftLogWorker (SegmentedRaftLogWorker.java:startLogSegment(438)) - d57daabc-8d0b-4ea3-831e-cde13ca8d1d7@group-881FFCB406EE-SegmentedRaftLogWorker: Starting segment from index:0
2024-11-30 15:01:08,435 [EventQueue-PipelineReportForPipelineReportHandler] INFO  pipeline.PipelineReportHandler (PipelineReportHandler.java:processPipelineReport(147)) - Opened pipeline PipelineID=8cbe2343-485f-4a35-b27e-881ffcb406ee
2024-11-30 15:01:08,436 [d57daabc-8d0b-4ea3-831e-cde13ca8d1d7@group-881FFCB406EE-SegmentedRaftLogWorker] INFO  segmented.BufferedWriteChannel (BufferedWriteChannel.java:open(61)) - open log_inprogress_0 at position 0
2024-11-30 15:01:08,432 [d57daabc-8d0b-4ea3-831e-cde13ca8d1d7@group-E05DB5954E57-LeaderElection46] INFO  server.RaftServer$Division (ServerState.java:setRaftConf(386)) - d57daabc-8d0b-4ea3-831e-cde13ca8d1d7@group-E05DB5954E57: set configuration conf: {index: 0, cur=peers:[d57daabc-8d0b-4ea3-831e-cde13ca8d1d7|127.0.0.1:15180]|listeners:[], old=null}
2024-11-30 15:01:08,432 [d57daabc-8d0b-4ea3-831e-cde13ca8d1d7@group-E05DB5954E57-SegmentedRaftLogWorker] INFO  segmented.BufferedWriteChannel (BufferedWriteChannel.java:open(61)) - open log_inprogress_0 at position 0
2024-11-30 15:01:08,441 [d57daabc-8d0b-4ea3-831e-cde13ca8d1d7@group-881FFCB406EE-LeaderElection45] INFO  server.RaftServer$Division (ServerState.java:setRaftConf(386)) - d57daabc-8d0b-4ea3-831e-cde13ca8d1d7@group-881FFCB406EE: set configuration conf: {index: 0, cur=peers:[719b1c3f-249c-457a-8743-b06328301a87|127.0.0.1:15171, af7ee296-5066-44e3-a94d-aaeda09020f2|127.0.0.1:15189, d57daabc-8d0b-4ea3-831e-cde13ca8d1d7|127.0.0.1:15180]|listeners:[], old=null}
2024-11-30 15:01:08,447 [719b1c3f-249c-457a-8743-b06328301a87-server-thread1] INFO  ratis.XceiverServerRatis (XceiverServerRatis.java:handleLeaderChangedNotification(944)) - Leader change notification received for group: group-881FFCB406EE with new leaderId: d57daabc-8d0b-4ea3-831e-cde13ca8d1d7
2024-11-30 15:01:08,447 [719b1c3f-249c-457a-8743-b06328301a87-server-thread1] INFO  server.RaftServer$Division (ServerState.java:setLeader(272)) - 719b1c3f-249c-457a-8743-b06328301a87@group-881FFCB406EE: change Leader from null to d57daabc-8d0b-4ea3-831e-cde13ca8d1d7 at term 1 for appendEntries, leader elected after 5209ms
2024-11-30 15:01:08,449 [719b1c3f-249c-457a-8743-b06328301a87-server-thread1] INFO  server.RaftServer$Division (ServerState.java:setRaftConf(386)) - 719b1c3f-249c-457a-8743-b06328301a87@group-881FFCB406EE: set configuration conf: {index: 0, cur=peers:[719b1c3f-249c-457a-8743-b06328301a87|127.0.0.1:15171, af7ee296-5066-44e3-a94d-aaeda09020f2|127.0.0.1:15189, d57daabc-8d0b-4ea3-831e-cde13ca8d1d7|127.0.0.1:15180]|listeners:[], old=null}
2024-11-30 15:01:08,449 [719b1c3f-249c-457a-8743-b06328301a87-server-thread1] INFO  segmented.SegmentedRaftLogWorker (SegmentedRaftLogWorker.java:startLogSegment(438)) - 719b1c3f-249c-457a-8743-b06328301a87@group-881FFCB406EE-SegmentedRaftLogWorker: Starting segment from index:0
2024-11-30 15:01:08,449 [719b1c3f-249c-457a-8743-b06328301a87@group-881FFCB406EE-SegmentedRaftLogWorker] INFO  segmented.BufferedWriteChannel (BufferedWriteChannel.java:open(61)) - open log_inprogress_0 at position 0
2024-11-30 15:01:08,454 [d57daabc-8d0b-4ea3-831e-cde13ca8d1d7@group-E05DB5954E57-SegmentedRaftLogWorker] INFO  segmented.SegmentedRaftLogWorker (SegmentedRaftLogWorker.java:execute(644)) - d57daabc-8d0b-4ea3-831e-cde13ca8d1d7@group-E05DB5954E57-SegmentedRaftLogWorker: created new log segment /home/runner/work/ozone/ozone/hadoop-ozone/integration-test/target/test-dir/MiniOzoneClusterImpl-e985cbf7-8b64-4e7c-b64c-74e6afbb48f1/ozone-meta/datanode-2/ratis/08b1ff62-7daa-4c81-a90d-e05db5954e57/current/log_inprogress_0
2024-11-30 15:01:08,456 [d57daabc-8d0b-4ea3-831e-cde13ca8d1d7@group-881FFCB406EE-SegmentedRaftLogWorker] INFO  segmented.SegmentedRaftLogWorker (SegmentedRaftLogWorker.java:execute(644)) - d57daabc-8d0b-4ea3-831e-cde13ca8d1d7@group-881FFCB406EE-SegmentedRaftLogWorker: created new log segment /home/runner/work/ozone/ozone/hadoop-ozone/integration-test/target/test-dir/MiniOzoneClusterImpl-e985cbf7-8b64-4e7c-b64c-74e6afbb48f1/ozone-meta/datanode-2/ratis/8cbe2343-485f-4a35-b27e-881ffcb406ee/current/log_inprogress_0
2024-11-30 15:01:08,456 [d57daabc-8d0b-4ea3-831e-cde13ca8d1d7@group-E05DB5954E57-StateMachineUpdater] INFO  server.RaftServer$Division (LeaderStateImpl.java:checkStartIndex(313)) - Leader d57daabc-8d0b-4ea3-831e-cde13ca8d1d7@group-E05DB5954E57-LeaderStateImpl is ready since appliedIndex == startIndex == 0
2024-11-30 15:01:08,463 [719b1c3f-249c-457a-8743-b06328301a87@group-881FFCB406EE-SegmentedRaftLogWorker] INFO  segmented.SegmentedRaftLogWorker (SegmentedRaftLogWorker.java:execute(644)) - 719b1c3f-249c-457a-8743-b06328301a87@group-881FFCB406EE-SegmentedRaftLogWorker: created new log segment /home/runner/work/ozone/ozone/hadoop-ozone/integration-test/target/test-dir/MiniOzoneClusterImpl-e985cbf7-8b64-4e7c-b64c-74e6afbb48f1/ozone-meta/datanode-1/ratis/8cbe2343-485f-4a35-b27e-881ffcb406ee/current/log_inprogress_0
2024-11-30 15:01:08,464 [af7ee296-5066-44e3-a94d-aaeda09020f2-server-thread2] INFO  server.RaftServer$Division (RaftServerImpl.java:setFirstElection(562)) - af7ee296-5066-44e3-a94d-aaeda09020f2@group-881FFCB406EE: set firstElectionSinceStartup to false for appendEntries
2024-11-30 15:01:08,464 [af7ee296-5066-44e3-a94d-aaeda09020f2-server-thread2] INFO  ratis.XceiverServerRatis (XceiverServerRatis.java:handleLeaderChangedNotification(944)) - Leader change notification received for group: group-881FFCB406EE with new leaderId: d57daabc-8d0b-4ea3-831e-cde13ca8d1d7
2024-11-30 15:01:08,464 [af7ee296-5066-44e3-a94d-aaeda09020f2-server-thread2] INFO  server.RaftServer$Division (ServerState.java:setLeader(272)) - af7ee296-5066-44e3-a94d-aaeda09020f2@group-881FFCB406EE: change Leader from null to d57daabc-8d0b-4ea3-831e-cde13ca8d1d7 at term 1 for appendEntries, leader elected after 5206ms
2024-11-30 15:01:08,465 [af7ee296-5066-44e3-a94d-aaeda09020f2-server-thread2] INFO  server.RaftServer$Division (ServerState.java:setRaftConf(386)) - af7ee296-5066-44e3-a94d-aaeda09020f2@group-881FFCB406EE: set configuration conf: {index: 0, cur=peers:[719b1c3f-249c-457a-8743-b06328301a87|127.0.0.1:15171, af7ee296-5066-44e3-a94d-aaeda09020f2|127.0.0.1:15189, d57daabc-8d0b-4ea3-831e-cde13ca8d1d7|127.0.0.1:15180]|listeners:[], old=null}
2024-11-30 15:01:08,465 [af7ee296-5066-44e3-a94d-aaeda09020f2-server-thread2] INFO  segmented.SegmentedRaftLogWorker (SegmentedRaftLogWorker.java:startLogSegment(438)) - af7ee296-5066-44e3-a94d-aaeda09020f2@group-881FFCB406EE-SegmentedRaftLogWorker: Starting segment from index:0
2024-11-30 15:01:08,465 [af7ee296-5066-44e3-a94d-aaeda09020f2@group-881FFCB406EE-SegmentedRaftLogWorker] INFO  segmented.BufferedWriteChannel (BufferedWriteChannel.java:open(61)) - open log_inprogress_0 at position 0
2024-11-30 15:01:08,472 [719b1c3f-249c-457a-8743-b06328301a87@group-006F4FFF65FD-FollowerState] INFO  impl.FollowerState (FollowerState.java:runImpl(161)) - 719b1c3f-249c-457a-8743-b06328301a87@group-006F4FFF65FD-FollowerState: change to CANDIDATE, lastRpcElapsedTime:5150305026ns, electionTimeout:5149ms
2024-11-30 15:01:08,472 [719b1c3f-249c-457a-8743-b06328301a87@group-006F4FFF65FD-FollowerState] INFO  impl.RoleInfo (RoleInfo.java:shutdownFollowerState(121)) - 719b1c3f-249c-457a-8743-b06328301a87: shutdown 719b1c3f-249c-457a-8743-b06328301a87@group-006F4FFF65FD-FollowerState
2024-11-30 15:01:08,472 [719b1c3f-249c-457a-8743-b06328301a87@group-006F4FFF65FD-FollowerState] INFO  server.RaftServer$Division (RaftServerImpl.java:setRole(378)) - 719b1c3f-249c-457a-8743-b06328301a87@group-006F4FFF65FD: changes role from  FOLLOWER to CANDIDATE at term 0 for changeToCandidate
2024-11-30 15:01:08,472 [719b1c3f-249c-457a-8743-b06328301a87@group-006F4FFF65FD-FollowerState] INFO  server.RaftServerConfigKeys (ConfUtils.java:logGet(46)) - raft.server.leaderelection.pre-vote = true (default)
2024-11-30 15:01:08,472 [719b1c3f-249c-457a-8743-b06328301a87@group-006F4FFF65FD-FollowerState] INFO  impl.RoleInfo (RoleInfo.java:updateAndGet(148)) - 719b1c3f-249c-457a-8743-b06328301a87: start 719b1c3f-249c-457a-8743-b06328301a87@group-006F4FFF65FD-LeaderElection47
2024-11-30 15:01:08,474 [719b1c3f-249c-457a-8743-b06328301a87@group-006F4FFF65FD-LeaderElection47] INFO  impl.LeaderElection (LeaderElection.java:askForVotes(332)) - 719b1c3f-249c-457a-8743-b06328301a87@group-006F4FFF65FD-LeaderElection47 PRE_VOTE round 0: submit vote requests at term 0 for conf: {index: -1, cur=peers:[719b1c3f-249c-457a-8743-b06328301a87|127.0.0.1:15171, af7ee296-5066-44e3-a94d-aaeda09020f2|127.0.0.1:15189, d57daabc-8d0b-4ea3-831e-cde13ca8d1d7|127.0.0.1:15180]|listeners:[], old=null}
2024-11-30 15:01:08,475 [af7ee296-5066-44e3-a94d-aaeda09020f2@group-881FFCB406EE-SegmentedRaftLogWorker] INFO  segmented.SegmentedRaftLogWorker (SegmentedRaftLogWorker.java:execute(644)) - af7ee296-5066-44e3-a94d-aaeda09020f2@group-881FFCB406EE-SegmentedRaftLogWorker: created new log segment /home/runner/work/ozone/ozone/hadoop-ozone/integration-test/target/test-dir/MiniOzoneClusterImpl-e985cbf7-8b64-4e7c-b64c-74e6afbb48f1/ozone-meta/datanode-3/ratis/8cbe2343-485f-4a35-b27e-881ffcb406ee/current/log_inprogress_0
2024-11-30 15:01:08,475 [d57daabc-8d0b-4ea3-831e-cde13ca8d1d7@group-881FFCB406EE-StateMachineUpdater] INFO  server.RaftServer$Division (LeaderStateImpl.java:checkStartIndex(313)) - Leader d57daabc-8d0b-4ea3-831e-cde13ca8d1d7@group-881FFCB406EE-LeaderStateImpl is ready since appliedIndex == startIndex == 0
2024-11-30 15:01:08,479 [719b1c3f-249c-457a-8743-b06328301a87@group-006F4FFF65FD-LeaderElection47] INFO  server.RaftServerConfigKeys (ConfUtils.java:logFallback(53)) - raft.server.rpc.first-election.timeout.min = 5s (fallback to raft.server.rpc.timeout.min)
2024-11-30 15:01:08,479 [719b1c3f-249c-457a-8743-b06328301a87@group-006F4FFF65FD-LeaderElection47] INFO  server.RaftServerConfigKeys (ConfUtils.java:logFallback(53)) - raft.server.rpc.first-election.timeout.max = 5200ms (fallback to raft.server.rpc.timeout.max)
2024-11-30 15:01:08,480 [grpc-default-executor-2] INFO  server.RaftServer$Division (RaftServerImpl.java:requestVote(1407)) - d57daabc-8d0b-4ea3-831e-cde13ca8d1d7@group-006F4FFF65FD: receive requestVote(PRE_VOTE, 719b1c3f-249c-457a-8743-b06328301a87, group-006F4FFF65FD, 0, (t:0, i:0))
2024-11-30 15:01:08,480 [grpc-default-executor-2] INFO  impl.VoteContext (VoteContext.java:log(49)) - d57daabc-8d0b-4ea3-831e-cde13ca8d1d7@group-006F4FFF65FD-FOLLOWER: accept PRE_VOTE from 719b1c3f-249c-457a-8743-b06328301a87: our priority 0 <= candidate's priority 0
2024-11-30 15:01:08,480 [grpc-default-executor-2] INFO  server.RaftServer$Division (RaftServerImpl.java:requestVote(1441)) - d57daabc-8d0b-4ea3-831e-cde13ca8d1d7@group-006F4FFF65FD replies to PRE_VOTE vote request: 719b1c3f-249c-457a-8743-b06328301a87<-d57daabc-8d0b-4ea3-831e-cde13ca8d1d7#0:OK-t0. Peer's state: d57daabc-8d0b-4ea3-831e-cde13ca8d1d7@group-006F4FFF65FD:t0, leader=null, voted=, raftlog=Memoized:d57daabc-8d0b-4ea3-831e-cde13ca8d1d7@group-006F4FFF65FD-SegmentedRaftLog:OPENED:c-1:lastnull, conf=conf: {index: -1, cur=peers:[719b1c3f-249c-457a-8743-b06328301a87|127.0.0.1:15171, af7ee296-5066-44e3-a94d-aaeda09020f2|127.0.0.1:15189, d57daabc-8d0b-4ea3-831e-cde13ca8d1d7|127.0.0.1:15180]|listeners:[], old=null}
2024-11-30 15:01:08,481 [grpc-default-executor-2] INFO  server.RaftServer$Division (RaftServerImpl.java:requestVote(1407)) - af7ee296-5066-44e3-a94d-aaeda09020f2@group-006F4FFF65FD: receive requestVote(PRE_VOTE, 719b1c3f-249c-457a-8743-b06328301a87, group-006F4FFF65FD, 0, (t:0, i:0))
2024-11-30 15:01:08,481 [grpc-default-executor-2] INFO  impl.VoteContext (VoteContext.java:log(49)) - af7ee296-5066-44e3-a94d-aaeda09020f2@group-006F4FFF65FD-FOLLOWER: reject PRE_VOTE from 719b1c3f-249c-457a-8743-b06328301a87: our priority 1 > candidate's priority 0
2024-11-30 15:01:08,481 [grpc-default-executor-2] INFO  server.RaftServer$Division (RaftServerImpl.java:requestVote(1441)) - af7ee296-5066-44e3-a94d-aaeda09020f2@group-006F4FFF65FD replies to PRE_VOTE vote request: 719b1c3f-249c-457a-8743-b06328301a87<-af7ee296-5066-44e3-a94d-aaeda09020f2#0:FAIL-t0. Peer's state: af7ee296-5066-44e3-a94d-aaeda09020f2@group-006F4FFF65FD:t0, leader=null, voted=, raftlog=Memoized:af7ee296-5066-44e3-a94d-aaeda09020f2@group-006F4FFF65FD-SegmentedRaftLog:OPENED:c-1:lastnull, conf=conf: {index: -1, cur=peers:[719b1c3f-249c-457a-8743-b06328301a87|127.0.0.1:15171, af7ee296-5066-44e3-a94d-aaeda09020f2|127.0.0.1:15189, d57daabc-8d0b-4ea3-831e-cde13ca8d1d7|127.0.0.1:15180]|listeners:[], old=null}
2024-11-30 15:01:08,482 [719b1c3f-249c-457a-8743-b06328301a87@group-006F4FFF65FD-LeaderElection47] INFO  impl.LeaderElection (LeaderElection.java:logAndReturn(90)) - 719b1c3f-249c-457a-8743-b06328301a87@group-006F4FFF65FD-LeaderElection47: PRE_VOTE REJECTED received 2 response(s) and 0 exception(s):
2024-11-30 15:01:08,482 [719b1c3f-249c-457a-8743-b06328301a87@group-006F4FFF65FD-LeaderElection47] INFO  impl.LeaderElection (LeaderElection.java:logAndReturn(94)) -   Response 0: 719b1c3f-249c-457a-8743-b06328301a87<-d57daabc-8d0b-4ea3-831e-cde13ca8d1d7#0:OK-t0
2024-11-30 15:01:08,482 [719b1c3f-249c-457a-8743-b06328301a87@group-006F4FFF65FD-LeaderElection47] INFO  impl.LeaderElection (LeaderElection.java:logAndReturn(94)) -   Response 1: 719b1c3f-249c-457a-8743-b06328301a87<-af7ee296-5066-44e3-a94d-aaeda09020f2#0:FAIL-t0
2024-11-30 15:01:08,482 [719b1c3f-249c-457a-8743-b06328301a87@group-006F4FFF65FD-LeaderElection47] INFO  impl.LeaderElection (LeaderElection.java:askForVotes(334)) - 719b1c3f-249c-457a-8743-b06328301a87@group-006F4FFF65FD-LeaderElection47 PRE_VOTE round 0: result REJECTED
2024-11-30 15:01:08,483 [719b1c3f-249c-457a-8743-b06328301a87@group-006F4FFF65FD-LeaderElection47] INFO  server.RaftServer$Division (RaftServerImpl.java:setRole(378)) - 719b1c3f-249c-457a-8743-b06328301a87@group-006F4FFF65FD: changes role from CANDIDATE to FOLLOWER at term 0 for REJECTED
2024-11-30 15:01:08,483 [719b1c3f-249c-457a-8743-b06328301a87@group-006F4FFF65FD-LeaderElection47] INFO  impl.RoleInfo (RoleInfo.java:shutdownLeaderElection(141)) - 719b1c3f-249c-457a-8743-b06328301a87: shutdown 719b1c3f-249c-457a-8743-b06328301a87@group-006F4FFF65FD-LeaderElection47
2024-11-30 15:01:08,483 [719b1c3f-249c-457a-8743-b06328301a87@group-006F4FFF65FD-LeaderElection47] INFO  impl.RoleInfo (RoleInfo.java:updateAndGet(148)) - 719b1c3f-249c-457a-8743-b06328301a87: start 719b1c3f-249c-457a-8743-b06328301a87@group-006F4FFF65FD-FollowerState
2024-11-30 15:01:08,484 [719b1c3f-249c-457a-8743-b06328301a87@group-006F4FFF65FD-LeaderElection47] INFO  server.RaftServer$Division (RaftServerImpl.java:setFirstElection(562)) - 719b1c3f-249c-457a-8743-b06328301a87@group-006F4FFF65FD: set firstElectionSinceStartup to false for REJECTED
2024-11-30 15:01:08,496 [d57daabc-8d0b-4ea3-831e-cde13ca8d1d7@group-006F4FFF65FD-FollowerState] INFO  server.RaftServerConfigKeys (ConfUtils.java:logFallback(53)) - raft.server.rpc.first-election.timeout.min = 5s (fallback to raft.server.rpc.timeout.min)
2024-11-30 15:01:08,496 [d57daabc-8d0b-4ea3-831e-cde13ca8d1d7@group-006F4FFF65FD-FollowerState] INFO  server.RaftServerConfigKeys (ConfUtils.java:logFallback(53)) - raft.server.rpc.first-election.timeout.max = 5200ms (fallback to raft.server.rpc.timeout.max)
2024-11-30 15:01:08,537 [af7ee296-5066-44e3-a94d-aaeda09020f2@group-006F4FFF65FD-FollowerState] INFO  impl.FollowerState (FollowerState.java:runImpl(161)) - af7ee296-5066-44e3-a94d-aaeda09020f2@group-006F4FFF65FD-FollowerState: change to CANDIDATE, lastRpcElapsedTime:5192143635ns, electionTimeout:5191ms
2024-11-30 15:01:08,537 [af7ee296-5066-44e3-a94d-aaeda09020f2@group-006F4FFF65FD-FollowerState] INFO  impl.RoleInfo (RoleInfo.java:shutdownFollowerState(121)) - af7ee296-5066-44e3-a94d-aaeda09020f2: shutdown af7ee296-5066-44e3-a94d-aaeda09020f2@group-006F4FFF65FD-FollowerState
2024-11-30 15:01:08,537 [af7ee296-5066-44e3-a94d-aaeda09020f2@group-006F4FFF65FD-FollowerState] INFO  server.RaftServer$Division (RaftServerImpl.java:setRole(378)) - af7ee296-5066-44e3-a94d-aaeda09020f2@group-006F4FFF65FD: changes role from  FOLLOWER to CANDIDATE at term 0 for changeToCandidate
2024-11-30 15:01:08,537 [af7ee296-5066-44e3-a94d-aaeda09020f2@group-006F4FFF65FD-FollowerState] INFO  server.RaftServerConfigKeys (ConfUtils.java:logGet(46)) - raft.server.leaderelection.pre-vote = true (default)
2024-11-30 15:01:08,538 [af7ee296-5066-44e3-a94d-aaeda09020f2@group-006F4FFF65FD-FollowerState] INFO  impl.RoleInfo (RoleInfo.java:updateAndGet(148)) - af7ee296-5066-44e3-a94d-aaeda09020f2: start af7ee296-5066-44e3-a94d-aaeda09020f2@group-006F4FFF65FD-LeaderElection48
2024-11-30 15:01:08,538 [af7ee296-5066-44e3-a94d-aaeda09020f2@group-006F4FFF65FD-LeaderElection48] INFO  impl.LeaderElection (LeaderElection.java:askForVotes(332)) - af7ee296-5066-44e3-a94d-aaeda09020f2@group-006F4FFF65FD-LeaderElection48 PRE_VOTE round 0: submit vote requests at term 0 for conf: {index: -1, cur=peers:[719b1c3f-249c-457a-8743-b06328301a87|127.0.0.1:15171, af7ee296-5066-44e3-a94d-aaeda09020f2|127.0.0.1:15189, d57daabc-8d0b-4ea3-831e-cde13ca8d1d7|127.0.0.1:15180]|listeners:[], old=null}
2024-11-30 15:01:08,538 [af7ee296-5066-44e3-a94d-aaeda09020f2@group-006F4FFF65FD-LeaderElection48-1] INFO  server.GrpcServerProtocolClient (GrpcServerProtocolClient.java:<init>(65)) - Build channel for 719b1c3f-249c-457a-8743-b06328301a87|127.0.0.1:15171
2024-11-30 15:01:08,538 [af7ee296-5066-44e3-a94d-aaeda09020f2@group-006F4FFF65FD-LeaderElection48-2] INFO  server.GrpcServerProtocolClient (GrpcServerProtocolClient.java:<init>(65)) - Build channel for d57daabc-8d0b-4ea3-831e-cde13ca8d1d7|127.0.0.1:15180
2024-11-30 15:01:08,538 [af7ee296-5066-44e3-a94d-aaeda09020f2@group-006F4FFF65FD-LeaderElection48] INFO  server.RaftServerConfigKeys (ConfUtils.java:logFallback(53)) - raft.server.rpc.first-election.timeout.min = 5s (fallback to raft.server.rpc.timeout.min)
2024-11-30 15:01:08,539 [af7ee296-5066-44e3-a94d-aaeda09020f2@group-006F4FFF65FD-LeaderElection48] INFO  server.RaftServerConfigKeys (ConfUtils.java:logFallback(53)) - raft.server.rpc.first-election.timeout.max = 5200ms (fallback to raft.server.rpc.timeout.max)
2024-11-30 15:01:08,542 [grpc-default-executor-1] INFO  server.RaftServer$Division (RaftServerImpl.java:requestVote(1407)) - 719b1c3f-249c-457a-8743-b06328301a87@group-006F4FFF65FD: receive requestVote(PRE_VOTE, af7ee296-5066-44e3-a94d-aaeda09020f2, group-006F4FFF65FD, 0, (t:0, i:0))
2024-11-30 15:01:08,543 [grpc-default-executor-1] INFO  impl.VoteContext (VoteContext.java:log(49)) - 719b1c3f-249c-457a-8743-b06328301a87@group-006F4FFF65FD-FOLLOWER: accept PRE_VOTE from af7ee296-5066-44e3-a94d-aaeda09020f2: our priority 0 <= candidate's priority 1
2024-11-30 15:01:08,543 [grpc-default-executor-1] INFO  server.RaftServer$Division (RaftServerImpl.java:requestVote(1441)) - 719b1c3f-249c-457a-8743-b06328301a87@group-006F4FFF65FD replies to PRE_VOTE vote request: af7ee296-5066-44e3-a94d-aaeda09020f2<-719b1c3f-249c-457a-8743-b06328301a87#0:OK-t0. Peer's state: 719b1c3f-249c-457a-8743-b06328301a87@group-006F4FFF65FD:t0, leader=null, voted=, raftlog=Memoized:719b1c3f-249c-457a-8743-b06328301a87@group-006F4FFF65FD-SegmentedRaftLog:OPENED:c-1:lastnull, conf=conf: {index: -1, cur=peers:[719b1c3f-249c-457a-8743-b06328301a87|127.0.0.1:15171, af7ee296-5066-44e3-a94d-aaeda09020f2|127.0.0.1:15189, d57daabc-8d0b-4ea3-831e-cde13ca8d1d7|127.0.0.1:15180]|listeners:[], old=null}
2024-11-30 15:01:08,543 [grpc-default-executor-1] INFO  server.RaftServer$Division (RaftServerImpl.java:requestVote(1407)) - d57daabc-8d0b-4ea3-831e-cde13ca8d1d7@group-006F4FFF65FD: receive requestVote(PRE_VOTE, af7ee296-5066-44e3-a94d-aaeda09020f2, group-006F4FFF65FD, 0, (t:0, i:0))
2024-11-30 15:01:08,543 [grpc-default-executor-1] INFO  impl.VoteContext (VoteContext.java:log(49)) - d57daabc-8d0b-4ea3-831e-cde13ca8d1d7@group-006F4FFF65FD-FOLLOWER: accept PRE_VOTE from af7ee296-5066-44e3-a94d-aaeda09020f2: our priority 0 <= candidate's priority 1
2024-11-30 15:01:08,543 [grpc-default-executor-1] INFO  server.RaftServer$Division (RaftServerImpl.java:requestVote(1441)) - d57daabc-8d0b-4ea3-831e-cde13ca8d1d7@group-006F4FFF65FD replies to PRE_VOTE vote request: af7ee296-5066-44e3-a94d-aaeda09020f2<-d57daabc-8d0b-4ea3-831e-cde13ca8d1d7#0:OK-t0. Peer's state: d57daabc-8d0b-4ea3-831e-cde13ca8d1d7@group-006F4FFF65FD:t0, leader=null, voted=, raftlog=Memoized:d57daabc-8d0b-4ea3-831e-cde13ca8d1d7@group-006F4FFF65FD-SegmentedRaftLog:OPENED:c-1:lastnull, conf=conf: {index: -1, cur=peers:[719b1c3f-249c-457a-8743-b06328301a87|127.0.0.1:15171, af7ee296-5066-44e3-a94d-aaeda09020f2|127.0.0.1:15189, d57daabc-8d0b-4ea3-831e-cde13ca8d1d7|127.0.0.1:15180]|listeners:[], old=null}
2024-11-30 15:01:08,544 [af7ee296-5066-44e3-a94d-aaeda09020f2@group-006F4FFF65FD-LeaderElection48] INFO  impl.LeaderElection (LeaderElection.java:logAndReturn(90)) - af7ee296-5066-44e3-a94d-aaeda09020f2@group-006F4FFF65FD-LeaderElection48: PRE_VOTE PASSED received 1 response(s) and 0 exception(s):
2024-11-30 15:01:08,544 [af7ee296-5066-44e3-a94d-aaeda09020f2@group-006F4FFF65FD-LeaderElection48] INFO  impl.LeaderElection (LeaderElection.java:logAndReturn(94)) -   Response 0: af7ee296-5066-44e3-a94d-aaeda09020f2<-d57daabc-8d0b-4ea3-831e-cde13ca8d1d7#0:OK-t0
2024-11-30 15:01:08,544 [af7ee296-5066-44e3-a94d-aaeda09020f2@group-006F4FFF65FD-LeaderElection48] INFO  impl.LeaderElection (LeaderElection.java:askForVotes(334)) - af7ee296-5066-44e3-a94d-aaeda09020f2@group-006F4FFF65FD-LeaderElection48 PRE_VOTE round 0: result PASSED
2024-11-30 15:01:08,545 [af7ee296-5066-44e3-a94d-aaeda09020f2@group-006F4FFF65FD-LeaderElection48] INFO  impl.LeaderElection (LeaderElection.java:askForVotes(332)) - af7ee296-5066-44e3-a94d-aaeda09020f2@group-006F4FFF65FD-LeaderElection48 ELECTION round 0: submit vote requests at term 1 for conf: {index: -1, cur=peers:[719b1c3f-249c-457a-8743-b06328301a87|127.0.0.1:15171, af7ee296-5066-44e3-a94d-aaeda09020f2|127.0.0.1:15189, d57daabc-8d0b-4ea3-831e-cde13ca8d1d7|127.0.0.1:15180]|listeners:[], old=null}
2024-11-30 15:01:08,546 [af7ee296-5066-44e3-a94d-aaeda09020f2@group-006F4FFF65FD-LeaderElection48] INFO  server.RaftServerConfigKeys (ConfUtils.java:logFallback(53)) - raft.server.rpc.first-election.timeout.min = 5s (fallback to raft.server.rpc.timeout.min)
2024-11-30 15:01:08,546 [af7ee296-5066-44e3-a94d-aaeda09020f2@group-006F4FFF65FD-LeaderElection48] INFO  server.RaftServerConfigKeys (ConfUtils.java:logFallback(53)) - raft.server.rpc.first-election.timeout.max = 5200ms (fallback to raft.server.rpc.timeout.max)
2024-11-30 15:01:08,547 [grpc-default-executor-2] INFO  server.RaftServer$Division (RaftServerImpl.java:requestVote(1407)) - 719b1c3f-249c-457a-8743-b06328301a87@group-006F4FFF65FD: receive requestVote(ELECTION, af7ee296-5066-44e3-a94d-aaeda09020f2, group-006F4FFF65FD, 1, (t:0, i:0))
2024-11-30 15:01:08,547 [grpc-default-executor-1] INFO  server.RaftServer$Division (RaftServerImpl.java:requestVote(1407)) - d57daabc-8d0b-4ea3-831e-cde13ca8d1d7@group-006F4FFF65FD: receive requestVote(ELECTION, af7ee296-5066-44e3-a94d-aaeda09020f2, group-006F4FFF65FD, 1, (t:0, i:0))
2024-11-30 15:01:08,547 [grpc-default-executor-1] INFO  impl.VoteContext (VoteContext.java:log(49)) - d57daabc-8d0b-4ea3-831e-cde13ca8d1d7@group-006F4FFF65FD-FOLLOWER: accept ELECTION from af7ee296-5066-44e3-a94d-aaeda09020f2: our priority 0 <= candidate's priority 1
2024-11-30 15:01:08,547 [grpc-default-executor-2] INFO  impl.VoteContext (VoteContext.java:log(49)) - 719b1c3f-249c-457a-8743-b06328301a87@group-006F4FFF65FD-FOLLOWER: accept ELECTION from af7ee296-5066-44e3-a94d-aaeda09020f2: our priority 0 <= candidate's priority 1
2024-11-30 15:01:08,547 [grpc-default-executor-2] INFO  server.RaftServer$Division (RaftServerImpl.java:setRole(378)) - 719b1c3f-249c-457a-8743-b06328301a87@group-006F4FFF65FD: changes role from  FOLLOWER to FOLLOWER at term 0 for candidate:af7ee296-5066-44e3-a94d-aaeda09020f2
2024-11-30 15:01:08,547 [grpc-default-executor-2] INFO  impl.RoleInfo (RoleInfo.java:shutdownFollowerState(121)) - 719b1c3f-249c-457a-8743-b06328301a87: shutdown 719b1c3f-249c-457a-8743-b06328301a87@group-006F4FFF65FD-FollowerState
2024-11-30 15:01:08,547 [grpc-default-executor-2] INFO  impl.RoleInfo (RoleInfo.java:updateAndGet(148)) - 719b1c3f-249c-457a-8743-b06328301a87: start 719b1c3f-249c-457a-8743-b06328301a87@group-006F4FFF65FD-FollowerState
2024-11-30 15:01:08,547 [grpc-default-executor-1] INFO  server.RaftServer$Division (RaftServerImpl.java:setRole(378)) - d57daabc-8d0b-4ea3-831e-cde13ca8d1d7@group-006F4FFF65FD: changes role from  FOLLOWER to FOLLOWER at term 0 for candidate:af7ee296-5066-44e3-a94d-aaeda09020f2
2024-11-30 15:01:08,547 [grpc-default-executor-1] INFO  impl.RoleInfo (RoleInfo.java:shutdownFollowerState(121)) - d57daabc-8d0b-4ea3-831e-cde13ca8d1d7: shutdown d57daabc-8d0b-4ea3-831e-cde13ca8d1d7@group-006F4FFF65FD-FollowerState
2024-11-30 15:01:08,547 [719b1c3f-249c-457a-8743-b06328301a87@group-006F4FFF65FD-FollowerState] INFO  impl.FollowerState (FollowerState.java:runImpl(170)) - 719b1c3f-249c-457a-8743-b06328301a87@group-006F4FFF65FD-FollowerState was interrupted
2024-11-30 15:01:08,547 [d57daabc-8d0b-4ea3-831e-cde13ca8d1d7@group-006F4FFF65FD-FollowerState] INFO  impl.FollowerState (FollowerState.java:runImpl(170)) - d57daabc-8d0b-4ea3-831e-cde13ca8d1d7@group-006F4FFF65FD-FollowerState was interrupted
2024-11-30 15:01:08,547 [grpc-default-executor-1] INFO  impl.RoleInfo (RoleInfo.java:updateAndGet(148)) - d57daabc-8d0b-4ea3-831e-cde13ca8d1d7: start d57daabc-8d0b-4ea3-831e-cde13ca8d1d7@group-006F4FFF65FD-FollowerState
2024-11-30 15:01:08,550 [grpc-default-executor-1] INFO  server.RaftServer$Division (RaftServerImpl.java:setFirstElection(562)) - d57daabc-8d0b-4ea3-831e-cde13ca8d1d7@group-006F4FFF65FD: set firstElectionSinceStartup to false for candidate:af7ee296-5066-44e3-a94d-aaeda09020f2
2024-11-30 15:01:08,551 [grpc-default-executor-2] INFO  server.RaftServer$Division (RaftServerImpl.java:requestVote(1441)) - 719b1c3f-249c-457a-8743-b06328301a87@group-006F4FFF65FD replies to ELECTION vote request: af7ee296-5066-44e3-a94d-aaeda09020f2<-719b1c3f-249c-457a-8743-b06328301a87#0:OK-t1. Peer's state: 719b1c3f-249c-457a-8743-b06328301a87@group-006F4FFF65FD:t1, leader=null, voted=af7ee296-5066-44e3-a94d-aaeda09020f2, raftlog=Memoized:719b1c3f-249c-457a-8743-b06328301a87@group-006F4FFF65FD-SegmentedRaftLog:OPENED:c-1:lastnull, conf=conf: {index: -1, cur=peers:[719b1c3f-249c-457a-8743-b06328301a87|127.0.0.1:15171, af7ee296-5066-44e3-a94d-aaeda09020f2|127.0.0.1:15189, d57daabc-8d0b-4ea3-831e-cde13ca8d1d7|127.0.0.1:15180]|listeners:[], old=null}
2024-11-30 15:01:08,551 [grpc-default-executor-1] INFO  server.RaftServer$Division (RaftServerImpl.java:requestVote(1441)) - d57daabc-8d0b-4ea3-831e-cde13ca8d1d7@group-006F4FFF65FD replies to ELECTION vote request: af7ee296-5066-44e3-a94d-aaeda09020f2<-d57daabc-8d0b-4ea3-831e-cde13ca8d1d7#0:OK-t1. Peer's state: d57daabc-8d0b-4ea3-831e-cde13ca8d1d7@group-006F4FFF65FD:t1, leader=null, voted=af7ee296-5066-44e3-a94d-aaeda09020f2, raftlog=Memoized:d57daabc-8d0b-4ea3-831e-cde13ca8d1d7@group-006F4FFF65FD-SegmentedRaftLog:OPENED:c-1:lastnull, conf=conf: {index: -1, cur=peers:[719b1c3f-249c-457a-8743-b06328301a87|127.0.0.1:15171, af7ee296-5066-44e3-a94d-aaeda09020f2|127.0.0.1:15189, d57daabc-8d0b-4ea3-831e-cde13ca8d1d7|127.0.0.1:15180]|listeners:[], old=null}
2024-11-30 15:01:08,551 [af7ee296-5066-44e3-a94d-aaeda09020f2@group-006F4FFF65FD-LeaderElection48] INFO  impl.LeaderElection (LeaderElection.java:logAndReturn(90)) - af7ee296-5066-44e3-a94d-aaeda09020f2@group-006F4FFF65FD-LeaderElection48: ELECTION PASSED received 1 response(s) and 0 exception(s):
2024-11-30 15:01:08,551 [af7ee296-5066-44e3-a94d-aaeda09020f2@group-006F4FFF65FD-LeaderElection48] INFO  impl.LeaderElection (LeaderElection.java:logAndReturn(94)) -   Response 0: af7ee296-5066-44e3-a94d-aaeda09020f2<-719b1c3f-249c-457a-8743-b06328301a87#0:OK-t1
2024-11-30 15:01:08,552 [af7ee296-5066-44e3-a94d-aaeda09020f2@group-006F4FFF65FD-LeaderElection48] INFO  impl.LeaderElection (LeaderElection.java:askForVotes(334)) - af7ee296-5066-44e3-a94d-aaeda09020f2@group-006F4FFF65FD-LeaderElection48 ELECTION round 0: result PASSED
2024-11-30 15:01:08,552 [af7ee296-5066-44e3-a94d-aaeda09020f2@group-006F4FFF65FD-LeaderElection48] INFO  impl.RoleInfo (RoleInfo.java:shutdownLeaderElection(141)) - af7ee296-5066-44e3-a94d-aaeda09020f2: shutdown af7ee296-5066-44e3-a94d-aaeda09020f2@group-006F4FFF65FD-LeaderElection48
2024-11-30 15:01:08,552 [af7ee296-5066-44e3-a94d-aaeda09020f2@group-006F4FFF65FD-LeaderElection48] INFO  server.RaftServer$Division (RaftServerImpl.java:setRole(378)) - af7ee296-5066-44e3-a94d-aaeda09020f2@group-006F4FFF65FD: changes role from CANDIDATE to LEADER at term 1 for changeToLeader
2024-11-30 15:01:08,552 [af7ee296-5066-44e3-a94d-aaeda09020f2@group-006F4FFF65FD-LeaderElection48] INFO  server.RaftServerConfigKeys (ConfUtils.java:logGet(46)) - raft.server.staging.catchup.gap = 1000 (default)
2024-11-30 15:01:08,552 [af7ee296-5066-44e3-a94d-aaeda09020f2@group-006F4FFF65FD-LeaderElection48] INFO  server.RaftServerConfigKeys (ConfUtils.java:logGet(46)) - raft.server.write.element-limit = 1024 (custom)
2024-11-30 15:01:08,552 [af7ee296-5066-44e3-a94d-aaeda09020f2@group-006F4FFF65FD-LeaderElection48] INFO  server.RaftServerConfigKeys (ConfUtils.java:logGet(46)) - raft.server.write.byte-limit = 1024 M (=1073741824) (custom)
2024-11-30 15:01:08,552 [af7ee296-5066-44e3-a94d-aaeda09020f2@group-006F4FFF65FD-LeaderElection48] INFO  server.RaftServerConfigKeys (ConfUtils.java:logGet(46)) - raft.server.watch.timeout = 3000ms (custom)
2024-11-30 15:01:08,552 [af7ee296-5066-44e3-a94d-aaeda09020f2@group-006F4FFF65FD-LeaderElection48] INFO  server.RaftServerConfigKeys (ConfUtils.java:logGet(46)) - raft.server.watch.timeout.denomination = 1s (default)
2024-11-30 15:01:08,552 [af7ee296-5066-44e3-a94d-aaeda09020f2@group-006F4FFF65FD-LeaderElection48] INFO  server.RaftServerConfigKeys (ConfUtils.java:logGet(46)) - raft.server.watch.element-limit = 65536 (default)
2024-11-30 15:01:08,553 [af7ee296-5066-44e3-a94d-aaeda09020f2@group-006F4FFF65FD-LeaderElection48] INFO  server.RaftServerConfigKeys (ConfUtils.java:logGet(46)) - raft.server.read.leader.lease.enabled = false (default)
2024-11-30 15:01:08,553 [af7ee296-5066-44e3-a94d-aaeda09020f2@group-006F4FFF65FD-LeaderElection48] INFO  server.RaftServerConfigKeys (ConfUtils.java:logGet(46)) - raft.server.read.leader.lease.timeout.ratio = 0.9 (default)
2024-11-30 15:01:08,553 [af7ee296-5066-44e3-a94d-aaeda09020f2@group-006F4FFF65FD-LeaderElection48] INFO  server.RaftServerConfigKeys (ConfUtils.java:logGet(46)) - raft.server.rpc.timeout.min = 5s (custom)
2024-11-30 15:01:08,553 [af7ee296-5066-44e3-a94d-aaeda09020f2@group-006F4FFF65FD-LeaderElection48] INFO  server.RaftServerConfigKeys (ConfUtils.java:logGet(46)) - raft.server.log.log-metadata.enabled = true (default)
2024-11-30 15:01:08,553 [af7ee296-5066-44e3-a94d-aaeda09020f2@group-006F4FFF65FD-LeaderElection48] INFO  server.RaftServerConfigKeys (ConfUtils.java:logGet(46)) - raft.server.write.element-limit = 1024 (custom)
2024-11-30 15:01:08,553 [af7ee296-5066-44e3-a94d-aaeda09020f2@group-006F4FFF65FD-LeaderElection48] INFO  server.RaftServerConfigKeys (ConfUtils.java:logGet(46)) - raft.server.write.follower.gap.ratio.max = -1.0 (default)
2024-11-30 15:01:08,553 [af7ee296-5066-44e3-a94d-aaeda09020f2@group-006F4FFF65FD-LeaderElection48] INFO  server.RaftServerConfigKeys (ConfUtils.java:logGet(46)) - raft.server.log.appender.snapshot.chunk.size.max = 16MB (=16777216) (default)
2024-11-30 15:01:08,553 [af7ee296-5066-44e3-a94d-aaeda09020f2@group-006F4FFF65FD-LeaderElection48] INFO  server.RaftServerConfigKeys (ConfUtils.java:logGet(46)) - raft.server.log.appender.buffer.byte-limit = 33554432 (custom)
2024-11-30 15:01:08,553 [af7ee296-5066-44e3-a94d-aaeda09020f2@group-006F4FFF65FD-LeaderElection48] INFO  server.RaftServerConfigKeys (ConfUtils.java:logGet(46)) - raft.server.log.appender.buffer.element-limit = 1024 (custom)
2024-11-30 15:01:08,553 [af7ee296-5066-44e3-a94d-aaeda09020f2@group-006F4FFF65FD-LeaderElection48] INFO  server.RaftServerConfigKeys (ConfUtils.java:logGet(46)) - raft.server.log.appender.wait-time.min = 0ms (custom)
2024-11-30 15:01:08,553 [af7ee296-5066-44e3-a94d-aaeda09020f2@group-006F4FFF65FD-LeaderElection48] INFO  grpc.GrpcConfigKeys (ConfUtils.java:logGet(46)) - raft.grpc.server.leader.outstanding.appends.max = 8 (default)
2024-11-30 15:01:08,553 [af7ee296-5066-44e3-a94d-aaeda09020f2@group-006F4FFF65FD-LeaderElection48] INFO  server.RaftServerConfigKeys (ConfUtils.java:logGet(46)) - raft.server.rpc.request.timeout = 3000ms (default)
2024-11-30 15:01:08,553 [af7ee296-5066-44e3-a94d-aaeda09020f2@group-006F4FFF65FD-LeaderElection48] INFO  grpc.GrpcConfigKeys (ConfUtils.java:logGet(46)) - raft.grpc.server.install_snapshot.request.element-limit = 8 (default)
2024-11-30 15:01:08,554 [af7ee296-5066-44e3-a94d-aaeda09020f2@group-006F4FFF65FD-LeaderElection48] INFO  grpc.GrpcConfigKeys (ConfUtils.java:logGet(46)) - raft.grpc.server.install_snapshot.request.timeout = 3000ms (default)
2024-11-30 15:01:08,554 [af7ee296-5066-44e3-a94d-aaeda09020f2@group-006F4FFF65FD-LeaderElection48] INFO  grpc.GrpcConfigKeys (ConfUtils.java:logGet(46)) - raft.grpc.server.log-message.batch.duration = 5s (default)
2024-11-30 15:01:08,554 [af7ee296-5066-44e3-a94d-aaeda09020f2@group-006F4FFF65FD-LeaderElection48] INFO  server.RaftServerConfigKeys (ConfUtils.java:logGet(46)) - raft.server.log.appender.install.snapshot.enabled = false (custom)
2024-11-30 15:01:08,554 [af7ee296-5066-44e3-a94d-aaeda09020f2@group-006F4FFF65FD-LeaderElection48] INFO  grpc.GrpcConfigKeys (ConfUtils.java:logGet(46)) - raft.grpc.server.heartbeat.channel = true (default)
2024-11-30 15:01:08,554 [af7ee296-5066-44e3-a94d-aaeda09020f2@group-006F4FFF65FD-LeaderElection48] INFO  server.RaftServerConfigKeys (ConfUtils.java:logGet(46)) - raft.server.log.appender.snapshot.chunk.size.max = 16MB (=16777216) (default)
2024-11-30 15:01:08,554 [af7ee296-5066-44e3-a94d-aaeda09020f2@group-006F4FFF65FD-LeaderElection48] INFO  server.RaftServerConfigKeys (ConfUtils.java:logGet(46)) - raft.server.log.appender.buffer.byte-limit = 33554432 (custom)
2024-11-30 15:01:08,554 [af7ee296-5066-44e3-a94d-aaeda09020f2@group-006F4FFF65FD-LeaderElection48] INFO  server.RaftServerConfigKeys (ConfUtils.java:logGet(46)) - raft.server.log.appender.buffer.element-limit = 1024 (custom)
2024-11-30 15:01:08,554 [af7ee296-5066-44e3-a94d-aaeda09020f2@group-006F4FFF65FD-LeaderElection48] INFO  server.RaftServerConfigKeys (ConfUtils.java:logGet(46)) - raft.server.log.appender.wait-time.min = 0ms (custom)
2024-11-30 15:01:08,555 [af7ee296-5066-44e3-a94d-aaeda09020f2@group-006F4FFF65FD-LeaderElection48] INFO  grpc.GrpcConfigKeys (ConfUtils.java:logGet(46)) - raft.grpc.server.leader.outstanding.appends.max = 8 (default)
2024-11-30 15:01:08,555 [af7ee296-5066-44e3-a94d-aaeda09020f2@group-006F4FFF65FD-LeaderElection48] INFO  server.RaftServerConfigKeys (ConfUtils.java:logGet(46)) - raft.server.rpc.request.timeout = 3000ms (default)
2024-11-30 15:01:08,555 [af7ee296-5066-44e3-a94d-aaeda09020f2@group-006F4FFF65FD-LeaderElection48] INFO  grpc.GrpcConfigKeys (ConfUtils.java:logGet(46)) - raft.grpc.server.install_snapshot.request.element-limit = 8 (default)
2024-11-30 15:01:08,555 [af7ee296-5066-44e3-a94d-aaeda09020f2@group-006F4FFF65FD-LeaderElection48] INFO  grpc.GrpcConfigKeys (ConfUtils.java:logGet(46)) - raft.grpc.server.install_snapshot.request.timeout = 3000ms (default)
2024-11-30 15:01:08,555 [af7ee296-5066-44e3-a94d-aaeda09020f2@group-006F4FFF65FD-LeaderElection48] INFO  grpc.GrpcConfigKeys (ConfUtils.java:logGet(46)) - raft.grpc.server.log-message.batch.duration = 5s (default)
2024-11-30 15:01:08,555 [af7ee296-5066-44e3-a94d-aaeda09020f2@group-006F4FFF65FD-LeaderElection48] INFO  server.RaftServerConfigKeys (ConfUtils.java:logGet(46)) - raft.server.log.appender.install.snapshot.enabled = false (custom)
2024-11-30 15:01:08,555 [af7ee296-5066-44e3-a94d-aaeda09020f2@group-006F4FFF65FD-LeaderElection48] INFO  grpc.GrpcConfigKeys (ConfUtils.java:logGet(46)) - raft.grpc.server.heartbeat.channel = true (default)
2024-11-30 15:01:08,556 [af7ee296-5066-44e3-a94d-aaeda09020f2@group-006F4FFF65FD-LeaderElection48] INFO  impl.RoleInfo (RoleInfo.java:updateAndGet(148)) - af7ee296-5066-44e3-a94d-aaeda09020f2: start af7ee296-5066-44e3-a94d-aaeda09020f2@group-006F4FFF65FD-LeaderStateImpl
2024-11-30 15:01:08,556 [af7ee296-5066-44e3-a94d-aaeda09020f2@group-006F4FFF65FD-LeaderElection48] INFO  server.RaftServer$Division (RaftServerImpl.java:setFirstElection(562)) - af7ee296-5066-44e3-a94d-aaeda09020f2@group-006F4FFF65FD: set firstElectionSinceStartup to false for becomeLeader
2024-11-30 15:01:08,556 [af7ee296-5066-44e3-a94d-aaeda09020f2@group-006F4FFF65FD-LeaderElection48] INFO  ratis.XceiverServerRatis (XceiverServerRatis.java:handleLeaderChangedNotification(944)) - Leader change notification received for group: group-006F4FFF65FD with new leaderId: af7ee296-5066-44e3-a94d-aaeda09020f2
2024-11-30 15:01:08,556 [af7ee296-5066-44e3-a94d-aaeda09020f2@group-006F4FFF65FD-LeaderElection48] INFO  server.RaftServer$Division (ServerState.java:setLeader(272)) - af7ee296-5066-44e3-a94d-aaeda09020f2@group-006F4FFF65FD: change Leader from null to af7ee296-5066-44e3-a94d-aaeda09020f2 at term 1 for becomeLeader, leader elected after 5224ms
2024-11-30 15:01:08,556 [af7ee296-5066-44e3-a94d-aaeda09020f2@group-006F4FFF65FD-LeaderElection48] INFO  segmented.SegmentedRaftLogWorker (SegmentedRaftLogWorker.java:startLogSegment(438)) - af7ee296-5066-44e3-a94d-aaeda09020f2@group-006F4FFF65FD-SegmentedRaftLogWorker: Starting segment from index:0
2024-11-30 15:01:08,557 [af7ee296-5066-44e3-a94d-aaeda09020f2@group-006F4FFF65FD-LeaderElection48] INFO  server.RaftServer$Division (ServerState.java:setRaftConf(386)) - af7ee296-5066-44e3-a94d-aaeda09020f2@group-006F4FFF65FD: set configuration conf: {index: 0, cur=peers:[719b1c3f-249c-457a-8743-b06328301a87|127.0.0.1:15171, af7ee296-5066-44e3-a94d-aaeda09020f2|127.0.0.1:15189, d57daabc-8d0b-4ea3-831e-cde13ca8d1d7|127.0.0.1:15180]|listeners:[], old=null}
2024-11-30 15:01:08,557 [af7ee296-5066-44e3-a94d-aaeda09020f2@group-006F4FFF65FD-SegmentedRaftLogWorker] INFO  segmented.BufferedWriteChannel (BufferedWriteChannel.java:open(61)) - open log_inprogress_0 at position 0
2024-11-30 15:01:08,562 [EventQueue-PipelineReportForPipelineReportHandler] INFO  pipeline.PipelineReportHandler (PipelineReportHandler.java:processPipelineReport(147)) - Opened pipeline PipelineID=6fa0cb32-10f3-4162-b9fa-006f4fff65fd
2024-11-30 15:01:08,571 [af7ee296-5066-44e3-a94d-aaeda09020f2@group-006F4FFF65FD-SegmentedRaftLogWorker] INFO  segmented.SegmentedRaftLogWorker (SegmentedRaftLogWorker.java:execute(644)) - af7ee296-5066-44e3-a94d-aaeda09020f2@group-006F4FFF65FD-SegmentedRaftLogWorker: created new log segment /home/runner/work/ozone/ozone/hadoop-ozone/integration-test/target/test-dir/MiniOzoneClusterImpl-e985cbf7-8b64-4e7c-b64c-74e6afbb48f1/ozone-meta/datanode-3/ratis/6fa0cb32-10f3-4162-b9fa-006f4fff65fd/current/log_inprogress_0
2024-11-30 15:01:08,579 [d57daabc-8d0b-4ea3-831e-cde13ca8d1d7-server-thread1] INFO  ratis.XceiverServerRatis (XceiverServerRatis.java:handleLeaderChangedNotification(944)) - Leader change notification received for group: group-006F4FFF65FD with new leaderId: af7ee296-5066-44e3-a94d-aaeda09020f2
2024-11-30 15:01:08,579 [d57daabc-8d0b-4ea3-831e-cde13ca8d1d7-server-thread1] INFO  server.RaftServer$Division (ServerState.java:setLeader(272)) - d57daabc-8d0b-4ea3-831e-cde13ca8d1d7@group-006F4FFF65FD: change Leader from null to af7ee296-5066-44e3-a94d-aaeda09020f2 at term 1 for appendEntries, leader elected after 5225ms
2024-11-30 15:01:08,583 [d57daabc-8d0b-4ea3-831e-cde13ca8d1d7-server-thread2] INFO  server.RaftServer$Division (ServerState.java:setRaftConf(386)) - d57daabc-8d0b-4ea3-831e-cde13ca8d1d7@group-006F4FFF65FD: set configuration conf: {index: 0, cur=peers:[719b1c3f-249c-457a-8743-b06328301a87|127.0.0.1:15171, af7ee296-5066-44e3-a94d-aaeda09020f2|127.0.0.1:15189, d57daabc-8d0b-4ea3-831e-cde13ca8d1d7|127.0.0.1:15180]|listeners:[], old=null}
2024-11-30 15:01:08,584 [d57daabc-8d0b-4ea3-831e-cde13ca8d1d7-server-thread2] INFO  segmented.SegmentedRaftLogWorker (SegmentedRaftLogWorker.java:startLogSegment(438)) - d57daabc-8d0b-4ea3-831e-cde13ca8d1d7@group-006F4FFF65FD-SegmentedRaftLogWorker: Starting segment from index:0
2024-11-30 15:01:08,584 [d57daabc-8d0b-4ea3-831e-cde13ca8d1d7@group-006F4FFF65FD-SegmentedRaftLogWorker] INFO  segmented.BufferedWriteChannel (BufferedWriteChannel.java:open(61)) - open log_inprogress_0 at position 0
2024-11-30 15:01:08,591 [719b1c3f-249c-457a-8743-b06328301a87-server-thread1] INFO  ratis.XceiverServerRatis (XceiverServerRatis.java:handleLeaderChangedNotification(944)) - Leader change notification received for group: group-006F4FFF65FD with new leaderId: af7ee296-5066-44e3-a94d-aaeda09020f2
2024-11-30 15:01:08,592 [719b1c3f-249c-457a-8743-b06328301a87-server-thread1] INFO  server.RaftServer$Division (ServerState.java:setLeader(272)) - 719b1c3f-249c-457a-8743-b06328301a87@group-006F4FFF65FD: change Leader from null to af7ee296-5066-44e3-a94d-aaeda09020f2 at term 1 for appendEntries, leader elected after 5283ms
2024-11-30 15:01:08,594 [d57daabc-8d0b-4ea3-831e-cde13ca8d1d7@group-006F4FFF65FD-SegmentedRaftLogWorker] INFO  segmented.SegmentedRaftLogWorker (SegmentedRaftLogWorker.java:execute(644)) - d57daabc-8d0b-4ea3-831e-cde13ca8d1d7@group-006F4FFF65FD-SegmentedRaftLogWorker: created new log segment /home/runner/work/ozone/ozone/hadoop-ozone/integration-test/target/test-dir/MiniOzoneClusterImpl-e985cbf7-8b64-4e7c-b64c-74e6afbb48f1/ozone-meta/datanode-2/ratis/6fa0cb32-10f3-4162-b9fa-006f4fff65fd/current/log_inprogress_0
2024-11-30 15:01:08,598 [af7ee296-5066-44e3-a94d-aaeda09020f2@group-006F4FFF65FD-StateMachineUpdater] INFO  server.RaftServer$Division (LeaderStateImpl.java:checkStartIndex(313)) - Leader af7ee296-5066-44e3-a94d-aaeda09020f2@group-006F4FFF65FD-LeaderStateImpl is ready since appliedIndex == startIndex == 0
2024-11-30 15:01:08,599 [719b1c3f-249c-457a-8743-b06328301a87-server-thread2] INFO  server.RaftServer$Division (ServerState.java:setRaftConf(386)) - 719b1c3f-249c-457a-8743-b06328301a87@group-006F4FFF65FD: set configuration conf: {index: 0, cur=peers:[719b1c3f-249c-457a-8743-b06328301a87|127.0.0.1:15171, af7ee296-5066-44e3-a94d-aaeda09020f2|127.0.0.1:15189, d57daabc-8d0b-4ea3-831e-cde13ca8d1d7|127.0.0.1:15180]|listeners:[], old=null}
2024-11-30 15:01:08,599 [719b1c3f-249c-457a-8743-b06328301a87-server-thread2] INFO  segmented.SegmentedRaftLogWorker (SegmentedRaftLogWorker.java:startLogSegment(438)) - 719b1c3f-249c-457a-8743-b06328301a87@group-006F4FFF65FD-SegmentedRaftLogWorker: Starting segment from index:0
2024-11-30 15:01:08,599 [719b1c3f-249c-457a-8743-b06328301a87@group-006F4FFF65FD-SegmentedRaftLogWorker] INFO  segmented.BufferedWriteChannel (BufferedWriteChannel.java:open(61)) - open log_inprogress_0 at position 0
2024-11-30 15:01:08,610 [719b1c3f-249c-457a-8743-b06328301a87@group-006F4FFF65FD-SegmentedRaftLogWorker] INFO  segmented.SegmentedRaftLogWorker (SegmentedRaftLogWorker.java:execute(644)) - 719b1c3f-249c-457a-8743-b06328301a87@group-006F4FFF65FD-SegmentedRaftLogWorker: created new log segment /home/runner/work/ozone/ozone/hadoop-ozone/integration-test/target/test-dir/MiniOzoneClusterImpl-e985cbf7-8b64-4e7c-b64c-74e6afbb48f1/ozone-meta/datanode-1/ratis/6fa0cb32-10f3-4162-b9fa-006f4fff65fd/current/log_inprogress_0
2024-11-30 15:01:08,704 [af7ee296-5066-44e3-a94d-aaeda09020f2@group-0733B6903265-FollowerState] INFO  impl.FollowerState (FollowerState.java:runImpl(161)) - af7ee296-5066-44e3-a94d-aaeda09020f2@group-0733B6903265-FollowerState: change to CANDIDATE, lastRpcElapsedTime:5043636506ns, electionTimeout:5043ms
2024-11-30 15:01:08,704 [af7ee296-5066-44e3-a94d-aaeda09020f2@group-0733B6903265-FollowerState] INFO  impl.RoleInfo (RoleInfo.java:shutdownFollowerState(121)) - af7ee296-5066-44e3-a94d-aaeda09020f2: shutdown af7ee296-5066-44e3-a94d-aaeda09020f2@group-0733B6903265-FollowerState
2024-11-30 15:01:08,704 [af7ee296-5066-44e3-a94d-aaeda09020f2@group-0733B6903265-FollowerState] INFO  server.RaftServer$Division (RaftServerImpl.java:setRole(378)) - af7ee296-5066-44e3-a94d-aaeda09020f2@group-0733B6903265: changes role from  FOLLOWER to CANDIDATE at term 0 for changeToCandidate
2024-11-30 15:01:08,704 [af7ee296-5066-44e3-a94d-aaeda09020f2@group-0733B6903265-FollowerState] INFO  server.RaftServerConfigKeys (ConfUtils.java:logGet(46)) - raft.server.leaderelection.pre-vote = true (default)
2024-11-30 15:01:08,704 [af7ee296-5066-44e3-a94d-aaeda09020f2@group-0733B6903265-FollowerState] INFO  impl.RoleInfo (RoleInfo.java:updateAndGet(148)) - af7ee296-5066-44e3-a94d-aaeda09020f2: start af7ee296-5066-44e3-a94d-aaeda09020f2@group-0733B6903265-LeaderElection49
2024-11-30 15:01:08,705 [af7ee296-5066-44e3-a94d-aaeda09020f2@group-0733B6903265-LeaderElection49] INFO  impl.LeaderElection (LeaderElection.java:askForVotes(332)) - af7ee296-5066-44e3-a94d-aaeda09020f2@group-0733B6903265-LeaderElection49 PRE_VOTE round 0: submit vote requests at term 0 for conf: {index: -1, cur=peers:[af7ee296-5066-44e3-a94d-aaeda09020f2|127.0.0.1:15189]|listeners:[], old=null}
2024-11-30 15:01:08,705 [af7ee296-5066-44e3-a94d-aaeda09020f2@group-0733B6903265-LeaderElection49] INFO  impl.LeaderElection (LeaderElection.java:askForVotes(334)) - af7ee296-5066-44e3-a94d-aaeda09020f2@group-0733B6903265-LeaderElection49 PRE_VOTE round 0: result PASSED (term=0)
2024-11-30 15:01:08,706 [af7ee296-5066-44e3-a94d-aaeda09020f2@group-0733B6903265-LeaderElection49] INFO  impl.LeaderElection (LeaderElection.java:askForVotes(332)) - af7ee296-5066-44e3-a94d-aaeda09020f2@group-0733B6903265-LeaderElection49 ELECTION round 0: submit vote requests at term 1 for conf: {index: -1, cur=peers:[af7ee296-5066-44e3-a94d-aaeda09020f2|127.0.0.1:15189]|listeners:[], old=null}
2024-11-30 15:01:08,706 [af7ee296-5066-44e3-a94d-aaeda09020f2@group-0733B6903265-LeaderElection49] INFO  impl.LeaderElection (LeaderElection.java:askForVotes(334)) - af7ee296-5066-44e3-a94d-aaeda09020f2@group-0733B6903265-LeaderElection49 ELECTION round 0: result PASSED (term=1)
2024-11-30 15:01:08,706 [af7ee296-5066-44e3-a94d-aaeda09020f2@group-0733B6903265-LeaderElection49] INFO  impl.RoleInfo (RoleInfo.java:shutdownLeaderElection(141)) - af7ee296-5066-44e3-a94d-aaeda09020f2: shutdown af7ee296-5066-44e3-a94d-aaeda09020f2@group-0733B6903265-LeaderElection49
2024-11-30 15:01:08,706 [af7ee296-5066-44e3-a94d-aaeda09020f2@group-0733B6903265-LeaderElection49] INFO  server.RaftServer$Division (RaftServerImpl.java:setRole(378)) - af7ee296-5066-44e3-a94d-aaeda09020f2@group-0733B6903265: changes role from CANDIDATE to LEADER at term 1 for changeToLeader
2024-11-30 15:01:08,706 [af7ee296-5066-44e3-a94d-aaeda09020f2@group-0733B6903265-LeaderElection49] INFO  server.RaftServerConfigKeys (ConfUtils.java:logGet(46)) - raft.server.staging.catchup.gap = 1000 (default)
2024-11-30 15:01:08,706 [af7ee296-5066-44e3-a94d-aaeda09020f2@group-0733B6903265-LeaderElection49] INFO  server.RaftServerConfigKeys (ConfUtils.java:logGet(46)) - raft.server.write.element-limit = 1024 (custom)
2024-11-30 15:01:08,706 [af7ee296-5066-44e3-a94d-aaeda09020f2@group-0733B6903265-LeaderElection49] INFO  server.RaftServerConfigKeys (ConfUtils.java:logGet(46)) - raft.server.write.byte-limit = 1024 M (=1073741824) (custom)
2024-11-30 15:01:08,707 [af7ee296-5066-44e3-a94d-aaeda09020f2@group-0733B6903265-LeaderElection49] INFO  server.RaftServerConfigKeys (ConfUtils.java:logGet(46)) - raft.server.watch.timeout = 3000ms (custom)
2024-11-30 15:01:08,707 [af7ee296-5066-44e3-a94d-aaeda09020f2@group-0733B6903265-LeaderElection49] INFO  server.RaftServerConfigKeys (ConfUtils.java:logGet(46)) - raft.server.watch.timeout.denomination = 1s (default)
2024-11-30 15:01:08,707 [af7ee296-5066-44e3-a94d-aaeda09020f2@group-0733B6903265-LeaderElection49] INFO  server.RaftServerConfigKeys (ConfUtils.java:logGet(46)) - raft.server.watch.element-limit = 65536 (default)
2024-11-30 15:01:08,707 [af7ee296-5066-44e3-a94d-aaeda09020f2@group-0733B6903265-LeaderElection49] INFO  server.RaftServerConfigKeys (ConfUtils.java:logGet(46)) - raft.server.read.leader.lease.enabled = false (default)
2024-11-30 15:01:08,707 [af7ee296-5066-44e3-a94d-aaeda09020f2@group-0733B6903265-LeaderElection49] INFO  server.RaftServerConfigKeys (ConfUtils.java:logGet(46)) - raft.server.read.leader.lease.timeout.ratio = 0.9 (default)
2024-11-30 15:01:08,707 [af7ee296-5066-44e3-a94d-aaeda09020f2@group-0733B6903265-LeaderElection49] INFO  server.RaftServerConfigKeys (ConfUtils.java:logGet(46)) - raft.server.rpc.timeout.min = 5s (custom)
2024-11-30 15:01:08,707 [af7ee296-5066-44e3-a94d-aaeda09020f2@group-0733B6903265-LeaderElection49] INFO  server.RaftServerConfigKeys (ConfUtils.java:logGet(46)) - raft.server.log.log-metadata.enabled = true (default)
2024-11-30 15:01:08,707 [af7ee296-5066-44e3-a94d-aaeda09020f2@group-0733B6903265-LeaderElection49] INFO  server.RaftServerConfigKeys (ConfUtils.java:logGet(46)) - raft.server.write.element-limit = 1024 (custom)
2024-11-30 15:01:08,707 [af7ee296-5066-44e3-a94d-aaeda09020f2@group-0733B6903265-LeaderElection49] INFO  server.RaftServerConfigKeys (ConfUtils.java:logGet(46)) - raft.server.write.follower.gap.ratio.max = -1.0 (default)
2024-11-30 15:01:08,707 [af7ee296-5066-44e3-a94d-aaeda09020f2@group-0733B6903265-LeaderElection49] INFO  impl.RoleInfo (RoleInfo.java:updateAndGet(148)) - af7ee296-5066-44e3-a94d-aaeda09020f2: start af7ee296-5066-44e3-a94d-aaeda09020f2@group-0733B6903265-LeaderStateImpl
2024-11-30 15:01:08,707 [af7ee296-5066-44e3-a94d-aaeda09020f2@group-0733B6903265-LeaderElection49] INFO  server.RaftServer$Division (RaftServerImpl.java:setFirstElection(562)) - af7ee296-5066-44e3-a94d-aaeda09020f2@group-0733B6903265: set firstElectionSinceStartup to false for becomeLeader
2024-11-30 15:01:08,707 [af7ee296-5066-44e3-a94d-aaeda09020f2@group-0733B6903265-LeaderElection49] INFO  ratis.XceiverServerRatis (XceiverServerRatis.java:handleLeaderChangedNotification(944)) - Leader change notification received for group: group-0733B6903265 with new leaderId: af7ee296-5066-44e3-a94d-aaeda09020f2
2024-11-30 15:01:08,708 [af7ee296-5066-44e3-a94d-aaeda09020f2@group-0733B6903265-LeaderElection49] INFO  server.RaftServer$Division (ServerState.java:setLeader(272)) - af7ee296-5066-44e3-a94d-aaeda09020f2@group-0733B6903265: change Leader from null to af7ee296-5066-44e3-a94d-aaeda09020f2 at term 1 for becomeLeader, leader elected after 5062ms
2024-11-30 15:01:08,708 [af7ee296-5066-44e3-a94d-aaeda09020f2@group-0733B6903265-LeaderElection49] INFO  segmented.SegmentedRaftLogWorker (SegmentedRaftLogWorker.java:startLogSegment(438)) - af7ee296-5066-44e3-a94d-aaeda09020f2@group-0733B6903265-SegmentedRaftLogWorker: Starting segment from index:0
2024-11-30 15:01:08,708 [af7ee296-5066-44e3-a94d-aaeda09020f2@group-0733B6903265-LeaderElection49] INFO  server.RaftServer$Division (ServerState.java:setRaftConf(386)) - af7ee296-5066-44e3-a94d-aaeda09020f2@group-0733B6903265: set configuration conf: {index: 0, cur=peers:[af7ee296-5066-44e3-a94d-aaeda09020f2|127.0.0.1:15189]|listeners:[], old=null}
2024-11-30 15:01:08,708 [af7ee296-5066-44e3-a94d-aaeda09020f2@group-0733B6903265-SegmentedRaftLogWorker] INFO  segmented.BufferedWriteChannel (BufferedWriteChannel.java:open(61)) - open log_inprogress_0 at position 0
2024-11-30 15:01:08,718 [af7ee296-5066-44e3-a94d-aaeda09020f2@group-0733B6903265-SegmentedRaftLogWorker] INFO  segmented.SegmentedRaftLogWorker (SegmentedRaftLogWorker.java:execute(644)) - af7ee296-5066-44e3-a94d-aaeda09020f2@group-0733B6903265-SegmentedRaftLogWorker: created new log segment /home/runner/work/ozone/ozone/hadoop-ozone/integration-test/target/test-dir/MiniOzoneClusterImpl-e985cbf7-8b64-4e7c-b64c-74e6afbb48f1/ozone-meta/datanode-3/ratis/c8c63d18-dbd2-4844-8eae-0733b6903265/current/log_inprogress_0
2024-11-30 15:01:08,720 [af7ee296-5066-44e3-a94d-aaeda09020f2@group-0733B6903265-StateMachineUpdater] INFO  server.RaftServer$Division (LeaderStateImpl.java:checkStartIndex(313)) - Leader af7ee296-5066-44e3-a94d-aaeda09020f2@group-0733B6903265-LeaderStateImpl is ready since appliedIndex == startIndex == 0
2024-11-30 15:01:09,081 [dd630ec0-84d9-4473-8f61-cbcf66d1795a@group-4AD3EB28E0D6-FollowerState] INFO  impl.FollowerState (FollowerState.java:runImpl(161)) - dd630ec0-84d9-4473-8f61-cbcf66d1795a@group-4AD3EB28E0D6-FollowerState: change to CANDIDATE, lastRpcElapsedTime:5155440225ns, electionTimeout:5155ms
2024-11-30 15:01:09,082 [dd630ec0-84d9-4473-8f61-cbcf66d1795a@group-4AD3EB28E0D6-FollowerState] INFO  impl.RoleInfo (RoleInfo.java:shutdownFollowerState(121)) - dd630ec0-84d9-4473-8f61-cbcf66d1795a: shutdown dd630ec0-84d9-4473-8f61-cbcf66d1795a@group-4AD3EB28E0D6-FollowerState
2024-11-30 15:01:09,082 [dd630ec0-84d9-4473-8f61-cbcf66d1795a@group-4AD3EB28E0D6-FollowerState] INFO  server.RaftServer$Division (RaftServerImpl.java:setRole(378)) - dd630ec0-84d9-4473-8f61-cbcf66d1795a@group-4AD3EB28E0D6: changes role from  FOLLOWER to CANDIDATE at term 0 for changeToCandidate
2024-11-30 15:01:09,082 [dd630ec0-84d9-4473-8f61-cbcf66d1795a@group-4AD3EB28E0D6-FollowerState] INFO  server.RaftServerConfigKeys (ConfUtils.java:logGet(46)) - raft.server.leaderelection.pre-vote = true (default)
2024-11-30 15:01:09,082 [dd630ec0-84d9-4473-8f61-cbcf66d1795a@group-4AD3EB28E0D6-FollowerState] INFO  impl.RoleInfo (RoleInfo.java:updateAndGet(148)) - dd630ec0-84d9-4473-8f61-cbcf66d1795a: start dd630ec0-84d9-4473-8f61-cbcf66d1795a@group-4AD3EB28E0D6-LeaderElection50
2024-11-30 15:01:09,082 [dd630ec0-84d9-4473-8f61-cbcf66d1795a@group-4AD3EB28E0D6-LeaderElection50] INFO  impl.LeaderElection (LeaderElection.java:askForVotes(332)) - dd630ec0-84d9-4473-8f61-cbcf66d1795a@group-4AD3EB28E0D6-LeaderElection50 PRE_VOTE round 0: submit vote requests at term 0 for conf: {index: -1, cur=peers:[dd630ec0-84d9-4473-8f61-cbcf66d1795a|127.0.0.1:15198]|listeners:[], old=null}
2024-11-30 15:01:09,082 [dd630ec0-84d9-4473-8f61-cbcf66d1795a@group-4AD3EB28E0D6-LeaderElection50] INFO  impl.LeaderElection (LeaderElection.java:askForVotes(334)) - dd630ec0-84d9-4473-8f61-cbcf66d1795a@group-4AD3EB28E0D6-LeaderElection50 PRE_VOTE round 0: result PASSED (term=0)
2024-11-30 15:01:09,084 [dd630ec0-84d9-4473-8f61-cbcf66d1795a@group-4AD3EB28E0D6-LeaderElection50] INFO  impl.LeaderElection (LeaderElection.java:askForVotes(332)) - dd630ec0-84d9-4473-8f61-cbcf66d1795a@group-4AD3EB28E0D6-LeaderElection50 ELECTION round 0: submit vote requests at term 1 for conf: {index: -1, cur=peers:[dd630ec0-84d9-4473-8f61-cbcf66d1795a|127.0.0.1:15198]|listeners:[], old=null}
2024-11-30 15:01:09,084 [dd630ec0-84d9-4473-8f61-cbcf66d1795a@group-4AD3EB28E0D6-LeaderElection50] INFO  impl.LeaderElection (LeaderElection.java:askForVotes(334)) - dd630ec0-84d9-4473-8f61-cbcf66d1795a@group-4AD3EB28E0D6-LeaderElection50 ELECTION round 0: result PASSED (term=1)
2024-11-30 15:01:09,084 [dd630ec0-84d9-4473-8f61-cbcf66d1795a@group-4AD3EB28E0D6-LeaderElection50] INFO  impl.RoleInfo (RoleInfo.java:shutdownLeaderElection(141)) - dd630ec0-84d9-4473-8f61-cbcf66d1795a: shutdown dd630ec0-84d9-4473-8f61-cbcf66d1795a@group-4AD3EB28E0D6-LeaderElection50
2024-11-30 15:01:09,084 [dd630ec0-84d9-4473-8f61-cbcf66d1795a@group-4AD3EB28E0D6-LeaderElection50] INFO  server.RaftServer$Division (RaftServerImpl.java:setRole(378)) - dd630ec0-84d9-4473-8f61-cbcf66d1795a@group-4AD3EB28E0D6: changes role from CANDIDATE to LEADER at term 1 for changeToLeader
2024-11-30 15:01:09,084 [dd630ec0-84d9-4473-8f61-cbcf66d1795a@group-4AD3EB28E0D6-LeaderElection50] INFO  server.RaftServerConfigKeys (ConfUtils.java:logGet(46)) - raft.server.staging.catchup.gap = 1000 (default)
2024-11-30 15:01:09,084 [dd630ec0-84d9-4473-8f61-cbcf66d1795a@group-4AD3EB28E0D6-LeaderElection50] INFO  server.RaftServerConfigKeys (ConfUtils.java:logGet(46)) - raft.server.write.element-limit = 1024 (custom)
2024-11-30 15:01:09,084 [dd630ec0-84d9-4473-8f61-cbcf66d1795a@group-4AD3EB28E0D6-LeaderElection50] INFO  server.RaftServerConfigKeys (ConfUtils.java:logGet(46)) - raft.server.write.byte-limit = 1024 M (=1073741824) (custom)
2024-11-30 15:01:09,084 [dd630ec0-84d9-4473-8f61-cbcf66d1795a@group-4AD3EB28E0D6-LeaderElection50] INFO  server.RaftServerConfigKeys (ConfUtils.java:logGet(46)) - raft.server.watch.timeout = 3000ms (custom)
2024-11-30 15:01:09,084 [dd630ec0-84d9-4473-8f61-cbcf66d1795a@group-4AD3EB28E0D6-LeaderElection50] INFO  server.RaftServerConfigKeys (ConfUtils.java:logGet(46)) - raft.server.watch.timeout.denomination = 1s (default)
2024-11-30 15:01:09,084 [dd630ec0-84d9-4473-8f61-cbcf66d1795a@group-4AD3EB28E0D6-LeaderElection50] INFO  server.RaftServerConfigKeys (ConfUtils.java:logGet(46)) - raft.server.watch.element-limit = 65536 (default)
2024-11-30 15:01:09,085 [dd630ec0-84d9-4473-8f61-cbcf66d1795a@group-4AD3EB28E0D6-LeaderElection50] INFO  server.RaftServerConfigKeys (ConfUtils.java:logGet(46)) - raft.server.read.leader.lease.enabled = false (default)
2024-11-30 15:01:09,085 [dd630ec0-84d9-4473-8f61-cbcf66d1795a@group-4AD3EB28E0D6-LeaderElection50] INFO  server.RaftServerConfigKeys (ConfUtils.java:logGet(46)) - raft.server.read.leader.lease.timeout.ratio = 0.9 (default)
2024-11-30 15:01:09,085 [dd630ec0-84d9-4473-8f61-cbcf66d1795a@group-4AD3EB28E0D6-LeaderElection50] INFO  server.RaftServerConfigKeys (ConfUtils.java:logGet(46)) - raft.server.rpc.timeout.min = 5s (custom)
2024-11-30 15:01:09,085 [dd630ec0-84d9-4473-8f61-cbcf66d1795a@group-4AD3EB28E0D6-LeaderElection50] INFO  server.RaftServerConfigKeys (ConfUtils.java:logGet(46)) - raft.server.log.log-metadata.enabled = true (default)
2024-11-30 15:01:09,085 [dd630ec0-84d9-4473-8f61-cbcf66d1795a@group-4AD3EB28E0D6-LeaderElection50] INFO  server.RaftServerConfigKeys (ConfUtils.java:logGet(46)) - raft.server.write.element-limit = 1024 (custom)
2024-11-30 15:01:09,085 [dd630ec0-84d9-4473-8f61-cbcf66d1795a@group-4AD3EB28E0D6-LeaderElection50] INFO  server.RaftServerConfigKeys (ConfUtils.java:logGet(46)) - raft.server.write.follower.gap.ratio.max = -1.0 (default)
2024-11-30 15:01:09,085 [dd630ec0-84d9-4473-8f61-cbcf66d1795a@group-4AD3EB28E0D6-LeaderElection50] INFO  impl.RoleInfo (RoleInfo.java:updateAndGet(148)) - dd630ec0-84d9-4473-8f61-cbcf66d1795a: start dd630ec0-84d9-4473-8f61-cbcf66d1795a@group-4AD3EB28E0D6-LeaderStateImpl
2024-11-30 15:01:09,085 [dd630ec0-84d9-4473-8f61-cbcf66d1795a@group-4AD3EB28E0D6-LeaderElection50] INFO  server.RaftServer$Division (RaftServerImpl.java:setFirstElection(562)) - dd630ec0-84d9-4473-8f61-cbcf66d1795a@group-4AD3EB28E0D6: set firstElectionSinceStartup to false for becomeLeader
2024-11-30 15:01:09,085 [dd630ec0-84d9-4473-8f61-cbcf66d1795a@group-4AD3EB28E0D6-LeaderElection50] INFO  ratis.XceiverServerRatis (XceiverServerRatis.java:handleLeaderChangedNotification(944)) - Leader change notification received for group: group-4AD3EB28E0D6 with new leaderId: dd630ec0-84d9-4473-8f61-cbcf66d1795a
2024-11-30 15:01:09,085 [dd630ec0-84d9-4473-8f61-cbcf66d1795a@group-4AD3EB28E0D6-LeaderElection50] INFO  server.RaftServer$Division (ServerState.java:setLeader(272)) - dd630ec0-84d9-4473-8f61-cbcf66d1795a@group-4AD3EB28E0D6: change Leader from null to dd630ec0-84d9-4473-8f61-cbcf66d1795a at term 1 for becomeLeader, leader elected after 5172ms
2024-11-30 15:01:09,085 [dd630ec0-84d9-4473-8f61-cbcf66d1795a@group-4AD3EB28E0D6-LeaderElection50] INFO  segmented.SegmentedRaftLogWorker (SegmentedRaftLogWorker.java:startLogSegment(438)) - dd630ec0-84d9-4473-8f61-cbcf66d1795a@group-4AD3EB28E0D6-SegmentedRaftLogWorker: Starting segment from index:0
2024-11-30 15:01:09,086 [dd630ec0-84d9-4473-8f61-cbcf66d1795a@group-4AD3EB28E0D6-LeaderElection50] INFO  server.RaftServer$Division (ServerState.java:setRaftConf(386)) - dd630ec0-84d9-4473-8f61-cbcf66d1795a@group-4AD3EB28E0D6: set configuration conf: {index: 0, cur=peers:[dd630ec0-84d9-4473-8f61-cbcf66d1795a|127.0.0.1:15198]|listeners:[], old=null}
2024-11-30 15:01:09,086 [dd630ec0-84d9-4473-8f61-cbcf66d1795a@group-4AD3EB28E0D6-SegmentedRaftLogWorker] INFO  segmented.BufferedWriteChannel (BufferedWriteChannel.java:open(61)) - open log_inprogress_0 at position 0
2024-11-30 15:01:09,096 [dd630ec0-84d9-4473-8f61-cbcf66d1795a@group-4AD3EB28E0D6-SegmentedRaftLogWorker] INFO  segmented.SegmentedRaftLogWorker (SegmentedRaftLogWorker.java:execute(644)) - dd630ec0-84d9-4473-8f61-cbcf66d1795a@group-4AD3EB28E0D6-SegmentedRaftLogWorker: created new log segment /home/runner/work/ozone/ozone/hadoop-ozone/integration-test/target/test-dir/MiniOzoneClusterImpl-e985cbf7-8b64-4e7c-b64c-74e6afbb48f1/ozone-meta/datanode-4/ratis/262bd9ab-35b4-4ba0-8e39-4ad3eb28e0d6/current/log_inprogress_0
2024-11-30 15:01:09,098 [dd630ec0-84d9-4473-8f61-cbcf66d1795a@group-4AD3EB28E0D6-StateMachineUpdater] INFO  server.RaftServer$Division (LeaderStateImpl.java:checkStartIndex(313)) - Leader dd630ec0-84d9-4473-8f61-cbcf66d1795a@group-4AD3EB28E0D6-LeaderStateImpl is ready since appliedIndex == startIndex == 0
2024-11-30 15:01:09,165 [main] INFO  ozone.MiniOzoneClusterImpl (MiniOzoneClusterImpl.java:lambda$waitForClusterToBeReady$0(219)) - Nodes are ready. Got 5 of 5 DN Heartbeats.
2024-11-30 15:01:09,165 [main] INFO  ozone.MiniOzoneClusterImpl (MiniOzoneClusterImpl.java:lambda$waitForClusterToBeReady$0(222)) - Cluster exits safe mode
2024-11-30 15:01:09,165 [main] INFO  ozone.MiniOzoneClusterImpl (MiniOzoneClusterImpl.java:lambda$waitForClusterToBeReady$0(224)) - SCM became leader
2024-11-30 15:01:09,170 [main] INFO  rpc.RpcClient (RpcClient.java:createVolume(486)) - Creating Volume: testblockoutputstream, with runner as owner and space quota set to -1 bytes, counts quota set to -1
2024-11-30 15:01:09,173 [om1-OMStateMachineApplyTransactionThread - 0] INFO  volume.OMVolumeCreateRequest (OMVolumeCreateRequest.java:validateAndUpdateCache(198)) - created volume:testblockoutputstream for user:runner
2024-11-30 15:01:09,176 [main] INFO  rpc.RpcClient (RpcClient.java:createBucket(712)) - Creating Bucket: testblockoutputstream/testblockoutputstream, with server-side default bucket layout, runner as owner, Versioning false, Storage Type set to DISK and Encryption set to false, Replication Type set to server-side default replication type, Namespace Quota set to -1, Space Quota set to -1 
2024-11-30 15:01:09,178 [om1-OMStateMachineApplyTransactionThread - 0] INFO  bucket.OMBucketCreateRequest (OMBucketCreateRequest.java:validateAndUpdateCache(293)) - created bucket: testblockoutputstream of layout FILE_SYSTEM_OPTIMIZED in volume: testblockoutputstream
2024-11-30 15:01:09,189 [IPC Server handler 3 on default port 15160] INFO  ha.SequenceIdGenerator (SequenceIdGenerator.java:getNextId(144)) - Allocate a batch for containerId, change lastId from 0 to 1000.
2024-11-30 15:01:09,190 [IPC Server handler 3 on default port 15160] WARN  ha.SequenceIdGenerator (SequenceIdGenerator.java:allocateBatch(257)) - Failed to allocate a batch for localId, expected lastId is 0, actual lastId is 113750153625600000.
2024-11-30 15:01:09,190 [IPC Server handler 3 on default port 15160] INFO  ha.SequenceIdGenerator (SequenceIdGenerator.java:getNextId(144)) - Allocate a batch for localId, change lastId from 113750153625600000 to 113750153625601000.
2024-11-30 15:01:09,196 [main] INFO  common.ChecksumCache (ChecksumCache.java:<init>(49)) - Initializing ChecksumCache with bytesPerChecksum = 16384
2024-11-30 15:01:09,239 [main] INFO  ozoneimpl.OzoneContainer (OzoneContainer.java:stop(526)) - Attempting to stop container services.
2024-11-30 15:01:09,239 [ContainerMetadataScanner] WARN  ozoneimpl.AbstractBackgroundContainerScanner (AbstractBackgroundContainerScanner.java:handleRemainingSleep(134)) - Background container scan was interrupted.
2024-11-30 15:01:09,240 [ContainerMetadataScanner] INFO  ozoneimpl.AbstractBackgroundContainerScanner (AbstractBackgroundContainerScanner.java:run(61)) - Thread[ContainerMetadataScanner,5,main] exiting.
2024-11-30 15:01:09,240 [main] INFO  ozoneimpl.BackgroundContainerDataScanner (BackgroundContainerDataScanner.java:shutdown(142)) - ContainerDataScanner(/home/runner/work/ozone/ozone/hadoop-ozone/integration-test/target/test-dir/MiniOzoneClusterImpl-e985cbf7-8b64-4e7c-b64c-74e6afbb48f1/ozone-meta/datanode-3/data-0/hdds) is shutting down. 
2024-11-30 15:01:09,241 [ContainerDataScanner(/home/runner/work/ozone/ozone/hadoop-ozone/integration-test/target/test-dir/MiniOzoneClusterImpl-e985cbf7-8b64-4e7c-b64c-74e6afbb48f1/ozone-meta/datanode-3/data-0/hdds)] WARN  ozoneimpl.AbstractBackgroundContainerScanner (AbstractBackgroundContainerScanner.java:handleRemainingSleep(134)) - Background container scan was interrupted.
2024-11-30 15:01:09,241 [ContainerDataScanner(/home/runner/work/ozone/ozone/hadoop-ozone/integration-test/target/test-dir/MiniOzoneClusterImpl-e985cbf7-8b64-4e7c-b64c-74e6afbb48f1/ozone-meta/datanode-3/data-0/hdds)] INFO  ozoneimpl.AbstractBackgroundContainerScanner (AbstractBackgroundContainerScanner.java:run(61)) - ContainerDataScanner(/home/runner/work/ozone/ozone/hadoop-ozone/integration-test/target/test-dir/MiniOzoneClusterImpl-e985cbf7-8b64-4e7c-b64c-74e6afbb48f1/ozone-meta/datanode-3/data-0/hdds, DS-1226579b-e949-40e6-8919-ec990558def9) exiting.
2024-11-30 15:01:09,241 [main] INFO  ozoneimpl.OnDemandContainerDataScanner (OnDemandContainerDataScanner.java:shutdownScanner(209)) - On-demand container scanner is shutting down.
2024-11-30 15:01:09,241 [main] INFO  ratis.XceiverServerRatis (XceiverServerRatis.java:stop(596)) - Closing XceiverServerRatis(af7ee296-5066-44e3-a94d-aaeda09020f2)
2024-11-30 15:01:09,241 [main] INFO  server.RaftServer (RaftServerProxy.java:lambda$close$9(417)) - af7ee296-5066-44e3-a94d-aaeda09020f2: close
2024-11-30 15:01:09,241 [af7ee296-5066-44e3-a94d-aaeda09020f2-impl-thread1] INFO  server.RaftServer$Division (RaftServerImpl.java:lambda$close$1(513)) - af7ee296-5066-44e3-a94d-aaeda09020f2@group-0733B6903265: shutdown
2024-11-30 15:01:09,242 [af7ee296-5066-44e3-a94d-aaeda09020f2-impl-thread1] INFO  util.JmxRegister (JmxRegister.java:unregister(74)) - Successfully un-registered JMX Bean with object name Ratis:service=RaftServer,group=group-0733B6903265,id=af7ee296-5066-44e3-a94d-aaeda09020f2
2024-11-30 15:01:09,242 [af7ee296-5066-44e3-a94d-aaeda09020f2-impl-thread1] INFO  impl.RoleInfo (RoleInfo.java:shutdownLeaderState(103)) - af7ee296-5066-44e3-a94d-aaeda09020f2: shutdown af7ee296-5066-44e3-a94d-aaeda09020f2@group-0733B6903265-LeaderStateImpl
2024-11-30 15:01:09,242 [af7ee296-5066-44e3-a94d-aaeda09020f2-impl-thread1] INFO  impl.PendingRequests (PendingRequests.java:sendNotLeaderResponses(287)) - af7ee296-5066-44e3-a94d-aaeda09020f2@group-0733B6903265-PendingRequests: sendNotLeaderResponses
2024-11-30 15:01:09,242 [af7ee296-5066-44e3-a94d-aaeda09020f2-impl-thread1] INFO  impl.StateMachineUpdater (StateMachineUpdater.java:stopAndJoin(164)) - af7ee296-5066-44e3-a94d-aaeda09020f2@group-0733B6903265-StateMachineUpdater: set stopIndex = 0
2024-11-30 15:01:09,243 [af7ee296-5066-44e3-a94d-aaeda09020f2@group-0733B6903265-StateMachineUpdater] INFO  ratis.ContainerStateMachine (ContainerStateMachine.java:takeSnapshot(378)) - group-0733B6903265: Taking a snapshot at:(t:1, i:0) file /home/runner/work/ozone/ozone/hadoop-ozone/integration-test/target/test-dir/MiniOzoneClusterImpl-e985cbf7-8b64-4e7c-b64c-74e6afbb48f1/ozone-meta/datanode-3/ratis/c8c63d18-dbd2-4844-8eae-0733b6903265/sm/snapshot.1_0
2024-11-30 15:01:09,243 [af7ee296-5066-44e3-a94d-aaeda09020f2-impl-thread3] INFO  server.RaftServer$Division (RaftServerImpl.java:lambda$close$1(513)) - af7ee296-5066-44e3-a94d-aaeda09020f2@group-881FFCB406EE: shutdown
2024-11-30 15:01:09,243 [af7ee296-5066-44e3-a94d-aaeda09020f2-impl-thread3] INFO  util.JmxRegister (JmxRegister.java:unregister(74)) - Successfully un-registered JMX Bean with object name Ratis:service=RaftServer,group=group-881FFCB406EE,id=af7ee296-5066-44e3-a94d-aaeda09020f2
2024-11-30 15:01:09,243 [af7ee296-5066-44e3-a94d-aaeda09020f2-impl-thread3] INFO  impl.RoleInfo (RoleInfo.java:shutdownFollowerState(121)) - af7ee296-5066-44e3-a94d-aaeda09020f2: shutdown af7ee296-5066-44e3-a94d-aaeda09020f2@group-881FFCB406EE-FollowerState
2024-11-30 15:01:09,243 [af7ee296-5066-44e3-a94d-aaeda09020f2@group-0733B6903265-StateMachineUpdater] INFO  ratis.ContainerStateMachine (ContainerStateMachine.java:takeSnapshot(389)) - group-0733B6903265: Finished taking a snapshot at:(t:1, i:0) file:/home/runner/work/ozone/ozone/hadoop-ozone/integration-test/target/test-dir/MiniOzoneClusterImpl-e985cbf7-8b64-4e7c-b64c-74e6afbb48f1/ozone-meta/datanode-3/ratis/c8c63d18-dbd2-4844-8eae-0733b6903265/sm/snapshot.1_0 took: 0 ms
2024-11-30 15:01:09,243 [af7ee296-5066-44e3-a94d-aaeda09020f2-impl-thread2] INFO  server.RaftServer$Division (RaftServerImpl.java:lambda$close$1(513)) - af7ee296-5066-44e3-a94d-aaeda09020f2@group-006F4FFF65FD: shutdown
2024-11-30 15:01:09,244 [af7ee296-5066-44e3-a94d-aaeda09020f2-impl-thread2] INFO  util.JmxRegister (JmxRegister.java:unregister(74)) - Successfully un-registered JMX Bean with object name Ratis:service=RaftServer,group=group-006F4FFF65FD,id=af7ee296-5066-44e3-a94d-aaeda09020f2
2024-11-30 15:01:09,244 [af7ee296-5066-44e3-a94d-aaeda09020f2-impl-thread2] INFO  impl.RoleInfo (RoleInfo.java:shutdownLeaderState(103)) - af7ee296-5066-44e3-a94d-aaeda09020f2: shutdown af7ee296-5066-44e3-a94d-aaeda09020f2@group-006F4FFF65FD-LeaderStateImpl
2024-11-30 15:01:09,244 [af7ee296-5066-44e3-a94d-aaeda09020f2@group-0733B6903265-StateMachineUpdater] INFO  impl.StateMachineUpdater (StateMachineUpdater.java:takeSnapshot(303)) - af7ee296-5066-44e3-a94d-aaeda09020f2@group-0733B6903265-StateMachineUpdater: Took a snapshot at index 0
2024-11-30 15:01:09,244 [af7ee296-5066-44e3-a94d-aaeda09020f2@group-0733B6903265-StateMachineUpdater] INFO  impl.StateMachineUpdater (StateMachineUpdater.java:lambda$new$0(102)) - af7ee296-5066-44e3-a94d-aaeda09020f2@group-0733B6903265-StateMachineUpdater: snapshotIndex: updateIncreasingly -1 -> 0
2024-11-30 15:01:09,244 [af7ee296-5066-44e3-a94d-aaeda09020f2@group-0733B6903265-StateMachineUpdater] INFO  impl.StateMachineUpdater (StateMachineUpdater.java:stop(141)) - af7ee296-5066-44e3-a94d-aaeda09020f2@group-0733B6903265-StateMachineUpdater: closing ContainerStateMachine, lastApplied=(t:1, i:0)
2024-11-30 15:01:09,244 [af7ee296-5066-44e3-a94d-aaeda09020f2@group-006F4FFF65FD->719b1c3f-249c-457a-8743-b06328301a87-GrpcLogAppender-LogAppenderDaemon] WARN  server.GrpcLogAppender (GrpcLogAppender.java:mayWait(293)) - af7ee296-5066-44e3-a94d-aaeda09020f2@group-006F4FFF65FD->719b1c3f-249c-457a-8743-b06328301a87-GrpcLogAppender: Wait interrupted by java.lang.InterruptedException
2024-11-30 15:01:09,245 [grpc-default-executor-3] INFO  server.GrpcServerProtocolService (GrpcServerProtocolService.java:onCompleted(157)) - 719b1c3f-249c-457a-8743-b06328301a87: Completed APPEND_ENTRIES, lastRequest: af7ee296-5066-44e3-a94d-aaeda09020f2->719b1c3f-249c-457a-8743-b06328301a87#1-t1,previous=(t:0, i:0),leaderCommit=-1,initializing? false,entries: size=1, first=(t:1, i:0), CONFIGURATIONENTRY(current:id:"719b1c3f-249c-457a-8743-b06328301a87"address:"127.0.0.1:15171"dataStreamAddress:"127.0.0.1:15174"clientAddress:"127.0.0.1:15171"adminAddress:"127.0.0.1:15171"startupRole:FOLLOWER, id:"af7ee296-5066-44e3-a94d-aaeda09020f2"address:"127.0.0.1:15189"priority:1dataStreamAddress:"127.0.0.1:15192"clientAddress:"127.0.0.1:15189"adminAddress:"127.0.0.1:15189"startupRole:FOLLOWER, id:"d57daabc-8d0b-4ea3-831e-cde13ca8d1d7"address:"127.0.0.1:15180"dataStreamAddress:"127.0.0.1:15183"clientAddress:"127.0.0.1:15180"adminAddress:"127.0.0.1:15180"startupRole:FOLLOWER, old:)
2024-11-30 15:01:09,245 [grpc-default-executor-3] INFO  server.GrpcServerProtocolService (GrpcServerProtocolService.java:lambda$onCompleted$5(159)) - 719b1c3f-249c-457a-8743-b06328301a87: Completed APPEND_ENTRIES, lastReply: null
2024-11-30 15:01:09,244 [af7ee296-5066-44e3-a94d-aaeda09020f2@group-006F4FFF65FD->d57daabc-8d0b-4ea3-831e-cde13ca8d1d7-GrpcLogAppender-LogAppenderDaemon] WARN  server.GrpcLogAppender (GrpcLogAppender.java:mayWait(293)) - af7ee296-5066-44e3-a94d-aaeda09020f2@group-006F4FFF65FD->d57daabc-8d0b-4ea3-831e-cde13ca8d1d7-GrpcLogAppender: Wait interrupted by java.lang.InterruptedException
2024-11-30 15:01:09,244 [af7ee296-5066-44e3-a94d-aaeda09020f2-impl-thread2] INFO  impl.PendingRequests (PendingRequests.java:sendNotLeaderResponses(287)) - af7ee296-5066-44e3-a94d-aaeda09020f2@group-006F4FFF65FD-PendingRequests: sendNotLeaderResponses
2024-11-30 15:01:09,246 [grpc-default-executor-1] INFO  server.GrpcServerProtocolService (GrpcServerProtocolService.java:onCompleted(157)) - d57daabc-8d0b-4ea3-831e-cde13ca8d1d7: Completed APPEND_ENTRIES, lastRequest: null
2024-11-30 15:01:09,246 [af7ee296-5066-44e3-a94d-aaeda09020f2@group-006F4FFF65FD-StateMachineUpdater] INFO  ratis.ContainerStateMachine (ContainerStateMachine.java:takeSnapshot(378)) - group-006F4FFF65FD: Taking a snapshot at:(t:1, i:0) file /home/runner/work/ozone/ozone/hadoop-ozone/integration-test/target/test-dir/MiniOzoneClusterImpl-e985cbf7-8b64-4e7c-b64c-74e6afbb48f1/ozone-meta/datanode-3/ratis/6fa0cb32-10f3-4162-b9fa-006f4fff65fd/sm/snapshot.1_0
2024-11-30 15:01:09,246 [grpc-default-executor-1] INFO  server.GrpcServerProtocolService (GrpcServerProtocolService.java:lambda$onCompleted$5(159)) - d57daabc-8d0b-4ea3-831e-cde13ca8d1d7: Completed APPEND_ENTRIES, lastReply: serverReply {
  requestorId: "af7ee296-5066-44e3-a94d-aaeda09020f2"
  replyId: "d57daabc-8d0b-4ea3-831e-cde13ca8d1d7"
  raftGroupId {
    id: "o\240\3132\020\363Ab\271\372\000oO\377e\375"
  }
  success: true
}
term: 1
nextIndex: 1
followerCommit: 18446744073709551615
matchIndex: 18446744073709551615
isHearbeat: true

2024-11-30 15:01:09,246 [af7ee296-5066-44e3-a94d-aaeda09020f2-impl-thread2] INFO  impl.StateMachineUpdater (StateMachineUpdater.java:stopAndJoin(164)) - af7ee296-5066-44e3-a94d-aaeda09020f2@group-006F4FFF65FD-StateMachineUpdater: set stopIndex = 0
2024-11-30 15:01:09,246 [grpc-default-executor-4] INFO  server.GrpcLogAppender (GrpcLogAppender.java:onCompleted(550)) - af7ee296-5066-44e3-a94d-aaeda09020f2@group-006F4FFF65FD->719b1c3f-249c-457a-8743-b06328301a87-AppendLogResponseHandler: follower responses appendEntries COMPLETED
2024-11-30 15:01:09,246 [af7ee296-5066-44e3-a94d-aaeda09020f2@group-006F4FFF65FD-StateMachineUpdater] INFO  ratis.ContainerStateMachine (ContainerStateMachine.java:takeSnapshot(389)) - group-006F4FFF65FD: Finished taking a snapshot at:(t:1, i:0) file:/home/runner/work/ozone/ozone/hadoop-ozone/integration-test/target/test-dir/MiniOzoneClusterImpl-e985cbf7-8b64-4e7c-b64c-74e6afbb48f1/ozone-meta/datanode-3/ratis/6fa0cb32-10f3-4162-b9fa-006f4fff65fd/sm/snapshot.1_0 took: 0 ms
2024-11-30 15:01:09,246 [af7ee296-5066-44e3-a94d-aaeda09020f2@group-006F4FFF65FD-StateMachineUpdater] INFO  impl.StateMachineUpdater (StateMachineUpdater.java:takeSnapshot(303)) - af7ee296-5066-44e3-a94d-aaeda09020f2@group-006F4FFF65FD-StateMachineUpdater: Took a snapshot at index 0
2024-11-30 15:01:09,247 [af7ee296-5066-44e3-a94d-aaeda09020f2@group-006F4FFF65FD-StateMachineUpdater] INFO  impl.StateMachineUpdater (StateMachineUpdater.java:lambda$new$0(102)) - af7ee296-5066-44e3-a94d-aaeda09020f2@group-006F4FFF65FD-StateMachineUpdater: snapshotIndex: updateIncreasingly -1 -> 0
2024-11-30 15:01:09,247 [af7ee296-5066-44e3-a94d-aaeda09020f2@group-006F4FFF65FD-StateMachineUpdater] INFO  impl.StateMachineUpdater (StateMachineUpdater.java:stop(141)) - af7ee296-5066-44e3-a94d-aaeda09020f2@group-006F4FFF65FD-StateMachineUpdater: closing ContainerStateMachine, lastApplied=(t:1, i:0)
2024-11-30 15:01:09,247 [grpc-default-executor-4] INFO  server.GrpcLogAppender (GrpcLogAppender.java:onCompleted(550)) - af7ee296-5066-44e3-a94d-aaeda09020f2@group-006F4FFF65FD->d57daabc-8d0b-4ea3-831e-cde13ca8d1d7-AppendLogResponseHandler: follower responses appendEntries COMPLETED
2024-11-30 15:01:09,247 [grpc-default-executor-3] INFO  server.GrpcServerProtocolService (GrpcServerProtocolService.java:onCompleted(157)) - 719b1c3f-249c-457a-8743-b06328301a87: Completed APPEND_ENTRIES, lastRequest: null
2024-11-30 15:01:09,247 [af7ee296-5066-44e3-a94d-aaeda09020f2@group-006F4FFF65FD-cacheEviction-AwaitToRun] INFO  util.AwaitToRun (AwaitToRun.java:run(49)) - af7ee296-5066-44e3-a94d-aaeda09020f2@group-006F4FFF65FD-cacheEviction-AwaitToRun-AwaitForSignal is interrupted
2024-11-30 15:01:09,247 [grpc-default-executor-3] INFO  server.GrpcServerProtocolService (GrpcServerProtocolService.java:lambda$onCompleted$5(159)) - 719b1c3f-249c-457a-8743-b06328301a87: Completed APPEND_ENTRIES, lastReply: serverReply {
  requestorId: "af7ee296-5066-44e3-a94d-aaeda09020f2"
  replyId: "719b1c3f-249c-457a-8743-b06328301a87"
  raftGroupId {
    id: "o\240\3132\020\363Ab\271\372\000oO\377e\375"
  }
  callId: 2
  success: true
}
term: 1
nextIndex: 1
followerCommit: 18446744073709551615
matchIndex: 18446744073709551615
isHearbeat: true

2024-11-30 15:01:09,247 [grpc-default-executor-1] INFO  server.GrpcServerProtocolService (GrpcServerProtocolService.java:onCompleted(157)) - d57daabc-8d0b-4ea3-831e-cde13ca8d1d7: Completed APPEND_ENTRIES, lastRequest: af7ee296-5066-44e3-a94d-aaeda09020f2->d57daabc-8d0b-4ea3-831e-cde13ca8d1d7#1-t1,previous=(t:0, i:0),leaderCommit=-1,initializing? false,entries: size=1, first=(t:1, i:0), CONFIGURATIONENTRY(current:id:"719b1c3f-249c-457a-8743-b06328301a87"address:"127.0.0.1:15171"dataStreamAddress:"127.0.0.1:15174"clientAddress:"127.0.0.1:15171"adminAddress:"127.0.0.1:15171"startupRole:FOLLOWER, id:"af7ee296-5066-44e3-a94d-aaeda09020f2"address:"127.0.0.1:15189"priority:1dataStreamAddress:"127.0.0.1:15192"clientAddress:"127.0.0.1:15189"adminAddress:"127.0.0.1:15189"startupRole:FOLLOWER, id:"d57daabc-8d0b-4ea3-831e-cde13ca8d1d7"address:"127.0.0.1:15180"dataStreamAddress:"127.0.0.1:15183"clientAddress:"127.0.0.1:15180"adminAddress:"127.0.0.1:15180"startupRole:FOLLOWER, old:)
2024-11-30 15:01:09,247 [grpc-default-executor-1] INFO  server.GrpcServerProtocolService (GrpcServerProtocolService.java:lambda$onCompleted$5(159)) - d57daabc-8d0b-4ea3-831e-cde13ca8d1d7: Completed APPEND_ENTRIES, lastReply: null
2024-11-30 15:01:09,247 [grpc-default-executor-1] INFO  server.GrpcLogAppender (GrpcLogAppender.java:onCompleted(550)) - af7ee296-5066-44e3-a94d-aaeda09020f2@group-006F4FFF65FD->719b1c3f-249c-457a-8743-b06328301a87-AppendLogResponseHandler: follower responses appendEntries COMPLETED
2024-11-30 15:01:09,247 [grpc-default-executor-1] INFO  server.GrpcLogAppender (GrpcLogAppender.java:onCompleted(550)) - af7ee296-5066-44e3-a94d-aaeda09020f2@group-006F4FFF65FD->d57daabc-8d0b-4ea3-831e-cde13ca8d1d7-AppendLogResponseHandler: follower responses appendEntries COMPLETED
2024-11-30 15:01:09,247 [af7ee296-5066-44e3-a94d-aaeda09020f2@group-0733B6903265-cacheEviction-AwaitToRun] INFO  util.AwaitToRun (AwaitToRun.java:run(49)) - af7ee296-5066-44e3-a94d-aaeda09020f2@group-0733B6903265-cacheEviction-AwaitToRun-AwaitForSignal is interrupted
2024-11-30 15:01:09,248 [af7ee296-5066-44e3-a94d-aaeda09020f2@group-881FFCB406EE-FollowerState] INFO  impl.FollowerState (FollowerState.java:runImpl(170)) - af7ee296-5066-44e3-a94d-aaeda09020f2@group-881FFCB406EE-FollowerState was interrupted
2024-11-30 15:01:09,248 [af7ee296-5066-44e3-a94d-aaeda09020f2@group-881FFCB406EE-StateMachineUpdater] INFO  impl.StateMachineUpdater (StateMachineUpdater.java:stop(141)) - af7ee296-5066-44e3-a94d-aaeda09020f2@group-881FFCB406EE-StateMachineUpdater: closing ContainerStateMachine, lastApplied=(t:0, i:~)
2024-11-30 15:01:09,248 [main] INFO  server.GrpcService (GrpcService.java:closeImpl(343)) - af7ee296-5066-44e3-a94d-aaeda09020f2: shutdown server GrpcServerProtocolService now
2024-11-30 15:01:09,248 [af7ee296-5066-44e3-a94d-aaeda09020f2-impl-thread3] INFO  impl.StateMachineUpdater (StateMachineUpdater.java:stopAndJoin(164)) - af7ee296-5066-44e3-a94d-aaeda09020f2@group-881FFCB406EE-StateMachineUpdater: set stopIndex = -1
2024-11-30 15:01:09,249 [af7ee296-5066-44e3-a94d-aaeda09020f2@group-881FFCB406EE-cacheEviction-AwaitToRun] INFO  util.AwaitToRun (AwaitToRun.java:run(49)) - af7ee296-5066-44e3-a94d-aaeda09020f2@group-881FFCB406EE-cacheEviction-AwaitToRun-AwaitForSignal is interrupted
2024-11-30 15:01:09,250 [Thread-3885] INFO  server.GrpcServerProtocolClient (GrpcServerProtocolClient.java:close(105)) - 719b1c3f-249c-457a-8743-b06328301a87 Close channels
2024-11-30 15:01:09,250 [Thread-3886] INFO  server.GrpcServerProtocolClient (GrpcServerProtocolClient.java:close(105)) - d57daabc-8d0b-4ea3-831e-cde13ca8d1d7 Close channels
2024-11-30 15:01:09,250 [grpc-default-executor-3] WARN  server.GrpcServerProtocolService (LogUtils.java:warn(121)) - af7ee296-5066-44e3-a94d-aaeda09020f2: APPEND_ENTRIES onError, lastRequest: 719b1c3f-249c-457a-8743-b06328301a87->af7ee296-5066-44e3-a94d-aaeda09020f2#21-t1,previous=(t:1, i:14),leaderCommit=13,initializing? false,entries: size=1, first=(t:1, i:15), METADATAENTRY(c:13): org.apache.ratis.thirdparty.io.grpc.StatusRuntimeException: CANCELLED: client cancelled
2024-11-30 15:01:09,251 [grpc-default-executor-2] WARN  server.GrpcServerProtocolService (LogUtils.java:warn(121)) - af7ee296-5066-44e3-a94d-aaeda09020f2: APPEND_ENTRIES onError, lastRequest: d57daabc-8d0b-4ea3-831e-cde13ca8d1d7->af7ee296-5066-44e3-a94d-aaeda09020f2#1-t1,previous=(t:0, i:0),leaderCommit=-1,initializing? false,entries: size=1, first=(t:1, i:0), CONFIGURATIONENTRY(current:id:"719b1c3f-249c-457a-8743-b06328301a87"address:"127.0.0.1:15171"dataStreamAddress:"127.0.0.1:15174"clientAddress:"127.0.0.1:15171"adminAddress:"127.0.0.1:15171"startupRole:FOLLOWER, id:"af7ee296-5066-44e3-a94d-aaeda09020f2"address:"127.0.0.1:15189"dataStreamAddress:"127.0.0.1:15192"clientAddress:"127.0.0.1:15189"adminAddress:"127.0.0.1:15189"startupRole:FOLLOWER, id:"d57daabc-8d0b-4ea3-831e-cde13ca8d1d7"address:"127.0.0.1:15180"priority:1dataStreamAddress:"127.0.0.1:15183"clientAddress:"127.0.0.1:15180"adminAddress:"127.0.0.1:15180"startupRole:FOLLOWER, old:): org.apache.ratis.thirdparty.io.grpc.StatusRuntimeException: CANCELLED: client cancelled
2024-11-30 15:01:09,251 [grpc-default-executor-1] WARN  server.GrpcLogAppender (LogUtils.java:warn(121)) - 719b1c3f-249c-457a-8743-b06328301a87@group-563E99154595->af7ee296-5066-44e3-a94d-aaeda09020f2-AppendLogResponseHandler: Failed appendEntries: org.apache.ratis.thirdparty.io.grpc.StatusRuntimeException: CANCELLED: RST_STREAM closed stream. HTTP/2 error code: CANCEL
2024-11-30 15:01:09,251 [grpc-default-executor-1] WARN  server.GrpcLogAppender (GrpcLogAppender.java:lambda$resetClient$1(221)) - 719b1c3f-249c-457a-8743-b06328301a87@group-563E99154595->af7ee296-5066-44e3-a94d-aaeda09020f2-GrpcLogAppender: Follower failed (request=null, errorCount=1); keep nextIndex (16) unchanged and retry.
2024-11-30 15:01:09,251 [grpc-default-executor-0] WARN  server.GrpcServerProtocolService (LogUtils.java:warn(121)) - af7ee296-5066-44e3-a94d-aaeda09020f2: APPEND_ENTRIES onError, lastRequest: null: org.apache.ratis.thirdparty.io.grpc.StatusRuntimeException: CANCELLED: client cancelled
2024-11-30 15:01:09,251 [grpc-default-executor-2] WARN  server.GrpcLogAppender (LogUtils.java:warn(121)) - d57daabc-8d0b-4ea3-831e-cde13ca8d1d7@group-881FFCB406EE->af7ee296-5066-44e3-a94d-aaeda09020f2-AppendLogResponseHandler: Failed appendEntries: org.apache.ratis.thirdparty.io.grpc.StatusRuntimeException: CANCELLED: RST_STREAM closed stream. HTTP/2 error code: CANCEL
2024-11-30 15:01:09,251 [grpc-default-executor-2] WARN  server.GrpcLogAppender (GrpcLogAppender.java:lambda$resetClient$1(221)) - d57daabc-8d0b-4ea3-831e-cde13ca8d1d7@group-881FFCB406EE->af7ee296-5066-44e3-a94d-aaeda09020f2-GrpcLogAppender: Follower failed (request=null, errorCount=1); keep nextIndex (1) unchanged and retry.
2024-11-30 15:01:09,252 [grpc-default-executor-3] WARN  server.GrpcServerProtocolService (LogUtils.java:warn(121)) - af7ee296-5066-44e3-a94d-aaeda09020f2: APPEND_ENTRIES onError, lastRequest: null: org.apache.ratis.thirdparty.io.grpc.StatusRuntimeException: CANCELLED: client cancelled
2024-11-30 15:01:09,252 [af7ee296-5066-44e3-a94d-aaeda09020f2-impl-thread4] INFO  server.RaftServer$Division (RaftServerImpl.java:lambda$close$1(513)) - af7ee296-5066-44e3-a94d-aaeda09020f2@group-563E99154595: shutdown
2024-11-30 15:01:09,253 [main] INFO  server.GrpcService (GrpcService.java:closeImpl(352)) - af7ee296-5066-44e3-a94d-aaeda09020f2: shutdown server GrpcServerProtocolService successfully
2024-11-30 15:01:09,253 [af7ee296-5066-44e3-a94d-aaeda09020f2-impl-thread4] INFO  util.JmxRegister (JmxRegister.java:unregister(74)) - Successfully un-registered JMX Bean with object name Ratis:service=RaftServer,group=group-563E99154595,id=af7ee296-5066-44e3-a94d-aaeda09020f2
2024-11-30 15:01:09,253 [af7ee296-5066-44e3-a94d-aaeda09020f2-impl-thread4] INFO  impl.RoleInfo (RoleInfo.java:shutdownFollowerState(121)) - af7ee296-5066-44e3-a94d-aaeda09020f2: shutdown af7ee296-5066-44e3-a94d-aaeda09020f2@group-563E99154595-FollowerState
2024-11-30 15:01:09,253 [af7ee296-5066-44e3-a94d-aaeda09020f2@group-563E99154595-FollowerState] INFO  impl.FollowerState (FollowerState.java:runImpl(170)) - af7ee296-5066-44e3-a94d-aaeda09020f2@group-563E99154595-FollowerState was interrupted
2024-11-30 15:01:09,253 [af7ee296-5066-44e3-a94d-aaeda09020f2@group-563E99154595-StateMachineUpdater] INFO  ratis.ContainerStateMachine (ContainerStateMachine.java:takeSnapshot(378)) - group-563E99154595: Taking a snapshot at:(t:1, i:13) file /home/runner/work/ozone/ozone/hadoop-ozone/integration-test/target/test-dir/MiniOzoneClusterImpl-e985cbf7-8b64-4e7c-b64c-74e6afbb48f1/ozone-meta/datanode-3/ratis/30e54b79-c26a-4b32-b794-563e99154595/sm/snapshot.1_13
2024-11-30 15:01:09,254 [af7ee296-5066-44e3-a94d-aaeda09020f2@group-563E99154595-StateMachineUpdater] INFO  ratis.ContainerStateMachine (ContainerStateMachine.java:takeSnapshot(389)) - group-563E99154595: Finished taking a snapshot at:(t:1, i:13) file:/home/runner/work/ozone/ozone/hadoop-ozone/integration-test/target/test-dir/MiniOzoneClusterImpl-e985cbf7-8b64-4e7c-b64c-74e6afbb48f1/ozone-meta/datanode-3/ratis/30e54b79-c26a-4b32-b794-563e99154595/sm/snapshot.1_13 took: 1 ms
2024-11-30 15:01:09,254 [af7ee296-5066-44e3-a94d-aaeda09020f2-impl-thread4] INFO  impl.StateMachineUpdater (StateMachineUpdater.java:stopAndJoin(164)) - af7ee296-5066-44e3-a94d-aaeda09020f2@group-563E99154595-StateMachineUpdater: set stopIndex = 13
2024-11-30 15:01:09,254 [af7ee296-5066-44e3-a94d-aaeda09020f2@group-563E99154595-StateMachineUpdater] INFO  impl.StateMachineUpdater (StateMachineUpdater.java:takeSnapshot(303)) - af7ee296-5066-44e3-a94d-aaeda09020f2@group-563E99154595-StateMachineUpdater: Took a snapshot at index 13
2024-11-30 15:01:09,254 [af7ee296-5066-44e3-a94d-aaeda09020f2@group-563E99154595-StateMachineUpdater] INFO  impl.StateMachineUpdater (StateMachineUpdater.java:lambda$new$0(102)) - af7ee296-5066-44e3-a94d-aaeda09020f2@group-563E99154595-StateMachineUpdater: snapshotIndex: updateIncreasingly -1 -> 13
2024-11-30 15:01:09,255 [af7ee296-5066-44e3-a94d-aaeda09020f2@group-563E99154595-StateMachineUpdater] INFO  impl.StateMachineUpdater (StateMachineUpdater.java:stop(141)) - af7ee296-5066-44e3-a94d-aaeda09020f2@group-563E99154595-StateMachineUpdater: closing ContainerStateMachine, lastApplied=(t:1, i:13)
2024-11-30 15:01:09,255 [af7ee296-5066-44e3-a94d-aaeda09020f2@group-563E99154595-cacheEviction-AwaitToRun] INFO  util.AwaitToRun (AwaitToRun.java:run(49)) - af7ee296-5066-44e3-a94d-aaeda09020f2@group-563E99154595-cacheEviction-AwaitToRun-AwaitForSignal is interrupted
2024-11-30 15:01:09,258 [af7ee296-5066-44e3-a94d-aaeda09020f2-NettyServerStreamRpc-bossGroup--thread1] INFO  logging.LoggingHandler (AbstractInternalLogger.java:log(148)) - [id: 0x02d47489, L:/0.0.0.0:15192] CLOSE
2024-11-30 15:01:09,258 [af7ee296-5066-44e3-a94d-aaeda09020f2-NettyServerStreamRpc-bossGroup--thread1] INFO  logging.LoggingHandler (AbstractInternalLogger.java:log(148)) - [id: 0x02d47489, L:/0.0.0.0:15192] INACTIVE
2024-11-30 15:01:09,258 [af7ee296-5066-44e3-a94d-aaeda09020f2-NettyServerStreamRpc-bossGroup--thread1] INFO  logging.LoggingHandler (AbstractInternalLogger.java:log(148)) - [id: 0x02d47489, L:/0.0.0.0:15192] UNREGISTERED
2024-11-30 15:01:09,322 [91a17cbe-1555-4f52-a9ac-e5caa7cc945b@group-61544B673A5F-FollowerState] INFO  impl.FollowerState (FollowerState.java:runImpl(161)) - 91a17cbe-1555-4f52-a9ac-e5caa7cc945b@group-61544B673A5F-FollowerState: change to CANDIDATE, lastRpcElapsedTime:5146441436ns, electionTimeout:5146ms
2024-11-30 15:01:09,322 [91a17cbe-1555-4f52-a9ac-e5caa7cc945b@group-61544B673A5F-FollowerState] INFO  impl.RoleInfo (RoleInfo.java:shutdownFollowerState(121)) - 91a17cbe-1555-4f52-a9ac-e5caa7cc945b: shutdown 91a17cbe-1555-4f52-a9ac-e5caa7cc945b@group-61544B673A5F-FollowerState
2024-11-30 15:01:09,322 [91a17cbe-1555-4f52-a9ac-e5caa7cc945b@group-61544B673A5F-FollowerState] INFO  server.RaftServer$Division (RaftServerImpl.java:setRole(378)) - 91a17cbe-1555-4f52-a9ac-e5caa7cc945b@group-61544B673A5F: changes role from  FOLLOWER to CANDIDATE at term 0 for changeToCandidate
2024-11-30 15:01:09,322 [91a17cbe-1555-4f52-a9ac-e5caa7cc945b@group-61544B673A5F-FollowerState] INFO  server.RaftServerConfigKeys (ConfUtils.java:logGet(46)) - raft.server.leaderelection.pre-vote = true (default)
2024-11-30 15:01:09,322 [91a17cbe-1555-4f52-a9ac-e5caa7cc945b@group-61544B673A5F-FollowerState] INFO  impl.RoleInfo (RoleInfo.java:updateAndGet(148)) - 91a17cbe-1555-4f52-a9ac-e5caa7cc945b: start 91a17cbe-1555-4f52-a9ac-e5caa7cc945b@group-61544B673A5F-LeaderElection51
2024-11-30 15:01:09,323 [91a17cbe-1555-4f52-a9ac-e5caa7cc945b@group-61544B673A5F-LeaderElection51] INFO  impl.LeaderElection (LeaderElection.java:askForVotes(332)) - 91a17cbe-1555-4f52-a9ac-e5caa7cc945b@group-61544B673A5F-LeaderElection51 PRE_VOTE round 0: submit vote requests at term 0 for conf: {index: -1, cur=peers:[91a17cbe-1555-4f52-a9ac-e5caa7cc945b|127.0.0.1:15207]|listeners:[], old=null}
2024-11-30 15:01:09,323 [91a17cbe-1555-4f52-a9ac-e5caa7cc945b@group-61544B673A5F-LeaderElection51] INFO  impl.LeaderElection (LeaderElection.java:askForVotes(334)) - 91a17cbe-1555-4f52-a9ac-e5caa7cc945b@group-61544B673A5F-LeaderElection51 PRE_VOTE round 0: result PASSED (term=0)
2024-11-30 15:01:09,326 [91a17cbe-1555-4f52-a9ac-e5caa7cc945b@group-61544B673A5F-LeaderElection51] INFO  impl.LeaderElection (LeaderElection.java:askForVotes(332)) - 91a17cbe-1555-4f52-a9ac-e5caa7cc945b@group-61544B673A5F-LeaderElection51 ELECTION round 0: submit vote requests at term 1 for conf: {index: -1, cur=peers:[91a17cbe-1555-4f52-a9ac-e5caa7cc945b|127.0.0.1:15207]|listeners:[], old=null}
2024-11-30 15:01:09,326 [91a17cbe-1555-4f52-a9ac-e5caa7cc945b@group-61544B673A5F-LeaderElection51] INFO  impl.LeaderElection (LeaderElection.java:askForVotes(334)) - 91a17cbe-1555-4f52-a9ac-e5caa7cc945b@group-61544B673A5F-LeaderElection51 ELECTION round 0: result PASSED (term=1)
2024-11-30 15:01:09,326 [91a17cbe-1555-4f52-a9ac-e5caa7cc945b@group-61544B673A5F-LeaderElection51] INFO  impl.RoleInfo (RoleInfo.java:shutdownLeaderElection(141)) - 91a17cbe-1555-4f52-a9ac-e5caa7cc945b: shutdown 91a17cbe-1555-4f52-a9ac-e5caa7cc945b@group-61544B673A5F-LeaderElection51
2024-11-30 15:01:09,326 [91a17cbe-1555-4f52-a9ac-e5caa7cc945b@group-61544B673A5F-LeaderElection51] INFO  server.RaftServer$Division (RaftServerImpl.java:setRole(378)) - 91a17cbe-1555-4f52-a9ac-e5caa7cc945b@group-61544B673A5F: changes role from CANDIDATE to LEADER at term 1 for changeToLeader
2024-11-30 15:01:09,326 [91a17cbe-1555-4f52-a9ac-e5caa7cc945b@group-61544B673A5F-LeaderElection51] INFO  server.RaftServerConfigKeys (ConfUtils.java:logGet(46)) - raft.server.staging.catchup.gap = 1000 (default)
2024-11-30 15:01:09,326 [91a17cbe-1555-4f52-a9ac-e5caa7cc945b@group-61544B673A5F-LeaderElection51] INFO  server.RaftServerConfigKeys (ConfUtils.java:logGet(46)) - raft.server.write.element-limit = 1024 (custom)
2024-11-30 15:01:09,326 [91a17cbe-1555-4f52-a9ac-e5caa7cc945b@group-61544B673A5F-LeaderElection51] INFO  server.RaftServerConfigKeys (ConfUtils.java:logGet(46)) - raft.server.write.byte-limit = 1024 M (=1073741824) (custom)
2024-11-30 15:01:09,327 [91a17cbe-1555-4f52-a9ac-e5caa7cc945b@group-61544B673A5F-LeaderElection51] INFO  server.RaftServerConfigKeys (ConfUtils.java:logGet(46)) - raft.server.watch.timeout = 3000ms (custom)
2024-11-30 15:01:09,327 [91a17cbe-1555-4f52-a9ac-e5caa7cc945b@group-61544B673A5F-LeaderElection51] INFO  server.RaftServerConfigKeys (ConfUtils.java:logGet(46)) - raft.server.watch.timeout.denomination = 1s (default)
2024-11-30 15:01:09,327 [91a17cbe-1555-4f52-a9ac-e5caa7cc945b@group-61544B673A5F-LeaderElection51] INFO  server.RaftServerConfigKeys (ConfUtils.java:logGet(46)) - raft.server.watch.element-limit = 65536 (default)
2024-11-30 15:01:09,327 [91a17cbe-1555-4f52-a9ac-e5caa7cc945b@group-61544B673A5F-LeaderElection51] INFO  server.RaftServerConfigKeys (ConfUtils.java:logGet(46)) - raft.server.read.leader.lease.enabled = false (default)
2024-11-30 15:01:09,327 [91a17cbe-1555-4f52-a9ac-e5caa7cc945b@group-61544B673A5F-LeaderElection51] INFO  server.RaftServerConfigKeys (ConfUtils.java:logGet(46)) - raft.server.read.leader.lease.timeout.ratio = 0.9 (default)
2024-11-30 15:01:09,327 [91a17cbe-1555-4f52-a9ac-e5caa7cc945b@group-61544B673A5F-LeaderElection51] INFO  server.RaftServerConfigKeys (ConfUtils.java:logGet(46)) - raft.server.rpc.timeout.min = 5s (custom)
2024-11-30 15:01:09,327 [91a17cbe-1555-4f52-a9ac-e5caa7cc945b@group-61544B673A5F-LeaderElection51] INFO  server.RaftServerConfigKeys (ConfUtils.java:logGet(46)) - raft.server.log.log-metadata.enabled = true (default)
2024-11-30 15:01:09,327 [91a17cbe-1555-4f52-a9ac-e5caa7cc945b@group-61544B673A5F-LeaderElection51] INFO  server.RaftServerConfigKeys (ConfUtils.java:logGet(46)) - raft.server.write.element-limit = 1024 (custom)
2024-11-30 15:01:09,327 [91a17cbe-1555-4f52-a9ac-e5caa7cc945b@group-61544B673A5F-LeaderElection51] INFO  server.RaftServerConfigKeys (ConfUtils.java:logGet(46)) - raft.server.write.follower.gap.ratio.max = -1.0 (default)
2024-11-30 15:01:09,327 [91a17cbe-1555-4f52-a9ac-e5caa7cc945b@group-61544B673A5F-LeaderElection51] INFO  impl.RoleInfo (RoleInfo.java:updateAndGet(148)) - 91a17cbe-1555-4f52-a9ac-e5caa7cc945b: start 91a17cbe-1555-4f52-a9ac-e5caa7cc945b@group-61544B673A5F-LeaderStateImpl
2024-11-30 15:01:09,327 [91a17cbe-1555-4f52-a9ac-e5caa7cc945b@group-61544B673A5F-LeaderElection51] INFO  server.RaftServer$Division (RaftServerImpl.java:setFirstElection(562)) - 91a17cbe-1555-4f52-a9ac-e5caa7cc945b@group-61544B673A5F: set firstElectionSinceStartup to false for becomeLeader
2024-11-30 15:01:09,327 [91a17cbe-1555-4f52-a9ac-e5caa7cc945b@group-61544B673A5F-LeaderElection51] INFO  ratis.XceiverServerRatis (XceiverServerRatis.java:handleLeaderChangedNotification(944)) - Leader change notification received for group: group-61544B673A5F with new leaderId: 91a17cbe-1555-4f52-a9ac-e5caa7cc945b
2024-11-30 15:01:09,328 [91a17cbe-1555-4f52-a9ac-e5caa7cc945b@group-61544B673A5F-LeaderElection51] INFO  server.RaftServer$Division (ServerState.java:setLeader(272)) - 91a17cbe-1555-4f52-a9ac-e5caa7cc945b@group-61544B673A5F: change Leader from null to 91a17cbe-1555-4f52-a9ac-e5caa7cc945b at term 1 for becomeLeader, leader elected after 5165ms
2024-11-30 15:01:09,328 [91a17cbe-1555-4f52-a9ac-e5caa7cc945b@group-61544B673A5F-LeaderElection51] INFO  segmented.SegmentedRaftLogWorker (SegmentedRaftLogWorker.java:startLogSegment(438)) - 91a17cbe-1555-4f52-a9ac-e5caa7cc945b@group-61544B673A5F-SegmentedRaftLogWorker: Starting segment from index:0
2024-11-30 15:01:09,328 [91a17cbe-1555-4f52-a9ac-e5caa7cc945b@group-61544B673A5F-SegmentedRaftLogWorker] INFO  segmented.BufferedWriteChannel (BufferedWriteChannel.java:open(61)) - open log_inprogress_0 at position 0
2024-11-30 15:01:09,334 [91a17cbe-1555-4f52-a9ac-e5caa7cc945b@group-61544B673A5F-LeaderElection51] INFO  server.RaftServer$Division (ServerState.java:setRaftConf(386)) - 91a17cbe-1555-4f52-a9ac-e5caa7cc945b@group-61544B673A5F: set configuration conf: {index: 0, cur=peers:[91a17cbe-1555-4f52-a9ac-e5caa7cc945b|127.0.0.1:15207]|listeners:[], old=null}
2024-11-30 15:01:09,340 [91a17cbe-1555-4f52-a9ac-e5caa7cc945b@group-61544B673A5F-SegmentedRaftLogWorker] INFO  segmented.SegmentedRaftLogWorker (SegmentedRaftLogWorker.java:execute(644)) - 91a17cbe-1555-4f52-a9ac-e5caa7cc945b@group-61544B673A5F-SegmentedRaftLogWorker: created new log segment /home/runner/work/ozone/ozone/hadoop-ozone/integration-test/target/test-dir/MiniOzoneClusterImpl-e985cbf7-8b64-4e7c-b64c-74e6afbb48f1/ozone-meta/datanode-5/ratis/df58faac-ddc2-4fd5-ba26-61544b673a5f/current/log_inprogress_0
2024-11-30 15:01:09,341 [91a17cbe-1555-4f52-a9ac-e5caa7cc945b@group-61544B673A5F-StateMachineUpdater] INFO  server.RaftServer$Division (LeaderStateImpl.java:checkStartIndex(313)) - Leader 91a17cbe-1555-4f52-a9ac-e5caa7cc945b@group-61544B673A5F-LeaderStateImpl is ready since appliedIndex == startIndex == 0
2024-11-30 15:01:09,477 [af7ee296-5066-44e3-a94d-aaeda09020f2-impl-thread3] INFO  segmented.SegmentedRaftLogWorker (SegmentedRaftLogWorker.java:close(252)) - af7ee296-5066-44e3-a94d-aaeda09020f2@group-881FFCB406EE-SegmentedRaftLogWorker close()
2024-11-30 15:01:09,477 [af7ee296-5066-44e3-a94d-aaeda09020f2-impl-thread3] INFO  ratis.ContainerStateMachine (ContainerStateMachine.java:notifyServerShutdown(970)) - group-881FFCB406EE is closed by HddsDatanodeService
2024-11-30 15:01:09,574 [af7ee296-5066-44e3-a94d-aaeda09020f2-impl-thread2] INFO  segmented.SegmentedRaftLogWorker (SegmentedRaftLogWorker.java:close(252)) - af7ee296-5066-44e3-a94d-aaeda09020f2@group-006F4FFF65FD-SegmentedRaftLogWorker close()
2024-11-30 15:01:09,574 [af7ee296-5066-44e3-a94d-aaeda09020f2-impl-thread2] INFO  ratis.ContainerStateMachine (ContainerStateMachine.java:notifyServerShutdown(970)) - group-006F4FFF65FD is closed by HddsDatanodeService
2024-11-30 15:01:09,720 [af7ee296-5066-44e3-a94d-aaeda09020f2-impl-thread1] INFO  segmented.SegmentedRaftLogWorker (SegmentedRaftLogWorker.java:close(252)) - af7ee296-5066-44e3-a94d-aaeda09020f2@group-0733B6903265-SegmentedRaftLogWorker close()
2024-11-30 15:01:09,720 [af7ee296-5066-44e3-a94d-aaeda09020f2-impl-thread1] INFO  ratis.ContainerStateMachine (ContainerStateMachine.java:notifyServerShutdown(970)) - group-0733B6903265 is closed by HddsDatanodeService
2024-11-30 15:01:10,236 [af7ee296-5066-44e3-a94d-aaeda09020f2-impl-thread4] INFO  segmented.SegmentedRaftLogWorker (SegmentedRaftLogWorker.java:close(252)) - af7ee296-5066-44e3-a94d-aaeda09020f2@group-563E99154595-SegmentedRaftLogWorker close()
2024-11-30 15:01:10,237 [af7ee296-5066-44e3-a94d-aaeda09020f2-impl-thread4] INFO  ratis.ContainerStateMachine (ContainerStateMachine.java:notifyServerShutdown(970)) - group-563E99154595 is closed by HddsDatanodeService
2024-11-30 15:01:10,237 [JvmPauseMonitor25] INFO  util.JvmPauseMonitor (JvmPauseMonitor.java:run(152)) - JvmPauseMonitor-af7ee296-5066-44e3-a94d-aaeda09020f2: Stopped
2024-11-30 15:01:12,240 [main] INFO  utils.DatanodeStoreCache (DatanodeStoreCache.java:shutdownCache(116)) - Skip clearing cache in mini cluster mode. Entries left: [/home/runner/work/ozone/ozone/hadoop-ozone/integration-test/target/test-dir/MiniOzoneClusterImpl-e985cbf7-8b64-4e7c-b64c-74e6afbb48f1/ozone-meta/datanode-1/data-0/hdds/e985cbf7-8b64-4e7c-b64c-74e6afbb48f1/DS-00b32262-9e0c-4468-abfb-961f380f6861/container.db, /home/runner/work/ozone/ozone/hadoop-ozone/integration-test/target/test-dir/MiniOzoneClusterImpl-e985cbf7-8b64-4e7c-b64c-74e6afbb48f1/ozone-meta/datanode-2/data-0/hdds/e985cbf7-8b64-4e7c-b64c-74e6afbb48f1/DS-be7845b7-901c-40a1-90eb-1a11f3ea7056/container.db, /home/runner/work/ozone/ozone/hadoop-ozone/integration-test/target/test-dir/MiniOzoneClusterImpl-e985cbf7-8b64-4e7c-b64c-74e6afbb48f1/ozone-meta/datanode-3/data-0/hdds/e985cbf7-8b64-4e7c-b64c-74e6afbb48f1/DS-1226579b-e949-40e6-8919-ec990558def9/container.db, /home/runner/work/ozone/ozone/hadoop-ozone/integration-test/target/test-dir/MiniOzoneClusterImpl-e985cbf7-8b64-4e7c-b64c-74e6afbb48f1/ozone-meta/datanode-4/data-0/hdds/e985cbf7-8b64-4e7c-b64c-74e6afbb48f1/DS-e4b5d502-a1c1-47fe-8e1d-c08edf330884/container.db, /home/runner/work/ozone/ozone/hadoop-ozone/integration-test/target/test-dir/MiniOzoneClusterImpl-e985cbf7-8b64-4e7c-b64c-74e6afbb48f1/ozone-meta/datanode-5/data-0/hdds/e985cbf7-8b64-4e7c-b64c-74e6afbb48f1/DS-9cc604fc-affe-4e90-884a-9d3ed86ab0be/container.db]
2024-11-30 15:01:12,241 [main] INFO  utils.DatanodeStoreCache (DatanodeStoreCache.java:removeDB(110)) - Removed db /home/runner/work/ozone/ozone/hadoop-ozone/integration-test/target/test-dir/MiniOzoneClusterImpl-e985cbf7-8b64-4e7c-b64c-74e6afbb48f1/ozone-meta/datanode-3/data-0/hdds/e985cbf7-8b64-4e7c-b64c-74e6afbb48f1/DS-1226579b-e949-40e6-8919-ec990558def9/container.db from cache
2024-11-30 15:01:12,241 [main] INFO  volume.HddsVolume (HddsVolume.java:closeDbStore(480)) - SchemaV3 db is stopped at /home/runner/work/ozone/ozone/hadoop-ozone/integration-test/target/test-dir/MiniOzoneClusterImpl-e985cbf7-8b64-4e7c-b64c-74e6afbb48f1/ozone-meta/datanode-3/data-0/hdds/e985cbf7-8b64-4e7c-b64c-74e6afbb48f1/DS-1226579b-e949-40e6-8919-ec990558def9/container.db for volume DS-1226579b-e949-40e6-8919-ec990558def9
2024-11-30 15:01:12,242 [main] INFO  utils.BackgroundService (BackgroundService.java:shutdown(163)) - Shutting down service BlockDeletingService
2024-11-30 15:01:12,242 [main] INFO  utils.BackgroundService (BackgroundService.java:shutdown(163)) - Shutting down service StaleRecoveringContainerScrubbingService
2024-11-30 15:01:12,243 [main] INFO  statemachine.DatanodeStateMachine (DatanodeStateMachine.java:stopDaemon(626)) - Ozone container server stopped.
2024-11-30 15:01:12,257 [main] INFO  handler.ContextHandler (ContextHandler.java:doStop(1159)) - Stopped o.e.j.w.WebAppContext@19450d3d{hddsDatanode,/,null,STOPPED}{jar:file:/home/runner/work/ozone/ozone/hadoop-hdds/container-service/target/hdds-container-service-2.0.0-SNAPSHOT.jar!/webapps/hddsDatanode}
2024-11-30 15:01:12,257 [main] INFO  server.AbstractConnector (AbstractConnector.java:doStop(383)) - Stopped ServerConnector@218a2462{HTTP/1.1, (http/1.1)}{0.0.0.0:15186}
2024-11-30 15:01:12,257 [main] INFO  server.session (HouseKeeper.java:stopScavenging(149)) - node0 Stopped scavenging
2024-11-30 15:01:12,258 [main] INFO  handler.ContextHandler (ContextHandler.java:doStop(1159)) - Stopped o.e.j.s.ServletContextHandler@5a70976a{static,/static,jar:file:/home/runner/work/ozone/ozone/hadoop-hdds/container-service/target/hdds-container-service-2.0.0-SNAPSHOT.jar!/webapps/static,STOPPED}
2024-11-30 15:01:12,258 [main] INFO  handler.ContextHandler (ContextHandler.java:doStop(1159)) - Stopped o.e.j.s.ServletContextHandler@1bb68980{logs,/logs,file:///home/runner/work/ozone/ozone/hadoop-ozone/integration-test/target/log,STOPPED}
2024-11-30 15:01:12,260 [main] INFO  ozone.HddsDatanodeClientProtocolServer (HddsDatanodeClientProtocolServer.java:stop(85)) - Stopping the RPC server for Client Protocol
2024-11-30 15:01:12,260 [main] INFO  ipc.Server (Server.java:stop(3697)) - Stopping server on 15187
2024-11-30 15:01:12,261 [IPC Server listener on 15187] INFO  ipc.Server (Server.java:run(1585)) - Stopping IPC Server listener on 15187
2024-11-30 15:01:12,261 [IPC Server Responder] INFO  ipc.Server (Server.java:run(1718)) - Stopping IPC Server Responder
2024-11-30 15:01:12,263 [main] INFO  ozoneimpl.OzoneContainer (OzoneContainer.java:stop(526)) - Attempting to stop container services.
2024-11-30 15:01:12,263 [ContainerMetadataScanner] WARN  ozoneimpl.AbstractBackgroundContainerScanner (AbstractBackgroundContainerScanner.java:handleRemainingSleep(134)) - Background container scan was interrupted.
2024-11-30 15:01:12,263 [ContainerMetadataScanner] INFO  ozoneimpl.AbstractBackgroundContainerScanner (AbstractBackgroundContainerScanner.java:run(61)) - Thread[ContainerMetadataScanner,5,main] exiting.
2024-11-30 15:01:12,263 [main] INFO  ozoneimpl.BackgroundContainerDataScanner (BackgroundContainerDataScanner.java:shutdown(142)) - ContainerDataScanner(/home/runner/work/ozone/ozone/hadoop-ozone/integration-test/target/test-dir/MiniOzoneClusterImpl-e985cbf7-8b64-4e7c-b64c-74e6afbb48f1/ozone-meta/datanode-2/data-0/hdds) is shutting down. 
2024-11-30 15:01:12,264 [ContainerDataScanner(/home/runner/work/ozone/ozone/hadoop-ozone/integration-test/target/test-dir/MiniOzoneClusterImpl-e985cbf7-8b64-4e7c-b64c-74e6afbb48f1/ozone-meta/datanode-2/data-0/hdds)] WARN  ozoneimpl.AbstractBackgroundContainerScanner (AbstractBackgroundContainerScanner.java:handleRemainingSleep(134)) - Background container scan was interrupted.
2024-11-30 15:01:12,264 [ContainerDataScanner(/home/runner/work/ozone/ozone/hadoop-ozone/integration-test/target/test-dir/MiniOzoneClusterImpl-e985cbf7-8b64-4e7c-b64c-74e6afbb48f1/ozone-meta/datanode-2/data-0/hdds)] INFO  ozoneimpl.AbstractBackgroundContainerScanner (AbstractBackgroundContainerScanner.java:run(61)) - ContainerDataScanner(/home/runner/work/ozone/ozone/hadoop-ozone/integration-test/target/test-dir/MiniOzoneClusterImpl-e985cbf7-8b64-4e7c-b64c-74e6afbb48f1/ozone-meta/datanode-2/data-0/hdds, DS-be7845b7-901c-40a1-90eb-1a11f3ea7056) exiting.
2024-11-30 15:01:12,264 [main] INFO  ratis.XceiverServerRatis (XceiverServerRatis.java:stop(596)) - Closing XceiverServerRatis(d57daabc-8d0b-4ea3-831e-cde13ca8d1d7)
2024-11-30 15:01:12,264 [main] INFO  server.RaftServer (RaftServerProxy.java:lambda$close$9(417)) - d57daabc-8d0b-4ea3-831e-cde13ca8d1d7: close
2024-11-30 15:01:12,264 [d57daabc-8d0b-4ea3-831e-cde13ca8d1d7-impl-thread1] INFO  server.RaftServer$Division (RaftServerImpl.java:lambda$close$1(513)) - d57daabc-8d0b-4ea3-831e-cde13ca8d1d7@group-006F4FFF65FD: shutdown
2024-11-30 15:01:12,265 [d57daabc-8d0b-4ea3-831e-cde13ca8d1d7-impl-thread1] INFO  util.JmxRegister (JmxRegister.java:unregister(74)) - Successfully un-registered JMX Bean with object name Ratis:service=RaftServer,group=group-006F4FFF65FD,id=d57daabc-8d0b-4ea3-831e-cde13ca8d1d7
2024-11-30 15:01:12,265 [d57daabc-8d0b-4ea3-831e-cde13ca8d1d7-impl-thread1] INFO  impl.RoleInfo (RoleInfo.java:shutdownFollowerState(121)) - d57daabc-8d0b-4ea3-831e-cde13ca8d1d7: shutdown d57daabc-8d0b-4ea3-831e-cde13ca8d1d7@group-006F4FFF65FD-FollowerState
2024-11-30 15:01:12,265 [d57daabc-8d0b-4ea3-831e-cde13ca8d1d7-impl-thread1] INFO  impl.StateMachineUpdater (StateMachineUpdater.java:stopAndJoin(164)) - d57daabc-8d0b-4ea3-831e-cde13ca8d1d7@group-006F4FFF65FD-StateMachineUpdater: set stopIndex = -1
2024-11-30 15:01:12,265 [d57daabc-8d0b-4ea3-831e-cde13ca8d1d7@group-006F4FFF65FD-FollowerState] INFO  impl.FollowerState (FollowerState.java:runImpl(170)) - d57daabc-8d0b-4ea3-831e-cde13ca8d1d7@group-006F4FFF65FD-FollowerState was interrupted
2024-11-30 15:01:12,265 [d57daabc-8d0b-4ea3-831e-cde13ca8d1d7@group-006F4FFF65FD-StateMachineUpdater] INFO  impl.StateMachineUpdater (StateMachineUpdater.java:stop(141)) - d57daabc-8d0b-4ea3-831e-cde13ca8d1d7@group-006F4FFF65FD-StateMachineUpdater: closing ContainerStateMachine, lastApplied=(t:0, i:~)
2024-11-30 15:01:12,265 [d57daabc-8d0b-4ea3-831e-cde13ca8d1d7-impl-thread3] INFO  server.RaftServer$Division (RaftServerImpl.java:lambda$close$1(513)) - d57daabc-8d0b-4ea3-831e-cde13ca8d1d7@group-881FFCB406EE: shutdown
2024-11-30 15:01:12,265 [d57daabc-8d0b-4ea3-831e-cde13ca8d1d7@group-006F4FFF65FD-cacheEviction-AwaitToRun] INFO  util.AwaitToRun (AwaitToRun.java:run(49)) - d57daabc-8d0b-4ea3-831e-cde13ca8d1d7@group-006F4FFF65FD-cacheEviction-AwaitToRun-AwaitForSignal is interrupted
2024-11-30 15:01:12,265 [main] INFO  server.GrpcService (GrpcService.java:closeImpl(343)) - d57daabc-8d0b-4ea3-831e-cde13ca8d1d7: shutdown server GrpcServerProtocolService now
2024-11-30 15:01:12,265 [d57daabc-8d0b-4ea3-831e-cde13ca8d1d7-impl-thread2] INFO  server.RaftServer$Division (RaftServerImpl.java:lambda$close$1(513)) - d57daabc-8d0b-4ea3-831e-cde13ca8d1d7@group-E05DB5954E57: shutdown
2024-11-30 15:01:12,266 [d57daabc-8d0b-4ea3-831e-cde13ca8d1d7-impl-thread2] INFO  util.JmxRegister (JmxRegister.java:unregister(74)) - Successfully un-registered JMX Bean with object name Ratis:service=RaftServer,group=group-E05DB5954E57,id=d57daabc-8d0b-4ea3-831e-cde13ca8d1d7
2024-11-30 15:01:12,266 [d57daabc-8d0b-4ea3-831e-cde13ca8d1d7-impl-thread2] INFO  impl.RoleInfo (RoleInfo.java:shutdownLeaderState(103)) - d57daabc-8d0b-4ea3-831e-cde13ca8d1d7: shutdown d57daabc-8d0b-4ea3-831e-cde13ca8d1d7@group-E05DB5954E57-LeaderStateImpl
2024-11-30 15:01:12,266 [d57daabc-8d0b-4ea3-831e-cde13ca8d1d7-impl-thread2] INFO  impl.PendingRequests (PendingRequests.java:sendNotLeaderResponses(287)) - d57daabc-8d0b-4ea3-831e-cde13ca8d1d7@group-E05DB5954E57-PendingRequests: sendNotLeaderResponses
2024-11-30 15:01:12,266 [grpc-default-executor-0] WARN  server.GrpcServerProtocolService (LogUtils.java:warn(121)) - d57daabc-8d0b-4ea3-831e-cde13ca8d1d7: APPEND_ENTRIES onError, lastRequest: 719b1c3f-249c-457a-8743-b06328301a87->d57daabc-8d0b-4ea3-831e-cde13ca8d1d7#21-t1,previous=(t:1, i:14),leaderCommit=13,initializing? false,entries: size=1, first=(t:1, i:15), METADATAENTRY(c:13): org.apache.ratis.thirdparty.io.grpc.StatusRuntimeException: CANCELLED: client cancelled
2024-11-30 15:01:12,266 [grpc-default-executor-1] WARN  server.GrpcLogAppender (LogUtils.java:warn(121)) - 719b1c3f-249c-457a-8743-b06328301a87@group-563E99154595->d57daabc-8d0b-4ea3-831e-cde13ca8d1d7-AppendLogResponseHandler: Failed appendEntries: org.apache.ratis.thirdparty.io.grpc.StatusRuntimeException: CANCELLED: RST_STREAM closed stream. HTTP/2 error code: CANCEL
2024-11-30 15:01:12,266 [grpc-default-executor-1] WARN  server.GrpcLogAppender (GrpcLogAppender.java:lambda$resetClient$1(221)) - 719b1c3f-249c-457a-8743-b06328301a87@group-563E99154595->d57daabc-8d0b-4ea3-831e-cde13ca8d1d7-GrpcLogAppender: Follower failed (request=null, errorCount=1); keep nextIndex (16) unchanged and retry.
2024-11-30 15:01:12,265 [d57daabc-8d0b-4ea3-831e-cde13ca8d1d7-impl-thread4] INFO  server.RaftServer$Division (RaftServerImpl.java:lambda$close$1(513)) - d57daabc-8d0b-4ea3-831e-cde13ca8d1d7@group-563E99154595: shutdown
2024-11-30 15:01:12,265 [d57daabc-8d0b-4ea3-831e-cde13ca8d1d7-impl-thread3] INFO  util.JmxRegister (JmxRegister.java:unregister(74)) - Successfully un-registered JMX Bean with object name Ratis:service=RaftServer,group=group-881FFCB406EE,id=d57daabc-8d0b-4ea3-831e-cde13ca8d1d7
2024-11-30 15:01:12,267 [d57daabc-8d0b-4ea3-831e-cde13ca8d1d7-impl-thread3] INFO  impl.RoleInfo (RoleInfo.java:shutdownLeaderState(103)) - d57daabc-8d0b-4ea3-831e-cde13ca8d1d7: shutdown d57daabc-8d0b-4ea3-831e-cde13ca8d1d7@group-881FFCB406EE-LeaderStateImpl
2024-11-30 15:01:12,267 [d57daabc-8d0b-4ea3-831e-cde13ca8d1d7@group-881FFCB406EE->719b1c3f-249c-457a-8743-b06328301a87-GrpcLogAppender-LogAppenderDaemon] WARN  server.GrpcLogAppender (GrpcLogAppender.java:mayWait(293)) - d57daabc-8d0b-4ea3-831e-cde13ca8d1d7@group-881FFCB406EE->719b1c3f-249c-457a-8743-b06328301a87-GrpcLogAppender: Wait interrupted by java.lang.InterruptedException
2024-11-30 15:01:12,267 [d57daabc-8d0b-4ea3-831e-cde13ca8d1d7-impl-thread3] INFO  impl.PendingRequests (PendingRequests.java:sendNotLeaderResponses(287)) - d57daabc-8d0b-4ea3-831e-cde13ca8d1d7@group-881FFCB406EE-PendingRequests: sendNotLeaderResponses
2024-11-30 15:01:12,268 [Thread-3929] INFO  server.GrpcServerProtocolClient (GrpcServerProtocolClient.java:close(105)) - af7ee296-5066-44e3-a94d-aaeda09020f2 Close channels
2024-11-30 15:01:12,268 [grpc-default-executor-1] INFO  server.GrpcServerProtocolService (GrpcServerProtocolService.java:onCompleted(157)) - 719b1c3f-249c-457a-8743-b06328301a87: Completed APPEND_ENTRIES, lastRequest: d57daabc-8d0b-4ea3-831e-cde13ca8d1d7->719b1c3f-249c-457a-8743-b06328301a87#1-t1,previous=(t:0, i:0),leaderCommit=-1,initializing? false,entries: size=1, first=(t:1, i:0), CONFIGURATIONENTRY(current:id:"719b1c3f-249c-457a-8743-b06328301a87"address:"127.0.0.1:15171"dataStreamAddress:"127.0.0.1:15174"clientAddress:"127.0.0.1:15171"adminAddress:"127.0.0.1:15171"startupRole:FOLLOWER, id:"af7ee296-5066-44e3-a94d-aaeda09020f2"address:"127.0.0.1:15189"dataStreamAddress:"127.0.0.1:15192"clientAddress:"127.0.0.1:15189"adminAddress:"127.0.0.1:15189"startupRole:FOLLOWER, id:"d57daabc-8d0b-4ea3-831e-cde13ca8d1d7"address:"127.0.0.1:15180"priority:1dataStreamAddress:"127.0.0.1:15183"clientAddress:"127.0.0.1:15180"adminAddress:"127.0.0.1:15180"startupRole:FOLLOWER, old:)
2024-11-30 15:01:12,267 [d57daabc-8d0b-4ea3-831e-cde13ca8d1d7-impl-thread2] INFO  impl.StateMachineUpdater (StateMachineUpdater.java:stopAndJoin(164)) - d57daabc-8d0b-4ea3-831e-cde13ca8d1d7@group-E05DB5954E57-StateMachineUpdater: set stopIndex = 0
2024-11-30 15:01:12,266 [grpc-default-executor-0] WARN  server.GrpcServerProtocolService (LogUtils.java:warn(121)) - d57daabc-8d0b-4ea3-831e-cde13ca8d1d7: APPEND_ENTRIES onError, lastRequest: null: org.apache.ratis.thirdparty.io.grpc.StatusRuntimeException: CANCELLED: client cancelled
2024-11-30 15:01:12,268 [d57daabc-8d0b-4ea3-831e-cde13ca8d1d7-impl-thread4] INFO  util.JmxRegister (JmxRegister.java:unregister(74)) - Successfully un-registered JMX Bean with object name Ratis:service=RaftServer,group=group-563E99154595,id=d57daabc-8d0b-4ea3-831e-cde13ca8d1d7
2024-11-30 15:01:12,268 [d57daabc-8d0b-4ea3-831e-cde13ca8d1d7-impl-thread4] INFO  impl.RoleInfo (RoleInfo.java:shutdownFollowerState(121)) - d57daabc-8d0b-4ea3-831e-cde13ca8d1d7: shutdown d57daabc-8d0b-4ea3-831e-cde13ca8d1d7@group-563E99154595-FollowerState
2024-11-30 15:01:12,268 [d57daabc-8d0b-4ea3-831e-cde13ca8d1d7-impl-thread4] INFO  impl.StateMachineUpdater (StateMachineUpdater.java:stopAndJoin(164)) - d57daabc-8d0b-4ea3-831e-cde13ca8d1d7@group-563E99154595-StateMachineUpdater: set stopIndex = 15
2024-11-30 15:01:12,268 [grpc-default-executor-1] INFO  server.GrpcServerProtocolService (GrpcServerProtocolService.java:lambda$onCompleted$5(159)) - 719b1c3f-249c-457a-8743-b06328301a87: Completed APPEND_ENTRIES, lastReply: null
2024-11-30 15:01:12,267 [d57daabc-8d0b-4ea3-831e-cde13ca8d1d7@group-881FFCB406EE->af7ee296-5066-44e3-a94d-aaeda09020f2-GrpcLogAppender-LogAppenderDaemon] WARN  server.GrpcLogAppender (GrpcLogAppender.java:mayWait(293)) - d57daabc-8d0b-4ea3-831e-cde13ca8d1d7@group-881FFCB406EE->af7ee296-5066-44e3-a94d-aaeda09020f2-GrpcLogAppender: Wait interrupted by java.lang.InterruptedException
2024-11-30 15:01:12,267 [Thread-3928] INFO  server.GrpcServerProtocolClient (GrpcServerProtocolClient.java:close(105)) - 719b1c3f-249c-457a-8743-b06328301a87 Close channels
2024-11-30 15:01:12,267 [d57daabc-8d0b-4ea3-831e-cde13ca8d1d7@group-E05DB5954E57-StateMachineUpdater] INFO  ratis.ContainerStateMachine (ContainerStateMachine.java:takeSnapshot(378)) - group-E05DB5954E57: Taking a snapshot at:(t:1, i:0) file /home/runner/work/ozone/ozone/hadoop-ozone/integration-test/target/test-dir/MiniOzoneClusterImpl-e985cbf7-8b64-4e7c-b64c-74e6afbb48f1/ozone-meta/datanode-2/ratis/08b1ff62-7daa-4c81-a90d-e05db5954e57/sm/snapshot.1_0
2024-11-30 15:01:12,269 [d57daabc-8d0b-4ea3-831e-cde13ca8d1d7@group-881FFCB406EE-StateMachineUpdater] INFO  ratis.ContainerStateMachine (ContainerStateMachine.java:takeSnapshot(378)) - group-881FFCB406EE: Taking a snapshot at:(t:1, i:0) file /home/runner/work/ozone/ozone/hadoop-ozone/integration-test/target/test-dir/MiniOzoneClusterImpl-e985cbf7-8b64-4e7c-b64c-74e6afbb48f1/ozone-meta/datanode-2/ratis/8cbe2343-485f-4a35-b27e-881ffcb406ee/sm/snapshot.1_0
2024-11-30 15:01:12,268 [d57daabc-8d0b-4ea3-831e-cde13ca8d1d7@group-563E99154595-StateMachineUpdater] INFO  ratis.ContainerStateMachine (ContainerStateMachine.java:takeSnapshot(378)) - group-563E99154595: Taking a snapshot at:(t:1, i:15) file /home/runner/work/ozone/ozone/hadoop-ozone/integration-test/target/test-dir/MiniOzoneClusterImpl-e985cbf7-8b64-4e7c-b64c-74e6afbb48f1/ozone-meta/datanode-2/ratis/30e54b79-c26a-4b32-b794-563e99154595/sm/snapshot.1_15
2024-11-30 15:01:12,269 [d57daabc-8d0b-4ea3-831e-cde13ca8d1d7-impl-thread3] INFO  impl.StateMachineUpdater (StateMachineUpdater.java:stopAndJoin(164)) - d57daabc-8d0b-4ea3-831e-cde13ca8d1d7@group-881FFCB406EE-StateMachineUpdater: set stopIndex = 0
2024-11-30 15:01:12,269 [grpc-default-executor-4] INFO  server.GrpcLogAppender (GrpcLogAppender.java:onCompleted(550)) - d57daabc-8d0b-4ea3-831e-cde13ca8d1d7@group-881FFCB406EE->719b1c3f-249c-457a-8743-b06328301a87-AppendLogResponseHandler: follower responses appendEntries COMPLETED
2024-11-30 15:01:12,268 [d57daabc-8d0b-4ea3-831e-cde13ca8d1d7@group-563E99154595-FollowerState] INFO  impl.FollowerState (FollowerState.java:runImpl(170)) - d57daabc-8d0b-4ea3-831e-cde13ca8d1d7@group-563E99154595-FollowerState was interrupted
2024-11-30 15:01:12,268 [grpc-default-executor-0] INFO  server.GrpcServerProtocolService (GrpcServerProtocolService.java:onCompleted(157)) - 719b1c3f-249c-457a-8743-b06328301a87: Completed APPEND_ENTRIES, lastRequest: null
2024-11-30 15:01:12,270 [d57daabc-8d0b-4ea3-831e-cde13ca8d1d7@group-881FFCB406EE-StateMachineUpdater] INFO  ratis.ContainerStateMachine (ContainerStateMachine.java:takeSnapshot(389)) - group-881FFCB406EE: Finished taking a snapshot at:(t:1, i:0) file:/home/runner/work/ozone/ozone/hadoop-ozone/integration-test/target/test-dir/MiniOzoneClusterImpl-e985cbf7-8b64-4e7c-b64c-74e6afbb48f1/ozone-meta/datanode-2/ratis/8cbe2343-485f-4a35-b27e-881ffcb406ee/sm/snapshot.1_0 took: 1 ms
2024-11-30 15:01:12,270 [d57daabc-8d0b-4ea3-831e-cde13ca8d1d7@group-881FFCB406EE-StateMachineUpdater] INFO  impl.StateMachineUpdater (StateMachineUpdater.java:takeSnapshot(303)) - d57daabc-8d0b-4ea3-831e-cde13ca8d1d7@group-881FFCB406EE-StateMachineUpdater: Took a snapshot at index 0
2024-11-30 15:01:12,270 [d57daabc-8d0b-4ea3-831e-cde13ca8d1d7@group-881FFCB406EE-StateMachineUpdater] INFO  impl.StateMachineUpdater (StateMachineUpdater.java:lambda$new$0(102)) - d57daabc-8d0b-4ea3-831e-cde13ca8d1d7@group-881FFCB406EE-StateMachineUpdater: snapshotIndex: updateIncreasingly -1 -> 0
2024-11-30 15:01:12,270 [d57daabc-8d0b-4ea3-831e-cde13ca8d1d7@group-881FFCB406EE-StateMachineUpdater] INFO  impl.StateMachineUpdater (StateMachineUpdater.java:stop(141)) - d57daabc-8d0b-4ea3-831e-cde13ca8d1d7@group-881FFCB406EE-StateMachineUpdater: closing ContainerStateMachine, lastApplied=(t:1, i:0)
2024-11-30 15:01:12,271 [grpc-default-executor-0] INFO  server.GrpcServerProtocolService (GrpcServerProtocolService.java:lambda$onCompleted$5(159)) - 719b1c3f-249c-457a-8743-b06328301a87: Completed APPEND_ENTRIES, lastReply: serverReply {
  requestorId: "d57daabc-8d0b-4ea3-831e-cde13ca8d1d7"
  replyId: "719b1c3f-249c-457a-8743-b06328301a87"
  raftGroupId {
    id: "\214\276#CH_J5\262~\210\037\374\264\006\356"
  }
  callId: 3
  success: true
}
term: 1
nextIndex: 1
matchIndex: 18446744073709551615
isHearbeat: true

2024-11-30 15:01:12,271 [d57daabc-8d0b-4ea3-831e-cde13ca8d1d7@group-E05DB5954E57-StateMachineUpdater] INFO  ratis.ContainerStateMachine (ContainerStateMachine.java:takeSnapshot(389)) - group-E05DB5954E57: Finished taking a snapshot at:(t:1, i:0) file:/home/runner/work/ozone/ozone/hadoop-ozone/integration-test/target/test-dir/MiniOzoneClusterImpl-e985cbf7-8b64-4e7c-b64c-74e6afbb48f1/ozone-meta/datanode-2/ratis/08b1ff62-7daa-4c81-a90d-e05db5954e57/sm/snapshot.1_0 took: 4 ms
2024-11-30 15:01:12,271 [d57daabc-8d0b-4ea3-831e-cde13ca8d1d7@group-E05DB5954E57-StateMachineUpdater] INFO  impl.StateMachineUpdater (StateMachineUpdater.java:takeSnapshot(303)) - d57daabc-8d0b-4ea3-831e-cde13ca8d1d7@group-E05DB5954E57-StateMachineUpdater: Took a snapshot at index 0
2024-11-30 15:01:12,271 [d57daabc-8d0b-4ea3-831e-cde13ca8d1d7@group-E05DB5954E57-StateMachineUpdater] INFO  impl.StateMachineUpdater (StateMachineUpdater.java:lambda$new$0(102)) - d57daabc-8d0b-4ea3-831e-cde13ca8d1d7@group-E05DB5954E57-StateMachineUpdater: snapshotIndex: updateIncreasingly -1 -> 0
2024-11-30 15:01:12,271 [d57daabc-8d0b-4ea3-831e-cde13ca8d1d7@group-563E99154595-StateMachineUpdater] INFO  ratis.ContainerStateMachine (ContainerStateMachine.java:takeSnapshot(389)) - group-563E99154595: Finished taking a snapshot at:(t:1, i:15) file:/home/runner/work/ozone/ozone/hadoop-ozone/integration-test/target/test-dir/MiniOzoneClusterImpl-e985cbf7-8b64-4e7c-b64c-74e6afbb48f1/ozone-meta/datanode-2/ratis/30e54b79-c26a-4b32-b794-563e99154595/sm/snapshot.1_15 took: 3 ms
2024-11-30 15:01:12,271 [d57daabc-8d0b-4ea3-831e-cde13ca8d1d7@group-563E99154595-StateMachineUpdater] INFO  impl.StateMachineUpdater (StateMachineUpdater.java:takeSnapshot(303)) - d57daabc-8d0b-4ea3-831e-cde13ca8d1d7@group-563E99154595-StateMachineUpdater: Took a snapshot at index 15
2024-11-30 15:01:12,271 [d57daabc-8d0b-4ea3-831e-cde13ca8d1d7@group-563E99154595-StateMachineUpdater] INFO  impl.StateMachineUpdater (StateMachineUpdater.java:lambda$new$0(102)) - d57daabc-8d0b-4ea3-831e-cde13ca8d1d7@group-563E99154595-StateMachineUpdater: snapshotIndex: updateIncreasingly -1 -> 15
2024-11-30 15:01:12,271 [grpc-default-executor-1] INFO  server.GrpcLogAppender (GrpcLogAppender.java:onCompleted(550)) - d57daabc-8d0b-4ea3-831e-cde13ca8d1d7@group-881FFCB406EE->719b1c3f-249c-457a-8743-b06328301a87-AppendLogResponseHandler: follower responses appendEntries COMPLETED
2024-11-30 15:01:12,271 [grpc-default-executor-1] WARN  server.GrpcLogAppender (GrpcLogAppender.java:resetClient(230)) - d57daabc-8d0b-4ea3-831e-cde13ca8d1d7@group-881FFCB406EE->719b1c3f-249c-457a-8743-b06328301a87-GrpcLogAppender: Failed to getClient for 719b1c3f-249c-457a-8743-b06328301a87
org.apache.ratis.protocol.exceptions.AlreadyClosedException: d57daabc-8d0b-4ea3-831e-cde13ca8d1d7 is already CLOSED
	at org.apache.ratis.util.PeerProxyMap$PeerAndProxy.getProxy(PeerProxyMap.java:67)
	at org.apache.ratis.util.PeerProxyMap.getProxy(PeerProxyMap.java:124)
	at org.apache.ratis.grpc.server.GrpcLogAppender.getClient(GrpcLogAppender.java:200)
	at org.apache.ratis.grpc.server.GrpcLogAppender.resetClient(GrpcLogAppender.java:205)
	at org.apache.ratis.grpc.server.GrpcLogAppender.access$800(GrpcLogAppender.java:64)
	at org.apache.ratis.grpc.server.GrpcLogAppender$AppendLogResponseHandler.onCompleted(GrpcLogAppender.java:551)
	at org.apache.ratis.thirdparty.io.grpc.stub.ClientCalls$StreamObserverToCallListenerAdapter.onClose(ClientCalls.java:479)
	at org.apache.ratis.thirdparty.io.grpc.internal.DelayedClientCall$DelayedListener$3.run(DelayedClientCall.java:489)
	at org.apache.ratis.thirdparty.io.grpc.internal.DelayedClientCall$DelayedListener.delayOrExecute(DelayedClientCall.java:453)
	at org.apache.ratis.thirdparty.io.grpc.internal.DelayedClientCall$DelayedListener.onClose(DelayedClientCall.java:486)
	at org.apache.ratis.thirdparty.io.grpc.internal.ClientCallImpl.closeObserver(ClientCallImpl.java:567)
	at org.apache.ratis.thirdparty.io.grpc.internal.ClientCallImpl.access$300(ClientCallImpl.java:71)
	at org.apache.ratis.thirdparty.io.grpc.internal.ClientCallImpl$ClientStreamListenerImpl$1StreamClosed.runInternal(ClientCallImpl.java:735)
	at org.apache.ratis.thirdparty.io.grpc.internal.ClientCallImpl$ClientStreamListenerImpl$1StreamClosed.runInContext(ClientCallImpl.java:716)
	at org.apache.ratis.thirdparty.io.grpc.internal.ContextRunnable.run(ContextRunnable.java:37)
	at org.apache.ratis.thirdparty.io.grpc.internal.SerializingExecutor.run(SerializingExecutor.java:133)
	at java.base/java.util.concurrent.ThreadPoolExecutor.runWorker(ThreadPoolExecutor.java:1136)
	at java.base/java.util.concurrent.ThreadPoolExecutor$Worker.run(ThreadPoolExecutor.java:635)
	at java.base/java.lang.Thread.run(Thread.java:840)
2024-11-30 15:01:12,269 [grpc-default-executor-4] WARN  server.GrpcLogAppender (GrpcLogAppender.java:resetClient(230)) - d57daabc-8d0b-4ea3-831e-cde13ca8d1d7@group-881FFCB406EE->719b1c3f-249c-457a-8743-b06328301a87-GrpcLogAppender: Failed to getClient for 719b1c3f-249c-457a-8743-b06328301a87
org.apache.ratis.protocol.exceptions.AlreadyClosedException: d57daabc-8d0b-4ea3-831e-cde13ca8d1d7 is already CLOSED
	at org.apache.ratis.util.PeerProxyMap$PeerAndProxy.getProxy(PeerProxyMap.java:67)
	at org.apache.ratis.util.PeerProxyMap.getProxy(PeerProxyMap.java:124)
	at org.apache.ratis.grpc.server.GrpcLogAppender.getClient(GrpcLogAppender.java:200)
	at org.apache.ratis.grpc.server.GrpcLogAppender.resetClient(GrpcLogAppender.java:205)
	at org.apache.ratis.grpc.server.GrpcLogAppender.access$800(GrpcLogAppender.java:64)
	at org.apache.ratis.grpc.server.GrpcLogAppender$AppendLogResponseHandler.onCompleted(GrpcLogAppender.java:551)
	at org.apache.ratis.thirdparty.io.grpc.stub.ClientCalls$StreamObserverToCallListenerAdapter.onClose(ClientCalls.java:479)
	at org.apache.ratis.thirdparty.io.grpc.internal.ClientCallImpl.closeObserver(ClientCallImpl.java:567)
	at org.apache.ratis.thirdparty.io.grpc.internal.ClientCallImpl.access$300(ClientCallImpl.java:71)
	at org.apache.ratis.thirdparty.io.grpc.internal.ClientCallImpl$ClientStreamListenerImpl$1StreamClosed.runInternal(ClientCallImpl.java:735)
	at org.apache.ratis.thirdparty.io.grpc.internal.ClientCallImpl$ClientStreamListenerImpl$1StreamClosed.runInContext(ClientCallImpl.java:716)
	at org.apache.ratis.thirdparty.io.grpc.internal.ContextRunnable.run(ContextRunnable.java:37)
	at org.apache.ratis.thirdparty.io.grpc.internal.SerializingExecutor.run(SerializingExecutor.java:133)
	at java.base/java.util.concurrent.ThreadPoolExecutor.runWorker(ThreadPoolExecutor.java:1136)
	at java.base/java.util.concurrent.ThreadPoolExecutor$Worker.run(ThreadPoolExecutor.java:635)
	at java.base/java.lang.Thread.run(Thread.java:840)
2024-11-30 15:01:12,271 [d57daabc-8d0b-4ea3-831e-cde13ca8d1d7@group-563E99154595-StateMachineUpdater] INFO  impl.StateMachineUpdater (StateMachineUpdater.java:stop(141)) - d57daabc-8d0b-4ea3-831e-cde13ca8d1d7@group-563E99154595-StateMachineUpdater: closing ContainerStateMachine, lastApplied=(t:1, i:15)
2024-11-30 15:01:12,271 [d57daabc-8d0b-4ea3-831e-cde13ca8d1d7@group-E05DB5954E57-StateMachineUpdater] INFO  impl.StateMachineUpdater (StateMachineUpdater.java:stop(141)) - d57daabc-8d0b-4ea3-831e-cde13ca8d1d7@group-E05DB5954E57-StateMachineUpdater: closing ContainerStateMachine, lastApplied=(t:1, i:0)
2024-11-30 15:01:12,271 [d57daabc-8d0b-4ea3-831e-cde13ca8d1d7@group-881FFCB406EE-cacheEviction-AwaitToRun] INFO  util.AwaitToRun (AwaitToRun.java:run(49)) - d57daabc-8d0b-4ea3-831e-cde13ca8d1d7@group-881FFCB406EE-cacheEviction-AwaitToRun-AwaitForSignal is interrupted
2024-11-30 15:01:12,272 [d57daabc-8d0b-4ea3-831e-cde13ca8d1d7@group-E05DB5954E57-cacheEviction-AwaitToRun] INFO  util.AwaitToRun (AwaitToRun.java:run(49)) - d57daabc-8d0b-4ea3-831e-cde13ca8d1d7@group-E05DB5954E57-cacheEviction-AwaitToRun-AwaitForSignal is interrupted
2024-11-30 15:01:12,272 [main] INFO  server.GrpcService (GrpcService.java:closeImpl(352)) - d57daabc-8d0b-4ea3-831e-cde13ca8d1d7: shutdown server GrpcServerProtocolService successfully
2024-11-30 15:01:12,276 [d57daabc-8d0b-4ea3-831e-cde13ca8d1d7@group-563E99154595-cacheEviction-AwaitToRun] INFO  util.AwaitToRun (AwaitToRun.java:run(49)) - d57daabc-8d0b-4ea3-831e-cde13ca8d1d7@group-563E99154595-cacheEviction-AwaitToRun-AwaitForSignal is interrupted
2024-11-30 15:01:12,277 [d57daabc-8d0b-4ea3-831e-cde13ca8d1d7-NettyServerStreamRpc-bossGroup--thread1] INFO  logging.LoggingHandler (AbstractInternalLogger.java:log(148)) - [id: 0xa328932b, L:/0.0.0.0:15183] CLOSE
2024-11-30 15:01:12,277 [d57daabc-8d0b-4ea3-831e-cde13ca8d1d7-NettyServerStreamRpc-bossGroup--thread1] INFO  logging.LoggingHandler (AbstractInternalLogger.java:log(148)) - [id: 0xa328932b, L:/0.0.0.0:15183] INACTIVE
2024-11-30 15:01:12,277 [d57daabc-8d0b-4ea3-831e-cde13ca8d1d7-NettyServerStreamRpc-bossGroup--thread1] INFO  logging.LoggingHandler (AbstractInternalLogger.java:log(148)) - [id: 0xa328932b, L:/0.0.0.0:15183] UNREGISTERED
2024-11-30 15:01:12,302 [EventQueue-StaleNodeForStaleNodeHandler] INFO  node.StaleNodeHandler (StaleNodeHandler.java:onMessage(57)) - Datanode af7ee296-5066-44e3-a94d-aaeda09020f2(localhost/127.0.0.1) moved to stale state. Finalizing its pipelines [PipelineID=c8c63d18-dbd2-4844-8eae-0733b6903265, PipelineID=6fa0cb32-10f3-4162-b9fa-006f4fff65fd, PipelineID=8cbe2343-485f-4a35-b27e-881ffcb406ee, PipelineID=30e54b79-c26a-4b32-b794-563e99154595]
2024-11-30 15:01:12,303 [EventQueue-StaleNodeForStaleNodeHandler] INFO  pipeline.PipelineManagerImpl (PipelineManagerImpl.java:closePipeline(518)) - Pipeline PipelineID=c8c63d18-dbd2-4844-8eae-0733b6903265 moved to CLOSED state
2024-11-30 15:01:12,303 [EventQueue-StaleNodeForStaleNodeHandler] INFO  pipeline.PipelineManagerImpl (PipelineManagerImpl.java:closePipeline(518)) - Pipeline PipelineID=6fa0cb32-10f3-4162-b9fa-006f4fff65fd moved to CLOSED state
2024-11-30 15:01:12,303 [EventQueue-StaleNodeForStaleNodeHandler] INFO  pipeline.PipelineManagerImpl (PipelineManagerImpl.java:closePipeline(518)) - Pipeline PipelineID=8cbe2343-485f-4a35-b27e-881ffcb406ee moved to CLOSED state
2024-11-30 15:01:12,304 [EventQueue-StaleNodeForStaleNodeHandler] INFO  pipeline.PipelineManagerImpl (PipelineManagerImpl.java:closeContainersForPipeline(484)) - Container #1 closed for pipeline=PipelineID=30e54b79-c26a-4b32-b794-563e99154595
2024-11-30 15:01:12,304 [EventQueue-CloseContainerForCloseContainerEventHandler] INFO  container.CloseContainerEventHandler (CloseContainerEventHandler.java:onMessage(88)) - Close container Event triggered for container : #1, current state: CLOSING
2024-11-30 15:01:12,304 [EventQueue-StaleNodeForStaleNodeHandler] INFO  pipeline.PipelineManagerImpl (PipelineManagerImpl.java:closePipeline(518)) - Pipeline PipelineID=30e54b79-c26a-4b32-b794-563e99154595 moved to CLOSED state
2024-11-30 15:01:12,457 [d57daabc-8d0b-4ea3-831e-cde13ca8d1d7-impl-thread2] INFO  segmented.SegmentedRaftLogWorker (SegmentedRaftLogWorker.java:close(252)) - d57daabc-8d0b-4ea3-831e-cde13ca8d1d7@group-E05DB5954E57-SegmentedRaftLogWorker close()
2024-11-30 15:01:12,457 [d57daabc-8d0b-4ea3-831e-cde13ca8d1d7-impl-thread2] INFO  ratis.ContainerStateMachine (ContainerStateMachine.java:notifyServerShutdown(970)) - group-E05DB5954E57 is closed by HddsDatanodeService
2024-11-30 15:01:12,458 [d57daabc-8d0b-4ea3-831e-cde13ca8d1d7-impl-thread3] INFO  segmented.SegmentedRaftLogWorker (SegmentedRaftLogWorker.java:close(252)) - d57daabc-8d0b-4ea3-831e-cde13ca8d1d7@group-881FFCB406EE-SegmentedRaftLogWorker close()
2024-11-30 15:01:12,458 [d57daabc-8d0b-4ea3-831e-cde13ca8d1d7-impl-thread3] INFO  ratis.ContainerStateMachine (ContainerStateMachine.java:notifyServerShutdown(970)) - group-881FFCB406EE is closed by HddsDatanodeService
2024-11-30 15:01:12,597 [d57daabc-8d0b-4ea3-831e-cde13ca8d1d7-impl-thread1] INFO  segmented.SegmentedRaftLogWorker (SegmentedRaftLogWorker.java:close(252)) - d57daabc-8d0b-4ea3-831e-cde13ca8d1d7@group-006F4FFF65FD-SegmentedRaftLogWorker close()
2024-11-30 15:01:12,597 [d57daabc-8d0b-4ea3-831e-cde13ca8d1d7-impl-thread1] INFO  ratis.ContainerStateMachine (ContainerStateMachine.java:notifyServerShutdown(970)) - group-006F4FFF65FD is closed by HddsDatanodeService
2024-11-30 15:01:13,237 [d57daabc-8d0b-4ea3-831e-cde13ca8d1d7-impl-thread4] INFO  segmented.SegmentedRaftLogWorker (SegmentedRaftLogWorker.java:close(252)) - d57daabc-8d0b-4ea3-831e-cde13ca8d1d7@group-563E99154595-SegmentedRaftLogWorker close()
2024-11-30 15:01:13,238 [d57daabc-8d0b-4ea3-831e-cde13ca8d1d7-impl-thread4] INFO  ratis.ContainerStateMachine (ContainerStateMachine.java:notifyServerShutdown(970)) - group-563E99154595 is closed by HddsDatanodeService
2024-11-30 15:01:13,238 [JvmPauseMonitor24] INFO  util.JvmPauseMonitor (JvmPauseMonitor.java:run(152)) - JvmPauseMonitor-d57daabc-8d0b-4ea3-831e-cde13ca8d1d7: Stopped
2024-11-30 15:01:14,251 [timer6] WARN  server.GrpcLogAppender (GrpcLogAppender.java:lambda$resetClient$1(221)) - d57daabc-8d0b-4ea3-831e-cde13ca8d1d7@group-881FFCB406EE->af7ee296-5066-44e3-a94d-aaeda09020f2-GrpcLogAppender: Follower failed (request=null, errorCount=6); keep nextIndex (1) unchanged and retry. (Repeated 6 times in the last 4.999s)
2024-11-30 15:01:14,251 [timer5] WARN  server.GrpcLogAppender (LogUtils.java:warn(121)) - d57daabc-8d0b-4ea3-831e-cde13ca8d1d7@group-881FFCB406EE->af7ee296-5066-44e3-a94d-aaeda09020f2-AppendLogResponseHandler: Failed appendEntries (Repeated 6 times in the last 5.000s): org.apache.ratis.thirdparty.io.grpc.StatusRuntimeException: UNAVAILABLE: io exception
2024-11-30 15:01:14,251 [timer3] WARN  server.GrpcLogAppender (LogUtils.java:warn(121)) - 719b1c3f-249c-457a-8743-b06328301a87@group-563E99154595->af7ee296-5066-44e3-a94d-aaeda09020f2-AppendLogResponseHandler: Failed appendEntries (Repeated 8 times in the last 5.000s): org.apache.ratis.thirdparty.io.grpc.StatusRuntimeException: UNAVAILABLE: io exception
2024-11-30 15:01:14,252 [timer4] WARN  server.GrpcLogAppender (GrpcLogAppender.java:lambda$resetClient$1(221)) - 719b1c3f-249c-457a-8743-b06328301a87@group-563E99154595->af7ee296-5066-44e3-a94d-aaeda09020f2-GrpcLogAppender: Follower failed (request=null, errorCount=8); keep nextIndex (16) unchanged and retry. (Repeated 8 times in the last 5.000s)
2024-11-30 15:01:15,212 [grpc-default-executor-1] WARN  server.GrpcLogAppender (LogUtils.java:warn(121)) - 719b1c3f-249c-457a-8743-b06328301a87@group-563E99154595->af7ee296-5066-44e3-a94d-aaeda09020f2-AppendLogResponseHandler: Failed appendEntries: org.apache.ratis.thirdparty.io.grpc.StatusRuntimeException: UNAVAILABLE: io exception
2024-11-30 15:01:15,214 [grpc-default-executor-1] WARN  server.GrpcLogAppender (GrpcLogAppender.java:lambda$resetClient$1(221)) - 719b1c3f-249c-457a-8743-b06328301a87@group-563E99154595->af7ee296-5066-44e3-a94d-aaeda09020f2-GrpcLogAppender: Follower failed (request=null, errorCount=9); keep nextIndex (17) unchanged and retry.
2024-11-30 15:01:15,215 [grpc-default-executor-1] WARN  server.GrpcLogAppender (GrpcLogAppender.java:lambda$resetClient$1(221)) - 719b1c3f-249c-457a-8743-b06328301a87@group-563E99154595->d57daabc-8d0b-4ea3-831e-cde13ca8d1d7-GrpcLogAppender: Follower failed (request=null, errorCount=5); keep nextIndex (17) unchanged and retry.
2024-11-30 15:01:15,241 [main] INFO  utils.DatanodeStoreCache (DatanodeStoreCache.java:shutdownCache(116)) - Skip clearing cache in mini cluster mode. Entries left: [/home/runner/work/ozone/ozone/hadoop-ozone/integration-test/target/test-dir/MiniOzoneClusterImpl-e985cbf7-8b64-4e7c-b64c-74e6afbb48f1/ozone-meta/datanode-1/data-0/hdds/e985cbf7-8b64-4e7c-b64c-74e6afbb48f1/DS-00b32262-9e0c-4468-abfb-961f380f6861/container.db, /home/runner/work/ozone/ozone/hadoop-ozone/integration-test/target/test-dir/MiniOzoneClusterImpl-e985cbf7-8b64-4e7c-b64c-74e6afbb48f1/ozone-meta/datanode-2/data-0/hdds/e985cbf7-8b64-4e7c-b64c-74e6afbb48f1/DS-be7845b7-901c-40a1-90eb-1a11f3ea7056/container.db, /home/runner/work/ozone/ozone/hadoop-ozone/integration-test/target/test-dir/MiniOzoneClusterImpl-e985cbf7-8b64-4e7c-b64c-74e6afbb48f1/ozone-meta/datanode-4/data-0/hdds/e985cbf7-8b64-4e7c-b64c-74e6afbb48f1/DS-e4b5d502-a1c1-47fe-8e1d-c08edf330884/container.db, /home/runner/work/ozone/ozone/hadoop-ozone/integration-test/target/test-dir/MiniOzoneClusterImpl-e985cbf7-8b64-4e7c-b64c-74e6afbb48f1/ozone-meta/datanode-5/data-0/hdds/e985cbf7-8b64-4e7c-b64c-74e6afbb48f1/DS-9cc604fc-affe-4e90-884a-9d3ed86ab0be/container.db]
2024-11-30 15:01:15,242 [main] INFO  utils.DatanodeStoreCache (DatanodeStoreCache.java:removeDB(110)) - Removed db /home/runner/work/ozone/ozone/hadoop-ozone/integration-test/target/test-dir/MiniOzoneClusterImpl-e985cbf7-8b64-4e7c-b64c-74e6afbb48f1/ozone-meta/datanode-2/data-0/hdds/e985cbf7-8b64-4e7c-b64c-74e6afbb48f1/DS-be7845b7-901c-40a1-90eb-1a11f3ea7056/container.db from cache
2024-11-30 15:01:15,242 [main] INFO  volume.HddsVolume (HddsVolume.java:closeDbStore(480)) - SchemaV3 db is stopped at /home/runner/work/ozone/ozone/hadoop-ozone/integration-test/target/test-dir/MiniOzoneClusterImpl-e985cbf7-8b64-4e7c-b64c-74e6afbb48f1/ozone-meta/datanode-2/data-0/hdds/e985cbf7-8b64-4e7c-b64c-74e6afbb48f1/DS-be7845b7-901c-40a1-90eb-1a11f3ea7056/container.db for volume DS-be7845b7-901c-40a1-90eb-1a11f3ea7056
2024-11-30 15:01:15,243 [main] INFO  utils.BackgroundService (BackgroundService.java:shutdown(163)) - Shutting down service BlockDeletingService
2024-11-30 15:01:15,243 [main] INFO  utils.BackgroundService (BackgroundService.java:shutdown(163)) - Shutting down service StaleRecoveringContainerScrubbingService
2024-11-30 15:01:15,244 [main] INFO  statemachine.DatanodeStateMachine (DatanodeStateMachine.java:stopDaemon(626)) - Ozone container server stopped.
2024-11-30 15:01:15,259 [main] INFO  handler.ContextHandler (ContextHandler.java:doStop(1159)) - Stopped o.e.j.w.WebAppContext@1e7b3952{hddsDatanode,/,null,STOPPED}{jar:file:/home/runner/work/ozone/ozone/hadoop-hdds/container-service/target/hdds-container-service-2.0.0-SNAPSHOT.jar!/webapps/hddsDatanode}
2024-11-30 15:01:15,260 [main] INFO  server.AbstractConnector (AbstractConnector.java:doStop(383)) - Stopped ServerConnector@73e6d0e8{HTTP/1.1, (http/1.1)}{0.0.0.0:15177}
2024-11-30 15:01:15,260 [main] INFO  server.session (HouseKeeper.java:stopScavenging(149)) - node0 Stopped scavenging
2024-11-30 15:01:15,260 [main] INFO  handler.ContextHandler (ContextHandler.java:doStop(1159)) - Stopped o.e.j.s.ServletContextHandler@4cf63f18{static,/static,jar:file:/home/runner/work/ozone/ozone/hadoop-hdds/container-service/target/hdds-container-service-2.0.0-SNAPSHOT.jar!/webapps/static,STOPPED}
2024-11-30 15:01:15,261 [main] INFO  handler.ContextHandler (ContextHandler.java:doStop(1159)) - Stopped o.e.j.s.ServletContextHandler@228655ff{logs,/logs,file:///home/runner/work/ozone/ozone/hadoop-ozone/integration-test/target/log,STOPPED}
2024-11-30 15:01:15,262 [main] INFO  ozone.HddsDatanodeClientProtocolServer (HddsDatanodeClientProtocolServer.java:stop(85)) - Stopping the RPC server for Client Protocol
2024-11-30 15:01:15,262 [main] INFO  ipc.Server (Server.java:stop(3697)) - Stopping server on 15178
2024-11-30 15:01:15,263 [IPC Server listener on 15178] INFO  ipc.Server (Server.java:run(1585)) - Stopping IPC Server listener on 15178
2024-11-30 15:01:15,264 [IPC Server Responder] INFO  ipc.Server (Server.java:run(1718)) - Stopping IPC Server Responder
15:01:15.266 [719b1c3f-249c-457a-8743-b06328301a87-client-thread1] ERROR DNAudit - user=null | ip=null | op=WRITE_CHUNK {blockData=conID: 1 locID: 113750153625600001 bcsId: 13 replicaIndex: 0, offset=500, size=100} | ret=FAILURE
org.apache.hadoop.hdds.scm.container.common.helpers.ContainerNotOpenException: Container 1 in CLOSING state
	at org.apache.hadoop.ozone.container.common.impl.HddsDispatcher.validateContainerCommand(HddsDispatcher.java:573) ~[hdds-container-service-2.0.0-SNAPSHOT.jar:?]
	at org.apache.hadoop.ozone.container.common.transport.server.ratis.ContainerStateMachine.startTransaction(ContainerStateMachine.java:441) ~[hdds-container-service-2.0.0-SNAPSHOT.jar:?]
	at org.apache.ratis.server.impl.RaftServerImpl.writeAsyncImpl(RaftServerImpl.java:973) ~[ratis-server-3.1.2.jar:3.1.2]
	at org.apache.ratis.server.impl.RaftServerImpl.writeAsync(RaftServerImpl.java:946) ~[ratis-server-3.1.2.jar:3.1.2]
	at org.apache.ratis.server.impl.RaftServerImpl.replyFuture(RaftServerImpl.java:939) ~[ratis-server-3.1.2.jar:3.1.2]
	at org.apache.ratis.server.impl.RaftServerImpl.submitClientRequestAsync(RaftServerImpl.java:916) ~[ratis-server-3.1.2.jar:3.1.2]
	at org.apache.ratis.server.impl.RaftServerImpl.lambda$null$11(RaftServerImpl.java:905) ~[ratis-server-3.1.2.jar:3.1.2]
	at org.apache.ratis.util.JavaUtils.callAsUnchecked(JavaUtils.java:118) ~[ratis-common-3.1.2.jar:3.1.2]
	at org.apache.ratis.server.impl.RaftServerImpl.lambda$executeSubmitClientRequestAsync$12(RaftServerImpl.java:905) ~[ratis-server-3.1.2.jar:3.1.2]
	at java.base/java.util.concurrent.CompletableFuture$AsyncSupply.run(CompletableFuture.java:1768) [?:?]
	at java.base/java.util.concurrent.ThreadPoolExecutor.runWorker(ThreadPoolExecutor.java:1136) [?:?]
	at java.base/java.util.concurrent.ThreadPoolExecutor$Worker.run(ThreadPoolExecutor.java:635) [?:?]
	at java.base/java.lang.Thread.run(Thread.java:840) [?:?]
15:01:15.268 [719b1c3f-249c-457a-8743-b06328301a87-client-thread1] ERROR DNAudit - user=null | ip=null | op=WRITE_CHUNK {blockData=conID: 1 locID: 113750153625600001 bcsId: 13 replicaIndex: 0, offset=600, size=100} | ret=FAILURE
org.apache.hadoop.hdds.scm.container.common.helpers.ContainerNotOpenException: Container 1 in CLOSING state
	at org.apache.hadoop.ozone.container.common.impl.HddsDispatcher.validateContainerCommand(HddsDispatcher.java:573) ~[hdds-container-service-2.0.0-SNAPSHOT.jar:?]
	at org.apache.hadoop.ozone.container.common.transport.server.ratis.ContainerStateMachine.startTransaction(ContainerStateMachine.java:441) ~[hdds-container-service-2.0.0-SNAPSHOT.jar:?]
	at org.apache.ratis.server.impl.RaftServerImpl.writeAsyncImpl(RaftServerImpl.java:973) ~[ratis-server-3.1.2.jar:3.1.2]
	at org.apache.ratis.server.impl.RaftServerImpl.writeAsync(RaftServerImpl.java:946) ~[ratis-server-3.1.2.jar:3.1.2]
	at org.apache.ratis.server.impl.RaftServerImpl.replyFuture(RaftServerImpl.java:939) ~[ratis-server-3.1.2.jar:3.1.2]
	at org.apache.ratis.server.impl.RaftServerImpl.submitClientRequestAsync(RaftServerImpl.java:916) ~[ratis-server-3.1.2.jar:3.1.2]
	at org.apache.ratis.server.impl.RaftServerImpl.lambda$null$11(RaftServerImpl.java:905) ~[ratis-server-3.1.2.jar:3.1.2]
	at org.apache.ratis.util.JavaUtils.callAsUnchecked(JavaUtils.java:118) ~[ratis-common-3.1.2.jar:3.1.2]
	at org.apache.ratis.server.impl.RaftServerImpl.lambda$executeSubmitClientRequestAsync$12(RaftServerImpl.java:905) ~[ratis-server-3.1.2.jar:3.1.2]
	at java.base/java.util.concurrent.CompletableFuture$AsyncSupply.run(CompletableFuture.java:1768) [?:?]
	at java.base/java.util.concurrent.ThreadPoolExecutor.runWorker(ThreadPoolExecutor.java:1136) [?:?]
	at java.base/java.util.concurrent.ThreadPoolExecutor$Worker.run(ThreadPoolExecutor.java:635) [?:?]
	at java.base/java.lang.Thread.run(Thread.java:840) [?:?]
2024-11-30 15:01:15,269 [grpc-default-executor-1] ERROR impl.OrderedAsync (OrderedAsync.java:lambda$send$4(181)) - Failed to send request, message=cmdType: WriteChunk
traceID: ""
containerID: 1
datanodeUuid: "af7ee296-5066-44e3-a94d-aaeda09020f2"
writeChunk {
  blockID {
    containerID: 1
    localID: 113750153625600001
    blockCommitSequenceId: 13
    replicaIndex: 0
  }
  chunkData {
    chunkName: "113750153625600001_chunk_6"
    offset: 500
    len: 100
    checksumData {
      type: NONE
      bytesPerChecksum: 16384
    }
  }
}
version: 3
, data.size=100
java.util.concurrent.CompletionException: org.apache.ratis.protocol.exceptions.StateMachineException: org.apache.hadoop.hdds.scm.container.common.helpers.ContainerNotOpenException from Server 719b1c3f-249c-457a-8743-b06328301a87@group-563E99154595: Container 1 in CLOSING state
	at org.apache.ratis.client.impl.RaftClientImpl.handleRaftException(RaftClientImpl.java:373)
	at org.apache.ratis.client.impl.OrderedAsync.lambda$send$3(OrderedAsync.java:175)
	at java.base/java.util.concurrent.CompletableFuture$UniApply.tryFire(CompletableFuture.java:646)
	at java.base/java.util.concurrent.CompletableFuture.postComplete(CompletableFuture.java:510)
	at java.base/java.util.concurrent.CompletableFuture.complete(CompletableFuture.java:2147)
	at org.apache.ratis.client.impl.OrderedAsync$PendingOrderedRequest.setReply(OrderedAsync.java:105)
	at org.apache.ratis.client.impl.OrderedAsync$PendingOrderedRequest.setReply(OrderedAsync.java:66)
	at org.apache.ratis.util.SlidingWindow$RequestMap.setReply(SlidingWindow.java:147)
	at org.apache.ratis.util.SlidingWindow$Client.receiveReply(SlidingWindow.java:351)
	at org.apache.ratis.client.impl.OrderedAsync.lambda$sendRequestWithRetry$5(OrderedAsync.java:210)
	at java.base/java.util.concurrent.CompletableFuture$UniAccept.tryFire(CompletableFuture.java:718)
	at java.base/java.util.concurrent.CompletableFuture.postComplete(CompletableFuture.java:510)
	at java.base/java.util.concurrent.CompletableFuture.complete(CompletableFuture.java:2147)
	at org.apache.ratis.grpc.client.GrpcClientProtocolClient$AsyncStreamObservers$1.lambda$onNext$0(GrpcClientProtocolClient.java:325)
	at java.base/java.util.Optional.ifPresent(Optional.java:178)
	at org.apache.ratis.grpc.client.GrpcClientProtocolClient$AsyncStreamObservers.handleReplyFuture(GrpcClientProtocolClient.java:381)
	at org.apache.ratis.grpc.client.GrpcClientProtocolClient$AsyncStreamObservers.access$100(GrpcClientProtocolClient.java:303)
	at org.apache.ratis.grpc.client.GrpcClientProtocolClient$AsyncStreamObservers$1.onNext(GrpcClientProtocolClient.java:325)
	at org.apache.ratis.grpc.client.GrpcClientProtocolClient$AsyncStreamObservers$1.onNext(GrpcClientProtocolClient.java:308)
	at org.apache.ratis.thirdparty.io.grpc.stub.ClientCalls$StreamObserverToCallListenerAdapter.onMessage(ClientCalls.java:468)
	at org.apache.ratis.thirdparty.io.grpc.ForwardingClientCallListener.onMessage(ForwardingClientCallListener.java:33)
	at org.apache.ratis.thirdparty.io.grpc.internal.ClientCallImpl$ClientStreamListenerImpl$1MessagesAvailable.runInternal(ClientCallImpl.java:660)
	at org.apache.ratis.thirdparty.io.grpc.internal.ClientCallImpl$ClientStreamListenerImpl$1MessagesAvailable.runInContext(ClientCallImpl.java:647)
	at org.apache.ratis.thirdparty.io.grpc.internal.ContextRunnable.run(ContextRunnable.java:37)
	at org.apache.ratis.thirdparty.io.grpc.internal.SerializingExecutor.run(SerializingExecutor.java:133)
	at java.base/java.util.concurrent.ThreadPoolExecutor.runWorker(ThreadPoolExecutor.java:1136)
	at java.base/java.util.concurrent.ThreadPoolExecutor$Worker.run(ThreadPoolExecutor.java:635)
	at java.base/java.lang.Thread.run(Thread.java:840)
Caused by: org.apache.ratis.protocol.exceptions.StateMachineException: org.apache.hadoop.hdds.scm.container.common.helpers.ContainerNotOpenException from Server 719b1c3f-249c-457a-8743-b06328301a87@group-563E99154595: Container 1 in CLOSING state
	at org.apache.hadoop.ozone.container.common.impl.HddsDispatcher.validateContainerCommand(HddsDispatcher.java:573)
	at org.apache.hadoop.ozone.container.common.transport.server.ratis.ContainerStateMachine.startTransaction(ContainerStateMachine.java:441)
	at org.apache.ratis.server.impl.RaftServerImpl.writeAsyncImpl(RaftServerImpl.java:973)
	at org.apache.ratis.server.impl.RaftServerImpl.writeAsync(RaftServerImpl.java:946)
	at org.apache.ratis.server.impl.RaftServerImpl.replyFuture(RaftServerImpl.java:939)
	at org.apache.ratis.server.impl.RaftServerImpl.submitClientRequestAsync(RaftServerImpl.java:916)
	at org.apache.ratis.server.impl.RaftServerImpl.lambda$null$11(RaftServerImpl.java:905)
	at org.apache.ratis.util.JavaUtils.callAsUnchecked(JavaUtils.java:118)
	at org.apache.ratis.server.impl.RaftServerImpl.lambda$executeSubmitClientRequestAsync$12(RaftServerImpl.java:905)
	at java.base/java.util.concurrent.CompletableFuture$AsyncSupply.run(CompletableFuture.java:1768)
	... 3 more
Caused by: org.apache.hadoop.hdds.scm.container.common.helpers.ContainerNotOpenException: Container 1 in CLOSING state
	at java.base/jdk.internal.reflect.NativeConstructorAccessorImpl.newInstance0(Native Method)
	at java.base/jdk.internal.reflect.NativeConstructorAccessorImpl.newInstance(NativeConstructorAccessorImpl.java:77)
	at java.base/jdk.internal.reflect.DelegatingConstructorAccessorImpl.newInstance(DelegatingConstructorAccessorImpl.java:45)
	at java.base/java.lang.reflect.Constructor.newInstanceWithCaller(Constructor.java:500)
	at java.base/java.lang.reflect.Constructor.newInstance(Constructor.java:481)
	at org.apache.ratis.util.ReflectionUtils.instantiateException(ReflectionUtils.java:259)
	at org.apache.ratis.client.impl.ClientProtoUtils.toStateMachineException(ClientProtoUtils.java:455)
	at org.apache.ratis.client.impl.ClientProtoUtils.toStateMachineException(ClientProtoUtils.java:441)
	at org.apache.ratis.client.impl.ClientProtoUtils.toRaftClientReply(ClientProtoUtils.java:408)
	at org.apache.ratis.grpc.client.GrpcClientProtocolClient$AsyncStreamObservers$1.onNext(GrpcClientProtocolClient.java:313)
	at org.apache.ratis.grpc.client.GrpcClientProtocolClient$AsyncStreamObservers$1.onNext(GrpcClientProtocolClient.java:308)
	at org.apache.ratis.thirdparty.io.grpc.stub.ClientCalls$StreamObserverToCallListenerAdapter.onMessage(ClientCalls.java:468)
	at org.apache.ratis.thirdparty.io.grpc.ForwardingClientCallListener.onMessage(ForwardingClientCallListener.java:33)
	at org.apache.ratis.thirdparty.io.grpc.internal.ClientCallImpl$ClientStreamListenerImpl$1MessagesAvailable.runInternal(ClientCallImpl.java:660)
	at org.apache.ratis.thirdparty.io.grpc.internal.ClientCallImpl$ClientStreamListenerImpl$1MessagesAvailable.runInContext(ClientCallImpl.java:647)
	at org.apache.ratis.thirdparty.io.grpc.internal.ContextRunnable.run(ContextRunnable.java:37)
	at org.apache.ratis.thirdparty.io.grpc.internal.SerializingExecutor.run(SerializingExecutor.java:133)
	... 3 more
15:01:15.269 [719b1c3f-249c-457a-8743-b06328301a87-client-thread1] ERROR DNAudit - user=null | ip=null | op=PUT_BLOCK {blockData=[blockId=conID: 1 locID: 113750153625600001 bcsId: 0 replicaIndex: null, size=700]} | ret=FAILURE
org.apache.hadoop.hdds.scm.container.common.helpers.ContainerNotOpenException: Container 1 in CLOSING state
	at org.apache.hadoop.ozone.container.common.impl.HddsDispatcher.validateContainerCommand(HddsDispatcher.java:573) ~[hdds-container-service-2.0.0-SNAPSHOT.jar:?]
	at org.apache.hadoop.ozone.container.common.transport.server.ratis.ContainerStateMachine.startTransaction(ContainerStateMachine.java:441) ~[hdds-container-service-2.0.0-SNAPSHOT.jar:?]
	at org.apache.ratis.server.impl.RaftServerImpl.writeAsyncImpl(RaftServerImpl.java:973) ~[ratis-server-3.1.2.jar:3.1.2]
	at org.apache.ratis.server.impl.RaftServerImpl.writeAsync(RaftServerImpl.java:946) ~[ratis-server-3.1.2.jar:3.1.2]
	at org.apache.ratis.server.impl.RaftServerImpl.replyFuture(RaftServerImpl.java:939) ~[ratis-server-3.1.2.jar:3.1.2]
	at org.apache.ratis.server.impl.RaftServerImpl.submitClientRequestAsync(RaftServerImpl.java:916) ~[ratis-server-3.1.2.jar:3.1.2]
	at org.apache.ratis.server.impl.RaftServerImpl.lambda$null$11(RaftServerImpl.java:905) ~[ratis-server-3.1.2.jar:3.1.2]
	at org.apache.ratis.util.JavaUtils.callAsUnchecked(JavaUtils.java:118) ~[ratis-common-3.1.2.jar:3.1.2]
	at org.apache.ratis.server.impl.RaftServerImpl.lambda$executeSubmitClientRequestAsync$12(RaftServerImpl.java:905) ~[ratis-server-3.1.2.jar:3.1.2]
	at java.base/java.util.concurrent.CompletableFuture$AsyncSupply.run(CompletableFuture.java:1768) [?:?]
	at java.base/java.util.concurrent.ThreadPoolExecutor.runWorker(ThreadPoolExecutor.java:1136) [?:?]
	at java.base/java.util.concurrent.ThreadPoolExecutor$Worker.run(ThreadPoolExecutor.java:635) [?:?]
	at java.base/java.lang.Thread.run(Thread.java:840) [?:?]
15:01:15.271 [719b1c3f-249c-457a-8743-b06328301a87-client-thread1] ERROR DNAudit - user=null | ip=null | op=WRITE_CHUNK {blockData=conID: 1 locID: 113750153625600001 bcsId: 13 replicaIndex: 0, offset=700, size=100} | ret=FAILURE
org.apache.hadoop.hdds.scm.container.common.helpers.ContainerNotOpenException: Container 1 in CLOSING state
	at org.apache.hadoop.ozone.container.common.impl.HddsDispatcher.validateContainerCommand(HddsDispatcher.java:573) ~[hdds-container-service-2.0.0-SNAPSHOT.jar:?]
	at org.apache.hadoop.ozone.container.common.transport.server.ratis.ContainerStateMachine.startTransaction(ContainerStateMachine.java:441) ~[hdds-container-service-2.0.0-SNAPSHOT.jar:?]
	at org.apache.ratis.server.impl.RaftServerImpl.writeAsyncImpl(RaftServerImpl.java:973) ~[ratis-server-3.1.2.jar:3.1.2]
	at org.apache.ratis.server.impl.RaftServerImpl.writeAsync(RaftServerImpl.java:946) ~[ratis-server-3.1.2.jar:3.1.2]
	at org.apache.ratis.server.impl.RaftServerImpl.replyFuture(RaftServerImpl.java:939) ~[ratis-server-3.1.2.jar:3.1.2]
	at org.apache.ratis.server.impl.RaftServerImpl.submitClientRequestAsync(RaftServerImpl.java:916) ~[ratis-server-3.1.2.jar:3.1.2]
	at org.apache.ratis.server.impl.RaftServerImpl.lambda$null$11(RaftServerImpl.java:905) ~[ratis-server-3.1.2.jar:3.1.2]
	at org.apache.ratis.util.JavaUtils.callAsUnchecked(JavaUtils.java:118) ~[ratis-common-3.1.2.jar:3.1.2]
	at org.apache.ratis.server.impl.RaftServerImpl.lambda$executeSubmitClientRequestAsync$12(RaftServerImpl.java:905) ~[ratis-server-3.1.2.jar:3.1.2]
	at java.base/java.util.concurrent.CompletableFuture$AsyncSupply.run(CompletableFuture.java:1768) [?:?]
	at java.base/java.util.concurrent.ThreadPoolExecutor.runWorker(ThreadPoolExecutor.java:1136) [?:?]
	at java.base/java.util.concurrent.ThreadPoolExecutor$Worker.run(ThreadPoolExecutor.java:635) [?:?]
	at java.base/java.lang.Thread.run(Thread.java:840) [?:?]
2024-11-30 15:01:15,271 [grpc-default-executor-1] ERROR impl.OrderedAsync (OrderedAsync.java:lambda$send$4(181)) - Failed to send request, message=cmdType: WriteChunk
traceID: ""
containerID: 1
datanodeUuid: "af7ee296-5066-44e3-a94d-aaeda09020f2"
writeChunk {
  blockID {
    containerID: 1
    localID: 113750153625600001
    blockCommitSequenceId: 13
    replicaIndex: 0
  }
  chunkData {
    chunkName: "113750153625600001_chunk_7"
    offset: 600
    len: 100
    checksumData {
      type: NONE
      bytesPerChecksum: 16384
    }
  }
}
version: 3
, data.size=100
java.util.concurrent.CompletionException: org.apache.ratis.protocol.exceptions.StateMachineException: org.apache.hadoop.hdds.scm.container.common.helpers.ContainerNotOpenException from Server 719b1c3f-249c-457a-8743-b06328301a87@group-563E99154595: Container 1 in CLOSING state
	at org.apache.ratis.client.impl.RaftClientImpl.handleRaftException(RaftClientImpl.java:373)
	at org.apache.ratis.client.impl.OrderedAsync.lambda$send$3(OrderedAsync.java:175)
	at java.base/java.util.concurrent.CompletableFuture$UniApply.tryFire(CompletableFuture.java:646)
	at java.base/java.util.concurrent.CompletableFuture.postComplete(CompletableFuture.java:510)
	at java.base/java.util.concurrent.CompletableFuture.complete(CompletableFuture.java:2147)
	at org.apache.ratis.client.impl.OrderedAsync$PendingOrderedRequest.setReply(OrderedAsync.java:105)
	at org.apache.ratis.client.impl.OrderedAsync$PendingOrderedRequest.setReply(OrderedAsync.java:66)
	at org.apache.ratis.util.SlidingWindow$RequestMap.setReply(SlidingWindow.java:147)
	at org.apache.ratis.util.SlidingWindow$Client.receiveReply(SlidingWindow.java:351)
	at org.apache.ratis.client.impl.OrderedAsync.lambda$sendRequestWithRetry$5(OrderedAsync.java:210)
	at java.base/java.util.concurrent.CompletableFuture$UniAccept.tryFire(CompletableFuture.java:718)
	at java.base/java.util.concurrent.CompletableFuture.postComplete(CompletableFuture.java:510)
	at java.base/java.util.concurrent.CompletableFuture.complete(CompletableFuture.java:2147)
	at org.apache.ratis.grpc.client.GrpcClientProtocolClient$AsyncStreamObservers$1.lambda$onNext$0(GrpcClientProtocolClient.java:325)
	at java.base/java.util.Optional.ifPresent(Optional.java:178)
	at org.apache.ratis.grpc.client.GrpcClientProtocolClient$AsyncStreamObservers.handleReplyFuture(GrpcClientProtocolClient.java:381)
	at org.apache.ratis.grpc.client.GrpcClientProtocolClient$AsyncStreamObservers.access$100(GrpcClientProtocolClient.java:303)
	at org.apache.ratis.grpc.client.GrpcClientProtocolClient$AsyncStreamObservers$1.onNext(GrpcClientProtocolClient.java:325)
	at org.apache.ratis.grpc.client.GrpcClientProtocolClient$AsyncStreamObservers$1.onNext(GrpcClientProtocolClient.java:308)
	at org.apache.ratis.thirdparty.io.grpc.stub.ClientCalls$StreamObserverToCallListenerAdapter.onMessage(ClientCalls.java:468)
	at org.apache.ratis.thirdparty.io.grpc.ForwardingClientCallListener.onMessage(ForwardingClientCallListener.java:33)
	at org.apache.ratis.thirdparty.io.grpc.internal.ClientCallImpl$ClientStreamListenerImpl$1MessagesAvailable.runInternal(ClientCallImpl.java:660)
	at org.apache.ratis.thirdparty.io.grpc.internal.ClientCallImpl$ClientStreamListenerImpl$1MessagesAvailable.runInContext(ClientCallImpl.java:647)
	at org.apache.ratis.thirdparty.io.grpc.internal.ContextRunnable.run(ContextRunnable.java:37)
	at org.apache.ratis.thirdparty.io.grpc.internal.SerializingExecutor.run(SerializingExecutor.java:133)
	at java.base/java.util.concurrent.ThreadPoolExecutor.runWorker(ThreadPoolExecutor.java:1136)
	at java.base/java.util.concurrent.ThreadPoolExecutor$Worker.run(ThreadPoolExecutor.java:635)
	at java.base/java.lang.Thread.run(Thread.java:840)
Caused by: org.apache.ratis.protocol.exceptions.StateMachineException: org.apache.hadoop.hdds.scm.container.common.helpers.ContainerNotOpenException from Server 719b1c3f-249c-457a-8743-b06328301a87@group-563E99154595: Container 1 in CLOSING state
	at org.apache.hadoop.ozone.container.common.impl.HddsDispatcher.validateContainerCommand(HddsDispatcher.java:573)
	at org.apache.hadoop.ozone.container.common.transport.server.ratis.ContainerStateMachine.startTransaction(ContainerStateMachine.java:441)
	at org.apache.ratis.server.impl.RaftServerImpl.writeAsyncImpl(RaftServerImpl.java:973)
	at org.apache.ratis.server.impl.RaftServerImpl.writeAsync(RaftServerImpl.java:946)
	at org.apache.ratis.server.impl.RaftServerImpl.replyFuture(RaftServerImpl.java:939)
	at org.apache.ratis.server.impl.RaftServerImpl.submitClientRequestAsync(RaftServerImpl.java:916)
	at org.apache.ratis.server.impl.RaftServerImpl.lambda$null$11(RaftServerImpl.java:905)
	at org.apache.ratis.util.JavaUtils.callAsUnchecked(JavaUtils.java:118)
	at org.apache.ratis.server.impl.RaftServerImpl.lambda$executeSubmitClientRequestAsync$12(RaftServerImpl.java:905)
	at java.base/java.util.concurrent.CompletableFuture$AsyncSupply.run(CompletableFuture.java:1768)
	... 3 more
Caused by: org.apache.hadoop.hdds.scm.container.common.helpers.ContainerNotOpenException: Container 1 in CLOSING state
	at java.base/jdk.internal.reflect.NativeConstructorAccessorImpl.newInstance0(Native Method)
	at java.base/jdk.internal.reflect.NativeConstructorAccessorImpl.newInstance(NativeConstructorAccessorImpl.java:77)
	at java.base/jdk.internal.reflect.DelegatingConstructorAccessorImpl.newInstance(DelegatingConstructorAccessorImpl.java:45)
	at java.base/java.lang.reflect.Constructor.newInstanceWithCaller(Constructor.java:500)
	at java.base/java.lang.reflect.Constructor.newInstance(Constructor.java:481)
	at org.apache.ratis.util.ReflectionUtils.instantiateException(ReflectionUtils.java:259)
	at org.apache.ratis.client.impl.ClientProtoUtils.toStateMachineException(ClientProtoUtils.java:455)
	at org.apache.ratis.client.impl.ClientProtoUtils.toStateMachineException(ClientProtoUtils.java:441)
	at org.apache.ratis.client.impl.ClientProtoUtils.toRaftClientReply(ClientProtoUtils.java:408)
	at org.apache.ratis.grpc.client.GrpcClientProtocolClient$AsyncStreamObservers$1.onNext(GrpcClientProtocolClient.java:313)
	at org.apache.ratis.grpc.client.GrpcClientProtocolClient$AsyncStreamObservers$1.onNext(GrpcClientProtocolClient.java:308)
	at org.apache.ratis.thirdparty.io.grpc.stub.ClientCalls$StreamObserverToCallListenerAdapter.onMessage(ClientCalls.java:468)
	at org.apache.ratis.thirdparty.io.grpc.ForwardingClientCallListener.onMessage(ForwardingClientCallListener.java:33)
	at org.apache.ratis.thirdparty.io.grpc.internal.ClientCallImpl$ClientStreamListenerImpl$1MessagesAvailable.runInternal(ClientCallImpl.java:660)
	at org.apache.ratis.thirdparty.io.grpc.internal.ClientCallImpl$ClientStreamListenerImpl$1MessagesAvailable.runInContext(ClientCallImpl.java:647)
	at org.apache.ratis.thirdparty.io.grpc.internal.ContextRunnable.run(ContextRunnable.java:37)
	at org.apache.ratis.thirdparty.io.grpc.internal.SerializingExecutor.run(SerializingExecutor.java:133)
	... 3 more
15:01:15.272 [719b1c3f-249c-457a-8743-b06328301a87-client-thread1] ERROR DNAudit - user=null | ip=null | op=PUT_BLOCK {blockData=[blockId=conID: 1 locID: 113750153625600001 bcsId: 0 replicaIndex: null, size=800]} | ret=FAILURE
org.apache.hadoop.hdds.scm.container.common.helpers.ContainerNotOpenException: Container 1 in CLOSING state
	at org.apache.hadoop.ozone.container.common.impl.HddsDispatcher.validateContainerCommand(HddsDispatcher.java:573) ~[hdds-container-service-2.0.0-SNAPSHOT.jar:?]
	at org.apache.hadoop.ozone.container.common.transport.server.ratis.ContainerStateMachine.startTransaction(ContainerStateMachine.java:441) ~[hdds-container-service-2.0.0-SNAPSHOT.jar:?]
	at org.apache.ratis.server.impl.RaftServerImpl.writeAsyncImpl(RaftServerImpl.java:973) ~[ratis-server-3.1.2.jar:3.1.2]
	at org.apache.ratis.server.impl.RaftServerImpl.writeAsync(RaftServerImpl.java:946) ~[ratis-server-3.1.2.jar:3.1.2]
	at org.apache.ratis.server.impl.RaftServerImpl.replyFuture(RaftServerImpl.java:939) ~[ratis-server-3.1.2.jar:3.1.2]
	at org.apache.ratis.server.impl.RaftServerImpl.submitClientRequestAsync(RaftServerImpl.java:916) ~[ratis-server-3.1.2.jar:3.1.2]
	at org.apache.ratis.server.impl.RaftServerImpl.lambda$null$11(RaftServerImpl.java:905) ~[ratis-server-3.1.2.jar:3.1.2]
	at org.apache.ratis.util.JavaUtils.callAsUnchecked(JavaUtils.java:118) ~[ratis-common-3.1.2.jar:3.1.2]
	at org.apache.ratis.server.impl.RaftServerImpl.lambda$executeSubmitClientRequestAsync$12(RaftServerImpl.java:905) ~[ratis-server-3.1.2.jar:3.1.2]
	at java.base/java.util.concurrent.CompletableFuture$AsyncSupply.run(CompletableFuture.java:1768) [?:?]
	at java.base/java.util.concurrent.ThreadPoolExecutor.runWorker(ThreadPoolExecutor.java:1136) [?:?]
	at java.base/java.util.concurrent.ThreadPoolExecutor$Worker.run(ThreadPoolExecutor.java:635) [?:?]
	at java.base/java.lang.Thread.run(Thread.java:840) [?:?]
2024-11-30 15:01:15,273 [grpc-default-executor-1] ERROR impl.OrderedAsync (OrderedAsync.java:lambda$send$4(181)) - Failed to send request, message=cmdType: PutBlock
traceID: ""
containerID: 1
datanodeUuid: "af7ee296-5066-44e3-a94d-aaeda09020f2"
putBlock {
  blockData {
    blockID {
      containerID: 1
      localID: 113750153625600001
      blockCommitSequenceId: 0
    }
    metadata {
      key: "TYPE"
      value: "KEY"
    }
    chunks {
      chunkName: "113750153625600001_chunk_1"
      offset: 0
      len: 100
      checksumData {
        type: NONE
        bytesPerChecksum: 16384
      }
    }
    chunks {
      chunkName: "113750153625600001_chunk_2"
      offset: 100
      len: 100
      checksumData {
        type: NONE
        bytesPerChecksum: 16384
      }
    }
    chunks {
      chunkName: "113750153625600001_chunk_3"
      offset: 200
      len: 100
      checksumData {
        type: NONE
        bytesPerChecksum: 16384
      }
    }
    chunks {
      chunkName: "113750153625600001_chunk_4"
      offset: 300
      len: 100
      checksumData {
        type: NONE
        bytesPerChecksum: 16384
      }
    }
    chunks {
      chunkName: "113750153625600001_chunk_5"
      offset: 400
      len: 100
      checksumData {
        type: NONE
        bytesPerChecksum: 16384
      }
    }
    chunks {
      chunkName: "113750153625600001_chunk_6"
      offset: 500
      len: 100
      checksumData {
        type: NONE
        bytesPerChecksum: 16384
      }
    }
    chunks {
      chunkName: "113750153625600001_chunk_7"
      offset: 600
      len: 100
      checksumData {
        type: NONE
        bytesPerChecksum: 16384
      }
    }
  }
  eof: false
}
version: 3
, data.size=0
java.util.concurrent.CompletionException: org.apache.ratis.protocol.exceptions.StateMachineException: org.apache.hadoop.hdds.scm.container.common.helpers.ContainerNotOpenException from Server 719b1c3f-249c-457a-8743-b06328301a87@group-563E99154595: Container 1 in CLOSING state
	at org.apache.ratis.client.impl.RaftClientImpl.handleRaftException(RaftClientImpl.java:373)
	at org.apache.ratis.client.impl.OrderedAsync.lambda$send$3(OrderedAsync.java:175)
	at java.base/java.util.concurrent.CompletableFuture$UniApply.tryFire(CompletableFuture.java:646)
	at java.base/java.util.concurrent.CompletableFuture.postComplete(CompletableFuture.java:510)
	at java.base/java.util.concurrent.CompletableFuture.complete(CompletableFuture.java:2147)
	at org.apache.ratis.client.impl.OrderedAsync$PendingOrderedRequest.setReply(OrderedAsync.java:105)
	at org.apache.ratis.client.impl.OrderedAsync$PendingOrderedRequest.setReply(OrderedAsync.java:66)
	at org.apache.ratis.util.SlidingWindow$RequestMap.setReply(SlidingWindow.java:147)
	at org.apache.ratis.util.SlidingWindow$Client.receiveReply(SlidingWindow.java:351)
	at org.apache.ratis.client.impl.OrderedAsync.lambda$sendRequestWithRetry$5(OrderedAsync.java:210)
	at java.base/java.util.concurrent.CompletableFuture$UniAccept.tryFire(CompletableFuture.java:718)
	at java.base/java.util.concurrent.CompletableFuture.postComplete(CompletableFuture.java:510)
	at java.base/java.util.concurrent.CompletableFuture.complete(CompletableFuture.java:2147)
	at org.apache.ratis.grpc.client.GrpcClientProtocolClient$AsyncStreamObservers$1.lambda$onNext$0(GrpcClientProtocolClient.java:325)
	at java.base/java.util.Optional.ifPresent(Optional.java:178)
	at org.apache.ratis.grpc.client.GrpcClientProtocolClient$AsyncStreamObservers.handleReplyFuture(GrpcClientProtocolClient.java:381)
	at org.apache.ratis.grpc.client.GrpcClientProtocolClient$AsyncStreamObservers.access$100(GrpcClientProtocolClient.java:303)
	at org.apache.ratis.grpc.client.GrpcClientProtocolClient$AsyncStreamObservers$1.onNext(GrpcClientProtocolClient.java:325)
	at org.apache.ratis.grpc.client.GrpcClientProtocolClient$AsyncStreamObservers$1.onNext(GrpcClientProtocolClient.java:308)
	at org.apache.ratis.thirdparty.io.grpc.stub.ClientCalls$StreamObserverToCallListenerAdapter.onMessage(ClientCalls.java:468)
	at org.apache.ratis.thirdparty.io.grpc.ForwardingClientCallListener.onMessage(ForwardingClientCallListener.java:33)
	at org.apache.ratis.thirdparty.io.grpc.internal.ClientCallImpl$ClientStreamListenerImpl$1MessagesAvailable.runInternal(ClientCallImpl.java:660)
	at org.apache.ratis.thirdparty.io.grpc.internal.ClientCallImpl$ClientStreamListenerImpl$1MessagesAvailable.runInContext(ClientCallImpl.java:647)
	at org.apache.ratis.thirdparty.io.grpc.internal.ContextRunnable.run(ContextRunnable.java:37)
	at org.apache.ratis.thirdparty.io.grpc.internal.SerializingExecutor.run(SerializingExecutor.java:133)
	at java.base/java.util.concurrent.ThreadPoolExecutor.runWorker(ThreadPoolExecutor.java:1136)
	at java.base/java.util.concurrent.ThreadPoolExecutor$Worker.run(ThreadPoolExecutor.java:635)
	at java.base/java.lang.Thread.run(Thread.java:840)
Caused by: org.apache.ratis.protocol.exceptions.StateMachineException: org.apache.hadoop.hdds.scm.container.common.helpers.ContainerNotOpenException from Server 719b1c3f-249c-457a-8743-b06328301a87@group-563E99154595: Container 1 in CLOSING state
	at org.apache.hadoop.ozone.container.common.impl.HddsDispatcher.validateContainerCommand(HddsDispatcher.java:573)
	at org.apache.hadoop.ozone.container.common.transport.server.ratis.ContainerStateMachine.startTransaction(ContainerStateMachine.java:441)
	at org.apache.ratis.server.impl.RaftServerImpl.writeAsyncImpl(RaftServerImpl.java:973)
	at org.apache.ratis.server.impl.RaftServerImpl.writeAsync(RaftServerImpl.java:946)
	at org.apache.ratis.server.impl.RaftServerImpl.replyFuture(RaftServerImpl.java:939)
	at org.apache.ratis.server.impl.RaftServerImpl.submitClientRequestAsync(RaftServerImpl.java:916)
	at org.apache.ratis.server.impl.RaftServerImpl.lambda$null$11(RaftServerImpl.java:905)
	at org.apache.ratis.util.JavaUtils.callAsUnchecked(JavaUtils.java:118)
	at org.apache.ratis.server.impl.RaftServerImpl.lambda$executeSubmitClientRequestAsync$12(RaftServerImpl.java:905)
	at java.base/java.util.concurrent.CompletableFuture$AsyncSupply.run(CompletableFuture.java:1768)
	... 3 more
Caused by: org.apache.hadoop.hdds.scm.container.common.helpers.ContainerNotOpenException: Container 1 in CLOSING state
	at jdk.internal.reflect.GeneratedConstructorAccessor75.newInstance(Unknown Source)
	at java.base/jdk.internal.reflect.DelegatingConstructorAccessorImpl.newInstance(DelegatingConstructorAccessorImpl.java:45)
	at java.base/java.lang.reflect.Constructor.newInstanceWithCaller(Constructor.java:500)
	at java.base/java.lang.reflect.Constructor.newInstance(Constructor.java:481)
	at org.apache.ratis.util.ReflectionUtils.instantiateException(ReflectionUtils.java:259)
	at org.apache.ratis.client.impl.ClientProtoUtils.toStateMachineException(ClientProtoUtils.java:455)
	at org.apache.ratis.client.impl.ClientProtoUtils.toStateMachineException(ClientProtoUtils.java:441)
	at org.apache.ratis.client.impl.ClientProtoUtils.toRaftClientReply(ClientProtoUtils.java:408)
	at org.apache.ratis.grpc.client.GrpcClientProtocolClient$AsyncStreamObservers$1.onNext(GrpcClientProtocolClient.java:313)
	at org.apache.ratis.grpc.client.GrpcClientProtocolClient$AsyncStreamObservers$1.onNext(GrpcClientProtocolClient.java:308)
	at org.apache.ratis.thirdparty.io.grpc.stub.ClientCalls$StreamObserverToCallListenerAdapter.onMessage(ClientCalls.java:468)
	at org.apache.ratis.thirdparty.io.grpc.ForwardingClientCallListener.onMessage(ForwardingClientCallListener.java:33)
	at org.apache.ratis.thirdparty.io.grpc.internal.ClientCallImpl$ClientStreamListenerImpl$1MessagesAvailable.runInternal(ClientCallImpl.java:660)
	at org.apache.ratis.thirdparty.io.grpc.internal.ClientCallImpl$ClientStreamListenerImpl$1MessagesAvailable.runInContext(ClientCallImpl.java:647)
	at org.apache.ratis.thirdparty.io.grpc.internal.ContextRunnable.run(ContextRunnable.java:37)
	at org.apache.ratis.thirdparty.io.grpc.internal.SerializingExecutor.run(SerializingExecutor.java:133)
	... 3 more
2024-11-30 15:01:15,274 [grpc-default-executor-1] ERROR impl.OrderedAsync (OrderedAsync.java:lambda$send$4(181)) - Failed to send request, message=cmdType: WriteChunk
traceID: ""
containerID: 1
datanodeUuid: "af7ee296-5066-44e3-a94d-aaeda09020f2"
writeChunk {
  blockID {
    containerID: 1
    localID: 113750153625600001
    blockCommitSequenceId: 13
    replicaIndex: 0
  }
  chunkData {
    chunkName: "113750153625600001_chunk_8"
    offset: 700
    len: 100
    checksumData {
      type: NONE
      bytesPerChecksum: 16384
    }
  }
}
version: 3
, data.size=100
java.util.concurrent.CompletionException: org.apache.ratis.protocol.exceptions.StateMachineException: org.apache.hadoop.hdds.scm.container.common.helpers.ContainerNotOpenException from Server 719b1c3f-249c-457a-8743-b06328301a87@group-563E99154595: Container 1 in CLOSING state
	at org.apache.ratis.client.impl.RaftClientImpl.handleRaftException(RaftClientImpl.java:373)
	at org.apache.ratis.client.impl.OrderedAsync.lambda$send$3(OrderedAsync.java:175)
	at java.base/java.util.concurrent.CompletableFuture$UniApply.tryFire(CompletableFuture.java:646)
	at java.base/java.util.concurrent.CompletableFuture.postComplete(CompletableFuture.java:510)
	at java.base/java.util.concurrent.CompletableFuture.complete(CompletableFuture.java:2147)
	at org.apache.ratis.client.impl.OrderedAsync$PendingOrderedRequest.setReply(OrderedAsync.java:105)
	at org.apache.ratis.client.impl.OrderedAsync$PendingOrderedRequest.setReply(OrderedAsync.java:66)
	at org.apache.ratis.util.SlidingWindow$RequestMap.setReply(SlidingWindow.java:147)
	at org.apache.ratis.util.SlidingWindow$Client.receiveReply(SlidingWindow.java:351)
	at org.apache.ratis.client.impl.OrderedAsync.lambda$sendRequestWithRetry$5(OrderedAsync.java:210)
	at java.base/java.util.concurrent.CompletableFuture$UniAccept.tryFire(CompletableFuture.java:718)
	at java.base/java.util.concurrent.CompletableFuture.postComplete(CompletableFuture.java:510)
	at java.base/java.util.concurrent.CompletableFuture.complete(CompletableFuture.java:2147)
	at org.apache.ratis.grpc.client.GrpcClientProtocolClient$AsyncStreamObservers$1.lambda$onNext$0(GrpcClientProtocolClient.java:325)
	at java.base/java.util.Optional.ifPresent(Optional.java:178)
	at org.apache.ratis.grpc.client.GrpcClientProtocolClient$AsyncStreamObservers.handleReplyFuture(GrpcClientProtocolClient.java:381)
	at org.apache.ratis.grpc.client.GrpcClientProtocolClient$AsyncStreamObservers.access$100(GrpcClientProtocolClient.java:303)
	at org.apache.ratis.grpc.client.GrpcClientProtocolClient$AsyncStreamObservers$1.onNext(GrpcClientProtocolClient.java:325)
	at org.apache.ratis.grpc.client.GrpcClientProtocolClient$AsyncStreamObservers$1.onNext(GrpcClientProtocolClient.java:308)
	at org.apache.ratis.thirdparty.io.grpc.stub.ClientCalls$StreamObserverToCallListenerAdapter.onMessage(ClientCalls.java:468)
	at org.apache.ratis.thirdparty.io.grpc.ForwardingClientCallListener.onMessage(ForwardingClientCallListener.java:33)
	at org.apache.ratis.thirdparty.io.grpc.internal.ClientCallImpl$ClientStreamListenerImpl$1MessagesAvailable.runInternal(ClientCallImpl.java:660)
	at org.apache.ratis.thirdparty.io.grpc.internal.ClientCallImpl$ClientStreamListenerImpl$1MessagesAvailable.runInContext(ClientCallImpl.java:647)
	at org.apache.ratis.thirdparty.io.grpc.internal.ContextRunnable.run(ContextRunnable.java:37)
	at org.apache.ratis.thirdparty.io.grpc.internal.SerializingExecutor.run(SerializingExecutor.java:133)
	at java.base/java.util.concurrent.ThreadPoolExecutor.runWorker(ThreadPoolExecutor.java:1136)
	at java.base/java.util.concurrent.ThreadPoolExecutor$Worker.run(ThreadPoolExecutor.java:635)
	at java.base/java.lang.Thread.run(Thread.java:840)
Caused by: org.apache.ratis.protocol.exceptions.StateMachineException: org.apache.hadoop.hdds.scm.container.common.helpers.ContainerNotOpenException from Server 719b1c3f-249c-457a-8743-b06328301a87@group-563E99154595: Container 1 in CLOSING state
	at org.apache.hadoop.ozone.container.common.impl.HddsDispatcher.validateContainerCommand(HddsDispatcher.java:573)
	at org.apache.hadoop.ozone.container.common.transport.server.ratis.ContainerStateMachine.startTransaction(ContainerStateMachine.java:441)
	at org.apache.ratis.server.impl.RaftServerImpl.writeAsyncImpl(RaftServerImpl.java:973)
	at org.apache.ratis.server.impl.RaftServerImpl.writeAsync(RaftServerImpl.java:946)
	at org.apache.ratis.server.impl.RaftServerImpl.replyFuture(RaftServerImpl.java:939)
	at org.apache.ratis.server.impl.RaftServerImpl.submitClientRequestAsync(RaftServerImpl.java:916)
	at org.apache.ratis.server.impl.RaftServerImpl.lambda$null$11(RaftServerImpl.java:905)
	at org.apache.ratis.util.JavaUtils.callAsUnchecked(JavaUtils.java:118)
	at org.apache.ratis.server.impl.RaftServerImpl.lambda$executeSubmitClientRequestAsync$12(RaftServerImpl.java:905)
	at java.base/java.util.concurrent.CompletableFuture$AsyncSupply.run(CompletableFuture.java:1768)
	... 3 more
Caused by: org.apache.hadoop.hdds.scm.container.common.helpers.ContainerNotOpenException: Container 1 in CLOSING state
	at jdk.internal.reflect.GeneratedConstructorAccessor75.newInstance(Unknown Source)
	at java.base/jdk.internal.reflect.DelegatingConstructorAccessorImpl.newInstance(DelegatingConstructorAccessorImpl.java:45)
	at java.base/java.lang.reflect.Constructor.newInstanceWithCaller(Constructor.java:500)
	at java.base/java.lang.reflect.Constructor.newInstance(Constructor.java:481)
	at org.apache.ratis.util.ReflectionUtils.instantiateException(ReflectionUtils.java:259)
	at org.apache.ratis.client.impl.ClientProtoUtils.toStateMachineException(ClientProtoUtils.java:455)
	at org.apache.ratis.client.impl.ClientProtoUtils.toStateMachineException(ClientProtoUtils.java:441)
	at org.apache.ratis.client.impl.ClientProtoUtils.toRaftClientReply(ClientProtoUtils.java:408)
	at org.apache.ratis.grpc.client.GrpcClientProtocolClient$AsyncStreamObservers$1.onNext(GrpcClientProtocolClient.java:313)
	at org.apache.ratis.grpc.client.GrpcClientProtocolClient$AsyncStreamObservers$1.onNext(GrpcClientProtocolClient.java:308)
	at org.apache.ratis.thirdparty.io.grpc.stub.ClientCalls$StreamObserverToCallListenerAdapter.onMessage(ClientCalls.java:468)
	at org.apache.ratis.thirdparty.io.grpc.ForwardingClientCallListener.onMessage(ForwardingClientCallListener.java:33)
	at org.apache.ratis.thirdparty.io.grpc.internal.ClientCallImpl$ClientStreamListenerImpl$1MessagesAvailable.runInternal(ClientCallImpl.java:660)
	at org.apache.ratis.thirdparty.io.grpc.internal.ClientCallImpl$ClientStreamListenerImpl$1MessagesAvailable.runInContext(ClientCallImpl.java:647)
	at org.apache.ratis.thirdparty.io.grpc.internal.ContextRunnable.run(ContextRunnable.java:37)
	at org.apache.ratis.thirdparty.io.grpc.internal.SerializingExecutor.run(SerializingExecutor.java:133)
	... 3 more
2024-11-30 15:01:15,275 [grpc-default-executor-1] ERROR impl.OrderedAsync (OrderedAsync.java:lambda$send$4(181)) - Failed to send request, message=cmdType: PutBlock
traceID: ""
containerID: 1
datanodeUuid: "af7ee296-5066-44e3-a94d-aaeda09020f2"
putBlock {
  blockData {
    blockID {
      containerID: 1
      localID: 113750153625600001
      blockCommitSequenceId: 0
    }
    metadata {
      key: "TYPE"
      value: "KEY"
    }
    chunks {
      chunkName: "113750153625600001_chunk_1"
      offset: 0
      len: 100
      checksumData {
        type: NONE
        bytesPerChecksum: 16384
      }
    }
    chunks {
      chunkName: "113750153625600001_chunk_2"
      offset: 100
      len: 100
      checksumData {
        type: NONE
        bytesPerChecksum: 16384
      }
    }
    chunks {
      chunkName: "113750153625600001_chunk_3"
      offset: 200
      len: 100
      checksumData {
        type: NONE
        bytesPerChecksum: 16384
      }
    }
    chunks {
      chunkName: "113750153625600001_chunk_4"
      offset: 300
      len: 100
      checksumData {
        type: NONE
        bytesPerChecksum: 16384
      }
    }
    chunks {
      chunkName: "113750153625600001_chunk_5"
      offset: 400
      len: 100
      checksumData {
        type: NONE
        bytesPerChecksum: 16384
      }
    }
    chunks {
      chunkName: "113750153625600001_chunk_6"
      offset: 500
      len: 100
      checksumData {
        type: NONE
        bytesPerChecksum: 16384
      }
    }
    chunks {
      chunkName: "113750153625600001_chunk_7"
      offset: 600
      len: 100
      checksumData {
        type: NONE
        bytesPerChecksum: 16384
      }
    }
    chunks {
      chunkName: "113750153625600001_chunk_8"
      offset: 700
      len: 100
      checksumData {
        type: NONE
        bytesPerChecksum: 16384
      }
    }
  }
  eof: true
}
version: 3
, data.size=0
java.util.concurrent.CompletionException: org.apache.ratis.protocol.exceptions.StateMachineException: org.apache.hadoop.hdds.scm.container.common.helpers.ContainerNotOpenException from Server 719b1c3f-249c-457a-8743-b06328301a87@group-563E99154595: Container 1 in CLOSING state
	at org.apache.ratis.client.impl.RaftClientImpl.handleRaftException(RaftClientImpl.java:373)
	at org.apache.ratis.client.impl.OrderedAsync.lambda$send$3(OrderedAsync.java:175)
	at java.base/java.util.concurrent.CompletableFuture$UniApply.tryFire(CompletableFuture.java:646)
	at java.base/java.util.concurrent.CompletableFuture.postComplete(CompletableFuture.java:510)
	at java.base/java.util.concurrent.CompletableFuture.complete(CompletableFuture.java:2147)
	at org.apache.ratis.client.impl.OrderedAsync$PendingOrderedRequest.setReply(OrderedAsync.java:105)
	at org.apache.ratis.client.impl.OrderedAsync$PendingOrderedRequest.setReply(OrderedAsync.java:66)
	at org.apache.ratis.util.SlidingWindow$RequestMap.setReply(SlidingWindow.java:147)
	at org.apache.ratis.util.SlidingWindow$Client.receiveReply(SlidingWindow.java:351)
	at org.apache.ratis.client.impl.OrderedAsync.lambda$sendRequestWithRetry$5(OrderedAsync.java:210)
	at java.base/java.util.concurrent.CompletableFuture$UniAccept.tryFire(CompletableFuture.java:718)
	at java.base/java.util.concurrent.CompletableFuture.postComplete(CompletableFuture.java:510)
	at java.base/java.util.concurrent.CompletableFuture.complete(CompletableFuture.java:2147)
	at org.apache.ratis.grpc.client.GrpcClientProtocolClient$AsyncStreamObservers$1.lambda$onNext$0(GrpcClientProtocolClient.java:325)
	at java.base/java.util.Optional.ifPresent(Optional.java:178)
	at org.apache.ratis.grpc.client.GrpcClientProtocolClient$AsyncStreamObservers.handleReplyFuture(GrpcClientProtocolClient.java:381)
	at org.apache.ratis.grpc.client.GrpcClientProtocolClient$AsyncStreamObservers.access$100(GrpcClientProtocolClient.java:303)
	at org.apache.ratis.grpc.client.GrpcClientProtocolClient$AsyncStreamObservers$1.onNext(GrpcClientProtocolClient.java:325)
	at org.apache.ratis.grpc.client.GrpcClientProtocolClient$AsyncStreamObservers$1.onNext(GrpcClientProtocolClient.java:308)
	at org.apache.ratis.thirdparty.io.grpc.stub.ClientCalls$StreamObserverToCallListenerAdapter.onMessage(ClientCalls.java:468)
	at org.apache.ratis.thirdparty.io.grpc.ForwardingClientCallListener.onMessage(ForwardingClientCallListener.java:33)
	at org.apache.ratis.thirdparty.io.grpc.internal.ClientCallImpl$ClientStreamListenerImpl$1MessagesAvailable.runInternal(ClientCallImpl.java:660)
	at org.apache.ratis.thirdparty.io.grpc.internal.ClientCallImpl$ClientStreamListenerImpl$1MessagesAvailable.runInContext(ClientCallImpl.java:647)
	at org.apache.ratis.thirdparty.io.grpc.internal.ContextRunnable.run(ContextRunnable.java:37)
	at org.apache.ratis.thirdparty.io.grpc.internal.SerializingExecutor.run(SerializingExecutor.java:133)
	at java.base/java.util.concurrent.ThreadPoolExecutor.runWorker(ThreadPoolExecutor.java:1136)
	at java.base/java.util.concurrent.ThreadPoolExecutor$Worker.run(ThreadPoolExecutor.java:635)
	at java.base/java.lang.Thread.run(Thread.java:840)
Caused by: org.apache.ratis.protocol.exceptions.StateMachineException: org.apache.hadoop.hdds.scm.container.common.helpers.ContainerNotOpenException from Server 719b1c3f-249c-457a-8743-b06328301a87@group-563E99154595: Container 1 in CLOSING state
	at org.apache.hadoop.ozone.container.common.impl.HddsDispatcher.validateContainerCommand(HddsDispatcher.java:573)
	at org.apache.hadoop.ozone.container.common.transport.server.ratis.ContainerStateMachine.startTransaction(ContainerStateMachine.java:441)
	at org.apache.ratis.server.impl.RaftServerImpl.writeAsyncImpl(RaftServerImpl.java:973)
	at org.apache.ratis.server.impl.RaftServerImpl.writeAsync(RaftServerImpl.java:946)
	at org.apache.ratis.server.impl.RaftServerImpl.replyFuture(RaftServerImpl.java:939)
	at org.apache.ratis.server.impl.RaftServerImpl.submitClientRequestAsync(RaftServerImpl.java:916)
	at org.apache.ratis.server.impl.RaftServerImpl.lambda$null$11(RaftServerImpl.java:905)
	at org.apache.ratis.util.JavaUtils.callAsUnchecked(JavaUtils.java:118)
	at org.apache.ratis.server.impl.RaftServerImpl.lambda$executeSubmitClientRequestAsync$12(RaftServerImpl.java:905)
	at java.base/java.util.concurrent.CompletableFuture$AsyncSupply.run(CompletableFuture.java:1768)
	... 3 more
Caused by: org.apache.hadoop.hdds.scm.container.common.helpers.ContainerNotOpenException: Container 1 in CLOSING state
	at jdk.internal.reflect.GeneratedConstructorAccessor75.newInstance(Unknown Source)
	at java.base/jdk.internal.reflect.DelegatingConstructorAccessorImpl.newInstance(DelegatingConstructorAccessorImpl.java:45)
	at java.base/java.lang.reflect.Constructor.newInstanceWithCaller(Constructor.java:500)
	at java.base/java.lang.reflect.Constructor.newInstance(Constructor.java:481)
	at org.apache.ratis.util.ReflectionUtils.instantiateException(ReflectionUtils.java:259)
	at org.apache.ratis.client.impl.ClientProtoUtils.toStateMachineException(ClientProtoUtils.java:455)
	at org.apache.ratis.client.impl.ClientProtoUtils.toStateMachineException(ClientProtoUtils.java:441)
	at org.apache.ratis.client.impl.ClientProtoUtils.toRaftClientReply(ClientProtoUtils.java:408)
	at org.apache.ratis.grpc.client.GrpcClientProtocolClient$AsyncStreamObservers$1.onNext(GrpcClientProtocolClient.java:313)
	at org.apache.ratis.grpc.client.GrpcClientProtocolClient$AsyncStreamObservers$1.onNext(GrpcClientProtocolClient.java:308)
	at org.apache.ratis.thirdparty.io.grpc.stub.ClientCalls$StreamObserverToCallListenerAdapter.onMessage(ClientCalls.java:468)
	at org.apache.ratis.thirdparty.io.grpc.ForwardingClientCallListener.onMessage(ForwardingClientCallListener.java:33)
	at org.apache.ratis.thirdparty.io.grpc.internal.ClientCallImpl$ClientStreamListenerImpl$1MessagesAvailable.runInternal(ClientCallImpl.java:660)
	at org.apache.ratis.thirdparty.io.grpc.internal.ClientCallImpl$ClientStreamListenerImpl$1MessagesAvailable.runInContext(ClientCallImpl.java:647)
	at org.apache.ratis.thirdparty.io.grpc.internal.ContextRunnable.run(ContextRunnable.java:37)
	at org.apache.ratis.thirdparty.io.grpc.internal.SerializingExecutor.run(SerializingExecutor.java:133)
	... 3 more
2024-11-30 15:01:15,278 [IPC Server handler 0 on default port 15160] INFO  pipeline.RatisPipelineProvider (RatisPipelineProvider.java:lambda$create$0(205)) - Sending CreatePipelineCommand for pipeline:PipelineID=9db59abe-b990-4d0b-86b1-2d96a7ef0172 to datanode:d57daabc-8d0b-4ea3-831e-cde13ca8d1d7
2024-11-30 15:01:15,278 [IPC Server handler 0 on default port 15160] INFO  pipeline.RatisPipelineProvider (RatisPipelineProvider.java:lambda$create$0(205)) - Sending CreatePipelineCommand for pipeline:PipelineID=9db59abe-b990-4d0b-86b1-2d96a7ef0172 to datanode:719b1c3f-249c-457a-8743-b06328301a87
2024-11-30 15:01:15,278 [IPC Server handler 0 on default port 15160] INFO  pipeline.RatisPipelineProvider (RatisPipelineProvider.java:lambda$create$0(205)) - Sending CreatePipelineCommand for pipeline:PipelineID=9db59abe-b990-4d0b-86b1-2d96a7ef0172 to datanode:91a17cbe-1555-4f52-a9ac-e5caa7cc945b
2024-11-30 15:01:15,305 [EventQueue-StaleNodeForStaleNodeHandler] INFO  node.StaleNodeHandler (StaleNodeHandler.java:onMessage(57)) - Datanode d57daabc-8d0b-4ea3-831e-cde13ca8d1d7(localhost/127.0.0.1) moved to stale state. Finalizing its pipelines [PipelineID=6fa0cb32-10f3-4162-b9fa-006f4fff65fd, PipelineID=08b1ff62-7daa-4c81-a90d-e05db5954e57, PipelineID=9db59abe-b990-4d0b-86b1-2d96a7ef0172, PipelineID=8cbe2343-485f-4a35-b27e-881ffcb406ee, PipelineID=30e54b79-c26a-4b32-b794-563e99154595]
2024-11-30 15:01:15,305 [EventQueue-DeadNodeForDeadNodeHandler] INFO  node.DeadNodeHandler (DeadNodeHandler.java:onMessage(95)) - A dead datanode is detected. af7ee296-5066-44e3-a94d-aaeda09020f2(localhost/127.0.0.1)
2024-11-30 15:01:15,306 [EventQueue-StaleNodeForStaleNodeHandler] INFO  pipeline.PipelineManagerImpl (PipelineManagerImpl.java:closePipeline(518)) - Pipeline PipelineID=08b1ff62-7daa-4c81-a90d-e05db5954e57 moved to CLOSED state
2024-11-30 15:01:15,306 [EventQueue-DeadNodeForDeadNodeHandler] INFO  pipeline.RatisPipelineProvider (RatisPipelineProvider.java:lambda$close$4(270)) - Send pipeline:PipelineID=c8c63d18-dbd2-4844-8eae-0733b6903265 close command to datanode af7ee296-5066-44e3-a94d-aaeda09020f2
2024-11-30 15:01:15,306 [EventQueue-StaleNodeForStaleNodeHandler] INFO  pipeline.PipelineManagerImpl (PipelineManagerImpl.java:closePipeline(518)) - Pipeline PipelineID=9db59abe-b990-4d0b-86b1-2d96a7ef0172 moved to CLOSED state
2024-11-30 15:01:15,306 [EventQueue-DeadNodeForDeadNodeHandler] INFO  pipeline.PipelineManagerImpl (PipelineManagerImpl.java:removePipeline(459)) - Pipeline Pipeline[ Id: c8c63d18-dbd2-4844-8eae-0733b6903265, Nodes: af7ee296-5066-44e3-a94d-aaeda09020f2(localhost/127.0.0.1) ReplicaIndex: 0, ReplicationConfig: RATIS/ONE, State:CLOSED, leaderId:af7ee296-5066-44e3-a94d-aaeda09020f2, CreationTimestamp2024-11-30T15:01:00.645Z[Etc/UTC]] removed.
2024-11-30 15:01:15,307 [EventQueue-DeadNodeForDeadNodeHandler] INFO  pipeline.RatisPipelineProvider (RatisPipelineProvider.java:lambda$close$4(270)) - Send pipeline:PipelineID=6fa0cb32-10f3-4162-b9fa-006f4fff65fd close command to datanode af7ee296-5066-44e3-a94d-aaeda09020f2
2024-11-30 15:01:15,307 [EventQueue-DeadNodeForDeadNodeHandler] INFO  pipeline.RatisPipelineProvider (RatisPipelineProvider.java:lambda$close$4(270)) - Send pipeline:PipelineID=6fa0cb32-10f3-4162-b9fa-006f4fff65fd close command to datanode 719b1c3f-249c-457a-8743-b06328301a87
2024-11-30 15:01:15,307 [EventQueue-DeadNodeForDeadNodeHandler] INFO  pipeline.RatisPipelineProvider (RatisPipelineProvider.java:lambda$close$4(270)) - Send pipeline:PipelineID=6fa0cb32-10f3-4162-b9fa-006f4fff65fd close command to datanode d57daabc-8d0b-4ea3-831e-cde13ca8d1d7
2024-11-30 15:01:15,307 [EventQueue-DeadNodeForDeadNodeHandler] INFO  pipeline.PipelineManagerImpl (PipelineManagerImpl.java:removePipeline(459)) - Pipeline Pipeline[ Id: 6fa0cb32-10f3-4162-b9fa-006f4fff65fd, Nodes: af7ee296-5066-44e3-a94d-aaeda09020f2(localhost/127.0.0.1) ReplicaIndex: 0719b1c3f-249c-457a-8743-b06328301a87(localhost/127.0.0.1) ReplicaIndex: 0d57daabc-8d0b-4ea3-831e-cde13ca8d1d7(localhost/127.0.0.1) ReplicaIndex: 0, ReplicationConfig: RATIS/THREE, State:CLOSED, leaderId:af7ee296-5066-44e3-a94d-aaeda09020f2, CreationTimestamp2024-11-30T15:01:00.648Z[Etc/UTC]] removed.
2024-11-30 15:01:15,307 [EventQueue-DeadNodeForDeadNodeHandler] INFO  pipeline.RatisPipelineProvider (RatisPipelineProvider.java:lambda$close$4(270)) - Send pipeline:PipelineID=8cbe2343-485f-4a35-b27e-881ffcb406ee close command to datanode af7ee296-5066-44e3-a94d-aaeda09020f2
2024-11-30 15:01:15,307 [EventQueue-DeadNodeForDeadNodeHandler] INFO  pipeline.RatisPipelineProvider (RatisPipelineProvider.java:lambda$close$4(270)) - Send pipeline:PipelineID=8cbe2343-485f-4a35-b27e-881ffcb406ee close command to datanode 719b1c3f-249c-457a-8743-b06328301a87
2024-11-30 15:01:15,307 [EventQueue-DeadNodeForDeadNodeHandler] INFO  pipeline.RatisPipelineProvider (RatisPipelineProvider.java:lambda$close$4(270)) - Send pipeline:PipelineID=8cbe2343-485f-4a35-b27e-881ffcb406ee close command to datanode d57daabc-8d0b-4ea3-831e-cde13ca8d1d7
2024-11-30 15:01:15,307 [EventQueue-DeadNodeForDeadNodeHandler] INFO  pipeline.PipelineManagerImpl (PipelineManagerImpl.java:removePipeline(459)) - Pipeline Pipeline[ Id: 8cbe2343-485f-4a35-b27e-881ffcb406ee, Nodes: af7ee296-5066-44e3-a94d-aaeda09020f2(localhost/127.0.0.1) ReplicaIndex: 0719b1c3f-249c-457a-8743-b06328301a87(localhost/127.0.0.1) ReplicaIndex: 0d57daabc-8d0b-4ea3-831e-cde13ca8d1d7(localhost/127.0.0.1) ReplicaIndex: 0, ReplicationConfig: RATIS/THREE, State:CLOSED, leaderId:d57daabc-8d0b-4ea3-831e-cde13ca8d1d7, CreationTimestamp2024-11-30T15:01:00.647Z[Etc/UTC]] removed.
2024-11-30 15:01:15,307 [EventQueue-DeadNodeForDeadNodeHandler] INFO  pipeline.RatisPipelineProvider (RatisPipelineProvider.java:lambda$close$4(270)) - Send pipeline:PipelineID=30e54b79-c26a-4b32-b794-563e99154595 close command to datanode af7ee296-5066-44e3-a94d-aaeda09020f2
2024-11-30 15:01:15,308 [EventQueue-DeadNodeForDeadNodeHandler] INFO  pipeline.RatisPipelineProvider (RatisPipelineProvider.java:lambda$close$4(270)) - Send pipeline:PipelineID=30e54b79-c26a-4b32-b794-563e99154595 close command to datanode d57daabc-8d0b-4ea3-831e-cde13ca8d1d7
2024-11-30 15:01:15,308 [EventQueue-DeadNodeForDeadNodeHandler] INFO  pipeline.RatisPipelineProvider (RatisPipelineProvider.java:lambda$close$4(270)) - Send pipeline:PipelineID=30e54b79-c26a-4b32-b794-563e99154595 close command to datanode 719b1c3f-249c-457a-8743-b06328301a87
2024-11-30 15:01:15,308 [EventQueue-DeadNodeForDeadNodeHandler] INFO  pipeline.PipelineManagerImpl (PipelineManagerImpl.java:removePipeline(459)) - Pipeline Pipeline[ Id: 30e54b79-c26a-4b32-b794-563e99154595, Nodes: af7ee296-5066-44e3-a94d-aaeda09020f2(localhost/127.0.0.1) ReplicaIndex: 0d57daabc-8d0b-4ea3-831e-cde13ca8d1d7(localhost/127.0.0.1) ReplicaIndex: 0719b1c3f-249c-457a-8743-b06328301a87(localhost/127.0.0.1) ReplicaIndex: 0, ReplicationConfig: RATIS/THREE, State:CLOSED, leaderId:719b1c3f-249c-457a-8743-b06328301a87, CreationTimestamp2024-11-30T15:01:00.646Z[Etc/UTC]] removed.
2024-11-30 15:01:15,308 [EventQueue-DeadNodeForDeadNodeHandler] INFO  node.DeadNodeHandler (DeadNodeHandler.java:onMessage(108)) - Clearing command queue of size 5 for DN af7ee296-5066-44e3-a94d-aaeda09020f2(localhost/127.0.0.1)
2024-11-30 15:01:15,308 [EventQueue-DeadNodeForDeadNodeHandler] INFO  net.NetworkTopologyImpl (NetworkTopologyImpl.java:remove(212)) - Removed a node: /default-rack/af7ee296-5066-44e3-a94d-aaeda09020f2
2024-11-30 15:01:17,208 [719b1c3f-249c-457a-8743-b06328301a87-PipelineCommandHandlerThread-0] INFO  server.RaftServer (RaftServerProxy.java:addNew(100)) - 719b1c3f-249c-457a-8743-b06328301a87: addNew group-2D96A7EF0172:[719b1c3f-249c-457a-8743-b06328301a87|127.0.0.1:15171, 91a17cbe-1555-4f52-a9ac-e5caa7cc945b|127.0.0.1:15207, d57daabc-8d0b-4ea3-831e-cde13ca8d1d7|127.0.0.1:15180] returns group-2D96A7EF0172:java.util.concurrent.CompletableFuture@2582aeaf[Not completed]
2024-11-30 15:01:17,209 [719b1c3f-249c-457a-8743-b06328301a87-groupManagement] INFO  server.RaftServer$Division (RaftServerImpl.java:<init>(255)) - 719b1c3f-249c-457a-8743-b06328301a87: new RaftServerImpl for group-2D96A7EF0172:[719b1c3f-249c-457a-8743-b06328301a87|127.0.0.1:15171, 91a17cbe-1555-4f52-a9ac-e5caa7cc945b|127.0.0.1:15207, d57daabc-8d0b-4ea3-831e-cde13ca8d1d7|127.0.0.1:15180] with ContainerStateMachine:uninitialized
2024-11-30 15:01:17,209 [719b1c3f-249c-457a-8743-b06328301a87-groupManagement] INFO  server.RaftServerConfigKeys (ConfUtils.java:logGet(46)) - raft.server.rpc.timeout.min = 5s (custom)
2024-11-30 15:01:17,209 [719b1c3f-249c-457a-8743-b06328301a87-groupManagement] INFO  server.RaftServerConfigKeys (ConfUtils.java:logGet(46)) - raft.server.rpc.timeout.max = 5200ms (custom)
2024-11-30 15:01:17,209 [719b1c3f-249c-457a-8743-b06328301a87-groupManagement] INFO  server.RaftServerConfigKeys (ConfUtils.java:logGet(46)) - raft.server.rpc.sleep.time = 25ms (default)
2024-11-30 15:01:17,209 [719b1c3f-249c-457a-8743-b06328301a87-groupManagement] INFO  server.RaftServerConfigKeys (ConfUtils.java:logGet(46)) - raft.server.rpc.slowness.timeout = 300000ms (custom)
2024-11-30 15:01:17,209 [719b1c3f-249c-457a-8743-b06328301a87-groupManagement] INFO  server.RaftServerConfigKeys (ConfUtils.java:logGet(46)) - raft.server.leaderelection.leader.step-down.wait-time = 10s (default)
2024-11-30 15:01:17,209 [719b1c3f-249c-457a-8743-b06328301a87-groupManagement] INFO  server.RaftServerConfigKeys (ConfUtils.java:logGet(46)) - raft.server.leaderelection.member.majority-add = false (default)
2024-11-30 15:01:17,209 [719b1c3f-249c-457a-8743-b06328301a87-groupManagement] INFO  server.RaftServerConfigKeys (ConfUtils.java:logGet(46)) - raft.server.sleep.deviation.threshold = 300ms (default)
2024-11-30 15:01:17,209 [719b1c3f-249c-457a-8743-b06328301a87-groupManagement] INFO  server.RaftServer$Division (ServerState.java:<init>(114)) - 719b1c3f-249c-457a-8743-b06328301a87@group-2D96A7EF0172: ConfigurationManager, init=conf: {index: -1, cur=peers:[719b1c3f-249c-457a-8743-b06328301a87|127.0.0.1:15171, 91a17cbe-1555-4f52-a9ac-e5caa7cc945b|127.0.0.1:15207, d57daabc-8d0b-4ea3-831e-cde13ca8d1d7|127.0.0.1:15180]|listeners:[], old=null}, confs=<EMPTY_MAP>
2024-11-30 15:01:17,209 [719b1c3f-249c-457a-8743-b06328301a87-groupManagement] INFO  server.RaftServerConfigKeys (ConfUtils.java:logGet(46)) - raft.server.notification.no-leader.timeout = 300000ms (custom)
2024-11-30 15:01:17,209 [719b1c3f-249c-457a-8743-b06328301a87-groupManagement] INFO  server.RaftServerConfigKeys (ConfUtils.java:logGet(46)) - raft.server.read.timeout = 10s (default)
2024-11-30 15:01:17,209 [719b1c3f-249c-457a-8743-b06328301a87-groupManagement] INFO  server.RaftServerConfigKeys (ConfUtils.java:logGet(46)) - raft.server.retrycache.expirytime = 600000ms (custom)
2024-11-30 15:01:17,210 [719b1c3f-249c-457a-8743-b06328301a87-groupManagement] INFO  server.RaftServerConfigKeys (ConfUtils.java:logGet(46)) - raft.server.retrycache.statistics.expirytime = 100ms (default)
2024-11-30 15:01:17,210 [719b1c3f-249c-457a-8743-b06328301a87-groupManagement] INFO  server.RaftServerConfigKeys (ConfUtils.java:logGet(46)) - raft.server.read.option = DEFAULT (default)
2024-11-30 15:01:17,210 [719b1c3f-249c-457a-8743-b06328301a87-groupManagement] INFO  server.RaftServerConfigKeys (ConfUtils.java:logGet(46)) - raft.server.read.read-after-write-consistent.write-index-cache.expiry-time = 60s (default)
2024-11-30 15:01:17,211 [719b1c3f-249c-457a-8743-b06328301a87-groupManagement] INFO  server.RaftServerConfigKeys (ConfUtils.java:logGet(46)) - raft.server.rpc.request.timeout = 3000ms (default)
2024-11-30 15:01:17,211 [719b1c3f-249c-457a-8743-b06328301a87-groupManagement] INFO  server.RaftServerConfigKeys (ConfUtils.java:logGet(46)) - raft.server.log.appender.install.snapshot.enabled = false (custom)
2024-11-30 15:01:17,211 [719b1c3f-249c-457a-8743-b06328301a87-groupManagement] INFO  server.RaftServerConfigKeys (ConfUtils.java:logGet(46)) - raft.server.threadpool.server.cached = true (default)
2024-11-30 15:01:17,211 [719b1c3f-249c-457a-8743-b06328301a87-groupManagement] INFO  server.RaftServerConfigKeys (ConfUtils.java:logGet(46)) - raft.server.threadpool.server.size = 0 (default)
2024-11-30 15:01:17,211 [719b1c3f-249c-457a-8743-b06328301a87-groupManagement] INFO  server.RaftServerConfigKeys (ConfUtils.java:logGet(46)) - raft.server.threadpool.client.cached = true (default)
2024-11-30 15:01:17,211 [719b1c3f-249c-457a-8743-b06328301a87-groupManagement] INFO  server.RaftServerConfigKeys (ConfUtils.java:logGet(46)) - raft.server.threadpool.client.size = 0 (default)
2024-11-30 15:01:17,211 [719b1c3f-249c-457a-8743-b06328301a87-groupManagement] INFO  server.RaftServerConfigKeys (ConfUtils.java:logGet(46)) - raft.server.storage.free-space.min = 0MB (=0) (default)
2024-11-30 15:01:17,211 [719b1c3f-249c-457a-8743-b06328301a87-groupManagement] INFO  server.RaftServerConfigKeys (ConfUtils.java:logGet(46)) - raft.server.log.corruption.policy = EXCEPTION (default)
2024-11-30 15:01:17,211 [719b1c3f-249c-457a-8743-b06328301a87-groupManagement] INFO  server.RaftServerConfigKeys (ConfUtils.java:logGet(46)) - raft.server.storage.dir = [/home/runner/work/ozone/ozone/hadoop-ozone/integration-test/target/test-dir/MiniOzoneClusterImpl-e985cbf7-8b64-4e7c-b64c-74e6afbb48f1/ozone-meta/datanode-1/ratis] (custom)
2024-11-30 15:01:17,212 [719b1c3f-249c-457a-8743-b06328301a87-groupManagement] INFO  storage.RaftStorageDirectory (RaftStorageDirectoryImpl.java:analyzeStorage(138)) - The storage directory /home/runner/work/ozone/ozone/hadoop-ozone/integration-test/target/test-dir/MiniOzoneClusterImpl-e985cbf7-8b64-4e7c-b64c-74e6afbb48f1/ozone-meta/datanode-1/ratis/9db59abe-b990-4d0b-86b1-2d96a7ef0172 does not exist. Creating ...
2024-11-30 15:01:17,213 [719b1c3f-249c-457a-8743-b06328301a87-groupManagement] INFO  storage.RaftStorageDirectory (RaftStorageDirectoryImpl.java:tryLock(229)) - Lock on /home/runner/work/ozone/ozone/hadoop-ozone/integration-test/target/test-dir/MiniOzoneClusterImpl-e985cbf7-8b64-4e7c-b64c-74e6afbb48f1/ozone-meta/datanode-1/ratis/9db59abe-b990-4d0b-86b1-2d96a7ef0172/in_use.lock acquired by nodename 75062@fv-az1244-86
2024-11-30 15:01:17,215 [719b1c3f-249c-457a-8743-b06328301a87-groupManagement] INFO  storage.RaftStorage (RaftStorageImpl.java:format(98)) - Storage directory /home/runner/work/ozone/ozone/hadoop-ozone/integration-test/target/test-dir/MiniOzoneClusterImpl-e985cbf7-8b64-4e7c-b64c-74e6afbb48f1/ozone-meta/datanode-1/ratis/9db59abe-b990-4d0b-86b1-2d96a7ef0172 has been successfully formatted.
2024-11-30 15:01:17,215 [719b1c3f-249c-457a-8743-b06328301a87-groupManagement] INFO  ratis.ContainerStateMachine (ContainerStateMachine.java:initialize(302)) - 719b1c3f-249c-457a-8743-b06328301a87: initialize group-2D96A7EF0172
2024-11-30 15:01:17,215 [719b1c3f-249c-457a-8743-b06328301a87-groupManagement] INFO  ratis.ContainerStateMachine (ContainerStateMachine.java:loadSnapshot(310)) - group-2D96A7EF0172: The snapshot info is null. Setting the last applied index to:(t:0, i:~)
2024-11-30 15:01:17,215 [719b1c3f-249c-457a-8743-b06328301a87-groupManagement] INFO  server.RaftServerConfigKeys (ConfUtils.java:logGet(46)) - raft.server.log.use.memory = false (default)
2024-11-30 15:01:17,215 [719b1c3f-249c-457a-8743-b06328301a87-groupManagement] INFO  server.RaftServerConfigKeys (ConfUtils.java:logGet(46)) - raft.server.log.purge.gap = 1000000 (custom)
2024-11-30 15:01:17,215 [719b1c3f-249c-457a-8743-b06328301a87-groupManagement] INFO  server.RaftServerConfigKeys (ConfUtils.java:logGet(46)) - raft.server.log.appender.buffer.byte-limit = 33554432 (custom)
2024-11-30 15:01:17,215 [719b1c3f-249c-457a-8743-b06328301a87-groupManagement] INFO  server.RaftServerConfigKeys (ConfUtils.java:logGet(46)) - raft.server.log.statemachine.data.read.timeout = 1000ms (default)
2024-11-30 15:01:17,216 [719b1c3f-249c-457a-8743-b06328301a87-groupManagement] INFO  server.RaftServerConfigKeys (ConfUtils.java:logGet(46)) - raft.server.log.purge.preservation.log.num = 0 (default)
2024-11-30 15:01:17,216 [EventQueue-PipelineReportForPipelineReportHandler] INFO  pipeline.PipelineReportHandler (PipelineReportHandler.java:handlePipelineNotFoundException(111)) - Pipeline PipelineID=6fa0cb32-10f3-4162-b9fa-006f4fff65fd, reported by datanode 719b1c3f-249c-457a-8743-b06328301a87(localhost/127.0.0.1) is not found.
2024-11-30 15:01:17,216 [EventQueue-PipelineReportForPipelineReportHandler] INFO  pipeline.PipelineReportHandler (PipelineReportHandler.java:handlePipelineNotFoundException(111)) - Pipeline PipelineID=8cbe2343-485f-4a35-b27e-881ffcb406ee, reported by datanode 719b1c3f-249c-457a-8743-b06328301a87(localhost/127.0.0.1) is not found.
2024-11-30 15:01:17,216 [EventQueue-PipelineReportForPipelineReportHandler] INFO  pipeline.PipelineReportHandler (PipelineReportHandler.java:handlePipelineNotFoundException(111)) - Pipeline PipelineID=30e54b79-c26a-4b32-b794-563e99154595, reported by datanode 719b1c3f-249c-457a-8743-b06328301a87(localhost/127.0.0.1) is not found.
2024-11-30 15:01:17,217 [719b1c3f-249c-457a-8743-b06328301a87-groupManagement] INFO  server.RaftServerConfigKeys (ConfUtils.java:logGet(46)) - raft.server.log.segment.size.max = 67108864 (custom)
2024-11-30 15:01:17,217 [719b1c3f-249c-457a-8743-b06328301a87-groupManagement] INFO  server.RaftServerConfigKeys (ConfUtils.java:logGet(46)) - raft.server.log.segment.cache.num.max = 2 (custom)
2024-11-30 15:01:17,217 [719b1c3f-249c-457a-8743-b06328301a87-groupManagement] INFO  server.RaftServerConfigKeys (ConfUtils.java:logGet(46)) - raft.server.log.segment.cache.size.max = 200MB (=209715200) (default)
2024-11-30 15:01:17,217 [719b1c3f-249c-457a-8743-b06328301a87-groupManagement] INFO  server.RaftServerConfigKeys (ConfUtils.java:logGet(46)) - raft.server.log.appender.buffer.byte-limit = 33554432 (custom)
2024-11-30 15:01:17,218 [719b1c3f-249c-457a-8743-b06328301a87-groupManagement] INFO  util.AwaitToRun (AwaitToRun.java:start(81)) - Thread[719b1c3f-249c-457a-8743-b06328301a87@group-2D96A7EF0172-cacheEviction-AwaitToRun,5,main] started
2024-11-30 15:01:17,218 [719b1c3f-249c-457a-8743-b06328301a87-groupManagement] INFO  segmented.SegmentedRaftLogWorker (SegmentedRaftLogWorker.java:<init>(188)) - new 719b1c3f-249c-457a-8743-b06328301a87@group-2D96A7EF0172-SegmentedRaftLogWorker for RaftStorageImpl:Storage Directory /home/runner/work/ozone/ozone/hadoop-ozone/integration-test/target/test-dir/MiniOzoneClusterImpl-e985cbf7-8b64-4e7c-b64c-74e6afbb48f1/ozone-meta/datanode-1/ratis/9db59abe-b990-4d0b-86b1-2d96a7ef0172
2024-11-30 15:01:17,218 [719b1c3f-249c-457a-8743-b06328301a87-groupManagement] INFO  server.RaftServerConfigKeys (ConfUtils.java:logGet(46)) - raft.server.log.queue.byte-limit = 4294967296 (custom)
2024-11-30 15:01:17,218 [719b1c3f-249c-457a-8743-b06328301a87-groupManagement] INFO  server.RaftServerConfigKeys (ConfUtils.java:logGet(46)) - raft.server.log.queue.element-limit = 1024 (custom)
2024-11-30 15:01:17,218 [719b1c3f-249c-457a-8743-b06328301a87-groupManagement] INFO  server.RaftServerConfigKeys (ConfUtils.java:logGet(46)) - raft.server.log.segment.size.max = 67108864 (custom)
2024-11-30 15:01:17,218 [719b1c3f-249c-457a-8743-b06328301a87-groupManagement] INFO  server.RaftServerConfigKeys (ConfUtils.java:logGet(46)) - raft.server.log.preallocated.size = 4194304 (custom)
2024-11-30 15:01:17,218 [719b1c3f-249c-457a-8743-b06328301a87-groupManagement] INFO  server.RaftServerConfigKeys (ConfUtils.java:logGet(46)) - raft.server.log.force.sync.num = 128 (default)
2024-11-30 15:01:17,218 [719b1c3f-249c-457a-8743-b06328301a87-groupManagement] INFO  server.RaftServerConfigKeys (ConfUtils.java:logGet(46)) - raft.server.log.statemachine.data.sync = true (default)
2024-11-30 15:01:17,218 [719b1c3f-249c-457a-8743-b06328301a87-groupManagement] INFO  server.RaftServerConfigKeys (ConfUtils.java:logGet(46)) - raft.server.log.statemachine.data.sync.timeout = 10s (default)
2024-11-30 15:01:17,218 [719b1c3f-249c-457a-8743-b06328301a87-groupManagement] INFO  server.RaftServerConfigKeys (ConfUtils.java:logGet(46)) - raft.server.log.statemachine.data.sync.timeout.retry = 30 (custom)
2024-11-30 15:01:17,218 [719b1c3f-249c-457a-8743-b06328301a87-groupManagement] INFO  server.RaftServerConfigKeys (ConfUtils.java:logGet(46)) - raft.server.log.write.buffer.size = 33554440 (custom)
2024-11-30 15:01:17,223 [719b1c3f-249c-457a-8743-b06328301a87-groupManagement] INFO  server.RaftServerConfigKeys (ConfUtils.java:logGet(46)) - raft.server.log.appender.buffer.byte-limit = 33554432 (custom)
2024-11-30 15:01:17,223 [719b1c3f-249c-457a-8743-b06328301a87-groupManagement] INFO  server.RaftServerConfigKeys (ConfUtils.java:logGet(46)) - raft.server.log.unsafe-flush.enabled = false (default)
2024-11-30 15:01:17,223 [719b1c3f-249c-457a-8743-b06328301a87-groupManagement] INFO  server.RaftServerConfigKeys (ConfUtils.java:logGet(46)) - raft.server.log.async-flush.enabled = false (default)
2024-11-30 15:01:17,224 [719b1c3f-249c-457a-8743-b06328301a87-groupManagement] INFO  server.RaftServerConfigKeys (ConfUtils.java:logGet(46)) - raft.server.log.statemachine.data.caching.enabled = true (custom)
2024-11-30 15:01:17,224 [719b1c3f-249c-457a-8743-b06328301a87-groupManagement] INFO  segmented.SegmentedRaftLogWorker (SegmentedRaftLogWorker.java:lambda$new$0(139)) - 719b1c3f-249c-457a-8743-b06328301a87@group-2D96A7EF0172-SegmentedRaftLogWorker: flushIndex: setUnconditionally 0 -> -1
2024-11-30 15:01:17,224 [719b1c3f-249c-457a-8743-b06328301a87-groupManagement] INFO  segmented.SegmentedRaftLogWorker (SegmentedRaftLogWorker.java:lambda$new$0(139)) - 719b1c3f-249c-457a-8743-b06328301a87@group-2D96A7EF0172-SegmentedRaftLogWorker: safeCacheEvictIndex: setUnconditionally 0 -> -1
2024-11-30 15:01:17,224 [719b1c3f-249c-457a-8743-b06328301a87-groupManagement] INFO  server.RaftServer$Division (RaftServerImpl.java:start(391)) - 719b1c3f-249c-457a-8743-b06328301a87@group-2D96A7EF0172: start as a follower, conf=conf: {index: -1, cur=peers:[719b1c3f-249c-457a-8743-b06328301a87|127.0.0.1:15171, 91a17cbe-1555-4f52-a9ac-e5caa7cc945b|127.0.0.1:15207, d57daabc-8d0b-4ea3-831e-cde13ca8d1d7|127.0.0.1:15180]|listeners:[], old=null}
2024-11-30 15:01:17,224 [719b1c3f-249c-457a-8743-b06328301a87-groupManagement] INFO  server.RaftServer$Division (RaftServerImpl.java:setRole(378)) - 719b1c3f-249c-457a-8743-b06328301a87@group-2D96A7EF0172: changes role from      null to FOLLOWER at term 0 for startAsFollower
2024-11-30 15:01:17,224 [719b1c3f-249c-457a-8743-b06328301a87-groupManagement] INFO  impl.RoleInfo (RoleInfo.java:updateAndGet(148)) - 719b1c3f-249c-457a-8743-b06328301a87: start 719b1c3f-249c-457a-8743-b06328301a87@group-2D96A7EF0172-FollowerState
2024-11-30 15:01:17,224 [719b1c3f-249c-457a-8743-b06328301a87-groupManagement] INFO  util.JmxRegister (JmxRegister.java:tryRegister(44)) - Successfully registered JMX Bean with object name Ratis:service=RaftServer,group=group-2D96A7EF0172,id=719b1c3f-249c-457a-8743-b06328301a87
2024-11-30 15:01:17,225 [719b1c3f-249c-457a-8743-b06328301a87-groupManagement] INFO  util.JmxRegister (JmxRegister.java:register(58)) - register mxBean class org.apache.ratis.server.impl.RaftServerJmxAdapter as Ratis:service=RaftServer,group=group-2D96A7EF0172,id=719b1c3f-249c-457a-8743-b06328301a87
2024-11-30 15:01:17,225 [719b1c3f-249c-457a-8743-b06328301a87-groupManagement] INFO  server.RaftServerConfigKeys (ConfUtils.java:logGet(46)) - raft.server.snapshot.trigger-when-stop.enabled = true (default)
2024-11-30 15:01:17,225 [719b1c3f-249c-457a-8743-b06328301a87-groupManagement] INFO  server.RaftServerConfigKeys (ConfUtils.java:logGet(46)) - raft.server.snapshot.trigger-when-remove.enabled = true (default)
2024-11-30 15:01:17,225 [719b1c3f-249c-457a-8743-b06328301a87-groupManagement] INFO  server.RaftServerConfigKeys (ConfUtils.java:logGet(46)) - raft.server.snapshot.auto.trigger.enabled = true (custom)
2024-11-30 15:01:17,225 [719b1c3f-249c-457a-8743-b06328301a87-groupManagement] INFO  server.RaftServerConfigKeys (ConfUtils.java:logGet(46)) - raft.server.snapshot.auto.trigger.threshold = 100000 (custom)
2024-11-30 15:01:17,225 [719b1c3f-249c-457a-8743-b06328301a87-groupManagement] INFO  server.RaftServerConfigKeys (ConfUtils.java:logGet(46)) - raft.server.snapshot.retention.file.num = 5 (custom)
2024-11-30 15:01:17,225 [719b1c3f-249c-457a-8743-b06328301a87-groupManagement] INFO  server.RaftServerConfigKeys (ConfUtils.java:logGet(46)) - raft.server.log.purge.upto.snapshot.index = false (default)
2024-11-30 15:01:17,225 [719b1c3f-249c-457a-8743-b06328301a87-groupManagement] INFO  server.RaftServer$Division (RaftServerImpl.java:start(405)) - 719b1c3f-249c-457a-8743-b06328301a87@group-2D96A7EF0172: Successfully started.
2024-11-30 15:01:17,225 [719b1c3f-249c-457a-8743-b06328301a87@group-2D96A7EF0172-FollowerState] INFO  server.RaftServerConfigKeys (ConfUtils.java:logFallback(53)) - raft.server.rpc.first-election.timeout.min = 5s (fallback to raft.server.rpc.timeout.min)
2024-11-30 15:01:17,225 [719b1c3f-249c-457a-8743-b06328301a87@group-2D96A7EF0172-FollowerState] INFO  server.RaftServerConfigKeys (ConfUtils.java:logFallback(53)) - raft.server.rpc.first-election.timeout.max = 5200ms (fallback to raft.server.rpc.timeout.max)
2024-11-30 15:01:17,226 [719b1c3f-249c-457a-8743-b06328301a87-PipelineCommandHandlerThread-0] INFO  ratis.XceiverServerRatis (XceiverServerRatis.java:addGroup(844)) - Created group PipelineID=9db59abe-b990-4d0b-86b1-2d96a7ef0172
2024-11-30 15:01:17,266 [timer6] WARN  server.GrpcLogAppender (LogUtils.java:warn(121)) - 719b1c3f-249c-457a-8743-b06328301a87@group-563E99154595->d57daabc-8d0b-4ea3-831e-cde13ca8d1d7-AppendLogResponseHandler: Failed appendEntries (Repeated 10 times in the last 5.000s): org.apache.ratis.thirdparty.io.grpc.StatusRuntimeException: UNAVAILABLE: io exception
2024-11-30 15:01:17,266 [timer7] WARN  server.GrpcLogAppender (GrpcLogAppender.java:lambda$resetClient$1(221)) - 719b1c3f-249c-457a-8743-b06328301a87@group-563E99154595->d57daabc-8d0b-4ea3-831e-cde13ca8d1d7-GrpcLogAppender: Follower failed (request=null, errorCount=4); keep nextIndex (16) unchanged and retry. (Repeated 4 times in the last 5.000s)
2024-11-30 15:01:17,329 [91a17cbe-1555-4f52-a9ac-e5caa7cc945b-PipelineCommandHandlerThread-0] INFO  server.RaftServer (RaftServerProxy.java:addNew(100)) - 91a17cbe-1555-4f52-a9ac-e5caa7cc945b: addNew group-2D96A7EF0172:[719b1c3f-249c-457a-8743-b06328301a87|127.0.0.1:15171, 91a17cbe-1555-4f52-a9ac-e5caa7cc945b|127.0.0.1:15207, d57daabc-8d0b-4ea3-831e-cde13ca8d1d7|127.0.0.1:15180] returns group-2D96A7EF0172:java.util.concurrent.CompletableFuture@6b702e8a[Not completed]
2024-11-30 15:01:17,330 [91a17cbe-1555-4f52-a9ac-e5caa7cc945b-groupManagement] INFO  server.RaftServer$Division (RaftServerImpl.java:<init>(255)) - 91a17cbe-1555-4f52-a9ac-e5caa7cc945b: new RaftServerImpl for group-2D96A7EF0172:[719b1c3f-249c-457a-8743-b06328301a87|127.0.0.1:15171, 91a17cbe-1555-4f52-a9ac-e5caa7cc945b|127.0.0.1:15207, d57daabc-8d0b-4ea3-831e-cde13ca8d1d7|127.0.0.1:15180] with ContainerStateMachine:uninitialized
2024-11-30 15:01:17,330 [91a17cbe-1555-4f52-a9ac-e5caa7cc945b-groupManagement] INFO  server.RaftServerConfigKeys (ConfUtils.java:logGet(46)) - raft.server.rpc.timeout.min = 5s (custom)
2024-11-30 15:01:17,330 [91a17cbe-1555-4f52-a9ac-e5caa7cc945b-groupManagement] INFO  server.RaftServerConfigKeys (ConfUtils.java:logGet(46)) - raft.server.rpc.timeout.max = 5200ms (custom)
2024-11-30 15:01:17,330 [91a17cbe-1555-4f52-a9ac-e5caa7cc945b-groupManagement] INFO  server.RaftServerConfigKeys (ConfUtils.java:logGet(46)) - raft.server.rpc.sleep.time = 25ms (default)
2024-11-30 15:01:17,330 [91a17cbe-1555-4f52-a9ac-e5caa7cc945b-groupManagement] INFO  server.RaftServerConfigKeys (ConfUtils.java:logGet(46)) - raft.server.rpc.slowness.timeout = 300000ms (custom)
2024-11-30 15:01:17,330 [91a17cbe-1555-4f52-a9ac-e5caa7cc945b-groupManagement] INFO  server.RaftServerConfigKeys (ConfUtils.java:logGet(46)) - raft.server.leaderelection.leader.step-down.wait-time = 10s (default)
2024-11-30 15:01:17,330 [91a17cbe-1555-4f52-a9ac-e5caa7cc945b-groupManagement] INFO  server.RaftServerConfigKeys (ConfUtils.java:logGet(46)) - raft.server.leaderelection.member.majority-add = false (default)
2024-11-30 15:01:17,330 [91a17cbe-1555-4f52-a9ac-e5caa7cc945b-groupManagement] INFO  server.RaftServerConfigKeys (ConfUtils.java:logGet(46)) - raft.server.sleep.deviation.threshold = 300ms (default)
2024-11-30 15:01:17,330 [91a17cbe-1555-4f52-a9ac-e5caa7cc945b-groupManagement] INFO  server.RaftServer$Division (ServerState.java:<init>(114)) - 91a17cbe-1555-4f52-a9ac-e5caa7cc945b@group-2D96A7EF0172: ConfigurationManager, init=conf: {index: -1, cur=peers:[719b1c3f-249c-457a-8743-b06328301a87|127.0.0.1:15171, 91a17cbe-1555-4f52-a9ac-e5caa7cc945b|127.0.0.1:15207, d57daabc-8d0b-4ea3-831e-cde13ca8d1d7|127.0.0.1:15180]|listeners:[], old=null}, confs=<EMPTY_MAP>
2024-11-30 15:01:17,331 [91a17cbe-1555-4f52-a9ac-e5caa7cc945b-groupManagement] INFO  server.RaftServerConfigKeys (ConfUtils.java:logGet(46)) - raft.server.notification.no-leader.timeout = 300000ms (custom)
2024-11-30 15:01:17,331 [91a17cbe-1555-4f52-a9ac-e5caa7cc945b-groupManagement] INFO  server.RaftServerConfigKeys (ConfUtils.java:logGet(46)) - raft.server.read.timeout = 10s (default)
2024-11-30 15:01:17,331 [91a17cbe-1555-4f52-a9ac-e5caa7cc945b-groupManagement] INFO  server.RaftServerConfigKeys (ConfUtils.java:logGet(46)) - raft.server.retrycache.expirytime = 600000ms (custom)
2024-11-30 15:01:17,331 [91a17cbe-1555-4f52-a9ac-e5caa7cc945b-groupManagement] INFO  server.RaftServerConfigKeys (ConfUtils.java:logGet(46)) - raft.server.retrycache.statistics.expirytime = 100ms (default)
2024-11-30 15:01:17,331 [91a17cbe-1555-4f52-a9ac-e5caa7cc945b-groupManagement] INFO  server.RaftServerConfigKeys (ConfUtils.java:logGet(46)) - raft.server.read.option = DEFAULT (default)
2024-11-30 15:01:17,331 [91a17cbe-1555-4f52-a9ac-e5caa7cc945b-groupManagement] INFO  server.RaftServerConfigKeys (ConfUtils.java:logGet(46)) - raft.server.read.read-after-write-consistent.write-index-cache.expiry-time = 60s (default)
2024-11-30 15:01:17,332 [91a17cbe-1555-4f52-a9ac-e5caa7cc945b-groupManagement] INFO  server.RaftServerConfigKeys (ConfUtils.java:logGet(46)) - raft.server.rpc.request.timeout = 3000ms (default)
2024-11-30 15:01:17,332 [91a17cbe-1555-4f52-a9ac-e5caa7cc945b-groupManagement] INFO  server.RaftServerConfigKeys (ConfUtils.java:logGet(46)) - raft.server.log.appender.install.snapshot.enabled = false (custom)
2024-11-30 15:01:17,332 [91a17cbe-1555-4f52-a9ac-e5caa7cc945b-groupManagement] INFO  server.RaftServerConfigKeys (ConfUtils.java:logGet(46)) - raft.server.threadpool.server.cached = true (default)
2024-11-30 15:01:17,332 [91a17cbe-1555-4f52-a9ac-e5caa7cc945b-groupManagement] INFO  server.RaftServerConfigKeys (ConfUtils.java:logGet(46)) - raft.server.threadpool.server.size = 0 (default)
2024-11-30 15:01:17,332 [91a17cbe-1555-4f52-a9ac-e5caa7cc945b-groupManagement] INFO  server.RaftServerConfigKeys (ConfUtils.java:logGet(46)) - raft.server.threadpool.client.cached = true (default)
2024-11-30 15:01:17,332 [91a17cbe-1555-4f52-a9ac-e5caa7cc945b-groupManagement] INFO  server.RaftServerConfigKeys (ConfUtils.java:logGet(46)) - raft.server.threadpool.client.size = 0 (default)
2024-11-30 15:01:17,332 [91a17cbe-1555-4f52-a9ac-e5caa7cc945b-groupManagement] INFO  server.RaftServerConfigKeys (ConfUtils.java:logGet(46)) - raft.server.storage.free-space.min = 0MB (=0) (default)
2024-11-30 15:01:17,332 [91a17cbe-1555-4f52-a9ac-e5caa7cc945b-groupManagement] INFO  server.RaftServerConfigKeys (ConfUtils.java:logGet(46)) - raft.server.log.corruption.policy = EXCEPTION (default)
2024-11-30 15:01:17,332 [91a17cbe-1555-4f52-a9ac-e5caa7cc945b-groupManagement] INFO  server.RaftServerConfigKeys (ConfUtils.java:logGet(46)) - raft.server.storage.dir = [/home/runner/work/ozone/ozone/hadoop-ozone/integration-test/target/test-dir/MiniOzoneClusterImpl-e985cbf7-8b64-4e7c-b64c-74e6afbb48f1/ozone-meta/datanode-5/ratis] (custom)
2024-11-30 15:01:17,333 [91a17cbe-1555-4f52-a9ac-e5caa7cc945b-groupManagement] INFO  storage.RaftStorageDirectory (RaftStorageDirectoryImpl.java:analyzeStorage(138)) - The storage directory /home/runner/work/ozone/ozone/hadoop-ozone/integration-test/target/test-dir/MiniOzoneClusterImpl-e985cbf7-8b64-4e7c-b64c-74e6afbb48f1/ozone-meta/datanode-5/ratis/9db59abe-b990-4d0b-86b1-2d96a7ef0172 does not exist. Creating ...
2024-11-30 15:01:17,334 [91a17cbe-1555-4f52-a9ac-e5caa7cc945b-groupManagement] INFO  storage.RaftStorageDirectory (RaftStorageDirectoryImpl.java:tryLock(229)) - Lock on /home/runner/work/ozone/ozone/hadoop-ozone/integration-test/target/test-dir/MiniOzoneClusterImpl-e985cbf7-8b64-4e7c-b64c-74e6afbb48f1/ozone-meta/datanode-5/ratis/9db59abe-b990-4d0b-86b1-2d96a7ef0172/in_use.lock acquired by nodename 75062@fv-az1244-86
2024-11-30 15:01:17,335 [91a17cbe-1555-4f52-a9ac-e5caa7cc945b-groupManagement] INFO  storage.RaftStorage (RaftStorageImpl.java:format(98)) - Storage directory /home/runner/work/ozone/ozone/hadoop-ozone/integration-test/target/test-dir/MiniOzoneClusterImpl-e985cbf7-8b64-4e7c-b64c-74e6afbb48f1/ozone-meta/datanode-5/ratis/9db59abe-b990-4d0b-86b1-2d96a7ef0172 has been successfully formatted.
2024-11-30 15:01:17,336 [91a17cbe-1555-4f52-a9ac-e5caa7cc945b-groupManagement] INFO  ratis.ContainerStateMachine (ContainerStateMachine.java:initialize(302)) - 91a17cbe-1555-4f52-a9ac-e5caa7cc945b: initialize group-2D96A7EF0172
2024-11-30 15:01:17,336 [91a17cbe-1555-4f52-a9ac-e5caa7cc945b-groupManagement] INFO  ratis.ContainerStateMachine (ContainerStateMachine.java:loadSnapshot(310)) - group-2D96A7EF0172: The snapshot info is null. Setting the last applied index to:(t:0, i:~)
2024-11-30 15:01:17,336 [91a17cbe-1555-4f52-a9ac-e5caa7cc945b-groupManagement] INFO  server.RaftServerConfigKeys (ConfUtils.java:logGet(46)) - raft.server.log.use.memory = false (default)
2024-11-30 15:01:17,336 [91a17cbe-1555-4f52-a9ac-e5caa7cc945b-groupManagement] INFO  server.RaftServerConfigKeys (ConfUtils.java:logGet(46)) - raft.server.log.purge.gap = 1000000 (custom)
2024-11-30 15:01:17,336 [91a17cbe-1555-4f52-a9ac-e5caa7cc945b-groupManagement] INFO  server.RaftServerConfigKeys (ConfUtils.java:logGet(46)) - raft.server.log.appender.buffer.byte-limit = 33554432 (custom)
2024-11-30 15:01:17,336 [91a17cbe-1555-4f52-a9ac-e5caa7cc945b-groupManagement] INFO  server.RaftServerConfigKeys (ConfUtils.java:logGet(46)) - raft.server.log.statemachine.data.read.timeout = 1000ms (default)
2024-11-30 15:01:17,336 [91a17cbe-1555-4f52-a9ac-e5caa7cc945b-groupManagement] INFO  server.RaftServerConfigKeys (ConfUtils.java:logGet(46)) - raft.server.log.purge.preservation.log.num = 0 (default)
2024-11-30 15:01:17,337 [91a17cbe-1555-4f52-a9ac-e5caa7cc945b-groupManagement] INFO  server.RaftServerConfigKeys (ConfUtils.java:logGet(46)) - raft.server.log.segment.size.max = 67108864 (custom)
2024-11-30 15:01:17,337 [91a17cbe-1555-4f52-a9ac-e5caa7cc945b-groupManagement] INFO  server.RaftServerConfigKeys (ConfUtils.java:logGet(46)) - raft.server.log.segment.cache.num.max = 2 (custom)
2024-11-30 15:01:17,337 [91a17cbe-1555-4f52-a9ac-e5caa7cc945b-groupManagement] INFO  server.RaftServerConfigKeys (ConfUtils.java:logGet(46)) - raft.server.log.segment.cache.size.max = 200MB (=209715200) (default)
2024-11-30 15:01:17,337 [91a17cbe-1555-4f52-a9ac-e5caa7cc945b-groupManagement] INFO  server.RaftServerConfigKeys (ConfUtils.java:logGet(46)) - raft.server.log.appender.buffer.byte-limit = 33554432 (custom)
2024-11-30 15:01:17,337 [91a17cbe-1555-4f52-a9ac-e5caa7cc945b-groupManagement] INFO  util.AwaitToRun (AwaitToRun.java:start(81)) - Thread[91a17cbe-1555-4f52-a9ac-e5caa7cc945b@group-2D96A7EF0172-cacheEviction-AwaitToRun,5,main] started
2024-11-30 15:01:17,337 [91a17cbe-1555-4f52-a9ac-e5caa7cc945b-groupManagement] INFO  segmented.SegmentedRaftLogWorker (SegmentedRaftLogWorker.java:<init>(188)) - new 91a17cbe-1555-4f52-a9ac-e5caa7cc945b@group-2D96A7EF0172-SegmentedRaftLogWorker for RaftStorageImpl:Storage Directory /home/runner/work/ozone/ozone/hadoop-ozone/integration-test/target/test-dir/MiniOzoneClusterImpl-e985cbf7-8b64-4e7c-b64c-74e6afbb48f1/ozone-meta/datanode-5/ratis/9db59abe-b990-4d0b-86b1-2d96a7ef0172
2024-11-30 15:01:17,337 [91a17cbe-1555-4f52-a9ac-e5caa7cc945b-groupManagement] INFO  server.RaftServerConfigKeys (ConfUtils.java:logGet(46)) - raft.server.log.queue.byte-limit = 4294967296 (custom)
2024-11-30 15:01:17,337 [91a17cbe-1555-4f52-a9ac-e5caa7cc945b-groupManagement] INFO  server.RaftServerConfigKeys (ConfUtils.java:logGet(46)) - raft.server.log.queue.element-limit = 1024 (custom)
2024-11-30 15:01:17,337 [91a17cbe-1555-4f52-a9ac-e5caa7cc945b-groupManagement] INFO  server.RaftServerConfigKeys (ConfUtils.java:logGet(46)) - raft.server.log.segment.size.max = 67108864 (custom)
2024-11-30 15:01:17,337 [91a17cbe-1555-4f52-a9ac-e5caa7cc945b-groupManagement] INFO  server.RaftServerConfigKeys (ConfUtils.java:logGet(46)) - raft.server.log.preallocated.size = 4194304 (custom)
2024-11-30 15:01:17,337 [91a17cbe-1555-4f52-a9ac-e5caa7cc945b-groupManagement] INFO  server.RaftServerConfigKeys (ConfUtils.java:logGet(46)) - raft.server.log.force.sync.num = 128 (default)
2024-11-30 15:01:17,337 [91a17cbe-1555-4f52-a9ac-e5caa7cc945b-groupManagement] INFO  server.RaftServerConfigKeys (ConfUtils.java:logGet(46)) - raft.server.log.statemachine.data.sync = true (default)
2024-11-30 15:01:17,337 [91a17cbe-1555-4f52-a9ac-e5caa7cc945b-groupManagement] INFO  server.RaftServerConfigKeys (ConfUtils.java:logGet(46)) - raft.server.log.statemachine.data.sync.timeout = 10s (default)
2024-11-30 15:01:17,337 [91a17cbe-1555-4f52-a9ac-e5caa7cc945b-groupManagement] INFO  server.RaftServerConfigKeys (ConfUtils.java:logGet(46)) - raft.server.log.statemachine.data.sync.timeout.retry = 30 (custom)
2024-11-30 15:01:17,338 [91a17cbe-1555-4f52-a9ac-e5caa7cc945b-groupManagement] INFO  server.RaftServerConfigKeys (ConfUtils.java:logGet(46)) - raft.server.log.write.buffer.size = 33554440 (custom)
2024-11-30 15:01:17,342 [91a17cbe-1555-4f52-a9ac-e5caa7cc945b-groupManagement] INFO  server.RaftServerConfigKeys (ConfUtils.java:logGet(46)) - raft.server.log.appender.buffer.byte-limit = 33554432 (custom)
2024-11-30 15:01:17,343 [91a17cbe-1555-4f52-a9ac-e5caa7cc945b-groupManagement] INFO  server.RaftServerConfigKeys (ConfUtils.java:logGet(46)) - raft.server.log.unsafe-flush.enabled = false (default)
2024-11-30 15:01:17,343 [91a17cbe-1555-4f52-a9ac-e5caa7cc945b-groupManagement] INFO  server.RaftServerConfigKeys (ConfUtils.java:logGet(46)) - raft.server.log.async-flush.enabled = false (default)
2024-11-30 15:01:17,354 [91a17cbe-1555-4f52-a9ac-e5caa7cc945b-groupManagement] INFO  server.RaftServerConfigKeys (ConfUtils.java:logGet(46)) - raft.server.log.statemachine.data.caching.enabled = true (custom)
2024-11-30 15:01:17,354 [91a17cbe-1555-4f52-a9ac-e5caa7cc945b-groupManagement] INFO  segmented.SegmentedRaftLogWorker (SegmentedRaftLogWorker.java:lambda$new$0(139)) - 91a17cbe-1555-4f52-a9ac-e5caa7cc945b@group-2D96A7EF0172-SegmentedRaftLogWorker: flushIndex: setUnconditionally 0 -> -1
2024-11-30 15:01:17,354 [91a17cbe-1555-4f52-a9ac-e5caa7cc945b-groupManagement] INFO  segmented.SegmentedRaftLogWorker (SegmentedRaftLogWorker.java:lambda$new$0(139)) - 91a17cbe-1555-4f52-a9ac-e5caa7cc945b@group-2D96A7EF0172-SegmentedRaftLogWorker: safeCacheEvictIndex: setUnconditionally 0 -> -1
2024-11-30 15:01:17,355 [91a17cbe-1555-4f52-a9ac-e5caa7cc945b-groupManagement] INFO  server.RaftServer$Division (RaftServerImpl.java:start(391)) - 91a17cbe-1555-4f52-a9ac-e5caa7cc945b@group-2D96A7EF0172: start as a follower, conf=conf: {index: -1, cur=peers:[719b1c3f-249c-457a-8743-b06328301a87|127.0.0.1:15171, 91a17cbe-1555-4f52-a9ac-e5caa7cc945b|127.0.0.1:15207, d57daabc-8d0b-4ea3-831e-cde13ca8d1d7|127.0.0.1:15180]|listeners:[], old=null}
2024-11-30 15:01:17,355 [91a17cbe-1555-4f52-a9ac-e5caa7cc945b-groupManagement] INFO  server.RaftServer$Division (RaftServerImpl.java:setRole(378)) - 91a17cbe-1555-4f52-a9ac-e5caa7cc945b@group-2D96A7EF0172: changes role from      null to FOLLOWER at term 0 for startAsFollower
2024-11-30 15:01:17,355 [91a17cbe-1555-4f52-a9ac-e5caa7cc945b-groupManagement] INFO  impl.RoleInfo (RoleInfo.java:updateAndGet(148)) - 91a17cbe-1555-4f52-a9ac-e5caa7cc945b: start 91a17cbe-1555-4f52-a9ac-e5caa7cc945b@group-2D96A7EF0172-FollowerState
2024-11-30 15:01:17,355 [91a17cbe-1555-4f52-a9ac-e5caa7cc945b@group-2D96A7EF0172-FollowerState] INFO  server.RaftServerConfigKeys (ConfUtils.java:logFallback(53)) - raft.server.rpc.first-election.timeout.min = 5s (fallback to raft.server.rpc.timeout.min)
2024-11-30 15:01:17,355 [91a17cbe-1555-4f52-a9ac-e5caa7cc945b@group-2D96A7EF0172-FollowerState] INFO  server.RaftServerConfigKeys (ConfUtils.java:logFallback(53)) - raft.server.rpc.first-election.timeout.max = 5200ms (fallback to raft.server.rpc.timeout.max)
2024-11-30 15:01:17,355 [91a17cbe-1555-4f52-a9ac-e5caa7cc945b-groupManagement] INFO  util.JmxRegister (JmxRegister.java:tryRegister(44)) - Successfully registered JMX Bean with object name Ratis:service=RaftServer,group=group-2D96A7EF0172,id=91a17cbe-1555-4f52-a9ac-e5caa7cc945b
2024-11-30 15:01:17,355 [91a17cbe-1555-4f52-a9ac-e5caa7cc945b-groupManagement] INFO  util.JmxRegister (JmxRegister.java:register(58)) - register mxBean class org.apache.ratis.server.impl.RaftServerJmxAdapter as Ratis:service=RaftServer,group=group-2D96A7EF0172,id=91a17cbe-1555-4f52-a9ac-e5caa7cc945b
2024-11-30 15:01:17,355 [91a17cbe-1555-4f52-a9ac-e5caa7cc945b-groupManagement] INFO  server.RaftServerConfigKeys (ConfUtils.java:logGet(46)) - raft.server.snapshot.trigger-when-stop.enabled = true (default)
2024-11-30 15:01:17,355 [91a17cbe-1555-4f52-a9ac-e5caa7cc945b-groupManagement] INFO  server.RaftServerConfigKeys (ConfUtils.java:logGet(46)) - raft.server.snapshot.trigger-when-remove.enabled = true (default)
2024-11-30 15:01:17,355 [91a17cbe-1555-4f52-a9ac-e5caa7cc945b-groupManagement] INFO  server.RaftServerConfigKeys (ConfUtils.java:logGet(46)) - raft.server.snapshot.auto.trigger.enabled = true (custom)
2024-11-30 15:01:17,355 [91a17cbe-1555-4f52-a9ac-e5caa7cc945b-groupManagement] INFO  server.RaftServerConfigKeys (ConfUtils.java:logGet(46)) - raft.server.snapshot.auto.trigger.threshold = 100000 (custom)
2024-11-30 15:01:17,356 [91a17cbe-1555-4f52-a9ac-e5caa7cc945b-groupManagement] INFO  server.RaftServerConfigKeys (ConfUtils.java:logGet(46)) - raft.server.snapshot.retention.file.num = 5 (custom)
2024-11-30 15:01:17,356 [91a17cbe-1555-4f52-a9ac-e5caa7cc945b-groupManagement] INFO  server.RaftServerConfigKeys (ConfUtils.java:logGet(46)) - raft.server.log.purge.upto.snapshot.index = false (default)
2024-11-30 15:01:17,356 [91a17cbe-1555-4f52-a9ac-e5caa7cc945b-groupManagement] INFO  server.RaftServer$Division (RaftServerImpl.java:start(405)) - 91a17cbe-1555-4f52-a9ac-e5caa7cc945b@group-2D96A7EF0172: Successfully started.
2024-11-30 15:01:17,356 [91a17cbe-1555-4f52-a9ac-e5caa7cc945b-PipelineCommandHandlerThread-0] INFO  ratis.XceiverServerRatis (XceiverServerRatis.java:addGroup(844)) - Created group PipelineID=9db59abe-b990-4d0b-86b1-2d96a7ef0172
2024-11-30 15:01:17,995 [grpc-default-executor-1] WARN  server.GrpcLogAppender (LogUtils.java:warn(121)) - 719b1c3f-249c-457a-8743-b06328301a87@group-563E99154595->d57daabc-8d0b-4ea3-831e-cde13ca8d1d7-AppendLogResponseHandler: Failed appendEntries: org.apache.ratis.thirdparty.io.grpc.StatusRuntimeException: UNAVAILABLE: io exception
2024-11-30 15:01:18,308 [EventQueue-DeadNodeForDeadNodeHandler] INFO  node.DeadNodeHandler (DeadNodeHandler.java:onMessage(95)) - A dead datanode is detected. d57daabc-8d0b-4ea3-831e-cde13ca8d1d7(localhost/127.0.0.1)
2024-11-30 15:01:18,308 [EventQueue-DeadNodeForDeadNodeHandler] INFO  pipeline.RatisPipelineProvider (RatisPipelineProvider.java:lambda$close$4(270)) - Send pipeline:PipelineID=08b1ff62-7daa-4c81-a90d-e05db5954e57 close command to datanode d57daabc-8d0b-4ea3-831e-cde13ca8d1d7
2024-11-30 15:01:18,309 [EventQueue-DeadNodeForDeadNodeHandler] INFO  pipeline.PipelineManagerImpl (PipelineManagerImpl.java:removePipeline(459)) - Pipeline Pipeline[ Id: 08b1ff62-7daa-4c81-a90d-e05db5954e57, Nodes: d57daabc-8d0b-4ea3-831e-cde13ca8d1d7(localhost/127.0.0.1) ReplicaIndex: 0, ReplicationConfig: RATIS/ONE, State:CLOSED, leaderId:d57daabc-8d0b-4ea3-831e-cde13ca8d1d7, CreationTimestamp2024-11-30T15:01:00.399Z[Etc/UTC]] removed.
2024-11-30 15:01:18,309 [EventQueue-DeadNodeForDeadNodeHandler] INFO  pipeline.RatisPipelineProvider (RatisPipelineProvider.java:lambda$close$4(270)) - Send pipeline:PipelineID=9db59abe-b990-4d0b-86b1-2d96a7ef0172 close command to datanode d57daabc-8d0b-4ea3-831e-cde13ca8d1d7
2024-11-30 15:01:18,309 [EventQueue-DeadNodeForDeadNodeHandler] INFO  pipeline.RatisPipelineProvider (RatisPipelineProvider.java:lambda$close$4(270)) - Send pipeline:PipelineID=9db59abe-b990-4d0b-86b1-2d96a7ef0172 close command to datanode 719b1c3f-249c-457a-8743-b06328301a87
2024-11-30 15:01:18,309 [EventQueue-DeadNodeForDeadNodeHandler] INFO  pipeline.RatisPipelineProvider (RatisPipelineProvider.java:lambda$close$4(270)) - Send pipeline:PipelineID=9db59abe-b990-4d0b-86b1-2d96a7ef0172 close command to datanode 91a17cbe-1555-4f52-a9ac-e5caa7cc945b
2024-11-30 15:01:18,309 [EventQueue-DeadNodeForDeadNodeHandler] INFO  pipeline.PipelineManagerImpl (PipelineManagerImpl.java:removePipeline(459)) - Pipeline Pipeline[ Id: 9db59abe-b990-4d0b-86b1-2d96a7ef0172, Nodes: d57daabc-8d0b-4ea3-831e-cde13ca8d1d7(localhost/127.0.0.1) ReplicaIndex: 0719b1c3f-249c-457a-8743-b06328301a87(localhost/127.0.0.1) ReplicaIndex: 091a17cbe-1555-4f52-a9ac-e5caa7cc945b(localhost/127.0.0.1) ReplicaIndex: 0, ReplicationConfig: RATIS/THREE, State:CLOSED, leaderId:, CreationTimestamp2024-11-30T15:01:15.278Z[Etc/UTC]] removed.
2024-11-30 15:01:18,309 [EventQueue-DeadNodeForDeadNodeHandler] INFO  node.DeadNodeHandler (DeadNodeHandler.java:onMessage(108)) - Clearing command queue of size 7 for DN d57daabc-8d0b-4ea3-831e-cde13ca8d1d7(localhost/127.0.0.1)
2024-11-30 15:01:18,309 [EventQueue-DeadNodeForDeadNodeHandler] INFO  net.NetworkTopologyImpl (NetworkTopologyImpl.java:remove(212)) - Removed a node: /default-rack/d57daabc-8d0b-4ea3-831e-cde13ca8d1d7
2024-11-30 15:01:18,382 [IPC Server handler 0 on default port 15160] WARN  pipeline.PipelineManagerImpl (PipelineManagerImpl.java:waitOnePipelineReady(753)) - Pipeline PipelineID=9db59abe-b990-4d0b-86b1-2d96a7ef0172 cannot be found
2024-11-30 15:01:18,382 [IPC Server handler 0 on default port 15160] WARN  pipeline.WritableRatisContainerProvider (WritableRatisContainerProvider.java:getContainer(106)) - Pipeline creation failed for repConfig RATIS/THREE Datanodes may be used up. Try to see if any pipeline is in ALLOCATED state, and then will wait for it to be OPEN
org.apache.hadoop.hdds.scm.pipeline.PipelineNotFoundException: The input pipeline IDs 9db59abe-b990-4d0b-86b1-2d96a7ef0172 cannot be found
	at org.apache.hadoop.hdds.scm.pipeline.PipelineManagerImpl.waitOnePipelineReady(PipelineManagerImpl.java:758)
	at org.apache.hadoop.hdds.scm.pipeline.PipelineManagerImpl.waitPipelineReady(PipelineManagerImpl.java:725)
	at org.apache.hadoop.hdds.scm.pipeline.WritableRatisContainerProvider.getContainer(WritableRatisContainerProvider.java:103)
	at org.apache.hadoop.hdds.scm.pipeline.WritableContainerFactory.getContainer(WritableContainerFactory.java:74)
	at org.apache.hadoop.hdds.scm.block.BlockManagerImpl.allocateBlock(BlockManagerImpl.java:163)
	at org.apache.hadoop.hdds.scm.server.SCMBlockProtocolServer.allocateBlock(SCMBlockProtocolServer.java:216)
	at org.apache.hadoop.hdds.scm.protocol.ScmBlockLocationProtocolServerSideTranslatorPB.allocateScmBlock(ScmBlockLocationProtocolServerSideTranslatorPB.java:199)
	at org.apache.hadoop.hdds.scm.protocol.ScmBlockLocationProtocolServerSideTranslatorPB.processMessage(ScmBlockLocationProtocolServerSideTranslatorPB.java:145)
	at org.apache.hadoop.hdds.server.OzoneProtocolMessageDispatcher.processRequest(OzoneProtocolMessageDispatcher.java:89)
	at org.apache.hadoop.hdds.scm.protocol.ScmBlockLocationProtocolServerSideTranslatorPB.send(ScmBlockLocationProtocolServerSideTranslatorPB.java:116)
	at org.apache.hadoop.hdds.protocol.proto.ScmBlockLocationProtocolProtos$ScmBlockLocationProtocolService$2.callBlockingMethod(ScmBlockLocationProtocolProtos.java:15776)
	at org.apache.hadoop.ipc.ProtobufRpcEngine$Server.processCall(ProtobufRpcEngine.java:484)
	at org.apache.hadoop.ipc.ProtobufRpcEngine2$Server$ProtoBufRpcInvoker.call(ProtobufRpcEngine2.java:595)
	at org.apache.hadoop.ipc.ProtobufRpcEngine2$Server$ProtoBufRpcInvoker.call(ProtobufRpcEngine2.java:573)
	at org.apache.hadoop.ipc.RPC$Server.call(RPC.java:1227)
	at org.apache.hadoop.ipc.Server$RpcCall.run(Server.java:1246)
	at org.apache.hadoop.ipc.Server$RpcCall.run(Server.java:1169)
	at java.base/java.security.AccessController.doPrivileged(AccessController.java:712)
	at java.base/javax.security.auth.Subject.doAs(Subject.java:439)
	at org.apache.hadoop.security.UserGroupInformation.doAs(UserGroupInformation.java:1953)
	at org.apache.hadoop.ipc.Server$Handler.run(Server.java:3198)
2024-11-30 15:01:18,382 [IPC Server handler 0 on default port 15160] ERROR pipeline.WritableRatisContainerProvider (WritableRatisContainerProvider.java:getContainer(145)) - Unable to allocate a block for the size: 800, repConfig: RATIS/THREE
15:01:18.382 [IPC Server handler 0 on default port 15160] ERROR SCMAudit - user=runner | ip=127.0.0.1 | op=ALLOCATE_BLOCK {replication=RATIS/THREE, owner=omServiceIdDefault, size=800, num=1, client=} | ret=FAILURE
java.io.IOException: Unable to allocate a container to the block of size: 800, replicationConfig: RATIS/THREE. The input pipeline IDs 9db59abe-b990-4d0b-86b1-2d96a7ef0172 cannot be found
	at org.apache.hadoop.hdds.scm.pipeline.WritableRatisContainerProvider.getContainer(WritableRatisContainerProvider.java:148) ~[hdds-server-scm-2.0.0-SNAPSHOT.jar:?]
	at org.apache.hadoop.hdds.scm.pipeline.WritableContainerFactory.getContainer(WritableContainerFactory.java:74) ~[hdds-server-scm-2.0.0-SNAPSHOT.jar:?]
	at org.apache.hadoop.hdds.scm.block.BlockManagerImpl.allocateBlock(BlockManagerImpl.java:163) ~[hdds-server-scm-2.0.0-SNAPSHOT.jar:?]
	at org.apache.hadoop.hdds.scm.server.SCMBlockProtocolServer.allocateBlock(SCMBlockProtocolServer.java:216) ~[hdds-server-scm-2.0.0-SNAPSHOT.jar:?]
	at org.apache.hadoop.hdds.scm.protocol.ScmBlockLocationProtocolServerSideTranslatorPB.allocateScmBlock(ScmBlockLocationProtocolServerSideTranslatorPB.java:199) ~[hdds-server-scm-2.0.0-SNAPSHOT.jar:?]
	at org.apache.hadoop.hdds.scm.protocol.ScmBlockLocationProtocolServerSideTranslatorPB.processMessage(ScmBlockLocationProtocolServerSideTranslatorPB.java:145) ~[hdds-server-scm-2.0.0-SNAPSHOT.jar:?]
	at org.apache.hadoop.hdds.server.OzoneProtocolMessageDispatcher.processRequest(OzoneProtocolMessageDispatcher.java:89) ~[hdds-server-framework-2.0.0-SNAPSHOT.jar:?]
	at org.apache.hadoop.hdds.scm.protocol.ScmBlockLocationProtocolServerSideTranslatorPB.send(ScmBlockLocationProtocolServerSideTranslatorPB.java:116) ~[hdds-server-scm-2.0.0-SNAPSHOT.jar:?]
	at org.apache.hadoop.hdds.protocol.proto.ScmBlockLocationProtocolProtos$ScmBlockLocationProtocolService$2.callBlockingMethod(ScmBlockLocationProtocolProtos.java:15776) ~[hdds-interface-server-2.0.0-SNAPSHOT.jar:?]
	at org.apache.hadoop.ipc.ProtobufRpcEngine$Server.processCall(ProtobufRpcEngine.java:484) ~[hadoop-common-3.4.1.jar:?]
	at org.apache.hadoop.ipc.ProtobufRpcEngine2$Server$ProtoBufRpcInvoker.call(ProtobufRpcEngine2.java:595) ~[hadoop-common-3.4.1.jar:?]
	at org.apache.hadoop.ipc.ProtobufRpcEngine2$Server$ProtoBufRpcInvoker.call(ProtobufRpcEngine2.java:573) ~[hadoop-common-3.4.1.jar:?]
	at org.apache.hadoop.ipc.RPC$Server.call(RPC.java:1227) ~[hadoop-common-3.4.1.jar:?]
	at org.apache.hadoop.ipc.Server$RpcCall.run(Server.java:1246) ~[hadoop-common-3.4.1.jar:?]
	at org.apache.hadoop.ipc.Server$RpcCall.run(Server.java:1169) ~[hadoop-common-3.4.1.jar:?]
	at java.base/java.security.AccessController.doPrivileged(AccessController.java:712) [?:?]
	at java.base/javax.security.auth.Subject.doAs(Subject.java:439) [?:?]
	at org.apache.hadoop.security.UserGroupInformation.doAs(UserGroupInformation.java:1953) [hadoop-common-3.4.1.jar:?]
	at org.apache.hadoop.ipc.Server$Handler.run(Server.java:3198) [hadoop-common-3.4.1.jar:?]
2024-11-30 15:01:18,391 [main] INFO  ozone.MiniOzoneClusterImpl (MiniOzoneClusterImpl.java:shutdown(484)) - Shutting down the Mini Ozone Cluster
2024-11-30 15:01:18,392 [main] INFO  db.CodecTestUtil (CodecTestUtil.java:gc(50)) - gc 0
2024-11-30 15:01:18,564 [main] INFO  ozone.MiniOzoneClusterImpl (MiniOzoneClusterImpl.java:stop(500)) - Stopping the Mini Ozone Cluster
2024-11-30 15:01:18,565 [main] INFO  om.OzoneManager (OzoneManager.java:stop(2268)) - om1[localhost:15163]: Stopping Ozone Manager
2024-11-30 15:01:18,565 [main] INFO  ipc.Server (Server.java:stop(3697)) - Stopping server on 15163
2024-11-30 15:01:18,567 [IPC Server Responder] INFO  ipc.Server (Server.java:run(1718)) - Stopping IPC Server Responder
2024-11-30 15:01:18,567 [main] INFO  ratis.OzoneManagerRatisServer (OzoneManagerRatisServer.java:stop(640)) - Stopping org.apache.hadoop.ozone.om.ratis.OzoneManagerRatisServer@1d6bfc9d at port 15166
2024-11-30 15:01:18,567 [IPC Server listener on 15163] INFO  ipc.Server (Server.java:run(1585)) - Stopping IPC Server listener on 15163
2024-11-30 15:01:18,567 [main] INFO  server.RaftServer (RaftServerProxy.java:lambda$close$9(417)) - om1: close
2024-11-30 15:01:18,568 [main] INFO  server.GrpcService (GrpcService.java:closeImpl(343)) - om1: shutdown server GrpcServerProtocolService now
2024-11-30 15:01:18,568 [om1-impl-thread1] INFO  server.RaftServer$Division (RaftServerImpl.java:lambda$close$1(513)) - om1@group-C5BA1605619E: shutdown
2024-11-30 15:01:18,568 [om1-impl-thread1] INFO  util.JmxRegister (JmxRegister.java:unregister(74)) - Successfully un-registered JMX Bean with object name Ratis:service=RaftServer,group=group-C5BA1605619E,id=om1
2024-11-30 15:01:18,568 [om1-impl-thread1] INFO  impl.RoleInfo (RoleInfo.java:shutdownLeaderState(103)) - om1: shutdown om1@group-C5BA1605619E-LeaderStateImpl
2024-11-30 15:01:18,568 [om1-impl-thread1] INFO  impl.PendingRequests (PendingRequests.java:sendNotLeaderResponses(287)) - om1@group-C5BA1605619E-PendingRequests: sendNotLeaderResponses
2024-11-30 15:01:18,568 [om1-impl-thread1] INFO  impl.StateMachineUpdater (StateMachineUpdater.java:stopAndJoin(164)) - om1@group-C5BA1605619E-StateMachineUpdater: set stopIndex = 6
2024-11-30 15:01:18,570 [main] INFO  server.GrpcService (GrpcService.java:closeImpl(352)) - om1: shutdown server GrpcServerProtocolService successfully
2024-11-30 15:01:18,584 [om1@group-C5BA1605619E-StateMachineUpdater] INFO  ratis.OzoneManagerStateMachine (OzoneManagerStateMachine.java:takeSnapshotImpl(506)) - om1: taking snapshot. applied = (t:1, i:6), skipped = 5, notified = (t:1, i:6), current snapshot index = (t:1, i:6), took 15 ms
2024-11-30 15:01:18,585 [om1@group-C5BA1605619E-StateMachineUpdater] INFO  impl.StateMachineUpdater (StateMachineUpdater.java:takeSnapshot(303)) - om1@group-C5BA1605619E-StateMachineUpdater: Took a snapshot at index 6
2024-11-30 15:01:18,585 [om1@group-C5BA1605619E-StateMachineUpdater] INFO  impl.StateMachineUpdater (StateMachineUpdater.java:lambda$new$0(102)) - om1@group-C5BA1605619E-StateMachineUpdater: snapshotIndex: updateIncreasingly -1 -> 6
2024-11-30 15:01:18,585 [om1@group-C5BA1605619E-StateMachineUpdater] INFO  impl.StateMachineUpdater (StateMachineUpdater.java:stop(141)) - om1@group-C5BA1605619E-StateMachineUpdater: closing OzoneManagerStateMachine, lastApplied=(t:1, i:6)
2024-11-30 15:01:18,585 [om1@group-C5BA1605619E-StateMachineUpdater] INFO  ratis.OzoneManagerStateMachine (OzoneManagerStateMachine.java:close(546)) - Stopping OzoneManagerStateMachine:om1:group-C5BA1605619E.
2024-11-30 15:01:18,585 [om1@group-C5BA1605619E-StateMachineUpdater] INFO  ratis.OzoneManagerDoubleBuffer (OzoneManagerDoubleBuffer.java:stopDaemon(525)) - Stopping OMDoubleBuffer flush thread
2024-11-30 15:01:18,585 [om1-OMDoubleBufferFlushThread] INFO  ratis.OzoneManagerDoubleBuffer (OzoneManagerDoubleBuffer.java:canFlush(589)) - OMDoubleBuffer flush thread om1-OMDoubleBufferFlushThread is interrupted and will exit.
2024-11-30 15:01:18,585 [om1@group-C5BA1605619E-cacheEviction-AwaitToRun] INFO  util.AwaitToRun (AwaitToRun.java:run(49)) - om1@group-C5BA1605619E-cacheEviction-AwaitToRun-AwaitForSignal is interrupted
2024-11-30 15:01:18,719 [719b1c3f-249c-457a-8743-b06328301a87@group-881FFCB406EE-FollowerState] INFO  impl.FollowerState (FollowerState.java:runImpl(161)) - 719b1c3f-249c-457a-8743-b06328301a87@group-881FFCB406EE-FollowerState: change to CANDIDATE, lastRpcElapsedTime:7744227332ns, electionTimeout:5108ms
2024-11-30 15:01:18,719 [719b1c3f-249c-457a-8743-b06328301a87@group-881FFCB406EE-FollowerState] INFO  impl.RoleInfo (RoleInfo.java:shutdownFollowerState(121)) - 719b1c3f-249c-457a-8743-b06328301a87: shutdown 719b1c3f-249c-457a-8743-b06328301a87@group-881FFCB406EE-FollowerState
2024-11-30 15:01:18,719 [719b1c3f-249c-457a-8743-b06328301a87@group-881FFCB406EE-FollowerState] INFO  server.RaftServer$Division (RaftServerImpl.java:setRole(378)) - 719b1c3f-249c-457a-8743-b06328301a87@group-881FFCB406EE: changes role from  FOLLOWER to CANDIDATE at term 1 for changeToCandidate
2024-11-30 15:01:18,719 [719b1c3f-249c-457a-8743-b06328301a87@group-881FFCB406EE-FollowerState] INFO  server.RaftServerConfigKeys (ConfUtils.java:logGet(46)) - raft.server.leaderelection.pre-vote = true (default)
2024-11-30 15:01:18,719 [719b1c3f-249c-457a-8743-b06328301a87@group-881FFCB406EE-FollowerState] INFO  impl.RoleInfo (RoleInfo.java:updateAndGet(148)) - 719b1c3f-249c-457a-8743-b06328301a87: start 719b1c3f-249c-457a-8743-b06328301a87@group-881FFCB406EE-LeaderElection52
2024-11-30 15:01:18,720 [719b1c3f-249c-457a-8743-b06328301a87@group-881FFCB406EE-LeaderElection52] INFO  server.RaftServer$Division (ServerState.java:setLeader(272)) - 719b1c3f-249c-457a-8743-b06328301a87@group-881FFCB406EE: change Leader from d57daabc-8d0b-4ea3-831e-cde13ca8d1d7 to null at term 1 for PRE_VOTE
2024-11-30 15:01:18,720 [719b1c3f-249c-457a-8743-b06328301a87@group-881FFCB406EE-LeaderElection52] INFO  impl.LeaderElection (LeaderElection.java:askForVotes(332)) - 719b1c3f-249c-457a-8743-b06328301a87@group-881FFCB406EE-LeaderElection52 PRE_VOTE round 0: submit vote requests at term 1 for conf: {index: 0, cur=peers:[719b1c3f-249c-457a-8743-b06328301a87|127.0.0.1:15171, af7ee296-5066-44e3-a94d-aaeda09020f2|127.0.0.1:15189, d57daabc-8d0b-4ea3-831e-cde13ca8d1d7|127.0.0.1:15180]|listeners:[], old=null}
2024-11-30 15:01:18,720 [719b1c3f-249c-457a-8743-b06328301a87@group-881FFCB406EE-LeaderElection52] INFO  impl.LeaderElection (LogUtils.java:infoOrTrace(136)) - 719b1c3f-249c-457a-8743-b06328301a87@group-881FFCB406EE-LeaderElection52 got exception when requesting votes: java.util.concurrent.ExecutionException: org.apache.ratis.thirdparty.io.grpc.StatusRuntimeException: UNAVAILABLE: io exception
2024-11-30 15:01:18,721 [719b1c3f-249c-457a-8743-b06328301a87@group-881FFCB406EE-LeaderElection52] INFO  impl.LeaderElection (LogUtils.java:infoOrTrace(136)) - 719b1c3f-249c-457a-8743-b06328301a87@group-881FFCB406EE-LeaderElection52 got exception when requesting votes: java.util.concurrent.ExecutionException: org.apache.ratis.thirdparty.io.grpc.StatusRuntimeException: UNAVAILABLE: io exception
2024-11-30 15:01:18,721 [719b1c3f-249c-457a-8743-b06328301a87@group-881FFCB406EE-LeaderElection52] INFO  impl.LeaderElection (LeaderElection.java:logAndReturn(90)) - 719b1c3f-249c-457a-8743-b06328301a87@group-881FFCB406EE-LeaderElection52: PRE_VOTE REJECTED received 0 response(s) and 2 exception(s):
2024-11-30 15:01:18,721 [719b1c3f-249c-457a-8743-b06328301a87@group-881FFCB406EE-LeaderElection52] INFO  impl.LeaderElection (LogUtils.java:infoOrTrace(136)) -   Exception 0: java.util.concurrent.ExecutionException: org.apache.ratis.thirdparty.io.grpc.StatusRuntimeException: UNAVAILABLE: io exception
2024-11-30 15:01:18,721 [719b1c3f-249c-457a-8743-b06328301a87@group-881FFCB406EE-LeaderElection52] INFO  impl.LeaderElection (LogUtils.java:infoOrTrace(136)) -   Exception 1: java.util.concurrent.ExecutionException: org.apache.ratis.thirdparty.io.grpc.StatusRuntimeException: UNAVAILABLE: io exception
2024-11-30 15:01:18,721 [719b1c3f-249c-457a-8743-b06328301a87@group-881FFCB406EE-LeaderElection52] INFO  impl.LeaderElection (LeaderElection.java:askForVotes(334)) - 719b1c3f-249c-457a-8743-b06328301a87@group-881FFCB406EE-LeaderElection52 PRE_VOTE round 0: result REJECTED
2024-11-30 15:01:18,721 [719b1c3f-249c-457a-8743-b06328301a87@group-881FFCB406EE-LeaderElection52] INFO  server.RaftServer$Division (RaftServerImpl.java:setRole(378)) - 719b1c3f-249c-457a-8743-b06328301a87@group-881FFCB406EE: changes role from CANDIDATE to FOLLOWER at term 1 for REJECTED
2024-11-30 15:01:18,721 [719b1c3f-249c-457a-8743-b06328301a87@group-881FFCB406EE-LeaderElection52] INFO  impl.RoleInfo (RoleInfo.java:shutdownLeaderElection(141)) - 719b1c3f-249c-457a-8743-b06328301a87: shutdown 719b1c3f-249c-457a-8743-b06328301a87@group-881FFCB406EE-LeaderElection52
2024-11-30 15:01:18,721 [719b1c3f-249c-457a-8743-b06328301a87@group-881FFCB406EE-LeaderElection52] INFO  impl.RoleInfo (RoleInfo.java:updateAndGet(148)) - 719b1c3f-249c-457a-8743-b06328301a87: start 719b1c3f-249c-457a-8743-b06328301a87@group-881FFCB406EE-FollowerState
2024-11-30 15:01:18,785 [719b1c3f-249c-457a-8743-b06328301a87@group-006F4FFF65FD-FollowerState] INFO  impl.FollowerState (FollowerState.java:runImpl(161)) - 719b1c3f-249c-457a-8743-b06328301a87@group-006F4FFF65FD-FollowerState: change to CANDIDATE, lastRpcElapsedTime:10174249368ns, electionTimeout:5068ms
2024-11-30 15:01:18,785 [719b1c3f-249c-457a-8743-b06328301a87@group-006F4FFF65FD-FollowerState] INFO  impl.RoleInfo (RoleInfo.java:shutdownFollowerState(121)) - 719b1c3f-249c-457a-8743-b06328301a87: shutdown 719b1c3f-249c-457a-8743-b06328301a87@group-006F4FFF65FD-FollowerState
2024-11-30 15:01:18,785 [719b1c3f-249c-457a-8743-b06328301a87@group-006F4FFF65FD-FollowerState] INFO  server.RaftServer$Division (RaftServerImpl.java:setRole(378)) - 719b1c3f-249c-457a-8743-b06328301a87@group-006F4FFF65FD: changes role from  FOLLOWER to CANDIDATE at term 1 for changeToCandidate
2024-11-30 15:01:18,785 [719b1c3f-249c-457a-8743-b06328301a87@group-006F4FFF65FD-FollowerState] INFO  server.RaftServerConfigKeys (ConfUtils.java:logGet(46)) - raft.server.leaderelection.pre-vote = true (default)
2024-11-30 15:01:18,785 [719b1c3f-249c-457a-8743-b06328301a87@group-006F4FFF65FD-FollowerState] INFO  impl.RoleInfo (RoleInfo.java:updateAndGet(148)) - 719b1c3f-249c-457a-8743-b06328301a87: start 719b1c3f-249c-457a-8743-b06328301a87@group-006F4FFF65FD-LeaderElection53
2024-11-30 15:01:18,786 [719b1c3f-249c-457a-8743-b06328301a87@group-006F4FFF65FD-LeaderElection53] INFO  server.RaftServer$Division (ServerState.java:setLeader(272)) - 719b1c3f-249c-457a-8743-b06328301a87@group-006F4FFF65FD: change Leader from af7ee296-5066-44e3-a94d-aaeda09020f2 to null at term 1 for PRE_VOTE
2024-11-30 15:01:18,786 [719b1c3f-249c-457a-8743-b06328301a87@group-006F4FFF65FD-LeaderElection53] INFO  impl.LeaderElection (LeaderElection.java:askForVotes(332)) - 719b1c3f-249c-457a-8743-b06328301a87@group-006F4FFF65FD-LeaderElection53 PRE_VOTE round 0: submit vote requests at term 1 for conf: {index: 0, cur=peers:[719b1c3f-249c-457a-8743-b06328301a87|127.0.0.1:15171, af7ee296-5066-44e3-a94d-aaeda09020f2|127.0.0.1:15189, d57daabc-8d0b-4ea3-831e-cde13ca8d1d7|127.0.0.1:15180]|listeners:[], old=null}
2024-11-30 15:01:18,786 [719b1c3f-249c-457a-8743-b06328301a87@group-006F4FFF65FD-LeaderElection53] INFO  impl.LeaderElection (LogUtils.java:infoOrTrace(136)) - 719b1c3f-249c-457a-8743-b06328301a87@group-006F4FFF65FD-LeaderElection53 got exception when requesting votes: java.util.concurrent.ExecutionException: org.apache.ratis.thirdparty.io.grpc.StatusRuntimeException: UNAVAILABLE: io exception
2024-11-30 15:01:18,787 [719b1c3f-249c-457a-8743-b06328301a87@group-006F4FFF65FD-LeaderElection53] INFO  impl.LeaderElection (LogUtils.java:infoOrTrace(136)) - 719b1c3f-249c-457a-8743-b06328301a87@group-006F4FFF65FD-LeaderElection53 got exception when requesting votes: java.util.concurrent.ExecutionException: org.apache.ratis.thirdparty.io.grpc.StatusRuntimeException: UNAVAILABLE: io exception
2024-11-30 15:01:18,787 [719b1c3f-249c-457a-8743-b06328301a87@group-006F4FFF65FD-LeaderElection53] INFO  impl.LeaderElection (LeaderElection.java:logAndReturn(90)) - 719b1c3f-249c-457a-8743-b06328301a87@group-006F4FFF65FD-LeaderElection53: PRE_VOTE REJECTED received 0 response(s) and 2 exception(s):
2024-11-30 15:01:18,787 [719b1c3f-249c-457a-8743-b06328301a87@group-006F4FFF65FD-LeaderElection53] INFO  impl.LeaderElection (LogUtils.java:infoOrTrace(136)) -   Exception 0: java.util.concurrent.ExecutionException: org.apache.ratis.thirdparty.io.grpc.StatusRuntimeException: UNAVAILABLE: io exception
2024-11-30 15:01:18,787 [719b1c3f-249c-457a-8743-b06328301a87@group-006F4FFF65FD-LeaderElection53] INFO  impl.LeaderElection (LogUtils.java:infoOrTrace(136)) -   Exception 1: java.util.concurrent.ExecutionException: org.apache.ratis.thirdparty.io.grpc.StatusRuntimeException: UNAVAILABLE: io exception
2024-11-30 15:01:18,787 [719b1c3f-249c-457a-8743-b06328301a87@group-006F4FFF65FD-LeaderElection53] INFO  impl.LeaderElection (LeaderElection.java:askForVotes(334)) - 719b1c3f-249c-457a-8743-b06328301a87@group-006F4FFF65FD-LeaderElection53 PRE_VOTE round 0: result REJECTED
2024-11-30 15:01:18,787 [719b1c3f-249c-457a-8743-b06328301a87@group-006F4FFF65FD-LeaderElection53] INFO  server.RaftServer$Division (RaftServerImpl.java:setRole(378)) - 719b1c3f-249c-457a-8743-b06328301a87@group-006F4FFF65FD: changes role from CANDIDATE to FOLLOWER at term 1 for REJECTED
2024-11-30 15:01:18,787 [719b1c3f-249c-457a-8743-b06328301a87@group-006F4FFF65FD-LeaderElection53] INFO  impl.RoleInfo (RoleInfo.java:shutdownLeaderElection(141)) - 719b1c3f-249c-457a-8743-b06328301a87: shutdown 719b1c3f-249c-457a-8743-b06328301a87@group-006F4FFF65FD-LeaderElection53
2024-11-30 15:01:18,787 [719b1c3f-249c-457a-8743-b06328301a87@group-006F4FFF65FD-LeaderElection53] INFO  impl.RoleInfo (RoleInfo.java:updateAndGet(148)) - 719b1c3f-249c-457a-8743-b06328301a87: start 719b1c3f-249c-457a-8743-b06328301a87@group-006F4FFF65FD-FollowerState
2024-11-30 15:01:19,195 [om1-impl-thread1] INFO  segmented.SegmentedRaftLogWorker (SegmentedRaftLogWorker.java:close(252)) - om1@group-C5BA1605619E-SegmentedRaftLogWorker close()
2024-11-30 15:01:19,195 [JvmPauseMonitor22] INFO  util.JvmPauseMonitor (JvmPauseMonitor.java:run(152)) - JvmPauseMonitor-om1: Stopped
2024-11-30 15:01:19,195 [main] INFO  utils.BackgroundService (BackgroundService.java:shutdown(163)) - Shutting down service KeyDeletingService
2024-11-30 15:01:19,195 [main] INFO  utils.BackgroundService (BackgroundService.java:shutdown(163)) - Shutting down service DirectoryDeletingService
2024-11-30 15:01:19,196 [main] INFO  utils.BackgroundService (BackgroundService.java:shutdown(163)) - Shutting down service OpenKeyCleanupService
2024-11-30 15:01:19,196 [main] INFO  utils.BackgroundService (BackgroundService.java:shutdown(163)) - Shutting down service SstFilteringService
2024-11-30 15:01:19,196 [main] INFO  utils.BackgroundService (BackgroundService.java:shutdown(163)) - Shutting down service SnapshotDeletingService
2024-11-30 15:01:19,196 [main] INFO  utils.BackgroundService (BackgroundService.java:shutdown(163)) - Shutting down service MultipartUploadCleanupService
2024-11-30 15:01:19,197 [main] INFO  handler.ContextHandler (ContextHandler.java:doStop(1159)) - Stopped o.e.j.w.WebAppContext@465308b5{ozoneManager,/,null,STOPPED}{file:/home/runner/work/ozone/ozone/hadoop-ozone/integration-test/target/test-classes/webapps/ozoneManager}
2024-11-30 15:01:19,197 [main] INFO  server.AbstractConnector (AbstractConnector.java:doStop(383)) - Stopped ServerConnector@6e7867a3{HTTP/1.1, (http/1.1)}{0.0.0.0:15164}
2024-11-30 15:01:19,197 [main] INFO  server.session (HouseKeeper.java:stopScavenging(149)) - node0 Stopped scavenging
2024-11-30 15:01:19,198 [main] INFO  handler.ContextHandler (ContextHandler.java:doStop(1159)) - Stopped o.e.j.s.ServletContextHandler@23fbe411{static,/static,file:///home/runner/work/ozone/ozone/hadoop-ozone/integration-test/target/test-classes/webapps/static,STOPPED}
2024-11-30 15:01:19,198 [main] INFO  handler.ContextHandler (ContextHandler.java:doStop(1159)) - Stopped o.e.j.s.ServletContextHandler@4908c4a0{logs,/logs,file:///home/runner/work/ozone/ozone/hadoop-ozone/integration-test/target/log,STOPPED}
2024-11-30 15:01:19,198 [main] INFO  rocksdiff.RocksDBCheckpointDiffer (RocksDBCheckpointDiffer.java:close(306)) - Shutting down CompactionDagPruningService.
2024-11-30 15:01:19,200 [main] INFO  snapshot.SnapshotDiffManager (SnapshotDiffManager.java:closeExecutorService(1658)) - Shutting down executorService: 'SnapDiffExecutor'
2024-11-30 15:01:19,201 [main] INFO  utils.BackgroundService (BackgroundService.java:shutdown(163)) - Shutting down service SnapshotDiffCleanupService
2024-11-30 15:01:19,201 [main] INFO  ozone.MiniOzoneClusterImpl (MiniOzoneClusterImpl.java:stopDatanodes(577)) - Stopping the HddsDatanodes
2024-11-30 15:01:19,203 [ForkJoinPool.commonPool-worker-1] INFO  ozoneimpl.OzoneContainer (OzoneContainer.java:stop(526)) - Attempting to stop container services.
2024-11-30 15:01:19,204 [ContainerMetadataScanner] WARN  ozoneimpl.AbstractBackgroundContainerScanner (AbstractBackgroundContainerScanner.java:handleRemainingSleep(134)) - Background container scan was interrupted.
2024-11-30 15:01:19,204 [ContainerMetadataScanner] INFO  ozoneimpl.AbstractBackgroundContainerScanner (AbstractBackgroundContainerScanner.java:run(61)) - Thread[ContainerMetadataScanner,5,main] exiting.
2024-11-30 15:01:19,204 [ForkJoinPool.commonPool-worker-1] INFO  ozoneimpl.BackgroundContainerDataScanner (BackgroundContainerDataScanner.java:shutdown(142)) - ContainerDataScanner(/home/runner/work/ozone/ozone/hadoop-ozone/integration-test/target/test-dir/MiniOzoneClusterImpl-e985cbf7-8b64-4e7c-b64c-74e6afbb48f1/ozone-meta/datanode-4/data-0/hdds) is shutting down. 
2024-11-30 15:01:19,204 [ContainerDataScanner(/home/runner/work/ozone/ozone/hadoop-ozone/integration-test/target/test-dir/MiniOzoneClusterImpl-e985cbf7-8b64-4e7c-b64c-74e6afbb48f1/ozone-meta/datanode-4/data-0/hdds)] WARN  ozoneimpl.AbstractBackgroundContainerScanner (AbstractBackgroundContainerScanner.java:handleRemainingSleep(134)) - Background container scan was interrupted.
2024-11-30 15:01:19,204 [ContainerDataScanner(/home/runner/work/ozone/ozone/hadoop-ozone/integration-test/target/test-dir/MiniOzoneClusterImpl-e985cbf7-8b64-4e7c-b64c-74e6afbb48f1/ozone-meta/datanode-4/data-0/hdds)] INFO  ozoneimpl.AbstractBackgroundContainerScanner (AbstractBackgroundContainerScanner.java:run(61)) - ContainerDataScanner(/home/runner/work/ozone/ozone/hadoop-ozone/integration-test/target/test-dir/MiniOzoneClusterImpl-e985cbf7-8b64-4e7c-b64c-74e6afbb48f1/ozone-meta/datanode-4/data-0/hdds, DS-e4b5d502-a1c1-47fe-8e1d-c08edf330884) exiting.
2024-11-30 15:01:19,204 [ForkJoinPool.commonPool-worker-1] INFO  ratis.XceiverServerRatis (XceiverServerRatis.java:stop(596)) - Closing XceiverServerRatis(dd630ec0-84d9-4473-8f61-cbcf66d1795a)
2024-11-30 15:01:19,204 [ForkJoinPool.commonPool-worker-1] INFO  server.RaftServer (RaftServerProxy.java:lambda$close$9(417)) - dd630ec0-84d9-4473-8f61-cbcf66d1795a: close
2024-11-30 15:01:19,204 [ForkJoinPool.commonPool-worker-1] INFO  server.GrpcService (GrpcService.java:closeImpl(343)) - dd630ec0-84d9-4473-8f61-cbcf66d1795a: shutdown server GrpcServerProtocolService now
2024-11-30 15:01:19,204 [dd630ec0-84d9-4473-8f61-cbcf66d1795a-impl-thread1] INFO  server.RaftServer$Division (RaftServerImpl.java:lambda$close$1(513)) - dd630ec0-84d9-4473-8f61-cbcf66d1795a@group-4AD3EB28E0D6: shutdown
2024-11-30 15:01:19,205 [dd630ec0-84d9-4473-8f61-cbcf66d1795a-impl-thread1] INFO  util.JmxRegister (JmxRegister.java:unregister(74)) - Successfully un-registered JMX Bean with object name Ratis:service=RaftServer,group=group-4AD3EB28E0D6,id=dd630ec0-84d9-4473-8f61-cbcf66d1795a
2024-11-30 15:01:19,205 [dd630ec0-84d9-4473-8f61-cbcf66d1795a-impl-thread1] INFO  impl.RoleInfo (RoleInfo.java:shutdownLeaderState(103)) - dd630ec0-84d9-4473-8f61-cbcf66d1795a: shutdown dd630ec0-84d9-4473-8f61-cbcf66d1795a@group-4AD3EB28E0D6-LeaderStateImpl
2024-11-30 15:01:19,205 [dd630ec0-84d9-4473-8f61-cbcf66d1795a-impl-thread1] INFO  impl.PendingRequests (PendingRequests.java:sendNotLeaderResponses(287)) - dd630ec0-84d9-4473-8f61-cbcf66d1795a@group-4AD3EB28E0D6-PendingRequests: sendNotLeaderResponses
2024-11-30 15:01:19,205 [dd630ec0-84d9-4473-8f61-cbcf66d1795a-impl-thread1] INFO  impl.StateMachineUpdater (StateMachineUpdater.java:stopAndJoin(164)) - dd630ec0-84d9-4473-8f61-cbcf66d1795a@group-4AD3EB28E0D6-StateMachineUpdater: set stopIndex = 0
2024-11-30 15:01:19,205 [dd630ec0-84d9-4473-8f61-cbcf66d1795a@group-4AD3EB28E0D6-StateMachineUpdater] INFO  ratis.ContainerStateMachine (ContainerStateMachine.java:takeSnapshot(378)) - group-4AD3EB28E0D6: Taking a snapshot at:(t:1, i:0) file /home/runner/work/ozone/ozone/hadoop-ozone/integration-test/target/test-dir/MiniOzoneClusterImpl-e985cbf7-8b64-4e7c-b64c-74e6afbb48f1/ozone-meta/datanode-4/ratis/262bd9ab-35b4-4ba0-8e39-4ad3eb28e0d6/sm/snapshot.1_0
2024-11-30 15:01:19,206 [dd630ec0-84d9-4473-8f61-cbcf66d1795a@group-4AD3EB28E0D6-StateMachineUpdater] INFO  ratis.ContainerStateMachine (ContainerStateMachine.java:takeSnapshot(389)) - group-4AD3EB28E0D6: Finished taking a snapshot at:(t:1, i:0) file:/home/runner/work/ozone/ozone/hadoop-ozone/integration-test/target/test-dir/MiniOzoneClusterImpl-e985cbf7-8b64-4e7c-b64c-74e6afbb48f1/ozone-meta/datanode-4/ratis/262bd9ab-35b4-4ba0-8e39-4ad3eb28e0d6/sm/snapshot.1_0 took: 1 ms
2024-11-30 15:01:19,206 [dd630ec0-84d9-4473-8f61-cbcf66d1795a@group-4AD3EB28E0D6-StateMachineUpdater] INFO  impl.StateMachineUpdater (StateMachineUpdater.java:takeSnapshot(303)) - dd630ec0-84d9-4473-8f61-cbcf66d1795a@group-4AD3EB28E0D6-StateMachineUpdater: Took a snapshot at index 0
2024-11-30 15:01:19,206 [dd630ec0-84d9-4473-8f61-cbcf66d1795a@group-4AD3EB28E0D6-StateMachineUpdater] INFO  impl.StateMachineUpdater (StateMachineUpdater.java:lambda$new$0(102)) - dd630ec0-84d9-4473-8f61-cbcf66d1795a@group-4AD3EB28E0D6-StateMachineUpdater: snapshotIndex: updateIncreasingly -1 -> 0
2024-11-30 15:01:19,207 [dd630ec0-84d9-4473-8f61-cbcf66d1795a@group-4AD3EB28E0D6-StateMachineUpdater] INFO  impl.StateMachineUpdater (StateMachineUpdater.java:stop(141)) - dd630ec0-84d9-4473-8f61-cbcf66d1795a@group-4AD3EB28E0D6-StateMachineUpdater: closing ContainerStateMachine, lastApplied=(t:1, i:0)
2024-11-30 15:01:19,207 [dd630ec0-84d9-4473-8f61-cbcf66d1795a@group-4AD3EB28E0D6-cacheEviction-AwaitToRun] INFO  util.AwaitToRun (AwaitToRun.java:run(49)) - dd630ec0-84d9-4473-8f61-cbcf66d1795a@group-4AD3EB28E0D6-cacheEviction-AwaitToRun-AwaitForSignal is interrupted
2024-11-30 15:01:19,208 [ForkJoinPool.commonPool-worker-1] INFO  server.GrpcService (GrpcService.java:closeImpl(352)) - dd630ec0-84d9-4473-8f61-cbcf66d1795a: shutdown server GrpcServerProtocolService successfully
2024-11-30 15:01:19,208 [dd630ec0-84d9-4473-8f61-cbcf66d1795a-NettyServerStreamRpc-bossGroup--thread1] INFO  logging.LoggingHandler (AbstractInternalLogger.java:log(148)) - [id: 0x68b7d4d4, L:/0.0.0.0:15201] CLOSE
2024-11-30 15:01:19,208 [dd630ec0-84d9-4473-8f61-cbcf66d1795a-NettyServerStreamRpc-bossGroup--thread1] INFO  logging.LoggingHandler (AbstractInternalLogger.java:log(148)) - [id: 0x68b7d4d4, L:/0.0.0.0:15201] INACTIVE
2024-11-30 15:01:19,208 [dd630ec0-84d9-4473-8f61-cbcf66d1795a-NettyServerStreamRpc-bossGroup--thread1] INFO  logging.LoggingHandler (AbstractInternalLogger.java:log(148)) - [id: 0x68b7d4d4, L:/0.0.0.0:15201] UNREGISTERED
2024-11-30 15:01:20,099 [dd630ec0-84d9-4473-8f61-cbcf66d1795a-impl-thread1] INFO  segmented.SegmentedRaftLogWorker (SegmentedRaftLogWorker.java:close(252)) - dd630ec0-84d9-4473-8f61-cbcf66d1795a@group-4AD3EB28E0D6-SegmentedRaftLogWorker close()
2024-11-30 15:01:20,099 [dd630ec0-84d9-4473-8f61-cbcf66d1795a-impl-thread1] INFO  ratis.ContainerStateMachine (ContainerStateMachine.java:notifyServerShutdown(970)) - group-4AD3EB28E0D6 is closed by HddsDatanodeService
2024-11-30 15:01:20,100 [JvmPauseMonitor26] INFO  util.JvmPauseMonitor (JvmPauseMonitor.java:run(152)) - JvmPauseMonitor-dd630ec0-84d9-4473-8f61-cbcf66d1795a: Stopped
2024-11-30 15:01:20,212 [timer7] WARN  server.GrpcLogAppender (LogUtils.java:warn(121)) - 719b1c3f-249c-457a-8743-b06328301a87@group-563E99154595->af7ee296-5066-44e3-a94d-aaeda09020f2-AppendLogResponseHandler: Failed appendEntries (Repeated 8 times in the last 4.999s): org.apache.ratis.thirdparty.io.grpc.StatusRuntimeException: UNAVAILABLE: io exception
2024-11-30 15:01:20,214 [timer1] WARN  server.GrpcLogAppender (GrpcLogAppender.java:lambda$resetClient$1(221)) - 719b1c3f-249c-457a-8743-b06328301a87@group-563E99154595->af7ee296-5066-44e3-a94d-aaeda09020f2-GrpcLogAppender: Follower failed (request=null, errorCount=16); keep nextIndex (17) unchanged and retry. (Repeated 8 times in the last 5.001s)
2024-11-30 15:01:20,215 [timer2] WARN  server.GrpcLogAppender (GrpcLogAppender.java:lambda$resetClient$1(221)) - 719b1c3f-249c-457a-8743-b06328301a87@group-563E99154595->d57daabc-8d0b-4ea3-831e-cde13ca8d1d7-GrpcLogAppender: Follower failed (request=null, errorCount=12); keep nextIndex (17) unchanged and retry. (Repeated 8 times in the last 5.000s)
2024-11-30 15:01:20,346 [grpc-default-executor-1] WARN  server.GrpcLogAppender (GrpcLogAppender.java:lambda$resetClient$1(221)) - 719b1c3f-249c-457a-8743-b06328301a87@group-563E99154595->d57daabc-8d0b-4ea3-831e-cde13ca8d1d7-GrpcLogAppender: Follower failed (request=null, errorCount=13); keep nextIndex (17) unchanged and retry.
2024-11-30 15:01:20,415 [719b1c3f-249c-457a-8743-b06328301a87@group-563E99154595-LeaderStateImpl] WARN  server.RaftServer$Division (LeaderStateImpl.java:checkLeadership(1115)) - 719b1c3f-249c-457a-8743-b06328301a87@group-563E99154595-LeaderStateImpl: Lost leadership on term: 1. Election timeout: 5200ms. In charge for: 12032ms. Conf: conf: {index: 0, cur=peers:[719b1c3f-249c-457a-8743-b06328301a87|127.0.0.1:15171, af7ee296-5066-44e3-a94d-aaeda09020f2|127.0.0.1:15189, d57daabc-8d0b-4ea3-831e-cde13ca8d1d7|127.0.0.1:15180]|listeners:[], old=null}
2024-11-30 15:01:20,415 [719b1c3f-249c-457a-8743-b06328301a87@group-563E99154595-LeaderStateImpl] WARN  server.RaftServer$Division (LeaderStateImpl.java:lambda$checkLeadership$21(1119)) - Follower 719b1c3f-249c-457a-8743-b06328301a87@group-563E99154595->af7ee296-5066-44e3-a94d-aaeda09020f2(c13,m15,n17, caughtUp=true, lastRpcSendTime=1477, lastRpcResponseTime=11179)
2024-11-30 15:01:20,415 [719b1c3f-249c-457a-8743-b06328301a87@group-563E99154595-LeaderStateImpl] WARN  server.RaftServer$Division (LeaderStateImpl.java:lambda$checkLeadership$21(1119)) - Follower 719b1c3f-249c-457a-8743-b06328301a87@group-563E99154595->d57daabc-8d0b-4ea3-831e-cde13ca8d1d7(c15,m15,n17, caughtUp=true, lastRpcSendTime=68, lastRpcResponseTime=8677)
2024-11-30 15:01:20,415 [719b1c3f-249c-457a-8743-b06328301a87@group-563E99154595-LeaderStateImpl] INFO  server.RaftServer$Division (RaftServerImpl.java:setRole(378)) - 719b1c3f-249c-457a-8743-b06328301a87@group-563E99154595: changes role from    LEADER to FOLLOWER at term 1 for StepDownReason:LOST_MAJORITY_HEARTBEATS
2024-11-30 15:01:20,415 [719b1c3f-249c-457a-8743-b06328301a87@group-563E99154595-LeaderStateImpl] INFO  impl.RoleInfo (RoleInfo.java:shutdownLeaderState(103)) - 719b1c3f-249c-457a-8743-b06328301a87: shutdown 719b1c3f-249c-457a-8743-b06328301a87@group-563E99154595-LeaderStateImpl
2024-11-30 15:01:20,416 [719b1c3f-249c-457a-8743-b06328301a87@group-563E99154595->af7ee296-5066-44e3-a94d-aaeda09020f2-GrpcLogAppender-LogAppenderDaemon] WARN  server.GrpcLogAppender (GrpcLogAppender.java:mayWait(293)) - 719b1c3f-249c-457a-8743-b06328301a87@group-563E99154595->af7ee296-5066-44e3-a94d-aaeda09020f2-GrpcLogAppender: Wait interrupted by java.lang.InterruptedException
2024-11-30 15:01:20,416 [719b1c3f-249c-457a-8743-b06328301a87@group-563E99154595->d57daabc-8d0b-4ea3-831e-cde13ca8d1d7-GrpcLogAppender-LogAppenderDaemon] WARN  server.GrpcLogAppender (GrpcLogAppender.java:mayWait(293)) - 719b1c3f-249c-457a-8743-b06328301a87@group-563E99154595->d57daabc-8d0b-4ea3-831e-cde13ca8d1d7-GrpcLogAppender: Wait interrupted by java.lang.InterruptedException
2024-11-30 15:01:20,416 [719b1c3f-249c-457a-8743-b06328301a87@group-563E99154595-LeaderStateImpl] INFO  impl.PendingRequests (PendingRequests.java:sendNotLeaderResponses(287)) - 719b1c3f-249c-457a-8743-b06328301a87@group-563E99154595-PendingRequests: sendNotLeaderResponses
2024-11-30 15:01:20,416 [719b1c3f-249c-457a-8743-b06328301a87@group-563E99154595-LeaderStateImpl] INFO  server.RaftServer$Division (ServerState.java:setLeader(272)) - 719b1c3f-249c-457a-8743-b06328301a87@group-563E99154595: change Leader from 719b1c3f-249c-457a-8743-b06328301a87 to null at term 1 for StepDownReason:LOST_MAJORITY_HEARTBEATS
2024-11-30 15:01:20,416 [719b1c3f-249c-457a-8743-b06328301a87@group-563E99154595-LeaderStateImpl] INFO  impl.RoleInfo (RoleInfo.java:updateAndGet(148)) - 719b1c3f-249c-457a-8743-b06328301a87: start 719b1c3f-249c-457a-8743-b06328301a87@group-563E99154595-FollowerState
2024-11-30 15:01:20,416 [719b1c3f-249c-457a-8743-b06328301a87-CloseContainerThread-0] INFO  commandhandler.CloseContainerCommandHandler (CloseContainerCommandHandler.java:lambda$handle$0(158)) - Follower cannot close container #1.
2024-11-30 15:01:21,267 [EventQueue-StaleNodeForStaleNodeHandler] INFO  node.StaleNodeHandler (StaleNodeHandler.java:onMessage(57)) - Datanode 719b1c3f-249c-457a-8743-b06328301a87(localhost/127.0.0.1) moved to stale state. Finalizing its pipelines [PipelineID=b61f8cd5-33e4-4110-b752-344bb3eb1159]
2024-11-30 15:01:21,268 [EventQueue-StaleNodeForStaleNodeHandler] INFO  pipeline.PipelineManagerImpl (PipelineManagerImpl.java:closePipeline(518)) - Pipeline PipelineID=b61f8cd5-33e4-4110-b752-344bb3eb1159 moved to CLOSED state
2024-11-30 15:01:21,367 [EventQueue-StaleNodeForStaleNodeHandler] INFO  node.StaleNodeHandler (StaleNodeHandler.java:onMessage(57)) - Datanode 91a17cbe-1555-4f52-a9ac-e5caa7cc945b(localhost/127.0.0.1) moved to stale state. Finalizing its pipelines [PipelineID=df58faac-ddc2-4fd5-ba26-61544b673a5f]
2024-11-30 15:01:21,368 [EventQueue-StaleNodeForStaleNodeHandler] INFO  pipeline.PipelineManagerImpl (PipelineManagerImpl.java:closePipeline(518)) - Pipeline PipelineID=df58faac-ddc2-4fd5-ba26-61544b673a5f moved to CLOSED state
2024-11-30 15:01:22,102 [ForkJoinPool.commonPool-worker-1] INFO  utils.DatanodeStoreCache (DatanodeStoreCache.java:shutdownCache(116)) - Skip clearing cache in mini cluster mode. Entries left: [/home/runner/work/ozone/ozone/hadoop-ozone/integration-test/target/test-dir/MiniOzoneClusterImpl-e985cbf7-8b64-4e7c-b64c-74e6afbb48f1/ozone-meta/datanode-1/data-0/hdds/e985cbf7-8b64-4e7c-b64c-74e6afbb48f1/DS-00b32262-9e0c-4468-abfb-961f380f6861/container.db, /home/runner/work/ozone/ozone/hadoop-ozone/integration-test/target/test-dir/MiniOzoneClusterImpl-e985cbf7-8b64-4e7c-b64c-74e6afbb48f1/ozone-meta/datanode-4/data-0/hdds/e985cbf7-8b64-4e7c-b64c-74e6afbb48f1/DS-e4b5d502-a1c1-47fe-8e1d-c08edf330884/container.db, /home/runner/work/ozone/ozone/hadoop-ozone/integration-test/target/test-dir/MiniOzoneClusterImpl-e985cbf7-8b64-4e7c-b64c-74e6afbb48f1/ozone-meta/datanode-5/data-0/hdds/e985cbf7-8b64-4e7c-b64c-74e6afbb48f1/DS-9cc604fc-affe-4e90-884a-9d3ed86ab0be/container.db]
2024-11-30 15:01:22,103 [ForkJoinPool.commonPool-worker-1] INFO  utils.DatanodeStoreCache (DatanodeStoreCache.java:removeDB(110)) - Removed db /home/runner/work/ozone/ozone/hadoop-ozone/integration-test/target/test-dir/MiniOzoneClusterImpl-e985cbf7-8b64-4e7c-b64c-74e6afbb48f1/ozone-meta/datanode-4/data-0/hdds/e985cbf7-8b64-4e7c-b64c-74e6afbb48f1/DS-e4b5d502-a1c1-47fe-8e1d-c08edf330884/container.db from cache
2024-11-30 15:01:22,104 [ForkJoinPool.commonPool-worker-1] INFO  volume.HddsVolume (HddsVolume.java:closeDbStore(480)) - SchemaV3 db is stopped at /home/runner/work/ozone/ozone/hadoop-ozone/integration-test/target/test-dir/MiniOzoneClusterImpl-e985cbf7-8b64-4e7c-b64c-74e6afbb48f1/ozone-meta/datanode-4/data-0/hdds/e985cbf7-8b64-4e7c-b64c-74e6afbb48f1/DS-e4b5d502-a1c1-47fe-8e1d-c08edf330884/container.db for volume DS-e4b5d502-a1c1-47fe-8e1d-c08edf330884
2024-11-30 15:01:22,104 [ForkJoinPool.commonPool-worker-1] INFO  utils.BackgroundService (BackgroundService.java:shutdown(163)) - Shutting down service BlockDeletingService
2024-11-30 15:01:22,104 [ForkJoinPool.commonPool-worker-1] INFO  utils.BackgroundService (BackgroundService.java:shutdown(163)) - Shutting down service StaleRecoveringContainerScrubbingService
2024-11-30 15:01:22,105 [ForkJoinPool.commonPool-worker-1] INFO  statemachine.DatanodeStateMachine (DatanodeStateMachine.java:stopDaemon(626)) - Ozone container server stopped.
2024-11-30 15:01:22,121 [ForkJoinPool.commonPool-worker-1] INFO  handler.ContextHandler (ContextHandler.java:doStop(1159)) - Stopped o.e.j.w.WebAppContext@57c903e2{hddsDatanode,/,null,STOPPED}{jar:file:/home/runner/work/ozone/ozone/hadoop-hdds/container-service/target/hdds-container-service-2.0.0-SNAPSHOT.jar!/webapps/hddsDatanode}
2024-11-30 15:01:22,122 [ForkJoinPool.commonPool-worker-1] INFO  server.AbstractConnector (AbstractConnector.java:doStop(383)) - Stopped ServerConnector@37aaa8b1{HTTP/1.1, (http/1.1)}{0.0.0.0:15195}
2024-11-30 15:01:22,122 [ForkJoinPool.commonPool-worker-1] INFO  server.session (HouseKeeper.java:stopScavenging(149)) - node0 Stopped scavenging
2024-11-30 15:01:22,122 [ForkJoinPool.commonPool-worker-1] INFO  handler.ContextHandler (ContextHandler.java:doStop(1159)) - Stopped o.e.j.s.ServletContextHandler@74cae819{static,/static,jar:file:/home/runner/work/ozone/ozone/hadoop-hdds/container-service/target/hdds-container-service-2.0.0-SNAPSHOT.jar!/webapps/static,STOPPED}
2024-11-30 15:01:22,122 [ForkJoinPool.commonPool-worker-1] INFO  handler.ContextHandler (ContextHandler.java:doStop(1159)) - Stopped o.e.j.s.ServletContextHandler@7581ad8a{logs,/logs,file:///home/runner/work/ozone/ozone/hadoop-ozone/integration-test/target/log,STOPPED}
2024-11-30 15:01:22,123 [ForkJoinPool.commonPool-worker-1] INFO  ozone.HddsDatanodeClientProtocolServer (HddsDatanodeClientProtocolServer.java:stop(85)) - Stopping the RPC server for Client Protocol
2024-11-30 15:01:22,123 [ForkJoinPool.commonPool-worker-1] INFO  ipc.Server (Server.java:stop(3697)) - Stopping server on 15196
2024-11-30 15:01:22,123 [IPC Server listener on 15196] INFO  ipc.Server (Server.java:run(1585)) - Stopping IPC Server listener on 15196
2024-11-30 15:01:22,125 [IPC Server Responder] INFO  ipc.Server (Server.java:run(1718)) - Stopping IPC Server Responder
2024-11-30 15:01:22,168 [EventQueue-StaleNodeForStaleNodeHandler] INFO  node.StaleNodeHandler (StaleNodeHandler.java:onMessage(57)) - Datanode dd630ec0-84d9-4473-8f61-cbcf66d1795a(localhost/127.0.0.1) moved to stale state. Finalizing its pipelines [PipelineID=262bd9ab-35b4-4ba0-8e39-4ad3eb28e0d6]
2024-11-30 15:01:22,168 [EventQueue-StaleNodeForStaleNodeHandler] INFO  pipeline.PipelineManagerImpl (PipelineManagerImpl.java:closePipeline(518)) - Pipeline PipelineID=262bd9ab-35b4-4ba0-8e39-4ad3eb28e0d6 moved to CLOSED state
2024-11-30 15:01:22,361 [719b1c3f-249c-457a-8743-b06328301a87@group-2D96A7EF0172-FollowerState] INFO  impl.FollowerState (FollowerState.java:runImpl(161)) - 719b1c3f-249c-457a-8743-b06328301a87@group-2D96A7EF0172-FollowerState: change to CANDIDATE, lastRpcElapsedTime:5136364798ns, electionTimeout:5135ms
2024-11-30 15:01:22,361 [719b1c3f-249c-457a-8743-b06328301a87@group-2D96A7EF0172-FollowerState] INFO  impl.RoleInfo (RoleInfo.java:shutdownFollowerState(121)) - 719b1c3f-249c-457a-8743-b06328301a87: shutdown 719b1c3f-249c-457a-8743-b06328301a87@group-2D96A7EF0172-FollowerState
2024-11-30 15:01:22,361 [719b1c3f-249c-457a-8743-b06328301a87@group-2D96A7EF0172-FollowerState] INFO  server.RaftServer$Division (RaftServerImpl.java:setRole(378)) - 719b1c3f-249c-457a-8743-b06328301a87@group-2D96A7EF0172: changes role from  FOLLOWER to CANDIDATE at term 0 for changeToCandidate
2024-11-30 15:01:22,361 [719b1c3f-249c-457a-8743-b06328301a87@group-2D96A7EF0172-FollowerState] INFO  server.RaftServerConfigKeys (ConfUtils.java:logGet(46)) - raft.server.leaderelection.pre-vote = true (default)
2024-11-30 15:01:22,361 [719b1c3f-249c-457a-8743-b06328301a87@group-2D96A7EF0172-FollowerState] INFO  impl.RoleInfo (RoleInfo.java:updateAndGet(148)) - 719b1c3f-249c-457a-8743-b06328301a87: start 719b1c3f-249c-457a-8743-b06328301a87@group-2D96A7EF0172-LeaderElection54
2024-11-30 15:01:22,361 [719b1c3f-249c-457a-8743-b06328301a87@group-2D96A7EF0172-LeaderElection54] INFO  impl.LeaderElection (LeaderElection.java:askForVotes(332)) - 719b1c3f-249c-457a-8743-b06328301a87@group-2D96A7EF0172-LeaderElection54 PRE_VOTE round 0: submit vote requests at term 0 for conf: {index: -1, cur=peers:[719b1c3f-249c-457a-8743-b06328301a87|127.0.0.1:15171, 91a17cbe-1555-4f52-a9ac-e5caa7cc945b|127.0.0.1:15207, d57daabc-8d0b-4ea3-831e-cde13ca8d1d7|127.0.0.1:15180]|listeners:[], old=null}
2024-11-30 15:01:22,362 [719b1c3f-249c-457a-8743-b06328301a87@group-2D96A7EF0172-LeaderElection54-1] INFO  server.GrpcServerProtocolClient (GrpcServerProtocolClient.java:<init>(65)) - Build channel for 91a17cbe-1555-4f52-a9ac-e5caa7cc945b|127.0.0.1:15207
2024-11-30 15:01:22,362 [719b1c3f-249c-457a-8743-b06328301a87@group-2D96A7EF0172-LeaderElection54] INFO  server.RaftServerConfigKeys (ConfUtils.java:logFallback(53)) - raft.server.rpc.first-election.timeout.min = 5s (fallback to raft.server.rpc.timeout.min)
2024-11-30 15:01:22,362 [719b1c3f-249c-457a-8743-b06328301a87@group-2D96A7EF0172-LeaderElection54] INFO  server.RaftServerConfigKeys (ConfUtils.java:logFallback(53)) - raft.server.rpc.first-election.timeout.max = 5200ms (fallback to raft.server.rpc.timeout.max)
2024-11-30 15:01:22,362 [719b1c3f-249c-457a-8743-b06328301a87@group-2D96A7EF0172-LeaderElection54] INFO  impl.LeaderElection (LogUtils.java:infoOrTrace(136)) - 719b1c3f-249c-457a-8743-b06328301a87@group-2D96A7EF0172-LeaderElection54 got exception when requesting votes: java.util.concurrent.ExecutionException: org.apache.ratis.thirdparty.io.grpc.StatusRuntimeException: UNAVAILABLE: io exception
2024-11-30 15:01:22,365 [grpc-default-executor-4] INFO  server.RaftServer$Division (RaftServerImpl.java:requestVote(1407)) - 91a17cbe-1555-4f52-a9ac-e5caa7cc945b@group-2D96A7EF0172: receive requestVote(PRE_VOTE, 719b1c3f-249c-457a-8743-b06328301a87, group-2D96A7EF0172, 0, (t:0, i:0))
2024-11-30 15:01:22,365 [grpc-default-executor-4] INFO  impl.VoteContext (VoteContext.java:log(49)) - 91a17cbe-1555-4f52-a9ac-e5caa7cc945b@group-2D96A7EF0172-FOLLOWER: accept PRE_VOTE from 719b1c3f-249c-457a-8743-b06328301a87: our priority 0 <= candidate's priority 1
2024-11-30 15:01:22,365 [grpc-default-executor-4] INFO  server.RaftServer$Division (RaftServerImpl.java:requestVote(1441)) - 91a17cbe-1555-4f52-a9ac-e5caa7cc945b@group-2D96A7EF0172 replies to PRE_VOTE vote request: 719b1c3f-249c-457a-8743-b06328301a87<-91a17cbe-1555-4f52-a9ac-e5caa7cc945b#0:OK-t0. Peer's state: 91a17cbe-1555-4f52-a9ac-e5caa7cc945b@group-2D96A7EF0172:t0, leader=null, voted=, raftlog=Memoized:91a17cbe-1555-4f52-a9ac-e5caa7cc945b@group-2D96A7EF0172-SegmentedRaftLog:OPENED:c-1:lastnull, conf=conf: {index: -1, cur=peers:[719b1c3f-249c-457a-8743-b06328301a87|127.0.0.1:15171, 91a17cbe-1555-4f52-a9ac-e5caa7cc945b|127.0.0.1:15207, d57daabc-8d0b-4ea3-831e-cde13ca8d1d7|127.0.0.1:15180]|listeners:[], old=null}
2024-11-30 15:01:22,366 [719b1c3f-249c-457a-8743-b06328301a87@group-2D96A7EF0172-LeaderElection54] INFO  impl.LeaderElection (LeaderElection.java:logAndReturn(90)) - 719b1c3f-249c-457a-8743-b06328301a87@group-2D96A7EF0172-LeaderElection54: PRE_VOTE PASSED received 1 response(s) and 1 exception(s):
2024-11-30 15:01:22,366 [719b1c3f-249c-457a-8743-b06328301a87@group-2D96A7EF0172-LeaderElection54] INFO  impl.LeaderElection (LeaderElection.java:logAndReturn(94)) -   Response 0: 719b1c3f-249c-457a-8743-b06328301a87<-91a17cbe-1555-4f52-a9ac-e5caa7cc945b#0:OK-t0
2024-11-30 15:01:22,366 [719b1c3f-249c-457a-8743-b06328301a87@group-2D96A7EF0172-LeaderElection54] INFO  impl.LeaderElection (LogUtils.java:infoOrTrace(136)) -   Exception 1: java.util.concurrent.ExecutionException: org.apache.ratis.thirdparty.io.grpc.StatusRuntimeException: UNAVAILABLE: io exception
2024-11-30 15:01:22,366 [719b1c3f-249c-457a-8743-b06328301a87@group-2D96A7EF0172-LeaderElection54] INFO  impl.LeaderElection (LeaderElection.java:askForVotes(334)) - 719b1c3f-249c-457a-8743-b06328301a87@group-2D96A7EF0172-LeaderElection54 PRE_VOTE round 0: result PASSED
2024-11-30 15:01:22,368 [719b1c3f-249c-457a-8743-b06328301a87@group-2D96A7EF0172-LeaderElection54] INFO  impl.LeaderElection (LeaderElection.java:askForVotes(332)) - 719b1c3f-249c-457a-8743-b06328301a87@group-2D96A7EF0172-LeaderElection54 ELECTION round 0: submit vote requests at term 1 for conf: {index: -1, cur=peers:[719b1c3f-249c-457a-8743-b06328301a87|127.0.0.1:15171, 91a17cbe-1555-4f52-a9ac-e5caa7cc945b|127.0.0.1:15207, d57daabc-8d0b-4ea3-831e-cde13ca8d1d7|127.0.0.1:15180]|listeners:[], old=null}
2024-11-30 15:01:22,368 [719b1c3f-249c-457a-8743-b06328301a87@group-2D96A7EF0172-LeaderElection54] INFO  server.RaftServerConfigKeys (ConfUtils.java:logFallback(53)) - raft.server.rpc.first-election.timeout.min = 5s (fallback to raft.server.rpc.timeout.min)
2024-11-30 15:01:22,368 [719b1c3f-249c-457a-8743-b06328301a87@group-2D96A7EF0172-LeaderElection54] INFO  server.RaftServerConfigKeys (ConfUtils.java:logFallback(53)) - raft.server.rpc.first-election.timeout.max = 5200ms (fallback to raft.server.rpc.timeout.max)
2024-11-30 15:01:22,368 [719b1c3f-249c-457a-8743-b06328301a87@group-2D96A7EF0172-LeaderElection54] INFO  impl.LeaderElection (LogUtils.java:infoOrTrace(136)) - 719b1c3f-249c-457a-8743-b06328301a87@group-2D96A7EF0172-LeaderElection54 got exception when requesting votes: java.util.concurrent.ExecutionException: org.apache.ratis.thirdparty.io.grpc.StatusRuntimeException: UNAVAILABLE: io exception
2024-11-30 15:01:22,369 [grpc-default-executor-4] INFO  server.RaftServer$Division (RaftServerImpl.java:requestVote(1407)) - 91a17cbe-1555-4f52-a9ac-e5caa7cc945b@group-2D96A7EF0172: receive requestVote(ELECTION, 719b1c3f-249c-457a-8743-b06328301a87, group-2D96A7EF0172, 1, (t:0, i:0))
2024-11-30 15:01:22,370 [grpc-default-executor-4] INFO  impl.VoteContext (VoteContext.java:log(49)) - 91a17cbe-1555-4f52-a9ac-e5caa7cc945b@group-2D96A7EF0172-FOLLOWER: accept ELECTION from 719b1c3f-249c-457a-8743-b06328301a87: our priority 0 <= candidate's priority 1
2024-11-30 15:01:22,370 [grpc-default-executor-4] INFO  server.RaftServer$Division (RaftServerImpl.java:setRole(378)) - 91a17cbe-1555-4f52-a9ac-e5caa7cc945b@group-2D96A7EF0172: changes role from  FOLLOWER to FOLLOWER at term 0 for candidate:719b1c3f-249c-457a-8743-b06328301a87
2024-11-30 15:01:22,370 [grpc-default-executor-4] INFO  impl.RoleInfo (RoleInfo.java:shutdownFollowerState(121)) - 91a17cbe-1555-4f52-a9ac-e5caa7cc945b: shutdown 91a17cbe-1555-4f52-a9ac-e5caa7cc945b@group-2D96A7EF0172-FollowerState
2024-11-30 15:01:22,370 [grpc-default-executor-4] INFO  impl.RoleInfo (RoleInfo.java:updateAndGet(148)) - 91a17cbe-1555-4f52-a9ac-e5caa7cc945b: start 91a17cbe-1555-4f52-a9ac-e5caa7cc945b@group-2D96A7EF0172-FollowerState
2024-11-30 15:01:22,370 [91a17cbe-1555-4f52-a9ac-e5caa7cc945b@group-2D96A7EF0172-FollowerState] INFO  impl.FollowerState (FollowerState.java:runImpl(170)) - 91a17cbe-1555-4f52-a9ac-e5caa7cc945b@group-2D96A7EF0172-FollowerState was interrupted
2024-11-30 15:01:22,370 [grpc-default-executor-4] INFO  server.RaftServer$Division (RaftServerImpl.java:setFirstElection(562)) - 91a17cbe-1555-4f52-a9ac-e5caa7cc945b@group-2D96A7EF0172: set firstElectionSinceStartup to false for candidate:719b1c3f-249c-457a-8743-b06328301a87
2024-11-30 15:01:22,371 [grpc-default-executor-4] INFO  server.RaftServer$Division (RaftServerImpl.java:requestVote(1441)) - 91a17cbe-1555-4f52-a9ac-e5caa7cc945b@group-2D96A7EF0172 replies to ELECTION vote request: 719b1c3f-249c-457a-8743-b06328301a87<-91a17cbe-1555-4f52-a9ac-e5caa7cc945b#0:OK-t1. Peer's state: 91a17cbe-1555-4f52-a9ac-e5caa7cc945b@group-2D96A7EF0172:t1, leader=null, voted=719b1c3f-249c-457a-8743-b06328301a87, raftlog=Memoized:91a17cbe-1555-4f52-a9ac-e5caa7cc945b@group-2D96A7EF0172-SegmentedRaftLog:OPENED:c-1:lastnull, conf=conf: {index: -1, cur=peers:[719b1c3f-249c-457a-8743-b06328301a87|127.0.0.1:15171, 91a17cbe-1555-4f52-a9ac-e5caa7cc945b|127.0.0.1:15207, d57daabc-8d0b-4ea3-831e-cde13ca8d1d7|127.0.0.1:15180]|listeners:[], old=null}
2024-11-30 15:01:22,372 [719b1c3f-249c-457a-8743-b06328301a87@group-2D96A7EF0172-LeaderElection54] INFO  impl.LeaderElection (LeaderElection.java:logAndReturn(90)) - 719b1c3f-249c-457a-8743-b06328301a87@group-2D96A7EF0172-LeaderElection54: ELECTION PASSED received 1 response(s) and 1 exception(s):
2024-11-30 15:01:22,372 [719b1c3f-249c-457a-8743-b06328301a87@group-2D96A7EF0172-LeaderElection54] INFO  impl.LeaderElection (LeaderElection.java:logAndReturn(94)) -   Response 0: 719b1c3f-249c-457a-8743-b06328301a87<-91a17cbe-1555-4f52-a9ac-e5caa7cc945b#0:OK-t1
2024-11-30 15:01:22,372 [719b1c3f-249c-457a-8743-b06328301a87@group-2D96A7EF0172-LeaderElection54] INFO  impl.LeaderElection (LogUtils.java:infoOrTrace(136)) -   Exception 1: java.util.concurrent.ExecutionException: org.apache.ratis.thirdparty.io.grpc.StatusRuntimeException: UNAVAILABLE: io exception
2024-11-30 15:01:22,372 [719b1c3f-249c-457a-8743-b06328301a87@group-2D96A7EF0172-LeaderElection54] INFO  impl.LeaderElection (LeaderElection.java:askForVotes(334)) - 719b1c3f-249c-457a-8743-b06328301a87@group-2D96A7EF0172-LeaderElection54 ELECTION round 0: result PASSED
2024-11-30 15:01:22,372 [719b1c3f-249c-457a-8743-b06328301a87@group-2D96A7EF0172-LeaderElection54] INFO  impl.RoleInfo (RoleInfo.java:shutdownLeaderElection(141)) - 719b1c3f-249c-457a-8743-b06328301a87: shutdown 719b1c3f-249c-457a-8743-b06328301a87@group-2D96A7EF0172-LeaderElection54
2024-11-30 15:01:22,372 [719b1c3f-249c-457a-8743-b06328301a87@group-2D96A7EF0172-LeaderElection54] INFO  server.RaftServer$Division (RaftServerImpl.java:setRole(378)) - 719b1c3f-249c-457a-8743-b06328301a87@group-2D96A7EF0172: changes role from CANDIDATE to LEADER at term 1 for changeToLeader
2024-11-30 15:01:22,372 [719b1c3f-249c-457a-8743-b06328301a87@group-2D96A7EF0172-LeaderElection54] INFO  server.RaftServerConfigKeys (ConfUtils.java:logGet(46)) - raft.server.staging.catchup.gap = 1000 (default)
2024-11-30 15:01:22,372 [719b1c3f-249c-457a-8743-b06328301a87@group-2D96A7EF0172-LeaderElection54] INFO  server.RaftServerConfigKeys (ConfUtils.java:logGet(46)) - raft.server.write.element-limit = 1024 (custom)
2024-11-30 15:01:22,372 [719b1c3f-249c-457a-8743-b06328301a87@group-2D96A7EF0172-LeaderElection54] INFO  server.RaftServerConfigKeys (ConfUtils.java:logGet(46)) - raft.server.write.byte-limit = 1024 M (=1073741824) (custom)
2024-11-30 15:01:22,372 [719b1c3f-249c-457a-8743-b06328301a87@group-2D96A7EF0172-LeaderElection54] INFO  server.RaftServerConfigKeys (ConfUtils.java:logGet(46)) - raft.server.watch.timeout = 3000ms (custom)
2024-11-30 15:01:22,372 [719b1c3f-249c-457a-8743-b06328301a87@group-2D96A7EF0172-LeaderElection54] INFO  server.RaftServerConfigKeys (ConfUtils.java:logGet(46)) - raft.server.watch.timeout.denomination = 1s (default)
2024-11-30 15:01:22,373 [719b1c3f-249c-457a-8743-b06328301a87@group-2D96A7EF0172-LeaderElection54] INFO  server.RaftServerConfigKeys (ConfUtils.java:logGet(46)) - raft.server.watch.element-limit = 65536 (default)
2024-11-30 15:01:22,373 [719b1c3f-249c-457a-8743-b06328301a87@group-2D96A7EF0172-LeaderElection54] INFO  server.RaftServerConfigKeys (ConfUtils.java:logGet(46)) - raft.server.read.leader.lease.enabled = false (default)
2024-11-30 15:01:22,373 [719b1c3f-249c-457a-8743-b06328301a87@group-2D96A7EF0172-LeaderElection54] INFO  server.RaftServerConfigKeys (ConfUtils.java:logGet(46)) - raft.server.read.leader.lease.timeout.ratio = 0.9 (default)
2024-11-30 15:01:22,373 [719b1c3f-249c-457a-8743-b06328301a87@group-2D96A7EF0172-LeaderElection54] INFO  server.RaftServerConfigKeys (ConfUtils.java:logGet(46)) - raft.server.rpc.timeout.min = 5s (custom)
2024-11-30 15:01:22,373 [719b1c3f-249c-457a-8743-b06328301a87@group-2D96A7EF0172-LeaderElection54] INFO  server.RaftServerConfigKeys (ConfUtils.java:logGet(46)) - raft.server.log.log-metadata.enabled = true (default)
2024-11-30 15:01:22,373 [719b1c3f-249c-457a-8743-b06328301a87@group-2D96A7EF0172-LeaderElection54] INFO  server.RaftServerConfigKeys (ConfUtils.java:logGet(46)) - raft.server.write.element-limit = 1024 (custom)
2024-11-30 15:01:22,373 [719b1c3f-249c-457a-8743-b06328301a87@group-2D96A7EF0172-LeaderElection54] INFO  server.RaftServerConfigKeys (ConfUtils.java:logGet(46)) - raft.server.write.follower.gap.ratio.max = -1.0 (default)
2024-11-30 15:01:22,373 [719b1c3f-249c-457a-8743-b06328301a87@group-2D96A7EF0172-LeaderElection54] INFO  server.RaftServerConfigKeys (ConfUtils.java:logGet(46)) - raft.server.log.appender.snapshot.chunk.size.max = 16MB (=16777216) (default)
2024-11-30 15:01:22,373 [719b1c3f-249c-457a-8743-b06328301a87@group-2D96A7EF0172-LeaderElection54] INFO  server.RaftServerConfigKeys (ConfUtils.java:logGet(46)) - raft.server.log.appender.buffer.byte-limit = 33554432 (custom)
2024-11-30 15:01:22,374 [719b1c3f-249c-457a-8743-b06328301a87@group-2D96A7EF0172-LeaderElection54] INFO  server.RaftServerConfigKeys (ConfUtils.java:logGet(46)) - raft.server.log.appender.buffer.element-limit = 1024 (custom)
2024-11-30 15:01:22,374 [719b1c3f-249c-457a-8743-b06328301a87@group-2D96A7EF0172-LeaderElection54] INFO  server.RaftServerConfigKeys (ConfUtils.java:logGet(46)) - raft.server.log.appender.wait-time.min = 0ms (custom)
2024-11-30 15:01:22,374 [719b1c3f-249c-457a-8743-b06328301a87@group-2D96A7EF0172-LeaderElection54] INFO  grpc.GrpcConfigKeys (ConfUtils.java:logGet(46)) - raft.grpc.server.leader.outstanding.appends.max = 8 (default)
2024-11-30 15:01:22,374 [719b1c3f-249c-457a-8743-b06328301a87@group-2D96A7EF0172-LeaderElection54] INFO  server.RaftServerConfigKeys (ConfUtils.java:logGet(46)) - raft.server.rpc.request.timeout = 3000ms (default)
2024-11-30 15:01:22,374 [719b1c3f-249c-457a-8743-b06328301a87@group-2D96A7EF0172-LeaderElection54] INFO  grpc.GrpcConfigKeys (ConfUtils.java:logGet(46)) - raft.grpc.server.install_snapshot.request.element-limit = 8 (default)
2024-11-30 15:01:22,374 [719b1c3f-249c-457a-8743-b06328301a87@group-2D96A7EF0172-LeaderElection54] INFO  grpc.GrpcConfigKeys (ConfUtils.java:logGet(46)) - raft.grpc.server.install_snapshot.request.timeout = 3000ms (default)
2024-11-30 15:01:22,374 [719b1c3f-249c-457a-8743-b06328301a87@group-2D96A7EF0172-LeaderElection54] INFO  grpc.GrpcConfigKeys (ConfUtils.java:logGet(46)) - raft.grpc.server.log-message.batch.duration = 5s (default)
2024-11-30 15:01:22,374 [719b1c3f-249c-457a-8743-b06328301a87@group-2D96A7EF0172-LeaderElection54] INFO  server.RaftServerConfigKeys (ConfUtils.java:logGet(46)) - raft.server.log.appender.install.snapshot.enabled = false (custom)
2024-11-30 15:01:22,374 [719b1c3f-249c-457a-8743-b06328301a87@group-2D96A7EF0172-LeaderElection54] INFO  grpc.GrpcConfigKeys (ConfUtils.java:logGet(46)) - raft.grpc.server.heartbeat.channel = true (default)
2024-11-30 15:01:22,374 [719b1c3f-249c-457a-8743-b06328301a87@group-2D96A7EF0172-LeaderElection54] INFO  server.RaftServerConfigKeys (ConfUtils.java:logGet(46)) - raft.server.log.appender.snapshot.chunk.size.max = 16MB (=16777216) (default)
2024-11-30 15:01:22,375 [719b1c3f-249c-457a-8743-b06328301a87@group-2D96A7EF0172-LeaderElection54] INFO  server.RaftServerConfigKeys (ConfUtils.java:logGet(46)) - raft.server.log.appender.buffer.byte-limit = 33554432 (custom)
2024-11-30 15:01:22,375 [719b1c3f-249c-457a-8743-b06328301a87@group-2D96A7EF0172-LeaderElection54] INFO  server.RaftServerConfigKeys (ConfUtils.java:logGet(46)) - raft.server.log.appender.buffer.element-limit = 1024 (custom)
2024-11-30 15:01:22,375 [719b1c3f-249c-457a-8743-b06328301a87@group-2D96A7EF0172-LeaderElection54] INFO  server.RaftServerConfigKeys (ConfUtils.java:logGet(46)) - raft.server.log.appender.wait-time.min = 0ms (custom)
2024-11-30 15:01:22,375 [719b1c3f-249c-457a-8743-b06328301a87@group-2D96A7EF0172-LeaderElection54] INFO  grpc.GrpcConfigKeys (ConfUtils.java:logGet(46)) - raft.grpc.server.leader.outstanding.appends.max = 8 (default)
2024-11-30 15:01:22,375 [719b1c3f-249c-457a-8743-b06328301a87@group-2D96A7EF0172-LeaderElection54] INFO  server.RaftServerConfigKeys (ConfUtils.java:logGet(46)) - raft.server.rpc.request.timeout = 3000ms (default)
2024-11-30 15:01:22,375 [719b1c3f-249c-457a-8743-b06328301a87@group-2D96A7EF0172-LeaderElection54] INFO  grpc.GrpcConfigKeys (ConfUtils.java:logGet(46)) - raft.grpc.server.install_snapshot.request.element-limit = 8 (default)
2024-11-30 15:01:22,375 [719b1c3f-249c-457a-8743-b06328301a87@group-2D96A7EF0172-LeaderElection54] INFO  grpc.GrpcConfigKeys (ConfUtils.java:logGet(46)) - raft.grpc.server.install_snapshot.request.timeout = 3000ms (default)
2024-11-30 15:01:22,375 [719b1c3f-249c-457a-8743-b06328301a87@group-2D96A7EF0172-LeaderElection54] INFO  grpc.GrpcConfigKeys (ConfUtils.java:logGet(46)) - raft.grpc.server.log-message.batch.duration = 5s (default)
2024-11-30 15:01:22,375 [719b1c3f-249c-457a-8743-b06328301a87@group-2D96A7EF0172-LeaderElection54] INFO  server.RaftServerConfigKeys (ConfUtils.java:logGet(46)) - raft.server.log.appender.install.snapshot.enabled = false (custom)
2024-11-30 15:01:22,375 [719b1c3f-249c-457a-8743-b06328301a87@group-2D96A7EF0172-LeaderElection54] INFO  grpc.GrpcConfigKeys (ConfUtils.java:logGet(46)) - raft.grpc.server.heartbeat.channel = true (default)
2024-11-30 15:01:22,375 [719b1c3f-249c-457a-8743-b06328301a87@group-2D96A7EF0172-LeaderElection54] INFO  impl.RoleInfo (RoleInfo.java:updateAndGet(148)) - 719b1c3f-249c-457a-8743-b06328301a87: start 719b1c3f-249c-457a-8743-b06328301a87@group-2D96A7EF0172-LeaderStateImpl
2024-11-30 15:01:22,375 [719b1c3f-249c-457a-8743-b06328301a87@group-2D96A7EF0172-LeaderElection54] INFO  server.RaftServer$Division (RaftServerImpl.java:setFirstElection(562)) - 719b1c3f-249c-457a-8743-b06328301a87@group-2D96A7EF0172: set firstElectionSinceStartup to false for becomeLeader
2024-11-30 15:01:22,375 [719b1c3f-249c-457a-8743-b06328301a87@group-2D96A7EF0172-LeaderElection54] INFO  ratis.XceiverServerRatis (XceiverServerRatis.java:handleLeaderChangedNotification(944)) - Leader change notification received for group: group-2D96A7EF0172 with new leaderId: 719b1c3f-249c-457a-8743-b06328301a87
2024-11-30 15:01:22,375 [719b1c3f-249c-457a-8743-b06328301a87@group-2D96A7EF0172-LeaderElection54] INFO  server.RaftServer$Division (ServerState.java:setLeader(272)) - 719b1c3f-249c-457a-8743-b06328301a87@group-2D96A7EF0172: change Leader from null to 719b1c3f-249c-457a-8743-b06328301a87 at term 1 for becomeLeader, leader elected after 5165ms
2024-11-30 15:01:22,376 [719b1c3f-249c-457a-8743-b06328301a87@group-2D96A7EF0172-LeaderElection54] INFO  segmented.SegmentedRaftLogWorker (SegmentedRaftLogWorker.java:startLogSegment(438)) - 719b1c3f-249c-457a-8743-b06328301a87@group-2D96A7EF0172-SegmentedRaftLogWorker: Starting segment from index:0
2024-11-30 15:01:22,376 [719b1c3f-249c-457a-8743-b06328301a87@group-2D96A7EF0172-LeaderElection54] INFO  server.RaftServer$Division (ServerState.java:setRaftConf(386)) - 719b1c3f-249c-457a-8743-b06328301a87@group-2D96A7EF0172: set configuration conf: {index: 0, cur=peers:[719b1c3f-249c-457a-8743-b06328301a87|127.0.0.1:15171, 91a17cbe-1555-4f52-a9ac-e5caa7cc945b|127.0.0.1:15207, d57daabc-8d0b-4ea3-831e-cde13ca8d1d7|127.0.0.1:15180]|listeners:[], old=null}
2024-11-30 15:01:22,376 [719b1c3f-249c-457a-8743-b06328301a87@group-2D96A7EF0172-SegmentedRaftLogWorker] INFO  segmented.BufferedWriteChannel (BufferedWriteChannel.java:open(61)) - open log_inprogress_0 at position 0
2024-11-30 15:01:22,377 [grpc-default-executor-1] WARN  server.GrpcLogAppender (LogUtils.java:warn(121)) - 719b1c3f-249c-457a-8743-b06328301a87@group-2D96A7EF0172->d57daabc-8d0b-4ea3-831e-cde13ca8d1d7-AppendLogResponseHandler: Failed appendEntries: org.apache.ratis.thirdparty.io.grpc.StatusRuntimeException: UNAVAILABLE: io exception
2024-11-30 15:01:22,377 [grpc-default-executor-1] WARN  server.GrpcLogAppender (GrpcLogAppender.java:lambda$resetClient$1(221)) - 719b1c3f-249c-457a-8743-b06328301a87@group-2D96A7EF0172->d57daabc-8d0b-4ea3-831e-cde13ca8d1d7-GrpcLogAppender: Follower failed (request=null, errorCount=1); keep nextIndex (0) unchanged and retry.
2024-11-30 15:01:22,381 [91a17cbe-1555-4f52-a9ac-e5caa7cc945b-server-thread1] INFO  ratis.XceiverServerRatis (XceiverServerRatis.java:handleLeaderChangedNotification(944)) - Leader change notification received for group: group-2D96A7EF0172 with new leaderId: 719b1c3f-249c-457a-8743-b06328301a87
2024-11-30 15:01:22,381 [91a17cbe-1555-4f52-a9ac-e5caa7cc945b-server-thread1] INFO  server.RaftServer$Division (ServerState.java:setLeader(272)) - 91a17cbe-1555-4f52-a9ac-e5caa7cc945b@group-2D96A7EF0172: change Leader from null to 719b1c3f-249c-457a-8743-b06328301a87 at term 1 for appendEntries, leader elected after 5050ms
2024-11-30 15:01:22,383 [grpc-default-executor-1] WARN  server.GrpcLogAppender (GrpcLogAppender.java:lambda$resetClient$1(221)) - 719b1c3f-249c-457a-8743-b06328301a87@group-2D96A7EF0172->d57daabc-8d0b-4ea3-831e-cde13ca8d1d7-GrpcLogAppender: Follower failed (request=null, errorCount=7); keep nextIndex (1) unchanged and retry.
2024-11-30 15:01:22,387 [91a17cbe-1555-4f52-a9ac-e5caa7cc945b-server-thread2] INFO  server.RaftServer$Division (ServerState.java:setRaftConf(386)) - 91a17cbe-1555-4f52-a9ac-e5caa7cc945b@group-2D96A7EF0172: set configuration conf: {index: 0, cur=peers:[719b1c3f-249c-457a-8743-b06328301a87|127.0.0.1:15171, 91a17cbe-1555-4f52-a9ac-e5caa7cc945b|127.0.0.1:15207, d57daabc-8d0b-4ea3-831e-cde13ca8d1d7|127.0.0.1:15180]|listeners:[], old=null}
2024-11-30 15:01:22,387 [91a17cbe-1555-4f52-a9ac-e5caa7cc945b-server-thread2] INFO  segmented.SegmentedRaftLogWorker (SegmentedRaftLogWorker.java:startLogSegment(438)) - 91a17cbe-1555-4f52-a9ac-e5caa7cc945b@group-2D96A7EF0172-SegmentedRaftLogWorker: Starting segment from index:0
2024-11-30 15:01:22,388 [91a17cbe-1555-4f52-a9ac-e5caa7cc945b@group-2D96A7EF0172-SegmentedRaftLogWorker] INFO  segmented.BufferedWriteChannel (BufferedWriteChannel.java:open(61)) - open log_inprogress_0 at position 0
2024-11-30 15:01:22,390 [719b1c3f-249c-457a-8743-b06328301a87@group-2D96A7EF0172-SegmentedRaftLogWorker] INFO  segmented.SegmentedRaftLogWorker (SegmentedRaftLogWorker.java:execute(644)) - 719b1c3f-249c-457a-8743-b06328301a87@group-2D96A7EF0172-SegmentedRaftLogWorker: created new log segment /home/runner/work/ozone/ozone/hadoop-ozone/integration-test/target/test-dir/MiniOzoneClusterImpl-e985cbf7-8b64-4e7c-b64c-74e6afbb48f1/ozone-meta/datanode-1/ratis/9db59abe-b990-4d0b-86b1-2d96a7ef0172/current/log_inprogress_0
2024-11-30 15:01:22,398 [91a17cbe-1555-4f52-a9ac-e5caa7cc945b@group-2D96A7EF0172-SegmentedRaftLogWorker] INFO  segmented.SegmentedRaftLogWorker (SegmentedRaftLogWorker.java:execute(644)) - 91a17cbe-1555-4f52-a9ac-e5caa7cc945b@group-2D96A7EF0172-SegmentedRaftLogWorker: created new log segment /home/runner/work/ozone/ozone/hadoop-ozone/integration-test/target/test-dir/MiniOzoneClusterImpl-e985cbf7-8b64-4e7c-b64c-74e6afbb48f1/ozone-meta/datanode-5/ratis/9db59abe-b990-4d0b-86b1-2d96a7ef0172/current/log_inprogress_0
2024-11-30 15:01:22,401 [719b1c3f-249c-457a-8743-b06328301a87@group-2D96A7EF0172-StateMachineUpdater] INFO  server.RaftServer$Division (LeaderStateImpl.java:checkStartIndex(313)) - Leader 719b1c3f-249c-457a-8743-b06328301a87@group-2D96A7EF0172-LeaderStateImpl is ready since appliedIndex == startIndex == 0
2024-11-30 15:01:22,996 [timer6] WARN  server.GrpcLogAppender (LogUtils.java:warn(121)) - 719b1c3f-249c-457a-8743-b06328301a87@group-563E99154595->d57daabc-8d0b-4ea3-831e-cde13ca8d1d7-AppendLogResponseHandler: Failed appendEntries (Repeated 4 times in the last 5.001s): org.apache.ratis.thirdparty.io.grpc.StatusRuntimeException: UNAVAILABLE: io exception
2024-11-30 15:01:23,805 [719b1c3f-249c-457a-8743-b06328301a87@group-006F4FFF65FD-FollowerState] INFO  impl.FollowerState (FollowerState.java:runImpl(161)) - 719b1c3f-249c-457a-8743-b06328301a87@group-006F4FFF65FD-FollowerState: change to CANDIDATE, lastRpcElapsedTime:5018283946ns, electionTimeout:5018ms
2024-11-30 15:01:23,806 [719b1c3f-249c-457a-8743-b06328301a87@group-006F4FFF65FD-FollowerState] INFO  impl.RoleInfo (RoleInfo.java:shutdownFollowerState(121)) - 719b1c3f-249c-457a-8743-b06328301a87: shutdown 719b1c3f-249c-457a-8743-b06328301a87@group-006F4FFF65FD-FollowerState
2024-11-30 15:01:23,806 [719b1c3f-249c-457a-8743-b06328301a87@group-006F4FFF65FD-FollowerState] INFO  server.RaftServer$Division (RaftServerImpl.java:setRole(378)) - 719b1c3f-249c-457a-8743-b06328301a87@group-006F4FFF65FD: changes role from  FOLLOWER to CANDIDATE at term 1 for changeToCandidate
2024-11-30 15:01:23,806 [719b1c3f-249c-457a-8743-b06328301a87@group-006F4FFF65FD-FollowerState] INFO  server.RaftServerConfigKeys (ConfUtils.java:logGet(46)) - raft.server.leaderelection.pre-vote = true (default)
2024-11-30 15:01:23,806 [719b1c3f-249c-457a-8743-b06328301a87@group-006F4FFF65FD-FollowerState] INFO  impl.RoleInfo (RoleInfo.java:updateAndGet(148)) - 719b1c3f-249c-457a-8743-b06328301a87: start 719b1c3f-249c-457a-8743-b06328301a87@group-006F4FFF65FD-LeaderElection55
2024-11-30 15:01:23,806 [719b1c3f-249c-457a-8743-b06328301a87@group-006F4FFF65FD-LeaderElection55] INFO  impl.LeaderElection (LeaderElection.java:askForVotes(332)) - 719b1c3f-249c-457a-8743-b06328301a87@group-006F4FFF65FD-LeaderElection55 PRE_VOTE round 0: submit vote requests at term 1 for conf: {index: 0, cur=peers:[719b1c3f-249c-457a-8743-b06328301a87|127.0.0.1:15171, af7ee296-5066-44e3-a94d-aaeda09020f2|127.0.0.1:15189, d57daabc-8d0b-4ea3-831e-cde13ca8d1d7|127.0.0.1:15180]|listeners:[], old=null}
2024-11-30 15:01:23,807 [719b1c3f-249c-457a-8743-b06328301a87@group-006F4FFF65FD-LeaderElection55] INFO  impl.LeaderElection (LogUtils.java:infoOrTrace(136)) - 719b1c3f-249c-457a-8743-b06328301a87@group-006F4FFF65FD-LeaderElection55 got exception when requesting votes: java.util.concurrent.ExecutionException: org.apache.ratis.thirdparty.io.grpc.StatusRuntimeException: UNAVAILABLE: io exception
2024-11-30 15:01:23,807 [719b1c3f-249c-457a-8743-b06328301a87@group-006F4FFF65FD-LeaderElection55] INFO  impl.LeaderElection (LogUtils.java:infoOrTrace(136)) - 719b1c3f-249c-457a-8743-b06328301a87@group-006F4FFF65FD-LeaderElection55 got exception when requesting votes: java.util.concurrent.ExecutionException: org.apache.ratis.thirdparty.io.grpc.StatusRuntimeException: UNAVAILABLE: io exception
2024-11-30 15:01:23,807 [719b1c3f-249c-457a-8743-b06328301a87@group-006F4FFF65FD-LeaderElection55] INFO  impl.LeaderElection (LeaderElection.java:logAndReturn(90)) - 719b1c3f-249c-457a-8743-b06328301a87@group-006F4FFF65FD-LeaderElection55: PRE_VOTE REJECTED received 0 response(s) and 2 exception(s):
2024-11-30 15:01:23,807 [719b1c3f-249c-457a-8743-b06328301a87@group-006F4FFF65FD-LeaderElection55] INFO  impl.LeaderElection (LogUtils.java:infoOrTrace(136)) -   Exception 0: java.util.concurrent.ExecutionException: org.apache.ratis.thirdparty.io.grpc.StatusRuntimeException: UNAVAILABLE: io exception
2024-11-30 15:01:23,807 [719b1c3f-249c-457a-8743-b06328301a87@group-006F4FFF65FD-LeaderElection55] INFO  impl.LeaderElection (LogUtils.java:infoOrTrace(136)) -   Exception 1: java.util.concurrent.ExecutionException: org.apache.ratis.thirdparty.io.grpc.StatusRuntimeException: UNAVAILABLE: io exception
2024-11-30 15:01:23,807 [719b1c3f-249c-457a-8743-b06328301a87@group-006F4FFF65FD-LeaderElection55] INFO  impl.LeaderElection (LeaderElection.java:askForVotes(334)) - 719b1c3f-249c-457a-8743-b06328301a87@group-006F4FFF65FD-LeaderElection55 PRE_VOTE round 0: result REJECTED
2024-11-30 15:01:23,807 [719b1c3f-249c-457a-8743-b06328301a87@group-006F4FFF65FD-LeaderElection55] INFO  server.RaftServer$Division (RaftServerImpl.java:setRole(378)) - 719b1c3f-249c-457a-8743-b06328301a87@group-006F4FFF65FD: changes role from CANDIDATE to FOLLOWER at term 1 for REJECTED
2024-11-30 15:01:23,807 [719b1c3f-249c-457a-8743-b06328301a87@group-006F4FFF65FD-LeaderElection55] INFO  impl.RoleInfo (RoleInfo.java:shutdownLeaderElection(141)) - 719b1c3f-249c-457a-8743-b06328301a87: shutdown 719b1c3f-249c-457a-8743-b06328301a87@group-006F4FFF65FD-LeaderElection55
2024-11-30 15:01:23,808 [719b1c3f-249c-457a-8743-b06328301a87@group-006F4FFF65FD-LeaderElection55] INFO  impl.RoleInfo (RoleInfo.java:updateAndGet(148)) - 719b1c3f-249c-457a-8743-b06328301a87: start 719b1c3f-249c-457a-8743-b06328301a87@group-006F4FFF65FD-FollowerState
2024-11-30 15:01:23,847 [719b1c3f-249c-457a-8743-b06328301a87@group-881FFCB406EE-FollowerState] INFO  impl.FollowerState (FollowerState.java:runImpl(161)) - 719b1c3f-249c-457a-8743-b06328301a87@group-881FFCB406EE-FollowerState: change to CANDIDATE, lastRpcElapsedTime:5125488225ns, electionTimeout:5125ms
2024-11-30 15:01:23,847 [719b1c3f-249c-457a-8743-b06328301a87@group-881FFCB406EE-FollowerState] INFO  impl.RoleInfo (RoleInfo.java:shutdownFollowerState(121)) - 719b1c3f-249c-457a-8743-b06328301a87: shutdown 719b1c3f-249c-457a-8743-b06328301a87@group-881FFCB406EE-FollowerState
2024-11-30 15:01:23,847 [719b1c3f-249c-457a-8743-b06328301a87@group-881FFCB406EE-FollowerState] INFO  server.RaftServer$Division (RaftServerImpl.java:setRole(378)) - 719b1c3f-249c-457a-8743-b06328301a87@group-881FFCB406EE: changes role from  FOLLOWER to CANDIDATE at term 1 for changeToCandidate
2024-11-30 15:01:23,847 [719b1c3f-249c-457a-8743-b06328301a87@group-881FFCB406EE-FollowerState] INFO  server.RaftServerConfigKeys (ConfUtils.java:logGet(46)) - raft.server.leaderelection.pre-vote = true (default)
2024-11-30 15:01:23,847 [719b1c3f-249c-457a-8743-b06328301a87@group-881FFCB406EE-FollowerState] INFO  impl.RoleInfo (RoleInfo.java:updateAndGet(148)) - 719b1c3f-249c-457a-8743-b06328301a87: start 719b1c3f-249c-457a-8743-b06328301a87@group-881FFCB406EE-LeaderElection56
2024-11-30 15:01:23,847 [719b1c3f-249c-457a-8743-b06328301a87@group-881FFCB406EE-LeaderElection56] INFO  impl.LeaderElection (LeaderElection.java:askForVotes(332)) - 719b1c3f-249c-457a-8743-b06328301a87@group-881FFCB406EE-LeaderElection56 PRE_VOTE round 0: submit vote requests at term 1 for conf: {index: 0, cur=peers:[719b1c3f-249c-457a-8743-b06328301a87|127.0.0.1:15171, af7ee296-5066-44e3-a94d-aaeda09020f2|127.0.0.1:15189, d57daabc-8d0b-4ea3-831e-cde13ca8d1d7|127.0.0.1:15180]|listeners:[], old=null}
2024-11-30 15:01:23,848 [719b1c3f-249c-457a-8743-b06328301a87@group-881FFCB406EE-LeaderElection56] INFO  impl.LeaderElection (LogUtils.java:infoOrTrace(136)) - 719b1c3f-249c-457a-8743-b06328301a87@group-881FFCB406EE-LeaderElection56 got exception when requesting votes: java.util.concurrent.ExecutionException: org.apache.ratis.thirdparty.io.grpc.StatusRuntimeException: UNAVAILABLE: io exception
2024-11-30 15:01:23,848 [719b1c3f-249c-457a-8743-b06328301a87@group-881FFCB406EE-LeaderElection56] INFO  impl.LeaderElection (LogUtils.java:infoOrTrace(136)) - 719b1c3f-249c-457a-8743-b06328301a87@group-881FFCB406EE-LeaderElection56 got exception when requesting votes: java.util.concurrent.ExecutionException: org.apache.ratis.thirdparty.io.grpc.StatusRuntimeException: UNAVAILABLE: io exception
2024-11-30 15:01:23,848 [719b1c3f-249c-457a-8743-b06328301a87@group-881FFCB406EE-LeaderElection56] INFO  impl.LeaderElection (LeaderElection.java:logAndReturn(90)) - 719b1c3f-249c-457a-8743-b06328301a87@group-881FFCB406EE-LeaderElection56: PRE_VOTE REJECTED received 0 response(s) and 2 exception(s):
2024-11-30 15:01:23,848 [719b1c3f-249c-457a-8743-b06328301a87@group-881FFCB406EE-LeaderElection56] INFO  impl.LeaderElection (LogUtils.java:infoOrTrace(136)) -   Exception 0: java.util.concurrent.ExecutionException: org.apache.ratis.thirdparty.io.grpc.StatusRuntimeException: UNAVAILABLE: io exception
2024-11-30 15:01:23,848 [719b1c3f-249c-457a-8743-b06328301a87@group-881FFCB406EE-LeaderElection56] INFO  impl.LeaderElection (LogUtils.java:infoOrTrace(136)) -   Exception 1: java.util.concurrent.ExecutionException: org.apache.ratis.thirdparty.io.grpc.StatusRuntimeException: UNAVAILABLE: io exception
2024-11-30 15:01:23,848 [719b1c3f-249c-457a-8743-b06328301a87@group-881FFCB406EE-LeaderElection56] INFO  impl.LeaderElection (LeaderElection.java:askForVotes(334)) - 719b1c3f-249c-457a-8743-b06328301a87@group-881FFCB406EE-LeaderElection56 PRE_VOTE round 0: result REJECTED
2024-11-30 15:01:23,848 [719b1c3f-249c-457a-8743-b06328301a87@group-881FFCB406EE-LeaderElection56] INFO  server.RaftServer$Division (RaftServerImpl.java:setRole(378)) - 719b1c3f-249c-457a-8743-b06328301a87@group-881FFCB406EE: changes role from CANDIDATE to FOLLOWER at term 1 for REJECTED
2024-11-30 15:01:23,848 [719b1c3f-249c-457a-8743-b06328301a87@group-881FFCB406EE-LeaderElection56] INFO  impl.RoleInfo (RoleInfo.java:shutdownLeaderElection(141)) - 719b1c3f-249c-457a-8743-b06328301a87: shutdown 719b1c3f-249c-457a-8743-b06328301a87@group-881FFCB406EE-LeaderElection56
2024-11-30 15:01:23,849 [719b1c3f-249c-457a-8743-b06328301a87@group-881FFCB406EE-LeaderElection56] INFO  impl.RoleInfo (RoleInfo.java:updateAndGet(148)) - 719b1c3f-249c-457a-8743-b06328301a87: start 719b1c3f-249c-457a-8743-b06328301a87@group-881FFCB406EE-FollowerState
2024-11-30 15:01:24,204 [91a17cbe-1555-4f52-a9ac-e5caa7cc945b-PipelineCommandHandlerThread-0] WARN  commandhandler.CreatePipelineCommandHandler (CreatePipelineCommandHandler.java:lambda$handle$1(126)) - Add group failed for d57daabc-8d0b-4ea3-831e-cde13ca8d1d7(localhost/127.0.0.1)
java.io.InterruptedIOException: retry policy=RequestTypeDependentRetryPolicy{WRITE->ExceptionDependentRetry(maxAttempts=2147483647; defaultPolicy=MultipleLinearRandomRetry[5x5s, 5x10s, 5x15s, 5x20s, 5x25s, 10x60s]; map={org.apache.ratis.protocol.exceptions.GroupMismatchException->NoRetry, org.apache.ratis.protocol.exceptions.NotReplicatedException->NoRetry, org.apache.ratis.protocol.exceptions.ResourceUnavailableException->org.apache.ratis.retry.ExponentialBackoffRetry@6f946705, org.apache.ratis.protocol.exceptions.StateMachineException->NoRetry, org.apache.ratis.protocol.exceptions.TimeoutIOException->org.apache.ratis.retry.ExponentialBackoffRetry@6f946705}), WATCH->ExceptionDependentRetry(maxAttempts=2147483647; defaultPolicy=MultipleLinearRandomRetry[5x5s, 5x10s, 5x15s, 5x20s, 5x25s, 10x60s]; map={org.apache.ratis.protocol.exceptions.GroupMismatchException->NoRetry, org.apache.ratis.protocol.exceptions.NotReplicatedException->NoRetry, org.apache.ratis.protocol.exceptions.ResourceUnavailableException->org.apache.ratis.retry.ExponentialBackoffRetry@6f946705, org.apache.ratis.protocol.exceptions.StateMachineException->NoRetry, org.apache.ratis.protocol.exceptions.TimeoutIOException->NoRetry})}
	at org.apache.ratis.client.impl.BlockingImpl.sendRequestWithRetry(BlockingImpl.java:138)
	at org.apache.ratis.client.impl.GroupManagementImpl.add(GroupManagementImpl.java:51)
	at org.apache.ratis.client.api.GroupManagementApi.add(GroupManagementApi.java:40)
	at org.apache.hadoop.ozone.container.common.statemachine.commandhandler.CreatePipelineCommandHandler.lambda$handle$1(CreatePipelineCommandHandler.java:122)
	at java.base/java.util.stream.ForEachOps$ForEachOp$OfRef.accept(ForEachOps.java:183)
	at java.base/java.util.stream.ReferencePipeline$2$1.accept(ReferencePipeline.java:179)
	at java.base/java.util.ArrayList$ArrayListSpliterator.forEachRemaining(ArrayList.java:1625)
	at java.base/java.util.stream.AbstractPipeline.copyInto(AbstractPipeline.java:509)
	at java.base/java.util.stream.AbstractPipeline.wrapAndCopyInto(AbstractPipeline.java:499)
	at java.base/java.util.stream.ForEachOps$ForEachOp.evaluateSequential(ForEachOps.java:150)
	at java.base/java.util.stream.ForEachOps$ForEachOp$OfRef.evaluateSequential(ForEachOps.java:173)
	at java.base/java.util.stream.AbstractPipeline.evaluate(AbstractPipeline.java:234)
	at java.base/java.util.stream.ReferencePipeline.forEach(ReferencePipeline.java:596)
	at org.apache.hadoop.ozone.container.common.statemachine.commandhandler.CreatePipelineCommandHandler.lambda$handle$2(CreatePipelineCommandHandler.java:118)
	at java.base/java.util.concurrent.CompletableFuture$AsyncRun.run(CompletableFuture.java:1804)
	at java.base/java.util.concurrent.ThreadPoolExecutor.runWorker(ThreadPoolExecutor.java:1136)
	at java.base/java.util.concurrent.ThreadPoolExecutor$Worker.run(ThreadPoolExecutor.java:635)
	at java.base/java.lang.Thread.run(Thread.java:840)
2024-11-30 15:01:24,205 [719b1c3f-249c-457a-8743-b06328301a87-PipelineCommandHandlerThread-0] WARN  commandhandler.CreatePipelineCommandHandler (CreatePipelineCommandHandler.java:lambda$handle$1(126)) - Add group failed for d57daabc-8d0b-4ea3-831e-cde13ca8d1d7(localhost/127.0.0.1)
java.io.InterruptedIOException: retry policy=RequestTypeDependentRetryPolicy{WRITE->ExceptionDependentRetry(maxAttempts=2147483647; defaultPolicy=MultipleLinearRandomRetry[5x5s, 5x10s, 5x15s, 5x20s, 5x25s, 10x60s]; map={org.apache.ratis.protocol.exceptions.GroupMismatchException->NoRetry, org.apache.ratis.protocol.exceptions.NotReplicatedException->NoRetry, org.apache.ratis.protocol.exceptions.ResourceUnavailableException->org.apache.ratis.retry.ExponentialBackoffRetry@1a8a5d66, org.apache.ratis.protocol.exceptions.StateMachineException->NoRetry, org.apache.ratis.protocol.exceptions.TimeoutIOException->org.apache.ratis.retry.ExponentialBackoffRetry@1a8a5d66}), WATCH->ExceptionDependentRetry(maxAttempts=2147483647; defaultPolicy=MultipleLinearRandomRetry[5x5s, 5x10s, 5x15s, 5x20s, 5x25s, 10x60s]; map={org.apache.ratis.protocol.exceptions.GroupMismatchException->NoRetry, org.apache.ratis.protocol.exceptions.NotReplicatedException->NoRetry, org.apache.ratis.protocol.exceptions.ResourceUnavailableException->org.apache.ratis.retry.ExponentialBackoffRetry@1a8a5d66, org.apache.ratis.protocol.exceptions.StateMachineException->NoRetry, org.apache.ratis.protocol.exceptions.TimeoutIOException->NoRetry})}
	at org.apache.ratis.client.impl.BlockingImpl.sendRequestWithRetry(BlockingImpl.java:138)
	at org.apache.ratis.client.impl.GroupManagementImpl.add(GroupManagementImpl.java:51)
	at org.apache.ratis.client.api.GroupManagementApi.add(GroupManagementApi.java:40)
	at org.apache.hadoop.ozone.container.common.statemachine.commandhandler.CreatePipelineCommandHandler.lambda$handle$1(CreatePipelineCommandHandler.java:122)
	at java.base/java.util.stream.ForEachOps$ForEachOp$OfRef.accept(ForEachOps.java:183)
	at java.base/java.util.stream.ReferencePipeline$2$1.accept(ReferencePipeline.java:179)
	at java.base/java.util.ArrayList$ArrayListSpliterator.forEachRemaining(ArrayList.java:1625)
	at java.base/java.util.stream.AbstractPipeline.copyInto(AbstractPipeline.java:509)
	at java.base/java.util.stream.AbstractPipeline.wrapAndCopyInto(AbstractPipeline.java:499)
	at java.base/java.util.stream.ForEachOps$ForEachOp.evaluateSequential(ForEachOps.java:150)
	at java.base/java.util.stream.ForEachOps$ForEachOp$OfRef.evaluateSequential(ForEachOps.java:173)
	at java.base/java.util.stream.AbstractPipeline.evaluate(AbstractPipeline.java:234)
	at java.base/java.util.stream.ReferencePipeline.forEach(ReferencePipeline.java:596)
	at org.apache.hadoop.ozone.container.common.statemachine.commandhandler.CreatePipelineCommandHandler.lambda$handle$2(CreatePipelineCommandHandler.java:118)
	at java.base/java.util.concurrent.CompletableFuture$AsyncRun.run(CompletableFuture.java:1804)
	at java.base/java.util.concurrent.ThreadPoolExecutor.runWorker(ThreadPoolExecutor.java:1136)
	at java.base/java.util.concurrent.ThreadPoolExecutor$Worker.run(ThreadPoolExecutor.java:635)
	at java.base/java.lang.Thread.run(Thread.java:840)
2024-11-30 15:01:24,209 [91a17cbe-1555-4f52-a9ac-e5caa7cc945b-PipelineCommandHandlerThread-0] WARN  commandhandler.CreatePipelineCommandHandler (CreatePipelineCommandHandler.java:lambda$handle$1(126)) - Add group failed for 719b1c3f-249c-457a-8743-b06328301a87(localhost/127.0.0.1)
java.io.InterruptedIOException: retry policy=RequestTypeDependentRetryPolicy{WRITE->ExceptionDependentRetry(maxAttempts=2147483647; defaultPolicy=MultipleLinearRandomRetry[5x5s, 5x10s, 5x15s, 5x20s, 5x25s, 10x60s]; map={org.apache.ratis.protocol.exceptions.GroupMismatchException->NoRetry, org.apache.ratis.protocol.exceptions.NotReplicatedException->NoRetry, org.apache.ratis.protocol.exceptions.ResourceUnavailableException->org.apache.ratis.retry.ExponentialBackoffRetry@1900aa21, org.apache.ratis.protocol.exceptions.StateMachineException->NoRetry, org.apache.ratis.protocol.exceptions.TimeoutIOException->org.apache.ratis.retry.ExponentialBackoffRetry@1900aa21}), WATCH->ExceptionDependentRetry(maxAttempts=2147483647; defaultPolicy=MultipleLinearRandomRetry[5x5s, 5x10s, 5x15s, 5x20s, 5x25s, 10x60s]; map={org.apache.ratis.protocol.exceptions.GroupMismatchException->NoRetry, org.apache.ratis.protocol.exceptions.NotReplicatedException->NoRetry, org.apache.ratis.protocol.exceptions.ResourceUnavailableException->org.apache.ratis.retry.ExponentialBackoffRetry@1900aa21, org.apache.ratis.protocol.exceptions.StateMachineException->NoRetry, org.apache.ratis.protocol.exceptions.TimeoutIOException->NoRetry})}
	at org.apache.ratis.client.impl.BlockingImpl.sendRequestWithRetry(BlockingImpl.java:138)
	at org.apache.ratis.client.impl.GroupManagementImpl.add(GroupManagementImpl.java:51)
	at org.apache.ratis.client.api.GroupManagementApi.add(GroupManagementApi.java:40)
	at org.apache.hadoop.ozone.container.common.statemachine.commandhandler.CreatePipelineCommandHandler.lambda$handle$1(CreatePipelineCommandHandler.java:122)
	at java.base/java.util.stream.ForEachOps$ForEachOp$OfRef.accept(ForEachOps.java:183)
	at java.base/java.util.stream.ReferencePipeline$2$1.accept(ReferencePipeline.java:179)
	at java.base/java.util.ArrayList$ArrayListSpliterator.forEachRemaining(ArrayList.java:1625)
	at java.base/java.util.stream.AbstractPipeline.copyInto(AbstractPipeline.java:509)
	at java.base/java.util.stream.AbstractPipeline.wrapAndCopyInto(AbstractPipeline.java:499)
	at java.base/java.util.stream.ForEachOps$ForEachOp.evaluateSequential(ForEachOps.java:150)
	at java.base/java.util.stream.ForEachOps$ForEachOp$OfRef.evaluateSequential(ForEachOps.java:173)
	at java.base/java.util.stream.AbstractPipeline.evaluate(AbstractPipeline.java:234)
	at java.base/java.util.stream.ReferencePipeline.forEach(ReferencePipeline.java:596)
	at org.apache.hadoop.ozone.container.common.statemachine.commandhandler.CreatePipelineCommandHandler.lambda$handle$2(CreatePipelineCommandHandler.java:118)
	at java.base/java.util.concurrent.CompletableFuture$AsyncRun.run(CompletableFuture.java:1804)
	at java.base/java.util.concurrent.ThreadPoolExecutor.runWorker(ThreadPoolExecutor.java:1136)
	at java.base/java.util.concurrent.ThreadPoolExecutor$Worker.run(ThreadPoolExecutor.java:635)
	at java.base/java.lang.Thread.run(Thread.java:840)
2024-11-30 15:01:24,209 [91a17cbe-1555-4f52-a9ac-e5caa7cc945b-PipelineCommandHandlerThread-0] INFO  commandhandler.CreatePipelineCommandHandler (CreatePipelineCommandHandler.java:lambda$handle$2(129)) - Created Pipeline RATIS THREE PipelineID=9db59abe-b990-4d0b-86b1-2d96a7ef0172.
2024-11-30 15:01:24,209 [main] INFO  ozoneimpl.OzoneContainer (OzoneContainer.java:stop(526)) - Attempting to stop container services.
2024-11-30 15:01:24,210 [ContainerMetadataScanner] WARN  ozoneimpl.AbstractBackgroundContainerScanner (AbstractBackgroundContainerScanner.java:handleRemainingSleep(134)) - Background container scan was interrupted.
2024-11-30 15:01:24,210 [ContainerMetadataScanner] INFO  ozoneimpl.AbstractBackgroundContainerScanner (AbstractBackgroundContainerScanner.java:run(61)) - Thread[ContainerMetadataScanner,5,main] exiting.
2024-11-30 15:01:24,210 [main] INFO  ozoneimpl.BackgroundContainerDataScanner (BackgroundContainerDataScanner.java:shutdown(142)) - ContainerDataScanner(/home/runner/work/ozone/ozone/hadoop-ozone/integration-test/target/test-dir/MiniOzoneClusterImpl-e985cbf7-8b64-4e7c-b64c-74e6afbb48f1/ozone-meta/datanode-5/data-0/hdds) is shutting down. 
2024-11-30 15:01:24,210 [ContainerDataScanner(/home/runner/work/ozone/ozone/hadoop-ozone/integration-test/target/test-dir/MiniOzoneClusterImpl-e985cbf7-8b64-4e7c-b64c-74e6afbb48f1/ozone-meta/datanode-5/data-0/hdds)] WARN  ozoneimpl.AbstractBackgroundContainerScanner (AbstractBackgroundContainerScanner.java:handleRemainingSleep(134)) - Background container scan was interrupted.
2024-11-30 15:01:24,210 [ContainerDataScanner(/home/runner/work/ozone/ozone/hadoop-ozone/integration-test/target/test-dir/MiniOzoneClusterImpl-e985cbf7-8b64-4e7c-b64c-74e6afbb48f1/ozone-meta/datanode-5/data-0/hdds)] INFO  ozoneimpl.AbstractBackgroundContainerScanner (AbstractBackgroundContainerScanner.java:run(61)) - ContainerDataScanner(/home/runner/work/ozone/ozone/hadoop-ozone/integration-test/target/test-dir/MiniOzoneClusterImpl-e985cbf7-8b64-4e7c-b64c-74e6afbb48f1/ozone-meta/datanode-5/data-0/hdds, DS-9cc604fc-affe-4e90-884a-9d3ed86ab0be) exiting.
2024-11-30 15:01:24,210 [main] INFO  ratis.XceiverServerRatis (XceiverServerRatis.java:stop(596)) - Closing XceiverServerRatis(91a17cbe-1555-4f52-a9ac-e5caa7cc945b)
2024-11-30 15:01:24,211 [main] INFO  server.RaftServer (RaftServerProxy.java:lambda$close$9(417)) - 91a17cbe-1555-4f52-a9ac-e5caa7cc945b: close
2024-11-30 15:01:24,211 [91a17cbe-1555-4f52-a9ac-e5caa7cc945b-impl-thread1] INFO  server.RaftServer$Division (RaftServerImpl.java:lambda$close$1(513)) - 91a17cbe-1555-4f52-a9ac-e5caa7cc945b@group-61544B673A5F: shutdown
2024-11-30 15:01:24,211 [91a17cbe-1555-4f52-a9ac-e5caa7cc945b-impl-thread1] INFO  util.JmxRegister (JmxRegister.java:unregister(74)) - Successfully un-registered JMX Bean with object name Ratis:service=RaftServer,group=group-61544B673A5F,id=91a17cbe-1555-4f52-a9ac-e5caa7cc945b
2024-11-30 15:01:24,211 [91a17cbe-1555-4f52-a9ac-e5caa7cc945b-impl-thread1] INFO  impl.RoleInfo (RoleInfo.java:shutdownLeaderState(103)) - 91a17cbe-1555-4f52-a9ac-e5caa7cc945b: shutdown 91a17cbe-1555-4f52-a9ac-e5caa7cc945b@group-61544B673A5F-LeaderStateImpl
2024-11-30 15:01:24,211 [91a17cbe-1555-4f52-a9ac-e5caa7cc945b-impl-thread1] INFO  impl.PendingRequests (PendingRequests.java:sendNotLeaderResponses(287)) - 91a17cbe-1555-4f52-a9ac-e5caa7cc945b@group-61544B673A5F-PendingRequests: sendNotLeaderResponses
2024-11-30 15:01:24,211 [91a17cbe-1555-4f52-a9ac-e5caa7cc945b-impl-thread1] INFO  impl.StateMachineUpdater (StateMachineUpdater.java:stopAndJoin(164)) - 91a17cbe-1555-4f52-a9ac-e5caa7cc945b@group-61544B673A5F-StateMachineUpdater: set stopIndex = 0
2024-11-30 15:01:24,211 [91a17cbe-1555-4f52-a9ac-e5caa7cc945b@group-61544B673A5F-StateMachineUpdater] INFO  ratis.ContainerStateMachine (ContainerStateMachine.java:takeSnapshot(378)) - group-61544B673A5F: Taking a snapshot at:(t:1, i:0) file /home/runner/work/ozone/ozone/hadoop-ozone/integration-test/target/test-dir/MiniOzoneClusterImpl-e985cbf7-8b64-4e7c-b64c-74e6afbb48f1/ozone-meta/datanode-5/ratis/df58faac-ddc2-4fd5-ba26-61544b673a5f/sm/snapshot.1_0
2024-11-30 15:01:24,212 [91a17cbe-1555-4f52-a9ac-e5caa7cc945b@group-61544B673A5F-StateMachineUpdater] INFO  ratis.ContainerStateMachine (ContainerStateMachine.java:takeSnapshot(389)) - group-61544B673A5F: Finished taking a snapshot at:(t:1, i:0) file:/home/runner/work/ozone/ozone/hadoop-ozone/integration-test/target/test-dir/MiniOzoneClusterImpl-e985cbf7-8b64-4e7c-b64c-74e6afbb48f1/ozone-meta/datanode-5/ratis/df58faac-ddc2-4fd5-ba26-61544b673a5f/sm/snapshot.1_0 took: 1 ms
2024-11-30 15:01:24,212 [91a17cbe-1555-4f52-a9ac-e5caa7cc945b@group-61544B673A5F-StateMachineUpdater] INFO  impl.StateMachineUpdater (StateMachineUpdater.java:takeSnapshot(303)) - 91a17cbe-1555-4f52-a9ac-e5caa7cc945b@group-61544B673A5F-StateMachineUpdater: Took a snapshot at index 0
2024-11-30 15:01:24,212 [91a17cbe-1555-4f52-a9ac-e5caa7cc945b@group-61544B673A5F-StateMachineUpdater] INFO  impl.StateMachineUpdater (StateMachineUpdater.java:lambda$new$0(102)) - 91a17cbe-1555-4f52-a9ac-e5caa7cc945b@group-61544B673A5F-StateMachineUpdater: snapshotIndex: updateIncreasingly -1 -> 0
2024-11-30 15:01:24,212 [91a17cbe-1555-4f52-a9ac-e5caa7cc945b@group-61544B673A5F-StateMachineUpdater] INFO  impl.StateMachineUpdater (StateMachineUpdater.java:stop(141)) - 91a17cbe-1555-4f52-a9ac-e5caa7cc945b@group-61544B673A5F-StateMachineUpdater: closing ContainerStateMachine, lastApplied=(t:1, i:0)
2024-11-30 15:01:24,213 [91a17cbe-1555-4f52-a9ac-e5caa7cc945b@group-61544B673A5F-cacheEviction-AwaitToRun] INFO  util.AwaitToRun (AwaitToRun.java:run(49)) - 91a17cbe-1555-4f52-a9ac-e5caa7cc945b@group-61544B673A5F-cacheEviction-AwaitToRun-AwaitForSignal is interrupted
2024-11-30 15:01:24,215 [719b1c3f-249c-457a-8743-b06328301a87-PipelineCommandHandlerThread-0] WARN  commandhandler.CreatePipelineCommandHandler (CreatePipelineCommandHandler.java:lambda$handle$1(126)) - Add group failed for 91a17cbe-1555-4f52-a9ac-e5caa7cc945b(localhost/127.0.0.1)
java.io.InterruptedIOException: retry policy=RequestTypeDependentRetryPolicy{WRITE->ExceptionDependentRetry(maxAttempts=2147483647; defaultPolicy=MultipleLinearRandomRetry[5x5s, 5x10s, 5x15s, 5x20s, 5x25s, 10x60s]; map={org.apache.ratis.protocol.exceptions.GroupMismatchException->NoRetry, org.apache.ratis.protocol.exceptions.NotReplicatedException->NoRetry, org.apache.ratis.protocol.exceptions.ResourceUnavailableException->org.apache.ratis.retry.ExponentialBackoffRetry@5aeb3f08, org.apache.ratis.protocol.exceptions.StateMachineException->NoRetry, org.apache.ratis.protocol.exceptions.TimeoutIOException->org.apache.ratis.retry.ExponentialBackoffRetry@5aeb3f08}), WATCH->ExceptionDependentRetry(maxAttempts=2147483647; defaultPolicy=MultipleLinearRandomRetry[5x5s, 5x10s, 5x15s, 5x20s, 5x25s, 10x60s]; map={org.apache.ratis.protocol.exceptions.GroupMismatchException->NoRetry, org.apache.ratis.protocol.exceptions.NotReplicatedException->NoRetry, org.apache.ratis.protocol.exceptions.ResourceUnavailableException->org.apache.ratis.retry.ExponentialBackoffRetry@5aeb3f08, org.apache.ratis.protocol.exceptions.StateMachineException->NoRetry, org.apache.ratis.protocol.exceptions.TimeoutIOException->NoRetry})}
	at org.apache.ratis.client.impl.BlockingImpl.sendRequestWithRetry(BlockingImpl.java:138)
	at org.apache.ratis.client.impl.GroupManagementImpl.add(GroupManagementImpl.java:51)
	at org.apache.ratis.client.api.GroupManagementApi.add(GroupManagementApi.java:40)
	at org.apache.hadoop.ozone.container.common.statemachine.commandhandler.CreatePipelineCommandHandler.lambda$handle$1(CreatePipelineCommandHandler.java:122)
	at java.base/java.util.stream.ForEachOps$ForEachOp$OfRef.accept(ForEachOps.java:183)
	at java.base/java.util.stream.ReferencePipeline$2$1.accept(ReferencePipeline.java:179)
	at java.base/java.util.ArrayList$ArrayListSpliterator.forEachRemaining(ArrayList.java:1625)
	at java.base/java.util.stream.AbstractPipeline.copyInto(AbstractPipeline.java:509)
	at java.base/java.util.stream.AbstractPipeline.wrapAndCopyInto(AbstractPipeline.java:499)
	at java.base/java.util.stream.ForEachOps$ForEachOp.evaluateSequential(ForEachOps.java:150)
	at java.base/java.util.stream.ForEachOps$ForEachOp$OfRef.evaluateSequential(ForEachOps.java:173)
	at java.base/java.util.stream.AbstractPipeline.evaluate(AbstractPipeline.java:234)
	at java.base/java.util.stream.ReferencePipeline.forEach(ReferencePipeline.java:596)
	at org.apache.hadoop.ozone.container.common.statemachine.commandhandler.CreatePipelineCommandHandler.lambda$handle$2(CreatePipelineCommandHandler.java:118)
	at java.base/java.util.concurrent.CompletableFuture$AsyncRun.run(CompletableFuture.java:1804)
	at java.base/java.util.concurrent.ThreadPoolExecutor.runWorker(ThreadPoolExecutor.java:1136)
	at java.base/java.util.concurrent.ThreadPoolExecutor$Worker.run(ThreadPoolExecutor.java:635)
	at java.base/java.lang.Thread.run(Thread.java:840)
2024-11-30 15:01:24,215 [719b1c3f-249c-457a-8743-b06328301a87-PipelineCommandHandlerThread-0] INFO  commandhandler.CreatePipelineCommandHandler (CreatePipelineCommandHandler.java:lambda$handle$2(129)) - Created Pipeline RATIS THREE PipelineID=9db59abe-b990-4d0b-86b1-2d96a7ef0172.
2024-11-30 15:01:24,215 [main] INFO  server.GrpcService (GrpcService.java:closeImpl(343)) - 91a17cbe-1555-4f52-a9ac-e5caa7cc945b: shutdown server GrpcServerProtocolService now
2024-11-30 15:01:24,215 [ForkJoinPool.commonPool-worker-3] INFO  ozoneimpl.OzoneContainer (OzoneContainer.java:stop(526)) - Attempting to stop container services.
2024-11-30 15:01:24,216 [91a17cbe-1555-4f52-a9ac-e5caa7cc945b-impl-thread2] INFO  server.RaftServer$Division (RaftServerImpl.java:lambda$close$1(513)) - 91a17cbe-1555-4f52-a9ac-e5caa7cc945b@group-2D96A7EF0172: shutdown
2024-11-30 15:01:24,216 [ContainerMetadataScanner] WARN  ozoneimpl.AbstractBackgroundContainerScanner (AbstractBackgroundContainerScanner.java:handleRemainingSleep(134)) - Background container scan was interrupted.
2024-11-30 15:01:24,216 [ContainerMetadataScanner] INFO  ozoneimpl.AbstractBackgroundContainerScanner (AbstractBackgroundContainerScanner.java:run(61)) - Thread[ContainerMetadataScanner,5,main] exiting.
2024-11-30 15:01:24,216 [91a17cbe-1555-4f52-a9ac-e5caa7cc945b-impl-thread2] INFO  util.JmxRegister (JmxRegister.java:unregister(74)) - Successfully un-registered JMX Bean with object name Ratis:service=RaftServer,group=group-2D96A7EF0172,id=91a17cbe-1555-4f52-a9ac-e5caa7cc945b
2024-11-30 15:01:24,216 [91a17cbe-1555-4f52-a9ac-e5caa7cc945b-impl-thread2] INFO  impl.RoleInfo (RoleInfo.java:shutdownFollowerState(121)) - 91a17cbe-1555-4f52-a9ac-e5caa7cc945b: shutdown 91a17cbe-1555-4f52-a9ac-e5caa7cc945b@group-2D96A7EF0172-FollowerState
2024-11-30 15:01:24,216 [91a17cbe-1555-4f52-a9ac-e5caa7cc945b-impl-thread2] INFO  impl.StateMachineUpdater (StateMachineUpdater.java:stopAndJoin(164)) - 91a17cbe-1555-4f52-a9ac-e5caa7cc945b@group-2D96A7EF0172-StateMachineUpdater: set stopIndex = -1
2024-11-30 15:01:24,216 [main] INFO  server.GrpcService (GrpcService.java:closeImpl(352)) - 91a17cbe-1555-4f52-a9ac-e5caa7cc945b: shutdown server GrpcServerProtocolService successfully
2024-11-30 15:01:24,217 [grpc-default-executor-2] WARN  server.GrpcLogAppender (LogUtils.java:warn(121)) - 719b1c3f-249c-457a-8743-b06328301a87@group-2D96A7EF0172->91a17cbe-1555-4f52-a9ac-e5caa7cc945b-AppendLogResponseHandler: Failed appendEntries: org.apache.ratis.thirdparty.io.grpc.StatusRuntimeException: CANCELLED: RST_STREAM closed stream. HTTP/2 error code: CANCEL
2024-11-30 15:01:24,217 [grpc-default-executor-2] WARN  server.GrpcLogAppender (GrpcLogAppender.java:lambda$resetClient$1(221)) - 719b1c3f-249c-457a-8743-b06328301a87@group-2D96A7EF0172->91a17cbe-1555-4f52-a9ac-e5caa7cc945b-GrpcLogAppender: Follower failed (request=null, errorCount=1); keep nextIndex (1) unchanged and retry.
2024-11-30 15:01:24,216 [ForkJoinPool.commonPool-worker-3] INFO  ozoneimpl.BackgroundContainerDataScanner (BackgroundContainerDataScanner.java:shutdown(142)) - ContainerDataScanner(/home/runner/work/ozone/ozone/hadoop-ozone/integration-test/target/test-dir/MiniOzoneClusterImpl-e985cbf7-8b64-4e7c-b64c-74e6afbb48f1/ozone-meta/datanode-1/data-0/hdds) is shutting down. 
2024-11-30 15:01:24,217 [grpc-default-executor-0] WARN  server.GrpcServerProtocolService (LogUtils.java:warn(121)) - 91a17cbe-1555-4f52-a9ac-e5caa7cc945b: APPEND_ENTRIES onError, lastRequest: null: org.apache.ratis.thirdparty.io.grpc.StatusRuntimeException: CANCELLED: client cancelled
2024-11-30 15:01:24,216 [91a17cbe-1555-4f52-a9ac-e5caa7cc945b@group-2D96A7EF0172-StateMachineUpdater] INFO  impl.StateMachineUpdater (StateMachineUpdater.java:stop(141)) - 91a17cbe-1555-4f52-a9ac-e5caa7cc945b@group-2D96A7EF0172-StateMachineUpdater: closing ContainerStateMachine, lastApplied=(t:0, i:~)
2024-11-30 15:01:24,216 [91a17cbe-1555-4f52-a9ac-e5caa7cc945b@group-2D96A7EF0172-FollowerState] INFO  impl.FollowerState (FollowerState.java:runImpl(170)) - 91a17cbe-1555-4f52-a9ac-e5caa7cc945b@group-2D96A7EF0172-FollowerState was interrupted
2024-11-30 15:01:24,217 [ContainerDataScanner(/home/runner/work/ozone/ozone/hadoop-ozone/integration-test/target/test-dir/MiniOzoneClusterImpl-e985cbf7-8b64-4e7c-b64c-74e6afbb48f1/ozone-meta/datanode-1/data-0/hdds)] WARN  ozoneimpl.AbstractBackgroundContainerScanner (AbstractBackgroundContainerScanner.java:handleRemainingSleep(134)) - Background container scan was interrupted.
2024-11-30 15:01:24,217 [grpc-default-executor-4] WARN  server.GrpcServerProtocolService (LogUtils.java:warn(121)) - 91a17cbe-1555-4f52-a9ac-e5caa7cc945b: APPEND_ENTRIES onError, lastRequest: 719b1c3f-249c-457a-8743-b06328301a87->91a17cbe-1555-4f52-a9ac-e5caa7cc945b#1-t1,previous=(t:0, i:0),leaderCommit=-1,initializing? false,entries: size=1, first=(t:1, i:0), CONFIGURATIONENTRY(current:id:"719b1c3f-249c-457a-8743-b06328301a87"address:"127.0.0.1:15171"priority:1dataStreamAddress:"127.0.0.1:15174"clientAddress:"127.0.0.1:15171"adminAddress:"127.0.0.1:15171"startupRole:FOLLOWER, id:"91a17cbe-1555-4f52-a9ac-e5caa7cc945b"address:"127.0.0.1:15207"dataStreamAddress:"127.0.0.1:15210"clientAddress:"127.0.0.1:15207"adminAddress:"127.0.0.1:15207"startupRole:FOLLOWER, id:"d57daabc-8d0b-4ea3-831e-cde13ca8d1d7"address:"127.0.0.1:15180"dataStreamAddress:"127.0.0.1:15183"clientAddress:"127.0.0.1:15180"adminAddress:"127.0.0.1:15180"startupRole:FOLLOWER, old:): org.apache.ratis.thirdparty.io.grpc.StatusRuntimeException: CANCELLED: client cancelled
2024-11-30 15:01:24,218 [91a17cbe-1555-4f52-a9ac-e5caa7cc945b@group-2D96A7EF0172-cacheEviction-AwaitToRun] INFO  util.AwaitToRun (AwaitToRun.java:run(49)) - 91a17cbe-1555-4f52-a9ac-e5caa7cc945b@group-2D96A7EF0172-cacheEviction-AwaitToRun-AwaitForSignal is interrupted
2024-11-30 15:01:24,217 [ContainerDataScanner(/home/runner/work/ozone/ozone/hadoop-ozone/integration-test/target/test-dir/MiniOzoneClusterImpl-e985cbf7-8b64-4e7c-b64c-74e6afbb48f1/ozone-meta/datanode-1/data-0/hdds)] INFO  ozoneimpl.AbstractBackgroundContainerScanner (AbstractBackgroundContainerScanner.java:run(61)) - ContainerDataScanner(/home/runner/work/ozone/ozone/hadoop-ozone/integration-test/target/test-dir/MiniOzoneClusterImpl-e985cbf7-8b64-4e7c-b64c-74e6afbb48f1/ozone-meta/datanode-1/data-0/hdds, DS-00b32262-9e0c-4468-abfb-961f380f6861) exiting.
2024-11-30 15:01:24,218 [ForkJoinPool.commonPool-worker-3] INFO  ratis.XceiverServerRatis (XceiverServerRatis.java:stop(596)) - Closing XceiverServerRatis(719b1c3f-249c-457a-8743-b06328301a87)
2024-11-30 15:01:24,218 [ForkJoinPool.commonPool-worker-3] INFO  server.RaftServer (RaftServerProxy.java:lambda$close$9(417)) - 719b1c3f-249c-457a-8743-b06328301a87: close
2024-11-30 15:01:24,218 [719b1c3f-249c-457a-8743-b06328301a87-impl-thread1] INFO  server.RaftServer$Division (RaftServerImpl.java:lambda$close$1(513)) - 719b1c3f-249c-457a-8743-b06328301a87@group-006F4FFF65FD: shutdown
2024-11-30 15:01:24,218 [719b1c3f-249c-457a-8743-b06328301a87-impl-thread1] INFO  util.JmxRegister (JmxRegister.java:unregister(74)) - Successfully un-registered JMX Bean with object name Ratis:service=RaftServer,group=group-006F4FFF65FD,id=719b1c3f-249c-457a-8743-b06328301a87
2024-11-30 15:01:24,218 [719b1c3f-249c-457a-8743-b06328301a87-impl-thread1] INFO  impl.RoleInfo (RoleInfo.java:shutdownFollowerState(121)) - 719b1c3f-249c-457a-8743-b06328301a87: shutdown 719b1c3f-249c-457a-8743-b06328301a87@group-006F4FFF65FD-FollowerState
2024-11-30 15:01:24,219 [719b1c3f-249c-457a-8743-b06328301a87-impl-thread1] INFO  impl.StateMachineUpdater (StateMachineUpdater.java:stopAndJoin(164)) - 719b1c3f-249c-457a-8743-b06328301a87@group-006F4FFF65FD-StateMachineUpdater: set stopIndex = -1
2024-11-30 15:01:24,219 [719b1c3f-249c-457a-8743-b06328301a87@group-006F4FFF65FD-StateMachineUpdater] INFO  impl.StateMachineUpdater (StateMachineUpdater.java:stop(141)) - 719b1c3f-249c-457a-8743-b06328301a87@group-006F4FFF65FD-StateMachineUpdater: closing ContainerStateMachine, lastApplied=(t:0, i:~)
2024-11-30 15:01:24,219 [719b1c3f-249c-457a-8743-b06328301a87@group-006F4FFF65FD-FollowerState] INFO  impl.FollowerState (FollowerState.java:runImpl(170)) - 719b1c3f-249c-457a-8743-b06328301a87@group-006F4FFF65FD-FollowerState was interrupted
2024-11-30 15:01:24,219 [719b1c3f-249c-457a-8743-b06328301a87@group-006F4FFF65FD-cacheEviction-AwaitToRun] INFO  util.AwaitToRun (AwaitToRun.java:run(49)) - 719b1c3f-249c-457a-8743-b06328301a87@group-006F4FFF65FD-cacheEviction-AwaitToRun-AwaitForSignal is interrupted
2024-11-30 15:01:24,224 [719b1c3f-249c-457a-8743-b06328301a87-impl-thread2] INFO  server.RaftServer$Division (RaftServerImpl.java:lambda$close$1(513)) - 719b1c3f-249c-457a-8743-b06328301a87@group-344BB3EB1159: shutdown
2024-11-30 15:01:24,224 [719b1c3f-249c-457a-8743-b06328301a87-impl-thread2] INFO  util.JmxRegister (JmxRegister.java:unregister(74)) - Successfully un-registered JMX Bean with object name Ratis:service=RaftServer,group=group-344BB3EB1159,id=719b1c3f-249c-457a-8743-b06328301a87
2024-11-30 15:01:24,224 [719b1c3f-249c-457a-8743-b06328301a87-impl-thread2] INFO  impl.RoleInfo (RoleInfo.java:shutdownLeaderState(103)) - 719b1c3f-249c-457a-8743-b06328301a87: shutdown 719b1c3f-249c-457a-8743-b06328301a87@group-344BB3EB1159-LeaderStateImpl
2024-11-30 15:01:24,224 [719b1c3f-249c-457a-8743-b06328301a87-impl-thread2] INFO  impl.PendingRequests (PendingRequests.java:sendNotLeaderResponses(287)) - 719b1c3f-249c-457a-8743-b06328301a87@group-344BB3EB1159-PendingRequests: sendNotLeaderResponses
2024-11-30 15:01:24,225 [719b1c3f-249c-457a-8743-b06328301a87-impl-thread3] INFO  server.RaftServer$Division (RaftServerImpl.java:lambda$close$1(513)) - 719b1c3f-249c-457a-8743-b06328301a87@group-2D96A7EF0172: shutdown
2024-11-30 15:01:24,225 [719b1c3f-249c-457a-8743-b06328301a87-impl-thread3] INFO  util.JmxRegister (JmxRegister.java:unregister(74)) - Successfully un-registered JMX Bean with object name Ratis:service=RaftServer,group=group-2D96A7EF0172,id=719b1c3f-249c-457a-8743-b06328301a87
2024-11-30 15:01:24,225 [719b1c3f-249c-457a-8743-b06328301a87-impl-thread3] INFO  impl.RoleInfo (RoleInfo.java:shutdownLeaderState(103)) - 719b1c3f-249c-457a-8743-b06328301a87: shutdown 719b1c3f-249c-457a-8743-b06328301a87@group-2D96A7EF0172-LeaderStateImpl
2024-11-30 15:01:24,226 [719b1c3f-249c-457a-8743-b06328301a87@group-2D96A7EF0172->91a17cbe-1555-4f52-a9ac-e5caa7cc945b-GrpcLogAppender-LogAppenderDaemon] WARN  server.GrpcLogAppender (GrpcLogAppender.java:mayWait(293)) - 719b1c3f-249c-457a-8743-b06328301a87@group-2D96A7EF0172->91a17cbe-1555-4f52-a9ac-e5caa7cc945b-GrpcLogAppender: Wait interrupted by java.lang.InterruptedException
2024-11-30 15:01:24,225 [719b1c3f-249c-457a-8743-b06328301a87@group-344BB3EB1159-StateMachineUpdater] INFO  ratis.ContainerStateMachine (ContainerStateMachine.java:takeSnapshot(378)) - group-344BB3EB1159: Taking a snapshot at:(t:1, i:0) file /home/runner/work/ozone/ozone/hadoop-ozone/integration-test/target/test-dir/MiniOzoneClusterImpl-e985cbf7-8b64-4e7c-b64c-74e6afbb48f1/ozone-meta/datanode-1/ratis/b61f8cd5-33e4-4110-b752-344bb3eb1159/sm/snapshot.1_0
2024-11-30 15:01:24,225 [719b1c3f-249c-457a-8743-b06328301a87-impl-thread4] INFO  server.RaftServer$Division (RaftServerImpl.java:lambda$close$1(513)) - 719b1c3f-249c-457a-8743-b06328301a87@group-881FFCB406EE: shutdown
2024-11-30 15:01:24,226 [719b1c3f-249c-457a-8743-b06328301a87-impl-thread4] INFO  util.JmxRegister (JmxRegister.java:unregister(74)) - Successfully un-registered JMX Bean with object name Ratis:service=RaftServer,group=group-881FFCB406EE,id=719b1c3f-249c-457a-8743-b06328301a87
2024-11-30 15:01:24,226 [719b1c3f-249c-457a-8743-b06328301a87-impl-thread4] INFO  impl.RoleInfo (RoleInfo.java:shutdownFollowerState(121)) - 719b1c3f-249c-457a-8743-b06328301a87: shutdown 719b1c3f-249c-457a-8743-b06328301a87@group-881FFCB406EE-FollowerState
2024-11-30 15:01:24,226 [719b1c3f-249c-457a-8743-b06328301a87-impl-thread4] INFO  impl.StateMachineUpdater (StateMachineUpdater.java:stopAndJoin(164)) - 719b1c3f-249c-457a-8743-b06328301a87@group-881FFCB406EE-StateMachineUpdater: set stopIndex = 0
2024-11-30 15:01:24,226 [719b1c3f-249c-457a-8743-b06328301a87@group-881FFCB406EE-StateMachineUpdater] INFO  ratis.ContainerStateMachine (ContainerStateMachine.java:takeSnapshot(378)) - group-881FFCB406EE: Taking a snapshot at:(t:1, i:0) file /home/runner/work/ozone/ozone/hadoop-ozone/integration-test/target/test-dir/MiniOzoneClusterImpl-e985cbf7-8b64-4e7c-b64c-74e6afbb48f1/ozone-meta/datanode-1/ratis/8cbe2343-485f-4a35-b27e-881ffcb406ee/sm/snapshot.1_0
2024-11-30 15:01:24,225 [719b1c3f-249c-457a-8743-b06328301a87-impl-thread5] INFO  server.RaftServer$Division (RaftServerImpl.java:lambda$close$1(513)) - 719b1c3f-249c-457a-8743-b06328301a87@group-563E99154595: shutdown
2024-11-30 15:01:24,227 [719b1c3f-249c-457a-8743-b06328301a87-impl-thread5] INFO  util.JmxRegister (JmxRegister.java:unregister(74)) - Successfully un-registered JMX Bean with object name Ratis:service=RaftServer,group=group-563E99154595,id=719b1c3f-249c-457a-8743-b06328301a87
2024-11-30 15:01:24,227 [719b1c3f-249c-457a-8743-b06328301a87@group-344BB3EB1159-StateMachineUpdater] INFO  ratis.ContainerStateMachine (ContainerStateMachine.java:takeSnapshot(389)) - group-344BB3EB1159: Finished taking a snapshot at:(t:1, i:0) file:/home/runner/work/ozone/ozone/hadoop-ozone/integration-test/target/test-dir/MiniOzoneClusterImpl-e985cbf7-8b64-4e7c-b64c-74e6afbb48f1/ozone-meta/datanode-1/ratis/b61f8cd5-33e4-4110-b752-344bb3eb1159/sm/snapshot.1_0 took: 2 ms
2024-11-30 15:01:24,225 [ForkJoinPool.commonPool-worker-3] INFO  server.GrpcService (GrpcService.java:closeImpl(343)) - 719b1c3f-249c-457a-8743-b06328301a87: shutdown server GrpcServerProtocolService now
2024-11-30 15:01:24,227 [719b1c3f-249c-457a-8743-b06328301a87@group-344BB3EB1159-StateMachineUpdater] INFO  impl.StateMachineUpdater (StateMachineUpdater.java:takeSnapshot(303)) - 719b1c3f-249c-457a-8743-b06328301a87@group-344BB3EB1159-StateMachineUpdater: Took a snapshot at index 0
2024-11-30 15:01:24,227 [719b1c3f-249c-457a-8743-b06328301a87@group-344BB3EB1159-StateMachineUpdater] INFO  impl.StateMachineUpdater (StateMachineUpdater.java:lambda$new$0(102)) - 719b1c3f-249c-457a-8743-b06328301a87@group-344BB3EB1159-StateMachineUpdater: snapshotIndex: updateIncreasingly -1 -> 0
2024-11-30 15:01:24,227 [719b1c3f-249c-457a-8743-b06328301a87-impl-thread2] INFO  impl.StateMachineUpdater (StateMachineUpdater.java:stopAndJoin(164)) - 719b1c3f-249c-457a-8743-b06328301a87@group-344BB3EB1159-StateMachineUpdater: set stopIndex = 0
2024-11-30 15:01:24,227 [719b1c3f-249c-457a-8743-b06328301a87@group-881FFCB406EE-StateMachineUpdater] INFO  ratis.ContainerStateMachine (ContainerStateMachine.java:takeSnapshot(389)) - group-881FFCB406EE: Finished taking a snapshot at:(t:1, i:0) file:/home/runner/work/ozone/ozone/hadoop-ozone/integration-test/target/test-dir/MiniOzoneClusterImpl-e985cbf7-8b64-4e7c-b64c-74e6afbb48f1/ozone-meta/datanode-1/ratis/8cbe2343-485f-4a35-b27e-881ffcb406ee/sm/snapshot.1_0 took: 1 ms
2024-11-30 15:01:24,228 [719b1c3f-249c-457a-8743-b06328301a87@group-881FFCB406EE-StateMachineUpdater] INFO  impl.StateMachineUpdater (StateMachineUpdater.java:takeSnapshot(303)) - 719b1c3f-249c-457a-8743-b06328301a87@group-881FFCB406EE-StateMachineUpdater: Took a snapshot at index 0
2024-11-30 15:01:24,228 [719b1c3f-249c-457a-8743-b06328301a87@group-881FFCB406EE-StateMachineUpdater] INFO  impl.StateMachineUpdater (StateMachineUpdater.java:lambda$new$0(102)) - 719b1c3f-249c-457a-8743-b06328301a87@group-881FFCB406EE-StateMachineUpdater: snapshotIndex: updateIncreasingly -1 -> 0
2024-11-30 15:01:24,228 [719b1c3f-249c-457a-8743-b06328301a87@group-881FFCB406EE-StateMachineUpdater] INFO  impl.StateMachineUpdater (StateMachineUpdater.java:stop(141)) - 719b1c3f-249c-457a-8743-b06328301a87@group-881FFCB406EE-StateMachineUpdater: closing ContainerStateMachine, lastApplied=(t:1, i:0)
2024-11-30 15:01:24,228 [719b1c3f-249c-457a-8743-b06328301a87@group-881FFCB406EE-cacheEviction-AwaitToRun] INFO  util.AwaitToRun (AwaitToRun.java:run(49)) - 719b1c3f-249c-457a-8743-b06328301a87@group-881FFCB406EE-cacheEviction-AwaitToRun-AwaitForSignal is interrupted
2024-11-30 15:01:24,227 [719b1c3f-249c-457a-8743-b06328301a87-impl-thread5] INFO  impl.RoleInfo (RoleInfo.java:shutdownFollowerState(121)) - 719b1c3f-249c-457a-8743-b06328301a87: shutdown 719b1c3f-249c-457a-8743-b06328301a87@group-563E99154595-FollowerState
2024-11-30 15:01:24,226 [719b1c3f-249c-457a-8743-b06328301a87@group-881FFCB406EE-FollowerState] INFO  impl.FollowerState (FollowerState.java:runImpl(170)) - 719b1c3f-249c-457a-8743-b06328301a87@group-881FFCB406EE-FollowerState was interrupted
2024-11-30 15:01:24,229 [Thread-4126] INFO  server.GrpcServerProtocolClient (GrpcServerProtocolClient.java:close(105)) - 91a17cbe-1555-4f52-a9ac-e5caa7cc945b Close channels
2024-11-30 15:01:24,226 [719b1c3f-249c-457a-8743-b06328301a87@group-2D96A7EF0172->d57daabc-8d0b-4ea3-831e-cde13ca8d1d7-GrpcLogAppender-LogAppenderDaemon] WARN  server.GrpcLogAppender (GrpcLogAppender.java:mayWait(293)) - 719b1c3f-249c-457a-8743-b06328301a87@group-2D96A7EF0172->d57daabc-8d0b-4ea3-831e-cde13ca8d1d7-GrpcLogAppender: Wait interrupted by java.lang.InterruptedException
2024-11-30 15:01:24,230 [Thread-4127] INFO  server.GrpcServerProtocolClient (GrpcServerProtocolClient.java:close(105)) - af7ee296-5066-44e3-a94d-aaeda09020f2 Close channels
2024-11-30 15:01:24,230 [719b1c3f-249c-457a-8743-b06328301a87@group-563E99154595-StateMachineUpdater] INFO  ratis.ContainerStateMachine (ContainerStateMachine.java:takeSnapshot(378)) - group-563E99154595: Taking a snapshot at:(t:1, i:15) file /home/runner/work/ozone/ozone/hadoop-ozone/integration-test/target/test-dir/MiniOzoneClusterImpl-e985cbf7-8b64-4e7c-b64c-74e6afbb48f1/ozone-meta/datanode-1/ratis/30e54b79-c26a-4b32-b794-563e99154595/sm/snapshot.1_15
2024-11-30 15:01:24,230 [719b1c3f-249c-457a-8743-b06328301a87-impl-thread5] INFO  impl.StateMachineUpdater (StateMachineUpdater.java:stopAndJoin(164)) - 719b1c3f-249c-457a-8743-b06328301a87@group-563E99154595-StateMachineUpdater: set stopIndex = 15
2024-11-30 15:01:24,226 [719b1c3f-249c-457a-8743-b06328301a87-impl-thread3] INFO  impl.PendingRequests (PendingRequests.java:sendNotLeaderResponses(287)) - 719b1c3f-249c-457a-8743-b06328301a87@group-2D96A7EF0172-PendingRequests: sendNotLeaderResponses
2024-11-30 15:01:24,230 [719b1c3f-249c-457a-8743-b06328301a87@group-563E99154595-FollowerState] INFO  impl.FollowerState (FollowerState.java:runImpl(170)) - 719b1c3f-249c-457a-8743-b06328301a87@group-563E99154595-FollowerState was interrupted
2024-11-30 15:01:24,227 [719b1c3f-249c-457a-8743-b06328301a87@group-344BB3EB1159-StateMachineUpdater] INFO  impl.StateMachineUpdater (StateMachineUpdater.java:stop(141)) - 719b1c3f-249c-457a-8743-b06328301a87@group-344BB3EB1159-StateMachineUpdater: closing ContainerStateMachine, lastApplied=(t:1, i:0)
2024-11-30 15:01:24,231 [719b1c3f-249c-457a-8743-b06328301a87@group-344BB3EB1159-cacheEviction-AwaitToRun] INFO  util.AwaitToRun (AwaitToRun.java:run(49)) - 719b1c3f-249c-457a-8743-b06328301a87@group-344BB3EB1159-cacheEviction-AwaitToRun-AwaitForSignal is interrupted
2024-11-30 15:01:24,231 [719b1c3f-249c-457a-8743-b06328301a87@group-563E99154595-StateMachineUpdater] INFO  ratis.ContainerStateMachine (ContainerStateMachine.java:takeSnapshot(389)) - group-563E99154595: Finished taking a snapshot at:(t:1, i:15) file:/home/runner/work/ozone/ozone/hadoop-ozone/integration-test/target/test-dir/MiniOzoneClusterImpl-e985cbf7-8b64-4e7c-b64c-74e6afbb48f1/ozone-meta/datanode-1/ratis/30e54b79-c26a-4b32-b794-563e99154595/sm/snapshot.1_15 took: 1 ms
2024-11-30 15:01:24,231 [719b1c3f-249c-457a-8743-b06328301a87-impl-thread3] INFO  impl.StateMachineUpdater (StateMachineUpdater.java:stopAndJoin(164)) - 719b1c3f-249c-457a-8743-b06328301a87@group-2D96A7EF0172-StateMachineUpdater: set stopIndex = 0
2024-11-30 15:01:24,231 [719b1c3f-249c-457a-8743-b06328301a87@group-2D96A7EF0172-StateMachineUpdater] INFO  ratis.ContainerStateMachine (ContainerStateMachine.java:takeSnapshot(378)) - group-2D96A7EF0172: Taking a snapshot at:(t:1, i:0) file /home/runner/work/ozone/ozone/hadoop-ozone/integration-test/target/test-dir/MiniOzoneClusterImpl-e985cbf7-8b64-4e7c-b64c-74e6afbb48f1/ozone-meta/datanode-1/ratis/9db59abe-b990-4d0b-86b1-2d96a7ef0172/sm/snapshot.1_0
2024-11-30 15:01:24,231 [719b1c3f-249c-457a-8743-b06328301a87@group-563E99154595-StateMachineUpdater] INFO  impl.StateMachineUpdater (StateMachineUpdater.java:takeSnapshot(303)) - 719b1c3f-249c-457a-8743-b06328301a87@group-563E99154595-StateMachineUpdater: Took a snapshot at index 15
2024-11-30 15:01:24,231 [719b1c3f-249c-457a-8743-b06328301a87@group-563E99154595-StateMachineUpdater] INFO  impl.StateMachineUpdater (StateMachineUpdater.java:lambda$new$0(102)) - 719b1c3f-249c-457a-8743-b06328301a87@group-563E99154595-StateMachineUpdater: snapshotIndex: updateIncreasingly -1 -> 15
2024-11-30 15:01:24,231 [719b1c3f-249c-457a-8743-b06328301a87@group-563E99154595-StateMachineUpdater] INFO  impl.StateMachineUpdater (StateMachineUpdater.java:stop(141)) - 719b1c3f-249c-457a-8743-b06328301a87@group-563E99154595-StateMachineUpdater: closing ContainerStateMachine, lastApplied=(t:1, i:15)
2024-11-30 15:01:24,231 [719b1c3f-249c-457a-8743-b06328301a87@group-2D96A7EF0172-StateMachineUpdater] INFO  ratis.ContainerStateMachine (ContainerStateMachine.java:takeSnapshot(389)) - group-2D96A7EF0172: Finished taking a snapshot at:(t:1, i:0) file:/home/runner/work/ozone/ozone/hadoop-ozone/integration-test/target/test-dir/MiniOzoneClusterImpl-e985cbf7-8b64-4e7c-b64c-74e6afbb48f1/ozone-meta/datanode-1/ratis/9db59abe-b990-4d0b-86b1-2d96a7ef0172/sm/snapshot.1_0 took: 0 ms
2024-11-30 15:01:24,232 [719b1c3f-249c-457a-8743-b06328301a87@group-2D96A7EF0172-StateMachineUpdater] INFO  impl.StateMachineUpdater (StateMachineUpdater.java:takeSnapshot(303)) - 719b1c3f-249c-457a-8743-b06328301a87@group-2D96A7EF0172-StateMachineUpdater: Took a snapshot at index 0
2024-11-30 15:01:24,232 [719b1c3f-249c-457a-8743-b06328301a87@group-2D96A7EF0172-StateMachineUpdater] INFO  impl.StateMachineUpdater (StateMachineUpdater.java:lambda$new$0(102)) - 719b1c3f-249c-457a-8743-b06328301a87@group-2D96A7EF0172-StateMachineUpdater: snapshotIndex: updateIncreasingly -1 -> 0
2024-11-30 15:01:24,232 [719b1c3f-249c-457a-8743-b06328301a87@group-2D96A7EF0172-StateMachineUpdater] INFO  impl.StateMachineUpdater (StateMachineUpdater.java:stop(141)) - 719b1c3f-249c-457a-8743-b06328301a87@group-2D96A7EF0172-StateMachineUpdater: closing ContainerStateMachine, lastApplied=(t:1, i:0)
2024-11-30 15:01:24,235 [91a17cbe-1555-4f52-a9ac-e5caa7cc945b-NettyServerStreamRpc-bossGroup--thread1] INFO  logging.LoggingHandler (AbstractInternalLogger.java:log(148)) - [id: 0x1fca3f0a, L:/0.0.0.0:15210] CLOSE
2024-11-30 15:01:24,235 [91a17cbe-1555-4f52-a9ac-e5caa7cc945b-NettyServerStreamRpc-bossGroup--thread1] INFO  logging.LoggingHandler (AbstractInternalLogger.java:log(148)) - [id: 0x1fca3f0a, L:/0.0.0.0:15210] INACTIVE
2024-11-30 15:01:24,235 [91a17cbe-1555-4f52-a9ac-e5caa7cc945b-NettyServerStreamRpc-bossGroup--thread1] INFO  logging.LoggingHandler (AbstractInternalLogger.java:log(148)) - [id: 0x1fca3f0a, L:/0.0.0.0:15210] UNREGISTERED
2024-11-30 15:01:24,236 [719b1c3f-249c-457a-8743-b06328301a87@group-563E99154595-cacheEviction-AwaitToRun] INFO  util.AwaitToRun (AwaitToRun.java:run(49)) - 719b1c3f-249c-457a-8743-b06328301a87@group-563E99154595-cacheEviction-AwaitToRun-AwaitForSignal is interrupted
2024-11-30 15:01:24,236 [719b1c3f-249c-457a-8743-b06328301a87@group-2D96A7EF0172-cacheEviction-AwaitToRun] INFO  util.AwaitToRun (AwaitToRun.java:run(49)) - 719b1c3f-249c-457a-8743-b06328301a87@group-2D96A7EF0172-cacheEviction-AwaitToRun-AwaitForSignal is interrupted
2024-11-30 15:01:24,237 [Thread-4128] INFO  server.GrpcServerProtocolClient (GrpcServerProtocolClient.java:close(105)) - d57daabc-8d0b-4ea3-831e-cde13ca8d1d7 Close channels
2024-11-30 15:01:24,237 [ForkJoinPool.commonPool-worker-3] INFO  server.GrpcService (GrpcService.java:closeImpl(352)) - 719b1c3f-249c-457a-8743-b06328301a87: shutdown server GrpcServerProtocolService successfully
2024-11-30 15:01:24,254 [719b1c3f-249c-457a-8743-b06328301a87-NettyServerStreamRpc-bossGroup--thread1] INFO  logging.LoggingHandler (AbstractInternalLogger.java:log(148)) - [id: 0xc5484fe9, L:/0.0.0.0:15174] CLOSE
2024-11-30 15:01:24,254 [719b1c3f-249c-457a-8743-b06328301a87-NettyServerStreamRpc-bossGroup--thread1] INFO  logging.LoggingHandler (AbstractInternalLogger.java:log(148)) - [id: 0xc5484fe9, L:/0.0.0.0:15174] INACTIVE
2024-11-30 15:01:24,254 [719b1c3f-249c-457a-8743-b06328301a87-NettyServerStreamRpc-bossGroup--thread1] INFO  logging.LoggingHandler (AbstractInternalLogger.java:log(148)) - [id: 0xc5484fe9, L:/0.0.0.0:15174] UNREGISTERED
2024-11-30 15:01:24,270 [EventQueue-DeadNodeForDeadNodeHandler] INFO  node.DeadNodeHandler (DeadNodeHandler.java:onMessage(95)) - A dead datanode is detected. 719b1c3f-249c-457a-8743-b06328301a87(localhost/127.0.0.1)
2024-11-30 15:01:24,270 [EventQueue-DeadNodeForDeadNodeHandler] INFO  pipeline.RatisPipelineProvider (RatisPipelineProvider.java:lambda$close$4(270)) - Send pipeline:PipelineID=b61f8cd5-33e4-4110-b752-344bb3eb1159 close command to datanode 719b1c3f-249c-457a-8743-b06328301a87
2024-11-30 15:01:24,270 [EventQueue-DeadNodeForDeadNodeHandler] INFO  pipeline.PipelineManagerImpl (PipelineManagerImpl.java:removePipeline(459)) - Pipeline Pipeline[ Id: b61f8cd5-33e4-4110-b752-344bb3eb1159, Nodes: 719b1c3f-249c-457a-8743-b06328301a87(localhost/127.0.0.1) ReplicaIndex: 0, ReplicationConfig: RATIS/ONE, State:CLOSED, leaderId:719b1c3f-249c-457a-8743-b06328301a87, CreationTimestamp2024-11-30T15:01:00.153Z[Etc/UTC]] removed.
2024-11-30 15:01:24,271 [EventQueue-DeadNodeForDeadNodeHandler] INFO  node.DeadNodeHandler (DeadNodeHandler.java:onMessage(108)) - Clearing command queue of size 1 for DN 719b1c3f-249c-457a-8743-b06328301a87(localhost/127.0.0.1)
2024-11-30 15:01:24,271 [EventQueue-DeadNodeForDeadNodeHandler] INFO  net.NetworkTopologyImpl (NetworkTopologyImpl.java:remove(212)) - Removed a node: /default-rack/719b1c3f-249c-457a-8743-b06328301a87
2024-11-30 15:01:24,303 [719b1c3f-249c-457a-8743-b06328301a87-impl-thread2] INFO  segmented.SegmentedRaftLogWorker (SegmentedRaftLogWorker.java:close(252)) - 719b1c3f-249c-457a-8743-b06328301a87@group-344BB3EB1159-SegmentedRaftLogWorker close()
2024-11-30 15:01:24,303 [719b1c3f-249c-457a-8743-b06328301a87-impl-thread2] INFO  ratis.ContainerStateMachine (ContainerStateMachine.java:notifyServerShutdown(970)) - group-344BB3EB1159 is closed by HddsDatanodeService
2024-11-30 15:01:24,342 [91a17cbe-1555-4f52-a9ac-e5caa7cc945b-impl-thread1] INFO  segmented.SegmentedRaftLogWorker (SegmentedRaftLogWorker.java:close(252)) - 91a17cbe-1555-4f52-a9ac-e5caa7cc945b@group-61544B673A5F-SegmentedRaftLogWorker close()
2024-11-30 15:01:24,343 [91a17cbe-1555-4f52-a9ac-e5caa7cc945b-impl-thread1] INFO  ratis.ContainerStateMachine (ContainerStateMachine.java:notifyServerShutdown(970)) - group-61544B673A5F is closed by HddsDatanodeService
2024-11-30 15:01:24,370 [EventQueue-DeadNodeForDeadNodeHandler] INFO  node.DeadNodeHandler (DeadNodeHandler.java:onMessage(95)) - A dead datanode is detected. 91a17cbe-1555-4f52-a9ac-e5caa7cc945b(localhost/127.0.0.1)
2024-11-30 15:01:24,370 [EventQueue-DeadNodeForDeadNodeHandler] INFO  pipeline.RatisPipelineProvider (RatisPipelineProvider.java:lambda$close$4(270)) - Send pipeline:PipelineID=df58faac-ddc2-4fd5-ba26-61544b673a5f close command to datanode 91a17cbe-1555-4f52-a9ac-e5caa7cc945b
2024-11-30 15:01:24,371 [EventQueue-DeadNodeForDeadNodeHandler] INFO  pipeline.PipelineManagerImpl (PipelineManagerImpl.java:removePipeline(459)) - Pipeline Pipeline[ Id: df58faac-ddc2-4fd5-ba26-61544b673a5f, Nodes: 91a17cbe-1555-4f52-a9ac-e5caa7cc945b(localhost/127.0.0.1) ReplicaIndex: 0, ReplicationConfig: RATIS/ONE, State:CLOSED, leaderId:91a17cbe-1555-4f52-a9ac-e5caa7cc945b, CreationTimestamp2024-11-30T15:01:01.162Z[Etc/UTC]] removed.
2024-11-30 15:01:24,371 [EventQueue-DeadNodeForDeadNodeHandler] INFO  node.DeadNodeHandler (DeadNodeHandler.java:onMessage(108)) - Clearing command queue of size 1 for DN 91a17cbe-1555-4f52-a9ac-e5caa7cc945b(localhost/127.0.0.1)
2024-11-30 15:01:24,371 [EventQueue-DeadNodeForDeadNodeHandler] INFO  net.NetworkTopologyImpl (NetworkTopologyImpl.java:remove(212)) - Removed a node: /default-rack/91a17cbe-1555-4f52-a9ac-e5caa7cc945b
2024-11-30 15:01:24,392 [719b1c3f-249c-457a-8743-b06328301a87-impl-thread3] INFO  segmented.SegmentedRaftLogWorker (SegmentedRaftLogWorker.java:close(252)) - 719b1c3f-249c-457a-8743-b06328301a87@group-2D96A7EF0172-SegmentedRaftLogWorker close()
2024-11-30 15:01:24,393 [719b1c3f-249c-457a-8743-b06328301a87-impl-thread3] INFO  ratis.ContainerStateMachine (ContainerStateMachine.java:notifyServerShutdown(970)) - group-2D96A7EF0172 is closed by HddsDatanodeService
2024-11-30 15:01:24,400 [91a17cbe-1555-4f52-a9ac-e5caa7cc945b-impl-thread2] INFO  segmented.SegmentedRaftLogWorker (SegmentedRaftLogWorker.java:close(252)) - 91a17cbe-1555-4f52-a9ac-e5caa7cc945b@group-2D96A7EF0172-SegmentedRaftLogWorker close()
2024-11-30 15:01:24,400 [91a17cbe-1555-4f52-a9ac-e5caa7cc945b-impl-thread2] INFO  ratis.ContainerStateMachine (ContainerStateMachine.java:notifyServerShutdown(970)) - group-2D96A7EF0172 is closed by HddsDatanodeService
2024-11-30 15:01:24,400 [JvmPauseMonitor27] INFO  util.JvmPauseMonitor (JvmPauseMonitor.java:run(152)) - JvmPauseMonitor-91a17cbe-1555-4f52-a9ac-e5caa7cc945b: Stopped
2024-11-30 15:01:24,466 [719b1c3f-249c-457a-8743-b06328301a87-impl-thread4] INFO  segmented.SegmentedRaftLogWorker (SegmentedRaftLogWorker.java:close(252)) - 719b1c3f-249c-457a-8743-b06328301a87@group-881FFCB406EE-SegmentedRaftLogWorker close()
2024-11-30 15:01:24,466 [719b1c3f-249c-457a-8743-b06328301a87-impl-thread4] INFO  ratis.ContainerStateMachine (ContainerStateMachine.java:notifyServerShutdown(970)) - group-881FFCB406EE is closed by HddsDatanodeService
2024-11-30 15:01:24,613 [719b1c3f-249c-457a-8743-b06328301a87-impl-thread1] INFO  segmented.SegmentedRaftLogWorker (SegmentedRaftLogWorker.java:close(252)) - 719b1c3f-249c-457a-8743-b06328301a87@group-006F4FFF65FD-SegmentedRaftLogWorker close()
2024-11-30 15:01:24,614 [719b1c3f-249c-457a-8743-b06328301a87-impl-thread1] INFO  ratis.ContainerStateMachine (ContainerStateMachine.java:notifyServerShutdown(970)) - group-006F4FFF65FD is closed by HddsDatanodeService
2024-11-30 15:01:25,171 [EventQueue-DeadNodeForDeadNodeHandler] INFO  node.DeadNodeHandler (DeadNodeHandler.java:onMessage(95)) - A dead datanode is detected. dd630ec0-84d9-4473-8f61-cbcf66d1795a(localhost/127.0.0.1)
2024-11-30 15:01:25,171 [EventQueue-DeadNodeForDeadNodeHandler] INFO  pipeline.RatisPipelineProvider (RatisPipelineProvider.java:lambda$close$4(270)) - Send pipeline:PipelineID=262bd9ab-35b4-4ba0-8e39-4ad3eb28e0d6 close command to datanode dd630ec0-84d9-4473-8f61-cbcf66d1795a
2024-11-30 15:01:25,171 [EventQueue-DeadNodeForDeadNodeHandler] INFO  pipeline.PipelineManagerImpl (PipelineManagerImpl.java:removePipeline(459)) - Pipeline Pipeline[ Id: 262bd9ab-35b4-4ba0-8e39-4ad3eb28e0d6, Nodes: dd630ec0-84d9-4473-8f61-cbcf66d1795a(localhost/127.0.0.1) ReplicaIndex: 0, ReplicationConfig: RATIS/ONE, State:CLOSED, leaderId:dd630ec0-84d9-4473-8f61-cbcf66d1795a, CreationTimestamp2024-11-30T15:01:00.913Z[Etc/UTC]] removed.
2024-11-30 15:01:25,171 [EventQueue-DeadNodeForDeadNodeHandler] INFO  node.DeadNodeHandler (DeadNodeHandler.java:onMessage(108)) - Clearing command queue of size 1 for DN dd630ec0-84d9-4473-8f61-cbcf66d1795a(localhost/127.0.0.1)
2024-11-30 15:01:25,171 [EventQueue-DeadNodeForDeadNodeHandler] INFO  net.NetworkTopologyImpl (NetworkTopologyImpl.java:remove(212)) - Removed a node: /default-rack/dd630ec0-84d9-4473-8f61-cbcf66d1795a
2024-11-30 15:01:25,217 [719b1c3f-249c-457a-8743-b06328301a87-impl-thread5] INFO  segmented.SegmentedRaftLogWorker (SegmentedRaftLogWorker.java:close(252)) - 719b1c3f-249c-457a-8743-b06328301a87@group-563E99154595-SegmentedRaftLogWorker close()
2024-11-30 15:01:25,217 [719b1c3f-249c-457a-8743-b06328301a87-impl-thread5] INFO  ratis.ContainerStateMachine (ContainerStateMachine.java:notifyServerShutdown(970)) - group-563E99154595 is closed by HddsDatanodeService
2024-11-30 15:01:25,217 [JvmPauseMonitor23] INFO  util.JvmPauseMonitor (JvmPauseMonitor.java:run(152)) - JvmPauseMonitor-719b1c3f-249c-457a-8743-b06328301a87: Stopped
2024-11-30 15:01:25,347 [timer5] WARN  server.GrpcLogAppender (GrpcLogAppender.java:lambda$resetClient$1(221)) - 719b1c3f-249c-457a-8743-b06328301a87@group-563E99154595->d57daabc-8d0b-4ea3-831e-cde13ca8d1d7-GrpcLogAppender: Follower failed (request=null, errorCount=14); keep nextIndex (17) unchanged and retry. (Repeated 2 times in the last 5.000s)
2024-11-30 15:01:26,403 [main] INFO  utils.DatanodeStoreCache (DatanodeStoreCache.java:shutdownCache(116)) - Skip clearing cache in mini cluster mode. Entries left: [/home/runner/work/ozone/ozone/hadoop-ozone/integration-test/target/test-dir/MiniOzoneClusterImpl-e985cbf7-8b64-4e7c-b64c-74e6afbb48f1/ozone-meta/datanode-1/data-0/hdds/e985cbf7-8b64-4e7c-b64c-74e6afbb48f1/DS-00b32262-9e0c-4468-abfb-961f380f6861/container.db, /home/runner/work/ozone/ozone/hadoop-ozone/integration-test/target/test-dir/MiniOzoneClusterImpl-e985cbf7-8b64-4e7c-b64c-74e6afbb48f1/ozone-meta/datanode-5/data-0/hdds/e985cbf7-8b64-4e7c-b64c-74e6afbb48f1/DS-9cc604fc-affe-4e90-884a-9d3ed86ab0be/container.db]
2024-11-30 15:01:26,404 [main] INFO  utils.DatanodeStoreCache (DatanodeStoreCache.java:removeDB(110)) - Removed db /home/runner/work/ozone/ozone/hadoop-ozone/integration-test/target/test-dir/MiniOzoneClusterImpl-e985cbf7-8b64-4e7c-b64c-74e6afbb48f1/ozone-meta/datanode-5/data-0/hdds/e985cbf7-8b64-4e7c-b64c-74e6afbb48f1/DS-9cc604fc-affe-4e90-884a-9d3ed86ab0be/container.db from cache
2024-11-30 15:01:26,404 [main] INFO  volume.HddsVolume (HddsVolume.java:closeDbStore(480)) - SchemaV3 db is stopped at /home/runner/work/ozone/ozone/hadoop-ozone/integration-test/target/test-dir/MiniOzoneClusterImpl-e985cbf7-8b64-4e7c-b64c-74e6afbb48f1/ozone-meta/datanode-5/data-0/hdds/e985cbf7-8b64-4e7c-b64c-74e6afbb48f1/DS-9cc604fc-affe-4e90-884a-9d3ed86ab0be/container.db for volume DS-9cc604fc-affe-4e90-884a-9d3ed86ab0be
2024-11-30 15:01:26,404 [main] INFO  utils.BackgroundService (BackgroundService.java:shutdown(163)) - Shutting down service BlockDeletingService
2024-11-30 15:01:26,405 [main] INFO  utils.BackgroundService (BackgroundService.java:shutdown(163)) - Shutting down service StaleRecoveringContainerScrubbingService
2024-11-30 15:01:26,406 [main] INFO  statemachine.DatanodeStateMachine (DatanodeStateMachine.java:stopDaemon(626)) - Ozone container server stopped.
2024-11-30 15:01:26,419 [main] INFO  handler.ContextHandler (ContextHandler.java:doStop(1159)) - Stopped o.e.j.w.WebAppContext@62cf74d8{hddsDatanode,/,null,STOPPED}{jar:file:/home/runner/work/ozone/ozone/hadoop-hdds/container-service/target/hdds-container-service-2.0.0-SNAPSHOT.jar!/webapps/hddsDatanode}
2024-11-30 15:01:26,420 [main] INFO  server.AbstractConnector (AbstractConnector.java:doStop(383)) - Stopped ServerConnector@3236e8bc{HTTP/1.1, (http/1.1)}{0.0.0.0:15204}
2024-11-30 15:01:26,420 [main] INFO  server.session (HouseKeeper.java:stopScavenging(149)) - node0 Stopped scavenging
2024-11-30 15:01:26,420 [main] INFO  handler.ContextHandler (ContextHandler.java:doStop(1159)) - Stopped o.e.j.s.ServletContextHandler@109009dc{static,/static,jar:file:/home/runner/work/ozone/ozone/hadoop-hdds/container-service/target/hdds-container-service-2.0.0-SNAPSHOT.jar!/webapps/static,STOPPED}
2024-11-30 15:01:26,421 [main] INFO  handler.ContextHandler (ContextHandler.java:doStop(1159)) - Stopped o.e.j.s.ServletContextHandler@540d6a81{logs,/logs,file:///home/runner/work/ozone/ozone/hadoop-ozone/integration-test/target/log,STOPPED}
2024-11-30 15:01:26,421 [main] INFO  ozone.HddsDatanodeClientProtocolServer (HddsDatanodeClientProtocolServer.java:stop(85)) - Stopping the RPC server for Client Protocol
2024-11-30 15:01:26,422 [main] INFO  ipc.Server (Server.java:stop(3697)) - Stopping server on 15205
2024-11-30 15:01:26,423 [IPC Server listener on 15205] INFO  ipc.Server (Server.java:run(1585)) - Stopping IPC Server listener on 15205
2024-11-30 15:01:26,423 [IPC Server Responder] INFO  ipc.Server (Server.java:run(1718)) - Stopping IPC Server Responder
2024-11-30 15:01:27,220 [ForkJoinPool.commonPool-worker-3] INFO  utils.DatanodeStoreCache (DatanodeStoreCache.java:shutdownCache(116)) - Skip clearing cache in mini cluster mode. Entries left: [/home/runner/work/ozone/ozone/hadoop-ozone/integration-test/target/test-dir/MiniOzoneClusterImpl-e985cbf7-8b64-4e7c-b64c-74e6afbb48f1/ozone-meta/datanode-1/data-0/hdds/e985cbf7-8b64-4e7c-b64c-74e6afbb48f1/DS-00b32262-9e0c-4468-abfb-961f380f6861/container.db]
2024-11-30 15:01:27,221 [ForkJoinPool.commonPool-worker-3] INFO  utils.DatanodeStoreCache (DatanodeStoreCache.java:removeDB(110)) - Removed db /home/runner/work/ozone/ozone/hadoop-ozone/integration-test/target/test-dir/MiniOzoneClusterImpl-e985cbf7-8b64-4e7c-b64c-74e6afbb48f1/ozone-meta/datanode-1/data-0/hdds/e985cbf7-8b64-4e7c-b64c-74e6afbb48f1/DS-00b32262-9e0c-4468-abfb-961f380f6861/container.db from cache
2024-11-30 15:01:27,221 [ForkJoinPool.commonPool-worker-3] INFO  volume.HddsVolume (HddsVolume.java:closeDbStore(480)) - SchemaV3 db is stopped at /home/runner/work/ozone/ozone/hadoop-ozone/integration-test/target/test-dir/MiniOzoneClusterImpl-e985cbf7-8b64-4e7c-b64c-74e6afbb48f1/ozone-meta/datanode-1/data-0/hdds/e985cbf7-8b64-4e7c-b64c-74e6afbb48f1/DS-00b32262-9e0c-4468-abfb-961f380f6861/container.db for volume DS-00b32262-9e0c-4468-abfb-961f380f6861
2024-11-30 15:01:27,221 [ForkJoinPool.commonPool-worker-3] INFO  utils.BackgroundService (BackgroundService.java:shutdown(163)) - Shutting down service BlockDeletingService
2024-11-30 15:01:27,221 [ForkJoinPool.commonPool-worker-3] INFO  utils.BackgroundService (BackgroundService.java:shutdown(163)) - Shutting down service StaleRecoveringContainerScrubbingService
2024-11-30 15:01:27,222 [ForkJoinPool.commonPool-worker-3] INFO  statemachine.DatanodeStateMachine (DatanodeStateMachine.java:stopDaemon(626)) - Ozone container server stopped.
2024-11-30 15:01:27,236 [ForkJoinPool.commonPool-worker-3] INFO  handler.ContextHandler (ContextHandler.java:doStop(1159)) - Stopped o.e.j.w.WebAppContext@3a5d4375{hddsDatanode,/,null,STOPPED}{jar:file:/home/runner/work/ozone/ozone/hadoop-hdds/container-service/target/hdds-container-service-2.0.0-SNAPSHOT.jar!/webapps/hddsDatanode}
2024-11-30 15:01:27,236 [ForkJoinPool.commonPool-worker-3] INFO  server.AbstractConnector (AbstractConnector.java:doStop(383)) - Stopped ServerConnector@226dfffd{HTTP/1.1, (http/1.1)}{0.0.0.0:15168}
2024-11-30 15:01:27,236 [ForkJoinPool.commonPool-worker-3] INFO  server.session (HouseKeeper.java:stopScavenging(149)) - node0 Stopped scavenging
2024-11-30 15:01:27,236 [ForkJoinPool.commonPool-worker-3] INFO  handler.ContextHandler (ContextHandler.java:doStop(1159)) - Stopped o.e.j.s.ServletContextHandler@298e6a00{static,/static,jar:file:/home/runner/work/ozone/ozone/hadoop-hdds/container-service/target/hdds-container-service-2.0.0-SNAPSHOT.jar!/webapps/static,STOPPED}
2024-11-30 15:01:27,237 [ForkJoinPool.commonPool-worker-3] INFO  handler.ContextHandler (ContextHandler.java:doStop(1159)) - Stopped o.e.j.s.ServletContextHandler@6ad05fb1{logs,/logs,file:///home/runner/work/ozone/ozone/hadoop-ozone/integration-test/target/log,STOPPED}
2024-11-30 15:01:27,237 [ForkJoinPool.commonPool-worker-3] INFO  ozone.HddsDatanodeClientProtocolServer (HddsDatanodeClientProtocolServer.java:stop(85)) - Stopping the RPC server for Client Protocol
2024-11-30 15:01:27,237 [ForkJoinPool.commonPool-worker-3] INFO  ipc.Server (Server.java:stop(3697)) - Stopping server on 15169
2024-11-30 15:01:27,238 [IPC Server listener on 15169] INFO  ipc.Server (Server.java:run(1585)) - Stopping IPC Server listener on 15169
2024-11-30 15:01:27,239 [IPC Server Responder] INFO  ipc.Server (Server.java:run(1718)) - Stopping IPC Server Responder
2024-11-30 15:01:27,240 [main] INFO  ozone.MiniOzoneClusterImpl (MiniOzoneClusterImpl.java:stopSCM(592)) - Stopping the StorageContainerManager
2024-11-30 15:01:27,240 [main] INFO  server.StorageContainerManager (StorageContainerManager.java:stop(1653)) - Container Balancer is not running.
2024-11-30 15:01:27,240 [main] INFO  server.StorageContainerManager (StorageContainerManager.java:stopReplicationManager(1791)) - Stopping Replication Manager Service.
2024-11-30 15:01:27,240 [main] INFO  replication.ReplicationManager (ReplicationManager.java:stop(329)) - Stopping Replication Monitor Thread.
2024-11-30 15:01:27,240 [main] INFO  server.StorageContainerManager (StorageContainerManager.java:stop(1662)) - Stopping the Datanode Admin Monitor.
2024-11-30 15:01:27,240 [main] INFO  server.StorageContainerManager (StorageContainerManager.java:stop(1669)) - Stopping datanode service RPC server
2024-11-30 15:01:27,240 [main] INFO  server.SCMDatanodeProtocolServer (SCMDatanodeProtocolServer.java:stop(430)) - Stopping the RPC server for DataNodes
2024-11-30 15:01:27,240 [main] INFO  ipc.Server (Server.java:stop(3697)) - Stopping server on 15161
2024-11-30 15:01:27,240 [UnderReplicatedProcessor] WARN  replication.UnhealthyReplicationProcessor (UnhealthyReplicationProcessor.java:run(180)) - UnderReplicatedProcessor interrupted. Exiting...
2024-11-30 15:01:27,240 [OverReplicatedProcessor] WARN  replication.UnhealthyReplicationProcessor (UnhealthyReplicationProcessor.java:run(180)) - OverReplicatedProcessor interrupted. Exiting...
2024-11-30 15:01:27,240 [ReplicationMonitor] INFO  replication.ReplicationManager (ReplicationManager.java:run(938)) - Replication Monitor Thread is stopped
2024-11-30 15:01:27,245 [IPC Server listener on 15161] INFO  ipc.Server (Server.java:run(1585)) - Stopping IPC Server listener on 15161
2024-11-30 15:01:27,245 [IPC Server Responder] INFO  ipc.Server (Server.java:run(1718)) - Stopping IPC Server Responder
2024-11-30 15:01:27,272 [SCMHeartbeatProcessor-0] WARN  node.NodeStateManager (NodeStateManager.java:scheduleNextHealthCheck(935)) - Current Thread is interrupted, shutting down HB processing thread for Node Manager.
2024-11-30 15:01:27,273 [main] INFO  server.StorageContainerManager (StorageContainerManager.java:stop(1677)) - Stopping block service RPC server
2024-11-30 15:01:27,273 [main] INFO  server.SCMBlockProtocolServer (SCMBlockProtocolServer.java:stop(181)) - Stopping the RPC server for Block Protocol
2024-11-30 15:01:27,273 [main] INFO  ipc.Server (Server.java:stop(3697)) - Stopping server on 15160
2024-11-30 15:01:27,275 [IPC Server Responder] INFO  ipc.Server (Server.java:run(1718)) - Stopping IPC Server Responder
2024-11-30 15:01:27,275 [IPC Server listener on 15160] INFO  ipc.Server (Server.java:run(1585)) - Stopping IPC Server listener on 15160
2024-11-30 15:01:27,275 [main] INFO  server.StorageContainerManager (StorageContainerManager.java:stop(1684)) - Stopping the StorageContainerLocationProtocol RPC server
2024-11-30 15:01:27,276 [main] INFO  server.SCMClientProtocolServer (SCMClientProtocolServer.java:stop(224)) - Stopping the RPC server for Client Protocol
2024-11-30 15:01:27,276 [main] INFO  ipc.Server (Server.java:stop(3697)) - Stopping server on 15159
2024-11-30 15:01:27,279 [IPC Server listener on 15159] INFO  ipc.Server (Server.java:run(1585)) - Stopping IPC Server listener on 15159
2024-11-30 15:01:27,279 [IPC Server Responder] INFO  ipc.Server (Server.java:run(1718)) - Stopping IPC Server Responder
2024-11-30 15:01:27,280 [main] INFO  server.StorageContainerManager (StorageContainerManager.java:stop(1691)) - Stopping Storage Container Manager HTTP server.
2024-11-30 15:01:27,281 [main] INFO  handler.ContextHandler (ContextHandler.java:doStop(1159)) - Stopped o.e.j.w.WebAppContext@3af6c942{scm,/,null,STOPPED}{file:/home/runner/work/ozone/ozone/hadoop-ozone/integration-test/target/test-classes/webapps/scm}
2024-11-30 15:01:27,281 [main] INFO  server.AbstractConnector (AbstractConnector.java:doStop(383)) - Stopped ServerConnector@7676963{HTTP/1.1, (http/1.1)}{0.0.0.0:15162}
2024-11-30 15:01:27,282 [main] INFO  server.session (HouseKeeper.java:stopScavenging(149)) - node0 Stopped scavenging
2024-11-30 15:01:27,282 [main] INFO  handler.ContextHandler (ContextHandler.java:doStop(1159)) - Stopped o.e.j.s.ServletContextHandler@18c8cb7d{static,/static,file:///home/runner/work/ozone/ozone/hadoop-ozone/integration-test/target/test-classes/webapps/static,STOPPED}
2024-11-30 15:01:27,283 [main] INFO  handler.ContextHandler (ContextHandler.java:doStop(1159)) - Stopped o.e.j.s.ServletContextHandler@36cba188{logs,/logs,file:///home/runner/work/ozone/ozone/hadoop-ozone/integration-test/target/log,STOPPED}
2024-11-30 15:01:27,283 [main] INFO  server.StorageContainerManager (StorageContainerManager.java:stop(1699)) - Stopping SCM LayoutVersionManager Service.
2024-11-30 15:01:27,284 [main] INFO  server.StorageContainerManager (StorageContainerManager.java:stop(1711)) - Stopping Block Manager Service.
2024-11-30 15:01:27,284 [main] INFO  utils.BackgroundService (BackgroundService.java:shutdown(163)) - Shutting down service SCMBlockDeletingService
2024-11-30 15:01:27,284 [main] INFO  utils.BackgroundService (BackgroundService.java:shutdown(163)) - Shutting down service SCMBlockDeletingService
2024-11-30 15:01:27,284 [main] INFO  server.StorageContainerManager (StorageContainerManager.java:stop(1736)) - Stopping SCM Event Queue.
2024-11-30 15:01:27,285 [JvmPauseMonitor21] INFO  util.JvmPauseMonitor (JvmPauseMonitor.java:run(152)) - JvmPauseMonitor-316957c7-4bf4-41d2-8597-4ca2b1ec75c1: Stopped
2024-11-30 15:01:27,285 [main] INFO  server.StorageContainerManager (StorageContainerManager.java:stop(1747)) - Stopping SCM HA services.
2024-11-30 15:01:27,285 [main] INFO  pipeline.BackgroundPipelineCreator (BackgroundPipelineCreator.java:stop(152)) - Stopping RatisPipelineUtilsThread.
2024-11-30 15:01:27,286 [RatisPipelineUtilsThread-0] WARN  pipeline.BackgroundPipelineCreator (BackgroundPipelineCreator.java:run(183)) - RatisPipelineUtilsThread is interrupted.
2024-11-30 15:01:27,286 [BackgroundPipelineScrubber] WARN  BackgroundPipelineScrubber (BackgroundSCMService.java:run(112)) - BackgroundPipelineScrubber is interrupted, exit
2024-11-30 15:01:27,286 [main] INFO  BackgroundPipelineScrubber (BackgroundSCMService.java:stop(128)) - Stopping BackgroundPipelineScrubber Service.
2024-11-30 15:01:27,287 [main] INFO  impl.MetricsSystemImpl (MetricsSystemImpl.java:stop(210)) - Stopping HddsDatanode metrics system...
2024-11-30 15:01:27,289 [prometheus] INFO  impl.MetricsSinkAdapter (MetricsSinkAdapter.java:publishMetricsFromQueue(141)) - prometheus thread interrupted.
2024-11-30 15:01:27,289 [main] INFO  impl.MetricsSystemImpl (MetricsSystemImpl.java:stop(216)) - HddsDatanode metrics system stopped.
2024-11-30 15:01:27,290 [main] WARN  pipeline.BackgroundPipelineCreator (BackgroundPipelineCreator.java:stop(148)) - RatisPipelineUtilsThread is not running, just ignore.
2024-11-30 15:01:27,290 [main] INFO  BackgroundPipelineScrubber (BackgroundSCMService.java:stop(123)) - BackgroundPipelineScrubber Service is not running, skip stop.
2024-11-30 15:01:27,290 [main] INFO  ExpiredContainerReplicaOpScrubber (BackgroundSCMService.java:stop(128)) - Stopping ExpiredContainerReplicaOpScrubber Service.
2024-11-30 15:01:27,290 [ExpiredContainerReplicaOpScrubber] WARN  ExpiredContainerReplicaOpScrubber (BackgroundSCMService.java:run(112)) - ExpiredContainerReplicaOpScrubber is interrupted, exit
2024-11-30 15:01:27,290 [main] INFO  utils.BackgroundService (BackgroundService.java:shutdown(163)) - Shutting down service SCMBlockDeletingService
2024-11-30 15:01:27,290 [main] INFO  replication.ReplicationManager (ReplicationManager.java:stop(339)) - Replication Monitor Thread is not running.
2024-11-30 15:01:27,291 [main] WARN  balancer.ContainerBalancer (ContainerBalancer.java:stop(351)) - Cannot stop Container Balancer because it's not running or stopping
2024-11-30 15:01:27,291 [main] INFO  server.StorageContainerManager (StorageContainerManager.java:stop(1782)) - Stopping SCM MetadataStore.
]]></system-out>
  </testcase>
  <testcase name="testDatanodeFailureWithPreAllocation(boolean, boolean)[1]" classname="org.apache.hadoop.ozone.client.rpc.TestBlockOutputStreamWithFailures" time="66.333"/>
  <testcase name="testDatanodeFailureWithPreAllocation(boolean, boolean)[2]" classname="org.apache.hadoop.ozone.client.rpc.TestBlockOutputStreamWithFailures" time="66.071"/>
  <testcase name="testDatanodeFailureWithPreAllocation(boolean, boolean)[3]" classname="org.apache.hadoop.ozone.client.rpc.TestBlockOutputStreamWithFailures" time="61.868"/>
  <testcase name="testDatanodeFailureWithPreAllocation(boolean, boolean)[4]" classname="org.apache.hadoop.ozone.client.rpc.TestBlockOutputStreamWithFailures" time="75.114"/>
  <testcase name="testContainerClose(boolean, boolean)[1]" classname="org.apache.hadoop.ozone.client.rpc.TestBlockOutputStreamWithFailures" time="33.06"/>
  <testcase name="testContainerClose(boolean, boolean)[2]" classname="org.apache.hadoop.ozone.client.rpc.TestBlockOutputStreamWithFailures" time="33.036"/>
  <testcase name="testContainerClose(boolean, boolean)[3]" classname="org.apache.hadoop.ozone.client.rpc.TestBlockOutputStreamWithFailures" time="33.482"/>
  <testcase name="testContainerClose(boolean, boolean)[4]" classname="org.apache.hadoop.ozone.client.rpc.TestBlockOutputStreamWithFailures" time="32.637"/>
</testsuite>